<?xml version="1.0" encoding="UTF-8"?>
<testsuite name="de.tum.cit.aet.artemis.modeling.apollon.ApollonDiagramResourceIntegrationTest" tests="16" skipped="0" failures="0" errors="0" timestamp="2025-02-14T23:47:06" hostname="fv-az1721-502" time="0.782">
  <properties/>
  <testcase name="testUpdateApollonDiagram_AccessForbidden()" classname="de.tum.cit.aet.artemis.modeling.apollon.ApollonDiagramResourceIntegrationTest" time="0.039"/>
  <testcase name="testUpdateApollonDiagram_OK()" classname="de.tum.cit.aet.artemis.modeling.apollon.ApollonDiagramResourceIntegrationTest" time="0.048"/>
  <testcase name="testGetApollonDiagram_AccessForbidden()" classname="de.tum.cit.aet.artemis.modeling.apollon.ApollonDiagramResourceIntegrationTest" time="0.056"/>
  <testcase name="testGetDiagramTitleAsInstructor()" classname="de.tum.cit.aet.artemis.modeling.apollon.ApollonDiagramResourceIntegrationTest" time="0.089"/>
  <testcase name="testUpdateApollonDiagram_CREATED()" classname="de.tum.cit.aet.artemis.modeling.apollon.ApollonDiagramResourceIntegrationTest" time="0.041"/>
  <testcase name="testGetDiagramTitleAsTeachingAssistant()" classname="de.tum.cit.aet.artemis.modeling.apollon.ApollonDiagramResourceIntegrationTest" time="0.038"/>
  <testcase name="testGetDiagramTitleAsUser()" classname="de.tum.cit.aet.artemis.modeling.apollon.ApollonDiagramResourceIntegrationTest" time="0.049"/>
  <testcase name="testGetApollonDiagram()" classname="de.tum.cit.aet.artemis.modeling.apollon.ApollonDiagramResourceIntegrationTest" time="0.068"/>
  <testcase name="testGetDiagramsByCourse_AccessForbidden()" classname="de.tum.cit.aet.artemis.modeling.apollon.ApollonDiagramResourceIntegrationTest" time="0.042"/>
  <testcase name="testDeleteApollonDiagram()" classname="de.tum.cit.aet.artemis.modeling.apollon.ApollonDiagramResourceIntegrationTest" time="0.039"/>
  <testcase name="testCreateApollonDiagram_BAD_REQUEST()" classname="de.tum.cit.aet.artemis.modeling.apollon.ApollonDiagramResourceIntegrationTest" time="0.038"/>
  <testcase name="testDeleteApollonDiagram_AccessForbidden()" classname="de.tum.cit.aet.artemis.modeling.apollon.ApollonDiagramResourceIntegrationTest" time="0.039"/>
  <testcase name="testGetDiagramTitleForNonExistingDiagram()" classname="de.tum.cit.aet.artemis.modeling.apollon.ApollonDiagramResourceIntegrationTest" time="0.036"/>
  <testcase name="testCreateApollonDiagram_CREATED()" classname="de.tum.cit.aet.artemis.modeling.apollon.ApollonDiagramResourceIntegrationTest" time="0.04"/>
  <testcase name="testCreateApollonDiagram_AccessForbidden()" classname="de.tum.cit.aet.artemis.modeling.apollon.ApollonDiagramResourceIntegrationTest" time="0.04"/>
  <testcase name="testGetDiagramsByCourse()" classname="de.tum.cit.aet.artemis.modeling.apollon.ApollonDiagramResourceIntegrationTest" time="0.05"/>
  <system-out><![CDATA[
Starting logs for ApollonDiagramResourceIntegrationTest

  Starting logs for ApollonDiagramResourceIntegrationTest > testUpdateApollonDiagram_AccessForbidden()
    23:47:06.358 | 431 ool-1-worker-195 | DEBUG | d.t.c.a.a.c.u.util.UserUtilService   : Generate 1 students...
    23:47:06.361 | 431 ool-1-worker-195 | DEBUG | d.t.c.a.a.c.u.util.UserUtilService   : 1 students generated. Generate 1 tutors...
    23:47:06.362 | 431 ool-1-worker-195 | DEBUG | d.t.c.a.a.c.u.util.UserUtilService   : 1 tutors generated. Generate 0 editors...
    23:47:06.364 | 431 ool-1-worker-195 | DEBUG | d.t.c.a.a.c.u.util.UserUtilService   : 0 editors generated. Generate 1 instructors...
    23:47:06.366 | 431 ool-1-worker-195 | DEBUG | d.t.c.a.a.c.u.util.UserUtilService   : 1 instructors generated
    23:47:06.368 | 431 ool-1-worker-195 | DEBUG | d.t.c.a.a.c.u.util.UserUtilService   : Removing 3 users from all courses...
    23:47:06.369 | 431 ool-1-worker-195 | DEBUG | d.t.c.a.a.c.u.util.UserUtilService   : Removing 3 users from all courses. Done
    23:47:06.369 | 431 ool-1-worker-195 | DEBUG | d.t.c.a.a.c.u.util.UserUtilService   : Save 3 users to database...
    23:47:06.371 | 431 ool-1-worker-195 | DEBUG | d.t.c.a.a.c.u.util.UserUtilService   : Save 3 users to database. Done
    23:47:06.374 | 431 ool-1-worker-195 | INFO  | i.z.t.d.l.EmbeddedDatabaseReporter   : JDBC URL to connect to 'dataSource': url='jdbc:h2:tcp://localhost:41063/mem:df70fc46-7e57-4cb5-9cd0-c1d90c14afa7;USER=sa', scope='ApollonDiagramResourceIntegrationTest#testUpdateApollonDiagram_AccessForbidden'
    23:47:06.377 | 431 ool-1-worker-195 | DEBUG | d.t.c.a.a.c.s.f.ApiVersionFilter     : Adding Version to Request PUT /api/course/2331/apollon-diagrams
    23:47:06.379 | 431 ool-1-worker-195 | DEBUG | d.t.c.a.a.m.w.ApollonDiagramResource : REST request to update ApollonDiagram : ApollonDiagram{id=2, title='updated title', jsonRepresentation='null'}
    23:47:06.382 | 431 ool-1-worker-195 | WARN  | o.z.p.spring.common.AdviceTraits     : Forbidden: You are not allowed to access the Course with id 2331
    23:47:06.384 | 431 ool-1-worker-195 | INFO  | .c.a.a.c.s.TitleCacheEvictionService : Evicted entry '2' from title cache 'diagramTitle'

  Starting logs for ApollonDiagramResourceIntegrationTest > testUpdateApollonDiagram_OK()
    23:47:06.399 | 431 ool-1-worker-195 | DEBUG | d.t.c.a.a.c.u.util.UserUtilService   : Generate 1 students...
    23:47:06.402 | 431 ool-1-worker-195 | DEBUG | d.t.c.a.a.c.u.util.UserUtilService   : 1 students generated. Generate 1 tutors...
    23:47:06.405 | 431 ool-1-worker-195 | DEBUG | d.t.c.a.a.c.u.util.UserUtilService   : 1 tutors generated. Generate 0 editors...
    23:47:06.406 | 431 ool-1-worker-195 | DEBUG | d.t.c.a.a.c.u.util.UserUtilService   : 0 editors generated. Generate 1 instructors...
    23:47:06.409 | 431 ool-1-worker-195 | DEBUG | d.t.c.a.a.c.u.util.UserUtilService   : 1 instructors generated
    23:47:06.411 | 431 ool-1-worker-195 | DEBUG | d.t.c.a.a.c.u.util.UserUtilService   : Removing 3 users from all courses...
    23:47:06.411 | 431 ool-1-worker-195 | DEBUG | d.t.c.a.a.c.u.util.UserUtilService   : Removing 3 users from all courses. Done
    23:47:06.411 | 431 ool-1-worker-195 | DEBUG | d.t.c.a.a.c.u.util.UserUtilService   : Save 3 users to database...
    23:47:06.418 | 431 ool-1-worker-195 | DEBUG | d.t.c.a.a.c.u.util.UserUtilService   : Save 3 users to database. Done
    23:47:06.427 | 431 ool-1-worker-195 | INFO  | i.z.t.d.l.EmbeddedDatabaseReporter   : JDBC URL to connect to 'dataSource': url='jdbc:h2:tcp://localhost:41063/mem:df70fc46-7e57-4cb5-9cd0-c1d90c14afa7;USER=sa', scope='ApollonDiagramResourceIntegrationTest#testUpdateApollonDiagram_OK'
    23:47:06.428 | 431 ool-1-worker-195 | DEBUG | d.t.c.a.a.c.s.f.ApiVersionFilter     : Adding Version to Request PUT /api/course/2333/apollon-diagrams
    23:47:06.429 | 431 ool-1-worker-195 | DEBUG | d.t.c.a.a.m.w.ApollonDiagramResource : REST request to update ApollonDiagram : ApollonDiagram{id=3, title='updated title', jsonRepresentation='null'}
    23:47:06.431 | 431 ool-1-worker-195 | INFO  | .c.a.a.c.s.TitleCacheEvictionService : Evicted entry '3' from title cache 'diagramTitle'
    23:47:06.433 | 431 ool-1-worker-195 | INFO  | .c.a.a.c.s.TitleCacheEvictionService : Evicted entry '3' from title cache 'diagramTitle'

  Starting logs for ApollonDiagramResourceIntegrationTest > testGetApollonDiagram_AccessForbidden()
    23:47:06.447 | 431 ool-1-worker-195 | DEBUG | d.t.c.a.a.c.u.util.UserUtilService   : Generate 1 students...
    23:47:06.450 | 431 ool-1-worker-195 | DEBUG | d.t.c.a.a.c.u.util.UserUtilService   : 1 students generated. Generate 1 tutors...
    23:47:06.453 | 431 ool-1-worker-195 | DEBUG | d.t.c.a.a.c.u.util.UserUtilService   : 1 tutors generated. Generate 0 editors...
    23:47:06.454 | 431 ool-1-worker-195 | DEBUG | d.t.c.a.a.c.u.util.UserUtilService   : 0 editors generated. Generate 1 instructors...
    23:47:06.457 | 431 ool-1-worker-195 | DEBUG | d.t.c.a.a.c.u.util.UserUtilService   : 1 instructors generated
    23:47:06.459 | 431 ool-1-worker-195 | DEBUG | d.t.c.a.a.c.u.util.UserUtilService   : Removing 3 users from all courses...
    23:47:06.460 | 431 ool-1-worker-195 | DEBUG | d.t.c.a.a.c.u.util.UserUtilService   : Removing 3 users from all courses. Done
    23:47:06.460 | 431 ool-1-worker-195 | DEBUG | d.t.c.a.a.c.u.util.UserUtilService   : Save 3 users to database...
    23:47:06.464 | 431 ool-1-worker-195 | DEBUG | d.t.c.a.a.c.u.util.UserUtilService   : Save 3 users to database. Done
    23:47:06.471 | 431 ool-1-worker-195 | INFO  | i.z.t.d.l.EmbeddedDatabaseReporter   : JDBC URL to connect to 'dataSource': url='jdbc:h2:tcp://localhost:41063/mem:df70fc46-7e57-4cb5-9cd0-c1d90c14afa7;USER=sa', scope='ApollonDiagramResourceIntegrationTest#testGetApollonDiagram_AccessForbidden'
    23:47:06.472 | 431 ool-1-worker-195 | DEBUG | d.t.c.a.a.c.s.f.ApiVersionFilter     : Adding Version to Request GET /api/course/2335/apollon-diagrams/4
    23:47:06.473 | 431 ool-1-worker-195 | DEBUG | d.t.c.a.a.m.w.ApollonDiagramResource : REST request to get ApollonDiagram : 4
    23:47:06.476 | 431 ool-1-worker-195 | WARN  | o.z.p.spring.common.AdviceTraits     : Forbidden: You are not allowed to access the Course with id 2335
    23:47:06.481 | 431 ool-1-worker-195 | INFO  | .c.a.a.c.s.TitleCacheEvictionService : Evicted entry '4' from title cache 'diagramTitle'

  Starting logs for ApollonDiagramResourceIntegrationTest > testGetDiagramTitleAsInstructor()
    23:47:06.513 | 431 ool-1-worker-195 | DEBUG | d.t.c.a.a.c.u.util.UserUtilService   : Generate 1 students...
    23:47:06.519 | 431 ool-1-worker-195 | DEBUG | d.t.c.a.a.c.u.util.UserUtilService   : 1 students generated. Generate 1 tutors...
    23:47:06.525 | 431 ool-1-worker-195 | DEBUG | d.t.c.a.a.c.u.util.UserUtilService   : 1 tutors generated. Generate 0 editors...
    23:47:06.527 | 431 ool-1-worker-195 | DEBUG | d.t.c.a.a.c.u.util.UserUtilService   : 0 editors generated. Generate 1 instructors...
    23:47:06.535 | 431 ool-1-worker-195 | DEBUG | d.t.c.a.a.c.u.util.UserUtilService   : 1 instructors generated
    23:47:06.540 | 431 ool-1-worker-195 | DEBUG | d.t.c.a.a.c.u.util.UserUtilService   : Removing 3 users from all courses...
    23:47:06.541 | 431 ool-1-worker-195 | DEBUG | d.t.c.a.a.c.u.util.UserUtilService   : Removing 3 users from all courses. Done
    23:47:06.541 | 431 ool-1-worker-195 | DEBUG | d.t.c.a.a.c.u.util.UserUtilService   : Save 3 users to database...
    23:47:06.544 | 431 ool-1-worker-195 | DEBUG | d.t.c.a.a.c.u.util.UserUtilService   : Save 3 users to database. Done
    23:47:06.560 | 431 ool-1-worker-195 | INFO  | i.z.t.d.l.EmbeddedDatabaseReporter   : JDBC URL to connect to 'dataSource': url='jdbc:h2:tcp://localhost:41063/mem:df70fc46-7e57-4cb5-9cd0-c1d90c14afa7;USER=sa', scope='ApollonDiagramResourceIntegrationTest#testGetDiagramTitleAsInstructor'
    23:47:06.564 | 431 ool-1-worker-195 | DEBUG | d.t.c.a.a.c.s.f.ApiVersionFilter     : Adding Version to Request GET /api/apollon-diagrams/5/title
    23:47:06.572 | 431 ool-1-worker-195 | INFO  | .c.a.a.c.s.TitleCacheEvictionService : Evicted entry '5' from title cache 'diagramTitle'

  Starting logs for ApollonDiagramResourceIntegrationTest > testUpdateApollonDiagram_CREATED()
    23:47:06.595 | 431 ool-1-worker-195 | DEBUG | d.t.c.a.a.c.u.util.UserUtilService   : Generate 1 students...
    23:47:06.598 | 431 ool-1-worker-195 | DEBUG | d.t.c.a.a.c.u.util.UserUtilService   : 1 students generated. Generate 1 tutors...
    23:47:06.601 | 431 ool-1-worker-195 | DEBUG | d.t.c.a.a.c.u.util.UserUtilService   : 1 tutors generated. Generate 0 editors...
    23:47:06.602 | 431 ool-1-worker-195 | DEBUG | d.t.c.a.a.c.u.util.UserUtilService   : 0 editors generated. Generate 1 instructors...
    23:47:06.605 | 431 ool-1-worker-195 | DEBUG | d.t.c.a.a.c.u.util.UserUtilService   : 1 instructors generated
    23:47:06.607 | 431 ool-1-worker-195 | DEBUG | d.t.c.a.a.c.u.util.UserUtilService   : Removing 3 users from all courses...
    23:47:06.608 | 431 ool-1-worker-195 | DEBUG | d.t.c.a.a.c.u.util.UserUtilService   : Removing 3 users from all courses. Done
    23:47:06.608 | 431 ool-1-worker-195 | DEBUG | d.t.c.a.a.c.u.util.UserUtilService   : Save 3 users to database...
    23:47:06.611 | 431 ool-1-worker-195 | DEBUG | d.t.c.a.a.c.u.util.UserUtilService   : Save 3 users to database. Done
    23:47:06.617 | 431 ool-1-worker-195 | INFO  | i.z.t.d.l.EmbeddedDatabaseReporter   : JDBC URL to connect to 'dataSource': url='jdbc:h2:tcp://localhost:41063/mem:df70fc46-7e57-4cb5-9cd0-c1d90c14afa7;USER=sa', scope='ApollonDiagramResourceIntegrationTest#testUpdateApollonDiagram_CREATED'
    23:47:06.619 | 431 ool-1-worker-195 | DEBUG | d.t.c.a.a.c.s.f.ApiVersionFilter     : Adding Version to Request PUT /api/course/2339/apollon-diagrams
    23:47:06.619 | 431 ool-1-worker-195 | DEBUG | d.t.c.a.a.m.w.ApollonDiagramResource : REST request to update ApollonDiagram : ApollonDiagram{id=null, title='activityDiagram1', jsonRepresentation='null'}
    23:47:06.619 | 431 ool-1-worker-195 | DEBUG | d.t.c.a.a.m.w.ApollonDiagramResource : REST request to save ApollonDiagram : ApollonDiagram{id=null, title='activityDiagram1', jsonRepresentation='null'}
    23:47:06.622 | 431 ool-1-worker-195 | INFO  | .c.a.a.c.s.TitleCacheEvictionService : Evicted entry '6' from title cache 'diagramTitle'

  Starting logs for ApollonDiagramResourceIntegrationTest > testGetDiagramTitleAsTeachingAssistant()
    23:47:06.637 | 431 ool-1-worker-195 | DEBUG | d.t.c.a.a.c.u.util.UserUtilService   : Generate 1 students...
    23:47:06.640 | 431 ool-1-worker-195 | DEBUG | d.t.c.a.a.c.u.util.UserUtilService   : 1 students generated. Generate 1 tutors...
    23:47:06.642 | 431 ool-1-worker-195 | DEBUG | d.t.c.a.a.c.u.util.UserUtilService   : 1 tutors generated. Generate 0 editors...
    23:47:06.644 | 431 ool-1-worker-195 | DEBUG | d.t.c.a.a.c.u.util.UserUtilService   : 0 editors generated. Generate 1 instructors...
    23:47:06.647 | 431 ool-1-worker-195 | DEBUG | d.t.c.a.a.c.u.util.UserUtilService   : 1 instructors generated
    23:47:06.649 | 431 ool-1-worker-195 | DEBUG | d.t.c.a.a.c.u.util.UserUtilService   : Removing 3 users from all courses...
    23:47:06.650 | 431 ool-1-worker-195 | DEBUG | d.t.c.a.a.c.u.util.UserUtilService   : Removing 3 users from all courses. Done
    23:47:06.650 | 431 ool-1-worker-195 | DEBUG | d.t.c.a.a.c.u.util.UserUtilService   : Save 3 users to database...
    23:47:06.653 | 431 ool-1-worker-195 | DEBUG | d.t.c.a.a.c.u.util.UserUtilService   : Save 3 users to database. Done
    23:47:06.659 | 431 ool-1-worker-195 | INFO  | i.z.t.d.l.EmbeddedDatabaseReporter   : JDBC URL to connect to 'dataSource': url='jdbc:h2:tcp://localhost:41063/mem:df70fc46-7e57-4cb5-9cd0-c1d90c14afa7;USER=sa', scope='ApollonDiagramResourceIntegrationTest#testGetDiagramTitleAsTeachingAssistant'
    23:47:06.661 | 431 ool-1-worker-195 | DEBUG | d.t.c.a.a.c.s.f.ApiVersionFilter     : Adding Version to Request GET /api/apollon-diagrams/7/title
    23:47:06.663 | 431 ool-1-worker-195 | INFO  | .c.a.a.c.s.TitleCacheEvictionService : Evicted entry '7' from title cache 'diagramTitle'

  Starting logs for ApollonDiagramResourceIntegrationTest > testGetDiagramTitleAsUser()
    23:47:06.677 | 431 ool-1-worker-195 | DEBUG | d.t.c.a.a.c.u.util.UserUtilService   : Generate 1 students...
    23:47:06.680 | 431 ool-1-worker-195 | DEBUG | d.t.c.a.a.c.u.util.UserUtilService   : 1 students generated. Generate 1 tutors...
    23:47:06.683 | 431 ool-1-worker-195 | DEBUG | d.t.c.a.a.c.u.util.UserUtilService   : 1 tutors generated. Generate 0 editors...
    23:47:06.684 | 431 ool-1-worker-195 | DEBUG | d.t.c.a.a.c.u.util.UserUtilService   : 0 editors generated. Generate 1 instructors...
    23:47:06.687 | 431 ool-1-worker-195 | DEBUG | d.t.c.a.a.c.u.util.UserUtilService   : 1 instructors generated
    23:47:06.689 | 431 ool-1-worker-195 | DEBUG | d.t.c.a.a.c.u.util.UserUtilService   : Removing 3 users from all courses...
    23:47:06.690 | 431 ool-1-worker-195 | DEBUG | d.t.c.a.a.c.u.util.UserUtilService   : Removing 3 users from all courses. Done
    23:47:06.690 | 431 ool-1-worker-195 | DEBUG | d.t.c.a.a.c.u.util.UserUtilService   : Save 3 users to database...
    23:47:06.693 | 431 ool-1-worker-195 | DEBUG | d.t.c.a.a.c.u.util.UserUtilService   : Save 3 users to database. Done
    23:47:06.701 | 431 ool-1-worker-195 | INFO  | i.z.t.d.l.EmbeddedDatabaseReporter   : JDBC URL to connect to 'dataSource': url='jdbc:h2:tcp://localhost:41063/mem:df70fc46-7e57-4cb5-9cd0-c1d90c14afa7;USER=sa', scope='ApollonDiagramResourceIntegrationTest#testGetDiagramTitleAsUser'
    23:47:06.703 | 431 ool-1-worker-195 | DEBUG | d.t.c.a.a.c.s.f.ApiVersionFilter     : Adding Version to Request GET /api/apollon-diagrams/8/title
    23:47:06.709 | 431 ool-1-worker-195 | INFO  | .c.a.a.c.s.TitleCacheEvictionService : Evicted entry '8' from title cache 'diagramTitle'

  Starting logs for ApollonDiagramResourceIntegrationTest > testGetApollonDiagram()
    23:47:06.736 | 431 ool-1-worker-195 | DEBUG | d.t.c.a.a.c.u.util.UserUtilService   : Generate 1 students...
    23:47:06.742 | 431 ool-1-worker-195 | DEBUG | d.t.c.a.a.c.u.util.UserUtilService   : 1 students generated. Generate 1 tutors...
    23:47:06.748 | 431 ool-1-worker-195 | DEBUG | d.t.c.a.a.c.u.util.UserUtilService   : 1 tutors generated. Generate 0 editors...
    23:47:06.749 | 431 ool-1-worker-195 | DEBUG | d.t.c.a.a.c.u.util.UserUtilService   : 0 editors generated. Generate 1 instructors...
    23:47:06.752 | 431 ool-1-worker-195 | DEBUG | d.t.c.a.a.c.u.util.UserUtilService   : 1 instructors generated
    23:47:06.754 | 431 ool-1-worker-195 | DEBUG | d.t.c.a.a.c.u.util.UserUtilService   : Removing 3 users from all courses...
    23:47:06.755 | 431 ool-1-worker-195 | DEBUG | d.t.c.a.a.c.u.util.UserUtilService   : Removing 3 users from all courses. Done
    23:47:06.755 | 431 ool-1-worker-195 | DEBUG | d.t.c.a.a.c.u.util.UserUtilService   : Save 3 users to database...
    23:47:06.758 | 431 ool-1-worker-195 | DEBUG | d.t.c.a.a.c.u.util.UserUtilService   : Save 3 users to database. Done
    23:47:06.764 | 431 ool-1-worker-195 | INFO  | i.z.t.d.l.EmbeddedDatabaseReporter   : JDBC URL to connect to 'dataSource': url='jdbc:h2:tcp://localhost:41063/mem:df70fc46-7e57-4cb5-9cd0-c1d90c14afa7;USER=sa', scope='ApollonDiagramResourceIntegrationTest#testGetApollonDiagram'
    23:47:06.766 | 431 ool-1-worker-195 | DEBUG | d.t.c.a.a.c.s.f.ApiVersionFilter     : Adding Version to Request GET /api/course/2345/apollon-diagrams/9
    23:47:06.767 | 431 ool-1-worker-195 | DEBUG | d.t.c.a.a.m.w.ApollonDiagramResource : REST request to get ApollonDiagram : 9
    23:47:06.770 | 431 ool-1-worker-195 | DEBUG | d.t.c.a.a.c.s.f.ApiVersionFilter     : Adding Version to Request GET /api/course/2345/apollon-diagrams/91
    23:47:06.771 | 431 ool-1-worker-195 | DEBUG | d.t.c.a.a.m.w.ApollonDiagramResource : REST request to get ApollonDiagram : 91
    23:47:06.775 | 431 ool-1-worker-195 | WARN  | o.z.p.spring.common.AdviceTraits     : Not Found: ApollonDiagram with identifier: "91" does not exist
    23:47:06.777 | 431 ool-1-worker-195 | INFO  | .c.a.a.c.s.TitleCacheEvictionService : Evicted entry '9' from title cache 'diagramTitle'

  Starting logs for ApollonDiagramResourceIntegrationTest > testGetDiagramsByCourse_AccessForbidden()
    23:47:06.800 | 431 ool-1-worker-195 | DEBUG | d.t.c.a.a.c.u.util.UserUtilService   : Generate 1 students...
    23:47:06.803 | 431 ool-1-worker-195 | DEBUG | d.t.c.a.a.c.u.util.UserUtilService   : 1 students generated. Generate 1 tutors...
    23:47:06.805 | 431 ool-1-worker-195 | DEBUG | d.t.c.a.a.c.u.util.UserUtilService   : 1 tutors generated. Generate 0 editors...
    23:47:06.807 | 431 ool-1-worker-195 | DEBUG | d.t.c.a.a.c.u.util.UserUtilService   : 0 editors generated. Generate 1 instructors...
    23:47:06.809 | 431 ool-1-worker-195 | DEBUG | d.t.c.a.a.c.u.util.UserUtilService   : 1 instructors generated
    23:47:06.811 | 431 ool-1-worker-195 | DEBUG | d.t.c.a.a.c.u.util.UserUtilService   : Removing 3 users from all courses...
    23:47:06.812 | 431 ool-1-worker-195 | DEBUG | d.t.c.a.a.c.u.util.UserUtilService   : Removing 3 users from all courses. Done
    23:47:06.812 | 431 ool-1-worker-195 | DEBUG | d.t.c.a.a.c.u.util.UserUtilService   : Save 3 users to database...
    23:47:06.815 | 431 ool-1-worker-195 | DEBUG | d.t.c.a.a.c.u.util.UserUtilService   : Save 3 users to database. Done
    23:47:06.821 | 431 ool-1-worker-195 | INFO  | i.z.t.d.l.EmbeddedDatabaseReporter   : JDBC URL to connect to 'dataSource': url='jdbc:h2:tcp://localhost:41063/mem:df70fc46-7e57-4cb5-9cd0-c1d90c14afa7;USER=sa', scope='ApollonDiagramResourceIntegrationTest#testGetDiagramsByCourse_AccessForbidden'
    23:47:06.822 | 431 ool-1-worker-195 | DEBUG | d.t.c.a.a.c.s.f.ApiVersionFilter     : Adding Version to Request GET /api/course/2347/apollon-diagrams
    23:47:06.823 | 431 ool-1-worker-195 | DEBUG | d.t.c.a.a.m.w.ApollonDiagramResource : REST request to get ApollonDiagrams matching current course
    23:47:06.825 | 431 ool-1-worker-195 | WARN  | o.z.p.spring.common.AdviceTraits     : Forbidden: You are not allowed to access the Course with id 2347
    23:47:06.826 | 431 ool-1-worker-195 | DEBUG | d.t.c.a.a.c.s.f.ApiVersionFilter     : Adding Version to Request GET /api/course/2348/apollon-diagrams
    23:47:06.827 | 431 ool-1-worker-195 | DEBUG | d.t.c.a.a.m.w.ApollonDiagramResource : REST request to get ApollonDiagrams matching current course
    23:47:06.829 | 431 ool-1-worker-195 | WARN  | o.z.p.spring.common.AdviceTraits     : Forbidden: You are not allowed to access the Course with id 2348
    23:47:06.830 | 431 ool-1-worker-195 | INFO  | .c.a.a.c.s.TitleCacheEvictionService : Evicted entry '10' from title cache 'diagramTitle'

  Starting logs for ApollonDiagramResourceIntegrationTest > testDeleteApollonDiagram()
    23:47:06.843 | 431 ool-1-worker-195 | DEBUG | d.t.c.a.a.c.u.util.UserUtilService   : Generate 1 students...
    23:47:06.846 | 431 ool-1-worker-195 | DEBUG | d.t.c.a.a.c.u.util.UserUtilService   : 1 students generated. Generate 1 tutors...
    23:47:06.849 | 431 ool-1-worker-195 | DEBUG | d.t.c.a.a.c.u.util.UserUtilService   : 1 tutors generated. Generate 0 editors...
    23:47:06.850 | 431 ool-1-worker-195 | DEBUG | d.t.c.a.a.c.u.util.UserUtilService   : 0 editors generated. Generate 1 instructors...
    23:47:06.853 | 431 ool-1-worker-195 | DEBUG | d.t.c.a.a.c.u.util.UserUtilService   : 1 instructors generated
    23:47:06.855 | 431 ool-1-worker-195 | DEBUG | d.t.c.a.a.c.u.util.UserUtilService   : Removing 3 users from all courses...
    23:47:06.856 | 431 ool-1-worker-195 | DEBUG | d.t.c.a.a.c.u.util.UserUtilService   : Removing 3 users from all courses. Done
    23:47:06.856 | 431 ool-1-worker-195 | DEBUG | d.t.c.a.a.c.u.util.UserUtilService   : Save 3 users to database...
    23:47:06.858 | 431 ool-1-worker-195 | DEBUG | d.t.c.a.a.c.u.util.UserUtilService   : Save 3 users to database. Done
    23:47:06.865 | 431 ool-1-worker-195 | INFO  | i.z.t.d.l.EmbeddedDatabaseReporter   : JDBC URL to connect to 'dataSource': url='jdbc:h2:tcp://localhost:41063/mem:df70fc46-7e57-4cb5-9cd0-c1d90c14afa7;USER=sa', scope='ApollonDiagramResourceIntegrationTest#testDeleteApollonDiagram'
    23:47:06.866 | 431 ool-1-worker-195 | DEBUG | d.t.c.a.a.c.s.f.ApiVersionFilter     : Adding Version to Request DELETE /api/course/2349/apollon-diagrams/11
    23:47:06.867 | 431 ool-1-worker-195 | DEBUG | d.t.c.a.a.m.w.ApollonDiagramResource : REST request to delete ApollonDiagram : 11
    23:47:06.869 | 431 ool-1-worker-195 | INFO  | .c.a.a.c.s.TitleCacheEvictionService : Evicted entry '11' from title cache 'diagramTitle'

  Starting logs for ApollonDiagramResourceIntegrationTest > testCreateApollonDiagram_BAD_REQUEST()
    23:47:06.884 | 431 ool-1-worker-195 | DEBUG | d.t.c.a.a.c.u.util.UserUtilService   : Generate 1 students...
    23:47:06.887 | 431 ool-1-worker-195 | DEBUG | d.t.c.a.a.c.u.util.UserUtilService   : 1 students generated. Generate 1 tutors...
    23:47:06.890 | 431 ool-1-worker-195 | DEBUG | d.t.c.a.a.c.u.util.UserUtilService   : 1 tutors generated. Generate 0 editors...
    23:47:06.891 | 431 ool-1-worker-195 | DEBUG | d.t.c.a.a.c.u.util.UserUtilService   : 0 editors generated. Generate 1 instructors...
    23:47:06.894 | 431 ool-1-worker-195 | DEBUG | d.t.c.a.a.c.u.util.UserUtilService   : 1 instructors generated
    23:47:06.896 | 431 ool-1-worker-195 | DEBUG | d.t.c.a.a.c.u.util.UserUtilService   : Removing 3 users from all courses...
    23:47:06.896 | 431 ool-1-worker-195 | DEBUG | d.t.c.a.a.c.u.util.UserUtilService   : Removing 3 users from all courses. Done
    23:47:06.896 | 431 ool-1-worker-195 | DEBUG | d.t.c.a.a.c.u.util.UserUtilService   : Save 3 users to database...
    23:47:06.899 | 431 ool-1-worker-195 | DEBUG | d.t.c.a.a.c.u.util.UserUtilService   : Save 3 users to database. Done
    23:47:06.906 | 431 ool-1-worker-195 | INFO  | i.z.t.d.l.EmbeddedDatabaseReporter   : JDBC URL to connect to 'dataSource': url='jdbc:h2:tcp://localhost:41063/mem:df70fc46-7e57-4cb5-9cd0-c1d90c14afa7;USER=sa', scope='ApollonDiagramResourceIntegrationTest#testCreateApollonDiagram_BAD_REQUEST'
    23:47:06.907 | 431 ool-1-worker-195 | DEBUG | d.t.c.a.a.c.s.f.ApiVersionFilter     : Adding Version to Request POST /api/course/2351/apollon-diagrams
    23:47:06.908 | 431 ool-1-worker-195 | DEBUG | d.t.c.a.a.m.w.ApollonDiagramResource : REST request to save ApollonDiagram : ApollonDiagram{id=1, title='activityDiagram1', jsonRepresentation='null'}
    23:47:06.909 | 431 ool-1-worker-195 | ERROR | tech.jhipster.web.util.HeaderUtil    : Entity processing failed, A new apollonDiagram cannot already have an ID
    23:47:06.909 | 431 ool-1-worker-195 | WARN  | o.z.p.spring.common.AdviceTraits     : Bad Request: A new apollonDiagram cannot already have an ID

  Starting logs for ApollonDiagramResourceIntegrationTest > testDeleteApollonDiagram_AccessForbidden()
    23:47:06.924 | 431 ool-1-worker-195 | DEBUG | d.t.c.a.a.c.u.util.UserUtilService   : Generate 1 students...
    23:47:06.927 | 431 ool-1-worker-195 | DEBUG | d.t.c.a.a.c.u.util.UserUtilService   : 1 students generated. Generate 1 tutors...
    23:47:06.930 | 431 ool-1-worker-195 | DEBUG | d.t.c.a.a.c.u.util.UserUtilService   : 1 tutors generated. Generate 0 editors...
    23:47:06.931 | 431 ool-1-worker-195 | DEBUG | d.t.c.a.a.c.u.util.UserUtilService   : 0 editors generated. Generate 1 instructors...
    23:47:06.934 | 431 ool-1-worker-195 | DEBUG | d.t.c.a.a.c.u.util.UserUtilService   : 1 instructors generated
    23:47:06.936 | 431 ool-1-worker-195 | DEBUG | d.t.c.a.a.c.u.util.UserUtilService   : Removing 3 users from all courses...
    23:47:06.937 | 431 ool-1-worker-195 | DEBUG | d.t.c.a.a.c.u.util.UserUtilService   : Removing 3 users from all courses. Done
    23:47:06.937 | 431 ool-1-worker-195 | DEBUG | d.t.c.a.a.c.u.util.UserUtilService   : Save 3 users to database...
    23:47:06.940 | 431 ool-1-worker-195 | DEBUG | d.t.c.a.a.c.u.util.UserUtilService   : Save 3 users to database. Done
    23:47:06.946 | 431 ool-1-worker-195 | INFO  | i.z.t.d.l.EmbeddedDatabaseReporter   : JDBC URL to connect to 'dataSource': url='jdbc:h2:tcp://localhost:41063/mem:df70fc46-7e57-4cb5-9cd0-c1d90c14afa7;USER=sa', scope='ApollonDiagramResourceIntegrationTest#testDeleteApollonDiagram_AccessForbidden'
    23:47:06.947 | 431 ool-1-worker-195 | DEBUG | d.t.c.a.a.c.s.f.ApiVersionFilter     : Adding Version to Request DELETE /api/course/2353/apollon-diagrams/12
    23:47:06.948 | 431 ool-1-worker-195 | DEBUG | d.t.c.a.a.m.w.ApollonDiagramResource : REST request to delete ApollonDiagram : 12
    23:47:06.950 | 431 ool-1-worker-195 | WARN  | o.z.p.spring.common.AdviceTraits     : Forbidden: You are not allowed to access the Course with id 2353
    23:47:06.952 | 431 ool-1-worker-195 | INFO  | .c.a.a.c.s.TitleCacheEvictionService : Evicted entry '12' from title cache 'diagramTitle'

  Starting logs for ApollonDiagramResourceIntegrationTest > testGetDiagramTitleForNonExistingDiagram()
    23:47:06.965 | 431 ool-1-worker-195 | DEBUG | d.t.c.a.a.c.u.util.UserUtilService   : Generate 1 students...
    23:47:06.968 | 431 ool-1-worker-195 | DEBUG | d.t.c.a.a.c.u.util.UserUtilService   : 1 students generated. Generate 1 tutors...
    23:47:06.971 | 431 ool-1-worker-195 | DEBUG | d.t.c.a.a.c.u.util.UserUtilService   : 1 tutors generated. Generate 0 editors...
    23:47:06.972 | 431 ool-1-worker-195 | DEBUG | d.t.c.a.a.c.u.util.UserUtilService   : 0 editors generated. Generate 1 instructors...
    23:47:06.975 | 431 ool-1-worker-195 | DEBUG | d.t.c.a.a.c.u.util.UserUtilService   : 1 instructors generated
    23:47:06.977 | 431 ool-1-worker-195 | DEBUG | d.t.c.a.a.c.u.util.UserUtilService   : Removing 3 users from all courses...
    23:47:06.977 | 431 ool-1-worker-195 | DEBUG | d.t.c.a.a.c.u.util.UserUtilService   : Removing 3 users from all courses. Done
    23:47:06.977 | 431 ool-1-worker-195 | DEBUG | d.t.c.a.a.c.u.util.UserUtilService   : Save 3 users to database...
    23:47:06.980 | 431 ool-1-worker-195 | DEBUG | d.t.c.a.a.c.u.util.UserUtilService   : Save 3 users to database. Done
    23:47:06.987 | 431 ool-1-worker-195 | INFO  | i.z.t.d.l.EmbeddedDatabaseReporter   : JDBC URL to connect to 'dataSource': url='jdbc:h2:tcp://localhost:41063/mem:df70fc46-7e57-4cb5-9cd0-c1d90c14afa7;USER=sa', scope='ApollonDiagramResourceIntegrationTest#testGetDiagramTitleForNonExistingDiagram'
    23:47:06.988 | 431 ool-1-worker-195 | DEBUG | d.t.c.a.a.c.s.f.ApiVersionFilter     : Adding Version to Request GET /api/apollon-diagrams/12312312412/title

  Starting logs for ApollonDiagramResourceIntegrationTest > testCreateApollonDiagram_CREATED()
    23:47:07.003 | 431 ool-1-worker-195 | DEBUG | d.t.c.a.a.c.u.util.UserUtilService   : Generate 1 students...
    23:47:07.006 | 431 ool-1-worker-195 | DEBUG | d.t.c.a.a.c.u.util.UserUtilService   : 1 students generated. Generate 1 tutors...
    23:47:07.009 | 431 ool-1-worker-195 | DEBUG | d.t.c.a.a.c.u.util.UserUtilService   : 1 tutors generated. Generate 0 editors...
    23:47:07.010 | 431 ool-1-worker-195 | DEBUG | d.t.c.a.a.c.u.util.UserUtilService   : 0 editors generated. Generate 1 instructors...
    23:47:07.013 | 431 ool-1-worker-195 | DEBUG | d.t.c.a.a.c.u.util.UserUtilService   : 1 instructors generated
    23:47:07.015 | 431 ool-1-worker-195 | DEBUG | d.t.c.a.a.c.u.util.UserUtilService   : Removing 3 users from all courses...
    23:47:07.016 | 431 ool-1-worker-195 | DEBUG | d.t.c.a.a.c.u.util.UserUtilService   : Removing 3 users from all courses. Done
    23:47:07.016 | 431 ool-1-worker-195 | DEBUG | d.t.c.a.a.c.u.util.UserUtilService   : Save 3 users to database...
    23:47:07.020 | 431 ool-1-worker-195 | DEBUG | d.t.c.a.a.c.u.util.UserUtilService   : Save 3 users to database. Done
    23:47:07.027 | 431 ool-1-worker-195 | INFO  | i.z.t.d.l.EmbeddedDatabaseReporter   : JDBC URL to connect to 'dataSource': url='jdbc:h2:tcp://localhost:41063/mem:df70fc46-7e57-4cb5-9cd0-c1d90c14afa7;USER=sa', scope='ApollonDiagramResourceIntegrationTest#testCreateApollonDiagram_CREATED'
    23:47:07.028 | 431 ool-1-worker-195 | DEBUG | d.t.c.a.a.c.s.f.ApiVersionFilter     : Adding Version to Request POST /api/course/2357/apollon-diagrams
    23:47:07.029 | 431 ool-1-worker-195 | DEBUG | d.t.c.a.a.m.w.ApollonDiagramResource : REST request to save ApollonDiagram : ApollonDiagram{id=null, title='activityDiagram1', jsonRepresentation='null'}
    23:47:07.032 | 431 ool-1-worker-195 | INFO  | .c.a.a.c.s.TitleCacheEvictionService : Evicted entry '13' from title cache 'diagramTitle'

  Starting logs for ApollonDiagramResourceIntegrationTest > testCreateApollonDiagram_AccessForbidden()
    23:47:07.046 | 431 ool-1-worker-195 | DEBUG | d.t.c.a.a.c.u.util.UserUtilService   : Generate 1 students...
    23:47:07.049 | 431 ool-1-worker-195 | DEBUG | d.t.c.a.a.c.u.util.UserUtilService   : 1 students generated. Generate 1 tutors...
    23:47:07.052 | 431 ool-1-worker-195 | DEBUG | d.t.c.a.a.c.u.util.UserUtilService   : 1 tutors generated. Generate 0 editors...
    23:47:07.053 | 431 ool-1-worker-195 | DEBUG | d.t.c.a.a.c.u.util.UserUtilService   : 0 editors generated. Generate 1 instructors...
    23:47:07.056 | 431 ool-1-worker-195 | DEBUG | d.t.c.a.a.c.u.util.UserUtilService   : 1 instructors generated
    23:47:07.058 | 431 ool-1-worker-195 | DEBUG | d.t.c.a.a.c.u.util.UserUtilService   : Removing 3 users from all courses...
    23:47:07.059 | 431 ool-1-worker-195 | DEBUG | d.t.c.a.a.c.u.util.UserUtilService   : Removing 3 users from all courses. Done
    23:47:07.059 | 431 ool-1-worker-195 | DEBUG | d.t.c.a.a.c.u.util.UserUtilService   : Save 3 users to database...
    23:47:07.062 | 431 ool-1-worker-195 | DEBUG | d.t.c.a.a.c.u.util.UserUtilService   : Save 3 users to database. Done
    23:47:07.069 | 431 ool-1-worker-195 | INFO  | i.z.t.d.l.EmbeddedDatabaseReporter   : JDBC URL to connect to 'dataSource': url='jdbc:h2:tcp://localhost:41063/mem:df70fc46-7e57-4cb5-9cd0-c1d90c14afa7;USER=sa', scope='ApollonDiagramResourceIntegrationTest#testCreateApollonDiagram_AccessForbidden'
    23:47:07.070 | 431 ool-1-worker-195 | DEBUG | d.t.c.a.a.c.s.f.ApiVersionFilter     : Adding Version to Request POST /api/course/2359/apollon-diagrams
    23:47:07.071 | 431 ool-1-worker-195 | DEBUG | d.t.c.a.a.m.w.ApollonDiagramResource : REST request to save ApollonDiagram : ApollonDiagram{id=null, title='activityDiagram1', jsonRepresentation='null'}
    23:47:07.073 | 431 ool-1-worker-195 | WARN  | o.z.p.spring.common.AdviceTraits     : Forbidden: You are not allowed to access the Course with id 2359

  Starting logs for ApollonDiagramResourceIntegrationTest > testGetDiagramsByCourse()
    23:47:07.089 | 431 ool-1-worker-195 | DEBUG | d.t.c.a.a.c.u.util.UserUtilService   : Generate 1 students...
    23:47:07.092 | 431 ool-1-worker-195 | DEBUG | d.t.c.a.a.c.u.util.UserUtilService   : 1 students generated. Generate 1 tutors...
    23:47:07.094 | 431 ool-1-worker-195 | DEBUG | d.t.c.a.a.c.u.util.UserUtilService   : 1 tutors generated. Generate 0 editors...
    23:47:07.096 | 431 ool-1-worker-195 | DEBUG | d.t.c.a.a.c.u.util.UserUtilService   : 0 editors generated. Generate 1 instructors...
    23:47:07.098 | 431 ool-1-worker-195 | DEBUG | d.t.c.a.a.c.u.util.UserUtilService   : 1 instructors generated
    23:47:07.101 | 431 ool-1-worker-195 | DEBUG | d.t.c.a.a.c.u.util.UserUtilService   : Removing 3 users from all courses...
    23:47:07.101 | 431 ool-1-worker-195 | DEBUG | d.t.c.a.a.c.u.util.UserUtilService   : Removing 3 users from all courses. Done
    23:47:07.101 | 431 ool-1-worker-195 | DEBUG | d.t.c.a.a.c.u.util.UserUtilService   : Save 3 users to database...
    23:47:07.105 | 431 ool-1-worker-195 | DEBUG | d.t.c.a.a.c.u.util.UserUtilService   : Save 3 users to database. Done
    23:47:07.111 | 431 ool-1-worker-195 | INFO  | i.z.t.d.l.EmbeddedDatabaseReporter   : JDBC URL to connect to 'dataSource': url='jdbc:h2:tcp://localhost:41063/mem:df70fc46-7e57-4cb5-9cd0-c1d90c14afa7;USER=sa', scope='ApollonDiagramResourceIntegrationTest#testGetDiagramsByCourse'
    23:47:07.113 | 431 ool-1-worker-195 | DEBUG | d.t.c.a.a.c.s.f.ApiVersionFilter     : Adding Version to Request GET /api/course/2361/apollon-diagrams
    23:47:07.113 | 431 ool-1-worker-195 | DEBUG | d.t.c.a.a.m.w.ApollonDiagramResource : REST request to get ApollonDiagrams matching current course
    23:47:07.117 | 431 ool-1-worker-195 | DEBUG | d.t.c.a.a.c.s.f.ApiVersionFilter     : Adding Version to Request GET /api/course/2361/apollon-diagrams
    23:47:07.118 | 431 ool-1-worker-195 | DEBUG | d.t.c.a.a.m.w.ApollonDiagramResource : REST request to get ApollonDiagrams matching current course
    23:47:07.120 | 431 ool-1-worker-195 | DEBUG | d.t.c.a.a.c.s.f.ApiVersionFilter     : Adding Version to Request GET /api/course/2361/apollon-diagrams
    23:47:07.121 | 431 ool-1-worker-195 | DEBUG | d.t.c.a.a.m.w.ApollonDiagramResource : REST request to get ApollonDiagrams matching current course
    23:47:07.123 | 431 ool-1-worker-195 | DEBUG | d.t.c.a.a.c.s.f.ApiVersionFilter     : Adding Version to Request GET /api/course/2362/apollon-diagrams
    23:47:07.123 | 431 ool-1-worker-195 | DEBUG | d.t.c.a.a.m.w.ApollonDiagramResource : REST request to get ApollonDiagrams matching current course
    23:47:07.126 | 431 ool-1-worker-195 | INFO  | .c.a.a.c.s.TitleCacheEvictionService : Evicted entry '14' from title cache 'diagramTitle'
    23:47:07.126 | 431 ool-1-worker-195 | INFO  | .c.a.a.c.s.TitleCacheEvictionService : Evicted entry '15' from title cache 'diagramTitle'
    23:47:07.126 | 431 ool-1-worker-195 | INFO  | .c.a.a.c.s.TitleCacheEvictionService : Evicted entry '16' from title cache 'diagramTitle'

Finished logs for ApollonDiagramResourceIntegrationTest
]]></system-out>
  <system-err><![CDATA[]]></system-err>
</testsuite>
