<?xml version="1.0" encoding="UTF-8"?>
<testsuite name="de.tum.cit.aet.artemis.iris.IrisCompetencyGenerationIntegrationTest" tests="3" skipped="0" failures="0" errors="0" timestamp="2025-02-14T23:43:47" hostname="fv-az1721-502" time="0.199">
  <properties/>
  <testcase name="generateCompetencies_asEditor_shouldSucceed()" classname="de.tum.cit.aet.artemis.iris.IrisCompetencyGenerationIntegrationTest" time="0.09"/>
  <testcase name="testAll_asStudent_shouldReturnForbidden()" classname="de.tum.cit.aet.artemis.iris.IrisCompetencyGenerationIntegrationTest" time="0.062"/>
  <testcase name="testAll_asTutor_shouldReturnForbidden()" classname="de.tum.cit.aet.artemis.iris.IrisCompetencyGenerationIntegrationTest" time="0.04"/>
  <system-out><![CDATA[
Starting logs for IrisCompetencyGenerationIntegrationTest

  Starting logs for IrisCompetencyGenerationIntegrationTest > generateCompetencies_asEditor_shouldSucceed()
    23:43:47.439 | 400 ool-1-worker-164 | DEBUG | d.t.c.a.a.c.u.util.UserUtilService   : Generate 1 students...
    23:43:47.441 | 400 ool-1-worker-164 | DEBUG | d.t.c.a.a.c.u.util.UserUtilService   : 1 students generated. Generate 1 tutors...
    23:43:47.442 | 400 ool-1-worker-164 | DEBUG | d.t.c.a.a.c.u.util.UserUtilService   : 1 tutors generated. Generate 1 editors...
    23:43:47.444 | 400 ool-1-worker-164 | DEBUG | d.t.c.a.a.c.u.util.UserUtilService   : 1 editors generated. Generate 1 instructors...
    23:43:47.446 | 400 ool-1-worker-164 | DEBUG | d.t.c.a.a.c.u.util.UserUtilService   : 1 instructors generated
    23:43:47.447 | 400 ool-1-worker-164 | DEBUG | d.t.c.a.a.c.u.util.UserUtilService   : Removing 1 users from all courses...
    23:43:47.448 | 400 ool-1-worker-164 | DEBUG | d.t.c.a.a.c.u.util.UserUtilService   : Removing 1 users from all courses. Done
    23:43:47.448 | 400 ool-1-worker-164 | DEBUG | d.t.c.a.a.c.u.util.UserUtilService   : Save 4 users to database...
    23:43:47.450 | 400 ool-1-worker-164 | DEBUG | d.t.c.a.a.c.u.util.UserUtilService   : Save 4 users to database. Done
    23:43:47.453 | 400 ool-1-worker-164 | INFO  | i.z.t.d.l.EmbeddedDatabaseReporter   : JDBC URL to connect to 'dataSource': url='jdbc:h2:tcp://localhost:41063/mem:f240edcd-27ce-47a3-b4ab-a6a00c154135;USER=sa', scope='IrisCompetencyGenerationIntegrationTest#generateCompetencies_asEditor_shouldSucceed'
    23:43:47.458 | 400 ool-1-worker-164 | DEBUG | d.t.c.a.a.c.s.f.ApiVersionFilter     : Adding Version to Request POST /api/courses/284/course-competencies/generate-from-description
    23:43:47.482 | 400 ool-1-worker-164 | DEBUG | d.t.c.a.a.i.s.w.IrisWebsocketService : Sent message to Iris user iriscompetencyintegrationeditor1 on topic /topic/iris/competencies/284: PyrisCompetencyStatusUpdateDTO[stages=[PyrisStageDTO[name=Preparing, weight=10, state=IN_PROGRESS, message=null], PyrisStageDTO[name=Executing pipeline, weight=30, state=NOT_STARTED, message=null]], result=null, tokens=null]
    23:43:47.482 | 400 ool-1-worker-164 | DEBUG | d.t.c.a.a.i.s.w.IrisWebsocketService : Sent message to Iris user iriscompetencyintegrationeditor1 on topic /topic/iris/competencies/284: PyrisCompetencyStatusUpdateDTO[stages=[PyrisStageDTO[name=Preparing, weight=10, state=DONE, message=null], PyrisStageDTO[name=Executing pipeline, weight=30, state=IN_PROGRESS, message=null]], result=null, tokens=null]
    23:43:47.503 | 400 ool-1-worker-164 | DEBUG | d.t.c.a.a.i.s.w.IrisWebsocketService : Sent message to Iris user iriscompetencyintegrationeditor1 on topic /topic/iris/competencies/284: PyrisCompetencyStatusUpdateDTO[stages=[PyrisStageDTO[name=Generating Competencies, weight=10, state=DONE, message=null]], result=[PyrisCompetencyRecommendationDTO[title=test title, description=test description, taxonomy=UNDERSTAND], PyrisCompetencyRecommendationDTO[title=test title, description=test description, taxonomy=UNDERSTAND], PyrisCompetencyRecommendationDTO[title=test title, description=test description, taxonomy=UNDERSTAND]], tokens=null]

  Starting logs for IrisCompetencyGenerationIntegrationTest > testAll_asStudent_shouldReturnForbidden()
    23:43:47.543 | 400 ool-1-worker-164 | DEBUG | d.t.c.a.a.c.u.util.UserUtilService   : Generate 1 students...
    23:43:47.550 | 400 ool-1-worker-164 | DEBUG | d.t.c.a.a.c.u.util.UserUtilService   : 1 students generated. Generate 1 tutors...
    23:43:47.553 | 400 ool-1-worker-164 | DEBUG | d.t.c.a.a.c.u.util.UserUtilService   : 1 tutors generated. Generate 1 editors...
    23:43:47.556 | 400 ool-1-worker-164 | DEBUG | d.t.c.a.a.c.u.util.UserUtilService   : 1 editors generated. Generate 1 instructors...
    23:43:47.558 | 400 ool-1-worker-164 | DEBUG | d.t.c.a.a.c.u.util.UserUtilService   : 1 instructors generated
    23:43:47.560 | 400 ool-1-worker-164 | DEBUG | d.t.c.a.a.c.u.util.UserUtilService   : Removing 4 users from all courses...
    23:43:47.561 | 400 ool-1-worker-164 | DEBUG | d.t.c.a.a.c.u.util.UserUtilService   : Removing 4 users from all courses. Done
    23:43:47.561 | 400 ool-1-worker-164 | DEBUG | d.t.c.a.a.c.u.util.UserUtilService   : Save 4 users to database...
    23:43:47.570 | 400 ool-1-worker-164 | DEBUG | d.t.c.a.a.c.u.util.UserUtilService   : Save 4 users to database. Done
    23:43:47.574 | 400 ool-1-worker-164 | INFO  | i.z.t.d.l.EmbeddedDatabaseReporter   : JDBC URL to connect to 'dataSource': url='jdbc:h2:tcp://localhost:41063/mem:f240edcd-27ce-47a3-b4ab-a6a00c154135;USER=sa', scope='IrisCompetencyGenerationIntegrationTest#testAll_asStudent_shouldReturnForbidden'
    23:43:47.575 | 400 ool-1-worker-164 | DEBUG | d.t.c.a.a.c.s.f.ApiVersionFilter     : Adding Version to Request POST /api/courses/285/course-competencies/generate-from-description
    23:43:47.577 | 400 ool-1-worker-164 | WARN  | o.z.p.spring.common.AdviceTraits     : Forbidden: Access Denied

  Starting logs for IrisCompetencyGenerationIntegrationTest > testAll_asTutor_shouldReturnForbidden()
    23:43:47.596 | 400 ool-1-worker-164 | DEBUG | d.t.c.a.a.c.u.util.UserUtilService   : Generate 1 students...
    23:43:47.599 | 400 ool-1-worker-164 | DEBUG | d.t.c.a.a.c.u.util.UserUtilService   : 1 students generated. Generate 1 tutors...
    23:43:47.602 | 400 ool-1-worker-164 | DEBUG | d.t.c.a.a.c.u.util.UserUtilService   : 1 tutors generated. Generate 1 editors...
    23:43:47.605 | 400 ool-1-worker-164 | DEBUG | d.t.c.a.a.c.u.util.UserUtilService   : 1 editors generated. Generate 1 instructors...
    23:43:47.608 | 400 ool-1-worker-164 | DEBUG | d.t.c.a.a.c.u.util.UserUtilService   : 1 instructors generated
    23:43:47.609 | 400 ool-1-worker-164 | DEBUG | d.t.c.a.a.c.u.util.UserUtilService   : Removing 4 users from all courses...
    23:43:47.610 | 400 ool-1-worker-164 | DEBUG | d.t.c.a.a.c.u.util.UserUtilService   : Removing 4 users from all courses. Done
    23:43:47.610 | 400 ool-1-worker-164 | DEBUG | d.t.c.a.a.c.u.util.UserUtilService   : Save 4 users to database...
    23:43:47.615 | 400 ool-1-worker-164 | DEBUG | d.t.c.a.a.c.u.util.UserUtilService   : Save 4 users to database. Done
    23:43:47.619 | 400 ool-1-worker-164 | INFO  | i.z.t.d.l.EmbeddedDatabaseReporter   : JDBC URL to connect to 'dataSource': url='jdbc:h2:tcp://localhost:41063/mem:f240edcd-27ce-47a3-b4ab-a6a00c154135;USER=sa', scope='IrisCompetencyGenerationIntegrationTest#testAll_asTutor_shouldReturnForbidden'
    23:43:47.620 | 400 ool-1-worker-164 | DEBUG | d.t.c.a.a.c.s.f.ApiVersionFilter     : Adding Version to Request POST /api/courses/286/course-competencies/generate-from-description
    23:43:47.622 | 400 ool-1-worker-164 | WARN  | o.z.p.spring.common.AdviceTraits     : Forbidden: Access Denied

Finished logs for IrisCompetencyGenerationIntegrationTest
]]></system-out>
  <system-err><![CDATA[]]></system-err>
</testsuite>
