<?xml version="1.0" encoding="UTF-8"?>
<testsuite name="de.tum.cit.aet.artemis.atlas.architecture.AtlasServiceArchitectureTest" tests="5" skipped="0" failures="0" errors="0" timestamp="2025-02-14T23:39:18" hostname="fv-az1721-502" time="0.157">
  <properties/>
  <testcase name="testCorrectAsyncCalls()" classname="de.tum.cit.aet.artemis.atlas.architecture.AtlasServiceArchitectureTest" time="0.012"/>
  <testcase name="shouldBeNamedService()" classname="de.tum.cit.aet.artemis.atlas.architecture.AtlasServiceArchitectureTest" time="0.002"/>
  <testcase name="testCorrectServiceAnnotation()" classname="de.tum.cit.aet.artemis.atlas.architecture.AtlasServiceArchitectureTest" time="0.019"/>
  <testcase name="shouldBeInServicePackage()" classname="de.tum.cit.aet.artemis.atlas.architecture.AtlasServiceArchitectureTest" time="0.005"/>
  <testcase name="testNoWrongServiceImports()" classname="de.tum.cit.aet.artemis.atlas.architecture.AtlasServiceArchitectureTest" time="0.117"/>
  <system-out><![CDATA[
Starting logs for AtlasServiceArchitectureTest

  Starting logs for AtlasServiceArchitectureTest > testCorrectAsyncCalls()

  Starting logs for AtlasServiceArchitectureTest > shouldBeNamedService()

  Starting logs for AtlasServiceArchitectureTest > testCorrectServiceAnnotation()

  Starting logs for AtlasServiceArchitectureTest > shouldBeInServicePackage()

  Starting logs for AtlasServiceArchitectureTest > testNoWrongServiceImports()

Finished logs for AtlasServiceArchitectureTest
]]></system-out>
  <system-err><![CDATA[]]></system-err>
</testsuite>
