<?xml version="1.0" encoding="UTF-8"?>
<testsuite name="de.tum.cit.aet.artemis.exercise.service.ParticipationAuthorizationCheckServiceTest" tests="9" skipped="0" failures="0" errors="0" timestamp="2025-02-14T23:46:04" hostname="fv-az1721-502" time="0.789">
  <properties/>
  <testcase name="testCanAccessParticipationAsInstructorEdgeCaseProgrammingExerciseUnknownId()" classname="de.tum.cit.aet.artemis.exercise.service.ParticipationAuthorizationCheckServiceTest" time="0.153"/>
  <testcase name="testCanAccessParticipationAsStudent()" classname="de.tum.cit.aet.artemis.exercise.service.ParticipationAuthorizationCheckServiceTest" time="0.125"/>
  <testcase name="testCanAccessParticipationAsInstructor()" classname="de.tum.cit.aet.artemis.exercise.service.ParticipationAuthorizationCheckServiceTest" time="0.073"/>
  <testcase name="testCanAccessParticipationAsInstructorEdgeCaseExerciseNull()" classname="de.tum.cit.aet.artemis.exercise.service.ParticipationAuthorizationCheckServiceTest" time="0.08"/>
  <testcase name="testCanAccessOwnTextParticipation()" classname="de.tum.cit.aet.artemis.exercise.service.ParticipationAuthorizationCheckServiceTest" time="0.061"/>
  <testcase name="testCanAccessParticipationAsTutor()" classname="de.tum.cit.aet.artemis.exercise.service.ParticipationAuthorizationCheckServiceTest" time="0.069"/>
  <testcase name="testCanAccessParticipationAsInstructorEdgeCaseProgrammingExerciseNull()" classname="de.tum.cit.aet.artemis.exercise.service.ParticipationAuthorizationCheckServiceTest" time="0.09"/>
  <testcase name="testStudentCannotAccessOtherTextParticipation()" classname="de.tum.cit.aet.artemis.exercise.service.ParticipationAuthorizationCheckServiceTest" time="0.074"/>
  <testcase name="testCanAccessParticipationAsEditor()" classname="de.tum.cit.aet.artemis.exercise.service.ParticipationAuthorizationCheckServiceTest" time="0.055"/>
  <system-out><![CDATA[
Starting logs for ParticipationAuthorizationCheckServiceTest

  Starting logs for ParticipationAuthorizationCheckServiceTest > testCanAccessParticipationAsInstructorEdgeCaseProgrammingExerciseUnknownId()
    23:46:04.172 | 385 ool-1-worker-149 | DEBUG | d.t.c.a.a.c.u.util.UserUtilService   : Generate 2 students...
    23:46:04.179 | 385 ool-1-worker-149 | DEBUG | d.t.c.a.a.c.u.util.UserUtilService   : 2 students generated. Generate 1 tutors...
    23:46:04.181 | 385 ool-1-worker-149 | DEBUG | d.t.c.a.a.c.u.util.UserUtilService   : 1 tutors generated. Generate 1 editors...
    23:46:04.188 | 385 ool-1-worker-149 | DEBUG | d.t.c.a.a.c.u.util.UserUtilService   : 1 editors generated. Generate 1 instructors...
    23:46:04.194 | 385 ool-1-worker-149 | DEBUG | d.t.c.a.a.c.u.util.UserUtilService   : 1 instructors generated
    23:46:04.199 | 385 ool-1-worker-149 | DEBUG | d.t.c.a.a.c.u.util.UserUtilService   : Removing 7 users from all courses...
    23:46:04.200 | 385 ool-1-worker-149 | DEBUG | d.t.c.a.a.c.u.util.UserUtilService   : Removing 7 users from all courses. Done
    23:46:04.200 | 385 ool-1-worker-149 | DEBUG | d.t.c.a.a.c.u.util.UserUtilService   : Save 5 users to database...
    23:46:04.207 | 385 ool-1-worker-149 | DEBUG | d.t.c.a.a.c.u.util.UserUtilService   : Save 5 users to database. Done
    23:46:04.242 | 385 ool-1-worker-149 | DEBUG | PersonalAccessTokenManagementService : Generate secure vcs access token
    23:46:04.249 | 385 ool-1-worker-149 | INFO  | i.z.t.d.l.EmbeddedDatabaseReporter   : JDBC URL to connect to 'dataSource': url='jdbc:h2:tcp://localhost:41063/mem:df70fc46-7e57-4cb5-9cd0-c1d90c14afa7;USER=sa', scope='ParticipationAuthorizationCheckServiceTest#testCanAccessParticipationAsInstructorEdgeCaseProgrammingExerciseUnknownId'
    23:46:04.259 | 385 ool-1-worker-149 | ERROR | rticipationAuthorizationCheckService : canAccessParticipation: could not find programming exercise of participation id 123456
    23:46:04.264 | 385 ool-1-worker-149 | ERROR | rticipationAuthorizationCheckService : canAccessParticipation: could not find programming exercise of participation id 123456
    23:46:04.271 | 385 ool-1-worker-149 | ERROR | rticipationAuthorizationCheckService : canAccessParticipation: could not find programming exercise of participation id 123456
    23:46:04.272 | 385 ool-1-worker-149 | ERROR | rticipationAuthorizationCheckService : canAccessParticipation: could not find programming exercise of participation id 123456
    23:46:04.277 | 385 ool-1-worker-149 | ERROR | rticipationAuthorizationCheckService : canAccessParticipation: could not find programming exercise of participation id 123456
    23:46:04.278 | 385 ool-1-worker-149 | ERROR | rticipationAuthorizationCheckService : canAccessParticipation: could not find programming exercise of participation id 123456

  Starting logs for ParticipationAuthorizationCheckServiceTest > testCanAccessParticipationAsStudent()
    23:46:04.317 | 385 ool-1-worker-149 | DEBUG | d.t.c.a.a.c.u.util.UserUtilService   : Generate 2 students...
    23:46:04.323 | 385 ool-1-worker-149 | DEBUG | d.t.c.a.a.c.u.util.UserUtilService   : 2 students generated. Generate 1 tutors...
    23:46:04.329 | 385 ool-1-worker-149 | DEBUG | d.t.c.a.a.c.u.util.UserUtilService   : 1 tutors generated. Generate 1 editors...
    23:46:04.334 | 385 ool-1-worker-149 | DEBUG | d.t.c.a.a.c.u.util.UserUtilService   : 1 editors generated. Generate 1 instructors...
    23:46:04.336 | 385 ool-1-worker-149 | DEBUG | d.t.c.a.a.c.u.util.UserUtilService   : 1 instructors generated
    23:46:04.340 | 641 nt.HealthMonitor | INFO  | c.h.i.diagnostics.HealthMonitor      : [127.0.0.1]:5704 [dev] [5.5.0] processors=4, physical.memory.total=15.6G, physical.memory.free=1.8G, swap.space.total=0, swap.space.free=0, heap.memory.used=2.6G, heap.memory.free=727.2M, heap.memory.total=3.3G, heap.memory.max=6.0G, heap.memory.used/total=78.66%, heap.memory.used/max=43.63%, minor.gc.count=182, minor.gc.time=8744ms, major.gc.count=0, major.gc.time=0ms, unknown.gc.count=80, unknown.gc.time=1562ms, load.process=0.00%, load.system=100.00%, load.systemAverage=6.45, thread.count=506, thread.peakCount=517, cluster.timeDiff=0, event.q.size=0, executor.q.async.size=0, executor.q.client.size=0, executor.q.client.query.size=0, executor.q.client.blocking.size=0, executor.q.query.size=0, executor.q.scheduled.size=0, executor.q.io.size=0, executor.q.system.size=0, executor.q.operations.size=0, executor.q.priorityOperation.size=0, operations.completed.count=1973, executor.q.mapLoad.size=0, executor.q.mapLoadAllKeys.size=0, executor.q.cluster.size=0, executor.q.response.size=0, operations.running.count=0, operations.pending.invocations.percentage=0.00%, operations.pending.invocations.count=0, proxy.count=213, clientEndpoint.count=0, connection.active.count=0, client.connection.count=0, connection.count=0
    23:46:04.341 | 385 ool-1-worker-149 | DEBUG | d.t.c.a.a.c.u.util.UserUtilService   : Removing 5 users from all courses...
    23:46:04.342 | 385 ool-1-worker-149 | DEBUG | d.t.c.a.a.c.u.util.UserUtilService   : Removing 5 users from all courses. Done
    23:46:04.342 | 385 ool-1-worker-149 | DEBUG | d.t.c.a.a.c.u.util.UserUtilService   : Save 5 users to database...
    23:46:04.364 | 385 ool-1-worker-149 | DEBUG | d.t.c.a.a.c.u.util.UserUtilService   : Save 5 users to database. Done
    23:46:04.386 | 385 ool-1-worker-149 | DEBUG | PersonalAccessTokenManagementService : Generate secure vcs access token
    23:46:04.393 | 385 ool-1-worker-149 | INFO  | i.z.t.d.l.EmbeddedDatabaseReporter   : JDBC URL to connect to 'dataSource': url='jdbc:h2:tcp://localhost:41063/mem:df70fc46-7e57-4cb5-9cd0-c1d90c14afa7;USER=sa', scope='ParticipationAuthorizationCheckServiceTest#testCanAccessParticipationAsStudent'

  Starting logs for ParticipationAuthorizationCheckServiceTest > testCanAccessParticipationAsInstructor()
    23:46:04.437 | 385 ool-1-worker-149 | DEBUG | d.t.c.a.a.c.u.util.UserUtilService   : Generate 2 students...
    23:46:04.441 | 385 ool-1-worker-149 | DEBUG | d.t.c.a.a.c.u.util.UserUtilService   : 2 students generated. Generate 1 tutors...
    23:46:04.443 | 385 ool-1-worker-149 | DEBUG | d.t.c.a.a.c.u.util.UserUtilService   : 1 tutors generated. Generate 1 editors...
    23:46:04.446 | 385 ool-1-worker-149 | DEBUG | d.t.c.a.a.c.u.util.UserUtilService   : 1 editors generated. Generate 1 instructors...
    23:46:04.448 | 385 ool-1-worker-149 | DEBUG | d.t.c.a.a.c.u.util.UserUtilService   : 1 instructors generated
    23:46:04.450 | 385 ool-1-worker-149 | DEBUG | d.t.c.a.a.c.u.util.UserUtilService   : Removing 5 users from all courses...
    23:46:04.452 | 385 ool-1-worker-149 | DEBUG | d.t.c.a.a.c.u.util.UserUtilService   : Removing 5 users from all courses. Done
    23:46:04.452 | 385 ool-1-worker-149 | DEBUG | d.t.c.a.a.c.u.util.UserUtilService   : Save 5 users to database...
    23:46:04.456 | 385 ool-1-worker-149 | DEBUG | d.t.c.a.a.c.u.util.UserUtilService   : Save 5 users to database. Done
    23:46:04.478 | 385 ool-1-worker-149 | DEBUG | PersonalAccessTokenManagementService : Generate secure vcs access token
    23:46:04.487 | 385 ool-1-worker-149 | INFO  | i.z.t.d.l.EmbeddedDatabaseReporter   : JDBC URL to connect to 'dataSource': url='jdbc:h2:tcp://localhost:41063/mem:df70fc46-7e57-4cb5-9cd0-c1d90c14afa7;USER=sa', scope='ParticipationAuthorizationCheckServiceTest#testCanAccessParticipationAsInstructor'

  Starting logs for ParticipationAuthorizationCheckServiceTest > testCanAccessParticipationAsInstructorEdgeCaseExerciseNull()
    23:46:04.509 | 385 ool-1-worker-149 | DEBUG | d.t.c.a.a.c.u.util.UserUtilService   : Generate 2 students...
    23:46:04.513 | 385 ool-1-worker-149 | DEBUG | d.t.c.a.a.c.u.util.UserUtilService   : 2 students generated. Generate 1 tutors...
    23:46:04.515 | 385 ool-1-worker-149 | DEBUG | d.t.c.a.a.c.u.util.UserUtilService   : 1 tutors generated. Generate 1 editors...
    23:46:04.517 | 385 ool-1-worker-149 | DEBUG | d.t.c.a.a.c.u.util.UserUtilService   : 1 editors generated. Generate 1 instructors...
    23:46:04.520 | 385 ool-1-worker-149 | DEBUG | d.t.c.a.a.c.u.util.UserUtilService   : 1 instructors generated
    23:46:04.521 | 385 ool-1-worker-149 | DEBUG | d.t.c.a.a.c.u.util.UserUtilService   : Removing 5 users from all courses...
    23:46:04.522 | 385 ool-1-worker-149 | DEBUG | d.t.c.a.a.c.u.util.UserUtilService   : Removing 5 users from all courses. Done
    23:46:04.522 | 385 ool-1-worker-149 | DEBUG | d.t.c.a.a.c.u.util.UserUtilService   : Save 5 users to database...
    23:46:04.525 | 385 ool-1-worker-149 | DEBUG | d.t.c.a.a.c.u.util.UserUtilService   : Save 5 users to database. Done
    23:46:04.549 | 385 ool-1-worker-149 | DEBUG | PersonalAccessTokenManagementService : Generate secure vcs access token
    23:46:04.556 | 385 ool-1-worker-149 | INFO  | i.z.t.d.l.EmbeddedDatabaseReporter   : JDBC URL to connect to 'dataSource': url='jdbc:h2:tcp://localhost:41063/mem:df70fc46-7e57-4cb5-9cd0-c1d90c14afa7;USER=sa', scope='ParticipationAuthorizationCheckServiceTest#testCanAccessParticipationAsInstructorEdgeCaseExerciseNull'

  Starting logs for ParticipationAuthorizationCheckServiceTest > testCanAccessOwnTextParticipation()
    23:46:04.591 | 385 ool-1-worker-149 | DEBUG | d.t.c.a.a.c.u.util.UserUtilService   : Generate 2 students...
    23:46:04.595 | 385 ool-1-worker-149 | DEBUG | d.t.c.a.a.c.u.util.UserUtilService   : 2 students generated. Generate 1 tutors...
    23:46:04.598 | 385 ool-1-worker-149 | DEBUG | d.t.c.a.a.c.u.util.UserUtilService   : 1 tutors generated. Generate 1 editors...
    23:46:04.600 | 385 ool-1-worker-149 | DEBUG | d.t.c.a.a.c.u.util.UserUtilService   : 1 editors generated. Generate 1 instructors...
    23:46:04.603 | 385 ool-1-worker-149 | DEBUG | d.t.c.a.a.c.u.util.UserUtilService   : 1 instructors generated
    23:46:04.605 | 385 ool-1-worker-149 | DEBUG | d.t.c.a.a.c.u.util.UserUtilService   : Removing 5 users from all courses...
    23:46:04.606 | 385 ool-1-worker-149 | DEBUG | d.t.c.a.a.c.u.util.UserUtilService   : Removing 5 users from all courses. Done
    23:46:04.606 | 385 ool-1-worker-149 | DEBUG | d.t.c.a.a.c.u.util.UserUtilService   : Save 5 users to database...
    23:46:04.609 | 385 ool-1-worker-149 | DEBUG | d.t.c.a.a.c.u.util.UserUtilService   : Save 5 users to database. Done
    23:46:04.630 | 385 ool-1-worker-149 | DEBUG | PersonalAccessTokenManagementService : Generate secure vcs access token
    23:46:04.637 | 385 ool-1-worker-149 | INFO  | i.z.t.d.l.EmbeddedDatabaseReporter   : JDBC URL to connect to 'dataSource': url='jdbc:h2:tcp://localhost:41063/mem:df70fc46-7e57-4cb5-9cd0-c1d90c14afa7;USER=sa', scope='ParticipationAuthorizationCheckServiceTest#testCanAccessOwnTextParticipation'

  Starting logs for ParticipationAuthorizationCheckServiceTest > testCanAccessParticipationAsTutor()
    23:46:04.653 | 385 ool-1-worker-149 | DEBUG | d.t.c.a.a.c.u.util.UserUtilService   : Generate 2 students...
    23:46:04.657 | 385 ool-1-worker-149 | DEBUG | d.t.c.a.a.c.u.util.UserUtilService   : 2 students generated. Generate 1 tutors...
    23:46:04.660 | 385 ool-1-worker-149 | DEBUG | d.t.c.a.a.c.u.util.UserUtilService   : 1 tutors generated. Generate 1 editors...
    23:46:04.662 | 385 ool-1-worker-149 | DEBUG | d.t.c.a.a.c.u.util.UserUtilService   : 1 editors generated. Generate 1 instructors...
    23:46:04.664 | 385 ool-1-worker-149 | DEBUG | d.t.c.a.a.c.u.util.UserUtilService   : 1 instructors generated
    23:46:04.666 | 385 ool-1-worker-149 | DEBUG | d.t.c.a.a.c.u.util.UserUtilService   : Removing 5 users from all courses...
    23:46:04.667 | 385 ool-1-worker-149 | DEBUG | d.t.c.a.a.c.u.util.UserUtilService   : Removing 5 users from all courses. Done
    23:46:04.667 | 385 ool-1-worker-149 | DEBUG | d.t.c.a.a.c.u.util.UserUtilService   : Save 5 users to database...
    23:46:04.670 | 385 ool-1-worker-149 | DEBUG | d.t.c.a.a.c.u.util.UserUtilService   : Save 5 users to database. Done
    23:46:04.692 | 385 ool-1-worker-149 | DEBUG | PersonalAccessTokenManagementService : Generate secure vcs access token
    23:46:04.700 | 385 ool-1-worker-149 | INFO  | i.z.t.d.l.EmbeddedDatabaseReporter   : JDBC URL to connect to 'dataSource': url='jdbc:h2:tcp://localhost:41063/mem:df70fc46-7e57-4cb5-9cd0-c1d90c14afa7;USER=sa', scope='ParticipationAuthorizationCheckServiceTest#testCanAccessParticipationAsTutor'

  Starting logs for ParticipationAuthorizationCheckServiceTest > testCanAccessParticipationAsInstructorEdgeCaseProgrammingExerciseNull()
    23:46:04.724 | 385 ool-1-worker-149 | DEBUG | d.t.c.a.a.c.u.util.UserUtilService   : Generate 2 students...
    23:46:04.731 | 385 ool-1-worker-149 | DEBUG | d.t.c.a.a.c.u.util.UserUtilService   : 2 students generated. Generate 1 tutors...
    23:46:04.737 | 385 ool-1-worker-149 | DEBUG | d.t.c.a.a.c.u.util.UserUtilService   : 1 tutors generated. Generate 1 editors...
    23:46:04.743 | 385 ool-1-worker-149 | DEBUG | d.t.c.a.a.c.u.util.UserUtilService   : 1 editors generated. Generate 1 instructors...
    23:46:04.746 | 385 ool-1-worker-149 | DEBUG | d.t.c.a.a.c.u.util.UserUtilService   : 1 instructors generated
    23:46:04.748 | 385 ool-1-worker-149 | DEBUG | d.t.c.a.a.c.u.util.UserUtilService   : Removing 5 users from all courses...
    23:46:04.754 | 385 ool-1-worker-149 | DEBUG | d.t.c.a.a.c.u.util.UserUtilService   : Removing 5 users from all courses. Done
    23:46:04.754 | 385 ool-1-worker-149 | DEBUG | d.t.c.a.a.c.u.util.UserUtilService   : Save 5 users to database...
    23:46:04.759 | 385 ool-1-worker-149 | DEBUG | d.t.c.a.a.c.u.util.UserUtilService   : Save 5 users to database. Done
    23:46:04.780 | 385 ool-1-worker-149 | DEBUG | PersonalAccessTokenManagementService : Generate secure vcs access token
    23:46:04.787 | 385 ool-1-worker-149 | INFO  | i.z.t.d.l.EmbeddedDatabaseReporter   : JDBC URL to connect to 'dataSource': url='jdbc:h2:tcp://localhost:41063/mem:df70fc46-7e57-4cb5-9cd0-c1d90c14afa7;USER=sa', scope='ParticipationAuthorizationCheckServiceTest#testCanAccessParticipationAsInstructorEdgeCaseProgrammingExerciseNull'

  Starting logs for ParticipationAuthorizationCheckServiceTest > testStudentCannotAccessOtherTextParticipation()
    23:46:04.816 | 385 ool-1-worker-149 | DEBUG | d.t.c.a.a.c.u.util.UserUtilService   : Generate 2 students...
    23:46:04.820 | 385 ool-1-worker-149 | DEBUG | d.t.c.a.a.c.u.util.UserUtilService   : 2 students generated. Generate 1 tutors...
    23:46:04.823 | 385 ool-1-worker-149 | DEBUG | d.t.c.a.a.c.u.util.UserUtilService   : 1 tutors generated. Generate 1 editors...
    23:46:04.825 | 385 ool-1-worker-149 | DEBUG | d.t.c.a.a.c.u.util.UserUtilService   : 1 editors generated. Generate 1 instructors...
    23:46:04.828 | 385 ool-1-worker-149 | DEBUG | d.t.c.a.a.c.u.util.UserUtilService   : 1 instructors generated
    23:46:04.830 | 385 ool-1-worker-149 | DEBUG | d.t.c.a.a.c.u.util.UserUtilService   : Removing 5 users from all courses...
    23:46:04.831 | 385 ool-1-worker-149 | DEBUG | d.t.c.a.a.c.u.util.UserUtilService   : Removing 5 users from all courses. Done
    23:46:04.831 | 385 ool-1-worker-149 | DEBUG | d.t.c.a.a.c.u.util.UserUtilService   : Save 5 users to database...
    23:46:04.836 | 385 ool-1-worker-149 | DEBUG | d.t.c.a.a.c.u.util.UserUtilService   : Save 5 users to database. Done
    23:46:04.857 | 385 ool-1-worker-149 | DEBUG | PersonalAccessTokenManagementService : Generate secure vcs access token
    23:46:04.865 | 385 ool-1-worker-149 | INFO  | i.z.t.d.l.EmbeddedDatabaseReporter   : JDBC URL to connect to 'dataSource': url='jdbc:h2:tcp://localhost:41063/mem:df70fc46-7e57-4cb5-9cd0-c1d90c14afa7;USER=sa', scope='ParticipationAuthorizationCheckServiceTest#testStudentCannotAccessOtherTextParticipation'

  Starting logs for ParticipationAuthorizationCheckServiceTest > testCanAccessParticipationAsEditor()
    23:46:04.891 | 385 ool-1-worker-149 | DEBUG | d.t.c.a.a.c.u.util.UserUtilService   : Generate 2 students...
    23:46:04.895 | 385 ool-1-worker-149 | DEBUG | d.t.c.a.a.c.u.util.UserUtilService   : 2 students generated. Generate 1 tutors...
    23:46:04.897 | 385 ool-1-worker-149 | DEBUG | d.t.c.a.a.c.u.util.UserUtilService   : 1 tutors generated. Generate 1 editors...
    23:46:04.900 | 385 ool-1-worker-149 | DEBUG | d.t.c.a.a.c.u.util.UserUtilService   : 1 editors generated. Generate 1 instructors...
    23:46:04.903 | 385 ool-1-worker-149 | DEBUG | d.t.c.a.a.c.u.util.UserUtilService   : 1 instructors generated
    23:46:04.904 | 385 ool-1-worker-149 | DEBUG | d.t.c.a.a.c.u.util.UserUtilService   : Removing 5 users from all courses...
    23:46:04.905 | 385 ool-1-worker-149 | DEBUG | d.t.c.a.a.c.u.util.UserUtilService   : Removing 5 users from all courses. Done
    23:46:04.905 | 385 ool-1-worker-149 | DEBUG | d.t.c.a.a.c.u.util.UserUtilService   : Save 5 users to database...
    23:46:04.907 | 385 ool-1-worker-149 | DEBUG | d.t.c.a.a.c.u.util.UserUtilService   : Save 5 users to database. Done
    23:46:04.923 | 385 ool-1-worker-149 | DEBUG | PersonalAccessTokenManagementService : Generate secure vcs access token
    23:46:04.928 | 385 ool-1-worker-149 | INFO  | i.z.t.d.l.EmbeddedDatabaseReporter   : JDBC URL to connect to 'dataSource': url='jdbc:h2:tcp://localhost:41063/mem:df70fc46-7e57-4cb5-9cd0-c1d90c14afa7;USER=sa', scope='ParticipationAuthorizationCheckServiceTest#testCanAccessParticipationAsEditor'

Finished logs for ParticipationAuthorizationCheckServiceTest
]]></system-out>
  <system-err><![CDATA[]]></system-err>
</testsuite>
