<?xml version="1.0" encoding="UTF-8"?>
<testsuite name="de.tum.cit.aet.artemis.shared.architecture.EnforceRoleInResourceArchitectureTest" tests="2" skipped="0" failures="0" errors="0" timestamp="2025-02-14T23:46:31" hostname="fv-az1721-502" time="0.254">
  <properties/>
  <testcase name="testEnforceRoleInExerciseEndpointHasExerciseIdParameter()" classname="de.tum.cit.aet.artemis.shared.architecture.EnforceRoleInResourceArchitectureTest" time="0.131"/>
  <testcase name="testEnforceRoleInCourseEndpointHasCourseIdParameter()" classname="de.tum.cit.aet.artemis.shared.architecture.EnforceRoleInResourceArchitectureTest" time="0.119"/>
  <system-out><![CDATA[
Starting logs for EnforceRoleInResourceArchitectureTest

  Starting logs for EnforceRoleInResourceArchitectureTest > testEnforceRoleInExerciseEndpointHasExerciseIdParameter()

  Starting logs for EnforceRoleInResourceArchitectureTest > testEnforceRoleInCourseEndpointHasCourseIdParameter()

Finished logs for EnforceRoleInResourceArchitectureTest
]]></system-out>
  <system-err><![CDATA[]]></system-err>
</testsuite>
