<?xml version="1.0" encoding="UTF-8"?>
<testsuite name="de.tum.cit.aet.artemis.core.CourseTest" tests="16" skipped="0" failures="0" errors="0" timestamp="2025-02-14T23:39:33" hostname="fv-az1721-502" time="0.085">
  <properties/>
  <testcase name="testValidateEnrollmentConfirmationMessage(Course, boolean) [1] course=Course{id=null, title='null', description='null', shortName='null', studentGroupName='null', teachingAssistantGroupName='null', editorGroupName='null', instructorGroupName='null', startDate='null', endDate='null', enrollmentStartDate='null', enrollmentEndDate='null', unenrollmentEndDate='null', semester='null'', onlineCourse='false', color='null', courseIcon='null', enrollmentEnabled='null', unenrollmentEnabled='false', presentationScore='null', faqEnabled='false'}, expectException=false" classname="de.tum.cit.aet.artemis.core.CourseTest" time="0.003"/>
  <testcase name="testValidateEnrollmentConfirmationMessage(Course, boolean) [2] course=Course{id=null, title='null', description='null', shortName='null', studentGroupName='null', teachingAssistantGroupName='null', editorGroupName='null', instructorGroupName='null', startDate='null', endDate='null', enrollmentStartDate='null', enrollmentEndDate='null', unenrollmentEndDate='null', semester='null'', onlineCourse='false', color='null', courseIcon='null', enrollmentEnabled='null', unenrollmentEnabled='false', presentationScore='null', faqEnabled='false'}, expectException=true" classname="de.tum.cit.aet.artemis.core.CourseTest" time="0.006"/>
  <testcase name="testValidateOnlineCourseAndEnrollmentEnabled(Course, boolean) [1] course=Course{id=null, title='null', description='null', shortName='null', studentGroupName='null', teachingAssistantGroupName='null', editorGroupName='null', instructorGroupName='null', startDate='null', endDate='null', enrollmentStartDate='null', enrollmentEndDate='null', unenrollmentEndDate='null', semester='null'', onlineCourse='true', color='null', courseIcon='null', enrollmentEnabled='false', unenrollmentEnabled='false', presentationScore='null', faqEnabled='false'}, expectException=false" classname="de.tum.cit.aet.artemis.core.CourseTest" time="0.001"/>
  <testcase name="testValidateOnlineCourseAndEnrollmentEnabled(Course, boolean) [2] course=Course{id=null, title='null', description='null', shortName='null', studentGroupName='null', teachingAssistantGroupName='null', editorGroupName='null', instructorGroupName='null', startDate='null', endDate='null', enrollmentStartDate='null', enrollmentEndDate='null', unenrollmentEndDate='null', semester='null'', onlineCourse='false', color='null', courseIcon='null', enrollmentEnabled='true', unenrollmentEnabled='false', presentationScore='null', faqEnabled='false'}, expectException=false" classname="de.tum.cit.aet.artemis.core.CourseTest" time="0.004"/>
  <testcase name="testValidateOnlineCourseAndEnrollmentEnabled(Course, boolean) [3] course=Course{id=null, title='null', description='null', shortName='null', studentGroupName='null', teachingAssistantGroupName='null', editorGroupName='null', instructorGroupName='null', startDate='null', endDate='null', enrollmentStartDate='null', enrollmentEndDate='null', unenrollmentEndDate='null', semester='null'', onlineCourse='false', color='null', courseIcon='null', enrollmentEnabled='false', unenrollmentEnabled='false', presentationScore='null', faqEnabled='false'}, expectException=false" classname="de.tum.cit.aet.artemis.core.CourseTest" time="0.0"/>
  <testcase name="testValidateOnlineCourseAndEnrollmentEnabled(Course, boolean) [4] course=Course{id=null, title='null', description='null', shortName='null', studentGroupName='null', teachingAssistantGroupName='null', editorGroupName='null', instructorGroupName='null', startDate='null', endDate='null', enrollmentStartDate='null', enrollmentEndDate='null', unenrollmentEndDate='null', semester='null'', onlineCourse='true', color='null', courseIcon='null', enrollmentEnabled='true', unenrollmentEnabled='false', presentationScore='null', faqEnabled='false'}, expectException=true" classname="de.tum.cit.aet.artemis.core.CourseTest" time="0.002"/>
  <testcase name="testValidateStartAndEndDate(Course, boolean) [1] course=Course{id=null, title='null', description='null', shortName='null', studentGroupName='null', teachingAssistantGroupName='null', editorGroupName='null', instructorGroupName='null', startDate='2025-02-13T23:39:33.937793494Z[Etc/UTC]', endDate='2025-02-15T23:39:33.940141582Z[Etc/UTC]', enrollmentStartDate='null', enrollmentEndDate='null', unenrollmentEndDate='null', semester='null'', onlineCourse='false', color='null', courseIcon='null', enrollmentEnabled='null', unenrollmentEnabled='false', presentationScore…, expectException=false" classname="de.tum.cit.aet.artemis.core.CourseTest" time="0.001"/>
  <testcase name="testValidateStartAndEndDate(Course, boolean) [2] course=Course{id=null, title='null', description='null', shortName='null', studentGroupName='null', teachingAssistantGroupName='null', editorGroupName='null', instructorGroupName='null', startDate='2025-02-15T23:39:33.940141582Z[Etc/UTC]', endDate='2025-02-13T23:39:33.937793494Z[Etc/UTC]', enrollmentStartDate='null', enrollmentEndDate='null', unenrollmentEndDate='null', semester='null'', onlineCourse='false', color='null', courseIcon='null', enrollmentEnabled='null', unenrollmentEnabled='false', presentationScore…, expectException=true" classname="de.tum.cit.aet.artemis.core.CourseTest" time="0.004"/>
  <testcase name="testValidateEnrollmentStartAndEndDate(Course, boolean) [1] course=Course{id=null, title='null', description='null', shortName='null', studentGroupName='null', teachingAssistantGroupName='null', editorGroupName='null', instructorGroupName='null', startDate='2025-02-13T23:39:33.947888988Z[Etc/UTC]', endDate='2025-02-16T23:39:33.947917201Z[Etc/UTC]', enrollmentStartDate='2025-02-12T23:39:33.947905158Z[Etc/UTC]', enrollmentEndDate='2025-02-15T23:39:33.947911871Z[Etc/UTC]', unenrollmentEndDate='null', semester='null'', onlineCourse='false', color='null', courseIcon='null', en…, expectException=false" classname="de.tum.cit.aet.artemis.core.CourseTest" time="0.007"/>
  <testcase name="testValidateEnrollmentStartAndEndDate(Course, boolean) [2] course=Course{id=null, title='null', description='null', shortName='null', studentGroupName='null', teachingAssistantGroupName='null', editorGroupName='null', instructorGroupName='null', startDate='2025-02-13T23:39:33.947888988Z[Etc/UTC]', endDate='2025-02-16T23:39:33.947917201Z[Etc/UTC]', enrollmentStartDate='2025-02-15T23:39:33.947911871Z[Etc/UTC]', enrollmentEndDate='2025-02-12T23:39:33.947905158Z[Etc/UTC]', unenrollmentEndDate='null', semester='null'', onlineCourse='false', color='null', courseIcon='null', en…, expectException=true" classname="de.tum.cit.aet.artemis.core.CourseTest" time="0.001"/>
  <testcase name="testValidateEnrollmentStartAndEndDate(Course, boolean) [3] course=Course{id=null, title='null', description='null', shortName='null', studentGroupName='null', teachingAssistantGroupName='null', editorGroupName='null', instructorGroupName='null', startDate='null', endDate='null', enrollmentStartDate='2025-02-12T23:39:33.947905158Z[Etc/UTC]', enrollmentEndDate='2025-02-15T23:39:33.947911871Z[Etc/UTC]', unenrollmentEndDate='null', semester='null'', onlineCourse='false', color='null', courseIcon='null', enrollmentEnabled='true', unenrollmentEnabled='false', presentationScore…, expectException=true" classname="de.tum.cit.aet.artemis.core.CourseTest" time="0.001"/>
  <testcase name="testValidateEnrollmentStartAndEndDate(Course, boolean) [4] course=Course{id=null, title='null', description='null', shortName='null', studentGroupName='null', teachingAssistantGroupName='null', editorGroupName='null', instructorGroupName='null', startDate='2025-02-16T23:39:33.947917201Z[Etc/UTC]', endDate='2025-02-13T23:39:33.947888988Z[Etc/UTC]', enrollmentStartDate='2025-02-12T23:39:33.947905158Z[Etc/UTC]', enrollmentEndDate='2025-02-15T23:39:33.947911871Z[Etc/UTC]', unenrollmentEndDate='null', semester='null'', onlineCourse='false', color='null', courseIcon='null', en…, expectException=true" classname="de.tum.cit.aet.artemis.core.CourseTest" time="0.001"/>
  <testcase name="testValidateEnrollmentStartAndEndDate(Course, boolean) [5] course=Course{id=null, title='null', description='null', shortName='null', studentGroupName='null', teachingAssistantGroupName='null', editorGroupName='null', instructorGroupName='null', startDate='2025-02-12T23:39:33.947905158Z[Etc/UTC]', endDate='2025-02-16T23:39:33.947917201Z[Etc/UTC]', enrollmentStartDate='2025-02-13T23:39:33.947888988Z[Etc/UTC]', enrollmentEndDate='2025-02-15T23:39:33.947911871Z[Etc/UTC]', unenrollmentEndDate='null', semester='null'', onlineCourse='false', color='null', courseIcon='null', en…, expectException=true" classname="de.tum.cit.aet.artemis.core.CourseTest" time="0.001"/>
  <testcase name="testValidateEnrollmentStartAndEndDate(Course, boolean) [6] course=Course{id=null, title='null', description='null', shortName='null', studentGroupName='null', teachingAssistantGroupName='null', editorGroupName='null', instructorGroupName='null', startDate='2025-02-13T23:39:33.947888988Z[Etc/UTC]', endDate='2025-02-15T23:39:33.947911871Z[Etc/UTC]', enrollmentStartDate='2025-02-12T23:39:33.947905158Z[Etc/UTC]', enrollmentEndDate='2025-02-16T23:39:33.947917201Z[Etc/UTC]', unenrollmentEndDate='null', semester='null'', onlineCourse='false', color='null', courseIcon='null', en…, expectException=true" classname="de.tum.cit.aet.artemis.core.CourseTest" time="0.011"/>
  <testcase name="testValidateUnenrollmentEndDate(Course, boolean) [1] course=Course{id=null, title='null', description='null', shortName='null', studentGroupName='null', teachingAssistantGroupName='null', editorGroupName='null', instructorGroupName='null', startDate='2025-02-13T23:39:33.987546544Z[Etc/UTC]', endDate='2025-02-17T23:39:33.990146823Z[Etc/UTC]', enrollmentStartDate='2025-02-11T23:39:33.987569287Z[Etc/UTC]', enrollmentEndDate='2025-02-15T23:39:33.987575468Z[Etc/UTC]', unenrollmentEndDate='2025-02-16T23:39:33.990173863Z[Etc/UTC]', semester='null'', onlineCourse='false', …, expectException=false" classname="de.tum.cit.aet.artemis.core.CourseTest" time="0.002"/>
  <testcase name="testValidateUnenrollmentEndDate(Course, boolean) [2] course=Course{id=null, title='null', description='null', shortName='null', studentGroupName='null', teachingAssistantGroupName='null', editorGroupName='null', instructorGroupName='null', startDate='2025-02-13T23:39:33.987546544Z[Etc/UTC]', endDate='2025-02-17T23:39:33.990146823Z[Etc/UTC]', enrollmentStartDate='null', enrollmentEndDate='null', unenrollmentEndDate='2025-02-16T23:39:33.990185906Z[Etc/UTC]', semester='null'', onlineCourse='false', color='null', courseIcon='null', enrollmentEnabled='true', unenrollmen…, expectException=true" classname="de.tum.cit.aet.artemis.core.CourseTest" time="0.001"/>
  <system-out><![CDATA[
Starting logs for CourseTest

  Starting logs for CourseTest > testValidateEnrollmentConfirmationMessage(Course, boolean) [1] course=Course{id=null, title='null', description='null', shortName='null', studentGroupName='null', teachingAssistantGroupName='null', editorGroupName='null', instructorGroupName='null', startDate='null', endDate='null', enrollmentStartDate='null', enrollmentEndDate='null', unenrollmentEndDate='null', semester='null'', onlineCourse='false', color='null', courseIcon='null', enrollmentEnabled='null', unenrollmentEnabled='false', presentationScore='null', faqEnabled='false'}, expectException=false

  Starting logs for CourseTest > testValidateEnrollmentConfirmationMessage(Course, boolean) [2] course=Course{id=null, title='null', description='null', shortName='null', studentGroupName='null', teachingAssistantGroupName='null', editorGroupName='null', instructorGroupName='null', startDate='null', endDate='null', enrollmentStartDate='null', enrollmentEndDate='null', unenrollmentEndDate='null', semester='null'', onlineCourse='false', color='null', courseIcon='null', enrollmentEnabled='null', unenrollmentEnabled='false', presentationScore='null', faqEnabled='false'}, expectException=true

  Starting logs for CourseTest > testValidateOnlineCourseAndEnrollmentEnabled(Course, boolean) [1] course=Course{id=null, title='null', description='null', shortName='null', studentGroupName='null', teachingAssistantGroupName='null', editorGroupName='null', instructorGroupName='null', startDate='null', endDate='null', enrollmentStartDate='null', enrollmentEndDate='null', unenrollmentEndDate='null', semester='null'', onlineCourse='true', color='null', courseIcon='null', enrollmentEnabled='false', unenrollmentEnabled='false', presentationScore='null', faqEnabled='false'}, expectException=false

  Starting logs for CourseTest > testValidateOnlineCourseAndEnrollmentEnabled(Course, boolean) [2] course=Course{id=null, title='null', description='null', shortName='null', studentGroupName='null', teachingAssistantGroupName='null', editorGroupName='null', instructorGroupName='null', startDate='null', endDate='null', enrollmentStartDate='null', enrollmentEndDate='null', unenrollmentEndDate='null', semester='null'', onlineCourse='false', color='null', courseIcon='null', enrollmentEnabled='true', unenrollmentEnabled='false', presentationScore='null', faqEnabled='false'}, expectException=false

  Starting logs for CourseTest > testValidateOnlineCourseAndEnrollmentEnabled(Course, boolean) [3] course=Course{id=null, title='null', description='null', shortName='null', studentGroupName='null', teachingAssistantGroupName='null', editorGroupName='null', instructorGroupName='null', startDate='null', endDate='null', enrollmentStartDate='null', enrollmentEndDate='null', unenrollmentEndDate='null', semester='null'', onlineCourse='false', color='null', courseIcon='null', enrollmentEnabled='false', unenrollmentEnabled='false', presentationScore='null', faqEnabled='false'}, expectException=false

  Starting logs for CourseTest > testValidateOnlineCourseAndEnrollmentEnabled(Course, boolean) [4] course=Course{id=null, title='null', description='null', shortName='null', studentGroupName='null', teachingAssistantGroupName='null', editorGroupName='null', instructorGroupName='null', startDate='null', endDate='null', enrollmentStartDate='null', enrollmentEndDate='null', unenrollmentEndDate='null', semester='null'', onlineCourse='true', color='null', courseIcon='null', enrollmentEnabled='true', unenrollmentEnabled='false', presentationScore='null', faqEnabled='false'}, expectException=true

  Starting logs for CourseTest > testValidateStartAndEndDate(Course, boolean) [1] course=Course{id=null, title='null', description='null', shortName='null', studentGroupName='null', teachingAssistantGroupName='null', editorGroupName='null', instructorGroupName='null', startDate='2025-02-13T23:39:33.937793494Z[Etc/UTC]', endDate='2025-02-15T23:39:33.940141582Z[Etc/UTC]', enrollmentStartDate='null', enrollmentEndDate='null', unenrollmentEndDate='null', semester='null'', onlineCourse='false', color='null', courseIcon='null', enrollmentEnabled='null', unenrollmentEnabled='false', presentationScore…, expectException=false

  Starting logs for CourseTest > testValidateStartAndEndDate(Course, boolean) [2] course=Course{id=null, title='null', description='null', shortName='null', studentGroupName='null', teachingAssistantGroupName='null', editorGroupName='null', instructorGroupName='null', startDate='2025-02-15T23:39:33.940141582Z[Etc/UTC]', endDate='2025-02-13T23:39:33.937793494Z[Etc/UTC]', enrollmentStartDate='null', enrollmentEndDate='null', unenrollmentEndDate='null', semester='null'', onlineCourse='false', color='null', courseIcon='null', enrollmentEnabled='null', unenrollmentEnabled='false', presentationScore…, expectException=true

  Starting logs for CourseTest > testValidateEnrollmentStartAndEndDate(Course, boolean) [1] course=Course{id=null, title='null', description='null', shortName='null', studentGroupName='null', teachingAssistantGroupName='null', editorGroupName='null', instructorGroupName='null', startDate='2025-02-13T23:39:33.947888988Z[Etc/UTC]', endDate='2025-02-16T23:39:33.947917201Z[Etc/UTC]', enrollmentStartDate='2025-02-12T23:39:33.947905158Z[Etc/UTC]', enrollmentEndDate='2025-02-15T23:39:33.947911871Z[Etc/UTC]', unenrollmentEndDate='null', semester='null'', onlineCourse='false', color='null', courseIcon='null', en…, expectException=false

  Starting logs for CourseTest > testValidateEnrollmentStartAndEndDate(Course, boolean) [2] course=Course{id=null, title='null', description='null', shortName='null', studentGroupName='null', teachingAssistantGroupName='null', editorGroupName='null', instructorGroupName='null', startDate='2025-02-13T23:39:33.947888988Z[Etc/UTC]', endDate='2025-02-16T23:39:33.947917201Z[Etc/UTC]', enrollmentStartDate='2025-02-15T23:39:33.947911871Z[Etc/UTC]', enrollmentEndDate='2025-02-12T23:39:33.947905158Z[Etc/UTC]', unenrollmentEndDate='null', semester='null'', onlineCourse='false', color='null', courseIcon='null', en…, expectException=true

  Starting logs for CourseTest > testValidateEnrollmentStartAndEndDate(Course, boolean) [3] course=Course{id=null, title='null', description='null', shortName='null', studentGroupName='null', teachingAssistantGroupName='null', editorGroupName='null', instructorGroupName='null', startDate='null', endDate='null', enrollmentStartDate='2025-02-12T23:39:33.947905158Z[Etc/UTC]', enrollmentEndDate='2025-02-15T23:39:33.947911871Z[Etc/UTC]', unenrollmentEndDate='null', semester='null'', onlineCourse='false', color='null', courseIcon='null', enrollmentEnabled='true', unenrollmentEnabled='false', presentationScore…, expectException=true

  Starting logs for CourseTest > testValidateEnrollmentStartAndEndDate(Course, boolean) [4] course=Course{id=null, title='null', description='null', shortName='null', studentGroupName='null', teachingAssistantGroupName='null', editorGroupName='null', instructorGroupName='null', startDate='2025-02-16T23:39:33.947917201Z[Etc/UTC]', endDate='2025-02-13T23:39:33.947888988Z[Etc/UTC]', enrollmentStartDate='2025-02-12T23:39:33.947905158Z[Etc/UTC]', enrollmentEndDate='2025-02-15T23:39:33.947911871Z[Etc/UTC]', unenrollmentEndDate='null', semester='null'', onlineCourse='false', color='null', courseIcon='null', en…, expectException=true

  Starting logs for CourseTest > testValidateEnrollmentStartAndEndDate(Course, boolean) [5] course=Course{id=null, title='null', description='null', shortName='null', studentGroupName='null', teachingAssistantGroupName='null', editorGroupName='null', instructorGroupName='null', startDate='2025-02-12T23:39:33.947905158Z[Etc/UTC]', endDate='2025-02-16T23:39:33.947917201Z[Etc/UTC]', enrollmentStartDate='2025-02-13T23:39:33.947888988Z[Etc/UTC]', enrollmentEndDate='2025-02-15T23:39:33.947911871Z[Etc/UTC]', unenrollmentEndDate='null', semester='null'', onlineCourse='false', color='null', courseIcon='null', en…, expectException=true

  Starting logs for CourseTest > testValidateEnrollmentStartAndEndDate(Course, boolean) [6] course=Course{id=null, title='null', description='null', shortName='null', studentGroupName='null', teachingAssistantGroupName='null', editorGroupName='null', instructorGroupName='null', startDate='2025-02-13T23:39:33.947888988Z[Etc/UTC]', endDate='2025-02-15T23:39:33.947911871Z[Etc/UTC]', enrollmentStartDate='2025-02-12T23:39:33.947905158Z[Etc/UTC]', enrollmentEndDate='2025-02-16T23:39:33.947917201Z[Etc/UTC]', unenrollmentEndDate='null', semester='null'', onlineCourse='false', color='null', courseIcon='null', en…, expectException=true

  Starting logs for CourseTest > testValidateUnenrollmentEndDate(Course, boolean) [1] course=Course{id=null, title='null', description='null', shortName='null', studentGroupName='null', teachingAssistantGroupName='null', editorGroupName='null', instructorGroupName='null', startDate='2025-02-13T23:39:33.987546544Z[Etc/UTC]', endDate='2025-02-17T23:39:33.990146823Z[Etc/UTC]', enrollmentStartDate='2025-02-11T23:39:33.987569287Z[Etc/UTC]', enrollmentEndDate='2025-02-15T23:39:33.987575468Z[Etc/UTC]', unenrollmentEndDate='2025-02-16T23:39:33.990173863Z[Etc/UTC]', semester='null'', onlineCourse='false', …, expectException=false

  Starting logs for CourseTest > testValidateUnenrollmentEndDate(Course, boolean) [2] course=Course{id=null, title='null', description='null', shortName='null', studentGroupName='null', teachingAssistantGroupName='null', editorGroupName='null', instructorGroupName='null', startDate='2025-02-13T23:39:33.987546544Z[Etc/UTC]', endDate='2025-02-17T23:39:33.990146823Z[Etc/UTC]', enrollmentStartDate='null', enrollmentEndDate='null', unenrollmentEndDate='2025-02-16T23:39:33.990185906Z[Etc/UTC]', semester='null'', onlineCourse='false', color='null', courseIcon='null', enrollmentEnabled='true', unenrollmen…, expectException=true

Finished logs for CourseTest
]]></system-out>
  <system-err><![CDATA[]]></system-err>
</testsuite>
