<?xml version="1.0" encoding="UTF-8"?>
<testsuite name="de.tum.cit.aet.artemis.plagiarism.PlagiarismIntegrationTest" tests="15" skipped="0" failures="0" errors="0" timestamp="2025-02-14T23:47:17" hostname="fv-az1721-502" time="1.841">
  <properties/>
  <testcase name="testNumberOfPlagiarismResultsForExercise_instructorNotInCourse_forbidden()" classname="de.tum.cit.aet.artemis.plagiarism.PlagiarismIntegrationTest" time="0.174"/>
  <testcase name="testUpdatePlagiarismComparisonStatus_forbidden_student()" classname="de.tum.cit.aet.artemis.plagiarism.PlagiarismIntegrationTest" time="0.178"/>
  <testcase name="testDeletePlagiarismComparisons_editor()" classname="de.tum.cit.aet.artemis.plagiarism.PlagiarismIntegrationTest" time="0.157"/>
  <testcase name="testNumberOfPlagiarismResultsForExercise_instructor_correct()" classname="de.tum.cit.aet.artemis.plagiarism.PlagiarismIntegrationTest" time="0.123"/>
  <testcase name="testGetPlagiarismComparisonsForSplitView_student_forbidden()" classname="de.tum.cit.aet.artemis.plagiarism.PlagiarismIntegrationTest" time="0.119"/>
  <testcase name="testNumberOfPlagiarismResultsForExercise_tutor_forbidden()" classname="de.tum.cit.aet.artemis.plagiarism.PlagiarismIntegrationTest" time="0.098"/>
  <testcase name="testUpdatePlagiarismComparisonStatus_badRequest_teamExercise()" classname="de.tum.cit.aet.artemis.plagiarism.PlagiarismIntegrationTest" time="0.121"/>
  <testcase name="testDeletePlagiarismComparisons_tutor()" classname="de.tum.cit.aet.artemis.plagiarism.PlagiarismIntegrationTest" time="0.111"/>
  <testcase name="testUpdatePlagiarismComparisonStatus_forbidden_tutor()" classname="de.tum.cit.aet.artemis.plagiarism.PlagiarismIntegrationTest" time="0.078"/>
  <testcase name="testDeletePlagiarismComparisons_instructor_deleteAll()" classname="de.tum.cit.aet.artemis.plagiarism.PlagiarismIntegrationTest" time="0.086"/>
  <testcase name="testGetPlagiarismComparisonsForSplitView_student()" classname="de.tum.cit.aet.artemis.plagiarism.PlagiarismIntegrationTest" time="0.103"/>
  <testcase name="testDeletePlagiarismComparisons_instructor()" classname="de.tum.cit.aet.artemis.plagiarism.PlagiarismIntegrationTest" time="0.094"/>
  <testcase name="testGetPlagiarismComparisonsForSplitView_editor()" classname="de.tum.cit.aet.artemis.plagiarism.PlagiarismIntegrationTest" time="0.091"/>
  <testcase name="testDeletePlagiarismComparisons_student()" classname="de.tum.cit.aet.artemis.plagiarism.PlagiarismIntegrationTest" time="0.077"/>
  <testcase name="testUpdatePlagiarismComparisonStatus()" classname="de.tum.cit.aet.artemis.plagiarism.PlagiarismIntegrationTest" time="0.197"/>
  <system-out><![CDATA[
Starting logs for PlagiarismIntegrationTest

  Starting logs for PlagiarismIntegrationTest > testNumberOfPlagiarismResultsForExercise_instructorNotInCourse_forbidden()
    23:47:17.735 | 436 ool-1-worker-200 | DEBUG | d.t.c.a.a.c.u.util.UserUtilService   : Generate 3 students...
    23:47:17.741 | 436 ool-1-worker-200 | DEBUG | d.t.c.a.a.c.u.util.UserUtilService   : 3 students generated. Generate 1 tutors...
    23:47:17.742 | 436 ool-1-worker-200 | DEBUG | d.t.c.a.a.c.u.util.UserUtilService   : 1 tutors generated. Generate 1 editors...
    23:47:17.747 | 436 ool-1-worker-200 | DEBUG | d.t.c.a.a.c.u.util.UserUtilService   : 1 editors generated. Generate 1 instructors...
    23:47:17.752 | 436 ool-1-worker-200 | DEBUG | d.t.c.a.a.c.u.util.UserUtilService   : 1 instructors generated
    23:47:17.758 | 436 ool-1-worker-200 | DEBUG | d.t.c.a.a.c.u.util.UserUtilService   : Removing 15 users from all courses...
    23:47:17.763 | 436 ool-1-worker-200 | DEBUG | d.t.c.a.a.c.u.util.UserUtilService   : Removing 15 users from all courses. Done
    23:47:17.763 | 436 ool-1-worker-200 | DEBUG | d.t.c.a.a.c.u.util.UserUtilService   : Save 6 users to database...
    23:47:17.769 | 436 ool-1-worker-200 | DEBUG | d.t.c.a.a.c.u.util.UserUtilService   : Save 6 users to database. Done
    23:47:17.851 | 436 ool-1-worker-200 | INFO  | i.z.t.d.l.EmbeddedDatabaseReporter   : JDBC URL to connect to 'dataSource': url='jdbc:h2:tcp://localhost:41063/mem:df70fc46-7e57-4cb5-9cd0-c1d90c14afa7;USER=sa', scope='PlagiarismIntegrationTest#testNumberOfPlagiarismResultsForExercise_instructorNotInCourse_forbidden'
    23:47:17.864 | 436 ool-1-worker-200 | DEBUG | d.t.c.a.a.c.s.f.ApiVersionFilter     : Adding Version to Request GET /api/exercises/3246/potential-plagiarism-count
    23:47:17.875 | 436 ool-1-worker-200 | WARN  | o.z.p.spring.common.AdviceTraits     : Forbidden: You are not allowed to access the Course with id 2462

  Starting logs for PlagiarismIntegrationTest > testUpdatePlagiarismComparisonStatus_forbidden_student()
    23:47:17.913 | 436 ool-1-worker-200 | DEBUG | d.t.c.a.a.c.u.util.UserUtilService   : Generate 3 students...
    23:47:17.927 | 436 ool-1-worker-200 | DEBUG | d.t.c.a.a.c.u.util.UserUtilService   : 3 students generated. Generate 1 tutors...
    23:47:17.932 | 436 ool-1-worker-200 | DEBUG | d.t.c.a.a.c.u.util.UserUtilService   : 1 tutors generated. Generate 1 editors...
    23:47:17.938 | 436 ool-1-worker-200 | DEBUG | d.t.c.a.a.c.u.util.UserUtilService   : 1 editors generated. Generate 1 instructors...
    23:47:17.944 | 436 ool-1-worker-200 | DEBUG | d.t.c.a.a.c.u.util.UserUtilService   : 1 instructors generated
    23:47:17.950 | 436 ool-1-worker-200 | DEBUG | d.t.c.a.a.c.u.util.UserUtilService   : Removing 6 users from all courses...
    23:47:17.954 | 436 ool-1-worker-200 | DEBUG | d.t.c.a.a.c.u.util.UserUtilService   : Removing 6 users from all courses. Done
    23:47:17.954 | 436 ool-1-worker-200 | DEBUG | d.t.c.a.a.c.u.util.UserUtilService   : Save 6 users to database...
    23:47:17.980 | 436 ool-1-worker-200 | DEBUG | d.t.c.a.a.c.u.util.UserUtilService   : Save 6 users to database. Done
    23:47:18.067 | 436 ool-1-worker-200 | INFO  | i.z.t.d.l.EmbeddedDatabaseReporter   : JDBC URL to connect to 'dataSource': url='jdbc:h2:tcp://localhost:41063/mem:df70fc46-7e57-4cb5-9cd0-c1d90c14afa7;USER=sa', scope='PlagiarismIntegrationTest#testUpdatePlagiarismComparisonStatus_forbidden_student'
    23:47:18.069 | 436 ool-1-worker-200 | DEBUG | d.t.c.a.a.c.s.f.ApiVersionFilter     : Adding Version to Request PUT /api/courses/1/plagiarism-comparisons/1/status
    23:47:18.072 | 436 ool-1-worker-200 | WARN  | o.z.p.spring.common.AdviceTraits     : Forbidden: Access Denied

  Starting logs for PlagiarismIntegrationTest > testDeletePlagiarismComparisons_editor()
    23:47:18.089 | 436 ool-1-worker-200 | DEBUG | d.t.c.a.a.c.u.util.UserUtilService   : Generate 3 students...
    23:47:18.095 | 436 ool-1-worker-200 | DEBUG | d.t.c.a.a.c.u.util.UserUtilService   : 3 students generated. Generate 1 tutors...
    23:47:18.098 | 436 ool-1-worker-200 | DEBUG | d.t.c.a.a.c.u.util.UserUtilService   : 1 tutors generated. Generate 1 editors...
    23:47:18.101 | 436 ool-1-worker-200 | DEBUG | d.t.c.a.a.c.u.util.UserUtilService   : 1 editors generated. Generate 1 instructors...
    23:47:18.104 | 436 ool-1-worker-200 | DEBUG | d.t.c.a.a.c.u.util.UserUtilService   : 1 instructors generated
    23:47:18.106 | 436 ool-1-worker-200 | DEBUG | d.t.c.a.a.c.u.util.UserUtilService   : Removing 6 users from all courses...
    23:47:18.107 | 436 ool-1-worker-200 | DEBUG | d.t.c.a.a.c.u.util.UserUtilService   : Removing 6 users from all courses. Done
    23:47:18.107 | 436 ool-1-worker-200 | DEBUG | d.t.c.a.a.c.u.util.UserUtilService   : Save 6 users to database...
    23:47:18.113 | 436 ool-1-worker-200 | DEBUG | d.t.c.a.a.c.u.util.UserUtilService   : Save 6 users to database. Done
    23:47:18.164 | 436 ool-1-worker-200 | INFO  | i.z.t.d.l.EmbeddedDatabaseReporter   : JDBC URL to connect to 'dataSource': url='jdbc:h2:tcp://localhost:41063/mem:df70fc46-7e57-4cb5-9cd0-c1d90c14afa7;USER=sa', scope='PlagiarismIntegrationTest#testDeletePlagiarismComparisons_editor'
    23:47:18.170 | 436 ool-1-worker-200 | DEBUG | d.t.c.a.a.c.s.f.ApiVersionFilter     : Adding Version to Request DELETE /api/exercises/1/plagiarism-results/1/plagiarism-comparisons
    23:47:18.184 | 436 ool-1-worker-200 | WARN  | o.z.p.spring.common.AdviceTraits     : Forbidden: Access Denied

  Starting logs for PlagiarismIntegrationTest > testNumberOfPlagiarismResultsForExercise_instructor_correct()
    23:47:18.256 | 436 ool-1-worker-200 | DEBUG | d.t.c.a.a.c.u.util.UserUtilService   : Generate 3 students...
    23:47:18.268 | 436 ool-1-worker-200 | DEBUG | d.t.c.a.a.c.u.util.UserUtilService   : 3 students generated. Generate 1 tutors...
    23:47:18.277 | 436 ool-1-worker-200 | DEBUG | d.t.c.a.a.c.u.util.UserUtilService   : 1 tutors generated. Generate 1 editors...
    23:47:18.283 | 436 ool-1-worker-200 | DEBUG | d.t.c.a.a.c.u.util.UserUtilService   : 1 editors generated. Generate 1 instructors...
    23:47:18.289 | 436 ool-1-worker-200 | DEBUG | d.t.c.a.a.c.u.util.UserUtilService   : 1 instructors generated
    23:47:18.294 | 436 ool-1-worker-200 | DEBUG | d.t.c.a.a.c.u.util.UserUtilService   : Removing 6 users from all courses...
    23:47:18.296 | 436 ool-1-worker-200 | DEBUG | d.t.c.a.a.c.u.util.UserUtilService   : Removing 6 users from all courses. Done
    23:47:18.296 | 436 ool-1-worker-200 | DEBUG | d.t.c.a.a.c.u.util.UserUtilService   : Save 6 users to database...
    23:47:18.304 | 436 ool-1-worker-200 | DEBUG | d.t.c.a.a.c.u.util.UserUtilService   : Save 6 users to database. Done
    23:47:18.345 | 436 ool-1-worker-200 | INFO  | i.z.t.d.l.EmbeddedDatabaseReporter   : JDBC URL to connect to 'dataSource': url='jdbc:h2:tcp://localhost:41063/mem:df70fc46-7e57-4cb5-9cd0-c1d90c14afa7;USER=sa', scope='PlagiarismIntegrationTest#testNumberOfPlagiarismResultsForExercise_instructor_correct'
    23:47:18.347 | 436 ool-1-worker-200 | DEBUG | d.t.c.a.a.c.s.f.ApiVersionFilter     : Adding Version to Request GET /api/exercises/3249/potential-plagiarism-count

  Starting logs for PlagiarismIntegrationTest > testGetPlagiarismComparisonsForSplitView_student_forbidden()
    23:47:18.372 | 436 ool-1-worker-200 | DEBUG | d.t.c.a.a.c.u.util.UserUtilService   : Generate 3 students...
    23:47:18.378 | 436 ool-1-worker-200 | DEBUG | d.t.c.a.a.c.u.util.UserUtilService   : 3 students generated. Generate 1 tutors...
    23:47:18.381 | 436 ool-1-worker-200 | DEBUG | d.t.c.a.a.c.u.util.UserUtilService   : 1 tutors generated. Generate 1 editors...
    23:47:18.384 | 436 ool-1-worker-200 | DEBUG | d.t.c.a.a.c.u.util.UserUtilService   : 1 editors generated. Generate 1 instructors...
    23:47:18.387 | 436 ool-1-worker-200 | DEBUG | d.t.c.a.a.c.u.util.UserUtilService   : 1 instructors generated
    23:47:18.389 | 436 ool-1-worker-200 | DEBUG | d.t.c.a.a.c.u.util.UserUtilService   : Removing 6 users from all courses...
    23:47:18.390 | 436 ool-1-worker-200 | DEBUG | d.t.c.a.a.c.u.util.UserUtilService   : Removing 6 users from all courses. Done
    23:47:18.390 | 436 ool-1-worker-200 | DEBUG | d.t.c.a.a.c.u.util.UserUtilService   : Save 6 users to database...
    23:47:18.396 | 436 ool-1-worker-200 | DEBUG | d.t.c.a.a.c.u.util.UserUtilService   : Save 6 users to database. Done
    23:47:18.462 | 436 ool-1-worker-200 | INFO  | i.z.t.d.l.EmbeddedDatabaseReporter   : JDBC URL to connect to 'dataSource': url='jdbc:h2:tcp://localhost:41063/mem:df70fc46-7e57-4cb5-9cd0-c1d90c14afa7;USER=sa', scope='PlagiarismIntegrationTest#testGetPlagiarismComparisonsForSplitView_student_forbidden'
    23:47:18.464 | 436 ool-1-worker-200 | DEBUG | d.t.c.a.a.c.s.f.ApiVersionFilter     : Adding Version to Request GET /api/courses/2466/plagiarism-comparisons/252/for-split-view
    23:47:18.476 | 436 ool-1-worker-200 | WARN  | o.z.p.spring.common.AdviceTraits     : Forbidden: This plagiarism comparison is not related to the requesting user.

  Starting logs for PlagiarismIntegrationTest > testNumberOfPlagiarismResultsForExercise_tutor_forbidden()
    23:47:18.503 | 436 ool-1-worker-200 | DEBUG | d.t.c.a.a.c.u.util.UserUtilService   : Generate 3 students...
    23:47:18.515 | 436 ool-1-worker-200 | DEBUG | d.t.c.a.a.c.u.util.UserUtilService   : 3 students generated. Generate 1 tutors...
    23:47:18.518 | 436 ool-1-worker-200 | DEBUG | d.t.c.a.a.c.u.util.UserUtilService   : 1 tutors generated. Generate 1 editors...
    23:47:18.521 | 436 ool-1-worker-200 | DEBUG | d.t.c.a.a.c.u.util.UserUtilService   : 1 editors generated. Generate 1 instructors...
    23:47:18.524 | 436 ool-1-worker-200 | DEBUG | d.t.c.a.a.c.u.util.UserUtilService   : 1 instructors generated
    23:47:18.526 | 436 ool-1-worker-200 | DEBUG | d.t.c.a.a.c.u.util.UserUtilService   : Removing 6 users from all courses...
    23:47:18.527 | 436 ool-1-worker-200 | DEBUG | d.t.c.a.a.c.u.util.UserUtilService   : Removing 6 users from all courses. Done
    23:47:18.527 | 436 ool-1-worker-200 | DEBUG | d.t.c.a.a.c.u.util.UserUtilService   : Save 6 users to database...
    23:47:18.532 | 436 ool-1-worker-200 | DEBUG | d.t.c.a.a.c.u.util.UserUtilService   : Save 6 users to database. Done
    23:47:18.574 | 436 ool-1-worker-200 | INFO  | i.z.t.d.l.EmbeddedDatabaseReporter   : JDBC URL to connect to 'dataSource': url='jdbc:h2:tcp://localhost:41063/mem:df70fc46-7e57-4cb5-9cd0-c1d90c14afa7;USER=sa', scope='PlagiarismIntegrationTest#testNumberOfPlagiarismResultsForExercise_tutor_forbidden'
    23:47:18.576 | 436 ool-1-worker-200 | DEBUG | d.t.c.a.a.c.s.f.ApiVersionFilter     : Adding Version to Request GET /api/exercises/3251/potential-plagiarism-count
    23:47:18.578 | 436 ool-1-worker-200 | WARN  | o.z.p.spring.common.AdviceTraits     : Forbidden: Access Denied

  Starting logs for PlagiarismIntegrationTest > testUpdatePlagiarismComparisonStatus_badRequest_teamExercise()
    23:47:18.594 | 436 ool-1-worker-200 | DEBUG | d.t.c.a.a.c.u.util.UserUtilService   : Generate 3 students...
    23:47:18.600 | 436 ool-1-worker-200 | DEBUG | d.t.c.a.a.c.u.util.UserUtilService   : 3 students generated. Generate 1 tutors...
    23:47:18.603 | 436 ool-1-worker-200 | DEBUG | d.t.c.a.a.c.u.util.UserUtilService   : 1 tutors generated. Generate 1 editors...
    23:47:18.606 | 436 ool-1-worker-200 | DEBUG | d.t.c.a.a.c.u.util.UserUtilService   : 1 editors generated. Generate 1 instructors...
    23:47:18.609 | 436 ool-1-worker-200 | DEBUG | d.t.c.a.a.c.u.util.UserUtilService   : 1 instructors generated
    23:47:18.614 | 436 ool-1-worker-200 | DEBUG | d.t.c.a.a.c.u.util.UserUtilService   : Removing 6 users from all courses...
    23:47:18.615 | 436 ool-1-worker-200 | DEBUG | d.t.c.a.a.c.u.util.UserUtilService   : Removing 6 users from all courses. Done
    23:47:18.615 | 436 ool-1-worker-200 | DEBUG | d.t.c.a.a.c.u.util.UserUtilService   : Save 6 users to database...
    23:47:18.625 | 436 ool-1-worker-200 | DEBUG | d.t.c.a.a.c.u.util.UserUtilService   : Save 6 users to database. Done
    23:47:18.679 | 436 ool-1-worker-200 | INFO  | i.z.t.d.l.EmbeddedDatabaseReporter   : JDBC URL to connect to 'dataSource': url='jdbc:h2:tcp://localhost:41063/mem:df70fc46-7e57-4cb5-9cd0-c1d90c14afa7;USER=sa', scope='PlagiarismIntegrationTest#testUpdatePlagiarismComparisonStatus_badRequest_teamExercise'
    23:47:18.684 | 436 ool-1-worker-200 | DEBUG | d.t.c.a.a.c.s.f.ApiVersionFilter     : Adding Version to Request PUT /api/courses/2468/plagiarism-comparisons/256/status
    23:47:18.685 | 436 ool-1-worker-200 | INFO  | d.t.c.a.a.p.web.PlagiarismResource   : REST request to update the status NONE of the plagiarism comparison with id: 256
    23:47:18.695 | 436 ool-1-worker-200 | ERROR | tech.jhipster.web.util.HeaderUtil    : Entity processing failed, Updating the plagiarism status is not allowed for team exercises.
    23:47:18.695 | 436 ool-1-worker-200 | WARN  | o.z.p.spring.common.AdviceTraits     : Bad Request: Updating the plagiarism status is not allowed for team exercises.

  Starting logs for PlagiarismIntegrationTest > testDeletePlagiarismComparisons_tutor()
    23:47:18.724 | 436 ool-1-worker-200 | DEBUG | d.t.c.a.a.c.u.util.UserUtilService   : Generate 3 students...
    23:47:18.736 | 436 ool-1-worker-200 | DEBUG | d.t.c.a.a.c.u.util.UserUtilService   : 3 students generated. Generate 1 tutors...
    23:47:18.745 | 436 ool-1-worker-200 | DEBUG | d.t.c.a.a.c.u.util.UserUtilService   : 1 tutors generated. Generate 1 editors...
    23:47:18.748 | 436 ool-1-worker-200 | DEBUG | d.t.c.a.a.c.u.util.UserUtilService   : 1 editors generated. Generate 1 instructors...
    23:47:18.754 | 436 ool-1-worker-200 | DEBUG | d.t.c.a.a.c.u.util.UserUtilService   : 1 instructors generated
    23:47:18.760 | 436 ool-1-worker-200 | DEBUG | d.t.c.a.a.c.u.util.UserUtilService   : Removing 6 users from all courses...
    23:47:18.764 | 436 ool-1-worker-200 | DEBUG | d.t.c.a.a.c.u.util.UserUtilService   : Removing 6 users from all courses. Done
    23:47:18.764 | 436 ool-1-worker-200 | DEBUG | d.t.c.a.a.c.u.util.UserUtilService   : Save 6 users to database...
    23:47:18.769 | 436 ool-1-worker-200 | DEBUG | d.t.c.a.a.c.u.util.UserUtilService   : Save 6 users to database. Done
    23:47:18.812 | 436 ool-1-worker-200 | INFO  | i.z.t.d.l.EmbeddedDatabaseReporter   : JDBC URL to connect to 'dataSource': url='jdbc:h2:tcp://localhost:41063/mem:df70fc46-7e57-4cb5-9cd0-c1d90c14afa7;USER=sa', scope='PlagiarismIntegrationTest#testDeletePlagiarismComparisons_tutor'
    23:47:18.813 | 436 ool-1-worker-200 | DEBUG | d.t.c.a.a.c.s.f.ApiVersionFilter     : Adding Version to Request DELETE /api/exercises/1/plagiarism-results/1/plagiarism-comparisons
    23:47:18.814 | 436 ool-1-worker-200 | WARN  | o.z.p.spring.common.AdviceTraits     : Forbidden: Access Denied

  Starting logs for PlagiarismIntegrationTest > testUpdatePlagiarismComparisonStatus_forbidden_tutor()
    23:47:18.828 | 436 ool-1-worker-200 | DEBUG | d.t.c.a.a.c.u.util.UserUtilService   : Generate 3 students...
    23:47:18.834 | 436 ool-1-worker-200 | DEBUG | d.t.c.a.a.c.u.util.UserUtilService   : 3 students generated. Generate 1 tutors...
    23:47:18.836 | 436 ool-1-worker-200 | DEBUG | d.t.c.a.a.c.u.util.UserUtilService   : 1 tutors generated. Generate 1 editors...
    23:47:18.839 | 436 ool-1-worker-200 | DEBUG | d.t.c.a.a.c.u.util.UserUtilService   : 1 editors generated. Generate 1 instructors...
    23:47:18.842 | 436 ool-1-worker-200 | DEBUG | d.t.c.a.a.c.u.util.UserUtilService   : 1 instructors generated
    23:47:18.845 | 436 ool-1-worker-200 | DEBUG | d.t.c.a.a.c.u.util.UserUtilService   : Removing 6 users from all courses...
    23:47:18.846 | 436 ool-1-worker-200 | DEBUG | d.t.c.a.a.c.u.util.UserUtilService   : Removing 6 users from all courses. Done
    23:47:18.846 | 436 ool-1-worker-200 | DEBUG | d.t.c.a.a.c.u.util.UserUtilService   : Save 6 users to database...
    23:47:18.851 | 436 ool-1-worker-200 | DEBUG | d.t.c.a.a.c.u.util.UserUtilService   : Save 6 users to database. Done
    23:47:18.891 | 436 ool-1-worker-200 | INFO  | i.z.t.d.l.EmbeddedDatabaseReporter   : JDBC URL to connect to 'dataSource': url='jdbc:h2:tcp://localhost:41063/mem:df70fc46-7e57-4cb5-9cd0-c1d90c14afa7;USER=sa', scope='PlagiarismIntegrationTest#testUpdatePlagiarismComparisonStatus_forbidden_tutor'
    23:47:18.892 | 436 ool-1-worker-200 | DEBUG | d.t.c.a.a.c.s.f.ApiVersionFilter     : Adding Version to Request PUT /api/courses/1/plagiarism-comparisons/1/status
    23:47:18.894 | 436 ool-1-worker-200 | WARN  | o.z.p.spring.common.AdviceTraits     : Forbidden: Access Denied

  Starting logs for PlagiarismIntegrationTest > testDeletePlagiarismComparisons_instructor_deleteAll()
    23:47:18.909 | 436 ool-1-worker-200 | DEBUG | d.t.c.a.a.c.u.util.UserUtilService   : Generate 3 students...
    23:47:18.915 | 436 ool-1-worker-200 | DEBUG | d.t.c.a.a.c.u.util.UserUtilService   : 3 students generated. Generate 1 tutors...
    23:47:18.917 | 436 ool-1-worker-200 | DEBUG | d.t.c.a.a.c.u.util.UserUtilService   : 1 tutors generated. Generate 1 editors...
    23:47:18.920 | 436 ool-1-worker-200 | DEBUG | d.t.c.a.a.c.u.util.UserUtilService   : 1 editors generated. Generate 1 instructors...
    23:47:18.923 | 436 ool-1-worker-200 | DEBUG | d.t.c.a.a.c.u.util.UserUtilService   : 1 instructors generated
    23:47:18.925 | 436 ool-1-worker-200 | DEBUG | d.t.c.a.a.c.u.util.UserUtilService   : Removing 6 users from all courses...
    23:47:18.927 | 436 ool-1-worker-200 | DEBUG | d.t.c.a.a.c.u.util.UserUtilService   : Removing 6 users from all courses. Done
    23:47:18.927 | 436 ool-1-worker-200 | DEBUG | d.t.c.a.a.c.u.util.UserUtilService   : Save 6 users to database...
    23:47:18.932 | 436 ool-1-worker-200 | DEBUG | d.t.c.a.a.c.u.util.UserUtilService   : Save 6 users to database. Done
    23:47:18.970 | 436 ool-1-worker-200 | INFO  | i.z.t.d.l.EmbeddedDatabaseReporter   : JDBC URL to connect to 'dataSource': url='jdbc:h2:tcp://localhost:41063/mem:df70fc46-7e57-4cb5-9cd0-c1d90c14afa7;USER=sa', scope='PlagiarismIntegrationTest#testDeletePlagiarismComparisons_instructor_deleteAll'
    23:47:18.972 | 436 ool-1-worker-200 | DEBUG | d.t.c.a.a.c.s.f.ApiVersionFilter     : Adding Version to Request DELETE /api/exercises/3255/plagiarism-results/217/plagiarism-comparisons
    23:47:18.972 | 436 ool-1-worker-200 | INFO  | d.t.c.a.a.p.web.PlagiarismResource   : REST request to clean up plagiarism comparisons for exercise with id: 3255

  Starting logs for PlagiarismIntegrationTest > testGetPlagiarismComparisonsForSplitView_student()
    23:47:18.999 | 436 ool-1-worker-200 | DEBUG | d.t.c.a.a.c.u.util.UserUtilService   : Generate 3 students...
    23:47:19.005 | 436 ool-1-worker-200 | DEBUG | d.t.c.a.a.c.u.util.UserUtilService   : 3 students generated. Generate 1 tutors...
    23:47:19.008 | 436 ool-1-worker-200 | DEBUG | d.t.c.a.a.c.u.util.UserUtilService   : 1 tutors generated. Generate 1 editors...
    23:47:19.012 | 436 ool-1-worker-200 | DEBUG | d.t.c.a.a.c.u.util.UserUtilService   : 1 editors generated. Generate 1 instructors...
    23:47:19.016 | 436 ool-1-worker-200 | DEBUG | d.t.c.a.a.c.u.util.UserUtilService   : 1 instructors generated
    23:47:19.018 | 436 ool-1-worker-200 | DEBUG | d.t.c.a.a.c.u.util.UserUtilService   : Removing 6 users from all courses...
    23:47:19.019 | 436 ool-1-worker-200 | DEBUG | d.t.c.a.a.c.u.util.UserUtilService   : Removing 6 users from all courses. Done
    23:47:19.019 | 436 ool-1-worker-200 | DEBUG | d.t.c.a.a.c.u.util.UserUtilService   : Save 6 users to database...
    23:47:19.024 | 436 ool-1-worker-200 | DEBUG | d.t.c.a.a.c.u.util.UserUtilService   : Save 6 users to database. Done
    23:47:19.063 | 436 ool-1-worker-200 | INFO  | i.z.t.d.l.EmbeddedDatabaseReporter   : JDBC URL to connect to 'dataSource': url='jdbc:h2:tcp://localhost:41063/mem:df70fc46-7e57-4cb5-9cd0-c1d90c14afa7;USER=sa', scope='PlagiarismIntegrationTest#testGetPlagiarismComparisonsForSplitView_student'
    23:47:19.065 | 436 ool-1-worker-200 | DEBUG | d.t.c.a.a.c.s.f.ApiVersionFilter     : Adding Version to Request GET /api/courses/2472/plagiarism-comparisons/264/for-split-view

  Starting logs for PlagiarismIntegrationTest > testDeletePlagiarismComparisons_instructor()
    23:47:19.110 | 436 ool-1-worker-200 | DEBUG | d.t.c.a.a.c.u.util.UserUtilService   : Generate 3 students...
    23:47:19.116 | 436 ool-1-worker-200 | DEBUG | d.t.c.a.a.c.u.util.UserUtilService   : 3 students generated. Generate 1 tutors...
    23:47:19.119 | 436 ool-1-worker-200 | DEBUG | d.t.c.a.a.c.u.util.UserUtilService   : 1 tutors generated. Generate 1 editors...
    23:47:19.121 | 436 ool-1-worker-200 | DEBUG | d.t.c.a.a.c.u.util.UserUtilService   : 1 editors generated. Generate 1 instructors...
    23:47:19.124 | 436 ool-1-worker-200 | DEBUG | d.t.c.a.a.c.u.util.UserUtilService   : 1 instructors generated
    23:47:19.127 | 436 ool-1-worker-200 | DEBUG | d.t.c.a.a.c.u.util.UserUtilService   : Removing 6 users from all courses...
    23:47:19.128 | 436 ool-1-worker-200 | DEBUG | d.t.c.a.a.c.u.util.UserUtilService   : Removing 6 users from all courses. Done
    23:47:19.128 | 436 ool-1-worker-200 | DEBUG | d.t.c.a.a.c.u.util.UserUtilService   : Save 6 users to database...
    23:47:19.133 | 436 ool-1-worker-200 | DEBUG | d.t.c.a.a.c.u.util.UserUtilService   : Save 6 users to database. Done
    23:47:19.170 | 436 ool-1-worker-200 | INFO  | i.z.t.d.l.EmbeddedDatabaseReporter   : JDBC URL to connect to 'dataSource': url='jdbc:h2:tcp://localhost:41063/mem:df70fc46-7e57-4cb5-9cd0-c1d90c14afa7;USER=sa', scope='PlagiarismIntegrationTest#testDeletePlagiarismComparisons_instructor'
    23:47:19.175 | 436 ool-1-worker-200 | DEBUG | d.t.c.a.a.c.s.f.ApiVersionFilter     : Adding Version to Request DELETE /api/exercises/3257/plagiarism-results/219/plagiarism-comparisons
    23:47:19.176 | 436 ool-1-worker-200 | INFO  | d.t.c.a.a.p.web.PlagiarismResource   : REST request to clean up plagiarism comparisons for exercise with id: 3257

  Starting logs for PlagiarismIntegrationTest > testGetPlagiarismComparisonsForSplitView_editor()
    23:47:19.204 | 436 ool-1-worker-200 | DEBUG | d.t.c.a.a.c.u.util.UserUtilService   : Generate 3 students...
    23:47:19.211 | 436 ool-1-worker-200 | DEBUG | d.t.c.a.a.c.u.util.UserUtilService   : 3 students generated. Generate 1 tutors...
    23:47:19.214 | 436 ool-1-worker-200 | DEBUG | d.t.c.a.a.c.u.util.UserUtilService   : 1 tutors generated. Generate 1 editors...
    23:47:19.217 | 436 ool-1-worker-200 | DEBUG | d.t.c.a.a.c.u.util.UserUtilService   : 1 editors generated. Generate 1 instructors...
    23:47:19.220 | 436 ool-1-worker-200 | DEBUG | d.t.c.a.a.c.u.util.UserUtilService   : 1 instructors generated
    23:47:19.223 | 436 ool-1-worker-200 | DEBUG | d.t.c.a.a.c.u.util.UserUtilService   : Removing 6 users from all courses...
    23:47:19.224 | 436 ool-1-worker-200 | DEBUG | d.t.c.a.a.c.u.util.UserUtilService   : Removing 6 users from all courses. Done
    23:47:19.224 | 436 ool-1-worker-200 | DEBUG | d.t.c.a.a.c.u.util.UserUtilService   : Save 6 users to database...
    23:47:19.229 | 436 ool-1-worker-200 | DEBUG | d.t.c.a.a.c.u.util.UserUtilService   : Save 6 users to database. Done
    23:47:19.271 | 436 ool-1-worker-200 | INFO  | i.z.t.d.l.EmbeddedDatabaseReporter   : JDBC URL to connect to 'dataSource': url='jdbc:h2:tcp://localhost:41063/mem:df70fc46-7e57-4cb5-9cd0-c1d90c14afa7;USER=sa', scope='PlagiarismIntegrationTest#testGetPlagiarismComparisonsForSplitView_editor'
    23:47:19.272 | 436 ool-1-worker-200 | DEBUG | d.t.c.a.a.c.s.f.ApiVersionFilter     : Adding Version to Request GET /api/courses/2474/plagiarism-comparisons/268/for-split-view

  Starting logs for PlagiarismIntegrationTest > testDeletePlagiarismComparisons_student()
    23:47:19.294 | 436 ool-1-worker-200 | DEBUG | d.t.c.a.a.c.u.util.UserUtilService   : Generate 3 students...
    23:47:19.300 | 436 ool-1-worker-200 | DEBUG | d.t.c.a.a.c.u.util.UserUtilService   : 3 students generated. Generate 1 tutors...
    23:47:19.303 | 436 ool-1-worker-200 | DEBUG | d.t.c.a.a.c.u.util.UserUtilService   : 1 tutors generated. Generate 1 editors...
    23:47:19.306 | 436 ool-1-worker-200 | DEBUG | d.t.c.a.a.c.u.util.UserUtilService   : 1 editors generated. Generate 1 instructors...
    23:47:19.309 | 436 ool-1-worker-200 | DEBUG | d.t.c.a.a.c.u.util.UserUtilService   : 1 instructors generated
    23:47:19.311 | 436 ool-1-worker-200 | DEBUG | d.t.c.a.a.c.u.util.UserUtilService   : Removing 6 users from all courses...
    23:47:19.312 | 436 ool-1-worker-200 | DEBUG | d.t.c.a.a.c.u.util.UserUtilService   : Removing 6 users from all courses. Done
    23:47:19.312 | 436 ool-1-worker-200 | DEBUG | d.t.c.a.a.c.u.util.UserUtilService   : Save 6 users to database...
    23:47:19.318 | 436 ool-1-worker-200 | DEBUG | d.t.c.a.a.c.u.util.UserUtilService   : Save 6 users to database. Done
    23:47:19.355 | 436 ool-1-worker-200 | INFO  | i.z.t.d.l.EmbeddedDatabaseReporter   : JDBC URL to connect to 'dataSource': url='jdbc:h2:tcp://localhost:41063/mem:df70fc46-7e57-4cb5-9cd0-c1d90c14afa7;USER=sa', scope='PlagiarismIntegrationTest#testDeletePlagiarismComparisons_student'
    23:47:19.357 | 436 ool-1-worker-200 | DEBUG | d.t.c.a.a.c.s.f.ApiVersionFilter     : Adding Version to Request DELETE /api/exercises/1/plagiarism-results/1/plagiarism-comparisons
    23:47:19.358 | 436 ool-1-worker-200 | WARN  | o.z.p.spring.common.AdviceTraits     : Forbidden: Access Denied

  Starting logs for PlagiarismIntegrationTest > testUpdatePlagiarismComparisonStatus()
    23:47:19.373 | 436 ool-1-worker-200 | DEBUG | d.t.c.a.a.c.u.util.UserUtilService   : Generate 3 students...
    23:47:19.379 | 436 ool-1-worker-200 | DEBUG | d.t.c.a.a.c.u.util.UserUtilService   : 3 students generated. Generate 1 tutors...
    23:47:19.382 | 436 ool-1-worker-200 | DEBUG | d.t.c.a.a.c.u.util.UserUtilService   : 1 tutors generated. Generate 1 editors...
    23:47:19.385 | 436 ool-1-worker-200 | DEBUG | d.t.c.a.a.c.u.util.UserUtilService   : 1 editors generated. Generate 1 instructors...
    23:47:19.388 | 436 ool-1-worker-200 | DEBUG | d.t.c.a.a.c.u.util.UserUtilService   : 1 instructors generated
    23:47:19.392 | 436 ool-1-worker-200 | DEBUG | d.t.c.a.a.c.u.util.UserUtilService   : Removing 6 users from all courses...
    23:47:19.396 | 436 ool-1-worker-200 | DEBUG | d.t.c.a.a.c.u.util.UserUtilService   : Removing 6 users from all courses. Done
    23:47:19.396 | 436 ool-1-worker-200 | DEBUG | d.t.c.a.a.c.u.util.UserUtilService   : Save 6 users to database...
    23:47:19.406 | 436 ool-1-worker-200 | DEBUG | d.t.c.a.a.c.u.util.UserUtilService   : Save 6 users to database. Done
    23:47:19.452 | 436 ool-1-worker-200 | INFO  | i.z.t.d.l.EmbeddedDatabaseReporter   : JDBC URL to connect to 'dataSource': url='jdbc:h2:tcp://localhost:41063/mem:df70fc46-7e57-4cb5-9cd0-c1d90c14afa7;USER=sa', scope='PlagiarismIntegrationTest#testUpdatePlagiarismComparisonStatus'
    23:47:19.453 | 436 ool-1-worker-200 | DEBUG | d.t.c.a.a.c.s.f.ApiVersionFilter     : Adding Version to Request PUT /api/courses/2476/plagiarism-comparisons/272/status
    23:47:19.454 | 436 ool-1-worker-200 | INFO  | d.t.c.a.a.p.web.PlagiarismResource   : REST request to update the status CONFIRMED of the plagiarism comparison with id: 272
    23:47:19.465 | 436 ool-1-worker-200 | INFO  | d.t.c.a.a.p.web.PlagiarismResource   : Finished updating the status CONFIRMED of the plagiarism comparison with id: 272
    23:47:19.475 | 436 ool-1-worker-200 | DEBUG | d.t.c.a.a.c.s.f.ApiVersionFilter     : Adding Version to Request PUT /api/courses/2476/plagiarism-comparisons/273/status
    23:47:19.476 | 436 ool-1-worker-200 | INFO  | d.t.c.a.a.p.web.PlagiarismResource   : REST request to update the status CONFIRMED of the plagiarism comparison with id: 273
    23:47:19.491 | 436 ool-1-worker-200 | INFO  | d.t.c.a.a.p.web.PlagiarismResource   : Finished updating the status CONFIRMED of the plagiarism comparison with id: 273
    23:47:19.512 | 436 ool-1-worker-200 | DEBUG | d.t.c.a.a.c.s.f.ApiVersionFilter     : Adding Version to Request PUT /api/courses/2476/plagiarism-comparisons/272/status
    23:47:19.513 | 436 ool-1-worker-200 | INFO  | d.t.c.a.a.p.web.PlagiarismResource   : REST request to update the status DENIED of the plagiarism comparison with id: 272
    23:47:19.548 | 436 ool-1-worker-200 | INFO  | d.t.c.a.a.p.web.PlagiarismResource   : Finished updating the status DENIED of the plagiarism comparison with id: 272

Finished logs for PlagiarismIntegrationTest
]]></system-out>
  <system-err><![CDATA[]]></system-err>
</testsuite>
