<?xml version="1.0" encoding="UTF-8"?>
<testsuite name="de.tum.cit.aet.artemis.modeling.ModelingExerciseIntegrationTest" tests="72" skipped="0" failures="0" errors="0" timestamp="2025-02-14T23:44:24" hostname="fv-az1721-502" time="5.774">
  <properties/>
  <testcase name="createModelingExerciseForExam_invalidExercise_dates(InvalidExamExerciseDateConfiguration) [1] invalidDates=InvalidExamExerciseDateConfiguration[releaseDate=2025-02-15T00:44:24.394049741Z[Etc/UTC], dueDate=2025-02-15T01:44:24.394049741Z[Etc/UTC], assessmentDueDate=2025-02-15T02:44:24.394049741Z[Etc/UTC], exampleSolutionPublicationDate=null]" classname="de.tum.cit.aet.artemis.modeling.ModelingExerciseIntegrationTest" time="0.107"/>
  <testcase name="createModelingExerciseForExam_invalidExercise_dates(InvalidExamExerciseDateConfiguration) [2] invalidDates=InvalidExamExerciseDateConfiguration[releaseDate=2025-02-15T00:44:24.394049741Z[Etc/UTC], dueDate=null, assessmentDueDate=null, exampleSolutionPublicationDate=null]" classname="de.tum.cit.aet.artemis.modeling.ModelingExerciseIntegrationTest" time="0.082"/>
  <testcase name="createModelingExerciseForExam_invalidExercise_dates(InvalidExamExerciseDateConfiguration) [3] invalidDates=InvalidExamExerciseDateConfiguration[releaseDate=null, dueDate=2025-02-15T01:44:24.394049741Z[Etc/UTC], assessmentDueDate=null, exampleSolutionPublicationDate=null]" classname="de.tum.cit.aet.artemis.modeling.ModelingExerciseIntegrationTest" time="0.043"/>
  <testcase name="createModelingExerciseForExam_invalidExercise_dates(InvalidExamExerciseDateConfiguration) [4] invalidDates=InvalidExamExerciseDateConfiguration[releaseDate=null, dueDate=null, assessmentDueDate=2025-02-15T02:44:24.394049741Z[Etc/UTC], exampleSolutionPublicationDate=null]" classname="de.tum.cit.aet.artemis.modeling.ModelingExerciseIntegrationTest" time="0.072"/>
  <testcase name="createModelingExerciseForExam_invalidExercise_dates(InvalidExamExerciseDateConfiguration) [5] invalidDates=InvalidExamExerciseDateConfiguration[releaseDate=null, dueDate=null, assessmentDueDate=null, exampleSolutionPublicationDate=2025-02-14T23:44:24.394060021Z[Etc/UTC]]" classname="de.tum.cit.aet.artemis.modeling.ModelingExerciseIntegrationTest" time="0.068"/>
  <testcase name="importModelingExerciseFromCourseToExam_forbidden()" classname="de.tum.cit.aet.artemis.modeling.ModelingExerciseIntegrationTest" time="0.082"/>
  <testcase name="testDeleteModelingExercise_asTutor_Forbidden()" classname="de.tum.cit.aet.artemis.modeling.ModelingExerciseIntegrationTest" time="0.075"/>
  <testcase name="testGetPlagiarismResultWithoutExercise()" classname="de.tum.cit.aet.artemis.modeling.ModelingExerciseIntegrationTest" time="0.053"/>
  <testcase name="testDeleteModelingExerciseWithTutorParticipations()" classname="de.tum.cit.aet.artemis.modeling.ModelingExerciseIntegrationTest" time="0.065"/>
  <testcase name="createModelingExercise_setNeitherCourseAndExerciseGroup_badRequest()" classname="de.tum.cit.aet.artemis.modeling.ModelingExerciseIntegrationTest" time="0.053"/>
  <testcase name="testGetModelingExercise_asTA()" classname="de.tum.cit.aet.artemis.modeling.ModelingExerciseIntegrationTest" time="0.056"/>
  <testcase name="importModelingExerciseFromCourseToExam()" classname="de.tum.cit.aet.artemis.modeling.ModelingExerciseIntegrationTest" time="0.063"/>
  <testcase name="testDeleteModelingExercise_notInstructorInCourse()" classname="de.tum.cit.aet.artemis.modeling.ModelingExerciseIntegrationTest" time="0.06"/>
  <testcase name="testUpdateModelingExercise_updatingCourseId_conflict()" classname="de.tum.cit.aet.artemis.modeling.ModelingExerciseIntegrationTest" time="0.081"/>
  <testcase name="testReEvaluateAndUpdateModelingExercise()" classname="de.tum.cit.aet.artemis.modeling.ModelingExerciseIntegrationTest" time="0.116"/>
  <testcase name="testGetModelingExerciseForCourse_asTA()" classname="de.tum.cit.aet.artemis.modeling.ModelingExerciseIntegrationTest" time="0.053"/>
  <testcase name="testReEvaluateAndUpdateModelingExercise_shouldDeleteFeedbacks()" classname="de.tum.cit.aet.artemis.modeling.ModelingExerciseIntegrationTest" time="0.111"/>
  <testcase name="testImport_individual_modeChange()" classname="de.tum.cit.aet.artemis.modeling.ModelingExerciseIntegrationTest" time="0.081"/>
  <testcase name="createModelingExercise_setValidExampleSolutionPublicationDate()" classname="de.tum.cit.aet.artemis.modeling.ModelingExerciseIntegrationTest" time="0.074"/>
  <testcase name="createModelingExercise_IncludedAsBonusInvalidBonusPoints()" classname="de.tum.cit.aet.artemis.modeling.ModelingExerciseIntegrationTest" time="0.041"/>
  <testcase name="testUpdateModelingExerciseCriteria_asInstructor()" classname="de.tum.cit.aet.artemis.modeling.ModelingExerciseIntegrationTest" time="0.107"/>
  <testcase name="testImport_team_modeChange()" classname="de.tum.cit.aet.artemis.modeling.ModelingExerciseIntegrationTest" time="0.117"/>
  <testcase name="testUpdateModelingExercise_instructorNotInCourse()" classname="de.tum.cit.aet.artemis.modeling.ModelingExerciseIntegrationTest" time="0.058"/>
  <testcase name="testUpdateModelingExerciseInstructions_asInstructor()" classname="de.tum.cit.aet.artemis.modeling.ModelingExerciseIntegrationTest" time="0.14"/>
  <testcase name="createModelingExerciseForExam()" classname="de.tum.cit.aet.artemis.modeling.ModelingExerciseIntegrationTest" time="0.115"/>
  <testcase name="testUpdateModelingExerciseWrongCourseId_asInstructor()" classname="de.tum.cit.aet.artemis.modeling.ModelingExerciseIntegrationTest" time="0.046"/>
  <testcase name="testInstructorSearchTermMatchesTitle()" classname="de.tum.cit.aet.artemis.modeling.ModelingExerciseIntegrationTest" time="0.083"/>
  <testcase name="testGetModelingExerciseForCourse_tutorNotInCourse()" classname="de.tum.cit.aet.artemis.modeling.ModelingExerciseIntegrationTest" time="0.054"/>
  <testcase name="testImportModelingExercise_setGradingInstructionForCopiedFeedback()" classname="de.tum.cit.aet.artemis.modeling.ModelingExerciseIntegrationTest" time="0.131"/>
  <testcase name="importModelingExerciseFromExamToCourse_forbidden()" classname="de.tum.cit.aet.artemis.modeling.ModelingExerciseIntegrationTest" time="0.077"/>
  <testcase name="createModelingExercise_NotIncludedInvalidBonusPoints()" classname="de.tum.cit.aet.artemis.modeling.ModelingExerciseIntegrationTest" time="0.051"/>
  <testcase name="testCreateModelingExercise_instructorNotInCourse()" classname="de.tum.cit.aet.artemis.modeling.ModelingExerciseIntegrationTest" time="0.038"/>
  <testcase name="createModelingExercise_InvalidMaxScore()" classname="de.tum.cit.aet.artemis.modeling.ModelingExerciseIntegrationTest" time="0.041"/>
  <testcase name="testGetModelingExercise_asStudent_exampleSolutionVisibility()" classname="de.tum.cit.aet.artemis.modeling.ModelingExerciseIntegrationTest" time="0.095"/>
  <testcase name="deleteModelingExerciseClustersAndElementsAsAdmin()" classname="de.tum.cit.aet.artemis.modeling.ModelingExerciseIntegrationTest" time="0.052"/>
  <testcase name="testDeleteModelingExerciseWithChannel()" classname="de.tum.cit.aet.artemis.modeling.ModelingExerciseIntegrationTest" time="0.064"/>
  <testcase name="testInstructorGetsResultsFromOwningCoursesNotEmpty()" classname="de.tum.cit.aet.artemis.modeling.ModelingExerciseIntegrationTest" time="0.077"/>
  <testcase name="testCourseAndExamFiltersAsInstructor()" classname="de.tum.cit.aet.artemis.modeling.ModelingExerciseIntegrationTest" time="0.243"/>
  <testcase name="testDeleteModelingExercise_asInstructor()" classname="de.tum.cit.aet.artemis.modeling.ModelingExerciseIntegrationTest" time="0.077"/>
  <testcase name="testGetModelingExercise_setGradingInstructionFeedbackUsed()" classname="de.tum.cit.aet.artemis.modeling.ModelingExerciseIntegrationTest" time="0.095"/>
  <testcase name="testReEvaluateAndUpdateModelingExercise_isNotAtLeastInstructorInCourse_forbidden()" classname="de.tum.cit.aet.artemis.modeling.ModelingExerciseIntegrationTest" time="0.043"/>
  <testcase name="testUpdateModelingExerciseForExam_asInstructor()" classname="de.tum.cit.aet.artemis.modeling.ModelingExerciseIntegrationTest" time="0.044"/>
  <testcase name="importModelingExerciseFromCourseToCourse_exampleSolutionPublicationDate()" classname="de.tum.cit.aet.artemis.modeling.ModelingExerciseIntegrationTest" time="0.064"/>
  <testcase name="testDeleteModelingExerciseWithCompetency()" classname="de.tum.cit.aet.artemis.modeling.ModelingExerciseIntegrationTest" time="0.057"/>
  <testcase name="importModelingExerciseFromCourseToCourse()" classname="de.tum.cit.aet.artemis.modeling.ModelingExerciseIntegrationTest" time="0.089"/>
  <testcase name="testGetModelingExercise_asInstructor_exampleSolutionVisibility()" classname="de.tum.cit.aet.artemis.modeling.ModelingExerciseIntegrationTest" time="0.08"/>
  <testcase name="testReEvaluateAndUpdateModelingExercise_notFound()" classname="de.tum.cit.aet.artemis.modeling.ModelingExerciseIntegrationTest" time="0.046"/>
  <testcase name="[1] channelName=null" classname="de.tum.cit.aet.artemis.modeling.ModelingExerciseIntegrationTest" time="0.073"/>
  <testcase name="[2] channelName=exercise-new-modeling-exercise" classname="de.tum.cit.aet.artemis.modeling.ModelingExerciseIntegrationTest" time="0.067"/>
  <testcase name="[3] channelName=" classname="de.tum.cit.aet.artemis.modeling.ModelingExerciseIntegrationTest" time="0.111"/>
  <testcase name="testAdminSearchTermMatchesTitle()" classname="de.tum.cit.aet.artemis.modeling.ModelingExerciseIntegrationTest" time="0.075"/>
  <testcase name="testUpdateModelingExerciseForExam_invalidExercise_dates(InvalidExamExerciseDateConfiguration) [1] invalidDates=InvalidExamExerciseDateConfiguration[releaseDate=2025-02-15T00:44:28.469376548Z[Etc/UTC], dueDate=2025-02-15T01:44:28.469376548Z[Etc/UTC], assessmentDueDate=2025-02-15T02:44:28.469376548Z[Etc/UTC], exampleSolutionPublicationDate=null]" classname="de.tum.cit.aet.artemis.modeling.ModelingExerciseIntegrationTest" time="0.049"/>
  <testcase name="testUpdateModelingExerciseForExam_invalidExercise_dates(InvalidExamExerciseDateConfiguration) [2] invalidDates=InvalidExamExerciseDateConfiguration[releaseDate=2025-02-15T00:44:28.469376548Z[Etc/UTC], dueDate=null, assessmentDueDate=null, exampleSolutionPublicationDate=null]" classname="de.tum.cit.aet.artemis.modeling.ModelingExerciseIntegrationTest" time="0.052"/>
  <testcase name="testUpdateModelingExerciseForExam_invalidExercise_dates(InvalidExamExerciseDateConfiguration) [3] invalidDates=InvalidExamExerciseDateConfiguration[releaseDate=null, dueDate=2025-02-15T01:44:28.469376548Z[Etc/UTC], assessmentDueDate=null, exampleSolutionPublicationDate=null]" classname="de.tum.cit.aet.artemis.modeling.ModelingExerciseIntegrationTest" time="0.059"/>
  <testcase name="testUpdateModelingExerciseForExam_invalidExercise_dates(InvalidExamExerciseDateConfiguration) [4] invalidDates=InvalidExamExerciseDateConfiguration[releaseDate=null, dueDate=null, assessmentDueDate=2025-02-15T02:44:28.469376548Z[Etc/UTC], exampleSolutionPublicationDate=null]" classname="de.tum.cit.aet.artemis.modeling.ModelingExerciseIntegrationTest" time="0.042"/>
  <testcase name="testUpdateModelingExerciseForExam_invalidExercise_dates(InvalidExamExerciseDateConfiguration) [5] invalidDates=InvalidExamExerciseDateConfiguration[releaseDate=null, dueDate=null, assessmentDueDate=null, exampleSolutionPublicationDate=2025-02-14T23:44:28.469378142Z[Etc/UTC]]" classname="de.tum.cit.aet.artemis.modeling.ModelingExerciseIntegrationTest" time="0.076"/>
  <testcase name="importModelingExerciseFromCourseToCourse_badRequest()" classname="de.tum.cit.aet.artemis.modeling.ModelingExerciseIntegrationTest" time="0.06"/>
  <testcase name="updateModelingExerciseDueDate()" classname="de.tum.cit.aet.artemis.modeling.ModelingExerciseIntegrationTest" time="0.116"/>
  <testcase name="testInstructorGetsOnlyResultsFromOwningCourses()" classname="de.tum.cit.aet.artemis.modeling.ModelingExerciseIntegrationTest" time="0.08"/>
  <testcase name="testAdminGetsResultsFromAllCourses()" classname="de.tum.cit.aet.artemis.modeling.ModelingExerciseIntegrationTest" time="0.061"/>
  <testcase name="testGetModelingExercise_tutorNotInCourse()" classname="de.tum.cit.aet.artemis.modeling.ModelingExerciseIntegrationTest" time="0.035"/>
  <testcase name="testReEvaluateAndUpdateModelingExercise_isNotSameGivenExerciseIdInRequestBody_conflict()" classname="de.tum.cit.aet.artemis.modeling.ModelingExerciseIntegrationTest" time="0.047"/>
  <testcase name="testGetPlagiarismResult()" classname="de.tum.cit.aet.artemis.modeling.ModelingExerciseIntegrationTest" time="0.054"/>
  <testcase name="importModelingExerciseFromExamToCourse()" classname="de.tum.cit.aet.artemis.modeling.ModelingExerciseIntegrationTest" time="0.068"/>
  <testcase name="createModelingExercise_setInvalidExampleSolutionPublicationDate_badRequest()" classname="de.tum.cit.aet.artemis.modeling.ModelingExerciseIntegrationTest" time="0.047"/>
  <testcase name="importModelingExerciseWithExampleSubmissionFromCourseToCourse()" classname="de.tum.cit.aet.artemis.modeling.ModelingExerciseIntegrationTest" time="0.11"/>
  <testcase name="importModelingExerciseFromExamToExam()" classname="de.tum.cit.aet.artemis.modeling.ModelingExerciseIntegrationTest" time="0.05"/>
  <testcase name="testGetModelingExercise_asStudent_Forbidden()" classname="de.tum.cit.aet.artemis.modeling.ModelingExerciseIntegrationTest" time="0.081"/>
  <testcase name="testUpdateModelingExercise_asInstructor()" classname="de.tum.cit.aet.artemis.modeling.ModelingExerciseIntegrationTest" time="0.153"/>
  <testcase name="testCourseAndExamFiltersAsAdmin()" classname="de.tum.cit.aet.artemis.modeling.ModelingExerciseIntegrationTest" time="0.313"/>
  <testcase name="testGetPlagiarismResultWithoutResult()" classname="de.tum.cit.aet.artemis.modeling.ModelingExerciseIntegrationTest" time="0.063"/>
  <testcase name="createModelingExercise_setCourseAndExerciseGroup_badRequest()" classname="de.tum.cit.aet.artemis.modeling.ModelingExerciseIntegrationTest" time="0.05"/>
  <system-out><![CDATA[
Starting logs for ModelingExerciseIntegrationTest

  Starting logs for ModelingExerciseIntegrationTest > createModelingExerciseForExam_invalidExercise_dates(InvalidExamExerciseDateConfiguration) [1] invalidDates=InvalidExamExerciseDateConfiguration[releaseDate=2025-02-15T00:44:24.394049741Z[Etc/UTC], dueDate=2025-02-15T01:44:24.394049741Z[Etc/UTC], assessmentDueDate=2025-02-15T02:44:24.394049741Z[Etc/UTC], exampleSolutionPublicationDate=null]
    23:44:24.432 | 427 ool-1-worker-191 | DEBUG | d.t.c.a.a.c.u.util.UserUtilService   : Generate 2 students...
    23:44:24.441 | 427 ool-1-worker-191 | DEBUG | d.t.c.a.a.c.u.util.UserUtilService   : 2 students generated. Generate 1 tutors...
    23:44:24.446 | 427 ool-1-worker-191 | DEBUG | d.t.c.a.a.c.u.util.UserUtilService   : 1 tutors generated. Generate 0 editors...
    23:44:24.447 | 427 ool-1-worker-191 | DEBUG | d.t.c.a.a.c.u.util.UserUtilService   : 0 editors generated. Generate 1 instructors...
    23:44:24.453 | 427 ool-1-worker-191 | DEBUG | d.t.c.a.a.c.u.util.UserUtilService   : 1 instructors generated
    23:44:24.454 | 427 ool-1-worker-191 | DEBUG | d.t.c.a.a.c.u.util.UserUtilService   : Removing 9 users from all courses...
    23:44:24.459 | 427 ool-1-worker-191 | DEBUG | d.t.c.a.a.c.u.util.UserUtilService   : Removing 9 users from all courses. Done
    23:44:24.459 | 427 ool-1-worker-191 | DEBUG | d.t.c.a.a.c.u.util.UserUtilService   : Save 4 users to database...
    23:44:24.463 | 427 ool-1-worker-191 | DEBUG | d.t.c.a.a.c.u.util.UserUtilService   : Save 4 users to database. Done
    23:44:24.472 | 427 ool-1-worker-191 | INFO  | i.z.t.d.l.EmbeddedDatabaseReporter   : JDBC URL to connect to 'dataSource': url='jdbc:h2:tcp://localhost:41063/mem:f240edcd-27ce-47a3-b4ab-a6a00c154135;USER=sa', scope='ModelingExerciseIntegrationTest#createModelingExerciseForExam_invalidExercise_dates'
    23:44:24.487 | 427 ool-1-worker-191 | DEBUG | d.t.c.a.a.c.s.f.ApiVersionFilter     : Adding Version to Request POST /api/modeling-exercises
    23:44:24.493 | 427 ool-1-worker-191 | DEBUG | t.c.a.a.m.w.ModelingExerciseResource : REST request to save ModelingExercise : ModelingExercise{id=null, maxPoints='5.0', diagramType='ClassDiagram', exampleSolutionModel='This is my example solution model', exampleSolutionExplanation='This is my example solution model'}
    23:44:24.496 | 427 ool-1-worker-191 | ERROR | tech.jhipster.web.util.HeaderUtil    : Entity processing failed, An exam exercise may not have any dates set!
    23:44:24.496 | 427 ool-1-worker-191 | WARN  | o.z.p.spring.common.AdviceTraits     : Bad Request: An exam exercise may not have any dates set!

  Starting logs for ModelingExerciseIntegrationTest > createModelingExerciseForExam_invalidExercise_dates(InvalidExamExerciseDateConfiguration) [2] invalidDates=InvalidExamExerciseDateConfiguration[releaseDate=2025-02-15T00:44:24.394049741Z[Etc/UTC], dueDate=null, assessmentDueDate=null, exampleSolutionPublicationDate=null]
    23:44:24.540 | 427 ool-1-worker-191 | DEBUG | d.t.c.a.a.c.u.util.UserUtilService   : Generate 2 students...
    23:44:24.547 | 427 ool-1-worker-191 | DEBUG | d.t.c.a.a.c.u.util.UserUtilService   : 2 students generated. Generate 1 tutors...
    23:44:24.550 | 427 ool-1-worker-191 | DEBUG | d.t.c.a.a.c.u.util.UserUtilService   : 1 tutors generated. Generate 0 editors...
    23:44:24.551 | 427 ool-1-worker-191 | DEBUG | d.t.c.a.a.c.u.util.UserUtilService   : 0 editors generated. Generate 1 instructors...
    23:44:24.556 | 427 ool-1-worker-191 | DEBUG | d.t.c.a.a.c.u.util.UserUtilService   : 1 instructors generated
    23:44:24.559 | 427 ool-1-worker-191 | DEBUG | d.t.c.a.a.c.u.util.UserUtilService   : Removing 4 users from all courses...
    23:44:24.560 | 427 ool-1-worker-191 | DEBUG | d.t.c.a.a.c.u.util.UserUtilService   : Removing 4 users from all courses. Done
    23:44:24.560 | 427 ool-1-worker-191 | DEBUG | d.t.c.a.a.c.u.util.UserUtilService   : Save 4 users to database...
    23:44:24.578 | 427 ool-1-worker-191 | DEBUG | d.t.c.a.a.c.u.util.UserUtilService   : Save 4 users to database. Done
    23:44:24.587 | 427 ool-1-worker-191 | INFO  | i.z.t.d.l.EmbeddedDatabaseReporter   : JDBC URL to connect to 'dataSource': url='jdbc:h2:tcp://localhost:41063/mem:f240edcd-27ce-47a3-b4ab-a6a00c154135;USER=sa', scope='ModelingExerciseIntegrationTest#createModelingExerciseForExam_invalidExercise_dates'
    23:44:24.592 | 427 ool-1-worker-191 | DEBUG | d.t.c.a.a.c.s.f.ApiVersionFilter     : Adding Version to Request POST /api/modeling-exercises
    23:44:24.593 | 427 ool-1-worker-191 | DEBUG | t.c.a.a.m.w.ModelingExerciseResource : REST request to save ModelingExercise : ModelingExercise{id=null, maxPoints='5.0', diagramType='ClassDiagram', exampleSolutionModel='This is my example solution model', exampleSolutionExplanation='This is my example solution model'}
    23:44:24.594 | 427 ool-1-worker-191 | ERROR | tech.jhipster.web.util.HeaderUtil    : Entity processing failed, An exam exercise may not have any dates set!
    23:44:24.594 | 427 ool-1-worker-191 | WARN  | o.z.p.spring.common.AdviceTraits     : Bad Request: An exam exercise may not have any dates set!

  Starting logs for ModelingExerciseIntegrationTest > createModelingExerciseForExam_invalidExercise_dates(InvalidExamExerciseDateConfiguration) [3] invalidDates=InvalidExamExerciseDateConfiguration[releaseDate=null, dueDate=2025-02-15T01:44:24.394049741Z[Etc/UTC], assessmentDueDate=null, exampleSolutionPublicationDate=null]
    23:44:24.610 | 427 ool-1-worker-191 | DEBUG | d.t.c.a.a.c.u.util.UserUtilService   : Generate 2 students...
    23:44:24.614 | 427 ool-1-worker-191 | DEBUG | d.t.c.a.a.c.u.util.UserUtilService   : 2 students generated. Generate 1 tutors...
    23:44:24.616 | 427 ool-1-worker-191 | DEBUG | d.t.c.a.a.c.u.util.UserUtilService   : 1 tutors generated. Generate 0 editors...
    23:44:24.618 | 427 ool-1-worker-191 | DEBUG | d.t.c.a.a.c.u.util.UserUtilService   : 0 editors generated. Generate 1 instructors...
    23:44:24.620 | 427 ool-1-worker-191 | DEBUG | d.t.c.a.a.c.u.util.UserUtilService   : 1 instructors generated
    23:44:24.622 | 427 ool-1-worker-191 | DEBUG | d.t.c.a.a.c.u.util.UserUtilService   : Removing 4 users from all courses...
    23:44:24.622 | 427 ool-1-worker-191 | DEBUG | d.t.c.a.a.c.u.util.UserUtilService   : Removing 4 users from all courses. Done
    23:44:24.622 | 427 ool-1-worker-191 | DEBUG | d.t.c.a.a.c.u.util.UserUtilService   : Save 4 users to database...
    23:44:24.626 | 427 ool-1-worker-191 | DEBUG | d.t.c.a.a.c.u.util.UserUtilService   : Save 4 users to database. Done
    23:44:24.633 | 427 ool-1-worker-191 | INFO  | i.z.t.d.l.EmbeddedDatabaseReporter   : JDBC URL to connect to 'dataSource': url='jdbc:h2:tcp://localhost:41063/mem:f240edcd-27ce-47a3-b4ab-a6a00c154135;USER=sa', scope='ModelingExerciseIntegrationTest#createModelingExerciseForExam_invalidExercise_dates'
    23:44:24.637 | 427 ool-1-worker-191 | DEBUG | d.t.c.a.a.c.s.f.ApiVersionFilter     : Adding Version to Request POST /api/modeling-exercises
    23:44:24.638 | 427 ool-1-worker-191 | DEBUG | t.c.a.a.m.w.ModelingExerciseResource : REST request to save ModelingExercise : ModelingExercise{id=null, maxPoints='5.0', diagramType='ClassDiagram', exampleSolutionModel='This is my example solution model', exampleSolutionExplanation='This is my example solution model'}
    23:44:24.639 | 427 ool-1-worker-191 | ERROR | tech.jhipster.web.util.HeaderUtil    : Entity processing failed, An exam exercise may not have any dates set!
    23:44:24.639 | 427 ool-1-worker-191 | WARN  | o.z.p.spring.common.AdviceTraits     : Bad Request: An exam exercise may not have any dates set!

  Starting logs for ModelingExerciseIntegrationTest > createModelingExerciseForExam_invalidExercise_dates(InvalidExamExerciseDateConfiguration) [4] invalidDates=InvalidExamExerciseDateConfiguration[releaseDate=null, dueDate=null, assessmentDueDate=2025-02-15T02:44:24.394049741Z[Etc/UTC], exampleSolutionPublicationDate=null]
    23:44:24.659 | 427 ool-1-worker-191 | DEBUG | d.t.c.a.a.c.u.util.UserUtilService   : Generate 2 students...
    23:44:24.665 | 427 ool-1-worker-191 | DEBUG | d.t.c.a.a.c.u.util.UserUtilService   : 2 students generated. Generate 1 tutors...
    23:44:24.668 | 427 ool-1-worker-191 | DEBUG | d.t.c.a.a.c.u.util.UserUtilService   : 1 tutors generated. Generate 0 editors...
    23:44:24.670 | 427 ool-1-worker-191 | DEBUG | d.t.c.a.a.c.u.util.UserUtilService   : 0 editors generated. Generate 1 instructors...
    23:44:24.672 | 427 ool-1-worker-191 | DEBUG | d.t.c.a.a.c.u.util.UserUtilService   : 1 instructors generated
    23:44:24.673 | 427 ool-1-worker-191 | DEBUG | d.t.c.a.a.c.u.util.UserUtilService   : Removing 4 users from all courses...
    23:44:24.674 | 427 ool-1-worker-191 | DEBUG | d.t.c.a.a.c.u.util.UserUtilService   : Removing 4 users from all courses. Done
    23:44:24.674 | 427 ool-1-worker-191 | DEBUG | d.t.c.a.a.c.u.util.UserUtilService   : Save 4 users to database...
    23:44:24.677 | 427 ool-1-worker-191 | DEBUG | d.t.c.a.a.c.u.util.UserUtilService   : Save 4 users to database. Done
    23:44:24.685 | 427 ool-1-worker-191 | INFO  | i.z.t.d.l.EmbeddedDatabaseReporter   : JDBC URL to connect to 'dataSource': url='jdbc:h2:tcp://localhost:41063/mem:f240edcd-27ce-47a3-b4ab-a6a00c154135;USER=sa', scope='ModelingExerciseIntegrationTest#createModelingExerciseForExam_invalidExercise_dates'
    23:44:24.692 | 427 ool-1-worker-191 | DEBUG | d.t.c.a.a.c.s.f.ApiVersionFilter     : Adding Version to Request POST /api/modeling-exercises
    23:44:24.693 | 427 ool-1-worker-191 | DEBUG | t.c.a.a.m.w.ModelingExerciseResource : REST request to save ModelingExercise : ModelingExercise{id=null, maxPoints='5.0', diagramType='ClassDiagram', exampleSolutionModel='This is my example solution model', exampleSolutionExplanation='This is my example solution model'}
    23:44:24.693 | 427 ool-1-worker-191 | ERROR | tech.jhipster.web.util.HeaderUtil    : Entity processing failed, An exam exercise may not have any dates set!
    23:44:24.693 | 427 ool-1-worker-191 | WARN  | o.z.p.spring.common.AdviceTraits     : Bad Request: An exam exercise may not have any dates set!

  Starting logs for ModelingExerciseIntegrationTest > createModelingExerciseForExam_invalidExercise_dates(InvalidExamExerciseDateConfiguration) [5] invalidDates=InvalidExamExerciseDateConfiguration[releaseDate=null, dueDate=null, assessmentDueDate=null, exampleSolutionPublicationDate=2025-02-14T23:44:24.394060021Z[Etc/UTC]]
    23:44:24.738 | 427 ool-1-worker-191 | DEBUG | d.t.c.a.a.c.u.util.UserUtilService   : Generate 2 students...
    23:44:24.745 | 427 ool-1-worker-191 | DEBUG | d.t.c.a.a.c.u.util.UserUtilService   : 2 students generated. Generate 1 tutors...
    23:44:24.753 | 427 ool-1-worker-191 | DEBUG | d.t.c.a.a.c.u.util.UserUtilService   : 1 tutors generated. Generate 0 editors...
    23:44:24.755 | 427 ool-1-worker-191 | DEBUG | d.t.c.a.a.c.u.util.UserUtilService   : 0 editors generated. Generate 1 instructors...
    23:44:24.760 | 427 ool-1-worker-191 | DEBUG | d.t.c.a.a.c.u.util.UserUtilService   : 1 instructors generated
    23:44:24.765 | 427 ool-1-worker-191 | DEBUG | d.t.c.a.a.c.u.util.UserUtilService   : Removing 4 users from all courses...
    23:44:24.765 | 427 ool-1-worker-191 | DEBUG | d.t.c.a.a.c.u.util.UserUtilService   : Removing 4 users from all courses. Done
    23:44:24.765 | 427 ool-1-worker-191 | DEBUG | d.t.c.a.a.c.u.util.UserUtilService   : Save 4 users to database...
    23:44:24.770 | 427 ool-1-worker-191 | DEBUG | d.t.c.a.a.c.u.util.UserUtilService   : Save 4 users to database. Done
    23:44:24.778 | 427 ool-1-worker-191 | INFO  | i.z.t.d.l.EmbeddedDatabaseReporter   : JDBC URL to connect to 'dataSource': url='jdbc:h2:tcp://localhost:41063/mem:f240edcd-27ce-47a3-b4ab-a6a00c154135;USER=sa', scope='ModelingExerciseIntegrationTest#createModelingExerciseForExam_invalidExercise_dates'
    23:44:24.782 | 427 ool-1-worker-191 | DEBUG | d.t.c.a.a.c.s.f.ApiVersionFilter     : Adding Version to Request POST /api/modeling-exercises
    23:44:24.783 | 427 ool-1-worker-191 | DEBUG | t.c.a.a.m.w.ModelingExerciseResource : REST request to save ModelingExercise : ModelingExercise{id=null, maxPoints='5.0', diagramType='ClassDiagram', exampleSolutionModel='This is my example solution model', exampleSolutionExplanation='This is my example solution model'}
    23:44:24.783 | 427 ool-1-worker-191 | ERROR | tech.jhipster.web.util.HeaderUtil    : Entity processing failed, An exam exercise may not have any dates set!
    23:44:24.783 | 427 ool-1-worker-191 | WARN  | o.z.p.spring.common.AdviceTraits     : Bad Request: An exam exercise may not have any dates set!

  Starting logs for ModelingExerciseIntegrationTest > importModelingExerciseFromCourseToExam_forbidden()
    23:44:24.809 | 427 ool-1-worker-191 | DEBUG | d.t.c.a.a.c.u.util.UserUtilService   : Generate 2 students...
    23:44:24.813 | 427 ool-1-worker-191 | DEBUG | d.t.c.a.a.c.u.util.UserUtilService   : 2 students generated. Generate 1 tutors...
    23:44:24.818 | 427 ool-1-worker-191 | DEBUG | d.t.c.a.a.c.u.util.UserUtilService   : 1 tutors generated. Generate 0 editors...
    23:44:24.820 | 427 ool-1-worker-191 | DEBUG | d.t.c.a.a.c.u.util.UserUtilService   : 0 editors generated. Generate 1 instructors...
    23:44:24.827 | 427 ool-1-worker-191 | DEBUG | d.t.c.a.a.c.u.util.UserUtilService   : 1 instructors generated
    23:44:24.828 | 427 ool-1-worker-191 | DEBUG | d.t.c.a.a.c.u.util.UserUtilService   : Removing 4 users from all courses...
    23:44:24.829 | 427 ool-1-worker-191 | DEBUG | d.t.c.a.a.c.u.util.UserUtilService   : Removing 4 users from all courses. Done
    23:44:24.829 | 427 ool-1-worker-191 | DEBUG | d.t.c.a.a.c.u.util.UserUtilService   : Save 4 users to database...
    23:44:24.837 | 427 ool-1-worker-191 | DEBUG | d.t.c.a.a.c.u.util.UserUtilService   : Save 4 users to database. Done
    23:44:24.853 | 427 ool-1-worker-191 | INFO  | i.z.t.d.l.EmbeddedDatabaseReporter   : JDBC URL to connect to 'dataSource': url='jdbc:h2:tcp://localhost:41063/mem:f240edcd-27ce-47a3-b4ab-a6a00c154135;USER=sa', scope='ModelingExerciseIntegrationTest#importModelingExerciseFromCourseToExam_forbidden'
    23:44:24.860 | 615 taskScheduler-4  | DEBUG | a.a.b.s.SharedQueueProcessingService : Currently processing jobs on this node: 0, active threads in Pool: 0, maximum pool size of thread executor : 1
    23:44:24.865 | 427 ool-1-worker-191 | DEBUG | d.t.c.a.a.c.s.f.ApiVersionFilter     : Adding Version to Request POST /api/modeling-exercises/import/1485
    23:44:24.870 | 427 ool-1-worker-191 | WARN  | o.z.p.spring.common.AdviceTraits     : Forbidden: Access Denied

  Starting logs for ModelingExerciseIntegrationTest > testDeleteModelingExercise_asTutor_Forbidden()
    23:44:24.892 | 427 ool-1-worker-191 | DEBUG | d.t.c.a.a.c.u.util.UserUtilService   : Generate 2 students...
    23:44:24.903 | 427 ool-1-worker-191 | DEBUG | d.t.c.a.a.c.u.util.UserUtilService   : 2 students generated. Generate 1 tutors...
    23:44:24.908 | 427 ool-1-worker-191 | DEBUG | d.t.c.a.a.c.u.util.UserUtilService   : 1 tutors generated. Generate 0 editors...
    23:44:24.910 | 427 ool-1-worker-191 | DEBUG | d.t.c.a.a.c.u.util.UserUtilService   : 0 editors generated. Generate 1 instructors...
    23:44:24.916 | 427 ool-1-worker-191 | DEBUG | d.t.c.a.a.c.u.util.UserUtilService   : 1 instructors generated
    23:44:24.917 | 427 ool-1-worker-191 | DEBUG | d.t.c.a.a.c.u.util.UserUtilService   : Removing 4 users from all courses...
    23:44:24.919 | 427 ool-1-worker-191 | DEBUG | d.t.c.a.a.c.u.util.UserUtilService   : Removing 4 users from all courses. Done
    23:44:24.919 | 427 ool-1-worker-191 | DEBUG | d.t.c.a.a.c.u.util.UserUtilService   : Save 4 users to database...
    23:44:24.926 | 427 ool-1-worker-191 | DEBUG | d.t.c.a.a.c.u.util.UserUtilService   : Save 4 users to database. Done
    23:44:24.935 | 427 ool-1-worker-191 | INFO  | i.z.t.d.l.EmbeddedDatabaseReporter   : JDBC URL to connect to 'dataSource': url='jdbc:h2:tcp://localhost:41063/mem:f240edcd-27ce-47a3-b4ab-a6a00c154135;USER=sa', scope='ModelingExerciseIntegrationTest#testDeleteModelingExercise_asTutor_Forbidden'
    23:44:24.937 | 427 ool-1-worker-191 | DEBUG | d.t.c.a.a.c.s.f.ApiVersionFilter     : Adding Version to Request DELETE /api/modeling-exercises/1486
    23:44:24.944 | 427 ool-1-worker-191 | WARN  | o.z.p.spring.common.AdviceTraits     : Forbidden: Access Denied

  Starting logs for ModelingExerciseIntegrationTest > testGetPlagiarismResultWithoutExercise()
    23:44:24.965 | 427 ool-1-worker-191 | DEBUG | d.t.c.a.a.c.u.util.UserUtilService   : Generate 2 students...
    23:44:24.969 | 427 ool-1-worker-191 | DEBUG | d.t.c.a.a.c.u.util.UserUtilService   : 2 students generated. Generate 1 tutors...
    23:44:24.971 | 427 ool-1-worker-191 | DEBUG | d.t.c.a.a.c.u.util.UserUtilService   : 1 tutors generated. Generate 0 editors...
    23:44:24.973 | 427 ool-1-worker-191 | DEBUG | d.t.c.a.a.c.u.util.UserUtilService   : 0 editors generated. Generate 1 instructors...
    23:44:24.976 | 427 ool-1-worker-191 | DEBUG | d.t.c.a.a.c.u.util.UserUtilService   : 1 instructors generated
    23:44:24.977 | 427 ool-1-worker-191 | DEBUG | d.t.c.a.a.c.u.util.UserUtilService   : Removing 4 users from all courses...
    23:44:24.978 | 427 ool-1-worker-191 | DEBUG | d.t.c.a.a.c.u.util.UserUtilService   : Removing 4 users from all courses. Done
    23:44:24.978 | 427 ool-1-worker-191 | DEBUG | d.t.c.a.a.c.u.util.UserUtilService   : Save 4 users to database...
    23:44:24.981 | 427 ool-1-worker-191 | DEBUG | d.t.c.a.a.c.u.util.UserUtilService   : Save 4 users to database. Done
    23:44:24.988 | 427 ool-1-worker-191 | INFO  | i.z.t.d.l.EmbeddedDatabaseReporter   : JDBC URL to connect to 'dataSource': url='jdbc:h2:tcp://localhost:41063/mem:f240edcd-27ce-47a3-b4ab-a6a00c154135;USER=sa', scope='ModelingExerciseIntegrationTest#testGetPlagiarismResultWithoutExercise'
    23:44:24.996 | 427 ool-1-worker-191 | INFO  | .c.a.a.c.s.TitleCacheEvictionService : Evicted entry '1487' from title cache 'exerciseTitle'
    23:44:24.999 | 427 ool-1-worker-191 | DEBUG | d.t.c.a.a.c.s.f.ApiVersionFilter     : Adding Version to Request GET /api/modeling-exercises/1487/plagiarism-result
    23:44:25.000 | 427 ool-1-worker-191 | DEBUG | t.c.a.a.m.w.ModelingExerciseResource : REST request to get the latest plagiarism result for the modeling exercise with id: 1487
    23:44:25.004 | 427 ool-1-worker-191 | WARN  | o.z.p.spring.common.AdviceTraits     : Not Found: ModelingExercise with identifier: "1487" does not exist

  Starting logs for ModelingExerciseIntegrationTest > testDeleteModelingExerciseWithTutorParticipations()
    23:44:25.019 | 427 ool-1-worker-191 | DEBUG | d.t.c.a.a.c.u.util.UserUtilService   : Generate 2 students...
    23:44:25.023 | 427 ool-1-worker-191 | DEBUG | d.t.c.a.a.c.u.util.UserUtilService   : 2 students generated. Generate 1 tutors...
    23:44:25.026 | 427 ool-1-worker-191 | DEBUG | d.t.c.a.a.c.u.util.UserUtilService   : 1 tutors generated. Generate 0 editors...
    23:44:25.027 | 427 ool-1-worker-191 | DEBUG | d.t.c.a.a.c.u.util.UserUtilService   : 0 editors generated. Generate 1 instructors...
    23:44:25.029 | 427 ool-1-worker-191 | DEBUG | d.t.c.a.a.c.u.util.UserUtilService   : 1 instructors generated
    23:44:25.031 | 427 ool-1-worker-191 | DEBUG | d.t.c.a.a.c.u.util.UserUtilService   : Removing 4 users from all courses...
    23:44:25.031 | 427 ool-1-worker-191 | DEBUG | d.t.c.a.a.c.u.util.UserUtilService   : Removing 4 users from all courses. Done
    23:44:25.031 | 427 ool-1-worker-191 | DEBUG | d.t.c.a.a.c.u.util.UserUtilService   : Save 4 users to database...
    23:44:25.035 | 427 ool-1-worker-191 | DEBUG | d.t.c.a.a.c.u.util.UserUtilService   : Save 4 users to database. Done
    23:44:25.042 | 427 ool-1-worker-191 | INFO  | i.z.t.d.l.EmbeddedDatabaseReporter   : JDBC URL to connect to 'dataSource': url='jdbc:h2:tcp://localhost:41063/mem:f240edcd-27ce-47a3-b4ab-a6a00c154135;USER=sa', scope='ModelingExerciseIntegrationTest#testDeleteModelingExerciseWithTutorParticipations'
    23:44:25.047 | 427 ool-1-worker-191 | DEBUG | d.t.c.a.a.c.s.f.ApiVersionFilter     : Adding Version to Request DELETE /api/modeling-exercises/1488
    23:44:25.048 | 427 ool-1-worker-191 | INFO  | t.c.a.a.m.w.ModelingExerciseResource : REST request to delete ModelingExercise : 1488
    23:44:25.048 | 427 ool-1-worker-191 | INFO  | .c.s.m.InstanceMessageReceiveService : Received schedule cancel for modeling exercise 1488
    23:44:25.050 | 427 ool-1-worker-191 | INFO  | d.t.c.a.a.e.service.ExerciseService  : User modelingexerciseintegrationinstructor1 has requested to delete ModelingExercise ClassDiagram with id 1488
    23:44:25.051 | 427 ool-1-worker-191 | INFO  | .t.c.a.a.e.s.ExerciseDeletionService : Request to delete ModelingExercise with id 1488
    23:44:25.051 | 427 ool-1-worker-191 | INFO  | .t.c.a.a.e.s.ExerciseDeletionService : Deleting the channel took 343µs
    23:44:25.051 | 427 ool-1-worker-191 | INFO  | .t.c.a.a.e.s.ExerciseDeletionService : Deleting clusters, elements and cancel scheduled operations of exercise 1488
    23:44:25.051 | 427 ool-1-worker-191 | INFO  | .c.s.m.InstanceMessageReceiveService : Received schedule cancel for modeling exercise 1488
    23:44:25.053 | 427 ool-1-worker-191 | INFO  | d.t.c.a.a.e.s.ParticipationService   : Request to delete all 0 participations of exercise with id : 1488
    23:44:25.069 | 427 ool-1-worker-191 | INFO  | .c.a.a.c.s.TitleCacheEvictionService : Evicted entry '1488' from title cache 'exerciseTitle'

  Starting logs for ModelingExerciseIntegrationTest > createModelingExercise_setNeitherCourseAndExerciseGroup_badRequest()
    23:44:25.090 | 427 ool-1-worker-191 | DEBUG | d.t.c.a.a.c.u.util.UserUtilService   : Generate 2 students...
    23:44:25.093 | 427 ool-1-worker-191 | DEBUG | d.t.c.a.a.c.u.util.UserUtilService   : 2 students generated. Generate 1 tutors...
    23:44:25.096 | 427 ool-1-worker-191 | DEBUG | d.t.c.a.a.c.u.util.UserUtilService   : 1 tutors generated. Generate 0 editors...
    23:44:25.097 | 427 ool-1-worker-191 | DEBUG | d.t.c.a.a.c.u.util.UserUtilService   : 0 editors generated. Generate 1 instructors...
    23:44:25.100 | 427 ool-1-worker-191 | DEBUG | d.t.c.a.a.c.u.util.UserUtilService   : 1 instructors generated
    23:44:25.104 | 427 ool-1-worker-191 | DEBUG | d.t.c.a.a.c.u.util.UserUtilService   : Removing 4 users from all courses...
    23:44:25.105 | 427 ool-1-worker-191 | DEBUG | d.t.c.a.a.c.u.util.UserUtilService   : Removing 4 users from all courses. Done
    23:44:25.105 | 427 ool-1-worker-191 | DEBUG | d.t.c.a.a.c.u.util.UserUtilService   : Save 4 users to database...
    23:44:25.111 | 427 ool-1-worker-191 | DEBUG | d.t.c.a.a.c.u.util.UserUtilService   : Save 4 users to database. Done
    23:44:25.121 | 427 ool-1-worker-191 | INFO  | i.z.t.d.l.EmbeddedDatabaseReporter   : JDBC URL to connect to 'dataSource': url='jdbc:h2:tcp://localhost:41063/mem:f240edcd-27ce-47a3-b4ab-a6a00c154135;USER=sa', scope='ModelingExerciseIntegrationTest#createModelingExercise_setNeitherCourseAndExerciseGroup_badRequest'
    23:44:25.122 | 427 ool-1-worker-191 | DEBUG | d.t.c.a.a.c.s.f.ApiVersionFilter     : Adding Version to Request POST /api/modeling-exercises
    23:44:25.123 | 427 ool-1-worker-191 | DEBUG | t.c.a.a.m.w.ModelingExerciseResource : REST request to save ModelingExercise : ModelingExercise{id=null, maxPoints='5.0', diagramType='ClassDiagram', exampleSolutionModel='This is my example solution model', exampleSolutionExplanation='This is my example solution model'}
    23:44:25.123 | 427 ool-1-worker-191 | ERROR | tech.jhipster.web.util.HeaderUtil    : Entity processing failed, An exercise must have either a course or an exerciseGroup
    23:44:25.123 | 427 ool-1-worker-191 | WARN  | o.z.p.spring.common.AdviceTraits     : Bad Request: An exercise must have either a course or an exerciseGroup

  Starting logs for ModelingExerciseIntegrationTest > testGetModelingExercise_asTA()
    23:44:25.141 | 427 ool-1-worker-191 | DEBUG | d.t.c.a.a.c.u.util.UserUtilService   : Generate 2 students...
    23:44:25.146 | 427 ool-1-worker-191 | DEBUG | d.t.c.a.a.c.u.util.UserUtilService   : 2 students generated. Generate 1 tutors...
    23:44:25.148 | 427 ool-1-worker-191 | DEBUG | d.t.c.a.a.c.u.util.UserUtilService   : 1 tutors generated. Generate 0 editors...
    23:44:25.150 | 427 ool-1-worker-191 | DEBUG | d.t.c.a.a.c.u.util.UserUtilService   : 0 editors generated. Generate 1 instructors...
    23:44:25.153 | 427 ool-1-worker-191 | DEBUG | d.t.c.a.a.c.u.util.UserUtilService   : 1 instructors generated
    23:44:25.154 | 427 ool-1-worker-191 | DEBUG | d.t.c.a.a.c.u.util.UserUtilService   : Removing 4 users from all courses...
    23:44:25.155 | 427 ool-1-worker-191 | DEBUG | d.t.c.a.a.c.u.util.UserUtilService   : Removing 4 users from all courses. Done
    23:44:25.155 | 427 ool-1-worker-191 | DEBUG | d.t.c.a.a.c.u.util.UserUtilService   : Save 4 users to database...
    23:44:25.159 | 427 ool-1-worker-191 | DEBUG | d.t.c.a.a.c.u.util.UserUtilService   : Save 4 users to database. Done
    23:44:25.167 | 427 ool-1-worker-191 | INFO  | i.z.t.d.l.EmbeddedDatabaseReporter   : JDBC URL to connect to 'dataSource': url='jdbc:h2:tcp://localhost:41063/mem:f240edcd-27ce-47a3-b4ab-a6a00c154135;USER=sa', scope='ModelingExerciseIntegrationTest#testGetModelingExercise_asTA'
    23:44:25.169 | 427 ool-1-worker-191 | DEBUG | d.t.c.a.a.c.s.f.ApiVersionFilter     : Adding Version to Request GET /api/modeling-exercises/1490
    23:44:25.170 | 427 ool-1-worker-191 | DEBUG | t.c.a.a.m.w.ModelingExerciseResource : REST request to get ModelingExercise : 1490

  Starting logs for ModelingExerciseIntegrationTest > importModelingExerciseFromCourseToExam()
    23:44:25.202 | 427 ool-1-worker-191 | DEBUG | d.t.c.a.a.c.u.util.UserUtilService   : Generate 2 students...
    23:44:25.206 | 427 ool-1-worker-191 | DEBUG | d.t.c.a.a.c.u.util.UserUtilService   : 2 students generated. Generate 1 tutors...
    23:44:25.208 | 427 ool-1-worker-191 | DEBUG | d.t.c.a.a.c.u.util.UserUtilService   : 1 tutors generated. Generate 0 editors...
    23:44:25.210 | 427 ool-1-worker-191 | DEBUG | d.t.c.a.a.c.u.util.UserUtilService   : 0 editors generated. Generate 1 instructors...
    23:44:25.213 | 427 ool-1-worker-191 | DEBUG | d.t.c.a.a.c.u.util.UserUtilService   : 1 instructors generated
    23:44:25.214 | 427 ool-1-worker-191 | DEBUG | d.t.c.a.a.c.u.util.UserUtilService   : Removing 4 users from all courses...
    23:44:25.215 | 427 ool-1-worker-191 | DEBUG | d.t.c.a.a.c.u.util.UserUtilService   : Removing 4 users from all courses. Done
    23:44:25.215 | 427 ool-1-worker-191 | DEBUG | d.t.c.a.a.c.u.util.UserUtilService   : Save 4 users to database...
    23:44:25.219 | 427 ool-1-worker-191 | DEBUG | d.t.c.a.a.c.u.util.UserUtilService   : Save 4 users to database. Done
    23:44:25.226 | 427 ool-1-worker-191 | INFO  | i.z.t.d.l.EmbeddedDatabaseReporter   : JDBC URL to connect to 'dataSource': url='jdbc:h2:tcp://localhost:41063/mem:f240edcd-27ce-47a3-b4ab-a6a00c154135;USER=sa', scope='ModelingExerciseIntegrationTest#importModelingExerciseFromCourseToExam'
    23:44:25.232 | 427 ool-1-worker-191 | DEBUG | d.t.c.a.a.c.s.f.ApiVersionFilter     : Adding Version to Request POST /api/modeling-exercises/import/1492
    23:44:25.237 | 427 ool-1-worker-191 | DEBUG | .a.m.s.ModelingExerciseImportService : Creating a new Exercise based on exercise 1492
    23:44:25.237 | 427 ool-1-worker-191 | DEBUG | .a.m.s.ModelingExerciseImportService : Copying the exercise basis from ModelingExercise{id=1492, maxPoints='5.0', diagramType='ClassDiagram', exampleSolutionModel='This is my example solution model', exampleSolutionExplanation='This is my example solution model'}
    23:44:25.238 | 427 ool-1-worker-191 | DEBUG | .a.m.s.ModelingExerciseImportService : Copying the ExampleSubmissions to new Exercise: ModelingExercise{id=1493, maxPoints='5.0', diagramType='ClassDiagram', exampleSolutionModel='This is my example solution model', exampleSolutionExplanation='This is my example solution model'}
    23:44:25.244 | 427 ool-1-worker-191 | INFO  | .c.s.m.InstanceMessageReceiveService : Received schedule update for modeling exercise 1493

  Starting logs for ModelingExerciseIntegrationTest > testDeleteModelingExercise_notInstructorInCourse()
    23:44:25.274 | 427 ool-1-worker-191 | DEBUG | d.t.c.a.a.c.u.util.UserUtilService   : Generate 2 students...
    23:44:25.278 | 427 ool-1-worker-191 | DEBUG | d.t.c.a.a.c.u.util.UserUtilService   : 2 students generated. Generate 1 tutors...
    23:44:25.281 | 427 ool-1-worker-191 | DEBUG | d.t.c.a.a.c.u.util.UserUtilService   : 1 tutors generated. Generate 0 editors...
    23:44:25.282 | 427 ool-1-worker-191 | DEBUG | d.t.c.a.a.c.u.util.UserUtilService   : 0 editors generated. Generate 1 instructors...
    23:44:25.288 | 427 ool-1-worker-191 | DEBUG | d.t.c.a.a.c.u.util.UserUtilService   : 1 instructors generated
    23:44:25.291 | 427 ool-1-worker-191 | DEBUG | d.t.c.a.a.c.u.util.UserUtilService   : Removing 4 users from all courses...
    23:44:25.292 | 427 ool-1-worker-191 | DEBUG | d.t.c.a.a.c.u.util.UserUtilService   : Removing 4 users from all courses. Done
    23:44:25.292 | 427 ool-1-worker-191 | DEBUG | d.t.c.a.a.c.u.util.UserUtilService   : Save 4 users to database...
    23:44:25.298 | 427 ool-1-worker-191 | DEBUG | d.t.c.a.a.c.u.util.UserUtilService   : Save 4 users to database. Done
    23:44:25.305 | 427 ool-1-worker-191 | INFO  | i.z.t.d.l.EmbeddedDatabaseReporter   : JDBC URL to connect to 'dataSource': url='jdbc:h2:tcp://localhost:41063/mem:f240edcd-27ce-47a3-b4ab-a6a00c154135;USER=sa', scope='ModelingExerciseIntegrationTest#testDeleteModelingExercise_notInstructorInCourse'
    23:44:25.307 | 427 ool-1-worker-191 | DEBUG | d.t.c.a.a.c.s.f.ApiVersionFilter     : Adding Version to Request DELETE /api/modeling-exercises/1494
    23:44:25.307 | 427 ool-1-worker-191 | INFO  | t.c.a.a.m.w.ModelingExerciseResource : REST request to delete ModelingExercise : 1494
    23:44:25.308 | 427 ool-1-worker-191 | INFO  | .c.s.m.InstanceMessageReceiveService : Received schedule cancel for modeling exercise 1494
    23:44:25.310 | 427 ool-1-worker-191 | WARN  | o.z.p.spring.common.AdviceTraits     : Forbidden: You are not allowed to access the Course with id 512

  Starting logs for ModelingExerciseIntegrationTest > testUpdateModelingExercise_updatingCourseId_conflict()
    23:44:25.328 | 427 ool-1-worker-191 | DEBUG | d.t.c.a.a.c.u.util.UserUtilService   : Generate 2 students...
    23:44:25.332 | 427 ool-1-worker-191 | DEBUG | d.t.c.a.a.c.u.util.UserUtilService   : 2 students generated. Generate 1 tutors...
    23:44:25.335 | 427 ool-1-worker-191 | DEBUG | d.t.c.a.a.c.u.util.UserUtilService   : 1 tutors generated. Generate 0 editors...
    23:44:25.336 | 427 ool-1-worker-191 | DEBUG | d.t.c.a.a.c.u.util.UserUtilService   : 0 editors generated. Generate 1 instructors...
    23:44:25.339 | 427 ool-1-worker-191 | DEBUG | d.t.c.a.a.c.u.util.UserUtilService   : 1 instructors generated
    23:44:25.340 | 427 ool-1-worker-191 | DEBUG | d.t.c.a.a.c.u.util.UserUtilService   : Removing 4 users from all courses...
    23:44:25.341 | 427 ool-1-worker-191 | DEBUG | d.t.c.a.a.c.u.util.UserUtilService   : Removing 4 users from all courses. Done
    23:44:25.341 | 427 ool-1-worker-191 | DEBUG | d.t.c.a.a.c.u.util.UserUtilService   : Save 4 users to database...
    23:44:25.378 | 427 ool-1-worker-191 | DEBUG | d.t.c.a.a.c.u.util.UserUtilService   : Save 4 users to database. Done
    23:44:25.385 | 427 ool-1-worker-191 | INFO  | i.z.t.d.l.EmbeddedDatabaseReporter   : JDBC URL to connect to 'dataSource': url='jdbc:h2:tcp://localhost:41063/mem:f240edcd-27ce-47a3-b4ab-a6a00c154135;USER=sa', scope='ModelingExerciseIntegrationTest#testUpdateModelingExercise_updatingCourseId_conflict'
    23:44:25.387 | 427 ool-1-worker-191 | DEBUG | d.t.c.a.a.c.s.f.ApiVersionFilter     : Adding Version to Request PUT /api/modeling-exercises
    23:44:25.389 | 427 ool-1-worker-191 | DEBUG | t.c.a.a.m.w.ModelingExerciseResource : REST request to update ModelingExercise : ModelingExercise{id=1495, maxPoints='5.0', diagramType='ClassDiagram', exampleSolutionModel='This is my example solution model', exampleSolutionExplanation='This is my example solution model'}
    23:44:25.393 | 427 ool-1-worker-191 | WARN  | o.z.p.spring.common.AdviceTraits     : Conflict: Exercise course id does not match the stored course id

  Starting logs for ModelingExerciseIntegrationTest > testReEvaluateAndUpdateModelingExercise()
    23:44:25.411 | 427 ool-1-worker-191 | DEBUG | d.t.c.a.a.c.u.util.UserUtilService   : Generate 2 students...
    23:44:25.415 | 427 ool-1-worker-191 | DEBUG | d.t.c.a.a.c.u.util.UserUtilService   : 2 students generated. Generate 1 tutors...
    23:44:25.417 | 427 ool-1-worker-191 | DEBUG | d.t.c.a.a.c.u.util.UserUtilService   : 1 tutors generated. Generate 0 editors...
    23:44:25.419 | 427 ool-1-worker-191 | DEBUG | d.t.c.a.a.c.u.util.UserUtilService   : 0 editors generated. Generate 1 instructors...
    23:44:25.421 | 427 ool-1-worker-191 | DEBUG | d.t.c.a.a.c.u.util.UserUtilService   : 1 instructors generated
    23:44:25.422 | 427 ool-1-worker-191 | DEBUG | d.t.c.a.a.c.u.util.UserUtilService   : Removing 4 users from all courses...
    23:44:25.423 | 427 ool-1-worker-191 | DEBUG | d.t.c.a.a.c.u.util.UserUtilService   : Removing 4 users from all courses. Done
    23:44:25.423 | 427 ool-1-worker-191 | DEBUG | d.t.c.a.a.c.u.util.UserUtilService   : Save 4 users to database...
    23:44:25.427 | 427 ool-1-worker-191 | DEBUG | d.t.c.a.a.c.u.util.UserUtilService   : Save 4 users to database. Done
    23:44:25.434 | 427 ool-1-worker-191 | INFO  | i.z.t.d.l.EmbeddedDatabaseReporter   : JDBC URL to connect to 'dataSource': url='jdbc:h2:tcp://localhost:41063/mem:f240edcd-27ce-47a3-b4ab-a6a00c154135;USER=sa', scope='ModelingExerciseIntegrationTest#testReEvaluateAndUpdateModelingExercise'
    23:44:25.444 | 427 ool-1-worker-191 | DEBUG | .c.s.m.InstanceMessageReceiveService : Received schedule participant score for exercise 1496 and participant 116 (result to be deleted: null)
    23:44:25.444 | 427 ool-1-worker-191 | DEBUG | .a.s.ParticipantScoreScheduleService : Scheduled task for exercise 1496 and participant 116 at 2025-02-14T23:44:25.544123256Z[Etc/UTC].
    23:44:25.449 | 427 ool-1-worker-191 | DEBUG | .c.s.m.InstanceMessageReceiveService : Received schedule participant score for exercise 1496 and participant 116 (result to be deleted: null)
    23:44:25.449 | 427 ool-1-worker-191 | DEBUG | .a.s.ParticipantScoreScheduleService : Scheduled task for exercise 1496 and participant 116 at 2025-02-14T23:44:25.549264854Z[Etc/UTC].
    23:44:25.455 | 427 ool-1-worker-191 | DEBUG | .c.s.m.InstanceMessageReceiveService : Received schedule participant score for exercise 1496 and participant 116 (result to be deleted: null)
    23:44:25.455 | 427 ool-1-worker-191 | DEBUG | .a.s.ParticipantScoreScheduleService : Scheduled task for exercise 1496 and participant 116 at 2025-02-14T23:44:25.555186397Z[Etc/UTC].
    23:44:25.460 | 427 ool-1-worker-191 | DEBUG | .c.s.m.InstanceMessageReceiveService : Received schedule participant score for exercise 1496 and participant 116 (result to be deleted: null)
    23:44:25.460 | 427 ool-1-worker-191 | DEBUG | .a.s.ParticipantScoreScheduleService : Scheduled task for exercise 1496 and participant 116 at 2025-02-14T23:44:25.560878391Z[Etc/UTC].
    23:44:25.463 | 427 ool-1-worker-191 | DEBUG | d.t.c.a.a.c.s.f.ApiVersionFilter     : Adding Version to Request PUT /api/modeling-exercises/1496/re-evaluate
    23:44:25.466 | 427 ool-1-worker-191 | DEBUG | t.c.a.a.m.w.ModelingExerciseResource : REST request to re-evaluate ModelingExercise : ModelingExercise{id=1496, maxPoints='5.0', diagramType='ClassDiagram', exampleSolutionModel='This is my example solution model', exampleSolutionExplanation='This is my example solution model'}
    23:44:25.481 | 427 ool-1-worker-191 | DEBUG | .c.s.m.InstanceMessageReceiveService : Received schedule participant score for exercise 1496 and participant 116 (result to be deleted: null)
    23:44:25.481 | 427 ool-1-worker-191 | DEBUG | .a.s.ParticipantScoreScheduleService : Scheduled task for exercise 1496 and participant 116 at 2025-02-14T23:44:25.581924718Z[Etc/UTC].
    23:44:25.482 | 427 ool-1-worker-191 | DEBUG | t.c.a.a.m.w.ModelingExerciseResource : REST request to update ModelingExercise : ModelingExercise{id=1496, maxPoints='5.0', diagramType='ClassDiagram', exampleSolutionModel='This is my example solution model', exampleSolutionExplanation='This is my example solution model'}
    23:44:25.492 | 427 ool-1-worker-191 | INFO  | d.t.c.a.a.e.service.ExerciseService  : User modelingexerciseintegrationinstructor1 has updated ModelingExercise ClassDiagram with id 1496
    23:44:25.494 | 427 ool-1-worker-191 | INFO  | .c.s.m.InstanceMessageReceiveService : Received schedule update for modeling exercise 1496
    23:44:25.495 | 427 ool-1-worker-191 | INFO  | .c.s.m.InstanceMessageReceiveService : Received schedule update for assessed exercise submitted 1496 notification 
    23:44:25.495 | 427 ool-1-worker-191 | DEBUG | t.c.a.a.e.s.ExerciseLifecycleService : Scheduled Task for Exercise "ClassDiagram" (#1496) to trigger on ASSESSMENT_DUE.
    23:44:25.495 | 427 ool-1-worker-191 | DEBUG | .a.a.c.s.NotificationScheduleService : Scheduled notify about assessed exercise submission after assessment due date for exercise 'ClassDiagram' (#1496) at 2025-02-16T23:39:41.477688Z.

  Starting logs for ModelingExerciseIntegrationTest > testGetModelingExerciseForCourse_asTA()
    23:44:25.532 | 427 ool-1-worker-191 | DEBUG | d.t.c.a.a.c.u.util.UserUtilService   : Generate 2 students...
    23:44:25.536 | 427 ool-1-worker-191 | DEBUG | d.t.c.a.a.c.u.util.UserUtilService   : 2 students generated. Generate 1 tutors...
    23:44:25.542 | 427 ool-1-worker-191 | DEBUG | d.t.c.a.a.c.u.util.UserUtilService   : 1 tutors generated. Generate 0 editors...
    23:44:25.546 | 427 ool-1-worker-191 | DEBUG | d.t.c.a.a.c.u.util.UserUtilService   : 0 editors generated. Generate 1 instructors...
    23:44:25.550 | 427 ool-1-worker-191 | DEBUG | d.t.c.a.a.c.u.util.UserUtilService   : 1 instructors generated
    23:44:25.551 | 427 ool-1-worker-191 | DEBUG | d.t.c.a.a.c.u.util.UserUtilService   : Removing 4 users from all courses...
    23:44:25.552 | 427 ool-1-worker-191 | DEBUG | d.t.c.a.a.c.u.util.UserUtilService   : Removing 4 users from all courses. Done
    23:44:25.552 | 427 ool-1-worker-191 | DEBUG | d.t.c.a.a.c.u.util.UserUtilService   : Save 4 users to database...
    23:44:25.555 | 427 ool-1-worker-191 | DEBUG | d.t.c.a.a.c.u.util.UserUtilService   : Save 4 users to database. Done
    23:44:25.563 | 427 ool-1-worker-191 | INFO  | i.z.t.d.l.EmbeddedDatabaseReporter   : JDBC URL to connect to 'dataSource': url='jdbc:h2:tcp://localhost:41063/mem:f240edcd-27ce-47a3-b4ab-a6a00c154135;USER=sa', scope='ModelingExerciseIntegrationTest#testGetModelingExerciseForCourse_asTA'
    23:44:25.565 | 427 ool-1-worker-191 | DEBUG | d.t.c.a.a.c.s.f.ApiVersionFilter     : Adding Version to Request GET /api/courses/516/modeling-exercises
    23:44:25.566 | 427 ool-1-worker-191 | DEBUG | t.c.a.a.m.w.ModelingExerciseResource : REST request to get all ModelingExercises for the course with id : 516

  Starting logs for ModelingExerciseIntegrationTest > testReEvaluateAndUpdateModelingExercise_shouldDeleteFeedbacks()
    23:44:25.586 | 427 ool-1-worker-191 | DEBUG | d.t.c.a.a.c.u.util.UserUtilService   : Generate 2 students...
    23:44:25.590 | 427 ool-1-worker-191 | DEBUG | d.t.c.a.a.c.u.util.UserUtilService   : 2 students generated. Generate 1 tutors...
    23:44:25.592 | 427 ool-1-worker-191 | DEBUG | d.t.c.a.a.c.u.util.UserUtilService   : 1 tutors generated. Generate 0 editors...
    23:44:25.594 | 427 ool-1-worker-191 | DEBUG | d.t.c.a.a.c.u.util.UserUtilService   : 0 editors generated. Generate 1 instructors...
    23:44:25.596 | 427 ool-1-worker-191 | DEBUG | d.t.c.a.a.c.u.util.UserUtilService   : 1 instructors generated
    23:44:25.598 | 427 ool-1-worker-191 | DEBUG | d.t.c.a.a.c.u.util.UserUtilService   : Removing 4 users from all courses...
    23:44:25.599 | 427 ool-1-worker-191 | DEBUG | d.t.c.a.a.c.u.util.UserUtilService   : Removing 4 users from all courses. Done
    23:44:25.599 | 427 ool-1-worker-191 | DEBUG | d.t.c.a.a.c.u.util.UserUtilService   : Save 4 users to database...
    23:44:25.602 | 427 ool-1-worker-191 | DEBUG | d.t.c.a.a.c.u.util.UserUtilService   : Save 4 users to database. Done
    23:44:25.610 | 427 ool-1-worker-191 | INFO  | i.z.t.d.l.EmbeddedDatabaseReporter   : JDBC URL to connect to 'dataSource': url='jdbc:h2:tcp://localhost:41063/mem:f240edcd-27ce-47a3-b4ab-a6a00c154135;USER=sa', scope='ModelingExerciseIntegrationTest#testReEvaluateAndUpdateModelingExercise_shouldDeleteFeedbacks'
    23:44:25.623 | 427 ool-1-worker-191 | DEBUG | .c.s.m.InstanceMessageReceiveService : Received schedule participant score for exercise 1498 and participant 116 (result to be deleted: null)
    23:44:25.623 | 427 ool-1-worker-191 | DEBUG | .a.s.ParticipantScoreScheduleService : Scheduled task for exercise 1498 and participant 116 at 2025-02-14T23:44:25.723206962Z[Etc/UTC].
    23:44:25.628 | 427 ool-1-worker-191 | DEBUG | .c.s.m.InstanceMessageReceiveService : Received schedule participant score for exercise 1498 and participant 116 (result to be deleted: null)
    23:44:25.628 | 427 ool-1-worker-191 | DEBUG | .a.s.ParticipantScoreScheduleService : Scheduled task for exercise 1498 and participant 116 at 2025-02-14T23:44:25.728860094Z[Etc/UTC].
    23:44:25.637 | 427 ool-1-worker-191 | DEBUG | .c.s.m.InstanceMessageReceiveService : Received schedule participant score for exercise 1498 and participant 116 (result to be deleted: null)
    23:44:25.637 | 427 ool-1-worker-191 | DEBUG | .a.s.ParticipantScoreScheduleService : Scheduled task for exercise 1498 and participant 116 at 2025-02-14T23:44:25.737119486Z[Etc/UTC].
    23:44:25.643 | 427 ool-1-worker-191 | DEBUG | .c.s.m.InstanceMessageReceiveService : Received schedule participant score for exercise 1498 and participant 116 (result to be deleted: null)
    23:44:25.643 | 427 ool-1-worker-191 | DEBUG | .a.s.ParticipantScoreScheduleService : Scheduled task for exercise 1498 and participant 116 at 2025-02-14T23:44:25.743431316Z[Etc/UTC].
    23:44:25.645 | 427 ool-1-worker-191 | DEBUG | d.t.c.a.a.c.s.f.ApiVersionFilter     : Adding Version to Request PUT /api/modeling-exercises/1498/re-evaluate
    23:44:25.647 | 427 ool-1-worker-191 | DEBUG | t.c.a.a.m.w.ModelingExerciseResource : REST request to re-evaluate ModelingExercise : ModelingExercise{id=1498, maxPoints='5.0', diagramType='ClassDiagram', exampleSolutionModel='This is my example solution model', exampleSolutionExplanation='This is my example solution model'}
    23:44:25.663 | 427 ool-1-worker-191 | DEBUG | .c.s.m.InstanceMessageReceiveService : Received schedule participant score for exercise 1498 and participant 116 (result to be deleted: null)
    23:44:25.664 | 427 ool-1-worker-191 | DEBUG | .a.s.ParticipantScoreScheduleService : Scheduled task for exercise 1498 and participant 116 at 2025-02-14T23:44:25.763994813Z[Etc/UTC].
    23:44:25.664 | 427 ool-1-worker-191 | DEBUG | t.c.a.a.m.w.ModelingExerciseResource : REST request to update ModelingExercise : ModelingExercise{id=1498, maxPoints='5.0', diagramType='ClassDiagram', exampleSolutionModel='This is my example solution model', exampleSolutionExplanation='This is my example solution model'}
    23:44:25.674 | 427 ool-1-worker-191 | INFO  | d.t.c.a.a.e.service.ExerciseService  : User modelingexerciseintegrationinstructor1 has updated ModelingExercise ClassDiagram with id 1498
    23:44:25.674 | 427 ool-1-worker-191 | INFO  | .c.s.m.InstanceMessageReceiveService : Received schedule update for modeling exercise 1498
    23:44:25.675 | 427 ool-1-worker-191 | INFO  | .c.s.m.InstanceMessageReceiveService : Received schedule update for assessed exercise submitted 1498 notification 
    23:44:25.676 | 427 ool-1-worker-191 | DEBUG | t.c.a.a.e.s.ExerciseLifecycleService : Scheduled Task for Exercise "ClassDiagram" (#1498) to trigger on ASSESSMENT_DUE.
    23:44:25.676 | 427 ool-1-worker-191 | DEBUG | .a.a.c.s.NotificationScheduleService : Scheduled notify about assessed exercise submission after assessment due date for exercise 'ClassDiagram' (#1498) at 2025-02-16T23:39:41.477688Z.

  Starting logs for ModelingExerciseIntegrationTest > testImport_individual_modeChange()
    23:44:25.708 | 427 ool-1-worker-191 | DEBUG | d.t.c.a.a.c.u.util.UserUtilService   : Generate 2 students...
    23:44:25.712 | 427 ool-1-worker-191 | DEBUG | d.t.c.a.a.c.u.util.UserUtilService   : 2 students generated. Generate 1 tutors...
    23:44:25.715 | 427 ool-1-worker-191 | DEBUG | d.t.c.a.a.c.u.util.UserUtilService   : 1 tutors generated. Generate 0 editors...
    23:44:25.716 | 427 ool-1-worker-191 | DEBUG | d.t.c.a.a.c.u.util.UserUtilService   : 0 editors generated. Generate 1 instructors...
    23:44:25.719 | 427 ool-1-worker-191 | DEBUG | d.t.c.a.a.c.u.util.UserUtilService   : 1 instructors generated
    23:44:25.720 | 427 ool-1-worker-191 | DEBUG | d.t.c.a.a.c.u.util.UserUtilService   : Removing 4 users from all courses...
    23:44:25.721 | 427 ool-1-worker-191 | DEBUG | d.t.c.a.a.c.u.util.UserUtilService   : Removing 4 users from all courses. Done
    23:44:25.721 | 427 ool-1-worker-191 | DEBUG | d.t.c.a.a.c.u.util.UserUtilService   : Save 4 users to database...
    23:44:25.725 | 427 ool-1-worker-191 | DEBUG | d.t.c.a.a.c.u.util.UserUtilService   : Save 4 users to database. Done
    23:44:25.734 | 427 ool-1-worker-191 | INFO  | i.z.t.d.l.EmbeddedDatabaseReporter   : JDBC URL to connect to 'dataSource': url='jdbc:h2:tcp://localhost:41063/mem:f240edcd-27ce-47a3-b4ab-a6a00c154135;USER=sa', scope='ModelingExerciseIntegrationTest#testImport_individual_modeChange'
    23:44:25.741 | 427 ool-1-worker-191 | DEBUG | d.t.c.a.a.c.s.f.ApiVersionFilter     : Adding Version to Request POST /api/modeling-exercises/import/1500
    23:44:25.745 | 427 ool-1-worker-191 | DEBUG | .a.m.s.ModelingExerciseImportService : Creating a new Exercise based on exercise 1500
    23:44:25.745 | 427 ool-1-worker-191 | DEBUG | .a.m.s.ModelingExerciseImportService : Copying the exercise basis from ModelingExercise{id=null, maxPoints='5.0', diagramType='ClassDiagram', exampleSolutionModel='This is my example solution model', exampleSolutionExplanation='This is my example solution model'}
    23:44:25.756 | 427 ool-1-worker-191 | DEBUG | .a.m.s.ModelingExerciseImportService : Copying the ExampleSubmissions to new Exercise: ModelingExercise{id=1501, maxPoints='5.0', diagramType='ClassDiagram', exampleSolutionModel='This is my example solution model', exampleSolutionExplanation='This is my example solution model'}
    23:44:25.761 | 427 ool-1-worker-191 | INFO  | .c.s.m.InstanceMessageReceiveService : Received schedule update for modeling exercise 1501

  Starting logs for ModelingExerciseIntegrationTest > createModelingExercise_setValidExampleSolutionPublicationDate()
    23:44:25.783 | 427 ool-1-worker-191 | DEBUG | d.t.c.a.a.c.u.util.UserUtilService   : Generate 2 students...
    23:44:25.787 | 427 ool-1-worker-191 | DEBUG | d.t.c.a.a.c.u.util.UserUtilService   : 2 students generated. Generate 1 tutors...
    23:44:25.789 | 427 ool-1-worker-191 | DEBUG | d.t.c.a.a.c.u.util.UserUtilService   : 1 tutors generated. Generate 0 editors...
    23:44:25.791 | 427 ool-1-worker-191 | DEBUG | d.t.c.a.a.c.u.util.UserUtilService   : 0 editors generated. Generate 1 instructors...
    23:44:25.793 | 427 ool-1-worker-191 | DEBUG | d.t.c.a.a.c.u.util.UserUtilService   : 1 instructors generated
    23:44:25.795 | 427 ool-1-worker-191 | DEBUG | d.t.c.a.a.c.u.util.UserUtilService   : Removing 4 users from all courses...
    23:44:25.795 | 427 ool-1-worker-191 | DEBUG | d.t.c.a.a.c.u.util.UserUtilService   : Removing 4 users from all courses. Done
    23:44:25.795 | 427 ool-1-worker-191 | DEBUG | d.t.c.a.a.c.u.util.UserUtilService   : Save 4 users to database...
    23:44:25.799 | 427 ool-1-worker-191 | DEBUG | d.t.c.a.a.c.u.util.UserUtilService   : Save 4 users to database. Done
    23:44:25.807 | 427 ool-1-worker-191 | INFO  | i.z.t.d.l.EmbeddedDatabaseReporter   : JDBC URL to connect to 'dataSource': url='jdbc:h2:tcp://localhost:41063/mem:f240edcd-27ce-47a3-b4ab-a6a00c154135;USER=sa', scope='ModelingExerciseIntegrationTest#createModelingExercise_setValidExampleSolutionPublicationDate'
    23:44:25.810 | 427 ool-1-worker-191 | DEBUG | d.t.c.a.a.c.s.f.ApiVersionFilter     : Adding Version to Request POST /api/modeling-exercises
    23:44:25.811 | 427 ool-1-worker-191 | DEBUG | t.c.a.a.m.w.ModelingExerciseResource : REST request to save ModelingExercise : ModelingExercise{id=null, maxPoints='5.0', diagramType='ClassDiagram', exampleSolutionModel='This is my example solution model', exampleSolutionExplanation='This is my example solution model'}
    23:44:25.824 | 427 ool-1-worker-191 | INFO  | .c.s.m.InstanceMessageReceiveService : Received schedule update for modeling exercise 1504
    23:44:25.824 | 588 artemis-task-1   | INFO  | .c.s.m.InstanceMessageReceiveService : Received schedule update for exercise 1504 released notification 
    23:44:25.824 | 588 artemis-task-1   | DEBUG | t.c.a.a.e.s.ExerciseLifecycleService : Scheduled Task for Exercise "ClassDiagram" (#1504) to trigger on RELEASE.
    23:44:25.824 | 588 artemis-task-1   | DEBUG | .a.a.c.s.NotificationScheduleService : Scheduled notify about started exercise after due date for exercise 'ClassDiagram' (#1504) for 2025-02-15T00:44:25.807207Z.
    23:44:25.829 | 427 ool-1-worker-191 | DEBUG | d.t.c.a.a.c.s.f.ApiVersionFilter     : Adding Version to Request POST /api/modeling-exercises
    23:44:25.830 | 427 ool-1-worker-191 | DEBUG | t.c.a.a.m.w.ModelingExerciseResource : REST request to save ModelingExercise : ModelingExercise{id=null, maxPoints='5.0', diagramType='ClassDiagram', exampleSolutionModel='This is my example solution model', exampleSolutionExplanation='This is my example solution model'}
    23:44:25.840 | 427 ool-1-worker-191 | INFO  | .c.s.m.InstanceMessageReceiveService : Received schedule update for modeling exercise 1505
    23:44:25.841 | 588 artemis-task-1   | INFO  | .c.s.m.InstanceMessageReceiveService : Received schedule update for exercise 1505 released notification 
    23:44:25.841 | 588 artemis-task-1   | DEBUG | t.c.a.a.e.s.ExerciseLifecycleService : Scheduled Task for Exercise "ClassDiagram" (#1505) to trigger on RELEASE.
    23:44:25.841 | 588 artemis-task-1   | DEBUG | .a.a.c.s.NotificationScheduleService : Scheduled notify about started exercise after due date for exercise 'ClassDiagram' (#1505) for 2025-02-15T00:44:25.807207Z.

  Starting logs for ModelingExerciseIntegrationTest > createModelingExercise_IncludedAsBonusInvalidBonusPoints()
    23:44:25.858 | 427 ool-1-worker-191 | DEBUG | d.t.c.a.a.c.u.util.UserUtilService   : Generate 2 students...
    23:44:25.862 | 427 ool-1-worker-191 | DEBUG | d.t.c.a.a.c.u.util.UserUtilService   : 2 students generated. Generate 1 tutors...
    23:44:25.865 | 427 ool-1-worker-191 | DEBUG | d.t.c.a.a.c.u.util.UserUtilService   : 1 tutors generated. Generate 0 editors...
    23:44:25.866 | 427 ool-1-worker-191 | DEBUG | d.t.c.a.a.c.u.util.UserUtilService   : 0 editors generated. Generate 1 instructors...
    23:44:25.870 | 427 ool-1-worker-191 | DEBUG | d.t.c.a.a.c.u.util.UserUtilService   : 1 instructors generated
    23:44:25.871 | 427 ool-1-worker-191 | DEBUG | d.t.c.a.a.c.u.util.UserUtilService   : Removing 4 users from all courses...
    23:44:25.872 | 427 ool-1-worker-191 | DEBUG | d.t.c.a.a.c.u.util.UserUtilService   : Removing 4 users from all courses. Done
    23:44:25.872 | 427 ool-1-worker-191 | DEBUG | d.t.c.a.a.c.u.util.UserUtilService   : Save 4 users to database...
    23:44:25.876 | 427 ool-1-worker-191 | DEBUG | d.t.c.a.a.c.u.util.UserUtilService   : Save 4 users to database. Done
    23:44:25.883 | 427 ool-1-worker-191 | INFO  | i.z.t.d.l.EmbeddedDatabaseReporter   : JDBC URL to connect to 'dataSource': url='jdbc:h2:tcp://localhost:41063/mem:f240edcd-27ce-47a3-b4ab-a6a00c154135;USER=sa', scope='ModelingExerciseIntegrationTest#createModelingExercise_IncludedAsBonusInvalidBonusPoints'
    23:44:25.885 | 427 ool-1-worker-191 | DEBUG | d.t.c.a.a.c.s.f.ApiVersionFilter     : Adding Version to Request POST /api/modeling-exercises
    23:44:25.886 | 427 ool-1-worker-191 | DEBUG | t.c.a.a.m.w.ModelingExerciseResource : REST request to save ModelingExercise : ModelingExercise{id=null, maxPoints='10.0', diagramType='ClassDiagram', exampleSolutionModel='This is my example solution model', exampleSolutionExplanation='This is my example solution model'}
    23:44:25.886 | 427 ool-1-worker-191 | ERROR | tech.jhipster.web.util.HeaderUtil    : Entity processing failed, The provided bonus points are not allowed
    23:44:25.886 | 427 ool-1-worker-191 | WARN  | o.z.p.spring.common.AdviceTraits     : Bad Request: The provided bonus points are not allowed

  Starting logs for ModelingExerciseIntegrationTest > testUpdateModelingExerciseCriteria_asInstructor()
    23:44:25.904 | 427 ool-1-worker-191 | DEBUG | d.t.c.a.a.c.u.util.UserUtilService   : Generate 2 students...
    23:44:25.911 | 427 ool-1-worker-191 | DEBUG | d.t.c.a.a.c.u.util.UserUtilService   : 2 students generated. Generate 1 tutors...
    23:44:25.914 | 427 ool-1-worker-191 | DEBUG | d.t.c.a.a.c.u.util.UserUtilService   : 1 tutors generated. Generate 0 editors...
    23:44:25.922 | 427 ool-1-worker-191 | DEBUG | d.t.c.a.a.c.u.util.UserUtilService   : 0 editors generated. Generate 1 instructors...
    23:44:25.928 | 427 ool-1-worker-191 | DEBUG | d.t.c.a.a.c.u.util.UserUtilService   : 1 instructors generated
    23:44:25.929 | 427 ool-1-worker-191 | DEBUG | d.t.c.a.a.c.u.util.UserUtilService   : Removing 4 users from all courses...
    23:44:25.930 | 427 ool-1-worker-191 | DEBUG | d.t.c.a.a.c.u.util.UserUtilService   : Removing 4 users from all courses. Done
    23:44:25.930 | 427 ool-1-worker-191 | DEBUG | d.t.c.a.a.c.u.util.UserUtilService   : Save 4 users to database...
    23:44:25.934 | 427 ool-1-worker-191 | DEBUG | d.t.c.a.a.c.u.util.UserUtilService   : Save 4 users to database. Done
    23:44:25.942 | 427 ool-1-worker-191 | INFO  | i.z.t.d.l.EmbeddedDatabaseReporter   : JDBC URL to connect to 'dataSource': url='jdbc:h2:tcp://localhost:41063/mem:f240edcd-27ce-47a3-b4ab-a6a00c154135;USER=sa', scope='ModelingExerciseIntegrationTest#testUpdateModelingExerciseCriteria_asInstructor'
    23:44:25.946 | 427 ool-1-worker-191 | DEBUG | d.t.c.a.a.c.s.f.ApiVersionFilter     : Adding Version to Request POST /api/modeling-exercises
    23:44:25.948 | 427 ool-1-worker-191 | DEBUG | t.c.a.a.m.w.ModelingExerciseResource : REST request to save ModelingExercise : ModelingExercise{id=null, maxPoints='5.0', diagramType='ClassDiagram', exampleSolutionModel='This is my example solution model', exampleSolutionExplanation='This is my example solution model'}
    23:44:25.966 | 427 ool-1-worker-191 | INFO  | .c.s.m.InstanceMessageReceiveService : Received schedule update for modeling exercise 1508
    23:44:25.968 | 427 ool-1-worker-191 | DEBUG | d.t.c.a.a.c.s.f.ApiVersionFilter     : Adding Version to Request POST /api/modeling-exercises
    23:44:25.970 | 427 ool-1-worker-191 | DEBUG | t.c.a.a.m.w.ModelingExerciseResource : REST request to save ModelingExercise : ModelingExercise{id=null, maxPoints='5.0', diagramType='ClassDiagram', exampleSolutionModel='This is my example solution model', exampleSolutionExplanation='This is my example solution model'}
    23:44:25.980 | 427 ool-1-worker-191 | INFO  | .c.s.m.InstanceMessageReceiveService : Received schedule update for modeling exercise 1509
    23:44:25.983 | 427 ool-1-worker-191 | DEBUG | d.t.c.a.a.c.s.f.ApiVersionFilter     : Adding Version to Request POST /api/modeling-exercises
    23:44:25.984 | 427 ool-1-worker-191 | DEBUG | t.c.a.a.m.w.ModelingExerciseResource : REST request to save ModelingExercise : ModelingExercise{id=null, maxPoints='5.0', diagramType='ClassDiagram', exampleSolutionModel='This is my example solution model', exampleSolutionExplanation='This is my example solution model'}
    23:44:25.992 | 588 artemis-task-1   | INFO  | .c.s.m.InstanceMessageReceiveService : Received schedule update for assessed exercise submitted 1508 notification 
    23:44:25.994 | 588 artemis-task-1   | DEBUG | t.c.a.a.e.s.ExerciseLifecycleService : Scheduled Task for Exercise "383e92e8-f76a-4c4e-a020-4d65f9e67c4b" (#1508) to trigger on ASSESSMENT_DUE.
    23:44:25.994 | 588 artemis-task-1   | DEBUG | .a.a.c.s.NotificationScheduleService : Scheduled notify about assessed exercise submission after assessment due date for exercise '383e92e8-f76a-4c4e-a020-4d65f9e67c4b' (#1508) at 2025-02-22T23:44:25.942407Z.
    23:44:25.995 | 427 ool-1-worker-191 | INFO  | .c.s.m.InstanceMessageReceiveService : Received schedule update for modeling exercise 1510

  Starting logs for ModelingExerciseIntegrationTest > testImport_team_modeChange()
    23:44:26.009 | 588 artemis-task-1   | INFO  | .c.s.m.InstanceMessageReceiveService : Received schedule update for assessed exercise submitted 1509 notification 
    23:44:26.009 | 588 artemis-task-1   | DEBUG | t.c.a.a.e.s.ExerciseLifecycleService : Scheduled Task for Exercise "383e92e8-f76a-4c4e-a020-4d65f9e67c4b" (#1509) to trigger on ASSESSMENT_DUE.
    23:44:26.009 | 588 artemis-task-1   | DEBUG | .a.a.c.s.NotificationScheduleService : Scheduled notify about assessed exercise submission after assessment due date for exercise '383e92e8-f76a-4c4e-a020-4d65f9e67c4b' (#1509) at 2025-02-22T23:44:25.942407Z.
    23:44:26.012 | 427 ool-1-worker-191 | DEBUG | d.t.c.a.a.c.u.util.UserUtilService   : Generate 2 students...
    23:44:26.016 | 427 ool-1-worker-191 | DEBUG | d.t.c.a.a.c.u.util.UserUtilService   : 2 students generated. Generate 1 tutors...
    23:44:26.021 | 427 ool-1-worker-191 | DEBUG | d.t.c.a.a.c.u.util.UserUtilService   : 1 tutors generated. Generate 0 editors...
    23:44:26.023 | 427 ool-1-worker-191 | DEBUG | d.t.c.a.a.c.u.util.UserUtilService   : 0 editors generated. Generate 1 instructors...
    23:44:26.026 | 588 artemis-task-1   | INFO  | .c.s.m.InstanceMessageReceiveService : Received schedule update for assessed exercise submitted 1510 notification 
    23:44:26.027 | 588 artemis-task-1   | DEBUG | t.c.a.a.e.s.ExerciseLifecycleService : Scheduled Task for Exercise "383e92e8-f76a-4c4e-a020-4d65f9e67c4b" (#1510) to trigger on ASSESSMENT_DUE.
    23:44:26.027 | 588 artemis-task-1   | DEBUG | .a.a.c.s.NotificationScheduleService : Scheduled notify about assessed exercise submission after assessment due date for exercise '383e92e8-f76a-4c4e-a020-4d65f9e67c4b' (#1510) at 2025-02-22T23:44:25.942407Z.
    23:44:26.029 | 427 ool-1-worker-191 | DEBUG | d.t.c.a.a.c.u.util.UserUtilService   : 1 instructors generated
    23:44:26.030 | 427 ool-1-worker-191 | DEBUG | d.t.c.a.a.c.u.util.UserUtilService   : Removing 4 users from all courses...
    23:44:26.031 | 427 ool-1-worker-191 | DEBUG | d.t.c.a.a.c.u.util.UserUtilService   : Removing 4 users from all courses. Done
    23:44:26.031 | 427 ool-1-worker-191 | DEBUG | d.t.c.a.a.c.u.util.UserUtilService   : Save 4 users to database...
    23:44:26.040 | 427 ool-1-worker-191 | DEBUG | d.t.c.a.a.c.u.util.UserUtilService   : Save 4 users to database. Done
    23:44:26.056 | 427 ool-1-worker-191 | INFO  | i.z.t.d.l.EmbeddedDatabaseReporter   : JDBC URL to connect to 'dataSource': url='jdbc:h2:tcp://localhost:41063/mem:f240edcd-27ce-47a3-b4ab-a6a00c154135;USER=sa', scope='ModelingExerciseIntegrationTest#testImport_team_modeChange'
    23:44:26.065 | 427 ool-1-worker-191 | DEBUG | d.t.c.a.a.c.s.f.ApiVersionFilter     : Adding Version to Request POST /api/modeling-exercises/import/1512
    23:44:26.072 | 427 ool-1-worker-191 | DEBUG | .a.m.s.ModelingExerciseImportService : Creating a new Exercise based on exercise 1512
    23:44:26.072 | 427 ool-1-worker-191 | DEBUG | .a.m.s.ModelingExerciseImportService : Copying the exercise basis from ModelingExercise{id=null, maxPoints='5.0', diagramType='ClassDiagram', exampleSolutionModel='This is my example solution model', exampleSolutionExplanation='This is my example solution model'}
    23:44:26.090 | 427 ool-1-worker-191 | DEBUG | .a.m.s.ModelingExerciseImportService : Copying the ExampleSubmissions to new Exercise: ModelingExercise{id=1513, maxPoints='5.0', diagramType='ClassDiagram', exampleSolutionModel='This is my example solution model', exampleSolutionExplanation='This is my example solution model'}
    23:44:26.103 | 427 ool-1-worker-191 | INFO  | .c.s.m.InstanceMessageReceiveService : Received schedule update for modeling exercise 1513

  Starting logs for ModelingExerciseIntegrationTest > testUpdateModelingExercise_instructorNotInCourse()
    23:44:26.131 | 427 ool-1-worker-191 | DEBUG | d.t.c.a.a.c.u.util.UserUtilService   : Generate 2 students...
    23:44:26.138 | 427 ool-1-worker-191 | DEBUG | d.t.c.a.a.c.u.util.UserUtilService   : 2 students generated. Generate 1 tutors...
    23:44:26.144 | 427 ool-1-worker-191 | DEBUG | d.t.c.a.a.c.u.util.UserUtilService   : 1 tutors generated. Generate 0 editors...
    23:44:26.145 | 427 ool-1-worker-191 | DEBUG | d.t.c.a.a.c.u.util.UserUtilService   : 0 editors generated. Generate 1 instructors...
    23:44:26.151 | 427 ool-1-worker-191 | DEBUG | d.t.c.a.a.c.u.util.UserUtilService   : 1 instructors generated
    23:44:26.153 | 427 ool-1-worker-191 | DEBUG | d.t.c.a.a.c.u.util.UserUtilService   : Removing 4 users from all courses...
    23:44:26.154 | 427 ool-1-worker-191 | DEBUG | d.t.c.a.a.c.u.util.UserUtilService   : Removing 4 users from all courses. Done
    23:44:26.154 | 427 ool-1-worker-191 | DEBUG | d.t.c.a.a.c.u.util.UserUtilService   : Save 4 users to database...
    23:44:26.158 | 427 ool-1-worker-191 | DEBUG | d.t.c.a.a.c.u.util.UserUtilService   : Save 4 users to database. Done
    23:44:26.166 | 427 ool-1-worker-191 | INFO  | i.z.t.d.l.EmbeddedDatabaseReporter   : JDBC URL to connect to 'dataSource': url='jdbc:h2:tcp://localhost:41063/mem:f240edcd-27ce-47a3-b4ab-a6a00c154135;USER=sa', scope='ModelingExerciseIntegrationTest#testUpdateModelingExercise_instructorNotInCourse'
    23:44:26.168 | 427 ool-1-worker-191 | DEBUG | d.t.c.a.a.c.s.f.ApiVersionFilter     : Adding Version to Request PUT /api/modeling-exercises
    23:44:26.169 | 427 ool-1-worker-191 | DEBUG | t.c.a.a.m.w.ModelingExerciseResource : REST request to update ModelingExercise : ModelingExercise{id=1514, maxPoints='5.0', diagramType='ClassDiagram', exampleSolutionModel='This is my example solution model', exampleSolutionExplanation='This is my example solution model'}
    23:44:26.172 | 427 ool-1-worker-191 | WARN  | o.z.p.spring.common.AdviceTraits     : Forbidden: You are not allowed to access the Course with id 528

  Starting logs for ModelingExerciseIntegrationTest > testUpdateModelingExerciseInstructions_asInstructor()
    23:44:26.193 | 427 ool-1-worker-191 | DEBUG | d.t.c.a.a.c.u.util.UserUtilService   : Generate 2 students...
    23:44:26.198 | 427 ool-1-worker-191 | DEBUG | d.t.c.a.a.c.u.util.UserUtilService   : 2 students generated. Generate 1 tutors...
    23:44:26.200 | 427 ool-1-worker-191 | DEBUG | d.t.c.a.a.c.u.util.UserUtilService   : 1 tutors generated. Generate 0 editors...
    23:44:26.202 | 427 ool-1-worker-191 | DEBUG | d.t.c.a.a.c.u.util.UserUtilService   : 0 editors generated. Generate 1 instructors...
    23:44:26.205 | 427 ool-1-worker-191 | DEBUG | d.t.c.a.a.c.u.util.UserUtilService   : 1 instructors generated
    23:44:26.206 | 427 ool-1-worker-191 | DEBUG | d.t.c.a.a.c.u.util.UserUtilService   : Removing 4 users from all courses...
    23:44:26.207 | 427 ool-1-worker-191 | DEBUG | d.t.c.a.a.c.u.util.UserUtilService   : Removing 4 users from all courses. Done
    23:44:26.207 | 427 ool-1-worker-191 | DEBUG | d.t.c.a.a.c.u.util.UserUtilService   : Save 4 users to database...
    23:44:26.210 | 427 ool-1-worker-191 | DEBUG | d.t.c.a.a.c.u.util.UserUtilService   : Save 4 users to database. Done
    23:44:26.220 | 427 ool-1-worker-191 | INFO  | i.z.t.d.l.EmbeddedDatabaseReporter   : JDBC URL to connect to 'dataSource': url='jdbc:h2:tcp://localhost:41063/mem:f240edcd-27ce-47a3-b4ab-a6a00c154135;USER=sa', scope='ModelingExerciseIntegrationTest#testUpdateModelingExerciseInstructions_asInstructor'
    23:44:26.222 | 427 ool-1-worker-191 | DEBUG | d.t.c.a.a.c.s.f.ApiVersionFilter     : Adding Version to Request POST /api/modeling-exercises
    23:44:26.223 | 427 ool-1-worker-191 | DEBUG | t.c.a.a.m.w.ModelingExerciseResource : REST request to save ModelingExercise : ModelingExercise{id=null, maxPoints='5.0', diagramType='ClassDiagram', exampleSolutionModel='This is my example solution model', exampleSolutionExplanation='This is my example solution model'}
    23:44:26.234 | 427 ool-1-worker-191 | INFO  | .c.s.m.InstanceMessageReceiveService : Received schedule update for modeling exercise 1516
    23:44:26.240 | 427 ool-1-worker-191 | DEBUG | d.t.c.a.a.c.s.f.ApiVersionFilter     : Adding Version to Request POST /api/modeling-exercises
    23:44:26.241 | 427 ool-1-worker-191 | DEBUG | t.c.a.a.m.w.ModelingExerciseResource : REST request to save ModelingExercise : ModelingExercise{id=null, maxPoints='5.0', diagramType='ClassDiagram', exampleSolutionModel='This is my example solution model', exampleSolutionExplanation='This is my example solution model'}
    23:44:26.262 | 588 artemis-task-1   | INFO  | .c.s.m.InstanceMessageReceiveService : Received schedule update for assessed exercise submitted 1516 notification 
    23:44:26.263 | 588 artemis-task-1   | DEBUG | t.c.a.a.e.s.ExerciseLifecycleService : Scheduled Task for Exercise "36354545-6846-4ece-b03f-251209a394cd" (#1516) to trigger on ASSESSMENT_DUE.
    23:44:26.263 | 588 artemis-task-1   | DEBUG | .a.a.c.s.NotificationScheduleService : Scheduled notify about assessed exercise submission after assessment due date for exercise '36354545-6846-4ece-b03f-251209a394cd' (#1516) at 2025-02-22T23:44:26.220728Z.
    23:44:26.269 | 427 ool-1-worker-191 | INFO  | .c.s.m.InstanceMessageReceiveService : Received schedule update for modeling exercise 1517
    23:44:26.275 | 427 ool-1-worker-191 | DEBUG | d.t.c.a.a.c.s.f.ApiVersionFilter     : Adding Version to Request POST /api/modeling-exercises
    23:44:26.278 | 427 ool-1-worker-191 | DEBUG | t.c.a.a.m.w.ModelingExerciseResource : REST request to save ModelingExercise : ModelingExercise{id=null, maxPoints='5.0', diagramType='ClassDiagram', exampleSolutionModel='This is my example solution model', exampleSolutionExplanation='This is my example solution model'}
    23:44:26.300 | 427 ool-1-worker-191 | INFO  | .c.s.m.InstanceMessageReceiveService : Received schedule update for modeling exercise 1518
    23:44:26.301 | 588 artemis-task-1   | INFO  | .c.s.m.InstanceMessageReceiveService : Received schedule update for assessed exercise submitted 1517 notification 
    23:44:26.301 | 588 artemis-task-1   | DEBUG | t.c.a.a.e.s.ExerciseLifecycleService : Scheduled Task for Exercise "36354545-6846-4ece-b03f-251209a394cd" (#1517) to trigger on ASSESSMENT_DUE.
    23:44:26.301 | 588 artemis-task-1   | DEBUG | .a.a.c.s.NotificationScheduleService : Scheduled notify about assessed exercise submission after assessment due date for exercise '36354545-6846-4ece-b03f-251209a394cd' (#1517) at 2025-02-22T23:44:26.220728Z.

  Starting logs for ModelingExerciseIntegrationTest > createModelingExerciseForExam()
    23:44:26.349 | 427 ool-1-worker-191 | DEBUG | d.t.c.a.a.c.u.util.UserUtilService   : Generate 2 students...
    23:44:26.358 | 427 ool-1-worker-191 | DEBUG | d.t.c.a.a.c.u.util.UserUtilService   : 2 students generated. Generate 1 tutors...
    23:44:26.367 | 427 ool-1-worker-191 | DEBUG | d.t.c.a.a.c.u.util.UserUtilService   : 1 tutors generated. Generate 0 editors...
    23:44:26.368 | 588 artemis-task-1   | INFO  | .c.s.m.InstanceMessageReceiveService : Received schedule update for assessed exercise submitted 1518 notification 
    23:44:26.369 | 588 artemis-task-1   | DEBUG | t.c.a.a.e.s.ExerciseLifecycleService : Scheduled Task for Exercise "36354545-6846-4ece-b03f-251209a394cd" (#1518) to trigger on ASSESSMENT_DUE.
    23:44:26.369 | 588 artemis-task-1   | DEBUG | .a.a.c.s.NotificationScheduleService : Scheduled notify about assessed exercise submission after assessment due date for exercise '36354545-6846-4ece-b03f-251209a394cd' (#1518) at 2025-02-22T23:44:26.220728Z.
    23:44:26.371 | 427 ool-1-worker-191 | DEBUG | d.t.c.a.a.c.u.util.UserUtilService   : 0 editors generated. Generate 1 instructors...
    23:44:26.383 | 427 ool-1-worker-191 | DEBUG | d.t.c.a.a.c.u.util.UserUtilService   : 1 instructors generated
    23:44:26.384 | 427 ool-1-worker-191 | DEBUG | d.t.c.a.a.c.u.util.UserUtilService   : Removing 4 users from all courses...
    23:44:26.395 | 427 ool-1-worker-191 | DEBUG | d.t.c.a.a.c.u.util.UserUtilService   : Removing 4 users from all courses. Done
    23:44:26.395 | 427 ool-1-worker-191 | DEBUG | d.t.c.a.a.c.u.util.UserUtilService   : Save 4 users to database...
    23:44:26.402 | 427 ool-1-worker-191 | DEBUG | d.t.c.a.a.c.u.util.UserUtilService   : Save 4 users to database. Done
    23:44:26.418 | 427 ool-1-worker-191 | INFO  | i.z.t.d.l.EmbeddedDatabaseReporter   : JDBC URL to connect to 'dataSource': url='jdbc:h2:tcp://localhost:41063/mem:f240edcd-27ce-47a3-b4ab-a6a00c154135;USER=sa', scope='ModelingExerciseIntegrationTest#createModelingExerciseForExam'
    23:44:26.426 | 427 ool-1-worker-191 | DEBUG | d.t.c.a.a.c.s.f.ApiVersionFilter     : Adding Version to Request POST /api/modeling-exercises
    23:44:26.427 | 427 ool-1-worker-191 | DEBUG | t.c.a.a.m.w.ModelingExerciseResource : REST request to save ModelingExercise : ModelingExercise{id=null, maxPoints='5.0', diagramType='ClassDiagram', exampleSolutionModel='This is my example solution model', exampleSolutionExplanation='This is my example solution model'}
    23:44:26.430 | 427 ool-1-worker-191 | INFO  | .c.s.m.InstanceMessageReceiveService : Received schedule update for modeling exercise 1520

  Starting logs for ModelingExerciseIntegrationTest > testUpdateModelingExerciseWrongCourseId_asInstructor()
    23:44:26.449 | 427 ool-1-worker-191 | DEBUG | d.t.c.a.a.c.u.util.UserUtilService   : Generate 2 students...
    23:44:26.454 | 427 ool-1-worker-191 | DEBUG | d.t.c.a.a.c.u.util.UserUtilService   : 2 students generated. Generate 1 tutors...
    23:44:26.456 | 427 ool-1-worker-191 | DEBUG | d.t.c.a.a.c.u.util.UserUtilService   : 1 tutors generated. Generate 0 editors...
    23:44:26.458 | 427 ool-1-worker-191 | DEBUG | d.t.c.a.a.c.u.util.UserUtilService   : 0 editors generated. Generate 1 instructors...
    23:44:26.460 | 427 ool-1-worker-191 | DEBUG | d.t.c.a.a.c.u.util.UserUtilService   : 1 instructors generated
    23:44:26.461 | 427 ool-1-worker-191 | DEBUG | d.t.c.a.a.c.u.util.UserUtilService   : Removing 4 users from all courses...
    23:44:26.462 | 427 ool-1-worker-191 | DEBUG | d.t.c.a.a.c.u.util.UserUtilService   : Removing 4 users from all courses. Done
    23:44:26.462 | 427 ool-1-worker-191 | DEBUG | d.t.c.a.a.c.u.util.UserUtilService   : Save 4 users to database...
    23:44:26.466 | 427 ool-1-worker-191 | DEBUG | d.t.c.a.a.c.u.util.UserUtilService   : Save 4 users to database. Done
    23:44:26.473 | 427 ool-1-worker-191 | INFO  | i.z.t.d.l.EmbeddedDatabaseReporter   : JDBC URL to connect to 'dataSource': url='jdbc:h2:tcp://localhost:41063/mem:f240edcd-27ce-47a3-b4ab-a6a00c154135;USER=sa', scope='ModelingExerciseIntegrationTest#testUpdateModelingExerciseWrongCourseId_asInstructor'
    23:44:26.475 | 427 ool-1-worker-191 | DEBUG | d.t.c.a.a.c.s.f.ApiVersionFilter     : Adding Version to Request PUT /api/modeling-exercises
    23:44:26.476 | 427 ool-1-worker-191 | DEBUG | t.c.a.a.m.w.ModelingExerciseResource : REST request to update ModelingExercise : ModelingExercise{id=1521, maxPoints='5.0', diagramType='ClassDiagram', exampleSolutionModel='This is my example solution model', exampleSolutionExplanation='This is my example solution model'}
    23:44:26.480 | 427 ool-1-worker-191 | WARN  | o.z.p.spring.common.AdviceTraits     : Conflict: Exercise course id does not match the stored course id

  Starting logs for ModelingExerciseIntegrationTest > testInstructorSearchTermMatchesTitle()
    23:44:26.496 | 427 ool-1-worker-191 | DEBUG | d.t.c.a.a.c.u.util.UserUtilService   : Generate 2 students...
    23:44:26.500 | 427 ool-1-worker-191 | DEBUG | d.t.c.a.a.c.u.util.UserUtilService   : 2 students generated. Generate 1 tutors...
    23:44:26.502 | 427 ool-1-worker-191 | DEBUG | d.t.c.a.a.c.u.util.UserUtilService   : 1 tutors generated. Generate 0 editors...
    23:44:26.504 | 427 ool-1-worker-191 | DEBUG | d.t.c.a.a.c.u.util.UserUtilService   : 0 editors generated. Generate 1 instructors...
    23:44:26.507 | 427 ool-1-worker-191 | DEBUG | d.t.c.a.a.c.u.util.UserUtilService   : 1 instructors generated
    23:44:26.508 | 427 ool-1-worker-191 | DEBUG | d.t.c.a.a.c.u.util.UserUtilService   : Removing 4 users from all courses...
    23:44:26.509 | 427 ool-1-worker-191 | DEBUG | d.t.c.a.a.c.u.util.UserUtilService   : Removing 4 users from all courses. Done
    23:44:26.509 | 427 ool-1-worker-191 | DEBUG | d.t.c.a.a.c.u.util.UserUtilService   : Save 4 users to database...
    23:44:26.512 | 427 ool-1-worker-191 | DEBUG | d.t.c.a.a.c.u.util.UserUtilService   : Save 4 users to database. Done
    23:44:26.520 | 427 ool-1-worker-191 | INFO  | i.z.t.d.l.EmbeddedDatabaseReporter   : JDBC URL to connect to 'dataSource': url='jdbc:h2:tcp://localhost:41063/mem:f240edcd-27ce-47a3-b4ab-a6a00c154135;USER=sa', scope='ModelingExerciseIntegrationTest#testInstructorSearchTermMatchesTitle'
    23:44:26.520 | 427 ool-1-worker-191 | DEBUG | d.t.c.a.a.c.u.util.UserUtilService   : Generate 1 students...
    23:44:26.523 | 427 ool-1-worker-191 | DEBUG | d.t.c.a.a.c.u.util.UserUtilService   : 1 students generated. Generate 1 tutors...
    23:44:26.526 | 427 ool-1-worker-191 | DEBUG | d.t.c.a.a.c.u.util.UserUtilService   : 1 tutors generated. Generate 0 editors...
    23:44:26.527 | 427 ool-1-worker-191 | DEBUG | d.t.c.a.a.c.u.util.UserUtilService   : 0 editors generated. Generate 1 instructors...
    23:44:26.530 | 427 ool-1-worker-191 | DEBUG | d.t.c.a.a.c.u.util.UserUtilService   : 1 instructors generated
    23:44:26.531 | 427 ool-1-worker-191 | DEBUG | d.t.c.a.a.c.u.util.UserUtilService   : Removing 4 users from all courses...
    23:44:26.532 | 427 ool-1-worker-191 | DEBUG | d.t.c.a.a.c.u.util.UserUtilService   : Removing 4 users from all courses. Done
    23:44:26.532 | 427 ool-1-worker-191 | DEBUG | d.t.c.a.a.c.u.util.UserUtilService   : Save 3 users to database...
    23:44:26.534 | 427 ool-1-worker-191 | DEBUG | d.t.c.a.a.c.u.util.UserUtilService   : Save 3 users to database. Done
    23:44:26.538 | 427 ool-1-worker-191 | DEBUG | d.t.c.a.a.c.s.f.ApiVersionFilter     : Adding Version to Request GET /api/modeling-exercises

  Starting logs for ModelingExerciseIntegrationTest > testGetModelingExerciseForCourse_tutorNotInCourse()
    23:44:26.592 | 427 ool-1-worker-191 | DEBUG | d.t.c.a.a.c.u.util.UserUtilService   : Generate 2 students...
    23:44:26.597 | 427 ool-1-worker-191 | DEBUG | d.t.c.a.a.c.u.util.UserUtilService   : 2 students generated. Generate 1 tutors...
    23:44:26.600 | 427 ool-1-worker-191 | DEBUG | d.t.c.a.a.c.u.util.UserUtilService   : 1 tutors generated. Generate 0 editors...
    23:44:26.601 | 427 ool-1-worker-191 | DEBUG | d.t.c.a.a.c.u.util.UserUtilService   : 0 editors generated. Generate 1 instructors...
    23:44:26.604 | 427 ool-1-worker-191 | DEBUG | d.t.c.a.a.c.u.util.UserUtilService   : 1 instructors generated
    23:44:26.605 | 427 ool-1-worker-191 | DEBUG | d.t.c.a.a.c.u.util.UserUtilService   : Removing 3 users from all courses...
    23:44:26.606 | 427 ool-1-worker-191 | DEBUG | d.t.c.a.a.c.u.util.UserUtilService   : Removing 3 users from all courses. Done
    23:44:26.606 | 427 ool-1-worker-191 | DEBUG | d.t.c.a.a.c.u.util.UserUtilService   : Save 4 users to database...
    23:44:26.610 | 427 ool-1-worker-191 | DEBUG | d.t.c.a.a.c.u.util.UserUtilService   : Save 4 users to database. Done
    23:44:26.619 | 427 ool-1-worker-191 | INFO  | i.z.t.d.l.EmbeddedDatabaseReporter   : JDBC URL to connect to 'dataSource': url='jdbc:h2:tcp://localhost:41063/mem:f240edcd-27ce-47a3-b4ab-a6a00c154135;USER=sa', scope='ModelingExerciseIntegrationTest#testGetModelingExerciseForCourse_tutorNotInCourse'
    23:44:26.620 | 427 ool-1-worker-191 | DEBUG | d.t.c.a.a.c.s.f.ApiVersionFilter     : Adding Version to Request GET /api/courses/535/modeling-exercises
    23:44:26.621 | 427 ool-1-worker-191 | DEBUG | t.c.a.a.m.w.ModelingExerciseResource : REST request to get all ModelingExercises for the course with id : 535
    23:44:26.623 | 427 ool-1-worker-191 | WARN  | o.z.p.spring.common.AdviceTraits     : Forbidden: You are not allowed to access the Course with id 535

  Starting logs for ModelingExerciseIntegrationTest > testImportModelingExercise_setGradingInstructionForCopiedFeedback()
    23:44:26.640 | 427 ool-1-worker-191 | DEBUG | d.t.c.a.a.c.u.util.UserUtilService   : Generate 2 students...
    23:44:26.646 | 427 ool-1-worker-191 | DEBUG | d.t.c.a.a.c.u.util.UserUtilService   : 2 students generated. Generate 1 tutors...
    23:44:26.649 | 427 ool-1-worker-191 | DEBUG | d.t.c.a.a.c.u.util.UserUtilService   : 1 tutors generated. Generate 0 editors...
    23:44:26.650 | 427 ool-1-worker-191 | DEBUG | d.t.c.a.a.c.u.util.UserUtilService   : 0 editors generated. Generate 1 instructors...
    23:44:26.653 | 427 ool-1-worker-191 | DEBUG | d.t.c.a.a.c.u.util.UserUtilService   : 1 instructors generated
    23:44:26.654 | 427 ool-1-worker-191 | DEBUG | d.t.c.a.a.c.u.util.UserUtilService   : Removing 4 users from all courses...
    23:44:26.655 | 427 ool-1-worker-191 | DEBUG | d.t.c.a.a.c.u.util.UserUtilService   : Removing 4 users from all courses. Done
    23:44:26.655 | 427 ool-1-worker-191 | DEBUG | d.t.c.a.a.c.u.util.UserUtilService   : Save 4 users to database...
    23:44:26.659 | 427 ool-1-worker-191 | DEBUG | d.t.c.a.a.c.u.util.UserUtilService   : Save 4 users to database. Done
    23:44:26.667 | 427 ool-1-worker-191 | INFO  | i.z.t.d.l.EmbeddedDatabaseReporter   : JDBC URL to connect to 'dataSource': url='jdbc:h2:tcp://localhost:41063/mem:f240edcd-27ce-47a3-b4ab-a6a00c154135;USER=sa', scope='ModelingExerciseIntegrationTest#testImportModelingExercise_setGradingInstructionForCopiedFeedback'
    23:44:26.707 | 427 ool-1-worker-191 | DEBUG | d.t.c.a.a.c.s.f.ApiVersionFilter     : Adding Version to Request POST /api/modeling-exercises/import/1526
    23:44:26.711 | 427 ool-1-worker-191 | DEBUG | .a.m.s.ModelingExerciseImportService : Creating a new Exercise based on exercise 1526
    23:44:26.711 | 427 ool-1-worker-191 | DEBUG | .a.m.s.ModelingExerciseImportService : Copying the exercise basis from ModelingExercise{id=1526, maxPoints='5.0', diagramType='ClassDiagram', exampleSolutionModel='This is my example solution model', exampleSolutionExplanation='This is my example solution model'}
    23:44:26.727 | 427 ool-1-worker-191 | DEBUG | .a.m.s.ModelingExerciseImportService : Copying the ExampleSubmissions to new Exercise: ModelingExercise{id=1527, maxPoints='5.0', diagramType='ClassDiagram', exampleSolutionModel='This is my example solution model', exampleSolutionExplanation='This is my example solution model'}
    23:44:26.727 | 427 ool-1-worker-191 | DEBUG | .a.m.s.ModelingExerciseImportService : Copying the Submission to new ExampleSubmission: ModelingSubmission{id=null}
    23:44:26.751 | 427 ool-1-worker-191 | INFO  | .c.s.m.InstanceMessageReceiveService : Received schedule update for modeling exercise 1527

  Starting logs for ModelingExerciseIntegrationTest > importModelingExerciseFromExamToCourse_forbidden()
    23:44:26.773 | 427 ool-1-worker-191 | DEBUG | d.t.c.a.a.c.u.util.UserUtilService   : Generate 2 students...
    23:44:26.803 | 427 ool-1-worker-191 | DEBUG | d.t.c.a.a.c.u.util.UserUtilService   : 2 students generated. Generate 1 tutors...
    23:44:26.806 | 427 ool-1-worker-191 | DEBUG | d.t.c.a.a.c.u.util.UserUtilService   : 1 tutors generated. Generate 0 editors...
    23:44:26.808 | 427 ool-1-worker-191 | DEBUG | d.t.c.a.a.c.u.util.UserUtilService   : 0 editors generated. Generate 1 instructors...
    23:44:26.811 | 427 ool-1-worker-191 | DEBUG | d.t.c.a.a.c.u.util.UserUtilService   : 1 instructors generated
    23:44:26.812 | 427 ool-1-worker-191 | DEBUG | d.t.c.a.a.c.u.util.UserUtilService   : Removing 4 users from all courses...
    23:44:26.813 | 427 ool-1-worker-191 | DEBUG | d.t.c.a.a.c.u.util.UserUtilService   : Removing 4 users from all courses. Done
    23:44:26.813 | 427 ool-1-worker-191 | DEBUG | d.t.c.a.a.c.u.util.UserUtilService   : Save 4 users to database...
    23:44:26.816 | 427 ool-1-worker-191 | DEBUG | d.t.c.a.a.c.u.util.UserUtilService   : Save 4 users to database. Done
    23:44:26.823 | 427 ool-1-worker-191 | INFO  | i.z.t.d.l.EmbeddedDatabaseReporter   : JDBC URL to connect to 'dataSource': url='jdbc:h2:tcp://localhost:41063/mem:f240edcd-27ce-47a3-b4ab-a6a00c154135;USER=sa', scope='ModelingExerciseIntegrationTest#importModelingExerciseFromExamToCourse_forbidden'
    23:44:26.829 | 427 ool-1-worker-191 | DEBUG | d.t.c.a.a.c.s.f.ApiVersionFilter     : Adding Version to Request POST /api/modeling-exercises/import/1529
    23:44:26.832 | 427 ool-1-worker-191 | WARN  | o.z.p.spring.common.AdviceTraits     : Forbidden: Access Denied

  Starting logs for ModelingExerciseIntegrationTest > createModelingExercise_NotIncludedInvalidBonusPoints()
    23:44:26.855 | 427 ool-1-worker-191 | DEBUG | d.t.c.a.a.c.u.util.UserUtilService   : Generate 2 students...
    23:44:26.858 | 427 ool-1-worker-191 | DEBUG | d.t.c.a.a.c.u.util.UserUtilService   : 2 students generated. Generate 1 tutors...
    23:44:26.861 | 427 ool-1-worker-191 | DEBUG | d.t.c.a.a.c.u.util.UserUtilService   : 1 tutors generated. Generate 0 editors...
    23:44:26.862 | 427 ool-1-worker-191 | DEBUG | d.t.c.a.a.c.u.util.UserUtilService   : 0 editors generated. Generate 1 instructors...
    23:44:26.865 | 427 ool-1-worker-191 | DEBUG | d.t.c.a.a.c.u.util.UserUtilService   : 1 instructors generated
    23:44:26.866 | 427 ool-1-worker-191 | DEBUG | d.t.c.a.a.c.u.util.UserUtilService   : Removing 4 users from all courses...
    23:44:26.867 | 427 ool-1-worker-191 | DEBUG | d.t.c.a.a.c.u.util.UserUtilService   : Removing 4 users from all courses. Done
    23:44:26.867 | 427 ool-1-worker-191 | DEBUG | d.t.c.a.a.c.u.util.UserUtilService   : Save 4 users to database...
    23:44:26.871 | 427 ool-1-worker-191 | DEBUG | d.t.c.a.a.c.u.util.UserUtilService   : Save 4 users to database. Done
    23:44:26.878 | 427 ool-1-worker-191 | INFO  | i.z.t.d.l.EmbeddedDatabaseReporter   : JDBC URL to connect to 'dataSource': url='jdbc:h2:tcp://localhost:41063/mem:f240edcd-27ce-47a3-b4ab-a6a00c154135;USER=sa', scope='ModelingExerciseIntegrationTest#createModelingExercise_NotIncludedInvalidBonusPoints'
    23:44:26.879 | 427 ool-1-worker-191 | DEBUG | d.t.c.a.a.c.s.f.ApiVersionFilter     : Adding Version to Request POST /api/modeling-exercises
    23:44:26.885 | 427 ool-1-worker-191 | DEBUG | t.c.a.a.m.w.ModelingExerciseResource : REST request to save ModelingExercise : ModelingExercise{id=null, maxPoints='10.0', diagramType='ClassDiagram', exampleSolutionModel='This is my example solution model', exampleSolutionExplanation='This is my example solution model'}
    23:44:26.886 | 427 ool-1-worker-191 | ERROR | tech.jhipster.web.util.HeaderUtil    : Entity processing failed, The provided bonus points are not allowed
    23:44:26.886 | 427 ool-1-worker-191 | WARN  | o.z.p.spring.common.AdviceTraits     : Bad Request: The provided bonus points are not allowed

  Starting logs for ModelingExerciseIntegrationTest > testCreateModelingExercise_instructorNotInCourse()
    23:44:26.905 | 427 ool-1-worker-191 | DEBUG | d.t.c.a.a.c.u.util.UserUtilService   : Generate 2 students...
    23:44:26.909 | 427 ool-1-worker-191 | DEBUG | d.t.c.a.a.c.u.util.UserUtilService   : 2 students generated. Generate 1 tutors...
    23:44:26.911 | 427 ool-1-worker-191 | DEBUG | d.t.c.a.a.c.u.util.UserUtilService   : 1 tutors generated. Generate 0 editors...
    23:44:26.913 | 427 ool-1-worker-191 | DEBUG | d.t.c.a.a.c.u.util.UserUtilService   : 0 editors generated. Generate 1 instructors...
    23:44:26.915 | 427 ool-1-worker-191 | DEBUG | d.t.c.a.a.c.u.util.UserUtilService   : 1 instructors generated
    23:44:26.917 | 427 ool-1-worker-191 | DEBUG | d.t.c.a.a.c.u.util.UserUtilService   : Removing 4 users from all courses...
    23:44:26.917 | 427 ool-1-worker-191 | DEBUG | d.t.c.a.a.c.u.util.UserUtilService   : Removing 4 users from all courses. Done
    23:44:26.917 | 427 ool-1-worker-191 | DEBUG | d.t.c.a.a.c.u.util.UserUtilService   : Save 4 users to database...
    23:44:26.921 | 427 ool-1-worker-191 | DEBUG | d.t.c.a.a.c.u.util.UserUtilService   : Save 4 users to database. Done
    23:44:26.928 | 427 ool-1-worker-191 | INFO  | i.z.t.d.l.EmbeddedDatabaseReporter   : JDBC URL to connect to 'dataSource': url='jdbc:h2:tcp://localhost:41063/mem:f240edcd-27ce-47a3-b4ab-a6a00c154135;USER=sa', scope='ModelingExerciseIntegrationTest#testCreateModelingExercise_instructorNotInCourse'
    23:44:26.929 | 427 ool-1-worker-191 | DEBUG | d.t.c.a.a.c.s.f.ApiVersionFilter     : Adding Version to Request POST /api/modeling-exercises
    23:44:26.930 | 427 ool-1-worker-191 | DEBUG | t.c.a.a.m.w.ModelingExerciseResource : REST request to save ModelingExercise : ModelingExercise{id=null, maxPoints='5.0', diagramType='ClassDiagram', exampleSolutionModel='This is my example solution model', exampleSolutionExplanation='This is my example solution model'}
    23:44:26.932 | 427 ool-1-worker-191 | WARN  | o.z.p.spring.common.AdviceTraits     : Forbidden: You are not allowed to access the Course with id 543

  Starting logs for ModelingExerciseIntegrationTest > createModelingExercise_InvalidMaxScore()
    23:44:26.945 | 427 ool-1-worker-191 | DEBUG | d.t.c.a.a.c.u.util.UserUtilService   : Generate 2 students...
    23:44:26.949 | 427 ool-1-worker-191 | DEBUG | d.t.c.a.a.c.u.util.UserUtilService   : 2 students generated. Generate 1 tutors...
    23:44:26.951 | 427 ool-1-worker-191 | DEBUG | d.t.c.a.a.c.u.util.UserUtilService   : 1 tutors generated. Generate 0 editors...
    23:44:26.953 | 427 ool-1-worker-191 | DEBUG | d.t.c.a.a.c.u.util.UserUtilService   : 0 editors generated. Generate 1 instructors...
    23:44:26.955 | 427 ool-1-worker-191 | DEBUG | d.t.c.a.a.c.u.util.UserUtilService   : 1 instructors generated
    23:44:26.957 | 427 ool-1-worker-191 | DEBUG | d.t.c.a.a.c.u.util.UserUtilService   : Removing 4 users from all courses...
    23:44:26.958 | 427 ool-1-worker-191 | DEBUG | d.t.c.a.a.c.u.util.UserUtilService   : Removing 4 users from all courses. Done
    23:44:26.958 | 427 ool-1-worker-191 | DEBUG | d.t.c.a.a.c.u.util.UserUtilService   : Save 4 users to database...
    23:44:26.961 | 427 ool-1-worker-191 | DEBUG | d.t.c.a.a.c.u.util.UserUtilService   : Save 4 users to database. Done
    23:44:26.969 | 427 ool-1-worker-191 | INFO  | i.z.t.d.l.EmbeddedDatabaseReporter   : JDBC URL to connect to 'dataSource': url='jdbc:h2:tcp://localhost:41063/mem:f240edcd-27ce-47a3-b4ab-a6a00c154135;USER=sa', scope='ModelingExerciseIntegrationTest#createModelingExercise_InvalidMaxScore'
    23:44:26.971 | 427 ool-1-worker-191 | DEBUG | d.t.c.a.a.c.s.f.ApiVersionFilter     : Adding Version to Request POST /api/modeling-exercises
    23:44:26.972 | 427 ool-1-worker-191 | DEBUG | t.c.a.a.m.w.ModelingExerciseResource : REST request to save ModelingExercise : ModelingExercise{id=null, maxPoints='0.0', diagramType='ClassDiagram', exampleSolutionModel='This is my example solution model', exampleSolutionExplanation='This is my example solution model'}
    23:44:26.972 | 427 ool-1-worker-191 | ERROR | tech.jhipster.web.util.HeaderUtil    : Entity processing failed, The max points needs to be greater than 0
    23:44:26.972 | 427 ool-1-worker-191 | WARN  | o.z.p.spring.common.AdviceTraits     : Bad Request: The max points needs to be greater than 0

  Starting logs for ModelingExerciseIntegrationTest > testGetModelingExercise_asStudent_exampleSolutionVisibility()
    23:44:26.987 | 427 ool-1-worker-191 | DEBUG | d.t.c.a.a.c.u.util.UserUtilService   : Generate 2 students...
    23:44:26.990 | 427 ool-1-worker-191 | DEBUG | d.t.c.a.a.c.u.util.UserUtilService   : 2 students generated. Generate 1 tutors...
    23:44:26.992 | 427 ool-1-worker-191 | DEBUG | d.t.c.a.a.c.u.util.UserUtilService   : 1 tutors generated. Generate 0 editors...
    23:44:26.994 | 427 ool-1-worker-191 | DEBUG | d.t.c.a.a.c.u.util.UserUtilService   : 0 editors generated. Generate 1 instructors...
    23:44:26.996 | 427 ool-1-worker-191 | DEBUG | d.t.c.a.a.c.u.util.UserUtilService   : 1 instructors generated
    23:44:26.997 | 427 ool-1-worker-191 | DEBUG | d.t.c.a.a.c.u.util.UserUtilService   : Removing 4 users from all courses...
    23:44:26.997 | 427 ool-1-worker-191 | DEBUG | d.t.c.a.a.c.u.util.UserUtilService   : Removing 4 users from all courses. Done
    23:44:26.997 | 427 ool-1-worker-191 | DEBUG | d.t.c.a.a.c.u.util.UserUtilService   : Save 4 users to database...
    23:44:27.000 | 427 ool-1-worker-191 | DEBUG | d.t.c.a.a.c.u.util.UserUtilService   : Save 4 users to database. Done
    23:44:27.008 | 427 ool-1-worker-191 | INFO  | i.z.t.d.l.EmbeddedDatabaseReporter   : JDBC URL to connect to 'dataSource': url='jdbc:h2:tcp://localhost:41063/mem:f240edcd-27ce-47a3-b4ab-a6a00c154135;USER=sa', scope='ModelingExerciseIntegrationTest#testGetModelingExercise_asStudent_exampleSolutionVisibility'
    23:44:27.020 | 427 ool-1-worker-191 | DEBUG | d.t.c.a.a.c.s.f.ApiVersionFilter     : Adding Version to Request GET /api/courses/545/for-dashboard
    23:44:27.021 | 427 ool-1-worker-191 | DEBUG | d.t.c.a.a.core.web.CourseResource    : REST request to get one course 545 with exams, lectures, exercises, participations, submissions and results, etc.
    23:44:27.028 | 427 ool-1-worker-191 | DEBUG | d.t.c.a.a.core.web.CourseResource    : courseService.findOneWithExercisesAndLecturesAndExamsAndCompetenciesAndTutorialGroupsForUser done
    23:44:27.030 | 427 ool-1-worker-191 | DEBUG | d.t.c.a.a.core.web.CourseResource    : courseService.fetchParticipationsWithSubmissionsAndResultsForCourses done in getCourseForDashboard
    23:44:27.030 | 427 ool-1-worker-191 | DEBUG | d.t.c.a.a.core.web.CourseResource    : courseService.fetchPlagiarismCasesForCourseExercises done in getCourseForDashboard
    23:44:27.031 | 427 ool-1-worker-191 | DEBUG | d.t.c.a.a.core.web.CourseResource    : gradingScaleRepository.findByCourseId done in getCourseForDashboard
    23:44:27.031 | 427 ool-1-worker-191 | INFO  | d.t.c.a.a.core.web.CourseResource    : courses/545/for-dashboard (single course) finished in 10.03ms for 1 courses with 1 individual exercise(s) and 0 team exercise(s) for user modelingexerciseintegrationstudent1
    23:44:27.041 | 427 ool-1-worker-191 | DEBUG | d.t.c.a.a.c.s.f.ApiVersionFilter     : Adding Version to Request GET /api/courses/545/for-dashboard
    23:44:27.042 | 427 ool-1-worker-191 | DEBUG | d.t.c.a.a.core.web.CourseResource    : REST request to get one course 545 with exams, lectures, exercises, participations, submissions and results, etc.
    23:44:27.047 | 427 ool-1-worker-191 | DEBUG | d.t.c.a.a.core.web.CourseResource    : courseService.findOneWithExercisesAndLecturesAndExamsAndCompetenciesAndTutorialGroupsForUser done
    23:44:27.048 | 427 ool-1-worker-191 | DEBUG | d.t.c.a.a.core.web.CourseResource    : courseService.fetchParticipationsWithSubmissionsAndResultsForCourses done in getCourseForDashboard
    23:44:27.049 | 427 ool-1-worker-191 | DEBUG | d.t.c.a.a.core.web.CourseResource    : courseService.fetchPlagiarismCasesForCourseExercises done in getCourseForDashboard
    23:44:27.049 | 427 ool-1-worker-191 | DEBUG | d.t.c.a.a.core.web.CourseResource    : gradingScaleRepository.findByCourseId done in getCourseForDashboard
    23:44:27.049 | 427 ool-1-worker-191 | INFO  | d.t.c.a.a.core.web.CourseResource    : courses/545/for-dashboard (single course) finished in 7.18ms for 1 courses with 1 individual exercise(s) and 0 team exercise(s) for user modelingexerciseintegrationstudent1
    23:44:27.054 | 427 ool-1-worker-191 | DEBUG | d.t.c.a.a.c.s.f.ApiVersionFilter     : Adding Version to Request GET /api/courses/545/for-dashboard
    23:44:27.055 | 427 ool-1-worker-191 | DEBUG | d.t.c.a.a.core.web.CourseResource    : REST request to get one course 545 with exams, lectures, exercises, participations, submissions and results, etc.
    23:44:27.061 | 427 ool-1-worker-191 | DEBUG | d.t.c.a.a.core.web.CourseResource    : courseService.findOneWithExercisesAndLecturesAndExamsAndCompetenciesAndTutorialGroupsForUser done
    23:44:27.062 | 427 ool-1-worker-191 | DEBUG | d.t.c.a.a.core.web.CourseResource    : courseService.fetchParticipationsWithSubmissionsAndResultsForCourses done in getCourseForDashboard
    23:44:27.062 | 427 ool-1-worker-191 | DEBUG | d.t.c.a.a.core.web.CourseResource    : courseService.fetchPlagiarismCasesForCourseExercises done in getCourseForDashboard
    23:44:27.063 | 427 ool-1-worker-191 | DEBUG | d.t.c.a.a.core.web.CourseResource    : gradingScaleRepository.findByCourseId done in getCourseForDashboard
    23:44:27.063 | 427 ool-1-worker-191 | INFO  | d.t.c.a.a.core.web.CourseResource    : courses/545/for-dashboard (single course) finished in 8.31ms for 1 courses with 1 individual exercise(s) and 0 team exercise(s) for user modelingexerciseintegrationstudent1

  Starting logs for ModelingExerciseIntegrationTest > deleteModelingExerciseClustersAndElementsAsAdmin()
    23:44:27.091 | 427 ool-1-worker-191 | DEBUG | d.t.c.a.a.c.u.util.UserUtilService   : Generate 2 students...
    23:44:27.096 | 427 ool-1-worker-191 | DEBUG | d.t.c.a.a.c.u.util.UserUtilService   : 2 students generated. Generate 1 tutors...
    23:44:27.103 | 427 ool-1-worker-191 | DEBUG | d.t.c.a.a.c.u.util.UserUtilService   : 1 tutors generated. Generate 0 editors...
    23:44:27.105 | 427 ool-1-worker-191 | DEBUG | d.t.c.a.a.c.u.util.UserUtilService   : 0 editors generated. Generate 1 instructors...
    23:44:27.108 | 427 ool-1-worker-191 | DEBUG | d.t.c.a.a.c.u.util.UserUtilService   : 1 instructors generated
    23:44:27.109 | 427 ool-1-worker-191 | DEBUG | d.t.c.a.a.c.u.util.UserUtilService   : Removing 4 users from all courses...
    23:44:27.110 | 427 ool-1-worker-191 | DEBUG | d.t.c.a.a.c.u.util.UserUtilService   : Removing 4 users from all courses. Done
    23:44:27.110 | 427 ool-1-worker-191 | DEBUG | d.t.c.a.a.c.u.util.UserUtilService   : Save 4 users to database...
    23:44:27.115 | 427 ool-1-worker-191 | DEBUG | d.t.c.a.a.c.u.util.UserUtilService   : Save 4 users to database. Done
    23:44:27.123 | 427 ool-1-worker-191 | INFO  | i.z.t.d.l.EmbeddedDatabaseReporter   : JDBC URL to connect to 'dataSource': url='jdbc:h2:tcp://localhost:41063/mem:f240edcd-27ce-47a3-b4ab-a6a00c154135;USER=sa', scope='ModelingExerciseIntegrationTest#deleteModelingExerciseClustersAndElementsAsAdmin'
    23:44:27.126 | 427 ool-1-worker-191 | DEBUG | d.t.c.a.a.c.s.f.ApiVersionFilter     : Adding Version to Request DELETE /api/admin/modeling-exercises/1535/clusters
    23:44:27.127 | 427 ool-1-worker-191 | INFO  | .m.w.a.AdminModelingExerciseResource : REST request to delete ModelingExercise : 1535

  Starting logs for ModelingExerciseIntegrationTest > testDeleteModelingExerciseWithChannel()
    23:44:27.139 | 427 ool-1-worker-191 | DEBUG | d.t.c.a.a.c.u.util.UserUtilService   : Generate 2 students...
    23:44:27.142 | 427 ool-1-worker-191 | DEBUG | d.t.c.a.a.c.u.util.UserUtilService   : 2 students generated. Generate 1 tutors...
    23:44:27.145 | 427 ool-1-worker-191 | DEBUG | d.t.c.a.a.c.u.util.UserUtilService   : 1 tutors generated. Generate 0 editors...
    23:44:27.146 | 427 ool-1-worker-191 | DEBUG | d.t.c.a.a.c.u.util.UserUtilService   : 0 editors generated. Generate 1 instructors...
    23:44:27.150 | 427 ool-1-worker-191 | DEBUG | d.t.c.a.a.c.u.util.UserUtilService   : 1 instructors generated
    23:44:27.151 | 427 ool-1-worker-191 | DEBUG | d.t.c.a.a.c.u.util.UserUtilService   : Removing 4 users from all courses...
    23:44:27.152 | 427 ool-1-worker-191 | DEBUG | d.t.c.a.a.c.u.util.UserUtilService   : Removing 4 users from all courses. Done
    23:44:27.152 | 427 ool-1-worker-191 | DEBUG | d.t.c.a.a.c.u.util.UserUtilService   : Save 4 users to database...
    23:44:27.157 | 427 ool-1-worker-191 | DEBUG | d.t.c.a.a.c.u.util.UserUtilService   : Save 4 users to database. Done
    23:44:27.166 | 427 ool-1-worker-191 | INFO  | i.z.t.d.l.EmbeddedDatabaseReporter   : JDBC URL to connect to 'dataSource': url='jdbc:h2:tcp://localhost:41063/mem:f240edcd-27ce-47a3-b4ab-a6a00c154135;USER=sa', scope='ModelingExerciseIntegrationTest#testDeleteModelingExerciseWithChannel'
    23:44:27.170 | 427 ool-1-worker-191 | DEBUG | d.t.c.a.a.c.s.f.ApiVersionFilter     : Adding Version to Request DELETE /api/modeling-exercises/1537
    23:44:27.170 | 427 ool-1-worker-191 | INFO  | t.c.a.a.m.w.ModelingExerciseResource : REST request to delete ModelingExercise : 1537
    23:44:27.171 | 427 ool-1-worker-191 | INFO  | .c.s.m.InstanceMessageReceiveService : Received schedule cancel for modeling exercise 1537
    23:44:27.173 | 427 ool-1-worker-191 | INFO  | d.t.c.a.a.e.service.ExerciseService  : User modelingexerciseintegrationinstructor1 has requested to delete ModelingExercise ClassDiagram with id 1537
    23:44:27.174 | 427 ool-1-worker-191 | INFO  | .t.c.a.a.e.s.ExerciseDeletionService : Request to delete ModelingExercise with id 1537
    23:44:27.179 | 427 ool-1-worker-191 | INFO  | .t.c.a.a.e.s.ExerciseDeletionService : Deleting the channel took 5.11ms
    23:44:27.179 | 427 ool-1-worker-191 | INFO  | .t.c.a.a.e.s.ExerciseDeletionService : Deleting clusters, elements and cancel scheduled operations of exercise 1537
    23:44:27.179 | 427 ool-1-worker-191 | INFO  | .c.s.m.InstanceMessageReceiveService : Received schedule cancel for modeling exercise 1537
    23:44:27.181 | 427 ool-1-worker-191 | INFO  | d.t.c.a.a.e.s.ParticipationService   : Request to delete all 0 participations of exercise with id : 1537
    23:44:27.189 | 427 ool-1-worker-191 | INFO  | .c.a.a.c.s.TitleCacheEvictionService : Evicted entry '1537' from title cache 'exerciseTitle'

  Starting logs for ModelingExerciseIntegrationTest > testInstructorGetsResultsFromOwningCoursesNotEmpty()
    23:44:27.208 | 427 ool-1-worker-191 | DEBUG | d.t.c.a.a.c.u.util.UserUtilService   : Generate 2 students...
    23:44:27.212 | 427 ool-1-worker-191 | DEBUG | d.t.c.a.a.c.u.util.UserUtilService   : 2 students generated. Generate 1 tutors...
    23:44:27.215 | 427 ool-1-worker-191 | DEBUG | d.t.c.a.a.c.u.util.UserUtilService   : 1 tutors generated. Generate 0 editors...
    23:44:27.216 | 427 ool-1-worker-191 | DEBUG | d.t.c.a.a.c.u.util.UserUtilService   : 0 editors generated. Generate 1 instructors...
    23:44:27.219 | 427 ool-1-worker-191 | DEBUG | d.t.c.a.a.c.u.util.UserUtilService   : 1 instructors generated
    23:44:27.220 | 427 ool-1-worker-191 | DEBUG | d.t.c.a.a.c.u.util.UserUtilService   : Removing 4 users from all courses...
    23:44:27.221 | 427 ool-1-worker-191 | DEBUG | d.t.c.a.a.c.u.util.UserUtilService   : Removing 4 users from all courses. Done
    23:44:27.221 | 427 ool-1-worker-191 | DEBUG | d.t.c.a.a.c.u.util.UserUtilService   : Save 4 users to database...
    23:44:27.225 | 427 ool-1-worker-191 | DEBUG | d.t.c.a.a.c.u.util.UserUtilService   : Save 4 users to database. Done
    23:44:27.232 | 427 ool-1-worker-191 | INFO  | i.z.t.d.l.EmbeddedDatabaseReporter   : JDBC URL to connect to 'dataSource': url='jdbc:h2:tcp://localhost:41063/mem:f240edcd-27ce-47a3-b4ab-a6a00c154135;USER=sa', scope='ModelingExerciseIntegrationTest#testInstructorGetsResultsFromOwningCoursesNotEmpty'
    23:44:27.237 | 427 ool-1-worker-191 | DEBUG | d.t.c.a.a.c.s.f.ApiVersionFilter     : Adding Version to Request GET /api/modeling-exercises
    23:44:27.253 | 427 ool-1-worker-191 | DEBUG | d.t.c.a.a.c.s.f.ApiVersionFilter     : Adding Version to Request GET /api/modeling-exercises

  Starting logs for ModelingExerciseIntegrationTest > testCourseAndExamFiltersAsInstructor()
    23:44:27.287 | 427 ool-1-worker-191 | DEBUG | d.t.c.a.a.c.u.util.UserUtilService   : Generate 2 students...
    23:44:27.291 | 427 ool-1-worker-191 | DEBUG | d.t.c.a.a.c.u.util.UserUtilService   : 2 students generated. Generate 1 tutors...
    23:44:27.294 | 427 ool-1-worker-191 | DEBUG | d.t.c.a.a.c.u.util.UserUtilService   : 1 tutors generated. Generate 0 editors...
    23:44:27.295 | 427 ool-1-worker-191 | DEBUG | d.t.c.a.a.c.u.util.UserUtilService   : 0 editors generated. Generate 1 instructors...
    23:44:27.298 | 427 ool-1-worker-191 | DEBUG | d.t.c.a.a.c.u.util.UserUtilService   : 1 instructors generated
    23:44:27.299 | 427 ool-1-worker-191 | DEBUG | d.t.c.a.a.c.u.util.UserUtilService   : Removing 4 users from all courses...
    23:44:27.300 | 427 ool-1-worker-191 | DEBUG | d.t.c.a.a.c.u.util.UserUtilService   : Removing 4 users from all courses. Done
    23:44:27.300 | 427 ool-1-worker-191 | DEBUG | d.t.c.a.a.c.u.util.UserUtilService   : Save 4 users to database...
    23:44:27.304 | 427 ool-1-worker-191 | DEBUG | d.t.c.a.a.c.u.util.UserUtilService   : Save 4 users to database. Done
    23:44:27.311 | 427 ool-1-worker-191 | INFO  | i.z.t.d.l.EmbeddedDatabaseReporter   : JDBC URL to connect to 'dataSource': url='jdbc:h2:tcp://localhost:41063/mem:f240edcd-27ce-47a3-b4ab-a6a00c154135;USER=sa', scope='ModelingExerciseIntegrationTest#testCourseAndExamFiltersAsInstructor'
    23:44:27.317 | 427 ool-1-worker-191 | DEBUG | d.t.c.a.a.c.s.f.ApiVersionFilter     : Adding Version to Request GET /api/modeling-exercises
    23:44:27.333 | 427 ool-1-worker-191 | DEBUG | d.t.c.a.a.c.s.f.ApiVersionFilter     : Adding Version to Request GET /api/modeling-exercises
    23:44:27.349 | 427 ool-1-worker-191 | DEBUG | d.t.c.a.a.c.s.f.ApiVersionFilter     : Adding Version to Request GET /api/modeling-exercises
    23:44:27.354 | 427 ool-1-worker-191 | DEBUG | d.t.c.a.a.c.s.f.ApiVersionFilter     : Adding Version to Request GET /api/modeling-exercises
    23:44:27.368 | 427 ool-1-worker-191 | DEBUG | d.t.c.a.a.c.s.f.ApiVersionFilter     : Adding Version to Request GET /api/modeling-exercises
    23:44:27.384 | 427 ool-1-worker-191 | DEBUG | d.t.c.a.a.c.s.f.ApiVersionFilter     : Adding Version to Request GET /api/modeling-exercises
    23:44:27.409 | 427 ool-1-worker-191 | DEBUG | d.t.c.a.a.c.s.f.ApiVersionFilter     : Adding Version to Request GET /api/modeling-exercises
    23:44:27.417 | 427 ool-1-worker-191 | DEBUG | d.t.c.a.a.c.s.f.ApiVersionFilter     : Adding Version to Request GET /api/modeling-exercises
    23:44:27.427 | 427 ool-1-worker-191 | DEBUG | d.t.c.a.a.c.s.f.ApiVersionFilter     : Adding Version to Request GET /api/modeling-exercises
    23:44:27.440 | 427 ool-1-worker-191 | DEBUG | d.t.c.a.a.c.s.f.ApiVersionFilter     : Adding Version to Request GET /api/modeling-exercises
    23:44:27.450 | 427 ool-1-worker-191 | DEBUG | d.t.c.a.a.c.s.f.ApiVersionFilter     : Adding Version to Request GET /api/modeling-exercises
    23:44:27.460 | 427 ool-1-worker-191 | DEBUG | d.t.c.a.a.c.s.f.ApiVersionFilter     : Adding Version to Request GET /api/modeling-exercises
    23:44:27.473 | 427 ool-1-worker-191 | DEBUG | d.t.c.a.a.c.s.f.ApiVersionFilter     : Adding Version to Request GET /api/modeling-exercises

  Starting logs for ModelingExerciseIntegrationTest > testDeleteModelingExercise_asInstructor()
    23:44:27.528 | 427 ool-1-worker-191 | DEBUG | d.t.c.a.a.c.u.util.UserUtilService   : Generate 2 students...
    23:44:27.532 | 427 ool-1-worker-191 | DEBUG | d.t.c.a.a.c.u.util.UserUtilService   : 2 students generated. Generate 1 tutors...
    23:44:27.535 | 427 ool-1-worker-191 | DEBUG | d.t.c.a.a.c.u.util.UserUtilService   : 1 tutors generated. Generate 0 editors...
    23:44:27.536 | 427 ool-1-worker-191 | DEBUG | d.t.c.a.a.c.u.util.UserUtilService   : 0 editors generated. Generate 1 instructors...
    23:44:27.539 | 427 ool-1-worker-191 | DEBUG | d.t.c.a.a.c.u.util.UserUtilService   : 1 instructors generated

Finished logs for MetricsIntegrationTest
    23:44:27.540 | 427 ool-1-worker-191 | DEBUG | d.t.c.a.a.c.u.util.UserUtilService   : Removing 4 users from all courses...
    23:44:27.541 | 427 ool-1-worker-191 | DEBUG | d.t.c.a.a.c.u.util.UserUtilService   : Removing 4 users from all courses. Done
    23:44:27.541 | 427 ool-1-worker-191 | DEBUG | d.t.c.a.a.c.u.util.UserUtilService   : Save 4 users to database...
    23:44:27.545 | 427 ool-1-worker-191 | DEBUG | d.t.c.a.a.c.u.util.UserUtilService   : Save 4 users to database. Done
    23:44:27.553 | 427 ool-1-worker-191 | INFO  | i.z.t.d.l.EmbeddedDatabaseReporter   : JDBC URL to connect to 'dataSource': url='jdbc:h2:tcp://localhost:41063/mem:f240edcd-27ce-47a3-b4ab-a6a00c154135;USER=sa', scope='ModelingExerciseIntegrationTest#testDeleteModelingExercise_asInstructor'
    23:44:27.554 | 427 ool-1-worker-191 | DEBUG | d.t.c.a.a.c.s.f.ApiVersionFilter     : Adding Version to Request DELETE /api/modeling-exercises/1544
    23:44:27.554 | 427 ool-1-worker-191 | INFO  | t.c.a.a.m.w.ModelingExerciseResource : REST request to delete ModelingExercise : 1544
    23:44:27.555 | 427 ool-1-worker-191 | INFO  | .c.s.m.InstanceMessageReceiveService : Received schedule cancel for modeling exercise 1544
    23:44:27.557 | 427 ool-1-worker-191 | INFO  | d.t.c.a.a.e.service.ExerciseService  : User modelingexerciseintegrationinstructor1 has requested to delete ModelingExercise ClassDiagram with id 1544
    23:44:27.558 | 427 ool-1-worker-191 | INFO  | .t.c.a.a.e.s.ExerciseDeletionService : Request to delete ModelingExercise with id 1544
    23:44:27.558 | 427 ool-1-worker-191 | INFO  | .t.c.a.a.e.s.ExerciseDeletionService : Deleting the channel took 350µs
    23:44:27.558 | 427 ool-1-worker-191 | INFO  | .t.c.a.a.e.s.ExerciseDeletionService : Deleting clusters, elements and cancel scheduled operations of exercise 1544
    23:44:27.559 | 427 ool-1-worker-191 | INFO  | .c.s.m.InstanceMessageReceiveService : Received schedule cancel for modeling exercise 1544
    23:44:27.565 | 427 ool-1-worker-191 | INFO  | d.t.c.a.a.e.s.ParticipationService   : Request to delete all 0 participations of exercise with id : 1544
    23:44:27.576 | 427 ool-1-worker-191 | INFO  | .c.a.a.c.s.TitleCacheEvictionService : Evicted entry '1544' from title cache 'exerciseTitle'
    23:44:27.578 | 427 ool-1-worker-191 | DEBUG | d.t.c.a.a.c.s.f.ApiVersionFilter     : Adding Version to Request DELETE /api/modeling-exercises/1544
    23:44:27.580 | 427 ool-1-worker-191 | INFO  | t.c.a.a.m.w.ModelingExerciseResource : REST request to delete ModelingExercise : 1544
    23:44:27.581 | 427 ool-1-worker-191 | WARN  | o.z.p.spring.common.AdviceTraits     : Not Found: ModelingExercise with identifier: "1544" does not exist

  Starting logs for ModelingExerciseIntegrationTest > testGetModelingExercise_setGradingInstructionFeedbackUsed()
    23:44:27.618 | 427 ool-1-worker-191 | DEBUG | d.t.c.a.a.c.u.util.UserUtilService   : Generate 2 students...
    23:44:27.627 | 427 ool-1-worker-191 | DEBUG | d.t.c.a.a.c.u.util.UserUtilService   : 2 students generated. Generate 1 tutors...
    23:44:27.633 | 427 ool-1-worker-191 | DEBUG | d.t.c.a.a.c.u.util.UserUtilService   : 1 tutors generated. Generate 0 editors...
    23:44:27.634 | 427 ool-1-worker-191 | DEBUG | d.t.c.a.a.c.u.util.UserUtilService   : 0 editors generated. Generate 1 instructors...
    23:44:27.638 | 427 ool-1-worker-191 | DEBUG | d.t.c.a.a.c.u.util.UserUtilService   : 1 instructors generated
    23:44:27.646 | 427 ool-1-worker-191 | DEBUG | d.t.c.a.a.c.u.util.UserUtilService   : Removing 4 users from all courses...
    23:44:27.647 | 427 ool-1-worker-191 | DEBUG | d.t.c.a.a.c.u.util.UserUtilService   : Removing 4 users from all courses. Done
    23:44:27.647 | 427 ool-1-worker-191 | DEBUG | d.t.c.a.a.c.u.util.UserUtilService   : Save 4 users to database...
    23:44:27.655 | 427 ool-1-worker-191 | DEBUG | d.t.c.a.a.c.u.util.UserUtilService   : Save 4 users to database. Done
    23:44:27.672 | 427 ool-1-worker-191 | INFO  | i.z.t.d.l.EmbeddedDatabaseReporter   : JDBC URL to connect to 'dataSource': url='jdbc:h2:tcp://localhost:41063/mem:f240edcd-27ce-47a3-b4ab-a6a00c154135;USER=sa', scope='ModelingExerciseIntegrationTest#testGetModelingExercise_setGradingInstructionFeedbackUsed'
    23:44:27.678 | 427 ool-1-worker-191 | DEBUG | d.t.c.a.a.c.s.f.ApiVersionFilter     : Adding Version to Request GET /api/modeling-exercises/1545
    23:44:27.678 | 427 ool-1-worker-191 | DEBUG | t.c.a.a.m.w.ModelingExerciseResource : REST request to get ModelingExercise : 1545

  Starting logs for ModelingExerciseIntegrationTest > testReEvaluateAndUpdateModelingExercise_isNotAtLeastInstructorInCourse_forbidden()
    23:44:27.706 | 427 ool-1-worker-191 | DEBUG | d.t.c.a.a.c.u.util.UserUtilService   : Generate 2 students...
    23:44:27.709 | 427 ool-1-worker-191 | DEBUG | d.t.c.a.a.c.u.util.UserUtilService   : 2 students generated. Generate 1 tutors...
    23:44:27.712 | 427 ool-1-worker-191 | DEBUG | d.t.c.a.a.c.u.util.UserUtilService   : 1 tutors generated. Generate 0 editors...
    23:44:27.713 | 427 ool-1-worker-191 | DEBUG | d.t.c.a.a.c.u.util.UserUtilService   : 0 editors generated. Generate 1 instructors...
    23:44:27.716 | 427 ool-1-worker-191 | DEBUG | d.t.c.a.a.c.u.util.UserUtilService   : 1 instructors generated
    23:44:27.717 | 427 ool-1-worker-191 | DEBUG | d.t.c.a.a.c.u.util.UserUtilService   : Removing 4 users from all courses...
    23:44:27.718 | 427 ool-1-worker-191 | DEBUG | d.t.c.a.a.c.u.util.UserUtilService   : Removing 4 users from all courses. Done
    23:44:27.718 | 427 ool-1-worker-191 | DEBUG | d.t.c.a.a.c.u.util.UserUtilService   : Save 4 users to database...
    23:44:27.722 | 427 ool-1-worker-191 | DEBUG | d.t.c.a.a.c.u.util.UserUtilService   : Save 4 users to database. Done
    23:44:27.728 | 427 ool-1-worker-191 | INFO  | i.z.t.d.l.EmbeddedDatabaseReporter   : JDBC URL to connect to 'dataSource': url='jdbc:h2:tcp://localhost:41063/mem:f240edcd-27ce-47a3-b4ab-a6a00c154135;USER=sa', scope='ModelingExerciseIntegrationTest#testReEvaluateAndUpdateModelingExercise_isNotAtLeastInstructorInCourse_forbidden'
    23:44:27.734 | 427 ool-1-worker-191 | DEBUG | d.t.c.a.a.c.s.f.ApiVersionFilter     : Adding Version to Request PUT /api/modeling-exercises/1547/re-evaluate
    23:44:27.734 | 427 ool-1-worker-191 | DEBUG | t.c.a.a.m.w.ModelingExerciseResource : REST request to re-evaluate ModelingExercise : ModelingExercise{id=1547, maxPoints='5.0', diagramType='ClassDiagram', exampleSolutionModel='This is my example solution model', exampleSolutionExplanation='This is my example solution model'}
    23:44:27.737 | 427 ool-1-worker-191 | WARN  | o.z.p.spring.common.AdviceTraits     : Forbidden: You are not allowed to access the Course with id 559

  Starting logs for ModelingExerciseIntegrationTest > testUpdateModelingExerciseForExam_asInstructor()
    23:44:27.748 | 427 ool-1-worker-191 | DEBUG | d.t.c.a.a.c.u.util.UserUtilService   : Generate 2 students...
    23:44:27.751 | 427 ool-1-worker-191 | DEBUG | d.t.c.a.a.c.u.util.UserUtilService   : 2 students generated. Generate 1 tutors...
    23:44:27.754 | 427 ool-1-worker-191 | DEBUG | d.t.c.a.a.c.u.util.UserUtilService   : 1 tutors generated. Generate 0 editors...
    23:44:27.755 | 427 ool-1-worker-191 | DEBUG | d.t.c.a.a.c.u.util.UserUtilService   : 0 editors generated. Generate 1 instructors...
    23:44:27.757 | 427 ool-1-worker-191 | DEBUG | d.t.c.a.a.c.u.util.UserUtilService   : 1 instructors generated
    23:44:27.758 | 427 ool-1-worker-191 | DEBUG | d.t.c.a.a.c.u.util.UserUtilService   : Removing 4 users from all courses...
    23:44:27.759 | 427 ool-1-worker-191 | DEBUG | d.t.c.a.a.c.u.util.UserUtilService   : Removing 4 users from all courses. Done
    23:44:27.759 | 427 ool-1-worker-191 | DEBUG | d.t.c.a.a.c.u.util.UserUtilService   : Save 4 users to database...
    23:44:27.761 | 427 ool-1-worker-191 | DEBUG | d.t.c.a.a.c.u.util.UserUtilService   : Save 4 users to database. Done
    23:44:27.766 | 427 ool-1-worker-191 | INFO  | i.z.t.d.l.EmbeddedDatabaseReporter   : JDBC URL to connect to 'dataSource': url='jdbc:h2:tcp://localhost:41063/mem:f240edcd-27ce-47a3-b4ab-a6a00c154135;USER=sa', scope='ModelingExerciseIntegrationTest#testUpdateModelingExerciseForExam_asInstructor'
    23:44:27.770 | 427 ool-1-worker-191 | DEBUG | d.t.c.a.a.c.s.f.ApiVersionFilter     : Adding Version to Request PUT /api/modeling-exercises
    23:44:27.771 | 427 ool-1-worker-191 | DEBUG | t.c.a.a.m.w.ModelingExerciseResource : REST request to update ModelingExercise : ModelingExercise{id=1549, maxPoints='5.0', diagramType='ClassDiagram', exampleSolutionModel='This is my example solution model', exampleSolutionExplanation='This is my example solution model'}
    23:44:27.779 | 427 ool-1-worker-191 | INFO  | d.t.c.a.a.e.service.ExerciseService  : User modelingexerciseintegrationinstructor1 has updated ModelingExercise 438a882d-e87e-4e42-85b6-de82604dc98f with id 1549
    23:44:27.779 | 427 ool-1-worker-191 | INFO  | .c.s.m.InstanceMessageReceiveService : Received schedule update for modeling exercise 1549

  Starting logs for ModelingExerciseIntegrationTest > importModelingExerciseFromCourseToCourse_exampleSolutionPublicationDate()
    23:44:27.797 | 427 ool-1-worker-191 | DEBUG | d.t.c.a.a.c.u.util.UserUtilService   : Generate 2 students...
    23:44:27.801 | 427 ool-1-worker-191 | DEBUG | d.t.c.a.a.c.u.util.UserUtilService   : 2 students generated. Generate 1 tutors...
    23:44:27.805 | 427 ool-1-worker-191 | DEBUG | d.t.c.a.a.c.u.util.UserUtilService   : 1 tutors generated. Generate 0 editors...
    23:44:27.806 | 427 ool-1-worker-191 | DEBUG | d.t.c.a.a.c.u.util.UserUtilService   : 0 editors generated. Generate 1 instructors...
    23:44:27.809 | 427 ool-1-worker-191 | DEBUG | d.t.c.a.a.c.u.util.UserUtilService   : 1 instructors generated
    23:44:27.810 | 427 ool-1-worker-191 | DEBUG | d.t.c.a.a.c.u.util.UserUtilService   : Removing 4 users from all courses...
    23:44:27.811 | 427 ool-1-worker-191 | DEBUG | d.t.c.a.a.c.u.util.UserUtilService   : Removing 4 users from all courses. Done
    23:44:27.811 | 427 ool-1-worker-191 | DEBUG | d.t.c.a.a.c.u.util.UserUtilService   : Save 4 users to database...
    23:44:27.815 | 427 ool-1-worker-191 | DEBUG | d.t.c.a.a.c.u.util.UserUtilService   : Save 4 users to database. Done
    23:44:27.822 | 427 ool-1-worker-191 | INFO  | i.z.t.d.l.EmbeddedDatabaseReporter   : JDBC URL to connect to 'dataSource': url='jdbc:h2:tcp://localhost:41063/mem:f240edcd-27ce-47a3-b4ab-a6a00c154135;USER=sa', scope='ModelingExerciseIntegrationTest#importModelingExerciseFromCourseToCourse_exampleSolutionPublicationDate'
    23:44:27.826 | 427 ool-1-worker-191 | DEBUG | d.t.c.a.a.c.s.f.ApiVersionFilter     : Adding Version to Request POST /api/modeling-exercises/import/1551
    23:44:27.830 | 427 ool-1-worker-191 | DEBUG | .a.m.s.ModelingExerciseImportService : Creating a new Exercise based on exercise 1551
    23:44:27.830 | 427 ool-1-worker-191 | DEBUG | .a.m.s.ModelingExerciseImportService : Copying the exercise basis from ModelingExercise{id=1551, maxPoints='5.0', diagramType='ClassDiagram', exampleSolutionModel='This is my example solution model', exampleSolutionExplanation='This is my example solution model'}
    23:44:27.838 | 427 ool-1-worker-191 | DEBUG | .a.m.s.ModelingExerciseImportService : Copying the ExampleSubmissions to new Exercise: ModelingExercise{id=1552, maxPoints='5.0', diagramType='ClassDiagram', exampleSolutionModel='This is my example solution model', exampleSolutionExplanation='This is my example solution model'}
    23:44:27.846 | 427 ool-1-worker-191 | INFO  | .c.s.m.InstanceMessageReceiveService : Received schedule update for modeling exercise 1552

  Starting logs for ModelingExerciseIntegrationTest > testDeleteModelingExerciseWithCompetency()
    23:44:27.862 | 427 ool-1-worker-191 | DEBUG | d.t.c.a.a.c.u.util.UserUtilService   : Generate 2 students...
    23:44:27.866 | 427 ool-1-worker-191 | DEBUG | d.t.c.a.a.c.u.util.UserUtilService   : 2 students generated. Generate 1 tutors...
    23:44:27.869 | 427 ool-1-worker-191 | DEBUG | d.t.c.a.a.c.u.util.UserUtilService   : 1 tutors generated. Generate 0 editors...
    23:44:27.870 | 427 ool-1-worker-191 | DEBUG | d.t.c.a.a.c.u.util.UserUtilService   : 0 editors generated. Generate 1 instructors...
    23:44:27.873 | 427 ool-1-worker-191 | DEBUG | d.t.c.a.a.c.u.util.UserUtilService   : 1 instructors generated
    23:44:27.875 | 427 ool-1-worker-191 | DEBUG | d.t.c.a.a.c.u.util.UserUtilService   : Removing 4 users from all courses...
    23:44:27.875 | 427 ool-1-worker-191 | DEBUG | d.t.c.a.a.c.u.util.UserUtilService   : Removing 4 users from all courses. Done
    23:44:27.875 | 427 ool-1-worker-191 | DEBUG | d.t.c.a.a.c.u.util.UserUtilService   : Save 4 users to database...
    23:44:27.879 | 427 ool-1-worker-191 | DEBUG | d.t.c.a.a.c.u.util.UserUtilService   : Save 4 users to database. Done
    23:44:27.885 | 427 ool-1-worker-191 | INFO  | i.z.t.d.l.EmbeddedDatabaseReporter   : JDBC URL to connect to 'dataSource': url='jdbc:h2:tcp://localhost:41063/mem:f240edcd-27ce-47a3-b4ab-a6a00c154135;USER=sa', scope='ModelingExerciseIntegrationTest#testDeleteModelingExerciseWithCompetency'
    23:44:27.894 | 427 ool-1-worker-191 | DEBUG | d.t.c.a.a.c.s.f.ApiVersionFilter     : Adding Version to Request DELETE /api/modeling-exercises/1553
    23:44:27.894 | 427 ool-1-worker-191 | INFO  | t.c.a.a.m.w.ModelingExerciseResource : REST request to delete ModelingExercise : 1553
    23:44:27.895 | 427 ool-1-worker-191 | INFO  | .c.s.m.InstanceMessageReceiveService : Received schedule cancel for modeling exercise 1553
    23:44:27.897 | 427 ool-1-worker-191 | INFO  | d.t.c.a.a.e.service.ExerciseService  : User modelingexerciseintegrationinstructor1 has requested to delete ModelingExercise ClassDiagram with id 1553
    23:44:27.897 | 427 ool-1-worker-191 | INFO  | .t.c.a.a.e.s.ExerciseDeletionService : Request to delete ModelingExercise with id 1553
    23:44:27.898 | 427 ool-1-worker-191 | INFO  | .t.c.a.a.e.s.ExerciseDeletionService : Deleting the channel took 343µs
    23:44:27.898 | 427 ool-1-worker-191 | INFO  | .t.c.a.a.e.s.ExerciseDeletionService : Deleting clusters, elements and cancel scheduled operations of exercise 1553
    23:44:27.898 | 427 ool-1-worker-191 | INFO  | .c.s.m.InstanceMessageReceiveService : Received schedule cancel for modeling exercise 1553
    23:44:27.900 | 427 ool-1-worker-191 | INFO  | d.t.c.a.a.e.s.ParticipationService   : Request to delete all 0 participations of exercise with id : 1553
    23:44:27.905 | 427 ool-1-worker-191 | INFO  | .c.a.a.c.s.TitleCacheEvictionService : Evicted entry '1553' from title cache 'exerciseTitle'
    23:44:27.906 | 588 artemis-task-1   | DEBUG | .a.a.a.s.c.CompetencyProgressService : Updating competency progress for 0 users.

  Starting logs for ModelingExerciseIntegrationTest > importModelingExerciseFromCourseToCourse()
    23:44:27.921 | 427 ool-1-worker-191 | DEBUG | d.t.c.a.a.c.u.util.UserUtilService   : Generate 2 students...
    23:44:27.925 | 427 ool-1-worker-191 | DEBUG | d.t.c.a.a.c.u.util.UserUtilService   : 2 students generated. Generate 1 tutors...
    23:44:27.927 | 427 ool-1-worker-191 | DEBUG | d.t.c.a.a.c.u.util.UserUtilService   : 1 tutors generated. Generate 0 editors...
    23:44:27.928 | 427 ool-1-worker-191 | DEBUG | d.t.c.a.a.c.u.util.UserUtilService   : 0 editors generated. Generate 1 instructors...
    23:44:27.931 | 427 ool-1-worker-191 | DEBUG | d.t.c.a.a.c.u.util.UserUtilService   : 1 instructors generated
    23:44:27.932 | 427 ool-1-worker-191 | DEBUG | d.t.c.a.a.c.u.util.UserUtilService   : Removing 4 users from all courses...
    23:44:27.933 | 427 ool-1-worker-191 | DEBUG | d.t.c.a.a.c.u.util.UserUtilService   : Removing 4 users from all courses. Done
    23:44:27.933 | 427 ool-1-worker-191 | DEBUG | d.t.c.a.a.c.u.util.UserUtilService   : Save 4 users to database...
    23:44:27.937 | 427 ool-1-worker-191 | DEBUG | d.t.c.a.a.c.u.util.UserUtilService   : Save 4 users to database. Done
    23:44:27.945 | 427 ool-1-worker-191 | INFO  | i.z.t.d.l.EmbeddedDatabaseReporter   : JDBC URL to connect to 'dataSource': url='jdbc:h2:tcp://localhost:41063/mem:f240edcd-27ce-47a3-b4ab-a6a00c154135;USER=sa', scope='ModelingExerciseIntegrationTest#importModelingExerciseFromCourseToCourse'
    23:44:27.957 | 427 ool-1-worker-191 | DEBUG | d.t.c.a.a.c.s.f.ApiVersionFilter     : Adding Version to Request POST /api/modeling-exercises/import/1555
    23:44:27.961 | 427 ool-1-worker-191 | DEBUG | .a.m.s.ModelingExerciseImportService : Creating a new Exercise based on exercise 1555
    23:44:27.961 | 427 ool-1-worker-191 | DEBUG | .a.m.s.ModelingExerciseImportService : Copying the exercise basis from ModelingExercise{id=1555, maxPoints='5.0', diagramType='ClassDiagram', exampleSolutionModel='This is my example solution model', exampleSolutionExplanation='This is my example solution model'}
    23:44:27.973 | 427 ool-1-worker-191 | DEBUG | .a.m.s.ModelingExerciseImportService : Copying the ExampleSubmissions to new Exercise: ModelingExercise{id=1556, maxPoints='5.0', diagramType='ClassDiagram', exampleSolutionModel='This is my example solution model', exampleSolutionExplanation='This is my example solution model'}
    23:44:27.977 | 588 artemis-task-1   | DEBUG | .a.a.a.s.c.CompetencyProgressService : Updating competency progress for 0 users.
    23:44:27.987 | 427 ool-1-worker-191 | INFO  | .c.s.m.InstanceMessageReceiveService : Received schedule update for modeling exercise 1556

  Starting logs for ModelingExerciseIntegrationTest > testGetModelingExercise_asInstructor_exampleSolutionVisibility()
    23:44:28.011 | 427 ool-1-worker-191 | DEBUG | d.t.c.a.a.c.u.util.UserUtilService   : Generate 2 students...
    23:44:28.014 | 427 ool-1-worker-191 | DEBUG | d.t.c.a.a.c.u.util.UserUtilService   : 2 students generated. Generate 1 tutors...
    23:44:28.017 | 427 ool-1-worker-191 | DEBUG | d.t.c.a.a.c.u.util.UserUtilService   : 1 tutors generated. Generate 0 editors...
    23:44:28.018 | 427 ool-1-worker-191 | DEBUG | d.t.c.a.a.c.u.util.UserUtilService   : 0 editors generated. Generate 1 instructors...
    23:44:28.021 | 427 ool-1-worker-191 | DEBUG | d.t.c.a.a.c.u.util.UserUtilService   : 1 instructors generated
    23:44:28.022 | 427 ool-1-worker-191 | DEBUG | d.t.c.a.a.c.u.util.UserUtilService   : Removing 4 users from all courses...
    23:44:28.023 | 427 ool-1-worker-191 | DEBUG | d.t.c.a.a.c.u.util.UserUtilService   : Removing 4 users from all courses. Done
    23:44:28.023 | 427 ool-1-worker-191 | DEBUG | d.t.c.a.a.c.u.util.UserUtilService   : Save 4 users to database...
    23:44:28.026 | 427 ool-1-worker-191 | DEBUG | d.t.c.a.a.c.u.util.UserUtilService   : Save 4 users to database. Done
    23:44:28.034 | 427 ool-1-worker-191 | INFO  | i.z.t.d.l.EmbeddedDatabaseReporter   : JDBC URL to connect to 'dataSource': url='jdbc:h2:tcp://localhost:41063/mem:f240edcd-27ce-47a3-b4ab-a6a00c154135;USER=sa', scope='ModelingExerciseIntegrationTest#testGetModelingExercise_asInstructor_exampleSolutionVisibility'
    23:44:28.041 | 427 ool-1-worker-191 | DEBUG | d.t.c.a.a.c.s.f.ApiVersionFilter     : Adding Version to Request GET /api/courses/569/for-dashboard
    23:44:28.041 | 427 ool-1-worker-191 | DEBUG | d.t.c.a.a.core.web.CourseResource    : REST request to get one course 569 with exams, lectures, exercises, participations, submissions and results, etc.
    23:44:28.046 | 427 ool-1-worker-191 | DEBUG | d.t.c.a.a.core.web.CourseResource    : courseService.findOneWithExercisesAndLecturesAndExamsAndCompetenciesAndTutorialGroupsForUser done
    23:44:28.047 | 427 ool-1-worker-191 | DEBUG | d.t.c.a.a.core.web.CourseResource    : courseService.fetchParticipationsWithSubmissionsAndResultsForCourses done in getCourseForDashboard
    23:44:28.047 | 427 ool-1-worker-191 | DEBUG | d.t.c.a.a.core.web.CourseResource    : courseService.fetchPlagiarismCasesForCourseExercises done in getCourseForDashboard
    23:44:28.048 | 427 ool-1-worker-191 | DEBUG | d.t.c.a.a.core.web.CourseResource    : gradingScaleRepository.findByCourseId done in getCourseForDashboard
    23:44:28.048 | 427 ool-1-worker-191 | INFO  | d.t.c.a.a.core.web.CourseResource    : courses/569/for-dashboard (single course) finished in 6.71ms for 1 courses with 1 individual exercise(s) and 0 team exercise(s) for user modelingexerciseintegrationinstructor1
    23:44:28.052 | 427 ool-1-worker-191 | DEBUG | d.t.c.a.a.c.s.f.ApiVersionFilter     : Adding Version to Request GET /api/courses/569/for-dashboard
    23:44:28.052 | 427 ool-1-worker-191 | DEBUG | d.t.c.a.a.core.web.CourseResource    : REST request to get one course 569 with exams, lectures, exercises, participations, submissions and results, etc.
    23:44:28.057 | 427 ool-1-worker-191 | DEBUG | d.t.c.a.a.core.web.CourseResource    : courseService.findOneWithExercisesAndLecturesAndExamsAndCompetenciesAndTutorialGroupsForUser done
    23:44:28.058 | 427 ool-1-worker-191 | DEBUG | d.t.c.a.a.core.web.CourseResource    : courseService.fetchParticipationsWithSubmissionsAndResultsForCourses done in getCourseForDashboard
    23:44:28.058 | 427 ool-1-worker-191 | DEBUG | d.t.c.a.a.core.web.CourseResource    : courseService.fetchPlagiarismCasesForCourseExercises done in getCourseForDashboard
    23:44:28.059 | 427 ool-1-worker-191 | DEBUG | d.t.c.a.a.core.web.CourseResource    : gradingScaleRepository.findByCourseId done in getCourseForDashboard
    23:44:28.059 | 427 ool-1-worker-191 | INFO  | d.t.c.a.a.core.web.CourseResource    : courses/569/for-dashboard (single course) finished in 6.26ms for 1 courses with 1 individual exercise(s) and 0 team exercise(s) for user modelingexerciseintegrationinstructor1
    23:44:28.062 | 427 ool-1-worker-191 | DEBUG | d.t.c.a.a.c.s.f.ApiVersionFilter     : Adding Version to Request GET /api/courses/569/for-dashboard
    23:44:28.063 | 427 ool-1-worker-191 | DEBUG | d.t.c.a.a.core.web.CourseResource    : REST request to get one course 569 with exams, lectures, exercises, participations, submissions and results, etc.
    23:44:28.068 | 427 ool-1-worker-191 | DEBUG | d.t.c.a.a.core.web.CourseResource    : courseService.findOneWithExercisesAndLecturesAndExamsAndCompetenciesAndTutorialGroupsForUser done
    23:44:28.069 | 427 ool-1-worker-191 | DEBUG | d.t.c.a.a.core.web.CourseResource    : courseService.fetchParticipationsWithSubmissionsAndResultsForCourses done in getCourseForDashboard
    23:44:28.069 | 427 ool-1-worker-191 | DEBUG | d.t.c.a.a.core.web.CourseResource    : courseService.fetchPlagiarismCasesForCourseExercises done in getCourseForDashboard
    23:44:28.069 | 427 ool-1-worker-191 | DEBUG | d.t.c.a.a.core.web.CourseResource    : gradingScaleRepository.findByCourseId done in getCourseForDashboard
    23:44:28.070 | 427 ool-1-worker-191 | INFO  | d.t.c.a.a.core.web.CourseResource    : courses/569/for-dashboard (single course) finished in 6.51ms for 1 courses with 1 individual exercise(s) and 0 team exercise(s) for user modelingexerciseintegrationinstructor1

  Starting logs for ModelingExerciseIntegrationTest > testReEvaluateAndUpdateModelingExercise_notFound()
    23:44:28.093 | 427 ool-1-worker-191 | DEBUG | d.t.c.a.a.c.u.util.UserUtilService   : Generate 2 students...
    23:44:28.097 | 427 ool-1-worker-191 | DEBUG | d.t.c.a.a.c.u.util.UserUtilService   : 2 students generated. Generate 1 tutors...
    23:44:28.100 | 427 ool-1-worker-191 | DEBUG | d.t.c.a.a.c.u.util.UserUtilService   : 1 tutors generated. Generate 0 editors...
    23:44:28.101 | 427 ool-1-worker-191 | DEBUG | d.t.c.a.a.c.u.util.UserUtilService   : 0 editors generated. Generate 1 instructors...
    23:44:28.104 | 427 ool-1-worker-191 | DEBUG | d.t.c.a.a.c.u.util.UserUtilService   : 1 instructors generated
    23:44:28.105 | 427 ool-1-worker-191 | DEBUG | d.t.c.a.a.c.u.util.UserUtilService   : Removing 4 users from all courses...
    23:44:28.105 | 427 ool-1-worker-191 | DEBUG | d.t.c.a.a.c.u.util.UserUtilService   : Removing 4 users from all courses. Done
    23:44:28.105 | 427 ool-1-worker-191 | DEBUG | d.t.c.a.a.c.u.util.UserUtilService   : Save 4 users to database...
    23:44:28.109 | 427 ool-1-worker-191 | DEBUG | d.t.c.a.a.c.u.util.UserUtilService   : Save 4 users to database. Done
    23:44:28.117 | 427 ool-1-worker-191 | INFO  | i.z.t.d.l.EmbeddedDatabaseReporter   : JDBC URL to connect to 'dataSource': url='jdbc:h2:tcp://localhost:41063/mem:f240edcd-27ce-47a3-b4ab-a6a00c154135;USER=sa', scope='ModelingExerciseIntegrationTest#testReEvaluateAndUpdateModelingExercise_notFound'
    23:44:28.121 | 427 ool-1-worker-191 | DEBUG | d.t.c.a.a.c.s.f.ApiVersionFilter     : Adding Version to Request PUT /api/modeling-exercises/123456789/re-evaluate
    23:44:28.122 | 427 ool-1-worker-191 | DEBUG | t.c.a.a.m.w.ModelingExerciseResource : REST request to re-evaluate ModelingExercise : ModelingExercise{id=1558, maxPoints='5.0', diagramType='ClassDiagram', exampleSolutionModel='This is my example solution model', exampleSolutionExplanation='This is my example solution model'}
    23:44:28.124 | 427 ool-1-worker-191 | WARN  | o.z.p.spring.common.AdviceTraits     : Not Found: ModelingExercise with identifier: "123456789" does not exist

  Starting logs for ModelingExerciseIntegrationTest > [1] channelName=null
    23:44:28.142 | 427 ool-1-worker-191 | DEBUG | d.t.c.a.a.c.u.util.UserUtilService   : Generate 2 students...
    23:44:28.146 | 427 ool-1-worker-191 | DEBUG | d.t.c.a.a.c.u.util.UserUtilService   : 2 students generated. Generate 1 tutors...
    23:44:28.148 | 427 ool-1-worker-191 | DEBUG | d.t.c.a.a.c.u.util.UserUtilService   : 1 tutors generated. Generate 0 editors...
    23:44:28.150 | 427 ool-1-worker-191 | DEBUG | d.t.c.a.a.c.u.util.UserUtilService   : 0 editors generated. Generate 1 instructors...
    23:44:28.152 | 427 ool-1-worker-191 | DEBUG | d.t.c.a.a.c.u.util.UserUtilService   : 1 instructors generated
    23:44:28.154 | 427 ool-1-worker-191 | DEBUG | d.t.c.a.a.c.u.util.UserUtilService   : Removing 4 users from all courses...
    23:44:28.154 | 427 ool-1-worker-191 | DEBUG | d.t.c.a.a.c.u.util.UserUtilService   : Removing 4 users from all courses. Done
    23:44:28.154 | 427 ool-1-worker-191 | DEBUG | d.t.c.a.a.c.u.util.UserUtilService   : Save 4 users to database...
    23:44:28.158 | 427 ool-1-worker-191 | DEBUG | d.t.c.a.a.c.u.util.UserUtilService   : Save 4 users to database. Done
    23:44:28.165 | 427 ool-1-worker-191 | INFO  | i.z.t.d.l.EmbeddedDatabaseReporter   : JDBC URL to connect to 'dataSource': url='jdbc:h2:tcp://localhost:41063/mem:f240edcd-27ce-47a3-b4ab-a6a00c154135;USER=sa', scope='ModelingExerciseIntegrationTest#testCreateModelingExercise_asInstructor'
    23:44:28.171 | 427 ool-1-worker-191 | INFO  | .c.a.a.c.s.TitleCacheEvictionService : Evicted entry '571' from title cache 'courseTitle'
    23:44:28.173 | 427 ool-1-worker-191 | DEBUG | d.t.c.a.a.c.s.f.ApiVersionFilter     : Adding Version to Request POST /api/modeling-exercises
    23:44:28.174 | 427 ool-1-worker-191 | DEBUG | t.c.a.a.m.w.ModelingExerciseResource : REST request to save ModelingExercise : ModelingExercise{id=null, maxPoints='5.0', diagramType='ClassDiagram', exampleSolutionModel='This is my example solution model', exampleSolutionExplanation='This is my example solution model'}
    23:44:28.188 | 427 ool-1-worker-191 | INFO  | .c.s.m.InstanceMessageReceiveService : Received schedule update for modeling exercise 1560
    23:44:28.192 | 427 ool-1-worker-191 | DEBUG | d.t.c.a.a.c.s.f.ApiVersionFilter     : Adding Version to Request POST /api/modeling-exercises
    23:44:28.192 | 427 ool-1-worker-191 | DEBUG | t.c.a.a.m.w.ModelingExerciseResource : REST request to save ModelingExercise : ModelingExercise{id=1, maxPoints='5.0', diagramType='ClassDiagram', exampleSolutionModel='This is my example solution model', exampleSolutionExplanation='This is my example solution model'}
    23:44:28.196 | 427 ool-1-worker-191 | ERROR | tech.jhipster.web.util.HeaderUtil    : Entity processing failed, A new modeling exercise cannot already have an ID
    23:44:28.196 | 427 ool-1-worker-191 | WARN  | o.z.p.spring.common.AdviceTraits     : Bad Request: A new modeling exercise cannot already have an ID
    23:44:28.197 | 427 ool-1-worker-191 | DEBUG | d.t.c.a.a.c.s.f.ApiVersionFilter     : Adding Version to Request POST /api/modeling-exercises
    23:44:28.198 | 427 ool-1-worker-191 | DEBUG | t.c.a.a.m.w.ModelingExerciseResource : REST request to save ModelingExercise : ModelingExercise{id=null, maxPoints='5.0', diagramType='ClassDiagram', exampleSolutionModel='This is my example solution model', exampleSolutionExplanation='This is my example solution model'}
    23:44:28.200 | 427 ool-1-worker-191 | WARN  | o.z.p.spring.common.AdviceTraits     : Not Found: Course with identifier: "-1" does not exist

  Starting logs for ModelingExerciseIntegrationTest > [2] channelName=exercise-new-modeling-exercise
    23:44:28.216 | 427 ool-1-worker-191 | DEBUG | d.t.c.a.a.c.u.util.UserUtilService   : Generate 2 students...
    23:44:28.220 | 427 ool-1-worker-191 | DEBUG | d.t.c.a.a.c.u.util.UserUtilService   : 2 students generated. Generate 1 tutors...
    23:44:28.220 | 588 artemis-task-1   | INFO  | .c.s.m.InstanceMessageReceiveService : Received schedule update for assessed exercise submitted 1560 notification 
    23:44:28.222 | 427 ool-1-worker-191 | DEBUG | d.t.c.a.a.c.u.util.UserUtilService   : 1 tutors generated. Generate 0 editors...
    23:44:28.223 | 588 artemis-task-1   | DEBUG | t.c.a.a.e.s.ExerciseLifecycleService : Scheduled Task for Exercise "new modeling exercise" (#1560) to trigger on ASSESSMENT_DUE.
    23:44:28.223 | 588 artemis-task-1   | DEBUG | .a.a.c.s.NotificationScheduleService : Scheduled notify about assessed exercise submission after assessment due date for exercise 'new modeling exercise' (#1560) at 2025-02-22T23:44:28.165237Z.
    23:44:28.224 | 427 ool-1-worker-191 | DEBUG | d.t.c.a.a.c.u.util.UserUtilService   : 0 editors generated. Generate 1 instructors...
    23:44:28.226 | 427 ool-1-worker-191 | DEBUG | d.t.c.a.a.c.u.util.UserUtilService   : 1 instructors generated
    23:44:28.228 | 427 ool-1-worker-191 | DEBUG | d.t.c.a.a.c.u.util.UserUtilService   : Removing 4 users from all courses...
    23:44:28.228 | 427 ool-1-worker-191 | DEBUG | d.t.c.a.a.c.u.util.UserUtilService   : Removing 4 users from all courses. Done
    23:44:28.228 | 427 ool-1-worker-191 | DEBUG | d.t.c.a.a.c.u.util.UserUtilService   : Save 4 users to database...
    23:44:28.233 | 427 ool-1-worker-191 | DEBUG | d.t.c.a.a.c.u.util.UserUtilService   : Save 4 users to database. Done
    23:44:28.240 | 427 ool-1-worker-191 | INFO  | i.z.t.d.l.EmbeddedDatabaseReporter   : JDBC URL to connect to 'dataSource': url='jdbc:h2:tcp://localhost:41063/mem:f240edcd-27ce-47a3-b4ab-a6a00c154135;USER=sa', scope='ModelingExerciseIntegrationTest#testCreateModelingExercise_asInstructor'
    23:44:28.246 | 427 ool-1-worker-191 | INFO  | .c.a.a.c.s.TitleCacheEvictionService : Evicted entry '572' from title cache 'courseTitle'
    23:44:28.248 | 427 ool-1-worker-191 | DEBUG | d.t.c.a.a.c.s.f.ApiVersionFilter     : Adding Version to Request POST /api/modeling-exercises
    23:44:28.249 | 427 ool-1-worker-191 | DEBUG | t.c.a.a.m.w.ModelingExerciseResource : REST request to save ModelingExercise : ModelingExercise{id=null, maxPoints='5.0', diagramType='ClassDiagram', exampleSolutionModel='This is my example solution model', exampleSolutionExplanation='This is my example solution model'}
    23:44:28.262 | 427 ool-1-worker-191 | INFO  | .c.s.m.InstanceMessageReceiveService : Received schedule update for modeling exercise 1562
    23:44:28.265 | 427 ool-1-worker-191 | DEBUG | d.t.c.a.a.c.s.f.ApiVersionFilter     : Adding Version to Request POST /api/modeling-exercises
    23:44:28.266 | 427 ool-1-worker-191 | DEBUG | t.c.a.a.m.w.ModelingExerciseResource : REST request to save ModelingExercise : ModelingExercise{id=1, maxPoints='5.0', diagramType='ClassDiagram', exampleSolutionModel='This is my example solution model', exampleSolutionExplanation='This is my example solution model'}
    23:44:28.266 | 427 ool-1-worker-191 | ERROR | tech.jhipster.web.util.HeaderUtil    : Entity processing failed, A new modeling exercise cannot already have an ID
    23:44:28.266 | 427 ool-1-worker-191 | WARN  | o.z.p.spring.common.AdviceTraits     : Bad Request: A new modeling exercise cannot already have an ID
    23:44:28.267 | 427 ool-1-worker-191 | DEBUG | d.t.c.a.a.c.s.f.ApiVersionFilter     : Adding Version to Request POST /api/modeling-exercises
    23:44:28.268 | 427 ool-1-worker-191 | DEBUG | t.c.a.a.m.w.ModelingExerciseResource : REST request to save ModelingExercise : ModelingExercise{id=null, maxPoints='5.0', diagramType='ClassDiagram', exampleSolutionModel='This is my example solution model', exampleSolutionExplanation='This is my example solution model'}
    23:44:28.269 | 427 ool-1-worker-191 | WARN  | o.z.p.spring.common.AdviceTraits     : Not Found: Course with identifier: "-1" does not exist

  Starting logs for ModelingExerciseIntegrationTest > [3] channelName=
    23:44:28.285 | 427 ool-1-worker-191 | DEBUG | d.t.c.a.a.c.u.util.UserUtilService   : Generate 2 students...
    23:44:28.290 | 427 ool-1-worker-191 | DEBUG | d.t.c.a.a.c.u.util.UserUtilService   : 2 students generated. Generate 1 tutors...
    23:44:28.295 | 427 ool-1-worker-191 | DEBUG | d.t.c.a.a.c.u.util.UserUtilService   : 1 tutors generated. Generate 0 editors...
    23:44:28.301 | 427 ool-1-worker-191 | DEBUG | d.t.c.a.a.c.u.util.UserUtilService   : 0 editors generated. Generate 1 instructors...
    23:44:28.307 | 427 ool-1-worker-191 | DEBUG | d.t.c.a.a.c.u.util.UserUtilService   : 1 instructors generated
    23:44:28.308 | 427 ool-1-worker-191 | DEBUG | d.t.c.a.a.c.u.util.UserUtilService   : Removing 4 users from all courses...
    23:44:28.309 | 588 artemis-task-1   | INFO  | .c.s.m.InstanceMessageReceiveService : Received schedule update for assessed exercise submitted 1562 notification 
    23:44:28.309 | 427 ool-1-worker-191 | DEBUG | d.t.c.a.a.c.u.util.UserUtilService   : Removing 4 users from all courses. Done
    23:44:28.309 | 427 ool-1-worker-191 | DEBUG | d.t.c.a.a.c.u.util.UserUtilService   : Save 4 users to database...
    23:44:28.309 | 588 artemis-task-1   | DEBUG | t.c.a.a.e.s.ExerciseLifecycleService : Scheduled Task for Exercise "new modeling exercise" (#1562) to trigger on ASSESSMENT_DUE.
    23:44:28.309 | 588 artemis-task-1   | DEBUG | .a.a.c.s.NotificationScheduleService : Scheduled notify about assessed exercise submission after assessment due date for exercise 'new modeling exercise' (#1562) at 2025-02-22T23:44:28.240338Z.
    23:44:28.317 | 427 ool-1-worker-191 | DEBUG | d.t.c.a.a.c.u.util.UserUtilService   : Save 4 users to database. Done
    23:44:28.325 | 427 ool-1-worker-191 | INFO  | i.z.t.d.l.EmbeddedDatabaseReporter   : JDBC URL to connect to 'dataSource': url='jdbc:h2:tcp://localhost:41063/mem:f240edcd-27ce-47a3-b4ab-a6a00c154135;USER=sa', scope='ModelingExerciseIntegrationTest#testCreateModelingExercise_asInstructor'
    23:44:28.333 | 427 ool-1-worker-191 | INFO  | .c.a.a.c.s.TitleCacheEvictionService : Evicted entry '573' from title cache 'courseTitle'
    23:44:28.334 | 427 ool-1-worker-191 | DEBUG | d.t.c.a.a.c.s.f.ApiVersionFilter     : Adding Version to Request POST /api/modeling-exercises
    23:44:28.335 | 427 ool-1-worker-191 | DEBUG | t.c.a.a.m.w.ModelingExerciseResource : REST request to save ModelingExercise : ModelingExercise{id=null, maxPoints='5.0', diagramType='ClassDiagram', exampleSolutionModel='This is my example solution model', exampleSolutionExplanation='This is my example solution model'}
    23:44:28.350 | 427 ool-1-worker-191 | INFO  | .c.s.m.InstanceMessageReceiveService : Received schedule update for modeling exercise 1564
    23:44:28.356 | 427 ool-1-worker-191 | DEBUG | d.t.c.a.a.c.s.f.ApiVersionFilter     : Adding Version to Request POST /api/modeling-exercises
    23:44:28.361 | 427 ool-1-worker-191 | DEBUG | t.c.a.a.m.w.ModelingExerciseResource : REST request to save ModelingExercise : ModelingExercise{id=1, maxPoints='5.0', diagramType='ClassDiagram', exampleSolutionModel='This is my example solution model', exampleSolutionExplanation='This is my example solution model'}
    23:44:28.362 | 427 ool-1-worker-191 | ERROR | tech.jhipster.web.util.HeaderUtil    : Entity processing failed, A new modeling exercise cannot already have an ID
    23:44:28.362 | 427 ool-1-worker-191 | WARN  | o.z.p.spring.common.AdviceTraits     : Bad Request: A new modeling exercise cannot already have an ID
    23:44:28.363 | 427 ool-1-worker-191 | DEBUG | d.t.c.a.a.c.s.f.ApiVersionFilter     : Adding Version to Request POST /api/modeling-exercises
    23:44:28.363 | 427 ool-1-worker-191 | DEBUG | t.c.a.a.m.w.ModelingExerciseResource : REST request to save ModelingExercise : ModelingExercise{id=null, maxPoints='5.0', diagramType='ClassDiagram', exampleSolutionModel='This is my example solution model', exampleSolutionExplanation='This is my example solution model'}
    23:44:28.367 | 427 ool-1-worker-191 | WARN  | o.z.p.spring.common.AdviceTraits     : Not Found: Course with identifier: "-1" does not exist
    23:44:28.377 | 588 artemis-task-1   | INFO  | .c.s.m.InstanceMessageReceiveService : Received schedule update for assessed exercise submitted 1564 notification 
    23:44:28.377 | 588 artemis-task-1   | DEBUG | t.c.a.a.e.s.ExerciseLifecycleService : Scheduled Task for Exercise "new modeling exercise" (#1564) to trigger on ASSESSMENT_DUE.
    23:44:28.377 | 588 artemis-task-1   | DEBUG | .a.a.c.s.NotificationScheduleService : Scheduled notify about assessed exercise submission after assessment due date for exercise 'new modeling exercise' (#1564) at 2025-02-22T23:44:28.325332Z.

  Starting logs for ModelingExerciseIntegrationTest > testAdminSearchTermMatchesTitle()
    23:44:28.405 | 427 ool-1-worker-191 | DEBUG | d.t.c.a.a.c.u.util.UserUtilService   : Generate 2 students...
    23:44:28.409 | 427 ool-1-worker-191 | DEBUG | d.t.c.a.a.c.u.util.UserUtilService   : 2 students generated. Generate 1 tutors...
    23:44:28.411 | 427 ool-1-worker-191 | DEBUG | d.t.c.a.a.c.u.util.UserUtilService   : 1 tutors generated. Generate 0 editors...
    23:44:28.413 | 427 ool-1-worker-191 | DEBUG | d.t.c.a.a.c.u.util.UserUtilService   : 0 editors generated. Generate 1 instructors...
    23:44:28.415 | 427 ool-1-worker-191 | DEBUG | d.t.c.a.a.c.u.util.UserUtilService   : 1 instructors generated
    23:44:28.416 | 427 ool-1-worker-191 | DEBUG | d.t.c.a.a.c.u.util.UserUtilService   : Removing 4 users from all courses...
    23:44:28.417 | 427 ool-1-worker-191 | DEBUG | d.t.c.a.a.c.u.util.UserUtilService   : Removing 4 users from all courses. Done
    23:44:28.417 | 427 ool-1-worker-191 | DEBUG | d.t.c.a.a.c.u.util.UserUtilService   : Save 4 users to database...
    23:44:28.421 | 427 ool-1-worker-191 | DEBUG | d.t.c.a.a.c.u.util.UserUtilService   : Save 4 users to database. Done
    23:44:28.428 | 427 ool-1-worker-191 | INFO  | i.z.t.d.l.EmbeddedDatabaseReporter   : JDBC URL to connect to 'dataSource': url='jdbc:h2:tcp://localhost:41063/mem:f240edcd-27ce-47a3-b4ab-a6a00c154135;USER=sa', scope='ModelingExerciseIntegrationTest#testAdminSearchTermMatchesTitle'
    23:44:28.429 | 427 ool-1-worker-191 | DEBUG | d.t.c.a.a.c.u.util.UserUtilService   : Generate 1 students...
    23:44:28.431 | 427 ool-1-worker-191 | DEBUG | d.t.c.a.a.c.u.util.UserUtilService   : 1 students generated. Generate 1 tutors...
    23:44:28.434 | 427 ool-1-worker-191 | DEBUG | d.t.c.a.a.c.u.util.UserUtilService   : 1 tutors generated. Generate 0 editors...
    23:44:28.436 | 427 ool-1-worker-191 | DEBUG | d.t.c.a.a.c.u.util.UserUtilService   : 0 editors generated. Generate 1 instructors...
    23:44:28.439 | 427 ool-1-worker-191 | DEBUG | d.t.c.a.a.c.u.util.UserUtilService   : 1 instructors generated
    23:44:28.440 | 427 ool-1-worker-191 | DEBUG | d.t.c.a.a.c.u.util.UserUtilService   : Removing 4 users from all courses...
    23:44:28.441 | 427 ool-1-worker-191 | DEBUG | d.t.c.a.a.c.u.util.UserUtilService   : Removing 4 users from all courses. Done
    23:44:28.441 | 427 ool-1-worker-191 | DEBUG | d.t.c.a.a.c.u.util.UserUtilService   : Save 3 users to database...
    23:44:28.443 | 427 ool-1-worker-191 | DEBUG | d.t.c.a.a.c.u.util.UserUtilService   : Save 3 users to database. Done
    23:44:28.446 | 427 ool-1-worker-191 | DEBUG | d.t.c.a.a.c.s.f.ApiVersionFilter     : Adding Version to Request GET /api/modeling-exercises

  Starting logs for ModelingExerciseIntegrationTest > testUpdateModelingExerciseForExam_invalidExercise_dates(InvalidExamExerciseDateConfiguration) [1] invalidDates=InvalidExamExerciseDateConfiguration[releaseDate=2025-02-15T00:44:28.469376548Z[Etc/UTC], dueDate=2025-02-15T01:44:28.469376548Z[Etc/UTC], assessmentDueDate=2025-02-15T02:44:28.469376548Z[Etc/UTC], exampleSolutionPublicationDate=null]
    23:44:28.479 | 427 ool-1-worker-191 | DEBUG | d.t.c.a.a.c.u.util.UserUtilService   : Generate 2 students...
    23:44:28.483 | 427 ool-1-worker-191 | DEBUG | d.t.c.a.a.c.u.util.UserUtilService   : 2 students generated. Generate 1 tutors...
    23:44:28.486 | 427 ool-1-worker-191 | DEBUG | d.t.c.a.a.c.u.util.UserUtilService   : 1 tutors generated. Generate 0 editors...
    23:44:28.487 | 427 ool-1-worker-191 | DEBUG | d.t.c.a.a.c.u.util.UserUtilService   : 0 editors generated. Generate 1 instructors...
    23:44:28.490 | 427 ool-1-worker-191 | DEBUG | d.t.c.a.a.c.u.util.UserUtilService   : 1 instructors generated
    23:44:28.491 | 427 ool-1-worker-191 | DEBUG | d.t.c.a.a.c.u.util.UserUtilService   : Removing 3 users from all courses...
    23:44:28.491 | 427 ool-1-worker-191 | DEBUG | d.t.c.a.a.c.u.util.UserUtilService   : Removing 3 users from all courses. Done
    23:44:28.491 | 427 ool-1-worker-191 | DEBUG | d.t.c.a.a.c.u.util.UserUtilService   : Save 4 users to database...
    23:44:28.495 | 427 ool-1-worker-191 | DEBUG | d.t.c.a.a.c.u.util.UserUtilService   : Save 4 users to database. Done
    23:44:28.502 | 427 ool-1-worker-191 | INFO  | i.z.t.d.l.EmbeddedDatabaseReporter   : JDBC URL to connect to 'dataSource': url='jdbc:h2:tcp://localhost:41063/mem:f240edcd-27ce-47a3-b4ab-a6a00c154135;USER=sa', scope='ModelingExerciseIntegrationTest#testUpdateModelingExerciseForExam_invalidExercise_dates'
    23:44:28.507 | 427 ool-1-worker-191 | DEBUG | d.t.c.a.a.c.s.f.ApiVersionFilter     : Adding Version to Request POST /api/modeling-exercises
    23:44:28.510 | 427 ool-1-worker-191 | DEBUG | t.c.a.a.m.w.ModelingExerciseResource : REST request to save ModelingExercise : ModelingExercise{id=1568, maxPoints='5.0', diagramType='ClassDiagram', exampleSolutionModel='This is my example solution model', exampleSolutionExplanation='This is my example solution model'}
    23:44:28.511 | 427 ool-1-worker-191 | ERROR | tech.jhipster.web.util.HeaderUtil    : Entity processing failed, A new modeling exercise cannot already have an ID
    23:44:28.511 | 427 ool-1-worker-191 | WARN  | o.z.p.spring.common.AdviceTraits     : Bad Request: A new modeling exercise cannot already have an ID

  Starting logs for ModelingExerciseIntegrationTest > testUpdateModelingExerciseForExam_invalidExercise_dates(InvalidExamExerciseDateConfiguration) [2] invalidDates=InvalidExamExerciseDateConfiguration[releaseDate=2025-02-15T00:44:28.469376548Z[Etc/UTC], dueDate=null, assessmentDueDate=null, exampleSolutionPublicationDate=null]
    23:44:28.529 | 427 ool-1-worker-191 | DEBUG | d.t.c.a.a.c.u.util.UserUtilService   : Generate 2 students...
    23:44:28.533 | 427 ool-1-worker-191 | DEBUG | d.t.c.a.a.c.u.util.UserUtilService   : 2 students generated. Generate 1 tutors...
    23:44:28.536 | 427 ool-1-worker-191 | DEBUG | d.t.c.a.a.c.u.util.UserUtilService   : 1 tutors generated. Generate 0 editors...
    23:44:28.537 | 427 ool-1-worker-191 | DEBUG | d.t.c.a.a.c.u.util.UserUtilService   : 0 editors generated. Generate 1 instructors...
    23:44:28.540 | 427 ool-1-worker-191 | DEBUG | d.t.c.a.a.c.u.util.UserUtilService   : 1 instructors generated
    23:44:28.540 | 427 ool-1-worker-191 | DEBUG | d.t.c.a.a.c.u.util.UserUtilService   : Removing 4 users from all courses...
    23:44:28.541 | 427 ool-1-worker-191 | DEBUG | d.t.c.a.a.c.u.util.UserUtilService   : Removing 4 users from all courses. Done
    23:44:28.541 | 427 ool-1-worker-191 | DEBUG | d.t.c.a.a.c.u.util.UserUtilService   : Save 4 users to database...
    23:44:28.544 | 427 ool-1-worker-191 | DEBUG | d.t.c.a.a.c.u.util.UserUtilService   : Save 4 users to database. Done
    23:44:28.551 | 427 ool-1-worker-191 | INFO  | i.z.t.d.l.EmbeddedDatabaseReporter   : JDBC URL to connect to 'dataSource': url='jdbc:h2:tcp://localhost:41063/mem:f240edcd-27ce-47a3-b4ab-a6a00c154135;USER=sa', scope='ModelingExerciseIntegrationTest#testUpdateModelingExerciseForExam_invalidExercise_dates'
    23:44:28.557 | 427 ool-1-worker-191 | DEBUG | d.t.c.a.a.c.s.f.ApiVersionFilter     : Adding Version to Request POST /api/modeling-exercises
    23:44:28.557 | 427 ool-1-worker-191 | DEBUG | t.c.a.a.m.w.ModelingExerciseResource : REST request to save ModelingExercise : ModelingExercise{id=1570, maxPoints='5.0', diagramType='ClassDiagram', exampleSolutionModel='This is my example solution model', exampleSolutionExplanation='This is my example solution model'}
    23:44:28.558 | 427 ool-1-worker-191 | ERROR | tech.jhipster.web.util.HeaderUtil    : Entity processing failed, A new modeling exercise cannot already have an ID
    23:44:28.558 | 427 ool-1-worker-191 | WARN  | o.z.p.spring.common.AdviceTraits     : Bad Request: A new modeling exercise cannot already have an ID

  Starting logs for ModelingExerciseIntegrationTest > testUpdateModelingExerciseForExam_invalidExercise_dates(InvalidExamExerciseDateConfiguration) [3] invalidDates=InvalidExamExerciseDateConfiguration[releaseDate=null, dueDate=2025-02-15T01:44:28.469376548Z[Etc/UTC], assessmentDueDate=null, exampleSolutionPublicationDate=null]
    23:44:28.583 | 427 ool-1-worker-191 | DEBUG | d.t.c.a.a.c.u.util.UserUtilService   : Generate 2 students...
    23:44:28.589 | 427 ool-1-worker-191 | DEBUG | d.t.c.a.a.c.u.util.UserUtilService   : 2 students generated. Generate 1 tutors...
    23:44:28.594 | 427 ool-1-worker-191 | DEBUG | d.t.c.a.a.c.u.util.UserUtilService   : 1 tutors generated. Generate 0 editors...
    23:44:28.595 | 427 ool-1-worker-191 | DEBUG | d.t.c.a.a.c.u.util.UserUtilService   : 0 editors generated. Generate 1 instructors...
    23:44:28.598 | 427 ool-1-worker-191 | DEBUG | d.t.c.a.a.c.u.util.UserUtilService   : 1 instructors generated
    23:44:28.599 | 427 ool-1-worker-191 | DEBUG | d.t.c.a.a.c.u.util.UserUtilService   : Removing 4 users from all courses...
    23:44:28.600 | 427 ool-1-worker-191 | DEBUG | d.t.c.a.a.c.u.util.UserUtilService   : Removing 4 users from all courses. Done
    23:44:28.600 | 427 ool-1-worker-191 | DEBUG | d.t.c.a.a.c.u.util.UserUtilService   : Save 4 users to database...
    23:44:28.606 | 427 ool-1-worker-191 | DEBUG | d.t.c.a.a.c.u.util.UserUtilService   : Save 4 users to database. Done
    23:44:28.615 | 427 ool-1-worker-191 | INFO  | i.z.t.d.l.EmbeddedDatabaseReporter   : JDBC URL to connect to 'dataSource': url='jdbc:h2:tcp://localhost:41063/mem:f240edcd-27ce-47a3-b4ab-a6a00c154135;USER=sa', scope='ModelingExerciseIntegrationTest#testUpdateModelingExerciseForExam_invalidExercise_dates'
    23:44:28.623 | 427 ool-1-worker-191 | DEBUG | d.t.c.a.a.c.s.f.ApiVersionFilter     : Adding Version to Request POST /api/modeling-exercises
    23:44:28.623 | 427 ool-1-worker-191 | DEBUG | t.c.a.a.m.w.ModelingExerciseResource : REST request to save ModelingExercise : ModelingExercise{id=1572, maxPoints='5.0', diagramType='ClassDiagram', exampleSolutionModel='This is my example solution model', exampleSolutionExplanation='This is my example solution model'}
    23:44:28.624 | 427 ool-1-worker-191 | ERROR | tech.jhipster.web.util.HeaderUtil    : Entity processing failed, A new modeling exercise cannot already have an ID
    23:44:28.624 | 427 ool-1-worker-191 | WARN  | o.z.p.spring.common.AdviceTraits     : Bad Request: A new modeling exercise cannot already have an ID

  Starting logs for ModelingExerciseIntegrationTest > testUpdateModelingExerciseForExam_invalidExercise_dates(InvalidExamExerciseDateConfiguration) [4] invalidDates=InvalidExamExerciseDateConfiguration[releaseDate=null, dueDate=null, assessmentDueDate=2025-02-15T02:44:28.469376548Z[Etc/UTC], exampleSolutionPublicationDate=null]
    23:44:28.643 | 427 ool-1-worker-191 | DEBUG | d.t.c.a.a.c.u.util.UserUtilService   : Generate 2 students...
    23:44:28.646 | 427 ool-1-worker-191 | DEBUG | d.t.c.a.a.c.u.util.UserUtilService   : 2 students generated. Generate 1 tutors...
    23:44:28.648 | 427 ool-1-worker-191 | DEBUG | d.t.c.a.a.c.u.util.UserUtilService   : 1 tutors generated. Generate 0 editors...
    23:44:28.650 | 427 ool-1-worker-191 | DEBUG | d.t.c.a.a.c.u.util.UserUtilService   : 0 editors generated. Generate 1 instructors...
    23:44:28.652 | 427 ool-1-worker-191 | DEBUG | d.t.c.a.a.c.u.util.UserUtilService   : 1 instructors generated
    23:44:28.653 | 427 ool-1-worker-191 | DEBUG | d.t.c.a.a.c.u.util.UserUtilService   : Removing 4 users from all courses...
    23:44:28.653 | 427 ool-1-worker-191 | DEBUG | d.t.c.a.a.c.u.util.UserUtilService   : Removing 4 users from all courses. Done
    23:44:28.653 | 427 ool-1-worker-191 | DEBUG | d.t.c.a.a.c.u.util.UserUtilService   : Save 4 users to database...
    23:44:28.657 | 427 ool-1-worker-191 | DEBUG | d.t.c.a.a.c.u.util.UserUtilService   : Save 4 users to database. Done
    23:44:28.665 | 427 ool-1-worker-191 | INFO  | i.z.t.d.l.EmbeddedDatabaseReporter   : JDBC URL to connect to 'dataSource': url='jdbc:h2:tcp://localhost:41063/mem:f240edcd-27ce-47a3-b4ab-a6a00c154135;USER=sa', scope='ModelingExerciseIntegrationTest#testUpdateModelingExerciseForExam_invalidExercise_dates'
    23:44:28.670 | 427 ool-1-worker-191 | DEBUG | d.t.c.a.a.c.s.f.ApiVersionFilter     : Adding Version to Request POST /api/modeling-exercises
    23:44:28.670 | 427 ool-1-worker-191 | DEBUG | t.c.a.a.m.w.ModelingExerciseResource : REST request to save ModelingExercise : ModelingExercise{id=1574, maxPoints='5.0', diagramType='ClassDiagram', exampleSolutionModel='This is my example solution model', exampleSolutionExplanation='This is my example solution model'}
    23:44:28.671 | 427 ool-1-worker-191 | ERROR | tech.jhipster.web.util.HeaderUtil    : Entity processing failed, A new modeling exercise cannot already have an ID
    23:44:28.671 | 427 ool-1-worker-191 | WARN  | o.z.p.spring.common.AdviceTraits     : Bad Request: A new modeling exercise cannot already have an ID

  Starting logs for ModelingExerciseIntegrationTest > testUpdateModelingExerciseForExam_invalidExercise_dates(InvalidExamExerciseDateConfiguration) [5] invalidDates=InvalidExamExerciseDateConfiguration[releaseDate=null, dueDate=null, assessmentDueDate=null, exampleSolutionPublicationDate=2025-02-14T23:44:28.469378142Z[Etc/UTC]]
    23:44:28.688 | 427 ool-1-worker-191 | DEBUG | d.t.c.a.a.c.u.util.UserUtilService   : Generate 2 students...
    23:44:28.692 | 427 ool-1-worker-191 | DEBUG | d.t.c.a.a.c.u.util.UserUtilService   : 2 students generated. Generate 1 tutors...
    23:44:28.695 | 427 ool-1-worker-191 | DEBUG | d.t.c.a.a.c.u.util.UserUtilService   : 1 tutors generated. Generate 0 editors...
    23:44:28.696 | 427 ool-1-worker-191 | DEBUG | d.t.c.a.a.c.u.util.UserUtilService   : 0 editors generated. Generate 1 instructors...
    23:44:28.699 | 427 ool-1-worker-191 | DEBUG | d.t.c.a.a.c.u.util.UserUtilService   : 1 instructors generated
    23:44:28.700 | 427 ool-1-worker-191 | DEBUG | d.t.c.a.a.c.u.util.UserUtilService   : Removing 4 users from all courses...
    23:44:28.701 | 427 ool-1-worker-191 | DEBUG | d.t.c.a.a.c.u.util.UserUtilService   : Removing 4 users from all courses. Done
    23:44:28.701 | 427 ool-1-worker-191 | DEBUG | d.t.c.a.a.c.u.util.UserUtilService   : Save 4 users to database...
    23:44:28.711 | 427 ool-1-worker-191 | DEBUG | d.t.c.a.a.c.u.util.UserUtilService   : Save 4 users to database. Done
    23:44:28.725 | 427 ool-1-worker-191 | INFO  | i.z.t.d.l.EmbeddedDatabaseReporter   : JDBC URL to connect to 'dataSource': url='jdbc:h2:tcp://localhost:41063/mem:f240edcd-27ce-47a3-b4ab-a6a00c154135;USER=sa', scope='ModelingExerciseIntegrationTest#testUpdateModelingExerciseForExam_invalidExercise_dates'
    23:44:28.736 | 427 ool-1-worker-191 | DEBUG | d.t.c.a.a.c.s.f.ApiVersionFilter     : Adding Version to Request POST /api/modeling-exercises
    23:44:28.737 | 427 ool-1-worker-191 | DEBUG | t.c.a.a.m.w.ModelingExerciseResource : REST request to save ModelingExercise : ModelingExercise{id=1576, maxPoints='5.0', diagramType='ClassDiagram', exampleSolutionModel='This is my example solution model', exampleSolutionExplanation='This is my example solution model'}
    23:44:28.737 | 427 ool-1-worker-191 | ERROR | tech.jhipster.web.util.HeaderUtil    : Entity processing failed, A new modeling exercise cannot already have an ID
    23:44:28.737 | 427 ool-1-worker-191 | WARN  | o.z.p.spring.common.AdviceTraits     : Bad Request: A new modeling exercise cannot already have an ID

  Starting logs for ModelingExerciseIntegrationTest > importModelingExerciseFromCourseToCourse_badRequest()
    23:44:28.782 | 427 ool-1-worker-191 | DEBUG | d.t.c.a.a.c.u.util.UserUtilService   : Generate 2 students...
    23:44:28.788 | 427 ool-1-worker-191 | DEBUG | d.t.c.a.a.c.u.util.UserUtilService   : 2 students generated. Generate 1 tutors...
    23:44:28.790 | 427 ool-1-worker-191 | DEBUG | d.t.c.a.a.c.u.util.UserUtilService   : 1 tutors generated. Generate 0 editors...
    23:44:28.792 | 427 ool-1-worker-191 | DEBUG | d.t.c.a.a.c.u.util.UserUtilService   : 0 editors generated. Generate 1 instructors...
    23:44:28.796 | 427 ool-1-worker-191 | DEBUG | d.t.c.a.a.c.u.util.UserUtilService   : 1 instructors generated
    23:44:28.798 | 427 ool-1-worker-191 | DEBUG | d.t.c.a.a.c.u.util.UserUtilService   : Removing 4 users from all courses...
    23:44:28.799 | 427 ool-1-worker-191 | DEBUG | d.t.c.a.a.c.u.util.UserUtilService   : Removing 4 users from all courses. Done
    23:44:28.799 | 427 ool-1-worker-191 | DEBUG | d.t.c.a.a.c.u.util.UserUtilService   : Save 4 users to database...
    23:44:28.802 | 427 ool-1-worker-191 | DEBUG | d.t.c.a.a.c.u.util.UserUtilService   : Save 4 users to database. Done
    23:44:28.810 | 427 ool-1-worker-191 | INFO  | i.z.t.d.l.EmbeddedDatabaseReporter   : JDBC URL to connect to 'dataSource': url='jdbc:h2:tcp://localhost:41063/mem:f240edcd-27ce-47a3-b4ab-a6a00c154135;USER=sa', scope='ModelingExerciseIntegrationTest#importModelingExerciseFromCourseToCourse_badRequest'
    23:44:28.813 | 427 ool-1-worker-191 | DEBUG | d.t.c.a.a.c.s.f.ApiVersionFilter     : Adding Version to Request POST /api/modeling-exercises/import/1578
    23:44:28.814 | 427 ool-1-worker-191 | DEBUG | t.c.a.a.m.w.ModelingExerciseResource : Either the courseId or exerciseGroupId must be set for an import
    23:44:28.814 | 427 ool-1-worker-191 | ERROR | tech.jhipster.web.util.HeaderUtil    : Entity processing failed, Either the courseId or exerciseGroupId must be set for an import
    23:44:28.815 | 427 ool-1-worker-191 | WARN  | o.z.p.spring.common.AdviceTraits     : Bad Request: Either the courseId or exerciseGroupId must be set for an import

  Starting logs for ModelingExerciseIntegrationTest > updateModelingExerciseDueDate()
    23:44:28.832 | 427 ool-1-worker-191 | DEBUG | d.t.c.a.a.c.u.util.UserUtilService   : Generate 2 students...
    23:44:28.836 | 427 ool-1-worker-191 | DEBUG | d.t.c.a.a.c.u.util.UserUtilService   : 2 students generated. Generate 1 tutors...
    23:44:28.839 | 427 ool-1-worker-191 | DEBUG | d.t.c.a.a.c.u.util.UserUtilService   : 1 tutors generated. Generate 0 editors...
    23:44:28.840 | 427 ool-1-worker-191 | DEBUG | d.t.c.a.a.c.u.util.UserUtilService   : 0 editors generated. Generate 1 instructors...
    23:44:28.843 | 427 ool-1-worker-191 | DEBUG | d.t.c.a.a.c.u.util.UserUtilService   : 1 instructors generated
    23:44:28.844 | 427 ool-1-worker-191 | DEBUG | d.t.c.a.a.c.u.util.UserUtilService   : Removing 4 users from all courses...
    23:44:28.845 | 427 ool-1-worker-191 | DEBUG | d.t.c.a.a.c.u.util.UserUtilService   : Removing 4 users from all courses. Done
    23:44:28.845 | 427 ool-1-worker-191 | DEBUG | d.t.c.a.a.c.u.util.UserUtilService   : Save 4 users to database...
    23:44:28.850 | 427 ool-1-worker-191 | DEBUG | d.t.c.a.a.c.u.util.UserUtilService   : Save 4 users to database. Done
    23:44:28.871 | 427 ool-1-worker-191 | INFO  | i.z.t.d.l.EmbeddedDatabaseReporter   : JDBC URL to connect to 'dataSource': url='jdbc:h2:tcp://localhost:41063/mem:f240edcd-27ce-47a3-b4ab-a6a00c154135;USER=sa', scope='ModelingExerciseIntegrationTest#updateModelingExerciseDueDate'
    23:44:28.907 | 427 ool-1-worker-191 | DEBUG | d.t.c.a.a.c.s.f.ApiVersionFilter     : Adding Version to Request PUT /api/modeling-exercises
    23:44:28.908 | 427 ool-1-worker-191 | DEBUG | t.c.a.a.m.w.ModelingExerciseResource : REST request to update ModelingExercise : ModelingExercise{id=1579, maxPoints='5.0', diagramType='ClassDiagram', exampleSolutionModel='This is my example solution model', exampleSolutionExplanation='This is my example solution model'}
    23:44:28.924 | 427 ool-1-worker-191 | INFO  | d.t.c.a.a.e.service.ExerciseService  : User modelingexerciseintegrationinstructor1 has updated ModelingExercise ClassDiagram with id 1579
    23:44:28.926 | 427 ool-1-worker-191 | INFO  | .c.s.m.InstanceMessageReceiveService : Received schedule update for modeling exercise 1579
    23:44:28.926 | 427 ool-1-worker-191 | INFO  | .c.s.m.InstanceMessageReceiveService : Received schedule update for assessed exercise submitted 1579 notification 
    23:44:28.926 | 427 ool-1-worker-191 | DEBUG | t.c.a.a.e.s.ExerciseLifecycleService : Scheduled Task for Exercise "ClassDiagram" (#1579) to trigger on ASSESSMENT_DUE.
    23:44:28.926 | 427 ool-1-worker-191 | DEBUG | .a.a.c.s.NotificationScheduleService : Scheduled notify about assessed exercise submission after assessment due date for exercise 'ClassDiagram' (#1579) at 2025-02-16T23:39:41.477688Z.

  Starting logs for ModelingExerciseIntegrationTest > testInstructorGetsOnlyResultsFromOwningCourses()
    23:44:28.956 | 427 ool-1-worker-191 | DEBUG | d.t.c.a.a.c.u.util.UserUtilService   : Generate 2 students...
    23:44:28.966 | 427 ool-1-worker-191 | DEBUG | d.t.c.a.a.c.u.util.UserUtilService   : 2 students generated. Generate 1 tutors...
    23:44:28.969 | 427 ool-1-worker-191 | DEBUG | d.t.c.a.a.c.u.util.UserUtilService   : 1 tutors generated. Generate 0 editors...
    23:44:28.970 | 427 ool-1-worker-191 | DEBUG | d.t.c.a.a.c.u.util.UserUtilService   : 0 editors generated. Generate 1 instructors...
    23:44:28.973 | 427 ool-1-worker-191 | DEBUG | d.t.c.a.a.c.u.util.UserUtilService   : 1 instructors generated
    23:44:28.975 | 427 ool-1-worker-191 | DEBUG | d.t.c.a.a.c.u.util.UserUtilService   : Removing 4 users from all courses...
    23:44:28.977 | 427 ool-1-worker-191 | DEBUG | d.t.c.a.a.c.u.util.UserUtilService   : Removing 4 users from all courses. Done
    23:44:28.977 | 427 ool-1-worker-191 | DEBUG | d.t.c.a.a.c.u.util.UserUtilService   : Save 4 users to database...
    23:44:28.987 | 427 ool-1-worker-191 | DEBUG | d.t.c.a.a.c.u.util.UserUtilService   : Save 4 users to database. Done
    23:44:29.001 | 427 ool-1-worker-191 | INFO  | i.z.t.d.l.EmbeddedDatabaseReporter   : JDBC URL to connect to 'dataSource': url='jdbc:h2:tcp://localhost:41063/mem:f240edcd-27ce-47a3-b4ab-a6a00c154135;USER=sa', scope='ModelingExerciseIntegrationTest#testInstructorGetsOnlyResultsFromOwningCourses'
    23:44:29.002 | 427 ool-1-worker-191 | DEBUG | d.t.c.a.a.c.s.f.ApiVersionFilter     : Adding Version to Request GET /api/modeling-exercises

  Starting logs for ModelingExerciseIntegrationTest > testAdminGetsResultsFromAllCourses()
    23:44:29.033 | 427 ool-1-worker-191 | DEBUG | d.t.c.a.a.c.u.util.UserUtilService   : Generate 2 students...
    23:44:29.037 | 427 ool-1-worker-191 | DEBUG | d.t.c.a.a.c.u.util.UserUtilService   : 2 students generated. Generate 1 tutors...
    23:44:29.040 | 427 ool-1-worker-191 | DEBUG | d.t.c.a.a.c.u.util.UserUtilService   : 1 tutors generated. Generate 0 editors...
    23:44:29.041 | 427 ool-1-worker-191 | DEBUG | d.t.c.a.a.c.u.util.UserUtilService   : 0 editors generated. Generate 1 instructors...
    23:44:29.044 | 427 ool-1-worker-191 | DEBUG | d.t.c.a.a.c.u.util.UserUtilService   : 1 instructors generated
    23:44:29.045 | 427 ool-1-worker-191 | DEBUG | d.t.c.a.a.c.u.util.UserUtilService   : Removing 4 users from all courses...
    23:44:29.046 | 427 ool-1-worker-191 | DEBUG | d.t.c.a.a.c.u.util.UserUtilService   : Removing 4 users from all courses. Done
    23:44:29.046 | 427 ool-1-worker-191 | DEBUG | d.t.c.a.a.c.u.util.UserUtilService   : Save 4 users to database...
    23:44:29.049 | 427 ool-1-worker-191 | DEBUG | d.t.c.a.a.c.u.util.UserUtilService   : Save 4 users to database. Done
    23:44:29.057 | 427 ool-1-worker-191 | INFO  | i.z.t.d.l.EmbeddedDatabaseReporter   : JDBC URL to connect to 'dataSource': url='jdbc:h2:tcp://localhost:41063/mem:f240edcd-27ce-47a3-b4ab-a6a00c154135;USER=sa', scope='ModelingExerciseIntegrationTest#testAdminGetsResultsFromAllCourses'
    23:44:29.059 | 427 ool-1-worker-191 | DEBUG | d.t.c.a.a.c.s.f.ApiVersionFilter     : Adding Version to Request GET /api/modeling-exercises
    23:44:29.070 | 427 ool-1-worker-191 | DEBUG | d.t.c.a.a.c.s.f.ApiVersionFilter     : Adding Version to Request GET /api/modeling-exercises

  Starting logs for ModelingExerciseIntegrationTest > testGetModelingExercise_tutorNotInCourse()
    23:44:29.091 | 427 ool-1-worker-191 | DEBUG | d.t.c.a.a.c.u.util.UserUtilService   : Generate 2 students...
    23:44:29.094 | 427 ool-1-worker-191 | DEBUG | d.t.c.a.a.c.u.util.UserUtilService   : 2 students generated. Generate 1 tutors...
    23:44:29.096 | 427 ool-1-worker-191 | DEBUG | d.t.c.a.a.c.u.util.UserUtilService   : 1 tutors generated. Generate 0 editors...
    23:44:29.097 | 427 ool-1-worker-191 | DEBUG | d.t.c.a.a.c.u.util.UserUtilService   : 0 editors generated. Generate 1 instructors...
    23:44:29.100 | 427 ool-1-worker-191 | DEBUG | d.t.c.a.a.c.u.util.UserUtilService   : 1 instructors generated
    23:44:29.101 | 427 ool-1-worker-191 | DEBUG | d.t.c.a.a.c.u.util.UserUtilService   : Removing 4 users from all courses...
    23:44:29.101 | 427 ool-1-worker-191 | DEBUG | d.t.c.a.a.c.u.util.UserUtilService   : Removing 4 users from all courses. Done
    23:44:29.101 | 427 ool-1-worker-191 | DEBUG | d.t.c.a.a.c.u.util.UserUtilService   : Save 4 users to database...
    23:44:29.104 | 427 ool-1-worker-191 | DEBUG | d.t.c.a.a.c.u.util.UserUtilService   : Save 4 users to database. Done
    23:44:29.109 | 427 ool-1-worker-191 | INFO  | i.z.t.d.l.EmbeddedDatabaseReporter   : JDBC URL to connect to 'dataSource': url='jdbc:h2:tcp://localhost:41063/mem:f240edcd-27ce-47a3-b4ab-a6a00c154135;USER=sa', scope='ModelingExerciseIntegrationTest#testGetModelingExercise_tutorNotInCourse'
    23:44:29.110 | 427 ool-1-worker-191 | DEBUG | d.t.c.a.a.c.s.f.ApiVersionFilter     : Adding Version to Request GET /api/modeling-exercises/1583
    23:44:29.111 | 427 ool-1-worker-191 | DEBUG | t.c.a.a.m.w.ModelingExerciseResource : REST request to get ModelingExercise : 1583
    23:44:29.114 | 427 ool-1-worker-191 | WARN  | o.z.p.spring.common.AdviceTraits     : Forbidden: You are not allowed to access the Course with id 592

  Starting logs for ModelingExerciseIntegrationTest > testReEvaluateAndUpdateModelingExercise_isNotSameGivenExerciseIdInRequestBody_conflict()
    23:44:29.129 | 427 ool-1-worker-191 | DEBUG | d.t.c.a.a.c.u.util.UserUtilService   : Generate 2 students...
    23:44:29.133 | 427 ool-1-worker-191 | DEBUG | d.t.c.a.a.c.u.util.UserUtilService   : 2 students generated. Generate 1 tutors...
    23:44:29.135 | 427 ool-1-worker-191 | DEBUG | d.t.c.a.a.c.u.util.UserUtilService   : 1 tutors generated. Generate 0 editors...
    23:44:29.137 | 427 ool-1-worker-191 | DEBUG | d.t.c.a.a.c.u.util.UserUtilService   : 0 editors generated. Generate 1 instructors...
    23:44:29.140 | 427 ool-1-worker-191 | DEBUG | d.t.c.a.a.c.u.util.UserUtilService   : 1 instructors generated
    23:44:29.141 | 427 ool-1-worker-191 | DEBUG | d.t.c.a.a.c.u.util.UserUtilService   : Removing 4 users from all courses...
    23:44:29.142 | 427 ool-1-worker-191 | DEBUG | d.t.c.a.a.c.u.util.UserUtilService   : Removing 4 users from all courses. Done
    23:44:29.142 | 427 ool-1-worker-191 | DEBUG | d.t.c.a.a.c.u.util.UserUtilService   : Save 4 users to database...
    23:44:29.145 | 427 ool-1-worker-191 | DEBUG | d.t.c.a.a.c.u.util.UserUtilService   : Save 4 users to database. Done
    23:44:29.153 | 427 ool-1-worker-191 | INFO  | i.z.t.d.l.EmbeddedDatabaseReporter   : JDBC URL to connect to 'dataSource': url='jdbc:h2:tcp://localhost:41063/mem:f240edcd-27ce-47a3-b4ab-a6a00c154135;USER=sa', scope='ModelingExerciseIntegrationTest#testReEvaluateAndUpdateModelingExercise_isNotSameGivenExerciseIdInRequestBody_conflict'
    23:44:29.157 | 427 ool-1-worker-191 | DEBUG | d.t.c.a.a.c.s.f.ApiVersionFilter     : Adding Version to Request PUT /api/modeling-exercises/1584/re-evaluate
    23:44:29.158 | 427 ool-1-worker-191 | DEBUG | t.c.a.a.m.w.ModelingExerciseResource : REST request to re-evaluate ModelingExercise : ModelingExercise{id=123456789, maxPoints='5.0', diagramType='ClassDiagram', exampleSolutionModel='This is my example solution model', exampleSolutionExplanation='This is my example solution model'}
    23:44:29.160 | 427 ool-1-worker-191 | WARN  | o.z.p.spring.common.AdviceTraits     : Conflict: 409 CONFLICT

  Starting logs for ModelingExerciseIntegrationTest > testGetPlagiarismResult()
    23:44:29.179 | 427 ool-1-worker-191 | DEBUG | d.t.c.a.a.c.u.util.UserUtilService   : Generate 2 students...
    23:44:29.183 | 427 ool-1-worker-191 | DEBUG | d.t.c.a.a.c.u.util.UserUtilService   : 2 students generated. Generate 1 tutors...
    23:44:29.185 | 427 ool-1-worker-191 | DEBUG | d.t.c.a.a.c.u.util.UserUtilService   : 1 tutors generated. Generate 0 editors...
    23:44:29.187 | 427 ool-1-worker-191 | DEBUG | d.t.c.a.a.c.u.util.UserUtilService   : 0 editors generated. Generate 1 instructors...
    23:44:29.190 | 427 ool-1-worker-191 | DEBUG | d.t.c.a.a.c.u.util.UserUtilService   : 1 instructors generated
    23:44:29.191 | 427 ool-1-worker-191 | DEBUG | d.t.c.a.a.c.u.util.UserUtilService   : Removing 4 users from all courses...
    23:44:29.192 | 427 ool-1-worker-191 | DEBUG | d.t.c.a.a.c.u.util.UserUtilService   : Removing 4 users from all courses. Done
    23:44:29.192 | 427 ool-1-worker-191 | DEBUG | d.t.c.a.a.c.u.util.UserUtilService   : Save 4 users to database...
    23:44:29.195 | 427 ool-1-worker-191 | DEBUG | d.t.c.a.a.c.u.util.UserUtilService   : Save 4 users to database. Done
    23:44:29.203 | 427 ool-1-worker-191 | INFO  | i.z.t.d.l.EmbeddedDatabaseReporter   : JDBC URL to connect to 'dataSource': url='jdbc:h2:tcp://localhost:41063/mem:f240edcd-27ce-47a3-b4ab-a6a00c154135;USER=sa', scope='ModelingExerciseIntegrationTest#testGetPlagiarismResult'
    23:44:29.208 | 427 ool-1-worker-191 | DEBUG | d.t.c.a.a.c.s.f.ApiVersionFilter     : Adding Version to Request GET /api/modeling-exercises/1587/plagiarism-result
    23:44:29.208 | 427 ool-1-worker-191 | DEBUG | t.c.a.a.m.w.ModelingExerciseResource : REST request to get the latest plagiarism result for the modeling exercise with id: 1587

  Starting logs for ModelingExerciseIntegrationTest > importModelingExerciseFromExamToCourse()
    23:44:29.234 | 427 ool-1-worker-191 | DEBUG | d.t.c.a.a.c.u.util.UserUtilService   : Generate 2 students...
    23:44:29.238 | 427 ool-1-worker-191 | DEBUG | d.t.c.a.a.c.u.util.UserUtilService   : 2 students generated. Generate 1 tutors...
    23:44:29.241 | 427 ool-1-worker-191 | DEBUG | d.t.c.a.a.c.u.util.UserUtilService   : 1 tutors generated. Generate 0 editors...
    23:44:29.243 | 427 ool-1-worker-191 | DEBUG | d.t.c.a.a.c.u.util.UserUtilService   : 0 editors generated. Generate 1 instructors...
    23:44:29.245 | 427 ool-1-worker-191 | DEBUG | d.t.c.a.a.c.u.util.UserUtilService   : 1 instructors generated
    23:44:29.247 | 427 ool-1-worker-191 | DEBUG | d.t.c.a.a.c.u.util.UserUtilService   : Removing 4 users from all courses...
    23:44:29.248 | 427 ool-1-worker-191 | DEBUG | d.t.c.a.a.c.u.util.UserUtilService   : Removing 4 users from all courses. Done
    23:44:29.248 | 427 ool-1-worker-191 | DEBUG | d.t.c.a.a.c.u.util.UserUtilService   : Save 4 users to database...
    23:44:29.251 | 427 ool-1-worker-191 | DEBUG | d.t.c.a.a.c.u.util.UserUtilService   : Save 4 users to database. Done
    23:44:29.259 | 427 ool-1-worker-191 | INFO  | i.z.t.d.l.EmbeddedDatabaseReporter   : JDBC URL to connect to 'dataSource': url='jdbc:h2:tcp://localhost:41063/mem:f240edcd-27ce-47a3-b4ab-a6a00c154135;USER=sa', scope='ModelingExerciseIntegrationTest#importModelingExerciseFromExamToCourse'
    23:44:29.265 | 427 ool-1-worker-191 | DEBUG | d.t.c.a.a.c.s.f.ApiVersionFilter     : Adding Version to Request POST /api/modeling-exercises/import/1589
    23:44:29.269 | 427 ool-1-worker-191 | DEBUG | .a.m.s.ModelingExerciseImportService : Creating a new Exercise based on exercise 1589
    23:44:29.269 | 427 ool-1-worker-191 | DEBUG | .a.m.s.ModelingExerciseImportService : Copying the exercise basis from ModelingExercise{id=1589, maxPoints='5.0', diagramType='ClassDiagram', exampleSolutionModel='This is my example solution model', exampleSolutionExplanation='This is my example solution model'}
    23:44:29.278 | 427 ool-1-worker-191 | DEBUG | .a.m.s.ModelingExerciseImportService : Copying the ExampleSubmissions to new Exercise: ModelingExercise{id=1590, maxPoints='5.0', diagramType='ClassDiagram', exampleSolutionModel='This is my example solution model', exampleSolutionExplanation='This is my example solution model'}
    23:44:29.284 | 427 ool-1-worker-191 | INFO  | .c.s.m.InstanceMessageReceiveService : Received schedule update for modeling exercise 1590

  Starting logs for ModelingExerciseIntegrationTest > createModelingExercise_setInvalidExampleSolutionPublicationDate_badRequest()
    23:44:29.303 | 427 ool-1-worker-191 | DEBUG | d.t.c.a.a.c.u.util.UserUtilService   : Generate 2 students...
    23:44:29.307 | 427 ool-1-worker-191 | DEBUG | d.t.c.a.a.c.u.util.UserUtilService   : 2 students generated. Generate 1 tutors...
    23:44:29.310 | 427 ool-1-worker-191 | DEBUG | d.t.c.a.a.c.u.util.UserUtilService   : 1 tutors generated. Generate 0 editors...
    23:44:29.312 | 427 ool-1-worker-191 | DEBUG | d.t.c.a.a.c.u.util.UserUtilService   : 0 editors generated. Generate 1 instructors...
    23:44:29.315 | 427 ool-1-worker-191 | DEBUG | d.t.c.a.a.c.u.util.UserUtilService   : 1 instructors generated
    23:44:29.316 | 427 ool-1-worker-191 | DEBUG | d.t.c.a.a.c.u.util.UserUtilService   : Removing 4 users from all courses...
    23:44:29.317 | 427 ool-1-worker-191 | DEBUG | d.t.c.a.a.c.u.util.UserUtilService   : Removing 4 users from all courses. Done
    23:44:29.317 | 427 ool-1-worker-191 | DEBUG | d.t.c.a.a.c.u.util.UserUtilService   : Save 4 users to database...
    23:44:29.321 | 427 ool-1-worker-191 | DEBUG | d.t.c.a.a.c.u.util.UserUtilService   : Save 4 users to database. Done
    23:44:29.328 | 427 ool-1-worker-191 | INFO  | i.z.t.d.l.EmbeddedDatabaseReporter   : JDBC URL to connect to 'dataSource': url='jdbc:h2:tcp://localhost:41063/mem:f240edcd-27ce-47a3-b4ab-a6a00c154135;USER=sa', scope='ModelingExerciseIntegrationTest#createModelingExercise_setInvalidExampleSolutionPublicationDate_badRequest'
    23:44:29.332 | 427 ool-1-worker-191 | DEBUG | d.t.c.a.a.c.s.f.ApiVersionFilter     : Adding Version to Request POST /api/modeling-exercises
    23:44:29.332 | 427 ool-1-worker-191 | DEBUG | t.c.a.a.m.w.ModelingExerciseResource : REST request to save ModelingExercise : ModelingExercise{id=null, maxPoints='5.0', diagramType='ClassDiagram', exampleSolutionModel='This is my example solution model', exampleSolutionExplanation='This is my example solution model'}
    23:44:29.333 | 427 ool-1-worker-191 | ERROR | tech.jhipster.web.util.HeaderUtil    : Entity processing failed, The exercise dates are not valid
    23:44:29.333 | 427 ool-1-worker-191 | WARN  | o.z.p.spring.common.AdviceTraits     : Bad Request: The exercise dates are not valid
    23:44:29.334 | 427 ool-1-worker-191 | DEBUG | d.t.c.a.a.c.s.f.ApiVersionFilter     : Adding Version to Request POST /api/modeling-exercises
    23:44:29.334 | 427 ool-1-worker-191 | DEBUG | t.c.a.a.m.w.ModelingExerciseResource : REST request to save ModelingExercise : ModelingExercise{id=null, maxPoints='5.0', diagramType='ClassDiagram', exampleSolutionModel='This is my example solution model', exampleSolutionExplanation='This is my example solution model'}
    23:44:29.334 | 427 ool-1-worker-191 | ERROR | tech.jhipster.web.util.HeaderUtil    : Entity processing failed, The exercise dates are not valid
    23:44:29.335 | 427 ool-1-worker-191 | WARN  | o.z.p.spring.common.AdviceTraits     : Bad Request: The exercise dates are not valid

  Starting logs for ModelingExerciseIntegrationTest > importModelingExerciseWithExampleSubmissionFromCourseToCourse()
    23:44:29.357 | 427 ool-1-worker-191 | DEBUG | d.t.c.a.a.c.u.util.UserUtilService   : Generate 2 students...
    23:44:29.364 | 427 ool-1-worker-191 | DEBUG | d.t.c.a.a.c.u.util.UserUtilService   : 2 students generated. Generate 1 tutors...
    23:44:29.367 | 427 ool-1-worker-191 | DEBUG | d.t.c.a.a.c.u.util.UserUtilService   : 1 tutors generated. Generate 0 editors...
    23:44:29.368 | 427 ool-1-worker-191 | DEBUG | d.t.c.a.a.c.u.util.UserUtilService   : 0 editors generated. Generate 1 instructors...
    23:44:29.371 | 427 ool-1-worker-191 | DEBUG | d.t.c.a.a.c.u.util.UserUtilService   : 1 instructors generated
    23:44:29.372 | 427 ool-1-worker-191 | DEBUG | d.t.c.a.a.c.u.util.UserUtilService   : Removing 4 users from all courses...
    23:44:29.373 | 427 ool-1-worker-191 | DEBUG | d.t.c.a.a.c.u.util.UserUtilService   : Removing 4 users from all courses. Done
    23:44:29.373 | 427 ool-1-worker-191 | DEBUG | d.t.c.a.a.c.u.util.UserUtilService   : Save 4 users to database...
    23:44:29.377 | 427 ool-1-worker-191 | DEBUG | d.t.c.a.a.c.u.util.UserUtilService   : Save 4 users to database. Done
    23:44:29.385 | 427 ool-1-worker-191 | INFO  | i.z.t.d.l.EmbeddedDatabaseReporter   : JDBC URL to connect to 'dataSource': url='jdbc:h2:tcp://localhost:41063/mem:f240edcd-27ce-47a3-b4ab-a6a00c154135;USER=sa', scope='ModelingExerciseIntegrationTest#importModelingExerciseWithExampleSubmissionFromCourseToCourse'
    23:44:29.402 | 427 ool-1-worker-191 | DEBUG | d.t.c.a.a.c.s.f.ApiVersionFilter     : Adding Version to Request POST /api/modeling-exercises/import/1594
    23:44:29.408 | 427 ool-1-worker-191 | DEBUG | .a.m.s.ModelingExerciseImportService : Creating a new Exercise based on exercise 1594
    23:44:29.408 | 427 ool-1-worker-191 | DEBUG | .a.m.s.ModelingExerciseImportService : Copying the exercise basis from ModelingExercise{id=1594, maxPoints='5.0', diagramType='ClassDiagram', exampleSolutionModel='This is my example solution model', exampleSolutionExplanation='This is my example solution model'}
    23:44:29.418 | 427 ool-1-worker-191 | DEBUG | .a.m.s.ModelingExerciseImportService : Copying the ExampleSubmissions to new Exercise: ModelingExercise{id=1595, maxPoints='5.0', diagramType='ClassDiagram', exampleSolutionModel='This is my example solution model', exampleSolutionExplanation='This is my example solution model'}
    23:44:29.418 | 427 ool-1-worker-191 | DEBUG | .a.m.s.ModelingExerciseImportService : Copying the Submission to new ExampleSubmission: ModelingSubmission{id=null}
    23:44:29.440 | 427 ool-1-worker-191 | INFO  | .c.s.m.InstanceMessageReceiveService : Received schedule update for modeling exercise 1595

  Starting logs for ModelingExerciseIntegrationTest > importModelingExerciseFromExamToExam()
    23:44:29.460 | 427 ool-1-worker-191 | DEBUG | d.t.c.a.a.c.u.util.UserUtilService   : Generate 2 students...
    23:44:29.463 | 427 ool-1-worker-191 | DEBUG | d.t.c.a.a.c.u.util.UserUtilService   : 2 students generated. Generate 1 tutors...
    23:44:29.465 | 427 ool-1-worker-191 | DEBUG | d.t.c.a.a.c.u.util.UserUtilService   : 1 tutors generated. Generate 0 editors...
    23:44:29.466 | 427 ool-1-worker-191 | DEBUG | d.t.c.a.a.c.u.util.UserUtilService   : 0 editors generated. Generate 1 instructors...
    23:44:29.469 | 427 ool-1-worker-191 | DEBUG | d.t.c.a.a.c.u.util.UserUtilService   : 1 instructors generated
    23:44:29.470 | 427 ool-1-worker-191 | DEBUG | d.t.c.a.a.c.u.util.UserUtilService   : Removing 4 users from all courses...
    23:44:29.470 | 427 ool-1-worker-191 | DEBUG | d.t.c.a.a.c.u.util.UserUtilService   : Removing 4 users from all courses. Done
    23:44:29.470 | 427 ool-1-worker-191 | DEBUG | d.t.c.a.a.c.u.util.UserUtilService   : Save 4 users to database...
    23:44:29.473 | 427 ool-1-worker-191 | DEBUG | d.t.c.a.a.c.u.util.UserUtilService   : Save 4 users to database. Done
    23:44:29.480 | 427 ool-1-worker-191 | INFO  | i.z.t.d.l.EmbeddedDatabaseReporter   : JDBC URL to connect to 'dataSource': url='jdbc:h2:tcp://localhost:41063/mem:f240edcd-27ce-47a3-b4ab-a6a00c154135;USER=sa', scope='ModelingExerciseIntegrationTest#importModelingExerciseFromExamToExam'
    23:44:29.486 | 427 ool-1-worker-191 | DEBUG | d.t.c.a.a.c.s.f.ApiVersionFilter     : Adding Version to Request POST /api/modeling-exercises/import/1597
    23:44:29.490 | 427 ool-1-worker-191 | DEBUG | .a.m.s.ModelingExerciseImportService : Creating a new Exercise based on exercise 1597
    23:44:29.490 | 427 ool-1-worker-191 | DEBUG | .a.m.s.ModelingExerciseImportService : Copying the exercise basis from ModelingExercise{id=1597, maxPoints='5.0', diagramType='ClassDiagram', exampleSolutionModel='This is my example solution model', exampleSolutionExplanation='This is my example solution model'}
    23:44:29.491 | 427 ool-1-worker-191 | DEBUG | .a.m.s.ModelingExerciseImportService : Copying the ExampleSubmissions to new Exercise: ModelingExercise{id=1598, maxPoints='5.0', diagramType='ClassDiagram', exampleSolutionModel='This is my example solution model', exampleSolutionExplanation='This is my example solution model'}
    23:44:29.497 | 427 ool-1-worker-191 | INFO  | .c.s.m.InstanceMessageReceiveService : Received schedule update for modeling exercise 1598

  Starting logs for ModelingExerciseIntegrationTest > testGetModelingExercise_asStudent_Forbidden()
    23:44:29.513 | 427 ool-1-worker-191 | DEBUG | d.t.c.a.a.c.u.util.UserUtilService   : Generate 2 students...
    23:44:29.518 | 427 ool-1-worker-191 | DEBUG | d.t.c.a.a.c.u.util.UserUtilService   : 2 students generated. Generate 1 tutors...
    23:44:29.526 | 427 ool-1-worker-191 | DEBUG | d.t.c.a.a.c.u.util.UserUtilService   : 1 tutors generated. Generate 0 editors...
    23:44:29.527 | 427 ool-1-worker-191 | DEBUG | d.t.c.a.a.c.u.util.UserUtilService   : 0 editors generated. Generate 1 instructors...
    23:44:29.538 | 427 ool-1-worker-191 | DEBUG | d.t.c.a.a.c.u.util.UserUtilService   : 1 instructors generated
    23:44:29.540 | 427 ool-1-worker-191 | DEBUG | d.t.c.a.a.c.u.util.UserUtilService   : Removing 4 users from all courses...
    23:44:29.545 | 427 ool-1-worker-191 | DEBUG | d.t.c.a.a.c.u.util.UserUtilService   : Removing 4 users from all courses. Done
    23:44:29.545 | 427 ool-1-worker-191 | DEBUG | d.t.c.a.a.c.u.util.UserUtilService   : Save 4 users to database...
    23:44:29.552 | 427 ool-1-worker-191 | DEBUG | d.t.c.a.a.c.u.util.UserUtilService   : Save 4 users to database. Done
    23:44:29.565 | 427 ool-1-worker-191 | INFO  | i.z.t.d.l.EmbeddedDatabaseReporter   : JDBC URL to connect to 'dataSource': url='jdbc:h2:tcp://localhost:41063/mem:f240edcd-27ce-47a3-b4ab-a6a00c154135;USER=sa', scope='ModelingExerciseIntegrationTest#testGetModelingExercise_asStudent_Forbidden'
    23:44:29.568 | 427 ool-1-worker-191 | DEBUG | d.t.c.a.a.c.s.f.ApiVersionFilter     : Adding Version to Request GET /api/modeling-exercises/1599
    23:44:29.570 | 427 ool-1-worker-191 | WARN  | o.z.p.spring.common.AdviceTraits     : Forbidden: Access Denied

  Starting logs for ModelingExerciseIntegrationTest > testUpdateModelingExercise_asInstructor()
    23:44:29.607 | 427 ool-1-worker-191 | DEBUG | d.t.c.a.a.c.u.util.UserUtilService   : Generate 2 students...
    23:44:29.616 | 427 ool-1-worker-191 | DEBUG | d.t.c.a.a.c.u.util.UserUtilService   : 2 students generated. Generate 1 tutors...
    23:44:29.622 | 427 ool-1-worker-191 | DEBUG | d.t.c.a.a.c.u.util.UserUtilService   : 1 tutors generated. Generate 0 editors...
    23:44:29.626 | 427 ool-1-worker-191 | DEBUG | d.t.c.a.a.c.u.util.UserUtilService   : 0 editors generated. Generate 1 instructors...
    23:44:29.632 | 427 ool-1-worker-191 | DEBUG | d.t.c.a.a.c.u.util.UserUtilService   : 1 instructors generated
    23:44:29.634 | 427 ool-1-worker-191 | DEBUG | d.t.c.a.a.c.u.util.UserUtilService   : Removing 4 users from all courses...
    23:44:29.635 | 427 ool-1-worker-191 | DEBUG | d.t.c.a.a.c.u.util.UserUtilService   : Removing 4 users from all courses. Done
    23:44:29.635 | 427 ool-1-worker-191 | DEBUG | d.t.c.a.a.c.u.util.UserUtilService   : Save 4 users to database...
    23:44:29.645 | 427 ool-1-worker-191 | DEBUG | d.t.c.a.a.c.u.util.UserUtilService   : Save 4 users to database. Done
    23:44:29.653 | 427 ool-1-worker-191 | INFO  | i.z.t.d.l.EmbeddedDatabaseReporter   : JDBC URL to connect to 'dataSource': url='jdbc:h2:tcp://localhost:41063/mem:f240edcd-27ce-47a3-b4ab-a6a00c154135;USER=sa', scope='ModelingExerciseIntegrationTest#testUpdateModelingExercise_asInstructor'
    23:44:29.659 | 427 ool-1-worker-191 | INFO  | .c.a.a.c.s.TitleCacheEvictionService : Evicted entry '608' from title cache 'courseTitle'
    23:44:29.661 | 427 ool-1-worker-191 | DEBUG | d.t.c.a.a.c.s.f.ApiVersionFilter     : Adding Version to Request POST /api/modeling-exercises
    23:44:29.661 | 427 ool-1-worker-191 | DEBUG | t.c.a.a.m.w.ModelingExerciseResource : REST request to save ModelingExercise : ModelingExercise{id=null, maxPoints='5.0', diagramType='ClassDiagram', exampleSolutionModel='This is my example solution model', exampleSolutionExplanation='This is my example solution model'}
    23:44:29.675 | 427 ool-1-worker-191 | INFO  | .c.s.m.InstanceMessageReceiveService : Received schedule update for modeling exercise 1601
    23:44:29.679 | 427 ool-1-worker-191 | DEBUG | d.t.c.a.a.c.s.f.ApiVersionFilter     : Adding Version to Request PUT /api/modeling-exercises
    23:44:29.680 | 427 ool-1-worker-191 | DEBUG | t.c.a.a.m.w.ModelingExerciseResource : REST request to update ModelingExercise : ModelingExercise{id=1601, maxPoints='5.0', diagramType='ClassDiagram', exampleSolutionModel='This is my example solution model', exampleSolutionExplanation='This is my example solution model'}
    23:44:29.705 | 588 artemis-task-1   | INFO  | .c.s.m.InstanceMessageReceiveService : Received schedule update for assessed exercise submitted 1601 notification 
    23:44:29.705 | 588 artemis-task-1   | DEBUG | t.c.a.a.e.s.ExerciseLifecycleService : Scheduled Task for Exercise "2352a88a-43d3-443f-b256-21091553f27e" (#1601) to trigger on ASSESSMENT_DUE.
    23:44:29.705 | 588 artemis-task-1   | DEBUG | .a.a.c.s.NotificationScheduleService : Scheduled notify about assessed exercise submission after assessment due date for exercise '2352a88a-43d3-443f-b256-21091553f27e' (#1601) at 2025-02-22T23:44:29.653210Z.
    23:44:29.706 | 588 artemis-task-1   | DEBUG | .a.a.a.s.c.CompetencyProgressService : Updating competency progress for 0 users.
    23:44:29.713 | 427 ool-1-worker-191 | INFO  | d.t.c.a.a.e.service.ExerciseService  : User modelingexerciseintegrationinstructor1 has updated ModelingExercise 2352a88a-43d3-443f-b256-21091553f27e with id 1601
    23:44:29.713 | 427 ool-1-worker-191 | INFO  | .c.s.m.InstanceMessageReceiveService : Received schedule update for modeling exercise 1601
    23:44:29.713 | 427 ool-1-worker-191 | DEBUG | d.t.c.a.a.c.service.ScheduleService  : Cancelling scheduled task ASSESSMENT_DUE for Exercise (#1601).
    23:44:29.721 | 427 ool-1-worker-191 | INFO  | .c.s.m.InstanceMessageReceiveService : Received schedule update for assessed exercise submitted 1601 notification 
    23:44:29.721 | 427 ool-1-worker-191 | DEBUG | t.c.a.a.e.s.ExerciseLifecycleService : Scheduled Task for Exercise "2352a88a-43d3-443f-b256-21091553f27e" (#1601) to trigger on ASSESSMENT_DUE.
    23:44:29.721 | 427 ool-1-worker-191 | DEBUG | .a.a.c.s.NotificationScheduleService : Scheduled notify about assessed exercise submission after assessment due date for exercise '2352a88a-43d3-443f-b256-21091553f27e' (#1601) at 2025-02-22T23:44:29.653210Z.
    23:44:29.722 | 588 artemis-task-1   | DEBUG | .a.a.a.s.c.CompetencyProgressService : Updating competency progress for 0 users.

  Starting logs for ModelingExerciseIntegrationTest > testCourseAndExamFiltersAsAdmin()
    23:44:29.764 | 427 ool-1-worker-191 | DEBUG | d.t.c.a.a.c.u.util.UserUtilService   : Generate 2 students...
    23:44:29.775 | 427 ool-1-worker-191 | DEBUG | d.t.c.a.a.c.u.util.UserUtilService   : 2 students generated. Generate 1 tutors...
    23:44:29.779 | 427 ool-1-worker-191 | DEBUG | d.t.c.a.a.c.u.util.UserUtilService   : 1 tutors generated. Generate 0 editors...
    23:44:29.781 | 427 ool-1-worker-191 | DEBUG | d.t.c.a.a.c.u.util.UserUtilService   : 0 editors generated. Generate 1 instructors...
    23:44:29.785 | 427 ool-1-worker-191 | DEBUG | d.t.c.a.a.c.u.util.UserUtilService   : 1 instructors generated
    23:44:29.786 | 427 ool-1-worker-191 | DEBUG | d.t.c.a.a.c.u.util.UserUtilService   : Removing 4 users from all courses...
    23:44:29.787 | 427 ool-1-worker-191 | DEBUG | d.t.c.a.a.c.u.util.UserUtilService   : Removing 4 users from all courses. Done
    23:44:29.787 | 427 ool-1-worker-191 | DEBUG | d.t.c.a.a.c.u.util.UserUtilService   : Save 4 users to database...
    23:44:29.790 | 427 ool-1-worker-191 | DEBUG | d.t.c.a.a.c.u.util.UserUtilService   : Save 4 users to database. Done
    23:44:29.797 | 427 ool-1-worker-191 | INFO  | i.z.t.d.l.EmbeddedDatabaseReporter   : JDBC URL to connect to 'dataSource': url='jdbc:h2:tcp://localhost:41063/mem:f240edcd-27ce-47a3-b4ab-a6a00c154135;USER=sa', scope='ModelingExerciseIntegrationTest#testCourseAndExamFiltersAsAdmin'
    23:44:29.804 | 427 ool-1-worker-191 | DEBUG | d.t.c.a.a.c.s.f.ApiVersionFilter     : Adding Version to Request GET /api/modeling-exercises
    23:44:29.816 | 427 ool-1-worker-191 | DEBUG | d.t.c.a.a.c.s.f.ApiVersionFilter     : Adding Version to Request GET /api/modeling-exercises
    23:44:29.827 | 427 ool-1-worker-191 | DEBUG | d.t.c.a.a.c.s.f.ApiVersionFilter     : Adding Version to Request GET /api/modeling-exercises
    23:44:29.830 | 427 ool-1-worker-191 | DEBUG | d.t.c.a.a.c.s.f.ApiVersionFilter     : Adding Version to Request GET /api/modeling-exercises
    23:44:29.849 | 427 ool-1-worker-191 | DEBUG | d.t.c.a.a.c.s.f.ApiVersionFilter     : Adding Version to Request GET /api/modeling-exercises
    23:44:29.862 | 427 ool-1-worker-191 | DEBUG | d.t.c.a.a.c.s.f.ApiVersionFilter     : Adding Version to Request GET /api/modeling-exercises
    23:44:29.885 | 427 ool-1-worker-191 | DEBUG | d.t.c.a.a.c.s.f.ApiVersionFilter     : Adding Version to Request GET /api/modeling-exercises
    23:44:29.958 | 427 ool-1-worker-191 | DEBUG | d.t.c.a.a.c.s.f.ApiVersionFilter     : Adding Version to Request GET /api/modeling-exercises
    23:44:29.971 | 427 ool-1-worker-191 | DEBUG | d.t.c.a.a.c.s.f.ApiVersionFilter     : Adding Version to Request GET /api/modeling-exercises
    23:44:29.984 | 427 ool-1-worker-191 | DEBUG | d.t.c.a.a.c.s.f.ApiVersionFilter     : Adding Version to Request GET /api/modeling-exercises
    23:44:29.993 | 427 ool-1-worker-191 | DEBUG | d.t.c.a.a.c.s.f.ApiVersionFilter     : Adding Version to Request GET /api/modeling-exercises
    23:44:30.001 | 427 ool-1-worker-191 | DEBUG | d.t.c.a.a.c.s.f.ApiVersionFilter     : Adding Version to Request GET /api/modeling-exercises
    23:44:30.019 | 427 ool-1-worker-191 | DEBUG | d.t.c.a.a.c.s.f.ApiVersionFilter     : Adding Version to Request GET /api/modeling-exercises

  Starting logs for ModelingExerciseIntegrationTest > testGetPlagiarismResultWithoutResult()
    23:44:30.087 | 427 ool-1-worker-191 | DEBUG | d.t.c.a.a.c.u.util.UserUtilService   : Generate 2 students...
    23:44:30.091 | 427 ool-1-worker-191 | DEBUG | d.t.c.a.a.c.u.util.UserUtilService   : 2 students generated. Generate 1 tutors...
    23:44:30.094 | 427 ool-1-worker-191 | DEBUG | d.t.c.a.a.c.u.util.UserUtilService   : 1 tutors generated. Generate 0 editors...
    23:44:30.095 | 427 ool-1-worker-191 | DEBUG | d.t.c.a.a.c.u.util.UserUtilService   : 0 editors generated. Generate 1 instructors...
    23:44:30.098 | 427 ool-1-worker-191 | DEBUG | d.t.c.a.a.c.u.util.UserUtilService   : 1 instructors generated
    23:44:30.099 | 427 ool-1-worker-191 | DEBUG | d.t.c.a.a.c.u.util.UserUtilService   : Removing 4 users from all courses...
    23:44:30.100 | 427 ool-1-worker-191 | DEBUG | d.t.c.a.a.c.u.util.UserUtilService   : Removing 4 users from all courses. Done
    23:44:30.100 | 427 ool-1-worker-191 | DEBUG | d.t.c.a.a.c.u.util.UserUtilService   : Save 4 users to database...
    23:44:30.104 | 427 ool-1-worker-191 | DEBUG | d.t.c.a.a.c.u.util.UserUtilService   : Save 4 users to database. Done
    23:44:30.112 | 427 ool-1-worker-191 | INFO  | i.z.t.d.l.EmbeddedDatabaseReporter   : JDBC URL to connect to 'dataSource': url='jdbc:h2:tcp://localhost:41063/mem:f240edcd-27ce-47a3-b4ab-a6a00c154135;USER=sa', scope='ModelingExerciseIntegrationTest#testGetPlagiarismResultWithoutResult'
    23:44:30.116 | 427 ool-1-worker-191 | DEBUG | d.t.c.a.a.c.s.f.ApiVersionFilter     : Adding Version to Request GET /api/modeling-exercises/1606/plagiarism-result
    23:44:30.117 | 427 ool-1-worker-191 | DEBUG | t.c.a.a.m.w.ModelingExerciseResource : REST request to get the latest plagiarism result for the modeling exercise with id: 1606

  Starting logs for ModelingExerciseIntegrationTest > createModelingExercise_setCourseAndExerciseGroup_badRequest()
    23:44:30.141 | 427 ool-1-worker-191 | DEBUG | d.t.c.a.a.c.u.util.UserUtilService   : Generate 2 students...
    23:44:30.145 | 427 ool-1-worker-191 | DEBUG | d.t.c.a.a.c.u.util.UserUtilService   : 2 students generated. Generate 1 tutors...
    23:44:30.148 | 427 ool-1-worker-191 | DEBUG | d.t.c.a.a.c.u.util.UserUtilService   : 1 tutors generated. Generate 0 editors...
    23:44:30.149 | 427 ool-1-worker-191 | DEBUG | d.t.c.a.a.c.u.util.UserUtilService   : 0 editors generated. Generate 1 instructors...
    23:44:30.152 | 427 ool-1-worker-191 | DEBUG | d.t.c.a.a.c.u.util.UserUtilService   : 1 instructors generated
    23:44:30.153 | 427 ool-1-worker-191 | DEBUG | d.t.c.a.a.c.u.util.UserUtilService   : Removing 4 users from all courses...
    23:44:30.154 | 427 ool-1-worker-191 | DEBUG | d.t.c.a.a.c.u.util.UserUtilService   : Removing 4 users from all courses. Done
    23:44:30.154 | 427 ool-1-worker-191 | DEBUG | d.t.c.a.a.c.u.util.UserUtilService   : Save 4 users to database...
    23:44:30.157 | 427 ool-1-worker-191 | DEBUG | d.t.c.a.a.c.u.util.UserUtilService   : Save 4 users to database. Done
    23:44:30.166 | 427 ool-1-worker-191 | INFO  | i.z.t.d.l.EmbeddedDatabaseReporter   : JDBC URL to connect to 'dataSource': url='jdbc:h2:tcp://localhost:41063/mem:f240edcd-27ce-47a3-b4ab-a6a00c154135;USER=sa', scope='ModelingExerciseIntegrationTest#createModelingExercise_setCourseAndExerciseGroup_badRequest'
    23:44:30.170 | 427 ool-1-worker-191 | DEBUG | d.t.c.a.a.c.s.f.ApiVersionFilter     : Adding Version to Request POST /api/modeling-exercises
    23:44:30.171 | 427 ool-1-worker-191 | DEBUG | t.c.a.a.m.w.ModelingExerciseResource : REST request to save ModelingExercise : ModelingExercise{id=null, maxPoints='5.0', diagramType='ClassDiagram', exampleSolutionModel='This is my example solution model', exampleSolutionExplanation='This is my example solution model'}
    23:44:30.171 | 427 ool-1-worker-191 | ERROR | tech.jhipster.web.util.HeaderUtil    : Entity processing failed, An exercise must have either a course or an exerciseGroup
    23:44:30.172 | 427 ool-1-worker-191 | WARN  | o.z.p.spring.common.AdviceTraits     : Bad Request: An exercise must have either a course or an exerciseGroup

Finished logs for ModelingExerciseIntegrationTest
]]></system-out>
  <system-err><![CDATA[]]></system-err>
</testsuite>
