<?xml version="1.0" encoding="UTF-8"?>
<testsuite name="de.tum.cit.aet.artemis.programming.icl.LocalVCIntegrationTest" tests="13" skipped="0" failures="0" errors="0" timestamp="2025-02-14T23:45:07" hostname="fv-az1721-502" time="6.96">
  <properties/>
  <testcase name="testStudentTriesToForcePush()" classname="de.tum.cit.aet.artemis.programming.icl.LocalVCIntegrationTest" time="1.003"/>
  <testcase name="testFetchPush_programmingExerciseDoesNotExist()" classname="de.tum.cit.aet.artemis.programming.icl.LocalVCIntegrationTest" time="0.408"/>
  <testcase name="testFetchPush_repositoryDoesNotExist()" classname="de.tum.cit.aet.artemis.programming.icl.LocalVCIntegrationTest" time="0.371"/>
  <testcase name="testFetchPush_wrongCredentials()" classname="de.tum.cit.aet.artemis.programming.icl.LocalVCIntegrationTest" time="0.408"/>
  <testcase name="testFetchPush_offlineIDENotAllowed()" classname="de.tum.cit.aet.artemis.programming.icl.LocalVCIntegrationTest" time="0.324"/>
  <testcase name="testRepositoryFolderName()" classname="de.tum.cit.aet.artemis.programming.icl.LocalVCIntegrationTest" time="0.209"/>
  <testcase name="testUserCreatesNewBranch()" classname="de.tum.cit.aet.artemis.programming.icl.LocalVCIntegrationTest" time="0.317"/>
  <testcase name="testFetchPush_templateRepository_noParticipation()" classname="de.tum.cit.aet.artemis.programming.icl.LocalVCIntegrationTest" time="0.338"/>
  <testcase name="testUserTriesToDeleteBranch()" classname="de.tum.cit.aet.artemis.programming.icl.LocalVCIntegrationTest" time="0.279"/>
  <testcase name="testInstructorTriesToForcePushOverHttp()" classname="de.tum.cit.aet.artemis.programming.icl.LocalVCIntegrationTest" time="2.263"/>
  <testcase name="testFetchPush_solutionRepository_noParticipation()" classname="de.tum.cit.aet.artemis.programming.icl.LocalVCIntegrationTest" time="0.264"/>
  <testcase name="testFetchPush_assignmentRepository_student_noParticipation()" classname="de.tum.cit.aet.artemis.programming.icl.LocalVCIntegrationTest" time="0.255"/>
  <testcase name="testFetchPush_usingVcsAccessToken()" classname="de.tum.cit.aet.artemis.programming.icl.LocalVCIntegrationTest" time="0.476"/>
  <system-out><![CDATA[
Starting logs for LocalVCIntegrationTest

  Starting logs for LocalVCIntegrationTest > testStudentTriesToForcePush()
    23:45:07.294 | 476 ool-1-worker-240 | DEBUG | d.t.c.a.a.c.u.util.UserUtilService   : Generate 2 students...
    23:45:07.299 | 476 ool-1-worker-240 | DEBUG | d.t.c.a.a.c.u.util.UserUtilService   : 2 students generated. Generate 1 tutors...
    23:45:07.303 | 476 ool-1-worker-240 | DEBUG | d.t.c.a.a.c.u.util.UserUtilService   : 1 tutors generated. Generate 0 editors...
    23:45:07.306 | 476 ool-1-worker-240 | DEBUG | d.t.c.a.a.c.u.util.UserUtilService   : 0 editors generated. Generate 2 instructors...
    23:45:07.310 | 476 ool-1-worker-240 | DEBUG | d.t.c.a.a.c.u.util.UserUtilService   : 2 instructors generated
    23:45:07.314 | 476 ool-1-worker-240 | DEBUG | d.t.c.a.a.c.u.util.UserUtilService   : Removing 2 users from all courses...
    23:45:07.315 | 476 ool-1-worker-240 | DEBUG | d.t.c.a.a.c.u.util.UserUtilService   : Removing 2 users from all courses. Done
    23:45:07.315 | 476 ool-1-worker-240 | DEBUG | d.t.c.a.a.c.u.util.UserUtilService   : Save 5 users to database...
    23:45:07.319 | 476 ool-1-worker-240 | DEBUG | d.t.c.a.a.c.u.util.UserUtilService   : Save 5 users to database. Done
    23:45:07.488 | 476 ool-1-worker-240 | INFO  | i.z.t.d.l.EmbeddedDatabaseReporter   : JDBC URL to connect to 'dataSource': url='jdbc:h2:tcp://localhost:41063/mem:f240edcd-27ce-47a3-b4ab-a6a00c154135;USER=sa', scope='LocalVCIntegrationTest#testStudentTriesToForcePush'
    23:45:07.496 | 476 ool-1-worker-240 | DEBUG | PersonalAccessTokenManagementService : Generate secure vcs access token
    23:45:07.498 | 476 ool-1-worker-240 | DEBUG | .c.a.a.p.i.LocalVCLocalCITestService : Created participation with id: 1914
    23:45:07.765 | 602 nio-49152-exec-1 | DEBUG | d.t.c.a.a.c.s.f.ApiVersionFilter     : Adding Version to Request GET /git/SHORT5F02A8F400311042E70858306EB148073CFDTSTEXC/short5f02a8f400311042e70858306eb148073cfdtstexc-localvcintstudent1.git/info/refs
    23:45:07.772 | 602 nio-49152-exec-1 | DEBUG | d.t.c.a.a.p.s.l.LocalVCFetchFilter   : Filter 'de.tum.cit.aet.artemis.programming.service.localvc.LocalVCFetchFilter' configured for use
    23:45:07.773 | 602 nio-49152-exec-1 | DEBUG | d.t.c.a.a.p.s.l.LocalVCPushFilter    : Filter 'de.tum.cit.aet.artemis.programming.service.localvc.LocalVCPushFilter' configured for use
    23:45:07.792 | 602 nio-49152-exec-1 | DEBUG | .t.c.a.a.p.s.l.LocalVCServletService : Path to resolve repository from: /tmp/SHORT5F02A8F400311042E70858306EB148073CFDTSTEXC/short5f02a8f400311042e70858306eb148073cfdtstexc-localvcintstudent1.git
    23:45:07.792 | 602 nio-49152-exec-1 | DEBUG | .t.c.a.a.p.s.l.LocalVCServletService : Opening local repository SHORT5F02A8F400311042E70858306EB148073CFDTSTEXC/short5f02a8f400311042e70858306eb148073cfdtstexc-localvcintstudent1.git
    23:45:07.792 | 602 nio-49152-exec-1 | DEBUG | .t.c.a.a.p.s.l.LocalVCServletService : Resolving repository for repository SHORT5F02A8F400311042E70858306EB148073CFDTSTEXC/short5f02a8f400311042e70858306eb148073cfdtstexc-localvcintstudent1.git took 850µs
    23:45:07.795 | 602 nio-49152-exec-1 | DEBUG | d.t.c.a.a.p.s.l.LocalVCFetchFilter   : Trying to fetch repository /git/SHORT5F02A8F400311042E70858306EB148073CFDTSTEXC/short5f02a8f400311042e70858306eb148073cfdtstexc-localvcintstudent1.git/info/refs
    23:45:07.807 | 602 nio-49152-exec-1 | DEBUG | t.c.a.a.c.s.DomainUserDetailsService : Authenticating localvcintstudent1
    23:45:07.826 | 602 nio-49152-exec-1 | DEBUG | .t.c.a.a.p.s.l.LocalVCServletService : Authorizing user localvcintstudent1 for repository http://localhost:49152/git/SHORT5F02A8F400311042E70858306EB148073CFDTSTEXC/short5f02a8f400311042e70858306eb148073cfdtstexc-localvcintstudent1.git took 31.46ms
    23:45:07.827 | 588 artemis-task-1   | DEBUG | d.t.c.a.a.p.s.l.VcsAccessLogService  : Storing access operation for user User{login='localvcintstudent1', firstName='localvcintstudent1First', lastName='localvcintstudent1Last', email='localvcintstudent1@test.de', imageUrl='null', activated='true', langKey='en', activationKey='null'}
    23:45:07.862 | 603 nio-49152-exec-2 | DEBUG | d.t.c.a.a.c.s.f.ApiVersionFilter     : Adding Version to Request POST /git/SHORT5F02A8F400311042E70858306EB148073CFDTSTEXC/short5f02a8f400311042e70858306eb148073cfdtstexc-localvcintstudent1.git/git-upload-pack
    23:45:07.862 | 603 nio-49152-exec-2 | DEBUG | .t.c.a.a.p.s.l.LocalVCServletService : Path to resolve repository from: /tmp/SHORT5F02A8F400311042E70858306EB148073CFDTSTEXC/short5f02a8f400311042e70858306eb148073cfdtstexc-localvcintstudent1.git
    23:45:07.862 | 603 nio-49152-exec-2 | DEBUG | .t.c.a.a.p.s.l.LocalVCServletService : Retrieving cached local repository SHORT5F02A8F400311042E70858306EB148073CFDTSTEXC/short5f02a8f400311042e70858306eb148073cfdtstexc-localvcintstudent1.git
    23:45:07.862 | 603 nio-49152-exec-2 | DEBUG | .t.c.a.a.p.s.l.LocalVCServletService : Resolving repository for repository SHORT5F02A8F400311042E70858306EB148073CFDTSTEXC/short5f02a8f400311042e70858306eb148073cfdtstexc-localvcintstudent1.git took 32µs
    23:45:07.862 | 603 nio-49152-exec-2 | DEBUG | d.t.c.a.a.p.s.l.LocalVCFetchFilter   : Trying to fetch repository /git/SHORT5F02A8F400311042E70858306EB148073CFDTSTEXC/short5f02a8f400311042e70858306eb148073cfdtstexc-localvcintstudent1.git/git-upload-pack
    23:45:07.912 | 604 nio-49152-exec-3 | DEBUG | d.t.c.a.a.c.s.f.ApiVersionFilter     : Adding Version to Request GET /git/SHORT5F02A8F400311042E70858306EB148073CFDTSTEXC/short5f02a8f400311042e70858306eb148073cfdtstexc-localvcintstudent1.git/info/refs
    23:45:07.912 | 604 nio-49152-exec-3 | DEBUG | .t.c.a.a.p.s.l.LocalVCServletService : Path to resolve repository from: /tmp/SHORT5F02A8F400311042E70858306EB148073CFDTSTEXC/short5f02a8f400311042e70858306eb148073cfdtstexc-localvcintstudent1.git
    23:45:07.912 | 604 nio-49152-exec-3 | DEBUG | .t.c.a.a.p.s.l.LocalVCServletService : Retrieving cached local repository SHORT5F02A8F400311042E70858306EB148073CFDTSTEXC/short5f02a8f400311042e70858306eb148073cfdtstexc-localvcintstudent1.git
    23:45:07.912 | 604 nio-49152-exec-3 | DEBUG | .t.c.a.a.p.s.l.LocalVCServletService : Resolving repository for repository SHORT5F02A8F400311042E70858306EB148073CFDTSTEXC/short5f02a8f400311042e70858306eb148073cfdtstexc-localvcintstudent1.git took 39µs
    23:45:07.921 | 604 nio-49152-exec-3 | DEBUG | d.t.c.a.a.p.s.l.LocalVCPushFilter    : Trying to push to repository /git/SHORT5F02A8F400311042E70858306EB148073CFDTSTEXC/short5f02a8f400311042e70858306eb148073cfdtstexc-localvcintstudent1.git/info/refs
    23:45:07.934 | 604 nio-49152-exec-3 | DEBUG | t.c.a.a.c.s.DomainUserDetailsService : Authenticating localvcintstudent1
    23:45:07.966 | 588 artemis-task-1   | DEBUG | d.t.c.a.a.p.s.l.VcsAccessLogService  : Storing access operation for user User{login='localvcintstudent1', firstName='localvcintstudent1First', lastName='localvcintstudent1Last', email='localvcintstudent1@test.de', imageUrl='null', activated='true', langKey='en', activationKey='null'}
    23:45:07.966 | 604 nio-49152-exec-3 | DEBUG | .t.c.a.a.p.s.l.LocalVCServletService : Authorizing user localvcintstudent1 for repository http://localhost:49152/git/SHORT5F02A8F400311042E70858306EB148073CFDTSTEXC/short5f02a8f400311042e70858306eb148073cfdtstexc-localvcintstudent1.git took 45.44ms
    23:45:07.985 | 605 nio-49152-exec-4 | DEBUG | d.t.c.a.a.c.s.f.ApiVersionFilter     : Adding Version to Request POST /git/SHORT5F02A8F400311042E70858306EB148073CFDTSTEXC/short5f02a8f400311042e70858306eb148073cfdtstexc-localvcintstudent1.git/git-receive-pack
    23:45:07.985 | 605 nio-49152-exec-4 | DEBUG | .t.c.a.a.p.s.l.LocalVCServletService : Path to resolve repository from: /tmp/SHORT5F02A8F400311042E70858306EB148073CFDTSTEXC/short5f02a8f400311042e70858306eb148073cfdtstexc-localvcintstudent1.git
    23:45:07.985 | 605 nio-49152-exec-4 | DEBUG | .t.c.a.a.p.s.l.LocalVCServletService : Retrieving cached local repository SHORT5F02A8F400311042E70858306EB148073CFDTSTEXC/short5f02a8f400311042e70858306eb148073cfdtstexc-localvcintstudent1.git
    23:45:07.985 | 605 nio-49152-exec-4 | DEBUG | .t.c.a.a.p.s.l.LocalVCServletService : Resolving repository for repository SHORT5F02A8F400311042E70858306EB148073CFDTSTEXC/short5f02a8f400311042e70858306eb148073cfdtstexc-localvcintstudent1.git took 35µs
    23:45:07.986 | 605 nio-49152-exec-4 | DEBUG | d.t.c.a.a.p.s.l.LocalVCPushFilter    : Trying to push to repository /git/SHORT5F02A8F400311042E70858306EB148073CFDTSTEXC/short5f02a8f400311042e70858306eb148073cfdtstexc-localvcintstudent1.git/git-receive-pack
    23:45:08.016 | 605 nio-49152-exec-4 | INFO  | a.a.p.s.ProgrammingSubmissionService : NotifyPush invoked due to the commit 6e7146cac5059504aa9d170ec3fa23aec740bb51 by runner with runner@fv-az1721-502.3f4brhnmpvfezfvsf01bsr3jih.cx.internal.cloudapp.net in branch main
    23:45:08.016 | 605 nio-49152-exec-4 | INFO  | .t.c.a.a.p.s.l.LocalCITriggerService : Triggering build for participation 1914 and commit hash 6e7146cac5059504aa9d170ec3fa23aec740bb51
    23:45:08.016 | 605 nio-49152-exec-4 | DEBUG | d.t.c.a.a.p.s.AbstractGitService     : getLastCommitHash http://localhost:49152/git/SHORT5F02A8F400311042E70858306EB148073CFDTSTEXC/short5f02a8f400311042e70858306eb148073cfdtstexc-localvcintstudent1.git
    23:45:08.016 | 605 nio-49152-exec-4 | ERROR | d.t.c.a.a.p.s.AbstractGitService     : Cannot use ssh properly because of mismatch of Jgit transport object: org.eclipse.jgit.transport.TransportLocal@6bdd8646
    23:45:08.022 | 605 nio-49152-exec-4 | DEBUG | d.t.c.a.a.p.s.AbstractGitService     : getLastCommitHash http://localhost:49152/git/SHORT5F02A8F400311042E70858306EB148073CFDTSTEXC/short5f02a8f400311042e70858306eb148073cfdtstexc-tests.git
    23:45:08.022 | 605 nio-49152-exec-4 | ERROR | d.t.c.a.a.p.s.AbstractGitService     : Cannot use ssh properly because of mismatch of Jgit transport object: org.eclipse.jgit.transport.TransportLocal@69e60759
    23:45:08.039 | 566 localvc.event-13 | DEBUG | a.a.b.s.SharedQueueProcessingService : CIBuildJobQueueItem added to queue: BuildJobQueueItem[id=19141739576708030, name=SHORT5F02A8F400311042E70858306EB148073CFDTSTEXC-LOCALVCINTSTUDENT1, buildAgent=BuildAgentDTO[name=null, memberAddress=null, displayName=null], participationId=1914, courseId=947, exerciseId=2564, retryCount=0, priority=2, status=null, repositoryInfo=RepositoryInfo[repositoryName=short5f02a8f400311042e70858306eb148073cfdtstexc-localvcintstudent1, repositoryType=user, triggeredByPushTo=user, assignmentRepositoryUri=http://localhost:49152/git/SHORT5F02A8F400311042E70858306EB148073CFDTSTEXC/short5f02a8f400311042e70858306eb148073cfdtstexc-localvcintstudent1.git, testRepositoryUri=http://localhost:49152/git/SHORT5F02A8F400311042E70858306EB148073CFDTSTEXC/short5f02a8f400311042e70858306eb148073cfdtstexc-tests.git, solutionRepositoryUri=null, auxiliaryRepositoryUris=[Ljava.lang.String;@54b385bd, auxiliaryRepositoryCheckoutDirectories=[Ljava.lang.String;@1055942a], jobTimingInfo=JobTimingInfo[submissionDate=2025-02-14T23:45:08.030118216Z[Etc/UTC], buildStartDate=null, buildCompletionDate=null, estimatedCompletionDate=null, estimatedDuration=19], buildConfig=BuildConfig[buildScript=#!/bin/bash
cd /var/tmp/testing-dir
chmod +x ./gradlew
./gradlew clean test
, dockerImage=dummy-docker-image:latest, commitHashToBuild=6e7146cac5059504aa9d170ec3fa23aec740bb51, assignmentCommitHash=6e7146cac5059504aa9d170ec3fa23aec740bb51, testCommitHash=931e5303581c7a2f01339ba603cfafbfe668b901, branch=main, programmingLanguage=JAVA, projectType=PLAIN_GRADLE, scaEnabled=false, sequentialTestRunsEnabled=false, resultPaths=[/var/tmp/testing-dir/**/test-results/test/*.xml], timeoutSeconds=0, assignmentCheckoutPath=null, testCheckoutPath=null, solutionCheckoutPath=null, dockerRunConfig=null], submissionResult=null]
    23:45:08.040 | 566 localvc.event-13 | DEBUG | a.a.b.s.SharedQueueProcessingService : Current queued items: 1
    23:45:08.040 | 566 localvc.event-13 | DEBUG | a.a.b.s.SharedQueueProcessingService : Currently processing jobs on this node: 0, active threads in Pool: 0, maximum pool size of thread executor : 1
    23:45:08.040 | 566 localvc.event-13 | DEBUG | a.a.b.s.SharedQueueProcessingService : Currently processing jobs on this node: 0, active threads in Pool: 0, maximum pool size of thread executor : 1
    23:45:08.043 | 567 localvc.event-14 | DEBUG | a.p.s.l.LocalCIQueueWebsocketService : CIBuildJobQueueItem added to processing jobs: BuildJobQueueItem[id=19141739576708030, name=SHORT5F02A8F400311042E70858306EB148073CFDTSTEXC-LOCALVCINTSTUDENT1, buildAgent=BuildAgentDTO[name=artemis-build-agent-test, memberAddress=[127.0.0.1]:5703, displayName=artemis-build-agent-test], participationId=1914, courseId=947, exerciseId=2564, retryCount=0, priority=2, status=null, repositoryInfo=RepositoryInfo[repositoryName=short5f02a8f400311042e70858306eb148073cfdtstexc-localvcintstudent1, repositoryType=user, triggeredByPushTo=user, assignmentRepositoryUri=http://localhost:49152/git/SHORT5F02A8F400311042E70858306EB148073CFDTSTEXC/short5f02a8f400311042e70858306eb148073cfdtstexc-localvcintstudent1.git, testRepositoryUri=http://localhost:49152/git/SHORT5F02A8F400311042E70858306EB148073CFDTSTEXC/short5f02a8f400311042e70858306eb148073cfdtstexc-tests.git, solutionRepositoryUri=null, auxiliaryRepositoryUris=[Ljava.lang.String;@2e9929b9, auxiliaryRepositoryCheckoutDirectories=[Ljava.lang.String;@4337e694], jobTimingInfo=JobTimingInfo[submissionDate=2025-02-14T23:45:08.030118216Z[Etc/UTC], buildStartDate=2025-02-14T23:45:08.041011412Z[Etc/UTC], buildCompletionDate=null, estimatedCompletionDate=2025-02-14T23:45:27.041005080Z[Etc/UTC], estimatedDuration=19], buildConfig=BuildConfig[buildScript=#!/bin/bash
cd /var/tmp/testing-dir
chmod +x ./gradlew
./gradlew clean test
, dockerImage=dummy-docker-image:latest, commitHashToBuild=6e7146cac5059504aa9d170ec3fa23aec740bb51, assignmentCommitHash=6e7146cac5059504aa9d170ec3fa23aec740bb51, testCommitHash=931e5303581c7a2f01339ba603cfafbfe668b901, branch=main, programmingLanguage=JAVA, projectType=PLAIN_GRADLE, scaEnabled=false, sequentialTestRunsEnabled=false, resultPaths=[/var/tmp/testing-dir/**/test-results/test/*.xml], timeoutSeconds=0, assignmentCheckoutPath=null, testCheckoutPath=null, solutionCheckoutPath=null, dockerRunConfig=null], submissionResult=null]
    23:45:08.044 | 605 nio-49152-exec-4 | INFO  | .t.c.a.a.p.s.l.LocalCITriggerService : Added build job 19141739576708030 for exercise TSTEXC and participation 1914 with priority 2 to the queue
    23:45:08.044 | 567 localvc.event-14 | DEBUG | s.l.LocalCIWebsocketMessagingService : Sending message on topic /topic/admin/running-jobs: [BuildJobQueueItem[id=19141739576708030, name=SHORT5F02A8F400311042E70858306EB148073CFDTSTEXC-LOCALVCINTSTUDENT1, buildAgent=BuildAgentDTO[name=artemis-build-agent-test, memberAddress=[127.0.0.1]:5703, displayName=artemis-build-agent-test], participationId=1914, courseId=947, exerciseId=2564, retryCount=0, priority=2, status=null, repositoryInfo=RepositoryInfo[repositoryName=short5f02a8f400311042e70858306eb148073cfdtstexc-localvcintstudent1, repositoryType=user, triggeredByPushTo=user, assignmentRepositoryUri=, testRepositoryUri=, solutionRepositoryUri=, auxiliaryRepositoryUris=null, auxiliaryRepositoryCheckoutDirectories=null], jobTimingInfo=JobTimingInfo[submissionDate=2025-02-14T23:45:08.030118216Z[Etc/UTC], buildStartDate=2025-02-14T23:45:08.041011412Z[Etc/UTC], buildCompletionDate=null, estimatedCompletionDate=2025-02-14T23:45:27.041005080Z[Etc/UTC], estimatedDuration=19], buildConfig=BuildConfig[buildScript=, dockerImage=, commitHashToBuild=6e7146cac5059504aa9d170ec3fa23aec740bb51, assignmentCommitHash=, testCommitHash=, branch=, programmingLanguage=null, projectType=null, scaEnabled=false, sequentialTestRunsEnabled=false, resultPaths=null, timeoutSeconds=0, assignmentCheckoutPath=, testCheckoutPath=, solutionCheckoutPath=, dockerRunConfig=null], submissionResult=null]]
    23:45:08.044 | 567 localvc.event-14 | DEBUG | s.l.LocalCIWebsocketMessagingService : Sending message on topic /topic/courses/947/running-jobs: [BuildJobQueueItem[id=19141739576708030, name=SHORT5F02A8F400311042E70858306EB148073CFDTSTEXC-LOCALVCINTSTUDENT1, buildAgent=BuildAgentDTO[name=artemis-build-agent-test, memberAddress=[127.0.0.1]:5703, displayName=artemis-build-agent-test], participationId=1914, courseId=947, exerciseId=2564, retryCount=0, priority=2, status=null, repositoryInfo=RepositoryInfo[repositoryName=short5f02a8f400311042e70858306eb148073cfdtstexc-localvcintstudent1, repositoryType=user, triggeredByPushTo=user, assignmentRepositoryUri=, testRepositoryUri=, solutionRepositoryUri=, auxiliaryRepositoryUris=null, auxiliaryRepositoryCheckoutDirectories=null], jobTimingInfo=JobTimingInfo[submissionDate=2025-02-14T23:45:08.030118216Z[Etc/UTC], buildStartDate=2025-02-14T23:45:08.041011412Z[Etc/UTC], buildCompletionDate=null, estimatedCompletionDate=2025-02-14T23:45:27.041005080Z[Etc/UTC], estimatedDuration=19], buildConfig=BuildConfig[buildScript=, dockerImage=, commitHashToBuild=6e7146cac5059504aa9d170ec3fa23aec740bb51, assignmentCommitHash=, testCommitHash=, branch=, programmingLanguage=null, projectType=null, scaEnabled=false, sequentialTestRunsEnabled=false, resultPaths=null, timeoutSeconds=0, assignmentCheckoutPath=, testCheckoutPath=, solutionCheckoutPath=, dockerRunConfig=null], submissionResult=null]]
    23:45:08.045 | 605 nio-49152-exec-4 | INFO  | a.a.p.s.ProgrammingSubmissionService : Create new programmingSubmission with commitHash: 6e7146cac5059504aa9d170ec3fa23aec740bb51 for participation 1914
    23:45:08.046 | 588 artemis-task-1   | DEBUG | d.t.c.a.a.c.c.w.GzipMessageConverter : Compressed message payload from 987 to 712 (saved 27.9% payload size)
    23:45:08.046 | 588 artemis-task-1   | DEBUG | d.t.c.a.a.c.c.w.GzipMessageConverter : Compressed message payload from 987 to 712 (saved 27.9% payload size)
    23:45:08.051 | 605 nio-49152-exec-4 | DEBUG | .t.c.a.a.p.s.l.LocalVCServletService : New push processed to repository http://localhost:49152/git/SHORT5F02A8F400311042E70858306EB148073CFDTSTEXC/short5f02a8f400311042e70858306eb148073cfdtstexc-localvcintstudent1.git for commit 6e7146cac5059504aa9d170ec3fa23aec740bb51 in 45.47ms. A build job was queued.
    23:45:08.052 | 566 localvc.event-13 | INFO  | a.a.b.s.SharedQueueProcessingService : Processing build job: BuildJobQueueItem[id=19141739576708030, name=SHORT5F02A8F400311042E70858306EB148073CFDTSTEXC-LOCALVCINTSTUDENT1, buildAgent=BuildAgentDTO[name=artemis-build-agent-test, memberAddress=[127.0.0.1]:5703, displayName=artemis-build-agent-test], participationId=1914, courseId=947, exerciseId=2564, retryCount=0, priority=2, status=null, repositoryInfo=RepositoryInfo[repositoryName=short5f02a8f400311042e70858306eb148073cfdtstexc-localvcintstudent1, repositoryType=user, triggeredByPushTo=user, assignmentRepositoryUri=http://localhost:49152/git/SHORT5F02A8F400311042E70858306EB148073CFDTSTEXC/short5f02a8f400311042e70858306eb148073cfdtstexc-localvcintstudent1.git, testRepositoryUri=http://localhost:49152/git/SHORT5F02A8F400311042E70858306EB148073CFDTSTEXC/short5f02a8f400311042e70858306eb148073cfdtstexc-tests.git, solutionRepositoryUri=null, auxiliaryRepositoryUris=[Ljava.lang.String;@45bc446a, auxiliaryRepositoryCheckoutDirectories=[Ljava.lang.String;@22b6f0c9], jobTimingInfo=JobTimingInfo[submissionDate=2025-02-14T23:45:08.030118216Z[Etc/UTC], buildStartDate=2025-02-14T23:45:08.041011412Z[Etc/UTC], buildCompletionDate=null, estimatedCompletionDate=2025-02-14T23:45:27.041005080Z[Etc/UTC], estimatedDuration=19], buildConfig=BuildConfig[buildScript=#!/bin/bash
cd /var/tmp/testing-dir
chmod +x ./gradlew
./gradlew clean test
, dockerImage=dummy-docker-image:latest, commitHashToBuild=6e7146cac5059504aa9d170ec3fa23aec740bb51, assignmentCommitHash=6e7146cac5059504aa9d170ec3fa23aec740bb51, testCommitHash=931e5303581c7a2f01339ba603cfafbfe668b901, branch=main, programmingLanguage=JAVA, projectType=PLAIN_GRADLE, scaEnabled=false, sequentialTestRunsEnabled=false, resultPaths=[/var/tmp/testing-dir/**/test-results/test/*.xml], timeoutSeconds=0, assignmentCheckoutPath=null, testCheckoutPath=null, solutionCheckoutPath=null, dockerRunConfig=null], submissionResult=null]
    23:45:08.053 | 576 local-ci-build-0 | DEBUG | t.c.a.a.b.s.BuildJobExecutionService : ~~~~~~~~~~~~~~~~~~~~ Start Build Job 19141739576708030 ~~~~~~~~~~~~~~~~~~~~
    23:45:08.053 | 576 local-ci-build-0 | INFO  | .t.c.a.a.b.s.BuildAgentDockerService : ~~~~~~~~~~~~~~~~~~~~ Inspecting docker image dummy-docker-image:latest ~~~~~~~~~~~~~~~~~~~~
    23:45:08.053 | 576 local-ci-build-0 | ERROR | .t.c.a.a.b.s.BuildAgentDockerService : Docker image dummy-docker-image:latest is not compatible with the current architecture. Needed 'linux/amd64', but got 'null'
    23:45:08.054 | 566 localvc.event-13 | ERROR | .c.a.a.b.s.BuildJobManagementService : Error while executing build job 19141739576708030: de.tum.cit.aet.artemis.core.exception.LocalCIException: Could not pull Docker image dummy-docker-image:latest
java.util.concurrent.ExecutionException: de.tum.cit.aet.artemis.core.exception.LocalCIException: Could not pull Docker image dummy-docker-image:latest
	at java.base/java.util.concurrent.FutureTask.report(FutureTask.java:122)
	at java.base/java.util.concurrent.FutureTask.get(FutureTask.java:205)
	at de.tum.cit.aet.artemis.buildagent.service.BuildJobManagementService.lambda$executeBuildJob$2(BuildJobManagementService.java:165)
	at de.tum.cit.aet.artemis.buildagent.service.BuildJobManagementService.createCompletableFuture(BuildJobManagementService.java:236)
	at de.tum.cit.aet.artemis.buildagent.service.BuildJobManagementService.executeBuildJob(BuildJobManagementService.java:163)
	at de.tum.cit.aet.artemis.buildagent.service.SharedQueueProcessingService.processBuild(SharedQueueProcessingService.java:413)
	at de.tum.cit.aet.artemis.buildagent.service.SharedQueueProcessingService.checkAvailabilityAndProcessNextBuild(SharedQueueProcessingService.java:269)
	at de.tum.cit.aet.artemis.buildagent.service.SharedQueueProcessingService$QueuedBuildJobItemListener.itemAdded(SharedQueueProcessingService.java:594)
	at com.hazelcast.collection.impl.queue.QueueService.lambda$dispatchEvent$1(QueueService.java:277)
	at com.hazelcast.internal.namespace.impl.NoOpUserCodeNamespaceService.runWithNamespace(NoOpUserCodeNamespaceService.java:82)
	at com.hazelcast.internal.namespace.NamespaceUtil.runWithNamespace(NamespaceUtil.java:106)
	at com.hazelcast.collection.impl.queue.QueueService.dispatchEvent(QueueService.java:275)
	at com.hazelcast.collection.impl.queue.QueueService.dispatchEvent(QueueService.java:98)
	at com.hazelcast.spi.impl.eventservice.impl.LocalEventDispatcher.run(LocalEventDispatcher.java:64)
	at com.hazelcast.internal.util.executor.StripedExecutor$Worker.process(StripedExecutor.java:244)
	at com.hazelcast.internal.util.executor.StripedExecutor$Worker.run(StripedExecutor.java:227)
Caused by: de.tum.cit.aet.artemis.core.exception.LocalCIException: Could not pull Docker image dummy-docker-image:latest
	at de.tum.cit.aet.artemis.buildagent.service.BuildJobExecutionService.runBuildJob(BuildJobExecutionService.java:157)
	at java.base/jdk.internal.reflect.DirectMethodHandleAccessor.invoke(DirectMethodHandleAccessor.java:103)
	at java.base/java.lang.reflect.Method.invoke(Method.java:580)
	at org.springframework.aop.support.AopUtils.invokeJoinpointUsingReflection(AopUtils.java:359)
	at org.springframework.aop.framework.CglibAopProxy$DynamicAdvisedInterceptor.intercept(CglibAopProxy.java:723)
	at de.tum.cit.aet.artemis.buildagent.service.BuildJobExecutionService$$SpringCGLIB$$0.runBuildJob(<generated>)
	at de.tum.cit.aet.artemis.buildagent.service.BuildJobManagementService.lambda$executeBuildJob$1(BuildJobManagementService.java:129)
	at java.base/java.util.concurrent.FutureTask.run(FutureTask.java:317)
	at java.base/java.util.concurrent.ThreadPoolExecutor.runWorker(ThreadPoolExecutor.java:1144)
	at java.base/java.util.concurrent.ThreadPoolExecutor$Worker.run(ThreadPoolExecutor.java:642)
	at java.base/java.lang.Thread.run(Thread.java:1583)
Caused by: de.tum.cit.aet.artemis.core.exception.LocalCIException: Docker image dummy-docker-image:latest is not compatible with the current architecture. Needed 'linux/amd64', but got 'null'
	at de.tum.cit.aet.artemis.buildagent.service.BuildAgentDockerService.checkImageArchitecture(BuildAgentDockerService.java:291)
	at de.tum.cit.aet.artemis.buildagent.service.BuildAgentDockerService.pullDockerImage(BuildAgentDockerService.java:223)
	at de.tum.cit.aet.artemis.buildagent.service.BuildJobExecutionService.runBuildJob(BuildJobExecutionService.java:152)
	... 10 common frames omitted
    23:45:08.054 | 566 localvc.event-13 | INFO  | .c.a.a.b.s.BuildJobManagementService : Getting ID of running container local-ci-19141739576708030
    23:45:08.054 | 566 localvc.event-13 | INFO  | .c.a.a.b.s.BuildJobManagementService : Stopping unresponsive container with ID null
    23:45:08.054 | 566 localvc.event-13 | DEBUG | a.a.b.s.SharedQueueProcessingService : Build job completed with exception: BuildJobQueueItem[id=19141739576708030, name=SHORT5F02A8F400311042E70858306EB148073CFDTSTEXC-LOCALVCINTSTUDENT1, buildAgent=BuildAgentDTO[name=artemis-build-agent-test, memberAddress=[127.0.0.1]:5703, displayName=artemis-build-agent-test], participationId=1914, courseId=947, exerciseId=2564, retryCount=0, priority=2, status=null, repositoryInfo=RepositoryInfo[repositoryName=short5f02a8f400311042e70858306eb148073cfdtstexc-localvcintstudent1, repositoryType=user, triggeredByPushTo=user, assignmentRepositoryUri=http://localhost:49152/git/SHORT5F02A8F400311042E70858306EB148073CFDTSTEXC/short5f02a8f400311042e70858306eb148073cfdtstexc-localvcintstudent1.git, testRepositoryUri=http://localhost:49152/git/SHORT5F02A8F400311042E70858306EB148073CFDTSTEXC/short5f02a8f400311042e70858306eb148073cfdtstexc-tests.git, solutionRepositoryUri=null, auxiliaryRepositoryUris=[Ljava.lang.String;@45bc446a, auxiliaryRepositoryCheckoutDirectories=[Ljava.lang.String;@22b6f0c9], jobTimingInfo=JobTimingInfo[submissionDate=2025-02-14T23:45:08.030118216Z[Etc/UTC], buildStartDate=2025-02-14T23:45:08.041011412Z[Etc/UTC], buildCompletionDate=null, estimatedCompletionDate=2025-02-14T23:45:27.041005080Z[Etc/UTC], estimatedDuration=19], buildConfig=BuildConfig[buildScript=#!/bin/bash
cd /var/tmp/testing-dir
chmod +x ./gradlew
./gradlew clean test
, dockerImage=dummy-docker-image:latest, commitHashToBuild=6e7146cac5059504aa9d170ec3fa23aec740bb51, assignmentCommitHash=6e7146cac5059504aa9d170ec3fa23aec740bb51, testCommitHash=931e5303581c7a2f01339ba603cfafbfe668b901, branch=main, programmingLanguage=JAVA, projectType=PLAIN_GRADLE, scaEnabled=false, sequentialTestRunsEnabled=false, resultPaths=[/var/tmp/testing-dir/**/test-results/test/*.xml], timeoutSeconds=0, assignmentCheckoutPath=null, testCheckoutPath=null, solutionCheckoutPath=null, dockerRunConfig=null], submissionResult=null]
java.util.concurrent.CompletionException: java.util.concurrent.ExecutionException: de.tum.cit.aet.artemis.core.exception.LocalCIException: Could not pull Docker image dummy-docker-image:latest
	at de.tum.cit.aet.artemis.buildagent.service.BuildJobManagementService.lambda$executeBuildJob$2(BuildJobManagementService.java:188)
	at de.tum.cit.aet.artemis.buildagent.service.BuildJobManagementService.createCompletableFuture(BuildJobManagementService.java:236)
	at de.tum.cit.aet.artemis.buildagent.service.BuildJobManagementService.executeBuildJob(BuildJobManagementService.java:163)
	at de.tum.cit.aet.artemis.buildagent.service.SharedQueueProcessingService.processBuild(SharedQueueProcessingService.java:413)
	at de.tum.cit.aet.artemis.buildagent.service.SharedQueueProcessingService.checkAvailabilityAndProcessNextBuild(SharedQueueProcessingService.java:269)
	at de.tum.cit.aet.artemis.buildagent.service.SharedQueueProcessingService$QueuedBuildJobItemListener.itemAdded(SharedQueueProcessingService.java:594)
	at com.hazelcast.collection.impl.queue.QueueService.lambda$dispatchEvent$1(QueueService.java:277)
	at com.hazelcast.internal.namespace.impl.NoOpUserCodeNamespaceService.runWithNamespace(NoOpUserCodeNamespaceService.java:82)
	at com.hazelcast.internal.namespace.NamespaceUtil.runWithNamespace(NamespaceUtil.java:106)
	at com.hazelcast.collection.impl.queue.QueueService.dispatchEvent(QueueService.java:275)
	at com.hazelcast.collection.impl.queue.QueueService.dispatchEvent(QueueService.java:98)
	at com.hazelcast.spi.impl.eventservice.impl.LocalEventDispatcher.run(LocalEventDispatcher.java:64)
	at com.hazelcast.internal.util.executor.StripedExecutor$Worker.process(StripedExecutor.java:244)
	at com.hazelcast.internal.util.executor.StripedExecutor$Worker.run(StripedExecutor.java:227)
Caused by: java.util.concurrent.ExecutionException: de.tum.cit.aet.artemis.core.exception.LocalCIException: Could not pull Docker image dummy-docker-image:latest
	at java.base/java.util.concurrent.FutureTask.report(FutureTask.java:122)
	at java.base/java.util.concurrent.FutureTask.get(FutureTask.java:205)
	at de.tum.cit.aet.artemis.buildagent.service.BuildJobManagementService.lambda$executeBuildJob$2(BuildJobManagementService.java:165)
	... 13 common frames omitted
Caused by: de.tum.cit.aet.artemis.core.exception.LocalCIException: Could not pull Docker image dummy-docker-image:latest
	at de.tum.cit.aet.artemis.buildagent.service.BuildJobExecutionService.runBuildJob(BuildJobExecutionService.java:157)
	at java.base/jdk.internal.reflect.DirectMethodHandleAccessor.invoke(DirectMethodHandleAccessor.java:103)
	at java.base/java.lang.reflect.Method.invoke(Method.java:580)
	at org.springframework.aop.support.AopUtils.invokeJoinpointUsingReflection(AopUtils.java:359)
	at org.springframework.aop.framework.CglibAopProxy$DynamicAdvisedInterceptor.intercept(CglibAopProxy.java:723)
	at de.tum.cit.aet.artemis.buildagent.service.BuildJobExecutionService$$SpringCGLIB$$0.runBuildJob(<generated>)
	at de.tum.cit.aet.artemis.buildagent.service.BuildJobManagementService.lambda$executeBuildJob$1(BuildJobManagementService.java:129)
	at java.base/java.util.concurrent.FutureTask.run(FutureTask.java:317)
	at java.base/java.util.concurrent.ThreadPoolExecutor.runWorker(ThreadPoolExecutor.java:1144)
	at java.base/java.util.concurrent.ThreadPoolExecutor$Worker.run(ThreadPoolExecutor.java:642)
	at java.base/java.lang.Thread.run(Thread.java:1583)
Caused by: de.tum.cit.aet.artemis.core.exception.LocalCIException: Docker image dummy-docker-image:latest is not compatible with the current architecture. Needed 'linux/amd64', but got 'null'
	at de.tum.cit.aet.artemis.buildagent.service.BuildAgentDockerService.checkImageArchitecture(BuildAgentDockerService.java:291)
	at de.tum.cit.aet.artemis.buildagent.service.BuildAgentDockerService.pullDockerImage(BuildAgentDockerService.java:223)
	at de.tum.cit.aet.artemis.buildagent.service.BuildJobExecutionService.runBuildJob(BuildJobExecutionService.java:152)
	... 10 common frames omitted
    23:45:08.054 | 566 localvc.event-13 | ERROR | a.a.b.s.SharedQueueProcessingService : Error while processing build job: BuildJobQueueItem[id=19141739576708030, name=SHORT5F02A8F400311042E70858306EB148073CFDTSTEXC-LOCALVCINTSTUDENT1, buildAgent=BuildAgentDTO[name=artemis-build-agent-test, memberAddress=[127.0.0.1]:5703, displayName=artemis-build-agent-test], participationId=1914, courseId=947, exerciseId=2564, retryCount=0, priority=2, status=null, repositoryInfo=RepositoryInfo[repositoryName=short5f02a8f400311042e70858306eb148073cfdtstexc-localvcintstudent1, repositoryType=user, triggeredByPushTo=user, assignmentRepositoryUri=http://localhost:49152/git/SHORT5F02A8F400311042E70858306EB148073CFDTSTEXC/short5f02a8f400311042e70858306eb148073cfdtstexc-localvcintstudent1.git, testRepositoryUri=http://localhost:49152/git/SHORT5F02A8F400311042E70858306EB148073CFDTSTEXC/short5f02a8f400311042e70858306eb148073cfdtstexc-tests.git, solutionRepositoryUri=null, auxiliaryRepositoryUris=[Ljava.lang.String;@45bc446a, auxiliaryRepositoryCheckoutDirectories=[Ljava.lang.String;@22b6f0c9], jobTimingInfo=JobTimingInfo[submissionDate=2025-02-14T23:45:08.030118216Z[Etc/UTC], buildStartDate=2025-02-14T23:45:08.041011412Z[Etc/UTC], buildCompletionDate=null, estimatedCompletionDate=2025-02-14T23:45:27.041005080Z[Etc/UTC], estimatedDuration=19], buildConfig=BuildConfig[buildScript=#!/bin/bash
cd /var/tmp/testing-dir
chmod +x ./gradlew
./gradlew clean test
, dockerImage=dummy-docker-image:latest, commitHashToBuild=6e7146cac5059504aa9d170ec3fa23aec740bb51, assignmentCommitHash=6e7146cac5059504aa9d170ec3fa23aec740bb51, testCommitHash=931e5303581c7a2f01339ba603cfafbfe668b901, branch=main, programmingLanguage=JAVA, projectType=PLAIN_GRADLE, scaEnabled=false, sequentialTestRunsEnabled=false, resultPaths=[/var/tmp/testing-dir/**/test-results/test/*.xml], timeoutSeconds=0, assignmentCheckoutPath=null, testCheckoutPath=null, solutionCheckoutPath=null, dockerRunConfig=null], submissionResult=null]
java.util.concurrent.CompletionException: java.util.concurrent.ExecutionException: de.tum.cit.aet.artemis.core.exception.LocalCIException: Could not pull Docker image dummy-docker-image:latest
	at de.tum.cit.aet.artemis.buildagent.service.BuildJobManagementService.lambda$executeBuildJob$2(BuildJobManagementService.java:188)
	at de.tum.cit.aet.artemis.buildagent.service.BuildJobManagementService.createCompletableFuture(BuildJobManagementService.java:236)
	at de.tum.cit.aet.artemis.buildagent.service.BuildJobManagementService.executeBuildJob(BuildJobManagementService.java:163)
	at de.tum.cit.aet.artemis.buildagent.service.SharedQueueProcessingService.processBuild(SharedQueueProcessingService.java:413)
	at de.tum.cit.aet.artemis.buildagent.service.SharedQueueProcessingService.checkAvailabilityAndProcessNextBuild(SharedQueueProcessingService.java:269)
	at de.tum.cit.aet.artemis.buildagent.service.SharedQueueProcessingService$QueuedBuildJobItemListener.itemAdded(SharedQueueProcessingService.java:594)
	at com.hazelcast.collection.impl.queue.QueueService.lambda$dispatchEvent$1(QueueService.java:277)
	at com.hazelcast.internal.namespace.impl.NoOpUserCodeNamespaceService.runWithNamespace(NoOpUserCodeNamespaceService.java:82)
	at com.hazelcast.internal.namespace.NamespaceUtil.runWithNamespace(NamespaceUtil.java:106)
	at com.hazelcast.collection.impl.queue.QueueService.dispatchEvent(QueueService.java:275)
	at com.hazelcast.collection.impl.queue.QueueService.dispatchEvent(QueueService.java:98)
	at com.hazelcast.spi.impl.eventservice.impl.LocalEventDispatcher.run(LocalEventDispatcher.java:64)
	at com.hazelcast.internal.util.executor.StripedExecutor$Worker.process(StripedExecutor.java:244)
	at com.hazelcast.internal.util.executor.StripedExecutor$Worker.run(StripedExecutor.java:227)
Caused by: java.util.concurrent.ExecutionException: de.tum.cit.aet.artemis.core.exception.LocalCIException: Could not pull Docker image dummy-docker-image:latest
	at java.base/java.util.concurrent.FutureTask.report(FutureTask.java:122)
	at java.base/java.util.concurrent.FutureTask.get(FutureTask.java:205)
	at de.tum.cit.aet.artemis.buildagent.service.BuildJobManagementService.lambda$executeBuildJob$2(BuildJobManagementService.java:165)
	... 13 common frames omitted
Caused by: de.tum.cit.aet.artemis.core.exception.LocalCIException: Could not pull Docker image dummy-docker-image:latest
	at de.tum.cit.aet.artemis.buildagent.service.BuildJobExecutionService.runBuildJob(BuildJobExecutionService.java:157)
	at java.base/jdk.internal.reflect.DirectMethodHandleAccessor.invoke(DirectMethodHandleAccessor.java:103)
	at java.base/java.lang.reflect.Method.invoke(Method.java:580)
	at org.springframework.aop.support.AopUtils.invokeJoinpointUsingReflection(AopUtils.java:359)
	at org.springframework.aop.framework.CglibAopProxy$DynamicAdvisedInterceptor.intercept(CglibAopProxy.java:723)
	at de.tum.cit.aet.artemis.buildagent.service.BuildJobExecutionService$$SpringCGLIB$$0.runBuildJob(<generated>)
	at de.tum.cit.aet.artemis.buildagent.service.BuildJobManagementService.lambda$executeBuildJob$1(BuildJobManagementService.java:129)
	at java.base/java.util.concurrent.FutureTask.run(FutureTask.java:317)
	at java.base/java.util.concurrent.ThreadPoolExecutor.runWorker(ThreadPoolExecutor.java:1144)
	at java.base/java.util.concurrent.ThreadPoolExecutor$Worker.run(ThreadPoolExecutor.java:642)
	at java.base/java.lang.Thread.run(Thread.java:1583)
Caused by: de.tum.cit.aet.artemis.core.exception.LocalCIException: Docker image dummy-docker-image:latest is not compatible with the current architecture. Needed 'linux/amd64', but got 'null'
	at de.tum.cit.aet.artemis.buildagent.service.BuildAgentDockerService.checkImageArchitecture(BuildAgentDockerService.java:291)
	at de.tum.cit.aet.artemis.buildagent.service.BuildAgentDockerService.pullDockerImage(BuildAgentDockerService.java:223)
	at de.tum.cit.aet.artemis.buildagent.service.BuildJobExecutionService.runBuildJob(BuildJobExecutionService.java:152)
	... 10 common frames omitted
    23:45:08.058 | 567 localvc.event-14 | DEBUG | a.p.s.l.LocalCIQueueWebsocketService : CIBuildJobQueueItem removed from processing jobs: BuildJobQueueItem[id=19141739576708030, name=SHORT5F02A8F400311042E70858306EB148073CFDTSTEXC-LOCALVCINTSTUDENT1, buildAgent=BuildAgentDTO[name=artemis-build-agent-test, memberAddress=[127.0.0.1]:5703, displayName=artemis-build-agent-test], participationId=1914, courseId=947, exerciseId=2564, retryCount=0, priority=2, status=null, repositoryInfo=RepositoryInfo[repositoryName=short5f02a8f400311042e70858306eb148073cfdtstexc-localvcintstudent1, repositoryType=user, triggeredByPushTo=user, assignmentRepositoryUri=http://localhost:49152/git/SHORT5F02A8F400311042E70858306EB148073CFDTSTEXC/short5f02a8f400311042e70858306eb148073cfdtstexc-localvcintstudent1.git, testRepositoryUri=http://localhost:49152/git/SHORT5F02A8F400311042E70858306EB148073CFDTSTEXC/short5f02a8f400311042e70858306eb148073cfdtstexc-tests.git, solutionRepositoryUri=null, auxiliaryRepositoryUris=[Ljava.lang.String;@51372814, auxiliaryRepositoryCheckoutDirectories=[Ljava.lang.String;@26b58d05], jobTimingInfo=JobTimingInfo[submissionDate=2025-02-14T23:45:08.030118216Z[Etc/UTC], buildStartDate=2025-02-14T23:45:08.041011412Z[Etc/UTC], buildCompletionDate=null, estimatedCompletionDate=2025-02-14T23:45:27.041005080Z[Etc/UTC], estimatedDuration=19], buildConfig=BuildConfig[buildScript=#!/bin/bash
cd /var/tmp/testing-dir
chmod +x ./gradlew
./gradlew clean test
, dockerImage=dummy-docker-image:latest, commitHashToBuild=6e7146cac5059504aa9d170ec3fa23aec740bb51, assignmentCommitHash=6e7146cac5059504aa9d170ec3fa23aec740bb51, testCommitHash=931e5303581c7a2f01339ba603cfafbfe668b901, branch=main, programmingLanguage=JAVA, projectType=PLAIN_GRADLE, scaEnabled=false, sequentialTestRunsEnabled=false, resultPaths=[/var/tmp/testing-dir/**/test-results/test/*.xml], timeoutSeconds=0, assignmentCheckoutPath=null, testCheckoutPath=null, solutionCheckoutPath=null, dockerRunConfig=null], submissionResult=null]
    23:45:08.058 | 567 localvc.event-14 | DEBUG | s.l.LocalCIWebsocketMessagingService : Sending message on topic /topic/admin/running-jobs: []
    23:45:08.058 | 567 localvc.event-14 | DEBUG | s.l.LocalCIWebsocketMessagingService : Sending message on topic /topic/courses/947/running-jobs: []
    23:45:08.061 | 566 localvc.event-13 | DEBUG | a.a.b.s.SharedQueueProcessingService : Currently processing jobs on this node: 0, active threads in Pool: 0, maximum pool size of thread executor : 1
    23:45:08.061 | 566 localvc.event-13 | DEBUG | s.l.LocalCIWebsocketMessagingService : Sending message on topic /topic/admin/queued-jobs: []
    23:45:08.061 | 566 localvc.event-13 | DEBUG | s.l.LocalCIWebsocketMessagingService : Sending message on topic /topic/courses/947/queued-jobs: []
    23:45:08.062 | 566 localvc.event-13 | DEBUG | a.a.b.s.SharedQueueProcessingService : CIBuildJobQueueItem removed from queue: BuildJobQueueItem[id=19141739576708030, name=SHORT5F02A8F400311042E70858306EB148073CFDTSTEXC-LOCALVCINTSTUDENT1, buildAgent=BuildAgentDTO[name=null, memberAddress=null, displayName=null], participationId=1914, courseId=947, exerciseId=2564, retryCount=0, priority=2, status=null, repositoryInfo=RepositoryInfo[repositoryName=short5f02a8f400311042e70858306eb148073cfdtstexc-localvcintstudent1, repositoryType=user, triggeredByPushTo=user, assignmentRepositoryUri=http://localhost:49152/git/SHORT5F02A8F400311042E70858306EB148073CFDTSTEXC/short5f02a8f400311042e70858306eb148073cfdtstexc-localvcintstudent1.git, testRepositoryUri=http://localhost:49152/git/SHORT5F02A8F400311042E70858306EB148073CFDTSTEXC/short5f02a8f400311042e70858306eb148073cfdtstexc-tests.git, solutionRepositoryUri=null, auxiliaryRepositoryUris=[Ljava.lang.String;@19d3ce48, auxiliaryRepositoryCheckoutDirectories=[Ljava.lang.String;@2ab68ac7], jobTimingInfo=JobTimingInfo[submissionDate=2025-02-14T23:45:08.030118216Z[Etc/UTC], buildStartDate=null, buildCompletionDate=null, estimatedCompletionDate=null, estimatedDuration=19], buildConfig=BuildConfig[buildScript=#!/bin/bash
cd /var/tmp/testing-dir
chmod +x ./gradlew
./gradlew clean test
, dockerImage=dummy-docker-image:latest, commitHashToBuild=6e7146cac5059504aa9d170ec3fa23aec740bb51, assignmentCommitHash=6e7146cac5059504aa9d170ec3fa23aec740bb51, testCommitHash=931e5303581c7a2f01339ba603cfafbfe668b901, branch=main, programmingLanguage=JAVA, projectType=PLAIN_GRADLE, scaEnabled=false, sequentialTestRunsEnabled=false, resultPaths=[/var/tmp/testing-dir/**/test-results/test/*.xml], timeoutSeconds=0, assignmentCheckoutPath=null, testCheckoutPath=null, solutionCheckoutPath=null, dockerRunConfig=null], submissionResult=null]
    23:45:08.063 | 566 localvc.event-13 | DEBUG | s.l.LocalCIWebsocketMessagingService : Sending message on topic /topic/admin/queued-jobs: []
    23:45:08.063 | 566 localvc.event-13 | DEBUG | s.l.LocalCIWebsocketMessagingService : Sending message on topic /topic/courses/947/queued-jobs: []
    23:45:08.063 | 566 localvc.event-13 | DEBUG | a.p.s.l.LocalCIQueueWebsocketService : Build agent added: BuildAgentInformation[buildAgent=BuildAgentDTO[name=artemis-build-agent-test, memberAddress=[127.0.0.1]:5703, displayName=artemis-build-agent-test], maxNumberOfConcurrentBuildJobs=1, numberOfCurrentBuildJobs=1, runningBuildJobs=[BuildJobQueueItem[id=19141739576708030, name=SHORT5F02A8F400311042E70858306EB148073CFDTSTEXC-LOCALVCINTSTUDENT1, buildAgent=BuildAgentDTO[name=artemis-build-agent-test, memberAddress=[127.0.0.1]:5703, displayName=artemis-build-agent-test], participationId=1914, courseId=947, exerciseId=2564, retryCount=0, priority=2, status=null, repositoryInfo=RepositoryInfo[repositoryName=short5f02a8f400311042e70858306eb148073cfdtstexc-localvcintstudent1, repositoryType=user, triggeredByPushTo=user, assignmentRepositoryUri=http://localhost:49152/git/SHORT5F02A8F400311042E70858306EB148073CFDTSTEXC/short5f02a8f400311042e70858306eb148073cfdtstexc-localvcintstudent1.git, testRepositoryUri=http://localhost:49152/git/SHORT5F02A8F400311042E70858306EB148073CFDTSTEXC/short5f02a8f400311042e70858306eb148073cfdtstexc-tests.git, solutionRepositoryUri=null, auxiliaryRepositoryUris=[Ljava.lang.String;@49bd11b6, auxiliaryRepositoryCheckoutDirectories=[Ljava.lang.String;@57c35af4], jobTimingInfo=JobTimingInfo[submissionDate=2025-02-14T23:45:08.030118216Z[Etc/UTC], buildStartDate=2025-02-14T23:45:08.041011412Z[Etc/UTC], buildCompletionDate=null, estimatedCompletionDate=2025-02-14T23:45:27.041005080Z[Etc/UTC], estimatedDuration=19], buildConfig=BuildConfig[buildScript=#!/bin/bash
cd /var/tmp/testing-dir
chmod +x ./gradlew
./gradlew clean test
, dockerImage=dummy-docker-image:latest, commitHashToBuild=6e7146cac5059504aa9d170ec3fa23aec740bb51, assignmentCommitHash=6e7146cac5059504aa9d170ec3fa23aec740bb51, testCommitHash=931e5303581c7a2f01339ba603cfafbfe668b901, branch=main, programmingLanguage=JAVA, projectType=PLAIN_GRADLE, scaEnabled=false, sequentialTestRunsEnabled=false, resultPaths=[/var/tmp/testing-dir/**/test-results/test/*.xml], timeoutSeconds=0, assignmentCheckoutPath=null, testCheckoutPath=null, solutionCheckoutPath=null, dockerRunConfig=null], submissionResult=null]], status=ACTIVE, recentBuildJobs=[], publicSshKey=ssh-rsa AAAAB3NzaC1yc2EAAAADAQABAAACAQCOPdMsxRE2jFJ/UEa5/LsBxtwzJcrh3/rYBCQvcMeVpiRfhzQPWu7mrt/G2Ew+i+vRloGH9aqKg6dd1liRncao53Zmd/ePxoatXePNhmzTfkCkcSkTUz7B+QMjkoDDV5jwuFPD6mF3JkhuzSi64n9Zy905t4w2IhVcjM2mL3eYNjiCXt6Qpq3Pkt7dM/Ksw1nxnvuiIALuJLB3FTkXkHqq3PJav+9HSq2r6ZaWgekneaGxlQlb+U+Vy3XOuArKAzK8c8i+0bR+AHiTG6ncYXt7ax3U+TdlDTF7OLP3umwaYjs1NBXOHwG42pevvpKn2fqavZZozk+M05jXLx3bq0O7itxfErWc7etky8qYPyyIMF/txQIVLd78+Ze4d7Y60t5MGbXM5cGE6fFif5fEJwgswXD+BrG0cafz1CTatjSKFdvp8Vp4VszXhHDan1PrP6JEFJ5Cc5GDmLRZPCFa3vL9f5qXgf4bkqKN8MYeEujwJE5nMRWoiJVNakix2bcrrneQMBlnYeYZVWXXXUusAQBzl4NgddC1umZpihZkL1b1MffZAUW3EGEXi7KHnllQhkTLLsQ8ntMgbylqaJKStqaXlLvdeRJcEnUuiFCrHEVVbXRFZR7XVDZ02CE5o3MuaRPty8Kh+jRTF3COlAckHwYEJCNNJvXFgb2CNXL4mjzYDw== test@localhost]
    23:45:08.064 | 566 localvc.event-13 | DEBUG | s.l.LocalCIWebsocketMessagingService : Sending message on topic /topic/admin/build-agents: [BuildAgentInformation[buildAgent=BuildAgentDTO[name=artemis-build-agent-test, memberAddress=[127.0.0.1]:5703, displayName=artemis-build-agent-test], maxNumberOfConcurrentBuildJobs=1, numberOfCurrentBuildJobs=0, runningBuildJobs=[], status=IDLE, recentBuildJobs=null, publicSshKey=null]]
    23:45:08.064 | 588 artemis-task-1   | DEBUG | d.t.c.a.a.c.c.w.GzipMessageConverter : Compressed message payload from 255 to 232 (saved 9.0% payload size)
    23:45:08.067 | 566 localvc.event-13 | DEBUG | s.l.LocalCIWebsocketMessagingService : Sending message on topic /topic/admin/build-agent/artemis-build-agent-test: BuildAgentInformation[buildAgent=BuildAgentDTO[name=artemis-build-agent-test, memberAddress=[127.0.0.1]:5703, displayName=artemis-build-agent-test], maxNumberOfConcurrentBuildJobs=1, numberOfCurrentBuildJobs=0, runningBuildJobs=[], status=IDLE, recentBuildJobs=[BuildJobQueueItem[id=19141739576708030, name=SHORT5F02A8F400311042E70858306EB148073CFDTSTEXC-LOCALVCINTSTUDENT1, buildAgent=BuildAgentDTO[name=artemis-build-agent-test, memberAddress=[127.0.0.1]:5703, displayName=artemis-build-agent-test], participationId=1914, courseId=947, exerciseId=2564, retryCount=0, priority=2, status=FAILED, repositoryInfo=RepositoryInfo[repositoryName=short5f02a8f400311042e70858306eb148073cfdtstexc-localvcintstudent1, repositoryType=user, triggeredByPushTo=user, assignmentRepositoryUri=http://localhost:49152/git/SHORT5F02A8F400311042E70858306EB148073CFDTSTEXC/short5f02a8f400311042e70858306eb148073cfdtstexc-localvcintstudent1.git, testRepositoryUri=http://localhost:49152/git/SHORT5F02A8F400311042E70858306EB148073CFDTSTEXC/short5f02a8f400311042e70858306eb148073cfdtstexc-tests.git, solutionRepositoryUri=null, auxiliaryRepositoryUris=[Ljava.lang.String;@b49f61c, auxiliaryRepositoryCheckoutDirectories=[Ljava.lang.String;@4610197b], jobTimingInfo=JobTimingInfo[submissionDate=2025-02-14T23:45:08.030118216Z[Etc/UTC], buildStartDate=2025-02-14T23:45:08.041011412Z[Etc/UTC], buildCompletionDate=2025-02-14T23:45:08.054603331Z[Etc/UTC], estimatedCompletionDate=2025-02-14T23:45:27.041005080Z[Etc/UTC], estimatedDuration=19], buildConfig=BuildConfig[buildScript=#!/bin/bash
cd /var/tmp/testing-dir
chmod +x ./gradlew
./gradlew clean test
, dockerImage=dummy-docker-image:latest, commitHashToBuild=6e7146cac5059504aa9d170ec3fa23aec740bb51, assignmentCommitHash=6e7146cac5059504aa9d170ec3fa23aec740bb51, testCommitHash=931e5303581c7a2f01339ba603cfafbfe668b901, branch=main, programmingLanguage=JAVA, projectType=PLAIN_GRADLE, scaEnabled=false, sequentialTestRunsEnabled=false, resultPaths=[/var/tmp/testing-dir/**/test-results/test/*.xml], timeoutSeconds=0, assignmentCheckoutPath=null, testCheckoutPath=null, solutionCheckoutPath=null, dockerRunConfig=null], submissionResult=null]], publicSshKey=ssh-rsa AAAAB3NzaC1yc2EAAAADAQABAAACAQCOPdMsxRE2jFJ/UEa5/LsBxtwzJcrh3/rYBCQvcMeVpiRfhzQPWu7mrt/G2Ew+i+vRloGH9aqKg6dd1liRncao53Zmd/ePxoatXePNhmzTfkCkcSkTUz7B+QMjkoDDV5jwuFPD6mF3JkhuzSi64n9Zy905t4w2IhVcjM2mL3eYNjiCXt6Qpq3Pkt7dM/Ksw1nxnvuiIALuJLB3FTkXkHqq3PJav+9HSq2r6ZaWgekneaGxlQlb+U+Vy3XOuArKAzK8c8i+0bR+AHiTG6ncYXt7ax3U+TdlDTF7OLP3umwaYjs1NBXOHwG42pevvpKn2fqavZZozk+M05jXLx3bq0O7itxfErWc7etky8qYPyyIMF/txQIVLd78+Ze4d7Y60t5MGbXM5cGE6fFif5fEJwgswXD+BrG0cafz1CTatjSKFdvp8Vp4VszXhHDan1PrP6JEFJ5Cc5GDmLRZPCFa3vL9f5qXgf4bkqKN8MYeEujwJE5nMRWoiJVNakix2bcrrneQMBlnYeYZVWXXXUusAQBzl4NgddC1umZpihZkL1b1MffZAUW3EGEXi7KHnllQhkTLLsQ8ntMgbylqaJKStqaXlLvdeRJcEnUuiFCrHEVVbXRFZR7XVDZ02CE5o3MuaRPty8Kh+jRTF3COlAckHwYEJCNNJvXFgb2CNXL4mjzYDw== test@localhost]
    23:45:08.067 | 566 localvc.event-13 | DEBUG | a.p.s.l.SharedQueueManagementService : Build agent added: null
    23:45:08.068 | 588 artemis-task-1   | DEBUG | d.t.c.a.a.c.c.w.GzipMessageConverter : Compressed message payload from 2999 to 2008 (saved 33.0% payload size)
    23:45:08.070 | 566 localvc.event-13 | DEBUG | p.s.l.LocalCIResultProcessingService : Result of build job with id 19141739576708030 added to queue
    23:45:08.072 | 566 localvc.event-13 | INFO  | p.s.l.LocalCIResultProcessingService : Processing build job result with id 19141739576708030
    23:45:08.079 | 566 localvc.event-13 | DEBUG | p.s.l.LocalCIResultProcessingService : Build jobs waiting in queue: 0
    23:45:08.079 | 566 localvc.event-13 | DEBUG | p.s.l.LocalCIResultProcessingService : Queued build jobs: []
    23:45:08.081 | 566 localvc.event-13 | DEBUG | .s.ProgrammingExerciseGradingService : Received new build result (NEW) for participation 1914
    23:45:08.089 | 606 nio-49152-exec-5 | DEBUG | d.t.c.a.a.c.s.f.ApiVersionFilter     : Adding Version to Request GET /git/SHORT5F02A8F400311042E70858306EB148073CFDTSTEXC/short5f02a8f400311042e70858306eb148073cfdtstexc-localvcintstudent1.git/info/refs
    23:45:08.089 | 606 nio-49152-exec-5 | DEBUG | .t.c.a.a.p.s.l.LocalVCServletService : Path to resolve repository from: /tmp/SHORT5F02A8F400311042E70858306EB148073CFDTSTEXC/short5f02a8f400311042e70858306eb148073cfdtstexc-localvcintstudent1.git
    23:45:08.089 | 606 nio-49152-exec-5 | DEBUG | .t.c.a.a.p.s.l.LocalVCServletService : Retrieving cached local repository SHORT5F02A8F400311042E70858306EB148073CFDTSTEXC/short5f02a8f400311042e70858306eb148073cfdtstexc-localvcintstudent1.git
    23:45:08.089 | 606 nio-49152-exec-5 | DEBUG | .t.c.a.a.p.s.l.LocalVCServletService : Resolving repository for repository SHORT5F02A8F400311042E70858306EB148073CFDTSTEXC/short5f02a8f400311042e70858306eb148073cfdtstexc-localvcintstudent1.git took 38µs
    23:45:08.090 | 606 nio-49152-exec-5 | DEBUG | d.t.c.a.a.p.s.l.LocalVCPushFilter    : Trying to push to repository /git/SHORT5F02A8F400311042E70858306EB148073CFDTSTEXC/short5f02a8f400311042e70858306eb148073cfdtstexc-localvcintstudent1.git/info/refs
    23:45:08.100 | 606 nio-49152-exec-5 | DEBUG | t.c.a.a.c.s.DomainUserDetailsService : Authenticating localvcintstudent1
    23:45:08.118 | 606 nio-49152-exec-5 | DEBUG | .t.c.a.a.p.s.l.LocalVCServletService : Authorizing user localvcintstudent1 for repository http://localhost:49152/git/SHORT5F02A8F400311042E70858306EB148073CFDTSTEXC/short5f02a8f400311042e70858306eb148073cfdtstexc-localvcintstudent1.git took 28.66ms
    23:45:08.121 | 588 artemis-task-1   | DEBUG | d.t.c.a.a.p.s.l.VcsAccessLogService  : Storing access operation for user User{login='localvcintstudent1', firstName='localvcintstudent1First', lastName='localvcintstudent1Last', email='localvcintstudent1@test.de', imageUrl='null', activated='true', langKey='en', activationKey='null'}
    23:45:08.130 | 606 nio-49152-exec-5 | DEBUG | d.t.c.a.a.c.s.f.ApiVersionFilter     : Adding Version to Request GET /git/SHORT5F02A8F400311042E70858306EB148073CFDTSTEXC/short5f02a8f400311042e70858306eb148073cfdtstexc-localvcintstudent1.git/info/refs
    23:45:08.130 | 606 nio-49152-exec-5 | DEBUG | .t.c.a.a.p.s.l.LocalVCServletService : Path to resolve repository from: /tmp/SHORT5F02A8F400311042E70858306EB148073CFDTSTEXC/short5f02a8f400311042e70858306eb148073cfdtstexc-localvcintstudent1.git
    23:45:08.130 | 606 nio-49152-exec-5 | DEBUG | .t.c.a.a.p.s.l.LocalVCServletService : Retrieving cached local repository SHORT5F02A8F400311042E70858306EB148073CFDTSTEXC/short5f02a8f400311042e70858306eb148073cfdtstexc-localvcintstudent1.git
    23:45:08.130 | 606 nio-49152-exec-5 | DEBUG | .t.c.a.a.p.s.l.LocalVCServletService : Resolving repository for repository SHORT5F02A8F400311042E70858306EB148073CFDTSTEXC/short5f02a8f400311042e70858306eb148073cfdtstexc-localvcintstudent1.git took 24µs
    23:45:08.134 | 606 nio-49152-exec-5 | DEBUG | d.t.c.a.a.p.s.l.LocalVCPushFilter    : Trying to push to repository /git/SHORT5F02A8F400311042E70858306EB148073CFDTSTEXC/short5f02a8f400311042e70858306eb148073cfdtstexc-localvcintstudent1.git/info/refs
    23:45:08.141 | 606 nio-49152-exec-5 | DEBUG | t.c.a.a.c.s.DomainUserDetailsService : Authenticating localvcintstudent1
    23:45:08.158 | 606 nio-49152-exec-5 | DEBUG | .t.c.a.a.p.s.l.LocalVCServletService : Authorizing user localvcintstudent1 for repository http://localhost:49152/git/SHORT5F02A8F400311042E70858306EB148073CFDTSTEXC/short5f02a8f400311042e70858306eb148073cfdtstexc-localvcintstudent1.git took 24.03ms
    23:45:08.159 | 588 artemis-task-1   | DEBUG | d.t.c.a.a.p.s.l.VcsAccessLogService  : Storing access operation for user User{login='localvcintstudent1', firstName='localvcintstudent1First', lastName='localvcintstudent1Last', email='localvcintstudent1@test.de', imageUrl='null', activated='true', langKey='en', activationKey='null'}
    23:45:08.170 | 607 nio-49152-exec-6 | DEBUG | d.t.c.a.a.c.s.f.ApiVersionFilter     : Adding Version to Request POST /git/SHORT5F02A8F400311042E70858306EB148073CFDTSTEXC/short5f02a8f400311042e70858306eb148073cfdtstexc-localvcintstudent1.git/git-receive-pack
    23:45:08.173 | 607 nio-49152-exec-6 | DEBUG | .t.c.a.a.p.s.l.LocalVCServletService : Path to resolve repository from: /tmp/SHORT5F02A8F400311042E70858306EB148073CFDTSTEXC/short5f02a8f400311042e70858306eb148073cfdtstexc-localvcintstudent1.git
    23:45:08.173 | 607 nio-49152-exec-6 | DEBUG | .t.c.a.a.p.s.l.LocalVCServletService : Retrieving cached local repository SHORT5F02A8F400311042E70858306EB148073CFDTSTEXC/short5f02a8f400311042e70858306eb148073cfdtstexc-localvcintstudent1.git
    23:45:08.173 | 607 nio-49152-exec-6 | DEBUG | .t.c.a.a.p.s.l.LocalVCServletService : Resolving repository for repository SHORT5F02A8F400311042E70858306EB148073CFDTSTEXC/short5f02a8f400311042e70858306eb148073cfdtstexc-localvcintstudent1.git took 42µs
    23:45:08.173 | 607 nio-49152-exec-6 | DEBUG | d.t.c.a.a.p.s.l.LocalVCPushFilter    : Trying to push to repository /git/SHORT5F02A8F400311042E70858306EB148073CFDTSTEXC/short5f02a8f400311042e70858306eb148073cfdtstexc-localvcintstudent1.git/git-receive-pack
    23:45:08.267 | 566 localvc.event-13 | DEBUG | .c.s.m.InstanceMessageReceiveService : Received schedule participant score for exercise 2564 and participant 186 (result to be deleted: null)
    23:45:08.267 | 566 localvc.event-13 | DEBUG | .a.s.ParticipantScoreScheduleService : Cannot schedule task, because the service is not running
    23:45:08.269 | 566 localvc.event-13 | ERROR | p.s.l.LocalCIResultProcessingService : Error while processing build job: BuildJobQueueItem[id=19141739576708030, name=SHORT5F02A8F400311042E70858306EB148073CFDTSTEXC-LOCALVCINTSTUDENT1, buildAgent=BuildAgentDTO[name=artemis-build-agent-test, memberAddress=[127.0.0.1]:5703, displayName=artemis-build-agent-test], participationId=1914, courseId=947, exerciseId=2564, retryCount=0, priority=2, status=FAILED, repositoryInfo=RepositoryInfo[repositoryName=short5f02a8f400311042e70858306eb148073cfdtstexc-localvcintstudent1, repositoryType=user, triggeredByPushTo=user, assignmentRepositoryUri=http://localhost:49152/git/SHORT5F02A8F400311042E70858306EB148073CFDTSTEXC/short5f02a8f400311042e70858306eb148073cfdtstexc-localvcintstudent1.git, testRepositoryUri=http://localhost:49152/git/SHORT5F02A8F400311042E70858306EB148073CFDTSTEXC/short5f02a8f400311042e70858306eb148073cfdtstexc-tests.git, solutionRepositoryUri=null, auxiliaryRepositoryUris=[Ljava.lang.String;@102dd177, auxiliaryRepositoryCheckoutDirectories=[Ljava.lang.String;@2a61159c], jobTimingInfo=JobTimingInfo[submissionDate=2025-02-14T23:45:08.030118216Z[Etc/UTC], buildStartDate=2025-02-14T23:45:08.041011412Z[Etc/UTC], buildCompletionDate=2025-02-14T23:45:08.054603331Z[Etc/UTC], estimatedCompletionDate=2025-02-14T23:45:27.041005080Z[Etc/UTC], estimatedDuration=19], buildConfig=BuildConfig[buildScript=#!/bin/bash
cd /var/tmp/testing-dir
chmod +x ./gradlew
./gradlew clean test
, dockerImage=dummy-docker-image:latest, commitHashToBuild=6e7146cac5059504aa9d170ec3fa23aec740bb51, assignmentCommitHash=6e7146cac5059504aa9d170ec3fa23aec740bb51, testCommitHash=931e5303581c7a2f01339ba603cfafbfe668b901, branch=main, programmingLanguage=JAVA, projectType=PLAIN_GRADLE, scaEnabled=false, sequentialTestRunsEnabled=false, resultPaths=[/var/tmp/testing-dir/**/test-results/test/*.xml], timeoutSeconds=0, assignmentCheckoutPath=null, testCheckoutPath=null, solutionCheckoutPath=null, dockerRunConfig=null], submissionResult=null]
java.util.concurrent.CompletionException: java.util.concurrent.ExecutionException: de.tum.cit.aet.artemis.core.exception.LocalCIException: Could not pull Docker image dummy-docker-image:latest
	at de.tum.cit.aet.artemis.buildagent.service.BuildJobManagementService.lambda$executeBuildJob$2(BuildJobManagementService.java:188)
	at de.tum.cit.aet.artemis.buildagent.service.BuildJobManagementService.createCompletableFuture(BuildJobManagementService.java:236)
	at de.tum.cit.aet.artemis.buildagent.service.BuildJobManagementService.executeBuildJob(BuildJobManagementService.java:163)
	at de.tum.cit.aet.artemis.buildagent.service.SharedQueueProcessingService.processBuild(SharedQueueProcessingService.java:413)
	at de.tum.cit.aet.artemis.buildagent.service.SharedQueueProcessingService.checkAvailabilityAndProcessNextBuild(SharedQueueProcessingService.java:269)
	at de.tum.cit.aet.artemis.buildagent.service.SharedQueueProcessingService$QueuedBuildJobItemListener.itemAdded(SharedQueueProcessingService.java:594)
	at com.hazelcast.collection.impl.queue.QueueService.lambda$dispatchEvent$1(QueueService.java:277)
	at com.hazelcast.internal.namespace.impl.NoOpUserCodeNamespaceService.runWithNamespace(NoOpUserCodeNamespaceService.java:82)
	at com.hazelcast.internal.namespace.NamespaceUtil.runWithNamespace(NamespaceUtil.java:106)
	at com.hazelcast.collection.impl.queue.QueueService.dispatchEvent(QueueService.java:275)
	at com.hazelcast.collection.impl.queue.QueueService.dispatchEvent(QueueService.java:98)
	at com.hazelcast.spi.impl.eventservice.impl.LocalEventDispatcher.run(LocalEventDispatcher.java:64)
	at com.hazelcast.internal.util.executor.StripedExecutor$Worker.process(StripedExecutor.java:244)
	at com.hazelcast.internal.util.executor.StripedExecutor$Worker.run(StripedExecutor.java:227)
Caused by: java.util.concurrent.ExecutionException: de.tum.cit.aet.artemis.core.exception.LocalCIException: Could not pull Docker image dummy-docker-image:latest
	at java.base/java.util.concurrent.FutureTask.report(FutureTask.java:122)
	at java.base/java.util.concurrent.FutureTask.get(FutureTask.java:205)
	at de.tum.cit.aet.artemis.buildagent.service.BuildJobManagementService.lambda$executeBuildJob$2(BuildJobManagementService.java:165)
	... 13 common frames omitted
Caused by: de.tum.cit.aet.artemis.core.exception.LocalCIException: Could not pull Docker image dummy-docker-image:latest
	at de.tum.cit.aet.artemis.buildagent.service.BuildJobExecutionService.runBuildJob(BuildJobExecutionService.java:157)
	at java.base/jdk.internal.reflect.DirectMethodHandleAccessor.invoke(DirectMethodHandleAccessor.java:103)
	at java.base/java.lang.reflect.Method.invoke(Method.java:580)
	at org.springframework.aop.support.AopUtils.invokeJoinpointUsingReflection(AopUtils.java:359)
	at org.springframework.aop.framework.CglibAopProxy$DynamicAdvisedInterceptor.intercept(CglibAopProxy.java:723)
	at de.tum.cit.aet.artemis.buildagent.service.BuildJobExecutionService$$SpringCGLIB$$0.runBuildJob(<generated>)
	at de.tum.cit.aet.artemis.buildagent.service.BuildJobManagementService.lambda$executeBuildJob$1(BuildJobManagementService.java:129)
	at java.base/java.util.concurrent.FutureTask.run(FutureTask.java:317)
	at java.base/java.util.concurrent.ThreadPoolExecutor.runWorker(ThreadPoolExecutor.java:1144)
	at java.base/java.util.concurrent.ThreadPoolExecutor$Worker.run(ThreadPoolExecutor.java:642)
	at java.base/java.lang.Thread.run(Thread.java:1583)
Caused by: de.tum.cit.aet.artemis.core.exception.LocalCIException: Docker image dummy-docker-image:latest is not compatible with the current architecture. Needed 'linux/amd64', but got 'null'
	at de.tum.cit.aet.artemis.buildagent.service.BuildAgentDockerService.checkImageArchitecture(BuildAgentDockerService.java:291)
	at de.tum.cit.aet.artemis.buildagent.service.BuildAgentDockerService.pullDockerImage(BuildAgentDockerService.java:223)
	at de.tum.cit.aet.artemis.buildagent.service.BuildJobExecutionService.runBuildJob(BuildJobExecutionService.java:152)
	... 10 common frames omitted
    23:45:08.270 | 566 localvc.event-13 | DEBUG | .a.a.p.s.ProgrammingMessagingService : Send result to client over websocket. Result: Result{id622, completionDate=2025-02-14T23:45:08.054683681Z[Etc/UTC], successful=false, score=0.0, rated=true, assessmentType=AUTOMATIC, hasComplaint=null, testCaseCount=0, passedTestCaseCount=0, codeIssueCount=0}, Submission: ProgrammingSubmission{commitHash='6e7146cac5059504aa9d170ec3fa23aec740bb51', buildFailed=true, buildArtifact=false, type=MANUAL}, Participation: ProgrammingExerciseStudentParticipation{id=1914, repositoryUri='http://localhost:49152/git/SHORT5F02A8F400311042E70858306EB148073CFDTSTEXC/short5f02a8f400311042e70858306eb148073cfdtstexc-localvcintstudent1.git', buildPlanId='SHORT5F02A8F400311042E70858306EB148073CFDTSTEXC-LOCALVCINTSTUDENT1', initializationState='INITIALIZED', initializationDate='2025-02-14T23:45:07.492587Z', individualDueDate=null', presentationScore=null}
    23:45:08.280 | 566 localvc.event-13 | DEBUG | d.t.c.a.a.p.s.BuildLogEntryService   : Saved build logs for build job 19141739576708030 to file /tmp/build-logs/short5f02a8f400311042e70858306eb148073cfd/TSTEXC/19141739576708030.log
    23:45:08.280 | 566 localvc.event-13 | DEBUG | a.p.s.l.LocalCIQueueWebsocketService : Build agent updated: BuildAgentInformation[buildAgent=BuildAgentDTO[name=artemis-build-agent-test, memberAddress=[127.0.0.1]:5703, displayName=artemis-build-agent-test], maxNumberOfConcurrentBuildJobs=1, numberOfCurrentBuildJobs=0, runningBuildJobs=[], status=IDLE, recentBuildJobs=[BuildJobQueueItem[id=19141739576708030, name=SHORT5F02A8F400311042E70858306EB148073CFDTSTEXC-LOCALVCINTSTUDENT1, buildAgent=BuildAgentDTO[name=artemis-build-agent-test, memberAddress=[127.0.0.1]:5703, displayName=artemis-build-agent-test], participationId=1914, courseId=947, exerciseId=2564, retryCount=0, priority=2, status=FAILED, repositoryInfo=RepositoryInfo[repositoryName=short5f02a8f400311042e70858306eb148073cfdtstexc-localvcintstudent1, repositoryType=user, triggeredByPushTo=user, assignmentRepositoryUri=http://localhost:49152/git/SHORT5F02A8F400311042E70858306EB148073CFDTSTEXC/short5f02a8f400311042e70858306eb148073cfdtstexc-localvcintstudent1.git, testRepositoryUri=http://localhost:49152/git/SHORT5F02A8F400311042E70858306EB148073CFDTSTEXC/short5f02a8f400311042e70858306eb148073cfdtstexc-tests.git, solutionRepositoryUri=null, auxiliaryRepositoryUris=[Ljava.lang.String;@22e4bdb4, auxiliaryRepositoryCheckoutDirectories=[Ljava.lang.String;@e382991], jobTimingInfo=JobTimingInfo[submissionDate=2025-02-14T23:45:08.030118216Z[Etc/UTC], buildStartDate=2025-02-14T23:45:08.041011412Z[Etc/UTC], buildCompletionDate=2025-02-14T23:45:08.054603331Z[Etc/UTC], estimatedCompletionDate=2025-02-14T23:45:27.041005080Z[Etc/UTC], estimatedDuration=19], buildConfig=BuildConfig[buildScript=#!/bin/bash
cd /var/tmp/testing-dir
chmod +x ./gradlew
./gradlew clean test
, dockerImage=dummy-docker-image:latest, commitHashToBuild=6e7146cac5059504aa9d170ec3fa23aec740bb51, assignmentCommitHash=6e7146cac5059504aa9d170ec3fa23aec740bb51, testCommitHash=931e5303581c7a2f01339ba603cfafbfe668b901, branch=main, programmingLanguage=JAVA, projectType=PLAIN_GRADLE, scaEnabled=false, sequentialTestRunsEnabled=false, resultPaths=[/var/tmp/testing-dir/**/test-results/test/*.xml], timeoutSeconds=0, assignmentCheckoutPath=null, testCheckoutPath=null, solutionCheckoutPath=null, dockerRunConfig=null], submissionResult=null]], publicSshKey=ssh-rsa AAAAB3NzaC1yc2EAAAADAQABAAACAQCOPdMsxRE2jFJ/UEa5/LsBxtwzJcrh3/rYBCQvcMeVpiRfhzQPWu7mrt/G2Ew+i+vRloGH9aqKg6dd1liRncao53Zmd/ePxoatXePNhmzTfkCkcSkTUz7B+QMjkoDDV5jwuFPD6mF3JkhuzSi64n9Zy905t4w2IhVcjM2mL3eYNjiCXt6Qpq3Pkt7dM/Ksw1nxnvuiIALuJLB3FTkXkHqq3PJav+9HSq2r6ZaWgekneaGxlQlb+U+Vy3XOuArKAzK8c8i+0bR+AHiTG6ncYXt7ax3U+TdlDTF7OLP3umwaYjs1NBXOHwG42pevvpKn2fqavZZozk+M05jXLx3bq0O7itxfErWc7etky8qYPyyIMF/txQIVLd78+Ze4d7Y60t5MGbXM5cGE6fFif5fEJwgswXD+BrG0cafz1CTatjSKFdvp8Vp4VszXhHDan1PrP6JEFJ5Cc5GDmLRZPCFa3vL9f5qXgf4bkqKN8MYeEujwJE5nMRWoiJVNakix2bcrrneQMBlnYeYZVWXXXUusAQBzl4NgddC1umZpihZkL1b1MffZAUW3EGEXi7KHnllQhkTLLsQ8ntMgbylqaJKStqaXlLvdeRJcEnUuiFCrHEVVbXRFZR7XVDZ02CE5o3MuaRPty8Kh+jRTF3COlAckHwYEJCNNJvXFgb2CNXL4mjzYDw== test@localhost]
    23:45:08.282 | 566 localvc.event-13 | DEBUG | s.l.LocalCIWebsocketMessagingService : Sending message on topic /topic/admin/build-agents: [BuildAgentInformation[buildAgent=BuildAgentDTO[name=artemis-build-agent-test, memberAddress=[127.0.0.1]:5703, displayName=artemis-build-agent-test], maxNumberOfConcurrentBuildJobs=1, numberOfCurrentBuildJobs=0, runningBuildJobs=[], status=IDLE, recentBuildJobs=null, publicSshKey=null]]
    23:45:08.282 | 588 artemis-task-1   | DEBUG | d.t.c.a.a.c.c.w.GzipMessageConverter : Compressed message payload from 255 to 232 (saved 9.0% payload size)
    23:45:08.283 | 566 localvc.event-13 | DEBUG | s.l.LocalCIWebsocketMessagingService : Sending message on topic /topic/admin/build-agent/artemis-build-agent-test: BuildAgentInformation[buildAgent=BuildAgentDTO[name=artemis-build-agent-test, memberAddress=[127.0.0.1]:5703, displayName=artemis-build-agent-test], maxNumberOfConcurrentBuildJobs=1, numberOfCurrentBuildJobs=0, runningBuildJobs=[], status=IDLE, recentBuildJobs=[BuildJobQueueItem[id=19141739576708030, name=SHORT5F02A8F400311042E70858306EB148073CFDTSTEXC-LOCALVCINTSTUDENT1, buildAgent=BuildAgentDTO[name=artemis-build-agent-test, memberAddress=[127.0.0.1]:5703, displayName=artemis-build-agent-test], participationId=1914, courseId=947, exerciseId=2564, retryCount=0, priority=2, status=FAILED, repositoryInfo=RepositoryInfo[repositoryName=short5f02a8f400311042e70858306eb148073cfdtstexc-localvcintstudent1, repositoryType=user, triggeredByPushTo=user, assignmentRepositoryUri=http://localhost:49152/git/SHORT5F02A8F400311042E70858306EB148073CFDTSTEXC/short5f02a8f400311042e70858306eb148073cfdtstexc-localvcintstudent1.git, testRepositoryUri=http://localhost:49152/git/SHORT5F02A8F400311042E70858306EB148073CFDTSTEXC/short5f02a8f400311042e70858306eb148073cfdtstexc-tests.git, solutionRepositoryUri=null, auxiliaryRepositoryUris=[Ljava.lang.String;@6b44695a, auxiliaryRepositoryCheckoutDirectories=[Ljava.lang.String;@247fb102], jobTimingInfo=JobTimingInfo[submissionDate=2025-02-14T23:45:08.030118216Z[Etc/UTC], buildStartDate=2025-02-14T23:45:08.041011412Z[Etc/UTC], buildCompletionDate=2025-02-14T23:45:08.054603331Z[Etc/UTC], estimatedCompletionDate=2025-02-14T23:45:27.041005080Z[Etc/UTC], estimatedDuration=19], buildConfig=BuildConfig[buildScript=#!/bin/bash
cd /var/tmp/testing-dir
chmod +x ./gradlew
./gradlew clean test
, dockerImage=dummy-docker-image:latest, commitHashToBuild=6e7146cac5059504aa9d170ec3fa23aec740bb51, assignmentCommitHash=6e7146cac5059504aa9d170ec3fa23aec740bb51, testCommitHash=931e5303581c7a2f01339ba603cfafbfe668b901, branch=main, programmingLanguage=JAVA, projectType=PLAIN_GRADLE, scaEnabled=false, sequentialTestRunsEnabled=false, resultPaths=[/var/tmp/testing-dir/**/test-results/test/*.xml], timeoutSeconds=0, assignmentCheckoutPath=null, testCheckoutPath=null, solutionCheckoutPath=null, dockerRunConfig=null], submissionResult=ResultDTO[id=622, completionDate=2025-02-14T23:45:08.054683681Z[Etc/UTC], successful=false, score=0.0, rated=true, submission=SubmissionDTO[id=814, submitted=true, type=MANUAL, exampleSubmission=null, submissionDate=2025-02-14T23:45:08.016200Z, commitHash=6e7146cac5059504aa9d170ec3fa23aec740bb51, buildFailed=true, buildArtifact=false, participation=ParticipationDTO[id=1914, testRun=false, type=programming, submissionCount=null, exercise=ParticipationExerciseDTO[id=2564, exerciseType=PROGRAMMING, type=programming, assessmentType=AUTOMATIC, dueDate=2025-02-16T23:45:07.324348Z, assessmentDueDate=null, maxPoints=42.0, course=CourseDTO[id=947, accuracyOfScores=1]]], submissionExerciseType=programming, isProcessing=false, buildStartDate=null, estimatedCompletionDate=null], participation=ParticipationDTO[id=1914, testRun=false, type=programming, submissionCount=null, exercise=ParticipationExerciseDTO[id=2564, exerciseType=PROGRAMMING, type=programming, assessmentType=AUTOMATIC, dueDate=2025-02-16T23:45:07.324348Z, assessmentDueDate=null, maxPoints=42.0, course=CourseDTO[id=947, accuracyOfScores=1]]], feedbacks=[], assessmentType=AUTOMATIC, hasComplaint=null, exampleResult=null, testCaseCount=0, passedTestCaseCount=0, codeIssueCount=0]]], publicSshKey=ssh-rsa AAAAB3NzaC1yc2EAAAADAQABAAACAQCOPdMsxRE2jFJ/UEa5/LsBxtwzJcrh3/rYBCQvcMeVpiRfhzQPWu7mrt/G2Ew+i+vRloGH9aqKg6dd1liRncao53Zmd/ePxoatXePNhmzTfkCkcSkTUz7B+QMjkoDDV5jwuFPD6mF3JkhuzSi64n9Zy905t4w2IhVcjM2mL3eYNjiCXt6Qpq3Pkt7dM/Ksw1nxnvuiIALuJLB3FTkXkHqq3PJav+9HSq2r6ZaWgekneaGxlQlb+U+Vy3XOuArKAzK8c8i+0bR+AHiTG6ncYXt7ax3U+TdlDTF7OLP3umwaYjs1NBXOHwG42pevvpKn2fqavZZozk+M05jXLx3bq0O7itxfErWc7etky8qYPyyIMF/txQIVLd78+Ze4d7Y60t5MGbXM5cGE6fFif5fEJwgswXD+BrG0cafz1CTatjSKFdvp8Vp4VszXhHDan1PrP6JEFJ5Cc5GDmLRZPCFa3vL9f5qXgf4bkqKN8MYeEujwJE5nMRWoiJVNakix2bcrrneQMBlnYeYZVWXXXUusAQBzl4NgddC1umZpihZkL1b1MffZAUW3EGEXi7KHnllQhkTLLsQ8ntMgbylqaJKStqaXlLvdeRJcEnUuiFCrHEVVbXRFZR7XVDZ02CE5o3MuaRPty8Kh+jRTF3COlAckHwYEJCNNJvXFgb2CNXL4mjzYDw== test@localhost]
    23:45:08.283 | 566 localvc.event-13 | DEBUG | a.p.s.l.SharedQueueManagementService : Build agent updated: null

  Starting logs for LocalVCIntegrationTest > testFetchPush_programmingExerciseDoesNotExist()
    23:45:08.285 | 566 localvc.event-13 | DEBUG | a.p.s.l.LocalCIQueueWebsocketService : Build agent updated: BuildAgentInformation[buildAgent=BuildAgentDTO[name=artemis-build-agent-test, memberAddress=[127.0.0.1]:5703, displayName=artemis-build-agent-test], maxNumberOfConcurrentBuildJobs=1, numberOfCurrentBuildJobs=0, runningBuildJobs=[], status=IDLE, recentBuildJobs=[BuildJobQueueItem[id=19141739576708030, name=SHORT5F02A8F400311042E70858306EB148073CFDTSTEXC-LOCALVCINTSTUDENT1, buildAgent=BuildAgentDTO[name=artemis-build-agent-test, memberAddress=[127.0.0.1]:5703, displayName=artemis-build-agent-test], participationId=1914, courseId=947, exerciseId=2564, retryCount=0, priority=2, status=FAILED, repositoryInfo=RepositoryInfo[repositoryName=short5f02a8f400311042e70858306eb148073cfdtstexc-localvcintstudent1, repositoryType=user, triggeredByPushTo=user, assignmentRepositoryUri=http://localhost:49152/git/SHORT5F02A8F400311042E70858306EB148073CFDTSTEXC/short5f02a8f400311042e70858306eb148073cfdtstexc-localvcintstudent1.git, testRepositoryUri=http://localhost:49152/git/SHORT5F02A8F400311042E70858306EB148073CFDTSTEXC/short5f02a8f400311042e70858306eb148073cfdtstexc-tests.git, solutionRepositoryUri=null, auxiliaryRepositoryUris=[Ljava.lang.String;@41891c72, auxiliaryRepositoryCheckoutDirectories=[Ljava.lang.String;@9cfa3a0], jobTimingInfo=JobTimingInfo[submissionDate=2025-02-14T23:45:08.030118216Z[Etc/UTC], buildStartDate=2025-02-14T23:45:08.041011412Z[Etc/UTC], buildCompletionDate=2025-02-14T23:45:08.054603331Z[Etc/UTC], estimatedCompletionDate=2025-02-14T23:45:27.041005080Z[Etc/UTC], estimatedDuration=19], buildConfig=BuildConfig[buildScript=#!/bin/bash
cd /var/tmp/testing-dir
chmod +x ./gradlew
./gradlew clean test
, dockerImage=dummy-docker-image:latest, commitHashToBuild=6e7146cac5059504aa9d170ec3fa23aec740bb51, assignmentCommitHash=6e7146cac5059504aa9d170ec3fa23aec740bb51, testCommitHash=931e5303581c7a2f01339ba603cfafbfe668b901, branch=main, programmingLanguage=JAVA, projectType=PLAIN_GRADLE, scaEnabled=false, sequentialTestRunsEnabled=false, resultPaths=[/var/tmp/testing-dir/**/test-results/test/*.xml], timeoutSeconds=0, assignmentCheckoutPath=null, testCheckoutPath=null, solutionCheckoutPath=null, dockerRunConfig=null], submissionResult=ResultDTO[id=622, completionDate=2025-02-14T23:45:08.054683681Z[Etc/UTC], successful=false, score=0.0, rated=true, submission=SubmissionDTO[id=814, submitted=true, type=MANUAL, exampleSubmission=null, submissionDate=2025-02-14T23:45:08.016200Z, commitHash=6e7146cac5059504aa9d170ec3fa23aec740bb51, buildFailed=true, buildArtifact=false, participation=ParticipationDTO[id=1914, testRun=false, type=programming, submissionCount=null, exercise=ParticipationExerciseDTO[id=2564, exerciseType=PROGRAMMING, type=programming, assessmentType=AUTOMATIC, dueDate=2025-02-16T23:45:07.324348Z, assessmentDueDate=null, maxPoints=42.0, course=CourseDTO[id=947, accuracyOfScores=1]]], submissionExerciseType=programming, isProcessing=false, buildStartDate=null, estimatedCompletionDate=null], participation=ParticipationDTO[id=1914, testRun=false, type=programming, submissionCount=null, exercise=ParticipationExerciseDTO[id=2564, exerciseType=PROGRAMMING, type=programming, assessmentType=AUTOMATIC, dueDate=2025-02-16T23:45:07.324348Z, assessmentDueDate=null, maxPoints=42.0, course=CourseDTO[id=947, accuracyOfScores=1]]], feedbacks=[], assessmentType=AUTOMATIC, hasComplaint=null, exampleResult=null, testCaseCount=0, passedTestCaseCount=0, codeIssueCount=0]]], publicSshKey=ssh-rsa AAAAB3NzaC1yc2EAAAADAQABAAACAQCOPdMsxRE2jFJ/UEa5/LsBxtwzJcrh3/rYBCQvcMeVpiRfhzQPWu7mrt/G2Ew+i+vRloGH9aqKg6dd1liRncao53Zmd/ePxoatXePNhmzTfkCkcSkTUz7B+QMjkoDDV5jwuFPD6mF3JkhuzSi64n9Zy905t4w2IhVcjM2mL3eYNjiCXt6Qpq3Pkt7dM/Ksw1nxnvuiIALuJLB3FTkXkHqq3PJav+9HSq2r6ZaWgekneaGxlQlb+U+Vy3XOuArKAzK8c8i+0bR+AHiTG6ncYXt7ax3U+TdlDTF7OLP3umwaYjs1NBXOHwG42pevvpKn2fqavZZozk+M05jXLx3bq0O7itxfErWc7etky8qYPyyIMF/txQIVLd78+Ze4d7Y60t5MGbXM5cGE6fFif5fEJwgswXD+BrG0cafz1CTatjSKFdvp8Vp4VszXhHDan1PrP6JEFJ5Cc5GDmLRZPCFa3vL9f5qXgf4bkqKN8MYeEujwJE5nMRWoiJVNakix2bcrrneQMBlnYeYZVWXXXUusAQBzl4NgddC1umZpihZkL1b1MffZAUW3EGEXi7KHnllQhkTLLsQ8ntMgbylqaJKStqaXlLvdeRJcEnUuiFCrHEVVbXRFZR7XVDZ02CE5o3MuaRPty8Kh+jRTF3COlAckHwYEJCNNJvXFgb2CNXL4mjzYDw== test@localhost]
    23:45:08.286 | 588 artemis-task-1   | DEBUG | d.t.c.a.a.c.c.w.GzipMessageConverter : Compressed message payload from 4646 to 2464 (saved 47.0% payload size)
    23:45:08.286 | 566 localvc.event-13 | DEBUG | s.l.LocalCIWebsocketMessagingService : Sending message on topic /topic/admin/build-agents: [BuildAgentInformation[buildAgent=BuildAgentDTO[name=artemis-build-agent-test, memberAddress=[127.0.0.1]:5703, displayName=artemis-build-agent-test], maxNumberOfConcurrentBuildJobs=1, numberOfCurrentBuildJobs=0, runningBuildJobs=[], status=IDLE, recentBuildJobs=null, publicSshKey=null]]
    23:45:08.286 | 588 artemis-task-1   | DEBUG | d.t.c.a.a.c.c.w.GzipMessageConverter : Compressed message payload from 255 to 232 (saved 9.0% payload size)
    23:45:08.287 | 566 localvc.event-13 | DEBUG | s.l.LocalCIWebsocketMessagingService : Sending message on topic /topic/admin/build-agent/artemis-build-agent-test: BuildAgentInformation[buildAgent=BuildAgentDTO[name=artemis-build-agent-test, memberAddress=[127.0.0.1]:5703, displayName=artemis-build-agent-test], maxNumberOfConcurrentBuildJobs=1, numberOfCurrentBuildJobs=0, runningBuildJobs=[], status=IDLE, recentBuildJobs=[BuildJobQueueItem[id=19141739576708030, name=SHORT5F02A8F400311042E70858306EB148073CFDTSTEXC-LOCALVCINTSTUDENT1, buildAgent=BuildAgentDTO[name=artemis-build-agent-test, memberAddress=[127.0.0.1]:5703, displayName=artemis-build-agent-test], participationId=1914, courseId=947, exerciseId=2564, retryCount=0, priority=2, status=FAILED, repositoryInfo=RepositoryInfo[repositoryName=short5f02a8f400311042e70858306eb148073cfdtstexc-localvcintstudent1, repositoryType=user, triggeredByPushTo=user, assignmentRepositoryUri=http://localhost:49152/git/SHORT5F02A8F400311042E70858306EB148073CFDTSTEXC/short5f02a8f400311042e70858306eb148073cfdtstexc-localvcintstudent1.git, testRepositoryUri=http://localhost:49152/git/SHORT5F02A8F400311042E70858306EB148073CFDTSTEXC/short5f02a8f400311042e70858306eb148073cfdtstexc-tests.git, solutionRepositoryUri=null, auxiliaryRepositoryUris=[Ljava.lang.String;@5cabec44, auxiliaryRepositoryCheckoutDirectories=[Ljava.lang.String;@280d96d2], jobTimingInfo=JobTimingInfo[submissionDate=2025-02-14T23:45:08.030118216Z[Etc/UTC], buildStartDate=2025-02-14T23:45:08.041011412Z[Etc/UTC], buildCompletionDate=2025-02-14T23:45:08.054603331Z[Etc/UTC], estimatedCompletionDate=2025-02-14T23:45:27.041005080Z[Etc/UTC], estimatedDuration=19], buildConfig=BuildConfig[buildScript=#!/bin/bash
cd /var/tmp/testing-dir
chmod +x ./gradlew
./gradlew clean test
, dockerImage=dummy-docker-image:latest, commitHashToBuild=6e7146cac5059504aa9d170ec3fa23aec740bb51, assignmentCommitHash=6e7146cac5059504aa9d170ec3fa23aec740bb51, testCommitHash=931e5303581c7a2f01339ba603cfafbfe668b901, branch=main, programmingLanguage=JAVA, projectType=PLAIN_GRADLE, scaEnabled=false, sequentialTestRunsEnabled=false, resultPaths=[/var/tmp/testing-dir/**/test-results/test/*.xml], timeoutSeconds=0, assignmentCheckoutPath=null, testCheckoutPath=null, solutionCheckoutPath=null, dockerRunConfig=null], submissionResult=ResultDTO[id=622, completionDate=2025-02-14T23:45:08.054683681Z[Etc/UTC], successful=false, score=0.0, rated=true, submission=SubmissionDTO[id=814, submitted=true, type=MANUAL, exampleSubmission=null, submissionDate=2025-02-14T23:45:08.016200Z, commitHash=6e7146cac5059504aa9d170ec3fa23aec740bb51, buildFailed=true, buildArtifact=false, participation=ParticipationDTO[id=1914, testRun=false, type=programming, submissionCount=null, exercise=ParticipationExerciseDTO[id=2564, exerciseType=PROGRAMMING, type=programming, assessmentType=AUTOMATIC, dueDate=2025-02-16T23:45:07.324348Z, assessmentDueDate=null, maxPoints=42.0, course=CourseDTO[id=947, accuracyOfScores=1]]], submissionExerciseType=programming, isProcessing=false, buildStartDate=null, estimatedCompletionDate=null], participation=ParticipationDTO[id=1914, testRun=false, type=programming, submissionCount=null, exercise=ParticipationExerciseDTO[id=2564, exerciseType=PROGRAMMING, type=programming, assessmentType=AUTOMATIC, dueDate=2025-02-16T23:45:07.324348Z, assessmentDueDate=null, maxPoints=42.0, course=CourseDTO[id=947, accuracyOfScores=1]]], feedbacks=[], assessmentType=AUTOMATIC, hasComplaint=null, exampleResult=null, testCaseCount=0, passedTestCaseCount=0, codeIssueCount=0]]], publicSshKey=ssh-rsa AAAAB3NzaC1yc2EAAAADAQABAAACAQCOPdMsxRE2jFJ/UEa5/LsBxtwzJcrh3/rYBCQvcMeVpiRfhzQPWu7mrt/G2Ew+i+vRloGH9aqKg6dd1liRncao53Zmd/ePxoatXePNhmzTfkCkcSkTUz7B+QMjkoDDV5jwuFPD6mF3JkhuzSi64n9Zy905t4w2IhVcjM2mL3eYNjiCXt6Qpq3Pkt7dM/Ksw1nxnvuiIALuJLB3FTkXkHqq3PJav+9HSq2r6ZaWgekneaGxlQlb+U+Vy3XOuArKAzK8c8i+0bR+AHiTG6ncYXt7ax3U+TdlDTF7OLP3umwaYjs1NBXOHwG42pevvpKn2fqavZZozk+M05jXLx3bq0O7itxfErWc7etky8qYPyyIMF/txQIVLd78+Ze4d7Y60t5MGbXM5cGE6fFif5fEJwgswXD+BrG0cafz1CTatjSKFdvp8Vp4VszXhHDan1PrP6JEFJ5Cc5GDmLRZPCFa3vL9f5qXgf4bkqKN8MYeEujwJE5nMRWoiJVNakix2bcrrneQMBlnYeYZVWXXXUusAQBzl4NgddC1umZpihZkL1b1MffZAUW3EGEXi7KHnllQhkTLLsQ8ntMgbylqaJKStqaXlLvdeRJcEnUuiFCrHEVVbXRFZR7XVDZ02CE5o3MuaRPty8Kh+jRTF3COlAckHwYEJCNNJvXFgb2CNXL4mjzYDw== test@localhost]
    23:45:08.287 | 566 localvc.event-13 | DEBUG | a.p.s.l.SharedQueueManagementService : Build agent updated: null
    23:45:08.287 | 588 artemis-task-1   | DEBUG | d.t.c.a.a.c.c.w.GzipMessageConverter : Compressed message payload from 4646 to 2464 (saved 47.0% payload size)
    23:45:08.297 | 476 ool-1-worker-240 | DEBUG | d.t.c.a.a.c.u.util.UserUtilService   : Generate 2 students...
    23:45:08.306 | 476 ool-1-worker-240 | DEBUG | d.t.c.a.a.c.u.util.UserUtilService   : 2 students generated. Generate 1 tutors...
    23:45:08.310 | 476 ool-1-worker-240 | DEBUG | d.t.c.a.a.c.u.util.UserUtilService   : 1 tutors generated. Generate 0 editors...
    23:45:08.312 | 476 ool-1-worker-240 | DEBUG | d.t.c.a.a.c.u.util.UserUtilService   : 0 editors generated. Generate 2 instructors...
    23:45:08.316 | 476 ool-1-worker-240 | DEBUG | d.t.c.a.a.c.u.util.UserUtilService   : 2 instructors generated
    23:45:08.317 | 476 ool-1-worker-240 | DEBUG | d.t.c.a.a.c.u.util.UserUtilService   : Removing 4 users from all courses...
    23:45:08.318 | 476 ool-1-worker-240 | DEBUG | d.t.c.a.a.c.u.util.UserUtilService   : Removing 4 users from all courses. Done
    23:45:08.318 | 476 ool-1-worker-240 | DEBUG | d.t.c.a.a.c.u.util.UserUtilService   : Save 5 users to database...
    23:45:08.326 | 476 ool-1-worker-240 | DEBUG | d.t.c.a.a.c.u.util.UserUtilService   : Save 5 users to database. Done
    23:45:08.529 | 476 ool-1-worker-240 | INFO  | i.z.t.d.l.EmbeddedDatabaseReporter   : JDBC URL to connect to 'dataSource': url='jdbc:h2:tcp://localhost:41063/mem:f240edcd-27ce-47a3-b4ab-a6a00c154135;USER=sa', scope='LocalVCIntegrationTest#testFetchPush_programmingExerciseDoesNotExist'
    23:45:08.574 | 608 nio-49152-exec-7 | DEBUG | d.t.c.a.a.c.s.f.ApiVersionFilter     : Adding Version to Request GET /git/SOMEPROJECTKEY/someprojectkey-some-repository-slug.git/info/refs
    23:45:08.574 | 608 nio-49152-exec-7 | DEBUG | .t.c.a.a.p.s.l.LocalVCServletService : Path to resolve repository from: /tmp/SOMEPROJECTKEY/someprojectkey-some-repository-slug.git
    23:45:08.574 | 608 nio-49152-exec-7 | DEBUG | .t.c.a.a.p.s.l.LocalVCServletService : Opening local repository SOMEPROJECTKEY/someprojectkey-some-repository-slug.git
    23:45:08.576 | 608 nio-49152-exec-7 | DEBUG | .t.c.a.a.p.s.l.LocalVCServletService : Resolving repository for repository SOMEPROJECTKEY/someprojectkey-some-repository-slug.git took 1.61ms
    23:45:08.576 | 608 nio-49152-exec-7 | DEBUG | d.t.c.a.a.p.s.l.LocalVCFetchFilter   : Trying to fetch repository /git/SOMEPROJECTKEY/someprojectkey-some-repository-slug.git/info/refs
    23:45:08.579 | 608 nio-49152-exec-7 | ERROR | .t.c.a.a.p.s.l.LocalVCServletService : Internal server error while trying to access repository /git/SOMEPROJECTKEY/someprojectkey-some-repository-slug.git/info/refs: Could not find single programming exercise with project key SOMEPROJECTKEY
    23:45:08.598 | 609 nio-49152-exec-8 | DEBUG | d.t.c.a.a.c.s.f.ApiVersionFilter     : Adding Version to Request GET /git/SOMEPROJECTKEY/someprojectkey-some-repository-slug.git/info/refs
    23:45:08.598 | 609 nio-49152-exec-8 | DEBUG | .t.c.a.a.p.s.l.LocalVCServletService : Path to resolve repository from: /tmp/SOMEPROJECTKEY/someprojectkey-some-repository-slug.git
    23:45:08.598 | 609 nio-49152-exec-8 | DEBUG | .t.c.a.a.p.s.l.LocalVCServletService : Retrieving cached local repository SOMEPROJECTKEY/someprojectkey-some-repository-slug.git
    23:45:08.598 | 609 nio-49152-exec-8 | DEBUG | .t.c.a.a.p.s.l.LocalVCServletService : Resolving repository for repository SOMEPROJECTKEY/someprojectkey-some-repository-slug.git took 32µs
    23:45:08.600 | 609 nio-49152-exec-8 | DEBUG | d.t.c.a.a.p.s.l.LocalVCPushFilter    : Trying to push to repository /git/SOMEPROJECTKEY/someprojectkey-some-repository-slug.git/info/refs
    23:45:08.602 | 609 nio-49152-exec-8 | ERROR | .t.c.a.a.p.s.l.LocalVCServletService : Internal server error while trying to access repository /git/SOMEPROJECTKEY/someprojectkey-some-repository-slug.git/info/refs: Could not find single programming exercise with project key SOMEPROJECTKEY

  Starting logs for LocalVCIntegrationTest > testFetchPush_repositoryDoesNotExist()
    23:45:08.709 | 476 ool-1-worker-240 | DEBUG | d.t.c.a.a.c.u.util.UserUtilService   : Generate 2 students...
    23:45:08.714 | 476 ool-1-worker-240 | DEBUG | d.t.c.a.a.c.u.util.UserUtilService   : 2 students generated. Generate 1 tutors...
    23:45:08.722 | 476 ool-1-worker-240 | DEBUG | d.t.c.a.a.c.u.util.UserUtilService   : 1 tutors generated. Generate 0 editors...
    23:45:08.723 | 476 ool-1-worker-240 | DEBUG | d.t.c.a.a.c.u.util.UserUtilService   : 0 editors generated. Generate 2 instructors...
    23:45:08.730 | 476 ool-1-worker-240 | DEBUG | d.t.c.a.a.c.u.util.UserUtilService   : 2 instructors generated
    23:45:08.731 | 476 ool-1-worker-240 | DEBUG | d.t.c.a.a.c.u.util.UserUtilService   : Removing 4 users from all courses...
    23:45:08.735 | 476 ool-1-worker-240 | DEBUG | d.t.c.a.a.c.u.util.UserUtilService   : Removing 4 users from all courses. Done
    23:45:08.735 | 476 ool-1-worker-240 | DEBUG | d.t.c.a.a.c.u.util.UserUtilService   : Save 5 users to database...
    23:45:08.745 | 476 ool-1-worker-240 | DEBUG | d.t.c.a.a.c.u.util.UserUtilService   : Save 5 users to database. Done
    23:45:08.939 | 476 ool-1-worker-240 | INFO  | i.z.t.d.l.EmbeddedDatabaseReporter   : JDBC URL to connect to 'dataSource': url='jdbc:h2:tcp://localhost:41063/mem:f240edcd-27ce-47a3-b4ab-a6a00c154135;USER=sa', scope='LocalVCIntegrationTest#testFetchPush_repositoryDoesNotExist'
    23:45:08.990 | 610 nio-49152-exec-9 | DEBUG | d.t.c.a.a.c.s.f.ApiVersionFilter     : Adding Version to Request GET /git/SOMEPROJECTKEY/some-repository-slug.git/info/refs
    23:45:08.990 | 610 nio-49152-exec-9 | DEBUG | .t.c.a.a.p.s.l.LocalVCServletService : Path to resolve repository from: /tmp/SOMEPROJECTKEY/some-repository-slug.git
    23:45:08.990 | 610 nio-49152-exec-9 | ERROR | .t.c.a.a.p.s.l.LocalVCServletService : Could not find local repository with name SOMEPROJECTKEY/some-repository-slug.git
    23:45:09.005 | 611 io-49152-exec-10 | DEBUG | d.t.c.a.a.c.s.f.ApiVersionFilter     : Adding Version to Request GET /git/SOMEPROJECTKEY/some-repository-slug.git/info/refs
    23:45:09.005 | 611 io-49152-exec-10 | DEBUG | .t.c.a.a.p.s.l.LocalVCServletService : Path to resolve repository from: /tmp/SOMEPROJECTKEY/some-repository-slug.git
    23:45:09.005 | 611 io-49152-exec-10 | ERROR | .t.c.a.a.p.s.l.LocalVCServletService : Could not find local repository with name SOMEPROJECTKEY/some-repository-slug.git
    23:45:09.013 | 476 ool-1-worker-240 | WARN  | org.eclipse.jgit.lib.Repository      : close() called when useCnt is already zero for Repository[/tmp/SHORT789DF2E904753044400B05206E8E9FD07985TSTEXC/some-repository-slug.git]

  Starting logs for LocalVCIntegrationTest > testFetchPush_wrongCredentials()
    23:45:09.084 | 476 ool-1-worker-240 | DEBUG | d.t.c.a.a.c.u.util.UserUtilService   : Generate 2 students...
    23:45:09.092 | 476 ool-1-worker-240 | DEBUG | d.t.c.a.a.c.u.util.UserUtilService   : 2 students generated. Generate 1 tutors...
    23:45:09.097 | 476 ool-1-worker-240 | DEBUG | d.t.c.a.a.c.u.util.UserUtilService   : 1 tutors generated. Generate 0 editors...
    23:45:09.101 | 476 ool-1-worker-240 | DEBUG | d.t.c.a.a.c.u.util.UserUtilService   : 0 editors generated. Generate 2 instructors...
    23:45:09.108 | 476 ool-1-worker-240 | DEBUG | d.t.c.a.a.c.u.util.UserUtilService   : 2 instructors generated
    23:45:09.109 | 476 ool-1-worker-240 | DEBUG | d.t.c.a.a.c.u.util.UserUtilService   : Removing 4 users from all courses...
    23:45:09.112 | 476 ool-1-worker-240 | DEBUG | d.t.c.a.a.c.u.util.UserUtilService   : Removing 4 users from all courses. Done
    23:45:09.112 | 476 ool-1-worker-240 | DEBUG | d.t.c.a.a.c.u.util.UserUtilService   : Save 5 users to database...
    23:45:09.122 | 476 ool-1-worker-240 | DEBUG | d.t.c.a.a.c.u.util.UserUtilService   : Save 5 users to database. Done
    23:45:09.319 | 476 ool-1-worker-240 | INFO  | i.z.t.d.l.EmbeddedDatabaseReporter   : JDBC URL to connect to 'dataSource': url='jdbc:h2:tcp://localhost:41063/mem:f240edcd-27ce-47a3-b4ab-a6a00c154135;USER=sa', scope='LocalVCIntegrationTest#testFetchPush_wrongCredentials'
    23:45:09.329 | 602 nio-49152-exec-1 | DEBUG | d.t.c.a.a.c.s.f.ApiVersionFilter     : Adding Version to Request GET /git/SHORTE9D9125604538049DF099460F8DB9FD5BBE3TSTEXC/shorte9d9125604538049df099460f8db9fd5bbe3tstexc-localvcintstudent1.git/info/refs
    23:45:09.334 | 602 nio-49152-exec-1 | DEBUG | .t.c.a.a.p.s.l.LocalVCServletService : Path to resolve repository from: /tmp/SHORTE9D9125604538049DF099460F8DB9FD5BBE3TSTEXC/shorte9d9125604538049df099460f8db9fd5bbe3tstexc-localvcintstudent1.git
    23:45:09.334 | 602 nio-49152-exec-1 | DEBUG | .t.c.a.a.p.s.l.LocalVCServletService : Opening local repository SHORTE9D9125604538049DF099460F8DB9FD5BBE3TSTEXC/shorte9d9125604538049df099460f8db9fd5bbe3tstexc-localvcintstudent1.git
    23:45:09.335 | 602 nio-49152-exec-1 | DEBUG | .t.c.a.a.p.s.l.LocalVCServletService : Resolving repository for repository SHORTE9D9125604538049DF099460F8DB9FD5BBE3TSTEXC/shorte9d9125604538049df099460f8db9fd5bbe3tstexc-localvcintstudent1.git took 1.46ms
    23:45:09.335 | 602 nio-49152-exec-1 | DEBUG | d.t.c.a.a.p.s.l.LocalVCFetchFilter   : Trying to fetch repository /git/SHORTE9D9125604538049DF099460F8DB9FD5BBE3TSTEXC/shorte9d9125604538049df099460f8db9fd5bbe3tstexc-localvcintstudent1.git/info/refs
    23:45:09.340 | 602 nio-49152-exec-1 | DEBUG | t.c.a.a.c.s.DomainUserDetailsService : Authenticating localvcintstudent1
    23:45:09.344 | 602 nio-49152-exec-1 | DEBUG | t.c.a.a.c.s.DomainUserDetailsService : Authenticating localvcintstudent1
    23:45:09.351 | 602 nio-49152-exec-1 | WARN  | o.z.p.spring.common.AdviceTraits     : Unauthorized: Bad credentials
    23:45:09.369 | 603 nio-49152-exec-2 | DEBUG | d.t.c.a.a.c.s.f.ApiVersionFilter     : Adding Version to Request GET /git/SHORTE9D9125604538049DF099460F8DB9FD5BBE3TSTEXC/shorte9d9125604538049df099460f8db9fd5bbe3tstexc-localvcintstudent1.git/info/refs
    23:45:09.369 | 603 nio-49152-exec-2 | DEBUG | .t.c.a.a.p.s.l.LocalVCServletService : Path to resolve repository from: /tmp/SHORTE9D9125604538049DF099460F8DB9FD5BBE3TSTEXC/shorte9d9125604538049df099460f8db9fd5bbe3tstexc-localvcintstudent1.git
    23:45:09.369 | 603 nio-49152-exec-2 | DEBUG | .t.c.a.a.p.s.l.LocalVCServletService : Retrieving cached local repository SHORTE9D9125604538049DF099460F8DB9FD5BBE3TSTEXC/shorte9d9125604538049df099460f8db9fd5bbe3tstexc-localvcintstudent1.git
    23:45:09.369 | 603 nio-49152-exec-2 | DEBUG | .t.c.a.a.p.s.l.LocalVCServletService : Resolving repository for repository SHORTE9D9125604538049DF099460F8DB9FD5BBE3TSTEXC/shorte9d9125604538049df099460f8db9fd5bbe3tstexc-localvcintstudent1.git took 24µs
    23:45:09.369 | 603 nio-49152-exec-2 | DEBUG | d.t.c.a.a.p.s.l.LocalVCPushFilter    : Trying to push to repository /git/SHORTE9D9125604538049DF099460F8DB9FD5BBE3TSTEXC/shorte9d9125604538049df099460f8db9fd5bbe3tstexc-localvcintstudent1.git/info/refs
    23:45:09.383 | 603 nio-49152-exec-2 | DEBUG | t.c.a.a.c.s.DomainUserDetailsService : Authenticating localvcintstudent1
    23:45:09.388 | 603 nio-49152-exec-2 | DEBUG | t.c.a.a.c.s.DomainUserDetailsService : Authenticating localvcintstudent1
    23:45:09.396 | 603 nio-49152-exec-2 | WARN  | o.z.p.spring.common.AdviceTraits     : Unauthorized: Bad credentials
    23:45:09.408 | 604 nio-49152-exec-3 | DEBUG | d.t.c.a.a.c.s.f.ApiVersionFilter     : Adding Version to Request GET /git/SHORTE9D9125604538049DF099460F8DB9FD5BBE3TSTEXC/shorte9d9125604538049df099460f8db9fd5bbe3tstexc-localvcintstudent1.git/info/refs
    23:45:09.408 | 604 nio-49152-exec-3 | DEBUG | .t.c.a.a.p.s.l.LocalVCServletService : Path to resolve repository from: /tmp/SHORTE9D9125604538049DF099460F8DB9FD5BBE3TSTEXC/shorte9d9125604538049df099460f8db9fd5bbe3tstexc-localvcintstudent1.git
    23:45:09.408 | 604 nio-49152-exec-3 | DEBUG | .t.c.a.a.p.s.l.LocalVCServletService : Retrieving cached local repository SHORTE9D9125604538049DF099460F8DB9FD5BBE3TSTEXC/shorte9d9125604538049df099460f8db9fd5bbe3tstexc-localvcintstudent1.git
    23:45:09.408 | 604 nio-49152-exec-3 | DEBUG | .t.c.a.a.p.s.l.LocalVCServletService : Resolving repository for repository SHORTE9D9125604538049DF099460F8DB9FD5BBE3TSTEXC/shorte9d9125604538049df099460f8db9fd5bbe3tstexc-localvcintstudent1.git took 28µs
    23:45:09.408 | 604 nio-49152-exec-3 | DEBUG | d.t.c.a.a.p.s.l.LocalVCFetchFilter   : Trying to fetch repository /git/SHORTE9D9125604538049DF099460F8DB9FD5BBE3TSTEXC/shorte9d9125604538049df099460f8db9fd5bbe3tstexc-localvcintstudent1.git/info/refs
    23:45:09.419 | 605 nio-49152-exec-4 | DEBUG | d.t.c.a.a.c.s.f.ApiVersionFilter     : Adding Version to Request GET /git/SHORTE9D9125604538049DF099460F8DB9FD5BBE3TSTEXC/shorte9d9125604538049df099460f8db9fd5bbe3tstexc-localvcintstudent1.git/info/refs
    23:45:09.419 | 605 nio-49152-exec-4 | DEBUG | .t.c.a.a.p.s.l.LocalVCServletService : Path to resolve repository from: /tmp/SHORTE9D9125604538049DF099460F8DB9FD5BBE3TSTEXC/shorte9d9125604538049df099460f8db9fd5bbe3tstexc-localvcintstudent1.git
    23:45:09.419 | 605 nio-49152-exec-4 | DEBUG | .t.c.a.a.p.s.l.LocalVCServletService : Retrieving cached local repository SHORTE9D9125604538049DF099460F8DB9FD5BBE3TSTEXC/shorte9d9125604538049df099460f8db9fd5bbe3tstexc-localvcintstudent1.git
    23:45:09.419 | 605 nio-49152-exec-4 | DEBUG | .t.c.a.a.p.s.l.LocalVCServletService : Resolving repository for repository SHORTE9D9125604538049DF099460F8DB9FD5BBE3TSTEXC/shorte9d9125604538049df099460f8db9fd5bbe3tstexc-localvcintstudent1.git took 29µs
    23:45:09.419 | 605 nio-49152-exec-4 | DEBUG | d.t.c.a.a.p.s.l.LocalVCPushFilter    : Trying to push to repository /git/SHORTE9D9125604538049DF099460F8DB9FD5BBE3TSTEXC/shorte9d9125604538049df099460f8db9fd5bbe3tstexc-localvcintstudent1.git/info/refs

  Starting logs for LocalVCIntegrationTest > testFetchPush_offlineIDENotAllowed()
    23:45:09.497 | 476 ool-1-worker-240 | DEBUG | d.t.c.a.a.c.u.util.UserUtilService   : Generate 2 students...
    23:45:09.505 | 476 ool-1-worker-240 | DEBUG | d.t.c.a.a.c.u.util.UserUtilService   : 2 students generated. Generate 1 tutors...
    23:45:09.511 | 476 ool-1-worker-240 | DEBUG | d.t.c.a.a.c.u.util.UserUtilService   : 1 tutors generated. Generate 0 editors...
    23:45:09.551 | 476 ool-1-worker-240 | DEBUG | d.t.c.a.a.c.u.util.UserUtilService   : 0 editors generated. Generate 2 instructors...
    23:45:09.556 | 476 ool-1-worker-240 | DEBUG | d.t.c.a.a.c.u.util.UserUtilService   : 2 instructors generated
    23:45:09.557 | 476 ool-1-worker-240 | DEBUG | d.t.c.a.a.c.u.util.UserUtilService   : Removing 4 users from all courses...
    23:45:09.558 | 476 ool-1-worker-240 | DEBUG | d.t.c.a.a.c.u.util.UserUtilService   : Removing 4 users from all courses. Done
    23:45:09.558 | 476 ool-1-worker-240 | DEBUG | d.t.c.a.a.c.u.util.UserUtilService   : Save 5 users to database...
    23:45:09.564 | 476 ool-1-worker-240 | DEBUG | d.t.c.a.a.c.u.util.UserUtilService   : Save 5 users to database. Done
    23:45:09.694 | 476 ool-1-worker-240 | INFO  | i.z.t.d.l.EmbeddedDatabaseReporter   : JDBC URL to connect to 'dataSource': url='jdbc:h2:tcp://localhost:41063/mem:f240edcd-27ce-47a3-b4ab-a6a00c154135;USER=sa', scope='LocalVCIntegrationTest#testFetchPush_offlineIDENotAllowed'
    23:45:09.697 | 476 ool-1-worker-240 | DEBUG | PersonalAccessTokenManagementService : Generate secure vcs access token
    23:45:09.699 | 476 ool-1-worker-240 | DEBUG | .c.a.a.p.i.LocalVCLocalCITestService : Created participation with id: 1923
    23:45:09.704 | 610 nio-49152-exec-9 | DEBUG | d.t.c.a.a.c.s.f.ApiVersionFilter     : Adding Version to Request GET /git/SHORT8501A76A0966604ED90A6840D0448B9FCBBCTSTEXC/short8501a76a0966604ed90a6840d0448b9fcbbctstexc-localvcintstudent1.git/info/refs
    23:45:09.704 | 610 nio-49152-exec-9 | DEBUG | .t.c.a.a.p.s.l.LocalVCServletService : Path to resolve repository from: /tmp/SHORT8501A76A0966604ED90A6840D0448B9FCBBCTSTEXC/short8501a76a0966604ed90a6840d0448b9fcbbctstexc-localvcintstudent1.git
    23:45:09.704 | 610 nio-49152-exec-9 | DEBUG | .t.c.a.a.p.s.l.LocalVCServletService : Opening local repository SHORT8501A76A0966604ED90A6840D0448B9FCBBCTSTEXC/short8501a76a0966604ed90a6840d0448b9fcbbctstexc-localvcintstudent1.git
    23:45:09.705 | 610 nio-49152-exec-9 | DEBUG | .t.c.a.a.p.s.l.LocalVCServletService : Resolving repository for repository SHORT8501A76A0966604ED90A6840D0448B9FCBBCTSTEXC/short8501a76a0966604ed90a6840d0448b9fcbbctstexc-localvcintstudent1.git took 953µs
    23:45:09.705 | 610 nio-49152-exec-9 | DEBUG | d.t.c.a.a.p.s.l.LocalVCFetchFilter   : Trying to fetch repository /git/SHORT8501A76A0966604ED90A6840D0448B9FCBBCTSTEXC/short8501a76a0966604ed90a6840d0448b9fcbbctstexc-localvcintstudent1.git/info/refs
    23:45:09.710 | 610 nio-49152-exec-9 | DEBUG | t.c.a.a.c.s.DomainUserDetailsService : Authenticating localvcintstudent1
    23:45:09.719 | 611 io-49152-exec-10 | DEBUG | d.t.c.a.a.c.s.f.ApiVersionFilter     : Adding Version to Request GET /git/SHORT8501A76A0966604ED90A6840D0448B9FCBBCTSTEXC/short8501a76a0966604ed90a6840d0448b9fcbbctstexc-localvcintstudent1.git/info/refs
    23:45:09.719 | 611 io-49152-exec-10 | DEBUG | .t.c.a.a.p.s.l.LocalVCServletService : Path to resolve repository from: /tmp/SHORT8501A76A0966604ED90A6840D0448B9FCBBCTSTEXC/short8501a76a0966604ed90a6840d0448b9fcbbctstexc-localvcintstudent1.git
    23:45:09.719 | 611 io-49152-exec-10 | DEBUG | .t.c.a.a.p.s.l.LocalVCServletService : Retrieving cached local repository SHORT8501A76A0966604ED90A6840D0448B9FCBBCTSTEXC/short8501a76a0966604ed90a6840d0448b9fcbbctstexc-localvcintstudent1.git
    23:45:09.719 | 611 io-49152-exec-10 | DEBUG | .t.c.a.a.p.s.l.LocalVCServletService : Resolving repository for repository SHORT8501A76A0966604ED90A6840D0448B9FCBBCTSTEXC/short8501a76a0966604ed90a6840d0448b9fcbbctstexc-localvcintstudent1.git took 26µs
    23:45:09.719 | 611 io-49152-exec-10 | DEBUG | d.t.c.a.a.p.s.l.LocalVCPushFilter    : Trying to push to repository /git/SHORT8501A76A0966604ED90A6840D0448B9FCBBCTSTEXC/short8501a76a0966604ed90a6840d0448b9fcbbctstexc-localvcintstudent1.git/info/refs
    23:45:09.724 | 611 io-49152-exec-10 | DEBUG | t.c.a.a.c.s.DomainUserDetailsService : Authenticating localvcintstudent1
    23:45:09.732 | 602 nio-49152-exec-1 | DEBUG | d.t.c.a.a.c.s.f.ApiVersionFilter     : Adding Version to Request GET /git/SHORT8501A76A0966604ED90A6840D0448B9FCBBCTSTEXC/short8501a76a0966604ed90a6840d0448b9fcbbctstexc-localvcintstudent1.git/info/refs
    23:45:09.732 | 602 nio-49152-exec-1 | DEBUG | .t.c.a.a.p.s.l.LocalVCServletService : Path to resolve repository from: /tmp/SHORT8501A76A0966604ED90A6840D0448B9FCBBCTSTEXC/short8501a76a0966604ed90a6840d0448b9fcbbctstexc-localvcintstudent1.git
    23:45:09.732 | 602 nio-49152-exec-1 | DEBUG | .t.c.a.a.p.s.l.LocalVCServletService : Retrieving cached local repository SHORT8501A76A0966604ED90A6840D0448B9FCBBCTSTEXC/short8501a76a0966604ed90a6840d0448b9fcbbctstexc-localvcintstudent1.git
    23:45:09.732 | 602 nio-49152-exec-1 | DEBUG | .t.c.a.a.p.s.l.LocalVCServletService : Resolving repository for repository SHORT8501A76A0966604ED90A6840D0448B9FCBBCTSTEXC/short8501a76a0966604ed90a6840d0448b9fcbbctstexc-localvcintstudent1.git took 23µs
    23:45:09.733 | 602 nio-49152-exec-1 | DEBUG | d.t.c.a.a.p.s.l.LocalVCFetchFilter   : Trying to fetch repository /git/SHORT8501A76A0966604ED90A6840D0448B9FCBBCTSTEXC/short8501a76a0966604ed90a6840d0448b9fcbbctstexc-localvcintstudent1.git/info/refs
    23:45:09.737 | 602 nio-49152-exec-1 | DEBUG | t.c.a.a.c.s.DomainUserDetailsService : Authenticating localvcinttutor1
    23:45:09.747 | 602 nio-49152-exec-1 | DEBUG | .t.c.a.a.p.s.l.LocalVCServletService : Authorizing user localvcinttutor1 for repository http://localhost:49152/git/SHORT8501A76A0966604ED90A6840D0448B9FCBBCTSTEXC/short8501a76a0966604ed90a6840d0448b9fcbbctstexc-localvcintstudent1.git took 14.17ms
    23:45:09.747 | 588 artemis-task-1   | DEBUG | d.t.c.a.a.p.s.l.VcsAccessLogService  : Storing access operation for user User{login='localvcinttutor1', firstName='localvcinttutor1First', lastName='localvcinttutor1Last', email='localvcinttutor1@test.de', imageUrl='null', activated='true', langKey='en', activationKey='null'}
    23:45:09.757 | 603 nio-49152-exec-2 | DEBUG | d.t.c.a.a.c.s.f.ApiVersionFilter     : Adding Version to Request GET /git/SHORT8501A76A0966604ED90A6840D0448B9FCBBCTSTEXC/short8501a76a0966604ed90a6840d0448b9fcbbctstexc-localvcintstudent1.git/info/refs
    23:45:09.758 | 603 nio-49152-exec-2 | DEBUG | .t.c.a.a.p.s.l.LocalVCServletService : Path to resolve repository from: /tmp/SHORT8501A76A0966604ED90A6840D0448B9FCBBCTSTEXC/short8501a76a0966604ed90a6840d0448b9fcbbctstexc-localvcintstudent1.git
    23:45:09.758 | 603 nio-49152-exec-2 | DEBUG | .t.c.a.a.p.s.l.LocalVCServletService : Retrieving cached local repository SHORT8501A76A0966604ED90A6840D0448B9FCBBCTSTEXC/short8501a76a0966604ed90a6840d0448b9fcbbctstexc-localvcintstudent1.git
    23:45:09.758 | 603 nio-49152-exec-2 | DEBUG | .t.c.a.a.p.s.l.LocalVCServletService : Resolving repository for repository SHORT8501A76A0966604ED90A6840D0448B9FCBBCTSTEXC/short8501a76a0966604ed90a6840d0448b9fcbbctstexc-localvcintstudent1.git took 32µs
    23:45:09.758 | 603 nio-49152-exec-2 | DEBUG | d.t.c.a.a.p.s.l.LocalVCPushFilter    : Trying to push to repository /git/SHORT8501A76A0966604ED90A6840D0448B9FCBBCTSTEXC/short8501a76a0966604ed90a6840d0448b9fcbbctstexc-localvcintstudent1.git/info/refs
    23:45:09.764 | 603 nio-49152-exec-2 | DEBUG | t.c.a.a.c.s.DomainUserDetailsService : Authenticating localvcintinstructor1
    23:45:09.774 | 603 nio-49152-exec-2 | DEBUG | .t.c.a.a.p.s.l.LocalVCServletService : Authorizing user localvcintinstructor1 for repository http://localhost:49152/git/SHORT8501A76A0966604ED90A6840D0448B9FCBBCTSTEXC/short8501a76a0966604ed90a6840d0448b9fcbbctstexc-localvcintstudent1.git took 15.91ms
    23:45:09.774 | 588 artemis-task-1   | DEBUG | d.t.c.a.a.p.s.l.VcsAccessLogService  : Storing access operation for user User{login='localvcintinstructor1', firstName='localvcintinstructor1First', lastName='localvcintinstructor1Last', email='localvcintinstructor1@test.de', imageUrl='null', activated='true', langKey='en', activationKey='null'}

  Starting logs for LocalVCIntegrationTest > testRepositoryFolderName()
    23:45:09.816 | 476 ool-1-worker-240 | DEBUG | d.t.c.a.a.c.u.util.UserUtilService   : Generate 2 students...
    23:45:09.820 | 476 ool-1-worker-240 | DEBUG | d.t.c.a.a.c.u.util.UserUtilService   : 2 students generated. Generate 1 tutors...
    23:45:09.823 | 476 ool-1-worker-240 | DEBUG | d.t.c.a.a.c.u.util.UserUtilService   : 1 tutors generated. Generate 0 editors...
    23:45:09.824 | 476 ool-1-worker-240 | DEBUG | d.t.c.a.a.c.u.util.UserUtilService   : 0 editors generated. Generate 2 instructors...
    23:45:09.827 | 476 ool-1-worker-240 | DEBUG | d.t.c.a.a.c.u.util.UserUtilService   : 2 instructors generated
    23:45:09.829 | 476 ool-1-worker-240 | DEBUG | d.t.c.a.a.c.u.util.UserUtilService   : Removing 4 users from all courses...
    23:45:09.829 | 476 ool-1-worker-240 | DEBUG | d.t.c.a.a.c.u.util.UserUtilService   : Removing 4 users from all courses. Done
    23:45:09.829 | 476 ool-1-worker-240 | DEBUG | d.t.c.a.a.c.u.util.UserUtilService   : Save 5 users to database...
    23:45:09.833 | 476 ool-1-worker-240 | DEBUG | d.t.c.a.a.c.u.util.UserUtilService   : Save 5 users to database. Done
    23:45:09.964 | 476 ool-1-worker-240 | INFO  | i.z.t.d.l.EmbeddedDatabaseReporter   : JDBC URL to connect to 'dataSource': url='jdbc:h2:tcp://localhost:41063/mem:f240edcd-27ce-47a3-b4ab-a6a00c154135;USER=sa', scope='LocalVCIntegrationTest#testRepositoryFolderName'

  Starting logs for LocalVCIntegrationTest > testUserCreatesNewBranch()
    23:45:10.034 | 476 ool-1-worker-240 | DEBUG | d.t.c.a.a.c.u.util.UserUtilService   : Generate 2 students...
    23:45:10.038 | 476 ool-1-worker-240 | DEBUG | d.t.c.a.a.c.u.util.UserUtilService   : 2 students generated. Generate 1 tutors...
    23:45:10.041 | 476 ool-1-worker-240 | DEBUG | d.t.c.a.a.c.u.util.UserUtilService   : 1 tutors generated. Generate 0 editors...
    23:45:10.042 | 476 ool-1-worker-240 | DEBUG | d.t.c.a.a.c.u.util.UserUtilService   : 0 editors generated. Generate 2 instructors...
    23:45:10.046 | 476 ool-1-worker-240 | DEBUG | d.t.c.a.a.c.u.util.UserUtilService   : 2 instructors generated
    23:45:10.047 | 476 ool-1-worker-240 | DEBUG | d.t.c.a.a.c.u.util.UserUtilService   : Removing 4 users from all courses...
    23:45:10.048 | 476 ool-1-worker-240 | DEBUG | d.t.c.a.a.c.u.util.UserUtilService   : Removing 4 users from all courses. Done
    23:45:10.048 | 476 ool-1-worker-240 | DEBUG | d.t.c.a.a.c.u.util.UserUtilService   : Save 5 users to database...
    23:45:10.052 | 476 ool-1-worker-240 | DEBUG | d.t.c.a.a.c.u.util.UserUtilService   : Save 5 users to database. Done
    23:45:10.200 | 476 ool-1-worker-240 | INFO  | i.z.t.d.l.EmbeddedDatabaseReporter   : JDBC URL to connect to 'dataSource': url='jdbc:h2:tcp://localhost:41063/mem:f240edcd-27ce-47a3-b4ab-a6a00c154135;USER=sa', scope='LocalVCIntegrationTest#testUserCreatesNewBranch'
    23:45:10.204 | 476 ool-1-worker-240 | DEBUG | PersonalAccessTokenManagementService : Generate secure vcs access token
    23:45:10.206 | 476 ool-1-worker-240 | DEBUG | .c.a.a.p.i.LocalVCLocalCITestService : Created participation with id: 1928
    23:45:10.218 | 604 nio-49152-exec-3 | DEBUG | d.t.c.a.a.c.s.f.ApiVersionFilter     : Adding Version to Request GET /git/SHORT9A53C8D105DB204E57090C30F495512CE264TSTEXC/short9a53c8d105db204e57090c30f495512ce264tstexc-localvcintstudent1.git/info/refs
    23:45:10.218 | 604 nio-49152-exec-3 | DEBUG | .t.c.a.a.p.s.l.LocalVCServletService : Path to resolve repository from: /tmp/SHORT9A53C8D105DB204E57090C30F495512CE264TSTEXC/short9a53c8d105db204e57090c30f495512ce264tstexc-localvcintstudent1.git
    23:45:10.218 | 604 nio-49152-exec-3 | DEBUG | .t.c.a.a.p.s.l.LocalVCServletService : Opening local repository SHORT9A53C8D105DB204E57090C30F495512CE264TSTEXC/short9a53c8d105db204e57090c30f495512ce264tstexc-localvcintstudent1.git
    23:45:10.219 | 604 nio-49152-exec-3 | DEBUG | .t.c.a.a.p.s.l.LocalVCServletService : Resolving repository for repository SHORT9A53C8D105DB204E57090C30F495512CE264TSTEXC/short9a53c8d105db204e57090c30f495512ce264tstexc-localvcintstudent1.git took 1.00ms
    23:45:10.220 | 604 nio-49152-exec-3 | DEBUG | d.t.c.a.a.p.s.l.LocalVCPushFilter    : Trying to push to repository /git/SHORT9A53C8D105DB204E57090C30F495512CE264TSTEXC/short9a53c8d105db204e57090c30f495512ce264tstexc-localvcintstudent1.git/info/refs
    23:45:10.231 | 604 nio-49152-exec-3 | DEBUG | t.c.a.a.c.s.DomainUserDetailsService : Authenticating localvcintstudent1
    23:45:10.249 | 604 nio-49152-exec-3 | DEBUG | .t.c.a.a.p.s.l.LocalVCServletService : Authorizing user localvcintstudent1 for repository http://localhost:49152/git/SHORT9A53C8D105DB204E57090C30F495512CE264TSTEXC/short9a53c8d105db204e57090c30f495512ce264tstexc-localvcintstudent1.git took 29.08ms
    23:45:10.249 | 588 artemis-task-1   | DEBUG | d.t.c.a.a.p.s.l.VcsAccessLogService  : Storing access operation for user User{login='localvcintstudent1', firstName='localvcintstudent1First', lastName='localvcintstudent1Last', email='localvcintstudent1@test.de', imageUrl='null', activated='true', langKey='en', activationKey='null'}
    23:45:10.261 | 605 nio-49152-exec-4 | DEBUG | d.t.c.a.a.c.s.f.ApiVersionFilter     : Adding Version to Request POST /git/SHORT9A53C8D105DB204E57090C30F495512CE264TSTEXC/short9a53c8d105db204e57090c30f495512ce264tstexc-localvcintstudent1.git/git-receive-pack
    23:45:10.261 | 605 nio-49152-exec-4 | DEBUG | .t.c.a.a.p.s.l.LocalVCServletService : Path to resolve repository from: /tmp/SHORT9A53C8D105DB204E57090C30F495512CE264TSTEXC/short9a53c8d105db204e57090c30f495512ce264tstexc-localvcintstudent1.git
    23:45:10.261 | 605 nio-49152-exec-4 | DEBUG | .t.c.a.a.p.s.l.LocalVCServletService : Retrieving cached local repository SHORT9A53C8D105DB204E57090C30F495512CE264TSTEXC/short9a53c8d105db204e57090c30f495512ce264tstexc-localvcintstudent1.git
    23:45:10.261 | 605 nio-49152-exec-4 | DEBUG | .t.c.a.a.p.s.l.LocalVCServletService : Resolving repository for repository SHORT9A53C8D105DB204E57090C30F495512CE264TSTEXC/short9a53c8d105db204e57090c30f495512ce264tstexc-localvcintstudent1.git took 33µs
    23:45:10.263 | 605 nio-49152-exec-4 | DEBUG | d.t.c.a.a.p.s.l.LocalVCPushFilter    : Trying to push to repository /git/SHORT9A53C8D105DB204E57090C30F495512CE264TSTEXC/short9a53c8d105db204e57090c30f495512ce264tstexc-localvcintstudent1.git/git-receive-pack

  Starting logs for LocalVCIntegrationTest > testFetchPush_templateRepository_noParticipation()
    23:45:10.362 | 476 ool-1-worker-240 | DEBUG | d.t.c.a.a.c.u.util.UserUtilService   : Generate 2 students...
    23:45:10.369 | 476 ool-1-worker-240 | DEBUG | d.t.c.a.a.c.u.util.UserUtilService   : 2 students generated. Generate 1 tutors...
    23:45:10.375 | 476 ool-1-worker-240 | DEBUG | d.t.c.a.a.c.u.util.UserUtilService   : 1 tutors generated. Generate 0 editors...
    23:45:10.376 | 476 ool-1-worker-240 | DEBUG | d.t.c.a.a.c.u.util.UserUtilService   : 0 editors generated. Generate 2 instructors...
    23:45:10.380 | 476 ool-1-worker-240 | DEBUG | d.t.c.a.a.c.u.util.UserUtilService   : 2 instructors generated
    23:45:10.382 | 476 ool-1-worker-240 | DEBUG | d.t.c.a.a.c.u.util.UserUtilService   : Removing 4 users from all courses...
    23:45:10.382 | 476 ool-1-worker-240 | DEBUG | d.t.c.a.a.c.u.util.UserUtilService   : Removing 4 users from all courses. Done
    23:45:10.382 | 476 ool-1-worker-240 | DEBUG | d.t.c.a.a.c.u.util.UserUtilService   : Save 5 users to database...
    23:45:10.387 | 476 ool-1-worker-240 | DEBUG | d.t.c.a.a.c.u.util.UserUtilService   : Save 5 users to database. Done
    23:45:10.547 | 476 ool-1-worker-240 | INFO  | i.z.t.d.l.EmbeddedDatabaseReporter   : JDBC URL to connect to 'dataSource': url='jdbc:h2:tcp://localhost:41063/mem:f240edcd-27ce-47a3-b4ab-a6a00c154135;USER=sa', scope='LocalVCIntegrationTest#testFetchPush_templateRepository_noParticipation'
    23:45:10.561 | 607 nio-49152-exec-6 | DEBUG | d.t.c.a.a.c.s.f.ApiVersionFilter     : Adding Version to Request GET /git/SHORTA34B939C0FE8F049500A2B70685FD94FDA70TSTEXC/shorta34b939c0fe8f049500a2b70685fd94fda70tstexc-exercise.git/info/refs
    23:45:10.561 | 607 nio-49152-exec-6 | DEBUG | .t.c.a.a.p.s.l.LocalVCServletService : Path to resolve repository from: /tmp/SHORTA34B939C0FE8F049500A2B70685FD94FDA70TSTEXC/shorta34b939c0fe8f049500a2b70685fd94fda70tstexc-exercise.git
    23:45:10.561 | 607 nio-49152-exec-6 | DEBUG | .t.c.a.a.p.s.l.LocalVCServletService : Opening local repository SHORTA34B939C0FE8F049500A2B70685FD94FDA70TSTEXC/shorta34b939c0fe8f049500a2b70685fd94fda70tstexc-exercise.git
    23:45:10.573 | 607 nio-49152-exec-6 | DEBUG | .t.c.a.a.p.s.l.LocalVCServletService : Resolving repository for repository SHORTA34B939C0FE8F049500A2B70685FD94FDA70TSTEXC/shorta34b939c0fe8f049500a2b70685fd94fda70tstexc-exercise.git took 11.87ms
    23:45:10.573 | 607 nio-49152-exec-6 | DEBUG | d.t.c.a.a.p.s.l.LocalVCFetchFilter   : Trying to fetch repository /git/SHORTA34B939C0FE8F049500A2B70685FD94FDA70TSTEXC/shorta34b939c0fe8f049500a2b70685fd94fda70tstexc-exercise.git/info/refs
    23:45:10.581 | 607 nio-49152-exec-6 | DEBUG | t.c.a.a.c.s.DomainUserDetailsService : Authenticating localvcintinstructor1
    23:45:10.593 | 607 nio-49152-exec-6 | ERROR | .t.c.a.a.p.s.l.LocalVCServletService : Internal server error while trying to access repository /git/SHORTA34B939C0FE8F049500A2B70685FD94FDA70TSTEXC/shorta34b939c0fe8f049500a2b70685fd94fda70tstexc-exercise.git/info/refs: No participation found for repository with repository type or username exercise in exercise 2571
    23:45:10.598 | 606 nio-49152-exec-5 | DEBUG | d.t.c.a.a.c.s.f.ApiVersionFilter     : Adding Version to Request GET /git/SHORTA34B939C0FE8F049500A2B70685FD94FDA70TSTEXC/shorta34b939c0fe8f049500a2b70685fd94fda70tstexc-exercise.git/info/refs
    23:45:10.598 | 606 nio-49152-exec-5 | DEBUG | .t.c.a.a.p.s.l.LocalVCServletService : Path to resolve repository from: /tmp/SHORTA34B939C0FE8F049500A2B70685FD94FDA70TSTEXC/shorta34b939c0fe8f049500a2b70685fd94fda70tstexc-exercise.git
    23:45:10.598 | 606 nio-49152-exec-5 | DEBUG | .t.c.a.a.p.s.l.LocalVCServletService : Retrieving cached local repository SHORTA34B939C0FE8F049500A2B70685FD94FDA70TSTEXC/shorta34b939c0fe8f049500a2b70685fd94fda70tstexc-exercise.git
    23:45:10.598 | 606 nio-49152-exec-5 | DEBUG | .t.c.a.a.p.s.l.LocalVCServletService : Resolving repository for repository SHORTA34B939C0FE8F049500A2B70685FD94FDA70TSTEXC/shorta34b939c0fe8f049500a2b70685fd94fda70tstexc-exercise.git took 23µs
    23:45:10.601 | 606 nio-49152-exec-5 | DEBUG | d.t.c.a.a.p.s.l.LocalVCPushFilter    : Trying to push to repository /git/SHORTA34B939C0FE8F049500A2B70685FD94FDA70TSTEXC/shorta34b939c0fe8f049500a2b70685fd94fda70tstexc-exercise.git/info/refs
    23:45:10.614 | 606 nio-49152-exec-5 | DEBUG | t.c.a.a.c.s.DomainUserDetailsService : Authenticating localvcintinstructor1
    23:45:10.626 | 606 nio-49152-exec-5 | ERROR | .t.c.a.a.p.s.l.LocalVCServletService : Internal server error while trying to access repository /git/SHORTA34B939C0FE8F049500A2B70685FD94FDA70TSTEXC/shorta34b939c0fe8f049500a2b70685fd94fda70tstexc-exercise.git/info/refs: No participation found for repository with repository type or username exercise in exercise 2571

  Starting logs for LocalVCIntegrationTest > testUserTriesToDeleteBranch()
    23:45:10.699 | 476 ool-1-worker-240 | DEBUG | d.t.c.a.a.c.u.util.UserUtilService   : Generate 2 students...
    23:45:10.707 | 476 ool-1-worker-240 | DEBUG | d.t.c.a.a.c.u.util.UserUtilService   : 2 students generated. Generate 1 tutors...
    23:45:10.713 | 476 ool-1-worker-240 | DEBUG | d.t.c.a.a.c.u.util.UserUtilService   : 1 tutors generated. Generate 0 editors...
    23:45:10.717 | 476 ool-1-worker-240 | DEBUG | d.t.c.a.a.c.u.util.UserUtilService   : 0 editors generated. Generate 2 instructors...
    23:45:10.727 | 476 ool-1-worker-240 | DEBUG | d.t.c.a.a.c.u.util.UserUtilService   : 2 instructors generated
    23:45:10.728 | 476 ool-1-worker-240 | DEBUG | d.t.c.a.a.c.u.util.UserUtilService   : Removing 4 users from all courses...
    23:45:10.729 | 476 ool-1-worker-240 | DEBUG | d.t.c.a.a.c.u.util.UserUtilService   : Removing 4 users from all courses. Done
    23:45:10.729 | 476 ool-1-worker-240 | DEBUG | d.t.c.a.a.c.u.util.UserUtilService   : Save 5 users to database...
    23:45:10.736 | 476 ool-1-worker-240 | DEBUG | d.t.c.a.a.c.u.util.UserUtilService   : Save 5 users to database. Done
    23:45:10.894 | 476 ool-1-worker-240 | INFO  | i.z.t.d.l.EmbeddedDatabaseReporter   : JDBC URL to connect to 'dataSource': url='jdbc:h2:tcp://localhost:41063/mem:f240edcd-27ce-47a3-b4ab-a6a00c154135;USER=sa', scope='LocalVCIntegrationTest#testUserTriesToDeleteBranch'
    23:45:10.898 | 476 ool-1-worker-240 | DEBUG | PersonalAccessTokenManagementService : Generate secure vcs access token
    23:45:10.900 | 476 ool-1-worker-240 | DEBUG | .c.a.a.p.i.LocalVCLocalCITestService : Created participation with id: 1933
    23:45:10.905 | 608 nio-49152-exec-7 | DEBUG | d.t.c.a.a.c.s.f.ApiVersionFilter     : Adding Version to Request GET /git/SHORT62B9220C058DB0441A098F606F5A0A1EE920TSTEXC/short62b9220c058db0441a098f606f5a0a1ee920tstexc-localvcintstudent1.git/info/refs
    23:45:10.905 | 608 nio-49152-exec-7 | DEBUG | .t.c.a.a.p.s.l.LocalVCServletService : Path to resolve repository from: /tmp/SHORT62B9220C058DB0441A098F606F5A0A1EE920TSTEXC/short62b9220c058db0441a098f606f5a0a1ee920tstexc-localvcintstudent1.git
    23:45:10.905 | 608 nio-49152-exec-7 | DEBUG | .t.c.a.a.p.s.l.LocalVCServletService : Opening local repository SHORT62B9220C058DB0441A098F606F5A0A1EE920TSTEXC/short62b9220c058db0441a098f606f5a0a1ee920tstexc-localvcintstudent1.git
    23:45:10.906 | 608 nio-49152-exec-7 | DEBUG | .t.c.a.a.p.s.l.LocalVCServletService : Resolving repository for repository SHORT62B9220C058DB0441A098F606F5A0A1EE920TSTEXC/short62b9220c058db0441a098f606f5a0a1ee920tstexc-localvcintstudent1.git took 975µs
    23:45:10.906 | 608 nio-49152-exec-7 | DEBUG | d.t.c.a.a.p.s.l.LocalVCPushFilter    : Trying to push to repository /git/SHORT62B9220C058DB0441A098F606F5A0A1EE920TSTEXC/short62b9220c058db0441a098f606f5a0a1ee920tstexc-localvcintstudent1.git/info/refs
    23:45:10.911 | 608 nio-49152-exec-7 | DEBUG | t.c.a.a.c.s.DomainUserDetailsService : Authenticating localvcintstudent1
    23:45:10.921 | 608 nio-49152-exec-7 | DEBUG | .t.c.a.a.p.s.l.LocalVCServletService : Authorizing user localvcintstudent1 for repository http://localhost:49152/git/SHORT62B9220C058DB0441A098F606F5A0A1EE920TSTEXC/short62b9220c058db0441a098f606f5a0a1ee920tstexc-localvcintstudent1.git took 14.42ms
    23:45:10.921 | 588 artemis-task-1   | DEBUG | d.t.c.a.a.p.s.l.VcsAccessLogService  : Storing access operation for user User{login='localvcintstudent1', firstName='localvcintstudent1First', lastName='localvcintstudent1Last', email='localvcintstudent1@test.de', imageUrl='null', activated='true', langKey='en', activationKey='null'}
    23:45:10.927 | 609 nio-49152-exec-8 | DEBUG | d.t.c.a.a.c.s.f.ApiVersionFilter     : Adding Version to Request POST /git/SHORT62B9220C058DB0441A098F606F5A0A1EE920TSTEXC/short62b9220c058db0441a098f606f5a0a1ee920tstexc-localvcintstudent1.git/git-receive-pack
    23:45:10.927 | 609 nio-49152-exec-8 | DEBUG | .t.c.a.a.p.s.l.LocalVCServletService : Path to resolve repository from: /tmp/SHORT62B9220C058DB0441A098F606F5A0A1EE920TSTEXC/short62b9220c058db0441a098f606f5a0a1ee920tstexc-localvcintstudent1.git
    23:45:10.927 | 609 nio-49152-exec-8 | DEBUG | .t.c.a.a.p.s.l.LocalVCServletService : Retrieving cached local repository SHORT62B9220C058DB0441A098F606F5A0A1EE920TSTEXC/short62b9220c058db0441a098f606f5a0a1ee920tstexc-localvcintstudent1.git
    23:45:10.927 | 609 nio-49152-exec-8 | DEBUG | .t.c.a.a.p.s.l.LocalVCServletService : Resolving repository for repository SHORT62B9220C058DB0441A098F606F5A0A1EE920TSTEXC/short62b9220c058db0441a098f606f5a0a1ee920tstexc-localvcintstudent1.git took 27µs
    23:45:10.928 | 609 nio-49152-exec-8 | DEBUG | d.t.c.a.a.p.s.l.LocalVCPushFilter    : Trying to push to repository /git/SHORT62B9220C058DB0441A098F606F5A0A1EE920TSTEXC/short62b9220c058db0441a098f606f5a0a1ee920tstexc-localvcintstudent1.git/git-receive-pack

  Starting logs for LocalVCIntegrationTest > testInstructorTriesToForcePushOverHttp()
    23:45:10.974 | 476 ool-1-worker-240 | DEBUG | d.t.c.a.a.c.u.util.UserUtilService   : Generate 2 students...
    23:45:10.978 | 476 ool-1-worker-240 | DEBUG | d.t.c.a.a.c.u.util.UserUtilService   : 2 students generated. Generate 1 tutors...
    23:45:10.981 | 476 ool-1-worker-240 | DEBUG | d.t.c.a.a.c.u.util.UserUtilService   : 1 tutors generated. Generate 0 editors...
    23:45:10.982 | 476 ool-1-worker-240 | DEBUG | d.t.c.a.a.c.u.util.UserUtilService   : 0 editors generated. Generate 2 instructors...
    23:45:10.987 | 476 ool-1-worker-240 | DEBUG | d.t.c.a.a.c.u.util.UserUtilService   : 2 instructors generated
    23:45:10.988 | 476 ool-1-worker-240 | DEBUG | d.t.c.a.a.c.u.util.UserUtilService   : Removing 4 users from all courses...
    23:45:10.989 | 476 ool-1-worker-240 | DEBUG | d.t.c.a.a.c.u.util.UserUtilService   : Removing 4 users from all courses. Done
    23:45:10.989 | 476 ool-1-worker-240 | DEBUG | d.t.c.a.a.c.u.util.UserUtilService   : Save 5 users to database...
    23:45:10.994 | 476 ool-1-worker-240 | DEBUG | d.t.c.a.a.c.u.util.UserUtilService   : Save 5 users to database. Done
    23:45:11.148 | 476 ool-1-worker-240 | INFO  | i.z.t.d.l.EmbeddedDatabaseReporter   : JDBC URL to connect to 'dataSource': url='jdbc:h2:tcp://localhost:41063/mem:f240edcd-27ce-47a3-b4ab-a6a00c154135;USER=sa', scope='LocalVCIntegrationTest#testInstructorTriesToForcePushOverHttp'
    23:45:11.152 | 476 ool-1-worker-240 | DEBUG | PersonalAccessTokenManagementService : Generate secure vcs access token
    23:45:11.154 | 476 ool-1-worker-240 | DEBUG | .c.a.a.p.i.LocalVCLocalCITestService : Created participation with id: 1936
    23:45:11.165 | 610 nio-49152-exec-9 | DEBUG | d.t.c.a.a.c.s.f.ApiVersionFilter     : Adding Version to Request GET /git/SHORT9AFDAE3804CA304DDF0889A0CB0F56104A86TSTEXC/short9afdae3804ca304ddf0889a0cb0f56104a86tstexc-localvcintstudent1.git/info/refs
    23:45:11.165 | 610 nio-49152-exec-9 | DEBUG | .t.c.a.a.p.s.l.LocalVCServletService : Path to resolve repository from: /tmp/SHORT9AFDAE3804CA304DDF0889A0CB0F56104A86TSTEXC/short9afdae3804ca304ddf0889a0cb0f56104a86tstexc-localvcintstudent1.git
    23:45:11.165 | 610 nio-49152-exec-9 | DEBUG | .t.c.a.a.p.s.l.LocalVCServletService : Opening local repository SHORT9AFDAE3804CA304DDF0889A0CB0F56104A86TSTEXC/short9afdae3804ca304ddf0889a0cb0f56104a86tstexc-localvcintstudent1.git
    23:45:11.166 | 610 nio-49152-exec-9 | DEBUG | .t.c.a.a.p.s.l.LocalVCServletService : Resolving repository for repository SHORT9AFDAE3804CA304DDF0889A0CB0F56104A86TSTEXC/short9afdae3804ca304ddf0889a0cb0f56104a86tstexc-localvcintstudent1.git took 830µs
    23:45:11.166 | 610 nio-49152-exec-9 | DEBUG | d.t.c.a.a.p.s.l.LocalVCFetchFilter   : Trying to fetch repository /git/SHORT9AFDAE3804CA304DDF0889A0CB0F56104A86TSTEXC/short9afdae3804ca304ddf0889a0cb0f56104a86tstexc-localvcintstudent1.git/info/refs
    23:45:11.177 | 610 nio-49152-exec-9 | DEBUG | t.c.a.a.c.s.DomainUserDetailsService : Authenticating localvcintinstructor1
    23:45:11.191 | 610 nio-49152-exec-9 | DEBUG | .t.c.a.a.p.s.l.LocalVCServletService : Authorizing user localvcintinstructor1 for repository http://localhost:49152/git/SHORT9AFDAE3804CA304DDF0889A0CB0F56104A86TSTEXC/short9afdae3804ca304ddf0889a0cb0f56104a86tstexc-localvcintstudent1.git took 25.03ms
    23:45:11.191 | 588 artemis-task-1   | DEBUG | d.t.c.a.a.p.s.l.VcsAccessLogService  : Storing access operation for user User{login='localvcintinstructor1', firstName='localvcintinstructor1First', lastName='localvcintinstructor1Last', email='localvcintinstructor1@test.de', imageUrl='null', activated='true', langKey='en', activationKey='null'}
    23:45:11.206 | 611 io-49152-exec-10 | DEBUG | d.t.c.a.a.c.s.f.ApiVersionFilter     : Adding Version to Request POST /git/SHORT9AFDAE3804CA304DDF0889A0CB0F56104A86TSTEXC/short9afdae3804ca304ddf0889a0cb0f56104a86tstexc-localvcintstudent1.git/git-upload-pack
    23:45:11.207 | 611 io-49152-exec-10 | DEBUG | .t.c.a.a.p.s.l.LocalVCServletService : Path to resolve repository from: /tmp/SHORT9AFDAE3804CA304DDF0889A0CB0F56104A86TSTEXC/short9afdae3804ca304ddf0889a0cb0f56104a86tstexc-localvcintstudent1.git
    23:45:11.207 | 611 io-49152-exec-10 | DEBUG | .t.c.a.a.p.s.l.LocalVCServletService : Retrieving cached local repository SHORT9AFDAE3804CA304DDF0889A0CB0F56104A86TSTEXC/short9afdae3804ca304ddf0889a0cb0f56104a86tstexc-localvcintstudent1.git
    23:45:11.207 | 611 io-49152-exec-10 | DEBUG | .t.c.a.a.p.s.l.LocalVCServletService : Resolving repository for repository SHORT9AFDAE3804CA304DDF0889A0CB0F56104A86TSTEXC/short9afdae3804ca304ddf0889a0cb0f56104a86tstexc-localvcintstudent1.git took 26µs
    23:45:11.208 | 611 io-49152-exec-10 | DEBUG | d.t.c.a.a.p.s.l.LocalVCFetchFilter   : Trying to fetch repository /git/SHORT9AFDAE3804CA304DDF0889A0CB0F56104A86TSTEXC/short9afdae3804ca304ddf0889a0cb0f56104a86tstexc-localvcintstudent1.git/git-upload-pack
    23:45:11.245 | 602 nio-49152-exec-1 | DEBUG | d.t.c.a.a.c.s.f.ApiVersionFilter     : Adding Version to Request GET /git/SHORT9AFDAE3804CA304DDF0889A0CB0F56104A86TSTEXC/short9afdae3804ca304ddf0889a0cb0f56104a86tstexc-localvcintstudent1.git/info/refs
    23:45:11.245 | 602 nio-49152-exec-1 | DEBUG | .t.c.a.a.p.s.l.LocalVCServletService : Path to resolve repository from: /tmp/SHORT9AFDAE3804CA304DDF0889A0CB0F56104A86TSTEXC/short9afdae3804ca304ddf0889a0cb0f56104a86tstexc-localvcintstudent1.git
    23:45:11.245 | 602 nio-49152-exec-1 | DEBUG | .t.c.a.a.p.s.l.LocalVCServletService : Retrieving cached local repository SHORT9AFDAE3804CA304DDF0889A0CB0F56104A86TSTEXC/short9afdae3804ca304ddf0889a0cb0f56104a86tstexc-localvcintstudent1.git
    23:45:11.245 | 602 nio-49152-exec-1 | DEBUG | .t.c.a.a.p.s.l.LocalVCServletService : Resolving repository for repository SHORT9AFDAE3804CA304DDF0889A0CB0F56104A86TSTEXC/short9afdae3804ca304ddf0889a0cb0f56104a86tstexc-localvcintstudent1.git took 22µs
    23:45:11.245 | 602 nio-49152-exec-1 | DEBUG | d.t.c.a.a.p.s.l.LocalVCPushFilter    : Trying to push to repository /git/SHORT9AFDAE3804CA304DDF0889A0CB0F56104A86TSTEXC/short9afdae3804ca304ddf0889a0cb0f56104a86tstexc-localvcintstudent1.git/info/refs
    23:45:11.251 | 602 nio-49152-exec-1 | DEBUG | t.c.a.a.c.s.DomainUserDetailsService : Authenticating localvcintinstructor1
    23:45:11.260 | 602 nio-49152-exec-1 | DEBUG | .t.c.a.a.p.s.l.LocalVCServletService : Authorizing user localvcintinstructor1 for repository http://localhost:49152/git/SHORT9AFDAE3804CA304DDF0889A0CB0F56104A86TSTEXC/short9afdae3804ca304ddf0889a0cb0f56104a86tstexc-localvcintstudent1.git took 14.58ms
    23:45:11.263 | 588 artemis-task-1   | DEBUG | d.t.c.a.a.p.s.l.VcsAccessLogService  : Storing access operation for user User{login='localvcintinstructor1', firstName='localvcintinstructor1First', lastName='localvcintinstructor1Last', email='localvcintinstructor1@test.de', imageUrl='null', activated='true', langKey='en', activationKey='null'}
    23:45:11.270 | 603 nio-49152-exec-2 | DEBUG | d.t.c.a.a.c.s.f.ApiVersionFilter     : Adding Version to Request POST /git/SHORT9AFDAE3804CA304DDF0889A0CB0F56104A86TSTEXC/short9afdae3804ca304ddf0889a0cb0f56104a86tstexc-localvcintstudent1.git/git-receive-pack
    23:45:11.270 | 603 nio-49152-exec-2 | DEBUG | .t.c.a.a.p.s.l.LocalVCServletService : Path to resolve repository from: /tmp/SHORT9AFDAE3804CA304DDF0889A0CB0F56104A86TSTEXC/short9afdae3804ca304ddf0889a0cb0f56104a86tstexc-localvcintstudent1.git
    23:45:11.270 | 603 nio-49152-exec-2 | DEBUG | .t.c.a.a.p.s.l.LocalVCServletService : Retrieving cached local repository SHORT9AFDAE3804CA304DDF0889A0CB0F56104A86TSTEXC/short9afdae3804ca304ddf0889a0cb0f56104a86tstexc-localvcintstudent1.git
    23:45:11.270 | 603 nio-49152-exec-2 | DEBUG | .t.c.a.a.p.s.l.LocalVCServletService : Resolving repository for repository SHORT9AFDAE3804CA304DDF0889A0CB0F56104A86TSTEXC/short9afdae3804ca304ddf0889a0cb0f56104a86tstexc-localvcintstudent1.git took 29µs
    23:45:11.270 | 603 nio-49152-exec-2 | DEBUG | d.t.c.a.a.p.s.l.LocalVCPushFilter    : Trying to push to repository /git/SHORT9AFDAE3804CA304DDF0889A0CB0F56104A86TSTEXC/short9afdae3804ca304ddf0889a0cb0f56104a86tstexc-localvcintstudent1.git/git-receive-pack
    23:45:11.294 | 603 nio-49152-exec-2 | INFO  | a.a.p.s.ProgrammingSubmissionService : NotifyPush invoked due to the commit a1099e378cffde441ef85f9b12577ca174b8e1e4 by runner with runner@fv-az1721-502.3f4brhnmpvfezfvsf01bsr3jih.cx.internal.cloudapp.net in branch main
    23:45:11.294 | 603 nio-49152-exec-2 | INFO  | .t.c.a.a.p.s.l.LocalCITriggerService : Triggering build for participation 1936 and commit hash a1099e378cffde441ef85f9b12577ca174b8e1e4
    23:45:11.294 | 603 nio-49152-exec-2 | DEBUG | d.t.c.a.a.p.s.AbstractGitService     : getLastCommitHash http://localhost:49152/git/SHORT9AFDAE3804CA304DDF0889A0CB0F56104A86TSTEXC/short9afdae3804ca304ddf0889a0cb0f56104a86tstexc-localvcintstudent1.git
    23:45:11.294 | 603 nio-49152-exec-2 | ERROR | d.t.c.a.a.p.s.AbstractGitService     : Cannot use ssh properly because of mismatch of Jgit transport object: org.eclipse.jgit.transport.TransportLocal@12270eeb
    23:45:11.298 | 603 nio-49152-exec-2 | DEBUG | d.t.c.a.a.p.s.AbstractGitService     : getLastCommitHash http://localhost:49152/git/SHORT9AFDAE3804CA304DDF0889A0CB0F56104A86TSTEXC/short9afdae3804ca304ddf0889a0cb0f56104a86tstexc-tests.git
    23:45:11.299 | 603 nio-49152-exec-2 | ERROR | d.t.c.a.a.p.s.AbstractGitService     : Cannot use ssh properly because of mismatch of Jgit transport object: org.eclipse.jgit.transport.TransportLocal@642f5241
    23:45:11.310 | 566 localvc.event-13 | DEBUG | a.a.b.s.SharedQueueProcessingService : CIBuildJobQueueItem added to queue: BuildJobQueueItem[id=19361739576711303, name=SHORT9AFDAE3804CA304DDF0889A0CB0F56104A86TSTEXC-LOCALVCINTSTUDENT1, buildAgent=BuildAgentDTO[name=null, memberAddress=null, displayName=null], participationId=1936, courseId=956, exerciseId=2573, retryCount=0, priority=2, status=null, repositoryInfo=RepositoryInfo[repositoryName=short9afdae3804ca304ddf0889a0cb0f56104a86tstexc-localvcintstudent1, repositoryType=user, triggeredByPushTo=user, assignmentRepositoryUri=http://localhost:49152/git/SHORT9AFDAE3804CA304DDF0889A0CB0F56104A86TSTEXC/short9afdae3804ca304ddf0889a0cb0f56104a86tstexc-localvcintstudent1.git, testRepositoryUri=http://localhost:49152/git/SHORT9AFDAE3804CA304DDF0889A0CB0F56104A86TSTEXC/short9afdae3804ca304ddf0889a0cb0f56104a86tstexc-tests.git, solutionRepositoryUri=null, auxiliaryRepositoryUris=[Ljava.lang.String;@624f3924, auxiliaryRepositoryCheckoutDirectories=[Ljava.lang.String;@618520e5], jobTimingInfo=JobTimingInfo[submissionDate=2025-02-14T23:45:11.303805653Z[Etc/UTC], buildStartDate=null, buildCompletionDate=null, estimatedCompletionDate=null, estimatedDuration=19], buildConfig=BuildConfig[buildScript=#!/bin/bash
cd /var/tmp/testing-dir
chmod +x ./gradlew
./gradlew clean test
, dockerImage=dummy-docker-image:latest, commitHashToBuild=a1099e378cffde441ef85f9b12577ca174b8e1e4, assignmentCommitHash=a1099e378cffde441ef85f9b12577ca174b8e1e4, testCommitHash=bd38d61c299ab11a1dea82a3ca5493fe04d97d47, branch=main, programmingLanguage=JAVA, projectType=PLAIN_GRADLE, scaEnabled=false, sequentialTestRunsEnabled=false, resultPaths=[/var/tmp/testing-dir/**/test-results/test/*.xml], timeoutSeconds=0, assignmentCheckoutPath=null, testCheckoutPath=null, solutionCheckoutPath=null, dockerRunConfig=null], submissionResult=null]
    23:45:11.310 | 566 localvc.event-13 | DEBUG | a.a.b.s.SharedQueueProcessingService : Current queued items: 1
    23:45:11.310 | 566 localvc.event-13 | DEBUG | a.a.b.s.SharedQueueProcessingService : Currently processing jobs on this node: 0, active threads in Pool: 0, maximum pool size of thread executor : 1
    23:45:11.310 | 566 localvc.event-13 | DEBUG | a.a.b.s.SharedQueueProcessingService : Currently processing jobs on this node: 0, active threads in Pool: 0, maximum pool size of thread executor : 1
    23:45:11.314 | 603 nio-49152-exec-2 | INFO  | .t.c.a.a.p.s.l.LocalCITriggerService : Added build job 19361739576711303 for exercise TSTEXC and participation 1936 with priority 2 to the queue
    23:45:11.317 | 603 nio-49152-exec-2 | INFO  | a.a.p.s.ProgrammingSubmissionService : Create new programmingSubmission with commitHash: a1099e378cffde441ef85f9b12577ca174b8e1e4 for participation 1936
    23:45:11.317 | 566 localvc.event-13 | INFO  | a.a.b.s.SharedQueueProcessingService : Processing build job: BuildJobQueueItem[id=19361739576711303, name=SHORT9AFDAE3804CA304DDF0889A0CB0F56104A86TSTEXC-LOCALVCINTSTUDENT1, buildAgent=BuildAgentDTO[name=artemis-build-agent-test, memberAddress=[127.0.0.1]:5703, displayName=artemis-build-agent-test], participationId=1936, courseId=956, exerciseId=2573, retryCount=0, priority=2, status=null, repositoryInfo=RepositoryInfo[repositoryName=short9afdae3804ca304ddf0889a0cb0f56104a86tstexc-localvcintstudent1, repositoryType=user, triggeredByPushTo=user, assignmentRepositoryUri=http://localhost:49152/git/SHORT9AFDAE3804CA304DDF0889A0CB0F56104A86TSTEXC/short9afdae3804ca304ddf0889a0cb0f56104a86tstexc-localvcintstudent1.git, testRepositoryUri=http://localhost:49152/git/SHORT9AFDAE3804CA304DDF0889A0CB0F56104A86TSTEXC/short9afdae3804ca304ddf0889a0cb0f56104a86tstexc-tests.git, solutionRepositoryUri=null, auxiliaryRepositoryUris=[Ljava.lang.String;@1de62dfc, auxiliaryRepositoryCheckoutDirectories=[Ljava.lang.String;@3c694b49], jobTimingInfo=JobTimingInfo[submissionDate=2025-02-14T23:45:11.303805653Z[Etc/UTC], buildStartDate=2025-02-14T23:45:11.310981356Z[Etc/UTC], buildCompletionDate=null, estimatedCompletionDate=2025-02-14T23:45:30.310974944Z[Etc/UTC], estimatedDuration=19], buildConfig=BuildConfig[buildScript=#!/bin/bash
cd /var/tmp/testing-dir
chmod +x ./gradlew
./gradlew clean test
, dockerImage=dummy-docker-image:latest, commitHashToBuild=a1099e378cffde441ef85f9b12577ca174b8e1e4, assignmentCommitHash=a1099e378cffde441ef85f9b12577ca174b8e1e4, testCommitHash=bd38d61c299ab11a1dea82a3ca5493fe04d97d47, branch=main, programmingLanguage=JAVA, projectType=PLAIN_GRADLE, scaEnabled=false, sequentialTestRunsEnabled=false, resultPaths=[/var/tmp/testing-dir/**/test-results/test/*.xml], timeoutSeconds=0, assignmentCheckoutPath=null, testCheckoutPath=null, solutionCheckoutPath=null, dockerRunConfig=null], submissionResult=null]
    23:45:11.318 | 576 local-ci-build-0 | DEBUG | t.c.a.a.b.s.BuildJobExecutionService : ~~~~~~~~~~~~~~~~~~~~ Start Build Job 19361739576711303 ~~~~~~~~~~~~~~~~~~~~
    23:45:11.318 | 576 local-ci-build-0 | INFO  | .t.c.a.a.b.s.BuildAgentDockerService : ~~~~~~~~~~~~~~~~~~~~ Inspecting docker image dummy-docker-image:latest ~~~~~~~~~~~~~~~~~~~~
    23:45:11.318 | 576 local-ci-build-0 | ERROR | .t.c.a.a.b.s.BuildAgentDockerService : Docker image dummy-docker-image:latest is not compatible with the current architecture. Needed 'linux/amd64', but got 'null'
    23:45:11.318 | 566 localvc.event-13 | ERROR | .c.a.a.b.s.BuildJobManagementService : Error while executing build job 19361739576711303: de.tum.cit.aet.artemis.core.exception.LocalCIException: Could not pull Docker image dummy-docker-image:latest
java.util.concurrent.ExecutionException: de.tum.cit.aet.artemis.core.exception.LocalCIException: Could not pull Docker image dummy-docker-image:latest
	at java.base/java.util.concurrent.FutureTask.report(FutureTask.java:122)
	at java.base/java.util.concurrent.FutureTask.get(FutureTask.java:205)
	at de.tum.cit.aet.artemis.buildagent.service.BuildJobManagementService.lambda$executeBuildJob$2(BuildJobManagementService.java:165)
	at de.tum.cit.aet.artemis.buildagent.service.BuildJobManagementService.createCompletableFuture(BuildJobManagementService.java:236)
	at de.tum.cit.aet.artemis.buildagent.service.BuildJobManagementService.executeBuildJob(BuildJobManagementService.java:163)
	at de.tum.cit.aet.artemis.buildagent.service.SharedQueueProcessingService.processBuild(SharedQueueProcessingService.java:413)
	at de.tum.cit.aet.artemis.buildagent.service.SharedQueueProcessingService.checkAvailabilityAndProcessNextBuild(SharedQueueProcessingService.java:269)
	at de.tum.cit.aet.artemis.buildagent.service.SharedQueueProcessingService$QueuedBuildJobItemListener.itemAdded(SharedQueueProcessingService.java:594)
	at com.hazelcast.collection.impl.queue.QueueService.lambda$dispatchEvent$1(QueueService.java:277)
	at com.hazelcast.internal.namespace.impl.NoOpUserCodeNamespaceService.runWithNamespace(NoOpUserCodeNamespaceService.java:82)
	at com.hazelcast.internal.namespace.NamespaceUtil.runWithNamespace(NamespaceUtil.java:106)
	at com.hazelcast.collection.impl.queue.QueueService.dispatchEvent(QueueService.java:275)
	at com.hazelcast.collection.impl.queue.QueueService.dispatchEvent(QueueService.java:98)
	at com.hazelcast.spi.impl.eventservice.impl.LocalEventDispatcher.run(LocalEventDispatcher.java:64)
	at com.hazelcast.internal.util.executor.StripedExecutor$Worker.process(StripedExecutor.java:244)
	at com.hazelcast.internal.util.executor.StripedExecutor$Worker.run(StripedExecutor.java:227)
Caused by: de.tum.cit.aet.artemis.core.exception.LocalCIException: Could not pull Docker image dummy-docker-image:latest
	at de.tum.cit.aet.artemis.buildagent.service.BuildJobExecutionService.runBuildJob(BuildJobExecutionService.java:157)
	at java.base/jdk.internal.reflect.DirectMethodHandleAccessor.invoke(DirectMethodHandleAccessor.java:103)
	at java.base/java.lang.reflect.Method.invoke(Method.java:580)
	at org.springframework.aop.support.AopUtils.invokeJoinpointUsingReflection(AopUtils.java:359)
	at org.springframework.aop.framework.CglibAopProxy$DynamicAdvisedInterceptor.intercept(CglibAopProxy.java:723)
	at de.tum.cit.aet.artemis.buildagent.service.BuildJobExecutionService$$SpringCGLIB$$0.runBuildJob(<generated>)
	at de.tum.cit.aet.artemis.buildagent.service.BuildJobManagementService.lambda$executeBuildJob$1(BuildJobManagementService.java:129)
	at java.base/java.util.concurrent.FutureTask.run(FutureTask.java:317)
	at java.base/java.util.concurrent.ThreadPoolExecutor.runWorker(ThreadPoolExecutor.java:1144)
	at java.base/java.util.concurrent.ThreadPoolExecutor$Worker.run(ThreadPoolExecutor.java:642)
	at java.base/java.lang.Thread.run(Thread.java:1583)
Caused by: de.tum.cit.aet.artemis.core.exception.LocalCIException: Docker image dummy-docker-image:latest is not compatible with the current architecture. Needed 'linux/amd64', but got 'null'
	at de.tum.cit.aet.artemis.buildagent.service.BuildAgentDockerService.checkImageArchitecture(BuildAgentDockerService.java:291)
	at de.tum.cit.aet.artemis.buildagent.service.BuildAgentDockerService.pullDockerImage(BuildAgentDockerService.java:223)
	at de.tum.cit.aet.artemis.buildagent.service.BuildJobExecutionService.runBuildJob(BuildJobExecutionService.java:152)
	... 10 common frames omitted
    23:45:11.318 | 566 localvc.event-13 | INFO  | .c.a.a.b.s.BuildJobManagementService : Getting ID of running container local-ci-19361739576711303
    23:45:11.318 | 566 localvc.event-13 | INFO  | .c.a.a.b.s.BuildJobManagementService : Stopping unresponsive container with ID null
    23:45:11.319 | 566 localvc.event-13 | DEBUG | a.a.b.s.SharedQueueProcessingService : Build job completed with exception: BuildJobQueueItem[id=19361739576711303, name=SHORT9AFDAE3804CA304DDF0889A0CB0F56104A86TSTEXC-LOCALVCINTSTUDENT1, buildAgent=BuildAgentDTO[name=artemis-build-agent-test, memberAddress=[127.0.0.1]:5703, displayName=artemis-build-agent-test], participationId=1936, courseId=956, exerciseId=2573, retryCount=0, priority=2, status=null, repositoryInfo=RepositoryInfo[repositoryName=short9afdae3804ca304ddf0889a0cb0f56104a86tstexc-localvcintstudent1, repositoryType=user, triggeredByPushTo=user, assignmentRepositoryUri=http://localhost:49152/git/SHORT9AFDAE3804CA304DDF0889A0CB0F56104A86TSTEXC/short9afdae3804ca304ddf0889a0cb0f56104a86tstexc-localvcintstudent1.git, testRepositoryUri=http://localhost:49152/git/SHORT9AFDAE3804CA304DDF0889A0CB0F56104A86TSTEXC/short9afdae3804ca304ddf0889a0cb0f56104a86tstexc-tests.git, solutionRepositoryUri=null, auxiliaryRepositoryUris=[Ljava.lang.String;@1de62dfc, auxiliaryRepositoryCheckoutDirectories=[Ljava.lang.String;@3c694b49], jobTimingInfo=JobTimingInfo[submissionDate=2025-02-14T23:45:11.303805653Z[Etc/UTC], buildStartDate=2025-02-14T23:45:11.310981356Z[Etc/UTC], buildCompletionDate=null, estimatedCompletionDate=2025-02-14T23:45:30.310974944Z[Etc/UTC], estimatedDuration=19], buildConfig=BuildConfig[buildScript=#!/bin/bash
cd /var/tmp/testing-dir
chmod +x ./gradlew
./gradlew clean test
, dockerImage=dummy-docker-image:latest, commitHashToBuild=a1099e378cffde441ef85f9b12577ca174b8e1e4, assignmentCommitHash=a1099e378cffde441ef85f9b12577ca174b8e1e4, testCommitHash=bd38d61c299ab11a1dea82a3ca5493fe04d97d47, branch=main, programmingLanguage=JAVA, projectType=PLAIN_GRADLE, scaEnabled=false, sequentialTestRunsEnabled=false, resultPaths=[/var/tmp/testing-dir/**/test-results/test/*.xml], timeoutSeconds=0, assignmentCheckoutPath=null, testCheckoutPath=null, solutionCheckoutPath=null, dockerRunConfig=null], submissionResult=null]
java.util.concurrent.CompletionException: java.util.concurrent.ExecutionException: de.tum.cit.aet.artemis.core.exception.LocalCIException: Could not pull Docker image dummy-docker-image:latest
	at de.tum.cit.aet.artemis.buildagent.service.BuildJobManagementService.lambda$executeBuildJob$2(BuildJobManagementService.java:188)
	at de.tum.cit.aet.artemis.buildagent.service.BuildJobManagementService.createCompletableFuture(BuildJobManagementService.java:236)
	at de.tum.cit.aet.artemis.buildagent.service.BuildJobManagementService.executeBuildJob(BuildJobManagementService.java:163)
	at de.tum.cit.aet.artemis.buildagent.service.SharedQueueProcessingService.processBuild(SharedQueueProcessingService.java:413)
	at de.tum.cit.aet.artemis.buildagent.service.SharedQueueProcessingService.checkAvailabilityAndProcessNextBuild(SharedQueueProcessingService.java:269)
	at de.tum.cit.aet.artemis.buildagent.service.SharedQueueProcessingService$QueuedBuildJobItemListener.itemAdded(SharedQueueProcessingService.java:594)
	at com.hazelcast.collection.impl.queue.QueueService.lambda$dispatchEvent$1(QueueService.java:277)
	at com.hazelcast.internal.namespace.impl.NoOpUserCodeNamespaceService.runWithNamespace(NoOpUserCodeNamespaceService.java:82)
	at com.hazelcast.internal.namespace.NamespaceUtil.runWithNamespace(NamespaceUtil.java:106)
	at com.hazelcast.collection.impl.queue.QueueService.dispatchEvent(QueueService.java:275)
	at com.hazelcast.collection.impl.queue.QueueService.dispatchEvent(QueueService.java:98)
	at com.hazelcast.spi.impl.eventservice.impl.LocalEventDispatcher.run(LocalEventDispatcher.java:64)
	at com.hazelcast.internal.util.executor.StripedExecutor$Worker.process(StripedExecutor.java:244)
	at com.hazelcast.internal.util.executor.StripedExecutor$Worker.run(StripedExecutor.java:227)
Caused by: java.util.concurrent.ExecutionException: de.tum.cit.aet.artemis.core.exception.LocalCIException: Could not pull Docker image dummy-docker-image:latest
	at java.base/java.util.concurrent.FutureTask.report(FutureTask.java:122)
	at java.base/java.util.concurrent.FutureTask.get(FutureTask.java:205)
	at de.tum.cit.aet.artemis.buildagent.service.BuildJobManagementService.lambda$executeBuildJob$2(BuildJobManagementService.java:165)
	... 13 common frames omitted
Caused by: de.tum.cit.aet.artemis.core.exception.LocalCIException: Could not pull Docker image dummy-docker-image:latest
	at de.tum.cit.aet.artemis.buildagent.service.BuildJobExecutionService.runBuildJob(BuildJobExecutionService.java:157)
	at java.base/jdk.internal.reflect.DirectMethodHandleAccessor.invoke(DirectMethodHandleAccessor.java:103)
	at java.base/java.lang.reflect.Method.invoke(Method.java:580)
	at org.springframework.aop.support.AopUtils.invokeJoinpointUsingReflection(AopUtils.java:359)
	at org.springframework.aop.framework.CglibAopProxy$DynamicAdvisedInterceptor.intercept(CglibAopProxy.java:723)
	at de.tum.cit.aet.artemis.buildagent.service.BuildJobExecutionService$$SpringCGLIB$$0.runBuildJob(<generated>)
	at de.tum.cit.aet.artemis.buildagent.service.BuildJobManagementService.lambda$executeBuildJob$1(BuildJobManagementService.java:129)
	at java.base/java.util.concurrent.FutureTask.run(FutureTask.java:317)
	at java.base/java.util.concurrent.ThreadPoolExecutor.runWorker(ThreadPoolExecutor.java:1144)
	at java.base/java.util.concurrent.ThreadPoolExecutor$Worker.run(ThreadPoolExecutor.java:642)
	at java.base/java.lang.Thread.run(Thread.java:1583)
Caused by: de.tum.cit.aet.artemis.core.exception.LocalCIException: Docker image dummy-docker-image:latest is not compatible with the current architecture. Needed 'linux/amd64', but got 'null'
	at de.tum.cit.aet.artemis.buildagent.service.BuildAgentDockerService.checkImageArchitecture(BuildAgentDockerService.java:291)
	at de.tum.cit.aet.artemis.buildagent.service.BuildAgentDockerService.pullDockerImage(BuildAgentDockerService.java:223)
	at de.tum.cit.aet.artemis.buildagent.service.BuildJobExecutionService.runBuildJob(BuildJobExecutionService.java:152)
	... 10 common frames omitted
    23:45:11.319 | 566 localvc.event-13 | ERROR | a.a.b.s.SharedQueueProcessingService : Error while processing build job: BuildJobQueueItem[id=19361739576711303, name=SHORT9AFDAE3804CA304DDF0889A0CB0F56104A86TSTEXC-LOCALVCINTSTUDENT1, buildAgent=BuildAgentDTO[name=artemis-build-agent-test, memberAddress=[127.0.0.1]:5703, displayName=artemis-build-agent-test], participationId=1936, courseId=956, exerciseId=2573, retryCount=0, priority=2, status=null, repositoryInfo=RepositoryInfo[repositoryName=short9afdae3804ca304ddf0889a0cb0f56104a86tstexc-localvcintstudent1, repositoryType=user, triggeredByPushTo=user, assignmentRepositoryUri=http://localhost:49152/git/SHORT9AFDAE3804CA304DDF0889A0CB0F56104A86TSTEXC/short9afdae3804ca304ddf0889a0cb0f56104a86tstexc-localvcintstudent1.git, testRepositoryUri=http://localhost:49152/git/SHORT9AFDAE3804CA304DDF0889A0CB0F56104A86TSTEXC/short9afdae3804ca304ddf0889a0cb0f56104a86tstexc-tests.git, solutionRepositoryUri=null, auxiliaryRepositoryUris=[Ljava.lang.String;@1de62dfc, auxiliaryRepositoryCheckoutDirectories=[Ljava.lang.String;@3c694b49], jobTimingInfo=JobTimingInfo[submissionDate=2025-02-14T23:45:11.303805653Z[Etc/UTC], buildStartDate=2025-02-14T23:45:11.310981356Z[Etc/UTC], buildCompletionDate=null, estimatedCompletionDate=2025-02-14T23:45:30.310974944Z[Etc/UTC], estimatedDuration=19], buildConfig=BuildConfig[buildScript=#!/bin/bash
cd /var/tmp/testing-dir
chmod +x ./gradlew
./gradlew clean test
, dockerImage=dummy-docker-image:latest, commitHashToBuild=a1099e378cffde441ef85f9b12577ca174b8e1e4, assignmentCommitHash=a1099e378cffde441ef85f9b12577ca174b8e1e4, testCommitHash=bd38d61c299ab11a1dea82a3ca5493fe04d97d47, branch=main, programmingLanguage=JAVA, projectType=PLAIN_GRADLE, scaEnabled=false, sequentialTestRunsEnabled=false, resultPaths=[/var/tmp/testing-dir/**/test-results/test/*.xml], timeoutSeconds=0, assignmentCheckoutPath=null, testCheckoutPath=null, solutionCheckoutPath=null, dockerRunConfig=null], submissionResult=null]
java.util.concurrent.CompletionException: java.util.concurrent.ExecutionException: de.tum.cit.aet.artemis.core.exception.LocalCIException: Could not pull Docker image dummy-docker-image:latest
	at de.tum.cit.aet.artemis.buildagent.service.BuildJobManagementService.lambda$executeBuildJob$2(BuildJobManagementService.java:188)
	at de.tum.cit.aet.artemis.buildagent.service.BuildJobManagementService.createCompletableFuture(BuildJobManagementService.java:236)
	at de.tum.cit.aet.artemis.buildagent.service.BuildJobManagementService.executeBuildJob(BuildJobManagementService.java:163)
	at de.tum.cit.aet.artemis.buildagent.service.SharedQueueProcessingService.processBuild(SharedQueueProcessingService.java:413)
	at de.tum.cit.aet.artemis.buildagent.service.SharedQueueProcessingService.checkAvailabilityAndProcessNextBuild(SharedQueueProcessingService.java:269)
	at de.tum.cit.aet.artemis.buildagent.service.SharedQueueProcessingService$QueuedBuildJobItemListener.itemAdded(SharedQueueProcessingService.java:594)
	at com.hazelcast.collection.impl.queue.QueueService.lambda$dispatchEvent$1(QueueService.java:277)
	at com.hazelcast.internal.namespace.impl.NoOpUserCodeNamespaceService.runWithNamespace(NoOpUserCodeNamespaceService.java:82)
	at com.hazelcast.internal.namespace.NamespaceUtil.runWithNamespace(NamespaceUtil.java:106)
	at com.hazelcast.collection.impl.queue.QueueService.dispatchEvent(QueueService.java:275)
	at com.hazelcast.collection.impl.queue.QueueService.dispatchEvent(QueueService.java:98)
	at com.hazelcast.spi.impl.eventservice.impl.LocalEventDispatcher.run(LocalEventDispatcher.java:64)
	at com.hazelcast.internal.util.executor.StripedExecutor$Worker.process(StripedExecutor.java:244)
	at com.hazelcast.internal.util.executor.StripedExecutor$Worker.run(StripedExecutor.java:227)
Caused by: java.util.concurrent.ExecutionException: de.tum.cit.aet.artemis.core.exception.LocalCIException: Could not pull Docker image dummy-docker-image:latest
	at java.base/java.util.concurrent.FutureTask.report(FutureTask.java:122)
	at java.base/java.util.concurrent.FutureTask.get(FutureTask.java:205)
	at de.tum.cit.aet.artemis.buildagent.service.BuildJobManagementService.lambda$executeBuildJob$2(BuildJobManagementService.java:165)
	... 13 common frames omitted
Caused by: de.tum.cit.aet.artemis.core.exception.LocalCIException: Could not pull Docker image dummy-docker-image:latest
	at de.tum.cit.aet.artemis.buildagent.service.BuildJobExecutionService.runBuildJob(BuildJobExecutionService.java:157)
	at java.base/jdk.internal.reflect.DirectMethodHandleAccessor.invoke(DirectMethodHandleAccessor.java:103)
	at java.base/java.lang.reflect.Method.invoke(Method.java:580)
	at org.springframework.aop.support.AopUtils.invokeJoinpointUsingReflection(AopUtils.java:359)
	at org.springframework.aop.framework.CglibAopProxy$DynamicAdvisedInterceptor.intercept(CglibAopProxy.java:723)
	at de.tum.cit.aet.artemis.buildagent.service.BuildJobExecutionService$$SpringCGLIB$$0.runBuildJob(<generated>)
	at de.tum.cit.aet.artemis.buildagent.service.BuildJobManagementService.lambda$executeBuildJob$1(BuildJobManagementService.java:129)
	at java.base/java.util.concurrent.FutureTask.run(FutureTask.java:317)
	at java.base/java.util.concurrent.ThreadPoolExecutor.runWorker(ThreadPoolExecutor.java:1144)
	at java.base/java.util.concurrent.ThreadPoolExecutor$Worker.run(ThreadPoolExecutor.java:642)
	at java.base/java.lang.Thread.run(Thread.java:1583)
Caused by: de.tum.cit.aet.artemis.core.exception.LocalCIException: Docker image dummy-docker-image:latest is not compatible with the current architecture. Needed 'linux/amd64', but got 'null'
	at de.tum.cit.aet.artemis.buildagent.service.BuildAgentDockerService.checkImageArchitecture(BuildAgentDockerService.java:291)
	at de.tum.cit.aet.artemis.buildagent.service.BuildAgentDockerService.pullDockerImage(BuildAgentDockerService.java:223)
	at de.tum.cit.aet.artemis.buildagent.service.BuildJobExecutionService.runBuildJob(BuildJobExecutionService.java:152)
	... 10 common frames omitted
    23:45:11.325 | 566 localvc.event-13 | DEBUG | a.a.b.s.SharedQueueProcessingService : Currently processing jobs on this node: 0, active threads in Pool: 0, maximum pool size of thread executor : 1
    23:45:11.326 | 603 nio-49152-exec-2 | DEBUG | .t.c.a.a.p.s.l.LocalVCServletService : New push processed to repository http://localhost:49152/git/SHORT9AFDAE3804CA304DDF0889A0CB0F56104A86TSTEXC/short9afdae3804ca304ddf0889a0cb0f56104a86tstexc-localvcintstudent1.git for commit a1099e378cffde441ef85f9b12577ca174b8e1e4 in 39.62ms. A build job was queued.
    23:45:11.327 | 566 localvc.event-13 | DEBUG | s.l.LocalCIWebsocketMessagingService : Sending message on topic /topic/admin/queued-jobs: []
    23:45:11.327 | 566 localvc.event-13 | DEBUG | s.l.LocalCIWebsocketMessagingService : Sending message on topic /topic/courses/956/queued-jobs: []
    23:45:11.327 | 566 localvc.event-13 | DEBUG | a.a.b.s.SharedQueueProcessingService : CIBuildJobQueueItem removed from queue: BuildJobQueueItem[id=19361739576711303, name=SHORT9AFDAE3804CA304DDF0889A0CB0F56104A86TSTEXC-LOCALVCINTSTUDENT1, buildAgent=BuildAgentDTO[name=null, memberAddress=null, displayName=null], participationId=1936, courseId=956, exerciseId=2573, retryCount=0, priority=2, status=null, repositoryInfo=RepositoryInfo[repositoryName=short9afdae3804ca304ddf0889a0cb0f56104a86tstexc-localvcintstudent1, repositoryType=user, triggeredByPushTo=user, assignmentRepositoryUri=http://localhost:49152/git/SHORT9AFDAE3804CA304DDF0889A0CB0F56104A86TSTEXC/short9afdae3804ca304ddf0889a0cb0f56104a86tstexc-localvcintstudent1.git, testRepositoryUri=http://localhost:49152/git/SHORT9AFDAE3804CA304DDF0889A0CB0F56104A86TSTEXC/short9afdae3804ca304ddf0889a0cb0f56104a86tstexc-tests.git, solutionRepositoryUri=null, auxiliaryRepositoryUris=[Ljava.lang.String;@ef36afc, auxiliaryRepositoryCheckoutDirectories=[Ljava.lang.String;@72f1de2f], jobTimingInfo=JobTimingInfo[submissionDate=2025-02-14T23:45:11.303805653Z[Etc/UTC], buildStartDate=null, buildCompletionDate=null, estimatedCompletionDate=null, estimatedDuration=19], buildConfig=BuildConfig[buildScript=#!/bin/bash
cd /var/tmp/testing-dir
chmod +x ./gradlew
./gradlew clean test
, dockerImage=dummy-docker-image:latest, commitHashToBuild=a1099e378cffde441ef85f9b12577ca174b8e1e4, assignmentCommitHash=a1099e378cffde441ef85f9b12577ca174b8e1e4, testCommitHash=bd38d61c299ab11a1dea82a3ca5493fe04d97d47, branch=main, programmingLanguage=JAVA, projectType=PLAIN_GRADLE, scaEnabled=false, sequentialTestRunsEnabled=false, resultPaths=[/var/tmp/testing-dir/**/test-results/test/*.xml], timeoutSeconds=0, assignmentCheckoutPath=null, testCheckoutPath=null, solutionCheckoutPath=null, dockerRunConfig=null], submissionResult=null]
    23:45:11.328 | 566 localvc.event-13 | DEBUG | s.l.LocalCIWebsocketMessagingService : Sending message on topic /topic/admin/queued-jobs: []
    23:45:11.328 | 566 localvc.event-13 | DEBUG | s.l.LocalCIWebsocketMessagingService : Sending message on topic /topic/courses/956/queued-jobs: []
    23:45:11.329 | 566 localvc.event-13 | DEBUG | a.p.s.l.LocalCIQueueWebsocketService : CIBuildJobQueueItem added to processing jobs: BuildJobQueueItem[id=19361739576711303, name=SHORT9AFDAE3804CA304DDF0889A0CB0F56104A86TSTEXC-LOCALVCINTSTUDENT1, buildAgent=BuildAgentDTO[name=artemis-build-agent-test, memberAddress=[127.0.0.1]:5703, displayName=artemis-build-agent-test], participationId=1936, courseId=956, exerciseId=2573, retryCount=0, priority=2, status=null, repositoryInfo=RepositoryInfo[repositoryName=short9afdae3804ca304ddf0889a0cb0f56104a86tstexc-localvcintstudent1, repositoryType=user, triggeredByPushTo=user, assignmentRepositoryUri=http://localhost:49152/git/SHORT9AFDAE3804CA304DDF0889A0CB0F56104A86TSTEXC/short9afdae3804ca304ddf0889a0cb0f56104a86tstexc-localvcintstudent1.git, testRepositoryUri=http://localhost:49152/git/SHORT9AFDAE3804CA304DDF0889A0CB0F56104A86TSTEXC/short9afdae3804ca304ddf0889a0cb0f56104a86tstexc-tests.git, solutionRepositoryUri=null, auxiliaryRepositoryUris=[Ljava.lang.String;@7ac990a7, auxiliaryRepositoryCheckoutDirectories=[Ljava.lang.String;@6b52977], jobTimingInfo=JobTimingInfo[submissionDate=2025-02-14T23:45:11.303805653Z[Etc/UTC], buildStartDate=2025-02-14T23:45:11.310981356Z[Etc/UTC], buildCompletionDate=null, estimatedCompletionDate=2025-02-14T23:45:30.310974944Z[Etc/UTC], estimatedDuration=19], buildConfig=BuildConfig[buildScript=#!/bin/bash
cd /var/tmp/testing-dir
chmod +x ./gradlew
./gradlew clean test
, dockerImage=dummy-docker-image:latest, commitHashToBuild=a1099e378cffde441ef85f9b12577ca174b8e1e4, assignmentCommitHash=a1099e378cffde441ef85f9b12577ca174b8e1e4, testCommitHash=bd38d61c299ab11a1dea82a3ca5493fe04d97d47, branch=main, programmingLanguage=JAVA, projectType=PLAIN_GRADLE, scaEnabled=false, sequentialTestRunsEnabled=false, resultPaths=[/var/tmp/testing-dir/**/test-results/test/*.xml], timeoutSeconds=0, assignmentCheckoutPath=null, testCheckoutPath=null, solutionCheckoutPath=null, dockerRunConfig=null], submissionResult=null]
    23:45:11.329 | 566 localvc.event-13 | DEBUG | s.l.LocalCIWebsocketMessagingService : Sending message on topic /topic/admin/running-jobs: []
    23:45:11.329 | 566 localvc.event-13 | DEBUG | s.l.LocalCIWebsocketMessagingService : Sending message on topic /topic/courses/956/running-jobs: []
    23:45:11.334 | 566 localvc.event-13 | DEBUG | a.p.s.l.LocalCIQueueWebsocketService : Build agent updated: BuildAgentInformation[buildAgent=BuildAgentDTO[name=artemis-build-agent-test, memberAddress=[127.0.0.1]:5703, displayName=artemis-build-agent-test], maxNumberOfConcurrentBuildJobs=1, numberOfCurrentBuildJobs=1, runningBuildJobs=[BuildJobQueueItem[id=19361739576711303, name=SHORT9AFDAE3804CA304DDF0889A0CB0F56104A86TSTEXC-LOCALVCINTSTUDENT1, buildAgent=BuildAgentDTO[name=artemis-build-agent-test, memberAddress=[127.0.0.1]:5703, displayName=artemis-build-agent-test], participationId=1936, courseId=956, exerciseId=2573, retryCount=0, priority=2, status=null, repositoryInfo=RepositoryInfo[repositoryName=short9afdae3804ca304ddf0889a0cb0f56104a86tstexc-localvcintstudent1, repositoryType=user, triggeredByPushTo=user, assignmentRepositoryUri=http://localhost:49152/git/SHORT9AFDAE3804CA304DDF0889A0CB0F56104A86TSTEXC/short9afdae3804ca304ddf0889a0cb0f56104a86tstexc-localvcintstudent1.git, testRepositoryUri=http://localhost:49152/git/SHORT9AFDAE3804CA304DDF0889A0CB0F56104A86TSTEXC/short9afdae3804ca304ddf0889a0cb0f56104a86tstexc-tests.git, solutionRepositoryUri=null, auxiliaryRepositoryUris=[Ljava.lang.String;@3d5b3e1, auxiliaryRepositoryCheckoutDirectories=[Ljava.lang.String;@4e0f6c1d], jobTimingInfo=JobTimingInfo[submissionDate=2025-02-14T23:45:11.303805653Z[Etc/UTC], buildStartDate=2025-02-14T23:45:11.310981356Z[Etc/UTC], buildCompletionDate=null, estimatedCompletionDate=2025-02-14T23:45:30.310974944Z[Etc/UTC], estimatedDuration=19], buildConfig=BuildConfig[buildScript=#!/bin/bash
cd /var/tmp/testing-dir
chmod +x ./gradlew
./gradlew clean test
, dockerImage=dummy-docker-image:latest, commitHashToBuild=a1099e378cffde441ef85f9b12577ca174b8e1e4, assignmentCommitHash=a1099e378cffde441ef85f9b12577ca174b8e1e4, testCommitHash=bd38d61c299ab11a1dea82a3ca5493fe04d97d47, branch=main, programmingLanguage=JAVA, projectType=PLAIN_GRADLE, scaEnabled=false, sequentialTestRunsEnabled=false, resultPaths=[/var/tmp/testing-dir/**/test-results/test/*.xml], timeoutSeconds=0, assignmentCheckoutPath=null, testCheckoutPath=null, solutionCheckoutPath=null, dockerRunConfig=null], submissionResult=null]], status=ACTIVE, recentBuildJobs=[BuildJobQueueItem[id=19141739576708030, name=SHORT5F02A8F400311042E70858306EB148073CFDTSTEXC-LOCALVCINTSTUDENT1, buildAgent=BuildAgentDTO[name=artemis-build-agent-test, memberAddress=[127.0.0.1]:5703, displayName=artemis-build-agent-test], participationId=1914, courseId=947, exerciseId=2564, retryCount=0, priority=2, status=FAILED, repositoryInfo=RepositoryInfo[repositoryName=short5f02a8f400311042e70858306eb148073cfdtstexc-localvcintstudent1, repositoryType=user, triggeredByPushTo=user, assignmentRepositoryUri=http://localhost:49152/git/SHORT5F02A8F400311042E70858306EB148073CFDTSTEXC/short5f02a8f400311042e70858306eb148073cfdtstexc-localvcintstudent1.git, testRepositoryUri=http://localhost:49152/git/SHORT5F02A8F400311042E70858306EB148073CFDTSTEXC/short5f02a8f400311042e70858306eb148073cfdtstexc-tests.git, solutionRepositoryUri=null, auxiliaryRepositoryUris=[Ljava.lang.String;@5495410a, auxiliaryRepositoryCheckoutDirectories=[Ljava.lang.String;@11c201aa], jobTimingInfo=JobTimingInfo[submissionDate=2025-02-14T23:45:08.030118216Z[Etc/UTC], buildStartDate=2025-02-14T23:45:08.041011412Z[Etc/UTC], buildCompletionDate=2025-02-14T23:45:08.054603331Z[Etc/UTC], estimatedCompletionDate=2025-02-14T23:45:27.041005080Z[Etc/UTC], estimatedDuration=19], buildConfig=BuildConfig[buildScript=#!/bin/bash
cd /var/tmp/testing-dir
chmod +x ./gradlew
./gradlew clean test
, dockerImage=dummy-docker-image:latest, commitHashToBuild=6e7146cac5059504aa9d170ec3fa23aec740bb51, assignmentCommitHash=6e7146cac5059504aa9d170ec3fa23aec740bb51, testCommitHash=931e5303581c7a2f01339ba603cfafbfe668b901, branch=main, programmingLanguage=JAVA, projectType=PLAIN_GRADLE, scaEnabled=false, sequentialTestRunsEnabled=false, resultPaths=[/var/tmp/testing-dir/**/test-results/test/*.xml], timeoutSeconds=0, assignmentCheckoutPath=null, testCheckoutPath=null, solutionCheckoutPath=null, dockerRunConfig=null], submissionResult=ResultDTO[id=622, completionDate=2025-02-14T23:45:08.054683681Z[Etc/UTC], successful=false, score=0.0, rated=true, submission=SubmissionDTO[id=814, submitted=true, type=MANUAL, exampleSubmission=null, submissionDate=2025-02-14T23:45:08.016200Z, commitHash=6e7146cac5059504aa9d170ec3fa23aec740bb51, buildFailed=true, buildArtifact=false, participation=ParticipationDTO[id=1914, testRun=false, type=programming, submissionCount=null, exercise=ParticipationExerciseDTO[id=2564, exerciseType=PROGRAMMING, type=programming, assessmentType=AUTOMATIC, dueDate=2025-02-16T23:45:07.324348Z, assessmentDueDate=null, maxPoints=42.0, course=CourseDTO[id=947, accuracyOfScores=1]]], submissionExerciseType=programming, isProcessing=false, buildStartDate=null, estimatedCompletionDate=null], participation=ParticipationDTO[id=1914, testRun=false, type=programming, submissionCount=null, exercise=ParticipationExerciseDTO[id=2564, exerciseType=PROGRAMMING, type=programming, assessmentType=AUTOMATIC, dueDate=2025-02-16T23:45:07.324348Z, assessmentDueDate=null, maxPoints=42.0, course=CourseDTO[id=947, accuracyOfScores=1]]], feedbacks=[], assessmentType=AUTOMATIC, hasComplaint=null, exampleResult=null, testCaseCount=0, passedTestCaseCount=0, codeIssueCount=0]]], publicSshKey=ssh-rsa AAAAB3NzaC1yc2EAAAADAQABAAACAQCOPdMsxRE2jFJ/UEa5/LsBxtwzJcrh3/rYBCQvcMeVpiRfhzQPWu7mrt/G2Ew+i+vRloGH9aqKg6dd1liRncao53Zmd/ePxoatXePNhmzTfkCkcSkTUz7B+QMjkoDDV5jwuFPD6mF3JkhuzSi64n9Zy905t4w2IhVcjM2mL3eYNjiCXt6Qpq3Pkt7dM/Ksw1nxnvuiIALuJLB3FTkXkHqq3PJav+9HSq2r6ZaWgekneaGxlQlb+U+Vy3XOuArKAzK8c8i+0bR+AHiTG6ncYXt7ax3U+TdlDTF7OLP3umwaYjs1NBXOHwG42pevvpKn2fqavZZozk+M05jXLx3bq0O7itxfErWc7etky8qYPyyIMF/txQIVLd78+Ze4d7Y60t5MGbXM5cGE6fFif5fEJwgswXD+BrG0cafz1CTatjSKFdvp8Vp4VszXhHDan1PrP6JEFJ5Cc5GDmLRZPCFa3vL9f5qXgf4bkqKN8MYeEujwJE5nMRWoiJVNakix2bcrrneQMBlnYeYZVWXXXUusAQBzl4NgddC1umZpihZkL1b1MffZAUW3EGEXi7KHnllQhkTLLsQ8ntMgbylqaJKStqaXlLvdeRJcEnUuiFCrHEVVbXRFZR7XVDZ02CE5o3MuaRPty8Kh+jRTF3COlAckHwYEJCNNJvXFgb2CNXL4mjzYDw== test@localhost]
    23:45:11.335 | 566 localvc.event-13 | DEBUG | s.l.LocalCIWebsocketMessagingService : Sending message on topic /topic/admin/build-agents: [BuildAgentInformation[buildAgent=BuildAgentDTO[name=artemis-build-agent-test, memberAddress=[127.0.0.1]:5703, displayName=artemis-build-agent-test], maxNumberOfConcurrentBuildJobs=1, numberOfCurrentBuildJobs=0, runningBuildJobs=[], status=IDLE, recentBuildJobs=null, publicSshKey=null]]
    23:45:11.335 | 566 localvc.event-13 | DEBUG | s.l.LocalCIWebsocketMessagingService : Sending message on topic /topic/admin/build-agent/artemis-build-agent-test: BuildAgentInformation[buildAgent=BuildAgentDTO[name=artemis-build-agent-test, memberAddress=[127.0.0.1]:5703, displayName=artemis-build-agent-test], maxNumberOfConcurrentBuildJobs=1, numberOfCurrentBuildJobs=0, runningBuildJobs=[], status=IDLE, recentBuildJobs=[BuildJobQueueItem[id=19141739576708030, name=SHORT5F02A8F400311042E70858306EB148073CFDTSTEXC-LOCALVCINTSTUDENT1, buildAgent=BuildAgentDTO[name=artemis-build-agent-test, memberAddress=[127.0.0.1]:5703, displayName=artemis-build-agent-test], participationId=1914, courseId=947, exerciseId=2564, retryCount=0, priority=2, status=FAILED, repositoryInfo=RepositoryInfo[repositoryName=short5f02a8f400311042e70858306eb148073cfdtstexc-localvcintstudent1, repositoryType=user, triggeredByPushTo=user, assignmentRepositoryUri=http://localhost:49152/git/SHORT5F02A8F400311042E70858306EB148073CFDTSTEXC/short5f02a8f400311042e70858306eb148073cfdtstexc-localvcintstudent1.git, testRepositoryUri=http://localhost:49152/git/SHORT5F02A8F400311042E70858306EB148073CFDTSTEXC/short5f02a8f400311042e70858306eb148073cfdtstexc-tests.git, solutionRepositoryUri=null, auxiliaryRepositoryUris=[Ljava.lang.String;@749f93f1, auxiliaryRepositoryCheckoutDirectories=[Ljava.lang.String;@75d10399], jobTimingInfo=JobTimingInfo[submissionDate=2025-02-14T23:45:08.030118216Z[Etc/UTC], buildStartDate=2025-02-14T23:45:08.041011412Z[Etc/UTC], buildCompletionDate=2025-02-14T23:45:08.054603331Z[Etc/UTC], estimatedCompletionDate=2025-02-14T23:45:27.041005080Z[Etc/UTC], estimatedDuration=19], buildConfig=BuildConfig[buildScript=#!/bin/bash
cd /var/tmp/testing-dir
chmod +x ./gradlew
./gradlew clean test
, dockerImage=dummy-docker-image:latest, commitHashToBuild=6e7146cac5059504aa9d170ec3fa23aec740bb51, assignmentCommitHash=6e7146cac5059504aa9d170ec3fa23aec740bb51, testCommitHash=931e5303581c7a2f01339ba603cfafbfe668b901, branch=main, programmingLanguage=JAVA, projectType=PLAIN_GRADLE, scaEnabled=false, sequentialTestRunsEnabled=false, resultPaths=[/var/tmp/testing-dir/**/test-results/test/*.xml], timeoutSeconds=0, assignmentCheckoutPath=null, testCheckoutPath=null, solutionCheckoutPath=null, dockerRunConfig=null], submissionResult=ResultDTO[id=622, completionDate=2025-02-14T23:45:08.054683681Z[Etc/UTC], successful=false, score=0.0, rated=true, submission=SubmissionDTO[id=814, submitted=true, type=MANUAL, exampleSubmission=null, submissionDate=2025-02-14T23:45:08.016200Z, commitHash=6e7146cac5059504aa9d170ec3fa23aec740bb51, buildFailed=true, buildArtifact=false, participation=ParticipationDTO[id=1914, testRun=false, type=programming, submissionCount=null, exercise=ParticipationExerciseDTO[id=2564, exerciseType=PROGRAMMING, type=programming, assessmentType=AUTOMATIC, dueDate=2025-02-16T23:45:07.324348Z, assessmentDueDate=null, maxPoints=42.0, course=CourseDTO[id=947, accuracyOfScores=1]]], submissionExerciseType=programming, isProcessing=false, buildStartDate=null, estimatedCompletionDate=null], participation=ParticipationDTO[id=1914, testRun=false, type=programming, submissionCount=null, exercise=ParticipationExerciseDTO[id=2564, exerciseType=PROGRAMMING, type=programming, assessmentType=AUTOMATIC, dueDate=2025-02-16T23:45:07.324348Z, assessmentDueDate=null, maxPoints=42.0, course=CourseDTO[id=947, accuracyOfScores=1]]], feedbacks=[], assessmentType=AUTOMATIC, hasComplaint=null, exampleResult=null, testCaseCount=0, passedTestCaseCount=0, codeIssueCount=0]], BuildJobQueueItem[id=19361739576711303, name=SHORT9AFDAE3804CA304DDF0889A0CB0F56104A86TSTEXC-LOCALVCINTSTUDENT1, buildAgent=BuildAgentDTO[name=artemis-build-agent-test, memberAddress=[127.0.0.1]:5703, displayName=artemis-build-agent-test], participationId=1936, courseId=956, exerciseId=2573, retryCount=0, priority=2, status=FAILED, repositoryInfo=RepositoryInfo[repositoryName=short9afdae3804ca304ddf0889a0cb0f56104a86tstexc-localvcintstudent1, repositoryType=user, triggeredByPushTo=user, assignmentRepositoryUri=http://localhost:49152/git/SHORT9AFDAE3804CA304DDF0889A0CB0F56104A86TSTEXC/short9afdae3804ca304ddf0889a0cb0f56104a86tstexc-localvcintstudent1.git, testRepositoryUri=http://localhost:49152/git/SHORT9AFDAE3804CA304DDF0889A0CB0F56104A86TSTEXC/short9afdae3804ca304ddf0889a0cb0f56104a86tstexc-tests.git, solutionRepositoryUri=null, auxiliaryRepositoryUris=[Ljava.lang.String;@7de98f49, auxiliaryRepositoryCheckoutDirectories=[Ljava.lang.String;@170abfe7], jobTimingInfo=JobTimingInfo[submissionDate=2025-02-14T23:45:11.303805653Z[Etc/UTC], buildStartDate=2025-02-14T23:45:11.310981356Z[Etc/UTC], buildCompletionDate=2025-02-14T23:45:11.319178384Z[Etc/UTC], estimatedCompletionDate=2025-02-14T23:45:30.310974944Z[Etc/UTC], estimatedDuration=19], buildConfig=BuildConfig[buildScript=#!/bin/bash
cd /var/tmp/testing-dir
chmod +x ./gradlew
./gradlew clean test
, dockerImage=dummy-docker-image:latest, commitHashToBuild=a1099e378cffde441ef85f9b12577ca174b8e1e4, assignmentCommitHash=a1099e378cffde441ef85f9b12577ca174b8e1e4, testCommitHash=bd38d61c299ab11a1dea82a3ca5493fe04d97d47, branch=main, programmingLanguage=JAVA, projectType=PLAIN_GRADLE, scaEnabled=false, sequentialTestRunsEnabled=false, resultPaths=[/var/tmp/testing-dir/**/test-results/test/*.xml], timeoutSeconds=0, assignmentCheckoutPath=null, testCheckoutPath=null, solutionCheckoutPath=null, dockerRunConfig=null], submissionResult=null]], publicSshKey=ssh-rsa AAAAB3NzaC1yc2EAAAADAQABAAACAQCOPdMsxRE2jFJ/UEa5/LsBxtwzJcrh3/rYBCQvcMeVpiRfhzQPWu7mrt/G2Ew+i+vRloGH9aqKg6dd1liRncao53Zmd/ePxoatXePNhmzTfkCkcSkTUz7B+QMjkoDDV5jwuFPD6mF3JkhuzSi64n9Zy905t4w2IhVcjM2mL3eYNjiCXt6Qpq3Pkt7dM/Ksw1nxnvuiIALuJLB3FTkXkHqq3PJav+9HSq2r6ZaWgekneaGxlQlb+U+Vy3XOuArKAzK8c8i+0bR+AHiTG6ncYXt7ax3U+TdlDTF7OLP3umwaYjs1NBXOHwG42pevvpKn2fqavZZozk+M05jXLx3bq0O7itxfErWc7etky8qYPyyIMF/txQIVLd78+Ze4d7Y60t5MGbXM5cGE6fFif5fEJwgswXD+BrG0cafz1CTatjSKFdvp8Vp4VszXhHDan1PrP6JEFJ5Cc5GDmLRZPCFa3vL9f5qXgf4bkqKN8MYeEujwJE5nMRWoiJVNakix2bcrrneQMBlnYeYZVWXXXUusAQBzl4NgddC1umZpihZkL1b1MffZAUW3EGEXi7KHnllQhkTLLsQ8ntMgbylqaJKStqaXlLvdeRJcEnUuiFCrHEVVbXRFZR7XVDZ02CE5o3MuaRPty8Kh+jRTF3COlAckHwYEJCNNJvXFgb2CNXL4mjzYDw== test@localhost]
    23:45:11.336 | 588 artemis-task-1   | DEBUG | d.t.c.a.a.c.c.w.GzipMessageConverter : Compressed message payload from 255 to 232 (saved 9.0% payload size)
    23:45:11.337 | 566 localvc.event-13 | DEBUG | a.p.s.l.SharedQueueManagementService : Build agent updated: null
    23:45:11.338 | 588 artemis-task-1   | DEBUG | d.t.c.a.a.c.c.w.GzipMessageConverter : Compressed message payload from 6607 to 2772 (saved 58.0% payload size)
    23:45:11.339 | 566 localvc.event-13 | DEBUG | p.s.l.LocalCIResultProcessingService : Result of build job with id 19361739576711303 added to queue
    23:45:11.339 | 566 localvc.event-13 | INFO  | p.s.l.LocalCIResultProcessingService : Processing build job result with id 19361739576711303
    23:45:11.339 | 566 localvc.event-13 | DEBUG | p.s.l.LocalCIResultProcessingService : Build jobs waiting in queue: 0
    23:45:11.339 | 566 localvc.event-13 | DEBUG | p.s.l.LocalCIResultProcessingService : Queued build jobs: []
    23:45:11.346 | 566 localvc.event-13 | DEBUG | .s.ProgrammingExerciseGradingService : Received new build result (NEW) for participation 1936
    23:45:11.354 | 604 nio-49152-exec-3 | DEBUG | d.t.c.a.a.c.s.f.ApiVersionFilter     : Adding Version to Request GET /git/SHORT9AFDAE3804CA304DDF0889A0CB0F56104A86TSTEXC/short9afdae3804ca304ddf0889a0cb0f56104a86tstexc-localvcintstudent1.git/info/refs
    23:45:11.354 | 604 nio-49152-exec-3 | DEBUG | .t.c.a.a.p.s.l.LocalVCServletService : Path to resolve repository from: /tmp/SHORT9AFDAE3804CA304DDF0889A0CB0F56104A86TSTEXC/short9afdae3804ca304ddf0889a0cb0f56104a86tstexc-localvcintstudent1.git
    23:45:11.354 | 604 nio-49152-exec-3 | DEBUG | .t.c.a.a.p.s.l.LocalVCServletService : Retrieving cached local repository SHORT9AFDAE3804CA304DDF0889A0CB0F56104A86TSTEXC/short9afdae3804ca304ddf0889a0cb0f56104a86tstexc-localvcintstudent1.git
    23:45:11.354 | 604 nio-49152-exec-3 | DEBUG | .t.c.a.a.p.s.l.LocalVCServletService : Resolving repository for repository SHORT9AFDAE3804CA304DDF0889A0CB0F56104A86TSTEXC/short9afdae3804ca304ddf0889a0cb0f56104a86tstexc-localvcintstudent1.git took 32µs
    23:45:11.354 | 604 nio-49152-exec-3 | DEBUG | d.t.c.a.a.p.s.l.LocalVCPushFilter    : Trying to push to repository /git/SHORT9AFDAE3804CA304DDF0889A0CB0F56104A86TSTEXC/short9afdae3804ca304ddf0889a0cb0f56104a86tstexc-localvcintstudent1.git/info/refs
    23:45:11.372 | 604 nio-49152-exec-3 | DEBUG | t.c.a.a.c.s.DomainUserDetailsService : Authenticating localvcintinstructor1
    23:45:11.392 | 604 nio-49152-exec-3 | DEBUG | .t.c.a.a.p.s.l.LocalVCServletService : Authorizing user localvcintinstructor1 for repository http://localhost:49152/git/SHORT9AFDAE3804CA304DDF0889A0CB0F56104A86TSTEXC/short9afdae3804ca304ddf0889a0cb0f56104a86tstexc-localvcintstudent1.git took 37.28ms
    23:45:11.394 | 588 artemis-task-1   | DEBUG | d.t.c.a.a.p.s.l.VcsAccessLogService  : Storing access operation for user User{login='localvcintinstructor1', firstName='localvcintinstructor1First', lastName='localvcintinstructor1Last', email='localvcintinstructor1@test.de', imageUrl='null', activated='true', langKey='en', activationKey='null'}
    23:45:11.404 | 605 nio-49152-exec-4 | DEBUG | d.t.c.a.a.c.s.f.ApiVersionFilter     : Adding Version to Request GET /git/SHORT9AFDAE3804CA304DDF0889A0CB0F56104A86TSTEXC/short9afdae3804ca304ddf0889a0cb0f56104a86tstexc-localvcintstudent1.git/info/refs
    23:45:11.405 | 605 nio-49152-exec-4 | DEBUG | .t.c.a.a.p.s.l.LocalVCServletService : Path to resolve repository from: /tmp/SHORT9AFDAE3804CA304DDF0889A0CB0F56104A86TSTEXC/short9afdae3804ca304ddf0889a0cb0f56104a86tstexc-localvcintstudent1.git
    23:45:11.405 | 605 nio-49152-exec-4 | DEBUG | .t.c.a.a.p.s.l.LocalVCServletService : Retrieving cached local repository SHORT9AFDAE3804CA304DDF0889A0CB0F56104A86TSTEXC/short9afdae3804ca304ddf0889a0cb0f56104a86tstexc-localvcintstudent1.git
    23:45:11.405 | 605 nio-49152-exec-4 | DEBUG | .t.c.a.a.p.s.l.LocalVCServletService : Resolving repository for repository SHORT9AFDAE3804CA304DDF0889A0CB0F56104A86TSTEXC/short9afdae3804ca304ddf0889a0cb0f56104a86tstexc-localvcintstudent1.git took 27µs
    23:45:11.405 | 605 nio-49152-exec-4 | DEBUG | d.t.c.a.a.p.s.l.LocalVCPushFilter    : Trying to push to repository /git/SHORT9AFDAE3804CA304DDF0889A0CB0F56104A86TSTEXC/short9afdae3804ca304ddf0889a0cb0f56104a86tstexc-localvcintstudent1.git/info/refs
    23:45:11.416 | 605 nio-49152-exec-4 | DEBUG | t.c.a.a.c.s.DomainUserDetailsService : Authenticating localvcintinstructor1
    23:45:11.437 | 605 nio-49152-exec-4 | DEBUG | .t.c.a.a.p.s.l.LocalVCServletService : Authorizing user localvcintinstructor1 for repository http://localhost:49152/git/SHORT9AFDAE3804CA304DDF0889A0CB0F56104A86TSTEXC/short9afdae3804ca304ddf0889a0cb0f56104a86tstexc-localvcintstudent1.git took 32.21ms
    23:45:11.438 | 588 artemis-task-1   | DEBUG | d.t.c.a.a.p.s.l.VcsAccessLogService  : Storing access operation for user User{login='localvcintinstructor1', firstName='localvcintinstructor1First', lastName='localvcintinstructor1Last', email='localvcintinstructor1@test.de', imageUrl='null', activated='true', langKey='en', activationKey='null'}
    23:45:11.446 | 566 localvc.event-13 | DEBUG | .c.s.m.InstanceMessageReceiveService : Received schedule participant score for exercise 2573 and participant 186 (result to be deleted: null)
    23:45:11.446 | 566 localvc.event-13 | DEBUG | .a.s.ParticipantScoreScheduleService : Scheduled task for exercise 2573 and participant 186 at 2025-02-14T23:45:11.546674010Z[Etc/UTC].
    23:45:11.447 | 566 localvc.event-13 | ERROR | p.s.l.LocalCIResultProcessingService : Error while processing build job: BuildJobQueueItem[id=19361739576711303, name=SHORT9AFDAE3804CA304DDF0889A0CB0F56104A86TSTEXC-LOCALVCINTSTUDENT1, buildAgent=BuildAgentDTO[name=artemis-build-agent-test, memberAddress=[127.0.0.1]:5703, displayName=artemis-build-agent-test], participationId=1936, courseId=956, exerciseId=2573, retryCount=0, priority=2, status=FAILED, repositoryInfo=RepositoryInfo[repositoryName=short9afdae3804ca304ddf0889a0cb0f56104a86tstexc-localvcintstudent1, repositoryType=user, triggeredByPushTo=user, assignmentRepositoryUri=http://localhost:49152/git/SHORT9AFDAE3804CA304DDF0889A0CB0F56104A86TSTEXC/short9afdae3804ca304ddf0889a0cb0f56104a86tstexc-localvcintstudent1.git, testRepositoryUri=http://localhost:49152/git/SHORT9AFDAE3804CA304DDF0889A0CB0F56104A86TSTEXC/short9afdae3804ca304ddf0889a0cb0f56104a86tstexc-tests.git, solutionRepositoryUri=null, auxiliaryRepositoryUris=[Ljava.lang.String;@7f585cc0, auxiliaryRepositoryCheckoutDirectories=[Ljava.lang.String;@12f986b0], jobTimingInfo=JobTimingInfo[submissionDate=2025-02-14T23:45:11.303805653Z[Etc/UTC], buildStartDate=2025-02-14T23:45:11.310981356Z[Etc/UTC], buildCompletionDate=2025-02-14T23:45:11.319178384Z[Etc/UTC], estimatedCompletionDate=2025-02-14T23:45:30.310974944Z[Etc/UTC], estimatedDuration=19], buildConfig=BuildConfig[buildScript=#!/bin/bash
cd /var/tmp/testing-dir
chmod +x ./gradlew
./gradlew clean test
, dockerImage=dummy-docker-image:latest, commitHashToBuild=a1099e378cffde441ef85f9b12577ca174b8e1e4, assignmentCommitHash=a1099e378cffde441ef85f9b12577ca174b8e1e4, testCommitHash=bd38d61c299ab11a1dea82a3ca5493fe04d97d47, branch=main, programmingLanguage=JAVA, projectType=PLAIN_GRADLE, scaEnabled=false, sequentialTestRunsEnabled=false, resultPaths=[/var/tmp/testing-dir/**/test-results/test/*.xml], timeoutSeconds=0, assignmentCheckoutPath=null, testCheckoutPath=null, solutionCheckoutPath=null, dockerRunConfig=null], submissionResult=null]
java.util.concurrent.CompletionException: java.util.concurrent.ExecutionException: de.tum.cit.aet.artemis.core.exception.LocalCIException: Could not pull Docker image dummy-docker-image:latest
	at de.tum.cit.aet.artemis.buildagent.service.BuildJobManagementService.lambda$executeBuildJob$2(BuildJobManagementService.java:188)
	at de.tum.cit.aet.artemis.buildagent.service.BuildJobManagementService.createCompletableFuture(BuildJobManagementService.java:236)
	at de.tum.cit.aet.artemis.buildagent.service.BuildJobManagementService.executeBuildJob(BuildJobManagementService.java:163)
	at de.tum.cit.aet.artemis.buildagent.service.SharedQueueProcessingService.processBuild(SharedQueueProcessingService.java:413)
	at de.tum.cit.aet.artemis.buildagent.service.SharedQueueProcessingService.checkAvailabilityAndProcessNextBuild(SharedQueueProcessingService.java:269)
	at de.tum.cit.aet.artemis.buildagent.service.SharedQueueProcessingService$QueuedBuildJobItemListener.itemAdded(SharedQueueProcessingService.java:594)
	at com.hazelcast.collection.impl.queue.QueueService.lambda$dispatchEvent$1(QueueService.java:277)
	at com.hazelcast.internal.namespace.impl.NoOpUserCodeNamespaceService.runWithNamespace(NoOpUserCodeNamespaceService.java:82)
	at com.hazelcast.internal.namespace.NamespaceUtil.runWithNamespace(NamespaceUtil.java:106)
	at com.hazelcast.collection.impl.queue.QueueService.dispatchEvent(QueueService.java:275)
	at com.hazelcast.collection.impl.queue.QueueService.dispatchEvent(QueueService.java:98)
	at com.hazelcast.spi.impl.eventservice.impl.LocalEventDispatcher.run(LocalEventDispatcher.java:64)
	at com.hazelcast.internal.util.executor.StripedExecutor$Worker.process(StripedExecutor.java:244)
	at com.hazelcast.internal.util.executor.StripedExecutor$Worker.run(StripedExecutor.java:227)
Caused by: java.util.concurrent.ExecutionException: de.tum.cit.aet.artemis.core.exception.LocalCIException: Could not pull Docker image dummy-docker-image:latest
	at java.base/java.util.concurrent.FutureTask.report(FutureTask.java:122)
	at java.base/java.util.concurrent.FutureTask.get(FutureTask.java:205)
	at de.tum.cit.aet.artemis.buildagent.service.BuildJobManagementService.lambda$executeBuildJob$2(BuildJobManagementService.java:165)
	... 13 common frames omitted
Caused by: de.tum.cit.aet.artemis.core.exception.LocalCIException: Could not pull Docker image dummy-docker-image:latest
	at de.tum.cit.aet.artemis.buildagent.service.BuildJobExecutionService.runBuildJob(BuildJobExecutionService.java:157)
	at java.base/jdk.internal.reflect.DirectMethodHandleAccessor.invoke(DirectMethodHandleAccessor.java:103)
	at java.base/java.lang.reflect.Method.invoke(Method.java:580)
	at org.springframework.aop.support.AopUtils.invokeJoinpointUsingReflection(AopUtils.java:359)
	at org.springframework.aop.framework.CglibAopProxy$DynamicAdvisedInterceptor.intercept(CglibAopProxy.java:723)
	at de.tum.cit.aet.artemis.buildagent.service.BuildJobExecutionService$$SpringCGLIB$$0.runBuildJob(<generated>)
	at de.tum.cit.aet.artemis.buildagent.service.BuildJobManagementService.lambda$executeBuildJob$1(BuildJobManagementService.java:129)
	at java.base/java.util.concurrent.FutureTask.run(FutureTask.java:317)
	at java.base/java.util.concurrent.ThreadPoolExecutor.runWorker(ThreadPoolExecutor.java:1144)
	at java.base/java.util.concurrent.ThreadPoolExecutor$Worker.run(ThreadPoolExecutor.java:642)
	at java.base/java.lang.Thread.run(Thread.java:1583)
Caused by: de.tum.cit.aet.artemis.core.exception.LocalCIException: Docker image dummy-docker-image:latest is not compatible with the current architecture. Needed 'linux/amd64', but got 'null'
	at de.tum.cit.aet.artemis.buildagent.service.BuildAgentDockerService.checkImageArchitecture(BuildAgentDockerService.java:291)
	at de.tum.cit.aet.artemis.buildagent.service.BuildAgentDockerService.pullDockerImage(BuildAgentDockerService.java:223)
	at de.tum.cit.aet.artemis.buildagent.service.BuildJobExecutionService.runBuildJob(BuildJobExecutionService.java:152)
	... 10 common frames omitted
    23:45:11.448 | 566 localvc.event-13 | DEBUG | .a.a.p.s.ProgrammingMessagingService : Send result to client over websocket. Result: Result{id623, completionDate=2025-02-14T23:45:11.319278430Z[Etc/UTC], successful=false, score=0.0, rated=true, assessmentType=AUTOMATIC, hasComplaint=null, testCaseCount=0, passedTestCaseCount=0, codeIssueCount=0}, Submission: ProgrammingSubmission{commitHash='a1099e378cffde441ef85f9b12577ca174b8e1e4', buildFailed=true, buildArtifact=false, type=MANUAL}, Participation: ProgrammingExerciseStudentParticipation{id=1936, repositoryUri='http://localhost:49152/git/SHORT9AFDAE3804CA304DDF0889A0CB0F56104A86TSTEXC/short9afdae3804ca304ddf0889a0cb0f56104a86tstexc-localvcintstudent1.git', buildPlanId='SHORT9AFDAE3804CA304DDF0889A0CB0F56104A86TSTEXC-LOCALVCINTSTUDENT1', initializationState='INITIALIZED', initializationDate='2025-02-14T23:45:11.151018Z', individualDueDate=null', presentationScore=null}
    23:45:11.459 | 566 localvc.event-13 | DEBUG | d.t.c.a.a.p.s.BuildLogEntryService   : Saved build logs for build job 19361739576711303 to file /tmp/build-logs/short9afdae3804ca304ddf0889a0cb0f56104a86/TSTEXC/19361739576711303.log
    23:45:11.459 | 566 localvc.event-13 | DEBUG | a.p.s.l.LocalCIQueueWebsocketService : CIBuildJobQueueItem removed from processing jobs: BuildJobQueueItem[id=19361739576711303, name=SHORT9AFDAE3804CA304DDF0889A0CB0F56104A86TSTEXC-LOCALVCINTSTUDENT1, buildAgent=BuildAgentDTO[name=artemis-build-agent-test, memberAddress=[127.0.0.1]:5703, displayName=artemis-build-agent-test], participationId=1936, courseId=956, exerciseId=2573, retryCount=0, priority=2, status=null, repositoryInfo=RepositoryInfo[repositoryName=short9afdae3804ca304ddf0889a0cb0f56104a86tstexc-localvcintstudent1, repositoryType=user, triggeredByPushTo=user, assignmentRepositoryUri=http://localhost:49152/git/SHORT9AFDAE3804CA304DDF0889A0CB0F56104A86TSTEXC/short9afdae3804ca304ddf0889a0cb0f56104a86tstexc-localvcintstudent1.git, testRepositoryUri=http://localhost:49152/git/SHORT9AFDAE3804CA304DDF0889A0CB0F56104A86TSTEXC/short9afdae3804ca304ddf0889a0cb0f56104a86tstexc-tests.git, solutionRepositoryUri=null, auxiliaryRepositoryUris=[Ljava.lang.String;@602dd40a, auxiliaryRepositoryCheckoutDirectories=[Ljava.lang.String;@4cec0fc2], jobTimingInfo=JobTimingInfo[submissionDate=2025-02-14T23:45:11.303805653Z[Etc/UTC], buildStartDate=2025-02-14T23:45:11.310981356Z[Etc/UTC], buildCompletionDate=null, estimatedCompletionDate=2025-02-14T23:45:30.310974944Z[Etc/UTC], estimatedDuration=19], buildConfig=BuildConfig[buildScript=#!/bin/bash
cd /var/tmp/testing-dir
chmod +x ./gradlew
./gradlew clean test
, dockerImage=dummy-docker-image:latest, commitHashToBuild=a1099e378cffde441ef85f9b12577ca174b8e1e4, assignmentCommitHash=a1099e378cffde441ef85f9b12577ca174b8e1e4, testCommitHash=bd38d61c299ab11a1dea82a3ca5493fe04d97d47, branch=main, programmingLanguage=JAVA, projectType=PLAIN_GRADLE, scaEnabled=false, sequentialTestRunsEnabled=false, resultPaths=[/var/tmp/testing-dir/**/test-results/test/*.xml], timeoutSeconds=0, assignmentCheckoutPath=null, testCheckoutPath=null, solutionCheckoutPath=null, dockerRunConfig=null], submissionResult=null]
    23:45:11.460 | 566 localvc.event-13 | DEBUG | s.l.LocalCIWebsocketMessagingService : Sending message on topic /topic/admin/running-jobs: []
    23:45:11.460 | 566 localvc.event-13 | DEBUG | s.l.LocalCIWebsocketMessagingService : Sending message on topic /topic/courses/956/running-jobs: []
    23:45:11.460 | 566 localvc.event-13 | DEBUG | a.p.s.l.LocalCIQueueWebsocketService : Build agent updated: BuildAgentInformation[buildAgent=BuildAgentDTO[name=artemis-build-agent-test, memberAddress=[127.0.0.1]:5703, displayName=artemis-build-agent-test], maxNumberOfConcurrentBuildJobs=1, numberOfCurrentBuildJobs=0, runningBuildJobs=[], status=IDLE, recentBuildJobs=[BuildJobQueueItem[id=19141739576708030, name=SHORT5F02A8F400311042E70858306EB148073CFDTSTEXC-LOCALVCINTSTUDENT1, buildAgent=BuildAgentDTO[name=artemis-build-agent-test, memberAddress=[127.0.0.1]:5703, displayName=artemis-build-agent-test], participationId=1914, courseId=947, exerciseId=2564, retryCount=0, priority=2, status=FAILED, repositoryInfo=RepositoryInfo[repositoryName=short5f02a8f400311042e70858306eb148073cfdtstexc-localvcintstudent1, repositoryType=user, triggeredByPushTo=user, assignmentRepositoryUri=http://localhost:49152/git/SHORT5F02A8F400311042E70858306EB148073CFDTSTEXC/short5f02a8f400311042e70858306eb148073cfdtstexc-localvcintstudent1.git, testRepositoryUri=http://localhost:49152/git/SHORT5F02A8F400311042E70858306EB148073CFDTSTEXC/short5f02a8f400311042e70858306eb148073cfdtstexc-tests.git, solutionRepositoryUri=null, auxiliaryRepositoryUris=[Ljava.lang.String;@5e718a24, auxiliaryRepositoryCheckoutDirectories=[Ljava.lang.String;@724f0c37], jobTimingInfo=JobTimingInfo[submissionDate=2025-02-14T23:45:08.030118216Z[Etc/UTC], buildStartDate=2025-02-14T23:45:08.041011412Z[Etc/UTC], buildCompletionDate=2025-02-14T23:45:08.054603331Z[Etc/UTC], estimatedCompletionDate=2025-02-14T23:45:27.041005080Z[Etc/UTC], estimatedDuration=19], buildConfig=BuildConfig[buildScript=#!/bin/bash
cd /var/tmp/testing-dir
chmod +x ./gradlew
./gradlew clean test
, dockerImage=dummy-docker-image:latest, commitHashToBuild=6e7146cac5059504aa9d170ec3fa23aec740bb51, assignmentCommitHash=6e7146cac5059504aa9d170ec3fa23aec740bb51, testCommitHash=931e5303581c7a2f01339ba603cfafbfe668b901, branch=main, programmingLanguage=JAVA, projectType=PLAIN_GRADLE, scaEnabled=false, sequentialTestRunsEnabled=false, resultPaths=[/var/tmp/testing-dir/**/test-results/test/*.xml], timeoutSeconds=0, assignmentCheckoutPath=null, testCheckoutPath=null, solutionCheckoutPath=null, dockerRunConfig=null], submissionResult=ResultDTO[id=622, completionDate=2025-02-14T23:45:08.054683681Z[Etc/UTC], successful=false, score=0.0, rated=true, submission=SubmissionDTO[id=814, submitted=true, type=MANUAL, exampleSubmission=null, submissionDate=2025-02-14T23:45:08.016200Z, commitHash=6e7146cac5059504aa9d170ec3fa23aec740bb51, buildFailed=true, buildArtifact=false, participation=ParticipationDTO[id=1914, testRun=false, type=programming, submissionCount=null, exercise=ParticipationExerciseDTO[id=2564, exerciseType=PROGRAMMING, type=programming, assessmentType=AUTOMATIC, dueDate=2025-02-16T23:45:07.324348Z, assessmentDueDate=null, maxPoints=42.0, course=CourseDTO[id=947, accuracyOfScores=1]]], submissionExerciseType=programming, isProcessing=false, buildStartDate=null, estimatedCompletionDate=null], participation=ParticipationDTO[id=1914, testRun=false, type=programming, submissionCount=null, exercise=ParticipationExerciseDTO[id=2564, exerciseType=PROGRAMMING, type=programming, assessmentType=AUTOMATIC, dueDate=2025-02-16T23:45:07.324348Z, assessmentDueDate=null, maxPoints=42.0, course=CourseDTO[id=947, accuracyOfScores=1]]], feedbacks=[], assessmentType=AUTOMATIC, hasComplaint=null, exampleResult=null, testCaseCount=0, passedTestCaseCount=0, codeIssueCount=0]], BuildJobQueueItem[id=19361739576711303, name=SHORT9AFDAE3804CA304DDF0889A0CB0F56104A86TSTEXC-LOCALVCINTSTUDENT1, buildAgent=BuildAgentDTO[name=artemis-build-agent-test, memberAddress=[127.0.0.1]:5703, displayName=artemis-build-agent-test], participationId=1936, courseId=956, exerciseId=2573, retryCount=0, priority=2, status=FAILED, repositoryInfo=RepositoryInfo[repositoryName=short9afdae3804ca304ddf0889a0cb0f56104a86tstexc-localvcintstudent1, repositoryType=user, triggeredByPushTo=user, assignmentRepositoryUri=http://localhost:49152/git/SHORT9AFDAE3804CA304DDF0889A0CB0F56104A86TSTEXC/short9afdae3804ca304ddf0889a0cb0f56104a86tstexc-localvcintstudent1.git, testRepositoryUri=http://localhost:49152/git/SHORT9AFDAE3804CA304DDF0889A0CB0F56104A86TSTEXC/short9afdae3804ca304ddf0889a0cb0f56104a86tstexc-tests.git, solutionRepositoryUri=null, auxiliaryRepositoryUris=[Ljava.lang.String;@1a289c32, auxiliaryRepositoryCheckoutDirectories=[Ljava.lang.String;@5ed3896a], jobTimingInfo=JobTimingInfo[submissionDate=2025-02-14T23:45:11.303805653Z[Etc/UTC], buildStartDate=2025-02-14T23:45:11.310981356Z[Etc/UTC], buildCompletionDate=2025-02-14T23:45:11.319178384Z[Etc/UTC], estimatedCompletionDate=2025-02-14T23:45:30.310974944Z[Etc/UTC], estimatedDuration=19], buildConfig=BuildConfig[buildScript=#!/bin/bash
cd /var/tmp/testing-dir
chmod +x ./gradlew
./gradlew clean test
, dockerImage=dummy-docker-image:latest, commitHashToBuild=a1099e378cffde441ef85f9b12577ca174b8e1e4, assignmentCommitHash=a1099e378cffde441ef85f9b12577ca174b8e1e4, testCommitHash=bd38d61c299ab11a1dea82a3ca5493fe04d97d47, branch=main, programmingLanguage=JAVA, projectType=PLAIN_GRADLE, scaEnabled=false, sequentialTestRunsEnabled=false, resultPaths=[/var/tmp/testing-dir/**/test-results/test/*.xml], timeoutSeconds=0, assignmentCheckoutPath=null, testCheckoutPath=null, solutionCheckoutPath=null, dockerRunConfig=null], submissionResult=null]], publicSshKey=ssh-rsa AAAAB3NzaC1yc2EAAAADAQABAAACAQCOPdMsxRE2jFJ/UEa5/LsBxtwzJcrh3/rYBCQvcMeVpiRfhzQPWu7mrt/G2Ew+i+vRloGH9aqKg6dd1liRncao53Zmd/ePxoatXePNhmzTfkCkcSkTUz7B+QMjkoDDV5jwuFPD6mF3JkhuzSi64n9Zy905t4w2IhVcjM2mL3eYNjiCXt6Qpq3Pkt7dM/Ksw1nxnvuiIALuJLB3FTkXkHqq3PJav+9HSq2r6ZaWgekneaGxlQlb+U+Vy3XOuArKAzK8c8i+0bR+AHiTG6ncYXt7ax3U+TdlDTF7OLP3umwaYjs1NBXOHwG42pevvpKn2fqavZZozk+M05jXLx3bq0O7itxfErWc7etky8qYPyyIMF/txQIVLd78+Ze4d7Y60t5MGbXM5cGE6fFif5fEJwgswXD+BrG0cafz1CTatjSKFdvp8Vp4VszXhHDan1PrP6JEFJ5Cc5GDmLRZPCFa3vL9f5qXgf4bkqKN8MYeEujwJE5nMRWoiJVNakix2bcrrneQMBlnYeYZVWXXXUusAQBzl4NgddC1umZpihZkL1b1MffZAUW3EGEXi7KHnllQhkTLLsQ8ntMgbylqaJKStqaXlLvdeRJcEnUuiFCrHEVVbXRFZR7XVDZ02CE5o3MuaRPty8Kh+jRTF3COlAckHwYEJCNNJvXFgb2CNXL4mjzYDw== test@localhost]
    23:45:11.461 | 607 nio-49152-exec-6 | DEBUG | d.t.c.a.a.c.s.f.ApiVersionFilter     : Adding Version to Request POST /git/SHORT9AFDAE3804CA304DDF0889A0CB0F56104A86TSTEXC/short9afdae3804ca304ddf0889a0cb0f56104a86tstexc-localvcintstudent1.git/git-receive-pack
    23:45:11.461 | 566 localvc.event-13 | DEBUG | s.l.LocalCIWebsocketMessagingService : Sending message on topic /topic/admin/build-agents: [BuildAgentInformation[buildAgent=BuildAgentDTO[name=artemis-build-agent-test, memberAddress=[127.0.0.1]:5703, displayName=artemis-build-agent-test], maxNumberOfConcurrentBuildJobs=1, numberOfCurrentBuildJobs=0, runningBuildJobs=[], status=IDLE, recentBuildJobs=null, publicSshKey=null]]
    23:45:11.461 | 607 nio-49152-exec-6 | DEBUG | .t.c.a.a.p.s.l.LocalVCServletService : Path to resolve repository from: /tmp/SHORT9AFDAE3804CA304DDF0889A0CB0F56104A86TSTEXC/short9afdae3804ca304ddf0889a0cb0f56104a86tstexc-localvcintstudent1.git
    23:45:11.461 | 607 nio-49152-exec-6 | DEBUG | .t.c.a.a.p.s.l.LocalVCServletService : Retrieving cached local repository SHORT9AFDAE3804CA304DDF0889A0CB0F56104A86TSTEXC/short9afdae3804ca304ddf0889a0cb0f56104a86tstexc-localvcintstudent1.git
    23:45:11.461 | 607 nio-49152-exec-6 | DEBUG | .t.c.a.a.p.s.l.LocalVCServletService : Resolving repository for repository SHORT9AFDAE3804CA304DDF0889A0CB0F56104A86TSTEXC/short9afdae3804ca304ddf0889a0cb0f56104a86tstexc-localvcintstudent1.git took 24µs
    23:45:11.462 | 588 artemis-task-1   | DEBUG | d.t.c.a.a.c.c.w.GzipMessageConverter : Compressed message payload from 255 to 232 (saved 9.0% payload size)
    23:45:11.462 | 607 nio-49152-exec-6 | DEBUG | d.t.c.a.a.p.s.l.LocalVCPushFilter    : Trying to push to repository /git/SHORT9AFDAE3804CA304DDF0889A0CB0F56104A86TSTEXC/short9afdae3804ca304ddf0889a0cb0f56104a86tstexc-localvcintstudent1.git/git-receive-pack
    23:45:11.463 | 566 localvc.event-13 | DEBUG | s.l.LocalCIWebsocketMessagingService : Sending message on topic /topic/admin/build-agent/artemis-build-agent-test: BuildAgentInformation[buildAgent=BuildAgentDTO[name=artemis-build-agent-test, memberAddress=[127.0.0.1]:5703, displayName=artemis-build-agent-test], maxNumberOfConcurrentBuildJobs=1, numberOfCurrentBuildJobs=0, runningBuildJobs=[], status=IDLE, recentBuildJobs=[BuildJobQueueItem[id=19141739576708030, name=SHORT5F02A8F400311042E70858306EB148073CFDTSTEXC-LOCALVCINTSTUDENT1, buildAgent=BuildAgentDTO[name=artemis-build-agent-test, memberAddress=[127.0.0.1]:5703, displayName=artemis-build-agent-test], participationId=1914, courseId=947, exerciseId=2564, retryCount=0, priority=2, status=FAILED, repositoryInfo=RepositoryInfo[repositoryName=short5f02a8f400311042e70858306eb148073cfdtstexc-localvcintstudent1, repositoryType=user, triggeredByPushTo=user, assignmentRepositoryUri=http://localhost:49152/git/SHORT5F02A8F400311042E70858306EB148073CFDTSTEXC/short5f02a8f400311042e70858306eb148073cfdtstexc-localvcintstudent1.git, testRepositoryUri=http://localhost:49152/git/SHORT5F02A8F400311042E70858306EB148073CFDTSTEXC/short5f02a8f400311042e70858306eb148073cfdtstexc-tests.git, solutionRepositoryUri=null, auxiliaryRepositoryUris=[Ljava.lang.String;@589256d7, auxiliaryRepositoryCheckoutDirectories=[Ljava.lang.String;@1a481c76], jobTimingInfo=JobTimingInfo[submissionDate=2025-02-14T23:45:08.030118216Z[Etc/UTC], buildStartDate=2025-02-14T23:45:08.041011412Z[Etc/UTC], buildCompletionDate=2025-02-14T23:45:08.054603331Z[Etc/UTC], estimatedCompletionDate=2025-02-14T23:45:27.041005080Z[Etc/UTC], estimatedDuration=19], buildConfig=BuildConfig[buildScript=#!/bin/bash
cd /var/tmp/testing-dir
chmod +x ./gradlew
./gradlew clean test
, dockerImage=dummy-docker-image:latest, commitHashToBuild=6e7146cac5059504aa9d170ec3fa23aec740bb51, assignmentCommitHash=6e7146cac5059504aa9d170ec3fa23aec740bb51, testCommitHash=931e5303581c7a2f01339ba603cfafbfe668b901, branch=main, programmingLanguage=JAVA, projectType=PLAIN_GRADLE, scaEnabled=false, sequentialTestRunsEnabled=false, resultPaths=[/var/tmp/testing-dir/**/test-results/test/*.xml], timeoutSeconds=0, assignmentCheckoutPath=null, testCheckoutPath=null, solutionCheckoutPath=null, dockerRunConfig=null], submissionResult=ResultDTO[id=622, completionDate=2025-02-14T23:45:08.054683681Z[Etc/UTC], successful=false, score=0.0, rated=true, submission=SubmissionDTO[id=814, submitted=true, type=MANUAL, exampleSubmission=null, submissionDate=2025-02-14T23:45:08.016200Z, commitHash=6e7146cac5059504aa9d170ec3fa23aec740bb51, buildFailed=true, buildArtifact=false, participation=ParticipationDTO[id=1914, testRun=false, type=programming, submissionCount=null, exercise=ParticipationExerciseDTO[id=2564, exerciseType=PROGRAMMING, type=programming, assessmentType=AUTOMATIC, dueDate=2025-02-16T23:45:07.324348Z, assessmentDueDate=null, maxPoints=42.0, course=CourseDTO[id=947, accuracyOfScores=1]]], submissionExerciseType=programming, isProcessing=false, buildStartDate=null, estimatedCompletionDate=null], participation=ParticipationDTO[id=1914, testRun=false, type=programming, submissionCount=null, exercise=ParticipationExerciseDTO[id=2564, exerciseType=PROGRAMMING, type=programming, assessmentType=AUTOMATIC, dueDate=2025-02-16T23:45:07.324348Z, assessmentDueDate=null, maxPoints=42.0, course=CourseDTO[id=947, accuracyOfScores=1]]], feedbacks=[], assessmentType=AUTOMATIC, hasComplaint=null, exampleResult=null, testCaseCount=0, passedTestCaseCount=0, codeIssueCount=0]], BuildJobQueueItem[id=19361739576711303, name=SHORT9AFDAE3804CA304DDF0889A0CB0F56104A86TSTEXC-LOCALVCINTSTUDENT1, buildAgent=BuildAgentDTO[name=artemis-build-agent-test, memberAddress=[127.0.0.1]:5703, displayName=artemis-build-agent-test], participationId=1936, courseId=956, exerciseId=2573, retryCount=0, priority=2, status=FAILED, repositoryInfo=RepositoryInfo[repositoryName=short9afdae3804ca304ddf0889a0cb0f56104a86tstexc-localvcintstudent1, repositoryType=user, triggeredByPushTo=user, assignmentRepositoryUri=http://localhost:49152/git/SHORT9AFDAE3804CA304DDF0889A0CB0F56104A86TSTEXC/short9afdae3804ca304ddf0889a0cb0f56104a86tstexc-localvcintstudent1.git, testRepositoryUri=http://localhost:49152/git/SHORT9AFDAE3804CA304DDF0889A0CB0F56104A86TSTEXC/short9afdae3804ca304ddf0889a0cb0f56104a86tstexc-tests.git, solutionRepositoryUri=null, auxiliaryRepositoryUris=[Ljava.lang.String;@1eac17e9, auxiliaryRepositoryCheckoutDirectories=[Ljava.lang.String;@349ac34e], jobTimingInfo=JobTimingInfo[submissionDate=2025-02-14T23:45:11.303805653Z[Etc/UTC], buildStartDate=2025-02-14T23:45:11.310981356Z[Etc/UTC], buildCompletionDate=2025-02-14T23:45:11.319178384Z[Etc/UTC], estimatedCompletionDate=2025-02-14T23:45:30.310974944Z[Etc/UTC], estimatedDuration=19], buildConfig=BuildConfig[buildScript=#!/bin/bash
cd /var/tmp/testing-dir
chmod +x ./gradlew
./gradlew clean test
, dockerImage=dummy-docker-image:latest, commitHashToBuild=a1099e378cffde441ef85f9b12577ca174b8e1e4, assignmentCommitHash=a1099e378cffde441ef85f9b12577ca174b8e1e4, testCommitHash=bd38d61c299ab11a1dea82a3ca5493fe04d97d47, branch=main, programmingLanguage=JAVA, projectType=PLAIN_GRADLE, scaEnabled=false, sequentialTestRunsEnabled=false, resultPaths=[/var/tmp/testing-dir/**/test-results/test/*.xml], timeoutSeconds=0, assignmentCheckoutPath=null, testCheckoutPath=null, solutionCheckoutPath=null, dockerRunConfig=null], submissionResult=ResultDTO[id=623, completionDate=2025-02-14T23:45:11.319278430Z[Etc/UTC], successful=false, score=0.0, rated=true, submission=SubmissionDTO[id=815, submitted=true, type=MANUAL, exampleSubmission=null, submissionDate=2025-02-14T23:45:11.294386Z, commitHash=a1099e378cffde441ef85f9b12577ca174b8e1e4, buildFailed=true, buildArtifact=false, participation=ParticipationDTO[id=1936, testRun=false, type=programming, submissionCount=null, exercise=ParticipationExerciseDTO[id=2573, exerciseType=PROGRAMMING, type=programming, assessmentType=AUTOMATIC, dueDate=2025-02-16T23:45:10.996982Z, assessmentDueDate=null, maxPoints=42.0, course=CourseDTO[id=956, accuracyOfScores=1]]], submissionExerciseType=programming, isProcessing=false, buildStartDate=null, estimatedCompletionDate=null], participation=ParticipationDTO[id=1936, testRun=false, type=programming, submissionCount=null, exercise=ParticipationExerciseDTO[id=2573, exerciseType=PROGRAMMING, type=programming, assessmentType=AUTOMATIC, dueDate=2025-02-16T23:45:10.996982Z, assessmentDueDate=null, maxPoints=42.0, course=CourseDTO[id=956, accuracyOfScores=1]]], feedbacks=[], assessmentType=AUTOMATIC, hasComplaint=null, exampleResult=null, testCaseCount=0, passedTestCaseCount=0, codeIssueCount=0]]], publicSshKey=ssh-rsa AAAAB3NzaC1yc2EAAAADAQABAAACAQCOPdMsxRE2jFJ/UEa5/LsBxtwzJcrh3/rYBCQvcMeVpiRfhzQPWu7mrt/G2Ew+i+vRloGH9aqKg6dd1liRncao53Zmd/ePxoatXePNhmzTfkCkcSkTUz7B+QMjkoDDV5jwuFPD6mF3JkhuzSi64n9Zy905t4w2IhVcjM2mL3eYNjiCXt6Qpq3Pkt7dM/Ksw1nxnvuiIALuJLB3FTkXkHqq3PJav+9HSq2r6ZaWgekneaGxlQlb+U+Vy3XOuArKAzK8c8i+0bR+AHiTG6ncYXt7ax3U+TdlDTF7OLP3umwaYjs1NBXOHwG42pevvpKn2fqavZZozk+M05jXLx3bq0O7itxfErWc7etky8qYPyyIMF/txQIVLd78+Ze4d7Y60t5MGbXM5cGE6fFif5fEJwgswXD+BrG0cafz1CTatjSKFdvp8Vp4VszXhHDan1PrP6JEFJ5Cc5GDmLRZPCFa3vL9f5qXgf4bkqKN8MYeEujwJE5nMRWoiJVNakix2bcrrneQMBlnYeYZVWXXXUusAQBzl4NgddC1umZpihZkL1b1MffZAUW3EGEXi7KHnllQhkTLLsQ8ntMgbylqaJKStqaXlLvdeRJcEnUuiFCrHEVVbXRFZR7XVDZ02CE5o3MuaRPty8Kh+jRTF3COlAckHwYEJCNNJvXFgb2CNXL4mjzYDw== test@localhost]
    23:45:11.463 | 566 localvc.event-13 | DEBUG | a.p.s.l.SharedQueueManagementService : Build agent updated: null
    23:45:11.463 | 588 artemis-task-1   | DEBUG | d.t.c.a.a.c.c.w.GzipMessageConverter : Compressed message payload from 8255 to 2896 (saved 64.9% payload size)
    23:45:11.465 | 566 localvc.event-13 | DEBUG | a.p.s.l.LocalCIQueueWebsocketService : Build agent updated: BuildAgentInformation[buildAgent=BuildAgentDTO[name=artemis-build-agent-test, memberAddress=[127.0.0.1]:5703, displayName=artemis-build-agent-test], maxNumberOfConcurrentBuildJobs=1, numberOfCurrentBuildJobs=0, runningBuildJobs=[], status=IDLE, recentBuildJobs=[BuildJobQueueItem[id=19141739576708030, name=SHORT5F02A8F400311042E70858306EB148073CFDTSTEXC-LOCALVCINTSTUDENT1, buildAgent=BuildAgentDTO[name=artemis-build-agent-test, memberAddress=[127.0.0.1]:5703, displayName=artemis-build-agent-test], participationId=1914, courseId=947, exerciseId=2564, retryCount=0, priority=2, status=FAILED, repositoryInfo=RepositoryInfo[repositoryName=short5f02a8f400311042e70858306eb148073cfdtstexc-localvcintstudent1, repositoryType=user, triggeredByPushTo=user, assignmentRepositoryUri=http://localhost:49152/git/SHORT5F02A8F400311042E70858306EB148073CFDTSTEXC/short5f02a8f400311042e70858306eb148073cfdtstexc-localvcintstudent1.git, testRepositoryUri=http://localhost:49152/git/SHORT5F02A8F400311042E70858306EB148073CFDTSTEXC/short5f02a8f400311042e70858306eb148073cfdtstexc-tests.git, solutionRepositoryUri=null, auxiliaryRepositoryUris=[Ljava.lang.String;@248517f0, auxiliaryRepositoryCheckoutDirectories=[Ljava.lang.String;@5ae85fd6], jobTimingInfo=JobTimingInfo[submissionDate=2025-02-14T23:45:08.030118216Z[Etc/UTC], buildStartDate=2025-02-14T23:45:08.041011412Z[Etc/UTC], buildCompletionDate=2025-02-14T23:45:08.054603331Z[Etc/UTC], estimatedCompletionDate=2025-02-14T23:45:27.041005080Z[Etc/UTC], estimatedDuration=19], buildConfig=BuildConfig[buildScript=#!/bin/bash
cd /var/tmp/testing-dir
chmod +x ./gradlew
./gradlew clean test
, dockerImage=dummy-docker-image:latest, commitHashToBuild=6e7146cac5059504aa9d170ec3fa23aec740bb51, assignmentCommitHash=6e7146cac5059504aa9d170ec3fa23aec740bb51, testCommitHash=931e5303581c7a2f01339ba603cfafbfe668b901, branch=main, programmingLanguage=JAVA, projectType=PLAIN_GRADLE, scaEnabled=false, sequentialTestRunsEnabled=false, resultPaths=[/var/tmp/testing-dir/**/test-results/test/*.xml], timeoutSeconds=0, assignmentCheckoutPath=null, testCheckoutPath=null, solutionCheckoutPath=null, dockerRunConfig=null], submissionResult=ResultDTO[id=622, completionDate=2025-02-14T23:45:08.054683681Z[Etc/UTC], successful=false, score=0.0, rated=true, submission=SubmissionDTO[id=814, submitted=true, type=MANUAL, exampleSubmission=null, submissionDate=2025-02-14T23:45:08.016200Z, commitHash=6e7146cac5059504aa9d170ec3fa23aec740bb51, buildFailed=true, buildArtifact=false, participation=ParticipationDTO[id=1914, testRun=false, type=programming, submissionCount=null, exercise=ParticipationExerciseDTO[id=2564, exerciseType=PROGRAMMING, type=programming, assessmentType=AUTOMATIC, dueDate=2025-02-16T23:45:07.324348Z, assessmentDueDate=null, maxPoints=42.0, course=CourseDTO[id=947, accuracyOfScores=1]]], submissionExerciseType=programming, isProcessing=false, buildStartDate=null, estimatedCompletionDate=null], participation=ParticipationDTO[id=1914, testRun=false, type=programming, submissionCount=null, exercise=ParticipationExerciseDTO[id=2564, exerciseType=PROGRAMMING, type=programming, assessmentType=AUTOMATIC, dueDate=2025-02-16T23:45:07.324348Z, assessmentDueDate=null, maxPoints=42.0, course=CourseDTO[id=947, accuracyOfScores=1]]], feedbacks=[], assessmentType=AUTOMATIC, hasComplaint=null, exampleResult=null, testCaseCount=0, passedTestCaseCount=0, codeIssueCount=0]], BuildJobQueueItem[id=19361739576711303, name=SHORT9AFDAE3804CA304DDF0889A0CB0F56104A86TSTEXC-LOCALVCINTSTUDENT1, buildAgent=BuildAgentDTO[name=artemis-build-agent-test, memberAddress=[127.0.0.1]:5703, displayName=artemis-build-agent-test], participationId=1936, courseId=956, exerciseId=2573, retryCount=0, priority=2, status=FAILED, repositoryInfo=RepositoryInfo[repositoryName=short9afdae3804ca304ddf0889a0cb0f56104a86tstexc-localvcintstudent1, repositoryType=user, triggeredByPushTo=user, assignmentRepositoryUri=http://localhost:49152/git/SHORT9AFDAE3804CA304DDF0889A0CB0F56104A86TSTEXC/short9afdae3804ca304ddf0889a0cb0f56104a86tstexc-localvcintstudent1.git, testRepositoryUri=http://localhost:49152/git/SHORT9AFDAE3804CA304DDF0889A0CB0F56104A86TSTEXC/short9afdae3804ca304ddf0889a0cb0f56104a86tstexc-tests.git, solutionRepositoryUri=null, auxiliaryRepositoryUris=[Ljava.lang.String;@380a6776, auxiliaryRepositoryCheckoutDirectories=[Ljava.lang.String;@665fd4ac], jobTimingInfo=JobTimingInfo[submissionDate=2025-02-14T23:45:11.303805653Z[Etc/UTC], buildStartDate=2025-02-14T23:45:11.310981356Z[Etc/UTC], buildCompletionDate=2025-02-14T23:45:11.319178384Z[Etc/UTC], estimatedCompletionDate=2025-02-14T23:45:30.310974944Z[Etc/UTC], estimatedDuration=19], buildConfig=BuildConfig[buildScript=#!/bin/bash
cd /var/tmp/testing-dir
chmod +x ./gradlew
./gradlew clean test
, dockerImage=dummy-docker-image:latest, commitHashToBuild=a1099e378cffde441ef85f9b12577ca174b8e1e4, assignmentCommitHash=a1099e378cffde441ef85f9b12577ca174b8e1e4, testCommitHash=bd38d61c299ab11a1dea82a3ca5493fe04d97d47, branch=main, programmingLanguage=JAVA, projectType=PLAIN_GRADLE, scaEnabled=false, sequentialTestRunsEnabled=false, resultPaths=[/var/tmp/testing-dir/**/test-results/test/*.xml], timeoutSeconds=0, assignmentCheckoutPath=null, testCheckoutPath=null, solutionCheckoutPath=null, dockerRunConfig=null], submissionResult=ResultDTO[id=623, completionDate=2025-02-14T23:45:11.319278430Z[Etc/UTC], successful=false, score=0.0, rated=true, submission=SubmissionDTO[id=815, submitted=true, type=MANUAL, exampleSubmission=null, submissionDate=2025-02-14T23:45:11.294386Z, commitHash=a1099e378cffde441ef85f9b12577ca174b8e1e4, buildFailed=true, buildArtifact=false, participation=ParticipationDTO[id=1936, testRun=false, type=programming, submissionCount=null, exercise=ParticipationExerciseDTO[id=2573, exerciseType=PROGRAMMING, type=programming, assessmentType=AUTOMATIC, dueDate=2025-02-16T23:45:10.996982Z, assessmentDueDate=null, maxPoints=42.0, course=CourseDTO[id=956, accuracyOfScores=1]]], submissionExerciseType=programming, isProcessing=false, buildStartDate=null, estimatedCompletionDate=null], participation=ParticipationDTO[id=1936, testRun=false, type=programming, submissionCount=null, exercise=ParticipationExerciseDTO[id=2573, exerciseType=PROGRAMMING, type=programming, assessmentType=AUTOMATIC, dueDate=2025-02-16T23:45:10.996982Z, assessmentDueDate=null, maxPoints=42.0, course=CourseDTO[id=956, accuracyOfScores=1]]], feedbacks=[], assessmentType=AUTOMATIC, hasComplaint=null, exampleResult=null, testCaseCount=0, passedTestCaseCount=0, codeIssueCount=0]]], publicSshKey=ssh-rsa AAAAB3NzaC1yc2EAAAADAQABAAACAQCOPdMsxRE2jFJ/UEa5/LsBxtwzJcrh3/rYBCQvcMeVpiRfhzQPWu7mrt/G2Ew+i+vRloGH9aqKg6dd1liRncao53Zmd/ePxoatXePNhmzTfkCkcSkTUz7B+QMjkoDDV5jwuFPD6mF3JkhuzSi64n9Zy905t4w2IhVcjM2mL3eYNjiCXt6Qpq3Pkt7dM/Ksw1nxnvuiIALuJLB3FTkXkHqq3PJav+9HSq2r6ZaWgekneaGxlQlb+U+Vy3XOuArKAzK8c8i+0bR+AHiTG6ncYXt7ax3U+TdlDTF7OLP3umwaYjs1NBXOHwG42pevvpKn2fqavZZozk+M05jXLx3bq0O7itxfErWc7etky8qYPyyIMF/txQIVLd78+Ze4d7Y60t5MGbXM5cGE6fFif5fEJwgswXD+BrG0cafz1CTatjSKFdvp8Vp4VszXhHDan1PrP6JEFJ5Cc5GDmLRZPCFa3vL9f5qXgf4bkqKN8MYeEujwJE5nMRWoiJVNakix2bcrrneQMBlnYeYZVWXXXUusAQBzl4NgddC1umZpihZkL1b1MffZAUW3EGEXi7KHnllQhkTLLsQ8ntMgbylqaJKStqaXlLvdeRJcEnUuiFCrHEVVbXRFZR7XVDZ02CE5o3MuaRPty8Kh+jRTF3COlAckHwYEJCNNJvXFgb2CNXL4mjzYDw== test@localhost]
    23:45:11.466 | 566 localvc.event-13 | DEBUG | s.l.LocalCIWebsocketMessagingService : Sending message on topic /topic/admin/build-agents: [BuildAgentInformation[buildAgent=BuildAgentDTO[name=artemis-build-agent-test, memberAddress=[127.0.0.1]:5703, displayName=artemis-build-agent-test], maxNumberOfConcurrentBuildJobs=1, numberOfCurrentBuildJobs=0, runningBuildJobs=[], status=IDLE, recentBuildJobs=null, publicSshKey=null]]
    23:45:11.466 | 566 localvc.event-13 | DEBUG | s.l.LocalCIWebsocketMessagingService : Sending message on topic /topic/admin/build-agent/artemis-build-agent-test: BuildAgentInformation[buildAgent=BuildAgentDTO[name=artemis-build-agent-test, memberAddress=[127.0.0.1]:5703, displayName=artemis-build-agent-test], maxNumberOfConcurrentBuildJobs=1, numberOfCurrentBuildJobs=0, runningBuildJobs=[], status=IDLE, recentBuildJobs=[BuildJobQueueItem[id=19141739576708030, name=SHORT5F02A8F400311042E70858306EB148073CFDTSTEXC-LOCALVCINTSTUDENT1, buildAgent=BuildAgentDTO[name=artemis-build-agent-test, memberAddress=[127.0.0.1]:5703, displayName=artemis-build-agent-test], participationId=1914, courseId=947, exerciseId=2564, retryCount=0, priority=2, status=FAILED, repositoryInfo=RepositoryInfo[repositoryName=short5f02a8f400311042e70858306eb148073cfdtstexc-localvcintstudent1, repositoryType=user, triggeredByPushTo=user, assignmentRepositoryUri=http://localhost:49152/git/SHORT5F02A8F400311042E70858306EB148073CFDTSTEXC/short5f02a8f400311042e70858306eb148073cfdtstexc-localvcintstudent1.git, testRepositoryUri=http://localhost:49152/git/SHORT5F02A8F400311042E70858306EB148073CFDTSTEXC/short5f02a8f400311042e70858306eb148073cfdtstexc-tests.git, solutionRepositoryUri=null, auxiliaryRepositoryUris=[Ljava.lang.String;@193d7999, auxiliaryRepositoryCheckoutDirectories=[Ljava.lang.String;@1df24a6], jobTimingInfo=JobTimingInfo[submissionDate=2025-02-14T23:45:08.030118216Z[Etc/UTC], buildStartDate=2025-02-14T23:45:08.041011412Z[Etc/UTC], buildCompletionDate=2025-02-14T23:45:08.054603331Z[Etc/UTC], estimatedCompletionDate=2025-02-14T23:45:27.041005080Z[Etc/UTC], estimatedDuration=19], buildConfig=BuildConfig[buildScript=#!/bin/bash
cd /var/tmp/testing-dir
chmod +x ./gradlew
./gradlew clean test
, dockerImage=dummy-docker-image:latest, commitHashToBuild=6e7146cac5059504aa9d170ec3fa23aec740bb51, assignmentCommitHash=6e7146cac5059504aa9d170ec3fa23aec740bb51, testCommitHash=931e5303581c7a2f01339ba603cfafbfe668b901, branch=main, programmingLanguage=JAVA, projectType=PLAIN_GRADLE, scaEnabled=false, sequentialTestRunsEnabled=false, resultPaths=[/var/tmp/testing-dir/**/test-results/test/*.xml], timeoutSeconds=0, assignmentCheckoutPath=null, testCheckoutPath=null, solutionCheckoutPath=null, dockerRunConfig=null], submissionResult=ResultDTO[id=622, completionDate=2025-02-14T23:45:08.054683681Z[Etc/UTC], successful=false, score=0.0, rated=true, submission=SubmissionDTO[id=814, submitted=true, type=MANUAL, exampleSubmission=null, submissionDate=2025-02-14T23:45:08.016200Z, commitHash=6e7146cac5059504aa9d170ec3fa23aec740bb51, buildFailed=true, buildArtifact=false, participation=ParticipationDTO[id=1914, testRun=false, type=programming, submissionCount=null, exercise=ParticipationExerciseDTO[id=2564, exerciseType=PROGRAMMING, type=programming, assessmentType=AUTOMATIC, dueDate=2025-02-16T23:45:07.324348Z, assessmentDueDate=null, maxPoints=42.0, course=CourseDTO[id=947, accuracyOfScores=1]]], submissionExerciseType=programming, isProcessing=false, buildStartDate=null, estimatedCompletionDate=null], participation=ParticipationDTO[id=1914, testRun=false, type=programming, submissionCount=null, exercise=ParticipationExerciseDTO[id=2564, exerciseType=PROGRAMMING, type=programming, assessmentType=AUTOMATIC, dueDate=2025-02-16T23:45:07.324348Z, assessmentDueDate=null, maxPoints=42.0, course=CourseDTO[id=947, accuracyOfScores=1]]], feedbacks=[], assessmentType=AUTOMATIC, hasComplaint=null, exampleResult=null, testCaseCount=0, passedTestCaseCount=0, codeIssueCount=0]], BuildJobQueueItem[id=19361739576711303, name=SHORT9AFDAE3804CA304DDF0889A0CB0F56104A86TSTEXC-LOCALVCINTSTUDENT1, buildAgent=BuildAgentDTO[name=artemis-build-agent-test, memberAddress=[127.0.0.1]:5703, displayName=artemis-build-agent-test], participationId=1936, courseId=956, exerciseId=2573, retryCount=0, priority=2, status=FAILED, repositoryInfo=RepositoryInfo[repositoryName=short9afdae3804ca304ddf0889a0cb0f56104a86tstexc-localvcintstudent1, repositoryType=user, triggeredByPushTo=user, assignmentRepositoryUri=http://localhost:49152/git/SHORT9AFDAE3804CA304DDF0889A0CB0F56104A86TSTEXC/short9afdae3804ca304ddf0889a0cb0f56104a86tstexc-localvcintstudent1.git, testRepositoryUri=http://localhost:49152/git/SHORT9AFDAE3804CA304DDF0889A0CB0F56104A86TSTEXC/short9afdae3804ca304ddf0889a0cb0f56104a86tstexc-tests.git, solutionRepositoryUri=null, auxiliaryRepositoryUris=[Ljava.lang.String;@203f10f8, auxiliaryRepositoryCheckoutDirectories=[Ljava.lang.String;@6e9d59aa], jobTimingInfo=JobTimingInfo[submissionDate=2025-02-14T23:45:11.303805653Z[Etc/UTC], buildStartDate=2025-02-14T23:45:11.310981356Z[Etc/UTC], buildCompletionDate=2025-02-14T23:45:11.319178384Z[Etc/UTC], estimatedCompletionDate=2025-02-14T23:45:30.310974944Z[Etc/UTC], estimatedDuration=19], buildConfig=BuildConfig[buildScript=#!/bin/bash
cd /var/tmp/testing-dir
chmod +x ./gradlew
./gradlew clean test
, dockerImage=dummy-docker-image:latest, commitHashToBuild=a1099e378cffde441ef85f9b12577ca174b8e1e4, assignmentCommitHash=a1099e378cffde441ef85f9b12577ca174b8e1e4, testCommitHash=bd38d61c299ab11a1dea82a3ca5493fe04d97d47, branch=main, programmingLanguage=JAVA, projectType=PLAIN_GRADLE, scaEnabled=false, sequentialTestRunsEnabled=false, resultPaths=[/var/tmp/testing-dir/**/test-results/test/*.xml], timeoutSeconds=0, assignmentCheckoutPath=null, testCheckoutPath=null, solutionCheckoutPath=null, dockerRunConfig=null], submissionResult=ResultDTO[id=623, completionDate=2025-02-14T23:45:11.319278430Z[Etc/UTC], successful=false, score=0.0, rated=true, submission=SubmissionDTO[id=815, submitted=true, type=MANUAL, exampleSubmission=null, submissionDate=2025-02-14T23:45:11.294386Z, commitHash=a1099e378cffde441ef85f9b12577ca174b8e1e4, buildFailed=true, buildArtifact=false, participation=ParticipationDTO[id=1936, testRun=false, type=programming, submissionCount=null, exercise=ParticipationExerciseDTO[id=2573, exerciseType=PROGRAMMING, type=programming, assessmentType=AUTOMATIC, dueDate=2025-02-16T23:45:10.996982Z, assessmentDueDate=null, maxPoints=42.0, course=CourseDTO[id=956, accuracyOfScores=1]]], submissionExerciseType=programming, isProcessing=false, buildStartDate=null, estimatedCompletionDate=null], participation=ParticipationDTO[id=1936, testRun=false, type=programming, submissionCount=null, exercise=ParticipationExerciseDTO[id=2573, exerciseType=PROGRAMMING, type=programming, assessmentType=AUTOMATIC, dueDate=2025-02-16T23:45:10.996982Z, assessmentDueDate=null, maxPoints=42.0, course=CourseDTO[id=956, accuracyOfScores=1]]], feedbacks=[], assessmentType=AUTOMATIC, hasComplaint=null, exampleResult=null, testCaseCount=0, passedTestCaseCount=0, codeIssueCount=0]]], publicSshKey=ssh-rsa AAAAB3NzaC1yc2EAAAADAQABAAACAQCOPdMsxRE2jFJ/UEa5/LsBxtwzJcrh3/rYBCQvcMeVpiRfhzQPWu7mrt/G2Ew+i+vRloGH9aqKg6dd1liRncao53Zmd/ePxoatXePNhmzTfkCkcSkTUz7B+QMjkoDDV5jwuFPD6mF3JkhuzSi64n9Zy905t4w2IhVcjM2mL3eYNjiCXt6Qpq3Pkt7dM/Ksw1nxnvuiIALuJLB3FTkXkHqq3PJav+9HSq2r6ZaWgekneaGxlQlb+U+Vy3XOuArKAzK8c8i+0bR+AHiTG6ncYXt7ax3U+TdlDTF7OLP3umwaYjs1NBXOHwG42pevvpKn2fqavZZozk+M05jXLx3bq0O7itxfErWc7etky8qYPyyIMF/txQIVLd78+Ze4d7Y60t5MGbXM5cGE6fFif5fEJwgswXD+BrG0cafz1CTatjSKFdvp8Vp4VszXhHDan1PrP6JEFJ5Cc5GDmLRZPCFa3vL9f5qXgf4bkqKN8MYeEujwJE5nMRWoiJVNakix2bcrrneQMBlnYeYZVWXXXUusAQBzl4NgddC1umZpihZkL1b1MffZAUW3EGEXi7KHnllQhkTLLsQ8ntMgbylqaJKStqaXlLvdeRJcEnUuiFCrHEVVbXRFZR7XVDZ02CE5o3MuaRPty8Kh+jRTF3COlAckHwYEJCNNJvXFgb2CNXL4mjzYDw== test@localhost]
    23:45:11.466 | 566 localvc.event-13 | DEBUG | a.p.s.l.SharedQueueManagementService : Build agent updated: null
    23:45:11.468 | 588 artemis-task-1   | DEBUG | d.t.c.a.a.c.c.w.GzipMessageConverter : Compressed message payload from 255 to 232 (saved 9.0% payload size)
    23:45:11.468 | 588 artemis-task-1   | DEBUG | d.t.c.a.a.c.c.w.GzipMessageConverter : Compressed message payload from 8255 to 2896 (saved 64.9% payload size)
    23:45:11.488 | 606 nio-49152-exec-5 | DEBUG | d.t.c.a.a.c.s.f.ApiVersionFilter     : Adding Version to Request GET /git/SHORT9AFDAE3804CA304DDF0889A0CB0F56104A86TSTEXC/short9afdae3804ca304ddf0889a0cb0f56104a86tstexc-exercise.git/info/refs
    23:45:11.488 | 606 nio-49152-exec-5 | DEBUG | .t.c.a.a.p.s.l.LocalVCServletService : Path to resolve repository from: /tmp/SHORT9AFDAE3804CA304DDF0889A0CB0F56104A86TSTEXC/short9afdae3804ca304ddf0889a0cb0f56104a86tstexc-exercise.git
    23:45:11.488 | 606 nio-49152-exec-5 | DEBUG | .t.c.a.a.p.s.l.LocalVCServletService : Opening local repository SHORT9AFDAE3804CA304DDF0889A0CB0F56104A86TSTEXC/short9afdae3804ca304ddf0889a0cb0f56104a86tstexc-exercise.git
    23:45:11.494 | 606 nio-49152-exec-5 | DEBUG | .t.c.a.a.p.s.l.LocalVCServletService : Resolving repository for repository SHORT9AFDAE3804CA304DDF0889A0CB0F56104A86TSTEXC/short9afdae3804ca304ddf0889a0cb0f56104a86tstexc-exercise.git took 5.99ms
    23:45:11.495 | 606 nio-49152-exec-5 | DEBUG | d.t.c.a.a.p.s.l.LocalVCFetchFilter   : Trying to fetch repository /git/SHORT9AFDAE3804CA304DDF0889A0CB0F56104A86TSTEXC/short9afdae3804ca304ddf0889a0cb0f56104a86tstexc-exercise.git/info/refs
    23:45:11.502 | 606 nio-49152-exec-5 | DEBUG | t.c.a.a.c.s.DomainUserDetailsService : Authenticating localvcintinstructor1
    23:45:11.521 | 606 nio-49152-exec-5 | DEBUG | .t.c.a.a.p.s.l.LocalVCServletService : Authorizing user localvcintinstructor1 for repository http://localhost:49152/git/SHORT9AFDAE3804CA304DDF0889A0CB0F56104A86TSTEXC/short9afdae3804ca304ddf0889a0cb0f56104a86tstexc-exercise.git took 26.61ms
    23:45:11.523 | 588 artemis-task-1   | DEBUG | d.t.c.a.a.p.s.l.VcsAccessLogService  : Storing access operation for user User{login='localvcintinstructor1', firstName='localvcintinstructor1First', lastName='localvcintinstructor1Last', email='localvcintinstructor1@test.de', imageUrl='null', activated='true', langKey='en', activationKey='null'}
    23:45:11.531 | 608 nio-49152-exec-7 | DEBUG | d.t.c.a.a.c.s.f.ApiVersionFilter     : Adding Version to Request POST /git/SHORT9AFDAE3804CA304DDF0889A0CB0F56104A86TSTEXC/short9afdae3804ca304ddf0889a0cb0f56104a86tstexc-exercise.git/git-upload-pack
    23:45:11.531 | 608 nio-49152-exec-7 | DEBUG | .t.c.a.a.p.s.l.LocalVCServletService : Path to resolve repository from: /tmp/SHORT9AFDAE3804CA304DDF0889A0CB0F56104A86TSTEXC/short9afdae3804ca304ddf0889a0cb0f56104a86tstexc-exercise.git
    23:45:11.531 | 608 nio-49152-exec-7 | DEBUG | .t.c.a.a.p.s.l.LocalVCServletService : Retrieving cached local repository SHORT9AFDAE3804CA304DDF0889A0CB0F56104A86TSTEXC/short9afdae3804ca304ddf0889a0cb0f56104a86tstexc-exercise.git
    23:45:11.531 | 608 nio-49152-exec-7 | DEBUG | .t.c.a.a.p.s.l.LocalVCServletService : Resolving repository for repository SHORT9AFDAE3804CA304DDF0889A0CB0F56104A86TSTEXC/short9afdae3804ca304ddf0889a0cb0f56104a86tstexc-exercise.git took 31µs
    23:45:11.536 | 608 nio-49152-exec-7 | DEBUG | d.t.c.a.a.p.s.l.LocalVCFetchFilter   : Trying to fetch repository /git/SHORT9AFDAE3804CA304DDF0889A0CB0F56104A86TSTEXC/short9afdae3804ca304ddf0889a0cb0f56104a86tstexc-exercise.git/git-upload-pack
    23:45:11.546 | 615 taskScheduler-4  | DEBUG | .a.s.ParticipantScoreScheduleService : Processing exercise 2573 and participant 186 to update participant scores.
    23:45:11.561 | 615 taskScheduler-4  | DEBUG | .a.s.ParticipantScoreScheduleService : Updated participant score 82.
    23:45:11.562 | 615 taskScheduler-4  | DEBUG | .a.s.ParticipantScoreScheduleService : Updating the participant score for exercise 2573 and participant 186 took 16 ms.
    23:45:11.593 | 609 nio-49152-exec-8 | DEBUG | d.t.c.a.a.c.s.f.ApiVersionFilter     : Adding Version to Request GET /git/SHORT9AFDAE3804CA304DDF0889A0CB0F56104A86TSTEXC/short9afdae3804ca304ddf0889a0cb0f56104a86tstexc-exercise.git/info/refs
    23:45:11.593 | 609 nio-49152-exec-8 | DEBUG | .t.c.a.a.p.s.l.LocalVCServletService : Path to resolve repository from: /tmp/SHORT9AFDAE3804CA304DDF0889A0CB0F56104A86TSTEXC/short9afdae3804ca304ddf0889a0cb0f56104a86tstexc-exercise.git
    23:45:11.593 | 609 nio-49152-exec-8 | DEBUG | .t.c.a.a.p.s.l.LocalVCServletService : Retrieving cached local repository SHORT9AFDAE3804CA304DDF0889A0CB0F56104A86TSTEXC/short9afdae3804ca304ddf0889a0cb0f56104a86tstexc-exercise.git
    23:45:11.593 | 609 nio-49152-exec-8 | DEBUG | .t.c.a.a.p.s.l.LocalVCServletService : Resolving repository for repository SHORT9AFDAE3804CA304DDF0889A0CB0F56104A86TSTEXC/short9afdae3804ca304ddf0889a0cb0f56104a86tstexc-exercise.git took 27µs
    23:45:11.593 | 609 nio-49152-exec-8 | DEBUG | d.t.c.a.a.p.s.l.LocalVCPushFilter    : Trying to push to repository /git/SHORT9AFDAE3804CA304DDF0889A0CB0F56104A86TSTEXC/short9afdae3804ca304ddf0889a0cb0f56104a86tstexc-exercise.git/info/refs
    23:45:11.603 | 609 nio-49152-exec-8 | DEBUG | t.c.a.a.c.s.DomainUserDetailsService : Authenticating localvcintinstructor1
    23:45:11.612 | 588 artemis-task-1   | DEBUG | d.t.c.a.a.p.s.l.VcsAccessLogService  : Storing access operation for user User{login='localvcintinstructor1', firstName='localvcintinstructor1First', lastName='localvcintinstructor1Last', email='localvcintinstructor1@test.de', imageUrl='null', activated='true', langKey='en', activationKey='null'}
    23:45:11.613 | 609 nio-49152-exec-8 | DEBUG | .t.c.a.a.p.s.l.LocalVCServletService : Authorizing user localvcintinstructor1 for repository http://localhost:49152/git/SHORT9AFDAE3804CA304DDF0889A0CB0F56104A86TSTEXC/short9afdae3804ca304ddf0889a0cb0f56104a86tstexc-exercise.git took 19.64ms
    23:45:11.625 | 610 nio-49152-exec-9 | DEBUG | d.t.c.a.a.c.s.f.ApiVersionFilter     : Adding Version to Request POST /git/SHORT9AFDAE3804CA304DDF0889A0CB0F56104A86TSTEXC/short9afdae3804ca304ddf0889a0cb0f56104a86tstexc-exercise.git/git-receive-pack
    23:45:11.625 | 610 nio-49152-exec-9 | DEBUG | .t.c.a.a.p.s.l.LocalVCServletService : Path to resolve repository from: /tmp/SHORT9AFDAE3804CA304DDF0889A0CB0F56104A86TSTEXC/short9afdae3804ca304ddf0889a0cb0f56104a86tstexc-exercise.git
    23:45:11.625 | 610 nio-49152-exec-9 | DEBUG | .t.c.a.a.p.s.l.LocalVCServletService : Retrieving cached local repository SHORT9AFDAE3804CA304DDF0889A0CB0F56104A86TSTEXC/short9afdae3804ca304ddf0889a0cb0f56104a86tstexc-exercise.git
    23:45:11.625 | 610 nio-49152-exec-9 | DEBUG | .t.c.a.a.p.s.l.LocalVCServletService : Resolving repository for repository SHORT9AFDAE3804CA304DDF0889A0CB0F56104A86TSTEXC/short9afdae3804ca304ddf0889a0cb0f56104a86tstexc-exercise.git took 23µs
    23:45:11.629 | 610 nio-49152-exec-9 | DEBUG | d.t.c.a.a.p.s.l.LocalVCPushFilter    : Trying to push to repository /git/SHORT9AFDAE3804CA304DDF0889A0CB0F56104A86TSTEXC/short9afdae3804ca304ddf0889a0cb0f56104a86tstexc-exercise.git/git-receive-pack
    23:45:11.656 | 610 nio-49152-exec-9 | INFO  | a.a.p.s.ProgrammingSubmissionService : NotifyPush invoked due to the commit a1099e378cffde441ef85f9b12577ca174b8e1e4 by runner with runner@fv-az1721-502.3f4brhnmpvfezfvsf01bsr3jih.cx.internal.cloudapp.net in branch main
    23:45:11.659 | 610 nio-49152-exec-9 | INFO  | .t.c.a.a.p.s.l.LocalCITriggerService : Triggering build for participation 1935 and commit hash a1099e378cffde441ef85f9b12577ca174b8e1e4
    23:45:11.664 | 610 nio-49152-exec-9 | DEBUG | d.t.c.a.a.p.s.AbstractGitService     : getLastCommitHash http://localhost:49152/git/SHORT9AFDAE3804CA304DDF0889A0CB0F56104A86TSTEXC/short9afdae3804ca304ddf0889a0cb0f56104a86tstexc-exercise.git
    23:45:11.664 | 610 nio-49152-exec-9 | ERROR | d.t.c.a.a.p.s.AbstractGitService     : Cannot use ssh properly because of mismatch of Jgit transport object: org.eclipse.jgit.transport.TransportLocal@6028a78a
    23:45:11.672 | 610 nio-49152-exec-9 | DEBUG | d.t.c.a.a.p.s.AbstractGitService     : getLastCommitHash http://localhost:49152/git/SHORT9AFDAE3804CA304DDF0889A0CB0F56104A86TSTEXC/short9afdae3804ca304ddf0889a0cb0f56104a86tstexc-tests.git
    23:45:11.672 | 610 nio-49152-exec-9 | ERROR | d.t.c.a.a.p.s.AbstractGitService     : Cannot use ssh properly because of mismatch of Jgit transport object: org.eclipse.jgit.transport.TransportLocal@5ede652d
    23:45:11.677 | 610 nio-49152-exec-9 | INFO  | .t.c.a.a.p.s.l.LocalCITriggerService : Added build job 19351739576711674 for exercise TSTEXC and participation 1935 with priority 2 to the queue
    23:45:11.677 | 566 localvc.event-13 | DEBUG | a.a.b.s.SharedQueueProcessingService : CIBuildJobQueueItem added to queue: BuildJobQueueItem[id=19351739576711674, name=SHORT9AFDAE3804CA304DDF0889A0CB0F56104A86TSTEXC-BASE, buildAgent=BuildAgentDTO[name=null, memberAddress=null, displayName=null], participationId=1935, courseId=956, exerciseId=2573, retryCount=0, priority=2, status=null, repositoryInfo=RepositoryInfo[repositoryName=short9afdae3804ca304ddf0889a0cb0f56104a86tstexc-exercise, repositoryType=exercise, triggeredByPushTo=exercise, assignmentRepositoryUri=http://localhost:49152/git/SHORT9AFDAE3804CA304DDF0889A0CB0F56104A86TSTEXC/short9afdae3804ca304ddf0889a0cb0f56104a86tstexc-exercise.git, testRepositoryUri=http://localhost:49152/git/SHORT9AFDAE3804CA304DDF0889A0CB0F56104A86TSTEXC/short9afdae3804ca304ddf0889a0cb0f56104a86tstexc-tests.git, solutionRepositoryUri=null, auxiliaryRepositoryUris=[Ljava.lang.String;@649cf960, auxiliaryRepositoryCheckoutDirectories=[Ljava.lang.String;@3cfc8ddb], jobTimingInfo=JobTimingInfo[submissionDate=2025-02-14T23:45:11.674556681Z[Etc/UTC], buildStartDate=null, buildCompletionDate=null, estimatedCompletionDate=null, estimatedDuration=19], buildConfig=BuildConfig[buildScript=#!/bin/bash
cd /var/tmp/testing-dir
chmod +x ./gradlew
./gradlew clean test
, dockerImage=dummy-docker-image:latest, commitHashToBuild=a1099e378cffde441ef85f9b12577ca174b8e1e4, assignmentCommitHash=a1099e378cffde441ef85f9b12577ca174b8e1e4, testCommitHash=bd38d61c299ab11a1dea82a3ca5493fe04d97d47, branch=main, programmingLanguage=JAVA, projectType=PLAIN_GRADLE, scaEnabled=false, sequentialTestRunsEnabled=false, resultPaths=[/var/tmp/testing-dir/**/test-results/test/*.xml], timeoutSeconds=0, assignmentCheckoutPath=null, testCheckoutPath=null, solutionCheckoutPath=null, dockerRunConfig=null], submissionResult=null]
    23:45:11.677 | 566 localvc.event-13 | DEBUG | a.a.b.s.SharedQueueProcessingService : Current queued items: 1
    23:45:11.677 | 566 localvc.event-13 | DEBUG | a.a.b.s.SharedQueueProcessingService : Currently processing jobs on this node: 0, active threads in Pool: 0, maximum pool size of thread executor : 1
    23:45:11.677 | 566 localvc.event-13 | DEBUG | a.a.b.s.SharedQueueProcessingService : Currently processing jobs on this node: 0, active threads in Pool: 0, maximum pool size of thread executor : 1
    23:45:11.678 | 565 localvc.event-12 | DEBUG | a.p.s.l.LocalCIQueueWebsocketService : CIBuildJobQueueItem added to processing jobs: BuildJobQueueItem[id=19351739576711674, name=SHORT9AFDAE3804CA304DDF0889A0CB0F56104A86TSTEXC-BASE, buildAgent=BuildAgentDTO[name=artemis-build-agent-test, memberAddress=[127.0.0.1]:5703, displayName=artemis-build-agent-test], participationId=1935, courseId=956, exerciseId=2573, retryCount=0, priority=2, status=null, repositoryInfo=RepositoryInfo[repositoryName=short9afdae3804ca304ddf0889a0cb0f56104a86tstexc-exercise, repositoryType=exercise, triggeredByPushTo=exercise, assignmentRepositoryUri=http://localhost:49152/git/SHORT9AFDAE3804CA304DDF0889A0CB0F56104A86TSTEXC/short9afdae3804ca304ddf0889a0cb0f56104a86tstexc-exercise.git, testRepositoryUri=http://localhost:49152/git/SHORT9AFDAE3804CA304DDF0889A0CB0F56104A86TSTEXC/short9afdae3804ca304ddf0889a0cb0f56104a86tstexc-tests.git, solutionRepositoryUri=null, auxiliaryRepositoryUris=[Ljava.lang.String;@7e3de8d6, auxiliaryRepositoryCheckoutDirectories=[Ljava.lang.String;@a945fd0], jobTimingInfo=JobTimingInfo[submissionDate=2025-02-14T23:45:11.674556681Z[Etc/UTC], buildStartDate=2025-02-14T23:45:11.677776879Z[Etc/UTC], buildCompletionDate=null, estimatedCompletionDate=2025-02-14T23:45:30.677771620Z[Etc/UTC], estimatedDuration=19], buildConfig=BuildConfig[buildScript=#!/bin/bash
cd /var/tmp/testing-dir
chmod +x ./gradlew
./gradlew clean test
, dockerImage=dummy-docker-image:latest, commitHashToBuild=a1099e378cffde441ef85f9b12577ca174b8e1e4, assignmentCommitHash=a1099e378cffde441ef85f9b12577ca174b8e1e4, testCommitHash=bd38d61c299ab11a1dea82a3ca5493fe04d97d47, branch=main, programmingLanguage=JAVA, projectType=PLAIN_GRADLE, scaEnabled=false, sequentialTestRunsEnabled=false, resultPaths=[/var/tmp/testing-dir/**/test-results/test/*.xml], timeoutSeconds=0, assignmentCheckoutPath=null, testCheckoutPath=null, solutionCheckoutPath=null, dockerRunConfig=null], submissionResult=null]
    23:45:11.678 | 565 localvc.event-12 | DEBUG | s.l.LocalCIWebsocketMessagingService : Sending message on topic /topic/admin/running-jobs: [BuildJobQueueItem[id=19351739576711674, name=SHORT9AFDAE3804CA304DDF0889A0CB0F56104A86TSTEXC-BASE, buildAgent=BuildAgentDTO[name=artemis-build-agent-test, memberAddress=[127.0.0.1]:5703, displayName=artemis-build-agent-test], participationId=1935, courseId=956, exerciseId=2573, retryCount=0, priority=2, status=null, repositoryInfo=RepositoryInfo[repositoryName=short9afdae3804ca304ddf0889a0cb0f56104a86tstexc-exercise, repositoryType=exercise, triggeredByPushTo=exercise, assignmentRepositoryUri=, testRepositoryUri=, solutionRepositoryUri=, auxiliaryRepositoryUris=null, auxiliaryRepositoryCheckoutDirectories=null], jobTimingInfo=JobTimingInfo[submissionDate=2025-02-14T23:45:11.674556681Z[Etc/UTC], buildStartDate=2025-02-14T23:45:11.677776879Z[Etc/UTC], buildCompletionDate=null, estimatedCompletionDate=2025-02-14T23:45:30.677771620Z[Etc/UTC], estimatedDuration=19], buildConfig=BuildConfig[buildScript=, dockerImage=, commitHashToBuild=a1099e378cffde441ef85f9b12577ca174b8e1e4, assignmentCommitHash=, testCommitHash=, branch=, programmingLanguage=null, projectType=null, scaEnabled=false, sequentialTestRunsEnabled=false, resultPaths=null, timeoutSeconds=0, assignmentCheckoutPath=, testCheckoutPath=, solutionCheckoutPath=, dockerRunConfig=null], submissionResult=null]]
    23:45:11.678 | 565 localvc.event-12 | DEBUG | s.l.LocalCIWebsocketMessagingService : Sending message on topic /topic/courses/956/running-jobs: [BuildJobQueueItem[id=19351739576711674, name=SHORT9AFDAE3804CA304DDF0889A0CB0F56104A86TSTEXC-BASE, buildAgent=BuildAgentDTO[name=artemis-build-agent-test, memberAddress=[127.0.0.1]:5703, displayName=artemis-build-agent-test], participationId=1935, courseId=956, exerciseId=2573, retryCount=0, priority=2, status=null, repositoryInfo=RepositoryInfo[repositoryName=short9afdae3804ca304ddf0889a0cb0f56104a86tstexc-exercise, repositoryType=exercise, triggeredByPushTo=exercise, assignmentRepositoryUri=, testRepositoryUri=, solutionRepositoryUri=, auxiliaryRepositoryUris=null, auxiliaryRepositoryCheckoutDirectories=null], jobTimingInfo=JobTimingInfo[submissionDate=2025-02-14T23:45:11.674556681Z[Etc/UTC], buildStartDate=2025-02-14T23:45:11.677776879Z[Etc/UTC], buildCompletionDate=null, estimatedCompletionDate=2025-02-14T23:45:30.677771620Z[Etc/UTC], estimatedDuration=19], buildConfig=BuildConfig[buildScript=, dockerImage=, commitHashToBuild=a1099e378cffde441ef85f9b12577ca174b8e1e4, assignmentCommitHash=, testCommitHash=, branch=, programmingLanguage=null, projectType=null, scaEnabled=false, sequentialTestRunsEnabled=false, resultPaths=null, timeoutSeconds=0, assignmentCheckoutPath=, testCheckoutPath=, solutionCheckoutPath=, dockerRunConfig=null], submissionResult=null]]
    23:45:11.679 | 610 nio-49152-exec-9 | INFO  | a.a.p.s.ProgrammingSubmissionService : Create new programmingSubmission with commitHash: a1099e378cffde441ef85f9b12577ca174b8e1e4 for participation 1935
    23:45:11.686 | 588 artemis-task-1   | DEBUG | d.t.c.a.a.c.c.w.GzipMessageConverter : Compressed message payload from 971 to 696 (saved 28.3% payload size)
    23:45:11.686 | 588 artemis-task-1   | DEBUG | d.t.c.a.a.c.c.w.GzipMessageConverter : Compressed message payload from 971 to 696 (saved 28.3% payload size)
    23:45:11.687 | 566 localvc.event-13 | INFO  | a.a.b.s.SharedQueueProcessingService : Processing build job: BuildJobQueueItem[id=19351739576711674, name=SHORT9AFDAE3804CA304DDF0889A0CB0F56104A86TSTEXC-BASE, buildAgent=BuildAgentDTO[name=artemis-build-agent-test, memberAddress=[127.0.0.1]:5703, displayName=artemis-build-agent-test], participationId=1935, courseId=956, exerciseId=2573, retryCount=0, priority=2, status=null, repositoryInfo=RepositoryInfo[repositoryName=short9afdae3804ca304ddf0889a0cb0f56104a86tstexc-exercise, repositoryType=exercise, triggeredByPushTo=exercise, assignmentRepositoryUri=http://localhost:49152/git/SHORT9AFDAE3804CA304DDF0889A0CB0F56104A86TSTEXC/short9afdae3804ca304ddf0889a0cb0f56104a86tstexc-exercise.git, testRepositoryUri=http://localhost:49152/git/SHORT9AFDAE3804CA304DDF0889A0CB0F56104A86TSTEXC/short9afdae3804ca304ddf0889a0cb0f56104a86tstexc-tests.git, solutionRepositoryUri=null, auxiliaryRepositoryUris=[Ljava.lang.String;@56636413, auxiliaryRepositoryCheckoutDirectories=[Ljava.lang.String;@7b1dcb41], jobTimingInfo=JobTimingInfo[submissionDate=2025-02-14T23:45:11.674556681Z[Etc/UTC], buildStartDate=2025-02-14T23:45:11.677776879Z[Etc/UTC], buildCompletionDate=null, estimatedCompletionDate=2025-02-14T23:45:30.677771620Z[Etc/UTC], estimatedDuration=19], buildConfig=BuildConfig[buildScript=#!/bin/bash
cd /var/tmp/testing-dir
chmod +x ./gradlew
./gradlew clean test
, dockerImage=dummy-docker-image:latest, commitHashToBuild=a1099e378cffde441ef85f9b12577ca174b8e1e4, assignmentCommitHash=a1099e378cffde441ef85f9b12577ca174b8e1e4, testCommitHash=bd38d61c299ab11a1dea82a3ca5493fe04d97d47, branch=main, programmingLanguage=JAVA, projectType=PLAIN_GRADLE, scaEnabled=false, sequentialTestRunsEnabled=false, resultPaths=[/var/tmp/testing-dir/**/test-results/test/*.xml], timeoutSeconds=0, assignmentCheckoutPath=null, testCheckoutPath=null, solutionCheckoutPath=null, dockerRunConfig=null], submissionResult=null]
    23:45:11.687 | 576 local-ci-build-0 | DEBUG | t.c.a.a.b.s.BuildJobExecutionService : ~~~~~~~~~~~~~~~~~~~~ Start Build Job 19351739576711674 ~~~~~~~~~~~~~~~~~~~~
    23:45:11.687 | 576 local-ci-build-0 | INFO  | .t.c.a.a.b.s.BuildAgentDockerService : ~~~~~~~~~~~~~~~~~~~~ Inspecting docker image dummy-docker-image:latest ~~~~~~~~~~~~~~~~~~~~
    23:45:11.687 | 576 local-ci-build-0 | ERROR | .t.c.a.a.b.s.BuildAgentDockerService : Docker image dummy-docker-image:latest is not compatible with the current architecture. Needed 'linux/amd64', but got 'null'
    23:45:11.687 | 566 localvc.event-13 | ERROR | .c.a.a.b.s.BuildJobManagementService : Error while executing build job 19351739576711674: de.tum.cit.aet.artemis.core.exception.LocalCIException: Could not pull Docker image dummy-docker-image:latest
java.util.concurrent.ExecutionException: de.tum.cit.aet.artemis.core.exception.LocalCIException: Could not pull Docker image dummy-docker-image:latest
	at java.base/java.util.concurrent.FutureTask.report(FutureTask.java:122)
	at java.base/java.util.concurrent.FutureTask.get(FutureTask.java:205)
	at de.tum.cit.aet.artemis.buildagent.service.BuildJobManagementService.lambda$executeBuildJob$2(BuildJobManagementService.java:165)
	at de.tum.cit.aet.artemis.buildagent.service.BuildJobManagementService.createCompletableFuture(BuildJobManagementService.java:236)
	at de.tum.cit.aet.artemis.buildagent.service.BuildJobManagementService.executeBuildJob(BuildJobManagementService.java:163)
	at de.tum.cit.aet.artemis.buildagent.service.SharedQueueProcessingService.processBuild(SharedQueueProcessingService.java:413)
	at de.tum.cit.aet.artemis.buildagent.service.SharedQueueProcessingService.checkAvailabilityAndProcessNextBuild(SharedQueueProcessingService.java:269)
	at de.tum.cit.aet.artemis.buildagent.service.SharedQueueProcessingService$QueuedBuildJobItemListener.itemAdded(SharedQueueProcessingService.java:594)
	at com.hazelcast.collection.impl.queue.QueueService.lambda$dispatchEvent$1(QueueService.java:277)
	at com.hazelcast.internal.namespace.impl.NoOpUserCodeNamespaceService.runWithNamespace(NoOpUserCodeNamespaceService.java:82)
	at com.hazelcast.internal.namespace.NamespaceUtil.runWithNamespace(NamespaceUtil.java:106)
	at com.hazelcast.collection.impl.queue.QueueService.dispatchEvent(QueueService.java:275)
	at com.hazelcast.collection.impl.queue.QueueService.dispatchEvent(QueueService.java:98)
	at com.hazelcast.spi.impl.eventservice.impl.LocalEventDispatcher.run(LocalEventDispatcher.java:64)
	at com.hazelcast.internal.util.executor.StripedExecutor$Worker.process(StripedExecutor.java:244)
	at com.hazelcast.internal.util.executor.StripedExecutor$Worker.run(StripedExecutor.java:227)
Caused by: de.tum.cit.aet.artemis.core.exception.LocalCIException: Could not pull Docker image dummy-docker-image:latest
	at de.tum.cit.aet.artemis.buildagent.service.BuildJobExecutionService.runBuildJob(BuildJobExecutionService.java:157)
	at java.base/jdk.internal.reflect.DirectMethodHandleAccessor.invoke(DirectMethodHandleAccessor.java:103)
	at java.base/java.lang.reflect.Method.invoke(Method.java:580)
	at org.springframework.aop.support.AopUtils.invokeJoinpointUsingReflection(AopUtils.java:359)
	at org.springframework.aop.framework.CglibAopProxy$DynamicAdvisedInterceptor.intercept(CglibAopProxy.java:723)
	at de.tum.cit.aet.artemis.buildagent.service.BuildJobExecutionService$$SpringCGLIB$$0.runBuildJob(<generated>)
	at de.tum.cit.aet.artemis.buildagent.service.BuildJobManagementService.lambda$executeBuildJob$1(BuildJobManagementService.java:129)
	at java.base/java.util.concurrent.FutureTask.run(FutureTask.java:317)
	at java.base/java.util.concurrent.ThreadPoolExecutor.runWorker(ThreadPoolExecutor.java:1144)
	at java.base/java.util.concurrent.ThreadPoolExecutor$Worker.run(ThreadPoolExecutor.java:642)
	at java.base/java.lang.Thread.run(Thread.java:1583)
Caused by: de.tum.cit.aet.artemis.core.exception.LocalCIException: Docker image dummy-docker-image:latest is not compatible with the current architecture. Needed 'linux/amd64', but got 'null'
	at de.tum.cit.aet.artemis.buildagent.service.BuildAgentDockerService.checkImageArchitecture(BuildAgentDockerService.java:291)
	at de.tum.cit.aet.artemis.buildagent.service.BuildAgentDockerService.pullDockerImage(BuildAgentDockerService.java:223)
	at de.tum.cit.aet.artemis.buildagent.service.BuildJobExecutionService.runBuildJob(BuildJobExecutionService.java:152)
	... 10 common frames omitted
    23:45:11.687 | 566 localvc.event-13 | INFO  | .c.a.a.b.s.BuildJobManagementService : Getting ID of running container local-ci-19351739576711674
    23:45:11.687 | 566 localvc.event-13 | INFO  | .c.a.a.b.s.BuildJobManagementService : Stopping unresponsive container with ID null
    23:45:11.687 | 566 localvc.event-13 | DEBUG | a.a.b.s.SharedQueueProcessingService : Build job completed with exception: BuildJobQueueItem[id=19351739576711674, name=SHORT9AFDAE3804CA304DDF0889A0CB0F56104A86TSTEXC-BASE, buildAgent=BuildAgentDTO[name=artemis-build-agent-test, memberAddress=[127.0.0.1]:5703, displayName=artemis-build-agent-test], participationId=1935, courseId=956, exerciseId=2573, retryCount=0, priority=2, status=null, repositoryInfo=RepositoryInfo[repositoryName=short9afdae3804ca304ddf0889a0cb0f56104a86tstexc-exercise, repositoryType=exercise, triggeredByPushTo=exercise, assignmentRepositoryUri=http://localhost:49152/git/SHORT9AFDAE3804CA304DDF0889A0CB0F56104A86TSTEXC/short9afdae3804ca304ddf0889a0cb0f56104a86tstexc-exercise.git, testRepositoryUri=http://localhost:49152/git/SHORT9AFDAE3804CA304DDF0889A0CB0F56104A86TSTEXC/short9afdae3804ca304ddf0889a0cb0f56104a86tstexc-tests.git, solutionRepositoryUri=null, auxiliaryRepositoryUris=[Ljava.lang.String;@56636413, auxiliaryRepositoryCheckoutDirectories=[Ljava.lang.String;@7b1dcb41], jobTimingInfo=JobTimingInfo[submissionDate=2025-02-14T23:45:11.674556681Z[Etc/UTC], buildStartDate=2025-02-14T23:45:11.677776879Z[Etc/UTC], buildCompletionDate=null, estimatedCompletionDate=2025-02-14T23:45:30.677771620Z[Etc/UTC], estimatedDuration=19], buildConfig=BuildConfig[buildScript=#!/bin/bash
cd /var/tmp/testing-dir
chmod +x ./gradlew
./gradlew clean test
, dockerImage=dummy-docker-image:latest, commitHashToBuild=a1099e378cffde441ef85f9b12577ca174b8e1e4, assignmentCommitHash=a1099e378cffde441ef85f9b12577ca174b8e1e4, testCommitHash=bd38d61c299ab11a1dea82a3ca5493fe04d97d47, branch=main, programmingLanguage=JAVA, projectType=PLAIN_GRADLE, scaEnabled=false, sequentialTestRunsEnabled=false, resultPaths=[/var/tmp/testing-dir/**/test-results/test/*.xml], timeoutSeconds=0, assignmentCheckoutPath=null, testCheckoutPath=null, solutionCheckoutPath=null, dockerRunConfig=null], submissionResult=null]
java.util.concurrent.CompletionException: java.util.concurrent.ExecutionException: de.tum.cit.aet.artemis.core.exception.LocalCIException: Could not pull Docker image dummy-docker-image:latest
	at de.tum.cit.aet.artemis.buildagent.service.BuildJobManagementService.lambda$executeBuildJob$2(BuildJobManagementService.java:188)
	at de.tum.cit.aet.artemis.buildagent.service.BuildJobManagementService.createCompletableFuture(BuildJobManagementService.java:236)
	at de.tum.cit.aet.artemis.buildagent.service.BuildJobManagementService.executeBuildJob(BuildJobManagementService.java:163)
	at de.tum.cit.aet.artemis.buildagent.service.SharedQueueProcessingService.processBuild(SharedQueueProcessingService.java:413)
	at de.tum.cit.aet.artemis.buildagent.service.SharedQueueProcessingService.checkAvailabilityAndProcessNextBuild(SharedQueueProcessingService.java:269)
	at de.tum.cit.aet.artemis.buildagent.service.SharedQueueProcessingService$QueuedBuildJobItemListener.itemAdded(SharedQueueProcessingService.java:594)
	at com.hazelcast.collection.impl.queue.QueueService.lambda$dispatchEvent$1(QueueService.java:277)
	at com.hazelcast.internal.namespace.impl.NoOpUserCodeNamespaceService.runWithNamespace(NoOpUserCodeNamespaceService.java:82)
	at com.hazelcast.internal.namespace.NamespaceUtil.runWithNamespace(NamespaceUtil.java:106)
	at com.hazelcast.collection.impl.queue.QueueService.dispatchEvent(QueueService.java:275)
	at com.hazelcast.collection.impl.queue.QueueService.dispatchEvent(QueueService.java:98)
	at com.hazelcast.spi.impl.eventservice.impl.LocalEventDispatcher.run(LocalEventDispatcher.java:64)
	at com.hazelcast.internal.util.executor.StripedExecutor$Worker.process(StripedExecutor.java:244)
	at com.hazelcast.internal.util.executor.StripedExecutor$Worker.run(StripedExecutor.java:227)
Caused by: java.util.concurrent.ExecutionException: de.tum.cit.aet.artemis.core.exception.LocalCIException: Could not pull Docker image dummy-docker-image:latest
	at java.base/java.util.concurrent.FutureTask.report(FutureTask.java:122)
	at java.base/java.util.concurrent.FutureTask.get(FutureTask.java:205)
	at de.tum.cit.aet.artemis.buildagent.service.BuildJobManagementService.lambda$executeBuildJob$2(BuildJobManagementService.java:165)
	... 13 common frames omitted
Caused by: de.tum.cit.aet.artemis.core.exception.LocalCIException: Could not pull Docker image dummy-docker-image:latest
	at de.tum.cit.aet.artemis.buildagent.service.BuildJobExecutionService.runBuildJob(BuildJobExecutionService.java:157)
	at java.base/jdk.internal.reflect.DirectMethodHandleAccessor.invoke(DirectMethodHandleAccessor.java:103)
	at java.base/java.lang.reflect.Method.invoke(Method.java:580)
	at org.springframework.aop.support.AopUtils.invokeJoinpointUsingReflection(AopUtils.java:359)
	at org.springframework.aop.framework.CglibAopProxy$DynamicAdvisedInterceptor.intercept(CglibAopProxy.java:723)
	at de.tum.cit.aet.artemis.buildagent.service.BuildJobExecutionService$$SpringCGLIB$$0.runBuildJob(<generated>)
	at de.tum.cit.aet.artemis.buildagent.service.BuildJobManagementService.lambda$executeBuildJob$1(BuildJobManagementService.java:129)
	at java.base/java.util.concurrent.FutureTask.run(FutureTask.java:317)
	at java.base/java.util.concurrent.ThreadPoolExecutor.runWorker(ThreadPoolExecutor.java:1144)
	at java.base/java.util.concurrent.ThreadPoolExecutor$Worker.run(ThreadPoolExecutor.java:642)
	at java.base/java.lang.Thread.run(Thread.java:1583)
Caused by: de.tum.cit.aet.artemis.core.exception.LocalCIException: Docker image dummy-docker-image:latest is not compatible with the current architecture. Needed 'linux/amd64', but got 'null'
	at de.tum.cit.aet.artemis.buildagent.service.BuildAgentDockerService.checkImageArchitecture(BuildAgentDockerService.java:291)
	at de.tum.cit.aet.artemis.buildagent.service.BuildAgentDockerService.pullDockerImage(BuildAgentDockerService.java:223)
	at de.tum.cit.aet.artemis.buildagent.service.BuildJobExecutionService.runBuildJob(BuildJobExecutionService.java:152)
	... 10 common frames omitted
    23:45:11.688 | 566 localvc.event-13 | ERROR | a.a.b.s.SharedQueueProcessingService : Error while processing build job: BuildJobQueueItem[id=19351739576711674, name=SHORT9AFDAE3804CA304DDF0889A0CB0F56104A86TSTEXC-BASE, buildAgent=BuildAgentDTO[name=artemis-build-agent-test, memberAddress=[127.0.0.1]:5703, displayName=artemis-build-agent-test], participationId=1935, courseId=956, exerciseId=2573, retryCount=0, priority=2, status=null, repositoryInfo=RepositoryInfo[repositoryName=short9afdae3804ca304ddf0889a0cb0f56104a86tstexc-exercise, repositoryType=exercise, triggeredByPushTo=exercise, assignmentRepositoryUri=http://localhost:49152/git/SHORT9AFDAE3804CA304DDF0889A0CB0F56104A86TSTEXC/short9afdae3804ca304ddf0889a0cb0f56104a86tstexc-exercise.git, testRepositoryUri=http://localhost:49152/git/SHORT9AFDAE3804CA304DDF0889A0CB0F56104A86TSTEXC/short9afdae3804ca304ddf0889a0cb0f56104a86tstexc-tests.git, solutionRepositoryUri=null, auxiliaryRepositoryUris=[Ljava.lang.String;@56636413, auxiliaryRepositoryCheckoutDirectories=[Ljava.lang.String;@7b1dcb41], jobTimingInfo=JobTimingInfo[submissionDate=2025-02-14T23:45:11.674556681Z[Etc/UTC], buildStartDate=2025-02-14T23:45:11.677776879Z[Etc/UTC], buildCompletionDate=null, estimatedCompletionDate=2025-02-14T23:45:30.677771620Z[Etc/UTC], estimatedDuration=19], buildConfig=BuildConfig[buildScript=#!/bin/bash
cd /var/tmp/testing-dir
chmod +x ./gradlew
./gradlew clean test
, dockerImage=dummy-docker-image:latest, commitHashToBuild=a1099e378cffde441ef85f9b12577ca174b8e1e4, assignmentCommitHash=a1099e378cffde441ef85f9b12577ca174b8e1e4, testCommitHash=bd38d61c299ab11a1dea82a3ca5493fe04d97d47, branch=main, programmingLanguage=JAVA, projectType=PLAIN_GRADLE, scaEnabled=false, sequentialTestRunsEnabled=false, resultPaths=[/var/tmp/testing-dir/**/test-results/test/*.xml], timeoutSeconds=0, assignmentCheckoutPath=null, testCheckoutPath=null, solutionCheckoutPath=null, dockerRunConfig=null], submissionResult=null]
java.util.concurrent.CompletionException: java.util.concurrent.ExecutionException: de.tum.cit.aet.artemis.core.exception.LocalCIException: Could not pull Docker image dummy-docker-image:latest
	at de.tum.cit.aet.artemis.buildagent.service.BuildJobManagementService.lambda$executeBuildJob$2(BuildJobManagementService.java:188)
	at de.tum.cit.aet.artemis.buildagent.service.BuildJobManagementService.createCompletableFuture(BuildJobManagementService.java:236)
	at de.tum.cit.aet.artemis.buildagent.service.BuildJobManagementService.executeBuildJob(BuildJobManagementService.java:163)
	at de.tum.cit.aet.artemis.buildagent.service.SharedQueueProcessingService.processBuild(SharedQueueProcessingService.java:413)
	at de.tum.cit.aet.artemis.buildagent.service.SharedQueueProcessingService.checkAvailabilityAndProcessNextBuild(SharedQueueProcessingService.java:269)
	at de.tum.cit.aet.artemis.buildagent.service.SharedQueueProcessingService$QueuedBuildJobItemListener.itemAdded(SharedQueueProcessingService.java:594)
	at com.hazelcast.collection.impl.queue.QueueService.lambda$dispatchEvent$1(QueueService.java:277)
	at com.hazelcast.internal.namespace.impl.NoOpUserCodeNamespaceService.runWithNamespace(NoOpUserCodeNamespaceService.java:82)
	at com.hazelcast.internal.namespace.NamespaceUtil.runWithNamespace(NamespaceUtil.java:106)
	at com.hazelcast.collection.impl.queue.QueueService.dispatchEvent(QueueService.java:275)
	at com.hazelcast.collection.impl.queue.QueueService.dispatchEvent(QueueService.java:98)
	at com.hazelcast.spi.impl.eventservice.impl.LocalEventDispatcher.run(LocalEventDispatcher.java:64)
	at com.hazelcast.internal.util.executor.StripedExecutor$Worker.process(StripedExecutor.java:244)
	at com.hazelcast.internal.util.executor.StripedExecutor$Worker.run(StripedExecutor.java:227)
Caused by: java.util.concurrent.ExecutionException: de.tum.cit.aet.artemis.core.exception.LocalCIException: Could not pull Docker image dummy-docker-image:latest
	at java.base/java.util.concurrent.FutureTask.report(FutureTask.java:122)
	at java.base/java.util.concurrent.FutureTask.get(FutureTask.java:205)
	at de.tum.cit.aet.artemis.buildagent.service.BuildJobManagementService.lambda$executeBuildJob$2(BuildJobManagementService.java:165)
	... 13 common frames omitted
Caused by: de.tum.cit.aet.artemis.core.exception.LocalCIException: Could not pull Docker image dummy-docker-image:latest
	at de.tum.cit.aet.artemis.buildagent.service.BuildJobExecutionService.runBuildJob(BuildJobExecutionService.java:157)
	at java.base/jdk.internal.reflect.DirectMethodHandleAccessor.invoke(DirectMethodHandleAccessor.java:103)
	at java.base/java.lang.reflect.Method.invoke(Method.java:580)
	at org.springframework.aop.support.AopUtils.invokeJoinpointUsingReflection(AopUtils.java:359)
	at org.springframework.aop.framework.CglibAopProxy$DynamicAdvisedInterceptor.intercept(CglibAopProxy.java:723)
	at de.tum.cit.aet.artemis.buildagent.service.BuildJobExecutionService$$SpringCGLIB$$0.runBuildJob(<generated>)
	at de.tum.cit.aet.artemis.buildagent.service.BuildJobManagementService.lambda$executeBuildJob$1(BuildJobManagementService.java:129)
	at java.base/java.util.concurrent.FutureTask.run(FutureTask.java:317)
	at java.base/java.util.concurrent.ThreadPoolExecutor.runWorker(ThreadPoolExecutor.java:1144)
	at java.base/java.util.concurrent.ThreadPoolExecutor$Worker.run(ThreadPoolExecutor.java:642)
	at java.base/java.lang.Thread.run(Thread.java:1583)
Caused by: de.tum.cit.aet.artemis.core.exception.LocalCIException: Docker image dummy-docker-image:latest is not compatible with the current architecture. Needed 'linux/amd64', but got 'null'
	at de.tum.cit.aet.artemis.buildagent.service.BuildAgentDockerService.checkImageArchitecture(BuildAgentDockerService.java:291)
	at de.tum.cit.aet.artemis.buildagent.service.BuildAgentDockerService.pullDockerImage(BuildAgentDockerService.java:223)
	at de.tum.cit.aet.artemis.buildagent.service.BuildJobExecutionService.runBuildJob(BuildJobExecutionService.java:152)
	... 10 common frames omitted
    23:45:11.689 | 565 localvc.event-12 | DEBUG | a.p.s.l.LocalCIQueueWebsocketService : CIBuildJobQueueItem removed from processing jobs: BuildJobQueueItem[id=19351739576711674, name=SHORT9AFDAE3804CA304DDF0889A0CB0F56104A86TSTEXC-BASE, buildAgent=BuildAgentDTO[name=artemis-build-agent-test, memberAddress=[127.0.0.1]:5703, displayName=artemis-build-agent-test], participationId=1935, courseId=956, exerciseId=2573, retryCount=0, priority=2, status=null, repositoryInfo=RepositoryInfo[repositoryName=short9afdae3804ca304ddf0889a0cb0f56104a86tstexc-exercise, repositoryType=exercise, triggeredByPushTo=exercise, assignmentRepositoryUri=http://localhost:49152/git/SHORT9AFDAE3804CA304DDF0889A0CB0F56104A86TSTEXC/short9afdae3804ca304ddf0889a0cb0f56104a86tstexc-exercise.git, testRepositoryUri=http://localhost:49152/git/SHORT9AFDAE3804CA304DDF0889A0CB0F56104A86TSTEXC/short9afdae3804ca304ddf0889a0cb0f56104a86tstexc-tests.git, solutionRepositoryUri=null, auxiliaryRepositoryUris=[Ljava.lang.String;@2aeef999, auxiliaryRepositoryCheckoutDirectories=[Ljava.lang.String;@71281313], jobTimingInfo=JobTimingInfo[submissionDate=2025-02-14T23:45:11.674556681Z[Etc/UTC], buildStartDate=2025-02-14T23:45:11.677776879Z[Etc/UTC], buildCompletionDate=null, estimatedCompletionDate=2025-02-14T23:45:30.677771620Z[Etc/UTC], estimatedDuration=19], buildConfig=BuildConfig[buildScript=#!/bin/bash
cd /var/tmp/testing-dir
chmod +x ./gradlew
./gradlew clean test
, dockerImage=dummy-docker-image:latest, commitHashToBuild=a1099e378cffde441ef85f9b12577ca174b8e1e4, assignmentCommitHash=a1099e378cffde441ef85f9b12577ca174b8e1e4, testCommitHash=bd38d61c299ab11a1dea82a3ca5493fe04d97d47, branch=main, programmingLanguage=JAVA, projectType=PLAIN_GRADLE, scaEnabled=false, sequentialTestRunsEnabled=false, resultPaths=[/var/tmp/testing-dir/**/test-results/test/*.xml], timeoutSeconds=0, assignmentCheckoutPath=null, testCheckoutPath=null, solutionCheckoutPath=null, dockerRunConfig=null], submissionResult=null]
    23:45:11.691 | 565 localvc.event-12 | DEBUG | s.l.LocalCIWebsocketMessagingService : Sending message on topic /topic/admin/running-jobs: []
    23:45:11.691 | 565 localvc.event-12 | DEBUG | s.l.LocalCIWebsocketMessagingService : Sending message on topic /topic/courses/956/running-jobs: []
    23:45:11.694 | 566 localvc.event-13 | DEBUG | a.a.b.s.SharedQueueProcessingService : Currently processing jobs on this node: 0, active threads in Pool: 0, maximum pool size of thread executor : 1
    23:45:11.695 | 566 localvc.event-13 | DEBUG | s.l.LocalCIWebsocketMessagingService : Sending message on topic /topic/admin/queued-jobs: []
    23:45:11.695 | 566 localvc.event-13 | DEBUG | s.l.LocalCIWebsocketMessagingService : Sending message on topic /topic/courses/956/queued-jobs: []
    23:45:11.695 | 566 localvc.event-13 | DEBUG | a.a.b.s.SharedQueueProcessingService : CIBuildJobQueueItem removed from queue: BuildJobQueueItem[id=19351739576711674, name=SHORT9AFDAE3804CA304DDF0889A0CB0F56104A86TSTEXC-BASE, buildAgent=BuildAgentDTO[name=null, memberAddress=null, displayName=null], participationId=1935, courseId=956, exerciseId=2573, retryCount=0, priority=2, status=null, repositoryInfo=RepositoryInfo[repositoryName=short9afdae3804ca304ddf0889a0cb0f56104a86tstexc-exercise, repositoryType=exercise, triggeredByPushTo=exercise, assignmentRepositoryUri=http://localhost:49152/git/SHORT9AFDAE3804CA304DDF0889A0CB0F56104A86TSTEXC/short9afdae3804ca304ddf0889a0cb0f56104a86tstexc-exercise.git, testRepositoryUri=http://localhost:49152/git/SHORT9AFDAE3804CA304DDF0889A0CB0F56104A86TSTEXC/short9afdae3804ca304ddf0889a0cb0f56104a86tstexc-tests.git, solutionRepositoryUri=null, auxiliaryRepositoryUris=[Ljava.lang.String;@77efd37e, auxiliaryRepositoryCheckoutDirectories=[Ljava.lang.String;@6ca014d8], jobTimingInfo=JobTimingInfo[submissionDate=2025-02-14T23:45:11.674556681Z[Etc/UTC], buildStartDate=null, buildCompletionDate=null, estimatedCompletionDate=null, estimatedDuration=19], buildConfig=BuildConfig[buildScript=#!/bin/bash
cd /var/tmp/testing-dir
chmod +x ./gradlew
./gradlew clean test
, dockerImage=dummy-docker-image:latest, commitHashToBuild=a1099e378cffde441ef85f9b12577ca174b8e1e4, assignmentCommitHash=a1099e378cffde441ef85f9b12577ca174b8e1e4, testCommitHash=bd38d61c299ab11a1dea82a3ca5493fe04d97d47, branch=main, programmingLanguage=JAVA, projectType=PLAIN_GRADLE, scaEnabled=false, sequentialTestRunsEnabled=false, resultPaths=[/var/tmp/testing-dir/**/test-results/test/*.xml], timeoutSeconds=0, assignmentCheckoutPath=null, testCheckoutPath=null, solutionCheckoutPath=null, dockerRunConfig=null], submissionResult=null]
    23:45:11.695 | 566 localvc.event-13 | DEBUG | s.l.LocalCIWebsocketMessagingService : Sending message on topic /topic/admin/queued-jobs: []
    23:45:11.695 | 566 localvc.event-13 | DEBUG | s.l.LocalCIWebsocketMessagingService : Sending message on topic /topic/courses/956/queued-jobs: []
    23:45:11.695 | 566 localvc.event-13 | DEBUG | a.p.s.l.LocalCIQueueWebsocketService : Build agent updated: BuildAgentInformation[buildAgent=BuildAgentDTO[name=artemis-build-agent-test, memberAddress=[127.0.0.1]:5703, displayName=artemis-build-agent-test], maxNumberOfConcurrentBuildJobs=1, numberOfCurrentBuildJobs=1, runningBuildJobs=[BuildJobQueueItem[id=19351739576711674, name=SHORT9AFDAE3804CA304DDF0889A0CB0F56104A86TSTEXC-BASE, buildAgent=BuildAgentDTO[name=artemis-build-agent-test, memberAddress=[127.0.0.1]:5703, displayName=artemis-build-agent-test], participationId=1935, courseId=956, exerciseId=2573, retryCount=0, priority=2, status=null, repositoryInfo=RepositoryInfo[repositoryName=short9afdae3804ca304ddf0889a0cb0f56104a86tstexc-exercise, repositoryType=exercise, triggeredByPushTo=exercise, assignmentRepositoryUri=http://localhost:49152/git/SHORT9AFDAE3804CA304DDF0889A0CB0F56104A86TSTEXC/short9afdae3804ca304ddf0889a0cb0f56104a86tstexc-exercise.git, testRepositoryUri=http://localhost:49152/git/SHORT9AFDAE3804CA304DDF0889A0CB0F56104A86TSTEXC/short9afdae3804ca304ddf0889a0cb0f56104a86tstexc-tests.git, solutionRepositoryUri=null, auxiliaryRepositoryUris=[Ljava.lang.String;@6246a4cc, auxiliaryRepositoryCheckoutDirectories=[Ljava.lang.String;@e2c7a88], jobTimingInfo=JobTimingInfo[submissionDate=2025-02-14T23:45:11.674556681Z[Etc/UTC], buildStartDate=2025-02-14T23:45:11.677776879Z[Etc/UTC], buildCompletionDate=null, estimatedCompletionDate=2025-02-14T23:45:30.677771620Z[Etc/UTC], estimatedDuration=19], buildConfig=BuildConfig[buildScript=#!/bin/bash
cd /var/tmp/testing-dir
chmod +x ./gradlew
./gradlew clean test
, dockerImage=dummy-docker-image:latest, commitHashToBuild=a1099e378cffde441ef85f9b12577ca174b8e1e4, assignmentCommitHash=a1099e378cffde441ef85f9b12577ca174b8e1e4, testCommitHash=bd38d61c299ab11a1dea82a3ca5493fe04d97d47, branch=main, programmingLanguage=JAVA, projectType=PLAIN_GRADLE, scaEnabled=false, sequentialTestRunsEnabled=false, resultPaths=[/var/tmp/testing-dir/**/test-results/test/*.xml], timeoutSeconds=0, assignmentCheckoutPath=null, testCheckoutPath=null, solutionCheckoutPath=null, dockerRunConfig=null], submissionResult=null]], status=ACTIVE, recentBuildJobs=[BuildJobQueueItem[id=19141739576708030, name=SHORT5F02A8F400311042E70858306EB148073CFDTSTEXC-LOCALVCINTSTUDENT1, buildAgent=BuildAgentDTO[name=artemis-build-agent-test, memberAddress=[127.0.0.1]:5703, displayName=artemis-build-agent-test], participationId=1914, courseId=947, exerciseId=2564, retryCount=0, priority=2, status=FAILED, repositoryInfo=RepositoryInfo[repositoryName=short5f02a8f400311042e70858306eb148073cfdtstexc-localvcintstudent1, repositoryType=user, triggeredByPushTo=user, assignmentRepositoryUri=http://localhost:49152/git/SHORT5F02A8F400311042E70858306EB148073CFDTSTEXC/short5f02a8f400311042e70858306eb148073cfdtstexc-localvcintstudent1.git, testRepositoryUri=http://localhost:49152/git/SHORT5F02A8F400311042E70858306EB148073CFDTSTEXC/short5f02a8f400311042e70858306eb148073cfdtstexc-tests.git, solutionRepositoryUri=null, auxiliaryRepositoryUris=[Ljava.lang.String;@38d7de0f, auxiliaryRepositoryCheckoutDirectories=[Ljava.lang.String;@caf5bad], jobTimingInfo=JobTimingInfo[submissionDate=2025-02-14T23:45:08.030118216Z[Etc/UTC], buildStartDate=2025-02-14T23:45:08.041011412Z[Etc/UTC], buildCompletionDate=2025-02-14T23:45:08.054603331Z[Etc/UTC], estimatedCompletionDate=2025-02-14T23:45:27.041005080Z[Etc/UTC], estimatedDuration=19], buildConfig=BuildConfig[buildScript=#!/bin/bash
cd /var/tmp/testing-dir
chmod +x ./gradlew
./gradlew clean test
, dockerImage=dummy-docker-image:latest, commitHashToBuild=6e7146cac5059504aa9d170ec3fa23aec740bb51, assignmentCommitHash=6e7146cac5059504aa9d170ec3fa23aec740bb51, testCommitHash=931e5303581c7a2f01339ba603cfafbfe668b901, branch=main, programmingLanguage=JAVA, projectType=PLAIN_GRADLE, scaEnabled=false, sequentialTestRunsEnabled=false, resultPaths=[/var/tmp/testing-dir/**/test-results/test/*.xml], timeoutSeconds=0, assignmentCheckoutPath=null, testCheckoutPath=null, solutionCheckoutPath=null, dockerRunConfig=null], submissionResult=ResultDTO[id=622, completionDate=2025-02-14T23:45:08.054683681Z[Etc/UTC], successful=false, score=0.0, rated=true, submission=SubmissionDTO[id=814, submitted=true, type=MANUAL, exampleSubmission=null, submissionDate=2025-02-14T23:45:08.016200Z, commitHash=6e7146cac5059504aa9d170ec3fa23aec740bb51, buildFailed=true, buildArtifact=false, participation=ParticipationDTO[id=1914, testRun=false, type=programming, submissionCount=null, exercise=ParticipationExerciseDTO[id=2564, exerciseType=PROGRAMMING, type=programming, assessmentType=AUTOMATIC, dueDate=2025-02-16T23:45:07.324348Z, assessmentDueDate=null, maxPoints=42.0, course=CourseDTO[id=947, accuracyOfScores=1]]], submissionExerciseType=programming, isProcessing=false, buildStartDate=null, estimatedCompletionDate=null], participation=ParticipationDTO[id=1914, testRun=false, type=programming, submissionCount=null, exercise=ParticipationExerciseDTO[id=2564, exerciseType=PROGRAMMING, type=programming, assessmentType=AUTOMATIC, dueDate=2025-02-16T23:45:07.324348Z, assessmentDueDate=null, maxPoints=42.0, course=CourseDTO[id=947, accuracyOfScores=1]]], feedbacks=[], assessmentType=AUTOMATIC, hasComplaint=null, exampleResult=null, testCaseCount=0, passedTestCaseCount=0, codeIssueCount=0]], BuildJobQueueItem[id=19361739576711303, name=SHORT9AFDAE3804CA304DDF0889A0CB0F56104A86TSTEXC-LOCALVCINTSTUDENT1, buildAgent=BuildAgentDTO[name=artemis-build-agent-test, memberAddress=[127.0.0.1]:5703, displayName=artemis-build-agent-test], participationId=1936, courseId=956, exerciseId=2573, retryCount=0, priority=2, status=FAILED, repositoryInfo=RepositoryInfo[repositoryName=short9afdae3804ca304ddf0889a0cb0f56104a86tstexc-localvcintstudent1, repositoryType=user, triggeredByPushTo=user, assignmentRepositoryUri=http://localhost:49152/git/SHORT9AFDAE3804CA304DDF0889A0CB0F56104A86TSTEXC/short9afdae3804ca304ddf0889a0cb0f56104a86tstexc-localvcintstudent1.git, testRepositoryUri=http://localhost:49152/git/SHORT9AFDAE3804CA304DDF0889A0CB0F56104A86TSTEXC/short9afdae3804ca304ddf0889a0cb0f56104a86tstexc-tests.git, solutionRepositoryUri=null, auxiliaryRepositoryUris=[Ljava.lang.String;@5b98ee30, auxiliaryRepositoryCheckoutDirectories=[Ljava.lang.String;@360d37f1], jobTimingInfo=JobTimingInfo[submissionDate=2025-02-14T23:45:11.303805653Z[Etc/UTC], buildStartDate=2025-02-14T23:45:11.310981356Z[Etc/UTC], buildCompletionDate=2025-02-14T23:45:11.319178384Z[Etc/UTC], estimatedCompletionDate=2025-02-14T23:45:30.310974944Z[Etc/UTC], estimatedDuration=19], buildConfig=BuildConfig[buildScript=#!/bin/bash
cd /var/tmp/testing-dir
chmod +x ./gradlew
./gradlew clean test
, dockerImage=dummy-docker-image:latest, commitHashToBuild=a1099e378cffde441ef85f9b12577ca174b8e1e4, assignmentCommitHash=a1099e378cffde441ef85f9b12577ca174b8e1e4, testCommitHash=bd38d61c299ab11a1dea82a3ca5493fe04d97d47, branch=main, programmingLanguage=JAVA, projectType=PLAIN_GRADLE, scaEnabled=false, sequentialTestRunsEnabled=false, resultPaths=[/var/tmp/testing-dir/**/test-results/test/*.xml], timeoutSeconds=0, assignmentCheckoutPath=null, testCheckoutPath=null, solutionCheckoutPath=null, dockerRunConfig=null], submissionResult=ResultDTO[id=623, completionDate=2025-02-14T23:45:11.319278430Z[Etc/UTC], successful=false, score=0.0, rated=true, submission=SubmissionDTO[id=815, submitted=true, type=MANUAL, exampleSubmission=null, submissionDate=2025-02-14T23:45:11.294386Z, commitHash=a1099e378cffde441ef85f9b12577ca174b8e1e4, buildFailed=true, buildArtifact=false, participation=ParticipationDTO[id=1936, testRun=false, type=programming, submissionCount=null, exercise=ParticipationExerciseDTO[id=2573, exerciseType=PROGRAMMING, type=programming, assessmentType=AUTOMATIC, dueDate=2025-02-16T23:45:10.996982Z, assessmentDueDate=null, maxPoints=42.0, course=CourseDTO[id=956, accuracyOfScores=1]]], submissionExerciseType=programming, isProcessing=false, buildStartDate=null, estimatedCompletionDate=null], participation=ParticipationDTO[id=1936, testRun=false, type=programming, submissionCount=null, exercise=ParticipationExerciseDTO[id=2573, exerciseType=PROGRAMMING, type=programming, assessmentType=AUTOMATIC, dueDate=2025-02-16T23:45:10.996982Z, assessmentDueDate=null, maxPoints=42.0, course=CourseDTO[id=956, accuracyOfScores=1]]], feedbacks=[], assessmentType=AUTOMATIC, hasComplaint=null, exampleResult=null, testCaseCount=0, passedTestCaseCount=0, codeIssueCount=0]]], publicSshKey=ssh-rsa AAAAB3NzaC1yc2EAAAADAQABAAACAQCOPdMsxRE2jFJ/UEa5/LsBxtwzJcrh3/rYBCQvcMeVpiRfhzQPWu7mrt/G2Ew+i+vRloGH9aqKg6dd1liRncao53Zmd/ePxoatXePNhmzTfkCkcSkTUz7B+QMjkoDDV5jwuFPD6mF3JkhuzSi64n9Zy905t4w2IhVcjM2mL3eYNjiCXt6Qpq3Pkt7dM/Ksw1nxnvuiIALuJLB3FTkXkHqq3PJav+9HSq2r6ZaWgekneaGxlQlb+U+Vy3XOuArKAzK8c8i+0bR+AHiTG6ncYXt7ax3U+TdlDTF7OLP3umwaYjs1NBXOHwG42pevvpKn2fqavZZozk+M05jXLx3bq0O7itxfErWc7etky8qYPyyIMF/txQIVLd78+Ze4d7Y60t5MGbXM5cGE6fFif5fEJwgswXD+BrG0cafz1CTatjSKFdvp8Vp4VszXhHDan1PrP6JEFJ5Cc5GDmLRZPCFa3vL9f5qXgf4bkqKN8MYeEujwJE5nMRWoiJVNakix2bcrrneQMBlnYeYZVWXXXUusAQBzl4NgddC1umZpihZkL1b1MffZAUW3EGEXi7KHnllQhkTLLsQ8ntMgbylqaJKStqaXlLvdeRJcEnUuiFCrHEVVbXRFZR7XVDZ02CE5o3MuaRPty8Kh+jRTF3COlAckHwYEJCNNJvXFgb2CNXL4mjzYDw== test@localhost]
    23:45:11.697 | 566 localvc.event-13 | DEBUG | s.l.LocalCIWebsocketMessagingService : Sending message on topic /topic/admin/build-agents: [BuildAgentInformation[buildAgent=BuildAgentDTO[name=artemis-build-agent-test, memberAddress=[127.0.0.1]:5703, displayName=artemis-build-agent-test], maxNumberOfConcurrentBuildJobs=1, numberOfCurrentBuildJobs=0, runningBuildJobs=[], status=IDLE, recentBuildJobs=null, publicSshKey=null]]
    23:45:11.697 | 588 artemis-task-1   | DEBUG | d.t.c.a.a.c.c.w.GzipMessageConverter : Compressed message payload from 255 to 232 (saved 9.0% payload size)
    23:45:11.700 | 566 localvc.event-13 | DEBUG | s.l.LocalCIWebsocketMessagingService : Sending message on topic /topic/admin/build-agent/artemis-build-agent-test: BuildAgentInformation[buildAgent=BuildAgentDTO[name=artemis-build-agent-test, memberAddress=[127.0.0.1]:5703, displayName=artemis-build-agent-test], maxNumberOfConcurrentBuildJobs=1, numberOfCurrentBuildJobs=0, runningBuildJobs=[], status=IDLE, recentBuildJobs=[BuildJobQueueItem[id=19141739576708030, name=SHORT5F02A8F400311042E70858306EB148073CFDTSTEXC-LOCALVCINTSTUDENT1, buildAgent=BuildAgentDTO[name=artemis-build-agent-test, memberAddress=[127.0.0.1]:5703, displayName=artemis-build-agent-test], participationId=1914, courseId=947, exerciseId=2564, retryCount=0, priority=2, status=FAILED, repositoryInfo=RepositoryInfo[repositoryName=short5f02a8f400311042e70858306eb148073cfdtstexc-localvcintstudent1, repositoryType=user, triggeredByPushTo=user, assignmentRepositoryUri=http://localhost:49152/git/SHORT5F02A8F400311042E70858306EB148073CFDTSTEXC/short5f02a8f400311042e70858306eb148073cfdtstexc-localvcintstudent1.git, testRepositoryUri=http://localhost:49152/git/SHORT5F02A8F400311042E70858306EB148073CFDTSTEXC/short5f02a8f400311042e70858306eb148073cfdtstexc-tests.git, solutionRepositoryUri=null, auxiliaryRepositoryUris=[Ljava.lang.String;@5add7889, auxiliaryRepositoryCheckoutDirectories=[Ljava.lang.String;@5b06e9c], jobTimingInfo=JobTimingInfo[submissionDate=2025-02-14T23:45:08.030118216Z[Etc/UTC], buildStartDate=2025-02-14T23:45:08.041011412Z[Etc/UTC], buildCompletionDate=2025-02-14T23:45:08.054603331Z[Etc/UTC], estimatedCompletionDate=2025-02-14T23:45:27.041005080Z[Etc/UTC], estimatedDuration=19], buildConfig=BuildConfig[buildScript=#!/bin/bash
cd /var/tmp/testing-dir
chmod +x ./gradlew
./gradlew clean test
, dockerImage=dummy-docker-image:latest, commitHashToBuild=6e7146cac5059504aa9d170ec3fa23aec740bb51, assignmentCommitHash=6e7146cac5059504aa9d170ec3fa23aec740bb51, testCommitHash=931e5303581c7a2f01339ba603cfafbfe668b901, branch=main, programmingLanguage=JAVA, projectType=PLAIN_GRADLE, scaEnabled=false, sequentialTestRunsEnabled=false, resultPaths=[/var/tmp/testing-dir/**/test-results/test/*.xml], timeoutSeconds=0, assignmentCheckoutPath=null, testCheckoutPath=null, solutionCheckoutPath=null, dockerRunConfig=null], submissionResult=ResultDTO[id=622, completionDate=2025-02-14T23:45:08.054683681Z[Etc/UTC], successful=false, score=0.0, rated=true, submission=SubmissionDTO[id=814, submitted=true, type=MANUAL, exampleSubmission=null, submissionDate=2025-02-14T23:45:08.016200Z, commitHash=6e7146cac5059504aa9d170ec3fa23aec740bb51, buildFailed=true, buildArtifact=false, participation=ParticipationDTO[id=1914, testRun=false, type=programming, submissionCount=null, exercise=ParticipationExerciseDTO[id=2564, exerciseType=PROGRAMMING, type=programming, assessmentType=AUTOMATIC, dueDate=2025-02-16T23:45:07.324348Z, assessmentDueDate=null, maxPoints=42.0, course=CourseDTO[id=947, accuracyOfScores=1]]], submissionExerciseType=programming, isProcessing=false, buildStartDate=null, estimatedCompletionDate=null], participation=ParticipationDTO[id=1914, testRun=false, type=programming, submissionCount=null, exercise=ParticipationExerciseDTO[id=2564, exerciseType=PROGRAMMING, type=programming, assessmentType=AUTOMATIC, dueDate=2025-02-16T23:45:07.324348Z, assessmentDueDate=null, maxPoints=42.0, course=CourseDTO[id=947, accuracyOfScores=1]]], feedbacks=[], assessmentType=AUTOMATIC, hasComplaint=null, exampleResult=null, testCaseCount=0, passedTestCaseCount=0, codeIssueCount=0]], BuildJobQueueItem[id=19361739576711303, name=SHORT9AFDAE3804CA304DDF0889A0CB0F56104A86TSTEXC-LOCALVCINTSTUDENT1, buildAgent=BuildAgentDTO[name=artemis-build-agent-test, memberAddress=[127.0.0.1]:5703, displayName=artemis-build-agent-test], participationId=1936, courseId=956, exerciseId=2573, retryCount=0, priority=2, status=FAILED, repositoryInfo=RepositoryInfo[repositoryName=short9afdae3804ca304ddf0889a0cb0f56104a86tstexc-localvcintstudent1, repositoryType=user, triggeredByPushTo=user, assignmentRepositoryUri=http://localhost:49152/git/SHORT9AFDAE3804CA304DDF0889A0CB0F56104A86TSTEXC/short9afdae3804ca304ddf0889a0cb0f56104a86tstexc-localvcintstudent1.git, testRepositoryUri=http://localhost:49152/git/SHORT9AFDAE3804CA304DDF0889A0CB0F56104A86TSTEXC/short9afdae3804ca304ddf0889a0cb0f56104a86tstexc-tests.git, solutionRepositoryUri=null, auxiliaryRepositoryUris=[Ljava.lang.String;@504daedb, auxiliaryRepositoryCheckoutDirectories=[Ljava.lang.String;@51dcc3b7], jobTimingInfo=JobTimingInfo[submissionDate=2025-02-14T23:45:11.303805653Z[Etc/UTC], buildStartDate=2025-02-14T23:45:11.310981356Z[Etc/UTC], buildCompletionDate=2025-02-14T23:45:11.319178384Z[Etc/UTC], estimatedCompletionDate=2025-02-14T23:45:30.310974944Z[Etc/UTC], estimatedDuration=19], buildConfig=BuildConfig[buildScript=#!/bin/bash
cd /var/tmp/testing-dir
chmod +x ./gradlew
./gradlew clean test
, dockerImage=dummy-docker-image:latest, commitHashToBuild=a1099e378cffde441ef85f9b12577ca174b8e1e4, assignmentCommitHash=a1099e378cffde441ef85f9b12577ca174b8e1e4, testCommitHash=bd38d61c299ab11a1dea82a3ca5493fe04d97d47, branch=main, programmingLanguage=JAVA, projectType=PLAIN_GRADLE, scaEnabled=false, sequentialTestRunsEnabled=false, resultPaths=[/var/tmp/testing-dir/**/test-results/test/*.xml], timeoutSeconds=0, assignmentCheckoutPath=null, testCheckoutPath=null, solutionCheckoutPath=null, dockerRunConfig=null], submissionResult=ResultDTO[id=623, completionDate=2025-02-14T23:45:11.319278430Z[Etc/UTC], successful=false, score=0.0, rated=true, submission=SubmissionDTO[id=815, submitted=true, type=MANUAL, exampleSubmission=null, submissionDate=2025-02-14T23:45:11.294386Z, commitHash=a1099e378cffde441ef85f9b12577ca174b8e1e4, buildFailed=true, buildArtifact=false, participation=ParticipationDTO[id=1936, testRun=false, type=programming, submissionCount=null, exercise=ParticipationExerciseDTO[id=2573, exerciseType=PROGRAMMING, type=programming, assessmentType=AUTOMATIC, dueDate=2025-02-16T23:45:10.996982Z, assessmentDueDate=null, maxPoints=42.0, course=CourseDTO[id=956, accuracyOfScores=1]]], submissionExerciseType=programming, isProcessing=false, buildStartDate=null, estimatedCompletionDate=null], participation=ParticipationDTO[id=1936, testRun=false, type=programming, submissionCount=null, exercise=ParticipationExerciseDTO[id=2573, exerciseType=PROGRAMMING, type=programming, assessmentType=AUTOMATIC, dueDate=2025-02-16T23:45:10.996982Z, assessmentDueDate=null, maxPoints=42.0, course=CourseDTO[id=956, accuracyOfScores=1]]], feedbacks=[], assessmentType=AUTOMATIC, hasComplaint=null, exampleResult=null, testCaseCount=0, passedTestCaseCount=0, codeIssueCount=0]], BuildJobQueueItem[id=19351739576711674, name=SHORT9AFDAE3804CA304DDF0889A0CB0F56104A86TSTEXC-BASE, buildAgent=BuildAgentDTO[name=artemis-build-agent-test, memberAddress=[127.0.0.1]:5703, displayName=artemis-build-agent-test], participationId=1935, courseId=956, exerciseId=2573, retryCount=0, priority=2, status=FAILED, repositoryInfo=RepositoryInfo[repositoryName=short9afdae3804ca304ddf0889a0cb0f56104a86tstexc-exercise, repositoryType=exercise, triggeredByPushTo=exercise, assignmentRepositoryUri=http://localhost:49152/git/SHORT9AFDAE3804CA304DDF0889A0CB0F56104A86TSTEXC/short9afdae3804ca304ddf0889a0cb0f56104a86tstexc-exercise.git, testRepositoryUri=http://localhost:49152/git/SHORT9AFDAE3804CA304DDF0889A0CB0F56104A86TSTEXC/short9afdae3804ca304ddf0889a0cb0f56104a86tstexc-tests.git, solutionRepositoryUri=null, auxiliaryRepositoryUris=[Ljava.lang.String;@60f4f035, auxiliaryRepositoryCheckoutDirectories=[Ljava.lang.String;@66b6a639], jobTimingInfo=JobTimingInfo[submissionDate=2025-02-14T23:45:11.674556681Z[Etc/UTC], buildStartDate=2025-02-14T23:45:11.677776879Z[Etc/UTC], buildCompletionDate=2025-02-14T23:45:11.688097378Z[Etc/UTC], estimatedCompletionDate=2025-02-14T23:45:30.677771620Z[Etc/UTC], estimatedDuration=19], buildConfig=BuildConfig[buildScript=#!/bin/bash
cd /var/tmp/testing-dir
chmod +x ./gradlew
./gradlew clean test
, dockerImage=dummy-docker-image:latest, commitHashToBuild=a1099e378cffde441ef85f9b12577ca174b8e1e4, assignmentCommitHash=a1099e378cffde441ef85f9b12577ca174b8e1e4, testCommitHash=bd38d61c299ab11a1dea82a3ca5493fe04d97d47, branch=main, programmingLanguage=JAVA, projectType=PLAIN_GRADLE, scaEnabled=false, sequentialTestRunsEnabled=false, resultPaths=[/var/tmp/testing-dir/**/test-results/test/*.xml], timeoutSeconds=0, assignmentCheckoutPath=null, testCheckoutPath=null, solutionCheckoutPath=null, dockerRunConfig=null], submissionResult=null]], publicSshKey=ssh-rsa AAAAB3NzaC1yc2EAAAADAQABAAACAQCOPdMsxRE2jFJ/UEa5/LsBxtwzJcrh3/rYBCQvcMeVpiRfhzQPWu7mrt/G2Ew+i+vRloGH9aqKg6dd1liRncao53Zmd/ePxoatXePNhmzTfkCkcSkTUz7B+QMjkoDDV5jwuFPD6mF3JkhuzSi64n9Zy905t4w2IhVcjM2mL3eYNjiCXt6Qpq3Pkt7dM/Ksw1nxnvuiIALuJLB3FTkXkHqq3PJav+9HSq2r6ZaWgekneaGxlQlb+U+Vy3XOuArKAzK8c8i+0bR+AHiTG6ncYXt7ax3U+TdlDTF7OLP3umwaYjs1NBXOHwG42pevvpKn2fqavZZozk+M05jXLx3bq0O7itxfErWc7etky8qYPyyIMF/txQIVLd78+Ze4d7Y60t5MGbXM5cGE6fFif5fEJwgswXD+BrG0cafz1CTatjSKFdvp8Vp4VszXhHDan1PrP6JEFJ5Cc5GDmLRZPCFa3vL9f5qXgf4bkqKN8MYeEujwJE5nMRWoiJVNakix2bcrrneQMBlnYeYZVWXXXUusAQBzl4NgddC1umZpihZkL1b1MffZAUW3EGEXi7KHnllQhkTLLsQ8ntMgbylqaJKStqaXlLvdeRJcEnUuiFCrHEVVbXRFZR7XVDZ02CE5o3MuaRPty8Kh+jRTF3COlAckHwYEJCNNJvXFgb2CNXL4mjzYDw== test@localhost]
    23:45:11.700 | 566 localvc.event-13 | DEBUG | a.p.s.l.SharedQueueManagementService : Build agent updated: null
    23:45:11.701 | 588 artemis-task-1   | DEBUG | d.t.c.a.a.c.c.w.GzipMessageConverter : Compressed message payload from 10189 to 3028 (saved 70.3% payload size)
    23:45:11.701 | 566 localvc.event-13 | DEBUG | p.s.l.LocalCIResultProcessingService : Result of build job with id 19351739576711674 added to queue
    23:45:11.704 | 566 localvc.event-13 | INFO  | p.s.l.LocalCIResultProcessingService : Processing build job result with id 19351739576711674
    23:45:11.705 | 566 localvc.event-13 | DEBUG | p.s.l.LocalCIResultProcessingService : Build jobs waiting in queue: 0
    23:45:11.705 | 566 localvc.event-13 | DEBUG | p.s.l.LocalCIResultProcessingService : Queued build jobs: []
    23:45:11.707 | 566 localvc.event-13 | DEBUG | .s.ProgrammingExerciseGradingService : Received new build result (NEW) for participation 1935
    23:45:11.716 | 610 nio-49152-exec-9 | DEBUG | .t.c.a.a.p.s.l.LocalVCServletService : New push processed to repository http://localhost:49152/git/SHORT9AFDAE3804CA304DDF0889A0CB0F56104A86TSTEXC/short9afdae3804ca304ddf0889a0cb0f56104a86tstexc-exercise.git for commit a1099e378cffde441ef85f9b12577ca174b8e1e4 in 69.13ms. A build job was queued.
    23:45:11.734 | 611 io-49152-exec-10 | DEBUG | d.t.c.a.a.c.s.f.ApiVersionFilter     : Adding Version to Request GET /git/SHORT9AFDAE3804CA304DDF0889A0CB0F56104A86TSTEXC/short9afdae3804ca304ddf0889a0cb0f56104a86tstexc-exercise.git/info/refs
    23:45:11.735 | 611 io-49152-exec-10 | DEBUG | .t.c.a.a.p.s.l.LocalVCServletService : Path to resolve repository from: /tmp/SHORT9AFDAE3804CA304DDF0889A0CB0F56104A86TSTEXC/short9afdae3804ca304ddf0889a0cb0f56104a86tstexc-exercise.git
    23:45:11.735 | 611 io-49152-exec-10 | DEBUG | .t.c.a.a.p.s.l.LocalVCServletService : Retrieving cached local repository SHORT9AFDAE3804CA304DDF0889A0CB0F56104A86TSTEXC/short9afdae3804ca304ddf0889a0cb0f56104a86tstexc-exercise.git
    23:45:11.735 | 611 io-49152-exec-10 | DEBUG | .t.c.a.a.p.s.l.LocalVCServletService : Resolving repository for repository SHORT9AFDAE3804CA304DDF0889A0CB0F56104A86TSTEXC/short9afdae3804ca304ddf0889a0cb0f56104a86tstexc-exercise.git took 35µs
    23:45:11.735 | 611 io-49152-exec-10 | DEBUG | d.t.c.a.a.p.s.l.LocalVCPushFilter    : Trying to push to repository /git/SHORT9AFDAE3804CA304DDF0889A0CB0F56104A86TSTEXC/short9afdae3804ca304ddf0889a0cb0f56104a86tstexc-exercise.git/info/refs
    23:45:11.750 | 611 io-49152-exec-10 | DEBUG | t.c.a.a.c.s.DomainUserDetailsService : Authenticating localvcintinstructor1
    23:45:11.780 | 611 io-49152-exec-10 | DEBUG | .t.c.a.a.p.s.l.LocalVCServletService : Authorizing user localvcintinstructor1 for repository http://localhost:49152/git/SHORT9AFDAE3804CA304DDF0889A0CB0F56104A86TSTEXC/short9afdae3804ca304ddf0889a0cb0f56104a86tstexc-exercise.git took 44.33ms
    23:45:11.781 | 588 artemis-task-1   | DEBUG | d.t.c.a.a.p.s.l.VcsAccessLogService  : Storing access operation for user User{login='localvcintinstructor1', firstName='localvcintinstructor1First', lastName='localvcintinstructor1Last', email='localvcintinstructor1@test.de', imageUrl='null', activated='true', langKey='en', activationKey='null'}
    23:45:11.787 | 602 nio-49152-exec-1 | DEBUG | d.t.c.a.a.c.s.f.ApiVersionFilter     : Adding Version to Request GET /git/SHORT9AFDAE3804CA304DDF0889A0CB0F56104A86TSTEXC/short9afdae3804ca304ddf0889a0cb0f56104a86tstexc-exercise.git/info/refs
    23:45:11.787 | 602 nio-49152-exec-1 | DEBUG | .t.c.a.a.p.s.l.LocalVCServletService : Path to resolve repository from: /tmp/SHORT9AFDAE3804CA304DDF0889A0CB0F56104A86TSTEXC/short9afdae3804ca304ddf0889a0cb0f56104a86tstexc-exercise.git
    23:45:11.787 | 602 nio-49152-exec-1 | DEBUG | .t.c.a.a.p.s.l.LocalVCServletService : Retrieving cached local repository SHORT9AFDAE3804CA304DDF0889A0CB0F56104A86TSTEXC/short9afdae3804ca304ddf0889a0cb0f56104a86tstexc-exercise.git
    23:45:11.787 | 602 nio-49152-exec-1 | DEBUG | .t.c.a.a.p.s.l.LocalVCServletService : Resolving repository for repository SHORT9AFDAE3804CA304DDF0889A0CB0F56104A86TSTEXC/short9afdae3804ca304ddf0889a0cb0f56104a86tstexc-exercise.git took 26µs
    23:45:11.787 | 602 nio-49152-exec-1 | DEBUG | d.t.c.a.a.p.s.l.LocalVCPushFilter    : Trying to push to repository /git/SHORT9AFDAE3804CA304DDF0889A0CB0F56104A86TSTEXC/short9afdae3804ca304ddf0889a0cb0f56104a86tstexc-exercise.git/info/refs
    23:45:11.788 | 566 localvc.event-13 | ERROR | p.s.l.LocalCIResultProcessingService : Error while processing build job: BuildJobQueueItem[id=19351739576711674, name=SHORT9AFDAE3804CA304DDF0889A0CB0F56104A86TSTEXC-BASE, buildAgent=BuildAgentDTO[name=artemis-build-agent-test, memberAddress=[127.0.0.1]:5703, displayName=artemis-build-agent-test], participationId=1935, courseId=956, exerciseId=2573, retryCount=0, priority=2, status=FAILED, repositoryInfo=RepositoryInfo[repositoryName=short9afdae3804ca304ddf0889a0cb0f56104a86tstexc-exercise, repositoryType=exercise, triggeredByPushTo=exercise, assignmentRepositoryUri=http://localhost:49152/git/SHORT9AFDAE3804CA304DDF0889A0CB0F56104A86TSTEXC/short9afdae3804ca304ddf0889a0cb0f56104a86tstexc-exercise.git, testRepositoryUri=http://localhost:49152/git/SHORT9AFDAE3804CA304DDF0889A0CB0F56104A86TSTEXC/short9afdae3804ca304ddf0889a0cb0f56104a86tstexc-tests.git, solutionRepositoryUri=null, auxiliaryRepositoryUris=[Ljava.lang.String;@506073d0, auxiliaryRepositoryCheckoutDirectories=[Ljava.lang.String;@2f9164e6], jobTimingInfo=JobTimingInfo[submissionDate=2025-02-14T23:45:11.674556681Z[Etc/UTC], buildStartDate=2025-02-14T23:45:11.677776879Z[Etc/UTC], buildCompletionDate=2025-02-14T23:45:11.688097378Z[Etc/UTC], estimatedCompletionDate=2025-02-14T23:45:30.677771620Z[Etc/UTC], estimatedDuration=19], buildConfig=BuildConfig[buildScript=#!/bin/bash
cd /var/tmp/testing-dir
chmod +x ./gradlew
./gradlew clean test
, dockerImage=dummy-docker-image:latest, commitHashToBuild=a1099e378cffde441ef85f9b12577ca174b8e1e4, assignmentCommitHash=a1099e378cffde441ef85f9b12577ca174b8e1e4, testCommitHash=bd38d61c299ab11a1dea82a3ca5493fe04d97d47, branch=main, programmingLanguage=JAVA, projectType=PLAIN_GRADLE, scaEnabled=false, sequentialTestRunsEnabled=false, resultPaths=[/var/tmp/testing-dir/**/test-results/test/*.xml], timeoutSeconds=0, assignmentCheckoutPath=null, testCheckoutPath=null, solutionCheckoutPath=null, dockerRunConfig=null], submissionResult=null]
java.util.concurrent.CompletionException: java.util.concurrent.ExecutionException: de.tum.cit.aet.artemis.core.exception.LocalCIException: Could not pull Docker image dummy-docker-image:latest
	at de.tum.cit.aet.artemis.buildagent.service.BuildJobManagementService.lambda$executeBuildJob$2(BuildJobManagementService.java:188)
	at de.tum.cit.aet.artemis.buildagent.service.BuildJobManagementService.createCompletableFuture(BuildJobManagementService.java:236)
	at de.tum.cit.aet.artemis.buildagent.service.BuildJobManagementService.executeBuildJob(BuildJobManagementService.java:163)
	at de.tum.cit.aet.artemis.buildagent.service.SharedQueueProcessingService.processBuild(SharedQueueProcessingService.java:413)
	at de.tum.cit.aet.artemis.buildagent.service.SharedQueueProcessingService.checkAvailabilityAndProcessNextBuild(SharedQueueProcessingService.java:269)
	at de.tum.cit.aet.artemis.buildagent.service.SharedQueueProcessingService$QueuedBuildJobItemListener.itemAdded(SharedQueueProcessingService.java:594)
	at com.hazelcast.collection.impl.queue.QueueService.lambda$dispatchEvent$1(QueueService.java:277)
	at com.hazelcast.internal.namespace.impl.NoOpUserCodeNamespaceService.runWithNamespace(NoOpUserCodeNamespaceService.java:82)
	at com.hazelcast.internal.namespace.NamespaceUtil.runWithNamespace(NamespaceUtil.java:106)
	at com.hazelcast.collection.impl.queue.QueueService.dispatchEvent(QueueService.java:275)
	at com.hazelcast.collection.impl.queue.QueueService.dispatchEvent(QueueService.java:98)
	at com.hazelcast.spi.impl.eventservice.impl.LocalEventDispatcher.run(LocalEventDispatcher.java:64)
	at com.hazelcast.internal.util.executor.StripedExecutor$Worker.process(StripedExecutor.java:244)
	at com.hazelcast.internal.util.executor.StripedExecutor$Worker.run(StripedExecutor.java:227)
Caused by: java.util.concurrent.ExecutionException: de.tum.cit.aet.artemis.core.exception.LocalCIException: Could not pull Docker image dummy-docker-image:latest
	at java.base/java.util.concurrent.FutureTask.report(FutureTask.java:122)
	at java.base/java.util.concurrent.FutureTask.get(FutureTask.java:205)
	at de.tum.cit.aet.artemis.buildagent.service.BuildJobManagementService.lambda$executeBuildJob$2(BuildJobManagementService.java:165)
	... 13 common frames omitted
Caused by: de.tum.cit.aet.artemis.core.exception.LocalCIException: Could not pull Docker image dummy-docker-image:latest
	at de.tum.cit.aet.artemis.buildagent.service.BuildJobExecutionService.runBuildJob(BuildJobExecutionService.java:157)
	at java.base/jdk.internal.reflect.DirectMethodHandleAccessor.invoke(DirectMethodHandleAccessor.java:103)
	at java.base/java.lang.reflect.Method.invoke(Method.java:580)
	at org.springframework.aop.support.AopUtils.invokeJoinpointUsingReflection(AopUtils.java:359)
	at org.springframework.aop.framework.CglibAopProxy$DynamicAdvisedInterceptor.intercept(CglibAopProxy.java:723)
	at de.tum.cit.aet.artemis.buildagent.service.BuildJobExecutionService$$SpringCGLIB$$0.runBuildJob(<generated>)
	at de.tum.cit.aet.artemis.buildagent.service.BuildJobManagementService.lambda$executeBuildJob$1(BuildJobManagementService.java:129)
	at java.base/java.util.concurrent.FutureTask.run(FutureTask.java:317)
	at java.base/java.util.concurrent.ThreadPoolExecutor.runWorker(ThreadPoolExecutor.java:1144)
	at java.base/java.util.concurrent.ThreadPoolExecutor$Worker.run(ThreadPoolExecutor.java:642)
	at java.base/java.lang.Thread.run(Thread.java:1583)
Caused by: de.tum.cit.aet.artemis.core.exception.LocalCIException: Docker image dummy-docker-image:latest is not compatible with the current architecture. Needed 'linux/amd64', but got 'null'
	at de.tum.cit.aet.artemis.buildagent.service.BuildAgentDockerService.checkImageArchitecture(BuildAgentDockerService.java:291)
	at de.tum.cit.aet.artemis.buildagent.service.BuildAgentDockerService.pullDockerImage(BuildAgentDockerService.java:223)
	at de.tum.cit.aet.artemis.buildagent.service.BuildJobExecutionService.runBuildJob(BuildJobExecutionService.java:152)
	... 10 common frames omitted
    23:45:11.789 | 566 localvc.event-13 | DEBUG | .a.a.p.s.ProgrammingMessagingService : Send result to client over websocket. Result: Result{id624, completionDate=2025-02-14T23:45:11.688214837Z[Etc/UTC], successful=false, score=0.0, rated=true, assessmentType=AUTOMATIC, hasComplaint=null, testCaseCount=0, passedTestCaseCount=0, codeIssueCount=0}, Submission: ProgrammingSubmission{commitHash='a1099e378cffde441ef85f9b12577ca174b8e1e4', buildFailed=true, buildArtifact=false, type=MANUAL}, Participation: TemplateProgrammingExerciseParticipation{id=1935, repositoryUri='http://localhost:49152/git/SHORT9AFDAE3804CA304DDF0889A0CB0F56104A86TSTEXC/short9afdae3804ca304ddf0889a0cb0f56104a86tstexc-exercise.git', buildPlanId='SHORT9AFDAE3804CA304DDF0889A0CB0F56104A86TSTEXC-BASE}
    23:45:11.791 | 566 localvc.event-13 | DEBUG | d.t.c.a.a.p.s.BuildLogEntryService   : Saved build logs for build job 19351739576711674 to file /tmp/build-logs/short9afdae3804ca304ddf0889a0cb0f56104a86/TSTEXC/19351739576711674.log
    23:45:11.792 | 566 localvc.event-13 | DEBUG | a.p.s.l.LocalCIQueueWebsocketService : Build agent updated: BuildAgentInformation[buildAgent=BuildAgentDTO[name=artemis-build-agent-test, memberAddress=[127.0.0.1]:5703, displayName=artemis-build-agent-test], maxNumberOfConcurrentBuildJobs=1, numberOfCurrentBuildJobs=0, runningBuildJobs=[], status=IDLE, recentBuildJobs=[BuildJobQueueItem[id=19141739576708030, name=SHORT5F02A8F400311042E70858306EB148073CFDTSTEXC-LOCALVCINTSTUDENT1, buildAgent=BuildAgentDTO[name=artemis-build-agent-test, memberAddress=[127.0.0.1]:5703, displayName=artemis-build-agent-test], participationId=1914, courseId=947, exerciseId=2564, retryCount=0, priority=2, status=FAILED, repositoryInfo=RepositoryInfo[repositoryName=short5f02a8f400311042e70858306eb148073cfdtstexc-localvcintstudent1, repositoryType=user, triggeredByPushTo=user, assignmentRepositoryUri=http://localhost:49152/git/SHORT5F02A8F400311042E70858306EB148073CFDTSTEXC/short5f02a8f400311042e70858306eb148073cfdtstexc-localvcintstudent1.git, testRepositoryUri=http://localhost:49152/git/SHORT5F02A8F400311042E70858306EB148073CFDTSTEXC/short5f02a8f400311042e70858306eb148073cfdtstexc-tests.git, solutionRepositoryUri=null, auxiliaryRepositoryUris=[Ljava.lang.String;@3acc236d, auxiliaryRepositoryCheckoutDirectories=[Ljava.lang.String;@149c021e], jobTimingInfo=JobTimingInfo[submissionDate=2025-02-14T23:45:08.030118216Z[Etc/UTC], buildStartDate=2025-02-14T23:45:08.041011412Z[Etc/UTC], buildCompletionDate=2025-02-14T23:45:08.054603331Z[Etc/UTC], estimatedCompletionDate=2025-02-14T23:45:27.041005080Z[Etc/UTC], estimatedDuration=19], buildConfig=BuildConfig[buildScript=#!/bin/bash
cd /var/tmp/testing-dir
chmod +x ./gradlew
./gradlew clean test
, dockerImage=dummy-docker-image:latest, commitHashToBuild=6e7146cac5059504aa9d170ec3fa23aec740bb51, assignmentCommitHash=6e7146cac5059504aa9d170ec3fa23aec740bb51, testCommitHash=931e5303581c7a2f01339ba603cfafbfe668b901, branch=main, programmingLanguage=JAVA, projectType=PLAIN_GRADLE, scaEnabled=false, sequentialTestRunsEnabled=false, resultPaths=[/var/tmp/testing-dir/**/test-results/test/*.xml], timeoutSeconds=0, assignmentCheckoutPath=null, testCheckoutPath=null, solutionCheckoutPath=null, dockerRunConfig=null], submissionResult=ResultDTO[id=622, completionDate=2025-02-14T23:45:08.054683681Z[Etc/UTC], successful=false, score=0.0, rated=true, submission=SubmissionDTO[id=814, submitted=true, type=MANUAL, exampleSubmission=null, submissionDate=2025-02-14T23:45:08.016200Z, commitHash=6e7146cac5059504aa9d170ec3fa23aec740bb51, buildFailed=true, buildArtifact=false, participation=ParticipationDTO[id=1914, testRun=false, type=programming, submissionCount=null, exercise=ParticipationExerciseDTO[id=2564, exerciseType=PROGRAMMING, type=programming, assessmentType=AUTOMATIC, dueDate=2025-02-16T23:45:07.324348Z, assessmentDueDate=null, maxPoints=42.0, course=CourseDTO[id=947, accuracyOfScores=1]]], submissionExerciseType=programming, isProcessing=false, buildStartDate=null, estimatedCompletionDate=null], participation=ParticipationDTO[id=1914, testRun=false, type=programming, submissionCount=null, exercise=ParticipationExerciseDTO[id=2564, exerciseType=PROGRAMMING, type=programming, assessmentType=AUTOMATIC, dueDate=2025-02-16T23:45:07.324348Z, assessmentDueDate=null, maxPoints=42.0, course=CourseDTO[id=947, accuracyOfScores=1]]], feedbacks=[], assessmentType=AUTOMATIC, hasComplaint=null, exampleResult=null, testCaseCount=0, passedTestCaseCount=0, codeIssueCount=0]], BuildJobQueueItem[id=19361739576711303, name=SHORT9AFDAE3804CA304DDF0889A0CB0F56104A86TSTEXC-LOCALVCINTSTUDENT1, buildAgent=BuildAgentDTO[name=artemis-build-agent-test, memberAddress=[127.0.0.1]:5703, displayName=artemis-build-agent-test], participationId=1936, courseId=956, exerciseId=2573, retryCount=0, priority=2, status=FAILED, repositoryInfo=RepositoryInfo[repositoryName=short9afdae3804ca304ddf0889a0cb0f56104a86tstexc-localvcintstudent1, repositoryType=user, triggeredByPushTo=user, assignmentRepositoryUri=http://localhost:49152/git/SHORT9AFDAE3804CA304DDF0889A0CB0F56104A86TSTEXC/short9afdae3804ca304ddf0889a0cb0f56104a86tstexc-localvcintstudent1.git, testRepositoryUri=http://localhost:49152/git/SHORT9AFDAE3804CA304DDF0889A0CB0F56104A86TSTEXC/short9afdae3804ca304ddf0889a0cb0f56104a86tstexc-tests.git, solutionRepositoryUri=null, auxiliaryRepositoryUris=[Ljava.lang.String;@51c9cdb5, auxiliaryRepositoryCheckoutDirectories=[Ljava.lang.String;@38154c22], jobTimingInfo=JobTimingInfo[submissionDate=2025-02-14T23:45:11.303805653Z[Etc/UTC], buildStartDate=2025-02-14T23:45:11.310981356Z[Etc/UTC], buildCompletionDate=2025-02-14T23:45:11.319178384Z[Etc/UTC], estimatedCompletionDate=2025-02-14T23:45:30.310974944Z[Etc/UTC], estimatedDuration=19], buildConfig=BuildConfig[buildScript=#!/bin/bash
cd /var/tmp/testing-dir
chmod +x ./gradlew
./gradlew clean test
, dockerImage=dummy-docker-image:latest, commitHashToBuild=a1099e378cffde441ef85f9b12577ca174b8e1e4, assignmentCommitHash=a1099e378cffde441ef85f9b12577ca174b8e1e4, testCommitHash=bd38d61c299ab11a1dea82a3ca5493fe04d97d47, branch=main, programmingLanguage=JAVA, projectType=PLAIN_GRADLE, scaEnabled=false, sequentialTestRunsEnabled=false, resultPaths=[/var/tmp/testing-dir/**/test-results/test/*.xml], timeoutSeconds=0, assignmentCheckoutPath=null, testCheckoutPath=null, solutionCheckoutPath=null, dockerRunConfig=null], submissionResult=ResultDTO[id=623, completionDate=2025-02-14T23:45:11.319278430Z[Etc/UTC], successful=false, score=0.0, rated=true, submission=SubmissionDTO[id=815, submitted=true, type=MANUAL, exampleSubmission=null, submissionDate=2025-02-14T23:45:11.294386Z, commitHash=a1099e378cffde441ef85f9b12577ca174b8e1e4, buildFailed=true, buildArtifact=false, participation=ParticipationDTO[id=1936, testRun=false, type=programming, submissionCount=null, exercise=ParticipationExerciseDTO[id=2573, exerciseType=PROGRAMMING, type=programming, assessmentType=AUTOMATIC, dueDate=2025-02-16T23:45:10.996982Z, assessmentDueDate=null, maxPoints=42.0, course=CourseDTO[id=956, accuracyOfScores=1]]], submissionExerciseType=programming, isProcessing=false, buildStartDate=null, estimatedCompletionDate=null], participation=ParticipationDTO[id=1936, testRun=false, type=programming, submissionCount=null, exercise=ParticipationExerciseDTO[id=2573, exerciseType=PROGRAMMING, type=programming, assessmentType=AUTOMATIC, dueDate=2025-02-16T23:45:10.996982Z, assessmentDueDate=null, maxPoints=42.0, course=CourseDTO[id=956, accuracyOfScores=1]]], feedbacks=[], assessmentType=AUTOMATIC, hasComplaint=null, exampleResult=null, testCaseCount=0, passedTestCaseCount=0, codeIssueCount=0]], BuildJobQueueItem[id=19351739576711674, name=SHORT9AFDAE3804CA304DDF0889A0CB0F56104A86TSTEXC-BASE, buildAgent=BuildAgentDTO[name=artemis-build-agent-test, memberAddress=[127.0.0.1]:5703, displayName=artemis-build-agent-test], participationId=1935, courseId=956, exerciseId=2573, retryCount=0, priority=2, status=FAILED, repositoryInfo=RepositoryInfo[repositoryName=short9afdae3804ca304ddf0889a0cb0f56104a86tstexc-exercise, repositoryType=exercise, triggeredByPushTo=exercise, assignmentRepositoryUri=http://localhost:49152/git/SHORT9AFDAE3804CA304DDF0889A0CB0F56104A86TSTEXC/short9afdae3804ca304ddf0889a0cb0f56104a86tstexc-exercise.git, testRepositoryUri=http://localhost:49152/git/SHORT9AFDAE3804CA304DDF0889A0CB0F56104A86TSTEXC/short9afdae3804ca304ddf0889a0cb0f56104a86tstexc-tests.git, solutionRepositoryUri=null, auxiliaryRepositoryUris=[Ljava.lang.String;@6319c706, auxiliaryRepositoryCheckoutDirectories=[Ljava.lang.String;@1761b589], jobTimingInfo=JobTimingInfo[submissionDate=2025-02-14T23:45:11.674556681Z[Etc/UTC], buildStartDate=2025-02-14T23:45:11.677776879Z[Etc/UTC], buildCompletionDate=2025-02-14T23:45:11.688097378Z[Etc/UTC], estimatedCompletionDate=2025-02-14T23:45:30.677771620Z[Etc/UTC], estimatedDuration=19], buildConfig=BuildConfig[buildScript=#!/bin/bash
cd /var/tmp/testing-dir
chmod +x ./gradlew
./gradlew clean test
, dockerImage=dummy-docker-image:latest, commitHashToBuild=a1099e378cffde441ef85f9b12577ca174b8e1e4, assignmentCommitHash=a1099e378cffde441ef85f9b12577ca174b8e1e4, testCommitHash=bd38d61c299ab11a1dea82a3ca5493fe04d97d47, branch=main, programmingLanguage=JAVA, projectType=PLAIN_GRADLE, scaEnabled=false, sequentialTestRunsEnabled=false, resultPaths=[/var/tmp/testing-dir/**/test-results/test/*.xml], timeoutSeconds=0, assignmentCheckoutPath=null, testCheckoutPath=null, solutionCheckoutPath=null, dockerRunConfig=null], submissionResult=null]], publicSshKey=ssh-rsa AAAAB3NzaC1yc2EAAAADAQABAAACAQCOPdMsxRE2jFJ/UEa5/LsBxtwzJcrh3/rYBCQvcMeVpiRfhzQPWu7mrt/G2Ew+i+vRloGH9aqKg6dd1liRncao53Zmd/ePxoatXePNhmzTfkCkcSkTUz7B+QMjkoDDV5jwuFPD6mF3JkhuzSi64n9Zy905t4w2IhVcjM2mL3eYNjiCXt6Qpq3Pkt7dM/Ksw1nxnvuiIALuJLB3FTkXkHqq3PJav+9HSq2r6ZaWgekneaGxlQlb+U+Vy3XOuArKAzK8c8i+0bR+AHiTG6ncYXt7ax3U+TdlDTF7OLP3umwaYjs1NBXOHwG42pevvpKn2fqavZZozk+M05jXLx3bq0O7itxfErWc7etky8qYPyyIMF/txQIVLd78+Ze4d7Y60t5MGbXM5cGE6fFif5fEJwgswXD+BrG0cafz1CTatjSKFdvp8Vp4VszXhHDan1PrP6JEFJ5Cc5GDmLRZPCFa3vL9f5qXgf4bkqKN8MYeEujwJE5nMRWoiJVNakix2bcrrneQMBlnYeYZVWXXXUusAQBzl4NgddC1umZpihZkL1b1MffZAUW3EGEXi7KHnllQhkTLLsQ8ntMgbylqaJKStqaXlLvdeRJcEnUuiFCrHEVVbXRFZR7XVDZ02CE5o3MuaRPty8Kh+jRTF3COlAckHwYEJCNNJvXFgb2CNXL4mjzYDw== test@localhost]
    23:45:11.792 | 566 localvc.event-13 | DEBUG | s.l.LocalCIWebsocketMessagingService : Sending message on topic /topic/admin/build-agents: [BuildAgentInformation[buildAgent=BuildAgentDTO[name=artemis-build-agent-test, memberAddress=[127.0.0.1]:5703, displayName=artemis-build-agent-test], maxNumberOfConcurrentBuildJobs=1, numberOfCurrentBuildJobs=0, runningBuildJobs=[], status=IDLE, recentBuildJobs=null, publicSshKey=null]]
    23:45:11.793 | 566 localvc.event-13 | DEBUG | s.l.LocalCIWebsocketMessagingService : Sending message on topic /topic/admin/build-agent/artemis-build-agent-test: BuildAgentInformation[buildAgent=BuildAgentDTO[name=artemis-build-agent-test, memberAddress=[127.0.0.1]:5703, displayName=artemis-build-agent-test], maxNumberOfConcurrentBuildJobs=1, numberOfCurrentBuildJobs=0, runningBuildJobs=[], status=IDLE, recentBuildJobs=[BuildJobQueueItem[id=19141739576708030, name=SHORT5F02A8F400311042E70858306EB148073CFDTSTEXC-LOCALVCINTSTUDENT1, buildAgent=BuildAgentDTO[name=artemis-build-agent-test, memberAddress=[127.0.0.1]:5703, displayName=artemis-build-agent-test], participationId=1914, courseId=947, exerciseId=2564, retryCount=0, priority=2, status=FAILED, repositoryInfo=RepositoryInfo[repositoryName=short5f02a8f400311042e70858306eb148073cfdtstexc-localvcintstudent1, repositoryType=user, triggeredByPushTo=user, assignmentRepositoryUri=http://localhost:49152/git/SHORT5F02A8F400311042E70858306EB148073CFDTSTEXC/short5f02a8f400311042e70858306eb148073cfdtstexc-localvcintstudent1.git, testRepositoryUri=http://localhost:49152/git/SHORT5F02A8F400311042E70858306EB148073CFDTSTEXC/short5f02a8f400311042e70858306eb148073cfdtstexc-tests.git, solutionRepositoryUri=null, auxiliaryRepositoryUris=[Ljava.lang.String;@37b09a76, auxiliaryRepositoryCheckoutDirectories=[Ljava.lang.String;@2de7bcf4], jobTimingInfo=JobTimingInfo[submissionDate=2025-02-14T23:45:08.030118216Z[Etc/UTC], buildStartDate=2025-02-14T23:45:08.041011412Z[Etc/UTC], buildCompletionDate=2025-02-14T23:45:08.054603331Z[Etc/UTC], estimatedCompletionDate=2025-02-14T23:45:27.041005080Z[Etc/UTC], estimatedDuration=19], buildConfig=BuildConfig[buildScript=#!/bin/bash
cd /var/tmp/testing-dir
chmod +x ./gradlew
./gradlew clean test
, dockerImage=dummy-docker-image:latest, commitHashToBuild=6e7146cac5059504aa9d170ec3fa23aec740bb51, assignmentCommitHash=6e7146cac5059504aa9d170ec3fa23aec740bb51, testCommitHash=931e5303581c7a2f01339ba603cfafbfe668b901, branch=main, programmingLanguage=JAVA, projectType=PLAIN_GRADLE, scaEnabled=false, sequentialTestRunsEnabled=false, resultPaths=[/var/tmp/testing-dir/**/test-results/test/*.xml], timeoutSeconds=0, assignmentCheckoutPath=null, testCheckoutPath=null, solutionCheckoutPath=null, dockerRunConfig=null], submissionResult=ResultDTO[id=622, completionDate=2025-02-14T23:45:08.054683681Z[Etc/UTC], successful=false, score=0.0, rated=true, submission=SubmissionDTO[id=814, submitted=true, type=MANUAL, exampleSubmission=null, submissionDate=2025-02-14T23:45:08.016200Z, commitHash=6e7146cac5059504aa9d170ec3fa23aec740bb51, buildFailed=true, buildArtifact=false, participation=ParticipationDTO[id=1914, testRun=false, type=programming, submissionCount=null, exercise=ParticipationExerciseDTO[id=2564, exerciseType=PROGRAMMING, type=programming, assessmentType=AUTOMATIC, dueDate=2025-02-16T23:45:07.324348Z, assessmentDueDate=null, maxPoints=42.0, course=CourseDTO[id=947, accuracyOfScores=1]]], submissionExerciseType=programming, isProcessing=false, buildStartDate=null, estimatedCompletionDate=null], participation=ParticipationDTO[id=1914, testRun=false, type=programming, submissionCount=null, exercise=ParticipationExerciseDTO[id=2564, exerciseType=PROGRAMMING, type=programming, assessmentType=AUTOMATIC, dueDate=2025-02-16T23:45:07.324348Z, assessmentDueDate=null, maxPoints=42.0, course=CourseDTO[id=947, accuracyOfScores=1]]], feedbacks=[], assessmentType=AUTOMATIC, hasComplaint=null, exampleResult=null, testCaseCount=0, passedTestCaseCount=0, codeIssueCount=0]], BuildJobQueueItem[id=19361739576711303, name=SHORT9AFDAE3804CA304DDF0889A0CB0F56104A86TSTEXC-LOCALVCINTSTUDENT1, buildAgent=BuildAgentDTO[name=artemis-build-agent-test, memberAddress=[127.0.0.1]:5703, displayName=artemis-build-agent-test], participationId=1936, courseId=956, exerciseId=2573, retryCount=0, priority=2, status=FAILED, repositoryInfo=RepositoryInfo[repositoryName=short9afdae3804ca304ddf0889a0cb0f56104a86tstexc-localvcintstudent1, repositoryType=user, triggeredByPushTo=user, assignmentRepositoryUri=http://localhost:49152/git/SHORT9AFDAE3804CA304DDF0889A0CB0F56104A86TSTEXC/short9afdae3804ca304ddf0889a0cb0f56104a86tstexc-localvcintstudent1.git, testRepositoryUri=http://localhost:49152/git/SHORT9AFDAE3804CA304DDF0889A0CB0F56104A86TSTEXC/short9afdae3804ca304ddf0889a0cb0f56104a86tstexc-tests.git, solutionRepositoryUri=null, auxiliaryRepositoryUris=[Ljava.lang.String;@76531833, auxiliaryRepositoryCheckoutDirectories=[Ljava.lang.String;@ee90b76], jobTimingInfo=JobTimingInfo[submissionDate=2025-02-14T23:45:11.303805653Z[Etc/UTC], buildStartDate=2025-02-14T23:45:11.310981356Z[Etc/UTC], buildCompletionDate=2025-02-14T23:45:11.319178384Z[Etc/UTC], estimatedCompletionDate=2025-02-14T23:45:30.310974944Z[Etc/UTC], estimatedDuration=19], buildConfig=BuildConfig[buildScript=#!/bin/bash
cd /var/tmp/testing-dir
chmod +x ./gradlew
./gradlew clean test
, dockerImage=dummy-docker-image:latest, commitHashToBuild=a1099e378cffde441ef85f9b12577ca174b8e1e4, assignmentCommitHash=a1099e378cffde441ef85f9b12577ca174b8e1e4, testCommitHash=bd38d61c299ab11a1dea82a3ca5493fe04d97d47, branch=main, programmingLanguage=JAVA, projectType=PLAIN_GRADLE, scaEnabled=false, sequentialTestRunsEnabled=false, resultPaths=[/var/tmp/testing-dir/**/test-results/test/*.xml], timeoutSeconds=0, assignmentCheckoutPath=null, testCheckoutPath=null, solutionCheckoutPath=null, dockerRunConfig=null], submissionResult=ResultDTO[id=623, completionDate=2025-02-14T23:45:11.319278430Z[Etc/UTC], successful=false, score=0.0, rated=true, submission=SubmissionDTO[id=815, submitted=true, type=MANUAL, exampleSubmission=null, submissionDate=2025-02-14T23:45:11.294386Z, commitHash=a1099e378cffde441ef85f9b12577ca174b8e1e4, buildFailed=true, buildArtifact=false, participation=ParticipationDTO[id=1936, testRun=false, type=programming, submissionCount=null, exercise=ParticipationExerciseDTO[id=2573, exerciseType=PROGRAMMING, type=programming, assessmentType=AUTOMATIC, dueDate=2025-02-16T23:45:10.996982Z, assessmentDueDate=null, maxPoints=42.0, course=CourseDTO[id=956, accuracyOfScores=1]]], submissionExerciseType=programming, isProcessing=false, buildStartDate=null, estimatedCompletionDate=null], participation=ParticipationDTO[id=1936, testRun=false, type=programming, submissionCount=null, exercise=ParticipationExerciseDTO[id=2573, exerciseType=PROGRAMMING, type=programming, assessmentType=AUTOMATIC, dueDate=2025-02-16T23:45:10.996982Z, assessmentDueDate=null, maxPoints=42.0, course=CourseDTO[id=956, accuracyOfScores=1]]], feedbacks=[], assessmentType=AUTOMATIC, hasComplaint=null, exampleResult=null, testCaseCount=0, passedTestCaseCount=0, codeIssueCount=0]], BuildJobQueueItem[id=19351739576711674, name=SHORT9AFDAE3804CA304DDF0889A0CB0F56104A86TSTEXC-BASE, buildAgent=BuildAgentDTO[name=artemis-build-agent-test, memberAddress=[127.0.0.1]:5703, displayName=artemis-build-agent-test], participationId=1935, courseId=956, exerciseId=2573, retryCount=0, priority=2, status=FAILED, repositoryInfo=RepositoryInfo[repositoryName=short9afdae3804ca304ddf0889a0cb0f56104a86tstexc-exercise, repositoryType=exercise, triggeredByPushTo=exercise, assignmentRepositoryUri=http://localhost:49152/git/SHORT9AFDAE3804CA304DDF0889A0CB0F56104A86TSTEXC/short9afdae3804ca304ddf0889a0cb0f56104a86tstexc-exercise.git, testRepositoryUri=http://localhost:49152/git/SHORT9AFDAE3804CA304DDF0889A0CB0F56104A86TSTEXC/short9afdae3804ca304ddf0889a0cb0f56104a86tstexc-tests.git, solutionRepositoryUri=null, auxiliaryRepositoryUris=[Ljava.lang.String;@3db943f7, auxiliaryRepositoryCheckoutDirectories=[Ljava.lang.String;@2da958a8], jobTimingInfo=JobTimingInfo[submissionDate=2025-02-14T23:45:11.674556681Z[Etc/UTC], buildStartDate=2025-02-14T23:45:11.677776879Z[Etc/UTC], buildCompletionDate=2025-02-14T23:45:11.688097378Z[Etc/UTC], estimatedCompletionDate=2025-02-14T23:45:30.677771620Z[Etc/UTC], estimatedDuration=19], buildConfig=BuildConfig[buildScript=#!/bin/bash
cd /var/tmp/testing-dir
chmod +x ./gradlew
./gradlew clean test
, dockerImage=dummy-docker-image:latest, commitHashToBuild=a1099e378cffde441ef85f9b12577ca174b8e1e4, assignmentCommitHash=a1099e378cffde441ef85f9b12577ca174b8e1e4, testCommitHash=bd38d61c299ab11a1dea82a3ca5493fe04d97d47, branch=main, programmingLanguage=JAVA, projectType=PLAIN_GRADLE, scaEnabled=false, sequentialTestRunsEnabled=false, resultPaths=[/var/tmp/testing-dir/**/test-results/test/*.xml], timeoutSeconds=0, assignmentCheckoutPath=null, testCheckoutPath=null, solutionCheckoutPath=null, dockerRunConfig=null], submissionResult=ResultDTO[id=624, completionDate=2025-02-14T23:45:11.688214837Z[Etc/UTC], successful=false, score=0.0, rated=true, submission=SubmissionDTO[id=816, submitted=true, type=MANUAL, exampleSubmission=null, submissionDate=2025-02-14T23:45:11.656934Z, commitHash=a1099e378cffde441ef85f9b12577ca174b8e1e4, buildFailed=true, buildArtifact=false, participation=ParticipationDTO[id=1935, testRun=false, type=template, submissionCount=null, exercise=ParticipationExerciseDTO[id=2573, exerciseType=PROGRAMMING, type=programming, assessmentType=AUTOMATIC, dueDate=2025-02-16T23:45:10.996982Z, assessmentDueDate=null, maxPoints=42.0, course=CourseDTO[id=956, accuracyOfScores=1]]], submissionExerciseType=programming, isProcessing=false, buildStartDate=null, estimatedCompletionDate=null], participation=ParticipationDTO[id=1935, testRun=false, type=template, submissionCount=null, exercise=ParticipationExerciseDTO[id=2573, exerciseType=PROGRAMMING, type=programming, assessmentType=AUTOMATIC, dueDate=2025-02-16T23:45:10.996982Z, assessmentDueDate=null, maxPoints=42.0, course=CourseDTO[id=956, accuracyOfScores=1]]], feedbacks=[], assessmentType=AUTOMATIC, hasComplaint=null, exampleResult=null, testCaseCount=0, passedTestCaseCount=0, codeIssueCount=0]]], publicSshKey=ssh-rsa AAAAB3NzaC1yc2EAAAADAQABAAACAQCOPdMsxRE2jFJ/UEa5/LsBxtwzJcrh3/rYBCQvcMeVpiRfhzQPWu7mrt/G2Ew+i+vRloGH9aqKg6dd1liRncao53Zmd/ePxoatXePNhmzTfkCkcSkTUz7B+QMjkoDDV5jwuFPD6mF3JkhuzSi64n9Zy905t4w2IhVcjM2mL3eYNjiCXt6Qpq3Pkt7dM/Ksw1nxnvuiIALuJLB3FTkXkHqq3PJav+9HSq2r6ZaWgekneaGxlQlb+U+Vy3XOuArKAzK8c8i+0bR+AHiTG6ncYXt7ax3U+TdlDTF7OLP3umwaYjs1NBXOHwG42pevvpKn2fqavZZozk+M05jXLx3bq0O7itxfErWc7etky8qYPyyIMF/txQIVLd78+Ze4d7Y60t5MGbXM5cGE6fFif5fEJwgswXD+BrG0cafz1CTatjSKFdvp8Vp4VszXhHDan1PrP6JEFJ5Cc5GDmLRZPCFa3vL9f5qXgf4bkqKN8MYeEujwJE5nMRWoiJVNakix2bcrrneQMBlnYeYZVWXXXUusAQBzl4NgddC1umZpihZkL1b1MffZAUW3EGEXi7KHnllQhkTLLsQ8ntMgbylqaJKStqaXlLvdeRJcEnUuiFCrHEVVbXRFZR7XVDZ02CE5o3MuaRPty8Kh+jRTF3COlAckHwYEJCNNJvXFgb2CNXL4mjzYDw== test@localhost]
    23:45:11.793 | 588 artemis-task-1   | DEBUG | d.t.c.a.a.c.c.w.GzipMessageConverter : Compressed message payload from 255 to 232 (saved 9.0% payload size)
    23:45:11.793 | 566 localvc.event-13 | DEBUG | a.p.s.l.SharedQueueManagementService : Build agent updated: null
    23:45:11.794 | 566 localvc.event-13 | DEBUG | a.p.s.l.LocalCIQueueWebsocketService : Build agent updated: BuildAgentInformation[buildAgent=BuildAgentDTO[name=artemis-build-agent-test, memberAddress=[127.0.0.1]:5703, displayName=artemis-build-agent-test], maxNumberOfConcurrentBuildJobs=1, numberOfCurrentBuildJobs=0, runningBuildJobs=[], status=IDLE, recentBuildJobs=[BuildJobQueueItem[id=19141739576708030, name=SHORT5F02A8F400311042E70858306EB148073CFDTSTEXC-LOCALVCINTSTUDENT1, buildAgent=BuildAgentDTO[name=artemis-build-agent-test, memberAddress=[127.0.0.1]:5703, displayName=artemis-build-agent-test], participationId=1914, courseId=947, exerciseId=2564, retryCount=0, priority=2, status=FAILED, repositoryInfo=RepositoryInfo[repositoryName=short5f02a8f400311042e70858306eb148073cfdtstexc-localvcintstudent1, repositoryType=user, triggeredByPushTo=user, assignmentRepositoryUri=http://localhost:49152/git/SHORT5F02A8F400311042E70858306EB148073CFDTSTEXC/short5f02a8f400311042e70858306eb148073cfdtstexc-localvcintstudent1.git, testRepositoryUri=http://localhost:49152/git/SHORT5F02A8F400311042E70858306EB148073CFDTSTEXC/short5f02a8f400311042e70858306eb148073cfdtstexc-tests.git, solutionRepositoryUri=null, auxiliaryRepositoryUris=[Ljava.lang.String;@5a14e09, auxiliaryRepositoryCheckoutDirectories=[Ljava.lang.String;@72f013b1], jobTimingInfo=JobTimingInfo[submissionDate=2025-02-14T23:45:08.030118216Z[Etc/UTC], buildStartDate=2025-02-14T23:45:08.041011412Z[Etc/UTC], buildCompletionDate=2025-02-14T23:45:08.054603331Z[Etc/UTC], estimatedCompletionDate=2025-02-14T23:45:27.041005080Z[Etc/UTC], estimatedDuration=19], buildConfig=BuildConfig[buildScript=#!/bin/bash
cd /var/tmp/testing-dir
chmod +x ./gradlew
./gradlew clean test
, dockerImage=dummy-docker-image:latest, commitHashToBuild=6e7146cac5059504aa9d170ec3fa23aec740bb51, assignmentCommitHash=6e7146cac5059504aa9d170ec3fa23aec740bb51, testCommitHash=931e5303581c7a2f01339ba603cfafbfe668b901, branch=main, programmingLanguage=JAVA, projectType=PLAIN_GRADLE, scaEnabled=false, sequentialTestRunsEnabled=false, resultPaths=[/var/tmp/testing-dir/**/test-results/test/*.xml], timeoutSeconds=0, assignmentCheckoutPath=null, testCheckoutPath=null, solutionCheckoutPath=null, dockerRunConfig=null], submissionResult=ResultDTO[id=622, completionDate=2025-02-14T23:45:08.054683681Z[Etc/UTC], successful=false, score=0.0, rated=true, submission=SubmissionDTO[id=814, submitted=true, type=MANUAL, exampleSubmission=null, submissionDate=2025-02-14T23:45:08.016200Z, commitHash=6e7146cac5059504aa9d170ec3fa23aec740bb51, buildFailed=true, buildArtifact=false, participation=ParticipationDTO[id=1914, testRun=false, type=programming, submissionCount=null, exercise=ParticipationExerciseDTO[id=2564, exerciseType=PROGRAMMING, type=programming, assessmentType=AUTOMATIC, dueDate=2025-02-16T23:45:07.324348Z, assessmentDueDate=null, maxPoints=42.0, course=CourseDTO[id=947, accuracyOfScores=1]]], submissionExerciseType=programming, isProcessing=false, buildStartDate=null, estimatedCompletionDate=null], participation=ParticipationDTO[id=1914, testRun=false, type=programming, submissionCount=null, exercise=ParticipationExerciseDTO[id=2564, exerciseType=PROGRAMMING, type=programming, assessmentType=AUTOMATIC, dueDate=2025-02-16T23:45:07.324348Z, assessmentDueDate=null, maxPoints=42.0, course=CourseDTO[id=947, accuracyOfScores=1]]], feedbacks=[], assessmentType=AUTOMATIC, hasComplaint=null, exampleResult=null, testCaseCount=0, passedTestCaseCount=0, codeIssueCount=0]], BuildJobQueueItem[id=19361739576711303, name=SHORT9AFDAE3804CA304DDF0889A0CB0F56104A86TSTEXC-LOCALVCINTSTUDENT1, buildAgent=BuildAgentDTO[name=artemis-build-agent-test, memberAddress=[127.0.0.1]:5703, displayName=artemis-build-agent-test], participationId=1936, courseId=956, exerciseId=2573, retryCount=0, priority=2, status=FAILED, repositoryInfo=RepositoryInfo[repositoryName=short9afdae3804ca304ddf0889a0cb0f56104a86tstexc-localvcintstudent1, repositoryType=user, triggeredByPushTo=user, assignmentRepositoryUri=http://localhost:49152/git/SHORT9AFDAE3804CA304DDF0889A0CB0F56104A86TSTEXC/short9afdae3804ca304ddf0889a0cb0f56104a86tstexc-localvcintstudent1.git, testRepositoryUri=http://localhost:49152/git/SHORT9AFDAE3804CA304DDF0889A0CB0F56104A86TSTEXC/short9afdae3804ca304ddf0889a0cb0f56104a86tstexc-tests.git, solutionRepositoryUri=null, auxiliaryRepositoryUris=[Ljava.lang.String;@15fb795f, auxiliaryRepositoryCheckoutDirectories=[Ljava.lang.String;@7c3a7c71], jobTimingInfo=JobTimingInfo[submissionDate=2025-02-14T23:45:11.303805653Z[Etc/UTC], buildStartDate=2025-02-14T23:45:11.310981356Z[Etc/UTC], buildCompletionDate=2025-02-14T23:45:11.319178384Z[Etc/UTC], estimatedCompletionDate=2025-02-14T23:45:30.310974944Z[Etc/UTC], estimatedDuration=19], buildConfig=BuildConfig[buildScript=#!/bin/bash
cd /var/tmp/testing-dir
chmod +x ./gradlew
./gradlew clean test
, dockerImage=dummy-docker-image:latest, commitHashToBuild=a1099e378cffde441ef85f9b12577ca174b8e1e4, assignmentCommitHash=a1099e378cffde441ef85f9b12577ca174b8e1e4, testCommitHash=bd38d61c299ab11a1dea82a3ca5493fe04d97d47, branch=main, programmingLanguage=JAVA, projectType=PLAIN_GRADLE, scaEnabled=false, sequentialTestRunsEnabled=false, resultPaths=[/var/tmp/testing-dir/**/test-results/test/*.xml], timeoutSeconds=0, assignmentCheckoutPath=null, testCheckoutPath=null, solutionCheckoutPath=null, dockerRunConfig=null], submissionResult=ResultDTO[id=623, completionDate=2025-02-14T23:45:11.319278430Z[Etc/UTC], successful=false, score=0.0, rated=true, submission=SubmissionDTO[id=815, submitted=true, type=MANUAL, exampleSubmission=null, submissionDate=2025-02-14T23:45:11.294386Z, commitHash=a1099e378cffde441ef85f9b12577ca174b8e1e4, buildFailed=true, buildArtifact=false, participation=ParticipationDTO[id=1936, testRun=false, type=programming, submissionCount=null, exercise=ParticipationExerciseDTO[id=2573, exerciseType=PROGRAMMING, type=programming, assessmentType=AUTOMATIC, dueDate=2025-02-16T23:45:10.996982Z, assessmentDueDate=null, maxPoints=42.0, course=CourseDTO[id=956, accuracyOfScores=1]]], submissionExerciseType=programming, isProcessing=false, buildStartDate=null, estimatedCompletionDate=null], participation=ParticipationDTO[id=1936, testRun=false, type=programming, submissionCount=null, exercise=ParticipationExerciseDTO[id=2573, exerciseType=PROGRAMMING, type=programming, assessmentType=AUTOMATIC, dueDate=2025-02-16T23:45:10.996982Z, assessmentDueDate=null, maxPoints=42.0, course=CourseDTO[id=956, accuracyOfScores=1]]], feedbacks=[], assessmentType=AUTOMATIC, hasComplaint=null, exampleResult=null, testCaseCount=0, passedTestCaseCount=0, codeIssueCount=0]], BuildJobQueueItem[id=19351739576711674, name=SHORT9AFDAE3804CA304DDF0889A0CB0F56104A86TSTEXC-BASE, buildAgent=BuildAgentDTO[name=artemis-build-agent-test, memberAddress=[127.0.0.1]:5703, displayName=artemis-build-agent-test], participationId=1935, courseId=956, exerciseId=2573, retryCount=0, priority=2, status=FAILED, repositoryInfo=RepositoryInfo[repositoryName=short9afdae3804ca304ddf0889a0cb0f56104a86tstexc-exercise, repositoryType=exercise, triggeredByPushTo=exercise, assignmentRepositoryUri=http://localhost:49152/git/SHORT9AFDAE3804CA304DDF0889A0CB0F56104A86TSTEXC/short9afdae3804ca304ddf0889a0cb0f56104a86tstexc-exercise.git, testRepositoryUri=http://localhost:49152/git/SHORT9AFDAE3804CA304DDF0889A0CB0F56104A86TSTEXC/short9afdae3804ca304ddf0889a0cb0f56104a86tstexc-tests.git, solutionRepositoryUri=null, auxiliaryRepositoryUris=[Ljava.lang.String;@73e4a4f9, auxiliaryRepositoryCheckoutDirectories=[Ljava.lang.String;@1fb5caf], jobTimingInfo=JobTimingInfo[submissionDate=2025-02-14T23:45:11.674556681Z[Etc/UTC], buildStartDate=2025-02-14T23:45:11.677776879Z[Etc/UTC], buildCompletionDate=2025-02-14T23:45:11.688097378Z[Etc/UTC], estimatedCompletionDate=2025-02-14T23:45:30.677771620Z[Etc/UTC], estimatedDuration=19], buildConfig=BuildConfig[buildScript=#!/bin/bash
cd /var/tmp/testing-dir
chmod +x ./gradlew
./gradlew clean test
, dockerImage=dummy-docker-image:latest, commitHashToBuild=a1099e378cffde441ef85f9b12577ca174b8e1e4, assignmentCommitHash=a1099e378cffde441ef85f9b12577ca174b8e1e4, testCommitHash=bd38d61c299ab11a1dea82a3ca5493fe04d97d47, branch=main, programmingLanguage=JAVA, projectType=PLAIN_GRADLE, scaEnabled=false, sequentialTestRunsEnabled=false, resultPaths=[/var/tmp/testing-dir/**/test-results/test/*.xml], timeoutSeconds=0, assignmentCheckoutPath=null, testCheckoutPath=null, solutionCheckoutPath=null, dockerRunConfig=null], submissionResult=ResultDTO[id=624, completionDate=2025-02-14T23:45:11.688214837Z[Etc/UTC], successful=false, score=0.0, rated=true, submission=SubmissionDTO[id=816, submitted=true, type=MANUAL, exampleSubmission=null, submissionDate=2025-02-14T23:45:11.656934Z, commitHash=a1099e378cffde441ef85f9b12577ca174b8e1e4, buildFailed=true, buildArtifact=false, participation=ParticipationDTO[id=1935, testRun=false, type=template, submissionCount=null, exercise=ParticipationExerciseDTO[id=2573, exerciseType=PROGRAMMING, type=programming, assessmentType=AUTOMATIC, dueDate=2025-02-16T23:45:10.996982Z, assessmentDueDate=null, maxPoints=42.0, course=CourseDTO[id=956, accuracyOfScores=1]]], submissionExerciseType=programming, isProcessing=false, buildStartDate=null, estimatedCompletionDate=null], participation=ParticipationDTO[id=1935, testRun=false, type=template, submissionCount=null, exercise=ParticipationExerciseDTO[id=2573, exerciseType=PROGRAMMING, type=programming, assessmentType=AUTOMATIC, dueDate=2025-02-16T23:45:10.996982Z, assessmentDueDate=null, maxPoints=42.0, course=CourseDTO[id=956, accuracyOfScores=1]]], feedbacks=[], assessmentType=AUTOMATIC, hasComplaint=null, exampleResult=null, testCaseCount=0, passedTestCaseCount=0, codeIssueCount=0]]], publicSshKey=ssh-rsa AAAAB3NzaC1yc2EAAAADAQABAAACAQCOPdMsxRE2jFJ/UEa5/LsBxtwzJcrh3/rYBCQvcMeVpiRfhzQPWu7mrt/G2Ew+i+vRloGH9aqKg6dd1liRncao53Zmd/ePxoatXePNhmzTfkCkcSkTUz7B+QMjkoDDV5jwuFPD6mF3JkhuzSi64n9Zy905t4w2IhVcjM2mL3eYNjiCXt6Qpq3Pkt7dM/Ksw1nxnvuiIALuJLB3FTkXkHqq3PJav+9HSq2r6ZaWgekneaGxlQlb+U+Vy3XOuArKAzK8c8i+0bR+AHiTG6ncYXt7ax3U+TdlDTF7OLP3umwaYjs1NBXOHwG42pevvpKn2fqavZZozk+M05jXLx3bq0O7itxfErWc7etky8qYPyyIMF/txQIVLd78+Ze4d7Y60t5MGbXM5cGE6fFif5fEJwgswXD+BrG0cafz1CTatjSKFdvp8Vp4VszXhHDan1PrP6JEFJ5Cc5GDmLRZPCFa3vL9f5qXgf4bkqKN8MYeEujwJE5nMRWoiJVNakix2bcrrneQMBlnYeYZVWXXXUusAQBzl4NgddC1umZpihZkL1b1MffZAUW3EGEXi7KHnllQhkTLLsQ8ntMgbylqaJKStqaXlLvdeRJcEnUuiFCrHEVVbXRFZR7XVDZ02CE5o3MuaRPty8Kh+jRTF3COlAckHwYEJCNNJvXFgb2CNXL4mjzYDw== test@localhost]
    23:45:11.795 | 566 localvc.event-13 | DEBUG | s.l.LocalCIWebsocketMessagingService : Sending message on topic /topic/admin/build-agents: [BuildAgentInformation[buildAgent=BuildAgentDTO[name=artemis-build-agent-test, memberAddress=[127.0.0.1]:5703, displayName=artemis-build-agent-test], maxNumberOfConcurrentBuildJobs=1, numberOfCurrentBuildJobs=0, runningBuildJobs=[], status=IDLE, recentBuildJobs=null, publicSshKey=null]]
    23:45:11.796 | 588 artemis-task-1   | DEBUG | d.t.c.a.a.c.c.w.GzipMessageConverter : Compressed message payload from 11832 to 3104 (saved 73.8% payload size)
    23:45:11.796 | 588 artemis-task-1   | DEBUG | d.t.c.a.a.c.c.w.GzipMessageConverter : Compressed message payload from 255 to 232 (saved 9.0% payload size)
    23:45:11.797 | 566 localvc.event-13 | DEBUG | s.l.LocalCIWebsocketMessagingService : Sending message on topic /topic/admin/build-agent/artemis-build-agent-test: BuildAgentInformation[buildAgent=BuildAgentDTO[name=artemis-build-agent-test, memberAddress=[127.0.0.1]:5703, displayName=artemis-build-agent-test], maxNumberOfConcurrentBuildJobs=1, numberOfCurrentBuildJobs=0, runningBuildJobs=[], status=IDLE, recentBuildJobs=[BuildJobQueueItem[id=19141739576708030, name=SHORT5F02A8F400311042E70858306EB148073CFDTSTEXC-LOCALVCINTSTUDENT1, buildAgent=BuildAgentDTO[name=artemis-build-agent-test, memberAddress=[127.0.0.1]:5703, displayName=artemis-build-agent-test], participationId=1914, courseId=947, exerciseId=2564, retryCount=0, priority=2, status=FAILED, repositoryInfo=RepositoryInfo[repositoryName=short5f02a8f400311042e70858306eb148073cfdtstexc-localvcintstudent1, repositoryType=user, triggeredByPushTo=user, assignmentRepositoryUri=http://localhost:49152/git/SHORT5F02A8F400311042E70858306EB148073CFDTSTEXC/short5f02a8f400311042e70858306eb148073cfdtstexc-localvcintstudent1.git, testRepositoryUri=http://localhost:49152/git/SHORT5F02A8F400311042E70858306EB148073CFDTSTEXC/short5f02a8f400311042e70858306eb148073cfdtstexc-tests.git, solutionRepositoryUri=null, auxiliaryRepositoryUris=[Ljava.lang.String;@36677bb0, auxiliaryRepositoryCheckoutDirectories=[Ljava.lang.String;@6da257f7], jobTimingInfo=JobTimingInfo[submissionDate=2025-02-14T23:45:08.030118216Z[Etc/UTC], buildStartDate=2025-02-14T23:45:08.041011412Z[Etc/UTC], buildCompletionDate=2025-02-14T23:45:08.054603331Z[Etc/UTC], estimatedCompletionDate=2025-02-14T23:45:27.041005080Z[Etc/UTC], estimatedDuration=19], buildConfig=BuildConfig[buildScript=#!/bin/bash
cd /var/tmp/testing-dir
chmod +x ./gradlew
./gradlew clean test
, dockerImage=dummy-docker-image:latest, commitHashToBuild=6e7146cac5059504aa9d170ec3fa23aec740bb51, assignmentCommitHash=6e7146cac5059504aa9d170ec3fa23aec740bb51, testCommitHash=931e5303581c7a2f01339ba603cfafbfe668b901, branch=main, programmingLanguage=JAVA, projectType=PLAIN_GRADLE, scaEnabled=false, sequentialTestRunsEnabled=false, resultPaths=[/var/tmp/testing-dir/**/test-results/test/*.xml], timeoutSeconds=0, assignmentCheckoutPath=null, testCheckoutPath=null, solutionCheckoutPath=null, dockerRunConfig=null], submissionResult=ResultDTO[id=622, completionDate=2025-02-14T23:45:08.054683681Z[Etc/UTC], successful=false, score=0.0, rated=true, submission=SubmissionDTO[id=814, submitted=true, type=MANUAL, exampleSubmission=null, submissionDate=2025-02-14T23:45:08.016200Z, commitHash=6e7146cac5059504aa9d170ec3fa23aec740bb51, buildFailed=true, buildArtifact=false, participation=ParticipationDTO[id=1914, testRun=false, type=programming, submissionCount=null, exercise=ParticipationExerciseDTO[id=2564, exerciseType=PROGRAMMING, type=programming, assessmentType=AUTOMATIC, dueDate=2025-02-16T23:45:07.324348Z, assessmentDueDate=null, maxPoints=42.0, course=CourseDTO[id=947, accuracyOfScores=1]]], submissionExerciseType=programming, isProcessing=false, buildStartDate=null, estimatedCompletionDate=null], participation=ParticipationDTO[id=1914, testRun=false, type=programming, submissionCount=null, exercise=ParticipationExerciseDTO[id=2564, exerciseType=PROGRAMMING, type=programming, assessmentType=AUTOMATIC, dueDate=2025-02-16T23:45:07.324348Z, assessmentDueDate=null, maxPoints=42.0, course=CourseDTO[id=947, accuracyOfScores=1]]], feedbacks=[], assessmentType=AUTOMATIC, hasComplaint=null, exampleResult=null, testCaseCount=0, passedTestCaseCount=0, codeIssueCount=0]], BuildJobQueueItem[id=19361739576711303, name=SHORT9AFDAE3804CA304DDF0889A0CB0F56104A86TSTEXC-LOCALVCINTSTUDENT1, buildAgent=BuildAgentDTO[name=artemis-build-agent-test, memberAddress=[127.0.0.1]:5703, displayName=artemis-build-agent-test], participationId=1936, courseId=956, exerciseId=2573, retryCount=0, priority=2, status=FAILED, repositoryInfo=RepositoryInfo[repositoryName=short9afdae3804ca304ddf0889a0cb0f56104a86tstexc-localvcintstudent1, repositoryType=user, triggeredByPushTo=user, assignmentRepositoryUri=http://localhost:49152/git/SHORT9AFDAE3804CA304DDF0889A0CB0F56104A86TSTEXC/short9afdae3804ca304ddf0889a0cb0f56104a86tstexc-localvcintstudent1.git, testRepositoryUri=http://localhost:49152/git/SHORT9AFDAE3804CA304DDF0889A0CB0F56104A86TSTEXC/short9afdae3804ca304ddf0889a0cb0f56104a86tstexc-tests.git, solutionRepositoryUri=null, auxiliaryRepositoryUris=[Ljava.lang.String;@52c2091, auxiliaryRepositoryCheckoutDirectories=[Ljava.lang.String;@73e9831f], jobTimingInfo=JobTimingInfo[submissionDate=2025-02-14T23:45:11.303805653Z[Etc/UTC], buildStartDate=2025-02-14T23:45:11.310981356Z[Etc/UTC], buildCompletionDate=2025-02-14T23:45:11.319178384Z[Etc/UTC], estimatedCompletionDate=2025-02-14T23:45:30.310974944Z[Etc/UTC], estimatedDuration=19], buildConfig=BuildConfig[buildScript=#!/bin/bash
cd /var/tmp/testing-dir
chmod +x ./gradlew
./gradlew clean test
, dockerImage=dummy-docker-image:latest, commitHashToBuild=a1099e378cffde441ef85f9b12577ca174b8e1e4, assignmentCommitHash=a1099e378cffde441ef85f9b12577ca174b8e1e4, testCommitHash=bd38d61c299ab11a1dea82a3ca5493fe04d97d47, branch=main, programmingLanguage=JAVA, projectType=PLAIN_GRADLE, scaEnabled=false, sequentialTestRunsEnabled=false, resultPaths=[/var/tmp/testing-dir/**/test-results/test/*.xml], timeoutSeconds=0, assignmentCheckoutPath=null, testCheckoutPath=null, solutionCheckoutPath=null, dockerRunConfig=null], submissionResult=ResultDTO[id=623, completionDate=2025-02-14T23:45:11.319278430Z[Etc/UTC], successful=false, score=0.0, rated=true, submission=SubmissionDTO[id=815, submitted=true, type=MANUAL, exampleSubmission=null, submissionDate=2025-02-14T23:45:11.294386Z, commitHash=a1099e378cffde441ef85f9b12577ca174b8e1e4, buildFailed=true, buildArtifact=false, participation=ParticipationDTO[id=1936, testRun=false, type=programming, submissionCount=null, exercise=ParticipationExerciseDTO[id=2573, exerciseType=PROGRAMMING, type=programming, assessmentType=AUTOMATIC, dueDate=2025-02-16T23:45:10.996982Z, assessmentDueDate=null, maxPoints=42.0, course=CourseDTO[id=956, accuracyOfScores=1]]], submissionExerciseType=programming, isProcessing=false, buildStartDate=null, estimatedCompletionDate=null], participation=ParticipationDTO[id=1936, testRun=false, type=programming, submissionCount=null, exercise=ParticipationExerciseDTO[id=2573, exerciseType=PROGRAMMING, type=programming, assessmentType=AUTOMATIC, dueDate=2025-02-16T23:45:10.996982Z, assessmentDueDate=null, maxPoints=42.0, course=CourseDTO[id=956, accuracyOfScores=1]]], feedbacks=[], assessmentType=AUTOMATIC, hasComplaint=null, exampleResult=null, testCaseCount=0, passedTestCaseCount=0, codeIssueCount=0]], BuildJobQueueItem[id=19351739576711674, name=SHORT9AFDAE3804CA304DDF0889A0CB0F56104A86TSTEXC-BASE, buildAgent=BuildAgentDTO[name=artemis-build-agent-test, memberAddress=[127.0.0.1]:5703, displayName=artemis-build-agent-test], participationId=1935, courseId=956, exerciseId=2573, retryCount=0, priority=2, status=FAILED, repositoryInfo=RepositoryInfo[repositoryName=short9afdae3804ca304ddf0889a0cb0f56104a86tstexc-exercise, repositoryType=exercise, triggeredByPushTo=exercise, assignmentRepositoryUri=http://localhost:49152/git/SHORT9AFDAE3804CA304DDF0889A0CB0F56104A86TSTEXC/short9afdae3804ca304ddf0889a0cb0f56104a86tstexc-exercise.git, testRepositoryUri=http://localhost:49152/git/SHORT9AFDAE3804CA304DDF0889A0CB0F56104A86TSTEXC/short9afdae3804ca304ddf0889a0cb0f56104a86tstexc-tests.git, solutionRepositoryUri=null, auxiliaryRepositoryUris=[Ljava.lang.String;@7edecc29, auxiliaryRepositoryCheckoutDirectories=[Ljava.lang.String;@1bc21ea], jobTimingInfo=JobTimingInfo[submissionDate=2025-02-14T23:45:11.674556681Z[Etc/UTC], buildStartDate=2025-02-14T23:45:11.677776879Z[Etc/UTC], buildCompletionDate=2025-02-14T23:45:11.688097378Z[Etc/UTC], estimatedCompletionDate=2025-02-14T23:45:30.677771620Z[Etc/UTC], estimatedDuration=19], buildConfig=BuildConfig[buildScript=#!/bin/bash
cd /var/tmp/testing-dir
chmod +x ./gradlew
./gradlew clean test
, dockerImage=dummy-docker-image:latest, commitHashToBuild=a1099e378cffde441ef85f9b12577ca174b8e1e4, assignmentCommitHash=a1099e378cffde441ef85f9b12577ca174b8e1e4, testCommitHash=bd38d61c299ab11a1dea82a3ca5493fe04d97d47, branch=main, programmingLanguage=JAVA, projectType=PLAIN_GRADLE, scaEnabled=false, sequentialTestRunsEnabled=false, resultPaths=[/var/tmp/testing-dir/**/test-results/test/*.xml], timeoutSeconds=0, assignmentCheckoutPath=null, testCheckoutPath=null, solutionCheckoutPath=null, dockerRunConfig=null], submissionResult=ResultDTO[id=624, completionDate=2025-02-14T23:45:11.688214837Z[Etc/UTC], successful=false, score=0.0, rated=true, submission=SubmissionDTO[id=816, submitted=true, type=MANUAL, exampleSubmission=null, submissionDate=2025-02-14T23:45:11.656934Z, commitHash=a1099e378cffde441ef85f9b12577ca174b8e1e4, buildFailed=true, buildArtifact=false, participation=ParticipationDTO[id=1935, testRun=false, type=template, submissionCount=null, exercise=ParticipationExerciseDTO[id=2573, exerciseType=PROGRAMMING, type=programming, assessmentType=AUTOMATIC, dueDate=2025-02-16T23:45:10.996982Z, assessmentDueDate=null, maxPoints=42.0, course=CourseDTO[id=956, accuracyOfScores=1]]], submissionExerciseType=programming, isProcessing=false, buildStartDate=null, estimatedCompletionDate=null], participation=ParticipationDTO[id=1935, testRun=false, type=template, submissionCount=null, exercise=ParticipationExerciseDTO[id=2573, exerciseType=PROGRAMMING, type=programming, assessmentType=AUTOMATIC, dueDate=2025-02-16T23:45:10.996982Z, assessmentDueDate=null, maxPoints=42.0, course=CourseDTO[id=956, accuracyOfScores=1]]], feedbacks=[], assessmentType=AUTOMATIC, hasComplaint=null, exampleResult=null, testCaseCount=0, passedTestCaseCount=0, codeIssueCount=0]]], publicSshKey=ssh-rsa AAAAB3NzaC1yc2EAAAADAQABAAACAQCOPdMsxRE2jFJ/UEa5/LsBxtwzJcrh3/rYBCQvcMeVpiRfhzQPWu7mrt/G2Ew+i+vRloGH9aqKg6dd1liRncao53Zmd/ePxoatXePNhmzTfkCkcSkTUz7B+QMjkoDDV5jwuFPD6mF3JkhuzSi64n9Zy905t4w2IhVcjM2mL3eYNjiCXt6Qpq3Pkt7dM/Ksw1nxnvuiIALuJLB3FTkXkHqq3PJav+9HSq2r6ZaWgekneaGxlQlb+U+Vy3XOuArKAzK8c8i+0bR+AHiTG6ncYXt7ax3U+TdlDTF7OLP3umwaYjs1NBXOHwG42pevvpKn2fqavZZozk+M05jXLx3bq0O7itxfErWc7etky8qYPyyIMF/txQIVLd78+Ze4d7Y60t5MGbXM5cGE6fFif5fEJwgswXD+BrG0cafz1CTatjSKFdvp8Vp4VszXhHDan1PrP6JEFJ5Cc5GDmLRZPCFa3vL9f5qXgf4bkqKN8MYeEujwJE5nMRWoiJVNakix2bcrrneQMBlnYeYZVWXXXUusAQBzl4NgddC1umZpihZkL1b1MffZAUW3EGEXi7KHnllQhkTLLsQ8ntMgbylqaJKStqaXlLvdeRJcEnUuiFCrHEVVbXRFZR7XVDZ02CE5o3MuaRPty8Kh+jRTF3COlAckHwYEJCNNJvXFgb2CNXL4mjzYDw== test@localhost]
    23:45:11.797 | 566 localvc.event-13 | DEBUG | a.p.s.l.SharedQueueManagementService : Build agent updated: null
    23:45:11.798 | 588 artemis-task-1   | DEBUG | d.t.c.a.a.c.c.w.GzipMessageConverter : Compressed message payload from 11832 to 3104 (saved 73.8% payload size)
    23:45:11.802 | 602 nio-49152-exec-1 | DEBUG | t.c.a.a.c.s.DomainUserDetailsService : Authenticating localvcintinstructor1
    23:45:11.812 | 588 artemis-task-1   | DEBUG | d.t.c.a.a.p.s.l.VcsAccessLogService  : Storing access operation for user User{login='localvcintinstructor1', firstName='localvcintinstructor1First', lastName='localvcintinstructor1Last', email='localvcintinstructor1@test.de', imageUrl='null', activated='true', langKey='en', activationKey='null'}
    23:45:11.812 | 602 nio-49152-exec-1 | DEBUG | .t.c.a.a.p.s.l.LocalVCServletService : Authorizing user localvcintinstructor1 for repository http://localhost:49152/git/SHORT9AFDAE3804CA304DDF0889A0CB0F56104A86TSTEXC/short9afdae3804ca304ddf0889a0cb0f56104a86tstexc-exercise.git took 24.95ms
    23:45:11.822 | 603 nio-49152-exec-2 | DEBUG | d.t.c.a.a.c.s.f.ApiVersionFilter     : Adding Version to Request POST /git/SHORT9AFDAE3804CA304DDF0889A0CB0F56104A86TSTEXC/short9afdae3804ca304ddf0889a0cb0f56104a86tstexc-exercise.git/git-receive-pack
    23:45:11.822 | 603 nio-49152-exec-2 | DEBUG | .t.c.a.a.p.s.l.LocalVCServletService : Path to resolve repository from: /tmp/SHORT9AFDAE3804CA304DDF0889A0CB0F56104A86TSTEXC/short9afdae3804ca304ddf0889a0cb0f56104a86tstexc-exercise.git
    23:45:11.822 | 603 nio-49152-exec-2 | DEBUG | .t.c.a.a.p.s.l.LocalVCServletService : Retrieving cached local repository SHORT9AFDAE3804CA304DDF0889A0CB0F56104A86TSTEXC/short9afdae3804ca304ddf0889a0cb0f56104a86tstexc-exercise.git
    23:45:11.822 | 603 nio-49152-exec-2 | DEBUG | .t.c.a.a.p.s.l.LocalVCServletService : Resolving repository for repository SHORT9AFDAE3804CA304DDF0889A0CB0F56104A86TSTEXC/short9afdae3804ca304ddf0889a0cb0f56104a86tstexc-exercise.git took 20µs
    23:45:11.822 | 603 nio-49152-exec-2 | DEBUG | d.t.c.a.a.p.s.l.LocalVCPushFilter    : Trying to push to repository /git/SHORT9AFDAE3804CA304DDF0889A0CB0F56104A86TSTEXC/short9afdae3804ca304ddf0889a0cb0f56104a86tstexc-exercise.git/git-receive-pack
    23:45:11.873 | 604 nio-49152-exec-3 | DEBUG | d.t.c.a.a.c.s.f.ApiVersionFilter     : Adding Version to Request GET /git/SHORT9AFDAE3804CA304DDF0889A0CB0F56104A86TSTEXC/short9afdae3804ca304ddf0889a0cb0f56104a86tstexc-solution.git/info/refs
    23:45:11.873 | 604 nio-49152-exec-3 | DEBUG | .t.c.a.a.p.s.l.LocalVCServletService : Path to resolve repository from: /tmp/SHORT9AFDAE3804CA304DDF0889A0CB0F56104A86TSTEXC/short9afdae3804ca304ddf0889a0cb0f56104a86tstexc-solution.git
    23:45:11.873 | 604 nio-49152-exec-3 | DEBUG | .t.c.a.a.p.s.l.LocalVCServletService : Opening local repository SHORT9AFDAE3804CA304DDF0889A0CB0F56104A86TSTEXC/short9afdae3804ca304ddf0889a0cb0f56104a86tstexc-solution.git
    23:45:11.875 | 604 nio-49152-exec-3 | DEBUG | .t.c.a.a.p.s.l.LocalVCServletService : Resolving repository for repository SHORT9AFDAE3804CA304DDF0889A0CB0F56104A86TSTEXC/short9afdae3804ca304ddf0889a0cb0f56104a86tstexc-solution.git took 1.65ms
    23:45:11.875 | 604 nio-49152-exec-3 | DEBUG | d.t.c.a.a.p.s.l.LocalVCFetchFilter   : Trying to fetch repository /git/SHORT9AFDAE3804CA304DDF0889A0CB0F56104A86TSTEXC/short9afdae3804ca304ddf0889a0cb0f56104a86tstexc-solution.git/info/refs
    23:45:11.886 | 604 nio-49152-exec-3 | DEBUG | t.c.a.a.c.s.DomainUserDetailsService : Authenticating localvcintinstructor1
    23:45:11.920 | 588 artemis-task-1   | DEBUG | d.t.c.a.a.p.s.l.VcsAccessLogService  : Storing access operation for user User{login='localvcintinstructor1', firstName='localvcintinstructor1First', lastName='localvcintinstructor1Last', email='localvcintinstructor1@test.de', imageUrl='null', activated='true', langKey='en', activationKey='null'}
    23:45:11.920 | 604 nio-49152-exec-3 | DEBUG | .t.c.a.a.p.s.l.LocalVCServletService : Authorizing user localvcintinstructor1 for repository http://localhost:49152/git/SHORT9AFDAE3804CA304DDF0889A0CB0F56104A86TSTEXC/short9afdae3804ca304ddf0889a0cb0f56104a86tstexc-solution.git took 44.90ms
    23:45:11.934 | 605 nio-49152-exec-4 | DEBUG | d.t.c.a.a.c.s.f.ApiVersionFilter     : Adding Version to Request POST /git/SHORT9AFDAE3804CA304DDF0889A0CB0F56104A86TSTEXC/short9afdae3804ca304ddf0889a0cb0f56104a86tstexc-solution.git/git-upload-pack
    23:45:11.934 | 605 nio-49152-exec-4 | DEBUG | .t.c.a.a.p.s.l.LocalVCServletService : Path to resolve repository from: /tmp/SHORT9AFDAE3804CA304DDF0889A0CB0F56104A86TSTEXC/short9afdae3804ca304ddf0889a0cb0f56104a86tstexc-solution.git
    23:45:11.934 | 605 nio-49152-exec-4 | DEBUG | .t.c.a.a.p.s.l.LocalVCServletService : Retrieving cached local repository SHORT9AFDAE3804CA304DDF0889A0CB0F56104A86TSTEXC/short9afdae3804ca304ddf0889a0cb0f56104a86tstexc-solution.git
    23:45:11.934 | 605 nio-49152-exec-4 | DEBUG | .t.c.a.a.p.s.l.LocalVCServletService : Resolving repository for repository SHORT9AFDAE3804CA304DDF0889A0CB0F56104A86TSTEXC/short9afdae3804ca304ddf0889a0cb0f56104a86tstexc-solution.git took 26µs
    23:45:11.934 | 605 nio-49152-exec-4 | DEBUG | d.t.c.a.a.p.s.l.LocalVCFetchFilter   : Trying to fetch repository /git/SHORT9AFDAE3804CA304DDF0889A0CB0F56104A86TSTEXC/short9afdae3804ca304ddf0889a0cb0f56104a86tstexc-solution.git/git-upload-pack
    23:45:11.993 | 607 nio-49152-exec-6 | DEBUG | d.t.c.a.a.c.s.f.ApiVersionFilter     : Adding Version to Request GET /git/SHORT9AFDAE3804CA304DDF0889A0CB0F56104A86TSTEXC/short9afdae3804ca304ddf0889a0cb0f56104a86tstexc-solution.git/info/refs
    23:45:11.993 | 607 nio-49152-exec-6 | DEBUG | .t.c.a.a.p.s.l.LocalVCServletService : Path to resolve repository from: /tmp/SHORT9AFDAE3804CA304DDF0889A0CB0F56104A86TSTEXC/short9afdae3804ca304ddf0889a0cb0f56104a86tstexc-solution.git
    23:45:11.994 | 607 nio-49152-exec-6 | DEBUG | .t.c.a.a.p.s.l.LocalVCServletService : Retrieving cached local repository SHORT9AFDAE3804CA304DDF0889A0CB0F56104A86TSTEXC/short9afdae3804ca304ddf0889a0cb0f56104a86tstexc-solution.git
    23:45:11.994 | 607 nio-49152-exec-6 | DEBUG | .t.c.a.a.p.s.l.LocalVCServletService : Resolving repository for repository SHORT9AFDAE3804CA304DDF0889A0CB0F56104A86TSTEXC/short9afdae3804ca304ddf0889a0cb0f56104a86tstexc-solution.git took 42µs
    23:45:11.994 | 607 nio-49152-exec-6 | DEBUG | d.t.c.a.a.p.s.l.LocalVCPushFilter    : Trying to push to repository /git/SHORT9AFDAE3804CA304DDF0889A0CB0F56104A86TSTEXC/short9afdae3804ca304ddf0889a0cb0f56104a86tstexc-solution.git/info/refs
    23:45:12.002 | 607 nio-49152-exec-6 | DEBUG | t.c.a.a.c.s.DomainUserDetailsService : Authenticating localvcintinstructor1
    23:45:12.029 | 607 nio-49152-exec-6 | DEBUG | .t.c.a.a.p.s.l.LocalVCServletService : Authorizing user localvcintinstructor1 for repository http://localhost:49152/git/SHORT9AFDAE3804CA304DDF0889A0CB0F56104A86TSTEXC/short9afdae3804ca304ddf0889a0cb0f56104a86tstexc-solution.git took 34.62ms
    23:45:12.029 | 588 artemis-task-1   | DEBUG | d.t.c.a.a.p.s.l.VcsAccessLogService  : Storing access operation for user User{login='localvcintinstructor1', firstName='localvcintinstructor1First', lastName='localvcintinstructor1Last', email='localvcintinstructor1@test.de', imageUrl='null', activated='true', langKey='en', activationKey='null'}
    23:45:12.041 | 606 nio-49152-exec-5 | DEBUG | d.t.c.a.a.c.s.f.ApiVersionFilter     : Adding Version to Request POST /git/SHORT9AFDAE3804CA304DDF0889A0CB0F56104A86TSTEXC/short9afdae3804ca304ddf0889a0cb0f56104a86tstexc-solution.git/git-receive-pack
    23:45:12.041 | 606 nio-49152-exec-5 | DEBUG | .t.c.a.a.p.s.l.LocalVCServletService : Path to resolve repository from: /tmp/SHORT9AFDAE3804CA304DDF0889A0CB0F56104A86TSTEXC/short9afdae3804ca304ddf0889a0cb0f56104a86tstexc-solution.git
    23:45:12.041 | 606 nio-49152-exec-5 | DEBUG | .t.c.a.a.p.s.l.LocalVCServletService : Retrieving cached local repository SHORT9AFDAE3804CA304DDF0889A0CB0F56104A86TSTEXC/short9afdae3804ca304ddf0889a0cb0f56104a86tstexc-solution.git
    23:45:12.041 | 606 nio-49152-exec-5 | DEBUG | .t.c.a.a.p.s.l.LocalVCServletService : Resolving repository for repository SHORT9AFDAE3804CA304DDF0889A0CB0F56104A86TSTEXC/short9afdae3804ca304ddf0889a0cb0f56104a86tstexc-solution.git took 33µs
    23:45:12.041 | 606 nio-49152-exec-5 | DEBUG | d.t.c.a.a.p.s.l.LocalVCPushFilter    : Trying to push to repository /git/SHORT9AFDAE3804CA304DDF0889A0CB0F56104A86TSTEXC/short9afdae3804ca304ddf0889a0cb0f56104a86tstexc-solution.git/git-receive-pack
    23:45:12.098 | 606 nio-49152-exec-5 | INFO  | a.a.p.s.ProgrammingSubmissionService : NotifyPush invoked due to the commit a1099e378cffde441ef85f9b12577ca174b8e1e4 by runner with runner@fv-az1721-502.3f4brhnmpvfezfvsf01bsr3jih.cx.internal.cloudapp.net in branch main
    23:45:12.100 | 606 nio-49152-exec-5 | INFO  | .t.c.a.a.p.s.l.LocalCITriggerService : Triggering build for participation 1934 and commit hash a1099e378cffde441ef85f9b12577ca174b8e1e4
    23:45:12.100 | 606 nio-49152-exec-5 | DEBUG | d.t.c.a.a.p.s.AbstractGitService     : getLastCommitHash http://localhost:49152/git/SHORT9AFDAE3804CA304DDF0889A0CB0F56104A86TSTEXC/short9afdae3804ca304ddf0889a0cb0f56104a86tstexc-solution.git
    23:45:12.101 | 606 nio-49152-exec-5 | ERROR | d.t.c.a.a.p.s.AbstractGitService     : Cannot use ssh properly because of mismatch of Jgit transport object: org.eclipse.jgit.transport.TransportLocal@304c01f0
    23:45:12.104 | 606 nio-49152-exec-5 | DEBUG | d.t.c.a.a.p.s.AbstractGitService     : getLastCommitHash http://localhost:49152/git/SHORT9AFDAE3804CA304DDF0889A0CB0F56104A86TSTEXC/short9afdae3804ca304ddf0889a0cb0f56104a86tstexc-tests.git
    23:45:12.104 | 606 nio-49152-exec-5 | ERROR | d.t.c.a.a.p.s.AbstractGitService     : Cannot use ssh properly because of mismatch of Jgit transport object: org.eclipse.jgit.transport.TransportLocal@7d5ea672
    23:45:12.115 | 606 nio-49152-exec-5 | INFO  | .t.c.a.a.p.s.l.LocalCITriggerService : Added build job 19341739576712112 for exercise TSTEXC and participation 1934 with priority 2 to the queue
    23:45:12.116 | 606 nio-49152-exec-5 | INFO  | a.a.p.s.ProgrammingSubmissionService : Create new programmingSubmission with commitHash: a1099e378cffde441ef85f9b12577ca174b8e1e4 for participation 1934
    23:45:12.117 | 566 localvc.event-13 | DEBUG | a.a.b.s.SharedQueueProcessingService : CIBuildJobQueueItem added to queue: BuildJobQueueItem[id=19341739576712112, name=SHORT9AFDAE3804CA304DDF0889A0CB0F56104A86TSTEXC-SOLUTION, buildAgent=BuildAgentDTO[name=null, memberAddress=null, displayName=null], participationId=1934, courseId=956, exerciseId=2573, retryCount=0, priority=2, status=null, repositoryInfo=RepositoryInfo[repositoryName=short9afdae3804ca304ddf0889a0cb0f56104a86tstexc-solution, repositoryType=solution, triggeredByPushTo=solution, assignmentRepositoryUri=http://localhost:49152/git/SHORT9AFDAE3804CA304DDF0889A0CB0F56104A86TSTEXC/short9afdae3804ca304ddf0889a0cb0f56104a86tstexc-solution.git, testRepositoryUri=http://localhost:49152/git/SHORT9AFDAE3804CA304DDF0889A0CB0F56104A86TSTEXC/short9afdae3804ca304ddf0889a0cb0f56104a86tstexc-tests.git, solutionRepositoryUri=null, auxiliaryRepositoryUris=[Ljava.lang.String;@5a3e273e, auxiliaryRepositoryCheckoutDirectories=[Ljava.lang.String;@528907d4], jobTimingInfo=JobTimingInfo[submissionDate=2025-02-14T23:45:12.112332872Z[Etc/UTC], buildStartDate=null, buildCompletionDate=null, estimatedCompletionDate=null, estimatedDuration=19], buildConfig=BuildConfig[buildScript=#!/bin/bash
cd /var/tmp/testing-dir
chmod +x ./gradlew
./gradlew clean test
, dockerImage=dummy-docker-image:latest, commitHashToBuild=a1099e378cffde441ef85f9b12577ca174b8e1e4, assignmentCommitHash=a1099e378cffde441ef85f9b12577ca174b8e1e4, testCommitHash=bd38d61c299ab11a1dea82a3ca5493fe04d97d47, branch=main, programmingLanguage=JAVA, projectType=PLAIN_GRADLE, scaEnabled=false, sequentialTestRunsEnabled=false, resultPaths=[/var/tmp/testing-dir/**/test-results/test/*.xml], timeoutSeconds=0, assignmentCheckoutPath=null, testCheckoutPath=null, solutionCheckoutPath=null, dockerRunConfig=null], submissionResult=null]
    23:45:12.121 | 566 localvc.event-13 | DEBUG | a.a.b.s.SharedQueueProcessingService : Current queued items: 1
    23:45:12.121 | 566 localvc.event-13 | DEBUG | a.a.b.s.SharedQueueProcessingService : Currently processing jobs on this node: 0, active threads in Pool: 0, maximum pool size of thread executor : 1
    23:45:12.121 | 566 localvc.event-13 | DEBUG | a.a.b.s.SharedQueueProcessingService : Currently processing jobs on this node: 0, active threads in Pool: 0, maximum pool size of thread executor : 1
    23:45:12.121 | 568 localvc.event-15 | DEBUG | a.p.s.l.LocalCIQueueWebsocketService : CIBuildJobQueueItem added to processing jobs: BuildJobQueueItem[id=19341739576712112, name=SHORT9AFDAE3804CA304DDF0889A0CB0F56104A86TSTEXC-SOLUTION, buildAgent=BuildAgentDTO[name=artemis-build-agent-test, memberAddress=[127.0.0.1]:5703, displayName=artemis-build-agent-test], participationId=1934, courseId=956, exerciseId=2573, retryCount=0, priority=2, status=null, repositoryInfo=RepositoryInfo[repositoryName=short9afdae3804ca304ddf0889a0cb0f56104a86tstexc-solution, repositoryType=solution, triggeredByPushTo=solution, assignmentRepositoryUri=http://localhost:49152/git/SHORT9AFDAE3804CA304DDF0889A0CB0F56104A86TSTEXC/short9afdae3804ca304ddf0889a0cb0f56104a86tstexc-solution.git, testRepositoryUri=http://localhost:49152/git/SHORT9AFDAE3804CA304DDF0889A0CB0F56104A86TSTEXC/short9afdae3804ca304ddf0889a0cb0f56104a86tstexc-tests.git, solutionRepositoryUri=null, auxiliaryRepositoryUris=[Ljava.lang.String;@325d76eb, auxiliaryRepositoryCheckoutDirectories=[Ljava.lang.String;@1192839], jobTimingInfo=JobTimingInfo[submissionDate=2025-02-14T23:45:12.112332872Z[Etc/UTC], buildStartDate=2025-02-14T23:45:12.121617114Z[Etc/UTC], buildCompletionDate=null, estimatedCompletionDate=2025-02-14T23:45:31.121609600Z[Etc/UTC], estimatedDuration=19], buildConfig=BuildConfig[buildScript=#!/bin/bash
cd /var/tmp/testing-dir
chmod +x ./gradlew
./gradlew clean test
, dockerImage=dummy-docker-image:latest, commitHashToBuild=a1099e378cffde441ef85f9b12577ca174b8e1e4, assignmentCommitHash=a1099e378cffde441ef85f9b12577ca174b8e1e4, testCommitHash=bd38d61c299ab11a1dea82a3ca5493fe04d97d47, branch=main, programmingLanguage=JAVA, projectType=PLAIN_GRADLE, scaEnabled=false, sequentialTestRunsEnabled=false, resultPaths=[/var/tmp/testing-dir/**/test-results/test/*.xml], timeoutSeconds=0, assignmentCheckoutPath=null, testCheckoutPath=null, solutionCheckoutPath=null, dockerRunConfig=null], submissionResult=null]
    23:45:12.122 | 568 localvc.event-15 | DEBUG | s.l.LocalCIWebsocketMessagingService : Sending message on topic /topic/admin/running-jobs: [BuildJobQueueItem[id=19341739576712112, name=SHORT9AFDAE3804CA304DDF0889A0CB0F56104A86TSTEXC-SOLUTION, buildAgent=BuildAgentDTO[name=artemis-build-agent-test, memberAddress=[127.0.0.1]:5703, displayName=artemis-build-agent-test], participationId=1934, courseId=956, exerciseId=2573, retryCount=0, priority=2, status=null, repositoryInfo=RepositoryInfo[repositoryName=short9afdae3804ca304ddf0889a0cb0f56104a86tstexc-solution, repositoryType=solution, triggeredByPushTo=solution, assignmentRepositoryUri=, testRepositoryUri=, solutionRepositoryUri=, auxiliaryRepositoryUris=null, auxiliaryRepositoryCheckoutDirectories=null], jobTimingInfo=JobTimingInfo[submissionDate=2025-02-14T23:45:12.112332872Z[Etc/UTC], buildStartDate=2025-02-14T23:45:12.121617114Z[Etc/UTC], buildCompletionDate=null, estimatedCompletionDate=2025-02-14T23:45:31.121609600Z[Etc/UTC], estimatedDuration=19], buildConfig=BuildConfig[buildScript=, dockerImage=, commitHashToBuild=a1099e378cffde441ef85f9b12577ca174b8e1e4, assignmentCommitHash=, testCommitHash=, branch=, programmingLanguage=null, projectType=null, scaEnabled=false, sequentialTestRunsEnabled=false, resultPaths=null, timeoutSeconds=0, assignmentCheckoutPath=, testCheckoutPath=, solutionCheckoutPath=, dockerRunConfig=null], submissionResult=null]]
    23:45:12.122 | 568 localvc.event-15 | DEBUG | s.l.LocalCIWebsocketMessagingService : Sending message on topic /topic/courses/956/running-jobs: [BuildJobQueueItem[id=19341739576712112, name=SHORT9AFDAE3804CA304DDF0889A0CB0F56104A86TSTEXC-SOLUTION, buildAgent=BuildAgentDTO[name=artemis-build-agent-test, memberAddress=[127.0.0.1]:5703, displayName=artemis-build-agent-test], participationId=1934, courseId=956, exerciseId=2573, retryCount=0, priority=2, status=null, repositoryInfo=RepositoryInfo[repositoryName=short9afdae3804ca304ddf0889a0cb0f56104a86tstexc-solution, repositoryType=solution, triggeredByPushTo=solution, assignmentRepositoryUri=, testRepositoryUri=, solutionRepositoryUri=, auxiliaryRepositoryUris=null, auxiliaryRepositoryCheckoutDirectories=null], jobTimingInfo=JobTimingInfo[submissionDate=2025-02-14T23:45:12.112332872Z[Etc/UTC], buildStartDate=2025-02-14T23:45:12.121617114Z[Etc/UTC], buildCompletionDate=null, estimatedCompletionDate=2025-02-14T23:45:31.121609600Z[Etc/UTC], estimatedDuration=19], buildConfig=BuildConfig[buildScript=, dockerImage=, commitHashToBuild=a1099e378cffde441ef85f9b12577ca174b8e1e4, assignmentCommitHash=, testCommitHash=, branch=, programmingLanguage=null, projectType=null, scaEnabled=false, sequentialTestRunsEnabled=false, resultPaths=null, timeoutSeconds=0, assignmentCheckoutPath=, testCheckoutPath=, solutionCheckoutPath=, dockerRunConfig=null], submissionResult=null]]
    23:45:12.123 | 588 artemis-task-1   | DEBUG | d.t.c.a.a.c.c.w.GzipMessageConverter : Compressed message payload from 974 to 704 (saved 27.7% payload size)
    23:45:12.123 | 588 artemis-task-1   | DEBUG | d.t.c.a.a.c.c.w.GzipMessageConverter : Compressed message payload from 974 to 704 (saved 27.7% payload size)
    23:45:12.125 | 566 localvc.event-13 | INFO  | a.a.b.s.SharedQueueProcessingService : Processing build job: BuildJobQueueItem[id=19341739576712112, name=SHORT9AFDAE3804CA304DDF0889A0CB0F56104A86TSTEXC-SOLUTION, buildAgent=BuildAgentDTO[name=artemis-build-agent-test, memberAddress=[127.0.0.1]:5703, displayName=artemis-build-agent-test], participationId=1934, courseId=956, exerciseId=2573, retryCount=0, priority=2, status=null, repositoryInfo=RepositoryInfo[repositoryName=short9afdae3804ca304ddf0889a0cb0f56104a86tstexc-solution, repositoryType=solution, triggeredByPushTo=solution, assignmentRepositoryUri=http://localhost:49152/git/SHORT9AFDAE3804CA304DDF0889A0CB0F56104A86TSTEXC/short9afdae3804ca304ddf0889a0cb0f56104a86tstexc-solution.git, testRepositoryUri=http://localhost:49152/git/SHORT9AFDAE3804CA304DDF0889A0CB0F56104A86TSTEXC/short9afdae3804ca304ddf0889a0cb0f56104a86tstexc-tests.git, solutionRepositoryUri=null, auxiliaryRepositoryUris=[Ljava.lang.String;@65dc9022, auxiliaryRepositoryCheckoutDirectories=[Ljava.lang.String;@6eafda15], jobTimingInfo=JobTimingInfo[submissionDate=2025-02-14T23:45:12.112332872Z[Etc/UTC], buildStartDate=2025-02-14T23:45:12.121617114Z[Etc/UTC], buildCompletionDate=null, estimatedCompletionDate=2025-02-14T23:45:31.121609600Z[Etc/UTC], estimatedDuration=19], buildConfig=BuildConfig[buildScript=#!/bin/bash
cd /var/tmp/testing-dir
chmod +x ./gradlew
./gradlew clean test
, dockerImage=dummy-docker-image:latest, commitHashToBuild=a1099e378cffde441ef85f9b12577ca174b8e1e4, assignmentCommitHash=a1099e378cffde441ef85f9b12577ca174b8e1e4, testCommitHash=bd38d61c299ab11a1dea82a3ca5493fe04d97d47, branch=main, programmingLanguage=JAVA, projectType=PLAIN_GRADLE, scaEnabled=false, sequentialTestRunsEnabled=false, resultPaths=[/var/tmp/testing-dir/**/test-results/test/*.xml], timeoutSeconds=0, assignmentCheckoutPath=null, testCheckoutPath=null, solutionCheckoutPath=null, dockerRunConfig=null], submissionResult=null]
    23:45:12.127 | 576 local-ci-build-0 | DEBUG | t.c.a.a.b.s.BuildJobExecutionService : ~~~~~~~~~~~~~~~~~~~~ Start Build Job 19341739576712112 ~~~~~~~~~~~~~~~~~~~~
    23:45:12.127 | 576 local-ci-build-0 | INFO  | .t.c.a.a.b.s.BuildAgentDockerService : ~~~~~~~~~~~~~~~~~~~~ Inspecting docker image dummy-docker-image:latest ~~~~~~~~~~~~~~~~~~~~
    23:45:12.127 | 576 local-ci-build-0 | ERROR | .t.c.a.a.b.s.BuildAgentDockerService : Docker image dummy-docker-image:latest is not compatible with the current architecture. Needed 'linux/amd64', but got 'null'
    23:45:12.127 | 566 localvc.event-13 | ERROR | .c.a.a.b.s.BuildJobManagementService : Error while executing build job 19341739576712112: de.tum.cit.aet.artemis.core.exception.LocalCIException: Could not pull Docker image dummy-docker-image:latest
java.util.concurrent.ExecutionException: de.tum.cit.aet.artemis.core.exception.LocalCIException: Could not pull Docker image dummy-docker-image:latest
	at java.base/java.util.concurrent.FutureTask.report(FutureTask.java:122)
	at java.base/java.util.concurrent.FutureTask.get(FutureTask.java:205)
	at de.tum.cit.aet.artemis.buildagent.service.BuildJobManagementService.lambda$executeBuildJob$2(BuildJobManagementService.java:165)
	at de.tum.cit.aet.artemis.buildagent.service.BuildJobManagementService.createCompletableFuture(BuildJobManagementService.java:236)
	at de.tum.cit.aet.artemis.buildagent.service.BuildJobManagementService.executeBuildJob(BuildJobManagementService.java:163)
	at de.tum.cit.aet.artemis.buildagent.service.SharedQueueProcessingService.processBuild(SharedQueueProcessingService.java:413)
	at de.tum.cit.aet.artemis.buildagent.service.SharedQueueProcessingService.checkAvailabilityAndProcessNextBuild(SharedQueueProcessingService.java:269)
	at de.tum.cit.aet.artemis.buildagent.service.SharedQueueProcessingService$QueuedBuildJobItemListener.itemAdded(SharedQueueProcessingService.java:594)
	at com.hazelcast.collection.impl.queue.QueueService.lambda$dispatchEvent$1(QueueService.java:277)
	at com.hazelcast.internal.namespace.impl.NoOpUserCodeNamespaceService.runWithNamespace(NoOpUserCodeNamespaceService.java:82)
	at com.hazelcast.internal.namespace.NamespaceUtil.runWithNamespace(NamespaceUtil.java:106)
	at com.hazelcast.collection.impl.queue.QueueService.dispatchEvent(QueueService.java:275)
	at com.hazelcast.collection.impl.queue.QueueService.dispatchEvent(QueueService.java:98)
	at com.hazelcast.spi.impl.eventservice.impl.LocalEventDispatcher.run(LocalEventDispatcher.java:64)
	at com.hazelcast.internal.util.executor.StripedExecutor$Worker.process(StripedExecutor.java:244)
	at com.hazelcast.internal.util.executor.StripedExecutor$Worker.run(StripedExecutor.java:227)
Caused by: de.tum.cit.aet.artemis.core.exception.LocalCIException: Could not pull Docker image dummy-docker-image:latest
	at de.tum.cit.aet.artemis.buildagent.service.BuildJobExecutionService.runBuildJob(BuildJobExecutionService.java:157)
	at java.base/jdk.internal.reflect.DirectMethodHandleAccessor.invoke(DirectMethodHandleAccessor.java:103)
	at java.base/java.lang.reflect.Method.invoke(Method.java:580)
	at org.springframework.aop.support.AopUtils.invokeJoinpointUsingReflection(AopUtils.java:359)
	at org.springframework.aop.framework.CglibAopProxy$DynamicAdvisedInterceptor.intercept(CglibAopProxy.java:723)
	at de.tum.cit.aet.artemis.buildagent.service.BuildJobExecutionService$$SpringCGLIB$$0.runBuildJob(<generated>)
	at de.tum.cit.aet.artemis.buildagent.service.BuildJobManagementService.lambda$executeBuildJob$1(BuildJobManagementService.java:129)
	at java.base/java.util.concurrent.FutureTask.run(FutureTask.java:317)
	at java.base/java.util.concurrent.ThreadPoolExecutor.runWorker(ThreadPoolExecutor.java:1144)
	at java.base/java.util.concurrent.ThreadPoolExecutor$Worker.run(ThreadPoolExecutor.java:642)
	at java.base/java.lang.Thread.run(Thread.java:1583)
Caused by: de.tum.cit.aet.artemis.core.exception.LocalCIException: Docker image dummy-docker-image:latest is not compatible with the current architecture. Needed 'linux/amd64', but got 'null'
	at de.tum.cit.aet.artemis.buildagent.service.BuildAgentDockerService.checkImageArchitecture(BuildAgentDockerService.java:291)
	at de.tum.cit.aet.artemis.buildagent.service.BuildAgentDockerService.pullDockerImage(BuildAgentDockerService.java:223)
	at de.tum.cit.aet.artemis.buildagent.service.BuildJobExecutionService.runBuildJob(BuildJobExecutionService.java:152)
	... 10 common frames omitted
    23:45:12.127 | 566 localvc.event-13 | INFO  | .c.a.a.b.s.BuildJobManagementService : Getting ID of running container local-ci-19341739576712112
    23:45:12.127 | 566 localvc.event-13 | INFO  | .c.a.a.b.s.BuildJobManagementService : Stopping unresponsive container with ID null
    23:45:12.127 | 566 localvc.event-13 | DEBUG | a.a.b.s.SharedQueueProcessingService : Build job completed with exception: BuildJobQueueItem[id=19341739576712112, name=SHORT9AFDAE3804CA304DDF0889A0CB0F56104A86TSTEXC-SOLUTION, buildAgent=BuildAgentDTO[name=artemis-build-agent-test, memberAddress=[127.0.0.1]:5703, displayName=artemis-build-agent-test], participationId=1934, courseId=956, exerciseId=2573, retryCount=0, priority=2, status=null, repositoryInfo=RepositoryInfo[repositoryName=short9afdae3804ca304ddf0889a0cb0f56104a86tstexc-solution, repositoryType=solution, triggeredByPushTo=solution, assignmentRepositoryUri=http://localhost:49152/git/SHORT9AFDAE3804CA304DDF0889A0CB0F56104A86TSTEXC/short9afdae3804ca304ddf0889a0cb0f56104a86tstexc-solution.git, testRepositoryUri=http://localhost:49152/git/SHORT9AFDAE3804CA304DDF0889A0CB0F56104A86TSTEXC/short9afdae3804ca304ddf0889a0cb0f56104a86tstexc-tests.git, solutionRepositoryUri=null, auxiliaryRepositoryUris=[Ljava.lang.String;@65dc9022, auxiliaryRepositoryCheckoutDirectories=[Ljava.lang.String;@6eafda15], jobTimingInfo=JobTimingInfo[submissionDate=2025-02-14T23:45:12.112332872Z[Etc/UTC], buildStartDate=2025-02-14T23:45:12.121617114Z[Etc/UTC], buildCompletionDate=null, estimatedCompletionDate=2025-02-14T23:45:31.121609600Z[Etc/UTC], estimatedDuration=19], buildConfig=BuildConfig[buildScript=#!/bin/bash
cd /var/tmp/testing-dir
chmod +x ./gradlew
./gradlew clean test
, dockerImage=dummy-docker-image:latest, commitHashToBuild=a1099e378cffde441ef85f9b12577ca174b8e1e4, assignmentCommitHash=a1099e378cffde441ef85f9b12577ca174b8e1e4, testCommitHash=bd38d61c299ab11a1dea82a3ca5493fe04d97d47, branch=main, programmingLanguage=JAVA, projectType=PLAIN_GRADLE, scaEnabled=false, sequentialTestRunsEnabled=false, resultPaths=[/var/tmp/testing-dir/**/test-results/test/*.xml], timeoutSeconds=0, assignmentCheckoutPath=null, testCheckoutPath=null, solutionCheckoutPath=null, dockerRunConfig=null], submissionResult=null]
java.util.concurrent.CompletionException: java.util.concurrent.ExecutionException: de.tum.cit.aet.artemis.core.exception.LocalCIException: Could not pull Docker image dummy-docker-image:latest
	at de.tum.cit.aet.artemis.buildagent.service.BuildJobManagementService.lambda$executeBuildJob$2(BuildJobManagementService.java:188)
	at de.tum.cit.aet.artemis.buildagent.service.BuildJobManagementService.createCompletableFuture(BuildJobManagementService.java:236)
	at de.tum.cit.aet.artemis.buildagent.service.BuildJobManagementService.executeBuildJob(BuildJobManagementService.java:163)
	at de.tum.cit.aet.artemis.buildagent.service.SharedQueueProcessingService.processBuild(SharedQueueProcessingService.java:413)
	at de.tum.cit.aet.artemis.buildagent.service.SharedQueueProcessingService.checkAvailabilityAndProcessNextBuild(SharedQueueProcessingService.java:269)
	at de.tum.cit.aet.artemis.buildagent.service.SharedQueueProcessingService$QueuedBuildJobItemListener.itemAdded(SharedQueueProcessingService.java:594)
	at com.hazelcast.collection.impl.queue.QueueService.lambda$dispatchEvent$1(QueueService.java:277)
	at com.hazelcast.internal.namespace.impl.NoOpUserCodeNamespaceService.runWithNamespace(NoOpUserCodeNamespaceService.java:82)
	at com.hazelcast.internal.namespace.NamespaceUtil.runWithNamespace(NamespaceUtil.java:106)
	at com.hazelcast.collection.impl.queue.QueueService.dispatchEvent(QueueService.java:275)
	at com.hazelcast.collection.impl.queue.QueueService.dispatchEvent(QueueService.java:98)
	at com.hazelcast.spi.impl.eventservice.impl.LocalEventDispatcher.run(LocalEventDispatcher.java:64)
	at com.hazelcast.internal.util.executor.StripedExecutor$Worker.process(StripedExecutor.java:244)
	at com.hazelcast.internal.util.executor.StripedExecutor$Worker.run(StripedExecutor.java:227)
Caused by: java.util.concurrent.ExecutionException: de.tum.cit.aet.artemis.core.exception.LocalCIException: Could not pull Docker image dummy-docker-image:latest
	at java.base/java.util.concurrent.FutureTask.report(FutureTask.java:122)
	at java.base/java.util.concurrent.FutureTask.get(FutureTask.java:205)
	at de.tum.cit.aet.artemis.buildagent.service.BuildJobManagementService.lambda$executeBuildJob$2(BuildJobManagementService.java:165)
	... 13 common frames omitted
Caused by: de.tum.cit.aet.artemis.core.exception.LocalCIException: Could not pull Docker image dummy-docker-image:latest
	at de.tum.cit.aet.artemis.buildagent.service.BuildJobExecutionService.runBuildJob(BuildJobExecutionService.java:157)
	at java.base/jdk.internal.reflect.DirectMethodHandleAccessor.invoke(DirectMethodHandleAccessor.java:103)
	at java.base/java.lang.reflect.Method.invoke(Method.java:580)
	at org.springframework.aop.support.AopUtils.invokeJoinpointUsingReflection(AopUtils.java:359)
	at org.springframework.aop.framework.CglibAopProxy$DynamicAdvisedInterceptor.intercept(CglibAopProxy.java:723)
	at de.tum.cit.aet.artemis.buildagent.service.BuildJobExecutionService$$SpringCGLIB$$0.runBuildJob(<generated>)
	at de.tum.cit.aet.artemis.buildagent.service.BuildJobManagementService.lambda$executeBuildJob$1(BuildJobManagementService.java:129)
	at java.base/java.util.concurrent.FutureTask.run(FutureTask.java:317)
	at java.base/java.util.concurrent.ThreadPoolExecutor.runWorker(ThreadPoolExecutor.java:1144)
	at java.base/java.util.concurrent.ThreadPoolExecutor$Worker.run(ThreadPoolExecutor.java:642)
	at java.base/java.lang.Thread.run(Thread.java:1583)
Caused by: de.tum.cit.aet.artemis.core.exception.LocalCIException: Docker image dummy-docker-image:latest is not compatible with the current architecture. Needed 'linux/amd64', but got 'null'
	at de.tum.cit.aet.artemis.buildagent.service.BuildAgentDockerService.checkImageArchitecture(BuildAgentDockerService.java:291)
	at de.tum.cit.aet.artemis.buildagent.service.BuildAgentDockerService.pullDockerImage(BuildAgentDockerService.java:223)
	at de.tum.cit.aet.artemis.buildagent.service.BuildJobExecutionService.runBuildJob(BuildJobExecutionService.java:152)
	... 10 common frames omitted
    23:45:12.127 | 566 localvc.event-13 | ERROR | a.a.b.s.SharedQueueProcessingService : Error while processing build job: BuildJobQueueItem[id=19341739576712112, name=SHORT9AFDAE3804CA304DDF0889A0CB0F56104A86TSTEXC-SOLUTION, buildAgent=BuildAgentDTO[name=artemis-build-agent-test, memberAddress=[127.0.0.1]:5703, displayName=artemis-build-agent-test], participationId=1934, courseId=956, exerciseId=2573, retryCount=0, priority=2, status=null, repositoryInfo=RepositoryInfo[repositoryName=short9afdae3804ca304ddf0889a0cb0f56104a86tstexc-solution, repositoryType=solution, triggeredByPushTo=solution, assignmentRepositoryUri=http://localhost:49152/git/SHORT9AFDAE3804CA304DDF0889A0CB0F56104A86TSTEXC/short9afdae3804ca304ddf0889a0cb0f56104a86tstexc-solution.git, testRepositoryUri=http://localhost:49152/git/SHORT9AFDAE3804CA304DDF0889A0CB0F56104A86TSTEXC/short9afdae3804ca304ddf0889a0cb0f56104a86tstexc-tests.git, solutionRepositoryUri=null, auxiliaryRepositoryUris=[Ljava.lang.String;@65dc9022, auxiliaryRepositoryCheckoutDirectories=[Ljava.lang.String;@6eafda15], jobTimingInfo=JobTimingInfo[submissionDate=2025-02-14T23:45:12.112332872Z[Etc/UTC], buildStartDate=2025-02-14T23:45:12.121617114Z[Etc/UTC], buildCompletionDate=null, estimatedCompletionDate=2025-02-14T23:45:31.121609600Z[Etc/UTC], estimatedDuration=19], buildConfig=BuildConfig[buildScript=#!/bin/bash
cd /var/tmp/testing-dir
chmod +x ./gradlew
./gradlew clean test
, dockerImage=dummy-docker-image:latest, commitHashToBuild=a1099e378cffde441ef85f9b12577ca174b8e1e4, assignmentCommitHash=a1099e378cffde441ef85f9b12577ca174b8e1e4, testCommitHash=bd38d61c299ab11a1dea82a3ca5493fe04d97d47, branch=main, programmingLanguage=JAVA, projectType=PLAIN_GRADLE, scaEnabled=false, sequentialTestRunsEnabled=false, resultPaths=[/var/tmp/testing-dir/**/test-results/test/*.xml], timeoutSeconds=0, assignmentCheckoutPath=null, testCheckoutPath=null, solutionCheckoutPath=null, dockerRunConfig=null], submissionResult=null]
java.util.concurrent.CompletionException: java.util.concurrent.ExecutionException: de.tum.cit.aet.artemis.core.exception.LocalCIException: Could not pull Docker image dummy-docker-image:latest
	at de.tum.cit.aet.artemis.buildagent.service.BuildJobManagementService.lambda$executeBuildJob$2(BuildJobManagementService.java:188)
	at de.tum.cit.aet.artemis.buildagent.service.BuildJobManagementService.createCompletableFuture(BuildJobManagementService.java:236)
	at de.tum.cit.aet.artemis.buildagent.service.BuildJobManagementService.executeBuildJob(BuildJobManagementService.java:163)
	at de.tum.cit.aet.artemis.buildagent.service.SharedQueueProcessingService.processBuild(SharedQueueProcessingService.java:413)
	at de.tum.cit.aet.artemis.buildagent.service.SharedQueueProcessingService.checkAvailabilityAndProcessNextBuild(SharedQueueProcessingService.java:269)
	at de.tum.cit.aet.artemis.buildagent.service.SharedQueueProcessingService$QueuedBuildJobItemListener.itemAdded(SharedQueueProcessingService.java:594)
	at com.hazelcast.collection.impl.queue.QueueService.lambda$dispatchEvent$1(QueueService.java:277)
	at com.hazelcast.internal.namespace.impl.NoOpUserCodeNamespaceService.runWithNamespace(NoOpUserCodeNamespaceService.java:82)
	at com.hazelcast.internal.namespace.NamespaceUtil.runWithNamespace(NamespaceUtil.java:106)
	at com.hazelcast.collection.impl.queue.QueueService.dispatchEvent(QueueService.java:275)
	at com.hazelcast.collection.impl.queue.QueueService.dispatchEvent(QueueService.java:98)
	at com.hazelcast.spi.impl.eventservice.impl.LocalEventDispatcher.run(LocalEventDispatcher.java:64)
	at com.hazelcast.internal.util.executor.StripedExecutor$Worker.process(StripedExecutor.java:244)
	at com.hazelcast.internal.util.executor.StripedExecutor$Worker.run(StripedExecutor.java:227)
Caused by: java.util.concurrent.ExecutionException: de.tum.cit.aet.artemis.core.exception.LocalCIException: Could not pull Docker image dummy-docker-image:latest
	at java.base/java.util.concurrent.FutureTask.report(FutureTask.java:122)
	at java.base/java.util.concurrent.FutureTask.get(FutureTask.java:205)
	at de.tum.cit.aet.artemis.buildagent.service.BuildJobManagementService.lambda$executeBuildJob$2(BuildJobManagementService.java:165)
	... 13 common frames omitted
Caused by: de.tum.cit.aet.artemis.core.exception.LocalCIException: Could not pull Docker image dummy-docker-image:latest
	at de.tum.cit.aet.artemis.buildagent.service.BuildJobExecutionService.runBuildJob(BuildJobExecutionService.java:157)
	at java.base/jdk.internal.reflect.DirectMethodHandleAccessor.invoke(DirectMethodHandleAccessor.java:103)
	at java.base/java.lang.reflect.Method.invoke(Method.java:580)
	at org.springframework.aop.support.AopUtils.invokeJoinpointUsingReflection(AopUtils.java:359)
	at org.springframework.aop.framework.CglibAopProxy$DynamicAdvisedInterceptor.intercept(CglibAopProxy.java:723)
	at de.tum.cit.aet.artemis.buildagent.service.BuildJobExecutionService$$SpringCGLIB$$0.runBuildJob(<generated>)
	at de.tum.cit.aet.artemis.buildagent.service.BuildJobManagementService.lambda$executeBuildJob$1(BuildJobManagementService.java:129)
	at java.base/java.util.concurrent.FutureTask.run(FutureTask.java:317)
	at java.base/java.util.concurrent.ThreadPoolExecutor.runWorker(ThreadPoolExecutor.java:1144)
	at java.base/java.util.concurrent.ThreadPoolExecutor$Worker.run(ThreadPoolExecutor.java:642)
	at java.base/java.lang.Thread.run(Thread.java:1583)
Caused by: de.tum.cit.aet.artemis.core.exception.LocalCIException: Docker image dummy-docker-image:latest is not compatible with the current architecture. Needed 'linux/amd64', but got 'null'
	at de.tum.cit.aet.artemis.buildagent.service.BuildAgentDockerService.checkImageArchitecture(BuildAgentDockerService.java:291)
	at de.tum.cit.aet.artemis.buildagent.service.BuildAgentDockerService.pullDockerImage(BuildAgentDockerService.java:223)
	at de.tum.cit.aet.artemis.buildagent.service.BuildJobExecutionService.runBuildJob(BuildJobExecutionService.java:152)
	... 10 common frames omitted
    23:45:12.132 | 568 localvc.event-15 | DEBUG | a.p.s.l.LocalCIQueueWebsocketService : CIBuildJobQueueItem removed from processing jobs: BuildJobQueueItem[id=19341739576712112, name=SHORT9AFDAE3804CA304DDF0889A0CB0F56104A86TSTEXC-SOLUTION, buildAgent=BuildAgentDTO[name=artemis-build-agent-test, memberAddress=[127.0.0.1]:5703, displayName=artemis-build-agent-test], participationId=1934, courseId=956, exerciseId=2573, retryCount=0, priority=2, status=null, repositoryInfo=RepositoryInfo[repositoryName=short9afdae3804ca304ddf0889a0cb0f56104a86tstexc-solution, repositoryType=solution, triggeredByPushTo=solution, assignmentRepositoryUri=http://localhost:49152/git/SHORT9AFDAE3804CA304DDF0889A0CB0F56104A86TSTEXC/short9afdae3804ca304ddf0889a0cb0f56104a86tstexc-solution.git, testRepositoryUri=http://localhost:49152/git/SHORT9AFDAE3804CA304DDF0889A0CB0F56104A86TSTEXC/short9afdae3804ca304ddf0889a0cb0f56104a86tstexc-tests.git, solutionRepositoryUri=null, auxiliaryRepositoryUris=[Ljava.lang.String;@770cf0ad, auxiliaryRepositoryCheckoutDirectories=[Ljava.lang.String;@19176ed0], jobTimingInfo=JobTimingInfo[submissionDate=2025-02-14T23:45:12.112332872Z[Etc/UTC], buildStartDate=2025-02-14T23:45:12.121617114Z[Etc/UTC], buildCompletionDate=null, estimatedCompletionDate=2025-02-14T23:45:31.121609600Z[Etc/UTC], estimatedDuration=19], buildConfig=BuildConfig[buildScript=#!/bin/bash
cd /var/tmp/testing-dir
chmod +x ./gradlew
./gradlew clean test
, dockerImage=dummy-docker-image:latest, commitHashToBuild=a1099e378cffde441ef85f9b12577ca174b8e1e4, assignmentCommitHash=a1099e378cffde441ef85f9b12577ca174b8e1e4, testCommitHash=bd38d61c299ab11a1dea82a3ca5493fe04d97d47, branch=main, programmingLanguage=JAVA, projectType=PLAIN_GRADLE, scaEnabled=false, sequentialTestRunsEnabled=false, resultPaths=[/var/tmp/testing-dir/**/test-results/test/*.xml], timeoutSeconds=0, assignmentCheckoutPath=null, testCheckoutPath=null, solutionCheckoutPath=null, dockerRunConfig=null], submissionResult=null]
    23:45:12.132 | 568 localvc.event-15 | DEBUG | s.l.LocalCIWebsocketMessagingService : Sending message on topic /topic/admin/running-jobs: []
    23:45:12.132 | 568 localvc.event-15 | DEBUG | s.l.LocalCIWebsocketMessagingService : Sending message on topic /topic/courses/956/running-jobs: []
    23:45:12.133 | 566 localvc.event-13 | DEBUG | a.a.b.s.SharedQueueProcessingService : Currently processing jobs on this node: 0, active threads in Pool: 0, maximum pool size of thread executor : 1
    23:45:12.134 | 566 localvc.event-13 | DEBUG | s.l.LocalCIWebsocketMessagingService : Sending message on topic /topic/admin/queued-jobs: []
    23:45:12.134 | 566 localvc.event-13 | DEBUG | s.l.LocalCIWebsocketMessagingService : Sending message on topic /topic/courses/956/queued-jobs: []
    23:45:12.134 | 566 localvc.event-13 | DEBUG | a.a.b.s.SharedQueueProcessingService : CIBuildJobQueueItem removed from queue: BuildJobQueueItem[id=19341739576712112, name=SHORT9AFDAE3804CA304DDF0889A0CB0F56104A86TSTEXC-SOLUTION, buildAgent=BuildAgentDTO[name=null, memberAddress=null, displayName=null], participationId=1934, courseId=956, exerciseId=2573, retryCount=0, priority=2, status=null, repositoryInfo=RepositoryInfo[repositoryName=short9afdae3804ca304ddf0889a0cb0f56104a86tstexc-solution, repositoryType=solution, triggeredByPushTo=solution, assignmentRepositoryUri=http://localhost:49152/git/SHORT9AFDAE3804CA304DDF0889A0CB0F56104A86TSTEXC/short9afdae3804ca304ddf0889a0cb0f56104a86tstexc-solution.git, testRepositoryUri=http://localhost:49152/git/SHORT9AFDAE3804CA304DDF0889A0CB0F56104A86TSTEXC/short9afdae3804ca304ddf0889a0cb0f56104a86tstexc-tests.git, solutionRepositoryUri=null, auxiliaryRepositoryUris=[Ljava.lang.String;@56fbddeb, auxiliaryRepositoryCheckoutDirectories=[Ljava.lang.String;@7d3c0bfe], jobTimingInfo=JobTimingInfo[submissionDate=2025-02-14T23:45:12.112332872Z[Etc/UTC], buildStartDate=null, buildCompletionDate=null, estimatedCompletionDate=null, estimatedDuration=19], buildConfig=BuildConfig[buildScript=#!/bin/bash
cd /var/tmp/testing-dir
chmod +x ./gradlew
./gradlew clean test
, dockerImage=dummy-docker-image:latest, commitHashToBuild=a1099e378cffde441ef85f9b12577ca174b8e1e4, assignmentCommitHash=a1099e378cffde441ef85f9b12577ca174b8e1e4, testCommitHash=bd38d61c299ab11a1dea82a3ca5493fe04d97d47, branch=main, programmingLanguage=JAVA, projectType=PLAIN_GRADLE, scaEnabled=false, sequentialTestRunsEnabled=false, resultPaths=[/var/tmp/testing-dir/**/test-results/test/*.xml], timeoutSeconds=0, assignmentCheckoutPath=null, testCheckoutPath=null, solutionCheckoutPath=null, dockerRunConfig=null], submissionResult=null]
    23:45:12.134 | 566 localvc.event-13 | DEBUG | s.l.LocalCIWebsocketMessagingService : Sending message on topic /topic/admin/queued-jobs: []
    23:45:12.134 | 566 localvc.event-13 | DEBUG | s.l.LocalCIWebsocketMessagingService : Sending message on topic /topic/courses/956/queued-jobs: []
    23:45:12.134 | 566 localvc.event-13 | DEBUG | a.p.s.l.LocalCIQueueWebsocketService : Build agent updated: BuildAgentInformation[buildAgent=BuildAgentDTO[name=artemis-build-agent-test, memberAddress=[127.0.0.1]:5703, displayName=artemis-build-agent-test], maxNumberOfConcurrentBuildJobs=1, numberOfCurrentBuildJobs=1, runningBuildJobs=[BuildJobQueueItem[id=19341739576712112, name=SHORT9AFDAE3804CA304DDF0889A0CB0F56104A86TSTEXC-SOLUTION, buildAgent=BuildAgentDTO[name=artemis-build-agent-test, memberAddress=[127.0.0.1]:5703, displayName=artemis-build-agent-test], participationId=1934, courseId=956, exerciseId=2573, retryCount=0, priority=2, status=null, repositoryInfo=RepositoryInfo[repositoryName=short9afdae3804ca304ddf0889a0cb0f56104a86tstexc-solution, repositoryType=solution, triggeredByPushTo=solution, assignmentRepositoryUri=http://localhost:49152/git/SHORT9AFDAE3804CA304DDF0889A0CB0F56104A86TSTEXC/short9afdae3804ca304ddf0889a0cb0f56104a86tstexc-solution.git, testRepositoryUri=http://localhost:49152/git/SHORT9AFDAE3804CA304DDF0889A0CB0F56104A86TSTEXC/short9afdae3804ca304ddf0889a0cb0f56104a86tstexc-tests.git, solutionRepositoryUri=null, auxiliaryRepositoryUris=[Ljava.lang.String;@2511202, auxiliaryRepositoryCheckoutDirectories=[Ljava.lang.String;@1faf8a4d], jobTimingInfo=JobTimingInfo[submissionDate=2025-02-14T23:45:12.112332872Z[Etc/UTC], buildStartDate=2025-02-14T23:45:12.121617114Z[Etc/UTC], buildCompletionDate=null, estimatedCompletionDate=2025-02-14T23:45:31.121609600Z[Etc/UTC], estimatedDuration=19], buildConfig=BuildConfig[buildScript=#!/bin/bash
cd /var/tmp/testing-dir
chmod +x ./gradlew
./gradlew clean test
, dockerImage=dummy-docker-image:latest, commitHashToBuild=a1099e378cffde441ef85f9b12577ca174b8e1e4, assignmentCommitHash=a1099e378cffde441ef85f9b12577ca174b8e1e4, testCommitHash=bd38d61c299ab11a1dea82a3ca5493fe04d97d47, branch=main, programmingLanguage=JAVA, projectType=PLAIN_GRADLE, scaEnabled=false, sequentialTestRunsEnabled=false, resultPaths=[/var/tmp/testing-dir/**/test-results/test/*.xml], timeoutSeconds=0, assignmentCheckoutPath=null, testCheckoutPath=null, solutionCheckoutPath=null, dockerRunConfig=null], submissionResult=null]], status=ACTIVE, recentBuildJobs=[BuildJobQueueItem[id=19141739576708030, name=SHORT5F02A8F400311042E70858306EB148073CFDTSTEXC-LOCALVCINTSTUDENT1, buildAgent=BuildAgentDTO[name=artemis-build-agent-test, memberAddress=[127.0.0.1]:5703, displayName=artemis-build-agent-test], participationId=1914, courseId=947, exerciseId=2564, retryCount=0, priority=2, status=FAILED, repositoryInfo=RepositoryInfo[repositoryName=short5f02a8f400311042e70858306eb148073cfdtstexc-localvcintstudent1, repositoryType=user, triggeredByPushTo=user, assignmentRepositoryUri=http://localhost:49152/git/SHORT5F02A8F400311042E70858306EB148073CFDTSTEXC/short5f02a8f400311042e70858306eb148073cfdtstexc-localvcintstudent1.git, testRepositoryUri=http://localhost:49152/git/SHORT5F02A8F400311042E70858306EB148073CFDTSTEXC/short5f02a8f400311042e70858306eb148073cfdtstexc-tests.git, solutionRepositoryUri=null, auxiliaryRepositoryUris=[Ljava.lang.String;@6a85cba4, auxiliaryRepositoryCheckoutDirectories=[Ljava.lang.String;@cbf207b], jobTimingInfo=JobTimingInfo[submissionDate=2025-02-14T23:45:08.030118216Z[Etc/UTC], buildStartDate=2025-02-14T23:45:08.041011412Z[Etc/UTC], buildCompletionDate=2025-02-14T23:45:08.054603331Z[Etc/UTC], estimatedCompletionDate=2025-02-14T23:45:27.041005080Z[Etc/UTC], estimatedDuration=19], buildConfig=BuildConfig[buildScript=#!/bin/bash
cd /var/tmp/testing-dir
chmod +x ./gradlew
./gradlew clean test
, dockerImage=dummy-docker-image:latest, commitHashToBuild=6e7146cac5059504aa9d170ec3fa23aec740bb51, assignmentCommitHash=6e7146cac5059504aa9d170ec3fa23aec740bb51, testCommitHash=931e5303581c7a2f01339ba603cfafbfe668b901, branch=main, programmingLanguage=JAVA, projectType=PLAIN_GRADLE, scaEnabled=false, sequentialTestRunsEnabled=false, resultPaths=[/var/tmp/testing-dir/**/test-results/test/*.xml], timeoutSeconds=0, assignmentCheckoutPath=null, testCheckoutPath=null, solutionCheckoutPath=null, dockerRunConfig=null], submissionResult=ResultDTO[id=622, completionDate=2025-02-14T23:45:08.054683681Z[Etc/UTC], successful=false, score=0.0, rated=true, submission=SubmissionDTO[id=814, submitted=true, type=MANUAL, exampleSubmission=null, submissionDate=2025-02-14T23:45:08.016200Z, commitHash=6e7146cac5059504aa9d170ec3fa23aec740bb51, buildFailed=true, buildArtifact=false, participation=ParticipationDTO[id=1914, testRun=false, type=programming, submissionCount=null, exercise=ParticipationExerciseDTO[id=2564, exerciseType=PROGRAMMING, type=programming, assessmentType=AUTOMATIC, dueDate=2025-02-16T23:45:07.324348Z, assessmentDueDate=null, maxPoints=42.0, course=CourseDTO[id=947, accuracyOfScores=1]]], submissionExerciseType=programming, isProcessing=false, buildStartDate=null, estimatedCompletionDate=null], participation=ParticipationDTO[id=1914, testRun=false, type=programming, submissionCount=null, exercise=ParticipationExerciseDTO[id=2564, exerciseType=PROGRAMMING, type=programming, assessmentType=AUTOMATIC, dueDate=2025-02-16T23:45:07.324348Z, assessmentDueDate=null, maxPoints=42.0, course=CourseDTO[id=947, accuracyOfScores=1]]], feedbacks=[], assessmentType=AUTOMATIC, hasComplaint=null, exampleResult=null, testCaseCount=0, passedTestCaseCount=0, codeIssueCount=0]], BuildJobQueueItem[id=19361739576711303, name=SHORT9AFDAE3804CA304DDF0889A0CB0F56104A86TSTEXC-LOCALVCINTSTUDENT1, buildAgent=BuildAgentDTO[name=artemis-build-agent-test, memberAddress=[127.0.0.1]:5703, displayName=artemis-build-agent-test], participationId=1936, courseId=956, exerciseId=2573, retryCount=0, priority=2, status=FAILED, repositoryInfo=RepositoryInfo[repositoryName=short9afdae3804ca304ddf0889a0cb0f56104a86tstexc-localvcintstudent1, repositoryType=user, triggeredByPushTo=user, assignmentRepositoryUri=http://localhost:49152/git/SHORT9AFDAE3804CA304DDF0889A0CB0F56104A86TSTEXC/short9afdae3804ca304ddf0889a0cb0f56104a86tstexc-localvcintstudent1.git, testRepositoryUri=http://localhost:49152/git/SHORT9AFDAE3804CA304DDF0889A0CB0F56104A86TSTEXC/short9afdae3804ca304ddf0889a0cb0f56104a86tstexc-tests.git, solutionRepositoryUri=null, auxiliaryRepositoryUris=[Ljava.lang.String;@6f4f2ec, auxiliaryRepositoryCheckoutDirectories=[Ljava.lang.String;@65eaed9d], jobTimingInfo=JobTimingInfo[submissionDate=2025-02-14T23:45:11.303805653Z[Etc/UTC], buildStartDate=2025-02-14T23:45:11.310981356Z[Etc/UTC], buildCompletionDate=2025-02-14T23:45:11.319178384Z[Etc/UTC], estimatedCompletionDate=2025-02-14T23:45:30.310974944Z[Etc/UTC], estimatedDuration=19], buildConfig=BuildConfig[buildScript=#!/bin/bash
cd /var/tmp/testing-dir
chmod +x ./gradlew
./gradlew clean test
, dockerImage=dummy-docker-image:latest, commitHashToBuild=a1099e378cffde441ef85f9b12577ca174b8e1e4, assignmentCommitHash=a1099e378cffde441ef85f9b12577ca174b8e1e4, testCommitHash=bd38d61c299ab11a1dea82a3ca5493fe04d97d47, branch=main, programmingLanguage=JAVA, projectType=PLAIN_GRADLE, scaEnabled=false, sequentialTestRunsEnabled=false, resultPaths=[/var/tmp/testing-dir/**/test-results/test/*.xml], timeoutSeconds=0, assignmentCheckoutPath=null, testCheckoutPath=null, solutionCheckoutPath=null, dockerRunConfig=null], submissionResult=ResultDTO[id=623, completionDate=2025-02-14T23:45:11.319278430Z[Etc/UTC], successful=false, score=0.0, rated=true, submission=SubmissionDTO[id=815, submitted=true, type=MANUAL, exampleSubmission=null, submissionDate=2025-02-14T23:45:11.294386Z, commitHash=a1099e378cffde441ef85f9b12577ca174b8e1e4, buildFailed=true, buildArtifact=false, participation=ParticipationDTO[id=1936, testRun=false, type=programming, submissionCount=null, exercise=ParticipationExerciseDTO[id=2573, exerciseType=PROGRAMMING, type=programming, assessmentType=AUTOMATIC, dueDate=2025-02-16T23:45:10.996982Z, assessmentDueDate=null, maxPoints=42.0, course=CourseDTO[id=956, accuracyOfScores=1]]], submissionExerciseType=programming, isProcessing=false, buildStartDate=null, estimatedCompletionDate=null], participation=ParticipationDTO[id=1936, testRun=false, type=programming, submissionCount=null, exercise=ParticipationExerciseDTO[id=2573, exerciseType=PROGRAMMING, type=programming, assessmentType=AUTOMATIC, dueDate=2025-02-16T23:45:10.996982Z, assessmentDueDate=null, maxPoints=42.0, course=CourseDTO[id=956, accuracyOfScores=1]]], feedbacks=[], assessmentType=AUTOMATIC, hasComplaint=null, exampleResult=null, testCaseCount=0, passedTestCaseCount=0, codeIssueCount=0]], BuildJobQueueItem[id=19351739576711674, name=SHORT9AFDAE3804CA304DDF0889A0CB0F56104A86TSTEXC-BASE, buildAgent=BuildAgentDTO[name=artemis-build-agent-test, memberAddress=[127.0.0.1]:5703, displayName=artemis-build-agent-test], participationId=1935, courseId=956, exerciseId=2573, retryCount=0, priority=2, status=FAILED, repositoryInfo=RepositoryInfo[repositoryName=short9afdae3804ca304ddf0889a0cb0f56104a86tstexc-exercise, repositoryType=exercise, triggeredByPushTo=exercise, assignmentRepositoryUri=http://localhost:49152/git/SHORT9AFDAE3804CA304DDF0889A0CB0F56104A86TSTEXC/short9afdae3804ca304ddf0889a0cb0f56104a86tstexc-exercise.git, testRepositoryUri=http://localhost:49152/git/SHORT9AFDAE3804CA304DDF0889A0CB0F56104A86TSTEXC/short9afdae3804ca304ddf0889a0cb0f56104a86tstexc-tests.git, solutionRepositoryUri=null, auxiliaryRepositoryUris=[Ljava.lang.String;@21f6c26f, auxiliaryRepositoryCheckoutDirectories=[Ljava.lang.String;@543f82d2], jobTimingInfo=JobTimingInfo[submissionDate=2025-02-14T23:45:11.674556681Z[Etc/UTC], buildStartDate=2025-02-14T23:45:11.677776879Z[Etc/UTC], buildCompletionDate=2025-02-14T23:45:11.688097378Z[Etc/UTC], estimatedCompletionDate=2025-02-14T23:45:30.677771620Z[Etc/UTC], estimatedDuration=19], buildConfig=BuildConfig[buildScript=#!/bin/bash
cd /var/tmp/testing-dir
chmod +x ./gradlew
./gradlew clean test
, dockerImage=dummy-docker-image:latest, commitHashToBuild=a1099e378cffde441ef85f9b12577ca174b8e1e4, assignmentCommitHash=a1099e378cffde441ef85f9b12577ca174b8e1e4, testCommitHash=bd38d61c299ab11a1dea82a3ca5493fe04d97d47, branch=main, programmingLanguage=JAVA, projectType=PLAIN_GRADLE, scaEnabled=false, sequentialTestRunsEnabled=false, resultPaths=[/var/tmp/testing-dir/**/test-results/test/*.xml], timeoutSeconds=0, assignmentCheckoutPath=null, testCheckoutPath=null, solutionCheckoutPath=null, dockerRunConfig=null], submissionResult=ResultDTO[id=624, completionDate=2025-02-14T23:45:11.688214837Z[Etc/UTC], successful=false, score=0.0, rated=true, submission=SubmissionDTO[id=816, submitted=true, type=MANUAL, exampleSubmission=null, submissionDate=2025-02-14T23:45:11.656934Z, commitHash=a1099e378cffde441ef85f9b12577ca174b8e1e4, buildFailed=true, buildArtifact=false, participation=ParticipationDTO[id=1935, testRun=false, type=template, submissionCount=null, exercise=ParticipationExerciseDTO[id=2573, exerciseType=PROGRAMMING, type=programming, assessmentType=AUTOMATIC, dueDate=2025-02-16T23:45:10.996982Z, assessmentDueDate=null, maxPoints=42.0, course=CourseDTO[id=956, accuracyOfScores=1]]], submissionExerciseType=programming, isProcessing=false, buildStartDate=null, estimatedCompletionDate=null], participation=ParticipationDTO[id=1935, testRun=false, type=template, submissionCount=null, exercise=ParticipationExerciseDTO[id=2573, exerciseType=PROGRAMMING, type=programming, assessmentType=AUTOMATIC, dueDate=2025-02-16T23:45:10.996982Z, assessmentDueDate=null, maxPoints=42.0, course=CourseDTO[id=956, accuracyOfScores=1]]], feedbacks=[], assessmentType=AUTOMATIC, hasComplaint=null, exampleResult=null, testCaseCount=0, passedTestCaseCount=0, codeIssueCount=0]]], publicSshKey=ssh-rsa AAAAB3NzaC1yc2EAAAADAQABAAACAQCOPdMsxRE2jFJ/UEa5/LsBxtwzJcrh3/rYBCQvcMeVpiRfhzQPWu7mrt/G2Ew+i+vRloGH9aqKg6dd1liRncao53Zmd/ePxoatXePNhmzTfkCkcSkTUz7B+QMjkoDDV5jwuFPD6mF3JkhuzSi64n9Zy905t4w2IhVcjM2mL3eYNjiCXt6Qpq3Pkt7dM/Ksw1nxnvuiIALuJLB3FTkXkHqq3PJav+9HSq2r6ZaWgekneaGxlQlb+U+Vy3XOuArKAzK8c8i+0bR+AHiTG6ncYXt7ax3U+TdlDTF7OLP3umwaYjs1NBXOHwG42pevvpKn2fqavZZozk+M05jXLx3bq0O7itxfErWc7etky8qYPyyIMF/txQIVLd78+Ze4d7Y60t5MGbXM5cGE6fFif5fEJwgswXD+BrG0cafz1CTatjSKFdvp8Vp4VszXhHDan1PrP6JEFJ5Cc5GDmLRZPCFa3vL9f5qXgf4bkqKN8MYeEujwJE5nMRWoiJVNakix2bcrrneQMBlnYeYZVWXXXUusAQBzl4NgddC1umZpihZkL1b1MffZAUW3EGEXi7KHnllQhkTLLsQ8ntMgbylqaJKStqaXlLvdeRJcEnUuiFCrHEVVbXRFZR7XVDZ02CE5o3MuaRPty8Kh+jRTF3COlAckHwYEJCNNJvXFgb2CNXL4mjzYDw== test@localhost]
    23:45:12.135 | 566 localvc.event-13 | DEBUG | s.l.LocalCIWebsocketMessagingService : Sending message on topic /topic/admin/build-agents: [BuildAgentInformation[buildAgent=BuildAgentDTO[name=artemis-build-agent-test, memberAddress=[127.0.0.1]:5703, displayName=artemis-build-agent-test], maxNumberOfConcurrentBuildJobs=1, numberOfCurrentBuildJobs=0, runningBuildJobs=[], status=IDLE, recentBuildJobs=null, publicSshKey=null]]
    23:45:12.136 | 566 localvc.event-13 | DEBUG | s.l.LocalCIWebsocketMessagingService : Sending message on topic /topic/admin/build-agent/artemis-build-agent-test: BuildAgentInformation[buildAgent=BuildAgentDTO[name=artemis-build-agent-test, memberAddress=[127.0.0.1]:5703, displayName=artemis-build-agent-test], maxNumberOfConcurrentBuildJobs=1, numberOfCurrentBuildJobs=0, runningBuildJobs=[], status=IDLE, recentBuildJobs=[BuildJobQueueItem[id=19141739576708030, name=SHORT5F02A8F400311042E70858306EB148073CFDTSTEXC-LOCALVCINTSTUDENT1, buildAgent=BuildAgentDTO[name=artemis-build-agent-test, memberAddress=[127.0.0.1]:5703, displayName=artemis-build-agent-test], participationId=1914, courseId=947, exerciseId=2564, retryCount=0, priority=2, status=FAILED, repositoryInfo=RepositoryInfo[repositoryName=short5f02a8f400311042e70858306eb148073cfdtstexc-localvcintstudent1, repositoryType=user, triggeredByPushTo=user, assignmentRepositoryUri=http://localhost:49152/git/SHORT5F02A8F400311042E70858306EB148073CFDTSTEXC/short5f02a8f400311042e70858306eb148073cfdtstexc-localvcintstudent1.git, testRepositoryUri=http://localhost:49152/git/SHORT5F02A8F400311042E70858306EB148073CFDTSTEXC/short5f02a8f400311042e70858306eb148073cfdtstexc-tests.git, solutionRepositoryUri=null, auxiliaryRepositoryUris=[Ljava.lang.String;@50bbb320, auxiliaryRepositoryCheckoutDirectories=[Ljava.lang.String;@783a92f7], jobTimingInfo=JobTimingInfo[submissionDate=2025-02-14T23:45:08.030118216Z[Etc/UTC], buildStartDate=2025-02-14T23:45:08.041011412Z[Etc/UTC], buildCompletionDate=2025-02-14T23:45:08.054603331Z[Etc/UTC], estimatedCompletionDate=2025-02-14T23:45:27.041005080Z[Etc/UTC], estimatedDuration=19], buildConfig=BuildConfig[buildScript=#!/bin/bash
cd /var/tmp/testing-dir
chmod +x ./gradlew
./gradlew clean test
, dockerImage=dummy-docker-image:latest, commitHashToBuild=6e7146cac5059504aa9d170ec3fa23aec740bb51, assignmentCommitHash=6e7146cac5059504aa9d170ec3fa23aec740bb51, testCommitHash=931e5303581c7a2f01339ba603cfafbfe668b901, branch=main, programmingLanguage=JAVA, projectType=PLAIN_GRADLE, scaEnabled=false, sequentialTestRunsEnabled=false, resultPaths=[/var/tmp/testing-dir/**/test-results/test/*.xml], timeoutSeconds=0, assignmentCheckoutPath=null, testCheckoutPath=null, solutionCheckoutPath=null, dockerRunConfig=null], submissionResult=ResultDTO[id=622, completionDate=2025-02-14T23:45:08.054683681Z[Etc/UTC], successful=false, score=0.0, rated=true, submission=SubmissionDTO[id=814, submitted=true, type=MANUAL, exampleSubmission=null, submissionDate=2025-02-14T23:45:08.016200Z, commitHash=6e7146cac5059504aa9d170ec3fa23aec740bb51, buildFailed=true, buildArtifact=false, participation=ParticipationDTO[id=1914, testRun=false, type=programming, submissionCount=null, exercise=ParticipationExerciseDTO[id=2564, exerciseType=PROGRAMMING, type=programming, assessmentType=AUTOMATIC, dueDate=2025-02-16T23:45:07.324348Z, assessmentDueDate=null, maxPoints=42.0, course=CourseDTO[id=947, accuracyOfScores=1]]], submissionExerciseType=programming, isProcessing=false, buildStartDate=null, estimatedCompletionDate=null], participation=ParticipationDTO[id=1914, testRun=false, type=programming, submissionCount=null, exercise=ParticipationExerciseDTO[id=2564, exerciseType=PROGRAMMING, type=programming, assessmentType=AUTOMATIC, dueDate=2025-02-16T23:45:07.324348Z, assessmentDueDate=null, maxPoints=42.0, course=CourseDTO[id=947, accuracyOfScores=1]]], feedbacks=[], assessmentType=AUTOMATIC, hasComplaint=null, exampleResult=null, testCaseCount=0, passedTestCaseCount=0, codeIssueCount=0]], BuildJobQueueItem[id=19361739576711303, name=SHORT9AFDAE3804CA304DDF0889A0CB0F56104A86TSTEXC-LOCALVCINTSTUDENT1, buildAgent=BuildAgentDTO[name=artemis-build-agent-test, memberAddress=[127.0.0.1]:5703, displayName=artemis-build-agent-test], participationId=1936, courseId=956, exerciseId=2573, retryCount=0, priority=2, status=FAILED, repositoryInfo=RepositoryInfo[repositoryName=short9afdae3804ca304ddf0889a0cb0f56104a86tstexc-localvcintstudent1, repositoryType=user, triggeredByPushTo=user, assignmentRepositoryUri=http://localhost:49152/git/SHORT9AFDAE3804CA304DDF0889A0CB0F56104A86TSTEXC/short9afdae3804ca304ddf0889a0cb0f56104a86tstexc-localvcintstudent1.git, testRepositoryUri=http://localhost:49152/git/SHORT9AFDAE3804CA304DDF0889A0CB0F56104A86TSTEXC/short9afdae3804ca304ddf0889a0cb0f56104a86tstexc-tests.git, solutionRepositoryUri=null, auxiliaryRepositoryUris=[Ljava.lang.String;@661088fa, auxiliaryRepositoryCheckoutDirectories=[Ljava.lang.String;@6ef1e9b0], jobTimingInfo=JobTimingInfo[submissionDate=2025-02-14T23:45:11.303805653Z[Etc/UTC], buildStartDate=2025-02-14T23:45:11.310981356Z[Etc/UTC], buildCompletionDate=2025-02-14T23:45:11.319178384Z[Etc/UTC], estimatedCompletionDate=2025-02-14T23:45:30.310974944Z[Etc/UTC], estimatedDuration=19], buildConfig=BuildConfig[buildScript=#!/bin/bash
cd /var/tmp/testing-dir
chmod +x ./gradlew
./gradlew clean test
, dockerImage=dummy-docker-image:latest, commitHashToBuild=a1099e378cffde441ef85f9b12577ca174b8e1e4, assignmentCommitHash=a1099e378cffde441ef85f9b12577ca174b8e1e4, testCommitHash=bd38d61c299ab11a1dea82a3ca5493fe04d97d47, branch=main, programmingLanguage=JAVA, projectType=PLAIN_GRADLE, scaEnabled=false, sequentialTestRunsEnabled=false, resultPaths=[/var/tmp/testing-dir/**/test-results/test/*.xml], timeoutSeconds=0, assignmentCheckoutPath=null, testCheckoutPath=null, solutionCheckoutPath=null, dockerRunConfig=null], submissionResult=ResultDTO[id=623, completionDate=2025-02-14T23:45:11.319278430Z[Etc/UTC], successful=false, score=0.0, rated=true, submission=SubmissionDTO[id=815, submitted=true, type=MANUAL, exampleSubmission=null, submissionDate=2025-02-14T23:45:11.294386Z, commitHash=a1099e378cffde441ef85f9b12577ca174b8e1e4, buildFailed=true, buildArtifact=false, participation=ParticipationDTO[id=1936, testRun=false, type=programming, submissionCount=null, exercise=ParticipationExerciseDTO[id=2573, exerciseType=PROGRAMMING, type=programming, assessmentType=AUTOMATIC, dueDate=2025-02-16T23:45:10.996982Z, assessmentDueDate=null, maxPoints=42.0, course=CourseDTO[id=956, accuracyOfScores=1]]], submissionExerciseType=programming, isProcessing=false, buildStartDate=null, estimatedCompletionDate=null], participation=ParticipationDTO[id=1936, testRun=false, type=programming, submissionCount=null, exercise=ParticipationExerciseDTO[id=2573, exerciseType=PROGRAMMING, type=programming, assessmentType=AUTOMATIC, dueDate=2025-02-16T23:45:10.996982Z, assessmentDueDate=null, maxPoints=42.0, course=CourseDTO[id=956, accuracyOfScores=1]]], feedbacks=[], assessmentType=AUTOMATIC, hasComplaint=null, exampleResult=null, testCaseCount=0, passedTestCaseCount=0, codeIssueCount=0]], BuildJobQueueItem[id=19351739576711674, name=SHORT9AFDAE3804CA304DDF0889A0CB0F56104A86TSTEXC-BASE, buildAgent=BuildAgentDTO[name=artemis-build-agent-test, memberAddress=[127.0.0.1]:5703, displayName=artemis-build-agent-test], participationId=1935, courseId=956, exerciseId=2573, retryCount=0, priority=2, status=FAILED, repositoryInfo=RepositoryInfo[repositoryName=short9afdae3804ca304ddf0889a0cb0f56104a86tstexc-exercise, repositoryType=exercise, triggeredByPushTo=exercise, assignmentRepositoryUri=http://localhost:49152/git/SHORT9AFDAE3804CA304DDF0889A0CB0F56104A86TSTEXC/short9afdae3804ca304ddf0889a0cb0f56104a86tstexc-exercise.git, testRepositoryUri=http://localhost:49152/git/SHORT9AFDAE3804CA304DDF0889A0CB0F56104A86TSTEXC/short9afdae3804ca304ddf0889a0cb0f56104a86tstexc-tests.git, solutionRepositoryUri=null, auxiliaryRepositoryUris=[Ljava.lang.String;@63de75fd, auxiliaryRepositoryCheckoutDirectories=[Ljava.lang.String;@4fdffe5b], jobTimingInfo=JobTimingInfo[submissionDate=2025-02-14T23:45:11.674556681Z[Etc/UTC], buildStartDate=2025-02-14T23:45:11.677776879Z[Etc/UTC], buildCompletionDate=2025-02-14T23:45:11.688097378Z[Etc/UTC], estimatedCompletionDate=2025-02-14T23:45:30.677771620Z[Etc/UTC], estimatedDuration=19], buildConfig=BuildConfig[buildScript=#!/bin/bash
cd /var/tmp/testing-dir
chmod +x ./gradlew
./gradlew clean test
, dockerImage=dummy-docker-image:latest, commitHashToBuild=a1099e378cffde441ef85f9b12577ca174b8e1e4, assignmentCommitHash=a1099e378cffde441ef85f9b12577ca174b8e1e4, testCommitHash=bd38d61c299ab11a1dea82a3ca5493fe04d97d47, branch=main, programmingLanguage=JAVA, projectType=PLAIN_GRADLE, scaEnabled=false, sequentialTestRunsEnabled=false, resultPaths=[/var/tmp/testing-dir/**/test-results/test/*.xml], timeoutSeconds=0, assignmentCheckoutPath=null, testCheckoutPath=null, solutionCheckoutPath=null, dockerRunConfig=null], submissionResult=ResultDTO[id=624, completionDate=2025-02-14T23:45:11.688214837Z[Etc/UTC], successful=false, score=0.0, rated=true, submission=SubmissionDTO[id=816, submitted=true, type=MANUAL, exampleSubmission=null, submissionDate=2025-02-14T23:45:11.656934Z, commitHash=a1099e378cffde441ef85f9b12577ca174b8e1e4, buildFailed=true, buildArtifact=false, participation=ParticipationDTO[id=1935, testRun=false, type=template, submissionCount=null, exercise=ParticipationExerciseDTO[id=2573, exerciseType=PROGRAMMING, type=programming, assessmentType=AUTOMATIC, dueDate=2025-02-16T23:45:10.996982Z, assessmentDueDate=null, maxPoints=42.0, course=CourseDTO[id=956, accuracyOfScores=1]]], submissionExerciseType=programming, isProcessing=false, buildStartDate=null, estimatedCompletionDate=null], participation=ParticipationDTO[id=1935, testRun=false, type=template, submissionCount=null, exercise=ParticipationExerciseDTO[id=2573, exerciseType=PROGRAMMING, type=programming, assessmentType=AUTOMATIC, dueDate=2025-02-16T23:45:10.996982Z, assessmentDueDate=null, maxPoints=42.0, course=CourseDTO[id=956, accuracyOfScores=1]]], feedbacks=[], assessmentType=AUTOMATIC, hasComplaint=null, exampleResult=null, testCaseCount=0, passedTestCaseCount=0, codeIssueCount=0]], BuildJobQueueItem[id=19341739576712112, name=SHORT9AFDAE3804CA304DDF0889A0CB0F56104A86TSTEXC-SOLUTION, buildAgent=BuildAgentDTO[name=artemis-build-agent-test, memberAddress=[127.0.0.1]:5703, displayName=artemis-build-agent-test], participationId=1934, courseId=956, exerciseId=2573, retryCount=0, priority=2, status=FAILED, repositoryInfo=RepositoryInfo[repositoryName=short9afdae3804ca304ddf0889a0cb0f56104a86tstexc-solution, repositoryType=solution, triggeredByPushTo=solution, assignmentRepositoryUri=http://localhost:49152/git/SHORT9AFDAE3804CA304DDF0889A0CB0F56104A86TSTEXC/short9afdae3804ca304ddf0889a0cb0f56104a86tstexc-solution.git, testRepositoryUri=http://localhost:49152/git/SHORT9AFDAE3804CA304DDF0889A0CB0F56104A86TSTEXC/short9afdae3804ca304ddf0889a0cb0f56104a86tstexc-tests.git, solutionRepositoryUri=null, auxiliaryRepositoryUris=[Ljava.lang.String;@2d6ae802, auxiliaryRepositoryCheckoutDirectories=[Ljava.lang.String;@4c373876], jobTimingInfo=JobTimingInfo[submissionDate=2025-02-14T23:45:12.112332872Z[Etc/UTC], buildStartDate=2025-02-14T23:45:12.121617114Z[Etc/UTC], buildCompletionDate=2025-02-14T23:45:12.127931701Z[Etc/UTC], estimatedCompletionDate=2025-02-14T23:45:31.121609600Z[Etc/UTC], estimatedDuration=19], buildConfig=BuildConfig[buildScript=#!/bin/bash
cd /var/tmp/testing-dir
chmod +x ./gradlew
./gradlew clean test
, dockerImage=dummy-docker-image:latest, commitHashToBuild=a1099e378cffde441ef85f9b12577ca174b8e1e4, assignmentCommitHash=a1099e378cffde441ef85f9b12577ca174b8e1e4, testCommitHash=bd38d61c299ab11a1dea82a3ca5493fe04d97d47, branch=main, programmingLanguage=JAVA, projectType=PLAIN_GRADLE, scaEnabled=false, sequentialTestRunsEnabled=false, resultPaths=[/var/tmp/testing-dir/**/test-results/test/*.xml], timeoutSeconds=0, assignmentCheckoutPath=null, testCheckoutPath=null, solutionCheckoutPath=null, dockerRunConfig=null], submissionResult=null]], publicSshKey=ssh-rsa AAAAB3NzaC1yc2EAAAADAQABAAACAQCOPdMsxRE2jFJ/UEa5/LsBxtwzJcrh3/rYBCQvcMeVpiRfhzQPWu7mrt/G2Ew+i+vRloGH9aqKg6dd1liRncao53Zmd/ePxoatXePNhmzTfkCkcSkTUz7B+QMjkoDDV5jwuFPD6mF3JkhuzSi64n9Zy905t4w2IhVcjM2mL3eYNjiCXt6Qpq3Pkt7dM/Ksw1nxnvuiIALuJLB3FTkXkHqq3PJav+9HSq2r6ZaWgekneaGxlQlb+U+Vy3XOuArKAzK8c8i+0bR+AHiTG6ncYXt7ax3U+TdlDTF7OLP3umwaYjs1NBXOHwG42pevvpKn2fqavZZozk+M05jXLx3bq0O7itxfErWc7etky8qYPyyIMF/txQIVLd78+Ze4d7Y60t5MGbXM5cGE6fFif5fEJwgswXD+BrG0cafz1CTatjSKFdvp8Vp4VszXhHDan1PrP6JEFJ5Cc5GDmLRZPCFa3vL9f5qXgf4bkqKN8MYeEujwJE5nMRWoiJVNakix2bcrrneQMBlnYeYZVWXXXUusAQBzl4NgddC1umZpihZkL1b1MffZAUW3EGEXi7KHnllQhkTLLsQ8ntMgbylqaJKStqaXlLvdeRJcEnUuiFCrHEVVbXRFZR7XVDZ02CE5o3MuaRPty8Kh+jRTF3COlAckHwYEJCNNJvXFgb2CNXL4mjzYDw== test@localhost]
    23:45:12.136 | 566 localvc.event-13 | DEBUG | a.p.s.l.SharedQueueManagementService : Build agent updated: null
    23:45:12.137 | 588 artemis-task-1   | DEBUG | d.t.c.a.a.c.c.w.GzipMessageConverter : Compressed message payload from 255 to 232 (saved 9.0% payload size)
    23:45:12.138 | 588 artemis-task-1   | DEBUG | d.t.c.a.a.c.c.w.GzipMessageConverter : Compressed message payload from 13769 to 3236 (saved 76.5% payload size)
    23:45:12.141 | 566 localvc.event-13 | DEBUG | p.s.l.LocalCIResultProcessingService : Result of build job with id 19341739576712112 added to queue
    23:45:12.141 | 566 localvc.event-13 | INFO  | p.s.l.LocalCIResultProcessingService : Processing build job result with id 19341739576712112
    23:45:12.142 | 566 localvc.event-13 | DEBUG | p.s.l.LocalCIResultProcessingService : Build jobs waiting in queue: 0
    23:45:12.142 | 566 localvc.event-13 | DEBUG | p.s.l.LocalCIResultProcessingService : Queued build jobs: []
    23:45:12.145 | 566 localvc.event-13 | DEBUG | .s.ProgrammingExerciseGradingService : Received new build result (NEW) for participation 1934
    23:45:12.149 | 606 nio-49152-exec-5 | DEBUG | d.t.c.a.a.p.service.GitService       : Cloning from file:///tmp/SHORT9AFDAE3804CA304DDF0889A0CB0F56104A86TSTEXC/short9afdae3804ca304ddf0889a0cb0f56104a86tstexc-exercise.git/ to repos/server-integration-test/SHORT9AFDAE3804CA304DDF0889A0CB0F56104A86TSTEXC/short9afdae3804ca304ddf0889a0cb0f56104a86tstexc-exercise
    23:45:12.161 | 606 nio-49152-exec-5 | ERROR | d.t.c.a.a.p.s.AbstractGitService     : Cannot use ssh properly because of mismatch of Jgit transport object: org.eclipse.jgit.transport.TransportLocal@41a66bc
    23:45:12.263 | 606 nio-49152-exec-5 | DEBUG | d.t.c.a.a.p.service.GitService       : Fetch repos/server-integration-test/SHORT9AFDAE3804CA304DDF0889A0CB0F56104A86TSTEXC/short9afdae3804ca304ddf0889a0cb0f56104a86tstexc-exercise
    23:45:12.266 | 606 nio-49152-exec-5 | ERROR | d.t.c.a.a.p.s.AbstractGitService     : Cannot use ssh properly because of mismatch of Jgit transport object: org.eclipse.jgit.transport.TransportLocal@7ab67aba
    23:45:12.281 | 606 nio-49152-exec-5 | ERROR | d.t.c.a.a.p.s.AbstractGitService     : Cannot use ssh properly because of mismatch of Jgit transport object: org.eclipse.jgit.transport.TransportLocal@a10ed23
    23:45:12.296 | 566 localvc.event-13 | ERROR | p.s.l.LocalCIResultProcessingService : Error while processing build job: BuildJobQueueItem[id=19341739576712112, name=SHORT9AFDAE3804CA304DDF0889A0CB0F56104A86TSTEXC-SOLUTION, buildAgent=BuildAgentDTO[name=artemis-build-agent-test, memberAddress=[127.0.0.1]:5703, displayName=artemis-build-agent-test], participationId=1934, courseId=956, exerciseId=2573, retryCount=0, priority=2, status=FAILED, repositoryInfo=RepositoryInfo[repositoryName=short9afdae3804ca304ddf0889a0cb0f56104a86tstexc-solution, repositoryType=solution, triggeredByPushTo=solution, assignmentRepositoryUri=http://localhost:49152/git/SHORT9AFDAE3804CA304DDF0889A0CB0F56104A86TSTEXC/short9afdae3804ca304ddf0889a0cb0f56104a86tstexc-solution.git, testRepositoryUri=http://localhost:49152/git/SHORT9AFDAE3804CA304DDF0889A0CB0F56104A86TSTEXC/short9afdae3804ca304ddf0889a0cb0f56104a86tstexc-tests.git, solutionRepositoryUri=null, auxiliaryRepositoryUris=[Ljava.lang.String;@4f1bc0df, auxiliaryRepositoryCheckoutDirectories=[Ljava.lang.String;@1d10c9ec], jobTimingInfo=JobTimingInfo[submissionDate=2025-02-14T23:45:12.112332872Z[Etc/UTC], buildStartDate=2025-02-14T23:45:12.121617114Z[Etc/UTC], buildCompletionDate=2025-02-14T23:45:12.127931701Z[Etc/UTC], estimatedCompletionDate=2025-02-14T23:45:31.121609600Z[Etc/UTC], estimatedDuration=19], buildConfig=BuildConfig[buildScript=#!/bin/bash
cd /var/tmp/testing-dir
chmod +x ./gradlew
./gradlew clean test
, dockerImage=dummy-docker-image:latest, commitHashToBuild=a1099e378cffde441ef85f9b12577ca174b8e1e4, assignmentCommitHash=a1099e378cffde441ef85f9b12577ca174b8e1e4, testCommitHash=bd38d61c299ab11a1dea82a3ca5493fe04d97d47, branch=main, programmingLanguage=JAVA, projectType=PLAIN_GRADLE, scaEnabled=false, sequentialTestRunsEnabled=false, resultPaths=[/var/tmp/testing-dir/**/test-results/test/*.xml], timeoutSeconds=0, assignmentCheckoutPath=null, testCheckoutPath=null, solutionCheckoutPath=null, dockerRunConfig=null], submissionResult=null]
java.util.concurrent.CompletionException: java.util.concurrent.ExecutionException: de.tum.cit.aet.artemis.core.exception.LocalCIException: Could not pull Docker image dummy-docker-image:latest
	at de.tum.cit.aet.artemis.buildagent.service.BuildJobManagementService.lambda$executeBuildJob$2(BuildJobManagementService.java:188)
	at de.tum.cit.aet.artemis.buildagent.service.BuildJobManagementService.createCompletableFuture(BuildJobManagementService.java:236)
	at de.tum.cit.aet.artemis.buildagent.service.BuildJobManagementService.executeBuildJob(BuildJobManagementService.java:163)
	at de.tum.cit.aet.artemis.buildagent.service.SharedQueueProcessingService.processBuild(SharedQueueProcessingService.java:413)
	at de.tum.cit.aet.artemis.buildagent.service.SharedQueueProcessingService.checkAvailabilityAndProcessNextBuild(SharedQueueProcessingService.java:269)
	at de.tum.cit.aet.artemis.buildagent.service.SharedQueueProcessingService$QueuedBuildJobItemListener.itemAdded(SharedQueueProcessingService.java:594)
	at com.hazelcast.collection.impl.queue.QueueService.lambda$dispatchEvent$1(QueueService.java:277)
	at com.hazelcast.internal.namespace.impl.NoOpUserCodeNamespaceService.runWithNamespace(NoOpUserCodeNamespaceService.java:82)
	at com.hazelcast.internal.namespace.NamespaceUtil.runWithNamespace(NamespaceUtil.java:106)
	at com.hazelcast.collection.impl.queue.QueueService.dispatchEvent(QueueService.java:275)
	at com.hazelcast.collection.impl.queue.QueueService.dispatchEvent(QueueService.java:98)
	at com.hazelcast.spi.impl.eventservice.impl.LocalEventDispatcher.run(LocalEventDispatcher.java:64)
	at com.hazelcast.internal.util.executor.StripedExecutor$Worker.process(StripedExecutor.java:244)
	at com.hazelcast.internal.util.executor.StripedExecutor$Worker.run(StripedExecutor.java:227)
Caused by: java.util.concurrent.ExecutionException: de.tum.cit.aet.artemis.core.exception.LocalCIException: Could not pull Docker image dummy-docker-image:latest
	at java.base/java.util.concurrent.FutureTask.report(FutureTask.java:122)
	at java.base/java.util.concurrent.FutureTask.get(FutureTask.java:205)
	at de.tum.cit.aet.artemis.buildagent.service.BuildJobManagementService.lambda$executeBuildJob$2(BuildJobManagementService.java:165)
	... 13 common frames omitted
Caused by: de.tum.cit.aet.artemis.core.exception.LocalCIException: Could not pull Docker image dummy-docker-image:latest
	at de.tum.cit.aet.artemis.buildagent.service.BuildJobExecutionService.runBuildJob(BuildJobExecutionService.java:157)
	at java.base/jdk.internal.reflect.DirectMethodHandleAccessor.invoke(DirectMethodHandleAccessor.java:103)
	at java.base/java.lang.reflect.Method.invoke(Method.java:580)
	at org.springframework.aop.support.AopUtils.invokeJoinpointUsingReflection(AopUtils.java:359)
	at org.springframework.aop.framework.CglibAopProxy$DynamicAdvisedInterceptor.intercept(CglibAopProxy.java:723)
	at de.tum.cit.aet.artemis.buildagent.service.BuildJobExecutionService$$SpringCGLIB$$0.runBuildJob(<generated>)
	at de.tum.cit.aet.artemis.buildagent.service.BuildJobManagementService.lambda$executeBuildJob$1(BuildJobManagementService.java:129)
	at java.base/java.util.concurrent.FutureTask.run(FutureTask.java:317)
	at java.base/java.util.concurrent.ThreadPoolExecutor.runWorker(ThreadPoolExecutor.java:1144)
	at java.base/java.util.concurrent.ThreadPoolExecutor$Worker.run(ThreadPoolExecutor.java:642)
	at java.base/java.lang.Thread.run(Thread.java:1583)
Caused by: de.tum.cit.aet.artemis.core.exception.LocalCIException: Docker image dummy-docker-image:latest is not compatible with the current architecture. Needed 'linux/amd64', but got 'null'
	at de.tum.cit.aet.artemis.buildagent.service.BuildAgentDockerService.checkImageArchitecture(BuildAgentDockerService.java:291)
	at de.tum.cit.aet.artemis.buildagent.service.BuildAgentDockerService.pullDockerImage(BuildAgentDockerService.java:223)
	at de.tum.cit.aet.artemis.buildagent.service.BuildJobExecutionService.runBuildJob(BuildJobExecutionService.java:152)
	... 10 common frames omitted
    23:45:12.297 | 566 localvc.event-13 | DEBUG | .a.a.p.s.ProgrammingMessagingService : Send result to client over websocket. Result: Result{id625, completionDate=2025-02-14T23:45:12.128011800Z[Etc/UTC], successful=false, score=0.0, rated=true, assessmentType=AUTOMATIC, hasComplaint=null, testCaseCount=0, passedTestCaseCount=0, codeIssueCount=0}, Submission: ProgrammingSubmission{commitHash='a1099e378cffde441ef85f9b12577ca174b8e1e4', buildFailed=true, buildArtifact=false, type=MANUAL}, Participation: SolutionProgrammingExerciseParticipation{id=1934, repositoryUri='http://localhost:49152/git/SHORT9AFDAE3804CA304DDF0889A0CB0F56104A86TSTEXC/short9afdae3804ca304ddf0889a0cb0f56104a86tstexc-solution.git', buildPlanId='SHORT9AFDAE3804CA304DDF0889A0CB0F56104A86TSTEXC-SOLUTION}
    23:45:12.297 | 606 nio-49152-exec-5 | DEBUG | d.t.c.a.a.p.service.GitService       : Pull ignore conflicts repos/server-integration-test/SHORT9AFDAE3804CA304DDF0889A0CB0F56104A86TSTEXC/short9afdae3804ca304ddf0889a0cb0f56104a86tstexc-exercise
    23:45:12.298 | 606 nio-49152-exec-5 | ERROR | d.t.c.a.a.p.s.AbstractGitService     : Cannot use ssh properly because of mismatch of Jgit transport object: org.eclipse.jgit.transport.TransportLocal@58fcfd8d
    23:45:12.301 | 566 localvc.event-13 | DEBUG | d.t.c.a.a.p.s.BuildLogEntryService   : Saved build logs for build job 19341739576712112 to file /tmp/build-logs/short9afdae3804ca304ddf0889a0cb0f56104a86/TSTEXC/19341739576712112.log
    23:45:12.301 | 566 localvc.event-13 | DEBUG | a.p.s.l.LocalCIQueueWebsocketService : Build agent updated: BuildAgentInformation[buildAgent=BuildAgentDTO[name=artemis-build-agent-test, memberAddress=[127.0.0.1]:5703, displayName=artemis-build-agent-test], maxNumberOfConcurrentBuildJobs=1, numberOfCurrentBuildJobs=0, runningBuildJobs=[], status=IDLE, recentBuildJobs=[BuildJobQueueItem[id=19141739576708030, name=SHORT5F02A8F400311042E70858306EB148073CFDTSTEXC-LOCALVCINTSTUDENT1, buildAgent=BuildAgentDTO[name=artemis-build-agent-test, memberAddress=[127.0.0.1]:5703, displayName=artemis-build-agent-test], participationId=1914, courseId=947, exerciseId=2564, retryCount=0, priority=2, status=FAILED, repositoryInfo=RepositoryInfo[repositoryName=short5f02a8f400311042e70858306eb148073cfdtstexc-localvcintstudent1, repositoryType=user, triggeredByPushTo=user, assignmentRepositoryUri=http://localhost:49152/git/SHORT5F02A8F400311042E70858306EB148073CFDTSTEXC/short5f02a8f400311042e70858306eb148073cfdtstexc-localvcintstudent1.git, testRepositoryUri=http://localhost:49152/git/SHORT5F02A8F400311042E70858306EB148073CFDTSTEXC/short5f02a8f400311042e70858306eb148073cfdtstexc-tests.git, solutionRepositoryUri=null, auxiliaryRepositoryUris=[Ljava.lang.String;@149ba643, auxiliaryRepositoryCheckoutDirectories=[Ljava.lang.String;@f84a193], jobTimingInfo=JobTimingInfo[submissionDate=2025-02-14T23:45:08.030118216Z[Etc/UTC], buildStartDate=2025-02-14T23:45:08.041011412Z[Etc/UTC], buildCompletionDate=2025-02-14T23:45:08.054603331Z[Etc/UTC], estimatedCompletionDate=2025-02-14T23:45:27.041005080Z[Etc/UTC], estimatedDuration=19], buildConfig=BuildConfig[buildScript=#!/bin/bash
cd /var/tmp/testing-dir
chmod +x ./gradlew
./gradlew clean test
, dockerImage=dummy-docker-image:latest, commitHashToBuild=6e7146cac5059504aa9d170ec3fa23aec740bb51, assignmentCommitHash=6e7146cac5059504aa9d170ec3fa23aec740bb51, testCommitHash=931e5303581c7a2f01339ba603cfafbfe668b901, branch=main, programmingLanguage=JAVA, projectType=PLAIN_GRADLE, scaEnabled=false, sequentialTestRunsEnabled=false, resultPaths=[/var/tmp/testing-dir/**/test-results/test/*.xml], timeoutSeconds=0, assignmentCheckoutPath=null, testCheckoutPath=null, solutionCheckoutPath=null, dockerRunConfig=null], submissionResult=ResultDTO[id=622, completionDate=2025-02-14T23:45:08.054683681Z[Etc/UTC], successful=false, score=0.0, rated=true, submission=SubmissionDTO[id=814, submitted=true, type=MANUAL, exampleSubmission=null, submissionDate=2025-02-14T23:45:08.016200Z, commitHash=6e7146cac5059504aa9d170ec3fa23aec740bb51, buildFailed=true, buildArtifact=false, participation=ParticipationDTO[id=1914, testRun=false, type=programming, submissionCount=null, exercise=ParticipationExerciseDTO[id=2564, exerciseType=PROGRAMMING, type=programming, assessmentType=AUTOMATIC, dueDate=2025-02-16T23:45:07.324348Z, assessmentDueDate=null, maxPoints=42.0, course=CourseDTO[id=947, accuracyOfScores=1]]], submissionExerciseType=programming, isProcessing=false, buildStartDate=null, estimatedCompletionDate=null], participation=ParticipationDTO[id=1914, testRun=false, type=programming, submissionCount=null, exercise=ParticipationExerciseDTO[id=2564, exerciseType=PROGRAMMING, type=programming, assessmentType=AUTOMATIC, dueDate=2025-02-16T23:45:07.324348Z, assessmentDueDate=null, maxPoints=42.0, course=CourseDTO[id=947, accuracyOfScores=1]]], feedbacks=[], assessmentType=AUTOMATIC, hasComplaint=null, exampleResult=null, testCaseCount=0, passedTestCaseCount=0, codeIssueCount=0]], BuildJobQueueItem[id=19361739576711303, name=SHORT9AFDAE3804CA304DDF0889A0CB0F56104A86TSTEXC-LOCALVCINTSTUDENT1, buildAgent=BuildAgentDTO[name=artemis-build-agent-test, memberAddress=[127.0.0.1]:5703, displayName=artemis-build-agent-test], participationId=1936, courseId=956, exerciseId=2573, retryCount=0, priority=2, status=FAILED, repositoryInfo=RepositoryInfo[repositoryName=short9afdae3804ca304ddf0889a0cb0f56104a86tstexc-localvcintstudent1, repositoryType=user, triggeredByPushTo=user, assignmentRepositoryUri=http://localhost:49152/git/SHORT9AFDAE3804CA304DDF0889A0CB0F56104A86TSTEXC/short9afdae3804ca304ddf0889a0cb0f56104a86tstexc-localvcintstudent1.git, testRepositoryUri=http://localhost:49152/git/SHORT9AFDAE3804CA304DDF0889A0CB0F56104A86TSTEXC/short9afdae3804ca304ddf0889a0cb0f56104a86tstexc-tests.git, solutionRepositoryUri=null, auxiliaryRepositoryUris=[Ljava.lang.String;@805c02a, auxiliaryRepositoryCheckoutDirectories=[Ljava.lang.String;@5b2b74a6], jobTimingInfo=JobTimingInfo[submissionDate=2025-02-14T23:45:11.303805653Z[Etc/UTC], buildStartDate=2025-02-14T23:45:11.310981356Z[Etc/UTC], buildCompletionDate=2025-02-14T23:45:11.319178384Z[Etc/UTC], estimatedCompletionDate=2025-02-14T23:45:30.310974944Z[Etc/UTC], estimatedDuration=19], buildConfig=BuildConfig[buildScript=#!/bin/bash
cd /var/tmp/testing-dir
chmod +x ./gradlew
./gradlew clean test
, dockerImage=dummy-docker-image:latest, commitHashToBuild=a1099e378cffde441ef85f9b12577ca174b8e1e4, assignmentCommitHash=a1099e378cffde441ef85f9b12577ca174b8e1e4, testCommitHash=bd38d61c299ab11a1dea82a3ca5493fe04d97d47, branch=main, programmingLanguage=JAVA, projectType=PLAIN_GRADLE, scaEnabled=false, sequentialTestRunsEnabled=false, resultPaths=[/var/tmp/testing-dir/**/test-results/test/*.xml], timeoutSeconds=0, assignmentCheckoutPath=null, testCheckoutPath=null, solutionCheckoutPath=null, dockerRunConfig=null], submissionResult=ResultDTO[id=623, completionDate=2025-02-14T23:45:11.319278430Z[Etc/UTC], successful=false, score=0.0, rated=true, submission=SubmissionDTO[id=815, submitted=true, type=MANUAL, exampleSubmission=null, submissionDate=2025-02-14T23:45:11.294386Z, commitHash=a1099e378cffde441ef85f9b12577ca174b8e1e4, buildFailed=true, buildArtifact=false, participation=ParticipationDTO[id=1936, testRun=false, type=programming, submissionCount=null, exercise=ParticipationExerciseDTO[id=2573, exerciseType=PROGRAMMING, type=programming, assessmentType=AUTOMATIC, dueDate=2025-02-16T23:45:10.996982Z, assessmentDueDate=null, maxPoints=42.0, course=CourseDTO[id=956, accuracyOfScores=1]]], submissionExerciseType=programming, isProcessing=false, buildStartDate=null, estimatedCompletionDate=null], participation=ParticipationDTO[id=1936, testRun=false, type=programming, submissionCount=null, exercise=ParticipationExerciseDTO[id=2573, exerciseType=PROGRAMMING, type=programming, assessmentType=AUTOMATIC, dueDate=2025-02-16T23:45:10.996982Z, assessmentDueDate=null, maxPoints=42.0, course=CourseDTO[id=956, accuracyOfScores=1]]], feedbacks=[], assessmentType=AUTOMATIC, hasComplaint=null, exampleResult=null, testCaseCount=0, passedTestCaseCount=0, codeIssueCount=0]], BuildJobQueueItem[id=19351739576711674, name=SHORT9AFDAE3804CA304DDF0889A0CB0F56104A86TSTEXC-BASE, buildAgent=BuildAgentDTO[name=artemis-build-agent-test, memberAddress=[127.0.0.1]:5703, displayName=artemis-build-agent-test], participationId=1935, courseId=956, exerciseId=2573, retryCount=0, priority=2, status=FAILED, repositoryInfo=RepositoryInfo[repositoryName=short9afdae3804ca304ddf0889a0cb0f56104a86tstexc-exercise, repositoryType=exercise, triggeredByPushTo=exercise, assignmentRepositoryUri=http://localhost:49152/git/SHORT9AFDAE3804CA304DDF0889A0CB0F56104A86TSTEXC/short9afdae3804ca304ddf0889a0cb0f56104a86tstexc-exercise.git, testRepositoryUri=http://localhost:49152/git/SHORT9AFDAE3804CA304DDF0889A0CB0F56104A86TSTEXC/short9afdae3804ca304ddf0889a0cb0f56104a86tstexc-tests.git, solutionRepositoryUri=null, auxiliaryRepositoryUris=[Ljava.lang.String;@124b683e, auxiliaryRepositoryCheckoutDirectories=[Ljava.lang.String;@3869cbdd], jobTimingInfo=JobTimingInfo[submissionDate=2025-02-14T23:45:11.674556681Z[Etc/UTC], buildStartDate=2025-02-14T23:45:11.677776879Z[Etc/UTC], buildCompletionDate=2025-02-14T23:45:11.688097378Z[Etc/UTC], estimatedCompletionDate=2025-02-14T23:45:30.677771620Z[Etc/UTC], estimatedDuration=19], buildConfig=BuildConfig[buildScript=#!/bin/bash
cd /var/tmp/testing-dir
chmod +x ./gradlew
./gradlew clean test
, dockerImage=dummy-docker-image:latest, commitHashToBuild=a1099e378cffde441ef85f9b12577ca174b8e1e4, assignmentCommitHash=a1099e378cffde441ef85f9b12577ca174b8e1e4, testCommitHash=bd38d61c299ab11a1dea82a3ca5493fe04d97d47, branch=main, programmingLanguage=JAVA, projectType=PLAIN_GRADLE, scaEnabled=false, sequentialTestRunsEnabled=false, resultPaths=[/var/tmp/testing-dir/**/test-results/test/*.xml], timeoutSeconds=0, assignmentCheckoutPath=null, testCheckoutPath=null, solutionCheckoutPath=null, dockerRunConfig=null], submissionResult=ResultDTO[id=624, completionDate=2025-02-14T23:45:11.688214837Z[Etc/UTC], successful=false, score=0.0, rated=true, submission=SubmissionDTO[id=816, submitted=true, type=MANUAL, exampleSubmission=null, submissionDate=2025-02-14T23:45:11.656934Z, commitHash=a1099e378cffde441ef85f9b12577ca174b8e1e4, buildFailed=true, buildArtifact=false, participation=ParticipationDTO[id=1935, testRun=false, type=template, submissionCount=null, exercise=ParticipationExerciseDTO[id=2573, exerciseType=PROGRAMMING, type=programming, assessmentType=AUTOMATIC, dueDate=2025-02-16T23:45:10.996982Z, assessmentDueDate=null, maxPoints=42.0, course=CourseDTO[id=956, accuracyOfScores=1]]], submissionExerciseType=programming, isProcessing=false, buildStartDate=null, estimatedCompletionDate=null], participation=ParticipationDTO[id=1935, testRun=false, type=template, submissionCount=null, exercise=ParticipationExerciseDTO[id=2573, exerciseType=PROGRAMMING, type=programming, assessmentType=AUTOMATIC, dueDate=2025-02-16T23:45:10.996982Z, assessmentDueDate=null, maxPoints=42.0, course=CourseDTO[id=956, accuracyOfScores=1]]], feedbacks=[], assessmentType=AUTOMATIC, hasComplaint=null, exampleResult=null, testCaseCount=0, passedTestCaseCount=0, codeIssueCount=0]], BuildJobQueueItem[id=19341739576712112, name=SHORT9AFDAE3804CA304DDF0889A0CB0F56104A86TSTEXC-SOLUTION, buildAgent=BuildAgentDTO[name=artemis-build-agent-test, memberAddress=[127.0.0.1]:5703, displayName=artemis-build-agent-test], participationId=1934, courseId=956, exerciseId=2573, retryCount=0, priority=2, status=FAILED, repositoryInfo=RepositoryInfo[repositoryName=short9afdae3804ca304ddf0889a0cb0f56104a86tstexc-solution, repositoryType=solution, triggeredByPushTo=solution, assignmentRepositoryUri=http://localhost:49152/git/SHORT9AFDAE3804CA304DDF0889A0CB0F56104A86TSTEXC/short9afdae3804ca304ddf0889a0cb0f56104a86tstexc-solution.git, testRepositoryUri=http://localhost:49152/git/SHORT9AFDAE3804CA304DDF0889A0CB0F56104A86TSTEXC/short9afdae3804ca304ddf0889a0cb0f56104a86tstexc-tests.git, solutionRepositoryUri=null, auxiliaryRepositoryUris=[Ljava.lang.String;@1ecb586a, auxiliaryRepositoryCheckoutDirectories=[Ljava.lang.String;@1e458151], jobTimingInfo=JobTimingInfo[submissionDate=2025-02-14T23:45:12.112332872Z[Etc/UTC], buildStartDate=2025-02-14T23:45:12.121617114Z[Etc/UTC], buildCompletionDate=2025-02-14T23:45:12.127931701Z[Etc/UTC], estimatedCompletionDate=2025-02-14T23:45:31.121609600Z[Etc/UTC], estimatedDuration=19], buildConfig=BuildConfig[buildScript=#!/bin/bash
cd /var/tmp/testing-dir
chmod +x ./gradlew
./gradlew clean test
, dockerImage=dummy-docker-image:latest, commitHashToBuild=a1099e378cffde441ef85f9b12577ca174b8e1e4, assignmentCommitHash=a1099e378cffde441ef85f9b12577ca174b8e1e4, testCommitHash=bd38d61c299ab11a1dea82a3ca5493fe04d97d47, branch=main, programmingLanguage=JAVA, projectType=PLAIN_GRADLE, scaEnabled=false, sequentialTestRunsEnabled=false, resultPaths=[/var/tmp/testing-dir/**/test-results/test/*.xml], timeoutSeconds=0, assignmentCheckoutPath=null, testCheckoutPath=null, solutionCheckoutPath=null, dockerRunConfig=null], submissionResult=null]], publicSshKey=ssh-rsa AAAAB3NzaC1yc2EAAAADAQABAAACAQCOPdMsxRE2jFJ/UEa5/LsBxtwzJcrh3/rYBCQvcMeVpiRfhzQPWu7mrt/G2Ew+i+vRloGH9aqKg6dd1liRncao53Zmd/ePxoatXePNhmzTfkCkcSkTUz7B+QMjkoDDV5jwuFPD6mF3JkhuzSi64n9Zy905t4w2IhVcjM2mL3eYNjiCXt6Qpq3Pkt7dM/Ksw1nxnvuiIALuJLB3FTkXkHqq3PJav+9HSq2r6ZaWgekneaGxlQlb+U+Vy3XOuArKAzK8c8i+0bR+AHiTG6ncYXt7ax3U+TdlDTF7OLP3umwaYjs1NBXOHwG42pevvpKn2fqavZZozk+M05jXLx3bq0O7itxfErWc7etky8qYPyyIMF/txQIVLd78+Ze4d7Y60t5MGbXM5cGE6fFif5fEJwgswXD+BrG0cafz1CTatjSKFdvp8Vp4VszXhHDan1PrP6JEFJ5Cc5GDmLRZPCFa3vL9f5qXgf4bkqKN8MYeEujwJE5nMRWoiJVNakix2bcrrneQMBlnYeYZVWXXXUusAQBzl4NgddC1umZpihZkL1b1MffZAUW3EGEXi7KHnllQhkTLLsQ8ntMgbylqaJKStqaXlLvdeRJcEnUuiFCrHEVVbXRFZR7XVDZ02CE5o3MuaRPty8Kh+jRTF3COlAckHwYEJCNNJvXFgb2CNXL4mjzYDw== test@localhost]
    23:45:12.302 | 566 localvc.event-13 | DEBUG | s.l.LocalCIWebsocketMessagingService : Sending message on topic /topic/admin/build-agents: [BuildAgentInformation[buildAgent=BuildAgentDTO[name=artemis-build-agent-test, memberAddress=[127.0.0.1]:5703, displayName=artemis-build-agent-test], maxNumberOfConcurrentBuildJobs=1, numberOfCurrentBuildJobs=0, runningBuildJobs=[], status=IDLE, recentBuildJobs=null, publicSshKey=null]]
    23:45:12.302 | 588 artemis-task-1   | DEBUG | d.t.c.a.a.c.c.w.GzipMessageConverter : Compressed message payload from 255 to 232 (saved 9.0% payload size)
    23:45:12.303 | 566 localvc.event-13 | DEBUG | s.l.LocalCIWebsocketMessagingService : Sending message on topic /topic/admin/build-agent/artemis-build-agent-test: BuildAgentInformation[buildAgent=BuildAgentDTO[name=artemis-build-agent-test, memberAddress=[127.0.0.1]:5703, displayName=artemis-build-agent-test], maxNumberOfConcurrentBuildJobs=1, numberOfCurrentBuildJobs=0, runningBuildJobs=[], status=IDLE, recentBuildJobs=[BuildJobQueueItem[id=19141739576708030, name=SHORT5F02A8F400311042E70858306EB148073CFDTSTEXC-LOCALVCINTSTUDENT1, buildAgent=BuildAgentDTO[name=artemis-build-agent-test, memberAddress=[127.0.0.1]:5703, displayName=artemis-build-agent-test], participationId=1914, courseId=947, exerciseId=2564, retryCount=0, priority=2, status=FAILED, repositoryInfo=RepositoryInfo[repositoryName=short5f02a8f400311042e70858306eb148073cfdtstexc-localvcintstudent1, repositoryType=user, triggeredByPushTo=user, assignmentRepositoryUri=http://localhost:49152/git/SHORT5F02A8F400311042E70858306EB148073CFDTSTEXC/short5f02a8f400311042e70858306eb148073cfdtstexc-localvcintstudent1.git, testRepositoryUri=http://localhost:49152/git/SHORT5F02A8F400311042E70858306EB148073CFDTSTEXC/short5f02a8f400311042e70858306eb148073cfdtstexc-tests.git, solutionRepositoryUri=null, auxiliaryRepositoryUris=[Ljava.lang.String;@650b1a6b, auxiliaryRepositoryCheckoutDirectories=[Ljava.lang.String;@57f64092], jobTimingInfo=JobTimingInfo[submissionDate=2025-02-14T23:45:08.030118216Z[Etc/UTC], buildStartDate=2025-02-14T23:45:08.041011412Z[Etc/UTC], buildCompletionDate=2025-02-14T23:45:08.054603331Z[Etc/UTC], estimatedCompletionDate=2025-02-14T23:45:27.041005080Z[Etc/UTC], estimatedDuration=19], buildConfig=BuildConfig[buildScript=#!/bin/bash
cd /var/tmp/testing-dir
chmod +x ./gradlew
./gradlew clean test
, dockerImage=dummy-docker-image:latest, commitHashToBuild=6e7146cac5059504aa9d170ec3fa23aec740bb51, assignmentCommitHash=6e7146cac5059504aa9d170ec3fa23aec740bb51, testCommitHash=931e5303581c7a2f01339ba603cfafbfe668b901, branch=main, programmingLanguage=JAVA, projectType=PLAIN_GRADLE, scaEnabled=false, sequentialTestRunsEnabled=false, resultPaths=[/var/tmp/testing-dir/**/test-results/test/*.xml], timeoutSeconds=0, assignmentCheckoutPath=null, testCheckoutPath=null, solutionCheckoutPath=null, dockerRunConfig=null], submissionResult=ResultDTO[id=622, completionDate=2025-02-14T23:45:08.054683681Z[Etc/UTC], successful=false, score=0.0, rated=true, submission=SubmissionDTO[id=814, submitted=true, type=MANUAL, exampleSubmission=null, submissionDate=2025-02-14T23:45:08.016200Z, commitHash=6e7146cac5059504aa9d170ec3fa23aec740bb51, buildFailed=true, buildArtifact=false, participation=ParticipationDTO[id=1914, testRun=false, type=programming, submissionCount=null, exercise=ParticipationExerciseDTO[id=2564, exerciseType=PROGRAMMING, type=programming, assessmentType=AUTOMATIC, dueDate=2025-02-16T23:45:07.324348Z, assessmentDueDate=null, maxPoints=42.0, course=CourseDTO[id=947, accuracyOfScores=1]]], submissionExerciseType=programming, isProcessing=false, buildStartDate=null, estimatedCompletionDate=null], participation=ParticipationDTO[id=1914, testRun=false, type=programming, submissionCount=null, exercise=ParticipationExerciseDTO[id=2564, exerciseType=PROGRAMMING, type=programming, assessmentType=AUTOMATIC, dueDate=2025-02-16T23:45:07.324348Z, assessmentDueDate=null, maxPoints=42.0, course=CourseDTO[id=947, accuracyOfScores=1]]], feedbacks=[], assessmentType=AUTOMATIC, hasComplaint=null, exampleResult=null, testCaseCount=0, passedTestCaseCount=0, codeIssueCount=0]], BuildJobQueueItem[id=19361739576711303, name=SHORT9AFDAE3804CA304DDF0889A0CB0F56104A86TSTEXC-LOCALVCINTSTUDENT1, buildAgent=BuildAgentDTO[name=artemis-build-agent-test, memberAddress=[127.0.0.1]:5703, displayName=artemis-build-agent-test], participationId=1936, courseId=956, exerciseId=2573, retryCount=0, priority=2, status=FAILED, repositoryInfo=RepositoryInfo[repositoryName=short9afdae3804ca304ddf0889a0cb0f56104a86tstexc-localvcintstudent1, repositoryType=user, triggeredByPushTo=user, assignmentRepositoryUri=http://localhost:49152/git/SHORT9AFDAE3804CA304DDF0889A0CB0F56104A86TSTEXC/short9afdae3804ca304ddf0889a0cb0f56104a86tstexc-localvcintstudent1.git, testRepositoryUri=http://localhost:49152/git/SHORT9AFDAE3804CA304DDF0889A0CB0F56104A86TSTEXC/short9afdae3804ca304ddf0889a0cb0f56104a86tstexc-tests.git, solutionRepositoryUri=null, auxiliaryRepositoryUris=[Ljava.lang.String;@301635ab, auxiliaryRepositoryCheckoutDirectories=[Ljava.lang.String;@2939930e], jobTimingInfo=JobTimingInfo[submissionDate=2025-02-14T23:45:11.303805653Z[Etc/UTC], buildStartDate=2025-02-14T23:45:11.310981356Z[Etc/UTC], buildCompletionDate=2025-02-14T23:45:11.319178384Z[Etc/UTC], estimatedCompletionDate=2025-02-14T23:45:30.310974944Z[Etc/UTC], estimatedDuration=19], buildConfig=BuildConfig[buildScript=#!/bin/bash
cd /var/tmp/testing-dir
chmod +x ./gradlew
./gradlew clean test
, dockerImage=dummy-docker-image:latest, commitHashToBuild=a1099e378cffde441ef85f9b12577ca174b8e1e4, assignmentCommitHash=a1099e378cffde441ef85f9b12577ca174b8e1e4, testCommitHash=bd38d61c299ab11a1dea82a3ca5493fe04d97d47, branch=main, programmingLanguage=JAVA, projectType=PLAIN_GRADLE, scaEnabled=false, sequentialTestRunsEnabled=false, resultPaths=[/var/tmp/testing-dir/**/test-results/test/*.xml], timeoutSeconds=0, assignmentCheckoutPath=null, testCheckoutPath=null, solutionCheckoutPath=null, dockerRunConfig=null], submissionResult=ResultDTO[id=623, completionDate=2025-02-14T23:45:11.319278430Z[Etc/UTC], successful=false, score=0.0, rated=true, submission=SubmissionDTO[id=815, submitted=true, type=MANUAL, exampleSubmission=null, submissionDate=2025-02-14T23:45:11.294386Z, commitHash=a1099e378cffde441ef85f9b12577ca174b8e1e4, buildFailed=true, buildArtifact=false, participation=ParticipationDTO[id=1936, testRun=false, type=programming, submissionCount=null, exercise=ParticipationExerciseDTO[id=2573, exerciseType=PROGRAMMING, type=programming, assessmentType=AUTOMATIC, dueDate=2025-02-16T23:45:10.996982Z, assessmentDueDate=null, maxPoints=42.0, course=CourseDTO[id=956, accuracyOfScores=1]]], submissionExerciseType=programming, isProcessing=false, buildStartDate=null, estimatedCompletionDate=null], participation=ParticipationDTO[id=1936, testRun=false, type=programming, submissionCount=null, exercise=ParticipationExerciseDTO[id=2573, exerciseType=PROGRAMMING, type=programming, assessmentType=AUTOMATIC, dueDate=2025-02-16T23:45:10.996982Z, assessmentDueDate=null, maxPoints=42.0, course=CourseDTO[id=956, accuracyOfScores=1]]], feedbacks=[], assessmentType=AUTOMATIC, hasComplaint=null, exampleResult=null, testCaseCount=0, passedTestCaseCount=0, codeIssueCount=0]], BuildJobQueueItem[id=19351739576711674, name=SHORT9AFDAE3804CA304DDF0889A0CB0F56104A86TSTEXC-BASE, buildAgent=BuildAgentDTO[name=artemis-build-agent-test, memberAddress=[127.0.0.1]:5703, displayName=artemis-build-agent-test], participationId=1935, courseId=956, exerciseId=2573, retryCount=0, priority=2, status=FAILED, repositoryInfo=RepositoryInfo[repositoryName=short9afdae3804ca304ddf0889a0cb0f56104a86tstexc-exercise, repositoryType=exercise, triggeredByPushTo=exercise, assignmentRepositoryUri=http://localhost:49152/git/SHORT9AFDAE3804CA304DDF0889A0CB0F56104A86TSTEXC/short9afdae3804ca304ddf0889a0cb0f56104a86tstexc-exercise.git, testRepositoryUri=http://localhost:49152/git/SHORT9AFDAE3804CA304DDF0889A0CB0F56104A86TSTEXC/short9afdae3804ca304ddf0889a0cb0f56104a86tstexc-tests.git, solutionRepositoryUri=null, auxiliaryRepositoryUris=[Ljava.lang.String;@145c0c00, auxiliaryRepositoryCheckoutDirectories=[Ljava.lang.String;@714b3cc9], jobTimingInfo=JobTimingInfo[submissionDate=2025-02-14T23:45:11.674556681Z[Etc/UTC], buildStartDate=2025-02-14T23:45:11.677776879Z[Etc/UTC], buildCompletionDate=2025-02-14T23:45:11.688097378Z[Etc/UTC], estimatedCompletionDate=2025-02-14T23:45:30.677771620Z[Etc/UTC], estimatedDuration=19], buildConfig=BuildConfig[buildScript=#!/bin/bash
cd /var/tmp/testing-dir
chmod +x ./gradlew
./gradlew clean test
, dockerImage=dummy-docker-image:latest, commitHashToBuild=a1099e378cffde441ef85f9b12577ca174b8e1e4, assignmentCommitHash=a1099e378cffde441ef85f9b12577ca174b8e1e4, testCommitHash=bd38d61c299ab11a1dea82a3ca5493fe04d97d47, branch=main, programmingLanguage=JAVA, projectType=PLAIN_GRADLE, scaEnabled=false, sequentialTestRunsEnabled=false, resultPaths=[/var/tmp/testing-dir/**/test-results/test/*.xml], timeoutSeconds=0, assignmentCheckoutPath=null, testCheckoutPath=null, solutionCheckoutPath=null, dockerRunConfig=null], submissionResult=ResultDTO[id=624, completionDate=2025-02-14T23:45:11.688214837Z[Etc/UTC], successful=false, score=0.0, rated=true, submission=SubmissionDTO[id=816, submitted=true, type=MANUAL, exampleSubmission=null, submissionDate=2025-02-14T23:45:11.656934Z, commitHash=a1099e378cffde441ef85f9b12577ca174b8e1e4, buildFailed=true, buildArtifact=false, participation=ParticipationDTO[id=1935, testRun=false, type=template, submissionCount=null, exercise=ParticipationExerciseDTO[id=2573, exerciseType=PROGRAMMING, type=programming, assessmentType=AUTOMATIC, dueDate=2025-02-16T23:45:10.996982Z, assessmentDueDate=null, maxPoints=42.0, course=CourseDTO[id=956, accuracyOfScores=1]]], submissionExerciseType=programming, isProcessing=false, buildStartDate=null, estimatedCompletionDate=null], participation=ParticipationDTO[id=1935, testRun=false, type=template, submissionCount=null, exercise=ParticipationExerciseDTO[id=2573, exerciseType=PROGRAMMING, type=programming, assessmentType=AUTOMATIC, dueDate=2025-02-16T23:45:10.996982Z, assessmentDueDate=null, maxPoints=42.0, course=CourseDTO[id=956, accuracyOfScores=1]]], feedbacks=[], assessmentType=AUTOMATIC, hasComplaint=null, exampleResult=null, testCaseCount=0, passedTestCaseCount=0, codeIssueCount=0]], BuildJobQueueItem[id=19341739576712112, name=SHORT9AFDAE3804CA304DDF0889A0CB0F56104A86TSTEXC-SOLUTION, buildAgent=BuildAgentDTO[name=artemis-build-agent-test, memberAddress=[127.0.0.1]:5703, displayName=artemis-build-agent-test], participationId=1934, courseId=956, exerciseId=2573, retryCount=0, priority=2, status=FAILED, repositoryInfo=RepositoryInfo[repositoryName=short9afdae3804ca304ddf0889a0cb0f56104a86tstexc-solution, repositoryType=solution, triggeredByPushTo=solution, assignmentRepositoryUri=http://localhost:49152/git/SHORT9AFDAE3804CA304DDF0889A0CB0F56104A86TSTEXC/short9afdae3804ca304ddf0889a0cb0f56104a86tstexc-solution.git, testRepositoryUri=http://localhost:49152/git/SHORT9AFDAE3804CA304DDF0889A0CB0F56104A86TSTEXC/short9afdae3804ca304ddf0889a0cb0f56104a86tstexc-tests.git, solutionRepositoryUri=null, auxiliaryRepositoryUris=[Ljava.lang.String;@7071e426, auxiliaryRepositoryCheckoutDirectories=[Ljava.lang.String;@1535b8c5], jobTimingInfo=JobTimingInfo[submissionDate=2025-02-14T23:45:12.112332872Z[Etc/UTC], buildStartDate=2025-02-14T23:45:12.121617114Z[Etc/UTC], buildCompletionDate=2025-02-14T23:45:12.127931701Z[Etc/UTC], estimatedCompletionDate=2025-02-14T23:45:31.121609600Z[Etc/UTC], estimatedDuration=19], buildConfig=BuildConfig[buildScript=#!/bin/bash
cd /var/tmp/testing-dir
chmod +x ./gradlew
./gradlew clean test
, dockerImage=dummy-docker-image:latest, commitHashToBuild=a1099e378cffde441ef85f9b12577ca174b8e1e4, assignmentCommitHash=a1099e378cffde441ef85f9b12577ca174b8e1e4, testCommitHash=bd38d61c299ab11a1dea82a3ca5493fe04d97d47, branch=main, programmingLanguage=JAVA, projectType=PLAIN_GRADLE, scaEnabled=false, sequentialTestRunsEnabled=false, resultPaths=[/var/tmp/testing-dir/**/test-results/test/*.xml], timeoutSeconds=0, assignmentCheckoutPath=null, testCheckoutPath=null, solutionCheckoutPath=null, dockerRunConfig=null], submissionResult=ResultDTO[id=625, completionDate=2025-02-14T23:45:12.128011800Z[Etc/UTC], successful=false, score=0.0, rated=true, submission=SubmissionDTO[id=817, submitted=true, type=MANUAL, exampleSubmission=null, submissionDate=2025-02-14T23:45:12.098737Z, commitHash=a1099e378cffde441ef85f9b12577ca174b8e1e4, buildFailed=true, buildArtifact=false, participation=ParticipationDTO[id=1934, testRun=false, type=solution, submissionCount=null, exercise=ParticipationExerciseDTO[id=2573, exerciseType=PROGRAMMING, type=programming, assessmentType=AUTOMATIC, dueDate=2025-02-16T23:45:10.996982Z, assessmentDueDate=null, maxPoints=42.0, course=CourseDTO[id=956, accuracyOfScores=1]]], submissionExerciseType=programming, isProcessing=false, buildStartDate=null, estimatedCompletionDate=null], participation=ParticipationDTO[id=1934, testRun=false, type=solution, submissionCount=null, exercise=ParticipationExerciseDTO[id=2573, exerciseType=PROGRAMMING, type=programming, assessmentType=AUTOMATIC, dueDate=2025-02-16T23:45:10.996982Z, assessmentDueDate=null, maxPoints=42.0, course=CourseDTO[id=956, accuracyOfScores=1]]], feedbacks=[], assessmentType=AUTOMATIC, hasComplaint=null, exampleResult=null, testCaseCount=0, passedTestCaseCount=0, codeIssueCount=0]]], publicSshKey=ssh-rsa AAAAB3NzaC1yc2EAAAADAQABAAACAQCOPdMsxRE2jFJ/UEa5/LsBxtwzJcrh3/rYBCQvcMeVpiRfhzQPWu7mrt/G2Ew+i+vRloGH9aqKg6dd1liRncao53Zmd/ePxoatXePNhmzTfkCkcSkTUz7B+QMjkoDDV5jwuFPD6mF3JkhuzSi64n9Zy905t4w2IhVcjM2mL3eYNjiCXt6Qpq3Pkt7dM/Ksw1nxnvuiIALuJLB3FTkXkHqq3PJav+9HSq2r6ZaWgekneaGxlQlb+U+Vy3XOuArKAzK8c8i+0bR+AHiTG6ncYXt7ax3U+TdlDTF7OLP3umwaYjs1NBXOHwG42pevvpKn2fqavZZozk+M05jXLx3bq0O7itxfErWc7etky8qYPyyIMF/txQIVLd78+Ze4d7Y60t5MGbXM5cGE6fFif5fEJwgswXD+BrG0cafz1CTatjSKFdvp8Vp4VszXhHDan1PrP6JEFJ5Cc5GDmLRZPCFa3vL9f5qXgf4bkqKN8MYeEujwJE5nMRWoiJVNakix2bcrrneQMBlnYeYZVWXXXUusAQBzl4NgddC1umZpihZkL1b1MffZAUW3EGEXi7KHnllQhkTLLsQ8ntMgbylqaJKStqaXlLvdeRJcEnUuiFCrHEVVbXRFZR7XVDZ02CE5o3MuaRPty8Kh+jRTF3COlAckHwYEJCNNJvXFgb2CNXL4mjzYDw== test@localhost]
    23:45:12.306 | 588 artemis-task-1   | DEBUG | d.t.c.a.a.c.c.w.GzipMessageConverter : Compressed message payload from 15410 to 3316 (saved 78.5% payload size)
    23:45:12.307 | 566 localvc.event-13 | DEBUG | a.p.s.l.SharedQueueManagementService : Build agent updated: null
    23:45:12.308 | 566 localvc.event-13 | DEBUG | a.p.s.l.LocalCIQueueWebsocketService : Build agent updated: BuildAgentInformation[buildAgent=BuildAgentDTO[name=artemis-build-agent-test, memberAddress=[127.0.0.1]:5703, displayName=artemis-build-agent-test], maxNumberOfConcurrentBuildJobs=1, numberOfCurrentBuildJobs=0, runningBuildJobs=[], status=IDLE, recentBuildJobs=[BuildJobQueueItem[id=19141739576708030, name=SHORT5F02A8F400311042E70858306EB148073CFDTSTEXC-LOCALVCINTSTUDENT1, buildAgent=BuildAgentDTO[name=artemis-build-agent-test, memberAddress=[127.0.0.1]:5703, displayName=artemis-build-agent-test], participationId=1914, courseId=947, exerciseId=2564, retryCount=0, priority=2, status=FAILED, repositoryInfo=RepositoryInfo[repositoryName=short5f02a8f400311042e70858306eb148073cfdtstexc-localvcintstudent1, repositoryType=user, triggeredByPushTo=user, assignmentRepositoryUri=http://localhost:49152/git/SHORT5F02A8F400311042E70858306EB148073CFDTSTEXC/short5f02a8f400311042e70858306eb148073cfdtstexc-localvcintstudent1.git, testRepositoryUri=http://localhost:49152/git/SHORT5F02A8F400311042E70858306EB148073CFDTSTEXC/short5f02a8f400311042e70858306eb148073cfdtstexc-tests.git, solutionRepositoryUri=null, auxiliaryRepositoryUris=[Ljava.lang.String;@49f85ffd, auxiliaryRepositoryCheckoutDirectories=[Ljava.lang.String;@36d7d230], jobTimingInfo=JobTimingInfo[submissionDate=2025-02-14T23:45:08.030118216Z[Etc/UTC], buildStartDate=2025-02-14T23:45:08.041011412Z[Etc/UTC], buildCompletionDate=2025-02-14T23:45:08.054603331Z[Etc/UTC], estimatedCompletionDate=2025-02-14T23:45:27.041005080Z[Etc/UTC], estimatedDuration=19], buildConfig=BuildConfig[buildScript=#!/bin/bash
cd /var/tmp/testing-dir
chmod +x ./gradlew
./gradlew clean test
, dockerImage=dummy-docker-image:latest, commitHashToBuild=6e7146cac5059504aa9d170ec3fa23aec740bb51, assignmentCommitHash=6e7146cac5059504aa9d170ec3fa23aec740bb51, testCommitHash=931e5303581c7a2f01339ba603cfafbfe668b901, branch=main, programmingLanguage=JAVA, projectType=PLAIN_GRADLE, scaEnabled=false, sequentialTestRunsEnabled=false, resultPaths=[/var/tmp/testing-dir/**/test-results/test/*.xml], timeoutSeconds=0, assignmentCheckoutPath=null, testCheckoutPath=null, solutionCheckoutPath=null, dockerRunConfig=null], submissionResult=ResultDTO[id=622, completionDate=2025-02-14T23:45:08.054683681Z[Etc/UTC], successful=false, score=0.0, rated=true, submission=SubmissionDTO[id=814, submitted=true, type=MANUAL, exampleSubmission=null, submissionDate=2025-02-14T23:45:08.016200Z, commitHash=6e7146cac5059504aa9d170ec3fa23aec740bb51, buildFailed=true, buildArtifact=false, participation=ParticipationDTO[id=1914, testRun=false, type=programming, submissionCount=null, exercise=ParticipationExerciseDTO[id=2564, exerciseType=PROGRAMMING, type=programming, assessmentType=AUTOMATIC, dueDate=2025-02-16T23:45:07.324348Z, assessmentDueDate=null, maxPoints=42.0, course=CourseDTO[id=947, accuracyOfScores=1]]], submissionExerciseType=programming, isProcessing=false, buildStartDate=null, estimatedCompletionDate=null], participation=ParticipationDTO[id=1914, testRun=false, type=programming, submissionCount=null, exercise=ParticipationExerciseDTO[id=2564, exerciseType=PROGRAMMING, type=programming, assessmentType=AUTOMATIC, dueDate=2025-02-16T23:45:07.324348Z, assessmentDueDate=null, maxPoints=42.0, course=CourseDTO[id=947, accuracyOfScores=1]]], feedbacks=[], assessmentType=AUTOMATIC, hasComplaint=null, exampleResult=null, testCaseCount=0, passedTestCaseCount=0, codeIssueCount=0]], BuildJobQueueItem[id=19361739576711303, name=SHORT9AFDAE3804CA304DDF0889A0CB0F56104A86TSTEXC-LOCALVCINTSTUDENT1, buildAgent=BuildAgentDTO[name=artemis-build-agent-test, memberAddress=[127.0.0.1]:5703, displayName=artemis-build-agent-test], participationId=1936, courseId=956, exerciseId=2573, retryCount=0, priority=2, status=FAILED, repositoryInfo=RepositoryInfo[repositoryName=short9afdae3804ca304ddf0889a0cb0f56104a86tstexc-localvcintstudent1, repositoryType=user, triggeredByPushTo=user, assignmentRepositoryUri=http://localhost:49152/git/SHORT9AFDAE3804CA304DDF0889A0CB0F56104A86TSTEXC/short9afdae3804ca304ddf0889a0cb0f56104a86tstexc-localvcintstudent1.git, testRepositoryUri=http://localhost:49152/git/SHORT9AFDAE3804CA304DDF0889A0CB0F56104A86TSTEXC/short9afdae3804ca304ddf0889a0cb0f56104a86tstexc-tests.git, solutionRepositoryUri=null, auxiliaryRepositoryUris=[Ljava.lang.String;@e9cb7bf, auxiliaryRepositoryCheckoutDirectories=[Ljava.lang.String;@33f7af1], jobTimingInfo=JobTimingInfo[submissionDate=2025-02-14T23:45:11.303805653Z[Etc/UTC], buildStartDate=2025-02-14T23:45:11.310981356Z[Etc/UTC], buildCompletionDate=2025-02-14T23:45:11.319178384Z[Etc/UTC], estimatedCompletionDate=2025-02-14T23:45:30.310974944Z[Etc/UTC], estimatedDuration=19], buildConfig=BuildConfig[buildScript=#!/bin/bash
cd /var/tmp/testing-dir
chmod +x ./gradlew
./gradlew clean test
, dockerImage=dummy-docker-image:latest, commitHashToBuild=a1099e378cffde441ef85f9b12577ca174b8e1e4, assignmentCommitHash=a1099e378cffde441ef85f9b12577ca174b8e1e4, testCommitHash=bd38d61c299ab11a1dea82a3ca5493fe04d97d47, branch=main, programmingLanguage=JAVA, projectType=PLAIN_GRADLE, scaEnabled=false, sequentialTestRunsEnabled=false, resultPaths=[/var/tmp/testing-dir/**/test-results/test/*.xml], timeoutSeconds=0, assignmentCheckoutPath=null, testCheckoutPath=null, solutionCheckoutPath=null, dockerRunConfig=null], submissionResult=ResultDTO[id=623, completionDate=2025-02-14T23:45:11.319278430Z[Etc/UTC], successful=false, score=0.0, rated=true, submission=SubmissionDTO[id=815, submitted=true, type=MANUAL, exampleSubmission=null, submissionDate=2025-02-14T23:45:11.294386Z, commitHash=a1099e378cffde441ef85f9b12577ca174b8e1e4, buildFailed=true, buildArtifact=false, participation=ParticipationDTO[id=1936, testRun=false, type=programming, submissionCount=null, exercise=ParticipationExerciseDTO[id=2573, exerciseType=PROGRAMMING, type=programming, assessmentType=AUTOMATIC, dueDate=2025-02-16T23:45:10.996982Z, assessmentDueDate=null, maxPoints=42.0, course=CourseDTO[id=956, accuracyOfScores=1]]], submissionExerciseType=programming, isProcessing=false, buildStartDate=null, estimatedCompletionDate=null], participation=ParticipationDTO[id=1936, testRun=false, type=programming, submissionCount=null, exercise=ParticipationExerciseDTO[id=2573, exerciseType=PROGRAMMING, type=programming, assessmentType=AUTOMATIC, dueDate=2025-02-16T23:45:10.996982Z, assessmentDueDate=null, maxPoints=42.0, course=CourseDTO[id=956, accuracyOfScores=1]]], feedbacks=[], assessmentType=AUTOMATIC, hasComplaint=null, exampleResult=null, testCaseCount=0, passedTestCaseCount=0, codeIssueCount=0]], BuildJobQueueItem[id=19351739576711674, name=SHORT9AFDAE3804CA304DDF0889A0CB0F56104A86TSTEXC-BASE, buildAgent=BuildAgentDTO[name=artemis-build-agent-test, memberAddress=[127.0.0.1]:5703, displayName=artemis-build-agent-test], participationId=1935, courseId=956, exerciseId=2573, retryCount=0, priority=2, status=FAILED, repositoryInfo=RepositoryInfo[repositoryName=short9afdae3804ca304ddf0889a0cb0f56104a86tstexc-exercise, repositoryType=exercise, triggeredByPushTo=exercise, assignmentRepositoryUri=http://localhost:49152/git/SHORT9AFDAE3804CA304DDF0889A0CB0F56104A86TSTEXC/short9afdae3804ca304ddf0889a0cb0f56104a86tstexc-exercise.git, testRepositoryUri=http://localhost:49152/git/SHORT9AFDAE3804CA304DDF0889A0CB0F56104A86TSTEXC/short9afdae3804ca304ddf0889a0cb0f56104a86tstexc-tests.git, solutionRepositoryUri=null, auxiliaryRepositoryUris=[Ljava.lang.String;@8b3cadc, auxiliaryRepositoryCheckoutDirectories=[Ljava.lang.String;@7dcfa8], jobTimingInfo=JobTimingInfo[submissionDate=2025-02-14T23:45:11.674556681Z[Etc/UTC], buildStartDate=2025-02-14T23:45:11.677776879Z[Etc/UTC], buildCompletionDate=2025-02-14T23:45:11.688097378Z[Etc/UTC], estimatedCompletionDate=2025-02-14T23:45:30.677771620Z[Etc/UTC], estimatedDuration=19], buildConfig=BuildConfig[buildScript=#!/bin/bash
cd /var/tmp/testing-dir
chmod +x ./gradlew
./gradlew clean test
, dockerImage=dummy-docker-image:latest, commitHashToBuild=a1099e378cffde441ef85f9b12577ca174b8e1e4, assignmentCommitHash=a1099e378cffde441ef85f9b12577ca174b8e1e4, testCommitHash=bd38d61c299ab11a1dea82a3ca5493fe04d97d47, branch=main, programmingLanguage=JAVA, projectType=PLAIN_GRADLE, scaEnabled=false, sequentialTestRunsEnabled=false, resultPaths=[/var/tmp/testing-dir/**/test-results/test/*.xml], timeoutSeconds=0, assignmentCheckoutPath=null, testCheckoutPath=null, solutionCheckoutPath=null, dockerRunConfig=null], submissionResult=ResultDTO[id=624, completionDate=2025-02-14T23:45:11.688214837Z[Etc/UTC], successful=false, score=0.0, rated=true, submission=SubmissionDTO[id=816, submitted=true, type=MANUAL, exampleSubmission=null, submissionDate=2025-02-14T23:45:11.656934Z, commitHash=a1099e378cffde441ef85f9b12577ca174b8e1e4, buildFailed=true, buildArtifact=false, participation=ParticipationDTO[id=1935, testRun=false, type=template, submissionCount=null, exercise=ParticipationExerciseDTO[id=2573, exerciseType=PROGRAMMING, type=programming, assessmentType=AUTOMATIC, dueDate=2025-02-16T23:45:10.996982Z, assessmentDueDate=null, maxPoints=42.0, course=CourseDTO[id=956, accuracyOfScores=1]]], submissionExerciseType=programming, isProcessing=false, buildStartDate=null, estimatedCompletionDate=null], participation=ParticipationDTO[id=1935, testRun=false, type=template, submissionCount=null, exercise=ParticipationExerciseDTO[id=2573, exerciseType=PROGRAMMING, type=programming, assessmentType=AUTOMATIC, dueDate=2025-02-16T23:45:10.996982Z, assessmentDueDate=null, maxPoints=42.0, course=CourseDTO[id=956, accuracyOfScores=1]]], feedbacks=[], assessmentType=AUTOMATIC, hasComplaint=null, exampleResult=null, testCaseCount=0, passedTestCaseCount=0, codeIssueCount=0]], BuildJobQueueItem[id=19341739576712112, name=SHORT9AFDAE3804CA304DDF0889A0CB0F56104A86TSTEXC-SOLUTION, buildAgent=BuildAgentDTO[name=artemis-build-agent-test, memberAddress=[127.0.0.1]:5703, displayName=artemis-build-agent-test], participationId=1934, courseId=956, exerciseId=2573, retryCount=0, priority=2, status=FAILED, repositoryInfo=RepositoryInfo[repositoryName=short9afdae3804ca304ddf0889a0cb0f56104a86tstexc-solution, repositoryType=solution, triggeredByPushTo=solution, assignmentRepositoryUri=http://localhost:49152/git/SHORT9AFDAE3804CA304DDF0889A0CB0F56104A86TSTEXC/short9afdae3804ca304ddf0889a0cb0f56104a86tstexc-solution.git, testRepositoryUri=http://localhost:49152/git/SHORT9AFDAE3804CA304DDF0889A0CB0F56104A86TSTEXC/short9afdae3804ca304ddf0889a0cb0f56104a86tstexc-tests.git, solutionRepositoryUri=null, auxiliaryRepositoryUris=[Ljava.lang.String;@6b37a157, auxiliaryRepositoryCheckoutDirectories=[Ljava.lang.String;@1327b632], jobTimingInfo=JobTimingInfo[submissionDate=2025-02-14T23:45:12.112332872Z[Etc/UTC], buildStartDate=2025-02-14T23:45:12.121617114Z[Etc/UTC], buildCompletionDate=2025-02-14T23:45:12.127931701Z[Etc/UTC], estimatedCompletionDate=2025-02-14T23:45:31.121609600Z[Etc/UTC], estimatedDuration=19], buildConfig=BuildConfig[buildScript=#!/bin/bash
cd /var/tmp/testing-dir
chmod +x ./gradlew
./gradlew clean test
, dockerImage=dummy-docker-image:latest, commitHashToBuild=a1099e378cffde441ef85f9b12577ca174b8e1e4, assignmentCommitHash=a1099e378cffde441ef85f9b12577ca174b8e1e4, testCommitHash=bd38d61c299ab11a1dea82a3ca5493fe04d97d47, branch=main, programmingLanguage=JAVA, projectType=PLAIN_GRADLE, scaEnabled=false, sequentialTestRunsEnabled=false, resultPaths=[/var/tmp/testing-dir/**/test-results/test/*.xml], timeoutSeconds=0, assignmentCheckoutPath=null, testCheckoutPath=null, solutionCheckoutPath=null, dockerRunConfig=null], submissionResult=ResultDTO[id=625, completionDate=2025-02-14T23:45:12.128011800Z[Etc/UTC], successful=false, score=0.0, rated=true, submission=SubmissionDTO[id=817, submitted=true, type=MANUAL, exampleSubmission=null, submissionDate=2025-02-14T23:45:12.098737Z, commitHash=a1099e378cffde441ef85f9b12577ca174b8e1e4, buildFailed=true, buildArtifact=false, participation=ParticipationDTO[id=1934, testRun=false, type=solution, submissionCount=null, exercise=ParticipationExerciseDTO[id=2573, exerciseType=PROGRAMMING, type=programming, assessmentType=AUTOMATIC, dueDate=2025-02-16T23:45:10.996982Z, assessmentDueDate=null, maxPoints=42.0, course=CourseDTO[id=956, accuracyOfScores=1]]], submissionExerciseType=programming, isProcessing=false, buildStartDate=null, estimatedCompletionDate=null], participation=ParticipationDTO[id=1934, testRun=false, type=solution, submissionCount=null, exercise=ParticipationExerciseDTO[id=2573, exerciseType=PROGRAMMING, type=programming, assessmentType=AUTOMATIC, dueDate=2025-02-16T23:45:10.996982Z, assessmentDueDate=null, maxPoints=42.0, course=CourseDTO[id=956, accuracyOfScores=1]]], feedbacks=[], assessmentType=AUTOMATIC, hasComplaint=null, exampleResult=null, testCaseCount=0, passedTestCaseCount=0, codeIssueCount=0]]], publicSshKey=ssh-rsa AAAAB3NzaC1yc2EAAAADAQABAAACAQCOPdMsxRE2jFJ/UEa5/LsBxtwzJcrh3/rYBCQvcMeVpiRfhzQPWu7mrt/G2Ew+i+vRloGH9aqKg6dd1liRncao53Zmd/ePxoatXePNhmzTfkCkcSkTUz7B+QMjkoDDV5jwuFPD6mF3JkhuzSi64n9Zy905t4w2IhVcjM2mL3eYNjiCXt6Qpq3Pkt7dM/Ksw1nxnvuiIALuJLB3FTkXkHqq3PJav+9HSq2r6ZaWgekneaGxlQlb+U+Vy3XOuArKAzK8c8i+0bR+AHiTG6ncYXt7ax3U+TdlDTF7OLP3umwaYjs1NBXOHwG42pevvpKn2fqavZZozk+M05jXLx3bq0O7itxfErWc7etky8qYPyyIMF/txQIVLd78+Ze4d7Y60t5MGbXM5cGE6fFif5fEJwgswXD+BrG0cafz1CTatjSKFdvp8Vp4VszXhHDan1PrP6JEFJ5Cc5GDmLRZPCFa3vL9f5qXgf4bkqKN8MYeEujwJE5nMRWoiJVNakix2bcrrneQMBlnYeYZVWXXXUusAQBzl4NgddC1umZpihZkL1b1MffZAUW3EGEXi7KHnllQhkTLLsQ8ntMgbylqaJKStqaXlLvdeRJcEnUuiFCrHEVVbXRFZR7XVDZ02CE5o3MuaRPty8Kh+jRTF3COlAckHwYEJCNNJvXFgb2CNXL4mjzYDw== test@localhost]
    23:45:12.308 | 566 localvc.event-13 | DEBUG | s.l.LocalCIWebsocketMessagingService : Sending message on topic /topic/admin/build-agents: [BuildAgentInformation[buildAgent=BuildAgentDTO[name=artemis-build-agent-test, memberAddress=[127.0.0.1]:5703, displayName=artemis-build-agent-test], maxNumberOfConcurrentBuildJobs=1, numberOfCurrentBuildJobs=0, runningBuildJobs=[], status=IDLE, recentBuildJobs=null, publicSshKey=null]]
    23:45:12.308 | 588 artemis-task-1   | DEBUG | d.t.c.a.a.c.c.w.GzipMessageConverter : Compressed message payload from 255 to 232 (saved 9.0% payload size)
    23:45:12.309 | 606 nio-49152-exec-5 | DEBUG | d.t.c.a.a.p.service.GitService       : Cloning from file:///tmp/SHORT9AFDAE3804CA304DDF0889A0CB0F56104A86TSTEXC/short9afdae3804ca304ddf0889a0cb0f56104a86tstexc-solution.git/ to repos/server-integration-test/SHORT9AFDAE3804CA304DDF0889A0CB0F56104A86TSTEXC/short9afdae3804ca304ddf0889a0cb0f56104a86tstexc-solution
    23:45:12.312 | 566 localvc.event-13 | DEBUG | s.l.LocalCIWebsocketMessagingService : Sending message on topic /topic/admin/build-agent/artemis-build-agent-test: BuildAgentInformation[buildAgent=BuildAgentDTO[name=artemis-build-agent-test, memberAddress=[127.0.0.1]:5703, displayName=artemis-build-agent-test], maxNumberOfConcurrentBuildJobs=1, numberOfCurrentBuildJobs=0, runningBuildJobs=[], status=IDLE, recentBuildJobs=[BuildJobQueueItem[id=19141739576708030, name=SHORT5F02A8F400311042E70858306EB148073CFDTSTEXC-LOCALVCINTSTUDENT1, buildAgent=BuildAgentDTO[name=artemis-build-agent-test, memberAddress=[127.0.0.1]:5703, displayName=artemis-build-agent-test], participationId=1914, courseId=947, exerciseId=2564, retryCount=0, priority=2, status=FAILED, repositoryInfo=RepositoryInfo[repositoryName=short5f02a8f400311042e70858306eb148073cfdtstexc-localvcintstudent1, repositoryType=user, triggeredByPushTo=user, assignmentRepositoryUri=http://localhost:49152/git/SHORT5F02A8F400311042E70858306EB148073CFDTSTEXC/short5f02a8f400311042e70858306eb148073cfdtstexc-localvcintstudent1.git, testRepositoryUri=http://localhost:49152/git/SHORT5F02A8F400311042E70858306EB148073CFDTSTEXC/short5f02a8f400311042e70858306eb148073cfdtstexc-tests.git, solutionRepositoryUri=null, auxiliaryRepositoryUris=[Ljava.lang.String;@3dd1dd14, auxiliaryRepositoryCheckoutDirectories=[Ljava.lang.String;@13e97aba], jobTimingInfo=JobTimingInfo[submissionDate=2025-02-14T23:45:08.030118216Z[Etc/UTC], buildStartDate=2025-02-14T23:45:08.041011412Z[Etc/UTC], buildCompletionDate=2025-02-14T23:45:08.054603331Z[Etc/UTC], estimatedCompletionDate=2025-02-14T23:45:27.041005080Z[Etc/UTC], estimatedDuration=19], buildConfig=BuildConfig[buildScript=#!/bin/bash
cd /var/tmp/testing-dir
chmod +x ./gradlew
./gradlew clean test
, dockerImage=dummy-docker-image:latest, commitHashToBuild=6e7146cac5059504aa9d170ec3fa23aec740bb51, assignmentCommitHash=6e7146cac5059504aa9d170ec3fa23aec740bb51, testCommitHash=931e5303581c7a2f01339ba603cfafbfe668b901, branch=main, programmingLanguage=JAVA, projectType=PLAIN_GRADLE, scaEnabled=false, sequentialTestRunsEnabled=false, resultPaths=[/var/tmp/testing-dir/**/test-results/test/*.xml], timeoutSeconds=0, assignmentCheckoutPath=null, testCheckoutPath=null, solutionCheckoutPath=null, dockerRunConfig=null], submissionResult=ResultDTO[id=622, completionDate=2025-02-14T23:45:08.054683681Z[Etc/UTC], successful=false, score=0.0, rated=true, submission=SubmissionDTO[id=814, submitted=true, type=MANUAL, exampleSubmission=null, submissionDate=2025-02-14T23:45:08.016200Z, commitHash=6e7146cac5059504aa9d170ec3fa23aec740bb51, buildFailed=true, buildArtifact=false, participation=ParticipationDTO[id=1914, testRun=false, type=programming, submissionCount=null, exercise=ParticipationExerciseDTO[id=2564, exerciseType=PROGRAMMING, type=programming, assessmentType=AUTOMATIC, dueDate=2025-02-16T23:45:07.324348Z, assessmentDueDate=null, maxPoints=42.0, course=CourseDTO[id=947, accuracyOfScores=1]]], submissionExerciseType=programming, isProcessing=false, buildStartDate=null, estimatedCompletionDate=null], participation=ParticipationDTO[id=1914, testRun=false, type=programming, submissionCount=null, exercise=ParticipationExerciseDTO[id=2564, exerciseType=PROGRAMMING, type=programming, assessmentType=AUTOMATIC, dueDate=2025-02-16T23:45:07.324348Z, assessmentDueDate=null, maxPoints=42.0, course=CourseDTO[id=947, accuracyOfScores=1]]], feedbacks=[], assessmentType=AUTOMATIC, hasComplaint=null, exampleResult=null, testCaseCount=0, passedTestCaseCount=0, codeIssueCount=0]], BuildJobQueueItem[id=19361739576711303, name=SHORT9AFDAE3804CA304DDF0889A0CB0F56104A86TSTEXC-LOCALVCINTSTUDENT1, buildAgent=BuildAgentDTO[name=artemis-build-agent-test, memberAddress=[127.0.0.1]:5703, displayName=artemis-build-agent-test], participationId=1936, courseId=956, exerciseId=2573, retryCount=0, priority=2, status=FAILED, repositoryInfo=RepositoryInfo[repositoryName=short9afdae3804ca304ddf0889a0cb0f56104a86tstexc-localvcintstudent1, repositoryType=user, triggeredByPushTo=user, assignmentRepositoryUri=http://localhost:49152/git/SHORT9AFDAE3804CA304DDF0889A0CB0F56104A86TSTEXC/short9afdae3804ca304ddf0889a0cb0f56104a86tstexc-localvcintstudent1.git, testRepositoryUri=http://localhost:49152/git/SHORT9AFDAE3804CA304DDF0889A0CB0F56104A86TSTEXC/short9afdae3804ca304ddf0889a0cb0f56104a86tstexc-tests.git, solutionRepositoryUri=null, auxiliaryRepositoryUris=[Ljava.lang.String;@35469a0c, auxiliaryRepositoryCheckoutDirectories=[Ljava.lang.String;@9611b85], jobTimingInfo=JobTimingInfo[submissionDate=2025-02-14T23:45:11.303805653Z[Etc/UTC], buildStartDate=2025-02-14T23:45:11.310981356Z[Etc/UTC], buildCompletionDate=2025-02-14T23:45:11.319178384Z[Etc/UTC], estimatedCompletionDate=2025-02-14T23:45:30.310974944Z[Etc/UTC], estimatedDuration=19], buildConfig=BuildConfig[buildScript=#!/bin/bash
cd /var/tmp/testing-dir
chmod +x ./gradlew
./gradlew clean test
, dockerImage=dummy-docker-image:latest, commitHashToBuild=a1099e378cffde441ef85f9b12577ca174b8e1e4, assignmentCommitHash=a1099e378cffde441ef85f9b12577ca174b8e1e4, testCommitHash=bd38d61c299ab11a1dea82a3ca5493fe04d97d47, branch=main, programmingLanguage=JAVA, projectType=PLAIN_GRADLE, scaEnabled=false, sequentialTestRunsEnabled=false, resultPaths=[/var/tmp/testing-dir/**/test-results/test/*.xml], timeoutSeconds=0, assignmentCheckoutPath=null, testCheckoutPath=null, solutionCheckoutPath=null, dockerRunConfig=null], submissionResult=ResultDTO[id=623, completionDate=2025-02-14T23:45:11.319278430Z[Etc/UTC], successful=false, score=0.0, rated=true, submission=SubmissionDTO[id=815, submitted=true, type=MANUAL, exampleSubmission=null, submissionDate=2025-02-14T23:45:11.294386Z, commitHash=a1099e378cffde441ef85f9b12577ca174b8e1e4, buildFailed=true, buildArtifact=false, participation=ParticipationDTO[id=1936, testRun=false, type=programming, submissionCount=null, exercise=ParticipationExerciseDTO[id=2573, exerciseType=PROGRAMMING, type=programming, assessmentType=AUTOMATIC, dueDate=2025-02-16T23:45:10.996982Z, assessmentDueDate=null, maxPoints=42.0, course=CourseDTO[id=956, accuracyOfScores=1]]], submissionExerciseType=programming, isProcessing=false, buildStartDate=null, estimatedCompletionDate=null], participation=ParticipationDTO[id=1936, testRun=false, type=programming, submissionCount=null, exercise=ParticipationExerciseDTO[id=2573, exerciseType=PROGRAMMING, type=programming, assessmentType=AUTOMATIC, dueDate=2025-02-16T23:45:10.996982Z, assessmentDueDate=null, maxPoints=42.0, course=CourseDTO[id=956, accuracyOfScores=1]]], feedbacks=[], assessmentType=AUTOMATIC, hasComplaint=null, exampleResult=null, testCaseCount=0, passedTestCaseCount=0, codeIssueCount=0]], BuildJobQueueItem[id=19351739576711674, name=SHORT9AFDAE3804CA304DDF0889A0CB0F56104A86TSTEXC-BASE, buildAgent=BuildAgentDTO[name=artemis-build-agent-test, memberAddress=[127.0.0.1]:5703, displayName=artemis-build-agent-test], participationId=1935, courseId=956, exerciseId=2573, retryCount=0, priority=2, status=FAILED, repositoryInfo=RepositoryInfo[repositoryName=short9afdae3804ca304ddf0889a0cb0f56104a86tstexc-exercise, repositoryType=exercise, triggeredByPushTo=exercise, assignmentRepositoryUri=http://localhost:49152/git/SHORT9AFDAE3804CA304DDF0889A0CB0F56104A86TSTEXC/short9afdae3804ca304ddf0889a0cb0f56104a86tstexc-exercise.git, testRepositoryUri=http://localhost:49152/git/SHORT9AFDAE3804CA304DDF0889A0CB0F56104A86TSTEXC/short9afdae3804ca304ddf0889a0cb0f56104a86tstexc-tests.git, solutionRepositoryUri=null, auxiliaryRepositoryUris=[Ljava.lang.String;@3a6b4ec0, auxiliaryRepositoryCheckoutDirectories=[Ljava.lang.String;@620fcf9d], jobTimingInfo=JobTimingInfo[submissionDate=2025-02-14T23:45:11.674556681Z[Etc/UTC], buildStartDate=2025-02-14T23:45:11.677776879Z[Etc/UTC], buildCompletionDate=2025-02-14T23:45:11.688097378Z[Etc/UTC], estimatedCompletionDate=2025-02-14T23:45:30.677771620Z[Etc/UTC], estimatedDuration=19], buildConfig=BuildConfig[buildScript=#!/bin/bash
cd /var/tmp/testing-dir
chmod +x ./gradlew
./gradlew clean test
, dockerImage=dummy-docker-image:latest, commitHashToBuild=a1099e378cffde441ef85f9b12577ca174b8e1e4, assignmentCommitHash=a1099e378cffde441ef85f9b12577ca174b8e1e4, testCommitHash=bd38d61c299ab11a1dea82a3ca5493fe04d97d47, branch=main, programmingLanguage=JAVA, projectType=PLAIN_GRADLE, scaEnabled=false, sequentialTestRunsEnabled=false, resultPaths=[/var/tmp/testing-dir/**/test-results/test/*.xml], timeoutSeconds=0, assignmentCheckoutPath=null, testCheckoutPath=null, solutionCheckoutPath=null, dockerRunConfig=null], submissionResult=ResultDTO[id=624, completionDate=2025-02-14T23:45:11.688214837Z[Etc/UTC], successful=false, score=0.0, rated=true, submission=SubmissionDTO[id=816, submitted=true, type=MANUAL, exampleSubmission=null, submissionDate=2025-02-14T23:45:11.656934Z, commitHash=a1099e378cffde441ef85f9b12577ca174b8e1e4, buildFailed=true, buildArtifact=false, participation=ParticipationDTO[id=1935, testRun=false, type=template, submissionCount=null, exercise=ParticipationExerciseDTO[id=2573, exerciseType=PROGRAMMING, type=programming, assessmentType=AUTOMATIC, dueDate=2025-02-16T23:45:10.996982Z, assessmentDueDate=null, maxPoints=42.0, course=CourseDTO[id=956, accuracyOfScores=1]]], submissionExerciseType=programming, isProcessing=false, buildStartDate=null, estimatedCompletionDate=null], participation=ParticipationDTO[id=1935, testRun=false, type=template, submissionCount=null, exercise=ParticipationExerciseDTO[id=2573, exerciseType=PROGRAMMING, type=programming, assessmentType=AUTOMATIC, dueDate=2025-02-16T23:45:10.996982Z, assessmentDueDate=null, maxPoints=42.0, course=CourseDTO[id=956, accuracyOfScores=1]]], feedbacks=[], assessmentType=AUTOMATIC, hasComplaint=null, exampleResult=null, testCaseCount=0, passedTestCaseCount=0, codeIssueCount=0]], BuildJobQueueItem[id=19341739576712112, name=SHORT9AFDAE3804CA304DDF0889A0CB0F56104A86TSTEXC-SOLUTION, buildAgent=BuildAgentDTO[name=artemis-build-agent-test, memberAddress=[127.0.0.1]:5703, displayName=artemis-build-agent-test], participationId=1934, courseId=956, exerciseId=2573, retryCount=0, priority=2, status=FAILED, repositoryInfo=RepositoryInfo[repositoryName=short9afdae3804ca304ddf0889a0cb0f56104a86tstexc-solution, repositoryType=solution, triggeredByPushTo=solution, assignmentRepositoryUri=http://localhost:49152/git/SHORT9AFDAE3804CA304DDF0889A0CB0F56104A86TSTEXC/short9afdae3804ca304ddf0889a0cb0f56104a86tstexc-solution.git, testRepositoryUri=http://localhost:49152/git/SHORT9AFDAE3804CA304DDF0889A0CB0F56104A86TSTEXC/short9afdae3804ca304ddf0889a0cb0f56104a86tstexc-tests.git, solutionRepositoryUri=null, auxiliaryRepositoryUris=[Ljava.lang.String;@6398bf2a, auxiliaryRepositoryCheckoutDirectories=[Ljava.lang.String;@62a42def], jobTimingInfo=JobTimingInfo[submissionDate=2025-02-14T23:45:12.112332872Z[Etc/UTC], buildStartDate=2025-02-14T23:45:12.121617114Z[Etc/UTC], buildCompletionDate=2025-02-14T23:45:12.127931701Z[Etc/UTC], estimatedCompletionDate=2025-02-14T23:45:31.121609600Z[Etc/UTC], estimatedDuration=19], buildConfig=BuildConfig[buildScript=#!/bin/bash
cd /var/tmp/testing-dir
chmod +x ./gradlew
./gradlew clean test
, dockerImage=dummy-docker-image:latest, commitHashToBuild=a1099e378cffde441ef85f9b12577ca174b8e1e4, assignmentCommitHash=a1099e378cffde441ef85f9b12577ca174b8e1e4, testCommitHash=bd38d61c299ab11a1dea82a3ca5493fe04d97d47, branch=main, programmingLanguage=JAVA, projectType=PLAIN_GRADLE, scaEnabled=false, sequentialTestRunsEnabled=false, resultPaths=[/var/tmp/testing-dir/**/test-results/test/*.xml], timeoutSeconds=0, assignmentCheckoutPath=null, testCheckoutPath=null, solutionCheckoutPath=null, dockerRunConfig=null], submissionResult=ResultDTO[id=625, completionDate=2025-02-14T23:45:12.128011800Z[Etc/UTC], successful=false, score=0.0, rated=true, submission=SubmissionDTO[id=817, submitted=true, type=MANUAL, exampleSubmission=null, submissionDate=2025-02-14T23:45:12.098737Z, commitHash=a1099e378cffde441ef85f9b12577ca174b8e1e4, buildFailed=true, buildArtifact=false, participation=ParticipationDTO[id=1934, testRun=false, type=solution, submissionCount=null, exercise=ParticipationExerciseDTO[id=2573, exerciseType=PROGRAMMING, type=programming, assessmentType=AUTOMATIC, dueDate=2025-02-16T23:45:10.996982Z, assessmentDueDate=null, maxPoints=42.0, course=CourseDTO[id=956, accuracyOfScores=1]]], submissionExerciseType=programming, isProcessing=false, buildStartDate=null, estimatedCompletionDate=null], participation=ParticipationDTO[id=1934, testRun=false, type=solution, submissionCount=null, exercise=ParticipationExerciseDTO[id=2573, exerciseType=PROGRAMMING, type=programming, assessmentType=AUTOMATIC, dueDate=2025-02-16T23:45:10.996982Z, assessmentDueDate=null, maxPoints=42.0, course=CourseDTO[id=956, accuracyOfScores=1]]], feedbacks=[], assessmentType=AUTOMATIC, hasComplaint=null, exampleResult=null, testCaseCount=0, passedTestCaseCount=0, codeIssueCount=0]]], publicSshKey=ssh-rsa AAAAB3NzaC1yc2EAAAADAQABAAACAQCOPdMsxRE2jFJ/UEa5/LsBxtwzJcrh3/rYBCQvcMeVpiRfhzQPWu7mrt/G2Ew+i+vRloGH9aqKg6dd1liRncao53Zmd/ePxoatXePNhmzTfkCkcSkTUz7B+QMjkoDDV5jwuFPD6mF3JkhuzSi64n9Zy905t4w2IhVcjM2mL3eYNjiCXt6Qpq3Pkt7dM/Ksw1nxnvuiIALuJLB3FTkXkHqq3PJav+9HSq2r6ZaWgekneaGxlQlb+U+Vy3XOuArKAzK8c8i+0bR+AHiTG6ncYXt7ax3U+TdlDTF7OLP3umwaYjs1NBXOHwG42pevvpKn2fqavZZozk+M05jXLx3bq0O7itxfErWc7etky8qYPyyIMF/txQIVLd78+Ze4d7Y60t5MGbXM5cGE6fFif5fEJwgswXD+BrG0cafz1CTatjSKFdvp8Vp4VszXhHDan1PrP6JEFJ5Cc5GDmLRZPCFa3vL9f5qXgf4bkqKN8MYeEujwJE5nMRWoiJVNakix2bcrrneQMBlnYeYZVWXXXUusAQBzl4NgddC1umZpihZkL1b1MffZAUW3EGEXi7KHnllQhkTLLsQ8ntMgbylqaJKStqaXlLvdeRJcEnUuiFCrHEVVbXRFZR7XVDZ02CE5o3MuaRPty8Kh+jRTF3COlAckHwYEJCNNJvXFgb2CNXL4mjzYDw== test@localhost]
    23:45:12.313 | 566 localvc.event-13 | DEBUG | a.p.s.l.SharedQueueManagementService : Build agent updated: null
    23:45:12.314 | 588 artemis-task-1   | DEBUG | d.t.c.a.a.c.c.w.GzipMessageConverter : Compressed message payload from 15410 to 3316 (saved 78.5% payload size)
    23:45:12.320 | 606 nio-49152-exec-5 | ERROR | d.t.c.a.a.p.s.AbstractGitService     : Cannot use ssh properly because of mismatch of Jgit transport object: org.eclipse.jgit.transport.TransportLocal@190623c0
    23:45:12.361 | 606 nio-49152-exec-5 | DEBUG | d.t.c.a.a.p.service.GitService       : Fetch repos/server-integration-test/SHORT9AFDAE3804CA304DDF0889A0CB0F56104A86TSTEXC/short9afdae3804ca304ddf0889a0cb0f56104a86tstexc-solution
    23:45:12.362 | 606 nio-49152-exec-5 | ERROR | d.t.c.a.a.p.s.AbstractGitService     : Cannot use ssh properly because of mismatch of Jgit transport object: org.eclipse.jgit.transport.TransportLocal@1f6fcf6e
    23:45:12.373 | 606 nio-49152-exec-5 | ERROR | d.t.c.a.a.p.s.AbstractGitService     : Cannot use ssh properly because of mismatch of Jgit transport object: org.eclipse.jgit.transport.TransportLocal@1caee2f0
    23:45:12.384 | 606 nio-49152-exec-5 | DEBUG | d.t.c.a.a.p.service.GitService       : Pull ignore conflicts repos/server-integration-test/SHORT9AFDAE3804CA304DDF0889A0CB0F56104A86TSTEXC/short9afdae3804ca304ddf0889a0cb0f56104a86tstexc-solution
    23:45:12.385 | 606 nio-49152-exec-5 | ERROR | d.t.c.a.a.p.s.AbstractGitService     : Cannot use ssh properly because of mismatch of Jgit transport object: org.eclipse.jgit.transport.TransportLocal@7a6dce35
    23:45:12.421 | 606 nio-49152-exec-5 | DEBUG | .t.c.a.a.p.s.l.LocalVCServletService : New push processed to repository http://localhost:49152/git/SHORT9AFDAE3804CA304DDF0889A0CB0F56104A86TSTEXC/short9afdae3804ca304ddf0889a0cb0f56104a86tstexc-solution.git for commit a1099e378cffde441ef85f9b12577ca174b8e1e4 in 364.88ms. A build job was queued.
    23:45:12.433 | 608 nio-49152-exec-7 | DEBUG | d.t.c.a.a.c.s.f.ApiVersionFilter     : Adding Version to Request GET /git/SHORT9AFDAE3804CA304DDF0889A0CB0F56104A86TSTEXC/short9afdae3804ca304ddf0889a0cb0f56104a86tstexc-solution.git/info/refs
    23:45:12.433 | 608 nio-49152-exec-7 | DEBUG | .t.c.a.a.p.s.l.LocalVCServletService : Path to resolve repository from: /tmp/SHORT9AFDAE3804CA304DDF0889A0CB0F56104A86TSTEXC/short9afdae3804ca304ddf0889a0cb0f56104a86tstexc-solution.git
    23:45:12.433 | 608 nio-49152-exec-7 | DEBUG | .t.c.a.a.p.s.l.LocalVCServletService : Retrieving cached local repository SHORT9AFDAE3804CA304DDF0889A0CB0F56104A86TSTEXC/short9afdae3804ca304ddf0889a0cb0f56104a86tstexc-solution.git
    23:45:12.433 | 608 nio-49152-exec-7 | DEBUG | .t.c.a.a.p.s.l.LocalVCServletService : Resolving repository for repository SHORT9AFDAE3804CA304DDF0889A0CB0F56104A86TSTEXC/short9afdae3804ca304ddf0889a0cb0f56104a86tstexc-solution.git took 29µs
    23:45:12.434 | 608 nio-49152-exec-7 | DEBUG | d.t.c.a.a.p.s.l.LocalVCPushFilter    : Trying to push to repository /git/SHORT9AFDAE3804CA304DDF0889A0CB0F56104A86TSTEXC/short9afdae3804ca304ddf0889a0cb0f56104a86tstexc-solution.git/info/refs
    23:45:12.447 | 608 nio-49152-exec-7 | DEBUG | t.c.a.a.c.s.DomainUserDetailsService : Authenticating localvcintinstructor1
    23:45:12.695 | 614 taskScheduler-3  | DEBUG | a.a.b.s.SharedQueueProcessingService : Currently processing jobs on this node: 0, active threads in Pool: 0, maximum pool size of thread executor : 1
    23:45:12.702 | 588 artemis-task-1   | DEBUG | d.t.c.a.a.p.s.l.VcsAccessLogService  : Storing access operation for user User{login='localvcintinstructor1', firstName='localvcintinstructor1First', lastName='localvcintinstructor1Last', email='localvcintinstructor1@test.de', imageUrl='null', activated='true', langKey='en', activationKey='null'}
    23:45:12.702 | 608 nio-49152-exec-7 | DEBUG | .t.c.a.a.p.s.l.LocalVCServletService : Authorizing user localvcintinstructor1 for repository http://localhost:49152/git/SHORT9AFDAE3804CA304DDF0889A0CB0F56104A86TSTEXC/short9afdae3804ca304ddf0889a0cb0f56104a86tstexc-solution.git took 267.69ms
    23:45:12.713 | 609 nio-49152-exec-8 | DEBUG | d.t.c.a.a.c.s.f.ApiVersionFilter     : Adding Version to Request GET /git/SHORT9AFDAE3804CA304DDF0889A0CB0F56104A86TSTEXC/short9afdae3804ca304ddf0889a0cb0f56104a86tstexc-solution.git/info/refs
    23:45:12.713 | 609 nio-49152-exec-8 | DEBUG | .t.c.a.a.p.s.l.LocalVCServletService : Path to resolve repository from: /tmp/SHORT9AFDAE3804CA304DDF0889A0CB0F56104A86TSTEXC/short9afdae3804ca304ddf0889a0cb0f56104a86tstexc-solution.git
    23:45:12.713 | 609 nio-49152-exec-8 | DEBUG | .t.c.a.a.p.s.l.LocalVCServletService : Retrieving cached local repository SHORT9AFDAE3804CA304DDF0889A0CB0F56104A86TSTEXC/short9afdae3804ca304ddf0889a0cb0f56104a86tstexc-solution.git
    23:45:12.713 | 609 nio-49152-exec-8 | DEBUG | .t.c.a.a.p.s.l.LocalVCServletService : Resolving repository for repository SHORT9AFDAE3804CA304DDF0889A0CB0F56104A86TSTEXC/short9afdae3804ca304ddf0889a0cb0f56104a86tstexc-solution.git took 29µs
    23:45:12.713 | 609 nio-49152-exec-8 | DEBUG | d.t.c.a.a.p.s.l.LocalVCPushFilter    : Trying to push to repository /git/SHORT9AFDAE3804CA304DDF0889A0CB0F56104A86TSTEXC/short9afdae3804ca304ddf0889a0cb0f56104a86tstexc-solution.git/info/refs
    23:45:12.721 | 609 nio-49152-exec-8 | DEBUG | t.c.a.a.c.s.DomainUserDetailsService : Authenticating localvcintinstructor1
    23:45:12.776 | 609 nio-49152-exec-8 | DEBUG | .t.c.a.a.p.s.l.LocalVCServletService : Authorizing user localvcintinstructor1 for repository http://localhost:49152/git/SHORT9AFDAE3804CA304DDF0889A0CB0F56104A86TSTEXC/short9afdae3804ca304ddf0889a0cb0f56104a86tstexc-solution.git took 62.76ms
    23:45:12.777 | 588 artemis-task-1   | DEBUG | d.t.c.a.a.p.s.l.VcsAccessLogService  : Storing access operation for user User{login='localvcintinstructor1', firstName='localvcintinstructor1First', lastName='localvcintinstructor1Last', email='localvcintinstructor1@test.de', imageUrl='null', activated='true', langKey='en', activationKey='null'}
    23:45:12.788 | 610 nio-49152-exec-9 | DEBUG | d.t.c.a.a.c.s.f.ApiVersionFilter     : Adding Version to Request POST /git/SHORT9AFDAE3804CA304DDF0889A0CB0F56104A86TSTEXC/short9afdae3804ca304ddf0889a0cb0f56104a86tstexc-solution.git/git-receive-pack
    23:45:12.788 | 610 nio-49152-exec-9 | DEBUG | .t.c.a.a.p.s.l.LocalVCServletService : Path to resolve repository from: /tmp/SHORT9AFDAE3804CA304DDF0889A0CB0F56104A86TSTEXC/short9afdae3804ca304ddf0889a0cb0f56104a86tstexc-solution.git
    23:45:12.788 | 610 nio-49152-exec-9 | DEBUG | .t.c.a.a.p.s.l.LocalVCServletService : Retrieving cached local repository SHORT9AFDAE3804CA304DDF0889A0CB0F56104A86TSTEXC/short9afdae3804ca304ddf0889a0cb0f56104a86tstexc-solution.git
    23:45:12.788 | 610 nio-49152-exec-9 | DEBUG | .t.c.a.a.p.s.l.LocalVCServletService : Resolving repository for repository SHORT9AFDAE3804CA304DDF0889A0CB0F56104A86TSTEXC/short9afdae3804ca304ddf0889a0cb0f56104a86tstexc-solution.git took 21µs
    23:45:12.788 | 610 nio-49152-exec-9 | DEBUG | d.t.c.a.a.p.s.l.LocalVCPushFilter    : Trying to push to repository /git/SHORT9AFDAE3804CA304DDF0889A0CB0F56104A86TSTEXC/short9afdae3804ca304ddf0889a0cb0f56104a86tstexc-solution.git/git-receive-pack
    23:45:12.830 | 611 io-49152-exec-10 | DEBUG | d.t.c.a.a.c.s.f.ApiVersionFilter     : Adding Version to Request GET /git/SHORT9AFDAE3804CA304DDF0889A0CB0F56104A86TSTEXC/short9afdae3804ca304ddf0889a0cb0f56104a86tstexc-tests.git/info/refs
    23:45:12.830 | 611 io-49152-exec-10 | DEBUG | .t.c.a.a.p.s.l.LocalVCServletService : Path to resolve repository from: /tmp/SHORT9AFDAE3804CA304DDF0889A0CB0F56104A86TSTEXC/short9afdae3804ca304ddf0889a0cb0f56104a86tstexc-tests.git
    23:45:12.830 | 611 io-49152-exec-10 | DEBUG | .t.c.a.a.p.s.l.LocalVCServletService : Opening local repository SHORT9AFDAE3804CA304DDF0889A0CB0F56104A86TSTEXC/short9afdae3804ca304ddf0889a0cb0f56104a86tstexc-tests.git
    23:45:12.836 | 611 io-49152-exec-10 | DEBUG | .t.c.a.a.p.s.l.LocalVCServletService : Resolving repository for repository SHORT9AFDAE3804CA304DDF0889A0CB0F56104A86TSTEXC/short9afdae3804ca304ddf0889a0cb0f56104a86tstexc-tests.git took 5.45ms
    23:45:12.836 | 611 io-49152-exec-10 | DEBUG | d.t.c.a.a.p.s.l.LocalVCFetchFilter   : Trying to fetch repository /git/SHORT9AFDAE3804CA304DDF0889A0CB0F56104A86TSTEXC/short9afdae3804ca304ddf0889a0cb0f56104a86tstexc-tests.git/info/refs
    23:45:12.841 | 611 io-49152-exec-10 | DEBUG | t.c.a.a.c.s.DomainUserDetailsService : Authenticating localvcintinstructor1
    23:45:12.846 | 611 io-49152-exec-10 | DEBUG | .t.c.a.a.p.s.l.LocalVCServletService : Authorizing user localvcintinstructor1 for repository http://localhost:49152/git/SHORT9AFDAE3804CA304DDF0889A0CB0F56104A86TSTEXC/short9afdae3804ca304ddf0889a0cb0f56104a86tstexc-tests.git took 9.78ms
    23:45:12.853 | 602 nio-49152-exec-1 | DEBUG | d.t.c.a.a.c.s.f.ApiVersionFilter     : Adding Version to Request POST /git/SHORT9AFDAE3804CA304DDF0889A0CB0F56104A86TSTEXC/short9afdae3804ca304ddf0889a0cb0f56104a86tstexc-tests.git/git-upload-pack
    23:45:12.853 | 602 nio-49152-exec-1 | DEBUG | .t.c.a.a.p.s.l.LocalVCServletService : Path to resolve repository from: /tmp/SHORT9AFDAE3804CA304DDF0889A0CB0F56104A86TSTEXC/short9afdae3804ca304ddf0889a0cb0f56104a86tstexc-tests.git
    23:45:12.853 | 602 nio-49152-exec-1 | DEBUG | .t.c.a.a.p.s.l.LocalVCServletService : Retrieving cached local repository SHORT9AFDAE3804CA304DDF0889A0CB0F56104A86TSTEXC/short9afdae3804ca304ddf0889a0cb0f56104a86tstexc-tests.git
    23:45:12.853 | 602 nio-49152-exec-1 | DEBUG | .t.c.a.a.p.s.l.LocalVCServletService : Resolving repository for repository SHORT9AFDAE3804CA304DDF0889A0CB0F56104A86TSTEXC/short9afdae3804ca304ddf0889a0cb0f56104a86tstexc-tests.git took 25µs
    23:45:12.855 | 602 nio-49152-exec-1 | DEBUG | d.t.c.a.a.p.s.l.LocalVCFetchFilter   : Trying to fetch repository /git/SHORT9AFDAE3804CA304DDF0889A0CB0F56104A86TSTEXC/short9afdae3804ca304ddf0889a0cb0f56104a86tstexc-tests.git/git-upload-pack
    23:45:12.877 | 603 nio-49152-exec-2 | DEBUG | d.t.c.a.a.c.s.f.ApiVersionFilter     : Adding Version to Request GET /git/SHORT9AFDAE3804CA304DDF0889A0CB0F56104A86TSTEXC/short9afdae3804ca304ddf0889a0cb0f56104a86tstexc-tests.git/info/refs
    23:45:12.885 | 603 nio-49152-exec-2 | DEBUG | .t.c.a.a.p.s.l.LocalVCServletService : Path to resolve repository from: /tmp/SHORT9AFDAE3804CA304DDF0889A0CB0F56104A86TSTEXC/short9afdae3804ca304ddf0889a0cb0f56104a86tstexc-tests.git
    23:45:12.885 | 603 nio-49152-exec-2 | DEBUG | .t.c.a.a.p.s.l.LocalVCServletService : Retrieving cached local repository SHORT9AFDAE3804CA304DDF0889A0CB0F56104A86TSTEXC/short9afdae3804ca304ddf0889a0cb0f56104a86tstexc-tests.git
    23:45:12.885 | 603 nio-49152-exec-2 | DEBUG | .t.c.a.a.p.s.l.LocalVCServletService : Resolving repository for repository SHORT9AFDAE3804CA304DDF0889A0CB0F56104A86TSTEXC/short9afdae3804ca304ddf0889a0cb0f56104a86tstexc-tests.git took 38µs
    23:45:12.887 | 603 nio-49152-exec-2 | DEBUG | d.t.c.a.a.p.s.l.LocalVCPushFilter    : Trying to push to repository /git/SHORT9AFDAE3804CA304DDF0889A0CB0F56104A86TSTEXC/short9afdae3804ca304ddf0889a0cb0f56104a86tstexc-tests.git/info/refs
    23:45:12.896 | 603 nio-49152-exec-2 | DEBUG | t.c.a.a.c.s.DomainUserDetailsService : Authenticating localvcintinstructor1
    23:45:12.915 | 603 nio-49152-exec-2 | DEBUG | .t.c.a.a.p.s.l.LocalVCServletService : Authorizing user localvcintinstructor1 for repository http://localhost:49152/git/SHORT9AFDAE3804CA304DDF0889A0CB0F56104A86TSTEXC/short9afdae3804ca304ddf0889a0cb0f56104a86tstexc-tests.git took 28.59ms
    23:45:12.932 | 604 nio-49152-exec-3 | DEBUG | d.t.c.a.a.c.s.f.ApiVersionFilter     : Adding Version to Request POST /git/SHORT9AFDAE3804CA304DDF0889A0CB0F56104A86TSTEXC/short9afdae3804ca304ddf0889a0cb0f56104a86tstexc-tests.git/git-receive-pack
    23:45:12.932 | 604 nio-49152-exec-3 | DEBUG | .t.c.a.a.p.s.l.LocalVCServletService : Path to resolve repository from: /tmp/SHORT9AFDAE3804CA304DDF0889A0CB0F56104A86TSTEXC/short9afdae3804ca304ddf0889a0cb0f56104a86tstexc-tests.git
    23:45:12.932 | 604 nio-49152-exec-3 | DEBUG | .t.c.a.a.p.s.l.LocalVCServletService : Retrieving cached local repository SHORT9AFDAE3804CA304DDF0889A0CB0F56104A86TSTEXC/short9afdae3804ca304ddf0889a0cb0f56104a86tstexc-tests.git
    23:45:12.932 | 604 nio-49152-exec-3 | DEBUG | .t.c.a.a.p.s.l.LocalVCServletService : Resolving repository for repository SHORT9AFDAE3804CA304DDF0889A0CB0F56104A86TSTEXC/short9afdae3804ca304ddf0889a0cb0f56104a86tstexc-tests.git took 42µs
    23:45:12.933 | 604 nio-49152-exec-3 | DEBUG | d.t.c.a.a.p.s.l.LocalVCPushFilter    : Trying to push to repository /git/SHORT9AFDAE3804CA304DDF0889A0CB0F56104A86TSTEXC/short9afdae3804ca304ddf0889a0cb0f56104a86tstexc-tests.git/git-receive-pack
    23:45:13.018 | 604 nio-49152-exec-3 | INFO  | .t.c.a.a.p.s.l.LocalCITriggerService : Triggering build for participation 1934 and commit hash 784f8f0049d2a1a54f21c67dd772bea86715267a
    23:45:13.018 | 604 nio-49152-exec-3 | DEBUG | d.t.c.a.a.p.s.AbstractGitService     : getLastCommitHash http://localhost:49152/git/SHORT9AFDAE3804CA304DDF0889A0CB0F56104A86TSTEXC/short9afdae3804ca304ddf0889a0cb0f56104a86tstexc-solution.git
    23:45:13.019 | 604 nio-49152-exec-3 | ERROR | d.t.c.a.a.p.s.AbstractGitService     : Cannot use ssh properly because of mismatch of Jgit transport object: org.eclipse.jgit.transport.TransportLocal@6e3fe6a8
    23:45:13.035 | 566 localvc.event-13 | DEBUG | a.a.b.s.SharedQueueProcessingService : CIBuildJobQueueItem added to queue: BuildJobQueueItem[id=19341739576713025, name=SHORT9AFDAE3804CA304DDF0889A0CB0F56104A86TSTEXC-SOLUTION, buildAgent=BuildAgentDTO[name=null, memberAddress=null, displayName=null], participationId=1934, courseId=956, exerciseId=2573, retryCount=0, priority=2, status=null, repositoryInfo=RepositoryInfo[repositoryName=short9afdae3804ca304ddf0889a0cb0f56104a86tstexc-solution, repositoryType=solution, triggeredByPushTo=tests, assignmentRepositoryUri=http://localhost:49152/git/SHORT9AFDAE3804CA304DDF0889A0CB0F56104A86TSTEXC/short9afdae3804ca304ddf0889a0cb0f56104a86tstexc-solution.git, testRepositoryUri=http://localhost:49152/git/SHORT9AFDAE3804CA304DDF0889A0CB0F56104A86TSTEXC/short9afdae3804ca304ddf0889a0cb0f56104a86tstexc-tests.git, solutionRepositoryUri=null, auxiliaryRepositoryUris=[Ljava.lang.String;@1eb636c4, auxiliaryRepositoryCheckoutDirectories=[Ljava.lang.String;@38f1bbd7], jobTimingInfo=JobTimingInfo[submissionDate=2025-02-14T23:45:13.025319671Z[Etc/UTC], buildStartDate=null, buildCompletionDate=null, estimatedCompletionDate=null, estimatedDuration=19], buildConfig=BuildConfig[buildScript=#!/bin/bash
cd /var/tmp/testing-dir
chmod +x ./gradlew
./gradlew clean test
, dockerImage=dummy-docker-image:latest, commitHashToBuild=784f8f0049d2a1a54f21c67dd772bea86715267a, assignmentCommitHash=a1099e378cffde441ef85f9b12577ca174b8e1e4, testCommitHash=784f8f0049d2a1a54f21c67dd772bea86715267a, branch=main, programmingLanguage=JAVA, projectType=PLAIN_GRADLE, scaEnabled=false, sequentialTestRunsEnabled=false, resultPaths=[/var/tmp/testing-dir/**/test-results/test/*.xml], timeoutSeconds=0, assignmentCheckoutPath=null, testCheckoutPath=null, solutionCheckoutPath=null, dockerRunConfig=null], submissionResult=null]
    23:45:13.035 | 566 localvc.event-13 | DEBUG | a.a.b.s.SharedQueueProcessingService : Current queued items: 1
    23:45:13.035 | 566 localvc.event-13 | DEBUG | a.a.b.s.SharedQueueProcessingService : Currently processing jobs on this node: 0, active threads in Pool: 0, maximum pool size of thread executor : 1
    23:45:13.037 | 566 localvc.event-13 | DEBUG | a.a.b.s.SharedQueueProcessingService : Currently processing jobs on this node: 0, active threads in Pool: 0, maximum pool size of thread executor : 1
    23:45:13.037 | 604 nio-49152-exec-3 | INFO  | .t.c.a.a.p.s.l.LocalCITriggerService : Added build job 19341739576713025 for exercise TSTEXC and participation 1934 with priority 2 to the queue
    23:45:13.040 | 567 localvc.event-14 | DEBUG | a.p.s.l.LocalCIQueueWebsocketService : CIBuildJobQueueItem added to processing jobs: BuildJobQueueItem[id=19341739576713025, name=SHORT9AFDAE3804CA304DDF0889A0CB0F56104A86TSTEXC-SOLUTION, buildAgent=BuildAgentDTO[name=artemis-build-agent-test, memberAddress=[127.0.0.1]:5703, displayName=artemis-build-agent-test], participationId=1934, courseId=956, exerciseId=2573, retryCount=0, priority=2, status=null, repositoryInfo=RepositoryInfo[repositoryName=short9afdae3804ca304ddf0889a0cb0f56104a86tstexc-solution, repositoryType=solution, triggeredByPushTo=tests, assignmentRepositoryUri=http://localhost:49152/git/SHORT9AFDAE3804CA304DDF0889A0CB0F56104A86TSTEXC/short9afdae3804ca304ddf0889a0cb0f56104a86tstexc-solution.git, testRepositoryUri=http://localhost:49152/git/SHORT9AFDAE3804CA304DDF0889A0CB0F56104A86TSTEXC/short9afdae3804ca304ddf0889a0cb0f56104a86tstexc-tests.git, solutionRepositoryUri=null, auxiliaryRepositoryUris=[Ljava.lang.String;@76e3b941, auxiliaryRepositoryCheckoutDirectories=[Ljava.lang.String;@7c34cf3d], jobTimingInfo=JobTimingInfo[submissionDate=2025-02-14T23:45:13.025319671Z[Etc/UTC], buildStartDate=2025-02-14T23:45:13.040293146Z[Etc/UTC], buildCompletionDate=null, estimatedCompletionDate=2025-02-14T23:45:32.040285703Z[Etc/UTC], estimatedDuration=19], buildConfig=BuildConfig[buildScript=#!/bin/bash
cd /var/tmp/testing-dir
chmod +x ./gradlew
./gradlew clean test
, dockerImage=dummy-docker-image:latest, commitHashToBuild=784f8f0049d2a1a54f21c67dd772bea86715267a, assignmentCommitHash=a1099e378cffde441ef85f9b12577ca174b8e1e4, testCommitHash=784f8f0049d2a1a54f21c67dd772bea86715267a, branch=main, programmingLanguage=JAVA, projectType=PLAIN_GRADLE, scaEnabled=false, sequentialTestRunsEnabled=false, resultPaths=[/var/tmp/testing-dir/**/test-results/test/*.xml], timeoutSeconds=0, assignmentCheckoutPath=null, testCheckoutPath=null, solutionCheckoutPath=null, dockerRunConfig=null], submissionResult=null]
    23:45:13.040 | 567 localvc.event-14 | DEBUG | s.l.LocalCIWebsocketMessagingService : Sending message on topic /topic/admin/running-jobs: [BuildJobQueueItem[id=19341739576713025, name=SHORT9AFDAE3804CA304DDF0889A0CB0F56104A86TSTEXC-SOLUTION, buildAgent=BuildAgentDTO[name=artemis-build-agent-test, memberAddress=[127.0.0.1]:5703, displayName=artemis-build-agent-test], participationId=1934, courseId=956, exerciseId=2573, retryCount=0, priority=2, status=null, repositoryInfo=RepositoryInfo[repositoryName=short9afdae3804ca304ddf0889a0cb0f56104a86tstexc-solution, repositoryType=solution, triggeredByPushTo=tests, assignmentRepositoryUri=, testRepositoryUri=, solutionRepositoryUri=, auxiliaryRepositoryUris=null, auxiliaryRepositoryCheckoutDirectories=null], jobTimingInfo=JobTimingInfo[submissionDate=2025-02-14T23:45:13.025319671Z[Etc/UTC], buildStartDate=2025-02-14T23:45:13.040293146Z[Etc/UTC], buildCompletionDate=null, estimatedCompletionDate=2025-02-14T23:45:32.040285703Z[Etc/UTC], estimatedDuration=19], buildConfig=BuildConfig[buildScript=, dockerImage=, commitHashToBuild=784f8f0049d2a1a54f21c67dd772bea86715267a, assignmentCommitHash=, testCommitHash=, branch=, programmingLanguage=null, projectType=null, scaEnabled=false, sequentialTestRunsEnabled=false, resultPaths=null, timeoutSeconds=0, assignmentCheckoutPath=, testCheckoutPath=, solutionCheckoutPath=, dockerRunConfig=null], submissionResult=null]]
    23:45:13.041 | 567 localvc.event-14 | DEBUG | s.l.LocalCIWebsocketMessagingService : Sending message on topic /topic/courses/956/running-jobs: [BuildJobQueueItem[id=19341739576713025, name=SHORT9AFDAE3804CA304DDF0889A0CB0F56104A86TSTEXC-SOLUTION, buildAgent=BuildAgentDTO[name=artemis-build-agent-test, memberAddress=[127.0.0.1]:5703, displayName=artemis-build-agent-test], participationId=1934, courseId=956, exerciseId=2573, retryCount=0, priority=2, status=null, repositoryInfo=RepositoryInfo[repositoryName=short9afdae3804ca304ddf0889a0cb0f56104a86tstexc-solution, repositoryType=solution, triggeredByPushTo=tests, assignmentRepositoryUri=, testRepositoryUri=, solutionRepositoryUri=, auxiliaryRepositoryUris=null, auxiliaryRepositoryCheckoutDirectories=null], jobTimingInfo=JobTimingInfo[submissionDate=2025-02-14T23:45:13.025319671Z[Etc/UTC], buildStartDate=2025-02-14T23:45:13.040293146Z[Etc/UTC], buildCompletionDate=null, estimatedCompletionDate=2025-02-14T23:45:32.040285703Z[Etc/UTC], estimatedDuration=19], buildConfig=BuildConfig[buildScript=, dockerImage=, commitHashToBuild=784f8f0049d2a1a54f21c67dd772bea86715267a, assignmentCommitHash=, testCommitHash=, branch=, programmingLanguage=null, projectType=null, scaEnabled=false, sequentialTestRunsEnabled=false, resultPaths=null, timeoutSeconds=0, assignmentCheckoutPath=, testCheckoutPath=, solutionCheckoutPath=, dockerRunConfig=null], submissionResult=null]]
    23:45:13.043 | 588 artemis-task-1   | DEBUG | d.t.c.a.a.c.c.w.GzipMessageConverter : Compressed message payload from 973 to 708 (saved 27.2% payload size)
    23:45:13.043 | 588 artemis-task-1   | DEBUG | d.t.c.a.a.c.c.w.GzipMessageConverter : Compressed message payload from 973 to 708 (saved 27.2% payload size)
    23:45:13.049 | 566 localvc.event-13 | INFO  | a.a.b.s.SharedQueueProcessingService : Processing build job: BuildJobQueueItem[id=19341739576713025, name=SHORT9AFDAE3804CA304DDF0889A0CB0F56104A86TSTEXC-SOLUTION, buildAgent=BuildAgentDTO[name=artemis-build-agent-test, memberAddress=[127.0.0.1]:5703, displayName=artemis-build-agent-test], participationId=1934, courseId=956, exerciseId=2573, retryCount=0, priority=2, status=null, repositoryInfo=RepositoryInfo[repositoryName=short9afdae3804ca304ddf0889a0cb0f56104a86tstexc-solution, repositoryType=solution, triggeredByPushTo=tests, assignmentRepositoryUri=http://localhost:49152/git/SHORT9AFDAE3804CA304DDF0889A0CB0F56104A86TSTEXC/short9afdae3804ca304ddf0889a0cb0f56104a86tstexc-solution.git, testRepositoryUri=http://localhost:49152/git/SHORT9AFDAE3804CA304DDF0889A0CB0F56104A86TSTEXC/short9afdae3804ca304ddf0889a0cb0f56104a86tstexc-tests.git, solutionRepositoryUri=null, auxiliaryRepositoryUris=[Ljava.lang.String;@21842820, auxiliaryRepositoryCheckoutDirectories=[Ljava.lang.String;@19f1a3dd], jobTimingInfo=JobTimingInfo[submissionDate=2025-02-14T23:45:13.025319671Z[Etc/UTC], buildStartDate=2025-02-14T23:45:13.040293146Z[Etc/UTC], buildCompletionDate=null, estimatedCompletionDate=2025-02-14T23:45:32.040285703Z[Etc/UTC], estimatedDuration=19], buildConfig=BuildConfig[buildScript=#!/bin/bash
cd /var/tmp/testing-dir
chmod +x ./gradlew
./gradlew clean test
, dockerImage=dummy-docker-image:latest, commitHashToBuild=784f8f0049d2a1a54f21c67dd772bea86715267a, assignmentCommitHash=a1099e378cffde441ef85f9b12577ca174b8e1e4, testCommitHash=784f8f0049d2a1a54f21c67dd772bea86715267a, branch=main, programmingLanguage=JAVA, projectType=PLAIN_GRADLE, scaEnabled=false, sequentialTestRunsEnabled=false, resultPaths=[/var/tmp/testing-dir/**/test-results/test/*.xml], timeoutSeconds=0, assignmentCheckoutPath=null, testCheckoutPath=null, solutionCheckoutPath=null, dockerRunConfig=null], submissionResult=null]
    23:45:13.052 | 576 local-ci-build-0 | DEBUG | t.c.a.a.b.s.BuildJobExecutionService : ~~~~~~~~~~~~~~~~~~~~ Start Build Job 19341739576713025 ~~~~~~~~~~~~~~~~~~~~
    23:45:13.052 | 576 local-ci-build-0 | INFO  | .t.c.a.a.b.s.BuildAgentDockerService : ~~~~~~~~~~~~~~~~~~~~ Inspecting docker image dummy-docker-image:latest ~~~~~~~~~~~~~~~~~~~~
    23:45:13.052 | 576 local-ci-build-0 | ERROR | .t.c.a.a.b.s.BuildAgentDockerService : Docker image dummy-docker-image:latest is not compatible with the current architecture. Needed 'linux/amd64', but got 'null'
    23:45:13.052 | 566 localvc.event-13 | ERROR | .c.a.a.b.s.BuildJobManagementService : Error while executing build job 19341739576713025: de.tum.cit.aet.artemis.core.exception.LocalCIException: Could not pull Docker image dummy-docker-image:latest
java.util.concurrent.ExecutionException: de.tum.cit.aet.artemis.core.exception.LocalCIException: Could not pull Docker image dummy-docker-image:latest
	at java.base/java.util.concurrent.FutureTask.report(FutureTask.java:122)
	at java.base/java.util.concurrent.FutureTask.get(FutureTask.java:205)
	at de.tum.cit.aet.artemis.buildagent.service.BuildJobManagementService.lambda$executeBuildJob$2(BuildJobManagementService.java:165)
	at de.tum.cit.aet.artemis.buildagent.service.BuildJobManagementService.createCompletableFuture(BuildJobManagementService.java:236)
	at de.tum.cit.aet.artemis.buildagent.service.BuildJobManagementService.executeBuildJob(BuildJobManagementService.java:163)
	at de.tum.cit.aet.artemis.buildagent.service.SharedQueueProcessingService.processBuild(SharedQueueProcessingService.java:413)
	at de.tum.cit.aet.artemis.buildagent.service.SharedQueueProcessingService.checkAvailabilityAndProcessNextBuild(SharedQueueProcessingService.java:269)
	at de.tum.cit.aet.artemis.buildagent.service.SharedQueueProcessingService$QueuedBuildJobItemListener.itemAdded(SharedQueueProcessingService.java:594)
	at com.hazelcast.collection.impl.queue.QueueService.lambda$dispatchEvent$1(QueueService.java:277)
	at com.hazelcast.internal.namespace.impl.NoOpUserCodeNamespaceService.runWithNamespace(NoOpUserCodeNamespaceService.java:82)
	at com.hazelcast.internal.namespace.NamespaceUtil.runWithNamespace(NamespaceUtil.java:106)
	at com.hazelcast.collection.impl.queue.QueueService.dispatchEvent(QueueService.java:275)
	at com.hazelcast.collection.impl.queue.QueueService.dispatchEvent(QueueService.java:98)
	at com.hazelcast.spi.impl.eventservice.impl.LocalEventDispatcher.run(LocalEventDispatcher.java:64)
	at com.hazelcast.internal.util.executor.StripedExecutor$Worker.process(StripedExecutor.java:244)
	at com.hazelcast.internal.util.executor.StripedExecutor$Worker.run(StripedExecutor.java:227)
Caused by: de.tum.cit.aet.artemis.core.exception.LocalCIException: Could not pull Docker image dummy-docker-image:latest
	at de.tum.cit.aet.artemis.buildagent.service.BuildJobExecutionService.runBuildJob(BuildJobExecutionService.java:157)
	at java.base/jdk.internal.reflect.DirectMethodHandleAccessor.invoke(DirectMethodHandleAccessor.java:103)
	at java.base/java.lang.reflect.Method.invoke(Method.java:580)
	at org.springframework.aop.support.AopUtils.invokeJoinpointUsingReflection(AopUtils.java:359)
	at org.springframework.aop.framework.CglibAopProxy$DynamicAdvisedInterceptor.intercept(CglibAopProxy.java:723)
	at de.tum.cit.aet.artemis.buildagent.service.BuildJobExecutionService$$SpringCGLIB$$0.runBuildJob(<generated>)
	at de.tum.cit.aet.artemis.buildagent.service.BuildJobManagementService.lambda$executeBuildJob$1(BuildJobManagementService.java:129)
	at java.base/java.util.concurrent.FutureTask.run(FutureTask.java:317)
	at java.base/java.util.concurrent.ThreadPoolExecutor.runWorker(ThreadPoolExecutor.java:1144)
	at java.base/java.util.concurrent.ThreadPoolExecutor$Worker.run(ThreadPoolExecutor.java:642)
	at java.base/java.lang.Thread.run(Thread.java:1583)
Caused by: de.tum.cit.aet.artemis.core.exception.LocalCIException: Docker image dummy-docker-image:latest is not compatible with the current architecture. Needed 'linux/amd64', but got 'null'
	at de.tum.cit.aet.artemis.buildagent.service.BuildAgentDockerService.checkImageArchitecture(BuildAgentDockerService.java:291)
	at de.tum.cit.aet.artemis.buildagent.service.BuildAgentDockerService.pullDockerImage(BuildAgentDockerService.java:223)
	at de.tum.cit.aet.artemis.buildagent.service.BuildJobExecutionService.runBuildJob(BuildJobExecutionService.java:152)
	... 10 common frames omitted
    23:45:13.052 | 566 localvc.event-13 | INFO  | .c.a.a.b.s.BuildJobManagementService : Getting ID of running container local-ci-19341739576713025
    23:45:13.052 | 566 localvc.event-13 | INFO  | .c.a.a.b.s.BuildJobManagementService : Stopping unresponsive container with ID null
    23:45:13.052 | 566 localvc.event-13 | DEBUG | a.a.b.s.SharedQueueProcessingService : Build job completed with exception: BuildJobQueueItem[id=19341739576713025, name=SHORT9AFDAE3804CA304DDF0889A0CB0F56104A86TSTEXC-SOLUTION, buildAgent=BuildAgentDTO[name=artemis-build-agent-test, memberAddress=[127.0.0.1]:5703, displayName=artemis-build-agent-test], participationId=1934, courseId=956, exerciseId=2573, retryCount=0, priority=2, status=null, repositoryInfo=RepositoryInfo[repositoryName=short9afdae3804ca304ddf0889a0cb0f56104a86tstexc-solution, repositoryType=solution, triggeredByPushTo=tests, assignmentRepositoryUri=http://localhost:49152/git/SHORT9AFDAE3804CA304DDF0889A0CB0F56104A86TSTEXC/short9afdae3804ca304ddf0889a0cb0f56104a86tstexc-solution.git, testRepositoryUri=http://localhost:49152/git/SHORT9AFDAE3804CA304DDF0889A0CB0F56104A86TSTEXC/short9afdae3804ca304ddf0889a0cb0f56104a86tstexc-tests.git, solutionRepositoryUri=null, auxiliaryRepositoryUris=[Ljava.lang.String;@21842820, auxiliaryRepositoryCheckoutDirectories=[Ljava.lang.String;@19f1a3dd], jobTimingInfo=JobTimingInfo[submissionDate=2025-02-14T23:45:13.025319671Z[Etc/UTC], buildStartDate=2025-02-14T23:45:13.040293146Z[Etc/UTC], buildCompletionDate=null, estimatedCompletionDate=2025-02-14T23:45:32.040285703Z[Etc/UTC], estimatedDuration=19], buildConfig=BuildConfig[buildScript=#!/bin/bash
cd /var/tmp/testing-dir
chmod +x ./gradlew
./gradlew clean test
, dockerImage=dummy-docker-image:latest, commitHashToBuild=784f8f0049d2a1a54f21c67dd772bea86715267a, assignmentCommitHash=a1099e378cffde441ef85f9b12577ca174b8e1e4, testCommitHash=784f8f0049d2a1a54f21c67dd772bea86715267a, branch=main, programmingLanguage=JAVA, projectType=PLAIN_GRADLE, scaEnabled=false, sequentialTestRunsEnabled=false, resultPaths=[/var/tmp/testing-dir/**/test-results/test/*.xml], timeoutSeconds=0, assignmentCheckoutPath=null, testCheckoutPath=null, solutionCheckoutPath=null, dockerRunConfig=null], submissionResult=null]
java.util.concurrent.CompletionException: java.util.concurrent.ExecutionException: de.tum.cit.aet.artemis.core.exception.LocalCIException: Could not pull Docker image dummy-docker-image:latest
	at de.tum.cit.aet.artemis.buildagent.service.BuildJobManagementService.lambda$executeBuildJob$2(BuildJobManagementService.java:188)
	at de.tum.cit.aet.artemis.buildagent.service.BuildJobManagementService.createCompletableFuture(BuildJobManagementService.java:236)
	at de.tum.cit.aet.artemis.buildagent.service.BuildJobManagementService.executeBuildJob(BuildJobManagementService.java:163)
	at de.tum.cit.aet.artemis.buildagent.service.SharedQueueProcessingService.processBuild(SharedQueueProcessingService.java:413)
	at de.tum.cit.aet.artemis.buildagent.service.SharedQueueProcessingService.checkAvailabilityAndProcessNextBuild(SharedQueueProcessingService.java:269)
	at de.tum.cit.aet.artemis.buildagent.service.SharedQueueProcessingService$QueuedBuildJobItemListener.itemAdded(SharedQueueProcessingService.java:594)
	at com.hazelcast.collection.impl.queue.QueueService.lambda$dispatchEvent$1(QueueService.java:277)
	at com.hazelcast.internal.namespace.impl.NoOpUserCodeNamespaceService.runWithNamespace(NoOpUserCodeNamespaceService.java:82)
	at com.hazelcast.internal.namespace.NamespaceUtil.runWithNamespace(NamespaceUtil.java:106)
	at com.hazelcast.collection.impl.queue.QueueService.dispatchEvent(QueueService.java:275)
	at com.hazelcast.collection.impl.queue.QueueService.dispatchEvent(QueueService.java:98)
	at com.hazelcast.spi.impl.eventservice.impl.LocalEventDispatcher.run(LocalEventDispatcher.java:64)
	at com.hazelcast.internal.util.executor.StripedExecutor$Worker.process(StripedExecutor.java:244)
	at com.hazelcast.internal.util.executor.StripedExecutor$Worker.run(StripedExecutor.java:227)
Caused by: java.util.concurrent.ExecutionException: de.tum.cit.aet.artemis.core.exception.LocalCIException: Could not pull Docker image dummy-docker-image:latest
	at java.base/java.util.concurrent.FutureTask.report(FutureTask.java:122)
	at java.base/java.util.concurrent.FutureTask.get(FutureTask.java:205)
	at de.tum.cit.aet.artemis.buildagent.service.BuildJobManagementService.lambda$executeBuildJob$2(BuildJobManagementService.java:165)
	... 13 common frames omitted
Caused by: de.tum.cit.aet.artemis.core.exception.LocalCIException: Could not pull Docker image dummy-docker-image:latest
	at de.tum.cit.aet.artemis.buildagent.service.BuildJobExecutionService.runBuildJob(BuildJobExecutionService.java:157)
	at java.base/jdk.internal.reflect.DirectMethodHandleAccessor.invoke(DirectMethodHandleAccessor.java:103)
	at java.base/java.lang.reflect.Method.invoke(Method.java:580)
	at org.springframework.aop.support.AopUtils.invokeJoinpointUsingReflection(AopUtils.java:359)
	at org.springframework.aop.framework.CglibAopProxy$DynamicAdvisedInterceptor.intercept(CglibAopProxy.java:723)
	at de.tum.cit.aet.artemis.buildagent.service.BuildJobExecutionService$$SpringCGLIB$$0.runBuildJob(<generated>)
	at de.tum.cit.aet.artemis.buildagent.service.BuildJobManagementService.lambda$executeBuildJob$1(BuildJobManagementService.java:129)
	at java.base/java.util.concurrent.FutureTask.run(FutureTask.java:317)
	at java.base/java.util.concurrent.ThreadPoolExecutor.runWorker(ThreadPoolExecutor.java:1144)
	at java.base/java.util.concurrent.ThreadPoolExecutor$Worker.run(ThreadPoolExecutor.java:642)
	at java.base/java.lang.Thread.run(Thread.java:1583)
Caused by: de.tum.cit.aet.artemis.core.exception.LocalCIException: Docker image dummy-docker-image:latest is not compatible with the current architecture. Needed 'linux/amd64', but got 'null'
	at de.tum.cit.aet.artemis.buildagent.service.BuildAgentDockerService.checkImageArchitecture(BuildAgentDockerService.java:291)
	at de.tum.cit.aet.artemis.buildagent.service.BuildAgentDockerService.pullDockerImage(BuildAgentDockerService.java:223)
	at de.tum.cit.aet.artemis.buildagent.service.BuildJobExecutionService.runBuildJob(BuildJobExecutionService.java:152)
	... 10 common frames omitted
    23:45:13.053 | 566 localvc.event-13 | ERROR | a.a.b.s.SharedQueueProcessingService : Error while processing build job: BuildJobQueueItem[id=19341739576713025, name=SHORT9AFDAE3804CA304DDF0889A0CB0F56104A86TSTEXC-SOLUTION, buildAgent=BuildAgentDTO[name=artemis-build-agent-test, memberAddress=[127.0.0.1]:5703, displayName=artemis-build-agent-test], participationId=1934, courseId=956, exerciseId=2573, retryCount=0, priority=2, status=null, repositoryInfo=RepositoryInfo[repositoryName=short9afdae3804ca304ddf0889a0cb0f56104a86tstexc-solution, repositoryType=solution, triggeredByPushTo=tests, assignmentRepositoryUri=http://localhost:49152/git/SHORT9AFDAE3804CA304DDF0889A0CB0F56104A86TSTEXC/short9afdae3804ca304ddf0889a0cb0f56104a86tstexc-solution.git, testRepositoryUri=http://localhost:49152/git/SHORT9AFDAE3804CA304DDF0889A0CB0F56104A86TSTEXC/short9afdae3804ca304ddf0889a0cb0f56104a86tstexc-tests.git, solutionRepositoryUri=null, auxiliaryRepositoryUris=[Ljava.lang.String;@21842820, auxiliaryRepositoryCheckoutDirectories=[Ljava.lang.String;@19f1a3dd], jobTimingInfo=JobTimingInfo[submissionDate=2025-02-14T23:45:13.025319671Z[Etc/UTC], buildStartDate=2025-02-14T23:45:13.040293146Z[Etc/UTC], buildCompletionDate=null, estimatedCompletionDate=2025-02-14T23:45:32.040285703Z[Etc/UTC], estimatedDuration=19], buildConfig=BuildConfig[buildScript=#!/bin/bash
cd /var/tmp/testing-dir
chmod +x ./gradlew
./gradlew clean test
, dockerImage=dummy-docker-image:latest, commitHashToBuild=784f8f0049d2a1a54f21c67dd772bea86715267a, assignmentCommitHash=a1099e378cffde441ef85f9b12577ca174b8e1e4, testCommitHash=784f8f0049d2a1a54f21c67dd772bea86715267a, branch=main, programmingLanguage=JAVA, projectType=PLAIN_GRADLE, scaEnabled=false, sequentialTestRunsEnabled=false, resultPaths=[/var/tmp/testing-dir/**/test-results/test/*.xml], timeoutSeconds=0, assignmentCheckoutPath=null, testCheckoutPath=null, solutionCheckoutPath=null, dockerRunConfig=null], submissionResult=null]
java.util.concurrent.CompletionException: java.util.concurrent.ExecutionException: de.tum.cit.aet.artemis.core.exception.LocalCIException: Could not pull Docker image dummy-docker-image:latest
	at de.tum.cit.aet.artemis.buildagent.service.BuildJobManagementService.lambda$executeBuildJob$2(BuildJobManagementService.java:188)
	at de.tum.cit.aet.artemis.buildagent.service.BuildJobManagementService.createCompletableFuture(BuildJobManagementService.java:236)
	at de.tum.cit.aet.artemis.buildagent.service.BuildJobManagementService.executeBuildJob(BuildJobManagementService.java:163)
	at de.tum.cit.aet.artemis.buildagent.service.SharedQueueProcessingService.processBuild(SharedQueueProcessingService.java:413)
	at de.tum.cit.aet.artemis.buildagent.service.SharedQueueProcessingService.checkAvailabilityAndProcessNextBuild(SharedQueueProcessingService.java:269)
	at de.tum.cit.aet.artemis.buildagent.service.SharedQueueProcessingService$QueuedBuildJobItemListener.itemAdded(SharedQueueProcessingService.java:594)
	at com.hazelcast.collection.impl.queue.QueueService.lambda$dispatchEvent$1(QueueService.java:277)
	at com.hazelcast.internal.namespace.impl.NoOpUserCodeNamespaceService.runWithNamespace(NoOpUserCodeNamespaceService.java:82)
	at com.hazelcast.internal.namespace.NamespaceUtil.runWithNamespace(NamespaceUtil.java:106)
	at com.hazelcast.collection.impl.queue.QueueService.dispatchEvent(QueueService.java:275)
	at com.hazelcast.collection.impl.queue.QueueService.dispatchEvent(QueueService.java:98)
	at com.hazelcast.spi.impl.eventservice.impl.LocalEventDispatcher.run(LocalEventDispatcher.java:64)
	at com.hazelcast.internal.util.executor.StripedExecutor$Worker.process(StripedExecutor.java:244)
	at com.hazelcast.internal.util.executor.StripedExecutor$Worker.run(StripedExecutor.java:227)
Caused by: java.util.concurrent.ExecutionException: de.tum.cit.aet.artemis.core.exception.LocalCIException: Could not pull Docker image dummy-docker-image:latest
	at java.base/java.util.concurrent.FutureTask.report(FutureTask.java:122)
	at java.base/java.util.concurrent.FutureTask.get(FutureTask.java:205)
	at de.tum.cit.aet.artemis.buildagent.service.BuildJobManagementService.lambda$executeBuildJob$2(BuildJobManagementService.java:165)
	... 13 common frames omitted
Caused by: de.tum.cit.aet.artemis.core.exception.LocalCIException: Could not pull Docker image dummy-docker-image:latest
	at de.tum.cit.aet.artemis.buildagent.service.BuildJobExecutionService.runBuildJob(BuildJobExecutionService.java:157)
	at java.base/jdk.internal.reflect.DirectMethodHandleAccessor.invoke(DirectMethodHandleAccessor.java:103)
	at java.base/java.lang.reflect.Method.invoke(Method.java:580)
	at org.springframework.aop.support.AopUtils.invokeJoinpointUsingReflection(AopUtils.java:359)
	at org.springframework.aop.framework.CglibAopProxy$DynamicAdvisedInterceptor.intercept(CglibAopProxy.java:723)
	at de.tum.cit.aet.artemis.buildagent.service.BuildJobExecutionService$$SpringCGLIB$$0.runBuildJob(<generated>)
	at de.tum.cit.aet.artemis.buildagent.service.BuildJobManagementService.lambda$executeBuildJob$1(BuildJobManagementService.java:129)
	at java.base/java.util.concurrent.FutureTask.run(FutureTask.java:317)
	at java.base/java.util.concurrent.ThreadPoolExecutor.runWorker(ThreadPoolExecutor.java:1144)
	at java.base/java.util.concurrent.ThreadPoolExecutor$Worker.run(ThreadPoolExecutor.java:642)
	at java.base/java.lang.Thread.run(Thread.java:1583)
Caused by: de.tum.cit.aet.artemis.core.exception.LocalCIException: Docker image dummy-docker-image:latest is not compatible with the current architecture. Needed 'linux/amd64', but got 'null'
	at de.tum.cit.aet.artemis.buildagent.service.BuildAgentDockerService.checkImageArchitecture(BuildAgentDockerService.java:291)
	at de.tum.cit.aet.artemis.buildagent.service.BuildAgentDockerService.pullDockerImage(BuildAgentDockerService.java:223)
	at de.tum.cit.aet.artemis.buildagent.service.BuildJobExecutionService.runBuildJob(BuildJobExecutionService.java:152)
	... 10 common frames omitted
    23:45:13.054 | 567 localvc.event-14 | DEBUG | a.p.s.l.LocalCIQueueWebsocketService : CIBuildJobQueueItem removed from processing jobs: BuildJobQueueItem[id=19341739576713025, name=SHORT9AFDAE3804CA304DDF0889A0CB0F56104A86TSTEXC-SOLUTION, buildAgent=BuildAgentDTO[name=artemis-build-agent-test, memberAddress=[127.0.0.1]:5703, displayName=artemis-build-agent-test], participationId=1934, courseId=956, exerciseId=2573, retryCount=0, priority=2, status=null, repositoryInfo=RepositoryInfo[repositoryName=short9afdae3804ca304ddf0889a0cb0f56104a86tstexc-solution, repositoryType=solution, triggeredByPushTo=tests, assignmentRepositoryUri=http://localhost:49152/git/SHORT9AFDAE3804CA304DDF0889A0CB0F56104A86TSTEXC/short9afdae3804ca304ddf0889a0cb0f56104a86tstexc-solution.git, testRepositoryUri=http://localhost:49152/git/SHORT9AFDAE3804CA304DDF0889A0CB0F56104A86TSTEXC/short9afdae3804ca304ddf0889a0cb0f56104a86tstexc-tests.git, solutionRepositoryUri=null, auxiliaryRepositoryUris=[Ljava.lang.String;@6031f3a9, auxiliaryRepositoryCheckoutDirectories=[Ljava.lang.String;@1efcba6f], jobTimingInfo=JobTimingInfo[submissionDate=2025-02-14T23:45:13.025319671Z[Etc/UTC], buildStartDate=2025-02-14T23:45:13.040293146Z[Etc/UTC], buildCompletionDate=null, estimatedCompletionDate=2025-02-14T23:45:32.040285703Z[Etc/UTC], estimatedDuration=19], buildConfig=BuildConfig[buildScript=#!/bin/bash
cd /var/tmp/testing-dir
chmod +x ./gradlew
./gradlew clean test
, dockerImage=dummy-docker-image:latest, commitHashToBuild=784f8f0049d2a1a54f21c67dd772bea86715267a, assignmentCommitHash=a1099e378cffde441ef85f9b12577ca174b8e1e4, testCommitHash=784f8f0049d2a1a54f21c67dd772bea86715267a, branch=main, programmingLanguage=JAVA, projectType=PLAIN_GRADLE, scaEnabled=false, sequentialTestRunsEnabled=false, resultPaths=[/var/tmp/testing-dir/**/test-results/test/*.xml], timeoutSeconds=0, assignmentCheckoutPath=null, testCheckoutPath=null, solutionCheckoutPath=null, dockerRunConfig=null], submissionResult=null]
    23:45:13.055 | 567 localvc.event-14 | DEBUG | s.l.LocalCIWebsocketMessagingService : Sending message on topic /topic/admin/running-jobs: []
    23:45:13.055 | 567 localvc.event-14 | DEBUG | s.l.LocalCIWebsocketMessagingService : Sending message on topic /topic/courses/956/running-jobs: []
    23:45:13.056 | 605 nio-49152-exec-4 | DEBUG | d.t.c.a.a.c.s.f.ApiVersionFilter     : Adding Version to Request GET /git/SHORT9AFDAE3804CA304DDF0889A0CB0F56104A86TSTEXC/short9afdae3804ca304ddf0889a0cb0f56104a86tstexc-tests.git/info/refs
    23:45:13.056 | 605 nio-49152-exec-4 | DEBUG | .t.c.a.a.p.s.l.LocalVCServletService : Path to resolve repository from: /tmp/SHORT9AFDAE3804CA304DDF0889A0CB0F56104A86TSTEXC/short9afdae3804ca304ddf0889a0cb0f56104a86tstexc-tests.git
    23:45:13.056 | 605 nio-49152-exec-4 | DEBUG | .t.c.a.a.p.s.l.LocalVCServletService : Retrieving cached local repository SHORT9AFDAE3804CA304DDF0889A0CB0F56104A86TSTEXC/short9afdae3804ca304ddf0889a0cb0f56104a86tstexc-tests.git
    23:45:13.056 | 605 nio-49152-exec-4 | DEBUG | .t.c.a.a.p.s.l.LocalVCServletService : Resolving repository for repository SHORT9AFDAE3804CA304DDF0889A0CB0F56104A86TSTEXC/short9afdae3804ca304ddf0889a0cb0f56104a86tstexc-tests.git took 25µs
    23:45:13.058 | 566 localvc.event-13 | DEBUG | a.a.b.s.SharedQueueProcessingService : Currently processing jobs on this node: 0, active threads in Pool: 0, maximum pool size of thread executor : 1
    23:45:13.058 | 566 localvc.event-13 | DEBUG | s.l.LocalCIWebsocketMessagingService : Sending message on topic /topic/admin/queued-jobs: []
    23:45:13.058 | 566 localvc.event-13 | DEBUG | s.l.LocalCIWebsocketMessagingService : Sending message on topic /topic/courses/956/queued-jobs: []
    23:45:13.058 | 566 localvc.event-13 | DEBUG | a.a.b.s.SharedQueueProcessingService : CIBuildJobQueueItem removed from queue: BuildJobQueueItem[id=19341739576713025, name=SHORT9AFDAE3804CA304DDF0889A0CB0F56104A86TSTEXC-SOLUTION, buildAgent=BuildAgentDTO[name=null, memberAddress=null, displayName=null], participationId=1934, courseId=956, exerciseId=2573, retryCount=0, priority=2, status=null, repositoryInfo=RepositoryInfo[repositoryName=short9afdae3804ca304ddf0889a0cb0f56104a86tstexc-solution, repositoryType=solution, triggeredByPushTo=tests, assignmentRepositoryUri=http://localhost:49152/git/SHORT9AFDAE3804CA304DDF0889A0CB0F56104A86TSTEXC/short9afdae3804ca304ddf0889a0cb0f56104a86tstexc-solution.git, testRepositoryUri=http://localhost:49152/git/SHORT9AFDAE3804CA304DDF0889A0CB0F56104A86TSTEXC/short9afdae3804ca304ddf0889a0cb0f56104a86tstexc-tests.git, solutionRepositoryUri=null, auxiliaryRepositoryUris=[Ljava.lang.String;@5dd2a79b, auxiliaryRepositoryCheckoutDirectories=[Ljava.lang.String;@28b2f694], jobTimingInfo=JobTimingInfo[submissionDate=2025-02-14T23:45:13.025319671Z[Etc/UTC], buildStartDate=null, buildCompletionDate=null, estimatedCompletionDate=null, estimatedDuration=19], buildConfig=BuildConfig[buildScript=#!/bin/bash
cd /var/tmp/testing-dir
chmod +x ./gradlew
./gradlew clean test
, dockerImage=dummy-docker-image:latest, commitHashToBuild=784f8f0049d2a1a54f21c67dd772bea86715267a, assignmentCommitHash=a1099e378cffde441ef85f9b12577ca174b8e1e4, testCommitHash=784f8f0049d2a1a54f21c67dd772bea86715267a, branch=main, programmingLanguage=JAVA, projectType=PLAIN_GRADLE, scaEnabled=false, sequentialTestRunsEnabled=false, resultPaths=[/var/tmp/testing-dir/**/test-results/test/*.xml], timeoutSeconds=0, assignmentCheckoutPath=null, testCheckoutPath=null, solutionCheckoutPath=null, dockerRunConfig=null], submissionResult=null]
    23:45:13.058 | 566 localvc.event-13 | DEBUG | s.l.LocalCIWebsocketMessagingService : Sending message on topic /topic/admin/queued-jobs: []
    23:45:13.058 | 566 localvc.event-13 | DEBUG | s.l.LocalCIWebsocketMessagingService : Sending message on topic /topic/courses/956/queued-jobs: []
    23:45:13.059 | 566 localvc.event-13 | DEBUG | a.p.s.l.LocalCIQueueWebsocketService : Build agent updated: BuildAgentInformation[buildAgent=BuildAgentDTO[name=artemis-build-agent-test, memberAddress=[127.0.0.1]:5703, displayName=artemis-build-agent-test], maxNumberOfConcurrentBuildJobs=1, numberOfCurrentBuildJobs=1, runningBuildJobs=[BuildJobQueueItem[id=19341739576713025, name=SHORT9AFDAE3804CA304DDF0889A0CB0F56104A86TSTEXC-SOLUTION, buildAgent=BuildAgentDTO[name=artemis-build-agent-test, memberAddress=[127.0.0.1]:5703, displayName=artemis-build-agent-test], participationId=1934, courseId=956, exerciseId=2573, retryCount=0, priority=2, status=null, repositoryInfo=RepositoryInfo[repositoryName=short9afdae3804ca304ddf0889a0cb0f56104a86tstexc-solution, repositoryType=solution, triggeredByPushTo=tests, assignmentRepositoryUri=http://localhost:49152/git/SHORT9AFDAE3804CA304DDF0889A0CB0F56104A86TSTEXC/short9afdae3804ca304ddf0889a0cb0f56104a86tstexc-solution.git, testRepositoryUri=http://localhost:49152/git/SHORT9AFDAE3804CA304DDF0889A0CB0F56104A86TSTEXC/short9afdae3804ca304ddf0889a0cb0f56104a86tstexc-tests.git, solutionRepositoryUri=null, auxiliaryRepositoryUris=[Ljava.lang.String;@5ec00196, auxiliaryRepositoryCheckoutDirectories=[Ljava.lang.String;@61795a8c], jobTimingInfo=JobTimingInfo[submissionDate=2025-02-14T23:45:13.025319671Z[Etc/UTC], buildStartDate=2025-02-14T23:45:13.040293146Z[Etc/UTC], buildCompletionDate=null, estimatedCompletionDate=2025-02-14T23:45:32.040285703Z[Etc/UTC], estimatedDuration=19], buildConfig=BuildConfig[buildScript=#!/bin/bash
cd /var/tmp/testing-dir
chmod +x ./gradlew
./gradlew clean test
, dockerImage=dummy-docker-image:latest, commitHashToBuild=784f8f0049d2a1a54f21c67dd772bea86715267a, assignmentCommitHash=a1099e378cffde441ef85f9b12577ca174b8e1e4, testCommitHash=784f8f0049d2a1a54f21c67dd772bea86715267a, branch=main, programmingLanguage=JAVA, projectType=PLAIN_GRADLE, scaEnabled=false, sequentialTestRunsEnabled=false, resultPaths=[/var/tmp/testing-dir/**/test-results/test/*.xml], timeoutSeconds=0, assignmentCheckoutPath=null, testCheckoutPath=null, solutionCheckoutPath=null, dockerRunConfig=null], submissionResult=null]], status=ACTIVE, recentBuildJobs=[BuildJobQueueItem[id=19141739576708030, name=SHORT5F02A8F400311042E70858306EB148073CFDTSTEXC-LOCALVCINTSTUDENT1, buildAgent=BuildAgentDTO[name=artemis-build-agent-test, memberAddress=[127.0.0.1]:5703, displayName=artemis-build-agent-test], participationId=1914, courseId=947, exerciseId=2564, retryCount=0, priority=2, status=FAILED, repositoryInfo=RepositoryInfo[repositoryName=short5f02a8f400311042e70858306eb148073cfdtstexc-localvcintstudent1, repositoryType=user, triggeredByPushTo=user, assignmentRepositoryUri=http://localhost:49152/git/SHORT5F02A8F400311042E70858306EB148073CFDTSTEXC/short5f02a8f400311042e70858306eb148073cfdtstexc-localvcintstudent1.git, testRepositoryUri=http://localhost:49152/git/SHORT5F02A8F400311042E70858306EB148073CFDTSTEXC/short5f02a8f400311042e70858306eb148073cfdtstexc-tests.git, solutionRepositoryUri=null, auxiliaryRepositoryUris=[Ljava.lang.String;@472fc34d, auxiliaryRepositoryCheckoutDirectories=[Ljava.lang.String;@65fe4a74], jobTimingInfo=JobTimingInfo[submissionDate=2025-02-14T23:45:08.030118216Z[Etc/UTC], buildStartDate=2025-02-14T23:45:08.041011412Z[Etc/UTC], buildCompletionDate=2025-02-14T23:45:08.054603331Z[Etc/UTC], estimatedCompletionDate=2025-02-14T23:45:27.041005080Z[Etc/UTC], estimatedDuration=19], buildConfig=BuildConfig[buildScript=#!/bin/bash
cd /var/tmp/testing-dir
chmod +x ./gradlew
./gradlew clean test
, dockerImage=dummy-docker-image:latest, commitHashToBuild=6e7146cac5059504aa9d170ec3fa23aec740bb51, assignmentCommitHash=6e7146cac5059504aa9d170ec3fa23aec740bb51, testCommitHash=931e5303581c7a2f01339ba603cfafbfe668b901, branch=main, programmingLanguage=JAVA, projectType=PLAIN_GRADLE, scaEnabled=false, sequentialTestRunsEnabled=false, resultPaths=[/var/tmp/testing-dir/**/test-results/test/*.xml], timeoutSeconds=0, assignmentCheckoutPath=null, testCheckoutPath=null, solutionCheckoutPath=null, dockerRunConfig=null], submissionResult=ResultDTO[id=622, completionDate=2025-02-14T23:45:08.054683681Z[Etc/UTC], successful=false, score=0.0, rated=true, submission=SubmissionDTO[id=814, submitted=true, type=MANUAL, exampleSubmission=null, submissionDate=2025-02-14T23:45:08.016200Z, commitHash=6e7146cac5059504aa9d170ec3fa23aec740bb51, buildFailed=true, buildArtifact=false, participation=ParticipationDTO[id=1914, testRun=false, type=programming, submissionCount=null, exercise=ParticipationExerciseDTO[id=2564, exerciseType=PROGRAMMING, type=programming, assessmentType=AUTOMATIC, dueDate=2025-02-16T23:45:07.324348Z, assessmentDueDate=null, maxPoints=42.0, course=CourseDTO[id=947, accuracyOfScores=1]]], submissionExerciseType=programming, isProcessing=false, buildStartDate=null, estimatedCompletionDate=null], participation=ParticipationDTO[id=1914, testRun=false, type=programming, submissionCount=null, exercise=ParticipationExerciseDTO[id=2564, exerciseType=PROGRAMMING, type=programming, assessmentType=AUTOMATIC, dueDate=2025-02-16T23:45:07.324348Z, assessmentDueDate=null, maxPoints=42.0, course=CourseDTO[id=947, accuracyOfScores=1]]], feedbacks=[], assessmentType=AUTOMATIC, hasComplaint=null, exampleResult=null, testCaseCount=0, passedTestCaseCount=0, codeIssueCount=0]], BuildJobQueueItem[id=19361739576711303, name=SHORT9AFDAE3804CA304DDF0889A0CB0F56104A86TSTEXC-LOCALVCINTSTUDENT1, buildAgent=BuildAgentDTO[name=artemis-build-agent-test, memberAddress=[127.0.0.1]:5703, displayName=artemis-build-agent-test], participationId=1936, courseId=956, exerciseId=2573, retryCount=0, priority=2, status=FAILED, repositoryInfo=RepositoryInfo[repositoryName=short9afdae3804ca304ddf0889a0cb0f56104a86tstexc-localvcintstudent1, repositoryType=user, triggeredByPushTo=user, assignmentRepositoryUri=http://localhost:49152/git/SHORT9AFDAE3804CA304DDF0889A0CB0F56104A86TSTEXC/short9afdae3804ca304ddf0889a0cb0f56104a86tstexc-localvcintstudent1.git, testRepositoryUri=http://localhost:49152/git/SHORT9AFDAE3804CA304DDF0889A0CB0F56104A86TSTEXC/short9afdae3804ca304ddf0889a0cb0f56104a86tstexc-tests.git, solutionRepositoryUri=null, auxiliaryRepositoryUris=[Ljava.lang.String;@3b6c2bec, auxiliaryRepositoryCheckoutDirectories=[Ljava.lang.String;@10eaab37], jobTimingInfo=JobTimingInfo[submissionDate=2025-02-14T23:45:11.303805653Z[Etc/UTC], buildStartDate=2025-02-14T23:45:11.310981356Z[Etc/UTC], buildCompletionDate=2025-02-14T23:45:11.319178384Z[Etc/UTC], estimatedCompletionDate=2025-02-14T23:45:30.310974944Z[Etc/UTC], estimatedDuration=19], buildConfig=BuildConfig[buildScript=#!/bin/bash
cd /var/tmp/testing-dir
chmod +x ./gradlew
./gradlew clean test
, dockerImage=dummy-docker-image:latest, commitHashToBuild=a1099e378cffde441ef85f9b12577ca174b8e1e4, assignmentCommitHash=a1099e378cffde441ef85f9b12577ca174b8e1e4, testCommitHash=bd38d61c299ab11a1dea82a3ca5493fe04d97d47, branch=main, programmingLanguage=JAVA, projectType=PLAIN_GRADLE, scaEnabled=false, sequentialTestRunsEnabled=false, resultPaths=[/var/tmp/testing-dir/**/test-results/test/*.xml], timeoutSeconds=0, assignmentCheckoutPath=null, testCheckoutPath=null, solutionCheckoutPath=null, dockerRunConfig=null], submissionResult=ResultDTO[id=623, completionDate=2025-02-14T23:45:11.319278430Z[Etc/UTC], successful=false, score=0.0, rated=true, submission=SubmissionDTO[id=815, submitted=true, type=MANUAL, exampleSubmission=null, submissionDate=2025-02-14T23:45:11.294386Z, commitHash=a1099e378cffde441ef85f9b12577ca174b8e1e4, buildFailed=true, buildArtifact=false, participation=ParticipationDTO[id=1936, testRun=false, type=programming, submissionCount=null, exercise=ParticipationExerciseDTO[id=2573, exerciseType=PROGRAMMING, type=programming, assessmentType=AUTOMATIC, dueDate=2025-02-16T23:45:10.996982Z, assessmentDueDate=null, maxPoints=42.0, course=CourseDTO[id=956, accuracyOfScores=1]]], submissionExerciseType=programming, isProcessing=false, buildStartDate=null, estimatedCompletionDate=null], participation=ParticipationDTO[id=1936, testRun=false, type=programming, submissionCount=null, exercise=ParticipationExerciseDTO[id=2573, exerciseType=PROGRAMMING, type=programming, assessmentType=AUTOMATIC, dueDate=2025-02-16T23:45:10.996982Z, assessmentDueDate=null, maxPoints=42.0, course=CourseDTO[id=956, accuracyOfScores=1]]], feedbacks=[], assessmentType=AUTOMATIC, hasComplaint=null, exampleResult=null, testCaseCount=0, passedTestCaseCount=0, codeIssueCount=0]], BuildJobQueueItem[id=19351739576711674, name=SHORT9AFDAE3804CA304DDF0889A0CB0F56104A86TSTEXC-BASE, buildAgent=BuildAgentDTO[name=artemis-build-agent-test, memberAddress=[127.0.0.1]:5703, displayName=artemis-build-agent-test], participationId=1935, courseId=956, exerciseId=2573, retryCount=0, priority=2, status=FAILED, repositoryInfo=RepositoryInfo[repositoryName=short9afdae3804ca304ddf0889a0cb0f56104a86tstexc-exercise, repositoryType=exercise, triggeredByPushTo=exercise, assignmentRepositoryUri=http://localhost:49152/git/SHORT9AFDAE3804CA304DDF0889A0CB0F56104A86TSTEXC/short9afdae3804ca304ddf0889a0cb0f56104a86tstexc-exercise.git, testRepositoryUri=http://localhost:49152/git/SHORT9AFDAE3804CA304DDF0889A0CB0F56104A86TSTEXC/short9afdae3804ca304ddf0889a0cb0f56104a86tstexc-tests.git, solutionRepositoryUri=null, auxiliaryRepositoryUris=[Ljava.lang.String;@296627cc, auxiliaryRepositoryCheckoutDirectories=[Ljava.lang.String;@3edc657e], jobTimingInfo=JobTimingInfo[submissionDate=2025-02-14T23:45:11.674556681Z[Etc/UTC], buildStartDate=2025-02-14T23:45:11.677776879Z[Etc/UTC], buildCompletionDate=2025-02-14T23:45:11.688097378Z[Etc/UTC], estimatedCompletionDate=2025-02-14T23:45:30.677771620Z[Etc/UTC], estimatedDuration=19], buildConfig=BuildConfig[buildScript=#!/bin/bash
cd /var/tmp/testing-dir
chmod +x ./gradlew
./gradlew clean test
, dockerImage=dummy-docker-image:latest, commitHashToBuild=a1099e378cffde441ef85f9b12577ca174b8e1e4, assignmentCommitHash=a1099e378cffde441ef85f9b12577ca174b8e1e4, testCommitHash=bd38d61c299ab11a1dea82a3ca5493fe04d97d47, branch=main, programmingLanguage=JAVA, projectType=PLAIN_GRADLE, scaEnabled=false, sequentialTestRunsEnabled=false, resultPaths=[/var/tmp/testing-dir/**/test-results/test/*.xml], timeoutSeconds=0, assignmentCheckoutPath=null, testCheckoutPath=null, solutionCheckoutPath=null, dockerRunConfig=null], submissionResult=ResultDTO[id=624, completionDate=2025-02-14T23:45:11.688214837Z[Etc/UTC], successful=false, score=0.0, rated=true, submission=SubmissionDTO[id=816, submitted=true, type=MANUAL, exampleSubmission=null, submissionDate=2025-02-14T23:45:11.656934Z, commitHash=a1099e378cffde441ef85f9b12577ca174b8e1e4, buildFailed=true, buildArtifact=false, participation=ParticipationDTO[id=1935, testRun=false, type=template, submissionCount=null, exercise=ParticipationExerciseDTO[id=2573, exerciseType=PROGRAMMING, type=programming, assessmentType=AUTOMATIC, dueDate=2025-02-16T23:45:10.996982Z, assessmentDueDate=null, maxPoints=42.0, course=CourseDTO[id=956, accuracyOfScores=1]]], submissionExerciseType=programming, isProcessing=false, buildStartDate=null, estimatedCompletionDate=null], participation=ParticipationDTO[id=1935, testRun=false, type=template, submissionCount=null, exercise=ParticipationExerciseDTO[id=2573, exerciseType=PROGRAMMING, type=programming, assessmentType=AUTOMATIC, dueDate=2025-02-16T23:45:10.996982Z, assessmentDueDate=null, maxPoints=42.0, course=CourseDTO[id=956, accuracyOfScores=1]]], feedbacks=[], assessmentType=AUTOMATIC, hasComplaint=null, exampleResult=null, testCaseCount=0, passedTestCaseCount=0, codeIssueCount=0]], BuildJobQueueItem[id=19341739576712112, name=SHORT9AFDAE3804CA304DDF0889A0CB0F56104A86TSTEXC-SOLUTION, buildAgent=BuildAgentDTO[name=artemis-build-agent-test, memberAddress=[127.0.0.1]:5703, displayName=artemis-build-agent-test], participationId=1934, courseId=956, exerciseId=2573, retryCount=0, priority=2, status=FAILED, repositoryInfo=RepositoryInfo[repositoryName=short9afdae3804ca304ddf0889a0cb0f56104a86tstexc-solution, repositoryType=solution, triggeredByPushTo=solution, assignmentRepositoryUri=http://localhost:49152/git/SHORT9AFDAE3804CA304DDF0889A0CB0F56104A86TSTEXC/short9afdae3804ca304ddf0889a0cb0f56104a86tstexc-solution.git, testRepositoryUri=http://localhost:49152/git/SHORT9AFDAE3804CA304DDF0889A0CB0F56104A86TSTEXC/short9afdae3804ca304ddf0889a0cb0f56104a86tstexc-tests.git, solutionRepositoryUri=null, auxiliaryRepositoryUris=[Ljava.lang.String;@64351a02, auxiliaryRepositoryCheckoutDirectories=[Ljava.lang.String;@2143a6a0], jobTimingInfo=JobTimingInfo[submissionDate=2025-02-14T23:45:12.112332872Z[Etc/UTC], buildStartDate=2025-02-14T23:45:12.121617114Z[Etc/UTC], buildCompletionDate=2025-02-14T23:45:12.127931701Z[Etc/UTC], estimatedCompletionDate=2025-02-14T23:45:31.121609600Z[Etc/UTC], estimatedDuration=19], buildConfig=BuildConfig[buildScript=#!/bin/bash
cd /var/tmp/testing-dir
chmod +x ./gradlew
./gradlew clean test
, dockerImage=dummy-docker-image:latest, commitHashToBuild=a1099e378cffde441ef85f9b12577ca174b8e1e4, assignmentCommitHash=a1099e378cffde441ef85f9b12577ca174b8e1e4, testCommitHash=bd38d61c299ab11a1dea82a3ca5493fe04d97d47, branch=main, programmingLanguage=JAVA, projectType=PLAIN_GRADLE, scaEnabled=false, sequentialTestRunsEnabled=false, resultPaths=[/var/tmp/testing-dir/**/test-results/test/*.xml], timeoutSeconds=0, assignmentCheckoutPath=null, testCheckoutPath=null, solutionCheckoutPath=null, dockerRunConfig=null], submissionResult=ResultDTO[id=625, completionDate=2025-02-14T23:45:12.128011800Z[Etc/UTC], successful=false, score=0.0, rated=true, submission=SubmissionDTO[id=817, submitted=true, type=MANUAL, exampleSubmission=null, submissionDate=2025-02-14T23:45:12.098737Z, commitHash=a1099e378cffde441ef85f9b12577ca174b8e1e4, buildFailed=true, buildArtifact=false, participation=ParticipationDTO[id=1934, testRun=false, type=solution, submissionCount=null, exercise=ParticipationExerciseDTO[id=2573, exerciseType=PROGRAMMING, type=programming, assessmentType=AUTOMATIC, dueDate=2025-02-16T23:45:10.996982Z, assessmentDueDate=null, maxPoints=42.0, course=CourseDTO[id=956, accuracyOfScores=1]]], submissionExerciseType=programming, isProcessing=false, buildStartDate=null, estimatedCompletionDate=null], participation=ParticipationDTO[id=1934, testRun=false, type=solution, submissionCount=null, exercise=ParticipationExerciseDTO[id=2573, exerciseType=PROGRAMMING, type=programming, assessmentType=AUTOMATIC, dueDate=2025-02-16T23:45:10.996982Z, assessmentDueDate=null, maxPoints=42.0, course=CourseDTO[id=956, accuracyOfScores=1]]], feedbacks=[], assessmentType=AUTOMATIC, hasComplaint=null, exampleResult=null, testCaseCount=0, passedTestCaseCount=0, codeIssueCount=0]]], publicSshKey=ssh-rsa AAAAB3NzaC1yc2EAAAADAQABAAACAQCOPdMsxRE2jFJ/UEa5/LsBxtwzJcrh3/rYBCQvcMeVpiRfhzQPWu7mrt/G2Ew+i+vRloGH9aqKg6dd1liRncao53Zmd/ePxoatXePNhmzTfkCkcSkTUz7B+QMjkoDDV5jwuFPD6mF3JkhuzSi64n9Zy905t4w2IhVcjM2mL3eYNjiCXt6Qpq3Pkt7dM/Ksw1nxnvuiIALuJLB3FTkXkHqq3PJav+9HSq2r6ZaWgekneaGxlQlb+U+Vy3XOuArKAzK8c8i+0bR+AHiTG6ncYXt7ax3U+TdlDTF7OLP3umwaYjs1NBXOHwG42pevvpKn2fqavZZozk+M05jXLx3bq0O7itxfErWc7etky8qYPyyIMF/txQIVLd78+Ze4d7Y60t5MGbXM5cGE6fFif5fEJwgswXD+BrG0cafz1CTatjSKFdvp8Vp4VszXhHDan1PrP6JEFJ5Cc5GDmLRZPCFa3vL9f5qXgf4bkqKN8MYeEujwJE5nMRWoiJVNakix2bcrrneQMBlnYeYZVWXXXUusAQBzl4NgddC1umZpihZkL1b1MffZAUW3EGEXi7KHnllQhkTLLsQ8ntMgbylqaJKStqaXlLvdeRJcEnUuiFCrHEVVbXRFZR7XVDZ02CE5o3MuaRPty8Kh+jRTF3COlAckHwYEJCNNJvXFgb2CNXL4mjzYDw== test@localhost]
    23:45:13.059 | 566 localvc.event-13 | DEBUG | s.l.LocalCIWebsocketMessagingService : Sending message on topic /topic/admin/build-agents: [BuildAgentInformation[buildAgent=BuildAgentDTO[name=artemis-build-agent-test, memberAddress=[127.0.0.1]:5703, displayName=artemis-build-agent-test], maxNumberOfConcurrentBuildJobs=1, numberOfCurrentBuildJobs=0, runningBuildJobs=[], status=IDLE, recentBuildJobs=null, publicSshKey=null]]
    23:45:13.060 | 566 localvc.event-13 | DEBUG | s.l.LocalCIWebsocketMessagingService : Sending message on topic /topic/admin/build-agent/artemis-build-agent-test: BuildAgentInformation[buildAgent=BuildAgentDTO[name=artemis-build-agent-test, memberAddress=[127.0.0.1]:5703, displayName=artemis-build-agent-test], maxNumberOfConcurrentBuildJobs=1, numberOfCurrentBuildJobs=0, runningBuildJobs=[], status=IDLE, recentBuildJobs=[BuildJobQueueItem[id=19141739576708030, name=SHORT5F02A8F400311042E70858306EB148073CFDTSTEXC-LOCALVCINTSTUDENT1, buildAgent=BuildAgentDTO[name=artemis-build-agent-test, memberAddress=[127.0.0.1]:5703, displayName=artemis-build-agent-test], participationId=1914, courseId=947, exerciseId=2564, retryCount=0, priority=2, status=FAILED, repositoryInfo=RepositoryInfo[repositoryName=short5f02a8f400311042e70858306eb148073cfdtstexc-localvcintstudent1, repositoryType=user, triggeredByPushTo=user, assignmentRepositoryUri=http://localhost:49152/git/SHORT5F02A8F400311042E70858306EB148073CFDTSTEXC/short5f02a8f400311042e70858306eb148073cfdtstexc-localvcintstudent1.git, testRepositoryUri=http://localhost:49152/git/SHORT5F02A8F400311042E70858306EB148073CFDTSTEXC/short5f02a8f400311042e70858306eb148073cfdtstexc-tests.git, solutionRepositoryUri=null, auxiliaryRepositoryUris=[Ljava.lang.String;@28802b45, auxiliaryRepositoryCheckoutDirectories=[Ljava.lang.String;@14caee53], jobTimingInfo=JobTimingInfo[submissionDate=2025-02-14T23:45:08.030118216Z[Etc/UTC], buildStartDate=2025-02-14T23:45:08.041011412Z[Etc/UTC], buildCompletionDate=2025-02-14T23:45:08.054603331Z[Etc/UTC], estimatedCompletionDate=2025-02-14T23:45:27.041005080Z[Etc/UTC], estimatedDuration=19], buildConfig=BuildConfig[buildScript=#!/bin/bash
cd /var/tmp/testing-dir
chmod +x ./gradlew
./gradlew clean test
, dockerImage=dummy-docker-image:latest, commitHashToBuild=6e7146cac5059504aa9d170ec3fa23aec740bb51, assignmentCommitHash=6e7146cac5059504aa9d170ec3fa23aec740bb51, testCommitHash=931e5303581c7a2f01339ba603cfafbfe668b901, branch=main, programmingLanguage=JAVA, projectType=PLAIN_GRADLE, scaEnabled=false, sequentialTestRunsEnabled=false, resultPaths=[/var/tmp/testing-dir/**/test-results/test/*.xml], timeoutSeconds=0, assignmentCheckoutPath=null, testCheckoutPath=null, solutionCheckoutPath=null, dockerRunConfig=null], submissionResult=ResultDTO[id=622, completionDate=2025-02-14T23:45:08.054683681Z[Etc/UTC], successful=false, score=0.0, rated=true, submission=SubmissionDTO[id=814, submitted=true, type=MANUAL, exampleSubmission=null, submissionDate=2025-02-14T23:45:08.016200Z, commitHash=6e7146cac5059504aa9d170ec3fa23aec740bb51, buildFailed=true, buildArtifact=false, participation=ParticipationDTO[id=1914, testRun=false, type=programming, submissionCount=null, exercise=ParticipationExerciseDTO[id=2564, exerciseType=PROGRAMMING, type=programming, assessmentType=AUTOMATIC, dueDate=2025-02-16T23:45:07.324348Z, assessmentDueDate=null, maxPoints=42.0, course=CourseDTO[id=947, accuracyOfScores=1]]], submissionExerciseType=programming, isProcessing=false, buildStartDate=null, estimatedCompletionDate=null], participation=ParticipationDTO[id=1914, testRun=false, type=programming, submissionCount=null, exercise=ParticipationExerciseDTO[id=2564, exerciseType=PROGRAMMING, type=programming, assessmentType=AUTOMATIC, dueDate=2025-02-16T23:45:07.324348Z, assessmentDueDate=null, maxPoints=42.0, course=CourseDTO[id=947, accuracyOfScores=1]]], feedbacks=[], assessmentType=AUTOMATIC, hasComplaint=null, exampleResult=null, testCaseCount=0, passedTestCaseCount=0, codeIssueCount=0]], BuildJobQueueItem[id=19361739576711303, name=SHORT9AFDAE3804CA304DDF0889A0CB0F56104A86TSTEXC-LOCALVCINTSTUDENT1, buildAgent=BuildAgentDTO[name=artemis-build-agent-test, memberAddress=[127.0.0.1]:5703, displayName=artemis-build-agent-test], participationId=1936, courseId=956, exerciseId=2573, retryCount=0, priority=2, status=FAILED, repositoryInfo=RepositoryInfo[repositoryName=short9afdae3804ca304ddf0889a0cb0f56104a86tstexc-localvcintstudent1, repositoryType=user, triggeredByPushTo=user, assignmentRepositoryUri=http://localhost:49152/git/SHORT9AFDAE3804CA304DDF0889A0CB0F56104A86TSTEXC/short9afdae3804ca304ddf0889a0cb0f56104a86tstexc-localvcintstudent1.git, testRepositoryUri=http://localhost:49152/git/SHORT9AFDAE3804CA304DDF0889A0CB0F56104A86TSTEXC/short9afdae3804ca304ddf0889a0cb0f56104a86tstexc-tests.git, solutionRepositoryUri=null, auxiliaryRepositoryUris=[Ljava.lang.String;@3005b26c, auxiliaryRepositoryCheckoutDirectories=[Ljava.lang.String;@1a40d33c], jobTimingInfo=JobTimingInfo[submissionDate=2025-02-14T23:45:11.303805653Z[Etc/UTC], buildStartDate=2025-02-14T23:45:11.310981356Z[Etc/UTC], buildCompletionDate=2025-02-14T23:45:11.319178384Z[Etc/UTC], estimatedCompletionDate=2025-02-14T23:45:30.310974944Z[Etc/UTC], estimatedDuration=19], buildConfig=BuildConfig[buildScript=#!/bin/bash
cd /var/tmp/testing-dir
chmod +x ./gradlew
./gradlew clean test
, dockerImage=dummy-docker-image:latest, commitHashToBuild=a1099e378cffde441ef85f9b12577ca174b8e1e4, assignmentCommitHash=a1099e378cffde441ef85f9b12577ca174b8e1e4, testCommitHash=bd38d61c299ab11a1dea82a3ca5493fe04d97d47, branch=main, programmingLanguage=JAVA, projectType=PLAIN_GRADLE, scaEnabled=false, sequentialTestRunsEnabled=false, resultPaths=[/var/tmp/testing-dir/**/test-results/test/*.xml], timeoutSeconds=0, assignmentCheckoutPath=null, testCheckoutPath=null, solutionCheckoutPath=null, dockerRunConfig=null], submissionResult=ResultDTO[id=623, completionDate=2025-02-14T23:45:11.319278430Z[Etc/UTC], successful=false, score=0.0, rated=true, submission=SubmissionDTO[id=815, submitted=true, type=MANUAL, exampleSubmission=null, submissionDate=2025-02-14T23:45:11.294386Z, commitHash=a1099e378cffde441ef85f9b12577ca174b8e1e4, buildFailed=true, buildArtifact=false, participation=ParticipationDTO[id=1936, testRun=false, type=programming, submissionCount=null, exercise=ParticipationExerciseDTO[id=2573, exerciseType=PROGRAMMING, type=programming, assessmentType=AUTOMATIC, dueDate=2025-02-16T23:45:10.996982Z, assessmentDueDate=null, maxPoints=42.0, course=CourseDTO[id=956, accuracyOfScores=1]]], submissionExerciseType=programming, isProcessing=false, buildStartDate=null, estimatedCompletionDate=null], participation=ParticipationDTO[id=1936, testRun=false, type=programming, submissionCount=null, exercise=ParticipationExerciseDTO[id=2573, exerciseType=PROGRAMMING, type=programming, assessmentType=AUTOMATIC, dueDate=2025-02-16T23:45:10.996982Z, assessmentDueDate=null, maxPoints=42.0, course=CourseDTO[id=956, accuracyOfScores=1]]], feedbacks=[], assessmentType=AUTOMATIC, hasComplaint=null, exampleResult=null, testCaseCount=0, passedTestCaseCount=0, codeIssueCount=0]], BuildJobQueueItem[id=19351739576711674, name=SHORT9AFDAE3804CA304DDF0889A0CB0F56104A86TSTEXC-BASE, buildAgent=BuildAgentDTO[name=artemis-build-agent-test, memberAddress=[127.0.0.1]:5703, displayName=artemis-build-agent-test], participationId=1935, courseId=956, exerciseId=2573, retryCount=0, priority=2, status=FAILED, repositoryInfo=RepositoryInfo[repositoryName=short9afdae3804ca304ddf0889a0cb0f56104a86tstexc-exercise, repositoryType=exercise, triggeredByPushTo=exercise, assignmentRepositoryUri=http://localhost:49152/git/SHORT9AFDAE3804CA304DDF0889A0CB0F56104A86TSTEXC/short9afdae3804ca304ddf0889a0cb0f56104a86tstexc-exercise.git, testRepositoryUri=http://localhost:49152/git/SHORT9AFDAE3804CA304DDF0889A0CB0F56104A86TSTEXC/short9afdae3804ca304ddf0889a0cb0f56104a86tstexc-tests.git, solutionRepositoryUri=null, auxiliaryRepositoryUris=[Ljava.lang.String;@33330932, auxiliaryRepositoryCheckoutDirectories=[Ljava.lang.String;@7048d171], jobTimingInfo=JobTimingInfo[submissionDate=2025-02-14T23:45:11.674556681Z[Etc/UTC], buildStartDate=2025-02-14T23:45:11.677776879Z[Etc/UTC], buildCompletionDate=2025-02-14T23:45:11.688097378Z[Etc/UTC], estimatedCompletionDate=2025-02-14T23:45:30.677771620Z[Etc/UTC], estimatedDuration=19], buildConfig=BuildConfig[buildScript=#!/bin/bash
cd /var/tmp/testing-dir
chmod +x ./gradlew
./gradlew clean test
, dockerImage=dummy-docker-image:latest, commitHashToBuild=a1099e378cffde441ef85f9b12577ca174b8e1e4, assignmentCommitHash=a1099e378cffde441ef85f9b12577ca174b8e1e4, testCommitHash=bd38d61c299ab11a1dea82a3ca5493fe04d97d47, branch=main, programmingLanguage=JAVA, projectType=PLAIN_GRADLE, scaEnabled=false, sequentialTestRunsEnabled=false, resultPaths=[/var/tmp/testing-dir/**/test-results/test/*.xml], timeoutSeconds=0, assignmentCheckoutPath=null, testCheckoutPath=null, solutionCheckoutPath=null, dockerRunConfig=null], submissionResult=ResultDTO[id=624, completionDate=2025-02-14T23:45:11.688214837Z[Etc/UTC], successful=false, score=0.0, rated=true, submission=SubmissionDTO[id=816, submitted=true, type=MANUAL, exampleSubmission=null, submissionDate=2025-02-14T23:45:11.656934Z, commitHash=a1099e378cffde441ef85f9b12577ca174b8e1e4, buildFailed=true, buildArtifact=false, participation=ParticipationDTO[id=1935, testRun=false, type=template, submissionCount=null, exercise=ParticipationExerciseDTO[id=2573, exerciseType=PROGRAMMING, type=programming, assessmentType=AUTOMATIC, dueDate=2025-02-16T23:45:10.996982Z, assessmentDueDate=null, maxPoints=42.0, course=CourseDTO[id=956, accuracyOfScores=1]]], submissionExerciseType=programming, isProcessing=false, buildStartDate=null, estimatedCompletionDate=null], participation=ParticipationDTO[id=1935, testRun=false, type=template, submissionCount=null, exercise=ParticipationExerciseDTO[id=2573, exerciseType=PROGRAMMING, type=programming, assessmentType=AUTOMATIC, dueDate=2025-02-16T23:45:10.996982Z, assessmentDueDate=null, maxPoints=42.0, course=CourseDTO[id=956, accuracyOfScores=1]]], feedbacks=[], assessmentType=AUTOMATIC, hasComplaint=null, exampleResult=null, testCaseCount=0, passedTestCaseCount=0, codeIssueCount=0]], BuildJobQueueItem[id=19341739576712112, name=SHORT9AFDAE3804CA304DDF0889A0CB0F56104A86TSTEXC-SOLUTION, buildAgent=BuildAgentDTO[name=artemis-build-agent-test, memberAddress=[127.0.0.1]:5703, displayName=artemis-build-agent-test], participationId=1934, courseId=956, exerciseId=2573, retryCount=0, priority=2, status=FAILED, repositoryInfo=RepositoryInfo[repositoryName=short9afdae3804ca304ddf0889a0cb0f56104a86tstexc-solution, repositoryType=solution, triggeredByPushTo=solution, assignmentRepositoryUri=http://localhost:49152/git/SHORT9AFDAE3804CA304DDF0889A0CB0F56104A86TSTEXC/short9afdae3804ca304ddf0889a0cb0f56104a86tstexc-solution.git, testRepositoryUri=http://localhost:49152/git/SHORT9AFDAE3804CA304DDF0889A0CB0F56104A86TSTEXC/short9afdae3804ca304ddf0889a0cb0f56104a86tstexc-tests.git, solutionRepositoryUri=null, auxiliaryRepositoryUris=[Ljava.lang.String;@6d439bc6, auxiliaryRepositoryCheckoutDirectories=[Ljava.lang.String;@71866c61], jobTimingInfo=JobTimingInfo[submissionDate=2025-02-14T23:45:12.112332872Z[Etc/UTC], buildStartDate=2025-02-14T23:45:12.121617114Z[Etc/UTC], buildCompletionDate=2025-02-14T23:45:12.127931701Z[Etc/UTC], estimatedCompletionDate=2025-02-14T23:45:31.121609600Z[Etc/UTC], estimatedDuration=19], buildConfig=BuildConfig[buildScript=#!/bin/bash
cd /var/tmp/testing-dir
chmod +x ./gradlew
./gradlew clean test
, dockerImage=dummy-docker-image:latest, commitHashToBuild=a1099e378cffde441ef85f9b12577ca174b8e1e4, assignmentCommitHash=a1099e378cffde441ef85f9b12577ca174b8e1e4, testCommitHash=bd38d61c299ab11a1dea82a3ca5493fe04d97d47, branch=main, programmingLanguage=JAVA, projectType=PLAIN_GRADLE, scaEnabled=false, sequentialTestRunsEnabled=false, resultPaths=[/var/tmp/testing-dir/**/test-results/test/*.xml], timeoutSeconds=0, assignmentCheckoutPath=null, testCheckoutPath=null, solutionCheckoutPath=null, dockerRunConfig=null], submissionResult=ResultDTO[id=625, completionDate=2025-02-14T23:45:12.128011800Z[Etc/UTC], successful=false, score=0.0, rated=true, submission=SubmissionDTO[id=817, submitted=true, type=MANUAL, exampleSubmission=null, submissionDate=2025-02-14T23:45:12.098737Z, commitHash=a1099e378cffde441ef85f9b12577ca174b8e1e4, buildFailed=true, buildArtifact=false, participation=ParticipationDTO[id=1934, testRun=false, type=solution, submissionCount=null, exercise=ParticipationExerciseDTO[id=2573, exerciseType=PROGRAMMING, type=programming, assessmentType=AUTOMATIC, dueDate=2025-02-16T23:45:10.996982Z, assessmentDueDate=null, maxPoints=42.0, course=CourseDTO[id=956, accuracyOfScores=1]]], submissionExerciseType=programming, isProcessing=false, buildStartDate=null, estimatedCompletionDate=null], participation=ParticipationDTO[id=1934, testRun=false, type=solution, submissionCount=null, exercise=ParticipationExerciseDTO[id=2573, exerciseType=PROGRAMMING, type=programming, assessmentType=AUTOMATIC, dueDate=2025-02-16T23:45:10.996982Z, assessmentDueDate=null, maxPoints=42.0, course=CourseDTO[id=956, accuracyOfScores=1]]], feedbacks=[], assessmentType=AUTOMATIC, hasComplaint=null, exampleResult=null, testCaseCount=0, passedTestCaseCount=0, codeIssueCount=0]], BuildJobQueueItem[id=19341739576713025, name=SHORT9AFDAE3804CA304DDF0889A0CB0F56104A86TSTEXC-SOLUTION, buildAgent=BuildAgentDTO[name=artemis-build-agent-test, memberAddress=[127.0.0.1]:5703, displayName=artemis-build-agent-test], participationId=1934, courseId=956, exerciseId=2573, retryCount=0, priority=2, status=FAILED, repositoryInfo=RepositoryInfo[repositoryName=short9afdae3804ca304ddf0889a0cb0f56104a86tstexc-solution, repositoryType=solution, triggeredByPushTo=tests, assignmentRepositoryUri=http://localhost:49152/git/SHORT9AFDAE3804CA304DDF0889A0CB0F56104A86TSTEXC/short9afdae3804ca304ddf0889a0cb0f56104a86tstexc-solution.git, testRepositoryUri=http://localhost:49152/git/SHORT9AFDAE3804CA304DDF0889A0CB0F56104A86TSTEXC/short9afdae3804ca304ddf0889a0cb0f56104a86tstexc-tests.git, solutionRepositoryUri=null, auxiliaryRepositoryUris=[Ljava.lang.String;@5ad791fa, auxiliaryRepositoryCheckoutDirectories=[Ljava.lang.String;@6c221088], jobTimingInfo=JobTimingInfo[submissionDate=2025-02-14T23:45:13.025319671Z[Etc/UTC], buildStartDate=2025-02-14T23:45:13.040293146Z[Etc/UTC], buildCompletionDate=2025-02-14T23:45:13.053032917Z[Etc/UTC], estimatedCompletionDate=2025-02-14T23:45:32.040285703Z[Etc/UTC], estimatedDuration=19], buildConfig=BuildConfig[buildScript=#!/bin/bash
cd /var/tmp/testing-dir
chmod +x ./gradlew
./gradlew clean test
, dockerImage=dummy-docker-image:latest, commitHashToBuild=784f8f0049d2a1a54f21c67dd772bea86715267a, assignmentCommitHash=a1099e378cffde441ef85f9b12577ca174b8e1e4, testCommitHash=784f8f0049d2a1a54f21c67dd772bea86715267a, branch=main, programmingLanguage=JAVA, projectType=PLAIN_GRADLE, scaEnabled=false, sequentialTestRunsEnabled=false, resultPaths=[/var/tmp/testing-dir/**/test-results/test/*.xml], timeoutSeconds=0, assignmentCheckoutPath=null, testCheckoutPath=null, solutionCheckoutPath=null, dockerRunConfig=null], submissionResult=null]], publicSshKey=ssh-rsa AAAAB3NzaC1yc2EAAAADAQABAAACAQCOPdMsxRE2jFJ/UEa5/LsBxtwzJcrh3/rYBCQvcMeVpiRfhzQPWu7mrt/G2Ew+i+vRloGH9aqKg6dd1liRncao53Zmd/ePxoatXePNhmzTfkCkcSkTUz7B+QMjkoDDV5jwuFPD6mF3JkhuzSi64n9Zy905t4w2IhVcjM2mL3eYNjiCXt6Qpq3Pkt7dM/Ksw1nxnvuiIALuJLB3FTkXkHqq3PJav+9HSq2r6ZaWgekneaGxlQlb+U+Vy3XOuArKAzK8c8i+0bR+AHiTG6ncYXt7ax3U+TdlDTF7OLP3umwaYjs1NBXOHwG42pevvpKn2fqavZZozk+M05jXLx3bq0O7itxfErWc7etky8qYPyyIMF/txQIVLd78+Ze4d7Y60t5MGbXM5cGE6fFif5fEJwgswXD+BrG0cafz1CTatjSKFdvp8Vp4VszXhHDan1PrP6JEFJ5Cc5GDmLRZPCFa3vL9f5qXgf4bkqKN8MYeEujwJE5nMRWoiJVNakix2bcrrneQMBlnYeYZVWXXXUusAQBzl4NgddC1umZpihZkL1b1MffZAUW3EGEXi7KHnllQhkTLLsQ8ntMgbylqaJKStqaXlLvdeRJcEnUuiFCrHEVVbXRFZR7XVDZ02CE5o3MuaRPty8Kh+jRTF3COlAckHwYEJCNNJvXFgb2CNXL4mjzYDw== test@localhost]
    23:45:13.060 | 566 localvc.event-13 | DEBUG | a.p.s.l.SharedQueueManagementService : Build agent updated: null
    23:45:13.060 | 588 artemis-task-1   | DEBUG | d.t.c.a.a.c.c.w.GzipMessageConverter : Compressed message payload from 255 to 232 (saved 9.0% payload size)
    23:45:13.062 | 588 artemis-task-1   | DEBUG | d.t.c.a.a.c.c.w.GzipMessageConverter : Compressed message payload from 17346 to 3452 (saved 80.1% payload size)
    23:45:13.062 | 605 nio-49152-exec-4 | DEBUG | d.t.c.a.a.p.s.l.LocalVCPushFilter    : Trying to push to repository /git/SHORT9AFDAE3804CA304DDF0889A0CB0F56104A86TSTEXC/short9afdae3804ca304ddf0889a0cb0f56104a86tstexc-tests.git/info/refs
    23:45:13.064 | 566 localvc.event-13 | DEBUG | p.s.l.LocalCIResultProcessingService : Result of build job with id 19341739576713025 added to queue
    23:45:13.065 | 566 localvc.event-13 | INFO  | p.s.l.LocalCIResultProcessingService : Processing build job result with id 19341739576713025
    23:45:13.065 | 566 localvc.event-13 | DEBUG | p.s.l.LocalCIResultProcessingService : Build jobs waiting in queue: 0
    23:45:13.065 | 566 localvc.event-13 | DEBUG | p.s.l.LocalCIResultProcessingService : Queued build jobs: []
    23:45:13.067 | 566 localvc.event-13 | DEBUG | .s.ProgrammingExerciseGradingService : Received new build result (NEW) for participation 1934
    23:45:13.071 | 605 nio-49152-exec-4 | DEBUG | t.c.a.a.c.s.DomainUserDetailsService : Authenticating localvcintinstructor1
    23:45:13.085 | 605 nio-49152-exec-4 | DEBUG | .t.c.a.a.p.s.l.LocalVCServletService : Authorizing user localvcintinstructor1 for repository http://localhost:49152/git/SHORT9AFDAE3804CA304DDF0889A0CB0F56104A86TSTEXC/short9afdae3804ca304ddf0889a0cb0f56104a86tstexc-tests.git took 23.35ms
    23:45:13.095 | 607 nio-49152-exec-6 | DEBUG | d.t.c.a.a.c.s.f.ApiVersionFilter     : Adding Version to Request GET /git/SHORT9AFDAE3804CA304DDF0889A0CB0F56104A86TSTEXC/short9afdae3804ca304ddf0889a0cb0f56104a86tstexc-tests.git/info/refs
    23:45:13.095 | 607 nio-49152-exec-6 | DEBUG | .t.c.a.a.p.s.l.LocalVCServletService : Path to resolve repository from: /tmp/SHORT9AFDAE3804CA304DDF0889A0CB0F56104A86TSTEXC/short9afdae3804ca304ddf0889a0cb0f56104a86tstexc-tests.git
    23:45:13.095 | 607 nio-49152-exec-6 | DEBUG | .t.c.a.a.p.s.l.LocalVCServletService : Retrieving cached local repository SHORT9AFDAE3804CA304DDF0889A0CB0F56104A86TSTEXC/short9afdae3804ca304ddf0889a0cb0f56104a86tstexc-tests.git
    23:45:13.095 | 607 nio-49152-exec-6 | DEBUG | .t.c.a.a.p.s.l.LocalVCServletService : Resolving repository for repository SHORT9AFDAE3804CA304DDF0889A0CB0F56104A86TSTEXC/short9afdae3804ca304ddf0889a0cb0f56104a86tstexc-tests.git took 23µs
    23:45:13.096 | 607 nio-49152-exec-6 | DEBUG | d.t.c.a.a.p.s.l.LocalVCPushFilter    : Trying to push to repository /git/SHORT9AFDAE3804CA304DDF0889A0CB0F56104A86TSTEXC/short9afdae3804ca304ddf0889a0cb0f56104a86tstexc-tests.git/info/refs
    23:45:13.106 | 607 nio-49152-exec-6 | DEBUG | t.c.a.a.c.s.DomainUserDetailsService : Authenticating localvcintinstructor1
    23:45:13.125 | 607 nio-49152-exec-6 | DEBUG | .t.c.a.a.p.s.l.LocalVCServletService : Authorizing user localvcintinstructor1 for repository http://localhost:49152/git/SHORT9AFDAE3804CA304DDF0889A0CB0F56104A86TSTEXC/short9afdae3804ca304ddf0889a0cb0f56104a86tstexc-tests.git took 29.57ms
    23:45:13.143 | 606 nio-49152-exec-5 | DEBUG | d.t.c.a.a.c.s.f.ApiVersionFilter     : Adding Version to Request POST /git/SHORT9AFDAE3804CA304DDF0889A0CB0F56104A86TSTEXC/short9afdae3804ca304ddf0889a0cb0f56104a86tstexc-tests.git/git-receive-pack
    23:45:13.143 | 606 nio-49152-exec-5 | DEBUG | .t.c.a.a.p.s.l.LocalVCServletService : Path to resolve repository from: /tmp/SHORT9AFDAE3804CA304DDF0889A0CB0F56104A86TSTEXC/short9afdae3804ca304ddf0889a0cb0f56104a86tstexc-tests.git
    23:45:13.143 | 606 nio-49152-exec-5 | DEBUG | .t.c.a.a.p.s.l.LocalVCServletService : Retrieving cached local repository SHORT9AFDAE3804CA304DDF0889A0CB0F56104A86TSTEXC/short9afdae3804ca304ddf0889a0cb0f56104a86tstexc-tests.git
    23:45:13.143 | 606 nio-49152-exec-5 | DEBUG | .t.c.a.a.p.s.l.LocalVCServletService : Resolving repository for repository SHORT9AFDAE3804CA304DDF0889A0CB0F56104A86TSTEXC/short9afdae3804ca304ddf0889a0cb0f56104a86tstexc-tests.git took 30µs
    23:45:13.143 | 606 nio-49152-exec-5 | DEBUG | d.t.c.a.a.p.s.l.LocalVCPushFilter    : Trying to push to repository /git/SHORT9AFDAE3804CA304DDF0889A0CB0F56104A86TSTEXC/short9afdae3804ca304ddf0889a0cb0f56104a86tstexc-tests.git/git-receive-pack
    23:45:13.217 | 566 localvc.event-13 | ERROR | p.s.l.LocalCIResultProcessingService : Error while processing build job: BuildJobQueueItem[id=19341739576713025, name=SHORT9AFDAE3804CA304DDF0889A0CB0F56104A86TSTEXC-SOLUTION, buildAgent=BuildAgentDTO[name=artemis-build-agent-test, memberAddress=[127.0.0.1]:5703, displayName=artemis-build-agent-test], participationId=1934, courseId=956, exerciseId=2573, retryCount=0, priority=2, status=FAILED, repositoryInfo=RepositoryInfo[repositoryName=short9afdae3804ca304ddf0889a0cb0f56104a86tstexc-solution, repositoryType=solution, triggeredByPushTo=tests, assignmentRepositoryUri=http://localhost:49152/git/SHORT9AFDAE3804CA304DDF0889A0CB0F56104A86TSTEXC/short9afdae3804ca304ddf0889a0cb0f56104a86tstexc-solution.git, testRepositoryUri=http://localhost:49152/git/SHORT9AFDAE3804CA304DDF0889A0CB0F56104A86TSTEXC/short9afdae3804ca304ddf0889a0cb0f56104a86tstexc-tests.git, solutionRepositoryUri=null, auxiliaryRepositoryUris=[Ljava.lang.String;@2006ab28, auxiliaryRepositoryCheckoutDirectories=[Ljava.lang.String;@747d6c7c], jobTimingInfo=JobTimingInfo[submissionDate=2025-02-14T23:45:13.025319671Z[Etc/UTC], buildStartDate=2025-02-14T23:45:13.040293146Z[Etc/UTC], buildCompletionDate=2025-02-14T23:45:13.053032917Z[Etc/UTC], estimatedCompletionDate=2025-02-14T23:45:32.040285703Z[Etc/UTC], estimatedDuration=19], buildConfig=BuildConfig[buildScript=#!/bin/bash
cd /var/tmp/testing-dir
chmod +x ./gradlew
./gradlew clean test
, dockerImage=dummy-docker-image:latest, commitHashToBuild=784f8f0049d2a1a54f21c67dd772bea86715267a, assignmentCommitHash=a1099e378cffde441ef85f9b12577ca174b8e1e4, testCommitHash=784f8f0049d2a1a54f21c67dd772bea86715267a, branch=main, programmingLanguage=JAVA, projectType=PLAIN_GRADLE, scaEnabled=false, sequentialTestRunsEnabled=false, resultPaths=[/var/tmp/testing-dir/**/test-results/test/*.xml], timeoutSeconds=0, assignmentCheckoutPath=null, testCheckoutPath=null, solutionCheckoutPath=null, dockerRunConfig=null], submissionResult=null]
java.util.concurrent.CompletionException: java.util.concurrent.ExecutionException: de.tum.cit.aet.artemis.core.exception.LocalCIException: Could not pull Docker image dummy-docker-image:latest
	at de.tum.cit.aet.artemis.buildagent.service.BuildJobManagementService.lambda$executeBuildJob$2(BuildJobManagementService.java:188)
	at de.tum.cit.aet.artemis.buildagent.service.BuildJobManagementService.createCompletableFuture(BuildJobManagementService.java:236)
	at de.tum.cit.aet.artemis.buildagent.service.BuildJobManagementService.executeBuildJob(BuildJobManagementService.java:163)
	at de.tum.cit.aet.artemis.buildagent.service.SharedQueueProcessingService.processBuild(SharedQueueProcessingService.java:413)
	at de.tum.cit.aet.artemis.buildagent.service.SharedQueueProcessingService.checkAvailabilityAndProcessNextBuild(SharedQueueProcessingService.java:269)
	at de.tum.cit.aet.artemis.buildagent.service.SharedQueueProcessingService$QueuedBuildJobItemListener.itemAdded(SharedQueueProcessingService.java:594)
	at com.hazelcast.collection.impl.queue.QueueService.lambda$dispatchEvent$1(QueueService.java:277)
	at com.hazelcast.internal.namespace.impl.NoOpUserCodeNamespaceService.runWithNamespace(NoOpUserCodeNamespaceService.java:82)
	at com.hazelcast.internal.namespace.NamespaceUtil.runWithNamespace(NamespaceUtil.java:106)
	at com.hazelcast.collection.impl.queue.QueueService.dispatchEvent(QueueService.java:275)
	at com.hazelcast.collection.impl.queue.QueueService.dispatchEvent(QueueService.java:98)
	at com.hazelcast.spi.impl.eventservice.impl.LocalEventDispatcher.run(LocalEventDispatcher.java:64)
	at com.hazelcast.internal.util.executor.StripedExecutor$Worker.process(StripedExecutor.java:244)
	at com.hazelcast.internal.util.executor.StripedExecutor$Worker.run(StripedExecutor.java:227)
Caused by: java.util.concurrent.ExecutionException: de.tum.cit.aet.artemis.core.exception.LocalCIException: Could not pull Docker image dummy-docker-image:latest
	at java.base/java.util.concurrent.FutureTask.report(FutureTask.java:122)
	at java.base/java.util.concurrent.FutureTask.get(FutureTask.java:205)
	at de.tum.cit.aet.artemis.buildagent.service.BuildJobManagementService.lambda$executeBuildJob$2(BuildJobManagementService.java:165)
	... 13 common frames omitted
Caused by: de.tum.cit.aet.artemis.core.exception.LocalCIException: Could not pull Docker image dummy-docker-image:latest
	at de.tum.cit.aet.artemis.buildagent.service.BuildJobExecutionService.runBuildJob(BuildJobExecutionService.java:157)
	at java.base/jdk.internal.reflect.DirectMethodHandleAccessor.invoke(DirectMethodHandleAccessor.java:103)
	at java.base/java.lang.reflect.Method.invoke(Method.java:580)
	at org.springframework.aop.support.AopUtils.invokeJoinpointUsingReflection(AopUtils.java:359)
	at org.springframework.aop.framework.CglibAopProxy$DynamicAdvisedInterceptor.intercept(CglibAopProxy.java:723)
	at de.tum.cit.aet.artemis.buildagent.service.BuildJobExecutionService$$SpringCGLIB$$0.runBuildJob(<generated>)
	at de.tum.cit.aet.artemis.buildagent.service.BuildJobManagementService.lambda$executeBuildJob$1(BuildJobManagementService.java:129)
	at java.base/java.util.concurrent.FutureTask.run(FutureTask.java:317)
	at java.base/java.util.concurrent.ThreadPoolExecutor.runWorker(ThreadPoolExecutor.java:1144)
	at java.base/java.util.concurrent.ThreadPoolExecutor$Worker.run(ThreadPoolExecutor.java:642)
	at java.base/java.lang.Thread.run(Thread.java:1583)
Caused by: de.tum.cit.aet.artemis.core.exception.LocalCIException: Docker image dummy-docker-image:latest is not compatible with the current architecture. Needed 'linux/amd64', but got 'null'
	at de.tum.cit.aet.artemis.buildagent.service.BuildAgentDockerService.checkImageArchitecture(BuildAgentDockerService.java:291)
	at de.tum.cit.aet.artemis.buildagent.service.BuildAgentDockerService.pullDockerImage(BuildAgentDockerService.java:223)
	at de.tum.cit.aet.artemis.buildagent.service.BuildJobExecutionService.runBuildJob(BuildJobExecutionService.java:152)
	... 10 common frames omitted
    23:45:13.218 | 566 localvc.event-13 | DEBUG | .a.a.p.s.ProgrammingMessagingService : Send result to client over websocket. Result: Result{id626, completionDate=2025-02-14T23:45:13.053131811Z[Etc/UTC], successful=false, score=0.0, rated=true, assessmentType=AUTOMATIC, hasComplaint=null, testCaseCount=0, passedTestCaseCount=0, codeIssueCount=0}, Submission: ProgrammingSubmission{commitHash='784f8f0049d2a1a54f21c67dd772bea86715267a', buildFailed=true, buildArtifact=false, type=TEST}, Participation: SolutionProgrammingExerciseParticipation{id=1934, repositoryUri='http://localhost:49152/git/SHORT9AFDAE3804CA304DDF0889A0CB0F56104A86TSTEXC/short9afdae3804ca304ddf0889a0cb0f56104a86tstexc-solution.git', buildPlanId='SHORT9AFDAE3804CA304DDF0889A0CB0F56104A86TSTEXC-SOLUTION}
    23:45:13.222 | 566 localvc.event-13 | DEBUG | d.t.c.a.a.p.s.BuildLogEntryService   : Saved build logs for build job 19341739576713025 to file /tmp/build-logs/short9afdae3804ca304ddf0889a0cb0f56104a86/TSTEXC/19341739576713025.log
    23:45:13.222 | 566 localvc.event-13 | DEBUG | p.s.l.LocalCIResultProcessingService : Triggering build of template repository for solution build with id 19341739576713025
    23:45:13.235 | 566 localvc.event-13 | INFO  | .t.c.a.a.p.s.l.LocalCITriggerService : Triggering build for participation 1935 and commit hash 784f8f0049d2a1a54f21c67dd772bea86715267a
    23:45:13.235 | 566 localvc.event-13 | DEBUG | d.t.c.a.a.p.s.AbstractGitService     : getLastCommitHash http://localhost:49152/git/SHORT9AFDAE3804CA304DDF0889A0CB0F56104A86TSTEXC/short9afdae3804ca304ddf0889a0cb0f56104a86tstexc-exercise.git
    23:45:13.237 | 566 localvc.event-13 | DEBUG | a.p.s.l.LocalCIQueueWebsocketService : Build agent updated: BuildAgentInformation[buildAgent=BuildAgentDTO[name=artemis-build-agent-test, memberAddress=[127.0.0.1]:5703, displayName=artemis-build-agent-test], maxNumberOfConcurrentBuildJobs=1, numberOfCurrentBuildJobs=0, runningBuildJobs=[], status=IDLE, recentBuildJobs=[BuildJobQueueItem[id=19141739576708030, name=SHORT5F02A8F400311042E70858306EB148073CFDTSTEXC-LOCALVCINTSTUDENT1, buildAgent=BuildAgentDTO[name=artemis-build-agent-test, memberAddress=[127.0.0.1]:5703, displayName=artemis-build-agent-test], participationId=1914, courseId=947, exerciseId=2564, retryCount=0, priority=2, status=FAILED, repositoryInfo=RepositoryInfo[repositoryName=short5f02a8f400311042e70858306eb148073cfdtstexc-localvcintstudent1, repositoryType=user, triggeredByPushTo=user, assignmentRepositoryUri=http://localhost:49152/git/SHORT5F02A8F400311042E70858306EB148073CFDTSTEXC/short5f02a8f400311042e70858306eb148073cfdtstexc-localvcintstudent1.git, testRepositoryUri=http://localhost:49152/git/SHORT5F02A8F400311042E70858306EB148073CFDTSTEXC/short5f02a8f400311042e70858306eb148073cfdtstexc-tests.git, solutionRepositoryUri=null, auxiliaryRepositoryUris=[Ljava.lang.String;@24eea8a5, auxiliaryRepositoryCheckoutDirectories=[Ljava.lang.String;@352e7693], jobTimingInfo=JobTimingInfo[submissionDate=2025-02-14T23:45:08.030118216Z[Etc/UTC], buildStartDate=2025-02-14T23:45:08.041011412Z[Etc/UTC], buildCompletionDate=2025-02-14T23:45:08.054603331Z[Etc/UTC], estimatedCompletionDate=2025-02-14T23:45:27.041005080Z[Etc/UTC], estimatedDuration=19], buildConfig=BuildConfig[buildScript=#!/bin/bash
cd /var/tmp/testing-dir
chmod +x ./gradlew
./gradlew clean test
, dockerImage=dummy-docker-image:latest, commitHashToBuild=6e7146cac5059504aa9d170ec3fa23aec740bb51, assignmentCommitHash=6e7146cac5059504aa9d170ec3fa23aec740bb51, testCommitHash=931e5303581c7a2f01339ba603cfafbfe668b901, branch=main, programmingLanguage=JAVA, projectType=PLAIN_GRADLE, scaEnabled=false, sequentialTestRunsEnabled=false, resultPaths=[/var/tmp/testing-dir/**/test-results/test/*.xml], timeoutSeconds=0, assignmentCheckoutPath=null, testCheckoutPath=null, solutionCheckoutPath=null, dockerRunConfig=null], submissionResult=ResultDTO[id=622, completionDate=2025-02-14T23:45:08.054683681Z[Etc/UTC], successful=false, score=0.0, rated=true, submission=SubmissionDTO[id=814, submitted=true, type=MANUAL, exampleSubmission=null, submissionDate=2025-02-14T23:45:08.016200Z, commitHash=6e7146cac5059504aa9d170ec3fa23aec740bb51, buildFailed=true, buildArtifact=false, participation=ParticipationDTO[id=1914, testRun=false, type=programming, submissionCount=null, exercise=ParticipationExerciseDTO[id=2564, exerciseType=PROGRAMMING, type=programming, assessmentType=AUTOMATIC, dueDate=2025-02-16T23:45:07.324348Z, assessmentDueDate=null, maxPoints=42.0, course=CourseDTO[id=947, accuracyOfScores=1]]], submissionExerciseType=programming, isProcessing=false, buildStartDate=null, estimatedCompletionDate=null], participation=ParticipationDTO[id=1914, testRun=false, type=programming, submissionCount=null, exercise=ParticipationExerciseDTO[id=2564, exerciseType=PROGRAMMING, type=programming, assessmentType=AUTOMATIC, dueDate=2025-02-16T23:45:07.324348Z, assessmentDueDate=null, maxPoints=42.0, course=CourseDTO[id=947, accuracyOfScores=1]]], feedbacks=[], assessmentType=AUTOMATIC, hasComplaint=null, exampleResult=null, testCaseCount=0, passedTestCaseCount=0, codeIssueCount=0]], BuildJobQueueItem[id=19361739576711303, name=SHORT9AFDAE3804CA304DDF0889A0CB0F56104A86TSTEXC-LOCALVCINTSTUDENT1, buildAgent=BuildAgentDTO[name=artemis-build-agent-test, memberAddress=[127.0.0.1]:5703, displayName=artemis-build-agent-test], participationId=1936, courseId=956, exerciseId=2573, retryCount=0, priority=2, status=FAILED, repositoryInfo=RepositoryInfo[repositoryName=short9afdae3804ca304ddf0889a0cb0f56104a86tstexc-localvcintstudent1, repositoryType=user, triggeredByPushTo=user, assignmentRepositoryUri=http://localhost:49152/git/SHORT9AFDAE3804CA304DDF0889A0CB0F56104A86TSTEXC/short9afdae3804ca304ddf0889a0cb0f56104a86tstexc-localvcintstudent1.git, testRepositoryUri=http://localhost:49152/git/SHORT9AFDAE3804CA304DDF0889A0CB0F56104A86TSTEXC/short9afdae3804ca304ddf0889a0cb0f56104a86tstexc-tests.git, solutionRepositoryUri=null, auxiliaryRepositoryUris=[Ljava.lang.String;@5b41904c, auxiliaryRepositoryCheckoutDirectories=[Ljava.lang.String;@6988231c], jobTimingInfo=JobTimingInfo[submissionDate=2025-02-14T23:45:11.303805653Z[Etc/UTC], buildStartDate=2025-02-14T23:45:11.310981356Z[Etc/UTC], buildCompletionDate=2025-02-14T23:45:11.319178384Z[Etc/UTC], estimatedCompletionDate=2025-02-14T23:45:30.310974944Z[Etc/UTC], estimatedDuration=19], buildConfig=BuildConfig[buildScript=#!/bin/bash
cd /var/tmp/testing-dir
chmod +x ./gradlew
./gradlew clean test
, dockerImage=dummy-docker-image:latest, commitHashToBuild=a1099e378cffde441ef85f9b12577ca174b8e1e4, assignmentCommitHash=a1099e378cffde441ef85f9b12577ca174b8e1e4, testCommitHash=bd38d61c299ab11a1dea82a3ca5493fe04d97d47, branch=main, programmingLanguage=JAVA, projectType=PLAIN_GRADLE, scaEnabled=false, sequentialTestRunsEnabled=false, resultPaths=[/var/tmp/testing-dir/**/test-results/test/*.xml], timeoutSeconds=0, assignmentCheckoutPath=null, testCheckoutPath=null, solutionCheckoutPath=null, dockerRunConfig=null], submissionResult=ResultDTO[id=623, completionDate=2025-02-14T23:45:11.319278430Z[Etc/UTC], successful=false, score=0.0, rated=true, submission=SubmissionDTO[id=815, submitted=true, type=MANUAL, exampleSubmission=null, submissionDate=2025-02-14T23:45:11.294386Z, commitHash=a1099e378cffde441ef85f9b12577ca174b8e1e4, buildFailed=true, buildArtifact=false, participation=ParticipationDTO[id=1936, testRun=false, type=programming, submissionCount=null, exercise=ParticipationExerciseDTO[id=2573, exerciseType=PROGRAMMING, type=programming, assessmentType=AUTOMATIC, dueDate=2025-02-16T23:45:10.996982Z, assessmentDueDate=null, maxPoints=42.0, course=CourseDTO[id=956, accuracyOfScores=1]]], submissionExerciseType=programming, isProcessing=false, buildStartDate=null, estimatedCompletionDate=null], participation=ParticipationDTO[id=1936, testRun=false, type=programming, submissionCount=null, exercise=ParticipationExerciseDTO[id=2573, exerciseType=PROGRAMMING, type=programming, assessmentType=AUTOMATIC, dueDate=2025-02-16T23:45:10.996982Z, assessmentDueDate=null, maxPoints=42.0, course=CourseDTO[id=956, accuracyOfScores=1]]], feedbacks=[], assessmentType=AUTOMATIC, hasComplaint=null, exampleResult=null, testCaseCount=0, passedTestCaseCount=0, codeIssueCount=0]], BuildJobQueueItem[id=19351739576711674, name=SHORT9AFDAE3804CA304DDF0889A0CB0F56104A86TSTEXC-BASE, buildAgent=BuildAgentDTO[name=artemis-build-agent-test, memberAddress=[127.0.0.1]:5703, displayName=artemis-build-agent-test], participationId=1935, courseId=956, exerciseId=2573, retryCount=0, priority=2, status=FAILED, repositoryInfo=RepositoryInfo[repositoryName=short9afdae3804ca304ddf0889a0cb0f56104a86tstexc-exercise, repositoryType=exercise, triggeredByPushTo=exercise, assignmentRepositoryUri=http://localhost:49152/git/SHORT9AFDAE3804CA304DDF0889A0CB0F56104A86TSTEXC/short9afdae3804ca304ddf0889a0cb0f56104a86tstexc-exercise.git, testRepositoryUri=http://localhost:49152/git/SHORT9AFDAE3804CA304DDF0889A0CB0F56104A86TSTEXC/short9afdae3804ca304ddf0889a0cb0f56104a86tstexc-tests.git, solutionRepositoryUri=null, auxiliaryRepositoryUris=[Ljava.lang.String;@38721508, auxiliaryRepositoryCheckoutDirectories=[Ljava.lang.String;@7eae767b], jobTimingInfo=JobTimingInfo[submissionDate=2025-02-14T23:45:11.674556681Z[Etc/UTC], buildStartDate=2025-02-14T23:45:11.677776879Z[Etc/UTC], buildCompletionDate=2025-02-14T23:45:11.688097378Z[Etc/UTC], estimatedCompletionDate=2025-02-14T23:45:30.677771620Z[Etc/UTC], estimatedDuration=19], buildConfig=BuildConfig[buildScript=#!/bin/bash
cd /var/tmp/testing-dir
chmod +x ./gradlew
./gradlew clean test
, dockerImage=dummy-docker-image:latest, commitHashToBuild=a1099e378cffde441ef85f9b12577ca174b8e1e4, assignmentCommitHash=a1099e378cffde441ef85f9b12577ca174b8e1e4, testCommitHash=bd38d61c299ab11a1dea82a3ca5493fe04d97d47, branch=main, programmingLanguage=JAVA, projectType=PLAIN_GRADLE, scaEnabled=false, sequentialTestRunsEnabled=false, resultPaths=[/var/tmp/testing-dir/**/test-results/test/*.xml], timeoutSeconds=0, assignmentCheckoutPath=null, testCheckoutPath=null, solutionCheckoutPath=null, dockerRunConfig=null], submissionResult=ResultDTO[id=624, completionDate=2025-02-14T23:45:11.688214837Z[Etc/UTC], successful=false, score=0.0, rated=true, submission=SubmissionDTO[id=816, submitted=true, type=MANUAL, exampleSubmission=null, submissionDate=2025-02-14T23:45:11.656934Z, commitHash=a1099e378cffde441ef85f9b12577ca174b8e1e4, buildFailed=true, buildArtifact=false, participation=ParticipationDTO[id=1935, testRun=false, type=template, submissionCount=null, exercise=ParticipationExerciseDTO[id=2573, exerciseType=PROGRAMMING, type=programming, assessmentType=AUTOMATIC, dueDate=2025-02-16T23:45:10.996982Z, assessmentDueDate=null, maxPoints=42.0, course=CourseDTO[id=956, accuracyOfScores=1]]], submissionExerciseType=programming, isProcessing=false, buildStartDate=null, estimatedCompletionDate=null], participation=ParticipationDTO[id=1935, testRun=false, type=template, submissionCount=null, exercise=ParticipationExerciseDTO[id=2573, exerciseType=PROGRAMMING, type=programming, assessmentType=AUTOMATIC, dueDate=2025-02-16T23:45:10.996982Z, assessmentDueDate=null, maxPoints=42.0, course=CourseDTO[id=956, accuracyOfScores=1]]], feedbacks=[], assessmentType=AUTOMATIC, hasComplaint=null, exampleResult=null, testCaseCount=0, passedTestCaseCount=0, codeIssueCount=0]], BuildJobQueueItem[id=19341739576712112, name=SHORT9AFDAE3804CA304DDF0889A0CB0F56104A86TSTEXC-SOLUTION, buildAgent=BuildAgentDTO[name=artemis-build-agent-test, memberAddress=[127.0.0.1]:5703, displayName=artemis-build-agent-test], participationId=1934, courseId=956, exerciseId=2573, retryCount=0, priority=2, status=FAILED, repositoryInfo=RepositoryInfo[repositoryName=short9afdae3804ca304ddf0889a0cb0f56104a86tstexc-solution, repositoryType=solution, triggeredByPushTo=solution, assignmentRepositoryUri=http://localhost:49152/git/SHORT9AFDAE3804CA304DDF0889A0CB0F56104A86TSTEXC/short9afdae3804ca304ddf0889a0cb0f56104a86tstexc-solution.git, testRepositoryUri=http://localhost:49152/git/SHORT9AFDAE3804CA304DDF0889A0CB0F56104A86TSTEXC/short9afdae3804ca304ddf0889a0cb0f56104a86tstexc-tests.git, solutionRepositoryUri=null, auxiliaryRepositoryUris=[Ljava.lang.String;@293a5a12, auxiliaryRepositoryCheckoutDirectories=[Ljava.lang.String;@1021cea], jobTimingInfo=JobTimingInfo[submissionDate=2025-02-14T23:45:12.112332872Z[Etc/UTC], buildStartDate=2025-02-14T23:45:12.121617114Z[Etc/UTC], buildCompletionDate=2025-02-14T23:45:12.127931701Z[Etc/UTC], estimatedCompletionDate=2025-02-14T23:45:31.121609600Z[Etc/UTC], estimatedDuration=19], buildConfig=BuildConfig[buildScript=#!/bin/bash
cd /var/tmp/testing-dir
chmod +x ./gradlew
./gradlew clean test
, dockerImage=dummy-docker-image:latest, commitHashToBuild=a1099e378cffde441ef85f9b12577ca174b8e1e4, assignmentCommitHash=a1099e378cffde441ef85f9b12577ca174b8e1e4, testCommitHash=bd38d61c299ab11a1dea82a3ca5493fe04d97d47, branch=main, programmingLanguage=JAVA, projectType=PLAIN_GRADLE, scaEnabled=false, sequentialTestRunsEnabled=false, resultPaths=[/var/tmp/testing-dir/**/test-results/test/*.xml], timeoutSeconds=0, assignmentCheckoutPath=null, testCheckoutPath=null, solutionCheckoutPath=null, dockerRunConfig=null], submissionResult=ResultDTO[id=625, completionDate=2025-02-14T23:45:12.128011800Z[Etc/UTC], successful=false, score=0.0, rated=true, submission=SubmissionDTO[id=817, submitted=true, type=MANUAL, exampleSubmission=null, submissionDate=2025-02-14T23:45:12.098737Z, commitHash=a1099e378cffde441ef85f9b12577ca174b8e1e4, buildFailed=true, buildArtifact=false, participation=ParticipationDTO[id=1934, testRun=false, type=solution, submissionCount=null, exercise=ParticipationExerciseDTO[id=2573, exerciseType=PROGRAMMING, type=programming, assessmentType=AUTOMATIC, dueDate=2025-02-16T23:45:10.996982Z, assessmentDueDate=null, maxPoints=42.0, course=CourseDTO[id=956, accuracyOfScores=1]]], submissionExerciseType=programming, isProcessing=false, buildStartDate=null, estimatedCompletionDate=null], participation=ParticipationDTO[id=1934, testRun=false, type=solution, submissionCount=null, exercise=ParticipationExerciseDTO[id=2573, exerciseType=PROGRAMMING, type=programming, assessmentType=AUTOMATIC, dueDate=2025-02-16T23:45:10.996982Z, assessmentDueDate=null, maxPoints=42.0, course=CourseDTO[id=956, accuracyOfScores=1]]], feedbacks=[], assessmentType=AUTOMATIC, hasComplaint=null, exampleResult=null, testCaseCount=0, passedTestCaseCount=0, codeIssueCount=0]], BuildJobQueueItem[id=19341739576713025, name=SHORT9AFDAE3804CA304DDF0889A0CB0F56104A86TSTEXC-SOLUTION, buildAgent=BuildAgentDTO[name=artemis-build-agent-test, memberAddress=[127.0.0.1]:5703, displayName=artemis-build-agent-test], participationId=1934, courseId=956, exerciseId=2573, retryCount=0, priority=2, status=FAILED, repositoryInfo=RepositoryInfo[repositoryName=short9afdae3804ca304ddf0889a0cb0f56104a86tstexc-solution, repositoryType=solution, triggeredByPushTo=tests, assignmentRepositoryUri=http://localhost:49152/git/SHORT9AFDAE3804CA304DDF0889A0CB0F56104A86TSTEXC/short9afdae3804ca304ddf0889a0cb0f56104a86tstexc-solution.git, testRepositoryUri=http://localhost:49152/git/SHORT9AFDAE3804CA304DDF0889A0CB0F56104A86TSTEXC/short9afdae3804ca304ddf0889a0cb0f56104a86tstexc-tests.git, solutionRepositoryUri=null, auxiliaryRepositoryUris=[Ljava.lang.String;@29f09397, auxiliaryRepositoryCheckoutDirectories=[Ljava.lang.String;@2460257c], jobTimingInfo=JobTimingInfo[submissionDate=2025-02-14T23:45:13.025319671Z[Etc/UTC], buildStartDate=2025-02-14T23:45:13.040293146Z[Etc/UTC], buildCompletionDate=2025-02-14T23:45:13.053032917Z[Etc/UTC], estimatedCompletionDate=2025-02-14T23:45:32.040285703Z[Etc/UTC], estimatedDuration=19], buildConfig=BuildConfig[buildScript=#!/bin/bash
cd /var/tmp/testing-dir
chmod +x ./gradlew
./gradlew clean test
, dockerImage=dummy-docker-image:latest, commitHashToBuild=784f8f0049d2a1a54f21c67dd772bea86715267a, assignmentCommitHash=a1099e378cffde441ef85f9b12577ca174b8e1e4, testCommitHash=784f8f0049d2a1a54f21c67dd772bea86715267a, branch=main, programmingLanguage=JAVA, projectType=PLAIN_GRADLE, scaEnabled=false, sequentialTestRunsEnabled=false, resultPaths=[/var/tmp/testing-dir/**/test-results/test/*.xml], timeoutSeconds=0, assignmentCheckoutPath=null, testCheckoutPath=null, solutionCheckoutPath=null, dockerRunConfig=null], submissionResult=null]], publicSshKey=ssh-rsa AAAAB3NzaC1yc2EAAAADAQABAAACAQCOPdMsxRE2jFJ/UEa5/LsBxtwzJcrh3/rYBCQvcMeVpiRfhzQPWu7mrt/G2Ew+i+vRloGH9aqKg6dd1liRncao53Zmd/ePxoatXePNhmzTfkCkcSkTUz7B+QMjkoDDV5jwuFPD6mF3JkhuzSi64n9Zy905t4w2IhVcjM2mL3eYNjiCXt6Qpq3Pkt7dM/Ksw1nxnvuiIALuJLB3FTkXkHqq3PJav+9HSq2r6ZaWgekneaGxlQlb+U+Vy3XOuArKAzK8c8i+0bR+AHiTG6ncYXt7ax3U+TdlDTF7OLP3umwaYjs1NBXOHwG42pevvpKn2fqavZZozk+M05jXLx3bq0O7itxfErWc7etky8qYPyyIMF/txQIVLd78+Ze4d7Y60t5MGbXM5cGE6fFif5fEJwgswXD+BrG0cafz1CTatjSKFdvp8Vp4VszXhHDan1PrP6JEFJ5Cc5GDmLRZPCFa3vL9f5qXgf4bkqKN8MYeEujwJE5nMRWoiJVNakix2bcrrneQMBlnYeYZVWXXXUusAQBzl4NgddC1umZpihZkL1b1MffZAUW3EGEXi7KHnllQhkTLLsQ8ntMgbylqaJKStqaXlLvdeRJcEnUuiFCrHEVVbXRFZR7XVDZ02CE5o3MuaRPty8Kh+jRTF3COlAckHwYEJCNNJvXFgb2CNXL4mjzYDw== test@localhost]

  Starting logs for LocalVCIntegrationTest > testFetchPush_solutionRepository_noParticipation()
    23:45:13.237 | 566 localvc.event-13 | DEBUG | s.l.LocalCIWebsocketMessagingService : Sending message on topic /topic/admin/build-agents: [BuildAgentInformation[buildAgent=BuildAgentDTO[name=artemis-build-agent-test, memberAddress=[127.0.0.1]:5703, displayName=artemis-build-agent-test], maxNumberOfConcurrentBuildJobs=1, numberOfCurrentBuildJobs=0, runningBuildJobs=[], status=IDLE, recentBuildJobs=null, publicSshKey=null]]
    23:45:13.238 | 588 artemis-task-1   | DEBUG | d.t.c.a.a.c.c.w.GzipMessageConverter : Compressed message payload from 255 to 232 (saved 9.0% payload size)
    23:45:13.242 | 566 localvc.event-13 | DEBUG | s.l.LocalCIWebsocketMessagingService : Sending message on topic /topic/admin/build-agent/artemis-build-agent-test: BuildAgentInformation[buildAgent=BuildAgentDTO[name=artemis-build-agent-test, memberAddress=[127.0.0.1]:5703, displayName=artemis-build-agent-test], maxNumberOfConcurrentBuildJobs=1, numberOfCurrentBuildJobs=0, runningBuildJobs=[], status=IDLE, recentBuildJobs=[BuildJobQueueItem[id=19141739576708030, name=SHORT5F02A8F400311042E70858306EB148073CFDTSTEXC-LOCALVCINTSTUDENT1, buildAgent=BuildAgentDTO[name=artemis-build-agent-test, memberAddress=[127.0.0.1]:5703, displayName=artemis-build-agent-test], participationId=1914, courseId=947, exerciseId=2564, retryCount=0, priority=2, status=FAILED, repositoryInfo=RepositoryInfo[repositoryName=short5f02a8f400311042e70858306eb148073cfdtstexc-localvcintstudent1, repositoryType=user, triggeredByPushTo=user, assignmentRepositoryUri=http://localhost:49152/git/SHORT5F02A8F400311042E70858306EB148073CFDTSTEXC/short5f02a8f400311042e70858306eb148073cfdtstexc-localvcintstudent1.git, testRepositoryUri=http://localhost:49152/git/SHORT5F02A8F400311042E70858306EB148073CFDTSTEXC/short5f02a8f400311042e70858306eb148073cfdtstexc-tests.git, solutionRepositoryUri=null, auxiliaryRepositoryUris=[Ljava.lang.String;@63c4fd0c, auxiliaryRepositoryCheckoutDirectories=[Ljava.lang.String;@462a7fcd], jobTimingInfo=JobTimingInfo[submissionDate=2025-02-14T23:45:08.030118216Z[Etc/UTC], buildStartDate=2025-02-14T23:45:08.041011412Z[Etc/UTC], buildCompletionDate=2025-02-14T23:45:08.054603331Z[Etc/UTC], estimatedCompletionDate=2025-02-14T23:45:27.041005080Z[Etc/UTC], estimatedDuration=19], buildConfig=BuildConfig[buildScript=#!/bin/bash
cd /var/tmp/testing-dir
chmod +x ./gradlew
./gradlew clean test
, dockerImage=dummy-docker-image:latest, commitHashToBuild=6e7146cac5059504aa9d170ec3fa23aec740bb51, assignmentCommitHash=6e7146cac5059504aa9d170ec3fa23aec740bb51, testCommitHash=931e5303581c7a2f01339ba603cfafbfe668b901, branch=main, programmingLanguage=JAVA, projectType=PLAIN_GRADLE, scaEnabled=false, sequentialTestRunsEnabled=false, resultPaths=[/var/tmp/testing-dir/**/test-results/test/*.xml], timeoutSeconds=0, assignmentCheckoutPath=null, testCheckoutPath=null, solutionCheckoutPath=null, dockerRunConfig=null], submissionResult=ResultDTO[id=622, completionDate=2025-02-14T23:45:08.054683681Z[Etc/UTC], successful=false, score=0.0, rated=true, submission=SubmissionDTO[id=814, submitted=true, type=MANUAL, exampleSubmission=null, submissionDate=2025-02-14T23:45:08.016200Z, commitHash=6e7146cac5059504aa9d170ec3fa23aec740bb51, buildFailed=true, buildArtifact=false, participation=ParticipationDTO[id=1914, testRun=false, type=programming, submissionCount=null, exercise=ParticipationExerciseDTO[id=2564, exerciseType=PROGRAMMING, type=programming, assessmentType=AUTOMATIC, dueDate=2025-02-16T23:45:07.324348Z, assessmentDueDate=null, maxPoints=42.0, course=CourseDTO[id=947, accuracyOfScores=1]]], submissionExerciseType=programming, isProcessing=false, buildStartDate=null, estimatedCompletionDate=null], participation=ParticipationDTO[id=1914, testRun=false, type=programming, submissionCount=null, exercise=ParticipationExerciseDTO[id=2564, exerciseType=PROGRAMMING, type=programming, assessmentType=AUTOMATIC, dueDate=2025-02-16T23:45:07.324348Z, assessmentDueDate=null, maxPoints=42.0, course=CourseDTO[id=947, accuracyOfScores=1]]], feedbacks=[], assessmentType=AUTOMATIC, hasComplaint=null, exampleResult=null, testCaseCount=0, passedTestCaseCount=0, codeIssueCount=0]], BuildJobQueueItem[id=19361739576711303, name=SHORT9AFDAE3804CA304DDF0889A0CB0F56104A86TSTEXC-LOCALVCINTSTUDENT1, buildAgent=BuildAgentDTO[name=artemis-build-agent-test, memberAddress=[127.0.0.1]:5703, displayName=artemis-build-agent-test], participationId=1936, courseId=956, exerciseId=2573, retryCount=0, priority=2, status=FAILED, repositoryInfo=RepositoryInfo[repositoryName=short9afdae3804ca304ddf0889a0cb0f56104a86tstexc-localvcintstudent1, repositoryType=user, triggeredByPushTo=user, assignmentRepositoryUri=http://localhost:49152/git/SHORT9AFDAE3804CA304DDF0889A0CB0F56104A86TSTEXC/short9afdae3804ca304ddf0889a0cb0f56104a86tstexc-localvcintstudent1.git, testRepositoryUri=http://localhost:49152/git/SHORT9AFDAE3804CA304DDF0889A0CB0F56104A86TSTEXC/short9afdae3804ca304ddf0889a0cb0f56104a86tstexc-tests.git, solutionRepositoryUri=null, auxiliaryRepositoryUris=[Ljava.lang.String;@11054e71, auxiliaryRepositoryCheckoutDirectories=[Ljava.lang.String;@72f86102], jobTimingInfo=JobTimingInfo[submissionDate=2025-02-14T23:45:11.303805653Z[Etc/UTC], buildStartDate=2025-02-14T23:45:11.310981356Z[Etc/UTC], buildCompletionDate=2025-02-14T23:45:11.319178384Z[Etc/UTC], estimatedCompletionDate=2025-02-14T23:45:30.310974944Z[Etc/UTC], estimatedDuration=19], buildConfig=BuildConfig[buildScript=#!/bin/bash
cd /var/tmp/testing-dir
chmod +x ./gradlew
./gradlew clean test
, dockerImage=dummy-docker-image:latest, commitHashToBuild=a1099e378cffde441ef85f9b12577ca174b8e1e4, assignmentCommitHash=a1099e378cffde441ef85f9b12577ca174b8e1e4, testCommitHash=bd38d61c299ab11a1dea82a3ca5493fe04d97d47, branch=main, programmingLanguage=JAVA, projectType=PLAIN_GRADLE, scaEnabled=false, sequentialTestRunsEnabled=false, resultPaths=[/var/tmp/testing-dir/**/test-results/test/*.xml], timeoutSeconds=0, assignmentCheckoutPath=null, testCheckoutPath=null, solutionCheckoutPath=null, dockerRunConfig=null], submissionResult=ResultDTO[id=623, completionDate=2025-02-14T23:45:11.319278430Z[Etc/UTC], successful=false, score=0.0, rated=true, submission=SubmissionDTO[id=815, submitted=true, type=MANUAL, exampleSubmission=null, submissionDate=2025-02-14T23:45:11.294386Z, commitHash=a1099e378cffde441ef85f9b12577ca174b8e1e4, buildFailed=true, buildArtifact=false, participation=ParticipationDTO[id=1936, testRun=false, type=programming, submissionCount=null, exercise=ParticipationExerciseDTO[id=2573, exerciseType=PROGRAMMING, type=programming, assessmentType=AUTOMATIC, dueDate=2025-02-16T23:45:10.996982Z, assessmentDueDate=null, maxPoints=42.0, course=CourseDTO[id=956, accuracyOfScores=1]]], submissionExerciseType=programming, isProcessing=false, buildStartDate=null, estimatedCompletionDate=null], participation=ParticipationDTO[id=1936, testRun=false, type=programming, submissionCount=null, exercise=ParticipationExerciseDTO[id=2573, exerciseType=PROGRAMMING, type=programming, assessmentType=AUTOMATIC, dueDate=2025-02-16T23:45:10.996982Z, assessmentDueDate=null, maxPoints=42.0, course=CourseDTO[id=956, accuracyOfScores=1]]], feedbacks=[], assessmentType=AUTOMATIC, hasComplaint=null, exampleResult=null, testCaseCount=0, passedTestCaseCount=0, codeIssueCount=0]], BuildJobQueueItem[id=19351739576711674, name=SHORT9AFDAE3804CA304DDF0889A0CB0F56104A86TSTEXC-BASE, buildAgent=BuildAgentDTO[name=artemis-build-agent-test, memberAddress=[127.0.0.1]:5703, displayName=artemis-build-agent-test], participationId=1935, courseId=956, exerciseId=2573, retryCount=0, priority=2, status=FAILED, repositoryInfo=RepositoryInfo[repositoryName=short9afdae3804ca304ddf0889a0cb0f56104a86tstexc-exercise, repositoryType=exercise, triggeredByPushTo=exercise, assignmentRepositoryUri=http://localhost:49152/git/SHORT9AFDAE3804CA304DDF0889A0CB0F56104A86TSTEXC/short9afdae3804ca304ddf0889a0cb0f56104a86tstexc-exercise.git, testRepositoryUri=http://localhost:49152/git/SHORT9AFDAE3804CA304DDF0889A0CB0F56104A86TSTEXC/short9afdae3804ca304ddf0889a0cb0f56104a86tstexc-tests.git, solutionRepositoryUri=null, auxiliaryRepositoryUris=[Ljava.lang.String;@3690decc, auxiliaryRepositoryCheckoutDirectories=[Ljava.lang.String;@23d11bc4], jobTimingInfo=JobTimingInfo[submissionDate=2025-02-14T23:45:11.674556681Z[Etc/UTC], buildStartDate=2025-02-14T23:45:11.677776879Z[Etc/UTC], buildCompletionDate=2025-02-14T23:45:11.688097378Z[Etc/UTC], estimatedCompletionDate=2025-02-14T23:45:30.677771620Z[Etc/UTC], estimatedDuration=19], buildConfig=BuildConfig[buildScript=#!/bin/bash
cd /var/tmp/testing-dir
chmod +x ./gradlew
./gradlew clean test
, dockerImage=dummy-docker-image:latest, commitHashToBuild=a1099e378cffde441ef85f9b12577ca174b8e1e4, assignmentCommitHash=a1099e378cffde441ef85f9b12577ca174b8e1e4, testCommitHash=bd38d61c299ab11a1dea82a3ca5493fe04d97d47, branch=main, programmingLanguage=JAVA, projectType=PLAIN_GRADLE, scaEnabled=false, sequentialTestRunsEnabled=false, resultPaths=[/var/tmp/testing-dir/**/test-results/test/*.xml], timeoutSeconds=0, assignmentCheckoutPath=null, testCheckoutPath=null, solutionCheckoutPath=null, dockerRunConfig=null], submissionResult=ResultDTO[id=624, completionDate=2025-02-14T23:45:11.688214837Z[Etc/UTC], successful=false, score=0.0, rated=true, submission=SubmissionDTO[id=816, submitted=true, type=MANUAL, exampleSubmission=null, submissionDate=2025-02-14T23:45:11.656934Z, commitHash=a1099e378cffde441ef85f9b12577ca174b8e1e4, buildFailed=true, buildArtifact=false, participation=ParticipationDTO[id=1935, testRun=false, type=template, submissionCount=null, exercise=ParticipationExerciseDTO[id=2573, exerciseType=PROGRAMMING, type=programming, assessmentType=AUTOMATIC, dueDate=2025-02-16T23:45:10.996982Z, assessmentDueDate=null, maxPoints=42.0, course=CourseDTO[id=956, accuracyOfScores=1]]], submissionExerciseType=programming, isProcessing=false, buildStartDate=null, estimatedCompletionDate=null], participation=ParticipationDTO[id=1935, testRun=false, type=template, submissionCount=null, exercise=ParticipationExerciseDTO[id=2573, exerciseType=PROGRAMMING, type=programming, assessmentType=AUTOMATIC, dueDate=2025-02-16T23:45:10.996982Z, assessmentDueDate=null, maxPoints=42.0, course=CourseDTO[id=956, accuracyOfScores=1]]], feedbacks=[], assessmentType=AUTOMATIC, hasComplaint=null, exampleResult=null, testCaseCount=0, passedTestCaseCount=0, codeIssueCount=0]], BuildJobQueueItem[id=19341739576712112, name=SHORT9AFDAE3804CA304DDF0889A0CB0F56104A86TSTEXC-SOLUTION, buildAgent=BuildAgentDTO[name=artemis-build-agent-test, memberAddress=[127.0.0.1]:5703, displayName=artemis-build-agent-test], participationId=1934, courseId=956, exerciseId=2573, retryCount=0, priority=2, status=FAILED, repositoryInfo=RepositoryInfo[repositoryName=short9afdae3804ca304ddf0889a0cb0f56104a86tstexc-solution, repositoryType=solution, triggeredByPushTo=solution, assignmentRepositoryUri=http://localhost:49152/git/SHORT9AFDAE3804CA304DDF0889A0CB0F56104A86TSTEXC/short9afdae3804ca304ddf0889a0cb0f56104a86tstexc-solution.git, testRepositoryUri=http://localhost:49152/git/SHORT9AFDAE3804CA304DDF0889A0CB0F56104A86TSTEXC/short9afdae3804ca304ddf0889a0cb0f56104a86tstexc-tests.git, solutionRepositoryUri=null, auxiliaryRepositoryUris=[Ljava.lang.String;@181cbf09, auxiliaryRepositoryCheckoutDirectories=[Ljava.lang.String;@295d3d79], jobTimingInfo=JobTimingInfo[submissionDate=2025-02-14T23:45:12.112332872Z[Etc/UTC], buildStartDate=2025-02-14T23:45:12.121617114Z[Etc/UTC], buildCompletionDate=2025-02-14T23:45:12.127931701Z[Etc/UTC], estimatedCompletionDate=2025-02-14T23:45:31.121609600Z[Etc/UTC], estimatedDuration=19], buildConfig=BuildConfig[buildScript=#!/bin/bash
cd /var/tmp/testing-dir
chmod +x ./gradlew
./gradlew clean test
, dockerImage=dummy-docker-image:latest, commitHashToBuild=a1099e378cffde441ef85f9b12577ca174b8e1e4, assignmentCommitHash=a1099e378cffde441ef85f9b12577ca174b8e1e4, testCommitHash=bd38d61c299ab11a1dea82a3ca5493fe04d97d47, branch=main, programmingLanguage=JAVA, projectType=PLAIN_GRADLE, scaEnabled=false, sequentialTestRunsEnabled=false, resultPaths=[/var/tmp/testing-dir/**/test-results/test/*.xml], timeoutSeconds=0, assignmentCheckoutPath=null, testCheckoutPath=null, solutionCheckoutPath=null, dockerRunConfig=null], submissionResult=ResultDTO[id=625, completionDate=2025-02-14T23:45:12.128011800Z[Etc/UTC], successful=false, score=0.0, rated=true, submission=SubmissionDTO[id=817, submitted=true, type=MANUAL, exampleSubmission=null, submissionDate=2025-02-14T23:45:12.098737Z, commitHash=a1099e378cffde441ef85f9b12577ca174b8e1e4, buildFailed=true, buildArtifact=false, participation=ParticipationDTO[id=1934, testRun=false, type=solution, submissionCount=null, exercise=ParticipationExerciseDTO[id=2573, exerciseType=PROGRAMMING, type=programming, assessmentType=AUTOMATIC, dueDate=2025-02-16T23:45:10.996982Z, assessmentDueDate=null, maxPoints=42.0, course=CourseDTO[id=956, accuracyOfScores=1]]], submissionExerciseType=programming, isProcessing=false, buildStartDate=null, estimatedCompletionDate=null], participation=ParticipationDTO[id=1934, testRun=false, type=solution, submissionCount=null, exercise=ParticipationExerciseDTO[id=2573, exerciseType=PROGRAMMING, type=programming, assessmentType=AUTOMATIC, dueDate=2025-02-16T23:45:10.996982Z, assessmentDueDate=null, maxPoints=42.0, course=CourseDTO[id=956, accuracyOfScores=1]]], feedbacks=[], assessmentType=AUTOMATIC, hasComplaint=null, exampleResult=null, testCaseCount=0, passedTestCaseCount=0, codeIssueCount=0]], BuildJobQueueItem[id=19341739576713025, name=SHORT9AFDAE3804CA304DDF0889A0CB0F56104A86TSTEXC-SOLUTION, buildAgent=BuildAgentDTO[name=artemis-build-agent-test, memberAddress=[127.0.0.1]:5703, displayName=artemis-build-agent-test], participationId=1934, courseId=956, exerciseId=2573, retryCount=0, priority=2, status=FAILED, repositoryInfo=RepositoryInfo[repositoryName=short9afdae3804ca304ddf0889a0cb0f56104a86tstexc-solution, repositoryType=solution, triggeredByPushTo=tests, assignmentRepositoryUri=http://localhost:49152/git/SHORT9AFDAE3804CA304DDF0889A0CB0F56104A86TSTEXC/short9afdae3804ca304ddf0889a0cb0f56104a86tstexc-solution.git, testRepositoryUri=http://localhost:49152/git/SHORT9AFDAE3804CA304DDF0889A0CB0F56104A86TSTEXC/short9afdae3804ca304ddf0889a0cb0f56104a86tstexc-tests.git, solutionRepositoryUri=null, auxiliaryRepositoryUris=[Ljava.lang.String;@198bf020, auxiliaryRepositoryCheckoutDirectories=[Ljava.lang.String;@32afc7ee], jobTimingInfo=JobTimingInfo[submissionDate=2025-02-14T23:45:13.025319671Z[Etc/UTC], buildStartDate=2025-02-14T23:45:13.040293146Z[Etc/UTC], buildCompletionDate=2025-02-14T23:45:13.053032917Z[Etc/UTC], estimatedCompletionDate=2025-02-14T23:45:32.040285703Z[Etc/UTC], estimatedDuration=19], buildConfig=BuildConfig[buildScript=#!/bin/bash
cd /var/tmp/testing-dir
chmod +x ./gradlew
./gradlew clean test
, dockerImage=dummy-docker-image:latest, commitHashToBuild=784f8f0049d2a1a54f21c67dd772bea86715267a, assignmentCommitHash=a1099e378cffde441ef85f9b12577ca174b8e1e4, testCommitHash=784f8f0049d2a1a54f21c67dd772bea86715267a, branch=main, programmingLanguage=JAVA, projectType=PLAIN_GRADLE, scaEnabled=false, sequentialTestRunsEnabled=false, resultPaths=[/var/tmp/testing-dir/**/test-results/test/*.xml], timeoutSeconds=0, assignmentCheckoutPath=null, testCheckoutPath=null, solutionCheckoutPath=null, dockerRunConfig=null], submissionResult=ResultDTO[id=626, completionDate=2025-02-14T23:45:13.053131811Z[Etc/UTC], successful=false, score=0.0, rated=true, submission=SubmissionDTO[id=818, submitted=true, type=TEST, exampleSubmission=null, submissionDate=2025-02-14T23:45:13.005779Z, commitHash=784f8f0049d2a1a54f21c67dd772bea86715267a, buildFailed=true, buildArtifact=false, participation=ParticipationDTO[id=1934, testRun=false, type=solution, submissionCount=null, exercise=ParticipationExerciseDTO[id=2573, exerciseType=PROGRAMMING, type=programming, assessmentType=AUTOMATIC, dueDate=2025-02-16T23:45:10.996982Z, assessmentDueDate=null, maxPoints=42.0, course=CourseDTO[id=956, accuracyOfScores=1]]], submissionExerciseType=programming, isProcessing=false, buildStartDate=null, estimatedCompletionDate=null], participation=ParticipationDTO[id=1934, testRun=false, type=solution, submissionCount=null, exercise=ParticipationExerciseDTO[id=2573, exerciseType=PROGRAMMING, type=programming, assessmentType=AUTOMATIC, dueDate=2025-02-16T23:45:10.996982Z, assessmentDueDate=null, maxPoints=42.0, course=CourseDTO[id=956, accuracyOfScores=1]]], feedbacks=[], assessmentType=AUTOMATIC, hasComplaint=null, exampleResult=null, testCaseCount=0, passedTestCaseCount=0, codeIssueCount=0]]], publicSshKey=ssh-rsa AAAAB3NzaC1yc2EAAAADAQABAAACAQCOPdMsxRE2jFJ/UEa5/LsBxtwzJcrh3/rYBCQvcMeVpiRfhzQPWu7mrt/G2Ew+i+vRloGH9aqKg6dd1liRncao53Zmd/ePxoatXePNhmzTfkCkcSkTUz7B+QMjkoDDV5jwuFPD6mF3JkhuzSi64n9Zy905t4w2IhVcjM2mL3eYNjiCXt6Qpq3Pkt7dM/Ksw1nxnvuiIALuJLB3FTkXkHqq3PJav+9HSq2r6ZaWgekneaGxlQlb+U+Vy3XOuArKAzK8c8i+0bR+AHiTG6ncYXt7ax3U+TdlDTF7OLP3umwaYjs1NBXOHwG42pevvpKn2fqavZZozk+M05jXLx3bq0O7itxfErWc7etky8qYPyyIMF/txQIVLd78+Ze4d7Y60t5MGbXM5cGE6fFif5fEJwgswXD+BrG0cafz1CTatjSKFdvp8Vp4VszXhHDan1PrP6JEFJ5Cc5GDmLRZPCFa3vL9f5qXgf4bkqKN8MYeEujwJE5nMRWoiJVNakix2bcrrneQMBlnYeYZVWXXXUusAQBzl4NgddC1umZpihZkL1b1MffZAUW3EGEXi7KHnllQhkTLLsQ8ntMgbylqaJKStqaXlLvdeRJcEnUuiFCrHEVVbXRFZR7XVDZ02CE5o3MuaRPty8Kh+jRTF3COlAckHwYEJCNNJvXFgb2CNXL4mjzYDw== test@localhost]
    23:45:13.242 | 566 localvc.event-13 | DEBUG | a.p.s.l.SharedQueueManagementService : Build agent updated: null
    23:45:13.243 | 588 artemis-task-1   | DEBUG | d.t.c.a.a.c.c.w.GzipMessageConverter : Compressed message payload from 18987 to 3516 (saved 81.5% payload size)
    23:45:13.243 | 566 localvc.event-13 | DEBUG | a.p.s.l.LocalCIQueueWebsocketService : Build agent updated: BuildAgentInformation[buildAgent=BuildAgentDTO[name=artemis-build-agent-test, memberAddress=[127.0.0.1]:5703, displayName=artemis-build-agent-test], maxNumberOfConcurrentBuildJobs=1, numberOfCurrentBuildJobs=0, runningBuildJobs=[], status=IDLE, recentBuildJobs=[BuildJobQueueItem[id=19141739576708030, name=SHORT5F02A8F400311042E70858306EB148073CFDTSTEXC-LOCALVCINTSTUDENT1, buildAgent=BuildAgentDTO[name=artemis-build-agent-test, memberAddress=[127.0.0.1]:5703, displayName=artemis-build-agent-test], participationId=1914, courseId=947, exerciseId=2564, retryCount=0, priority=2, status=FAILED, repositoryInfo=RepositoryInfo[repositoryName=short5f02a8f400311042e70858306eb148073cfdtstexc-localvcintstudent1, repositoryType=user, triggeredByPushTo=user, assignmentRepositoryUri=http://localhost:49152/git/SHORT5F02A8F400311042E70858306EB148073CFDTSTEXC/short5f02a8f400311042e70858306eb148073cfdtstexc-localvcintstudent1.git, testRepositoryUri=http://localhost:49152/git/SHORT5F02A8F400311042E70858306EB148073CFDTSTEXC/short5f02a8f400311042e70858306eb148073cfdtstexc-tests.git, solutionRepositoryUri=null, auxiliaryRepositoryUris=[Ljava.lang.String;@f40883f, auxiliaryRepositoryCheckoutDirectories=[Ljava.lang.String;@490c6307], jobTimingInfo=JobTimingInfo[submissionDate=2025-02-14T23:45:08.030118216Z[Etc/UTC], buildStartDate=2025-02-14T23:45:08.041011412Z[Etc/UTC], buildCompletionDate=2025-02-14T23:45:08.054603331Z[Etc/UTC], estimatedCompletionDate=2025-02-14T23:45:27.041005080Z[Etc/UTC], estimatedDuration=19], buildConfig=BuildConfig[buildScript=#!/bin/bash
cd /var/tmp/testing-dir
chmod +x ./gradlew
./gradlew clean test
, dockerImage=dummy-docker-image:latest, commitHashToBuild=6e7146cac5059504aa9d170ec3fa23aec740bb51, assignmentCommitHash=6e7146cac5059504aa9d170ec3fa23aec740bb51, testCommitHash=931e5303581c7a2f01339ba603cfafbfe668b901, branch=main, programmingLanguage=JAVA, projectType=PLAIN_GRADLE, scaEnabled=false, sequentialTestRunsEnabled=false, resultPaths=[/var/tmp/testing-dir/**/test-results/test/*.xml], timeoutSeconds=0, assignmentCheckoutPath=null, testCheckoutPath=null, solutionCheckoutPath=null, dockerRunConfig=null], submissionResult=ResultDTO[id=622, completionDate=2025-02-14T23:45:08.054683681Z[Etc/UTC], successful=false, score=0.0, rated=true, submission=SubmissionDTO[id=814, submitted=true, type=MANUAL, exampleSubmission=null, submissionDate=2025-02-14T23:45:08.016200Z, commitHash=6e7146cac5059504aa9d170ec3fa23aec740bb51, buildFailed=true, buildArtifact=false, participation=ParticipationDTO[id=1914, testRun=false, type=programming, submissionCount=null, exercise=ParticipationExerciseDTO[id=2564, exerciseType=PROGRAMMING, type=programming, assessmentType=AUTOMATIC, dueDate=2025-02-16T23:45:07.324348Z, assessmentDueDate=null, maxPoints=42.0, course=CourseDTO[id=947, accuracyOfScores=1]]], submissionExerciseType=programming, isProcessing=false, buildStartDate=null, estimatedCompletionDate=null], participation=ParticipationDTO[id=1914, testRun=false, type=programming, submissionCount=null, exercise=ParticipationExerciseDTO[id=2564, exerciseType=PROGRAMMING, type=programming, assessmentType=AUTOMATIC, dueDate=2025-02-16T23:45:07.324348Z, assessmentDueDate=null, maxPoints=42.0, course=CourseDTO[id=947, accuracyOfScores=1]]], feedbacks=[], assessmentType=AUTOMATIC, hasComplaint=null, exampleResult=null, testCaseCount=0, passedTestCaseCount=0, codeIssueCount=0]], BuildJobQueueItem[id=19361739576711303, name=SHORT9AFDAE3804CA304DDF0889A0CB0F56104A86TSTEXC-LOCALVCINTSTUDENT1, buildAgent=BuildAgentDTO[name=artemis-build-agent-test, memberAddress=[127.0.0.1]:5703, displayName=artemis-build-agent-test], participationId=1936, courseId=956, exerciseId=2573, retryCount=0, priority=2, status=FAILED, repositoryInfo=RepositoryInfo[repositoryName=short9afdae3804ca304ddf0889a0cb0f56104a86tstexc-localvcintstudent1, repositoryType=user, triggeredByPushTo=user, assignmentRepositoryUri=http://localhost:49152/git/SHORT9AFDAE3804CA304DDF0889A0CB0F56104A86TSTEXC/short9afdae3804ca304ddf0889a0cb0f56104a86tstexc-localvcintstudent1.git, testRepositoryUri=http://localhost:49152/git/SHORT9AFDAE3804CA304DDF0889A0CB0F56104A86TSTEXC/short9afdae3804ca304ddf0889a0cb0f56104a86tstexc-tests.git, solutionRepositoryUri=null, auxiliaryRepositoryUris=[Ljava.lang.String;@5d05d7f, auxiliaryRepositoryCheckoutDirectories=[Ljava.lang.String;@7c8d937a], jobTimingInfo=JobTimingInfo[submissionDate=2025-02-14T23:45:11.303805653Z[Etc/UTC], buildStartDate=2025-02-14T23:45:11.310981356Z[Etc/UTC], buildCompletionDate=2025-02-14T23:45:11.319178384Z[Etc/UTC], estimatedCompletionDate=2025-02-14T23:45:30.310974944Z[Etc/UTC], estimatedDuration=19], buildConfig=BuildConfig[buildScript=#!/bin/bash
cd /var/tmp/testing-dir
chmod +x ./gradlew
./gradlew clean test
, dockerImage=dummy-docker-image:latest, commitHashToBuild=a1099e378cffde441ef85f9b12577ca174b8e1e4, assignmentCommitHash=a1099e378cffde441ef85f9b12577ca174b8e1e4, testCommitHash=bd38d61c299ab11a1dea82a3ca5493fe04d97d47, branch=main, programmingLanguage=JAVA, projectType=PLAIN_GRADLE, scaEnabled=false, sequentialTestRunsEnabled=false, resultPaths=[/var/tmp/testing-dir/**/test-results/test/*.xml], timeoutSeconds=0, assignmentCheckoutPath=null, testCheckoutPath=null, solutionCheckoutPath=null, dockerRunConfig=null], submissionResult=ResultDTO[id=623, completionDate=2025-02-14T23:45:11.319278430Z[Etc/UTC], successful=false, score=0.0, rated=true, submission=SubmissionDTO[id=815, submitted=true, type=MANUAL, exampleSubmission=null, submissionDate=2025-02-14T23:45:11.294386Z, commitHash=a1099e378cffde441ef85f9b12577ca174b8e1e4, buildFailed=true, buildArtifact=false, participation=ParticipationDTO[id=1936, testRun=false, type=programming, submissionCount=null, exercise=ParticipationExerciseDTO[id=2573, exerciseType=PROGRAMMING, type=programming, assessmentType=AUTOMATIC, dueDate=2025-02-16T23:45:10.996982Z, assessmentDueDate=null, maxPoints=42.0, course=CourseDTO[id=956, accuracyOfScores=1]]], submissionExerciseType=programming, isProcessing=false, buildStartDate=null, estimatedCompletionDate=null], participation=ParticipationDTO[id=1936, testRun=false, type=programming, submissionCount=null, exercise=ParticipationExerciseDTO[id=2573, exerciseType=PROGRAMMING, type=programming, assessmentType=AUTOMATIC, dueDate=2025-02-16T23:45:10.996982Z, assessmentDueDate=null, maxPoints=42.0, course=CourseDTO[id=956, accuracyOfScores=1]]], feedbacks=[], assessmentType=AUTOMATIC, hasComplaint=null, exampleResult=null, testCaseCount=0, passedTestCaseCount=0, codeIssueCount=0]], BuildJobQueueItem[id=19351739576711674, name=SHORT9AFDAE3804CA304DDF0889A0CB0F56104A86TSTEXC-BASE, buildAgent=BuildAgentDTO[name=artemis-build-agent-test, memberAddress=[127.0.0.1]:5703, displayName=artemis-build-agent-test], participationId=1935, courseId=956, exerciseId=2573, retryCount=0, priority=2, status=FAILED, repositoryInfo=RepositoryInfo[repositoryName=short9afdae3804ca304ddf0889a0cb0f56104a86tstexc-exercise, repositoryType=exercise, triggeredByPushTo=exercise, assignmentRepositoryUri=http://localhost:49152/git/SHORT9AFDAE3804CA304DDF0889A0CB0F56104A86TSTEXC/short9afdae3804ca304ddf0889a0cb0f56104a86tstexc-exercise.git, testRepositoryUri=http://localhost:49152/git/SHORT9AFDAE3804CA304DDF0889A0CB0F56104A86TSTEXC/short9afdae3804ca304ddf0889a0cb0f56104a86tstexc-tests.git, solutionRepositoryUri=null, auxiliaryRepositoryUris=[Ljava.lang.String;@7707fda4, auxiliaryRepositoryCheckoutDirectories=[Ljava.lang.String;@5db9bc18], jobTimingInfo=JobTimingInfo[submissionDate=2025-02-14T23:45:11.674556681Z[Etc/UTC], buildStartDate=2025-02-14T23:45:11.677776879Z[Etc/UTC], buildCompletionDate=2025-02-14T23:45:11.688097378Z[Etc/UTC], estimatedCompletionDate=2025-02-14T23:45:30.677771620Z[Etc/UTC], estimatedDuration=19], buildConfig=BuildConfig[buildScript=#!/bin/bash
cd /var/tmp/testing-dir
chmod +x ./gradlew
./gradlew clean test
, dockerImage=dummy-docker-image:latest, commitHashToBuild=a1099e378cffde441ef85f9b12577ca174b8e1e4, assignmentCommitHash=a1099e378cffde441ef85f9b12577ca174b8e1e4, testCommitHash=bd38d61c299ab11a1dea82a3ca5493fe04d97d47, branch=main, programmingLanguage=JAVA, projectType=PLAIN_GRADLE, scaEnabled=false, sequentialTestRunsEnabled=false, resultPaths=[/var/tmp/testing-dir/**/test-results/test/*.xml], timeoutSeconds=0, assignmentCheckoutPath=null, testCheckoutPath=null, solutionCheckoutPath=null, dockerRunConfig=null], submissionResult=ResultDTO[id=624, completionDate=2025-02-14T23:45:11.688214837Z[Etc/UTC], successful=false, score=0.0, rated=true, submission=SubmissionDTO[id=816, submitted=true, type=MANUAL, exampleSubmission=null, submissionDate=2025-02-14T23:45:11.656934Z, commitHash=a1099e378cffde441ef85f9b12577ca174b8e1e4, buildFailed=true, buildArtifact=false, participation=ParticipationDTO[id=1935, testRun=false, type=template, submissionCount=null, exercise=ParticipationExerciseDTO[id=2573, exerciseType=PROGRAMMING, type=programming, assessmentType=AUTOMATIC, dueDate=2025-02-16T23:45:10.996982Z, assessmentDueDate=null, maxPoints=42.0, course=CourseDTO[id=956, accuracyOfScores=1]]], submissionExerciseType=programming, isProcessing=false, buildStartDate=null, estimatedCompletionDate=null], participation=ParticipationDTO[id=1935, testRun=false, type=template, submissionCount=null, exercise=ParticipationExerciseDTO[id=2573, exerciseType=PROGRAMMING, type=programming, assessmentType=AUTOMATIC, dueDate=2025-02-16T23:45:10.996982Z, assessmentDueDate=null, maxPoints=42.0, course=CourseDTO[id=956, accuracyOfScores=1]]], feedbacks=[], assessmentType=AUTOMATIC, hasComplaint=null, exampleResult=null, testCaseCount=0, passedTestCaseCount=0, codeIssueCount=0]], BuildJobQueueItem[id=19341739576712112, name=SHORT9AFDAE3804CA304DDF0889A0CB0F56104A86TSTEXC-SOLUTION, buildAgent=BuildAgentDTO[name=artemis-build-agent-test, memberAddress=[127.0.0.1]:5703, displayName=artemis-build-agent-test], participationId=1934, courseId=956, exerciseId=2573, retryCount=0, priority=2, status=FAILED, repositoryInfo=RepositoryInfo[repositoryName=short9afdae3804ca304ddf0889a0cb0f56104a86tstexc-solution, repositoryType=solution, triggeredByPushTo=solution, assignmentRepositoryUri=http://localhost:49152/git/SHORT9AFDAE3804CA304DDF0889A0CB0F56104A86TSTEXC/short9afdae3804ca304ddf0889a0cb0f56104a86tstexc-solution.git, testRepositoryUri=http://localhost:49152/git/SHORT9AFDAE3804CA304DDF0889A0CB0F56104A86TSTEXC/short9afdae3804ca304ddf0889a0cb0f56104a86tstexc-tests.git, solutionRepositoryUri=null, auxiliaryRepositoryUris=[Ljava.lang.String;@5a853975, auxiliaryRepositoryCheckoutDirectories=[Ljava.lang.String;@4a03771c], jobTimingInfo=JobTimingInfo[submissionDate=2025-02-14T23:45:12.112332872Z[Etc/UTC], buildStartDate=2025-02-14T23:45:12.121617114Z[Etc/UTC], buildCompletionDate=2025-02-14T23:45:12.127931701Z[Etc/UTC], estimatedCompletionDate=2025-02-14T23:45:31.121609600Z[Etc/UTC], estimatedDuration=19], buildConfig=BuildConfig[buildScript=#!/bin/bash
cd /var/tmp/testing-dir
chmod +x ./gradlew
./gradlew clean test
, dockerImage=dummy-docker-image:latest, commitHashToBuild=a1099e378cffde441ef85f9b12577ca174b8e1e4, assignmentCommitHash=a1099e378cffde441ef85f9b12577ca174b8e1e4, testCommitHash=bd38d61c299ab11a1dea82a3ca5493fe04d97d47, branch=main, programmingLanguage=JAVA, projectType=PLAIN_GRADLE, scaEnabled=false, sequentialTestRunsEnabled=false, resultPaths=[/var/tmp/testing-dir/**/test-results/test/*.xml], timeoutSeconds=0, assignmentCheckoutPath=null, testCheckoutPath=null, solutionCheckoutPath=null, dockerRunConfig=null], submissionResult=ResultDTO[id=625, completionDate=2025-02-14T23:45:12.128011800Z[Etc/UTC], successful=false, score=0.0, rated=true, submission=SubmissionDTO[id=817, submitted=true, type=MANUAL, exampleSubmission=null, submissionDate=2025-02-14T23:45:12.098737Z, commitHash=a1099e378cffde441ef85f9b12577ca174b8e1e4, buildFailed=true, buildArtifact=false, participation=ParticipationDTO[id=1934, testRun=false, type=solution, submissionCount=null, exercise=ParticipationExerciseDTO[id=2573, exerciseType=PROGRAMMING, type=programming, assessmentType=AUTOMATIC, dueDate=2025-02-16T23:45:10.996982Z, assessmentDueDate=null, maxPoints=42.0, course=CourseDTO[id=956, accuracyOfScores=1]]], submissionExerciseType=programming, isProcessing=false, buildStartDate=null, estimatedCompletionDate=null], participation=ParticipationDTO[id=1934, testRun=false, type=solution, submissionCount=null, exercise=ParticipationExerciseDTO[id=2573, exerciseType=PROGRAMMING, type=programming, assessmentType=AUTOMATIC, dueDate=2025-02-16T23:45:10.996982Z, assessmentDueDate=null, maxPoints=42.0, course=CourseDTO[id=956, accuracyOfScores=1]]], feedbacks=[], assessmentType=AUTOMATIC, hasComplaint=null, exampleResult=null, testCaseCount=0, passedTestCaseCount=0, codeIssueCount=0]], BuildJobQueueItem[id=19341739576713025, name=SHORT9AFDAE3804CA304DDF0889A0CB0F56104A86TSTEXC-SOLUTION, buildAgent=BuildAgentDTO[name=artemis-build-agent-test, memberAddress=[127.0.0.1]:5703, displayName=artemis-build-agent-test], participationId=1934, courseId=956, exerciseId=2573, retryCount=0, priority=2, status=FAILED, repositoryInfo=RepositoryInfo[repositoryName=short9afdae3804ca304ddf0889a0cb0f56104a86tstexc-solution, repositoryType=solution, triggeredByPushTo=tests, assignmentRepositoryUri=http://localhost:49152/git/SHORT9AFDAE3804CA304DDF0889A0CB0F56104A86TSTEXC/short9afdae3804ca304ddf0889a0cb0f56104a86tstexc-solution.git, testRepositoryUri=http://localhost:49152/git/SHORT9AFDAE3804CA304DDF0889A0CB0F56104A86TSTEXC/short9afdae3804ca304ddf0889a0cb0f56104a86tstexc-tests.git, solutionRepositoryUri=null, auxiliaryRepositoryUris=[Ljava.lang.String;@2a14925, auxiliaryRepositoryCheckoutDirectories=[Ljava.lang.String;@12e86c15], jobTimingInfo=JobTimingInfo[submissionDate=2025-02-14T23:45:13.025319671Z[Etc/UTC], buildStartDate=2025-02-14T23:45:13.040293146Z[Etc/UTC], buildCompletionDate=2025-02-14T23:45:13.053032917Z[Etc/UTC], estimatedCompletionDate=2025-02-14T23:45:32.040285703Z[Etc/UTC], estimatedDuration=19], buildConfig=BuildConfig[buildScript=#!/bin/bash
cd /var/tmp/testing-dir
chmod +x ./gradlew
./gradlew clean test
, dockerImage=dummy-docker-image:latest, commitHashToBuild=784f8f0049d2a1a54f21c67dd772bea86715267a, assignmentCommitHash=a1099e378cffde441ef85f9b12577ca174b8e1e4, testCommitHash=784f8f0049d2a1a54f21c67dd772bea86715267a, branch=main, programmingLanguage=JAVA, projectType=PLAIN_GRADLE, scaEnabled=false, sequentialTestRunsEnabled=false, resultPaths=[/var/tmp/testing-dir/**/test-results/test/*.xml], timeoutSeconds=0, assignmentCheckoutPath=null, testCheckoutPath=null, solutionCheckoutPath=null, dockerRunConfig=null], submissionResult=ResultDTO[id=626, completionDate=2025-02-14T23:45:13.053131811Z[Etc/UTC], successful=false, score=0.0, rated=true, submission=SubmissionDTO[id=818, submitted=true, type=TEST, exampleSubmission=null, submissionDate=2025-02-14T23:45:13.005779Z, commitHash=784f8f0049d2a1a54f21c67dd772bea86715267a, buildFailed=true, buildArtifact=false, participation=ParticipationDTO[id=1934, testRun=false, type=solution, submissionCount=null, exercise=ParticipationExerciseDTO[id=2573, exerciseType=PROGRAMMING, type=programming, assessmentType=AUTOMATIC, dueDate=2025-02-16T23:45:10.996982Z, assessmentDueDate=null, maxPoints=42.0, course=CourseDTO[id=956, accuracyOfScores=1]]], submissionExerciseType=programming, isProcessing=false, buildStartDate=null, estimatedCompletionDate=null], participation=ParticipationDTO[id=1934, testRun=false, type=solution, submissionCount=null, exercise=ParticipationExerciseDTO[id=2573, exerciseType=PROGRAMMING, type=programming, assessmentType=AUTOMATIC, dueDate=2025-02-16T23:45:10.996982Z, assessmentDueDate=null, maxPoints=42.0, course=CourseDTO[id=956, accuracyOfScores=1]]], feedbacks=[], assessmentType=AUTOMATIC, hasComplaint=null, exampleResult=null, testCaseCount=0, passedTestCaseCount=0, codeIssueCount=0]]], publicSshKey=ssh-rsa AAAAB3NzaC1yc2EAAAADAQABAAACAQCOPdMsxRE2jFJ/UEa5/LsBxtwzJcrh3/rYBCQvcMeVpiRfhzQPWu7mrt/G2Ew+i+vRloGH9aqKg6dd1liRncao53Zmd/ePxoatXePNhmzTfkCkcSkTUz7B+QMjkoDDV5jwuFPD6mF3JkhuzSi64n9Zy905t4w2IhVcjM2mL3eYNjiCXt6Qpq3Pkt7dM/Ksw1nxnvuiIALuJLB3FTkXkHqq3PJav+9HSq2r6ZaWgekneaGxlQlb+U+Vy3XOuArKAzK8c8i+0bR+AHiTG6ncYXt7ax3U+TdlDTF7OLP3umwaYjs1NBXOHwG42pevvpKn2fqavZZozk+M05jXLx3bq0O7itxfErWc7etky8qYPyyIMF/txQIVLd78+Ze4d7Y60t5MGbXM5cGE6fFif5fEJwgswXD+BrG0cafz1CTatjSKFdvp8Vp4VszXhHDan1PrP6JEFJ5Cc5GDmLRZPCFa3vL9f5qXgf4bkqKN8MYeEujwJE5nMRWoiJVNakix2bcrrneQMBlnYeYZVWXXXUusAQBzl4NgddC1umZpihZkL1b1MffZAUW3EGEXi7KHnllQhkTLLsQ8ntMgbylqaJKStqaXlLvdeRJcEnUuiFCrHEVVbXRFZR7XVDZ02CE5o3MuaRPty8Kh+jRTF3COlAckHwYEJCNNJvXFgb2CNXL4mjzYDw== test@localhost]
    23:45:13.244 | 566 localvc.event-13 | DEBUG | s.l.LocalCIWebsocketMessagingService : Sending message on topic /topic/admin/build-agents: [BuildAgentInformation[buildAgent=BuildAgentDTO[name=artemis-build-agent-test, memberAddress=[127.0.0.1]:5703, displayName=artemis-build-agent-test], maxNumberOfConcurrentBuildJobs=1, numberOfCurrentBuildJobs=0, runningBuildJobs=[], status=IDLE, recentBuildJobs=null, publicSshKey=null]]
    23:45:13.244 | 566 localvc.event-13 | DEBUG | s.l.LocalCIWebsocketMessagingService : Sending message on topic /topic/admin/build-agent/artemis-build-agent-test: BuildAgentInformation[buildAgent=BuildAgentDTO[name=artemis-build-agent-test, memberAddress=[127.0.0.1]:5703, displayName=artemis-build-agent-test], maxNumberOfConcurrentBuildJobs=1, numberOfCurrentBuildJobs=0, runningBuildJobs=[], status=IDLE, recentBuildJobs=[BuildJobQueueItem[id=19141739576708030, name=SHORT5F02A8F400311042E70858306EB148073CFDTSTEXC-LOCALVCINTSTUDENT1, buildAgent=BuildAgentDTO[name=artemis-build-agent-test, memberAddress=[127.0.0.1]:5703, displayName=artemis-build-agent-test], participationId=1914, courseId=947, exerciseId=2564, retryCount=0, priority=2, status=FAILED, repositoryInfo=RepositoryInfo[repositoryName=short5f02a8f400311042e70858306eb148073cfdtstexc-localvcintstudent1, repositoryType=user, triggeredByPushTo=user, assignmentRepositoryUri=http://localhost:49152/git/SHORT5F02A8F400311042E70858306EB148073CFDTSTEXC/short5f02a8f400311042e70858306eb148073cfdtstexc-localvcintstudent1.git, testRepositoryUri=http://localhost:49152/git/SHORT5F02A8F400311042E70858306EB148073CFDTSTEXC/short5f02a8f400311042e70858306eb148073cfdtstexc-tests.git, solutionRepositoryUri=null, auxiliaryRepositoryUris=[Ljava.lang.String;@385f1e5e, auxiliaryRepositoryCheckoutDirectories=[Ljava.lang.String;@69864584], jobTimingInfo=JobTimingInfo[submissionDate=2025-02-14T23:45:08.030118216Z[Etc/UTC], buildStartDate=2025-02-14T23:45:08.041011412Z[Etc/UTC], buildCompletionDate=2025-02-14T23:45:08.054603331Z[Etc/UTC], estimatedCompletionDate=2025-02-14T23:45:27.041005080Z[Etc/UTC], estimatedDuration=19], buildConfig=BuildConfig[buildScript=#!/bin/bash
cd /var/tmp/testing-dir
chmod +x ./gradlew
./gradlew clean test
, dockerImage=dummy-docker-image:latest, commitHashToBuild=6e7146cac5059504aa9d170ec3fa23aec740bb51, assignmentCommitHash=6e7146cac5059504aa9d170ec3fa23aec740bb51, testCommitHash=931e5303581c7a2f01339ba603cfafbfe668b901, branch=main, programmingLanguage=JAVA, projectType=PLAIN_GRADLE, scaEnabled=false, sequentialTestRunsEnabled=false, resultPaths=[/var/tmp/testing-dir/**/test-results/test/*.xml], timeoutSeconds=0, assignmentCheckoutPath=null, testCheckoutPath=null, solutionCheckoutPath=null, dockerRunConfig=null], submissionResult=ResultDTO[id=622, completionDate=2025-02-14T23:45:08.054683681Z[Etc/UTC], successful=false, score=0.0, rated=true, submission=SubmissionDTO[id=814, submitted=true, type=MANUAL, exampleSubmission=null, submissionDate=2025-02-14T23:45:08.016200Z, commitHash=6e7146cac5059504aa9d170ec3fa23aec740bb51, buildFailed=true, buildArtifact=false, participation=ParticipationDTO[id=1914, testRun=false, type=programming, submissionCount=null, exercise=ParticipationExerciseDTO[id=2564, exerciseType=PROGRAMMING, type=programming, assessmentType=AUTOMATIC, dueDate=2025-02-16T23:45:07.324348Z, assessmentDueDate=null, maxPoints=42.0, course=CourseDTO[id=947, accuracyOfScores=1]]], submissionExerciseType=programming, isProcessing=false, buildStartDate=null, estimatedCompletionDate=null], participation=ParticipationDTO[id=1914, testRun=false, type=programming, submissionCount=null, exercise=ParticipationExerciseDTO[id=2564, exerciseType=PROGRAMMING, type=programming, assessmentType=AUTOMATIC, dueDate=2025-02-16T23:45:07.324348Z, assessmentDueDate=null, maxPoints=42.0, course=CourseDTO[id=947, accuracyOfScores=1]]], feedbacks=[], assessmentType=AUTOMATIC, hasComplaint=null, exampleResult=null, testCaseCount=0, passedTestCaseCount=0, codeIssueCount=0]], BuildJobQueueItem[id=19361739576711303, name=SHORT9AFDAE3804CA304DDF0889A0CB0F56104A86TSTEXC-LOCALVCINTSTUDENT1, buildAgent=BuildAgentDTO[name=artemis-build-agent-test, memberAddress=[127.0.0.1]:5703, displayName=artemis-build-agent-test], participationId=1936, courseId=956, exerciseId=2573, retryCount=0, priority=2, status=FAILED, repositoryInfo=RepositoryInfo[repositoryName=short9afdae3804ca304ddf0889a0cb0f56104a86tstexc-localvcintstudent1, repositoryType=user, triggeredByPushTo=user, assignmentRepositoryUri=http://localhost:49152/git/SHORT9AFDAE3804CA304DDF0889A0CB0F56104A86TSTEXC/short9afdae3804ca304ddf0889a0cb0f56104a86tstexc-localvcintstudent1.git, testRepositoryUri=http://localhost:49152/git/SHORT9AFDAE3804CA304DDF0889A0CB0F56104A86TSTEXC/short9afdae3804ca304ddf0889a0cb0f56104a86tstexc-tests.git, solutionRepositoryUri=null, auxiliaryRepositoryUris=[Ljava.lang.String;@251251c9, auxiliaryRepositoryCheckoutDirectories=[Ljava.lang.String;@69e91b8f], jobTimingInfo=JobTimingInfo[submissionDate=2025-02-14T23:45:11.303805653Z[Etc/UTC], buildStartDate=2025-02-14T23:45:11.310981356Z[Etc/UTC], buildCompletionDate=2025-02-14T23:45:11.319178384Z[Etc/UTC], estimatedCompletionDate=2025-02-14T23:45:30.310974944Z[Etc/UTC], estimatedDuration=19], buildConfig=BuildConfig[buildScript=#!/bin/bash
cd /var/tmp/testing-dir
chmod +x ./gradlew
./gradlew clean test
, dockerImage=dummy-docker-image:latest, commitHashToBuild=a1099e378cffde441ef85f9b12577ca174b8e1e4, assignmentCommitHash=a1099e378cffde441ef85f9b12577ca174b8e1e4, testCommitHash=bd38d61c299ab11a1dea82a3ca5493fe04d97d47, branch=main, programmingLanguage=JAVA, projectType=PLAIN_GRADLE, scaEnabled=false, sequentialTestRunsEnabled=false, resultPaths=[/var/tmp/testing-dir/**/test-results/test/*.xml], timeoutSeconds=0, assignmentCheckoutPath=null, testCheckoutPath=null, solutionCheckoutPath=null, dockerRunConfig=null], submissionResult=ResultDTO[id=623, completionDate=2025-02-14T23:45:11.319278430Z[Etc/UTC], successful=false, score=0.0, rated=true, submission=SubmissionDTO[id=815, submitted=true, type=MANUAL, exampleSubmission=null, submissionDate=2025-02-14T23:45:11.294386Z, commitHash=a1099e378cffde441ef85f9b12577ca174b8e1e4, buildFailed=true, buildArtifact=false, participation=ParticipationDTO[id=1936, testRun=false, type=programming, submissionCount=null, exercise=ParticipationExerciseDTO[id=2573, exerciseType=PROGRAMMING, type=programming, assessmentType=AUTOMATIC, dueDate=2025-02-16T23:45:10.996982Z, assessmentDueDate=null, maxPoints=42.0, course=CourseDTO[id=956, accuracyOfScores=1]]], submissionExerciseType=programming, isProcessing=false, buildStartDate=null, estimatedCompletionDate=null], participation=ParticipationDTO[id=1936, testRun=false, type=programming, submissionCount=null, exercise=ParticipationExerciseDTO[id=2573, exerciseType=PROGRAMMING, type=programming, assessmentType=AUTOMATIC, dueDate=2025-02-16T23:45:10.996982Z, assessmentDueDate=null, maxPoints=42.0, course=CourseDTO[id=956, accuracyOfScores=1]]], feedbacks=[], assessmentType=AUTOMATIC, hasComplaint=null, exampleResult=null, testCaseCount=0, passedTestCaseCount=0, codeIssueCount=0]], BuildJobQueueItem[id=19351739576711674, name=SHORT9AFDAE3804CA304DDF0889A0CB0F56104A86TSTEXC-BASE, buildAgent=BuildAgentDTO[name=artemis-build-agent-test, memberAddress=[127.0.0.1]:5703, displayName=artemis-build-agent-test], participationId=1935, courseId=956, exerciseId=2573, retryCount=0, priority=2, status=FAILED, repositoryInfo=RepositoryInfo[repositoryName=short9afdae3804ca304ddf0889a0cb0f56104a86tstexc-exercise, repositoryType=exercise, triggeredByPushTo=exercise, assignmentRepositoryUri=http://localhost:49152/git/SHORT9AFDAE3804CA304DDF0889A0CB0F56104A86TSTEXC/short9afdae3804ca304ddf0889a0cb0f56104a86tstexc-exercise.git, testRepositoryUri=http://localhost:49152/git/SHORT9AFDAE3804CA304DDF0889A0CB0F56104A86TSTEXC/short9afdae3804ca304ddf0889a0cb0f56104a86tstexc-tests.git, solutionRepositoryUri=null, auxiliaryRepositoryUris=[Ljava.lang.String;@29044502, auxiliaryRepositoryCheckoutDirectories=[Ljava.lang.String;@72759fc3], jobTimingInfo=JobTimingInfo[submissionDate=2025-02-14T23:45:11.674556681Z[Etc/UTC], buildStartDate=2025-02-14T23:45:11.677776879Z[Etc/UTC], buildCompletionDate=2025-02-14T23:45:11.688097378Z[Etc/UTC], estimatedCompletionDate=2025-02-14T23:45:30.677771620Z[Etc/UTC], estimatedDuration=19], buildConfig=BuildConfig[buildScript=#!/bin/bash
cd /var/tmp/testing-dir
chmod +x ./gradlew
./gradlew clean test
, dockerImage=dummy-docker-image:latest, commitHashToBuild=a1099e378cffde441ef85f9b12577ca174b8e1e4, assignmentCommitHash=a1099e378cffde441ef85f9b12577ca174b8e1e4, testCommitHash=bd38d61c299ab11a1dea82a3ca5493fe04d97d47, branch=main, programmingLanguage=JAVA, projectType=PLAIN_GRADLE, scaEnabled=false, sequentialTestRunsEnabled=false, resultPaths=[/var/tmp/testing-dir/**/test-results/test/*.xml], timeoutSeconds=0, assignmentCheckoutPath=null, testCheckoutPath=null, solutionCheckoutPath=null, dockerRunConfig=null], submissionResult=ResultDTO[id=624, completionDate=2025-02-14T23:45:11.688214837Z[Etc/UTC], successful=false, score=0.0, rated=true, submission=SubmissionDTO[id=816, submitted=true, type=MANUAL, exampleSubmission=null, submissionDate=2025-02-14T23:45:11.656934Z, commitHash=a1099e378cffde441ef85f9b12577ca174b8e1e4, buildFailed=true, buildArtifact=false, participation=ParticipationDTO[id=1935, testRun=false, type=template, submissionCount=null, exercise=ParticipationExerciseDTO[id=2573, exerciseType=PROGRAMMING, type=programming, assessmentType=AUTOMATIC, dueDate=2025-02-16T23:45:10.996982Z, assessmentDueDate=null, maxPoints=42.0, course=CourseDTO[id=956, accuracyOfScores=1]]], submissionExerciseType=programming, isProcessing=false, buildStartDate=null, estimatedCompletionDate=null], participation=ParticipationDTO[id=1935, testRun=false, type=template, submissionCount=null, exercise=ParticipationExerciseDTO[id=2573, exerciseType=PROGRAMMING, type=programming, assessmentType=AUTOMATIC, dueDate=2025-02-16T23:45:10.996982Z, assessmentDueDate=null, maxPoints=42.0, course=CourseDTO[id=956, accuracyOfScores=1]]], feedbacks=[], assessmentType=AUTOMATIC, hasComplaint=null, exampleResult=null, testCaseCount=0, passedTestCaseCount=0, codeIssueCount=0]], BuildJobQueueItem[id=19341739576712112, name=SHORT9AFDAE3804CA304DDF0889A0CB0F56104A86TSTEXC-SOLUTION, buildAgent=BuildAgentDTO[name=artemis-build-agent-test, memberAddress=[127.0.0.1]:5703, displayName=artemis-build-agent-test], participationId=1934, courseId=956, exerciseId=2573, retryCount=0, priority=2, status=FAILED, repositoryInfo=RepositoryInfo[repositoryName=short9afdae3804ca304ddf0889a0cb0f56104a86tstexc-solution, repositoryType=solution, triggeredByPushTo=solution, assignmentRepositoryUri=http://localhost:49152/git/SHORT9AFDAE3804CA304DDF0889A0CB0F56104A86TSTEXC/short9afdae3804ca304ddf0889a0cb0f56104a86tstexc-solution.git, testRepositoryUri=http://localhost:49152/git/SHORT9AFDAE3804CA304DDF0889A0CB0F56104A86TSTEXC/short9afdae3804ca304ddf0889a0cb0f56104a86tstexc-tests.git, solutionRepositoryUri=null, auxiliaryRepositoryUris=[Ljava.lang.String;@45de145d, auxiliaryRepositoryCheckoutDirectories=[Ljava.lang.String;@644a4a0a], jobTimingInfo=JobTimingInfo[submissionDate=2025-02-14T23:45:12.112332872Z[Etc/UTC], buildStartDate=2025-02-14T23:45:12.121617114Z[Etc/UTC], buildCompletionDate=2025-02-14T23:45:12.127931701Z[Etc/UTC], estimatedCompletionDate=2025-02-14T23:45:31.121609600Z[Etc/UTC], estimatedDuration=19], buildConfig=BuildConfig[buildScript=#!/bin/bash
cd /var/tmp/testing-dir
chmod +x ./gradlew
./gradlew clean test
, dockerImage=dummy-docker-image:latest, commitHashToBuild=a1099e378cffde441ef85f9b12577ca174b8e1e4, assignmentCommitHash=a1099e378cffde441ef85f9b12577ca174b8e1e4, testCommitHash=bd38d61c299ab11a1dea82a3ca5493fe04d97d47, branch=main, programmingLanguage=JAVA, projectType=PLAIN_GRADLE, scaEnabled=false, sequentialTestRunsEnabled=false, resultPaths=[/var/tmp/testing-dir/**/test-results/test/*.xml], timeoutSeconds=0, assignmentCheckoutPath=null, testCheckoutPath=null, solutionCheckoutPath=null, dockerRunConfig=null], submissionResult=ResultDTO[id=625, completionDate=2025-02-14T23:45:12.128011800Z[Etc/UTC], successful=false, score=0.0, rated=true, submission=SubmissionDTO[id=817, submitted=true, type=MANUAL, exampleSubmission=null, submissionDate=2025-02-14T23:45:12.098737Z, commitHash=a1099e378cffde441ef85f9b12577ca174b8e1e4, buildFailed=true, buildArtifact=false, participation=ParticipationDTO[id=1934, testRun=false, type=solution, submissionCount=null, exercise=ParticipationExerciseDTO[id=2573, exerciseType=PROGRAMMING, type=programming, assessmentType=AUTOMATIC, dueDate=2025-02-16T23:45:10.996982Z, assessmentDueDate=null, maxPoints=42.0, course=CourseDTO[id=956, accuracyOfScores=1]]], submissionExerciseType=programming, isProcessing=false, buildStartDate=null, estimatedCompletionDate=null], participation=ParticipationDTO[id=1934, testRun=false, type=solution, submissionCount=null, exercise=ParticipationExerciseDTO[id=2573, exerciseType=PROGRAMMING, type=programming, assessmentType=AUTOMATIC, dueDate=2025-02-16T23:45:10.996982Z, assessmentDueDate=null, maxPoints=42.0, course=CourseDTO[id=956, accuracyOfScores=1]]], feedbacks=[], assessmentType=AUTOMATIC, hasComplaint=null, exampleResult=null, testCaseCount=0, passedTestCaseCount=0, codeIssueCount=0]], BuildJobQueueItem[id=19341739576713025, name=SHORT9AFDAE3804CA304DDF0889A0CB0F56104A86TSTEXC-SOLUTION, buildAgent=BuildAgentDTO[name=artemis-build-agent-test, memberAddress=[127.0.0.1]:5703, displayName=artemis-build-agent-test], participationId=1934, courseId=956, exerciseId=2573, retryCount=0, priority=2, status=FAILED, repositoryInfo=RepositoryInfo[repositoryName=short9afdae3804ca304ddf0889a0cb0f56104a86tstexc-solution, repositoryType=solution, triggeredByPushTo=tests, assignmentRepositoryUri=http://localhost:49152/git/SHORT9AFDAE3804CA304DDF0889A0CB0F56104A86TSTEXC/short9afdae3804ca304ddf0889a0cb0f56104a86tstexc-solution.git, testRepositoryUri=http://localhost:49152/git/SHORT9AFDAE3804CA304DDF0889A0CB0F56104A86TSTEXC/short9afdae3804ca304ddf0889a0cb0f56104a86tstexc-tests.git, solutionRepositoryUri=null, auxiliaryRepositoryUris=[Ljava.lang.String;@6fed2fd4, auxiliaryRepositoryCheckoutDirectories=[Ljava.lang.String;@31b82e6d], jobTimingInfo=JobTimingInfo[submissionDate=2025-02-14T23:45:13.025319671Z[Etc/UTC], buildStartDate=2025-02-14T23:45:13.040293146Z[Etc/UTC], buildCompletionDate=2025-02-14T23:45:13.053032917Z[Etc/UTC], estimatedCompletionDate=2025-02-14T23:45:32.040285703Z[Etc/UTC], estimatedDuration=19], buildConfig=BuildConfig[buildScript=#!/bin/bash
cd /var/tmp/testing-dir
chmod +x ./gradlew
./gradlew clean test
, dockerImage=dummy-docker-image:latest, commitHashToBuild=784f8f0049d2a1a54f21c67dd772bea86715267a, assignmentCommitHash=a1099e378cffde441ef85f9b12577ca174b8e1e4, testCommitHash=784f8f0049d2a1a54f21c67dd772bea86715267a, branch=main, programmingLanguage=JAVA, projectType=PLAIN_GRADLE, scaEnabled=false, sequentialTestRunsEnabled=false, resultPaths=[/var/tmp/testing-dir/**/test-results/test/*.xml], timeoutSeconds=0, assignmentCheckoutPath=null, testCheckoutPath=null, solutionCheckoutPath=null, dockerRunConfig=null], submissionResult=ResultDTO[id=626, completionDate=2025-02-14T23:45:13.053131811Z[Etc/UTC], successful=false, score=0.0, rated=true, submission=SubmissionDTO[id=818, submitted=true, type=TEST, exampleSubmission=null, submissionDate=2025-02-14T23:45:13.005779Z, commitHash=784f8f0049d2a1a54f21c67dd772bea86715267a, buildFailed=true, buildArtifact=false, participation=ParticipationDTO[id=1934, testRun=false, type=solution, submissionCount=null, exercise=ParticipationExerciseDTO[id=2573, exerciseType=PROGRAMMING, type=programming, assessmentType=AUTOMATIC, dueDate=2025-02-16T23:45:10.996982Z, assessmentDueDate=null, maxPoints=42.0, course=CourseDTO[id=956, accuracyOfScores=1]]], submissionExerciseType=programming, isProcessing=false, buildStartDate=null, estimatedCompletionDate=null], participation=ParticipationDTO[id=1934, testRun=false, type=solution, submissionCount=null, exercise=ParticipationExerciseDTO[id=2573, exerciseType=PROGRAMMING, type=programming, assessmentType=AUTOMATIC, dueDate=2025-02-16T23:45:10.996982Z, assessmentDueDate=null, maxPoints=42.0, course=CourseDTO[id=956, accuracyOfScores=1]]], feedbacks=[], assessmentType=AUTOMATIC, hasComplaint=null, exampleResult=null, testCaseCount=0, passedTestCaseCount=0, codeIssueCount=0]]], publicSshKey=ssh-rsa AAAAB3NzaC1yc2EAAAADAQABAAACAQCOPdMsxRE2jFJ/UEa5/LsBxtwzJcrh3/rYBCQvcMeVpiRfhzQPWu7mrt/G2Ew+i+vRloGH9aqKg6dd1liRncao53Zmd/ePxoatXePNhmzTfkCkcSkTUz7B+QMjkoDDV5jwuFPD6mF3JkhuzSi64n9Zy905t4w2IhVcjM2mL3eYNjiCXt6Qpq3Pkt7dM/Ksw1nxnvuiIALuJLB3FTkXkHqq3PJav+9HSq2r6ZaWgekneaGxlQlb+U+Vy3XOuArKAzK8c8i+0bR+AHiTG6ncYXt7ax3U+TdlDTF7OLP3umwaYjs1NBXOHwG42pevvpKn2fqavZZozk+M05jXLx3bq0O7itxfErWc7etky8qYPyyIMF/txQIVLd78+Ze4d7Y60t5MGbXM5cGE6fFif5fEJwgswXD+BrG0cafz1CTatjSKFdvp8Vp4VszXhHDan1PrP6JEFJ5Cc5GDmLRZPCFa3vL9f5qXgf4bkqKN8MYeEujwJE5nMRWoiJVNakix2bcrrneQMBlnYeYZVWXXXUusAQBzl4NgddC1umZpihZkL1b1MffZAUW3EGEXi7KHnllQhkTLLsQ8ntMgbylqaJKStqaXlLvdeRJcEnUuiFCrHEVVbXRFZR7XVDZ02CE5o3MuaRPty8Kh+jRTF3COlAckHwYEJCNNJvXFgb2CNXL4mjzYDw== test@localhost]
    23:45:13.245 | 588 artemis-task-1   | DEBUG | d.t.c.a.a.c.c.w.GzipMessageConverter : Compressed message payload from 255 to 232 (saved 9.0% payload size)
    23:45:13.245 | 566 localvc.event-13 | DEBUG | a.p.s.l.SharedQueueManagementService : Build agent updated: null
    23:45:13.246 | 588 artemis-task-1   | DEBUG | d.t.c.a.a.c.c.w.GzipMessageConverter : Compressed message payload from 18987 to 3516 (saved 81.5% payload size)
    23:45:13.246 | 476 ool-1-worker-240 | DEBUG | d.t.c.a.a.c.u.util.UserUtilService   : Generate 2 students...
    23:45:13.250 | 476 ool-1-worker-240 | DEBUG | d.t.c.a.a.c.u.util.UserUtilService   : 2 students generated. Generate 1 tutors...
    23:45:13.253 | 476 ool-1-worker-240 | DEBUG | d.t.c.a.a.c.u.util.UserUtilService   : 1 tutors generated. Generate 0 editors...
    23:45:13.255 | 476 ool-1-worker-240 | DEBUG | d.t.c.a.a.c.u.util.UserUtilService   : 0 editors generated. Generate 2 instructors...
    23:45:13.259 | 476 ool-1-worker-240 | DEBUG | d.t.c.a.a.c.u.util.UserUtilService   : 2 instructors generated
    23:45:13.260 | 476 ool-1-worker-240 | DEBUG | d.t.c.a.a.c.u.util.UserUtilService   : Removing 4 users from all courses...
    23:45:13.261 | 476 ool-1-worker-240 | DEBUG | d.t.c.a.a.c.u.util.UserUtilService   : Removing 4 users from all courses. Done
    23:45:13.261 | 476 ool-1-worker-240 | DEBUG | d.t.c.a.a.c.u.util.UserUtilService   : Save 5 users to database...
    23:45:13.266 | 476 ool-1-worker-240 | DEBUG | d.t.c.a.a.c.u.util.UserUtilService   : Save 5 users to database. Done
    23:45:13.384 | 476 ool-1-worker-240 | INFO  | i.z.t.d.l.EmbeddedDatabaseReporter   : JDBC URL to connect to 'dataSource': url='jdbc:h2:tcp://localhost:41063/mem:f240edcd-27ce-47a3-b4ab-a6a00c154135;USER=sa', scope='LocalVCIntegrationTest#testFetchPush_solutionRepository_noParticipation'
    23:45:13.391 | 608 nio-49152-exec-7 | DEBUG | d.t.c.a.a.c.s.f.ApiVersionFilter     : Adding Version to Request GET /git/SHORTC1F5EF0B0EBE504D6F0BAAC0F11C3840E090TSTEXC/shortc1f5ef0b0ebe504d6f0baac0f11c3840e090tstexc-solution.git/info/refs
    23:45:13.391 | 608 nio-49152-exec-7 | DEBUG | .t.c.a.a.p.s.l.LocalVCServletService : Path to resolve repository from: /tmp/SHORTC1F5EF0B0EBE504D6F0BAAC0F11C3840E090TSTEXC/shortc1f5ef0b0ebe504d6f0baac0f11c3840e090tstexc-solution.git
    23:45:13.391 | 608 nio-49152-exec-7 | DEBUG | .t.c.a.a.p.s.l.LocalVCServletService : Opening local repository SHORTC1F5EF0B0EBE504D6F0BAAC0F11C3840E090TSTEXC/shortc1f5ef0b0ebe504d6f0baac0f11c3840e090tstexc-solution.git
    23:45:13.392 | 608 nio-49152-exec-7 | DEBUG | .t.c.a.a.p.s.l.LocalVCServletService : Resolving repository for repository SHORTC1F5EF0B0EBE504D6F0BAAC0F11C3840E090TSTEXC/shortc1f5ef0b0ebe504d6f0baac0f11c3840e090tstexc-solution.git took 1.01ms
    23:45:13.393 | 608 nio-49152-exec-7 | DEBUG | d.t.c.a.a.p.s.l.LocalVCFetchFilter   : Trying to fetch repository /git/SHORTC1F5EF0B0EBE504D6F0BAAC0F11C3840E090TSTEXC/shortc1f5ef0b0ebe504d6f0baac0f11c3840e090tstexc-solution.git/info/refs
    23:45:13.398 | 608 nio-49152-exec-7 | DEBUG | t.c.a.a.c.s.DomainUserDetailsService : Authenticating localvcintinstructor1
    23:45:13.442 | 608 nio-49152-exec-7 | ERROR | .t.c.a.a.p.s.l.LocalVCServletService : Internal server error while trying to access repository /git/SHORTC1F5EF0B0EBE504D6F0BAAC0F11C3840E090TSTEXC/shortc1f5ef0b0ebe504d6f0baac0f11c3840e090tstexc-solution.git/info/refs: No participation found for repository with repository type or username solution in exercise 2574
    23:45:13.450 | 609 nio-49152-exec-8 | DEBUG | d.t.c.a.a.c.s.f.ApiVersionFilter     : Adding Version to Request GET /git/SHORTC1F5EF0B0EBE504D6F0BAAC0F11C3840E090TSTEXC/shortc1f5ef0b0ebe504d6f0baac0f11c3840e090tstexc-solution.git/info/refs
    23:45:13.450 | 609 nio-49152-exec-8 | DEBUG | .t.c.a.a.p.s.l.LocalVCServletService : Path to resolve repository from: /tmp/SHORTC1F5EF0B0EBE504D6F0BAAC0F11C3840E090TSTEXC/shortc1f5ef0b0ebe504d6f0baac0f11c3840e090tstexc-solution.git
    23:45:13.450 | 609 nio-49152-exec-8 | DEBUG | .t.c.a.a.p.s.l.LocalVCServletService : Retrieving cached local repository SHORTC1F5EF0B0EBE504D6F0BAAC0F11C3840E090TSTEXC/shortc1f5ef0b0ebe504d6f0baac0f11c3840e090tstexc-solution.git
    23:45:13.450 | 609 nio-49152-exec-8 | DEBUG | .t.c.a.a.p.s.l.LocalVCServletService : Resolving repository for repository SHORTC1F5EF0B0EBE504D6F0BAAC0F11C3840E090TSTEXC/shortc1f5ef0b0ebe504d6f0baac0f11c3840e090tstexc-solution.git took 22µs
    23:45:13.450 | 609 nio-49152-exec-8 | DEBUG | d.t.c.a.a.p.s.l.LocalVCPushFilter    : Trying to push to repository /git/SHORTC1F5EF0B0EBE504D6F0BAAC0F11C3840E090TSTEXC/shortc1f5ef0b0ebe504d6f0baac0f11c3840e090tstexc-solution.git/info/refs
    23:45:13.455 | 609 nio-49152-exec-8 | DEBUG | t.c.a.a.c.s.DomainUserDetailsService : Authenticating localvcintinstructor1
    23:45:13.478 | 609 nio-49152-exec-8 | ERROR | .t.c.a.a.p.s.l.LocalVCServletService : Internal server error while trying to access repository /git/SHORTC1F5EF0B0EBE504D6F0BAAC0F11C3840E090TSTEXC/shortc1f5ef0b0ebe504d6f0baac0f11c3840e090tstexc-solution.git/info/refs: No participation found for repository with repository type or username solution in exercise 2574

  Starting logs for LocalVCIntegrationTest > testFetchPush_assignmentRepository_student_noParticipation()
    23:45:13.508 | 476 ool-1-worker-240 | DEBUG | d.t.c.a.a.c.u.util.UserUtilService   : Generate 2 students...
    23:45:13.512 | 476 ool-1-worker-240 | DEBUG | d.t.c.a.a.c.u.util.UserUtilService   : 2 students generated. Generate 1 tutors...
    23:45:13.514 | 476 ool-1-worker-240 | DEBUG | d.t.c.a.a.c.u.util.UserUtilService   : 1 tutors generated. Generate 0 editors...
    23:45:13.515 | 476 ool-1-worker-240 | DEBUG | d.t.c.a.a.c.u.util.UserUtilService   : 0 editors generated. Generate 2 instructors...
    23:45:13.519 | 476 ool-1-worker-240 | DEBUG | d.t.c.a.a.c.u.util.UserUtilService   : 2 instructors generated
    23:45:13.520 | 476 ool-1-worker-240 | DEBUG | d.t.c.a.a.c.u.util.UserUtilService   : Removing 4 users from all courses...
    23:45:13.521 | 476 ool-1-worker-240 | DEBUG | d.t.c.a.a.c.u.util.UserUtilService   : Removing 4 users from all courses. Done
    23:45:13.521 | 476 ool-1-worker-240 | DEBUG | d.t.c.a.a.c.u.util.UserUtilService   : Save 5 users to database...
    23:45:13.525 | 476 ool-1-worker-240 | DEBUG | d.t.c.a.a.c.u.util.UserUtilService   : Save 5 users to database. Done
    23:45:13.641 | 476 ool-1-worker-240 | INFO  | i.z.t.d.l.EmbeddedDatabaseReporter   : JDBC URL to connect to 'dataSource': url='jdbc:h2:tcp://localhost:41063/mem:f240edcd-27ce-47a3-b4ab-a6a00c154135;USER=sa', scope='LocalVCIntegrationTest#testFetchPush_assignmentRepository_student_noParticipation'
    23:45:13.676 | 610 nio-49152-exec-9 | DEBUG | d.t.c.a.a.c.s.f.ApiVersionFilter     : Adding Version to Request GET /git/SHORT7C7769BC0274A04D7B08DAD0F1AEC01599EATSTEXC/short7c7769bc0274a04d7b08dad0f1aec01599eatstexc-localvcintstudent2.git/info/refs
    23:45:13.676 | 610 nio-49152-exec-9 | DEBUG | .t.c.a.a.p.s.l.LocalVCServletService : Path to resolve repository from: /tmp/SHORT7C7769BC0274A04D7B08DAD0F1AEC01599EATSTEXC/short7c7769bc0274a04d7b08dad0f1aec01599eatstexc-localvcintstudent2.git
    23:45:13.676 | 610 nio-49152-exec-9 | DEBUG | .t.c.a.a.p.s.l.LocalVCServletService : Opening local repository SHORT7C7769BC0274A04D7B08DAD0F1AEC01599EATSTEXC/short7c7769bc0274a04d7b08dad0f1aec01599eatstexc-localvcintstudent2.git
    23:45:13.678 | 610 nio-49152-exec-9 | DEBUG | .t.c.a.a.p.s.l.LocalVCServletService : Resolving repository for repository SHORT7C7769BC0274A04D7B08DAD0F1AEC01599EATSTEXC/short7c7769bc0274a04d7b08dad0f1aec01599eatstexc-localvcintstudent2.git took 1.38ms
    23:45:13.678 | 610 nio-49152-exec-9 | DEBUG | d.t.c.a.a.p.s.l.LocalVCFetchFilter   : Trying to fetch repository /git/SHORT7C7769BC0274A04D7B08DAD0F1AEC01599EATSTEXC/short7c7769bc0274a04d7b08dad0f1aec01599eatstexc-localvcintstudent2.git/info/refs
    23:45:13.682 | 610 nio-49152-exec-9 | DEBUG | t.c.a.a.c.s.DomainUserDetailsService : Authenticating localvcintstudent2
    23:45:13.688 | 610 nio-49152-exec-9 | ERROR | .t.c.a.a.p.s.l.LocalVCServletService : Internal server error while trying to access repository /git/SHORT7C7769BC0274A04D7B08DAD0F1AEC01599EATSTEXC/short7c7769bc0274a04d7b08dad0f1aec01599eatstexc-localvcintstudent2.git/info/refs: No participation found for repository with repository type or username localvcintstudent2 in exercise 2575
    23:45:13.695 | 611 io-49152-exec-10 | DEBUG | d.t.c.a.a.c.s.f.ApiVersionFilter     : Adding Version to Request GET /git/SHORT7C7769BC0274A04D7B08DAD0F1AEC01599EATSTEXC/short7c7769bc0274a04d7b08dad0f1aec01599eatstexc-localvcintstudent2.git/info/refs
    23:45:13.695 | 611 io-49152-exec-10 | DEBUG | .t.c.a.a.p.s.l.LocalVCServletService : Path to resolve repository from: /tmp/SHORT7C7769BC0274A04D7B08DAD0F1AEC01599EATSTEXC/short7c7769bc0274a04d7b08dad0f1aec01599eatstexc-localvcintstudent2.git
    23:45:13.695 | 611 io-49152-exec-10 | DEBUG | .t.c.a.a.p.s.l.LocalVCServletService : Retrieving cached local repository SHORT7C7769BC0274A04D7B08DAD0F1AEC01599EATSTEXC/short7c7769bc0274a04d7b08dad0f1aec01599eatstexc-localvcintstudent2.git
    23:45:13.695 | 611 io-49152-exec-10 | DEBUG | .t.c.a.a.p.s.l.LocalVCServletService : Resolving repository for repository SHORT7C7769BC0274A04D7B08DAD0F1AEC01599EATSTEXC/short7c7769bc0274a04d7b08dad0f1aec01599eatstexc-localvcintstudent2.git took 23µs
    23:45:13.695 | 611 io-49152-exec-10 | DEBUG | d.t.c.a.a.p.s.l.LocalVCPushFilter    : Trying to push to repository /git/SHORT7C7769BC0274A04D7B08DAD0F1AEC01599EATSTEXC/short7c7769bc0274a04d7b08dad0f1aec01599eatstexc-localvcintstudent2.git/info/refs
    23:45:13.700 | 611 io-49152-exec-10 | DEBUG | t.c.a.a.c.s.DomainUserDetailsService : Authenticating localvcintstudent2
    23:45:13.705 | 611 io-49152-exec-10 | ERROR | .t.c.a.a.p.s.l.LocalVCServletService : Internal server error while trying to access repository /git/SHORT7C7769BC0274A04D7B08DAD0F1AEC01599EATSTEXC/short7c7769bc0274a04d7b08dad0f1aec01599eatstexc-localvcintstudent2.git/info/refs: No participation found for repository with repository type or username localvcintstudent2 in exercise 2575

  Starting logs for LocalVCIntegrationTest > testFetchPush_usingVcsAccessToken()
    23:45:13.774 | 476 ool-1-worker-240 | DEBUG | d.t.c.a.a.c.u.util.UserUtilService   : Generate 2 students...
    23:45:13.779 | 476 ool-1-worker-240 | DEBUG | d.t.c.a.a.c.u.util.UserUtilService   : 2 students generated. Generate 1 tutors...
    23:45:13.781 | 476 ool-1-worker-240 | DEBUG | d.t.c.a.a.c.u.util.UserUtilService   : 1 tutors generated. Generate 0 editors...
    23:45:13.782 | 476 ool-1-worker-240 | DEBUG | d.t.c.a.a.c.u.util.UserUtilService   : 0 editors generated. Generate 2 instructors...
    23:45:13.786 | 476 ool-1-worker-240 | DEBUG | d.t.c.a.a.c.u.util.UserUtilService   : 2 instructors generated
    23:45:13.787 | 476 ool-1-worker-240 | DEBUG | d.t.c.a.a.c.u.util.UserUtilService   : Removing 4 users from all courses...
    23:45:13.788 | 476 ool-1-worker-240 | DEBUG | d.t.c.a.a.c.u.util.UserUtilService   : Removing 4 users from all courses. Done
    23:45:13.788 | 476 ool-1-worker-240 | DEBUG | d.t.c.a.a.c.u.util.UserUtilService   : Save 5 users to database...
    23:45:13.792 | 476 ool-1-worker-240 | DEBUG | d.t.c.a.a.c.u.util.UserUtilService   : Save 5 users to database. Done
    23:45:13.960 | 476 ool-1-worker-240 | INFO  | i.z.t.d.l.EmbeddedDatabaseReporter   : JDBC URL to connect to 'dataSource': url='jdbc:h2:tcp://localhost:41063/mem:f240edcd-27ce-47a3-b4ab-a6a00c154135;USER=sa', scope='LocalVCIntegrationTest#testFetchPush_usingVcsAccessToken'
    23:45:13.967 | 476 ool-1-worker-240 | DEBUG | PersonalAccessTokenManagementService : Generate secure vcs access token
    23:45:13.971 | 476 ool-1-worker-240 | DEBUG | .c.a.a.p.i.LocalVCLocalCITestService : Created participation with id: 1943
    23:45:13.977 | 602 nio-49152-exec-1 | DEBUG | d.t.c.a.a.c.s.f.ApiVersionFilter     : Adding Version to Request GET /git/SHORT1752BD0D0A4D70420D0840A0D6234B748E28TSTEXC/short1752bd0d0a4d70420d0840a0d6234b748e28tstexc-localvcintstudent1.git/info/refs
    23:45:13.977 | 602 nio-49152-exec-1 | DEBUG | .t.c.a.a.p.s.l.LocalVCServletService : Path to resolve repository from: /tmp/SHORT1752BD0D0A4D70420D0840A0D6234B748E28TSTEXC/short1752bd0d0a4d70420d0840a0d6234b748e28tstexc-localvcintstudent1.git
    23:45:13.977 | 602 nio-49152-exec-1 | DEBUG | .t.c.a.a.p.s.l.LocalVCServletService : Opening local repository SHORT1752BD0D0A4D70420D0840A0D6234B748E28TSTEXC/short1752bd0d0a4d70420d0840a0d6234b748e28tstexc-localvcintstudent1.git
    23:45:13.978 | 602 nio-49152-exec-1 | DEBUG | .t.c.a.a.p.s.l.LocalVCServletService : Resolving repository for repository SHORT1752BD0D0A4D70420D0840A0D6234B748E28TSTEXC/short1752bd0d0a4d70420d0840a0d6234b748e28tstexc-localvcintstudent1.git took 977µs
    23:45:13.978 | 602 nio-49152-exec-1 | DEBUG | d.t.c.a.a.p.s.l.LocalVCFetchFilter   : Trying to fetch repository /git/SHORT1752BD0D0A4D70420D0840A0D6234B748E28TSTEXC/short1752bd0d0a4d70420d0840a0d6234b748e28tstexc-localvcintstudent1.git/info/refs
    23:45:13.991 | 602 nio-49152-exec-1 | DEBUG | .t.c.a.a.p.s.l.LocalVCServletService : Authorizing user localvcintstudent1 for repository http://localhost:49152/git/SHORT1752BD0D0A4D70420D0840A0D6234B748E28TSTEXC/short1752bd0d0a4d70420d0840a0d6234b748e28tstexc-localvcintstudent1.git took 12.97ms
    23:45:13.994 | 588 artemis-task-1   | DEBUG | d.t.c.a.a.p.s.l.VcsAccessLogService  : Storing access operation for user User{login='localvcintstudent1', firstName='localvcintstudent1First', lastName='localvcintstudent1Last', email='localvcintstudent1@test.de', imageUrl='null', activated='true', langKey='en', activationKey='null'}
    23:45:13.999 | 603 nio-49152-exec-2 | DEBUG | d.t.c.a.a.c.s.f.ApiVersionFilter     : Adding Version to Request GET /git/SHORT1752BD0D0A4D70420D0840A0D6234B748E28TSTEXC/short1752bd0d0a4d70420d0840a0d6234b748e28tstexc-localvcintstudent1.git/info/refs
    23:45:13.999 | 603 nio-49152-exec-2 | DEBUG | .t.c.a.a.p.s.l.LocalVCServletService : Path to resolve repository from: /tmp/SHORT1752BD0D0A4D70420D0840A0D6234B748E28TSTEXC/short1752bd0d0a4d70420d0840a0d6234b748e28tstexc-localvcintstudent1.git
    23:45:13.999 | 603 nio-49152-exec-2 | DEBUG | .t.c.a.a.p.s.l.LocalVCServletService : Retrieving cached local repository SHORT1752BD0D0A4D70420D0840A0D6234B748E28TSTEXC/short1752bd0d0a4d70420d0840a0d6234b748e28tstexc-localvcintstudent1.git
    23:45:13.999 | 603 nio-49152-exec-2 | DEBUG | .t.c.a.a.p.s.l.LocalVCServletService : Resolving repository for repository SHORT1752BD0D0A4D70420D0840A0D6234B748E28TSTEXC/short1752bd0d0a4d70420d0840a0d6234b748e28tstexc-localvcintstudent1.git took 22µs
    23:45:13.999 | 603 nio-49152-exec-2 | DEBUG | d.t.c.a.a.p.s.l.LocalVCFetchFilter   : Trying to fetch repository /git/SHORT1752BD0D0A4D70420D0840A0D6234B748E28TSTEXC/short1752bd0d0a4d70420d0840a0d6234b748e28tstexc-localvcintstudent1.git/info/refs
    23:45:14.010 | 603 nio-49152-exec-2 | DEBUG | .t.c.a.a.p.s.l.LocalVCServletService : Authorizing user localvcintstudent1 for repository http://localhost:49152/git/SHORT1752BD0D0A4D70420D0840A0D6234B748E28TSTEXC/short1752bd0d0a4d70420d0840a0d6234b748e28tstexc-localvcintstudent1.git took 11.42ms
    23:45:14.010 | 588 artemis-task-1   | DEBUG | d.t.c.a.a.p.s.l.VcsAccessLogService  : Storing access operation for user User{login='localvcintstudent1', firstName='localvcintstudent1First', lastName='localvcintstudent1Last', email='localvcintstudent1@test.de', imageUrl='null', activated='true', langKey='en', activationKey='null'}
    23:45:14.018 | 604 nio-49152-exec-3 | DEBUG | d.t.c.a.a.c.s.f.ApiVersionFilter     : Adding Version to Request GET /git/SHORT1752BD0D0A4D70420D0840A0D6234B748E28TSTEXC/short1752bd0d0a4d70420d0840a0d6234b748e28tstexc-localvcintstudent1.git/info/refs
    23:45:14.018 | 604 nio-49152-exec-3 | DEBUG | .t.c.a.a.p.s.l.LocalVCServletService : Path to resolve repository from: /tmp/SHORT1752BD0D0A4D70420D0840A0D6234B748E28TSTEXC/short1752bd0d0a4d70420d0840a0d6234b748e28tstexc-localvcintstudent1.git
    23:45:14.018 | 604 nio-49152-exec-3 | DEBUG | .t.c.a.a.p.s.l.LocalVCServletService : Retrieving cached local repository SHORT1752BD0D0A4D70420D0840A0D6234B748E28TSTEXC/short1752bd0d0a4d70420d0840a0d6234b748e28tstexc-localvcintstudent1.git
    23:45:14.018 | 604 nio-49152-exec-3 | DEBUG | .t.c.a.a.p.s.l.LocalVCServletService : Resolving repository for repository SHORT1752BD0D0A4D70420D0840A0D6234B748E28TSTEXC/short1752bd0d0a4d70420d0840a0d6234b748e28tstexc-localvcintstudent1.git took 29µs
    23:45:14.019 | 604 nio-49152-exec-3 | DEBUG | d.t.c.a.a.p.s.l.LocalVCFetchFilter   : Trying to fetch repository /git/SHORT1752BD0D0A4D70420D0840A0D6234B748E28TSTEXC/short1752bd0d0a4d70420d0840a0d6234b748e28tstexc-localvcintstudent1.git/info/refs
    23:45:14.034 | 604 nio-49152-exec-3 | DEBUG | .t.c.a.a.p.s.l.LocalVCServletService : Authorizing user localvcintstudent1 for repository http://localhost:49152/git/SHORT1752BD0D0A4D70420D0840A0D6234B748E28TSTEXC/short1752bd0d0a4d70420d0840a0d6234b748e28tstexc-localvcintstudent1.git took 15.07ms
    23:45:14.034 | 588 artemis-task-1   | DEBUG | d.t.c.a.a.p.s.l.VcsAccessLogService  : Storing access operation for user User{login='localvcintstudent1', firstName='localvcintstudent1First', lastName='localvcintstudent1Last', email='localvcintstudent1@test.de', imageUrl='null', activated='true', langKey='en', activationKey='null'}
    23:45:14.041 | 605 nio-49152-exec-4 | DEBUG | d.t.c.a.a.c.s.f.ApiVersionFilter     : Adding Version to Request GET /git/SHORT1752BD0D0A4D70420D0840A0D6234B748E28TSTEXC/short1752bd0d0a4d70420d0840a0d6234b748e28tstexc-localvcintstudent1.git/info/refs
    23:45:14.041 | 605 nio-49152-exec-4 | DEBUG | .t.c.a.a.p.s.l.LocalVCServletService : Path to resolve repository from: /tmp/SHORT1752BD0D0A4D70420D0840A0D6234B748E28TSTEXC/short1752bd0d0a4d70420d0840a0d6234b748e28tstexc-localvcintstudent1.git
    23:45:14.041 | 605 nio-49152-exec-4 | DEBUG | .t.c.a.a.p.s.l.LocalVCServletService : Retrieving cached local repository SHORT1752BD0D0A4D70420D0840A0D6234B748E28TSTEXC/short1752bd0d0a4d70420d0840a0d6234b748e28tstexc-localvcintstudent1.git
    23:45:14.041 | 605 nio-49152-exec-4 | DEBUG | .t.c.a.a.p.s.l.LocalVCServletService : Resolving repository for repository SHORT1752BD0D0A4D70420D0840A0D6234B748E28TSTEXC/short1752bd0d0a4d70420d0840a0d6234b748e28tstexc-localvcintstudent1.git took 26µs
    23:45:14.041 | 605 nio-49152-exec-4 | DEBUG | d.t.c.a.a.p.s.l.LocalVCFetchFilter   : Trying to fetch repository /git/SHORT1752BD0D0A4D70420D0840A0D6234B748E28TSTEXC/short1752bd0d0a4d70420d0840a0d6234b748e28tstexc-localvcintstudent1.git/info/refs
    23:45:14.054 | 605 nio-49152-exec-4 | DEBUG | .t.c.a.a.p.s.l.LocalVCServletService : Authorizing user localvcintstudent1 for repository http://localhost:49152/git/SHORT1752BD0D0A4D70420D0840A0D6234B748E28TSTEXC/short1752bd0d0a4d70420d0840a0d6234b748e28tstexc-localvcintstudent1.git took 13.10ms
    23:45:14.055 | 588 artemis-task-1   | DEBUG | d.t.c.a.a.p.s.l.VcsAccessLogService  : Storing access operation for user User{login='localvcintstudent1', firstName='localvcintstudent1First', lastName='localvcintstudent1Last', email='localvcintstudent1@test.de', imageUrl='null', activated='true', langKey='en', activationKey='null'}
    23:45:14.060 | 476 ool-1-worker-240 | DEBUG | PersonalAccessTokenManagementService : Generate secure vcs access token
    23:45:14.066 | 607 nio-49152-exec-6 | DEBUG | d.t.c.a.a.c.s.f.ApiVersionFilter     : Adding Version to Request GET /git/SHORT1752BD0D0A4D70420D0840A0D6234B748E28TSTEXC/short1752bd0d0a4d70420d0840a0d6234b748e28tstexc-localvcintstudent1.git/info/refs
    23:45:14.066 | 607 nio-49152-exec-6 | DEBUG | .t.c.a.a.p.s.l.LocalVCServletService : Path to resolve repository from: /tmp/SHORT1752BD0D0A4D70420D0840A0D6234B748E28TSTEXC/short1752bd0d0a4d70420d0840a0d6234b748e28tstexc-localvcintstudent1.git
    23:45:14.066 | 607 nio-49152-exec-6 | DEBUG | .t.c.a.a.p.s.l.LocalVCServletService : Retrieving cached local repository SHORT1752BD0D0A4D70420D0840A0D6234B748E28TSTEXC/short1752bd0d0a4d70420d0840a0d6234b748e28tstexc-localvcintstudent1.git
    23:45:14.066 | 607 nio-49152-exec-6 | DEBUG | .t.c.a.a.p.s.l.LocalVCServletService : Resolving repository for repository SHORT1752BD0D0A4D70420D0840A0D6234B748E28TSTEXC/short1752bd0d0a4d70420d0840a0d6234b748e28tstexc-localvcintstudent1.git took 26µs
    23:45:14.066 | 607 nio-49152-exec-6 | DEBUG | d.t.c.a.a.p.s.l.LocalVCFetchFilter   : Trying to fetch repository /git/SHORT1752BD0D0A4D70420D0840A0D6234B748E28TSTEXC/short1752bd0d0a4d70420d0840a0d6234b748e28tstexc-localvcintstudent1.git/info/refs
    23:45:14.074 | 607 nio-49152-exec-6 | DEBUG | t.c.a.a.c.s.DomainUserDetailsService : Authenticating localvcintstudent1
    23:45:14.077 | 607 nio-49152-exec-6 | DEBUG | t.c.a.a.c.s.DomainUserDetailsService : Authenticating localvcintstudent1
    23:45:14.083 | 607 nio-49152-exec-6 | WARN  | o.z.p.spring.common.AdviceTraits     : Unauthorized: Bad credentials
    23:45:14.085 | 588 artemis-task-1   | DEBUG | d.t.c.a.a.p.s.l.VcsAccessLogService  : Storing access operation for user User{login='localvcintstudent1', firstName='localvcintstudent1First', lastName='localvcintstudent1Last', email='localvcintstudent1@test.de', imageUrl='null', activated='true', langKey='en', activationKey='null'}
    23:45:14.089 | 607 nio-49152-exec-6 | DEBUG | d.t.c.a.a.c.s.f.ApiVersionFilter     : Adding Version to Request GET /git/SHORT1752BD0D0A4D70420D0840A0D6234B748E28TSTEXC/short1752bd0d0a4d70420d0840a0d6234b748e28tstexc-localvcintstudent1.git/info/refs
    23:45:14.089 | 607 nio-49152-exec-6 | DEBUG | .t.c.a.a.p.s.l.LocalVCServletService : Path to resolve repository from: /tmp/SHORT1752BD0D0A4D70420D0840A0D6234B748E28TSTEXC/short1752bd0d0a4d70420d0840a0d6234b748e28tstexc-localvcintstudent1.git
    23:45:14.089 | 607 nio-49152-exec-6 | DEBUG | .t.c.a.a.p.s.l.LocalVCServletService : Retrieving cached local repository SHORT1752BD0D0A4D70420D0840A0D6234B748E28TSTEXC/short1752bd0d0a4d70420d0840a0d6234b748e28tstexc-localvcintstudent1.git
    23:45:14.089 | 607 nio-49152-exec-6 | DEBUG | .t.c.a.a.p.s.l.LocalVCServletService : Resolving repository for repository SHORT1752BD0D0A4D70420D0840A0D6234B748E28TSTEXC/short1752bd0d0a4d70420d0840a0d6234b748e28tstexc-localvcintstudent1.git took 29µs
    23:45:14.089 | 607 nio-49152-exec-6 | DEBUG | d.t.c.a.a.p.s.l.LocalVCFetchFilter   : Trying to fetch repository /git/SHORT1752BD0D0A4D70420D0840A0D6234B748E28TSTEXC/short1752bd0d0a4d70420d0840a0d6234b748e28tstexc-localvcintstudent1.git/info/refs
    23:45:14.095 | 607 nio-49152-exec-6 | DEBUG | t.c.a.a.c.s.DomainUserDetailsService : Authenticating localvcintstudent1
    23:45:14.098 | 607 nio-49152-exec-6 | DEBUG | t.c.a.a.c.s.DomainUserDetailsService : Authenticating localvcintstudent1
    23:45:14.102 | 588 artemis-task-1   | DEBUG | d.t.c.a.a.p.s.l.VcsAccessLogService  : Storing access operation for user User{login='localvcintstudent1', firstName='localvcintstudent1First', lastName='localvcintstudent1Last', email='localvcintstudent1@test.de', imageUrl='null', activated='true', langKey='en', activationKey='null'}
    23:45:14.103 | 607 nio-49152-exec-6 | WARN  | o.z.p.spring.common.AdviceTraits     : Unauthorized: Bad credentials
    23:45:14.122 | 608 nio-49152-exec-7 | DEBUG | d.t.c.a.a.c.s.f.ApiVersionFilter     : Adding Version to Request GET /git/SHORT1752BD0D0A4D70420D0840A0D6234B748E28TSTEXC/short1752bd0d0a4d70420d0840a0d6234b748e28tstexc-localvcintstudent1.git/info/refs
    23:45:14.122 | 608 nio-49152-exec-7 | DEBUG | .t.c.a.a.p.s.l.LocalVCServletService : Path to resolve repository from: /tmp/SHORT1752BD0D0A4D70420D0840A0D6234B748E28TSTEXC/short1752bd0d0a4d70420d0840a0d6234b748e28tstexc-localvcintstudent1.git
    23:45:14.122 | 608 nio-49152-exec-7 | DEBUG | .t.c.a.a.p.s.l.LocalVCServletService : Retrieving cached local repository SHORT1752BD0D0A4D70420D0840A0D6234B748E28TSTEXC/short1752bd0d0a4d70420d0840a0d6234b748e28tstexc-localvcintstudent1.git
    23:45:14.122 | 608 nio-49152-exec-7 | DEBUG | .t.c.a.a.p.s.l.LocalVCServletService : Resolving repository for repository SHORT1752BD0D0A4D70420D0840A0D6234B748E28TSTEXC/short1752bd0d0a4d70420d0840a0d6234b748e28tstexc-localvcintstudent1.git took 25µs
    23:45:14.123 | 608 nio-49152-exec-7 | DEBUG | d.t.c.a.a.p.s.l.LocalVCFetchFilter   : Trying to fetch repository /git/SHORT1752BD0D0A4D70420D0840A0D6234B748E28TSTEXC/short1752bd0d0a4d70420d0840a0d6234b748e28tstexc-localvcintstudent1.git/info/refs
    23:45:14.143 | 608 nio-49152-exec-7 | DEBUG | t.c.a.a.c.s.DomainUserDetailsService : Authenticating localvcintstudent1
    23:45:14.145 | 608 nio-49152-exec-7 | DEBUG | t.c.a.a.c.s.DomainUserDetailsService : Authenticating localvcintstudent1
    23:45:14.158 | 608 nio-49152-exec-7 | WARN  | o.z.p.spring.common.AdviceTraits     : Unauthorized: Bad credentials
    23:45:14.175 | 609 nio-49152-exec-8 | DEBUG | d.t.c.a.a.c.s.f.ApiVersionFilter     : Adding Version to Request GET /git/SHORT1752BD0D0A4D70420D0840A0D6234B748E28TSTEXC/short1752bd0d0a4d70420d0840a0d6234b748e28tstexc-localvcintstudent1.git/info/refs
    23:45:14.175 | 609 nio-49152-exec-8 | DEBUG | .t.c.a.a.p.s.l.LocalVCServletService : Path to resolve repository from: /tmp/SHORT1752BD0D0A4D70420D0840A0D6234B748E28TSTEXC/short1752bd0d0a4d70420d0840a0d6234b748e28tstexc-localvcintstudent1.git
    23:45:14.175 | 609 nio-49152-exec-8 | DEBUG | .t.c.a.a.p.s.l.LocalVCServletService : Retrieving cached local repository SHORT1752BD0D0A4D70420D0840A0D6234B748E28TSTEXC/short1752bd0d0a4d70420d0840a0d6234b748e28tstexc-localvcintstudent1.git
    23:45:14.175 | 609 nio-49152-exec-8 | DEBUG | .t.c.a.a.p.s.l.LocalVCServletService : Resolving repository for repository SHORT1752BD0D0A4D70420D0840A0D6234B748E28TSTEXC/short1752bd0d0a4d70420d0840a0d6234b748e28tstexc-localvcintstudent1.git took 25µs
    23:45:14.175 | 609 nio-49152-exec-8 | DEBUG | d.t.c.a.a.p.s.l.LocalVCFetchFilter   : Trying to fetch repository /git/SHORT1752BD0D0A4D70420D0840A0D6234B748E28TSTEXC/short1752bd0d0a4d70420d0840a0d6234b748e28tstexc-localvcintstudent1.git/info/refs
    23:45:14.186 | 609 nio-49152-exec-8 | DEBUG | t.c.a.a.c.s.DomainUserDetailsService : Authenticating localvcintstudent1
    23:45:14.192 | 609 nio-49152-exec-8 | DEBUG | t.c.a.a.c.s.DomainUserDetailsService : Authenticating localvcintstudent1
    23:45:14.205 | 609 nio-49152-exec-8 | WARN  | o.z.p.spring.common.AdviceTraits     : Unauthorized: Bad credentials

Finished logs for LocalVCIntegrationTest
]]></system-out>
  <system-err><![CDATA[]]></system-err>
</testsuite>
