<?xml version="1.0" encoding="UTF-8"?>
<testsuite name="de.tum.cit.aet.artemis.core.service.AssessmentServiceTest" tests="9" skipped="0" failures="0" errors="0" timestamp="2025-02-14T23:45:35" hostname="fv-az1721-502" time="0.795">
  <properties/>
  <testcase name="testRatedAfterSubmitResultWithDueDateBeforeSubmissionDateOfResult()" classname="de.tum.cit.aet.artemis.core.service.AssessmentServiceTest" time="0.054"/>
  <testcase name="testIsAllowedToCreateOrOverrideResult_withExamDueDateNotPassed()" classname="de.tum.cit.aet.artemis.core.service.AssessmentServiceTest" time="0.093"/>
  <testcase name="testNotRatedAfterSubmitResultWithDueDateBeforeSubmissionDateOfResult()" classname="de.tum.cit.aet.artemis.core.service.AssessmentServiceTest" time="0.081"/>
  <testcase name="createModelingExerciseSubmissionAndCalculateScore()" classname="de.tum.cit.aet.artemis.core.service.AssessmentServiceTest" time="0.086"/>
  <testcase name="testRatedAfterSubmitResultWithDueDateEqualsSubmissionDateOfResult(boolean) [1] isDueDateIndividual=true" classname="de.tum.cit.aet.artemis.core.service.AssessmentServiceTest" time="0.136"/>
  <testcase name="testRatedAfterSubmitResultWithDueDateEqualsSubmissionDateOfResult(boolean) [2] isDueDateIndividual=false" classname="de.tum.cit.aet.artemis.core.service.AssessmentServiceTest" time="0.108"/>
  <testcase name="createFileUploadSubmissionAndCalculateScore()" classname="de.tum.cit.aet.artemis.core.service.AssessmentServiceTest" time="0.118"/>
  <testcase name="createTextExerciseSubmissionAndCalculateScore()" classname="de.tum.cit.aet.artemis.core.service.AssessmentServiceTest" time="0.057"/>
  <testcase name="testIsAllowedToCreateOrOverrideResult_withExamPublishResultDatePassed()" classname="de.tum.cit.aet.artemis.core.service.AssessmentServiceTest" time="0.039"/>
  <system-out><![CDATA[
Starting logs for AssessmentServiceTest

  Starting logs for AssessmentServiceTest > testRatedAfterSubmitResultWithDueDateBeforeSubmissionDateOfResult()
    23:45:35.957 | 342 ool-1-worker-106 | DEBUG | d.t.c.a.a.c.u.util.UserUtilService   : Generate 2 students...
    23:45:35.959 | 342 ool-1-worker-106 | DEBUG | d.t.c.a.a.c.u.util.UserUtilService   : 2 students generated. Generate 2 tutors...
    23:45:35.961 | 342 ool-1-worker-106 | DEBUG | d.t.c.a.a.c.u.util.UserUtilService   : 2 tutors generated. Generate 0 editors...
    23:45:35.963 | 342 ool-1-worker-106 | DEBUG | d.t.c.a.a.c.u.util.UserUtilService   : 0 editors generated. Generate 1 instructors...
    23:45:35.965 | 342 ool-1-worker-106 | DEBUG | d.t.c.a.a.c.u.util.UserUtilService   : 1 instructors generated
    23:45:35.966 | 342 ool-1-worker-106 | DEBUG | d.t.c.a.a.c.u.util.UserUtilService   : Removing 1 users from all courses...
    23:45:35.966 | 342 ool-1-worker-106 | DEBUG | d.t.c.a.a.c.u.util.UserUtilService   : Removing 1 users from all courses. Done
    23:45:35.966 | 342 ool-1-worker-106 | DEBUG | d.t.c.a.a.c.u.util.UserUtilService   : Save 5 users to database...
    23:45:35.969 | 342 ool-1-worker-106 | DEBUG | d.t.c.a.a.c.u.util.UserUtilService   : Save 5 users to database. Done
    23:45:35.970 | 342 ool-1-worker-106 | INFO  | i.z.t.d.l.EmbeddedDatabaseReporter   : JDBC URL to connect to 'dataSource': url='jdbc:h2:tcp://localhost:41063/mem:df70fc46-7e57-4cb5-9cd0-c1d90c14afa7;USER=sa', scope='AssessmentServiceTest#testRatedAfterSubmitResultWithDueDateBeforeSubmissionDateOfResult'
    23:45:35.988 | 342 ool-1-worker-106 | DEBUG | .c.s.m.InstanceMessageReceiveService : Received schedule participant score for exercise 1791 and participant 329 (result to be deleted: null)
    23:45:35.988 | 342 ool-1-worker-106 | DEBUG | .a.s.ParticipantScoreScheduleService : Scheduled task for exercise 1791 and participant 329 at 2025-02-14T23:45:36.088693364Z[Etc/UTC].
    23:45:35.997 | 342 ool-1-worker-106 | DEBUG | .c.s.m.InstanceMessageReceiveService : Received schedule participant score for exercise 1791 and participant 329 (result to be deleted: null)
    23:45:35.997 | 342 ool-1-worker-106 | DEBUG | .a.s.ParticipantScoreScheduleService : Scheduled task for exercise 1791 and participant 329 at 2025-02-14T23:45:36.097519425Z[Etc/UTC].

  Starting logs for AssessmentServiceTest > testIsAllowedToCreateOrOverrideResult_withExamDueDateNotPassed()
    23:45:36.018 | 342 ool-1-worker-106 | DEBUG | d.t.c.a.a.c.u.util.UserUtilService   : Generate 2 students...
    23:45:36.029 | 342 ool-1-worker-106 | DEBUG | d.t.c.a.a.c.u.util.UserUtilService   : 2 students generated. Generate 2 tutors...
    23:45:36.033 | 342 ool-1-worker-106 | DEBUG | d.t.c.a.a.c.u.util.UserUtilService   : 2 tutors generated. Generate 0 editors...
    23:45:36.036 | 342 ool-1-worker-106 | DEBUG | d.t.c.a.a.c.u.util.UserUtilService   : 0 editors generated. Generate 1 instructors...
    23:45:36.040 | 342 ool-1-worker-106 | DEBUG | d.t.c.a.a.c.u.util.UserUtilService   : 1 instructors generated
    23:45:36.043 | 342 ool-1-worker-106 | DEBUG | d.t.c.a.a.c.u.util.UserUtilService   : Removing 5 users from all courses...
    23:45:36.044 | 342 ool-1-worker-106 | DEBUG | d.t.c.a.a.c.u.util.UserUtilService   : Removing 5 users from all courses. Done
    23:45:36.044 | 342 ool-1-worker-106 | DEBUG | d.t.c.a.a.c.u.util.UserUtilService   : Save 5 users to database...
    23:45:36.065 | 342 ool-1-worker-106 | DEBUG | d.t.c.a.a.c.u.util.UserUtilService   : Save 5 users to database. Done
    23:45:36.068 | 342 ool-1-worker-106 | INFO  | i.z.t.d.l.EmbeddedDatabaseReporter   : JDBC URL to connect to 'dataSource': url='jdbc:h2:tcp://localhost:41063/mem:df70fc46-7e57-4cb5-9cd0-c1d90c14afa7;USER=sa', scope='AssessmentServiceTest#testIsAllowedToCreateOrOverrideResult_withExamDueDateNotPassed'

  Starting logs for AssessmentServiceTest > testNotRatedAfterSubmitResultWithDueDateBeforeSubmissionDateOfResult()
    23:45:36.110 | 342 ool-1-worker-106 | DEBUG | d.t.c.a.a.c.u.util.UserUtilService   : Generate 2 students...
    23:45:36.117 | 342 ool-1-worker-106 | DEBUG | d.t.c.a.a.c.u.util.UserUtilService   : 2 students generated. Generate 2 tutors...
    23:45:36.126 | 342 ool-1-worker-106 | DEBUG | d.t.c.a.a.c.u.util.UserUtilService   : 2 tutors generated. Generate 0 editors...
    23:45:36.127 | 342 ool-1-worker-106 | DEBUG | d.t.c.a.a.c.u.util.UserUtilService   : 0 editors generated. Generate 1 instructors...
    23:45:36.131 | 342 ool-1-worker-106 | DEBUG | d.t.c.a.a.c.u.util.UserUtilService   : 1 instructors generated
    23:45:36.133 | 342 ool-1-worker-106 | DEBUG | d.t.c.a.a.c.u.util.UserUtilService   : Removing 5 users from all courses...
    23:45:36.134 | 342 ool-1-worker-106 | DEBUG | d.t.c.a.a.c.u.util.UserUtilService   : Removing 5 users from all courses. Done
    23:45:36.134 | 342 ool-1-worker-106 | DEBUG | d.t.c.a.a.c.u.util.UserUtilService   : Save 5 users to database...
    23:45:36.138 | 342 ool-1-worker-106 | DEBUG | d.t.c.a.a.c.u.util.UserUtilService   : Save 5 users to database. Done
    23:45:36.139 | 342 ool-1-worker-106 | INFO  | i.z.t.d.l.EmbeddedDatabaseReporter   : JDBC URL to connect to 'dataSource': url='jdbc:h2:tcp://localhost:41063/mem:df70fc46-7e57-4cb5-9cd0-c1d90c14afa7;USER=sa', scope='AssessmentServiceTest#testNotRatedAfterSubmitResultWithDueDateBeforeSubmissionDateOfResult'
    23:45:36.156 | 342 ool-1-worker-106 | DEBUG | .c.s.m.InstanceMessageReceiveService : Received schedule participant score for exercise 1796 and participant 329 (result to be deleted: null)
    23:45:36.156 | 342 ool-1-worker-106 | DEBUG | .a.s.ParticipantScoreScheduleService : Scheduled task for exercise 1796 and participant 329 at 2025-02-14T23:45:36.256319097Z[Etc/UTC].
    23:45:36.168 | 342 ool-1-worker-106 | DEBUG | .c.s.m.InstanceMessageReceiveService : Received schedule participant score for exercise 1796 and participant 329 (result to be deleted: null)
    23:45:36.168 | 342 ool-1-worker-106 | DEBUG | .a.s.ParticipantScoreScheduleService : Scheduled task for exercise 1796 and participant 329 at 2025-02-14T23:45:36.268648970Z[Etc/UTC].

  Starting logs for AssessmentServiceTest > createModelingExerciseSubmissionAndCalculateScore()
    23:45:36.191 | 342 ool-1-worker-106 | DEBUG | d.t.c.a.a.c.u.util.UserUtilService   : Generate 2 students...
    23:45:36.198 | 342 ool-1-worker-106 | DEBUG | d.t.c.a.a.c.u.util.UserUtilService   : 2 students generated. Generate 2 tutors...
    23:45:36.208 | 342 ool-1-worker-106 | DEBUG | d.t.c.a.a.c.u.util.UserUtilService   : 2 tutors generated. Generate 0 editors...
    23:45:36.213 | 342 ool-1-worker-106 | DEBUG | d.t.c.a.a.c.u.util.UserUtilService   : 0 editors generated. Generate 1 instructors...
    23:45:36.217 | 342 ool-1-worker-106 | DEBUG | d.t.c.a.a.c.u.util.UserUtilService   : 1 instructors generated
    23:45:36.222 | 342 ool-1-worker-106 | DEBUG | d.t.c.a.a.c.u.util.UserUtilService   : Removing 5 users from all courses...
    23:45:36.223 | 342 ool-1-worker-106 | DEBUG | d.t.c.a.a.c.u.util.UserUtilService   : Removing 5 users from all courses. Done
    23:45:36.223 | 342 ool-1-worker-106 | DEBUG | d.t.c.a.a.c.u.util.UserUtilService   : Save 5 users to database...
    23:45:36.233 | 342 ool-1-worker-106 | DEBUG | d.t.c.a.a.c.u.util.UserUtilService   : Save 5 users to database. Done
    23:45:36.236 | 342 ool-1-worker-106 | INFO  | i.z.t.d.l.EmbeddedDatabaseReporter   : JDBC URL to connect to 'dataSource': url='jdbc:h2:tcp://localhost:41063/mem:df70fc46-7e57-4cb5-9cd0-c1d90c14afa7;USER=sa', scope='AssessmentServiceTest#createModelingExerciseSubmissionAndCalculateScore'
    23:45:36.253 | 342 ool-1-worker-106 | DEBUG | .c.s.m.InstanceMessageReceiveService : Received schedule participant score for exercise 1797 and participant 329 (result to be deleted: null)
    23:45:36.253 | 342 ool-1-worker-106 | DEBUG | .a.s.ParticipantScoreScheduleService : Scheduled task for exercise 1797 and participant 329 at 2025-02-14T23:45:36.353848714Z[Etc/UTC].
    23:45:36.261 | 342 ool-1-worker-106 | DEBUG | .c.s.m.InstanceMessageReceiveService : Received schedule participant score for exercise 1797 and participant 329 (result to be deleted: null)
    23:45:36.261 | 342 ool-1-worker-106 | DEBUG | .a.s.ParticipantScoreScheduleService : Scheduled task for exercise 1797 and participant 329 at 2025-02-14T23:45:36.361389638Z[Etc/UTC].

  Starting logs for AssessmentServiceTest > testRatedAfterSubmitResultWithDueDateEqualsSubmissionDateOfResult(boolean) [1] isDueDateIndividual=true
    23:45:36.277 | 342 ool-1-worker-106 | DEBUG | d.t.c.a.a.c.u.util.UserUtilService   : Generate 2 students...
    23:45:36.281 | 342 ool-1-worker-106 | DEBUG | d.t.c.a.a.c.u.util.UserUtilService   : 2 students generated. Generate 2 tutors...
    23:45:36.285 | 342 ool-1-worker-106 | DEBUG | d.t.c.a.a.c.u.util.UserUtilService   : 2 tutors generated. Generate 0 editors...
    23:45:36.287 | 342 ool-1-worker-106 | DEBUG | d.t.c.a.a.c.u.util.UserUtilService   : 0 editors generated. Generate 1 instructors...
    23:45:36.289 | 342 ool-1-worker-106 | DEBUG | d.t.c.a.a.c.u.util.UserUtilService   : 1 instructors generated
    23:45:36.295 | 342 ool-1-worker-106 | DEBUG | d.t.c.a.a.c.u.util.UserUtilService   : Removing 5 users from all courses...
    23:45:36.296 | 342 ool-1-worker-106 | DEBUG | d.t.c.a.a.c.u.util.UserUtilService   : Removing 5 users from all courses. Done
    23:45:36.296 | 342 ool-1-worker-106 | DEBUG | d.t.c.a.a.c.u.util.UserUtilService   : Save 5 users to database...
    23:45:36.307 | 342 ool-1-worker-106 | DEBUG | d.t.c.a.a.c.u.util.UserUtilService   : Save 5 users to database. Done
    23:45:36.310 | 342 ool-1-worker-106 | INFO  | i.z.t.d.l.EmbeddedDatabaseReporter   : JDBC URL to connect to 'dataSource': url='jdbc:h2:tcp://localhost:41063/mem:df70fc46-7e57-4cb5-9cd0-c1d90c14afa7;USER=sa', scope='AssessmentServiceTest#testRatedAfterSubmitResultWithDueDateEqualsSubmissionDateOfResult'
    23:45:36.367 | 342 ool-1-worker-106 | DEBUG | .c.s.m.InstanceMessageReceiveService : Received schedule participant score for exercise 1798 and participant 329 (result to be deleted: null)
    23:45:36.368 | 342 ool-1-worker-106 | DEBUG | .a.s.ParticipantScoreScheduleService : Scheduled task for exercise 1798 and participant 329 at 2025-02-14T23:45:36.468019718Z[Etc/UTC].
    23:45:36.384 | 342 ool-1-worker-106 | DEBUG | .c.s.m.InstanceMessageReceiveService : Received schedule participant score for exercise 1798 and participant 329 (result to be deleted: null)
    23:45:36.384 | 342 ool-1-worker-106 | DEBUG | .a.s.ParticipantScoreScheduleService : Scheduled task for exercise 1798 and participant 329 at 2025-02-14T23:45:36.484687936Z[Etc/UTC].

  Starting logs for AssessmentServiceTest > testRatedAfterSubmitResultWithDueDateEqualsSubmissionDateOfResult(boolean) [2] isDueDateIndividual=false
    23:45:36.428 | 342 ool-1-worker-106 | DEBUG | d.t.c.a.a.c.u.util.UserUtilService   : Generate 2 students...
    23:45:36.438 | 342 ool-1-worker-106 | DEBUG | d.t.c.a.a.c.u.util.UserUtilService   : 2 students generated. Generate 2 tutors...
    23:45:36.443 | 342 ool-1-worker-106 | DEBUG | d.t.c.a.a.c.u.util.UserUtilService   : 2 tutors generated. Generate 0 editors...
    23:45:36.444 | 342 ool-1-worker-106 | DEBUG | d.t.c.a.a.c.u.util.UserUtilService   : 0 editors generated. Generate 1 instructors...
    23:45:36.447 | 342 ool-1-worker-106 | DEBUG | d.t.c.a.a.c.u.util.UserUtilService   : 1 instructors generated
    23:45:36.449 | 342 ool-1-worker-106 | DEBUG | d.t.c.a.a.c.u.util.UserUtilService   : Removing 5 users from all courses...
    23:45:36.450 | 342 ool-1-worker-106 | DEBUG | d.t.c.a.a.c.u.util.UserUtilService   : Removing 5 users from all courses. Done
    23:45:36.450 | 342 ool-1-worker-106 | DEBUG | d.t.c.a.a.c.u.util.UserUtilService   : Save 5 users to database...
    23:45:36.454 | 342 ool-1-worker-106 | DEBUG | d.t.c.a.a.c.u.util.UserUtilService   : Save 5 users to database. Done
    23:45:36.455 | 342 ool-1-worker-106 | INFO  | i.z.t.d.l.EmbeddedDatabaseReporter   : JDBC URL to connect to 'dataSource': url='jdbc:h2:tcp://localhost:41063/mem:df70fc46-7e57-4cb5-9cd0-c1d90c14afa7;USER=sa', scope='AssessmentServiceTest#testRatedAfterSubmitResultWithDueDateEqualsSubmissionDateOfResult'
    23:45:36.493 | 342 ool-1-worker-106 | DEBUG | .c.s.m.InstanceMessageReceiveService : Received schedule participant score for exercise 1799 and participant 329 (result to be deleted: null)
    23:45:36.494 | 342 ool-1-worker-106 | DEBUG | .a.s.ParticipantScoreScheduleService : Scheduled task for exercise 1799 and participant 329 at 2025-02-14T23:45:36.594010107Z[Etc/UTC].
    23:45:36.511 | 342 ool-1-worker-106 | DEBUG | .c.s.m.InstanceMessageReceiveService : Received schedule participant score for exercise 1799 and participant 329 (result to be deleted: null)
    23:45:36.512 | 342 ool-1-worker-106 | DEBUG | .a.s.ParticipantScoreScheduleService : Scheduled task for exercise 1799 and participant 329 at 2025-02-14T23:45:36.612021098Z[Etc/UTC].

  Starting logs for AssessmentServiceTest > createFileUploadSubmissionAndCalculateScore()
    23:45:36.542 | 342 ool-1-worker-106 | DEBUG | d.t.c.a.a.c.u.util.UserUtilService   : Generate 2 students...
    23:45:36.549 | 342 ool-1-worker-106 | DEBUG | d.t.c.a.a.c.u.util.UserUtilService   : 2 students generated. Generate 2 tutors...
    23:45:36.558 | 342 ool-1-worker-106 | DEBUG | d.t.c.a.a.c.u.util.UserUtilService   : 2 tutors generated. Generate 0 editors...
    23:45:36.559 | 342 ool-1-worker-106 | DEBUG | d.t.c.a.a.c.u.util.UserUtilService   : 0 editors generated. Generate 1 instructors...
    23:45:36.565 | 342 ool-1-worker-106 | DEBUG | d.t.c.a.a.c.u.util.UserUtilService   : 1 instructors generated
    23:45:36.566 | 342 ool-1-worker-106 | DEBUG | d.t.c.a.a.c.u.util.UserUtilService   : Removing 5 users from all courses...
    23:45:36.567 | 342 ool-1-worker-106 | DEBUG | d.t.c.a.a.c.u.util.UserUtilService   : Removing 5 users from all courses. Done
    23:45:36.567 | 342 ool-1-worker-106 | DEBUG | d.t.c.a.a.c.u.util.UserUtilService   : Save 5 users to database...
    23:45:36.579 | 342 ool-1-worker-106 | DEBUG | d.t.c.a.a.c.u.util.UserUtilService   : Save 5 users to database. Done
    23:45:36.582 | 342 ool-1-worker-106 | INFO  | i.z.t.d.l.EmbeddedDatabaseReporter   : JDBC URL to connect to 'dataSource': url='jdbc:h2:tcp://localhost:41063/mem:df70fc46-7e57-4cb5-9cd0-c1d90c14afa7;USER=sa', scope='AssessmentServiceTest#createFileUploadSubmissionAndCalculateScore'
    23:45:36.616 | 342 ool-1-worker-106 | DEBUG | .c.s.m.InstanceMessageReceiveService : Received schedule participant score for exercise 1800 and participant 329 (result to be deleted: null)
    23:45:36.616 | 342 ool-1-worker-106 | DEBUG | .a.s.ParticipantScoreScheduleService : Scheduled task for exercise 1800 and participant 329 at 2025-02-14T23:45:36.716931972Z[Etc/UTC].
    23:45:36.631 | 342 ool-1-worker-106 | DEBUG | .c.s.m.InstanceMessageReceiveService : Received schedule participant score for exercise 1800 and participant 329 (result to be deleted: null)
    23:45:36.631 | 342 ool-1-worker-106 | DEBUG | .a.s.ParticipantScoreScheduleService : Scheduled task for exercise 1800 and participant 329 at 2025-02-14T23:45:36.731633271Z[Etc/UTC].

  Starting logs for AssessmentServiceTest > createTextExerciseSubmissionAndCalculateScore()
    23:45:36.653 | 342 ool-1-worker-106 | DEBUG | d.t.c.a.a.c.u.util.UserUtilService   : Generate 2 students...
    23:45:36.656 | 342 ool-1-worker-106 | DEBUG | d.t.c.a.a.c.u.util.UserUtilService   : 2 students generated. Generate 2 tutors...
    23:45:36.660 | 342 ool-1-worker-106 | DEBUG | d.t.c.a.a.c.u.util.UserUtilService   : 2 tutors generated. Generate 0 editors...
    23:45:36.661 | 342 ool-1-worker-106 | DEBUG | d.t.c.a.a.c.u.util.UserUtilService   : 0 editors generated. Generate 1 instructors...
    23:45:36.664 | 342 ool-1-worker-106 | DEBUG | d.t.c.a.a.c.u.util.UserUtilService   : 1 instructors generated
    23:45:36.666 | 342 ool-1-worker-106 | DEBUG | d.t.c.a.a.c.u.util.UserUtilService   : Removing 5 users from all courses...
    23:45:36.667 | 342 ool-1-worker-106 | DEBUG | d.t.c.a.a.c.u.util.UserUtilService   : Removing 5 users from all courses. Done
    23:45:36.667 | 342 ool-1-worker-106 | DEBUG | d.t.c.a.a.c.u.util.UserUtilService   : Save 5 users to database...
    23:45:36.671 | 342 ool-1-worker-106 | DEBUG | d.t.c.a.a.c.u.util.UserUtilService   : Save 5 users to database. Done
    23:45:36.672 | 342 ool-1-worker-106 | INFO  | i.z.t.d.l.EmbeddedDatabaseReporter   : JDBC URL to connect to 'dataSource': url='jdbc:h2:tcp://localhost:41063/mem:df70fc46-7e57-4cb5-9cd0-c1d90c14afa7;USER=sa', scope='AssessmentServiceTest#createTextExerciseSubmissionAndCalculateScore'
    23:45:36.689 | 342 ool-1-worker-106 | DEBUG | .c.s.m.InstanceMessageReceiveService : Received schedule participant score for exercise 1801 and participant 329 (result to be deleted: null)
    23:45:36.689 | 342 ool-1-worker-106 | DEBUG | .a.s.ParticipantScoreScheduleService : Scheduled task for exercise 1801 and participant 329 at 2025-02-14T23:45:36.789360415Z[Etc/UTC].
    23:45:36.697 | 342 ool-1-worker-106 | DEBUG | .c.s.m.InstanceMessageReceiveService : Received schedule participant score for exercise 1801 and participant 329 (result to be deleted: null)
    23:45:36.697 | 342 ool-1-worker-106 | DEBUG | .a.s.ParticipantScoreScheduleService : Scheduled task for exercise 1801 and participant 329 at 2025-02-14T23:45:36.797420247Z[Etc/UTC].

  Starting logs for AssessmentServiceTest > testIsAllowedToCreateOrOverrideResult_withExamPublishResultDatePassed()
    23:45:36.712 | 342 ool-1-worker-106 | DEBUG | d.t.c.a.a.c.u.util.UserUtilService   : Generate 2 students...
    23:45:36.716 | 342 ool-1-worker-106 | DEBUG | d.t.c.a.a.c.u.util.UserUtilService   : 2 students generated. Generate 2 tutors...
    23:45:36.720 | 342 ool-1-worker-106 | DEBUG | d.t.c.a.a.c.u.util.UserUtilService   : 2 tutors generated. Generate 0 editors...
    23:45:36.721 | 342 ool-1-worker-106 | DEBUG | d.t.c.a.a.c.u.util.UserUtilService   : 0 editors generated. Generate 1 instructors...
    23:45:36.724 | 342 ool-1-worker-106 | DEBUG | d.t.c.a.a.c.u.util.UserUtilService   : 1 instructors generated
    23:45:36.726 | 342 ool-1-worker-106 | DEBUG | d.t.c.a.a.c.u.util.UserUtilService   : Removing 5 users from all courses...
    23:45:36.727 | 342 ool-1-worker-106 | DEBUG | d.t.c.a.a.c.u.util.UserUtilService   : Removing 5 users from all courses. Done
    23:45:36.727 | 342 ool-1-worker-106 | DEBUG | d.t.c.a.a.c.u.util.UserUtilService   : Save 5 users to database...
    23:45:36.730 | 342 ool-1-worker-106 | DEBUG | d.t.c.a.a.c.u.util.UserUtilService   : Save 5 users to database. Done
    23:45:36.731 | 342 ool-1-worker-106 | INFO  | i.z.t.d.l.EmbeddedDatabaseReporter   : JDBC URL to connect to 'dataSource': url='jdbc:h2:tcp://localhost:41063/mem:df70fc46-7e57-4cb5-9cd0-c1d90c14afa7;USER=sa', scope='AssessmentServiceTest#testIsAllowedToCreateOrOverrideResult_withExamPublishResultDatePassed'

Finished logs for AssessmentServiceTest
]]></system-out>
  <system-err><![CDATA[]]></system-err>
</testsuite>
