<?xml version="1.0" encoding="UTF-8"?>
<testsuite name="de.tum.cit.aet.artemis.communication.notification.SingleUserNotificationFactoryTest" tests="13" skipped="0" failures="0" errors="0" timestamp="2025-02-14T23:39:28" hostname="fv-az1721-502" time="0.269">
  <properties/>
  <testcase name="createNotification_withNotificationType_DataExportCreated()" classname="de.tum.cit.aet.artemis.communication.notification.SingleUserNotificationFactoryTest" time="0.02"/>
  <testcase name="createNotification_withNotificationType_FileSubmitSuccessful()" classname="de.tum.cit.aet.artemis.communication.notification.SingleUserNotificationFactoryTest" time="0.022"/>
  <testcase name="createNotification_withNotificationType_PlagiarismCaseVerdictStudent()" classname="de.tum.cit.aet.artemis.communication.notification.SingleUserNotificationFactoryTest" time="0.01"/>
  <testcase name="createNotification_withNotificationType_DataExportFailed()" classname="de.tum.cit.aet.artemis.communication.notification.SingleUserNotificationFactoryTest" time="0.009"/>
  <testcase name="createNotification_withNotificationType_NewPlagiarismCaseStudent()" classname="de.tum.cit.aet.artemis.communication.notification.SingleUserNotificationFactoryTest" time="0.008"/>
  <testcase name="createNotification_withNotificationType_()" classname="de.tum.cit.aet.artemis.communication.notification.SingleUserNotificationFactoryTest" time="0.009"/>
  <testcase name="[1] notificationType=TUTORIAL_GROUP_REGISTRATION_STUDENT, expectedTitle=artemisApp.singleUserNotification.title.tutorialGroupRegistrationStudent, expectedText=artemisApp.singleUserNotification.text.tutorialGroupRegistrationStudent, expectedPlaceholderValues=[&quot;course title&quot;,&quot;tutorial group title&quot;,&quot;John Doe&quot;], responsibleUser=User{login='null', firstName='John', lastName='Doe', email='null', imageUrl='null', activated='false', langKey='null', activationKey='null'}, isManagement=false, isDetailPage=true" classname="de.tum.cit.aet.artemis.communication.notification.SingleUserNotificationFactoryTest" time="0.083"/>
  <testcase name="[2] notificationType=TUTORIAL_GROUP_DEREGISTRATION_STUDENT, expectedTitle=artemisApp.singleUserNotification.title.tutorialGroupDeregistrationStudent, expectedText=artemisApp.singleUserNotification.text.tutorialGroupDeregistrationStudent, expectedPlaceholderValues=[&quot;course title&quot;,&quot;tutorial group title&quot;,&quot;John Doe&quot;], responsibleUser=User{login='null', firstName='John', lastName='Doe', email='null', imageUrl='null', activated='false', langKey='null', activationKey='null'}, isManagement=false, isDetailPage=true" classname="de.tum.cit.aet.artemis.communication.notification.SingleUserNotificationFactoryTest" time="0.011"/>
  <testcase name="[3] notificationType=TUTORIAL_GROUP_REGISTRATION_TUTOR, expectedTitle=artemisApp.singleUserNotification.title.tutorialGroupRegistrationTutor, expectedText=artemisApp.singleUserNotification.text.tutorialGroupRegistrationTutor, expectedPlaceholderValues=[&quot;course title&quot;,&quot;Jane Doe&quot;,&quot;tutorial group title&quot;,&quot;John Smith&quot;], responsibleUser=User{login='null', firstName='John', lastName='Smith', email='null', imageUrl='null', activated='false', langKey='null', activationKey='null'}, isManagement=true, isDetailPage=true" classname="de.tum.cit.aet.artemis.communication.notification.SingleUserNotificationFactoryTest" time="0.008"/>
  <testcase name="[4] notificationType=TUTORIAL_GROUP_DEREGISTRATION_TUTOR, expectedTitle=artemisApp.singleUserNotification.title.tutorialGroupDeregistrationTutor, expectedText=artemisApp.singleUserNotification.text.tutorialGroupDeregistrationTutor, expectedPlaceholderValues=[&quot;course title&quot;,&quot;Jane Doe&quot;,&quot;tutorial group title&quot;,&quot;John Smith&quot;], responsibleUser=User{login='null', firstName='John', lastName='Smith', email='null', imageUrl='null', activated='false', langKey='null', activationKey='null'}, isManagement=true, isDetailPage=true" classname="de.tum.cit.aet.artemis.communication.notification.SingleUserNotificationFactoryTest" time="0.01"/>
  <testcase name="[5] notificationType=TUTORIAL_GROUP_MULTIPLE_REGISTRATION_TUTOR, expectedTitle=artemisApp.singleUserNotification.title.tutorialGroupMultipleRegistrationTutor, expectedText=artemisApp.singleUserNotification.text.tutorialGroupRegistrationMultipleTutor, expectedPlaceholderValues=[&quot;course title&quot;,&quot;1&quot;,&quot;tutorial group title&quot;,&quot;John Smith&quot;], responsibleUser=User{login='null', firstName='John', lastName='Smith', email='null', imageUrl='null', activated='false', langKey='null', activationKey='null'}, isManagement=true, isDetailPage=true" classname="de.tum.cit.aet.artemis.communication.notification.SingleUserNotificationFactoryTest" time="0.011"/>
  <testcase name="[6] notificationType=TUTORIAL_GROUP_ASSIGNED, expectedTitle=artemisApp.singleUserNotification.title.tutorialGroupAssigned, expectedText=artemisApp.singleUserNotification.text.tutorialGroupAssigned, expectedPlaceholderValues=[&quot;course title&quot;,&quot;tutorial group title&quot;,&quot;John Smith&quot;], responsibleUser=User{login='null', firstName='John', lastName='Smith', email='null', imageUrl='null', activated='false', langKey='null', activationKey='null'}, isManagement=true, isDetailPage=true" classname="de.tum.cit.aet.artemis.communication.notification.SingleUserNotificationFactoryTest" time="0.01"/>
  <testcase name="[7] notificationType=TUTORIAL_GROUP_UNASSIGNED, expectedTitle=artemisApp.singleUserNotification.title.tutorialGroupUnassigned, expectedText=artemisApp.singleUserNotification.text.tutorialGroupUnassigned, expectedPlaceholderValues=[&quot;course title&quot;,&quot;tutorial group title&quot;,&quot;John Smith&quot;], responsibleUser=User{login='null', firstName='John', lastName='Smith', email='null', imageUrl='null', activated='false', langKey='null', activationKey='null'}, isManagement=true, isDetailPage=true" classname="de.tum.cit.aet.artemis.communication.notification.SingleUserNotificationFactoryTest" time="0.006"/>
  <system-out><![CDATA[
Starting logs for SingleUserNotificationFactoryTest

  Starting logs for SingleUserNotificationFactoryTest > createNotification_withNotificationType_DataExportCreated()

  Starting logs for SingleUserNotificationFactoryTest > createNotification_withNotificationType_FileSubmitSuccessful()

  Starting logs for SingleUserNotificationFactoryTest > createNotification_withNotificationType_PlagiarismCaseVerdictStudent()

  Starting logs for SingleUserNotificationFactoryTest > createNotification_withNotificationType_DataExportFailed()

  Starting logs for SingleUserNotificationFactoryTest > createNotification_withNotificationType_NewPlagiarismCaseStudent()

  Starting logs for SingleUserNotificationFactoryTest > createNotification_withNotificationType_()

  Starting logs for SingleUserNotificationFactoryTest > [1] notificationType=TUTORIAL_GROUP_REGISTRATION_STUDENT, expectedTitle=artemisApp.singleUserNotification.title.tutorialGroupRegistrationStudent, expectedText=artemisApp.singleUserNotification.text.tutorialGroupRegistrationStudent, expectedPlaceholderValues=["course title","tutorial group title","John Doe"], responsibleUser=User{login='null', firstName='John', lastName='Doe', email='null', imageUrl='null', activated='false', langKey='null', activationKey='null'}, isManagement=false, isDetailPage=true

  Starting logs for SingleUserNotificationFactoryTest > [2] notificationType=TUTORIAL_GROUP_DEREGISTRATION_STUDENT, expectedTitle=artemisApp.singleUserNotification.title.tutorialGroupDeregistrationStudent, expectedText=artemisApp.singleUserNotification.text.tutorialGroupDeregistrationStudent, expectedPlaceholderValues=["course title","tutorial group title","John Doe"], responsibleUser=User{login='null', firstName='John', lastName='Doe', email='null', imageUrl='null', activated='false', langKey='null', activationKey='null'}, isManagement=false, isDetailPage=true

  Starting logs for SingleUserNotificationFactoryTest > [3] notificationType=TUTORIAL_GROUP_REGISTRATION_TUTOR, expectedTitle=artemisApp.singleUserNotification.title.tutorialGroupRegistrationTutor, expectedText=artemisApp.singleUserNotification.text.tutorialGroupRegistrationTutor, expectedPlaceholderValues=["course title","Jane Doe","tutorial group title","John Smith"], responsibleUser=User{login='null', firstName='John', lastName='Smith', email='null', imageUrl='null', activated='false', langKey='null', activationKey='null'}, isManagement=true, isDetailPage=true

  Starting logs for SingleUserNotificationFactoryTest > [4] notificationType=TUTORIAL_GROUP_DEREGISTRATION_TUTOR, expectedTitle=artemisApp.singleUserNotification.title.tutorialGroupDeregistrationTutor, expectedText=artemisApp.singleUserNotification.text.tutorialGroupDeregistrationTutor, expectedPlaceholderValues=["course title","Jane Doe","tutorial group title","John Smith"], responsibleUser=User{login='null', firstName='John', lastName='Smith', email='null', imageUrl='null', activated='false', langKey='null', activationKey='null'}, isManagement=true, isDetailPage=true

  Starting logs for SingleUserNotificationFactoryTest > [5] notificationType=TUTORIAL_GROUP_MULTIPLE_REGISTRATION_TUTOR, expectedTitle=artemisApp.singleUserNotification.title.tutorialGroupMultipleRegistrationTutor, expectedText=artemisApp.singleUserNotification.text.tutorialGroupRegistrationMultipleTutor, expectedPlaceholderValues=["course title","1","tutorial group title","John Smith"], responsibleUser=User{login='null', firstName='John', lastName='Smith', email='null', imageUrl='null', activated='false', langKey='null', activationKey='null'}, isManagement=true, isDetailPage=true

  Starting logs for SingleUserNotificationFactoryTest > [6] notificationType=TUTORIAL_GROUP_ASSIGNED, expectedTitle=artemisApp.singleUserNotification.title.tutorialGroupAssigned, expectedText=artemisApp.singleUserNotification.text.tutorialGroupAssigned, expectedPlaceholderValues=["course title","tutorial group title","John Smith"], responsibleUser=User{login='null', firstName='John', lastName='Smith', email='null', imageUrl='null', activated='false', langKey='null', activationKey='null'}, isManagement=true, isDetailPage=true

  Starting logs for SingleUserNotificationFactoryTest > [7] notificationType=TUTORIAL_GROUP_UNASSIGNED, expectedTitle=artemisApp.singleUserNotification.title.tutorialGroupUnassigned, expectedText=artemisApp.singleUserNotification.text.tutorialGroupUnassigned, expectedPlaceholderValues=["course title","tutorial group title","John Smith"], responsibleUser=User{login='null', firstName='John', lastName='Smith', email='null', imageUrl='null', activated='false', langKey='null', activationKey='null'}, isManagement=true, isDetailPage=true

Finished logs for SingleUserNotificationFactoryTest
]]></system-out>
  <system-err><![CDATA[]]></system-err>
</testsuite>
