<?xml version="1.0" encoding="UTF-8"?>
<testsuite name="de.tum.cit.aet.artemis.plagiarism.PlagiarismPostIntegrationTest" tests="33" skipped="0" failures="0" errors="0" timestamp="2025-02-14T23:44:37" hostname="fv-az1721-502" time="5.059">
  <properties/>
  <testcase name="[1] userMention=no mention, isUserMentionValid=true" classname="de.tum.cit.aet.artemis.plagiarism.PlagiarismPostIntegrationTest" time="0.147"/>
  <testcase name="[2] userMention=[user]postintegrationstudent1First postintegrationstudent1Last(postintegrationstudent1)[/user], isUserMentionValid=true" classname="de.tum.cit.aet.artemis.plagiarism.PlagiarismPostIntegrationTest" time="0.28"/>
  <testcase name="[3] userMention=[user](postintegrationstudent1)[/user], isUserMentionValid=false" classname="de.tum.cit.aet.artemis.plagiarism.PlagiarismPostIntegrationTest" time="0.137"/>
  <testcase name="[4] userMention=[user]postintegrationstudent1First postintegrationstudent1Last()[/user], isUserMentionValid=false" classname="de.tum.cit.aet.artemis.plagiarism.PlagiarismPostIntegrationTest" time="0.148"/>
  <testcase name="[5] userMention=[user]postintegrationstudent1First postintegrationstudent1Last[/user], isUserMentionValid=false" classname="de.tum.cit.aet.artemis.plagiarism.PlagiarismPostIntegrationTest" time="0.108"/>
  <testcase name="[6] userMention=[user]postintegrationstudent2First postintegrationstudent2Last(postintegrationstudent2)[/user][user]postintegrationstudent1First postintegrationstudent1Last(postintegrationstudent1)[/user], isUserMentionValid=true" classname="de.tum.cit.aet.artemis.plagiarism.PlagiarismPostIntegrationTest" time="0.195"/>
  <testcase name="[7] userMention=[user]invalidName(postintegrationstudent1)[/user], isUserMentionValid=false" classname="de.tum.cit.aet.artemis.plagiarism.PlagiarismPostIntegrationTest" time="0.108"/>
  <testcase name="[8] userMention=[user]noCourseMemberFirst noCourseMemberLast(nocoursemember)[/user], isUserMentionValid=false" classname="de.tum.cit.aet.artemis.plagiarism.PlagiarismPostIntegrationTest" time="0.174"/>
  <testcase name="[9] userMention=[user]invalidName[user]postintegrationstudent1First postintegrationstudent1Last(postintegrationstudent1)[/user](invalid)[/user], isUserMentionValid=true" classname="de.tum.cit.aet.artemis.plagiarism.PlagiarismPostIntegrationTest" time="0.143"/>
  <testcase name="testGetPostsForCourse_WithPlagiarismCaseIdRequestParam_asStudent()" classname="de.tum.cit.aet.artemis.plagiarism.PlagiarismPostIntegrationTest" time="0.108"/>
  <testcase name="testGetPostsForCourse_WithPlagiarismCaseIdRequestParam_asInstructor()" classname="de.tum.cit.aet.artemis.plagiarism.PlagiarismPostIntegrationTest" time="0.192"/>
  <testcase name="testDeleteNonExistentPosts_asTutor_notFound()" classname="de.tum.cit.aet.artemis.plagiarism.PlagiarismPostIntegrationTest" time="0.133"/>
  <testcase name="testPostingNotAllowedIfDisabledSetting()" classname="de.tum.cit.aet.artemis.plagiarism.PlagiarismPostIntegrationTest" time="0.125"/>
  <testcase name="testEditPost_asStudent_forbidden()" classname="de.tum.cit.aet.artemis.plagiarism.PlagiarismPostIntegrationTest" time="0.124"/>
  <testcase name="testCreatePlagiarismPost()" classname="de.tum.cit.aet.artemis.plagiarism.PlagiarismPostIntegrationTest" time="0.131"/>
  <testcase name="[1] userMention=no mention, isUserMentionValid=true" classname="de.tum.cit.aet.artemis.plagiarism.PlagiarismPostIntegrationTest" time="0.124"/>
  <testcase name="[2] userMention=[user]postintegrationstudent1First postintegrationstudent1Last(postintegrationstudent1)[/user], isUserMentionValid=true" classname="de.tum.cit.aet.artemis.plagiarism.PlagiarismPostIntegrationTest" time="0.244"/>
  <testcase name="[3] userMention=[user](postintegrationstudent1)[/user], isUserMentionValid=false" classname="de.tum.cit.aet.artemis.plagiarism.PlagiarismPostIntegrationTest" time="0.112"/>
  <testcase name="[4] userMention=[user]postintegrationstudent1First postintegrationstudent1Last()[/user], isUserMentionValid=false" classname="de.tum.cit.aet.artemis.plagiarism.PlagiarismPostIntegrationTest" time="0.127"/>
  <testcase name="[5] userMention=[user]postintegrationstudent1First postintegrationstudent1Last[/user], isUserMentionValid=false" classname="de.tum.cit.aet.artemis.plagiarism.PlagiarismPostIntegrationTest" time="0.12"/>
  <testcase name="[6] userMention=[user]postintegrationstudent2First postintegrationstudent2Last(postintegrationstudent2)[/user][user]postintegrationstudent1First postintegrationstudent1Last(postintegrationstudent1)[/user], isUserMentionValid=true" classname="de.tum.cit.aet.artemis.plagiarism.PlagiarismPostIntegrationTest" time="0.138"/>
  <testcase name="[7] userMention=[user]invalidName(postintegrationstudent1)[/user], isUserMentionValid=false" classname="de.tum.cit.aet.artemis.plagiarism.PlagiarismPostIntegrationTest" time="0.139"/>
  <testcase name="[8] userMention=[user]noCourseMemberFirst noCourseMemberLast(nocoursemember)[/user], isUserMentionValid=false" classname="de.tum.cit.aet.artemis.plagiarism.PlagiarismPostIntegrationTest" time="0.15"/>
  <testcase name="[9] userMention=[user]invalidName[user]postintegrationstudent1First postintegrationstudent1Last(postintegrationstudent1)[/user](invalid)[/user], isUserMentionValid=true" classname="de.tum.cit.aet.artemis.plagiarism.PlagiarismPostIntegrationTest" time="0.159"/>
  <testcase name="testEditPostWithIdIsNull_badRequest()" classname="de.tum.cit.aet.artemis.plagiarism.PlagiarismPostIntegrationTest" time="0.116"/>
  <testcase name="testEditPost_asTutor()" classname="de.tum.cit.aet.artemis.plagiarism.PlagiarismPostIntegrationTest" time="0.134"/>
  <testcase name="testCreatePostWithoutPlagiarismCase_badRequest()" classname="de.tum.cit.aet.artemis.plagiarism.PlagiarismPostIntegrationTest" time="0.106"/>
  <testcase name="testDeletePost_asTutor_forbidden()" classname="de.tum.cit.aet.artemis.plagiarism.PlagiarismPostIntegrationTest" time="0.122"/>
  <testcase name="testGetPostsForCourse_WithPlagiarismCaseIdRequestParam_asStudent_Forbidden()" classname="de.tum.cit.aet.artemis.plagiarism.PlagiarismPostIntegrationTest" time="0.135"/>
  <testcase name="testGetPostsForCourse_WithInvalidRequestParams_badRequest()" classname="de.tum.cit.aet.artemis.plagiarism.PlagiarismPostIntegrationTest" time="0.112"/>
  <testcase name="testDeletePost_asInstructor()" classname="de.tum.cit.aet.artemis.plagiarism.PlagiarismPostIntegrationTest" time="0.118"/>
  <testcase name="testCreateExistingPost_badRequest()" classname="de.tum.cit.aet.artemis.plagiarism.PlagiarismPostIntegrationTest" time="0.459"/>
  <testcase name="testValidatePostContextConstraintViolation()" classname="de.tum.cit.aet.artemis.plagiarism.PlagiarismPostIntegrationTest" time="0.118"/>
  <system-out><![CDATA[
Starting logs for PlagiarismPostIntegrationTest

  Starting logs for PlagiarismPostIntegrationTest > [1] userMention=no mention, isUserMentionValid=true
    23:44:37.983 | 437 ool-1-worker-201 | DEBUG | d.t.c.a.a.c.u.util.UserUtilService   : Generate 5 students...
    23:44:37.987 | 437 ool-1-worker-201 | DEBUG | d.t.c.a.a.c.u.util.UserUtilService   : 5 students generated. Generate 5 tutors...
    23:44:37.990 | 437 ool-1-worker-201 | DEBUG | d.t.c.a.a.c.u.util.UserUtilService   : 5 tutors generated. Generate 4 editors...
    23:44:37.993 | 437 ool-1-worker-201 | DEBUG | d.t.c.a.a.c.u.util.UserUtilService   : 4 editors generated. Generate 4 instructors...
    23:44:37.996 | 437 ool-1-worker-201 | DEBUG | d.t.c.a.a.c.u.util.UserUtilService   : 4 instructors generated
    23:44:37.998 | 437 ool-1-worker-201 | DEBUG | d.t.c.a.a.c.u.util.UserUtilService   : Removing 5 users from all courses...
    23:44:37.998 | 437 ool-1-worker-201 | DEBUG | d.t.c.a.a.c.u.util.UserUtilService   : Removing 5 users from all courses. Done
    23:44:37.998 | 437 ool-1-worker-201 | DEBUG | d.t.c.a.a.c.u.util.UserUtilService   : Save 18 users to database...
    23:44:38.006 | 437 ool-1-worker-201 | DEBUG | d.t.c.a.a.c.u.util.UserUtilService   : Save 18 users to database. Done
    23:44:38.059 | 437 ool-1-worker-201 | INFO  | i.z.t.d.l.EmbeddedDatabaseReporter   : JDBC URL to connect to 'dataSource': url='jdbc:h2:tcp://localhost:41063/mem:f240edcd-27ce-47a3-b4ab-a6a00c154135;USER=sa', scope='PlagiarismPostIntegrationTest#testCreateCoursePostWithUserMention'
    23:44:38.065 | 437 ool-1-worker-201 | DEBUG | d.t.c.a.a.c.s.f.ApiVersionFilter     : Adding Version to Request POST /api/courses/728/posts
    23:44:38.073 | 437 ool-1-worker-201 | DEBUG | d.t.c.a.a.p.w.PlagiarismPostResource : POST createPost invoked for course 728 with post no mention
    23:44:38.089 | 437 ool-1-worker-201 | INFO  | d.t.c.a.a.p.w.PlagiarismPostResource : createPost took 16.36ms

  Starting logs for PlagiarismPostIntegrationTest > [2] userMention=[user]postintegrationstudent1First postintegrationstudent1Last(postintegrationstudent1)[/user], isUserMentionValid=true
    23:44:38.131 | 437 ool-1-worker-201 | DEBUG | d.t.c.a.a.c.u.util.UserUtilService   : Generate 5 students...
    23:44:38.140 | 437 ool-1-worker-201 | DEBUG | d.t.c.a.a.c.u.util.UserUtilService   : 5 students generated. Generate 5 tutors...
    23:44:38.157 | 437 ool-1-worker-201 | DEBUG | d.t.c.a.a.c.u.util.UserUtilService   : 5 tutors generated. Generate 4 editors...
    23:44:38.169 | 437 ool-1-worker-201 | DEBUG | d.t.c.a.a.c.u.util.UserUtilService   : 4 editors generated. Generate 4 instructors...
    23:44:38.182 | 437 ool-1-worker-201 | DEBUG | d.t.c.a.a.c.u.util.UserUtilService   : 4 instructors generated
    23:44:38.183 | 437 ool-1-worker-201 | DEBUG | d.t.c.a.a.c.u.util.UserUtilService   : Removing 18 users from all courses...
    23:44:38.190 | 437 ool-1-worker-201 | DEBUG | d.t.c.a.a.c.u.util.UserUtilService   : Removing 18 users from all courses. Done
    23:44:38.190 | 437 ool-1-worker-201 | DEBUG | d.t.c.a.a.c.u.util.UserUtilService   : Save 18 users to database...
    23:44:38.262 | 437 ool-1-worker-201 | DEBUG | d.t.c.a.a.c.u.util.UserUtilService   : Save 18 users to database. Done
    23:44:38.352 | 437 ool-1-worker-201 | INFO  | i.z.t.d.l.EmbeddedDatabaseReporter   : JDBC URL to connect to 'dataSource': url='jdbc:h2:tcp://localhost:41063/mem:f240edcd-27ce-47a3-b4ab-a6a00c154135;USER=sa', scope='PlagiarismPostIntegrationTest#testCreateCoursePostWithUserMention'
    23:44:38.355 | 437 ool-1-worker-201 | DEBUG | d.t.c.a.a.c.s.f.ApiVersionFilter     : Adding Version to Request POST /api/courses/729/posts
    23:44:38.355 | 437 ool-1-worker-201 | DEBUG | d.t.c.a.a.p.w.PlagiarismPostResource : POST createPost invoked for course 729 with post [user]postintegrationstudent1First postintegrationstudent1Last(postintegrationstudent1)[/user]
    23:44:38.385 | 437 ool-1-worker-201 | INFO  | d.t.c.a.a.p.w.PlagiarismPostResource : createPost took 30.11ms

  Starting logs for PlagiarismPostIntegrationTest > [3] userMention=[user](postintegrationstudent1)[/user], isUserMentionValid=false
    23:44:38.421 | 437 ool-1-worker-201 | DEBUG | d.t.c.a.a.c.u.util.UserUtilService   : Generate 5 students...
    23:44:38.428 | 437 ool-1-worker-201 | DEBUG | d.t.c.a.a.c.u.util.UserUtilService   : 5 students generated. Generate 5 tutors...
    23:44:38.436 | 437 ool-1-worker-201 | DEBUG | d.t.c.a.a.c.u.util.UserUtilService   : 5 tutors generated. Generate 4 editors...
    23:44:38.442 | 437 ool-1-worker-201 | DEBUG | d.t.c.a.a.c.u.util.UserUtilService   : 4 editors generated. Generate 4 instructors...
    23:44:38.449 | 437 ool-1-worker-201 | DEBUG | d.t.c.a.a.c.u.util.UserUtilService   : 4 instructors generated
    23:44:38.451 | 437 ool-1-worker-201 | DEBUG | d.t.c.a.a.c.u.util.UserUtilService   : Removing 18 users from all courses...
    23:44:38.453 | 437 ool-1-worker-201 | DEBUG | d.t.c.a.a.c.u.util.UserUtilService   : Removing 18 users from all courses. Done
    23:44:38.453 | 437 ool-1-worker-201 | DEBUG | d.t.c.a.a.c.u.util.UserUtilService   : Save 18 users to database...
    23:44:38.468 | 437 ool-1-worker-201 | DEBUG | d.t.c.a.a.c.u.util.UserUtilService   : Save 18 users to database. Done
    23:44:38.527 | 437 ool-1-worker-201 | INFO  | i.z.t.d.l.EmbeddedDatabaseReporter   : JDBC URL to connect to 'dataSource': url='jdbc:h2:tcp://localhost:41063/mem:f240edcd-27ce-47a3-b4ab-a6a00c154135;USER=sa', scope='PlagiarismPostIntegrationTest#testCreateCoursePostWithUserMention'
    23:44:38.528 | 437 ool-1-worker-201 | DEBUG | d.t.c.a.a.c.s.f.ApiVersionFilter     : Adding Version to Request POST /api/courses/730/posts
    23:44:38.529 | 437 ool-1-worker-201 | DEBUG | d.t.c.a.a.p.w.PlagiarismPostResource : POST createPost invoked for course 730 with post [user](postintegrationstudent1)[/user]
    23:44:38.532 | 437 ool-1-worker-201 | ERROR | tech.jhipster.web.util.HeaderUtil    : Entity processing failed, The name provided for user postintegrationstudent1 does not match the user's full name postintegrationstudent1First postintegrationstudent1Last
    23:44:38.532 | 437 ool-1-worker-201 | WARN  | o.z.p.spring.common.AdviceTraits     : Bad Request: The name provided for user postintegrationstudent1 does not match the user's full name postintegrationstudent1First postintegrationstudent1Last

  Starting logs for PlagiarismPostIntegrationTest > [4] userMention=[user]postintegrationstudent1First postintegrationstudent1Last()[/user], isUserMentionValid=false
    23:44:38.560 | 437 ool-1-worker-201 | DEBUG | d.t.c.a.a.c.u.util.UserUtilService   : Generate 5 students...
    23:44:38.574 | 437 ool-1-worker-201 | DEBUG | d.t.c.a.a.c.u.util.UserUtilService   : 5 students generated. Generate 5 tutors...
    23:44:38.594 | 437 ool-1-worker-201 | DEBUG | d.t.c.a.a.c.u.util.UserUtilService   : 5 tutors generated. Generate 4 editors...
    23:44:38.603 | 437 ool-1-worker-201 | DEBUG | d.t.c.a.a.c.u.util.UserUtilService   : 4 editors generated. Generate 4 instructors...
    23:44:38.609 | 437 ool-1-worker-201 | DEBUG | d.t.c.a.a.c.u.util.UserUtilService   : 4 instructors generated
    23:44:38.610 | 437 ool-1-worker-201 | DEBUG | d.t.c.a.a.c.u.util.UserUtilService   : Removing 18 users from all courses...
    23:44:38.616 | 437 ool-1-worker-201 | DEBUG | d.t.c.a.a.c.u.util.UserUtilService   : Removing 18 users from all courses. Done
    23:44:38.616 | 437 ool-1-worker-201 | DEBUG | d.t.c.a.a.c.u.util.UserUtilService   : Save 18 users to database...
    23:44:38.634 | 437 ool-1-worker-201 | DEBUG | d.t.c.a.a.c.u.util.UserUtilService   : Save 18 users to database. Done
    23:44:38.685 | 437 ool-1-worker-201 | INFO  | i.z.t.d.l.EmbeddedDatabaseReporter   : JDBC URL to connect to 'dataSource': url='jdbc:h2:tcp://localhost:41063/mem:f240edcd-27ce-47a3-b4ab-a6a00c154135;USER=sa', scope='PlagiarismPostIntegrationTest#testCreateCoursePostWithUserMention'
    23:44:38.687 | 437 ool-1-worker-201 | DEBUG | d.t.c.a.a.c.s.f.ApiVersionFilter     : Adding Version to Request POST /api/courses/731/posts
    23:44:38.688 | 437 ool-1-worker-201 | DEBUG | d.t.c.a.a.p.w.PlagiarismPostResource : POST createPost invoked for course 731 with post [user]postintegrationstudent1First postintegrationstudent1Last()[/user]
    23:44:38.690 | 437 ool-1-worker-201 | ERROR | tech.jhipster.web.util.HeaderUtil    : Entity processing failed, At least one of the mentioned users does not exist
    23:44:38.690 | 437 ool-1-worker-201 | WARN  | o.z.p.spring.common.AdviceTraits     : Bad Request: At least one of the mentioned users does not exist

  Starting logs for PlagiarismPostIntegrationTest > [5] userMention=[user]postintegrationstudent1First postintegrationstudent1Last[/user], isUserMentionValid=false
    23:44:38.703 | 437 ool-1-worker-201 | DEBUG | d.t.c.a.a.c.u.util.UserUtilService   : Generate 5 students...
    23:44:38.714 | 437 ool-1-worker-201 | DEBUG | d.t.c.a.a.c.u.util.UserUtilService   : 5 students generated. Generate 5 tutors...
    23:44:38.722 | 437 ool-1-worker-201 | DEBUG | d.t.c.a.a.c.u.util.UserUtilService   : 5 tutors generated. Generate 4 editors...
    23:44:38.728 | 437 ool-1-worker-201 | DEBUG | d.t.c.a.a.c.u.util.UserUtilService   : 4 editors generated. Generate 4 instructors...
    23:44:38.734 | 437 ool-1-worker-201 | DEBUG | d.t.c.a.a.c.u.util.UserUtilService   : 4 instructors generated
    23:44:38.736 | 437 ool-1-worker-201 | DEBUG | d.t.c.a.a.c.u.util.UserUtilService   : Removing 18 users from all courses...
    23:44:38.738 | 437 ool-1-worker-201 | DEBUG | d.t.c.a.a.c.u.util.UserUtilService   : Removing 18 users from all courses. Done
    23:44:38.738 | 437 ool-1-worker-201 | DEBUG | d.t.c.a.a.c.u.util.UserUtilService   : Save 18 users to database...
    23:44:38.751 | 437 ool-1-worker-201 | DEBUG | d.t.c.a.a.c.u.util.UserUtilService   : Save 18 users to database. Done
    23:44:38.793 | 437 ool-1-worker-201 | INFO  | i.z.t.d.l.EmbeddedDatabaseReporter   : JDBC URL to connect to 'dataSource': url='jdbc:h2:tcp://localhost:41063/mem:f240edcd-27ce-47a3-b4ab-a6a00c154135;USER=sa', scope='PlagiarismPostIntegrationTest#testCreateCoursePostWithUserMention'
    23:44:38.795 | 437 ool-1-worker-201 | DEBUG | d.t.c.a.a.c.s.f.ApiVersionFilter     : Adding Version to Request POST /api/courses/732/posts
    23:44:38.796 | 437 ool-1-worker-201 | DEBUG | d.t.c.a.a.p.w.PlagiarismPostResource : POST createPost invoked for course 732 with post [user]postintegrationstudent1First postintegrationstudent1Last[/user]
    23:44:38.799 | 437 ool-1-worker-201 | ERROR | tech.jhipster.web.util.HeaderUtil    : Entity processing failed, At least one of the mentioned users does not exist
    23:44:38.799 | 437 ool-1-worker-201 | WARN  | o.z.p.spring.common.AdviceTraits     : Bad Request: At least one of the mentioned users does not exist

  Starting logs for PlagiarismPostIntegrationTest > [6] userMention=[user]postintegrationstudent2First postintegrationstudent2Last(postintegrationstudent2)[/user][user]postintegrationstudent1First postintegrationstudent1Last(postintegrationstudent1)[/user], isUserMentionValid=true
    23:44:38.816 | 437 ool-1-worker-201 | DEBUG | d.t.c.a.a.c.u.util.UserUtilService   : Generate 5 students...
    23:44:38.823 | 437 ool-1-worker-201 | DEBUG | d.t.c.a.a.c.u.util.UserUtilService   : 5 students generated. Generate 5 tutors...
    23:44:38.840 | 437 ool-1-worker-201 | DEBUG | d.t.c.a.a.c.u.util.UserUtilService   : 5 tutors generated. Generate 4 editors...
    23:44:38.853 | 437 ool-1-worker-201 | DEBUG | d.t.c.a.a.c.u.util.UserUtilService   : 4 editors generated. Generate 4 instructors...
    23:44:38.865 | 437 ool-1-worker-201 | DEBUG | d.t.c.a.a.c.u.util.UserUtilService   : 4 instructors generated
    23:44:38.869 | 437 ool-1-worker-201 | DEBUG | d.t.c.a.a.c.u.util.UserUtilService   : Removing 18 users from all courses...
    23:44:38.872 | 437 ool-1-worker-201 | DEBUG | d.t.c.a.a.c.u.util.UserUtilService   : Removing 18 users from all courses. Done
    23:44:38.872 | 437 ool-1-worker-201 | DEBUG | d.t.c.a.a.c.u.util.UserUtilService   : Save 18 users to database...
    23:44:38.895 | 437 ool-1-worker-201 | DEBUG | d.t.c.a.a.c.u.util.UserUtilService   : Save 18 users to database. Done
    23:44:38.980 | 437 ool-1-worker-201 | INFO  | i.z.t.d.l.EmbeddedDatabaseReporter   : JDBC URL to connect to 'dataSource': url='jdbc:h2:tcp://localhost:41063/mem:f240edcd-27ce-47a3-b4ab-a6a00c154135;USER=sa', scope='PlagiarismPostIntegrationTest#testCreateCoursePostWithUserMention'
    23:44:38.981 | 437 ool-1-worker-201 | DEBUG | d.t.c.a.a.c.s.f.ApiVersionFilter     : Adding Version to Request POST /api/courses/733/posts
    23:44:38.982 | 437 ool-1-worker-201 | DEBUG | d.t.c.a.a.p.w.PlagiarismPostResource : POST createPost invoked for course 733 with post [user]postintegrationstudent2First postintegrationstudent2Last(postintegrationstudent2)[/user][user]postintegrationstudent1First postintegrationstudent1Last(postintegrationstudent1)[/user]
    23:44:38.994 | 437 ool-1-worker-201 | INFO  | d.t.c.a.a.p.w.PlagiarismPostResource : createPost took 11.72ms

  Starting logs for PlagiarismPostIntegrationTest > [7] userMention=[user]invalidName(postintegrationstudent1)[/user], isUserMentionValid=false
    23:44:39.014 | 437 ool-1-worker-201 | DEBUG | d.t.c.a.a.c.u.util.UserUtilService   : Generate 5 students...
    23:44:39.021 | 437 ool-1-worker-201 | DEBUG | d.t.c.a.a.c.u.util.UserUtilService   : 5 students generated. Generate 5 tutors...
    23:44:39.029 | 437 ool-1-worker-201 | DEBUG | d.t.c.a.a.c.u.util.UserUtilService   : 5 tutors generated. Generate 4 editors...
    23:44:39.036 | 437 ool-1-worker-201 | DEBUG | d.t.c.a.a.c.u.util.UserUtilService   : 4 editors generated. Generate 4 instructors...
    23:44:39.043 | 437 ool-1-worker-201 | DEBUG | d.t.c.a.a.c.u.util.UserUtilService   : 4 instructors generated
    23:44:39.044 | 437 ool-1-worker-201 | DEBUG | d.t.c.a.a.c.u.util.UserUtilService   : Removing 18 users from all courses...
    23:44:39.046 | 437 ool-1-worker-201 | DEBUG | d.t.c.a.a.c.u.util.UserUtilService   : Removing 18 users from all courses. Done
    23:44:39.046 | 437 ool-1-worker-201 | DEBUG | d.t.c.a.a.c.u.util.UserUtilService   : Save 18 users to database...
    23:44:39.058 | 437 ool-1-worker-201 | DEBUG | d.t.c.a.a.c.u.util.UserUtilService   : Save 18 users to database. Done
    23:44:39.102 | 437 ool-1-worker-201 | INFO  | i.z.t.d.l.EmbeddedDatabaseReporter   : JDBC URL to connect to 'dataSource': url='jdbc:h2:tcp://localhost:41063/mem:f240edcd-27ce-47a3-b4ab-a6a00c154135;USER=sa', scope='PlagiarismPostIntegrationTest#testCreateCoursePostWithUserMention'
    23:44:39.105 | 437 ool-1-worker-201 | DEBUG | d.t.c.a.a.c.s.f.ApiVersionFilter     : Adding Version to Request POST /api/courses/734/posts
    23:44:39.105 | 437 ool-1-worker-201 | DEBUG | d.t.c.a.a.p.w.PlagiarismPostResource : POST createPost invoked for course 734 with post [user]invalidName(postintegrationstudent1)[/user]
    23:44:39.109 | 437 ool-1-worker-201 | ERROR | tech.jhipster.web.util.HeaderUtil    : Entity processing failed, The name provided for user postintegrationstudent1 does not match the user's full name postintegrationstudent1First postintegrationstudent1Last
    23:44:39.109 | 437 ool-1-worker-201 | WARN  | o.z.p.spring.common.AdviceTraits     : Bad Request: The name provided for user postintegrationstudent1 does not match the user's full name postintegrationstudent1First postintegrationstudent1Last

  Starting logs for PlagiarismPostIntegrationTest > [8] userMention=[user]noCourseMemberFirst noCourseMemberLast(nocoursemember)[/user], isUserMentionValid=false
    23:44:39.124 | 437 ool-1-worker-201 | DEBUG | d.t.c.a.a.c.u.util.UserUtilService   : Generate 5 students...
    23:44:39.131 | 437 ool-1-worker-201 | DEBUG | d.t.c.a.a.c.u.util.UserUtilService   : 5 students generated. Generate 5 tutors...
    23:44:39.139 | 437 ool-1-worker-201 | DEBUG | d.t.c.a.a.c.u.util.UserUtilService   : 5 tutors generated. Generate 4 editors...
    23:44:39.151 | 437 ool-1-worker-201 | DEBUG | d.t.c.a.a.c.u.util.UserUtilService   : 4 editors generated. Generate 4 instructors...
    23:44:39.157 | 437 ool-1-worker-201 | DEBUG | d.t.c.a.a.c.u.util.UserUtilService   : 4 instructors generated
    23:44:39.165 | 437 ool-1-worker-201 | DEBUG | d.t.c.a.a.c.u.util.UserUtilService   : Removing 18 users from all courses...
    23:44:39.168 | 437 ool-1-worker-201 | DEBUG | d.t.c.a.a.c.u.util.UserUtilService   : Removing 18 users from all courses. Done
    23:44:39.168 | 437 ool-1-worker-201 | DEBUG | d.t.c.a.a.c.u.util.UserUtilService   : Save 18 users to database...
    23:44:39.188 | 437 ool-1-worker-201 | DEBUG | d.t.c.a.a.c.u.util.UserUtilService   : Save 18 users to database. Done
    23:44:39.270 | 437 ool-1-worker-201 | INFO  | i.z.t.d.l.EmbeddedDatabaseReporter   : JDBC URL to connect to 'dataSource': url='jdbc:h2:tcp://localhost:41063/mem:f240edcd-27ce-47a3-b4ab-a6a00c154135;USER=sa', scope='PlagiarismPostIntegrationTest#testCreateCoursePostWithUserMention'
    23:44:39.272 | 437 ool-1-worker-201 | DEBUG | d.t.c.a.a.c.s.f.ApiVersionFilter     : Adding Version to Request POST /api/courses/735/posts
    23:44:39.273 | 437 ool-1-worker-201 | DEBUG | d.t.c.a.a.p.w.PlagiarismPostResource : POST createPost invoked for course 735 with post [user]noCourseMemberFirst noCourseMemberLast(nocoursemember)[/user]
    23:44:39.276 | 437 ool-1-worker-201 | ERROR | tech.jhipster.web.util.HeaderUtil    : Entity processing failed, At least one of the mentioned users does not exist
    23:44:39.276 | 437 ool-1-worker-201 | WARN  | o.z.p.spring.common.AdviceTraits     : Bad Request: At least one of the mentioned users does not exist

  Starting logs for PlagiarismPostIntegrationTest > [9] userMention=[user]invalidName[user]postintegrationstudent1First postintegrationstudent1Last(postintegrationstudent1)[/user](invalid)[/user], isUserMentionValid=true
    23:44:39.301 | 437 ool-1-worker-201 | DEBUG | d.t.c.a.a.c.u.util.UserUtilService   : Generate 5 students...
    23:44:39.308 | 437 ool-1-worker-201 | DEBUG | d.t.c.a.a.c.u.util.UserUtilService   : 5 students generated. Generate 5 tutors...
    23:44:39.316 | 437 ool-1-worker-201 | DEBUG | d.t.c.a.a.c.u.util.UserUtilService   : 5 tutors generated. Generate 4 editors...
    23:44:39.323 | 437 ool-1-worker-201 | DEBUG | d.t.c.a.a.c.u.util.UserUtilService   : 4 editors generated. Generate 4 instructors...
    23:44:39.332 | 437 ool-1-worker-201 | DEBUG | d.t.c.a.a.c.u.util.UserUtilService   : 4 instructors generated
    23:44:39.335 | 437 ool-1-worker-201 | DEBUG | d.t.c.a.a.c.u.util.UserUtilService   : Removing 18 users from all courses...
    23:44:39.340 | 437 ool-1-worker-201 | DEBUG | d.t.c.a.a.c.u.util.UserUtilService   : Removing 18 users from all courses. Done
    23:44:39.340 | 437 ool-1-worker-201 | DEBUG | d.t.c.a.a.c.u.util.UserUtilService   : Save 18 users to database...
    23:44:39.365 | 437 ool-1-worker-201 | DEBUG | d.t.c.a.a.c.u.util.UserUtilService   : Save 18 users to database. Done
    23:44:39.413 | 437 ool-1-worker-201 | INFO  | i.z.t.d.l.EmbeddedDatabaseReporter   : JDBC URL to connect to 'dataSource': url='jdbc:h2:tcp://localhost:41063/mem:f240edcd-27ce-47a3-b4ab-a6a00c154135;USER=sa', scope='PlagiarismPostIntegrationTest#testCreateCoursePostWithUserMention'
    23:44:39.415 | 437 ool-1-worker-201 | DEBUG | d.t.c.a.a.c.s.f.ApiVersionFilter     : Adding Version to Request POST /api/courses/736/posts
    23:44:39.416 | 437 ool-1-worker-201 | DEBUG | d.t.c.a.a.p.w.PlagiarismPostResource : POST createPost invoked for course 736 with post [user]invalidName[user]postintegrationstudent1First postintegrationstudent1Last(postintegrationstudent1)[/user](invalid)[/user]
    23:44:39.427 | 437 ool-1-worker-201 | INFO  | d.t.c.a.a.p.w.PlagiarismPostResource : createPost took 11.82ms

  Starting logs for PlagiarismPostIntegrationTest > testGetPostsForCourse_WithPlagiarismCaseIdRequestParam_asStudent()
    23:44:39.444 | 437 ool-1-worker-201 | DEBUG | d.t.c.a.a.c.u.util.UserUtilService   : Generate 5 students...
    23:44:39.450 | 437 ool-1-worker-201 | DEBUG | d.t.c.a.a.c.u.util.UserUtilService   : 5 students generated. Generate 5 tutors...
    23:44:39.457 | 437 ool-1-worker-201 | DEBUG | d.t.c.a.a.c.u.util.UserUtilService   : 5 tutors generated. Generate 4 editors...
    23:44:39.463 | 437 ool-1-worker-201 | DEBUG | d.t.c.a.a.c.u.util.UserUtilService   : 4 editors generated. Generate 4 instructors...
    23:44:39.470 | 437 ool-1-worker-201 | DEBUG | d.t.c.a.a.c.u.util.UserUtilService   : 4 instructors generated
    23:44:39.471 | 437 ool-1-worker-201 | DEBUG | d.t.c.a.a.c.u.util.UserUtilService   : Removing 18 users from all courses...
    23:44:39.473 | 437 ool-1-worker-201 | DEBUG | d.t.c.a.a.c.u.util.UserUtilService   : Removing 18 users from all courses. Done
    23:44:39.473 | 437 ool-1-worker-201 | DEBUG | d.t.c.a.a.c.u.util.UserUtilService   : Save 18 users to database...
    23:44:39.483 | 437 ool-1-worker-201 | DEBUG | d.t.c.a.a.c.u.util.UserUtilService   : Save 18 users to database. Done
    23:44:39.529 | 437 ool-1-worker-201 | INFO  | i.z.t.d.l.EmbeddedDatabaseReporter   : JDBC URL to connect to 'dataSource': url='jdbc:h2:tcp://localhost:41063/mem:f240edcd-27ce-47a3-b4ab-a6a00c154135;USER=sa', scope='PlagiarismPostIntegrationTest#testGetPostsForCourse_WithPlagiarismCaseIdRequestParam_asStudent'
    23:44:39.530 | 437 ool-1-worker-201 | DEBUG | d.t.c.a.a.c.s.f.ApiVersionFilter     : Adding Version to Request GET /api/courses/737/posts
    23:44:39.539 | 437 ool-1-worker-201 | DEBUG | d.t.c.a.a.c.service.PostingService   : userRepository.findUserRolesInCourse done for 1 authors 

  Starting logs for PlagiarismPostIntegrationTest > testGetPostsForCourse_WithPlagiarismCaseIdRequestParam_asInstructor()
    23:44:39.555 | 437 ool-1-worker-201 | DEBUG | d.t.c.a.a.c.u.util.UserUtilService   : Generate 5 students...
    23:44:39.562 | 437 ool-1-worker-201 | DEBUG | d.t.c.a.a.c.u.util.UserUtilService   : 5 students generated. Generate 5 tutors...
    23:44:39.569 | 437 ool-1-worker-201 | DEBUG | d.t.c.a.a.c.u.util.UserUtilService   : 5 tutors generated. Generate 4 editors...
    23:44:39.579 | 437 ool-1-worker-201 | DEBUG | d.t.c.a.a.c.u.util.UserUtilService   : 4 editors generated. Generate 4 instructors...
    23:44:39.593 | 437 ool-1-worker-201 | DEBUG | d.t.c.a.a.c.u.util.UserUtilService   : 4 instructors generated
    23:44:39.596 | 437 ool-1-worker-201 | DEBUG | d.t.c.a.a.c.u.util.UserUtilService   : Removing 18 users from all courses...
    23:44:39.597 | 437 ool-1-worker-201 | DEBUG | d.t.c.a.a.c.u.util.UserUtilService   : Removing 18 users from all courses. Done
    23:44:39.597 | 437 ool-1-worker-201 | DEBUG | d.t.c.a.a.c.u.util.UserUtilService   : Save 18 users to database...
    23:44:39.619 | 437 ool-1-worker-201 | DEBUG | d.t.c.a.a.c.u.util.UserUtilService   : Save 18 users to database. Done
    23:44:39.702 | 437 ool-1-worker-201 | INFO  | i.z.t.d.l.EmbeddedDatabaseReporter   : JDBC URL to connect to 'dataSource': url='jdbc:h2:tcp://localhost:41063/mem:f240edcd-27ce-47a3-b4ab-a6a00c154135;USER=sa', scope='PlagiarismPostIntegrationTest#testGetPostsForCourse_WithPlagiarismCaseIdRequestParam_asInstructor'
    23:44:39.704 | 437 ool-1-worker-201 | DEBUG | d.t.c.a.a.c.s.f.ApiVersionFilter     : Adding Version to Request GET /api/courses/738/posts
    23:44:39.718 | 437 ool-1-worker-201 | DEBUG | d.t.c.a.a.c.service.PostingService   : userRepository.findUserRolesInCourse done for 1 authors 

  Starting logs for PlagiarismPostIntegrationTest > testDeleteNonExistentPosts_asTutor_notFound()
    23:44:39.756 | 437 ool-1-worker-201 | DEBUG | d.t.c.a.a.c.u.util.UserUtilService   : Generate 5 students...
    23:44:39.773 | 437 ool-1-worker-201 | DEBUG | d.t.c.a.a.c.u.util.UserUtilService   : 5 students generated. Generate 5 tutors...
    23:44:39.787 | 437 ool-1-worker-201 | DEBUG | d.t.c.a.a.c.u.util.UserUtilService   : 5 tutors generated. Generate 4 editors...
    23:44:39.796 | 437 ool-1-worker-201 | DEBUG | d.t.c.a.a.c.u.util.UserUtilService   : 4 editors generated. Generate 4 instructors...
    23:44:39.802 | 437 ool-1-worker-201 | DEBUG | d.t.c.a.a.c.u.util.UserUtilService   : 4 instructors generated
    23:44:39.804 | 437 ool-1-worker-201 | DEBUG | d.t.c.a.a.c.u.util.UserUtilService   : Removing 18 users from all courses...
    23:44:39.806 | 437 ool-1-worker-201 | DEBUG | d.t.c.a.a.c.u.util.UserUtilService   : Removing 18 users from all courses. Done
    23:44:39.806 | 437 ool-1-worker-201 | DEBUG | d.t.c.a.a.c.u.util.UserUtilService   : Save 18 users to database...
    23:44:39.815 | 437 ool-1-worker-201 | DEBUG | d.t.c.a.a.c.u.util.UserUtilService   : Save 18 users to database. Done
    23:44:39.859 | 437 ool-1-worker-201 | INFO  | i.z.t.d.l.EmbeddedDatabaseReporter   : JDBC URL to connect to 'dataSource': url='jdbc:h2:tcp://localhost:41063/mem:f240edcd-27ce-47a3-b4ab-a6a00c154135;USER=sa', scope='PlagiarismPostIntegrationTest#testDeleteNonExistentPosts_asTutor_notFound'
    23:44:39.860 | 437 ool-1-worker-201 | DEBUG | d.t.c.a.a.c.s.f.ApiVersionFilter     : Adding Version to Request DELETE /api/courses/739/posts/9999
    23:44:39.861 | 437 ool-1-worker-201 | DEBUG | d.t.c.a.a.p.w.PlagiarismPostResource : DELETE deletePost invoked for course 739 on post 9999
    23:44:39.868 | 437 ool-1-worker-201 | WARN  | o.z.p.spring.common.AdviceTraits     : Not Found: Post with identifier: "9999" does not exist

  Starting logs for PlagiarismPostIntegrationTest > testPostingNotAllowedIfDisabledSetting()
    23:44:39.883 | 437 ool-1-worker-201 | DEBUG | d.t.c.a.a.c.u.util.UserUtilService   : Generate 5 students...
    23:44:39.890 | 437 ool-1-worker-201 | DEBUG | d.t.c.a.a.c.u.util.UserUtilService   : 5 students generated. Generate 5 tutors...
    23:44:39.897 | 437 ool-1-worker-201 | DEBUG | d.t.c.a.a.c.u.util.UserUtilService   : 5 tutors generated. Generate 4 editors...
    23:44:39.903 | 437 ool-1-worker-201 | DEBUG | d.t.c.a.a.c.u.util.UserUtilService   : 4 editors generated. Generate 4 instructors...
    23:44:39.909 | 437 ool-1-worker-201 | DEBUG | d.t.c.a.a.c.u.util.UserUtilService   : 4 instructors generated
    23:44:39.910 | 437 ool-1-worker-201 | DEBUG | d.t.c.a.a.c.u.util.UserUtilService   : Removing 18 users from all courses...
    23:44:39.912 | 437 ool-1-worker-201 | DEBUG | d.t.c.a.a.c.u.util.UserUtilService   : Removing 18 users from all courses. Done
    23:44:39.912 | 437 ool-1-worker-201 | DEBUG | d.t.c.a.a.c.u.util.UserUtilService   : Save 18 users to database...
    23:44:39.922 | 437 ool-1-worker-201 | DEBUG | d.t.c.a.a.c.u.util.UserUtilService   : Save 18 users to database. Done
    23:44:39.966 | 437 ool-1-worker-201 | INFO  | i.z.t.d.l.EmbeddedDatabaseReporter   : JDBC URL to connect to 'dataSource': url='jdbc:h2:tcp://localhost:41063/mem:f240edcd-27ce-47a3-b4ab-a6a00c154135;USER=sa', scope='PlagiarismPostIntegrationTest#testPostingNotAllowedIfDisabledSetting'
    23:44:39.968 | 437 ool-1-worker-201 | DEBUG | d.t.c.a.a.c.s.f.ApiVersionFilter     : Adding Version to Request POST /api/courses/740/posts
    23:44:39.974 | 437 ool-1-worker-201 | WARN  | o.z.p.spring.common.AdviceTraits     : Bad Request: Validation failed for argument [1] in public org.springframework.http.ResponseEntity<de.tum.cit.aet.artemis.communication.domain.Post> de.tum.cit.aet.artemis.plagiarism.web.PlagiarismPostResource.createPost(java.lang.Long,de.tum.cit.aet.artemis.communication.domain.Post) throws java.net.URISyntaxException: [Error in object 'post': codes [PostConstraints.post,PostConstraints]; arguments [org.springframework.context.support.DefaultMessageSourceResolvable: codes [post]; arguments []; default message []]; default message [{de.tum.cit.aet.artemis.communication.domain.PostConstraints}]] 
    23:44:39.979 | 437 ool-1-worker-201 | DEBUG | .a.c.r.ConversationMessageRepository : findPostIdsWithSpecification took 763µs
    23:44:39.982 | 437 ool-1-worker-201 | DEBUG | .a.c.r.ConversationMessageRepository : findByPostIdsWithEagerRelationships took 3.37ms

  Starting logs for PlagiarismPostIntegrationTest > testEditPost_asStudent_forbidden()
    23:44:40.016 | 437 ool-1-worker-201 | DEBUG | d.t.c.a.a.c.u.util.UserUtilService   : Generate 5 students...
    23:44:40.030 | 437 ool-1-worker-201 | DEBUG | d.t.c.a.a.c.u.util.UserUtilService   : 5 students generated. Generate 5 tutors...
    23:44:40.045 | 437 ool-1-worker-201 | DEBUG | d.t.c.a.a.c.u.util.UserUtilService   : 5 tutors generated. Generate 4 editors...
    23:44:40.052 | 437 ool-1-worker-201 | DEBUG | d.t.c.a.a.c.u.util.UserUtilService   : 4 editors generated. Generate 4 instructors...
    23:44:40.058 | 437 ool-1-worker-201 | DEBUG | d.t.c.a.a.c.u.util.UserUtilService   : 4 instructors generated
    23:44:40.060 | 437 ool-1-worker-201 | DEBUG | d.t.c.a.a.c.u.util.UserUtilService   : Removing 18 users from all courses...
    23:44:40.062 | 437 ool-1-worker-201 | DEBUG | d.t.c.a.a.c.u.util.UserUtilService   : Removing 18 users from all courses. Done
    23:44:40.062 | 437 ool-1-worker-201 | DEBUG | d.t.c.a.a.c.u.util.UserUtilService   : Save 18 users to database...
    23:44:40.073 | 437 ool-1-worker-201 | DEBUG | d.t.c.a.a.c.u.util.UserUtilService   : Save 18 users to database. Done
    23:44:40.115 | 437 ool-1-worker-201 | INFO  | i.z.t.d.l.EmbeddedDatabaseReporter   : JDBC URL to connect to 'dataSource': url='jdbc:h2:tcp://localhost:41063/mem:f240edcd-27ce-47a3-b4ab-a6a00c154135;USER=sa', scope='PlagiarismPostIntegrationTest#testEditPost_asStudent_forbidden'
    23:44:40.116 | 437 ool-1-worker-201 | DEBUG | d.t.c.a.a.c.s.f.ApiVersionFilter     : Adding Version to Request PUT /api/courses/741/posts/361
    23:44:40.118 | 437 ool-1-worker-201 | WARN  | o.z.p.spring.common.AdviceTraits     : Forbidden: Access Denied

  Starting logs for PlagiarismPostIntegrationTest > testCreatePlagiarismPost()
    23:44:40.134 | 437 ool-1-worker-201 | DEBUG | d.t.c.a.a.c.u.util.UserUtilService   : Generate 5 students...
    23:44:40.141 | 437 ool-1-worker-201 | DEBUG | d.t.c.a.a.c.u.util.UserUtilService   : 5 students generated. Generate 5 tutors...
    23:44:40.149 | 437 ool-1-worker-201 | DEBUG | d.t.c.a.a.c.u.util.UserUtilService   : 5 tutors generated. Generate 4 editors...
    23:44:40.155 | 437 ool-1-worker-201 | DEBUG | d.t.c.a.a.c.u.util.UserUtilService   : 4 editors generated. Generate 4 instructors...
    23:44:40.161 | 437 ool-1-worker-201 | DEBUG | d.t.c.a.a.c.u.util.UserUtilService   : 4 instructors generated
    23:44:40.163 | 437 ool-1-worker-201 | DEBUG | d.t.c.a.a.c.u.util.UserUtilService   : Removing 18 users from all courses...
    23:44:40.165 | 437 ool-1-worker-201 | DEBUG | d.t.c.a.a.c.u.util.UserUtilService   : Removing 18 users from all courses. Done
    23:44:40.165 | 437 ool-1-worker-201 | DEBUG | d.t.c.a.a.c.u.util.UserUtilService   : Save 18 users to database...
    23:44:40.176 | 437 ool-1-worker-201 | DEBUG | d.t.c.a.a.c.u.util.UserUtilService   : Save 18 users to database. Done
    23:44:40.218 | 437 ool-1-worker-201 | INFO  | i.z.t.d.l.EmbeddedDatabaseReporter   : JDBC URL to connect to 'dataSource': url='jdbc:h2:tcp://localhost:41063/mem:f240edcd-27ce-47a3-b4ab-a6a00c154135;USER=sa', scope='PlagiarismPostIntegrationTest#testCreatePlagiarismPost'
    23:44:40.223 | 437 ool-1-worker-201 | DEBUG | d.t.c.a.a.c.s.f.ApiVersionFilter     : Adding Version to Request POST /api/courses/742/posts
    23:44:40.224 | 437 ool-1-worker-201 | DEBUG | d.t.c.a.a.p.w.PlagiarismPostResource : POST createPost invoked for course 742 with post Content Post
    23:44:40.244 | 437 ool-1-worker-201 | INFO  | d.t.c.a.a.p.w.PlagiarismPostResource : createPost took 20.94ms

  Starting logs for PlagiarismPostIntegrationTest > [1] userMention=no mention, isUserMentionValid=true
    23:44:40.277 | 437 ool-1-worker-201 | DEBUG | d.t.c.a.a.c.u.util.UserUtilService   : Generate 5 students...
    23:44:40.288 | 437 ool-1-worker-201 | DEBUG | d.t.c.a.a.c.u.util.UserUtilService   : 5 students generated. Generate 5 tutors...
    23:44:40.295 | 437 ool-1-worker-201 | DEBUG | d.t.c.a.a.c.u.util.UserUtilService   : 5 tutors generated. Generate 4 editors...
    23:44:40.302 | 437 ool-1-worker-201 | DEBUG | d.t.c.a.a.c.u.util.UserUtilService   : 4 editors generated. Generate 4 instructors...
    23:44:40.308 | 437 ool-1-worker-201 | DEBUG | d.t.c.a.a.c.u.util.UserUtilService   : 4 instructors generated
    23:44:40.310 | 437 ool-1-worker-201 | DEBUG | d.t.c.a.a.c.u.util.UserUtilService   : Removing 18 users from all courses...
    23:44:40.312 | 437 ool-1-worker-201 | DEBUG | d.t.c.a.a.c.u.util.UserUtilService   : Removing 18 users from all courses. Done
    23:44:40.312 | 437 ool-1-worker-201 | DEBUG | d.t.c.a.a.c.u.util.UserUtilService   : Save 18 users to database...
    23:44:40.323 | 437 ool-1-worker-201 | DEBUG | d.t.c.a.a.c.u.util.UserUtilService   : Save 18 users to database. Done
    23:44:40.365 | 437 ool-1-worker-201 | INFO  | i.z.t.d.l.EmbeddedDatabaseReporter   : JDBC URL to connect to 'dataSource': url='jdbc:h2:tcp://localhost:41063/mem:f240edcd-27ce-47a3-b4ab-a6a00c154135;USER=sa', scope='PlagiarismPostIntegrationTest#testEditPostWithUserMention'
    23:44:40.366 | 437 ool-1-worker-201 | DEBUG | d.t.c.a.a.c.s.f.ApiVersionFilter     : Adding Version to Request PUT /api/courses/743/posts/414
    23:44:40.367 | 437 ool-1-worker-201 | DEBUG | d.t.c.a.a.p.w.PlagiarismPostResource : PUT updatePost invoked for course 743 with post no mention
    23:44:40.381 | 437 ool-1-worker-201 | INFO  | d.t.c.a.a.p.w.PlagiarismPostResource : updatePost took 13.46ms

  Starting logs for PlagiarismPostIntegrationTest > [2] userMention=[user]postintegrationstudent1First postintegrationstudent1Last(postintegrationstudent1)[/user], isUserMentionValid=true
    23:44:40.396 | 437 ool-1-worker-201 | DEBUG | d.t.c.a.a.c.u.util.UserUtilService   : Generate 5 students...
    23:44:40.403 | 437 ool-1-worker-201 | DEBUG | d.t.c.a.a.c.u.util.UserUtilService   : 5 students generated. Generate 5 tutors...
    23:44:40.413 | 437 ool-1-worker-201 | DEBUG | d.t.c.a.a.c.u.util.UserUtilService   : 5 tutors generated. Generate 4 editors...
    23:44:40.420 | 437 ool-1-worker-201 | DEBUG | d.t.c.a.a.c.u.util.UserUtilService   : 4 editors generated. Generate 4 instructors...
    23:44:40.427 | 437 ool-1-worker-201 | DEBUG | d.t.c.a.a.c.u.util.UserUtilService   : 4 instructors generated
    23:44:40.429 | 437 ool-1-worker-201 | DEBUG | d.t.c.a.a.c.u.util.UserUtilService   : Removing 18 users from all courses...
    23:44:40.431 | 437 ool-1-worker-201 | DEBUG | d.t.c.a.a.c.u.util.UserUtilService   : Removing 18 users from all courses. Done
    23:44:40.431 | 437 ool-1-worker-201 | DEBUG | d.t.c.a.a.c.u.util.UserUtilService   : Save 18 users to database...
    23:44:40.444 | 437 ool-1-worker-201 | DEBUG | d.t.c.a.a.c.u.util.UserUtilService   : Save 18 users to database. Done
    23:44:40.585 | 437 ool-1-worker-201 | INFO  | i.z.t.d.l.EmbeddedDatabaseReporter   : JDBC URL to connect to 'dataSource': url='jdbc:h2:tcp://localhost:41063/mem:f240edcd-27ce-47a3-b4ab-a6a00c154135;USER=sa', scope='PlagiarismPostIntegrationTest#testEditPostWithUserMention'
    23:44:40.590 | 437 ool-1-worker-201 | DEBUG | d.t.c.a.a.c.s.f.ApiVersionFilter     : Adding Version to Request PUT /api/courses/744/posts/440
    23:44:40.595 | 437 ool-1-worker-201 | DEBUG | d.t.c.a.a.p.w.PlagiarismPostResource : PUT updatePost invoked for course 744 with post [user]postintegrationstudent1First postintegrationstudent1Last(postintegrationstudent1)[/user]
    23:44:40.625 | 437 ool-1-worker-201 | INFO  | d.t.c.a.a.p.w.PlagiarismPostResource : updatePost took 30.29ms

  Starting logs for PlagiarismPostIntegrationTest > [3] userMention=[user](postintegrationstudent1)[/user], isUserMentionValid=false
    23:44:40.647 | 437 ool-1-worker-201 | DEBUG | d.t.c.a.a.c.u.util.UserUtilService   : Generate 5 students...
    23:44:40.655 | 437 ool-1-worker-201 | DEBUG | d.t.c.a.a.c.u.util.UserUtilService   : 5 students generated. Generate 5 tutors...
    23:44:40.663 | 437 ool-1-worker-201 | DEBUG | d.t.c.a.a.c.u.util.UserUtilService   : 5 tutors generated. Generate 4 editors...
    23:44:40.670 | 437 ool-1-worker-201 | DEBUG | d.t.c.a.a.c.u.util.UserUtilService   : 4 editors generated. Generate 4 instructors...
    23:44:40.676 | 437 ool-1-worker-201 | DEBUG | d.t.c.a.a.c.u.util.UserUtilService   : 4 instructors generated
    23:44:40.678 | 437 ool-1-worker-201 | DEBUG | d.t.c.a.a.c.u.util.UserUtilService   : Removing 18 users from all courses...
    23:44:40.680 | 437 ool-1-worker-201 | DEBUG | d.t.c.a.a.c.u.util.UserUtilService   : Removing 18 users from all courses. Done
    23:44:40.680 | 437 ool-1-worker-201 | DEBUG | d.t.c.a.a.c.u.util.UserUtilService   : Save 18 users to database...
    23:44:40.693 | 437 ool-1-worker-201 | DEBUG | d.t.c.a.a.c.u.util.UserUtilService   : Save 18 users to database. Done
    23:44:40.736 | 437 ool-1-worker-201 | INFO  | i.z.t.d.l.EmbeddedDatabaseReporter   : JDBC URL to connect to 'dataSource': url='jdbc:h2:tcp://localhost:41063/mem:f240edcd-27ce-47a3-b4ab-a6a00c154135;USER=sa', scope='PlagiarismPostIntegrationTest#testEditPostWithUserMention'
    23:44:40.737 | 437 ool-1-worker-201 | DEBUG | d.t.c.a.a.c.s.f.ApiVersionFilter     : Adding Version to Request PUT /api/courses/745/posts/466
    23:44:40.738 | 437 ool-1-worker-201 | DEBUG | d.t.c.a.a.p.w.PlagiarismPostResource : PUT updatePost invoked for course 745 with post [user](postintegrationstudent1)[/user]
    23:44:40.744 | 437 ool-1-worker-201 | ERROR | tech.jhipster.web.util.HeaderUtil    : Entity processing failed, The name provided for user postintegrationstudent1 does not match the user's full name postintegrationstudent1First postintegrationstudent1Last
    23:44:40.744 | 437 ool-1-worker-201 | WARN  | o.z.p.spring.common.AdviceTraits     : Bad Request: The name provided for user postintegrationstudent1 does not match the user's full name postintegrationstudent1First postintegrationstudent1Last

  Starting logs for PlagiarismPostIntegrationTest > [4] userMention=[user]postintegrationstudent1First postintegrationstudent1Last()[/user], isUserMentionValid=false
    23:44:40.759 | 437 ool-1-worker-201 | DEBUG | d.t.c.a.a.c.u.util.UserUtilService   : Generate 5 students...
    23:44:40.768 | 437 ool-1-worker-201 | DEBUG | d.t.c.a.a.c.u.util.UserUtilService   : 5 students generated. Generate 5 tutors...
    23:44:40.776 | 437 ool-1-worker-201 | DEBUG | d.t.c.a.a.c.u.util.UserUtilService   : 5 tutors generated. Generate 4 editors...
    23:44:40.797 | 437 ool-1-worker-201 | DEBUG | d.t.c.a.a.c.u.util.UserUtilService   : 4 editors generated. Generate 4 instructors...
    23:44:40.807 | 437 ool-1-worker-201 | DEBUG | d.t.c.a.a.c.u.util.UserUtilService   : 4 instructors generated
    23:44:40.808 | 437 ool-1-worker-201 | DEBUG | d.t.c.a.a.c.u.util.UserUtilService   : Removing 18 users from all courses...
    23:44:40.811 | 437 ool-1-worker-201 | DEBUG | d.t.c.a.a.c.u.util.UserUtilService   : Removing 18 users from all courses. Done
    23:44:40.811 | 437 ool-1-worker-201 | DEBUG | d.t.c.a.a.c.u.util.UserUtilService   : Save 18 users to database...
    23:44:40.821 | 437 ool-1-worker-201 | DEBUG | d.t.c.a.a.c.u.util.UserUtilService   : Save 18 users to database. Done
    23:44:40.863 | 437 ool-1-worker-201 | INFO  | i.z.t.d.l.EmbeddedDatabaseReporter   : JDBC URL to connect to 'dataSource': url='jdbc:h2:tcp://localhost:41063/mem:f240edcd-27ce-47a3-b4ab-a6a00c154135;USER=sa', scope='PlagiarismPostIntegrationTest#testEditPostWithUserMention'
    23:44:40.865 | 437 ool-1-worker-201 | DEBUG | d.t.c.a.a.c.s.f.ApiVersionFilter     : Adding Version to Request PUT /api/courses/746/posts/492
    23:44:40.865 | 437 ool-1-worker-201 | DEBUG | d.t.c.a.a.p.w.PlagiarismPostResource : PUT updatePost invoked for course 746 with post [user]postintegrationstudent1First postintegrationstudent1Last()[/user]
    23:44:40.872 | 437 ool-1-worker-201 | ERROR | tech.jhipster.web.util.HeaderUtil    : Entity processing failed, At least one of the mentioned users does not exist
    23:44:40.872 | 437 ool-1-worker-201 | WARN  | o.z.p.spring.common.AdviceTraits     : Bad Request: At least one of the mentioned users does not exist

  Starting logs for PlagiarismPostIntegrationTest > [5] userMention=[user]postintegrationstudent1First postintegrationstudent1Last[/user], isUserMentionValid=false
    23:44:40.887 | 437 ool-1-worker-201 | DEBUG | d.t.c.a.a.c.u.util.UserUtilService   : Generate 5 students...
    23:44:40.895 | 437 ool-1-worker-201 | DEBUG | d.t.c.a.a.c.u.util.UserUtilService   : 5 students generated. Generate 5 tutors...
    23:44:40.902 | 437 ool-1-worker-201 | DEBUG | d.t.c.a.a.c.u.util.UserUtilService   : 5 tutors generated. Generate 4 editors...
    23:44:40.909 | 437 ool-1-worker-201 | DEBUG | d.t.c.a.a.c.u.util.UserUtilService   : 4 editors generated. Generate 4 instructors...
    23:44:40.916 | 437 ool-1-worker-201 | DEBUG | d.t.c.a.a.c.u.util.UserUtilService   : 4 instructors generated
    23:44:40.917 | 437 ool-1-worker-201 | DEBUG | d.t.c.a.a.c.u.util.UserUtilService   : Removing 18 users from all courses...
    23:44:40.920 | 437 ool-1-worker-201 | DEBUG | d.t.c.a.a.c.u.util.UserUtilService   : Removing 18 users from all courses. Done
    23:44:40.920 | 437 ool-1-worker-201 | DEBUG | d.t.c.a.a.c.u.util.UserUtilService   : Save 18 users to database...
    23:44:40.931 | 437 ool-1-worker-201 | DEBUG | d.t.c.a.a.c.u.util.UserUtilService   : Save 18 users to database. Done
    23:44:40.976 | 437 ool-1-worker-201 | INFO  | i.z.t.d.l.EmbeddedDatabaseReporter   : JDBC URL to connect to 'dataSource': url='jdbc:h2:tcp://localhost:41063/mem:f240edcd-27ce-47a3-b4ab-a6a00c154135;USER=sa', scope='PlagiarismPostIntegrationTest#testEditPostWithUserMention'
    23:44:40.977 | 437 ool-1-worker-201 | DEBUG | d.t.c.a.a.c.s.f.ApiVersionFilter     : Adding Version to Request PUT /api/courses/747/posts/518
    23:44:40.978 | 437 ool-1-worker-201 | DEBUG | d.t.c.a.a.p.w.PlagiarismPostResource : PUT updatePost invoked for course 747 with post [user]postintegrationstudent1First postintegrationstudent1Last[/user]
    23:44:40.989 | 437 ool-1-worker-201 | ERROR | tech.jhipster.web.util.HeaderUtil    : Entity processing failed, At least one of the mentioned users does not exist
    23:44:40.990 | 437 ool-1-worker-201 | WARN  | o.z.p.spring.common.AdviceTraits     : Bad Request: At least one of the mentioned users does not exist

  Starting logs for PlagiarismPostIntegrationTest > [6] userMention=[user]postintegrationstudent2First postintegrationstudent2Last(postintegrationstudent2)[/user][user]postintegrationstudent1First postintegrationstudent1Last(postintegrationstudent1)[/user], isUserMentionValid=true
    23:44:41.010 | 437 ool-1-worker-201 | DEBUG | d.t.c.a.a.c.u.util.UserUtilService   : Generate 5 students...
    23:44:41.018 | 437 ool-1-worker-201 | DEBUG | d.t.c.a.a.c.u.util.UserUtilService   : 5 students generated. Generate 5 tutors...
    23:44:41.026 | 437 ool-1-worker-201 | DEBUG | d.t.c.a.a.c.u.util.UserUtilService   : 5 tutors generated. Generate 4 editors...
    23:44:41.033 | 437 ool-1-worker-201 | DEBUG | d.t.c.a.a.c.u.util.UserUtilService   : 4 editors generated. Generate 4 instructors...
    23:44:41.040 | 437 ool-1-worker-201 | DEBUG | d.t.c.a.a.c.u.util.UserUtilService   : 4 instructors generated
    23:44:41.041 | 437 ool-1-worker-201 | DEBUG | d.t.c.a.a.c.u.util.UserUtilService   : Removing 18 users from all courses...
    23:44:41.044 | 437 ool-1-worker-201 | DEBUG | d.t.c.a.a.c.u.util.UserUtilService   : Removing 18 users from all courses. Done
    23:44:41.044 | 437 ool-1-worker-201 | DEBUG | d.t.c.a.a.c.u.util.UserUtilService   : Save 18 users to database...
    23:44:41.055 | 437 ool-1-worker-201 | DEBUG | d.t.c.a.a.c.u.util.UserUtilService   : Save 18 users to database. Done
    23:44:41.099 | 437 ool-1-worker-201 | INFO  | i.z.t.d.l.EmbeddedDatabaseReporter   : JDBC URL to connect to 'dataSource': url='jdbc:h2:tcp://localhost:41063/mem:f240edcd-27ce-47a3-b4ab-a6a00c154135;USER=sa', scope='PlagiarismPostIntegrationTest#testEditPostWithUserMention'
    23:44:41.100 | 437 ool-1-worker-201 | DEBUG | d.t.c.a.a.c.s.f.ApiVersionFilter     : Adding Version to Request PUT /api/courses/748/posts/544
    23:44:41.104 | 437 ool-1-worker-201 | DEBUG | d.t.c.a.a.p.w.PlagiarismPostResource : PUT updatePost invoked for course 748 with post [user]postintegrationstudent2First postintegrationstudent2Last(postintegrationstudent2)[/user][user]postintegrationstudent1First postintegrationstudent1Last(postintegrationstudent1)[/user]
    23:44:41.124 | 437 ool-1-worker-201 | INFO  | d.t.c.a.a.p.w.PlagiarismPostResource : updatePost took 20.36ms

  Starting logs for PlagiarismPostIntegrationTest > [7] userMention=[user]invalidName(postintegrationstudent1)[/user], isUserMentionValid=false
    23:44:41.157 | 437 ool-1-worker-201 | DEBUG | d.t.c.a.a.c.u.util.UserUtilService   : Generate 5 students...
    23:44:41.167 | 437 ool-1-worker-201 | DEBUG | d.t.c.a.a.c.u.util.UserUtilService   : 5 students generated. Generate 5 tutors...
    23:44:41.175 | 437 ool-1-worker-201 | DEBUG | d.t.c.a.a.c.u.util.UserUtilService   : 5 tutors generated. Generate 4 editors...
    23:44:41.182 | 437 ool-1-worker-201 | DEBUG | d.t.c.a.a.c.u.util.UserUtilService   : 4 editors generated. Generate 4 instructors...
    23:44:41.189 | 437 ool-1-worker-201 | DEBUG | d.t.c.a.a.c.u.util.UserUtilService   : 4 instructors generated
    23:44:41.190 | 437 ool-1-worker-201 | DEBUG | d.t.c.a.a.c.u.util.UserUtilService   : Removing 18 users from all courses...
    23:44:41.193 | 437 ool-1-worker-201 | DEBUG | d.t.c.a.a.c.u.util.UserUtilService   : Removing 18 users from all courses. Done
    23:44:41.193 | 437 ool-1-worker-201 | DEBUG | d.t.c.a.a.c.u.util.UserUtilService   : Save 18 users to database...
    23:44:41.206 | 437 ool-1-worker-201 | DEBUG | d.t.c.a.a.c.u.util.UserUtilService   : Save 18 users to database. Done
    23:44:41.250 | 437 ool-1-worker-201 | INFO  | i.z.t.d.l.EmbeddedDatabaseReporter   : JDBC URL to connect to 'dataSource': url='jdbc:h2:tcp://localhost:41063/mem:f240edcd-27ce-47a3-b4ab-a6a00c154135;USER=sa', scope='PlagiarismPostIntegrationTest#testEditPostWithUserMention'
    23:44:41.252 | 437 ool-1-worker-201 | DEBUG | d.t.c.a.a.c.s.f.ApiVersionFilter     : Adding Version to Request PUT /api/courses/749/posts/570
    23:44:41.252 | 437 ool-1-worker-201 | DEBUG | d.t.c.a.a.p.w.PlagiarismPostResource : PUT updatePost invoked for course 749 with post [user]invalidName(postintegrationstudent1)[/user]
    23:44:41.265 | 437 ool-1-worker-201 | ERROR | tech.jhipster.web.util.HeaderUtil    : Entity processing failed, The name provided for user postintegrationstudent1 does not match the user's full name postintegrationstudent1First postintegrationstudent1Last
    23:44:41.265 | 437 ool-1-worker-201 | WARN  | o.z.p.spring.common.AdviceTraits     : Bad Request: The name provided for user postintegrationstudent1 does not match the user's full name postintegrationstudent1First postintegrationstudent1Last

  Starting logs for PlagiarismPostIntegrationTest > [8] userMention=[user]noCourseMemberFirst noCourseMemberLast(nocoursemember)[/user], isUserMentionValid=false
    23:44:41.301 | 437 ool-1-worker-201 | DEBUG | d.t.c.a.a.c.u.util.UserUtilService   : Generate 5 students...
    23:44:41.313 | 437 ool-1-worker-201 | DEBUG | d.t.c.a.a.c.u.util.UserUtilService   : 5 students generated. Generate 5 tutors...
    23:44:41.330 | 437 ool-1-worker-201 | DEBUG | d.t.c.a.a.c.u.util.UserUtilService   : 5 tutors generated. Generate 4 editors...
    23:44:41.343 | 437 ool-1-worker-201 | DEBUG | d.t.c.a.a.c.u.util.UserUtilService   : 4 editors generated. Generate 4 instructors...
    23:44:41.353 | 437 ool-1-worker-201 | DEBUG | d.t.c.a.a.c.u.util.UserUtilService   : 4 instructors generated
    23:44:41.358 | 437 ool-1-worker-201 | DEBUG | d.t.c.a.a.c.u.util.UserUtilService   : Removing 18 users from all courses...
    23:44:41.360 | 437 ool-1-worker-201 | DEBUG | d.t.c.a.a.c.u.util.UserUtilService   : Removing 18 users from all courses. Done
    23:44:41.360 | 437 ool-1-worker-201 | DEBUG | d.t.c.a.a.c.u.util.UserUtilService   : Save 18 users to database...
    23:44:41.376 | 437 ool-1-worker-201 | DEBUG | d.t.c.a.a.c.u.util.UserUtilService   : Save 18 users to database. Done
    23:44:41.421 | 437 ool-1-worker-201 | INFO  | i.z.t.d.l.EmbeddedDatabaseReporter   : JDBC URL to connect to 'dataSource': url='jdbc:h2:tcp://localhost:41063/mem:f240edcd-27ce-47a3-b4ab-a6a00c154135;USER=sa', scope='PlagiarismPostIntegrationTest#testEditPostWithUserMention'
    23:44:41.422 | 437 ool-1-worker-201 | DEBUG | d.t.c.a.a.c.s.f.ApiVersionFilter     : Adding Version to Request PUT /api/courses/750/posts/596
    23:44:41.423 | 437 ool-1-worker-201 | DEBUG | d.t.c.a.a.p.w.PlagiarismPostResource : PUT updatePost invoked for course 750 with post [user]noCourseMemberFirst noCourseMemberLast(nocoursemember)[/user]
    23:44:41.429 | 437 ool-1-worker-201 | ERROR | tech.jhipster.web.util.HeaderUtil    : Entity processing failed, At least one of the mentioned users does not exist
    23:44:41.429 | 437 ool-1-worker-201 | WARN  | o.z.p.spring.common.AdviceTraits     : Bad Request: At least one of the mentioned users does not exist

  Starting logs for PlagiarismPostIntegrationTest > [9] userMention=[user]invalidName[user]postintegrationstudent1First postintegrationstudent1Last(postintegrationstudent1)[/user](invalid)[/user], isUserMentionValid=true
    23:44:41.445 | 437 ool-1-worker-201 | DEBUG | d.t.c.a.a.c.u.util.UserUtilService   : Generate 5 students...
    23:44:41.453 | 437 ool-1-worker-201 | DEBUG | d.t.c.a.a.c.u.util.UserUtilService   : 5 students generated. Generate 5 tutors...
    23:44:41.465 | 437 ool-1-worker-201 | DEBUG | d.t.c.a.a.c.u.util.UserUtilService   : 5 tutors generated. Generate 4 editors...
    23:44:41.472 | 437 ool-1-worker-201 | DEBUG | d.t.c.a.a.c.u.util.UserUtilService   : 4 editors generated. Generate 4 instructors...
    23:44:41.478 | 437 ool-1-worker-201 | DEBUG | d.t.c.a.a.c.u.util.UserUtilService   : 4 instructors generated
    23:44:41.480 | 437 ool-1-worker-201 | DEBUG | d.t.c.a.a.c.u.util.UserUtilService   : Removing 18 users from all courses...
    23:44:41.482 | 437 ool-1-worker-201 | DEBUG | d.t.c.a.a.c.u.util.UserUtilService   : Removing 18 users from all courses. Done
    23:44:41.482 | 437 ool-1-worker-201 | DEBUG | d.t.c.a.a.c.u.util.UserUtilService   : Save 18 users to database...
    23:44:41.494 | 437 ool-1-worker-201 | DEBUG | d.t.c.a.a.c.u.util.UserUtilService   : Save 18 users to database. Done
    23:44:41.558 | 437 ool-1-worker-201 | INFO  | i.z.t.d.l.EmbeddedDatabaseReporter   : JDBC URL to connect to 'dataSource': url='jdbc:h2:tcp://localhost:41063/mem:f240edcd-27ce-47a3-b4ab-a6a00c154135;USER=sa', scope='PlagiarismPostIntegrationTest#testEditPostWithUserMention'
    23:44:41.560 | 437 ool-1-worker-201 | DEBUG | d.t.c.a.a.c.s.f.ApiVersionFilter     : Adding Version to Request PUT /api/courses/751/posts/622
    23:44:41.560 | 437 ool-1-worker-201 | DEBUG | d.t.c.a.a.p.w.PlagiarismPostResource : PUT updatePost invoked for course 751 with post [user]invalidName[user]postintegrationstudent1First postintegrationstudent1Last(postintegrationstudent1)[/user](invalid)[/user]
    23:44:41.587 | 437 ool-1-worker-201 | INFO  | d.t.c.a.a.p.w.PlagiarismPostResource : updatePost took 26.56ms

  Starting logs for PlagiarismPostIntegrationTest > testEditPostWithIdIsNull_badRequest()
    23:44:41.605 | 437 ool-1-worker-201 | DEBUG | d.t.c.a.a.c.u.util.UserUtilService   : Generate 5 students...
    23:44:41.613 | 437 ool-1-worker-201 | DEBUG | d.t.c.a.a.c.u.util.UserUtilService   : 5 students generated. Generate 5 tutors...
    23:44:41.621 | 437 ool-1-worker-201 | DEBUG | d.t.c.a.a.c.u.util.UserUtilService   : 5 tutors generated. Generate 4 editors...
    23:44:41.634 | 437 ool-1-worker-201 | DEBUG | d.t.c.a.a.c.u.util.UserUtilService   : 4 editors generated. Generate 4 instructors...
    23:44:41.641 | 437 ool-1-worker-201 | DEBUG | d.t.c.a.a.c.u.util.UserUtilService   : 4 instructors generated
    23:44:41.643 | 437 ool-1-worker-201 | DEBUG | d.t.c.a.a.c.u.util.UserUtilService   : Removing 18 users from all courses...
    23:44:41.645 | 437 ool-1-worker-201 | DEBUG | d.t.c.a.a.c.u.util.UserUtilService   : Removing 18 users from all courses. Done
    23:44:41.645 | 437 ool-1-worker-201 | DEBUG | d.t.c.a.a.c.u.util.UserUtilService   : Save 18 users to database...
    23:44:41.657 | 437 ool-1-worker-201 | DEBUG | d.t.c.a.a.c.u.util.UserUtilService   : Save 18 users to database. Done
    23:44:41.702 | 437 ool-1-worker-201 | INFO  | i.z.t.d.l.EmbeddedDatabaseReporter   : JDBC URL to connect to 'dataSource': url='jdbc:h2:tcp://localhost:41063/mem:f240edcd-27ce-47a3-b4ab-a6a00c154135;USER=sa', scope='PlagiarismPostIntegrationTest#testEditPostWithIdIsNull_badRequest'
    23:44:41.704 | 437 ool-1-worker-201 | DEBUG | d.t.c.a.a.c.s.f.ApiVersionFilter     : Adding Version to Request PUT /api/courses/752/posts/null
    23:44:41.705 | 437 ool-1-worker-201 | WARN  | o.z.p.spring.common.AdviceTraits     : Bad Request: Method parameter 'postId': Failed to convert value of type 'java.lang.String' to required type 'java.lang.Long'; For input string: "null"

  Starting logs for PlagiarismPostIntegrationTest > testEditPost_asTutor()
    23:44:41.727 | 437 ool-1-worker-201 | DEBUG | d.t.c.a.a.c.u.util.UserUtilService   : Generate 5 students...
    23:44:41.745 | 437 ool-1-worker-201 | DEBUG | d.t.c.a.a.c.u.util.UserUtilService   : 5 students generated. Generate 5 tutors...
    23:44:41.758 | 437 ool-1-worker-201 | DEBUG | d.t.c.a.a.c.u.util.UserUtilService   : 5 tutors generated. Generate 4 editors...
    23:44:41.765 | 437 ool-1-worker-201 | DEBUG | d.t.c.a.a.c.u.util.UserUtilService   : 4 editors generated. Generate 4 instructors...
    23:44:41.772 | 437 ool-1-worker-201 | DEBUG | d.t.c.a.a.c.u.util.UserUtilService   : 4 instructors generated
    23:44:41.774 | 437 ool-1-worker-201 | DEBUG | d.t.c.a.a.c.u.util.UserUtilService   : Removing 18 users from all courses...
    23:44:41.776 | 437 ool-1-worker-201 | DEBUG | d.t.c.a.a.c.u.util.UserUtilService   : Removing 18 users from all courses. Done
    23:44:41.776 | 437 ool-1-worker-201 | DEBUG | d.t.c.a.a.c.u.util.UserUtilService   : Save 18 users to database...
    23:44:41.790 | 437 ool-1-worker-201 | DEBUG | d.t.c.a.a.c.u.util.UserUtilService   : Save 18 users to database. Done
    23:44:41.839 | 437 ool-1-worker-201 | INFO  | i.z.t.d.l.EmbeddedDatabaseReporter   : JDBC URL to connect to 'dataSource': url='jdbc:h2:tcp://localhost:41063/mem:f240edcd-27ce-47a3-b4ab-a6a00c154135;USER=sa', scope='PlagiarismPostIntegrationTest#testEditPost_asTutor'
    23:44:41.841 | 437 ool-1-worker-201 | DEBUG | d.t.c.a.a.c.s.f.ApiVersionFilter     : Adding Version to Request PUT /api/courses/753/posts/674
    23:44:41.842 | 437 ool-1-worker-201 | WARN  | o.z.p.spring.common.AdviceTraits     : Forbidden: Access Denied

  Starting logs for PlagiarismPostIntegrationTest > testCreatePostWithoutPlagiarismCase_badRequest()
    23:44:41.858 | 437 ool-1-worker-201 | DEBUG | d.t.c.a.a.c.u.util.UserUtilService   : Generate 5 students...
    23:44:41.866 | 437 ool-1-worker-201 | DEBUG | d.t.c.a.a.c.u.util.UserUtilService   : 5 students generated. Generate 5 tutors...
    23:44:41.874 | 437 ool-1-worker-201 | DEBUG | d.t.c.a.a.c.u.util.UserUtilService   : 5 tutors generated. Generate 4 editors...
    23:44:41.880 | 437 ool-1-worker-201 | DEBUG | d.t.c.a.a.c.u.util.UserUtilService   : 4 editors generated. Generate 4 instructors...
    23:44:41.887 | 437 ool-1-worker-201 | DEBUG | d.t.c.a.a.c.u.util.UserUtilService   : 4 instructors generated
    23:44:41.888 | 437 ool-1-worker-201 | DEBUG | d.t.c.a.a.c.u.util.UserUtilService   : Removing 18 users from all courses...
    23:44:41.891 | 437 ool-1-worker-201 | DEBUG | d.t.c.a.a.c.u.util.UserUtilService   : Removing 18 users from all courses. Done
    23:44:41.891 | 437 ool-1-worker-201 | DEBUG | d.t.c.a.a.c.u.util.UserUtilService   : Save 18 users to database...
    23:44:41.903 | 437 ool-1-worker-201 | DEBUG | d.t.c.a.a.c.u.util.UserUtilService   : Save 18 users to database. Done
    23:44:41.946 | 437 ool-1-worker-201 | INFO  | i.z.t.d.l.EmbeddedDatabaseReporter   : JDBC URL to connect to 'dataSource': url='jdbc:h2:tcp://localhost:41063/mem:f240edcd-27ce-47a3-b4ab-a6a00c154135;USER=sa', scope='PlagiarismPostIntegrationTest#testCreatePostWithoutPlagiarismCase_badRequest'
    23:44:41.948 | 437 ool-1-worker-201 | DEBUG | d.t.c.a.a.c.s.f.ApiVersionFilter     : Adding Version to Request POST /api/courses/755/posts
    23:44:41.950 | 437 ool-1-worker-201 | WARN  | o.z.p.spring.common.AdviceTraits     : Bad Request: Validation failed for argument [1] in public org.springframework.http.ResponseEntity<de.tum.cit.aet.artemis.communication.domain.Post> de.tum.cit.aet.artemis.plagiarism.web.PlagiarismPostResource.createPost(java.lang.Long,de.tum.cit.aet.artemis.communication.domain.Post) throws java.net.URISyntaxException: [Error in object 'post': codes [PostConstraints.post,PostConstraints]; arguments [org.springframework.context.support.DefaultMessageSourceResolvable: codes [post]; arguments []; default message []]; default message [{de.tum.cit.aet.artemis.communication.domain.PostConstraints}]] 

  Starting logs for PlagiarismPostIntegrationTest > testDeletePost_asTutor_forbidden()
    23:44:41.967 | 437 ool-1-worker-201 | DEBUG | d.t.c.a.a.c.u.util.UserUtilService   : Generate 5 students...
    23:44:41.975 | 437 ool-1-worker-201 | DEBUG | d.t.c.a.a.c.u.util.UserUtilService   : 5 students generated. Generate 5 tutors...
    23:44:41.982 | 437 ool-1-worker-201 | DEBUG | d.t.c.a.a.c.u.util.UserUtilService   : 5 tutors generated. Generate 4 editors...
    23:44:41.997 | 437 ool-1-worker-201 | DEBUG | d.t.c.a.a.c.u.util.UserUtilService   : 4 editors generated. Generate 4 instructors...
    23:44:42.009 | 437 ool-1-worker-201 | DEBUG | d.t.c.a.a.c.u.util.UserUtilService   : 4 instructors generated
    23:44:42.014 | 437 ool-1-worker-201 | DEBUG | d.t.c.a.a.c.u.util.UserUtilService   : Removing 18 users from all courses...
    23:44:42.016 | 437 ool-1-worker-201 | DEBUG | d.t.c.a.a.c.u.util.UserUtilService   : Removing 18 users from all courses. Done
    23:44:42.016 | 437 ool-1-worker-201 | DEBUG | d.t.c.a.a.c.u.util.UserUtilService   : Save 18 users to database...
    23:44:42.028 | 437 ool-1-worker-201 | DEBUG | d.t.c.a.a.c.u.util.UserUtilService   : Save 18 users to database. Done
    23:44:42.070 | 437 ool-1-worker-201 | INFO  | i.z.t.d.l.EmbeddedDatabaseReporter   : JDBC URL to connect to 'dataSource': url='jdbc:h2:tcp://localhost:41063/mem:f240edcd-27ce-47a3-b4ab-a6a00c154135;USER=sa', scope='PlagiarismPostIntegrationTest#testDeletePost_asTutor_forbidden'
    23:44:42.071 | 437 ool-1-worker-201 | DEBUG | d.t.c.a.a.c.s.f.ApiVersionFilter     : Adding Version to Request DELETE /api/courses/756/posts/726
    23:44:42.072 | 437 ool-1-worker-201 | WARN  | o.z.p.spring.common.AdviceTraits     : Forbidden: Access Denied

  Starting logs for PlagiarismPostIntegrationTest > testGetPostsForCourse_WithPlagiarismCaseIdRequestParam_asStudent_Forbidden()
    23:44:42.089 | 437 ool-1-worker-201 | DEBUG | d.t.c.a.a.c.u.util.UserUtilService   : Generate 5 students...
    23:44:42.097 | 437 ool-1-worker-201 | DEBUG | d.t.c.a.a.c.u.util.UserUtilService   : 5 students generated. Generate 5 tutors...
    23:44:42.104 | 437 ool-1-worker-201 | DEBUG | d.t.c.a.a.c.u.util.UserUtilService   : 5 tutors generated. Generate 4 editors...
    23:44:42.110 | 437 ool-1-worker-201 | DEBUG | d.t.c.a.a.c.u.util.UserUtilService   : 4 editors generated. Generate 4 instructors...
    23:44:42.117 | 437 ool-1-worker-201 | DEBUG | d.t.c.a.a.c.u.util.UserUtilService   : 4 instructors generated
    23:44:42.118 | 437 ool-1-worker-201 | DEBUG | d.t.c.a.a.c.u.util.UserUtilService   : Removing 18 users from all courses...
    23:44:42.120 | 437 ool-1-worker-201 | DEBUG | d.t.c.a.a.c.u.util.UserUtilService   : Removing 18 users from all courses. Done
    23:44:42.120 | 437 ool-1-worker-201 | DEBUG | d.t.c.a.a.c.u.util.UserUtilService   : Save 18 users to database...
    23:44:42.131 | 437 ool-1-worker-201 | DEBUG | d.t.c.a.a.c.u.util.UserUtilService   : Save 18 users to database. Done
    23:44:42.206 | 437 ool-1-worker-201 | INFO  | i.z.t.d.l.EmbeddedDatabaseReporter   : JDBC URL to connect to 'dataSource': url='jdbc:h2:tcp://localhost:41063/mem:f240edcd-27ce-47a3-b4ab-a6a00c154135;USER=sa', scope='PlagiarismPostIntegrationTest#testGetPostsForCourse_WithPlagiarismCaseIdRequestParam_asStudent_Forbidden'
    23:44:42.207 | 437 ool-1-worker-201 | DEBUG | d.t.c.a.a.c.s.f.ApiVersionFilter     : Adding Version to Request GET /api/courses/757/posts
    23:44:42.212 | 437 ool-1-worker-201 | WARN  | o.z.p.spring.common.AdviceTraits     : Forbidden: Only instructors in the course or the students affected by the plagiarism case are allowed to view its post

  Starting logs for PlagiarismPostIntegrationTest > testGetPostsForCourse_WithInvalidRequestParams_badRequest()
    23:44:42.227 | 437 ool-1-worker-201 | DEBUG | d.t.c.a.a.c.u.util.UserUtilService   : Generate 5 students...
    23:44:42.234 | 437 ool-1-worker-201 | DEBUG | d.t.c.a.a.c.u.util.UserUtilService   : 5 students generated. Generate 5 tutors...
    23:44:42.242 | 437 ool-1-worker-201 | DEBUG | d.t.c.a.a.c.u.util.UserUtilService   : 5 tutors generated. Generate 4 editors...
    23:44:42.248 | 437 ool-1-worker-201 | DEBUG | d.t.c.a.a.c.u.util.UserUtilService   : 4 editors generated. Generate 4 instructors...
    23:44:42.255 | 437 ool-1-worker-201 | DEBUG | d.t.c.a.a.c.u.util.UserUtilService   : 4 instructors generated
    23:44:42.257 | 437 ool-1-worker-201 | DEBUG | d.t.c.a.a.c.u.util.UserUtilService   : Removing 18 users from all courses...
    23:44:42.259 | 437 ool-1-worker-201 | DEBUG | d.t.c.a.a.c.u.util.UserUtilService   : Removing 18 users from all courses. Done
    23:44:42.259 | 437 ool-1-worker-201 | DEBUG | d.t.c.a.a.c.u.util.UserUtilService   : Save 18 users to database...
    23:44:42.272 | 437 ool-1-worker-201 | DEBUG | d.t.c.a.a.c.u.util.UserUtilService   : Save 18 users to database. Done
    23:44:42.323 | 437 ool-1-worker-201 | INFO  | i.z.t.d.l.EmbeddedDatabaseReporter   : JDBC URL to connect to 'dataSource': url='jdbc:h2:tcp://localhost:41063/mem:f240edcd-27ce-47a3-b4ab-a6a00c154135;USER=sa', scope='PlagiarismPostIntegrationTest#testGetPostsForCourse_WithInvalidRequestParams_badRequest'
    23:44:42.325 | 437 ool-1-worker-201 | DEBUG | d.t.c.a.a.c.s.f.ApiVersionFilter     : Adding Version to Request GET /api/courses/758/posts
    23:44:42.327 | 437 ool-1-worker-201 | ERROR | tech.jhipster.web.util.HeaderUtil    : Entity processing failed, A post cannot be associated with more than one context if plagiarismCaseId is set
    23:44:42.327 | 437 ool-1-worker-201 | WARN  | o.z.p.spring.common.AdviceTraits     : Bad Request: A post cannot be associated with more than one context if plagiarismCaseId is set

  Starting logs for PlagiarismPostIntegrationTest > testDeletePost_asInstructor()
    23:44:42.341 | 437 ool-1-worker-201 | DEBUG | d.t.c.a.a.c.u.util.UserUtilService   : Generate 5 students...
    23:44:42.349 | 437 ool-1-worker-201 | DEBUG | d.t.c.a.a.c.u.util.UserUtilService   : 5 students generated. Generate 5 tutors...
    23:44:42.356 | 437 ool-1-worker-201 | DEBUG | d.t.c.a.a.c.u.util.UserUtilService   : 5 tutors generated. Generate 4 editors...
    23:44:42.362 | 437 ool-1-worker-201 | DEBUG | d.t.c.a.a.c.u.util.UserUtilService   : 4 editors generated. Generate 4 instructors...
    23:44:42.368 | 437 ool-1-worker-201 | DEBUG | d.t.c.a.a.c.u.util.UserUtilService   : 4 instructors generated
    23:44:42.369 | 437 ool-1-worker-201 | DEBUG | d.t.c.a.a.c.u.util.UserUtilService   : Removing 18 users from all courses...
    23:44:42.371 | 437 ool-1-worker-201 | DEBUG | d.t.c.a.a.c.u.util.UserUtilService   : Removing 18 users from all courses. Done
    23:44:42.371 | 437 ool-1-worker-201 | DEBUG | d.t.c.a.a.c.u.util.UserUtilService   : Save 18 users to database...
    23:44:42.380 | 437 ool-1-worker-201 | DEBUG | d.t.c.a.a.c.u.util.UserUtilService   : Save 18 users to database. Done
    23:44:42.423 | 437 ool-1-worker-201 | INFO  | i.z.t.d.l.EmbeddedDatabaseReporter   : JDBC URL to connect to 'dataSource': url='jdbc:h2:tcp://localhost:41063/mem:f240edcd-27ce-47a3-b4ab-a6a00c154135;USER=sa', scope='PlagiarismPostIntegrationTest#testDeletePost_asInstructor'
    23:44:42.424 | 437 ool-1-worker-201 | DEBUG | d.t.c.a.a.c.s.f.ApiVersionFilter     : Adding Version to Request DELETE /api/courses/759/posts/804
    23:44:42.425 | 437 ool-1-worker-201 | DEBUG | d.t.c.a.a.p.w.PlagiarismPostResource : DELETE deletePost invoked for course 759 on post 804
    23:44:42.434 | 437 ool-1-worker-201 | INFO  | d.t.c.a.a.p.w.PlagiarismPostResource : deletePost took 9.81ms

  Starting logs for PlagiarismPostIntegrationTest > testCreateExistingPost_badRequest()
    23:44:42.463 | 437 ool-1-worker-201 | DEBUG | d.t.c.a.a.c.u.util.UserUtilService   : Generate 5 students...
    23:44:42.470 | 437 ool-1-worker-201 | DEBUG | d.t.c.a.a.c.u.util.UserUtilService   : 5 students generated. Generate 5 tutors...
    23:44:42.476 | 437 ool-1-worker-201 | DEBUG | d.t.c.a.a.c.u.util.UserUtilService   : 5 tutors generated. Generate 4 editors...
    23:44:42.482 | 437 ool-1-worker-201 | DEBUG | d.t.c.a.a.c.u.util.UserUtilService   : 4 editors generated. Generate 4 instructors...
    23:44:42.488 | 437 ool-1-worker-201 | DEBUG | d.t.c.a.a.c.u.util.UserUtilService   : 4 instructors generated
    23:44:42.489 | 437 ool-1-worker-201 | DEBUG | d.t.c.a.a.c.u.util.UserUtilService   : Removing 18 users from all courses...
    23:44:42.491 | 437 ool-1-worker-201 | DEBUG | d.t.c.a.a.c.u.util.UserUtilService   : Removing 18 users from all courses. Done
    23:44:42.491 | 437 ool-1-worker-201 | DEBUG | d.t.c.a.a.c.u.util.UserUtilService   : Save 18 users to database...
    23:44:42.500 | 437 ool-1-worker-201 | DEBUG | d.t.c.a.a.c.u.util.UserUtilService   : Save 18 users to database. Done
    23:44:42.540 | 437 ool-1-worker-201 | INFO  | i.z.t.d.l.EmbeddedDatabaseReporter   : JDBC URL to connect to 'dataSource': url='jdbc:h2:tcp://localhost:41063/mem:f240edcd-27ce-47a3-b4ab-a6a00c154135;USER=sa', scope='PlagiarismPostIntegrationTest#testCreateExistingPost_badRequest'
    23:44:42.733 | 437 ool-1-worker-201 | DEBUG | d.t.c.a.a.c.s.f.ApiVersionFilter     : Adding Version to Request POST /api/courses/760/posts
    23:44:42.734 | 437 ool-1-worker-201 | DEBUG | d.t.c.a.a.p.w.PlagiarismPostResource : POST createPost invoked for course 760 with post Content Post 1
    23:44:42.735 | 437 ool-1-worker-201 | ERROR | tech.jhipster.web.util.HeaderUtil    : Entity processing failed, A new post cannot already have an ID
    23:44:42.735 | 437 ool-1-worker-201 | WARN  | o.z.p.spring.common.AdviceTraits     : Bad Request: A new post cannot already have an ID

  Starting logs for PlagiarismPostIntegrationTest > testValidatePostContextConstraintViolation()
    23:44:42.931 | 437 ool-1-worker-201 | DEBUG | d.t.c.a.a.c.u.util.UserUtilService   : Generate 5 students...
    23:44:42.945 | 437 ool-1-worker-201 | DEBUG | d.t.c.a.a.c.u.util.UserUtilService   : 5 students generated. Generate 5 tutors...
    23:44:42.951 | 437 ool-1-worker-201 | DEBUG | d.t.c.a.a.c.u.util.UserUtilService   : 5 tutors generated. Generate 4 editors...
    23:44:42.957 | 437 ool-1-worker-201 | DEBUG | d.t.c.a.a.c.u.util.UserUtilService   : 4 editors generated. Generate 4 instructors...
    23:44:42.963 | 437 ool-1-worker-201 | DEBUG | d.t.c.a.a.c.u.util.UserUtilService   : 4 instructors generated
    23:44:42.965 | 437 ool-1-worker-201 | DEBUG | d.t.c.a.a.c.u.util.UserUtilService   : Removing 18 users from all courses...
    23:44:42.966 | 437 ool-1-worker-201 | DEBUG | d.t.c.a.a.c.u.util.UserUtilService   : Removing 18 users from all courses. Done
    23:44:42.966 | 437 ool-1-worker-201 | DEBUG | d.t.c.a.a.c.u.util.UserUtilService   : Save 18 users to database...
    23:44:42.976 | 437 ool-1-worker-201 | DEBUG | d.t.c.a.a.c.u.util.UserUtilService   : Save 18 users to database. Done
    23:44:43.015 | 437 ool-1-worker-201 | INFO  | i.z.t.d.l.EmbeddedDatabaseReporter   : JDBC URL to connect to 'dataSource': url='jdbc:h2:tcp://localhost:41063/mem:f240edcd-27ce-47a3-b4ab-a6a00c154135;USER=sa', scope='PlagiarismPostIntegrationTest#testValidatePostContextConstraintViolation'
    23:44:43.017 | 437 ool-1-worker-201 | DEBUG | d.t.c.a.a.c.s.f.ApiVersionFilter     : Adding Version to Request POST /api/courses/761/posts
    23:44:43.018 | 437 ool-1-worker-201 | WARN  | o.z.p.spring.common.AdviceTraits     : Bad Request: Validation failed for argument [1] in public org.springframework.http.ResponseEntity<de.tum.cit.aet.artemis.communication.domain.Post> de.tum.cit.aet.artemis.plagiarism.web.PlagiarismPostResource.createPost(java.lang.Long,de.tum.cit.aet.artemis.communication.domain.Post) throws java.net.URISyntaxException: [Error in object 'post': codes [PostConstraints.post,PostConstraints]; arguments [org.springframework.context.support.DefaultMessageSourceResolvable: codes [post]; arguments []; default message []]; default message [{de.tum.cit.aet.artemis.communication.domain.PostConstraints}]] 

Finished logs for PlagiarismPostIntegrationTest
]]></system-out>
  <system-err><![CDATA[]]></system-err>
</testsuite>
