<?xml version="1.0" encoding="UTF-8"?>
<testsuite name="de.tum.cit.aet.artemis.programming.ProgrammingExerciseResultJenkinsIntegrationTest" tests="19" skipped="0" failures="0" errors="0" timestamp="2025-02-14T23:46:47" hostname="fv-az1721-502" time="5.661">
  <properties/>
  <testcase name="shouldGenerateNewManualResultIfManualAssessmentExists()" classname="de.tum.cit.aet.artemis.programming.ProgrammingExerciseResultJenkinsIntegrationTest" time="0.42"/>
  <testcase name="shouldIgnoreResultNotOnParticipationDefaultBranch()" classname="de.tum.cit.aet.artemis.programming.ProgrammingExerciseResultJenkinsIntegrationTest" time="0.198"/>
  <testcase name="shouldUpdateTestCasesAndResultScoreFromSolutionParticipationResult()" classname="de.tum.cit.aet.artemis.programming.ProgrammingExerciseResultJenkinsIntegrationTest" time="0.352"/>
  <testcase name="shouldIgnoreResultOnOtherBranches()" classname="de.tum.cit.aet.artemis.programming.ProgrammingExerciseResultJenkinsIntegrationTest" time="0.139"/>
  <testcase name="shouldCreateResultOnDefaultBranch()" classname="de.tum.cit.aet.artemis.programming.ProgrammingExerciseResultJenkinsIntegrationTest" time="0.13"/>
  <testcase name="shouldRejectCommitsWithoutCommitHash()" classname="de.tum.cit.aet.artemis.programming.ProgrammingExerciseResultJenkinsIntegrationTest" time="0.128"/>
  <testcase name="shouldUpdateParticipantScoresOnlyOnce()" classname="de.tum.cit.aet.artemis.programming.ProgrammingExerciseResultJenkinsIntegrationTest" time="0.139"/>
  <testcase name="shouldStoreFeedbackForResultWithStaticCodeAnalysisReport(ProgrammingLanguage) [1] programmingLanguage=JAVA" classname="de.tum.cit.aet.artemis.programming.ProgrammingExerciseResultJenkinsIntegrationTest" time="0.252"/>
  <testcase name="shouldStoreFeedbackForResultWithStaticCodeAnalysisReport(ProgrammingLanguage) [2] programmingLanguage=SWIFT" classname="de.tum.cit.aet.artemis.programming.ProgrammingExerciseResultJenkinsIntegrationTest" time="0.196"/>
  <testcase name="shouldCorrectlyNotifyStudentsAboutNewResultsInOngoingExamExercise()" classname="de.tum.cit.aet.artemis.programming.ProgrammingExerciseResultJenkinsIntegrationTest" time="0.17"/>
  <testcase name="shouldUpdateTestCasesAndResultScoreFromSolutionParticipationResultWithFailedTests()" classname="de.tum.cit.aet.artemis.programming.ProgrammingExerciseResultJenkinsIntegrationTest" time="0.142"/>
  <testcase name="shouldCreateResultOnParticipationDefaultBranch()" classname="de.tum.cit.aet.artemis.programming.ProgrammingExerciseResultJenkinsIntegrationTest" time="0.091"/>
  <testcase name="shouldStoreFeedbackForResultWithStaticCodeAnalysisReportAndCustomTestMessages(ProgrammingLanguage) [1] programmingLanguage=JAVA" classname="de.tum.cit.aet.artemis.programming.ProgrammingExerciseResultJenkinsIntegrationTest" time="0.207"/>
  <testcase name="shouldStoreFeedbackForResultWithStaticCodeAnalysisReportAndCustomTestMessages(ProgrammingLanguage) [2] programmingLanguage=SWIFT" classname="de.tum.cit.aet.artemis.programming.ProgrammingExerciseResultJenkinsIntegrationTest" time="0.219"/>
  <testcase name="shouldRemoveTestCaseNamesFromWebsocketNotification()" classname="de.tum.cit.aet.artemis.programming.ProgrammingExerciseResultJenkinsIntegrationTest" time="0.161"/>
  <testcase name="shouldUpdateFeedbackInSemiAutomaticResult()" classname="de.tum.cit.aet.artemis.programming.ProgrammingExerciseResultJenkinsIntegrationTest" time="0.204"/>
  <testcase name="shouldCreateResultOnCustomDefaultBranch()" classname="de.tum.cit.aet.artemis.programming.ProgrammingExerciseResultJenkinsIntegrationTest" time="0.121"/>
  <testcase name="shouldCorrectlyNotifyStudentsAboutNewResults()" classname="de.tum.cit.aet.artemis.programming.ProgrammingExerciseResultJenkinsIntegrationTest" time="0.142"/>
  <testcase name="shouldNotNotifyStudentsAboutNewResultsInEndedExamExercise()" classname="de.tum.cit.aet.artemis.programming.ProgrammingExerciseResultJenkinsIntegrationTest" time="2.202"/>
  <system-out><![CDATA[
Starting logs for ProgrammingExerciseResultJenkinsIntegrationTest

  Starting logs for ProgrammingExerciseResultJenkinsIntegrationTest > shouldGenerateNewManualResultIfManualAssessmentExists()
    23:46:47.113 | 456 ool-1-worker-220 | DEBUG | d.t.c.a.a.c.u.util.UserUtilService   : Generate 2 students...
    23:46:47.118 | 456 ool-1-worker-220 | DEBUG | d.t.c.a.a.c.u.util.UserUtilService   : 2 students generated. Generate 2 tutors...
    23:46:47.122 | 456 ool-1-worker-220 | DEBUG | d.t.c.a.a.c.u.util.UserUtilService   : 2 tutors generated. Generate 0 editors...
    23:46:47.124 | 456 ool-1-worker-220 | DEBUG | d.t.c.a.a.c.u.util.UserUtilService   : 0 editors generated. Generate 2 instructors...
    23:46:47.132 | 456 ool-1-worker-220 | DEBUG | d.t.c.a.a.c.u.util.UserUtilService   : 2 instructors generated
    23:46:47.139 | 456 ool-1-worker-220 | DEBUG | d.t.c.a.a.c.u.util.UserUtilService   : Removing 9 users from all courses...
    23:46:47.143 | 456 ool-1-worker-220 | DEBUG | d.t.c.a.a.c.u.util.UserUtilService   : Removing 9 users from all courses. Done
    23:46:47.143 | 456 ool-1-worker-220 | DEBUG | d.t.c.a.a.c.u.util.UserUtilService   : Save 6 users to database...
    23:46:47.147 | 456 ool-1-worker-220 | DEBUG | d.t.c.a.a.c.u.util.UserUtilService   : Save 6 users to database. Done
    23:46:47.259 | 456 ool-1-worker-220 | DEBUG | PersonalAccessTokenManagementService : Generate secure vcs access token
    23:46:47.266 | 456 ool-1-worker-220 | DEBUG | PersonalAccessTokenManagementService : Generate secure vcs access token
    23:46:47.273 | 456 ool-1-worker-220 | INFO  | i.z.t.d.l.EmbeddedDatabaseReporter   : JDBC URL to connect to 'dataSource': url='jdbc:h2:tcp://localhost:41063/mem:736625c0-cf5e-400d-aeaa-8a7eabd6262b;USER=sa', scope='ProgrammingExerciseResultJenkinsIntegrationTest#shouldGenerateNewManualResultIfManualAssessmentExists'
    23:46:47.292 | 456 ool-1-worker-220 | DEBUG | .c.s.m.InstanceMessageReceiveService : Received schedule participant score for exercise 3123 and participant 750 (result to be deleted: null)
    23:46:47.292 | 456 ool-1-worker-220 | DEBUG | .a.s.ParticipantScoreScheduleService : Scheduled task for exercise 3123 and participant 750 at 2025-02-14T23:46:47.392853371Z[Etc/UTC].
    23:46:47.336 | 456 ool-1-worker-220 | DEBUG | .c.s.m.InstanceMessageReceiveService : Received schedule participant score for exercise 3123 and participant 750 (result to be deleted: null)
    23:46:47.336 | 456 ool-1-worker-220 | DEBUG | .a.s.ParticipantScoreScheduleService : Scheduled task for exercise 3123 and participant 750 at 2025-02-14T23:46:47.436419148Z[Etc/UTC].
    23:46:47.364 | 456 ool-1-worker-220 | DEBUG | .c.s.m.InstanceMessageReceiveService : Received schedule participant score for exercise 3123 and participant 750 (result to be deleted: null)
    23:46:47.364 | 456 ool-1-worker-220 | DEBUG | .a.s.ParticipantScoreScheduleService : Scheduled task for exercise 3123 and participant 750 at 2025-02-14T23:46:47.464355227Z[Etc/UTC].
    23:46:47.382 | 456 ool-1-worker-220 | DEBUG | .s.ProgrammingExerciseGradingService : Received new build result (NEW) for participation 3682
    23:46:47.453 | 456 ool-1-worker-220 | DEBUG | .c.s.m.InstanceMessageReceiveService : Received schedule participant score for exercise 3123 and participant 750 (result to be deleted: null)
    23:46:47.453 | 456 ool-1-worker-220 | DEBUG | .a.s.ParticipantScoreScheduleService : Scheduled task for exercise 3123 and participant 750 at 2025-02-14T23:46:47.553617326Z[Etc/UTC].
    23:46:47.457 | 456 ool-1-worker-220 | DEBUG | .s.ProgrammingExerciseGradingService : Received new build result (NEW) for participation 3682
    23:46:47.504 | 456 ool-1-worker-220 | DEBUG | .c.s.m.InstanceMessageReceiveService : Received schedule participant score for exercise 3123 and participant 750 (result to be deleted: null)
    23:46:47.505 | 456 ool-1-worker-220 | DEBUG | .a.s.ParticipantScoreScheduleService : Scheduled task for exercise 3123 and participant 750 at 2025-02-14T23:46:47.605026751Z[Etc/UTC].

  Starting logs for ProgrammingExerciseResultJenkinsIntegrationTest > shouldIgnoreResultNotOnParticipationDefaultBranch()
    23:46:47.539 | 456 ool-1-worker-220 | DEBUG | d.t.c.a.a.c.u.util.UserUtilService   : Generate 2 students...
    23:46:47.545 | 456 ool-1-worker-220 | DEBUG | d.t.c.a.a.c.u.util.UserUtilService   : 2 students generated. Generate 2 tutors...
    23:46:47.556 | 456 ool-1-worker-220 | DEBUG | d.t.c.a.a.c.u.util.UserUtilService   : 2 tutors generated. Generate 0 editors...
    23:46:47.557 | 456 ool-1-worker-220 | DEBUG | d.t.c.a.a.c.u.util.UserUtilService   : 0 editors generated. Generate 2 instructors...
    23:46:47.567 | 456 ool-1-worker-220 | DEBUG | d.t.c.a.a.c.u.util.UserUtilService   : 2 instructors generated
    23:46:47.572 | 456 ool-1-worker-220 | DEBUG | d.t.c.a.a.c.u.util.UserUtilService   : Removing 6 users from all courses...
    23:46:47.573 | 456 ool-1-worker-220 | DEBUG | d.t.c.a.a.c.u.util.UserUtilService   : Removing 6 users from all courses. Done
    23:46:47.573 | 456 ool-1-worker-220 | DEBUG | d.t.c.a.a.c.u.util.UserUtilService   : Save 6 users to database...
    23:46:47.596 | 456 ool-1-worker-220 | DEBUG | d.t.c.a.a.c.u.util.UserUtilService   : Save 6 users to database. Done
    23:46:47.684 | 456 ool-1-worker-220 | DEBUG | PersonalAccessTokenManagementService : Generate secure vcs access token
    23:46:47.694 | 456 ool-1-worker-220 | DEBUG | PersonalAccessTokenManagementService : Generate secure vcs access token
    23:46:47.700 | 456 ool-1-worker-220 | INFO  | i.z.t.d.l.EmbeddedDatabaseReporter   : JDBC URL to connect to 'dataSource': url='jdbc:h2:tcp://localhost:41063/mem:736625c0-cf5e-400d-aeaa-8a7eabd6262b;USER=sa', scope='ProgrammingExerciseResultJenkinsIntegrationTest#shouldIgnoreResultNotOnParticipationDefaultBranch'
    23:46:47.706 | 456 ool-1-worker-220 | DEBUG | .s.ProgrammingExerciseGradingService : Received new build result (NEW) for participation 3688

  Starting logs for ProgrammingExerciseResultJenkinsIntegrationTest > shouldUpdateTestCasesAndResultScoreFromSolutionParticipationResult()
    23:46:47.742 | 456 ool-1-worker-220 | DEBUG | d.t.c.a.a.c.u.util.UserUtilService   : Generate 2 students...
    23:46:47.749 | 456 ool-1-worker-220 | DEBUG | d.t.c.a.a.c.u.util.UserUtilService   : 2 students generated. Generate 2 tutors...
    23:46:47.759 | 456 ool-1-worker-220 | DEBUG | d.t.c.a.a.c.u.util.UserUtilService   : 2 tutors generated. Generate 0 editors...
    23:46:47.760 | 456 ool-1-worker-220 | DEBUG | d.t.c.a.a.c.u.util.UserUtilService   : 0 editors generated. Generate 2 instructors...
    23:46:47.768 | 456 ool-1-worker-220 | DEBUG | d.t.c.a.a.c.u.util.UserUtilService   : 2 instructors generated
    23:46:47.769 | 456 ool-1-worker-220 | DEBUG | d.t.c.a.a.c.u.util.UserUtilService   : Removing 6 users from all courses...
    23:46:47.773 | 456 ool-1-worker-220 | DEBUG | d.t.c.a.a.c.u.util.UserUtilService   : Removing 6 users from all courses. Done
    23:46:47.773 | 456 ool-1-worker-220 | DEBUG | d.t.c.a.a.c.u.util.UserUtilService   : Save 6 users to database...
    23:46:47.783 | 456 ool-1-worker-220 | DEBUG | d.t.c.a.a.c.u.util.UserUtilService   : Save 6 users to database. Done
    23:46:47.872 | 456 ool-1-worker-220 | DEBUG | PersonalAccessTokenManagementService : Generate secure vcs access token
    23:46:47.882 | 456 ool-1-worker-220 | DEBUG | PersonalAccessTokenManagementService : Generate secure vcs access token
    23:46:47.885 | 456 ool-1-worker-220 | INFO  | i.z.t.d.l.EmbeddedDatabaseReporter   : JDBC URL to connect to 'dataSource': url='jdbc:h2:tcp://localhost:41063/mem:736625c0-cf5e-400d-aeaa-8a7eabd6262b;USER=sa', scope='ProgrammingExerciseResultJenkinsIntegrationTest#shouldUpdateTestCasesAndResultScoreFromSolutionParticipationResult'
    23:46:47.906 | 456 ool-1-worker-220 | DEBUG | .s.ProgrammingExerciseGradingService : Received new build result (NEW) for participation 3690
    23:46:47.929 | 456 ool-1-worker-220 | WARN  | .s.ProgrammingExerciseGradingService : Could not find pending ProgrammingSubmission for Commit Hash 9b3a9bd71a0d80e5bbc42204c319ed3d1d4f0d6d (Participation 3690, Build Plan SHORT26AED2CF0B152044E40A44C0C43F7A11E69ATSTEXC-SOLUTION). Will create a new one subsequently...
    23:46:47.992 | 456 ool-1-worker-220 | DEBUG | .s.ProgrammingExerciseGradingService : Received new build result (NEW) for participation 3690

  Starting logs for ProgrammingExerciseResultJenkinsIntegrationTest > shouldIgnoreResultOnOtherBranches()
    23:46:48.104 | 456 ool-1-worker-220 | DEBUG | d.t.c.a.a.c.u.util.UserUtilService   : Generate 2 students...
    23:46:48.111 | 456 ool-1-worker-220 | DEBUG | d.t.c.a.a.c.u.util.UserUtilService   : 2 students generated. Generate 2 tutors...
    23:46:48.118 | 456 ool-1-worker-220 | DEBUG | d.t.c.a.a.c.u.util.UserUtilService   : 2 tutors generated. Generate 0 editors...
    23:46:48.122 | 456 ool-1-worker-220 | DEBUG | d.t.c.a.a.c.u.util.UserUtilService   : 0 editors generated. Generate 2 instructors...
    23:46:48.127 | 456 ool-1-worker-220 | DEBUG | d.t.c.a.a.c.u.util.UserUtilService   : 2 instructors generated
    23:46:48.128 | 456 ool-1-worker-220 | DEBUG | d.t.c.a.a.c.u.util.UserUtilService   : Removing 6 users from all courses...
    23:46:48.131 | 600 pool-6-thread-2  | INFO  | rogrammingPlagiarismDetectionService : Will delete local repositories for programming exercise 3007 after plagiarism check
    23:46:48.131 | 600 pool-6-thread-2  | INFO  | p.s.ProgrammingExerciseExportService : Delete project root directory /tmp/jplag-repos18200874422898673949/SHORTCF0872D304C8504B1A0A12B06649F1295F05TSTEXC
    23:46:48.131 | 600 pool-6-thread-2  | INFO  | rogrammingPlagiarismDetectionService : Delete local repositories done for programming exercise 3007 after plagiarism check
    23:46:48.134 | 456 ool-1-worker-220 | DEBUG | d.t.c.a.a.c.u.util.UserUtilService   : Removing 6 users from all courses. Done
    23:46:48.134 | 456 ool-1-worker-220 | DEBUG | d.t.c.a.a.c.u.util.UserUtilService   : Save 6 users to database...
    23:46:48.140 | 456 ool-1-worker-220 | DEBUG | d.t.c.a.a.c.u.util.UserUtilService   : Save 6 users to database. Done
    23:46:48.205 | 456 ool-1-worker-220 | DEBUG | PersonalAccessTokenManagementService : Generate secure vcs access token
    23:46:48.209 | 456 ool-1-worker-220 | DEBUG | PersonalAccessTokenManagementService : Generate secure vcs access token
    23:46:48.211 | 456 ool-1-worker-220 | INFO  | i.z.t.d.l.EmbeddedDatabaseReporter   : JDBC URL to connect to 'dataSource': url='jdbc:h2:tcp://localhost:41063/mem:736625c0-cf5e-400d-aeaa-8a7eabd6262b;USER=sa', scope='ProgrammingExerciseResultJenkinsIntegrationTest#shouldIgnoreResultOnOtherBranches'
    23:46:48.215 | 456 ool-1-worker-220 | DEBUG | .s.ProgrammingExerciseGradingService : Received new build result (NEW) for participation 3696

  Starting logs for ProgrammingExerciseResultJenkinsIntegrationTest > shouldCreateResultOnDefaultBranch()
    23:46:48.236 | 456 ool-1-worker-220 | DEBUG | d.t.c.a.a.c.u.util.UserUtilService   : Generate 2 students...
    23:46:48.242 | 456 ool-1-worker-220 | DEBUG | d.t.c.a.a.c.u.util.UserUtilService   : 2 students generated. Generate 2 tutors...
    23:46:48.246 | 456 ool-1-worker-220 | DEBUG | d.t.c.a.a.c.u.util.UserUtilService   : 2 tutors generated. Generate 0 editors...
    23:46:48.247 | 456 ool-1-worker-220 | DEBUG | d.t.c.a.a.c.u.util.UserUtilService   : 0 editors generated. Generate 2 instructors...
    23:46:48.251 | 456 ool-1-worker-220 | DEBUG | d.t.c.a.a.c.u.util.UserUtilService   : 2 instructors generated
    23:46:48.253 | 456 ool-1-worker-220 | DEBUG | d.t.c.a.a.c.u.util.UserUtilService   : Removing 6 users from all courses...
    23:46:48.254 | 456 ool-1-worker-220 | DEBUG | d.t.c.a.a.c.u.util.UserUtilService   : Removing 6 users from all courses. Done
    23:46:48.254 | 456 ool-1-worker-220 | DEBUG | d.t.c.a.a.c.u.util.UserUtilService   : Save 6 users to database...
    23:46:48.258 | 456 ool-1-worker-220 | DEBUG | d.t.c.a.a.c.u.util.UserUtilService   : Save 6 users to database. Done
    23:46:48.301 | 456 ool-1-worker-220 | DEBUG | PersonalAccessTokenManagementService : Generate secure vcs access token
    23:46:48.305 | 456 ool-1-worker-220 | DEBUG | PersonalAccessTokenManagementService : Generate secure vcs access token
    23:46:48.308 | 456 ool-1-worker-220 | INFO  | i.z.t.d.l.EmbeddedDatabaseReporter   : JDBC URL to connect to 'dataSource': url='jdbc:h2:tcp://localhost:41063/mem:736625c0-cf5e-400d-aeaa-8a7eabd6262b;USER=sa', scope='ProgrammingExerciseResultJenkinsIntegrationTest#shouldCreateResultOnDefaultBranch'
    23:46:48.317 | 456 ool-1-worker-220 | DEBUG | .s.ProgrammingExerciseGradingService : Received new build result (NEW) for participation 3702
    23:46:48.328 | 456 ool-1-worker-220 | WARN  | .s.ProgrammingExerciseGradingService : Could not find pending ProgrammingSubmission for Commit Hash abc123 (Participation 3702, Build Plan SHORT1085090B0293B0487F0B0560A101AEFB380BTSTEXC-SOLUTION). Will create a new one subsequently...
    23:46:48.328 | 456 ool-1-worker-220 | ERROR | .s.ProgrammingExerciseGradingService : Could not retrieve push date for participation 3702 and build plan SHORT1085090B0293B0487F0B0560A101AEFB380BTSTEXC-SOLUTION
de.tum.cit.aet.artemis.programming.service.gitlab.GitLabException: Could not find build queue date for participation 3702
	at de.tum.cit.aet.artemis.programming.service.gitlab.GitLabService.getPushDate(GitLabService.java:369)
	at de.tum.cit.aet.artemis.programming.service.gitlab.GitLabService.getPushDate(GitLabService.java:358)
	at de.tum.cit.aet.artemis.programming.service.ProgrammingExerciseGradingService.createAndSaveFallbackSubmission(ProgrammingExerciseGradingService.java:286)
	at de.tum.cit.aet.artemis.programming.service.ProgrammingExerciseGradingService.createAndSaveFallbackSubmission(ProgrammingExerciseGradingService.java:272)
	at de.tum.cit.aet.artemis.programming.service.ProgrammingExerciseGradingService.lambda$processNewProgrammingExerciseResult$0(ProgrammingExerciseGradingService.java:177)
	at java.base/java.util.Optional.orElseGet(Optional.java:364)
	at de.tum.cit.aet.artemis.programming.service.ProgrammingExerciseGradingService.processNewProgrammingExerciseResult(ProgrammingExerciseGradingService.java:177)
	at de.tum.cit.aet.artemis.programming.service.ProgrammingExerciseGradingService.processNewProgrammingExerciseResult(ProgrammingExerciseGradingService.java:156)
	at de.tum.cit.aet.artemis.programming.util.ProgrammingExerciseResultTestService.shouldCreateResultOnCustomDefaultBranch(ProgrammingExerciseResultTestService.java:410)
	at de.tum.cit.aet.artemis.programming.ProgrammingExerciseResultJenkinsIntegrationTest.shouldCreateResultOnDefaultBranch(ProgrammingExerciseResultJenkinsIntegrationTest.java:157)
	at java.base/jdk.internal.reflect.DirectMethodHandleAccessor.invoke(DirectMethodHandleAccessor.java:103)
	at java.base/java.lang.reflect.Method.invoke(Method.java:580)
	at org.junit.platform.commons.util.ReflectionUtils.invokeMethod(ReflectionUtils.java:767)
	at org.junit.jupiter.engine.execution.MethodInvocation.proceed(MethodInvocation.java:60)
	at org.junit.jupiter.engine.execution.InvocationInterceptorChain$ValidatingInvocation.proceed(InvocationInterceptorChain.java:131)
	at org.junit.jupiter.engine.extension.TimeoutExtension.intercept(TimeoutExtension.java:156)
	at org.junit.jupiter.engine.extension.TimeoutExtension.interceptTestableMethod(TimeoutExtension.java:147)
	at org.junit.jupiter.engine.extension.TimeoutExtension.interceptTestMethod(TimeoutExtension.java:86)
	at org.junit.jupiter.engine.execution.InterceptingExecutableInvoker$ReflectiveInterceptorCall.lambda$ofVoidMethod$0(InterceptingExecutableInvoker.java:103)
	at org.junit.jupiter.engine.execution.InterceptingExecutableInvoker.lambda$invoke$0(InterceptingExecutableInvoker.java:93)
	at org.junit.jupiter.engine.execution.InvocationInterceptorChain$InterceptedInvocation.proceed(InvocationInterceptorChain.java:106)
	at org.junit.jupiter.engine.execution.InvocationInterceptorChain.proceed(InvocationInterceptorChain.java:64)
	at org.junit.jupiter.engine.execution.InvocationInterceptorChain.chainAndInvoke(InvocationInterceptorChain.java:45)
	at org.junit.jupiter.engine.execution.InvocationInterceptorChain.invoke(InvocationInterceptorChain.java:37)
	at org.junit.jupiter.engine.execution.InterceptingExecutableInvoker.invoke(InterceptingExecutableInvoker.java:92)
	at org.junit.jupiter.engine.execution.InterceptingExecutableInvoker.invoke(InterceptingExecutableInvoker.java:86)
	at org.junit.jupiter.engine.descriptor.TestMethodTestDescriptor.lambda$invokeTestMethod$8(TestMethodTestDescriptor.java:217)
	at org.junit.platform.engine.support.hierarchical.ThrowableCollector.execute(ThrowableCollector.java:73)
	at org.junit.jupiter.engine.descriptor.TestMethodTestDescriptor.invokeTestMethod(TestMethodTestDescriptor.java:213)
	at org.junit.jupiter.engine.descriptor.TestMethodTestDescriptor.execute(TestMethodTestDescriptor.java:138)
	at org.junit.jupiter.engine.descriptor.TestMethodTestDescriptor.execute(TestMethodTestDescriptor.java:68)
	at org.junit.platform.engine.support.hierarchical.NodeTestTask.lambda$executeRecursively$6(NodeTestTask.java:156)
	at org.junit.platform.engine.support.hierarchical.ThrowableCollector.execute(ThrowableCollector.java:73)
	at org.junit.platform.engine.support.hierarchical.NodeTestTask.lambda$executeRecursively$8(NodeTestTask.java:146)
	at org.junit.platform.engine.support.hierarchical.Node.around(Node.java:137)
	at org.junit.platform.engine.support.hierarchical.NodeTestTask.lambda$executeRecursively$9(NodeTestTask.java:144)
	at org.junit.platform.engine.support.hierarchical.ThrowableCollector.execute(ThrowableCollector.java:73)
	at org.junit.platform.engine.support.hierarchical.NodeTestTask.executeRecursively(NodeTestTask.java:143)
	at org.junit.platform.engine.support.hierarchical.NodeTestTask.execute(NodeTestTask.java:100)
	at org.junit.platform.engine.support.hierarchical.ForkJoinPoolHierarchicalTestExecutorService$ExclusiveTask.exec(ForkJoinPoolHierarchicalTestExecutorService.java:274)
	at org.junit.platform.engine.support.hierarchical.ForkJoinPoolHierarchicalTestExecutorService$ExclusiveTask.execSync(ForkJoinPoolHierarchicalTestExecutorService.java:247)
	at org.junit.platform.engine.support.hierarchical.ForkJoinPoolHierarchicalTestExecutorService.executeSync(ForkJoinPoolHierarchicalTestExecutorService.java:194)
	at org.junit.platform.engine.support.hierarchical.ForkJoinPoolHierarchicalTestExecutorService.invokeAll(ForkJoinPoolHierarchicalTestExecutorService.java:166)
	at org.junit.platform.engine.support.hierarchical.NodeTestTask.lambda$executeRecursively$6(NodeTestTask.java:160)
	at org.junit.platform.engine.support.hierarchical.ThrowableCollector.execute(ThrowableCollector.java:73)
	at org.junit.platform.engine.support.hierarchical.NodeTestTask.lambda$executeRecursively$8(NodeTestTask.java:146)
	at org.junit.platform.engine.support.hierarchical.Node.around(Node.java:137)
	at org.junit.platform.engine.support.hierarchical.NodeTestTask.lambda$executeRecursively$9(NodeTestTask.java:144)
	at org.junit.platform.engine.support.hierarchical.ThrowableCollector.execute(ThrowableCollector.java:73)
	at org.junit.platform.engine.support.hierarchical.NodeTestTask.executeRecursively(NodeTestTask.java:143)
	at org.junit.platform.engine.support.hierarchical.NodeTestTask.execute(NodeTestTask.java:100)
	at org.junit.platform.engine.support.hierarchical.ForkJoinPoolHierarchicalTestExecutorService$ExclusiveTask.exec(ForkJoinPoolHierarchicalTestExecutorService.java:274)
	at java.base/java.util.concurrent.ForkJoinTask.doExec(ForkJoinTask.java:387)
	at java.base/java.util.concurrent.ForkJoinPool$WorkQueue.topLevelExec(ForkJoinPool.java:1312)
	at java.base/java.util.concurrent.ForkJoinPool.scan(ForkJoinPool.java:1843)
	at java.base/java.util.concurrent.ForkJoinPool.runWorker(ForkJoinPool.java:1808)
	at java.base/java.util.concurrent.ForkJoinWorkerThread.run(ForkJoinWorkerThread.java:188)

  Starting logs for ProgrammingExerciseResultJenkinsIntegrationTest > shouldRejectCommitsWithoutCommitHash()
    23:46:48.365 | 456 ool-1-worker-220 | DEBUG | d.t.c.a.a.c.u.util.UserUtilService   : Generate 2 students...
    23:46:48.369 | 456 ool-1-worker-220 | DEBUG | d.t.c.a.a.c.u.util.UserUtilService   : 2 students generated. Generate 2 tutors...
    23:46:48.377 | 456 ool-1-worker-220 | DEBUG | d.t.c.a.a.c.u.util.UserUtilService   : 2 tutors generated. Generate 0 editors...
    23:46:48.379 | 456 ool-1-worker-220 | DEBUG | d.t.c.a.a.c.u.util.UserUtilService   : 0 editors generated. Generate 2 instructors...
    23:46:48.389 | 456 ool-1-worker-220 | DEBUG | d.t.c.a.a.c.u.util.UserUtilService   : 2 instructors generated
    23:46:48.393 | 456 ool-1-worker-220 | DEBUG | d.t.c.a.a.c.u.util.UserUtilService   : Removing 6 users from all courses...
    23:46:48.394 | 456 ool-1-worker-220 | DEBUG | d.t.c.a.a.c.u.util.UserUtilService   : Removing 6 users from all courses. Done
    23:46:48.394 | 456 ool-1-worker-220 | DEBUG | d.t.c.a.a.c.u.util.UserUtilService   : Save 6 users to database...
    23:46:48.405 | 456 ool-1-worker-220 | DEBUG | d.t.c.a.a.c.u.util.UserUtilService   : Save 6 users to database. Done
    23:46:48.466 | 456 ool-1-worker-220 | DEBUG | PersonalAccessTokenManagementService : Generate secure vcs access token
    23:46:48.470 | 456 ool-1-worker-220 | DEBUG | PersonalAccessTokenManagementService : Generate secure vcs access token
    23:46:48.472 | 456 ool-1-worker-220 | INFO  | i.z.t.d.l.EmbeddedDatabaseReporter   : JDBC URL to connect to 'dataSource': url='jdbc:h2:tcp://localhost:41063/mem:736625c0-cf5e-400d-aeaa-8a7eabd6262b;USER=sa', scope='ProgrammingExerciseResultJenkinsIntegrationTest#shouldRejectCommitsWithoutCommitHash'
    23:46:48.478 | 456 ool-1-worker-220 | DEBUG | .s.ProgrammingExerciseGradingService : Received new build result (NEW) for participation 3712

  Starting logs for ProgrammingExerciseResultJenkinsIntegrationTest > shouldUpdateParticipantScoresOnlyOnce()
    23:46:48.495 | 456 ool-1-worker-220 | DEBUG | d.t.c.a.a.c.u.util.UserUtilService   : Generate 2 students...
    23:46:48.499 | 456 ool-1-worker-220 | DEBUG | d.t.c.a.a.c.u.util.UserUtilService   : 2 students generated. Generate 2 tutors...
    23:46:48.503 | 456 ool-1-worker-220 | DEBUG | d.t.c.a.a.c.u.util.UserUtilService   : 2 tutors generated. Generate 0 editors...
    23:46:48.504 | 456 ool-1-worker-220 | DEBUG | d.t.c.a.a.c.u.util.UserUtilService   : 0 editors generated. Generate 2 instructors...
    23:46:48.510 | 456 ool-1-worker-220 | DEBUG | d.t.c.a.a.c.u.util.UserUtilService   : 2 instructors generated
    23:46:48.512 | 456 ool-1-worker-220 | DEBUG | d.t.c.a.a.c.u.util.UserUtilService   : Removing 6 users from all courses...
    23:46:48.513 | 456 ool-1-worker-220 | DEBUG | d.t.c.a.a.c.u.util.UserUtilService   : Removing 6 users from all courses. Done
    23:46:48.513 | 456 ool-1-worker-220 | DEBUG | d.t.c.a.a.c.u.util.UserUtilService   : Save 6 users to database...
    23:46:48.518 | 456 ool-1-worker-220 | DEBUG | d.t.c.a.a.c.u.util.UserUtilService   : Save 6 users to database. Done
    23:46:48.561 | 456 ool-1-worker-220 | DEBUG | PersonalAccessTokenManagementService : Generate secure vcs access token
    23:46:48.564 | 456 ool-1-worker-220 | DEBUG | PersonalAccessTokenManagementService : Generate secure vcs access token
    23:46:48.567 | 456 ool-1-worker-220 | INFO  | i.z.t.d.l.EmbeddedDatabaseReporter   : JDBC URL to connect to 'dataSource': url='jdbc:h2:tcp://localhost:41063/mem:736625c0-cf5e-400d-aeaa-8a7eabd6262b;USER=sa', scope='ProgrammingExerciseResultJenkinsIntegrationTest#shouldUpdateParticipantScoresOnlyOnce'
    23:46:48.573 | 456 ool-1-worker-220 | DEBUG | .s.ProgrammingExerciseGradingService : Received new build result (NEW) for participation 3718
    23:46:48.582 | 456 ool-1-worker-220 | WARN  | .s.ProgrammingExerciseGradingService : Could not find pending ProgrammingSubmission for Commit Hash 9b3a9bd71a0d80e5bbc42204c319ed3d1d4f0d6d (Participation 3718, Build Plan SHORTA129075F0569B04E7A083B10D8354E181E91TSTEXC-PROGEXRESULTJENKSTUDENT1). Will create a new one subsequently...
    23:46:48.623 | 456 ool-1-worker-220 | DEBUG | .c.s.m.InstanceMessageReceiveService : Received schedule participant score for exercise 3135 and participant 750 (result to be deleted: null)
    23:46:48.623 | 456 ool-1-worker-220 | DEBUG | .a.s.ParticipantScoreScheduleService : Scheduled task for exercise 3135 and participant 750 at 2025-02-14T23:46:48.723933958Z[Etc/UTC].

  Starting logs for ProgrammingExerciseResultJenkinsIntegrationTest > shouldStoreFeedbackForResultWithStaticCodeAnalysisReport(ProgrammingLanguage) [1] programmingLanguage=JAVA
    23:46:48.638 | 456 ool-1-worker-220 | DEBUG | d.t.c.a.a.c.u.util.UserUtilService   : Generate 2 students...
    23:46:48.642 | 456 ool-1-worker-220 | DEBUG | d.t.c.a.a.c.u.util.UserUtilService   : 2 students generated. Generate 2 tutors...
    23:46:48.646 | 456 ool-1-worker-220 | DEBUG | d.t.c.a.a.c.u.util.UserUtilService   : 2 tutors generated. Generate 0 editors...
    23:46:48.647 | 456 ool-1-worker-220 | DEBUG | d.t.c.a.a.c.u.util.UserUtilService   : 0 editors generated. Generate 2 instructors...
    23:46:48.651 | 456 ool-1-worker-220 | DEBUG | d.t.c.a.a.c.u.util.UserUtilService   : 2 instructors generated
    23:46:48.653 | 456 ool-1-worker-220 | DEBUG | d.t.c.a.a.c.u.util.UserUtilService   : Removing 6 users from all courses...
    23:46:48.654 | 456 ool-1-worker-220 | DEBUG | d.t.c.a.a.c.u.util.UserUtilService   : Removing 6 users from all courses. Done
    23:46:48.654 | 456 ool-1-worker-220 | DEBUG | d.t.c.a.a.c.u.util.UserUtilService   : Save 6 users to database...
    23:46:48.659 | 456 ool-1-worker-220 | DEBUG | d.t.c.a.a.c.u.util.UserUtilService   : Save 6 users to database. Done
    23:46:48.703 | 456 ool-1-worker-220 | DEBUG | PersonalAccessTokenManagementService : Generate secure vcs access token
    23:46:48.707 | 456 ool-1-worker-220 | DEBUG | PersonalAccessTokenManagementService : Generate secure vcs access token
    23:46:48.710 | 456 ool-1-worker-220 | INFO  | i.z.t.d.l.EmbeddedDatabaseReporter   : JDBC URL to connect to 'dataSource': url='jdbc:h2:tcp://localhost:41063/mem:736625c0-cf5e-400d-aeaa-8a7eabd6262b;USER=sa', scope='ProgrammingExerciseResultJenkinsIntegrationTest#shouldStoreFeedbackForResultWithStaticCodeAnalysisReport'
    23:46:48.754 | 456 ool-1-worker-220 | DEBUG | PersonalAccessTokenManagementService : Generate secure vcs access token
    23:46:48.758 | 456 ool-1-worker-220 | DEBUG | PersonalAccessTokenManagementService : Generate secure vcs access token
    23:46:48.763 | 456 ool-1-worker-220 | DEBUG | .s.ProgrammingExerciseGradingService : Received new build result (NEW) for participation 3731
    23:46:48.771 | 456 ool-1-worker-220 | WARN  | .s.ProgrammingExerciseGradingService : Could not find pending ProgrammingSubmission for Commit Hash 9b3a9bd71a0d80e5bbc42204c319ed3d1d4f0d6d (Participation 3731, Build Plan SHORT0D489B6300C8304791088A6040F07058184BTSTEXC-PROGEXRESULTJENKSTUDENT2). Will create a new one subsequently...
    23:46:48.775 | 456 ool-1-worker-220 | ERROR | .s.ProgrammingExerciseGradingService : Could not retrieve push date for participation 3731 and build plan SHORT0D489B6300C8304791088A6040F07058184BTSTEXC-PROGEXRESULTJENKSTUDENT2
de.tum.cit.aet.artemis.programming.service.gitlab.GitLabException: Could not find build queue date for participation 3731
	at de.tum.cit.aet.artemis.programming.service.gitlab.GitLabService.getPushDate(GitLabService.java:369)
	at de.tum.cit.aet.artemis.programming.service.gitlab.GitLabService.getPushDate(GitLabService.java:358)
	at de.tum.cit.aet.artemis.programming.service.ProgrammingExerciseGradingService.createAndSaveFallbackSubmission(ProgrammingExerciseGradingService.java:286)
	at de.tum.cit.aet.artemis.programming.service.ProgrammingExerciseGradingService.createAndSaveFallbackSubmission(ProgrammingExerciseGradingService.java:272)
	at de.tum.cit.aet.artemis.programming.service.ProgrammingExerciseGradingService.lambda$processNewProgrammingExerciseResult$0(ProgrammingExerciseGradingService.java:177)
	at java.base/java.util.Optional.orElseGet(Optional.java:364)
	at de.tum.cit.aet.artemis.programming.service.ProgrammingExerciseGradingService.processNewProgrammingExerciseResult(ProgrammingExerciseGradingService.java:177)
	at de.tum.cit.aet.artemis.programming.service.ProgrammingExerciseGradingService.processNewProgrammingExerciseResult(ProgrammingExerciseGradingService.java:156)
	at de.tum.cit.aet.artemis.programming.util.ProgrammingExerciseResultTestService.shouldStoreFeedbackForResultWithStaticCodeAnalysisReport(ProgrammingExerciseResultTestService.java:306)
	at de.tum.cit.aet.artemis.programming.ProgrammingExerciseResultJenkinsIntegrationTest.shouldStoreFeedbackForResultWithStaticCodeAnalysisReport(ProgrammingExerciseResultJenkinsIntegrationTest.java:92)
	at java.base/jdk.internal.reflect.DirectMethodHandleAccessor.invoke(DirectMethodHandleAccessor.java:103)
	at java.base/java.lang.reflect.Method.invoke(Method.java:580)
	at org.junit.platform.commons.util.ReflectionUtils.invokeMethod(ReflectionUtils.java:767)
	at org.junit.jupiter.engine.execution.MethodInvocation.proceed(MethodInvocation.java:60)
	at org.junit.jupiter.engine.execution.InvocationInterceptorChain$ValidatingInvocation.proceed(InvocationInterceptorChain.java:131)
	at org.junit.jupiter.engine.extension.TimeoutExtension.intercept(TimeoutExtension.java:156)
	at org.junit.jupiter.engine.extension.TimeoutExtension.interceptTestableMethod(TimeoutExtension.java:147)
	at org.junit.jupiter.engine.extension.TimeoutExtension.interceptTestTemplateMethod(TimeoutExtension.java:94)
	at org.junit.jupiter.engine.execution.InterceptingExecutableInvoker$ReflectiveInterceptorCall.lambda$ofVoidMethod$0(InterceptingExecutableInvoker.java:103)
	at org.junit.jupiter.engine.execution.InterceptingExecutableInvoker.lambda$invoke$0(InterceptingExecutableInvoker.java:93)
	at org.junit.jupiter.engine.execution.InvocationInterceptorChain$InterceptedInvocation.proceed(InvocationInterceptorChain.java:106)
	at org.junit.jupiter.engine.execution.InvocationInterceptorChain.proceed(InvocationInterceptorChain.java:64)
	at org.junit.jupiter.engine.execution.InvocationInterceptorChain.chainAndInvoke(InvocationInterceptorChain.java:45)
	at org.junit.jupiter.engine.execution.InvocationInterceptorChain.invoke(InvocationInterceptorChain.java:37)
	at org.junit.jupiter.engine.execution.InterceptingExecutableInvoker.invoke(InterceptingExecutableInvoker.java:92)
	at org.junit.jupiter.engine.execution.InterceptingExecutableInvoker.invoke(InterceptingExecutableInvoker.java:86)
	at org.junit.jupiter.engine.descriptor.TestMethodTestDescriptor.lambda$invokeTestMethod$8(TestMethodTestDescriptor.java:217)
	at org.junit.platform.engine.support.hierarchical.ThrowableCollector.execute(ThrowableCollector.java:73)
	at org.junit.jupiter.engine.descriptor.TestMethodTestDescriptor.invokeTestMethod(TestMethodTestDescriptor.java:213)
	at org.junit.jupiter.engine.descriptor.TestMethodTestDescriptor.execute(TestMethodTestDescriptor.java:138)
	at org.junit.jupiter.engine.descriptor.TestMethodTestDescriptor.execute(TestMethodTestDescriptor.java:68)
	at org.junit.platform.engine.support.hierarchical.NodeTestTask.lambda$executeRecursively$6(NodeTestTask.java:156)
	at org.junit.platform.engine.support.hierarchical.ThrowableCollector.execute(ThrowableCollector.java:73)
	at org.junit.platform.engine.support.hierarchical.NodeTestTask.lambda$executeRecursively$8(NodeTestTask.java:146)
	at org.junit.platform.engine.support.hierarchical.Node.around(Node.java:137)
	at org.junit.platform.engine.support.hierarchical.NodeTestTask.lambda$executeRecursively$9(NodeTestTask.java:144)
	at org.junit.platform.engine.support.hierarchical.ThrowableCollector.execute(ThrowableCollector.java:73)
	at org.junit.platform.engine.support.hierarchical.NodeTestTask.executeRecursively(NodeTestTask.java:143)
	at org.junit.platform.engine.support.hierarchical.NodeTestTask.execute(NodeTestTask.java:100)
	at org.junit.platform.engine.support.hierarchical.ForkJoinPoolHierarchicalTestExecutorService$ExclusiveTask.exec(ForkJoinPoolHierarchicalTestExecutorService.java:274)
	at org.junit.platform.engine.support.hierarchical.ForkJoinPoolHierarchicalTestExecutorService$ExclusiveTask.execSync(ForkJoinPoolHierarchicalTestExecutorService.java:247)
	at org.junit.platform.engine.support.hierarchical.ForkJoinPoolHierarchicalTestExecutorService.submit(ForkJoinPoolHierarchicalTestExecutorService.java:148)
	at org.junit.platform.engine.support.hierarchical.NodeTestTask$DefaultDynamicTestExecutor.execute(NodeTestTask.java:231)
	at org.junit.platform.engine.support.hierarchical.NodeTestTask$DefaultDynamicTestExecutor.execute(NodeTestTask.java:209)
	at org.junit.jupiter.engine.descriptor.TestTemplateTestDescriptor.execute(TestTemplateTestDescriptor.java:141)
	at org.junit.jupiter.engine.descriptor.TestTemplateTestDescriptor.lambda$execute$3(TestTemplateTestDescriptor.java:109)
	at java.base/java.util.stream.ForEachOps$ForEachOp$OfRef.accept(ForEachOps.java:184)
	at java.base/java.util.stream.ReferencePipeline$3$1.accept(ReferencePipeline.java:197)
	at java.base/java.util.stream.ReferencePipeline$2$1.accept(ReferencePipeline.java:179)
	at java.base/java.util.stream.ReferencePipeline$3$1.accept(ReferencePipeline.java:197)
	at java.base/java.util.stream.ForEachOps$ForEachOp$OfRef.accept(ForEachOps.java:184)
	at java.base/java.util.stream.ReferencePipeline$3$1.accept(ReferencePipeline.java:197)
	at java.base/java.util.stream.ForEachOps$ForEachOp$OfRef.accept(ForEachOps.java:184)
	at java.base/java.util.stream.ForEachOps$ForEachOp$OfRef.accept(ForEachOps.java:184)
	at java.base/java.util.stream.ReferencePipeline$3$1.accept(ReferencePipeline.java:197)
	at java.base/java.util.Iterator.forEachRemaining(Iterator.java:133)
	at java.base/java.util.Spliterators$IteratorSpliterator.forEachRemaining(Spliterators.java:1939)
	at java.base/java.util.stream.AbstractPipeline.copyInto(AbstractPipeline.java:509)
	at java.base/java.util.stream.AbstractPipeline.wrapAndCopyInto(AbstractPipeline.java:499)
	at java.base/java.util.stream.ForEachOps$ForEachOp.evaluateSequential(ForEachOps.java:151)
	at java.base/java.util.stream.ForEachOps$ForEachOp$OfRef.evaluateSequential(ForEachOps.java:174)
	at java.base/java.util.stream.AbstractPipeline.evaluate(AbstractPipeline.java:234)
	at java.base/java.util.stream.ReferencePipeline.forEach(ReferencePipeline.java:596)
	at java.base/java.util.stream.ReferencePipeline$7$1.accept(ReferencePipeline.java:276)
	at java.base/java.util.ArrayList$ArrayListSpliterator.forEachRemaining(ArrayList.java:1708)
	at java.base/java.util.stream.AbstractPipeline.copyInto(AbstractPipeline.java:509)
	at java.base/java.util.stream.AbstractPipeline.wrapAndCopyInto(AbstractPipeline.java:499)
	at java.base/java.util.stream.ForEachOps$ForEachOp.evaluateSequential(ForEachOps.java:151)
	at java.base/java.util.stream.ForEachOps$ForEachOp$OfRef.evaluateSequential(ForEachOps.java:174)
	at java.base/java.util.stream.AbstractPipeline.evaluate(AbstractPipeline.java:234)
	at java.base/java.util.stream.ReferencePipeline.forEach(ReferencePipeline.java:596)
	at java.base/java.util.stream.ReferencePipeline$7$1.accept(ReferencePipeline.java:276)
	at java.base/java.util.stream.ReferencePipeline$3$1.accept(ReferencePipeline.java:197)
	at java.base/java.util.stream.ReferencePipeline$3$1.accept(ReferencePipeline.java:197)
	at java.base/java.util.stream.ReferencePipeline$3$1.accept(ReferencePipeline.java:197)
	at java.base/java.util.ArrayList$ArrayListSpliterator.forEachRemaining(ArrayList.java:1708)
	at java.base/java.util.stream.AbstractPipeline.copyInto(AbstractPipeline.java:509)
	at java.base/java.util.stream.AbstractPipeline.wrapAndCopyInto(AbstractPipeline.java:499)
	at java.base/java.util.stream.ForEachOps$ForEachOp.evaluateSequential(ForEachOps.java:151)
	at java.base/java.util.stream.ForEachOps$ForEachOp$OfRef.evaluateSequential(ForEachOps.java:174)
	at java.base/java.util.stream.AbstractPipeline.evaluate(AbstractPipeline.java:234)
	at java.base/java.util.stream.ReferencePipeline.forEach(ReferencePipeline.java:596)
	at java.base/java.util.stream.ReferencePipeline$7$1.accept(ReferencePipeline.java:276)
	at java.base/java.util.ArrayList$ArrayListSpliterator.forEachRemaining(ArrayList.java:1708)
	at java.base/java.util.stream.AbstractPipeline.copyInto(AbstractPipeline.java:509)
	at java.base/java.util.stream.AbstractPipeline.wrapAndCopyInto(AbstractPipeline.java:499)
	at java.base/java.util.stream.ForEachOps$ForEachOp.evaluateSequential(ForEachOps.java:151)
	at java.base/java.util.stream.ForEachOps$ForEachOp$OfRef.evaluateSequential(ForEachOps.java:174)
	at java.base/java.util.stream.AbstractPipeline.evaluate(AbstractPipeline.java:234)
	at java.base/java.util.stream.ReferencePipeline.forEach(ReferencePipeline.java:596)
	at org.junit.jupiter.engine.descriptor.TestTemplateTestDescriptor.execute(TestTemplateTestDescriptor.java:109)
	at org.junit.jupiter.engine.descriptor.TestTemplateTestDescriptor.execute(TestTemplateTestDescriptor.java:43)
	at org.junit.platform.engine.support.hierarchical.NodeTestTask.lambda$executeRecursively$6(NodeTestTask.java:156)
	at org.junit.platform.engine.support.hierarchical.ThrowableCollector.execute(ThrowableCollector.java:73)
	at org.junit.platform.engine.support.hierarchical.NodeTestTask.lambda$executeRecursively$8(NodeTestTask.java:146)
	at org.junit.platform.engine.support.hierarchical.Node.around(Node.java:137)
	at org.junit.platform.engine.support.hierarchical.NodeTestTask.lambda$executeRecursively$9(NodeTestTask.java:144)
	at org.junit.platform.engine.support.hierarchical.ThrowableCollector.execute(ThrowableCollector.java:73)
	at org.junit.platform.engine.support.hierarchical.NodeTestTask.executeRecursively(NodeTestTask.java:143)
	at org.junit.platform.engine.support.hierarchical.NodeTestTask.execute(NodeTestTask.java:100)
	at org.junit.platform.engine.support.hierarchical.ForkJoinPoolHierarchicalTestExecutorService$ExclusiveTask.exec(ForkJoinPoolHierarchicalTestExecutorService.java:274)
	at org.junit.platform.engine.support.hierarchical.ForkJoinPoolHierarchicalTestExecutorService$ExclusiveTask.execSync(ForkJoinPoolHierarchicalTestExecutorService.java:247)
	at org.junit.platform.engine.support.hierarchical.ForkJoinPoolHierarchicalTestExecutorService.executeSync(ForkJoinPoolHierarchicalTestExecutorService.java:194)
	at org.junit.platform.engine.support.hierarchical.ForkJoinPoolHierarchicalTestExecutorService.invokeAll(ForkJoinPoolHierarchicalTestExecutorService.java:166)
	at org.junit.platform.engine.support.hierarchical.NodeTestTask.lambda$executeRecursively$6(NodeTestTask.java:160)
	at org.junit.platform.engine.support.hierarchical.ThrowableCollector.execute(ThrowableCollector.java:73)
	at org.junit.platform.engine.support.hierarchical.NodeTestTask.lambda$executeRecursively$8(NodeTestTask.java:146)
	at org.junit.platform.engine.support.hierarchical.Node.around(Node.java:137)
	at org.junit.platform.engine.support.hierarchical.NodeTestTask.lambda$executeRecursively$9(NodeTestTask.java:144)
	at org.junit.platform.engine.support.hierarchical.ThrowableCollector.execute(ThrowableCollector.java:73)
	at org.junit.platform.engine.support.hierarchical.NodeTestTask.executeRecursively(NodeTestTask.java:143)
	at org.junit.platform.engine.support.hierarchical.NodeTestTask.execute(NodeTestTask.java:100)
	at org.junit.platform.engine.support.hierarchical.ForkJoinPoolHierarchicalTestExecutorService$ExclusiveTask.exec(ForkJoinPoolHierarchicalTestExecutorService.java:274)
	at java.base/java.util.concurrent.ForkJoinTask.doExec(ForkJoinTask.java:387)
	at java.base/java.util.concurrent.ForkJoinPool$WorkQueue.topLevelExec(ForkJoinPool.java:1312)
	at java.base/java.util.concurrent.ForkJoinPool.scan(ForkJoinPool.java:1843)
	at java.base/java.util.concurrent.ForkJoinPool.runWorker(ForkJoinPool.java:1808)
	at java.base/java.util.concurrent.ForkJoinWorkerThread.run(ForkJoinWorkerThread.java:188)
    23:46:48.814 | 456 ool-1-worker-220 | DEBUG | .c.s.m.InstanceMessageReceiveService : Received schedule participant score for exercise 3140 and participant 751 (result to be deleted: null)
    23:46:48.814 | 456 ool-1-worker-220 | DEBUG | .a.s.ParticipantScoreScheduleService : Scheduled task for exercise 3140 and participant 751 at 2025-02-14T23:46:48.914449065Z[Etc/UTC].
    23:46:48.819 | 456 ool-1-worker-220 | DEBUG | .s.ProgrammingExerciseGradingService : Received new build result (NEW) for participation 3731
    23:46:48.878 | 456 ool-1-worker-220 | DEBUG | .c.s.m.InstanceMessageReceiveService : Received schedule participant score for exercise 3140 and participant 751 (result to be deleted: null)
    23:46:48.878 | 456 ool-1-worker-220 | DEBUG | .a.s.ParticipantScoreScheduleService : Scheduled task for exercise 3140 and participant 751 at 2025-02-14T23:46:48.978296978Z[Etc/UTC].

  Starting logs for ProgrammingExerciseResultJenkinsIntegrationTest > shouldStoreFeedbackForResultWithStaticCodeAnalysisReport(ProgrammingLanguage) [2] programmingLanguage=SWIFT
    23:46:48.892 | 456 ool-1-worker-220 | DEBUG | d.t.c.a.a.c.u.util.UserUtilService   : Generate 2 students...
    23:46:48.896 | 456 ool-1-worker-220 | DEBUG | d.t.c.a.a.c.u.util.UserUtilService   : 2 students generated. Generate 2 tutors...
    23:46:48.899 | 456 ool-1-worker-220 | DEBUG | d.t.c.a.a.c.u.util.UserUtilService   : 2 tutors generated. Generate 0 editors...
    23:46:48.901 | 456 ool-1-worker-220 | DEBUG | d.t.c.a.a.c.u.util.UserUtilService   : 0 editors generated. Generate 2 instructors...
    23:46:48.905 | 456 ool-1-worker-220 | DEBUG | d.t.c.a.a.c.u.util.UserUtilService   : 2 instructors generated
    23:46:48.906 | 456 ool-1-worker-220 | DEBUG | d.t.c.a.a.c.u.util.UserUtilService   : Removing 6 users from all courses...
    23:46:48.907 | 456 ool-1-worker-220 | DEBUG | d.t.c.a.a.c.u.util.UserUtilService   : Removing 6 users from all courses. Done
    23:46:48.907 | 456 ool-1-worker-220 | DEBUG | d.t.c.a.a.c.u.util.UserUtilService   : Save 6 users to database...
    23:46:48.911 | 456 ool-1-worker-220 | DEBUG | d.t.c.a.a.c.u.util.UserUtilService   : Save 6 users to database. Done
    23:46:48.952 | 456 ool-1-worker-220 | DEBUG | PersonalAccessTokenManagementService : Generate secure vcs access token
    23:46:48.956 | 456 ool-1-worker-220 | DEBUG | PersonalAccessTokenManagementService : Generate secure vcs access token
    23:46:48.958 | 456 ool-1-worker-220 | INFO  | i.z.t.d.l.EmbeddedDatabaseReporter   : JDBC URL to connect to 'dataSource': url='jdbc:h2:tcp://localhost:41063/mem:736625c0-cf5e-400d-aeaa-8a7eabd6262b;USER=sa', scope='ProgrammingExerciseResultJenkinsIntegrationTest#shouldStoreFeedbackForResultWithStaticCodeAnalysisReport'
    23:46:48.995 | 456 ool-1-worker-220 | DEBUG | PersonalAccessTokenManagementService : Generate secure vcs access token
    23:46:48.999 | 456 ool-1-worker-220 | DEBUG | PersonalAccessTokenManagementService : Generate secure vcs access token
    23:46:49.004 | 456 ool-1-worker-220 | DEBUG | .s.ProgrammingExerciseGradingService : Received new build result (NEW) for participation 3743
    23:46:49.013 | 456 ool-1-worker-220 | WARN  | .s.ProgrammingExerciseGradingService : Could not find pending ProgrammingSubmission for Commit Hash 9b3a9bd71a0d80e5bbc42204c319ed3d1d4f0d6d (Participation 3743, Build Plan SHORTFF82A15F052F7040B20A3D904C4DB1EDE0FETSTEXC-PROGEXRESULTJENKSTUDENT2). Will create a new one subsequently...
    23:46:49.013 | 456 ool-1-worker-220 | ERROR | .s.ProgrammingExerciseGradingService : Could not retrieve push date for participation 3743 and build plan SHORTFF82A15F052F7040B20A3D904C4DB1EDE0FETSTEXC-PROGEXRESULTJENKSTUDENT2
de.tum.cit.aet.artemis.programming.service.gitlab.GitLabException: Could not find build queue date for participation 3743
	at de.tum.cit.aet.artemis.programming.service.gitlab.GitLabService.getPushDate(GitLabService.java:369)
	at de.tum.cit.aet.artemis.programming.service.gitlab.GitLabService.getPushDate(GitLabService.java:358)
	at de.tum.cit.aet.artemis.programming.service.ProgrammingExerciseGradingService.createAndSaveFallbackSubmission(ProgrammingExerciseGradingService.java:286)
	at de.tum.cit.aet.artemis.programming.service.ProgrammingExerciseGradingService.createAndSaveFallbackSubmission(ProgrammingExerciseGradingService.java:272)
	at de.tum.cit.aet.artemis.programming.service.ProgrammingExerciseGradingService.lambda$processNewProgrammingExerciseResult$0(ProgrammingExerciseGradingService.java:177)
	at java.base/java.util.Optional.orElseGet(Optional.java:364)
	at de.tum.cit.aet.artemis.programming.service.ProgrammingExerciseGradingService.processNewProgrammingExerciseResult(ProgrammingExerciseGradingService.java:177)
	at de.tum.cit.aet.artemis.programming.service.ProgrammingExerciseGradingService.processNewProgrammingExerciseResult(ProgrammingExerciseGradingService.java:156)
	at de.tum.cit.aet.artemis.programming.util.ProgrammingExerciseResultTestService.shouldStoreFeedbackForResultWithStaticCodeAnalysisReport(ProgrammingExerciseResultTestService.java:306)
	at de.tum.cit.aet.artemis.programming.ProgrammingExerciseResultJenkinsIntegrationTest.shouldStoreFeedbackForResultWithStaticCodeAnalysisReport(ProgrammingExerciseResultJenkinsIntegrationTest.java:92)
	at java.base/jdk.internal.reflect.DirectMethodHandleAccessor.invoke(DirectMethodHandleAccessor.java:103)
	at java.base/java.lang.reflect.Method.invoke(Method.java:580)
	at org.junit.platform.commons.util.ReflectionUtils.invokeMethod(ReflectionUtils.java:767)
	at org.junit.jupiter.engine.execution.MethodInvocation.proceed(MethodInvocation.java:60)
	at org.junit.jupiter.engine.execution.InvocationInterceptorChain$ValidatingInvocation.proceed(InvocationInterceptorChain.java:131)
	at org.junit.jupiter.engine.extension.TimeoutExtension.intercept(TimeoutExtension.java:156)
	at org.junit.jupiter.engine.extension.TimeoutExtension.interceptTestableMethod(TimeoutExtension.java:147)
	at org.junit.jupiter.engine.extension.TimeoutExtension.interceptTestTemplateMethod(TimeoutExtension.java:94)
	at org.junit.jupiter.engine.execution.InterceptingExecutableInvoker$ReflectiveInterceptorCall.lambda$ofVoidMethod$0(InterceptingExecutableInvoker.java:103)
	at org.junit.jupiter.engine.execution.InterceptingExecutableInvoker.lambda$invoke$0(InterceptingExecutableInvoker.java:93)
	at org.junit.jupiter.engine.execution.InvocationInterceptorChain$InterceptedInvocation.proceed(InvocationInterceptorChain.java:106)
	at org.junit.jupiter.engine.execution.InvocationInterceptorChain.proceed(InvocationInterceptorChain.java:64)
	at org.junit.jupiter.engine.execution.InvocationInterceptorChain.chainAndInvoke(InvocationInterceptorChain.java:45)
	at org.junit.jupiter.engine.execution.InvocationInterceptorChain.invoke(InvocationInterceptorChain.java:37)
	at org.junit.jupiter.engine.execution.InterceptingExecutableInvoker.invoke(InterceptingExecutableInvoker.java:92)
	at org.junit.jupiter.engine.execution.InterceptingExecutableInvoker.invoke(InterceptingExecutableInvoker.java:86)
	at org.junit.jupiter.engine.descriptor.TestMethodTestDescriptor.lambda$invokeTestMethod$8(TestMethodTestDescriptor.java:217)
	at org.junit.platform.engine.support.hierarchical.ThrowableCollector.execute(ThrowableCollector.java:73)
	at org.junit.jupiter.engine.descriptor.TestMethodTestDescriptor.invokeTestMethod(TestMethodTestDescriptor.java:213)
	at org.junit.jupiter.engine.descriptor.TestMethodTestDescriptor.execute(TestMethodTestDescriptor.java:138)
	at org.junit.jupiter.engine.descriptor.TestMethodTestDescriptor.execute(TestMethodTestDescriptor.java:68)
	at org.junit.platform.engine.support.hierarchical.NodeTestTask.lambda$executeRecursively$6(NodeTestTask.java:156)
	at org.junit.platform.engine.support.hierarchical.ThrowableCollector.execute(ThrowableCollector.java:73)
	at org.junit.platform.engine.support.hierarchical.NodeTestTask.lambda$executeRecursively$8(NodeTestTask.java:146)
	at org.junit.platform.engine.support.hierarchical.Node.around(Node.java:137)
	at org.junit.platform.engine.support.hierarchical.NodeTestTask.lambda$executeRecursively$9(NodeTestTask.java:144)
	at org.junit.platform.engine.support.hierarchical.ThrowableCollector.execute(ThrowableCollector.java:73)
	at org.junit.platform.engine.support.hierarchical.NodeTestTask.executeRecursively(NodeTestTask.java:143)
	at org.junit.platform.engine.support.hierarchical.NodeTestTask.execute(NodeTestTask.java:100)
	at org.junit.platform.engine.support.hierarchical.ForkJoinPoolHierarchicalTestExecutorService$ExclusiveTask.exec(ForkJoinPoolHierarchicalTestExecutorService.java:274)
	at org.junit.platform.engine.support.hierarchical.ForkJoinPoolHierarchicalTestExecutorService$ExclusiveTask.execSync(ForkJoinPoolHierarchicalTestExecutorService.java:247)
	at org.junit.platform.engine.support.hierarchical.ForkJoinPoolHierarchicalTestExecutorService.submit(ForkJoinPoolHierarchicalTestExecutorService.java:148)
	at org.junit.platform.engine.support.hierarchical.NodeTestTask$DefaultDynamicTestExecutor.execute(NodeTestTask.java:231)
	at org.junit.platform.engine.support.hierarchical.NodeTestTask$DefaultDynamicTestExecutor.execute(NodeTestTask.java:209)
	at org.junit.jupiter.engine.descriptor.TestTemplateTestDescriptor.execute(TestTemplateTestDescriptor.java:141)
	at org.junit.jupiter.engine.descriptor.TestTemplateTestDescriptor.lambda$execute$3(TestTemplateTestDescriptor.java:109)
	at java.base/java.util.stream.ForEachOps$ForEachOp$OfRef.accept(ForEachOps.java:184)
	at java.base/java.util.stream.ReferencePipeline$3$1.accept(ReferencePipeline.java:197)
	at java.base/java.util.stream.ReferencePipeline$2$1.accept(ReferencePipeline.java:179)
	at java.base/java.util.stream.ReferencePipeline$3$1.accept(ReferencePipeline.java:197)
	at java.base/java.util.stream.ForEachOps$ForEachOp$OfRef.accept(ForEachOps.java:184)
	at java.base/java.util.stream.ReferencePipeline$3$1.accept(ReferencePipeline.java:197)
	at java.base/java.util.stream.ForEachOps$ForEachOp$OfRef.accept(ForEachOps.java:184)
	at java.base/java.util.stream.ForEachOps$ForEachOp$OfRef.accept(ForEachOps.java:184)
	at java.base/java.util.stream.ReferencePipeline$3$1.accept(ReferencePipeline.java:197)
	at java.base/java.util.Iterator.forEachRemaining(Iterator.java:133)
	at java.base/java.util.Spliterators$IteratorSpliterator.forEachRemaining(Spliterators.java:1939)
	at java.base/java.util.stream.AbstractPipeline.copyInto(AbstractPipeline.java:509)
	at java.base/java.util.stream.AbstractPipeline.wrapAndCopyInto(AbstractPipeline.java:499)
	at java.base/java.util.stream.ForEachOps$ForEachOp.evaluateSequential(ForEachOps.java:151)
	at java.base/java.util.stream.ForEachOps$ForEachOp$OfRef.evaluateSequential(ForEachOps.java:174)
	at java.base/java.util.stream.AbstractPipeline.evaluate(AbstractPipeline.java:234)
	at java.base/java.util.stream.ReferencePipeline.forEach(ReferencePipeline.java:596)
	at java.base/java.util.stream.ReferencePipeline$7$1.accept(ReferencePipeline.java:276)
	at java.base/java.util.ArrayList$ArrayListSpliterator.forEachRemaining(ArrayList.java:1708)
	at java.base/java.util.stream.AbstractPipeline.copyInto(AbstractPipeline.java:509)
	at java.base/java.util.stream.AbstractPipeline.wrapAndCopyInto(AbstractPipeline.java:499)
	at java.base/java.util.stream.ForEachOps$ForEachOp.evaluateSequential(ForEachOps.java:151)
	at java.base/java.util.stream.ForEachOps$ForEachOp$OfRef.evaluateSequential(ForEachOps.java:174)
	at java.base/java.util.stream.AbstractPipeline.evaluate(AbstractPipeline.java:234)
	at java.base/java.util.stream.ReferencePipeline.forEach(ReferencePipeline.java:596)
	at java.base/java.util.stream.ReferencePipeline$7$1.accept(ReferencePipeline.java:276)
	at java.base/java.util.stream.ReferencePipeline$3$1.accept(ReferencePipeline.java:197)
	at java.base/java.util.stream.ReferencePipeline$3$1.accept(ReferencePipeline.java:197)
	at java.base/java.util.stream.ReferencePipeline$3$1.accept(ReferencePipeline.java:197)
	at java.base/java.util.ArrayList$ArrayListSpliterator.forEachRemaining(ArrayList.java:1708)
	at java.base/java.util.stream.AbstractPipeline.copyInto(AbstractPipeline.java:509)
	at java.base/java.util.stream.AbstractPipeline.wrapAndCopyInto(AbstractPipeline.java:499)
	at java.base/java.util.stream.ForEachOps$ForEachOp.evaluateSequential(ForEachOps.java:151)
	at java.base/java.util.stream.ForEachOps$ForEachOp$OfRef.evaluateSequential(ForEachOps.java:174)
	at java.base/java.util.stream.AbstractPipeline.evaluate(AbstractPipeline.java:234)
	at java.base/java.util.stream.ReferencePipeline.forEach(ReferencePipeline.java:596)
	at java.base/java.util.stream.ReferencePipeline$7$1.accept(ReferencePipeline.java:276)
	at java.base/java.util.ArrayList$ArrayListSpliterator.forEachRemaining(ArrayList.java:1708)
	at java.base/java.util.stream.AbstractPipeline.copyInto(AbstractPipeline.java:509)
	at java.base/java.util.stream.AbstractPipeline.wrapAndCopyInto(AbstractPipeline.java:499)
	at java.base/java.util.stream.ForEachOps$ForEachOp.evaluateSequential(ForEachOps.java:151)
	at java.base/java.util.stream.ForEachOps$ForEachOp$OfRef.evaluateSequential(ForEachOps.java:174)
	at java.base/java.util.stream.AbstractPipeline.evaluate(AbstractPipeline.java:234)
	at java.base/java.util.stream.ReferencePipeline.forEach(ReferencePipeline.java:596)
	at org.junit.jupiter.engine.descriptor.TestTemplateTestDescriptor.execute(TestTemplateTestDescriptor.java:109)
	at org.junit.jupiter.engine.descriptor.TestTemplateTestDescriptor.execute(TestTemplateTestDescriptor.java:43)
	at org.junit.platform.engine.support.hierarchical.NodeTestTask.lambda$executeRecursively$6(NodeTestTask.java:156)
	at org.junit.platform.engine.support.hierarchical.ThrowableCollector.execute(ThrowableCollector.java:73)
	at org.junit.platform.engine.support.hierarchical.NodeTestTask.lambda$executeRecursively$8(NodeTestTask.java:146)
	at org.junit.platform.engine.support.hierarchical.Node.around(Node.java:137)
	at org.junit.platform.engine.support.hierarchical.NodeTestTask.lambda$executeRecursively$9(NodeTestTask.java:144)
	at org.junit.platform.engine.support.hierarchical.ThrowableCollector.execute(ThrowableCollector.java:73)
	at org.junit.platform.engine.support.hierarchical.NodeTestTask.executeRecursively(NodeTestTask.java:143)
	at org.junit.platform.engine.support.hierarchical.NodeTestTask.execute(NodeTestTask.java:100)
	at org.junit.platform.engine.support.hierarchical.ForkJoinPoolHierarchicalTestExecutorService$ExclusiveTask.exec(ForkJoinPoolHierarchicalTestExecutorService.java:274)
	at org.junit.platform.engine.support.hierarchical.ForkJoinPoolHierarchicalTestExecutorService$ExclusiveTask.execSync(ForkJoinPoolHierarchicalTestExecutorService.java:247)
	at org.junit.platform.engine.support.hierarchical.ForkJoinPoolHierarchicalTestExecutorService.executeSync(ForkJoinPoolHierarchicalTestExecutorService.java:194)
	at org.junit.platform.engine.support.hierarchical.ForkJoinPoolHierarchicalTestExecutorService.invokeAll(ForkJoinPoolHierarchicalTestExecutorService.java:166)
	at org.junit.platform.engine.support.hierarchical.NodeTestTask.lambda$executeRecursively$6(NodeTestTask.java:160)
	at org.junit.platform.engine.support.hierarchical.ThrowableCollector.execute(ThrowableCollector.java:73)
	at org.junit.platform.engine.support.hierarchical.NodeTestTask.lambda$executeRecursively$8(NodeTestTask.java:146)
	at org.junit.platform.engine.support.hierarchical.Node.around(Node.java:137)
	at org.junit.platform.engine.support.hierarchical.NodeTestTask.lambda$executeRecursively$9(NodeTestTask.java:144)
	at org.junit.platform.engine.support.hierarchical.ThrowableCollector.execute(ThrowableCollector.java:73)
	at org.junit.platform.engine.support.hierarchical.NodeTestTask.executeRecursively(NodeTestTask.java:143)
	at org.junit.platform.engine.support.hierarchical.NodeTestTask.execute(NodeTestTask.java:100)
	at org.junit.platform.engine.support.hierarchical.ForkJoinPoolHierarchicalTestExecutorService$ExclusiveTask.exec(ForkJoinPoolHierarchicalTestExecutorService.java:274)
	at java.base/java.util.concurrent.ForkJoinTask.doExec(ForkJoinTask.java:387)
	at java.base/java.util.concurrent.ForkJoinPool$WorkQueue.topLevelExec(ForkJoinPool.java:1312)
	at java.base/java.util.concurrent.ForkJoinPool.scan(ForkJoinPool.java:1843)
	at java.base/java.util.concurrent.ForkJoinPool.runWorker(ForkJoinPool.java:1808)
	at java.base/java.util.concurrent.ForkJoinWorkerThread.run(ForkJoinWorkerThread.java:188)
    23:46:49.040 | 456 ool-1-worker-220 | DEBUG | .c.s.m.InstanceMessageReceiveService : Received schedule participant score for exercise 3144 and participant 751 (result to be deleted: null)
    23:46:49.040 | 456 ool-1-worker-220 | DEBUG | .a.s.ParticipantScoreScheduleService : Scheduled task for exercise 3144 and participant 751 at 2025-02-14T23:46:49.140654554Z[Etc/UTC].
    23:46:49.042 | 456 ool-1-worker-220 | DEBUG | .s.ProgrammingExerciseGradingService : Received new build result (NEW) for participation 3743
    23:46:49.076 | 456 ool-1-worker-220 | DEBUG | .c.s.m.InstanceMessageReceiveService : Received schedule participant score for exercise 3144 and participant 751 (result to be deleted: null)
    23:46:49.076 | 456 ool-1-worker-220 | DEBUG | .a.s.ParticipantScoreScheduleService : Scheduled task for exercise 3144 and participant 751 at 2025-02-14T23:46:49.176475939Z[Etc/UTC].

  Starting logs for ProgrammingExerciseResultJenkinsIntegrationTest > shouldCorrectlyNotifyStudentsAboutNewResultsInOngoingExamExercise()
    23:46:49.090 | 456 ool-1-worker-220 | DEBUG | d.t.c.a.a.c.u.util.UserUtilService   : Generate 2 students...
    23:46:49.094 | 456 ool-1-worker-220 | DEBUG | d.t.c.a.a.c.u.util.UserUtilService   : 2 students generated. Generate 2 tutors...
    23:46:49.098 | 456 ool-1-worker-220 | DEBUG | d.t.c.a.a.c.u.util.UserUtilService   : 2 tutors generated. Generate 0 editors...
    23:46:49.099 | 456 ool-1-worker-220 | DEBUG | d.t.c.a.a.c.u.util.UserUtilService   : 0 editors generated. Generate 2 instructors...
    23:46:49.103 | 456 ool-1-worker-220 | DEBUG | d.t.c.a.a.c.u.util.UserUtilService   : 2 instructors generated
    23:46:49.105 | 456 ool-1-worker-220 | DEBUG | d.t.c.a.a.c.u.util.UserUtilService   : Removing 6 users from all courses...
    23:46:49.105 | 456 ool-1-worker-220 | DEBUG | d.t.c.a.a.c.u.util.UserUtilService   : Removing 6 users from all courses. Done
    23:46:49.105 | 456 ool-1-worker-220 | DEBUG | d.t.c.a.a.c.u.util.UserUtilService   : Save 6 users to database...
    23:46:49.110 | 456 ool-1-worker-220 | DEBUG | d.t.c.a.a.c.u.util.UserUtilService   : Save 6 users to database. Done
    23:46:49.151 | 456 ool-1-worker-220 | DEBUG | PersonalAccessTokenManagementService : Generate secure vcs access token
    23:46:49.155 | 456 ool-1-worker-220 | DEBUG | PersonalAccessTokenManagementService : Generate secure vcs access token
    23:46:49.158 | 456 ool-1-worker-220 | INFO  | i.z.t.d.l.EmbeddedDatabaseReporter   : JDBC URL to connect to 'dataSource': url='jdbc:h2:tcp://localhost:41063/mem:736625c0-cf5e-400d-aeaa-8a7eabd6262b;USER=sa', scope='ProgrammingExerciseResultJenkinsIntegrationTest#shouldCorrectlyNotifyStudentsAboutNewResultsInOngoingExamExercise'
    23:46:49.180 | 456 ool-1-worker-220 | DEBUG | PersonalAccessTokenManagementService : Generate secure vcs access token
    23:46:49.198 | 456 ool-1-worker-220 | DEBUG | d.t.c.a.a.c.s.f.ApiVersionFilter     : Adding Version to Request POST /api/public/programming-exercises/new-result
    23:46:49.199 | 456 ool-1-worker-220 | DEBUG | d.t.c.a.a.a.w.o.PublicResultResource : Received result notify (NEW)
    23:46:49.206 | 456 ool-1-worker-220 | INFO  | d.t.c.a.a.a.w.o.PublicResultResource : Artemis received a new result for build plan SHORT1BA2463C01D1E04ED809BF40A6EC44AFAB23TESTEXFOREXAM-PROGEXRESULTJENKSTUDENT1
    23:46:49.209 | 456 ool-1-worker-220 | DEBUG | .s.ProgrammingExerciseGradingService : Received new build result (NEW) for participation 3752
    23:46:49.215 | 456 ool-1-worker-220 | WARN  | .s.ProgrammingExerciseGradingService : Could not find pending ProgrammingSubmission for Commit Hash abc123 (Participation 3752, Build Plan SHORT1BA2463C01D1E04ED809BF40A6EC44AFAB23TESTEXFOREXAM-PROGEXRESULTJENKSTUDENT1). Will create a new one subsequently...
    23:46:49.215 | 456 ool-1-worker-220 | ERROR | .s.ProgrammingExerciseGradingService : Could not retrieve push date for participation 3752 and build plan SHORT1BA2463C01D1E04ED809BF40A6EC44AFAB23TESTEXFOREXAM-PROGEXRESULTJENKSTUDENT1
de.tum.cit.aet.artemis.programming.service.gitlab.GitLabException: Could not find build queue date for participation 3752
	at de.tum.cit.aet.artemis.programming.service.gitlab.GitLabService.getPushDate(GitLabService.java:369)
	at de.tum.cit.aet.artemis.programming.service.gitlab.GitLabService.getPushDate(GitLabService.java:358)
	at de.tum.cit.aet.artemis.programming.service.ProgrammingExerciseGradingService.createAndSaveFallbackSubmission(ProgrammingExerciseGradingService.java:286)
	at de.tum.cit.aet.artemis.programming.service.ProgrammingExerciseGradingService.createAndSaveFallbackSubmission(ProgrammingExerciseGradingService.java:272)
	at de.tum.cit.aet.artemis.programming.service.ProgrammingExerciseGradingService.lambda$processNewProgrammingExerciseResult$0(ProgrammingExerciseGradingService.java:177)
	at java.base/java.util.Optional.orElseGet(Optional.java:364)
	at de.tum.cit.aet.artemis.programming.service.ProgrammingExerciseGradingService.processNewProgrammingExerciseResult(ProgrammingExerciseGradingService.java:177)
	at de.tum.cit.aet.artemis.programming.service.ProgrammingExerciseGradingService.processNewProgrammingExerciseResult(ProgrammingExerciseGradingService.java:156)
	at de.tum.cit.aet.artemis.assessment.web.open.PublicResultResource.processNewProgrammingExerciseResult(PublicResultResource.java:113)
	at java.base/jdk.internal.reflect.DirectMethodHandleAccessor.invoke(DirectMethodHandleAccessor.java:103)
	at java.base/java.lang.reflect.Method.invoke(Method.java:580)
	at org.springframework.aop.support.AopUtils.invokeJoinpointUsingReflection(AopUtils.java:359)
	at org.springframework.aop.framework.ReflectiveMethodInvocation.invokeJoinpoint(ReflectiveMethodInvocation.java:196)
	at org.springframework.aop.framework.ReflectiveMethodInvocation.proceed(ReflectiveMethodInvocation.java:163)
	at org.springframework.security.authorization.method.AuthorizationManagerBeforeMethodInterceptor.proceed(AuthorizationManagerBeforeMethodInterceptor.java:268)
	at org.springframework.security.authorization.method.AuthorizationManagerBeforeMethodInterceptor.attemptAuthorization(AuthorizationManagerBeforeMethodInterceptor.java:263)
	at org.springframework.security.authorization.method.AuthorizationManagerBeforeMethodInterceptor.invoke(AuthorizationManagerBeforeMethodInterceptor.java:196)
	at org.springframework.security.config.annotation.method.configuration.DeferringMethodInterceptor.invoke(DeferringMethodInterceptor.java:44)
	at org.springframework.aop.framework.ReflectiveMethodInvocation.proceed(ReflectiveMethodInvocation.java:184)
	at org.springframework.aop.framework.CglibAopProxy$DynamicAdvisedInterceptor.intercept(CglibAopProxy.java:727)
	at de.tum.cit.aet.artemis.assessment.web.open.PublicResultResource$$SpringCGLIB$$0.processNewProgrammingExerciseResult(<generated>)
	at java.base/jdk.internal.reflect.DirectMethodHandleAccessor.invoke(DirectMethodHandleAccessor.java:103)
	at java.base/java.lang.reflect.Method.invoke(Method.java:580)
	at org.springframework.web.method.support.InvocableHandlerMethod.doInvoke(InvocableHandlerMethod.java:257)
	at org.springframework.web.method.support.InvocableHandlerMethod.invokeForRequest(InvocableHandlerMethod.java:190)
	at org.springframework.web.servlet.mvc.method.annotation.ServletInvocableHandlerMethod.invokeAndHandle(ServletInvocableHandlerMethod.java:118)
	at org.springframework.web.servlet.mvc.method.annotation.RequestMappingHandlerAdapter.invokeHandlerMethod(RequestMappingHandlerAdapter.java:986)
	at org.springframework.web.servlet.mvc.method.annotation.RequestMappingHandlerAdapter.handleInternal(RequestMappingHandlerAdapter.java:891)
	at org.springframework.web.servlet.mvc.method.AbstractHandlerMethodAdapter.handle(AbstractHandlerMethodAdapter.java:87)
	at org.springframework.web.servlet.DispatcherServlet.doDispatch(DispatcherServlet.java:1088)
	at org.springframework.web.servlet.DispatcherServlet.doService(DispatcherServlet.java:978)
	at org.springframework.web.servlet.FrameworkServlet.processRequest(FrameworkServlet.java:1014)
	at org.springframework.web.servlet.FrameworkServlet.doPost(FrameworkServlet.java:914)
	at jakarta.servlet.http.HttpServlet.service(HttpServlet.java:547)
	at org.springframework.web.servlet.FrameworkServlet.service(FrameworkServlet.java:885)
	at org.springframework.test.web.servlet.TestDispatcherServlet.service(TestDispatcherServlet.java:72)
	at jakarta.servlet.http.HttpServlet.service(HttpServlet.java:614)
	at org.springframework.mock.web.MockFilterChain$ServletFilterProxy.doFilter(MockFilterChain.java:165)
	at org.springframework.mock.web.MockFilterChain.doFilter(MockFilterChain.java:132)
	at org.springframework.web.filter.OncePerRequestFilter.doFilter(OncePerRequestFilter.java:110)
	at org.springframework.test.web.servlet.setup.MockMvcFilterDecorator.doFilter(MockMvcFilterDecorator.java:162)
	at org.springframework.mock.web.MockFilterChain.doFilter(MockFilterChain.java:132)
	at de.tum.cit.aet.artemis.core.security.filter.ApiVersionFilter.doFilter(ApiVersionFilter.java:55)
	at org.springframework.test.web.servlet.setup.MockMvcFilterDecorator.doFilter(MockMvcFilterDecorator.java:162)
	at org.springframework.mock.web.MockFilterChain.doFilter(MockFilterChain.java:132)
	at io.sentry.spring.jakarta.SentryUserFilter.doFilterInternal(SentryUserFilter.java:56)
	at org.springframework.web.filter.OncePerRequestFilter.doFilter(OncePerRequestFilter.java:116)
	at org.springframework.test.web.servlet.setup.MockMvcFilterDecorator.doFilter(MockMvcFilterDecorator.java:162)
	at org.springframework.mock.web.MockFilterChain.doFilter(MockFilterChain.java:132)
	at org.springframework.web.filter.CompositeFilter$VirtualFilterChain.doFilter(CompositeFilter.java:108)
	at org.springframework.security.web.FilterChainProxy.lambda$doFilterInternal$3(FilterChainProxy.java:231)
	at org.springframework.security.web.ObservationFilterChainDecorator$FilterObservation$SimpleFilterObservation.lambda$wrap$1(ObservationFilterChainDecorator.java:479)
	at org.springframework.security.web.ObservationFilterChainDecorator$AroundFilterObservation$SimpleAroundFilterObservation.lambda$wrap$1(ObservationFilterChainDecorator.java:340)
	at org.springframework.security.web.ObservationFilterChainDecorator.lambda$wrapSecured$0(ObservationFilterChainDecorator.java:82)
	at org.springframework.security.web.ObservationFilterChainDecorator$VirtualFilterChain.doFilter(ObservationFilterChainDecorator.java:128)
	at org.springframework.security.web.access.intercept.AuthorizationFilter.doFilter(AuthorizationFilter.java:101)
	at org.springframework.security.web.ObservationFilterChainDecorator$ObservationFilter.wrapFilter(ObservationFilterChainDecorator.java:240)
	at org.springframework.security.web.ObservationFilterChainDecorator$ObservationFilter.doFilter(ObservationFilterChainDecorator.java:227)
	at org.springframework.security.web.ObservationFilterChainDecorator$VirtualFilterChain.doFilter(ObservationFilterChainDecorator.java:137)
	at org.springframework.security.web.access.ExceptionTranslationFilter.doFilter(ExceptionTranslationFilter.java:126)
	at org.springframework.security.web.access.ExceptionTranslationFilter.doFilter(ExceptionTranslationFilter.java:120)
	at org.springframework.security.web.ObservationFilterChainDecorator$ObservationFilter.wrapFilter(ObservationFilterChainDecorator.java:240)
	at org.springframework.security.web.ObservationFilterChainDecorator$ObservationFilter.doFilter(ObservationFilterChainDecorator.java:227)
	at org.springframework.security.web.ObservationFilterChainDecorator$VirtualFilterChain.doFilter(ObservationFilterChainDecorator.java:137)
	at org.springframework.security.web.session.SessionManagementFilter.doFilter(SessionManagementFilter.java:131)
	at org.springframework.security.web.session.SessionManagementFilter.doFilter(SessionManagementFilter.java:85)
	at org.springframework.security.web.ObservationFilterChainDecorator$ObservationFilter.wrapFilter(ObservationFilterChainDecorator.java:240)
	at org.springframework.security.web.ObservationFilterChainDecorator$ObservationFilter.doFilter(ObservationFilterChainDecorator.java:227)
	at org.springframework.security.web.ObservationFilterChainDecorator$VirtualFilterChain.doFilter(ObservationFilterChainDecorator.java:137)
	at org.springframework.security.web.authentication.AnonymousAuthenticationFilter.doFilter(AnonymousAuthenticationFilter.java:100)
	at org.springframework.security.web.ObservationFilterChainDecorator$ObservationFilter.wrapFilter(ObservationFilterChainDecorator.java:240)
	at org.springframework.security.web.ObservationFilterChainDecorator$ObservationFilter.doFilter(ObservationFilterChainDecorator.java:227)
	at org.springframework.security.web.ObservationFilterChainDecorator$VirtualFilterChain.doFilter(ObservationFilterChainDecorator.java:137)
	at org.springframework.security.web.servletapi.SecurityContextHolderAwareRequestFilter.doFilter(SecurityContextHolderAwareRequestFilter.java:179)
	at org.springframework.security.web.ObservationFilterChainDecorator$ObservationFilter.wrapFilter(ObservationFilterChainDecorator.java:240)
	at org.springframework.security.web.ObservationFilterChainDecorator$ObservationFilter.doFilter(ObservationFilterChainDecorator.java:227)
	at org.springframework.security.web.ObservationFilterChainDecorator$VirtualFilterChain.doFilter(ObservationFilterChainDecorator.java:137)
	at org.springframework.security.web.savedrequest.RequestCacheAwareFilter.doFilter(RequestCacheAwareFilter.java:63)
	at org.springframework.security.web.ObservationFilterChainDecorator$ObservationFilter.wrapFilter(ObservationFilterChainDecorator.java:240)
	at org.springframework.security.web.ObservationFilterChainDecorator$ObservationFilter.doFilter(ObservationFilterChainDecorator.java:227)
	at org.springframework.security.web.ObservationFilterChainDecorator$VirtualFilterChain.doFilter(ObservationFilterChainDecorator.java:137)
	at de.tum.cit.aet.artemis.core.security.filter.SpaWebFilter.doFilterInternal(SpaWebFilter.java:23)
	at org.springframework.web.filter.OncePerRequestFilter.doFilter(OncePerRequestFilter.java:116)
	at org.springframework.security.web.ObservationFilterChainDecorator$ObservationFilter.wrapFilter(ObservationFilterChainDecorator.java:240)
	at org.springframework.security.web.ObservationFilterChainDecorator$ObservationFilter.doFilter(ObservationFilterChainDecorator.java:227)
	at org.springframework.security.web.ObservationFilterChainDecorator$VirtualFilterChain.doFilter(ObservationFilterChainDecorator.java:137)
	at org.springframework.web.filter.OncePerRequestFilter.doFilter(OncePerRequestFilter.java:110)
	at org.springframework.security.web.ObservationFilterChainDecorator$ObservationFilter.wrapFilter(ObservationFilterChainDecorator.java:240)
	at org.springframework.security.web.ObservationFilterChainDecorator$ObservationFilter.doFilter(ObservationFilterChainDecorator.java:227)
	at org.springframework.security.web.ObservationFilterChainDecorator$VirtualFilterChain.doFilter(ObservationFilterChainDecorator.java:137)
	at de.tum.cit.aet.artemis.lti.config.Lti13LaunchFilter.doFilterInternal(Lti13LaunchFilter.java:60)
	at org.springframework.web.filter.OncePerRequestFilter.doFilter(OncePerRequestFilter.java:116)
	at org.springframework.security.web.ObservationFilterChainDecorator$ObservationFilter.wrapFilter(ObservationFilterChainDecorator.java:240)
	at org.springframework.security.web.ObservationFilterChainDecorator$ObservationFilter.doFilter(ObservationFilterChainDecorator.java:227)
	at org.springframework.security.web.ObservationFilterChainDecorator$VirtualFilterChain.doFilter(ObservationFilterChainDecorator.java:137)
	at de.tum.cit.aet.artemis.core.security.jwt.JWTFilter.doFilter(JWTFilter.java:55)
	at org.springframework.security.web.ObservationFilterChainDecorator$ObservationFilter.wrapFilter(ObservationFilterChainDecorator.java:240)
	at org.springframework.security.web.ObservationFilterChainDecorator$ObservationFilter.doFilter(ObservationFilterChainDecorator.java:227)
	at org.springframework.security.web.ObservationFilterChainDecorator$VirtualFilterChain.doFilter(ObservationFilterChainDecorator.java:137)
	at de.tum.cit.aet.artemis.core.security.jwt.JWTFilter.doFilter(JWTFilter.java:55)
	at org.springframework.security.web.ObservationFilterChainDecorator$ObservationFilter.wrapFilter(ObservationFilterChainDecorator.java:240)
	at org.springframework.security.web.ObservationFilterChainDecorator$ObservationFilter.doFilter(ObservationFilterChainDecorator.java:227)
	at org.springframework.security.web.ObservationFilterChainDecorator$VirtualFilterChain.doFilter(ObservationFilterChainDecorator.java:137)
	at org.springframework.web.filter.CorsFilter.doFilterInternal(CorsFilter.java:91)
	at org.springframework.web.filter.OncePerRequestFilter.doFilter(OncePerRequestFilter.java:116)
	at org.springframework.security.web.ObservationFilterChainDecorator$ObservationFilter.wrapFilter(ObservationFilterChainDecorator.java:240)
	at org.springframework.security.web.ObservationFilterChainDecorator$ObservationFilter.doFilter(ObservationFilterChainDecorator.java:227)
	at org.springframework.security.web.ObservationFilterChainDecorator$VirtualFilterChain.doFilter(ObservationFilterChainDecorator.java:137)
	at org.springframework.web.filter.OncePerRequestFilter.doFilter(OncePerRequestFilter.java:110)
	at org.springframework.security.web.ObservationFilterChainDecorator$ObservationFilter.wrapFilter(ObservationFilterChainDecorator.java:240)
	at org.springframework.security.web.ObservationFilterChainDecorator$ObservationFilter.doFilter(ObservationFilterChainDecorator.java:227)
	at org.springframework.security.web.ObservationFilterChainDecorator$VirtualFilterChain.doFilter(ObservationFilterChainDecorator.java:137)
	at uk.ac.ox.ctl.lti13.security.oauth2.client.lti.web.OAuth2AuthorizationRequestRedirectFilter.doFilterInternal(OAuth2AuthorizationRequestRedirectFilter.java:142)
	at org.springframework.web.filter.OncePerRequestFilter.doFilter(OncePerRequestFilter.java:116)
	at org.springframework.security.web.ObservationFilterChainDecorator$ObservationFilter.wrapFilter(ObservationFilterChainDecorator.java:240)
	at org.springframework.security.web.ObservationFilterChainDecorator$ObservationFilter.doFilter(ObservationFilterChainDecorator.java:227)
	at org.springframework.security.web.ObservationFilterChainDecorator$VirtualFilterChain.doFilter(ObservationFilterChainDecorator.java:137)
	at org.springframework.security.web.authentication.logout.LogoutFilter.doFilter(LogoutFilter.java:107)
	at org.springframework.security.web.authentication.logout.LogoutFilter.doFilter(LogoutFilter.java:93)
	at org.springframework.security.web.ObservationFilterChainDecorator$ObservationFilter.wrapFilter(ObservationFilterChainDecorator.java:240)
	at org.springframework.security.web.ObservationFilterChainDecorator$ObservationFilter.doFilter(ObservationFilterChainDecorator.java:227)
	at org.springframework.security.web.ObservationFilterChainDecorator$VirtualFilterChain.doFilter(ObservationFilterChainDecorator.java:137)
	at org.springframework.security.web.header.HeaderWriterFilter.doHeadersAfter(HeaderWriterFilter.java:90)
	at org.springframework.security.web.header.HeaderWriterFilter.doFilterInternal(HeaderWriterFilter.java:75)
	at org.springframework.web.filter.OncePerRequestFilter.doFilter(OncePerRequestFilter.java:116)
	at org.springframework.security.web.ObservationFilterChainDecorator$ObservationFilter.wrapFilter(ObservationFilterChainDecorator.java:240)
	at org.springframework.security.web.ObservationFilterChainDecorator$ObservationFilter.doFilter(ObservationFilterChainDecorator.java:227)
	at org.springframework.security.web.ObservationFilterChainDecorator$VirtualFilterChain.doFilter(ObservationFilterChainDecorator.java:137)
	at org.springframework.security.web.context.SecurityContextHolderFilter.doFilter(SecurityContextHolderFilter.java:82)
	at org.springframework.security.web.context.SecurityContextHolderFilter.doFilter(SecurityContextHolderFilter.java:69)
	at org.springframework.security.web.ObservationFilterChainDecorator$ObservationFilter.wrapFilter(ObservationFilterChainDecorator.java:240)
	at org.springframework.security.web.ObservationFilterChainDecorator$ObservationFilter.doFilter(ObservationFilterChainDecorator.java:227)
	at org.springframework.security.web.ObservationFilterChainDecorator$VirtualFilterChain.doFilter(ObservationFilterChainDecorator.java:137)
	at org.springframework.security.web.context.request.async.WebAsyncManagerIntegrationFilter.doFilterInternal(WebAsyncManagerIntegrationFilter.java:62)
	at org.springframework.web.filter.OncePerRequestFilter.doFilter(OncePerRequestFilter.java:116)
	at org.springframework.security.web.ObservationFilterChainDecorator$ObservationFilter.wrapFilter(ObservationFilterChainDecorator.java:240)
	at org.springframework.security.web.ObservationFilterChainDecorator$ObservationFilter.doFilter(ObservationFilterChainDecorator.java:227)
	at org.springframework.security.web.ObservationFilterChainDecorator$VirtualFilterChain.doFilter(ObservationFilterChainDecorator.java:137)
	at org.springframework.security.web.session.DisableEncodeUrlFilter.doFilterInternal(DisableEncodeUrlFilter.java:42)
	at org.springframework.web.filter.OncePerRequestFilter.doFilter(OncePerRequestFilter.java:116)
	at org.springframework.security.web.ObservationFilterChainDecorator$ObservationFilter.wrapFilter(ObservationFilterChainDecorator.java:240)
	at org.springframework.security.web.ObservationFilterChainDecorator$AroundFilterObservation$SimpleAroundFilterObservation.lambda$wrap$0(ObservationFilterChainDecorator.java:323)
	at org.springframework.security.web.ObservationFilterChainDecorator$ObservationFilter.doFilter(ObservationFilterChainDecorator.java:224)
	at org.springframework.security.web.ObservationFilterChainDecorator$VirtualFilterChain.doFilter(ObservationFilterChainDecorator.java:137)
	at org.springframework.security.web.FilterChainProxy.doFilterInternal(FilterChainProxy.java:233)
	at org.springframework.security.web.FilterChainProxy.doFilter(FilterChainProxy.java:191)
	at org.springframework.web.filter.CompositeFilter$VirtualFilterChain.doFilter(CompositeFilter.java:113)
	at org.springframework.web.servlet.handler.HandlerMappingIntrospector.lambda$createCacheFilter$3(HandlerMappingIntrospector.java:243)
	at org.springframework.web.filter.CompositeFilter$VirtualFilterChain.doFilter(CompositeFilter.java:113)
	at org.springframework.web.filter.CompositeFilter.doFilter(CompositeFilter.java:74)
	at org.springframework.security.config.annotation.web.configuration.WebMvcSecurityConfiguration$CompositeFilterChainProxy.doFilter(WebMvcSecurityConfiguration.java:238)
	at org.springframework.web.filter.DelegatingFilterProxy.invokeDelegate(DelegatingFilterProxy.java:362)
	at org.springframework.web.filter.DelegatingFilterProxy.doFilter(DelegatingFilterProxy.java:278)
	at org.springframework.test.web.servlet.setup.MockMvcFilterDecorator.doFilter(MockMvcFilterDecorator.java:162)
	at org.springframework.mock.web.MockFilterChain.doFilter(MockFilterChain.java:132)
	at org.springframework.web.filter.RequestContextFilter.doFilterInternal(RequestContextFilter.java:100)
	at org.springframework.web.filter.OncePerRequestFilter.doFilter(OncePerRequestFilter.java:116)
	at org.springframework.test.web.servlet.setup.MockMvcFilterDecorator.doFilter(MockMvcFilterDecorator.java:162)
	at org.springframework.mock.web.MockFilterChain.doFilter(MockFilterChain.java:132)
	at org.springframework.web.filter.FormContentFilter.doFilterInternal(FormContentFilter.java:93)
	at org.springframework.web.filter.OncePerRequestFilter.doFilter(OncePerRequestFilter.java:116)
	at org.springframework.test.web.servlet.setup.MockMvcFilterDecorator.doFilter(MockMvcFilterDecorator.java:162)
	at org.springframework.mock.web.MockFilterChain.doFilter(MockFilterChain.java:132)
	at org.springframework.web.filter.ServerHttpObservationFilter.doFilterInternal(ServerHttpObservationFilter.java:114)
	at org.springframework.web.filter.OncePerRequestFilter.doFilter(OncePerRequestFilter.java:116)
	at org.springframework.test.web.servlet.setup.MockMvcFilterDecorator.doFilter(MockMvcFilterDecorator.java:162)
	at org.springframework.mock.web.MockFilterChain.doFilter(MockFilterChain.java:132)
	at io.sentry.spring.jakarta.tracing.SentryTracingFilter.doFilterInternal(SentryTracingFilter.java:91)
	at org.springframework.web.filter.OncePerRequestFilter.doFilter(OncePerRequestFilter.java:116)
	at org.springframework.test.web.servlet.setup.MockMvcFilterDecorator.doFilter(MockMvcFilterDecorator.java:162)
	at org.springframework.mock.web.MockFilterChain.doFilter(MockFilterChain.java:132)
	at org.springframework.web.filter.CharacterEncodingFilter.doFilterInternal(CharacterEncodingFilter.java:201)
	at org.springframework.web.filter.OncePerRequestFilter.doFilter(OncePerRequestFilter.java:116)
	at org.springframework.test.web.servlet.setup.MockMvcFilterDecorator.doFilter(MockMvcFilterDecorator.java:162)
	at org.springframework.mock.web.MockFilterChain.doFilter(MockFilterChain.java:132)
	at io.sentry.spring.jakarta.SentrySpringFilter.doFilterInternal(SentrySpringFilter.java:76)
	at org.springframework.web.filter.OncePerRequestFilter.doFilter(OncePerRequestFilter.java:116)
	at org.springframework.test.web.servlet.setup.MockMvcFilterDecorator.doFilter(MockMvcFilterDecorator.java:162)
	at org.springframework.mock.web.MockFilterChain.doFilter(MockFilterChain.java:132)
	at org.springframework.test.web.servlet.MockMvc.perform(MockMvc.java:201)
	at de.tum.cit.aet.artemis.core.util.RequestUtilService.performMvcRequest(RequestUtilService.java:79)
	at de.tum.cit.aet.artemis.core.util.RequestUtilService.postWithoutLocation(RequestUtilService.java:213)
	at de.tum.cit.aet.artemis.core.util.RequestUtilService.postWithoutLocation(RequestUtilService.java:199)
	at de.tum.cit.aet.artemis.programming.util.ProgrammingExerciseResultTestService.postResult(ProgrammingExerciseResultTestService.java:232)
	at de.tum.cit.aet.artemis.programming.util.ProgrammingExerciseResultTestService.shouldCorrectlyNotifyStudentsAboutNewResults(ProgrammingExerciseResultTestService.java:422)
	at de.tum.cit.aet.artemis.programming.ProgrammingExerciseResultJenkinsIntegrationTest.shouldCorrectlyNotifyStudentsAboutNewResultsInOngoingExamExercise(ProgrammingExerciseResultJenkinsIntegrationTest.java:192)
	at java.base/jdk.internal.reflect.DirectMethodHandleAccessor.invoke(DirectMethodHandleAccessor.java:103)
	at java.base/java.lang.reflect.Method.invoke(Method.java:580)
	at org.junit.platform.commons.util.ReflectionUtils.invokeMethod(ReflectionUtils.java:767)
	at org.junit.jupiter.engine.execution.MethodInvocation.proceed(MethodInvocation.java:60)
	at org.junit.jupiter.engine.execution.InvocationInterceptorChain$ValidatingInvocation.proceed(InvocationInterceptorChain.java:131)
	at org.junit.jupiter.engine.extension.TimeoutExtension.intercept(TimeoutExtension.java:156)
	at org.junit.jupiter.engine.extension.TimeoutExtension.interceptTestableMethod(TimeoutExtension.java:147)
	at org.junit.jupiter.engine.extension.TimeoutExtension.interceptTestMethod(TimeoutExtension.java:86)
	at org.junit.jupiter.engine.execution.InterceptingExecutableInvoker$ReflectiveInterceptorCall.lambda$ofVoidMethod$0(InterceptingExecutableInvoker.java:103)
	at org.junit.jupiter.engine.execution.InterceptingExecutableInvoker.lambda$invoke$0(InterceptingExecutableInvoker.java:93)
	at org.junit.jupiter.engine.execution.InvocationInterceptorChain$InterceptedInvocation.proceed(InvocationInterceptorChain.java:106)
	at org.junit.jupiter.engine.execution.InvocationInterceptorChain.proceed(InvocationInterceptorChain.java:64)
	at org.junit.jupiter.engine.execution.InvocationInterceptorChain.chainAndInvoke(InvocationInterceptorChain.java:45)
	at org.junit.jupiter.engine.execution.InvocationInterceptorChain.invoke(InvocationInterceptorChain.java:37)
	at org.junit.jupiter.engine.execution.InterceptingExecutableInvoker.invoke(InterceptingExecutableInvoker.java:92)
	at org.junit.jupiter.engine.execution.InterceptingExecutableInvoker.invoke(InterceptingExecutableInvoker.java:86)
	at org.junit.jupiter.engine.descriptor.TestMethodTestDescriptor.lambda$invokeTestMethod$8(TestMethodTestDescriptor.java:217)
	at org.junit.platform.engine.support.hierarchical.ThrowableCollector.execute(ThrowableCollector.java:73)
	at org.junit.jupiter.engine.descriptor.TestMethodTestDescriptor.invokeTestMethod(TestMethodTestDescriptor.java:213)
	at org.junit.jupiter.engine.descriptor.TestMethodTestDescriptor.execute(TestMethodTestDescriptor.java:138)
	at org.junit.jupiter.engine.descriptor.TestMethodTestDescriptor.execute(TestMethodTestDescriptor.java:68)
	at org.junit.platform.engine.support.hierarchical.NodeTestTask.lambda$executeRecursively$6(NodeTestTask.java:156)
	at org.junit.platform.engine.support.hierarchical.ThrowableCollector.execute(ThrowableCollector.java:73)
	at org.junit.platform.engine.support.hierarchical.NodeTestTask.lambda$executeRecursively$8(NodeTestTask.java:146)
	at org.junit.platform.engine.support.hierarchical.Node.around(Node.java:137)
	at org.junit.platform.engine.support.hierarchical.NodeTestTask.lambda$executeRecursively$9(NodeTestTask.java:144)
	at org.junit.platform.engine.support.hierarchical.ThrowableCollector.execute(ThrowableCollector.java:73)
	at org.junit.platform.engine.support.hierarchical.NodeTestTask.executeRecursively(NodeTestTask.java:143)
	at org.junit.platform.engine.support.hierarchical.NodeTestTask.execute(NodeTestTask.java:100)
	at org.junit.platform.engine.support.hierarchical.ForkJoinPoolHierarchicalTestExecutorService$ExclusiveTask.exec(ForkJoinPoolHierarchicalTestExecutorService.java:274)
	at org.junit.platform.engine.support.hierarchical.ForkJoinPoolHierarchicalTestExecutorService$ExclusiveTask.execSync(ForkJoinPoolHierarchicalTestExecutorService.java:247)
	at org.junit.platform.engine.support.hierarchical.ForkJoinPoolHierarchicalTestExecutorService.executeSync(ForkJoinPoolHierarchicalTestExecutorService.java:194)
	at org.junit.platform.engine.support.hierarchical.ForkJoinPoolHierarchicalTestExecutorService.invokeAll(ForkJoinPoolHierarchicalTestExecutorService.java:166)
	at org.junit.platform.engine.support.hierarchical.NodeTestTask.lambda$executeRecursively$6(NodeTestTask.java:160)
	at org.junit.platform.engine.support.hierarchical.ThrowableCollector.execute(ThrowableCollector.java:73)
	at org.junit.platform.engine.support.hierarchical.NodeTestTask.lambda$executeRecursively$8(NodeTestTask.java:146)
	at org.junit.platform.engine.support.hierarchical.Node.around(Node.java:137)
	at org.junit.platform.engine.support.hierarchical.NodeTestTask.lambda$executeRecursively$9(NodeTestTask.java:144)
	at org.junit.platform.engine.support.hierarchical.ThrowableCollector.execute(ThrowableCollector.java:73)
	at org.junit.platform.engine.support.hierarchical.NodeTestTask.executeRecursively(NodeTestTask.java:143)
	at org.junit.platform.engine.support.hierarchical.NodeTestTask.execute(NodeTestTask.java:100)
	at org.junit.platform.engine.support.hierarchical.ForkJoinPoolHierarchicalTestExecutorService$ExclusiveTask.exec(ForkJoinPoolHierarchicalTestExecutorService.java:274)
	at java.base/java.util.concurrent.ForkJoinTask.doExec(ForkJoinTask.java:387)
	at java.base/java.util.concurrent.ForkJoinPool$WorkQueue.topLevelExec(ForkJoinPool.java:1312)
	at java.base/java.util.concurrent.ForkJoinPool.scan(ForkJoinPool.java:1843)
	at java.base/java.util.concurrent.ForkJoinPool.runWorker(ForkJoinPool.java:1808)
	at java.base/java.util.concurrent.ForkJoinWorkerThread.run(ForkJoinWorkerThread.java:188)
    23:46:49.243 | 456 ool-1-worker-220 | DEBUG | .c.s.m.InstanceMessageReceiveService : Received schedule participant score for exercise 3147 and participant 750 (result to be deleted: null)
    23:46:49.243 | 456 ool-1-worker-220 | DEBUG | .a.s.ParticipantScoreScheduleService : Scheduled task for exercise 3147 and participant 750 at 2025-02-14T23:46:49.343738727Z[Etc/UTC].
    23:46:49.244 | 456 ool-1-worker-220 | DEBUG | .a.a.p.s.ProgrammingMessagingService : Send result to client over websocket. Result: Result{id753, completionDate=2025-02-14T23:46:49.181847300Z, successful=false, score=25.0, rated=true, assessmentType=AUTOMATIC, hasComplaint=null, testCaseCount=1, passedTestCaseCount=1, codeIssueCount=0}, Submission: ProgrammingSubmission{commitHash='abc123', buildFailed=false, buildArtifact=false, type=MANUAL}, Participation: ProgrammingExerciseStudentParticipation{id=3752, repositoryUri='https://version-control.fake.fake/git/SHORT1BA2463C01D1E04ED809BF40A6EC44AFAB23TESTEXFOREXAM/short1ba2463c01d1e04ed809bf40a6ec44afab23testexforexam-progexresultjenkstudent1.git', buildPlanId='SHORT1BA2463C01D1E04ED809BF40A6EC44AFAB23TESTEXFOREXAM-PROGEXRESULTJENKSTUDENT1', initializationState='INITIALIZED', initializationDate='2025-02-14T23:46:49.179512Z', individualDueDate=null', presentationScore=null}
    23:46:49.247 | 456 ool-1-worker-220 | INFO  | d.t.c.a.a.a.w.o.PublicResultResource : The new result for SHORT1BA2463C01D1E04ED809BF40A6EC44AFAB23TESTEXFOREXAM-PROGEXRESULTJENKSTUDENT1 was saved successfully

  Starting logs for ProgrammingExerciseResultJenkinsIntegrationTest > shouldUpdateTestCasesAndResultScoreFromSolutionParticipationResultWithFailedTests()
    23:46:49.262 | 456 ool-1-worker-220 | DEBUG | d.t.c.a.a.c.u.util.UserUtilService   : Generate 2 students...
    23:46:49.265 | 456 ool-1-worker-220 | DEBUG | d.t.c.a.a.c.u.util.UserUtilService   : 2 students generated. Generate 2 tutors...
    23:46:49.269 | 456 ool-1-worker-220 | DEBUG | d.t.c.a.a.c.u.util.UserUtilService   : 2 tutors generated. Generate 0 editors...
    23:46:49.270 | 456 ool-1-worker-220 | DEBUG | d.t.c.a.a.c.u.util.UserUtilService   : 0 editors generated. Generate 2 instructors...
    23:46:49.273 | 456 ool-1-worker-220 | DEBUG | d.t.c.a.a.c.u.util.UserUtilService   : 2 instructors generated
    23:46:49.275 | 456 ool-1-worker-220 | DEBUG | d.t.c.a.a.c.u.util.UserUtilService   : Removing 6 users from all courses...
    23:46:49.276 | 456 ool-1-worker-220 | DEBUG | d.t.c.a.a.c.u.util.UserUtilService   : Removing 6 users from all courses. Done
    23:46:49.276 | 456 ool-1-worker-220 | DEBUG | d.t.c.a.a.c.u.util.UserUtilService   : Save 6 users to database...
    23:46:49.279 | 456 ool-1-worker-220 | DEBUG | d.t.c.a.a.c.u.util.UserUtilService   : Save 6 users to database. Done
    23:46:49.309 | 456 ool-1-worker-220 | DEBUG | PersonalAccessTokenManagementService : Generate secure vcs access token
    23:46:49.312 | 456 ool-1-worker-220 | DEBUG | PersonalAccessTokenManagementService : Generate secure vcs access token
    23:46:49.314 | 456 ool-1-worker-220 | INFO  | i.z.t.d.l.EmbeddedDatabaseReporter   : JDBC URL to connect to 'dataSource': url='jdbc:h2:tcp://localhost:41063/mem:736625c0-cf5e-400d-aeaa-8a7eabd6262b;USER=sa', scope='ProgrammingExerciseResultJenkinsIntegrationTest#shouldUpdateTestCasesAndResultScoreFromSolutionParticipationResultWithFailedTests'
    23:46:49.319 | 456 ool-1-worker-220 | DEBUG | .s.ProgrammingExerciseGradingService : Received new build result (NEW) for participation 3753
    23:46:49.330 | 456 ool-1-worker-220 | WARN  | .s.ProgrammingExerciseGradingService : Could not find pending ProgrammingSubmission for Commit Hash 9b3a9bd71a0d80e5bbc42204c319ed3d1d4f0d6d (Participation 3753, Build Plan SHORT5C121B9B07B5A04C930B29E08CCC8094895DTSTEXC-SOLUTION). Will create a new one subsequently...
    23:46:49.368 | 456 ool-1-worker-220 | DEBUG | .s.ProgrammingExerciseGradingService : Received new build result (NEW) for participation 3753

  Starting logs for ProgrammingExerciseResultJenkinsIntegrationTest > shouldCreateResultOnParticipationDefaultBranch()
    23:46:49.406 | 456 ool-1-worker-220 | DEBUG | d.t.c.a.a.c.u.util.UserUtilService   : Generate 2 students...
    23:46:49.409 | 456 ool-1-worker-220 | DEBUG | d.t.c.a.a.c.u.util.UserUtilService   : 2 students generated. Generate 2 tutors...
    23:46:49.413 | 456 ool-1-worker-220 | DEBUG | d.t.c.a.a.c.u.util.UserUtilService   : 2 tutors generated. Generate 0 editors...
    23:46:49.414 | 456 ool-1-worker-220 | DEBUG | d.t.c.a.a.c.u.util.UserUtilService   : 0 editors generated. Generate 2 instructors...
    23:46:49.417 | 456 ool-1-worker-220 | DEBUG | d.t.c.a.a.c.u.util.UserUtilService   : 2 instructors generated
    23:46:49.418 | 456 ool-1-worker-220 | DEBUG | d.t.c.a.a.c.u.util.UserUtilService   : Removing 6 users from all courses...
    23:46:49.418 | 456 ool-1-worker-220 | DEBUG | d.t.c.a.a.c.u.util.UserUtilService   : Removing 6 users from all courses. Done
    23:46:49.418 | 456 ool-1-worker-220 | DEBUG | d.t.c.a.a.c.u.util.UserUtilService   : Save 6 users to database...
    23:46:49.421 | 456 ool-1-worker-220 | DEBUG | d.t.c.a.a.c.u.util.UserUtilService   : Save 6 users to database. Done
    23:46:49.453 | 456 ool-1-worker-220 | DEBUG | PersonalAccessTokenManagementService : Generate secure vcs access token
    23:46:49.456 | 456 ool-1-worker-220 | DEBUG | PersonalAccessTokenManagementService : Generate secure vcs access token
    23:46:49.457 | 456 ool-1-worker-220 | INFO  | i.z.t.d.l.EmbeddedDatabaseReporter   : JDBC URL to connect to 'dataSource': url='jdbc:h2:tcp://localhost:41063/mem:736625c0-cf5e-400d-aeaa-8a7eabd6262b;USER=sa', scope='ProgrammingExerciseResultJenkinsIntegrationTest#shouldCreateResultOnParticipationDefaultBranch'
    23:46:49.460 | 456 ool-1-worker-220 | DEBUG | .s.ProgrammingExerciseGradingService : Received new build result (NEW) for participation 3763
    23:46:49.463 | 456 ool-1-worker-220 | WARN  | .s.ProgrammingExerciseGradingService : Could not find pending ProgrammingSubmission for Commit Hash abc123 (Participation 3763, Build Plan SHORTE4E2882A0A565042DF0AE7E062472EBDC5F1TSTEXC-PROGEXRESULTJENKSTUDENT1). Will create a new one subsequently...
    23:46:49.463 | 456 ool-1-worker-220 | ERROR | .s.ProgrammingExerciseGradingService : Could not retrieve push date for participation 3763 and build plan SHORTE4E2882A0A565042DF0AE7E062472EBDC5F1TSTEXC-PROGEXRESULTJENKSTUDENT1
de.tum.cit.aet.artemis.programming.service.gitlab.GitLabException: Could not find build queue date for participation 3763
	at de.tum.cit.aet.artemis.programming.service.gitlab.GitLabService.getPushDate(GitLabService.java:369)
	at de.tum.cit.aet.artemis.programming.service.gitlab.GitLabService.getPushDate(GitLabService.java:358)
	at de.tum.cit.aet.artemis.programming.service.ProgrammingExerciseGradingService.createAndSaveFallbackSubmission(ProgrammingExerciseGradingService.java:286)
	at de.tum.cit.aet.artemis.programming.service.ProgrammingExerciseGradingService.createAndSaveFallbackSubmission(ProgrammingExerciseGradingService.java:272)
	at de.tum.cit.aet.artemis.programming.service.ProgrammingExerciseGradingService.lambda$processNewProgrammingExerciseResult$0(ProgrammingExerciseGradingService.java:177)
	at java.base/java.util.Optional.orElseGet(Optional.java:364)
	at de.tum.cit.aet.artemis.programming.service.ProgrammingExerciseGradingService.processNewProgrammingExerciseResult(ProgrammingExerciseGradingService.java:177)
	at de.tum.cit.aet.artemis.programming.service.ProgrammingExerciseGradingService.processNewProgrammingExerciseResult(ProgrammingExerciseGradingService.java:156)
	at de.tum.cit.aet.artemis.programming.util.ProgrammingExerciseResultTestService.shouldCreateResultOnParticipationDefaultBranch(ProgrammingExerciseResultTestService.java:386)
	at de.tum.cit.aet.artemis.programming.ProgrammingExerciseResultJenkinsIntegrationTest.shouldCreateResultOnParticipationDefaultBranch(ProgrammingExerciseResultJenkinsIntegrationTest.java:139)
	at java.base/jdk.internal.reflect.DirectMethodHandleAccessor.invoke(DirectMethodHandleAccessor.java:103)
	at java.base/java.lang.reflect.Method.invoke(Method.java:580)
	at org.junit.platform.commons.util.ReflectionUtils.invokeMethod(ReflectionUtils.java:767)
	at org.junit.jupiter.engine.execution.MethodInvocation.proceed(MethodInvocation.java:60)
	at org.junit.jupiter.engine.execution.InvocationInterceptorChain$ValidatingInvocation.proceed(InvocationInterceptorChain.java:131)
	at org.junit.jupiter.engine.extension.TimeoutExtension.intercept(TimeoutExtension.java:156)
	at org.junit.jupiter.engine.extension.TimeoutExtension.interceptTestableMethod(TimeoutExtension.java:147)
	at org.junit.jupiter.engine.extension.TimeoutExtension.interceptTestMethod(TimeoutExtension.java:86)
	at org.junit.jupiter.engine.execution.InterceptingExecutableInvoker$ReflectiveInterceptorCall.lambda$ofVoidMethod$0(InterceptingExecutableInvoker.java:103)
	at org.junit.jupiter.engine.execution.InterceptingExecutableInvoker.lambda$invoke$0(InterceptingExecutableInvoker.java:93)
	at org.junit.jupiter.engine.execution.InvocationInterceptorChain$InterceptedInvocation.proceed(InvocationInterceptorChain.java:106)
	at org.junit.jupiter.engine.execution.InvocationInterceptorChain.proceed(InvocationInterceptorChain.java:64)
	at org.junit.jupiter.engine.execution.InvocationInterceptorChain.chainAndInvoke(InvocationInterceptorChain.java:45)
	at org.junit.jupiter.engine.execution.InvocationInterceptorChain.invoke(InvocationInterceptorChain.java:37)
	at org.junit.jupiter.engine.execution.InterceptingExecutableInvoker.invoke(InterceptingExecutableInvoker.java:92)
	at org.junit.jupiter.engine.execution.InterceptingExecutableInvoker.invoke(InterceptingExecutableInvoker.java:86)
	at org.junit.jupiter.engine.descriptor.TestMethodTestDescriptor.lambda$invokeTestMethod$8(TestMethodTestDescriptor.java:217)
	at org.junit.platform.engine.support.hierarchical.ThrowableCollector.execute(ThrowableCollector.java:73)
	at org.junit.jupiter.engine.descriptor.TestMethodTestDescriptor.invokeTestMethod(TestMethodTestDescriptor.java:213)
	at org.junit.jupiter.engine.descriptor.TestMethodTestDescriptor.execute(TestMethodTestDescriptor.java:138)
	at org.junit.jupiter.engine.descriptor.TestMethodTestDescriptor.execute(TestMethodTestDescriptor.java:68)
	at org.junit.platform.engine.support.hierarchical.NodeTestTask.lambda$executeRecursively$6(NodeTestTask.java:156)
	at org.junit.platform.engine.support.hierarchical.ThrowableCollector.execute(ThrowableCollector.java:73)
	at org.junit.platform.engine.support.hierarchical.NodeTestTask.lambda$executeRecursively$8(NodeTestTask.java:146)
	at org.junit.platform.engine.support.hierarchical.Node.around(Node.java:137)
	at org.junit.platform.engine.support.hierarchical.NodeTestTask.lambda$executeRecursively$9(NodeTestTask.java:144)
	at org.junit.platform.engine.support.hierarchical.ThrowableCollector.execute(ThrowableCollector.java:73)
	at org.junit.platform.engine.support.hierarchical.NodeTestTask.executeRecursively(NodeTestTask.java:143)
	at org.junit.platform.engine.support.hierarchical.NodeTestTask.execute(NodeTestTask.java:100)
	at org.junit.platform.engine.support.hierarchical.ForkJoinPoolHierarchicalTestExecutorService$ExclusiveTask.exec(ForkJoinPoolHierarchicalTestExecutorService.java:274)
	at org.junit.platform.engine.support.hierarchical.ForkJoinPoolHierarchicalTestExecutorService$ExclusiveTask.execSync(ForkJoinPoolHierarchicalTestExecutorService.java:247)
	at org.junit.platform.engine.support.hierarchical.ForkJoinPoolHierarchicalTestExecutorService.executeSync(ForkJoinPoolHierarchicalTestExecutorService.java:194)
	at org.junit.platform.engine.support.hierarchical.ForkJoinPoolHierarchicalTestExecutorService.invokeAll(ForkJoinPoolHierarchicalTestExecutorService.java:166)
	at org.junit.platform.engine.support.hierarchical.NodeTestTask.lambda$executeRecursively$6(NodeTestTask.java:160)
	at org.junit.platform.engine.support.hierarchical.ThrowableCollector.execute(ThrowableCollector.java:73)
	at org.junit.platform.engine.support.hierarchical.NodeTestTask.lambda$executeRecursively$8(NodeTestTask.java:146)
	at org.junit.platform.engine.support.hierarchical.Node.around(Node.java:137)
	at org.junit.platform.engine.support.hierarchical.NodeTestTask.lambda$executeRecursively$9(NodeTestTask.java:144)
	at org.junit.platform.engine.support.hierarchical.ThrowableCollector.execute(ThrowableCollector.java:73)
	at org.junit.platform.engine.support.hierarchical.NodeTestTask.executeRecursively(NodeTestTask.java:143)
	at org.junit.platform.engine.support.hierarchical.NodeTestTask.execute(NodeTestTask.java:100)
	at org.junit.platform.engine.support.hierarchical.ForkJoinPoolHierarchicalTestExecutorService$ExclusiveTask.exec(ForkJoinPoolHierarchicalTestExecutorService.java:274)
	at java.base/java.util.concurrent.ForkJoinTask.doExec(ForkJoinTask.java:387)
	at java.base/java.util.concurrent.ForkJoinPool$WorkQueue.topLevelExec(ForkJoinPool.java:1312)
	at java.base/java.util.concurrent.ForkJoinPool.scan(ForkJoinPool.java:1843)
	at java.base/java.util.concurrent.ForkJoinPool.runWorker(ForkJoinPool.java:1808)
	at java.base/java.util.concurrent.ForkJoinWorkerThread.run(ForkJoinWorkerThread.java:188)
    23:46:49.488 | 456 ool-1-worker-220 | DEBUG | .c.s.m.InstanceMessageReceiveService : Received schedule participant score for exercise 3150 and participant 750 (result to be deleted: null)
    23:46:49.488 | 456 ool-1-worker-220 | DEBUG | .a.s.ParticipantScoreScheduleService : Scheduled task for exercise 3150 and participant 750 at 2025-02-14T23:46:49.588122969Z[Etc/UTC].

  Starting logs for ProgrammingExerciseResultJenkinsIntegrationTest > shouldStoreFeedbackForResultWithStaticCodeAnalysisReportAndCustomTestMessages(ProgrammingLanguage) [1] programmingLanguage=JAVA
    23:46:49.499 | 456 ool-1-worker-220 | DEBUG | d.t.c.a.a.c.u.util.UserUtilService   : Generate 2 students...
    23:46:49.503 | 456 ool-1-worker-220 | DEBUG | d.t.c.a.a.c.u.util.UserUtilService   : 2 students generated. Generate 2 tutors...
    23:46:49.506 | 456 ool-1-worker-220 | DEBUG | d.t.c.a.a.c.u.util.UserUtilService   : 2 tutors generated. Generate 0 editors...
    23:46:49.507 | 456 ool-1-worker-220 | DEBUG | d.t.c.a.a.c.u.util.UserUtilService   : 0 editors generated. Generate 2 instructors...
    23:46:49.510 | 456 ool-1-worker-220 | DEBUG | d.t.c.a.a.c.u.util.UserUtilService   : 2 instructors generated
    23:46:49.511 | 456 ool-1-worker-220 | DEBUG | d.t.c.a.a.c.u.util.UserUtilService   : Removing 6 users from all courses...
    23:46:49.512 | 456 ool-1-worker-220 | DEBUG | d.t.c.a.a.c.u.util.UserUtilService   : Removing 6 users from all courses. Done
    23:46:49.512 | 456 ool-1-worker-220 | DEBUG | d.t.c.a.a.c.u.util.UserUtilService   : Save 6 users to database...
    23:46:49.515 | 456 ool-1-worker-220 | DEBUG | d.t.c.a.a.c.u.util.UserUtilService   : Save 6 users to database. Done
    23:46:49.546 | 456 ool-1-worker-220 | DEBUG | PersonalAccessTokenManagementService : Generate secure vcs access token
    23:46:49.549 | 456 ool-1-worker-220 | DEBUG | PersonalAccessTokenManagementService : Generate secure vcs access token
    23:46:49.551 | 456 ool-1-worker-220 | INFO  | i.z.t.d.l.EmbeddedDatabaseReporter   : JDBC URL to connect to 'dataSource': url='jdbc:h2:tcp://localhost:41063/mem:736625c0-cf5e-400d-aeaa-8a7eabd6262b;USER=sa', scope='ProgrammingExerciseResultJenkinsIntegrationTest#shouldStoreFeedbackForResultWithStaticCodeAnalysisReportAndCustomTestMessages'
    23:46:49.582 | 456 ool-1-worker-220 | DEBUG | PersonalAccessTokenManagementService : Generate secure vcs access token
    23:46:49.585 | 456 ool-1-worker-220 | DEBUG | PersonalAccessTokenManagementService : Generate secure vcs access token
    23:46:49.590 | 456 ool-1-worker-220 | DEBUG | .s.ProgrammingExerciseGradingService : Received new build result (NEW) for participation 3776
    23:46:49.596 | 456 ool-1-worker-220 | WARN  | .s.ProgrammingExerciseGradingService : Could not find pending ProgrammingSubmission for Commit Hash 9b3a9bd71a0d80e5bbc42204c319ed3d1d4f0d6d (Participation 3776, Build Plan SHORT3528128D0249704FAA0AE3E0FFC42F444E32TSTEXC-PROGEXRESULTJENKSTUDENT2). Will create a new one subsequently...
    23:46:49.596 | 456 ool-1-worker-220 | ERROR | .s.ProgrammingExerciseGradingService : Could not retrieve push date for participation 3776 and build plan SHORT3528128D0249704FAA0AE3E0FFC42F444E32TSTEXC-PROGEXRESULTJENKSTUDENT2
de.tum.cit.aet.artemis.programming.service.gitlab.GitLabException: Could not find build queue date for participation 3776
	at de.tum.cit.aet.artemis.programming.service.gitlab.GitLabService.getPushDate(GitLabService.java:369)
	at de.tum.cit.aet.artemis.programming.service.gitlab.GitLabService.getPushDate(GitLabService.java:358)
	at de.tum.cit.aet.artemis.programming.service.ProgrammingExerciseGradingService.createAndSaveFallbackSubmission(ProgrammingExerciseGradingService.java:286)
	at de.tum.cit.aet.artemis.programming.service.ProgrammingExerciseGradingService.createAndSaveFallbackSubmission(ProgrammingExerciseGradingService.java:272)
	at de.tum.cit.aet.artemis.programming.service.ProgrammingExerciseGradingService.lambda$processNewProgrammingExerciseResult$0(ProgrammingExerciseGradingService.java:177)
	at java.base/java.util.Optional.orElseGet(Optional.java:364)
	at de.tum.cit.aet.artemis.programming.service.ProgrammingExerciseGradingService.processNewProgrammingExerciseResult(ProgrammingExerciseGradingService.java:177)
	at de.tum.cit.aet.artemis.programming.service.ProgrammingExerciseGradingService.processNewProgrammingExerciseResult(ProgrammingExerciseGradingService.java:156)
	at de.tum.cit.aet.artemis.programming.util.ProgrammingExerciseResultTestService.shouldStoreFeedbackForResultWithStaticCodeAnalysisReport(ProgrammingExerciseResultTestService.java:306)
	at de.tum.cit.aet.artemis.programming.ProgrammingExerciseResultJenkinsIntegrationTest.shouldStoreFeedbackForResultWithStaticCodeAnalysisReportAndCustomTestMessages(ProgrammingExerciseResultJenkinsIntegrationTest.java:102)
	at java.base/jdk.internal.reflect.DirectMethodHandleAccessor.invoke(DirectMethodHandleAccessor.java:103)
	at java.base/java.lang.reflect.Method.invoke(Method.java:580)
	at org.junit.platform.commons.util.ReflectionUtils.invokeMethod(ReflectionUtils.java:767)
	at org.junit.jupiter.engine.execution.MethodInvocation.proceed(MethodInvocation.java:60)
	at org.junit.jupiter.engine.execution.InvocationInterceptorChain$ValidatingInvocation.proceed(InvocationInterceptorChain.java:131)
	at org.junit.jupiter.engine.extension.TimeoutExtension.intercept(TimeoutExtension.java:156)
	at org.junit.jupiter.engine.extension.TimeoutExtension.interceptTestableMethod(TimeoutExtension.java:147)
	at org.junit.jupiter.engine.extension.TimeoutExtension.interceptTestTemplateMethod(TimeoutExtension.java:94)
	at org.junit.jupiter.engine.execution.InterceptingExecutableInvoker$ReflectiveInterceptorCall.lambda$ofVoidMethod$0(InterceptingExecutableInvoker.java:103)
	at org.junit.jupiter.engine.execution.InterceptingExecutableInvoker.lambda$invoke$0(InterceptingExecutableInvoker.java:93)
	at org.junit.jupiter.engine.execution.InvocationInterceptorChain$InterceptedInvocation.proceed(InvocationInterceptorChain.java:106)
	at org.junit.jupiter.engine.execution.InvocationInterceptorChain.proceed(InvocationInterceptorChain.java:64)
	at org.junit.jupiter.engine.execution.InvocationInterceptorChain.chainAndInvoke(InvocationInterceptorChain.java:45)
	at org.junit.jupiter.engine.execution.InvocationInterceptorChain.invoke(InvocationInterceptorChain.java:37)
	at org.junit.jupiter.engine.execution.InterceptingExecutableInvoker.invoke(InterceptingExecutableInvoker.java:92)
	at org.junit.jupiter.engine.execution.InterceptingExecutableInvoker.invoke(InterceptingExecutableInvoker.java:86)
	at org.junit.jupiter.engine.descriptor.TestMethodTestDescriptor.lambda$invokeTestMethod$8(TestMethodTestDescriptor.java:217)
	at org.junit.platform.engine.support.hierarchical.ThrowableCollector.execute(ThrowableCollector.java:73)
	at org.junit.jupiter.engine.descriptor.TestMethodTestDescriptor.invokeTestMethod(TestMethodTestDescriptor.java:213)
	at org.junit.jupiter.engine.descriptor.TestMethodTestDescriptor.execute(TestMethodTestDescriptor.java:138)
	at org.junit.jupiter.engine.descriptor.TestMethodTestDescriptor.execute(TestMethodTestDescriptor.java:68)
	at org.junit.platform.engine.support.hierarchical.NodeTestTask.lambda$executeRecursively$6(NodeTestTask.java:156)
	at org.junit.platform.engine.support.hierarchical.ThrowableCollector.execute(ThrowableCollector.java:73)
	at org.junit.platform.engine.support.hierarchical.NodeTestTask.lambda$executeRecursively$8(NodeTestTask.java:146)
	at org.junit.platform.engine.support.hierarchical.Node.around(Node.java:137)
	at org.junit.platform.engine.support.hierarchical.NodeTestTask.lambda$executeRecursively$9(NodeTestTask.java:144)
	at org.junit.platform.engine.support.hierarchical.ThrowableCollector.execute(ThrowableCollector.java:73)
	at org.junit.platform.engine.support.hierarchical.NodeTestTask.executeRecursively(NodeTestTask.java:143)
	at org.junit.platform.engine.support.hierarchical.NodeTestTask.execute(NodeTestTask.java:100)
	at org.junit.platform.engine.support.hierarchical.ForkJoinPoolHierarchicalTestExecutorService$ExclusiveTask.exec(ForkJoinPoolHierarchicalTestExecutorService.java:274)
	at org.junit.platform.engine.support.hierarchical.ForkJoinPoolHierarchicalTestExecutorService$ExclusiveTask.execSync(ForkJoinPoolHierarchicalTestExecutorService.java:247)
	at org.junit.platform.engine.support.hierarchical.ForkJoinPoolHierarchicalTestExecutorService.submit(ForkJoinPoolHierarchicalTestExecutorService.java:148)
	at org.junit.platform.engine.support.hierarchical.NodeTestTask$DefaultDynamicTestExecutor.execute(NodeTestTask.java:231)
	at org.junit.platform.engine.support.hierarchical.NodeTestTask$DefaultDynamicTestExecutor.execute(NodeTestTask.java:209)
	at org.junit.jupiter.engine.descriptor.TestTemplateTestDescriptor.execute(TestTemplateTestDescriptor.java:141)
	at org.junit.jupiter.engine.descriptor.TestTemplateTestDescriptor.lambda$execute$3(TestTemplateTestDescriptor.java:109)
	at java.base/java.util.stream.ForEachOps$ForEachOp$OfRef.accept(ForEachOps.java:184)
	at java.base/java.util.stream.ReferencePipeline$3$1.accept(ReferencePipeline.java:197)
	at java.base/java.util.stream.ReferencePipeline$2$1.accept(ReferencePipeline.java:179)
	at java.base/java.util.stream.ReferencePipeline$3$1.accept(ReferencePipeline.java:197)
	at java.base/java.util.stream.ForEachOps$ForEachOp$OfRef.accept(ForEachOps.java:184)
	at java.base/java.util.stream.ReferencePipeline$3$1.accept(ReferencePipeline.java:197)
	at java.base/java.util.stream.ForEachOps$ForEachOp$OfRef.accept(ForEachOps.java:184)
	at java.base/java.util.stream.ForEachOps$ForEachOp$OfRef.accept(ForEachOps.java:184)
	at java.base/java.util.stream.ReferencePipeline$3$1.accept(ReferencePipeline.java:197)
	at java.base/java.util.Iterator.forEachRemaining(Iterator.java:133)
	at java.base/java.util.Spliterators$IteratorSpliterator.forEachRemaining(Spliterators.java:1939)
	at java.base/java.util.stream.AbstractPipeline.copyInto(AbstractPipeline.java:509)
	at java.base/java.util.stream.AbstractPipeline.wrapAndCopyInto(AbstractPipeline.java:499)
	at java.base/java.util.stream.ForEachOps$ForEachOp.evaluateSequential(ForEachOps.java:151)
	at java.base/java.util.stream.ForEachOps$ForEachOp$OfRef.evaluateSequential(ForEachOps.java:174)
	at java.base/java.util.stream.AbstractPipeline.evaluate(AbstractPipeline.java:234)
	at java.base/java.util.stream.ReferencePipeline.forEach(ReferencePipeline.java:596)
	at java.base/java.util.stream.ReferencePipeline$7$1.accept(ReferencePipeline.java:276)
	at java.base/java.util.ArrayList$ArrayListSpliterator.forEachRemaining(ArrayList.java:1708)
	at java.base/java.util.stream.AbstractPipeline.copyInto(AbstractPipeline.java:509)
	at java.base/java.util.stream.AbstractPipeline.wrapAndCopyInto(AbstractPipeline.java:499)
	at java.base/java.util.stream.ForEachOps$ForEachOp.evaluateSequential(ForEachOps.java:151)
	at java.base/java.util.stream.ForEachOps$ForEachOp$OfRef.evaluateSequential(ForEachOps.java:174)
	at java.base/java.util.stream.AbstractPipeline.evaluate(AbstractPipeline.java:234)
	at java.base/java.util.stream.ReferencePipeline.forEach(ReferencePipeline.java:596)
	at java.base/java.util.stream.ReferencePipeline$7$1.accept(ReferencePipeline.java:276)
	at java.base/java.util.stream.ReferencePipeline$3$1.accept(ReferencePipeline.java:197)
	at java.base/java.util.stream.ReferencePipeline$3$1.accept(ReferencePipeline.java:197)
	at java.base/java.util.stream.ReferencePipeline$3$1.accept(ReferencePipeline.java:197)
	at java.base/java.util.ArrayList$ArrayListSpliterator.forEachRemaining(ArrayList.java:1708)
	at java.base/java.util.stream.AbstractPipeline.copyInto(AbstractPipeline.java:509)
	at java.base/java.util.stream.AbstractPipeline.wrapAndCopyInto(AbstractPipeline.java:499)
	at java.base/java.util.stream.ForEachOps$ForEachOp.evaluateSequential(ForEachOps.java:151)
	at java.base/java.util.stream.ForEachOps$ForEachOp$OfRef.evaluateSequential(ForEachOps.java:174)
	at java.base/java.util.stream.AbstractPipeline.evaluate(AbstractPipeline.java:234)
	at java.base/java.util.stream.ReferencePipeline.forEach(ReferencePipeline.java:596)
	at java.base/java.util.stream.ReferencePipeline$7$1.accept(ReferencePipeline.java:276)
	at java.base/java.util.ArrayList$ArrayListSpliterator.forEachRemaining(ArrayList.java:1708)
	at java.base/java.util.stream.AbstractPipeline.copyInto(AbstractPipeline.java:509)
	at java.base/java.util.stream.AbstractPipeline.wrapAndCopyInto(AbstractPipeline.java:499)
	at java.base/java.util.stream.ForEachOps$ForEachOp.evaluateSequential(ForEachOps.java:151)
	at java.base/java.util.stream.ForEachOps$ForEachOp$OfRef.evaluateSequential(ForEachOps.java:174)
	at java.base/java.util.stream.AbstractPipeline.evaluate(AbstractPipeline.java:234)
	at java.base/java.util.stream.ReferencePipeline.forEach(ReferencePipeline.java:596)
	at org.junit.jupiter.engine.descriptor.TestTemplateTestDescriptor.execute(TestTemplateTestDescriptor.java:109)
	at org.junit.jupiter.engine.descriptor.TestTemplateTestDescriptor.execute(TestTemplateTestDescriptor.java:43)
	at org.junit.platform.engine.support.hierarchical.NodeTestTask.lambda$executeRecursively$6(NodeTestTask.java:156)
	at org.junit.platform.engine.support.hierarchical.ThrowableCollector.execute(ThrowableCollector.java:73)
	at org.junit.platform.engine.support.hierarchical.NodeTestTask.lambda$executeRecursively$8(NodeTestTask.java:146)
	at org.junit.platform.engine.support.hierarchical.Node.around(Node.java:137)
	at org.junit.platform.engine.support.hierarchical.NodeTestTask.lambda$executeRecursively$9(NodeTestTask.java:144)
	at org.junit.platform.engine.support.hierarchical.ThrowableCollector.execute(ThrowableCollector.java:73)
	at org.junit.platform.engine.support.hierarchical.NodeTestTask.executeRecursively(NodeTestTask.java:143)
	at org.junit.platform.engine.support.hierarchical.NodeTestTask.execute(NodeTestTask.java:100)
	at org.junit.platform.engine.support.hierarchical.ForkJoinPoolHierarchicalTestExecutorService$ExclusiveTask.exec(ForkJoinPoolHierarchicalTestExecutorService.java:274)
	at org.junit.platform.engine.support.hierarchical.ForkJoinPoolHierarchicalTestExecutorService$ExclusiveTask.execSync(ForkJoinPoolHierarchicalTestExecutorService.java:247)
	at org.junit.platform.engine.support.hierarchical.ForkJoinPoolHierarchicalTestExecutorService.executeSync(ForkJoinPoolHierarchicalTestExecutorService.java:194)
	at org.junit.platform.engine.support.hierarchical.ForkJoinPoolHierarchicalTestExecutorService.invokeAll(ForkJoinPoolHierarchicalTestExecutorService.java:166)
	at org.junit.platform.engine.support.hierarchical.NodeTestTask.lambda$executeRecursively$6(NodeTestTask.java:160)
	at org.junit.platform.engine.support.hierarchical.ThrowableCollector.execute(ThrowableCollector.java:73)
	at org.junit.platform.engine.support.hierarchical.NodeTestTask.lambda$executeRecursively$8(NodeTestTask.java:146)
	at org.junit.platform.engine.support.hierarchical.Node.around(Node.java:137)
	at org.junit.platform.engine.support.hierarchical.NodeTestTask.lambda$executeRecursively$9(NodeTestTask.java:144)
	at org.junit.platform.engine.support.hierarchical.ThrowableCollector.execute(ThrowableCollector.java:73)
	at org.junit.platform.engine.support.hierarchical.NodeTestTask.executeRecursively(NodeTestTask.java:143)
	at org.junit.platform.engine.support.hierarchical.NodeTestTask.execute(NodeTestTask.java:100)
	at org.junit.platform.engine.support.hierarchical.ForkJoinPoolHierarchicalTestExecutorService$ExclusiveTask.exec(ForkJoinPoolHierarchicalTestExecutorService.java:274)
	at java.base/java.util.concurrent.ForkJoinTask.doExec(ForkJoinTask.java:387)
	at java.base/java.util.concurrent.ForkJoinPool$WorkQueue.topLevelExec(ForkJoinPool.java:1312)
	at java.base/java.util.concurrent.ForkJoinPool.scan(ForkJoinPool.java:1843)
	at java.base/java.util.concurrent.ForkJoinPool.runWorker(ForkJoinPool.java:1808)
	at java.base/java.util.concurrent.ForkJoinWorkerThread.run(ForkJoinWorkerThread.java:188)
    23:46:49.653 | 456 ool-1-worker-220 | DEBUG | .c.s.m.InstanceMessageReceiveService : Received schedule participant score for exercise 3155 and participant 751 (result to be deleted: null)
    23:46:49.653 | 456 ool-1-worker-220 | DEBUG | .a.s.ParticipantScoreScheduleService : Scheduled task for exercise 3155 and participant 751 at 2025-02-14T23:46:49.753855671Z[Etc/UTC].
    23:46:49.656 | 456 ool-1-worker-220 | DEBUG | .s.ProgrammingExerciseGradingService : Received new build result (NEW) for participation 3776
    23:46:49.696 | 456 ool-1-worker-220 | DEBUG | .c.s.m.InstanceMessageReceiveService : Received schedule participant score for exercise 3155 and participant 751 (result to be deleted: null)
    23:46:49.696 | 456 ool-1-worker-220 | DEBUG | .a.s.ParticipantScoreScheduleService : Scheduled task for exercise 3155 and participant 751 at 2025-02-14T23:46:49.796477265Z[Etc/UTC].

  Starting logs for ProgrammingExerciseResultJenkinsIntegrationTest > shouldStoreFeedbackForResultWithStaticCodeAnalysisReportAndCustomTestMessages(ProgrammingLanguage) [2] programmingLanguage=SWIFT
    23:46:49.709 | 456 ool-1-worker-220 | DEBUG | d.t.c.a.a.c.u.util.UserUtilService   : Generate 2 students...
    23:46:49.712 | 456 ool-1-worker-220 | DEBUG | d.t.c.a.a.c.u.util.UserUtilService   : 2 students generated. Generate 2 tutors...
    23:46:49.715 | 456 ool-1-worker-220 | DEBUG | d.t.c.a.a.c.u.util.UserUtilService   : 2 tutors generated. Generate 0 editors...
    23:46:49.716 | 456 ool-1-worker-220 | DEBUG | d.t.c.a.a.c.u.util.UserUtilService   : 0 editors generated. Generate 2 instructors...
    23:46:49.720 | 456 ool-1-worker-220 | DEBUG | d.t.c.a.a.c.u.util.UserUtilService   : 2 instructors generated
    23:46:49.722 | 456 ool-1-worker-220 | DEBUG | d.t.c.a.a.c.u.util.UserUtilService   : Removing 6 users from all courses...
    23:46:49.723 | 456 ool-1-worker-220 | DEBUG | d.t.c.a.a.c.u.util.UserUtilService   : Removing 6 users from all courses. Done
    23:46:49.723 | 456 ool-1-worker-220 | DEBUG | d.t.c.a.a.c.u.util.UserUtilService   : Save 6 users to database...
    23:46:49.727 | 456 ool-1-worker-220 | DEBUG | d.t.c.a.a.c.u.util.UserUtilService   : Save 6 users to database. Done
    23:46:49.763 | 456 ool-1-worker-220 | DEBUG | PersonalAccessTokenManagementService : Generate secure vcs access token
    23:46:49.766 | 456 ool-1-worker-220 | DEBUG | PersonalAccessTokenManagementService : Generate secure vcs access token
    23:46:49.767 | 456 ool-1-worker-220 | INFO  | i.z.t.d.l.EmbeddedDatabaseReporter   : JDBC URL to connect to 'dataSource': url='jdbc:h2:tcp://localhost:41063/mem:736625c0-cf5e-400d-aeaa-8a7eabd6262b;USER=sa', scope='ProgrammingExerciseResultJenkinsIntegrationTest#shouldStoreFeedbackForResultWithStaticCodeAnalysisReportAndCustomTestMessages'
    23:46:49.803 | 456 ool-1-worker-220 | DEBUG | PersonalAccessTokenManagementService : Generate secure vcs access token
    23:46:49.808 | 456 ool-1-worker-220 | DEBUG | PersonalAccessTokenManagementService : Generate secure vcs access token
    23:46:49.813 | 456 ool-1-worker-220 | DEBUG | .s.ProgrammingExerciseGradingService : Received new build result (NEW) for participation 3788
    23:46:49.818 | 456 ool-1-worker-220 | WARN  | .s.ProgrammingExerciseGradingService : Could not find pending ProgrammingSubmission for Commit Hash 9b3a9bd71a0d80e5bbc42204c319ed3d1d4f0d6d (Participation 3788, Build Plan SHORTC6FEEE6004F550492D0B73C0C73E3D4F28B6TSTEXC-PROGEXRESULTJENKSTUDENT2). Will create a new one subsequently...
    23:46:49.818 | 456 ool-1-worker-220 | ERROR | .s.ProgrammingExerciseGradingService : Could not retrieve push date for participation 3788 and build plan SHORTC6FEEE6004F550492D0B73C0C73E3D4F28B6TSTEXC-PROGEXRESULTJENKSTUDENT2
de.tum.cit.aet.artemis.programming.service.gitlab.GitLabException: Could not find build queue date for participation 3788
	at de.tum.cit.aet.artemis.programming.service.gitlab.GitLabService.getPushDate(GitLabService.java:369)
	at de.tum.cit.aet.artemis.programming.service.gitlab.GitLabService.getPushDate(GitLabService.java:358)
	at de.tum.cit.aet.artemis.programming.service.ProgrammingExerciseGradingService.createAndSaveFallbackSubmission(ProgrammingExerciseGradingService.java:286)
	at de.tum.cit.aet.artemis.programming.service.ProgrammingExerciseGradingService.createAndSaveFallbackSubmission(ProgrammingExerciseGradingService.java:272)
	at de.tum.cit.aet.artemis.programming.service.ProgrammingExerciseGradingService.lambda$processNewProgrammingExerciseResult$0(ProgrammingExerciseGradingService.java:177)
	at java.base/java.util.Optional.orElseGet(Optional.java:364)
	at de.tum.cit.aet.artemis.programming.service.ProgrammingExerciseGradingService.processNewProgrammingExerciseResult(ProgrammingExerciseGradingService.java:177)
	at de.tum.cit.aet.artemis.programming.service.ProgrammingExerciseGradingService.processNewProgrammingExerciseResult(ProgrammingExerciseGradingService.java:156)
	at de.tum.cit.aet.artemis.programming.util.ProgrammingExerciseResultTestService.shouldStoreFeedbackForResultWithStaticCodeAnalysisReport(ProgrammingExerciseResultTestService.java:306)
	at de.tum.cit.aet.artemis.programming.ProgrammingExerciseResultJenkinsIntegrationTest.shouldStoreFeedbackForResultWithStaticCodeAnalysisReportAndCustomTestMessages(ProgrammingExerciseResultJenkinsIntegrationTest.java:102)
	at java.base/jdk.internal.reflect.DirectMethodHandleAccessor.invoke(DirectMethodHandleAccessor.java:103)
	at java.base/java.lang.reflect.Method.invoke(Method.java:580)
	at org.junit.platform.commons.util.ReflectionUtils.invokeMethod(ReflectionUtils.java:767)
	at org.junit.jupiter.engine.execution.MethodInvocation.proceed(MethodInvocation.java:60)
	at org.junit.jupiter.engine.execution.InvocationInterceptorChain$ValidatingInvocation.proceed(InvocationInterceptorChain.java:131)
	at org.junit.jupiter.engine.extension.TimeoutExtension.intercept(TimeoutExtension.java:156)
	at org.junit.jupiter.engine.extension.TimeoutExtension.interceptTestableMethod(TimeoutExtension.java:147)
	at org.junit.jupiter.engine.extension.TimeoutExtension.interceptTestTemplateMethod(TimeoutExtension.java:94)
	at org.junit.jupiter.engine.execution.InterceptingExecutableInvoker$ReflectiveInterceptorCall.lambda$ofVoidMethod$0(InterceptingExecutableInvoker.java:103)
	at org.junit.jupiter.engine.execution.InterceptingExecutableInvoker.lambda$invoke$0(InterceptingExecutableInvoker.java:93)
	at org.junit.jupiter.engine.execution.InvocationInterceptorChain$InterceptedInvocation.proceed(InvocationInterceptorChain.java:106)
	at org.junit.jupiter.engine.execution.InvocationInterceptorChain.proceed(InvocationInterceptorChain.java:64)
	at org.junit.jupiter.engine.execution.InvocationInterceptorChain.chainAndInvoke(InvocationInterceptorChain.java:45)
	at org.junit.jupiter.engine.execution.InvocationInterceptorChain.invoke(InvocationInterceptorChain.java:37)
	at org.junit.jupiter.engine.execution.InterceptingExecutableInvoker.invoke(InterceptingExecutableInvoker.java:92)
	at org.junit.jupiter.engine.execution.InterceptingExecutableInvoker.invoke(InterceptingExecutableInvoker.java:86)
	at org.junit.jupiter.engine.descriptor.TestMethodTestDescriptor.lambda$invokeTestMethod$8(TestMethodTestDescriptor.java:217)
	at org.junit.platform.engine.support.hierarchical.ThrowableCollector.execute(ThrowableCollector.java:73)
	at org.junit.jupiter.engine.descriptor.TestMethodTestDescriptor.invokeTestMethod(TestMethodTestDescriptor.java:213)
	at org.junit.jupiter.engine.descriptor.TestMethodTestDescriptor.execute(TestMethodTestDescriptor.java:138)
	at org.junit.jupiter.engine.descriptor.TestMethodTestDescriptor.execute(TestMethodTestDescriptor.java:68)
	at org.junit.platform.engine.support.hierarchical.NodeTestTask.lambda$executeRecursively$6(NodeTestTask.java:156)
	at org.junit.platform.engine.support.hierarchical.ThrowableCollector.execute(ThrowableCollector.java:73)
	at org.junit.platform.engine.support.hierarchical.NodeTestTask.lambda$executeRecursively$8(NodeTestTask.java:146)
	at org.junit.platform.engine.support.hierarchical.Node.around(Node.java:137)
	at org.junit.platform.engine.support.hierarchical.NodeTestTask.lambda$executeRecursively$9(NodeTestTask.java:144)
	at org.junit.platform.engine.support.hierarchical.ThrowableCollector.execute(ThrowableCollector.java:73)
	at org.junit.platform.engine.support.hierarchical.NodeTestTask.executeRecursively(NodeTestTask.java:143)
	at org.junit.platform.engine.support.hierarchical.NodeTestTask.execute(NodeTestTask.java:100)
	at org.junit.platform.engine.support.hierarchical.ForkJoinPoolHierarchicalTestExecutorService$ExclusiveTask.exec(ForkJoinPoolHierarchicalTestExecutorService.java:274)
	at org.junit.platform.engine.support.hierarchical.ForkJoinPoolHierarchicalTestExecutorService$ExclusiveTask.execSync(ForkJoinPoolHierarchicalTestExecutorService.java:247)
	at org.junit.platform.engine.support.hierarchical.ForkJoinPoolHierarchicalTestExecutorService.submit(ForkJoinPoolHierarchicalTestExecutorService.java:148)
	at org.junit.platform.engine.support.hierarchical.NodeTestTask$DefaultDynamicTestExecutor.execute(NodeTestTask.java:231)
	at org.junit.platform.engine.support.hierarchical.NodeTestTask$DefaultDynamicTestExecutor.execute(NodeTestTask.java:209)
	at org.junit.jupiter.engine.descriptor.TestTemplateTestDescriptor.execute(TestTemplateTestDescriptor.java:141)
	at org.junit.jupiter.engine.descriptor.TestTemplateTestDescriptor.lambda$execute$3(TestTemplateTestDescriptor.java:109)
	at java.base/java.util.stream.ForEachOps$ForEachOp$OfRef.accept(ForEachOps.java:184)
	at java.base/java.util.stream.ReferencePipeline$3$1.accept(ReferencePipeline.java:197)
	at java.base/java.util.stream.ReferencePipeline$2$1.accept(ReferencePipeline.java:179)
	at java.base/java.util.stream.ReferencePipeline$3$1.accept(ReferencePipeline.java:197)
	at java.base/java.util.stream.ForEachOps$ForEachOp$OfRef.accept(ForEachOps.java:184)
	at java.base/java.util.stream.ReferencePipeline$3$1.accept(ReferencePipeline.java:197)
	at java.base/java.util.stream.ForEachOps$ForEachOp$OfRef.accept(ForEachOps.java:184)
	at java.base/java.util.stream.ForEachOps$ForEachOp$OfRef.accept(ForEachOps.java:184)
	at java.base/java.util.stream.ReferencePipeline$3$1.accept(ReferencePipeline.java:197)
	at java.base/java.util.Iterator.forEachRemaining(Iterator.java:133)
	at java.base/java.util.Spliterators$IteratorSpliterator.forEachRemaining(Spliterators.java:1939)
	at java.base/java.util.stream.AbstractPipeline.copyInto(AbstractPipeline.java:509)
	at java.base/java.util.stream.AbstractPipeline.wrapAndCopyInto(AbstractPipeline.java:499)
	at java.base/java.util.stream.ForEachOps$ForEachOp.evaluateSequential(ForEachOps.java:151)
	at java.base/java.util.stream.ForEachOps$ForEachOp$OfRef.evaluateSequential(ForEachOps.java:174)
	at java.base/java.util.stream.AbstractPipeline.evaluate(AbstractPipeline.java:234)
	at java.base/java.util.stream.ReferencePipeline.forEach(ReferencePipeline.java:596)
	at java.base/java.util.stream.ReferencePipeline$7$1.accept(ReferencePipeline.java:276)
	at java.base/java.util.ArrayList$ArrayListSpliterator.forEachRemaining(ArrayList.java:1708)
	at java.base/java.util.stream.AbstractPipeline.copyInto(AbstractPipeline.java:509)
	at java.base/java.util.stream.AbstractPipeline.wrapAndCopyInto(AbstractPipeline.java:499)
	at java.base/java.util.stream.ForEachOps$ForEachOp.evaluateSequential(ForEachOps.java:151)
	at java.base/java.util.stream.ForEachOps$ForEachOp$OfRef.evaluateSequential(ForEachOps.java:174)
	at java.base/java.util.stream.AbstractPipeline.evaluate(AbstractPipeline.java:234)
	at java.base/java.util.stream.ReferencePipeline.forEach(ReferencePipeline.java:596)
	at java.base/java.util.stream.ReferencePipeline$7$1.accept(ReferencePipeline.java:276)
	at java.base/java.util.stream.ReferencePipeline$3$1.accept(ReferencePipeline.java:197)
	at java.base/java.util.stream.ReferencePipeline$3$1.accept(ReferencePipeline.java:197)
	at java.base/java.util.stream.ReferencePipeline$3$1.accept(ReferencePipeline.java:197)
	at java.base/java.util.ArrayList$ArrayListSpliterator.forEachRemaining(ArrayList.java:1708)
	at java.base/java.util.stream.AbstractPipeline.copyInto(AbstractPipeline.java:509)
	at java.base/java.util.stream.AbstractPipeline.wrapAndCopyInto(AbstractPipeline.java:499)
	at java.base/java.util.stream.ForEachOps$ForEachOp.evaluateSequential(ForEachOps.java:151)
	at java.base/java.util.stream.ForEachOps$ForEachOp$OfRef.evaluateSequential(ForEachOps.java:174)
	at java.base/java.util.stream.AbstractPipeline.evaluate(AbstractPipeline.java:234)
	at java.base/java.util.stream.ReferencePipeline.forEach(ReferencePipeline.java:596)
	at java.base/java.util.stream.ReferencePipeline$7$1.accept(ReferencePipeline.java:276)
	at java.base/java.util.ArrayList$ArrayListSpliterator.forEachRemaining(ArrayList.java:1708)
	at java.base/java.util.stream.AbstractPipeline.copyInto(AbstractPipeline.java:509)
	at java.base/java.util.stream.AbstractPipeline.wrapAndCopyInto(AbstractPipeline.java:499)
	at java.base/java.util.stream.ForEachOps$ForEachOp.evaluateSequential(ForEachOps.java:151)
	at java.base/java.util.stream.ForEachOps$ForEachOp$OfRef.evaluateSequential(ForEachOps.java:174)
	at java.base/java.util.stream.AbstractPipeline.evaluate(AbstractPipeline.java:234)
	at java.base/java.util.stream.ReferencePipeline.forEach(ReferencePipeline.java:596)
	at org.junit.jupiter.engine.descriptor.TestTemplateTestDescriptor.execute(TestTemplateTestDescriptor.java:109)
	at org.junit.jupiter.engine.descriptor.TestTemplateTestDescriptor.execute(TestTemplateTestDescriptor.java:43)
	at org.junit.platform.engine.support.hierarchical.NodeTestTask.lambda$executeRecursively$6(NodeTestTask.java:156)
	at org.junit.platform.engine.support.hierarchical.ThrowableCollector.execute(ThrowableCollector.java:73)
	at org.junit.platform.engine.support.hierarchical.NodeTestTask.lambda$executeRecursively$8(NodeTestTask.java:146)
	at org.junit.platform.engine.support.hierarchical.Node.around(Node.java:137)
	at org.junit.platform.engine.support.hierarchical.NodeTestTask.lambda$executeRecursively$9(NodeTestTask.java:144)
	at org.junit.platform.engine.support.hierarchical.ThrowableCollector.execute(ThrowableCollector.java:73)
	at org.junit.platform.engine.support.hierarchical.NodeTestTask.executeRecursively(NodeTestTask.java:143)
	at org.junit.platform.engine.support.hierarchical.NodeTestTask.execute(NodeTestTask.java:100)
	at org.junit.platform.engine.support.hierarchical.ForkJoinPoolHierarchicalTestExecutorService$ExclusiveTask.exec(ForkJoinPoolHierarchicalTestExecutorService.java:274)
	at org.junit.platform.engine.support.hierarchical.ForkJoinPoolHierarchicalTestExecutorService$ExclusiveTask.execSync(ForkJoinPoolHierarchicalTestExecutorService.java:247)
	at org.junit.platform.engine.support.hierarchical.ForkJoinPoolHierarchicalTestExecutorService.executeSync(ForkJoinPoolHierarchicalTestExecutorService.java:194)
	at org.junit.platform.engine.support.hierarchical.ForkJoinPoolHierarchicalTestExecutorService.invokeAll(ForkJoinPoolHierarchicalTestExecutorService.java:166)
	at org.junit.platform.engine.support.hierarchical.NodeTestTask.lambda$executeRecursively$6(NodeTestTask.java:160)
	at org.junit.platform.engine.support.hierarchical.ThrowableCollector.execute(ThrowableCollector.java:73)
	at org.junit.platform.engine.support.hierarchical.NodeTestTask.lambda$executeRecursively$8(NodeTestTask.java:146)
	at org.junit.platform.engine.support.hierarchical.Node.around(Node.java:137)
	at org.junit.platform.engine.support.hierarchical.NodeTestTask.lambda$executeRecursively$9(NodeTestTask.java:144)
	at org.junit.platform.engine.support.hierarchical.ThrowableCollector.execute(ThrowableCollector.java:73)
	at org.junit.platform.engine.support.hierarchical.NodeTestTask.executeRecursively(NodeTestTask.java:143)
	at org.junit.platform.engine.support.hierarchical.NodeTestTask.execute(NodeTestTask.java:100)
	at org.junit.platform.engine.support.hierarchical.ForkJoinPoolHierarchicalTestExecutorService$ExclusiveTask.exec(ForkJoinPoolHierarchicalTestExecutorService.java:274)
	at java.base/java.util.concurrent.ForkJoinTask.doExec(ForkJoinTask.java:387)
	at java.base/java.util.concurrent.ForkJoinPool$WorkQueue.topLevelExec(ForkJoinPool.java:1312)
	at java.base/java.util.concurrent.ForkJoinPool.scan(ForkJoinPool.java:1843)
	at java.base/java.util.concurrent.ForkJoinPool.runWorker(ForkJoinPool.java:1808)
	at java.base/java.util.concurrent.ForkJoinWorkerThread.run(ForkJoinWorkerThread.java:188)
    23:46:49.869 | 456 ool-1-worker-220 | DEBUG | .c.s.m.InstanceMessageReceiveService : Received schedule participant score for exercise 3159 and participant 751 (result to be deleted: null)
    23:46:49.869 | 456 ool-1-worker-220 | DEBUG | .a.s.ParticipantScoreScheduleService : Scheduled task for exercise 3159 and participant 751 at 2025-02-14T23:46:49.969118270Z[Etc/UTC].
    23:46:49.871 | 456 ool-1-worker-220 | DEBUG | .s.ProgrammingExerciseGradingService : Received new build result (NEW) for participation 3788
    23:46:49.913 | 456 ool-1-worker-220 | DEBUG | .c.s.m.InstanceMessageReceiveService : Received schedule participant score for exercise 3159 and participant 751 (result to be deleted: null)
    23:46:49.913 | 456 ool-1-worker-220 | DEBUG | .a.s.ParticipantScoreScheduleService : Scheduled task for exercise 3159 and participant 751 at 2025-02-14T23:46:50.013748143Z[Etc/UTC].

  Starting logs for ProgrammingExerciseResultJenkinsIntegrationTest > shouldRemoveTestCaseNamesFromWebsocketNotification()
    23:46:49.933 | 456 ool-1-worker-220 | DEBUG | d.t.c.a.a.c.u.util.UserUtilService   : Generate 2 students...
    23:46:49.937 | 456 ool-1-worker-220 | DEBUG | d.t.c.a.a.c.u.util.UserUtilService   : 2 students generated. Generate 2 tutors...
    23:46:49.940 | 456 ool-1-worker-220 | DEBUG | d.t.c.a.a.c.u.util.UserUtilService   : 2 tutors generated. Generate 0 editors...
    23:46:49.944 | 456 ool-1-worker-220 | DEBUG | d.t.c.a.a.c.u.util.UserUtilService   : 0 editors generated. Generate 2 instructors...
    23:46:49.949 | 456 ool-1-worker-220 | DEBUG | d.t.c.a.a.c.u.util.UserUtilService   : 2 instructors generated
    23:46:49.951 | 456 ool-1-worker-220 | DEBUG | d.t.c.a.a.c.u.util.UserUtilService   : Removing 6 users from all courses...
    23:46:49.953 | 456 ool-1-worker-220 | DEBUG | d.t.c.a.a.c.u.util.UserUtilService   : Removing 6 users from all courses. Done
    23:46:49.953 | 456 ool-1-worker-220 | DEBUG | d.t.c.a.a.c.u.util.UserUtilService   : Save 6 users to database...
    23:46:49.963 | 456 ool-1-worker-220 | DEBUG | d.t.c.a.a.c.u.util.UserUtilService   : Save 6 users to database. Done
    23:46:50.019 | 456 ool-1-worker-220 | DEBUG | PersonalAccessTokenManagementService : Generate secure vcs access token
    23:46:50.022 | 456 ool-1-worker-220 | DEBUG | PersonalAccessTokenManagementService : Generate secure vcs access token
    23:46:50.025 | 456 ool-1-worker-220 | INFO  | i.z.t.d.l.EmbeddedDatabaseReporter   : JDBC URL to connect to 'dataSource': url='jdbc:h2:tcp://localhost:41063/mem:736625c0-cf5e-400d-aeaa-8a7eabd6262b;USER=sa', scope='ProgrammingExerciseResultJenkinsIntegrationTest#shouldRemoveTestCaseNamesFromWebsocketNotification'
    23:46:50.035 | 456 ool-1-worker-220 | DEBUG | d.t.c.a.a.c.s.f.ApiVersionFilter     : Adding Version to Request POST /api/public/programming-exercises/new-result
    23:46:50.035 | 456 ool-1-worker-220 | DEBUG | d.t.c.a.a.a.w.o.PublicResultResource : Received result notify (NEW)
    23:46:50.039 | 456 ool-1-worker-220 | INFO  | d.t.c.a.a.a.w.o.PublicResultResource : Artemis received a new result for build plan SHORT802EBE5D0027304C980867E0BEB4ED85448ATSTEXC-PROGEXRESULTJENKSTUDENT1
    23:46:50.041 | 456 ool-1-worker-220 | DEBUG | .s.ProgrammingExerciseGradingService : Received new build result (NEW) for participation 3793
    23:46:50.045 | 456 ool-1-worker-220 | WARN  | .s.ProgrammingExerciseGradingService : Could not find pending ProgrammingSubmission for Commit Hash abc123 (Participation 3793, Build Plan SHORT802EBE5D0027304C980867E0BEB4ED85448ATSTEXC-PROGEXRESULTJENKSTUDENT1). Will create a new one subsequently...
    23:46:50.046 | 456 ool-1-worker-220 | ERROR | .s.ProgrammingExerciseGradingService : Could not retrieve push date for participation 3793 and build plan SHORT802EBE5D0027304C980867E0BEB4ED85448ATSTEXC-PROGEXRESULTJENKSTUDENT1
de.tum.cit.aet.artemis.programming.service.gitlab.GitLabException: Could not find build queue date for participation 3793
	at de.tum.cit.aet.artemis.programming.service.gitlab.GitLabService.getPushDate(GitLabService.java:369)
	at de.tum.cit.aet.artemis.programming.service.gitlab.GitLabService.getPushDate(GitLabService.java:358)
	at de.tum.cit.aet.artemis.programming.service.ProgrammingExerciseGradingService.createAndSaveFallbackSubmission(ProgrammingExerciseGradingService.java:286)
	at de.tum.cit.aet.artemis.programming.service.ProgrammingExerciseGradingService.createAndSaveFallbackSubmission(ProgrammingExerciseGradingService.java:272)
	at de.tum.cit.aet.artemis.programming.service.ProgrammingExerciseGradingService.lambda$processNewProgrammingExerciseResult$0(ProgrammingExerciseGradingService.java:177)
	at java.base/java.util.Optional.orElseGet(Optional.java:364)
	at de.tum.cit.aet.artemis.programming.service.ProgrammingExerciseGradingService.processNewProgrammingExerciseResult(ProgrammingExerciseGradingService.java:177)
	at de.tum.cit.aet.artemis.programming.service.ProgrammingExerciseGradingService.processNewProgrammingExerciseResult(ProgrammingExerciseGradingService.java:156)
	at de.tum.cit.aet.artemis.assessment.web.open.PublicResultResource.processNewProgrammingExerciseResult(PublicResultResource.java:113)
	at java.base/jdk.internal.reflect.DirectMethodHandleAccessor.invoke(DirectMethodHandleAccessor.java:103)
	at java.base/java.lang.reflect.Method.invoke(Method.java:580)
	at org.springframework.aop.support.AopUtils.invokeJoinpointUsingReflection(AopUtils.java:359)
	at org.springframework.aop.framework.ReflectiveMethodInvocation.invokeJoinpoint(ReflectiveMethodInvocation.java:196)
	at org.springframework.aop.framework.ReflectiveMethodInvocation.proceed(ReflectiveMethodInvocation.java:163)
	at org.springframework.security.authorization.method.AuthorizationManagerBeforeMethodInterceptor.proceed(AuthorizationManagerBeforeMethodInterceptor.java:268)
	at org.springframework.security.authorization.method.AuthorizationManagerBeforeMethodInterceptor.attemptAuthorization(AuthorizationManagerBeforeMethodInterceptor.java:263)
	at org.springframework.security.authorization.method.AuthorizationManagerBeforeMethodInterceptor.invoke(AuthorizationManagerBeforeMethodInterceptor.java:196)
	at org.springframework.security.config.annotation.method.configuration.DeferringMethodInterceptor.invoke(DeferringMethodInterceptor.java:44)
	at org.springframework.aop.framework.ReflectiveMethodInvocation.proceed(ReflectiveMethodInvocation.java:184)
	at org.springframework.aop.framework.CglibAopProxy$DynamicAdvisedInterceptor.intercept(CglibAopProxy.java:727)
	at de.tum.cit.aet.artemis.assessment.web.open.PublicResultResource$$SpringCGLIB$$0.processNewProgrammingExerciseResult(<generated>)
	at java.base/jdk.internal.reflect.DirectMethodHandleAccessor.invoke(DirectMethodHandleAccessor.java:103)
	at java.base/java.lang.reflect.Method.invoke(Method.java:580)
	at org.springframework.web.method.support.InvocableHandlerMethod.doInvoke(InvocableHandlerMethod.java:257)
	at org.springframework.web.method.support.InvocableHandlerMethod.invokeForRequest(InvocableHandlerMethod.java:190)
	at org.springframework.web.servlet.mvc.method.annotation.ServletInvocableHandlerMethod.invokeAndHandle(ServletInvocableHandlerMethod.java:118)
	at org.springframework.web.servlet.mvc.method.annotation.RequestMappingHandlerAdapter.invokeHandlerMethod(RequestMappingHandlerAdapter.java:986)
	at org.springframework.web.servlet.mvc.method.annotation.RequestMappingHandlerAdapter.handleInternal(RequestMappingHandlerAdapter.java:891)
	at org.springframework.web.servlet.mvc.method.AbstractHandlerMethodAdapter.handle(AbstractHandlerMethodAdapter.java:87)
	at org.springframework.web.servlet.DispatcherServlet.doDispatch(DispatcherServlet.java:1088)
	at org.springframework.web.servlet.DispatcherServlet.doService(DispatcherServlet.java:978)
	at org.springframework.web.servlet.FrameworkServlet.processRequest(FrameworkServlet.java:1014)
	at org.springframework.web.servlet.FrameworkServlet.doPost(FrameworkServlet.java:914)
	at jakarta.servlet.http.HttpServlet.service(HttpServlet.java:547)
	at org.springframework.web.servlet.FrameworkServlet.service(FrameworkServlet.java:885)
	at org.springframework.test.web.servlet.TestDispatcherServlet.service(TestDispatcherServlet.java:72)
	at jakarta.servlet.http.HttpServlet.service(HttpServlet.java:614)
	at org.springframework.mock.web.MockFilterChain$ServletFilterProxy.doFilter(MockFilterChain.java:165)
	at org.springframework.mock.web.MockFilterChain.doFilter(MockFilterChain.java:132)
	at org.springframework.web.filter.OncePerRequestFilter.doFilter(OncePerRequestFilter.java:110)
	at org.springframework.test.web.servlet.setup.MockMvcFilterDecorator.doFilter(MockMvcFilterDecorator.java:162)
	at org.springframework.mock.web.MockFilterChain.doFilter(MockFilterChain.java:132)
	at de.tum.cit.aet.artemis.core.security.filter.ApiVersionFilter.doFilter(ApiVersionFilter.java:55)
	at org.springframework.test.web.servlet.setup.MockMvcFilterDecorator.doFilter(MockMvcFilterDecorator.java:162)
	at org.springframework.mock.web.MockFilterChain.doFilter(MockFilterChain.java:132)
	at io.sentry.spring.jakarta.SentryUserFilter.doFilterInternal(SentryUserFilter.java:56)
	at org.springframework.web.filter.OncePerRequestFilter.doFilter(OncePerRequestFilter.java:116)
	at org.springframework.test.web.servlet.setup.MockMvcFilterDecorator.doFilter(MockMvcFilterDecorator.java:162)
	at org.springframework.mock.web.MockFilterChain.doFilter(MockFilterChain.java:132)
	at org.springframework.web.filter.CompositeFilter$VirtualFilterChain.doFilter(CompositeFilter.java:108)
	at org.springframework.security.web.FilterChainProxy.lambda$doFilterInternal$3(FilterChainProxy.java:231)
	at org.springframework.security.web.ObservationFilterChainDecorator$FilterObservation$SimpleFilterObservation.lambda$wrap$1(ObservationFilterChainDecorator.java:479)
	at org.springframework.security.web.ObservationFilterChainDecorator$AroundFilterObservation$SimpleAroundFilterObservation.lambda$wrap$1(ObservationFilterChainDecorator.java:340)
	at org.springframework.security.web.ObservationFilterChainDecorator.lambda$wrapSecured$0(ObservationFilterChainDecorator.java:82)
	at org.springframework.security.web.ObservationFilterChainDecorator$VirtualFilterChain.doFilter(ObservationFilterChainDecorator.java:128)
	at org.springframework.security.web.access.intercept.AuthorizationFilter.doFilter(AuthorizationFilter.java:101)
	at org.springframework.security.web.ObservationFilterChainDecorator$ObservationFilter.wrapFilter(ObservationFilterChainDecorator.java:240)
	at org.springframework.security.web.ObservationFilterChainDecorator$ObservationFilter.doFilter(ObservationFilterChainDecorator.java:227)
	at org.springframework.security.web.ObservationFilterChainDecorator$VirtualFilterChain.doFilter(ObservationFilterChainDecorator.java:137)
	at org.springframework.security.web.access.ExceptionTranslationFilter.doFilter(ExceptionTranslationFilter.java:126)
	at org.springframework.security.web.access.ExceptionTranslationFilter.doFilter(ExceptionTranslationFilter.java:120)
	at org.springframework.security.web.ObservationFilterChainDecorator$ObservationFilter.wrapFilter(ObservationFilterChainDecorator.java:240)
	at org.springframework.security.web.ObservationFilterChainDecorator$ObservationFilter.doFilter(ObservationFilterChainDecorator.java:227)
	at org.springframework.security.web.ObservationFilterChainDecorator$VirtualFilterChain.doFilter(ObservationFilterChainDecorator.java:137)
	at org.springframework.security.web.session.SessionManagementFilter.doFilter(SessionManagementFilter.java:131)
	at org.springframework.security.web.session.SessionManagementFilter.doFilter(SessionManagementFilter.java:85)
	at org.springframework.security.web.ObservationFilterChainDecorator$ObservationFilter.wrapFilter(ObservationFilterChainDecorator.java:240)
	at org.springframework.security.web.ObservationFilterChainDecorator$ObservationFilter.doFilter(ObservationFilterChainDecorator.java:227)
	at org.springframework.security.web.ObservationFilterChainDecorator$VirtualFilterChain.doFilter(ObservationFilterChainDecorator.java:137)
	at org.springframework.security.web.authentication.AnonymousAuthenticationFilter.doFilter(AnonymousAuthenticationFilter.java:100)
	at org.springframework.security.web.ObservationFilterChainDecorator$ObservationFilter.wrapFilter(ObservationFilterChainDecorator.java:240)
	at org.springframework.security.web.ObservationFilterChainDecorator$ObservationFilter.doFilter(ObservationFilterChainDecorator.java:227)
	at org.springframework.security.web.ObservationFilterChainDecorator$VirtualFilterChain.doFilter(ObservationFilterChainDecorator.java:137)
	at org.springframework.security.web.servletapi.SecurityContextHolderAwareRequestFilter.doFilter(SecurityContextHolderAwareRequestFilter.java:179)
	at org.springframework.security.web.ObservationFilterChainDecorator$ObservationFilter.wrapFilter(ObservationFilterChainDecorator.java:240)
	at org.springframework.security.web.ObservationFilterChainDecorator$ObservationFilter.doFilter(ObservationFilterChainDecorator.java:227)
	at org.springframework.security.web.ObservationFilterChainDecorator$VirtualFilterChain.doFilter(ObservationFilterChainDecorator.java:137)
	at org.springframework.security.web.savedrequest.RequestCacheAwareFilter.doFilter(RequestCacheAwareFilter.java:63)
	at org.springframework.security.web.ObservationFilterChainDecorator$ObservationFilter.wrapFilter(ObservationFilterChainDecorator.java:240)
	at org.springframework.security.web.ObservationFilterChainDecorator$ObservationFilter.doFilter(ObservationFilterChainDecorator.java:227)
	at org.springframework.security.web.ObservationFilterChainDecorator$VirtualFilterChain.doFilter(ObservationFilterChainDecorator.java:137)
	at de.tum.cit.aet.artemis.core.security.filter.SpaWebFilter.doFilterInternal(SpaWebFilter.java:23)
	at org.springframework.web.filter.OncePerRequestFilter.doFilter(OncePerRequestFilter.java:116)
	at org.springframework.security.web.ObservationFilterChainDecorator$ObservationFilter.wrapFilter(ObservationFilterChainDecorator.java:240)
	at org.springframework.security.web.ObservationFilterChainDecorator$ObservationFilter.doFilter(ObservationFilterChainDecorator.java:227)
	at org.springframework.security.web.ObservationFilterChainDecorator$VirtualFilterChain.doFilter(ObservationFilterChainDecorator.java:137)
	at org.springframework.web.filter.OncePerRequestFilter.doFilter(OncePerRequestFilter.java:110)
	at org.springframework.security.web.ObservationFilterChainDecorator$ObservationFilter.wrapFilter(ObservationFilterChainDecorator.java:240)
	at org.springframework.security.web.ObservationFilterChainDecorator$ObservationFilter.doFilter(ObservationFilterChainDecorator.java:227)
	at org.springframework.security.web.ObservationFilterChainDecorator$VirtualFilterChain.doFilter(ObservationFilterChainDecorator.java:137)
	at de.tum.cit.aet.artemis.lti.config.Lti13LaunchFilter.doFilterInternal(Lti13LaunchFilter.java:60)
	at org.springframework.web.filter.OncePerRequestFilter.doFilter(OncePerRequestFilter.java:116)
	at org.springframework.security.web.ObservationFilterChainDecorator$ObservationFilter.wrapFilter(ObservationFilterChainDecorator.java:240)
	at org.springframework.security.web.ObservationFilterChainDecorator$ObservationFilter.doFilter(ObservationFilterChainDecorator.java:227)
	at org.springframework.security.web.ObservationFilterChainDecorator$VirtualFilterChain.doFilter(ObservationFilterChainDecorator.java:137)
	at de.tum.cit.aet.artemis.core.security.jwt.JWTFilter.doFilter(JWTFilter.java:55)
	at org.springframework.security.web.ObservationFilterChainDecorator$ObservationFilter.wrapFilter(ObservationFilterChainDecorator.java:240)
	at org.springframework.security.web.ObservationFilterChainDecorator$ObservationFilter.doFilter(ObservationFilterChainDecorator.java:227)
	at org.springframework.security.web.ObservationFilterChainDecorator$VirtualFilterChain.doFilter(ObservationFilterChainDecorator.java:137)
	at de.tum.cit.aet.artemis.core.security.jwt.JWTFilter.doFilter(JWTFilter.java:55)
	at org.springframework.security.web.ObservationFilterChainDecorator$ObservationFilter.wrapFilter(ObservationFilterChainDecorator.java:240)
	at org.springframework.security.web.ObservationFilterChainDecorator$ObservationFilter.doFilter(ObservationFilterChainDecorator.java:227)
	at org.springframework.security.web.ObservationFilterChainDecorator$VirtualFilterChain.doFilter(ObservationFilterChainDecorator.java:137)
	at org.springframework.web.filter.CorsFilter.doFilterInternal(CorsFilter.java:91)
	at org.springframework.web.filter.OncePerRequestFilter.doFilter(OncePerRequestFilter.java:116)
	at org.springframework.security.web.ObservationFilterChainDecorator$ObservationFilter.wrapFilter(ObservationFilterChainDecorator.java:240)
	at org.springframework.security.web.ObservationFilterChainDecorator$ObservationFilter.doFilter(ObservationFilterChainDecorator.java:227)
	at org.springframework.security.web.ObservationFilterChainDecorator$VirtualFilterChain.doFilter(ObservationFilterChainDecorator.java:137)
	at org.springframework.web.filter.OncePerRequestFilter.doFilter(OncePerRequestFilter.java:110)
	at org.springframework.security.web.ObservationFilterChainDecorator$ObservationFilter.wrapFilter(ObservationFilterChainDecorator.java:240)
	at org.springframework.security.web.ObservationFilterChainDecorator$ObservationFilter.doFilter(ObservationFilterChainDecorator.java:227)
	at org.springframework.security.web.ObservationFilterChainDecorator$VirtualFilterChain.doFilter(ObservationFilterChainDecorator.java:137)
	at uk.ac.ox.ctl.lti13.security.oauth2.client.lti.web.OAuth2AuthorizationRequestRedirectFilter.doFilterInternal(OAuth2AuthorizationRequestRedirectFilter.java:142)
	at org.springframework.web.filter.OncePerRequestFilter.doFilter(OncePerRequestFilter.java:116)
	at org.springframework.security.web.ObservationFilterChainDecorator$ObservationFilter.wrapFilter(ObservationFilterChainDecorator.java:240)
	at org.springframework.security.web.ObservationFilterChainDecorator$ObservationFilter.doFilter(ObservationFilterChainDecorator.java:227)
	at org.springframework.security.web.ObservationFilterChainDecorator$VirtualFilterChain.doFilter(ObservationFilterChainDecorator.java:137)
	at org.springframework.security.web.authentication.logout.LogoutFilter.doFilter(LogoutFilter.java:107)
	at org.springframework.security.web.authentication.logout.LogoutFilter.doFilter(LogoutFilter.java:93)
	at org.springframework.security.web.ObservationFilterChainDecorator$ObservationFilter.wrapFilter(ObservationFilterChainDecorator.java:240)
	at org.springframework.security.web.ObservationFilterChainDecorator$ObservationFilter.doFilter(ObservationFilterChainDecorator.java:227)
	at org.springframework.security.web.ObservationFilterChainDecorator$VirtualFilterChain.doFilter(ObservationFilterChainDecorator.java:137)
	at org.springframework.security.web.header.HeaderWriterFilter.doHeadersAfter(HeaderWriterFilter.java:90)
	at org.springframework.security.web.header.HeaderWriterFilter.doFilterInternal(HeaderWriterFilter.java:75)
	at org.springframework.web.filter.OncePerRequestFilter.doFilter(OncePerRequestFilter.java:116)
	at org.springframework.security.web.ObservationFilterChainDecorator$ObservationFilter.wrapFilter(ObservationFilterChainDecorator.java:240)
	at org.springframework.security.web.ObservationFilterChainDecorator$ObservationFilter.doFilter(ObservationFilterChainDecorator.java:227)
	at org.springframework.security.web.ObservationFilterChainDecorator$VirtualFilterChain.doFilter(ObservationFilterChainDecorator.java:137)
	at org.springframework.security.web.context.SecurityContextHolderFilter.doFilter(SecurityContextHolderFilter.java:82)
	at org.springframework.security.web.context.SecurityContextHolderFilter.doFilter(SecurityContextHolderFilter.java:69)
	at org.springframework.security.web.ObservationFilterChainDecorator$ObservationFilter.wrapFilter(ObservationFilterChainDecorator.java:240)
	at org.springframework.security.web.ObservationFilterChainDecorator$ObservationFilter.doFilter(ObservationFilterChainDecorator.java:227)
	at org.springframework.security.web.ObservationFilterChainDecorator$VirtualFilterChain.doFilter(ObservationFilterChainDecorator.java:137)
	at org.springframework.security.web.context.request.async.WebAsyncManagerIntegrationFilter.doFilterInternal(WebAsyncManagerIntegrationFilter.java:62)
	at org.springframework.web.filter.OncePerRequestFilter.doFilter(OncePerRequestFilter.java:116)
	at org.springframework.security.web.ObservationFilterChainDecorator$ObservationFilter.wrapFilter(ObservationFilterChainDecorator.java:240)
	at org.springframework.security.web.ObservationFilterChainDecorator$ObservationFilter.doFilter(ObservationFilterChainDecorator.java:227)
	at org.springframework.security.web.ObservationFilterChainDecorator$VirtualFilterChain.doFilter(ObservationFilterChainDecorator.java:137)
	at org.springframework.security.web.session.DisableEncodeUrlFilter.doFilterInternal(DisableEncodeUrlFilter.java:42)
	at org.springframework.web.filter.OncePerRequestFilter.doFilter(OncePerRequestFilter.java:116)
	at org.springframework.security.web.ObservationFilterChainDecorator$ObservationFilter.wrapFilter(ObservationFilterChainDecorator.java:240)
	at org.springframework.security.web.ObservationFilterChainDecorator$AroundFilterObservation$SimpleAroundFilterObservation.lambda$wrap$0(ObservationFilterChainDecorator.java:323)
	at org.springframework.security.web.ObservationFilterChainDecorator$ObservationFilter.doFilter(ObservationFilterChainDecorator.java:224)
	at org.springframework.security.web.ObservationFilterChainDecorator$VirtualFilterChain.doFilter(ObservationFilterChainDecorator.java:137)
	at org.springframework.security.web.FilterChainProxy.doFilterInternal(FilterChainProxy.java:233)
	at org.springframework.security.web.FilterChainProxy.doFilter(FilterChainProxy.java:191)
	at org.springframework.web.filter.CompositeFilter$VirtualFilterChain.doFilter(CompositeFilter.java:113)
	at org.springframework.web.servlet.handler.HandlerMappingIntrospector.lambda$createCacheFilter$3(HandlerMappingIntrospector.java:243)
	at org.springframework.web.filter.CompositeFilter$VirtualFilterChain.doFilter(CompositeFilter.java:113)
	at org.springframework.web.filter.CompositeFilter.doFilter(CompositeFilter.java:74)
	at org.springframework.security.config.annotation.web.configuration.WebMvcSecurityConfiguration$CompositeFilterChainProxy.doFilter(WebMvcSecurityConfiguration.java:238)
	at org.springframework.web.filter.DelegatingFilterProxy.invokeDelegate(DelegatingFilterProxy.java:362)
	at org.springframework.web.filter.DelegatingFilterProxy.doFilter(DelegatingFilterProxy.java:278)
	at org.springframework.test.web.servlet.setup.MockMvcFilterDecorator.doFilter(MockMvcFilterDecorator.java:162)
	at org.springframework.mock.web.MockFilterChain.doFilter(MockFilterChain.java:132)
	at org.springframework.web.filter.RequestContextFilter.doFilterInternal(RequestContextFilter.java:100)
	at org.springframework.web.filter.OncePerRequestFilter.doFilter(OncePerRequestFilter.java:116)
	at org.springframework.test.web.servlet.setup.MockMvcFilterDecorator.doFilter(MockMvcFilterDecorator.java:162)
	at org.springframework.mock.web.MockFilterChain.doFilter(MockFilterChain.java:132)
	at org.springframework.web.filter.FormContentFilter.doFilterInternal(FormContentFilter.java:93)
	at org.springframework.web.filter.OncePerRequestFilter.doFilter(OncePerRequestFilter.java:116)
	at org.springframework.test.web.servlet.setup.MockMvcFilterDecorator.doFilter(MockMvcFilterDecorator.java:162)
	at org.springframework.mock.web.MockFilterChain.doFilter(MockFilterChain.java:132)
	at org.springframework.web.filter.ServerHttpObservationFilter.doFilterInternal(ServerHttpObservationFilter.java:114)
	at org.springframework.web.filter.OncePerRequestFilter.doFilter(OncePerRequestFilter.java:116)
	at org.springframework.test.web.servlet.setup.MockMvcFilterDecorator.doFilter(MockMvcFilterDecorator.java:162)
	at org.springframework.mock.web.MockFilterChain.doFilter(MockFilterChain.java:132)
	at io.sentry.spring.jakarta.tracing.SentryTracingFilter.doFilterInternal(SentryTracingFilter.java:91)
	at org.springframework.web.filter.OncePerRequestFilter.doFilter(OncePerRequestFilter.java:116)
	at org.springframework.test.web.servlet.setup.MockMvcFilterDecorator.doFilter(MockMvcFilterDecorator.java:162)
	at org.springframework.mock.web.MockFilterChain.doFilter(MockFilterChain.java:132)
	at org.springframework.web.filter.CharacterEncodingFilter.doFilterInternal(CharacterEncodingFilter.java:201)
	at org.springframework.web.filter.OncePerRequestFilter.doFilter(OncePerRequestFilter.java:116)
	at org.springframework.test.web.servlet.setup.MockMvcFilterDecorator.doFilter(MockMvcFilterDecorator.java:162)
	at org.springframework.mock.web.MockFilterChain.doFilter(MockFilterChain.java:132)
	at io.sentry.spring.jakarta.SentrySpringFilter.doFilterInternal(SentrySpringFilter.java:76)
	at org.springframework.web.filter.OncePerRequestFilter.doFilter(OncePerRequestFilter.java:116)
	at org.springframework.test.web.servlet.setup.MockMvcFilterDecorator.doFilter(MockMvcFilterDecorator.java:162)
	at org.springframework.mock.web.MockFilterChain.doFilter(MockFilterChain.java:132)
	at org.springframework.test.web.servlet.MockMvc.perform(MockMvc.java:201)
	at de.tum.cit.aet.artemis.core.util.RequestUtilService.performMvcRequest(RequestUtilService.java:79)
	at de.tum.cit.aet.artemis.core.util.RequestUtilService.postWithoutLocation(RequestUtilService.java:213)
	at de.tum.cit.aet.artemis.core.util.RequestUtilService.postWithoutLocation(RequestUtilService.java:199)
	at de.tum.cit.aet.artemis.programming.util.ProgrammingExerciseResultTestService.postResult(ProgrammingExerciseResultTestService.java:232)
	at de.tum.cit.aet.artemis.programming.util.ProgrammingExerciseResultTestService.shouldRemoveTestCaseNamesFromWebsocketNotification(ProgrammingExerciseResultTestService.java:458)
	at de.tum.cit.aet.artemis.programming.ProgrammingExerciseResultJenkinsIntegrationTest.shouldRemoveTestCaseNamesFromWebsocketNotification(ProgrammingExerciseResultJenkinsIntegrationTest.java:217)
	at java.base/jdk.internal.reflect.DirectMethodHandleAccessor.invoke(DirectMethodHandleAccessor.java:103)
	at java.base/java.lang.reflect.Method.invoke(Method.java:580)
	at org.junit.platform.commons.util.ReflectionUtils.invokeMethod(ReflectionUtils.java:767)
	at org.junit.jupiter.engine.execution.MethodInvocation.proceed(MethodInvocation.java:60)
	at org.junit.jupiter.engine.execution.InvocationInterceptorChain$ValidatingInvocation.proceed(InvocationInterceptorChain.java:131)
	at org.junit.jupiter.engine.extension.TimeoutExtension.intercept(TimeoutExtension.java:156)
	at org.junit.jupiter.engine.extension.TimeoutExtension.interceptTestableMethod(TimeoutExtension.java:147)
	at org.junit.jupiter.engine.extension.TimeoutExtension.interceptTestMethod(TimeoutExtension.java:86)
	at org.junit.jupiter.engine.execution.InterceptingExecutableInvoker$ReflectiveInterceptorCall.lambda$ofVoidMethod$0(InterceptingExecutableInvoker.java:103)
	at org.junit.jupiter.engine.execution.InterceptingExecutableInvoker.lambda$invoke$0(InterceptingExecutableInvoker.java:93)
	at org.junit.jupiter.engine.execution.InvocationInterceptorChain$InterceptedInvocation.proceed(InvocationInterceptorChain.java:106)
	at org.junit.jupiter.engine.execution.InvocationInterceptorChain.proceed(InvocationInterceptorChain.java:64)
	at org.junit.jupiter.engine.execution.InvocationInterceptorChain.chainAndInvoke(InvocationInterceptorChain.java:45)
	at org.junit.jupiter.engine.execution.InvocationInterceptorChain.invoke(InvocationInterceptorChain.java:37)
	at org.junit.jupiter.engine.execution.InterceptingExecutableInvoker.invoke(InterceptingExecutableInvoker.java:92)
	at org.junit.jupiter.engine.execution.InterceptingExecutableInvoker.invoke(InterceptingExecutableInvoker.java:86)
	at org.junit.jupiter.engine.descriptor.TestMethodTestDescriptor.lambda$invokeTestMethod$8(TestMethodTestDescriptor.java:217)
	at org.junit.platform.engine.support.hierarchical.ThrowableCollector.execute(ThrowableCollector.java:73)
	at org.junit.jupiter.engine.descriptor.TestMethodTestDescriptor.invokeTestMethod(TestMethodTestDescriptor.java:213)
	at org.junit.jupiter.engine.descriptor.TestMethodTestDescriptor.execute(TestMethodTestDescriptor.java:138)
	at org.junit.jupiter.engine.descriptor.TestMethodTestDescriptor.execute(TestMethodTestDescriptor.java:68)
	at org.junit.platform.engine.support.hierarchical.NodeTestTask.lambda$executeRecursively$6(NodeTestTask.java:156)
	at org.junit.platform.engine.support.hierarchical.ThrowableCollector.execute(ThrowableCollector.java:73)
	at org.junit.platform.engine.support.hierarchical.NodeTestTask.lambda$executeRecursively$8(NodeTestTask.java:146)
	at org.junit.platform.engine.support.hierarchical.Node.around(Node.java:137)
	at org.junit.platform.engine.support.hierarchical.NodeTestTask.lambda$executeRecursively$9(NodeTestTask.java:144)
	at org.junit.platform.engine.support.hierarchical.ThrowableCollector.execute(ThrowableCollector.java:73)
	at org.junit.platform.engine.support.hierarchical.NodeTestTask.executeRecursively(NodeTestTask.java:143)
	at org.junit.platform.engine.support.hierarchical.NodeTestTask.execute(NodeTestTask.java:100)
	at org.junit.platform.engine.support.hierarchical.ForkJoinPoolHierarchicalTestExecutorService$ExclusiveTask.exec(ForkJoinPoolHierarchicalTestExecutorService.java:274)
	at org.junit.platform.engine.support.hierarchical.ForkJoinPoolHierarchicalTestExecutorService$ExclusiveTask.execSync(ForkJoinPoolHierarchicalTestExecutorService.java:247)
	at org.junit.platform.engine.support.hierarchical.ForkJoinPoolHierarchicalTestExecutorService.executeSync(ForkJoinPoolHierarchicalTestExecutorService.java:194)
	at org.junit.platform.engine.support.hierarchical.ForkJoinPoolHierarchicalTestExecutorService.invokeAll(ForkJoinPoolHierarchicalTestExecutorService.java:166)
	at org.junit.platform.engine.support.hierarchical.NodeTestTask.lambda$executeRecursively$6(NodeTestTask.java:160)
	at org.junit.platform.engine.support.hierarchical.ThrowableCollector.execute(ThrowableCollector.java:73)
	at org.junit.platform.engine.support.hierarchical.NodeTestTask.lambda$executeRecursively$8(NodeTestTask.java:146)
	at org.junit.platform.engine.support.hierarchical.Node.around(Node.java:137)
	at org.junit.platform.engine.support.hierarchical.NodeTestTask.lambda$executeRecursively$9(NodeTestTask.java:144)
	at org.junit.platform.engine.support.hierarchical.ThrowableCollector.execute(ThrowableCollector.java:73)
	at org.junit.platform.engine.support.hierarchical.NodeTestTask.executeRecursively(NodeTestTask.java:143)
	at org.junit.platform.engine.support.hierarchical.NodeTestTask.execute(NodeTestTask.java:100)
	at org.junit.platform.engine.support.hierarchical.ForkJoinPoolHierarchicalTestExecutorService$ExclusiveTask.exec(ForkJoinPoolHierarchicalTestExecutorService.java:274)
	at java.base/java.util.concurrent.ForkJoinTask.doExec(ForkJoinTask.java:387)
	at java.base/java.util.concurrent.ForkJoinPool$WorkQueue.topLevelExec(ForkJoinPool.java:1312)
	at java.base/java.util.concurrent.ForkJoinPool.scan(ForkJoinPool.java:1843)
	at java.base/java.util.concurrent.ForkJoinPool.runWorker(ForkJoinPool.java:1808)
	at java.base/java.util.concurrent.ForkJoinWorkerThread.run(ForkJoinWorkerThread.java:188)
    23:46:50.073 | 456 ool-1-worker-220 | DEBUG | .c.s.m.InstanceMessageReceiveService : Received schedule participant score for exercise 3160 and participant 750 (result to be deleted: null)
    23:46:50.073 | 456 ool-1-worker-220 | DEBUG | .a.s.ParticipantScoreScheduleService : Scheduled task for exercise 3160 and participant 750 at 2025-02-14T23:46:50.173716476Z[Etc/UTC].
    23:46:50.074 | 456 ool-1-worker-220 | DEBUG | .a.a.p.s.ProgrammingMessagingService : Send result to client over websocket. Result: Result{id761, completionDate=2025-02-14T23:46:50.025357700Z, successful=false, score=25.0, rated=true, assessmentType=AUTOMATIC, hasComplaint=null, testCaseCount=1, passedTestCaseCount=1, codeIssueCount=0}, Submission: ProgrammingSubmission{commitHash='abc123', buildFailed=false, buildArtifact=false, type=MANUAL}, Participation: ProgrammingExerciseStudentParticipation{id=3793, repositoryUri='https://version-control.fake.fake/git/SHORT802EBE5D0027304C980867E0BEB4ED85448ATSTEXC/short802ebe5d0027304c980867e0beb4ed85448atstexc-progexresultjenkstudent1.git', buildPlanId='SHORT802EBE5D0027304C980867E0BEB4ED85448ATSTEXC-PROGEXRESULTJENKSTUDENT1', initializationState='INITIALIZED', initializationDate='2025-02-14T23:46:50.017755Z', individualDueDate=null', presentationScore=null}
    23:46:50.080 | 456 ool-1-worker-220 | INFO  | d.t.c.a.a.a.w.o.PublicResultResource : The new result for SHORT802EBE5D0027304C980867E0BEB4ED85448ATSTEXC-PROGEXRESULTJENKSTUDENT1 was saved successfully

  Starting logs for ProgrammingExerciseResultJenkinsIntegrationTest > shouldUpdateFeedbackInSemiAutomaticResult()
    23:46:50.095 | 456 ool-1-worker-220 | DEBUG | d.t.c.a.a.c.u.util.UserUtilService   : Generate 2 students...
    23:46:50.099 | 456 ool-1-worker-220 | DEBUG | d.t.c.a.a.c.u.util.UserUtilService   : 2 students generated. Generate 2 tutors...
    23:46:50.103 | 456 ool-1-worker-220 | DEBUG | d.t.c.a.a.c.u.util.UserUtilService   : 2 tutors generated. Generate 0 editors...
    23:46:50.104 | 456 ool-1-worker-220 | DEBUG | d.t.c.a.a.c.u.util.UserUtilService   : 0 editors generated. Generate 2 instructors...
    23:46:50.108 | 456 ool-1-worker-220 | DEBUG | d.t.c.a.a.c.u.util.UserUtilService   : 2 instructors generated
    23:46:50.110 | 456 ool-1-worker-220 | DEBUG | d.t.c.a.a.c.u.util.UserUtilService   : Removing 6 users from all courses...
    23:46:50.110 | 456 ool-1-worker-220 | DEBUG | d.t.c.a.a.c.u.util.UserUtilService   : Removing 6 users from all courses. Done
    23:46:50.110 | 456 ool-1-worker-220 | DEBUG | d.t.c.a.a.c.u.util.UserUtilService   : Save 6 users to database...
    23:46:50.115 | 456 ool-1-worker-220 | DEBUG | d.t.c.a.a.c.u.util.UserUtilService   : Save 6 users to database. Done
    23:46:50.148 | 732 pool-3-thread-2  | DEBUG | d.t.c.a.a.core.service.FileService   : Delete directory ./exports/server-integration-test/courses/_temp-exports_/short5daf0a5505de3044f70af8b00648073f1394-Course_title_392db93a-aa69-4429-9d97-5c3dae5de22b-20250214-234550
    23:46:50.159 | 456 ool-1-worker-220 | DEBUG | PersonalAccessTokenManagementService : Generate secure vcs access token
    23:46:50.163 | 456 ool-1-worker-220 | DEBUG | PersonalAccessTokenManagementService : Generate secure vcs access token
    23:46:50.166 | 456 ool-1-worker-220 | INFO  | i.z.t.d.l.EmbeddedDatabaseReporter   : JDBC URL to connect to 'dataSource': url='jdbc:h2:tcp://localhost:41063/mem:736625c0-cf5e-400d-aeaa-8a7eabd6262b;USER=sa', scope='ProgrammingExerciseResultJenkinsIntegrationTest#shouldUpdateFeedbackInSemiAutomaticResult'
    23:46:50.171 | 456 ool-1-worker-220 | DEBUG | PersonalAccessTokenManagementService : Generate secure vcs access token
    23:46:50.173 | 456 ool-1-worker-220 | DEBUG | .c.s.m.InstanceMessageReceiveService : Received schedule participant score for exercise 3162 and participant 750 (result to be deleted: null)
    23:46:50.173 | 456 ool-1-worker-220 | DEBUG | .a.s.ParticipantScoreScheduleService : Scheduled task for exercise 3162 and participant 750 at 2025-02-14T23:46:50.273961447Z[Etc/UTC].
    23:46:50.186 | 456 ool-1-worker-220 | DEBUG | .c.s.m.InstanceMessageReceiveService : Received schedule participant score for exercise 3162 and participant 750 (result to be deleted: null)
    23:46:50.186 | 456 ool-1-worker-220 | DEBUG | .a.s.ParticipantScoreScheduleService : Scheduled task for exercise 3162 and participant 750 at 2025-02-14T23:46:50.286372460Z[Etc/UTC].
    23:46:50.188 | 456 ool-1-worker-220 | DEBUG | .c.s.m.InstanceMessageReceiveService : Received schedule participant score for exercise 3162 and participant 750 (result to be deleted: null)
    23:46:50.188 | 456 ool-1-worker-220 | DEBUG | .a.s.ParticipantScoreScheduleService : Scheduled task for exercise 3162 and participant 750 at 2025-02-14T23:46:50.288115701Z[Etc/UTC].
    23:46:50.207 | 456 ool-1-worker-220 | DEBUG | .c.s.m.InstanceMessageReceiveService : Received schedule participant score for exercise 3162 and participant 750 (result to be deleted: null)
    23:46:50.207 | 456 ool-1-worker-220 | DEBUG | .a.s.ParticipantScoreScheduleService : Scheduled task for exercise 3162 and participant 750 at 2025-02-14T23:46:50.307302363Z[Etc/UTC].
    23:46:50.207 | 456 ool-1-worker-220 | DEBUG | .c.s.m.InstanceMessageReceiveService : Received schedule participant score for exercise 3162 and participant 750 (result to be deleted: null)
    23:46:50.207 | 456 ool-1-worker-220 | DEBUG | .a.s.ParticipantScoreScheduleService : Scheduled task for exercise 3162 and participant 750 at 2025-02-14T23:46:50.307428138Z[Etc/UTC].
    23:46:50.209 | 456 ool-1-worker-220 | DEBUG | .c.s.m.InstanceMessageReceiveService : Received schedule participant score for exercise 3162 and participant 750 (result to be deleted: null)
    23:46:50.209 | 456 ool-1-worker-220 | DEBUG | .a.s.ParticipantScoreScheduleService : Scheduled task for exercise 3162 and participant 750 at 2025-02-14T23:46:50.309550656Z[Etc/UTC].
    23:46:50.233 | 456 ool-1-worker-220 | DEBUG | .c.s.m.InstanceMessageReceiveService : Received schedule participant score for exercise 3162 and participant 750 (result to be deleted: null)
    23:46:50.233 | 456 ool-1-worker-220 | DEBUG | .a.s.ParticipantScoreScheduleService : Scheduled task for exercise 3162 and participant 750 at 2025-02-14T23:46:50.333559031Z[Etc/UTC].
    23:46:50.233 | 456 ool-1-worker-220 | DEBUG | .c.s.m.InstanceMessageReceiveService : Received schedule participant score for exercise 3162 and participant 750 (result to be deleted: null)
    23:46:50.233 | 456 ool-1-worker-220 | DEBUG | .a.s.ParticipantScoreScheduleService : Scheduled task for exercise 3162 and participant 750 at 2025-02-14T23:46:50.333697489Z[Etc/UTC].
    23:46:50.233 | 456 ool-1-worker-220 | DEBUG | .c.s.m.InstanceMessageReceiveService : Received schedule participant score for exercise 3162 and participant 750 (result to be deleted: null)
    23:46:50.233 | 456 ool-1-worker-220 | DEBUG | .a.s.ParticipantScoreScheduleService : Scheduled task for exercise 3162 and participant 750 at 2025-02-14T23:46:50.333816872Z[Etc/UTC].
    23:46:50.247 | 456 ool-1-worker-220 | DEBUG | d.t.c.a.a.c.s.f.ApiVersionFilter     : Adding Version to Request POST /api/public/programming-exercises/new-result
    23:46:50.247 | 456 ool-1-worker-220 | DEBUG | d.t.c.a.a.a.w.o.PublicResultResource : Received result notify (NEW)
    23:46:50.250 | 456 ool-1-worker-220 | INFO  | d.t.c.a.a.a.w.o.PublicResultResource : Artemis received a new result for build plan SHORTC4FACA1D0DEEE04409096F20ACEED56A413ATSTEXC-PROGEXRESULTJENKSTUDENT1
    23:46:50.252 | 456 ool-1-worker-220 | DEBUG | .s.ProgrammingExerciseGradingService : Received new build result (NEW) for participation 3801
    23:46:50.279 | 456 ool-1-worker-220 | DEBUG | .c.s.m.InstanceMessageReceiveService : Received schedule participant score for exercise 3162 and participant 750 (result to be deleted: null)
    23:46:50.279 | 456 ool-1-worker-220 | DEBUG | .a.s.ParticipantScoreScheduleService : Scheduled task for exercise 3162 and participant 750 at 2025-02-14T23:46:50.379290295Z[Etc/UTC].
    23:46:50.279 | 456 ool-1-worker-220 | DEBUG | .a.a.p.s.ProgrammingMessagingService : Send result to client over websocket. Result: Result{id764, completionDate=2025-02-14T23:46:50.166312200Z, successful=false, score=48.8, rated=true, assessmentType=SEMI_AUTOMATIC, hasComplaint=null, testCaseCount=1, passedTestCaseCount=1, codeIssueCount=0}, Submission: ProgrammingSubmission{commitHash='9b3a9bd71a0d80e5bbc42204c319ed3d1d4f0d6d', buildFailed=false, buildArtifact=false, type=MANUAL}, Participation: ProgrammingExerciseStudentParticipation{id=3801, repositoryUri='https://version-control.fake.fake/git/SHORTC4FACA1D0DEEE04409096F20ACEED56A413ATSTEXC/shortc4faca1d0deee04409096f20aceed56a413atstexc-progexresultjenkstudent1.git', buildPlanId='SHORTC4FACA1D0DEEE04409096F20ACEED56A413ATSTEXC-PROGEXRESULTJENKSTUDENT1', initializationState='INITIALIZED', initializationDate='2025-02-14T23:46:50.169949Z', individualDueDate=null', presentationScore=null}
    23:46:50.282 | 456 ool-1-worker-220 | INFO  | d.t.c.a.a.a.w.o.PublicResultResource : The new result for SHORTC4FACA1D0DEEE04409096F20ACEED56A413ATSTEXC-PROGEXRESULTJENKSTUDENT1 was saved successfully
    23:46:50.289 | 619 pool-6-thread-3  | INFO  | rogrammingPlagiarismDetectionService : Will delete local repositories for programming exercise 3037 after plagiarism check
    23:46:50.289 | 619 pool-6-thread-3  | INFO  | p.s.ProgrammingExerciseExportService : Delete project root directory /tmp/jplag-repos16632592645214789269/SHORT79E366F003324047C208B94035F064C2EFCETSTEXC
    23:46:50.289 | 619 pool-6-thread-3  | INFO  | rogrammingPlagiarismDetectionService : Delete local repositories done for programming exercise 3037 after plagiarism check

  Starting logs for ProgrammingExerciseResultJenkinsIntegrationTest > shouldCreateResultOnCustomDefaultBranch()
    23:46:50.301 | 456 ool-1-worker-220 | DEBUG | d.t.c.a.a.c.u.util.UserUtilService   : Generate 2 students...
    23:46:50.305 | 456 ool-1-worker-220 | DEBUG | d.t.c.a.a.c.u.util.UserUtilService   : 2 students generated. Generate 2 tutors...
    23:46:50.308 | 456 ool-1-worker-220 | DEBUG | d.t.c.a.a.c.u.util.UserUtilService   : 2 tutors generated. Generate 0 editors...
    23:46:50.310 | 456 ool-1-worker-220 | DEBUG | d.t.c.a.a.c.u.util.UserUtilService   : 0 editors generated. Generate 2 instructors...
    23:46:50.314 | 456 ool-1-worker-220 | DEBUG | d.t.c.a.a.c.u.util.UserUtilService   : 2 instructors generated
    23:46:50.315 | 456 ool-1-worker-220 | DEBUG | d.t.c.a.a.c.u.util.UserUtilService   : Removing 6 users from all courses...
    23:46:50.316 | 456 ool-1-worker-220 | DEBUG | d.t.c.a.a.c.u.util.UserUtilService   : Removing 6 users from all courses. Done
    23:46:50.316 | 456 ool-1-worker-220 | DEBUG | d.t.c.a.a.c.u.util.UserUtilService   : Save 6 users to database...
    23:46:50.320 | 456 ool-1-worker-220 | DEBUG | d.t.c.a.a.c.u.util.UserUtilService   : Save 6 users to database. Done
    23:46:50.361 | 456 ool-1-worker-220 | DEBUG | PersonalAccessTokenManagementService : Generate secure vcs access token
    23:46:50.365 | 456 ool-1-worker-220 | DEBUG | PersonalAccessTokenManagementService : Generate secure vcs access token
    23:46:50.368 | 456 ool-1-worker-220 | INFO  | i.z.t.d.l.EmbeddedDatabaseReporter   : JDBC URL to connect to 'dataSource': url='jdbc:h2:tcp://localhost:41063/mem:736625c0-cf5e-400d-aeaa-8a7eabd6262b;USER=sa', scope='ProgrammingExerciseResultJenkinsIntegrationTest#shouldCreateResultOnCustomDefaultBranch'
    23:46:50.377 | 456 ool-1-worker-220 | DEBUG | .s.ProgrammingExerciseGradingService : Received new build result (NEW) for participation 3802
    23:46:50.387 | 456 ool-1-worker-220 | WARN  | .s.ProgrammingExerciseGradingService : Could not find pending ProgrammingSubmission for Commit Hash abc123 (Participation 3802, Build Plan SHORTEAD3ACDF079FB04BB00AAF208E34D988FA7CTSTEXC-SOLUTION). Will create a new one subsequently...
    23:46:50.387 | 456 ool-1-worker-220 | ERROR | .s.ProgrammingExerciseGradingService : Could not retrieve push date for participation 3802 and build plan SHORTEAD3ACDF079FB04BB00AAF208E34D988FA7CTSTEXC-SOLUTION
de.tum.cit.aet.artemis.programming.service.gitlab.GitLabException: Could not find build queue date for participation 3802
	at de.tum.cit.aet.artemis.programming.service.gitlab.GitLabService.getPushDate(GitLabService.java:369)
	at de.tum.cit.aet.artemis.programming.service.gitlab.GitLabService.getPushDate(GitLabService.java:358)
	at de.tum.cit.aet.artemis.programming.service.ProgrammingExerciseGradingService.createAndSaveFallbackSubmission(ProgrammingExerciseGradingService.java:286)
	at de.tum.cit.aet.artemis.programming.service.ProgrammingExerciseGradingService.createAndSaveFallbackSubmission(ProgrammingExerciseGradingService.java:272)
	at de.tum.cit.aet.artemis.programming.service.ProgrammingExerciseGradingService.lambda$processNewProgrammingExerciseResult$0(ProgrammingExerciseGradingService.java:177)
	at java.base/java.util.Optional.orElseGet(Optional.java:364)
	at de.tum.cit.aet.artemis.programming.service.ProgrammingExerciseGradingService.processNewProgrammingExerciseResult(ProgrammingExerciseGradingService.java:177)
	at de.tum.cit.aet.artemis.programming.service.ProgrammingExerciseGradingService.processNewProgrammingExerciseResult(ProgrammingExerciseGradingService.java:156)
	at de.tum.cit.aet.artemis.programming.util.ProgrammingExerciseResultTestService.shouldCreateResultOnCustomDefaultBranch(ProgrammingExerciseResultTestService.java:410)
	at de.tum.cit.aet.artemis.programming.ProgrammingExerciseResultJenkinsIntegrationTest.shouldCreateResultOnCustomDefaultBranch(ProgrammingExerciseResultJenkinsIntegrationTest.java:167)
	at java.base/jdk.internal.reflect.DirectMethodHandleAccessor.invoke(DirectMethodHandleAccessor.java:103)
	at java.base/java.lang.reflect.Method.invoke(Method.java:580)
	at org.junit.platform.commons.util.ReflectionUtils.invokeMethod(ReflectionUtils.java:767)
	at org.junit.jupiter.engine.execution.MethodInvocation.proceed(MethodInvocation.java:60)
	at org.junit.jupiter.engine.execution.InvocationInterceptorChain$ValidatingInvocation.proceed(InvocationInterceptorChain.java:131)
	at org.junit.jupiter.engine.extension.TimeoutExtension.intercept(TimeoutExtension.java:156)
	at org.junit.jupiter.engine.extension.TimeoutExtension.interceptTestableMethod(TimeoutExtension.java:147)
	at org.junit.jupiter.engine.extension.TimeoutExtension.interceptTestMethod(TimeoutExtension.java:86)
	at org.junit.jupiter.engine.execution.InterceptingExecutableInvoker$ReflectiveInterceptorCall.lambda$ofVoidMethod$0(InterceptingExecutableInvoker.java:103)
	at org.junit.jupiter.engine.execution.InterceptingExecutableInvoker.lambda$invoke$0(InterceptingExecutableInvoker.java:93)
	at org.junit.jupiter.engine.execution.InvocationInterceptorChain$InterceptedInvocation.proceed(InvocationInterceptorChain.java:106)
	at org.junit.jupiter.engine.execution.InvocationInterceptorChain.proceed(InvocationInterceptorChain.java:64)
	at org.junit.jupiter.engine.execution.InvocationInterceptorChain.chainAndInvoke(InvocationInterceptorChain.java:45)
	at org.junit.jupiter.engine.execution.InvocationInterceptorChain.invoke(InvocationInterceptorChain.java:37)
	at org.junit.jupiter.engine.execution.InterceptingExecutableInvoker.invoke(InterceptingExecutableInvoker.java:92)
	at org.junit.jupiter.engine.execution.InterceptingExecutableInvoker.invoke(InterceptingExecutableInvoker.java:86)
	at org.junit.jupiter.engine.descriptor.TestMethodTestDescriptor.lambda$invokeTestMethod$8(TestMethodTestDescriptor.java:217)
	at org.junit.platform.engine.support.hierarchical.ThrowableCollector.execute(ThrowableCollector.java:73)
	at org.junit.jupiter.engine.descriptor.TestMethodTestDescriptor.invokeTestMethod(TestMethodTestDescriptor.java:213)
	at org.junit.jupiter.engine.descriptor.TestMethodTestDescriptor.execute(TestMethodTestDescriptor.java:138)
	at org.junit.jupiter.engine.descriptor.TestMethodTestDescriptor.execute(TestMethodTestDescriptor.java:68)
	at org.junit.platform.engine.support.hierarchical.NodeTestTask.lambda$executeRecursively$6(NodeTestTask.java:156)
	at org.junit.platform.engine.support.hierarchical.ThrowableCollector.execute(ThrowableCollector.java:73)
	at org.junit.platform.engine.support.hierarchical.NodeTestTask.lambda$executeRecursively$8(NodeTestTask.java:146)
	at org.junit.platform.engine.support.hierarchical.Node.around(Node.java:137)
	at org.junit.platform.engine.support.hierarchical.NodeTestTask.lambda$executeRecursively$9(NodeTestTask.java:144)
	at org.junit.platform.engine.support.hierarchical.ThrowableCollector.execute(ThrowableCollector.java:73)
	at org.junit.platform.engine.support.hierarchical.NodeTestTask.executeRecursively(NodeTestTask.java:143)
	at org.junit.platform.engine.support.hierarchical.NodeTestTask.execute(NodeTestTask.java:100)
	at org.junit.platform.engine.support.hierarchical.ForkJoinPoolHierarchicalTestExecutorService$ExclusiveTask.exec(ForkJoinPoolHierarchicalTestExecutorService.java:274)
	at org.junit.platform.engine.support.hierarchical.ForkJoinPoolHierarchicalTestExecutorService$ExclusiveTask.execSync(ForkJoinPoolHierarchicalTestExecutorService.java:247)
	at org.junit.platform.engine.support.hierarchical.ForkJoinPoolHierarchicalTestExecutorService.executeSync(ForkJoinPoolHierarchicalTestExecutorService.java:194)
	at org.junit.platform.engine.support.hierarchical.ForkJoinPoolHierarchicalTestExecutorService.invokeAll(ForkJoinPoolHierarchicalTestExecutorService.java:166)
	at org.junit.platform.engine.support.hierarchical.NodeTestTask.lambda$executeRecursively$6(NodeTestTask.java:160)
	at org.junit.platform.engine.support.hierarchical.ThrowableCollector.execute(ThrowableCollector.java:73)
	at org.junit.platform.engine.support.hierarchical.NodeTestTask.lambda$executeRecursively$8(NodeTestTask.java:146)
	at org.junit.platform.engine.support.hierarchical.Node.around(Node.java:137)
	at org.junit.platform.engine.support.hierarchical.NodeTestTask.lambda$executeRecursively$9(NodeTestTask.java:144)
	at org.junit.platform.engine.support.hierarchical.ThrowableCollector.execute(ThrowableCollector.java:73)
	at org.junit.platform.engine.support.hierarchical.NodeTestTask.executeRecursively(NodeTestTask.java:143)
	at org.junit.platform.engine.support.hierarchical.NodeTestTask.execute(NodeTestTask.java:100)
	at org.junit.platform.engine.support.hierarchical.ForkJoinPoolHierarchicalTestExecutorService$ExclusiveTask.exec(ForkJoinPoolHierarchicalTestExecutorService.java:274)
	at java.base/java.util.concurrent.ForkJoinTask.doExec(ForkJoinTask.java:387)
	at java.base/java.util.concurrent.ForkJoinPool$WorkQueue.topLevelExec(ForkJoinPool.java:1312)
	at java.base/java.util.concurrent.ForkJoinPool.scan(ForkJoinPool.java:1843)
	at java.base/java.util.concurrent.ForkJoinPool.runWorker(ForkJoinPool.java:1808)
	at java.base/java.util.concurrent.ForkJoinWorkerThread.run(ForkJoinWorkerThread.java:188)

  Starting logs for ProgrammingExerciseResultJenkinsIntegrationTest > shouldCorrectlyNotifyStudentsAboutNewResults()
    23:46:50.423 | 456 ool-1-worker-220 | DEBUG | d.t.c.a.a.c.u.util.UserUtilService   : Generate 2 students...
    23:46:50.427 | 456 ool-1-worker-220 | DEBUG | d.t.c.a.a.c.u.util.UserUtilService   : 2 students generated. Generate 2 tutors...
    23:46:50.431 | 456 ool-1-worker-220 | DEBUG | d.t.c.a.a.c.u.util.UserUtilService   : 2 tutors generated. Generate 0 editors...
    23:46:50.433 | 456 ool-1-worker-220 | DEBUG | d.t.c.a.a.c.u.util.UserUtilService   : 0 editors generated. Generate 2 instructors...
    23:46:50.436 | 456 ool-1-worker-220 | DEBUG | d.t.c.a.a.c.u.util.UserUtilService   : 2 instructors generated
    23:46:50.438 | 456 ool-1-worker-220 | DEBUG | d.t.c.a.a.c.u.util.UserUtilService   : Removing 6 users from all courses...
    23:46:50.439 | 456 ool-1-worker-220 | DEBUG | d.t.c.a.a.c.u.util.UserUtilService   : Removing 6 users from all courses. Done
    23:46:50.439 | 456 ool-1-worker-220 | DEBUG | d.t.c.a.a.c.u.util.UserUtilService   : Save 6 users to database...
    23:46:50.444 | 456 ool-1-worker-220 | DEBUG | d.t.c.a.a.c.u.util.UserUtilService   : Save 6 users to database. Done
    23:46:50.486 | 456 ool-1-worker-220 | DEBUG | PersonalAccessTokenManagementService : Generate secure vcs access token
    23:46:50.489 | 456 ool-1-worker-220 | DEBUG | PersonalAccessTokenManagementService : Generate secure vcs access token
    23:46:50.492 | 456 ool-1-worker-220 | INFO  | i.z.t.d.l.EmbeddedDatabaseReporter   : JDBC URL to connect to 'dataSource': url='jdbc:h2:tcp://localhost:41063/mem:736625c0-cf5e-400d-aeaa-8a7eabd6262b;USER=sa', scope='ProgrammingExerciseResultJenkinsIntegrationTest#shouldCorrectlyNotifyStudentsAboutNewResults'
    23:46:50.508 | 456 ool-1-worker-220 | DEBUG | d.t.c.a.a.c.s.f.ApiVersionFilter     : Adding Version to Request POST /api/public/programming-exercises/new-result
    23:46:50.508 | 456 ool-1-worker-220 | DEBUG | d.t.c.a.a.a.w.o.PublicResultResource : Received result notify (NEW)
    23:46:50.512 | 456 ool-1-worker-220 | INFO  | d.t.c.a.a.a.w.o.PublicResultResource : Artemis received a new result for build plan SHORTD7F7009204FC804EC2091AA081D529E4E082TSTEXC-PROGEXRESULTJENKSTUDENT1
    23:46:50.514 | 456 ool-1-worker-220 | DEBUG | .s.ProgrammingExerciseGradingService : Received new build result (NEW) for participation 3812
    23:46:50.518 | 456 ool-1-worker-220 | WARN  | .s.ProgrammingExerciseGradingService : Could not find pending ProgrammingSubmission for Commit Hash abc123 (Participation 3812, Build Plan SHORTD7F7009204FC804EC2091AA081D529E4E082TSTEXC-PROGEXRESULTJENKSTUDENT1). Will create a new one subsequently...
    23:46:50.519 | 456 ool-1-worker-220 | ERROR | .s.ProgrammingExerciseGradingService : Could not retrieve push date for participation 3812 and build plan SHORTD7F7009204FC804EC2091AA081D529E4E082TSTEXC-PROGEXRESULTJENKSTUDENT1
de.tum.cit.aet.artemis.programming.service.gitlab.GitLabException: Could not find build queue date for participation 3812
	at de.tum.cit.aet.artemis.programming.service.gitlab.GitLabService.getPushDate(GitLabService.java:369)
	at de.tum.cit.aet.artemis.programming.service.gitlab.GitLabService.getPushDate(GitLabService.java:358)
	at de.tum.cit.aet.artemis.programming.service.ProgrammingExerciseGradingService.createAndSaveFallbackSubmission(ProgrammingExerciseGradingService.java:286)
	at de.tum.cit.aet.artemis.programming.service.ProgrammingExerciseGradingService.createAndSaveFallbackSubmission(ProgrammingExerciseGradingService.java:272)
	at de.tum.cit.aet.artemis.programming.service.ProgrammingExerciseGradingService.lambda$processNewProgrammingExerciseResult$0(ProgrammingExerciseGradingService.java:177)
	at java.base/java.util.Optional.orElseGet(Optional.java:364)
	at de.tum.cit.aet.artemis.programming.service.ProgrammingExerciseGradingService.processNewProgrammingExerciseResult(ProgrammingExerciseGradingService.java:177)
	at de.tum.cit.aet.artemis.programming.service.ProgrammingExerciseGradingService.processNewProgrammingExerciseResult(ProgrammingExerciseGradingService.java:156)
	at de.tum.cit.aet.artemis.assessment.web.open.PublicResultResource.processNewProgrammingExerciseResult(PublicResultResource.java:113)
	at java.base/jdk.internal.reflect.DirectMethodHandleAccessor.invoke(DirectMethodHandleAccessor.java:103)
	at java.base/java.lang.reflect.Method.invoke(Method.java:580)
	at org.springframework.aop.support.AopUtils.invokeJoinpointUsingReflection(AopUtils.java:359)
	at org.springframework.aop.framework.ReflectiveMethodInvocation.invokeJoinpoint(ReflectiveMethodInvocation.java:196)
	at org.springframework.aop.framework.ReflectiveMethodInvocation.proceed(ReflectiveMethodInvocation.java:163)
	at org.springframework.security.authorization.method.AuthorizationManagerBeforeMethodInterceptor.proceed(AuthorizationManagerBeforeMethodInterceptor.java:268)
	at org.springframework.security.authorization.method.AuthorizationManagerBeforeMethodInterceptor.attemptAuthorization(AuthorizationManagerBeforeMethodInterceptor.java:263)
	at org.springframework.security.authorization.method.AuthorizationManagerBeforeMethodInterceptor.invoke(AuthorizationManagerBeforeMethodInterceptor.java:196)
	at org.springframework.security.config.annotation.method.configuration.DeferringMethodInterceptor.invoke(DeferringMethodInterceptor.java:44)
	at org.springframework.aop.framework.ReflectiveMethodInvocation.proceed(ReflectiveMethodInvocation.java:184)
	at org.springframework.aop.framework.CglibAopProxy$DynamicAdvisedInterceptor.intercept(CglibAopProxy.java:727)
	at de.tum.cit.aet.artemis.assessment.web.open.PublicResultResource$$SpringCGLIB$$0.processNewProgrammingExerciseResult(<generated>)
	at java.base/jdk.internal.reflect.DirectMethodHandleAccessor.invoke(DirectMethodHandleAccessor.java:103)
	at java.base/java.lang.reflect.Method.invoke(Method.java:580)
	at org.springframework.web.method.support.InvocableHandlerMethod.doInvoke(InvocableHandlerMethod.java:257)
	at org.springframework.web.method.support.InvocableHandlerMethod.invokeForRequest(InvocableHandlerMethod.java:190)
	at org.springframework.web.servlet.mvc.method.annotation.ServletInvocableHandlerMethod.invokeAndHandle(ServletInvocableHandlerMethod.java:118)
	at org.springframework.web.servlet.mvc.method.annotation.RequestMappingHandlerAdapter.invokeHandlerMethod(RequestMappingHandlerAdapter.java:986)
	at org.springframework.web.servlet.mvc.method.annotation.RequestMappingHandlerAdapter.handleInternal(RequestMappingHandlerAdapter.java:891)
	at org.springframework.web.servlet.mvc.method.AbstractHandlerMethodAdapter.handle(AbstractHandlerMethodAdapter.java:87)
	at org.springframework.web.servlet.DispatcherServlet.doDispatch(DispatcherServlet.java:1088)
	at org.springframework.web.servlet.DispatcherServlet.doService(DispatcherServlet.java:978)
	at org.springframework.web.servlet.FrameworkServlet.processRequest(FrameworkServlet.java:1014)
	at org.springframework.web.servlet.FrameworkServlet.doPost(FrameworkServlet.java:914)
	at jakarta.servlet.http.HttpServlet.service(HttpServlet.java:547)
	at org.springframework.web.servlet.FrameworkServlet.service(FrameworkServlet.java:885)
	at org.springframework.test.web.servlet.TestDispatcherServlet.service(TestDispatcherServlet.java:72)
	at jakarta.servlet.http.HttpServlet.service(HttpServlet.java:614)
	at org.springframework.mock.web.MockFilterChain$ServletFilterProxy.doFilter(MockFilterChain.java:165)
	at org.springframework.mock.web.MockFilterChain.doFilter(MockFilterChain.java:132)
	at org.springframework.web.filter.OncePerRequestFilter.doFilter(OncePerRequestFilter.java:110)
	at org.springframework.test.web.servlet.setup.MockMvcFilterDecorator.doFilter(MockMvcFilterDecorator.java:162)
	at org.springframework.mock.web.MockFilterChain.doFilter(MockFilterChain.java:132)
	at de.tum.cit.aet.artemis.core.security.filter.ApiVersionFilter.doFilter(ApiVersionFilter.java:55)
	at org.springframework.test.web.servlet.setup.MockMvcFilterDecorator.doFilter(MockMvcFilterDecorator.java:162)
	at org.springframework.mock.web.MockFilterChain.doFilter(MockFilterChain.java:132)
	at io.sentry.spring.jakarta.SentryUserFilter.doFilterInternal(SentryUserFilter.java:56)
	at org.springframework.web.filter.OncePerRequestFilter.doFilter(OncePerRequestFilter.java:116)
	at org.springframework.test.web.servlet.setup.MockMvcFilterDecorator.doFilter(MockMvcFilterDecorator.java:162)
	at org.springframework.mock.web.MockFilterChain.doFilter(MockFilterChain.java:132)
	at org.springframework.web.filter.CompositeFilter$VirtualFilterChain.doFilter(CompositeFilter.java:108)
	at org.springframework.security.web.FilterChainProxy.lambda$doFilterInternal$3(FilterChainProxy.java:231)
	at org.springframework.security.web.ObservationFilterChainDecorator$FilterObservation$SimpleFilterObservation.lambda$wrap$1(ObservationFilterChainDecorator.java:479)
	at org.springframework.security.web.ObservationFilterChainDecorator$AroundFilterObservation$SimpleAroundFilterObservation.lambda$wrap$1(ObservationFilterChainDecorator.java:340)
	at org.springframework.security.web.ObservationFilterChainDecorator.lambda$wrapSecured$0(ObservationFilterChainDecorator.java:82)
	at org.springframework.security.web.ObservationFilterChainDecorator$VirtualFilterChain.doFilter(ObservationFilterChainDecorator.java:128)
	at org.springframework.security.web.access.intercept.AuthorizationFilter.doFilter(AuthorizationFilter.java:101)
	at org.springframework.security.web.ObservationFilterChainDecorator$ObservationFilter.wrapFilter(ObservationFilterChainDecorator.java:240)
	at org.springframework.security.web.ObservationFilterChainDecorator$ObservationFilter.doFilter(ObservationFilterChainDecorator.java:227)
	at org.springframework.security.web.ObservationFilterChainDecorator$VirtualFilterChain.doFilter(ObservationFilterChainDecorator.java:137)
	at org.springframework.security.web.access.ExceptionTranslationFilter.doFilter(ExceptionTranslationFilter.java:126)
	at org.springframework.security.web.access.ExceptionTranslationFilter.doFilter(ExceptionTranslationFilter.java:120)
	at org.springframework.security.web.ObservationFilterChainDecorator$ObservationFilter.wrapFilter(ObservationFilterChainDecorator.java:240)
	at org.springframework.security.web.ObservationFilterChainDecorator$ObservationFilter.doFilter(ObservationFilterChainDecorator.java:227)
	at org.springframework.security.web.ObservationFilterChainDecorator$VirtualFilterChain.doFilter(ObservationFilterChainDecorator.java:137)
	at org.springframework.security.web.session.SessionManagementFilter.doFilter(SessionManagementFilter.java:131)
	at org.springframework.security.web.session.SessionManagementFilter.doFilter(SessionManagementFilter.java:85)
	at org.springframework.security.web.ObservationFilterChainDecorator$ObservationFilter.wrapFilter(ObservationFilterChainDecorator.java:240)
	at org.springframework.security.web.ObservationFilterChainDecorator$ObservationFilter.doFilter(ObservationFilterChainDecorator.java:227)
	at org.springframework.security.web.ObservationFilterChainDecorator$VirtualFilterChain.doFilter(ObservationFilterChainDecorator.java:137)
	at org.springframework.security.web.authentication.AnonymousAuthenticationFilter.doFilter(AnonymousAuthenticationFilter.java:100)
	at org.springframework.security.web.ObservationFilterChainDecorator$ObservationFilter.wrapFilter(ObservationFilterChainDecorator.java:240)
	at org.springframework.security.web.ObservationFilterChainDecorator$ObservationFilter.doFilter(ObservationFilterChainDecorator.java:227)
	at org.springframework.security.web.ObservationFilterChainDecorator$VirtualFilterChain.doFilter(ObservationFilterChainDecorator.java:137)
	at org.springframework.security.web.servletapi.SecurityContextHolderAwareRequestFilter.doFilter(SecurityContextHolderAwareRequestFilter.java:179)
	at org.springframework.security.web.ObservationFilterChainDecorator$ObservationFilter.wrapFilter(ObservationFilterChainDecorator.java:240)
	at org.springframework.security.web.ObservationFilterChainDecorator$ObservationFilter.doFilter(ObservationFilterChainDecorator.java:227)
	at org.springframework.security.web.ObservationFilterChainDecorator$VirtualFilterChain.doFilter(ObservationFilterChainDecorator.java:137)
	at org.springframework.security.web.savedrequest.RequestCacheAwareFilter.doFilter(RequestCacheAwareFilter.java:63)
	at org.springframework.security.web.ObservationFilterChainDecorator$ObservationFilter.wrapFilter(ObservationFilterChainDecorator.java:240)
	at org.springframework.security.web.ObservationFilterChainDecorator$ObservationFilter.doFilter(ObservationFilterChainDecorator.java:227)
	at org.springframework.security.web.ObservationFilterChainDecorator$VirtualFilterChain.doFilter(ObservationFilterChainDecorator.java:137)
	at de.tum.cit.aet.artemis.core.security.filter.SpaWebFilter.doFilterInternal(SpaWebFilter.java:23)
	at org.springframework.web.filter.OncePerRequestFilter.doFilter(OncePerRequestFilter.java:116)
	at org.springframework.security.web.ObservationFilterChainDecorator$ObservationFilter.wrapFilter(ObservationFilterChainDecorator.java:240)
	at org.springframework.security.web.ObservationFilterChainDecorator$ObservationFilter.doFilter(ObservationFilterChainDecorator.java:227)
	at org.springframework.security.web.ObservationFilterChainDecorator$VirtualFilterChain.doFilter(ObservationFilterChainDecorator.java:137)
	at org.springframework.web.filter.OncePerRequestFilter.doFilter(OncePerRequestFilter.java:110)
	at org.springframework.security.web.ObservationFilterChainDecorator$ObservationFilter.wrapFilter(ObservationFilterChainDecorator.java:240)
	at org.springframework.security.web.ObservationFilterChainDecorator$ObservationFilter.doFilter(ObservationFilterChainDecorator.java:227)
	at org.springframework.security.web.ObservationFilterChainDecorator$VirtualFilterChain.doFilter(ObservationFilterChainDecorator.java:137)
	at de.tum.cit.aet.artemis.lti.config.Lti13LaunchFilter.doFilterInternal(Lti13LaunchFilter.java:60)
	at org.springframework.web.filter.OncePerRequestFilter.doFilter(OncePerRequestFilter.java:116)
	at org.springframework.security.web.ObservationFilterChainDecorator$ObservationFilter.wrapFilter(ObservationFilterChainDecorator.java:240)
	at org.springframework.security.web.ObservationFilterChainDecorator$ObservationFilter.doFilter(ObservationFilterChainDecorator.java:227)
	at org.springframework.security.web.ObservationFilterChainDecorator$VirtualFilterChain.doFilter(ObservationFilterChainDecorator.java:137)
	at de.tum.cit.aet.artemis.core.security.jwt.JWTFilter.doFilter(JWTFilter.java:55)
	at org.springframework.security.web.ObservationFilterChainDecorator$ObservationFilter.wrapFilter(ObservationFilterChainDecorator.java:240)
	at org.springframework.security.web.ObservationFilterChainDecorator$ObservationFilter.doFilter(ObservationFilterChainDecorator.java:227)
	at org.springframework.security.web.ObservationFilterChainDecorator$VirtualFilterChain.doFilter(ObservationFilterChainDecorator.java:137)
	at de.tum.cit.aet.artemis.core.security.jwt.JWTFilter.doFilter(JWTFilter.java:55)
	at org.springframework.security.web.ObservationFilterChainDecorator$ObservationFilter.wrapFilter(ObservationFilterChainDecorator.java:240)
	at org.springframework.security.web.ObservationFilterChainDecorator$ObservationFilter.doFilter(ObservationFilterChainDecorator.java:227)
	at org.springframework.security.web.ObservationFilterChainDecorator$VirtualFilterChain.doFilter(ObservationFilterChainDecorator.java:137)
	at org.springframework.web.filter.CorsFilter.doFilterInternal(CorsFilter.java:91)
	at org.springframework.web.filter.OncePerRequestFilter.doFilter(OncePerRequestFilter.java:116)
	at org.springframework.security.web.ObservationFilterChainDecorator$ObservationFilter.wrapFilter(ObservationFilterChainDecorator.java:240)
	at org.springframework.security.web.ObservationFilterChainDecorator$ObservationFilter.doFilter(ObservationFilterChainDecorator.java:227)
	at org.springframework.security.web.ObservationFilterChainDecorator$VirtualFilterChain.doFilter(ObservationFilterChainDecorator.java:137)
	at org.springframework.web.filter.OncePerRequestFilter.doFilter(OncePerRequestFilter.java:110)
	at org.springframework.security.web.ObservationFilterChainDecorator$ObservationFilter.wrapFilter(ObservationFilterChainDecorator.java:240)
	at org.springframework.security.web.ObservationFilterChainDecorator$ObservationFilter.doFilter(ObservationFilterChainDecorator.java:227)
	at org.springframework.security.web.ObservationFilterChainDecorator$VirtualFilterChain.doFilter(ObservationFilterChainDecorator.java:137)
	at uk.ac.ox.ctl.lti13.security.oauth2.client.lti.web.OAuth2AuthorizationRequestRedirectFilter.doFilterInternal(OAuth2AuthorizationRequestRedirectFilter.java:142)
	at org.springframework.web.filter.OncePerRequestFilter.doFilter(OncePerRequestFilter.java:116)
	at org.springframework.security.web.ObservationFilterChainDecorator$ObservationFilter.wrapFilter(ObservationFilterChainDecorator.java:240)
	at org.springframework.security.web.ObservationFilterChainDecorator$ObservationFilter.doFilter(ObservationFilterChainDecorator.java:227)
	at org.springframework.security.web.ObservationFilterChainDecorator$VirtualFilterChain.doFilter(ObservationFilterChainDecorator.java:137)
	at org.springframework.security.web.authentication.logout.LogoutFilter.doFilter(LogoutFilter.java:107)
	at org.springframework.security.web.authentication.logout.LogoutFilter.doFilter(LogoutFilter.java:93)
	at org.springframework.security.web.ObservationFilterChainDecorator$ObservationFilter.wrapFilter(ObservationFilterChainDecorator.java:240)
	at org.springframework.security.web.ObservationFilterChainDecorator$ObservationFilter.doFilter(ObservationFilterChainDecorator.java:227)
	at org.springframework.security.web.ObservationFilterChainDecorator$VirtualFilterChain.doFilter(ObservationFilterChainDecorator.java:137)
	at org.springframework.security.web.header.HeaderWriterFilter.doHeadersAfter(HeaderWriterFilter.java:90)
	at org.springframework.security.web.header.HeaderWriterFilter.doFilterInternal(HeaderWriterFilter.java:75)
	at org.springframework.web.filter.OncePerRequestFilter.doFilter(OncePerRequestFilter.java:116)
	at org.springframework.security.web.ObservationFilterChainDecorator$ObservationFilter.wrapFilter(ObservationFilterChainDecorator.java:240)
	at org.springframework.security.web.ObservationFilterChainDecorator$ObservationFilter.doFilter(ObservationFilterChainDecorator.java:227)
	at org.springframework.security.web.ObservationFilterChainDecorator$VirtualFilterChain.doFilter(ObservationFilterChainDecorator.java:137)
	at org.springframework.security.web.context.SecurityContextHolderFilter.doFilter(SecurityContextHolderFilter.java:82)
	at org.springframework.security.web.context.SecurityContextHolderFilter.doFilter(SecurityContextHolderFilter.java:69)
	at org.springframework.security.web.ObservationFilterChainDecorator$ObservationFilter.wrapFilter(ObservationFilterChainDecorator.java:240)
	at org.springframework.security.web.ObservationFilterChainDecorator$ObservationFilter.doFilter(ObservationFilterChainDecorator.java:227)
	at org.springframework.security.web.ObservationFilterChainDecorator$VirtualFilterChain.doFilter(ObservationFilterChainDecorator.java:137)
	at org.springframework.security.web.context.request.async.WebAsyncManagerIntegrationFilter.doFilterInternal(WebAsyncManagerIntegrationFilter.java:62)
	at org.springframework.web.filter.OncePerRequestFilter.doFilter(OncePerRequestFilter.java:116)
	at org.springframework.security.web.ObservationFilterChainDecorator$ObservationFilter.wrapFilter(ObservationFilterChainDecorator.java:240)
	at org.springframework.security.web.ObservationFilterChainDecorator$ObservationFilter.doFilter(ObservationFilterChainDecorator.java:227)
	at org.springframework.security.web.ObservationFilterChainDecorator$VirtualFilterChain.doFilter(ObservationFilterChainDecorator.java:137)
	at org.springframework.security.web.session.DisableEncodeUrlFilter.doFilterInternal(DisableEncodeUrlFilter.java:42)
	at org.springframework.web.filter.OncePerRequestFilter.doFilter(OncePerRequestFilter.java:116)
	at org.springframework.security.web.ObservationFilterChainDecorator$ObservationFilter.wrapFilter(ObservationFilterChainDecorator.java:240)
	at org.springframework.security.web.ObservationFilterChainDecorator$AroundFilterObservation$SimpleAroundFilterObservation.lambda$wrap$0(ObservationFilterChainDecorator.java:323)
	at org.springframework.security.web.ObservationFilterChainDecorator$ObservationFilter.doFilter(ObservationFilterChainDecorator.java:224)
	at org.springframework.security.web.ObservationFilterChainDecorator$VirtualFilterChain.doFilter(ObservationFilterChainDecorator.java:137)
	at org.springframework.security.web.FilterChainProxy.doFilterInternal(FilterChainProxy.java:233)
	at org.springframework.security.web.FilterChainProxy.doFilter(FilterChainProxy.java:191)
	at org.springframework.web.filter.CompositeFilter$VirtualFilterChain.doFilter(CompositeFilter.java:113)
	at org.springframework.web.servlet.handler.HandlerMappingIntrospector.lambda$createCacheFilter$3(HandlerMappingIntrospector.java:243)
	at org.springframework.web.filter.CompositeFilter$VirtualFilterChain.doFilter(CompositeFilter.java:113)
	at org.springframework.web.filter.CompositeFilter.doFilter(CompositeFilter.java:74)
	at org.springframework.security.config.annotation.web.configuration.WebMvcSecurityConfiguration$CompositeFilterChainProxy.doFilter(WebMvcSecurityConfiguration.java:238)
	at org.springframework.web.filter.DelegatingFilterProxy.invokeDelegate(DelegatingFilterProxy.java:362)
	at org.springframework.web.filter.DelegatingFilterProxy.doFilter(DelegatingFilterProxy.java:278)
	at org.springframework.test.web.servlet.setup.MockMvcFilterDecorator.doFilter(MockMvcFilterDecorator.java:162)
	at org.springframework.mock.web.MockFilterChain.doFilter(MockFilterChain.java:132)
	at org.springframework.web.filter.RequestContextFilter.doFilterInternal(RequestContextFilter.java:100)
	at org.springframework.web.filter.OncePerRequestFilter.doFilter(OncePerRequestFilter.java:116)
	at org.springframework.test.web.servlet.setup.MockMvcFilterDecorator.doFilter(MockMvcFilterDecorator.java:162)
	at org.springframework.mock.web.MockFilterChain.doFilter(MockFilterChain.java:132)
	at org.springframework.web.filter.FormContentFilter.doFilterInternal(FormContentFilter.java:93)
	at org.springframework.web.filter.OncePerRequestFilter.doFilter(OncePerRequestFilter.java:116)
	at org.springframework.test.web.servlet.setup.MockMvcFilterDecorator.doFilter(MockMvcFilterDecorator.java:162)
	at org.springframework.mock.web.MockFilterChain.doFilter(MockFilterChain.java:132)
	at org.springframework.web.filter.ServerHttpObservationFilter.doFilterInternal(ServerHttpObservationFilter.java:114)
	at org.springframework.web.filter.OncePerRequestFilter.doFilter(OncePerRequestFilter.java:116)
	at org.springframework.test.web.servlet.setup.MockMvcFilterDecorator.doFilter(MockMvcFilterDecorator.java:162)
	at org.springframework.mock.web.MockFilterChain.doFilter(MockFilterChain.java:132)
	at io.sentry.spring.jakarta.tracing.SentryTracingFilter.doFilterInternal(SentryTracingFilter.java:91)
	at org.springframework.web.filter.OncePerRequestFilter.doFilter(OncePerRequestFilter.java:116)
	at org.springframework.test.web.servlet.setup.MockMvcFilterDecorator.doFilter(MockMvcFilterDecorator.java:162)
	at org.springframework.mock.web.MockFilterChain.doFilter(MockFilterChain.java:132)
	at org.springframework.web.filter.CharacterEncodingFilter.doFilterInternal(CharacterEncodingFilter.java:201)
	at org.springframework.web.filter.OncePerRequestFilter.doFilter(OncePerRequestFilter.java:116)
	at org.springframework.test.web.servlet.setup.MockMvcFilterDecorator.doFilter(MockMvcFilterDecorator.java:162)
	at org.springframework.mock.web.MockFilterChain.doFilter(MockFilterChain.java:132)
	at io.sentry.spring.jakarta.SentrySpringFilter.doFilterInternal(SentrySpringFilter.java:76)
	at org.springframework.web.filter.OncePerRequestFilter.doFilter(OncePerRequestFilter.java:116)
	at org.springframework.test.web.servlet.setup.MockMvcFilterDecorator.doFilter(MockMvcFilterDecorator.java:162)
	at org.springframework.mock.web.MockFilterChain.doFilter(MockFilterChain.java:132)
	at org.springframework.test.web.servlet.MockMvc.perform(MockMvc.java:201)
	at de.tum.cit.aet.artemis.core.util.RequestUtilService.performMvcRequest(RequestUtilService.java:79)
	at de.tum.cit.aet.artemis.core.util.RequestUtilService.postWithoutLocation(RequestUtilService.java:213)
	at de.tum.cit.aet.artemis.core.util.RequestUtilService.postWithoutLocation(RequestUtilService.java:199)
	at de.tum.cit.aet.artemis.programming.util.ProgrammingExerciseResultTestService.postResult(ProgrammingExerciseResultTestService.java:232)
	at de.tum.cit.aet.artemis.programming.util.ProgrammingExerciseResultTestService.shouldCorrectlyNotifyStudentsAboutNewResults(ProgrammingExerciseResultTestService.java:422)
	at de.tum.cit.aet.artemis.programming.ProgrammingExerciseResultJenkinsIntegrationTest.shouldCorrectlyNotifyStudentsAboutNewResults(ProgrammingExerciseResultJenkinsIntegrationTest.java:179)
	at java.base/jdk.internal.reflect.DirectMethodHandleAccessor.invoke(DirectMethodHandleAccessor.java:103)
	at java.base/java.lang.reflect.Method.invoke(Method.java:580)
	at org.junit.platform.commons.util.ReflectionUtils.invokeMethod(ReflectionUtils.java:767)
	at org.junit.jupiter.engine.execution.MethodInvocation.proceed(MethodInvocation.java:60)
	at org.junit.jupiter.engine.execution.InvocationInterceptorChain$ValidatingInvocation.proceed(InvocationInterceptorChain.java:131)
	at org.junit.jupiter.engine.extension.TimeoutExtension.intercept(TimeoutExtension.java:156)
	at org.junit.jupiter.engine.extension.TimeoutExtension.interceptTestableMethod(TimeoutExtension.java:147)
	at org.junit.jupiter.engine.extension.TimeoutExtension.interceptTestMethod(TimeoutExtension.java:86)
	at org.junit.jupiter.engine.execution.InterceptingExecutableInvoker$ReflectiveInterceptorCall.lambda$ofVoidMethod$0(InterceptingExecutableInvoker.java:103)
	at org.junit.jupiter.engine.execution.InterceptingExecutableInvoker.lambda$invoke$0(InterceptingExecutableInvoker.java:93)
	at org.junit.jupiter.engine.execution.InvocationInterceptorChain$InterceptedInvocation.proceed(InvocationInterceptorChain.java:106)
	at org.junit.jupiter.engine.execution.InvocationInterceptorChain.proceed(InvocationInterceptorChain.java:64)
	at org.junit.jupiter.engine.execution.InvocationInterceptorChain.chainAndInvoke(InvocationInterceptorChain.java:45)
	at org.junit.jupiter.engine.execution.InvocationInterceptorChain.invoke(InvocationInterceptorChain.java:37)
	at org.junit.jupiter.engine.execution.InterceptingExecutableInvoker.invoke(InterceptingExecutableInvoker.java:92)
	at org.junit.jupiter.engine.execution.InterceptingExecutableInvoker.invoke(InterceptingExecutableInvoker.java:86)
	at org.junit.jupiter.engine.descriptor.TestMethodTestDescriptor.lambda$invokeTestMethod$8(TestMethodTestDescriptor.java:217)
	at org.junit.platform.engine.support.hierarchical.ThrowableCollector.execute(ThrowableCollector.java:73)
	at org.junit.jupiter.engine.descriptor.TestMethodTestDescriptor.invokeTestMethod(TestMethodTestDescriptor.java:213)
	at org.junit.jupiter.engine.descriptor.TestMethodTestDescriptor.execute(TestMethodTestDescriptor.java:138)
	at org.junit.jupiter.engine.descriptor.TestMethodTestDescriptor.execute(TestMethodTestDescriptor.java:68)
	at org.junit.platform.engine.support.hierarchical.NodeTestTask.lambda$executeRecursively$6(NodeTestTask.java:156)
	at org.junit.platform.engine.support.hierarchical.ThrowableCollector.execute(ThrowableCollector.java:73)
	at org.junit.platform.engine.support.hierarchical.NodeTestTask.lambda$executeRecursively$8(NodeTestTask.java:146)
	at org.junit.platform.engine.support.hierarchical.Node.around(Node.java:137)
	at org.junit.platform.engine.support.hierarchical.NodeTestTask.lambda$executeRecursively$9(NodeTestTask.java:144)
	at org.junit.platform.engine.support.hierarchical.ThrowableCollector.execute(ThrowableCollector.java:73)
	at org.junit.platform.engine.support.hierarchical.NodeTestTask.executeRecursively(NodeTestTask.java:143)
	at org.junit.platform.engine.support.hierarchical.NodeTestTask.execute(NodeTestTask.java:100)
	at org.junit.platform.engine.support.hierarchical.ForkJoinPoolHierarchicalTestExecutorService$ExclusiveTask.exec(ForkJoinPoolHierarchicalTestExecutorService.java:274)
	at org.junit.platform.engine.support.hierarchical.ForkJoinPoolHierarchicalTestExecutorService$ExclusiveTask.execSync(ForkJoinPoolHierarchicalTestExecutorService.java:247)
	at org.junit.platform.engine.support.hierarchical.ForkJoinPoolHierarchicalTestExecutorService.executeSync(ForkJoinPoolHierarchicalTestExecutorService.java:194)
	at org.junit.platform.engine.support.hierarchical.ForkJoinPoolHierarchicalTestExecutorService.invokeAll(ForkJoinPoolHierarchicalTestExecutorService.java:166)
	at org.junit.platform.engine.support.hierarchical.NodeTestTask.lambda$executeRecursively$6(NodeTestTask.java:160)
	at org.junit.platform.engine.support.hierarchical.ThrowableCollector.execute(ThrowableCollector.java:73)
	at org.junit.platform.engine.support.hierarchical.NodeTestTask.lambda$executeRecursively$8(NodeTestTask.java:146)
	at org.junit.platform.engine.support.hierarchical.Node.around(Node.java:137)
	at org.junit.platform.engine.support.hierarchical.NodeTestTask.lambda$executeRecursively$9(NodeTestTask.java:144)
	at org.junit.platform.engine.support.hierarchical.ThrowableCollector.execute(ThrowableCollector.java:73)
	at org.junit.platform.engine.support.hierarchical.NodeTestTask.executeRecursively(NodeTestTask.java:143)
	at org.junit.platform.engine.support.hierarchical.NodeTestTask.execute(NodeTestTask.java:100)
	at org.junit.platform.engine.support.hierarchical.ForkJoinPoolHierarchicalTestExecutorService$ExclusiveTask.exec(ForkJoinPoolHierarchicalTestExecutorService.java:274)
	at java.base/java.util.concurrent.ForkJoinTask.doExec(ForkJoinTask.java:387)
	at java.base/java.util.concurrent.ForkJoinPool$WorkQueue.topLevelExec(ForkJoinPool.java:1312)
	at java.base/java.util.concurrent.ForkJoinPool.scan(ForkJoinPool.java:1843)
	at java.base/java.util.concurrent.ForkJoinPool.runWorker(ForkJoinPool.java:1808)
	at java.base/java.util.concurrent.ForkJoinWorkerThread.run(ForkJoinWorkerThread.java:188)
    23:46:50.548 | 456 ool-1-worker-220 | DEBUG | .c.s.m.InstanceMessageReceiveService : Received schedule participant score for exercise 3166 and participant 750 (result to be deleted: null)
    23:46:50.548 | 456 ool-1-worker-220 | DEBUG | .a.s.ParticipantScoreScheduleService : Scheduled task for exercise 3166 and participant 750 at 2025-02-14T23:46:50.648443092Z[Etc/UTC].
    23:46:50.549 | 456 ool-1-worker-220 | DEBUG | .a.a.p.s.ProgrammingMessagingService : Send result to client over websocket. Result: Result{id766, completionDate=2025-02-14T23:46:50.492487400Z, successful=false, score=25.0, rated=true, assessmentType=AUTOMATIC, hasComplaint=null, testCaseCount=1, passedTestCaseCount=1, codeIssueCount=0}, Submission: ProgrammingSubmission{commitHash='abc123', buildFailed=false, buildArtifact=false, type=MANUAL}, Participation: ProgrammingExerciseStudentParticipation{id=3812, repositoryUri='https://version-control.fake.fake/git/SHORTD7F7009204FC804EC2091AA081D529E4E082TSTEXC/shortd7f7009204fc804ec2091aa081d529e4e082tstexc-progexresultjenkstudent1.git', buildPlanId='SHORTD7F7009204FC804EC2091AA081D529E4E082TSTEXC-PROGEXRESULTJENKSTUDENT1', initializationState='INITIALIZED', initializationDate='2025-02-14T23:46:50.484890Z', individualDueDate=null', presentationScore=null}
    23:46:50.552 | 456 ool-1-worker-220 | INFO  | d.t.c.a.a.a.w.o.PublicResultResource : The new result for SHORTD7F7009204FC804EC2091AA081D529E4E082TSTEXC-PROGEXRESULTJENKSTUDENT1 was saved successfully

  Starting logs for ProgrammingExerciseResultJenkinsIntegrationTest > shouldNotNotifyStudentsAboutNewResultsInEndedExamExercise()
    23:46:50.566 | 456 ool-1-worker-220 | DEBUG | d.t.c.a.a.c.u.util.UserUtilService   : Generate 2 students...
    23:46:50.570 | 456 ool-1-worker-220 | DEBUG | d.t.c.a.a.c.u.util.UserUtilService   : 2 students generated. Generate 2 tutors...
    23:46:50.574 | 456 ool-1-worker-220 | DEBUG | d.t.c.a.a.c.u.util.UserUtilService   : 2 tutors generated. Generate 0 editors...
    23:46:50.575 | 456 ool-1-worker-220 | DEBUG | d.t.c.a.a.c.u.util.UserUtilService   : 0 editors generated. Generate 2 instructors...
    23:46:50.579 | 456 ool-1-worker-220 | DEBUG | d.t.c.a.a.c.u.util.UserUtilService   : 2 instructors generated
    23:46:50.581 | 456 ool-1-worker-220 | DEBUG | d.t.c.a.a.c.u.util.UserUtilService   : Removing 6 users from all courses...
    23:46:50.582 | 456 ool-1-worker-220 | DEBUG | d.t.c.a.a.c.u.util.UserUtilService   : Removing 6 users from all courses. Done
    23:46:50.582 | 456 ool-1-worker-220 | DEBUG | d.t.c.a.a.c.u.util.UserUtilService   : Save 6 users to database...
    23:46:50.587 | 456 ool-1-worker-220 | DEBUG | d.t.c.a.a.c.u.util.UserUtilService   : Save 6 users to database. Done
    23:46:50.629 | 456 ool-1-worker-220 | DEBUG | PersonalAccessTokenManagementService : Generate secure vcs access token
    23:46:50.633 | 456 ool-1-worker-220 | DEBUG | PersonalAccessTokenManagementService : Generate secure vcs access token
    23:46:50.635 | 456 ool-1-worker-220 | INFO  | i.z.t.d.l.EmbeddedDatabaseReporter   : JDBC URL to connect to 'dataSource': url='jdbc:h2:tcp://localhost:41063/mem:736625c0-cf5e-400d-aeaa-8a7eabd6262b;USER=sa', scope='ProgrammingExerciseResultJenkinsIntegrationTest#shouldNotNotifyStudentsAboutNewResultsInEndedExamExercise'
    23:46:50.656 | 456 ool-1-worker-220 | DEBUG | PersonalAccessTokenManagementService : Generate secure vcs access token
    23:46:50.714 | 456 ool-1-worker-220 | DEBUG | d.t.c.a.a.c.s.f.ApiVersionFilter     : Adding Version to Request POST /api/public/programming-exercises/new-result
    23:46:50.714 | 456 ool-1-worker-220 | DEBUG | d.t.c.a.a.a.w.o.PublicResultResource : Received result notify (NEW)
    23:46:50.717 | 456 ool-1-worker-220 | INFO  | d.t.c.a.a.a.w.o.PublicResultResource : Artemis received a new result for build plan SHORTBA09DAED05DA50424E0A93207DE606B01785TESTEXFOREXAM-PROGEXRESULTJENKSTUDENT1
    23:46:50.719 | 456 ool-1-worker-220 | DEBUG | .s.ProgrammingExerciseGradingService : Received new build result (NEW) for participation 3822
    23:46:50.723 | 456 ool-1-worker-220 | WARN  | .s.ProgrammingExerciseGradingService : Could not find pending ProgrammingSubmission for Commit Hash abc123 (Participation 3822, Build Plan SHORTBA09DAED05DA50424E0A93207DE606B01785TESTEXFOREXAM-PROGEXRESULTJENKSTUDENT1). Will create a new one subsequently...
    23:46:50.724 | 456 ool-1-worker-220 | ERROR | .s.ProgrammingExerciseGradingService : Could not retrieve push date for participation 3822 and build plan SHORTBA09DAED05DA50424E0A93207DE606B01785TESTEXFOREXAM-PROGEXRESULTJENKSTUDENT1
de.tum.cit.aet.artemis.programming.service.gitlab.GitLabException: Could not find build queue date for participation 3822
	at de.tum.cit.aet.artemis.programming.service.gitlab.GitLabService.getPushDate(GitLabService.java:369)
	at de.tum.cit.aet.artemis.programming.service.gitlab.GitLabService.getPushDate(GitLabService.java:358)
	at de.tum.cit.aet.artemis.programming.service.ProgrammingExerciseGradingService.createAndSaveFallbackSubmission(ProgrammingExerciseGradingService.java:286)
	at de.tum.cit.aet.artemis.programming.service.ProgrammingExerciseGradingService.createAndSaveFallbackSubmission(ProgrammingExerciseGradingService.java:272)
	at de.tum.cit.aet.artemis.programming.service.ProgrammingExerciseGradingService.lambda$processNewProgrammingExerciseResult$0(ProgrammingExerciseGradingService.java:177)
	at java.base/java.util.Optional.orElseGet(Optional.java:364)
	at de.tum.cit.aet.artemis.programming.service.ProgrammingExerciseGradingService.processNewProgrammingExerciseResult(ProgrammingExerciseGradingService.java:177)
	at de.tum.cit.aet.artemis.programming.service.ProgrammingExerciseGradingService.processNewProgrammingExerciseResult(ProgrammingExerciseGradingService.java:156)
	at de.tum.cit.aet.artemis.assessment.web.open.PublicResultResource.processNewProgrammingExerciseResult(PublicResultResource.java:113)
	at java.base/jdk.internal.reflect.DirectMethodHandleAccessor.invoke(DirectMethodHandleAccessor.java:103)
	at java.base/java.lang.reflect.Method.invoke(Method.java:580)
	at org.springframework.aop.support.AopUtils.invokeJoinpointUsingReflection(AopUtils.java:359)
	at org.springframework.aop.framework.ReflectiveMethodInvocation.invokeJoinpoint(ReflectiveMethodInvocation.java:196)
	at org.springframework.aop.framework.ReflectiveMethodInvocation.proceed(ReflectiveMethodInvocation.java:163)
	at org.springframework.security.authorization.method.AuthorizationManagerBeforeMethodInterceptor.proceed(AuthorizationManagerBeforeMethodInterceptor.java:268)
	at org.springframework.security.authorization.method.AuthorizationManagerBeforeMethodInterceptor.attemptAuthorization(AuthorizationManagerBeforeMethodInterceptor.java:263)
	at org.springframework.security.authorization.method.AuthorizationManagerBeforeMethodInterceptor.invoke(AuthorizationManagerBeforeMethodInterceptor.java:196)
	at org.springframework.security.config.annotation.method.configuration.DeferringMethodInterceptor.invoke(DeferringMethodInterceptor.java:44)
	at org.springframework.aop.framework.ReflectiveMethodInvocation.proceed(ReflectiveMethodInvocation.java:184)
	at org.springframework.aop.framework.CglibAopProxy$DynamicAdvisedInterceptor.intercept(CglibAopProxy.java:727)
	at de.tum.cit.aet.artemis.assessment.web.open.PublicResultResource$$SpringCGLIB$$0.processNewProgrammingExerciseResult(<generated>)
	at java.base/jdk.internal.reflect.DirectMethodHandleAccessor.invoke(DirectMethodHandleAccessor.java:103)
	at java.base/java.lang.reflect.Method.invoke(Method.java:580)
	at org.springframework.web.method.support.InvocableHandlerMethod.doInvoke(InvocableHandlerMethod.java:257)
	at org.springframework.web.method.support.InvocableHandlerMethod.invokeForRequest(InvocableHandlerMethod.java:190)
	at org.springframework.web.servlet.mvc.method.annotation.ServletInvocableHandlerMethod.invokeAndHandle(ServletInvocableHandlerMethod.java:118)
	at org.springframework.web.servlet.mvc.method.annotation.RequestMappingHandlerAdapter.invokeHandlerMethod(RequestMappingHandlerAdapter.java:986)
	at org.springframework.web.servlet.mvc.method.annotation.RequestMappingHandlerAdapter.handleInternal(RequestMappingHandlerAdapter.java:891)
	at org.springframework.web.servlet.mvc.method.AbstractHandlerMethodAdapter.handle(AbstractHandlerMethodAdapter.java:87)
	at org.springframework.web.servlet.DispatcherServlet.doDispatch(DispatcherServlet.java:1088)
	at org.springframework.web.servlet.DispatcherServlet.doService(DispatcherServlet.java:978)
	at org.springframework.web.servlet.FrameworkServlet.processRequest(FrameworkServlet.java:1014)
	at org.springframework.web.servlet.FrameworkServlet.doPost(FrameworkServlet.java:914)
	at jakarta.servlet.http.HttpServlet.service(HttpServlet.java:547)
	at org.springframework.web.servlet.FrameworkServlet.service(FrameworkServlet.java:885)
	at org.springframework.test.web.servlet.TestDispatcherServlet.service(TestDispatcherServlet.java:72)
	at jakarta.servlet.http.HttpServlet.service(HttpServlet.java:614)
	at org.springframework.mock.web.MockFilterChain$ServletFilterProxy.doFilter(MockFilterChain.java:165)
	at org.springframework.mock.web.MockFilterChain.doFilter(MockFilterChain.java:132)
	at org.springframework.web.filter.OncePerRequestFilter.doFilter(OncePerRequestFilter.java:110)
	at org.springframework.test.web.servlet.setup.MockMvcFilterDecorator.doFilter(MockMvcFilterDecorator.java:162)
	at org.springframework.mock.web.MockFilterChain.doFilter(MockFilterChain.java:132)
	at de.tum.cit.aet.artemis.core.security.filter.ApiVersionFilter.doFilter(ApiVersionFilter.java:55)
	at org.springframework.test.web.servlet.setup.MockMvcFilterDecorator.doFilter(MockMvcFilterDecorator.java:162)
	at org.springframework.mock.web.MockFilterChain.doFilter(MockFilterChain.java:132)
	at io.sentry.spring.jakarta.SentryUserFilter.doFilterInternal(SentryUserFilter.java:56)
	at org.springframework.web.filter.OncePerRequestFilter.doFilter(OncePerRequestFilter.java:116)
	at org.springframework.test.web.servlet.setup.MockMvcFilterDecorator.doFilter(MockMvcFilterDecorator.java:162)
	at org.springframework.mock.web.MockFilterChain.doFilter(MockFilterChain.java:132)
	at org.springframework.web.filter.CompositeFilter$VirtualFilterChain.doFilter(CompositeFilter.java:108)
	at org.springframework.security.web.FilterChainProxy.lambda$doFilterInternal$3(FilterChainProxy.java:231)
	at org.springframework.security.web.ObservationFilterChainDecorator$FilterObservation$SimpleFilterObservation.lambda$wrap$1(ObservationFilterChainDecorator.java:479)
	at org.springframework.security.web.ObservationFilterChainDecorator$AroundFilterObservation$SimpleAroundFilterObservation.lambda$wrap$1(ObservationFilterChainDecorator.java:340)
	at org.springframework.security.web.ObservationFilterChainDecorator.lambda$wrapSecured$0(ObservationFilterChainDecorator.java:82)
	at org.springframework.security.web.ObservationFilterChainDecorator$VirtualFilterChain.doFilter(ObservationFilterChainDecorator.java:128)
	at org.springframework.security.web.access.intercept.AuthorizationFilter.doFilter(AuthorizationFilter.java:101)
	at org.springframework.security.web.ObservationFilterChainDecorator$ObservationFilter.wrapFilter(ObservationFilterChainDecorator.java:240)
	at org.springframework.security.web.ObservationFilterChainDecorator$ObservationFilter.doFilter(ObservationFilterChainDecorator.java:227)
	at org.springframework.security.web.ObservationFilterChainDecorator$VirtualFilterChain.doFilter(ObservationFilterChainDecorator.java:137)
	at org.springframework.security.web.access.ExceptionTranslationFilter.doFilter(ExceptionTranslationFilter.java:126)
	at org.springframework.security.web.access.ExceptionTranslationFilter.doFilter(ExceptionTranslationFilter.java:120)
	at org.springframework.security.web.ObservationFilterChainDecorator$ObservationFilter.wrapFilter(ObservationFilterChainDecorator.java:240)
	at org.springframework.security.web.ObservationFilterChainDecorator$ObservationFilter.doFilter(ObservationFilterChainDecorator.java:227)
	at org.springframework.security.web.ObservationFilterChainDecorator$VirtualFilterChain.doFilter(ObservationFilterChainDecorator.java:137)
	at org.springframework.security.web.session.SessionManagementFilter.doFilter(SessionManagementFilter.java:131)
	at org.springframework.security.web.session.SessionManagementFilter.doFilter(SessionManagementFilter.java:85)
	at org.springframework.security.web.ObservationFilterChainDecorator$ObservationFilter.wrapFilter(ObservationFilterChainDecorator.java:240)
	at org.springframework.security.web.ObservationFilterChainDecorator$ObservationFilter.doFilter(ObservationFilterChainDecorator.java:227)
	at org.springframework.security.web.ObservationFilterChainDecorator$VirtualFilterChain.doFilter(ObservationFilterChainDecorator.java:137)
	at org.springframework.security.web.authentication.AnonymousAuthenticationFilter.doFilter(AnonymousAuthenticationFilter.java:100)
	at org.springframework.security.web.ObservationFilterChainDecorator$ObservationFilter.wrapFilter(ObservationFilterChainDecorator.java:240)
	at org.springframework.security.web.ObservationFilterChainDecorator$ObservationFilter.doFilter(ObservationFilterChainDecorator.java:227)
	at org.springframework.security.web.ObservationFilterChainDecorator$VirtualFilterChain.doFilter(ObservationFilterChainDecorator.java:137)
	at org.springframework.security.web.servletapi.SecurityContextHolderAwareRequestFilter.doFilter(SecurityContextHolderAwareRequestFilter.java:179)
	at org.springframework.security.web.ObservationFilterChainDecorator$ObservationFilter.wrapFilter(ObservationFilterChainDecorator.java:240)
	at org.springframework.security.web.ObservationFilterChainDecorator$ObservationFilter.doFilter(ObservationFilterChainDecorator.java:227)
	at org.springframework.security.web.ObservationFilterChainDecorator$VirtualFilterChain.doFilter(ObservationFilterChainDecorator.java:137)
	at org.springframework.security.web.savedrequest.RequestCacheAwareFilter.doFilter(RequestCacheAwareFilter.java:63)
	at org.springframework.security.web.ObservationFilterChainDecorator$ObservationFilter.wrapFilter(ObservationFilterChainDecorator.java:240)
	at org.springframework.security.web.ObservationFilterChainDecorator$ObservationFilter.doFilter(ObservationFilterChainDecorator.java:227)
	at org.springframework.security.web.ObservationFilterChainDecorator$VirtualFilterChain.doFilter(ObservationFilterChainDecorator.java:137)
	at de.tum.cit.aet.artemis.core.security.filter.SpaWebFilter.doFilterInternal(SpaWebFilter.java:23)
	at org.springframework.web.filter.OncePerRequestFilter.doFilter(OncePerRequestFilter.java:116)
	at org.springframework.security.web.ObservationFilterChainDecorator$ObservationFilter.wrapFilter(ObservationFilterChainDecorator.java:240)
	at org.springframework.security.web.ObservationFilterChainDecorator$ObservationFilter.doFilter(ObservationFilterChainDecorator.java:227)
	at org.springframework.security.web.ObservationFilterChainDecorator$VirtualFilterChain.doFilter(ObservationFilterChainDecorator.java:137)
	at org.springframework.web.filter.OncePerRequestFilter.doFilter(OncePerRequestFilter.java:110)
	at org.springframework.security.web.ObservationFilterChainDecorator$ObservationFilter.wrapFilter(ObservationFilterChainDecorator.java:240)
	at org.springframework.security.web.ObservationFilterChainDecorator$ObservationFilter.doFilter(ObservationFilterChainDecorator.java:227)
	at org.springframework.security.web.ObservationFilterChainDecorator$VirtualFilterChain.doFilter(ObservationFilterChainDecorator.java:137)
	at de.tum.cit.aet.artemis.lti.config.Lti13LaunchFilter.doFilterInternal(Lti13LaunchFilter.java:60)
	at org.springframework.web.filter.OncePerRequestFilter.doFilter(OncePerRequestFilter.java:116)
	at org.springframework.security.web.ObservationFilterChainDecorator$ObservationFilter.wrapFilter(ObservationFilterChainDecorator.java:240)
	at org.springframework.security.web.ObservationFilterChainDecorator$ObservationFilter.doFilter(ObservationFilterChainDecorator.java:227)
	at org.springframework.security.web.ObservationFilterChainDecorator$VirtualFilterChain.doFilter(ObservationFilterChainDecorator.java:137)
	at de.tum.cit.aet.artemis.core.security.jwt.JWTFilter.doFilter(JWTFilter.java:55)
	at org.springframework.security.web.ObservationFilterChainDecorator$ObservationFilter.wrapFilter(ObservationFilterChainDecorator.java:240)
	at org.springframework.security.web.ObservationFilterChainDecorator$ObservationFilter.doFilter(ObservationFilterChainDecorator.java:227)
	at org.springframework.security.web.ObservationFilterChainDecorator$VirtualFilterChain.doFilter(ObservationFilterChainDecorator.java:137)
	at de.tum.cit.aet.artemis.core.security.jwt.JWTFilter.doFilter(JWTFilter.java:55)
	at org.springframework.security.web.ObservationFilterChainDecorator$ObservationFilter.wrapFilter(ObservationFilterChainDecorator.java:240)
	at org.springframework.security.web.ObservationFilterChainDecorator$ObservationFilter.doFilter(ObservationFilterChainDecorator.java:227)
	at org.springframework.security.web.ObservationFilterChainDecorator$VirtualFilterChain.doFilter(ObservationFilterChainDecorator.java:137)
	at org.springframework.web.filter.CorsFilter.doFilterInternal(CorsFilter.java:91)
	at org.springframework.web.filter.OncePerRequestFilter.doFilter(OncePerRequestFilter.java:116)
	at org.springframework.security.web.ObservationFilterChainDecorator$ObservationFilter.wrapFilter(ObservationFilterChainDecorator.java:240)
	at org.springframework.security.web.ObservationFilterChainDecorator$ObservationFilter.doFilter(ObservationFilterChainDecorator.java:227)
	at org.springframework.security.web.ObservationFilterChainDecorator$VirtualFilterChain.doFilter(ObservationFilterChainDecorator.java:137)
	at org.springframework.web.filter.OncePerRequestFilter.doFilter(OncePerRequestFilter.java:110)
	at org.springframework.security.web.ObservationFilterChainDecorator$ObservationFilter.wrapFilter(ObservationFilterChainDecorator.java:240)
	at org.springframework.security.web.ObservationFilterChainDecorator$ObservationFilter.doFilter(ObservationFilterChainDecorator.java:227)
	at org.springframework.security.web.ObservationFilterChainDecorator$VirtualFilterChain.doFilter(ObservationFilterChainDecorator.java:137)
	at uk.ac.ox.ctl.lti13.security.oauth2.client.lti.web.OAuth2AuthorizationRequestRedirectFilter.doFilterInternal(OAuth2AuthorizationRequestRedirectFilter.java:142)
	at org.springframework.web.filter.OncePerRequestFilter.doFilter(OncePerRequestFilter.java:116)
	at org.springframework.security.web.ObservationFilterChainDecorator$ObservationFilter.wrapFilter(ObservationFilterChainDecorator.java:240)
	at org.springframework.security.web.ObservationFilterChainDecorator$ObservationFilter.doFilter(ObservationFilterChainDecorator.java:227)
	at org.springframework.security.web.ObservationFilterChainDecorator$VirtualFilterChain.doFilter(ObservationFilterChainDecorator.java:137)
	at org.springframework.security.web.authentication.logout.LogoutFilter.doFilter(LogoutFilter.java:107)
	at org.springframework.security.web.authentication.logout.LogoutFilter.doFilter(LogoutFilter.java:93)
	at org.springframework.security.web.ObservationFilterChainDecorator$ObservationFilter.wrapFilter(ObservationFilterChainDecorator.java:240)
	at org.springframework.security.web.ObservationFilterChainDecorator$ObservationFilter.doFilter(ObservationFilterChainDecorator.java:227)
	at org.springframework.security.web.ObservationFilterChainDecorator$VirtualFilterChain.doFilter(ObservationFilterChainDecorator.java:137)
	at org.springframework.security.web.header.HeaderWriterFilter.doHeadersAfter(HeaderWriterFilter.java:90)
	at org.springframework.security.web.header.HeaderWriterFilter.doFilterInternal(HeaderWriterFilter.java:75)
	at org.springframework.web.filter.OncePerRequestFilter.doFilter(OncePerRequestFilter.java:116)
	at org.springframework.security.web.ObservationFilterChainDecorator$ObservationFilter.wrapFilter(ObservationFilterChainDecorator.java:240)
	at org.springframework.security.web.ObservationFilterChainDecorator$ObservationFilter.doFilter(ObservationFilterChainDecorator.java:227)
	at org.springframework.security.web.ObservationFilterChainDecorator$VirtualFilterChain.doFilter(ObservationFilterChainDecorator.java:137)
	at org.springframework.security.web.context.SecurityContextHolderFilter.doFilter(SecurityContextHolderFilter.java:82)
	at org.springframework.security.web.context.SecurityContextHolderFilter.doFilter(SecurityContextHolderFilter.java:69)
	at org.springframework.security.web.ObservationFilterChainDecorator$ObservationFilter.wrapFilter(ObservationFilterChainDecorator.java:240)
	at org.springframework.security.web.ObservationFilterChainDecorator$ObservationFilter.doFilter(ObservationFilterChainDecorator.java:227)
	at org.springframework.security.web.ObservationFilterChainDecorator$VirtualFilterChain.doFilter(ObservationFilterChainDecorator.java:137)
	at org.springframework.security.web.context.request.async.WebAsyncManagerIntegrationFilter.doFilterInternal(WebAsyncManagerIntegrationFilter.java:62)
	at org.springframework.web.filter.OncePerRequestFilter.doFilter(OncePerRequestFilter.java:116)
	at org.springframework.security.web.ObservationFilterChainDecorator$ObservationFilter.wrapFilter(ObservationFilterChainDecorator.java:240)
	at org.springframework.security.web.ObservationFilterChainDecorator$ObservationFilter.doFilter(ObservationFilterChainDecorator.java:227)
	at org.springframework.security.web.ObservationFilterChainDecorator$VirtualFilterChain.doFilter(ObservationFilterChainDecorator.java:137)
	at org.springframework.security.web.session.DisableEncodeUrlFilter.doFilterInternal(DisableEncodeUrlFilter.java:42)
	at org.springframework.web.filter.OncePerRequestFilter.doFilter(OncePerRequestFilter.java:116)
	at org.springframework.security.web.ObservationFilterChainDecorator$ObservationFilter.wrapFilter(ObservationFilterChainDecorator.java:240)
	at org.springframework.security.web.ObservationFilterChainDecorator$AroundFilterObservation$SimpleAroundFilterObservation.lambda$wrap$0(ObservationFilterChainDecorator.java:323)
	at org.springframework.security.web.ObservationFilterChainDecorator$ObservationFilter.doFilter(ObservationFilterChainDecorator.java:224)
	at org.springframework.security.web.ObservationFilterChainDecorator$VirtualFilterChain.doFilter(ObservationFilterChainDecorator.java:137)
	at org.springframework.security.web.FilterChainProxy.doFilterInternal(FilterChainProxy.java:233)
	at org.springframework.security.web.FilterChainProxy.doFilter(FilterChainProxy.java:191)
	at org.springframework.web.filter.CompositeFilter$VirtualFilterChain.doFilter(CompositeFilter.java:113)
	at org.springframework.web.servlet.handler.HandlerMappingIntrospector.lambda$createCacheFilter$3(HandlerMappingIntrospector.java:243)
	at org.springframework.web.filter.CompositeFilter$VirtualFilterChain.doFilter(CompositeFilter.java:113)
	at org.springframework.web.filter.CompositeFilter.doFilter(CompositeFilter.java:74)
	at org.springframework.security.config.annotation.web.configuration.WebMvcSecurityConfiguration$CompositeFilterChainProxy.doFilter(WebMvcSecurityConfiguration.java:238)
	at org.springframework.web.filter.DelegatingFilterProxy.invokeDelegate(DelegatingFilterProxy.java:362)
	at org.springframework.web.filter.DelegatingFilterProxy.doFilter(DelegatingFilterProxy.java:278)
	at org.springframework.test.web.servlet.setup.MockMvcFilterDecorator.doFilter(MockMvcFilterDecorator.java:162)
	at org.springframework.mock.web.MockFilterChain.doFilter(MockFilterChain.java:132)
	at org.springframework.web.filter.RequestContextFilter.doFilterInternal(RequestContextFilter.java:100)
	at org.springframework.web.filter.OncePerRequestFilter.doFilter(OncePerRequestFilter.java:116)
	at org.springframework.test.web.servlet.setup.MockMvcFilterDecorator.doFilter(MockMvcFilterDecorator.java:162)
	at org.springframework.mock.web.MockFilterChain.doFilter(MockFilterChain.java:132)
	at org.springframework.web.filter.FormContentFilter.doFilterInternal(FormContentFilter.java:93)
	at org.springframework.web.filter.OncePerRequestFilter.doFilter(OncePerRequestFilter.java:116)
	at org.springframework.test.web.servlet.setup.MockMvcFilterDecorator.doFilter(MockMvcFilterDecorator.java:162)
	at org.springframework.mock.web.MockFilterChain.doFilter(MockFilterChain.java:132)
	at org.springframework.web.filter.ServerHttpObservationFilter.doFilterInternal(ServerHttpObservationFilter.java:114)
	at org.springframework.web.filter.OncePerRequestFilter.doFilter(OncePerRequestFilter.java:116)
	at org.springframework.test.web.servlet.setup.MockMvcFilterDecorator.doFilter(MockMvcFilterDecorator.java:162)
	at org.springframework.mock.web.MockFilterChain.doFilter(MockFilterChain.java:132)
	at io.sentry.spring.jakarta.tracing.SentryTracingFilter.doFilterInternal(SentryTracingFilter.java:91)
	at org.springframework.web.filter.OncePerRequestFilter.doFilter(OncePerRequestFilter.java:116)
	at org.springframework.test.web.servlet.setup.MockMvcFilterDecorator.doFilter(MockMvcFilterDecorator.java:162)
	at org.springframework.mock.web.MockFilterChain.doFilter(MockFilterChain.java:132)
	at org.springframework.web.filter.CharacterEncodingFilter.doFilterInternal(CharacterEncodingFilter.java:201)
	at org.springframework.web.filter.OncePerRequestFilter.doFilter(OncePerRequestFilter.java:116)
	at org.springframework.test.web.servlet.setup.MockMvcFilterDecorator.doFilter(MockMvcFilterDecorator.java:162)
	at org.springframework.mock.web.MockFilterChain.doFilter(MockFilterChain.java:132)
	at io.sentry.spring.jakarta.SentrySpringFilter.doFilterInternal(SentrySpringFilter.java:76)
	at org.springframework.web.filter.OncePerRequestFilter.doFilter(OncePerRequestFilter.java:116)
	at org.springframework.test.web.servlet.setup.MockMvcFilterDecorator.doFilter(MockMvcFilterDecorator.java:162)
	at org.springframework.mock.web.MockFilterChain.doFilter(MockFilterChain.java:132)
	at org.springframework.test.web.servlet.MockMvc.perform(MockMvc.java:201)
	at de.tum.cit.aet.artemis.core.util.RequestUtilService.performMvcRequest(RequestUtilService.java:79)
	at de.tum.cit.aet.artemis.core.util.RequestUtilService.postWithoutLocation(RequestUtilService.java:213)
	at de.tum.cit.aet.artemis.core.util.RequestUtilService.postWithoutLocation(RequestUtilService.java:199)
	at de.tum.cit.aet.artemis.programming.util.ProgrammingExerciseResultTestService.postResult(ProgrammingExerciseResultTestService.java:232)
	at de.tum.cit.aet.artemis.programming.util.ProgrammingExerciseResultTestService.shouldNotNotifyStudentsAboutNewResults(ProgrammingExerciseResultTestService.java:445)
	at de.tum.cit.aet.artemis.programming.ProgrammingExerciseResultJenkinsIntegrationTest.shouldNotNotifyStudentsAboutNewResultsInEndedExamExercise(ProgrammingExerciseResultJenkinsIntegrationTest.java:205)
	at java.base/jdk.internal.reflect.DirectMethodHandleAccessor.invoke(DirectMethodHandleAccessor.java:103)
	at java.base/java.lang.reflect.Method.invoke(Method.java:580)
	at org.junit.platform.commons.util.ReflectionUtils.invokeMethod(ReflectionUtils.java:767)
	at org.junit.jupiter.engine.execution.MethodInvocation.proceed(MethodInvocation.java:60)
	at org.junit.jupiter.engine.execution.InvocationInterceptorChain$ValidatingInvocation.proceed(InvocationInterceptorChain.java:131)
	at org.junit.jupiter.engine.extension.TimeoutExtension.intercept(TimeoutExtension.java:156)
	at org.junit.jupiter.engine.extension.TimeoutExtension.interceptTestableMethod(TimeoutExtension.java:147)
	at org.junit.jupiter.engine.extension.TimeoutExtension.interceptTestMethod(TimeoutExtension.java:86)
	at org.junit.jupiter.engine.execution.InterceptingExecutableInvoker$ReflectiveInterceptorCall.lambda$ofVoidMethod$0(InterceptingExecutableInvoker.java:103)
	at org.junit.jupiter.engine.execution.InterceptingExecutableInvoker.lambda$invoke$0(InterceptingExecutableInvoker.java:93)
	at org.junit.jupiter.engine.execution.InvocationInterceptorChain$InterceptedInvocation.proceed(InvocationInterceptorChain.java:106)
	at org.junit.jupiter.engine.execution.InvocationInterceptorChain.proceed(InvocationInterceptorChain.java:64)
	at org.junit.jupiter.engine.execution.InvocationInterceptorChain.chainAndInvoke(InvocationInterceptorChain.java:45)
	at org.junit.jupiter.engine.execution.InvocationInterceptorChain.invoke(InvocationInterceptorChain.java:37)
	at org.junit.jupiter.engine.execution.InterceptingExecutableInvoker.invoke(InterceptingExecutableInvoker.java:92)
	at org.junit.jupiter.engine.execution.InterceptingExecutableInvoker.invoke(InterceptingExecutableInvoker.java:86)
	at org.junit.jupiter.engine.descriptor.TestMethodTestDescriptor.lambda$invokeTestMethod$8(TestMethodTestDescriptor.java:217)
	at org.junit.platform.engine.support.hierarchical.ThrowableCollector.execute(ThrowableCollector.java:73)
	at org.junit.jupiter.engine.descriptor.TestMethodTestDescriptor.invokeTestMethod(TestMethodTestDescriptor.java:213)
	at org.junit.jupiter.engine.descriptor.TestMethodTestDescriptor.execute(TestMethodTestDescriptor.java:138)
	at org.junit.jupiter.engine.descriptor.TestMethodTestDescriptor.execute(TestMethodTestDescriptor.java:68)
	at org.junit.platform.engine.support.hierarchical.NodeTestTask.lambda$executeRecursively$6(NodeTestTask.java:156)
	at org.junit.platform.engine.support.hierarchical.ThrowableCollector.execute(ThrowableCollector.java:73)
	at org.junit.platform.engine.support.hierarchical.NodeTestTask.lambda$executeRecursively$8(NodeTestTask.java:146)
	at org.junit.platform.engine.support.hierarchical.Node.around(Node.java:137)
	at org.junit.platform.engine.support.hierarchical.NodeTestTask.lambda$executeRecursively$9(NodeTestTask.java:144)
	at org.junit.platform.engine.support.hierarchical.ThrowableCollector.execute(ThrowableCollector.java:73)
	at org.junit.platform.engine.support.hierarchical.NodeTestTask.executeRecursively(NodeTestTask.java:143)
	at org.junit.platform.engine.support.hierarchical.NodeTestTask.execute(NodeTestTask.java:100)
	at org.junit.platform.engine.support.hierarchical.ForkJoinPoolHierarchicalTestExecutorService$ExclusiveTask.exec(ForkJoinPoolHierarchicalTestExecutorService.java:274)
	at org.junit.platform.engine.support.hierarchical.ForkJoinPoolHierarchicalTestExecutorService$ExclusiveTask.execSync(ForkJoinPoolHierarchicalTestExecutorService.java:247)
	at org.junit.platform.engine.support.hierarchical.ForkJoinPoolHierarchicalTestExecutorService.executeSync(ForkJoinPoolHierarchicalTestExecutorService.java:194)
	at org.junit.platform.engine.support.hierarchical.ForkJoinPoolHierarchicalTestExecutorService.invokeAll(ForkJoinPoolHierarchicalTestExecutorService.java:166)
	at org.junit.platform.engine.support.hierarchical.NodeTestTask.lambda$executeRecursively$6(NodeTestTask.java:160)
	at org.junit.platform.engine.support.hierarchical.ThrowableCollector.execute(ThrowableCollector.java:73)
	at org.junit.platform.engine.support.hierarchical.NodeTestTask.lambda$executeRecursively$8(NodeTestTask.java:146)
	at org.junit.platform.engine.support.hierarchical.Node.around(Node.java:137)
	at org.junit.platform.engine.support.hierarchical.NodeTestTask.lambda$executeRecursively$9(NodeTestTask.java:144)
	at org.junit.platform.engine.support.hierarchical.ThrowableCollector.execute(ThrowableCollector.java:73)
	at org.junit.platform.engine.support.hierarchical.NodeTestTask.executeRecursively(NodeTestTask.java:143)
	at org.junit.platform.engine.support.hierarchical.NodeTestTask.execute(NodeTestTask.java:100)
	at org.junit.platform.engine.support.hierarchical.ForkJoinPoolHierarchicalTestExecutorService$ExclusiveTask.exec(ForkJoinPoolHierarchicalTestExecutorService.java:274)
	at java.base/java.util.concurrent.ForkJoinTask.doExec(ForkJoinTask.java:387)
	at java.base/java.util.concurrent.ForkJoinPool$WorkQueue.topLevelExec(ForkJoinPool.java:1312)
	at java.base/java.util.concurrent.ForkJoinPool.scan(ForkJoinPool.java:1843)
	at java.base/java.util.concurrent.ForkJoinPool.runWorker(ForkJoinPool.java:1808)
	at java.base/java.util.concurrent.ForkJoinWorkerThread.run(ForkJoinWorkerThread.java:188)
    23:46:50.753 | 456 ool-1-worker-220 | DEBUG | .c.s.m.InstanceMessageReceiveService : Received schedule participant score for exercise 3170 and participant 750 (result to be deleted: null)
    23:46:50.753 | 456 ool-1-worker-220 | DEBUG | .a.s.ParticipantScoreScheduleService : Scheduled task for exercise 3170 and participant 750 at 2025-02-14T23:46:50.853887103Z[Etc/UTC].
    23:46:50.754 | 456 ool-1-worker-220 | DEBUG | .a.a.p.s.ProgrammingMessagingService : Send result to client over websocket. Result: Result{id767, completionDate=2025-02-14T23:46:50.657418500Z, successful=false, score=25.0, rated=true, assessmentType=AUTOMATIC, hasComplaint=null, testCaseCount=2, passedTestCaseCount=1, codeIssueCount=0}, Submission: ProgrammingSubmission{commitHash='abc123', buildFailed=false, buildArtifact=false, type=MANUAL}, Participation: ProgrammingExerciseStudentParticipation{id=3822, repositoryUri='https://version-control.fake.fake/git/SHORTBA09DAED05DA50424E0A93207DE606B01785TESTEXFOREXAM/shortba09daed05da50424e0a93207de606b01785testexforexam-progexresultjenkstudent1.git', buildPlanId='SHORTBA09DAED05DA50424E0A93207DE606B01785TESTEXFOREXAM-PROGEXRESULTJENKSTUDENT1', initializationState='INITIALIZED', initializationDate='2025-02-14T23:46:50.655050Z', individualDueDate=null', presentationScore=null}
    23:46:50.755 | 456 ool-1-worker-220 | INFO  | d.t.c.a.a.a.w.o.PublicResultResource : The new result for SHORTBA09DAED05DA50424E0A93207DE606B01785TESTEXFOREXAM-PROGEXRESULTJENKSTUDENT1 was saved successfully
    23:46:50.853 | 328 taskScheduler-3  | DEBUG | .a.s.ParticipantScoreScheduleService : Processing exercise 3170 and participant 750 to update participant scores.
    23:46:50.858 | 328 taskScheduler-3  | DEBUG | .a.s.ParticipantScoreScheduleService : Updated participant score 397.
    23:46:50.859 | 328 taskScheduler-3  | DEBUG | .a.s.ParticipantScoreScheduleService : Updating the participant score for exercise 3170 and participant 750 took 6 ms.

Finished logs for ProgrammingExerciseResultJenkinsIntegrationTest
]]></system-out>
  <system-err><![CDATA[]]></system-err>
</testsuite>
