<?xml version="1.0" encoding="UTF-8"?>
<testsuite name="de.tum.cit.aet.artemis.text.TextAssessmentIntegrationTest" tests="62" skipped="0" failures="0" errors="0" timestamp="2025-02-14T23:48:12" hostname="fv-az1721-502" time="9.845">
  <properties/>
  <testcase name="testOverrideAssessment_saveSameTutorAfterAssessmentDueDatePossible()" classname="de.tum.cit.aet.artemis.text.TextAssessmentIntegrationTest" time="0.161"/>
  <testcase name="getResult_studentHidden()" classname="de.tum.cit.aet.artemis.text.TextAssessmentIntegrationTest" time="0.18"/>
  <testcase name="getDataForTextEditor_secondCorrection_oneResult()" classname="de.tum.cit.aet.artemis.text.TextAssessmentIntegrationTest" time="0.213"/>
  <testcase name="updateTextAssessmentAfterComplaint_wrongParticipationId()" classname="de.tum.cit.aet.artemis.text.TextAssessmentIntegrationTest" time="0.121"/>
  <testcase name="multipleCorrectionRoundsForExam(AssessmentType) [1] assessmentType=SEMI_AUTOMATIC" classname="de.tum.cit.aet.artemis.text.TextAssessmentIntegrationTest" time="0.28"/>
  <testcase name="multipleCorrectionRoundsForExam(AssessmentType) [2] assessmentType=MANUAL" classname="de.tum.cit.aet.artemis.text.TextAssessmentIntegrationTest" time="0.236"/>
  <testcase name="testOverrideAssessment_submitSameTutorPossible()" classname="de.tum.cit.aet.artemis.text.TextAssessmentIntegrationTest" time="0.133"/>
  <testcase name="testOverrideAssessment_submitSameTutorAfterAssessmentDueDatePossible()" classname="de.tum.cit.aet.artemis.text.TextAssessmentIntegrationTest" time="0.226"/>
  <testcase name="testSubmitAssessment_IncludedAsBonusExercise()" classname="de.tum.cit.aet.artemis.text.TextAssessmentIntegrationTest" time="0.279"/>
  <testcase name="testSubmitAssessment_IncludedCompletelyWithoutBonusPointsExercise()" classname="de.tum.cit.aet.artemis.text.TextAssessmentIntegrationTest" time="0.307"/>
  <testcase name="getTextSubmissionWithResultIdAsTutor_badRequest()" classname="de.tum.cit.aet.artemis.text.TextAssessmentIntegrationTest" time="0.098"/>
  <testcase name="cancelAssessmentOfOtherTutorAsTutor()" classname="de.tum.cit.aet.artemis.text.TextAssessmentIntegrationTest" time="0.125"/>
  <testcase name="getTextSubmissionWithResultId()" classname="de.tum.cit.aet.artemis.text.TextAssessmentIntegrationTest" time="0.098"/>
  <testcase name="testConsecutiveSaveFailsAfterAddingOrRemovingReferencedFeedback()" classname="de.tum.cit.aet.artemis.text.TextAssessmentIntegrationTest" time="0.322"/>
  <testcase name="retrieveParticipationForSubmission_studentHidden()" classname="de.tum.cit.aet.artemis.text.TextAssessmentIntegrationTest" time="0.084"/>
  <testcase name="testSubmitAssessment_withResultOver100Percent()" classname="de.tum.cit.aet.artemis.text.TextAssessmentIntegrationTest" time="0.167"/>
  <testcase name="getDataForTextEditor_beforeAssessmentDueDate_noResult()" classname="de.tum.cit.aet.artemis.text.TextAssessmentIntegrationTest" time="0.12"/>
  <testcase name="testTextBlocksAreConsistentWhenOpeningSameAssessmentTwiceWithAthenaEnabled()" classname="de.tum.cit.aet.artemis.text.TextAssessmentIntegrationTest" time="0.219"/>
  <testcase name="getDataForTextEditor_testExam()" classname="de.tum.cit.aet.artemis.text.TextAssessmentIntegrationTest" time="0.069"/>
  <testcase name="testOverrideAssessment_submitOtherTutorForbidden()" classname="de.tum.cit.aet.artemis.text.TextAssessmentIntegrationTest" time="0.16"/>
  <testcase name="getDataForTextEditor_hasTextBlocks()" classname="de.tum.cit.aet.artemis.text.TextAssessmentIntegrationTest" time="0.184"/>
  <testcase name="retrieveParticipationForLockedSubmission()" classname="de.tum.cit.aet.artemis.text.TextAssessmentIntegrationTest" time="0.124"/>
  <testcase name="getDataForTextEditor_beforeAssessmentDueDate_athenaResults()" classname="de.tum.cit.aet.artemis.text.TextAssessmentIntegrationTest" time="0.133"/>
  <testcase name="testPrepareSubmissionForAssessment()" classname="de.tum.cit.aet.artemis.text.TextAssessmentIntegrationTest" time="0.073"/>
  <testcase name="testSubmitAssessment_IncludedCompletelyWithBonusPointsExercise()" classname="de.tum.cit.aet.artemis.text.TextAssessmentIntegrationTest" time="0.393"/>
  <testcase name="testOverrideAssessment_saveSameTutorAfterAssessmentDueDateForbidden()" classname="de.tum.cit.aet.artemis.text.TextAssessmentIntegrationTest" time="0.136"/>
  <testcase name="testSubmitAssessment_NotIncludedExercise()" classname="de.tum.cit.aet.artemis.text.TextAssessmentIntegrationTest" time="0.29"/>
  <testcase name="testOverrideAssessment_saveInstructorAfterAssessmentDueDatePossible()" classname="de.tum.cit.aet.artemis.text.TextAssessmentIntegrationTest" time="0.105"/>
  <testcase name="testdeleteResult()" classname="de.tum.cit.aet.artemis.text.TextAssessmentIntegrationTest" time="0.105"/>
  <testcase name="testOverrideAssessment_submitOtherTutorAfterAssessmentDueDateForbidden()" classname="de.tum.cit.aet.artemis.text.TextAssessmentIntegrationTest" time="0.147"/>
  <testcase name="testFeedbackIdIsSetCorrectly()" classname="de.tum.cit.aet.artemis.text.TextAssessmentIntegrationTest" time="0.148"/>
  <testcase name="getDataForTextEditor_assessorHidden()" classname="de.tum.cit.aet.artemis.text.TextAssessmentIntegrationTest" time="0.113"/>
  <testcase name="cancelAssessmentOfOtherTutorAsInstructor()" classname="de.tum.cit.aet.artemis.text.TextAssessmentIntegrationTest" time="0.125"/>
  <testcase name="getDataForTextEditor_studentHidden()" classname="de.tum.cit.aet.artemis.text.TextAssessmentIntegrationTest" time="0.114"/>
  <testcase name="testDeleteTextExampleAssessment_wrongExerciseId()" classname="de.tum.cit.aet.artemis.text.TextAssessmentIntegrationTest" time="0.122"/>
  <testcase name="testOverrideAssessment_saveOtherTutorForbidden()" classname="de.tum.cit.aet.artemis.text.TextAssessmentIntegrationTest" time="0.145"/>
  <testcase name="getExampleResultForTutor_wrongExerciseId()" classname="de.tum.cit.aet.artemis.text.TextAssessmentIntegrationTest" time="0.132"/>
  <testcase name="updateTextAssessmentAfterComplaint_studentHidden()" classname="de.tum.cit.aet.artemis.text.TextAssessmentIntegrationTest" time="0.145"/>
  <testcase name="saveOrSubmitTextAssessment_studentHidden(boolean) [1] submit=true" classname="de.tum.cit.aet.artemis.text.TextAssessmentIntegrationTest" time="0.121"/>
  <testcase name="saveOrSubmitTextAssessment_studentHidden(boolean) [2] submit=false" classname="de.tum.cit.aet.artemis.text.TextAssessmentIntegrationTest" time="0.121"/>
  <testcase name="cancelAssessment_wrongSubmissionId()" classname="de.tum.cit.aet.artemis.text.TextAssessmentIntegrationTest" time="0.06"/>
  <testcase name="getDataForTextEditor_asOtherStudent()" classname="de.tum.cit.aet.artemis.text.TextAssessmentIntegrationTest" time="0.126"/>
  <testcase name="testOverrideAssessment_submitSameTutorAfterAssessmentDueDateForbidden()" classname="de.tum.cit.aet.artemis.text.TextAssessmentIntegrationTest" time="0.159"/>
  <testcase name="saveOrSubmitTextAssessment_wrongParticipationId(boolean) [1] submit=true" classname="de.tum.cit.aet.artemis.text.TextAssessmentIntegrationTest" time="0.141"/>
  <testcase name="saveOrSubmitTextAssessment_wrongParticipationId(boolean) [2] submit=false" classname="de.tum.cit.aet.artemis.text.TextAssessmentIntegrationTest" time="0.116"/>
  <testcase name="testDeleteTextExampleAssessment()" classname="de.tum.cit.aet.artemis.text.TextAssessmentIntegrationTest" time="0.137"/>
  <testcase name="getDataForTextEditor_BeforeExamPublishDate_Forbidden()" classname="de.tum.cit.aet.artemis.text.TextAssessmentIntegrationTest" time="0.131"/>
  <testcase name="testOverrideAssessment_submitInstructorAfterAssessmentDueDatePossible()" classname="de.tum.cit.aet.artemis.text.TextAssessmentIntegrationTest" time="0.163"/>
  <testcase name="testOverrideAssessment_saveOtherTutorAfterAssessmentDueDateForbidden()" classname="de.tum.cit.aet.artemis.text.TextAssessmentIntegrationTest" time="0.145"/>
  <testcase name="getDataForTextEditor_submissionWithoutResult()" classname="de.tum.cit.aet.artemis.text.TextAssessmentIntegrationTest" time="0.057"/>
  <testcase name="getExampleResultForTutorAsStudent()" classname="de.tum.cit.aet.artemis.text.TextAssessmentIntegrationTest" time="0.12"/>
  <testcase name="testOverrideAssessment_submitInstructorPossible()" classname="de.tum.cit.aet.artemis.text.TextAssessmentIntegrationTest" time="0.157"/>
  <testcase name="cancelOwnAssessmentAsTutor()" classname="de.tum.cit.aet.artemis.text.TextAssessmentIntegrationTest" time="0.263"/>
  <testcase name="testOverrideAssessment_saveSameTutorPossible()" classname="de.tum.cit.aet.artemis.text.TextAssessmentIntegrationTest" time="0.24"/>
  <testcase name="getExampleResultForTutorAsTutor()" classname="de.tum.cit.aet.artemis.text.TextAssessmentIntegrationTest" time="0.151"/>
  <testcase name="getParticipationForNonTextExercise()" classname="de.tum.cit.aet.artemis.text.TextAssessmentIntegrationTest" time="0.127"/>
  <testcase name="retrieveParticipationForNonExistingSubmission()" classname="de.tum.cit.aet.artemis.text.TextAssessmentIntegrationTest" time="0.057"/>
  <testcase name="updateTextAssessmentAfterComplaint_withTextBlocks()" classname="de.tum.cit.aet.artemis.text.TextAssessmentIntegrationTest" time="0.253"/>
  <testcase name="testOverrideAssessment_saveInstructorPossible()" classname="de.tum.cit.aet.artemis.text.TextAssessmentIntegrationTest" time="0.164"/>
  <testcase name="getExampleResultForNonExampleSubmissionAsTutor()" classname="de.tum.cit.aet.artemis.text.TextAssessmentIntegrationTest" time="0.126"/>
  <testcase name="getDataForTextEditorForNonTextExercise_badRequest()" classname="de.tum.cit.aet.artemis.text.TextAssessmentIntegrationTest" time="0.114"/>
  <testcase name="cancelOwnAssessmentAsStudent()" classname="de.tum.cit.aet.artemis.text.TextAssessmentIntegrationTest" time="0.145"/>
  <system-out><![CDATA[
Starting logs for TextAssessmentIntegrationTest

  Starting logs for TextAssessmentIntegrationTest > testOverrideAssessment_saveSameTutorAfterAssessmentDueDatePossible()
    23:48:12.853 | 330 Pool-1-worker-94 | DEBUG | d.t.c.a.a.c.u.util.UserUtilService   : Generate 2 students...
    23:48:12.856 | 330 Pool-1-worker-94 | DEBUG | d.t.c.a.a.c.u.util.UserUtilService   : 2 students generated. Generate 3 tutors...
    23:48:12.859 | 330 Pool-1-worker-94 | DEBUG | d.t.c.a.a.c.u.util.UserUtilService   : 3 tutors generated. Generate 0 editors...
    23:48:12.860 | 330 Pool-1-worker-94 | DEBUG | d.t.c.a.a.c.u.util.UserUtilService   : 0 editors generated. Generate 1 instructors...
    23:48:12.862 | 330 Pool-1-worker-94 | DEBUG | d.t.c.a.a.c.u.util.UserUtilService   : 1 instructors generated
    23:48:12.864 | 330 Pool-1-worker-94 | DEBUG | d.t.c.a.a.c.u.util.UserUtilService   : Removing 3 users from all courses...
    23:48:12.865 | 330 Pool-1-worker-94 | DEBUG | d.t.c.a.a.c.u.util.UserUtilService   : Removing 3 users from all courses. Done
    23:48:12.865 | 330 Pool-1-worker-94 | DEBUG | d.t.c.a.a.c.u.util.UserUtilService   : Save 6 users to database...
    23:48:12.867 | 330 Pool-1-worker-94 | DEBUG | d.t.c.a.a.c.u.util.UserUtilService   : Save 6 users to database. Done
    23:48:12.878 | 330 Pool-1-worker-94 | INFO  | i.z.t.d.l.EmbeddedDatabaseReporter   : JDBC URL to connect to 'dataSource': url='jdbc:h2:tcp://localhost:41063/mem:df70fc46-7e57-4cb5-9cd0-c1d90c14afa7;USER=sa', scope='TextAssessmentIntegrationTest#testOverrideAssessment_saveSameTutorAfterAssessmentDueDatePossible'
    23:48:12.907 | 330 Pool-1-worker-94 | DEBUG | .c.s.m.InstanceMessageReceiveService : Received schedule participant score for exercise 3770 and participant 734 (result to be deleted: null)
    23:48:12.908 | 330 Pool-1-worker-94 | DEBUG | .a.s.ParticipantScoreScheduleService : Scheduled task for exercise 3770 and participant 734 at 2025-02-14T23:48:13.007988735Z[Etc/UTC].
    23:48:12.918 | 330 Pool-1-worker-94 | DEBUG | .c.s.m.InstanceMessageReceiveService : Received schedule participant score for exercise 3770 and participant 734 (result to be deleted: null)
    23:48:12.918 | 330 Pool-1-worker-94 | DEBUG | .a.s.ParticipantScoreScheduleService : Scheduled task for exercise 3770 and participant 734 at 2025-02-14T23:48:13.018870089Z[Etc/UTC].
    23:48:12.948 | 330 Pool-1-worker-94 | DEBUG | .c.s.m.InstanceMessageReceiveService : Received schedule participant score for exercise 3770 and participant 734 (result to be deleted: null)
    23:48:12.948 | 330 Pool-1-worker-94 | DEBUG | .a.s.ParticipantScoreScheduleService : Scheduled task for exercise 3770 and participant 734 at 2025-02-14T23:48:13.048494900Z[Etc/UTC].
    23:48:12.959 | 330 Pool-1-worker-94 | DEBUG | .c.s.m.InstanceMessageReceiveService : Received schedule participant score for exercise 3770 and participant 734 (result to be deleted: null)
    23:48:12.959 | 330 Pool-1-worker-94 | DEBUG | .a.s.ParticipantScoreScheduleService : Scheduled task for exercise 3770 and participant 734 at 2025-02-14T23:48:13.059232145Z[Etc/UTC].
    23:48:12.960 | 330 Pool-1-worker-94 | DEBUG | d.t.c.a.a.c.s.f.ApiVersionFilter     : Adding Version to Request PUT /api/participations/3341/results/1680/text-assessment
    23:48:12.993 | 330 Pool-1-worker-94 | DEBUG | .c.s.m.InstanceMessageReceiveService : Received schedule participant score for exercise 3770 and participant 734 (result to be deleted: null)
    23:48:12.993 | 330 Pool-1-worker-94 | DEBUG | .a.s.ParticipantScoreScheduleService : Scheduled task for exercise 3770 and participant 734 at 2025-02-14T23:48:13.093377245Z[Etc/UTC].

  Starting logs for TextAssessmentIntegrationTest > getResult_studentHidden()
    23:48:13.015 | 330 Pool-1-worker-94 | DEBUG | d.t.c.a.a.c.u.util.UserUtilService   : Generate 2 students...
    23:48:13.020 | 330 Pool-1-worker-94 | DEBUG | d.t.c.a.a.c.u.util.UserUtilService   : 2 students generated. Generate 3 tutors...
    23:48:13.025 | 330 Pool-1-worker-94 | DEBUG | d.t.c.a.a.c.u.util.UserUtilService   : 3 tutors generated. Generate 0 editors...
    23:48:13.026 | 330 Pool-1-worker-94 | DEBUG | d.t.c.a.a.c.u.util.UserUtilService   : 0 editors generated. Generate 1 instructors...
    23:48:13.033 | 330 Pool-1-worker-94 | DEBUG | d.t.c.a.a.c.u.util.UserUtilService   : 1 instructors generated
    23:48:13.038 | 330 Pool-1-worker-94 | DEBUG | d.t.c.a.a.c.u.util.UserUtilService   : Removing 6 users from all courses...
    23:48:13.040 | 330 Pool-1-worker-94 | DEBUG | d.t.c.a.a.c.u.util.UserUtilService   : Removing 6 users from all courses. Done
    23:48:13.040 | 330 Pool-1-worker-94 | DEBUG | d.t.c.a.a.c.u.util.UserUtilService   : Save 6 users to database...
    23:48:13.053 | 330 Pool-1-worker-94 | DEBUG | d.t.c.a.a.c.u.util.UserUtilService   : Save 6 users to database. Done
    23:48:13.074 | 330 Pool-1-worker-94 | INFO  | i.z.t.d.l.EmbeddedDatabaseReporter   : JDBC URL to connect to 'dataSource': url='jdbc:h2:tcp://localhost:41063/mem:df70fc46-7e57-4cb5-9cd0-c1d90c14afa7;USER=sa', scope='TextAssessmentIntegrationTest#getResult_studentHidden'
    23:48:13.125 | 330 Pool-1-worker-94 | DEBUG | d.t.c.a.a.c.s.f.ApiVersionFilter     : Adding Version to Request GET /api/exercises/3772/text-submission-without-assessment
    23:48:13.126 | 330 Pool-1-worker-94 | DEBUG | d.t.c.a.a.t.w.TextSubmissionResource : REST request to get a text submission without assessment
    23:48:13.143 | 330 Pool-1-worker-94 | DEBUG | .c.s.m.InstanceMessageReceiveService : Received schedule participant score for exercise 3772 and participant 735 (result to be deleted: null)
    23:48:13.143 | 330 Pool-1-worker-94 | DEBUG | .a.s.ParticipantScoreScheduleService : Scheduled task for exercise 3772 and participant 735 at 2025-02-14T23:48:13.243163238Z[Etc/UTC].
    23:48:13.154 | 330 Pool-1-worker-94 | DEBUG | .c.s.m.InstanceMessageReceiveService : Received schedule participant score for exercise 3772 and participant 735 (result to be deleted: null)
    23:48:13.154 | 330 Pool-1-worker-94 | DEBUG | .a.s.ParticipantScoreScheduleService : Scheduled task for exercise 3772 and participant 735 at 2025-02-14T23:48:13.254871875Z[Etc/UTC].
    23:48:13.168 | 330 Pool-1-worker-94 | DEBUG | .c.s.m.InstanceMessageReceiveService : Received schedule participant score for exercise 3772 and participant 735 (result to be deleted: null)
    23:48:13.168 | 330 Pool-1-worker-94 | DEBUG | .a.s.ParticipantScoreScheduleService : Scheduled task for exercise 3772 and participant 735 at 2025-02-14T23:48:13.268503428Z[Etc/UTC].

  Starting logs for TextAssessmentIntegrationTest > getDataForTextEditor_secondCorrection_oneResult()
    23:48:13.196 | 330 Pool-1-worker-94 | DEBUG | d.t.c.a.a.c.u.util.UserUtilService   : Generate 2 students...
    23:48:13.201 | 330 Pool-1-worker-94 | DEBUG | d.t.c.a.a.c.u.util.UserUtilService   : 2 students generated. Generate 3 tutors...
    23:48:13.207 | 330 Pool-1-worker-94 | DEBUG | d.t.c.a.a.c.u.util.UserUtilService   : 3 tutors generated. Generate 0 editors...
    23:48:13.208 | 330 Pool-1-worker-94 | DEBUG | d.t.c.a.a.c.u.util.UserUtilService   : 0 editors generated. Generate 1 instructors...
    23:48:13.212 | 330 Pool-1-worker-94 | DEBUG | d.t.c.a.a.c.u.util.UserUtilService   : 1 instructors generated
    23:48:13.215 | 330 Pool-1-worker-94 | DEBUG | d.t.c.a.a.c.u.util.UserUtilService   : Removing 6 users from all courses...
    23:48:13.216 | 330 Pool-1-worker-94 | DEBUG | d.t.c.a.a.c.u.util.UserUtilService   : Removing 6 users from all courses. Done
    23:48:13.216 | 330 Pool-1-worker-94 | DEBUG | d.t.c.a.a.c.u.util.UserUtilService   : Save 6 users to database...
    23:48:13.223 | 330 Pool-1-worker-94 | DEBUG | d.t.c.a.a.c.u.util.UserUtilService   : Save 6 users to database. Done
    23:48:13.234 | 330 Pool-1-worker-94 | INFO  | i.z.t.d.l.EmbeddedDatabaseReporter   : JDBC URL to connect to 'dataSource': url='jdbc:h2:tcp://localhost:41063/mem:df70fc46-7e57-4cb5-9cd0-c1d90c14afa7;USER=sa', scope='TextAssessmentIntegrationTest#getDataForTextEditor_secondCorrection_oneResult'
    23:48:13.271 | 330 Pool-1-worker-94 | DEBUG | .c.s.m.InstanceMessageReceiveService : Received schedule participant score for exercise 3774 and participant 734 (result to be deleted: null)
    23:48:13.272 | 330 Pool-1-worker-94 | DEBUG | .a.s.ParticipantScoreScheduleService : Scheduled task for exercise 3774 and participant 734 at 2025-02-14T23:48:13.372074136Z[Etc/UTC].
    23:48:13.286 | 330 Pool-1-worker-94 | DEBUG | .c.s.m.InstanceMessageReceiveService : Received schedule participant score for exercise 3774 and participant 734 (result to be deleted: null)
    23:48:13.287 | 330 Pool-1-worker-94 | DEBUG | .a.s.ParticipantScoreScheduleService : Scheduled task for exercise 3774 and participant 734 at 2025-02-14T23:48:13.387069753Z[Etc/UTC].
    23:48:13.312 | 330 Pool-1-worker-94 | DEBUG | .c.s.m.InstanceMessageReceiveService : Received schedule participant score for exercise 3774 and participant 734 (result to be deleted: null)
    23:48:13.312 | 330 Pool-1-worker-94 | DEBUG | .a.s.ParticipantScoreScheduleService : Scheduled task for exercise 3774 and participant 734 at 2025-02-14T23:48:13.412086910Z[Etc/UTC].
    23:48:13.322 | 330 Pool-1-worker-94 | DEBUG | .c.s.m.InstanceMessageReceiveService : Received schedule participant score for exercise 3774 and participant 734 (result to be deleted: null)
    23:48:13.323 | 330 Pool-1-worker-94 | DEBUG | .a.s.ParticipantScoreScheduleService : Scheduled task for exercise 3774 and participant 734 at 2025-02-14T23:48:13.423028747Z[Etc/UTC].
    23:48:13.342 | 330 Pool-1-worker-94 | DEBUG | .c.s.m.InstanceMessageReceiveService : Received schedule participant score for exercise 3774 and participant 734 (result to be deleted: null)
    23:48:13.342 | 330 Pool-1-worker-94 | DEBUG | .a.s.ParticipantScoreScheduleService : Scheduled task for exercise 3774 and participant 734 at 2025-02-14T23:48:13.442128458Z[Etc/UTC].
    23:48:13.342 | 330 Pool-1-worker-94 | DEBUG | .c.s.m.InstanceMessageReceiveService : Received schedule participant score for exercise 3774 and participant 734 (result to be deleted: null)
    23:48:13.342 | 330 Pool-1-worker-94 | DEBUG | .a.s.ParticipantScoreScheduleService : Scheduled task for exercise 3774 and participant 734 at 2025-02-14T23:48:13.442288577Z[Etc/UTC].
    23:48:13.352 | 330 Pool-1-worker-94 | DEBUG | .c.s.m.InstanceMessageReceiveService : Received schedule participant score for exercise 3774 and participant 734 (result to be deleted: null)
    23:48:13.352 | 330 Pool-1-worker-94 | DEBUG | .a.s.ParticipantScoreScheduleService : Scheduled task for exercise 3774 and participant 734 at 2025-02-14T23:48:13.452081280Z[Etc/UTC].
    23:48:13.381 | 330 Pool-1-worker-94 | DEBUG | .c.s.m.InstanceMessageReceiveService : Received schedule participant score for exercise 3774 and participant 734 (result to be deleted: null)
    23:48:13.381 | 330 Pool-1-worker-94 | DEBUG | .a.s.ParticipantScoreScheduleService : Scheduled task for exercise 3774 and participant 734 at 2025-02-14T23:48:13.481716591Z[Etc/UTC].
    23:48:13.381 | 330 Pool-1-worker-94 | DEBUG | .c.s.m.InstanceMessageReceiveService : Received schedule participant score for exercise 3774 and participant 734 (result to be deleted: null)
    23:48:13.381 | 330 Pool-1-worker-94 | DEBUG | .a.s.ParticipantScoreScheduleService : Scheduled task for exercise 3774 and participant 734 at 2025-02-14T23:48:13.481874024Z[Etc/UTC].
    23:48:13.383 | 330 Pool-1-worker-94 | DEBUG | d.t.c.a.a.c.s.f.ApiVersionFilter     : Adding Version to Request GET /api/text-editor/3347

  Starting logs for TextAssessmentIntegrationTest > updateTextAssessmentAfterComplaint_wrongParticipationId()
    23:48:13.410 | 330 Pool-1-worker-94 | DEBUG | d.t.c.a.a.c.u.util.UserUtilService   : Generate 2 students...
    23:48:13.415 | 330 Pool-1-worker-94 | DEBUG | d.t.c.a.a.c.u.util.UserUtilService   : 2 students generated. Generate 3 tutors...
    23:48:13.420 | 330 Pool-1-worker-94 | DEBUG | d.t.c.a.a.c.u.util.UserUtilService   : 3 tutors generated. Generate 0 editors...
    23:48:13.421 | 330 Pool-1-worker-94 | DEBUG | d.t.c.a.a.c.u.util.UserUtilService   : 0 editors generated. Generate 1 instructors...
    23:48:13.424 | 330 Pool-1-worker-94 | DEBUG | d.t.c.a.a.c.u.util.UserUtilService   : 1 instructors generated
    23:48:13.426 | 330 Pool-1-worker-94 | DEBUG | d.t.c.a.a.c.u.util.UserUtilService   : Removing 6 users from all courses...
    23:48:13.427 | 330 Pool-1-worker-94 | DEBUG | d.t.c.a.a.c.u.util.UserUtilService   : Removing 6 users from all courses. Done
    23:48:13.427 | 330 Pool-1-worker-94 | DEBUG | d.t.c.a.a.c.u.util.UserUtilService   : Save 6 users to database...
    23:48:13.432 | 330 Pool-1-worker-94 | DEBUG | d.t.c.a.a.c.u.util.UserUtilService   : Save 6 users to database. Done
    23:48:13.441 | 330 Pool-1-worker-94 | INFO  | i.z.t.d.l.EmbeddedDatabaseReporter   : JDBC URL to connect to 'dataSource': url='jdbc:h2:tcp://localhost:41063/mem:df70fc46-7e57-4cb5-9cd0-c1d90c14afa7;USER=sa', scope='TextAssessmentIntegrationTest#updateTextAssessmentAfterComplaint_wrongParticipationId'
    23:48:13.466 | 330 Pool-1-worker-94 | DEBUG | .c.s.m.InstanceMessageReceiveService : Received schedule participant score for exercise 3775 and participant 734 (result to be deleted: null)
    23:48:13.466 | 330 Pool-1-worker-94 | DEBUG | .a.s.ParticipantScoreScheduleService : Scheduled task for exercise 3775 and participant 734 at 2025-02-14T23:48:13.566582818Z[Etc/UTC].
    23:48:13.477 | 330 Pool-1-worker-94 | DEBUG | .c.s.m.InstanceMessageReceiveService : Received schedule participant score for exercise 3775 and participant 734 (result to be deleted: null)
    23:48:13.477 | 330 Pool-1-worker-94 | DEBUG | .a.s.ParticipantScoreScheduleService : Scheduled task for exercise 3775 and participant 734 at 2025-02-14T23:48:13.577169251Z[Etc/UTC].
    23:48:13.505 | 330 Pool-1-worker-94 | DEBUG | .c.s.m.InstanceMessageReceiveService : Received schedule participant score for exercise 3775 and participant 734 (result to be deleted: null)
    23:48:13.505 | 330 Pool-1-worker-94 | DEBUG | .a.s.ParticipantScoreScheduleService : Scheduled task for exercise 3775 and participant 734 at 2025-02-14T23:48:13.605420741Z[Etc/UTC].
    23:48:13.511 | 330 Pool-1-worker-94 | DEBUG | d.t.c.a.a.c.s.f.ApiVersionFilter     : Adding Version to Request PUT /api/participations/12354/submissions/1880/text-assessment-after-complaint
    23:48:13.514 | 330 Pool-1-worker-94 | DEBUG | d.t.c.a.a.t.w.TextAssessmentResource : REST request to update the assessment of submission 1880 after complaint.
    23:48:13.518 | 330 Pool-1-worker-94 | ERROR | tech.jhipster.web.util.HeaderUtil    : Entity processing failed, participationId in Submission of submissionId 1880 doesn't match the paths participationId!
    23:48:13.518 | 330 Pool-1-worker-94 | WARN  | o.z.p.spring.common.AdviceTraits     : Bad Request: participationId in Submission of submissionId 1880 doesn't match the paths participationId!

  Starting logs for TextAssessmentIntegrationTest > multipleCorrectionRoundsForExam(AssessmentType) [1] assessmentType=SEMI_AUTOMATIC
    23:48:13.533 | 330 Pool-1-worker-94 | DEBUG | d.t.c.a.a.c.u.util.UserUtilService   : Generate 2 students...
    23:48:13.538 | 330 Pool-1-worker-94 | DEBUG | d.t.c.a.a.c.u.util.UserUtilService   : 2 students generated. Generate 3 tutors...
    23:48:13.543 | 330 Pool-1-worker-94 | DEBUG | d.t.c.a.a.c.u.util.UserUtilService   : 3 tutors generated. Generate 0 editors...
    23:48:13.545 | 330 Pool-1-worker-94 | DEBUG | d.t.c.a.a.c.u.util.UserUtilService   : 0 editors generated. Generate 1 instructors...
    23:48:13.548 | 330 Pool-1-worker-94 | DEBUG | d.t.c.a.a.c.u.util.UserUtilService   : 1 instructors generated
    23:48:13.550 | 330 Pool-1-worker-94 | DEBUG | d.t.c.a.a.c.u.util.UserUtilService   : Removing 6 users from all courses...
    23:48:13.552 | 330 Pool-1-worker-94 | DEBUG | d.t.c.a.a.c.u.util.UserUtilService   : Removing 6 users from all courses. Done
    23:48:13.552 | 330 Pool-1-worker-94 | DEBUG | d.t.c.a.a.c.u.util.UserUtilService   : Save 6 users to database...
    23:48:13.557 | 330 Pool-1-worker-94 | DEBUG | d.t.c.a.a.c.u.util.UserUtilService   : Save 6 users to database. Done
    23:48:13.567 | 330 Pool-1-worker-94 | INFO  | i.z.t.d.l.EmbeddedDatabaseReporter   : JDBC URL to connect to 'dataSource': url='jdbc:h2:tcp://localhost:41063/mem:df70fc46-7e57-4cb5-9cd0-c1d90c14afa7;USER=sa', scope='TextAssessmentIntegrationTest#multipleCorrectionRoundsForExam'
    23:48:13.582 | 330 Pool-1-worker-94 | DEBUG | d.t.c.a.a.c.s.f.ApiVersionFilter     : Adding Version to Request GET /api/courses/2988/exams/571
    23:48:13.582 | 330 Pool-1-worker-94 | DEBUG | d.t.c.a.a.exam.web.ExamResource      : REST request to get exam : 571
    23:48:13.584 | 330 Pool-1-worker-94 | DEBUG | d.t.c.a.a.exam.service.ExamService   : Request to get exam 571 with exercise groups (with details: true)
    23:48:13.602 | 330 Pool-1-worker-94 | DEBUG | d.t.c.a.a.c.s.f.ApiVersionFilter     : Adding Version to Request GET /api/exercises/3777/text-submission-without-assessment
    23:48:13.603 | 330 Pool-1-worker-94 | DEBUG | d.t.c.a.a.t.w.TextSubmissionResource : REST request to get a text submission without assessment
    23:48:13.617 | 330 Pool-1-worker-94 | DEBUG | .c.s.m.InstanceMessageReceiveService : Received schedule participant score for exercise 3777 and participant 734 (result to be deleted: null)
    23:48:13.617 | 330 Pool-1-worker-94 | DEBUG | .a.s.ParticipantScoreScheduleService : Scheduled task for exercise 3777 and participant 734 at 2025-02-14T23:48:13.717884851Z[Etc/UTC].
    23:48:13.629 | 330 Pool-1-worker-94 | DEBUG | .c.s.m.InstanceMessageReceiveService : Received schedule participant score for exercise 3777 and participant 734 (result to be deleted: null)
    23:48:13.629 | 330 Pool-1-worker-94 | DEBUG | .a.s.ParticipantScoreScheduleService : Scheduled task for exercise 3777 and participant 734 at 2025-02-14T23:48:13.729084258Z[Etc/UTC].
    23:48:13.639 | 330 Pool-1-worker-94 | DEBUG | .c.s.m.InstanceMessageReceiveService : Received schedule participant score for exercise 3777 and participant 734 (result to be deleted: null)
    23:48:13.639 | 330 Pool-1-worker-94 | DEBUG | .a.s.ParticipantScoreScheduleService : Scheduled task for exercise 3777 and participant 734 at 2025-02-14T23:48:13.739920438Z[Etc/UTC].
    23:48:13.646 | 330 Pool-1-worker-94 | DEBUG | d.t.c.a.a.c.s.f.ApiVersionFilter     : Adding Version to Request GET /api/exercises/3777/text-submissions
    23:48:13.647 | 330 Pool-1-worker-94 | DEBUG | d.t.c.a.a.t.w.TextSubmissionResource : REST request to get all TextSubmissions
    23:48:13.652 | 330 Pool-1-worker-94 | DEBUG | d.t.c.a.a.c.s.f.ApiVersionFilter     : Adding Version to Request POST /api/participations/3349/results/1685/submit-text-assessment
    23:48:13.667 | 330 Pool-1-worker-94 | DEBUG | .c.s.m.InstanceMessageReceiveService : Received schedule participant score for exercise 3777 and participant 734 (result to be deleted: null)
    23:48:13.667 | 330 Pool-1-worker-94 | DEBUG | .a.s.ParticipantScoreScheduleService : Scheduled task for exercise 3777 and participant 734 at 2025-02-14T23:48:13.767659792Z[Etc/UTC].
    23:48:13.670 | 330 Pool-1-worker-94 | DEBUG | .c.s.m.InstanceMessageReceiveService : Received schedule participant score for exercise 3777 and participant 734 (result to be deleted: null)
    23:48:13.670 | 330 Pool-1-worker-94 | DEBUG | .a.s.ParticipantScoreScheduleService : Scheduled task for exercise 3777 and participant 734 at 2025-02-14T23:48:13.770889375Z[Etc/UTC].
    23:48:13.674 | 330 Pool-1-worker-94 | DEBUG | d.t.c.a.a.c.s.f.ApiVersionFilter     : Adding Version to Request GET /api/exercises/3777/text-submissions
    23:48:13.675 | 330 Pool-1-worker-94 | DEBUG | d.t.c.a.a.t.w.TextSubmissionResource : REST request to get all TextSubmissions
    23:48:13.682 | 330 Pool-1-worker-94 | DEBUG | d.t.c.a.a.c.s.f.ApiVersionFilter     : Adding Version to Request GET /api/exercises/3777/text-submission-without-assessment
    23:48:13.683 | 330 Pool-1-worker-94 | DEBUG | d.t.c.a.a.t.w.TextSubmissionResource : REST request to get a text submission without assessment
    23:48:13.696 | 330 Pool-1-worker-94 | DEBUG | .c.s.m.InstanceMessageReceiveService : Received schedule participant score for exercise 3777 and participant 734 (result to be deleted: null)
    23:48:13.696 | 330 Pool-1-worker-94 | DEBUG | .a.s.ParticipantScoreScheduleService : Scheduled task for exercise 3777 and participant 734 at 2025-02-14T23:48:13.796755876Z[Etc/UTC].
    23:48:13.712 | 330 Pool-1-worker-94 | DEBUG | .c.s.m.InstanceMessageReceiveService : Received schedule participant score for exercise 3777 and participant 734 (result to be deleted: null)
    23:48:13.712 | 330 Pool-1-worker-94 | DEBUG | .a.s.ParticipantScoreScheduleService : Scheduled task for exercise 3777 and participant 734 at 2025-02-14T23:48:13.812226089Z[Etc/UTC].
    23:48:13.734 | 330 Pool-1-worker-94 | DEBUG | .c.s.m.InstanceMessageReceiveService : Received schedule participant score for exercise 3777 and participant 734 (result to be deleted: null)
    23:48:13.734 | 330 Pool-1-worker-94 | DEBUG | .a.s.ParticipantScoreScheduleService : Scheduled task for exercise 3777 and participant 734 at 2025-02-14T23:48:13.834351923Z[Etc/UTC].
    23:48:13.750 | 330 Pool-1-worker-94 | DEBUG | .c.s.m.InstanceMessageReceiveService : Received schedule participant score for exercise 3777 and participant 734 (result to be deleted: null)
    23:48:13.750 | 330 Pool-1-worker-94 | DEBUG | .a.s.ParticipantScoreScheduleService : Scheduled task for exercise 3777 and participant 734 at 2025-02-14T23:48:13.850261615Z[Etc/UTC].
    23:48:13.768 | 330 Pool-1-worker-94 | DEBUG | d.t.c.a.a.c.s.f.ApiVersionFilter     : Adding Version to Request POST /api/participations/3349/results/1686/submit-text-assessment
    23:48:13.783 | 330 Pool-1-worker-94 | DEBUG | .c.s.m.InstanceMessageReceiveService : Received schedule participant score for exercise 3777 and participant 734 (result to be deleted: null)
    23:48:13.783 | 330 Pool-1-worker-94 | DEBUG | .a.s.ParticipantScoreScheduleService : Scheduled task for exercise 3777 and participant 734 at 2025-02-14T23:48:13.883846221Z[Etc/UTC].
    23:48:13.786 | 330 Pool-1-worker-94 | DEBUG | .c.s.m.InstanceMessageReceiveService : Received schedule participant score for exercise 3777 and participant 734 (result to be deleted: null)
    23:48:13.786 | 330 Pool-1-worker-94 | DEBUG | .a.s.ParticipantScoreScheduleService : Scheduled task for exercise 3777 and participant 734 at 2025-02-14T23:48:13.886927348Z[Etc/UTC].
    23:48:13.790 | 330 Pool-1-worker-94 | DEBUG | d.t.c.a.a.c.s.f.ApiVersionFilter     : Adding Version to Request GET /api/exercises/3777/text-submissions
    23:48:13.791 | 330 Pool-1-worker-94 | DEBUG | d.t.c.a.a.t.w.TextSubmissionResource : REST request to get all TextSubmissions
    23:48:13.795 | 330 Pool-1-worker-94 | DEBUG | d.t.c.a.a.c.s.f.ApiVersionFilter     : Adding Version to Request GET /api/exercises/3777/text-submissions
    23:48:13.796 | 330 Pool-1-worker-94 | DEBUG | d.t.c.a.a.t.w.TextSubmissionResource : REST request to get all TextSubmissions

  Starting logs for TextAssessmentIntegrationTest > multipleCorrectionRoundsForExam(AssessmentType) [2] assessmentType=MANUAL
    23:48:13.814 | 330 Pool-1-worker-94 | DEBUG | d.t.c.a.a.c.u.util.UserUtilService   : Generate 2 students...
    23:48:13.819 | 330 Pool-1-worker-94 | DEBUG | d.t.c.a.a.c.u.util.UserUtilService   : 2 students generated. Generate 3 tutors...
    23:48:13.825 | 330 Pool-1-worker-94 | DEBUG | d.t.c.a.a.c.u.util.UserUtilService   : 3 tutors generated. Generate 0 editors...
    23:48:13.826 | 330 Pool-1-worker-94 | DEBUG | d.t.c.a.a.c.u.util.UserUtilService   : 0 editors generated. Generate 1 instructors...
    23:48:13.829 | 330 Pool-1-worker-94 | DEBUG | d.t.c.a.a.c.u.util.UserUtilService   : 1 instructors generated
    23:48:13.831 | 330 Pool-1-worker-94 | DEBUG | d.t.c.a.a.c.u.util.UserUtilService   : Removing 6 users from all courses...
    23:48:13.832 | 330 Pool-1-worker-94 | DEBUG | d.t.c.a.a.c.u.util.UserUtilService   : Removing 6 users from all courses. Done
    23:48:13.832 | 330 Pool-1-worker-94 | DEBUG | d.t.c.a.a.c.u.util.UserUtilService   : Save 6 users to database...
    23:48:13.837 | 330 Pool-1-worker-94 | DEBUG | d.t.c.a.a.c.u.util.UserUtilService   : Save 6 users to database. Done
    23:48:13.847 | 330 Pool-1-worker-94 | INFO  | i.z.t.d.l.EmbeddedDatabaseReporter   : JDBC URL to connect to 'dataSource': url='jdbc:h2:tcp://localhost:41063/mem:df70fc46-7e57-4cb5-9cd0-c1d90c14afa7;USER=sa', scope='TextAssessmentIntegrationTest#multipleCorrectionRoundsForExam'
    23:48:13.857 | 330 Pool-1-worker-94 | DEBUG | d.t.c.a.a.c.s.f.ApiVersionFilter     : Adding Version to Request GET /api/courses/2989/exams/572
    23:48:13.858 | 330 Pool-1-worker-94 | DEBUG | d.t.c.a.a.exam.web.ExamResource      : REST request to get exam : 572
    23:48:13.860 | 330 Pool-1-worker-94 | DEBUG | d.t.c.a.a.exam.service.ExamService   : Request to get exam 572 with exercise groups (with details: true)
    23:48:13.871 | 330 Pool-1-worker-94 | DEBUG | d.t.c.a.a.c.s.f.ApiVersionFilter     : Adding Version to Request GET /api/exercises/3779/text-submission-without-assessment
    23:48:13.872 | 330 Pool-1-worker-94 | DEBUG | d.t.c.a.a.t.w.TextSubmissionResource : REST request to get a text submission without assessment
    23:48:13.886 | 330 Pool-1-worker-94 | DEBUG | .c.s.m.InstanceMessageReceiveService : Received schedule participant score for exercise 3779 and participant 734 (result to be deleted: null)
    23:48:13.887 | 330 Pool-1-worker-94 | DEBUG | .a.s.ParticipantScoreScheduleService : Scheduled task for exercise 3779 and participant 734 at 2025-02-14T23:48:13.987013737Z[Etc/UTC].
    23:48:13.898 | 330 Pool-1-worker-94 | DEBUG | .c.s.m.InstanceMessageReceiveService : Received schedule participant score for exercise 3779 and participant 734 (result to be deleted: null)
    23:48:13.898 | 330 Pool-1-worker-94 | DEBUG | .a.s.ParticipantScoreScheduleService : Scheduled task for exercise 3779 and participant 734 at 2025-02-14T23:48:13.998527150Z[Etc/UTC].
    23:48:13.909 | 330 Pool-1-worker-94 | DEBUG | .c.s.m.InstanceMessageReceiveService : Received schedule participant score for exercise 3779 and participant 734 (result to be deleted: null)
    23:48:13.909 | 330 Pool-1-worker-94 | DEBUG | .a.s.ParticipantScoreScheduleService : Scheduled task for exercise 3779 and participant 734 at 2025-02-14T23:48:14.009452536Z[Etc/UTC].
    23:48:13.916 | 330 Pool-1-worker-94 | DEBUG | d.t.c.a.a.c.s.f.ApiVersionFilter     : Adding Version to Request GET /api/exercises/3779/text-submissions
    23:48:13.916 | 330 Pool-1-worker-94 | DEBUG | d.t.c.a.a.t.w.TextSubmissionResource : REST request to get all TextSubmissions
    23:48:13.920 | 330 Pool-1-worker-94 | DEBUG | d.t.c.a.a.c.s.f.ApiVersionFilter     : Adding Version to Request POST /api/participations/3350/results/1687/submit-text-assessment
    23:48:13.935 | 330 Pool-1-worker-94 | DEBUG | .c.s.m.InstanceMessageReceiveService : Received schedule participant score for exercise 3779 and participant 734 (result to be deleted: null)
    23:48:13.935 | 330 Pool-1-worker-94 | DEBUG | .a.s.ParticipantScoreScheduleService : Scheduled task for exercise 3779 and participant 734 at 2025-02-14T23:48:14.035562581Z[Etc/UTC].
    23:48:13.938 | 330 Pool-1-worker-94 | DEBUG | .c.s.m.InstanceMessageReceiveService : Received schedule participant score for exercise 3779 and participant 734 (result to be deleted: null)
    23:48:13.938 | 330 Pool-1-worker-94 | DEBUG | .a.s.ParticipantScoreScheduleService : Scheduled task for exercise 3779 and participant 734 at 2025-02-14T23:48:14.038600487Z[Etc/UTC].
    23:48:13.942 | 330 Pool-1-worker-94 | DEBUG | d.t.c.a.a.c.s.f.ApiVersionFilter     : Adding Version to Request GET /api/exercises/3779/text-submissions
    23:48:13.943 | 330 Pool-1-worker-94 | DEBUG | d.t.c.a.a.t.w.TextSubmissionResource : REST request to get all TextSubmissions
    23:48:13.951 | 330 Pool-1-worker-94 | DEBUG | d.t.c.a.a.c.s.f.ApiVersionFilter     : Adding Version to Request GET /api/exercises/3779/text-submission-without-assessment
    23:48:13.951 | 330 Pool-1-worker-94 | DEBUG | d.t.c.a.a.t.w.TextSubmissionResource : REST request to get a text submission without assessment
    23:48:13.962 | 330 Pool-1-worker-94 | DEBUG | .c.s.m.InstanceMessageReceiveService : Received schedule participant score for exercise 3779 and participant 734 (result to be deleted: null)
    23:48:13.962 | 330 Pool-1-worker-94 | DEBUG | .a.s.ParticipantScoreScheduleService : Scheduled task for exercise 3779 and participant 734 at 2025-02-14T23:48:14.062399034Z[Etc/UTC].
    23:48:13.971 | 330 Pool-1-worker-94 | DEBUG | .c.s.m.InstanceMessageReceiveService : Received schedule participant score for exercise 3779 and participant 734 (result to be deleted: null)
    23:48:13.971 | 330 Pool-1-worker-94 | DEBUG | .a.s.ParticipantScoreScheduleService : Scheduled task for exercise 3779 and participant 734 at 2025-02-14T23:48:14.071672460Z[Etc/UTC].
    23:48:13.985 | 330 Pool-1-worker-94 | DEBUG | .c.s.m.InstanceMessageReceiveService : Received schedule participant score for exercise 3779 and participant 734 (result to be deleted: null)
    23:48:13.985 | 330 Pool-1-worker-94 | DEBUG | .a.s.ParticipantScoreScheduleService : Scheduled task for exercise 3779 and participant 734 at 2025-02-14T23:48:14.085917427Z[Etc/UTC].
    23:48:13.995 | 330 Pool-1-worker-94 | DEBUG | .c.s.m.InstanceMessageReceiveService : Received schedule participant score for exercise 3779 and participant 734 (result to be deleted: null)
    23:48:13.995 | 330 Pool-1-worker-94 | DEBUG | .a.s.ParticipantScoreScheduleService : Scheduled task for exercise 3779 and participant 734 at 2025-02-14T23:48:14.095219776Z[Etc/UTC].
    23:48:14.013 | 330 Pool-1-worker-94 | DEBUG | d.t.c.a.a.c.s.f.ApiVersionFilter     : Adding Version to Request POST /api/participations/3350/results/1688/submit-text-assessment
    23:48:14.025 | 330 Pool-1-worker-94 | DEBUG | .c.s.m.InstanceMessageReceiveService : Received schedule participant score for exercise 3779 and participant 734 (result to be deleted: null)
    23:48:14.025 | 330 Pool-1-worker-94 | DEBUG | .a.s.ParticipantScoreScheduleService : Scheduled task for exercise 3779 and participant 734 at 2025-02-14T23:48:14.125093581Z[Etc/UTC].
    23:48:14.027 | 330 Pool-1-worker-94 | DEBUG | .c.s.m.InstanceMessageReceiveService : Received schedule participant score for exercise 3779 and participant 734 (result to be deleted: null)
    23:48:14.027 | 330 Pool-1-worker-94 | DEBUG | .a.s.ParticipantScoreScheduleService : Scheduled task for exercise 3779 and participant 734 at 2025-02-14T23:48:14.127754433Z[Etc/UTC].
    23:48:14.031 | 330 Pool-1-worker-94 | DEBUG | d.t.c.a.a.c.s.f.ApiVersionFilter     : Adding Version to Request GET /api/exercises/3779/text-submissions
    23:48:14.032 | 330 Pool-1-worker-94 | DEBUG | d.t.c.a.a.t.w.TextSubmissionResource : REST request to get all TextSubmissions
    23:48:14.036 | 330 Pool-1-worker-94 | DEBUG | d.t.c.a.a.c.s.f.ApiVersionFilter     : Adding Version to Request GET /api/exercises/3779/text-submissions
    23:48:14.036 | 330 Pool-1-worker-94 | DEBUG | d.t.c.a.a.t.w.TextSubmissionResource : REST request to get all TextSubmissions

  Starting logs for TextAssessmentIntegrationTest > testOverrideAssessment_submitSameTutorPossible()
    23:48:14.051 | 330 Pool-1-worker-94 | DEBUG | d.t.c.a.a.c.u.util.UserUtilService   : Generate 2 students...
    23:48:14.054 | 330 Pool-1-worker-94 | DEBUG | d.t.c.a.a.c.u.util.UserUtilService   : 2 students generated. Generate 3 tutors...
    23:48:14.059 | 330 Pool-1-worker-94 | DEBUG | d.t.c.a.a.c.u.util.UserUtilService   : 3 tutors generated. Generate 0 editors...
    23:48:14.060 | 330 Pool-1-worker-94 | DEBUG | d.t.c.a.a.c.u.util.UserUtilService   : 0 editors generated. Generate 1 instructors...
    23:48:14.062 | 330 Pool-1-worker-94 | DEBUG | d.t.c.a.a.c.u.util.UserUtilService   : 1 instructors generated
    23:48:14.064 | 330 Pool-1-worker-94 | DEBUG | d.t.c.a.a.c.u.util.UserUtilService   : Removing 6 users from all courses...
    23:48:14.064 | 330 Pool-1-worker-94 | DEBUG | d.t.c.a.a.c.u.util.UserUtilService   : Removing 6 users from all courses. Done
    23:48:14.064 | 330 Pool-1-worker-94 | DEBUG | d.t.c.a.a.c.u.util.UserUtilService   : Save 6 users to database...
    23:48:14.068 | 330 Pool-1-worker-94 | DEBUG | d.t.c.a.a.c.u.util.UserUtilService   : Save 6 users to database. Done
    23:48:14.075 | 330 Pool-1-worker-94 | INFO  | i.z.t.d.l.EmbeddedDatabaseReporter   : JDBC URL to connect to 'dataSource': url='jdbc:h2:tcp://localhost:41063/mem:df70fc46-7e57-4cb5-9cd0-c1d90c14afa7;USER=sa', scope='TextAssessmentIntegrationTest#testOverrideAssessment_submitSameTutorPossible'
    23:48:14.096 | 330 Pool-1-worker-94 | DEBUG | .c.s.m.InstanceMessageReceiveService : Received schedule participant score for exercise 3780 and participant 734 (result to be deleted: null)
    23:48:14.096 | 330 Pool-1-worker-94 | DEBUG | .a.s.ParticipantScoreScheduleService : Scheduled task for exercise 3780 and participant 734 at 2025-02-14T23:48:14.196951835Z[Etc/UTC].
    23:48:14.106 | 330 Pool-1-worker-94 | DEBUG | .c.s.m.InstanceMessageReceiveService : Received schedule participant score for exercise 3780 and participant 734 (result to be deleted: null)
    23:48:14.106 | 330 Pool-1-worker-94 | DEBUG | .a.s.ParticipantScoreScheduleService : Scheduled task for exercise 3780 and participant 734 at 2025-02-14T23:48:14.206733688Z[Etc/UTC].
    23:48:14.131 | 330 Pool-1-worker-94 | DEBUG | .c.s.m.InstanceMessageReceiveService : Received schedule participant score for exercise 3780 and participant 734 (result to be deleted: null)
    23:48:14.131 | 330 Pool-1-worker-94 | DEBUG | .a.s.ParticipantScoreScheduleService : Scheduled task for exercise 3780 and participant 734 at 2025-02-14T23:48:14.231801540Z[Etc/UTC].
    23:48:14.141 | 330 Pool-1-worker-94 | DEBUG | .c.s.m.InstanceMessageReceiveService : Received schedule participant score for exercise 3780 and participant 734 (result to be deleted: null)
    23:48:14.141 | 330 Pool-1-worker-94 | DEBUG | .a.s.ParticipantScoreScheduleService : Scheduled task for exercise 3780 and participant 734 at 2025-02-14T23:48:14.241553087Z[Etc/UTC].
    23:48:14.143 | 330 Pool-1-worker-94 | DEBUG | d.t.c.a.a.c.s.f.ApiVersionFilter     : Adding Version to Request POST /api/participations/3351/results/1689/submit-text-assessment
    23:48:14.166 | 330 Pool-1-worker-94 | DEBUG | .c.s.m.InstanceMessageReceiveService : Received schedule participant score for exercise 3780 and participant 734 (result to be deleted: null)
    23:48:14.166 | 330 Pool-1-worker-94 | DEBUG | .a.s.ParticipantScoreScheduleService : Scheduled task for exercise 3780 and participant 734 at 2025-02-14T23:48:14.266920217Z[Etc/UTC].
    23:48:14.170 | 330 Pool-1-worker-94 | DEBUG | .c.s.m.InstanceMessageReceiveService : Received schedule participant score for exercise 3780 and participant 734 (result to be deleted: null)
    23:48:14.170 | 330 Pool-1-worker-94 | DEBUG | .a.s.ParticipantScoreScheduleService : Scheduled task for exercise 3780 and participant 734 at 2025-02-14T23:48:14.270090009Z[Etc/UTC].

  Starting logs for TextAssessmentIntegrationTest > testOverrideAssessment_submitSameTutorAfterAssessmentDueDatePossible()
    23:48:14.185 | 330 Pool-1-worker-94 | DEBUG | d.t.c.a.a.c.u.util.UserUtilService   : Generate 2 students...
    23:48:14.189 | 330 Pool-1-worker-94 | DEBUG | d.t.c.a.a.c.u.util.UserUtilService   : 2 students generated. Generate 3 tutors...
    23:48:14.194 | 330 Pool-1-worker-94 | DEBUG | d.t.c.a.a.c.u.util.UserUtilService   : 3 tutors generated. Generate 0 editors...
    23:48:14.195 | 330 Pool-1-worker-94 | DEBUG | d.t.c.a.a.c.u.util.UserUtilService   : 0 editors generated. Generate 1 instructors...
    23:48:14.198 | 330 Pool-1-worker-94 | DEBUG | d.t.c.a.a.c.u.util.UserUtilService   : 1 instructors generated
    23:48:14.201 | 330 Pool-1-worker-94 | DEBUG | d.t.c.a.a.c.u.util.UserUtilService   : Removing 6 users from all courses...
    23:48:14.202 | 330 Pool-1-worker-94 | DEBUG | d.t.c.a.a.c.u.util.UserUtilService   : Removing 6 users from all courses. Done
    23:48:14.202 | 330 Pool-1-worker-94 | DEBUG | d.t.c.a.a.c.u.util.UserUtilService   : Save 6 users to database...
    23:48:14.207 | 330 Pool-1-worker-94 | DEBUG | d.t.c.a.a.c.u.util.UserUtilService   : Save 6 users to database. Done
    23:48:14.217 | 330 Pool-1-worker-94 | INFO  | i.z.t.d.l.EmbeddedDatabaseReporter   : JDBC URL to connect to 'dataSource': url='jdbc:h2:tcp://localhost:41063/mem:df70fc46-7e57-4cb5-9cd0-c1d90c14afa7;USER=sa', scope='TextAssessmentIntegrationTest#testOverrideAssessment_submitSameTutorAfterAssessmentDueDatePossible'
    23:48:14.242 | 330 Pool-1-worker-94 | DEBUG | .c.s.m.InstanceMessageReceiveService : Received schedule participant score for exercise 3781 and participant 734 (result to be deleted: null)
    23:48:14.242 | 330 Pool-1-worker-94 | DEBUG | .a.s.ParticipantScoreScheduleService : Scheduled task for exercise 3781 and participant 734 at 2025-02-14T23:48:14.342522576Z[Etc/UTC].
    23:48:14.250 | 330 Pool-1-worker-94 | DEBUG | .c.s.m.InstanceMessageReceiveService : Received schedule participant score for exercise 3781 and participant 734 (result to be deleted: null)
    23:48:14.250 | 330 Pool-1-worker-94 | DEBUG | .a.s.ParticipantScoreScheduleService : Scheduled task for exercise 3781 and participant 734 at 2025-02-14T23:48:14.350206727Z[Etc/UTC].
    23:48:14.270 | 330 Pool-1-worker-94 | DEBUG | .c.s.m.InstanceMessageReceiveService : Received schedule participant score for exercise 3781 and participant 734 (result to be deleted: null)
    23:48:14.271 | 330 Pool-1-worker-94 | DEBUG | .a.s.ParticipantScoreScheduleService : Scheduled task for exercise 3781 and participant 734 at 2025-02-14T23:48:14.370998725Z[Etc/UTC].
    23:48:14.280 | 330 Pool-1-worker-94 | DEBUG | .c.s.m.InstanceMessageReceiveService : Received schedule participant score for exercise 3781 and participant 734 (result to be deleted: null)
    23:48:14.280 | 330 Pool-1-worker-94 | DEBUG | .a.s.ParticipantScoreScheduleService : Scheduled task for exercise 3781 and participant 734 at 2025-02-14T23:48:14.380445804Z[Etc/UTC].
    23:48:14.281 | 330 Pool-1-worker-94 | DEBUG | d.t.c.a.a.c.s.f.ApiVersionFilter     : Adding Version to Request POST /api/participations/3352/results/1690/submit-text-assessment
    23:48:14.305 | 330 Pool-1-worker-94 | DEBUG | .c.s.m.InstanceMessageReceiveService : Received schedule participant score for exercise 3781 and participant 734 (result to be deleted: null)
    23:48:14.305 | 330 Pool-1-worker-94 | DEBUG | .a.s.ParticipantScoreScheduleService : Scheduled task for exercise 3781 and participant 734 at 2025-02-14T23:48:14.405463271Z[Etc/UTC].
    23:48:14.308 | 330 Pool-1-worker-94 | DEBUG | .c.s.m.InstanceMessageReceiveService : Received schedule participant score for exercise 3781 and participant 734 (result to be deleted: null)
    23:48:14.308 | 330 Pool-1-worker-94 | DEBUG | .a.s.ParticipantScoreScheduleService : Scheduled task for exercise 3781 and participant 734 at 2025-02-14T23:48:14.408705739Z[Etc/UTC].

  Starting logs for TextAssessmentIntegrationTest > testSubmitAssessment_IncludedAsBonusExercise()
    23:48:14.413 | 330 Pool-1-worker-94 | DEBUG | d.t.c.a.a.c.u.util.UserUtilService   : Generate 2 students...
    23:48:14.418 | 330 Pool-1-worker-94 | DEBUG | d.t.c.a.a.c.u.util.UserUtilService   : 2 students generated. Generate 3 tutors...
    23:48:14.423 | 330 Pool-1-worker-94 | DEBUG | d.t.c.a.a.c.u.util.UserUtilService   : 3 tutors generated. Generate 0 editors...
    23:48:14.425 | 330 Pool-1-worker-94 | DEBUG | d.t.c.a.a.c.u.util.UserUtilService   : 0 editors generated. Generate 1 instructors...
    23:48:14.427 | 330 Pool-1-worker-94 | DEBUG | d.t.c.a.a.c.u.util.UserUtilService   : 1 instructors generated
    23:48:14.430 | 330 Pool-1-worker-94 | DEBUG | d.t.c.a.a.c.u.util.UserUtilService   : Removing 6 users from all courses...
    23:48:14.431 | 330 Pool-1-worker-94 | DEBUG | d.t.c.a.a.c.u.util.UserUtilService   : Removing 6 users from all courses. Done
    23:48:14.431 | 330 Pool-1-worker-94 | DEBUG | d.t.c.a.a.c.u.util.UserUtilService   : Save 6 users to database...
    23:48:14.435 | 330 Pool-1-worker-94 | DEBUG | d.t.c.a.a.c.u.util.UserUtilService   : Save 6 users to database. Done
    23:48:14.445 | 330 Pool-1-worker-94 | INFO  | i.z.t.d.l.EmbeddedDatabaseReporter   : JDBC URL to connect to 'dataSource': url='jdbc:h2:tcp://localhost:41063/mem:df70fc46-7e57-4cb5-9cd0-c1d90c14afa7;USER=sa', scope='TextAssessmentIntegrationTest#testSubmitAssessment_IncludedAsBonusExercise'
    23:48:14.453 | 330 Pool-1-worker-94 | DEBUG | d.t.c.a.a.c.s.f.ApiVersionFilter     : Adding Version to Request GET /api/exercises/3782/text-submission-without-assessment
    23:48:14.454 | 330 Pool-1-worker-94 | DEBUG | d.t.c.a.a.t.w.TextSubmissionResource : REST request to get a text submission without assessment
    23:48:14.467 | 330 Pool-1-worker-94 | DEBUG | .c.s.m.InstanceMessageReceiveService : Received schedule participant score for exercise 3782 and participant 734 (result to be deleted: null)
    23:48:14.468 | 330 Pool-1-worker-94 | DEBUG | .a.s.ParticipantScoreScheduleService : Scheduled task for exercise 3782 and participant 734 at 2025-02-14T23:48:14.567998676Z[Etc/UTC].
    23:48:14.479 | 330 Pool-1-worker-94 | DEBUG | .c.s.m.InstanceMessageReceiveService : Received schedule participant score for exercise 3782 and participant 734 (result to be deleted: null)
    23:48:14.479 | 330 Pool-1-worker-94 | DEBUG | .a.s.ParticipantScoreScheduleService : Scheduled task for exercise 3782 and participant 734 at 2025-02-14T23:48:14.579128944Z[Etc/UTC].
    23:48:14.489 | 330 Pool-1-worker-94 | DEBUG | .c.s.m.InstanceMessageReceiveService : Received schedule participant score for exercise 3782 and participant 734 (result to be deleted: null)
    23:48:14.489 | 330 Pool-1-worker-94 | DEBUG | .a.s.ParticipantScoreScheduleService : Scheduled task for exercise 3782 and participant 734 at 2025-02-14T23:48:14.589698376Z[Etc/UTC].
    23:48:14.496 | 330 Pool-1-worker-94 | DEBUG | d.t.c.a.a.c.s.f.ApiVersionFilter     : Adding Version to Request POST /api/participations/3353/results/1691/submit-text-assessment
    23:48:14.518 | 330 Pool-1-worker-94 | DEBUG | .c.s.m.InstanceMessageReceiveService : Received schedule participant score for exercise 3782 and participant 734 (result to be deleted: null)
    23:48:14.518 | 330 Pool-1-worker-94 | DEBUG | .a.s.ParticipantScoreScheduleService : Scheduled task for exercise 3782 and participant 734 at 2025-02-14T23:48:14.618840386Z[Etc/UTC].
    23:48:14.521 | 330 Pool-1-worker-94 | DEBUG | .c.s.m.InstanceMessageReceiveService : Received schedule participant score for exercise 3782 and participant 734 (result to be deleted: null)
    23:48:14.521 | 330 Pool-1-worker-94 | DEBUG | .a.s.ParticipantScoreScheduleService : Scheduled task for exercise 3782 and participant 734 at 2025-02-14T23:48:14.621370405Z[Etc/UTC].
    23:48:14.524 | 330 Pool-1-worker-94 | DEBUG | d.t.c.a.a.c.s.f.ApiVersionFilter     : Adding Version to Request POST /api/participations/3353/results/1691/submit-text-assessment
    23:48:14.552 | 330 Pool-1-worker-94 | DEBUG | .c.s.m.InstanceMessageReceiveService : Received schedule participant score for exercise 3782 and participant 734 (result to be deleted: null)
    23:48:14.552 | 330 Pool-1-worker-94 | DEBUG | .a.s.ParticipantScoreScheduleService : Scheduled task for exercise 3782 and participant 734 at 2025-02-14T23:48:14.652227804Z[Etc/UTC].
    23:48:14.555 | 330 Pool-1-worker-94 | DEBUG | d.t.c.a.a.c.s.f.ApiVersionFilter     : Adding Version to Request POST /api/participations/3353/results/1691/submit-text-assessment
    23:48:14.584 | 330 Pool-1-worker-94 | DEBUG | .c.s.m.InstanceMessageReceiveService : Received schedule participant score for exercise 3782 and participant 734 (result to be deleted: null)
    23:48:14.584 | 330 Pool-1-worker-94 | DEBUG | .a.s.ParticipantScoreScheduleService : Scheduled task for exercise 3782 and participant 734 at 2025-02-14T23:48:14.684229347Z[Etc/UTC].
    23:48:14.587 | 330 Pool-1-worker-94 | DEBUG | d.t.c.a.a.c.s.f.ApiVersionFilter     : Adding Version to Request POST /api/participations/3353/results/1691/submit-text-assessment
    23:48:14.615 | 330 Pool-1-worker-94 | DEBUG | .c.s.m.InstanceMessageReceiveService : Received schedule participant score for exercise 3782 and participant 734 (result to be deleted: null)
    23:48:14.615 | 330 Pool-1-worker-94 | DEBUG | .a.s.ParticipantScoreScheduleService : Scheduled task for exercise 3782 and participant 734 at 2025-02-14T23:48:14.715396875Z[Etc/UTC].
    23:48:14.619 | 330 Pool-1-worker-94 | DEBUG | d.t.c.a.a.c.s.f.ApiVersionFilter     : Adding Version to Request POST /api/participations/3353/results/1691/submit-text-assessment
    23:48:14.645 | 330 Pool-1-worker-94 | DEBUG | .c.s.m.InstanceMessageReceiveService : Received schedule participant score for exercise 3782 and participant 734 (result to be deleted: null)
    23:48:14.645 | 330 Pool-1-worker-94 | DEBUG | .a.s.ParticipantScoreScheduleService : Scheduled task for exercise 3782 and participant 734 at 2025-02-14T23:48:14.745473308Z[Etc/UTC].
    23:48:14.649 | 330 Pool-1-worker-94 | DEBUG | d.t.c.a.a.c.s.f.ApiVersionFilter     : Adding Version to Request POST /api/participations/3353/results/1691/submit-text-assessment
    23:48:14.677 | 330 Pool-1-worker-94 | DEBUG | .c.s.m.InstanceMessageReceiveService : Received schedule participant score for exercise 3782 and participant 734 (result to be deleted: null)
    23:48:14.677 | 330 Pool-1-worker-94 | DEBUG | .a.s.ParticipantScoreScheduleService : Scheduled task for exercise 3782 and participant 734 at 2025-02-14T23:48:14.777487435Z[Etc/UTC].

  Starting logs for TextAssessmentIntegrationTest > testSubmitAssessment_IncludedCompletelyWithoutBonusPointsExercise()
    23:48:14.694 | 330 Pool-1-worker-94 | DEBUG | d.t.c.a.a.c.u.util.UserUtilService   : Generate 2 students...
    23:48:14.699 | 330 Pool-1-worker-94 | DEBUG | d.t.c.a.a.c.u.util.UserUtilService   : 2 students generated. Generate 3 tutors...
    23:48:14.704 | 330 Pool-1-worker-94 | DEBUG | d.t.c.a.a.c.u.util.UserUtilService   : 3 tutors generated. Generate 0 editors...
    23:48:14.705 | 330 Pool-1-worker-94 | DEBUG | d.t.c.a.a.c.u.util.UserUtilService   : 0 editors generated. Generate 1 instructors...
    23:48:14.708 | 330 Pool-1-worker-94 | DEBUG | d.t.c.a.a.c.u.util.UserUtilService   : 1 instructors generated
    23:48:14.711 | 330 Pool-1-worker-94 | DEBUG | d.t.c.a.a.c.u.util.UserUtilService   : Removing 6 users from all courses...
    23:48:14.712 | 330 Pool-1-worker-94 | DEBUG | d.t.c.a.a.c.u.util.UserUtilService   : Removing 6 users from all courses. Done
    23:48:14.712 | 330 Pool-1-worker-94 | DEBUG | d.t.c.a.a.c.u.util.UserUtilService   : Save 6 users to database...
    23:48:14.717 | 330 Pool-1-worker-94 | DEBUG | d.t.c.a.a.c.u.util.UserUtilService   : Save 6 users to database. Done
    23:48:14.727 | 330 Pool-1-worker-94 | INFO  | i.z.t.d.l.EmbeddedDatabaseReporter   : JDBC URL to connect to 'dataSource': url='jdbc:h2:tcp://localhost:41063/mem:df70fc46-7e57-4cb5-9cd0-c1d90c14afa7;USER=sa', scope='TextAssessmentIntegrationTest#testSubmitAssessment_IncludedCompletelyWithoutBonusPointsExercise'
    23:48:14.735 | 330 Pool-1-worker-94 | DEBUG | d.t.c.a.a.c.s.f.ApiVersionFilter     : Adding Version to Request GET /api/exercises/3783/text-submission-without-assessment
    23:48:14.736 | 330 Pool-1-worker-94 | DEBUG | d.t.c.a.a.t.w.TextSubmissionResource : REST request to get a text submission without assessment
    23:48:14.749 | 330 Pool-1-worker-94 | DEBUG | .c.s.m.InstanceMessageReceiveService : Received schedule participant score for exercise 3783 and participant 734 (result to be deleted: null)
    23:48:14.750 | 330 Pool-1-worker-94 | DEBUG | .a.s.ParticipantScoreScheduleService : Scheduled task for exercise 3783 and participant 734 at 2025-02-14T23:48:14.850041219Z[Etc/UTC].
    23:48:14.760 | 330 Pool-1-worker-94 | DEBUG | .c.s.m.InstanceMessageReceiveService : Received schedule participant score for exercise 3783 and participant 734 (result to be deleted: null)
    23:48:14.760 | 330 Pool-1-worker-94 | DEBUG | .a.s.ParticipantScoreScheduleService : Scheduled task for exercise 3783 and participant 734 at 2025-02-14T23:48:14.860948251Z[Etc/UTC].
    23:48:14.772 | 330 Pool-1-worker-94 | DEBUG | .c.s.m.InstanceMessageReceiveService : Received schedule participant score for exercise 3783 and participant 734 (result to be deleted: null)
    23:48:14.772 | 330 Pool-1-worker-94 | DEBUG | .a.s.ParticipantScoreScheduleService : Scheduled task for exercise 3783 and participant 734 at 2025-02-14T23:48:14.872066086Z[Etc/UTC].
    23:48:14.778 | 330 Pool-1-worker-94 | DEBUG | d.t.c.a.a.c.s.f.ApiVersionFilter     : Adding Version to Request POST /api/participations/3354/results/1692/submit-text-assessment
    23:48:14.802 | 330 Pool-1-worker-94 | DEBUG | .c.s.m.InstanceMessageReceiveService : Received schedule participant score for exercise 3783 and participant 734 (result to be deleted: null)
    23:48:14.802 | 330 Pool-1-worker-94 | DEBUG | .a.s.ParticipantScoreScheduleService : Scheduled task for exercise 3783 and participant 734 at 2025-02-14T23:48:14.902372678Z[Etc/UTC].
    23:48:14.805 | 330 Pool-1-worker-94 | DEBUG | .c.s.m.InstanceMessageReceiveService : Received schedule participant score for exercise 3783 and participant 734 (result to be deleted: null)
    23:48:14.805 | 330 Pool-1-worker-94 | DEBUG | .a.s.ParticipantScoreScheduleService : Scheduled task for exercise 3783 and participant 734 at 2025-02-14T23:48:14.905251467Z[Etc/UTC].
    23:48:14.808 | 330 Pool-1-worker-94 | DEBUG | d.t.c.a.a.c.s.f.ApiVersionFilter     : Adding Version to Request POST /api/participations/3354/results/1692/submit-text-assessment
    23:48:14.835 | 330 Pool-1-worker-94 | DEBUG | .c.s.m.InstanceMessageReceiveService : Received schedule participant score for exercise 3783 and participant 734 (result to be deleted: null)
    23:48:14.835 | 330 Pool-1-worker-94 | DEBUG | .a.s.ParticipantScoreScheduleService : Scheduled task for exercise 3783 and participant 734 at 2025-02-14T23:48:14.935236670Z[Etc/UTC].
    23:48:14.840 | 330 Pool-1-worker-94 | DEBUG | d.t.c.a.a.c.s.f.ApiVersionFilter     : Adding Version to Request POST /api/participations/3354/results/1692/submit-text-assessment
    23:48:14.865 | 330 Pool-1-worker-94 | DEBUG | .c.s.m.InstanceMessageReceiveService : Received schedule participant score for exercise 3783 and participant 734 (result to be deleted: null)
    23:48:14.865 | 330 Pool-1-worker-94 | DEBUG | .a.s.ParticipantScoreScheduleService : Scheduled task for exercise 3783 and participant 734 at 2025-02-14T23:48:14.965569979Z[Etc/UTC].
    23:48:14.869 | 330 Pool-1-worker-94 | DEBUG | d.t.c.a.a.c.s.f.ApiVersionFilter     : Adding Version to Request POST /api/participations/3354/results/1692/submit-text-assessment
    23:48:14.896 | 330 Pool-1-worker-94 | DEBUG | .c.s.m.InstanceMessageReceiveService : Received schedule participant score for exercise 3783 and participant 734 (result to be deleted: null)
    23:48:14.896 | 330 Pool-1-worker-94 | DEBUG | .a.s.ParticipantScoreScheduleService : Scheduled task for exercise 3783 and participant 734 at 2025-02-14T23:48:14.996907835Z[Etc/UTC].
    23:48:14.906 | 330 Pool-1-worker-94 | DEBUG | d.t.c.a.a.c.s.f.ApiVersionFilter     : Adding Version to Request POST /api/participations/3354/results/1692/submit-text-assessment
    23:48:14.934 | 330 Pool-1-worker-94 | DEBUG | .c.s.m.InstanceMessageReceiveService : Received schedule participant score for exercise 3783 and participant 734 (result to be deleted: null)
    23:48:14.934 | 330 Pool-1-worker-94 | DEBUG | .a.s.ParticipantScoreScheduleService : Scheduled task for exercise 3783 and participant 734 at 2025-02-14T23:48:15.034481520Z[Etc/UTC].
    23:48:14.939 | 330 Pool-1-worker-94 | DEBUG | d.t.c.a.a.c.s.f.ApiVersionFilter     : Adding Version to Request POST /api/participations/3354/results/1692/submit-text-assessment
    23:48:14.972 | 330 Pool-1-worker-94 | DEBUG | .c.s.m.InstanceMessageReceiveService : Received schedule participant score for exercise 3783 and participant 734 (result to be deleted: null)
    23:48:14.972 | 330 Pool-1-worker-94 | DEBUG | .a.s.ParticipantScoreScheduleService : Scheduled task for exercise 3783 and participant 734 at 2025-02-14T23:48:15.072333344Z[Etc/UTC].

  Starting logs for TextAssessmentIntegrationTest > getTextSubmissionWithResultIdAsTutor_badRequest()
    23:48:15.009 | 330 Pool-1-worker-94 | DEBUG | d.t.c.a.a.c.u.util.UserUtilService   : Generate 2 students...
    23:48:15.015 | 330 Pool-1-worker-94 | DEBUG | d.t.c.a.a.c.u.util.UserUtilService   : 2 students generated. Generate 3 tutors...
    23:48:15.023 | 330 Pool-1-worker-94 | DEBUG | d.t.c.a.a.c.u.util.UserUtilService   : 3 tutors generated. Generate 0 editors...
    23:48:15.025 | 330 Pool-1-worker-94 | DEBUG | d.t.c.a.a.c.u.util.UserUtilService   : 0 editors generated. Generate 1 instructors...
    23:48:15.027 | 330 Pool-1-worker-94 | DEBUG | d.t.c.a.a.c.u.util.UserUtilService   : 1 instructors generated
    23:48:15.030 | 330 Pool-1-worker-94 | DEBUG | d.t.c.a.a.c.u.util.UserUtilService   : Removing 6 users from all courses...
    23:48:15.031 | 330 Pool-1-worker-94 | DEBUG | d.t.c.a.a.c.u.util.UserUtilService   : Removing 6 users from all courses. Done
    23:48:15.031 | 330 Pool-1-worker-94 | DEBUG | d.t.c.a.a.c.u.util.UserUtilService   : Save 6 users to database...
    23:48:15.035 | 330 Pool-1-worker-94 | DEBUG | d.t.c.a.a.c.u.util.UserUtilService   : Save 6 users to database. Done
    23:48:15.044 | 330 Pool-1-worker-94 | INFO  | i.z.t.d.l.EmbeddedDatabaseReporter   : JDBC URL to connect to 'dataSource': url='jdbc:h2:tcp://localhost:41063/mem:df70fc46-7e57-4cb5-9cd0-c1d90c14afa7;USER=sa', scope='TextAssessmentIntegrationTest#getTextSubmissionWithResultIdAsTutor_badRequest'
    23:48:15.050 | 330 Pool-1-worker-94 | DEBUG | .c.s.m.InstanceMessageReceiveService : Received schedule participant score for exercise 3784 and participant 734 (result to be deleted: null)
    23:48:15.050 | 330 Pool-1-worker-94 | DEBUG | .a.s.ParticipantScoreScheduleService : Scheduled task for exercise 3784 and participant 734 at 2025-02-14T23:48:15.150920691Z[Etc/UTC].
    23:48:15.069 | 330 Pool-1-worker-94 | DEBUG | .c.s.m.InstanceMessageReceiveService : Received schedule participant score for exercise 3784 and participant 734 (result to be deleted: null)
    23:48:15.070 | 330 Pool-1-worker-94 | DEBUG | .a.s.ParticipantScoreScheduleService : Scheduled task for exercise 3784 and participant 734 at 2025-02-14T23:48:15.170048465Z[Etc/UTC].
    23:48:15.070 | 330 Pool-1-worker-94 | DEBUG | .c.s.m.InstanceMessageReceiveService : Received schedule participant score for exercise 3784 and participant 734 (result to be deleted: null)
    23:48:15.070 | 330 Pool-1-worker-94 | DEBUG | .a.s.ParticipantScoreScheduleService : Scheduled task for exercise 3784 and participant 734 at 2025-02-14T23:48:15.170609962Z[Etc/UTC].
    23:48:15.081 | 330 Pool-1-worker-94 | DEBUG | d.t.c.a.a.c.s.f.ApiVersionFilter     : Adding Version to Request GET /api/text-submissions/1887/for-assessment
    23:48:15.082 | 330 Pool-1-worker-94 | DEBUG | d.t.c.a.a.t.w.TextAssessmentResource : REST request to get data for tutors text assessment submission: 1887
    23:48:15.087 | 330 Pool-1-worker-94 | WARN  | o.z.p.spring.common.AdviceTraits     : Forbidden: You are not allowed to assess this exercise!

  Starting logs for TextAssessmentIntegrationTest > cancelAssessmentOfOtherTutorAsTutor()
    23:48:15.101 | 330 Pool-1-worker-94 | DEBUG | d.t.c.a.a.c.u.util.UserUtilService   : Generate 2 students...
    23:48:15.105 | 330 Pool-1-worker-94 | DEBUG | d.t.c.a.a.c.u.util.UserUtilService   : 2 students generated. Generate 3 tutors...
    23:48:15.111 | 330 Pool-1-worker-94 | DEBUG | d.t.c.a.a.c.u.util.UserUtilService   : 3 tutors generated. Generate 0 editors...
    23:48:15.112 | 330 Pool-1-worker-94 | DEBUG | d.t.c.a.a.c.u.util.UserUtilService   : 0 editors generated. Generate 1 instructors...
    23:48:15.115 | 330 Pool-1-worker-94 | DEBUG | d.t.c.a.a.c.u.util.UserUtilService   : 1 instructors generated
    23:48:15.117 | 330 Pool-1-worker-94 | DEBUG | d.t.c.a.a.c.u.util.UserUtilService   : Removing 6 users from all courses...
    23:48:15.118 | 330 Pool-1-worker-94 | DEBUG | d.t.c.a.a.c.u.util.UserUtilService   : Removing 6 users from all courses. Done
    23:48:15.118 | 330 Pool-1-worker-94 | DEBUG | d.t.c.a.a.c.u.util.UserUtilService   : Save 6 users to database...
    23:48:15.123 | 330 Pool-1-worker-94 | DEBUG | d.t.c.a.a.c.u.util.UserUtilService   : Save 6 users to database. Done
    23:48:15.132 | 330 Pool-1-worker-94 | INFO  | i.z.t.d.l.EmbeddedDatabaseReporter   : JDBC URL to connect to 'dataSource': url='jdbc:h2:tcp://localhost:41063/mem:df70fc46-7e57-4cb5-9cd0-c1d90c14afa7;USER=sa', scope='TextAssessmentIntegrationTest#cancelAssessmentOfOtherTutorAsTutor'
    23:48:15.157 | 330 Pool-1-worker-94 | DEBUG | .c.s.m.InstanceMessageReceiveService : Received schedule participant score for exercise 3785 and participant 734 (result to be deleted: null)
    23:48:15.157 | 330 Pool-1-worker-94 | DEBUG | .a.s.ParticipantScoreScheduleService : Scheduled task for exercise 3785 and participant 734 at 2025-02-14T23:48:15.257446934Z[Etc/UTC].
    23:48:15.167 | 330 Pool-1-worker-94 | DEBUG | .c.s.m.InstanceMessageReceiveService : Received schedule participant score for exercise 3785 and participant 734 (result to be deleted: null)
    23:48:15.167 | 330 Pool-1-worker-94 | DEBUG | .a.s.ParticipantScoreScheduleService : Scheduled task for exercise 3785 and participant 734 at 2025-02-14T23:48:15.267536391Z[Etc/UTC].
    23:48:15.193 | 330 Pool-1-worker-94 | DEBUG | .c.s.m.InstanceMessageReceiveService : Received schedule participant score for exercise 3785 and participant 734 (result to be deleted: null)
    23:48:15.193 | 330 Pool-1-worker-94 | DEBUG | .a.s.ParticipantScoreScheduleService : Scheduled task for exercise 3785 and participant 734 at 2025-02-14T23:48:15.293516895Z[Etc/UTC].
    23:48:15.205 | 330 Pool-1-worker-94 | DEBUG | .c.s.m.InstanceMessageReceiveService : Received schedule participant score for exercise 3785 and participant 734 (result to be deleted: null)
    23:48:15.205 | 330 Pool-1-worker-94 | DEBUG | .a.s.ParticipantScoreScheduleService : Scheduled task for exercise 3785 and participant 734 at 2025-02-14T23:48:15.305071484Z[Etc/UTC].
    23:48:15.206 | 330 Pool-1-worker-94 | DEBUG | d.t.c.a.a.c.s.f.ApiVersionFilter     : Adding Version to Request POST /api/participations/3356/submissions/1888/cancel-assessment
    23:48:15.210 | 330 Pool-1-worker-94 | DEBUG | d.t.c.a.a.a.web.AssessmentResource   : REST request to cancel assessment of submission: 1888
    23:48:15.213 | 330 Pool-1-worker-94 | WARN  | o.z.p.spring.common.AdviceTraits     : Forbidden: You are not allowed to access this resource

  Starting logs for TextAssessmentIntegrationTest > getTextSubmissionWithResultId()
    23:48:15.228 | 330 Pool-1-worker-94 | DEBUG | d.t.c.a.a.c.u.util.UserUtilService   : Generate 2 students...
    23:48:15.232 | 330 Pool-1-worker-94 | DEBUG | d.t.c.a.a.c.u.util.UserUtilService   : 2 students generated. Generate 3 tutors...
    23:48:15.238 | 330 Pool-1-worker-94 | DEBUG | d.t.c.a.a.c.u.util.UserUtilService   : 3 tutors generated. Generate 0 editors...
    23:48:15.239 | 330 Pool-1-worker-94 | DEBUG | d.t.c.a.a.c.u.util.UserUtilService   : 0 editors generated. Generate 1 instructors...
    23:48:15.242 | 330 Pool-1-worker-94 | DEBUG | d.t.c.a.a.c.u.util.UserUtilService   : 1 instructors generated
    23:48:15.244 | 330 Pool-1-worker-94 | DEBUG | d.t.c.a.a.c.u.util.UserUtilService   : Removing 6 users from all courses...
    23:48:15.245 | 330 Pool-1-worker-94 | DEBUG | d.t.c.a.a.c.u.util.UserUtilService   : Removing 6 users from all courses. Done
    23:48:15.245 | 330 Pool-1-worker-94 | DEBUG | d.t.c.a.a.c.u.util.UserUtilService   : Save 6 users to database...
    23:48:15.249 | 330 Pool-1-worker-94 | DEBUG | d.t.c.a.a.c.u.util.UserUtilService   : Save 6 users to database. Done
    23:48:15.260 | 330 Pool-1-worker-94 | INFO  | i.z.t.d.l.EmbeddedDatabaseReporter   : JDBC URL to connect to 'dataSource': url='jdbc:h2:tcp://localhost:41063/mem:df70fc46-7e57-4cb5-9cd0-c1d90c14afa7;USER=sa', scope='TextAssessmentIntegrationTest#getTextSubmissionWithResultId'
    23:48:15.268 | 330 Pool-1-worker-94 | DEBUG | .c.s.m.InstanceMessageReceiveService : Received schedule participant score for exercise 3786 and participant 734 (result to be deleted: null)
    23:48:15.268 | 330 Pool-1-worker-94 | DEBUG | .a.s.ParticipantScoreScheduleService : Scheduled task for exercise 3786 and participant 734 at 2025-02-14T23:48:15.368617519Z[Etc/UTC].
    23:48:15.291 | 330 Pool-1-worker-94 | DEBUG | .c.s.m.InstanceMessageReceiveService : Received schedule participant score for exercise 3786 and participant 734 (result to be deleted: null)
    23:48:15.291 | 330 Pool-1-worker-94 | DEBUG | .a.s.ParticipantScoreScheduleService : Scheduled task for exercise 3786 and participant 734 at 2025-02-14T23:48:15.391581257Z[Etc/UTC].
    23:48:15.292 | 330 Pool-1-worker-94 | DEBUG | .c.s.m.InstanceMessageReceiveService : Received schedule participant score for exercise 3786 and participant 734 (result to be deleted: null)
    23:48:15.292 | 330 Pool-1-worker-94 | DEBUG | .a.s.ParticipantScoreScheduleService : Scheduled task for exercise 3786 and participant 734 at 2025-02-14T23:48:15.392081139Z[Etc/UTC].
    23:48:15.303 | 330 Pool-1-worker-94 | DEBUG | d.t.c.a.a.c.s.f.ApiVersionFilter     : Adding Version to Request GET /api/text-submissions/1889/for-assessment
    23:48:15.304 | 330 Pool-1-worker-94 | DEBUG | d.t.c.a.a.t.w.TextAssessmentResource : REST request to get data for tutors text assessment submission: 1889

  Starting logs for TextAssessmentIntegrationTest > testConsecutiveSaveFailsAfterAddingOrRemovingReferencedFeedback()
    23:48:15.329 | 330 Pool-1-worker-94 | DEBUG | d.t.c.a.a.c.u.util.UserUtilService   : Generate 2 students...
    23:48:15.333 | 330 Pool-1-worker-94 | DEBUG | d.t.c.a.a.c.u.util.UserUtilService   : 2 students generated. Generate 3 tutors...
    23:48:15.338 | 330 Pool-1-worker-94 | DEBUG | d.t.c.a.a.c.u.util.UserUtilService   : 3 tutors generated. Generate 0 editors...
    23:48:15.340 | 330 Pool-1-worker-94 | DEBUG | d.t.c.a.a.c.u.util.UserUtilService   : 0 editors generated. Generate 1 instructors...
    23:48:15.342 | 330 Pool-1-worker-94 | DEBUG | d.t.c.a.a.c.u.util.UserUtilService   : 1 instructors generated
    23:48:15.345 | 330 Pool-1-worker-94 | DEBUG | d.t.c.a.a.c.u.util.UserUtilService   : Removing 6 users from all courses...
    23:48:15.346 | 330 Pool-1-worker-94 | DEBUG | d.t.c.a.a.c.u.util.UserUtilService   : Removing 6 users from all courses. Done
    23:48:15.346 | 330 Pool-1-worker-94 | DEBUG | d.t.c.a.a.c.u.util.UserUtilService   : Save 6 users to database...
    23:48:15.350 | 330 Pool-1-worker-94 | DEBUG | d.t.c.a.a.c.u.util.UserUtilService   : Save 6 users to database. Done
    23:48:15.360 | 330 Pool-1-worker-94 | INFO  | i.z.t.d.l.EmbeddedDatabaseReporter   : JDBC URL to connect to 'dataSource': url='jdbc:h2:tcp://localhost:41063/mem:df70fc46-7e57-4cb5-9cd0-c1d90c14afa7;USER=sa', scope='TextAssessmentIntegrationTest#testConsecutiveSaveFailsAfterAddingOrRemovingReferencedFeedback'
    23:48:15.419 | 330 Pool-1-worker-94 | DEBUG | .c.s.m.InstanceMessageReceiveService : Received schedule participant score for exercise 3787 and participant 735 (result to be deleted: null)
    23:48:15.419 | 330 Pool-1-worker-94 | DEBUG | .a.s.ParticipantScoreScheduleService : Scheduled task for exercise 3787 and participant 735 at 2025-02-14T23:48:15.519844027Z[Etc/UTC].
    23:48:15.430 | 330 Pool-1-worker-94 | DEBUG | .c.s.m.InstanceMessageReceiveService : Received schedule participant score for exercise 3787 and participant 735 (result to be deleted: null)
    23:48:15.430 | 330 Pool-1-worker-94 | DEBUG | .a.s.ParticipantScoreScheduleService : Scheduled task for exercise 3787 and participant 735 at 2025-02-14T23:48:15.530180585Z[Etc/UTC].
    23:48:15.454 | 330 Pool-1-worker-94 | DEBUG | .c.s.m.InstanceMessageReceiveService : Received schedule participant score for exercise 3787 and participant 735 (result to be deleted: null)
    23:48:15.454 | 330 Pool-1-worker-94 | DEBUG | .a.s.ParticipantScoreScheduleService : Scheduled task for exercise 3787 and participant 735 at 2025-02-14T23:48:15.554662644Z[Etc/UTC].
    23:48:15.465 | 330 Pool-1-worker-94 | DEBUG | .c.s.m.InstanceMessageReceiveService : Received schedule participant score for exercise 3787 and participant 735 (result to be deleted: null)
    23:48:15.465 | 330 Pool-1-worker-94 | DEBUG | .a.s.ParticipantScoreScheduleService : Scheduled task for exercise 3787 and participant 735 at 2025-02-14T23:48:15.565745083Z[Etc/UTC].
    23:48:15.471 | 330 Pool-1-worker-94 | DEBUG | d.t.c.a.a.c.s.f.ApiVersionFilter     : Adding Version to Request GET /api/exercises/3787/text-submission-without-assessment
    23:48:15.471 | 330 Pool-1-worker-94 | DEBUG | d.t.c.a.a.t.w.TextSubmissionResource : REST request to get a text submission without assessment
    23:48:15.497 | 330 Pool-1-worker-94 | DEBUG | .c.s.m.InstanceMessageReceiveService : Received schedule participant score for exercise 3787 and participant 735 (result to be deleted: null)
    23:48:15.497 | 330 Pool-1-worker-94 | DEBUG | .a.s.ParticipantScoreScheduleService : Scheduled task for exercise 3787 and participant 735 at 2025-02-14T23:48:15.597422522Z[Etc/UTC].
    23:48:15.535 | 330 Pool-1-worker-94 | DEBUG | d.t.c.a.a.c.s.f.ApiVersionFilter     : Adding Version to Request PUT /api/participations/3359/results/1698/text-assessment
    23:48:15.570 | 330 Pool-1-worker-94 | DEBUG | .c.s.m.InstanceMessageReceiveService : Received schedule participant score for exercise 3787 and participant 735 (result to be deleted: null)
    23:48:15.570 | 330 Pool-1-worker-94 | DEBUG | .a.s.ParticipantScoreScheduleService : Scheduled task for exercise 3787 and participant 735 at 2025-02-14T23:48:15.670373367Z[Etc/UTC].
    23:48:15.579 | 330 Pool-1-worker-94 | DEBUG | d.t.c.a.a.c.s.f.ApiVersionFilter     : Adding Version to Request PUT /api/participations/3359/results/1698/text-assessment
    23:48:15.608 | 330 Pool-1-worker-94 | DEBUG | d.t.c.a.a.c.s.f.ApiVersionFilter     : Adding Version to Request PUT /api/participations/3359/results/1698/text-assessment

  Starting logs for TextAssessmentIntegrationTest > retrieveParticipationForSubmission_studentHidden()
    23:48:15.652 | 330 Pool-1-worker-94 | DEBUG | d.t.c.a.a.c.u.util.UserUtilService   : Generate 2 students...
    23:48:15.656 | 330 Pool-1-worker-94 | DEBUG | d.t.c.a.a.c.u.util.UserUtilService   : 2 students generated. Generate 3 tutors...
    23:48:15.661 | 330 Pool-1-worker-94 | DEBUG | d.t.c.a.a.c.u.util.UserUtilService   : 3 tutors generated. Generate 0 editors...
    23:48:15.663 | 330 Pool-1-worker-94 | DEBUG | d.t.c.a.a.c.u.util.UserUtilService   : 0 editors generated. Generate 1 instructors...
    23:48:15.666 | 330 Pool-1-worker-94 | DEBUG | d.t.c.a.a.c.u.util.UserUtilService   : 1 instructors generated
    23:48:15.668 | 330 Pool-1-worker-94 | DEBUG | d.t.c.a.a.c.u.util.UserUtilService   : Removing 6 users from all courses...
    23:48:15.669 | 330 Pool-1-worker-94 | DEBUG | d.t.c.a.a.c.u.util.UserUtilService   : Removing 6 users from all courses. Done
    23:48:15.669 | 330 Pool-1-worker-94 | DEBUG | d.t.c.a.a.c.u.util.UserUtilService   : Save 6 users to database...
    23:48:15.674 | 330 Pool-1-worker-94 | DEBUG | d.t.c.a.a.c.u.util.UserUtilService   : Save 6 users to database. Done
    23:48:15.685 | 330 Pool-1-worker-94 | INFO  | i.z.t.d.l.EmbeddedDatabaseReporter   : JDBC URL to connect to 'dataSource': url='jdbc:h2:tcp://localhost:41063/mem:df70fc46-7e57-4cb5-9cd0-c1d90c14afa7;USER=sa', scope='TextAssessmentIntegrationTest#retrieveParticipationForSubmission_studentHidden'
    23:48:15.692 | 330 Pool-1-worker-94 | DEBUG | d.t.c.a.a.c.s.f.ApiVersionFilter     : Adding Version to Request GET /api/text-submissions/1892/for-assessment
    23:48:15.692 | 330 Pool-1-worker-94 | DEBUG | d.t.c.a.a.t.w.TextAssessmentResource : REST request to get data for tutors text assessment submission: 1892
    23:48:15.698 | 330 Pool-1-worker-94 | DEBUG | .c.s.m.InstanceMessageReceiveService : Received schedule participant score for exercise 3788 and participant 734 (result to be deleted: null)
    23:48:15.698 | 330 Pool-1-worker-94 | DEBUG | .a.s.ParticipantScoreScheduleService : Scheduled task for exercise 3788 and participant 734 at 2025-02-14T23:48:15.798181420Z[Etc/UTC].
    23:48:15.709 | 330 Pool-1-worker-94 | DEBUG | .c.s.m.InstanceMessageReceiveService : Received schedule participant score for exercise 3788 and participant 734 (result to be deleted: null)
    23:48:15.709 | 330 Pool-1-worker-94 | DEBUG | .a.s.ParticipantScoreScheduleService : Scheduled task for exercise 3788 and participant 734 at 2025-02-14T23:48:15.809150057Z[Etc/UTC].
    23:48:15.719 | 330 Pool-1-worker-94 | DEBUG | .c.s.m.InstanceMessageReceiveService : Received schedule participant score for exercise 3788 and participant 734 (result to be deleted: null)
    23:48:15.720 | 330 Pool-1-worker-94 | DEBUG | .a.s.ParticipantScoreScheduleService : Scheduled task for exercise 3788 and participant 734 at 2025-02-14T23:48:15.820012666Z[Etc/UTC].

  Starting logs for TextAssessmentIntegrationTest > testSubmitAssessment_withResultOver100Percent()
    23:48:15.738 | 330 Pool-1-worker-94 | DEBUG | d.t.c.a.a.c.u.util.UserUtilService   : Generate 2 students...
    23:48:15.743 | 330 Pool-1-worker-94 | DEBUG | d.t.c.a.a.c.u.util.UserUtilService   : 2 students generated. Generate 3 tutors...
    23:48:15.748 | 330 Pool-1-worker-94 | DEBUG | d.t.c.a.a.c.u.util.UserUtilService   : 3 tutors generated. Generate 0 editors...
    23:48:15.749 | 330 Pool-1-worker-94 | DEBUG | d.t.c.a.a.c.u.util.UserUtilService   : 0 editors generated. Generate 1 instructors...
    23:48:15.752 | 330 Pool-1-worker-94 | DEBUG | d.t.c.a.a.c.u.util.UserUtilService   : 1 instructors generated
    23:48:15.754 | 330 Pool-1-worker-94 | DEBUG | d.t.c.a.a.c.u.util.UserUtilService   : Removing 6 users from all courses...
    23:48:15.755 | 330 Pool-1-worker-94 | DEBUG | d.t.c.a.a.c.u.util.UserUtilService   : Removing 6 users from all courses. Done
    23:48:15.755 | 330 Pool-1-worker-94 | DEBUG | d.t.c.a.a.c.u.util.UserUtilService   : Save 6 users to database...
    23:48:15.760 | 330 Pool-1-worker-94 | DEBUG | d.t.c.a.a.c.u.util.UserUtilService   : Save 6 users to database. Done
    23:48:15.770 | 330 Pool-1-worker-94 | INFO  | i.z.t.d.l.EmbeddedDatabaseReporter   : JDBC URL to connect to 'dataSource': url='jdbc:h2:tcp://localhost:41063/mem:df70fc46-7e57-4cb5-9cd0-c1d90c14afa7;USER=sa', scope='TextAssessmentIntegrationTest#testSubmitAssessment_withResultOver100Percent'
    23:48:15.781 | 330 Pool-1-worker-94 | DEBUG | d.t.c.a.a.c.s.f.ApiVersionFilter     : Adding Version to Request GET /api/exercises/3789/text-submission-without-assessment
    23:48:15.782 | 330 Pool-1-worker-94 | DEBUG | d.t.c.a.a.t.w.TextSubmissionResource : REST request to get a text submission without assessment
    23:48:15.797 | 330 Pool-1-worker-94 | DEBUG | .c.s.m.InstanceMessageReceiveService : Received schedule participant score for exercise 3789 and participant 734 (result to be deleted: null)
    23:48:15.797 | 330 Pool-1-worker-94 | DEBUG | .a.s.ParticipantScoreScheduleService : Scheduled task for exercise 3789 and participant 734 at 2025-02-14T23:48:15.897643569Z[Etc/UTC].
    23:48:15.810 | 330 Pool-1-worker-94 | DEBUG | .c.s.m.InstanceMessageReceiveService : Received schedule participant score for exercise 3789 and participant 734 (result to be deleted: null)
    23:48:15.810 | 330 Pool-1-worker-94 | DEBUG | .a.s.ParticipantScoreScheduleService : Scheduled task for exercise 3789 and participant 734 at 2025-02-14T23:48:15.910685175Z[Etc/UTC].
    23:48:15.821 | 330 Pool-1-worker-94 | DEBUG | .c.s.m.InstanceMessageReceiveService : Received schedule participant score for exercise 3789 and participant 734 (result to be deleted: null)
    23:48:15.821 | 330 Pool-1-worker-94 | DEBUG | .a.s.ParticipantScoreScheduleService : Scheduled task for exercise 3789 and participant 734 at 2025-02-14T23:48:15.921557813Z[Etc/UTC].
    23:48:15.827 | 330 Pool-1-worker-94 | DEBUG | d.t.c.a.a.c.s.f.ApiVersionFilter     : Adding Version to Request POST /api/participations/3361/results/1700/submit-text-assessment
    23:48:15.851 | 330 Pool-1-worker-94 | DEBUG | .c.s.m.InstanceMessageReceiveService : Received schedule participant score for exercise 3789 and participant 734 (result to be deleted: null)
    23:48:15.851 | 330 Pool-1-worker-94 | DEBUG | .a.s.ParticipantScoreScheduleService : Scheduled task for exercise 3789 and participant 734 at 2025-02-14T23:48:15.951253716Z[Etc/UTC].
    23:48:15.853 | 330 Pool-1-worker-94 | DEBUG | .c.s.m.InstanceMessageReceiveService : Received schedule participant score for exercise 3789 and participant 734 (result to be deleted: null)
    23:48:15.853 | 330 Pool-1-worker-94 | DEBUG | .a.s.ParticipantScoreScheduleService : Scheduled task for exercise 3789 and participant 734 at 2025-02-14T23:48:15.953911773Z[Etc/UTC].
    23:48:15.857 | 330 Pool-1-worker-94 | DEBUG | d.t.c.a.a.c.s.f.ApiVersionFilter     : Adding Version to Request POST /api/participations/3361/results/1700/submit-text-assessment
    23:48:15.890 | 330 Pool-1-worker-94 | DEBUG | .c.s.m.InstanceMessageReceiveService : Received schedule participant score for exercise 3789 and participant 734 (result to be deleted: null)
    23:48:15.890 | 330 Pool-1-worker-94 | DEBUG | .a.s.ParticipantScoreScheduleService : Scheduled task for exercise 3789 and participant 734 at 2025-02-14T23:48:15.990384434Z[Etc/UTC].

  Starting logs for TextAssessmentIntegrationTest > getDataForTextEditor_beforeAssessmentDueDate_noResult()
    23:48:15.909 | 330 Pool-1-worker-94 | DEBUG | d.t.c.a.a.c.u.util.UserUtilService   : Generate 2 students...
    23:48:15.913 | 330 Pool-1-worker-94 | DEBUG | d.t.c.a.a.c.u.util.UserUtilService   : 2 students generated. Generate 3 tutors...
    23:48:15.919 | 330 Pool-1-worker-94 | DEBUG | d.t.c.a.a.c.u.util.UserUtilService   : 3 tutors generated. Generate 0 editors...
    23:48:15.920 | 330 Pool-1-worker-94 | DEBUG | d.t.c.a.a.c.u.util.UserUtilService   : 0 editors generated. Generate 1 instructors...
    23:48:15.923 | 330 Pool-1-worker-94 | DEBUG | d.t.c.a.a.c.u.util.UserUtilService   : 1 instructors generated
    23:48:15.926 | 330 Pool-1-worker-94 | DEBUG | d.t.c.a.a.c.u.util.UserUtilService   : Removing 6 users from all courses...
    23:48:15.927 | 330 Pool-1-worker-94 | DEBUG | d.t.c.a.a.c.u.util.UserUtilService   : Removing 6 users from all courses. Done
    23:48:15.927 | 330 Pool-1-worker-94 | DEBUG | d.t.c.a.a.c.u.util.UserUtilService   : Save 6 users to database...
    23:48:15.933 | 330 Pool-1-worker-94 | DEBUG | d.t.c.a.a.c.u.util.UserUtilService   : Save 6 users to database. Done
    23:48:15.945 | 330 Pool-1-worker-94 | INFO  | i.z.t.d.l.EmbeddedDatabaseReporter   : JDBC URL to connect to 'dataSource': url='jdbc:h2:tcp://localhost:41063/mem:df70fc46-7e57-4cb5-9cd0-c1d90c14afa7;USER=sa', scope='TextAssessmentIntegrationTest#getDataForTextEditor_beforeAssessmentDueDate_noResult'
    23:48:15.971 | 330 Pool-1-worker-94 | DEBUG | .c.s.m.InstanceMessageReceiveService : Received schedule participant score for exercise 3790 and participant 734 (result to be deleted: null)
    23:48:15.971 | 330 Pool-1-worker-94 | DEBUG | .a.s.ParticipantScoreScheduleService : Scheduled task for exercise 3790 and participant 734 at 2025-02-14T23:48:16.071325922Z[Etc/UTC].
    23:48:15.980 | 330 Pool-1-worker-94 | DEBUG | .c.s.m.InstanceMessageReceiveService : Received schedule participant score for exercise 3790 and participant 734 (result to be deleted: null)
    23:48:15.980 | 330 Pool-1-worker-94 | DEBUG | .a.s.ParticipantScoreScheduleService : Scheduled task for exercise 3790 and participant 734 at 2025-02-14T23:48:16.080457543Z[Etc/UTC].
    23:48:16.006 | 330 Pool-1-worker-94 | DEBUG | .c.s.m.InstanceMessageReceiveService : Received schedule participant score for exercise 3790 and participant 734 (result to be deleted: null)
    23:48:16.006 | 330 Pool-1-worker-94 | DEBUG | .a.s.ParticipantScoreScheduleService : Scheduled task for exercise 3790 and participant 734 at 2025-02-14T23:48:16.106430332Z[Etc/UTC].
    23:48:16.008 | 330 Pool-1-worker-94 | DEBUG | d.t.c.a.a.c.s.f.ApiVersionFilter     : Adding Version to Request GET /api/text-editor/3362

  Starting logs for TextAssessmentIntegrationTest > testTextBlocksAreConsistentWhenOpeningSameAssessmentTwiceWithAthenaEnabled()
    23:48:16.031 | 330 Pool-1-worker-94 | DEBUG | d.t.c.a.a.c.u.util.UserUtilService   : Generate 2 students...
    23:48:16.039 | 330 Pool-1-worker-94 | DEBUG | d.t.c.a.a.c.u.util.UserUtilService   : 2 students generated. Generate 3 tutors...
    23:48:16.051 | 330 Pool-1-worker-94 | DEBUG | d.t.c.a.a.c.u.util.UserUtilService   : 3 tutors generated. Generate 0 editors...
    23:48:16.055 | 330 Pool-1-worker-94 | DEBUG | d.t.c.a.a.c.u.util.UserUtilService   : 0 editors generated. Generate 1 instructors...
    23:48:16.060 | 330 Pool-1-worker-94 | DEBUG | d.t.c.a.a.c.u.util.UserUtilService   : 1 instructors generated
    23:48:16.066 | 330 Pool-1-worker-94 | DEBUG | d.t.c.a.a.c.u.util.UserUtilService   : Removing 6 users from all courses...
    23:48:16.067 | 330 Pool-1-worker-94 | DEBUG | d.t.c.a.a.c.u.util.UserUtilService   : Removing 6 users from all courses. Done
    23:48:16.067 | 330 Pool-1-worker-94 | DEBUG | d.t.c.a.a.c.u.util.UserUtilService   : Save 6 users to database...
    23:48:16.077 | 330 Pool-1-worker-94 | DEBUG | d.t.c.a.a.c.u.util.UserUtilService   : Save 6 users to database. Done
    23:48:16.096 | 330 Pool-1-worker-94 | INFO  | i.z.t.d.l.EmbeddedDatabaseReporter   : JDBC URL to connect to 'dataSource': url='jdbc:h2:tcp://localhost:41063/mem:df70fc46-7e57-4cb5-9cd0-c1d90c14afa7;USER=sa', scope='TextAssessmentIntegrationTest#testTextBlocksAreConsistentWhenOpeningSameAssessmentTwiceWithAthenaEnabled'
    23:48:16.122 | 330 Pool-1-worker-94 | DEBUG | d.t.c.a.a.c.s.f.ApiVersionFilter     : Adding Version to Request GET /api/exercises/3791/text-submission-without-assessment
    23:48:16.122 | 330 Pool-1-worker-94 | DEBUG | d.t.c.a.a.t.w.TextSubmissionResource : REST request to get a text submission without assessment
    23:48:16.133 | 330 Pool-1-worker-94 | DEBUG | a.s.AthenaSubmissionSelectionService : Start Athena Submission Selection Service for Exercise 'Text' (#3791).
    23:48:16.133 | 330 Pool-1-worker-94 | INFO  | a.s.AthenaSubmissionSelectionService : Calling Athena to calculate next proposed submissions for 1 submissions.
    23:48:16.135 | 330 Pool-1-worker-94 | DEBUG | d.t.c.a.a.a.service.AthenaConnector  : Calling Athena.
    23:48:16.138 | 330 Pool-1-worker-94 | DEBUG | d.t.c.a.a.a.service.AthenaConnector  : Finished remote call in 2.88ms
    23:48:16.138 | 330 Pool-1-worker-94 | INFO  | a.s.AthenaSubmissionSelectionService : Athena to calculate next proposes submissions responded: 0
    23:48:16.140 | 330 Pool-1-worker-94 | DEBUG | d.t.c.a.a.e.s.SubmissionService      : Athena proposed submission 0 is not assessable anymore
    23:48:16.144 | 330 Pool-1-worker-94 | DEBUG | .c.s.m.InstanceMessageReceiveService : Received schedule participant score for exercise 3791 and participant 734 (result to be deleted: null)
    23:48:16.144 | 330 Pool-1-worker-94 | DEBUG | .a.s.ParticipantScoreScheduleService : Scheduled task for exercise 3791 and participant 734 at 2025-02-14T23:48:16.244045667Z[Etc/UTC].
    23:48:16.154 | 330 Pool-1-worker-94 | DEBUG | .c.s.m.InstanceMessageReceiveService : Received schedule participant score for exercise 3791 and participant 734 (result to be deleted: null)
    23:48:16.154 | 330 Pool-1-worker-94 | DEBUG | .a.s.ParticipantScoreScheduleService : Scheduled task for exercise 3791 and participant 734 at 2025-02-14T23:48:16.254982655Z[Etc/UTC].
    23:48:16.164 | 330 Pool-1-worker-94 | DEBUG | .c.s.m.InstanceMessageReceiveService : Received schedule participant score for exercise 3791 and participant 734 (result to be deleted: null)
    23:48:16.164 | 330 Pool-1-worker-94 | DEBUG | .a.s.ParticipantScoreScheduleService : Scheduled task for exercise 3791 and participant 734 at 2025-02-14T23:48:16.264777212Z[Etc/UTC].
    23:48:16.172 | 330 Pool-1-worker-94 | DEBUG | d.t.c.a.a.c.s.f.ApiVersionFilter     : Adding Version to Request POST /api/participations/3363/results/1702/submit-text-assessment
    23:48:16.195 | 330 Pool-1-worker-94 | DEBUG | .c.s.m.InstanceMessageReceiveService : Received schedule participant score for exercise 3791 and participant 734 (result to be deleted: null)
    23:48:16.195 | 330 Pool-1-worker-94 | DEBUG | .a.s.ParticipantScoreScheduleService : Scheduled task for exercise 3791 and participant 734 at 2025-02-14T23:48:16.295864590Z[Etc/UTC].
    23:48:16.198 | 330 Pool-1-worker-94 | DEBUG | .c.s.m.InstanceMessageReceiveService : Received schedule participant score for exercise 3791 and participant 734 (result to be deleted: null)
    23:48:16.198 | 330 Pool-1-worker-94 | DEBUG | .a.s.ParticipantScoreScheduleService : Scheduled task for exercise 3791 and participant 734 at 2025-02-14T23:48:16.298476601Z[Etc/UTC].
    23:48:16.210 | 621 artemis-task-1   | DEBUG | a.a.a.s.AthenaFeedbackSendingService : Start Athena Feedback Sending Service for Exercise 'Text' (#3791).
    23:48:16.210 | 621 artemis-task-1   | INFO  | a.a.a.s.AthenaFeedbackSendingService : Calling Athena with given feedback.
    23:48:16.213 | 330 Pool-1-worker-94 | DEBUG | d.t.c.a.a.c.s.f.ApiVersionFilter     : Adding Version to Request GET /api/text-submissions/1895/for-assessment
    23:48:16.214 | 330 Pool-1-worker-94 | DEBUG | d.t.c.a.a.t.w.TextAssessmentResource : REST request to get data for tutors text assessment submission: 1895
    23:48:16.216 | 621 artemis-task-1   | DEBUG | d.t.c.a.a.a.service.AthenaConnector  : Calling Athena.
    23:48:16.225 | 621 artemis-task-1   | ERROR | .SimpleAsyncUncaughtExceptionHandler : Unexpected exception occurred invoking async method: public void de.tum.cit.aet.artemis.athena.service.AthenaFeedbackSendingService.sendFeedback(de.tum.cit.aet.artemis.exercise.domain.Exercise,de.tum.cit.aet.artemis.exercise.domain.Submission,java.util.List)
java.lang.AssertionError: No further requests expected: HTTP POST http://localhost:5100/modules/text/module_text_test/feedbacks
0 request(s) executed.

	at org.springframework.test.web.client.AbstractRequestExpectationManager.createUnexpectedRequestError(AbstractRequestExpectationManager.java:193)
	at org.springframework.test.web.client.SimpleRequestExpectationManager.matchRequest(SimpleRequestExpectationManager.java:59)
	at org.springframework.test.web.client.AbstractRequestExpectationManager.validateRequest(AbstractRequestExpectationManager.java:91)
	at org.springframework.test.web.client.MockRestServiceServer$MockClientHttpRequestFactory$1.executeInternal(MockRestServiceServer.java:324)
	at org.springframework.mock.http.client.MockClientHttpRequest.execute(MockClientHttpRequest.java:141)
	at org.springframework.http.client.InterceptingClientHttpRequest$InterceptingRequestExecution.execute(InterceptingClientHttpRequest.java:117)
	at de.tum.cit.aet.artemis.athena.config.AthenaAuthorizationInterceptor.intercept(AthenaAuthorizationInterceptor.java:33)
	at org.springframework.http.client.InterceptingClientHttpRequest$InterceptingRequestExecution.execute(InterceptingClientHttpRequest.java:88)
	at org.springframework.http.client.InterceptingClientHttpRequest.executeInternal(InterceptingClientHttpRequest.java:72)
	at org.springframework.http.client.AbstractBufferingClientHttpRequest.executeInternal(AbstractBufferingClientHttpRequest.java:48)
	at org.springframework.http.client.AbstractClientHttpRequest.execute(AbstractClientHttpRequest.java:81)
	at org.springframework.web.client.RestTemplate.doExecute(RestTemplate.java:900)
	at org.springframework.web.client.RestTemplate.execute(RestTemplate.java:801)
	at org.springframework.web.client.RestTemplate.postForEntity(RestTemplate.java:549)
	at de.tum.cit.aet.artemis.athena.service.AthenaConnector.invoke(AthenaConnector.java:63)
	at de.tum.cit.aet.artemis.athena.service.AthenaConnector.invokeWithRetry(AthenaConnector.java:96)
	at de.tum.cit.aet.artemis.athena.service.AthenaFeedbackSendingService.sendFeedback(AthenaFeedbackSendingService.java:100)
	at de.tum.cit.aet.artemis.athena.service.AthenaFeedbackSendingService.sendFeedback(AthenaFeedbackSendingService.java:69)
	at java.base/jdk.internal.reflect.DirectMethodHandleAccessor.invoke(DirectMethodHandleAccessor.java:103)
	at java.base/java.lang.reflect.Method.invoke(Method.java:580)
	at org.springframework.aop.support.AopUtils.invokeJoinpointUsingReflection(AopUtils.java:359)
	at org.springframework.aop.framework.ReflectiveMethodInvocation.invokeJoinpoint(ReflectiveMethodInvocation.java:196)
	at org.springframework.aop.framework.ReflectiveMethodInvocation.proceed(ReflectiveMethodInvocation.java:163)
	at org.springframework.aop.interceptor.AsyncExecutionInterceptor.lambda$invoke$0(AsyncExecutionInterceptor.java:114)
	at tech.jhipster.async.ExceptionHandlingAsyncTaskExecutor.lambda$createCallable$0(ExceptionHandlingAsyncTaskExecutor.java:66)
	at java.base/java.util.concurrent.FutureTask.run(FutureTask.java:317)
	at java.base/java.util.concurrent.ThreadPoolExecutor.runWorker(ThreadPoolExecutor.java:1144)
	at java.base/java.util.concurrent.ThreadPoolExecutor$Worker.run(ThreadPoolExecutor.java:642)
	at java.base/java.lang.Thread.run(Thread.java:1583)

  Starting logs for TextAssessmentIntegrationTest > getDataForTextEditor_testExam()
    23:48:16.249 | 330 Pool-1-worker-94 | DEBUG | d.t.c.a.a.c.u.util.UserUtilService   : Generate 2 students...
    23:48:16.253 | 330 Pool-1-worker-94 | DEBUG | d.t.c.a.a.c.u.util.UserUtilService   : 2 students generated. Generate 3 tutors...
    23:48:16.258 | 330 Pool-1-worker-94 | DEBUG | d.t.c.a.a.c.u.util.UserUtilService   : 3 tutors generated. Generate 0 editors...
    23:48:16.260 | 330 Pool-1-worker-94 | DEBUG | d.t.c.a.a.c.u.util.UserUtilService   : 0 editors generated. Generate 1 instructors...
    23:48:16.262 | 330 Pool-1-worker-94 | DEBUG | d.t.c.a.a.c.u.util.UserUtilService   : 1 instructors generated
    23:48:16.265 | 330 Pool-1-worker-94 | DEBUG | d.t.c.a.a.c.u.util.UserUtilService   : Removing 6 users from all courses...
    23:48:16.266 | 330 Pool-1-worker-94 | DEBUG | d.t.c.a.a.c.u.util.UserUtilService   : Removing 6 users from all courses. Done
    23:48:16.266 | 330 Pool-1-worker-94 | DEBUG | d.t.c.a.a.c.u.util.UserUtilService   : Save 6 users to database...
    23:48:16.271 | 330 Pool-1-worker-94 | DEBUG | d.t.c.a.a.c.u.util.UserUtilService   : Save 6 users to database. Done
    23:48:16.281 | 330 Pool-1-worker-94 | INFO  | i.z.t.d.l.EmbeddedDatabaseReporter   : JDBC URL to connect to 'dataSource': url='jdbc:h2:tcp://localhost:41063/mem:df70fc46-7e57-4cb5-9cd0-c1d90c14afa7;USER=sa', scope='TextAssessmentIntegrationTest#getDataForTextEditor_testExam'
    23:48:16.298 | 330 Pool-1-worker-94 | DEBUG | d.t.c.a.a.c.s.f.ApiVersionFilter     : Adding Version to Request GET /api/text-editor/3364

  Starting logs for TextAssessmentIntegrationTest > testOverrideAssessment_submitOtherTutorForbidden()
    23:48:16.318 | 330 Pool-1-worker-94 | DEBUG | d.t.c.a.a.c.u.util.UserUtilService   : Generate 2 students...
    23:48:16.323 | 330 Pool-1-worker-94 | DEBUG | d.t.c.a.a.c.u.util.UserUtilService   : 2 students generated. Generate 3 tutors...
    23:48:16.330 | 330 Pool-1-worker-94 | DEBUG | d.t.c.a.a.c.u.util.UserUtilService   : 3 tutors generated. Generate 0 editors...
    23:48:16.331 | 330 Pool-1-worker-94 | DEBUG | d.t.c.a.a.c.u.util.UserUtilService   : 0 editors generated. Generate 1 instructors...
    23:48:16.334 | 330 Pool-1-worker-94 | DEBUG | d.t.c.a.a.c.u.util.UserUtilService   : 1 instructors generated
    23:48:16.336 | 330 Pool-1-worker-94 | DEBUG | d.t.c.a.a.c.u.util.UserUtilService   : Removing 6 users from all courses...
    23:48:16.337 | 330 Pool-1-worker-94 | DEBUG | d.t.c.a.a.c.u.util.UserUtilService   : Removing 6 users from all courses. Done
    23:48:16.337 | 330 Pool-1-worker-94 | DEBUG | d.t.c.a.a.c.u.util.UserUtilService   : Save 6 users to database...
    23:48:16.341 | 330 Pool-1-worker-94 | DEBUG | d.t.c.a.a.c.u.util.UserUtilService   : Save 6 users to database. Done
    23:48:16.350 | 330 Pool-1-worker-94 | INFO  | i.z.t.d.l.EmbeddedDatabaseReporter   : JDBC URL to connect to 'dataSource': url='jdbc:h2:tcp://localhost:41063/mem:df70fc46-7e57-4cb5-9cd0-c1d90c14afa7;USER=sa', scope='TextAssessmentIntegrationTest#testOverrideAssessment_submitOtherTutorForbidden'
    23:48:16.375 | 330 Pool-1-worker-94 | DEBUG | .c.s.m.InstanceMessageReceiveService : Received schedule participant score for exercise 3794 and participant 734 (result to be deleted: null)
    23:48:16.375 | 330 Pool-1-worker-94 | DEBUG | .a.s.ParticipantScoreScheduleService : Scheduled task for exercise 3794 and participant 734 at 2025-02-14T23:48:16.475727547Z[Etc/UTC].
    23:48:16.386 | 330 Pool-1-worker-94 | DEBUG | .c.s.m.InstanceMessageReceiveService : Received schedule participant score for exercise 3794 and participant 734 (result to be deleted: null)
    23:48:16.386 | 330 Pool-1-worker-94 | DEBUG | .a.s.ParticipantScoreScheduleService : Scheduled task for exercise 3794 and participant 734 at 2025-02-14T23:48:16.486527599Z[Etc/UTC].
    23:48:16.422 | 330 Pool-1-worker-94 | DEBUG | .c.s.m.InstanceMessageReceiveService : Received schedule participant score for exercise 3794 and participant 734 (result to be deleted: null)
    23:48:16.422 | 330 Pool-1-worker-94 | DEBUG | .a.s.ParticipantScoreScheduleService : Scheduled task for exercise 3794 and participant 734 at 2025-02-14T23:48:16.522527690Z[Etc/UTC].
    23:48:16.437 | 330 Pool-1-worker-94 | DEBUG | .c.s.m.InstanceMessageReceiveService : Received schedule participant score for exercise 3794 and participant 734 (result to be deleted: null)
    23:48:16.437 | 330 Pool-1-worker-94 | DEBUG | .a.s.ParticipantScoreScheduleService : Scheduled task for exercise 3794 and participant 734 at 2025-02-14T23:48:16.537633741Z[Etc/UTC].
    23:48:16.439 | 330 Pool-1-worker-94 | DEBUG | d.t.c.a.a.c.s.f.ApiVersionFilter     : Adding Version to Request POST /api/participations/3365/results/1703/submit-text-assessment
    23:48:16.465 | 330 Pool-1-worker-94 | DEBUG | d.t.c.a.a.a.web.AssessmentResource   : The user textassessmenttutor2 is not allowed to override the assessment for the submission 1897
    23:48:16.465 | 330 Pool-1-worker-94 | WARN  | o.z.p.spring.common.AdviceTraits     : Forbidden: The user is not allowed to override the assessment

  Starting logs for TextAssessmentIntegrationTest > getDataForTextEditor_hasTextBlocks()
    23:48:16.480 | 330 Pool-1-worker-94 | DEBUG | d.t.c.a.a.c.u.util.UserUtilService   : Generate 2 students...
    23:48:16.484 | 330 Pool-1-worker-94 | DEBUG | d.t.c.a.a.c.u.util.UserUtilService   : 2 students generated. Generate 3 tutors...
    23:48:16.498 | 330 Pool-1-worker-94 | DEBUG | d.t.c.a.a.c.u.util.UserUtilService   : 3 tutors generated. Generate 0 editors...
    23:48:16.500 | 330 Pool-1-worker-94 | DEBUG | d.t.c.a.a.c.u.util.UserUtilService   : 0 editors generated. Generate 1 instructors...
    23:48:16.503 | 330 Pool-1-worker-94 | DEBUG | d.t.c.a.a.c.u.util.UserUtilService   : 1 instructors generated
    23:48:16.505 | 330 Pool-1-worker-94 | DEBUG | d.t.c.a.a.c.u.util.UserUtilService   : Removing 6 users from all courses...
    23:48:16.507 | 330 Pool-1-worker-94 | DEBUG | d.t.c.a.a.c.u.util.UserUtilService   : Removing 6 users from all courses. Done
    23:48:16.507 | 330 Pool-1-worker-94 | DEBUG | d.t.c.a.a.c.u.util.UserUtilService   : Save 6 users to database...
    23:48:16.516 | 330 Pool-1-worker-94 | DEBUG | d.t.c.a.a.c.u.util.UserUtilService   : Save 6 users to database. Done
    23:48:16.528 | 330 Pool-1-worker-94 | INFO  | i.z.t.d.l.EmbeddedDatabaseReporter   : JDBC URL to connect to 'dataSource': url='jdbc:h2:tcp://localhost:41063/mem:df70fc46-7e57-4cb5-9cd0-c1d90c14afa7;USER=sa', scope='TextAssessmentIntegrationTest#getDataForTextEditor_hasTextBlocks'
    23:48:16.565 | 330 Pool-1-worker-94 | DEBUG | .c.s.m.InstanceMessageReceiveService : Received schedule participant score for exercise 3795 and participant 734 (result to be deleted: null)
    23:48:16.565 | 330 Pool-1-worker-94 | DEBUG | .a.s.ParticipantScoreScheduleService : Scheduled task for exercise 3795 and participant 734 at 2025-02-14T23:48:16.665628665Z[Etc/UTC].
    23:48:16.586 | 330 Pool-1-worker-94 | DEBUG | .c.s.m.InstanceMessageReceiveService : Received schedule participant score for exercise 3795 and participant 734 (result to be deleted: null)
    23:48:16.586 | 330 Pool-1-worker-94 | DEBUG | .a.s.ParticipantScoreScheduleService : Scheduled task for exercise 3795 and participant 734 at 2025-02-14T23:48:16.686932938Z[Etc/UTC].
    23:48:16.611 | 330 Pool-1-worker-94 | DEBUG | .c.s.m.InstanceMessageReceiveService : Received schedule participant score for exercise 3795 and participant 734 (result to be deleted: null)
    23:48:16.611 | 330 Pool-1-worker-94 | DEBUG | .a.s.ParticipantScoreScheduleService : Scheduled task for exercise 3795 and participant 734 at 2025-02-14T23:48:16.711412352Z[Etc/UTC].
    23:48:16.640 | 330 Pool-1-worker-94 | DEBUG | .c.s.m.InstanceMessageReceiveService : Received schedule participant score for exercise 3795 and participant 734 (result to be deleted: null)
    23:48:16.640 | 330 Pool-1-worker-94 | DEBUG | .a.s.ParticipantScoreScheduleService : Scheduled task for exercise 3795 and participant 734 at 2025-02-14T23:48:16.740258611Z[Etc/UTC].
    23:48:16.642 | 330 Pool-1-worker-94 | DEBUG | d.t.c.a.a.c.s.f.ApiVersionFilter     : Adding Version to Request GET /api/text-editor/3366

  Starting logs for TextAssessmentIntegrationTest > retrieveParticipationForLockedSubmission()
    23:48:16.664 | 330 Pool-1-worker-94 | DEBUG | d.t.c.a.a.c.u.util.UserUtilService   : Generate 2 students...
    23:48:16.668 | 330 Pool-1-worker-94 | DEBUG | d.t.c.a.a.c.u.util.UserUtilService   : 2 students generated. Generate 3 tutors...
    23:48:16.674 | 330 Pool-1-worker-94 | DEBUG | d.t.c.a.a.c.u.util.UserUtilService   : 3 tutors generated. Generate 0 editors...
    23:48:16.676 | 330 Pool-1-worker-94 | DEBUG | d.t.c.a.a.c.u.util.UserUtilService   : 0 editors generated. Generate 1 instructors...
    23:48:16.679 | 330 Pool-1-worker-94 | DEBUG | d.t.c.a.a.c.u.util.UserUtilService   : 1 instructors generated
    23:48:16.681 | 330 Pool-1-worker-94 | DEBUG | d.t.c.a.a.c.u.util.UserUtilService   : Removing 6 users from all courses...
    23:48:16.682 | 330 Pool-1-worker-94 | DEBUG | d.t.c.a.a.c.u.util.UserUtilService   : Removing 6 users from all courses. Done
    23:48:16.682 | 330 Pool-1-worker-94 | DEBUG | d.t.c.a.a.c.u.util.UserUtilService   : Save 6 users to database...
    23:48:16.687 | 330 Pool-1-worker-94 | DEBUG | d.t.c.a.a.c.u.util.UserUtilService   : Save 6 users to database. Done
    23:48:16.697 | 330 Pool-1-worker-94 | INFO  | i.z.t.d.l.EmbeddedDatabaseReporter   : JDBC URL to connect to 'dataSource': url='jdbc:h2:tcp://localhost:41063/mem:df70fc46-7e57-4cb5-9cd0-c1d90c14afa7;USER=sa', scope='TextAssessmentIntegrationTest#retrieveParticipationForLockedSubmission'
    23:48:16.718 | 330 Pool-1-worker-94 | DEBUG | .c.s.m.InstanceMessageReceiveService : Received schedule participant score for exercise 3796 and participant 734 (result to be deleted: null)
    23:48:16.718 | 330 Pool-1-worker-94 | DEBUG | .a.s.ParticipantScoreScheduleService : Scheduled task for exercise 3796 and participant 734 at 2025-02-14T23:48:16.818715150Z[Etc/UTC].
    23:48:16.729 | 330 Pool-1-worker-94 | DEBUG | .c.s.m.InstanceMessageReceiveService : Received schedule participant score for exercise 3796 and participant 734 (result to be deleted: null)
    23:48:16.729 | 330 Pool-1-worker-94 | DEBUG | .a.s.ParticipantScoreScheduleService : Scheduled task for exercise 3796 and participant 734 at 2025-02-14T23:48:16.829210665Z[Etc/UTC].
    23:48:16.755 | 330 Pool-1-worker-94 | DEBUG | .c.s.m.InstanceMessageReceiveService : Received schedule participant score for exercise 3796 and participant 734 (result to be deleted: null)
    23:48:16.755 | 330 Pool-1-worker-94 | DEBUG | .a.s.ParticipantScoreScheduleService : Scheduled task for exercise 3796 and participant 734 at 2025-02-14T23:48:16.855266429Z[Etc/UTC].
    23:48:16.766 | 330 Pool-1-worker-94 | DEBUG | .c.s.m.InstanceMessageReceiveService : Received schedule participant score for exercise 3796 and participant 734 (result to be deleted: null)
    23:48:16.766 | 330 Pool-1-worker-94 | DEBUG | .a.s.ParticipantScoreScheduleService : Scheduled task for exercise 3796 and participant 734 at 2025-02-14T23:48:16.866782256Z[Etc/UTC].
    23:48:16.768 | 330 Pool-1-worker-94 | DEBUG | d.t.c.a.a.c.s.f.ApiVersionFilter     : Adding Version to Request GET /api/text-submissions/1899/for-assessment
    23:48:16.769 | 330 Pool-1-worker-94 | DEBUG | d.t.c.a.a.t.w.TextAssessmentResource : REST request to get data for tutors text assessment submission: 1899
    23:48:16.773 | 330 Pool-1-worker-94 | ERROR | tech.jhipster.web.util.HeaderUtil    : Entity processing failed, This submission is being assessed by another tutor

  Starting logs for TextAssessmentIntegrationTest > getDataForTextEditor_beforeAssessmentDueDate_athenaResults()
    23:48:16.790 | 330 Pool-1-worker-94 | DEBUG | d.t.c.a.a.c.u.util.UserUtilService   : Generate 2 students...
    23:48:16.794 | 330 Pool-1-worker-94 | DEBUG | d.t.c.a.a.c.u.util.UserUtilService   : 2 students generated. Generate 3 tutors...
    23:48:16.800 | 330 Pool-1-worker-94 | DEBUG | d.t.c.a.a.c.u.util.UserUtilService   : 3 tutors generated. Generate 0 editors...
    23:48:16.805 | 330 Pool-1-worker-94 | DEBUG | d.t.c.a.a.c.u.util.UserUtilService   : 0 editors generated. Generate 1 instructors...
    23:48:16.808 | 330 Pool-1-worker-94 | DEBUG | d.t.c.a.a.c.u.util.UserUtilService   : 1 instructors generated
    23:48:16.810 | 330 Pool-1-worker-94 | DEBUG | d.t.c.a.a.c.u.util.UserUtilService   : Removing 6 users from all courses...
    23:48:16.810 | 330 Pool-1-worker-94 | DEBUG | d.t.c.a.a.c.u.util.UserUtilService   : Removing 6 users from all courses. Done
    23:48:16.810 | 330 Pool-1-worker-94 | DEBUG | d.t.c.a.a.c.u.util.UserUtilService   : Save 6 users to database...
    23:48:16.814 | 330 Pool-1-worker-94 | DEBUG | d.t.c.a.a.c.u.util.UserUtilService   : Save 6 users to database. Done
    23:48:16.823 | 330 Pool-1-worker-94 | INFO  | i.z.t.d.l.EmbeddedDatabaseReporter   : JDBC URL to connect to 'dataSource': url='jdbc:h2:tcp://localhost:41063/mem:df70fc46-7e57-4cb5-9cd0-c1d90c14afa7;USER=sa', scope='TextAssessmentIntegrationTest#getDataForTextEditor_beforeAssessmentDueDate_athenaResults'
    23:48:16.857 | 330 Pool-1-worker-94 | DEBUG | .c.s.m.InstanceMessageReceiveService : Received schedule participant score for exercise 3797 and participant 734 (result to be deleted: null)
    23:48:16.857 | 330 Pool-1-worker-94 | DEBUG | .a.s.ParticipantScoreScheduleService : Scheduled task for exercise 3797 and participant 734 at 2025-02-14T23:48:16.957144222Z[Etc/UTC].
    23:48:16.869 | 330 Pool-1-worker-94 | DEBUG | .c.s.m.InstanceMessageReceiveService : Received schedule participant score for exercise 3797 and participant 734 (result to be deleted: null)
    23:48:16.869 | 330 Pool-1-worker-94 | DEBUG | .a.s.ParticipantScoreScheduleService : Scheduled task for exercise 3797 and participant 734 at 2025-02-14T23:48:16.969085403Z[Etc/UTC].
    23:48:16.900 | 330 Pool-1-worker-94 | DEBUG | .c.s.m.InstanceMessageReceiveService : Received schedule participant score for exercise 3797 and participant 734 (result to be deleted: null)
    23:48:16.900 | 330 Pool-1-worker-94 | DEBUG | .a.s.ParticipantScoreScheduleService : Scheduled task for exercise 3797 and participant 734 at 2025-02-14T23:48:17.000879270Z[Etc/UTC].
    23:48:16.902 | 330 Pool-1-worker-94 | DEBUG | d.t.c.a.a.c.s.f.ApiVersionFilter     : Adding Version to Request GET /api/text-editor/3368

  Starting logs for TextAssessmentIntegrationTest > testPrepareSubmissionForAssessment()
    23:48:16.923 | 330 Pool-1-worker-94 | DEBUG | d.t.c.a.a.c.u.util.UserUtilService   : Generate 2 students...
    23:48:16.928 | 330 Pool-1-worker-94 | DEBUG | d.t.c.a.a.c.u.util.UserUtilService   : 2 students generated. Generate 3 tutors...
    23:48:16.932 | 330 Pool-1-worker-94 | DEBUG | d.t.c.a.a.c.u.util.UserUtilService   : 3 tutors generated. Generate 0 editors...
    23:48:16.933 | 330 Pool-1-worker-94 | DEBUG | d.t.c.a.a.c.u.util.UserUtilService   : 0 editors generated. Generate 1 instructors...
    23:48:16.936 | 330 Pool-1-worker-94 | DEBUG | d.t.c.a.a.c.u.util.UserUtilService   : 1 instructors generated
    23:48:16.941 | 330 Pool-1-worker-94 | DEBUG | d.t.c.a.a.c.u.util.UserUtilService   : Removing 6 users from all courses...
    23:48:16.942 | 330 Pool-1-worker-94 | DEBUG | d.t.c.a.a.c.u.util.UserUtilService   : Removing 6 users from all courses. Done
    23:48:16.942 | 330 Pool-1-worker-94 | DEBUG | d.t.c.a.a.c.u.util.UserUtilService   : Save 6 users to database...
    23:48:16.948 | 330 Pool-1-worker-94 | DEBUG | d.t.c.a.a.c.u.util.UserUtilService   : Save 6 users to database. Done
    23:48:16.955 | 330 Pool-1-worker-94 | INFO  | i.z.t.d.l.EmbeddedDatabaseReporter   : JDBC URL to connect to 'dataSource': url='jdbc:h2:tcp://localhost:41063/mem:df70fc46-7e57-4cb5-9cd0-c1d90c14afa7;USER=sa', scope='TextAssessmentIntegrationTest#testPrepareSubmissionForAssessment'
    23:48:16.960 | 330 Pool-1-worker-94 | DEBUG | .c.s.m.InstanceMessageReceiveService : Received schedule participant score for exercise 3798 and participant 734 (result to be deleted: null)
    23:48:16.960 | 330 Pool-1-worker-94 | DEBUG | .a.s.ParticipantScoreScheduleService : Scheduled task for exercise 3798 and participant 734 at 2025-02-14T23:48:17.060915478Z[Etc/UTC].
    23:48:16.964 | 330 Pool-1-worker-94 | DEBUG | .c.s.m.InstanceMessageReceiveService : Received schedule participant score for exercise 3798 and participant 734 (result to be deleted: null)
    23:48:16.965 | 330 Pool-1-worker-94 | DEBUG | .a.s.ParticipantScoreScheduleService : Scheduled task for exercise 3798 and participant 734 at 2025-02-14T23:48:17.065027598Z[Etc/UTC].
    23:48:16.982 | 330 Pool-1-worker-94 | DEBUG | .c.s.m.InstanceMessageReceiveService : Received schedule participant score for exercise 3798 and participant 734 (result to be deleted: null)
    23:48:16.983 | 330 Pool-1-worker-94 | DEBUG | .a.s.ParticipantScoreScheduleService : Scheduled task for exercise 3798 and participant 734 at 2025-02-14T23:48:17.083026638Z[Etc/UTC].

  Starting logs for TextAssessmentIntegrationTest > testSubmitAssessment_IncludedCompletelyWithBonusPointsExercise()
    23:48:16.999 | 330 Pool-1-worker-94 | DEBUG | d.t.c.a.a.c.u.util.UserUtilService   : Generate 2 students...
    23:48:17.003 | 330 Pool-1-worker-94 | DEBUG | d.t.c.a.a.c.u.util.UserUtilService   : 2 students generated. Generate 3 tutors...
    23:48:17.007 | 330 Pool-1-worker-94 | DEBUG | d.t.c.a.a.c.u.util.UserUtilService   : 3 tutors generated. Generate 0 editors...
    23:48:17.008 | 330 Pool-1-worker-94 | DEBUG | d.t.c.a.a.c.u.util.UserUtilService   : 0 editors generated. Generate 1 instructors...
    23:48:17.010 | 330 Pool-1-worker-94 | DEBUG | d.t.c.a.a.c.u.util.UserUtilService   : 1 instructors generated
    23:48:17.012 | 330 Pool-1-worker-94 | DEBUG | d.t.c.a.a.c.u.util.UserUtilService   : Removing 6 users from all courses...
    23:48:17.013 | 330 Pool-1-worker-94 | DEBUG | d.t.c.a.a.c.u.util.UserUtilService   : Removing 6 users from all courses. Done
    23:48:17.013 | 330 Pool-1-worker-94 | DEBUG | d.t.c.a.a.c.u.util.UserUtilService   : Save 6 users to database...
    23:48:17.018 | 330 Pool-1-worker-94 | DEBUG | d.t.c.a.a.c.u.util.UserUtilService   : Save 6 users to database. Done
    23:48:17.028 | 330 Pool-1-worker-94 | INFO  | i.z.t.d.l.EmbeddedDatabaseReporter   : JDBC URL to connect to 'dataSource': url='jdbc:h2:tcp://localhost:41063/mem:df70fc46-7e57-4cb5-9cd0-c1d90c14afa7;USER=sa', scope='TextAssessmentIntegrationTest#testSubmitAssessment_IncludedCompletelyWithBonusPointsExercise'
    23:48:17.039 | 330 Pool-1-worker-94 | DEBUG | d.t.c.a.a.c.s.f.ApiVersionFilter     : Adding Version to Request GET /api/exercises/3799/text-submission-without-assessment
    23:48:17.039 | 330 Pool-1-worker-94 | DEBUG | d.t.c.a.a.t.w.TextSubmissionResource : REST request to get a text submission without assessment
    23:48:17.052 | 330 Pool-1-worker-94 | DEBUG | .c.s.m.InstanceMessageReceiveService : Received schedule participant score for exercise 3799 and participant 734 (result to be deleted: null)
    23:48:17.052 | 330 Pool-1-worker-94 | DEBUG | .a.s.ParticipantScoreScheduleService : Scheduled task for exercise 3799 and participant 734 at 2025-02-14T23:48:17.152294273Z[Etc/UTC].
    23:48:17.063 | 330 Pool-1-worker-94 | DEBUG | .c.s.m.InstanceMessageReceiveService : Received schedule participant score for exercise 3799 and participant 734 (result to be deleted: null)
    23:48:17.063 | 330 Pool-1-worker-94 | DEBUG | .a.s.ParticipantScoreScheduleService : Scheduled task for exercise 3799 and participant 734 at 2025-02-14T23:48:17.163799200Z[Etc/UTC].
    23:48:17.075 | 330 Pool-1-worker-94 | DEBUG | .c.s.m.InstanceMessageReceiveService : Received schedule participant score for exercise 3799 and participant 734 (result to be deleted: null)
    23:48:17.075 | 330 Pool-1-worker-94 | DEBUG | .a.s.ParticipantScoreScheduleService : Scheduled task for exercise 3799 and participant 734 at 2025-02-14T23:48:17.175377233Z[Etc/UTC].
    23:48:17.081 | 330 Pool-1-worker-94 | DEBUG | d.t.c.a.a.c.s.f.ApiVersionFilter     : Adding Version to Request POST /api/participations/3370/results/1708/submit-text-assessment
    23:48:17.101 | 330 Pool-1-worker-94 | DEBUG | .c.s.m.InstanceMessageReceiveService : Received schedule participant score for exercise 3799 and participant 734 (result to be deleted: null)
    23:48:17.101 | 330 Pool-1-worker-94 | DEBUG | .a.s.ParticipantScoreScheduleService : Scheduled task for exercise 3799 and participant 734 at 2025-02-14T23:48:17.201954630Z[Etc/UTC].
    23:48:17.103 | 330 Pool-1-worker-94 | DEBUG | .c.s.m.InstanceMessageReceiveService : Received schedule participant score for exercise 3799 and participant 734 (result to be deleted: null)
    23:48:17.103 | 330 Pool-1-worker-94 | DEBUG | .a.s.ParticipantScoreScheduleService : Scheduled task for exercise 3799 and participant 734 at 2025-02-14T23:48:17.203959780Z[Etc/UTC].
    23:48:17.107 | 330 Pool-1-worker-94 | DEBUG | d.t.c.a.a.c.s.f.ApiVersionFilter     : Adding Version to Request POST /api/participations/3370/results/1708/submit-text-assessment
    23:48:17.135 | 330 Pool-1-worker-94 | DEBUG | .c.s.m.InstanceMessageReceiveService : Received schedule participant score for exercise 3799 and participant 734 (result to be deleted: null)
    23:48:17.135 | 330 Pool-1-worker-94 | DEBUG | .a.s.ParticipantScoreScheduleService : Scheduled task for exercise 3799 and participant 734 at 2025-02-14T23:48:17.235880319Z[Etc/UTC].
    23:48:17.138 | 330 Pool-1-worker-94 | DEBUG | d.t.c.a.a.c.s.f.ApiVersionFilter     : Adding Version to Request POST /api/participations/3370/results/1708/submit-text-assessment
    23:48:17.165 | 330 Pool-1-worker-94 | DEBUG | .c.s.m.InstanceMessageReceiveService : Received schedule participant score for exercise 3799 and participant 734 (result to be deleted: null)
    23:48:17.165 | 330 Pool-1-worker-94 | DEBUG | .a.s.ParticipantScoreScheduleService : Scheduled task for exercise 3799 and participant 734 at 2025-02-14T23:48:17.265138626Z[Etc/UTC].
    23:48:17.171 | 330 Pool-1-worker-94 | DEBUG | d.t.c.a.a.c.s.f.ApiVersionFilter     : Adding Version to Request POST /api/participations/3370/results/1708/submit-text-assessment
    23:48:17.199 | 330 Pool-1-worker-94 | DEBUG | .c.s.m.InstanceMessageReceiveService : Received schedule participant score for exercise 3799 and participant 734 (result to be deleted: null)
    23:48:17.199 | 330 Pool-1-worker-94 | DEBUG | .a.s.ParticipantScoreScheduleService : Scheduled task for exercise 3799 and participant 734 at 2025-02-14T23:48:17.299406286Z[Etc/UTC].
    23:48:17.203 | 330 Pool-1-worker-94 | DEBUG | d.t.c.a.a.c.s.f.ApiVersionFilter     : Adding Version to Request POST /api/participations/3370/results/1708/submit-text-assessment
    23:48:17.233 | 330 Pool-1-worker-94 | DEBUG | .c.s.m.InstanceMessageReceiveService : Received schedule participant score for exercise 3799 and participant 734 (result to be deleted: null)
    23:48:17.233 | 330 Pool-1-worker-94 | DEBUG | .a.s.ParticipantScoreScheduleService : Scheduled task for exercise 3799 and participant 734 at 2025-02-14T23:48:17.333247590Z[Etc/UTC].
    23:48:17.236 | 330 Pool-1-worker-94 | DEBUG | d.t.c.a.a.c.s.f.ApiVersionFilter     : Adding Version to Request POST /api/participations/3370/results/1708/submit-text-assessment
    23:48:17.269 | 330 Pool-1-worker-94 | DEBUG | .c.s.m.InstanceMessageReceiveService : Received schedule participant score for exercise 3799 and participant 734 (result to be deleted: null)
    23:48:17.269 | 330 Pool-1-worker-94 | DEBUG | .a.s.ParticipantScoreScheduleService : Scheduled task for exercise 3799 and participant 734 at 2025-02-14T23:48:17.369267992Z[Etc/UTC].
    23:48:17.273 | 330 Pool-1-worker-94 | DEBUG | d.t.c.a.a.c.s.f.ApiVersionFilter     : Adding Version to Request POST /api/participations/3370/results/1708/submit-text-assessment
    23:48:17.308 | 330 Pool-1-worker-94 | DEBUG | .c.s.m.InstanceMessageReceiveService : Received schedule participant score for exercise 3799 and participant 734 (result to be deleted: null)
    23:48:17.308 | 330 Pool-1-worker-94 | DEBUG | .a.s.ParticipantScoreScheduleService : Scheduled task for exercise 3799 and participant 734 at 2025-02-14T23:48:17.408221260Z[Etc/UTC].
    23:48:17.312 | 330 Pool-1-worker-94 | DEBUG | d.t.c.a.a.c.s.f.ApiVersionFilter     : Adding Version to Request POST /api/participations/3370/results/1708/submit-text-assessment
    23:48:17.359 | 330 Pool-1-worker-94 | DEBUG | .c.s.m.InstanceMessageReceiveService : Received schedule participant score for exercise 3799 and participant 734 (result to be deleted: null)
    23:48:17.359 | 330 Pool-1-worker-94 | DEBUG | .a.s.ParticipantScoreScheduleService : Scheduled task for exercise 3799 and participant 734 at 2025-02-14T23:48:17.459341881Z[Etc/UTC].
    23:48:17.363 | 330 Pool-1-worker-94 | DEBUG | d.t.c.a.a.c.s.f.ApiVersionFilter     : Adding Version to Request GET /api/courses/3008/for-assessment-dashboard
    23:48:17.367 | 330 Pool-1-worker-94 | DEBUG | d.t.c.a.a.core.web.CourseResource    : REST request /courses/{courseId}/for-assessment-dashboard
    23:48:17.374 | 330 Pool-1-worker-94 | DEBUG | c.a.a.a.s.AssessmentDashboardService : generateStatisticsForExercisesForAssessmentDashboard invoked
    23:48:17.376 | 330 Pool-1-worker-94 | DEBUG | c.a.a.a.s.AssessmentDashboardService : Finished >> complaintService.calculateNrOfOpenComplaints all << in 2.42ms
    23:48:17.378 | 330 Pool-1-worker-94 | DEBUG | c.a.a.a.s.AssessmentDashboardService : Finished >> assessmentDashboardService.calculateNumberOfSubmissions all << in 1.62ms
    23:48:17.379 | 330 Pool-1-worker-94 | DEBUG | c.a.a.a.s.AssessmentDashboardService : Finished >> resultRepository.countNumberOfFinishedAssessmentsForExercise << call for exercise 3799 in 654µs
    23:48:17.379 | 330 Pool-1-worker-94 | DEBUG | c.a.a.a.s.AssessmentDashboardService : Finished >> exampleSubmissionRepository.findAllWithResultByExerciseId << call for course 3799 in 715µs
    23:48:17.380 | 330 Pool-1-worker-94 | DEBUG | c.a.a.a.s.AssessmentDashboardService : Finished >> assessmentDashboardLoopIteration << call for exercise 3799 in 6.04ms
    23:48:17.380 | 330 Pool-1-worker-94 | DEBUG | c.a.a.a.s.AssessmentDashboardService : Finished >> generateStatisticsForExercisesForAssessmentDashboard << call in 6.05ms

  Starting logs for TextAssessmentIntegrationTest > testOverrideAssessment_saveSameTutorAfterAssessmentDueDateForbidden()
    23:48:17.391 | 330 Pool-1-worker-94 | DEBUG | d.t.c.a.a.c.u.util.UserUtilService   : Generate 2 students...
    23:48:17.396 | 330 Pool-1-worker-94 | DEBUG | d.t.c.a.a.c.u.util.UserUtilService   : 2 students generated. Generate 3 tutors...
    23:48:17.402 | 330 Pool-1-worker-94 | DEBUG | d.t.c.a.a.c.u.util.UserUtilService   : 3 tutors generated. Generate 0 editors...
    23:48:17.403 | 330 Pool-1-worker-94 | DEBUG | d.t.c.a.a.c.u.util.UserUtilService   : 0 editors generated. Generate 1 instructors...
    23:48:17.406 | 330 Pool-1-worker-94 | DEBUG | d.t.c.a.a.c.u.util.UserUtilService   : 1 instructors generated
    23:48:17.408 | 330 Pool-1-worker-94 | DEBUG | d.t.c.a.a.c.u.util.UserUtilService   : Removing 6 users from all courses...
    23:48:17.409 | 330 Pool-1-worker-94 | DEBUG | d.t.c.a.a.c.u.util.UserUtilService   : Removing 6 users from all courses. Done
    23:48:17.409 | 330 Pool-1-worker-94 | DEBUG | d.t.c.a.a.c.u.util.UserUtilService   : Save 6 users to database...
    23:48:17.413 | 330 Pool-1-worker-94 | DEBUG | d.t.c.a.a.c.u.util.UserUtilService   : Save 6 users to database. Done
    23:48:17.422 | 330 Pool-1-worker-94 | INFO  | i.z.t.d.l.EmbeddedDatabaseReporter   : JDBC URL to connect to 'dataSource': url='jdbc:h2:tcp://localhost:41063/mem:df70fc46-7e57-4cb5-9cd0-c1d90c14afa7;USER=sa', scope='TextAssessmentIntegrationTest#testOverrideAssessment_saveSameTutorAfterAssessmentDueDateForbidden'
    23:48:17.446 | 330 Pool-1-worker-94 | DEBUG | .c.s.m.InstanceMessageReceiveService : Received schedule participant score for exercise 3800 and participant 734 (result to be deleted: null)
    23:48:17.446 | 330 Pool-1-worker-94 | DEBUG | .a.s.ParticipantScoreScheduleService : Scheduled task for exercise 3800 and participant 734 at 2025-02-14T23:48:17.546708208Z[Etc/UTC].
    23:48:17.456 | 330 Pool-1-worker-94 | DEBUG | .c.s.m.InstanceMessageReceiveService : Received schedule participant score for exercise 3800 and participant 734 (result to be deleted: null)
    23:48:17.456 | 330 Pool-1-worker-94 | DEBUG | .a.s.ParticipantScoreScheduleService : Scheduled task for exercise 3800 and participant 734 at 2025-02-14T23:48:17.556258148Z[Etc/UTC].
    23:48:17.481 | 330 Pool-1-worker-94 | DEBUG | .c.s.m.InstanceMessageReceiveService : Received schedule participant score for exercise 3800 and participant 734 (result to be deleted: null)
    23:48:17.481 | 330 Pool-1-worker-94 | DEBUG | .a.s.ParticipantScoreScheduleService : Scheduled task for exercise 3800 and participant 734 at 2025-02-14T23:48:17.581226124Z[Etc/UTC].
    23:48:17.494 | 330 Pool-1-worker-94 | DEBUG | .c.s.m.InstanceMessageReceiveService : Received schedule participant score for exercise 3800 and participant 734 (result to be deleted: null)
    23:48:17.494 | 330 Pool-1-worker-94 | DEBUG | .a.s.ParticipantScoreScheduleService : Scheduled task for exercise 3800 and participant 734 at 2025-02-14T23:48:17.594302612Z[Etc/UTC].
    23:48:17.495 | 330 Pool-1-worker-94 | DEBUG | d.t.c.a.a.c.s.f.ApiVersionFilter     : Adding Version to Request PUT /api/participations/3371/results/1709/text-assessment
    23:48:17.515 | 330 Pool-1-worker-94 | DEBUG | d.t.c.a.a.a.web.AssessmentResource   : The user textassessmenttutor1 is not allowed to override the assessment for the submission 1903
    23:48:17.516 | 330 Pool-1-worker-94 | WARN  | o.z.p.spring.common.AdviceTraits     : Forbidden: The user is not allowed to override the assessment

  Starting logs for TextAssessmentIntegrationTest > testSubmitAssessment_NotIncludedExercise()
    23:48:17.538 | 330 Pool-1-worker-94 | DEBUG | d.t.c.a.a.c.u.util.UserUtilService   : Generate 2 students...
    23:48:17.542 | 330 Pool-1-worker-94 | DEBUG | d.t.c.a.a.c.u.util.UserUtilService   : 2 students generated. Generate 3 tutors...
    23:48:17.548 | 330 Pool-1-worker-94 | DEBUG | d.t.c.a.a.c.u.util.UserUtilService   : 3 tutors generated. Generate 0 editors...
    23:48:17.549 | 330 Pool-1-worker-94 | DEBUG | d.t.c.a.a.c.u.util.UserUtilService   : 0 editors generated. Generate 1 instructors...
    23:48:17.552 | 330 Pool-1-worker-94 | DEBUG | d.t.c.a.a.c.u.util.UserUtilService   : 1 instructors generated
    23:48:17.554 | 330 Pool-1-worker-94 | DEBUG | d.t.c.a.a.c.u.util.UserUtilService   : Removing 6 users from all courses...
    23:48:17.555 | 330 Pool-1-worker-94 | DEBUG | d.t.c.a.a.c.u.util.UserUtilService   : Removing 6 users from all courses. Done
    23:48:17.555 | 330 Pool-1-worker-94 | DEBUG | d.t.c.a.a.c.u.util.UserUtilService   : Save 6 users to database...
    23:48:17.560 | 330 Pool-1-worker-94 | DEBUG | d.t.c.a.a.c.u.util.UserUtilService   : Save 6 users to database. Done
    23:48:17.569 | 330 Pool-1-worker-94 | INFO  | i.z.t.d.l.EmbeddedDatabaseReporter   : JDBC URL to connect to 'dataSource': url='jdbc:h2:tcp://localhost:41063/mem:df70fc46-7e57-4cb5-9cd0-c1d90c14afa7;USER=sa', scope='TextAssessmentIntegrationTest#testSubmitAssessment_NotIncludedExercise'
    23:48:17.577 | 330 Pool-1-worker-94 | DEBUG | d.t.c.a.a.c.s.f.ApiVersionFilter     : Adding Version to Request GET /api/exercises/3801/text-submission-without-assessment
    23:48:17.578 | 330 Pool-1-worker-94 | DEBUG | d.t.c.a.a.t.w.TextSubmissionResource : REST request to get a text submission without assessment
    23:48:17.591 | 330 Pool-1-worker-94 | DEBUG | .c.s.m.InstanceMessageReceiveService : Received schedule participant score for exercise 3801 and participant 734 (result to be deleted: null)
    23:48:17.591 | 330 Pool-1-worker-94 | DEBUG | .a.s.ParticipantScoreScheduleService : Scheduled task for exercise 3801 and participant 734 at 2025-02-14T23:48:17.691933916Z[Etc/UTC].
    23:48:17.602 | 330 Pool-1-worker-94 | DEBUG | .c.s.m.InstanceMessageReceiveService : Received schedule participant score for exercise 3801 and participant 734 (result to be deleted: null)
    23:48:17.602 | 330 Pool-1-worker-94 | DEBUG | .a.s.ParticipantScoreScheduleService : Scheduled task for exercise 3801 and participant 734 at 2025-02-14T23:48:17.702317521Z[Etc/UTC].
    23:48:17.612 | 330 Pool-1-worker-94 | DEBUG | .c.s.m.InstanceMessageReceiveService : Received schedule participant score for exercise 3801 and participant 734 (result to be deleted: null)
    23:48:17.612 | 330 Pool-1-worker-94 | DEBUG | .a.s.ParticipantScoreScheduleService : Scheduled task for exercise 3801 and participant 734 at 2025-02-14T23:48:17.712768182Z[Etc/UTC].
    23:48:17.619 | 330 Pool-1-worker-94 | DEBUG | d.t.c.a.a.c.s.f.ApiVersionFilter     : Adding Version to Request POST /api/participations/3372/results/1710/submit-text-assessment
    23:48:17.646 | 330 Pool-1-worker-94 | DEBUG | .c.s.m.InstanceMessageReceiveService : Received schedule participant score for exercise 3801 and participant 734 (result to be deleted: null)
    23:48:17.646 | 330 Pool-1-worker-94 | DEBUG | .a.s.ParticipantScoreScheduleService : Scheduled task for exercise 3801 and participant 734 at 2025-02-14T23:48:17.746327794Z[Etc/UTC].
    23:48:17.649 | 330 Pool-1-worker-94 | DEBUG | .c.s.m.InstanceMessageReceiveService : Received schedule participant score for exercise 3801 and participant 734 (result to be deleted: null)
    23:48:17.649 | 330 Pool-1-worker-94 | DEBUG | .a.s.ParticipantScoreScheduleService : Scheduled task for exercise 3801 and participant 734 at 2025-02-14T23:48:17.749143635Z[Etc/UTC].
    23:48:17.655 | 330 Pool-1-worker-94 | DEBUG | d.t.c.a.a.c.s.f.ApiVersionFilter     : Adding Version to Request POST /api/participations/3372/results/1710/submit-text-assessment
    23:48:17.681 | 330 Pool-1-worker-94 | DEBUG | .c.s.m.InstanceMessageReceiveService : Received schedule participant score for exercise 3801 and participant 734 (result to be deleted: null)
    23:48:17.681 | 330 Pool-1-worker-94 | DEBUG | .a.s.ParticipantScoreScheduleService : Scheduled task for exercise 3801 and participant 734 at 2025-02-14T23:48:17.781270292Z[Etc/UTC].
    23:48:17.684 | 330 Pool-1-worker-94 | DEBUG | d.t.c.a.a.c.s.f.ApiVersionFilter     : Adding Version to Request POST /api/participations/3372/results/1710/submit-text-assessment
    23:48:17.711 | 330 Pool-1-worker-94 | DEBUG | .c.s.m.InstanceMessageReceiveService : Received schedule participant score for exercise 3801 and participant 734 (result to be deleted: null)
    23:48:17.711 | 330 Pool-1-worker-94 | DEBUG | .a.s.ParticipantScoreScheduleService : Scheduled task for exercise 3801 and participant 734 at 2025-02-14T23:48:17.811205642Z[Etc/UTC].
    23:48:17.714 | 330 Pool-1-worker-94 | DEBUG | d.t.c.a.a.c.s.f.ApiVersionFilter     : Adding Version to Request POST /api/participations/3372/results/1710/submit-text-assessment
    23:48:17.741 | 330 Pool-1-worker-94 | DEBUG | .c.s.m.InstanceMessageReceiveService : Received schedule participant score for exercise 3801 and participant 734 (result to be deleted: null)
    23:48:17.741 | 330 Pool-1-worker-94 | DEBUG | .a.s.ParticipantScoreScheduleService : Scheduled task for exercise 3801 and participant 734 at 2025-02-14T23:48:17.841853110Z[Etc/UTC].
    23:48:17.746 | 330 Pool-1-worker-94 | DEBUG | d.t.c.a.a.c.s.f.ApiVersionFilter     : Adding Version to Request POST /api/participations/3372/results/1710/submit-text-assessment
    23:48:17.773 | 330 Pool-1-worker-94 | DEBUG | .c.s.m.InstanceMessageReceiveService : Received schedule participant score for exercise 3801 and participant 734 (result to be deleted: null)
    23:48:17.773 | 330 Pool-1-worker-94 | DEBUG | .a.s.ParticipantScoreScheduleService : Scheduled task for exercise 3801 and participant 734 at 2025-02-14T23:48:17.873647497Z[Etc/UTC].
    23:48:17.778 | 330 Pool-1-worker-94 | DEBUG | d.t.c.a.a.c.s.f.ApiVersionFilter     : Adding Version to Request POST /api/participations/3372/results/1710/submit-text-assessment
    23:48:17.806 | 330 Pool-1-worker-94 | DEBUG | .c.s.m.InstanceMessageReceiveService : Received schedule participant score for exercise 3801 and participant 734 (result to be deleted: null)
    23:48:17.806 | 330 Pool-1-worker-94 | DEBUG | .a.s.ParticipantScoreScheduleService : Scheduled task for exercise 3801 and participant 734 at 2025-02-14T23:48:17.906231516Z[Etc/UTC].

  Starting logs for TextAssessmentIntegrationTest > testOverrideAssessment_saveInstructorAfterAssessmentDueDatePossible()
    23:48:17.821 | 330 Pool-1-worker-94 | DEBUG | d.t.c.a.a.c.u.util.UserUtilService   : Generate 2 students...
    23:48:17.825 | 330 Pool-1-worker-94 | DEBUG | d.t.c.a.a.c.u.util.UserUtilService   : 2 students generated. Generate 3 tutors...
    23:48:17.829 | 330 Pool-1-worker-94 | DEBUG | d.t.c.a.a.c.u.util.UserUtilService   : 3 tutors generated. Generate 0 editors...
    23:48:17.830 | 330 Pool-1-worker-94 | DEBUG | d.t.c.a.a.c.u.util.UserUtilService   : 0 editors generated. Generate 1 instructors...
    23:48:17.832 | 330 Pool-1-worker-94 | DEBUG | d.t.c.a.a.c.u.util.UserUtilService   : 1 instructors generated
    23:48:17.833 | 330 Pool-1-worker-94 | DEBUG | d.t.c.a.a.c.u.util.UserUtilService   : Removing 6 users from all courses...
    23:48:17.834 | 330 Pool-1-worker-94 | DEBUG | d.t.c.a.a.c.u.util.UserUtilService   : Removing 6 users from all courses. Done
    23:48:17.834 | 330 Pool-1-worker-94 | DEBUG | d.t.c.a.a.c.u.util.UserUtilService   : Save 6 users to database...
    23:48:17.837 | 330 Pool-1-worker-94 | DEBUG | d.t.c.a.a.c.u.util.UserUtilService   : Save 6 users to database. Done
    23:48:17.845 | 330 Pool-1-worker-94 | INFO  | i.z.t.d.l.EmbeddedDatabaseReporter   : JDBC URL to connect to 'dataSource': url='jdbc:h2:tcp://localhost:41063/mem:df70fc46-7e57-4cb5-9cd0-c1d90c14afa7;USER=sa', scope='TextAssessmentIntegrationTest#testOverrideAssessment_saveInstructorAfterAssessmentDueDatePossible'
    23:48:17.861 | 330 Pool-1-worker-94 | DEBUG | .c.s.m.InstanceMessageReceiveService : Received schedule participant score for exercise 3802 and participant 734 (result to be deleted: null)
    23:48:17.861 | 330 Pool-1-worker-94 | DEBUG | .a.s.ParticipantScoreScheduleService : Scheduled task for exercise 3802 and participant 734 at 2025-02-14T23:48:17.961873116Z[Etc/UTC].
    23:48:17.867 | 330 Pool-1-worker-94 | DEBUG | .c.s.m.InstanceMessageReceiveService : Received schedule participant score for exercise 3802 and participant 734 (result to be deleted: null)
    23:48:17.867 | 330 Pool-1-worker-94 | DEBUG | .a.s.ParticipantScoreScheduleService : Scheduled task for exercise 3802 and participant 734 at 2025-02-14T23:48:17.967977010Z[Etc/UTC].
    23:48:17.884 | 330 Pool-1-worker-94 | DEBUG | .c.s.m.InstanceMessageReceiveService : Received schedule participant score for exercise 3802 and participant 734 (result to be deleted: null)
    23:48:17.884 | 330 Pool-1-worker-94 | DEBUG | .a.s.ParticipantScoreScheduleService : Scheduled task for exercise 3802 and participant 734 at 2025-02-14T23:48:17.984150574Z[Etc/UTC].
    23:48:17.892 | 330 Pool-1-worker-94 | DEBUG | .c.s.m.InstanceMessageReceiveService : Received schedule participant score for exercise 3802 and participant 734 (result to be deleted: null)
    23:48:17.892 | 330 Pool-1-worker-94 | DEBUG | .a.s.ParticipantScoreScheduleService : Scheduled task for exercise 3802 and participant 734 at 2025-02-14T23:48:17.992392515Z[Etc/UTC].
    23:48:17.893 | 330 Pool-1-worker-94 | DEBUG | d.t.c.a.a.c.s.f.ApiVersionFilter     : Adding Version to Request PUT /api/participations/3373/results/1711/text-assessment
    23:48:17.914 | 330 Pool-1-worker-94 | DEBUG | .c.s.m.InstanceMessageReceiveService : Received schedule participant score for exercise 3802 and participant 734 (result to be deleted: null)
    23:48:17.914 | 330 Pool-1-worker-94 | DEBUG | .a.s.ParticipantScoreScheduleService : Scheduled task for exercise 3802 and participant 734 at 2025-02-14T23:48:18.014380744Z[Etc/UTC].

  Starting logs for TextAssessmentIntegrationTest > testdeleteResult()
    23:48:17.925 | 330 Pool-1-worker-94 | DEBUG | d.t.c.a.a.c.u.util.UserUtilService   : Generate 2 students...
    23:48:17.928 | 330 Pool-1-worker-94 | DEBUG | d.t.c.a.a.c.u.util.UserUtilService   : 2 students generated. Generate 3 tutors...
    23:48:17.932 | 330 Pool-1-worker-94 | DEBUG | d.t.c.a.a.c.u.util.UserUtilService   : 3 tutors generated. Generate 0 editors...
    23:48:17.934 | 330 Pool-1-worker-94 | DEBUG | d.t.c.a.a.c.u.util.UserUtilService   : 0 editors generated. Generate 1 instructors...
    23:48:17.936 | 330 Pool-1-worker-94 | DEBUG | d.t.c.a.a.c.u.util.UserUtilService   : 1 instructors generated
    23:48:17.938 | 330 Pool-1-worker-94 | DEBUG | d.t.c.a.a.c.u.util.UserUtilService   : Removing 6 users from all courses...
    23:48:17.939 | 330 Pool-1-worker-94 | DEBUG | d.t.c.a.a.c.u.util.UserUtilService   : Removing 6 users from all courses. Done
    23:48:17.939 | 330 Pool-1-worker-94 | DEBUG | d.t.c.a.a.c.u.util.UserUtilService   : Save 6 users to database...
    23:48:17.943 | 330 Pool-1-worker-94 | DEBUG | d.t.c.a.a.c.u.util.UserUtilService   : Save 6 users to database. Done
    23:48:17.952 | 330 Pool-1-worker-94 | INFO  | i.z.t.d.l.EmbeddedDatabaseReporter   : JDBC URL to connect to 'dataSource': url='jdbc:h2:tcp://localhost:41063/mem:df70fc46-7e57-4cb5-9cd0-c1d90c14afa7;USER=sa', scope='TextAssessmentIntegrationTest#testdeleteResult'
    23:48:17.973 | 330 Pool-1-worker-94 | DEBUG | .c.s.m.InstanceMessageReceiveService : Received schedule participant score for exercise 3804 and participant 734 (result to be deleted: null)
    23:48:17.974 | 330 Pool-1-worker-94 | DEBUG | .a.s.ParticipantScoreScheduleService : Scheduled task for exercise 3804 and participant 734 at 2025-02-14T23:48:18.074046771Z[Etc/UTC].
    23:48:17.995 | 330 Pool-1-worker-94 | DEBUG | .c.s.m.InstanceMessageReceiveService : Received schedule participant score for exercise 3804 and participant 734 (result to be deleted: null)
    23:48:17.995 | 330 Pool-1-worker-94 | DEBUG | .a.s.ParticipantScoreScheduleService : Scheduled task for exercise 3804 and participant 734 at 2025-02-14T23:48:18.095942066Z[Etc/UTC].
    23:48:17.999 | 330 Pool-1-worker-94 | DEBUG | d.t.c.a.a.c.s.f.ApiVersionFilter     : Adding Version to Request DELETE /api/participations/3374/text-submissions/1906/results/1712
    23:48:18.000 | 330 Pool-1-worker-94 | INFO  | d.t.c.a.a.a.web.AssessmentResource   : REST request by user: admin to delete result 1712
    23:48:18.004 | 330 Pool-1-worker-94 | DEBUG | d.t.c.a.a.a.service.ResultService    : Delete result references 1712
    23:48:18.017 | 330 Pool-1-worker-94 | DEBUG | .c.s.m.InstanceMessageReceiveService : Received schedule participant score for exercise 3804 and participant 734 (result to be deleted: 1712)
    23:48:18.017 | 330 Pool-1-worker-94 | DEBUG | .a.s.ParticipantScoreScheduleService : Scheduled task for exercise 3804 and participant 734 at 2025-02-14T23:48:18.117201515Z[Etc/UTC].

  Starting logs for TextAssessmentIntegrationTest > testOverrideAssessment_submitOtherTutorAfterAssessmentDueDateForbidden()
    23:48:18.032 | 330 Pool-1-worker-94 | DEBUG | d.t.c.a.a.c.u.util.UserUtilService   : Generate 2 students...
    23:48:18.036 | 330 Pool-1-worker-94 | DEBUG | d.t.c.a.a.c.u.util.UserUtilService   : 2 students generated. Generate 3 tutors...
    23:48:18.041 | 330 Pool-1-worker-94 | DEBUG | d.t.c.a.a.c.u.util.UserUtilService   : 3 tutors generated. Generate 0 editors...
    23:48:18.043 | 330 Pool-1-worker-94 | DEBUG | d.t.c.a.a.c.u.util.UserUtilService   : 0 editors generated. Generate 1 instructors...
    23:48:18.045 | 330 Pool-1-worker-94 | DEBUG | d.t.c.a.a.c.u.util.UserUtilService   : 1 instructors generated
    23:48:18.048 | 330 Pool-1-worker-94 | DEBUG | d.t.c.a.a.c.u.util.UserUtilService   : Removing 6 users from all courses...
    23:48:18.049 | 330 Pool-1-worker-94 | DEBUG | d.t.c.a.a.c.u.util.UserUtilService   : Removing 6 users from all courses. Done
    23:48:18.049 | 330 Pool-1-worker-94 | DEBUG | d.t.c.a.a.c.u.util.UserUtilService   : Save 6 users to database...
    23:48:18.055 | 330 Pool-1-worker-94 | DEBUG | d.t.c.a.a.c.u.util.UserUtilService   : Save 6 users to database. Done
    23:48:18.074 | 330 Pool-1-worker-94 | INFO  | i.z.t.d.l.EmbeddedDatabaseReporter   : JDBC URL to connect to 'dataSource': url='jdbc:h2:tcp://localhost:41063/mem:df70fc46-7e57-4cb5-9cd0-c1d90c14afa7;USER=sa', scope='TextAssessmentIntegrationTest#testOverrideAssessment_submitOtherTutorAfterAssessmentDueDateForbidden'
    23:48:18.099 | 330 Pool-1-worker-94 | DEBUG | .c.s.m.InstanceMessageReceiveService : Received schedule participant score for exercise 3805 and participant 734 (result to be deleted: null)
    23:48:18.099 | 330 Pool-1-worker-94 | DEBUG | .a.s.ParticipantScoreScheduleService : Scheduled task for exercise 3805 and participant 734 at 2025-02-14T23:48:18.199653222Z[Etc/UTC].
    23:48:18.109 | 330 Pool-1-worker-94 | DEBUG | .c.s.m.InstanceMessageReceiveService : Received schedule participant score for exercise 3805 and participant 734 (result to be deleted: null)
    23:48:18.109 | 330 Pool-1-worker-94 | DEBUG | .a.s.ParticipantScoreScheduleService : Scheduled task for exercise 3805 and participant 734 at 2025-02-14T23:48:18.209673620Z[Etc/UTC].
    23:48:18.134 | 330 Pool-1-worker-94 | DEBUG | .c.s.m.InstanceMessageReceiveService : Received schedule participant score for exercise 3805 and participant 734 (result to be deleted: null)
    23:48:18.134 | 330 Pool-1-worker-94 | DEBUG | .a.s.ParticipantScoreScheduleService : Scheduled task for exercise 3805 and participant 734 at 2025-02-14T23:48:18.234691188Z[Etc/UTC].
    23:48:18.144 | 330 Pool-1-worker-94 | DEBUG | .c.s.m.InstanceMessageReceiveService : Received schedule participant score for exercise 3805 and participant 734 (result to be deleted: null)
    23:48:18.144 | 330 Pool-1-worker-94 | DEBUG | .a.s.ParticipantScoreScheduleService : Scheduled task for exercise 3805 and participant 734 at 2025-02-14T23:48:18.244968676Z[Etc/UTC].
    23:48:18.146 | 330 Pool-1-worker-94 | DEBUG | d.t.c.a.a.c.s.f.ApiVersionFilter     : Adding Version to Request POST /api/participations/3375/results/1714/submit-text-assessment
    23:48:18.165 | 330 Pool-1-worker-94 | DEBUG | d.t.c.a.a.a.web.AssessmentResource   : The user textassessmenttutor2 is not allowed to override the assessment for the submission 1907
    23:48:18.166 | 330 Pool-1-worker-94 | WARN  | o.z.p.spring.common.AdviceTraits     : Forbidden: The user is not allowed to override the assessment

  Starting logs for TextAssessmentIntegrationTest > testFeedbackIdIsSetCorrectly()
    23:48:18.180 | 330 Pool-1-worker-94 | DEBUG | d.t.c.a.a.c.u.util.UserUtilService   : Generate 2 students...
    23:48:18.185 | 330 Pool-1-worker-94 | DEBUG | d.t.c.a.a.c.u.util.UserUtilService   : 2 students generated. Generate 3 tutors...
    23:48:18.190 | 330 Pool-1-worker-94 | DEBUG | d.t.c.a.a.c.u.util.UserUtilService   : 3 tutors generated. Generate 0 editors...
    23:48:18.191 | 330 Pool-1-worker-94 | DEBUG | d.t.c.a.a.c.u.util.UserUtilService   : 0 editors generated. Generate 1 instructors...
    23:48:18.194 | 330 Pool-1-worker-94 | DEBUG | d.t.c.a.a.c.u.util.UserUtilService   : 1 instructors generated
    23:48:18.196 | 330 Pool-1-worker-94 | DEBUG | d.t.c.a.a.c.u.util.UserUtilService   : Removing 6 users from all courses...
    23:48:18.197 | 330 Pool-1-worker-94 | DEBUG | d.t.c.a.a.c.u.util.UserUtilService   : Removing 6 users from all courses. Done
    23:48:18.197 | 330 Pool-1-worker-94 | DEBUG | d.t.c.a.a.c.u.util.UserUtilService   : Save 6 users to database...
    23:48:18.202 | 330 Pool-1-worker-94 | DEBUG | d.t.c.a.a.c.u.util.UserUtilService   : Save 6 users to database. Done
    23:48:18.211 | 330 Pool-1-worker-94 | INFO  | i.z.t.d.l.EmbeddedDatabaseReporter   : JDBC URL to connect to 'dataSource': url='jdbc:h2:tcp://localhost:41063/mem:df70fc46-7e57-4cb5-9cd0-c1d90c14afa7;USER=sa', scope='TextAssessmentIntegrationTest#testFeedbackIdIsSetCorrectly'
    23:48:18.218 | 330 Pool-1-worker-94 | DEBUG | d.t.c.a.a.c.s.f.ApiVersionFilter     : Adding Version to Request GET /api/exercises/3806/text-submission-without-assessment
    23:48:18.219 | 330 Pool-1-worker-94 | DEBUG | d.t.c.a.a.t.w.TextSubmissionResource : REST request to get a text submission without assessment
    23:48:18.231 | 330 Pool-1-worker-94 | DEBUG | .c.s.m.InstanceMessageReceiveService : Received schedule participant score for exercise 3806 and participant 734 (result to be deleted: null)
    23:48:18.232 | 330 Pool-1-worker-94 | DEBUG | .a.s.ParticipantScoreScheduleService : Scheduled task for exercise 3806 and participant 734 at 2025-02-14T23:48:18.332011662Z[Etc/UTC].
    23:48:18.255 | 330 Pool-1-worker-94 | DEBUG | .c.s.m.InstanceMessageReceiveService : Received schedule participant score for exercise 3806 and participant 734 (result to be deleted: null)
    23:48:18.255 | 330 Pool-1-worker-94 | DEBUG | .a.s.ParticipantScoreScheduleService : Scheduled task for exercise 3806 and participant 734 at 2025-02-14T23:48:18.355459573Z[Etc/UTC].
    23:48:18.266 | 330 Pool-1-worker-94 | DEBUG | .c.s.m.InstanceMessageReceiveService : Received schedule participant score for exercise 3806 and participant 734 (result to be deleted: null)
    23:48:18.266 | 330 Pool-1-worker-94 | DEBUG | .a.s.ParticipantScoreScheduleService : Scheduled task for exercise 3806 and participant 734 at 2025-02-14T23:48:18.366294140Z[Etc/UTC].
    23:48:18.273 | 330 Pool-1-worker-94 | DEBUG | d.t.c.a.a.c.s.f.ApiVersionFilter     : Adding Version to Request POST /api/participations/3376/results/1715/submit-text-assessment
    23:48:18.296 | 330 Pool-1-worker-94 | DEBUG | .c.s.m.InstanceMessageReceiveService : Received schedule participant score for exercise 3806 and participant 734 (result to be deleted: null)
    23:48:18.296 | 330 Pool-1-worker-94 | DEBUG | .a.s.ParticipantScoreScheduleService : Scheduled task for exercise 3806 and participant 734 at 2025-02-14T23:48:18.396715416Z[Etc/UTC].
    23:48:18.300 | 330 Pool-1-worker-94 | DEBUG | .c.s.m.InstanceMessageReceiveService : Received schedule participant score for exercise 3806 and participant 734 (result to be deleted: null)
    23:48:18.300 | 330 Pool-1-worker-94 | DEBUG | .a.s.ParticipantScoreScheduleService : Scheduled task for exercise 3806 and participant 734 at 2025-02-14T23:48:18.400207989Z[Etc/UTC].
    23:48:18.310 | 330 Pool-1-worker-94 | WARN  | o.h.e.i.StatefulPersistenceContext   : HHH000179: Narrowing proxy to class de.tum.cit.aet.artemis.text.domain.TextSubmission - this operation breaks ==
    23:48:18.315 | 330 Pool-1-worker-94 | WARN  | o.h.e.i.StatefulPersistenceContext   : HHH000179: Narrowing proxy to class de.tum.cit.aet.artemis.text.domain.TextSubmission - this operation breaks ==

  Starting logs for TextAssessmentIntegrationTest > getDataForTextEditor_assessorHidden()
    23:48:18.329 | 330 Pool-1-worker-94 | DEBUG | d.t.c.a.a.c.u.util.UserUtilService   : Generate 2 students...
    23:48:18.334 | 330 Pool-1-worker-94 | DEBUG | d.t.c.a.a.c.u.util.UserUtilService   : 2 students generated. Generate 3 tutors...
    23:48:18.340 | 330 Pool-1-worker-94 | DEBUG | d.t.c.a.a.c.u.util.UserUtilService   : 3 tutors generated. Generate 0 editors...
    23:48:18.341 | 330 Pool-1-worker-94 | DEBUG | d.t.c.a.a.c.u.util.UserUtilService   : 0 editors generated. Generate 1 instructors...
    23:48:18.344 | 330 Pool-1-worker-94 | DEBUG | d.t.c.a.a.c.u.util.UserUtilService   : 1 instructors generated
    23:48:18.346 | 330 Pool-1-worker-94 | DEBUG | d.t.c.a.a.c.u.util.UserUtilService   : Removing 6 users from all courses...
    23:48:18.347 | 330 Pool-1-worker-94 | DEBUG | d.t.c.a.a.c.u.util.UserUtilService   : Removing 6 users from all courses. Done
    23:48:18.347 | 330 Pool-1-worker-94 | DEBUG | d.t.c.a.a.c.u.util.UserUtilService   : Save 6 users to database...
    23:48:18.351 | 330 Pool-1-worker-94 | DEBUG | d.t.c.a.a.c.u.util.UserUtilService   : Save 6 users to database. Done
    23:48:18.360 | 330 Pool-1-worker-94 | INFO  | i.z.t.d.l.EmbeddedDatabaseReporter   : JDBC URL to connect to 'dataSource': url='jdbc:h2:tcp://localhost:41063/mem:df70fc46-7e57-4cb5-9cd0-c1d90c14afa7;USER=sa', scope='TextAssessmentIntegrationTest#getDataForTextEditor_assessorHidden'
    23:48:18.384 | 330 Pool-1-worker-94 | DEBUG | .c.s.m.InstanceMessageReceiveService : Received schedule participant score for exercise 3807 and participant 734 (result to be deleted: null)
    23:48:18.384 | 330 Pool-1-worker-94 | DEBUG | .a.s.ParticipantScoreScheduleService : Scheduled task for exercise 3807 and participant 734 at 2025-02-14T23:48:18.484955502Z[Etc/UTC].
    23:48:18.395 | 330 Pool-1-worker-94 | DEBUG | .c.s.m.InstanceMessageReceiveService : Received schedule participant score for exercise 3807 and participant 734 (result to be deleted: null)
    23:48:18.395 | 330 Pool-1-worker-94 | DEBUG | .a.s.ParticipantScoreScheduleService : Scheduled task for exercise 3807 and participant 734 at 2025-02-14T23:48:18.495298552Z[Etc/UTC].
    23:48:18.421 | 330 Pool-1-worker-94 | DEBUG | .c.s.m.InstanceMessageReceiveService : Received schedule participant score for exercise 3807 and participant 734 (result to be deleted: null)
    23:48:18.421 | 330 Pool-1-worker-94 | DEBUG | .a.s.ParticipantScoreScheduleService : Scheduled task for exercise 3807 and participant 734 at 2025-02-14T23:48:18.521602349Z[Etc/UTC].
    23:48:18.423 | 330 Pool-1-worker-94 | DEBUG | d.t.c.a.a.c.s.f.ApiVersionFilter     : Adding Version to Request GET /api/text-editor/3377

  Starting logs for TextAssessmentIntegrationTest > cancelAssessmentOfOtherTutorAsInstructor()
    23:48:18.445 | 330 Pool-1-worker-94 | DEBUG | d.t.c.a.a.c.u.util.UserUtilService   : Generate 2 students...
    23:48:18.449 | 330 Pool-1-worker-94 | DEBUG | d.t.c.a.a.c.u.util.UserUtilService   : 2 students generated. Generate 3 tutors...
    23:48:18.454 | 330 Pool-1-worker-94 | DEBUG | d.t.c.a.a.c.u.util.UserUtilService   : 3 tutors generated. Generate 0 editors...
    23:48:18.456 | 330 Pool-1-worker-94 | DEBUG | d.t.c.a.a.c.u.util.UserUtilService   : 0 editors generated. Generate 1 instructors...
    23:48:18.458 | 330 Pool-1-worker-94 | DEBUG | d.t.c.a.a.c.u.util.UserUtilService   : 1 instructors generated
    23:48:18.461 | 330 Pool-1-worker-94 | DEBUG | d.t.c.a.a.c.u.util.UserUtilService   : Removing 6 users from all courses...
    23:48:18.462 | 330 Pool-1-worker-94 | DEBUG | d.t.c.a.a.c.u.util.UserUtilService   : Removing 6 users from all courses. Done
    23:48:18.462 | 330 Pool-1-worker-94 | DEBUG | d.t.c.a.a.c.u.util.UserUtilService   : Save 6 users to database...
    23:48:18.467 | 330 Pool-1-worker-94 | DEBUG | d.t.c.a.a.c.u.util.UserUtilService   : Save 6 users to database. Done
    23:48:18.477 | 330 Pool-1-worker-94 | INFO  | i.z.t.d.l.EmbeddedDatabaseReporter   : JDBC URL to connect to 'dataSource': url='jdbc:h2:tcp://localhost:41063/mem:df70fc46-7e57-4cb5-9cd0-c1d90c14afa7;USER=sa', scope='TextAssessmentIntegrationTest#cancelAssessmentOfOtherTutorAsInstructor'
    23:48:18.500 | 330 Pool-1-worker-94 | DEBUG | .c.s.m.InstanceMessageReceiveService : Received schedule participant score for exercise 3808 and participant 734 (result to be deleted: null)
    23:48:18.500 | 330 Pool-1-worker-94 | DEBUG | .a.s.ParticipantScoreScheduleService : Scheduled task for exercise 3808 and participant 734 at 2025-02-14T23:48:18.600272951Z[Etc/UTC].
    23:48:18.510 | 330 Pool-1-worker-94 | DEBUG | .c.s.m.InstanceMessageReceiveService : Received schedule participant score for exercise 3808 and participant 734 (result to be deleted: null)
    23:48:18.510 | 330 Pool-1-worker-94 | DEBUG | .a.s.ParticipantScoreScheduleService : Scheduled task for exercise 3808 and participant 734 at 2025-02-14T23:48:18.610850297Z[Etc/UTC].
    23:48:18.537 | 330 Pool-1-worker-94 | DEBUG | .c.s.m.InstanceMessageReceiveService : Received schedule participant score for exercise 3808 and participant 734 (result to be deleted: null)
    23:48:18.537 | 330 Pool-1-worker-94 | DEBUG | .a.s.ParticipantScoreScheduleService : Scheduled task for exercise 3808 and participant 734 at 2025-02-14T23:48:18.637517064Z[Etc/UTC].
    23:48:18.548 | 330 Pool-1-worker-94 | DEBUG | .c.s.m.InstanceMessageReceiveService : Received schedule participant score for exercise 3808 and participant 734 (result to be deleted: null)
    23:48:18.548 | 330 Pool-1-worker-94 | DEBUG | .a.s.ParticipantScoreScheduleService : Scheduled task for exercise 3808 and participant 734 at 2025-02-14T23:48:18.648934488Z[Etc/UTC].
    23:48:18.550 | 330 Pool-1-worker-94 | DEBUG | d.t.c.a.a.c.s.f.ApiVersionFilter     : Adding Version to Request POST /api/participations/3378/submissions/1910/cancel-assessment
    23:48:18.554 | 330 Pool-1-worker-94 | DEBUG | d.t.c.a.a.a.web.AssessmentResource   : REST request to cancel assessment of submission: 1910

  Starting logs for TextAssessmentIntegrationTest > getDataForTextEditor_studentHidden()
    23:48:18.573 | 330 Pool-1-worker-94 | DEBUG | d.t.c.a.a.c.u.util.UserUtilService   : Generate 2 students...
    23:48:18.577 | 330 Pool-1-worker-94 | DEBUG | d.t.c.a.a.c.u.util.UserUtilService   : 2 students generated. Generate 3 tutors...
    23:48:18.582 | 330 Pool-1-worker-94 | DEBUG | d.t.c.a.a.c.u.util.UserUtilService   : 3 tutors generated. Generate 0 editors...
    23:48:18.583 | 330 Pool-1-worker-94 | DEBUG | d.t.c.a.a.c.u.util.UserUtilService   : 0 editors generated. Generate 1 instructors...
    23:48:18.586 | 330 Pool-1-worker-94 | DEBUG | d.t.c.a.a.c.u.util.UserUtilService   : 1 instructors generated
    23:48:18.589 | 330 Pool-1-worker-94 | DEBUG | d.t.c.a.a.c.u.util.UserUtilService   : Removing 6 users from all courses...
    23:48:18.590 | 330 Pool-1-worker-94 | DEBUG | d.t.c.a.a.c.u.util.UserUtilService   : Removing 6 users from all courses. Done
    23:48:18.590 | 330 Pool-1-worker-94 | DEBUG | d.t.c.a.a.c.u.util.UserUtilService   : Save 6 users to database...
    23:48:18.594 | 330 Pool-1-worker-94 | DEBUG | d.t.c.a.a.c.u.util.UserUtilService   : Save 6 users to database. Done
    23:48:18.604 | 330 Pool-1-worker-94 | INFO  | i.z.t.d.l.EmbeddedDatabaseReporter   : JDBC URL to connect to 'dataSource': url='jdbc:h2:tcp://localhost:41063/mem:df70fc46-7e57-4cb5-9cd0-c1d90c14afa7;USER=sa', scope='TextAssessmentIntegrationTest#getDataForTextEditor_studentHidden'
    23:48:18.629 | 330 Pool-1-worker-94 | DEBUG | .c.s.m.InstanceMessageReceiveService : Received schedule participant score for exercise 3809 and participant 734 (result to be deleted: null)
    23:48:18.629 | 330 Pool-1-worker-94 | DEBUG | .a.s.ParticipantScoreScheduleService : Scheduled task for exercise 3809 and participant 734 at 2025-02-14T23:48:18.729250990Z[Etc/UTC].
    23:48:18.639 | 330 Pool-1-worker-94 | DEBUG | .c.s.m.InstanceMessageReceiveService : Received schedule participant score for exercise 3809 and participant 734 (result to be deleted: null)
    23:48:18.639 | 330 Pool-1-worker-94 | DEBUG | .a.s.ParticipantScoreScheduleService : Scheduled task for exercise 3809 and participant 734 at 2025-02-14T23:48:18.739067467Z[Etc/UTC].
    23:48:18.664 | 330 Pool-1-worker-94 | DEBUG | .c.s.m.InstanceMessageReceiveService : Received schedule participant score for exercise 3809 and participant 734 (result to be deleted: null)
    23:48:18.664 | 330 Pool-1-worker-94 | DEBUG | .a.s.ParticipantScoreScheduleService : Scheduled task for exercise 3809 and participant 734 at 2025-02-14T23:48:18.764940020Z[Etc/UTC].
    23:48:18.666 | 330 Pool-1-worker-94 | DEBUG | d.t.c.a.a.c.s.f.ApiVersionFilter     : Adding Version to Request GET /api/text-editor/3379

  Starting logs for TextAssessmentIntegrationTest > testDeleteTextExampleAssessment_wrongExerciseId()
    23:48:18.687 | 330 Pool-1-worker-94 | DEBUG | d.t.c.a.a.c.u.util.UserUtilService   : Generate 2 students...
    23:48:18.692 | 330 Pool-1-worker-94 | DEBUG | d.t.c.a.a.c.u.util.UserUtilService   : 2 students generated. Generate 3 tutors...
    23:48:18.697 | 330 Pool-1-worker-94 | DEBUG | d.t.c.a.a.c.u.util.UserUtilService   : 3 tutors generated. Generate 0 editors...
    23:48:18.698 | 330 Pool-1-worker-94 | DEBUG | d.t.c.a.a.c.u.util.UserUtilService   : 0 editors generated. Generate 1 instructors...
    23:48:18.701 | 330 Pool-1-worker-94 | DEBUG | d.t.c.a.a.c.u.util.UserUtilService   : 1 instructors generated
    23:48:18.703 | 330 Pool-1-worker-94 | DEBUG | d.t.c.a.a.c.u.util.UserUtilService   : Removing 6 users from all courses...
    23:48:18.704 | 330 Pool-1-worker-94 | DEBUG | d.t.c.a.a.c.u.util.UserUtilService   : Removing 6 users from all courses. Done
    23:48:18.704 | 330 Pool-1-worker-94 | DEBUG | d.t.c.a.a.c.u.util.UserUtilService   : Save 6 users to database...
    23:48:18.709 | 330 Pool-1-worker-94 | DEBUG | d.t.c.a.a.c.u.util.UserUtilService   : Save 6 users to database. Done
    23:48:18.719 | 330 Pool-1-worker-94 | INFO  | i.z.t.d.l.EmbeddedDatabaseReporter   : JDBC URL to connect to 'dataSource': url='jdbc:h2:tcp://localhost:41063/mem:df70fc46-7e57-4cb5-9cd0-c1d90c14afa7;USER=sa', scope='TextAssessmentIntegrationTest#testDeleteTextExampleAssessment_wrongExerciseId'
    23:48:18.742 | 330 Pool-1-worker-94 | DEBUG | .c.s.m.InstanceMessageReceiveService : Received schedule participant score for exercise 3810 and participant 734 (result to be deleted: null)
    23:48:18.742 | 330 Pool-1-worker-94 | DEBUG | .a.s.ParticipantScoreScheduleService : Scheduled task for exercise 3810 and participant 734 at 2025-02-14T23:48:18.842812864Z[Etc/UTC].
    23:48:18.752 | 330 Pool-1-worker-94 | DEBUG | .c.s.m.InstanceMessageReceiveService : Received schedule participant score for exercise 3810 and participant 734 (result to be deleted: null)
    23:48:18.752 | 330 Pool-1-worker-94 | DEBUG | .a.s.ParticipantScoreScheduleService : Scheduled task for exercise 3810 and participant 734 at 2025-02-14T23:48:18.852636846Z[Etc/UTC].
    23:48:18.777 | 330 Pool-1-worker-94 | DEBUG | .c.s.m.InstanceMessageReceiveService : Received schedule participant score for exercise 3810 and participant 734 (result to be deleted: null)
    23:48:18.777 | 330 Pool-1-worker-94 | DEBUG | .a.s.ParticipantScoreScheduleService : Scheduled task for exercise 3810 and participant 734 at 2025-02-14T23:48:18.877929858Z[Etc/UTC].
    23:48:18.787 | 330 Pool-1-worker-94 | DEBUG | .c.s.m.InstanceMessageReceiveService : Received schedule participant score for exercise 3810 and participant 734 (result to be deleted: null)
    23:48:18.788 | 330 Pool-1-worker-94 | DEBUG | .a.s.ParticipantScoreScheduleService : Scheduled task for exercise 3810 and participant 734 at 2025-02-14T23:48:18.888064869Z[Etc/UTC].
    23:48:18.791 | 330 Pool-1-worker-94 | DEBUG | d.t.c.a.a.c.s.f.ApiVersionFilter     : Adding Version to Request DELETE /api/exercises/4532/example-submissions/227/example-text-assessment/feedback
    23:48:18.792 | 330 Pool-1-worker-94 | DEBUG | d.t.c.a.a.t.w.TextAssessmentResource : REST request to delete text example assessment : 227
    23:48:18.795 | 330 Pool-1-worker-94 | ERROR | tech.jhipster.web.util.HeaderUtil    : Entity processing failed, exerciseId in ExampleSubmission of exampleSubmissionId 227 doesn't match the paths exerciseId!
    23:48:18.795 | 330 Pool-1-worker-94 | WARN  | o.z.p.spring.common.AdviceTraits     : Bad Request: exerciseId in ExampleSubmission of exampleSubmissionId 227 doesn't match the paths exerciseId!

  Starting logs for TextAssessmentIntegrationTest > testOverrideAssessment_saveOtherTutorForbidden()
    23:48:18.812 | 330 Pool-1-worker-94 | DEBUG | d.t.c.a.a.c.u.util.UserUtilService   : Generate 2 students...
    23:48:18.816 | 330 Pool-1-worker-94 | DEBUG | d.t.c.a.a.c.u.util.UserUtilService   : 2 students generated. Generate 3 tutors...
    23:48:18.822 | 330 Pool-1-worker-94 | DEBUG | d.t.c.a.a.c.u.util.UserUtilService   : 3 tutors generated. Generate 0 editors...
    23:48:18.824 | 330 Pool-1-worker-94 | DEBUG | d.t.c.a.a.c.u.util.UserUtilService   : 0 editors generated. Generate 1 instructors...
    23:48:18.827 | 330 Pool-1-worker-94 | DEBUG | d.t.c.a.a.c.u.util.UserUtilService   : 1 instructors generated
    23:48:18.829 | 330 Pool-1-worker-94 | DEBUG | d.t.c.a.a.c.u.util.UserUtilService   : Removing 6 users from all courses...
    23:48:18.832 | 330 Pool-1-worker-94 | DEBUG | d.t.c.a.a.c.u.util.UserUtilService   : Removing 6 users from all courses. Done
    23:48:18.832 | 330 Pool-1-worker-94 | DEBUG | d.t.c.a.a.c.u.util.UserUtilService   : Save 6 users to database...
    23:48:18.838 | 330 Pool-1-worker-94 | DEBUG | d.t.c.a.a.c.u.util.UserUtilService   : Save 6 users to database. Done
    23:48:18.849 | 330 Pool-1-worker-94 | INFO  | i.z.t.d.l.EmbeddedDatabaseReporter   : JDBC URL to connect to 'dataSource': url='jdbc:h2:tcp://localhost:41063/mem:df70fc46-7e57-4cb5-9cd0-c1d90c14afa7;USER=sa', scope='TextAssessmentIntegrationTest#testOverrideAssessment_saveOtherTutorForbidden'
    23:48:18.873 | 330 Pool-1-worker-94 | DEBUG | .c.s.m.InstanceMessageReceiveService : Received schedule participant score for exercise 3811 and participant 734 (result to be deleted: null)
    23:48:18.873 | 330 Pool-1-worker-94 | DEBUG | .a.s.ParticipantScoreScheduleService : Scheduled task for exercise 3811 and participant 734 at 2025-02-14T23:48:18.973713075Z[Etc/UTC].
    23:48:18.884 | 330 Pool-1-worker-94 | DEBUG | .c.s.m.InstanceMessageReceiveService : Received schedule participant score for exercise 3811 and participant 734 (result to be deleted: null)
    23:48:18.884 | 330 Pool-1-worker-94 | DEBUG | .a.s.ParticipantScoreScheduleService : Scheduled task for exercise 3811 and participant 734 at 2025-02-14T23:48:18.984231632Z[Etc/UTC].
    23:48:18.909 | 330 Pool-1-worker-94 | DEBUG | .c.s.m.InstanceMessageReceiveService : Received schedule participant score for exercise 3811 and participant 734 (result to be deleted: null)
    23:48:18.909 | 330 Pool-1-worker-94 | DEBUG | .a.s.ParticipantScoreScheduleService : Scheduled task for exercise 3811 and participant 734 at 2025-02-14T23:48:19.009445176Z[Etc/UTC].
    23:48:18.920 | 330 Pool-1-worker-94 | DEBUG | .c.s.m.InstanceMessageReceiveService : Received schedule participant score for exercise 3811 and participant 734 (result to be deleted: null)
    23:48:18.920 | 330 Pool-1-worker-94 | DEBUG | .a.s.ParticipantScoreScheduleService : Scheduled task for exercise 3811 and participant 734 at 2025-02-14T23:48:19.020474714Z[Etc/UTC].
    23:48:18.921 | 330 Pool-1-worker-94 | DEBUG | d.t.c.a.a.c.s.f.ApiVersionFilter     : Adding Version to Request PUT /api/participations/3381/results/1720/text-assessment
    23:48:18.942 | 330 Pool-1-worker-94 | DEBUG | d.t.c.a.a.a.web.AssessmentResource   : The user textassessmenttutor2 is not allowed to override the assessment for the submission 1913
    23:48:18.943 | 330 Pool-1-worker-94 | WARN  | o.z.p.spring.common.AdviceTraits     : Forbidden: The user is not allowed to override the assessment

  Starting logs for TextAssessmentIntegrationTest > getExampleResultForTutor_wrongExerciseId()
    23:48:18.957 | 330 Pool-1-worker-94 | DEBUG | d.t.c.a.a.c.u.util.UserUtilService   : Generate 2 students...
    23:48:18.962 | 330 Pool-1-worker-94 | DEBUG | d.t.c.a.a.c.u.util.UserUtilService   : 2 students generated. Generate 3 tutors...
    23:48:18.967 | 330 Pool-1-worker-94 | DEBUG | d.t.c.a.a.c.u.util.UserUtilService   : 3 tutors generated. Generate 0 editors...
    23:48:18.969 | 330 Pool-1-worker-94 | DEBUG | d.t.c.a.a.c.u.util.UserUtilService   : 0 editors generated. Generate 1 instructors...
    23:48:18.972 | 330 Pool-1-worker-94 | DEBUG | d.t.c.a.a.c.u.util.UserUtilService   : 1 instructors generated
    23:48:18.974 | 330 Pool-1-worker-94 | DEBUG | d.t.c.a.a.c.u.util.UserUtilService   : Removing 6 users from all courses...
    23:48:18.976 | 330 Pool-1-worker-94 | DEBUG | d.t.c.a.a.c.u.util.UserUtilService   : Removing 6 users from all courses. Done
    23:48:18.976 | 330 Pool-1-worker-94 | DEBUG | d.t.c.a.a.c.u.util.UserUtilService   : Save 6 users to database...
    23:48:18.982 | 330 Pool-1-worker-94 | DEBUG | d.t.c.a.a.c.u.util.UserUtilService   : Save 6 users to database. Done
    23:48:19.003 | 330 Pool-1-worker-94 | INFO  | i.z.t.d.l.EmbeddedDatabaseReporter   : JDBC URL to connect to 'dataSource': url='jdbc:h2:tcp://localhost:41063/mem:df70fc46-7e57-4cb5-9cd0-c1d90c14afa7;USER=sa', scope='TextAssessmentIntegrationTest#getExampleResultForTutor_wrongExerciseId'
    23:48:19.036 | 330 Pool-1-worker-94 | DEBUG | .c.s.m.InstanceMessageReceiveService : Received schedule participant score for exercise 3812 and participant 734 (result to be deleted: null)
    23:48:19.036 | 330 Pool-1-worker-94 | DEBUG | .a.s.ParticipantScoreScheduleService : Scheduled task for exercise 3812 and participant 734 at 2025-02-14T23:48:19.136240739Z[Etc/UTC].
    23:48:19.046 | 330 Pool-1-worker-94 | DEBUG | .c.s.m.InstanceMessageReceiveService : Received schedule participant score for exercise 3812 and participant 734 (result to be deleted: null)
    23:48:19.046 | 330 Pool-1-worker-94 | DEBUG | .a.s.ParticipantScoreScheduleService : Scheduled task for exercise 3812 and participant 734 at 2025-02-14T23:48:19.146617522Z[Etc/UTC].
    23:48:19.066 | 330 Pool-1-worker-94 | DEBUG | .c.s.m.InstanceMessageReceiveService : Received schedule participant score for exercise 3812 and participant 734 (result to be deleted: null)
    23:48:19.066 | 330 Pool-1-worker-94 | DEBUG | .a.s.ParticipantScoreScheduleService : Scheduled task for exercise 3812 and participant 734 at 2025-02-14T23:48:19.166319987Z[Etc/UTC].
    23:48:19.072 | 330 Pool-1-worker-94 | DEBUG | .c.s.m.InstanceMessageReceiveService : Received schedule participant score for exercise 3812 and participant 734 (result to be deleted: null)
    23:48:19.072 | 330 Pool-1-worker-94 | DEBUG | .a.s.ParticipantScoreScheduleService : Scheduled task for exercise 3812 and participant 734 at 2025-02-14T23:48:19.172272789Z[Etc/UTC].
    23:48:19.074 | 330 Pool-1-worker-94 | DEBUG | d.t.c.a.a.c.s.f.ApiVersionFilter     : Adding Version to Request GET /api/exercises/23454/submissions/1914/example-result
    23:48:19.075 | 330 Pool-1-worker-94 | DEBUG | d.t.c.a.a.t.w.TextAssessmentResource : REST request to get example assessment for tutors text assessment: 1914
    23:48:19.077 | 330 Pool-1-worker-94 | ERROR | tech.jhipster.web.util.HeaderUtil    : Entity processing failed, Exercise to submission with submissionId 1914 doesn't have the exerciseId 23454 !
    23:48:19.077 | 330 Pool-1-worker-94 | WARN  | o.z.p.spring.common.AdviceTraits     : Bad Request: Exercise to submission with submissionId 1914 doesn't have the exerciseId 23454 !

  Starting logs for TextAssessmentIntegrationTest > updateTextAssessmentAfterComplaint_studentHidden()
    23:48:19.089 | 330 Pool-1-worker-94 | DEBUG | d.t.c.a.a.c.u.util.UserUtilService   : Generate 2 students...
    23:48:19.093 | 330 Pool-1-worker-94 | DEBUG | d.t.c.a.a.c.u.util.UserUtilService   : 2 students generated. Generate 3 tutors...
    23:48:19.097 | 330 Pool-1-worker-94 | DEBUG | d.t.c.a.a.c.u.util.UserUtilService   : 3 tutors generated. Generate 0 editors...
    23:48:19.099 | 330 Pool-1-worker-94 | DEBUG | d.t.c.a.a.c.u.util.UserUtilService   : 0 editors generated. Generate 1 instructors...
    23:48:19.101 | 330 Pool-1-worker-94 | DEBUG | d.t.c.a.a.c.u.util.UserUtilService   : 1 instructors generated
    23:48:19.104 | 330 Pool-1-worker-94 | DEBUG | d.t.c.a.a.c.u.util.UserUtilService   : Removing 6 users from all courses...
    23:48:19.105 | 330 Pool-1-worker-94 | DEBUG | d.t.c.a.a.c.u.util.UserUtilService   : Removing 6 users from all courses. Done
    23:48:19.105 | 330 Pool-1-worker-94 | DEBUG | d.t.c.a.a.c.u.util.UserUtilService   : Save 6 users to database...
    23:48:19.109 | 330 Pool-1-worker-94 | DEBUG | d.t.c.a.a.c.u.util.UserUtilService   : Save 6 users to database. Done
    23:48:19.119 | 330 Pool-1-worker-94 | INFO  | i.z.t.d.l.EmbeddedDatabaseReporter   : JDBC URL to connect to 'dataSource': url='jdbc:h2:tcp://localhost:41063/mem:df70fc46-7e57-4cb5-9cd0-c1d90c14afa7;USER=sa', scope='TextAssessmentIntegrationTest#updateTextAssessmentAfterComplaint_studentHidden'
    23:48:19.142 | 330 Pool-1-worker-94 | DEBUG | .c.s.m.InstanceMessageReceiveService : Received schedule participant score for exercise 3813 and participant 734 (result to be deleted: null)
    23:48:19.142 | 330 Pool-1-worker-94 | DEBUG | .a.s.ParticipantScoreScheduleService : Scheduled task for exercise 3813 and participant 734 at 2025-02-14T23:48:19.242969470Z[Etc/UTC].
    23:48:19.152 | 330 Pool-1-worker-94 | DEBUG | .c.s.m.InstanceMessageReceiveService : Received schedule participant score for exercise 3813 and participant 734 (result to be deleted: null)
    23:48:19.152 | 330 Pool-1-worker-94 | DEBUG | .a.s.ParticipantScoreScheduleService : Scheduled task for exercise 3813 and participant 734 at 2025-02-14T23:48:19.252852221Z[Etc/UTC].
    23:48:19.170 | 330 Pool-1-worker-94 | DEBUG | .c.s.m.InstanceMessageReceiveService : Received schedule participant score for exercise 3813 and participant 734 (result to be deleted: null)
    23:48:19.170 | 330 Pool-1-worker-94 | DEBUG | .a.s.ParticipantScoreScheduleService : Scheduled task for exercise 3813 and participant 734 at 2025-02-14T23:48:19.270382508Z[Etc/UTC].
    23:48:19.173 | 330 Pool-1-worker-94 | DEBUG | d.t.c.a.a.c.s.f.ApiVersionFilter     : Adding Version to Request PUT /api/participations/3383/submissions/1915/text-assessment-after-complaint
    23:48:19.173 | 330 Pool-1-worker-94 | DEBUG | d.t.c.a.a.t.w.TextAssessmentResource : REST request to update the assessment of submission 1915 after complaint.
    23:48:19.182 | 330 Pool-1-worker-94 | DEBUG | .c.s.m.InstanceMessageReceiveService : Received schedule participant score for exercise 3813 and participant 734 (result to be deleted: null)
    23:48:19.182 | 330 Pool-1-worker-94 | DEBUG | .a.s.ParticipantScoreScheduleService : Scheduled task for exercise 3813 and participant 734 at 2025-02-14T23:48:19.282871317Z[Etc/UTC].
    23:48:19.200 | 330 Pool-1-worker-94 | DEBUG | .c.s.m.InstanceMessageReceiveService : Received schedule participant score for exercise 3813 and participant 734 (result to be deleted: null)
    23:48:19.200 | 330 Pool-1-worker-94 | DEBUG | .a.s.ParticipantScoreScheduleService : Scheduled task for exercise 3813 and participant 734 at 2025-02-14T23:48:19.300661576Z[Etc/UTC].
    23:48:19.210 | 330 Pool-1-worker-94 | DEBUG | .c.s.m.InstanceMessageReceiveService : Received schedule participant score for exercise 3813 and participant 734 (result to be deleted: null)
    23:48:19.210 | 330 Pool-1-worker-94 | DEBUG | .a.s.ParticipantScoreScheduleService : Scheduled task for exercise 3813 and participant 734 at 2025-02-14T23:48:19.310451655Z[Etc/UTC].
    23:48:19.220 | 330 Pool-1-worker-94 | DEBUG | .c.s.m.InstanceMessageReceiveService : Received schedule participant score for exercise 3813 and participant 734 (result to be deleted: null)
    23:48:19.220 | 330 Pool-1-worker-94 | DEBUG | .a.s.ParticipantScoreScheduleService : Scheduled task for exercise 3813 and participant 734 at 2025-02-14T23:48:19.320139863Z[Etc/UTC].

  Starting logs for TextAssessmentIntegrationTest > saveOrSubmitTextAssessment_studentHidden(boolean) [1] submit=true
    23:48:19.237 | 330 Pool-1-worker-94 | DEBUG | d.t.c.a.a.c.u.util.UserUtilService   : Generate 2 students...
    23:48:19.241 | 330 Pool-1-worker-94 | DEBUG | d.t.c.a.a.c.u.util.UserUtilService   : 2 students generated. Generate 3 tutors...
    23:48:19.246 | 330 Pool-1-worker-94 | DEBUG | d.t.c.a.a.c.u.util.UserUtilService   : 3 tutors generated. Generate 0 editors...
    23:48:19.248 | 330 Pool-1-worker-94 | DEBUG | d.t.c.a.a.c.u.util.UserUtilService   : 0 editors generated. Generate 1 instructors...
    23:48:19.250 | 330 Pool-1-worker-94 | DEBUG | d.t.c.a.a.c.u.util.UserUtilService   : 1 instructors generated
    23:48:19.253 | 330 Pool-1-worker-94 | DEBUG | d.t.c.a.a.c.u.util.UserUtilService   : Removing 6 users from all courses...
    23:48:19.254 | 330 Pool-1-worker-94 | DEBUG | d.t.c.a.a.c.u.util.UserUtilService   : Removing 6 users from all courses. Done
    23:48:19.254 | 330 Pool-1-worker-94 | DEBUG | d.t.c.a.a.c.u.util.UserUtilService   : Save 6 users to database...
    23:48:19.259 | 330 Pool-1-worker-94 | DEBUG | d.t.c.a.a.c.u.util.UserUtilService   : Save 6 users to database. Done
    23:48:19.268 | 330 Pool-1-worker-94 | INFO  | i.z.t.d.l.EmbeddedDatabaseReporter   : JDBC URL to connect to 'dataSource': url='jdbc:h2:tcp://localhost:41063/mem:df70fc46-7e57-4cb5-9cd0-c1d90c14afa7;USER=sa', scope='TextAssessmentIntegrationTest#saveOrSubmitTextAssessment_studentHidden'
    23:48:19.275 | 330 Pool-1-worker-94 | DEBUG | d.t.c.a.a.c.s.f.ApiVersionFilter     : Adding Version to Request GET /api/exercises/3814/text-submission-without-assessment
    23:48:19.275 | 330 Pool-1-worker-94 | DEBUG | d.t.c.a.a.t.w.TextSubmissionResource : REST request to get a text submission without assessment
    23:48:19.290 | 330 Pool-1-worker-94 | DEBUG | .c.s.m.InstanceMessageReceiveService : Received schedule participant score for exercise 3814 and participant 734 (result to be deleted: null)
    23:48:19.290 | 330 Pool-1-worker-94 | DEBUG | .a.s.ParticipantScoreScheduleService : Scheduled task for exercise 3814 and participant 734 at 2025-02-14T23:48:19.390808091Z[Etc/UTC].
    23:48:19.300 | 330 Pool-1-worker-94 | DEBUG | .c.s.m.InstanceMessageReceiveService : Received schedule participant score for exercise 3814 and participant 734 (result to be deleted: null)
    23:48:19.301 | 330 Pool-1-worker-94 | DEBUG | .a.s.ParticipantScoreScheduleService : Scheduled task for exercise 3814 and participant 734 at 2025-02-14T23:48:19.401001101Z[Etc/UTC].
    23:48:19.311 | 330 Pool-1-worker-94 | DEBUG | .c.s.m.InstanceMessageReceiveService : Received schedule participant score for exercise 3814 and participant 734 (result to be deleted: null)
    23:48:19.311 | 330 Pool-1-worker-94 | DEBUG | .a.s.ParticipantScoreScheduleService : Scheduled task for exercise 3814 and participant 734 at 2025-02-14T23:48:19.411747273Z[Etc/UTC].
    23:48:19.317 | 330 Pool-1-worker-94 | DEBUG | d.t.c.a.a.c.s.f.ApiVersionFilter     : Adding Version to Request POST /api/participations/3384/results/1724/submit-text-assessment
    23:48:19.342 | 330 Pool-1-worker-94 | DEBUG | .c.s.m.InstanceMessageReceiveService : Received schedule participant score for exercise 3814 and participant 734 (result to be deleted: null)
    23:48:19.342 | 330 Pool-1-worker-94 | DEBUG | .a.s.ParticipantScoreScheduleService : Scheduled task for exercise 3814 and participant 734 at 2025-02-14T23:48:19.442128765Z[Etc/UTC].
    23:48:19.344 | 330 Pool-1-worker-94 | DEBUG | .c.s.m.InstanceMessageReceiveService : Received schedule participant score for exercise 3814 and participant 734 (result to be deleted: null)
    23:48:19.344 | 330 Pool-1-worker-94 | DEBUG | .a.s.ParticipantScoreScheduleService : Scheduled task for exercise 3814 and participant 734 at 2025-02-14T23:48:19.444593582Z[Etc/UTC].

  Starting logs for TextAssessmentIntegrationTest > saveOrSubmitTextAssessment_studentHidden(boolean) [2] submit=false
    23:48:19.361 | 330 Pool-1-worker-94 | DEBUG | d.t.c.a.a.c.u.util.UserUtilService   : Generate 2 students...
    23:48:19.365 | 330 Pool-1-worker-94 | DEBUG | d.t.c.a.a.c.u.util.UserUtilService   : 2 students generated. Generate 3 tutors...
    23:48:19.371 | 330 Pool-1-worker-94 | DEBUG | d.t.c.a.a.c.u.util.UserUtilService   : 3 tutors generated. Generate 0 editors...
    23:48:19.372 | 330 Pool-1-worker-94 | DEBUG | d.t.c.a.a.c.u.util.UserUtilService   : 0 editors generated. Generate 1 instructors...
    23:48:19.375 | 330 Pool-1-worker-94 | DEBUG | d.t.c.a.a.c.u.util.UserUtilService   : 1 instructors generated
    23:48:19.377 | 330 Pool-1-worker-94 | DEBUG | d.t.c.a.a.c.u.util.UserUtilService   : Removing 6 users from all courses...
    23:48:19.378 | 330 Pool-1-worker-94 | DEBUG | d.t.c.a.a.c.u.util.UserUtilService   : Removing 6 users from all courses. Done
    23:48:19.378 | 330 Pool-1-worker-94 | DEBUG | d.t.c.a.a.c.u.util.UserUtilService   : Save 6 users to database...
    23:48:19.382 | 330 Pool-1-worker-94 | DEBUG | d.t.c.a.a.c.u.util.UserUtilService   : Save 6 users to database. Done
    23:48:19.392 | 330 Pool-1-worker-94 | INFO  | i.z.t.d.l.EmbeddedDatabaseReporter   : JDBC URL to connect to 'dataSource': url='jdbc:h2:tcp://localhost:41063/mem:df70fc46-7e57-4cb5-9cd0-c1d90c14afa7;USER=sa', scope='TextAssessmentIntegrationTest#saveOrSubmitTextAssessment_studentHidden'
    23:48:19.399 | 330 Pool-1-worker-94 | DEBUG | d.t.c.a.a.c.s.f.ApiVersionFilter     : Adding Version to Request GET /api/exercises/3815/text-submission-without-assessment
    23:48:19.399 | 330 Pool-1-worker-94 | DEBUG | d.t.c.a.a.t.w.TextSubmissionResource : REST request to get a text submission without assessment
    23:48:19.414 | 330 Pool-1-worker-94 | DEBUG | .c.s.m.InstanceMessageReceiveService : Received schedule participant score for exercise 3815 and participant 734 (result to be deleted: null)
    23:48:19.414 | 330 Pool-1-worker-94 | DEBUG | .a.s.ParticipantScoreScheduleService : Scheduled task for exercise 3815 and participant 734 at 2025-02-14T23:48:19.514388600Z[Etc/UTC].
    23:48:19.425 | 330 Pool-1-worker-94 | DEBUG | .c.s.m.InstanceMessageReceiveService : Received schedule participant score for exercise 3815 and participant 734 (result to be deleted: null)
    23:48:19.425 | 330 Pool-1-worker-94 | DEBUG | .a.s.ParticipantScoreScheduleService : Scheduled task for exercise 3815 and participant 734 at 2025-02-14T23:48:19.525815612Z[Etc/UTC].
    23:48:19.437 | 330 Pool-1-worker-94 | DEBUG | .c.s.m.InstanceMessageReceiveService : Received schedule participant score for exercise 3815 and participant 734 (result to be deleted: null)
    23:48:19.437 | 330 Pool-1-worker-94 | DEBUG | .a.s.ParticipantScoreScheduleService : Scheduled task for exercise 3815 and participant 734 at 2025-02-14T23:48:19.537467062Z[Etc/UTC].
    23:48:19.443 | 330 Pool-1-worker-94 | DEBUG | d.t.c.a.a.c.s.f.ApiVersionFilter     : Adding Version to Request PUT /api/participations/3385/results/1725/text-assessment
    23:48:19.468 | 330 Pool-1-worker-94 | DEBUG | .c.s.m.InstanceMessageReceiveService : Received schedule participant score for exercise 3815 and participant 734 (result to be deleted: null)
    23:48:19.468 | 330 Pool-1-worker-94 | DEBUG | .a.s.ParticipantScoreScheduleService : Scheduled task for exercise 3815 and participant 734 at 2025-02-14T23:48:19.568151699Z[Etc/UTC].

  Starting logs for TextAssessmentIntegrationTest > cancelAssessment_wrongSubmissionId()
    23:48:19.486 | 330 Pool-1-worker-94 | DEBUG | d.t.c.a.a.c.u.util.UserUtilService   : Generate 2 students...
    23:48:19.490 | 330 Pool-1-worker-94 | DEBUG | d.t.c.a.a.c.u.util.UserUtilService   : 2 students generated. Generate 3 tutors...
    23:48:19.496 | 330 Pool-1-worker-94 | DEBUG | d.t.c.a.a.c.u.util.UserUtilService   : 3 tutors generated. Generate 0 editors...
    23:48:19.497 | 330 Pool-1-worker-94 | DEBUG | d.t.c.a.a.c.u.util.UserUtilService   : 0 editors generated. Generate 1 instructors...
    23:48:19.500 | 330 Pool-1-worker-94 | DEBUG | d.t.c.a.a.c.u.util.UserUtilService   : 1 instructors generated
    23:48:19.503 | 330 Pool-1-worker-94 | DEBUG | d.t.c.a.a.c.u.util.UserUtilService   : Removing 6 users from all courses...
    23:48:19.504 | 330 Pool-1-worker-94 | DEBUG | d.t.c.a.a.c.u.util.UserUtilService   : Removing 6 users from all courses. Done
    23:48:19.504 | 330 Pool-1-worker-94 | DEBUG | d.t.c.a.a.c.u.util.UserUtilService   : Save 6 users to database...
    23:48:19.511 | 330 Pool-1-worker-94 | DEBUG | d.t.c.a.a.c.u.util.UserUtilService   : Save 6 users to database. Done
    23:48:19.521 | 330 Pool-1-worker-94 | INFO  | i.z.t.d.l.EmbeddedDatabaseReporter   : JDBC URL to connect to 'dataSource': url='jdbc:h2:tcp://localhost:41063/mem:df70fc46-7e57-4cb5-9cd0-c1d90c14afa7;USER=sa', scope='TextAssessmentIntegrationTest#cancelAssessment_wrongSubmissionId'
    23:48:19.522 | 330 Pool-1-worker-94 | DEBUG | d.t.c.a.a.c.s.f.ApiVersionFilter     : Adding Version to Request POST /api/participations/1/submissions/1000000000/cancel-assessment
    23:48:19.528 | 330 Pool-1-worker-94 | WARN  | o.z.p.spring.common.AdviceTraits     : Not Found: Submission with identifier: "1000000000" does not exist

  Starting logs for TextAssessmentIntegrationTest > getDataForTextEditor_asOtherStudent()
    23:48:19.554 | 330 Pool-1-worker-94 | DEBUG | d.t.c.a.a.c.u.util.UserUtilService   : Generate 2 students...
    23:48:19.559 | 330 Pool-1-worker-94 | DEBUG | d.t.c.a.a.c.u.util.UserUtilService   : 2 students generated. Generate 3 tutors...
    23:48:19.565 | 330 Pool-1-worker-94 | DEBUG | d.t.c.a.a.c.u.util.UserUtilService   : 3 tutors generated. Generate 0 editors...
    23:48:19.566 | 330 Pool-1-worker-94 | DEBUG | d.t.c.a.a.c.u.util.UserUtilService   : 0 editors generated. Generate 1 instructors...
    23:48:19.569 | 330 Pool-1-worker-94 | DEBUG | d.t.c.a.a.c.u.util.UserUtilService   : 1 instructors generated
    23:48:19.571 | 330 Pool-1-worker-94 | DEBUG | d.t.c.a.a.c.u.util.UserUtilService   : Removing 6 users from all courses...
    23:48:19.573 | 330 Pool-1-worker-94 | DEBUG | d.t.c.a.a.c.u.util.UserUtilService   : Removing 6 users from all courses. Done
    23:48:19.573 | 330 Pool-1-worker-94 | DEBUG | d.t.c.a.a.c.u.util.UserUtilService   : Save 6 users to database...
    23:48:19.578 | 330 Pool-1-worker-94 | DEBUG | d.t.c.a.a.c.u.util.UserUtilService   : Save 6 users to database. Done
    23:48:19.589 | 330 Pool-1-worker-94 | INFO  | i.z.t.d.l.EmbeddedDatabaseReporter   : JDBC URL to connect to 'dataSource': url='jdbc:h2:tcp://localhost:41063/mem:df70fc46-7e57-4cb5-9cd0-c1d90c14afa7;USER=sa', scope='TextAssessmentIntegrationTest#getDataForTextEditor_asOtherStudent'
    23:48:19.615 | 330 Pool-1-worker-94 | DEBUG | .c.s.m.InstanceMessageReceiveService : Received schedule participant score for exercise 3817 and participant 734 (result to be deleted: null)
    23:48:19.615 | 330 Pool-1-worker-94 | DEBUG | .a.s.ParticipantScoreScheduleService : Scheduled task for exercise 3817 and participant 734 at 2025-02-14T23:48:19.715432440Z[Etc/UTC].
    23:48:19.626 | 330 Pool-1-worker-94 | DEBUG | .c.s.m.InstanceMessageReceiveService : Received schedule participant score for exercise 3817 and participant 734 (result to be deleted: null)
    23:48:19.626 | 330 Pool-1-worker-94 | DEBUG | .a.s.ParticipantScoreScheduleService : Scheduled task for exercise 3817 and participant 734 at 2025-02-14T23:48:19.726325415Z[Etc/UTC].
    23:48:19.655 | 330 Pool-1-worker-94 | DEBUG | .c.s.m.InstanceMessageReceiveService : Received schedule participant score for exercise 3817 and participant 734 (result to be deleted: null)
    23:48:19.655 | 330 Pool-1-worker-94 | DEBUG | .a.s.ParticipantScoreScheduleService : Scheduled task for exercise 3817 and participant 734 at 2025-02-14T23:48:19.755270047Z[Etc/UTC].
    23:48:19.657 | 330 Pool-1-worker-94 | DEBUG | d.t.c.a.a.c.s.f.ApiVersionFilter     : Adding Version to Request GET /api/text-editor/3386
    23:48:19.662 | 330 Pool-1-worker-94 | WARN  | o.z.p.spring.common.AdviceTraits     : Forbidden: You are not allowed to access this resource

  Starting logs for TextAssessmentIntegrationTest > testOverrideAssessment_submitSameTutorAfterAssessmentDueDateForbidden()
    23:48:19.681 | 330 Pool-1-worker-94 | DEBUG | d.t.c.a.a.c.u.util.UserUtilService   : Generate 2 students...
    23:48:19.685 | 330 Pool-1-worker-94 | DEBUG | d.t.c.a.a.c.u.util.UserUtilService   : 2 students generated. Generate 3 tutors...
    23:48:19.691 | 330 Pool-1-worker-94 | DEBUG | d.t.c.a.a.c.u.util.UserUtilService   : 3 tutors generated. Generate 0 editors...
    23:48:19.692 | 330 Pool-1-worker-94 | DEBUG | d.t.c.a.a.c.u.util.UserUtilService   : 0 editors generated. Generate 1 instructors...
    23:48:19.695 | 330 Pool-1-worker-94 | DEBUG | d.t.c.a.a.c.u.util.UserUtilService   : 1 instructors generated
    23:48:19.697 | 330 Pool-1-worker-94 | DEBUG | d.t.c.a.a.c.u.util.UserUtilService   : Removing 6 users from all courses...
    23:48:19.699 | 330 Pool-1-worker-94 | DEBUG | d.t.c.a.a.c.u.util.UserUtilService   : Removing 6 users from all courses. Done
    23:48:19.699 | 330 Pool-1-worker-94 | DEBUG | d.t.c.a.a.c.u.util.UserUtilService   : Save 6 users to database...
    23:48:19.703 | 330 Pool-1-worker-94 | DEBUG | d.t.c.a.a.c.u.util.UserUtilService   : Save 6 users to database. Done
    23:48:19.713 | 330 Pool-1-worker-94 | INFO  | i.z.t.d.l.EmbeddedDatabaseReporter   : JDBC URL to connect to 'dataSource': url='jdbc:h2:tcp://localhost:41063/mem:df70fc46-7e57-4cb5-9cd0-c1d90c14afa7;USER=sa', scope='TextAssessmentIntegrationTest#testOverrideAssessment_submitSameTutorAfterAssessmentDueDateForbidden'
    23:48:19.738 | 330 Pool-1-worker-94 | DEBUG | .c.s.m.InstanceMessageReceiveService : Received schedule participant score for exercise 3818 and participant 734 (result to be deleted: null)
    23:48:19.738 | 330 Pool-1-worker-94 | DEBUG | .a.s.ParticipantScoreScheduleService : Scheduled task for exercise 3818 and participant 734 at 2025-02-14T23:48:19.838600831Z[Etc/UTC].
    23:48:19.749 | 330 Pool-1-worker-94 | DEBUG | .c.s.m.InstanceMessageReceiveService : Received schedule participant score for exercise 3818 and participant 734 (result to be deleted: null)
    23:48:19.749 | 330 Pool-1-worker-94 | DEBUG | .a.s.ParticipantScoreScheduleService : Scheduled task for exercise 3818 and participant 734 at 2025-02-14T23:48:19.849094882Z[Etc/UTC].
    23:48:19.776 | 330 Pool-1-worker-94 | DEBUG | .c.s.m.InstanceMessageReceiveService : Received schedule participant score for exercise 3818 and participant 734 (result to be deleted: null)
    23:48:19.776 | 330 Pool-1-worker-94 | DEBUG | .a.s.ParticipantScoreScheduleService : Scheduled task for exercise 3818 and participant 734 at 2025-02-14T23:48:19.876426967Z[Etc/UTC].
    23:48:19.787 | 330 Pool-1-worker-94 | DEBUG | .c.s.m.InstanceMessageReceiveService : Received schedule participant score for exercise 3818 and participant 734 (result to be deleted: null)
    23:48:19.787 | 330 Pool-1-worker-94 | DEBUG | .a.s.ParticipantScoreScheduleService : Scheduled task for exercise 3818 and participant 734 at 2025-02-14T23:48:19.887215808Z[Etc/UTC].
    23:48:19.788 | 330 Pool-1-worker-94 | DEBUG | d.t.c.a.a.c.s.f.ApiVersionFilter     : Adding Version to Request POST /api/participations/3387/results/1727/submit-text-assessment
    23:48:19.823 | 330 Pool-1-worker-94 | DEBUG | d.t.c.a.a.a.web.AssessmentResource   : The user textassessmenttutor1 is not allowed to override the assessment for the submission 1919
    23:48:19.824 | 330 Pool-1-worker-94 | WARN  | o.z.p.spring.common.AdviceTraits     : Forbidden: The user is not allowed to override the assessment

  Starting logs for TextAssessmentIntegrationTest > saveOrSubmitTextAssessment_wrongParticipationId(boolean) [1] submit=true
    23:48:19.860 | 330 Pool-1-worker-94 | DEBUG | d.t.c.a.a.c.u.util.UserUtilService   : Generate 2 students...
    23:48:19.868 | 330 Pool-1-worker-94 | DEBUG | d.t.c.a.a.c.u.util.UserUtilService   : 2 students generated. Generate 3 tutors...
    23:48:19.874 | 330 Pool-1-worker-94 | DEBUG | d.t.c.a.a.c.u.util.UserUtilService   : 3 tutors generated. Generate 0 editors...
    23:48:19.875 | 330 Pool-1-worker-94 | DEBUG | d.t.c.a.a.c.u.util.UserUtilService   : 0 editors generated. Generate 1 instructors...
    23:48:19.879 | 330 Pool-1-worker-94 | DEBUG | d.t.c.a.a.c.u.util.UserUtilService   : 1 instructors generated
    23:48:19.882 | 330 Pool-1-worker-94 | DEBUG | d.t.c.a.a.c.u.util.UserUtilService   : Removing 6 users from all courses...
    23:48:19.883 | 330 Pool-1-worker-94 | DEBUG | d.t.c.a.a.c.u.util.UserUtilService   : Removing 6 users from all courses. Done
    23:48:19.883 | 330 Pool-1-worker-94 | DEBUG | d.t.c.a.a.c.u.util.UserUtilService   : Save 6 users to database...
    23:48:19.889 | 330 Pool-1-worker-94 | DEBUG | d.t.c.a.a.c.u.util.UserUtilService   : Save 6 users to database. Done
    23:48:19.902 | 330 Pool-1-worker-94 | INFO  | i.z.t.d.l.EmbeddedDatabaseReporter   : JDBC URL to connect to 'dataSource': url='jdbc:h2:tcp://localhost:41063/mem:df70fc46-7e57-4cb5-9cd0-c1d90c14afa7;USER=sa', scope='TextAssessmentIntegrationTest#saveOrSubmitTextAssessment_wrongParticipationId'
    23:48:19.914 | 330 Pool-1-worker-94 | DEBUG | d.t.c.a.a.c.s.f.ApiVersionFilter     : Adding Version to Request GET /api/exercises/3819/text-submission-without-assessment
    23:48:19.915 | 330 Pool-1-worker-94 | DEBUG | d.t.c.a.a.t.w.TextSubmissionResource : REST request to get a text submission without assessment
    23:48:19.930 | 330 Pool-1-worker-94 | DEBUG | .c.s.m.InstanceMessageReceiveService : Received schedule participant score for exercise 3819 and participant 734 (result to be deleted: null)
    23:48:19.930 | 330 Pool-1-worker-94 | DEBUG | .a.s.ParticipantScoreScheduleService : Scheduled task for exercise 3819 and participant 734 at 2025-02-14T23:48:20.030569986Z[Etc/UTC].
    23:48:19.942 | 330 Pool-1-worker-94 | DEBUG | .c.s.m.InstanceMessageReceiveService : Received schedule participant score for exercise 3819 and participant 734 (result to be deleted: null)
    23:48:19.942 | 330 Pool-1-worker-94 | DEBUG | .a.s.ParticipantScoreScheduleService : Scheduled task for exercise 3819 and participant 734 at 2025-02-14T23:48:20.042195928Z[Etc/UTC].
    23:48:19.954 | 330 Pool-1-worker-94 | DEBUG | .c.s.m.InstanceMessageReceiveService : Received schedule participant score for exercise 3819 and participant 734 (result to be deleted: null)
    23:48:19.954 | 330 Pool-1-worker-94 | DEBUG | .a.s.ParticipantScoreScheduleService : Scheduled task for exercise 3819 and participant 734 at 2025-02-14T23:48:20.054154602Z[Etc/UTC].
    23:48:19.960 | 330 Pool-1-worker-94 | DEBUG | d.t.c.a.a.c.s.f.ApiVersionFilter     : Adding Version to Request POST /api/participations/1343/results/1728/submit-text-assessment
    23:48:19.971 | 330 Pool-1-worker-94 | ERROR | tech.jhipster.web.util.HeaderUtil    : Entity processing failed, participationId in Result of resultId 1728 doesn't match the paths participationId!
    23:48:19.971 | 330 Pool-1-worker-94 | WARN  | o.z.p.spring.common.AdviceTraits     : Bad Request: participationId in Result of resultId 1728 doesn't match the paths participationId!

  Starting logs for TextAssessmentIntegrationTest > saveOrSubmitTextAssessment_wrongParticipationId(boolean) [2] submit=false
    23:48:19.989 | 330 Pool-1-worker-94 | DEBUG | d.t.c.a.a.c.u.util.UserUtilService   : Generate 2 students...
    23:48:19.994 | 330 Pool-1-worker-94 | DEBUG | d.t.c.a.a.c.u.util.UserUtilService   : 2 students generated. Generate 3 tutors...
    23:48:20.000 | 330 Pool-1-worker-94 | DEBUG | d.t.c.a.a.c.u.util.UserUtilService   : 3 tutors generated. Generate 0 editors...
    23:48:20.001 | 330 Pool-1-worker-94 | DEBUG | d.t.c.a.a.c.u.util.UserUtilService   : 0 editors generated. Generate 1 instructors...
    23:48:20.004 | 330 Pool-1-worker-94 | DEBUG | d.t.c.a.a.c.u.util.UserUtilService   : 1 instructors generated
    23:48:20.007 | 330 Pool-1-worker-94 | DEBUG | d.t.c.a.a.c.u.util.UserUtilService   : Removing 6 users from all courses...
    23:48:20.008 | 330 Pool-1-worker-94 | DEBUG | d.t.c.a.a.c.u.util.UserUtilService   : Removing 6 users from all courses. Done
    23:48:20.008 | 330 Pool-1-worker-94 | DEBUG | d.t.c.a.a.c.u.util.UserUtilService   : Save 6 users to database...
    23:48:20.014 | 330 Pool-1-worker-94 | DEBUG | d.t.c.a.a.c.u.util.UserUtilService   : Save 6 users to database. Done
    23:48:20.024 | 330 Pool-1-worker-94 | INFO  | i.z.t.d.l.EmbeddedDatabaseReporter   : JDBC URL to connect to 'dataSource': url='jdbc:h2:tcp://localhost:41063/mem:df70fc46-7e57-4cb5-9cd0-c1d90c14afa7;USER=sa', scope='TextAssessmentIntegrationTest#saveOrSubmitTextAssessment_wrongParticipationId'
    23:48:20.032 | 330 Pool-1-worker-94 | DEBUG | d.t.c.a.a.c.s.f.ApiVersionFilter     : Adding Version to Request GET /api/exercises/3820/text-submission-without-assessment
    23:48:20.033 | 330 Pool-1-worker-94 | DEBUG | d.t.c.a.a.t.w.TextSubmissionResource : REST request to get a text submission without assessment
    23:48:20.048 | 330 Pool-1-worker-94 | DEBUG | .c.s.m.InstanceMessageReceiveService : Received schedule participant score for exercise 3820 and participant 734 (result to be deleted: null)
    23:48:20.049 | 330 Pool-1-worker-94 | DEBUG | .a.s.ParticipantScoreScheduleService : Scheduled task for exercise 3820 and participant 734 at 2025-02-14T23:48:20.149047949Z[Etc/UTC].
    23:48:20.061 | 330 Pool-1-worker-94 | DEBUG | .c.s.m.InstanceMessageReceiveService : Received schedule participant score for exercise 3820 and participant 734 (result to be deleted: null)
    23:48:20.061 | 330 Pool-1-worker-94 | DEBUG | .a.s.ParticipantScoreScheduleService : Scheduled task for exercise 3820 and participant 734 at 2025-02-14T23:48:20.161346466Z[Etc/UTC].
    23:48:20.073 | 330 Pool-1-worker-94 | DEBUG | .c.s.m.InstanceMessageReceiveService : Received schedule participant score for exercise 3820 and participant 734 (result to be deleted: null)
    23:48:20.073 | 330 Pool-1-worker-94 | DEBUG | .a.s.ParticipantScoreScheduleService : Scheduled task for exercise 3820 and participant 734 at 2025-02-14T23:48:20.173893586Z[Etc/UTC].
    23:48:20.080 | 330 Pool-1-worker-94 | DEBUG | d.t.c.a.a.c.s.f.ApiVersionFilter     : Adding Version to Request PUT /api/participations/1343/results/1729/text-assessment
    23:48:20.091 | 330 Pool-1-worker-94 | ERROR | tech.jhipster.web.util.HeaderUtil    : Entity processing failed, participationId in Result of resultId 1729 doesn't match the paths participationId!
    23:48:20.091 | 330 Pool-1-worker-94 | WARN  | o.z.p.spring.common.AdviceTraits     : Bad Request: participationId in Result of resultId 1729 doesn't match the paths participationId!

  Starting logs for TextAssessmentIntegrationTest > testDeleteTextExampleAssessment()
    23:48:20.109 | 330 Pool-1-worker-94 | DEBUG | d.t.c.a.a.c.u.util.UserUtilService   : Generate 2 students...
    23:48:20.113 | 330 Pool-1-worker-94 | DEBUG | d.t.c.a.a.c.u.util.UserUtilService   : 2 students generated. Generate 3 tutors...
    23:48:20.119 | 330 Pool-1-worker-94 | DEBUG | d.t.c.a.a.c.u.util.UserUtilService   : 3 tutors generated. Generate 0 editors...
    23:48:20.120 | 330 Pool-1-worker-94 | DEBUG | d.t.c.a.a.c.u.util.UserUtilService   : 0 editors generated. Generate 1 instructors...
    23:48:20.123 | 330 Pool-1-worker-94 | DEBUG | d.t.c.a.a.c.u.util.UserUtilService   : 1 instructors generated
    23:48:20.125 | 330 Pool-1-worker-94 | DEBUG | d.t.c.a.a.c.u.util.UserUtilService   : Removing 6 users from all courses...
    23:48:20.126 | 330 Pool-1-worker-94 | DEBUG | d.t.c.a.a.c.u.util.UserUtilService   : Removing 6 users from all courses. Done
    23:48:20.126 | 330 Pool-1-worker-94 | DEBUG | d.t.c.a.a.c.u.util.UserUtilService   : Save 6 users to database...
    23:48:20.132 | 330 Pool-1-worker-94 | DEBUG | d.t.c.a.a.c.u.util.UserUtilService   : Save 6 users to database. Done
    23:48:20.142 | 330 Pool-1-worker-94 | INFO  | i.z.t.d.l.EmbeddedDatabaseReporter   : JDBC URL to connect to 'dataSource': url='jdbc:h2:tcp://localhost:41063/mem:df70fc46-7e57-4cb5-9cd0-c1d90c14afa7;USER=sa', scope='TextAssessmentIntegrationTest#testDeleteTextExampleAssessment'
    23:48:20.167 | 330 Pool-1-worker-94 | DEBUG | .c.s.m.InstanceMessageReceiveService : Received schedule participant score for exercise 3821 and participant 734 (result to be deleted: null)
    23:48:20.167 | 330 Pool-1-worker-94 | DEBUG | .a.s.ParticipantScoreScheduleService : Scheduled task for exercise 3821 and participant 734 at 2025-02-14T23:48:20.267915932Z[Etc/UTC].
    23:48:20.179 | 330 Pool-1-worker-94 | DEBUG | .c.s.m.InstanceMessageReceiveService : Received schedule participant score for exercise 3821 and participant 734 (result to be deleted: null)
    23:48:20.179 | 330 Pool-1-worker-94 | DEBUG | .a.s.ParticipantScoreScheduleService : Scheduled task for exercise 3821 and participant 734 at 2025-02-14T23:48:20.279520314Z[Etc/UTC].
    23:48:20.207 | 330 Pool-1-worker-94 | DEBUG | .c.s.m.InstanceMessageReceiveService : Received schedule participant score for exercise 3821 and participant 734 (result to be deleted: null)
    23:48:20.207 | 330 Pool-1-worker-94 | DEBUG | .a.s.ParticipantScoreScheduleService : Scheduled task for exercise 3821 and participant 734 at 2025-02-14T23:48:20.307174920Z[Etc/UTC].
    23:48:20.218 | 330 Pool-1-worker-94 | DEBUG | .c.s.m.InstanceMessageReceiveService : Received schedule participant score for exercise 3821 and participant 734 (result to be deleted: null)
    23:48:20.218 | 330 Pool-1-worker-94 | DEBUG | .a.s.ParticipantScoreScheduleService : Scheduled task for exercise 3821 and participant 734 at 2025-02-14T23:48:20.318170297Z[Etc/UTC].
    23:48:20.220 | 330 Pool-1-worker-94 | DEBUG | d.t.c.a.a.c.s.f.ApiVersionFilter     : Adding Version to Request DELETE /api/exercises/3821/example-submissions/229/example-text-assessment/feedback
    23:48:20.220 | 330 Pool-1-worker-94 | DEBUG | d.t.c.a.a.t.w.TextAssessmentResource : REST request to delete text example assessment : 229
    23:48:20.224 | 330 Pool-1-worker-94 | DEBUG | d.t.c.a.a.a.service.ResultService    : Delete result 1730
    23:48:20.224 | 330 Pool-1-worker-94 | DEBUG | d.t.c.a.a.a.service.ResultService    : Delete result references 1730
    23:48:20.226 | 330 Pool-1-worker-94 | DEBUG | .c.s.m.InstanceMessageReceiveService : Received schedule participant score for exercise 3821 and participant 734 (result to be deleted: 1730)
    23:48:20.226 | 330 Pool-1-worker-94 | DEBUG | .a.s.ParticipantScoreScheduleService : Scheduled task for exercise 3821 and participant 734 at 2025-02-14T23:48:20.326733357Z[Etc/UTC].

  Starting logs for TextAssessmentIntegrationTest > getDataForTextEditor_BeforeExamPublishDate_Forbidden()
    23:48:20.248 | 330 Pool-1-worker-94 | DEBUG | d.t.c.a.a.c.u.util.UserUtilService   : Generate 2 students...
    23:48:20.252 | 330 Pool-1-worker-94 | DEBUG | d.t.c.a.a.c.u.util.UserUtilService   : 2 students generated. Generate 3 tutors...
    23:48:20.258 | 330 Pool-1-worker-94 | DEBUG | d.t.c.a.a.c.u.util.UserUtilService   : 3 tutors generated. Generate 0 editors...
    23:48:20.259 | 330 Pool-1-worker-94 | DEBUG | d.t.c.a.a.c.u.util.UserUtilService   : 0 editors generated. Generate 1 instructors...
    23:48:20.262 | 330 Pool-1-worker-94 | DEBUG | d.t.c.a.a.c.u.util.UserUtilService   : 1 instructors generated
    23:48:20.269 | 330 Pool-1-worker-94 | DEBUG | d.t.c.a.a.c.u.util.UserUtilService   : Removing 6 users from all courses...
    23:48:20.274 | 330 Pool-1-worker-94 | DEBUG | d.t.c.a.a.c.u.util.UserUtilService   : Removing 6 users from all courses. Done
    23:48:20.274 | 330 Pool-1-worker-94 | DEBUG | d.t.c.a.a.c.u.util.UserUtilService   : Save 6 users to database...
    23:48:20.281 | 330 Pool-1-worker-94 | DEBUG | d.t.c.a.a.c.u.util.UserUtilService   : Save 6 users to database. Done
    23:48:20.292 | 330 Pool-1-worker-94 | INFO  | i.z.t.d.l.EmbeddedDatabaseReporter   : JDBC URL to connect to 'dataSource': url='jdbc:h2:tcp://localhost:41063/mem:df70fc46-7e57-4cb5-9cd0-c1d90c14afa7;USER=sa', scope='TextAssessmentIntegrationTest#getDataForTextEditor_BeforeExamPublishDate_Forbidden'
    23:48:20.320 | 330 Pool-1-worker-94 | DEBUG | .c.s.m.InstanceMessageReceiveService : Received schedule participant score for exercise 3823 and participant 734 (result to be deleted: null)
    23:48:20.321 | 330 Pool-1-worker-94 | DEBUG | .a.s.ParticipantScoreScheduleService : Scheduled task for exercise 3823 and participant 734 at 2025-02-14T23:48:20.421027915Z[Etc/UTC].
    23:48:20.331 | 330 Pool-1-worker-94 | DEBUG | .c.s.m.InstanceMessageReceiveService : Received schedule participant score for exercise 3823 and participant 734 (result to be deleted: null)
    23:48:20.331 | 330 Pool-1-worker-94 | DEBUG | .a.s.ParticipantScoreScheduleService : Scheduled task for exercise 3823 and participant 734 at 2025-02-14T23:48:20.431750814Z[Etc/UTC].
    23:48:20.357 | 330 Pool-1-worker-94 | DEBUG | .c.s.m.InstanceMessageReceiveService : Received schedule participant score for exercise 3823 and participant 734 (result to be deleted: null)
    23:48:20.357 | 330 Pool-1-worker-94 | DEBUG | .a.s.ParticipantScoreScheduleService : Scheduled task for exercise 3823 and participant 734 at 2025-02-14T23:48:20.457854077Z[Etc/UTC].
    23:48:20.359 | 330 Pool-1-worker-94 | DEBUG | d.t.c.a.a.c.s.f.ApiVersionFilter     : Adding Version to Request GET /api/text-editor/3391
    23:48:20.364 | 330 Pool-1-worker-94 | WARN  | o.z.p.spring.common.AdviceTraits     : Forbidden: You are not allowed to access this resource

  Starting logs for TextAssessmentIntegrationTest > testOverrideAssessment_submitInstructorAfterAssessmentDueDatePossible()
    23:48:20.379 | 330 Pool-1-worker-94 | DEBUG | d.t.c.a.a.c.u.util.UserUtilService   : Generate 2 students...
    23:48:20.384 | 330 Pool-1-worker-94 | DEBUG | d.t.c.a.a.c.u.util.UserUtilService   : 2 students generated. Generate 3 tutors...
    23:48:20.389 | 330 Pool-1-worker-94 | DEBUG | d.t.c.a.a.c.u.util.UserUtilService   : 3 tutors generated. Generate 0 editors...
    23:48:20.390 | 330 Pool-1-worker-94 | DEBUG | d.t.c.a.a.c.u.util.UserUtilService   : 0 editors generated. Generate 1 instructors...
    23:48:20.393 | 330 Pool-1-worker-94 | DEBUG | d.t.c.a.a.c.u.util.UserUtilService   : 1 instructors generated
    23:48:20.395 | 330 Pool-1-worker-94 | DEBUG | d.t.c.a.a.c.u.util.UserUtilService   : Removing 6 users from all courses...
    23:48:20.396 | 330 Pool-1-worker-94 | DEBUG | d.t.c.a.a.c.u.util.UserUtilService   : Removing 6 users from all courses. Done
    23:48:20.396 | 330 Pool-1-worker-94 | DEBUG | d.t.c.a.a.c.u.util.UserUtilService   : Save 6 users to database...
    23:48:20.401 | 330 Pool-1-worker-94 | DEBUG | d.t.c.a.a.c.u.util.UserUtilService   : Save 6 users to database. Done
    23:48:20.411 | 330 Pool-1-worker-94 | INFO  | i.z.t.d.l.EmbeddedDatabaseReporter   : JDBC URL to connect to 'dataSource': url='jdbc:h2:tcp://localhost:41063/mem:df70fc46-7e57-4cb5-9cd0-c1d90c14afa7;USER=sa', scope='TextAssessmentIntegrationTest#testOverrideAssessment_submitInstructorAfterAssessmentDueDatePossible'
    23:48:20.435 | 330 Pool-1-worker-94 | DEBUG | .c.s.m.InstanceMessageReceiveService : Received schedule participant score for exercise 3824 and participant 734 (result to be deleted: null)
    23:48:20.435 | 330 Pool-1-worker-94 | DEBUG | .a.s.ParticipantScoreScheduleService : Scheduled task for exercise 3824 and participant 734 at 2025-02-14T23:48:20.535980883Z[Etc/UTC].
    23:48:20.447 | 330 Pool-1-worker-94 | DEBUG | .c.s.m.InstanceMessageReceiveService : Received schedule participant score for exercise 3824 and participant 734 (result to be deleted: null)
    23:48:20.447 | 330 Pool-1-worker-94 | DEBUG | .a.s.ParticipantScoreScheduleService : Scheduled task for exercise 3824 and participant 734 at 2025-02-14T23:48:20.547319401Z[Etc/UTC].
    23:48:20.477 | 330 Pool-1-worker-94 | DEBUG | .c.s.m.InstanceMessageReceiveService : Received schedule participant score for exercise 3824 and participant 734 (result to be deleted: null)
    23:48:20.477 | 330 Pool-1-worker-94 | DEBUG | .a.s.ParticipantScoreScheduleService : Scheduled task for exercise 3824 and participant 734 at 2025-02-14T23:48:20.577875202Z[Etc/UTC].
    23:48:20.490 | 330 Pool-1-worker-94 | DEBUG | .c.s.m.InstanceMessageReceiveService : Received schedule participant score for exercise 3824 and participant 734 (result to be deleted: null)
    23:48:20.490 | 330 Pool-1-worker-94 | DEBUG | .a.s.ParticipantScoreScheduleService : Scheduled task for exercise 3824 and participant 734 at 2025-02-14T23:48:20.590310503Z[Etc/UTC].
    23:48:20.491 | 330 Pool-1-worker-94 | DEBUG | d.t.c.a.a.c.s.f.ApiVersionFilter     : Adding Version to Request POST /api/participations/3392/results/1732/submit-text-assessment
    23:48:20.517 | 330 Pool-1-worker-94 | DEBUG | .c.s.m.InstanceMessageReceiveService : Received schedule participant score for exercise 3824 and participant 734 (result to be deleted: null)
    23:48:20.517 | 330 Pool-1-worker-94 | DEBUG | .a.s.ParticipantScoreScheduleService : Scheduled task for exercise 3824 and participant 734 at 2025-02-14T23:48:20.617428474Z[Etc/UTC].
    23:48:20.520 | 330 Pool-1-worker-94 | DEBUG | .c.s.m.InstanceMessageReceiveService : Received schedule participant score for exercise 3824 and participant 734 (result to be deleted: null)
    23:48:20.520 | 330 Pool-1-worker-94 | DEBUG | .a.s.ParticipantScoreScheduleService : Scheduled task for exercise 3824 and participant 734 at 2025-02-14T23:48:20.620719481Z[Etc/UTC].

  Starting logs for TextAssessmentIntegrationTest > testOverrideAssessment_saveOtherTutorAfterAssessmentDueDateForbidden()
    23:48:20.545 | 330 Pool-1-worker-94 | DEBUG | d.t.c.a.a.c.u.util.UserUtilService   : Generate 2 students...
    23:48:20.550 | 330 Pool-1-worker-94 | DEBUG | d.t.c.a.a.c.u.util.UserUtilService   : 2 students generated. Generate 3 tutors...
    23:48:20.556 | 330 Pool-1-worker-94 | DEBUG | d.t.c.a.a.c.u.util.UserUtilService   : 3 tutors generated. Generate 0 editors...
    23:48:20.557 | 330 Pool-1-worker-94 | DEBUG | d.t.c.a.a.c.u.util.UserUtilService   : 0 editors generated. Generate 1 instructors...
    23:48:20.560 | 330 Pool-1-worker-94 | DEBUG | d.t.c.a.a.c.u.util.UserUtilService   : 1 instructors generated
    23:48:20.563 | 330 Pool-1-worker-94 | DEBUG | d.t.c.a.a.c.u.util.UserUtilService   : Removing 6 users from all courses...
    23:48:20.564 | 330 Pool-1-worker-94 | DEBUG | d.t.c.a.a.c.u.util.UserUtilService   : Removing 6 users from all courses. Done
    23:48:20.564 | 330 Pool-1-worker-94 | DEBUG | d.t.c.a.a.c.u.util.UserUtilService   : Save 6 users to database...
    23:48:20.569 | 330 Pool-1-worker-94 | DEBUG | d.t.c.a.a.c.u.util.UserUtilService   : Save 6 users to database. Done
    23:48:20.579 | 330 Pool-1-worker-94 | INFO  | i.z.t.d.l.EmbeddedDatabaseReporter   : JDBC URL to connect to 'dataSource': url='jdbc:h2:tcp://localhost:41063/mem:df70fc46-7e57-4cb5-9cd0-c1d90c14afa7;USER=sa', scope='TextAssessmentIntegrationTest#testOverrideAssessment_saveOtherTutorAfterAssessmentDueDateForbidden'
    23:48:20.604 | 330 Pool-1-worker-94 | DEBUG | .c.s.m.InstanceMessageReceiveService : Received schedule participant score for exercise 3825 and participant 734 (result to be deleted: null)
    23:48:20.604 | 330 Pool-1-worker-94 | DEBUG | .a.s.ParticipantScoreScheduleService : Scheduled task for exercise 3825 and participant 734 at 2025-02-14T23:48:20.704871170Z[Etc/UTC].
    23:48:20.614 | 330 Pool-1-worker-94 | DEBUG | .c.s.m.InstanceMessageReceiveService : Received schedule participant score for exercise 3825 and participant 734 (result to be deleted: null)
    23:48:20.615 | 330 Pool-1-worker-94 | DEBUG | .a.s.ParticipantScoreScheduleService : Scheduled task for exercise 3825 and participant 734 at 2025-02-14T23:48:20.715007012Z[Etc/UTC].
    23:48:20.641 | 330 Pool-1-worker-94 | DEBUG | .c.s.m.InstanceMessageReceiveService : Received schedule participant score for exercise 3825 and participant 734 (result to be deleted: null)
    23:48:20.641 | 330 Pool-1-worker-94 | DEBUG | .a.s.ParticipantScoreScheduleService : Scheduled task for exercise 3825 and participant 734 at 2025-02-14T23:48:20.741279074Z[Etc/UTC].
    23:48:20.651 | 330 Pool-1-worker-94 | DEBUG | .c.s.m.InstanceMessageReceiveService : Received schedule participant score for exercise 3825 and participant 734 (result to be deleted: null)
    23:48:20.651 | 330 Pool-1-worker-94 | DEBUG | .a.s.ParticipantScoreScheduleService : Scheduled task for exercise 3825 and participant 734 at 2025-02-14T23:48:20.751445713Z[Etc/UTC].
    23:48:20.653 | 330 Pool-1-worker-94 | DEBUG | d.t.c.a.a.c.s.f.ApiVersionFilter     : Adding Version to Request PUT /api/participations/3393/results/1733/text-assessment
    23:48:20.675 | 330 Pool-1-worker-94 | DEBUG | d.t.c.a.a.a.web.AssessmentResource   : The user textassessmenttutor2 is not allowed to override the assessment for the submission 1925
    23:48:20.676 | 330 Pool-1-worker-94 | WARN  | o.z.p.spring.common.AdviceTraits     : Forbidden: The user is not allowed to override the assessment

  Starting logs for TextAssessmentIntegrationTest > getDataForTextEditor_submissionWithoutResult()
    23:48:20.692 | 330 Pool-1-worker-94 | DEBUG | d.t.c.a.a.c.u.util.UserUtilService   : Generate 2 students...
    23:48:20.696 | 330 Pool-1-worker-94 | DEBUG | d.t.c.a.a.c.u.util.UserUtilService   : 2 students generated. Generate 3 tutors...
    23:48:20.702 | 330 Pool-1-worker-94 | DEBUG | d.t.c.a.a.c.u.util.UserUtilService   : 3 tutors generated. Generate 0 editors...
    23:48:20.703 | 330 Pool-1-worker-94 | DEBUG | d.t.c.a.a.c.u.util.UserUtilService   : 0 editors generated. Generate 1 instructors...
    23:48:20.706 | 330 Pool-1-worker-94 | DEBUG | d.t.c.a.a.c.u.util.UserUtilService   : 1 instructors generated
    23:48:20.708 | 330 Pool-1-worker-94 | DEBUG | d.t.c.a.a.c.u.util.UserUtilService   : Removing 6 users from all courses...
    23:48:20.709 | 330 Pool-1-worker-94 | DEBUG | d.t.c.a.a.c.u.util.UserUtilService   : Removing 6 users from all courses. Done
    23:48:20.709 | 330 Pool-1-worker-94 | DEBUG | d.t.c.a.a.c.u.util.UserUtilService   : Save 6 users to database...
    23:48:20.714 | 330 Pool-1-worker-94 | DEBUG | d.t.c.a.a.c.u.util.UserUtilService   : Save 6 users to database. Done
    23:48:20.724 | 330 Pool-1-worker-94 | INFO  | i.z.t.d.l.EmbeddedDatabaseReporter   : JDBC URL to connect to 'dataSource': url='jdbc:h2:tcp://localhost:41063/mem:df70fc46-7e57-4cb5-9cd0-c1d90c14afa7;USER=sa', scope='TextAssessmentIntegrationTest#getDataForTextEditor_submissionWithoutResult'
    23:48:20.730 | 330 Pool-1-worker-94 | DEBUG | d.t.c.a.a.c.s.f.ApiVersionFilter     : Adding Version to Request GET /api/text-editor/3394

  Starting logs for TextAssessmentIntegrationTest > getExampleResultForTutorAsStudent()
    23:48:20.752 | 330 Pool-1-worker-94 | DEBUG | d.t.c.a.a.c.u.util.UserUtilService   : Generate 2 students...
    23:48:20.757 | 330 Pool-1-worker-94 | DEBUG | d.t.c.a.a.c.u.util.UserUtilService   : 2 students generated. Generate 3 tutors...
    23:48:20.762 | 330 Pool-1-worker-94 | DEBUG | d.t.c.a.a.c.u.util.UserUtilService   : 3 tutors generated. Generate 0 editors...
    23:48:20.763 | 330 Pool-1-worker-94 | DEBUG | d.t.c.a.a.c.u.util.UserUtilService   : 0 editors generated. Generate 1 instructors...
    23:48:20.766 | 330 Pool-1-worker-94 | DEBUG | d.t.c.a.a.c.u.util.UserUtilService   : 1 instructors generated
    23:48:20.769 | 330 Pool-1-worker-94 | DEBUG | d.t.c.a.a.c.u.util.UserUtilService   : Removing 6 users from all courses...
    23:48:20.770 | 330 Pool-1-worker-94 | DEBUG | d.t.c.a.a.c.u.util.UserUtilService   : Removing 6 users from all courses. Done
    23:48:20.770 | 330 Pool-1-worker-94 | DEBUG | d.t.c.a.a.c.u.util.UserUtilService   : Save 6 users to database...
    23:48:20.775 | 330 Pool-1-worker-94 | DEBUG | d.t.c.a.a.c.u.util.UserUtilService   : Save 6 users to database. Done
    23:48:20.786 | 330 Pool-1-worker-94 | INFO  | i.z.t.d.l.EmbeddedDatabaseReporter   : JDBC URL to connect to 'dataSource': url='jdbc:h2:tcp://localhost:41063/mem:df70fc46-7e57-4cb5-9cd0-c1d90c14afa7;USER=sa', scope='TextAssessmentIntegrationTest#getExampleResultForTutorAsStudent'
    23:48:20.809 | 330 Pool-1-worker-94 | DEBUG | .c.s.m.InstanceMessageReceiveService : Received schedule participant score for exercise 3827 and participant 734 (result to be deleted: null)
    23:48:20.809 | 330 Pool-1-worker-94 | DEBUG | .a.s.ParticipantScoreScheduleService : Scheduled task for exercise 3827 and participant 734 at 2025-02-14T23:48:20.909544481Z[Etc/UTC].
    23:48:20.819 | 330 Pool-1-worker-94 | DEBUG | .c.s.m.InstanceMessageReceiveService : Received schedule participant score for exercise 3827 and participant 734 (result to be deleted: null)
    23:48:20.819 | 330 Pool-1-worker-94 | DEBUG | .a.s.ParticipantScoreScheduleService : Scheduled task for exercise 3827 and participant 734 at 2025-02-14T23:48:20.919565719Z[Etc/UTC].
    23:48:20.845 | 330 Pool-1-worker-94 | DEBUG | .c.s.m.InstanceMessageReceiveService : Received schedule participant score for exercise 3827 and participant 734 (result to be deleted: null)
    23:48:20.845 | 330 Pool-1-worker-94 | DEBUG | .a.s.ParticipantScoreScheduleService : Scheduled task for exercise 3827 and participant 734 at 2025-02-14T23:48:20.945183257Z[Etc/UTC].
    23:48:20.855 | 330 Pool-1-worker-94 | DEBUG | .c.s.m.InstanceMessageReceiveService : Received schedule participant score for exercise 3827 and participant 734 (result to be deleted: null)
    23:48:20.855 | 330 Pool-1-worker-94 | DEBUG | .a.s.ParticipantScoreScheduleService : Scheduled task for exercise 3827 and participant 734 at 2025-02-14T23:48:20.955395452Z[Etc/UTC].
    23:48:20.857 | 330 Pool-1-worker-94 | DEBUG | d.t.c.a.a.c.s.f.ApiVersionFilter     : Adding Version to Request GET /api/exercises/3827/submissions/1927/example-result
    23:48:20.859 | 330 Pool-1-worker-94 | WARN  | o.z.p.spring.common.AdviceTraits     : Forbidden: Access Denied

  Starting logs for TextAssessmentIntegrationTest > testOverrideAssessment_submitInstructorPossible()
    23:48:20.873 | 330 Pool-1-worker-94 | DEBUG | d.t.c.a.a.c.u.util.UserUtilService   : Generate 2 students...
    23:48:20.878 | 330 Pool-1-worker-94 | DEBUG | d.t.c.a.a.c.u.util.UserUtilService   : 2 students generated. Generate 3 tutors...
    23:48:20.883 | 330 Pool-1-worker-94 | DEBUG | d.t.c.a.a.c.u.util.UserUtilService   : 3 tutors generated. Generate 0 editors...
    23:48:20.885 | 330 Pool-1-worker-94 | DEBUG | d.t.c.a.a.c.u.util.UserUtilService   : 0 editors generated. Generate 1 instructors...
    23:48:20.887 | 330 Pool-1-worker-94 | DEBUG | d.t.c.a.a.c.u.util.UserUtilService   : 1 instructors generated
    23:48:20.889 | 330 Pool-1-worker-94 | DEBUG | d.t.c.a.a.c.u.util.UserUtilService   : Removing 6 users from all courses...
    23:48:20.890 | 330 Pool-1-worker-94 | DEBUG | d.t.c.a.a.c.u.util.UserUtilService   : Removing 6 users from all courses. Done
    23:48:20.890 | 330 Pool-1-worker-94 | DEBUG | d.t.c.a.a.c.u.util.UserUtilService   : Save 6 users to database...
    23:48:20.894 | 330 Pool-1-worker-94 | DEBUG | d.t.c.a.a.c.u.util.UserUtilService   : Save 6 users to database. Done
    23:48:20.903 | 330 Pool-1-worker-94 | INFO  | i.z.t.d.l.EmbeddedDatabaseReporter   : JDBC URL to connect to 'dataSource': url='jdbc:h2:tcp://localhost:41063/mem:df70fc46-7e57-4cb5-9cd0-c1d90c14afa7;USER=sa', scope='TextAssessmentIntegrationTest#testOverrideAssessment_submitInstructorPossible'
    23:48:20.925 | 330 Pool-1-worker-94 | DEBUG | .c.s.m.InstanceMessageReceiveService : Received schedule participant score for exercise 3828 and participant 734 (result to be deleted: null)
    23:48:20.925 | 330 Pool-1-worker-94 | DEBUG | .a.s.ParticipantScoreScheduleService : Scheduled task for exercise 3828 and participant 734 at 2025-02-14T23:48:21.025538506Z[Etc/UTC].
    23:48:20.935 | 330 Pool-1-worker-94 | DEBUG | .c.s.m.InstanceMessageReceiveService : Received schedule participant score for exercise 3828 and participant 734 (result to be deleted: null)
    23:48:20.935 | 330 Pool-1-worker-94 | DEBUG | .a.s.ParticipantScoreScheduleService : Scheduled task for exercise 3828 and participant 734 at 2025-02-14T23:48:21.035722758Z[Etc/UTC].
    23:48:20.962 | 330 Pool-1-worker-94 | DEBUG | .c.s.m.InstanceMessageReceiveService : Received schedule participant score for exercise 3828 and participant 734 (result to be deleted: null)
    23:48:20.962 | 330 Pool-1-worker-94 | DEBUG | .a.s.ParticipantScoreScheduleService : Scheduled task for exercise 3828 and participant 734 at 2025-02-14T23:48:21.062089005Z[Etc/UTC].
    23:48:20.984 | 330 Pool-1-worker-94 | DEBUG | .c.s.m.InstanceMessageReceiveService : Received schedule participant score for exercise 3828 and participant 734 (result to be deleted: null)
    23:48:20.984 | 330 Pool-1-worker-94 | DEBUG | .a.s.ParticipantScoreScheduleService : Scheduled task for exercise 3828 and participant 734 at 2025-02-14T23:48:21.084642832Z[Etc/UTC].
    23:48:20.986 | 330 Pool-1-worker-94 | DEBUG | d.t.c.a.a.c.s.f.ApiVersionFilter     : Adding Version to Request POST /api/participations/3396/results/1735/submit-text-assessment
    23:48:21.011 | 330 Pool-1-worker-94 | DEBUG | .c.s.m.InstanceMessageReceiveService : Received schedule participant score for exercise 3828 and participant 734 (result to be deleted: null)
    23:48:21.011 | 330 Pool-1-worker-94 | DEBUG | .a.s.ParticipantScoreScheduleService : Scheduled task for exercise 3828 and participant 734 at 2025-02-14T23:48:21.111569475Z[Etc/UTC].
    23:48:21.015 | 330 Pool-1-worker-94 | DEBUG | .c.s.m.InstanceMessageReceiveService : Received schedule participant score for exercise 3828 and participant 734 (result to be deleted: null)
    23:48:21.015 | 330 Pool-1-worker-94 | DEBUG | .a.s.ParticipantScoreScheduleService : Scheduled task for exercise 3828 and participant 734 at 2025-02-14T23:48:21.115409568Z[Etc/UTC].

  Starting logs for TextAssessmentIntegrationTest > cancelOwnAssessmentAsTutor()
    23:48:21.032 | 330 Pool-1-worker-94 | DEBUG | d.t.c.a.a.c.u.util.UserUtilService   : Generate 2 students...
    23:48:21.036 | 330 Pool-1-worker-94 | DEBUG | d.t.c.a.a.c.u.util.UserUtilService   : 2 students generated. Generate 3 tutors...
    23:48:21.041 | 330 Pool-1-worker-94 | DEBUG | d.t.c.a.a.c.u.util.UserUtilService   : 3 tutors generated. Generate 0 editors...
    23:48:21.043 | 330 Pool-1-worker-94 | DEBUG | d.t.c.a.a.c.u.util.UserUtilService   : 0 editors generated. Generate 1 instructors...
    23:48:21.045 | 330 Pool-1-worker-94 | DEBUG | d.t.c.a.a.c.u.util.UserUtilService   : 1 instructors generated
    23:48:21.048 | 330 Pool-1-worker-94 | DEBUG | d.t.c.a.a.c.u.util.UserUtilService   : Removing 6 users from all courses...
    23:48:21.049 | 330 Pool-1-worker-94 | DEBUG | d.t.c.a.a.c.u.util.UserUtilService   : Removing 6 users from all courses. Done
    23:48:21.049 | 330 Pool-1-worker-94 | DEBUG | d.t.c.a.a.c.u.util.UserUtilService   : Save 6 users to database...
    23:48:21.053 | 330 Pool-1-worker-94 | DEBUG | d.t.c.a.a.c.u.util.UserUtilService   : Save 6 users to database. Done
    23:48:21.063 | 330 Pool-1-worker-94 | INFO  | i.z.t.d.l.EmbeddedDatabaseReporter   : JDBC URL to connect to 'dataSource': url='jdbc:h2:tcp://localhost:41063/mem:df70fc46-7e57-4cb5-9cd0-c1d90c14afa7;USER=sa', scope='TextAssessmentIntegrationTest#cancelOwnAssessmentAsTutor'
    23:48:21.184 | 330 Pool-1-worker-94 | DEBUG | .c.s.m.InstanceMessageReceiveService : Received schedule participant score for exercise 3829 and participant 734 (result to be deleted: null)
    23:48:21.185 | 330 Pool-1-worker-94 | DEBUG | .a.s.ParticipantScoreScheduleService : Scheduled task for exercise 3829 and participant 734 at 2025-02-14T23:48:21.285124714Z[Etc/UTC].
    23:48:21.198 | 330 Pool-1-worker-94 | DEBUG | .c.s.m.InstanceMessageReceiveService : Received schedule participant score for exercise 3829 and participant 734 (result to be deleted: null)
    23:48:21.198 | 330 Pool-1-worker-94 | DEBUG | .a.s.ParticipantScoreScheduleService : Scheduled task for exercise 3829 and participant 734 at 2025-02-14T23:48:21.298186520Z[Etc/UTC].
    23:48:21.235 | 330 Pool-1-worker-94 | DEBUG | .c.s.m.InstanceMessageReceiveService : Received schedule participant score for exercise 3829 and participant 734 (result to be deleted: null)
    23:48:21.235 | 330 Pool-1-worker-94 | DEBUG | .a.s.ParticipantScoreScheduleService : Scheduled task for exercise 3829 and participant 734 at 2025-02-14T23:48:21.335220132Z[Etc/UTC].
    23:48:21.249 | 330 Pool-1-worker-94 | DEBUG | .c.s.m.InstanceMessageReceiveService : Received schedule participant score for exercise 3829 and participant 734 (result to be deleted: null)
    23:48:21.249 | 330 Pool-1-worker-94 | DEBUG | .a.s.ParticipantScoreScheduleService : Scheduled task for exercise 3829 and participant 734 at 2025-02-14T23:48:21.349508109Z[Etc/UTC].
    23:48:21.254 | 330 Pool-1-worker-94 | DEBUG | d.t.c.a.a.c.s.f.ApiVersionFilter     : Adding Version to Request POST /api/participations/3397/submissions/1929/cancel-assessment
    23:48:21.261 | 330 Pool-1-worker-94 | DEBUG | d.t.c.a.a.a.web.AssessmentResource   : REST request to cancel assessment of submission: 1929

  Starting logs for TextAssessmentIntegrationTest > testOverrideAssessment_saveSameTutorPossible()
    23:48:21.309 | 330 Pool-1-worker-94 | DEBUG | d.t.c.a.a.c.u.util.UserUtilService   : Generate 2 students...
    23:48:21.321 | 330 Pool-1-worker-94 | DEBUG | d.t.c.a.a.c.u.util.UserUtilService   : 2 students generated. Generate 3 tutors...
    23:48:21.332 | 330 Pool-1-worker-94 | DEBUG | d.t.c.a.a.c.u.util.UserUtilService   : 3 tutors generated. Generate 0 editors...
    23:48:21.334 | 330 Pool-1-worker-94 | DEBUG | d.t.c.a.a.c.u.util.UserUtilService   : 0 editors generated. Generate 1 instructors...
    23:48:21.340 | 330 Pool-1-worker-94 | DEBUG | d.t.c.a.a.c.u.util.UserUtilService   : 1 instructors generated
    23:48:21.345 | 330 Pool-1-worker-94 | DEBUG | d.t.c.a.a.c.u.util.UserUtilService   : Removing 6 users from all courses...
    23:48:21.347 | 330 Pool-1-worker-94 | DEBUG | d.t.c.a.a.c.u.util.UserUtilService   : Removing 6 users from all courses. Done
    23:48:21.347 | 330 Pool-1-worker-94 | DEBUG | d.t.c.a.a.c.u.util.UserUtilService   : Save 6 users to database...
    23:48:21.358 | 330 Pool-1-worker-94 | DEBUG | d.t.c.a.a.c.u.util.UserUtilService   : Save 6 users to database. Done
    23:48:21.374 | 330 Pool-1-worker-94 | INFO  | i.z.t.d.l.EmbeddedDatabaseReporter   : JDBC URL to connect to 'dataSource': url='jdbc:h2:tcp://localhost:41063/mem:df70fc46-7e57-4cb5-9cd0-c1d90c14afa7;USER=sa', scope='TextAssessmentIntegrationTest#testOverrideAssessment_saveSameTutorPossible'
    23:48:21.402 | 330 Pool-1-worker-94 | DEBUG | .c.s.m.InstanceMessageReceiveService : Received schedule participant score for exercise 3830 and participant 734 (result to be deleted: null)
    23:48:21.402 | 330 Pool-1-worker-94 | DEBUG | .a.s.ParticipantScoreScheduleService : Scheduled task for exercise 3830 and participant 734 at 2025-02-14T23:48:21.502560082Z[Etc/UTC].
    23:48:21.413 | 330 Pool-1-worker-94 | DEBUG | .c.s.m.InstanceMessageReceiveService : Received schedule participant score for exercise 3830 and participant 734 (result to be deleted: null)
    23:48:21.413 | 330 Pool-1-worker-94 | DEBUG | .a.s.ParticipantScoreScheduleService : Scheduled task for exercise 3830 and participant 734 at 2025-02-14T23:48:21.513479647Z[Etc/UTC].
    23:48:21.469 | 330 Pool-1-worker-94 | DEBUG | .c.s.m.InstanceMessageReceiveService : Received schedule participant score for exercise 3830 and participant 734 (result to be deleted: null)
    23:48:21.469 | 330 Pool-1-worker-94 | DEBUG | .a.s.ParticipantScoreScheduleService : Scheduled task for exercise 3830 and participant 734 at 2025-02-14T23:48:21.569527203Z[Etc/UTC].
    23:48:21.487 | 330 Pool-1-worker-94 | DEBUG | .c.s.m.InstanceMessageReceiveService : Received schedule participant score for exercise 3830 and participant 734 (result to be deleted: null)
    23:48:21.487 | 330 Pool-1-worker-94 | DEBUG | .a.s.ParticipantScoreScheduleService : Scheduled task for exercise 3830 and participant 734 at 2025-02-14T23:48:21.587898497Z[Etc/UTC].
    23:48:21.489 | 330 Pool-1-worker-94 | DEBUG | d.t.c.a.a.c.s.f.ApiVersionFilter     : Adding Version to Request PUT /api/participations/3398/results/1737/text-assessment
    23:48:21.524 | 330 Pool-1-worker-94 | DEBUG | .c.s.m.InstanceMessageReceiveService : Received schedule participant score for exercise 3830 and participant 734 (result to be deleted: null)
    23:48:21.524 | 330 Pool-1-worker-94 | DEBUG | .a.s.ParticipantScoreScheduleService : Scheduled task for exercise 3830 and participant 734 at 2025-02-14T23:48:21.624597013Z[Etc/UTC].

  Starting logs for TextAssessmentIntegrationTest > getExampleResultForTutorAsTutor()
    23:48:21.544 | 330 Pool-1-worker-94 | DEBUG | d.t.c.a.a.c.u.util.UserUtilService   : Generate 2 students...
    23:48:21.548 | 330 Pool-1-worker-94 | DEBUG | d.t.c.a.a.c.u.util.UserUtilService   : 2 students generated. Generate 3 tutors...
    23:48:21.554 | 330 Pool-1-worker-94 | DEBUG | d.t.c.a.a.c.u.util.UserUtilService   : 3 tutors generated. Generate 0 editors...
    23:48:21.555 | 330 Pool-1-worker-94 | DEBUG | d.t.c.a.a.c.u.util.UserUtilService   : 0 editors generated. Generate 1 instructors...
    23:48:21.558 | 330 Pool-1-worker-94 | DEBUG | d.t.c.a.a.c.u.util.UserUtilService   : 1 instructors generated
    23:48:21.561 | 330 Pool-1-worker-94 | DEBUG | d.t.c.a.a.c.u.util.UserUtilService   : Removing 6 users from all courses...
    23:48:21.562 | 330 Pool-1-worker-94 | DEBUG | d.t.c.a.a.c.u.util.UserUtilService   : Removing 6 users from all courses. Done
    23:48:21.562 | 330 Pool-1-worker-94 | DEBUG | d.t.c.a.a.c.u.util.UserUtilService   : Save 6 users to database...
    23:48:21.573 | 330 Pool-1-worker-94 | DEBUG | d.t.c.a.a.c.u.util.UserUtilService   : Save 6 users to database. Done
    23:48:21.588 | 330 Pool-1-worker-94 | INFO  | i.z.t.d.l.EmbeddedDatabaseReporter   : JDBC URL to connect to 'dataSource': url='jdbc:h2:tcp://localhost:41063/mem:df70fc46-7e57-4cb5-9cd0-c1d90c14afa7;USER=sa', scope='TextAssessmentIntegrationTest#getExampleResultForTutorAsTutor'
    23:48:21.615 | 330 Pool-1-worker-94 | DEBUG | .c.s.m.InstanceMessageReceiveService : Received schedule participant score for exercise 3831 and participant 734 (result to be deleted: null)
    23:48:21.616 | 330 Pool-1-worker-94 | DEBUG | .a.s.ParticipantScoreScheduleService : Scheduled task for exercise 3831 and participant 734 at 2025-02-14T23:48:21.716006399Z[Etc/UTC].
    23:48:21.629 | 330 Pool-1-worker-94 | DEBUG | .c.s.m.InstanceMessageReceiveService : Received schedule participant score for exercise 3831 and participant 734 (result to be deleted: null)
    23:48:21.629 | 330 Pool-1-worker-94 | DEBUG | .a.s.ParticipantScoreScheduleService : Scheduled task for exercise 3831 and participant 734 at 2025-02-14T23:48:21.729761280Z[Etc/UTC].
    23:48:21.657 | 330 Pool-1-worker-94 | DEBUG | .c.s.m.InstanceMessageReceiveService : Received schedule participant score for exercise 3831 and participant 734 (result to be deleted: null)
    23:48:21.657 | 330 Pool-1-worker-94 | DEBUG | .a.s.ParticipantScoreScheduleService : Scheduled task for exercise 3831 and participant 734 at 2025-02-14T23:48:21.757592233Z[Etc/UTC].
    23:48:21.667 | 330 Pool-1-worker-94 | DEBUG | .c.s.m.InstanceMessageReceiveService : Received schedule participant score for exercise 3831 and participant 734 (result to be deleted: null)
    23:48:21.668 | 330 Pool-1-worker-94 | DEBUG | .a.s.ParticipantScoreScheduleService : Scheduled task for exercise 3831 and participant 734 at 2025-02-14T23:48:21.768061137Z[Etc/UTC].
    23:48:21.670 | 330 Pool-1-worker-94 | DEBUG | d.t.c.a.a.c.s.f.ApiVersionFilter     : Adding Version to Request GET /api/exercises/3831/submissions/1931/example-result
    23:48:21.672 | 330 Pool-1-worker-94 | DEBUG | d.t.c.a.a.t.w.TextAssessmentResource : REST request to get example assessment for tutors text assessment: 1931

  Starting logs for TextAssessmentIntegrationTest > getParticipationForNonTextExercise()
    23:48:21.695 | 330 Pool-1-worker-94 | DEBUG | d.t.c.a.a.c.u.util.UserUtilService   : Generate 2 students...
    23:48:21.699 | 330 Pool-1-worker-94 | DEBUG | d.t.c.a.a.c.u.util.UserUtilService   : 2 students generated. Generate 3 tutors...
    23:48:21.705 | 330 Pool-1-worker-94 | DEBUG | d.t.c.a.a.c.u.util.UserUtilService   : 3 tutors generated. Generate 0 editors...
    23:48:21.706 | 330 Pool-1-worker-94 | DEBUG | d.t.c.a.a.c.u.util.UserUtilService   : 0 editors generated. Generate 1 instructors...
    23:48:21.709 | 330 Pool-1-worker-94 | DEBUG | d.t.c.a.a.c.u.util.UserUtilService   : 1 instructors generated
    23:48:21.712 | 330 Pool-1-worker-94 | DEBUG | d.t.c.a.a.c.u.util.UserUtilService   : Removing 6 users from all courses...
    23:48:21.713 | 330 Pool-1-worker-94 | DEBUG | d.t.c.a.a.c.u.util.UserUtilService   : Removing 6 users from all courses. Done
    23:48:21.713 | 330 Pool-1-worker-94 | DEBUG | d.t.c.a.a.c.u.util.UserUtilService   : Save 6 users to database...
    23:48:21.722 | 330 Pool-1-worker-94 | DEBUG | d.t.c.a.a.c.u.util.UserUtilService   : Save 6 users to database. Done
    23:48:21.736 | 330 Pool-1-worker-94 | INFO  | i.z.t.d.l.EmbeddedDatabaseReporter   : JDBC URL to connect to 'dataSource': url='jdbc:h2:tcp://localhost:41063/mem:df70fc46-7e57-4cb5-9cd0-c1d90c14afa7;USER=sa', scope='TextAssessmentIntegrationTest#getParticipationForNonTextExercise'
    23:48:21.752 | 330 Pool-1-worker-94 | DEBUG | .c.s.m.InstanceMessageReceiveService : Received schedule participant score for exercise 3833 and participant 734 (result to be deleted: null)
    23:48:21.752 | 330 Pool-1-worker-94 | DEBUG | .a.s.ParticipantScoreScheduleService : Scheduled task for exercise 3833 and participant 734 at 2025-02-14T23:48:21.852195965Z[Etc/UTC].
    23:48:21.761 | 330 Pool-1-worker-94 | DEBUG | .c.s.m.InstanceMessageReceiveService : Received schedule participant score for exercise 3833 and participant 734 (result to be deleted: null)
    23:48:21.761 | 330 Pool-1-worker-94 | DEBUG | .a.s.ParticipantScoreScheduleService : Scheduled task for exercise 3833 and participant 734 at 2025-02-14T23:48:21.861906542Z[Etc/UTC].
    23:48:21.781 | 330 Pool-1-worker-94 | DEBUG | .c.s.m.InstanceMessageReceiveService : Received schedule participant score for exercise 3833 and participant 734 (result to be deleted: null)
    23:48:21.781 | 330 Pool-1-worker-94 | DEBUG | .a.s.ParticipantScoreScheduleService : Scheduled task for exercise 3833 and participant 734 at 2025-02-14T23:48:21.881761337Z[Etc/UTC].
    23:48:21.805 | 330 Pool-1-worker-94 | DEBUG | d.t.c.a.a.c.s.f.ApiVersionFilter     : Adding Version to Request GET /api/exercises/3833/text-submission-without-assessment
    23:48:21.806 | 330 Pool-1-worker-94 | DEBUG | d.t.c.a.a.t.w.TextSubmissionResource : REST request to get a text submission without assessment
    23:48:21.809 | 330 Pool-1-worker-94 | ERROR | tech.jhipster.web.util.HeaderUtil    : Entity processing failed, The exerciseId does not belong to a text exercise
    23:48:21.809 | 330 Pool-1-worker-94 | WARN  | o.z.p.spring.common.AdviceTraits     : Bad Request: The exerciseId does not belong to a text exercise

  Starting logs for TextAssessmentIntegrationTest > retrieveParticipationForNonExistingSubmission()
    23:48:21.824 | 330 Pool-1-worker-94 | DEBUG | d.t.c.a.a.c.u.util.UserUtilService   : Generate 2 students...
    23:48:21.829 | 330 Pool-1-worker-94 | DEBUG | d.t.c.a.a.c.u.util.UserUtilService   : 2 students generated. Generate 3 tutors...
    23:48:21.838 | 330 Pool-1-worker-94 | DEBUG | d.t.c.a.a.c.u.util.UserUtilService   : 3 tutors generated. Generate 0 editors...
    23:48:21.840 | 330 Pool-1-worker-94 | DEBUG | d.t.c.a.a.c.u.util.UserUtilService   : 0 editors generated. Generate 1 instructors...
    23:48:21.842 | 330 Pool-1-worker-94 | DEBUG | d.t.c.a.a.c.u.util.UserUtilService   : 1 instructors generated
    23:48:21.845 | 330 Pool-1-worker-94 | DEBUG | d.t.c.a.a.c.u.util.UserUtilService   : Removing 6 users from all courses...
    23:48:21.847 | 330 Pool-1-worker-94 | DEBUG | d.t.c.a.a.c.u.util.UserUtilService   : Removing 6 users from all courses. Done
    23:48:21.847 | 330 Pool-1-worker-94 | DEBUG | d.t.c.a.a.c.u.util.UserUtilService   : Save 6 users to database...
    23:48:21.852 | 330 Pool-1-worker-94 | DEBUG | d.t.c.a.a.c.u.util.UserUtilService   : Save 6 users to database. Done
    23:48:21.862 | 330 Pool-1-worker-94 | INFO  | i.z.t.d.l.EmbeddedDatabaseReporter   : JDBC URL to connect to 'dataSource': url='jdbc:h2:tcp://localhost:41063/mem:df70fc46-7e57-4cb5-9cd0-c1d90c14afa7;USER=sa', scope='TextAssessmentIntegrationTest#retrieveParticipationForNonExistingSubmission'
    23:48:21.864 | 330 Pool-1-worker-94 | DEBUG | d.t.c.a.a.c.s.f.ApiVersionFilter     : Adding Version to Request GET /api/text-submissions/345395769256365/for-assessment
    23:48:21.864 | 330 Pool-1-worker-94 | DEBUG | d.t.c.a.a.t.w.TextAssessmentResource : REST request to get data for tutors text assessment submission: 345395769256365
    23:48:21.869 | 330 Pool-1-worker-94 | WARN  | o.z.p.spring.common.AdviceTraits     : Not Found: TextSubmission with identifier: "345395769256365" does not exist

  Starting logs for TextAssessmentIntegrationTest > updateTextAssessmentAfterComplaint_withTextBlocks()
    23:48:21.884 | 330 Pool-1-worker-94 | DEBUG | d.t.c.a.a.c.u.util.UserUtilService   : Generate 2 students...
    23:48:21.889 | 330 Pool-1-worker-94 | DEBUG | d.t.c.a.a.c.u.util.UserUtilService   : 2 students generated. Generate 3 tutors...
    23:48:21.895 | 330 Pool-1-worker-94 | DEBUG | d.t.c.a.a.c.u.util.UserUtilService   : 3 tutors generated. Generate 0 editors...
    23:48:21.896 | 330 Pool-1-worker-94 | DEBUG | d.t.c.a.a.c.u.util.UserUtilService   : 0 editors generated. Generate 1 instructors...
    23:48:21.899 | 330 Pool-1-worker-94 | DEBUG | d.t.c.a.a.c.u.util.UserUtilService   : 1 instructors generated
    23:48:21.901 | 330 Pool-1-worker-94 | DEBUG | d.t.c.a.a.c.u.util.UserUtilService   : Removing 6 users from all courses...
    23:48:21.902 | 330 Pool-1-worker-94 | DEBUG | d.t.c.a.a.c.u.util.UserUtilService   : Removing 6 users from all courses. Done
    23:48:21.902 | 330 Pool-1-worker-94 | DEBUG | d.t.c.a.a.c.u.util.UserUtilService   : Save 6 users to database...
    23:48:21.908 | 330 Pool-1-worker-94 | DEBUG | d.t.c.a.a.c.u.util.UserUtilService   : Save 6 users to database. Done
    23:48:21.918 | 330 Pool-1-worker-94 | INFO  | i.z.t.d.l.EmbeddedDatabaseReporter   : JDBC URL to connect to 'dataSource': url='jdbc:h2:tcp://localhost:41063/mem:df70fc46-7e57-4cb5-9cd0-c1d90c14afa7;USER=sa', scope='TextAssessmentIntegrationTest#updateTextAssessmentAfterComplaint_withTextBlocks'
    23:48:21.942 | 330 Pool-1-worker-94 | DEBUG | .c.s.m.InstanceMessageReceiveService : Received schedule participant score for exercise 3835 and participant 734 (result to be deleted: null)
    23:48:21.942 | 330 Pool-1-worker-94 | DEBUG | .a.s.ParticipantScoreScheduleService : Scheduled task for exercise 3835 and participant 734 at 2025-02-14T23:48:22.042645739Z[Etc/UTC].
    23:48:21.958 | 330 Pool-1-worker-94 | DEBUG | .c.s.m.InstanceMessageReceiveService : Received schedule participant score for exercise 3835 and participant 734 (result to be deleted: null)
    23:48:21.958 | 330 Pool-1-worker-94 | DEBUG | .a.s.ParticipantScoreScheduleService : Scheduled task for exercise 3835 and participant 734 at 2025-02-14T23:48:22.058077391Z[Etc/UTC].
    23:48:22.002 | 330 Pool-1-worker-94 | DEBUG | .c.s.m.InstanceMessageReceiveService : Received schedule participant score for exercise 3835 and participant 734 (result to be deleted: null)
    23:48:22.002 | 330 Pool-1-worker-94 | DEBUG | .a.s.ParticipantScoreScheduleService : Scheduled task for exercise 3835 and participant 734 at 2025-02-14T23:48:22.102135023Z[Etc/UTC].
    23:48:22.034 | 330 Pool-1-worker-94 | DEBUG | .c.s.m.InstanceMessageReceiveService : Received schedule participant score for exercise 3835 and participant 734 (result to be deleted: null)
    23:48:22.034 | 330 Pool-1-worker-94 | DEBUG | .a.s.ParticipantScoreScheduleService : Scheduled task for exercise 3835 and participant 734 at 2025-02-14T23:48:22.134138139Z[Etc/UTC].
    23:48:22.036 | 330 Pool-1-worker-94 | DEBUG | d.t.c.a.a.c.s.f.ApiVersionFilter     : Adding Version to Request GET /api/text-submissions/1933/for-assessment
    23:48:22.037 | 330 Pool-1-worker-94 | DEBUG | d.t.c.a.a.t.w.TextAssessmentResource : REST request to get data for tutors text assessment submission: 1933
    23:48:22.043 | 330 Pool-1-worker-94 | DEBUG | .c.s.m.InstanceMessageReceiveService : Received schedule participant score for exercise 3835 and participant 734 (result to be deleted: null)
    23:48:22.043 | 330 Pool-1-worker-94 | DEBUG | .a.s.ParticipantScoreScheduleService : Scheduled task for exercise 3835 and participant 734 at 2025-02-14T23:48:22.143330619Z[Etc/UTC].
    23:48:22.048 | 330 Pool-1-worker-94 | DEBUG | d.t.c.a.a.c.s.f.ApiVersionFilter     : Adding Version to Request GET /api/complaints
    23:48:22.048 | 330 Pool-1-worker-94 | DEBUG | d.t.c.a.a.a.web.ComplaintResource    : REST request to get latest Complaint associated with a result of submission : 1933
    23:48:22.067 | 330 Pool-1-worker-94 | DEBUG | d.t.c.a.a.c.s.f.ApiVersionFilter     : Adding Version to Request PUT /api/participations/3401/submissions/1933/text-assessment-after-complaint
    23:48:22.068 | 330 Pool-1-worker-94 | DEBUG | d.t.c.a.a.t.w.TextAssessmentResource : REST request to update the assessment of submission 1933 after complaint.
    23:48:22.080 | 330 Pool-1-worker-94 | DEBUG | .c.s.m.InstanceMessageReceiveService : Received schedule participant score for exercise 3835 and participant 734 (result to be deleted: null)
    23:48:22.080 | 330 Pool-1-worker-94 | DEBUG | .a.s.ParticipantScoreScheduleService : Scheduled task for exercise 3835 and participant 734 at 2025-02-14T23:48:22.180657957Z[Etc/UTC].
    23:48:22.099 | 330 Pool-1-worker-94 | DEBUG | .c.s.m.InstanceMessageReceiveService : Received schedule participant score for exercise 3835 and participant 734 (result to be deleted: null)
    23:48:22.099 | 330 Pool-1-worker-94 | DEBUG | .a.s.ParticipantScoreScheduleService : Scheduled task for exercise 3835 and participant 734 at 2025-02-14T23:48:22.199396219Z[Etc/UTC].
    23:48:22.111 | 330 Pool-1-worker-94 | DEBUG | .c.s.m.InstanceMessageReceiveService : Received schedule participant score for exercise 3835 and participant 734 (result to be deleted: null)
    23:48:22.111 | 330 Pool-1-worker-94 | DEBUG | .a.s.ParticipantScoreScheduleService : Scheduled task for exercise 3835 and participant 734 at 2025-02-14T23:48:22.211315782Z[Etc/UTC].
    23:48:22.120 | 330 Pool-1-worker-94 | DEBUG | .c.s.m.InstanceMessageReceiveService : Received schedule participant score for exercise 3835 and participant 734 (result to be deleted: null)
    23:48:22.121 | 330 Pool-1-worker-94 | DEBUG | .a.s.ParticipantScoreScheduleService : Scheduled task for exercise 3835 and participant 734 at 2025-02-14T23:48:22.221041445Z[Etc/UTC].

  Starting logs for TextAssessmentIntegrationTest > testOverrideAssessment_saveInstructorPossible()
    23:48:22.140 | 330 Pool-1-worker-94 | DEBUG | d.t.c.a.a.c.u.util.UserUtilService   : Generate 2 students...
    23:48:22.144 | 330 Pool-1-worker-94 | DEBUG | d.t.c.a.a.c.u.util.UserUtilService   : 2 students generated. Generate 3 tutors...
    23:48:22.153 | 330 Pool-1-worker-94 | DEBUG | d.t.c.a.a.c.u.util.UserUtilService   : 3 tutors generated. Generate 0 editors...
    23:48:22.155 | 330 Pool-1-worker-94 | DEBUG | d.t.c.a.a.c.u.util.UserUtilService   : 0 editors generated. Generate 1 instructors...
    23:48:22.157 | 330 Pool-1-worker-94 | DEBUG | d.t.c.a.a.c.u.util.UserUtilService   : 1 instructors generated
    23:48:22.160 | 330 Pool-1-worker-94 | DEBUG | d.t.c.a.a.c.u.util.UserUtilService   : Removing 6 users from all courses...
    23:48:22.161 | 330 Pool-1-worker-94 | DEBUG | d.t.c.a.a.c.u.util.UserUtilService   : Removing 6 users from all courses. Done
    23:48:22.161 | 330 Pool-1-worker-94 | DEBUG | d.t.c.a.a.c.u.util.UserUtilService   : Save 6 users to database...
    23:48:22.166 | 330 Pool-1-worker-94 | DEBUG | d.t.c.a.a.c.u.util.UserUtilService   : Save 6 users to database. Done
    23:48:22.176 | 330 Pool-1-worker-94 | INFO  | i.z.t.d.l.EmbeddedDatabaseReporter   : JDBC URL to connect to 'dataSource': url='jdbc:h2:tcp://localhost:41063/mem:df70fc46-7e57-4cb5-9cd0-c1d90c14afa7;USER=sa', scope='TextAssessmentIntegrationTest#testOverrideAssessment_saveInstructorPossible'
    23:48:22.201 | 330 Pool-1-worker-94 | DEBUG | .c.s.m.InstanceMessageReceiveService : Received schedule participant score for exercise 3836 and participant 734 (result to be deleted: null)
    23:48:22.201 | 330 Pool-1-worker-94 | DEBUG | .a.s.ParticipantScoreScheduleService : Scheduled task for exercise 3836 and participant 734 at 2025-02-14T23:48:22.301576482Z[Etc/UTC].
    23:48:22.211 | 330 Pool-1-worker-94 | DEBUG | .c.s.m.InstanceMessageReceiveService : Received schedule participant score for exercise 3836 and participant 734 (result to be deleted: null)
    23:48:22.211 | 330 Pool-1-worker-94 | DEBUG | .a.s.ParticipantScoreScheduleService : Scheduled task for exercise 3836 and participant 734 at 2025-02-14T23:48:22.311192362Z[Etc/UTC].
    23:48:22.240 | 330 Pool-1-worker-94 | DEBUG | .c.s.m.InstanceMessageReceiveService : Received schedule participant score for exercise 3836 and participant 734 (result to be deleted: null)
    23:48:22.240 | 330 Pool-1-worker-94 | DEBUG | .a.s.ParticipantScoreScheduleService : Scheduled task for exercise 3836 and participant 734 at 2025-02-14T23:48:22.340770436Z[Etc/UTC].
    23:48:22.250 | 330 Pool-1-worker-94 | DEBUG | .c.s.m.InstanceMessageReceiveService : Received schedule participant score for exercise 3836 and participant 734 (result to be deleted: null)
    23:48:22.250 | 330 Pool-1-worker-94 | DEBUG | .a.s.ParticipantScoreScheduleService : Scheduled task for exercise 3836 and participant 734 at 2025-02-14T23:48:22.350964159Z[Etc/UTC].
    23:48:22.252 | 330 Pool-1-worker-94 | DEBUG | d.t.c.a.a.c.s.f.ApiVersionFilter     : Adding Version to Request PUT /api/participations/3402/results/1742/text-assessment
    23:48:22.286 | 330 Pool-1-worker-94 | DEBUG | .c.s.m.InstanceMessageReceiveService : Received schedule participant score for exercise 3836 and participant 734 (result to be deleted: null)
    23:48:22.286 | 330 Pool-1-worker-94 | DEBUG | .a.s.ParticipantScoreScheduleService : Scheduled task for exercise 3836 and participant 734 at 2025-02-14T23:48:22.386814831Z[Etc/UTC].

  Starting logs for TextAssessmentIntegrationTest > getExampleResultForNonExampleSubmissionAsTutor()
    23:48:22.304 | 330 Pool-1-worker-94 | DEBUG | d.t.c.a.a.c.u.util.UserUtilService   : Generate 2 students...
    23:48:22.308 | 330 Pool-1-worker-94 | DEBUG | d.t.c.a.a.c.u.util.UserUtilService   : 2 students generated. Generate 3 tutors...
    23:48:22.314 | 330 Pool-1-worker-94 | DEBUG | d.t.c.a.a.c.u.util.UserUtilService   : 3 tutors generated. Generate 0 editors...
    23:48:22.315 | 330 Pool-1-worker-94 | DEBUG | d.t.c.a.a.c.u.util.UserUtilService   : 0 editors generated. Generate 1 instructors...
    23:48:22.318 | 330 Pool-1-worker-94 | DEBUG | d.t.c.a.a.c.u.util.UserUtilService   : 1 instructors generated
    23:48:22.320 | 330 Pool-1-worker-94 | DEBUG | d.t.c.a.a.c.u.util.UserUtilService   : Removing 6 users from all courses...
    23:48:22.322 | 330 Pool-1-worker-94 | DEBUG | d.t.c.a.a.c.u.util.UserUtilService   : Removing 6 users from all courses. Done
    23:48:22.322 | 330 Pool-1-worker-94 | DEBUG | d.t.c.a.a.c.u.util.UserUtilService   : Save 6 users to database...
    23:48:22.327 | 330 Pool-1-worker-94 | DEBUG | d.t.c.a.a.c.u.util.UserUtilService   : Save 6 users to database. Done
    23:48:22.337 | 330 Pool-1-worker-94 | INFO  | i.z.t.d.l.EmbeddedDatabaseReporter   : JDBC URL to connect to 'dataSource': url='jdbc:h2:tcp://localhost:41063/mem:df70fc46-7e57-4cb5-9cd0-c1d90c14afa7;USER=sa', scope='TextAssessmentIntegrationTest#getExampleResultForNonExampleSubmissionAsTutor'
    23:48:22.363 | 330 Pool-1-worker-94 | DEBUG | .c.s.m.InstanceMessageReceiveService : Received schedule participant score for exercise 3837 and participant 734 (result to be deleted: null)
    23:48:22.363 | 330 Pool-1-worker-94 | DEBUG | .a.s.ParticipantScoreScheduleService : Scheduled task for exercise 3837 and participant 734 at 2025-02-14T23:48:22.463172401Z[Etc/UTC].
    23:48:22.372 | 330 Pool-1-worker-94 | DEBUG | .c.s.m.InstanceMessageReceiveService : Received schedule participant score for exercise 3837 and participant 734 (result to be deleted: null)
    23:48:22.373 | 330 Pool-1-worker-94 | DEBUG | .a.s.ParticipantScoreScheduleService : Scheduled task for exercise 3837 and participant 734 at 2025-02-14T23:48:22.473053218Z[Etc/UTC].
    23:48:22.398 | 330 Pool-1-worker-94 | DEBUG | .c.s.m.InstanceMessageReceiveService : Received schedule participant score for exercise 3837 and participant 734 (result to be deleted: null)
    23:48:22.398 | 330 Pool-1-worker-94 | DEBUG | .a.s.ParticipantScoreScheduleService : Scheduled task for exercise 3837 and participant 734 at 2025-02-14T23:48:22.498913687Z[Etc/UTC].
    23:48:22.407 | 330 Pool-1-worker-94 | DEBUG | .c.s.m.InstanceMessageReceiveService : Received schedule participant score for exercise 3837 and participant 734 (result to be deleted: null)
    23:48:22.407 | 330 Pool-1-worker-94 | DEBUG | .a.s.ParticipantScoreScheduleService : Scheduled task for exercise 3837 and participant 734 at 2025-02-14T23:48:22.507930683Z[Etc/UTC].
    23:48:22.410 | 330 Pool-1-worker-94 | DEBUG | d.t.c.a.a.c.s.f.ApiVersionFilter     : Adding Version to Request GET /api/exercises/3837/submissions/1935/example-result
    23:48:22.413 | 330 Pool-1-worker-94 | DEBUG | d.t.c.a.a.t.w.TextAssessmentResource : REST request to get example assessment for tutors text assessment: 1935

  Starting logs for TextAssessmentIntegrationTest > getDataForTextEditorForNonTextExercise_badRequest()
    23:48:22.437 | 330 Pool-1-worker-94 | DEBUG | d.t.c.a.a.c.u.util.UserUtilService   : Generate 2 students...
    23:48:22.443 | 330 Pool-1-worker-94 | DEBUG | d.t.c.a.a.c.u.util.UserUtilService   : 2 students generated. Generate 3 tutors...
    23:48:22.448 | 330 Pool-1-worker-94 | DEBUG | d.t.c.a.a.c.u.util.UserUtilService   : 3 tutors generated. Generate 0 editors...
    23:48:22.450 | 330 Pool-1-worker-94 | DEBUG | d.t.c.a.a.c.u.util.UserUtilService   : 0 editors generated. Generate 1 instructors...
    23:48:22.453 | 330 Pool-1-worker-94 | DEBUG | d.t.c.a.a.c.u.util.UserUtilService   : 1 instructors generated
    23:48:22.456 | 330 Pool-1-worker-94 | DEBUG | d.t.c.a.a.c.u.util.UserUtilService   : Removing 6 users from all courses...
    23:48:22.457 | 330 Pool-1-worker-94 | DEBUG | d.t.c.a.a.c.u.util.UserUtilService   : Removing 6 users from all courses. Done
    23:48:22.457 | 330 Pool-1-worker-94 | DEBUG | d.t.c.a.a.c.u.util.UserUtilService   : Save 6 users to database...
    23:48:22.462 | 330 Pool-1-worker-94 | DEBUG | d.t.c.a.a.c.u.util.UserUtilService   : Save 6 users to database. Done
    23:48:22.472 | 330 Pool-1-worker-94 | INFO  | i.z.t.d.l.EmbeddedDatabaseReporter   : JDBC URL to connect to 'dataSource': url='jdbc:h2:tcp://localhost:41063/mem:df70fc46-7e57-4cb5-9cd0-c1d90c14afa7;USER=sa', scope='TextAssessmentIntegrationTest#getDataForTextEditorForNonTextExercise_badRequest'
    23:48:22.480 | 330 Pool-1-worker-94 | DEBUG | .c.s.m.InstanceMessageReceiveService : Received schedule participant score for exercise 3839 and participant 734 (result to be deleted: null)
    23:48:22.480 | 330 Pool-1-worker-94 | DEBUG | .a.s.ParticipantScoreScheduleService : Scheduled task for exercise 3839 and participant 734 at 2025-02-14T23:48:22.580436484Z[Etc/UTC].
    23:48:22.492 | 330 Pool-1-worker-94 | DEBUG | .c.s.m.InstanceMessageReceiveService : Received schedule participant score for exercise 3839 and participant 734 (result to be deleted: null)
    23:48:22.492 | 330 Pool-1-worker-94 | DEBUG | .a.s.ParticipantScoreScheduleService : Scheduled task for exercise 3839 and participant 734 at 2025-02-14T23:48:22.592141553Z[Etc/UTC].
    23:48:22.510 | 330 Pool-1-worker-94 | DEBUG | .c.s.m.InstanceMessageReceiveService : Received schedule participant score for exercise 3839 and participant 734 (result to be deleted: null)
    23:48:22.510 | 330 Pool-1-worker-94 | DEBUG | .a.s.ParticipantScoreScheduleService : Scheduled task for exercise 3839 and participant 734 at 2025-02-14T23:48:22.610433898Z[Etc/UTC].
    23:48:22.531 | 330 Pool-1-worker-94 | DEBUG | d.t.c.a.a.c.s.f.ApiVersionFilter     : Adding Version to Request GET /api/text-editor/3404
    23:48:22.536 | 330 Pool-1-worker-94 | ERROR | tech.jhipster.web.util.HeaderUtil    : Entity processing failed, The exercise of the participation is not a text exercise.
    23:48:22.536 | 330 Pool-1-worker-94 | WARN  | o.z.p.spring.common.AdviceTraits     : Bad Request: The exercise of the participation is not a text exercise.

  Starting logs for TextAssessmentIntegrationTest > cancelOwnAssessmentAsStudent()
    23:48:22.552 | 330 Pool-1-worker-94 | DEBUG | d.t.c.a.a.c.u.util.UserUtilService   : Generate 2 students...
    23:48:22.557 | 330 Pool-1-worker-94 | DEBUG | d.t.c.a.a.c.u.util.UserUtilService   : 2 students generated. Generate 3 tutors...
    23:48:22.563 | 330 Pool-1-worker-94 | DEBUG | d.t.c.a.a.c.u.util.UserUtilService   : 3 tutors generated. Generate 0 editors...
    23:48:22.564 | 330 Pool-1-worker-94 | DEBUG | d.t.c.a.a.c.u.util.UserUtilService   : 0 editors generated. Generate 1 instructors...
    23:48:22.567 | 330 Pool-1-worker-94 | DEBUG | d.t.c.a.a.c.u.util.UserUtilService   : 1 instructors generated
    23:48:22.569 | 330 Pool-1-worker-94 | DEBUG | d.t.c.a.a.c.u.util.UserUtilService   : Removing 6 users from all courses...
    23:48:22.570 | 330 Pool-1-worker-94 | DEBUG | d.t.c.a.a.c.u.util.UserUtilService   : Removing 6 users from all courses. Done
    23:48:22.570 | 330 Pool-1-worker-94 | DEBUG | d.t.c.a.a.c.u.util.UserUtilService   : Save 6 users to database...
    23:48:22.576 | 330 Pool-1-worker-94 | DEBUG | d.t.c.a.a.c.u.util.UserUtilService   : Save 6 users to database. Done
    23:48:22.586 | 330 Pool-1-worker-94 | INFO  | i.z.t.d.l.EmbeddedDatabaseReporter   : JDBC URL to connect to 'dataSource': url='jdbc:h2:tcp://localhost:41063/mem:df70fc46-7e57-4cb5-9cd0-c1d90c14afa7;USER=sa', scope='TextAssessmentIntegrationTest#cancelOwnAssessmentAsStudent'
    23:48:22.610 | 330 Pool-1-worker-94 | DEBUG | .c.s.m.InstanceMessageReceiveService : Received schedule participant score for exercise 3840 and participant 734 (result to be deleted: null)
    23:48:22.610 | 330 Pool-1-worker-94 | DEBUG | .a.s.ParticipantScoreScheduleService : Scheduled task for exercise 3840 and participant 734 at 2025-02-14T23:48:22.710429453Z[Etc/UTC].
    23:48:22.619 | 330 Pool-1-worker-94 | DEBUG | .c.s.m.InstanceMessageReceiveService : Received schedule participant score for exercise 3840 and participant 734 (result to be deleted: null)
    23:48:22.620 | 330 Pool-1-worker-94 | DEBUG | .a.s.ParticipantScoreScheduleService : Scheduled task for exercise 3840 and participant 734 at 2025-02-14T23:48:22.719996726Z[Etc/UTC].
    23:48:22.667 | 330 Pool-1-worker-94 | DEBUG | .c.s.m.InstanceMessageReceiveService : Received schedule participant score for exercise 3840 and participant 734 (result to be deleted: null)
    23:48:22.667 | 330 Pool-1-worker-94 | DEBUG | .a.s.ParticipantScoreScheduleService : Scheduled task for exercise 3840 and participant 734 at 2025-02-14T23:48:22.767578724Z[Etc/UTC].
    23:48:22.680 | 330 Pool-1-worker-94 | DEBUG | .c.s.m.InstanceMessageReceiveService : Received schedule participant score for exercise 3840 and participant 734 (result to be deleted: null)
    23:48:22.680 | 330 Pool-1-worker-94 | DEBUG | .a.s.ParticipantScoreScheduleService : Scheduled task for exercise 3840 and participant 734 at 2025-02-14T23:48:22.780558381Z[Etc/UTC].
    23:48:22.682 | 330 Pool-1-worker-94 | DEBUG | d.t.c.a.a.c.s.f.ApiVersionFilter     : Adding Version to Request POST /api/participations/3405/submissions/1937/cancel-assessment
    23:48:22.683 | 330 Pool-1-worker-94 | WARN  | o.z.p.spring.common.AdviceTraits     : Forbidden: Access Denied

Finished logs for TextAssessmentIntegrationTest
]]></system-out>
  <system-err><![CDATA[]]></system-err>
</testsuite>
