<?xml version="1.0" encoding="UTF-8"?>
<testsuite name="de.tum.cit.aet.artemis.modeling.compass.controller.FeedbackSelectorTest" tests="2" skipped="0" failures="0" errors="0" timestamp="2025-02-14T23:40:02" hostname="fv-az1721-502" time="0.012">
  <properties/>
  <testcase name="testLongestFeedbackTextSelection()" classname="de.tum.cit.aet.artemis.modeling.compass.controller.FeedbackSelectorTest" time="0.009"/>
  <testcase name="testConfidenceThreshold()" classname="de.tum.cit.aet.artemis.modeling.compass.controller.FeedbackSelectorTest" time="0.003"/>
  <system-out><![CDATA[
Starting logs for FeedbackSelectorTest

  Starting logs for FeedbackSelectorTest > testLongestFeedbackTextSelection()

  Starting logs for FeedbackSelectorTest > testConfidenceThreshold()

Finished logs for FeedbackSelectorTest
]]></system-out>
  <system-err><![CDATA[]]></system-err>
</testsuite>
