<?xml version="1.0" encoding="UTF-8"?>
<testsuite name="de.tum.cit.aet.artemis.exam.ExamParticipationIntegrationTest" tests="12" skipped="0" failures="0" errors="0" timestamp="2025-02-14T23:42:47" hostname="fv-az1721-502" time="15.785">
  <properties/>
  <testcase name="testGenerateStudentExamsCleanupOldParticipations()" classname="de.tum.cit.aet.artemis.exam.ExamParticipationIntegrationTest" time="0.96"/>
  <testcase name="testRemovingAllStudentsAndParticipations()" classname="de.tum.cit.aet.artemis.exam.ExamParticipationIntegrationTest" time="0.427"/>
  <testcase name="testDeleteStudentWithParticipationsAndSubmissions()" classname="de.tum.cit.aet.artemis.exam.ExamParticipationIntegrationTest" time="0.577"/>
  <testcase name="testGetStatsForExamAssessmentDashboard(int) [1] numberOfCorrectionRounds=0" classname="de.tum.cit.aet.artemis.exam.ExamParticipationIntegrationTest" time="0.135"/>
  <testcase name="testGetStatsForExamAssessmentDashboard(int) [2] numberOfCorrectionRounds=1" classname="de.tum.cit.aet.artemis.exam.ExamParticipationIntegrationTest" time="0.42"/>
  <testcase name="testGetStatsForExamAssessmentDashboard(int) [3] numberOfCorrectionRounds=2" classname="de.tum.cit.aet.artemis.exam.ExamParticipationIntegrationTest" time="0.417"/>
  <testcase name="testRemovingAllStudents_AfterParticipatingInExam()" classname="de.tum.cit.aet.artemis.exam.ExamParticipationIntegrationTest" time="0.254"/>
  <testcase name="testGetExamScore(boolean, boolean) [1] withCourseBonus=false, withSecondCorrectionAndStarted=false" classname="de.tum.cit.aet.artemis.exam.ExamParticipationIntegrationTest" time="2.771"/>
  <testcase name="testGetExamScore(boolean, boolean) [2] withCourseBonus=true, withSecondCorrectionAndStarted=false" classname="de.tum.cit.aet.artemis.exam.ExamParticipationIntegrationTest" time="2.667"/>
  <testcase name="testGetExamScore(boolean, boolean) [3] withCourseBonus=false, withSecondCorrectionAndStarted=true" classname="de.tum.cit.aet.artemis.exam.ExamParticipationIntegrationTest" time="3.263"/>
  <testcase name="testGetExamScore(boolean, boolean) [4] withCourseBonus=true, withSecondCorrectionAndStarted=true" classname="de.tum.cit.aet.artemis.exam.ExamParticipationIntegrationTest" time="3.348"/>
  <testcase name="testDeleteStudent_AfterParticipatingInExam()" classname="de.tum.cit.aet.artemis.exam.ExamParticipationIntegrationTest" time="0.477"/>
  <system-out><![CDATA[
Starting logs for ExamParticipationIntegrationTest

  Starting logs for ExamParticipationIntegrationTest > testGenerateStudentExamsCleanupOldParticipations()
    23:42:47.266 | 362 ool-1-worker-126 | DEBUG | d.t.c.a.a.c.u.util.UserUtilService   : Generate 3 students...
    23:42:47.269 | 362 ool-1-worker-126 | DEBUG | d.t.c.a.a.c.u.util.UserUtilService   : 3 students generated. Generate 2 tutors...
    23:42:47.271 | 362 ool-1-worker-126 | DEBUG | d.t.c.a.a.c.u.util.UserUtilService   : 2 tutors generated. Generate 0 editors...
    23:42:47.273 | 362 ool-1-worker-126 | DEBUG | d.t.c.a.a.c.u.util.UserUtilService   : 0 editors generated. Generate 1 instructors...
    23:42:47.274 | 362 ool-1-worker-126 | DEBUG | d.t.c.a.a.c.u.util.UserUtilService   : 1 instructors generated
    23:42:47.281 | 362 ool-1-worker-126 | DEBUG | d.t.c.a.a.c.u.util.UserUtilService   : Removing 7 users from all courses...
    23:42:47.283 | 362 ool-1-worker-126 | DEBUG | d.t.c.a.a.c.u.util.UserUtilService   : Removing 7 users from all courses. Done
    23:42:47.283 | 362 ool-1-worker-126 | DEBUG | d.t.c.a.a.c.u.util.UserUtilService   : Save 6 users to database...
    23:42:47.292 | 362 ool-1-worker-126 | DEBUG | d.t.c.a.a.c.u.util.UserUtilService   : Save 6 users to database. Done
    23:42:47.300 | 362 ool-1-worker-126 | INFO  | i.z.t.d.l.EmbeddedDatabaseReporter   : JDBC URL to connect to 'dataSource': url='jdbc:h2:tcp://localhost:41063/mem:736625c0-cf5e-400d-aeaa-8a7eabd6262b;USER=sa', scope='ExamParticipationIntegrationTest#testGenerateStudentExamsCleanupOldParticipations'
    23:42:47.344 | 362 ool-1-worker-126 | DEBUG | d.t.c.a.a.c.s.f.ApiVersionFilter     : Adding Version to Request POST /api/courses/202/exams/518/generate-student-exams
    23:42:47.347 | 362 ool-1-worker-126 | INFO  | d.t.c.a.a.exam.web.ExamResource      : REST request to generate student exams for exam 518
    23:42:47.365 | 362 ool-1-worker-126 | INFO  | d.t.c.a.a.e.s.ExamDeletionService    : User examparticipationtestinstructor1 has requested to delete existing student exams and participations for exam Real exam 1
    23:42:47.369 | 362 ool-1-worker-126 | INFO  | d.t.c.a.a.e.s.ParticipationService   : Request to delete all 0 participations of exercise with id : 493
    23:42:47.371 | 362 ool-1-worker-126 | INFO  | d.t.c.a.a.e.s.ParticipationService   : Request to delete all 0 participations of exercise with id : 494
    23:42:47.376 | 362 ool-1-worker-126 | INFO  | d.t.c.a.a.e.s.ParticipationService   : Request to delete all 0 participations of exercise with id : 495
    23:42:47.377 | 362 ool-1-worker-126 | INFO  | d.t.c.a.a.e.s.ParticipationService   : Request to delete all 0 participations of exercise with id : 496
    23:42:47.381 | 362 ool-1-worker-126 | INFO  | d.t.c.a.a.e.s.ParticipationService   : Request to delete all 0 participations of exercise with id : 497
    23:42:47.384 | 362 ool-1-worker-126 | INFO  | d.t.c.a.a.e.s.ParticipationService   : Request to delete all 0 participations of exercise with id : 498
    23:42:47.388 | 362 ool-1-worker-126 | INFO  | d.t.c.a.a.e.s.ParticipationService   : Request to delete all 0 participations of exercise with id : 499
    23:42:47.389 | 362 ool-1-worker-126 | INFO  | d.t.c.a.a.e.s.ParticipationService   : Request to delete all 0 participations of exercise with id : 500
    23:42:47.394 | 362 ool-1-worker-126 | INFO  | d.t.c.a.a.e.s.ParticipationService   : Request to delete all 0 participations of exercise with id : 501
    23:42:47.396 | 362 ool-1-worker-126 | INFO  | d.t.c.a.a.e.s.ParticipationService   : Request to delete all 0 participations of exercise with id : 502
    23:42:47.397 | 362 ool-1-worker-126 | INFO  | d.t.c.a.a.e.s.ParticipationService   : Request to delete all 0 participations of exercise with id : 503
    23:42:47.398 | 362 ool-1-worker-126 | INFO  | d.t.c.a.a.e.s.ParticipationService   : Request to delete all 0 participations of exercise with id : 504
    23:42:47.400 | 362 ool-1-worker-126 | INFO  | d.t.c.a.a.e.s.ParticipationService   : Request to delete all 0 participations of exercise with id : 505
    23:42:47.405 | 362 ool-1-worker-126 | INFO  | d.t.c.a.a.e.s.ParticipationService   : Request to delete all 0 participations of exercise with id : 506
    23:42:47.406 | 362 ool-1-worker-126 | INFO  | d.t.c.a.a.e.s.ParticipationService   : Request to delete all 0 participations of exercise with id : 507
    23:42:47.412 | 362 ool-1-worker-126 | INFO  | d.t.c.a.a.exam.web.ExamResource      : Generated 3 student exams in 64.53ms for exam 518
    23:42:47.461 | 995 ool-893-thread-1 | INFO  | d.t.c.a.a.e.s.StudentExamService     : SUCCESS: Start exercise for student exam 93 and exercise 500 and student examparticipationteststudent1
    23:42:47.471 | 996 ool-893-thread-2 | INFO  | d.t.c.a.a.e.s.StudentExamService     : SUCCESS: Start exercise for student exam 94 and exercise 498 and student examparticipationteststudent2
    23:42:47.473 | 997 ool-893-thread-3 | INFO  | d.t.c.a.a.e.s.StudentExamService     : SUCCESS: Start exercise for student exam 95 and exercise 504 and student examparticipationteststudent3
    23:42:47.474 | 995 ool-893-thread-1 | INFO  | d.t.c.a.a.e.s.StudentExamService     : SUCCESS: Start exercise for student exam 93 and exercise 497 and student examparticipationteststudent1
    23:42:47.488 | 995 ool-893-thread-1 | INFO  | d.t.c.a.a.e.s.StudentExamService     : SUCCESS: Start exercise for student exam 93 and exercise 493 and student examparticipationteststudent1
    23:42:47.495 | 996 ool-893-thread-2 | INFO  | d.t.c.a.a.e.s.StudentExamService     : SUCCESS: Start exercise for student exam 94 and exercise 494 and student examparticipationteststudent2
    23:42:47.498 | 997 ool-893-thread-3 | INFO  | d.t.c.a.a.e.s.StudentExamService     : SUCCESS: Start exercise for student exam 95 and exercise 493 and student examparticipationteststudent3
    23:42:47.502 | 995 ool-893-thread-1 | INFO  | d.t.c.a.a.e.s.StudentExamService     : SUCCESS: Start exercise for student exam 93 and exercise 507 and student examparticipationteststudent1
    23:42:47.516 | 997 ool-893-thread-3 | INFO  | d.t.c.a.a.e.s.StudentExamService     : SUCCESS: Start exercise for student exam 95 and exercise 500 and student examparticipationteststudent3
    23:42:47.517 | 996 ool-893-thread-2 | INFO  | d.t.c.a.a.e.s.StudentExamService     : SUCCESS: Start exercise for student exam 94 and exercise 500 and student examparticipationteststudent2
    23:42:47.532 | 996 ool-893-thread-2 | INFO  | d.t.c.a.a.e.s.StudentExamService     : SUCCESS: Start exercise for student exam 94 and exercise 507 and student examparticipationteststudent2
    23:42:47.533 | 997 ool-893-thread-3 | INFO  | d.t.c.a.a.e.s.StudentExamService     : SUCCESS: Start exercise for student exam 95 and exercise 498 and student examparticipationteststudent3
    23:42:47.551 | 362 ool-1-worker-126 | DEBUG | d.t.c.a.a.c.s.f.ApiVersionFilter     : Adding Version to Request POST /api/courses/202/exams/518/generate-student-exams
    23:42:47.552 | 362 ool-1-worker-126 | INFO  | d.t.c.a.a.exam.web.ExamResource      : REST request to generate student exams for exam 518
    23:42:47.572 | 362 ool-1-worker-126 | INFO  | d.t.c.a.a.e.s.ExamDeletionService    : User examparticipationtestinstructor1 has requested to delete existing student exams and participations for exam Real exam 1
    23:42:47.573 | 362 ool-1-worker-126 | INFO  | d.t.c.a.a.e.s.ParticipationService   : Request to delete all 2 participations of exercise with id : 493
    23:42:47.577 | 362 ool-1-worker-126 | INFO  | d.t.c.a.a.e.s.ParticipationService   : Request to delete Participation : StudentParticipation{id=521, presentationScore=null, student=User{login='examparticipationteststudent3', firstName='examparticipationteststudent3First', lastName='examparticipationteststudent3Last', email='examparticipationteststudent3@test.de', imageUrl='null', activated='true', langKey='en', activationKey='null'}}
    23:42:47.577 | 362 ool-1-worker-126 | DEBUG | d.t.c.a.a.e.s.ParticipationService   : Request to delete all results and submissions of participation with id : 521
    23:42:47.587 | 362 ool-1-worker-126 | INFO  | d.t.c.a.a.e.s.ParticipationService   : Request to delete Participation : StudentParticipation{id=522, presentationScore=null, student=User{login='examparticipationteststudent1', firstName='examparticipationteststudent1First', lastName='examparticipationteststudent1Last', email='examparticipationteststudent1@test.de', imageUrl='null', activated='true', langKey='en', activationKey='null'}}
    23:42:47.587 | 362 ool-1-worker-126 | DEBUG | d.t.c.a.a.e.s.ParticipationService   : Request to delete all results and submissions of participation with id : 522
    23:42:47.599 | 362 ool-1-worker-126 | INFO  | d.t.c.a.a.e.s.ParticipationService   : Request to delete all 1 participations of exercise with id : 494
    23:42:47.601 | 362 ool-1-worker-126 | INFO  | d.t.c.a.a.e.s.ParticipationService   : Request to delete Participation : StudentParticipation{id=520, presentationScore=null, student=User{login='examparticipationteststudent2', firstName='examparticipationteststudent2First', lastName='examparticipationteststudent2Last', email='examparticipationteststudent2@test.de', imageUrl='null', activated='true', langKey='en', activationKey='null'}}
    23:42:47.601 | 362 ool-1-worker-126 | DEBUG | d.t.c.a.a.e.s.ParticipationService   : Request to delete all results and submissions of participation with id : 520
    23:42:47.614 | 362 ool-1-worker-126 | INFO  | d.t.c.a.a.e.s.ParticipationService   : Request to delete all 0 participations of exercise with id : 495
    23:42:47.616 | 362 ool-1-worker-126 | INFO  | d.t.c.a.a.e.s.ParticipationService   : Request to delete all 0 participations of exercise with id : 496
    23:42:47.620 | 362 ool-1-worker-126 | INFO  | d.t.c.a.a.e.s.ParticipationService   : Request to delete all 1 participations of exercise with id : 497
    23:42:47.621 | 362 ool-1-worker-126 | INFO  | d.t.c.a.a.e.s.ParticipationService   : Request to delete Participation : StudentParticipation{id=519, presentationScore=null, student=User{login='examparticipationteststudent1', firstName='examparticipationteststudent1First', lastName='examparticipationteststudent1Last', email='examparticipationteststudent1@test.de', imageUrl='null', activated='true', langKey='en', activationKey='null'}}
    23:42:47.621 | 362 ool-1-worker-126 | DEBUG | d.t.c.a.a.e.s.ParticipationService   : Request to delete all results and submissions of participation with id : 519
    23:42:47.630 | 362 ool-1-worker-126 | INFO  | d.t.c.a.a.e.s.ParticipationService   : Request to delete all 2 participations of exercise with id : 498
    23:42:47.631 | 362 ool-1-worker-126 | INFO  | d.t.c.a.a.e.s.ParticipationService   : Request to delete Participation : StudentParticipation{id=517, presentationScore=null, student=User{login='examparticipationteststudent2', firstName='examparticipationteststudent2First', lastName='examparticipationteststudent2Last', email='examparticipationteststudent2@test.de', imageUrl='null', activated='true', langKey='en', activationKey='null'}}
    23:42:47.631 | 362 ool-1-worker-126 | DEBUG | d.t.c.a.a.e.s.ParticipationService   : Request to delete all results and submissions of participation with id : 517
    23:42:47.645 | 362 ool-1-worker-126 | INFO  | d.t.c.a.a.e.s.ParticipationService   : Request to delete Participation : StudentParticipation{id=527, presentationScore=null, student=User{login='examparticipationteststudent3', firstName='examparticipationteststudent3First', lastName='examparticipationteststudent3Last', email='examparticipationteststudent3@test.de', imageUrl='null', activated='true', langKey='en', activationKey='null'}}
    23:42:47.645 | 362 ool-1-worker-126 | DEBUG | d.t.c.a.a.e.s.ParticipationService   : Request to delete all results and submissions of participation with id : 527
    23:42:47.655 | 362 ool-1-worker-126 | INFO  | d.t.c.a.a.e.s.ParticipationService   : Request to delete all 0 participations of exercise with id : 499
    23:42:47.660 | 362 ool-1-worker-126 | INFO  | d.t.c.a.a.e.s.ParticipationService   : Request to delete all 3 participations of exercise with id : 500
    23:42:47.661 | 362 ool-1-worker-126 | INFO  | d.t.c.a.a.e.s.ParticipationService   : Request to delete Participation : StudentParticipation{id=516, presentationScore=null, student=User{login='examparticipationteststudent1', firstName='examparticipationteststudent1First', lastName='examparticipationteststudent1Last', email='examparticipationteststudent1@test.de', imageUrl='null', activated='true', langKey='en', activationKey='null'}}
    23:42:47.661 | 362 ool-1-worker-126 | DEBUG | d.t.c.a.a.e.s.ParticipationService   : Request to delete all results and submissions of participation with id : 516
    23:42:47.671 | 362 ool-1-worker-126 | INFO  | d.t.c.a.a.e.s.ParticipationService   : Request to delete Participation : StudentParticipation{id=524, presentationScore=null, student=User{login='examparticipationteststudent2', firstName='examparticipationteststudent2First', lastName='examparticipationteststudent2Last', email='examparticipationteststudent2@test.de', imageUrl='null', activated='true', langKey='en', activationKey='null'}}
    23:42:47.671 | 362 ool-1-worker-126 | DEBUG | d.t.c.a.a.e.s.ParticipationService   : Request to delete all results and submissions of participation with id : 524
    23:42:47.681 | 362 ool-1-worker-126 | INFO  | d.t.c.a.a.e.s.ParticipationService   : Request to delete Participation : StudentParticipation{id=525, presentationScore=null, student=User{login='examparticipationteststudent3', firstName='examparticipationteststudent3First', lastName='examparticipationteststudent3Last', email='examparticipationteststudent3@test.de', imageUrl='null', activated='true', langKey='en', activationKey='null'}}
    23:42:47.681 | 362 ool-1-worker-126 | DEBUG | d.t.c.a.a.e.s.ParticipationService   : Request to delete all results and submissions of participation with id : 525
    23:42:47.694 | 362 ool-1-worker-126 | INFO  | d.t.c.a.a.e.s.ParticipationService   : Request to delete all 0 participations of exercise with id : 501
    23:42:47.697 | 362 ool-1-worker-126 | INFO  | d.t.c.a.a.e.s.ParticipationService   : Request to delete all 0 participations of exercise with id : 502
    23:42:47.700 | 362 ool-1-worker-126 | INFO  | d.t.c.a.a.e.s.ParticipationService   : Request to delete all 0 participations of exercise with id : 503
    23:42:47.704 | 362 ool-1-worker-126 | INFO  | d.t.c.a.a.e.s.ParticipationService   : Request to delete all 1 participations of exercise with id : 504
    23:42:47.707 | 362 ool-1-worker-126 | INFO  | d.t.c.a.a.e.s.ParticipationService   : Request to delete Participation : StudentParticipation{id=518, presentationScore=null, student=User{login='examparticipationteststudent3', firstName='examparticipationteststudent3First', lastName='examparticipationteststudent3Last', email='examparticipationteststudent3@test.de', imageUrl='null', activated='true', langKey='en', activationKey='null'}}
    23:42:47.707 | 362 ool-1-worker-126 | DEBUG | d.t.c.a.a.e.s.ParticipationService   : Request to delete all results and submissions of participation with id : 518
    23:42:47.719 | 362 ool-1-worker-126 | INFO  | d.t.c.a.a.e.s.ParticipationService   : Request to delete all 0 participations of exercise with id : 505
    23:42:47.720 | 362 ool-1-worker-126 | INFO  | d.t.c.a.a.e.s.ParticipationService   : Request to delete all 0 participations of exercise with id : 506
    23:42:47.722 | 362 ool-1-worker-126 | INFO  | d.t.c.a.a.e.s.ParticipationService   : Request to delete all 2 participations of exercise with id : 507
    23:42:47.723 | 362 ool-1-worker-126 | INFO  | d.t.c.a.a.e.s.ParticipationService   : Request to delete Participation : StudentParticipation{id=523, presentationScore=null, student=User{login='examparticipationteststudent1', firstName='examparticipationteststudent1First', lastName='examparticipationteststudent1Last', email='examparticipationteststudent1@test.de', imageUrl='null', activated='true', langKey='en', activationKey='null'}}
    23:42:47.723 | 362 ool-1-worker-126 | DEBUG | d.t.c.a.a.e.s.ParticipationService   : Request to delete all results and submissions of participation with id : 523
    23:42:47.727 | 362 ool-1-worker-126 | INFO  | d.t.c.a.a.e.s.ParticipationService   : Request to delete Participation : StudentParticipation{id=526, presentationScore=null, student=User{login='examparticipationteststudent2', firstName='examparticipationteststudent2First', lastName='examparticipationteststudent2Last', email='examparticipationteststudent2@test.de', imageUrl='null', activated='true', langKey='en', activationKey='null'}}
    23:42:47.727 | 362 ool-1-worker-126 | DEBUG | d.t.c.a.a.e.s.ParticipationService   : Request to delete all results and submissions of participation with id : 526
    23:42:47.736 | 362 ool-1-worker-126 | INFO  | d.t.c.a.a.exam.web.ExamResource      : Generated 3 student exams in 184.01ms for exam 518
    23:42:47.764 | 998 ool-894-thread-1 | INFO  | d.t.c.a.a.e.s.StudentExamService     : SUCCESS: Start exercise for student exam 96 and exercise 499 and student examparticipationteststudent1
    23:42:47.766 | 999 ool-894-thread-2 | INFO  | d.t.c.a.a.e.s.StudentExamService     : SUCCESS: Start exercise for student exam 97 and exercise 495 and student examparticipationteststudent2
    23:42:47.767 | 000 ool-894-thread-3 | INFO  | d.t.c.a.a.e.s.StudentExamService     : SUCCESS: Start exercise for student exam 98 and exercise 501 and student examparticipationteststudent3
    23:42:47.777 | 998 ool-894-thread-1 | INFO  | d.t.c.a.a.e.s.StudentExamService     : SUCCESS: Start exercise for student exam 96 and exercise 507 and student examparticipationteststudent1
    23:42:47.779 | 999 ool-894-thread-2 | INFO  | d.t.c.a.a.e.s.StudentExamService     : SUCCESS: Start exercise for student exam 97 and exercise 505 and student examparticipationteststudent2
    23:42:47.779 | 000 ool-894-thread-3 | INFO  | d.t.c.a.a.e.s.StudentExamService     : SUCCESS: Start exercise for student exam 98 and exercise 497 and student examparticipationteststudent3
    23:42:47.791 | 998 ool-894-thread-1 | INFO  | d.t.c.a.a.e.s.StudentExamService     : SUCCESS: Start exercise for student exam 96 and exercise 495 and student examparticipationteststudent1
    23:42:47.793 | 999 ool-894-thread-2 | INFO  | d.t.c.a.a.e.s.StudentExamService     : SUCCESS: Start exercise for student exam 97 and exercise 499 and student examparticipationteststudent2
    23:42:47.793 | 000 ool-894-thread-3 | INFO  | d.t.c.a.a.e.s.StudentExamService     : SUCCESS: Start exercise for student exam 98 and exercise 495 and student examparticipationteststudent3
    23:42:47.805 | 998 ool-894-thread-1 | INFO  | d.t.c.a.a.e.s.StudentExamService     : SUCCESS: Start exercise for student exam 96 and exercise 497 and student examparticipationteststudent1
    23:42:47.806 | 000 ool-894-thread-3 | INFO  | d.t.c.a.a.e.s.StudentExamService     : SUCCESS: Start exercise for student exam 98 and exercise 502 and student examparticipationteststudent3
    23:42:47.807 | 999 ool-894-thread-2 | INFO  | d.t.c.a.a.e.s.StudentExamService     : SUCCESS: Start exercise for student exam 97 and exercise 496 and student examparticipationteststudent2
    23:42:47.814 | 362 ool-1-worker-126 | DEBUG | d.t.c.a.a.c.s.f.ApiVersionFilter     : Adding Version to Request DELETE /api/courses/202/exams/518
    23:42:47.814 | 362 ool-1-worker-126 | INFO  | d.t.c.a.a.exam.web.ExamResource      : REST request to delete exam : 518
    23:42:47.820 | 362 ool-1-worker-126 | INFO  | d.t.c.a.a.e.s.ExamDeletionService    : User examparticipationtestinstructor1 has requested to delete the exam Real exam 1
    23:42:47.825 | 362 ool-1-worker-126 | INFO  | .t.c.a.a.e.s.ExerciseDeletionService : Request to delete TextExercise with id 493
    23:42:47.826 | 362 ool-1-worker-126 | INFO  | .t.c.a.a.e.s.ExerciseDeletionService : Deleting the channel took 341µs
    23:42:47.826 | 362 ool-1-worker-126 | INFO  | .t.c.a.a.e.s.ExerciseDeletionService : Cancel scheduled operations of exercise 493
    23:42:47.826 | 362 ool-1-worker-126 | INFO  | .c.s.m.InstanceMessageReceiveService : Received schedule cancel for potential Athena exercise 493
    23:42:47.827 | 362 ool-1-worker-126 | INFO  | d.t.c.a.a.e.s.ParticipationService   : Request to delete all 0 participations of exercise with id : 493
    23:42:47.840 | 362 ool-1-worker-126 | INFO  | .c.a.a.c.s.TitleCacheEvictionService : Evicted entry '493' from title cache 'exerciseTitle'
    23:42:47.841 | 362 ool-1-worker-126 | INFO  | .t.c.a.a.e.s.ExerciseDeletionService : Request to delete TextExercise with id 494
    23:42:47.842 | 362 ool-1-worker-126 | INFO  | .t.c.a.a.e.s.ExerciseDeletionService : Deleting the channel took 357µs
    23:42:47.842 | 362 ool-1-worker-126 | INFO  | .t.c.a.a.e.s.ExerciseDeletionService : Cancel scheduled operations of exercise 494
    23:42:47.842 | 362 ool-1-worker-126 | INFO  | .c.s.m.InstanceMessageReceiveService : Received schedule cancel for potential Athena exercise 494
    23:42:47.846 | 362 ool-1-worker-126 | INFO  | d.t.c.a.a.e.s.ParticipationService   : Request to delete all 0 participations of exercise with id : 494
    23:42:47.867 | 362 ool-1-worker-126 | INFO  | .c.a.a.c.s.TitleCacheEvictionService : Evicted entry '494' from title cache 'exerciseTitle'
    23:42:47.870 | 362 ool-1-worker-126 | INFO  | .t.c.a.a.e.s.ExerciseDeletionService : Request to delete TextExercise with id 495
    23:42:47.870 | 362 ool-1-worker-126 | INFO  | .t.c.a.a.e.s.ExerciseDeletionService : Deleting the channel took 365µs
    23:42:47.870 | 362 ool-1-worker-126 | INFO  | .t.c.a.a.e.s.ExerciseDeletionService : Cancel scheduled operations of exercise 495
    23:42:47.871 | 362 ool-1-worker-126 | INFO  | .c.s.m.InstanceMessageReceiveService : Received schedule cancel for potential Athena exercise 495
    23:42:47.878 | 362 ool-1-worker-126 | INFO  | d.t.c.a.a.e.s.ParticipationService   : Request to delete all 3 participations of exercise with id : 495
    23:42:47.879 | 362 ool-1-worker-126 | INFO  | d.t.c.a.a.e.s.ParticipationService   : Request to delete Participation : StudentParticipation{id=529, presentationScore=null, student=User{login='examparticipationteststudent2', firstName='examparticipationteststudent2First', lastName='examparticipationteststudent2Last', email='examparticipationteststudent2@test.de', imageUrl='null', activated='true', langKey='en', activationKey='null'}}
    23:42:47.879 | 362 ool-1-worker-126 | DEBUG | d.t.c.a.a.e.s.ParticipationService   : Request to delete all results and submissions of participation with id : 529
    23:42:47.886 | 362 ool-1-worker-126 | INFO  | d.t.c.a.a.e.s.ParticipationService   : Request to delete Participation : StudentParticipation{id=534, presentationScore=null, student=User{login='examparticipationteststudent3', firstName='examparticipationteststudent3First', lastName='examparticipationteststudent3Last', email='examparticipationteststudent3@test.de', imageUrl='null', activated='true', langKey='en', activationKey='null'}}
    23:42:47.886 | 362 ool-1-worker-126 | DEBUG | d.t.c.a.a.e.s.ParticipationService   : Request to delete all results and submissions of participation with id : 534
    23:42:47.896 | 362 ool-1-worker-126 | INFO  | d.t.c.a.a.e.s.ParticipationService   : Request to delete Participation : StudentParticipation{id=535, presentationScore=null, student=User{login='examparticipationteststudent1', firstName='examparticipationteststudent1First', lastName='examparticipationteststudent1Last', email='examparticipationteststudent1@test.de', imageUrl='null', activated='true', langKey='en', activationKey='null'}}
    23:42:47.896 | 362 ool-1-worker-126 | DEBUG | d.t.c.a.a.e.s.ParticipationService   : Request to delete all results and submissions of participation with id : 535
    23:42:47.935 | 362 ool-1-worker-126 | INFO  | .c.a.a.c.s.TitleCacheEvictionService : Evicted entry '495' from title cache 'exerciseTitle'
    23:42:47.937 | 362 ool-1-worker-126 | INFO  | .t.c.a.a.e.s.ExerciseDeletionService : Request to delete TextExercise with id 496
    23:42:47.937 | 362 ool-1-worker-126 | INFO  | .t.c.a.a.e.s.ExerciseDeletionService : Deleting the channel took 371µs
    23:42:47.937 | 362 ool-1-worker-126 | INFO  | .t.c.a.a.e.s.ExerciseDeletionService : Cancel scheduled operations of exercise 496
    23:42:47.937 | 362 ool-1-worker-126 | INFO  | .c.s.m.InstanceMessageReceiveService : Received schedule cancel for potential Athena exercise 496
    23:42:47.939 | 362 ool-1-worker-126 | INFO  | d.t.c.a.a.e.s.ParticipationService   : Request to delete all 1 participations of exercise with id : 496
    23:42:47.940 | 362 ool-1-worker-126 | INFO  | d.t.c.a.a.e.s.ParticipationService   : Request to delete Participation : StudentParticipation{id=538, presentationScore=null, student=User{login='examparticipationteststudent2', firstName='examparticipationteststudent2First', lastName='examparticipationteststudent2Last', email='examparticipationteststudent2@test.de', imageUrl='null', activated='true', langKey='en', activationKey='null'}}
    23:42:47.940 | 362 ool-1-worker-126 | DEBUG | d.t.c.a.a.e.s.ParticipationService   : Request to delete all results and submissions of participation with id : 538
    23:42:47.956 | 362 ool-1-worker-126 | INFO  | .c.a.a.c.s.TitleCacheEvictionService : Evicted entry '496' from title cache 'exerciseTitle'
    23:42:47.958 | 362 ool-1-worker-126 | INFO  | .t.c.a.a.e.s.ExerciseDeletionService : Request to delete TextExercise with id 497
    23:42:47.959 | 362 ool-1-worker-126 | INFO  | .t.c.a.a.e.s.ExerciseDeletionService : Deleting the channel took 344µs
    23:42:47.959 | 362 ool-1-worker-126 | INFO  | .t.c.a.a.e.s.ExerciseDeletionService : Cancel scheduled operations of exercise 497
    23:42:47.959 | 362 ool-1-worker-126 | INFO  | .c.s.m.InstanceMessageReceiveService : Received schedule cancel for potential Athena exercise 497
    23:42:47.960 | 362 ool-1-worker-126 | INFO  | d.t.c.a.a.e.s.ParticipationService   : Request to delete all 2 participations of exercise with id : 497
    23:42:47.961 | 362 ool-1-worker-126 | INFO  | d.t.c.a.a.e.s.ParticipationService   : Request to delete Participation : StudentParticipation{id=532, presentationScore=null, student=User{login='examparticipationteststudent3', firstName='examparticipationteststudent3First', lastName='examparticipationteststudent3Last', email='examparticipationteststudent3@test.de', imageUrl='null', activated='true', langKey='en', activationKey='null'}}
    23:42:47.961 | 362 ool-1-worker-126 | DEBUG | d.t.c.a.a.e.s.ParticipationService   : Request to delete all results and submissions of participation with id : 532
    23:42:47.965 | 362 ool-1-worker-126 | INFO  | d.t.c.a.a.e.s.ParticipationService   : Request to delete Participation : StudentParticipation{id=537, presentationScore=null, student=User{login='examparticipationteststudent1', firstName='examparticipationteststudent1First', lastName='examparticipationteststudent1Last', email='examparticipationteststudent1@test.de', imageUrl='null', activated='true', langKey='en', activationKey='null'}}
    23:42:47.966 | 362 ool-1-worker-126 | DEBUG | d.t.c.a.a.e.s.ParticipationService   : Request to delete all results and submissions of participation with id : 537
    23:42:47.983 | 362 ool-1-worker-126 | INFO  | .c.a.a.c.s.TitleCacheEvictionService : Evicted entry '497' from title cache 'exerciseTitle'
    23:42:47.984 | 362 ool-1-worker-126 | INFO  | .t.c.a.a.e.s.ExerciseDeletionService : Request to delete TextExercise with id 498
    23:42:47.985 | 362 ool-1-worker-126 | INFO  | .t.c.a.a.e.s.ExerciseDeletionService : Deleting the channel took 380µs
    23:42:47.985 | 362 ool-1-worker-126 | INFO  | .t.c.a.a.e.s.ExerciseDeletionService : Cancel scheduled operations of exercise 498
    23:42:47.985 | 362 ool-1-worker-126 | INFO  | .c.s.m.InstanceMessageReceiveService : Received schedule cancel for potential Athena exercise 498
    23:42:47.988 | 362 ool-1-worker-126 | INFO  | d.t.c.a.a.e.s.ParticipationService   : Request to delete all 0 participations of exercise with id : 498
    23:42:48.009 | 362 ool-1-worker-126 | INFO  | .c.a.a.c.s.TitleCacheEvictionService : Evicted entry '498' from title cache 'exerciseTitle'
    23:42:48.013 | 362 ool-1-worker-126 | INFO  | .t.c.a.a.e.s.ExerciseDeletionService : Request to delete TextExercise with id 499
    23:42:48.014 | 362 ool-1-worker-126 | INFO  | .t.c.a.a.e.s.ExerciseDeletionService : Deleting the channel took 367µs
    23:42:48.014 | 362 ool-1-worker-126 | INFO  | .t.c.a.a.e.s.ExerciseDeletionService : Cancel scheduled operations of exercise 499
    23:42:48.014 | 362 ool-1-worker-126 | INFO  | .c.s.m.InstanceMessageReceiveService : Received schedule cancel for potential Athena exercise 499
    23:42:48.016 | 362 ool-1-worker-126 | INFO  | d.t.c.a.a.e.s.ParticipationService   : Request to delete all 2 participations of exercise with id : 499
    23:42:48.016 | 362 ool-1-worker-126 | INFO  | d.t.c.a.a.e.s.ParticipationService   : Request to delete Participation : StudentParticipation{id=528, presentationScore=null, student=User{login='examparticipationteststudent1', firstName='examparticipationteststudent1First', lastName='examparticipationteststudent1Last', email='examparticipationteststudent1@test.de', imageUrl='null', activated='true', langKey='en', activationKey='null'}}
    23:42:48.016 | 362 ool-1-worker-126 | DEBUG | d.t.c.a.a.e.s.ParticipationService   : Request to delete all results and submissions of participation with id : 528
    23:42:48.029 | 362 ool-1-worker-126 | INFO  | d.t.c.a.a.e.s.ParticipationService   : Request to delete Participation : StudentParticipation{id=536, presentationScore=null, student=User{login='examparticipationteststudent2', firstName='examparticipationteststudent2First', lastName='examparticipationteststudent2Last', email='examparticipationteststudent2@test.de', imageUrl='null', activated='true', langKey='en', activationKey='null'}}
    23:42:48.029 | 362 ool-1-worker-126 | DEBUG | d.t.c.a.a.e.s.ParticipationService   : Request to delete all results and submissions of participation with id : 536
    23:42:48.071 | 362 ool-1-worker-126 | INFO  | .c.a.a.c.s.TitleCacheEvictionService : Evicted entry '499' from title cache 'exerciseTitle'
    23:42:48.073 | 362 ool-1-worker-126 | INFO  | .t.c.a.a.e.s.ExerciseDeletionService : Request to delete TextExercise with id 500
    23:42:48.073 | 362 ool-1-worker-126 | INFO  | .t.c.a.a.e.s.ExerciseDeletionService : Deleting the channel took 391µs
    23:42:48.073 | 362 ool-1-worker-126 | INFO  | .t.c.a.a.e.s.ExerciseDeletionService : Cancel scheduled operations of exercise 500
    23:42:48.074 | 362 ool-1-worker-126 | INFO  | .c.s.m.InstanceMessageReceiveService : Received schedule cancel for potential Athena exercise 500
    23:42:48.075 | 362 ool-1-worker-126 | INFO  | d.t.c.a.a.e.s.ParticipationService   : Request to delete all 0 participations of exercise with id : 500
    23:42:48.084 | 362 ool-1-worker-126 | INFO  | .c.a.a.c.s.TitleCacheEvictionService : Evicted entry '500' from title cache 'exerciseTitle'
    23:42:48.086 | 362 ool-1-worker-126 | INFO  | .t.c.a.a.e.s.ExerciseDeletionService : Request to delete TextExercise with id 501
    23:42:48.087 | 362 ool-1-worker-126 | INFO  | .t.c.a.a.e.s.ExerciseDeletionService : Deleting the channel took 360µs
    23:42:48.087 | 362 ool-1-worker-126 | INFO  | .t.c.a.a.e.s.ExerciseDeletionService : Cancel scheduled operations of exercise 501
    23:42:48.087 | 362 ool-1-worker-126 | INFO  | .c.s.m.InstanceMessageReceiveService : Received schedule cancel for potential Athena exercise 501
    23:42:48.089 | 362 ool-1-worker-126 | INFO  | d.t.c.a.a.e.s.ParticipationService   : Request to delete all 1 participations of exercise with id : 501
    23:42:48.089 | 362 ool-1-worker-126 | INFO  | d.t.c.a.a.e.s.ParticipationService   : Request to delete Participation : StudentParticipation{id=530, presentationScore=null, student=User{login='examparticipationteststudent3', firstName='examparticipationteststudent3First', lastName='examparticipationteststudent3Last', email='examparticipationteststudent3@test.de', imageUrl='null', activated='true', langKey='en', activationKey='null'}}
    23:42:48.089 | 362 ool-1-worker-126 | DEBUG | d.t.c.a.a.e.s.ParticipationService   : Request to delete all results and submissions of participation with id : 530
    23:42:48.103 | 362 ool-1-worker-126 | INFO  | .c.a.a.c.s.TitleCacheEvictionService : Evicted entry '501' from title cache 'exerciseTitle'
    23:42:48.105 | 362 ool-1-worker-126 | INFO  | .t.c.a.a.e.s.ExerciseDeletionService : Request to delete TextExercise with id 502
    23:42:48.105 | 362 ool-1-worker-126 | INFO  | .t.c.a.a.e.s.ExerciseDeletionService : Deleting the channel took 338µs
    23:42:48.105 | 362 ool-1-worker-126 | INFO  | .t.c.a.a.e.s.ExerciseDeletionService : Cancel scheduled operations of exercise 502
    23:42:48.105 | 362 ool-1-worker-126 | INFO  | .c.s.m.InstanceMessageReceiveService : Received schedule cancel for potential Athena exercise 502
    23:42:48.107 | 362 ool-1-worker-126 | INFO  | d.t.c.a.a.e.s.ParticipationService   : Request to delete all 1 participations of exercise with id : 502
    23:42:48.108 | 362 ool-1-worker-126 | INFO  | d.t.c.a.a.e.s.ParticipationService   : Request to delete Participation : StudentParticipation{id=539, presentationScore=null, student=User{login='examparticipationteststudent3', firstName='examparticipationteststudent3First', lastName='examparticipationteststudent3Last', email='examparticipationteststudent3@test.de', imageUrl='null', activated='true', langKey='en', activationKey='null'}}
    23:42:48.108 | 362 ool-1-worker-126 | DEBUG | d.t.c.a.a.e.s.ParticipationService   : Request to delete all results and submissions of participation with id : 539
    23:42:48.121 | 362 ool-1-worker-126 | INFO  | .c.a.a.c.s.TitleCacheEvictionService : Evicted entry '502' from title cache 'exerciseTitle'
    23:42:48.123 | 362 ool-1-worker-126 | INFO  | .t.c.a.a.e.s.ExerciseDeletionService : Request to delete TextExercise with id 503
    23:42:48.123 | 362 ool-1-worker-126 | INFO  | .t.c.a.a.e.s.ExerciseDeletionService : Deleting the channel took 348µs
    23:42:48.123 | 362 ool-1-worker-126 | INFO  | .t.c.a.a.e.s.ExerciseDeletionService : Cancel scheduled operations of exercise 503
    23:42:48.123 | 362 ool-1-worker-126 | INFO  | .c.s.m.InstanceMessageReceiveService : Received schedule cancel for potential Athena exercise 503
    23:42:48.125 | 362 ool-1-worker-126 | INFO  | d.t.c.a.a.e.s.ParticipationService   : Request to delete all 0 participations of exercise with id : 503
    23:42:48.134 | 362 ool-1-worker-126 | INFO  | .c.a.a.c.s.TitleCacheEvictionService : Evicted entry '503' from title cache 'exerciseTitle'
    23:42:48.138 | 362 ool-1-worker-126 | INFO  | .t.c.a.a.e.s.ExerciseDeletionService : Request to delete TextExercise with id 504
    23:42:48.139 | 362 ool-1-worker-126 | INFO  | .t.c.a.a.e.s.ExerciseDeletionService : Deleting the channel took 492µs
    23:42:48.139 | 362 ool-1-worker-126 | INFO  | .t.c.a.a.e.s.ExerciseDeletionService : Cancel scheduled operations of exercise 504
    23:42:48.139 | 362 ool-1-worker-126 | INFO  | .c.s.m.InstanceMessageReceiveService : Received schedule cancel for potential Athena exercise 504
    23:42:48.141 | 362 ool-1-worker-126 | INFO  | d.t.c.a.a.e.s.ParticipationService   : Request to delete all 0 participations of exercise with id : 504
    23:42:48.150 | 362 ool-1-worker-126 | INFO  | .c.a.a.c.s.TitleCacheEvictionService : Evicted entry '504' from title cache 'exerciseTitle'
    23:42:48.152 | 362 ool-1-worker-126 | INFO  | .t.c.a.a.e.s.ExerciseDeletionService : Request to delete TextExercise with id 505
    23:42:48.152 | 362 ool-1-worker-126 | INFO  | .t.c.a.a.e.s.ExerciseDeletionService : Deleting the channel took 447µs
    23:42:48.152 | 362 ool-1-worker-126 | INFO  | .t.c.a.a.e.s.ExerciseDeletionService : Cancel scheduled operations of exercise 505
    23:42:48.152 | 362 ool-1-worker-126 | INFO  | .c.s.m.InstanceMessageReceiveService : Received schedule cancel for potential Athena exercise 505
    23:42:48.154 | 362 ool-1-worker-126 | INFO  | d.t.c.a.a.e.s.ParticipationService   : Request to delete all 1 participations of exercise with id : 505
    23:42:48.155 | 362 ool-1-worker-126 | INFO  | d.t.c.a.a.e.s.ParticipationService   : Request to delete Participation : StudentParticipation{id=533, presentationScore=null, student=User{login='examparticipationteststudent2', firstName='examparticipationteststudent2First', lastName='examparticipationteststudent2Last', email='examparticipationteststudent2@test.de', imageUrl='null', activated='true', langKey='en', activationKey='null'}}
    23:42:48.155 | 362 ool-1-worker-126 | DEBUG | d.t.c.a.a.e.s.ParticipationService   : Request to delete all results and submissions of participation with id : 533
    23:42:48.168 | 362 ool-1-worker-126 | INFO  | .c.a.a.c.s.TitleCacheEvictionService : Evicted entry '505' from title cache 'exerciseTitle'
    23:42:48.170 | 362 ool-1-worker-126 | INFO  | .t.c.a.a.e.s.ExerciseDeletionService : Request to delete TextExercise with id 506
    23:42:48.170 | 362 ool-1-worker-126 | INFO  | .t.c.a.a.e.s.ExerciseDeletionService : Deleting the channel took 354µs
    23:42:48.170 | 362 ool-1-worker-126 | INFO  | .t.c.a.a.e.s.ExerciseDeletionService : Cancel scheduled operations of exercise 506
    23:42:48.170 | 362 ool-1-worker-126 | INFO  | .c.s.m.InstanceMessageReceiveService : Received schedule cancel for potential Athena exercise 506
    23:42:48.172 | 362 ool-1-worker-126 | INFO  | d.t.c.a.a.e.s.ParticipationService   : Request to delete all 0 participations of exercise with id : 506
    23:42:48.181 | 362 ool-1-worker-126 | INFO  | .c.a.a.c.s.TitleCacheEvictionService : Evicted entry '506' from title cache 'exerciseTitle'
    23:42:48.182 | 362 ool-1-worker-126 | INFO  | .t.c.a.a.e.s.ExerciseDeletionService : Request to delete TextExercise with id 507
    23:42:48.183 | 362 ool-1-worker-126 | INFO  | .t.c.a.a.e.s.ExerciseDeletionService : Deleting the channel took 342µs
    23:42:48.183 | 362 ool-1-worker-126 | INFO  | .t.c.a.a.e.s.ExerciseDeletionService : Cancel scheduled operations of exercise 507
    23:42:48.183 | 362 ool-1-worker-126 | INFO  | .c.s.m.InstanceMessageReceiveService : Received schedule cancel for potential Athena exercise 507
    23:42:48.184 | 362 ool-1-worker-126 | INFO  | d.t.c.a.a.e.s.ParticipationService   : Request to delete all 1 participations of exercise with id : 507
    23:42:48.185 | 362 ool-1-worker-126 | INFO  | d.t.c.a.a.e.s.ParticipationService   : Request to delete Participation : StudentParticipation{id=531, presentationScore=null, student=User{login='examparticipationteststudent1', firstName='examparticipationteststudent1First', lastName='examparticipationteststudent1Last', email='examparticipationteststudent1@test.de', imageUrl='null', activated='true', langKey='en', activationKey='null'}}
    23:42:48.185 | 362 ool-1-worker-126 | DEBUG | d.t.c.a.a.e.s.ParticipationService   : Request to delete all results and submissions of participation with id : 531
    23:42:48.199 | 362 ool-1-worker-126 | INFO  | .c.a.a.c.s.TitleCacheEvictionService : Evicted entry '507' from title cache 'exerciseTitle'
    23:42:48.203 | 362 ool-1-worker-126 | WARN  | .c.a.a.c.s.TitleCacheEvictionService : Unable to clear title of exercises from exercise group 296: Exercises not initialized
    23:42:48.203 | 362 ool-1-worker-126 | WARN  | .c.a.a.c.s.TitleCacheEvictionService : Unable to clear title of exercises from exercise group 297: Exercises not initialized
    23:42:48.203 | 362 ool-1-worker-126 | WARN  | .c.a.a.c.s.TitleCacheEvictionService : Unable to clear title of exercises from exercise group 298: Exercises not initialized
    23:42:48.204 | 362 ool-1-worker-126 | WARN  | .c.a.a.c.s.TitleCacheEvictionService : Unable to clear title of exercises from exercise group 299: Exercises not initialized
    23:42:48.204 | 362 ool-1-worker-126 | WARN  | .c.a.a.c.s.TitleCacheEvictionService : Unable to clear title of exercises from exercise group 300: Exercises not initialized
    23:42:48.204 | 362 ool-1-worker-126 | INFO  | .c.a.a.c.s.TitleCacheEvictionService : Evicted entry '518' from title cache 'examTitle'
    23:42:48.207 | 362 ool-1-worker-126 | WARN  | org.eclipse.jgit.lib.Repository      : close() called when useCnt is already zero for Repository[/tmp/exerciseLocalRepo16588175178709829083/.git]
    23:42:48.207 | 362 ool-1-worker-126 | WARN  | org.eclipse.jgit.lib.Repository      : close() called when useCnt is already zero for Repository[/tmp/exerciseOriginRepo13231244871015556956]
    23:42:48.207 | 362 ool-1-worker-126 | WARN  | org.eclipse.jgit.lib.Repository      : close() called when useCnt is already zero for Repository[/tmp/testLocalRepo5773662552108433550/.git]
    23:42:48.207 | 362 ool-1-worker-126 | WARN  | org.eclipse.jgit.lib.Repository      : close() called when useCnt is already zero for Repository[/tmp/testOriginRepo3529334151424058496]
    23:42:48.207 | 362 ool-1-worker-126 | WARN  | org.eclipse.jgit.lib.Repository      : close() called when useCnt is already zero for Repository[/tmp/solutionLocalRepo13083971209974743605/.git]
    23:42:48.207 | 362 ool-1-worker-126 | WARN  | org.eclipse.jgit.lib.Repository      : close() called when useCnt is already zero for Repository[/tmp/solutionOriginRepo16058965677284390212]
    23:42:48.207 | 362 ool-1-worker-126 | WARN  | org.eclipse.jgit.lib.Repository      : close() called when useCnt is already zero for Repository[/tmp/sourceExerciseLocalRepo15236526726638492676/.git]
    23:42:48.207 | 362 ool-1-worker-126 | WARN  | org.eclipse.jgit.lib.Repository      : close() called when useCnt is already zero for Repository[/tmp/sourceExerciseOriginRepo8335413138593768239]
    23:42:48.207 | 362 ool-1-worker-126 | WARN  | org.eclipse.jgit.lib.Repository      : close() called when useCnt is already zero for Repository[/tmp/sourceTestLocalRepo4753337299150606813/.git]
    23:42:48.207 | 362 ool-1-worker-126 | WARN  | org.eclipse.jgit.lib.Repository      : close() called when useCnt is already zero for Repository[/tmp/sourceTestOriginRepo11604940608333719277]
    23:42:48.207 | 362 ool-1-worker-126 | WARN  | org.eclipse.jgit.lib.Repository      : close() called when useCnt is already zero for Repository[/tmp/sourceSolutionLocalRepo17136425773335298423/.git]
    23:42:48.207 | 362 ool-1-worker-126 | WARN  | org.eclipse.jgit.lib.Repository      : close() called when useCnt is already zero for Repository[/tmp/sourceSolutionOriginRepo16666268729561760875]
    23:42:48.207 | 362 ool-1-worker-126 | WARN  | org.eclipse.jgit.lib.Repository      : close() called when useCnt is already zero for Repository[/tmp/sourceAuxLocalRepo8170907181525643318/.git]
    23:42:48.207 | 362 ool-1-worker-126 | WARN  | org.eclipse.jgit.lib.Repository      : close() called when useCnt is already zero for Repository[/tmp/sourceAuxOriginRepo18114469620608080356]
    23:42:48.207 | 362 ool-1-worker-126 | WARN  | org.eclipse.jgit.lib.Repository      : close() called when useCnt is already zero for Repository[/tmp/studentRepo1284512185053729139/.git]
    23:42:48.207 | 362 ool-1-worker-126 | WARN  | org.eclipse.jgit.lib.Repository      : close() called when useCnt is already zero for Repository[/tmp/studentOriginRepo3379303483872811078]
    23:42:48.207 | 362 ool-1-worker-126 | WARN  | org.eclipse.jgit.lib.Repository      : close() called when useCnt is already zero for Repository[/tmp/studentTeamRepo14719700774060802686/.git]
    23:42:48.207 | 362 ool-1-worker-126 | WARN  | org.eclipse.jgit.lib.Repository      : close() called when useCnt is already zero for Repository[/tmp/studentTeamOriginRepo9599213651707846319]

  Starting logs for ExamParticipationIntegrationTest > testRemovingAllStudentsAndParticipations()
    23:42:48.221 | 362 ool-1-worker-126 | DEBUG | d.t.c.a.a.c.u.util.UserUtilService   : Generate 3 students...
    23:42:48.226 | 362 ool-1-worker-126 | DEBUG | d.t.c.a.a.c.u.util.UserUtilService   : 3 students generated. Generate 2 tutors...
    23:42:48.230 | 362 ool-1-worker-126 | DEBUG | d.t.c.a.a.c.u.util.UserUtilService   : 2 tutors generated. Generate 0 editors...
    23:42:48.232 | 362 ool-1-worker-126 | DEBUG | d.t.c.a.a.c.u.util.UserUtilService   : 0 editors generated. Generate 1 instructors...
    23:42:48.234 | 362 ool-1-worker-126 | DEBUG | d.t.c.a.a.c.u.util.UserUtilService   : 1 instructors generated
    23:42:48.236 | 362 ool-1-worker-126 | DEBUG | d.t.c.a.a.c.u.util.UserUtilService   : Removing 6 users from all courses...
    23:42:48.237 | 362 ool-1-worker-126 | DEBUG | d.t.c.a.a.c.u.util.UserUtilService   : Removing 6 users from all courses. Done
    23:42:48.237 | 362 ool-1-worker-126 | DEBUG | d.t.c.a.a.c.u.util.UserUtilService   : Save 6 users to database...
    23:42:48.250 | 362 ool-1-worker-126 | DEBUG | d.t.c.a.a.c.u.util.UserUtilService   : Save 6 users to database. Done
    23:42:48.254 | 362 ool-1-worker-126 | INFO  | i.z.t.d.l.EmbeddedDatabaseReporter   : JDBC URL to connect to 'dataSource': url='jdbc:h2:tcp://localhost:41063/mem:736625c0-cf5e-400d-aeaa-8a7eabd6262b;USER=sa', scope='ExamParticipationIntegrationTest#testRemovingAllStudentsAndParticipations'
    23:42:48.275 | 362 ool-1-worker-126 | DEBUG | d.t.c.a.a.c.s.f.ApiVersionFilter     : Adding Version to Request POST /api/courses/203/exams/519/generate-student-exams
    23:42:48.276 | 362 ool-1-worker-126 | INFO  | d.t.c.a.a.exam.web.ExamResource      : REST request to generate student exams for exam 519
    23:42:48.294 | 362 ool-1-worker-126 | INFO  | d.t.c.a.a.e.s.ExamDeletionService    : User admin has requested to delete existing student exams and participations for exam Real exam 1
    23:42:48.298 | 362 ool-1-worker-126 | INFO  | d.t.c.a.a.e.s.ParticipationService   : Request to delete all 0 participations of exercise with id : 508
    23:42:48.301 | 362 ool-1-worker-126 | INFO  | d.t.c.a.a.e.s.ParticipationService   : Request to delete all 0 participations of exercise with id : 509
    23:42:48.304 | 362 ool-1-worker-126 | INFO  | d.t.c.a.a.e.s.ParticipationService   : Request to delete all 0 participations of exercise with id : 510
    23:42:48.305 | 362 ool-1-worker-126 | INFO  | d.t.c.a.a.e.s.ParticipationService   : Request to delete all 0 participations of exercise with id : 512
    23:42:48.310 | 362 ool-1-worker-126 | INFO  | d.t.c.a.a.e.s.ParticipationService   : Request to delete all 0 participations of exercise with id : 513
    23:42:48.312 | 362 ool-1-worker-126 | INFO  | d.t.c.a.a.e.s.ParticipationService   : Request to delete all 0 participations of exercise with id : 511
    23:42:48.314 | 362 ool-1-worker-126 | INFO  | d.t.c.a.a.e.s.ParticipationService   : Request to delete all 0 participations of exercise with id : 514
    23:42:48.315 | 362 ool-1-worker-126 | INFO  | d.t.c.a.a.e.s.ParticipationService   : Request to delete all 0 participations of exercise with id : 515
    23:42:48.317 | 362 ool-1-worker-126 | INFO  | d.t.c.a.a.e.s.ParticipationService   : Request to delete all 0 participations of exercise with id : 516
    23:42:48.319 | 362 ool-1-worker-126 | INFO  | d.t.c.a.a.e.s.ParticipationService   : Request to delete all 0 participations of exercise with id : 517
    23:42:48.321 | 362 ool-1-worker-126 | INFO  | d.t.c.a.a.e.s.ParticipationService   : Request to delete all 0 participations of exercise with id : 518
    23:42:48.322 | 362 ool-1-worker-126 | INFO  | d.t.c.a.a.e.s.ParticipationService   : Request to delete all 0 participations of exercise with id : 519
    23:42:48.324 | 362 ool-1-worker-126 | INFO  | d.t.c.a.a.e.s.ParticipationService   : Request to delete all 0 participations of exercise with id : 520
    23:42:48.325 | 362 ool-1-worker-126 | INFO  | d.t.c.a.a.e.s.ParticipationService   : Request to delete all 0 participations of exercise with id : 521
    23:42:48.327 | 362 ool-1-worker-126 | INFO  | d.t.c.a.a.e.s.ParticipationService   : Request to delete all 0 participations of exercise with id : 522
    23:42:48.330 | 362 ool-1-worker-126 | INFO  | d.t.c.a.a.exam.web.ExamResource      : Generated 3 student exams in 54.32ms for exam 519
    23:42:48.342 | 362 ool-1-worker-126 | DEBUG | d.t.c.a.a.c.s.f.ApiVersionFilter     : Adding Version to Request POST /api/courses/203/exams/519/student-exams/start-exercises
    23:42:48.349 | 362 ool-1-worker-126 | INFO  | d.t.c.a.a.e.web.StudentExamResource  : REST request to start exercises for student exams of exam 519
    23:42:48.365 | 002 ool-895-thread-1 | INFO  | d.t.c.a.a.e.s.StudentExamService     : SUCCESS: Start exercise for student exam 99 and exercise 510 and student examparticipationteststudent1
    23:42:48.369 | 003 ool-895-thread-2 | INFO  | d.t.c.a.a.e.s.StudentExamService     : SUCCESS: Start exercise for student exam 100 and exercise 512 and student examparticipationteststudent2
    23:42:48.372 | 004 ool-895-thread-3 | INFO  | d.t.c.a.a.e.s.StudentExamService     : SUCCESS: Start exercise for student exam 101 and exercise 514 and student examparticipationteststudent3
    23:42:48.379 | 002 ool-895-thread-1 | INFO  | d.t.c.a.a.e.s.StudentExamService     : SUCCESS: Start exercise for student exam 99 and exercise 512 and student examparticipationteststudent1
    23:42:48.383 | 003 ool-895-thread-2 | INFO  | d.t.c.a.a.e.s.StudentExamService     : SUCCESS: Start exercise for student exam 100 and exercise 509 and student examparticipationteststudent2
    23:42:48.384 | 004 ool-895-thread-3 | INFO  | d.t.c.a.a.e.s.StudentExamService     : SUCCESS: Start exercise for student exam 101 and exercise 512 and student examparticipationteststudent3
    23:42:48.393 | 002 ool-895-thread-1 | INFO  | d.t.c.a.a.e.s.StudentExamService     : SUCCESS: Start exercise for student exam 99 and exercise 520 and student examparticipationteststudent1
    23:42:48.396 | 003 ool-895-thread-2 | INFO  | d.t.c.a.a.e.s.StudentExamService     : SUCCESS: Start exercise for student exam 100 and exercise 514 and student examparticipationteststudent2
    23:42:48.396 | 004 ool-895-thread-3 | INFO  | d.t.c.a.a.e.s.StudentExamService     : SUCCESS: Start exercise for student exam 101 and exercise 509 and student examparticipationteststudent3
    23:42:48.410 | 004 ool-895-thread-3 | INFO  | d.t.c.a.a.e.s.StudentExamService     : SUCCESS: Start exercise for student exam 101 and exercise 522 and student examparticipationteststudent3
    23:42:48.411 | 002 ool-895-thread-1 | INFO  | d.t.c.a.a.e.s.StudentExamService     : SUCCESS: Start exercise for student exam 99 and exercise 514 and student examparticipationteststudent1
    23:42:48.415 | 003 ool-895-thread-2 | INFO  | d.t.c.a.a.e.s.StudentExamService     : SUCCESS: Start exercise for student exam 100 and exercise 517 and student examparticipationteststudent2
    23:42:48.420 | 362 ool-1-worker-126 | INFO  | d.t.c.a.a.e.web.StudentExamResource  : Generated 12 participations in 76.99ms for student exams of exam 519
    23:42:48.424 | 362 ool-1-worker-126 | DEBUG | d.t.c.a.a.c.s.f.ApiVersionFilter     : Adding Version to Request GET /api/courses/203/exams/519/student-exams/start-exercises/status
    23:42:48.445 | 362 ool-1-worker-126 | DEBUG | d.t.c.a.a.c.s.f.ApiVersionFilter     : Adding Version to Request GET /api/courses/203/exams/519/student-exams
    23:42:48.449 | 362 ool-1-worker-126 | DEBUG | d.t.c.a.a.e.web.StudentExamResource  : REST request to get all student exams for exam : 519
    23:42:48.475 | 362 ool-1-worker-126 | DEBUG | d.t.c.a.a.c.s.f.ApiVersionFilter     : Adding Version to Request DELETE /api/courses/203/exams/519/students
    23:42:48.476 | 362 ool-1-worker-126 | DEBUG | d.t.c.a.a.exam.web.ExamResource      : REST request to remove all students from exam 519 with courseId 203
    23:42:48.490 | 362 ool-1-worker-126 | INFO  | d.t.c.a.a.e.s.ParticipationService   : Request to delete Participation : StudentParticipation{id=540, presentationScore=null, student=User{login='examparticipationteststudent1', firstName='examparticipationteststudent1First', lastName='examparticipationteststudent1Last', email='examparticipationteststudent1@test.de', imageUrl='null', activated='true', langKey='en', activationKey='null'}}
    23:42:48.490 | 362 ool-1-worker-126 | DEBUG | d.t.c.a.a.e.s.ParticipationService   : Request to delete all results and submissions of participation with id : 540
    23:42:48.500 | 362 ool-1-worker-126 | INFO  | d.t.c.a.a.e.s.ParticipationService   : Request to delete Participation : StudentParticipation{id=543, presentationScore=null, student=User{login='examparticipationteststudent1', firstName='examparticipationteststudent1First', lastName='examparticipationteststudent1Last', email='examparticipationteststudent1@test.de', imageUrl='null', activated='true', langKey='en', activationKey='null'}}
    23:42:48.500 | 362 ool-1-worker-126 | DEBUG | d.t.c.a.a.e.s.ParticipationService   : Request to delete all results and submissions of participation with id : 543
    23:42:48.510 | 362 ool-1-worker-126 | INFO  | d.t.c.a.a.e.s.ParticipationService   : Request to delete Participation : StudentParticipation{id=546, presentationScore=null, student=User{login='examparticipationteststudent1', firstName='examparticipationteststudent1First', lastName='examparticipationteststudent1Last', email='examparticipationteststudent1@test.de', imageUrl='null', activated='true', langKey='en', activationKey='null'}}
    23:42:48.510 | 362 ool-1-worker-126 | DEBUG | d.t.c.a.a.e.s.ParticipationService   : Request to delete all results and submissions of participation with id : 546
    23:42:48.520 | 362 ool-1-worker-126 | INFO  | d.t.c.a.a.e.s.ParticipationService   : Request to delete Participation : StudentParticipation{id=549, presentationScore=null, student=User{login='examparticipationteststudent1', firstName='examparticipationteststudent1First', lastName='examparticipationteststudent1Last', email='examparticipationteststudent1@test.de', imageUrl='null', activated='true', langKey='en', activationKey='null'}}
    23:42:48.520 | 362 ool-1-worker-126 | DEBUG | d.t.c.a.a.e.s.ParticipationService   : Request to delete all results and submissions of participation with id : 549
    23:42:48.536 | 362 ool-1-worker-126 | INFO  | d.t.c.a.a.e.s.ParticipationService   : Request to delete Participation : StudentParticipation{id=541, presentationScore=null, student=User{login='examparticipationteststudent2', firstName='examparticipationteststudent2First', lastName='examparticipationteststudent2Last', email='examparticipationteststudent2@test.de', imageUrl='null', activated='true', langKey='en', activationKey='null'}}
    23:42:48.536 | 362 ool-1-worker-126 | DEBUG | d.t.c.a.a.e.s.ParticipationService   : Request to delete all results and submissions of participation with id : 541
    23:42:48.546 | 362 ool-1-worker-126 | INFO  | d.t.c.a.a.e.s.ParticipationService   : Request to delete Participation : StudentParticipation{id=544, presentationScore=null, student=User{login='examparticipationteststudent2', firstName='examparticipationteststudent2First', lastName='examparticipationteststudent2Last', email='examparticipationteststudent2@test.de', imageUrl='null', activated='true', langKey='en', activationKey='null'}}
    23:42:48.546 | 362 ool-1-worker-126 | DEBUG | d.t.c.a.a.e.s.ParticipationService   : Request to delete all results and submissions of participation with id : 544
    23:42:48.556 | 362 ool-1-worker-126 | INFO  | d.t.c.a.a.e.s.ParticipationService   : Request to delete Participation : StudentParticipation{id=547, presentationScore=null, student=User{login='examparticipationteststudent2', firstName='examparticipationteststudent2First', lastName='examparticipationteststudent2Last', email='examparticipationteststudent2@test.de', imageUrl='null', activated='true', langKey='en', activationKey='null'}}
    23:42:48.556 | 362 ool-1-worker-126 | DEBUG | d.t.c.a.a.e.s.ParticipationService   : Request to delete all results and submissions of participation with id : 547
    23:42:48.569 | 362 ool-1-worker-126 | INFO  | d.t.c.a.a.e.s.ParticipationService   : Request to delete Participation : StudentParticipation{id=550, presentationScore=null, student=User{login='examparticipationteststudent2', firstName='examparticipationteststudent2First', lastName='examparticipationteststudent2Last', email='examparticipationteststudent2@test.de', imageUrl='null', activated='true', langKey='en', activationKey='null'}}
    23:42:48.569 | 362 ool-1-worker-126 | DEBUG | d.t.c.a.a.e.s.ParticipationService   : Request to delete all results and submissions of participation with id : 550
    23:42:48.586 | 362 ool-1-worker-126 | INFO  | d.t.c.a.a.e.s.ParticipationService   : Request to delete Participation : StudentParticipation{id=542, presentationScore=null, student=User{login='examparticipationteststudent3', firstName='examparticipationteststudent3First', lastName='examparticipationteststudent3Last', email='examparticipationteststudent3@test.de', imageUrl='null', activated='true', langKey='en', activationKey='null'}}
    23:42:48.586 | 362 ool-1-worker-126 | DEBUG | d.t.c.a.a.e.s.ParticipationService   : Request to delete all results and submissions of participation with id : 542
    23:42:48.595 | 362 ool-1-worker-126 | INFO  | d.t.c.a.a.e.s.ParticipationService   : Request to delete Participation : StudentParticipation{id=545, presentationScore=null, student=User{login='examparticipationteststudent3', firstName='examparticipationteststudent3First', lastName='examparticipationteststudent3Last', email='examparticipationteststudent3@test.de', imageUrl='null', activated='true', langKey='en', activationKey='null'}}
    23:42:48.595 | 362 ool-1-worker-126 | DEBUG | d.t.c.a.a.e.s.ParticipationService   : Request to delete all results and submissions of participation with id : 545
    23:42:48.604 | 362 ool-1-worker-126 | INFO  | d.t.c.a.a.e.s.ParticipationService   : Request to delete Participation : StudentParticipation{id=548, presentationScore=null, student=User{login='examparticipationteststudent3', firstName='examparticipationteststudent3First', lastName='examparticipationteststudent3Last', email='examparticipationteststudent3@test.de', imageUrl='null', activated='true', langKey='en', activationKey='null'}}
    23:42:48.604 | 362 ool-1-worker-126 | DEBUG | d.t.c.a.a.e.s.ParticipationService   : Request to delete all results and submissions of participation with id : 548
    23:42:48.609 | 362 ool-1-worker-126 | INFO  | d.t.c.a.a.e.s.ParticipationService   : Request to delete Participation : StudentParticipation{id=551, presentationScore=null, student=User{login='examparticipationteststudent3', firstName='examparticipationteststudent3First', lastName='examparticipationteststudent3Last', email='examparticipationteststudent3@test.de', imageUrl='null', activated='true', langKey='en', activationKey='null'}}
    23:42:48.609 | 362 ool-1-worker-126 | DEBUG | d.t.c.a.a.e.s.ParticipationService   : Request to delete all results and submissions of participation with id : 551
    23:42:48.616 | 362 ool-1-worker-126 | INFO  | .t.c.a.a.e.s.ExamRegistrationService : User admin has removed all users from the exam Real exam 1 with id 519. This also deleted potentially existing student exams with all its participations and submissions.
    23:42:48.618 | 362 ool-1-worker-126 | DEBUG | d.t.c.a.a.c.s.f.ApiVersionFilter     : Adding Version to Request GET /api/courses/203/exams/519
    23:42:48.619 | 362 ool-1-worker-126 | DEBUG | d.t.c.a.a.exam.web.ExamResource      : REST request to get exam : 519
    23:42:48.624 | 362 ool-1-worker-126 | DEBUG | d.t.c.a.a.c.s.f.ApiVersionFilter     : Adding Version to Request GET /api/courses/203/exams/519/student-exams
    23:42:48.624 | 362 ool-1-worker-126 | DEBUG | d.t.c.a.a.e.web.StudentExamResource  : REST request to get all student exams for exam : 519

  Starting logs for ExamParticipationIntegrationTest > testDeleteStudentWithParticipationsAndSubmissions()
    23:42:48.652 | 362 ool-1-worker-126 | DEBUG | d.t.c.a.a.c.u.util.UserUtilService   : Generate 3 students...
    23:42:48.657 | 362 ool-1-worker-126 | DEBUG | d.t.c.a.a.c.u.util.UserUtilService   : 3 students generated. Generate 2 tutors...
    23:42:48.661 | 362 ool-1-worker-126 | DEBUG | d.t.c.a.a.c.u.util.UserUtilService   : 2 tutors generated. Generate 0 editors...
    23:42:48.663 | 362 ool-1-worker-126 | DEBUG | d.t.c.a.a.c.u.util.UserUtilService   : 0 editors generated. Generate 1 instructors...
    23:42:48.666 | 362 ool-1-worker-126 | DEBUG | d.t.c.a.a.c.u.util.UserUtilService   : 1 instructors generated
    23:42:48.667 | 362 ool-1-worker-126 | DEBUG | d.t.c.a.a.c.u.util.UserUtilService   : Removing 6 users from all courses...
    23:42:48.668 | 362 ool-1-worker-126 | DEBUG | d.t.c.a.a.c.u.util.UserUtilService   : Removing 6 users from all courses. Done
    23:42:48.668 | 362 ool-1-worker-126 | DEBUG | d.t.c.a.a.c.u.util.UserUtilService   : Save 6 users to database...
    23:42:48.673 | 362 ool-1-worker-126 | DEBUG | d.t.c.a.a.c.u.util.UserUtilService   : Save 6 users to database. Done
    23:42:48.677 | 362 ool-1-worker-126 | INFO  | i.z.t.d.l.EmbeddedDatabaseReporter   : JDBC URL to connect to 'dataSource': url='jdbc:h2:tcp://localhost:41063/mem:736625c0-cf5e-400d-aeaa-8a7eabd6262b;USER=sa', scope='ExamParticipationIntegrationTest#testDeleteStudentWithParticipationsAndSubmissions'
    23:42:48.699 | 362 ool-1-worker-126 | DEBUG | d.t.c.a.a.c.s.f.ApiVersionFilter     : Adding Version to Request POST /api/courses/204/exams/520/generate-student-exams
    23:42:48.699 | 362 ool-1-worker-126 | INFO  | d.t.c.a.a.exam.web.ExamResource      : REST request to generate student exams for exam 520
    23:42:48.708 | 362 ool-1-worker-126 | INFO  | d.t.c.a.a.e.s.ExamDeletionService    : User examparticipationtestinstructor1 has requested to delete existing student exams and participations for exam Real exam 1
    23:42:48.709 | 362 ool-1-worker-126 | INFO  | d.t.c.a.a.e.s.ParticipationService   : Request to delete all 0 participations of exercise with id : 523
    23:42:48.710 | 362 ool-1-worker-126 | INFO  | d.t.c.a.a.e.s.ParticipationService   : Request to delete all 0 participations of exercise with id : 524
    23:42:48.711 | 362 ool-1-worker-126 | INFO  | d.t.c.a.a.e.s.ParticipationService   : Request to delete all 0 participations of exercise with id : 525
    23:42:48.713 | 362 ool-1-worker-126 | INFO  | d.t.c.a.a.e.s.ParticipationService   : Request to delete all 0 participations of exercise with id : 528
    23:42:48.714 | 362 ool-1-worker-126 | INFO  | d.t.c.a.a.e.s.ParticipationService   : Request to delete all 0 participations of exercise with id : 526
    23:42:48.715 | 362 ool-1-worker-126 | INFO  | d.t.c.a.a.e.s.ParticipationService   : Request to delete all 0 participations of exercise with id : 527
    23:42:48.716 | 362 ool-1-worker-126 | INFO  | d.t.c.a.a.e.s.ParticipationService   : Request to delete all 0 participations of exercise with id : 529
    23:42:48.718 | 362 ool-1-worker-126 | INFO  | d.t.c.a.a.e.s.ParticipationService   : Request to delete all 0 participations of exercise with id : 530
    23:42:48.719 | 362 ool-1-worker-126 | INFO  | d.t.c.a.a.e.s.ParticipationService   : Request to delete all 0 participations of exercise with id : 531
    23:42:48.723 | 362 ool-1-worker-126 | INFO  | d.t.c.a.a.e.s.ParticipationService   : Request to delete all 0 participations of exercise with id : 532
    23:42:48.724 | 362 ool-1-worker-126 | INFO  | d.t.c.a.a.e.s.ParticipationService   : Request to delete all 0 participations of exercise with id : 533
    23:42:48.727 | 362 ool-1-worker-126 | INFO  | d.t.c.a.a.e.s.ParticipationService   : Request to delete all 0 participations of exercise with id : 534
    23:42:48.728 | 362 ool-1-worker-126 | INFO  | d.t.c.a.a.e.s.ParticipationService   : Request to delete all 0 participations of exercise with id : 535
    23:42:48.732 | 362 ool-1-worker-126 | INFO  | d.t.c.a.a.e.s.ParticipationService   : Request to delete all 0 participations of exercise with id : 536
    23:42:48.733 | 362 ool-1-worker-126 | INFO  | d.t.c.a.a.e.s.ParticipationService   : Request to delete all 0 participations of exercise with id : 537
    23:42:48.740 | 362 ool-1-worker-126 | INFO  | d.t.c.a.a.exam.web.ExamResource      : Generated 3 student exams in 41.13ms for exam 520
    23:42:48.770 | 362 ool-1-worker-126 | DEBUG | d.t.c.a.a.c.s.f.ApiVersionFilter     : Adding Version to Request POST /api/courses/204/exams/520/student-exams/start-exercises
    23:42:48.782 | 362 ool-1-worker-126 | INFO  | d.t.c.a.a.e.web.StudentExamResource  : REST request to start exercises for student exams of exam 520
    23:42:48.813 | 009 ool-896-thread-3 | INFO  | d.t.c.a.a.e.s.StudentExamService     : SUCCESS: Start exercise for student exam 104 and exercise 525 and student examparticipationteststudent3
    23:42:48.815 | 007 ool-896-thread-1 | INFO  | d.t.c.a.a.e.s.StudentExamService     : SUCCESS: Start exercise for student exam 102 and exercise 525 and student examparticipationteststudent1
    23:42:48.820 | 008 ool-896-thread-2 | INFO  | d.t.c.a.a.e.s.StudentExamService     : SUCCESS: Start exercise for student exam 103 and exercise 523 and student examparticipationteststudent2
    23:42:48.831 | 009 ool-896-thread-3 | INFO  | d.t.c.a.a.e.s.StudentExamService     : SUCCESS: Start exercise for student exam 104 and exercise 534 and student examparticipationteststudent3
    23:42:48.834 | 008 ool-896-thread-2 | INFO  | d.t.c.a.a.e.s.StudentExamService     : SUCCESS: Start exercise for student exam 103 and exercise 536 and student examparticipationteststudent2
    23:42:48.836 | 007 ool-896-thread-1 | INFO  | d.t.c.a.a.e.s.StudentExamService     : SUCCESS: Start exercise for student exam 102 and exercise 527 and student examparticipationteststudent1
    23:42:48.847 | 008 ool-896-thread-2 | INFO  | d.t.c.a.a.e.s.StudentExamService     : SUCCESS: Start exercise for student exam 103 and exercise 528 and student examparticipationteststudent2
    23:42:48.848 | 009 ool-896-thread-3 | INFO  | d.t.c.a.a.e.s.StudentExamService     : SUCCESS: Start exercise for student exam 104 and exercise 527 and student examparticipationteststudent3
    23:42:48.850 | 007 ool-896-thread-1 | INFO  | d.t.c.a.a.e.s.StudentExamService     : SUCCESS: Start exercise for student exam 102 and exercise 535 and student examparticipationteststudent1
    23:42:48.861 | 008 ool-896-thread-2 | INFO  | d.t.c.a.a.e.s.StudentExamService     : SUCCESS: Start exercise for student exam 103 and exercise 531 and student examparticipationteststudent2
    23:42:48.862 | 007 ool-896-thread-1 | INFO  | d.t.c.a.a.e.s.StudentExamService     : SUCCESS: Start exercise for student exam 102 and exercise 530 and student examparticipationteststudent1
    23:42:48.863 | 009 ool-896-thread-3 | INFO  | d.t.c.a.a.e.s.StudentExamService     : SUCCESS: Start exercise for student exam 104 and exercise 531 and student examparticipationteststudent3
    23:42:48.865 | 362 ool-1-worker-126 | INFO  | d.t.c.a.a.e.web.StudentExamResource  : Generated 12 participations in 94.64ms for student exams of exam 520
    23:42:48.867 | 362 ool-1-worker-126 | DEBUG | d.t.c.a.a.c.s.f.ApiVersionFilter     : Adding Version to Request GET /api/courses/204/exams/520/student-exams/start-exercises/status
    23:42:48.883 | 362 ool-1-worker-126 | DEBUG | d.t.c.a.a.c.s.f.ApiVersionFilter     : Adding Version to Request DELETE /api/courses/204/exams/520/students/examparticipationteststudent1
    23:42:48.887 | 362 ool-1-worker-126 | DEBUG | d.t.c.a.a.exam.web.ExamResource      : REST request to remove examparticipationteststudent1 as student from exam : 520
    23:42:48.904 | 362 ool-1-worker-126 | INFO  | d.t.c.a.a.e.s.ParticipationService   : Request to delete Participation : StudentParticipation{id=552, presentationScore=null, student=User{login='examparticipationteststudent1', firstName='examparticipationteststudent1First', lastName='examparticipationteststudent1Last', email='examparticipationteststudent1@test.de', imageUrl='null', activated='true', langKey='en', activationKey='null'}}
    23:42:48.905 | 362 ool-1-worker-126 | DEBUG | d.t.c.a.a.e.s.ParticipationService   : Request to delete all results and submissions of participation with id : 552
    23:42:48.910 | 362 ool-1-worker-126 | INFO  | d.t.c.a.a.e.s.ParticipationService   : Request to delete Participation : StudentParticipation{id=556, presentationScore=null, student=User{login='examparticipationteststudent1', firstName='examparticipationteststudent1First', lastName='examparticipationteststudent1Last', email='examparticipationteststudent1@test.de', imageUrl='null', activated='true', langKey='en', activationKey='null'}}
    23:42:48.910 | 362 ool-1-worker-126 | DEBUG | d.t.c.a.a.e.s.ParticipationService   : Request to delete all results and submissions of participation with id : 556
    23:42:48.915 | 362 ool-1-worker-126 | INFO  | d.t.c.a.a.e.s.ParticipationService   : Request to delete Participation : StudentParticipation{id=560, presentationScore=null, student=User{login='examparticipationteststudent1', firstName='examparticipationteststudent1First', lastName='examparticipationteststudent1Last', email='examparticipationteststudent1@test.de', imageUrl='null', activated='true', langKey='en', activationKey='null'}}
    23:42:48.915 | 362 ool-1-worker-126 | DEBUG | d.t.c.a.a.e.s.ParticipationService   : Request to delete all results and submissions of participation with id : 560
    23:42:48.919 | 362 ool-1-worker-126 | INFO  | d.t.c.a.a.e.s.ParticipationService   : Request to delete Participation : StudentParticipation{id=563, presentationScore=null, student=User{login='examparticipationteststudent1', firstName='examparticipationteststudent1First', lastName='examparticipationteststudent1Last', email='examparticipationteststudent1@test.de', imageUrl='null', activated='true', langKey='en', activationKey='null'}}
    23:42:48.919 | 362 ool-1-worker-126 | DEBUG | d.t.c.a.a.e.s.ParticipationService   : Request to delete all results and submissions of participation with id : 563
    23:42:48.926 | 362 ool-1-worker-126 | INFO  | .t.c.a.a.e.s.ExamRegistrationService : User examparticipationtestinstructor1 has removed user examparticipationteststudent1 from the exam Real exam 1 with id 520. This also deleted a potentially existing student exam with all its participations and submissions.
    23:42:48.928 | 362 ool-1-worker-126 | DEBUG | d.t.c.a.a.c.s.f.ApiVersionFilter     : Adding Version to Request GET /api/courses/204/exams/520
    23:42:48.929 | 362 ool-1-worker-126 | DEBUG | d.t.c.a.a.exam.web.ExamResource      : REST request to get exam : 520
    23:42:48.935 | 362 ool-1-worker-126 | DEBUG | d.t.c.a.a.c.s.f.ApiVersionFilter     : Adding Version to Request GET /api/courses/204/exams/520/student-exams
    23:42:48.936 | 362 ool-1-worker-126 | DEBUG | d.t.c.a.a.e.web.StudentExamResource  : REST request to get all student exams for exam : 520
    23:42:48.941 | 362 ool-1-worker-126 | DEBUG | d.t.c.a.a.c.s.f.ApiVersionFilter     : Adding Version to Request DELETE /api/courses/204/exams/520
    23:42:48.942 | 362 ool-1-worker-126 | INFO  | d.t.c.a.a.exam.web.ExamResource      : REST request to delete exam : 520
    23:42:48.947 | 362 ool-1-worker-126 | INFO  | d.t.c.a.a.e.s.ExamDeletionService    : User examparticipationtestinstructor1 has requested to delete the exam Real exam 1
    23:42:48.951 | 362 ool-1-worker-126 | INFO  | .t.c.a.a.e.s.ExerciseDeletionService : Request to delete TextExercise with id 523
    23:42:48.952 | 362 ool-1-worker-126 | INFO  | .t.c.a.a.e.s.ExerciseDeletionService : Deleting the channel took 343µs
    23:42:48.952 | 362 ool-1-worker-126 | INFO  | .t.c.a.a.e.s.ExerciseDeletionService : Cancel scheduled operations of exercise 523
    23:42:48.952 | 362 ool-1-worker-126 | INFO  | .c.s.m.InstanceMessageReceiveService : Received schedule cancel for potential Athena exercise 523
    23:42:48.953 | 362 ool-1-worker-126 | INFO  | d.t.c.a.a.e.s.ParticipationService   : Request to delete all 1 participations of exercise with id : 523
    23:42:48.954 | 362 ool-1-worker-126 | INFO  | d.t.c.a.a.e.s.ParticipationService   : Request to delete Participation : StudentParticipation{id=553, presentationScore=null, student=User{login='examparticipationteststudent2', firstName='examparticipationteststudent2First', lastName='examparticipationteststudent2Last', email='examparticipationteststudent2@test.de', imageUrl='null', activated='true', langKey='en', activationKey='null'}}
    23:42:48.954 | 362 ool-1-worker-126 | DEBUG | d.t.c.a.a.e.s.ParticipationService   : Request to delete all results and submissions of participation with id : 553
    23:42:48.969 | 362 ool-1-worker-126 | INFO  | .c.a.a.c.s.TitleCacheEvictionService : Evicted entry '523' from title cache 'exerciseTitle'
    23:42:48.970 | 362 ool-1-worker-126 | INFO  | .t.c.a.a.e.s.ExerciseDeletionService : Request to delete TextExercise with id 524
    23:42:48.971 | 362 ool-1-worker-126 | INFO  | .t.c.a.a.e.s.ExerciseDeletionService : Deleting the channel took 343µs
    23:42:48.971 | 362 ool-1-worker-126 | INFO  | .t.c.a.a.e.s.ExerciseDeletionService : Cancel scheduled operations of exercise 524
    23:42:48.971 | 362 ool-1-worker-126 | INFO  | .c.s.m.InstanceMessageReceiveService : Received schedule cancel for potential Athena exercise 524
    23:42:48.972 | 362 ool-1-worker-126 | INFO  | d.t.c.a.a.e.s.ParticipationService   : Request to delete all 0 participations of exercise with id : 524
    23:42:48.983 | 362 ool-1-worker-126 | INFO  | .c.a.a.c.s.TitleCacheEvictionService : Evicted entry '524' from title cache 'exerciseTitle'
    23:42:48.984 | 362 ool-1-worker-126 | INFO  | .t.c.a.a.e.s.ExerciseDeletionService : Request to delete TextExercise with id 525
    23:42:48.985 | 362 ool-1-worker-126 | INFO  | .t.c.a.a.e.s.ExerciseDeletionService : Deleting the channel took 315µs
    23:42:48.985 | 362 ool-1-worker-126 | INFO  | .t.c.a.a.e.s.ExerciseDeletionService : Cancel scheduled operations of exercise 525
    23:42:48.985 | 362 ool-1-worker-126 | INFO  | .c.s.m.InstanceMessageReceiveService : Received schedule cancel for potential Athena exercise 525
    23:42:48.986 | 362 ool-1-worker-126 | INFO  | d.t.c.a.a.e.s.ParticipationService   : Request to delete all 1 participations of exercise with id : 525
    23:42:48.987 | 362 ool-1-worker-126 | INFO  | d.t.c.a.a.e.s.ParticipationService   : Request to delete Participation : StudentParticipation{id=554, presentationScore=null, student=User{login='examparticipationteststudent3', firstName='examparticipationteststudent3First', lastName='examparticipationteststudent3Last', email='examparticipationteststudent3@test.de', imageUrl='null', activated='true', langKey='en', activationKey='null'}}
    23:42:48.987 | 362 ool-1-worker-126 | DEBUG | d.t.c.a.a.e.s.ParticipationService   : Request to delete all results and submissions of participation with id : 554
    23:42:49.001 | 362 ool-1-worker-126 | INFO  | .c.a.a.c.s.TitleCacheEvictionService : Evicted entry '525' from title cache 'exerciseTitle'
    23:42:49.003 | 362 ool-1-worker-126 | INFO  | .t.c.a.a.e.s.ExerciseDeletionService : Request to delete TextExercise with id 528
    23:42:49.003 | 362 ool-1-worker-126 | INFO  | .t.c.a.a.e.s.ExerciseDeletionService : Deleting the channel took 344µs
    23:42:49.003 | 362 ool-1-worker-126 | INFO  | .t.c.a.a.e.s.ExerciseDeletionService : Cancel scheduled operations of exercise 528
    23:42:49.003 | 362 ool-1-worker-126 | INFO  | .c.s.m.InstanceMessageReceiveService : Received schedule cancel for potential Athena exercise 528
    23:42:49.005 | 362 ool-1-worker-126 | INFO  | d.t.c.a.a.e.s.ParticipationService   : Request to delete all 1 participations of exercise with id : 528
    23:42:49.006 | 362 ool-1-worker-126 | INFO  | d.t.c.a.a.e.s.ParticipationService   : Request to delete Participation : StudentParticipation{id=559, presentationScore=null, student=User{login='examparticipationteststudent2', firstName='examparticipationteststudent2First', lastName='examparticipationteststudent2Last', email='examparticipationteststudent2@test.de', imageUrl='null', activated='true', langKey='en', activationKey='null'}}
    23:42:49.006 | 362 ool-1-worker-126 | DEBUG | d.t.c.a.a.e.s.ParticipationService   : Request to delete all results and submissions of participation with id : 559
    23:42:49.020 | 362 ool-1-worker-126 | INFO  | .c.a.a.c.s.TitleCacheEvictionService : Evicted entry '528' from title cache 'exerciseTitle'
    23:42:49.022 | 362 ool-1-worker-126 | INFO  | .t.c.a.a.e.s.ExerciseDeletionService : Request to delete TextExercise with id 526
    23:42:49.022 | 362 ool-1-worker-126 | INFO  | .t.c.a.a.e.s.ExerciseDeletionService : Deleting the channel took 355µs
    23:42:49.022 | 362 ool-1-worker-126 | INFO  | .t.c.a.a.e.s.ExerciseDeletionService : Cancel scheduled operations of exercise 526
    23:42:49.023 | 362 ool-1-worker-126 | INFO  | .c.s.m.InstanceMessageReceiveService : Received schedule cancel for potential Athena exercise 526
    23:42:49.024 | 362 ool-1-worker-126 | INFO  | d.t.c.a.a.e.s.ParticipationService   : Request to delete all 0 participations of exercise with id : 526
    23:42:49.034 | 362 ool-1-worker-126 | INFO  | .c.a.a.c.s.TitleCacheEvictionService : Evicted entry '526' from title cache 'exerciseTitle'
    23:42:49.035 | 362 ool-1-worker-126 | INFO  | .t.c.a.a.e.s.ExerciseDeletionService : Request to delete TextExercise with id 527
    23:42:49.035 | 362 ool-1-worker-126 | INFO  | .t.c.a.a.e.s.ExerciseDeletionService : Deleting the channel took 327µs
    23:42:49.035 | 362 ool-1-worker-126 | INFO  | .t.c.a.a.e.s.ExerciseDeletionService : Cancel scheduled operations of exercise 527
    23:42:49.036 | 362 ool-1-worker-126 | INFO  | .c.s.m.InstanceMessageReceiveService : Received schedule cancel for potential Athena exercise 527
    23:42:49.037 | 362 ool-1-worker-126 | INFO  | d.t.c.a.a.e.s.ParticipationService   : Request to delete all 1 participations of exercise with id : 527
    23:42:49.038 | 362 ool-1-worker-126 | INFO  | d.t.c.a.a.e.s.ParticipationService   : Request to delete Participation : StudentParticipation{id=558, presentationScore=null, student=User{login='examparticipationteststudent3', firstName='examparticipationteststudent3First', lastName='examparticipationteststudent3Last', email='examparticipationteststudent3@test.de', imageUrl='null', activated='true', langKey='en', activationKey='null'}}
    23:42:49.038 | 362 ool-1-worker-126 | DEBUG | d.t.c.a.a.e.s.ParticipationService   : Request to delete all results and submissions of participation with id : 558
    23:42:49.052 | 362 ool-1-worker-126 | INFO  | .c.a.a.c.s.TitleCacheEvictionService : Evicted entry '527' from title cache 'exerciseTitle'
    23:42:49.053 | 362 ool-1-worker-126 | INFO  | .t.c.a.a.e.s.ExerciseDeletionService : Request to delete TextExercise with id 529
    23:42:49.054 | 362 ool-1-worker-126 | INFO  | .t.c.a.a.e.s.ExerciseDeletionService : Deleting the channel took 361µs
    23:42:49.054 | 362 ool-1-worker-126 | INFO  | .t.c.a.a.e.s.ExerciseDeletionService : Cancel scheduled operations of exercise 529
    23:42:49.054 | 362 ool-1-worker-126 | INFO  | .c.s.m.InstanceMessageReceiveService : Received schedule cancel for potential Athena exercise 529
    23:42:49.055 | 362 ool-1-worker-126 | INFO  | d.t.c.a.a.e.s.ParticipationService   : Request to delete all 0 participations of exercise with id : 529
    23:42:49.064 | 362 ool-1-worker-126 | INFO  | .c.a.a.c.s.TitleCacheEvictionService : Evicted entry '529' from title cache 'exerciseTitle'
    23:42:49.067 | 362 ool-1-worker-126 | INFO  | .t.c.a.a.e.s.ExerciseDeletionService : Request to delete TextExercise with id 530
    23:42:49.067 | 362 ool-1-worker-126 | INFO  | .t.c.a.a.e.s.ExerciseDeletionService : Deleting the channel took 343µs
    23:42:49.067 | 362 ool-1-worker-126 | INFO  | .t.c.a.a.e.s.ExerciseDeletionService : Cancel scheduled operations of exercise 530
    23:42:49.067 | 362 ool-1-worker-126 | INFO  | .c.s.m.InstanceMessageReceiveService : Received schedule cancel for potential Athena exercise 530
    23:42:49.070 | 362 ool-1-worker-126 | INFO  | d.t.c.a.a.e.s.ParticipationService   : Request to delete all 0 participations of exercise with id : 530
    23:42:49.081 | 362 ool-1-worker-126 | INFO  | .c.a.a.c.s.TitleCacheEvictionService : Evicted entry '530' from title cache 'exerciseTitle'
    23:42:49.083 | 362 ool-1-worker-126 | INFO  | .t.c.a.a.e.s.ExerciseDeletionService : Request to delete TextExercise with id 531
    23:42:49.083 | 362 ool-1-worker-126 | INFO  | .t.c.a.a.e.s.ExerciseDeletionService : Deleting the channel took 342µs
    23:42:49.083 | 362 ool-1-worker-126 | INFO  | .t.c.a.a.e.s.ExerciseDeletionService : Cancel scheduled operations of exercise 531
    23:42:49.083 | 362 ool-1-worker-126 | INFO  | .c.s.m.InstanceMessageReceiveService : Received schedule cancel for potential Athena exercise 531
    23:42:49.085 | 362 ool-1-worker-126 | INFO  | d.t.c.a.a.e.s.ParticipationService   : Request to delete all 2 participations of exercise with id : 531
    23:42:49.085 | 362 ool-1-worker-126 | INFO  | d.t.c.a.a.e.s.ParticipationService   : Request to delete Participation : StudentParticipation{id=561, presentationScore=null, student=User{login='examparticipationteststudent2', firstName='examparticipationteststudent2First', lastName='examparticipationteststudent2Last', email='examparticipationteststudent2@test.de', imageUrl='null', activated='true', langKey='en', activationKey='null'}}
    23:42:49.086 | 362 ool-1-worker-126 | DEBUG | d.t.c.a.a.e.s.ParticipationService   : Request to delete all results and submissions of participation with id : 561
    23:42:49.090 | 362 ool-1-worker-126 | INFO  | d.t.c.a.a.e.s.ParticipationService   : Request to delete Participation : StudentParticipation{id=562, presentationScore=null, student=User{login='examparticipationteststudent3', firstName='examparticipationteststudent3First', lastName='examparticipationteststudent3Last', email='examparticipationteststudent3@test.de', imageUrl='null', activated='true', langKey='en', activationKey='null'}}
    23:42:49.090 | 362 ool-1-worker-126 | DEBUG | d.t.c.a.a.e.s.ParticipationService   : Request to delete all results and submissions of participation with id : 562
    23:42:49.109 | 362 ool-1-worker-126 | INFO  | .c.a.a.c.s.TitleCacheEvictionService : Evicted entry '531' from title cache 'exerciseTitle'
    23:42:49.111 | 362 ool-1-worker-126 | INFO  | .t.c.a.a.e.s.ExerciseDeletionService : Request to delete TextExercise with id 532
    23:42:49.111 | 362 ool-1-worker-126 | INFO  | .t.c.a.a.e.s.ExerciseDeletionService : Deleting the channel took 368µs
    23:42:49.111 | 362 ool-1-worker-126 | INFO  | .t.c.a.a.e.s.ExerciseDeletionService : Cancel scheduled operations of exercise 532
    23:42:49.111 | 362 ool-1-worker-126 | INFO  | .c.s.m.InstanceMessageReceiveService : Received schedule cancel for potential Athena exercise 532
    23:42:49.115 | 362 ool-1-worker-126 | INFO  | d.t.c.a.a.e.s.ParticipationService   : Request to delete all 0 participations of exercise with id : 532
    23:42:49.134 | 362 ool-1-worker-126 | INFO  | .c.a.a.c.s.TitleCacheEvictionService : Evicted entry '532' from title cache 'exerciseTitle'
    23:42:49.136 | 362 ool-1-worker-126 | INFO  | .t.c.a.a.e.s.ExerciseDeletionService : Request to delete TextExercise with id 533
    23:42:49.136 | 362 ool-1-worker-126 | INFO  | .t.c.a.a.e.s.ExerciseDeletionService : Deleting the channel took 310µs
    23:42:49.136 | 362 ool-1-worker-126 | INFO  | .t.c.a.a.e.s.ExerciseDeletionService : Cancel scheduled operations of exercise 533
    23:42:49.136 | 362 ool-1-worker-126 | INFO  | .c.s.m.InstanceMessageReceiveService : Received schedule cancel for potential Athena exercise 533
    23:42:49.137 | 362 ool-1-worker-126 | INFO  | d.t.c.a.a.e.s.ParticipationService   : Request to delete all 0 participations of exercise with id : 533
    23:42:49.145 | 362 ool-1-worker-126 | INFO  | .c.a.a.c.s.TitleCacheEvictionService : Evicted entry '533' from title cache 'exerciseTitle'
    23:42:49.146 | 362 ool-1-worker-126 | INFO  | .t.c.a.a.e.s.ExerciseDeletionService : Request to delete TextExercise with id 534
    23:42:49.146 | 362 ool-1-worker-126 | INFO  | .t.c.a.a.e.s.ExerciseDeletionService : Deleting the channel took 238µs
    23:42:49.146 | 362 ool-1-worker-126 | INFO  | .t.c.a.a.e.s.ExerciseDeletionService : Cancel scheduled operations of exercise 534
    23:42:49.146 | 362 ool-1-worker-126 | INFO  | .c.s.m.InstanceMessageReceiveService : Received schedule cancel for potential Athena exercise 534
    23:42:49.148 | 362 ool-1-worker-126 | INFO  | d.t.c.a.a.e.s.ParticipationService   : Request to delete all 1 participations of exercise with id : 534
    23:42:49.148 | 362 ool-1-worker-126 | INFO  | d.t.c.a.a.e.s.ParticipationService   : Request to delete Participation : StudentParticipation{id=555, presentationScore=null, student=User{login='examparticipationteststudent3', firstName='examparticipationteststudent3First', lastName='examparticipationteststudent3Last', email='examparticipationteststudent3@test.de', imageUrl='null', activated='true', langKey='en', activationKey='null'}}
    23:42:49.148 | 362 ool-1-worker-126 | DEBUG | d.t.c.a.a.e.s.ParticipationService   : Request to delete all results and submissions of participation with id : 555
    23:42:49.159 | 362 ool-1-worker-126 | INFO  | .c.a.a.c.s.TitleCacheEvictionService : Evicted entry '534' from title cache 'exerciseTitle'
    23:42:49.161 | 362 ool-1-worker-126 | INFO  | .t.c.a.a.e.s.ExerciseDeletionService : Request to delete TextExercise with id 535
    23:42:49.161 | 362 ool-1-worker-126 | INFO  | .t.c.a.a.e.s.ExerciseDeletionService : Deleting the channel took 390µs
    23:42:49.161 | 362 ool-1-worker-126 | INFO  | .t.c.a.a.e.s.ExerciseDeletionService : Cancel scheduled operations of exercise 535
    23:42:49.161 | 362 ool-1-worker-126 | INFO  | .c.s.m.InstanceMessageReceiveService : Received schedule cancel for potential Athena exercise 535
    23:42:49.163 | 362 ool-1-worker-126 | INFO  | d.t.c.a.a.e.s.ParticipationService   : Request to delete all 0 participations of exercise with id : 535
    23:42:49.175 | 362 ool-1-worker-126 | INFO  | .c.a.a.c.s.TitleCacheEvictionService : Evicted entry '535' from title cache 'exerciseTitle'
    23:42:49.178 | 362 ool-1-worker-126 | INFO  | .t.c.a.a.e.s.ExerciseDeletionService : Request to delete TextExercise with id 536
    23:42:49.178 | 362 ool-1-worker-126 | INFO  | .t.c.a.a.e.s.ExerciseDeletionService : Deleting the channel took 254µs
    23:42:49.178 | 362 ool-1-worker-126 | INFO  | .t.c.a.a.e.s.ExerciseDeletionService : Cancel scheduled operations of exercise 536
    23:42:49.179 | 362 ool-1-worker-126 | INFO  | .c.s.m.InstanceMessageReceiveService : Received schedule cancel for potential Athena exercise 536
    23:42:49.180 | 362 ool-1-worker-126 | INFO  | d.t.c.a.a.e.s.ParticipationService   : Request to delete all 1 participations of exercise with id : 536
    23:42:49.180 | 362 ool-1-worker-126 | INFO  | d.t.c.a.a.e.s.ParticipationService   : Request to delete Participation : StudentParticipation{id=557, presentationScore=null, student=User{login='examparticipationteststudent2', firstName='examparticipationteststudent2First', lastName='examparticipationteststudent2Last', email='examparticipationteststudent2@test.de', imageUrl='null', activated='true', langKey='en', activationKey='null'}}
    23:42:49.180 | 362 ool-1-worker-126 | DEBUG | d.t.c.a.a.e.s.ParticipationService   : Request to delete all results and submissions of participation with id : 557
    23:42:49.194 | 362 ool-1-worker-126 | INFO  | .c.a.a.c.s.TitleCacheEvictionService : Evicted entry '536' from title cache 'exerciseTitle'
    23:42:49.195 | 362 ool-1-worker-126 | INFO  | .t.c.a.a.e.s.ExerciseDeletionService : Request to delete TextExercise with id 537
    23:42:49.195 | 362 ool-1-worker-126 | INFO  | .t.c.a.a.e.s.ExerciseDeletionService : Deleting the channel took 336µs
    23:42:49.195 | 362 ool-1-worker-126 | INFO  | .t.c.a.a.e.s.ExerciseDeletionService : Cancel scheduled operations of exercise 537
    23:42:49.196 | 362 ool-1-worker-126 | INFO  | .c.s.m.InstanceMessageReceiveService : Received schedule cancel for potential Athena exercise 537
    23:42:49.197 | 362 ool-1-worker-126 | INFO  | d.t.c.a.a.e.s.ParticipationService   : Request to delete all 0 participations of exercise with id : 537
    23:42:49.206 | 362 ool-1-worker-126 | INFO  | .c.a.a.c.s.TitleCacheEvictionService : Evicted entry '537' from title cache 'exerciseTitle'
    23:42:49.211 | 362 ool-1-worker-126 | WARN  | .c.a.a.c.s.TitleCacheEvictionService : Unable to clear title of exercises from exercise group 306: Exercises not initialized
    23:42:49.211 | 362 ool-1-worker-126 | WARN  | .c.a.a.c.s.TitleCacheEvictionService : Unable to clear title of exercises from exercise group 307: Exercises not initialized
    23:42:49.211 | 362 ool-1-worker-126 | WARN  | .c.a.a.c.s.TitleCacheEvictionService : Unable to clear title of exercises from exercise group 308: Exercises not initialized
    23:42:49.211 | 362 ool-1-worker-126 | WARN  | .c.a.a.c.s.TitleCacheEvictionService : Unable to clear title of exercises from exercise group 309: Exercises not initialized
    23:42:49.211 | 362 ool-1-worker-126 | WARN  | .c.a.a.c.s.TitleCacheEvictionService : Unable to clear title of exercises from exercise group 310: Exercises not initialized
    23:42:49.212 | 362 ool-1-worker-126 | INFO  | .c.a.a.c.s.TitleCacheEvictionService : Evicted entry '520' from title cache 'examTitle'

  Starting logs for ExamParticipationIntegrationTest > testGetStatsForExamAssessmentDashboard(int) [1] numberOfCorrectionRounds=0
    23:42:49.235 | 362 ool-1-worker-126 | DEBUG | d.t.c.a.a.c.u.util.UserUtilService   : Generate 3 students...
    23:42:49.244 | 362 ool-1-worker-126 | DEBUG | d.t.c.a.a.c.u.util.UserUtilService   : 3 students generated. Generate 2 tutors...
    23:42:49.248 | 362 ool-1-worker-126 | DEBUG | d.t.c.a.a.c.u.util.UserUtilService   : 2 tutors generated. Generate 0 editors...
    23:42:49.249 | 362 ool-1-worker-126 | DEBUG | d.t.c.a.a.c.u.util.UserUtilService   : 0 editors generated. Generate 1 instructors...
    23:42:49.252 | 362 ool-1-worker-126 | DEBUG | d.t.c.a.a.c.u.util.UserUtilService   : 1 instructors generated
    23:42:49.254 | 362 ool-1-worker-126 | DEBUG | d.t.c.a.a.c.u.util.UserUtilService   : Removing 6 users from all courses...
    23:42:49.255 | 362 ool-1-worker-126 | DEBUG | d.t.c.a.a.c.u.util.UserUtilService   : Removing 6 users from all courses. Done
    23:42:49.255 | 362 ool-1-worker-126 | DEBUG | d.t.c.a.a.c.u.util.UserUtilService   : Save 6 users to database...
    23:42:49.261 | 362 ool-1-worker-126 | DEBUG | d.t.c.a.a.c.u.util.UserUtilService   : Save 6 users to database. Done
    23:42:49.265 | 362 ool-1-worker-126 | INFO  | i.z.t.d.l.EmbeddedDatabaseReporter   : JDBC URL to connect to 'dataSource': url='jdbc:h2:tcp://localhost:41063/mem:736625c0-cf5e-400d-aeaa-8a7eabd6262b;USER=sa', scope='ExamParticipationIntegrationTest#testGetStatsForExamAssessmentDashboard'
    23:42:49.265 | 362 ool-1-worker-126 | DEBUG | a.e.ExamParticipationIntegrationTest : testGetStatsForExamAssessmentDashboard: step 1 done
    23:42:49.295 | 362 ool-1-worker-126 | DEBUG | a.e.ExamParticipationIntegrationTest : testGetStatsForExamAssessmentDashboard: step 2 done
    23:42:49.297 | 362 ool-1-worker-126 | DEBUG | d.t.c.a.a.c.s.f.ApiVersionFilter     : Adding Version to Request GET /api/courses/206/exams/521/stats-for-exam-assessment-dashboard
    23:42:49.301 | 362 ool-1-worker-126 | DEBUG | d.t.c.a.a.exam.web.ExamResource      : REST request /courses/{courseId}/stats-for-exam-assessment-dashboard
    23:42:49.340 | 566 localvc.event-13 | DEBUG | s.l.LocalCIWebsocketMessagingService : Sending message on topic /topic/admin/queued-jobs: [BuildJobQueueItem[id=4651739576569330, name=SHORTB06DD3F905F4604F6E085260D83ED657A6DFTSTEXC-LOCALCIINTSTUDENT1, buildAgent=BuildAgentDTO[name=null, memberAddress=null, displayName=null], participationId=465, courseId=148, exerciseId=299, retryCount=0, priority=2, status=null, repositoryInfo=RepositoryInfo[repositoryName=shortb06dd3f905f4604f6e085260d83ed657a6dftstexc-localciintstudent1, repositoryType=user, triggeredByPushTo=user, assignmentRepositoryUri=, testRepositoryUri=, solutionRepositoryUri=, auxiliaryRepositoryUris=null, auxiliaryRepositoryCheckoutDirectories=null], jobTimingInfo=JobTimingInfo[submissionDate=2025-02-14T23:42:49.330093960Z[Etc/UTC], buildStartDate=null, buildCompletionDate=null, estimatedCompletionDate=null, estimatedDuration=19], buildConfig=BuildConfig[buildScript=, dockerImage=, commitHashToBuild=41581fff25954d36cf07586926ee0c77d1003131, assignmentCommitHash=, testCommitHash=, branch=, programmingLanguage=null, projectType=null, scaEnabled=false, sequentialTestRunsEnabled=false, resultPaths=null, timeoutSeconds=0, assignmentCheckoutPath=, testCheckoutPath=, solutionCheckoutPath=, dockerRunConfig=null], submissionResult=null]]
    23:42:49.340 | 566 localvc.event-13 | DEBUG | s.l.LocalCIWebsocketMessagingService : Sending message on topic /topic/courses/148/queued-jobs: [BuildJobQueueItem[id=4651739576569330, name=SHORTB06DD3F905F4604F6E085260D83ED657A6DFTSTEXC-LOCALCIINTSTUDENT1, buildAgent=BuildAgentDTO[name=null, memberAddress=null, displayName=null], participationId=465, courseId=148, exerciseId=299, retryCount=0, priority=2, status=null, repositoryInfo=RepositoryInfo[repositoryName=shortb06dd3f905f4604f6e085260d83ed657a6dftstexc-localciintstudent1, repositoryType=user, triggeredByPushTo=user, assignmentRepositoryUri=, testRepositoryUri=, solutionRepositoryUri=, auxiliaryRepositoryUris=null, auxiliaryRepositoryCheckoutDirectories=null], jobTimingInfo=JobTimingInfo[submissionDate=2025-02-14T23:42:49.330093960Z[Etc/UTC], buildStartDate=null, buildCompletionDate=null, estimatedCompletionDate=null, estimatedDuration=19], buildConfig=BuildConfig[buildScript=, dockerImage=, commitHashToBuild=41581fff25954d36cf07586926ee0c77d1003131, assignmentCommitHash=, testCommitHash=, branch=, programmingLanguage=null, projectType=null, scaEnabled=false, sequentialTestRunsEnabled=false, resultPaths=null, timeoutSeconds=0, assignmentCheckoutPath=, testCheckoutPath=, solutionCheckoutPath=, dockerRunConfig=null], submissionResult=null]]
    23:42:49.341 | 566 localvc.event-13 | DEBUG | a.a.b.s.SharedQueueProcessingService : CIBuildJobQueueItem added to queue: BuildJobQueueItem[id=4651739576569330, name=SHORTB06DD3F905F4604F6E085260D83ED657A6DFTSTEXC-LOCALCIINTSTUDENT1, buildAgent=BuildAgentDTO[name=null, memberAddress=null, displayName=null], participationId=465, courseId=148, exerciseId=299, retryCount=0, priority=2, status=null, repositoryInfo=RepositoryInfo[repositoryName=shortb06dd3f905f4604f6e085260d83ed657a6dftstexc-localciintstudent1, repositoryType=user, triggeredByPushTo=user, assignmentRepositoryUri=http://localhost:49152/git/SHORTB06DD3F905F4604F6E085260D83ED657A6DFTSTEXC/shortb06dd3f905f4604f6e085260d83ed657a6dftstexc-localciintstudent1.git, testRepositoryUri=http://localhost:49152/git/SHORTB06DD3F905F4604F6E085260D83ED657A6DFTSTEXC/shortb06dd3f905f4604f6e085260d83ed657a6dftstexc-tests.git, solutionRepositoryUri=null, auxiliaryRepositoryUris=[Ljava.lang.String;@318629fc, auxiliaryRepositoryCheckoutDirectories=[Ljava.lang.String;@4083e9a9], jobTimingInfo=JobTimingInfo[submissionDate=2025-02-14T23:42:49.330093960Z[Etc/UTC], buildStartDate=null, buildCompletionDate=null, estimatedCompletionDate=null, estimatedDuration=19], buildConfig=BuildConfig[buildScript=#!/bin/bash
cd /var/tmp/testing-dir
chmod +x ./gradlew
./gradlew clean test
, dockerImage=dummy-docker-image:latest, commitHashToBuild=41581fff25954d36cf07586926ee0c77d1003131, assignmentCommitHash=41581fff25954d36cf07586926ee0c77d1003131, testCommitHash=41581fff25954d36cf07586926ee0c77d1003131, branch=main, programmingLanguage=JAVA, projectType=PLAIN_GRADLE, scaEnabled=false, sequentialTestRunsEnabled=false, resultPaths=[/var/tmp/testing-dir/**/test-results/test/*.xml], timeoutSeconds=0, assignmentCheckoutPath=null, testCheckoutPath=null, solutionCheckoutPath=null, dockerRunConfig=null], submissionResult=null]
    23:42:49.344 | 566 localvc.event-13 | DEBUG | a.a.b.s.SharedQueueProcessingService : Current queued items: 1
    23:42:49.344 | 566 localvc.event-13 | DEBUG | a.a.b.s.SharedQueueProcessingService : Currently processing jobs on this node: 0, active threads in Pool: 0, maximum pool size of thread executor : 1
    23:42:49.347 | 566 localvc.event-13 | DEBUG | a.a.b.s.SharedQueueProcessingService : Currently processing jobs on this node: 0, active threads in Pool: 0, maximum pool size of thread executor : 1
    23:42:49.348 | 565 localvc.event-12 | DEBUG | a.p.s.l.LocalCIQueueWebsocketService : CIBuildJobQueueItem added to processing jobs: BuildJobQueueItem[id=4651739576569330, name=SHORTB06DD3F905F4604F6E085260D83ED657A6DFTSTEXC-LOCALCIINTSTUDENT1, buildAgent=BuildAgentDTO[name=artemis-build-agent-test, memberAddress=[127.0.0.1]:5703, displayName=artemis-build-agent-test], participationId=465, courseId=148, exerciseId=299, retryCount=0, priority=2, status=null, repositoryInfo=RepositoryInfo[repositoryName=shortb06dd3f905f4604f6e085260d83ed657a6dftstexc-localciintstudent1, repositoryType=user, triggeredByPushTo=user, assignmentRepositoryUri=http://localhost:49152/git/SHORTB06DD3F905F4604F6E085260D83ED657A6DFTSTEXC/shortb06dd3f905f4604f6e085260d83ed657a6dftstexc-localciintstudent1.git, testRepositoryUri=http://localhost:49152/git/SHORTB06DD3F905F4604F6E085260D83ED657A6DFTSTEXC/shortb06dd3f905f4604f6e085260d83ed657a6dftstexc-tests.git, solutionRepositoryUri=null, auxiliaryRepositoryUris=[Ljava.lang.String;@24dbb22b, auxiliaryRepositoryCheckoutDirectories=[Ljava.lang.String;@20e43268], jobTimingInfo=JobTimingInfo[submissionDate=2025-02-14T23:42:49.330093960Z[Etc/UTC], buildStartDate=2025-02-14T23:42:49.347797345Z[Etc/UTC], buildCompletionDate=null, estimatedCompletionDate=2025-02-14T23:43:08.347788449Z[Etc/UTC], estimatedDuration=19], buildConfig=BuildConfig[buildScript=#!/bin/bash
cd /var/tmp/testing-dir
chmod +x ./gradlew
./gradlew clean test
, dockerImage=dummy-docker-image:latest, commitHashToBuild=41581fff25954d36cf07586926ee0c77d1003131, assignmentCommitHash=41581fff25954d36cf07586926ee0c77d1003131, testCommitHash=41581fff25954d36cf07586926ee0c77d1003131, branch=main, programmingLanguage=JAVA, projectType=PLAIN_GRADLE, scaEnabled=false, sequentialTestRunsEnabled=false, resultPaths=[/var/tmp/testing-dir/**/test-results/test/*.xml], timeoutSeconds=0, assignmentCheckoutPath=null, testCheckoutPath=null, solutionCheckoutPath=null, dockerRunConfig=null], submissionResult=null]
    23:42:49.349 | 565 localvc.event-12 | DEBUG | s.l.LocalCIWebsocketMessagingService : Sending message on topic /topic/admin/running-jobs: [BuildJobQueueItem[id=4651739576569330, name=SHORTB06DD3F905F4604F6E085260D83ED657A6DFTSTEXC-LOCALCIINTSTUDENT1, buildAgent=BuildAgentDTO[name=artemis-build-agent-test, memberAddress=[127.0.0.1]:5703, displayName=artemis-build-agent-test], participationId=465, courseId=148, exerciseId=299, retryCount=0, priority=2, status=null, repositoryInfo=RepositoryInfo[repositoryName=shortb06dd3f905f4604f6e085260d83ed657a6dftstexc-localciintstudent1, repositoryType=user, triggeredByPushTo=user, assignmentRepositoryUri=, testRepositoryUri=, solutionRepositoryUri=, auxiliaryRepositoryUris=null, auxiliaryRepositoryCheckoutDirectories=null], jobTimingInfo=JobTimingInfo[submissionDate=2025-02-14T23:42:49.330093960Z[Etc/UTC], buildStartDate=2025-02-14T23:42:49.347797345Z[Etc/UTC], buildCompletionDate=null, estimatedCompletionDate=2025-02-14T23:43:08.347788449Z[Etc/UTC], estimatedDuration=19], buildConfig=BuildConfig[buildScript=, dockerImage=, commitHashToBuild=41581fff25954d36cf07586926ee0c77d1003131, assignmentCommitHash=, testCommitHash=, branch=, programmingLanguage=null, projectType=null, scaEnabled=false, sequentialTestRunsEnabled=false, resultPaths=null, timeoutSeconds=0, assignmentCheckoutPath=, testCheckoutPath=, solutionCheckoutPath=, dockerRunConfig=null], submissionResult=null]]
    23:42:49.356 | 565 localvc.event-12 | DEBUG | s.l.LocalCIWebsocketMessagingService : Sending message on topic /topic/courses/148/running-jobs: [BuildJobQueueItem[id=4651739576569330, name=SHORTB06DD3F905F4604F6E085260D83ED657A6DFTSTEXC-LOCALCIINTSTUDENT1, buildAgent=BuildAgentDTO[name=artemis-build-agent-test, memberAddress=[127.0.0.1]:5703, displayName=artemis-build-agent-test], participationId=465, courseId=148, exerciseId=299, retryCount=0, priority=2, status=null, repositoryInfo=RepositoryInfo[repositoryName=shortb06dd3f905f4604f6e085260d83ed657a6dftstexc-localciintstudent1, repositoryType=user, triggeredByPushTo=user, assignmentRepositoryUri=, testRepositoryUri=, solutionRepositoryUri=, auxiliaryRepositoryUris=null, auxiliaryRepositoryCheckoutDirectories=null], jobTimingInfo=JobTimingInfo[submissionDate=2025-02-14T23:42:49.330093960Z[Etc/UTC], buildStartDate=2025-02-14T23:42:49.347797345Z[Etc/UTC], buildCompletionDate=null, estimatedCompletionDate=2025-02-14T23:43:08.347788449Z[Etc/UTC], estimatedDuration=19], buildConfig=BuildConfig[buildScript=, dockerImage=, commitHashToBuild=41581fff25954d36cf07586926ee0c77d1003131, assignmentCommitHash=, testCommitHash=, branch=, programmingLanguage=null, projectType=null, scaEnabled=false, sequentialTestRunsEnabled=false, resultPaths=null, timeoutSeconds=0, assignmentCheckoutPath=, testCheckoutPath=, solutionCheckoutPath=, dockerRunConfig=null], submissionResult=null]]
    23:42:49.358 | 566 localvc.event-13 | INFO  | a.a.b.s.SharedQueueProcessingService : Processing build job: BuildJobQueueItem[id=4651739576569330, name=SHORTB06DD3F905F4604F6E085260D83ED657A6DFTSTEXC-LOCALCIINTSTUDENT1, buildAgent=BuildAgentDTO[name=artemis-build-agent-test, memberAddress=[127.0.0.1]:5703, displayName=artemis-build-agent-test], participationId=465, courseId=148, exerciseId=299, retryCount=0, priority=2, status=null, repositoryInfo=RepositoryInfo[repositoryName=shortb06dd3f905f4604f6e085260d83ed657a6dftstexc-localciintstudent1, repositoryType=user, triggeredByPushTo=user, assignmentRepositoryUri=http://localhost:49152/git/SHORTB06DD3F905F4604F6E085260D83ED657A6DFTSTEXC/shortb06dd3f905f4604f6e085260d83ed657a6dftstexc-localciintstudent1.git, testRepositoryUri=http://localhost:49152/git/SHORTB06DD3F905F4604F6E085260D83ED657A6DFTSTEXC/shortb06dd3f905f4604f6e085260d83ed657a6dftstexc-tests.git, solutionRepositoryUri=null, auxiliaryRepositoryUris=[Ljava.lang.String;@74c3dfbd, auxiliaryRepositoryCheckoutDirectories=[Ljava.lang.String;@5f287d4a], jobTimingInfo=JobTimingInfo[submissionDate=2025-02-14T23:42:49.330093960Z[Etc/UTC], buildStartDate=2025-02-14T23:42:49.347797345Z[Etc/UTC], buildCompletionDate=null, estimatedCompletionDate=2025-02-14T23:43:08.347788449Z[Etc/UTC], estimatedDuration=19], buildConfig=BuildConfig[buildScript=#!/bin/bash
cd /var/tmp/testing-dir
chmod +x ./gradlew
./gradlew clean test
, dockerImage=dummy-docker-image:latest, commitHashToBuild=41581fff25954d36cf07586926ee0c77d1003131, assignmentCommitHash=41581fff25954d36cf07586926ee0c77d1003131, testCommitHash=41581fff25954d36cf07586926ee0c77d1003131, branch=main, programmingLanguage=JAVA, projectType=PLAIN_GRADLE, scaEnabled=false, sequentialTestRunsEnabled=false, resultPaths=[/var/tmp/testing-dir/**/test-results/test/*.xml], timeoutSeconds=0, assignmentCheckoutPath=null, testCheckoutPath=null, solutionCheckoutPath=null, dockerRunConfig=null], submissionResult=null]

  Starting logs for ExamParticipationIntegrationTest > testGetStatsForExamAssessmentDashboard(int) [2] numberOfCorrectionRounds=1
    23:42:49.369 | 362 ool-1-worker-126 | DEBUG | d.t.c.a.a.c.u.util.UserUtilService   : Generate 3 students...
    23:42:49.374 | 362 ool-1-worker-126 | DEBUG | d.t.c.a.a.c.u.util.UserUtilService   : 3 students generated. Generate 2 tutors...
    23:42:49.378 | 362 ool-1-worker-126 | DEBUG | d.t.c.a.a.c.u.util.UserUtilService   : 2 tutors generated. Generate 0 editors...
    23:42:49.382 | 362 ool-1-worker-126 | DEBUG | d.t.c.a.a.c.u.util.UserUtilService   : 0 editors generated. Generate 1 instructors...
    23:42:49.384 | 362 ool-1-worker-126 | DEBUG | d.t.c.a.a.c.u.util.UserUtilService   : 1 instructors generated
    23:42:49.386 | 362 ool-1-worker-126 | DEBUG | d.t.c.a.a.c.u.util.UserUtilService   : Removing 6 users from all courses...
    23:42:49.387 | 362 ool-1-worker-126 | DEBUG | d.t.c.a.a.c.u.util.UserUtilService   : Removing 6 users from all courses. Done
    23:42:49.387 | 362 ool-1-worker-126 | DEBUG | d.t.c.a.a.c.u.util.UserUtilService   : Save 6 users to database...
    23:42:49.392 | 362 ool-1-worker-126 | DEBUG | d.t.c.a.a.c.u.util.UserUtilService   : Save 6 users to database. Done
    23:42:49.395 | 362 ool-1-worker-126 | INFO  | i.z.t.d.l.EmbeddedDatabaseReporter   : JDBC URL to connect to 'dataSource': url='jdbc:h2:tcp://localhost:41063/mem:736625c0-cf5e-400d-aeaa-8a7eabd6262b;USER=sa', scope='ExamParticipationIntegrationTest#testGetStatsForExamAssessmentDashboard'
    23:42:49.395 | 362 ool-1-worker-126 | DEBUG | a.e.ExamParticipationIntegrationTest : testGetStatsForExamAssessmentDashboard: step 1 done
    23:42:49.419 | 362 ool-1-worker-126 | DEBUG | a.e.ExamParticipationIntegrationTest : testGetStatsForExamAssessmentDashboard: step 2 done
    23:42:49.420 | 362 ool-1-worker-126 | DEBUG | d.t.c.a.a.c.s.f.ApiVersionFilter     : Adding Version to Request GET /api/courses/208/exams/522/stats-for-exam-assessment-dashboard
    23:42:49.421 | 362 ool-1-worker-126 | DEBUG | d.t.c.a.a.exam.web.ExamResource      : REST request /courses/{courseId}/stats-for-exam-assessment-dashboard
    23:42:49.466 | 362 ool-1-worker-126 | DEBUG | d.t.c.a.a.c.s.f.ApiVersionFilter     : Adding Version to Request GET /api/courses/208/exams/522/locked-submissions
    23:42:49.469 | 362 ool-1-worker-126 | DEBUG | d.t.c.a.a.exam.web.ExamResource      : REST request to get all locked submissions for course : 208
    23:42:49.477 | 362 ool-1-worker-126 | DEBUG | d.t.c.a.a.exam.web.ExamResource      : Finished /courses/208/submissions call in 8ms
    23:42:49.478 | 362 ool-1-worker-126 | DEBUG | a.e.ExamParticipationIntegrationTest : testGetStatsForExamAssessmentDashboard: step 3 done
    23:42:49.503 | 362 ool-1-worker-126 | DEBUG | a.e.ExamParticipationIntegrationTest : testGetStatsForExamAssessmentDashboard: step 4 done
    23:42:49.508 | 362 ool-1-worker-126 | DEBUG | d.t.c.a.a.c.s.f.ApiVersionFilter     : Adding Version to Request POST /api/courses/208/exams/522/generate-student-exams
    23:42:49.509 | 362 ool-1-worker-126 | INFO  | d.t.c.a.a.exam.web.ExamResource      : REST request to generate student exams for exam 522
    23:42:49.516 | 362 ool-1-worker-126 | INFO  | d.t.c.a.a.e.s.ExamDeletionService    : User examparticipationtestinstructor1 has requested to delete existing student exams and participations for exam Real exam 1
    23:42:49.517 | 362 ool-1-worker-126 | INFO  | d.t.c.a.a.e.s.ParticipationService   : Request to delete all 0 participations of exercise with id : 548
    23:42:49.519 | 362 ool-1-worker-126 | INFO  | d.t.c.a.a.e.s.ParticipationService   : Request to delete all 0 participations of exercise with id : 549
    23:42:49.520 | 362 ool-1-worker-126 | INFO  | d.t.c.a.a.e.s.ParticipationService   : Request to delete all 0 participations of exercise with id : 550
    23:42:49.521 | 362 ool-1-worker-126 | INFO  | d.t.c.a.a.e.s.ParticipationService   : Request to delete all 0 participations of exercise with id : 551
    23:42:49.522 | 362 ool-1-worker-126 | INFO  | d.t.c.a.a.e.s.ParticipationService   : Request to delete all 0 participations of exercise with id : 552
    23:42:49.523 | 362 ool-1-worker-126 | INFO  | d.t.c.a.a.e.s.ParticipationService   : Request to delete all 0 participations of exercise with id : 553
    23:42:49.524 | 362 ool-1-worker-126 | INFO  | d.t.c.a.a.e.s.ParticipationService   : Request to delete all 0 participations of exercise with id : 554
    23:42:49.525 | 362 ool-1-worker-126 | INFO  | d.t.c.a.a.e.s.ParticipationService   : Request to delete all 0 participations of exercise with id : 555
    23:42:49.527 | 362 ool-1-worker-126 | INFO  | d.t.c.a.a.e.s.ParticipationService   : Request to delete all 0 participations of exercise with id : 556
    23:42:49.528 | 362 ool-1-worker-126 | INFO  | d.t.c.a.a.e.s.ParticipationService   : Request to delete all 0 participations of exercise with id : 557
    23:42:49.529 | 362 ool-1-worker-126 | INFO  | d.t.c.a.a.exam.web.ExamResource      : Generated 0 student exams in 19.54ms for exam 522
    23:42:49.531 | 362 ool-1-worker-126 | DEBUG | d.t.c.a.a.c.s.f.ApiVersionFilter     : Adding Version to Request POST /api/courses/208/exams/522/student-exams/start-exercises
    23:42:49.536 | 362 ool-1-worker-126 | INFO  | d.t.c.a.a.e.web.StudentExamResource  : REST request to start exercises for student exams of exam 522
    23:42:49.542 | 362 ool-1-worker-126 | INFO  | d.t.c.a.a.e.web.StudentExamResource  : Generated 0 participations in 10.55ms for student exams of exam 522
    23:42:49.542 | 362 ool-1-worker-126 | INFO  | .c.s.m.InstanceMessageReceiveService : Received reschedule of exam during conduction 522
    23:42:49.556 | 362 ool-1-worker-126 | DEBUG | d.t.c.a.a.c.s.f.ApiVersionFilter     : Adding Version to Request GET /api/courses/208/exams/522/student-exams/start-exercises/status
    23:42:49.567 | 362 ool-1-worker-126 | DEBUG | a.e.ExamParticipationIntegrationTest : testGetStatsForExamAssessmentDashboard: step 5 done
    23:42:49.575 | 362 ool-1-worker-126 | DEBUG | a.e.ExamParticipationIntegrationTest : testGetStatsForExamAssessmentDashboard: step 6 done
    23:42:49.575 | 362 ool-1-worker-126 | DEBUG | a.e.ExamParticipationIntegrationTest : testGetStatsForExamAssessmentDashboard: step 7 done
    23:42:49.578 | 362 ool-1-worker-126 | DEBUG | d.t.c.a.a.c.s.f.ApiVersionFilter     : Adding Version to Request GET /api/courses/208/exams/522/stats-for-exam-assessment-dashboard
    23:42:49.579 | 362 ool-1-worker-126 | DEBUG | d.t.c.a.a.exam.web.ExamResource      : REST request /courses/{courseId}/stats-for-exam-assessment-dashboard
    23:42:49.622 | 362 ool-1-worker-126 | DEBUG | a.e.ExamParticipationIntegrationTest : testGetStatsForExamAssessmentDashboard: step 7 done
    23:42:49.622 | 362 ool-1-worker-126 | DEBUG | a.e.ExamParticipationIntegrationTest : testGetStatsForExamAssessmentDashboard: step 8 done
    23:42:49.624 | 362 ool-1-worker-126 | DEBUG | d.t.c.a.a.c.s.f.ApiVersionFilter     : Adding Version to Request GET /api/courses/208/exams/522/stats-for-exam-assessment-dashboard
    23:42:49.625 | 362 ool-1-worker-126 | DEBUG | d.t.c.a.a.exam.web.ExamResource      : REST request /courses/{courseId}/stats-for-exam-assessment-dashboard
    23:42:49.657 | 362 ool-1-worker-126 | DEBUG | a.e.ExamParticipationIntegrationTest : testGetStatsForExamAssessmentDashboard: step 9 done
    23:42:49.670 | 362 ool-1-worker-126 | DEBUG | a.e.ExamParticipationIntegrationTest : testGetStatsForExamAssessmentDashboard: step 10 done
    23:42:49.676 | 362 ool-1-worker-126 | DEBUG | d.t.c.a.a.c.s.f.ApiVersionFilter     : Adding Version to Request GET /api/courses/208/exams/522/locked-submissions
    23:42:49.678 | 362 ool-1-worker-126 | DEBUG | d.t.c.a.a.exam.web.ExamResource      : REST request to get all locked submissions for course : 208
    23:42:49.684 | 362 ool-1-worker-126 | DEBUG | d.t.c.a.a.exam.web.ExamResource      : Finished /courses/208/submissions call in 6ms
    23:42:49.687 | 362 ool-1-worker-126 | DEBUG | a.e.ExamParticipationIntegrationTest : testGetStatsForExamAssessmentDashboard: step 11 done
    23:42:49.687 | 362 ool-1-worker-126 | DEBUG | a.e.ExamParticipationIntegrationTest : testGetStatsForExamAssessmentDashboard: step 12 done
    23:42:49.689 | 362 ool-1-worker-126 | DEBUG | d.t.c.a.a.c.s.f.ApiVersionFilter     : Adding Version to Request GET /api/courses/208/exams/522/stats-for-exam-assessment-dashboard
    23:42:49.693 | 362 ool-1-worker-126 | DEBUG | d.t.c.a.a.exam.web.ExamResource      : REST request /courses/{courseId}/stats-for-exam-assessment-dashboard
    23:42:49.761 | 362 ool-1-worker-126 | DEBUG | a.e.ExamParticipationIntegrationTest : testGetStatsForExamAssessmentDashboard: step 13 done
    23:42:49.763 | 362 ool-1-worker-126 | DEBUG | d.t.c.a.a.c.s.f.ApiVersionFilter     : Adding Version to Request GET /api/courses/208/exams/522/locked-submissions
    23:42:49.766 | 362 ool-1-worker-126 | DEBUG | d.t.c.a.a.exam.web.ExamResource      : REST request to get all locked submissions for course : 208
    23:42:49.773 | 362 ool-1-worker-126 | DEBUG | d.t.c.a.a.exam.web.ExamResource      : Finished /courses/208/submissions call in 7ms
    23:42:49.774 | 362 ool-1-worker-126 | DEBUG | a.e.ExamParticipationIntegrationTest : testGetStatsForExamAssessmentDashboard: step 14 done

  Starting logs for ExamParticipationIntegrationTest > testGetStatsForExamAssessmentDashboard(int) [3] numberOfCorrectionRounds=2
    23:42:49.790 | 362 ool-1-worker-126 | DEBUG | d.t.c.a.a.c.u.util.UserUtilService   : Generate 3 students...
    23:42:49.796 | 362 ool-1-worker-126 | DEBUG | d.t.c.a.a.c.u.util.UserUtilService   : 3 students generated. Generate 2 tutors...
    23:42:49.800 | 362 ool-1-worker-126 | DEBUG | d.t.c.a.a.c.u.util.UserUtilService   : 2 tutors generated. Generate 0 editors...
    23:42:49.801 | 362 ool-1-worker-126 | DEBUG | d.t.c.a.a.c.u.util.UserUtilService   : 0 editors generated. Generate 1 instructors...
    23:42:49.804 | 362 ool-1-worker-126 | DEBUG | d.t.c.a.a.c.u.util.UserUtilService   : 1 instructors generated
    23:42:49.806 | 362 ool-1-worker-126 | DEBUG | d.t.c.a.a.c.u.util.UserUtilService   : Removing 6 users from all courses...
    23:42:49.807 | 362 ool-1-worker-126 | DEBUG | d.t.c.a.a.c.u.util.UserUtilService   : Removing 6 users from all courses. Done
    23:42:49.807 | 362 ool-1-worker-126 | DEBUG | d.t.c.a.a.c.u.util.UserUtilService   : Save 6 users to database...
    23:42:49.812 | 362 ool-1-worker-126 | DEBUG | d.t.c.a.a.c.u.util.UserUtilService   : Save 6 users to database. Done
    23:42:49.815 | 362 ool-1-worker-126 | INFO  | i.z.t.d.l.EmbeddedDatabaseReporter   : JDBC URL to connect to 'dataSource': url='jdbc:h2:tcp://localhost:41063/mem:736625c0-cf5e-400d-aeaa-8a7eabd6262b;USER=sa', scope='ExamParticipationIntegrationTest#testGetStatsForExamAssessmentDashboard'
    23:42:49.815 | 362 ool-1-worker-126 | DEBUG | a.e.ExamParticipationIntegrationTest : testGetStatsForExamAssessmentDashboard: step 1 done
    23:42:49.842 | 362 ool-1-worker-126 | DEBUG | a.e.ExamParticipationIntegrationTest : testGetStatsForExamAssessmentDashboard: step 2 done
    23:42:49.844 | 362 ool-1-worker-126 | DEBUG | d.t.c.a.a.c.s.f.ApiVersionFilter     : Adding Version to Request GET /api/courses/210/exams/523/stats-for-exam-assessment-dashboard
    23:42:49.844 | 362 ool-1-worker-126 | DEBUG | d.t.c.a.a.exam.web.ExamResource      : REST request /courses/{courseId}/stats-for-exam-assessment-dashboard
    23:42:49.881 | 362 ool-1-worker-126 | DEBUG | d.t.c.a.a.c.s.f.ApiVersionFilter     : Adding Version to Request GET /api/courses/210/exams/523/locked-submissions
    23:42:49.881 | 362 ool-1-worker-126 | DEBUG | d.t.c.a.a.exam.web.ExamResource      : REST request to get all locked submissions for course : 210
    23:42:49.885 | 362 ool-1-worker-126 | DEBUG | d.t.c.a.a.exam.web.ExamResource      : Finished /courses/210/submissions call in 4ms
    23:42:49.886 | 362 ool-1-worker-126 | DEBUG | a.e.ExamParticipationIntegrationTest : testGetStatsForExamAssessmentDashboard: step 3 done
    23:42:49.901 | 362 ool-1-worker-126 | DEBUG | a.e.ExamParticipationIntegrationTest : testGetStatsForExamAssessmentDashboard: step 4 done
    23:42:49.905 | 362 ool-1-worker-126 | DEBUG | d.t.c.a.a.c.s.f.ApiVersionFilter     : Adding Version to Request POST /api/courses/210/exams/523/generate-student-exams
    23:42:49.906 | 362 ool-1-worker-126 | INFO  | d.t.c.a.a.exam.web.ExamResource      : REST request to generate student exams for exam 523
    23:42:49.914 | 362 ool-1-worker-126 | INFO  | d.t.c.a.a.e.s.ExamDeletionService    : User examparticipationtestinstructor1 has requested to delete existing student exams and participations for exam Real exam 1
    23:42:49.915 | 362 ool-1-worker-126 | INFO  | d.t.c.a.a.e.s.ParticipationService   : Request to delete all 0 participations of exercise with id : 558
    23:42:49.916 | 362 ool-1-worker-126 | INFO  | d.t.c.a.a.e.s.ParticipationService   : Request to delete all 0 participations of exercise with id : 559
    23:42:49.918 | 362 ool-1-worker-126 | INFO  | d.t.c.a.a.e.s.ParticipationService   : Request to delete all 0 participations of exercise with id : 560
    23:42:49.919 | 362 ool-1-worker-126 | INFO  | d.t.c.a.a.e.s.ParticipationService   : Request to delete all 0 participations of exercise with id : 561
    23:42:49.920 | 362 ool-1-worker-126 | INFO  | d.t.c.a.a.e.s.ParticipationService   : Request to delete all 0 participations of exercise with id : 562
    23:42:49.921 | 362 ool-1-worker-126 | INFO  | d.t.c.a.a.e.s.ParticipationService   : Request to delete all 0 participations of exercise with id : 563
    23:42:49.922 | 362 ool-1-worker-126 | INFO  | d.t.c.a.a.e.s.ParticipationService   : Request to delete all 0 participations of exercise with id : 564
    23:42:49.924 | 362 ool-1-worker-126 | INFO  | d.t.c.a.a.e.s.ParticipationService   : Request to delete all 0 participations of exercise with id : 565
    23:42:49.925 | 362 ool-1-worker-126 | INFO  | d.t.c.a.a.e.s.ParticipationService   : Request to delete all 0 participations of exercise with id : 566
    23:42:49.926 | 362 ool-1-worker-126 | INFO  | d.t.c.a.a.e.s.ParticipationService   : Request to delete all 0 participations of exercise with id : 567
    23:42:49.927 | 362 ool-1-worker-126 | INFO  | d.t.c.a.a.exam.web.ExamResource      : Generated 0 student exams in 20.90ms for exam 523
    23:42:49.929 | 362 ool-1-worker-126 | DEBUG | d.t.c.a.a.c.s.f.ApiVersionFilter     : Adding Version to Request POST /api/courses/210/exams/523/student-exams/start-exercises
    23:42:49.935 | 362 ool-1-worker-126 | INFO  | d.t.c.a.a.e.web.StudentExamResource  : REST request to start exercises for student exams of exam 523
    23:42:49.938 | 362 ool-1-worker-126 | INFO  | d.t.c.a.a.e.web.StudentExamResource  : Generated 0 participations in 7.96ms for student exams of exam 523
    23:42:49.938 | 362 ool-1-worker-126 | INFO  | .c.s.m.InstanceMessageReceiveService : Received reschedule of exam during conduction 523
    23:42:49.944 | 362 ool-1-worker-126 | DEBUG | d.t.c.a.a.c.s.f.ApiVersionFilter     : Adding Version to Request GET /api/courses/210/exams/523/student-exams/start-exercises/status
    23:42:49.949 | 362 ool-1-worker-126 | DEBUG | a.e.ExamParticipationIntegrationTest : testGetStatsForExamAssessmentDashboard: step 5 done
    23:42:49.953 | 362 ool-1-worker-126 | DEBUG | a.e.ExamParticipationIntegrationTest : testGetStatsForExamAssessmentDashboard: step 6 done
    23:42:49.953 | 362 ool-1-worker-126 | DEBUG | a.e.ExamParticipationIntegrationTest : testGetStatsForExamAssessmentDashboard: step 7 done
    23:42:49.954 | 362 ool-1-worker-126 | DEBUG | d.t.c.a.a.c.s.f.ApiVersionFilter     : Adding Version to Request GET /api/courses/210/exams/523/stats-for-exam-assessment-dashboard
    23:42:49.955 | 362 ool-1-worker-126 | DEBUG | d.t.c.a.a.exam.web.ExamResource      : REST request /courses/{courseId}/stats-for-exam-assessment-dashboard
    23:42:49.990 | 362 ool-1-worker-126 | DEBUG | a.e.ExamParticipationIntegrationTest : testGetStatsForExamAssessmentDashboard: step 7 done
    23:42:49.990 | 362 ool-1-worker-126 | DEBUG | a.e.ExamParticipationIntegrationTest : testGetStatsForExamAssessmentDashboard: step 8 done
    23:42:49.996 | 362 ool-1-worker-126 | DEBUG | d.t.c.a.a.c.s.f.ApiVersionFilter     : Adding Version to Request GET /api/courses/210/exams/523/stats-for-exam-assessment-dashboard
    23:42:49.997 | 362 ool-1-worker-126 | DEBUG | d.t.c.a.a.exam.web.ExamResource      : REST request /courses/{courseId}/stats-for-exam-assessment-dashboard
    23:42:50.054 | 362 ool-1-worker-126 | DEBUG | a.e.ExamParticipationIntegrationTest : testGetStatsForExamAssessmentDashboard: step 9 done
    23:42:50.060 | 362 ool-1-worker-126 | DEBUG | a.e.ExamParticipationIntegrationTest : testGetStatsForExamAssessmentDashboard: step 10 done
    23:42:50.062 | 362 ool-1-worker-126 | DEBUG | d.t.c.a.a.c.s.f.ApiVersionFilter     : Adding Version to Request GET /api/courses/210/exams/523/locked-submissions
    23:42:50.063 | 362 ool-1-worker-126 | DEBUG | d.t.c.a.a.exam.web.ExamResource      : REST request to get all locked submissions for course : 210
    23:42:50.067 | 362 ool-1-worker-126 | DEBUG | d.t.c.a.a.exam.web.ExamResource      : Finished /courses/210/submissions call in 4ms
    23:42:50.067 | 362 ool-1-worker-126 | DEBUG | a.e.ExamParticipationIntegrationTest : testGetStatsForExamAssessmentDashboard: step 11 done
    23:42:50.067 | 362 ool-1-worker-126 | DEBUG | a.e.ExamParticipationIntegrationTest : testGetStatsForExamAssessmentDashboard: step 12 done
    23:42:50.069 | 362 ool-1-worker-126 | DEBUG | d.t.c.a.a.c.s.f.ApiVersionFilter     : Adding Version to Request GET /api/courses/210/exams/523/stats-for-exam-assessment-dashboard
    23:42:50.069 | 362 ool-1-worker-126 | DEBUG | d.t.c.a.a.exam.web.ExamResource      : REST request /courses/{courseId}/stats-for-exam-assessment-dashboard
    23:42:50.105 | 362 ool-1-worker-126 | DEBUG | a.e.ExamParticipationIntegrationTest : testGetStatsForExamAssessmentDashboard: step 13 done
    23:42:50.107 | 362 ool-1-worker-126 | DEBUG | d.t.c.a.a.c.s.f.ApiVersionFilter     : Adding Version to Request GET /api/courses/210/exams/523/locked-submissions
    23:42:50.107 | 362 ool-1-worker-126 | DEBUG | d.t.c.a.a.exam.web.ExamResource      : REST request to get all locked submissions for course : 210
    23:42:50.111 | 362 ool-1-worker-126 | DEBUG | d.t.c.a.a.exam.web.ExamResource      : Finished /courses/210/submissions call in 4ms
    23:42:50.115 | 362 ool-1-worker-126 | DEBUG | d.t.c.a.a.c.s.f.ApiVersionFilter     : Adding Version to Request GET /api/courses/210/exams/523/stats-for-exam-assessment-dashboard
    23:42:50.116 | 362 ool-1-worker-126 | DEBUG | d.t.c.a.a.exam.web.ExamResource      : REST request /courses/{courseId}/stats-for-exam-assessment-dashboard
    23:42:50.157 | 362 ool-1-worker-126 | DEBUG | d.t.c.a.a.c.s.f.ApiVersionFilter     : Adding Version to Request GET /api/courses/210/exams/523/locked-submissions
    23:42:50.158 | 362 ool-1-worker-126 | DEBUG | d.t.c.a.a.exam.web.ExamResource      : REST request to get all locked submissions for course : 210
    23:42:50.161 | 362 ool-1-worker-126 | DEBUG | d.t.c.a.a.exam.web.ExamResource      : Finished /courses/210/submissions call in 3ms
    23:42:50.162 | 362 ool-1-worker-126 | DEBUG | d.t.c.a.a.c.s.f.ApiVersionFilter     : Adding Version to Request GET /api/courses/210/exams/523/stats-for-exam-assessment-dashboard
    23:42:50.163 | 362 ool-1-worker-126 | DEBUG | d.t.c.a.a.exam.web.ExamResource      : REST request /courses/{courseId}/stats-for-exam-assessment-dashboard
    23:42:50.193 | 362 ool-1-worker-126 | DEBUG | d.t.c.a.a.c.s.f.ApiVersionFilter     : Adding Version to Request GET /api/courses/210/exams/523/locked-submissions
    23:42:50.194 | 362 ool-1-worker-126 | DEBUG | d.t.c.a.a.exam.web.ExamResource      : REST request to get all locked submissions for course : 210
    23:42:50.197 | 362 ool-1-worker-126 | DEBUG | d.t.c.a.a.exam.web.ExamResource      : Finished /courses/210/submissions call in 3ms
    23:42:50.197 | 362 ool-1-worker-126 | DEBUG | a.e.ExamParticipationIntegrationTest : testGetStatsForExamAssessmentDashboard: step 14 done

  Starting logs for ExamParticipationIntegrationTest > testRemovingAllStudents_AfterParticipatingInExam()
    23:42:50.208 | 362 ool-1-worker-126 | DEBUG | d.t.c.a.a.c.u.util.UserUtilService   : Generate 3 students...
    23:42:50.212 | 362 ool-1-worker-126 | DEBUG | d.t.c.a.a.c.u.util.UserUtilService   : 3 students generated. Generate 2 tutors...
    23:42:50.216 | 362 ool-1-worker-126 | DEBUG | d.t.c.a.a.c.u.util.UserUtilService   : 2 tutors generated. Generate 0 editors...
    23:42:50.217 | 362 ool-1-worker-126 | DEBUG | d.t.c.a.a.c.u.util.UserUtilService   : 0 editors generated. Generate 1 instructors...
    23:42:50.220 | 362 ool-1-worker-126 | DEBUG | d.t.c.a.a.c.u.util.UserUtilService   : 1 instructors generated
    23:42:50.221 | 362 ool-1-worker-126 | DEBUG | d.t.c.a.a.c.u.util.UserUtilService   : Removing 6 users from all courses...
    23:42:50.222 | 362 ool-1-worker-126 | DEBUG | d.t.c.a.a.c.u.util.UserUtilService   : Removing 6 users from all courses. Done
    23:42:50.222 | 362 ool-1-worker-126 | DEBUG | d.t.c.a.a.c.u.util.UserUtilService   : Save 6 users to database...
    23:42:50.227 | 362 ool-1-worker-126 | DEBUG | d.t.c.a.a.c.u.util.UserUtilService   : Save 6 users to database. Done
    23:42:50.231 | 362 ool-1-worker-126 | INFO  | i.z.t.d.l.EmbeddedDatabaseReporter   : JDBC URL to connect to 'dataSource': url='jdbc:h2:tcp://localhost:41063/mem:736625c0-cf5e-400d-aeaa-8a7eabd6262b;USER=sa', scope='ExamParticipationIntegrationTest#testRemovingAllStudents_AfterParticipatingInExam'
    23:42:50.254 | 362 ool-1-worker-126 | DEBUG | d.t.c.a.a.c.s.f.ApiVersionFilter     : Adding Version to Request POST /api/courses/211/exams/524/generate-student-exams
    23:42:50.254 | 362 ool-1-worker-126 | INFO  | d.t.c.a.a.exam.web.ExamResource      : REST request to generate student exams for exam 524
    23:42:50.263 | 362 ool-1-worker-126 | INFO  | d.t.c.a.a.e.s.ExamDeletionService    : User admin has requested to delete existing student exams and participations for exam Real exam 1
    23:42:50.264 | 362 ool-1-worker-126 | INFO  | d.t.c.a.a.e.s.ParticipationService   : Request to delete all 0 participations of exercise with id : 568
    23:42:50.266 | 362 ool-1-worker-126 | INFO  | d.t.c.a.a.e.s.ParticipationService   : Request to delete all 0 participations of exercise with id : 569
    23:42:50.267 | 362 ool-1-worker-126 | INFO  | d.t.c.a.a.e.s.ParticipationService   : Request to delete all 0 participations of exercise with id : 570
    23:42:50.268 | 362 ool-1-worker-126 | INFO  | d.t.c.a.a.e.s.ParticipationService   : Request to delete all 0 participations of exercise with id : 571
    23:42:50.269 | 362 ool-1-worker-126 | INFO  | d.t.c.a.a.e.s.ParticipationService   : Request to delete all 0 participations of exercise with id : 572
    23:42:50.271 | 362 ool-1-worker-126 | INFO  | d.t.c.a.a.e.s.ParticipationService   : Request to delete all 0 participations of exercise with id : 573
    23:42:50.272 | 362 ool-1-worker-126 | INFO  | d.t.c.a.a.e.s.ParticipationService   : Request to delete all 0 participations of exercise with id : 576
    23:42:50.273 | 362 ool-1-worker-126 | INFO  | d.t.c.a.a.e.s.ParticipationService   : Request to delete all 0 participations of exercise with id : 574
    23:42:50.274 | 362 ool-1-worker-126 | INFO  | d.t.c.a.a.e.s.ParticipationService   : Request to delete all 0 participations of exercise with id : 575
    23:42:50.276 | 362 ool-1-worker-126 | INFO  | d.t.c.a.a.e.s.ParticipationService   : Request to delete all 0 participations of exercise with id : 577
    23:42:50.277 | 362 ool-1-worker-126 | INFO  | d.t.c.a.a.e.s.ParticipationService   : Request to delete all 0 participations of exercise with id : 578
    23:42:50.278 | 362 ool-1-worker-126 | INFO  | d.t.c.a.a.e.s.ParticipationService   : Request to delete all 0 participations of exercise with id : 579
    23:42:50.279 | 362 ool-1-worker-126 | INFO  | d.t.c.a.a.e.s.ParticipationService   : Request to delete all 0 participations of exercise with id : 580
    23:42:50.281 | 362 ool-1-worker-126 | INFO  | d.t.c.a.a.e.s.ParticipationService   : Request to delete all 0 participations of exercise with id : 581
    23:42:50.282 | 362 ool-1-worker-126 | INFO  | d.t.c.a.a.e.s.ParticipationService   : Request to delete all 0 participations of exercise with id : 582
    23:42:50.285 | 362 ool-1-worker-126 | INFO  | d.t.c.a.a.exam.web.ExamResource      : Generated 3 student exams in 31.03ms for exam 524
    23:42:50.296 | 362 ool-1-worker-126 | DEBUG | d.t.c.a.a.c.s.f.ApiVersionFilter     : Adding Version to Request POST /api/courses/211/exams/524/student-exams/start-exercises
    23:42:50.302 | 362 ool-1-worker-126 | INFO  | d.t.c.a.a.e.web.StudentExamResource  : REST request to start exercises for student exams of exam 524
    23:42:50.314 | 040 ool-949-thread-1 | INFO  | d.t.c.a.a.e.s.StudentExamService     : SUCCESS: Start exercise for student exam 105 and exercise 576 and student examparticipationteststudent1
    23:42:50.320 | 040 ool-949-thread-1 | INFO  | d.t.c.a.a.e.s.StudentExamService     : SUCCESS: Start exercise for student exam 105 and exercise 571 and student examparticipationteststudent1
    23:42:50.326 | 040 ool-949-thread-1 | INFO  | d.t.c.a.a.e.s.StudentExamService     : SUCCESS: Start exercise for student exam 105 and exercise 570 and student examparticipationteststudent1
    23:42:50.328 | 042 ool-949-thread-3 | INFO  | d.t.c.a.a.e.s.StudentExamService     : SUCCESS: Start exercise for student exam 107 and exercise 573 and student examparticipationteststudent3
    23:42:50.331 | 041 ool-949-thread-2 | INFO  | d.t.c.a.a.e.s.StudentExamService     : SUCCESS: Start exercise for student exam 106 and exercise 573 and student examparticipationteststudent2
    23:42:50.334 | 040 ool-949-thread-1 | INFO  | d.t.c.a.a.e.s.StudentExamService     : SUCCESS: Start exercise for student exam 105 and exercise 580 and student examparticipationteststudent1
    23:42:50.341 | 042 ool-949-thread-3 | INFO  | d.t.c.a.a.e.s.StudentExamService     : SUCCESS: Start exercise for student exam 107 and exercise 581 and student examparticipationteststudent3
    23:42:50.345 | 041 ool-949-thread-2 | INFO  | d.t.c.a.a.e.s.StudentExamService     : SUCCESS: Start exercise for student exam 106 and exercise 581 and student examparticipationteststudent2
    23:42:50.348 | 042 ool-949-thread-3 | INFO  | d.t.c.a.a.e.s.StudentExamService     : SUCCESS: Start exercise for student exam 107 and exercise 569 and student examparticipationteststudent3
    23:42:50.354 | 042 ool-949-thread-3 | INFO  | d.t.c.a.a.e.s.StudentExamService     : SUCCESS: Start exercise for student exam 107 and exercise 575 and student examparticipationteststudent3
    23:42:50.356 | 041 ool-949-thread-2 | INFO  | d.t.c.a.a.e.s.StudentExamService     : SUCCESS: Start exercise for student exam 106 and exercise 568 and student examparticipationteststudent2
    23:42:50.363 | 041 ool-949-thread-2 | INFO  | d.t.c.a.a.e.s.StudentExamService     : SUCCESS: Start exercise for student exam 106 and exercise 574 and student examparticipationteststudent2
    23:42:50.364 | 362 ool-1-worker-126 | INFO  | d.t.c.a.a.e.web.StudentExamResource  : Generated 12 participations in 67.52ms for student exams of exam 524
    23:42:50.366 | 362 ool-1-worker-126 | DEBUG | d.t.c.a.a.c.s.f.ApiVersionFilter     : Adding Version to Request GET /api/courses/211/exams/524/student-exams/start-exercises/status
    23:42:50.373 | 362 ool-1-worker-126 | DEBUG | d.t.c.a.a.c.s.f.ApiVersionFilter     : Adding Version to Request GET /api/courses/211/exams/524/student-exams
    23:42:50.374 | 362 ool-1-worker-126 | DEBUG | d.t.c.a.a.e.web.StudentExamResource  : REST request to get all student exams for exam : 524
    23:42:50.405 | 362 ool-1-worker-126 | DEBUG | d.t.c.a.a.c.s.f.ApiVersionFilter     : Adding Version to Request DELETE /api/courses/211/exams/524/students
    23:42:50.406 | 362 ool-1-worker-126 | DEBUG | d.t.c.a.a.exam.web.ExamResource      : REST request to remove all students from exam 524 with courseId 211
    23:42:50.425 | 362 ool-1-worker-126 | INFO  | .t.c.a.a.e.s.ExamRegistrationService : User admin has removed all users from the exam Real exam 1 with id 524. This also deleted potentially existing student exams with all its participations and submissions.
    23:42:50.431 | 362 ool-1-worker-126 | DEBUG | d.t.c.a.a.c.s.f.ApiVersionFilter     : Adding Version to Request GET /api/courses/211/exams/524
    23:42:50.431 | 362 ool-1-worker-126 | DEBUG | d.t.c.a.a.exam.web.ExamResource      : REST request to get exam : 524
    23:42:50.436 | 362 ool-1-worker-126 | DEBUG | d.t.c.a.a.c.s.f.ApiVersionFilter     : Adding Version to Request GET /api/courses/211/exams/524/student-exams
    23:42:50.437 | 362 ool-1-worker-126 | DEBUG | d.t.c.a.a.e.web.StudentExamResource  : REST request to get all student exams for exam : 524

  Starting logs for ExamParticipationIntegrationTest > testGetExamScore(boolean, boolean) [1] withCourseBonus=false, withSecondCorrectionAndStarted=false
    23:42:50.518 | 362 ool-1-worker-126 | DEBUG | d.t.c.a.a.c.u.util.UserUtilService   : Generate 3 students...
    23:42:50.526 | 362 ool-1-worker-126 | DEBUG | d.t.c.a.a.c.u.util.UserUtilService   : 3 students generated. Generate 2 tutors...
    23:42:50.536 | 362 ool-1-worker-126 | DEBUG | d.t.c.a.a.c.u.util.UserUtilService   : 2 tutors generated. Generate 0 editors...
    23:42:50.537 | 362 ool-1-worker-126 | DEBUG | d.t.c.a.a.c.u.util.UserUtilService   : 0 editors generated. Generate 1 instructors...
    23:42:50.543 | 362 ool-1-worker-126 | DEBUG | d.t.c.a.a.c.u.util.UserUtilService   : 1 instructors generated
    23:42:50.544 | 362 ool-1-worker-126 | DEBUG | d.t.c.a.a.c.u.util.UserUtilService   : Removing 6 users from all courses...
    23:42:50.548 | 362 ool-1-worker-126 | DEBUG | d.t.c.a.a.c.u.util.UserUtilService   : Removing 6 users from all courses. Done
    23:42:50.548 | 362 ool-1-worker-126 | DEBUG | d.t.c.a.a.c.u.util.UserUtilService   : Save 6 users to database...
    23:42:50.558 | 362 ool-1-worker-126 | DEBUG | d.t.c.a.a.c.u.util.UserUtilService   : Save 6 users to database. Done
    23:42:50.564 | 362 ool-1-worker-126 | INFO  | i.z.t.d.l.EmbeddedDatabaseReporter   : JDBC URL to connect to 'dataSource': url='jdbc:h2:tcp://localhost:41063/mem:736625c0-cf5e-400d-aeaa-8a7eabd6262b;USER=sa', scope='ExamParticipationIntegrationTest#testGetExamScore'
    23:42:50.829 | 362 ool-1-worker-126 | DEBUG | d.t.c.a.a.c.s.f.ApiVersionFilter     : Adding Version to Request POST /api/courses/215/exams/526/generate-student-exams
    23:42:50.830 | 362 ool-1-worker-126 | INFO  | d.t.c.a.a.exam.web.ExamResource      : REST request to generate student exams for exam 526
    23:42:50.840 | 362 ool-1-worker-126 | INFO  | d.t.c.a.a.e.s.ExamDeletionService    : User examparticipationtestinstructor1 has requested to delete existing student exams and participations for exam Real exam 1
    23:42:50.841 | 362 ool-1-worker-126 | INFO  | d.t.c.a.a.e.s.ParticipationService   : Request to delete all 0 participations of exercise with id : 583
    23:42:50.843 | 362 ool-1-worker-126 | INFO  | d.t.c.a.a.e.s.ParticipationService   : Request to delete all 0 participations of exercise with id : 584
    23:42:50.845 | 362 ool-1-worker-126 | INFO  | d.t.c.a.a.e.s.ParticipationService   : Request to delete all 0 participations of exercise with id : 585
    23:42:50.846 | 362 ool-1-worker-126 | INFO  | d.t.c.a.a.e.s.ParticipationService   : Request to delete all 0 participations of exercise with id : 586
    23:42:50.847 | 362 ool-1-worker-126 | INFO  | d.t.c.a.a.e.s.ParticipationService   : Request to delete all 0 participations of exercise with id : 587
    23:42:50.848 | 362 ool-1-worker-126 | INFO  | d.t.c.a.a.e.s.ParticipationService   : Request to delete all 0 participations of exercise with id : 588
    23:42:50.849 | 362 ool-1-worker-126 | INFO  | d.t.c.a.a.e.s.ParticipationService   : Request to delete all 0 participations of exercise with id : 589
    23:42:50.850 | 362 ool-1-worker-126 | INFO  | d.t.c.a.a.e.s.ParticipationService   : Request to delete all 0 participations of exercise with id : 590
    23:42:50.852 | 362 ool-1-worker-126 | INFO  | d.t.c.a.a.e.s.ParticipationService   : Request to delete all 0 participations of exercise with id : 591
    23:42:50.853 | 362 ool-1-worker-126 | INFO  | d.t.c.a.a.e.s.ParticipationService   : Request to delete all 0 participations of exercise with id : 592
    23:42:50.854 | 362 ool-1-worker-126 | INFO  | d.t.c.a.a.e.s.ParticipationService   : Request to delete all 0 participations of exercise with id : 593
    23:42:50.858 | 362 ool-1-worker-126 | INFO  | d.t.c.a.a.exam.web.ExamResource      : Generated 5 student exams in 28.17ms for exam 526
    23:42:50.968 | 362 ool-1-worker-126 | DEBUG | d.t.c.a.a.c.s.f.ApiVersionFilter     : Adding Version to Request POST /api/courses/215/exams/526/student-exams/start-exercises
    23:42:50.977 | 362 ool-1-worker-126 | DEBUG | d.t.c.a.a.exam.service.ExamService   : Finished combination of template commits for programming exercise ProgrammingExercise{id=593, templateRepositoryUri='https://version-control.fake.fake/git/SHORT75F7CAEB04EF504E89086080C171ABC836F7T7F0/short75f7caeb04ef504e89086080c171abc836f7t7f0-exercise.git', solutionRepositoryUri='https://version-control.fake.fake/git/SHORT75F7CAEB04EF504E89086080C171ABC836F7T7F0/short75f7caeb04ef504e89086080c171abc836f7t7f0-solution.git', templateBuildPlanId='SHORT75F7CAEB04EF504E89086080C171ABC836F7T7F0-BASE', solutionBuildPlanId='SHORT75F7CAEB04EF504E89086080C171ABC836F7T7F0-SOLUTION', allowOnlineEditor='null', allowOnlineIde='false', programmingLanguage='JAVA', packageName='de.test'', testCasesChanged='false'}
    23:42:50.978 | 362 ool-1-worker-126 | INFO  | d.t.c.a.a.e.web.StudentExamResource  : REST request to start exercises for student exams of exam 526
    23:42:50.990 | 049 ool-972-thread-1 | INFO  | d.t.c.a.a.e.s.StudentExamService     : SUCCESS: Start exercise for student exam 108 and exercise 583 and student examparticipationtesttutor2
    23:42:50.999 | 050 ool-972-thread-2 | INFO  | d.t.c.a.a.e.s.StudentExamService     : SUCCESS: Start exercise for student exam 109 and exercise 584 and student examparticipationteststudent1
    23:42:51.003 | 053 ool-972-thread-5 | INFO  | d.t.c.a.a.e.s.StudentExamService     : SUCCESS: Start exercise for student exam 112 and exercise 583 and student examparticipationtesttutor1
    23:42:51.004 | 051 ool-972-thread-3 | INFO  | d.t.c.a.a.e.s.StudentExamService     : SUCCESS: Start exercise for student exam 110 and exercise 583 and student examparticipationteststudent2
    23:42:51.005 | 052 ool-972-thread-4 | INFO  | d.t.c.a.a.e.s.StudentExamService     : SUCCESS: Start exercise for student exam 111 and exercise 584 and student examparticipationteststudent3
    23:42:51.015 | 053 ool-972-thread-5 | INFO  | d.t.c.a.a.e.s.StudentExamService     : SUCCESS: Start exercise for student exam 112 and exercise 586 and student examparticipationtesttutor1
    23:42:51.022 | 053 ool-972-thread-5 | INFO  | d.t.c.a.a.e.s.StudentExamService     : SUCCESS: Start exercise for student exam 112 and exercise 588 and student examparticipationtesttutor1
    23:42:51.022 | 051 ool-972-thread-3 | INFO  | d.t.c.a.a.e.s.StudentExamService     : SUCCESS: Start exercise for student exam 110 and exercise 585 and student examparticipationteststudent2
    23:42:51.027 | 049 ool-972-thread-1 | INFO  | d.t.c.a.a.e.s.StudentExamService     : SUCCESS: Start exercise for student exam 108 and exercise 585 and student examparticipationtesttutor2
    23:42:51.031 | 050 ool-972-thread-2 | INFO  | d.t.c.a.a.e.s.StudentExamService     : SUCCESS: Start exercise for student exam 109 and exercise 585 and student examparticipationteststudent1
    23:42:51.033 | 053 ool-972-thread-5 | INFO  | d.t.c.a.a.e.s.StudentExamService     : SUCCESS: Start exercise for student exam 112 and exercise 590 and student examparticipationtesttutor1
    23:42:51.034 | 052 ool-972-thread-4 | INFO  | d.t.c.a.a.e.s.StudentExamService     : SUCCESS: Start exercise for student exam 111 and exercise 585 and student examparticipationteststudent3
    23:42:51.039 | 051 ool-972-thread-3 | INFO  | d.t.c.a.a.e.s.StudentExamService     : SUCCESS: Start exercise for student exam 110 and exercise 587 and student examparticipationteststudent2
    23:42:51.043 | 053 ool-972-thread-5 | INFO  | d.t.c.a.a.e.s.StudentExamService     : SUCCESS: Start exercise for student exam 112 and exercise 591 and student examparticipationtesttutor1
    23:42:51.043 | 049 ool-972-thread-1 | INFO  | d.t.c.a.a.e.s.StudentExamService     : SUCCESS: Start exercise for student exam 108 and exercise 588 and student examparticipationtesttutor2
    23:42:51.048 | 052 ool-972-thread-4 | INFO  | d.t.c.a.a.e.s.StudentExamService     : SUCCESS: Start exercise for student exam 111 and exercise 588 and student examparticipationteststudent3
    23:42:51.048 | 050 ool-972-thread-2 | INFO  | d.t.c.a.a.e.s.StudentExamService     : SUCCESS: Start exercise for student exam 109 and exercise 587 and student examparticipationteststudent1
    23:42:51.052 | 051 ool-972-thread-3 | INFO  | d.t.c.a.a.e.s.StudentExamService     : SUCCESS: Start exercise for student exam 110 and exercise 590 and student examparticipationteststudent2
    23:42:51.060 | 049 ool-972-thread-1 | INFO  | d.t.c.a.a.e.s.StudentExamService     : SUCCESS: Start exercise for student exam 108 and exercise 589 and student examparticipationtesttutor2
    23:42:51.061 | 053 ool-972-thread-5 | INFO  | d.t.c.a.a.e.s.StudentExamService     : SUCCESS: Start exercise for student exam 112 and exercise 592 and student examparticipationtesttutor1
    23:42:51.063 | 052 ool-972-thread-4 | INFO  | d.t.c.a.a.e.s.StudentExamService     : SUCCESS: Start exercise for student exam 111 and exercise 590 and student examparticipationteststudent3
    23:42:51.067 | 051 ool-972-thread-3 | INFO  | d.t.c.a.a.e.s.StudentExamService     : SUCCESS: Start exercise for student exam 110 and exercise 591 and student examparticipationteststudent2
    23:42:51.070 | 050 ool-972-thread-2 | INFO  | d.t.c.a.a.e.s.StudentExamService     : SUCCESS: Start exercise for student exam 109 and exercise 589 and student examparticipationteststudent1
    23:42:51.075 | 049 ool-972-thread-1 | INFO  | d.t.c.a.a.e.s.StudentExamService     : SUCCESS: Start exercise for student exam 108 and exercise 591 and student examparticipationtesttutor2
    23:42:51.079 | 053 ool-972-thread-5 | DEBUG | d.t.c.a.a.p.service.GitService       : Cloning from file:/tmp/exerciseOriginRepo17898210664555723284/ to repos/server-integration-test/studentOriginRepo15561459737206249184
    23:42:51.082 | 052 ool-972-thread-4 | INFO  | d.t.c.a.a.e.s.StudentExamService     : SUCCESS: Start exercise for student exam 111 and exercise 591 and student examparticipationteststudent3
    23:42:51.084 | 051 ool-972-thread-3 | INFO  | d.t.c.a.a.e.s.StudentExamService     : SUCCESS: Start exercise for student exam 110 and exercise 592 and student examparticipationteststudent2
    23:42:51.086 | 049 ool-972-thread-1 | INFO  | d.t.c.a.a.e.s.StudentExamService     : SUCCESS: Start exercise for student exam 108 and exercise 592 and student examparticipationtesttutor2
    23:42:51.092 | 051 ool-972-thread-3 | DEBUG | d.t.c.a.a.p.service.GitService       : Cloning from file:/tmp/exerciseOriginRepo17898210664555723284/ to repos/server-integration-test/studentOriginRepo3590408293472023728
    23:42:51.092 | 049 ool-972-thread-1 | DEBUG | d.t.c.a.a.p.service.GitService       : Cloning from file:/tmp/exerciseOriginRepo17898210664555723284/ to repos/server-integration-test/studentOriginRepo5091444064926436038
    23:42:51.095 | 052 ool-972-thread-4 | INFO  | d.t.c.a.a.e.s.StudentExamService     : SUCCESS: Start exercise for student exam 111 and exercise 592 and student examparticipationteststudent3
    23:42:51.095 | 050 ool-972-thread-2 | INFO  | d.t.c.a.a.e.s.StudentExamService     : SUCCESS: Start exercise for student exam 109 and exercise 591 and student examparticipationteststudent1
    23:42:51.104 | 052 ool-972-thread-4 | DEBUG | d.t.c.a.a.p.service.GitService       : Cloning from file:/tmp/exerciseOriginRepo17898210664555723284/ to repos/server-integration-test/studentOriginRepo8833139134444667049
    23:42:51.118 | 050 ool-972-thread-2 | INFO  | d.t.c.a.a.e.s.StudentExamService     : SUCCESS: Start exercise for student exam 109 and exercise 592 and student examparticipationteststudent1
    23:42:51.123 | 050 ool-972-thread-2 | DEBUG | d.t.c.a.a.p.service.GitService       : Cloning from file:/tmp/exerciseOriginRepo17898210664555723284/ to repos/server-integration-test/studentOriginRepo4805545026097004054
    23:42:51.146 | 051 ool-972-thread-3 | ERROR | .a.a.p.s.j.b.JenkinsBuildPlanService : Pipeline Script not found
java.lang.IllegalArgumentException: Pipeline Script not found
	at de.tum.cit.aet.artemis.programming.service.jenkins.build_plan.JenkinsBuildPlanUtils.replaceScriptParameters(JenkinsBuildPlanUtils.java:22)
	at de.tum.cit.aet.artemis.programming.service.jenkins.build_plan.JenkinsBuildPlanService.updateBuildPlanURLs(JenkinsBuildPlanService.java:245)
	at de.tum.cit.aet.artemis.programming.service.jenkins.build_plan.JenkinsBuildPlanService.copyBuildPlan(JenkinsBuildPlanService.java:293)
	at de.tum.cit.aet.artemis.programming.service.jenkins.JenkinsService.copyBuildPlan(JenkinsService.java:128)
	at java.base/java.lang.invoke.MethodHandle.invokeWithArguments(MethodHandle.java:733)
	at org.mockito.internal.util.reflection.InstrumentationMemberAccessor$Dispatcher$ByteBuddy$oog9jsgw.invokeWithArguments(Unknown Source)
	at org.mockito.internal.util.reflection.InstrumentationMemberAccessor.invoke(InstrumentationMemberAccessor.java:251)
	at org.mockito.internal.util.reflection.ModuleMemberAccessor.invoke(ModuleMemberAccessor.java:55)
	at org.mockito.internal.creation.bytebuddy.MockMethodAdvice.tryInvoke(MockMethodAdvice.java:314)
	at org.mockito.internal.creation.bytebuddy.MockMethodAdvice$RealMethodCall.invoke(MockMethodAdvice.java:234)
	at org.mockito.internal.invocation.InterceptedInvocation.callRealMethod(InterceptedInvocation.java:142)
	at org.mockito.internal.stubbing.answers.CallsRealMethods.answer(CallsRealMethods.java:45)
	at org.mockito.Answers.answer(Answers.java:90)
	at org.mockito.internal.handler.MockHandlerImpl.handle(MockHandlerImpl.java:111)
	at org.mockito.internal.handler.NullResultGuardian.handle(NullResultGuardian.java:29)
	at org.mockito.internal.handler.InvocationNotifierHandler.handle(InvocationNotifierHandler.java:34)
	at org.mockito.internal.creation.bytebuddy.MockMethodInterceptor.doIntercept(MockMethodInterceptor.java:82)
	at org.mockito.internal.creation.bytebuddy.MockMethodAdvice.handle(MockMethodAdvice.java:134)
	at de.tum.cit.aet.artemis.programming.service.jenkins.JenkinsService.copyBuildPlan(JenkinsService.java:126)
	at de.tum.cit.aet.artemis.exercise.service.ParticipationService.copyBuildPlan(ParticipationService.java:518)
	at de.tum.cit.aet.artemis.exercise.service.ParticipationService.startProgrammingParticipation(ParticipationService.java:296)
	at de.tum.cit.aet.artemis.exercise.service.ParticipationService.startProgrammingExercise(ParticipationService.java:265)
	at de.tum.cit.aet.artemis.exercise.service.ParticipationService.startExerciseWithInitializationDate(ParticipationService.java:192)
	at de.tum.cit.aet.artemis.exercise.service.ParticipationService.startExercise(ParticipationService.java:151)
	at de.tum.cit.aet.artemis.exam.service.StudentExamService.setUpExerciseParticipationsAndSubmissionsWithInitializationDate(StudentExamService.java:686)
	at de.tum.cit.aet.artemis.exam.service.StudentExamService.setUpExerciseParticipationsAndSubmissions(StudentExamService.java:800)
	at de.tum.cit.aet.artemis.exam.service.StudentExamService.lambda$startExercises$15(StudentExamService.java:735)
	at java.base/java.util.concurrent.CompletableFuture$AsyncRun.run(CompletableFuture.java:1804)
	at java.base/java.util.concurrent.ThreadPoolExecutor.runWorker(ThreadPoolExecutor.java:1144)
	at java.base/java.util.concurrent.ThreadPoolExecutor$Worker.run(ThreadPoolExecutor.java:642)
	at java.base/java.lang.Thread.run(Thread.java:1583)
    23:42:51.149 | 053 ool-972-thread-5 | ERROR | .a.a.p.s.j.b.JenkinsBuildPlanService : Pipeline Script not found
java.lang.IllegalArgumentException: Pipeline Script not found
	at de.tum.cit.aet.artemis.programming.service.jenkins.build_plan.JenkinsBuildPlanUtils.replaceScriptParameters(JenkinsBuildPlanUtils.java:22)
	at de.tum.cit.aet.artemis.programming.service.jenkins.build_plan.JenkinsBuildPlanService.updateBuildPlanURLs(JenkinsBuildPlanService.java:245)
	at de.tum.cit.aet.artemis.programming.service.jenkins.build_plan.JenkinsBuildPlanService.copyBuildPlan(JenkinsBuildPlanService.java:293)
	at de.tum.cit.aet.artemis.programming.service.jenkins.JenkinsService.copyBuildPlan(JenkinsService.java:128)
	at java.base/java.lang.invoke.MethodHandle.invokeWithArguments(MethodHandle.java:733)
	at org.mockito.internal.util.reflection.InstrumentationMemberAccessor$Dispatcher$ByteBuddy$oog9jsgw.invokeWithArguments(Unknown Source)
	at org.mockito.internal.util.reflection.InstrumentationMemberAccessor.invoke(InstrumentationMemberAccessor.java:251)
	at org.mockito.internal.util.reflection.ModuleMemberAccessor.invoke(ModuleMemberAccessor.java:55)
	at org.mockito.internal.creation.bytebuddy.MockMethodAdvice.tryInvoke(MockMethodAdvice.java:314)
	at org.mockito.internal.creation.bytebuddy.MockMethodAdvice$RealMethodCall.invoke(MockMethodAdvice.java:234)
	at org.mockito.internal.invocation.InterceptedInvocation.callRealMethod(InterceptedInvocation.java:142)
	at org.mockito.internal.stubbing.answers.CallsRealMethods.answer(CallsRealMethods.java:45)
	at org.mockito.Answers.answer(Answers.java:90)
	at org.mockito.internal.handler.MockHandlerImpl.handle(MockHandlerImpl.java:111)
	at org.mockito.internal.handler.NullResultGuardian.handle(NullResultGuardian.java:29)
	at org.mockito.internal.handler.InvocationNotifierHandler.handle(InvocationNotifierHandler.java:34)
	at org.mockito.internal.creation.bytebuddy.MockMethodInterceptor.doIntercept(MockMethodInterceptor.java:82)
	at org.mockito.internal.creation.bytebuddy.MockMethodAdvice.handle(MockMethodAdvice.java:134)
	at de.tum.cit.aet.artemis.programming.service.jenkins.JenkinsService.copyBuildPlan(JenkinsService.java:126)
	at de.tum.cit.aet.artemis.exercise.service.ParticipationService.copyBuildPlan(ParticipationService.java:518)
	at de.tum.cit.aet.artemis.exercise.service.ParticipationService.startProgrammingParticipation(ParticipationService.java:296)
	at de.tum.cit.aet.artemis.exercise.service.ParticipationService.startProgrammingExercise(ParticipationService.java:265)
	at de.tum.cit.aet.artemis.exercise.service.ParticipationService.startExerciseWithInitializationDate(ParticipationService.java:192)
	at de.tum.cit.aet.artemis.exercise.service.ParticipationService.startExercise(ParticipationService.java:151)
	at de.tum.cit.aet.artemis.exam.service.StudentExamService.setUpExerciseParticipationsAndSubmissionsWithInitializationDate(StudentExamService.java:686)
	at de.tum.cit.aet.artemis.exam.service.StudentExamService.setUpExerciseParticipationsAndSubmissions(StudentExamService.java:800)
	at de.tum.cit.aet.artemis.exam.service.StudentExamService.lambda$startExercises$15(StudentExamService.java:735)
	at java.base/java.util.concurrent.CompletableFuture$AsyncRun.run(CompletableFuture.java:1804)
	at java.base/java.util.concurrent.ThreadPoolExecutor.runWorker(ThreadPoolExecutor.java:1144)
	at java.base/java.util.concurrent.ThreadPoolExecutor$Worker.run(ThreadPoolExecutor.java:642)
	at java.base/java.lang.Thread.run(Thread.java:1583)
    23:42:51.151 | 049 ool-972-thread-1 | ERROR | .a.a.p.s.j.b.JenkinsBuildPlanService : Pipeline Script not found
java.lang.IllegalArgumentException: Pipeline Script not found
	at de.tum.cit.aet.artemis.programming.service.jenkins.build_plan.JenkinsBuildPlanUtils.replaceScriptParameters(JenkinsBuildPlanUtils.java:22)
	at de.tum.cit.aet.artemis.programming.service.jenkins.build_plan.JenkinsBuildPlanService.updateBuildPlanURLs(JenkinsBuildPlanService.java:245)
	at de.tum.cit.aet.artemis.programming.service.jenkins.build_plan.JenkinsBuildPlanService.copyBuildPlan(JenkinsBuildPlanService.java:293)
	at de.tum.cit.aet.artemis.programming.service.jenkins.JenkinsService.copyBuildPlan(JenkinsService.java:128)
	at java.base/java.lang.invoke.MethodHandle.invokeWithArguments(MethodHandle.java:733)
	at org.mockito.internal.util.reflection.InstrumentationMemberAccessor$Dispatcher$ByteBuddy$oog9jsgw.invokeWithArguments(Unknown Source)
	at org.mockito.internal.util.reflection.InstrumentationMemberAccessor.invoke(InstrumentationMemberAccessor.java:251)
	at org.mockito.internal.util.reflection.ModuleMemberAccessor.invoke(ModuleMemberAccessor.java:55)
	at org.mockito.internal.creation.bytebuddy.MockMethodAdvice.tryInvoke(MockMethodAdvice.java:314)
	at org.mockito.internal.creation.bytebuddy.MockMethodAdvice$RealMethodCall.invoke(MockMethodAdvice.java:234)
	at org.mockito.internal.invocation.InterceptedInvocation.callRealMethod(InterceptedInvocation.java:142)
	at org.mockito.internal.stubbing.answers.CallsRealMethods.answer(CallsRealMethods.java:45)
	at org.mockito.Answers.answer(Answers.java:90)
	at org.mockito.internal.handler.MockHandlerImpl.handle(MockHandlerImpl.java:111)
	at org.mockito.internal.handler.NullResultGuardian.handle(NullResultGuardian.java:29)
	at org.mockito.internal.handler.InvocationNotifierHandler.handle(InvocationNotifierHandler.java:34)
	at org.mockito.internal.creation.bytebuddy.MockMethodInterceptor.doIntercept(MockMethodInterceptor.java:82)
	at org.mockito.internal.creation.bytebuddy.MockMethodAdvice.handle(MockMethodAdvice.java:134)
	at de.tum.cit.aet.artemis.programming.service.jenkins.JenkinsService.copyBuildPlan(JenkinsService.java:126)
	at de.tum.cit.aet.artemis.exercise.service.ParticipationService.copyBuildPlan(ParticipationService.java:518)
	at de.tum.cit.aet.artemis.exercise.service.ParticipationService.startProgrammingParticipation(ParticipationService.java:296)
	at de.tum.cit.aet.artemis.exercise.service.ParticipationService.startProgrammingExercise(ParticipationService.java:265)
	at de.tum.cit.aet.artemis.exercise.service.ParticipationService.startExerciseWithInitializationDate(ParticipationService.java:192)
	at de.tum.cit.aet.artemis.exercise.service.ParticipationService.startExercise(ParticipationService.java:151)
	at de.tum.cit.aet.artemis.exam.service.StudentExamService.setUpExerciseParticipationsAndSubmissionsWithInitializationDate(StudentExamService.java:686)
	at de.tum.cit.aet.artemis.exam.service.StudentExamService.setUpExerciseParticipationsAndSubmissions(StudentExamService.java:800)
	at de.tum.cit.aet.artemis.exam.service.StudentExamService.lambda$startExercises$15(StudentExamService.java:735)
	at java.base/java.util.concurrent.CompletableFuture$AsyncRun.run(CompletableFuture.java:1804)
	at java.base/java.util.concurrent.ThreadPoolExecutor.runWorker(ThreadPoolExecutor.java:1144)
	at java.base/java.util.concurrent.ThreadPoolExecutor$Worker.run(ThreadPoolExecutor.java:642)
	at java.base/java.lang.Thread.run(Thread.java:1583)
    23:42:51.156 | 050 ool-972-thread-2 | ERROR | .a.a.p.s.j.b.JenkinsBuildPlanService : Pipeline Script not found
java.lang.IllegalArgumentException: Pipeline Script not found
	at de.tum.cit.aet.artemis.programming.service.jenkins.build_plan.JenkinsBuildPlanUtils.replaceScriptParameters(JenkinsBuildPlanUtils.java:22)
	at de.tum.cit.aet.artemis.programming.service.jenkins.build_plan.JenkinsBuildPlanService.updateBuildPlanURLs(JenkinsBuildPlanService.java:245)
	at de.tum.cit.aet.artemis.programming.service.jenkins.build_plan.JenkinsBuildPlanService.copyBuildPlan(JenkinsBuildPlanService.java:293)
	at de.tum.cit.aet.artemis.programming.service.jenkins.JenkinsService.copyBuildPlan(JenkinsService.java:128)
	at java.base/java.lang.invoke.MethodHandle.invokeWithArguments(MethodHandle.java:733)
	at org.mockito.internal.util.reflection.InstrumentationMemberAccessor$Dispatcher$ByteBuddy$oog9jsgw.invokeWithArguments(Unknown Source)
	at org.mockito.internal.util.reflection.InstrumentationMemberAccessor.invoke(InstrumentationMemberAccessor.java:251)
	at org.mockito.internal.util.reflection.ModuleMemberAccessor.invoke(ModuleMemberAccessor.java:55)
	at org.mockito.internal.creation.bytebuddy.MockMethodAdvice.tryInvoke(MockMethodAdvice.java:314)
	at org.mockito.internal.creation.bytebuddy.MockMethodAdvice$RealMethodCall.invoke(MockMethodAdvice.java:234)
	at org.mockito.internal.invocation.InterceptedInvocation.callRealMethod(InterceptedInvocation.java:142)
	at org.mockito.internal.stubbing.answers.CallsRealMethods.answer(CallsRealMethods.java:45)
	at org.mockito.Answers.answer(Answers.java:90)
	at org.mockito.internal.handler.MockHandlerImpl.handle(MockHandlerImpl.java:111)
	at org.mockito.internal.handler.NullResultGuardian.handle(NullResultGuardian.java:29)
	at org.mockito.internal.handler.InvocationNotifierHandler.handle(InvocationNotifierHandler.java:34)
	at org.mockito.internal.creation.bytebuddy.MockMethodInterceptor.doIntercept(MockMethodInterceptor.java:82)
	at org.mockito.internal.creation.bytebuddy.MockMethodAdvice.handle(MockMethodAdvice.java:134)
	at de.tum.cit.aet.artemis.programming.service.jenkins.JenkinsService.copyBuildPlan(JenkinsService.java:126)
	at de.tum.cit.aet.artemis.exercise.service.ParticipationService.copyBuildPlan(ParticipationService.java:518)
	at de.tum.cit.aet.artemis.exercise.service.ParticipationService.startProgrammingParticipation(ParticipationService.java:296)
	at de.tum.cit.aet.artemis.exercise.service.ParticipationService.startProgrammingExercise(ParticipationService.java:265)
	at de.tum.cit.aet.artemis.exercise.service.ParticipationService.startExerciseWithInitializationDate(ParticipationService.java:192)
	at de.tum.cit.aet.artemis.exercise.service.ParticipationService.startExercise(ParticipationService.java:151)
	at de.tum.cit.aet.artemis.exam.service.StudentExamService.setUpExerciseParticipationsAndSubmissionsWithInitializationDate(StudentExamService.java:686)
	at de.tum.cit.aet.artemis.exam.service.StudentExamService.setUpExerciseParticipationsAndSubmissions(StudentExamService.java:800)
	at de.tum.cit.aet.artemis.exam.service.StudentExamService.lambda$startExercises$15(StudentExamService.java:735)
	at java.base/java.util.concurrent.CompletableFuture$AsyncRun.run(CompletableFuture.java:1804)
	at java.base/java.util.concurrent.ThreadPoolExecutor.runWorker(ThreadPoolExecutor.java:1144)
	at java.base/java.util.concurrent.ThreadPoolExecutor$Worker.run(ThreadPoolExecutor.java:642)
	at java.base/java.lang.Thread.run(Thread.java:1583)
    23:42:51.164 | 052 ool-972-thread-4 | ERROR | .a.a.p.s.j.b.JenkinsBuildPlanService : Pipeline Script not found
java.lang.IllegalArgumentException: Pipeline Script not found
	at de.tum.cit.aet.artemis.programming.service.jenkins.build_plan.JenkinsBuildPlanUtils.replaceScriptParameters(JenkinsBuildPlanUtils.java:22)
	at de.tum.cit.aet.artemis.programming.service.jenkins.build_plan.JenkinsBuildPlanService.updateBuildPlanURLs(JenkinsBuildPlanService.java:245)
	at de.tum.cit.aet.artemis.programming.service.jenkins.build_plan.JenkinsBuildPlanService.copyBuildPlan(JenkinsBuildPlanService.java:293)
	at de.tum.cit.aet.artemis.programming.service.jenkins.JenkinsService.copyBuildPlan(JenkinsService.java:128)
	at java.base/java.lang.invoke.MethodHandle.invokeWithArguments(MethodHandle.java:733)
	at org.mockito.internal.util.reflection.InstrumentationMemberAccessor$Dispatcher$ByteBuddy$oog9jsgw.invokeWithArguments(Unknown Source)
	at org.mockito.internal.util.reflection.InstrumentationMemberAccessor.invoke(InstrumentationMemberAccessor.java:251)
	at org.mockito.internal.util.reflection.ModuleMemberAccessor.invoke(ModuleMemberAccessor.java:55)
	at org.mockito.internal.creation.bytebuddy.MockMethodAdvice.tryInvoke(MockMethodAdvice.java:314)
	at org.mockito.internal.creation.bytebuddy.MockMethodAdvice$RealMethodCall.invoke(MockMethodAdvice.java:234)
	at org.mockito.internal.invocation.InterceptedInvocation.callRealMethod(InterceptedInvocation.java:142)
	at org.mockito.internal.stubbing.answers.CallsRealMethods.answer(CallsRealMethods.java:45)
	at org.mockito.Answers.answer(Answers.java:90)
	at org.mockito.internal.handler.MockHandlerImpl.handle(MockHandlerImpl.java:111)
	at org.mockito.internal.handler.NullResultGuardian.handle(NullResultGuardian.java:29)
	at org.mockito.internal.handler.InvocationNotifierHandler.handle(InvocationNotifierHandler.java:34)
	at org.mockito.internal.creation.bytebuddy.MockMethodInterceptor.doIntercept(MockMethodInterceptor.java:82)
	at org.mockito.internal.creation.bytebuddy.MockMethodAdvice.handle(MockMethodAdvice.java:134)
	at de.tum.cit.aet.artemis.programming.service.jenkins.JenkinsService.copyBuildPlan(JenkinsService.java:126)
	at de.tum.cit.aet.artemis.exercise.service.ParticipationService.copyBuildPlan(ParticipationService.java:518)
	at de.tum.cit.aet.artemis.exercise.service.ParticipationService.startProgrammingParticipation(ParticipationService.java:296)
	at de.tum.cit.aet.artemis.exercise.service.ParticipationService.startProgrammingExercise(ParticipationService.java:265)
	at de.tum.cit.aet.artemis.exercise.service.ParticipationService.startExerciseWithInitializationDate(ParticipationService.java:192)
	at de.tum.cit.aet.artemis.exercise.service.ParticipationService.startExercise(ParticipationService.java:151)
	at de.tum.cit.aet.artemis.exam.service.StudentExamService.setUpExerciseParticipationsAndSubmissionsWithInitializationDate(StudentExamService.java:686)
	at de.tum.cit.aet.artemis.exam.service.StudentExamService.setUpExerciseParticipationsAndSubmissions(StudentExamService.java:800)
	at de.tum.cit.aet.artemis.exam.service.StudentExamService.lambda$startExercises$15(StudentExamService.java:735)
	at java.base/java.util.concurrent.CompletableFuture$AsyncRun.run(CompletableFuture.java:1804)
	at java.base/java.util.concurrent.ThreadPoolExecutor.runWorker(ThreadPoolExecutor.java:1144)
	at java.base/java.util.concurrent.ThreadPoolExecutor$Worker.run(ThreadPoolExecutor.java:642)
	at java.base/java.lang.Thread.run(Thread.java:1583)
    23:42:51.178 | 053 ool-972-thread-5 | ERROR | .a.a.p.s.j.b.JenkinsBuildPlanService : Pipeline Script not found
java.lang.IllegalArgumentException: Pipeline Script not found
	at de.tum.cit.aet.artemis.programming.service.jenkins.build_plan.JenkinsBuildPlanUtils.replaceScriptParameters(JenkinsBuildPlanUtils.java:29)
	at de.tum.cit.aet.artemis.programming.service.jenkins.build_plan.JenkinsBuildPlanService.updateBuildPlanRepositories(JenkinsBuildPlanService.java:219)
	at de.tum.cit.aet.artemis.programming.service.jenkins.build_plan.JenkinsBuildPlanService.configureBuildPlanForParticipation(JenkinsBuildPlanService.java:196)
	at de.tum.cit.aet.artemis.programming.service.jenkins.JenkinsService.configureBuildPlan(JenkinsService.java:138)
	at java.base/java.lang.invoke.MethodHandle.invokeWithArguments(MethodHandle.java:733)
	at org.mockito.internal.util.reflection.InstrumentationMemberAccessor$Dispatcher$ByteBuddy$oog9jsgw.invokeWithArguments(Unknown Source)
	at org.mockito.internal.util.reflection.InstrumentationMemberAccessor.invoke(InstrumentationMemberAccessor.java:251)
	at org.mockito.internal.util.reflection.ModuleMemberAccessor.invoke(ModuleMemberAccessor.java:55)
	at org.mockito.internal.creation.bytebuddy.MockMethodAdvice.tryInvoke(MockMethodAdvice.java:314)
	at org.mockito.internal.creation.bytebuddy.MockMethodAdvice$RealMethodCall.invoke(MockMethodAdvice.java:234)
	at org.mockito.internal.invocation.InterceptedInvocation.callRealMethod(InterceptedInvocation.java:142)
	at org.mockito.internal.stubbing.answers.CallsRealMethods.answer(CallsRealMethods.java:45)
	at org.mockito.Answers.answer(Answers.java:90)
	at org.mockito.internal.handler.MockHandlerImpl.handle(MockHandlerImpl.java:111)
	at org.mockito.internal.handler.NullResultGuardian.handle(NullResultGuardian.java:29)
	at org.mockito.internal.handler.InvocationNotifierHandler.handle(InvocationNotifierHandler.java:34)
	at org.mockito.internal.creation.bytebuddy.MockMethodInterceptor.doIntercept(MockMethodInterceptor.java:82)
	at org.mockito.internal.creation.bytebuddy.MockMethodAdvice.handle(MockMethodAdvice.java:134)
	at de.tum.cit.aet.artemis.programming.service.jenkins.JenkinsService.configureBuildPlan(JenkinsService.java:138)
	at de.tum.cit.aet.artemis.exercise.service.ParticipationService.configureBuildPlan(ParticipationService.java:532)
	at de.tum.cit.aet.artemis.exercise.service.ParticipationService.startProgrammingParticipation(ParticipationService.java:298)
	at de.tum.cit.aet.artemis.exercise.service.ParticipationService.startProgrammingExercise(ParticipationService.java:265)
	at de.tum.cit.aet.artemis.exercise.service.ParticipationService.startExerciseWithInitializationDate(ParticipationService.java:192)
	at de.tum.cit.aet.artemis.exercise.service.ParticipationService.startExercise(ParticipationService.java:151)
	at de.tum.cit.aet.artemis.exam.service.StudentExamService.setUpExerciseParticipationsAndSubmissionsWithInitializationDate(StudentExamService.java:686)
	at de.tum.cit.aet.artemis.exam.service.StudentExamService.setUpExerciseParticipationsAndSubmissions(StudentExamService.java:800)
	at de.tum.cit.aet.artemis.exam.service.StudentExamService.lambda$startExercises$15(StudentExamService.java:735)
	at java.base/java.util.concurrent.CompletableFuture$AsyncRun.run(CompletableFuture.java:1804)
	at java.base/java.util.concurrent.ThreadPoolExecutor.runWorker(ThreadPoolExecutor.java:1144)
	at java.base/java.util.concurrent.ThreadPoolExecutor$Worker.run(ThreadPoolExecutor.java:642)
	at java.base/java.lang.Thread.run(Thread.java:1583)
    23:42:51.182 | 049 ool-972-thread-1 | ERROR | .a.a.p.s.j.b.JenkinsBuildPlanService : Pipeline Script not found
java.lang.IllegalArgumentException: Pipeline Script not found
	at de.tum.cit.aet.artemis.programming.service.jenkins.build_plan.JenkinsBuildPlanUtils.replaceScriptParameters(JenkinsBuildPlanUtils.java:29)
	at de.tum.cit.aet.artemis.programming.service.jenkins.build_plan.JenkinsBuildPlanService.updateBuildPlanRepositories(JenkinsBuildPlanService.java:219)
	at de.tum.cit.aet.artemis.programming.service.jenkins.build_plan.JenkinsBuildPlanService.configureBuildPlanForParticipation(JenkinsBuildPlanService.java:196)
	at de.tum.cit.aet.artemis.programming.service.jenkins.JenkinsService.configureBuildPlan(JenkinsService.java:138)
	at java.base/java.lang.invoke.MethodHandle.invokeWithArguments(MethodHandle.java:733)
	at org.mockito.internal.util.reflection.InstrumentationMemberAccessor$Dispatcher$ByteBuddy$oog9jsgw.invokeWithArguments(Unknown Source)
	at org.mockito.internal.util.reflection.InstrumentationMemberAccessor.invoke(InstrumentationMemberAccessor.java:251)
	at org.mockito.internal.util.reflection.ModuleMemberAccessor.invoke(ModuleMemberAccessor.java:55)
	at org.mockito.internal.creation.bytebuddy.MockMethodAdvice.tryInvoke(MockMethodAdvice.java:314)
	at org.mockito.internal.creation.bytebuddy.MockMethodAdvice$RealMethodCall.invoke(MockMethodAdvice.java:234)
	at org.mockito.internal.invocation.InterceptedInvocation.callRealMethod(InterceptedInvocation.java:142)
	at org.mockito.internal.stubbing.answers.CallsRealMethods.answer(CallsRealMethods.java:45)
	at org.mockito.Answers.answer(Answers.java:90)
	at org.mockito.internal.handler.MockHandlerImpl.handle(MockHandlerImpl.java:111)
	at org.mockito.internal.handler.NullResultGuardian.handle(NullResultGuardian.java:29)
	at org.mockito.internal.handler.InvocationNotifierHandler.handle(InvocationNotifierHandler.java:34)
	at org.mockito.internal.creation.bytebuddy.MockMethodInterceptor.doIntercept(MockMethodInterceptor.java:82)
	at org.mockito.internal.creation.bytebuddy.MockMethodAdvice.handle(MockMethodAdvice.java:134)
	at de.tum.cit.aet.artemis.programming.service.jenkins.JenkinsService.configureBuildPlan(JenkinsService.java:138)
	at de.tum.cit.aet.artemis.exercise.service.ParticipationService.configureBuildPlan(ParticipationService.java:532)
	at de.tum.cit.aet.artemis.exercise.service.ParticipationService.startProgrammingParticipation(ParticipationService.java:298)
	at de.tum.cit.aet.artemis.exercise.service.ParticipationService.startProgrammingExercise(ParticipationService.java:265)
	at de.tum.cit.aet.artemis.exercise.service.ParticipationService.startExerciseWithInitializationDate(ParticipationService.java:192)
	at de.tum.cit.aet.artemis.exercise.service.ParticipationService.startExercise(ParticipationService.java:151)
	at de.tum.cit.aet.artemis.exam.service.StudentExamService.setUpExerciseParticipationsAndSubmissionsWithInitializationDate(StudentExamService.java:686)
	at de.tum.cit.aet.artemis.exam.service.StudentExamService.setUpExerciseParticipationsAndSubmissions(StudentExamService.java:800)
	at de.tum.cit.aet.artemis.exam.service.StudentExamService.lambda$startExercises$15(StudentExamService.java:735)
	at java.base/java.util.concurrent.CompletableFuture$AsyncRun.run(CompletableFuture.java:1804)
	at java.base/java.util.concurrent.ThreadPoolExecutor.runWorker(ThreadPoolExecutor.java:1144)
	at java.base/java.util.concurrent.ThreadPoolExecutor$Worker.run(ThreadPoolExecutor.java:642)
	at java.base/java.lang.Thread.run(Thread.java:1583)
    23:42:51.183 | 051 ool-972-thread-3 | ERROR | .a.a.p.s.j.b.JenkinsBuildPlanService : Pipeline Script not found
java.lang.IllegalArgumentException: Pipeline Script not found
	at de.tum.cit.aet.artemis.programming.service.jenkins.build_plan.JenkinsBuildPlanUtils.replaceScriptParameters(JenkinsBuildPlanUtils.java:29)
	at de.tum.cit.aet.artemis.programming.service.jenkins.build_plan.JenkinsBuildPlanService.updateBuildPlanRepositories(JenkinsBuildPlanService.java:219)
	at de.tum.cit.aet.artemis.programming.service.jenkins.build_plan.JenkinsBuildPlanService.configureBuildPlanForParticipation(JenkinsBuildPlanService.java:196)
	at de.tum.cit.aet.artemis.programming.service.jenkins.JenkinsService.configureBuildPlan(JenkinsService.java:138)
	at java.base/java.lang.invoke.MethodHandle.invokeWithArguments(MethodHandle.java:733)
	at org.mockito.internal.util.reflection.InstrumentationMemberAccessor$Dispatcher$ByteBuddy$oog9jsgw.invokeWithArguments(Unknown Source)
	at org.mockito.internal.util.reflection.InstrumentationMemberAccessor.invoke(InstrumentationMemberAccessor.java:251)
	at org.mockito.internal.util.reflection.ModuleMemberAccessor.invoke(ModuleMemberAccessor.java:55)
	at org.mockito.internal.creation.bytebuddy.MockMethodAdvice.tryInvoke(MockMethodAdvice.java:314)
	at org.mockito.internal.creation.bytebuddy.MockMethodAdvice$RealMethodCall.invoke(MockMethodAdvice.java:234)
	at org.mockito.internal.invocation.InterceptedInvocation.callRealMethod(InterceptedInvocation.java:142)
	at org.mockito.internal.stubbing.answers.CallsRealMethods.answer(CallsRealMethods.java:45)
	at org.mockito.Answers.answer(Answers.java:90)
	at org.mockito.internal.handler.MockHandlerImpl.handle(MockHandlerImpl.java:111)
	at org.mockito.internal.handler.NullResultGuardian.handle(NullResultGuardian.java:29)
	at org.mockito.internal.handler.InvocationNotifierHandler.handle(InvocationNotifierHandler.java:34)
	at org.mockito.internal.creation.bytebuddy.MockMethodInterceptor.doIntercept(MockMethodInterceptor.java:82)
	at org.mockito.internal.creation.bytebuddy.MockMethodAdvice.handle(MockMethodAdvice.java:134)
	at de.tum.cit.aet.artemis.programming.service.jenkins.JenkinsService.configureBuildPlan(JenkinsService.java:138)
	at de.tum.cit.aet.artemis.exercise.service.ParticipationService.configureBuildPlan(ParticipationService.java:532)
	at de.tum.cit.aet.artemis.exercise.service.ParticipationService.startProgrammingParticipation(ParticipationService.java:298)
	at de.tum.cit.aet.artemis.exercise.service.ParticipationService.startProgrammingExercise(ParticipationService.java:265)
	at de.tum.cit.aet.artemis.exercise.service.ParticipationService.startExerciseWithInitializationDate(ParticipationService.java:192)
	at de.tum.cit.aet.artemis.exercise.service.ParticipationService.startExercise(ParticipationService.java:151)
	at de.tum.cit.aet.artemis.exam.service.StudentExamService.setUpExerciseParticipationsAndSubmissionsWithInitializationDate(StudentExamService.java:686)
	at de.tum.cit.aet.artemis.exam.service.StudentExamService.setUpExerciseParticipationsAndSubmissions(StudentExamService.java:800)
	at de.tum.cit.aet.artemis.exam.service.StudentExamService.lambda$startExercises$15(StudentExamService.java:735)
	at java.base/java.util.concurrent.CompletableFuture$AsyncRun.run(CompletableFuture.java:1804)
	at java.base/java.util.concurrent.ThreadPoolExecutor.runWorker(ThreadPoolExecutor.java:1144)
	at java.base/java.util.concurrent.ThreadPoolExecutor$Worker.run(ThreadPoolExecutor.java:642)
	at java.base/java.lang.Thread.run(Thread.java:1583)
    23:42:51.185 | 050 ool-972-thread-2 | ERROR | .a.a.p.s.j.b.JenkinsBuildPlanService : Pipeline Script not found
java.lang.IllegalArgumentException: Pipeline Script not found
	at de.tum.cit.aet.artemis.programming.service.jenkins.build_plan.JenkinsBuildPlanUtils.replaceScriptParameters(JenkinsBuildPlanUtils.java:29)
	at de.tum.cit.aet.artemis.programming.service.jenkins.build_plan.JenkinsBuildPlanService.updateBuildPlanRepositories(JenkinsBuildPlanService.java:219)
	at de.tum.cit.aet.artemis.programming.service.jenkins.build_plan.JenkinsBuildPlanService.configureBuildPlanForParticipation(JenkinsBuildPlanService.java:196)
	at de.tum.cit.aet.artemis.programming.service.jenkins.JenkinsService.configureBuildPlan(JenkinsService.java:138)
	at java.base/java.lang.invoke.MethodHandle.invokeWithArguments(MethodHandle.java:733)
	at org.mockito.internal.util.reflection.InstrumentationMemberAccessor$Dispatcher$ByteBuddy$oog9jsgw.invokeWithArguments(Unknown Source)
	at org.mockito.internal.util.reflection.InstrumentationMemberAccessor.invoke(InstrumentationMemberAccessor.java:251)
	at org.mockito.internal.util.reflection.ModuleMemberAccessor.invoke(ModuleMemberAccessor.java:55)
	at org.mockito.internal.creation.bytebuddy.MockMethodAdvice.tryInvoke(MockMethodAdvice.java:314)
	at org.mockito.internal.creation.bytebuddy.MockMethodAdvice$RealMethodCall.invoke(MockMethodAdvice.java:234)
	at org.mockito.internal.invocation.InterceptedInvocation.callRealMethod(InterceptedInvocation.java:142)
	at org.mockito.internal.stubbing.answers.CallsRealMethods.answer(CallsRealMethods.java:45)
	at org.mockito.Answers.answer(Answers.java:90)
	at org.mockito.internal.handler.MockHandlerImpl.handle(MockHandlerImpl.java:111)
	at org.mockito.internal.handler.NullResultGuardian.handle(NullResultGuardian.java:29)
	at org.mockito.internal.handler.InvocationNotifierHandler.handle(InvocationNotifierHandler.java:34)
	at org.mockito.internal.creation.bytebuddy.MockMethodInterceptor.doIntercept(MockMethodInterceptor.java:82)
	at org.mockito.internal.creation.bytebuddy.MockMethodAdvice.handle(MockMethodAdvice.java:134)
	at de.tum.cit.aet.artemis.programming.service.jenkins.JenkinsService.configureBuildPlan(JenkinsService.java:138)
	at de.tum.cit.aet.artemis.exercise.service.ParticipationService.configureBuildPlan(ParticipationService.java:532)
	at de.tum.cit.aet.artemis.exercise.service.ParticipationService.startProgrammingParticipation(ParticipationService.java:298)
	at de.tum.cit.aet.artemis.exercise.service.ParticipationService.startProgrammingExercise(ParticipationService.java:265)
	at de.tum.cit.aet.artemis.exercise.service.ParticipationService.startExerciseWithInitializationDate(ParticipationService.java:192)
	at de.tum.cit.aet.artemis.exercise.service.ParticipationService.startExercise(ParticipationService.java:151)
	at de.tum.cit.aet.artemis.exam.service.StudentExamService.setUpExerciseParticipationsAndSubmissionsWithInitializationDate(StudentExamService.java:686)
	at de.tum.cit.aet.artemis.exam.service.StudentExamService.setUpExerciseParticipationsAndSubmissions(StudentExamService.java:800)
	at de.tum.cit.aet.artemis.exam.service.StudentExamService.lambda$startExercises$15(StudentExamService.java:735)
	at java.base/java.util.concurrent.CompletableFuture$AsyncRun.run(CompletableFuture.java:1804)
	at java.base/java.util.concurrent.ThreadPoolExecutor.runWorker(ThreadPoolExecutor.java:1144)
	at java.base/java.util.concurrent.ThreadPoolExecutor$Worker.run(ThreadPoolExecutor.java:642)
	at java.base/java.lang.Thread.run(Thread.java:1583)
    23:42:51.202 | 049 ool-972-thread-1 | INFO  | d.t.c.a.a.p.s.gitlab.GitLabService   : Adding user 1 with permissions 30 to repository SHORT75F7CAEB04EF504E89086080C171ABC836F7T7F0/short75f7caeb04ef504e89086080c171abc836f7t7f0-examparticipationtesttutor2
    23:42:51.202 | 052 ool-972-thread-4 | ERROR | .a.a.p.s.j.b.JenkinsBuildPlanService : Pipeline Script not found
java.lang.IllegalArgumentException: Pipeline Script not found
	at de.tum.cit.aet.artemis.programming.service.jenkins.build_plan.JenkinsBuildPlanUtils.replaceScriptParameters(JenkinsBuildPlanUtils.java:29)
	at de.tum.cit.aet.artemis.programming.service.jenkins.build_plan.JenkinsBuildPlanService.updateBuildPlanRepositories(JenkinsBuildPlanService.java:219)
	at de.tum.cit.aet.artemis.programming.service.jenkins.build_plan.JenkinsBuildPlanService.configureBuildPlanForParticipation(JenkinsBuildPlanService.java:196)
	at de.tum.cit.aet.artemis.programming.service.jenkins.JenkinsService.configureBuildPlan(JenkinsService.java:138)
	at java.base/java.lang.invoke.MethodHandle.invokeWithArguments(MethodHandle.java:733)
	at org.mockito.internal.util.reflection.InstrumentationMemberAccessor$Dispatcher$ByteBuddy$oog9jsgw.invokeWithArguments(Unknown Source)
	at org.mockito.internal.util.reflection.InstrumentationMemberAccessor.invoke(InstrumentationMemberAccessor.java:251)
	at org.mockito.internal.util.reflection.ModuleMemberAccessor.invoke(ModuleMemberAccessor.java:55)
	at org.mockito.internal.creation.bytebuddy.MockMethodAdvice.tryInvoke(MockMethodAdvice.java:314)
	at org.mockito.internal.creation.bytebuddy.MockMethodAdvice$RealMethodCall.invoke(MockMethodAdvice.java:234)
	at org.mockito.internal.invocation.InterceptedInvocation.callRealMethod(InterceptedInvocation.java:142)
	at org.mockito.internal.stubbing.answers.CallsRealMethods.answer(CallsRealMethods.java:45)
	at org.mockito.Answers.answer(Answers.java:90)
	at org.mockito.internal.handler.MockHandlerImpl.handle(MockHandlerImpl.java:111)
	at org.mockito.internal.handler.NullResultGuardian.handle(NullResultGuardian.java:29)
	at org.mockito.internal.handler.InvocationNotifierHandler.handle(InvocationNotifierHandler.java:34)
	at org.mockito.internal.creation.bytebuddy.MockMethodInterceptor.doIntercept(MockMethodInterceptor.java:82)
	at org.mockito.internal.creation.bytebuddy.MockMethodAdvice.handle(MockMethodAdvice.java:134)
	at de.tum.cit.aet.artemis.programming.service.jenkins.JenkinsService.configureBuildPlan(JenkinsService.java:138)
	at de.tum.cit.aet.artemis.exercise.service.ParticipationService.configureBuildPlan(ParticipationService.java:532)
	at de.tum.cit.aet.artemis.exercise.service.ParticipationService.startProgrammingParticipation(ParticipationService.java:298)
	at de.tum.cit.aet.artemis.exercise.service.ParticipationService.startProgrammingExercise(ParticipationService.java:265)
	at de.tum.cit.aet.artemis.exercise.service.ParticipationService.startExerciseWithInitializationDate(ParticipationService.java:192)
	at de.tum.cit.aet.artemis.exercise.service.ParticipationService.startExercise(ParticipationService.java:151)
	at de.tum.cit.aet.artemis.exam.service.StudentExamService.setUpExerciseParticipationsAndSubmissionsWithInitializationDate(StudentExamService.java:686)
	at de.tum.cit.aet.artemis.exam.service.StudentExamService.setUpExerciseParticipationsAndSubmissions(StudentExamService.java:800)
	at de.tum.cit.aet.artemis.exam.service.StudentExamService.lambda$startExercises$15(StudentExamService.java:735)
	at java.base/java.util.concurrent.CompletableFuture$AsyncRun.run(CompletableFuture.java:1804)
	at java.base/java.util.concurrent.ThreadPoolExecutor.runWorker(ThreadPoolExecutor.java:1144)
	at java.base/java.util.concurrent.ThreadPoolExecutor$Worker.run(ThreadPoolExecutor.java:642)
	at java.base/java.lang.Thread.run(Thread.java:1583)
    23:42:51.203 | 053 ool-972-thread-5 | INFO  | d.t.c.a.a.p.s.gitlab.GitLabService   : Adding user 1 with permissions 30 to repository SHORT75F7CAEB04EF504E89086080C171ABC836F7T7F0/short75f7caeb04ef504e89086080c171abc836f7t7f0-examparticipationtesttutor1
    23:42:51.204 | 566 localvc.event-13 | DEBUG | a.a.b.s.SharedQueueProcessingService : Build job completed: BuildJobQueueItem[id=4651739576569330, name=SHORTB06DD3F905F4604F6E085260D83ED657A6DFTSTEXC-LOCALCIINTSTUDENT1, buildAgent=BuildAgentDTO[name=artemis-build-agent-test, memberAddress=[127.0.0.1]:5703, displayName=artemis-build-agent-test], participationId=465, courseId=148, exerciseId=299, retryCount=0, priority=2, status=null, repositoryInfo=RepositoryInfo[repositoryName=shortb06dd3f905f4604f6e085260d83ed657a6dftstexc-localciintstudent1, repositoryType=user, triggeredByPushTo=user, assignmentRepositoryUri=http://localhost:49152/git/SHORTB06DD3F905F4604F6E085260D83ED657A6DFTSTEXC/shortb06dd3f905f4604f6e085260d83ed657a6dftstexc-localciintstudent1.git, testRepositoryUri=http://localhost:49152/git/SHORTB06DD3F905F4604F6E085260D83ED657A6DFTSTEXC/shortb06dd3f905f4604f6e085260d83ed657a6dftstexc-tests.git, solutionRepositoryUri=null, auxiliaryRepositoryUris=[Ljava.lang.String;@74c3dfbd, auxiliaryRepositoryCheckoutDirectories=[Ljava.lang.String;@5f287d4a], jobTimingInfo=JobTimingInfo[submissionDate=2025-02-14T23:42:49.330093960Z[Etc/UTC], buildStartDate=2025-02-14T23:42:49.347797345Z[Etc/UTC], buildCompletionDate=null, estimatedCompletionDate=2025-02-14T23:43:08.347788449Z[Etc/UTC], estimatedDuration=19], buildConfig=BuildConfig[buildScript=#!/bin/bash
cd /var/tmp/testing-dir
chmod +x ./gradlew
./gradlew clean test
, dockerImage=dummy-docker-image:latest, commitHashToBuild=41581fff25954d36cf07586926ee0c77d1003131, assignmentCommitHash=41581fff25954d36cf07586926ee0c77d1003131, testCommitHash=41581fff25954d36cf07586926ee0c77d1003131, branch=main, programmingLanguage=JAVA, projectType=PLAIN_GRADLE, scaEnabled=false, sequentialTestRunsEnabled=false, resultPaths=[/var/tmp/testing-dir/**/test-results/test/*.xml], timeoutSeconds=0, assignmentCheckoutPath=null, testCheckoutPath=null, solutionCheckoutPath=null, dockerRunConfig=null], submissionResult=null]
    23:42:51.204 | 050 ool-972-thread-2 | INFO  | d.t.c.a.a.p.s.gitlab.GitLabService   : Adding user 1 with permissions 30 to repository SHORT75F7CAEB04EF504E89086080C171ABC836F7T7F0/short75f7caeb04ef504e89086080c171abc836f7t7f0-examparticipationteststudent1
    23:42:51.204 | 053 ool-972-thread-5 | INFO  | d.t.c.a.a.e.s.StudentExamService     : SUCCESS: Start exercise for student exam 112 and exercise 593 and student examparticipationtesttutor1
    23:42:51.205 | 049 ool-972-thread-1 | INFO  | d.t.c.a.a.e.s.StudentExamService     : SUCCESS: Start exercise for student exam 108 and exercise 593 and student examparticipationtesttutor2
    23:42:51.206 | 051 ool-972-thread-3 | INFO  | d.t.c.a.a.p.s.gitlab.GitLabService   : Adding user 1 with permissions 30 to repository SHORT75F7CAEB04EF504E89086080C171ABC836F7T7F0/short75f7caeb04ef504e89086080c171abc836f7t7f0-examparticipationteststudent2
    23:42:51.206 | 051 ool-972-thread-3 | INFO  | d.t.c.a.a.e.s.StudentExamService     : SUCCESS: Start exercise for student exam 110 and exercise 593 and student examparticipationteststudent2
    23:42:51.207 | 565 localvc.event-12 | DEBUG | a.p.s.l.LocalCIQueueWebsocketService : CIBuildJobQueueItem removed from processing jobs: BuildJobQueueItem[id=4651739576569330, name=SHORTB06DD3F905F4604F6E085260D83ED657A6DFTSTEXC-LOCALCIINTSTUDENT1, buildAgent=BuildAgentDTO[name=artemis-build-agent-test, memberAddress=[127.0.0.1]:5703, displayName=artemis-build-agent-test], participationId=465, courseId=148, exerciseId=299, retryCount=0, priority=2, status=null, repositoryInfo=RepositoryInfo[repositoryName=shortb06dd3f905f4604f6e085260d83ed657a6dftstexc-localciintstudent1, repositoryType=user, triggeredByPushTo=user, assignmentRepositoryUri=http://localhost:49152/git/SHORTB06DD3F905F4604F6E085260D83ED657A6DFTSTEXC/shortb06dd3f905f4604f6e085260d83ed657a6dftstexc-localciintstudent1.git, testRepositoryUri=http://localhost:49152/git/SHORTB06DD3F905F4604F6E085260D83ED657A6DFTSTEXC/shortb06dd3f905f4604f6e085260d83ed657a6dftstexc-tests.git, solutionRepositoryUri=null, auxiliaryRepositoryUris=[Ljava.lang.String;@10f35006, auxiliaryRepositoryCheckoutDirectories=[Ljava.lang.String;@5696aa1a], jobTimingInfo=JobTimingInfo[submissionDate=2025-02-14T23:42:49.330093960Z[Etc/UTC], buildStartDate=2025-02-14T23:42:49.347797345Z[Etc/UTC], buildCompletionDate=null, estimatedCompletionDate=2025-02-14T23:43:08.347788449Z[Etc/UTC], estimatedDuration=19], buildConfig=BuildConfig[buildScript=#!/bin/bash
cd /var/tmp/testing-dir
chmod +x ./gradlew
./gradlew clean test
, dockerImage=dummy-docker-image:latest, commitHashToBuild=41581fff25954d36cf07586926ee0c77d1003131, assignmentCommitHash=41581fff25954d36cf07586926ee0c77d1003131, testCommitHash=41581fff25954d36cf07586926ee0c77d1003131, branch=main, programmingLanguage=JAVA, projectType=PLAIN_GRADLE, scaEnabled=false, sequentialTestRunsEnabled=false, resultPaths=[/var/tmp/testing-dir/**/test-results/test/*.xml], timeoutSeconds=0, assignmentCheckoutPath=null, testCheckoutPath=null, solutionCheckoutPath=null, dockerRunConfig=null], submissionResult=null]
    23:42:51.208 | 565 localvc.event-12 | DEBUG | s.l.LocalCIWebsocketMessagingService : Sending message on topic /topic/admin/running-jobs: []
    23:42:51.209 | 050 ool-972-thread-2 | INFO  | d.t.c.a.a.e.s.StudentExamService     : SUCCESS: Start exercise for student exam 109 and exercise 593 and student examparticipationteststudent1
    23:42:51.212 | 566 localvc.event-13 | DEBUG | a.a.b.s.SharedQueueProcessingService : Currently processing jobs on this node: 0, active threads in Pool: 0, maximum pool size of thread executor : 1
    23:42:51.213 | 566 localvc.event-13 | DEBUG | s.l.LocalCIWebsocketMessagingService : Sending message on topic /topic/admin/queued-jobs: []
    23:42:51.213 | 052 ool-972-thread-4 | INFO  | d.t.c.a.a.p.s.gitlab.GitLabService   : Adding user 1 with permissions 30 to repository SHORT75F7CAEB04EF504E89086080C171ABC836F7T7F0/short75f7caeb04ef504e89086080c171abc836f7t7f0-examparticipationteststudent3
    23:42:51.213 | 566 localvc.event-13 | DEBUG | s.l.LocalCIWebsocketMessagingService : Sending message on topic /topic/courses/148/queued-jobs: []
    23:42:51.213 | 566 localvc.event-13 | DEBUG | a.a.b.s.SharedQueueProcessingService : CIBuildJobQueueItem removed from queue: BuildJobQueueItem[id=4651739576569330, name=SHORTB06DD3F905F4604F6E085260D83ED657A6DFTSTEXC-LOCALCIINTSTUDENT1, buildAgent=BuildAgentDTO[name=null, memberAddress=null, displayName=null], participationId=465, courseId=148, exerciseId=299, retryCount=0, priority=2, status=null, repositoryInfo=RepositoryInfo[repositoryName=shortb06dd3f905f4604f6e085260d83ed657a6dftstexc-localciintstudent1, repositoryType=user, triggeredByPushTo=user, assignmentRepositoryUri=http://localhost:49152/git/SHORTB06DD3F905F4604F6E085260D83ED657A6DFTSTEXC/shortb06dd3f905f4604f6e085260d83ed657a6dftstexc-localciintstudent1.git, testRepositoryUri=http://localhost:49152/git/SHORTB06DD3F905F4604F6E085260D83ED657A6DFTSTEXC/shortb06dd3f905f4604f6e085260d83ed657a6dftstexc-tests.git, solutionRepositoryUri=null, auxiliaryRepositoryUris=[Ljava.lang.String;@4b65768f, auxiliaryRepositoryCheckoutDirectories=[Ljava.lang.String;@6e76a133], jobTimingInfo=JobTimingInfo[submissionDate=2025-02-14T23:42:49.330093960Z[Etc/UTC], buildStartDate=null, buildCompletionDate=null, estimatedCompletionDate=null, estimatedDuration=19], buildConfig=BuildConfig[buildScript=#!/bin/bash
cd /var/tmp/testing-dir
chmod +x ./gradlew
./gradlew clean test
, dockerImage=dummy-docker-image:latest, commitHashToBuild=41581fff25954d36cf07586926ee0c77d1003131, assignmentCommitHash=41581fff25954d36cf07586926ee0c77d1003131, testCommitHash=41581fff25954d36cf07586926ee0c77d1003131, branch=main, programmingLanguage=JAVA, projectType=PLAIN_GRADLE, scaEnabled=false, sequentialTestRunsEnabled=false, resultPaths=[/var/tmp/testing-dir/**/test-results/test/*.xml], timeoutSeconds=0, assignmentCheckoutPath=null, testCheckoutPath=null, solutionCheckoutPath=null, dockerRunConfig=null], submissionResult=null]
    23:42:51.213 | 565 localvc.event-12 | DEBUG | s.l.LocalCIWebsocketMessagingService : Sending message on topic /topic/courses/148/running-jobs: []
    23:42:51.214 | 052 ool-972-thread-4 | INFO  | d.t.c.a.a.e.s.StudentExamService     : SUCCESS: Start exercise for student exam 111 and exercise 593 and student examparticipationteststudent3
    23:42:51.214 | 566 localvc.event-13 | DEBUG | a.p.s.l.LocalCIQueueWebsocketService : Build agent updated: BuildAgentInformation[buildAgent=BuildAgentDTO[name=artemis-build-agent-test, memberAddress=[127.0.0.1]:5703, displayName=artemis-build-agent-test], maxNumberOfConcurrentBuildJobs=1, numberOfCurrentBuildJobs=1, runningBuildJobs=[BuildJobQueueItem[id=4651739576569330, name=SHORTB06DD3F905F4604F6E085260D83ED657A6DFTSTEXC-LOCALCIINTSTUDENT1, buildAgent=BuildAgentDTO[name=artemis-build-agent-test, memberAddress=[127.0.0.1]:5703, displayName=artemis-build-agent-test], participationId=465, courseId=148, exerciseId=299, retryCount=0, priority=2, status=null, repositoryInfo=RepositoryInfo[repositoryName=shortb06dd3f905f4604f6e085260d83ed657a6dftstexc-localciintstudent1, repositoryType=user, triggeredByPushTo=user, assignmentRepositoryUri=http://localhost:49152/git/SHORTB06DD3F905F4604F6E085260D83ED657A6DFTSTEXC/shortb06dd3f905f4604f6e085260d83ed657a6dftstexc-localciintstudent1.git, testRepositoryUri=http://localhost:49152/git/SHORTB06DD3F905F4604F6E085260D83ED657A6DFTSTEXC/shortb06dd3f905f4604f6e085260d83ed657a6dftstexc-tests.git, solutionRepositoryUri=null, auxiliaryRepositoryUris=[Ljava.lang.String;@714957bb, auxiliaryRepositoryCheckoutDirectories=[Ljava.lang.String;@27ff4caa], jobTimingInfo=JobTimingInfo[submissionDate=2025-02-14T23:42:49.330093960Z[Etc/UTC], buildStartDate=2025-02-14T23:42:49.347797345Z[Etc/UTC], buildCompletionDate=null, estimatedCompletionDate=2025-02-14T23:43:08.347788449Z[Etc/UTC], estimatedDuration=19], buildConfig=BuildConfig[buildScript=#!/bin/bash
cd /var/tmp/testing-dir
chmod +x ./gradlew
./gradlew clean test
, dockerImage=dummy-docker-image:latest, commitHashToBuild=41581fff25954d36cf07586926ee0c77d1003131, assignmentCommitHash=41581fff25954d36cf07586926ee0c77d1003131, testCommitHash=41581fff25954d36cf07586926ee0c77d1003131, branch=main, programmingLanguage=JAVA, projectType=PLAIN_GRADLE, scaEnabled=false, sequentialTestRunsEnabled=false, resultPaths=[/var/tmp/testing-dir/**/test-results/test/*.xml], timeoutSeconds=0, assignmentCheckoutPath=null, testCheckoutPath=null, solutionCheckoutPath=null, dockerRunConfig=null], submissionResult=null]], status=ACTIVE, recentBuildJobs=[BuildJobQueueItem[id=4621739576562326, name=SHORT43ACF76B02BC1044B80938509D14043FABDETSTEXC-LOCALCIINTSTUDENT1, buildAgent=BuildAgentDTO[name=artemis-build-agent-test, memberAddress=[127.0.0.1]:5703, displayName=artemis-build-agent-test], participationId=462, courseId=147, exerciseId=298, retryCount=0, priority=2, status=SUCCESSFUL, repositoryInfo=RepositoryInfo[repositoryName=short43acf76b02bc1044b80938509d14043fabdetstexc-localciintstudent1, repositoryType=user, triggeredByPushTo=user, assignmentRepositoryUri=http://localhost:49152/git/SHORT43ACF76B02BC1044B80938509D14043FABDETSTEXC/short43acf76b02bc1044b80938509d14043fabdetstexc-localciintstudent1.git, testRepositoryUri=http://localhost:49152/git/SHORT43ACF76B02BC1044B80938509D14043FABDETSTEXC/short43acf76b02bc1044b80938509d14043fabdetstexc-tests.git, solutionRepositoryUri=null, auxiliaryRepositoryUris=[Ljava.lang.String;@47ce97d4, auxiliaryRepositoryCheckoutDirectories=[Ljava.lang.String;@1c6ac927], jobTimingInfo=JobTimingInfo[submissionDate=2025-02-14T23:42:42.326978596Z[Etc/UTC], buildStartDate=2025-02-14T23:42:42.420147010Z[Etc/UTC], buildCompletionDate=2025-02-14T23:42:45.573855829Z[Etc/UTC], estimatedCompletionDate=2025-02-14T23:43:01.420129377Z[Etc/UTC], estimatedDuration=19], buildConfig=BuildConfig[buildScript=#!/bin/bash
cd /var/tmp/testing-dir
chmod +x ./gradlew
./gradlew clean test
, dockerImage=dummy-docker-image:latest, commitHashToBuild=a9c717ccf7bcbe9531d3eee21dbaeb5aab2ff971, assignmentCommitHash=a9c717ccf7bcbe9531d3eee21dbaeb5aab2ff971, testCommitHash=a9c717ccf7bcbe9531d3eee21dbaeb5aab2ff971, branch=main, programmingLanguage=JAVA, projectType=PLAIN_GRADLE, scaEnabled=false, sequentialTestRunsEnabled=false, resultPaths=[/var/tmp/testing-dir/**/test-results/test/*.xml], timeoutSeconds=0, assignmentCheckoutPath=null, testCheckoutPath=null, solutionCheckoutPath=null, dockerRunConfig=DockerRunConfig[isNetworkDisabled=true, env=[key=value]]], submissionResult=ResultDTO[id=132, completionDate=2025-02-14T23:42:45.519869118Z[Etc/UTC], successful=false, score=7.7, rated=true, submission=SubmissionDTO[id=119, submitted=true, type=MANUAL, exampleSubmission=null, submissionDate=2025-02-14T23:42:42.302762Z, commitHash=a9c717ccf7bcbe9531d3eee21dbaeb5aab2ff971, buildFailed=false, buildArtifact=false, participation=ParticipationDTO[id=462, testRun=false, type=programming, submissionCount=null, exercise=ParticipationExerciseDTO[id=298, exerciseType=PROGRAMMING, type=programming, assessmentType=AUTOMATIC, dueDate=2025-02-16T23:42:41.553955Z, assessmentDueDate=null, maxPoints=42.0, course=CourseDTO[id=147, accuracyOfScores=1]]], submissionExerciseType=programming, isProcessing=false, buildStartDate=null, estimatedCompletionDate=null], participation=ParticipationDTO[id=462, testRun=false, type=programming, submissionCount=null, exercise=ParticipationExerciseDTO[id=298, exerciseType=PROGRAMMING, type=programming, assessmentType=AUTOMATIC, dueDate=2025-02-16T23:42:41.553955Z, assessmentDueDate=null, maxPoints=42.0, course=CourseDTO[id=147, accuracyOfScores=1]]], feedbacks=[FeedbackDTO[id=67, text=null, detailText=The exercise expects a class with the name Context in the package testpackage. You did not implement the class in the exercise., hasLongFeedbackText=false, reference=null, credits=0.0, positive=false, type=AUTOMATIC, visibility=ALWAYS, testCase=TestCaseDTO[testName=null, id=13]], FeedbackDTO[id=68, text=null, detailText=The exercise expects a class with the name Policy in the package testpackage. You did not implement the class in the exercise., hasLongFeedbackText=false, reference=null, credits=0.0, positive=false, type=AUTOMATIC, visibility=ALWAYS, testCase=TestCaseDTO[testName=null, id=14]], FeedbackDTO[id=69, text=null, detailText=The exercise expects a class with the name SortStrategy in the package testpackage. You did not implement the class in the exercise., hasLongFeedbackText=false, reference=null, credits=0.0, positive=false, type=AUTOMATIC, visibility=ALWAYS, testCase=TestCaseDTO[testName=null, id=15]], FeedbackDTO[id=70, text=null, detailText=The class 'MergeSort' does not implement the interface 'SortStrategy' as expected. Implement the interface and its methods., hasLongFeedbackText=false, reference=null, credits=0.0, positive=false, type=AUTOMATIC, visibility=ALWAYS, testCase=TestCaseDTO[testName=null, id=10]], FeedbackDTO[id=71, text=null, detailText=The exercise expects a class with the name SortStrategy in the package testpackage. You did not implement the class in the exercise., hasLongFeedbackText=false, reference=null, credits=0.0, positive=false, type=AUTOMATIC, visibility=ALWAYS, testCase=TestCaseDTO[testName=null, id=7]], FeedbackDTO[id=72, text=null, detailText=The class 'BubbleSort' does not implement the interface 'SortStrategy' as expected. Implement the interface and its methods., hasLongFeedbackText=false, reference=null, credits=0.0, positive=false, type=AUTOMATIC, visibility=ALWAYS, testCase=TestCaseDTO[testName=null, id=11]], FeedbackDTO[id=73, text=null, detailText=MergeSort does not sort correctly, hasLongFeedbackText=false, reference=null, credits=0.0, positive=false, type=AUTOMATIC, visibility=ALWAYS, testCase=TestCaseDTO[testName=null, id=16]], FeedbackDTO[id=74, text=null, detailText=The class 'Context' was not found within the submission. Make sure to implement it properly., hasLongFeedbackText=false, reference=null, credits=0.0, positive=false, type=AUTOMATIC, visibility=ALWAYS, testCase=TestCaseDTO[testName=null, id=17]], FeedbackDTO[id=75, text=null, detailText=The class 'Context' was not found within the submission. Make sure to implement it properly., hasLongFeedbackText=false, reference=null, credits=0.0, positive=false, type=AUTOMATIC, visibility=ALWAYS, testCase=TestCaseDTO[testName=null, id=18]], FeedbackDTO[id=76, text=null, detailText=The exercise expects a class with the name Policy in the package testpackage. You did not implement the class in the exercise., hasLongFeedbackText=false, reference=null, credits=0.0, positive=false, type=AUTOMATIC, visibility=ALWAYS, testCase=TestCaseDTO[testName=null, id=12]], FeedbackDTO[id=77, text=null, detailText=The exercise expects a class with the name Context in the package testpackage. You did not implement the class in the exercise., hasLongFeedbackText=false, reference=null, credits=0.0, positive=false, type=AUTOMATIC, visibility=ALWAYS, testCase=TestCaseDTO[testName=null, id=8]], FeedbackDTO[id=78, text=null, detailText=The exercise expects a class with the name Policy in the package testpackage. You did not implement the class in the exercise., hasLongFeedbackText=false, reference=null, credits=0.0, positive=false, type=AUTOMATIC, visibility=ALWAYS, testCase=TestCaseDTO[testName=null, id=9]], FeedbackDTO[id=79, text=null, detailText=null, hasLongFeedbackText=false, reference=null, credits=3.230769230769231, positive=true, type=AUTOMATIC, visibility=ALWAYS, testCase=TestCaseDTO[testName=null, id=19]]], assessmentType=AUTOMATIC, hasComplaint=null, exampleResult=null, testCaseCount=13, passedTestCaseCount=1, codeIssueCount=0]]], publicSshKey=ssh-rsa AAAAB3NzaC1yc2EAAAADAQABAAACAQCOPdMsxRE2jFJ/UEa5/LsBxtwzJcrh3/rYBCQvcMeVpiRfhzQPWu7mrt/G2Ew+i+vRloGH9aqKg6dd1liRncao53Zmd/ePxoatXePNhmzTfkCkcSkTUz7B+QMjkoDDV5jwuFPD6mF3JkhuzSi64n9Zy905t4w2IhVcjM2mL3eYNjiCXt6Qpq3Pkt7dM/Ksw1nxnvuiIALuJLB3FTkXkHqq3PJav+9HSq2r6ZaWgekneaGxlQlb+U+Vy3XOuArKAzK8c8i+0bR+AHiTG6ncYXt7ax3U+TdlDTF7OLP3umwaYjs1NBXOHwG42pevvpKn2fqavZZozk+M05jXLx3bq0O7itxfErWc7etky8qYPyyIMF/txQIVLd78+Ze4d7Y60t5MGbXM5cGE6fFif5fEJwgswXD+BrG0cafz1CTatjSKFdvp8Vp4VszXhHDan1PrP6JEFJ5Cc5GDmLRZPCFa3vL9f5qXgf4bkqKN8MYeEujwJE5nMRWoiJVNakix2bcrrneQMBlnYeYZVWXXXUusAQBzl4NgddC1umZpihZkL1b1MffZAUW3EGEXi7KHnllQhkTLLsQ8ntMgbylqaJKStqaXlLvdeRJcEnUuiFCrHEVVbXRFZR7XVDZ02CE5o3MuaRPty8Kh+jRTF3COlAckHwYEJCNNJvXFgb2CNXL4mjzYDw== test@localhost]
    23:42:51.216 | 566 localvc.event-13 | DEBUG | s.l.LocalCIWebsocketMessagingService : Sending message on topic /topic/admin/build-agents: [BuildAgentInformation[buildAgent=BuildAgentDTO[name=artemis-build-agent-test, memberAddress=[127.0.0.1]:5703, displayName=artemis-build-agent-test], maxNumberOfConcurrentBuildJobs=1, numberOfCurrentBuildJobs=0, runningBuildJobs=[], status=IDLE, recentBuildJobs=null, publicSshKey=null]]
    23:42:51.217 | 566 localvc.event-13 | DEBUG | s.l.LocalCIWebsocketMessagingService : Sending message on topic /topic/admin/build-agent/artemis-build-agent-test: BuildAgentInformation[buildAgent=BuildAgentDTO[name=artemis-build-agent-test, memberAddress=[127.0.0.1]:5703, displayName=artemis-build-agent-test], maxNumberOfConcurrentBuildJobs=1, numberOfCurrentBuildJobs=0, runningBuildJobs=[], status=IDLE, recentBuildJobs=[BuildJobQueueItem[id=4621739576562326, name=SHORT43ACF76B02BC1044B80938509D14043FABDETSTEXC-LOCALCIINTSTUDENT1, buildAgent=BuildAgentDTO[name=artemis-build-agent-test, memberAddress=[127.0.0.1]:5703, displayName=artemis-build-agent-test], participationId=462, courseId=147, exerciseId=298, retryCount=0, priority=2, status=SUCCESSFUL, repositoryInfo=RepositoryInfo[repositoryName=short43acf76b02bc1044b80938509d14043fabdetstexc-localciintstudent1, repositoryType=user, triggeredByPushTo=user, assignmentRepositoryUri=http://localhost:49152/git/SHORT43ACF76B02BC1044B80938509D14043FABDETSTEXC/short43acf76b02bc1044b80938509d14043fabdetstexc-localciintstudent1.git, testRepositoryUri=http://localhost:49152/git/SHORT43ACF76B02BC1044B80938509D14043FABDETSTEXC/short43acf76b02bc1044b80938509d14043fabdetstexc-tests.git, solutionRepositoryUri=null, auxiliaryRepositoryUris=[Ljava.lang.String;@49216b63, auxiliaryRepositoryCheckoutDirectories=[Ljava.lang.String;@348b091], jobTimingInfo=JobTimingInfo[submissionDate=2025-02-14T23:42:42.326978596Z[Etc/UTC], buildStartDate=2025-02-14T23:42:42.420147010Z[Etc/UTC], buildCompletionDate=2025-02-14T23:42:45.573855829Z[Etc/UTC], estimatedCompletionDate=2025-02-14T23:43:01.420129377Z[Etc/UTC], estimatedDuration=19], buildConfig=BuildConfig[buildScript=#!/bin/bash
cd /var/tmp/testing-dir
chmod +x ./gradlew
./gradlew clean test
, dockerImage=dummy-docker-image:latest, commitHashToBuild=a9c717ccf7bcbe9531d3eee21dbaeb5aab2ff971, assignmentCommitHash=a9c717ccf7bcbe9531d3eee21dbaeb5aab2ff971, testCommitHash=a9c717ccf7bcbe9531d3eee21dbaeb5aab2ff971, branch=main, programmingLanguage=JAVA, projectType=PLAIN_GRADLE, scaEnabled=false, sequentialTestRunsEnabled=false, resultPaths=[/var/tmp/testing-dir/**/test-results/test/*.xml], timeoutSeconds=0, assignmentCheckoutPath=null, testCheckoutPath=null, solutionCheckoutPath=null, dockerRunConfig=DockerRunConfig[isNetworkDisabled=true, env=[key=value]]], submissionResult=ResultDTO[id=132, completionDate=2025-02-14T23:42:45.519869118Z[Etc/UTC], successful=false, score=7.7, rated=true, submission=SubmissionDTO[id=119, submitted=true, type=MANUAL, exampleSubmission=null, submissionDate=2025-02-14T23:42:42.302762Z, commitHash=a9c717ccf7bcbe9531d3eee21dbaeb5aab2ff971, buildFailed=false, buildArtifact=false, participation=ParticipationDTO[id=462, testRun=false, type=programming, submissionCount=null, exercise=ParticipationExerciseDTO[id=298, exerciseType=PROGRAMMING, type=programming, assessmentType=AUTOMATIC, dueDate=2025-02-16T23:42:41.553955Z, assessmentDueDate=null, maxPoints=42.0, course=CourseDTO[id=147, accuracyOfScores=1]]], submissionExerciseType=programming, isProcessing=false, buildStartDate=null, estimatedCompletionDate=null], participation=ParticipationDTO[id=462, testRun=false, type=programming, submissionCount=null, exercise=ParticipationExerciseDTO[id=298, exerciseType=PROGRAMMING, type=programming, assessmentType=AUTOMATIC, dueDate=2025-02-16T23:42:41.553955Z, assessmentDueDate=null, maxPoints=42.0, course=CourseDTO[id=147, accuracyOfScores=1]]], feedbacks=[FeedbackDTO[id=67, text=null, detailText=The exercise expects a class with the name Context in the package testpackage. You did not implement the class in the exercise., hasLongFeedbackText=false, reference=null, credits=0.0, positive=false, type=AUTOMATIC, visibility=ALWAYS, testCase=TestCaseDTO[testName=null, id=13]], FeedbackDTO[id=68, text=null, detailText=The exercise expects a class with the name Policy in the package testpackage. You did not implement the class in the exercise., hasLongFeedbackText=false, reference=null, credits=0.0, positive=false, type=AUTOMATIC, visibility=ALWAYS, testCase=TestCaseDTO[testName=null, id=14]], FeedbackDTO[id=69, text=null, detailText=The exercise expects a class with the name SortStrategy in the package testpackage. You did not implement the class in the exercise., hasLongFeedbackText=false, reference=null, credits=0.0, positive=false, type=AUTOMATIC, visibility=ALWAYS, testCase=TestCaseDTO[testName=null, id=15]], FeedbackDTO[id=70, text=null, detailText=The class 'MergeSort' does not implement the interface 'SortStrategy' as expected. Implement the interface and its methods., hasLongFeedbackText=false, reference=null, credits=0.0, positive=false, type=AUTOMATIC, visibility=ALWAYS, testCase=TestCaseDTO[testName=null, id=10]], FeedbackDTO[id=71, text=null, detailText=The exercise expects a class with the name SortStrategy in the package testpackage. You did not implement the class in the exercise., hasLongFeedbackText=false, reference=null, credits=0.0, positive=false, type=AUTOMATIC, visibility=ALWAYS, testCase=TestCaseDTO[testName=null, id=7]], FeedbackDTO[id=72, text=null, detailText=The class 'BubbleSort' does not implement the interface 'SortStrategy' as expected. Implement the interface and its methods., hasLongFeedbackText=false, reference=null, credits=0.0, positive=false, type=AUTOMATIC, visibility=ALWAYS, testCase=TestCaseDTO[testName=null, id=11]], FeedbackDTO[id=73, text=null, detailText=MergeSort does not sort correctly, hasLongFeedbackText=false, reference=null, credits=0.0, positive=false, type=AUTOMATIC, visibility=ALWAYS, testCase=TestCaseDTO[testName=null, id=16]], FeedbackDTO[id=74, text=null, detailText=The class 'Context' was not found within the submission. Make sure to implement it properly., hasLongFeedbackText=false, reference=null, credits=0.0, positive=false, type=AUTOMATIC, visibility=ALWAYS, testCase=TestCaseDTO[testName=null, id=17]], FeedbackDTO[id=75, text=null, detailText=The class 'Context' was not found within the submission. Make sure to implement it properly., hasLongFeedbackText=false, reference=null, credits=0.0, positive=false, type=AUTOMATIC, visibility=ALWAYS, testCase=TestCaseDTO[testName=null, id=18]], FeedbackDTO[id=76, text=null, detailText=The exercise expects a class with the name Policy in the package testpackage. You did not implement the class in the exercise., hasLongFeedbackText=false, reference=null, credits=0.0, positive=false, type=AUTOMATIC, visibility=ALWAYS, testCase=TestCaseDTO[testName=null, id=12]], FeedbackDTO[id=77, text=null, detailText=The exercise expects a class with the name Context in the package testpackage. You did not implement the class in the exercise., hasLongFeedbackText=false, reference=null, credits=0.0, positive=false, type=AUTOMATIC, visibility=ALWAYS, testCase=TestCaseDTO[testName=null, id=8]], FeedbackDTO[id=78, text=null, detailText=The exercise expects a class with the name Policy in the package testpackage. You did not implement the class in the exercise., hasLongFeedbackText=false, reference=null, credits=0.0, positive=false, type=AUTOMATIC, visibility=ALWAYS, testCase=TestCaseDTO[testName=null, id=9]], FeedbackDTO[id=79, text=null, detailText=null, hasLongFeedbackText=false, reference=null, credits=3.230769230769231, positive=true, type=AUTOMATIC, visibility=ALWAYS, testCase=TestCaseDTO[testName=null, id=19]]], assessmentType=AUTOMATIC, hasComplaint=null, exampleResult=null, testCaseCount=13, passedTestCaseCount=1, codeIssueCount=0]], BuildJobQueueItem[id=4651739576569330, name=SHORTB06DD3F905F4604F6E085260D83ED657A6DFTSTEXC-LOCALCIINTSTUDENT1, buildAgent=BuildAgentDTO[name=artemis-build-agent-test, memberAddress=[127.0.0.1]:5703, displayName=artemis-build-agent-test], participationId=465, courseId=148, exerciseId=299, retryCount=0, priority=2, status=SUCCESSFUL, repositoryInfo=RepositoryInfo[repositoryName=shortb06dd3f905f4604f6e085260d83ed657a6dftstexc-localciintstudent1, repositoryType=user, triggeredByPushTo=user, assignmentRepositoryUri=http://localhost:49152/git/SHORTB06DD3F905F4604F6E085260D83ED657A6DFTSTEXC/shortb06dd3f905f4604f6e085260d83ed657a6dftstexc-localciintstudent1.git, testRepositoryUri=http://localhost:49152/git/SHORTB06DD3F905F4604F6E085260D83ED657A6DFTSTEXC/shortb06dd3f905f4604f6e085260d83ed657a6dftstexc-tests.git, solutionRepositoryUri=null, auxiliaryRepositoryUris=[Ljava.lang.String;@96bd827, auxiliaryRepositoryCheckoutDirectories=[Ljava.lang.String;@62fc7605], jobTimingInfo=JobTimingInfo[submissionDate=2025-02-14T23:42:49.330093960Z[Etc/UTC], buildStartDate=2025-02-14T23:42:49.347797345Z[Etc/UTC], buildCompletionDate=2025-02-14T23:42:51.204319751Z[Etc/UTC], estimatedCompletionDate=2025-02-14T23:43:08.347788449Z[Etc/UTC], estimatedDuration=19], buildConfig=BuildConfig[buildScript=#!/bin/bash
cd /var/tmp/testing-dir
chmod +x ./gradlew
./gradlew clean test
, dockerImage=dummy-docker-image:latest, commitHashToBuild=41581fff25954d36cf07586926ee0c77d1003131, assignmentCommitHash=41581fff25954d36cf07586926ee0c77d1003131, testCommitHash=41581fff25954d36cf07586926ee0c77d1003131, branch=main, programmingLanguage=JAVA, projectType=PLAIN_GRADLE, scaEnabled=false, sequentialTestRunsEnabled=false, resultPaths=[/var/tmp/testing-dir/**/test-results/test/*.xml], timeoutSeconds=0, assignmentCheckoutPath=null, testCheckoutPath=null, solutionCheckoutPath=null, dockerRunConfig=null], submissionResult=null]], publicSshKey=ssh-rsa AAAAB3NzaC1yc2EAAAADAQABAAACAQCOPdMsxRE2jFJ/UEa5/LsBxtwzJcrh3/rYBCQvcMeVpiRfhzQPWu7mrt/G2Ew+i+vRloGH9aqKg6dd1liRncao53Zmd/ePxoatXePNhmzTfkCkcSkTUz7B+QMjkoDDV5jwuFPD6mF3JkhuzSi64n9Zy905t4w2IhVcjM2mL3eYNjiCXt6Qpq3Pkt7dM/Ksw1nxnvuiIALuJLB3FTkXkHqq3PJav+9HSq2r6ZaWgekneaGxlQlb+U+Vy3XOuArKAzK8c8i+0bR+AHiTG6ncYXt7ax3U+TdlDTF7OLP3umwaYjs1NBXOHwG42pevvpKn2fqavZZozk+M05jXLx3bq0O7itxfErWc7etky8qYPyyIMF/txQIVLd78+Ze4d7Y60t5MGbXM5cGE6fFif5fEJwgswXD+BrG0cafz1CTatjSKFdvp8Vp4VszXhHDan1PrP6JEFJ5Cc5GDmLRZPCFa3vL9f5qXgf4bkqKN8MYeEujwJE5nMRWoiJVNakix2bcrrneQMBlnYeYZVWXXXUusAQBzl4NgddC1umZpihZkL1b1MffZAUW3EGEXi7KHnllQhkTLLsQ8ntMgbylqaJKStqaXlLvdeRJcEnUuiFCrHEVVbXRFZR7XVDZ02CE5o3MuaRPty8Kh+jRTF3COlAckHwYEJCNNJvXFgb2CNXL4mjzYDw== test@localhost]
    23:42:51.217 | 362 ool-1-worker-126 | INFO  | d.t.c.a.a.e.web.StudentExamResource  : Generated 35 participations in 248.33ms for student exams of exam 526
    23:42:51.217 | 362 ool-1-worker-126 | INFO  | .c.s.m.InstanceMessageReceiveService : Received reschedule of exam during conduction 526
    23:42:51.217 | 566 localvc.event-13 | DEBUG | a.p.s.l.SharedQueueManagementService : Build agent updated: null
    23:42:51.221 | 566 localvc.event-13 | DEBUG | p.s.l.LocalCIResultProcessingService : Result of build job with id 4651739576569330 added to queue
    23:42:51.221 | 566 localvc.event-13 | INFO  | p.s.l.LocalCIResultProcessingService : Processing build job result with id 4651739576569330
    23:42:51.221 | 566 localvc.event-13 | DEBUG | p.s.l.LocalCIResultProcessingService : Build jobs waiting in queue: 0
    23:42:51.221 | 566 localvc.event-13 | DEBUG | p.s.l.LocalCIResultProcessingService : Queued build jobs: []
    23:42:51.223 | 566 localvc.event-13 | DEBUG | .s.ProgrammingExerciseGradingService : Received new build result (NEW) for participation 465
    23:42:51.243 | 566 localvc.event-13 | DEBUG | .c.s.m.InstanceMessageReceiveService : Received schedule participant score for exercise 299 and participant 37 (result to be deleted: null)
    23:42:51.243 | 566 localvc.event-13 | DEBUG | .a.s.ParticipantScoreScheduleService : Scheduled task for exercise 299 and participant 37 at 2025-02-14T23:42:51.343090814Z[Etc/UTC].
    23:42:51.245 | 566 localvc.event-13 | DEBUG | .a.a.p.s.ProgrammingMessagingService : Send result to client over websocket. Result: Result{id133, completionDate=2025-02-14T23:42:51.155372920Z[Etc/UTC], successful=false, score=7.7, rated=true, assessmentType=AUTOMATIC, hasComplaint=null, testCaseCount=13, passedTestCaseCount=1, codeIssueCount=0}, Submission: ProgrammingSubmission{commitHash='41581fff25954d36cf07586926ee0c77d1003131', buildFailed=false, buildArtifact=false, type=MANUAL}, Participation: ProgrammingExerciseStudentParticipation{id=465, repositoryUri='http://localhost:49152/git/SHORTB06DD3F905F4604F6E085260D83ED657A6DFTSTEXC/shortb06dd3f905f4604f6e085260d83ed657a6dftstexc-localciintstudent1.git', buildPlanId='SHORTB06DD3F905F4604F6E085260D83ED657A6DFTSTEXC-LOCALCIINTSTUDENT1', initializationState='INITIALIZED', initializationDate='2025-02-14T23:42:49.306905Z', individualDueDate=null', presentationScore=null}
    23:42:51.247 | 362 ool-1-worker-126 | DEBUG | t.c.a.a.e.s.ExerciseLifecycleService : Scheduled 1 Tasks for Exercise "Programmingc38" (#593) to trigger on DUE.
    23:42:51.250 | 362 ool-1-worker-126 | DEBUG | d.t.c.a.a.c.s.f.ApiVersionFilter     : Adding Version to Request GET /api/courses/215/exams/526/student-exams/start-exercises/status
    23:42:51.258 | 566 localvc.event-13 | DEBUG | d.t.c.a.a.p.s.BuildLogEntryService   : Saved build logs for build job 4651739576569330 to file /tmp/build-logs/shortb06dd3f905f4604f6e085260d83ed657a6df/TSTEXC/4651739576569330.log
    23:42:51.260 | 566 localvc.event-13 | DEBUG | a.p.s.l.LocalCIQueueWebsocketService : Build agent updated: BuildAgentInformation[buildAgent=BuildAgentDTO[name=artemis-build-agent-test, memberAddress=[127.0.0.1]:5703, displayName=artemis-build-agent-test], maxNumberOfConcurrentBuildJobs=1, numberOfCurrentBuildJobs=0, runningBuildJobs=[], status=IDLE, recentBuildJobs=[BuildJobQueueItem[id=4621739576562326, name=SHORT43ACF76B02BC1044B80938509D14043FABDETSTEXC-LOCALCIINTSTUDENT1, buildAgent=BuildAgentDTO[name=artemis-build-agent-test, memberAddress=[127.0.0.1]:5703, displayName=artemis-build-agent-test], participationId=462, courseId=147, exerciseId=298, retryCount=0, priority=2, status=SUCCESSFUL, repositoryInfo=RepositoryInfo[repositoryName=short43acf76b02bc1044b80938509d14043fabdetstexc-localciintstudent1, repositoryType=user, triggeredByPushTo=user, assignmentRepositoryUri=http://localhost:49152/git/SHORT43ACF76B02BC1044B80938509D14043FABDETSTEXC/short43acf76b02bc1044b80938509d14043fabdetstexc-localciintstudent1.git, testRepositoryUri=http://localhost:49152/git/SHORT43ACF76B02BC1044B80938509D14043FABDETSTEXC/short43acf76b02bc1044b80938509d14043fabdetstexc-tests.git, solutionRepositoryUri=null, auxiliaryRepositoryUris=[Ljava.lang.String;@1cdb0bd5, auxiliaryRepositoryCheckoutDirectories=[Ljava.lang.String;@53ca38e], jobTimingInfo=JobTimingInfo[submissionDate=2025-02-14T23:42:42.326978596Z[Etc/UTC], buildStartDate=2025-02-14T23:42:42.420147010Z[Etc/UTC], buildCompletionDate=2025-02-14T23:42:45.573855829Z[Etc/UTC], estimatedCompletionDate=2025-02-14T23:43:01.420129377Z[Etc/UTC], estimatedDuration=19], buildConfig=BuildConfig[buildScript=#!/bin/bash
cd /var/tmp/testing-dir
chmod +x ./gradlew
./gradlew clean test
, dockerImage=dummy-docker-image:latest, commitHashToBuild=a9c717ccf7bcbe9531d3eee21dbaeb5aab2ff971, assignmentCommitHash=a9c717ccf7bcbe9531d3eee21dbaeb5aab2ff971, testCommitHash=a9c717ccf7bcbe9531d3eee21dbaeb5aab2ff971, branch=main, programmingLanguage=JAVA, projectType=PLAIN_GRADLE, scaEnabled=false, sequentialTestRunsEnabled=false, resultPaths=[/var/tmp/testing-dir/**/test-results/test/*.xml], timeoutSeconds=0, assignmentCheckoutPath=null, testCheckoutPath=null, solutionCheckoutPath=null, dockerRunConfig=DockerRunConfig[isNetworkDisabled=true, env=[key=value]]], submissionResult=ResultDTO[id=132, completionDate=2025-02-14T23:42:45.519869118Z[Etc/UTC], successful=false, score=7.7, rated=true, submission=SubmissionDTO[id=119, submitted=true, type=MANUAL, exampleSubmission=null, submissionDate=2025-02-14T23:42:42.302762Z, commitHash=a9c717ccf7bcbe9531d3eee21dbaeb5aab2ff971, buildFailed=false, buildArtifact=false, participation=ParticipationDTO[id=462, testRun=false, type=programming, submissionCount=null, exercise=ParticipationExerciseDTO[id=298, exerciseType=PROGRAMMING, type=programming, assessmentType=AUTOMATIC, dueDate=2025-02-16T23:42:41.553955Z, assessmentDueDate=null, maxPoints=42.0, course=CourseDTO[id=147, accuracyOfScores=1]]], submissionExerciseType=programming, isProcessing=false, buildStartDate=null, estimatedCompletionDate=null], participation=ParticipationDTO[id=462, testRun=false, type=programming, submissionCount=null, exercise=ParticipationExerciseDTO[id=298, exerciseType=PROGRAMMING, type=programming, assessmentType=AUTOMATIC, dueDate=2025-02-16T23:42:41.553955Z, assessmentDueDate=null, maxPoints=42.0, course=CourseDTO[id=147, accuracyOfScores=1]]], feedbacks=[FeedbackDTO[id=67, text=null, detailText=The exercise expects a class with the name Context in the package testpackage. You did not implement the class in the exercise., hasLongFeedbackText=false, reference=null, credits=0.0, positive=false, type=AUTOMATIC, visibility=ALWAYS, testCase=TestCaseDTO[testName=null, id=13]], FeedbackDTO[id=68, text=null, detailText=The exercise expects a class with the name Policy in the package testpackage. You did not implement the class in the exercise., hasLongFeedbackText=false, reference=null, credits=0.0, positive=false, type=AUTOMATIC, visibility=ALWAYS, testCase=TestCaseDTO[testName=null, id=14]], FeedbackDTO[id=69, text=null, detailText=The exercise expects a class with the name SortStrategy in the package testpackage. You did not implement the class in the exercise., hasLongFeedbackText=false, reference=null, credits=0.0, positive=false, type=AUTOMATIC, visibility=ALWAYS, testCase=TestCaseDTO[testName=null, id=15]], FeedbackDTO[id=70, text=null, detailText=The class 'MergeSort' does not implement the interface 'SortStrategy' as expected. Implement the interface and its methods., hasLongFeedbackText=false, reference=null, credits=0.0, positive=false, type=AUTOMATIC, visibility=ALWAYS, testCase=TestCaseDTO[testName=null, id=10]], FeedbackDTO[id=71, text=null, detailText=The exercise expects a class with the name SortStrategy in the package testpackage. You did not implement the class in the exercise., hasLongFeedbackText=false, reference=null, credits=0.0, positive=false, type=AUTOMATIC, visibility=ALWAYS, testCase=TestCaseDTO[testName=null, id=7]], FeedbackDTO[id=72, text=null, detailText=The class 'BubbleSort' does not implement the interface 'SortStrategy' as expected. Implement the interface and its methods., hasLongFeedbackText=false, reference=null, credits=0.0, positive=false, type=AUTOMATIC, visibility=ALWAYS, testCase=TestCaseDTO[testName=null, id=11]], FeedbackDTO[id=73, text=null, detailText=MergeSort does not sort correctly, hasLongFeedbackText=false, reference=null, credits=0.0, positive=false, type=AUTOMATIC, visibility=ALWAYS, testCase=TestCaseDTO[testName=null, id=16]], FeedbackDTO[id=74, text=null, detailText=The class 'Context' was not found within the submission. Make sure to implement it properly., hasLongFeedbackText=false, reference=null, credits=0.0, positive=false, type=AUTOMATIC, visibility=ALWAYS, testCase=TestCaseDTO[testName=null, id=17]], FeedbackDTO[id=75, text=null, detailText=The class 'Context' was not found within the submission. Make sure to implement it properly., hasLongFeedbackText=false, reference=null, credits=0.0, positive=false, type=AUTOMATIC, visibility=ALWAYS, testCase=TestCaseDTO[testName=null, id=18]], FeedbackDTO[id=76, text=null, detailText=The exercise expects a class with the name Policy in the package testpackage. You did not implement the class in the exercise., hasLongFeedbackText=false, reference=null, credits=0.0, positive=false, type=AUTOMATIC, visibility=ALWAYS, testCase=TestCaseDTO[testName=null, id=12]], FeedbackDTO[id=77, text=null, detailText=The exercise expects a class with the name Context in the package testpackage. You did not implement the class in the exercise., hasLongFeedbackText=false, reference=null, credits=0.0, positive=false, type=AUTOMATIC, visibility=ALWAYS, testCase=TestCaseDTO[testName=null, id=8]], FeedbackDTO[id=78, text=null, detailText=The exercise expects a class with the name Policy in the package testpackage. You did not implement the class in the exercise., hasLongFeedbackText=false, reference=null, credits=0.0, positive=false, type=AUTOMATIC, visibility=ALWAYS, testCase=TestCaseDTO[testName=null, id=9]], FeedbackDTO[id=79, text=null, detailText=null, hasLongFeedbackText=false, reference=null, credits=3.230769230769231, positive=true, type=AUTOMATIC, visibility=ALWAYS, testCase=TestCaseDTO[testName=null, id=19]]], assessmentType=AUTOMATIC, hasComplaint=null, exampleResult=null, testCaseCount=13, passedTestCaseCount=1, codeIssueCount=0]], BuildJobQueueItem[id=4651739576569330, name=SHORTB06DD3F905F4604F6E085260D83ED657A6DFTSTEXC-LOCALCIINTSTUDENT1, buildAgent=BuildAgentDTO[name=artemis-build-agent-test, memberAddress=[127.0.0.1]:5703, displayName=artemis-build-agent-test], participationId=465, courseId=148, exerciseId=299, retryCount=0, priority=2, status=SUCCESSFUL, repositoryInfo=RepositoryInfo[repositoryName=shortb06dd3f905f4604f6e085260d83ed657a6dftstexc-localciintstudent1, repositoryType=user, triggeredByPushTo=user, assignmentRepositoryUri=http://localhost:49152/git/SHORTB06DD3F905F4604F6E085260D83ED657A6DFTSTEXC/shortb06dd3f905f4604f6e085260d83ed657a6dftstexc-localciintstudent1.git, testRepositoryUri=http://localhost:49152/git/SHORTB06DD3F905F4604F6E085260D83ED657A6DFTSTEXC/shortb06dd3f905f4604f6e085260d83ed657a6dftstexc-tests.git, solutionRepositoryUri=null, auxiliaryRepositoryUris=[Ljava.lang.String;@444b2942, auxiliaryRepositoryCheckoutDirectories=[Ljava.lang.String;@1f680d4b], jobTimingInfo=JobTimingInfo[submissionDate=2025-02-14T23:42:49.330093960Z[Etc/UTC], buildStartDate=2025-02-14T23:42:49.347797345Z[Etc/UTC], buildCompletionDate=2025-02-14T23:42:51.204319751Z[Etc/UTC], estimatedCompletionDate=2025-02-14T23:43:08.347788449Z[Etc/UTC], estimatedDuration=19], buildConfig=BuildConfig[buildScript=#!/bin/bash
cd /var/tmp/testing-dir
chmod +x ./gradlew
./gradlew clean test
, dockerImage=dummy-docker-image:latest, commitHashToBuild=41581fff25954d36cf07586926ee0c77d1003131, assignmentCommitHash=41581fff25954d36cf07586926ee0c77d1003131, testCommitHash=41581fff25954d36cf07586926ee0c77d1003131, branch=main, programmingLanguage=JAVA, projectType=PLAIN_GRADLE, scaEnabled=false, sequentialTestRunsEnabled=false, resultPaths=[/var/tmp/testing-dir/**/test-results/test/*.xml], timeoutSeconds=0, assignmentCheckoutPath=null, testCheckoutPath=null, solutionCheckoutPath=null, dockerRunConfig=null], submissionResult=null]], publicSshKey=ssh-rsa AAAAB3NzaC1yc2EAAAADAQABAAACAQCOPdMsxRE2jFJ/UEa5/LsBxtwzJcrh3/rYBCQvcMeVpiRfhzQPWu7mrt/G2Ew+i+vRloGH9aqKg6dd1liRncao53Zmd/ePxoatXePNhmzTfkCkcSkTUz7B+QMjkoDDV5jwuFPD6mF3JkhuzSi64n9Zy905t4w2IhVcjM2mL3eYNjiCXt6Qpq3Pkt7dM/Ksw1nxnvuiIALuJLB3FTkXkHqq3PJav+9HSq2r6ZaWgekneaGxlQlb+U+Vy3XOuArKAzK8c8i+0bR+AHiTG6ncYXt7ax3U+TdlDTF7OLP3umwaYjs1NBXOHwG42pevvpKn2fqavZZozk+M05jXLx3bq0O7itxfErWc7etky8qYPyyIMF/txQIVLd78+Ze4d7Y60t5MGbXM5cGE6fFif5fEJwgswXD+BrG0cafz1CTatjSKFdvp8Vp4VszXhHDan1PrP6JEFJ5Cc5GDmLRZPCFa3vL9f5qXgf4bkqKN8MYeEujwJE5nMRWoiJVNakix2bcrrneQMBlnYeYZVWXXXUusAQBzl4NgddC1umZpihZkL1b1MffZAUW3EGEXi7KHnllQhkTLLsQ8ntMgbylqaJKStqaXlLvdeRJcEnUuiFCrHEVVbXRFZR7XVDZ02CE5o3MuaRPty8Kh+jRTF3COlAckHwYEJCNNJvXFgb2CNXL4mjzYDw== test@localhost]
    23:42:51.262 | 566 localvc.event-13 | DEBUG | s.l.LocalCIWebsocketMessagingService : Sending message on topic /topic/admin/build-agents: [BuildAgentInformation[buildAgent=BuildAgentDTO[name=artemis-build-agent-test, memberAddress=[127.0.0.1]:5703, displayName=artemis-build-agent-test], maxNumberOfConcurrentBuildJobs=1, numberOfCurrentBuildJobs=0, runningBuildJobs=[], status=IDLE, recentBuildJobs=null, publicSshKey=null]]
    23:42:51.263 | 362 ool-1-worker-126 | INFO  | d.t.c.a.a.exam.service.ExamService   : getStatsForChecklist invoked for exam 526
    23:42:51.265 | 362 ool-1-worker-126 | DEBUG | d.t.c.a.a.exam.service.ExamService   : StatsTimeLog: number of complaints open done in 1.30ms for exercise 592
    23:42:51.266 | 362 ool-1-worker-126 | DEBUG | d.t.c.a.a.exam.service.ExamService   : StatsTimeLog: number of complaints finished done in 2.24ms for exercise 592
    23:42:51.266 | 362 ool-1-worker-126 | DEBUG | d.t.c.a.a.exam.service.ExamService   : StatsTimeLog: number of assessments done in 2.84ms for exercise 592
    23:42:51.267 | 362 ool-1-worker-126 | DEBUG | d.t.c.a.a.exam.service.ExamService   : StatsTimeLog: number of generated participations in 3.83ms for exercise 592
    23:42:51.269 | 566 localvc.event-13 | DEBUG | s.l.LocalCIWebsocketMessagingService : Sending message on topic /topic/admin/build-agent/artemis-build-agent-test: BuildAgentInformation[buildAgent=BuildAgentDTO[name=artemis-build-agent-test, memberAddress=[127.0.0.1]:5703, displayName=artemis-build-agent-test], maxNumberOfConcurrentBuildJobs=1, numberOfCurrentBuildJobs=0, runningBuildJobs=[], status=IDLE, recentBuildJobs=[BuildJobQueueItem[id=4621739576562326, name=SHORT43ACF76B02BC1044B80938509D14043FABDETSTEXC-LOCALCIINTSTUDENT1, buildAgent=BuildAgentDTO[name=artemis-build-agent-test, memberAddress=[127.0.0.1]:5703, displayName=artemis-build-agent-test], participationId=462, courseId=147, exerciseId=298, retryCount=0, priority=2, status=SUCCESSFUL, repositoryInfo=RepositoryInfo[repositoryName=short43acf76b02bc1044b80938509d14043fabdetstexc-localciintstudent1, repositoryType=user, triggeredByPushTo=user, assignmentRepositoryUri=http://localhost:49152/git/SHORT43ACF76B02BC1044B80938509D14043FABDETSTEXC/short43acf76b02bc1044b80938509d14043fabdetstexc-localciintstudent1.git, testRepositoryUri=http://localhost:49152/git/SHORT43ACF76B02BC1044B80938509D14043FABDETSTEXC/short43acf76b02bc1044b80938509d14043fabdetstexc-tests.git, solutionRepositoryUri=null, auxiliaryRepositoryUris=[Ljava.lang.String;@79a8ac2e, auxiliaryRepositoryCheckoutDirectories=[Ljava.lang.String;@6b55e463], jobTimingInfo=JobTimingInfo[submissionDate=2025-02-14T23:42:42.326978596Z[Etc/UTC], buildStartDate=2025-02-14T23:42:42.420147010Z[Etc/UTC], buildCompletionDate=2025-02-14T23:42:45.573855829Z[Etc/UTC], estimatedCompletionDate=2025-02-14T23:43:01.420129377Z[Etc/UTC], estimatedDuration=19], buildConfig=BuildConfig[buildScript=#!/bin/bash
cd /var/tmp/testing-dir
chmod +x ./gradlew
./gradlew clean test
, dockerImage=dummy-docker-image:latest, commitHashToBuild=a9c717ccf7bcbe9531d3eee21dbaeb5aab2ff971, assignmentCommitHash=a9c717ccf7bcbe9531d3eee21dbaeb5aab2ff971, testCommitHash=a9c717ccf7bcbe9531d3eee21dbaeb5aab2ff971, branch=main, programmingLanguage=JAVA, projectType=PLAIN_GRADLE, scaEnabled=false, sequentialTestRunsEnabled=false, resultPaths=[/var/tmp/testing-dir/**/test-results/test/*.xml], timeoutSeconds=0, assignmentCheckoutPath=null, testCheckoutPath=null, solutionCheckoutPath=null, dockerRunConfig=DockerRunConfig[isNetworkDisabled=true, env=[key=value]]], submissionResult=ResultDTO[id=132, completionDate=2025-02-14T23:42:45.519869118Z[Etc/UTC], successful=false, score=7.7, rated=true, submission=SubmissionDTO[id=119, submitted=true, type=MANUAL, exampleSubmission=null, submissionDate=2025-02-14T23:42:42.302762Z, commitHash=a9c717ccf7bcbe9531d3eee21dbaeb5aab2ff971, buildFailed=false, buildArtifact=false, participation=ParticipationDTO[id=462, testRun=false, type=programming, submissionCount=null, exercise=ParticipationExerciseDTO[id=298, exerciseType=PROGRAMMING, type=programming, assessmentType=AUTOMATIC, dueDate=2025-02-16T23:42:41.553955Z, assessmentDueDate=null, maxPoints=42.0, course=CourseDTO[id=147, accuracyOfScores=1]]], submissionExerciseType=programming, isProcessing=false, buildStartDate=null, estimatedCompletionDate=null], participation=ParticipationDTO[id=462, testRun=false, type=programming, submissionCount=null, exercise=ParticipationExerciseDTO[id=298, exerciseType=PROGRAMMING, type=programming, assessmentType=AUTOMATIC, dueDate=2025-02-16T23:42:41.553955Z, assessmentDueDate=null, maxPoints=42.0, course=CourseDTO[id=147, accuracyOfScores=1]]], feedbacks=[FeedbackDTO[id=67, text=null, detailText=The exercise expects a class with the name Context in the package testpackage. You did not implement the class in the exercise., hasLongFeedbackText=false, reference=null, credits=0.0, positive=false, type=AUTOMATIC, visibility=ALWAYS, testCase=TestCaseDTO[testName=null, id=13]], FeedbackDTO[id=68, text=null, detailText=The exercise expects a class with the name Policy in the package testpackage. You did not implement the class in the exercise., hasLongFeedbackText=false, reference=null, credits=0.0, positive=false, type=AUTOMATIC, visibility=ALWAYS, testCase=TestCaseDTO[testName=null, id=14]], FeedbackDTO[id=69, text=null, detailText=The exercise expects a class with the name SortStrategy in the package testpackage. You did not implement the class in the exercise., hasLongFeedbackText=false, reference=null, credits=0.0, positive=false, type=AUTOMATIC, visibility=ALWAYS, testCase=TestCaseDTO[testName=null, id=15]], FeedbackDTO[id=70, text=null, detailText=The class 'MergeSort' does not implement the interface 'SortStrategy' as expected. Implement the interface and its methods., hasLongFeedbackText=false, reference=null, credits=0.0, positive=false, type=AUTOMATIC, visibility=ALWAYS, testCase=TestCaseDTO[testName=null, id=10]], FeedbackDTO[id=71, text=null, detailText=The exercise expects a class with the name SortStrategy in the package testpackage. You did not implement the class in the exercise., hasLongFeedbackText=false, reference=null, credits=0.0, positive=false, type=AUTOMATIC, visibility=ALWAYS, testCase=TestCaseDTO[testName=null, id=7]], FeedbackDTO[id=72, text=null, detailText=The class 'BubbleSort' does not implement the interface 'SortStrategy' as expected. Implement the interface and its methods., hasLongFeedbackText=false, reference=null, credits=0.0, positive=false, type=AUTOMATIC, visibility=ALWAYS, testCase=TestCaseDTO[testName=null, id=11]], FeedbackDTO[id=73, text=null, detailText=MergeSort does not sort correctly, hasLongFeedbackText=false, reference=null, credits=0.0, positive=false, type=AUTOMATIC, visibility=ALWAYS, testCase=TestCaseDTO[testName=null, id=16]], FeedbackDTO[id=74, text=null, detailText=The class 'Context' was not found within the submission. Make sure to implement it properly., hasLongFeedbackText=false, reference=null, credits=0.0, positive=false, type=AUTOMATIC, visibility=ALWAYS, testCase=TestCaseDTO[testName=null, id=17]], FeedbackDTO[id=75, text=null, detailText=The class 'Context' was not found within the submission. Make sure to implement it properly., hasLongFeedbackText=false, reference=null, credits=0.0, positive=false, type=AUTOMATIC, visibility=ALWAYS, testCase=TestCaseDTO[testName=null, id=18]], FeedbackDTO[id=76, text=null, detailText=The exercise expects a class with the name Policy in the package testpackage. You did not implement the class in the exercise., hasLongFeedbackText=false, reference=null, credits=0.0, positive=false, type=AUTOMATIC, visibility=ALWAYS, testCase=TestCaseDTO[testName=null, id=12]], FeedbackDTO[id=77, text=null, detailText=The exercise expects a class with the name Context in the package testpackage. You did not implement the class in the exercise., hasLongFeedbackText=false, reference=null, credits=0.0, positive=false, type=AUTOMATIC, visibility=ALWAYS, testCase=TestCaseDTO[testName=null, id=8]], FeedbackDTO[id=78, text=null, detailText=The exercise expects a class with the name Policy in the package testpackage. You did not implement the class in the exercise., hasLongFeedbackText=false, reference=null, credits=0.0, positive=false, type=AUTOMATIC, visibility=ALWAYS, testCase=TestCaseDTO[testName=null, id=9]], FeedbackDTO[id=79, text=null, detailText=null, hasLongFeedbackText=false, reference=null, credits=3.230769230769231, positive=true, type=AUTOMATIC, visibility=ALWAYS, testCase=TestCaseDTO[testName=null, id=19]]], assessmentType=AUTOMATIC, hasComplaint=null, exampleResult=null, testCaseCount=13, passedTestCaseCount=1, codeIssueCount=0]], BuildJobQueueItem[id=4651739576569330, name=SHORTB06DD3F905F4604F6E085260D83ED657A6DFTSTEXC-LOCALCIINTSTUDENT1, buildAgent=BuildAgentDTO[name=artemis-build-agent-test, memberAddress=[127.0.0.1]:5703, displayName=artemis-build-agent-test], participationId=465, courseId=148, exerciseId=299, retryCount=0, priority=2, status=SUCCESSFUL, repositoryInfo=RepositoryInfo[repositoryName=shortb06dd3f905f4604f6e085260d83ed657a6dftstexc-localciintstudent1, repositoryType=user, triggeredByPushTo=user, assignmentRepositoryUri=http://localhost:49152/git/SHORTB06DD3F905F4604F6E085260D83ED657A6DFTSTEXC/shortb06dd3f905f4604f6e085260d83ed657a6dftstexc-localciintstudent1.git, testRepositoryUri=http://localhost:49152/git/SHORTB06DD3F905F4604F6E085260D83ED657A6DFTSTEXC/shortb06dd3f905f4604f6e085260d83ed657a6dftstexc-tests.git, solutionRepositoryUri=null, auxiliaryRepositoryUris=[Ljava.lang.String;@1e4e17e1, auxiliaryRepositoryCheckoutDirectories=[Ljava.lang.String;@17cd8149], jobTimingInfo=JobTimingInfo[submissionDate=2025-02-14T23:42:49.330093960Z[Etc/UTC], buildStartDate=2025-02-14T23:42:49.347797345Z[Etc/UTC], buildCompletionDate=2025-02-14T23:42:51.204319751Z[Etc/UTC], estimatedCompletionDate=2025-02-14T23:43:08.347788449Z[Etc/UTC], estimatedDuration=19], buildConfig=BuildConfig[buildScript=#!/bin/bash
cd /var/tmp/testing-dir
chmod +x ./gradlew
./gradlew clean test
, dockerImage=dummy-docker-image:latest, commitHashToBuild=41581fff25954d36cf07586926ee0c77d1003131, assignmentCommitHash=41581fff25954d36cf07586926ee0c77d1003131, testCommitHash=41581fff25954d36cf07586926ee0c77d1003131, branch=main, programmingLanguage=JAVA, projectType=PLAIN_GRADLE, scaEnabled=false, sequentialTestRunsEnabled=false, resultPaths=[/var/tmp/testing-dir/**/test-results/test/*.xml], timeoutSeconds=0, assignmentCheckoutPath=null, testCheckoutPath=null, solutionCheckoutPath=null, dockerRunConfig=null], submissionResult=ResultDTO[id=133, completionDate=2025-02-14T23:42:51.155372920Z[Etc/UTC], successful=false, score=7.7, rated=true, submission=SubmissionDTO[id=120, submitted=true, type=MANUAL, exampleSubmission=null, submissionDate=2025-02-14T23:42:49.321855Z, commitHash=41581fff25954d36cf07586926ee0c77d1003131, buildFailed=false, buildArtifact=false, participation=ParticipationDTO[id=465, testRun=false, type=programming, submissionCount=null, exercise=ParticipationExerciseDTO[id=299, exerciseType=PROGRAMMING, type=programming, assessmentType=AUTOMATIC, dueDate=2025-02-16T23:42:49.163661Z, assessmentDueDate=null, maxPoints=42.0, course=CourseDTO[id=148, accuracyOfScores=1]]], submissionExerciseType=programming, isProcessing=false, buildStartDate=null, estimatedCompletionDate=null], participation=ParticipationDTO[id=465, testRun=false, type=programming, submissionCount=null, exercise=ParticipationExerciseDTO[id=299, exerciseType=PROGRAMMING, type=programming, assessmentType=AUTOMATIC, dueDate=2025-02-16T23:42:49.163661Z, assessmentDueDate=null, maxPoints=42.0, course=CourseDTO[id=148, accuracyOfScores=1]]], feedbacks=[FeedbackDTO[id=80, text=null, detailText=The exercise expects a class with the name Context in the package testpackage. You did not implement the class in the exercise., hasLongFeedbackText=false, reference=null, credits=0.0, positive=false, type=AUTOMATIC, visibility=ALWAYS, testCase=TestCaseDTO[testName=null, id=26]], FeedbackDTO[id=81, text=null, detailText=The exercise expects a class with the name Policy in the package testpackage. You did not implement the class in the exercise., hasLongFeedbackText=false, reference=null, credits=0.0, positive=false, type=AUTOMATIC, visibility=ALWAYS, testCase=TestCaseDTO[testName=null, id=27]], FeedbackDTO[id=82, text=null, detailText=The exercise expects a class with the name SortStrategy in the package testpackage. You did not implement the class in the exercise., hasLongFeedbackText=false, reference=null, credits=0.0, positive=false, type=AUTOMATIC, visibility=ALWAYS, testCase=TestCaseDTO[testName=null, id=28]], FeedbackDTO[id=83, text=null, detailText=The class 'MergeSort' does not implement the interface 'SortStrategy' as expected. Implement the interface and its methods., hasLongFeedbackText=false, reference=null, credits=0.0, positive=false, type=AUTOMATIC, visibility=ALWAYS, testCase=TestCaseDTO[testName=null, id=23]], FeedbackDTO[id=84, text=null, detailText=The exercise expects a class with the name SortStrategy in the package testpackage. You did not implement the class in the exercise., hasLongFeedbackText=false, reference=null, credits=0.0, positive=false, type=AUTOMATIC, visibility=ALWAYS, testCase=TestCaseDTO[testName=null, id=20]], FeedbackDTO[id=85, text=null, detailText=The class 'BubbleSort' does not implement the interface 'SortStrategy' as expected. Implement the interface and its methods., hasLongFeedbackText=false, reference=null, credits=0.0, positive=false, type=AUTOMATIC, visibility=ALWAYS, testCase=TestCaseDTO[testName=null, id=24]], FeedbackDTO[id=86, text=null, detailText=MergeSort does not sort correctly, hasLongFeedbackText=false, reference=null, credits=0.0, positive=false, type=AUTOMATIC, visibility=ALWAYS, testCase=TestCaseDTO[testName=null, id=29]], FeedbackDTO[id=87, text=null, detailText=The class 'Context' was not found within the submission. Make sure to implement it properly., hasLongFeedbackText=false, reference=null, credits=0.0, positive=false, type=AUTOMATIC, visibility=ALWAYS, testCase=TestCaseDTO[testName=null, id=30]], FeedbackDTO[id=88, text=null, detailText=The class 'Context' was not found within the submission. Make sure to implement it properly., hasLongFeedbackText=false, reference=null, credits=0.0, positive=false, type=AUTOMATIC, visibility=ALWAYS, testCase=TestCaseDTO[testName=null, id=31]], FeedbackDTO[id=89, text=null, detailText=The exercise expects a class with the name Policy in the package testpackage. You did not implement the class in the exercise., hasLongFeedbackText=false, reference=null, credits=0.0, positive=false, type=AUTOMATIC, visibility=ALWAYS, testCase=TestCaseDTO[testName=null, id=25]], FeedbackDTO[id=90, text=null, detailText=The exercise expects a class with the name Context in the package testpackage. You did not implement the class in the exercise., hasLongFeedbackText=false, reference=null, credits=0.0, positive=false, type=AUTOMATIC, visibility=ALWAYS, testCase=TestCaseDTO[testName=null, id=21]], FeedbackDTO[id=91, text=null, detailText=The exercise expects a class with the name Policy in the package testpackage. You did not implement the class in the exercise., hasLongFeedbackText=false, reference=null, credits=0.0, positive=false, type=AUTOMATIC, visibility=ALWAYS, testCase=TestCaseDTO[testName=null, id=22]], FeedbackDTO[id=92, text=null, detailText=null, hasLongFeedbackText=false, reference=null, credits=3.230769230769231, positive=true, type=AUTOMATIC, visibility=ALWAYS, testCase=TestCaseDTO[testName=null, id=32]]], assessmentType=AUTOMATIC, hasComplaint=null, exampleResult=null, testCaseCount=13, passedTestCaseCount=1, codeIssueCount=0]]], publicSshKey=ssh-rsa AAAAB3NzaC1yc2EAAAADAQABAAACAQCOPdMsxRE2jFJ/UEa5/LsBxtwzJcrh3/rYBCQvcMeVpiRfhzQPWu7mrt/G2Ew+i+vRloGH9aqKg6dd1liRncao53Zmd/ePxoatXePNhmzTfkCkcSkTUz7B+QMjkoDDV5jwuFPD6mF3JkhuzSi64n9Zy905t4w2IhVcjM2mL3eYNjiCXt6Qpq3Pkt7dM/Ksw1nxnvuiIALuJLB3FTkXkHqq3PJav+9HSq2r6ZaWgekneaGxlQlb+U+Vy3XOuArKAzK8c8i+0bR+AHiTG6ncYXt7ax3U+TdlDTF7OLP3umwaYjs1NBXOHwG42pevvpKn2fqavZZozk+M05jXLx3bq0O7itxfErWc7etky8qYPyyIMF/txQIVLd78+Ze4d7Y60t5MGbXM5cGE6fFif5fEJwgswXD+BrG0cafz1CTatjSKFdvp8Vp4VszXhHDan1PrP6JEFJ5Cc5GDmLRZPCFa3vL9f5qXgf4bkqKN8MYeEujwJE5nMRWoiJVNakix2bcrrneQMBlnYeYZVWXXXUusAQBzl4NgddC1umZpihZkL1b1MffZAUW3EGEXi7KHnllQhkTLLsQ8ntMgbylqaJKStqaXlLvdeRJcEnUuiFCrHEVVbXRFZR7XVDZ02CE5o3MuaRPty8Kh+jRTF3COlAckHwYEJCNNJvXFgb2CNXL4mjzYDw== test@localhost]
    23:42:51.270 | 566 localvc.event-13 | DEBUG | a.p.s.l.SharedQueueManagementService : Build agent updated: null
    23:42:51.270 | 362 ool-1-worker-126 | DEBUG | d.t.c.a.a.exam.service.ExamService   : StatsTimeLog: number of complaints open done in 6.75ms for exercise 593
    23:42:51.271 | 362 ool-1-worker-126 | DEBUG | d.t.c.a.a.exam.service.ExamService   : StatsTimeLog: number of complaints finished done in 7.25ms for exercise 593
    23:42:51.273 | 566 localvc.event-13 | DEBUG | a.p.s.l.LocalCIQueueWebsocketService : Build agent updated: BuildAgentInformation[buildAgent=BuildAgentDTO[name=artemis-build-agent-test, memberAddress=[127.0.0.1]:5703, displayName=artemis-build-agent-test], maxNumberOfConcurrentBuildJobs=1, numberOfCurrentBuildJobs=0, runningBuildJobs=[], status=IDLE, recentBuildJobs=[BuildJobQueueItem[id=4621739576562326, name=SHORT43ACF76B02BC1044B80938509D14043FABDETSTEXC-LOCALCIINTSTUDENT1, buildAgent=BuildAgentDTO[name=artemis-build-agent-test, memberAddress=[127.0.0.1]:5703, displayName=artemis-build-agent-test], participationId=462, courseId=147, exerciseId=298, retryCount=0, priority=2, status=SUCCESSFUL, repositoryInfo=RepositoryInfo[repositoryName=short43acf76b02bc1044b80938509d14043fabdetstexc-localciintstudent1, repositoryType=user, triggeredByPushTo=user, assignmentRepositoryUri=http://localhost:49152/git/SHORT43ACF76B02BC1044B80938509D14043FABDETSTEXC/short43acf76b02bc1044b80938509d14043fabdetstexc-localciintstudent1.git, testRepositoryUri=http://localhost:49152/git/SHORT43ACF76B02BC1044B80938509D14043FABDETSTEXC/short43acf76b02bc1044b80938509d14043fabdetstexc-tests.git, solutionRepositoryUri=null, auxiliaryRepositoryUris=[Ljava.lang.String;@6f8a19ba, auxiliaryRepositoryCheckoutDirectories=[Ljava.lang.String;@195eab5], jobTimingInfo=JobTimingInfo[submissionDate=2025-02-14T23:42:42.326978596Z[Etc/UTC], buildStartDate=2025-02-14T23:42:42.420147010Z[Etc/UTC], buildCompletionDate=2025-02-14T23:42:45.573855829Z[Etc/UTC], estimatedCompletionDate=2025-02-14T23:43:01.420129377Z[Etc/UTC], estimatedDuration=19], buildConfig=BuildConfig[buildScript=#!/bin/bash
cd /var/tmp/testing-dir
chmod +x ./gradlew
./gradlew clean test
, dockerImage=dummy-docker-image:latest, commitHashToBuild=a9c717ccf7bcbe9531d3eee21dbaeb5aab2ff971, assignmentCommitHash=a9c717ccf7bcbe9531d3eee21dbaeb5aab2ff971, testCommitHash=a9c717ccf7bcbe9531d3eee21dbaeb5aab2ff971, branch=main, programmingLanguage=JAVA, projectType=PLAIN_GRADLE, scaEnabled=false, sequentialTestRunsEnabled=false, resultPaths=[/var/tmp/testing-dir/**/test-results/test/*.xml], timeoutSeconds=0, assignmentCheckoutPath=null, testCheckoutPath=null, solutionCheckoutPath=null, dockerRunConfig=DockerRunConfig[isNetworkDisabled=true, env=[key=value]]], submissionResult=ResultDTO[id=132, completionDate=2025-02-14T23:42:45.519869118Z[Etc/UTC], successful=false, score=7.7, rated=true, submission=SubmissionDTO[id=119, submitted=true, type=MANUAL, exampleSubmission=null, submissionDate=2025-02-14T23:42:42.302762Z, commitHash=a9c717ccf7bcbe9531d3eee21dbaeb5aab2ff971, buildFailed=false, buildArtifact=false, participation=ParticipationDTO[id=462, testRun=false, type=programming, submissionCount=null, exercise=ParticipationExerciseDTO[id=298, exerciseType=PROGRAMMING, type=programming, assessmentType=AUTOMATIC, dueDate=2025-02-16T23:42:41.553955Z, assessmentDueDate=null, maxPoints=42.0, course=CourseDTO[id=147, accuracyOfScores=1]]], submissionExerciseType=programming, isProcessing=false, buildStartDate=null, estimatedCompletionDate=null], participation=ParticipationDTO[id=462, testRun=false, type=programming, submissionCount=null, exercise=ParticipationExerciseDTO[id=298, exerciseType=PROGRAMMING, type=programming, assessmentType=AUTOMATIC, dueDate=2025-02-16T23:42:41.553955Z, assessmentDueDate=null, maxPoints=42.0, course=CourseDTO[id=147, accuracyOfScores=1]]], feedbacks=[FeedbackDTO[id=67, text=null, detailText=The exercise expects a class with the name Context in the package testpackage. You did not implement the class in the exercise., hasLongFeedbackText=false, reference=null, credits=0.0, positive=false, type=AUTOMATIC, visibility=ALWAYS, testCase=TestCaseDTO[testName=null, id=13]], FeedbackDTO[id=68, text=null, detailText=The exercise expects a class with the name Policy in the package testpackage. You did not implement the class in the exercise., hasLongFeedbackText=false, reference=null, credits=0.0, positive=false, type=AUTOMATIC, visibility=ALWAYS, testCase=TestCaseDTO[testName=null, id=14]], FeedbackDTO[id=69, text=null, detailText=The exercise expects a class with the name SortStrategy in the package testpackage. You did not implement the class in the exercise., hasLongFeedbackText=false, reference=null, credits=0.0, positive=false, type=AUTOMATIC, visibility=ALWAYS, testCase=TestCaseDTO[testName=null, id=15]], FeedbackDTO[id=70, text=null, detailText=The class 'MergeSort' does not implement the interface 'SortStrategy' as expected. Implement the interface and its methods., hasLongFeedbackText=false, reference=null, credits=0.0, positive=false, type=AUTOMATIC, visibility=ALWAYS, testCase=TestCaseDTO[testName=null, id=10]], FeedbackDTO[id=71, text=null, detailText=The exercise expects a class with the name SortStrategy in the package testpackage. You did not implement the class in the exercise., hasLongFeedbackText=false, reference=null, credits=0.0, positive=false, type=AUTOMATIC, visibility=ALWAYS, testCase=TestCaseDTO[testName=null, id=7]], FeedbackDTO[id=72, text=null, detailText=The class 'BubbleSort' does not implement the interface 'SortStrategy' as expected. Implement the interface and its methods., hasLongFeedbackText=false, reference=null, credits=0.0, positive=false, type=AUTOMATIC, visibility=ALWAYS, testCase=TestCaseDTO[testName=null, id=11]], FeedbackDTO[id=73, text=null, detailText=MergeSort does not sort correctly, hasLongFeedbackText=false, reference=null, credits=0.0, positive=false, type=AUTOMATIC, visibility=ALWAYS, testCase=TestCaseDTO[testName=null, id=16]], FeedbackDTO[id=74, text=null, detailText=The class 'Context' was not found within the submission. Make sure to implement it properly., hasLongFeedbackText=false, reference=null, credits=0.0, positive=false, type=AUTOMATIC, visibility=ALWAYS, testCase=TestCaseDTO[testName=null, id=17]], FeedbackDTO[id=75, text=null, detailText=The class 'Context' was not found within the submission. Make sure to implement it properly., hasLongFeedbackText=false, reference=null, credits=0.0, positive=false, type=AUTOMATIC, visibility=ALWAYS, testCase=TestCaseDTO[testName=null, id=18]], FeedbackDTO[id=76, text=null, detailText=The exercise expects a class with the name Policy in the package testpackage. You did not implement the class in the exercise., hasLongFeedbackText=false, reference=null, credits=0.0, positive=false, type=AUTOMATIC, visibility=ALWAYS, testCase=TestCaseDTO[testName=null, id=12]], FeedbackDTO[id=77, text=null, detailText=The exercise expects a class with the name Context in the package testpackage. You did not implement the class in the exercise., hasLongFeedbackText=false, reference=null, credits=0.0, positive=false, type=AUTOMATIC, visibility=ALWAYS, testCase=TestCaseDTO[testName=null, id=8]], FeedbackDTO[id=78, text=null, detailText=The exercise expects a class with the name Policy in the package testpackage. You did not implement the class in the exercise., hasLongFeedbackText=false, reference=null, credits=0.0, positive=false, type=AUTOMATIC, visibility=ALWAYS, testCase=TestCaseDTO[testName=null, id=9]], FeedbackDTO[id=79, text=null, detailText=null, hasLongFeedbackText=false, reference=null, credits=3.230769230769231, positive=true, type=AUTOMATIC, visibility=ALWAYS, testCase=TestCaseDTO[testName=null, id=19]]], assessmentType=AUTOMATIC, hasComplaint=null, exampleResult=null, testCaseCount=13, passedTestCaseCount=1, codeIssueCount=0]], BuildJobQueueItem[id=4651739576569330, name=SHORTB06DD3F905F4604F6E085260D83ED657A6DFTSTEXC-LOCALCIINTSTUDENT1, buildAgent=BuildAgentDTO[name=artemis-build-agent-test, memberAddress=[127.0.0.1]:5703, displayName=artemis-build-agent-test], participationId=465, courseId=148, exerciseId=299, retryCount=0, priority=2, status=SUCCESSFUL, repositoryInfo=RepositoryInfo[repositoryName=shortb06dd3f905f4604f6e085260d83ed657a6dftstexc-localciintstudent1, repositoryType=user, triggeredByPushTo=user, assignmentRepositoryUri=http://localhost:49152/git/SHORTB06DD3F905F4604F6E085260D83ED657A6DFTSTEXC/shortb06dd3f905f4604f6e085260d83ed657a6dftstexc-localciintstudent1.git, testRepositoryUri=http://localhost:49152/git/SHORTB06DD3F905F4604F6E085260D83ED657A6DFTSTEXC/shortb06dd3f905f4604f6e085260d83ed657a6dftstexc-tests.git, solutionRepositoryUri=null, auxiliaryRepositoryUris=[Ljava.lang.String;@7a29e407, auxiliaryRepositoryCheckoutDirectories=[Ljava.lang.String;@154ce786], jobTimingInfo=JobTimingInfo[submissionDate=2025-02-14T23:42:49.330093960Z[Etc/UTC], buildStartDate=2025-02-14T23:42:49.347797345Z[Etc/UTC], buildCompletionDate=2025-02-14T23:42:51.204319751Z[Etc/UTC], estimatedCompletionDate=2025-02-14T23:43:08.347788449Z[Etc/UTC], estimatedDuration=19], buildConfig=BuildConfig[buildScript=#!/bin/bash
cd /var/tmp/testing-dir
chmod +x ./gradlew
./gradlew clean test
, dockerImage=dummy-docker-image:latest, commitHashToBuild=41581fff25954d36cf07586926ee0c77d1003131, assignmentCommitHash=41581fff25954d36cf07586926ee0c77d1003131, testCommitHash=41581fff25954d36cf07586926ee0c77d1003131, branch=main, programmingLanguage=JAVA, projectType=PLAIN_GRADLE, scaEnabled=false, sequentialTestRunsEnabled=false, resultPaths=[/var/tmp/testing-dir/**/test-results/test/*.xml], timeoutSeconds=0, assignmentCheckoutPath=null, testCheckoutPath=null, solutionCheckoutPath=null, dockerRunConfig=null], submissionResult=ResultDTO[id=133, completionDate=2025-02-14T23:42:51.155372920Z[Etc/UTC], successful=false, score=7.7, rated=true, submission=SubmissionDTO[id=120, submitted=true, type=MANUAL, exampleSubmission=null, submissionDate=2025-02-14T23:42:49.321855Z, commitHash=41581fff25954d36cf07586926ee0c77d1003131, buildFailed=false, buildArtifact=false, participation=ParticipationDTO[id=465, testRun=false, type=programming, submissionCount=null, exercise=ParticipationExerciseDTO[id=299, exerciseType=PROGRAMMING, type=programming, assessmentType=AUTOMATIC, dueDate=2025-02-16T23:42:49.163661Z, assessmentDueDate=null, maxPoints=42.0, course=CourseDTO[id=148, accuracyOfScores=1]]], submissionExerciseType=programming, isProcessing=false, buildStartDate=null, estimatedCompletionDate=null], participation=ParticipationDTO[id=465, testRun=false, type=programming, submissionCount=null, exercise=ParticipationExerciseDTO[id=299, exerciseType=PROGRAMMING, type=programming, assessmentType=AUTOMATIC, dueDate=2025-02-16T23:42:49.163661Z, assessmentDueDate=null, maxPoints=42.0, course=CourseDTO[id=148, accuracyOfScores=1]]], feedbacks=[FeedbackDTO[id=80, text=null, detailText=The exercise expects a class with the name Context in the package testpackage. You did not implement the class in the exercise., hasLongFeedbackText=false, reference=null, credits=0.0, positive=false, type=AUTOMATIC, visibility=ALWAYS, testCase=TestCaseDTO[testName=null, id=26]], FeedbackDTO[id=81, text=null, detailText=The exercise expects a class with the name Policy in the package testpackage. You did not implement the class in the exercise., hasLongFeedbackText=false, reference=null, credits=0.0, positive=false, type=AUTOMATIC, visibility=ALWAYS, testCase=TestCaseDTO[testName=null, id=27]], FeedbackDTO[id=82, text=null, detailText=The exercise expects a class with the name SortStrategy in the package testpackage. You did not implement the class in the exercise., hasLongFeedbackText=false, reference=null, credits=0.0, positive=false, type=AUTOMATIC, visibility=ALWAYS, testCase=TestCaseDTO[testName=null, id=28]], FeedbackDTO[id=83, text=null, detailText=The class 'MergeSort' does not implement the interface 'SortStrategy' as expected. Implement the interface and its methods., hasLongFeedbackText=false, reference=null, credits=0.0, positive=false, type=AUTOMATIC, visibility=ALWAYS, testCase=TestCaseDTO[testName=null, id=23]], FeedbackDTO[id=84, text=null, detailText=The exercise expects a class with the name SortStrategy in the package testpackage. You did not implement the class in the exercise., hasLongFeedbackText=false, reference=null, credits=0.0, positive=false, type=AUTOMATIC, visibility=ALWAYS, testCase=TestCaseDTO[testName=null, id=20]], FeedbackDTO[id=85, text=null, detailText=The class 'BubbleSort' does not implement the interface 'SortStrategy' as expected. Implement the interface and its methods., hasLongFeedbackText=false, reference=null, credits=0.0, positive=false, type=AUTOMATIC, visibility=ALWAYS, testCase=TestCaseDTO[testName=null, id=24]], FeedbackDTO[id=86, text=null, detailText=MergeSort does not sort correctly, hasLongFeedbackText=false, reference=null, credits=0.0, positive=false, type=AUTOMATIC, visibility=ALWAYS, testCase=TestCaseDTO[testName=null, id=29]], FeedbackDTO[id=87, text=null, detailText=The class 'Context' was not found within the submission. Make sure to implement it properly., hasLongFeedbackText=false, reference=null, credits=0.0, positive=false, type=AUTOMATIC, visibility=ALWAYS, testCase=TestCaseDTO[testName=null, id=30]], FeedbackDTO[id=88, text=null, detailText=The class 'Context' was not found within the submission. Make sure to implement it properly., hasLongFeedbackText=false, reference=null, credits=0.0, positive=false, type=AUTOMATIC, visibility=ALWAYS, testCase=TestCaseDTO[testName=null, id=31]], FeedbackDTO[id=89, text=null, detailText=The exercise expects a class with the name Policy in the package testpackage. You did not implement the class in the exercise., hasLongFeedbackText=false, reference=null, credits=0.0, positive=false, type=AUTOMATIC, visibility=ALWAYS, testCase=TestCaseDTO[testName=null, id=25]], FeedbackDTO[id=90, text=null, detailText=The exercise expects a class with the name Context in the package testpackage. You did not implement the class in the exercise., hasLongFeedbackText=false, reference=null, credits=0.0, positive=false, type=AUTOMATIC, visibility=ALWAYS, testCase=TestCaseDTO[testName=null, id=21]], FeedbackDTO[id=91, text=null, detailText=The exercise expects a class with the name Policy in the package testpackage. You did not implement the class in the exercise., hasLongFeedbackText=false, reference=null, credits=0.0, positive=false, type=AUTOMATIC, visibility=ALWAYS, testCase=TestCaseDTO[testName=null, id=22]], FeedbackDTO[id=92, text=null, detailText=null, hasLongFeedbackText=false, reference=null, credits=3.230769230769231, positive=true, type=AUTOMATIC, visibility=ALWAYS, testCase=TestCaseDTO[testName=null, id=32]]], assessmentType=AUTOMATIC, hasComplaint=null, exampleResult=null, testCaseCount=13, passedTestCaseCount=1, codeIssueCount=0]]], publicSshKey=ssh-rsa AAAAB3NzaC1yc2EAAAADAQABAAACAQCOPdMsxRE2jFJ/UEa5/LsBxtwzJcrh3/rYBCQvcMeVpiRfhzQPWu7mrt/G2Ew+i+vRloGH9aqKg6dd1liRncao53Zmd/ePxoatXePNhmzTfkCkcSkTUz7B+QMjkoDDV5jwuFPD6mF3JkhuzSi64n9Zy905t4w2IhVcjM2mL3eYNjiCXt6Qpq3Pkt7dM/Ksw1nxnvuiIALuJLB3FTkXkHqq3PJav+9HSq2r6ZaWgekneaGxlQlb+U+Vy3XOuArKAzK8c8i+0bR+AHiTG6ncYXt7ax3U+TdlDTF7OLP3umwaYjs1NBXOHwG42pevvpKn2fqavZZozk+M05jXLx3bq0O7itxfErWc7etky8qYPyyIMF/txQIVLd78+Ze4d7Y60t5MGbXM5cGE6fFif5fEJwgswXD+BrG0cafz1CTatjSKFdvp8Vp4VszXhHDan1PrP6JEFJ5Cc5GDmLRZPCFa3vL9f5qXgf4bkqKN8MYeEujwJE5nMRWoiJVNakix2bcrrneQMBlnYeYZVWXXXUusAQBzl4NgddC1umZpihZkL1b1MffZAUW3EGEXi7KHnllQhkTLLsQ8ntMgbylqaJKStqaXlLvdeRJcEnUuiFCrHEVVbXRFZR7XVDZ02CE5o3MuaRPty8Kh+jRTF3COlAckHwYEJCNNJvXFgb2CNXL4mjzYDw== test@localhost]
    23:42:51.274 | 362 ool-1-worker-126 | DEBUG | d.t.c.a.a.exam.service.ExamService   : StatsTimeLog: number of assessments done in 10.84ms for exercise 593
    23:42:51.276 | 362 ool-1-worker-126 | DEBUG | d.t.c.a.a.exam.service.ExamService   : StatsTimeLog: number of generated participations in 12.70ms for exercise 593
    23:42:51.277 | 362 ool-1-worker-126 | DEBUG | d.t.c.a.a.exam.service.ExamService   : StatsTimeLog: number of complaints open done in 13.48ms for exercise 583
    23:42:51.277 | 362 ool-1-worker-126 | DEBUG | d.t.c.a.a.exam.service.ExamService   : StatsTimeLog: number of complaints finished done in 13.97ms for exercise 583
    23:42:51.280 | 362 ool-1-worker-126 | DEBUG | d.t.c.a.a.exam.service.ExamService   : StatsTimeLog: number of assessments done in 16.51ms for exercise 583
    23:42:51.281 | 566 localvc.event-13 | DEBUG | s.l.LocalCIWebsocketMessagingService : Sending message on topic /topic/admin/build-agents: [BuildAgentInformation[buildAgent=BuildAgentDTO[name=artemis-build-agent-test, memberAddress=[127.0.0.1]:5703, displayName=artemis-build-agent-test], maxNumberOfConcurrentBuildJobs=1, numberOfCurrentBuildJobs=0, runningBuildJobs=[], status=IDLE, recentBuildJobs=null, publicSshKey=null]]
    23:42:51.281 | 362 ool-1-worker-126 | DEBUG | d.t.c.a.a.exam.service.ExamService   : StatsTimeLog: number of generated participations in 17.30ms for exercise 583
    23:42:51.281 | 362 ool-1-worker-126 | DEBUG | d.t.c.a.a.exam.service.ExamService   : StatsTimeLog: number of complaints open done in 18.12ms for exercise 584
    23:42:51.282 | 566 localvc.event-13 | DEBUG | s.l.LocalCIWebsocketMessagingService : Sending message on topic /topic/admin/build-agent/artemis-build-agent-test: BuildAgentInformation[buildAgent=BuildAgentDTO[name=artemis-build-agent-test, memberAddress=[127.0.0.1]:5703, displayName=artemis-build-agent-test], maxNumberOfConcurrentBuildJobs=1, numberOfCurrentBuildJobs=0, runningBuildJobs=[], status=IDLE, recentBuildJobs=[BuildJobQueueItem[id=4621739576562326, name=SHORT43ACF76B02BC1044B80938509D14043FABDETSTEXC-LOCALCIINTSTUDENT1, buildAgent=BuildAgentDTO[name=artemis-build-agent-test, memberAddress=[127.0.0.1]:5703, displayName=artemis-build-agent-test], participationId=462, courseId=147, exerciseId=298, retryCount=0, priority=2, status=SUCCESSFUL, repositoryInfo=RepositoryInfo[repositoryName=short43acf76b02bc1044b80938509d14043fabdetstexc-localciintstudent1, repositoryType=user, triggeredByPushTo=user, assignmentRepositoryUri=http://localhost:49152/git/SHORT43ACF76B02BC1044B80938509D14043FABDETSTEXC/short43acf76b02bc1044b80938509d14043fabdetstexc-localciintstudent1.git, testRepositoryUri=http://localhost:49152/git/SHORT43ACF76B02BC1044B80938509D14043FABDETSTEXC/short43acf76b02bc1044b80938509d14043fabdetstexc-tests.git, solutionRepositoryUri=null, auxiliaryRepositoryUris=[Ljava.lang.String;@31e639bd, auxiliaryRepositoryCheckoutDirectories=[Ljava.lang.String;@436488d0], jobTimingInfo=JobTimingInfo[submissionDate=2025-02-14T23:42:42.326978596Z[Etc/UTC], buildStartDate=2025-02-14T23:42:42.420147010Z[Etc/UTC], buildCompletionDate=2025-02-14T23:42:45.573855829Z[Etc/UTC], estimatedCompletionDate=2025-02-14T23:43:01.420129377Z[Etc/UTC], estimatedDuration=19], buildConfig=BuildConfig[buildScript=#!/bin/bash
cd /var/tmp/testing-dir
chmod +x ./gradlew
./gradlew clean test
, dockerImage=dummy-docker-image:latest, commitHashToBuild=a9c717ccf7bcbe9531d3eee21dbaeb5aab2ff971, assignmentCommitHash=a9c717ccf7bcbe9531d3eee21dbaeb5aab2ff971, testCommitHash=a9c717ccf7bcbe9531d3eee21dbaeb5aab2ff971, branch=main, programmingLanguage=JAVA, projectType=PLAIN_GRADLE, scaEnabled=false, sequentialTestRunsEnabled=false, resultPaths=[/var/tmp/testing-dir/**/test-results/test/*.xml], timeoutSeconds=0, assignmentCheckoutPath=null, testCheckoutPath=null, solutionCheckoutPath=null, dockerRunConfig=DockerRunConfig[isNetworkDisabled=true, env=[key=value]]], submissionResult=ResultDTO[id=132, completionDate=2025-02-14T23:42:45.519869118Z[Etc/UTC], successful=false, score=7.7, rated=true, submission=SubmissionDTO[id=119, submitted=true, type=MANUAL, exampleSubmission=null, submissionDate=2025-02-14T23:42:42.302762Z, commitHash=a9c717ccf7bcbe9531d3eee21dbaeb5aab2ff971, buildFailed=false, buildArtifact=false, participation=ParticipationDTO[id=462, testRun=false, type=programming, submissionCount=null, exercise=ParticipationExerciseDTO[id=298, exerciseType=PROGRAMMING, type=programming, assessmentType=AUTOMATIC, dueDate=2025-02-16T23:42:41.553955Z, assessmentDueDate=null, maxPoints=42.0, course=CourseDTO[id=147, accuracyOfScores=1]]], submissionExerciseType=programming, isProcessing=false, buildStartDate=null, estimatedCompletionDate=null], participation=ParticipationDTO[id=462, testRun=false, type=programming, submissionCount=null, exercise=ParticipationExerciseDTO[id=298, exerciseType=PROGRAMMING, type=programming, assessmentType=AUTOMATIC, dueDate=2025-02-16T23:42:41.553955Z, assessmentDueDate=null, maxPoints=42.0, course=CourseDTO[id=147, accuracyOfScores=1]]], feedbacks=[FeedbackDTO[id=67, text=null, detailText=The exercise expects a class with the name Context in the package testpackage. You did not implement the class in the exercise., hasLongFeedbackText=false, reference=null, credits=0.0, positive=false, type=AUTOMATIC, visibility=ALWAYS, testCase=TestCaseDTO[testName=null, id=13]], FeedbackDTO[id=68, text=null, detailText=The exercise expects a class with the name Policy in the package testpackage. You did not implement the class in the exercise., hasLongFeedbackText=false, reference=null, credits=0.0, positive=false, type=AUTOMATIC, visibility=ALWAYS, testCase=TestCaseDTO[testName=null, id=14]], FeedbackDTO[id=69, text=null, detailText=The exercise expects a class with the name SortStrategy in the package testpackage. You did not implement the class in the exercise., hasLongFeedbackText=false, reference=null, credits=0.0, positive=false, type=AUTOMATIC, visibility=ALWAYS, testCase=TestCaseDTO[testName=null, id=15]], FeedbackDTO[id=70, text=null, detailText=The class 'MergeSort' does not implement the interface 'SortStrategy' as expected. Implement the interface and its methods., hasLongFeedbackText=false, reference=null, credits=0.0, positive=false, type=AUTOMATIC, visibility=ALWAYS, testCase=TestCaseDTO[testName=null, id=10]], FeedbackDTO[id=71, text=null, detailText=The exercise expects a class with the name SortStrategy in the package testpackage. You did not implement the class in the exercise., hasLongFeedbackText=false, reference=null, credits=0.0, positive=false, type=AUTOMATIC, visibility=ALWAYS, testCase=TestCaseDTO[testName=null, id=7]], FeedbackDTO[id=72, text=null, detailText=The class 'BubbleSort' does not implement the interface 'SortStrategy' as expected. Implement the interface and its methods., hasLongFeedbackText=false, reference=null, credits=0.0, positive=false, type=AUTOMATIC, visibility=ALWAYS, testCase=TestCaseDTO[testName=null, id=11]], FeedbackDTO[id=73, text=null, detailText=MergeSort does not sort correctly, hasLongFeedbackText=false, reference=null, credits=0.0, positive=false, type=AUTOMATIC, visibility=ALWAYS, testCase=TestCaseDTO[testName=null, id=16]], FeedbackDTO[id=74, text=null, detailText=The class 'Context' was not found within the submission. Make sure to implement it properly., hasLongFeedbackText=false, reference=null, credits=0.0, positive=false, type=AUTOMATIC, visibility=ALWAYS, testCase=TestCaseDTO[testName=null, id=17]], FeedbackDTO[id=75, text=null, detailText=The class 'Context' was not found within the submission. Make sure to implement it properly., hasLongFeedbackText=false, reference=null, credits=0.0, positive=false, type=AUTOMATIC, visibility=ALWAYS, testCase=TestCaseDTO[testName=null, id=18]], FeedbackDTO[id=76, text=null, detailText=The exercise expects a class with the name Policy in the package testpackage. You did not implement the class in the exercise., hasLongFeedbackText=false, reference=null, credits=0.0, positive=false, type=AUTOMATIC, visibility=ALWAYS, testCase=TestCaseDTO[testName=null, id=12]], FeedbackDTO[id=77, text=null, detailText=The exercise expects a class with the name Context in the package testpackage. You did not implement the class in the exercise., hasLongFeedbackText=false, reference=null, credits=0.0, positive=false, type=AUTOMATIC, visibility=ALWAYS, testCase=TestCaseDTO[testName=null, id=8]], FeedbackDTO[id=78, text=null, detailText=The exercise expects a class with the name Policy in the package testpackage. You did not implement the class in the exercise., hasLongFeedbackText=false, reference=null, credits=0.0, positive=false, type=AUTOMATIC, visibility=ALWAYS, testCase=TestCaseDTO[testName=null, id=9]], FeedbackDTO[id=79, text=null, detailText=null, hasLongFeedbackText=false, reference=null, credits=3.230769230769231, positive=true, type=AUTOMATIC, visibility=ALWAYS, testCase=TestCaseDTO[testName=null, id=19]]], assessmentType=AUTOMATIC, hasComplaint=null, exampleResult=null, testCaseCount=13, passedTestCaseCount=1, codeIssueCount=0]], BuildJobQueueItem[id=4651739576569330, name=SHORTB06DD3F905F4604F6E085260D83ED657A6DFTSTEXC-LOCALCIINTSTUDENT1, buildAgent=BuildAgentDTO[name=artemis-build-agent-test, memberAddress=[127.0.0.1]:5703, displayName=artemis-build-agent-test], participationId=465, courseId=148, exerciseId=299, retryCount=0, priority=2, status=SUCCESSFUL, repositoryInfo=RepositoryInfo[repositoryName=shortb06dd3f905f4604f6e085260d83ed657a6dftstexc-localciintstudent1, repositoryType=user, triggeredByPushTo=user, assignmentRepositoryUri=http://localhost:49152/git/SHORTB06DD3F905F4604F6E085260D83ED657A6DFTSTEXC/shortb06dd3f905f4604f6e085260d83ed657a6dftstexc-localciintstudent1.git, testRepositoryUri=http://localhost:49152/git/SHORTB06DD3F905F4604F6E085260D83ED657A6DFTSTEXC/shortb06dd3f905f4604f6e085260d83ed657a6dftstexc-tests.git, solutionRepositoryUri=null, auxiliaryRepositoryUris=[Ljava.lang.String;@4a83757b, auxiliaryRepositoryCheckoutDirectories=[Ljava.lang.String;@19ed45c2], jobTimingInfo=JobTimingInfo[submissionDate=2025-02-14T23:42:49.330093960Z[Etc/UTC], buildStartDate=2025-02-14T23:42:49.347797345Z[Etc/UTC], buildCompletionDate=2025-02-14T23:42:51.204319751Z[Etc/UTC], estimatedCompletionDate=2025-02-14T23:43:08.347788449Z[Etc/UTC], estimatedDuration=19], buildConfig=BuildConfig[buildScript=#!/bin/bash
cd /var/tmp/testing-dir
chmod +x ./gradlew
./gradlew clean test
, dockerImage=dummy-docker-image:latest, commitHashToBuild=41581fff25954d36cf07586926ee0c77d1003131, assignmentCommitHash=41581fff25954d36cf07586926ee0c77d1003131, testCommitHash=41581fff25954d36cf07586926ee0c77d1003131, branch=main, programmingLanguage=JAVA, projectType=PLAIN_GRADLE, scaEnabled=false, sequentialTestRunsEnabled=false, resultPaths=[/var/tmp/testing-dir/**/test-results/test/*.xml], timeoutSeconds=0, assignmentCheckoutPath=null, testCheckoutPath=null, solutionCheckoutPath=null, dockerRunConfig=null], submissionResult=ResultDTO[id=133, completionDate=2025-02-14T23:42:51.155372920Z[Etc/UTC], successful=false, score=7.7, rated=true, submission=SubmissionDTO[id=120, submitted=true, type=MANUAL, exampleSubmission=null, submissionDate=2025-02-14T23:42:49.321855Z, commitHash=41581fff25954d36cf07586926ee0c77d1003131, buildFailed=false, buildArtifact=false, participation=ParticipationDTO[id=465, testRun=false, type=programming, submissionCount=null, exercise=ParticipationExerciseDTO[id=299, exerciseType=PROGRAMMING, type=programming, assessmentType=AUTOMATIC, dueDate=2025-02-16T23:42:49.163661Z, assessmentDueDate=null, maxPoints=42.0, course=CourseDTO[id=148, accuracyOfScores=1]]], submissionExerciseType=programming, isProcessing=false, buildStartDate=null, estimatedCompletionDate=null], participation=ParticipationDTO[id=465, testRun=false, type=programming, submissionCount=null, exercise=ParticipationExerciseDTO[id=299, exerciseType=PROGRAMMING, type=programming, assessmentType=AUTOMATIC, dueDate=2025-02-16T23:42:49.163661Z, assessmentDueDate=null, maxPoints=42.0, course=CourseDTO[id=148, accuracyOfScores=1]]], feedbacks=[FeedbackDTO[id=80, text=null, detailText=The exercise expects a class with the name Context in the package testpackage. You did not implement the class in the exercise., hasLongFeedbackText=false, reference=null, credits=0.0, positive=false, type=AUTOMATIC, visibility=ALWAYS, testCase=TestCaseDTO[testName=null, id=26]], FeedbackDTO[id=81, text=null, detailText=The exercise expects a class with the name Policy in the package testpackage. You did not implement the class in the exercise., hasLongFeedbackText=false, reference=null, credits=0.0, positive=false, type=AUTOMATIC, visibility=ALWAYS, testCase=TestCaseDTO[testName=null, id=27]], FeedbackDTO[id=82, text=null, detailText=The exercise expects a class with the name SortStrategy in the package testpackage. You did not implement the class in the exercise., hasLongFeedbackText=false, reference=null, credits=0.0, positive=false, type=AUTOMATIC, visibility=ALWAYS, testCase=TestCaseDTO[testName=null, id=28]], FeedbackDTO[id=83, text=null, detailText=The class 'MergeSort' does not implement the interface 'SortStrategy' as expected. Implement the interface and its methods., hasLongFeedbackText=false, reference=null, credits=0.0, positive=false, type=AUTOMATIC, visibility=ALWAYS, testCase=TestCaseDTO[testName=null, id=23]], FeedbackDTO[id=84, text=null, detailText=The exercise expects a class with the name SortStrategy in the package testpackage. You did not implement the class in the exercise., hasLongFeedbackText=false, reference=null, credits=0.0, positive=false, type=AUTOMATIC, visibility=ALWAYS, testCase=TestCaseDTO[testName=null, id=20]], FeedbackDTO[id=85, text=null, detailText=The class 'BubbleSort' does not implement the interface 'SortStrategy' as expected. Implement the interface and its methods., hasLongFeedbackText=false, reference=null, credits=0.0, positive=false, type=AUTOMATIC, visibility=ALWAYS, testCase=TestCaseDTO[testName=null, id=24]], FeedbackDTO[id=86, text=null, detailText=MergeSort does not sort correctly, hasLongFeedbackText=false, reference=null, credits=0.0, positive=false, type=AUTOMATIC, visibility=ALWAYS, testCase=TestCaseDTO[testName=null, id=29]], FeedbackDTO[id=87, text=null, detailText=The class 'Context' was not found within the submission. Make sure to implement it properly., hasLongFeedbackText=false, reference=null, credits=0.0, positive=false, type=AUTOMATIC, visibility=ALWAYS, testCase=TestCaseDTO[testName=null, id=30]], FeedbackDTO[id=88, text=null, detailText=The class 'Context' was not found within the submission. Make sure to implement it properly., hasLongFeedbackText=false, reference=null, credits=0.0, positive=false, type=AUTOMATIC, visibility=ALWAYS, testCase=TestCaseDTO[testName=null, id=31]], FeedbackDTO[id=89, text=null, detailText=The exercise expects a class with the name Policy in the package testpackage. You did not implement the class in the exercise., hasLongFeedbackText=false, reference=null, credits=0.0, positive=false, type=AUTOMATIC, visibility=ALWAYS, testCase=TestCaseDTO[testName=null, id=25]], FeedbackDTO[id=90, text=null, detailText=The exercise expects a class with the name Context in the package testpackage. You did not implement the class in the exercise., hasLongFeedbackText=false, reference=null, credits=0.0, positive=false, type=AUTOMATIC, visibility=ALWAYS, testCase=TestCaseDTO[testName=null, id=21]], FeedbackDTO[id=91, text=null, detailText=The exercise expects a class with the name Policy in the package testpackage. You did not implement the class in the exercise., hasLongFeedbackText=false, reference=null, credits=0.0, positive=false, type=AUTOMATIC, visibility=ALWAYS, testCase=TestCaseDTO[testName=null, id=22]], FeedbackDTO[id=92, text=null, detailText=null, hasLongFeedbackText=false, reference=null, credits=3.230769230769231, positive=true, type=AUTOMATIC, visibility=ALWAYS, testCase=TestCaseDTO[testName=null, id=32]]], assessmentType=AUTOMATIC, hasComplaint=null, exampleResult=null, testCaseCount=13, passedTestCaseCount=1, codeIssueCount=0]]], publicSshKey=ssh-rsa AAAAB3NzaC1yc2EAAAADAQABAAACAQCOPdMsxRE2jFJ/UEa5/LsBxtwzJcrh3/rYBCQvcMeVpiRfhzQPWu7mrt/G2Ew+i+vRloGH9aqKg6dd1liRncao53Zmd/ePxoatXePNhmzTfkCkcSkTUz7B+QMjkoDDV5jwuFPD6mF3JkhuzSi64n9Zy905t4w2IhVcjM2mL3eYNjiCXt6Qpq3Pkt7dM/Ksw1nxnvuiIALuJLB3FTkXkHqq3PJav+9HSq2r6ZaWgekneaGxlQlb+U+Vy3XOuArKAzK8c8i+0bR+AHiTG6ncYXt7ax3U+TdlDTF7OLP3umwaYjs1NBXOHwG42pevvpKn2fqavZZozk+M05jXLx3bq0O7itxfErWc7etky8qYPyyIMF/txQIVLd78+Ze4d7Y60t5MGbXM5cGE6fFif5fEJwgswXD+BrG0cafz1CTatjSKFdvp8Vp4VszXhHDan1PrP6JEFJ5Cc5GDmLRZPCFa3vL9f5qXgf4bkqKN8MYeEujwJE5nMRWoiJVNakix2bcrrneQMBlnYeYZVWXXXUusAQBzl4NgddC1umZpihZkL1b1MffZAUW3EGEXi7KHnllQhkTLLsQ8ntMgbylqaJKStqaXlLvdeRJcEnUuiFCrHEVVbXRFZR7XVDZ02CE5o3MuaRPty8Kh+jRTF3COlAckHwYEJCNNJvXFgb2CNXL4mjzYDw== test@localhost]
    23:42:51.282 | 566 localvc.event-13 | DEBUG | a.p.s.l.SharedQueueManagementService : Build agent updated: null
    23:42:51.284 | 362 ool-1-worker-126 | DEBUG | d.t.c.a.a.exam.service.ExamService   : StatsTimeLog: number of complaints finished done in 21.09ms for exercise 584
    23:42:51.285 | 362 ool-1-worker-126 | DEBUG | d.t.c.a.a.exam.service.ExamService   : StatsTimeLog: number of assessments done in 21.65ms for exercise 584
    23:42:51.286 | 362 ool-1-worker-126 | DEBUG | d.t.c.a.a.exam.service.ExamService   : StatsTimeLog: number of generated participations in 22.47ms for exercise 584
    23:42:51.287 | 362 ool-1-worker-126 | DEBUG | d.t.c.a.a.exam.service.ExamService   : StatsTimeLog: number of complaints open done in 23.25ms for exercise 585
    23:42:51.287 | 362 ool-1-worker-126 | DEBUG | d.t.c.a.a.exam.service.ExamService   : StatsTimeLog: number of complaints finished done in 23.81ms for exercise 585
    23:42:51.288 | 362 ool-1-worker-126 | DEBUG | d.t.c.a.a.exam.service.ExamService   : StatsTimeLog: number of assessments done in 24.29ms for exercise 585
    23:42:51.288 | 362 ool-1-worker-126 | DEBUG | d.t.c.a.a.exam.service.ExamService   : StatsTimeLog: number of generated participations in 25.09ms for exercise 585
    23:42:51.289 | 362 ool-1-worker-126 | DEBUG | d.t.c.a.a.exam.service.ExamService   : StatsTimeLog: number of complaints open done in 25.43ms for exercise 586
    23:42:51.289 | 362 ool-1-worker-126 | DEBUG | d.t.c.a.a.exam.service.ExamService   : StatsTimeLog: number of complaints finished done in 25.90ms for exercise 586
    23:42:51.291 | 362 ool-1-worker-126 | DEBUG | d.t.c.a.a.exam.service.ExamService   : StatsTimeLog: number of assessments done in 27.37ms for exercise 586
    23:42:51.291 | 362 ool-1-worker-126 | DEBUG | d.t.c.a.a.exam.service.ExamService   : StatsTimeLog: number of generated participations in 28.09ms for exercise 586
    23:42:51.292 | 362 ool-1-worker-126 | DEBUG | d.t.c.a.a.exam.service.ExamService   : StatsTimeLog: number of complaints open done in 28.49ms for exercise 587
    23:42:51.292 | 362 ool-1-worker-126 | DEBUG | d.t.c.a.a.exam.service.ExamService   : StatsTimeLog: number of complaints finished done in 29.02ms for exercise 587
    23:42:51.293 | 362 ool-1-worker-126 | DEBUG | d.t.c.a.a.exam.service.ExamService   : StatsTimeLog: number of assessments done in 29.57ms for exercise 587
    23:42:51.294 | 362 ool-1-worker-126 | DEBUG | d.t.c.a.a.exam.service.ExamService   : StatsTimeLog: number of generated participations in 30.43ms for exercise 587
    23:42:51.294 | 362 ool-1-worker-126 | DEBUG | d.t.c.a.a.exam.service.ExamService   : StatsTimeLog: number of complaints open done in 31.19ms for exercise 588
    23:42:51.295 | 362 ool-1-worker-126 | DEBUG | d.t.c.a.a.exam.service.ExamService   : StatsTimeLog: number of complaints finished done in 31.72ms for exercise 588
    23:42:51.296 | 362 ool-1-worker-126 | DEBUG | d.t.c.a.a.exam.service.ExamService   : StatsTimeLog: number of assessments done in 32.34ms for exercise 588
    23:42:51.297 | 362 ool-1-worker-126 | DEBUG | d.t.c.a.a.exam.service.ExamService   : StatsTimeLog: number of generated participations in 33.21ms for exercise 588
    23:42:51.297 | 362 ool-1-worker-126 | DEBUG | d.t.c.a.a.exam.service.ExamService   : StatsTimeLog: number of complaints open done in 34.02ms for exercise 589
    23:42:51.298 | 362 ool-1-worker-126 | DEBUG | d.t.c.a.a.exam.service.ExamService   : StatsTimeLog: number of complaints finished done in 34.58ms for exercise 589
    23:42:51.298 | 362 ool-1-worker-126 | DEBUG | d.t.c.a.a.exam.service.ExamService   : StatsTimeLog: number of assessments done in 35.13ms for exercise 589
    23:42:51.299 | 362 ool-1-worker-126 | DEBUG | d.t.c.a.a.exam.service.ExamService   : StatsTimeLog: number of generated participations in 35.88ms for exercise 589
    23:42:51.300 | 362 ool-1-worker-126 | DEBUG | d.t.c.a.a.exam.service.ExamService   : StatsTimeLog: number of complaints open done in 36.69ms for exercise 590
    23:42:51.301 | 362 ool-1-worker-126 | DEBUG | d.t.c.a.a.exam.service.ExamService   : StatsTimeLog: number of complaints finished done in 37.25ms for exercise 590
    23:42:51.301 | 362 ool-1-worker-126 | DEBUG | d.t.c.a.a.exam.service.ExamService   : StatsTimeLog: number of assessments done in 37.81ms for exercise 590
    23:42:51.302 | 362 ool-1-worker-126 | DEBUG | d.t.c.a.a.exam.service.ExamService   : StatsTimeLog: number of generated participations in 38.61ms for exercise 590
    23:42:51.303 | 362 ool-1-worker-126 | DEBUG | d.t.c.a.a.exam.service.ExamService   : StatsTimeLog: number of complaints open done in 39.39ms for exercise 591
    23:42:51.303 | 362 ool-1-worker-126 | DEBUG | d.t.c.a.a.exam.service.ExamService   : StatsTimeLog: number of complaints finished done in 39.88ms for exercise 591
    23:42:51.304 | 362 ool-1-worker-126 | DEBUG | d.t.c.a.a.exam.service.ExamService   : StatsTimeLog: number of assessments done in 40.49ms for exercise 591
    23:42:51.305 | 362 ool-1-worker-126 | DEBUG | d.t.c.a.a.exam.service.ExamService   : StatsTimeLog: number of generated participations in 41.52ms for exercise 591
    23:42:51.306 | 362 ool-1-worker-126 | DEBUG | d.t.c.a.a.exam.service.ExamService   : StatsTimeLog: number of generated student exams done in 42.29ms
    23:42:51.306 | 362 ool-1-worker-126 | DEBUG | d.t.c.a.a.exam.service.ExamService   : StatsTimeLog: number of test runs done in 42.60ms
    23:42:51.306 | 362 ool-1-worker-126 | DEBUG | d.t.c.a.a.exam.service.ExamService   : StatsTimeLog: number of student exams started done in 42.88ms
    23:42:51.306 | 362 ool-1-worker-126 | DEBUG | d.t.c.a.a.exam.service.ExamService   : StatsTimeLog: number of student exams submitted done in 43.16ms
    23:42:51.308 | 362 ool-1-worker-126 | INFO  | d.t.c.a.a.exam.service.ExamService   : getStatsForChecklist invoked for exam 526
    23:42:51.308 | 362 ool-1-worker-126 | DEBUG | d.t.c.a.a.exam.service.ExamService   : StatsTimeLog: number of complaints open done in 386µs for exercise 592
    23:42:51.309 | 362 ool-1-worker-126 | DEBUG | d.t.c.a.a.exam.service.ExamService   : StatsTimeLog: number of complaints finished done in 920µs for exercise 592
    23:42:51.309 | 362 ool-1-worker-126 | DEBUG | d.t.c.a.a.exam.service.ExamService   : StatsTimeLog: number of assessments done in 1.45ms for exercise 592
    23:42:51.310 | 362 ool-1-worker-126 | DEBUG | d.t.c.a.a.exam.service.ExamService   : StatsTimeLog: number of generated participations in 2.30ms for exercise 592
    23:42:51.311 | 362 ool-1-worker-126 | DEBUG | d.t.c.a.a.exam.service.ExamService   : StatsTimeLog: number of complaints open done in 3.05ms for exercise 593
    23:42:51.311 | 362 ool-1-worker-126 | DEBUG | d.t.c.a.a.exam.service.ExamService   : StatsTimeLog: number of complaints finished done in 3.62ms for exercise 593
    23:42:51.312 | 362 ool-1-worker-126 | DEBUG | d.t.c.a.a.exam.service.ExamService   : StatsTimeLog: number of assessments done in 4.20ms for exercise 593
    23:42:51.313 | 362 ool-1-worker-126 | DEBUG | d.t.c.a.a.exam.service.ExamService   : StatsTimeLog: number of generated participations in 5.03ms for exercise 593
    23:42:51.314 | 362 ool-1-worker-126 | DEBUG | d.t.c.a.a.exam.service.ExamService   : StatsTimeLog: number of complaints open done in 5.76ms for exercise 583
    23:42:51.314 | 362 ool-1-worker-126 | DEBUG | d.t.c.a.a.exam.service.ExamService   : StatsTimeLog: number of complaints finished done in 6.35ms for exercise 583
    23:42:51.315 | 362 ool-1-worker-126 | DEBUG | d.t.c.a.a.exam.service.ExamService   : StatsTimeLog: number of assessments done in 6.91ms for exercise 583
    23:42:51.315 | 362 ool-1-worker-126 | DEBUG | d.t.c.a.a.exam.service.ExamService   : StatsTimeLog: number of generated participations in 7.69ms for exercise 583
    23:42:51.316 | 362 ool-1-worker-126 | DEBUG | d.t.c.a.a.exam.service.ExamService   : StatsTimeLog: number of complaints open done in 8.47ms for exercise 584
    23:42:51.317 | 362 ool-1-worker-126 | DEBUG | d.t.c.a.a.exam.service.ExamService   : StatsTimeLog: number of complaints finished done in 8.95ms for exercise 584
    23:42:51.317 | 362 ool-1-worker-126 | DEBUG | d.t.c.a.a.exam.service.ExamService   : StatsTimeLog: number of assessments done in 9.47ms for exercise 584
    23:42:51.318 | 362 ool-1-worker-126 | DEBUG | d.t.c.a.a.exam.service.ExamService   : StatsTimeLog: number of generated participations in 10.29ms for exercise 584
    23:42:51.319 | 362 ool-1-worker-126 | DEBUG | d.t.c.a.a.exam.service.ExamService   : StatsTimeLog: number of complaints open done in 11.08ms for exercise 585
    23:42:51.319 | 362 ool-1-worker-126 | DEBUG | d.t.c.a.a.exam.service.ExamService   : StatsTimeLog: number of complaints finished done in 11.57ms for exercise 585
    23:42:51.320 | 362 ool-1-worker-126 | DEBUG | d.t.c.a.a.exam.service.ExamService   : StatsTimeLog: number of assessments done in 12.17ms for exercise 585
    23:42:51.321 | 362 ool-1-worker-126 | DEBUG | d.t.c.a.a.exam.service.ExamService   : StatsTimeLog: number of generated participations in 13.02ms for exercise 585
    23:42:51.321 | 362 ool-1-worker-126 | DEBUG | d.t.c.a.a.exam.service.ExamService   : StatsTimeLog: number of complaints open done in 13.40ms for exercise 586
    23:42:51.322 | 362 ool-1-worker-126 | DEBUG | d.t.c.a.a.exam.service.ExamService   : StatsTimeLog: number of complaints finished done in 13.98ms for exercise 586
    23:42:51.322 | 362 ool-1-worker-126 | DEBUG | d.t.c.a.a.exam.service.ExamService   : StatsTimeLog: number of assessments done in 14.54ms for exercise 586
    23:42:51.323 | 362 ool-1-worker-126 | DEBUG | d.t.c.a.a.exam.service.ExamService   : StatsTimeLog: number of generated participations in 15.33ms for exercise 586
    23:42:51.323 | 362 ool-1-worker-126 | DEBUG | d.t.c.a.a.exam.service.ExamService   : StatsTimeLog: number of complaints open done in 15.71ms for exercise 587
    23:42:51.324 | 362 ool-1-worker-126 | DEBUG | d.t.c.a.a.exam.service.ExamService   : StatsTimeLog: number of complaints finished done in 16.27ms for exercise 587
    23:42:51.325 | 362 ool-1-worker-126 | DEBUG | d.t.c.a.a.exam.service.ExamService   : StatsTimeLog: number of assessments done in 16.84ms for exercise 587
    23:42:51.325 | 362 ool-1-worker-126 | DEBUG | d.t.c.a.a.exam.service.ExamService   : StatsTimeLog: number of generated participations in 17.64ms for exercise 587
    23:42:51.326 | 362 ool-1-worker-126 | DEBUG | d.t.c.a.a.exam.service.ExamService   : StatsTimeLog: number of complaints open done in 18.43ms for exercise 588
    23:42:51.327 | 362 ool-1-worker-126 | DEBUG | d.t.c.a.a.exam.service.ExamService   : StatsTimeLog: number of complaints finished done in 18.99ms for exercise 588
    23:42:51.327 | 362 ool-1-worker-126 | DEBUG | d.t.c.a.a.exam.service.ExamService   : StatsTimeLog: number of assessments done in 19.60ms for exercise 588
    23:42:51.328 | 362 ool-1-worker-126 | DEBUG | d.t.c.a.a.exam.service.ExamService   : StatsTimeLog: number of generated participations in 20.51ms for exercise 588
    23:42:51.329 | 362 ool-1-worker-126 | DEBUG | d.t.c.a.a.exam.service.ExamService   : StatsTimeLog: number of complaints open done in 21.37ms for exercise 589
    23:42:51.330 | 362 ool-1-worker-126 | DEBUG | d.t.c.a.a.exam.service.ExamService   : StatsTimeLog: number of complaints finished done in 22.02ms for exercise 589
    23:42:51.330 | 362 ool-1-worker-126 | DEBUG | d.t.c.a.a.exam.service.ExamService   : StatsTimeLog: number of assessments done in 22.43ms for exercise 589
    23:42:51.331 | 362 ool-1-worker-126 | DEBUG | d.t.c.a.a.exam.service.ExamService   : StatsTimeLog: number of generated participations in 22.92ms for exercise 589
    23:42:51.331 | 362 ool-1-worker-126 | DEBUG | d.t.c.a.a.exam.service.ExamService   : StatsTimeLog: number of complaints open done in 23.72ms for exercise 590
    23:42:51.332 | 362 ool-1-worker-126 | DEBUG | d.t.c.a.a.exam.service.ExamService   : StatsTimeLog: number of complaints finished done in 24.31ms for exercise 590
    23:42:51.333 | 362 ool-1-worker-126 | DEBUG | d.t.c.a.a.exam.service.ExamService   : StatsTimeLog: number of assessments done in 24.96ms for exercise 590
    23:42:51.334 | 362 ool-1-worker-126 | DEBUG | d.t.c.a.a.exam.service.ExamService   : StatsTimeLog: number of generated participations in 25.89ms for exercise 590
    23:42:51.334 | 362 ool-1-worker-126 | DEBUG | d.t.c.a.a.exam.service.ExamService   : StatsTimeLog: number of complaints open done in 26.71ms for exercise 591
    23:42:51.335 | 362 ool-1-worker-126 | DEBUG | d.t.c.a.a.exam.service.ExamService   : StatsTimeLog: number of complaints finished done in 27.27ms for exercise 591
    23:42:51.336 | 362 ool-1-worker-126 | DEBUG | d.t.c.a.a.exam.service.ExamService   : StatsTimeLog: number of assessments done in 27.93ms for exercise 591
    23:42:51.337 | 362 ool-1-worker-126 | DEBUG | d.t.c.a.a.exam.service.ExamService   : StatsTimeLog: number of generated participations in 28.80ms for exercise 591
    23:42:51.367 | 362 ool-1-worker-126 | DEBUG | .c.s.m.InstanceMessageReceiveService : Received schedule participant score for exercise 583 and participant 656 (result to be deleted: null)
    23:42:51.367 | 362 ool-1-worker-126 | DEBUG | .a.s.ParticipantScoreScheduleService : Scheduled task for exercise 583 and participant 656 at 2025-02-14T23:42:51.467124960Z[Etc/UTC].
    23:42:51.372 | 362 ool-1-worker-126 | DEBUG | .c.s.m.InstanceMessageReceiveService : Received schedule participant score for exercise 583 and participant 656 (result to be deleted: null)
    23:42:51.372 | 362 ool-1-worker-126 | DEBUG | .a.s.ParticipantScoreScheduleService : Scheduled task for exercise 583 and participant 656 at 2025-02-14T23:42:51.472097413Z[Etc/UTC].
    23:42:51.373 | 362 ool-1-worker-126 | DEBUG | .c.s.m.InstanceMessageReceiveService : Received schedule participant score for exercise 583 and participant 653 (result to be deleted: null)
    23:42:51.373 | 362 ool-1-worker-126 | DEBUG | .a.s.ParticipantScoreScheduleService : Scheduled task for exercise 583 and participant 653 at 2025-02-14T23:42:51.473210609Z[Etc/UTC].
    23:42:51.378 | 362 ool-1-worker-126 | DEBUG | .c.s.m.InstanceMessageReceiveService : Received schedule participant score for exercise 583 and participant 653 (result to be deleted: null)
    23:42:51.378 | 362 ool-1-worker-126 | DEBUG | .a.s.ParticipantScoreScheduleService : Scheduled task for exercise 583 and participant 653 at 2025-02-14T23:42:51.478152815Z[Etc/UTC].
    23:42:51.379 | 362 ool-1-worker-126 | DEBUG | .c.s.m.InstanceMessageReceiveService : Received schedule participant score for exercise 583 and participant 655 (result to be deleted: null)
    23:42:51.379 | 362 ool-1-worker-126 | DEBUG | .a.s.ParticipantScoreScheduleService : Scheduled task for exercise 583 and participant 655 at 2025-02-14T23:42:51.479281350Z[Etc/UTC].
    23:42:51.383 | 362 ool-1-worker-126 | DEBUG | .c.s.m.InstanceMessageReceiveService : Received schedule participant score for exercise 583 and participant 655 (result to be deleted: null)
    23:42:51.383 | 362 ool-1-worker-126 | DEBUG | .a.s.ParticipantScoreScheduleService : Scheduled task for exercise 583 and participant 655 at 2025-02-14T23:42:51.483734665Z[Etc/UTC].
    23:42:51.384 | 362 ool-1-worker-126 | DEBUG | .c.s.m.InstanceMessageReceiveService : Received schedule participant score for exercise 584 and participant 652 (result to be deleted: null)
    23:42:51.384 | 362 ool-1-worker-126 | DEBUG | .a.s.ParticipantScoreScheduleService : Scheduled task for exercise 584 and participant 652 at 2025-02-14T23:42:51.484816402Z[Etc/UTC].
    23:42:51.389 | 362 ool-1-worker-126 | DEBUG | .c.s.m.InstanceMessageReceiveService : Received schedule participant score for exercise 584 and participant 652 (result to be deleted: null)
    23:42:51.389 | 362 ool-1-worker-126 | DEBUG | .a.s.ParticipantScoreScheduleService : Scheduled task for exercise 584 and participant 652 at 2025-02-14T23:42:51.489218591Z[Etc/UTC].
    23:42:51.390 | 362 ool-1-worker-126 | DEBUG | .c.s.m.InstanceMessageReceiveService : Received schedule participant score for exercise 584 and participant 654 (result to be deleted: null)
    23:42:51.390 | 362 ool-1-worker-126 | DEBUG | .a.s.ParticipantScoreScheduleService : Scheduled task for exercise 584 and participant 654 at 2025-02-14T23:42:51.490198048Z[Etc/UTC].
    23:42:51.406 | 362 ool-1-worker-126 | DEBUG | .c.s.m.InstanceMessageReceiveService : Received schedule participant score for exercise 584 and participant 654 (result to be deleted: null)
    23:42:51.406 | 362 ool-1-worker-126 | DEBUG | .a.s.ParticipantScoreScheduleService : Scheduled task for exercise 584 and participant 654 at 2025-02-14T23:42:51.506442682Z[Etc/UTC].
    23:42:51.428 | 362 ool-1-worker-126 | DEBUG | .a.q.s.AbstractQuizSubmissionService : submit exam quiz finished: QuizSubmission{id=451, scoreInPoints='null'}
    23:42:51.438 | 362 ool-1-worker-126 | DEBUG | .a.q.s.AbstractQuizSubmissionService : submit exam quiz finished: QuizSubmission{id=451, scoreInPoints='null'}
    23:42:51.446 | 362 ool-1-worker-126 | DEBUG | .a.q.s.AbstractQuizSubmissionService : submit exam quiz finished: QuizSubmission{id=451, scoreInPoints='null'}
    23:42:51.446 | 362 ool-1-worker-126 | DEBUG | .c.s.m.InstanceMessageReceiveService : Received schedule participant score for exercise 585 and participant 653 (result to be deleted: null)
    23:42:51.446 | 362 ool-1-worker-126 | DEBUG | .a.s.ParticipantScoreScheduleService : Scheduled task for exercise 585 and participant 653 at 2025-02-14T23:42:51.546847311Z[Etc/UTC].
    23:42:51.471 | 362 ool-1-worker-126 | DEBUG | .c.s.m.InstanceMessageReceiveService : Received schedule participant score for exercise 585 and participant 653 (result to be deleted: null)
    23:42:51.471 | 362 ool-1-worker-126 | DEBUG | .a.s.ParticipantScoreScheduleService : Scheduled task for exercise 585 and participant 653 at 2025-02-14T23:42:51.571089659Z[Etc/UTC].
    23:42:51.472 | 328 taskScheduler-3  | DEBUG | .a.s.ParticipantScoreScheduleService : Processing exercise 583 and participant 656 to update participant scores.
    23:42:51.478 | 326 taskScheduler-1  | DEBUG | .a.s.ParticipantScoreScheduleService : Processing exercise 583 and participant 653 to update participant scores.
    23:42:51.479 | 362 ool-1-worker-126 | DEBUG | .a.q.s.AbstractQuizSubmissionService : submit exam quiz finished: QuizSubmission{id=447, scoreInPoints='null'}
    23:42:51.481 | 328 taskScheduler-3  | DEBUG | .a.s.ParticipantScoreScheduleService : Updated participant score 42.
    23:42:51.483 | 328 taskScheduler-3  | DEBUG | .a.s.ParticipantScoreScheduleService : Updating the participant score for exercise 583 and participant 656 took 11 ms.
    23:42:51.483 | 329 taskScheduler-4  | DEBUG | .a.s.ParticipantScoreScheduleService : Processing exercise 583 and participant 655 to update participant scores.
    23:42:51.485 | 362 ool-1-worker-126 | DEBUG | .a.q.s.AbstractQuizSubmissionService : submit exam quiz finished: QuizSubmission{id=447, scoreInPoints='null'}
    23:42:51.489 | 327 taskScheduler-2  | DEBUG | .a.s.ParticipantScoreScheduleService : Processing exercise 584 and participant 652 to update participant scores.
    23:42:51.492 | 362 ool-1-worker-126 | DEBUG | .a.q.s.AbstractQuizSubmissionService : submit exam quiz finished: QuizSubmission{id=447, scoreInPoints='null'}
    23:42:51.493 | 362 ool-1-worker-126 | DEBUG | .c.s.m.InstanceMessageReceiveService : Received schedule participant score for exercise 585 and participant 656 (result to be deleted: null)
    23:42:51.493 | 362 ool-1-worker-126 | DEBUG | .a.s.ParticipantScoreScheduleService : Scheduled task for exercise 585 and participant 656 at 2025-02-14T23:42:51.593393563Z[Etc/UTC].
    23:42:51.502 | 326 taskScheduler-1  | DEBUG | .a.s.ParticipantScoreScheduleService : Updated participant score 43.
    23:42:51.503 | 329 taskScheduler-4  | DEBUG | .a.s.ParticipantScoreScheduleService : Updated participant score 44.
    23:42:51.503 | 329 taskScheduler-4  | DEBUG | .a.s.ParticipantScoreScheduleService : Updating the participant score for exercise 583 and participant 655 took 20 ms.
    23:42:51.503 | 326 taskScheduler-1  | DEBUG | .a.s.ParticipantScoreScheduleService : Updating the participant score for exercise 583 and participant 653 took 25 ms.
    23:42:51.504 | 327 taskScheduler-2  | DEBUG | .a.s.ParticipantScoreScheduleService : Updated participant score 45.
    23:42:51.504 | 327 taskScheduler-2  | DEBUG | .a.s.ParticipantScoreScheduleService : Updating the participant score for exercise 584 and participant 652 took 15 ms.
    23:42:51.506 | 328 taskScheduler-3  | DEBUG | .a.s.ParticipantScoreScheduleService : Processing exercise 584 and participant 654 to update participant scores.
    23:42:51.516 | 328 taskScheduler-3  | DEBUG | .a.s.ParticipantScoreScheduleService : Updated participant score 46.
    23:42:51.517 | 328 taskScheduler-3  | DEBUG | .a.s.ParticipantScoreScheduleService : Updating the participant score for exercise 584 and participant 654 took 11 ms.
    23:42:51.517 | 362 ool-1-worker-126 | DEBUG | .c.s.m.InstanceMessageReceiveService : Received schedule participant score for exercise 585 and participant 656 (result to be deleted: null)
    23:42:51.517 | 362 ool-1-worker-126 | DEBUG | .a.s.ParticipantScoreScheduleService : Scheduled task for exercise 585 and participant 656 at 2025-02-14T23:42:51.617854710Z[Etc/UTC].
    23:42:51.530 | 362 ool-1-worker-126 | DEBUG | .a.q.s.AbstractQuizSubmissionService : submit exam quiz finished: QuizSubmission{id=448, scoreInPoints='null'}
    23:42:51.536 | 362 ool-1-worker-126 | DEBUG | .a.q.s.AbstractQuizSubmissionService : submit exam quiz finished: QuizSubmission{id=448, scoreInPoints='null'}
    23:42:51.543 | 362 ool-1-worker-126 | DEBUG | .a.q.s.AbstractQuizSubmissionService : submit exam quiz finished: QuizSubmission{id=448, scoreInPoints='null'}
    23:42:51.543 | 362 ool-1-worker-126 | DEBUG | .c.s.m.InstanceMessageReceiveService : Received schedule participant score for exercise 585 and participant 652 (result to be deleted: null)
    23:42:51.544 | 362 ool-1-worker-126 | DEBUG | .a.s.ParticipantScoreScheduleService : Scheduled task for exercise 585 and participant 652 at 2025-02-14T23:42:51.644034511Z[Etc/UTC].
    23:42:51.567 | 362 ool-1-worker-126 | DEBUG | .c.s.m.InstanceMessageReceiveService : Received schedule participant score for exercise 585 and participant 652 (result to be deleted: null)
    23:42:51.567 | 362 ool-1-worker-126 | DEBUG | .a.s.ParticipantScoreScheduleService : Scheduled task for exercise 585 and participant 652 at 2025-02-14T23:42:51.667649501Z[Etc/UTC].
    23:42:51.571 | 329 taskScheduler-4  | DEBUG | .a.s.ParticipantScoreScheduleService : Processing exercise 585 and participant 653 to update participant scores.
    23:42:51.580 | 362 ool-1-worker-126 | DEBUG | .a.q.s.AbstractQuizSubmissionService : submit exam quiz finished: QuizSubmission{id=450, scoreInPoints='null'}
    23:42:51.585 | 329 taskScheduler-4  | DEBUG | .a.s.ParticipantScoreScheduleService : Updated participant score 47.
    23:42:51.585 | 329 taskScheduler-4  | DEBUG | .a.s.ParticipantScoreScheduleService : Updating the participant score for exercise 585 and participant 653 took 14 ms.
    23:42:51.594 | 362 ool-1-worker-126 | DEBUG | .a.q.s.AbstractQuizSubmissionService : submit exam quiz finished: QuizSubmission{id=450, scoreInPoints='null'}
    23:42:51.611 | 362 ool-1-worker-126 | DEBUG | .a.q.s.AbstractQuizSubmissionService : submit exam quiz finished: QuizSubmission{id=450, scoreInPoints='null'}
    23:42:51.612 | 362 ool-1-worker-126 | DEBUG | .c.s.m.InstanceMessageReceiveService : Received schedule participant score for exercise 585 and participant 654 (result to be deleted: null)
    23:42:51.612 | 362 ool-1-worker-126 | DEBUG | .a.s.ParticipantScoreScheduleService : Scheduled task for exercise 585 and participant 654 at 2025-02-14T23:42:51.712515146Z[Etc/UTC].
    23:42:51.620 | 327 taskScheduler-2  | DEBUG | .a.s.ParticipantScoreScheduleService : Processing exercise 585 and participant 656 to update participant scores.
    23:42:51.631 | 327 taskScheduler-2  | DEBUG | .a.s.ParticipantScoreScheduleService : Updated participant score 48.
    23:42:51.635 | 327 taskScheduler-2  | DEBUG | .a.s.ParticipantScoreScheduleService : Updating the participant score for exercise 585 and participant 656 took 15 ms.
    23:42:51.656 | 362 ool-1-worker-126 | DEBUG | .c.s.m.InstanceMessageReceiveService : Received schedule participant score for exercise 585 and participant 654 (result to be deleted: null)
    23:42:51.657 | 362 ool-1-worker-126 | DEBUG | .a.s.ParticipantScoreScheduleService : Scheduled task for exercise 585 and participant 654 at 2025-02-14T23:42:51.757040549Z[Etc/UTC].
    23:42:51.667 | 326 taskScheduler-1  | DEBUG | .a.s.ParticipantScoreScheduleService : Processing exercise 585 and participant 652 to update participant scores.
    23:42:51.673 | 362 ool-1-worker-126 | DEBUG | .a.q.s.AbstractQuizSubmissionService : submit exam quiz finished: QuizSubmission{id=449, scoreInPoints='null'}
    23:42:51.675 | 326 taskScheduler-1  | DEBUG | .a.s.ParticipantScoreScheduleService : Updated participant score 49.
    23:42:51.676 | 326 taskScheduler-1  | DEBUG | .a.s.ParticipantScoreScheduleService : Updating the participant score for exercise 585 and participant 652 took 9 ms.
    23:42:51.682 | 362 ool-1-worker-126 | DEBUG | .a.q.s.AbstractQuizSubmissionService : submit exam quiz finished: QuizSubmission{id=449, scoreInPoints='null'}
    23:42:51.688 | 362 ool-1-worker-126 | DEBUG | .a.q.s.AbstractQuizSubmissionService : submit exam quiz finished: QuizSubmission{id=449, scoreInPoints='null'}
    23:42:51.689 | 362 ool-1-worker-126 | DEBUG | .c.s.m.InstanceMessageReceiveService : Received schedule participant score for exercise 586 and participant 655 (result to be deleted: null)
    23:42:51.689 | 362 ool-1-worker-126 | DEBUG | .a.s.ParticipantScoreScheduleService : Scheduled task for exercise 586 and participant 655 at 2025-02-14T23:42:51.789476210Z[Etc/UTC].
    23:42:51.709 | 362 ool-1-worker-126 | DEBUG | .c.s.m.InstanceMessageReceiveService : Received schedule participant score for exercise 586 and participant 655 (result to be deleted: null)
    23:42:51.709 | 362 ool-1-worker-126 | DEBUG | .a.s.ParticipantScoreScheduleService : Scheduled task for exercise 586 and participant 655 at 2025-02-14T23:42:51.809594889Z[Etc/UTC].
    23:42:51.710 | 362 ool-1-worker-126 | DEBUG | .c.s.m.InstanceMessageReceiveService : Received schedule participant score for exercise 587 and participant 653 (result to be deleted: null)
    23:42:51.710 | 362 ool-1-worker-126 | DEBUG | .a.s.ParticipantScoreScheduleService : Scheduled task for exercise 587 and participant 653 at 2025-02-14T23:42:51.810831885Z[Etc/UTC].
    23:42:51.713 | 362 ool-1-worker-126 | DEBUG | .c.s.m.InstanceMessageReceiveService : Received schedule participant score for exercise 587 and participant 653 (result to be deleted: null)
    23:42:51.713 | 362 ool-1-worker-126 | DEBUG | .a.s.ParticipantScoreScheduleService : Scheduled task for exercise 587 and participant 653 at 2025-02-14T23:42:51.813961532Z[Etc/UTC].
    23:42:51.714 | 362 ool-1-worker-126 | DEBUG | .c.s.m.InstanceMessageReceiveService : Received schedule participant score for exercise 587 and participant 652 (result to be deleted: null)
    23:42:51.714 | 362 ool-1-worker-126 | DEBUG | .a.s.ParticipantScoreScheduleService : Scheduled task for exercise 587 and participant 652 at 2025-02-14T23:42:51.814679190Z[Etc/UTC].
    23:42:51.717 | 362 ool-1-worker-126 | DEBUG | .c.s.m.InstanceMessageReceiveService : Received schedule participant score for exercise 587 and participant 652 (result to be deleted: null)
    23:42:51.717 | 362 ool-1-worker-126 | DEBUG | .a.s.ParticipantScoreScheduleService : Scheduled task for exercise 587 and participant 652 at 2025-02-14T23:42:51.817308123Z[Etc/UTC].
    23:42:51.717 | 362 ool-1-worker-126 | DEBUG | .c.s.m.InstanceMessageReceiveService : Received schedule participant score for exercise 588 and participant 655 (result to be deleted: null)
    23:42:51.718 | 362 ool-1-worker-126 | DEBUG | .a.s.ParticipantScoreScheduleService : Scheduled task for exercise 588 and participant 655 at 2025-02-14T23:42:51.818012676Z[Etc/UTC].
    23:42:51.721 | 362 ool-1-worker-126 | DEBUG | .c.s.m.InstanceMessageReceiveService : Received schedule participant score for exercise 588 and participant 655 (result to be deleted: null)
    23:42:51.721 | 362 ool-1-worker-126 | DEBUG | .a.s.ParticipantScoreScheduleService : Scheduled task for exercise 588 and participant 655 at 2025-02-14T23:42:51.821084134Z[Etc/UTC].
    23:42:51.721 | 362 ool-1-worker-126 | DEBUG | .c.s.m.InstanceMessageReceiveService : Received schedule participant score for exercise 588 and participant 656 (result to be deleted: null)
    23:42:51.721 | 362 ool-1-worker-126 | DEBUG | .a.s.ParticipantScoreScheduleService : Scheduled task for exercise 588 and participant 656 at 2025-02-14T23:42:51.821791143Z[Etc/UTC].
    23:42:51.724 | 362 ool-1-worker-126 | DEBUG | .c.s.m.InstanceMessageReceiveService : Received schedule participant score for exercise 588 and participant 656 (result to be deleted: null)
    23:42:51.724 | 362 ool-1-worker-126 | DEBUG | .a.s.ParticipantScoreScheduleService : Scheduled task for exercise 588 and participant 656 at 2025-02-14T23:42:51.824771798Z[Etc/UTC].
    23:42:51.725 | 362 ool-1-worker-126 | DEBUG | .c.s.m.InstanceMessageReceiveService : Received schedule participant score for exercise 588 and participant 654 (result to be deleted: null)
    23:42:51.725 | 362 ool-1-worker-126 | DEBUG | .a.s.ParticipantScoreScheduleService : Scheduled task for exercise 588 and participant 654 at 2025-02-14T23:42:51.825532838Z[Etc/UTC].
    23:42:51.728 | 362 ool-1-worker-126 | DEBUG | .c.s.m.InstanceMessageReceiveService : Received schedule participant score for exercise 588 and participant 654 (result to be deleted: null)
    23:42:51.728 | 362 ool-1-worker-126 | DEBUG | .a.s.ParticipantScoreScheduleService : Scheduled task for exercise 588 and participant 654 at 2025-02-14T23:42:51.828145460Z[Etc/UTC].
    23:42:51.728 | 362 ool-1-worker-126 | DEBUG | .c.s.m.InstanceMessageReceiveService : Received schedule participant score for exercise 589 and participant 656 (result to be deleted: null)
    23:42:51.729 | 362 ool-1-worker-126 | DEBUG | .a.s.ParticipantScoreScheduleService : Scheduled task for exercise 589 and participant 656 at 2025-02-14T23:42:51.829019259Z[Etc/UTC].
    23:42:51.731 | 362 ool-1-worker-126 | DEBUG | .c.s.m.InstanceMessageReceiveService : Received schedule participant score for exercise 589 and participant 656 (result to be deleted: null)
    23:42:51.731 | 362 ool-1-worker-126 | DEBUG | .a.s.ParticipantScoreScheduleService : Scheduled task for exercise 589 and participant 656 at 2025-02-14T23:42:51.831810458Z[Etc/UTC].
    23:42:51.732 | 362 ool-1-worker-126 | DEBUG | .c.s.m.InstanceMessageReceiveService : Received schedule participant score for exercise 589 and participant 652 (result to be deleted: null)
    23:42:51.732 | 362 ool-1-worker-126 | DEBUG | .a.s.ParticipantScoreScheduleService : Scheduled task for exercise 589 and participant 652 at 2025-02-14T23:42:51.832742866Z[Etc/UTC].
    23:42:51.737 | 362 ool-1-worker-126 | DEBUG | .c.s.m.InstanceMessageReceiveService : Received schedule participant score for exercise 589 and participant 652 (result to be deleted: null)
    23:42:51.737 | 362 ool-1-worker-126 | DEBUG | .a.s.ParticipantScoreScheduleService : Scheduled task for exercise 589 and participant 652 at 2025-02-14T23:42:51.837124377Z[Etc/UTC].
    23:42:51.740 | 362 ool-1-worker-126 | DEBUG | .c.s.m.InstanceMessageReceiveService : Received schedule participant score for exercise 590 and participant 655 (result to be deleted: null)
    23:42:51.740 | 362 ool-1-worker-126 | DEBUG | .a.s.ParticipantScoreScheduleService : Scheduled task for exercise 590 and participant 655 at 2025-02-14T23:42:51.840619906Z[Etc/UTC].
    23:42:51.748 | 362 ool-1-worker-126 | DEBUG | .c.s.m.InstanceMessageReceiveService : Received schedule participant score for exercise 590 and participant 655 (result to be deleted: null)
    23:42:51.748 | 362 ool-1-worker-126 | DEBUG | .a.s.ParticipantScoreScheduleService : Scheduled task for exercise 590 and participant 655 at 2025-02-14T23:42:51.848317190Z[Etc/UTC].
    23:42:51.749 | 362 ool-1-worker-126 | DEBUG | .c.s.m.InstanceMessageReceiveService : Received schedule participant score for exercise 590 and participant 653 (result to be deleted: null)
    23:42:51.749 | 362 ool-1-worker-126 | DEBUG | .a.s.ParticipantScoreScheduleService : Scheduled task for exercise 590 and participant 653 at 2025-02-14T23:42:51.849812930Z[Etc/UTC].
    23:42:51.755 | 362 ool-1-worker-126 | DEBUG | .c.s.m.InstanceMessageReceiveService : Received schedule participant score for exercise 590 and participant 653 (result to be deleted: null)
    23:42:51.755 | 362 ool-1-worker-126 | DEBUG | .a.s.ParticipantScoreScheduleService : Scheduled task for exercise 590 and participant 653 at 2025-02-14T23:42:51.855744562Z[Etc/UTC].
    23:42:51.756 | 362 ool-1-worker-126 | DEBUG | .c.s.m.InstanceMessageReceiveService : Received schedule participant score for exercise 590 and participant 654 (result to be deleted: null)
    23:42:51.756 | 362 ool-1-worker-126 | DEBUG | .a.s.ParticipantScoreScheduleService : Scheduled task for exercise 590 and participant 654 at 2025-02-14T23:42:51.856696567Z[Etc/UTC].
    23:42:51.757 | 328 taskScheduler-3  | DEBUG | .a.s.ParticipantScoreScheduleService : Processing exercise 585 and participant 654 to update participant scores.
    23:42:51.764 | 362 ool-1-worker-126 | DEBUG | .c.s.m.InstanceMessageReceiveService : Received schedule participant score for exercise 590 and participant 654 (result to be deleted: null)
    23:42:51.764 | 362 ool-1-worker-126 | DEBUG | .a.s.ParticipantScoreScheduleService : Scheduled task for exercise 590 and participant 654 at 2025-02-14T23:42:51.864645922Z[Etc/UTC].
    23:42:51.765 | 362 ool-1-worker-126 | DEBUG | .c.s.m.InstanceMessageReceiveService : Received schedule participant score for exercise 591 and participant 654 (result to be deleted: null)
    23:42:51.765 | 362 ool-1-worker-126 | DEBUG | .a.s.ParticipantScoreScheduleService : Scheduled task for exercise 591 and participant 654 at 2025-02-14T23:42:51.865691051Z[Etc/UTC].
    23:42:51.765 | 328 taskScheduler-3  | DEBUG | .a.s.ParticipantScoreScheduleService : Updated participant score 50.
    23:42:51.767 | 328 taskScheduler-3  | DEBUG | .a.s.ParticipantScoreScheduleService : Updating the participant score for exercise 585 and participant 654 took 10 ms.
    23:42:51.769 | 362 ool-1-worker-126 | DEBUG | .c.s.m.InstanceMessageReceiveService : Received schedule participant score for exercise 591 and participant 654 (result to be deleted: null)
    23:42:51.770 | 362 ool-1-worker-126 | DEBUG | .a.s.ParticipantScoreScheduleService : Scheduled task for exercise 591 and participant 654 at 2025-02-14T23:42:51.870019222Z[Etc/UTC].
    23:42:51.770 | 362 ool-1-worker-126 | DEBUG | .c.s.m.InstanceMessageReceiveService : Received schedule participant score for exercise 591 and participant 652 (result to be deleted: null)
    23:42:51.770 | 362 ool-1-worker-126 | DEBUG | .a.s.ParticipantScoreScheduleService : Scheduled task for exercise 591 and participant 652 at 2025-02-14T23:42:51.870928879Z[Etc/UTC].
    23:42:51.774 | 362 ool-1-worker-126 | DEBUG | .c.s.m.InstanceMessageReceiveService : Received schedule participant score for exercise 591 and participant 652 (result to be deleted: null)
    23:42:51.775 | 362 ool-1-worker-126 | DEBUG | .a.s.ParticipantScoreScheduleService : Scheduled task for exercise 591 and participant 652 at 2025-02-14T23:42:51.874999349Z[Etc/UTC].
    23:42:51.776 | 362 ool-1-worker-126 | DEBUG | .c.s.m.InstanceMessageReceiveService : Received schedule participant score for exercise 591 and participant 655 (result to be deleted: null)
    23:42:51.776 | 362 ool-1-worker-126 | DEBUG | .a.s.ParticipantScoreScheduleService : Scheduled task for exercise 591 and participant 655 at 2025-02-14T23:42:51.876360137Z[Etc/UTC].
    23:42:51.780 | 362 ool-1-worker-126 | DEBUG | .c.s.m.InstanceMessageReceiveService : Received schedule participant score for exercise 591 and participant 655 (result to be deleted: null)
    23:42:51.780 | 362 ool-1-worker-126 | DEBUG | .a.s.ParticipantScoreScheduleService : Scheduled task for exercise 591 and participant 655 at 2025-02-14T23:42:51.880734545Z[Etc/UTC].
    23:42:51.781 | 362 ool-1-worker-126 | DEBUG | .c.s.m.InstanceMessageReceiveService : Received schedule participant score for exercise 591 and participant 653 (result to be deleted: null)
    23:42:51.781 | 362 ool-1-worker-126 | DEBUG | .a.s.ParticipantScoreScheduleService : Scheduled task for exercise 591 and participant 653 at 2025-02-14T23:42:51.881665581Z[Etc/UTC].
    23:42:51.785 | 362 ool-1-worker-126 | DEBUG | .c.s.m.InstanceMessageReceiveService : Received schedule participant score for exercise 591 and participant 653 (result to be deleted: null)
    23:42:51.785 | 362 ool-1-worker-126 | DEBUG | .a.s.ParticipantScoreScheduleService : Scheduled task for exercise 591 and participant 653 at 2025-02-14T23:42:51.885975969Z[Etc/UTC].
    23:42:51.786 | 362 ool-1-worker-126 | DEBUG | .c.s.m.InstanceMessageReceiveService : Received schedule participant score for exercise 591 and participant 656 (result to be deleted: null)
    23:42:51.786 | 362 ool-1-worker-126 | DEBUG | .a.s.ParticipantScoreScheduleService : Scheduled task for exercise 591 and participant 656 at 2025-02-14T23:42:51.886924879Z[Etc/UTC].
    23:42:51.790 | 362 ool-1-worker-126 | DEBUG | .c.s.m.InstanceMessageReceiveService : Received schedule participant score for exercise 591 and participant 656 (result to be deleted: null)
    23:42:51.791 | 362 ool-1-worker-126 | DEBUG | .a.s.ParticipantScoreScheduleService : Scheduled task for exercise 591 and participant 656 at 2025-02-14T23:42:51.891019845Z[Etc/UTC].
    23:42:51.791 | 362 ool-1-worker-126 | DEBUG | .c.s.m.InstanceMessageReceiveService : Received schedule participant score for exercise 592 and participant 653 (result to be deleted: null)
    23:42:51.791 | 362 ool-1-worker-126 | DEBUG | .a.s.ParticipantScoreScheduleService : Scheduled task for exercise 592 and participant 653 at 2025-02-14T23:42:51.891948918Z[Etc/UTC].
    23:42:51.795 | 362 ool-1-worker-126 | DEBUG | .c.s.m.InstanceMessageReceiveService : Received schedule participant score for exercise 592 and participant 653 (result to be deleted: null)
    23:42:51.795 | 362 ool-1-worker-126 | DEBUG | .a.s.ParticipantScoreScheduleService : Scheduled task for exercise 592 and participant 653 at 2025-02-14T23:42:51.895954918Z[Etc/UTC].
    23:42:51.796 | 362 ool-1-worker-126 | DEBUG | .c.s.m.InstanceMessageReceiveService : Received schedule participant score for exercise 592 and participant 656 (result to be deleted: null)
    23:42:51.796 | 362 ool-1-worker-126 | DEBUG | .a.s.ParticipantScoreScheduleService : Scheduled task for exercise 592 and participant 656 at 2025-02-14T23:42:51.896874493Z[Etc/UTC].
    23:42:51.800 | 362 ool-1-worker-126 | DEBUG | .c.s.m.InstanceMessageReceiveService : Received schedule participant score for exercise 592 and participant 656 (result to be deleted: null)
    23:42:51.801 | 362 ool-1-worker-126 | DEBUG | .a.s.ParticipantScoreScheduleService : Scheduled task for exercise 592 and participant 656 at 2025-02-14T23:42:51.901018301Z[Etc/UTC].
    23:42:51.801 | 362 ool-1-worker-126 | DEBUG | .c.s.m.InstanceMessageReceiveService : Received schedule participant score for exercise 592 and participant 654 (result to be deleted: null)
    23:42:51.801 | 362 ool-1-worker-126 | DEBUG | .a.s.ParticipantScoreScheduleService : Scheduled task for exercise 592 and participant 654 at 2025-02-14T23:42:51.901925483Z[Etc/UTC].
    23:42:51.805 | 362 ool-1-worker-126 | DEBUG | .c.s.m.InstanceMessageReceiveService : Received schedule participant score for exercise 592 and participant 654 (result to be deleted: null)
    23:42:51.805 | 362 ool-1-worker-126 | DEBUG | .a.s.ParticipantScoreScheduleService : Scheduled task for exercise 592 and participant 654 at 2025-02-14T23:42:51.905919200Z[Etc/UTC].
    23:42:51.806 | 362 ool-1-worker-126 | DEBUG | .c.s.m.InstanceMessageReceiveService : Received schedule participant score for exercise 592 and participant 652 (result to be deleted: null)
    23:42:51.806 | 362 ool-1-worker-126 | DEBUG | .a.s.ParticipantScoreScheduleService : Scheduled task for exercise 592 and participant 652 at 2025-02-14T23:42:51.906815342Z[Etc/UTC].
    23:42:51.809 | 329 taskScheduler-4  | DEBUG | .a.s.ParticipantScoreScheduleService : Processing exercise 586 and participant 655 to update participant scores.
    23:42:51.813 | 362 ool-1-worker-126 | DEBUG | .c.s.m.InstanceMessageReceiveService : Received schedule participant score for exercise 592 and participant 652 (result to be deleted: null)
    23:42:51.813 | 362 ool-1-worker-126 | DEBUG | .a.s.ParticipantScoreScheduleService : Scheduled task for exercise 592 and participant 652 at 2025-02-14T23:42:51.913237996Z[Etc/UTC].
    23:42:51.814 | 328 taskScheduler-3  | DEBUG | .a.s.ParticipantScoreScheduleService : Processing exercise 587 and participant 653 to update participant scores.
    23:42:51.814 | 362 ool-1-worker-126 | DEBUG | .c.s.m.InstanceMessageReceiveService : Received schedule participant score for exercise 592 and participant 655 (result to be deleted: null)
    23:42:51.814 | 362 ool-1-worker-126 | DEBUG | .a.s.ParticipantScoreScheduleService : Scheduled task for exercise 592 and participant 655 at 2025-02-14T23:42:51.914348887Z[Etc/UTC].
    23:42:51.815 | 329 taskScheduler-4  | DEBUG | .a.s.ParticipantScoreScheduleService : Updated participant score 51.
    23:42:51.816 | 329 taskScheduler-4  | DEBUG | .a.s.ParticipantScoreScheduleService : Updating the participant score for exercise 586 and participant 655 took 7 ms.
    23:42:51.819 | 328 taskScheduler-3  | DEBUG | .a.s.ParticipantScoreScheduleService : Updated participant score 52.
    23:42:51.820 | 328 taskScheduler-3  | DEBUG | .a.s.ParticipantScoreScheduleService : Updating the participant score for exercise 587 and participant 653 took 6 ms.
    23:42:51.820 | 328 taskScheduler-3  | DEBUG | .a.s.ParticipantScoreScheduleService : Processing exercise 587 and participant 652 to update participant scores.
    23:42:51.821 | 329 taskScheduler-4  | DEBUG | .a.s.ParticipantScoreScheduleService : Processing exercise 588 and participant 655 to update participant scores.
    23:42:51.821 | 362 ool-1-worker-126 | DEBUG | .c.s.m.InstanceMessageReceiveService : Received schedule participant score for exercise 592 and participant 655 (result to be deleted: null)
    23:42:51.821 | 362 ool-1-worker-126 | DEBUG | .a.s.ParticipantScoreScheduleService : Scheduled task for exercise 592 and participant 655 at 2025-02-14T23:42:51.921200555Z[Etc/UTC].
    23:42:51.822 | 362 ool-1-worker-126 | DEBUG | .c.s.m.InstanceMessageReceiveService : Received schedule participant score for exercise 593 and participant 653 (result to be deleted: null)
    23:42:51.822 | 362 ool-1-worker-126 | DEBUG | .a.s.ParticipantScoreScheduleService : Scheduled task for exercise 593 and participant 653 at 2025-02-14T23:42:51.922681557Z[Etc/UTC].
    23:42:51.824 | 326 taskScheduler-1  | DEBUG | .a.s.ParticipantScoreScheduleService : Processing exercise 588 and participant 656 to update participant scores.
    23:42:51.828 | 327 taskScheduler-2  | DEBUG | .a.s.ParticipantScoreScheduleService : Processing exercise 588 and participant 654 to update participant scores.
    23:42:51.829 | 362 ool-1-worker-126 | DEBUG | .c.s.m.InstanceMessageReceiveService : Received schedule participant score for exercise 593 and participant 653 (result to be deleted: null)
    23:42:51.829 | 362 ool-1-worker-126 | DEBUG | .a.s.ParticipantScoreScheduleService : Scheduled task for exercise 593 and participant 653 at 2025-02-14T23:42:51.929095858Z[Etc/UTC].
    23:42:51.830 | 362 ool-1-worker-126 | DEBUG | .c.s.m.InstanceMessageReceiveService : Received schedule participant score for exercise 593 and participant 656 (result to be deleted: null)
    23:42:51.830 | 362 ool-1-worker-126 | DEBUG | .a.s.ParticipantScoreScheduleService : Scheduled task for exercise 593 and participant 656 at 2025-02-14T23:42:51.930578834Z[Etc/UTC].
    23:42:51.832 | 328 taskScheduler-3  | DEBUG | .a.s.ParticipantScoreScheduleService : Updated participant score 53.
    23:42:51.834 | 328 taskScheduler-3  | DEBUG | .a.s.ParticipantScoreScheduleService : Updating the participant score for exercise 587 and participant 652 took 14 ms.
    23:42:51.834 | 328 taskScheduler-3  | DEBUG | .a.s.ParticipantScoreScheduleService : Processing exercise 589 and participant 656 to update participant scores.
    23:42:51.836 | 329 taskScheduler-4  | DEBUG | .a.s.ParticipantScoreScheduleService : Updated participant score 54.
    23:42:51.838 | 362 ool-1-worker-126 | DEBUG | .c.s.m.InstanceMessageReceiveService : Received schedule participant score for exercise 593 and participant 656 (result to be deleted: null)
    23:42:51.838 | 362 ool-1-worker-126 | DEBUG | .a.s.ParticipantScoreScheduleService : Scheduled task for exercise 593 and participant 656 at 2025-02-14T23:42:51.938096363Z[Etc/UTC].
    23:42:51.839 | 362 ool-1-worker-126 | DEBUG | .c.s.m.InstanceMessageReceiveService : Received schedule participant score for exercise 593 and participant 654 (result to be deleted: null)
    23:42:51.839 | 362 ool-1-worker-126 | DEBUG | .a.s.ParticipantScoreScheduleService : Scheduled task for exercise 593 and participant 654 at 2025-02-14T23:42:51.939564160Z[Etc/UTC].
    23:42:51.840 | 329 taskScheduler-4  | DEBUG | .a.s.ParticipantScoreScheduleService : Updating the participant score for exercise 588 and participant 655 took 19 ms.
    23:42:51.840 | 329 taskScheduler-4  | DEBUG | .a.s.ParticipantScoreScheduleService : Processing exercise 589 and participant 652 to update participant scores.
    23:42:51.843 | 326 taskScheduler-1  | DEBUG | .a.s.ParticipantScoreScheduleService : Updated participant score 55.
    23:42:51.844 | 326 taskScheduler-1  | DEBUG | .a.s.ParticipantScoreScheduleService : Updating the participant score for exercise 588 and participant 656 took 20 ms.
    23:42:51.845 | 327 taskScheduler-2  | DEBUG | .a.s.ParticipantScoreScheduleService : Updated participant score 56.
    23:42:51.845 | 327 taskScheduler-2  | DEBUG | .a.s.ParticipantScoreScheduleService : Updating the participant score for exercise 588 and participant 654 took 17 ms.
    23:42:51.847 | 328 taskScheduler-3  | DEBUG | .a.s.ParticipantScoreScheduleService : Updated participant score 57.
    23:42:51.847 | 362 ool-1-worker-126 | DEBUG | .c.s.m.InstanceMessageReceiveService : Received schedule participant score for exercise 593 and participant 654 (result to be deleted: null)
    23:42:51.847 | 362 ool-1-worker-126 | DEBUG | .a.s.ParticipantScoreScheduleService : Scheduled task for exercise 593 and participant 654 at 2025-02-14T23:42:51.947959266Z[Etc/UTC].
    23:42:51.848 | 326 taskScheduler-1  | DEBUG | .a.s.ParticipantScoreScheduleService : Processing exercise 590 and participant 655 to update participant scores.
    23:42:51.848 | 329 taskScheduler-4  | DEBUG | .a.s.ParticipantScoreScheduleService : Updated participant score 58.
    23:42:51.849 | 362 ool-1-worker-126 | DEBUG | .c.s.m.InstanceMessageReceiveService : Received schedule participant score for exercise 593 and participant 652 (result to be deleted: null)
    23:42:51.849 | 362 ool-1-worker-126 | DEBUG | .a.s.ParticipantScoreScheduleService : Scheduled task for exercise 593 and participant 652 at 2025-02-14T23:42:51.949444335Z[Etc/UTC].
    23:42:51.851 | 328 taskScheduler-3  | DEBUG | .a.s.ParticipantScoreScheduleService : Updating the participant score for exercise 589 and participant 656 took 17 ms.
    23:42:51.852 | 329 taskScheduler-4  | DEBUG | .a.s.ParticipantScoreScheduleService : Updating the participant score for exercise 589 and participant 652 took 12 ms.
    23:42:51.854 | 326 taskScheduler-1  | DEBUG | .a.s.ParticipantScoreScheduleService : Updated participant score 59.
    23:42:51.854 | 326 taskScheduler-1  | DEBUG | .a.s.ParticipantScoreScheduleService : Updating the participant score for exercise 590 and participant 655 took 6 ms.
    23:42:51.855 | 328 taskScheduler-3  | DEBUG | .a.s.ParticipantScoreScheduleService : Processing exercise 590 and participant 653 to update participant scores.
    23:42:51.856 | 362 ool-1-worker-126 | DEBUG | .c.s.m.InstanceMessageReceiveService : Received schedule participant score for exercise 593 and participant 652 (result to be deleted: null)
    23:42:51.856 | 362 ool-1-worker-126 | DEBUG | .a.s.ParticipantScoreScheduleService : Scheduled task for exercise 593 and participant 652 at 2025-02-14T23:42:51.956777431Z[Etc/UTC].
    23:42:51.858 | 362 ool-1-worker-126 | DEBUG | .c.s.m.InstanceMessageReceiveService : Received schedule participant score for exercise 593 and participant 655 (result to be deleted: null)
    23:42:51.858 | 362 ool-1-worker-126 | DEBUG | .a.s.ParticipantScoreScheduleService : Scheduled task for exercise 593 and participant 655 at 2025-02-14T23:42:51.958368007Z[Etc/UTC].
    23:42:51.863 | 328 taskScheduler-3  | DEBUG | .a.s.ParticipantScoreScheduleService : Updated participant score 60.
    23:42:51.863 | 328 taskScheduler-3  | DEBUG | .a.s.ParticipantScoreScheduleService : Updating the participant score for exercise 590 and participant 653 took 8 ms.
    23:42:51.864 | 327 taskScheduler-2  | DEBUG | .a.s.ParticipantScoreScheduleService : Processing exercise 590 and participant 654 to update participant scores.
    23:42:51.865 | 362 ool-1-worker-126 | DEBUG | .c.s.m.InstanceMessageReceiveService : Received schedule participant score for exercise 593 and participant 655 (result to be deleted: null)
    23:42:51.865 | 362 ool-1-worker-126 | DEBUG | .a.s.ParticipantScoreScheduleService : Scheduled task for exercise 593 and participant 655 at 2025-02-14T23:42:51.965317497Z[Etc/UTC].
    23:42:51.870 | 329 taskScheduler-4  | DEBUG | .a.s.ParticipantScoreScheduleService : Processing exercise 591 and participant 654 to update participant scores.
    23:42:51.872 | 362 ool-1-worker-126 | DEBUG | .a.s.ParticipantScoreScheduleService : Scheduled task for exercise 583 and participant 656 at 2025-02-14T23:42:51.971993647Z[Etc/UTC].
    23:42:51.872 | 362 ool-1-worker-126 | DEBUG | .a.s.ParticipantScoreScheduleService : Scheduled task for exercise 583 and participant 653 at 2025-02-14T23:42:51.972020767Z[Etc/UTC].
    23:42:51.872 | 362 ool-1-worker-126 | DEBUG | .a.s.ParticipantScoreScheduleService : Scheduled task for exercise 583 and participant 655 at 2025-02-14T23:42:51.972029764Z[Etc/UTC].
    23:42:51.872 | 362 ool-1-worker-126 | DEBUG | .a.s.ParticipantScoreScheduleService : Scheduled task for exercise 584 and participant 652 at 2025-02-14T23:42:51.972035936Z[Etc/UTC].
    23:42:51.872 | 362 ool-1-worker-126 | DEBUG | .a.s.ParticipantScoreScheduleService : Scheduled task for exercise 584 and participant 654 at 2025-02-14T23:42:51.972042378Z[Etc/UTC].
    23:42:51.872 | 362 ool-1-worker-126 | DEBUG | .a.s.ParticipantScoreScheduleService : Scheduled task for exercise 585 and participant 653 at 2025-02-14T23:42:51.972049190Z[Etc/UTC].
    23:42:51.872 | 362 ool-1-worker-126 | DEBUG | .a.s.ParticipantScoreScheduleService : Scheduled task for exercise 585 and participant 656 at 2025-02-14T23:42:51.972056304Z[Etc/UTC].
    23:42:51.872 | 362 ool-1-worker-126 | DEBUG | .a.s.ParticipantScoreScheduleService : Scheduled task for exercise 585 and participant 652 at 2025-02-14T23:42:51.972062255Z[Etc/UTC].
    23:42:51.872 | 362 ool-1-worker-126 | DEBUG | .a.s.ParticipantScoreScheduleService : Scheduled task for exercise 585 and participant 654 at 2025-02-14T23:42:51.972073326Z[Etc/UTC].
    23:42:51.872 | 362 ool-1-worker-126 | DEBUG | .a.s.ParticipantScoreScheduleService : Scheduled task for exercise 586 and participant 655 at 2025-02-14T23:42:51.972080619Z[Etc/UTC].
    23:42:51.872 | 362 ool-1-worker-126 | DEBUG | .a.s.ParticipantScoreScheduleService : Scheduled task for exercise 587 and participant 653 at 2025-02-14T23:42:51.972087061Z[Etc/UTC].
    23:42:51.872 | 362 ool-1-worker-126 | DEBUG | .a.s.ParticipantScoreScheduleService : Scheduled task for exercise 587 and participant 652 at 2025-02-14T23:42:51.972095096Z[Etc/UTC].
    23:42:51.872 | 362 ool-1-worker-126 | DEBUG | .a.s.ParticipantScoreScheduleService : Scheduled task for exercise 588 and participant 655 at 2025-02-14T23:42:51.972163864Z[Etc/UTC].
    23:42:51.872 | 362 ool-1-worker-126 | DEBUG | .a.s.ParticipantScoreScheduleService : Scheduled task for exercise 588 and participant 656 at 2025-02-14T23:42:51.972176839Z[Etc/UTC].
    23:42:51.872 | 362 ool-1-worker-126 | DEBUG | .a.s.ParticipantScoreScheduleService : Scheduled task for exercise 588 and participant 654 at 2025-02-14T23:42:51.972185645Z[Etc/UTC].
    23:42:51.872 | 362 ool-1-worker-126 | DEBUG | .a.s.ParticipantScoreScheduleService : Scheduled task for exercise 589 and participant 656 at 2025-02-14T23:42:51.972194231Z[Etc/UTC].
    23:42:51.872 | 362 ool-1-worker-126 | DEBUG | .a.s.ParticipantScoreScheduleService : Scheduled task for exercise 589 and participant 652 at 2025-02-14T23:42:51.972202166Z[Etc/UTC].
    23:42:51.872 | 362 ool-1-worker-126 | DEBUG | .a.s.ParticipantScoreScheduleService : Scheduled task for exercise 590 and participant 655 at 2025-02-14T23:42:51.972210150Z[Etc/UTC].
    23:42:51.872 | 362 ool-1-worker-126 | DEBUG | .a.s.ParticipantScoreScheduleService : Scheduled task for exercise 590 and participant 653 at 2025-02-14T23:42:51.972217564Z[Etc/UTC].
    23:42:51.872 | 362 ool-1-worker-126 | DEBUG | .a.s.ParticipantScoreScheduleService : Scheduled task for exercise 590 and participant 654 at 2025-02-14T23:42:51.972230769Z[Etc/UTC].
    23:42:51.872 | 362 ool-1-worker-126 | DEBUG | .a.s.ParticipantScoreScheduleService : Scheduled task for exercise 591 and participant 654 at 2025-02-14T23:42:51.972250776Z[Etc/UTC].
    23:42:51.872 | 362 ool-1-worker-126 | DEBUG | .a.s.ParticipantScoreScheduleService : Scheduled task for exercise 591 and participant 652 at 2025-02-14T23:42:51.972264903Z[Etc/UTC].
    23:42:51.872 | 362 ool-1-worker-126 | DEBUG | .a.s.ParticipantScoreScheduleService : Scheduled task for exercise 591 and participant 655 at 2025-02-14T23:42:51.972276474Z[Etc/UTC].
    23:42:51.872 | 362 ool-1-worker-126 | DEBUG | .a.s.ParticipantScoreScheduleService : Scheduled task for exercise 591 and participant 653 at 2025-02-14T23:42:51.972286072Z[Etc/UTC].
    23:42:51.872 | 362 ool-1-worker-126 | DEBUG | .a.s.ParticipantScoreScheduleService : Scheduled task for exercise 591 and participant 656 at 2025-02-14T23:42:51.972294848Z[Etc/UTC].
    23:42:51.872 | 362 ool-1-worker-126 | DEBUG | .a.s.ParticipantScoreScheduleService : Scheduled task for exercise 592 and participant 653 at 2025-02-14T23:42:51.972304677Z[Etc/UTC].
    23:42:51.872 | 362 ool-1-worker-126 | DEBUG | .a.s.ParticipantScoreScheduleService : Scheduled task for exercise 592 and participant 656 at 2025-02-14T23:42:51.972314585Z[Etc/UTC].
    23:42:51.872 | 362 ool-1-worker-126 | DEBUG | .a.s.ParticipantScoreScheduleService : Scheduled task for exercise 592 and participant 654 at 2025-02-14T23:42:51.972323753Z[Etc/UTC].
    23:42:51.872 | 362 ool-1-worker-126 | DEBUG | .a.s.ParticipantScoreScheduleService : Scheduled task for exercise 592 and participant 652 at 2025-02-14T23:42:51.972333180Z[Etc/UTC].
    23:42:51.872 | 362 ool-1-worker-126 | DEBUG | .a.s.ParticipantScoreScheduleService : Scheduled task for exercise 592 and participant 655 at 2025-02-14T23:42:51.972344110Z[Etc/UTC].
    23:42:51.872 | 362 ool-1-worker-126 | DEBUG | .a.s.ParticipantScoreScheduleService : Scheduled task for exercise 593 and participant 653 at 2025-02-14T23:42:51.972353598Z[Etc/UTC].
    23:42:51.872 | 362 ool-1-worker-126 | DEBUG | .a.s.ParticipantScoreScheduleService : Scheduled task for exercise 593 and participant 656 at 2025-02-14T23:42:51.972363076Z[Etc/UTC].
    23:42:51.872 | 362 ool-1-worker-126 | DEBUG | .a.s.ParticipantScoreScheduleService : Scheduled task for exercise 593 and participant 654 at 2025-02-14T23:42:51.972372633Z[Etc/UTC].
    23:42:51.872 | 362 ool-1-worker-126 | DEBUG | .a.s.ParticipantScoreScheduleService : Scheduled task for exercise 593 and participant 652 at 2025-02-14T23:42:51.972382362Z[Etc/UTC].
    23:42:51.872 | 362 ool-1-worker-126 | DEBUG | .a.s.ParticipantScoreScheduleService : Scheduled task for exercise 593 and participant 655 at 2025-02-14T23:42:51.972390437Z[Etc/UTC].
    23:42:51.872 | 327 taskScheduler-2  | DEBUG | .a.s.ParticipantScoreScheduleService : Updated participant score 61.
    23:42:51.873 | 362 ool-1-worker-126 | DEBUG | .a.s.ParticipantScoreScheduleService : Scheduled task for exercise 168 and participant 203 at 2025-02-14T23:42:51.973211508Z[Etc/UTC].
    23:42:51.873 | 362 ool-1-worker-126 | DEBUG | .a.s.ParticipantScoreScheduleService : Scheduled task for exercise 170 and participant 203 at 2025-02-14T23:42:51.973236845Z[Etc/UTC].
    23:42:51.873 | 362 ool-1-worker-126 | DEBUG | .a.s.ParticipantScoreScheduleService : Scheduled task for exercise 180 and participant 203 at 2025-02-14T23:42:51.973258786Z[Etc/UTC].
    23:42:51.873 | 362 ool-1-worker-126 | DEBUG | .a.s.ParticipantScoreScheduleService : Scheduled task for exercise 180 and participant 1 at 2025-02-14T23:42:51.973273133Z[Etc/UTC].
    23:42:51.873 | 362 ool-1-worker-126 | DEBUG | .a.s.ParticipantScoreScheduleService : Scheduled task for exercise 184 and participant 203 at 2025-02-14T23:42:51.973281588Z[Etc/UTC].
    23:42:51.873 | 362 ool-1-worker-126 | DEBUG | .a.s.ParticipantScoreScheduleService : Scheduled task for exercise 186 and participant 203 at 2025-02-14T23:42:51.973288692Z[Etc/UTC].
    23:42:51.873 | 362 ool-1-worker-126 | DEBUG | .a.s.ParticipantScoreScheduleService : Processing of 35 results and 6 participant scores.
    23:42:51.873 | 327 taskScheduler-2  | DEBUG | .a.s.ParticipantScoreScheduleService : Updating the participant score for exercise 590 and participant 654 took 9 ms.
    23:42:51.877 | 329 taskScheduler-4  | DEBUG | .a.s.ParticipantScoreScheduleService : Updated participant score 62.
    23:42:51.877 | 329 taskScheduler-4  | DEBUG | .a.s.ParticipantScoreScheduleService : Updating the participant score for exercise 591 and participant 654 took 7 ms.
    23:42:51.972 | 328 taskScheduler-3  | DEBUG | .a.s.ParticipantScoreScheduleService : Processing exercise 583 and participant 656 to update participant scores.
    23:42:51.972 | 327 taskScheduler-2  | DEBUG | .a.s.ParticipantScoreScheduleService : Processing exercise 583 and participant 653 to update participant scores.
    23:42:51.972 | 329 taskScheduler-4  | DEBUG | .a.s.ParticipantScoreScheduleService : Processing exercise 583 and participant 655 to update participant scores.
    23:42:51.972 | 326 taskScheduler-1  | DEBUG | .a.s.ParticipantScoreScheduleService : Processing exercise 584 and participant 652 to update participant scores.
    23:42:51.974 | 329 taskScheduler-4  | DEBUG | .a.s.ParticipantScoreScheduleService : Participant score 44 is already up-to-date, skipping.
    23:42:51.974 | 329 taskScheduler-4  | DEBUG | .a.s.ParticipantScoreScheduleService : Processing exercise 584 and participant 654 to update participant scores.
    23:42:51.975 | 326 taskScheduler-1  | DEBUG | .a.s.ParticipantScoreScheduleService : Participant score 45 is already up-to-date, skipping.
    23:42:51.975 | 326 taskScheduler-1  | DEBUG | .a.s.ParticipantScoreScheduleService : Processing exercise 585 and participant 653 to update participant scores.
    23:42:51.976 | 329 taskScheduler-4  | DEBUG | .a.s.ParticipantScoreScheduleService : Participant score 46 is already up-to-date, skipping.
    23:42:51.976 | 329 taskScheduler-4  | DEBUG | .a.s.ParticipantScoreScheduleService : Processing exercise 585 and participant 656 to update participant scores.
    23:42:51.977 | 326 taskScheduler-1  | DEBUG | .a.s.ParticipantScoreScheduleService : Participant score 47 is already up-to-date, skipping.
    23:42:51.977 | 327 taskScheduler-2  | DEBUG | .a.s.ParticipantScoreScheduleService : Participant score 43 is already up-to-date, skipping.
    23:42:51.977 | 327 taskScheduler-2  | DEBUG | .a.s.ParticipantScoreScheduleService : Processing exercise 585 and participant 654 to update participant scores.
    23:42:51.978 | 328 taskScheduler-3  | DEBUG | .a.s.ParticipantScoreScheduleService : Participant score 42 is already up-to-date, skipping.
    23:42:51.978 | 328 taskScheduler-3  | DEBUG | .a.s.ParticipantScoreScheduleService : Processing exercise 586 and participant 655 to update participant scores.
    23:42:51.978 | 327 taskScheduler-2  | DEBUG | .a.s.ParticipantScoreScheduleService : Participant score 50 is already up-to-date, skipping.
    23:42:51.978 | 327 taskScheduler-2  | DEBUG | .a.s.ParticipantScoreScheduleService : Processing exercise 587 and participant 653 to update participant scores.
    23:42:51.979 | 329 taskScheduler-4  | DEBUG | .a.s.ParticipantScoreScheduleService : Participant score 48 is already up-to-date, skipping.
    23:42:51.979 | 329 taskScheduler-4  | DEBUG | .a.s.ParticipantScoreScheduleService : Processing exercise 587 and participant 652 to update participant scores.
    23:42:51.979 | 326 taskScheduler-1  | DEBUG | .a.s.ParticipantScoreScheduleService : Processing exercise 585 and participant 652 to update participant scores.
    23:42:51.981 | 326 taskScheduler-1  | DEBUG | .a.s.ParticipantScoreScheduleService : Participant score 49 is already up-to-date, skipping.
    23:42:51.981 | 326 taskScheduler-1  | DEBUG | .a.s.ParticipantScoreScheduleService : Processing exercise 588 and participant 655 to update participant scores.
    23:42:51.981 | 329 taskScheduler-4  | DEBUG | .a.s.ParticipantScoreScheduleService : Participant score 53 is already up-to-date, skipping.
    23:42:51.981 | 329 taskScheduler-4  | DEBUG | .a.s.ParticipantScoreScheduleService : Processing exercise 588 and participant 656 to update participant scores.
    23:42:51.982 | 328 taskScheduler-3  | DEBUG | .a.s.ParticipantScoreScheduleService : Participant score 51 is already up-to-date, skipping.
    23:42:51.982 | 328 taskScheduler-3  | DEBUG | .a.s.ParticipantScoreScheduleService : Processing exercise 588 and participant 654 to update participant scores.
    23:42:51.983 | 327 taskScheduler-2  | DEBUG | .a.s.ParticipantScoreScheduleService : Participant score 52 is already up-to-date, skipping.
    23:42:51.983 | 329 taskScheduler-4  | DEBUG | .a.s.ParticipantScoreScheduleService : Participant score 55 is already up-to-date, skipping.
    23:42:51.983 | 327 taskScheduler-2  | DEBUG | .a.s.ParticipantScoreScheduleService : Processing exercise 589 and participant 656 to update participant scores.
    23:42:51.983 | 329 taskScheduler-4  | DEBUG | .a.s.ParticipantScoreScheduleService : Processing exercise 589 and participant 652 to update participant scores.
    23:42:51.985 | 326 taskScheduler-1  | DEBUG | .a.s.ParticipantScoreScheduleService : Participant score 54 is already up-to-date, skipping.
    23:42:51.985 | 326 taskScheduler-1  | DEBUG | .a.s.ParticipantScoreScheduleService : Processing exercise 590 and participant 655 to update participant scores.
    23:42:51.985 | 327 taskScheduler-2  | DEBUG | .a.s.ParticipantScoreScheduleService : Participant score 57 is already up-to-date, skipping.
    23:42:51.985 | 327 taskScheduler-2  | DEBUG | .a.s.ParticipantScoreScheduleService : Processing exercise 590 and participant 653 to update participant scores.
    23:42:51.987 | 326 taskScheduler-1  | DEBUG | .a.s.ParticipantScoreScheduleService : Participant score 59 is already up-to-date, skipping.
    23:42:51.987 | 326 taskScheduler-1  | DEBUG | .a.s.ParticipantScoreScheduleService : Processing exercise 590 and participant 654 to update participant scores.
    23:42:51.987 | 328 taskScheduler-3  | DEBUG | .a.s.ParticipantScoreScheduleService : Participant score 56 is already up-to-date, skipping.
    23:42:51.987 | 328 taskScheduler-3  | DEBUG | .a.s.ParticipantScoreScheduleService : Processing exercise 591 and participant 654 to update participant scores.
    23:42:51.988 | 329 taskScheduler-4  | DEBUG | .a.s.ParticipantScoreScheduleService : Participant score 58 is already up-to-date, skipping.
    23:42:51.988 | 329 taskScheduler-4  | DEBUG | .a.s.ParticipantScoreScheduleService : Processing exercise 591 and participant 652 to update participant scores.
    23:42:51.988 | 326 taskScheduler-1  | DEBUG | .a.s.ParticipantScoreScheduleService : Participant score 61 is already up-to-date, skipping.
    23:42:51.988 | 326 taskScheduler-1  | DEBUG | .a.s.ParticipantScoreScheduleService : Processing exercise 591 and participant 655 to update participant scores.
    23:42:51.989 | 328 taskScheduler-3  | DEBUG | .a.s.ParticipantScoreScheduleService : Participant score 62 is already up-to-date, skipping.
    23:42:51.989 | 328 taskScheduler-3  | DEBUG | .a.s.ParticipantScoreScheduleService : Processing exercise 591 and participant 653 to update participant scores.
    23:42:51.991 | 327 taskScheduler-2  | DEBUG | .a.s.ParticipantScoreScheduleService : Participant score 60 is already up-to-date, skipping.
    23:42:51.991 | 327 taskScheduler-2  | DEBUG | .a.s.ParticipantScoreScheduleService : Processing exercise 591 and participant 656 to update participant scores.
    23:42:51.994 | 326 taskScheduler-1  | DEBUG | .a.s.ParticipantScoreScheduleService : Updated participant score 63.
    23:42:51.995 | 326 taskScheduler-1  | DEBUG | .a.s.ParticipantScoreScheduleService : Updating the participant score for exercise 591 and participant 655 took 7 ms.
    23:42:51.995 | 326 taskScheduler-1  | DEBUG | .a.s.ParticipantScoreScheduleService : Processing exercise 592 and participant 653 to update participant scores.
    23:42:51.998 | 328 taskScheduler-3  | DEBUG | .a.s.ParticipantScoreScheduleService : Updated participant score 64.
    23:42:51.999 | 328 taskScheduler-3  | DEBUG | .a.s.ParticipantScoreScheduleService : Updating the participant score for exercise 591 and participant 653 took 10 ms.
    23:42:51.999 | 328 taskScheduler-3  | DEBUG | .a.s.ParticipantScoreScheduleService : Processing exercise 592 and participant 656 to update participant scores.
    23:42:52.002 | 326 taskScheduler-1  | DEBUG | .a.s.ParticipantScoreScheduleService : Updated participant score 65.
    23:42:52.002 | 326 taskScheduler-1  | DEBUG | .a.s.ParticipantScoreScheduleService : Updating the participant score for exercise 592 and participant 653 took 7 ms.
    23:42:52.002 | 326 taskScheduler-1  | DEBUG | .a.s.ParticipantScoreScheduleService : Processing exercise 592 and participant 654 to update participant scores.
    23:42:52.003 | 329 taskScheduler-4  | DEBUG | .a.s.ParticipantScoreScheduleService : Updated participant score 66.
    23:42:52.003 | 329 taskScheduler-4  | DEBUG | .a.s.ParticipantScoreScheduleService : Updating the participant score for exercise 591 and participant 652 took 15 ms.
    23:42:52.003 | 329 taskScheduler-4  | DEBUG | .a.s.ParticipantScoreScheduleService : Processing exercise 592 and participant 652 to update participant scores.
    23:42:52.004 | 328 taskScheduler-3  | DEBUG | .a.s.ParticipantScoreScheduleService : Updated participant score 67.
    23:42:52.005 | 328 taskScheduler-3  | DEBUG | .a.s.ParticipantScoreScheduleService : Updating the participant score for exercise 592 and participant 656 took 6 ms.
    23:42:52.005 | 328 taskScheduler-3  | DEBUG | .a.s.ParticipantScoreScheduleService : Processing exercise 592 and participant 655 to update participant scores.
    23:42:52.008 | 327 taskScheduler-2  | DEBUG | .a.s.ParticipantScoreScheduleService : Updated participant score 68.
    23:42:52.009 | 327 taskScheduler-2  | DEBUG | .a.s.ParticipantScoreScheduleService : Updating the participant score for exercise 591 and participant 656 took 18 ms.
    23:42:52.009 | 327 taskScheduler-2  | DEBUG | .a.s.ParticipantScoreScheduleService : Processing exercise 593 and participant 653 to update participant scores.
    23:42:52.010 | 328 taskScheduler-3  | DEBUG | .a.s.ParticipantScoreScheduleService : Updated participant score 69.
    23:42:52.011 | 328 taskScheduler-3  | DEBUG | .a.s.ParticipantScoreScheduleService : Updating the participant score for exercise 592 and participant 655 took 6 ms.
    23:42:52.011 | 328 taskScheduler-3  | DEBUG | .a.s.ParticipantScoreScheduleService : Processing exercise 593 and participant 656 to update participant scores.
    23:42:52.013 | 326 taskScheduler-1  | DEBUG | .a.s.ParticipantScoreScheduleService : Updated participant score 70.
    23:42:52.013 | 326 taskScheduler-1  | DEBUG | .a.s.ParticipantScoreScheduleService : Updating the participant score for exercise 592 and participant 654 took 11 ms.
    23:42:52.013 | 326 taskScheduler-1  | DEBUG | .a.s.ParticipantScoreScheduleService : Processing exercise 593 and participant 654 to update participant scores.
    23:42:52.016 | 328 taskScheduler-3  | DEBUG | .a.s.ParticipantScoreScheduleService : Updated participant score 71.
    23:42:52.016 | 328 taskScheduler-3  | DEBUG | .a.s.ParticipantScoreScheduleService : Updating the participant score for exercise 593 and participant 656 took 5 ms.
    23:42:52.016 | 328 taskScheduler-3  | DEBUG | .a.s.ParticipantScoreScheduleService : Processing exercise 593 and participant 652 to update participant scores.
    23:42:52.022 | 328 taskScheduler-3  | DEBUG | .a.s.ParticipantScoreScheduleService : Updated participant score 72.
    23:42:52.022 | 329 taskScheduler-4  | DEBUG | .a.s.ParticipantScoreScheduleService : Updated participant score 73.
    23:42:52.022 | 328 taskScheduler-3  | DEBUG | .a.s.ParticipantScoreScheduleService : Updating the participant score for exercise 593 and participant 652 took 6 ms.
    23:42:52.022 | 329 taskScheduler-4  | DEBUG | .a.s.ParticipantScoreScheduleService : Updating the participant score for exercise 592 and participant 652 took 19 ms.
    23:42:52.022 | 329 taskScheduler-4  | DEBUG | .a.s.ParticipantScoreScheduleService : Processing exercise 593 and participant 655 to update participant scores.
    23:42:52.022 | 328 taskScheduler-3  | DEBUG | .a.s.ParticipantScoreScheduleService : Processing exercise 168 and participant 203 to update participant scores.
    23:42:52.024 | 326 taskScheduler-1  | DEBUG | .a.s.ParticipantScoreScheduleService : Updated participant score 74.
    23:42:52.025 | 326 taskScheduler-1  | DEBUG | .a.s.ParticipantScoreScheduleService : Updating the participant score for exercise 593 and participant 654 took 12 ms.
    23:42:52.025 | 326 taskScheduler-1  | DEBUG | .a.s.ParticipantScoreScheduleService : Processing exercise 170 and participant 203 to update participant scores.
    23:42:52.025 | 327 taskScheduler-2  | DEBUG | .a.s.ParticipantScoreScheduleService : Updated participant score 75.
    23:42:52.026 | 327 taskScheduler-2  | DEBUG | .a.s.ParticipantScoreScheduleService : Updating the participant score for exercise 593 and participant 653 took 17 ms.
    23:42:52.026 | 327 taskScheduler-2  | DEBUG | .a.s.ParticipantScoreScheduleService : Processing exercise 180 and participant 203 to update participant scores.
    23:42:52.027 | 328 taskScheduler-3  | ERROR | .a.s.ParticipantScoreScheduleService : Exception while processing participant score for exercise 168 and participant 203 for participant scores:
org.springframework.dao.IncorrectResultSizeDataAccessException: Query did not return a unique result: 2 results were returned
	at org.springframework.orm.jpa.vendor.HibernateJpaDialect.convertHibernateAccessException(HibernateJpaDialect.java:301)
	at org.springframework.orm.jpa.vendor.HibernateJpaDialect.translateExceptionIfPossible(HibernateJpaDialect.java:244)
	at org.springframework.orm.jpa.AbstractEntityManagerFactoryBean.translateExceptionIfPossible(AbstractEntityManagerFactoryBean.java:560)
	at org.springframework.dao.support.ChainedPersistenceExceptionTranslator.translateExceptionIfPossible(ChainedPersistenceExceptionTranslator.java:61)
	at org.springframework.dao.support.DataAccessUtils.translateIfNecessary(DataAccessUtils.java:343)
	at org.springframework.dao.support.PersistenceExceptionTranslationInterceptor.invoke(PersistenceExceptionTranslationInterceptor.java:160)
	at org.springframework.aop.framework.ReflectiveMethodInvocation.proceed(ReflectiveMethodInvocation.java:184)
	at org.springframework.data.jpa.repository.support.CrudMethodMetadataPostProcessor$CrudMethodMetadataPopulatingMethodInterceptor.invoke(CrudMethodMetadataPostProcessor.java:136)
	at org.springframework.aop.framework.ReflectiveMethodInvocation.proceed(ReflectiveMethodInvocation.java:184)
	at org.springframework.aop.framework.JdkDynamicAopProxy.invoke(JdkDynamicAopProxy.java:223)
	at jdk.proxy3/jdk.proxy3.$Proxy366.findByExercise_IdAndUser_Id(Unknown Source)
	at de.tum.cit.aet.artemis.assessment.service.ParticipantScoreScheduleService.executeTask(ParticipantScoreScheduleService.java:286)
	at de.tum.cit.aet.artemis.assessment.service.ParticipantScoreScheduleService.lambda$scheduleTask$5(ParticipantScoreScheduleService.java:237)
	at org.springframework.scheduling.support.DelegatingErrorHandlingRunnable.run(DelegatingErrorHandlingRunnable.java:54)
	at java.base/java.util.concurrent.Executors$RunnableAdapter.call(Executors.java:572)
	at java.base/java.util.concurrent.FutureTask.run(FutureTask.java:317)
	at java.base/java.util.concurrent.ScheduledThreadPoolExecutor$ScheduledFutureTask.run(ScheduledThreadPoolExecutor.java:304)
	at java.base/java.util.concurrent.ThreadPoolExecutor.runWorker(ThreadPoolExecutor.java:1144)
	at java.base/java.util.concurrent.ThreadPoolExecutor$Worker.run(ThreadPoolExecutor.java:642)
	at java.base/java.lang.Thread.run(Thread.java:1583)
Caused by: org.hibernate.NonUniqueResultException: Query did not return a unique result: 2 results were returned
	at org.hibernate.query.spi.AbstractSelectionQuery.uniqueElement(AbstractSelectionQuery.java:586)
	at org.hibernate.query.spi.AbstractSelectionQuery.getSingleResult(AbstractSelectionQuery.java:570)
	at java.base/jdk.internal.reflect.DirectMethodHandleAccessor.invoke(DirectMethodHandleAccessor.java:103)
	at java.base/java.lang.reflect.Method.invoke(Method.java:580)
	at org.springframework.orm.jpa.SharedEntityManagerCreator$DeferredQueryInvocationHandler.invoke(SharedEntityManagerCreator.java:419)
	at jdk.proxy3/jdk.proxy3.$Proxy601.getSingleResult(Unknown Source)
	at org.springframework.data.jpa.repository.query.JpaQueryExecution$SingleEntityExecution.doExecute(JpaQueryExecution.java:224)
	at org.springframework.data.jpa.repository.query.JpaQueryExecution.execute(JpaQueryExecution.java:93)
	at org.springframework.data.jpa.repository.query.AbstractJpaQuery.doExecute(AbstractJpaQuery.java:152)
	at org.springframework.data.jpa.repository.query.AbstractJpaQuery.execute(AbstractJpaQuery.java:140)
	at org.springframework.data.repository.core.support.RepositoryMethodInvoker.doInvoke(RepositoryMethodInvoker.java:170)
	at org.springframework.data.repository.core.support.RepositoryMethodInvoker.invoke(RepositoryMethodInvoker.java:158)
	at org.springframework.data.repository.core.support.QueryExecutorMethodInterceptor.doInvoke(QueryExecutorMethodInterceptor.java:170)
	at org.springframework.data.repository.core.support.QueryExecutorMethodInterceptor.invoke(QueryExecutorMethodInterceptor.java:149)
	at org.springframework.aop.framework.ReflectiveMethodInvocation.proceed(ReflectiveMethodInvocation.java:184)
	at org.springframework.data.projection.DefaultMethodInvokingMethodInterceptor.invoke(DefaultMethodInvokingMethodInterceptor.java:69)
	at org.springframework.aop.framework.ReflectiveMethodInvocation.proceed(ReflectiveMethodInvocation.java:184)
	at org.springframework.transaction.interceptor.TransactionAspectSupport.invokeWithinTransaction(TransactionAspectSupport.java:380)
	at org.springframework.transaction.interceptor.TransactionInterceptor.invoke(TransactionInterceptor.java:119)
	at org.springframework.aop.framework.ReflectiveMethodInvocation.proceed(ReflectiveMethodInvocation.java:184)
	at org.springframework.dao.support.PersistenceExceptionTranslationInterceptor.invoke(PersistenceExceptionTranslationInterceptor.java:138)
	... 14 common frames omitted
    23:42:52.027 | 328 taskScheduler-3  | DEBUG | .a.s.ParticipantScoreScheduleService : Updating the participant score for exercise 168 and participant 203 took 5 ms.
    23:42:52.027 | 328 taskScheduler-3  | DEBUG | .a.s.ParticipantScoreScheduleService : Processing exercise 180 and participant 1 to update participant scores.
    23:42:52.027 | 326 taskScheduler-1  | ERROR | .a.s.ParticipantScoreScheduleService : Exception while processing participant score for exercise 170 and participant 203 for participant scores:
org.springframework.dao.IncorrectResultSizeDataAccessException: Query did not return a unique result: 2 results were returned
	at org.springframework.orm.jpa.vendor.HibernateJpaDialect.convertHibernateAccessException(HibernateJpaDialect.java:301)
	at org.springframework.orm.jpa.vendor.HibernateJpaDialect.translateExceptionIfPossible(HibernateJpaDialect.java:244)
	at org.springframework.orm.jpa.AbstractEntityManagerFactoryBean.translateExceptionIfPossible(AbstractEntityManagerFactoryBean.java:560)
	at org.springframework.dao.support.ChainedPersistenceExceptionTranslator.translateExceptionIfPossible(ChainedPersistenceExceptionTranslator.java:61)
	at org.springframework.dao.support.DataAccessUtils.translateIfNecessary(DataAccessUtils.java:343)
	at org.springframework.dao.support.PersistenceExceptionTranslationInterceptor.invoke(PersistenceExceptionTranslationInterceptor.java:160)
	at org.springframework.aop.framework.ReflectiveMethodInvocation.proceed(ReflectiveMethodInvocation.java:184)
	at org.springframework.data.jpa.repository.support.CrudMethodMetadataPostProcessor$CrudMethodMetadataPopulatingMethodInterceptor.invoke(CrudMethodMetadataPostProcessor.java:136)
	at org.springframework.aop.framework.ReflectiveMethodInvocation.proceed(ReflectiveMethodInvocation.java:184)
	at org.springframework.aop.framework.JdkDynamicAopProxy.invoke(JdkDynamicAopProxy.java:223)
	at jdk.proxy3/jdk.proxy3.$Proxy366.findByExercise_IdAndUser_Id(Unknown Source)
	at de.tum.cit.aet.artemis.assessment.service.ParticipantScoreScheduleService.executeTask(ParticipantScoreScheduleService.java:286)
	at de.tum.cit.aet.artemis.assessment.service.ParticipantScoreScheduleService.lambda$scheduleTask$5(ParticipantScoreScheduleService.java:237)
	at org.springframework.scheduling.support.DelegatingErrorHandlingRunnable.run(DelegatingErrorHandlingRunnable.java:54)
	at java.base/java.util.concurrent.Executors$RunnableAdapter.call(Executors.java:572)
	at java.base/java.util.concurrent.FutureTask.run(FutureTask.java:317)
	at java.base/java.util.concurrent.ScheduledThreadPoolExecutor$ScheduledFutureTask.run(ScheduledThreadPoolExecutor.java:304)
	at java.base/java.util.concurrent.ThreadPoolExecutor.runWorker(ThreadPoolExecutor.java:1144)
	at java.base/java.util.concurrent.ThreadPoolExecutor$Worker.run(ThreadPoolExecutor.java:642)
	at java.base/java.lang.Thread.run(Thread.java:1583)
Caused by: org.hibernate.NonUniqueResultException: Query did not return a unique result: 2 results were returned
	at org.hibernate.query.spi.AbstractSelectionQuery.uniqueElement(AbstractSelectionQuery.java:586)
	at org.hibernate.query.spi.AbstractSelectionQuery.getSingleResult(AbstractSelectionQuery.java:570)
	at java.base/jdk.internal.reflect.DirectMethodHandleAccessor.invoke(DirectMethodHandleAccessor.java:103)
	at java.base/java.lang.reflect.Method.invoke(Method.java:580)
	at org.springframework.orm.jpa.SharedEntityManagerCreator$DeferredQueryInvocationHandler.invoke(SharedEntityManagerCreator.java:419)
	at jdk.proxy3/jdk.proxy3.$Proxy601.getSingleResult(Unknown Source)
	at org.springframework.data.jpa.repository.query.JpaQueryExecution$SingleEntityExecution.doExecute(JpaQueryExecution.java:224)
	at org.springframework.data.jpa.repository.query.JpaQueryExecution.execute(JpaQueryExecution.java:93)
	at org.springframework.data.jpa.repository.query.AbstractJpaQuery.doExecute(AbstractJpaQuery.java:152)
	at org.springframework.data.jpa.repository.query.AbstractJpaQuery.execute(AbstractJpaQuery.java:140)
	at org.springframework.data.repository.core.support.RepositoryMethodInvoker.doInvoke(RepositoryMethodInvoker.java:170)
	at org.springframework.data.repository.core.support.RepositoryMethodInvoker.invoke(RepositoryMethodInvoker.java:158)
	at org.springframework.data.repository.core.support.QueryExecutorMethodInterceptor.doInvoke(QueryExecutorMethodInterceptor.java:170)
	at org.springframework.data.repository.core.support.QueryExecutorMethodInterceptor.invoke(QueryExecutorMethodInterceptor.java:149)
	at org.springframework.aop.framework.ReflectiveMethodInvocation.proceed(ReflectiveMethodInvocation.java:184)
	at org.springframework.data.projection.DefaultMethodInvokingMethodInterceptor.invoke(DefaultMethodInvokingMethodInterceptor.java:69)
	at org.springframework.aop.framework.ReflectiveMethodInvocation.proceed(ReflectiveMethodInvocation.java:184)
	at org.springframework.transaction.interceptor.TransactionAspectSupport.invokeWithinTransaction(TransactionAspectSupport.java:380)
	at org.springframework.transaction.interceptor.TransactionInterceptor.invoke(TransactionInterceptor.java:119)
	at org.springframework.aop.framework.ReflectiveMethodInvocation.proceed(ReflectiveMethodInvocation.java:184)
	at org.springframework.dao.support.PersistenceExceptionTranslationInterceptor.invoke(PersistenceExceptionTranslationInterceptor.java:138)
	... 14 common frames omitted
    23:42:52.027 | 326 taskScheduler-1  | DEBUG | .a.s.ParticipantScoreScheduleService : Updating the participant score for exercise 170 and participant 203 took 2 ms.
    23:42:52.027 | 326 taskScheduler-1  | DEBUG | .a.s.ParticipantScoreScheduleService : Processing exercise 184 and participant 203 to update participant scores.
    23:42:52.034 | 326 taskScheduler-1  | DEBUG | .a.s.ParticipantScoreScheduleService : Deleted participant score 11.
    23:42:52.034 | 326 taskScheduler-1  | DEBUG | .a.s.ParticipantScoreScheduleService : Updating the participant score for exercise 184 and participant 203 took 7 ms.
    23:42:52.034 | 326 taskScheduler-1  | DEBUG | .a.s.ParticipantScoreScheduleService : Processing exercise 186 and participant 203 to update participant scores.
    23:42:52.036 | 326 taskScheduler-1  | ERROR | .a.s.ParticipantScoreScheduleService : Exception while processing participant score for exercise 186 and participant 203 for participant scores:
org.springframework.dao.IncorrectResultSizeDataAccessException: Query did not return a unique result: 2 results were returned
	at org.springframework.orm.jpa.vendor.HibernateJpaDialect.convertHibernateAccessException(HibernateJpaDialect.java:301)
	at org.springframework.orm.jpa.vendor.HibernateJpaDialect.translateExceptionIfPossible(HibernateJpaDialect.java:244)
	at org.springframework.orm.jpa.AbstractEntityManagerFactoryBean.translateExceptionIfPossible(AbstractEntityManagerFactoryBean.java:560)
	at org.springframework.dao.support.ChainedPersistenceExceptionTranslator.translateExceptionIfPossible(ChainedPersistenceExceptionTranslator.java:61)
	at org.springframework.dao.support.DataAccessUtils.translateIfNecessary(DataAccessUtils.java:343)
	at org.springframework.dao.support.PersistenceExceptionTranslationInterceptor.invoke(PersistenceExceptionTranslationInterceptor.java:160)
	at org.springframework.aop.framework.ReflectiveMethodInvocation.proceed(ReflectiveMethodInvocation.java:184)
	at org.springframework.data.jpa.repository.support.CrudMethodMetadataPostProcessor$CrudMethodMetadataPopulatingMethodInterceptor.invoke(CrudMethodMetadataPostProcessor.java:136)
	at org.springframework.aop.framework.ReflectiveMethodInvocation.proceed(ReflectiveMethodInvocation.java:184)
	at org.springframework.aop.framework.JdkDynamicAopProxy.invoke(JdkDynamicAopProxy.java:223)
	at jdk.proxy3/jdk.proxy3.$Proxy366.findByExercise_IdAndUser_Id(Unknown Source)
	at de.tum.cit.aet.artemis.assessment.service.ParticipantScoreScheduleService.executeTask(ParticipantScoreScheduleService.java:286)
	at de.tum.cit.aet.artemis.assessment.service.ParticipantScoreScheduleService.lambda$scheduleTask$5(ParticipantScoreScheduleService.java:237)
	at org.springframework.scheduling.support.DelegatingErrorHandlingRunnable.run(DelegatingErrorHandlingRunnable.java:54)
	at java.base/java.util.concurrent.Executors$RunnableAdapter.call(Executors.java:572)
	at java.base/java.util.concurrent.FutureTask.run(FutureTask.java:317)
	at java.base/java.util.concurrent.ScheduledThreadPoolExecutor$ScheduledFutureTask.run(ScheduledThreadPoolExecutor.java:304)
	at java.base/java.util.concurrent.ThreadPoolExecutor.runWorker(ThreadPoolExecutor.java:1144)
	at java.base/java.util.concurrent.ThreadPoolExecutor$Worker.run(ThreadPoolExecutor.java:642)
	at java.base/java.lang.Thread.run(Thread.java:1583)
Caused by: org.hibernate.NonUniqueResultException: Query did not return a unique result: 2 results were returned
	at org.hibernate.query.spi.AbstractSelectionQuery.uniqueElement(AbstractSelectionQuery.java:586)
	at org.hibernate.query.spi.AbstractSelectionQuery.getSingleResult(AbstractSelectionQuery.java:570)
	at java.base/jdk.internal.reflect.DirectMethodHandleAccessor.invoke(DirectMethodHandleAccessor.java:103)
	at java.base/java.lang.reflect.Method.invoke(Method.java:580)
	at org.springframework.orm.jpa.SharedEntityManagerCreator$DeferredQueryInvocationHandler.invoke(SharedEntityManagerCreator.java:419)
	at jdk.proxy3/jdk.proxy3.$Proxy601.getSingleResult(Unknown Source)
	at org.springframework.data.jpa.repository.query.JpaQueryExecution$SingleEntityExecution.doExecute(JpaQueryExecution.java:224)
	at org.springframework.data.jpa.repository.query.JpaQueryExecution.execute(JpaQueryExecution.java:93)
	at org.springframework.data.jpa.repository.query.AbstractJpaQuery.doExecute(AbstractJpaQuery.java:152)
	at org.springframework.data.jpa.repository.query.AbstractJpaQuery.execute(AbstractJpaQuery.java:140)
	at org.springframework.data.repository.core.support.RepositoryMethodInvoker.doInvoke(RepositoryMethodInvoker.java:170)
	at org.springframework.data.repository.core.support.RepositoryMethodInvoker.invoke(RepositoryMethodInvoker.java:158)
	at org.springframework.data.repository.core.support.QueryExecutorMethodInterceptor.doInvoke(QueryExecutorMethodInterceptor.java:170)
	at org.springframework.data.repository.core.support.QueryExecutorMethodInterceptor.invoke(QueryExecutorMethodInterceptor.java:149)
	at org.springframework.aop.framework.ReflectiveMethodInvocation.proceed(ReflectiveMethodInvocation.java:184)
	at org.springframework.data.projection.DefaultMethodInvokingMethodInterceptor.invoke(DefaultMethodInvokingMethodInterceptor.java:69)
	at org.springframework.aop.framework.ReflectiveMethodInvocation.proceed(ReflectiveMethodInvocation.java:184)
	at org.springframework.transaction.interceptor.TransactionAspectSupport.invokeWithinTransaction(TransactionAspectSupport.java:380)
	at org.springframework.transaction.interceptor.TransactionInterceptor.invoke(TransactionInterceptor.java:119)
	at org.springframework.aop.framework.ReflectiveMethodInvocation.proceed(ReflectiveMethodInvocation.java:184)
	at org.springframework.dao.support.PersistenceExceptionTranslationInterceptor.invoke(PersistenceExceptionTranslationInterceptor.java:138)
	... 14 common frames omitted
    23:42:52.036 | 326 taskScheduler-1  | DEBUG | .a.s.ParticipantScoreScheduleService : Updating the participant score for exercise 186 and participant 203 took 2 ms.
    23:42:52.038 | 328 taskScheduler-3  | DEBUG | .a.s.ParticipantScoreScheduleService : Updating the participant score for exercise 180 and participant 1 took 11 ms.
    23:42:52.040 | 329 taskScheduler-4  | DEBUG | .a.s.ParticipantScoreScheduleService : Updated participant score 76.
    23:42:52.040 | 329 taskScheduler-4  | DEBUG | .a.s.ParticipantScoreScheduleService : Updating the participant score for exercise 593 and participant 655 took 18 ms.
    23:42:52.040 | 327 taskScheduler-2  | DEBUG | .a.s.ParticipantScoreScheduleService : Deleted participant score 9.
    23:42:52.041 | 327 taskScheduler-2  | DEBUG | .a.s.ParticipantScoreScheduleService : Updating the participant score for exercise 180 and participant 203 took 15 ms.
    23:42:52.197 | 362 ool-1-worker-126 | DEBUG | d.t.c.a.a.c.s.f.ApiVersionFilter     : Adding Version to Request GET /api/courses/215/exams/526/scores
    23:42:52.198 | 362 ool-1-worker-126 | INFO  | d.t.c.a.a.exam.web.ExamResource      : REST request to get score for exam : 526
    23:42:52.210 | 362 ool-1-worker-126 | INFO  | d.t.c.a.a.exam.service.ExamService   : Try to find quiz submitted answer counts
    23:42:52.212 | 362 ool-1-worker-126 | INFO  | d.t.c.a.a.exam.service.ExamService   : Found 5 quiz submitted answer counts
    23:42:52.220 | 362 ool-1-worker-126 | INFO  | d.t.c.a.a.exam.web.ExamResource      : get scores for exam 526 took 22ms
    23:42:52.242 | 362 ool-1-worker-126 | INFO  | d.t.c.a.a.exam.service.ExamService   : getStatsForChecklist invoked for exam 526
    23:42:52.243 | 362 ool-1-worker-126 | DEBUG | d.t.c.a.a.exam.service.ExamService   : StatsTimeLog: number of complaints open done in 493µs for exercise 592
    23:42:52.243 | 362 ool-1-worker-126 | DEBUG | d.t.c.a.a.exam.service.ExamService   : StatsTimeLog: number of complaints finished done in 995µs for exercise 592
    23:42:52.244 | 362 ool-1-worker-126 | DEBUG | d.t.c.a.a.exam.service.ExamService   : StatsTimeLog: number of assessments done in 1.73ms for exercise 592
    23:42:52.245 | 362 ool-1-worker-126 | DEBUG | d.t.c.a.a.exam.service.ExamService   : StatsTimeLog: number of generated participations in 2.57ms for exercise 592
    23:42:52.246 | 362 ool-1-worker-126 | DEBUG | d.t.c.a.a.exam.service.ExamService   : StatsTimeLog: number of complaints open done in 3.36ms for exercise 593
    23:42:52.246 | 362 ool-1-worker-126 | DEBUG | d.t.c.a.a.exam.service.ExamService   : StatsTimeLog: number of complaints finished done in 3.85ms for exercise 593
    23:42:52.247 | 362 ool-1-worker-126 | DEBUG | d.t.c.a.a.exam.service.ExamService   : StatsTimeLog: number of assessments done in 4.57ms for exercise 593
    23:42:52.248 | 362 ool-1-worker-126 | DEBUG | d.t.c.a.a.exam.service.ExamService   : StatsTimeLog: number of generated participations in 5.44ms for exercise 593
    23:42:52.249 | 362 ool-1-worker-126 | DEBUG | d.t.c.a.a.exam.service.ExamService   : StatsTimeLog: number of complaints open done in 7.10ms for exercise 583
    23:42:52.250 | 362 ool-1-worker-126 | DEBUG | d.t.c.a.a.exam.service.ExamService   : StatsTimeLog: number of complaints finished done in 7.60ms for exercise 583
    23:42:52.251 | 362 ool-1-worker-126 | DEBUG | d.t.c.a.a.exam.service.ExamService   : StatsTimeLog: number of assessments done in 8.25ms for exercise 583
    23:42:52.251 | 362 ool-1-worker-126 | DEBUG | d.t.c.a.a.exam.service.ExamService   : StatsTimeLog: number of generated participations in 9.01ms for exercise 583
    23:42:52.252 | 362 ool-1-worker-126 | DEBUG | d.t.c.a.a.exam.service.ExamService   : StatsTimeLog: number of complaints open done in 9.75ms for exercise 584
    23:42:52.253 | 362 ool-1-worker-126 | DEBUG | d.t.c.a.a.exam.service.ExamService   : StatsTimeLog: number of complaints finished done in 10.22ms for exercise 584
    23:42:52.253 | 362 ool-1-worker-126 | DEBUG | d.t.c.a.a.exam.service.ExamService   : StatsTimeLog: number of assessments done in 10.88ms for exercise 584
    23:42:52.254 | 362 ool-1-worker-126 | DEBUG | d.t.c.a.a.exam.service.ExamService   : StatsTimeLog: number of generated participations in 11.66ms for exercise 584
    23:42:52.255 | 362 ool-1-worker-126 | DEBUG | d.t.c.a.a.exam.service.ExamService   : StatsTimeLog: number of complaints open done in 12.59ms for exercise 585
    23:42:52.255 | 362 ool-1-worker-126 | DEBUG | d.t.c.a.a.exam.service.ExamService   : StatsTimeLog: number of complaints finished done in 13.09ms for exercise 585
    23:42:52.256 | 362 ool-1-worker-126 | DEBUG | d.t.c.a.a.exam.service.ExamService   : StatsTimeLog: number of assessments done in 13.77ms for exercise 585
    23:42:52.258 | 362 ool-1-worker-126 | DEBUG | d.t.c.a.a.exam.service.ExamService   : StatsTimeLog: number of generated participations in 15.99ms for exercise 585
    23:42:52.259 | 362 ool-1-worker-126 | DEBUG | d.t.c.a.a.exam.service.ExamService   : StatsTimeLog: number of complaints open done in 16.35ms for exercise 586
    23:42:52.259 | 362 ool-1-worker-126 | DEBUG | d.t.c.a.a.exam.service.ExamService   : StatsTimeLog: number of complaints finished done in 16.82ms for exercise 586
    23:42:52.260 | 362 ool-1-worker-126 | DEBUG | d.t.c.a.a.exam.service.ExamService   : StatsTimeLog: number of assessments done in 17.50ms for exercise 586
    23:42:52.261 | 362 ool-1-worker-126 | DEBUG | d.t.c.a.a.exam.service.ExamService   : StatsTimeLog: number of generated participations in 18.20ms for exercise 586
    23:42:52.262 | 362 ool-1-worker-126 | DEBUG | d.t.c.a.a.exam.service.ExamService   : StatsTimeLog: number of complaints open done in 20.13ms for exercise 587
    23:42:52.263 | 362 ool-1-worker-126 | DEBUG | d.t.c.a.a.exam.service.ExamService   : StatsTimeLog: number of complaints finished done in 20.68ms for exercise 587
    23:42:52.264 | 362 ool-1-worker-126 | DEBUG | d.t.c.a.a.exam.service.ExamService   : StatsTimeLog: number of assessments done in 21.36ms for exercise 587
    23:42:52.264 | 362 ool-1-worker-126 | DEBUG | d.t.c.a.a.exam.service.ExamService   : StatsTimeLog: number of generated participations in 22.05ms for exercise 587
    23:42:52.265 | 362 ool-1-worker-126 | DEBUG | d.t.c.a.a.exam.service.ExamService   : StatsTimeLog: number of complaints open done in 22.76ms for exercise 588
    23:42:52.266 | 362 ool-1-worker-126 | DEBUG | d.t.c.a.a.exam.service.ExamService   : StatsTimeLog: number of complaints finished done in 23.23ms for exercise 588
    23:42:52.266 | 362 ool-1-worker-126 | DEBUG | d.t.c.a.a.exam.service.ExamService   : StatsTimeLog: number of assessments done in 23.84ms for exercise 588
    23:42:52.267 | 362 ool-1-worker-126 | DEBUG | d.t.c.a.a.exam.service.ExamService   : StatsTimeLog: number of generated participations in 25.15ms for exercise 588
    23:42:52.269 | 362 ool-1-worker-126 | DEBUG | d.t.c.a.a.exam.service.ExamService   : StatsTimeLog: number of complaints open done in 26.22ms for exercise 589
    23:42:52.269 | 362 ool-1-worker-126 | DEBUG | d.t.c.a.a.exam.service.ExamService   : StatsTimeLog: number of complaints finished done in 26.81ms for exercise 589
    23:42:52.270 | 362 ool-1-worker-126 | DEBUG | d.t.c.a.a.exam.service.ExamService   : StatsTimeLog: number of assessments done in 27.52ms for exercise 589
    23:42:52.271 | 362 ool-1-worker-126 | DEBUG | d.t.c.a.a.exam.service.ExamService   : StatsTimeLog: number of generated participations in 28.17ms for exercise 589
    23:42:52.271 | 362 ool-1-worker-126 | DEBUG | d.t.c.a.a.exam.service.ExamService   : StatsTimeLog: number of complaints open done in 28.95ms for exercise 590
    23:42:52.272 | 362 ool-1-worker-126 | DEBUG | d.t.c.a.a.exam.service.ExamService   : StatsTimeLog: number of complaints finished done in 29.48ms for exercise 590
    23:42:52.272 | 362 ool-1-worker-126 | DEBUG | d.t.c.a.a.exam.service.ExamService   : StatsTimeLog: number of assessments done in 30.17ms for exercise 590
    23:42:52.273 | 362 ool-1-worker-126 | DEBUG | d.t.c.a.a.exam.service.ExamService   : StatsTimeLog: number of generated participations in 30.96ms for exercise 590
    23:42:52.274 | 362 ool-1-worker-126 | DEBUG | d.t.c.a.a.exam.service.ExamService   : StatsTimeLog: number of complaints open done in 31.72ms for exercise 591
    23:42:52.275 | 362 ool-1-worker-126 | DEBUG | d.t.c.a.a.exam.service.ExamService   : StatsTimeLog: number of complaints finished done in 32.27ms for exercise 591
    23:42:52.275 | 362 ool-1-worker-126 | DEBUG | d.t.c.a.a.exam.service.ExamService   : StatsTimeLog: number of assessments done in 32.94ms for exercise 591
    23:42:52.276 | 362 ool-1-worker-126 | DEBUG | d.t.c.a.a.exam.service.ExamService   : StatsTimeLog: number of generated participations in 33.70ms for exercise 591
    23:42:52.278 | 362 ool-1-worker-126 | DEBUG | d.t.c.a.a.exam.service.ExamService   : StatsTimeLog: number of generated student exams done in 35.80ms
    23:42:52.278 | 362 ool-1-worker-126 | DEBUG | d.t.c.a.a.exam.service.ExamService   : StatsTimeLog: number of test runs done in 36.07ms
    23:42:52.279 | 362 ool-1-worker-126 | DEBUG | d.t.c.a.a.exam.service.ExamService   : StatsTimeLog: number of student exams started done in 36.34ms
    23:42:52.279 | 362 ool-1-worker-126 | DEBUG | d.t.c.a.a.exam.service.ExamService   : StatsTimeLog: number of student exams submitted done in 36.61ms
    23:42:52.280 | 362 ool-1-worker-126 | INFO  | d.t.c.a.a.exam.service.ExamService   : getStatsForChecklist invoked for exam 526
    23:42:52.281 | 362 ool-1-worker-126 | DEBUG | d.t.c.a.a.exam.service.ExamService   : StatsTimeLog: number of complaints open done in 487µs for exercise 592
    23:42:52.281 | 362 ool-1-worker-126 | DEBUG | d.t.c.a.a.exam.service.ExamService   : StatsTimeLog: number of complaints finished done in 1.02ms for exercise 592
    23:42:52.282 | 362 ool-1-worker-126 | DEBUG | d.t.c.a.a.exam.service.ExamService   : StatsTimeLog: number of assessments done in 1.74ms for exercise 592
    23:42:52.283 | 362 ool-1-worker-126 | DEBUG | d.t.c.a.a.exam.service.ExamService   : StatsTimeLog: number of generated participations in 2.58ms for exercise 592
    23:42:52.284 | 362 ool-1-worker-126 | DEBUG | d.t.c.a.a.exam.service.ExamService   : StatsTimeLog: number of complaints open done in 3.38ms for exercise 593
    23:42:52.284 | 362 ool-1-worker-126 | DEBUG | d.t.c.a.a.exam.service.ExamService   : StatsTimeLog: number of complaints finished done in 3.90ms for exercise 593
    23:42:52.285 | 362 ool-1-worker-126 | DEBUG | d.t.c.a.a.exam.service.ExamService   : StatsTimeLog: number of assessments done in 4.55ms for exercise 593
    23:42:52.285 | 362 ool-1-worker-126 | DEBUG | d.t.c.a.a.exam.service.ExamService   : StatsTimeLog: number of generated participations in 5.30ms for exercise 593
    23:42:52.286 | 362 ool-1-worker-126 | DEBUG | d.t.c.a.a.exam.service.ExamService   : StatsTimeLog: number of complaints open done in 6.10ms for exercise 583
    23:42:52.287 | 362 ool-1-worker-126 | DEBUG | d.t.c.a.a.exam.service.ExamService   : StatsTimeLog: number of complaints finished done in 6.63ms for exercise 583
    23:42:52.287 | 362 ool-1-worker-126 | DEBUG | d.t.c.a.a.exam.service.ExamService   : StatsTimeLog: number of assessments done in 7.30ms for exercise 583
    23:42:52.288 | 362 ool-1-worker-126 | DEBUG | d.t.c.a.a.exam.service.ExamService   : StatsTimeLog: number of generated participations in 8.11ms for exercise 583
    23:42:52.289 | 362 ool-1-worker-126 | DEBUG | d.t.c.a.a.exam.service.ExamService   : StatsTimeLog: number of complaints open done in 8.90ms for exercise 584
    23:42:52.290 | 362 ool-1-worker-126 | DEBUG | d.t.c.a.a.exam.service.ExamService   : StatsTimeLog: number of complaints finished done in 9.39ms for exercise 584
    23:42:52.290 | 362 ool-1-worker-126 | DEBUG | d.t.c.a.a.exam.service.ExamService   : StatsTimeLog: number of assessments done in 10.15ms for exercise 584
    23:42:52.291 | 362 ool-1-worker-126 | DEBUG | d.t.c.a.a.exam.service.ExamService   : StatsTimeLog: number of generated participations in 10.92ms for exercise 584
    23:42:52.292 | 362 ool-1-worker-126 | DEBUG | d.t.c.a.a.exam.service.ExamService   : StatsTimeLog: number of complaints open done in 11.67ms for exercise 585
    23:42:52.292 | 362 ool-1-worker-126 | DEBUG | d.t.c.a.a.exam.service.ExamService   : StatsTimeLog: number of complaints finished done in 12.09ms for exercise 585
    23:42:52.293 | 362 ool-1-worker-126 | DEBUG | d.t.c.a.a.exam.service.ExamService   : StatsTimeLog: number of assessments done in 12.59ms for exercise 585
    23:42:52.293 | 362 ool-1-worker-126 | DEBUG | d.t.c.a.a.exam.service.ExamService   : StatsTimeLog: number of generated participations in 13.03ms for exercise 585
    23:42:52.293 | 362 ool-1-worker-126 | DEBUG | d.t.c.a.a.exam.service.ExamService   : StatsTimeLog: number of complaints open done in 13.28ms for exercise 586
    23:42:52.294 | 362 ool-1-worker-126 | DEBUG | d.t.c.a.a.exam.service.ExamService   : StatsTimeLog: number of complaints finished done in 13.62ms for exercise 586
    23:42:52.294 | 362 ool-1-worker-126 | DEBUG | d.t.c.a.a.exam.service.ExamService   : StatsTimeLog: number of assessments done in 14.02ms for exercise 586
    23:42:52.295 | 362 ool-1-worker-126 | DEBUG | d.t.c.a.a.exam.service.ExamService   : StatsTimeLog: number of generated participations in 14.47ms for exercise 586
    23:42:52.295 | 362 ool-1-worker-126 | DEBUG | d.t.c.a.a.exam.service.ExamService   : StatsTimeLog: number of complaints open done in 14.73ms for exercise 587
    23:42:52.295 | 362 ool-1-worker-126 | DEBUG | d.t.c.a.a.exam.service.ExamService   : StatsTimeLog: number of complaints finished done in 15.28ms for exercise 587
    23:42:52.296 | 362 ool-1-worker-126 | DEBUG | d.t.c.a.a.exam.service.ExamService   : StatsTimeLog: number of assessments done in 15.77ms for exercise 587
    23:42:52.296 | 362 ool-1-worker-126 | DEBUG | d.t.c.a.a.exam.service.ExamService   : StatsTimeLog: number of generated participations in 16.23ms for exercise 587
    23:42:52.297 | 362 ool-1-worker-126 | DEBUG | d.t.c.a.a.exam.service.ExamService   : StatsTimeLog: number of complaints open done in 16.76ms for exercise 588
    23:42:52.297 | 362 ool-1-worker-126 | DEBUG | d.t.c.a.a.exam.service.ExamService   : StatsTimeLog: number of complaints finished done in 17.07ms for exercise 588
    23:42:52.298 | 362 ool-1-worker-126 | DEBUG | d.t.c.a.a.exam.service.ExamService   : StatsTimeLog: number of assessments done in 17.70ms for exercise 588
    23:42:52.299 | 362 ool-1-worker-126 | DEBUG | d.t.c.a.a.exam.service.ExamService   : StatsTimeLog: number of generated participations in 18.58ms for exercise 588
    23:42:52.300 | 362 ool-1-worker-126 | DEBUG | d.t.c.a.a.exam.service.ExamService   : StatsTimeLog: number of complaints open done in 19.37ms for exercise 589
    23:42:52.300 | 362 ool-1-worker-126 | DEBUG | d.t.c.a.a.exam.service.ExamService   : StatsTimeLog: number of complaints finished done in 19.92ms for exercise 589
    23:42:52.301 | 362 ool-1-worker-126 | DEBUG | d.t.c.a.a.exam.service.ExamService   : StatsTimeLog: number of assessments done in 20.59ms for exercise 589
    23:42:52.301 | 362 ool-1-worker-126 | DEBUG | d.t.c.a.a.exam.service.ExamService   : StatsTimeLog: number of generated participations in 21.32ms for exercise 589
    23:42:52.302 | 362 ool-1-worker-126 | DEBUG | d.t.c.a.a.exam.service.ExamService   : StatsTimeLog: number of complaints open done in 22.06ms for exercise 590
    23:42:52.303 | 362 ool-1-worker-126 | DEBUG | d.t.c.a.a.exam.service.ExamService   : StatsTimeLog: number of complaints finished done in 22.58ms for exercise 590
    23:42:52.303 | 362 ool-1-worker-126 | DEBUG | d.t.c.a.a.exam.service.ExamService   : StatsTimeLog: number of assessments done in 23.23ms for exercise 590
    23:42:52.304 | 362 ool-1-worker-126 | DEBUG | d.t.c.a.a.exam.service.ExamService   : StatsTimeLog: number of generated participations in 24.00ms for exercise 590
    23:42:52.305 | 362 ool-1-worker-126 | DEBUG | d.t.c.a.a.exam.service.ExamService   : StatsTimeLog: number of complaints open done in 24.75ms for exercise 591
    23:42:52.305 | 362 ool-1-worker-126 | DEBUG | d.t.c.a.a.exam.service.ExamService   : StatsTimeLog: number of complaints finished done in 25.25ms for exercise 591
    23:42:52.306 | 362 ool-1-worker-126 | DEBUG | d.t.c.a.a.exam.service.ExamService   : StatsTimeLog: number of assessments done in 25.94ms for exercise 591
    23:42:52.307 | 362 ool-1-worker-126 | DEBUG | d.t.c.a.a.exam.service.ExamService   : StatsTimeLog: number of generated participations in 26.69ms for exercise 591
    23:42:52.314 | 362 ool-1-worker-126 | DEBUG | .a.s.ParticipantScoreScheduleService : Scheduled task for exercise 168 and participant 203 at 2025-02-14T23:42:52.414458285Z[Etc/UTC].
    23:42:52.314 | 362 ool-1-worker-126 | DEBUG | .a.s.ParticipantScoreScheduleService : Scheduled task for exercise 170 and participant 203 at 2025-02-14T23:42:52.414535359Z[Etc/UTC].
    23:42:52.314 | 362 ool-1-worker-126 | DEBUG | .a.s.ParticipantScoreScheduleService : Scheduled task for exercise 180 and participant 1 at 2025-02-14T23:42:52.414557460Z[Etc/UTC].
    23:42:52.314 | 362 ool-1-worker-126 | DEBUG | .a.s.ParticipantScoreScheduleService : Scheduled task for exercise 186 and participant 203 at 2025-02-14T23:42:52.414566858Z[Etc/UTC].
    23:42:52.314 | 362 ool-1-worker-126 | DEBUG | .a.s.ParticipantScoreScheduleService : Processing of 0 results and 4 participant scores.
    23:42:52.414 | 326 taskScheduler-1  | DEBUG | .a.s.ParticipantScoreScheduleService : Processing exercise 168 and participant 203 to update participant scores.
    23:42:52.414 | 328 taskScheduler-3  | DEBUG | .a.s.ParticipantScoreScheduleService : Processing exercise 170 and participant 203 to update participant scores.
    23:42:52.414 | 329 taskScheduler-4  | DEBUG | .a.s.ParticipantScoreScheduleService : Processing exercise 180 and participant 1 to update participant scores.
    23:42:52.415 | 327 taskScheduler-2  | DEBUG | .a.s.ParticipantScoreScheduleService : Processing exercise 186 and participant 203 to update participant scores.
    23:42:52.416 | 326 taskScheduler-1  | ERROR | .a.s.ParticipantScoreScheduleService : Exception while processing participant score for exercise 168 and participant 203 for participant scores:
org.springframework.dao.IncorrectResultSizeDataAccessException: Query did not return a unique result: 2 results were returned
	at org.springframework.orm.jpa.vendor.HibernateJpaDialect.convertHibernateAccessException(HibernateJpaDialect.java:301)
	at org.springframework.orm.jpa.vendor.HibernateJpaDialect.translateExceptionIfPossible(HibernateJpaDialect.java:244)
	at org.springframework.orm.jpa.AbstractEntityManagerFactoryBean.translateExceptionIfPossible(AbstractEntityManagerFactoryBean.java:560)
	at org.springframework.dao.support.ChainedPersistenceExceptionTranslator.translateExceptionIfPossible(ChainedPersistenceExceptionTranslator.java:61)
	at org.springframework.dao.support.DataAccessUtils.translateIfNecessary(DataAccessUtils.java:343)
	at org.springframework.dao.support.PersistenceExceptionTranslationInterceptor.invoke(PersistenceExceptionTranslationInterceptor.java:160)
	at org.springframework.aop.framework.ReflectiveMethodInvocation.proceed(ReflectiveMethodInvocation.java:184)
	at org.springframework.data.jpa.repository.support.CrudMethodMetadataPostProcessor$CrudMethodMetadataPopulatingMethodInterceptor.invoke(CrudMethodMetadataPostProcessor.java:136)
	at org.springframework.aop.framework.ReflectiveMethodInvocation.proceed(ReflectiveMethodInvocation.java:184)
	at org.springframework.aop.framework.JdkDynamicAopProxy.invoke(JdkDynamicAopProxy.java:223)
	at jdk.proxy3/jdk.proxy3.$Proxy366.findByExercise_IdAndUser_Id(Unknown Source)
	at de.tum.cit.aet.artemis.assessment.service.ParticipantScoreScheduleService.executeTask(ParticipantScoreScheduleService.java:286)
	at de.tum.cit.aet.artemis.assessment.service.ParticipantScoreScheduleService.lambda$scheduleTask$5(ParticipantScoreScheduleService.java:237)
	at org.springframework.scheduling.support.DelegatingErrorHandlingRunnable.run(DelegatingErrorHandlingRunnable.java:54)
	at java.base/java.util.concurrent.Executors$RunnableAdapter.call(Executors.java:572)
	at java.base/java.util.concurrent.FutureTask.run(FutureTask.java:317)
	at java.base/java.util.concurrent.ScheduledThreadPoolExecutor$ScheduledFutureTask.run(ScheduledThreadPoolExecutor.java:304)
	at java.base/java.util.concurrent.ThreadPoolExecutor.runWorker(ThreadPoolExecutor.java:1144)
	at java.base/java.util.concurrent.ThreadPoolExecutor$Worker.run(ThreadPoolExecutor.java:642)
	at java.base/java.lang.Thread.run(Thread.java:1583)
Caused by: org.hibernate.NonUniqueResultException: Query did not return a unique result: 2 results were returned
	at org.hibernate.query.spi.AbstractSelectionQuery.uniqueElement(AbstractSelectionQuery.java:586)
	at org.hibernate.query.spi.AbstractSelectionQuery.getSingleResult(AbstractSelectionQuery.java:570)
	at java.base/jdk.internal.reflect.DirectMethodHandleAccessor.invoke(DirectMethodHandleAccessor.java:103)
	at java.base/java.lang.reflect.Method.invoke(Method.java:580)
	at org.springframework.orm.jpa.SharedEntityManagerCreator$DeferredQueryInvocationHandler.invoke(SharedEntityManagerCreator.java:419)
	at jdk.proxy3/jdk.proxy3.$Proxy601.getSingleResult(Unknown Source)
	at org.springframework.data.jpa.repository.query.JpaQueryExecution$SingleEntityExecution.doExecute(JpaQueryExecution.java:224)
	at org.springframework.data.jpa.repository.query.JpaQueryExecution.execute(JpaQueryExecution.java:93)
	at org.springframework.data.jpa.repository.query.AbstractJpaQuery.doExecute(AbstractJpaQuery.java:152)
	at org.springframework.data.jpa.repository.query.AbstractJpaQuery.execute(AbstractJpaQuery.java:140)
	at org.springframework.data.repository.core.support.RepositoryMethodInvoker.doInvoke(RepositoryMethodInvoker.java:170)
	at org.springframework.data.repository.core.support.RepositoryMethodInvoker.invoke(RepositoryMethodInvoker.java:158)
	at org.springframework.data.repository.core.support.QueryExecutorMethodInterceptor.doInvoke(QueryExecutorMethodInterceptor.java:170)
	at org.springframework.data.repository.core.support.QueryExecutorMethodInterceptor.invoke(QueryExecutorMethodInterceptor.java:149)
	at org.springframework.aop.framework.ReflectiveMethodInvocation.proceed(ReflectiveMethodInvocation.java:184)
	at org.springframework.data.projection.DefaultMethodInvokingMethodInterceptor.invoke(DefaultMethodInvokingMethodInterceptor.java:69)
	at org.springframework.aop.framework.ReflectiveMethodInvocation.proceed(ReflectiveMethodInvocation.java:184)
	at org.springframework.transaction.interceptor.TransactionAspectSupport.invokeWithinTransaction(TransactionAspectSupport.java:380)
	at org.springframework.transaction.interceptor.TransactionInterceptor.invoke(TransactionInterceptor.java:119)
	at org.springframework.aop.framework.ReflectiveMethodInvocation.proceed(ReflectiveMethodInvocation.java:184)
	at org.springframework.dao.support.PersistenceExceptionTranslationInterceptor.invoke(PersistenceExceptionTranslationInterceptor.java:138)
	... 14 common frames omitted
    23:42:52.417 | 326 taskScheduler-1  | DEBUG | .a.s.ParticipantScoreScheduleService : Updating the participant score for exercise 168 and participant 203 took 3 ms.
    23:42:52.416 | 327 taskScheduler-2  | ERROR | .a.s.ParticipantScoreScheduleService : Exception while processing participant score for exercise 186 and participant 203 for participant scores:
org.springframework.dao.IncorrectResultSizeDataAccessException: Query did not return a unique result: 2 results were returned
	at org.springframework.orm.jpa.vendor.HibernateJpaDialect.convertHibernateAccessException(HibernateJpaDialect.java:301)
	at org.springframework.orm.jpa.vendor.HibernateJpaDialect.translateExceptionIfPossible(HibernateJpaDialect.java:244)
	at org.springframework.orm.jpa.AbstractEntityManagerFactoryBean.translateExceptionIfPossible(AbstractEntityManagerFactoryBean.java:560)
	at org.springframework.dao.support.ChainedPersistenceExceptionTranslator.translateExceptionIfPossible(ChainedPersistenceExceptionTranslator.java:61)
	at org.springframework.dao.support.DataAccessUtils.translateIfNecessary(DataAccessUtils.java:343)
	at org.springframework.dao.support.PersistenceExceptionTranslationInterceptor.invoke(PersistenceExceptionTranslationInterceptor.java:160)
	at org.springframework.aop.framework.ReflectiveMethodInvocation.proceed(ReflectiveMethodInvocation.java:184)
	at org.springframework.data.jpa.repository.support.CrudMethodMetadataPostProcessor$CrudMethodMetadataPopulatingMethodInterceptor.invoke(CrudMethodMetadataPostProcessor.java:136)
	at org.springframework.aop.framework.ReflectiveMethodInvocation.proceed(ReflectiveMethodInvocation.java:184)
	at org.springframework.aop.framework.JdkDynamicAopProxy.invoke(JdkDynamicAopProxy.java:223)
	at jdk.proxy3/jdk.proxy3.$Proxy366.findByExercise_IdAndUser_Id(Unknown Source)
	at de.tum.cit.aet.artemis.assessment.service.ParticipantScoreScheduleService.executeTask(ParticipantScoreScheduleService.java:286)
	at de.tum.cit.aet.artemis.assessment.service.ParticipantScoreScheduleService.lambda$scheduleTask$5(ParticipantScoreScheduleService.java:237)
	at org.springframework.scheduling.support.DelegatingErrorHandlingRunnable.run(DelegatingErrorHandlingRunnable.java:54)
	at java.base/java.util.concurrent.Executors$RunnableAdapter.call(Executors.java:572)
	at java.base/java.util.concurrent.FutureTask.run(FutureTask.java:317)
	at java.base/java.util.concurrent.ScheduledThreadPoolExecutor$ScheduledFutureTask.run(ScheduledThreadPoolExecutor.java:304)
	at java.base/java.util.concurrent.ThreadPoolExecutor.runWorker(ThreadPoolExecutor.java:1144)
	at java.base/java.util.concurrent.ThreadPoolExecutor$Worker.run(ThreadPoolExecutor.java:642)
	at java.base/java.lang.Thread.run(Thread.java:1583)
Caused by: org.hibernate.NonUniqueResultException: Query did not return a unique result: 2 results were returned
	at org.hibernate.query.spi.AbstractSelectionQuery.uniqueElement(AbstractSelectionQuery.java:586)
	at org.hibernate.query.spi.AbstractSelectionQuery.getSingleResult(AbstractSelectionQuery.java:570)
	at java.base/jdk.internal.reflect.DirectMethodHandleAccessor.invoke(DirectMethodHandleAccessor.java:103)
	at java.base/java.lang.reflect.Method.invoke(Method.java:580)
	at org.springframework.orm.jpa.SharedEntityManagerCreator$DeferredQueryInvocationHandler.invoke(SharedEntityManagerCreator.java:419)
	at jdk.proxy3/jdk.proxy3.$Proxy601.getSingleResult(Unknown Source)
	at org.springframework.data.jpa.repository.query.JpaQueryExecution$SingleEntityExecution.doExecute(JpaQueryExecution.java:224)
	at org.springframework.data.jpa.repository.query.JpaQueryExecution.execute(JpaQueryExecution.java:93)
	at org.springframework.data.jpa.repository.query.AbstractJpaQuery.doExecute(AbstractJpaQuery.java:152)
	at org.springframework.data.jpa.repository.query.AbstractJpaQuery.execute(AbstractJpaQuery.java:140)
	at org.springframework.data.repository.core.support.RepositoryMethodInvoker.doInvoke(RepositoryMethodInvoker.java:170)
	at org.springframework.data.repository.core.support.RepositoryMethodInvoker.invoke(RepositoryMethodInvoker.java:158)
	at org.springframework.data.repository.core.support.QueryExecutorMethodInterceptor.doInvoke(QueryExecutorMethodInterceptor.java:170)
	at org.springframework.data.repository.core.support.QueryExecutorMethodInterceptor.invoke(QueryExecutorMethodInterceptor.java:149)
	at org.springframework.aop.framework.ReflectiveMethodInvocation.proceed(ReflectiveMethodInvocation.java:184)
	at org.springframework.data.projection.DefaultMethodInvokingMethodInterceptor.invoke(DefaultMethodInvokingMethodInterceptor.java:69)
	at org.springframework.aop.framework.ReflectiveMethodInvocation.proceed(ReflectiveMethodInvocation.java:184)
	at org.springframework.transaction.interceptor.TransactionAspectSupport.invokeWithinTransaction(TransactionAspectSupport.java:380)
	at org.springframework.transaction.interceptor.TransactionInterceptor.invoke(TransactionInterceptor.java:119)
	at org.springframework.aop.framework.ReflectiveMethodInvocation.proceed(ReflectiveMethodInvocation.java:184)
	at org.springframework.dao.support.PersistenceExceptionTranslationInterceptor.invoke(PersistenceExceptionTranslationInterceptor.java:138)
	... 14 common frames omitted
    23:42:52.417 | 327 taskScheduler-2  | DEBUG | .a.s.ParticipantScoreScheduleService : Updating the participant score for exercise 186 and participant 203 took 2 ms.
    23:42:52.418 | 328 taskScheduler-3  | ERROR | .a.s.ParticipantScoreScheduleService : Exception while processing participant score for exercise 170 and participant 203 for participant scores:
org.springframework.dao.IncorrectResultSizeDataAccessException: Query did not return a unique result: 2 results were returned
	at org.springframework.orm.jpa.vendor.HibernateJpaDialect.convertHibernateAccessException(HibernateJpaDialect.java:301)
	at org.springframework.orm.jpa.vendor.HibernateJpaDialect.translateExceptionIfPossible(HibernateJpaDialect.java:244)
	at org.springframework.orm.jpa.AbstractEntityManagerFactoryBean.translateExceptionIfPossible(AbstractEntityManagerFactoryBean.java:560)
	at org.springframework.dao.support.ChainedPersistenceExceptionTranslator.translateExceptionIfPossible(ChainedPersistenceExceptionTranslator.java:61)
	at org.springframework.dao.support.DataAccessUtils.translateIfNecessary(DataAccessUtils.java:343)
	at org.springframework.dao.support.PersistenceExceptionTranslationInterceptor.invoke(PersistenceExceptionTranslationInterceptor.java:160)
	at org.springframework.aop.framework.ReflectiveMethodInvocation.proceed(ReflectiveMethodInvocation.java:184)
	at org.springframework.data.jpa.repository.support.CrudMethodMetadataPostProcessor$CrudMethodMetadataPopulatingMethodInterceptor.invoke(CrudMethodMetadataPostProcessor.java:136)
	at org.springframework.aop.framework.ReflectiveMethodInvocation.proceed(ReflectiveMethodInvocation.java:184)
	at org.springframework.aop.framework.JdkDynamicAopProxy.invoke(JdkDynamicAopProxy.java:223)
	at jdk.proxy3/jdk.proxy3.$Proxy366.findByExercise_IdAndUser_Id(Unknown Source)
	at de.tum.cit.aet.artemis.assessment.service.ParticipantScoreScheduleService.executeTask(ParticipantScoreScheduleService.java:286)
	at de.tum.cit.aet.artemis.assessment.service.ParticipantScoreScheduleService.lambda$scheduleTask$5(ParticipantScoreScheduleService.java:237)
	at org.springframework.scheduling.support.DelegatingErrorHandlingRunnable.run(DelegatingErrorHandlingRunnable.java:54)
	at java.base/java.util.concurrent.Executors$RunnableAdapter.call(Executors.java:572)
	at java.base/java.util.concurrent.FutureTask.run(FutureTask.java:317)
	at java.base/java.util.concurrent.ScheduledThreadPoolExecutor$ScheduledFutureTask.run(ScheduledThreadPoolExecutor.java:304)
	at java.base/java.util.concurrent.ThreadPoolExecutor.runWorker(ThreadPoolExecutor.java:1144)
	at java.base/java.util.concurrent.ThreadPoolExecutor$Worker.run(ThreadPoolExecutor.java:642)
	at java.base/java.lang.Thread.run(Thread.java:1583)
Caused by: org.hibernate.NonUniqueResultException: Query did not return a unique result: 2 results were returned
	at org.hibernate.query.spi.AbstractSelectionQuery.uniqueElement(AbstractSelectionQuery.java:586)
	at org.hibernate.query.spi.AbstractSelectionQuery.getSingleResult(AbstractSelectionQuery.java:570)
	at java.base/jdk.internal.reflect.DirectMethodHandleAccessor.invoke(DirectMethodHandleAccessor.java:103)
	at java.base/java.lang.reflect.Method.invoke(Method.java:580)
	at org.springframework.orm.jpa.SharedEntityManagerCreator$DeferredQueryInvocationHandler.invoke(SharedEntityManagerCreator.java:419)
	at jdk.proxy3/jdk.proxy3.$Proxy601.getSingleResult(Unknown Source)
	at org.springframework.data.jpa.repository.query.JpaQueryExecution$SingleEntityExecution.doExecute(JpaQueryExecution.java:224)
	at org.springframework.data.jpa.repository.query.JpaQueryExecution.execute(JpaQueryExecution.java:93)
	at org.springframework.data.jpa.repository.query.AbstractJpaQuery.doExecute(AbstractJpaQuery.java:152)
	at org.springframework.data.jpa.repository.query.AbstractJpaQuery.execute(AbstractJpaQuery.java:140)
	at org.springframework.data.repository.core.support.RepositoryMethodInvoker.doInvoke(RepositoryMethodInvoker.java:170)
	at org.springframework.data.repository.core.support.RepositoryMethodInvoker.invoke(RepositoryMethodInvoker.java:158)
	at org.springframework.data.repository.core.support.QueryExecutorMethodInterceptor.doInvoke(QueryExecutorMethodInterceptor.java:170)
	at org.springframework.data.repository.core.support.QueryExecutorMethodInterceptor.invoke(QueryExecutorMethodInterceptor.java:149)
	at org.springframework.aop.framework.ReflectiveMethodInvocation.proceed(ReflectiveMethodInvocation.java:184)
	at org.springframework.data.projection.DefaultMethodInvokingMethodInterceptor.invoke(DefaultMethodInvokingMethodInterceptor.java:69)
	at org.springframework.aop.framework.ReflectiveMethodInvocation.proceed(ReflectiveMethodInvocation.java:184)
	at org.springframework.transaction.interceptor.TransactionAspectSupport.invokeWithinTransaction(TransactionAspectSupport.java:380)
	at org.springframework.transaction.interceptor.TransactionInterceptor.invoke(TransactionInterceptor.java:119)
	at org.springframework.aop.framework.ReflectiveMethodInvocation.proceed(ReflectiveMethodInvocation.java:184)
	at org.springframework.dao.support.PersistenceExceptionTranslationInterceptor.invoke(PersistenceExceptionTranslationInterceptor.java:138)
	... 14 common frames omitted
    23:42:52.418 | 328 taskScheduler-3  | DEBUG | .a.s.ParticipantScoreScheduleService : Updating the participant score for exercise 170 and participant 203 took 4 ms.
    23:42:52.419 | 329 taskScheduler-4  | DEBUG | .a.s.ParticipantScoreScheduleService : Updating the participant score for exercise 180 and participant 1 took 5 ms.
    23:42:52.619 | 362 ool-1-worker-126 | DEBUG | d.t.c.a.a.c.s.f.ApiVersionFilter     : Adding Version to Request DELETE /api/courses/215/exams/526
    23:42:52.619 | 362 ool-1-worker-126 | INFO  | d.t.c.a.a.exam.web.ExamResource      : REST request to delete exam : 526
    23:42:52.628 | 362 ool-1-worker-126 | INFO  | d.t.c.a.a.e.s.ExamDeletionService    : User examparticipationtestinstructor1 has requested to delete the exam Real exam 1
    23:42:52.633 | 362 ool-1-worker-126 | INFO  | .t.c.a.a.e.s.ExerciseDeletionService : Request to delete TextExercise with id 583
    23:42:52.634 | 362 ool-1-worker-126 | INFO  | .t.c.a.a.e.s.ExerciseDeletionService : Deleting the channel took 378µs
    23:42:52.634 | 362 ool-1-worker-126 | INFO  | .t.c.a.a.e.s.ExerciseDeletionService : Cancel scheduled operations of exercise 583
    23:42:52.634 | 362 ool-1-worker-126 | INFO  | .c.s.m.InstanceMessageReceiveService : Received schedule cancel for potential Athena exercise 583
    23:42:52.635 | 362 ool-1-worker-126 | INFO  | d.t.c.a.a.e.s.ParticipationService   : Request to delete all 3 participations of exercise with id : 583
    23:42:52.637 | 362 ool-1-worker-126 | INFO  | d.t.c.a.a.e.s.ParticipationService   : Request to delete Participation : StudentParticipation{id=583, presentationScore=null, student=User{login='examparticipationtesttutor2', firstName='examparticipationtesttutor2First', lastName='examparticipationtesttutor2Last', email='examparticipationtesttutor2@test.de', imageUrl='null', activated='true', langKey='en', activationKey='null'}}
    23:42:52.637 | 362 ool-1-worker-126 | DEBUG | d.t.c.a.a.e.s.ParticipationService   : Request to delete all results and submissions of participation with id : 583
    23:42:52.637 | 362 ool-1-worker-126 | DEBUG | d.t.c.a.a.a.service.ResultService    : Delete result 55
    23:42:52.637 | 362 ool-1-worker-126 | DEBUG | d.t.c.a.a.a.service.ResultService    : Delete result references 55
    23:42:52.644 | 362 ool-1-worker-126 | INFO  | d.t.c.a.a.e.s.ParticipationService   : Request to delete Participation : StudentParticipation{id=585, presentationScore=null, student=User{login='examparticipationteststudent2', firstName='examparticipationteststudent2First', lastName='examparticipationteststudent2Last', email='examparticipationteststudent2@test.de', imageUrl='null', activated='true', langKey='en', activationKey='null'}}
    23:42:52.644 | 362 ool-1-worker-126 | DEBUG | d.t.c.a.a.e.s.ParticipationService   : Request to delete all results and submissions of participation with id : 585
    23:42:52.644 | 362 ool-1-worker-126 | DEBUG | d.t.c.a.a.a.service.ResultService    : Delete result 56
    23:42:52.644 | 362 ool-1-worker-126 | DEBUG | d.t.c.a.a.a.service.ResultService    : Delete result references 56
    23:42:52.649 | 362 ool-1-worker-126 | INFO  | d.t.c.a.a.e.s.ParticipationService   : Request to delete Participation : StudentParticipation{id=587, presentationScore=null, student=User{login='examparticipationtesttutor1', firstName='examparticipationtesttutor1First', lastName='examparticipationtesttutor1Last', email='examparticipationtesttutor1@test.de', imageUrl='null', activated='true', langKey='en', activationKey='null'}}
    23:42:52.649 | 362 ool-1-worker-126 | DEBUG | d.t.c.a.a.e.s.ParticipationService   : Request to delete all results and submissions of participation with id : 587
    23:42:52.650 | 362 ool-1-worker-126 | DEBUG | d.t.c.a.a.a.service.ResultService    : Delete result 57
    23:42:52.650 | 362 ool-1-worker-126 | DEBUG | d.t.c.a.a.a.service.ResultService    : Delete result references 57
    23:42:52.668 | 362 ool-1-worker-126 | INFO  | .c.a.a.c.s.TitleCacheEvictionService : Evicted entry '583' from title cache 'exerciseTitle'
    23:42:52.670 | 362 ool-1-worker-126 | INFO  | .t.c.a.a.e.s.ExerciseDeletionService : Request to delete TextExercise with id 584
    23:42:52.671 | 362 ool-1-worker-126 | INFO  | .t.c.a.a.e.s.ExerciseDeletionService : Deleting the channel took 372µs
    23:42:52.671 | 362 ool-1-worker-126 | INFO  | .t.c.a.a.e.s.ExerciseDeletionService : Cancel scheduled operations of exercise 584
    23:42:52.671 | 362 ool-1-worker-126 | INFO  | .c.s.m.InstanceMessageReceiveService : Received schedule cancel for potential Athena exercise 584
    23:42:52.672 | 362 ool-1-worker-126 | INFO  | d.t.c.a.a.e.s.ParticipationService   : Request to delete all 2 participations of exercise with id : 584
    23:42:52.674 | 362 ool-1-worker-126 | INFO  | d.t.c.a.a.e.s.ParticipationService   : Request to delete Participation : StudentParticipation{id=584, presentationScore=null, student=User{login='examparticipationteststudent1', firstName='examparticipationteststudent1First', lastName='examparticipationteststudent1Last', email='examparticipationteststudent1@test.de', imageUrl='null', activated='true', langKey='en', activationKey='null'}}
    23:42:52.674 | 362 ool-1-worker-126 | DEBUG | d.t.c.a.a.e.s.ParticipationService   : Request to delete all results and submissions of participation with id : 584
    23:42:52.675 | 362 ool-1-worker-126 | DEBUG | d.t.c.a.a.a.service.ResultService    : Delete result 58
    23:42:52.675 | 362 ool-1-worker-126 | DEBUG | d.t.c.a.a.a.service.ResultService    : Delete result references 58
    23:42:52.680 | 362 ool-1-worker-126 | INFO  | d.t.c.a.a.e.s.ParticipationService   : Request to delete Participation : StudentParticipation{id=586, presentationScore=null, student=User{login='examparticipationteststudent3', firstName='examparticipationteststudent3First', lastName='examparticipationteststudent3Last', email='examparticipationteststudent3@test.de', imageUrl='null', activated='true', langKey='en', activationKey='null'}}
    23:42:52.681 | 362 ool-1-worker-126 | DEBUG | d.t.c.a.a.e.s.ParticipationService   : Request to delete all results and submissions of participation with id : 586
    23:42:52.681 | 362 ool-1-worker-126 | DEBUG | d.t.c.a.a.a.service.ResultService    : Delete result 59
    23:42:52.681 | 362 ool-1-worker-126 | DEBUG | d.t.c.a.a.a.service.ResultService    : Delete result references 59
    23:42:52.700 | 362 ool-1-worker-126 | INFO  | .c.a.a.c.s.TitleCacheEvictionService : Evicted entry '584' from title cache 'exerciseTitle'
    23:42:52.701 | 362 ool-1-worker-126 | INFO  | .t.c.a.a.e.s.ExerciseDeletionService : Request to delete TextExercise with id 594
    23:42:52.702 | 362 ool-1-worker-126 | INFO  | .t.c.a.a.e.s.ExerciseDeletionService : Deleting the channel took 362µs
    23:42:52.702 | 362 ool-1-worker-126 | INFO  | .t.c.a.a.e.s.ExerciseDeletionService : Cancel scheduled operations of exercise 594
    23:42:52.702 | 362 ool-1-worker-126 | INFO  | .c.s.m.InstanceMessageReceiveService : Received schedule cancel for potential Athena exercise 594
    23:42:52.703 | 362 ool-1-worker-126 | INFO  | d.t.c.a.a.e.s.ParticipationService   : Request to delete all 0 participations of exercise with id : 594
    23:42:52.714 | 362 ool-1-worker-126 | INFO  | .c.a.a.c.s.TitleCacheEvictionService : Evicted entry '594' from title cache 'exerciseTitle'
    23:42:52.716 | 362 ool-1-worker-126 | INFO  | .t.c.a.a.e.s.ExerciseDeletionService : Request to delete QuizExercise with id 585
    23:42:52.716 | 362 ool-1-worker-126 | INFO  | .t.c.a.a.e.s.ExerciseDeletionService : Deleting the channel took 364µs
    23:42:52.718 | 362 ool-1-worker-126 | INFO  | d.t.c.a.a.e.s.ParticipationService   : Request to delete all 4 participations of exercise with id : 585
    23:42:52.719 | 362 ool-1-worker-126 | INFO  | d.t.c.a.a.e.s.ParticipationService   : Request to delete Participation : StudentParticipation{id=588, presentationScore=null, student=User{login='examparticipationtesttutor2', firstName='examparticipationtesttutor2First', lastName='examparticipationtesttutor2Last', email='examparticipationtesttutor2@test.de', imageUrl='null', activated='true', langKey='en', activationKey='null'}}
    23:42:52.719 | 362 ool-1-worker-126 | DEBUG | d.t.c.a.a.e.s.ParticipationService   : Request to delete all results and submissions of participation with id : 588
    23:42:52.720 | 362 ool-1-worker-126 | DEBUG | d.t.c.a.a.a.service.ResultService    : Delete result 61
    23:42:52.720 | 362 ool-1-worker-126 | DEBUG | d.t.c.a.a.a.service.ResultService    : Delete result references 61
    23:42:52.729 | 362 ool-1-worker-126 | INFO  | d.t.c.a.a.e.s.ParticipationService   : Request to delete Participation : StudentParticipation{id=589, presentationScore=null, student=User{login='examparticipationteststudent1', firstName='examparticipationteststudent1First', lastName='examparticipationteststudent1Last', email='examparticipationteststudent1@test.de', imageUrl='null', activated='true', langKey='en', activationKey='null'}}
    23:42:52.729 | 362 ool-1-worker-126 | DEBUG | d.t.c.a.a.e.s.ParticipationService   : Request to delete all results and submissions of participation with id : 589
    23:42:52.730 | 362 ool-1-worker-126 | DEBUG | d.t.c.a.a.a.service.ResultService    : Delete result 62
    23:42:52.730 | 362 ool-1-worker-126 | DEBUG | d.t.c.a.a.a.service.ResultService    : Delete result references 62
    23:42:52.738 | 362 ool-1-worker-126 | INFO  | d.t.c.a.a.e.s.ParticipationService   : Request to delete Participation : StudentParticipation{id=591, presentationScore=null, student=User{login='examparticipationteststudent3', firstName='examparticipationteststudent3First', lastName='examparticipationteststudent3Last', email='examparticipationteststudent3@test.de', imageUrl='null', activated='true', langKey='en', activationKey='null'}}
    23:42:52.738 | 362 ool-1-worker-126 | DEBUG | d.t.c.a.a.e.s.ParticipationService   : Request to delete all results and submissions of participation with id : 591
    23:42:52.739 | 362 ool-1-worker-126 | DEBUG | d.t.c.a.a.a.service.ResultService    : Delete result 63
    23:42:52.739 | 362 ool-1-worker-126 | DEBUG | d.t.c.a.a.a.service.ResultService    : Delete result references 63
    23:42:52.745 | 362 ool-1-worker-126 | INFO  | d.t.c.a.a.e.s.ParticipationService   : Request to delete Participation : StudentParticipation{id=592, presentationScore=null, student=User{login='examparticipationteststudent2', firstName='examparticipationteststudent2First', lastName='examparticipationteststudent2Last', email='examparticipationteststudent2@test.de', imageUrl='null', activated='true', langKey='en', activationKey='null'}}
    23:42:52.745 | 362 ool-1-worker-126 | DEBUG | d.t.c.a.a.e.s.ParticipationService   : Request to delete all results and submissions of participation with id : 592
    23:42:52.746 | 362 ool-1-worker-126 | DEBUG | d.t.c.a.a.a.service.ResultService    : Delete result 60
    23:42:52.746 | 362 ool-1-worker-126 | DEBUG | d.t.c.a.a.a.service.ResultService    : Delete result references 60
    23:42:52.773 | 362 ool-1-worker-126 | WARN  | d.t.c.a.artemis.quiz.domain.DragItem : Could not delete file with path dragItemImage2.png. Assume already deleted, DragAndDropQuestion 129 can be removed.
    23:42:52.773 | 362 ool-1-worker-126 | WARN  | d.t.c.a.artemis.quiz.domain.DragItem : Could not delete file with path dragItemImage4.png. Assume already deleted, DragAndDropQuestion 131 can be removed.
    23:42:52.774 | 362 ool-1-worker-126 | INFO  | .c.a.a.c.s.TitleCacheEvictionService : Evicted entry '585' from title cache 'exerciseTitle'
    23:42:52.777 | 362 ool-1-worker-126 | INFO  | .t.c.a.a.e.s.ExerciseDeletionService : Request to delete QuizExercise with id 586
    23:42:52.777 | 362 ool-1-worker-126 | INFO  | .t.c.a.a.e.s.ExerciseDeletionService : Deleting the channel took 356µs
    23:42:52.779 | 362 ool-1-worker-126 | INFO  | d.t.c.a.a.e.s.ParticipationService   : Request to delete all 1 participations of exercise with id : 586
    23:42:52.780 | 362 ool-1-worker-126 | INFO  | d.t.c.a.a.e.s.ParticipationService   : Request to delete Participation : StudentParticipation{id=590, presentationScore=null, student=User{login='examparticipationtesttutor1', firstName='examparticipationtesttutor1First', lastName='examparticipationtesttutor1Last', email='examparticipationtesttutor1@test.de', imageUrl='null', activated='true', langKey='en', activationKey='null'}}
    23:42:52.780 | 362 ool-1-worker-126 | DEBUG | d.t.c.a.a.e.s.ParticipationService   : Request to delete all results and submissions of participation with id : 590
    23:42:52.781 | 362 ool-1-worker-126 | DEBUG | d.t.c.a.a.a.service.ResultService    : Delete result 64
    23:42:52.781 | 362 ool-1-worker-126 | DEBUG | d.t.c.a.a.a.service.ResultService    : Delete result references 64
    23:42:52.803 | 362 ool-1-worker-126 | WARN  | d.t.c.a.artemis.quiz.domain.DragItem : Could not delete file with path dragItemImage2.png. Assume already deleted, DragAndDropQuestion 133 can be removed.
    23:42:52.803 | 362 ool-1-worker-126 | WARN  | d.t.c.a.artemis.quiz.domain.DragItem : Could not delete file with path dragItemImage4.png. Assume already deleted, DragAndDropQuestion 135 can be removed.
    23:42:52.805 | 362 ool-1-worker-126 | INFO  | .c.a.a.c.s.TitleCacheEvictionService : Evicted entry '586' from title cache 'exerciseTitle'
    23:42:52.807 | 362 ool-1-worker-126 | INFO  | .t.c.a.a.e.s.ExerciseDeletionService : Request to delete FileUploadExercise with id 587
    23:42:52.808 | 362 ool-1-worker-126 | INFO  | .t.c.a.a.e.s.ExerciseDeletionService : Deleting the channel took 393µs
    23:42:52.809 | 362 ool-1-worker-126 | INFO  | d.t.c.a.a.e.s.ParticipationService   : Request to delete all 2 participations of exercise with id : 587
    23:42:52.811 | 362 ool-1-worker-126 | INFO  | d.t.c.a.a.e.s.ParticipationService   : Request to delete Participation : StudentParticipation{id=595, presentationScore=null, student=User{login='examparticipationteststudent2', firstName='examparticipationteststudent2First', lastName='examparticipationteststudent2Last', email='examparticipationteststudent2@test.de', imageUrl='null', activated='true', langKey='en', activationKey='null'}}
    23:42:52.811 | 362 ool-1-worker-126 | DEBUG | d.t.c.a.a.e.s.ParticipationService   : Request to delete all results and submissions of participation with id : 595
    23:42:52.812 | 362 ool-1-worker-126 | DEBUG | d.t.c.a.a.a.service.ResultService    : Delete result 65
    23:42:52.812 | 362 ool-1-worker-126 | DEBUG | d.t.c.a.a.a.service.ResultService    : Delete result references 65
    23:42:52.817 | 362 ool-1-worker-126 | INFO  | d.t.c.a.a.e.s.ParticipationService   : Request to delete Participation : StudentParticipation{id=597, presentationScore=null, student=User{login='examparticipationteststudent1', firstName='examparticipationteststudent1First', lastName='examparticipationteststudent1Last', email='examparticipationteststudent1@test.de', imageUrl='null', activated='true', langKey='en', activationKey='null'}}
    23:42:52.817 | 362 ool-1-worker-126 | DEBUG | d.t.c.a.a.e.s.ParticipationService   : Request to delete all results and submissions of participation with id : 597
    23:42:52.818 | 362 ool-1-worker-126 | DEBUG | d.t.c.a.a.a.service.ResultService    : Delete result 66
    23:42:52.818 | 362 ool-1-worker-126 | DEBUG | d.t.c.a.a.a.service.ResultService    : Delete result references 66
    23:42:52.839 | 362 ool-1-worker-126 | INFO  | .c.a.a.c.s.TitleCacheEvictionService : Evicted entry '587' from title cache 'exerciseTitle'
    23:42:52.840 | 362 ool-1-worker-126 | INFO  | .t.c.a.a.e.s.ExerciseDeletionService : Request to delete FileUploadExercise with id 588
    23:42:52.841 | 362 ool-1-worker-126 | INFO  | .t.c.a.a.e.s.ExerciseDeletionService : Deleting the channel took 439µs
    23:42:52.843 | 362 ool-1-worker-126 | INFO  | d.t.c.a.a.e.s.ParticipationService   : Request to delete all 3 participations of exercise with id : 588
    23:42:52.844 | 362 ool-1-worker-126 | INFO  | d.t.c.a.a.e.s.ParticipationService   : Request to delete Participation : StudentParticipation{id=593, presentationScore=null, student=User{login='examparticipationtesttutor1', firstName='examparticipationtesttutor1First', lastName='examparticipationtesttutor1Last', email='examparticipationtesttutor1@test.de', imageUrl='null', activated='true', langKey='en', activationKey='null'}}
    23:42:52.844 | 362 ool-1-worker-126 | DEBUG | d.t.c.a.a.e.s.ParticipationService   : Request to delete all results and submissions of participation with id : 593
    23:42:52.845 | 362 ool-1-worker-126 | DEBUG | d.t.c.a.a.a.service.ResultService    : Delete result 67
    23:42:52.845 | 362 ool-1-worker-126 | DEBUG | d.t.c.a.a.a.service.ResultService    : Delete result references 67
    23:42:52.850 | 362 ool-1-worker-126 | INFO  | d.t.c.a.a.e.s.ParticipationService   : Request to delete Participation : StudentParticipation{id=596, presentationScore=null, student=User{login='examparticipationtesttutor2', firstName='examparticipationtesttutor2First', lastName='examparticipationtesttutor2Last', email='examparticipationtesttutor2@test.de', imageUrl='null', activated='true', langKey='en', activationKey='null'}}
    23:42:52.850 | 362 ool-1-worker-126 | DEBUG | d.t.c.a.a.e.s.ParticipationService   : Request to delete all results and submissions of participation with id : 596
    23:42:52.850 | 362 ool-1-worker-126 | DEBUG | d.t.c.a.a.a.service.ResultService    : Delete result 68
    23:42:52.850 | 362 ool-1-worker-126 | DEBUG | d.t.c.a.a.a.service.ResultService    : Delete result references 68
    23:42:52.855 | 362 ool-1-worker-126 | INFO  | d.t.c.a.a.e.s.ParticipationService   : Request to delete Participation : StudentParticipation{id=598, presentationScore=null, student=User{login='examparticipationteststudent3', firstName='examparticipationteststudent3First', lastName='examparticipationteststudent3Last', email='examparticipationteststudent3@test.de', imageUrl='null', activated='true', langKey='en', activationKey='null'}}
    23:42:52.855 | 362 ool-1-worker-126 | DEBUG | d.t.c.a.a.e.s.ParticipationService   : Request to delete all results and submissions of participation with id : 598
    23:42:52.856 | 362 ool-1-worker-126 | DEBUG | d.t.c.a.a.a.service.ResultService    : Delete result 69
    23:42:52.856 | 362 ool-1-worker-126 | DEBUG | d.t.c.a.a.a.service.ResultService    : Delete result references 69
    23:42:52.875 | 362 ool-1-worker-126 | INFO  | .c.a.a.c.s.TitleCacheEvictionService : Evicted entry '588' from title cache 'exerciseTitle'
    23:42:52.876 | 362 ool-1-worker-126 | INFO  | .t.c.a.a.e.s.ExerciseDeletionService : Request to delete ModelingExercise with id 589
    23:42:52.877 | 362 ool-1-worker-126 | INFO  | .t.c.a.a.e.s.ExerciseDeletionService : Deleting the channel took 412µs
    23:42:52.877 | 362 ool-1-worker-126 | INFO  | .t.c.a.a.e.s.ExerciseDeletionService : Deleting clusters, elements and cancel scheduled operations of exercise 589
    23:42:52.877 | 362 ool-1-worker-126 | INFO  | .c.s.m.InstanceMessageReceiveService : Received schedule cancel for modeling exercise 589
    23:42:52.879 | 362 ool-1-worker-126 | INFO  | d.t.c.a.a.e.s.ParticipationService   : Request to delete all 2 participations of exercise with id : 589
    23:42:52.880 | 362 ool-1-worker-126 | INFO  | d.t.c.a.a.e.s.ParticipationService   : Request to delete Participation : StudentParticipation{id=601, presentationScore=null, student=User{login='examparticipationtesttutor2', firstName='examparticipationtesttutor2First', lastName='examparticipationtesttutor2Last', email='examparticipationtesttutor2@test.de', imageUrl='null', activated='true', langKey='en', activationKey='null'}}
    23:42:52.880 | 362 ool-1-worker-126 | DEBUG | d.t.c.a.a.e.s.ParticipationService   : Request to delete all results and submissions of participation with id : 601
    23:42:52.881 | 362 ool-1-worker-126 | DEBUG | d.t.c.a.a.a.service.ResultService    : Delete result 70
    23:42:52.881 | 362 ool-1-worker-126 | DEBUG | d.t.c.a.a.a.service.ResultService    : Delete result references 70
    23:42:52.887 | 362 ool-1-worker-126 | INFO  | d.t.c.a.a.e.s.ParticipationService   : Request to delete Participation : StudentParticipation{id=603, presentationScore=null, student=User{login='examparticipationteststudent1', firstName='examparticipationteststudent1First', lastName='examparticipationteststudent1Last', email='examparticipationteststudent1@test.de', imageUrl='null', activated='true', langKey='en', activationKey='null'}}
    23:42:52.887 | 362 ool-1-worker-126 | DEBUG | d.t.c.a.a.e.s.ParticipationService   : Request to delete all results and submissions of participation with id : 603
    23:42:52.888 | 362 ool-1-worker-126 | DEBUG | d.t.c.a.a.a.service.ResultService    : Delete result 71
    23:42:52.888 | 362 ool-1-worker-126 | DEBUG | d.t.c.a.a.a.service.ResultService    : Delete result references 71
    23:42:52.905 | 362 ool-1-worker-126 | INFO  | .c.a.a.c.s.TitleCacheEvictionService : Evicted entry '589' from title cache 'exerciseTitle'
    23:42:52.906 | 362 ool-1-worker-126 | INFO  | .t.c.a.a.e.s.ExerciseDeletionService : Request to delete ModelingExercise with id 590
    23:42:52.907 | 362 ool-1-worker-126 | INFO  | .t.c.a.a.e.s.ExerciseDeletionService : Deleting the channel took 358µs
    23:42:52.907 | 362 ool-1-worker-126 | INFO  | .t.c.a.a.e.s.ExerciseDeletionService : Deleting clusters, elements and cancel scheduled operations of exercise 590
    23:42:52.907 | 362 ool-1-worker-126 | INFO  | .c.s.m.InstanceMessageReceiveService : Received schedule cancel for modeling exercise 590
    23:42:52.909 | 362 ool-1-worker-126 | INFO  | d.t.c.a.a.e.s.ParticipationService   : Request to delete all 3 participations of exercise with id : 590
    23:42:52.910 | 362 ool-1-worker-126 | INFO  | d.t.c.a.a.e.s.ParticipationService   : Request to delete Participation : StudentParticipation{id=594, presentationScore=null, student=User{login='examparticipationtesttutor1', firstName='examparticipationtesttutor1First', lastName='examparticipationtesttutor1Last', email='examparticipationtesttutor1@test.de', imageUrl='null', activated='true', langKey='en', activationKey='null'}}
    23:42:52.910 | 362 ool-1-worker-126 | DEBUG | d.t.c.a.a.e.s.ParticipationService   : Request to delete all results and submissions of participation with id : 594
    23:42:52.911 | 362 ool-1-worker-126 | DEBUG | d.t.c.a.a.a.service.ResultService    : Delete result 72
    23:42:52.911 | 362 ool-1-worker-126 | DEBUG | d.t.c.a.a.a.service.ResultService    : Delete result references 72
    23:42:52.917 | 362 ool-1-worker-126 | INFO  | d.t.c.a.a.e.s.ParticipationService   : Request to delete Participation : StudentParticipation{id=600, presentationScore=null, student=User{login='examparticipationteststudent2', firstName='examparticipationteststudent2First', lastName='examparticipationteststudent2Last', email='examparticipationteststudent2@test.de', imageUrl='null', activated='true', langKey='en', activationKey='null'}}
    23:42:52.917 | 362 ool-1-worker-126 | DEBUG | d.t.c.a.a.e.s.ParticipationService   : Request to delete all results and submissions of participation with id : 600
    23:42:52.917 | 362 ool-1-worker-126 | DEBUG | d.t.c.a.a.a.service.ResultService    : Delete result 73
    23:42:52.917 | 362 ool-1-worker-126 | DEBUG | d.t.c.a.a.a.service.ResultService    : Delete result references 73
    23:42:52.923 | 362 ool-1-worker-126 | INFO  | d.t.c.a.a.e.s.ParticipationService   : Request to delete Participation : StudentParticipation{id=604, presentationScore=null, student=User{login='examparticipationteststudent3', firstName='examparticipationteststudent3First', lastName='examparticipationteststudent3Last', email='examparticipationteststudent3@test.de', imageUrl='null', activated='true', langKey='en', activationKey='null'}}
    23:42:52.923 | 362 ool-1-worker-126 | DEBUG | d.t.c.a.a.e.s.ParticipationService   : Request to delete all results and submissions of participation with id : 604
    23:42:52.924 | 362 ool-1-worker-126 | DEBUG | d.t.c.a.a.a.service.ResultService    : Delete result 74
    23:42:52.924 | 362 ool-1-worker-126 | DEBUG | d.t.c.a.a.a.service.ResultService    : Delete result references 74
    23:42:52.942 | 362 ool-1-worker-126 | INFO  | .c.a.a.c.s.TitleCacheEvictionService : Evicted entry '590' from title cache 'exerciseTitle'
    23:42:52.943 | 362 ool-1-worker-126 | INFO  | .t.c.a.a.e.s.ExerciseDeletionService : Request to delete TextExercise with id 591
    23:42:52.944 | 362 ool-1-worker-126 | INFO  | .t.c.a.a.e.s.ExerciseDeletionService : Deleting the channel took 380µs
    23:42:52.944 | 362 ool-1-worker-126 | INFO  | .t.c.a.a.e.s.ExerciseDeletionService : Cancel scheduled operations of exercise 591
    23:42:52.944 | 362 ool-1-worker-126 | INFO  | .c.s.m.InstanceMessageReceiveService : Received schedule cancel for potential Athena exercise 591
    23:42:52.946 | 362 ool-1-worker-126 | INFO  | d.t.c.a.a.e.s.ParticipationService   : Request to delete all 5 participations of exercise with id : 591
    23:42:52.947 | 362 ool-1-worker-126 | INFO  | d.t.c.a.a.e.s.ParticipationService   : Request to delete Participation : StudentParticipation{id=599, presentationScore=null, student=User{login='examparticipationtesttutor1', firstName='examparticipationtesttutor1First', lastName='examparticipationtesttutor1Last', email='examparticipationtesttutor1@test.de', imageUrl='null', activated='true', langKey='en', activationKey='null'}}
    23:42:52.947 | 362 ool-1-worker-126 | DEBUG | d.t.c.a.a.e.s.ParticipationService   : Request to delete all results and submissions of participation with id : 599
    23:42:52.949 | 362 ool-1-worker-126 | DEBUG | d.t.c.a.a.a.service.ResultService    : Delete result 77
    23:42:52.949 | 362 ool-1-worker-126 | DEBUG | d.t.c.a.a.a.service.ResultService    : Delete result references 77
    23:42:52.955 | 362 ool-1-worker-126 | INFO  | d.t.c.a.a.e.s.ParticipationService   : Request to delete Participation : StudentParticipation{id=605, presentationScore=null, student=User{login='examparticipationteststudent2', firstName='examparticipationteststudent2First', lastName='examparticipationteststudent2Last', email='examparticipationteststudent2@test.de', imageUrl='null', activated='true', langKey='en', activationKey='null'}}
    23:42:52.955 | 362 ool-1-worker-126 | DEBUG | d.t.c.a.a.e.s.ParticipationService   : Request to delete all results and submissions of participation with id : 605
    23:42:52.956 | 362 ool-1-worker-126 | DEBUG | d.t.c.a.a.a.service.ResultService    : Delete result 78
    23:42:52.956 | 362 ool-1-worker-126 | DEBUG | d.t.c.a.a.a.service.ResultService    : Delete result references 78
    23:42:52.960 | 362 ool-1-worker-126 | INFO  | d.t.c.a.a.e.s.ParticipationService   : Request to delete Participation : StudentParticipation{id=606, presentationScore=null, student=User{login='examparticipationtesttutor2', firstName='examparticipationtesttutor2First', lastName='examparticipationtesttutor2Last', email='examparticipationtesttutor2@test.de', imageUrl='null', activated='true', langKey='en', activationKey='null'}}
    23:42:52.960 | 362 ool-1-worker-126 | DEBUG | d.t.c.a.a.e.s.ParticipationService   : Request to delete all results and submissions of participation with id : 606
    23:42:52.961 | 362 ool-1-worker-126 | DEBUG | d.t.c.a.a.a.service.ResultService    : Delete result 79
    23:42:52.961 | 362 ool-1-worker-126 | DEBUG | d.t.c.a.a.a.service.ResultService    : Delete result references 79
    23:42:52.966 | 362 ool-1-worker-126 | INFO  | d.t.c.a.a.e.s.ParticipationService   : Request to delete Participation : StudentParticipation{id=608, presentationScore=null, student=User{login='examparticipationteststudent3', firstName='examparticipationteststudent3First', lastName='examparticipationteststudent3Last', email='examparticipationteststudent3@test.de', imageUrl='null', activated='true', langKey='en', activationKey='null'}}
    23:42:52.966 | 362 ool-1-worker-126 | DEBUG | d.t.c.a.a.e.s.ParticipationService   : Request to delete all results and submissions of participation with id : 608
    23:42:52.967 | 362 ool-1-worker-126 | DEBUG | d.t.c.a.a.a.service.ResultService    : Delete result 75
    23:42:52.967 | 362 ool-1-worker-126 | DEBUG | d.t.c.a.a.a.service.ResultService    : Delete result references 75
    23:42:52.973 | 362 ool-1-worker-126 | INFO  | d.t.c.a.a.e.s.ParticipationService   : Request to delete Participation : StudentParticipation{id=610, presentationScore=null, student=User{login='examparticipationteststudent1', firstName='examparticipationteststudent1First', lastName='examparticipationteststudent1Last', email='examparticipationteststudent1@test.de', imageUrl='null', activated='true', langKey='en', activationKey='null'}}
    23:42:52.973 | 362 ool-1-worker-126 | DEBUG | d.t.c.a.a.e.s.ParticipationService   : Request to delete all results and submissions of participation with id : 610
    23:42:52.974 | 362 ool-1-worker-126 | DEBUG | d.t.c.a.a.a.service.ResultService    : Delete result 76
    23:42:52.974 | 362 ool-1-worker-126 | DEBUG | d.t.c.a.a.a.service.ResultService    : Delete result references 76
    23:42:52.997 | 362 ool-1-worker-126 | INFO  | .c.a.a.c.s.TitleCacheEvictionService : Evicted entry '591' from title cache 'exerciseTitle'
    23:42:52.999 | 362 ool-1-worker-126 | INFO  | .t.c.a.a.e.s.ExerciseDeletionService : Request to delete TextExercise with id 592
    23:42:53.000 | 362 ool-1-worker-126 | INFO  | .t.c.a.a.e.s.ExerciseDeletionService : Deleting the channel took 347µs
    23:42:53.000 | 362 ool-1-worker-126 | INFO  | .t.c.a.a.e.s.ExerciseDeletionService : Cancel scheduled operations of exercise 592
    23:42:53.000 | 362 ool-1-worker-126 | INFO  | .c.s.m.InstanceMessageReceiveService : Received schedule cancel for potential Athena exercise 592
    23:42:53.001 | 362 ool-1-worker-126 | INFO  | d.t.c.a.a.e.s.ParticipationService   : Request to delete all 5 participations of exercise with id : 592
    23:42:53.003 | 362 ool-1-worker-126 | INFO  | d.t.c.a.a.e.s.ParticipationService   : Request to delete Participation : StudentParticipation{id=602, presentationScore=null, student=User{login='examparticipationtesttutor1', firstName='examparticipationtesttutor1First', lastName='examparticipationtesttutor1Last', email='examparticipationtesttutor1@test.de', imageUrl='null', activated='true', langKey='en', activationKey='null'}}
    23:42:53.003 | 362 ool-1-worker-126 | DEBUG | d.t.c.a.a.e.s.ParticipationService   : Request to delete all results and submissions of participation with id : 602
    23:42:53.004 | 362 ool-1-worker-126 | DEBUG | d.t.c.a.a.a.service.ResultService    : Delete result 84
    23:42:53.004 | 362 ool-1-worker-126 | DEBUG | d.t.c.a.a.a.service.ResultService    : Delete result references 84
    23:42:53.010 | 362 ool-1-worker-126 | INFO  | d.t.c.a.a.e.s.ParticipationService   : Request to delete Participation : StudentParticipation{id=609, presentationScore=null, student=User{login='examparticipationteststudent2', firstName='examparticipationteststudent2First', lastName='examparticipationteststudent2Last', email='examparticipationteststudent2@test.de', imageUrl='null', activated='true', langKey='en', activationKey='null'}}
    23:42:53.010 | 362 ool-1-worker-126 | DEBUG | d.t.c.a.a.e.s.ParticipationService   : Request to delete all results and submissions of participation with id : 609
    23:42:53.011 | 362 ool-1-worker-126 | DEBUG | d.t.c.a.a.a.service.ResultService    : Delete result 80
    23:42:53.011 | 362 ool-1-worker-126 | DEBUG | d.t.c.a.a.a.service.ResultService    : Delete result references 80
    23:42:53.016 | 362 ool-1-worker-126 | INFO  | d.t.c.a.a.e.s.ParticipationService   : Request to delete Participation : StudentParticipation{id=611, presentationScore=null, student=User{login='examparticipationtesttutor2', firstName='examparticipationtesttutor2First', lastName='examparticipationtesttutor2Last', email='examparticipationtesttutor2@test.de', imageUrl='null', activated='true', langKey='en', activationKey='null'}}
    23:42:53.016 | 362 ool-1-worker-126 | DEBUG | d.t.c.a.a.e.s.ParticipationService   : Request to delete all results and submissions of participation with id : 611
    23:42:53.017 | 362 ool-1-worker-126 | DEBUG | d.t.c.a.a.a.service.ResultService    : Delete result 81
    23:42:53.017 | 362 ool-1-worker-126 | DEBUG | d.t.c.a.a.a.service.ResultService    : Delete result references 81
    23:42:53.023 | 362 ool-1-worker-126 | INFO  | d.t.c.a.a.e.s.ParticipationService   : Request to delete Participation : StudentParticipation{id=612, presentationScore=null, student=User{login='examparticipationteststudent3', firstName='examparticipationteststudent3First', lastName='examparticipationteststudent3Last', email='examparticipationteststudent3@test.de', imageUrl='null', activated='true', langKey='en', activationKey='null'}}
    23:42:53.023 | 362 ool-1-worker-126 | DEBUG | d.t.c.a.a.e.s.ParticipationService   : Request to delete all results and submissions of participation with id : 612
    23:42:53.024 | 362 ool-1-worker-126 | DEBUG | d.t.c.a.a.a.service.ResultService    : Delete result 82
    23:42:53.024 | 362 ool-1-worker-126 | DEBUG | d.t.c.a.a.a.service.ResultService    : Delete result references 82
    23:42:53.029 | 362 ool-1-worker-126 | INFO  | d.t.c.a.a.e.s.ParticipationService   : Request to delete Participation : StudentParticipation{id=615, presentationScore=null, student=User{login='examparticipationteststudent1', firstName='examparticipationteststudent1First', lastName='examparticipationteststudent1Last', email='examparticipationteststudent1@test.de', imageUrl='null', activated='true', langKey='en', activationKey='null'}}
    23:42:53.029 | 362 ool-1-worker-126 | DEBUG | d.t.c.a.a.e.s.ParticipationService   : Request to delete all results and submissions of participation with id : 615
    23:42:53.030 | 362 ool-1-worker-126 | DEBUG | d.t.c.a.a.a.service.ResultService    : Delete result 83
    23:42:53.030 | 362 ool-1-worker-126 | DEBUG | d.t.c.a.a.a.service.ResultService    : Delete result references 83
    23:42:53.031 | 564 localvc.event-11 | INFO  | a.a.b.s.SharedQueueProcessingService : Pausing build agent with address [127.0.0.1]:5703
    23:42:53.043 | 566 localvc.event-13 | DEBUG | a.p.s.l.LocalCIQueueWebsocketService : Build agent updated: BuildAgentInformation[buildAgent=BuildAgentDTO[name=artemis-build-agent-test, memberAddress=[127.0.0.1]:5703, displayName=artemis-build-agent-test], maxNumberOfConcurrentBuildJobs=1, numberOfCurrentBuildJobs=0, runningBuildJobs=[], status=PAUSED, recentBuildJobs=[BuildJobQueueItem[id=4621739576562326, name=SHORT43ACF76B02BC1044B80938509D14043FABDETSTEXC-LOCALCIINTSTUDENT1, buildAgent=BuildAgentDTO[name=artemis-build-agent-test, memberAddress=[127.0.0.1]:5703, displayName=artemis-build-agent-test], participationId=462, courseId=147, exerciseId=298, retryCount=0, priority=2, status=SUCCESSFUL, repositoryInfo=RepositoryInfo[repositoryName=short43acf76b02bc1044b80938509d14043fabdetstexc-localciintstudent1, repositoryType=user, triggeredByPushTo=user, assignmentRepositoryUri=http://localhost:49152/git/SHORT43ACF76B02BC1044B80938509D14043FABDETSTEXC/short43acf76b02bc1044b80938509d14043fabdetstexc-localciintstudent1.git, testRepositoryUri=http://localhost:49152/git/SHORT43ACF76B02BC1044B80938509D14043FABDETSTEXC/short43acf76b02bc1044b80938509d14043fabdetstexc-tests.git, solutionRepositoryUri=null, auxiliaryRepositoryUris=[Ljava.lang.String;@7e038563, auxiliaryRepositoryCheckoutDirectories=[Ljava.lang.String;@2ffa0f75], jobTimingInfo=JobTimingInfo[submissionDate=2025-02-14T23:42:42.326978596Z[Etc/UTC], buildStartDate=2025-02-14T23:42:42.420147010Z[Etc/UTC], buildCompletionDate=2025-02-14T23:42:45.573855829Z[Etc/UTC], estimatedCompletionDate=2025-02-14T23:43:01.420129377Z[Etc/UTC], estimatedDuration=19], buildConfig=BuildConfig[buildScript=#!/bin/bash
cd /var/tmp/testing-dir
chmod +x ./gradlew
./gradlew clean test
, dockerImage=dummy-docker-image:latest, commitHashToBuild=a9c717ccf7bcbe9531d3eee21dbaeb5aab2ff971, assignmentCommitHash=a9c717ccf7bcbe9531d3eee21dbaeb5aab2ff971, testCommitHash=a9c717ccf7bcbe9531d3eee21dbaeb5aab2ff971, branch=main, programmingLanguage=JAVA, projectType=PLAIN_GRADLE, scaEnabled=false, sequentialTestRunsEnabled=false, resultPaths=[/var/tmp/testing-dir/**/test-results/test/*.xml], timeoutSeconds=0, assignmentCheckoutPath=null, testCheckoutPath=null, solutionCheckoutPath=null, dockerRunConfig=DockerRunConfig[isNetworkDisabled=true, env=[key=value]]], submissionResult=ResultDTO[id=132, completionDate=2025-02-14T23:42:45.519869118Z[Etc/UTC], successful=false, score=7.7, rated=true, submission=SubmissionDTO[id=119, submitted=true, type=MANUAL, exampleSubmission=null, submissionDate=2025-02-14T23:42:42.302762Z, commitHash=a9c717ccf7bcbe9531d3eee21dbaeb5aab2ff971, buildFailed=false, buildArtifact=false, participation=ParticipationDTO[id=462, testRun=false, type=programming, submissionCount=null, exercise=ParticipationExerciseDTO[id=298, exerciseType=PROGRAMMING, type=programming, assessmentType=AUTOMATIC, dueDate=2025-02-16T23:42:41.553955Z, assessmentDueDate=null, maxPoints=42.0, course=CourseDTO[id=147, accuracyOfScores=1]]], submissionExerciseType=programming, isProcessing=false, buildStartDate=null, estimatedCompletionDate=null], participation=ParticipationDTO[id=462, testRun=false, type=programming, submissionCount=null, exercise=ParticipationExerciseDTO[id=298, exerciseType=PROGRAMMING, type=programming, assessmentType=AUTOMATIC, dueDate=2025-02-16T23:42:41.553955Z, assessmentDueDate=null, maxPoints=42.0, course=CourseDTO[id=147, accuracyOfScores=1]]], feedbacks=[FeedbackDTO[id=67, text=null, detailText=The exercise expects a class with the name Context in the package testpackage. You did not implement the class in the exercise., hasLongFeedbackText=false, reference=null, credits=0.0, positive=false, type=AUTOMATIC, visibility=ALWAYS, testCase=TestCaseDTO[testName=null, id=13]], FeedbackDTO[id=68, text=null, detailText=The exercise expects a class with the name Policy in the package testpackage. You did not implement the class in the exercise., hasLongFeedbackText=false, reference=null, credits=0.0, positive=false, type=AUTOMATIC, visibility=ALWAYS, testCase=TestCaseDTO[testName=null, id=14]], FeedbackDTO[id=69, text=null, detailText=The exercise expects a class with the name SortStrategy in the package testpackage. You did not implement the class in the exercise., hasLongFeedbackText=false, reference=null, credits=0.0, positive=false, type=AUTOMATIC, visibility=ALWAYS, testCase=TestCaseDTO[testName=null, id=15]], FeedbackDTO[id=70, text=null, detailText=The class 'MergeSort' does not implement the interface 'SortStrategy' as expected. Implement the interface and its methods., hasLongFeedbackText=false, reference=null, credits=0.0, positive=false, type=AUTOMATIC, visibility=ALWAYS, testCase=TestCaseDTO[testName=null, id=10]], FeedbackDTO[id=71, text=null, detailText=The exercise expects a class with the name SortStrategy in the package testpackage. You did not implement the class in the exercise., hasLongFeedbackText=false, reference=null, credits=0.0, positive=false, type=AUTOMATIC, visibility=ALWAYS, testCase=TestCaseDTO[testName=null, id=7]], FeedbackDTO[id=72, text=null, detailText=The class 'BubbleSort' does not implement the interface 'SortStrategy' as expected. Implement the interface and its methods., hasLongFeedbackText=false, reference=null, credits=0.0, positive=false, type=AUTOMATIC, visibility=ALWAYS, testCase=TestCaseDTO[testName=null, id=11]], FeedbackDTO[id=73, text=null, detailText=MergeSort does not sort correctly, hasLongFeedbackText=false, reference=null, credits=0.0, positive=false, type=AUTOMATIC, visibility=ALWAYS, testCase=TestCaseDTO[testName=null, id=16]], FeedbackDTO[id=74, text=null, detailText=The class 'Context' was not found within the submission. Make sure to implement it properly., hasLongFeedbackText=false, reference=null, credits=0.0, positive=false, type=AUTOMATIC, visibility=ALWAYS, testCase=TestCaseDTO[testName=null, id=17]], FeedbackDTO[id=75, text=null, detailText=The class 'Context' was not found within the submission. Make sure to implement it properly., hasLongFeedbackText=false, reference=null, credits=0.0, positive=false, type=AUTOMATIC, visibility=ALWAYS, testCase=TestCaseDTO[testName=null, id=18]], FeedbackDTO[id=76, text=null, detailText=The exercise expects a class with the name Policy in the package testpackage. You did not implement the class in the exercise., hasLongFeedbackText=false, reference=null, credits=0.0, positive=false, type=AUTOMATIC, visibility=ALWAYS, testCase=TestCaseDTO[testName=null, id=12]], FeedbackDTO[id=77, text=null, detailText=The exercise expects a class with the name Context in the package testpackage. You did not implement the class in the exercise., hasLongFeedbackText=false, reference=null, credits=0.0, positive=false, type=AUTOMATIC, visibility=ALWAYS, testCase=TestCaseDTO[testName=null, id=8]], FeedbackDTO[id=78, text=null, detailText=The exercise expects a class with the name Policy in the package testpackage. You did not implement the class in the exercise., hasLongFeedbackText=false, reference=null, credits=0.0, positive=false, type=AUTOMATIC, visibility=ALWAYS, testCase=TestCaseDTO[testName=null, id=9]], FeedbackDTO[id=79, text=null, detailText=null, hasLongFeedbackText=false, reference=null, credits=3.230769230769231, positive=true, type=AUTOMATIC, visibility=ALWAYS, testCase=TestCaseDTO[testName=null, id=19]]], assessmentType=AUTOMATIC, hasComplaint=null, exampleResult=null, testCaseCount=13, passedTestCaseCount=1, codeIssueCount=0]], BuildJobQueueItem[id=4651739576569330, name=SHORTB06DD3F905F4604F6E085260D83ED657A6DFTSTEXC-LOCALCIINTSTUDENT1, buildAgent=BuildAgentDTO[name=artemis-build-agent-test, memberAddress=[127.0.0.1]:5703, displayName=artemis-build-agent-test], participationId=465, courseId=148, exerciseId=299, retryCount=0, priority=2, status=SUCCESSFUL, repositoryInfo=RepositoryInfo[repositoryName=shortb06dd3f905f4604f6e085260d83ed657a6dftstexc-localciintstudent1, repositoryType=user, triggeredByPushTo=user, assignmentRepositoryUri=http://localhost:49152/git/SHORTB06DD3F905F4604F6E085260D83ED657A6DFTSTEXC/shortb06dd3f905f4604f6e085260d83ed657a6dftstexc-localciintstudent1.git, testRepositoryUri=http://localhost:49152/git/SHORTB06DD3F905F4604F6E085260D83ED657A6DFTSTEXC/shortb06dd3f905f4604f6e085260d83ed657a6dftstexc-tests.git, solutionRepositoryUri=null, auxiliaryRepositoryUris=[Ljava.lang.String;@5cca8c1d, auxiliaryRepositoryCheckoutDirectories=[Ljava.lang.String;@70c49123], jobTimingInfo=JobTimingInfo[submissionDate=2025-02-14T23:42:49.330093960Z[Etc/UTC], buildStartDate=2025-02-14T23:42:49.347797345Z[Etc/UTC], buildCompletionDate=2025-02-14T23:42:51.204319751Z[Etc/UTC], estimatedCompletionDate=2025-02-14T23:43:08.347788449Z[Etc/UTC], estimatedDuration=19], buildConfig=BuildConfig[buildScript=#!/bin/bash
cd /var/tmp/testing-dir
chmod +x ./gradlew
./gradlew clean test
, dockerImage=dummy-docker-image:latest, commitHashToBuild=41581fff25954d36cf07586926ee0c77d1003131, assignmentCommitHash=41581fff25954d36cf07586926ee0c77d1003131, testCommitHash=41581fff25954d36cf07586926ee0c77d1003131, branch=main, programmingLanguage=JAVA, projectType=PLAIN_GRADLE, scaEnabled=false, sequentialTestRunsEnabled=false, resultPaths=[/var/tmp/testing-dir/**/test-results/test/*.xml], timeoutSeconds=0, assignmentCheckoutPath=null, testCheckoutPath=null, solutionCheckoutPath=null, dockerRunConfig=null], submissionResult=ResultDTO[id=133, completionDate=2025-02-14T23:42:51.155372920Z[Etc/UTC], successful=false, score=7.7, rated=true, submission=SubmissionDTO[id=120, submitted=true, type=MANUAL, exampleSubmission=null, submissionDate=2025-02-14T23:42:49.321855Z, commitHash=41581fff25954d36cf07586926ee0c77d1003131, buildFailed=false, buildArtifact=false, participation=ParticipationDTO[id=465, testRun=false, type=programming, submissionCount=null, exercise=ParticipationExerciseDTO[id=299, exerciseType=PROGRAMMING, type=programming, assessmentType=AUTOMATIC, dueDate=2025-02-16T23:42:49.163661Z, assessmentDueDate=null, maxPoints=42.0, course=CourseDTO[id=148, accuracyOfScores=1]]], submissionExerciseType=programming, isProcessing=false, buildStartDate=null, estimatedCompletionDate=null], participation=ParticipationDTO[id=465, testRun=false, type=programming, submissionCount=null, exercise=ParticipationExerciseDTO[id=299, exerciseType=PROGRAMMING, type=programming, assessmentType=AUTOMATIC, dueDate=2025-02-16T23:42:49.163661Z, assessmentDueDate=null, maxPoints=42.0, course=CourseDTO[id=148, accuracyOfScores=1]]], feedbacks=[FeedbackDTO[id=80, text=null, detailText=The exercise expects a class with the name Context in the package testpackage. You did not implement the class in the exercise., hasLongFeedbackText=false, reference=null, credits=0.0, positive=false, type=AUTOMATIC, visibility=ALWAYS, testCase=TestCaseDTO[testName=null, id=26]], FeedbackDTO[id=81, text=null, detailText=The exercise expects a class with the name Policy in the package testpackage. You did not implement the class in the exercise., hasLongFeedbackText=false, reference=null, credits=0.0, positive=false, type=AUTOMATIC, visibility=ALWAYS, testCase=TestCaseDTO[testName=null, id=27]], FeedbackDTO[id=82, text=null, detailText=The exercise expects a class with the name SortStrategy in the package testpackage. You did not implement the class in the exercise., hasLongFeedbackText=false, reference=null, credits=0.0, positive=false, type=AUTOMATIC, visibility=ALWAYS, testCase=TestCaseDTO[testName=null, id=28]], FeedbackDTO[id=83, text=null, detailText=The class 'MergeSort' does not implement the interface 'SortStrategy' as expected. Implement the interface and its methods., hasLongFeedbackText=false, reference=null, credits=0.0, positive=false, type=AUTOMATIC, visibility=ALWAYS, testCase=TestCaseDTO[testName=null, id=23]], FeedbackDTO[id=84, text=null, detailText=The exercise expects a class with the name SortStrategy in the package testpackage. You did not implement the class in the exercise., hasLongFeedbackText=false, reference=null, credits=0.0, positive=false, type=AUTOMATIC, visibility=ALWAYS, testCase=TestCaseDTO[testName=null, id=20]], FeedbackDTO[id=85, text=null, detailText=The class 'BubbleSort' does not implement the interface 'SortStrategy' as expected. Implement the interface and its methods., hasLongFeedbackText=false, reference=null, credits=0.0, positive=false, type=AUTOMATIC, visibility=ALWAYS, testCase=TestCaseDTO[testName=null, id=24]], FeedbackDTO[id=86, text=null, detailText=MergeSort does not sort correctly, hasLongFeedbackText=false, reference=null, credits=0.0, positive=false, type=AUTOMATIC, visibility=ALWAYS, testCase=TestCaseDTO[testName=null, id=29]], FeedbackDTO[id=87, text=null, detailText=The class 'Context' was not found within the submission. Make sure to implement it properly., hasLongFeedbackText=false, reference=null, credits=0.0, positive=false, type=AUTOMATIC, visibility=ALWAYS, testCase=TestCaseDTO[testName=null, id=30]], FeedbackDTO[id=88, text=null, detailText=The class 'Context' was not found within the submission. Make sure to implement it properly., hasLongFeedbackText=false, reference=null, credits=0.0, positive=false, type=AUTOMATIC, visibility=ALWAYS, testCase=TestCaseDTO[testName=null, id=31]], FeedbackDTO[id=89, text=null, detailText=The exercise expects a class with the name Policy in the package testpackage. You did not implement the class in the exercise., hasLongFeedbackText=false, reference=null, credits=0.0, positive=false, type=AUTOMATIC, visibility=ALWAYS, testCase=TestCaseDTO[testName=null, id=25]], FeedbackDTO[id=90, text=null, detailText=The exercise expects a class with the name Context in the package testpackage. You did not implement the class in the exercise., hasLongFeedbackText=false, reference=null, credits=0.0, positive=false, type=AUTOMATIC, visibility=ALWAYS, testCase=TestCaseDTO[testName=null, id=21]], FeedbackDTO[id=91, text=null, detailText=The exercise expects a class with the name Policy in the package testpackage. You did not implement the class in the exercise., hasLongFeedbackText=false, reference=null, credits=0.0, positive=false, type=AUTOMATIC, visibility=ALWAYS, testCase=TestCaseDTO[testName=null, id=22]], FeedbackDTO[id=92, text=null, detailText=null, hasLongFeedbackText=false, reference=null, credits=3.230769230769231, positive=true, type=AUTOMATIC, visibility=ALWAYS, testCase=TestCaseDTO[testName=null, id=32]]], assessmentType=AUTOMATIC, hasComplaint=null, exampleResult=null, testCaseCount=13, passedTestCaseCount=1, codeIssueCount=0]]], publicSshKey=ssh-rsa AAAAB3NzaC1yc2EAAAADAQABAAACAQCOPdMsxRE2jFJ/UEa5/LsBxtwzJcrh3/rYBCQvcMeVpiRfhzQPWu7mrt/G2Ew+i+vRloGH9aqKg6dd1liRncao53Zmd/ePxoatXePNhmzTfkCkcSkTUz7B+QMjkoDDV5jwuFPD6mF3JkhuzSi64n9Zy905t4w2IhVcjM2mL3eYNjiCXt6Qpq3Pkt7dM/Ksw1nxnvuiIALuJLB3FTkXkHqq3PJav+9HSq2r6ZaWgekneaGxlQlb+U+Vy3XOuArKAzK8c8i+0bR+AHiTG6ncYXt7ax3U+TdlDTF7OLP3umwaYjs1NBXOHwG42pevvpKn2fqavZZozk+M05jXLx3bq0O7itxfErWc7etky8qYPyyIMF/txQIVLd78+Ze4d7Y60t5MGbXM5cGE6fFif5fEJwgswXD+BrG0cafz1CTatjSKFdvp8Vp4VszXhHDan1PrP6JEFJ5Cc5GDmLRZPCFa3vL9f5qXgf4bkqKN8MYeEujwJE5nMRWoiJVNakix2bcrrneQMBlnYeYZVWXXXUusAQBzl4NgddC1umZpihZkL1b1MffZAUW3EGEXi7KHnllQhkTLLsQ8ntMgbylqaJKStqaXlLvdeRJcEnUuiFCrHEVVbXRFZR7XVDZ02CE5o3MuaRPty8Kh+jRTF3COlAckHwYEJCNNJvXFgb2CNXL4mjzYDw== test@localhost]
    23:42:53.044 | 564 localvc.event-11 | INFO  | a.a.b.s.SharedQueueProcessingService : Gracefully cancelling running build jobs
    23:42:53.044 | 564 localvc.event-11 | INFO  | a.a.b.s.SharedQueueProcessingService : No running build jobs to cancel
    23:42:53.052 | 566 localvc.event-13 | DEBUG | s.l.LocalCIWebsocketMessagingService : Sending message on topic /topic/admin/build-agents: [BuildAgentInformation[buildAgent=BuildAgentDTO[name=artemis-build-agent-test, memberAddress=[127.0.0.1]:5703, displayName=artemis-build-agent-test], maxNumberOfConcurrentBuildJobs=1, numberOfCurrentBuildJobs=0, runningBuildJobs=[], status=PAUSED, recentBuildJobs=null, publicSshKey=null]]
    23:42:53.056 | 566 localvc.event-13 | DEBUG | s.l.LocalCIWebsocketMessagingService : Sending message on topic /topic/admin/build-agent/artemis-build-agent-test: BuildAgentInformation[buildAgent=BuildAgentDTO[name=artemis-build-agent-test, memberAddress=[127.0.0.1]:5703, displayName=artemis-build-agent-test], maxNumberOfConcurrentBuildJobs=1, numberOfCurrentBuildJobs=0, runningBuildJobs=[], status=PAUSED, recentBuildJobs=[BuildJobQueueItem[id=4621739576562326, name=SHORT43ACF76B02BC1044B80938509D14043FABDETSTEXC-LOCALCIINTSTUDENT1, buildAgent=BuildAgentDTO[name=artemis-build-agent-test, memberAddress=[127.0.0.1]:5703, displayName=artemis-build-agent-test], participationId=462, courseId=147, exerciseId=298, retryCount=0, priority=2, status=SUCCESSFUL, repositoryInfo=RepositoryInfo[repositoryName=short43acf76b02bc1044b80938509d14043fabdetstexc-localciintstudent1, repositoryType=user, triggeredByPushTo=user, assignmentRepositoryUri=http://localhost:49152/git/SHORT43ACF76B02BC1044B80938509D14043FABDETSTEXC/short43acf76b02bc1044b80938509d14043fabdetstexc-localciintstudent1.git, testRepositoryUri=http://localhost:49152/git/SHORT43ACF76B02BC1044B80938509D14043FABDETSTEXC/short43acf76b02bc1044b80938509d14043fabdetstexc-tests.git, solutionRepositoryUri=null, auxiliaryRepositoryUris=[Ljava.lang.String;@65d2cd91, auxiliaryRepositoryCheckoutDirectories=[Ljava.lang.String;@31cb0581], jobTimingInfo=JobTimingInfo[submissionDate=2025-02-14T23:42:42.326978596Z[Etc/UTC], buildStartDate=2025-02-14T23:42:42.420147010Z[Etc/UTC], buildCompletionDate=2025-02-14T23:42:45.573855829Z[Etc/UTC], estimatedCompletionDate=2025-02-14T23:43:01.420129377Z[Etc/UTC], estimatedDuration=19], buildConfig=BuildConfig[buildScript=#!/bin/bash
cd /var/tmp/testing-dir
chmod +x ./gradlew
./gradlew clean test
, dockerImage=dummy-docker-image:latest, commitHashToBuild=a9c717ccf7bcbe9531d3eee21dbaeb5aab2ff971, assignmentCommitHash=a9c717ccf7bcbe9531d3eee21dbaeb5aab2ff971, testCommitHash=a9c717ccf7bcbe9531d3eee21dbaeb5aab2ff971, branch=main, programmingLanguage=JAVA, projectType=PLAIN_GRADLE, scaEnabled=false, sequentialTestRunsEnabled=false, resultPaths=[/var/tmp/testing-dir/**/test-results/test/*.xml], timeoutSeconds=0, assignmentCheckoutPath=null, testCheckoutPath=null, solutionCheckoutPath=null, dockerRunConfig=DockerRunConfig[isNetworkDisabled=true, env=[key=value]]], submissionResult=ResultDTO[id=132, completionDate=2025-02-14T23:42:45.519869118Z[Etc/UTC], successful=false, score=7.7, rated=true, submission=SubmissionDTO[id=119, submitted=true, type=MANUAL, exampleSubmission=null, submissionDate=2025-02-14T23:42:42.302762Z, commitHash=a9c717ccf7bcbe9531d3eee21dbaeb5aab2ff971, buildFailed=false, buildArtifact=false, participation=ParticipationDTO[id=462, testRun=false, type=programming, submissionCount=null, exercise=ParticipationExerciseDTO[id=298, exerciseType=PROGRAMMING, type=programming, assessmentType=AUTOMATIC, dueDate=2025-02-16T23:42:41.553955Z, assessmentDueDate=null, maxPoints=42.0, course=CourseDTO[id=147, accuracyOfScores=1]]], submissionExerciseType=programming, isProcessing=false, buildStartDate=null, estimatedCompletionDate=null], participation=ParticipationDTO[id=462, testRun=false, type=programming, submissionCount=null, exercise=ParticipationExerciseDTO[id=298, exerciseType=PROGRAMMING, type=programming, assessmentType=AUTOMATIC, dueDate=2025-02-16T23:42:41.553955Z, assessmentDueDate=null, maxPoints=42.0, course=CourseDTO[id=147, accuracyOfScores=1]]], feedbacks=[FeedbackDTO[id=67, text=null, detailText=The exercise expects a class with the name Context in the package testpackage. You did not implement the class in the exercise., hasLongFeedbackText=false, reference=null, credits=0.0, positive=false, type=AUTOMATIC, visibility=ALWAYS, testCase=TestCaseDTO[testName=null, id=13]], FeedbackDTO[id=68, text=null, detailText=The exercise expects a class with the name Policy in the package testpackage. You did not implement the class in the exercise., hasLongFeedbackText=false, reference=null, credits=0.0, positive=false, type=AUTOMATIC, visibility=ALWAYS, testCase=TestCaseDTO[testName=null, id=14]], FeedbackDTO[id=69, text=null, detailText=The exercise expects a class with the name SortStrategy in the package testpackage. You did not implement the class in the exercise., hasLongFeedbackText=false, reference=null, credits=0.0, positive=false, type=AUTOMATIC, visibility=ALWAYS, testCase=TestCaseDTO[testName=null, id=15]], FeedbackDTO[id=70, text=null, detailText=The class 'MergeSort' does not implement the interface 'SortStrategy' as expected. Implement the interface and its methods., hasLongFeedbackText=false, reference=null, credits=0.0, positive=false, type=AUTOMATIC, visibility=ALWAYS, testCase=TestCaseDTO[testName=null, id=10]], FeedbackDTO[id=71, text=null, detailText=The exercise expects a class with the name SortStrategy in the package testpackage. You did not implement the class in the exercise., hasLongFeedbackText=false, reference=null, credits=0.0, positive=false, type=AUTOMATIC, visibility=ALWAYS, testCase=TestCaseDTO[testName=null, id=7]], FeedbackDTO[id=72, text=null, detailText=The class 'BubbleSort' does not implement the interface 'SortStrategy' as expected. Implement the interface and its methods., hasLongFeedbackText=false, reference=null, credits=0.0, positive=false, type=AUTOMATIC, visibility=ALWAYS, testCase=TestCaseDTO[testName=null, id=11]], FeedbackDTO[id=73, text=null, detailText=MergeSort does not sort correctly, hasLongFeedbackText=false, reference=null, credits=0.0, positive=false, type=AUTOMATIC, visibility=ALWAYS, testCase=TestCaseDTO[testName=null, id=16]], FeedbackDTO[id=74, text=null, detailText=The class 'Context' was not found within the submission. Make sure to implement it properly., hasLongFeedbackText=false, reference=null, credits=0.0, positive=false, type=AUTOMATIC, visibility=ALWAYS, testCase=TestCaseDTO[testName=null, id=17]], FeedbackDTO[id=75, text=null, detailText=The class 'Context' was not found within the submission. Make sure to implement it properly., hasLongFeedbackText=false, reference=null, credits=0.0, positive=false, type=AUTOMATIC, visibility=ALWAYS, testCase=TestCaseDTO[testName=null, id=18]], FeedbackDTO[id=76, text=null, detailText=The exercise expects a class with the name Policy in the package testpackage. You did not implement the class in the exercise., hasLongFeedbackText=false, reference=null, credits=0.0, positive=false, type=AUTOMATIC, visibility=ALWAYS, testCase=TestCaseDTO[testName=null, id=12]], FeedbackDTO[id=77, text=null, detailText=The exercise expects a class with the name Context in the package testpackage. You did not implement the class in the exercise., hasLongFeedbackText=false, reference=null, credits=0.0, positive=false, type=AUTOMATIC, visibility=ALWAYS, testCase=TestCaseDTO[testName=null, id=8]], FeedbackDTO[id=78, text=null, detailText=The exercise expects a class with the name Policy in the package testpackage. You did not implement the class in the exercise., hasLongFeedbackText=false, reference=null, credits=0.0, positive=false, type=AUTOMATIC, visibility=ALWAYS, testCase=TestCaseDTO[testName=null, id=9]], FeedbackDTO[id=79, text=null, detailText=null, hasLongFeedbackText=false, reference=null, credits=3.230769230769231, positive=true, type=AUTOMATIC, visibility=ALWAYS, testCase=TestCaseDTO[testName=null, id=19]]], assessmentType=AUTOMATIC, hasComplaint=null, exampleResult=null, testCaseCount=13, passedTestCaseCount=1, codeIssueCount=0]], BuildJobQueueItem[id=4651739576569330, name=SHORTB06DD3F905F4604F6E085260D83ED657A6DFTSTEXC-LOCALCIINTSTUDENT1, buildAgent=BuildAgentDTO[name=artemis-build-agent-test, memberAddress=[127.0.0.1]:5703, displayName=artemis-build-agent-test], participationId=465, courseId=148, exerciseId=299, retryCount=0, priority=2, status=SUCCESSFUL, repositoryInfo=RepositoryInfo[repositoryName=shortb06dd3f905f4604f6e085260d83ed657a6dftstexc-localciintstudent1, repositoryType=user, triggeredByPushTo=user, assignmentRepositoryUri=http://localhost:49152/git/SHORTB06DD3F905F4604F6E085260D83ED657A6DFTSTEXC/shortb06dd3f905f4604f6e085260d83ed657a6dftstexc-localciintstudent1.git, testRepositoryUri=http://localhost:49152/git/SHORTB06DD3F905F4604F6E085260D83ED657A6DFTSTEXC/shortb06dd3f905f4604f6e085260d83ed657a6dftstexc-tests.git, solutionRepositoryUri=null, auxiliaryRepositoryUris=[Ljava.lang.String;@5270d97f, auxiliaryRepositoryCheckoutDirectories=[Ljava.lang.String;@3f9fef49], jobTimingInfo=JobTimingInfo[submissionDate=2025-02-14T23:42:49.330093960Z[Etc/UTC], buildStartDate=2025-02-14T23:42:49.347797345Z[Etc/UTC], buildCompletionDate=2025-02-14T23:42:51.204319751Z[Etc/UTC], estimatedCompletionDate=2025-02-14T23:43:08.347788449Z[Etc/UTC], estimatedDuration=19], buildConfig=BuildConfig[buildScript=#!/bin/bash
cd /var/tmp/testing-dir
chmod +x ./gradlew
./gradlew clean test
, dockerImage=dummy-docker-image:latest, commitHashToBuild=41581fff25954d36cf07586926ee0c77d1003131, assignmentCommitHash=41581fff25954d36cf07586926ee0c77d1003131, testCommitHash=41581fff25954d36cf07586926ee0c77d1003131, branch=main, programmingLanguage=JAVA, projectType=PLAIN_GRADLE, scaEnabled=false, sequentialTestRunsEnabled=false, resultPaths=[/var/tmp/testing-dir/**/test-results/test/*.xml], timeoutSeconds=0, assignmentCheckoutPath=null, testCheckoutPath=null, solutionCheckoutPath=null, dockerRunConfig=null], submissionResult=ResultDTO[id=133, completionDate=2025-02-14T23:42:51.155372920Z[Etc/UTC], successful=false, score=7.7, rated=true, submission=SubmissionDTO[id=120, submitted=true, type=MANUAL, exampleSubmission=null, submissionDate=2025-02-14T23:42:49.321855Z, commitHash=41581fff25954d36cf07586926ee0c77d1003131, buildFailed=false, buildArtifact=false, participation=ParticipationDTO[id=465, testRun=false, type=programming, submissionCount=null, exercise=ParticipationExerciseDTO[id=299, exerciseType=PROGRAMMING, type=programming, assessmentType=AUTOMATIC, dueDate=2025-02-16T23:42:49.163661Z, assessmentDueDate=null, maxPoints=42.0, course=CourseDTO[id=148, accuracyOfScores=1]]], submissionExerciseType=programming, isProcessing=false, buildStartDate=null, estimatedCompletionDate=null], participation=ParticipationDTO[id=465, testRun=false, type=programming, submissionCount=null, exercise=ParticipationExerciseDTO[id=299, exerciseType=PROGRAMMING, type=programming, assessmentType=AUTOMATIC, dueDate=2025-02-16T23:42:49.163661Z, assessmentDueDate=null, maxPoints=42.0, course=CourseDTO[id=148, accuracyOfScores=1]]], feedbacks=[FeedbackDTO[id=80, text=null, detailText=The exercise expects a class with the name Context in the package testpackage. You did not implement the class in the exercise., hasLongFeedbackText=false, reference=null, credits=0.0, positive=false, type=AUTOMATIC, visibility=ALWAYS, testCase=TestCaseDTO[testName=null, id=26]], FeedbackDTO[id=81, text=null, detailText=The exercise expects a class with the name Policy in the package testpackage. You did not implement the class in the exercise., hasLongFeedbackText=false, reference=null, credits=0.0, positive=false, type=AUTOMATIC, visibility=ALWAYS, testCase=TestCaseDTO[testName=null, id=27]], FeedbackDTO[id=82, text=null, detailText=The exercise expects a class with the name SortStrategy in the package testpackage. You did not implement the class in the exercise., hasLongFeedbackText=false, reference=null, credits=0.0, positive=false, type=AUTOMATIC, visibility=ALWAYS, testCase=TestCaseDTO[testName=null, id=28]], FeedbackDTO[id=83, text=null, detailText=The class 'MergeSort' does not implement the interface 'SortStrategy' as expected. Implement the interface and its methods., hasLongFeedbackText=false, reference=null, credits=0.0, positive=false, type=AUTOMATIC, visibility=ALWAYS, testCase=TestCaseDTO[testName=null, id=23]], FeedbackDTO[id=84, text=null, detailText=The exercise expects a class with the name SortStrategy in the package testpackage. You did not implement the class in the exercise., hasLongFeedbackText=false, reference=null, credits=0.0, positive=false, type=AUTOMATIC, visibility=ALWAYS, testCase=TestCaseDTO[testName=null, id=20]], FeedbackDTO[id=85, text=null, detailText=The class 'BubbleSort' does not implement the interface 'SortStrategy' as expected. Implement the interface and its methods., hasLongFeedbackText=false, reference=null, credits=0.0, positive=false, type=AUTOMATIC, visibility=ALWAYS, testCase=TestCaseDTO[testName=null, id=24]], FeedbackDTO[id=86, text=null, detailText=MergeSort does not sort correctly, hasLongFeedbackText=false, reference=null, credits=0.0, positive=false, type=AUTOMATIC, visibility=ALWAYS, testCase=TestCaseDTO[testName=null, id=29]], FeedbackDTO[id=87, text=null, detailText=The class 'Context' was not found within the submission. Make sure to implement it properly., hasLongFeedbackText=false, reference=null, credits=0.0, positive=false, type=AUTOMATIC, visibility=ALWAYS, testCase=TestCaseDTO[testName=null, id=30]], FeedbackDTO[id=88, text=null, detailText=The class 'Context' was not found within the submission. Make sure to implement it properly., hasLongFeedbackText=false, reference=null, credits=0.0, positive=false, type=AUTOMATIC, visibility=ALWAYS, testCase=TestCaseDTO[testName=null, id=31]], FeedbackDTO[id=89, text=null, detailText=The exercise expects a class with the name Policy in the package testpackage. You did not implement the class in the exercise., hasLongFeedbackText=false, reference=null, credits=0.0, positive=false, type=AUTOMATIC, visibility=ALWAYS, testCase=TestCaseDTO[testName=null, id=25]], FeedbackDTO[id=90, text=null, detailText=The exercise expects a class with the name Context in the package testpackage. You did not implement the class in the exercise., hasLongFeedbackText=false, reference=null, credits=0.0, positive=false, type=AUTOMATIC, visibility=ALWAYS, testCase=TestCaseDTO[testName=null, id=21]], FeedbackDTO[id=91, text=null, detailText=The exercise expects a class with the name Policy in the package testpackage. You did not implement the class in the exercise., hasLongFeedbackText=false, reference=null, credits=0.0, positive=false, type=AUTOMATIC, visibility=ALWAYS, testCase=TestCaseDTO[testName=null, id=22]], FeedbackDTO[id=92, text=null, detailText=null, hasLongFeedbackText=false, reference=null, credits=3.230769230769231, positive=true, type=AUTOMATIC, visibility=ALWAYS, testCase=TestCaseDTO[testName=null, id=32]]], assessmentType=AUTOMATIC, hasComplaint=null, exampleResult=null, testCaseCount=13, passedTestCaseCount=1, codeIssueCount=0]]], publicSshKey=ssh-rsa AAAAB3NzaC1yc2EAAAADAQABAAACAQCOPdMsxRE2jFJ/UEa5/LsBxtwzJcrh3/rYBCQvcMeVpiRfhzQPWu7mrt/G2Ew+i+vRloGH9aqKg6dd1liRncao53Zmd/ePxoatXePNhmzTfkCkcSkTUz7B+QMjkoDDV5jwuFPD6mF3JkhuzSi64n9Zy905t4w2IhVcjM2mL3eYNjiCXt6Qpq3Pkt7dM/Ksw1nxnvuiIALuJLB3FTkXkHqq3PJav+9HSq2r6ZaWgekneaGxlQlb+U+Vy3XOuArKAzK8c8i+0bR+AHiTG6ncYXt7ax3U+TdlDTF7OLP3umwaYjs1NBXOHwG42pevvpKn2fqavZZozk+M05jXLx3bq0O7itxfErWc7etky8qYPyyIMF/txQIVLd78+Ze4d7Y60t5MGbXM5cGE6fFif5fEJwgswXD+BrG0cafz1CTatjSKFdvp8Vp4VszXhHDan1PrP6JEFJ5Cc5GDmLRZPCFa3vL9f5qXgf4bkqKN8MYeEujwJE5nMRWoiJVNakix2bcrrneQMBlnYeYZVWXXXUusAQBzl4NgddC1umZpihZkL1b1MffZAUW3EGEXi7KHnllQhkTLLsQ8ntMgbylqaJKStqaXlLvdeRJcEnUuiFCrHEVVbXRFZR7XVDZ02CE5o3MuaRPty8Kh+jRTF3COlAckHwYEJCNNJvXFgb2CNXL4mjzYDw== test@localhost]
    23:42:53.057 | 362 ool-1-worker-126 | INFO  | .c.a.a.c.s.TitleCacheEvictionService : Evicted entry '592' from title cache 'exerciseTitle'
    23:42:53.057 | 566 localvc.event-13 | DEBUG | a.p.s.l.SharedQueueManagementService : Build agent updated: null
    23:42:53.060 | 362 ool-1-worker-126 | INFO  | .t.c.a.a.e.s.ExerciseDeletionService : Request to delete ProgrammingExercise with id 593
    23:42:53.063 | 362 ool-1-worker-126 | INFO  | .t.c.a.a.e.s.ExerciseDeletionService : Deleting the channel took 3.01ms
    23:42:53.065 | 362 ool-1-worker-126 | INFO  | d.t.c.a.a.e.s.ParticipationService   : Request to delete all 5 participations of exercise with id : 593
    23:42:53.069 | 362 ool-1-worker-126 | INFO  | d.t.c.a.a.e.s.ParticipationService   : Request to delete Participation : ProgrammingExerciseStudentParticipation{id=607, repositoryUri='file:/tmp/studentOriginRepo15561459737206249184/', buildPlanId='SHORT75F7CAEB04EF504E89086080C171ABC836F7T7F0-EXAMPARTICIPATIONTESTTUTOR1', initializationState='INITIALIZED', initializationDate='2025-02-14T23:42:51.197121Z', individualDueDate=null', presentationScore=null}
    23:42:53.071 | 566 localvc.event-13 | DEBUG | s.l.LocalCIWebsocketMessagingService : Sending message on topic /topic/admin/queued-jobs: [BuildJobQueueItem[id=4681739576573068, name=SHORTBCF65534040390488B0A46605F5F3776B89ATSTEXC-LOCALCIINTSTUDENT1, buildAgent=BuildAgentDTO[name=null, memberAddress=null, displayName=null], participationId=468, courseId=149, exerciseId=300, retryCount=0, priority=2, status=null, repositoryInfo=RepositoryInfo[repositoryName=shortbcf65534040390488b0a46605f5f3776b89atstexc-localciintstudent1, repositoryType=user, triggeredByPushTo=user, assignmentRepositoryUri=, testRepositoryUri=, solutionRepositoryUri=, auxiliaryRepositoryUris=null, auxiliaryRepositoryCheckoutDirectories=null], jobTimingInfo=JobTimingInfo[submissionDate=2025-02-14T23:42:53.068019209Z[Etc/UTC], buildStartDate=null, buildCompletionDate=null, estimatedCompletionDate=null, estimatedDuration=19], buildConfig=BuildConfig[buildScript=, dockerImage=, commitHashToBuild=2d5c0482fc77d3f5ec0841962528a43054e83170, assignmentCommitHash=, testCommitHash=, branch=, programmingLanguage=null, projectType=null, scaEnabled=false, sequentialTestRunsEnabled=false, resultPaths=null, timeoutSeconds=0, assignmentCheckoutPath=, testCheckoutPath=, solutionCheckoutPath=, dockerRunConfig=null], submissionResult=null]]
    23:42:53.071 | 566 localvc.event-13 | DEBUG | s.l.LocalCIWebsocketMessagingService : Sending message on topic /topic/courses/149/queued-jobs: [BuildJobQueueItem[id=4681739576573068, name=SHORTBCF65534040390488B0A46605F5F3776B89ATSTEXC-LOCALCIINTSTUDENT1, buildAgent=BuildAgentDTO[name=null, memberAddress=null, displayName=null], participationId=468, courseId=149, exerciseId=300, retryCount=0, priority=2, status=null, repositoryInfo=RepositoryInfo[repositoryName=shortbcf65534040390488b0a46605f5f3776b89atstexc-localciintstudent1, repositoryType=user, triggeredByPushTo=user, assignmentRepositoryUri=, testRepositoryUri=, solutionRepositoryUri=, auxiliaryRepositoryUris=null, auxiliaryRepositoryCheckoutDirectories=null], jobTimingInfo=JobTimingInfo[submissionDate=2025-02-14T23:42:53.068019209Z[Etc/UTC], buildStartDate=null, buildCompletionDate=null, estimatedCompletionDate=null, estimatedDuration=19], buildConfig=BuildConfig[buildScript=, dockerImage=, commitHashToBuild=2d5c0482fc77d3f5ec0841962528a43054e83170, assignmentCommitHash=, testCommitHash=, branch=, programmingLanguage=null, projectType=null, scaEnabled=false, sequentialTestRunsEnabled=false, resultPaths=null, timeoutSeconds=0, assignmentCheckoutPath=, testCheckoutPath=, solutionCheckoutPath=, dockerRunConfig=null], submissionResult=null]]
    23:42:53.071 | 362 ool-1-worker-126 | WARN  | org.eclipse.jgit.lib.Repository      : close() called when useCnt is already zero for Repository[repos/server-integration-test/studentOriginRepo15561459737206249184/.git]
    23:42:53.076 | 362 ool-1-worker-126 | DEBUG | d.t.c.a.a.p.s.AbstractGitService     : Deleted Repository at repos/server-integration-test/studentOriginRepo15561459737206249184
    23:42:53.076 | 362 ool-1-worker-126 | DEBUG | d.t.c.a.a.e.s.ParticipationService   : Request to delete all results and submissions of participation with id : 607
    23:42:53.078 | 565 localvc.event-12 | INFO  | a.a.b.s.SharedQueueProcessingService : Resuming build agent with address [127.0.0.1]:5703
    23:42:53.078 | 565 localvc.event-12 | DEBUG | d.t.c.a.a.b.BuildAgentConfiguration  : Using ExecutorService with thread pool size 1.
    23:42:53.078 | 565 localvc.event-12 | DEBUG | d.t.c.a.a.b.BuildAgentConfiguration  : Create bean dockerClient
    23:42:53.078 | 362 ool-1-worker-126 | DEBUG | d.t.c.a.a.a.service.ResultService    : Delete result 89
    23:42:53.078 | 362 ool-1-worker-126 | DEBUG | d.t.c.a.a.a.service.ResultService    : Delete result references 89
    23:42:53.085 | 565 localvc.event-12 | DEBUG | d.t.c.a.a.b.BuildAgentConfiguration  : Docker client created with connection URI: unix:///var/run/docker.sock
    23:42:53.085 | 565 localvc.event-12 | INFO  | .t.c.a.a.b.s.BuildAgentDockerService : Start cleanup dangling build containers
    23:42:53.085 | 565 localvc.event-12 | INFO  | .t.c.a.a.b.s.BuildAgentDockerService : Cleanup dangling build containers done
    23:42:53.087 | 362 ool-1-worker-126 | INFO  | d.t.c.a.a.e.s.ParticipationService   : Request to delete Participation : ProgrammingExerciseStudentParticipation{id=613, repositoryUri='file:/tmp/studentOriginRepo3590408293472023728/', buildPlanId='SHORT75F7CAEB04EF504E89086080C171ABC836F7T7F0-EXAMPARTICIPATIONTESTSTUDENT2', initializationState='INITIALIZED', initializationDate='2025-02-14T23:42:51.197127Z', individualDueDate=null', presentationScore=null}
    23:42:53.088 | 362 ool-1-worker-126 | WARN  | org.eclipse.jgit.lib.Repository      : close() called when useCnt is already zero for Repository[repos/server-integration-test/studentOriginRepo3590408293472023728/.git]
    23:42:53.090 | 362 ool-1-worker-126 | DEBUG | d.t.c.a.a.p.s.AbstractGitService     : Deleted Repository at repos/server-integration-test/studentOriginRepo3590408293472023728
    23:42:53.091 | 362 ool-1-worker-126 | DEBUG | d.t.c.a.a.e.s.ParticipationService   : Request to delete all results and submissions of participation with id : 613
    23:42:53.093 | 566 localvc.event-13 | DEBUG | a.p.s.l.LocalCIQueueWebsocketService : Build agent updated: BuildAgentInformation[buildAgent=BuildAgentDTO[name=artemis-build-agent-test, memberAddress=[127.0.0.1]:5703, displayName=artemis-build-agent-test], maxNumberOfConcurrentBuildJobs=1, numberOfCurrentBuildJobs=0, runningBuildJobs=[], status=IDLE, recentBuildJobs=[BuildJobQueueItem[id=4621739576562326, name=SHORT43ACF76B02BC1044B80938509D14043FABDETSTEXC-LOCALCIINTSTUDENT1, buildAgent=BuildAgentDTO[name=artemis-build-agent-test, memberAddress=[127.0.0.1]:5703, displayName=artemis-build-agent-test], participationId=462, courseId=147, exerciseId=298, retryCount=0, priority=2, status=SUCCESSFUL, repositoryInfo=RepositoryInfo[repositoryName=short43acf76b02bc1044b80938509d14043fabdetstexc-localciintstudent1, repositoryType=user, triggeredByPushTo=user, assignmentRepositoryUri=http://localhost:49152/git/SHORT43ACF76B02BC1044B80938509D14043FABDETSTEXC/short43acf76b02bc1044b80938509d14043fabdetstexc-localciintstudent1.git, testRepositoryUri=http://localhost:49152/git/SHORT43ACF76B02BC1044B80938509D14043FABDETSTEXC/short43acf76b02bc1044b80938509d14043fabdetstexc-tests.git, solutionRepositoryUri=null, auxiliaryRepositoryUris=[Ljava.lang.String;@31962245, auxiliaryRepositoryCheckoutDirectories=[Ljava.lang.String;@6d838e6a], jobTimingInfo=JobTimingInfo[submissionDate=2025-02-14T23:42:42.326978596Z[Etc/UTC], buildStartDate=2025-02-14T23:42:42.420147010Z[Etc/UTC], buildCompletionDate=2025-02-14T23:42:45.573855829Z[Etc/UTC], estimatedCompletionDate=2025-02-14T23:43:01.420129377Z[Etc/UTC], estimatedDuration=19], buildConfig=BuildConfig[buildScript=#!/bin/bash
cd /var/tmp/testing-dir
chmod +x ./gradlew
./gradlew clean test
, dockerImage=dummy-docker-image:latest, commitHashToBuild=a9c717ccf7bcbe9531d3eee21dbaeb5aab2ff971, assignmentCommitHash=a9c717ccf7bcbe9531d3eee21dbaeb5aab2ff971, testCommitHash=a9c717ccf7bcbe9531d3eee21dbaeb5aab2ff971, branch=main, programmingLanguage=JAVA, projectType=PLAIN_GRADLE, scaEnabled=false, sequentialTestRunsEnabled=false, resultPaths=[/var/tmp/testing-dir/**/test-results/test/*.xml], timeoutSeconds=0, assignmentCheckoutPath=null, testCheckoutPath=null, solutionCheckoutPath=null, dockerRunConfig=DockerRunConfig[isNetworkDisabled=true, env=[key=value]]], submissionResult=ResultDTO[id=132, completionDate=2025-02-14T23:42:45.519869118Z[Etc/UTC], successful=false, score=7.7, rated=true, submission=SubmissionDTO[id=119, submitted=true, type=MANUAL, exampleSubmission=null, submissionDate=2025-02-14T23:42:42.302762Z, commitHash=a9c717ccf7bcbe9531d3eee21dbaeb5aab2ff971, buildFailed=false, buildArtifact=false, participation=ParticipationDTO[id=462, testRun=false, type=programming, submissionCount=null, exercise=ParticipationExerciseDTO[id=298, exerciseType=PROGRAMMING, type=programming, assessmentType=AUTOMATIC, dueDate=2025-02-16T23:42:41.553955Z, assessmentDueDate=null, maxPoints=42.0, course=CourseDTO[id=147, accuracyOfScores=1]]], submissionExerciseType=programming, isProcessing=false, buildStartDate=null, estimatedCompletionDate=null], participation=ParticipationDTO[id=462, testRun=false, type=programming, submissionCount=null, exercise=ParticipationExerciseDTO[id=298, exerciseType=PROGRAMMING, type=programming, assessmentType=AUTOMATIC, dueDate=2025-02-16T23:42:41.553955Z, assessmentDueDate=null, maxPoints=42.0, course=CourseDTO[id=147, accuracyOfScores=1]]], feedbacks=[FeedbackDTO[id=67, text=null, detailText=The exercise expects a class with the name Context in the package testpackage. You did not implement the class in the exercise., hasLongFeedbackText=false, reference=null, credits=0.0, positive=false, type=AUTOMATIC, visibility=ALWAYS, testCase=TestCaseDTO[testName=null, id=13]], FeedbackDTO[id=68, text=null, detailText=The exercise expects a class with the name Policy in the package testpackage. You did not implement the class in the exercise., hasLongFeedbackText=false, reference=null, credits=0.0, positive=false, type=AUTOMATIC, visibility=ALWAYS, testCase=TestCaseDTO[testName=null, id=14]], FeedbackDTO[id=69, text=null, detailText=The exercise expects a class with the name SortStrategy in the package testpackage. You did not implement the class in the exercise., hasLongFeedbackText=false, reference=null, credits=0.0, positive=false, type=AUTOMATIC, visibility=ALWAYS, testCase=TestCaseDTO[testName=null, id=15]], FeedbackDTO[id=70, text=null, detailText=The class 'MergeSort' does not implement the interface 'SortStrategy' as expected. Implement the interface and its methods., hasLongFeedbackText=false, reference=null, credits=0.0, positive=false, type=AUTOMATIC, visibility=ALWAYS, testCase=TestCaseDTO[testName=null, id=10]], FeedbackDTO[id=71, text=null, detailText=The exercise expects a class with the name SortStrategy in the package testpackage. You did not implement the class in the exercise., hasLongFeedbackText=false, reference=null, credits=0.0, positive=false, type=AUTOMATIC, visibility=ALWAYS, testCase=TestCaseDTO[testName=null, id=7]], FeedbackDTO[id=72, text=null, detailText=The class 'BubbleSort' does not implement the interface 'SortStrategy' as expected. Implement the interface and its methods., hasLongFeedbackText=false, reference=null, credits=0.0, positive=false, type=AUTOMATIC, visibility=ALWAYS, testCase=TestCaseDTO[testName=null, id=11]], FeedbackDTO[id=73, text=null, detailText=MergeSort does not sort correctly, hasLongFeedbackText=false, reference=null, credits=0.0, positive=false, type=AUTOMATIC, visibility=ALWAYS, testCase=TestCaseDTO[testName=null, id=16]], FeedbackDTO[id=74, text=null, detailText=The class 'Context' was not found within the submission. Make sure to implement it properly., hasLongFeedbackText=false, reference=null, credits=0.0, positive=false, type=AUTOMATIC, visibility=ALWAYS, testCase=TestCaseDTO[testName=null, id=17]], FeedbackDTO[id=75, text=null, detailText=The class 'Context' was not found within the submission. Make sure to implement it properly., hasLongFeedbackText=false, reference=null, credits=0.0, positive=false, type=AUTOMATIC, visibility=ALWAYS, testCase=TestCaseDTO[testName=null, id=18]], FeedbackDTO[id=76, text=null, detailText=The exercise expects a class with the name Policy in the package testpackage. You did not implement the class in the exercise., hasLongFeedbackText=false, reference=null, credits=0.0, positive=false, type=AUTOMATIC, visibility=ALWAYS, testCase=TestCaseDTO[testName=null, id=12]], FeedbackDTO[id=77, text=null, detailText=The exercise expects a class with the name Context in the package testpackage. You did not implement the class in the exercise., hasLongFeedbackText=false, reference=null, credits=0.0, positive=false, type=AUTOMATIC, visibility=ALWAYS, testCase=TestCaseDTO[testName=null, id=8]], FeedbackDTO[id=78, text=null, detailText=The exercise expects a class with the name Policy in the package testpackage. You did not implement the class in the exercise., hasLongFeedbackText=false, reference=null, credits=0.0, positive=false, type=AUTOMATIC, visibility=ALWAYS, testCase=TestCaseDTO[testName=null, id=9]], FeedbackDTO[id=79, text=null, detailText=null, hasLongFeedbackText=false, reference=null, credits=3.230769230769231, positive=true, type=AUTOMATIC, visibility=ALWAYS, testCase=TestCaseDTO[testName=null, id=19]]], assessmentType=AUTOMATIC, hasComplaint=null, exampleResult=null, testCaseCount=13, passedTestCaseCount=1, codeIssueCount=0]], BuildJobQueueItem[id=4651739576569330, name=SHORTB06DD3F905F4604F6E085260D83ED657A6DFTSTEXC-LOCALCIINTSTUDENT1, buildAgent=BuildAgentDTO[name=artemis-build-agent-test, memberAddress=[127.0.0.1]:5703, displayName=artemis-build-agent-test], participationId=465, courseId=148, exerciseId=299, retryCount=0, priority=2, status=SUCCESSFUL, repositoryInfo=RepositoryInfo[repositoryName=shortb06dd3f905f4604f6e085260d83ed657a6dftstexc-localciintstudent1, repositoryType=user, triggeredByPushTo=user, assignmentRepositoryUri=http://localhost:49152/git/SHORTB06DD3F905F4604F6E085260D83ED657A6DFTSTEXC/shortb06dd3f905f4604f6e085260d83ed657a6dftstexc-localciintstudent1.git, testRepositoryUri=http://localhost:49152/git/SHORTB06DD3F905F4604F6E085260D83ED657A6DFTSTEXC/shortb06dd3f905f4604f6e085260d83ed657a6dftstexc-tests.git, solutionRepositoryUri=null, auxiliaryRepositoryUris=[Ljava.lang.String;@2f1efc82, auxiliaryRepositoryCheckoutDirectories=[Ljava.lang.String;@45b338fa], jobTimingInfo=JobTimingInfo[submissionDate=2025-02-14T23:42:49.330093960Z[Etc/UTC], buildStartDate=2025-02-14T23:42:49.347797345Z[Etc/UTC], buildCompletionDate=2025-02-14T23:42:51.204319751Z[Etc/UTC], estimatedCompletionDate=2025-02-14T23:43:08.347788449Z[Etc/UTC], estimatedDuration=19], buildConfig=BuildConfig[buildScript=#!/bin/bash
cd /var/tmp/testing-dir
chmod +x ./gradlew
./gradlew clean test
, dockerImage=dummy-docker-image:latest, commitHashToBuild=41581fff25954d36cf07586926ee0c77d1003131, assignmentCommitHash=41581fff25954d36cf07586926ee0c77d1003131, testCommitHash=41581fff25954d36cf07586926ee0c77d1003131, branch=main, programmingLanguage=JAVA, projectType=PLAIN_GRADLE, scaEnabled=false, sequentialTestRunsEnabled=false, resultPaths=[/var/tmp/testing-dir/**/test-results/test/*.xml], timeoutSeconds=0, assignmentCheckoutPath=null, testCheckoutPath=null, solutionCheckoutPath=null, dockerRunConfig=null], submissionResult=ResultDTO[id=133, completionDate=2025-02-14T23:42:51.155372920Z[Etc/UTC], successful=false, score=7.7, rated=true, submission=SubmissionDTO[id=120, submitted=true, type=MANUAL, exampleSubmission=null, submissionDate=2025-02-14T23:42:49.321855Z, commitHash=41581fff25954d36cf07586926ee0c77d1003131, buildFailed=false, buildArtifact=false, participation=ParticipationDTO[id=465, testRun=false, type=programming, submissionCount=null, exercise=ParticipationExerciseDTO[id=299, exerciseType=PROGRAMMING, type=programming, assessmentType=AUTOMATIC, dueDate=2025-02-16T23:42:49.163661Z, assessmentDueDate=null, maxPoints=42.0, course=CourseDTO[id=148, accuracyOfScores=1]]], submissionExerciseType=programming, isProcessing=false, buildStartDate=null, estimatedCompletionDate=null], participation=ParticipationDTO[id=465, testRun=false, type=programming, submissionCount=null, exercise=ParticipationExerciseDTO[id=299, exerciseType=PROGRAMMING, type=programming, assessmentType=AUTOMATIC, dueDate=2025-02-16T23:42:49.163661Z, assessmentDueDate=null, maxPoints=42.0, course=CourseDTO[id=148, accuracyOfScores=1]]], feedbacks=[FeedbackDTO[id=80, text=null, detailText=The exercise expects a class with the name Context in the package testpackage. You did not implement the class in the exercise., hasLongFeedbackText=false, reference=null, credits=0.0, positive=false, type=AUTOMATIC, visibility=ALWAYS, testCase=TestCaseDTO[testName=null, id=26]], FeedbackDTO[id=81, text=null, detailText=The exercise expects a class with the name Policy in the package testpackage. You did not implement the class in the exercise., hasLongFeedbackText=false, reference=null, credits=0.0, positive=false, type=AUTOMATIC, visibility=ALWAYS, testCase=TestCaseDTO[testName=null, id=27]], FeedbackDTO[id=82, text=null, detailText=The exercise expects a class with the name SortStrategy in the package testpackage. You did not implement the class in the exercise., hasLongFeedbackText=false, reference=null, credits=0.0, positive=false, type=AUTOMATIC, visibility=ALWAYS, testCase=TestCaseDTO[testName=null, id=28]], FeedbackDTO[id=83, text=null, detailText=The class 'MergeSort' does not implement the interface 'SortStrategy' as expected. Implement the interface and its methods., hasLongFeedbackText=false, reference=null, credits=0.0, positive=false, type=AUTOMATIC, visibility=ALWAYS, testCase=TestCaseDTO[testName=null, id=23]], FeedbackDTO[id=84, text=null, detailText=The exercise expects a class with the name SortStrategy in the package testpackage. You did not implement the class in the exercise., hasLongFeedbackText=false, reference=null, credits=0.0, positive=false, type=AUTOMATIC, visibility=ALWAYS, testCase=TestCaseDTO[testName=null, id=20]], FeedbackDTO[id=85, text=null, detailText=The class 'BubbleSort' does not implement the interface 'SortStrategy' as expected. Implement the interface and its methods., hasLongFeedbackText=false, reference=null, credits=0.0, positive=false, type=AUTOMATIC, visibility=ALWAYS, testCase=TestCaseDTO[testName=null, id=24]], FeedbackDTO[id=86, text=null, detailText=MergeSort does not sort correctly, hasLongFeedbackText=false, reference=null, credits=0.0, positive=false, type=AUTOMATIC, visibility=ALWAYS, testCase=TestCaseDTO[testName=null, id=29]], FeedbackDTO[id=87, text=null, detailText=The class 'Context' was not found within the submission. Make sure to implement it properly., hasLongFeedbackText=false, reference=null, credits=0.0, positive=false, type=AUTOMATIC, visibility=ALWAYS, testCase=TestCaseDTO[testName=null, id=30]], FeedbackDTO[id=88, text=null, detailText=The class 'Context' was not found within the submission. Make sure to implement it properly., hasLongFeedbackText=false, reference=null, credits=0.0, positive=false, type=AUTOMATIC, visibility=ALWAYS, testCase=TestCaseDTO[testName=null, id=31]], FeedbackDTO[id=89, text=null, detailText=The exercise expects a class with the name Policy in the package testpackage. You did not implement the class in the exercise., hasLongFeedbackText=false, reference=null, credits=0.0, positive=false, type=AUTOMATIC, visibility=ALWAYS, testCase=TestCaseDTO[testName=null, id=25]], FeedbackDTO[id=90, text=null, detailText=The exercise expects a class with the name Context in the package testpackage. You did not implement the class in the exercise., hasLongFeedbackText=false, reference=null, credits=0.0, positive=false, type=AUTOMATIC, visibility=ALWAYS, testCase=TestCaseDTO[testName=null, id=21]], FeedbackDTO[id=91, text=null, detailText=The exercise expects a class with the name Policy in the package testpackage. You did not implement the class in the exercise., hasLongFeedbackText=false, reference=null, credits=0.0, positive=false, type=AUTOMATIC, visibility=ALWAYS, testCase=TestCaseDTO[testName=null, id=22]], FeedbackDTO[id=92, text=null, detailText=null, hasLongFeedbackText=false, reference=null, credits=3.230769230769231, positive=true, type=AUTOMATIC, visibility=ALWAYS, testCase=TestCaseDTO[testName=null, id=32]]], assessmentType=AUTOMATIC, hasComplaint=null, exampleResult=null, testCaseCount=13, passedTestCaseCount=1, codeIssueCount=0]]], publicSshKey=ssh-rsa AAAAB3NzaC1yc2EAAAADAQABAAACAQCOPdMsxRE2jFJ/UEa5/LsBxtwzJcrh3/rYBCQvcMeVpiRfhzQPWu7mrt/G2Ew+i+vRloGH9aqKg6dd1liRncao53Zmd/ePxoatXePNhmzTfkCkcSkTUz7B+QMjkoDDV5jwuFPD6mF3JkhuzSi64n9Zy905t4w2IhVcjM2mL3eYNjiCXt6Qpq3Pkt7dM/Ksw1nxnvuiIALuJLB3FTkXkHqq3PJav+9HSq2r6ZaWgekneaGxlQlb+U+Vy3XOuArKAzK8c8i+0bR+AHiTG6ncYXt7ax3U+TdlDTF7OLP3umwaYjs1NBXOHwG42pevvpKn2fqavZZozk+M05jXLx3bq0O7itxfErWc7etky8qYPyyIMF/txQIVLd78+Ze4d7Y60t5MGbXM5cGE6fFif5fEJwgswXD+BrG0cafz1CTatjSKFdvp8Vp4VszXhHDan1PrP6JEFJ5Cc5GDmLRZPCFa3vL9f5qXgf4bkqKN8MYeEujwJE5nMRWoiJVNakix2bcrrneQMBlnYeYZVWXXXUusAQBzl4NgddC1umZpihZkL1b1MffZAUW3EGEXi7KHnllQhkTLLsQ8ntMgbylqaJKStqaXlLvdeRJcEnUuiFCrHEVVbXRFZR7XVDZ02CE5o3MuaRPty8Kh+jRTF3COlAckHwYEJCNNJvXFgb2CNXL4mjzYDw== test@localhost]
    23:42:53.095 | 566 localvc.event-13 | DEBUG | s.l.LocalCIWebsocketMessagingService : Sending message on topic /topic/admin/build-agents: [BuildAgentInformation[buildAgent=BuildAgentDTO[name=artemis-build-agent-test, memberAddress=[127.0.0.1]:5703, displayName=artemis-build-agent-test], maxNumberOfConcurrentBuildJobs=1, numberOfCurrentBuildJobs=0, runningBuildJobs=[], status=IDLE, recentBuildJobs=null, publicSshKey=null]]
    23:42:53.096 | 362 ool-1-worker-126 | DEBUG | d.t.c.a.a.a.service.ResultService    : Delete result 85
    23:42:53.096 | 362 ool-1-worker-126 | DEBUG | d.t.c.a.a.a.service.ResultService    : Delete result references 85
    23:42:53.097 | 565 localvc.event-12 | DEBUG | a.a.b.s.SharedQueueProcessingService : Currently processing jobs on this node: 1, active threads in Pool: 0, maximum pool size of thread executor : 1
    23:42:53.097 | 565 localvc.event-12 | DEBUG | a.a.b.s.SharedQueueProcessingService : Node has no available threads currently
    23:42:53.097 | 565 localvc.event-12 | DEBUG | a.p.s.l.LocalCIQueueWebsocketService : CIBuildJobQueueItem added to processing jobs: BuildJobQueueItem[id=4681739576573068, name=SHORTBCF65534040390488B0A46605F5F3776B89ATSTEXC-LOCALCIINTSTUDENT1, buildAgent=BuildAgentDTO[name=artemis-build-agent-test, memberAddress=[127.0.0.1]:5703, displayName=artemis-build-agent-test], participationId=468, courseId=149, exerciseId=300, retryCount=0, priority=2, status=null, repositoryInfo=RepositoryInfo[repositoryName=shortbcf65534040390488b0a46605f5f3776b89atstexc-localciintstudent1, repositoryType=user, triggeredByPushTo=user, assignmentRepositoryUri=http://localhost:49152/git/SHORTBCF65534040390488B0A46605F5F3776B89ATSTEXC/shortbcf65534040390488b0a46605f5f3776b89atstexc-localciintstudent1.git, testRepositoryUri=http://localhost:49152/git/SHORTBCF65534040390488B0A46605F5F3776B89ATSTEXC/shortbcf65534040390488b0a46605f5f3776b89atstexc-tests.git, solutionRepositoryUri=null, auxiliaryRepositoryUris=[Ljava.lang.String;@7ab98086, auxiliaryRepositoryCheckoutDirectories=[Ljava.lang.String;@5f617139], jobTimingInfo=JobTimingInfo[submissionDate=2025-02-14T23:42:53.068019209Z[Etc/UTC], buildStartDate=2025-02-14T23:42:53.092867394Z[Etc/UTC], buildCompletionDate=null, estimatedCompletionDate=2025-02-14T23:43:12.092858828Z[Etc/UTC], estimatedDuration=19], buildConfig=BuildConfig[buildScript=#!/bin/bash
cd /var/tmp/testing-dir
chmod +x ./gradlew
./gradlew clean test
, dockerImage=dummy-docker-image:latest, commitHashToBuild=2d5c0482fc77d3f5ec0841962528a43054e83170, assignmentCommitHash=2d5c0482fc77d3f5ec0841962528a43054e83170, testCommitHash=7477e25d56ce5fee2c938542a7e7ed4ed085d373, branch=main, programmingLanguage=JAVA, projectType=PLAIN_GRADLE, scaEnabled=false, sequentialTestRunsEnabled=false, resultPaths=[/var/tmp/testing-dir/**/test-results/test/*.xml], timeoutSeconds=0, assignmentCheckoutPath=null, testCheckoutPath=null, solutionCheckoutPath=null, dockerRunConfig=null], submissionResult=null]
    23:42:53.098 | 565 localvc.event-12 | DEBUG | s.l.LocalCIWebsocketMessagingService : Sending message on topic /topic/admin/running-jobs: [BuildJobQueueItem[id=4681739576573068, name=SHORTBCF65534040390488B0A46605F5F3776B89ATSTEXC-LOCALCIINTSTUDENT1, buildAgent=BuildAgentDTO[name=artemis-build-agent-test, memberAddress=[127.0.0.1]:5703, displayName=artemis-build-agent-test], participationId=468, courseId=149, exerciseId=300, retryCount=0, priority=2, status=null, repositoryInfo=RepositoryInfo[repositoryName=shortbcf65534040390488b0a46605f5f3776b89atstexc-localciintstudent1, repositoryType=user, triggeredByPushTo=user, assignmentRepositoryUri=, testRepositoryUri=, solutionRepositoryUri=, auxiliaryRepositoryUris=null, auxiliaryRepositoryCheckoutDirectories=null], jobTimingInfo=JobTimingInfo[submissionDate=2025-02-14T23:42:53.068019209Z[Etc/UTC], buildStartDate=2025-02-14T23:42:53.092867394Z[Etc/UTC], buildCompletionDate=null, estimatedCompletionDate=2025-02-14T23:43:12.092858828Z[Etc/UTC], estimatedDuration=19], buildConfig=BuildConfig[buildScript=, dockerImage=, commitHashToBuild=2d5c0482fc77d3f5ec0841962528a43054e83170, assignmentCommitHash=, testCommitHash=, branch=, programmingLanguage=null, projectType=null, scaEnabled=false, sequentialTestRunsEnabled=false, resultPaths=null, timeoutSeconds=0, assignmentCheckoutPath=, testCheckoutPath=, solutionCheckoutPath=, dockerRunConfig=null], submissionResult=null]]
    23:42:53.099 | 565 localvc.event-12 | DEBUG | s.l.LocalCIWebsocketMessagingService : Sending message on topic /topic/courses/149/running-jobs: [BuildJobQueueItem[id=4681739576573068, name=SHORTBCF65534040390488B0A46605F5F3776B89ATSTEXC-LOCALCIINTSTUDENT1, buildAgent=BuildAgentDTO[name=artemis-build-agent-test, memberAddress=[127.0.0.1]:5703, displayName=artemis-build-agent-test], participationId=468, courseId=149, exerciseId=300, retryCount=0, priority=2, status=null, repositoryInfo=RepositoryInfo[repositoryName=shortbcf65534040390488b0a46605f5f3776b89atstexc-localciintstudent1, repositoryType=user, triggeredByPushTo=user, assignmentRepositoryUri=, testRepositoryUri=, solutionRepositoryUri=, auxiliaryRepositoryUris=null, auxiliaryRepositoryCheckoutDirectories=null], jobTimingInfo=JobTimingInfo[submissionDate=2025-02-14T23:42:53.068019209Z[Etc/UTC], buildStartDate=2025-02-14T23:42:53.092867394Z[Etc/UTC], buildCompletionDate=null, estimatedCompletionDate=2025-02-14T23:43:12.092858828Z[Etc/UTC], estimatedDuration=19], buildConfig=BuildConfig[buildScript=, dockerImage=, commitHashToBuild=2d5c0482fc77d3f5ec0841962528a43054e83170, assignmentCommitHash=, testCommitHash=, branch=, programmingLanguage=null, projectType=null, scaEnabled=false, sequentialTestRunsEnabled=false, resultPaths=null, timeoutSeconds=0, assignmentCheckoutPath=, testCheckoutPath=, solutionCheckoutPath=, dockerRunConfig=null], submissionResult=null]]
    23:42:53.102 | 566 localvc.event-13 | DEBUG | s.l.LocalCIWebsocketMessagingService : Sending message on topic /topic/admin/build-agent/artemis-build-agent-test: BuildAgentInformation[buildAgent=BuildAgentDTO[name=artemis-build-agent-test, memberAddress=[127.0.0.1]:5703, displayName=artemis-build-agent-test], maxNumberOfConcurrentBuildJobs=1, numberOfCurrentBuildJobs=0, runningBuildJobs=[], status=IDLE, recentBuildJobs=[BuildJobQueueItem[id=4621739576562326, name=SHORT43ACF76B02BC1044B80938509D14043FABDETSTEXC-LOCALCIINTSTUDENT1, buildAgent=BuildAgentDTO[name=artemis-build-agent-test, memberAddress=[127.0.0.1]:5703, displayName=artemis-build-agent-test], participationId=462, courseId=147, exerciseId=298, retryCount=0, priority=2, status=SUCCESSFUL, repositoryInfo=RepositoryInfo[repositoryName=short43acf76b02bc1044b80938509d14043fabdetstexc-localciintstudent1, repositoryType=user, triggeredByPushTo=user, assignmentRepositoryUri=http://localhost:49152/git/SHORT43ACF76B02BC1044B80938509D14043FABDETSTEXC/short43acf76b02bc1044b80938509d14043fabdetstexc-localciintstudent1.git, testRepositoryUri=http://localhost:49152/git/SHORT43ACF76B02BC1044B80938509D14043FABDETSTEXC/short43acf76b02bc1044b80938509d14043fabdetstexc-tests.git, solutionRepositoryUri=null, auxiliaryRepositoryUris=[Ljava.lang.String;@ee9bfd, auxiliaryRepositoryCheckoutDirectories=[Ljava.lang.String;@5049ad48], jobTimingInfo=JobTimingInfo[submissionDate=2025-02-14T23:42:42.326978596Z[Etc/UTC], buildStartDate=2025-02-14T23:42:42.420147010Z[Etc/UTC], buildCompletionDate=2025-02-14T23:42:45.573855829Z[Etc/UTC], estimatedCompletionDate=2025-02-14T23:43:01.420129377Z[Etc/UTC], estimatedDuration=19], buildConfig=BuildConfig[buildScript=#!/bin/bash
cd /var/tmp/testing-dir
chmod +x ./gradlew
./gradlew clean test
, dockerImage=dummy-docker-image:latest, commitHashToBuild=a9c717ccf7bcbe9531d3eee21dbaeb5aab2ff971, assignmentCommitHash=a9c717ccf7bcbe9531d3eee21dbaeb5aab2ff971, testCommitHash=a9c717ccf7bcbe9531d3eee21dbaeb5aab2ff971, branch=main, programmingLanguage=JAVA, projectType=PLAIN_GRADLE, scaEnabled=false, sequentialTestRunsEnabled=false, resultPaths=[/var/tmp/testing-dir/**/test-results/test/*.xml], timeoutSeconds=0, assignmentCheckoutPath=null, testCheckoutPath=null, solutionCheckoutPath=null, dockerRunConfig=DockerRunConfig[isNetworkDisabled=true, env=[key=value]]], submissionResult=ResultDTO[id=132, completionDate=2025-02-14T23:42:45.519869118Z[Etc/UTC], successful=false, score=7.7, rated=true, submission=SubmissionDTO[id=119, submitted=true, type=MANUAL, exampleSubmission=null, submissionDate=2025-02-14T23:42:42.302762Z, commitHash=a9c717ccf7bcbe9531d3eee21dbaeb5aab2ff971, buildFailed=false, buildArtifact=false, participation=ParticipationDTO[id=462, testRun=false, type=programming, submissionCount=null, exercise=ParticipationExerciseDTO[id=298, exerciseType=PROGRAMMING, type=programming, assessmentType=AUTOMATIC, dueDate=2025-02-16T23:42:41.553955Z, assessmentDueDate=null, maxPoints=42.0, course=CourseDTO[id=147, accuracyOfScores=1]]], submissionExerciseType=programming, isProcessing=false, buildStartDate=null, estimatedCompletionDate=null], participation=ParticipationDTO[id=462, testRun=false, type=programming, submissionCount=null, exercise=ParticipationExerciseDTO[id=298, exerciseType=PROGRAMMING, type=programming, assessmentType=AUTOMATIC, dueDate=2025-02-16T23:42:41.553955Z, assessmentDueDate=null, maxPoints=42.0, course=CourseDTO[id=147, accuracyOfScores=1]]], feedbacks=[FeedbackDTO[id=67, text=null, detailText=The exercise expects a class with the name Context in the package testpackage. You did not implement the class in the exercise., hasLongFeedbackText=false, reference=null, credits=0.0, positive=false, type=AUTOMATIC, visibility=ALWAYS, testCase=TestCaseDTO[testName=null, id=13]], FeedbackDTO[id=68, text=null, detailText=The exercise expects a class with the name Policy in the package testpackage. You did not implement the class in the exercise., hasLongFeedbackText=false, reference=null, credits=0.0, positive=false, type=AUTOMATIC, visibility=ALWAYS, testCase=TestCaseDTO[testName=null, id=14]], FeedbackDTO[id=69, text=null, detailText=The exercise expects a class with the name SortStrategy in the package testpackage. You did not implement the class in the exercise., hasLongFeedbackText=false, reference=null, credits=0.0, positive=false, type=AUTOMATIC, visibility=ALWAYS, testCase=TestCaseDTO[testName=null, id=15]], FeedbackDTO[id=70, text=null, detailText=The class 'MergeSort' does not implement the interface 'SortStrategy' as expected. Implement the interface and its methods., hasLongFeedbackText=false, reference=null, credits=0.0, positive=false, type=AUTOMATIC, visibility=ALWAYS, testCase=TestCaseDTO[testName=null, id=10]], FeedbackDTO[id=71, text=null, detailText=The exercise expects a class with the name SortStrategy in the package testpackage. You did not implement the class in the exercise., hasLongFeedbackText=false, reference=null, credits=0.0, positive=false, type=AUTOMATIC, visibility=ALWAYS, testCase=TestCaseDTO[testName=null, id=7]], FeedbackDTO[id=72, text=null, detailText=The class 'BubbleSort' does not implement the interface 'SortStrategy' as expected. Implement the interface and its methods., hasLongFeedbackText=false, reference=null, credits=0.0, positive=false, type=AUTOMATIC, visibility=ALWAYS, testCase=TestCaseDTO[testName=null, id=11]], FeedbackDTO[id=73, text=null, detailText=MergeSort does not sort correctly, hasLongFeedbackText=false, reference=null, credits=0.0, positive=false, type=AUTOMATIC, visibility=ALWAYS, testCase=TestCaseDTO[testName=null, id=16]], FeedbackDTO[id=74, text=null, detailText=The class 'Context' was not found within the submission. Make sure to implement it properly., hasLongFeedbackText=false, reference=null, credits=0.0, positive=false, type=AUTOMATIC, visibility=ALWAYS, testCase=TestCaseDTO[testName=null, id=17]], FeedbackDTO[id=75, text=null, detailText=The class 'Context' was not found within the submission. Make sure to implement it properly., hasLongFeedbackText=false, reference=null, credits=0.0, positive=false, type=AUTOMATIC, visibility=ALWAYS, testCase=TestCaseDTO[testName=null, id=18]], FeedbackDTO[id=76, text=null, detailText=The exercise expects a class with the name Policy in the package testpackage. You did not implement the class in the exercise., hasLongFeedbackText=false, reference=null, credits=0.0, positive=false, type=AUTOMATIC, visibility=ALWAYS, testCase=TestCaseDTO[testName=null, id=12]], FeedbackDTO[id=77, text=null, detailText=The exercise expects a class with the name Context in the package testpackage. You did not implement the class in the exercise., hasLongFeedbackText=false, reference=null, credits=0.0, positive=false, type=AUTOMATIC, visibility=ALWAYS, testCase=TestCaseDTO[testName=null, id=8]], FeedbackDTO[id=78, text=null, detailText=The exercise expects a class with the name Policy in the package testpackage. You did not implement the class in the exercise., hasLongFeedbackText=false, reference=null, credits=0.0, positive=false, type=AUTOMATIC, visibility=ALWAYS, testCase=TestCaseDTO[testName=null, id=9]], FeedbackDTO[id=79, text=null, detailText=null, hasLongFeedbackText=false, reference=null, credits=3.230769230769231, positive=true, type=AUTOMATIC, visibility=ALWAYS, testCase=TestCaseDTO[testName=null, id=19]]], assessmentType=AUTOMATIC, hasComplaint=null, exampleResult=null, testCaseCount=13, passedTestCaseCount=1, codeIssueCount=0]], BuildJobQueueItem[id=4651739576569330, name=SHORTB06DD3F905F4604F6E085260D83ED657A6DFTSTEXC-LOCALCIINTSTUDENT1, buildAgent=BuildAgentDTO[name=artemis-build-agent-test, memberAddress=[127.0.0.1]:5703, displayName=artemis-build-agent-test], participationId=465, courseId=148, exerciseId=299, retryCount=0, priority=2, status=SUCCESSFUL, repositoryInfo=RepositoryInfo[repositoryName=shortb06dd3f905f4604f6e085260d83ed657a6dftstexc-localciintstudent1, repositoryType=user, triggeredByPushTo=user, assignmentRepositoryUri=http://localhost:49152/git/SHORTB06DD3F905F4604F6E085260D83ED657A6DFTSTEXC/shortb06dd3f905f4604f6e085260d83ed657a6dftstexc-localciintstudent1.git, testRepositoryUri=http://localhost:49152/git/SHORTB06DD3F905F4604F6E085260D83ED657A6DFTSTEXC/shortb06dd3f905f4604f6e085260d83ed657a6dftstexc-tests.git, solutionRepositoryUri=null, auxiliaryRepositoryUris=[Ljava.lang.String;@76be42c, auxiliaryRepositoryCheckoutDirectories=[Ljava.lang.String;@63744eda], jobTimingInfo=JobTimingInfo[submissionDate=2025-02-14T23:42:49.330093960Z[Etc/UTC], buildStartDate=2025-02-14T23:42:49.347797345Z[Etc/UTC], buildCompletionDate=2025-02-14T23:42:51.204319751Z[Etc/UTC], estimatedCompletionDate=2025-02-14T23:43:08.347788449Z[Etc/UTC], estimatedDuration=19], buildConfig=BuildConfig[buildScript=#!/bin/bash
cd /var/tmp/testing-dir
chmod +x ./gradlew
./gradlew clean test
, dockerImage=dummy-docker-image:latest, commitHashToBuild=41581fff25954d36cf07586926ee0c77d1003131, assignmentCommitHash=41581fff25954d36cf07586926ee0c77d1003131, testCommitHash=41581fff25954d36cf07586926ee0c77d1003131, branch=main, programmingLanguage=JAVA, projectType=PLAIN_GRADLE, scaEnabled=false, sequentialTestRunsEnabled=false, resultPaths=[/var/tmp/testing-dir/**/test-results/test/*.xml], timeoutSeconds=0, assignmentCheckoutPath=null, testCheckoutPath=null, solutionCheckoutPath=null, dockerRunConfig=null], submissionResult=ResultDTO[id=133, completionDate=2025-02-14T23:42:51.155372920Z[Etc/UTC], successful=false, score=7.7, rated=true, submission=SubmissionDTO[id=120, submitted=true, type=MANUAL, exampleSubmission=null, submissionDate=2025-02-14T23:42:49.321855Z, commitHash=41581fff25954d36cf07586926ee0c77d1003131, buildFailed=false, buildArtifact=false, participation=ParticipationDTO[id=465, testRun=false, type=programming, submissionCount=null, exercise=ParticipationExerciseDTO[id=299, exerciseType=PROGRAMMING, type=programming, assessmentType=AUTOMATIC, dueDate=2025-02-16T23:42:49.163661Z, assessmentDueDate=null, maxPoints=42.0, course=CourseDTO[id=148, accuracyOfScores=1]]], submissionExerciseType=programming, isProcessing=false, buildStartDate=null, estimatedCompletionDate=null], participation=ParticipationDTO[id=465, testRun=false, type=programming, submissionCount=null, exercise=ParticipationExerciseDTO[id=299, exerciseType=PROGRAMMING, type=programming, assessmentType=AUTOMATIC, dueDate=2025-02-16T23:42:49.163661Z, assessmentDueDate=null, maxPoints=42.0, course=CourseDTO[id=148, accuracyOfScores=1]]], feedbacks=[FeedbackDTO[id=80, text=null, detailText=The exercise expects a class with the name Context in the package testpackage. You did not implement the class in the exercise., hasLongFeedbackText=false, reference=null, credits=0.0, positive=false, type=AUTOMATIC, visibility=ALWAYS, testCase=TestCaseDTO[testName=null, id=26]], FeedbackDTO[id=81, text=null, detailText=The exercise expects a class with the name Policy in the package testpackage. You did not implement the class in the exercise., hasLongFeedbackText=false, reference=null, credits=0.0, positive=false, type=AUTOMATIC, visibility=ALWAYS, testCase=TestCaseDTO[testName=null, id=27]], FeedbackDTO[id=82, text=null, detailText=The exercise expects a class with the name SortStrategy in the package testpackage. You did not implement the class in the exercise., hasLongFeedbackText=false, reference=null, credits=0.0, positive=false, type=AUTOMATIC, visibility=ALWAYS, testCase=TestCaseDTO[testName=null, id=28]], FeedbackDTO[id=83, text=null, detailText=The class 'MergeSort' does not implement the interface 'SortStrategy' as expected. Implement the interface and its methods., hasLongFeedbackText=false, reference=null, credits=0.0, positive=false, type=AUTOMATIC, visibility=ALWAYS, testCase=TestCaseDTO[testName=null, id=23]], FeedbackDTO[id=84, text=null, detailText=The exercise expects a class with the name SortStrategy in the package testpackage. You did not implement the class in the exercise., hasLongFeedbackText=false, reference=null, credits=0.0, positive=false, type=AUTOMATIC, visibility=ALWAYS, testCase=TestCaseDTO[testName=null, id=20]], FeedbackDTO[id=85, text=null, detailText=The class 'BubbleSort' does not implement the interface 'SortStrategy' as expected. Implement the interface and its methods., hasLongFeedbackText=false, reference=null, credits=0.0, positive=false, type=AUTOMATIC, visibility=ALWAYS, testCase=TestCaseDTO[testName=null, id=24]], FeedbackDTO[id=86, text=null, detailText=MergeSort does not sort correctly, hasLongFeedbackText=false, reference=null, credits=0.0, positive=false, type=AUTOMATIC, visibility=ALWAYS, testCase=TestCaseDTO[testName=null, id=29]], FeedbackDTO[id=87, text=null, detailText=The class 'Context' was not found within the submission. Make sure to implement it properly., hasLongFeedbackText=false, reference=null, credits=0.0, positive=false, type=AUTOMATIC, visibility=ALWAYS, testCase=TestCaseDTO[testName=null, id=30]], FeedbackDTO[id=88, text=null, detailText=The class 'Context' was not found within the submission. Make sure to implement it properly., hasLongFeedbackText=false, reference=null, credits=0.0, positive=false, type=AUTOMATIC, visibility=ALWAYS, testCase=TestCaseDTO[testName=null, id=31]], FeedbackDTO[id=89, text=null, detailText=The exercise expects a class with the name Policy in the package testpackage. You did not implement the class in the exercise., hasLongFeedbackText=false, reference=null, credits=0.0, positive=false, type=AUTOMATIC, visibility=ALWAYS, testCase=TestCaseDTO[testName=null, id=25]], FeedbackDTO[id=90, text=null, detailText=The exercise expects a class with the name Context in the package testpackage. You did not implement the class in the exercise., hasLongFeedbackText=false, reference=null, credits=0.0, positive=false, type=AUTOMATIC, visibility=ALWAYS, testCase=TestCaseDTO[testName=null, id=21]], FeedbackDTO[id=91, text=null, detailText=The exercise expects a class with the name Policy in the package testpackage. You did not implement the class in the exercise., hasLongFeedbackText=false, reference=null, credits=0.0, positive=false, type=AUTOMATIC, visibility=ALWAYS, testCase=TestCaseDTO[testName=null, id=22]], FeedbackDTO[id=92, text=null, detailText=null, hasLongFeedbackText=false, reference=null, credits=3.230769230769231, positive=true, type=AUTOMATIC, visibility=ALWAYS, testCase=TestCaseDTO[testName=null, id=32]]], assessmentType=AUTOMATIC, hasComplaint=null, exampleResult=null, testCaseCount=13, passedTestCaseCount=1, codeIssueCount=0]]], publicSshKey=ssh-rsa AAAAB3NzaC1yc2EAAAADAQABAAACAQCOPdMsxRE2jFJ/UEa5/LsBxtwzJcrh3/rYBCQvcMeVpiRfhzQPWu7mrt/G2Ew+i+vRloGH9aqKg6dd1liRncao53Zmd/ePxoatXePNhmzTfkCkcSkTUz7B+QMjkoDDV5jwuFPD6mF3JkhuzSi64n9Zy905t4w2IhVcjM2mL3eYNjiCXt6Qpq3Pkt7dM/Ksw1nxnvuiIALuJLB3FTkXkHqq3PJav+9HSq2r6ZaWgekneaGxlQlb+U+Vy3XOuArKAzK8c8i+0bR+AHiTG6ncYXt7ax3U+TdlDTF7OLP3umwaYjs1NBXOHwG42pevvpKn2fqavZZozk+M05jXLx3bq0O7itxfErWc7etky8qYPyyIMF/txQIVLd78+Ze4d7Y60t5MGbXM5cGE6fFif5fEJwgswXD+BrG0cafz1CTatjSKFdvp8Vp4VszXhHDan1PrP6JEFJ5Cc5GDmLRZPCFa3vL9f5qXgf4bkqKN8MYeEujwJE5nMRWoiJVNakix2bcrrneQMBlnYeYZVWXXXUusAQBzl4NgddC1umZpihZkL1b1MffZAUW3EGEXi7KHnllQhkTLLsQ8ntMgbylqaJKStqaXlLvdeRJcEnUuiFCrHEVVbXRFZR7XVDZ02CE5o3MuaRPty8Kh+jRTF3COlAckHwYEJCNNJvXFgb2CNXL4mjzYDw== test@localhost]
    23:42:53.103 | 566 localvc.event-13 | DEBUG | a.p.s.l.SharedQueueManagementService : Build agent updated: null
    23:42:53.110 | 566 localvc.event-13 | DEBUG | a.a.b.s.SharedQueueProcessingService : CIBuildJobQueueItem removed from queue: BuildJobQueueItem[id=4681739576573068, name=SHORTBCF65534040390488B0A46605F5F3776B89ATSTEXC-LOCALCIINTSTUDENT1, buildAgent=BuildAgentDTO[name=null, memberAddress=null, displayName=null], participationId=468, courseId=149, exerciseId=300, retryCount=0, priority=2, status=null, repositoryInfo=RepositoryInfo[repositoryName=shortbcf65534040390488b0a46605f5f3776b89atstexc-localciintstudent1, repositoryType=user, triggeredByPushTo=user, assignmentRepositoryUri=http://localhost:49152/git/SHORTBCF65534040390488B0A46605F5F3776B89ATSTEXC/shortbcf65534040390488b0a46605f5f3776b89atstexc-localciintstudent1.git, testRepositoryUri=http://localhost:49152/git/SHORTBCF65534040390488B0A46605F5F3776B89ATSTEXC/shortbcf65534040390488b0a46605f5f3776b89atstexc-tests.git, solutionRepositoryUri=null, auxiliaryRepositoryUris=[Ljava.lang.String;@a0fdc69, auxiliaryRepositoryCheckoutDirectories=[Ljava.lang.String;@521d1380], jobTimingInfo=JobTimingInfo[submissionDate=2025-02-14T23:42:53.068019209Z[Etc/UTC], buildStartDate=null, buildCompletionDate=null, estimatedCompletionDate=null, estimatedDuration=19], buildConfig=BuildConfig[buildScript=#!/bin/bash
cd /var/tmp/testing-dir
chmod +x ./gradlew
./gradlew clean test
, dockerImage=dummy-docker-image:latest, commitHashToBuild=2d5c0482fc77d3f5ec0841962528a43054e83170, assignmentCommitHash=2d5c0482fc77d3f5ec0841962528a43054e83170, testCommitHash=7477e25d56ce5fee2c938542a7e7ed4ed085d373, branch=main, programmingLanguage=JAVA, projectType=PLAIN_GRADLE, scaEnabled=false, sequentialTestRunsEnabled=false, resultPaths=[/var/tmp/testing-dir/**/test-results/test/*.xml], timeoutSeconds=0, assignmentCheckoutPath=null, testCheckoutPath=null, solutionCheckoutPath=null, dockerRunConfig=null], submissionResult=null]
    23:42:53.110 | 566 localvc.event-13 | DEBUG | s.l.LocalCIWebsocketMessagingService : Sending message on topic /topic/admin/queued-jobs: []
    23:42:53.110 | 566 localvc.event-13 | DEBUG | s.l.LocalCIWebsocketMessagingService : Sending message on topic /topic/courses/149/queued-jobs: []
    23:42:53.111 | 362 ool-1-worker-126 | INFO  | d.t.c.a.a.e.s.ParticipationService   : Request to delete Participation : ProgrammingExerciseStudentParticipation{id=614, repositoryUri='file:/tmp/studentOriginRepo5091444064926436038/', buildPlanId='SHORT75F7CAEB04EF504E89086080C171ABC836F7T7F0-EXAMPARTICIPATIONTESTTUTOR2', initializationState='INITIALIZED', initializationDate='2025-02-14T23:42:51.199267Z', individualDueDate=null', presentationScore=null}
    23:42:53.111 | 566 localvc.event-13 | DEBUG | a.p.s.l.LocalCIQueueWebsocketService : Build agent updated: BuildAgentInformation[buildAgent=BuildAgentDTO[name=artemis-build-agent-test, memberAddress=[127.0.0.1]:5703, displayName=artemis-build-agent-test], maxNumberOfConcurrentBuildJobs=1, numberOfCurrentBuildJobs=1, runningBuildJobs=[BuildJobQueueItem[id=4681739576573068, name=SHORTBCF65534040390488B0A46605F5F3776B89ATSTEXC-LOCALCIINTSTUDENT1, buildAgent=BuildAgentDTO[name=artemis-build-agent-test, memberAddress=[127.0.0.1]:5703, displayName=artemis-build-agent-test], participationId=468, courseId=149, exerciseId=300, retryCount=0, priority=2, status=null, repositoryInfo=RepositoryInfo[repositoryName=shortbcf65534040390488b0a46605f5f3776b89atstexc-localciintstudent1, repositoryType=user, triggeredByPushTo=user, assignmentRepositoryUri=http://localhost:49152/git/SHORTBCF65534040390488B0A46605F5F3776B89ATSTEXC/shortbcf65534040390488b0a46605f5f3776b89atstexc-localciintstudent1.git, testRepositoryUri=http://localhost:49152/git/SHORTBCF65534040390488B0A46605F5F3776B89ATSTEXC/shortbcf65534040390488b0a46605f5f3776b89atstexc-tests.git, solutionRepositoryUri=null, auxiliaryRepositoryUris=[Ljava.lang.String;@78e99e65, auxiliaryRepositoryCheckoutDirectories=[Ljava.lang.String;@42d213eb], jobTimingInfo=JobTimingInfo[submissionDate=2025-02-14T23:42:53.068019209Z[Etc/UTC], buildStartDate=2025-02-14T23:42:53.092867394Z[Etc/UTC], buildCompletionDate=null, estimatedCompletionDate=2025-02-14T23:43:12.092858828Z[Etc/UTC], estimatedDuration=19], buildConfig=BuildConfig[buildScript=#!/bin/bash
cd /var/tmp/testing-dir
chmod +x ./gradlew
./gradlew clean test
, dockerImage=dummy-docker-image:latest, commitHashToBuild=2d5c0482fc77d3f5ec0841962528a43054e83170, assignmentCommitHash=2d5c0482fc77d3f5ec0841962528a43054e83170, testCommitHash=7477e25d56ce5fee2c938542a7e7ed4ed085d373, branch=main, programmingLanguage=JAVA, projectType=PLAIN_GRADLE, scaEnabled=false, sequentialTestRunsEnabled=false, resultPaths=[/var/tmp/testing-dir/**/test-results/test/*.xml], timeoutSeconds=0, assignmentCheckoutPath=null, testCheckoutPath=null, solutionCheckoutPath=null, dockerRunConfig=null], submissionResult=null]], status=ACTIVE, recentBuildJobs=[BuildJobQueueItem[id=4621739576562326, name=SHORT43ACF76B02BC1044B80938509D14043FABDETSTEXC-LOCALCIINTSTUDENT1, buildAgent=BuildAgentDTO[name=artemis-build-agent-test, memberAddress=[127.0.0.1]:5703, displayName=artemis-build-agent-test], participationId=462, courseId=147, exerciseId=298, retryCount=0, priority=2, status=SUCCESSFUL, repositoryInfo=RepositoryInfo[repositoryName=short43acf76b02bc1044b80938509d14043fabdetstexc-localciintstudent1, repositoryType=user, triggeredByPushTo=user, assignmentRepositoryUri=http://localhost:49152/git/SHORT43ACF76B02BC1044B80938509D14043FABDETSTEXC/short43acf76b02bc1044b80938509d14043fabdetstexc-localciintstudent1.git, testRepositoryUri=http://localhost:49152/git/SHORT43ACF76B02BC1044B80938509D14043FABDETSTEXC/short43acf76b02bc1044b80938509d14043fabdetstexc-tests.git, solutionRepositoryUri=null, auxiliaryRepositoryUris=[Ljava.lang.String;@2547548b, auxiliaryRepositoryCheckoutDirectories=[Ljava.lang.String;@268dde72], jobTimingInfo=JobTimingInfo[submissionDate=2025-02-14T23:42:42.326978596Z[Etc/UTC], buildStartDate=2025-02-14T23:42:42.420147010Z[Etc/UTC], buildCompletionDate=2025-02-14T23:42:45.573855829Z[Etc/UTC], estimatedCompletionDate=2025-02-14T23:43:01.420129377Z[Etc/UTC], estimatedDuration=19], buildConfig=BuildConfig[buildScript=#!/bin/bash
cd /var/tmp/testing-dir
chmod +x ./gradlew
./gradlew clean test
, dockerImage=dummy-docker-image:latest, commitHashToBuild=a9c717ccf7bcbe9531d3eee21dbaeb5aab2ff971, assignmentCommitHash=a9c717ccf7bcbe9531d3eee21dbaeb5aab2ff971, testCommitHash=a9c717ccf7bcbe9531d3eee21dbaeb5aab2ff971, branch=main, programmingLanguage=JAVA, projectType=PLAIN_GRADLE, scaEnabled=false, sequentialTestRunsEnabled=false, resultPaths=[/var/tmp/testing-dir/**/test-results/test/*.xml], timeoutSeconds=0, assignmentCheckoutPath=null, testCheckoutPath=null, solutionCheckoutPath=null, dockerRunConfig=DockerRunConfig[isNetworkDisabled=true, env=[key=value]]], submissionResult=ResultDTO[id=132, completionDate=2025-02-14T23:42:45.519869118Z[Etc/UTC], successful=false, score=7.7, rated=true, submission=SubmissionDTO[id=119, submitted=true, type=MANUAL, exampleSubmission=null, submissionDate=2025-02-14T23:42:42.302762Z, commitHash=a9c717ccf7bcbe9531d3eee21dbaeb5aab2ff971, buildFailed=false, buildArtifact=false, participation=ParticipationDTO[id=462, testRun=false, type=programming, submissionCount=null, exercise=ParticipationExerciseDTO[id=298, exerciseType=PROGRAMMING, type=programming, assessmentType=AUTOMATIC, dueDate=2025-02-16T23:42:41.553955Z, assessmentDueDate=null, maxPoints=42.0, course=CourseDTO[id=147, accuracyOfScores=1]]], submissionExerciseType=programming, isProcessing=false, buildStartDate=null, estimatedCompletionDate=null], participation=ParticipationDTO[id=462, testRun=false, type=programming, submissionCount=null, exercise=ParticipationExerciseDTO[id=298, exerciseType=PROGRAMMING, type=programming, assessmentType=AUTOMATIC, dueDate=2025-02-16T23:42:41.553955Z, assessmentDueDate=null, maxPoints=42.0, course=CourseDTO[id=147, accuracyOfScores=1]]], feedbacks=[FeedbackDTO[id=67, text=null, detailText=The exercise expects a class with the name Context in the package testpackage. You did not implement the class in the exercise., hasLongFeedbackText=false, reference=null, credits=0.0, positive=false, type=AUTOMATIC, visibility=ALWAYS, testCase=TestCaseDTO[testName=null, id=13]], FeedbackDTO[id=68, text=null, detailText=The exercise expects a class with the name Policy in the package testpackage. You did not implement the class in the exercise., hasLongFeedbackText=false, reference=null, credits=0.0, positive=false, type=AUTOMATIC, visibility=ALWAYS, testCase=TestCaseDTO[testName=null, id=14]], FeedbackDTO[id=69, text=null, detailText=The exercise expects a class with the name SortStrategy in the package testpackage. You did not implement the class in the exercise., hasLongFeedbackText=false, reference=null, credits=0.0, positive=false, type=AUTOMATIC, visibility=ALWAYS, testCase=TestCaseDTO[testName=null, id=15]], FeedbackDTO[id=70, text=null, detailText=The class 'MergeSort' does not implement the interface 'SortStrategy' as expected. Implement the interface and its methods., hasLongFeedbackText=false, reference=null, credits=0.0, positive=false, type=AUTOMATIC, visibility=ALWAYS, testCase=TestCaseDTO[testName=null, id=10]], FeedbackDTO[id=71, text=null, detailText=The exercise expects a class with the name SortStrategy in the package testpackage. You did not implement the class in the exercise., hasLongFeedbackText=false, reference=null, credits=0.0, positive=false, type=AUTOMATIC, visibility=ALWAYS, testCase=TestCaseDTO[testName=null, id=7]], FeedbackDTO[id=72, text=null, detailText=The class 'BubbleSort' does not implement the interface 'SortStrategy' as expected. Implement the interface and its methods., hasLongFeedbackText=false, reference=null, credits=0.0, positive=false, type=AUTOMATIC, visibility=ALWAYS, testCase=TestCaseDTO[testName=null, id=11]], FeedbackDTO[id=73, text=null, detailText=MergeSort does not sort correctly, hasLongFeedbackText=false, reference=null, credits=0.0, positive=false, type=AUTOMATIC, visibility=ALWAYS, testCase=TestCaseDTO[testName=null, id=16]], FeedbackDTO[id=74, text=null, detailText=The class 'Context' was not found within the submission. Make sure to implement it properly., hasLongFeedbackText=false, reference=null, credits=0.0, positive=false, type=AUTOMATIC, visibility=ALWAYS, testCase=TestCaseDTO[testName=null, id=17]], FeedbackDTO[id=75, text=null, detailText=The class 'Context' was not found within the submission. Make sure to implement it properly., hasLongFeedbackText=false, reference=null, credits=0.0, positive=false, type=AUTOMATIC, visibility=ALWAYS, testCase=TestCaseDTO[testName=null, id=18]], FeedbackDTO[id=76, text=null, detailText=The exercise expects a class with the name Policy in the package testpackage. You did not implement the class in the exercise., hasLongFeedbackText=false, reference=null, credits=0.0, positive=false, type=AUTOMATIC, visibility=ALWAYS, testCase=TestCaseDTO[testName=null, id=12]], FeedbackDTO[id=77, text=null, detailText=The exercise expects a class with the name Context in the package testpackage. You did not implement the class in the exercise., hasLongFeedbackText=false, reference=null, credits=0.0, positive=false, type=AUTOMATIC, visibility=ALWAYS, testCase=TestCaseDTO[testName=null, id=8]], FeedbackDTO[id=78, text=null, detailText=The exercise expects a class with the name Policy in the package testpackage. You did not implement the class in the exercise., hasLongFeedbackText=false, reference=null, credits=0.0, positive=false, type=AUTOMATIC, visibility=ALWAYS, testCase=TestCaseDTO[testName=null, id=9]], FeedbackDTO[id=79, text=null, detailText=null, hasLongFeedbackText=false, reference=null, credits=3.230769230769231, positive=true, type=AUTOMATIC, visibility=ALWAYS, testCase=TestCaseDTO[testName=null, id=19]]], assessmentType=AUTOMATIC, hasComplaint=null, exampleResult=null, testCaseCount=13, passedTestCaseCount=1, codeIssueCount=0]], BuildJobQueueItem[id=4651739576569330, name=SHORTB06DD3F905F4604F6E085260D83ED657A6DFTSTEXC-LOCALCIINTSTUDENT1, buildAgent=BuildAgentDTO[name=artemis-build-agent-test, memberAddress=[127.0.0.1]:5703, displayName=artemis-build-agent-test], participationId=465, courseId=148, exerciseId=299, retryCount=0, priority=2, status=SUCCESSFUL, repositoryInfo=RepositoryInfo[repositoryName=shortb06dd3f905f4604f6e085260d83ed657a6dftstexc-localciintstudent1, repositoryType=user, triggeredByPushTo=user, assignmentRepositoryUri=http://localhost:49152/git/SHORTB06DD3F905F4604F6E085260D83ED657A6DFTSTEXC/shortb06dd3f905f4604f6e085260d83ed657a6dftstexc-localciintstudent1.git, testRepositoryUri=http://localhost:49152/git/SHORTB06DD3F905F4604F6E085260D83ED657A6DFTSTEXC/shortb06dd3f905f4604f6e085260d83ed657a6dftstexc-tests.git, solutionRepositoryUri=null, auxiliaryRepositoryUris=[Ljava.lang.String;@12237670, auxiliaryRepositoryCheckoutDirectories=[Ljava.lang.String;@40bc6294], jobTimingInfo=JobTimingInfo[submissionDate=2025-02-14T23:42:49.330093960Z[Etc/UTC], buildStartDate=2025-02-14T23:42:49.347797345Z[Etc/UTC], buildCompletionDate=2025-02-14T23:42:51.204319751Z[Etc/UTC], estimatedCompletionDate=2025-02-14T23:43:08.347788449Z[Etc/UTC], estimatedDuration=19], buildConfig=BuildConfig[buildScript=#!/bin/bash
cd /var/tmp/testing-dir
chmod +x ./gradlew
./gradlew clean test
, dockerImage=dummy-docker-image:latest, commitHashToBuild=41581fff25954d36cf07586926ee0c77d1003131, assignmentCommitHash=41581fff25954d36cf07586926ee0c77d1003131, testCommitHash=41581fff25954d36cf07586926ee0c77d1003131, branch=main, programmingLanguage=JAVA, projectType=PLAIN_GRADLE, scaEnabled=false, sequentialTestRunsEnabled=false, resultPaths=[/var/tmp/testing-dir/**/test-results/test/*.xml], timeoutSeconds=0, assignmentCheckoutPath=null, testCheckoutPath=null, solutionCheckoutPath=null, dockerRunConfig=null], submissionResult=ResultDTO[id=133, completionDate=2025-02-14T23:42:51.155372920Z[Etc/UTC], successful=false, score=7.7, rated=true, submission=SubmissionDTO[id=120, submitted=true, type=MANUAL, exampleSubmission=null, submissionDate=2025-02-14T23:42:49.321855Z, commitHash=41581fff25954d36cf07586926ee0c77d1003131, buildFailed=false, buildArtifact=false, participation=ParticipationDTO[id=465, testRun=false, type=programming, submissionCount=null, exercise=ParticipationExerciseDTO[id=299, exerciseType=PROGRAMMING, type=programming, assessmentType=AUTOMATIC, dueDate=2025-02-16T23:42:49.163661Z, assessmentDueDate=null, maxPoints=42.0, course=CourseDTO[id=148, accuracyOfScores=1]]], submissionExerciseType=programming, isProcessing=false, buildStartDate=null, estimatedCompletionDate=null], participation=ParticipationDTO[id=465, testRun=false, type=programming, submissionCount=null, exercise=ParticipationExerciseDTO[id=299, exerciseType=PROGRAMMING, type=programming, assessmentType=AUTOMATIC, dueDate=2025-02-16T23:42:49.163661Z, assessmentDueDate=null, maxPoints=42.0, course=CourseDTO[id=148, accuracyOfScores=1]]], feedbacks=[FeedbackDTO[id=80, text=null, detailText=The exercise expects a class with the name Context in the package testpackage. You did not implement the class in the exercise., hasLongFeedbackText=false, reference=null, credits=0.0, positive=false, type=AUTOMATIC, visibility=ALWAYS, testCase=TestCaseDTO[testName=null, id=26]], FeedbackDTO[id=81, text=null, detailText=The exercise expects a class with the name Policy in the package testpackage. You did not implement the class in the exercise., hasLongFeedbackText=false, reference=null, credits=0.0, positive=false, type=AUTOMATIC, visibility=ALWAYS, testCase=TestCaseDTO[testName=null, id=27]], FeedbackDTO[id=82, text=null, detailText=The exercise expects a class with the name SortStrategy in the package testpackage. You did not implement the class in the exercise., hasLongFeedbackText=false, reference=null, credits=0.0, positive=false, type=AUTOMATIC, visibility=ALWAYS, testCase=TestCaseDTO[testName=null, id=28]], FeedbackDTO[id=83, text=null, detailText=The class 'MergeSort' does not implement the interface 'SortStrategy' as expected. Implement the interface and its methods., hasLongFeedbackText=false, reference=null, credits=0.0, positive=false, type=AUTOMATIC, visibility=ALWAYS, testCase=TestCaseDTO[testName=null, id=23]], FeedbackDTO[id=84, text=null, detailText=The exercise expects a class with the name SortStrategy in the package testpackage. You did not implement the class in the exercise., hasLongFeedbackText=false, reference=null, credits=0.0, positive=false, type=AUTOMATIC, visibility=ALWAYS, testCase=TestCaseDTO[testName=null, id=20]], FeedbackDTO[id=85, text=null, detailText=The class 'BubbleSort' does not implement the interface 'SortStrategy' as expected. Implement the interface and its methods., hasLongFeedbackText=false, reference=null, credits=0.0, positive=false, type=AUTOMATIC, visibility=ALWAYS, testCase=TestCaseDTO[testName=null, id=24]], FeedbackDTO[id=86, text=null, detailText=MergeSort does not sort correctly, hasLongFeedbackText=false, reference=null, credits=0.0, positive=false, type=AUTOMATIC, visibility=ALWAYS, testCase=TestCaseDTO[testName=null, id=29]], FeedbackDTO[id=87, text=null, detailText=The class 'Context' was not found within the submission. Make sure to implement it properly., hasLongFeedbackText=false, reference=null, credits=0.0, positive=false, type=AUTOMATIC, visibility=ALWAYS, testCase=TestCaseDTO[testName=null, id=30]], FeedbackDTO[id=88, text=null, detailText=The class 'Context' was not found within the submission. Make sure to implement it properly., hasLongFeedbackText=false, reference=null, credits=0.0, positive=false, type=AUTOMATIC, visibility=ALWAYS, testCase=TestCaseDTO[testName=null, id=31]], FeedbackDTO[id=89, text=null, detailText=The exercise expects a class with the name Policy in the package testpackage. You did not implement the class in the exercise., hasLongFeedbackText=false, reference=null, credits=0.0, positive=false, type=AUTOMATIC, visibility=ALWAYS, testCase=TestCaseDTO[testName=null, id=25]], FeedbackDTO[id=90, text=null, detailText=The exercise expects a class with the name Context in the package testpackage. You did not implement the class in the exercise., hasLongFeedbackText=false, reference=null, credits=0.0, positive=false, type=AUTOMATIC, visibility=ALWAYS, testCase=TestCaseDTO[testName=null, id=21]], FeedbackDTO[id=91, text=null, detailText=The exercise expects a class with the name Policy in the package testpackage. You did not implement the class in the exercise., hasLongFeedbackText=false, reference=null, credits=0.0, positive=false, type=AUTOMATIC, visibility=ALWAYS, testCase=TestCaseDTO[testName=null, id=22]], FeedbackDTO[id=92, text=null, detailText=null, hasLongFeedbackText=false, reference=null, credits=3.230769230769231, positive=true, type=AUTOMATIC, visibility=ALWAYS, testCase=TestCaseDTO[testName=null, id=32]]], assessmentType=AUTOMATIC, hasComplaint=null, exampleResult=null, testCaseCount=13, passedTestCaseCount=1, codeIssueCount=0]]], publicSshKey=ssh-rsa AAAAB3NzaC1yc2EAAAADAQABAAACAQCOPdMsxRE2jFJ/UEa5/LsBxtwzJcrh3/rYBCQvcMeVpiRfhzQPWu7mrt/G2Ew+i+vRloGH9aqKg6dd1liRncao53Zmd/ePxoatXePNhmzTfkCkcSkTUz7B+QMjkoDDV5jwuFPD6mF3JkhuzSi64n9Zy905t4w2IhVcjM2mL3eYNjiCXt6Qpq3Pkt7dM/Ksw1nxnvuiIALuJLB3FTkXkHqq3PJav+9HSq2r6ZaWgekneaGxlQlb+U+Vy3XOuArKAzK8c8i+0bR+AHiTG6ncYXt7ax3U+TdlDTF7OLP3umwaYjs1NBXOHwG42pevvpKn2fqavZZozk+M05jXLx3bq0O7itxfErWc7etky8qYPyyIMF/txQIVLd78+Ze4d7Y60t5MGbXM5cGE6fFif5fEJwgswXD+BrG0cafz1CTatjSKFdvp8Vp4VszXhHDan1PrP6JEFJ5Cc5GDmLRZPCFa3vL9f5qXgf4bkqKN8MYeEujwJE5nMRWoiJVNakix2bcrrneQMBlnYeYZVWXXXUusAQBzl4NgddC1umZpihZkL1b1MffZAUW3EGEXi7KHnllQhkTLLsQ8ntMgbylqaJKStqaXlLvdeRJcEnUuiFCrHEVVbXRFZR7XVDZ02CE5o3MuaRPty8Kh+jRTF3COlAckHwYEJCNNJvXFgb2CNXL4mjzYDw== test@localhost]
    23:42:53.113 | 362 ool-1-worker-126 | WARN  | org.eclipse.jgit.lib.Repository      : close() called when useCnt is already zero for Repository[repos/server-integration-test/studentOriginRepo5091444064926436038/.git]
    23:42:53.113 | 566 localvc.event-13 | DEBUG | s.l.LocalCIWebsocketMessagingService : Sending message on topic /topic/admin/build-agents: [BuildAgentInformation[buildAgent=BuildAgentDTO[name=artemis-build-agent-test, memberAddress=[127.0.0.1]:5703, displayName=artemis-build-agent-test], maxNumberOfConcurrentBuildJobs=1, numberOfCurrentBuildJobs=1, runningBuildJobs=[BuildJobQueueItem[id=4681739576573068, name=SHORTBCF65534040390488B0A46605F5F3776B89ATSTEXC-LOCALCIINTSTUDENT1, buildAgent=BuildAgentDTO[name=artemis-build-agent-test, memberAddress=[127.0.0.1]:5703, displayName=artemis-build-agent-test], participationId=468, courseId=149, exerciseId=300, retryCount=0, priority=2, status=null, repositoryInfo=RepositoryInfo[repositoryName=shortbcf65534040390488b0a46605f5f3776b89atstexc-localciintstudent1, repositoryType=user, triggeredByPushTo=user, assignmentRepositoryUri=, testRepositoryUri=, solutionRepositoryUri=, auxiliaryRepositoryUris=null, auxiliaryRepositoryCheckoutDirectories=null], jobTimingInfo=JobTimingInfo[submissionDate=2025-02-14T23:42:53.068019209Z[Etc/UTC], buildStartDate=2025-02-14T23:42:53.092867394Z[Etc/UTC], buildCompletionDate=null, estimatedCompletionDate=2025-02-14T23:43:12.092858828Z[Etc/UTC], estimatedDuration=19], buildConfig=BuildConfig[buildScript=, dockerImage=, commitHashToBuild=2d5c0482fc77d3f5ec0841962528a43054e83170, assignmentCommitHash=, testCommitHash=, branch=, programmingLanguage=null, projectType=null, scaEnabled=false, sequentialTestRunsEnabled=false, resultPaths=null, timeoutSeconds=0, assignmentCheckoutPath=, testCheckoutPath=, solutionCheckoutPath=, dockerRunConfig=null], submissionResult=null]], status=ACTIVE, recentBuildJobs=null, publicSshKey=null]]
    23:42:53.114 | 362 ool-1-worker-126 | DEBUG | d.t.c.a.a.p.s.AbstractGitService     : Deleted Repository at repos/server-integration-test/studentOriginRepo5091444064926436038
    23:42:53.114 | 362 ool-1-worker-126 | DEBUG | d.t.c.a.a.e.s.ParticipationService   : Request to delete all results and submissions of participation with id : 614
    23:42:53.116 | 362 ool-1-worker-126 | DEBUG | d.t.c.a.a.a.service.ResultService    : Delete result 86
    23:42:53.116 | 362 ool-1-worker-126 | DEBUG | d.t.c.a.a.a.service.ResultService    : Delete result references 86
    23:42:53.119 | 566 localvc.event-13 | DEBUG | s.l.LocalCIWebsocketMessagingService : Sending message on topic /topic/admin/build-agent/artemis-build-agent-test: BuildAgentInformation[buildAgent=BuildAgentDTO[name=artemis-build-agent-test, memberAddress=[127.0.0.1]:5703, displayName=artemis-build-agent-test], maxNumberOfConcurrentBuildJobs=1, numberOfCurrentBuildJobs=1, runningBuildJobs=[BuildJobQueueItem[id=4681739576573068, name=SHORTBCF65534040390488B0A46605F5F3776B89ATSTEXC-LOCALCIINTSTUDENT1, buildAgent=BuildAgentDTO[name=artemis-build-agent-test, memberAddress=[127.0.0.1]:5703, displayName=artemis-build-agent-test], participationId=468, courseId=149, exerciseId=300, retryCount=0, priority=2, status=null, repositoryInfo=RepositoryInfo[repositoryName=shortbcf65534040390488b0a46605f5f3776b89atstexc-localciintstudent1, repositoryType=user, triggeredByPushTo=user, assignmentRepositoryUri=http://localhost:49152/git/SHORTBCF65534040390488B0A46605F5F3776B89ATSTEXC/shortbcf65534040390488b0a46605f5f3776b89atstexc-localciintstudent1.git, testRepositoryUri=http://localhost:49152/git/SHORTBCF65534040390488B0A46605F5F3776B89ATSTEXC/shortbcf65534040390488b0a46605f5f3776b89atstexc-tests.git, solutionRepositoryUri=null, auxiliaryRepositoryUris=[Ljava.lang.String;@1e6fdab8, auxiliaryRepositoryCheckoutDirectories=[Ljava.lang.String;@3d64a323], jobTimingInfo=JobTimingInfo[submissionDate=2025-02-14T23:42:53.068019209Z[Etc/UTC], buildStartDate=2025-02-14T23:42:53.092867394Z[Etc/UTC], buildCompletionDate=null, estimatedCompletionDate=2025-02-14T23:43:12.092858828Z[Etc/UTC], estimatedDuration=19], buildConfig=BuildConfig[buildScript=#!/bin/bash
cd /var/tmp/testing-dir
chmod +x ./gradlew
./gradlew clean test
, dockerImage=dummy-docker-image:latest, commitHashToBuild=2d5c0482fc77d3f5ec0841962528a43054e83170, assignmentCommitHash=2d5c0482fc77d3f5ec0841962528a43054e83170, testCommitHash=7477e25d56ce5fee2c938542a7e7ed4ed085d373, branch=main, programmingLanguage=JAVA, projectType=PLAIN_GRADLE, scaEnabled=false, sequentialTestRunsEnabled=false, resultPaths=[/var/tmp/testing-dir/**/test-results/test/*.xml], timeoutSeconds=0, assignmentCheckoutPath=null, testCheckoutPath=null, solutionCheckoutPath=null, dockerRunConfig=null], submissionResult=null]], status=ACTIVE, recentBuildJobs=[BuildJobQueueItem[id=4621739576562326, name=SHORT43ACF76B02BC1044B80938509D14043FABDETSTEXC-LOCALCIINTSTUDENT1, buildAgent=BuildAgentDTO[name=artemis-build-agent-test, memberAddress=[127.0.0.1]:5703, displayName=artemis-build-agent-test], participationId=462, courseId=147, exerciseId=298, retryCount=0, priority=2, status=SUCCESSFUL, repositoryInfo=RepositoryInfo[repositoryName=short43acf76b02bc1044b80938509d14043fabdetstexc-localciintstudent1, repositoryType=user, triggeredByPushTo=user, assignmentRepositoryUri=http://localhost:49152/git/SHORT43ACF76B02BC1044B80938509D14043FABDETSTEXC/short43acf76b02bc1044b80938509d14043fabdetstexc-localciintstudent1.git, testRepositoryUri=http://localhost:49152/git/SHORT43ACF76B02BC1044B80938509D14043FABDETSTEXC/short43acf76b02bc1044b80938509d14043fabdetstexc-tests.git, solutionRepositoryUri=null, auxiliaryRepositoryUris=[Ljava.lang.String;@6657692e, auxiliaryRepositoryCheckoutDirectories=[Ljava.lang.String;@4475db0a], jobTimingInfo=JobTimingInfo[submissionDate=2025-02-14T23:42:42.326978596Z[Etc/UTC], buildStartDate=2025-02-14T23:42:42.420147010Z[Etc/UTC], buildCompletionDate=2025-02-14T23:42:45.573855829Z[Etc/UTC], estimatedCompletionDate=2025-02-14T23:43:01.420129377Z[Etc/UTC], estimatedDuration=19], buildConfig=BuildConfig[buildScript=#!/bin/bash
cd /var/tmp/testing-dir
chmod +x ./gradlew
./gradlew clean test
, dockerImage=dummy-docker-image:latest, commitHashToBuild=a9c717ccf7bcbe9531d3eee21dbaeb5aab2ff971, assignmentCommitHash=a9c717ccf7bcbe9531d3eee21dbaeb5aab2ff971, testCommitHash=a9c717ccf7bcbe9531d3eee21dbaeb5aab2ff971, branch=main, programmingLanguage=JAVA, projectType=PLAIN_GRADLE, scaEnabled=false, sequentialTestRunsEnabled=false, resultPaths=[/var/tmp/testing-dir/**/test-results/test/*.xml], timeoutSeconds=0, assignmentCheckoutPath=null, testCheckoutPath=null, solutionCheckoutPath=null, dockerRunConfig=DockerRunConfig[isNetworkDisabled=true, env=[key=value]]], submissionResult=ResultDTO[id=132, completionDate=2025-02-14T23:42:45.519869118Z[Etc/UTC], successful=false, score=7.7, rated=true, submission=SubmissionDTO[id=119, submitted=true, type=MANUAL, exampleSubmission=null, submissionDate=2025-02-14T23:42:42.302762Z, commitHash=a9c717ccf7bcbe9531d3eee21dbaeb5aab2ff971, buildFailed=false, buildArtifact=false, participation=ParticipationDTO[id=462, testRun=false, type=programming, submissionCount=null, exercise=ParticipationExerciseDTO[id=298, exerciseType=PROGRAMMING, type=programming, assessmentType=AUTOMATIC, dueDate=2025-02-16T23:42:41.553955Z, assessmentDueDate=null, maxPoints=42.0, course=CourseDTO[id=147, accuracyOfScores=1]]], submissionExerciseType=programming, isProcessing=false, buildStartDate=null, estimatedCompletionDate=null], participation=ParticipationDTO[id=462, testRun=false, type=programming, submissionCount=null, exercise=ParticipationExerciseDTO[id=298, exerciseType=PROGRAMMING, type=programming, assessmentType=AUTOMATIC, dueDate=2025-02-16T23:42:41.553955Z, assessmentDueDate=null, maxPoints=42.0, course=CourseDTO[id=147, accuracyOfScores=1]]], feedbacks=[FeedbackDTO[id=67, text=null, detailText=The exercise expects a class with the name Context in the package testpackage. You did not implement the class in the exercise., hasLongFeedbackText=false, reference=null, credits=0.0, positive=false, type=AUTOMATIC, visibility=ALWAYS, testCase=TestCaseDTO[testName=null, id=13]], FeedbackDTO[id=68, text=null, detailText=The exercise expects a class with the name Policy in the package testpackage. You did not implement the class in the exercise., hasLongFeedbackText=false, reference=null, credits=0.0, positive=false, type=AUTOMATIC, visibility=ALWAYS, testCase=TestCaseDTO[testName=null, id=14]], FeedbackDTO[id=69, text=null, detailText=The exercise expects a class with the name SortStrategy in the package testpackage. You did not implement the class in the exercise., hasLongFeedbackText=false, reference=null, credits=0.0, positive=false, type=AUTOMATIC, visibility=ALWAYS, testCase=TestCaseDTO[testName=null, id=15]], FeedbackDTO[id=70, text=null, detailText=The class 'MergeSort' does not implement the interface 'SortStrategy' as expected. Implement the interface and its methods., hasLongFeedbackText=false, reference=null, credits=0.0, positive=false, type=AUTOMATIC, visibility=ALWAYS, testCase=TestCaseDTO[testName=null, id=10]], FeedbackDTO[id=71, text=null, detailText=The exercise expects a class with the name SortStrategy in the package testpackage. You did not implement the class in the exercise., hasLongFeedbackText=false, reference=null, credits=0.0, positive=false, type=AUTOMATIC, visibility=ALWAYS, testCase=TestCaseDTO[testName=null, id=7]], FeedbackDTO[id=72, text=null, detailText=The class 'BubbleSort' does not implement the interface 'SortStrategy' as expected. Implement the interface and its methods., hasLongFeedbackText=false, reference=null, credits=0.0, positive=false, type=AUTOMATIC, visibility=ALWAYS, testCase=TestCaseDTO[testName=null, id=11]], FeedbackDTO[id=73, text=null, detailText=MergeSort does not sort correctly, hasLongFeedbackText=false, reference=null, credits=0.0, positive=false, type=AUTOMATIC, visibility=ALWAYS, testCase=TestCaseDTO[testName=null, id=16]], FeedbackDTO[id=74, text=null, detailText=The class 'Context' was not found within the submission. Make sure to implement it properly., hasLongFeedbackText=false, reference=null, credits=0.0, positive=false, type=AUTOMATIC, visibility=ALWAYS, testCase=TestCaseDTO[testName=null, id=17]], FeedbackDTO[id=75, text=null, detailText=The class 'Context' was not found within the submission. Make sure to implement it properly., hasLongFeedbackText=false, reference=null, credits=0.0, positive=false, type=AUTOMATIC, visibility=ALWAYS, testCase=TestCaseDTO[testName=null, id=18]], FeedbackDTO[id=76, text=null, detailText=The exercise expects a class with the name Policy in the package testpackage. You did not implement the class in the exercise., hasLongFeedbackText=false, reference=null, credits=0.0, positive=false, type=AUTOMATIC, visibility=ALWAYS, testCase=TestCaseDTO[testName=null, id=12]], FeedbackDTO[id=77, text=null, detailText=The exercise expects a class with the name Context in the package testpackage. You did not implement the class in the exercise., hasLongFeedbackText=false, reference=null, credits=0.0, positive=false, type=AUTOMATIC, visibility=ALWAYS, testCase=TestCaseDTO[testName=null, id=8]], FeedbackDTO[id=78, text=null, detailText=The exercise expects a class with the name Policy in the package testpackage. You did not implement the class in the exercise., hasLongFeedbackText=false, reference=null, credits=0.0, positive=false, type=AUTOMATIC, visibility=ALWAYS, testCase=TestCaseDTO[testName=null, id=9]], FeedbackDTO[id=79, text=null, detailText=null, hasLongFeedbackText=false, reference=null, credits=3.230769230769231, positive=true, type=AUTOMATIC, visibility=ALWAYS, testCase=TestCaseDTO[testName=null, id=19]]], assessmentType=AUTOMATIC, hasComplaint=null, exampleResult=null, testCaseCount=13, passedTestCaseCount=1, codeIssueCount=0]], BuildJobQueueItem[id=4651739576569330, name=SHORTB06DD3F905F4604F6E085260D83ED657A6DFTSTEXC-LOCALCIINTSTUDENT1, buildAgent=BuildAgentDTO[name=artemis-build-agent-test, memberAddress=[127.0.0.1]:5703, displayName=artemis-build-agent-test], participationId=465, courseId=148, exerciseId=299, retryCount=0, priority=2, status=SUCCESSFUL, repositoryInfo=RepositoryInfo[repositoryName=shortb06dd3f905f4604f6e085260d83ed657a6dftstexc-localciintstudent1, repositoryType=user, triggeredByPushTo=user, assignmentRepositoryUri=http://localhost:49152/git/SHORTB06DD3F905F4604F6E085260D83ED657A6DFTSTEXC/shortb06dd3f905f4604f6e085260d83ed657a6dftstexc-localciintstudent1.git, testRepositoryUri=http://localhost:49152/git/SHORTB06DD3F905F4604F6E085260D83ED657A6DFTSTEXC/shortb06dd3f905f4604f6e085260d83ed657a6dftstexc-tests.git, solutionRepositoryUri=null, auxiliaryRepositoryUris=[Ljava.lang.String;@242f6326, auxiliaryRepositoryCheckoutDirectories=[Ljava.lang.String;@3c4aa13b], jobTimingInfo=JobTimingInfo[submissionDate=2025-02-14T23:42:49.330093960Z[Etc/UTC], buildStartDate=2025-02-14T23:42:49.347797345Z[Etc/UTC], buildCompletionDate=2025-02-14T23:42:51.204319751Z[Etc/UTC], estimatedCompletionDate=2025-02-14T23:43:08.347788449Z[Etc/UTC], estimatedDuration=19], buildConfig=BuildConfig[buildScript=#!/bin/bash
cd /var/tmp/testing-dir
chmod +x ./gradlew
./gradlew clean test
, dockerImage=dummy-docker-image:latest, commitHashToBuild=41581fff25954d36cf07586926ee0c77d1003131, assignmentCommitHash=41581fff25954d36cf07586926ee0c77d1003131, testCommitHash=41581fff25954d36cf07586926ee0c77d1003131, branch=main, programmingLanguage=JAVA, projectType=PLAIN_GRADLE, scaEnabled=false, sequentialTestRunsEnabled=false, resultPaths=[/var/tmp/testing-dir/**/test-results/test/*.xml], timeoutSeconds=0, assignmentCheckoutPath=null, testCheckoutPath=null, solutionCheckoutPath=null, dockerRunConfig=null], submissionResult=ResultDTO[id=133, completionDate=2025-02-14T23:42:51.155372920Z[Etc/UTC], successful=false, score=7.7, rated=true, submission=SubmissionDTO[id=120, submitted=true, type=MANUAL, exampleSubmission=null, submissionDate=2025-02-14T23:42:49.321855Z, commitHash=41581fff25954d36cf07586926ee0c77d1003131, buildFailed=false, buildArtifact=false, participation=ParticipationDTO[id=465, testRun=false, type=programming, submissionCount=null, exercise=ParticipationExerciseDTO[id=299, exerciseType=PROGRAMMING, type=programming, assessmentType=AUTOMATIC, dueDate=2025-02-16T23:42:49.163661Z, assessmentDueDate=null, maxPoints=42.0, course=CourseDTO[id=148, accuracyOfScores=1]]], submissionExerciseType=programming, isProcessing=false, buildStartDate=null, estimatedCompletionDate=null], participation=ParticipationDTO[id=465, testRun=false, type=programming, submissionCount=null, exercise=ParticipationExerciseDTO[id=299, exerciseType=PROGRAMMING, type=programming, assessmentType=AUTOMATIC, dueDate=2025-02-16T23:42:49.163661Z, assessmentDueDate=null, maxPoints=42.0, course=CourseDTO[id=148, accuracyOfScores=1]]], feedbacks=[FeedbackDTO[id=80, text=null, detailText=The exercise expects a class with the name Context in the package testpackage. You did not implement the class in the exercise., hasLongFeedbackText=false, reference=null, credits=0.0, positive=false, type=AUTOMATIC, visibility=ALWAYS, testCase=TestCaseDTO[testName=null, id=26]], FeedbackDTO[id=81, text=null, detailText=The exercise expects a class with the name Policy in the package testpackage. You did not implement the class in the exercise., hasLongFeedbackText=false, reference=null, credits=0.0, positive=false, type=AUTOMATIC, visibility=ALWAYS, testCase=TestCaseDTO[testName=null, id=27]], FeedbackDTO[id=82, text=null, detailText=The exercise expects a class with the name SortStrategy in the package testpackage. You did not implement the class in the exercise., hasLongFeedbackText=false, reference=null, credits=0.0, positive=false, type=AUTOMATIC, visibility=ALWAYS, testCase=TestCaseDTO[testName=null, id=28]], FeedbackDTO[id=83, text=null, detailText=The class 'MergeSort' does not implement the interface 'SortStrategy' as expected. Implement the interface and its methods., hasLongFeedbackText=false, reference=null, credits=0.0, positive=false, type=AUTOMATIC, visibility=ALWAYS, testCase=TestCaseDTO[testName=null, id=23]], FeedbackDTO[id=84, text=null, detailText=The exercise expects a class with the name SortStrategy in the package testpackage. You did not implement the class in the exercise., hasLongFeedbackText=false, reference=null, credits=0.0, positive=false, type=AUTOMATIC, visibility=ALWAYS, testCase=TestCaseDTO[testName=null, id=20]], FeedbackDTO[id=85, text=null, detailText=The class 'BubbleSort' does not implement the interface 'SortStrategy' as expected. Implement the interface and its methods., hasLongFeedbackText=false, reference=null, credits=0.0, positive=false, type=AUTOMATIC, visibility=ALWAYS, testCase=TestCaseDTO[testName=null, id=24]], FeedbackDTO[id=86, text=null, detailText=MergeSort does not sort correctly, hasLongFeedbackText=false, reference=null, credits=0.0, positive=false, type=AUTOMATIC, visibility=ALWAYS, testCase=TestCaseDTO[testName=null, id=29]], FeedbackDTO[id=87, text=null, detailText=The class 'Context' was not found within the submission. Make sure to implement it properly., hasLongFeedbackText=false, reference=null, credits=0.0, positive=false, type=AUTOMATIC, visibility=ALWAYS, testCase=TestCaseDTO[testName=null, id=30]], FeedbackDTO[id=88, text=null, detailText=The class 'Context' was not found within the submission. Make sure to implement it properly., hasLongFeedbackText=false, reference=null, credits=0.0, positive=false, type=AUTOMATIC, visibility=ALWAYS, testCase=TestCaseDTO[testName=null, id=31]], FeedbackDTO[id=89, text=null, detailText=The exercise expects a class with the name Policy in the package testpackage. You did not implement the class in the exercise., hasLongFeedbackText=false, reference=null, credits=0.0, positive=false, type=AUTOMATIC, visibility=ALWAYS, testCase=TestCaseDTO[testName=null, id=25]], FeedbackDTO[id=90, text=null, detailText=The exercise expects a class with the name Context in the package testpackage. You did not implement the class in the exercise., hasLongFeedbackText=false, reference=null, credits=0.0, positive=false, type=AUTOMATIC, visibility=ALWAYS, testCase=TestCaseDTO[testName=null, id=21]], FeedbackDTO[id=91, text=null, detailText=The exercise expects a class with the name Policy in the package testpackage. You did not implement the class in the exercise., hasLongFeedbackText=false, reference=null, credits=0.0, positive=false, type=AUTOMATIC, visibility=ALWAYS, testCase=TestCaseDTO[testName=null, id=22]], FeedbackDTO[id=92, text=null, detailText=null, hasLongFeedbackText=false, reference=null, credits=3.230769230769231, positive=true, type=AUTOMATIC, visibility=ALWAYS, testCase=TestCaseDTO[testName=null, id=32]]], assessmentType=AUTOMATIC, hasComplaint=null, exampleResult=null, testCaseCount=13, passedTestCaseCount=1, codeIssueCount=0]]], publicSshKey=ssh-rsa AAAAB3NzaC1yc2EAAAADAQABAAACAQCOPdMsxRE2jFJ/UEa5/LsBxtwzJcrh3/rYBCQvcMeVpiRfhzQPWu7mrt/G2Ew+i+vRloGH9aqKg6dd1liRncao53Zmd/ePxoatXePNhmzTfkCkcSkTUz7B+QMjkoDDV5jwuFPD6mF3JkhuzSi64n9Zy905t4w2IhVcjM2mL3eYNjiCXt6Qpq3Pkt7dM/Ksw1nxnvuiIALuJLB3FTkXkHqq3PJav+9HSq2r6ZaWgekneaGxlQlb+U+Vy3XOuArKAzK8c8i+0bR+AHiTG6ncYXt7ax3U+TdlDTF7OLP3umwaYjs1NBXOHwG42pevvpKn2fqavZZozk+M05jXLx3bq0O7itxfErWc7etky8qYPyyIMF/txQIVLd78+Ze4d7Y60t5MGbXM5cGE6fFif5fEJwgswXD+BrG0cafz1CTatjSKFdvp8Vp4VszXhHDan1PrP6JEFJ5Cc5GDmLRZPCFa3vL9f5qXgf4bkqKN8MYeEujwJE5nMRWoiJVNakix2bcrrneQMBlnYeYZVWXXXUusAQBzl4NgddC1umZpihZkL1b1MffZAUW3EGEXi7KHnllQhkTLLsQ8ntMgbylqaJKStqaXlLvdeRJcEnUuiFCrHEVVbXRFZR7XVDZ02CE5o3MuaRPty8Kh+jRTF3COlAckHwYEJCNNJvXFgb2CNXL4mjzYDw== test@localhost]
    23:42:53.122 | 566 localvc.event-13 | DEBUG | a.p.s.l.SharedQueueManagementService : Build agent updated: null
    23:42:53.124 | 362 ool-1-worker-126 | INFO  | d.t.c.a.a.e.s.ParticipationService   : Request to delete Participation : ProgrammingExerciseStudentParticipation{id=616, repositoryUri='file:/tmp/studentOriginRepo8833139134444667049/', buildPlanId='SHORT75F7CAEB04EF504E89086080C171ABC836F7T7F0-EXAMPARTICIPATIONTESTSTUDENT3', initializationState='INITIALIZED', initializationDate='2025-02-14T23:42:51.209032Z', individualDueDate=null', presentationScore=null}
    23:42:53.125 | 362 ool-1-worker-126 | WARN  | org.eclipse.jgit.lib.Repository      : close() called when useCnt is already zero for Repository[repos/server-integration-test/studentOriginRepo8833139134444667049/.git]
    23:42:53.127 | 362 ool-1-worker-126 | DEBUG | d.t.c.a.a.p.s.AbstractGitService     : Deleted Repository at repos/server-integration-test/studentOriginRepo8833139134444667049
    23:42:53.127 | 362 ool-1-worker-126 | DEBUG | d.t.c.a.a.e.s.ParticipationService   : Request to delete all results and submissions of participation with id : 616
    23:42:53.129 | 362 ool-1-worker-126 | DEBUG | d.t.c.a.a.a.service.ResultService    : Delete result 87
    23:42:53.129 | 362 ool-1-worker-126 | DEBUG | d.t.c.a.a.a.service.ResultService    : Delete result references 87
    23:42:53.140 | 362 ool-1-worker-126 | INFO  | d.t.c.a.a.e.s.ParticipationService   : Request to delete Participation : ProgrammingExerciseStudentParticipation{id=617, repositoryUri='file:/tmp/studentOriginRepo4805545026097004054/', buildPlanId='SHORT75F7CAEB04EF504E89086080C171ABC836F7T7F0-EXAMPARTICIPATIONTESTSTUDENT1', initializationState='INITIALIZED', initializationDate='2025-02-14T23:42:51.202284Z', individualDueDate=null', presentationScore=null}
    23:42:53.145 | 362 ool-1-worker-126 | WARN  | org.eclipse.jgit.lib.Repository      : close() called when useCnt is already zero for Repository[repos/server-integration-test/studentOriginRepo4805545026097004054/.git]
    23:42:53.146 | 362 ool-1-worker-126 | DEBUG | d.t.c.a.a.p.s.AbstractGitService     : Deleted Repository at repos/server-integration-test/studentOriginRepo4805545026097004054
    23:42:53.147 | 362 ool-1-worker-126 | DEBUG | d.t.c.a.a.e.s.ParticipationService   : Request to delete all results and submissions of participation with id : 617
    23:42:53.148 | 362 ool-1-worker-126 | DEBUG | d.t.c.a.a.a.service.ResultService    : Delete result 88
    23:42:53.148 | 362 ool-1-worker-126 | DEBUG | d.t.c.a.a.a.service.ResultService    : Delete result references 88
    23:42:53.181 | 362 ool-1-worker-126 | INFO  | .c.s.m.InstanceMessageReceiveService : Received schedule cancel for programming exercise 593
    23:42:53.181 | 362 ool-1-worker-126 | DEBUG | d.t.c.a.a.c.service.ScheduleService  : Cancelling scheduled task DUE for Exercise (#593).
    23:42:53.181 | 362 ool-1-worker-126 | INFO  | .c.s.m.InstanceMessageReceiveService : Received schedule cancel for potential Athena exercise 593
    23:42:53.186 | 362 ool-1-worker-126 | DEBUG | d.t.c.a.a.e.s.ParticipationService   : Request to delete all results and submissions of participation with id : 577
    23:42:53.191 | 362 ool-1-worker-126 | DEBUG | d.t.c.a.a.e.s.ParticipationService   : Request to delete all results and submissions of participation with id : 582
    23:42:53.196 | 362 ool-1-worker-126 | DEBUG | c.a.a.p.s.ProgrammingExerciseService : Delete programming exercises with student participations: []
    23:42:53.206 | 362 ool-1-worker-126 | INFO  | .c.a.a.c.s.TitleCacheEvictionService : Evicted entry '593' from title cache 'exerciseTitle'
    23:42:53.219 | 362 ool-1-worker-126 | WARN  | .c.a.a.c.s.TitleCacheEvictionService : Unable to clear title of exercises from exercise group 335: Exercises not initialized
    23:42:53.219 | 362 ool-1-worker-126 | WARN  | .c.a.a.c.s.TitleCacheEvictionService : Unable to clear title of exercises from exercise group 336: Exercises not initialized
    23:42:53.219 | 362 ool-1-worker-126 | WARN  | .c.a.a.c.s.TitleCacheEvictionService : Unable to clear title of exercises from exercise group 337: Exercises not initialized
    23:42:53.219 | 362 ool-1-worker-126 | WARN  | .c.a.a.c.s.TitleCacheEvictionService : Unable to clear title of exercises from exercise group 338: Exercises not initialized
    23:42:53.219 | 362 ool-1-worker-126 | WARN  | .c.a.a.c.s.TitleCacheEvictionService : Unable to clear title of exercises from exercise group 339: Exercises not initialized
    23:42:53.219 | 362 ool-1-worker-126 | WARN  | .c.a.a.c.s.TitleCacheEvictionService : Unable to clear title of exercises from exercise group 340: Exercises not initialized
    23:42:53.219 | 362 ool-1-worker-126 | WARN  | .c.a.a.c.s.TitleCacheEvictionService : Unable to clear title of exercises from exercise group 341: Exercises not initialized
    23:42:53.223 | 362 ool-1-worker-126 | INFO  | .c.a.a.c.s.TitleCacheEvictionService : Evicted entry '526' from title cache 'examTitle'

  Starting logs for ExamParticipationIntegrationTest > testGetExamScore(boolean, boolean) [2] withCourseBonus=true, withSecondCorrectionAndStarted=false
    23:42:53.283 | 362 ool-1-worker-126 | DEBUG | d.t.c.a.a.c.u.util.UserUtilService   : Generate 3 students...
    23:42:53.290 | 362 ool-1-worker-126 | DEBUG | d.t.c.a.a.c.u.util.UserUtilService   : 3 students generated. Generate 2 tutors...
    23:42:53.294 | 362 ool-1-worker-126 | DEBUG | d.t.c.a.a.c.u.util.UserUtilService   : 2 tutors generated. Generate 0 editors...
    23:42:53.295 | 362 ool-1-worker-126 | DEBUG | d.t.c.a.a.c.u.util.UserUtilService   : 0 editors generated. Generate 1 instructors...
    23:42:53.298 | 362 ool-1-worker-126 | DEBUG | d.t.c.a.a.c.u.util.UserUtilService   : 1 instructors generated
    23:42:53.299 | 362 ool-1-worker-126 | DEBUG | d.t.c.a.a.c.u.util.UserUtilService   : Removing 6 users from all courses...
    23:42:53.300 | 362 ool-1-worker-126 | DEBUG | d.t.c.a.a.c.u.util.UserUtilService   : Removing 6 users from all courses. Done
    23:42:53.300 | 362 ool-1-worker-126 | DEBUG | d.t.c.a.a.c.u.util.UserUtilService   : Save 6 users to database...
    23:42:53.305 | 362 ool-1-worker-126 | DEBUG | d.t.c.a.a.c.u.util.UserUtilService   : Save 6 users to database. Done
    23:42:53.309 | 362 ool-1-worker-126 | INFO  | i.z.t.d.l.EmbeddedDatabaseReporter   : JDBC URL to connect to 'dataSource': url='jdbc:h2:tcp://localhost:41063/mem:736625c0-cf5e-400d-aeaa-8a7eabd6262b;USER=sa', scope='ExamParticipationIntegrationTest#testGetExamScore'
    23:42:53.460 | 362 ool-1-worker-126 | DEBUG | d.t.c.a.a.c.s.f.ApiVersionFilter     : Adding Version to Request POST /api/courses/219/exams/528/generate-student-exams
    23:42:53.461 | 362 ool-1-worker-126 | INFO  | d.t.c.a.a.exam.web.ExamResource      : REST request to generate student exams for exam 528
    23:42:53.469 | 362 ool-1-worker-126 | INFO  | d.t.c.a.a.e.s.ExamDeletionService    : User examparticipationtestinstructor1 has requested to delete existing student exams and participations for exam Real exam 1
    23:42:53.470 | 362 ool-1-worker-126 | INFO  | d.t.c.a.a.e.s.ParticipationService   : Request to delete all 0 participations of exercise with id : 595
    23:42:53.471 | 362 ool-1-worker-126 | INFO  | d.t.c.a.a.e.s.ParticipationService   : Request to delete all 0 participations of exercise with id : 596
    23:42:53.472 | 362 ool-1-worker-126 | INFO  | d.t.c.a.a.e.s.ParticipationService   : Request to delete all 0 participations of exercise with id : 597
    23:42:53.473 | 362 ool-1-worker-126 | INFO  | d.t.c.a.a.e.s.ParticipationService   : Request to delete all 0 participations of exercise with id : 598
    23:42:53.475 | 362 ool-1-worker-126 | INFO  | d.t.c.a.a.e.s.ParticipationService   : Request to delete all 0 participations of exercise with id : 599
    23:42:53.476 | 362 ool-1-worker-126 | INFO  | d.t.c.a.a.e.s.ParticipationService   : Request to delete all 0 participations of exercise with id : 600
    23:42:53.477 | 362 ool-1-worker-126 | INFO  | d.t.c.a.a.e.s.ParticipationService   : Request to delete all 0 participations of exercise with id : 601
    23:42:53.478 | 362 ool-1-worker-126 | INFO  | d.t.c.a.a.e.s.ParticipationService   : Request to delete all 0 participations of exercise with id : 602
    23:42:53.479 | 362 ool-1-worker-126 | INFO  | d.t.c.a.a.e.s.ParticipationService   : Request to delete all 0 participations of exercise with id : 603
    23:42:53.481 | 362 ool-1-worker-126 | INFO  | d.t.c.a.a.e.s.ParticipationService   : Request to delete all 0 participations of exercise with id : 604
    23:42:53.482 | 362 ool-1-worker-126 | INFO  | d.t.c.a.a.e.s.ParticipationService   : Request to delete all 0 participations of exercise with id : 605
    23:42:53.486 | 362 ool-1-worker-126 | INFO  | d.t.c.a.a.exam.web.ExamResource      : Generated 5 student exams in 25.58ms for exam 528
    23:42:53.601 | 362 ool-1-worker-126 | DEBUG | d.t.c.a.a.c.s.f.ApiVersionFilter     : Adding Version to Request POST /api/courses/219/exams/528/student-exams/start-exercises
    23:42:53.608 | 362 ool-1-worker-126 | DEBUG | d.t.c.a.a.exam.service.ExamService   : Finished combination of template commits for programming exercise ProgrammingExercise{id=605, templateRepositoryUri='https://version-control.fake.fake/git/SHORT9B45A2200A3DF048B50A4870A5250DDDB6DCT72B/short9b45a2200a3df048b50a4870a5250dddb6dct72b-exercise.git', solutionRepositoryUri='https://version-control.fake.fake/git/SHORT9B45A2200A3DF048B50A4870A5250DDDB6DCT72B/short9b45a2200a3df048b50a4870a5250dddb6dct72b-solution.git', templateBuildPlanId='SHORT9B45A2200A3DF048B50A4870A5250DDDB6DCT72B-BASE', solutionBuildPlanId='SHORT9B45A2200A3DF048B50A4870A5250DDDB6DCT72B-SOLUTION', allowOnlineEditor='null', allowOnlineIde='false', programmingLanguage='JAVA', packageName='de.test'', testCasesChanged='false'}
    23:42:53.609 | 362 ool-1-worker-126 | INFO  | d.t.c.a.a.e.web.StudentExamResource  : REST request to start exercises for student exams of exam 528
    23:42:53.631 | 092 ol-1216-thread-2 | INFO  | d.t.c.a.a.e.s.StudentExamService     : SUCCESS: Start exercise for student exam 114 and exercise 595 and student examparticipationteststudent1
    23:42:53.633 | 091 ol-1216-thread-1 | INFO  | d.t.c.a.a.e.s.StudentExamService     : SUCCESS: Start exercise for student exam 113 and exercise 595 and student examparticipationtesttutor2
    23:42:53.637 | 093 ol-1216-thread-3 | INFO  | d.t.c.a.a.e.s.StudentExamService     : SUCCESS: Start exercise for student exam 115 and exercise 596 and student examparticipationteststudent2
    23:42:53.645 | 094 ol-1216-thread-4 | INFO  | d.t.c.a.a.e.s.StudentExamService     : SUCCESS: Start exercise for student exam 116 and exercise 596 and student examparticipationteststudent3
    23:42:53.651 | 095 ol-1216-thread-5 | INFO  | d.t.c.a.a.e.s.StudentExamService     : SUCCESS: Start exercise for student exam 117 and exercise 596 and student examparticipationtesttutor1
    23:42:53.737 | 092 ol-1216-thread-2 | INFO  | d.t.c.a.a.e.s.StudentExamService     : SUCCESS: Start exercise for student exam 114 and exercise 598 and student examparticipationteststudent1
    23:42:53.739 | 093 ol-1216-thread-3 | INFO  | d.t.c.a.a.e.s.StudentExamService     : SUCCESS: Start exercise for student exam 115 and exercise 598 and student examparticipationteststudent2
    23:42:53.742 | 094 ol-1216-thread-4 | INFO  | d.t.c.a.a.e.s.StudentExamService     : SUCCESS: Start exercise for student exam 116 and exercise 598 and student examparticipationteststudent3
    23:42:53.749 | 095 ol-1216-thread-5 | INFO  | d.t.c.a.a.e.s.StudentExamService     : SUCCESS: Start exercise for student exam 117 and exercise 598 and student examparticipationtesttutor1
    23:42:53.753 | 091 ol-1216-thread-1 | INFO  | d.t.c.a.a.e.s.StudentExamService     : SUCCESS: Start exercise for student exam 113 and exercise 598 and student examparticipationtesttutor2
    23:42:53.758 | 092 ol-1216-thread-2 | INFO  | d.t.c.a.a.e.s.StudentExamService     : SUCCESS: Start exercise for student exam 114 and exercise 600 and student examparticipationteststudent1
    23:42:53.763 | 093 ol-1216-thread-3 | INFO  | d.t.c.a.a.e.s.StudentExamService     : SUCCESS: Start exercise for student exam 115 and exercise 600 and student examparticipationteststudent2
    23:42:53.764 | 095 ol-1216-thread-5 | INFO  | d.t.c.a.a.e.s.StudentExamService     : SUCCESS: Start exercise for student exam 117 and exercise 600 and student examparticipationtesttutor1
    23:42:53.767 | 094 ol-1216-thread-4 | INFO  | d.t.c.a.a.e.s.StudentExamService     : SUCCESS: Start exercise for student exam 116 and exercise 600 and student examparticipationteststudent3
    23:42:53.779 | 095 ol-1216-thread-5 | INFO  | d.t.c.a.a.e.s.StudentExamService     : SUCCESS: Start exercise for student exam 117 and exercise 602 and student examparticipationtesttutor1
    23:42:53.780 | 093 ol-1216-thread-3 | INFO  | d.t.c.a.a.e.s.StudentExamService     : SUCCESS: Start exercise for student exam 115 and exercise 601 and student examparticipationteststudent2
    23:42:53.781 | 091 ol-1216-thread-1 | INFO  | d.t.c.a.a.e.s.StudentExamService     : SUCCESS: Start exercise for student exam 113 and exercise 600 and student examparticipationtesttutor2
    23:42:53.782 | 092 ol-1216-thread-2 | INFO  | d.t.c.a.a.e.s.StudentExamService     : SUCCESS: Start exercise for student exam 114 and exercise 601 and student examparticipationteststudent1
    23:42:53.785 | 094 ol-1216-thread-4 | INFO  | d.t.c.a.a.e.s.StudentExamService     : SUCCESS: Start exercise for student exam 116 and exercise 601 and student examparticipationteststudent3
    23:42:53.796 | 095 ol-1216-thread-5 | INFO  | d.t.c.a.a.e.s.StudentExamService     : SUCCESS: Start exercise for student exam 117 and exercise 603 and student examparticipationtesttutor1
    23:42:53.800 | 091 ol-1216-thread-1 | INFO  | d.t.c.a.a.e.s.StudentExamService     : SUCCESS: Start exercise for student exam 113 and exercise 602 and student examparticipationtesttutor2
    23:42:53.801 | 092 ol-1216-thread-2 | INFO  | d.t.c.a.a.e.s.StudentExamService     : SUCCESS: Start exercise for student exam 114 and exercise 603 and student examparticipationteststudent1
    23:42:53.807 | 093 ol-1216-thread-3 | INFO  | d.t.c.a.a.e.s.StudentExamService     : SUCCESS: Start exercise for student exam 115 and exercise 603 and student examparticipationteststudent2
    23:42:53.809 | 094 ol-1216-thread-4 | INFO  | d.t.c.a.a.e.s.StudentExamService     : SUCCESS: Start exercise for student exam 116 and exercise 603 and student examparticipationteststudent3
    23:42:53.811 | 095 ol-1216-thread-5 | INFO  | d.t.c.a.a.e.s.StudentExamService     : SUCCESS: Start exercise for student exam 117 and exercise 604 and student examparticipationtesttutor1
    23:42:53.822 | 095 ol-1216-thread-5 | DEBUG | d.t.c.a.a.p.service.GitService       : Cloning from file:/tmp/exerciseOriginRepo11199690850274442053/ to repos/server-integration-test/studentOriginRepo5514443949317461226
    23:42:53.823 | 093 ol-1216-thread-3 | INFO  | d.t.c.a.a.e.s.StudentExamService     : SUCCESS: Start exercise for student exam 115 and exercise 604 and student examparticipationteststudent2
    23:42:53.824 | 091 ol-1216-thread-1 | INFO  | d.t.c.a.a.e.s.StudentExamService     : SUCCESS: Start exercise for student exam 113 and exercise 603 and student examparticipationtesttutor2
    23:42:53.825 | 092 ol-1216-thread-2 | INFO  | d.t.c.a.a.e.s.StudentExamService     : SUCCESS: Start exercise for student exam 114 and exercise 604 and student examparticipationteststudent1
    23:42:53.827 | 094 ol-1216-thread-4 | INFO  | d.t.c.a.a.e.s.StudentExamService     : SUCCESS: Start exercise for student exam 116 and exercise 604 and student examparticipationteststudent3
    23:42:53.828 | 092 ol-1216-thread-2 | DEBUG | d.t.c.a.a.p.service.GitService       : Cloning from file:/tmp/exerciseOriginRepo11199690850274442053/ to repos/server-integration-test/studentOriginRepo1513941176573782774
    23:42:53.829 | 094 ol-1216-thread-4 | DEBUG | d.t.c.a.a.p.service.GitService       : Cloning from file:/tmp/exerciseOriginRepo11199690850274442053/ to repos/server-integration-test/studentOriginRepo10946883050650628067
    23:42:53.831 | 093 ol-1216-thread-3 | DEBUG | d.t.c.a.a.p.service.GitService       : Cloning from file:/tmp/exerciseOriginRepo11199690850274442053/ to repos/server-integration-test/studentOriginRepo7212948477784139834
    23:42:53.838 | 091 ol-1216-thread-1 | INFO  | d.t.c.a.a.e.s.StudentExamService     : SUCCESS: Start exercise for student exam 113 and exercise 604 and student examparticipationtesttutor2
    23:42:53.842 | 091 ol-1216-thread-1 | DEBUG | d.t.c.a.a.p.service.GitService       : Cloning from file:/tmp/exerciseOriginRepo11199690850274442053/ to repos/server-integration-test/studentOriginRepo2722287934558743066
    23:42:53.865 | 095 ol-1216-thread-5 | ERROR | .a.a.p.s.j.b.JenkinsBuildPlanService : Pipeline Script not found
java.lang.IllegalArgumentException: Pipeline Script not found
	at de.tum.cit.aet.artemis.programming.service.jenkins.build_plan.JenkinsBuildPlanUtils.replaceScriptParameters(JenkinsBuildPlanUtils.java:22)
	at de.tum.cit.aet.artemis.programming.service.jenkins.build_plan.JenkinsBuildPlanService.updateBuildPlanURLs(JenkinsBuildPlanService.java:245)
	at de.tum.cit.aet.artemis.programming.service.jenkins.build_plan.JenkinsBuildPlanService.copyBuildPlan(JenkinsBuildPlanService.java:293)
	at de.tum.cit.aet.artemis.programming.service.jenkins.JenkinsService.copyBuildPlan(JenkinsService.java:128)
	at java.base/java.lang.invoke.MethodHandle.invokeWithArguments(MethodHandle.java:733)
	at org.mockito.internal.util.reflection.InstrumentationMemberAccessor$Dispatcher$ByteBuddy$oog9jsgw.invokeWithArguments(Unknown Source)
	at org.mockito.internal.util.reflection.InstrumentationMemberAccessor.invoke(InstrumentationMemberAccessor.java:251)
	at org.mockito.internal.util.reflection.ModuleMemberAccessor.invoke(ModuleMemberAccessor.java:55)
	at org.mockito.internal.creation.bytebuddy.MockMethodAdvice.tryInvoke(MockMethodAdvice.java:314)
	at org.mockito.internal.creation.bytebuddy.MockMethodAdvice$RealMethodCall.invoke(MockMethodAdvice.java:234)
	at org.mockito.internal.invocation.InterceptedInvocation.callRealMethod(InterceptedInvocation.java:142)
	at org.mockito.internal.stubbing.answers.CallsRealMethods.answer(CallsRealMethods.java:45)
	at org.mockito.Answers.answer(Answers.java:90)
	at org.mockito.internal.handler.MockHandlerImpl.handle(MockHandlerImpl.java:111)
	at org.mockito.internal.handler.NullResultGuardian.handle(NullResultGuardian.java:29)
	at org.mockito.internal.handler.InvocationNotifierHandler.handle(InvocationNotifierHandler.java:34)
	at org.mockito.internal.creation.bytebuddy.MockMethodInterceptor.doIntercept(MockMethodInterceptor.java:82)
	at org.mockito.internal.creation.bytebuddy.MockMethodAdvice.handle(MockMethodAdvice.java:134)
	at de.tum.cit.aet.artemis.programming.service.jenkins.JenkinsService.copyBuildPlan(JenkinsService.java:126)
	at de.tum.cit.aet.artemis.exercise.service.ParticipationService.copyBuildPlan(ParticipationService.java:518)
	at de.tum.cit.aet.artemis.exercise.service.ParticipationService.startProgrammingParticipation(ParticipationService.java:296)
	at de.tum.cit.aet.artemis.exercise.service.ParticipationService.startProgrammingExercise(ParticipationService.java:265)
	at de.tum.cit.aet.artemis.exercise.service.ParticipationService.startExerciseWithInitializationDate(ParticipationService.java:192)
	at de.tum.cit.aet.artemis.exercise.service.ParticipationService.startExercise(ParticipationService.java:151)
	at de.tum.cit.aet.artemis.exam.service.StudentExamService.setUpExerciseParticipationsAndSubmissionsWithInitializationDate(StudentExamService.java:686)
	at de.tum.cit.aet.artemis.exam.service.StudentExamService.setUpExerciseParticipationsAndSubmissions(StudentExamService.java:800)
	at de.tum.cit.aet.artemis.exam.service.StudentExamService.lambda$startExercises$15(StudentExamService.java:735)
	at java.base/java.util.concurrent.CompletableFuture$AsyncRun.run(CompletableFuture.java:1804)
	at java.base/java.util.concurrent.ThreadPoolExecutor.runWorker(ThreadPoolExecutor.java:1144)
	at java.base/java.util.concurrent.ThreadPoolExecutor$Worker.run(ThreadPoolExecutor.java:642)
	at java.base/java.lang.Thread.run(Thread.java:1583)
    23:42:53.874 | 094 ol-1216-thread-4 | ERROR | .a.a.p.s.j.b.JenkinsBuildPlanService : Pipeline Script not found
java.lang.IllegalArgumentException: Pipeline Script not found
	at de.tum.cit.aet.artemis.programming.service.jenkins.build_plan.JenkinsBuildPlanUtils.replaceScriptParameters(JenkinsBuildPlanUtils.java:22)
	at de.tum.cit.aet.artemis.programming.service.jenkins.build_plan.JenkinsBuildPlanService.updateBuildPlanURLs(JenkinsBuildPlanService.java:245)
	at de.tum.cit.aet.artemis.programming.service.jenkins.build_plan.JenkinsBuildPlanService.copyBuildPlan(JenkinsBuildPlanService.java:293)
	at de.tum.cit.aet.artemis.programming.service.jenkins.JenkinsService.copyBuildPlan(JenkinsService.java:128)
	at java.base/java.lang.invoke.MethodHandle.invokeWithArguments(MethodHandle.java:733)
	at org.mockito.internal.util.reflection.InstrumentationMemberAccessor$Dispatcher$ByteBuddy$oog9jsgw.invokeWithArguments(Unknown Source)
	at org.mockito.internal.util.reflection.InstrumentationMemberAccessor.invoke(InstrumentationMemberAccessor.java:251)
	at org.mockito.internal.util.reflection.ModuleMemberAccessor.invoke(ModuleMemberAccessor.java:55)
	at org.mockito.internal.creation.bytebuddy.MockMethodAdvice.tryInvoke(MockMethodAdvice.java:314)
	at org.mockito.internal.creation.bytebuddy.MockMethodAdvice$RealMethodCall.invoke(MockMethodAdvice.java:234)
	at org.mockito.internal.invocation.InterceptedInvocation.callRealMethod(InterceptedInvocation.java:142)
	at org.mockito.internal.stubbing.answers.CallsRealMethods.answer(CallsRealMethods.java:45)
	at org.mockito.Answers.answer(Answers.java:90)
	at org.mockito.internal.handler.MockHandlerImpl.handle(MockHandlerImpl.java:111)
	at org.mockito.internal.handler.NullResultGuardian.handle(NullResultGuardian.java:29)
	at org.mockito.internal.handler.InvocationNotifierHandler.handle(InvocationNotifierHandler.java:34)
	at org.mockito.internal.creation.bytebuddy.MockMethodInterceptor.doIntercept(MockMethodInterceptor.java:82)
	at org.mockito.internal.creation.bytebuddy.MockMethodAdvice.handle(MockMethodAdvice.java:134)
	at de.tum.cit.aet.artemis.programming.service.jenkins.JenkinsService.copyBuildPlan(JenkinsService.java:126)
	at de.tum.cit.aet.artemis.exercise.service.ParticipationService.copyBuildPlan(ParticipationService.java:518)
	at de.tum.cit.aet.artemis.exercise.service.ParticipationService.startProgrammingParticipation(ParticipationService.java:296)
	at de.tum.cit.aet.artemis.exercise.service.ParticipationService.startProgrammingExercise(ParticipationService.java:265)
	at de.tum.cit.aet.artemis.exercise.service.ParticipationService.startExerciseWithInitializationDate(ParticipationService.java:192)
	at de.tum.cit.aet.artemis.exercise.service.ParticipationService.startExercise(ParticipationService.java:151)
	at de.tum.cit.aet.artemis.exam.service.StudentExamService.setUpExerciseParticipationsAndSubmissionsWithInitializationDate(StudentExamService.java:686)
	at de.tum.cit.aet.artemis.exam.service.StudentExamService.setUpExerciseParticipationsAndSubmissions(StudentExamService.java:800)
	at de.tum.cit.aet.artemis.exam.service.StudentExamService.lambda$startExercises$15(StudentExamService.java:735)
	at java.base/java.util.concurrent.CompletableFuture$AsyncRun.run(CompletableFuture.java:1804)
	at java.base/java.util.concurrent.ThreadPoolExecutor.runWorker(ThreadPoolExecutor.java:1144)
	at java.base/java.util.concurrent.ThreadPoolExecutor$Worker.run(ThreadPoolExecutor.java:642)
	at java.base/java.lang.Thread.run(Thread.java:1583)
    23:42:53.881 | 091 ol-1216-thread-1 | ERROR | .a.a.p.s.j.b.JenkinsBuildPlanService : Pipeline Script not found
java.lang.IllegalArgumentException: Pipeline Script not found
	at de.tum.cit.aet.artemis.programming.service.jenkins.build_plan.JenkinsBuildPlanUtils.replaceScriptParameters(JenkinsBuildPlanUtils.java:22)
	at de.tum.cit.aet.artemis.programming.service.jenkins.build_plan.JenkinsBuildPlanService.updateBuildPlanURLs(JenkinsBuildPlanService.java:245)
	at de.tum.cit.aet.artemis.programming.service.jenkins.build_plan.JenkinsBuildPlanService.copyBuildPlan(JenkinsBuildPlanService.java:293)
	at de.tum.cit.aet.artemis.programming.service.jenkins.JenkinsService.copyBuildPlan(JenkinsService.java:128)
	at java.base/java.lang.invoke.MethodHandle.invokeWithArguments(MethodHandle.java:733)
	at org.mockito.internal.util.reflection.InstrumentationMemberAccessor$Dispatcher$ByteBuddy$oog9jsgw.invokeWithArguments(Unknown Source)
	at org.mockito.internal.util.reflection.InstrumentationMemberAccessor.invoke(InstrumentationMemberAccessor.java:251)
	at org.mockito.internal.util.reflection.ModuleMemberAccessor.invoke(ModuleMemberAccessor.java:55)
	at org.mockito.internal.creation.bytebuddy.MockMethodAdvice.tryInvoke(MockMethodAdvice.java:314)
	at org.mockito.internal.creation.bytebuddy.MockMethodAdvice$RealMethodCall.invoke(MockMethodAdvice.java:234)
	at org.mockito.internal.invocation.InterceptedInvocation.callRealMethod(InterceptedInvocation.java:142)
	at org.mockito.internal.stubbing.answers.CallsRealMethods.answer(CallsRealMethods.java:45)
	at org.mockito.Answers.answer(Answers.java:90)
	at org.mockito.internal.handler.MockHandlerImpl.handle(MockHandlerImpl.java:111)
	at org.mockito.internal.handler.NullResultGuardian.handle(NullResultGuardian.java:29)
	at org.mockito.internal.handler.InvocationNotifierHandler.handle(InvocationNotifierHandler.java:34)
	at org.mockito.internal.creation.bytebuddy.MockMethodInterceptor.doIntercept(MockMethodInterceptor.java:82)
	at org.mockito.internal.creation.bytebuddy.MockMethodAdvice.handle(MockMethodAdvice.java:134)
	at de.tum.cit.aet.artemis.programming.service.jenkins.JenkinsService.copyBuildPlan(JenkinsService.java:126)
	at de.tum.cit.aet.artemis.exercise.service.ParticipationService.copyBuildPlan(ParticipationService.java:518)
	at de.tum.cit.aet.artemis.exercise.service.ParticipationService.startProgrammingParticipation(ParticipationService.java:296)
	at de.tum.cit.aet.artemis.exercise.service.ParticipationService.startProgrammingExercise(ParticipationService.java:265)
	at de.tum.cit.aet.artemis.exercise.service.ParticipationService.startExerciseWithInitializationDate(ParticipationService.java:192)
	at de.tum.cit.aet.artemis.exercise.service.ParticipationService.startExercise(ParticipationService.java:151)
	at de.tum.cit.aet.artemis.exam.service.StudentExamService.setUpExerciseParticipationsAndSubmissionsWithInitializationDate(StudentExamService.java:686)
	at de.tum.cit.aet.artemis.exam.service.StudentExamService.setUpExerciseParticipationsAndSubmissions(StudentExamService.java:800)
	at de.tum.cit.aet.artemis.exam.service.StudentExamService.lambda$startExercises$15(StudentExamService.java:735)
	at java.base/java.util.concurrent.CompletableFuture$AsyncRun.run(CompletableFuture.java:1804)
	at java.base/java.util.concurrent.ThreadPoolExecutor.runWorker(ThreadPoolExecutor.java:1144)
	at java.base/java.util.concurrent.ThreadPoolExecutor$Worker.run(ThreadPoolExecutor.java:642)
	at java.base/java.lang.Thread.run(Thread.java:1583)
    23:42:53.889 | 091 ol-1216-thread-1 | ERROR | .a.a.p.s.j.b.JenkinsBuildPlanService : Pipeline Script not found
java.lang.IllegalArgumentException: Pipeline Script not found
	at de.tum.cit.aet.artemis.programming.service.jenkins.build_plan.JenkinsBuildPlanUtils.replaceScriptParameters(JenkinsBuildPlanUtils.java:29)
	at de.tum.cit.aet.artemis.programming.service.jenkins.build_plan.JenkinsBuildPlanService.updateBuildPlanRepositories(JenkinsBuildPlanService.java:219)
	at de.tum.cit.aet.artemis.programming.service.jenkins.build_plan.JenkinsBuildPlanService.configureBuildPlanForParticipation(JenkinsBuildPlanService.java:196)
	at de.tum.cit.aet.artemis.programming.service.jenkins.JenkinsService.configureBuildPlan(JenkinsService.java:138)
	at java.base/java.lang.invoke.MethodHandle.invokeWithArguments(MethodHandle.java:733)
	at org.mockito.internal.util.reflection.InstrumentationMemberAccessor$Dispatcher$ByteBuddy$oog9jsgw.invokeWithArguments(Unknown Source)
	at org.mockito.internal.util.reflection.InstrumentationMemberAccessor.invoke(InstrumentationMemberAccessor.java:251)
	at org.mockito.internal.util.reflection.ModuleMemberAccessor.invoke(ModuleMemberAccessor.java:55)
	at org.mockito.internal.creation.bytebuddy.MockMethodAdvice.tryInvoke(MockMethodAdvice.java:314)
	at org.mockito.internal.creation.bytebuddy.MockMethodAdvice$RealMethodCall.invoke(MockMethodAdvice.java:234)
	at org.mockito.internal.invocation.InterceptedInvocation.callRealMethod(InterceptedInvocation.java:142)
	at org.mockito.internal.stubbing.answers.CallsRealMethods.answer(CallsRealMethods.java:45)
	at org.mockito.Answers.answer(Answers.java:90)
	at org.mockito.internal.handler.MockHandlerImpl.handle(MockHandlerImpl.java:111)
	at org.mockito.internal.handler.NullResultGuardian.handle(NullResultGuardian.java:29)
	at org.mockito.internal.handler.InvocationNotifierHandler.handle(InvocationNotifierHandler.java:34)
	at org.mockito.internal.creation.bytebuddy.MockMethodInterceptor.doIntercept(MockMethodInterceptor.java:82)
	at org.mockito.internal.creation.bytebuddy.MockMethodAdvice.handle(MockMethodAdvice.java:134)
	at de.tum.cit.aet.artemis.programming.service.jenkins.JenkinsService.configureBuildPlan(JenkinsService.java:138)
	at de.tum.cit.aet.artemis.exercise.service.ParticipationService.configureBuildPlan(ParticipationService.java:532)
	at de.tum.cit.aet.artemis.exercise.service.ParticipationService.startProgrammingParticipation(ParticipationService.java:298)
	at de.tum.cit.aet.artemis.exercise.service.ParticipationService.startProgrammingExercise(ParticipationService.java:265)
	at de.tum.cit.aet.artemis.exercise.service.ParticipationService.startExerciseWithInitializationDate(ParticipationService.java:192)
	at de.tum.cit.aet.artemis.exercise.service.ParticipationService.startExercise(ParticipationService.java:151)
	at de.tum.cit.aet.artemis.exam.service.StudentExamService.setUpExerciseParticipationsAndSubmissionsWithInitializationDate(StudentExamService.java:686)
	at de.tum.cit.aet.artemis.exam.service.StudentExamService.setUpExerciseParticipationsAndSubmissions(StudentExamService.java:800)
	at de.tum.cit.aet.artemis.exam.service.StudentExamService.lambda$startExercises$15(StudentExamService.java:735)
	at java.base/java.util.concurrent.CompletableFuture$AsyncRun.run(CompletableFuture.java:1804)
	at java.base/java.util.concurrent.ThreadPoolExecutor.runWorker(ThreadPoolExecutor.java:1144)
	at java.base/java.util.concurrent.ThreadPoolExecutor$Worker.run(ThreadPoolExecutor.java:642)
	at java.base/java.lang.Thread.run(Thread.java:1583)
    23:42:53.890 | 094 ol-1216-thread-4 | ERROR | .a.a.p.s.j.b.JenkinsBuildPlanService : Pipeline Script not found
java.lang.IllegalArgumentException: Pipeline Script not found
	at de.tum.cit.aet.artemis.programming.service.jenkins.build_plan.JenkinsBuildPlanUtils.replaceScriptParameters(JenkinsBuildPlanUtils.java:29)
	at de.tum.cit.aet.artemis.programming.service.jenkins.build_plan.JenkinsBuildPlanService.updateBuildPlanRepositories(JenkinsBuildPlanService.java:219)
	at de.tum.cit.aet.artemis.programming.service.jenkins.build_plan.JenkinsBuildPlanService.configureBuildPlanForParticipation(JenkinsBuildPlanService.java:196)
	at de.tum.cit.aet.artemis.programming.service.jenkins.JenkinsService.configureBuildPlan(JenkinsService.java:138)
	at java.base/java.lang.invoke.MethodHandle.invokeWithArguments(MethodHandle.java:733)
	at org.mockito.internal.util.reflection.InstrumentationMemberAccessor$Dispatcher$ByteBuddy$oog9jsgw.invokeWithArguments(Unknown Source)
	at org.mockito.internal.util.reflection.InstrumentationMemberAccessor.invoke(InstrumentationMemberAccessor.java:251)
	at org.mockito.internal.util.reflection.ModuleMemberAccessor.invoke(ModuleMemberAccessor.java:55)
	at org.mockito.internal.creation.bytebuddy.MockMethodAdvice.tryInvoke(MockMethodAdvice.java:314)
	at org.mockito.internal.creation.bytebuddy.MockMethodAdvice$RealMethodCall.invoke(MockMethodAdvice.java:234)
	at org.mockito.internal.invocation.InterceptedInvocation.callRealMethod(InterceptedInvocation.java:142)
	at org.mockito.internal.stubbing.answers.CallsRealMethods.answer(CallsRealMethods.java:45)
	at org.mockito.Answers.answer(Answers.java:90)
	at org.mockito.internal.handler.MockHandlerImpl.handle(MockHandlerImpl.java:111)
	at org.mockito.internal.handler.NullResultGuardian.handle(NullResultGuardian.java:29)
	at org.mockito.internal.handler.InvocationNotifierHandler.handle(InvocationNotifierHandler.java:34)
	at org.mockito.internal.creation.bytebuddy.MockMethodInterceptor.doIntercept(MockMethodInterceptor.java:82)
	at org.mockito.internal.creation.bytebuddy.MockMethodAdvice.handle(MockMethodAdvice.java:134)
	at de.tum.cit.aet.artemis.programming.service.jenkins.JenkinsService.configureBuildPlan(JenkinsService.java:138)
	at de.tum.cit.aet.artemis.exercise.service.ParticipationService.configureBuildPlan(ParticipationService.java:532)
	at de.tum.cit.aet.artemis.exercise.service.ParticipationService.startProgrammingParticipation(ParticipationService.java:298)
	at de.tum.cit.aet.artemis.exercise.service.ParticipationService.startProgrammingExercise(ParticipationService.java:265)
	at de.tum.cit.aet.artemis.exercise.service.ParticipationService.startExerciseWithInitializationDate(ParticipationService.java:192)
	at de.tum.cit.aet.artemis.exercise.service.ParticipationService.startExercise(ParticipationService.java:151)
	at de.tum.cit.aet.artemis.exam.service.StudentExamService.setUpExerciseParticipationsAndSubmissionsWithInitializationDate(StudentExamService.java:686)
	at de.tum.cit.aet.artemis.exam.service.StudentExamService.setUpExerciseParticipationsAndSubmissions(StudentExamService.java:800)
	at de.tum.cit.aet.artemis.exam.service.StudentExamService.lambda$startExercises$15(StudentExamService.java:735)
	at java.base/java.util.concurrent.CompletableFuture$AsyncRun.run(CompletableFuture.java:1804)
	at java.base/java.util.concurrent.ThreadPoolExecutor.runWorker(ThreadPoolExecutor.java:1144)
	at java.base/java.util.concurrent.ThreadPoolExecutor$Worker.run(ThreadPoolExecutor.java:642)
	at java.base/java.lang.Thread.run(Thread.java:1583)
    23:42:53.890 | 095 ol-1216-thread-5 | ERROR | .a.a.p.s.j.b.JenkinsBuildPlanService : Pipeline Script not found
java.lang.IllegalArgumentException: Pipeline Script not found
	at de.tum.cit.aet.artemis.programming.service.jenkins.build_plan.JenkinsBuildPlanUtils.replaceScriptParameters(JenkinsBuildPlanUtils.java:29)
	at de.tum.cit.aet.artemis.programming.service.jenkins.build_plan.JenkinsBuildPlanService.updateBuildPlanRepositories(JenkinsBuildPlanService.java:219)
	at de.tum.cit.aet.artemis.programming.service.jenkins.build_plan.JenkinsBuildPlanService.configureBuildPlanForParticipation(JenkinsBuildPlanService.java:196)
	at de.tum.cit.aet.artemis.programming.service.jenkins.JenkinsService.configureBuildPlan(JenkinsService.java:138)
	at java.base/java.lang.invoke.MethodHandle.invokeWithArguments(MethodHandle.java:733)
	at org.mockito.internal.util.reflection.InstrumentationMemberAccessor$Dispatcher$ByteBuddy$oog9jsgw.invokeWithArguments(Unknown Source)
	at org.mockito.internal.util.reflection.InstrumentationMemberAccessor.invoke(InstrumentationMemberAccessor.java:251)
	at org.mockito.internal.util.reflection.ModuleMemberAccessor.invoke(ModuleMemberAccessor.java:55)
	at org.mockito.internal.creation.bytebuddy.MockMethodAdvice.tryInvoke(MockMethodAdvice.java:314)
	at org.mockito.internal.creation.bytebuddy.MockMethodAdvice$RealMethodCall.invoke(MockMethodAdvice.java:234)
	at org.mockito.internal.invocation.InterceptedInvocation.callRealMethod(InterceptedInvocation.java:142)
	at org.mockito.internal.stubbing.answers.CallsRealMethods.answer(CallsRealMethods.java:45)
	at org.mockito.Answers.answer(Answers.java:90)
	at org.mockito.internal.handler.MockHandlerImpl.handle(MockHandlerImpl.java:111)
	at org.mockito.internal.handler.NullResultGuardian.handle(NullResultGuardian.java:29)
	at org.mockito.internal.handler.InvocationNotifierHandler.handle(InvocationNotifierHandler.java:34)
	at org.mockito.internal.creation.bytebuddy.MockMethodInterceptor.doIntercept(MockMethodInterceptor.java:82)
	at org.mockito.internal.creation.bytebuddy.MockMethodAdvice.handle(MockMethodAdvice.java:134)
	at de.tum.cit.aet.artemis.programming.service.jenkins.JenkinsService.configureBuildPlan(JenkinsService.java:138)
	at de.tum.cit.aet.artemis.exercise.service.ParticipationService.configureBuildPlan(ParticipationService.java:532)
	at de.tum.cit.aet.artemis.exercise.service.ParticipationService.startProgrammingParticipation(ParticipationService.java:298)
	at de.tum.cit.aet.artemis.exercise.service.ParticipationService.startProgrammingExercise(ParticipationService.java:265)
	at de.tum.cit.aet.artemis.exercise.service.ParticipationService.startExerciseWithInitializationDate(ParticipationService.java:192)
	at de.tum.cit.aet.artemis.exercise.service.ParticipationService.startExercise(ParticipationService.java:151)
	at de.tum.cit.aet.artemis.exam.service.StudentExamService.setUpExerciseParticipationsAndSubmissionsWithInitializationDate(StudentExamService.java:686)
	at de.tum.cit.aet.artemis.exam.service.StudentExamService.setUpExerciseParticipationsAndSubmissions(StudentExamService.java:800)
	at de.tum.cit.aet.artemis.exam.service.StudentExamService.lambda$startExercises$15(StudentExamService.java:735)
	at java.base/java.util.concurrent.CompletableFuture$AsyncRun.run(CompletableFuture.java:1804)
	at java.base/java.util.concurrent.ThreadPoolExecutor.runWorker(ThreadPoolExecutor.java:1144)
	at java.base/java.util.concurrent.ThreadPoolExecutor$Worker.run(ThreadPoolExecutor.java:642)
	at java.base/java.lang.Thread.run(Thread.java:1583)
    23:42:53.893 | 093 ol-1216-thread-3 | ERROR | .a.a.p.s.j.b.JenkinsBuildPlanService : Pipeline Script not found
java.lang.IllegalArgumentException: Pipeline Script not found
	at de.tum.cit.aet.artemis.programming.service.jenkins.build_plan.JenkinsBuildPlanUtils.replaceScriptParameters(JenkinsBuildPlanUtils.java:22)
	at de.tum.cit.aet.artemis.programming.service.jenkins.build_plan.JenkinsBuildPlanService.updateBuildPlanURLs(JenkinsBuildPlanService.java:245)
	at de.tum.cit.aet.artemis.programming.service.jenkins.build_plan.JenkinsBuildPlanService.copyBuildPlan(JenkinsBuildPlanService.java:293)
	at de.tum.cit.aet.artemis.programming.service.jenkins.JenkinsService.copyBuildPlan(JenkinsService.java:128)
	at java.base/java.lang.invoke.MethodHandle.invokeWithArguments(MethodHandle.java:733)
	at org.mockito.internal.util.reflection.InstrumentationMemberAccessor$Dispatcher$ByteBuddy$oog9jsgw.invokeWithArguments(Unknown Source)
	at org.mockito.internal.util.reflection.InstrumentationMemberAccessor.invoke(InstrumentationMemberAccessor.java:251)
	at org.mockito.internal.util.reflection.ModuleMemberAccessor.invoke(ModuleMemberAccessor.java:55)
	at org.mockito.internal.creation.bytebuddy.MockMethodAdvice.tryInvoke(MockMethodAdvice.java:314)
	at org.mockito.internal.creation.bytebuddy.MockMethodAdvice$RealMethodCall.invoke(MockMethodAdvice.java:234)
	at org.mockito.internal.invocation.InterceptedInvocation.callRealMethod(InterceptedInvocation.java:142)
	at org.mockito.internal.stubbing.answers.CallsRealMethods.answer(CallsRealMethods.java:45)
	at org.mockito.Answers.answer(Answers.java:90)
	at org.mockito.internal.handler.MockHandlerImpl.handle(MockHandlerImpl.java:111)
	at org.mockito.internal.handler.NullResultGuardian.handle(NullResultGuardian.java:29)
	at org.mockito.internal.handler.InvocationNotifierHandler.handle(InvocationNotifierHandler.java:34)
	at org.mockito.internal.creation.bytebuddy.MockMethodInterceptor.doIntercept(MockMethodInterceptor.java:82)
	at org.mockito.internal.creation.bytebuddy.MockMethodAdvice.handle(MockMethodAdvice.java:134)
	at de.tum.cit.aet.artemis.programming.service.jenkins.JenkinsService.copyBuildPlan(JenkinsService.java:126)
	at de.tum.cit.aet.artemis.exercise.service.ParticipationService.copyBuildPlan(ParticipationService.java:518)
	at de.tum.cit.aet.artemis.exercise.service.ParticipationService.startProgrammingParticipation(ParticipationService.java:296)
	at de.tum.cit.aet.artemis.exercise.service.ParticipationService.startProgrammingExercise(ParticipationService.java:265)
	at de.tum.cit.aet.artemis.exercise.service.ParticipationService.startExerciseWithInitializationDate(ParticipationService.java:192)
	at de.tum.cit.aet.artemis.exercise.service.ParticipationService.startExercise(ParticipationService.java:151)
	at de.tum.cit.aet.artemis.exam.service.StudentExamService.setUpExerciseParticipationsAndSubmissionsWithInitializationDate(StudentExamService.java:686)
	at de.tum.cit.aet.artemis.exam.service.StudentExamService.setUpExerciseParticipationsAndSubmissions(StudentExamService.java:800)
	at de.tum.cit.aet.artemis.exam.service.StudentExamService.lambda$startExercises$15(StudentExamService.java:735)
	at java.base/java.util.concurrent.CompletableFuture$AsyncRun.run(CompletableFuture.java:1804)
	at java.base/java.util.concurrent.ThreadPoolExecutor.runWorker(ThreadPoolExecutor.java:1144)
	at java.base/java.util.concurrent.ThreadPoolExecutor$Worker.run(ThreadPoolExecutor.java:642)
	at java.base/java.lang.Thread.run(Thread.java:1583)
    23:42:53.901 | 092 ol-1216-thread-2 | ERROR | .a.a.p.s.j.b.JenkinsBuildPlanService : Pipeline Script not found
java.lang.IllegalArgumentException: Pipeline Script not found
	at de.tum.cit.aet.artemis.programming.service.jenkins.build_plan.JenkinsBuildPlanUtils.replaceScriptParameters(JenkinsBuildPlanUtils.java:22)
	at de.tum.cit.aet.artemis.programming.service.jenkins.build_plan.JenkinsBuildPlanService.updateBuildPlanURLs(JenkinsBuildPlanService.java:245)
	at de.tum.cit.aet.artemis.programming.service.jenkins.build_plan.JenkinsBuildPlanService.copyBuildPlan(JenkinsBuildPlanService.java:293)
	at de.tum.cit.aet.artemis.programming.service.jenkins.JenkinsService.copyBuildPlan(JenkinsService.java:128)
	at java.base/java.lang.invoke.MethodHandle.invokeWithArguments(MethodHandle.java:733)
	at org.mockito.internal.util.reflection.InstrumentationMemberAccessor$Dispatcher$ByteBuddy$oog9jsgw.invokeWithArguments(Unknown Source)
	at org.mockito.internal.util.reflection.InstrumentationMemberAccessor.invoke(InstrumentationMemberAccessor.java:251)
	at org.mockito.internal.util.reflection.ModuleMemberAccessor.invoke(ModuleMemberAccessor.java:55)
	at org.mockito.internal.creation.bytebuddy.MockMethodAdvice.tryInvoke(MockMethodAdvice.java:314)
	at org.mockito.internal.creation.bytebuddy.MockMethodAdvice$RealMethodCall.invoke(MockMethodAdvice.java:234)
	at org.mockito.internal.invocation.InterceptedInvocation.callRealMethod(InterceptedInvocation.java:142)
	at org.mockito.internal.stubbing.answers.CallsRealMethods.answer(CallsRealMethods.java:45)
	at org.mockito.Answers.answer(Answers.java:90)
	at org.mockito.internal.handler.MockHandlerImpl.handle(MockHandlerImpl.java:111)
	at org.mockito.internal.handler.NullResultGuardian.handle(NullResultGuardian.java:29)
	at org.mockito.internal.handler.InvocationNotifierHandler.handle(InvocationNotifierHandler.java:34)
	at org.mockito.internal.creation.bytebuddy.MockMethodInterceptor.doIntercept(MockMethodInterceptor.java:82)
	at org.mockito.internal.creation.bytebuddy.MockMethodAdvice.handle(MockMethodAdvice.java:134)
	at de.tum.cit.aet.artemis.programming.service.jenkins.JenkinsService.copyBuildPlan(JenkinsService.java:126)
	at de.tum.cit.aet.artemis.exercise.service.ParticipationService.copyBuildPlan(ParticipationService.java:518)
	at de.tum.cit.aet.artemis.exercise.service.ParticipationService.startProgrammingParticipation(ParticipationService.java:296)
	at de.tum.cit.aet.artemis.exercise.service.ParticipationService.startProgrammingExercise(ParticipationService.java:265)
	at de.tum.cit.aet.artemis.exercise.service.ParticipationService.startExerciseWithInitializationDate(ParticipationService.java:192)
	at de.tum.cit.aet.artemis.exercise.service.ParticipationService.startExercise(ParticipationService.java:151)
	at de.tum.cit.aet.artemis.exam.service.StudentExamService.setUpExerciseParticipationsAndSubmissionsWithInitializationDate(StudentExamService.java:686)
	at de.tum.cit.aet.artemis.exam.service.StudentExamService.setUpExerciseParticipationsAndSubmissions(StudentExamService.java:800)
	at de.tum.cit.aet.artemis.exam.service.StudentExamService.lambda$startExercises$15(StudentExamService.java:735)
	at java.base/java.util.concurrent.CompletableFuture$AsyncRun.run(CompletableFuture.java:1804)
	at java.base/java.util.concurrent.ThreadPoolExecutor.runWorker(ThreadPoolExecutor.java:1144)
	at java.base/java.util.concurrent.ThreadPoolExecutor$Worker.run(ThreadPoolExecutor.java:642)
	at java.base/java.lang.Thread.run(Thread.java:1583)
    23:42:53.912 | 093 ol-1216-thread-3 | ERROR | .a.a.p.s.j.b.JenkinsBuildPlanService : Pipeline Script not found
java.lang.IllegalArgumentException: Pipeline Script not found
	at de.tum.cit.aet.artemis.programming.service.jenkins.build_plan.JenkinsBuildPlanUtils.replaceScriptParameters(JenkinsBuildPlanUtils.java:29)
	at de.tum.cit.aet.artemis.programming.service.jenkins.build_plan.JenkinsBuildPlanService.updateBuildPlanRepositories(JenkinsBuildPlanService.java:219)
	at de.tum.cit.aet.artemis.programming.service.jenkins.build_plan.JenkinsBuildPlanService.configureBuildPlanForParticipation(JenkinsBuildPlanService.java:196)
	at de.tum.cit.aet.artemis.programming.service.jenkins.JenkinsService.configureBuildPlan(JenkinsService.java:138)
	at java.base/java.lang.invoke.MethodHandle.invokeWithArguments(MethodHandle.java:733)
	at org.mockito.internal.util.reflection.InstrumentationMemberAccessor$Dispatcher$ByteBuddy$oog9jsgw.invokeWithArguments(Unknown Source)
	at org.mockito.internal.util.reflection.InstrumentationMemberAccessor.invoke(InstrumentationMemberAccessor.java:251)
	at org.mockito.internal.util.reflection.ModuleMemberAccessor.invoke(ModuleMemberAccessor.java:55)
	at org.mockito.internal.creation.bytebuddy.MockMethodAdvice.tryInvoke(MockMethodAdvice.java:314)
	at org.mockito.internal.creation.bytebuddy.MockMethodAdvice$RealMethodCall.invoke(MockMethodAdvice.java:234)
	at org.mockito.internal.invocation.InterceptedInvocation.callRealMethod(InterceptedInvocation.java:142)
	at org.mockito.internal.stubbing.answers.CallsRealMethods.answer(CallsRealMethods.java:45)
	at org.mockito.Answers.answer(Answers.java:90)
	at org.mockito.internal.handler.MockHandlerImpl.handle(MockHandlerImpl.java:111)
	at org.mockito.internal.handler.NullResultGuardian.handle(NullResultGuardian.java:29)
	at org.mockito.internal.handler.InvocationNotifierHandler.handle(InvocationNotifierHandler.java:34)
	at org.mockito.internal.creation.bytebuddy.MockMethodInterceptor.doIntercept(MockMethodInterceptor.java:82)
	at org.mockito.internal.creation.bytebuddy.MockMethodAdvice.handle(MockMethodAdvice.java:134)
	at de.tum.cit.aet.artemis.programming.service.jenkins.JenkinsService.configureBuildPlan(JenkinsService.java:138)
	at de.tum.cit.aet.artemis.exercise.service.ParticipationService.configureBuildPlan(ParticipationService.java:532)
	at de.tum.cit.aet.artemis.exercise.service.ParticipationService.startProgrammingParticipation(ParticipationService.java:298)
	at de.tum.cit.aet.artemis.exercise.service.ParticipationService.startProgrammingExercise(ParticipationService.java:265)
	at de.tum.cit.aet.artemis.exercise.service.ParticipationService.startExerciseWithInitializationDate(ParticipationService.java:192)
	at de.tum.cit.aet.artemis.exercise.service.ParticipationService.startExercise(ParticipationService.java:151)
	at de.tum.cit.aet.artemis.exam.service.StudentExamService.setUpExerciseParticipationsAndSubmissionsWithInitializationDate(StudentExamService.java:686)
	at de.tum.cit.aet.artemis.exam.service.StudentExamService.setUpExerciseParticipationsAndSubmissions(StudentExamService.java:800)
	at de.tum.cit.aet.artemis.exam.service.StudentExamService.lambda$startExercises$15(StudentExamService.java:735)
	at java.base/java.util.concurrent.CompletableFuture$AsyncRun.run(CompletableFuture.java:1804)
	at java.base/java.util.concurrent.ThreadPoolExecutor.runWorker(ThreadPoolExecutor.java:1144)
	at java.base/java.util.concurrent.ThreadPoolExecutor$Worker.run(ThreadPoolExecutor.java:642)
	at java.base/java.lang.Thread.run(Thread.java:1583)
    23:42:53.913 | 095 ol-1216-thread-5 | INFO  | d.t.c.a.a.p.s.gitlab.GitLabService   : Adding user 1 with permissions 30 to repository SHORT9B45A2200A3DF048B50A4870A5250DDDB6DCT72B/short9b45a2200a3df048b50a4870a5250dddb6dct72b-examparticipationtesttutor1
    23:42:53.914 | 095 ol-1216-thread-5 | INFO  | d.t.c.a.a.e.s.StudentExamService     : SUCCESS: Start exercise for student exam 117 and exercise 605 and student examparticipationtesttutor1
    23:42:53.915 | 091 ol-1216-thread-1 | INFO  | d.t.c.a.a.p.s.gitlab.GitLabService   : Adding user 1 with permissions 30 to repository SHORT9B45A2200A3DF048B50A4870A5250DDDB6DCT72B/short9b45a2200a3df048b50a4870a5250dddb6dct72b-examparticipationtesttutor2
    23:42:53.915 | 094 ol-1216-thread-4 | INFO  | d.t.c.a.a.p.s.gitlab.GitLabService   : Adding user 1 with permissions 30 to repository SHORT9B45A2200A3DF048B50A4870A5250DDDB6DCT72B/short9b45a2200a3df048b50a4870a5250dddb6dct72b-examparticipationteststudent3
    23:42:53.916 | 094 ol-1216-thread-4 | INFO  | d.t.c.a.a.e.s.StudentExamService     : SUCCESS: Start exercise for student exam 116 and exercise 605 and student examparticipationteststudent3
    23:42:53.917 | 091 ol-1216-thread-1 | INFO  | d.t.c.a.a.e.s.StudentExamService     : SUCCESS: Start exercise for student exam 113 and exercise 605 and student examparticipationtesttutor2
    23:42:53.918 | 092 ol-1216-thread-2 | ERROR | .a.a.p.s.j.b.JenkinsBuildPlanService : Pipeline Script not found
java.lang.IllegalArgumentException: Pipeline Script not found
	at de.tum.cit.aet.artemis.programming.service.jenkins.build_plan.JenkinsBuildPlanUtils.replaceScriptParameters(JenkinsBuildPlanUtils.java:29)
	at de.tum.cit.aet.artemis.programming.service.jenkins.build_plan.JenkinsBuildPlanService.updateBuildPlanRepositories(JenkinsBuildPlanService.java:219)
	at de.tum.cit.aet.artemis.programming.service.jenkins.build_plan.JenkinsBuildPlanService.configureBuildPlanForParticipation(JenkinsBuildPlanService.java:196)
	at de.tum.cit.aet.artemis.programming.service.jenkins.JenkinsService.configureBuildPlan(JenkinsService.java:138)
	at java.base/java.lang.invoke.MethodHandle.invokeWithArguments(MethodHandle.java:733)
	at org.mockito.internal.util.reflection.InstrumentationMemberAccessor$Dispatcher$ByteBuddy$oog9jsgw.invokeWithArguments(Unknown Source)
	at org.mockito.internal.util.reflection.InstrumentationMemberAccessor.invoke(InstrumentationMemberAccessor.java:251)
	at org.mockito.internal.util.reflection.ModuleMemberAccessor.invoke(ModuleMemberAccessor.java:55)
	at org.mockito.internal.creation.bytebuddy.MockMethodAdvice.tryInvoke(MockMethodAdvice.java:314)
	at org.mockito.internal.creation.bytebuddy.MockMethodAdvice$RealMethodCall.invoke(MockMethodAdvice.java:234)
	at org.mockito.internal.invocation.InterceptedInvocation.callRealMethod(InterceptedInvocation.java:142)
	at org.mockito.internal.stubbing.answers.CallsRealMethods.answer(CallsRealMethods.java:45)
	at org.mockito.Answers.answer(Answers.java:90)
	at org.mockito.internal.handler.MockHandlerImpl.handle(MockHandlerImpl.java:111)
	at org.mockito.internal.handler.NullResultGuardian.handle(NullResultGuardian.java:29)
	at org.mockito.internal.handler.InvocationNotifierHandler.handle(InvocationNotifierHandler.java:34)
	at org.mockito.internal.creation.bytebuddy.MockMethodInterceptor.doIntercept(MockMethodInterceptor.java:82)
	at org.mockito.internal.creation.bytebuddy.MockMethodAdvice.handle(MockMethodAdvice.java:134)
	at de.tum.cit.aet.artemis.programming.service.jenkins.JenkinsService.configureBuildPlan(JenkinsService.java:138)
	at de.tum.cit.aet.artemis.exercise.service.ParticipationService.configureBuildPlan(ParticipationService.java:532)
	at de.tum.cit.aet.artemis.exercise.service.ParticipationService.startProgrammingParticipation(ParticipationService.java:298)
	at de.tum.cit.aet.artemis.exercise.service.ParticipationService.startProgrammingExercise(ParticipationService.java:265)
	at de.tum.cit.aet.artemis.exercise.service.ParticipationService.startExerciseWithInitializationDate(ParticipationService.java:192)
	at de.tum.cit.aet.artemis.exercise.service.ParticipationService.startExercise(ParticipationService.java:151)
	at de.tum.cit.aet.artemis.exam.service.StudentExamService.setUpExerciseParticipationsAndSubmissionsWithInitializationDate(StudentExamService.java:686)
	at de.tum.cit.aet.artemis.exam.service.StudentExamService.setUpExerciseParticipationsAndSubmissions(StudentExamService.java:800)
	at de.tum.cit.aet.artemis.exam.service.StudentExamService.lambda$startExercises$15(StudentExamService.java:735)
	at java.base/java.util.concurrent.CompletableFuture$AsyncRun.run(CompletableFuture.java:1804)
	at java.base/java.util.concurrent.ThreadPoolExecutor.runWorker(ThreadPoolExecutor.java:1144)
	at java.base/java.util.concurrent.ThreadPoolExecutor$Worker.run(ThreadPoolExecutor.java:642)
	at java.base/java.lang.Thread.run(Thread.java:1583)
    23:42:53.924 | 093 ol-1216-thread-3 | INFO  | d.t.c.a.a.p.s.gitlab.GitLabService   : Adding user 1 with permissions 30 to repository SHORT9B45A2200A3DF048B50A4870A5250DDDB6DCT72B/short9b45a2200a3df048b50a4870a5250dddb6dct72b-examparticipationteststudent2
    23:42:53.925 | 093 ol-1216-thread-3 | INFO  | d.t.c.a.a.e.s.StudentExamService     : SUCCESS: Start exercise for student exam 115 and exercise 605 and student examparticipationteststudent2
    23:42:53.928 | 092 ol-1216-thread-2 | INFO  | d.t.c.a.a.p.s.gitlab.GitLabService   : Adding user 1 with permissions 30 to repository SHORT9B45A2200A3DF048B50A4870A5250DDDB6DCT72B/short9b45a2200a3df048b50a4870a5250dddb6dct72b-examparticipationteststudent1
    23:42:53.929 | 092 ol-1216-thread-2 | INFO  | d.t.c.a.a.e.s.StudentExamService     : SUCCESS: Start exercise for student exam 114 and exercise 605 and student examparticipationteststudent1
    23:42:53.930 | 362 ool-1-worker-126 | INFO  | d.t.c.a.a.e.web.StudentExamResource  : Generated 35 participations in 328.93ms for student exams of exam 528
    23:42:53.930 | 362 ool-1-worker-126 | INFO  | .c.s.m.InstanceMessageReceiveService : Received reschedule of exam during conduction 528
    23:42:53.944 | 362 ool-1-worker-126 | DEBUG | t.c.a.a.e.s.ExerciseLifecycleService : Scheduled 1 Tasks for Exercise "Programming851" (#605) to trigger on DUE.
    23:42:53.946 | 362 ool-1-worker-126 | DEBUG | d.t.c.a.a.c.s.f.ApiVersionFilter     : Adding Version to Request GET /api/courses/219/exams/528/student-exams/start-exercises/status
    23:42:53.956 | 362 ool-1-worker-126 | INFO  | d.t.c.a.a.exam.service.ExamService   : getStatsForChecklist invoked for exam 528
    23:42:53.957 | 362 ool-1-worker-126 | DEBUG | d.t.c.a.a.exam.service.ExamService   : StatsTimeLog: number of complaints open done in 429µs for exercise 595
    23:42:53.957 | 362 ool-1-worker-126 | DEBUG | d.t.c.a.a.exam.service.ExamService   : StatsTimeLog: number of complaints finished done in 941µs for exercise 595
    23:42:53.958 | 362 ool-1-worker-126 | DEBUG | d.t.c.a.a.exam.service.ExamService   : StatsTimeLog: number of assessments done in 1.54ms for exercise 595
    23:42:53.959 | 362 ool-1-worker-126 | DEBUG | d.t.c.a.a.exam.service.ExamService   : StatsTimeLog: number of generated participations in 2.40ms for exercise 595
    23:42:53.959 | 362 ool-1-worker-126 | DEBUG | d.t.c.a.a.exam.service.ExamService   : StatsTimeLog: number of complaints open done in 3.10ms for exercise 596
    23:42:53.960 | 362 ool-1-worker-126 | DEBUG | d.t.c.a.a.exam.service.ExamService   : StatsTimeLog: number of complaints finished done in 3.59ms for exercise 596
    23:42:53.960 | 362 ool-1-worker-126 | DEBUG | d.t.c.a.a.exam.service.ExamService   : StatsTimeLog: number of assessments done in 4.09ms for exercise 596
    23:42:53.961 | 362 ool-1-worker-126 | DEBUG | d.t.c.a.a.exam.service.ExamService   : StatsTimeLog: number of generated participations in 4.85ms for exercise 596
    23:42:53.962 | 362 ool-1-worker-126 | DEBUG | d.t.c.a.a.exam.service.ExamService   : StatsTimeLog: number of complaints open done in 5.58ms for exercise 597
    23:42:53.962 | 362 ool-1-worker-126 | DEBUG | d.t.c.a.a.exam.service.ExamService   : StatsTimeLog: number of complaints finished done in 6.09ms for exercise 597
    23:42:53.963 | 362 ool-1-worker-126 | DEBUG | d.t.c.a.a.exam.service.ExamService   : StatsTimeLog: number of assessments done in 6.59ms for exercise 597
    23:42:53.964 | 362 ool-1-worker-126 | DEBUG | d.t.c.a.a.exam.service.ExamService   : StatsTimeLog: number of generated participations in 7.38ms for exercise 597
    23:42:53.964 | 362 ool-1-worker-126 | DEBUG | d.t.c.a.a.exam.service.ExamService   : StatsTimeLog: number of complaints open done in 7.71ms for exercise 598
    23:42:53.964 | 362 ool-1-worker-126 | DEBUG | d.t.c.a.a.exam.service.ExamService   : StatsTimeLog: number of complaints finished done in 8.16ms for exercise 598
    23:42:53.965 | 362 ool-1-worker-126 | DEBUG | d.t.c.a.a.exam.service.ExamService   : StatsTimeLog: number of assessments done in 8.65ms for exercise 598
    23:42:53.966 | 362 ool-1-worker-126 | DEBUG | d.t.c.a.a.exam.service.ExamService   : StatsTimeLog: number of generated participations in 9.38ms for exercise 598
    23:42:53.966 | 362 ool-1-worker-126 | DEBUG | d.t.c.a.a.exam.service.ExamService   : StatsTimeLog: number of complaints open done in 9.70ms for exercise 599
    23:42:53.967 | 362 ool-1-worker-126 | DEBUG | d.t.c.a.a.exam.service.ExamService   : StatsTimeLog: number of complaints finished done in 10.22ms for exercise 599
    23:42:53.967 | 362 ool-1-worker-126 | DEBUG | d.t.c.a.a.exam.service.ExamService   : StatsTimeLog: number of assessments done in 10.78ms for exercise 599
    23:42:53.968 | 362 ool-1-worker-126 | DEBUG | d.t.c.a.a.exam.service.ExamService   : StatsTimeLog: number of generated participations in 11.70ms for exercise 599
    23:42:53.969 | 362 ool-1-worker-126 | DEBUG | d.t.c.a.a.exam.service.ExamService   : StatsTimeLog: number of complaints open done in 12.38ms for exercise 600
    23:42:53.969 | 362 ool-1-worker-126 | DEBUG | d.t.c.a.a.exam.service.ExamService   : StatsTimeLog: number of complaints finished done in 12.90ms for exercise 600
    23:42:53.970 | 362 ool-1-worker-126 | DEBUG | d.t.c.a.a.exam.service.ExamService   : StatsTimeLog: number of assessments done in 13.44ms for exercise 600
    23:42:53.971 | 362 ool-1-worker-126 | DEBUG | d.t.c.a.a.exam.service.ExamService   : StatsTimeLog: number of generated participations in 14.20ms for exercise 600
    23:42:53.971 | 362 ool-1-worker-126 | DEBUG | d.t.c.a.a.exam.service.ExamService   : StatsTimeLog: number of complaints open done in 14.96ms for exercise 601
    23:42:53.972 | 362 ool-1-worker-126 | DEBUG | d.t.c.a.a.exam.service.ExamService   : StatsTimeLog: number of complaints finished done in 15.47ms for exercise 601
    23:42:53.972 | 362 ool-1-worker-126 | DEBUG | d.t.c.a.a.exam.service.ExamService   : StatsTimeLog: number of assessments done in 15.97ms for exercise 601
    23:42:53.973 | 362 ool-1-worker-126 | DEBUG | d.t.c.a.a.exam.service.ExamService   : StatsTimeLog: number of generated participations in 16.73ms for exercise 601
    23:42:53.974 | 362 ool-1-worker-126 | DEBUG | d.t.c.a.a.exam.service.ExamService   : StatsTimeLog: number of complaints open done in 17.53ms for exercise 602
    23:42:53.974 | 362 ool-1-worker-126 | DEBUG | d.t.c.a.a.exam.service.ExamService   : StatsTimeLog: number of complaints finished done in 18.02ms for exercise 602
    23:42:53.975 | 362 ool-1-worker-126 | DEBUG | d.t.c.a.a.exam.service.ExamService   : StatsTimeLog: number of assessments done in 18.53ms for exercise 602
    23:42:53.976 | 362 ool-1-worker-126 | DEBUG | d.t.c.a.a.exam.service.ExamService   : StatsTimeLog: number of generated participations in 19.28ms for exercise 602
    23:42:53.976 | 362 ool-1-worker-126 | DEBUG | d.t.c.a.a.exam.service.ExamService   : StatsTimeLog: number of complaints open done in 20.12ms for exercise 603
    23:42:53.977 | 362 ool-1-worker-126 | DEBUG | d.t.c.a.a.exam.service.ExamService   : StatsTimeLog: number of complaints finished done in 20.63ms for exercise 603
    23:42:53.977 | 362 ool-1-worker-126 | DEBUG | d.t.c.a.a.exam.service.ExamService   : StatsTimeLog: number of assessments done in 21.13ms for exercise 603
    23:42:53.978 | 362 ool-1-worker-126 | DEBUG | d.t.c.a.a.exam.service.ExamService   : StatsTimeLog: number of generated participations in 21.86ms for exercise 603
    23:42:53.981 | 362 ool-1-worker-126 | DEBUG | d.t.c.a.a.exam.service.ExamService   : StatsTimeLog: number of complaints open done in 24.60ms for exercise 604
    23:42:53.981 | 362 ool-1-worker-126 | DEBUG | d.t.c.a.a.exam.service.ExamService   : StatsTimeLog: number of complaints finished done in 25.09ms for exercise 604
    23:42:53.982 | 362 ool-1-worker-126 | DEBUG | d.t.c.a.a.exam.service.ExamService   : StatsTimeLog: number of assessments done in 25.63ms for exercise 604
    23:42:53.983 | 362 ool-1-worker-126 | DEBUG | d.t.c.a.a.exam.service.ExamService   : StatsTimeLog: number of generated participations in 26.42ms for exercise 604
    23:42:53.983 | 362 ool-1-worker-126 | DEBUG | d.t.c.a.a.exam.service.ExamService   : StatsTimeLog: number of complaints open done in 27.17ms for exercise 605
    23:42:53.984 | 362 ool-1-worker-126 | DEBUG | d.t.c.a.a.exam.service.ExamService   : StatsTimeLog: number of complaints finished done in 27.69ms for exercise 605
    23:42:53.985 | 362 ool-1-worker-126 | DEBUG | d.t.c.a.a.exam.service.ExamService   : StatsTimeLog: number of assessments done in 28.33ms for exercise 605
    23:42:53.985 | 362 ool-1-worker-126 | DEBUG | d.t.c.a.a.exam.service.ExamService   : StatsTimeLog: number of generated participations in 29.15ms for exercise 605
    23:42:53.986 | 362 ool-1-worker-126 | DEBUG | d.t.c.a.a.exam.service.ExamService   : StatsTimeLog: number of generated student exams done in 29.95ms
    23:42:53.987 | 362 ool-1-worker-126 | DEBUG | d.t.c.a.a.exam.service.ExamService   : StatsTimeLog: number of test runs done in 30.24ms
    23:42:53.987 | 362 ool-1-worker-126 | DEBUG | d.t.c.a.a.exam.service.ExamService   : StatsTimeLog: number of student exams started done in 30.54ms
    23:42:53.987 | 362 ool-1-worker-126 | DEBUG | d.t.c.a.a.exam.service.ExamService   : StatsTimeLog: number of student exams submitted done in 30.81ms
    23:42:53.988 | 362 ool-1-worker-126 | INFO  | d.t.c.a.a.exam.service.ExamService   : getStatsForChecklist invoked for exam 528
    23:42:53.989 | 362 ool-1-worker-126 | DEBUG | d.t.c.a.a.exam.service.ExamService   : StatsTimeLog: number of complaints open done in 398µs for exercise 595
    23:42:53.989 | 362 ool-1-worker-126 | DEBUG | d.t.c.a.a.exam.service.ExamService   : StatsTimeLog: number of complaints finished done in 876µs for exercise 595
    23:42:53.990 | 362 ool-1-worker-126 | DEBUG | d.t.c.a.a.exam.service.ExamService   : StatsTimeLog: number of assessments done in 1.37ms for exercise 595
    23:42:53.990 | 362 ool-1-worker-126 | DEBUG | d.t.c.a.a.exam.service.ExamService   : StatsTimeLog: number of generated participations in 2.14ms for exercise 595
    23:42:53.991 | 362 ool-1-worker-126 | DEBUG | d.t.c.a.a.exam.service.ExamService   : StatsTimeLog: number of complaints open done in 2.88ms for exercise 596
    23:42:53.992 | 362 ool-1-worker-126 | DEBUG | d.t.c.a.a.exam.service.ExamService   : StatsTimeLog: number of complaints finished done in 3.35ms for exercise 596
    23:42:53.992 | 362 ool-1-worker-126 | DEBUG | d.t.c.a.a.exam.service.ExamService   : StatsTimeLog: number of assessments done in 3.87ms for exercise 596
    23:42:53.993 | 362 ool-1-worker-126 | DEBUG | d.t.c.a.a.exam.service.ExamService   : StatsTimeLog: number of generated participations in 4.65ms for exercise 596
    23:42:53.994 | 362 ool-1-worker-126 | DEBUG | d.t.c.a.a.exam.service.ExamService   : StatsTimeLog: number of complaints open done in 5.32ms for exercise 597
    23:42:53.994 | 362 ool-1-worker-126 | DEBUG | d.t.c.a.a.exam.service.ExamService   : StatsTimeLog: number of complaints finished done in 5.80ms for exercise 597
    23:42:53.995 | 362 ool-1-worker-126 | DEBUG | d.t.c.a.a.exam.service.ExamService   : StatsTimeLog: number of assessments done in 6.30ms for exercise 597
    23:42:53.995 | 362 ool-1-worker-126 | DEBUG | d.t.c.a.a.exam.service.ExamService   : StatsTimeLog: number of generated participations in 7.10ms for exercise 597
    23:42:53.996 | 362 ool-1-worker-126 | DEBUG | d.t.c.a.a.exam.service.ExamService   : StatsTimeLog: number of complaints open done in 7.46ms for exercise 598
    23:42:53.996 | 362 ool-1-worker-126 | DEBUG | d.t.c.a.a.exam.service.ExamService   : StatsTimeLog: number of complaints finished done in 7.92ms for exercise 598
    23:42:53.997 | 362 ool-1-worker-126 | DEBUG | d.t.c.a.a.exam.service.ExamService   : StatsTimeLog: number of assessments done in 8.42ms for exercise 598
    23:42:53.997 | 362 ool-1-worker-126 | DEBUG | d.t.c.a.a.exam.service.ExamService   : StatsTimeLog: number of generated participations in 9.13ms for exercise 598
    23:42:53.998 | 362 ool-1-worker-126 | DEBUG | d.t.c.a.a.exam.service.ExamService   : StatsTimeLog: number of complaints open done in 9.46ms for exercise 599
    23:42:53.998 | 362 ool-1-worker-126 | DEBUG | d.t.c.a.a.exam.service.ExamService   : StatsTimeLog: number of complaints finished done in 9.91ms for exercise 599
    23:42:53.999 | 362 ool-1-worker-126 | DEBUG | d.t.c.a.a.exam.service.ExamService   : StatsTimeLog: number of assessments done in 10.37ms for exercise 599
    23:42:53.999 | 362 ool-1-worker-126 | DEBUG | d.t.c.a.a.exam.service.ExamService   : StatsTimeLog: number of generated participations in 11.16ms for exercise 599
    23:42:54.000 | 362 ool-1-worker-126 | DEBUG | d.t.c.a.a.exam.service.ExamService   : StatsTimeLog: number of complaints open done in 11.83ms for exercise 600
    23:42:54.000 | 362 ool-1-worker-126 | DEBUG | d.t.c.a.a.exam.service.ExamService   : StatsTimeLog: number of complaints finished done in 12.14ms for exercise 600
    23:42:54.001 | 362 ool-1-worker-126 | DEBUG | d.t.c.a.a.exam.service.ExamService   : StatsTimeLog: number of assessments done in 12.71ms for exercise 600
    23:42:54.002 | 362 ool-1-worker-126 | DEBUG | d.t.c.a.a.exam.service.ExamService   : StatsTimeLog: number of generated participations in 13.60ms for exercise 600
    23:42:54.003 | 362 ool-1-worker-126 | DEBUG | d.t.c.a.a.exam.service.ExamService   : StatsTimeLog: number of complaints open done in 14.42ms for exercise 601
    23:42:54.003 | 362 ool-1-worker-126 | DEBUG | d.t.c.a.a.exam.service.ExamService   : StatsTimeLog: number of complaints finished done in 15.02ms for exercise 601
    23:42:54.004 | 362 ool-1-worker-126 | DEBUG | d.t.c.a.a.exam.service.ExamService   : StatsTimeLog: number of assessments done in 15.61ms for exercise 601
    23:42:54.005 | 362 ool-1-worker-126 | DEBUG | d.t.c.a.a.exam.service.ExamService   : StatsTimeLog: number of generated participations in 16.46ms for exercise 601
    23:42:54.005 | 362 ool-1-worker-126 | DEBUG | d.t.c.a.a.exam.service.ExamService   : StatsTimeLog: number of complaints open done in 17.26ms for exercise 602
    23:42:54.006 | 362 ool-1-worker-126 | DEBUG | d.t.c.a.a.exam.service.ExamService   : StatsTimeLog: number of complaints finished done in 17.80ms for exercise 602
    23:42:54.007 | 362 ool-1-worker-126 | DEBUG | d.t.c.a.a.exam.service.ExamService   : StatsTimeLog: number of assessments done in 18.37ms for exercise 602
    23:42:54.007 | 362 ool-1-worker-126 | DEBUG | d.t.c.a.a.exam.service.ExamService   : StatsTimeLog: number of generated participations in 19.22ms for exercise 602
    23:42:54.008 | 362 ool-1-worker-126 | DEBUG | d.t.c.a.a.exam.service.ExamService   : StatsTimeLog: number of complaints open done in 20.03ms for exercise 603
    23:42:54.009 | 362 ool-1-worker-126 | DEBUG | d.t.c.a.a.exam.service.ExamService   : StatsTimeLog: number of complaints finished done in 20.61ms for exercise 603
    23:42:54.009 | 362 ool-1-worker-126 | DEBUG | d.t.c.a.a.exam.service.ExamService   : StatsTimeLog: number of assessments done in 21.16ms for exercise 603
    23:42:54.010 | 362 ool-1-worker-126 | DEBUG | d.t.c.a.a.exam.service.ExamService   : StatsTimeLog: number of generated participations in 22.04ms for exercise 603
    23:42:54.011 | 362 ool-1-worker-126 | DEBUG | d.t.c.a.a.exam.service.ExamService   : StatsTimeLog: number of complaints open done in 22.82ms for exercise 604
    23:42:54.012 | 362 ool-1-worker-126 | DEBUG | d.t.c.a.a.exam.service.ExamService   : StatsTimeLog: number of complaints finished done in 23.29ms for exercise 604
    23:42:54.012 | 362 ool-1-worker-126 | DEBUG | d.t.c.a.a.exam.service.ExamService   : StatsTimeLog: number of assessments done in 23.85ms for exercise 604
    23:42:54.013 | 362 ool-1-worker-126 | DEBUG | d.t.c.a.a.exam.service.ExamService   : StatsTimeLog: number of generated participations in 24.69ms for exercise 604
    23:42:54.014 | 362 ool-1-worker-126 | DEBUG | d.t.c.a.a.exam.service.ExamService   : StatsTimeLog: number of complaints open done in 25.46ms for exercise 605
    23:42:54.014 | 362 ool-1-worker-126 | DEBUG | d.t.c.a.a.exam.service.ExamService   : StatsTimeLog: number of complaints finished done in 25.97ms for exercise 605
    23:42:54.015 | 362 ool-1-worker-126 | DEBUG | d.t.c.a.a.exam.service.ExamService   : StatsTimeLog: number of assessments done in 26.50ms for exercise 605
    23:42:54.015 | 362 ool-1-worker-126 | DEBUG | d.t.c.a.a.exam.service.ExamService   : StatsTimeLog: number of generated participations in 27.27ms for exercise 605
    23:42:54.032 | 362 ool-1-worker-126 | DEBUG | .c.s.m.InstanceMessageReceiveService : Received schedule participant score for exercise 595 and participant 656 (result to be deleted: null)
    23:42:54.032 | 362 ool-1-worker-126 | DEBUG | .a.s.ParticipantScoreScheduleService : Scheduled task for exercise 595 and participant 656 at 2025-02-14T23:42:54.132962815Z[Etc/UTC].
    23:42:54.038 | 362 ool-1-worker-126 | DEBUG | .c.s.m.InstanceMessageReceiveService : Received schedule participant score for exercise 595 and participant 656 (result to be deleted: null)
    23:42:54.038 | 362 ool-1-worker-126 | DEBUG | .a.s.ParticipantScoreScheduleService : Scheduled task for exercise 595 and participant 656 at 2025-02-14T23:42:54.138386733Z[Etc/UTC].
    23:42:54.039 | 362 ool-1-worker-126 | DEBUG | .c.s.m.InstanceMessageReceiveService : Received schedule participant score for exercise 595 and participant 652 (result to be deleted: null)
    23:42:54.039 | 362 ool-1-worker-126 | DEBUG | .a.s.ParticipantScoreScheduleService : Scheduled task for exercise 595 and participant 652 at 2025-02-14T23:42:54.139380254Z[Etc/UTC].
    23:42:54.043 | 362 ool-1-worker-126 | DEBUG | .c.s.m.InstanceMessageReceiveService : Received schedule participant score for exercise 595 and participant 652 (result to be deleted: null)
    23:42:54.043 | 362 ool-1-worker-126 | DEBUG | .a.s.ParticipantScoreScheduleService : Scheduled task for exercise 595 and participant 652 at 2025-02-14T23:42:54.143826140Z[Etc/UTC].
    23:42:54.044 | 362 ool-1-worker-126 | DEBUG | .c.s.m.InstanceMessageReceiveService : Received schedule participant score for exercise 596 and participant 654 (result to be deleted: null)
    23:42:54.044 | 362 ool-1-worker-126 | DEBUG | .a.s.ParticipantScoreScheduleService : Scheduled task for exercise 596 and participant 654 at 2025-02-14T23:42:54.144743990Z[Etc/UTC].
    23:42:54.048 | 362 ool-1-worker-126 | DEBUG | .c.s.m.InstanceMessageReceiveService : Received schedule participant score for exercise 596 and participant 654 (result to be deleted: null)
    23:42:54.048 | 362 ool-1-worker-126 | DEBUG | .a.s.ParticipantScoreScheduleService : Scheduled task for exercise 596 and participant 654 at 2025-02-14T23:42:54.148980886Z[Etc/UTC].
    23:42:54.049 | 362 ool-1-worker-126 | DEBUG | .c.s.m.InstanceMessageReceiveService : Received schedule participant score for exercise 596 and participant 655 (result to be deleted: null)
    23:42:54.049 | 362 ool-1-worker-126 | DEBUG | .a.s.ParticipantScoreScheduleService : Scheduled task for exercise 596 and participant 655 at 2025-02-14T23:42:54.149868049Z[Etc/UTC].
    23:42:54.054 | 362 ool-1-worker-126 | DEBUG | .c.s.m.InstanceMessageReceiveService : Received schedule participant score for exercise 596 and participant 655 (result to be deleted: null)
    23:42:54.054 | 362 ool-1-worker-126 | DEBUG | .a.s.ParticipantScoreScheduleService : Scheduled task for exercise 596 and participant 655 at 2025-02-14T23:42:54.154220340Z[Etc/UTC].
    23:42:54.055 | 362 ool-1-worker-126 | DEBUG | .c.s.m.InstanceMessageReceiveService : Received schedule participant score for exercise 596 and participant 653 (result to be deleted: null)
    23:42:54.055 | 362 ool-1-worker-126 | DEBUG | .a.s.ParticipantScoreScheduleService : Scheduled task for exercise 596 and participant 653 at 2025-02-14T23:42:54.155244869Z[Etc/UTC].
    23:42:54.059 | 362 ool-1-worker-126 | DEBUG | .c.s.m.InstanceMessageReceiveService : Received schedule participant score for exercise 596 and participant 653 (result to be deleted: null)
    23:42:54.059 | 362 ool-1-worker-126 | DEBUG | .a.s.ParticipantScoreScheduleService : Scheduled task for exercise 596 and participant 653 at 2025-02-14T23:42:54.159626474Z[Etc/UTC].
    23:42:54.066 | 362 ool-1-worker-126 | DEBUG | .a.q.s.AbstractQuizSubmissionService : submit exam quiz finished: QuizSubmission{id=482, scoreInPoints='null'}
    23:42:54.077 | 362 ool-1-worker-126 | DEBUG | .a.q.s.AbstractQuizSubmissionService : submit exam quiz finished: QuizSubmission{id=482, scoreInPoints='null'}
    23:42:54.084 | 362 ool-1-worker-126 | DEBUG | .a.q.s.AbstractQuizSubmissionService : submit exam quiz finished: QuizSubmission{id=482, scoreInPoints='null'}
    23:42:54.085 | 362 ool-1-worker-126 | DEBUG | .c.s.m.InstanceMessageReceiveService : Received schedule participant score for exercise 598 and participant 652 (result to be deleted: null)
    23:42:54.085 | 362 ool-1-worker-126 | DEBUG | .a.s.ParticipantScoreScheduleService : Scheduled task for exercise 598 and participant 652 at 2025-02-14T23:42:54.185145861Z[Etc/UTC].
    23:42:54.113 | 362 ool-1-worker-126 | DEBUG | .c.s.m.InstanceMessageReceiveService : Received schedule participant score for exercise 598 and participant 652 (result to be deleted: null)
    23:42:54.113 | 362 ool-1-worker-126 | DEBUG | .a.s.ParticipantScoreScheduleService : Scheduled task for exercise 598 and participant 652 at 2025-02-14T23:42:54.213380929Z[Etc/UTC].
    23:42:54.120 | 362 ool-1-worker-126 | DEBUG | .a.q.s.AbstractQuizSubmissionService : submit exam quiz finished: QuizSubmission{id=483, scoreInPoints='null'}
    23:42:54.126 | 362 ool-1-worker-126 | DEBUG | .a.q.s.AbstractQuizSubmissionService : submit exam quiz finished: QuizSubmission{id=483, scoreInPoints='null'}
    23:42:54.132 | 362 ool-1-worker-126 | DEBUG | .a.q.s.AbstractQuizSubmissionService : submit exam quiz finished: QuizSubmission{id=483, scoreInPoints='null'}
    23:42:54.133 | 362 ool-1-worker-126 | DEBUG | .c.s.m.InstanceMessageReceiveService : Received schedule participant score for exercise 598 and participant 656 (result to be deleted: null)
    23:42:54.133 | 362 ool-1-worker-126 | DEBUG | .a.s.ParticipantScoreScheduleService : Scheduled task for exercise 598 and participant 656 at 2025-02-14T23:42:54.233444038Z[Etc/UTC].
    23:42:54.138 | 326 taskScheduler-1  | DEBUG | .a.s.ParticipantScoreScheduleService : Processing exercise 595 and participant 656 to update participant scores.
    23:42:54.143 | 328 taskScheduler-3  | DEBUG | .a.s.ParticipantScoreScheduleService : Processing exercise 595 and participant 652 to update participant scores.
    23:42:54.150 | 326 taskScheduler-1  | DEBUG | .a.s.ParticipantScoreScheduleService : Updated participant score 77.
    23:42:54.150 | 327 taskScheduler-2  | DEBUG | .a.s.ParticipantScoreScheduleService : Processing exercise 596 and participant 654 to update participant scores.
    23:42:54.154 | 329 taskScheduler-4  | DEBUG | .a.s.ParticipantScoreScheduleService : Processing exercise 596 and participant 655 to update participant scores.
    23:42:54.156 | 327 taskScheduler-2  | DEBUG | .a.s.ParticipantScoreScheduleService : Updated participant score 78.
    23:42:54.156 | 327 taskScheduler-2  | DEBUG | .a.s.ParticipantScoreScheduleService : Updating the participant score for exercise 596 and participant 654 took 6 ms.
    23:42:54.157 | 326 taskScheduler-1  | DEBUG | .a.s.ParticipantScoreScheduleService : Updating the participant score for exercise 595 and participant 656 took 19 ms.
    23:42:54.159 | 328 taskScheduler-3  | DEBUG | .a.s.ParticipantScoreScheduleService : Updated participant score 79.
    23:42:54.159 | 327 taskScheduler-2  | DEBUG | .a.s.ParticipantScoreScheduleService : Processing exercise 596 and participant 653 to update participant scores.
    23:42:54.159 | 329 taskScheduler-4  | DEBUG | .a.s.ParticipantScoreScheduleService : Updated participant score 80.
    23:42:54.159 | 328 taskScheduler-3  | DEBUG | .a.s.ParticipantScoreScheduleService : Updating the participant score for exercise 595 and participant 652 took 16 ms.
    23:42:54.160 | 329 taskScheduler-4  | DEBUG | .a.s.ParticipantScoreScheduleService : Updating the participant score for exercise 596 and participant 655 took 6 ms.
    23:42:54.160 | 362 ool-1-worker-126 | DEBUG | .c.s.m.InstanceMessageReceiveService : Received schedule participant score for exercise 598 and participant 656 (result to be deleted: null)
    23:42:54.160 | 362 ool-1-worker-126 | DEBUG | .a.s.ParticipantScoreScheduleService : Scheduled task for exercise 598 and participant 656 at 2025-02-14T23:42:54.260894553Z[Etc/UTC].
    23:42:54.170 | 327 taskScheduler-2  | DEBUG | .a.s.ParticipantScoreScheduleService : Updated participant score 81.
    23:42:54.171 | 327 taskScheduler-2  | DEBUG | .a.s.ParticipantScoreScheduleService : Updating the participant score for exercise 596 and participant 653 took 12 ms.
    23:42:54.173 | 362 ool-1-worker-126 | DEBUG | .a.q.s.AbstractQuizSubmissionService : submit exam quiz finished: QuizSubmission{id=484, scoreInPoints='null'}
    23:42:54.180 | 362 ool-1-worker-126 | DEBUG | .a.q.s.AbstractQuizSubmissionService : submit exam quiz finished: QuizSubmission{id=484, scoreInPoints='null'}
    23:42:54.186 | 362 ool-1-worker-126 | DEBUG | .a.q.s.AbstractQuizSubmissionService : submit exam quiz finished: QuizSubmission{id=484, scoreInPoints='null'}
    23:42:54.187 | 362 ool-1-worker-126 | DEBUG | .c.s.m.InstanceMessageReceiveService : Received schedule participant score for exercise 598 and participant 653 (result to be deleted: null)
    23:42:54.187 | 362 ool-1-worker-126 | DEBUG | .a.s.ParticipantScoreScheduleService : Scheduled task for exercise 598 and participant 653 at 2025-02-14T23:42:54.287360794Z[Etc/UTC].
    23:42:54.210 | 362 ool-1-worker-126 | DEBUG | .c.s.m.InstanceMessageReceiveService : Received schedule participant score for exercise 598 and participant 653 (result to be deleted: null)
    23:42:54.210 | 362 ool-1-worker-126 | DEBUG | .a.s.ParticipantScoreScheduleService : Scheduled task for exercise 598 and participant 653 at 2025-02-14T23:42:54.310830513Z[Etc/UTC].
    23:42:54.213 | 328 taskScheduler-3  | DEBUG | .a.s.ParticipantScoreScheduleService : Processing exercise 598 and participant 652 to update participant scores.
    23:42:54.217 | 362 ool-1-worker-126 | DEBUG | .a.q.s.AbstractQuizSubmissionService : submit exam quiz finished: QuizSubmission{id=485, scoreInPoints='null'}
    23:42:54.222 | 362 ool-1-worker-126 | DEBUG | .a.q.s.AbstractQuizSubmissionService : submit exam quiz finished: QuizSubmission{id=485, scoreInPoints='null'}
    23:42:54.227 | 328 taskScheduler-3  | DEBUG | .a.s.ParticipantScoreScheduleService : Updated participant score 82.
    23:42:54.227 | 362 ool-1-worker-126 | DEBUG | .a.q.s.AbstractQuizSubmissionService : submit exam quiz finished: QuizSubmission{id=485, scoreInPoints='null'}
    23:42:54.228 | 328 taskScheduler-3  | DEBUG | .a.s.ParticipantScoreScheduleService : Updating the participant score for exercise 598 and participant 652 took 15 ms.
    23:42:54.228 | 362 ool-1-worker-126 | DEBUG | .c.s.m.InstanceMessageReceiveService : Received schedule participant score for exercise 598 and participant 654 (result to be deleted: null)
    23:42:54.228 | 362 ool-1-worker-126 | DEBUG | .a.s.ParticipantScoreScheduleService : Scheduled task for exercise 598 and participant 654 at 2025-02-14T23:42:54.328419241Z[Etc/UTC].
    23:42:54.247 | 362 ool-1-worker-126 | DEBUG | .c.s.m.InstanceMessageReceiveService : Received schedule participant score for exercise 598 and participant 654 (result to be deleted: null)
    23:42:54.247 | 362 ool-1-worker-126 | DEBUG | .a.s.ParticipantScoreScheduleService : Scheduled task for exercise 598 and participant 654 at 2025-02-14T23:42:54.347977098Z[Etc/UTC].
    23:42:54.260 | 326 taskScheduler-1  | DEBUG | .a.s.ParticipantScoreScheduleService : Processing exercise 598 and participant 656 to update participant scores.
    23:42:54.261 | 362 ool-1-worker-126 | DEBUG | .a.q.s.AbstractQuizSubmissionService : submit exam quiz finished: QuizSubmission{id=486, scoreInPoints='null'}
    23:42:54.270 | 326 taskScheduler-1  | DEBUG | .a.s.ParticipantScoreScheduleService : Updated participant score 83.
    23:42:54.271 | 326 taskScheduler-1  | DEBUG | .a.s.ParticipantScoreScheduleService : Updating the participant score for exercise 598 and participant 656 took 11 ms.
    23:42:54.271 | 362 ool-1-worker-126 | DEBUG | .a.q.s.AbstractQuizSubmissionService : submit exam quiz finished: QuizSubmission{id=486, scoreInPoints='null'}
    23:42:54.279 | 362 ool-1-worker-126 | DEBUG | .a.q.s.AbstractQuizSubmissionService : submit exam quiz finished: QuizSubmission{id=486, scoreInPoints='null'}
    23:42:54.279 | 362 ool-1-worker-126 | DEBUG | .c.s.m.InstanceMessageReceiveService : Received schedule participant score for exercise 598 and participant 655 (result to be deleted: null)
    23:42:54.279 | 362 ool-1-worker-126 | DEBUG | .a.s.ParticipantScoreScheduleService : Scheduled task for exercise 598 and participant 655 at 2025-02-14T23:42:54.379800512Z[Etc/UTC].
    23:42:54.300 | 362 ool-1-worker-126 | DEBUG | .c.s.m.InstanceMessageReceiveService : Received schedule participant score for exercise 598 and participant 655 (result to be deleted: null)
    23:42:54.300 | 362 ool-1-worker-126 | DEBUG | .a.s.ParticipantScoreScheduleService : Scheduled task for exercise 598 and participant 655 at 2025-02-14T23:42:54.400199356Z[Etc/UTC].
    23:42:54.301 | 362 ool-1-worker-126 | DEBUG | .c.s.m.InstanceMessageReceiveService : Received schedule participant score for exercise 600 and participant 652 (result to be deleted: null)
    23:42:54.301 | 362 ool-1-worker-126 | DEBUG | .a.s.ParticipantScoreScheduleService : Scheduled task for exercise 600 and participant 652 at 2025-02-14T23:42:54.401820768Z[Etc/UTC].
    23:42:54.306 | 362 ool-1-worker-126 | DEBUG | .c.s.m.InstanceMessageReceiveService : Received schedule participant score for exercise 600 and participant 652 (result to be deleted: null)
    23:42:54.306 | 362 ool-1-worker-126 | DEBUG | .a.s.ParticipantScoreScheduleService : Scheduled task for exercise 600 and participant 652 at 2025-02-14T23:42:54.406389001Z[Etc/UTC].
    23:42:54.307 | 362 ool-1-worker-126 | DEBUG | .c.s.m.InstanceMessageReceiveService : Received schedule participant score for exercise 600 and participant 653 (result to be deleted: null)
    23:42:54.307 | 362 ool-1-worker-126 | DEBUG | .a.s.ParticipantScoreScheduleService : Scheduled task for exercise 600 and participant 653 at 2025-02-14T23:42:54.407329784Z[Etc/UTC].
    23:42:54.310 | 329 taskScheduler-4  | DEBUG | .a.s.ParticipantScoreScheduleService : Processing exercise 598 and participant 653 to update participant scores.
    23:42:54.312 | 362 ool-1-worker-126 | DEBUG | .c.s.m.InstanceMessageReceiveService : Received schedule participant score for exercise 600 and participant 653 (result to be deleted: null)
    23:42:54.312 | 362 ool-1-worker-126 | DEBUG | .a.s.ParticipantScoreScheduleService : Scheduled task for exercise 600 and participant 653 at 2025-02-14T23:42:54.412385546Z[Etc/UTC].
    23:42:54.315 | 362 ool-1-worker-126 | DEBUG | .c.s.m.InstanceMessageReceiveService : Received schedule participant score for exercise 600 and participant 654 (result to be deleted: null)
    23:42:54.315 | 362 ool-1-worker-126 | DEBUG | .a.s.ParticipantScoreScheduleService : Scheduled task for exercise 600 and participant 654 at 2025-02-14T23:42:54.415698440Z[Etc/UTC].
    23:42:54.315 | 329 taskScheduler-4  | DEBUG | .a.s.ParticipantScoreScheduleService : Updated participant score 84.
    23:42:54.316 | 329 taskScheduler-4  | DEBUG | .a.s.ParticipantScoreScheduleService : Updating the participant score for exercise 598 and participant 653 took 6 ms.
    23:42:54.319 | 362 ool-1-worker-126 | DEBUG | .c.s.m.InstanceMessageReceiveService : Received schedule participant score for exercise 600 and participant 654 (result to be deleted: null)
    23:42:54.319 | 362 ool-1-worker-126 | DEBUG | .a.s.ParticipantScoreScheduleService : Scheduled task for exercise 600 and participant 654 at 2025-02-14T23:42:54.419799963Z[Etc/UTC].
    23:42:54.320 | 362 ool-1-worker-126 | DEBUG | .c.s.m.InstanceMessageReceiveService : Received schedule participant score for exercise 600 and participant 655 (result to be deleted: null)
    23:42:54.320 | 362 ool-1-worker-126 | DEBUG | .a.s.ParticipantScoreScheduleService : Scheduled task for exercise 600 and participant 655 at 2025-02-14T23:42:54.420679081Z[Etc/UTC].
    23:42:54.324 | 362 ool-1-worker-126 | DEBUG | .c.s.m.InstanceMessageReceiveService : Received schedule participant score for exercise 600 and participant 655 (result to be deleted: null)
    23:42:54.324 | 362 ool-1-worker-126 | DEBUG | .a.s.ParticipantScoreScheduleService : Scheduled task for exercise 600 and participant 655 at 2025-02-14T23:42:54.424834325Z[Etc/UTC].
    23:42:54.325 | 362 ool-1-worker-126 | DEBUG | .c.s.m.InstanceMessageReceiveService : Received schedule participant score for exercise 600 and participant 656 (result to be deleted: null)
    23:42:54.325 | 362 ool-1-worker-126 | DEBUG | .a.s.ParticipantScoreScheduleService : Scheduled task for exercise 600 and participant 656 at 2025-02-14T23:42:54.425829049Z[Etc/UTC].
    23:42:54.329 | 362 ool-1-worker-126 | DEBUG | .c.s.m.InstanceMessageReceiveService : Received schedule participant score for exercise 600 and participant 656 (result to be deleted: null)
    23:42:54.329 | 362 ool-1-worker-126 | DEBUG | .a.s.ParticipantScoreScheduleService : Scheduled task for exercise 600 and participant 656 at 2025-02-14T23:42:54.429944558Z[Etc/UTC].
    23:42:54.330 | 362 ool-1-worker-126 | DEBUG | .c.s.m.InstanceMessageReceiveService : Received schedule participant score for exercise 601 and participant 652 (result to be deleted: null)
    23:42:54.330 | 362 ool-1-worker-126 | DEBUG | .a.s.ParticipantScoreScheduleService : Scheduled task for exercise 601 and participant 652 at 2025-02-14T23:42:54.430759777Z[Etc/UTC].
    23:42:54.334 | 362 ool-1-worker-126 | DEBUG | .c.s.m.InstanceMessageReceiveService : Received schedule participant score for exercise 601 and participant 652 (result to be deleted: null)
    23:42:54.334 | 362 ool-1-worker-126 | DEBUG | .a.s.ParticipantScoreScheduleService : Scheduled task for exercise 601 and participant 652 at 2025-02-14T23:42:54.434891587Z[Etc/UTC].
    23:42:54.335 | 362 ool-1-worker-126 | DEBUG | .c.s.m.InstanceMessageReceiveService : Received schedule participant score for exercise 601 and participant 653 (result to be deleted: null)
    23:42:54.335 | 362 ool-1-worker-126 | DEBUG | .a.s.ParticipantScoreScheduleService : Scheduled task for exercise 601 and participant 653 at 2025-02-14T23:42:54.435988170Z[Etc/UTC].
    23:42:54.340 | 362 ool-1-worker-126 | DEBUG | .c.s.m.InstanceMessageReceiveService : Received schedule participant score for exercise 601 and participant 653 (result to be deleted: null)
    23:42:54.343 | 362 ool-1-worker-126 | DEBUG | .a.s.ParticipantScoreScheduleService : Scheduled task for exercise 601 and participant 653 at 2025-02-14T23:42:54.443168531Z[Etc/UTC].
    23:42:54.345 | 362 ool-1-worker-126 | DEBUG | .c.s.m.InstanceMessageReceiveService : Received schedule participant score for exercise 601 and participant 654 (result to be deleted: null)
    23:42:54.345 | 362 ool-1-worker-126 | DEBUG | .a.s.ParticipantScoreScheduleService : Scheduled task for exercise 601 and participant 654 at 2025-02-14T23:42:54.445279906Z[Etc/UTC].
    23:42:54.348 | 327 taskScheduler-2  | DEBUG | .a.s.ParticipantScoreScheduleService : Processing exercise 598 and participant 654 to update participant scores.
    23:42:54.358 | 327 taskScheduler-2  | DEBUG | .a.s.ParticipantScoreScheduleService : Updated participant score 85.
    23:42:54.359 | 327 taskScheduler-2  | DEBUG | .a.s.ParticipantScoreScheduleService : Updating the participant score for exercise 598 and participant 654 took 11 ms.
    23:42:54.359 | 362 ool-1-worker-126 | DEBUG | .c.s.m.InstanceMessageReceiveService : Received schedule participant score for exercise 601 and participant 654 (result to be deleted: null)
    23:42:54.359 | 362 ool-1-worker-126 | DEBUG | .a.s.ParticipantScoreScheduleService : Scheduled task for exercise 601 and participant 654 at 2025-02-14T23:42:54.459305864Z[Etc/UTC].
    23:42:54.360 | 362 ool-1-worker-126 | DEBUG | .c.s.m.InstanceMessageReceiveService : Received schedule participant score for exercise 602 and participant 655 (result to be deleted: null)
    23:42:54.360 | 362 ool-1-worker-126 | DEBUG | .a.s.ParticipantScoreScheduleService : Scheduled task for exercise 602 and participant 655 at 2025-02-14T23:42:54.460188379Z[Etc/UTC].
    23:42:54.370 | 362 ool-1-worker-126 | DEBUG | .c.s.m.InstanceMessageReceiveService : Received schedule participant score for exercise 602 and participant 655 (result to be deleted: null)
    23:42:54.370 | 362 ool-1-worker-126 | DEBUG | .a.s.ParticipantScoreScheduleService : Scheduled task for exercise 602 and participant 655 at 2025-02-14T23:42:54.470219703Z[Etc/UTC].
    23:42:54.371 | 362 ool-1-worker-126 | DEBUG | .c.s.m.InstanceMessageReceiveService : Received schedule participant score for exercise 602 and participant 656 (result to be deleted: null)
    23:42:54.371 | 362 ool-1-worker-126 | DEBUG | .a.s.ParticipantScoreScheduleService : Scheduled task for exercise 602 and participant 656 at 2025-02-14T23:42:54.471084674Z[Etc/UTC].
    23:42:54.378 | 362 ool-1-worker-126 | DEBUG | .c.s.m.InstanceMessageReceiveService : Received schedule participant score for exercise 602 and participant 656 (result to be deleted: null)
    23:42:54.378 | 362 ool-1-worker-126 | DEBUG | .a.s.ParticipantScoreScheduleService : Scheduled task for exercise 602 and participant 656 at 2025-02-14T23:42:54.478574452Z[Etc/UTC].
    23:42:54.379 | 362 ool-1-worker-126 | DEBUG | .c.s.m.InstanceMessageReceiveService : Received schedule participant score for exercise 603 and participant 655 (result to be deleted: null)
    23:42:54.379 | 362 ool-1-worker-126 | DEBUG | .a.s.ParticipantScoreScheduleService : Scheduled task for exercise 603 and participant 655 at 2025-02-14T23:42:54.479434094Z[Etc/UTC].
    23:42:54.390 | 362 ool-1-worker-126 | DEBUG | .c.s.m.InstanceMessageReceiveService : Received schedule participant score for exercise 603 and participant 655 (result to be deleted: null)
    23:42:54.390 | 362 ool-1-worker-126 | DEBUG | .a.s.ParticipantScoreScheduleService : Scheduled task for exercise 603 and participant 655 at 2025-02-14T23:42:54.490212911Z[Etc/UTC].
    23:42:54.391 | 362 ool-1-worker-126 | DEBUG | .c.s.m.InstanceMessageReceiveService : Received schedule participant score for exercise 603 and participant 653 (result to be deleted: null)
    23:42:54.391 | 362 ool-1-worker-126 | DEBUG | .a.s.ParticipantScoreScheduleService : Scheduled task for exercise 603 and participant 653 at 2025-02-14T23:42:54.491694883Z[Etc/UTC].
    23:42:54.398 | 362 ool-1-worker-126 | DEBUG | .c.s.m.InstanceMessageReceiveService : Received schedule participant score for exercise 603 and participant 653 (result to be deleted: null)
    23:42:54.398 | 362 ool-1-worker-126 | DEBUG | .a.s.ParticipantScoreScheduleService : Scheduled task for exercise 603 and participant 653 at 2025-02-14T23:42:54.498655584Z[Etc/UTC].
    23:42:54.400 | 328 taskScheduler-3  | DEBUG | .a.s.ParticipantScoreScheduleService : Processing exercise 598 and participant 655 to update participant scores.
    23:42:54.402 | 362 ool-1-worker-126 | DEBUG | .c.s.m.InstanceMessageReceiveService : Received schedule participant score for exercise 603 and participant 652 (result to be deleted: null)
    23:42:54.402 | 362 ool-1-worker-126 | DEBUG | .a.s.ParticipantScoreScheduleService : Scheduled task for exercise 603 and participant 652 at 2025-02-14T23:42:54.502589555Z[Etc/UTC].
    23:42:54.406 | 326 taskScheduler-1  | DEBUG | .a.s.ParticipantScoreScheduleService : Processing exercise 600 and participant 652 to update participant scores.
    23:42:54.412 | 329 taskScheduler-4  | DEBUG | .a.s.ParticipantScoreScheduleService : Processing exercise 600 and participant 653 to update participant scores.
    23:42:54.413 | 362 ool-1-worker-126 | DEBUG | .c.s.m.InstanceMessageReceiveService : Received schedule participant score for exercise 603 and participant 652 (result to be deleted: null)
    23:42:54.413 | 362 ool-1-worker-126 | DEBUG | .a.s.ParticipantScoreScheduleService : Scheduled task for exercise 603 and participant 652 at 2025-02-14T23:42:54.513292200Z[Etc/UTC].
    23:42:54.414 | 362 ool-1-worker-126 | DEBUG | .c.s.m.InstanceMessageReceiveService : Received schedule participant score for exercise 603 and participant 654 (result to be deleted: null)
    23:42:54.414 | 362 ool-1-worker-126 | DEBUG | .a.s.ParticipantScoreScheduleService : Scheduled task for exercise 603 and participant 654 at 2025-02-14T23:42:54.514447343Z[Etc/UTC].
    23:42:54.414 | 326 taskScheduler-1  | DEBUG | .a.s.ParticipantScoreScheduleService : Updated participant score 86.
    23:42:54.415 | 326 taskScheduler-1  | DEBUG | .a.s.ParticipantScoreScheduleService : Updating the participant score for exercise 600 and participant 652 took 9 ms.
    23:42:54.419 | 328 taskScheduler-3  | DEBUG | .a.s.ParticipantScoreScheduleService : Updated participant score 87.
    23:42:54.420 | 328 taskScheduler-3  | DEBUG | .a.s.ParticipantScoreScheduleService : Updating the participant score for exercise 598 and participant 655 took 20 ms.
    23:42:54.420 | 328 taskScheduler-3  | DEBUG | .a.s.ParticipantScoreScheduleService : Processing exercise 600 and participant 654 to update participant scores.
    23:42:54.424 | 329 taskScheduler-4  | DEBUG | .a.s.ParticipantScoreScheduleService : Updated participant score 88.
    23:42:54.424 | 326 taskScheduler-1  | DEBUG | .a.s.ParticipantScoreScheduleService : Processing exercise 600 and participant 655 to update participant scores.
    23:42:54.429 | 329 taskScheduler-4  | DEBUG | .a.s.ParticipantScoreScheduleService : Updating the participant score for exercise 600 and participant 653 took 17 ms.
    23:42:54.430 | 327 taskScheduler-2  | DEBUG | .a.s.ParticipantScoreScheduleService : Processing exercise 600 and participant 656 to update participant scores.
    23:42:54.432 | 362 ool-1-worker-126 | DEBUG | .c.s.m.InstanceMessageReceiveService : Received schedule participant score for exercise 603 and participant 654 (result to be deleted: null)
    23:42:54.432 | 362 ool-1-worker-126 | DEBUG | .a.s.ParticipantScoreScheduleService : Scheduled task for exercise 603 and participant 654 at 2025-02-14T23:42:54.532550499Z[Etc/UTC].
    23:42:54.434 | 329 taskScheduler-4  | DEBUG | .a.s.ParticipantScoreScheduleService : Processing exercise 601 and participant 652 to update participant scores.
    23:42:54.436 | 362 ool-1-worker-126 | DEBUG | .c.s.m.InstanceMessageReceiveService : Received schedule participant score for exercise 603 and participant 656 (result to be deleted: null)
    23:42:54.436 | 362 ool-1-worker-126 | DEBUG | .a.s.ParticipantScoreScheduleService : Scheduled task for exercise 603 and participant 656 at 2025-02-14T23:42:54.536674494Z[Etc/UTC].
    23:42:54.437 | 328 taskScheduler-3  | DEBUG | .a.s.ParticipantScoreScheduleService : Updated participant score 89.
    23:42:54.439 | 327 taskScheduler-2  | DEBUG | .a.s.ParticipantScoreScheduleService : Updated participant score 90.
    23:42:54.441 | 328 taskScheduler-3  | DEBUG | .a.s.ParticipantScoreScheduleService : Updating the participant score for exercise 600 and participant 654 took 21 ms.
    23:42:54.442 | 326 taskScheduler-1  | DEBUG | .a.s.ParticipantScoreScheduleService : Updated participant score 91.
    23:42:54.442 | 326 taskScheduler-1  | DEBUG | .a.s.ParticipantScoreScheduleService : Updating the participant score for exercise 600 and participant 655 took 18 ms.
    23:42:54.443 | 328 taskScheduler-3  | DEBUG | .a.s.ParticipantScoreScheduleService : Processing exercise 601 and participant 653 to update participant scores.
    23:42:54.446 | 329 taskScheduler-4  | DEBUG | .a.s.ParticipantScoreScheduleService : Updated participant score 92.
    23:42:54.446 | 327 taskScheduler-2  | DEBUG | .a.s.ParticipantScoreScheduleService : Updating the participant score for exercise 600 and participant 656 took 16 ms.
    23:42:54.447 | 329 taskScheduler-4  | DEBUG | .a.s.ParticipantScoreScheduleService : Updating the participant score for exercise 601 and participant 652 took 13 ms.
    23:42:54.452 | 362 ool-1-worker-126 | DEBUG | .c.s.m.InstanceMessageReceiveService : Received schedule participant score for exercise 603 and participant 656 (result to be deleted: null)
    23:42:54.452 | 362 ool-1-worker-126 | DEBUG | .a.s.ParticipantScoreScheduleService : Scheduled task for exercise 603 and participant 656 at 2025-02-14T23:42:54.552474579Z[Etc/UTC].
    23:42:54.453 | 362 ool-1-worker-126 | DEBUG | .c.s.m.InstanceMessageReceiveService : Received schedule participant score for exercise 604 and participant 655 (result to be deleted: null)
    23:42:54.453 | 362 ool-1-worker-126 | DEBUG | .a.s.ParticipantScoreScheduleService : Scheduled task for exercise 604 and participant 655 at 2025-02-14T23:42:54.553481555Z[Etc/UTC].
    23:42:54.454 | 328 taskScheduler-3  | DEBUG | .a.s.ParticipantScoreScheduleService : Updated participant score 93.
    23:42:54.455 | 328 taskScheduler-3  | DEBUG | .a.s.ParticipantScoreScheduleService : Updating the participant score for exercise 601 and participant 653 took 12 ms.
    23:42:54.459 | 327 taskScheduler-2  | DEBUG | .a.s.ParticipantScoreScheduleService : Processing exercise 601 and participant 654 to update participant scores.
    23:42:54.466 | 327 taskScheduler-2  | DEBUG | .a.s.ParticipantScoreScheduleService : Updated participant score 94.
    23:42:54.466 | 327 taskScheduler-2  | DEBUG | .a.s.ParticipantScoreScheduleService : Updating the participant score for exercise 601 and participant 654 took 7 ms.
    23:42:54.467 | 362 ool-1-worker-126 | DEBUG | .c.s.m.InstanceMessageReceiveService : Received schedule participant score for exercise 604 and participant 655 (result to be deleted: null)
    23:42:54.467 | 362 ool-1-worker-126 | DEBUG | .a.s.ParticipantScoreScheduleService : Scheduled task for exercise 604 and participant 655 at 2025-02-14T23:42:54.567362513Z[Etc/UTC].
    23:42:54.468 | 362 ool-1-worker-126 | DEBUG | .c.s.m.InstanceMessageReceiveService : Received schedule participant score for exercise 604 and participant 652 (result to be deleted: null)
    23:42:54.468 | 362 ool-1-worker-126 | DEBUG | .a.s.ParticipantScoreScheduleService : Scheduled task for exercise 604 and participant 652 at 2025-02-14T23:42:54.568297014Z[Etc/UTC].
    23:42:54.470 | 326 taskScheduler-1  | DEBUG | .a.s.ParticipantScoreScheduleService : Processing exercise 602 and participant 655 to update participant scores.
    23:42:54.477 | 326 taskScheduler-1  | DEBUG | .a.s.ParticipantScoreScheduleService : Updated participant score 95.
    23:42:54.477 | 326 taskScheduler-1  | DEBUG | .a.s.ParticipantScoreScheduleService : Updating the participant score for exercise 602 and participant 655 took 7 ms.
    23:42:54.478 | 328 taskScheduler-3  | DEBUG | .a.s.ParticipantScoreScheduleService : Processing exercise 602 and participant 656 to update participant scores.
    23:42:54.478 | 362 ool-1-worker-126 | DEBUG | .c.s.m.InstanceMessageReceiveService : Received schedule participant score for exercise 604 and participant 652 (result to be deleted: null)
    23:42:54.478 | 362 ool-1-worker-126 | DEBUG | .a.s.ParticipantScoreScheduleService : Scheduled task for exercise 604 and participant 652 at 2025-02-14T23:42:54.578978891Z[Etc/UTC].
    23:42:54.479 | 362 ool-1-worker-126 | DEBUG | .c.s.m.InstanceMessageReceiveService : Received schedule participant score for exercise 604 and participant 653 (result to be deleted: null)
    23:42:54.479 | 362 ool-1-worker-126 | DEBUG | .a.s.ParticipantScoreScheduleService : Scheduled task for exercise 604 and participant 653 at 2025-02-14T23:42:54.579909585Z[Etc/UTC].
    23:42:54.488 | 328 taskScheduler-3  | DEBUG | .a.s.ParticipantScoreScheduleService : Updated participant score 96.
    23:42:54.488 | 328 taskScheduler-3  | DEBUG | .a.s.ParticipantScoreScheduleService : Updating the participant score for exercise 602 and participant 656 took 10 ms.
    23:42:54.490 | 362 ool-1-worker-126 | DEBUG | .c.s.m.InstanceMessageReceiveService : Received schedule participant score for exercise 604 and participant 653 (result to be deleted: null)
    23:42:54.490 | 362 ool-1-worker-126 | DEBUG | .a.s.ParticipantScoreScheduleService : Scheduled task for exercise 604 and participant 653 at 2025-02-14T23:42:54.590229466Z[Etc/UTC].
    23:42:54.490 | 329 taskScheduler-4  | DEBUG | .a.s.ParticipantScoreScheduleService : Processing exercise 603 and participant 655 to update participant scores.
    23:42:54.491 | 362 ool-1-worker-126 | DEBUG | .c.s.m.InstanceMessageReceiveService : Received schedule participant score for exercise 604 and participant 654 (result to be deleted: null)
    23:42:54.491 | 362 ool-1-worker-126 | DEBUG | .a.s.ParticipantScoreScheduleService : Scheduled task for exercise 604 and participant 654 at 2025-02-14T23:42:54.591296114Z[Etc/UTC].
    23:42:54.496 | 329 taskScheduler-4  | DEBUG | .a.s.ParticipantScoreScheduleService : Updated participant score 97.
    23:42:54.497 | 329 taskScheduler-4  | DEBUG | .a.s.ParticipantScoreScheduleService : Updating the participant score for exercise 603 and participant 655 took 7 ms.
    23:42:54.498 | 362 ool-1-worker-126 | DEBUG | .c.s.m.InstanceMessageReceiveService : Received schedule participant score for exercise 604 and participant 654 (result to be deleted: null)
    23:42:54.498 | 362 ool-1-worker-126 | DEBUG | .a.s.ParticipantScoreScheduleService : Scheduled task for exercise 604 and participant 654 at 2025-02-14T23:42:54.598643446Z[Etc/UTC].
    23:42:54.498 | 326 taskScheduler-1  | DEBUG | .a.s.ParticipantScoreScheduleService : Processing exercise 603 and participant 653 to update participant scores.
    23:42:54.499 | 362 ool-1-worker-126 | DEBUG | .c.s.m.InstanceMessageReceiveService : Received schedule participant score for exercise 604 and participant 656 (result to be deleted: null)
    23:42:54.499 | 362 ool-1-worker-126 | DEBUG | .a.s.ParticipantScoreScheduleService : Scheduled task for exercise 604 and participant 656 at 2025-02-14T23:42:54.599610708Z[Etc/UTC].
    23:42:54.504 | 362 ool-1-worker-126 | DEBUG | .c.s.m.InstanceMessageReceiveService : Received schedule participant score for exercise 604 and participant 656 (result to be deleted: null)
    23:42:54.504 | 362 ool-1-worker-126 | DEBUG | .a.s.ParticipantScoreScheduleService : Scheduled task for exercise 604 and participant 656 at 2025-02-14T23:42:54.604787385Z[Etc/UTC].
    23:42:54.506 | 362 ool-1-worker-126 | DEBUG | .c.s.m.InstanceMessageReceiveService : Received schedule participant score for exercise 605 and participant 652 (result to be deleted: null)
    23:42:54.506 | 362 ool-1-worker-126 | DEBUG | .a.s.ParticipantScoreScheduleService : Scheduled task for exercise 605 and participant 652 at 2025-02-14T23:42:54.606268155Z[Etc/UTC].
    23:42:54.508 | 326 taskScheduler-1  | DEBUG | .a.s.ParticipantScoreScheduleService : Updated participant score 98.
    23:42:54.510 | 326 taskScheduler-1  | DEBUG | .a.s.ParticipantScoreScheduleService : Updating the participant score for exercise 603 and participant 653 took 12 ms.
    23:42:54.512 | 362 ool-1-worker-126 | DEBUG | .c.s.m.InstanceMessageReceiveService : Received schedule participant score for exercise 605 and participant 652 (result to be deleted: null)
    23:42:54.513 | 362 ool-1-worker-126 | DEBUG | .a.s.ParticipantScoreScheduleService : Scheduled task for exercise 605 and participant 652 at 2025-02-14T23:42:54.613037089Z[Etc/UTC].
    23:42:54.513 | 328 taskScheduler-3  | DEBUG | .a.s.ParticipantScoreScheduleService : Processing exercise 603 and participant 652 to update participant scores.
    23:42:54.514 | 362 ool-1-worker-126 | DEBUG | .c.s.m.InstanceMessageReceiveService : Received schedule participant score for exercise 605 and participant 653 (result to be deleted: null)
    23:42:54.514 | 362 ool-1-worker-126 | DEBUG | .a.s.ParticipantScoreScheduleService : Scheduled task for exercise 605 and participant 653 at 2025-02-14T23:42:54.614337793Z[Etc/UTC].
    23:42:54.522 | 362 ool-1-worker-126 | DEBUG | .c.s.m.InstanceMessageReceiveService : Received schedule participant score for exercise 605 and participant 653 (result to be deleted: null)
    23:42:54.522 | 362 ool-1-worker-126 | DEBUG | .a.s.ParticipantScoreScheduleService : Scheduled task for exercise 605 and participant 653 at 2025-02-14T23:42:54.622342390Z[Etc/UTC].
    23:42:54.522 | 328 taskScheduler-3  | DEBUG | .a.s.ParticipantScoreScheduleService : Updated participant score 99.
    23:42:54.523 | 328 taskScheduler-3  | DEBUG | .a.s.ParticipantScoreScheduleService : Updating the participant score for exercise 603 and participant 652 took 10 ms.
    23:42:54.523 | 362 ool-1-worker-126 | DEBUG | .c.s.m.InstanceMessageReceiveService : Received schedule participant score for exercise 605 and participant 654 (result to be deleted: null)
    23:42:54.523 | 362 ool-1-worker-126 | DEBUG | .a.s.ParticipantScoreScheduleService : Scheduled task for exercise 605 and participant 654 at 2025-02-14T23:42:54.623690251Z[Etc/UTC].
    23:42:54.529 | 362 ool-1-worker-126 | DEBUG | .c.s.m.InstanceMessageReceiveService : Received schedule participant score for exercise 605 and participant 654 (result to be deleted: null)
    23:42:54.529 | 362 ool-1-worker-126 | DEBUG | .a.s.ParticipantScoreScheduleService : Scheduled task for exercise 605 and participant 654 at 2025-02-14T23:42:54.629637825Z[Etc/UTC].
    23:42:54.530 | 362 ool-1-worker-126 | DEBUG | .c.s.m.InstanceMessageReceiveService : Received schedule participant score for exercise 605 and participant 656 (result to be deleted: null)
    23:42:54.531 | 362 ool-1-worker-126 | DEBUG | .a.s.ParticipantScoreScheduleService : Scheduled task for exercise 605 and participant 656 at 2025-02-14T23:42:54.631054385Z[Etc/UTC].
    23:42:54.532 | 327 taskScheduler-2  | DEBUG | .a.s.ParticipantScoreScheduleService : Processing exercise 603 and participant 654 to update participant scores.
    23:42:54.537 | 362 ool-1-worker-126 | DEBUG | .c.s.m.InstanceMessageReceiveService : Received schedule participant score for exercise 605 and participant 656 (result to be deleted: null)
    23:42:54.537 | 362 ool-1-worker-126 | DEBUG | .a.s.ParticipantScoreScheduleService : Scheduled task for exercise 605 and participant 656 at 2025-02-14T23:42:54.637249670Z[Etc/UTC].
    23:42:54.538 | 362 ool-1-worker-126 | DEBUG | .c.s.m.InstanceMessageReceiveService : Received schedule participant score for exercise 605 and participant 655 (result to be deleted: null)
    23:42:54.538 | 362 ool-1-worker-126 | DEBUG | .a.s.ParticipantScoreScheduleService : Scheduled task for exercise 605 and participant 655 at 2025-02-14T23:42:54.638658876Z[Etc/UTC].
    23:42:54.540 | 327 taskScheduler-2  | DEBUG | .a.s.ParticipantScoreScheduleService : Updated participant score 100.
    23:42:54.542 | 327 taskScheduler-2  | DEBUG | .a.s.ParticipantScoreScheduleService : Updating the participant score for exercise 603 and participant 654 took 10 ms.
    23:42:54.546 | 362 ool-1-worker-126 | DEBUG | .c.s.m.InstanceMessageReceiveService : Received schedule participant score for exercise 605 and participant 655 (result to be deleted: null)
    23:42:54.546 | 362 ool-1-worker-126 | DEBUG | .a.s.ParticipantScoreScheduleService : Scheduled task for exercise 605 and participant 655 at 2025-02-14T23:42:54.646158161Z[Etc/UTC].
    23:42:54.552 | 362 ool-1-worker-126 | DEBUG | .a.s.ParticipantScoreScheduleService : Scheduled task for exercise 595 and participant 656 at 2025-02-14T23:42:54.652354969Z[Etc/UTC].
    23:42:54.552 | 362 ool-1-worker-126 | DEBUG | .a.s.ParticipantScoreScheduleService : Scheduled task for exercise 595 and participant 652 at 2025-02-14T23:42:54.652383673Z[Etc/UTC].
    23:42:54.552 | 362 ool-1-worker-126 | DEBUG | .a.s.ParticipantScoreScheduleService : Scheduled task for exercise 596 and participant 654 at 2025-02-14T23:42:54.652392940Z[Etc/UTC].
    23:42:54.552 | 362 ool-1-worker-126 | DEBUG | .a.s.ParticipantScoreScheduleService : Scheduled task for exercise 596 and participant 655 at 2025-02-14T23:42:54.652400244Z[Etc/UTC].
    23:42:54.552 | 362 ool-1-worker-126 | DEBUG | .a.s.ParticipantScoreScheduleService : Scheduled task for exercise 596 and participant 653 at 2025-02-14T23:42:54.652407207Z[Etc/UTC].
    23:42:54.552 | 362 ool-1-worker-126 | DEBUG | .a.s.ParticipantScoreScheduleService : Scheduled task for exercise 598 and participant 652 at 2025-02-14T23:42:54.652414090Z[Etc/UTC].
    23:42:54.552 | 362 ool-1-worker-126 | DEBUG | .a.s.ParticipantScoreScheduleService : Scheduled task for exercise 598 and participant 656 at 2025-02-14T23:42:54.652421193Z[Etc/UTC].
    23:42:54.552 | 362 ool-1-worker-126 | DEBUG | .a.s.ParticipantScoreScheduleService : Scheduled task for exercise 598 and participant 653 at 2025-02-14T23:42:54.652428236Z[Etc/UTC].
    23:42:54.552 | 362 ool-1-worker-126 | DEBUG | .a.s.ParticipantScoreScheduleService : Scheduled task for exercise 598 and participant 654 at 2025-02-14T23:42:54.652435179Z[Etc/UTC].
    23:42:54.552 | 362 ool-1-worker-126 | DEBUG | .a.s.ParticipantScoreScheduleService : Scheduled task for exercise 598 and participant 655 at 2025-02-14T23:42:54.652442002Z[Etc/UTC].
    23:42:54.552 | 362 ool-1-worker-126 | DEBUG | .a.s.ParticipantScoreScheduleService : Scheduled task for exercise 600 and participant 652 at 2025-02-14T23:42:54.652449396Z[Etc/UTC].
    23:42:54.552 | 362 ool-1-worker-126 | DEBUG | .a.s.ParticipantScoreScheduleService : Scheduled task for exercise 600 and participant 653 at 2025-02-14T23:42:54.652456389Z[Etc/UTC].
    23:42:54.552 | 362 ool-1-worker-126 | DEBUG | .a.s.ParticipantScoreScheduleService : Scheduled task for exercise 600 and participant 654 at 2025-02-14T23:42:54.652462931Z[Etc/UTC].
    23:42:54.552 | 362 ool-1-worker-126 | DEBUG | .a.s.ParticipantScoreScheduleService : Scheduled task for exercise 600 and participant 655 at 2025-02-14T23:42:54.652469233Z[Etc/UTC].
    23:42:54.552 | 362 ool-1-worker-126 | DEBUG | .a.s.ParticipantScoreScheduleService : Scheduled task for exercise 600 and participant 656 at 2025-02-14T23:42:54.652475885Z[Etc/UTC].
    23:42:54.552 | 362 ool-1-worker-126 | DEBUG | .a.s.ParticipantScoreScheduleService : Scheduled task for exercise 601 and participant 652 at 2025-02-14T23:42:54.652482598Z[Etc/UTC].
    23:42:54.552 | 362 ool-1-worker-126 | DEBUG | .a.s.ParticipantScoreScheduleService : Scheduled task for exercise 601 and participant 653 at 2025-02-14T23:42:54.652489190Z[Etc/UTC].
    23:42:54.552 | 362 ool-1-worker-126 | DEBUG | .a.s.ParticipantScoreScheduleService : Scheduled task for exercise 601 and participant 654 at 2025-02-14T23:42:54.652495782Z[Etc/UTC].
    23:42:54.552 | 362 ool-1-worker-126 | DEBUG | .a.s.ParticipantScoreScheduleService : Scheduled task for exercise 602 and participant 655 at 2025-02-14T23:42:54.652520969Z[Etc/UTC].
    23:42:54.552 | 362 ool-1-worker-126 | DEBUG | .a.s.ParticipantScoreScheduleService : Scheduled task for exercise 602 and participant 656 at 2025-02-14T23:42:54.652529224Z[Etc/UTC].
    23:42:54.552 | 362 ool-1-worker-126 | DEBUG | .a.s.ParticipantScoreScheduleService : Scheduled task for exercise 603 and participant 655 at 2025-02-14T23:42:54.652536628Z[Etc/UTC].
    23:42:54.552 | 362 ool-1-worker-126 | DEBUG | .a.s.ParticipantScoreScheduleService : Scheduled task for exercise 603 and participant 653 at 2025-02-14T23:42:54.652543781Z[Etc/UTC].
    23:42:54.552 | 326 taskScheduler-1  | DEBUG | .a.s.ParticipantScoreScheduleService : Processing exercise 603 and participant 656 to update participant scores.
    23:42:54.552 | 362 ool-1-worker-126 | DEBUG | .a.s.ParticipantScoreScheduleService : Scheduled task for exercise 603 and participant 652 at 2025-02-14T23:42:54.652559931Z[Etc/UTC].
    23:42:54.552 | 362 ool-1-worker-126 | DEBUG | .a.s.ParticipantScoreScheduleService : Scheduled task for exercise 603 and participant 654 at 2025-02-14T23:42:54.652570170Z[Etc/UTC].
    23:42:54.552 | 362 ool-1-worker-126 | DEBUG | .a.s.ParticipantScoreScheduleService : Scheduled task for exercise 603 and participant 656 at 2025-02-14T23:42:54.652584768Z[Etc/UTC].
    23:42:54.552 | 362 ool-1-worker-126 | DEBUG | .a.s.ParticipantScoreScheduleService : Scheduled task for exercise 604 and participant 655 at 2025-02-14T23:42:54.652592943Z[Etc/UTC].
    23:42:54.552 | 362 ool-1-worker-126 | DEBUG | .a.s.ParticipantScoreScheduleService : Scheduled task for exercise 604 and participant 652 at 2025-02-14T23:42:54.652600557Z[Etc/UTC].
    23:42:54.552 | 362 ool-1-worker-126 | DEBUG | .a.s.ParticipantScoreScheduleService : Scheduled task for exercise 604 and participant 653 at 2025-02-14T23:42:54.652608021Z[Etc/UTC].
    23:42:54.552 | 362 ool-1-worker-126 | DEBUG | .a.s.ParticipantScoreScheduleService : Scheduled task for exercise 604 and participant 654 at 2025-02-14T23:42:54.652615225Z[Etc/UTC].
    23:42:54.552 | 362 ool-1-worker-126 | DEBUG | .a.s.ParticipantScoreScheduleService : Scheduled task for exercise 604 and participant 656 at 2025-02-14T23:42:54.652622688Z[Etc/UTC].
    23:42:54.552 | 362 ool-1-worker-126 | DEBUG | .a.s.ParticipantScoreScheduleService : Scheduled task for exercise 605 and participant 652 at 2025-02-14T23:42:54.652630994Z[Etc/UTC].
    23:42:54.552 | 362 ool-1-worker-126 | DEBUG | .a.s.ParticipantScoreScheduleService : Scheduled task for exercise 605 and participant 653 at 2025-02-14T23:42:54.652638578Z[Etc/UTC].
    23:42:54.552 | 362 ool-1-worker-126 | DEBUG | .a.s.ParticipantScoreScheduleService : Scheduled task for exercise 605 and participant 654 at 2025-02-14T23:42:54.652646553Z[Etc/UTC].
    23:42:54.552 | 362 ool-1-worker-126 | DEBUG | .a.s.ParticipantScoreScheduleService : Scheduled task for exercise 605 and participant 656 at 2025-02-14T23:42:54.652654267Z[Etc/UTC].
    23:42:54.552 | 362 ool-1-worker-126 | DEBUG | .a.s.ParticipantScoreScheduleService : Scheduled task for exercise 605 and participant 655 at 2025-02-14T23:42:54.652662342Z[Etc/UTC].
    23:42:54.553 | 362 ool-1-worker-126 | DEBUG | .a.s.ParticipantScoreScheduleService : Scheduled task for exercise 168 and participant 203 at 2025-02-14T23:42:54.653296314Z[Etc/UTC].
    23:42:54.553 | 362 ool-1-worker-126 | DEBUG | .a.s.ParticipantScoreScheduleService : Scheduled task for exercise 170 and participant 203 at 2025-02-14T23:42:54.653317463Z[Etc/UTC].
    23:42:54.553 | 362 ool-1-worker-126 | DEBUG | .a.s.ParticipantScoreScheduleService : Scheduled task for exercise 180 and participant 1 at 2025-02-14T23:42:54.653328334Z[Etc/UTC].
    23:42:54.553 | 362 ool-1-worker-126 | DEBUG | .a.s.ParticipantScoreScheduleService : Scheduled task for exercise 186 and participant 203 at 2025-02-14T23:42:54.653336569Z[Etc/UTC].
    23:42:54.553 | 362 ool-1-worker-126 | DEBUG | .a.s.ParticipantScoreScheduleService : Processing of 35 results and 4 participant scores.
    23:42:54.561 | 326 taskScheduler-1  | DEBUG | .a.s.ParticipantScoreScheduleService : Updated participant score 101.
    23:42:54.561 | 326 taskScheduler-1  | DEBUG | .a.s.ParticipantScoreScheduleService : Updating the participant score for exercise 603 and participant 656 took 9 ms.
    23:42:54.652 | 327 taskScheduler-2  | DEBUG | .a.s.ParticipantScoreScheduleService : Processing exercise 595 and participant 656 to update participant scores.
    23:42:54.654 | 329 taskScheduler-4  | DEBUG | .a.s.ParticipantScoreScheduleService : Processing exercise 595 and participant 652 to update participant scores.
    23:42:54.654 | 328 taskScheduler-3  | DEBUG | .a.s.ParticipantScoreScheduleService : Processing exercise 596 and participant 655 to update participant scores.
    23:42:54.655 | 327 taskScheduler-2  | DEBUG | .a.s.ParticipantScoreScheduleService : Participant score 77 is already up-to-date, skipping.
    23:42:54.655 | 327 taskScheduler-2  | DEBUG | .a.s.ParticipantScoreScheduleService : Processing exercise 596 and participant 653 to update participant scores.
    23:42:54.655 | 328 taskScheduler-3  | DEBUG | .a.s.ParticipantScoreScheduleService : Participant score 80 is already up-to-date, skipping.
    23:42:54.655 | 328 taskScheduler-3  | DEBUG | .a.s.ParticipantScoreScheduleService : Processing exercise 598 and participant 652 to update participant scores.
    23:42:54.658 | 329 taskScheduler-4  | DEBUG | .a.s.ParticipantScoreScheduleService : Participant score 79 is already up-to-date, skipping.
    23:42:54.658 | 329 taskScheduler-4  | DEBUG | .a.s.ParticipantScoreScheduleService : Processing exercise 598 and participant 656 to update participant scores.
    23:42:54.659 | 327 taskScheduler-2  | DEBUG | .a.s.ParticipantScoreScheduleService : Participant score 81 is already up-to-date, skipping.
    23:42:54.659 | 327 taskScheduler-2  | DEBUG | .a.s.ParticipantScoreScheduleService : Processing exercise 598 and participant 653 to update participant scores.
    23:42:54.660 | 329 taskScheduler-4  | DEBUG | .a.s.ParticipantScoreScheduleService : Participant score 83 is already up-to-date, skipping.
    23:42:54.660 | 329 taskScheduler-4  | DEBUG | .a.s.ParticipantScoreScheduleService : Processing exercise 598 and participant 654 to update participant scores.
    23:42:54.661 | 326 taskScheduler-1  | DEBUG | .a.s.ParticipantScoreScheduleService : Processing exercise 596 and participant 654 to update participant scores.
    23:42:54.662 | 327 taskScheduler-2  | DEBUG | .a.s.ParticipantScoreScheduleService : Participant score 84 is already up-to-date, skipping.
    23:42:54.662 | 327 taskScheduler-2  | DEBUG | .a.s.ParticipantScoreScheduleService : Processing exercise 598 and participant 655 to update participant scores.
    23:42:54.663 | 326 taskScheduler-1  | DEBUG | .a.s.ParticipantScoreScheduleService : Participant score 78 is already up-to-date, skipping.
    23:42:54.663 | 326 taskScheduler-1  | DEBUG | .a.s.ParticipantScoreScheduleService : Processing exercise 600 and participant 652 to update participant scores.
    23:42:54.665 | 327 taskScheduler-2  | DEBUG | .a.s.ParticipantScoreScheduleService : Participant score 87 is already up-to-date, skipping.
    23:42:54.665 | 327 taskScheduler-2  | DEBUG | .a.s.ParticipantScoreScheduleService : Processing exercise 600 and participant 653 to update participant scores.
    23:42:54.666 | 329 taskScheduler-4  | DEBUG | .a.s.ParticipantScoreScheduleService : Participant score 85 is already up-to-date, skipping.
    23:42:54.666 | 329 taskScheduler-4  | DEBUG | .a.s.ParticipantScoreScheduleService : Processing exercise 600 and participant 654 to update participant scores.
    23:42:54.668 | 327 taskScheduler-2  | DEBUG | .a.s.ParticipantScoreScheduleService : Participant score 88 is already up-to-date, skipping.
    23:42:54.668 | 327 taskScheduler-2  | DEBUG | .a.s.ParticipantScoreScheduleService : Processing exercise 600 and participant 655 to update participant scores.
    23:42:54.670 | 328 taskScheduler-3  | DEBUG | .a.s.ParticipantScoreScheduleService : Participant score 82 is already up-to-date, skipping.
    23:42:54.670 | 328 taskScheduler-3  | DEBUG | .a.s.ParticipantScoreScheduleService : Processing exercise 600 and participant 656 to update participant scores.
    23:42:54.672 | 328 taskScheduler-3  | DEBUG | .a.s.ParticipantScoreScheduleService : Participant score 90 is already up-to-date, skipping.
    23:42:54.672 | 328 taskScheduler-3  | DEBUG | .a.s.ParticipantScoreScheduleService : Processing exercise 601 and participant 652 to update participant scores.
    23:42:54.672 | 326 taskScheduler-1  | DEBUG | .a.s.ParticipantScoreScheduleService : Participant score 86 is already up-to-date, skipping.
    23:42:54.672 | 326 taskScheduler-1  | DEBUG | .a.s.ParticipantScoreScheduleService : Processing exercise 601 and participant 653 to update participant scores.
    23:42:54.673 | 329 taskScheduler-4  | DEBUG | .a.s.ParticipantScoreScheduleService : Participant score 89 is already up-to-date, skipping.
    23:42:54.673 | 327 taskScheduler-2  | DEBUG | .a.s.ParticipantScoreScheduleService : Participant score 91 is already up-to-date, skipping.
    23:42:54.673 | 329 taskScheduler-4  | DEBUG | .a.s.ParticipantScoreScheduleService : Processing exercise 601 and participant 654 to update participant scores.
    23:42:54.673 | 327 taskScheduler-2  | DEBUG | .a.s.ParticipantScoreScheduleService : Processing exercise 602 and participant 655 to update participant scores.
    23:42:54.674 | 328 taskScheduler-3  | DEBUG | .a.s.ParticipantScoreScheduleService : Participant score 92 is already up-to-date, skipping.
    23:42:54.674 | 328 taskScheduler-3  | DEBUG | .a.s.ParticipantScoreScheduleService : Processing exercise 602 and participant 656 to update participant scores.
    23:42:54.677 | 326 taskScheduler-1  | DEBUG | .a.s.ParticipantScoreScheduleService : Participant score 93 is already up-to-date, skipping.
    23:42:54.677 | 327 taskScheduler-2  | DEBUG | .a.s.ParticipantScoreScheduleService : Participant score 95 is already up-to-date, skipping.
    23:42:54.677 | 327 taskScheduler-2  | DEBUG | .a.s.ParticipantScoreScheduleService : Processing exercise 603 and participant 653 to update participant scores.
    23:42:54.677 | 326 taskScheduler-1  | DEBUG | .a.s.ParticipantScoreScheduleService : Processing exercise 603 and participant 655 to update participant scores.
    23:42:54.678 | 326 taskScheduler-1  | DEBUG | .a.s.ParticipantScoreScheduleService : Participant score 97 is already up-to-date, skipping.
    23:42:54.679 | 326 taskScheduler-1  | DEBUG | .a.s.ParticipantScoreScheduleService : Processing exercise 603 and participant 652 to update participant scores.
    23:42:54.683 | 329 taskScheduler-4  | DEBUG | .a.s.ParticipantScoreScheduleService : Participant score 94 is already up-to-date, skipping.
    23:42:54.683 | 329 taskScheduler-4  | DEBUG | .a.s.ParticipantScoreScheduleService : Processing exercise 603 and participant 654 to update participant scores.
    23:42:54.684 | 329 taskScheduler-4  | DEBUG | .a.s.ParticipantScoreScheduleService : Participant score 100 is already up-to-date, skipping.
    23:42:54.684 | 329 taskScheduler-4  | DEBUG | .a.s.ParticipantScoreScheduleService : Processing exercise 603 and participant 656 to update participant scores.
    23:42:54.685 | 327 taskScheduler-2  | DEBUG | .a.s.ParticipantScoreScheduleService : Participant score 98 is already up-to-date, skipping.
    23:42:54.685 | 328 taskScheduler-3  | DEBUG | .a.s.ParticipantScoreScheduleService : Participant score 96 is already up-to-date, skipping.
    23:42:54.685 | 327 taskScheduler-2  | DEBUG | .a.s.ParticipantScoreScheduleService : Processing exercise 604 and participant 655 to update participant scores.
    23:42:54.685 | 328 taskScheduler-3  | DEBUG | .a.s.ParticipantScoreScheduleService : Processing exercise 604 and participant 652 to update participant scores.
    23:42:54.689 | 326 taskScheduler-1  | DEBUG | .a.s.ParticipantScoreScheduleService : Participant score 99 is already up-to-date, skipping.
    23:42:54.689 | 326 taskScheduler-1  | DEBUG | .a.s.ParticipantScoreScheduleService : Processing exercise 604 and participant 653 to update participant scores.
    23:42:54.695 | 327 taskScheduler-2  | DEBUG | .a.s.ParticipantScoreScheduleService : Updated participant score 102.
    23:42:54.695 | 327 taskScheduler-2  | DEBUG | .a.s.ParticipantScoreScheduleService : Updating the participant score for exercise 604 and participant 655 took 10 ms.
    23:42:54.695 | 327 taskScheduler-2  | DEBUG | .a.s.ParticipantScoreScheduleService : Processing exercise 604 and participant 654 to update participant scores.
    23:42:54.698 | 328 taskScheduler-3  | DEBUG | .a.s.ParticipantScoreScheduleService : Updated participant score 103.
    23:42:54.700 | 329 taskScheduler-4  | DEBUG | .a.s.ParticipantScoreScheduleService : Participant score 101 is already up-to-date, skipping.
    23:42:54.700 | 329 taskScheduler-4  | DEBUG | .a.s.ParticipantScoreScheduleService : Processing exercise 604 and participant 656 to update participant scores.
    23:42:54.707 | 328 taskScheduler-3  | DEBUG | .a.s.ParticipantScoreScheduleService : Updating the participant score for exercise 604 and participant 652 took 22 ms.
    23:42:54.707 | 328 taskScheduler-3  | DEBUG | .a.s.ParticipantScoreScheduleService : Processing exercise 605 and participant 652 to update participant scores.
    23:42:54.714 | 327 taskScheduler-2  | DEBUG | .a.s.ParticipantScoreScheduleService : Updated participant score 104.
    23:42:54.715 | 327 taskScheduler-2  | DEBUG | .a.s.ParticipantScoreScheduleService : Updating the participant score for exercise 604 and participant 654 took 20 ms.
    23:42:54.715 | 327 taskScheduler-2  | DEBUG | .a.s.ParticipantScoreScheduleService : Processing exercise 605 and participant 653 to update participant scores.
    23:42:54.716 | 326 taskScheduler-1  | DEBUG | .a.s.ParticipantScoreScheduleService : Updated participant score 105.
    23:42:54.716 | 326 taskScheduler-1  | DEBUG | .a.s.ParticipantScoreScheduleService : Updating the participant score for exercise 604 and participant 653 took 27 ms.
    23:42:54.716 | 326 taskScheduler-1  | DEBUG | .a.s.ParticipantScoreScheduleService : Processing exercise 605 and participant 654 to update participant scores.
    23:42:54.718 | 329 taskScheduler-4  | DEBUG | .a.s.ParticipantScoreScheduleService : Updated participant score 106.
    23:42:54.718 | 329 taskScheduler-4  | DEBUG | .a.s.ParticipantScoreScheduleService : Updating the participant score for exercise 604 and participant 656 took 18 ms.
    23:42:54.718 | 329 taskScheduler-4  | DEBUG | .a.s.ParticipantScoreScheduleService : Processing exercise 605 and participant 656 to update participant scores.
    23:42:54.730 | 327 taskScheduler-2  | DEBUG | .a.s.ParticipantScoreScheduleService : Updated participant score 107.
    23:42:54.731 | 326 taskScheduler-1  | DEBUG | .a.s.ParticipantScoreScheduleService : Updated participant score 108.
    23:42:54.731 | 327 taskScheduler-2  | DEBUG | .a.s.ParticipantScoreScheduleService : Updating the participant score for exercise 605 and participant 653 took 16 ms.
    23:42:54.731 | 327 taskScheduler-2  | DEBUG | .a.s.ParticipantScoreScheduleService : Processing exercise 605 and participant 655 to update participant scores.
    23:42:54.731 | 328 taskScheduler-3  | DEBUG | .a.s.ParticipantScoreScheduleService : Updated participant score 109.
    23:42:54.731 | 328 taskScheduler-3  | DEBUG | .a.s.ParticipantScoreScheduleService : Updating the participant score for exercise 605 and participant 652 took 24 ms.
    23:42:54.731 | 328 taskScheduler-3  | DEBUG | .a.s.ParticipantScoreScheduleService : Processing exercise 168 and participant 203 to update participant scores.
    23:42:54.734 | 328 taskScheduler-3  | ERROR | .a.s.ParticipantScoreScheduleService : Exception while processing participant score for exercise 168 and participant 203 for participant scores:
org.springframework.dao.IncorrectResultSizeDataAccessException: Query did not return a unique result: 2 results were returned
	at org.springframework.orm.jpa.vendor.HibernateJpaDialect.convertHibernateAccessException(HibernateJpaDialect.java:301)
	at org.springframework.orm.jpa.vendor.HibernateJpaDialect.translateExceptionIfPossible(HibernateJpaDialect.java:244)
	at org.springframework.orm.jpa.AbstractEntityManagerFactoryBean.translateExceptionIfPossible(AbstractEntityManagerFactoryBean.java:560)
	at org.springframework.dao.support.ChainedPersistenceExceptionTranslator.translateExceptionIfPossible(ChainedPersistenceExceptionTranslator.java:61)
	at org.springframework.dao.support.DataAccessUtils.translateIfNecessary(DataAccessUtils.java:343)
	at org.springframework.dao.support.PersistenceExceptionTranslationInterceptor.invoke(PersistenceExceptionTranslationInterceptor.java:160)
	at org.springframework.aop.framework.ReflectiveMethodInvocation.proceed(ReflectiveMethodInvocation.java:184)
	at org.springframework.data.jpa.repository.support.CrudMethodMetadataPostProcessor$CrudMethodMetadataPopulatingMethodInterceptor.invoke(CrudMethodMetadataPostProcessor.java:136)
	at org.springframework.aop.framework.ReflectiveMethodInvocation.proceed(ReflectiveMethodInvocation.java:184)
	at org.springframework.aop.framework.JdkDynamicAopProxy.invoke(JdkDynamicAopProxy.java:223)
	at jdk.proxy3/jdk.proxy3.$Proxy366.findByExercise_IdAndUser_Id(Unknown Source)
	at de.tum.cit.aet.artemis.assessment.service.ParticipantScoreScheduleService.executeTask(ParticipantScoreScheduleService.java:286)
	at de.tum.cit.aet.artemis.assessment.service.ParticipantScoreScheduleService.lambda$scheduleTask$5(ParticipantScoreScheduleService.java:237)
	at org.springframework.scheduling.support.DelegatingErrorHandlingRunnable.run(DelegatingErrorHandlingRunnable.java:54)
	at java.base/java.util.concurrent.Executors$RunnableAdapter.call(Executors.java:572)
	at java.base/java.util.concurrent.FutureTask.run(FutureTask.java:317)
	at java.base/java.util.concurrent.ScheduledThreadPoolExecutor$ScheduledFutureTask.run(ScheduledThreadPoolExecutor.java:304)
	at java.base/java.util.concurrent.ThreadPoolExecutor.runWorker(ThreadPoolExecutor.java:1144)
	at java.base/java.util.concurrent.ThreadPoolExecutor$Worker.run(ThreadPoolExecutor.java:642)
	at java.base/java.lang.Thread.run(Thread.java:1583)
Caused by: org.hibernate.NonUniqueResultException: Query did not return a unique result: 2 results were returned
	at org.hibernate.query.spi.AbstractSelectionQuery.uniqueElement(AbstractSelectionQuery.java:586)
	at org.hibernate.query.spi.AbstractSelectionQuery.getSingleResult(AbstractSelectionQuery.java:570)
	at java.base/jdk.internal.reflect.DirectMethodHandleAccessor.invoke(DirectMethodHandleAccessor.java:103)
	at java.base/java.lang.reflect.Method.invoke(Method.java:580)
	at org.springframework.orm.jpa.SharedEntityManagerCreator$DeferredQueryInvocationHandler.invoke(SharedEntityManagerCreator.java:419)
	at jdk.proxy3/jdk.proxy3.$Proxy601.getSingleResult(Unknown Source)
	at org.springframework.data.jpa.repository.query.JpaQueryExecution$SingleEntityExecution.doExecute(JpaQueryExecution.java:224)
	at org.springframework.data.jpa.repository.query.JpaQueryExecution.execute(JpaQueryExecution.java:93)
	at org.springframework.data.jpa.repository.query.AbstractJpaQuery.doExecute(AbstractJpaQuery.java:152)
	at org.springframework.data.jpa.repository.query.AbstractJpaQuery.execute(AbstractJpaQuery.java:140)
	at org.springframework.data.repository.core.support.RepositoryMethodInvoker.doInvoke(RepositoryMethodInvoker.java:170)
	at org.springframework.data.repository.core.support.RepositoryMethodInvoker.invoke(RepositoryMethodInvoker.java:158)
	at org.springframework.data.repository.core.support.QueryExecutorMethodInterceptor.doInvoke(QueryExecutorMethodInterceptor.java:170)
	at org.springframework.data.repository.core.support.QueryExecutorMethodInterceptor.invoke(QueryExecutorMethodInterceptor.java:149)
	at org.springframework.aop.framework.ReflectiveMethodInvocation.proceed(ReflectiveMethodInvocation.java:184)
	at org.springframework.data.projection.DefaultMethodInvokingMethodInterceptor.invoke(DefaultMethodInvokingMethodInterceptor.java:69)
	at org.springframework.aop.framework.ReflectiveMethodInvocation.proceed(ReflectiveMethodInvocation.java:184)
	at org.springframework.transaction.interceptor.TransactionAspectSupport.invokeWithinTransaction(TransactionAspectSupport.java:380)
	at org.springframework.transaction.interceptor.TransactionInterceptor.invoke(TransactionInterceptor.java:119)
	at org.springframework.aop.framework.ReflectiveMethodInvocation.proceed(ReflectiveMethodInvocation.java:184)
	at org.springframework.dao.support.PersistenceExceptionTranslationInterceptor.invoke(PersistenceExceptionTranslationInterceptor.java:138)
	... 14 common frames omitted
    23:42:54.735 | 328 taskScheduler-3  | DEBUG | .a.s.ParticipantScoreScheduleService : Updating the participant score for exercise 168 and participant 203 took 4 ms.
    23:42:54.735 | 328 taskScheduler-3  | DEBUG | .a.s.ParticipantScoreScheduleService : Processing exercise 170 and participant 203 to update participant scores.
    23:42:54.735 | 326 taskScheduler-1  | DEBUG | .a.s.ParticipantScoreScheduleService : Updating the participant score for exercise 605 and participant 654 took 19 ms.
    23:42:54.735 | 326 taskScheduler-1  | DEBUG | .a.s.ParticipantScoreScheduleService : Processing exercise 180 and participant 1 to update participant scores.
    23:42:54.736 | 329 taskScheduler-4  | DEBUG | .a.s.ParticipantScoreScheduleService : Updated participant score 110.
    23:42:54.736 | 329 taskScheduler-4  | DEBUG | .a.s.ParticipantScoreScheduleService : Updating the participant score for exercise 605 and participant 656 took 18 ms.
    23:42:54.736 | 329 taskScheduler-4  | DEBUG | .a.s.ParticipantScoreScheduleService : Processing exercise 186 and participant 203 to update participant scores.
    23:42:54.741 | 328 taskScheduler-3  | ERROR | .a.s.ParticipantScoreScheduleService : Exception while processing participant score for exercise 170 and participant 203 for participant scores:
org.springframework.dao.IncorrectResultSizeDataAccessException: Query did not return a unique result: 2 results were returned
	at org.springframework.orm.jpa.vendor.HibernateJpaDialect.convertHibernateAccessException(HibernateJpaDialect.java:301)
	at org.springframework.orm.jpa.vendor.HibernateJpaDialect.translateExceptionIfPossible(HibernateJpaDialect.java:244)
	at org.springframework.orm.jpa.AbstractEntityManagerFactoryBean.translateExceptionIfPossible(AbstractEntityManagerFactoryBean.java:560)
	at org.springframework.dao.support.ChainedPersistenceExceptionTranslator.translateExceptionIfPossible(ChainedPersistenceExceptionTranslator.java:61)
	at org.springframework.dao.support.DataAccessUtils.translateIfNecessary(DataAccessUtils.java:343)
	at org.springframework.dao.support.PersistenceExceptionTranslationInterceptor.invoke(PersistenceExceptionTranslationInterceptor.java:160)
	at org.springframework.aop.framework.ReflectiveMethodInvocation.proceed(ReflectiveMethodInvocation.java:184)
	at org.springframework.data.jpa.repository.support.CrudMethodMetadataPostProcessor$CrudMethodMetadataPopulatingMethodInterceptor.invoke(CrudMethodMetadataPostProcessor.java:136)
	at org.springframework.aop.framework.ReflectiveMethodInvocation.proceed(ReflectiveMethodInvocation.java:184)
	at org.springframework.aop.framework.JdkDynamicAopProxy.invoke(JdkDynamicAopProxy.java:223)
	at jdk.proxy3/jdk.proxy3.$Proxy366.findByExercise_IdAndUser_Id(Unknown Source)
	at de.tum.cit.aet.artemis.assessment.service.ParticipantScoreScheduleService.executeTask(ParticipantScoreScheduleService.java:286)
	at de.tum.cit.aet.artemis.assessment.service.ParticipantScoreScheduleService.lambda$scheduleTask$5(ParticipantScoreScheduleService.java:237)
	at org.springframework.scheduling.support.DelegatingErrorHandlingRunnable.run(DelegatingErrorHandlingRunnable.java:54)
	at java.base/java.util.concurrent.Executors$RunnableAdapter.call(Executors.java:572)
	at java.base/java.util.concurrent.FutureTask.run(FutureTask.java:317)
	at java.base/java.util.concurrent.ScheduledThreadPoolExecutor$ScheduledFutureTask.run(ScheduledThreadPoolExecutor.java:304)
	at java.base/java.util.concurrent.ThreadPoolExecutor.runWorker(ThreadPoolExecutor.java:1144)
	at java.base/java.util.concurrent.ThreadPoolExecutor$Worker.run(ThreadPoolExecutor.java:642)
	at java.base/java.lang.Thread.run(Thread.java:1583)
Caused by: org.hibernate.NonUniqueResultException: Query did not return a unique result: 2 results were returned
	at org.hibernate.query.spi.AbstractSelectionQuery.uniqueElement(AbstractSelectionQuery.java:586)
	at org.hibernate.query.spi.AbstractSelectionQuery.getSingleResult(AbstractSelectionQuery.java:570)
	at java.base/jdk.internal.reflect.DirectMethodHandleAccessor.invoke(DirectMethodHandleAccessor.java:103)
	at java.base/java.lang.reflect.Method.invoke(Method.java:580)
	at org.springframework.orm.jpa.SharedEntityManagerCreator$DeferredQueryInvocationHandler.invoke(SharedEntityManagerCreator.java:419)
	at jdk.proxy3/jdk.proxy3.$Proxy601.getSingleResult(Unknown Source)
	at org.springframework.data.jpa.repository.query.JpaQueryExecution$SingleEntityExecution.doExecute(JpaQueryExecution.java:224)
	at org.springframework.data.jpa.repository.query.JpaQueryExecution.execute(JpaQueryExecution.java:93)
	at org.springframework.data.jpa.repository.query.AbstractJpaQuery.doExecute(AbstractJpaQuery.java:152)
	at org.springframework.data.jpa.repository.query.AbstractJpaQuery.execute(AbstractJpaQuery.java:140)
	at org.springframework.data.repository.core.support.RepositoryMethodInvoker.doInvoke(RepositoryMethodInvoker.java:170)
	at org.springframework.data.repository.core.support.RepositoryMethodInvoker.invoke(RepositoryMethodInvoker.java:158)
	at org.springframework.data.repository.core.support.QueryExecutorMethodInterceptor.doInvoke(QueryExecutorMethodInterceptor.java:170)
	at org.springframework.data.repository.core.support.QueryExecutorMethodInterceptor.invoke(QueryExecutorMethodInterceptor.java:149)
	at org.springframework.aop.framework.ReflectiveMethodInvocation.proceed(ReflectiveMethodInvocation.java:184)
	at org.springframework.data.projection.DefaultMethodInvokingMethodInterceptor.invoke(DefaultMethodInvokingMethodInterceptor.java:69)
	at org.springframework.aop.framework.ReflectiveMethodInvocation.proceed(ReflectiveMethodInvocation.java:184)
	at org.springframework.transaction.interceptor.TransactionAspectSupport.invokeWithinTransaction(TransactionAspectSupport.java:380)
	at org.springframework.transaction.interceptor.TransactionInterceptor.invoke(TransactionInterceptor.java:119)
	at org.springframework.aop.framework.ReflectiveMethodInvocation.proceed(ReflectiveMethodInvocation.java:184)
	at org.springframework.dao.support.PersistenceExceptionTranslationInterceptor.invoke(PersistenceExceptionTranslationInterceptor.java:138)
	... 14 common frames omitted
    23:42:54.741 | 328 taskScheduler-3  | DEBUG | .a.s.ParticipantScoreScheduleService : Updating the participant score for exercise 170 and participant 203 took 6 ms.
    23:42:54.741 | 326 taskScheduler-1  | DEBUG | .a.s.ParticipantScoreScheduleService : Updating the participant score for exercise 180 and participant 1 took 6 ms.
    23:42:54.743 | 329 taskScheduler-4  | ERROR | .a.s.ParticipantScoreScheduleService : Exception while processing participant score for exercise 186 and participant 203 for participant scores:
org.springframework.dao.IncorrectResultSizeDataAccessException: Query did not return a unique result: 2 results were returned
	at org.springframework.orm.jpa.vendor.HibernateJpaDialect.convertHibernateAccessException(HibernateJpaDialect.java:301)
	at org.springframework.orm.jpa.vendor.HibernateJpaDialect.translateExceptionIfPossible(HibernateJpaDialect.java:244)
	at org.springframework.orm.jpa.AbstractEntityManagerFactoryBean.translateExceptionIfPossible(AbstractEntityManagerFactoryBean.java:560)
	at org.springframework.dao.support.ChainedPersistenceExceptionTranslator.translateExceptionIfPossible(ChainedPersistenceExceptionTranslator.java:61)
	at org.springframework.dao.support.DataAccessUtils.translateIfNecessary(DataAccessUtils.java:343)
	at org.springframework.dao.support.PersistenceExceptionTranslationInterceptor.invoke(PersistenceExceptionTranslationInterceptor.java:160)
	at org.springframework.aop.framework.ReflectiveMethodInvocation.proceed(ReflectiveMethodInvocation.java:184)
	at org.springframework.data.jpa.repository.support.CrudMethodMetadataPostProcessor$CrudMethodMetadataPopulatingMethodInterceptor.invoke(CrudMethodMetadataPostProcessor.java:136)
	at org.springframework.aop.framework.ReflectiveMethodInvocation.proceed(ReflectiveMethodInvocation.java:184)
	at org.springframework.aop.framework.JdkDynamicAopProxy.invoke(JdkDynamicAopProxy.java:223)
	at jdk.proxy3/jdk.proxy3.$Proxy366.findByExercise_IdAndUser_Id(Unknown Source)
	at de.tum.cit.aet.artemis.assessment.service.ParticipantScoreScheduleService.executeTask(ParticipantScoreScheduleService.java:286)
	at de.tum.cit.aet.artemis.assessment.service.ParticipantScoreScheduleService.lambda$scheduleTask$5(ParticipantScoreScheduleService.java:237)
	at org.springframework.scheduling.support.DelegatingErrorHandlingRunnable.run(DelegatingErrorHandlingRunnable.java:54)
	at java.base/java.util.concurrent.Executors$RunnableAdapter.call(Executors.java:572)
	at java.base/java.util.concurrent.FutureTask.run(FutureTask.java:317)
	at java.base/java.util.concurrent.ScheduledThreadPoolExecutor$ScheduledFutureTask.run(ScheduledThreadPoolExecutor.java:304)
	at java.base/java.util.concurrent.ThreadPoolExecutor.runWorker(ThreadPoolExecutor.java:1144)
	at java.base/java.util.concurrent.ThreadPoolExecutor$Worker.run(ThreadPoolExecutor.java:642)
	at java.base/java.lang.Thread.run(Thread.java:1583)
Caused by: org.hibernate.NonUniqueResultException: Query did not return a unique result: 2 results were returned
	at org.hibernate.query.spi.AbstractSelectionQuery.uniqueElement(AbstractSelectionQuery.java:586)
	at org.hibernate.query.spi.AbstractSelectionQuery.getSingleResult(AbstractSelectionQuery.java:570)
	at java.base/jdk.internal.reflect.DirectMethodHandleAccessor.invoke(DirectMethodHandleAccessor.java:103)
	at java.base/java.lang.reflect.Method.invoke(Method.java:580)
	at org.springframework.orm.jpa.SharedEntityManagerCreator$DeferredQueryInvocationHandler.invoke(SharedEntityManagerCreator.java:419)
	at jdk.proxy3/jdk.proxy3.$Proxy601.getSingleResult(Unknown Source)
	at org.springframework.data.jpa.repository.query.JpaQueryExecution$SingleEntityExecution.doExecute(JpaQueryExecution.java:224)
	at org.springframework.data.jpa.repository.query.JpaQueryExecution.execute(JpaQueryExecution.java:93)
	at org.springframework.data.jpa.repository.query.AbstractJpaQuery.doExecute(AbstractJpaQuery.java:152)
	at org.springframework.data.jpa.repository.query.AbstractJpaQuery.execute(AbstractJpaQuery.java:140)
	at org.springframework.data.repository.core.support.RepositoryMethodInvoker.doInvoke(RepositoryMethodInvoker.java:170)
	at org.springframework.data.repository.core.support.RepositoryMethodInvoker.invoke(RepositoryMethodInvoker.java:158)
	at org.springframework.data.repository.core.support.QueryExecutorMethodInterceptor.doInvoke(QueryExecutorMethodInterceptor.java:170)
	at org.springframework.data.repository.core.support.QueryExecutorMethodInterceptor.invoke(QueryExecutorMethodInterceptor.java:149)
	at org.springframework.aop.framework.ReflectiveMethodInvocation.proceed(ReflectiveMethodInvocation.java:184)
	at org.springframework.data.projection.DefaultMethodInvokingMethodInterceptor.invoke(DefaultMethodInvokingMethodInterceptor.java:69)
	at org.springframework.aop.framework.ReflectiveMethodInvocation.proceed(ReflectiveMethodInvocation.java:184)
	at org.springframework.transaction.interceptor.TransactionAspectSupport.invokeWithinTransaction(TransactionAspectSupport.java:380)
	at org.springframework.transaction.interceptor.TransactionInterceptor.invoke(TransactionInterceptor.java:119)
	at org.springframework.aop.framework.ReflectiveMethodInvocation.proceed(ReflectiveMethodInvocation.java:184)
	at org.springframework.dao.support.PersistenceExceptionTranslationInterceptor.invoke(PersistenceExceptionTranslationInterceptor.java:138)
	... 14 common frames omitted
    23:42:54.743 | 329 taskScheduler-4  | DEBUG | .a.s.ParticipantScoreScheduleService : Updating the participant score for exercise 186 and participant 203 took 7 ms.
    23:42:54.745 | 327 taskScheduler-2  | DEBUG | .a.s.ParticipantScoreScheduleService : Updated participant score 111.
    23:42:54.746 | 327 taskScheduler-2  | DEBUG | .a.s.ParticipantScoreScheduleService : Updating the participant score for exercise 605 and participant 655 took 14 ms.
    23:42:54.874 | 362 ool-1-worker-126 | DEBUG | .c.s.m.InstanceMessageReceiveService : Received schedule participant score for exercise 607 and participant 652 (result to be deleted: null)
    23:42:54.874 | 362 ool-1-worker-126 | DEBUG | .a.s.ParticipantScoreScheduleService : Scheduled task for exercise 607 and participant 652 at 2025-02-14T23:42:54.974942014Z[Etc/UTC].
    23:42:54.885 | 362 ool-1-worker-126 | DEBUG | .c.s.m.InstanceMessageReceiveService : Received schedule participant score for exercise 609 and participant 2 (result to be deleted: null)
    23:42:54.885 | 362 ool-1-worker-126 | DEBUG | .a.s.ParticipantScoreScheduleService : Scheduled task for exercise 609 and participant 2 at 2025-02-14T23:42:54.985745336Z[Etc/UTC].
    23:42:54.889 | 362 ool-1-worker-126 | DEBUG | .c.s.m.InstanceMessageReceiveService : Received schedule participant score for exercise 609 and participant 2 (result to be deleted: null)
    23:42:54.889 | 362 ool-1-worker-126 | DEBUG | .a.s.ParticipantScoreScheduleService : Scheduled task for exercise 609 and participant 2 at 2025-02-14T23:42:54.989769325Z[Etc/UTC].
    23:42:54.897 | 362 ool-1-worker-126 | DEBUG | .c.s.m.InstanceMessageReceiveService : Received schedule participant score for exercise 607 and participant 653 (result to be deleted: null)
    23:42:54.897 | 362 ool-1-worker-126 | DEBUG | .a.s.ParticipantScoreScheduleService : Scheduled task for exercise 607 and participant 653 at 2025-02-14T23:42:54.997824486Z[Etc/UTC].
    23:42:54.906 | 362 ool-1-worker-126 | DEBUG | .c.s.m.InstanceMessageReceiveService : Received schedule participant score for exercise 607 and participant 654 (result to be deleted: null)
    23:42:54.906 | 362 ool-1-worker-126 | DEBUG | .a.s.ParticipantScoreScheduleService : Scheduled task for exercise 607 and participant 654 at 2025-02-14T23:42:55.006129703Z[Etc/UTC].
    23:42:54.915 | 362 ool-1-worker-126 | DEBUG | .c.s.m.InstanceMessageReceiveService : Received schedule participant score for exercise 609 and participant 3 (result to be deleted: null)
    23:42:54.915 | 362 ool-1-worker-126 | DEBUG | .a.s.ParticipantScoreScheduleService : Scheduled task for exercise 609 and participant 3 at 2025-02-14T23:42:55.015339677Z[Etc/UTC].
    23:42:54.940 | 362 ool-1-worker-126 | DEBUG | d.t.c.a.a.c.s.f.ApiVersionFilter     : Adding Version to Request GET /api/courses/219/exams/528/scores
    23:42:54.940 | 362 ool-1-worker-126 | INFO  | d.t.c.a.a.exam.web.ExamResource      : REST request to get score for exam : 528
    23:42:54.954 | 362 ool-1-worker-126 | INFO  | d.t.c.a.a.exam.service.ExamService   : Try to find quiz submitted answer counts
    23:42:54.955 | 362 ool-1-worker-126 | INFO  | d.t.c.a.a.exam.service.ExamService   : Found 5 quiz submitted answer counts
    23:42:54.975 | 328 taskScheduler-3  | DEBUG | .a.s.ParticipantScoreScheduleService : Processing exercise 607 and participant 652 to update participant scores.
    23:42:54.982 | 362 ool-1-worker-126 | INFO  | d.t.c.a.a.exam.web.ExamResource      : get scores for exam 528 took 42ms
    23:42:54.983 | 328 taskScheduler-3  | DEBUG | .a.s.ParticipantScoreScheduleService : Updated participant score 112.
    23:42:54.984 | 328 taskScheduler-3  | DEBUG | .a.s.ParticipantScoreScheduleService : Updating the participant score for exercise 607 and participant 652 took 9 ms.
    23:42:54.989 | 326 taskScheduler-1  | DEBUG | .a.s.ParticipantScoreScheduleService : Processing exercise 609 and participant 2 to update participant scores.
    23:42:54.990 | 362 ool-1-worker-126 | INFO  | d.t.c.a.a.exam.service.ExamService   : getStatsForChecklist invoked for exam 528
    23:42:54.990 | 362 ool-1-worker-126 | DEBUG | d.t.c.a.a.exam.service.ExamService   : StatsTimeLog: number of complaints open done in 446µs for exercise 595
    23:42:54.991 | 362 ool-1-worker-126 | DEBUG | d.t.c.a.a.exam.service.ExamService   : StatsTimeLog: number of complaints finished done in 994µs for exercise 595
    23:42:54.992 | 362 ool-1-worker-126 | DEBUG | d.t.c.a.a.exam.service.ExamService   : StatsTimeLog: number of assessments done in 1.76ms for exercise 595
    23:42:54.993 | 362 ool-1-worker-126 | DEBUG | d.t.c.a.a.exam.service.ExamService   : StatsTimeLog: number of generated participations in 2.70ms for exercise 595
    23:42:54.993 | 362 ool-1-worker-126 | DEBUG | d.t.c.a.a.exam.service.ExamService   : StatsTimeLog: number of complaints open done in 3.48ms for exercise 596
    23:42:54.994 | 362 ool-1-worker-126 | DEBUG | d.t.c.a.a.exam.service.ExamService   : StatsTimeLog: number of complaints finished done in 4.03ms for exercise 596
    23:42:54.996 | 362 ool-1-worker-126 | DEBUG | d.t.c.a.a.exam.service.ExamService   : StatsTimeLog: number of assessments done in 6.24ms for exercise 596
    23:42:54.997 | 362 ool-1-worker-126 | DEBUG | d.t.c.a.a.exam.service.ExamService   : StatsTimeLog: number of generated participations in 7.14ms for exercise 596
    23:42:54.997 | 327 taskScheduler-2  | DEBUG | .a.s.ParticipantScoreScheduleService : Processing exercise 607 and participant 653 to update participant scores.
    23:42:54.998 | 362 ool-1-worker-126 | DEBUG | d.t.c.a.a.exam.service.ExamService   : StatsTimeLog: number of complaints open done in 8.01ms for exercise 597
    23:42:54.998 | 362 ool-1-worker-126 | DEBUG | d.t.c.a.a.exam.service.ExamService   : StatsTimeLog: number of complaints finished done in 8.50ms for exercise 597
    23:42:54.999 | 362 ool-1-worker-126 | DEBUG | d.t.c.a.a.exam.service.ExamService   : StatsTimeLog: number of assessments done in 9.17ms for exercise 597
    23:42:55.000 | 362 ool-1-worker-126 | DEBUG | d.t.c.a.a.exam.service.ExamService   : StatsTimeLog: number of generated participations in 10.13ms for exercise 597
    23:42:55.000 | 362 ool-1-worker-126 | DEBUG | d.t.c.a.a.exam.service.ExamService   : StatsTimeLog: number of complaints open done in 10.51ms for exercise 598
    23:42:55.001 | 362 ool-1-worker-126 | DEBUG | d.t.c.a.a.exam.service.ExamService   : StatsTimeLog: number of complaints finished done in 11.11ms for exercise 598
    23:42:55.002 | 362 ool-1-worker-126 | DEBUG | d.t.c.a.a.exam.service.ExamService   : StatsTimeLog: number of assessments done in 11.82ms for exercise 598
    23:42:55.002 | 326 taskScheduler-1  | DEBUG | .a.s.ParticipantScoreScheduleService : Updated participant score 113.
    23:42:55.002 | 326 taskScheduler-1  | DEBUG | .a.s.ParticipantScoreScheduleService : Updating the participant score for exercise 609 and participant 2 took 13 ms.
    23:42:55.003 | 362 ool-1-worker-126 | DEBUG | d.t.c.a.a.exam.service.ExamService   : StatsTimeLog: number of generated participations in 12.72ms for exercise 598
    23:42:55.003 | 362 ool-1-worker-126 | DEBUG | d.t.c.a.a.exam.service.ExamService   : StatsTimeLog: number of complaints open done in 13.08ms for exercise 599
    23:42:55.004 | 362 ool-1-worker-126 | DEBUG | d.t.c.a.a.exam.service.ExamService   : StatsTimeLog: number of complaints finished done in 13.81ms for exercise 599
    23:42:55.004 | 362 ool-1-worker-126 | DEBUG | d.t.c.a.a.exam.service.ExamService   : StatsTimeLog: number of assessments done in 14.52ms for exercise 599
    23:42:55.006 | 328 taskScheduler-3  | DEBUG | .a.s.ParticipantScoreScheduleService : Processing exercise 607 and participant 654 to update participant scores.
    23:42:55.006 | 362 ool-1-worker-126 | DEBUG | d.t.c.a.a.exam.service.ExamService   : StatsTimeLog: number of generated participations in 15.81ms for exercise 599
    23:42:55.006 | 362 ool-1-worker-126 | DEBUG | d.t.c.a.a.exam.service.ExamService   : StatsTimeLog: number of complaints open done in 16.53ms for exercise 600
    23:42:55.007 | 362 ool-1-worker-126 | DEBUG | d.t.c.a.a.exam.service.ExamService   : StatsTimeLog: number of complaints finished done in 17.30ms for exercise 600
    23:42:55.008 | 362 ool-1-worker-126 | DEBUG | d.t.c.a.a.exam.service.ExamService   : StatsTimeLog: number of assessments done in 17.97ms for exercise 600
    23:42:55.009 | 362 ool-1-worker-126 | DEBUG | d.t.c.a.a.exam.service.ExamService   : StatsTimeLog: number of generated participations in 18.81ms for exercise 600
    23:42:55.010 | 362 ool-1-worker-126 | DEBUG | d.t.c.a.a.exam.service.ExamService   : StatsTimeLog: number of complaints open done in 19.62ms for exercise 601
    23:42:55.010 | 362 ool-1-worker-126 | DEBUG | d.t.c.a.a.exam.service.ExamService   : StatsTimeLog: number of complaints finished done in 20.12ms for exercise 601
    23:42:55.011 | 362 ool-1-worker-126 | DEBUG | d.t.c.a.a.exam.service.ExamService   : StatsTimeLog: number of assessments done in 20.77ms for exercise 601
    23:42:55.012 | 362 ool-1-worker-126 | DEBUG | d.t.c.a.a.exam.service.ExamService   : StatsTimeLog: number of generated participations in 21.59ms for exercise 601
    23:42:55.012 | 362 ool-1-worker-126 | DEBUG | d.t.c.a.a.exam.service.ExamService   : StatsTimeLog: number of complaints open done in 22.30ms for exercise 602
    23:42:55.013 | 362 ool-1-worker-126 | DEBUG | d.t.c.a.a.exam.service.ExamService   : StatsTimeLog: number of complaints finished done in 22.79ms for exercise 602
    23:42:55.013 | 362 ool-1-worker-126 | DEBUG | d.t.c.a.a.exam.service.ExamService   : StatsTimeLog: number of assessments done in 23.37ms for exercise 602
    23:42:55.014 | 327 taskScheduler-2  | DEBUG | .a.s.ParticipantScoreScheduleService : Updated participant score 114.
    23:42:55.014 | 362 ool-1-worker-126 | DEBUG | d.t.c.a.a.exam.service.ExamService   : StatsTimeLog: number of generated participations in 24.11ms for exercise 602
    23:42:55.014 | 327 taskScheduler-2  | DEBUG | .a.s.ParticipantScoreScheduleService : Updating the participant score for exercise 607 and participant 653 took 17 ms.
    23:42:55.015 | 362 ool-1-worker-126 | DEBUG | d.t.c.a.a.exam.service.ExamService   : StatsTimeLog: number of complaints open done in 24.82ms for exercise 603
    23:42:55.015 | 329 taskScheduler-4  | DEBUG | .a.s.ParticipantScoreScheduleService : Processing exercise 609 and participant 3 to update participant scores.
    23:42:55.016 | 362 ool-1-worker-126 | DEBUG | d.t.c.a.a.exam.service.ExamService   : StatsTimeLog: number of complaints finished done in 25.59ms for exercise 603
    23:42:55.016 | 362 ool-1-worker-126 | DEBUG | d.t.c.a.a.exam.service.ExamService   : StatsTimeLog: number of assessments done in 26.38ms for exercise 603
    23:42:55.017 | 362 ool-1-worker-126 | DEBUG | d.t.c.a.a.exam.service.ExamService   : StatsTimeLog: number of generated participations in 27.19ms for exercise 603
    23:42:55.018 | 362 ool-1-worker-126 | DEBUG | d.t.c.a.a.exam.service.ExamService   : StatsTimeLog: number of complaints open done in 27.98ms for exercise 604
    23:42:55.019 | 362 ool-1-worker-126 | DEBUG | d.t.c.a.a.exam.service.ExamService   : StatsTimeLog: number of complaints finished done in 28.68ms for exercise 604
    23:42:55.019 | 362 ool-1-worker-126 | DEBUG | d.t.c.a.a.exam.service.ExamService   : StatsTimeLog: number of assessments done in 29.49ms for exercise 604
    23:42:55.020 | 362 ool-1-worker-126 | DEBUG | d.t.c.a.a.exam.service.ExamService   : StatsTimeLog: number of generated participations in 30.38ms for exercise 604
    23:42:55.021 | 362 ool-1-worker-126 | DEBUG | d.t.c.a.a.exam.service.ExamService   : StatsTimeLog: number of complaints open done in 31.25ms for exercise 605
    23:42:55.022 | 362 ool-1-worker-126 | DEBUG | d.t.c.a.a.exam.service.ExamService   : StatsTimeLog: number of complaints finished done in 31.81ms for exercise 605
    23:42:55.026 | 362 ool-1-worker-126 | DEBUG | d.t.c.a.a.exam.service.ExamService   : StatsTimeLog: number of assessments done in 35.83ms for exercise 605
    23:42:55.026 | 328 taskScheduler-3  | DEBUG | .a.s.ParticipantScoreScheduleService : Updated participant score 115.
    23:42:55.027 | 328 taskScheduler-3  | DEBUG | .a.s.ParticipantScoreScheduleService : Updating the participant score for exercise 607 and participant 654 took 21 ms.
    23:42:55.027 | 362 ool-1-worker-126 | DEBUG | d.t.c.a.a.exam.service.ExamService   : StatsTimeLog: number of generated participations in 36.72ms for exercise 605
    23:42:55.027 | 362 ool-1-worker-126 | DEBUG | d.t.c.a.a.exam.service.ExamService   : StatsTimeLog: number of generated student exams done in 37.49ms
    23:42:55.028 | 362 ool-1-worker-126 | DEBUG | d.t.c.a.a.exam.service.ExamService   : StatsTimeLog: number of test runs done in 37.90ms
    23:42:55.028 | 362 ool-1-worker-126 | DEBUG | d.t.c.a.a.exam.service.ExamService   : StatsTimeLog: number of student exams started done in 38.19ms
    23:42:55.028 | 362 ool-1-worker-126 | DEBUG | d.t.c.a.a.exam.service.ExamService   : StatsTimeLog: number of student exams submitted done in 38.45ms
    23:42:55.029 | 329 taskScheduler-4  | DEBUG | .a.s.ParticipantScoreScheduleService : Updated participant score 116.
    23:42:55.029 | 329 taskScheduler-4  | DEBUG | .a.s.ParticipantScoreScheduleService : Updating the participant score for exercise 609 and participant 3 took 14 ms.
    23:42:55.030 | 362 ool-1-worker-126 | INFO  | d.t.c.a.a.exam.service.ExamService   : getStatsForChecklist invoked for exam 528
    23:42:55.030 | 362 ool-1-worker-126 | DEBUG | d.t.c.a.a.exam.service.ExamService   : StatsTimeLog: number of complaints open done in 385µs for exercise 595
    23:42:55.030 | 362 ool-1-worker-126 | DEBUG | d.t.c.a.a.exam.service.ExamService   : StatsTimeLog: number of complaints finished done in 884µs for exercise 595
    23:42:55.034 | 362 ool-1-worker-126 | DEBUG | d.t.c.a.a.exam.service.ExamService   : StatsTimeLog: number of assessments done in 4.83ms for exercise 595
    23:42:55.035 | 362 ool-1-worker-126 | DEBUG | d.t.c.a.a.exam.service.ExamService   : StatsTimeLog: number of generated participations in 5.65ms for exercise 595
    23:42:55.036 | 362 ool-1-worker-126 | DEBUG | d.t.c.a.a.exam.service.ExamService   : StatsTimeLog: number of complaints open done in 6.46ms for exercise 596
    23:42:55.037 | 362 ool-1-worker-126 | DEBUG | d.t.c.a.a.exam.service.ExamService   : StatsTimeLog: number of complaints finished done in 6.96ms for exercise 596
    23:42:55.040 | 362 ool-1-worker-126 | DEBUG | d.t.c.a.a.exam.service.ExamService   : StatsTimeLog: number of assessments done in 10.71ms for exercise 596
    23:42:55.041 | 362 ool-1-worker-126 | DEBUG | d.t.c.a.a.exam.service.ExamService   : StatsTimeLog: number of generated participations in 11.70ms for exercise 596
    23:42:55.042 | 362 ool-1-worker-126 | DEBUG | d.t.c.a.a.exam.service.ExamService   : StatsTimeLog: number of complaints open done in 12.39ms for exercise 597
    23:42:55.045 | 362 ool-1-worker-126 | DEBUG | d.t.c.a.a.exam.service.ExamService   : StatsTimeLog: number of complaints finished done in 15.37ms for exercise 597
    23:42:55.046 | 362 ool-1-worker-126 | DEBUG | d.t.c.a.a.exam.service.ExamService   : StatsTimeLog: number of assessments done in 16.05ms for exercise 597
    23:42:55.047 | 362 ool-1-worker-126 | DEBUG | d.t.c.a.a.exam.service.ExamService   : StatsTimeLog: number of generated participations in 16.96ms for exercise 597
    23:42:55.047 | 362 ool-1-worker-126 | DEBUG | d.t.c.a.a.exam.service.ExamService   : StatsTimeLog: number of complaints open done in 17.41ms for exercise 598
    23:42:55.052 | 362 ool-1-worker-126 | DEBUG | d.t.c.a.a.exam.service.ExamService   : StatsTimeLog: number of complaints finished done in 22.21ms for exercise 598
    23:42:55.053 | 362 ool-1-worker-126 | DEBUG | d.t.c.a.a.exam.service.ExamService   : StatsTimeLog: number of assessments done in 22.96ms for exercise 598
    23:42:55.053 | 362 ool-1-worker-126 | DEBUG | d.t.c.a.a.exam.service.ExamService   : StatsTimeLog: number of generated participations in 23.82ms for exercise 598
    23:42:55.054 | 362 ool-1-worker-126 | DEBUG | d.t.c.a.a.exam.service.ExamService   : StatsTimeLog: number of complaints open done in 24.19ms for exercise 599
    23:42:55.054 | 362 ool-1-worker-126 | DEBUG | d.t.c.a.a.exam.service.ExamService   : StatsTimeLog: number of complaints finished done in 24.70ms for exercise 599
    23:42:55.056 | 362 ool-1-worker-126 | DEBUG | d.t.c.a.a.exam.service.ExamService   : StatsTimeLog: number of assessments done in 25.93ms for exercise 599
    23:42:55.058 | 362 ool-1-worker-126 | DEBUG | d.t.c.a.a.exam.service.ExamService   : StatsTimeLog: number of generated participations in 28.89ms for exercise 599
    23:42:55.059 | 362 ool-1-worker-126 | DEBUG | d.t.c.a.a.exam.service.ExamService   : StatsTimeLog: number of complaints open done in 29.63ms for exercise 600
    23:42:55.062 | 362 ool-1-worker-126 | DEBUG | d.t.c.a.a.exam.service.ExamService   : StatsTimeLog: number of complaints finished done in 32.29ms for exercise 600
    23:42:55.063 | 362 ool-1-worker-126 | DEBUG | d.t.c.a.a.exam.service.ExamService   : StatsTimeLog: number of assessments done in 32.99ms for exercise 600
    23:42:55.063 | 362 ool-1-worker-126 | DEBUG | d.t.c.a.a.exam.service.ExamService   : StatsTimeLog: number of generated participations in 33.89ms for exercise 600
    23:42:55.064 | 362 ool-1-worker-126 | DEBUG | d.t.c.a.a.exam.service.ExamService   : StatsTimeLog: number of complaints open done in 34.71ms for exercise 601
    23:42:55.069 | 362 ool-1-worker-126 | DEBUG | d.t.c.a.a.exam.service.ExamService   : StatsTimeLog: number of complaints finished done in 39.20ms for exercise 601
    23:42:55.070 | 362 ool-1-worker-126 | DEBUG | d.t.c.a.a.exam.service.ExamService   : StatsTimeLog: number of assessments done in 39.98ms for exercise 601
    23:42:55.070 | 362 ool-1-worker-126 | DEBUG | d.t.c.a.a.exam.service.ExamService   : StatsTimeLog: number of generated participations in 40.89ms for exercise 601
    23:42:55.071 | 362 ool-1-worker-126 | DEBUG | d.t.c.a.a.exam.service.ExamService   : StatsTimeLog: number of complaints open done in 41.64ms for exercise 602
    23:42:55.072 | 362 ool-1-worker-126 | DEBUG | d.t.c.a.a.exam.service.ExamService   : StatsTimeLog: number of complaints finished done in 42.13ms for exercise 602
    23:42:55.072 | 362 ool-1-worker-126 | DEBUG | d.t.c.a.a.exam.service.ExamService   : StatsTimeLog: number of assessments done in 42.82ms for exercise 602
    23:42:55.075 | 362 ool-1-worker-126 | DEBUG | d.t.c.a.a.exam.service.ExamService   : StatsTimeLog: number of generated participations in 45.84ms for exercise 602
    23:42:55.076 | 362 ool-1-worker-126 | DEBUG | d.t.c.a.a.exam.service.ExamService   : StatsTimeLog: number of complaints open done in 46.60ms for exercise 603
    23:42:55.077 | 362 ool-1-worker-126 | DEBUG | d.t.c.a.a.exam.service.ExamService   : StatsTimeLog: number of complaints finished done in 47.11ms for exercise 603
    23:42:55.077 | 362 ool-1-worker-126 | DEBUG | d.t.c.a.a.exam.service.ExamService   : StatsTimeLog: number of assessments done in 47.77ms for exercise 603
    23:42:55.082 | 362 ool-1-worker-126 | DEBUG | d.t.c.a.a.exam.service.ExamService   : StatsTimeLog: number of generated participations in 52.63ms for exercise 603
    23:42:55.083 | 362 ool-1-worker-126 | DEBUG | d.t.c.a.a.exam.service.ExamService   : StatsTimeLog: number of complaints open done in 53.52ms for exercise 604
    23:42:55.084 | 362 ool-1-worker-126 | DEBUG | d.t.c.a.a.exam.service.ExamService   : StatsTimeLog: number of complaints finished done in 54.00ms for exercise 604
    23:42:55.084 | 362 ool-1-worker-126 | DEBUG | d.t.c.a.a.exam.service.ExamService   : StatsTimeLog: number of assessments done in 54.73ms for exercise 604
    23:42:55.087 | 362 ool-1-worker-126 | DEBUG | d.t.c.a.a.exam.service.ExamService   : StatsTimeLog: number of generated participations in 57.56ms for exercise 604
    23:42:55.088 | 565 localvc.event-12 | DEBUG | a.p.s.l.LocalCIQueueWebsocketService : CIBuildJobQueueItem removed from processing jobs: BuildJobQueueItem[id=4681739576573068, name=SHORTBCF65534040390488B0A46605F5F3776B89ATSTEXC-LOCALCIINTSTUDENT1, buildAgent=BuildAgentDTO[name=artemis-build-agent-test, memberAddress=[127.0.0.1]:5703, displayName=artemis-build-agent-test], participationId=468, courseId=149, exerciseId=300, retryCount=0, priority=2, status=null, repositoryInfo=RepositoryInfo[repositoryName=shortbcf65534040390488b0a46605f5f3776b89atstexc-localciintstudent1, repositoryType=user, triggeredByPushTo=user, assignmentRepositoryUri=http://localhost:49152/git/SHORTBCF65534040390488B0A46605F5F3776B89ATSTEXC/shortbcf65534040390488b0a46605f5f3776b89atstexc-localciintstudent1.git, testRepositoryUri=http://localhost:49152/git/SHORTBCF65534040390488B0A46605F5F3776B89ATSTEXC/shortbcf65534040390488b0a46605f5f3776b89atstexc-tests.git, solutionRepositoryUri=null, auxiliaryRepositoryUris=[Ljava.lang.String;@7733fb1b, auxiliaryRepositoryCheckoutDirectories=[Ljava.lang.String;@605e9832], jobTimingInfo=JobTimingInfo[submissionDate=2025-02-14T23:42:53.068019209Z[Etc/UTC], buildStartDate=2025-02-14T23:42:53.092867394Z[Etc/UTC], buildCompletionDate=null, estimatedCompletionDate=2025-02-14T23:43:12.092858828Z[Etc/UTC], estimatedDuration=19], buildConfig=BuildConfig[buildScript=#!/bin/bash
cd /var/tmp/testing-dir
chmod +x ./gradlew
./gradlew clean test
, dockerImage=dummy-docker-image:latest, commitHashToBuild=2d5c0482fc77d3f5ec0841962528a43054e83170, assignmentCommitHash=2d5c0482fc77d3f5ec0841962528a43054e83170, testCommitHash=7477e25d56ce5fee2c938542a7e7ed4ed085d373, branch=main, programmingLanguage=JAVA, projectType=PLAIN_GRADLE, scaEnabled=false, sequentialTestRunsEnabled=false, resultPaths=[/var/tmp/testing-dir/**/test-results/test/*.xml], timeoutSeconds=0, assignmentCheckoutPath=null, testCheckoutPath=null, solutionCheckoutPath=null, dockerRunConfig=null], submissionResult=null]
    23:42:55.088 | 362 ool-1-worker-126 | DEBUG | d.t.c.a.a.exam.service.ExamService   : StatsTimeLog: number of complaints open done in 58.36ms for exercise 605
    23:42:55.088 | 565 localvc.event-12 | DEBUG | s.l.LocalCIWebsocketMessagingService : Sending message on topic /topic/admin/running-jobs: []
    23:42:55.088 | 362 ool-1-worker-126 | DEBUG | d.t.c.a.a.exam.service.ExamService   : StatsTimeLog: number of complaints finished done in 58.82ms for exercise 605
    23:42:55.089 | 565 localvc.event-12 | DEBUG | s.l.LocalCIWebsocketMessagingService : Sending message on topic /topic/courses/149/running-jobs: []
    23:42:55.089 | 362 ool-1-worker-126 | DEBUG | d.t.c.a.a.exam.service.ExamService   : StatsTimeLog: number of assessments done in 59.45ms for exercise 605
    23:42:55.090 | 566 localvc.event-13 | DEBUG | p.s.l.LocalCIResultProcessingService : Result of build job with id 4681739576573068 added to queue
    23:42:55.092 | 566 localvc.event-13 | INFO  | p.s.l.LocalCIResultProcessingService : Processing build job result with id 4681739576573068
    23:42:55.092 | 566 localvc.event-13 | DEBUG | p.s.l.LocalCIResultProcessingService : Build jobs waiting in queue: 0
    23:42:55.092 | 566 localvc.event-13 | DEBUG | p.s.l.LocalCIResultProcessingService : Queued build jobs: []
    23:42:55.094 | 362 ool-1-worker-126 | DEBUG | d.t.c.a.a.exam.service.ExamService   : StatsTimeLog: number of generated participations in 64.22ms for exercise 605
    23:42:55.094 | 566 localvc.event-13 | DEBUG | .s.ProgrammingExerciseGradingService : Received new build result (NEW) for participation 468
    23:42:55.106 | 362 ool-1-worker-126 | DEBUG | .a.s.ParticipantScoreScheduleService : Scheduled task for exercise 607 and participant 652 at 2025-02-14T23:42:55.206746462Z[Etc/UTC].
    23:42:55.106 | 362 ool-1-worker-126 | DEBUG | .a.s.ParticipantScoreScheduleService : Scheduled task for exercise 609 and participant 2 at 2025-02-14T23:42:55.206789763Z[Etc/UTC].
    23:42:55.106 | 362 ool-1-worker-126 | DEBUG | .a.s.ParticipantScoreScheduleService : Scheduled task for exercise 609 and participant 2 at 2025-02-14T23:42:55.206807085Z[Etc/UTC].
    23:42:55.106 | 362 ool-1-worker-126 | DEBUG | .a.s.ParticipantScoreScheduleService : Scheduled task for exercise 607 and participant 653 at 2025-02-14T23:42:55.206817765Z[Etc/UTC].
    23:42:55.106 | 362 ool-1-worker-126 | DEBUG | .a.s.ParticipantScoreScheduleService : Scheduled task for exercise 607 and participant 654 at 2025-02-14T23:42:55.206827653Z[Etc/UTC].
    23:42:55.106 | 362 ool-1-worker-126 | DEBUG | .a.s.ParticipantScoreScheduleService : Scheduled task for exercise 609 and participant 3 at 2025-02-14T23:42:55.206836360Z[Etc/UTC].
    23:42:55.107 | 362 ool-1-worker-126 | DEBUG | .a.s.ParticipantScoreScheduleService : Scheduled task for exercise 168 and participant 203 at 2025-02-14T23:42:55.207418755Z[Etc/UTC].
    23:42:55.107 | 362 ool-1-worker-126 | DEBUG | .a.s.ParticipantScoreScheduleService : Scheduled task for exercise 170 and participant 203 at 2025-02-14T23:42:55.207440305Z[Etc/UTC].
    23:42:55.107 | 362 ool-1-worker-126 | DEBUG | .a.s.ParticipantScoreScheduleService : Scheduled task for exercise 180 and participant 1 at 2025-02-14T23:42:55.207452227Z[Etc/UTC].
    23:42:55.107 | 362 ool-1-worker-126 | DEBUG | .a.s.ParticipantScoreScheduleService : Scheduled task for exercise 186 and participant 203 at 2025-02-14T23:42:55.207462306Z[Etc/UTC].
    23:42:55.107 | 362 ool-1-worker-126 | DEBUG | .a.s.ParticipantScoreScheduleService : Processing of 6 results and 4 participant scores.
    23:42:55.123 | 566 localvc.event-13 | DEBUG | .c.s.m.InstanceMessageReceiveService : Received schedule participant score for exercise 300 and participant 37 (result to be deleted: null)
    23:42:55.123 | 566 localvc.event-13 | DEBUG | .a.s.ParticipantScoreScheduleService : Scheduled task for exercise 300 and participant 37 at 2025-02-14T23:42:55.223227033Z[Etc/UTC].
    23:42:55.125 | 566 localvc.event-13 | DEBUG | .a.a.p.s.ProgrammingMessagingService : Send result to client over websocket. Result: Result{id134, completionDate=2025-02-14T23:42:55.059618627Z[Etc/UTC], successful=false, score=7.7, rated=true, assessmentType=AUTOMATIC, hasComplaint=null, testCaseCount=13, passedTestCaseCount=1, codeIssueCount=0}, Submission: ProgrammingSubmission{commitHash='2d5c0482fc77d3f5ec0841962528a43054e83170', buildFailed=false, buildArtifact=false, type=MANUAL}, Participation: ProgrammingExerciseStudentParticipation{id=468, repositoryUri='http://localhost:49152/git/SHORTBCF65534040390488B0A46605F5F3776B89ATSTEXC/shortbcf65534040390488b0a46605f5f3776b89atstexc-localciintstudent1.git', buildPlanId='SHORTBCF65534040390488B0A46605F5F3776B89ATSTEXC-LOCALCIINTSTUDENT1', initializationState='INITIALIZED', initializationDate='2025-02-14T23:42:53.038504Z', individualDueDate=null', presentationScore=null}
    23:42:55.135 | 566 localvc.event-13 | DEBUG | d.t.c.a.a.p.s.BuildLogEntryService   : Saved build logs for build job 4681739576573068 to file /tmp/build-logs/shortbcf65534040390488b0a46605f5f3776b89a/TSTEXC/4681739576573068.log
    23:42:55.136 | 566 localvc.event-13 | DEBUG | a.p.s.l.LocalCIQueueWebsocketService : Build agent updated: BuildAgentInformation[buildAgent=BuildAgentDTO[name=artemis-build-agent-test, memberAddress=[127.0.0.1]:5703, displayName=artemis-build-agent-test], maxNumberOfConcurrentBuildJobs=1, numberOfCurrentBuildJobs=0, runningBuildJobs=[], status=IDLE, recentBuildJobs=[BuildJobQueueItem[id=4621739576562326, name=SHORT43ACF76B02BC1044B80938509D14043FABDETSTEXC-LOCALCIINTSTUDENT1, buildAgent=BuildAgentDTO[name=artemis-build-agent-test, memberAddress=[127.0.0.1]:5703, displayName=artemis-build-agent-test], participationId=462, courseId=147, exerciseId=298, retryCount=0, priority=2, status=SUCCESSFUL, repositoryInfo=RepositoryInfo[repositoryName=short43acf76b02bc1044b80938509d14043fabdetstexc-localciintstudent1, repositoryType=user, triggeredByPushTo=user, assignmentRepositoryUri=http://localhost:49152/git/SHORT43ACF76B02BC1044B80938509D14043FABDETSTEXC/short43acf76b02bc1044b80938509d14043fabdetstexc-localciintstudent1.git, testRepositoryUri=http://localhost:49152/git/SHORT43ACF76B02BC1044B80938509D14043FABDETSTEXC/short43acf76b02bc1044b80938509d14043fabdetstexc-tests.git, solutionRepositoryUri=null, auxiliaryRepositoryUris=[Ljava.lang.String;@9eee337, auxiliaryRepositoryCheckoutDirectories=[Ljava.lang.String;@282429d4], jobTimingInfo=JobTimingInfo[submissionDate=2025-02-14T23:42:42.326978596Z[Etc/UTC], buildStartDate=2025-02-14T23:42:42.420147010Z[Etc/UTC], buildCompletionDate=2025-02-14T23:42:45.573855829Z[Etc/UTC], estimatedCompletionDate=2025-02-14T23:43:01.420129377Z[Etc/UTC], estimatedDuration=19], buildConfig=BuildConfig[buildScript=#!/bin/bash
cd /var/tmp/testing-dir
chmod +x ./gradlew
./gradlew clean test
, dockerImage=dummy-docker-image:latest, commitHashToBuild=a9c717ccf7bcbe9531d3eee21dbaeb5aab2ff971, assignmentCommitHash=a9c717ccf7bcbe9531d3eee21dbaeb5aab2ff971, testCommitHash=a9c717ccf7bcbe9531d3eee21dbaeb5aab2ff971, branch=main, programmingLanguage=JAVA, projectType=PLAIN_GRADLE, scaEnabled=false, sequentialTestRunsEnabled=false, resultPaths=[/var/tmp/testing-dir/**/test-results/test/*.xml], timeoutSeconds=0, assignmentCheckoutPath=null, testCheckoutPath=null, solutionCheckoutPath=null, dockerRunConfig=DockerRunConfig[isNetworkDisabled=true, env=[key=value]]], submissionResult=ResultDTO[id=132, completionDate=2025-02-14T23:42:45.519869118Z[Etc/UTC], successful=false, score=7.7, rated=true, submission=SubmissionDTO[id=119, submitted=true, type=MANUAL, exampleSubmission=null, submissionDate=2025-02-14T23:42:42.302762Z, commitHash=a9c717ccf7bcbe9531d3eee21dbaeb5aab2ff971, buildFailed=false, buildArtifact=false, participation=ParticipationDTO[id=462, testRun=false, type=programming, submissionCount=null, exercise=ParticipationExerciseDTO[id=298, exerciseType=PROGRAMMING, type=programming, assessmentType=AUTOMATIC, dueDate=2025-02-16T23:42:41.553955Z, assessmentDueDate=null, maxPoints=42.0, course=CourseDTO[id=147, accuracyOfScores=1]]], submissionExerciseType=programming, isProcessing=false, buildStartDate=null, estimatedCompletionDate=null], participation=ParticipationDTO[id=462, testRun=false, type=programming, submissionCount=null, exercise=ParticipationExerciseDTO[id=298, exerciseType=PROGRAMMING, type=programming, assessmentType=AUTOMATIC, dueDate=2025-02-16T23:42:41.553955Z, assessmentDueDate=null, maxPoints=42.0, course=CourseDTO[id=147, accuracyOfScores=1]]], feedbacks=[FeedbackDTO[id=67, text=null, detailText=The exercise expects a class with the name Context in the package testpackage. You did not implement the class in the exercise., hasLongFeedbackText=false, reference=null, credits=0.0, positive=false, type=AUTOMATIC, visibility=ALWAYS, testCase=TestCaseDTO[testName=null, id=13]], FeedbackDTO[id=68, text=null, detailText=The exercise expects a class with the name Policy in the package testpackage. You did not implement the class in the exercise., hasLongFeedbackText=false, reference=null, credits=0.0, positive=false, type=AUTOMATIC, visibility=ALWAYS, testCase=TestCaseDTO[testName=null, id=14]], FeedbackDTO[id=69, text=null, detailText=The exercise expects a class with the name SortStrategy in the package testpackage. You did not implement the class in the exercise., hasLongFeedbackText=false, reference=null, credits=0.0, positive=false, type=AUTOMATIC, visibility=ALWAYS, testCase=TestCaseDTO[testName=null, id=15]], FeedbackDTO[id=70, text=null, detailText=The class 'MergeSort' does not implement the interface 'SortStrategy' as expected. Implement the interface and its methods., hasLongFeedbackText=false, reference=null, credits=0.0, positive=false, type=AUTOMATIC, visibility=ALWAYS, testCase=TestCaseDTO[testName=null, id=10]], FeedbackDTO[id=71, text=null, detailText=The exercise expects a class with the name SortStrategy in the package testpackage. You did not implement the class in the exercise., hasLongFeedbackText=false, reference=null, credits=0.0, positive=false, type=AUTOMATIC, visibility=ALWAYS, testCase=TestCaseDTO[testName=null, id=7]], FeedbackDTO[id=72, text=null, detailText=The class 'BubbleSort' does not implement the interface 'SortStrategy' as expected. Implement the interface and its methods., hasLongFeedbackText=false, reference=null, credits=0.0, positive=false, type=AUTOMATIC, visibility=ALWAYS, testCase=TestCaseDTO[testName=null, id=11]], FeedbackDTO[id=73, text=null, detailText=MergeSort does not sort correctly, hasLongFeedbackText=false, reference=null, credits=0.0, positive=false, type=AUTOMATIC, visibility=ALWAYS, testCase=TestCaseDTO[testName=null, id=16]], FeedbackDTO[id=74, text=null, detailText=The class 'Context' was not found within the submission. Make sure to implement it properly., hasLongFeedbackText=false, reference=null, credits=0.0, positive=false, type=AUTOMATIC, visibility=ALWAYS, testCase=TestCaseDTO[testName=null, id=17]], FeedbackDTO[id=75, text=null, detailText=The class 'Context' was not found within the submission. Make sure to implement it properly., hasLongFeedbackText=false, reference=null, credits=0.0, positive=false, type=AUTOMATIC, visibility=ALWAYS, testCase=TestCaseDTO[testName=null, id=18]], FeedbackDTO[id=76, text=null, detailText=The exercise expects a class with the name Policy in the package testpackage. You did not implement the class in the exercise., hasLongFeedbackText=false, reference=null, credits=0.0, positive=false, type=AUTOMATIC, visibility=ALWAYS, testCase=TestCaseDTO[testName=null, id=12]], FeedbackDTO[id=77, text=null, detailText=The exercise expects a class with the name Context in the package testpackage. You did not implement the class in the exercise., hasLongFeedbackText=false, reference=null, credits=0.0, positive=false, type=AUTOMATIC, visibility=ALWAYS, testCase=TestCaseDTO[testName=null, id=8]], FeedbackDTO[id=78, text=null, detailText=The exercise expects a class with the name Policy in the package testpackage. You did not implement the class in the exercise., hasLongFeedbackText=false, reference=null, credits=0.0, positive=false, type=AUTOMATIC, visibility=ALWAYS, testCase=TestCaseDTO[testName=null, id=9]], FeedbackDTO[id=79, text=null, detailText=null, hasLongFeedbackText=false, reference=null, credits=3.230769230769231, positive=true, type=AUTOMATIC, visibility=ALWAYS, testCase=TestCaseDTO[testName=null, id=19]]], assessmentType=AUTOMATIC, hasComplaint=null, exampleResult=null, testCaseCount=13, passedTestCaseCount=1, codeIssueCount=0]], BuildJobQueueItem[id=4651739576569330, name=SHORTB06DD3F905F4604F6E085260D83ED657A6DFTSTEXC-LOCALCIINTSTUDENT1, buildAgent=BuildAgentDTO[name=artemis-build-agent-test, memberAddress=[127.0.0.1]:5703, displayName=artemis-build-agent-test], participationId=465, courseId=148, exerciseId=299, retryCount=0, priority=2, status=SUCCESSFUL, repositoryInfo=RepositoryInfo[repositoryName=shortb06dd3f905f4604f6e085260d83ed657a6dftstexc-localciintstudent1, repositoryType=user, triggeredByPushTo=user, assignmentRepositoryUri=http://localhost:49152/git/SHORTB06DD3F905F4604F6E085260D83ED657A6DFTSTEXC/shortb06dd3f905f4604f6e085260d83ed657a6dftstexc-localciintstudent1.git, testRepositoryUri=http://localhost:49152/git/SHORTB06DD3F905F4604F6E085260D83ED657A6DFTSTEXC/shortb06dd3f905f4604f6e085260d83ed657a6dftstexc-tests.git, solutionRepositoryUri=null, auxiliaryRepositoryUris=[Ljava.lang.String;@4c9b7944, auxiliaryRepositoryCheckoutDirectories=[Ljava.lang.String;@40f97b3], jobTimingInfo=JobTimingInfo[submissionDate=2025-02-14T23:42:49.330093960Z[Etc/UTC], buildStartDate=2025-02-14T23:42:49.347797345Z[Etc/UTC], buildCompletionDate=2025-02-14T23:42:51.204319751Z[Etc/UTC], estimatedCompletionDate=2025-02-14T23:43:08.347788449Z[Etc/UTC], estimatedDuration=19], buildConfig=BuildConfig[buildScript=#!/bin/bash
cd /var/tmp/testing-dir
chmod +x ./gradlew
./gradlew clean test
, dockerImage=dummy-docker-image:latest, commitHashToBuild=41581fff25954d36cf07586926ee0c77d1003131, assignmentCommitHash=41581fff25954d36cf07586926ee0c77d1003131, testCommitHash=41581fff25954d36cf07586926ee0c77d1003131, branch=main, programmingLanguage=JAVA, projectType=PLAIN_GRADLE, scaEnabled=false, sequentialTestRunsEnabled=false, resultPaths=[/var/tmp/testing-dir/**/test-results/test/*.xml], timeoutSeconds=0, assignmentCheckoutPath=null, testCheckoutPath=null, solutionCheckoutPath=null, dockerRunConfig=null], submissionResult=ResultDTO[id=133, completionDate=2025-02-14T23:42:51.155372920Z[Etc/UTC], successful=false, score=7.7, rated=true, submission=SubmissionDTO[id=120, submitted=true, type=MANUAL, exampleSubmission=null, submissionDate=2025-02-14T23:42:49.321855Z, commitHash=41581fff25954d36cf07586926ee0c77d1003131, buildFailed=false, buildArtifact=false, participation=ParticipationDTO[id=465, testRun=false, type=programming, submissionCount=null, exercise=ParticipationExerciseDTO[id=299, exerciseType=PROGRAMMING, type=programming, assessmentType=AUTOMATIC, dueDate=2025-02-16T23:42:49.163661Z, assessmentDueDate=null, maxPoints=42.0, course=CourseDTO[id=148, accuracyOfScores=1]]], submissionExerciseType=programming, isProcessing=false, buildStartDate=null, estimatedCompletionDate=null], participation=ParticipationDTO[id=465, testRun=false, type=programming, submissionCount=null, exercise=ParticipationExerciseDTO[id=299, exerciseType=PROGRAMMING, type=programming, assessmentType=AUTOMATIC, dueDate=2025-02-16T23:42:49.163661Z, assessmentDueDate=null, maxPoints=42.0, course=CourseDTO[id=148, accuracyOfScores=1]]], feedbacks=[FeedbackDTO[id=80, text=null, detailText=The exercise expects a class with the name Context in the package testpackage. You did not implement the class in the exercise., hasLongFeedbackText=false, reference=null, credits=0.0, positive=false, type=AUTOMATIC, visibility=ALWAYS, testCase=TestCaseDTO[testName=null, id=26]], FeedbackDTO[id=81, text=null, detailText=The exercise expects a class with the name Policy in the package testpackage. You did not implement the class in the exercise., hasLongFeedbackText=false, reference=null, credits=0.0, positive=false, type=AUTOMATIC, visibility=ALWAYS, testCase=TestCaseDTO[testName=null, id=27]], FeedbackDTO[id=82, text=null, detailText=The exercise expects a class with the name SortStrategy in the package testpackage. You did not implement the class in the exercise., hasLongFeedbackText=false, reference=null, credits=0.0, positive=false, type=AUTOMATIC, visibility=ALWAYS, testCase=TestCaseDTO[testName=null, id=28]], FeedbackDTO[id=83, text=null, detailText=The class 'MergeSort' does not implement the interface 'SortStrategy' as expected. Implement the interface and its methods., hasLongFeedbackText=false, reference=null, credits=0.0, positive=false, type=AUTOMATIC, visibility=ALWAYS, testCase=TestCaseDTO[testName=null, id=23]], FeedbackDTO[id=84, text=null, detailText=The exercise expects a class with the name SortStrategy in the package testpackage. You did not implement the class in the exercise., hasLongFeedbackText=false, reference=null, credits=0.0, positive=false, type=AUTOMATIC, visibility=ALWAYS, testCase=TestCaseDTO[testName=null, id=20]], FeedbackDTO[id=85, text=null, detailText=The class 'BubbleSort' does not implement the interface 'SortStrategy' as expected. Implement the interface and its methods., hasLongFeedbackText=false, reference=null, credits=0.0, positive=false, type=AUTOMATIC, visibility=ALWAYS, testCase=TestCaseDTO[testName=null, id=24]], FeedbackDTO[id=86, text=null, detailText=MergeSort does not sort correctly, hasLongFeedbackText=false, reference=null, credits=0.0, positive=false, type=AUTOMATIC, visibility=ALWAYS, testCase=TestCaseDTO[testName=null, id=29]], FeedbackDTO[id=87, text=null, detailText=The class 'Context' was not found within the submission. Make sure to implement it properly., hasLongFeedbackText=false, reference=null, credits=0.0, positive=false, type=AUTOMATIC, visibility=ALWAYS, testCase=TestCaseDTO[testName=null, id=30]], FeedbackDTO[id=88, text=null, detailText=The class 'Context' was not found within the submission. Make sure to implement it properly., hasLongFeedbackText=false, reference=null, credits=0.0, positive=false, type=AUTOMATIC, visibility=ALWAYS, testCase=TestCaseDTO[testName=null, id=31]], FeedbackDTO[id=89, text=null, detailText=The exercise expects a class with the name Policy in the package testpackage. You did not implement the class in the exercise., hasLongFeedbackText=false, reference=null, credits=0.0, positive=false, type=AUTOMATIC, visibility=ALWAYS, testCase=TestCaseDTO[testName=null, id=25]], FeedbackDTO[id=90, text=null, detailText=The exercise expects a class with the name Context in the package testpackage. You did not implement the class in the exercise., hasLongFeedbackText=false, reference=null, credits=0.0, positive=false, type=AUTOMATIC, visibility=ALWAYS, testCase=TestCaseDTO[testName=null, id=21]], FeedbackDTO[id=91, text=null, detailText=The exercise expects a class with the name Policy in the package testpackage. You did not implement the class in the exercise., hasLongFeedbackText=false, reference=null, credits=0.0, positive=false, type=AUTOMATIC, visibility=ALWAYS, testCase=TestCaseDTO[testName=null, id=22]], FeedbackDTO[id=92, text=null, detailText=null, hasLongFeedbackText=false, reference=null, credits=3.230769230769231, positive=true, type=AUTOMATIC, visibility=ALWAYS, testCase=TestCaseDTO[testName=null, id=32]]], assessmentType=AUTOMATIC, hasComplaint=null, exampleResult=null, testCaseCount=13, passedTestCaseCount=1, codeIssueCount=0]], BuildJobQueueItem[id=4681739576573068, name=SHORTBCF65534040390488B0A46605F5F3776B89ATSTEXC-LOCALCIINTSTUDENT1, buildAgent=BuildAgentDTO[name=artemis-build-agent-test, memberAddress=[127.0.0.1]:5703, displayName=artemis-build-agent-test], participationId=468, courseId=149, exerciseId=300, retryCount=0, priority=2, status=SUCCESSFUL, repositoryInfo=RepositoryInfo[repositoryName=shortbcf65534040390488b0a46605f5f3776b89atstexc-localciintstudent1, repositoryType=user, triggeredByPushTo=user, assignmentRepositoryUri=http://localhost:49152/git/SHORTBCF65534040390488B0A46605F5F3776B89ATSTEXC/shortbcf65534040390488b0a46605f5f3776b89atstexc-localciintstudent1.git, testRepositoryUri=http://localhost:49152/git/SHORTBCF65534040390488B0A46605F5F3776B89ATSTEXC/shortbcf65534040390488b0a46605f5f3776b89atstexc-tests.git, solutionRepositoryUri=null, auxiliaryRepositoryUris=[Ljava.lang.String;@7a062b5e, auxiliaryRepositoryCheckoutDirectories=[Ljava.lang.String;@7365c743], jobTimingInfo=JobTimingInfo[submissionDate=2025-02-14T23:42:53.068019209Z[Etc/UTC], buildStartDate=2025-02-14T23:42:53.092867394Z[Etc/UTC], buildCompletionDate=2025-02-14T23:42:55.086950323Z[Etc/UTC], estimatedCompletionDate=2025-02-14T23:43:12.092858828Z[Etc/UTC], estimatedDuration=19], buildConfig=BuildConfig[buildScript=#!/bin/bash
cd /var/tmp/testing-dir
chmod +x ./gradlew
./gradlew clean test
, dockerImage=dummy-docker-image:latest, commitHashToBuild=2d5c0482fc77d3f5ec0841962528a43054e83170, assignmentCommitHash=2d5c0482fc77d3f5ec0841962528a43054e83170, testCommitHash=7477e25d56ce5fee2c938542a7e7ed4ed085d373, branch=main, programmingLanguage=JAVA, projectType=PLAIN_GRADLE, scaEnabled=false, sequentialTestRunsEnabled=false, resultPaths=[/var/tmp/testing-dir/**/test-results/test/*.xml], timeoutSeconds=0, assignmentCheckoutPath=null, testCheckoutPath=null, solutionCheckoutPath=null, dockerRunConfig=null], submissionResult=null]], publicSshKey=ssh-rsa AAAAB3NzaC1yc2EAAAADAQABAAACAQCOPdMsxRE2jFJ/UEa5/LsBxtwzJcrh3/rYBCQvcMeVpiRfhzQPWu7mrt/G2Ew+i+vRloGH9aqKg6dd1liRncao53Zmd/ePxoatXePNhmzTfkCkcSkTUz7B+QMjkoDDV5jwuFPD6mF3JkhuzSi64n9Zy905t4w2IhVcjM2mL3eYNjiCXt6Qpq3Pkt7dM/Ksw1nxnvuiIALuJLB3FTkXkHqq3PJav+9HSq2r6ZaWgekneaGxlQlb+U+Vy3XOuArKAzK8c8i+0bR+AHiTG6ncYXt7ax3U+TdlDTF7OLP3umwaYjs1NBXOHwG42pevvpKn2fqavZZozk+M05jXLx3bq0O7itxfErWc7etky8qYPyyIMF/txQIVLd78+Ze4d7Y60t5MGbXM5cGE6fFif5fEJwgswXD+BrG0cafz1CTatjSKFdvp8Vp4VszXhHDan1PrP6JEFJ5Cc5GDmLRZPCFa3vL9f5qXgf4bkqKN8MYeEujwJE5nMRWoiJVNakix2bcrrneQMBlnYeYZVWXXXUusAQBzl4NgddC1umZpihZkL1b1MffZAUW3EGEXi7KHnllQhkTLLsQ8ntMgbylqaJKStqaXlLvdeRJcEnUuiFCrHEVVbXRFZR7XVDZ02CE5o3MuaRPty8Kh+jRTF3COlAckHwYEJCNNJvXFgb2CNXL4mjzYDw== test@localhost]
    23:42:55.138 | 566 localvc.event-13 | DEBUG | s.l.LocalCIWebsocketMessagingService : Sending message on topic /topic/admin/build-agents: [BuildAgentInformation[buildAgent=BuildAgentDTO[name=artemis-build-agent-test, memberAddress=[127.0.0.1]:5703, displayName=artemis-build-agent-test], maxNumberOfConcurrentBuildJobs=1, numberOfCurrentBuildJobs=0, runningBuildJobs=[], status=IDLE, recentBuildJobs=null, publicSshKey=null]]
    23:42:55.139 | 566 localvc.event-13 | DEBUG | s.l.LocalCIWebsocketMessagingService : Sending message on topic /topic/admin/build-agent/artemis-build-agent-test: BuildAgentInformation[buildAgent=BuildAgentDTO[name=artemis-build-agent-test, memberAddress=[127.0.0.1]:5703, displayName=artemis-build-agent-test], maxNumberOfConcurrentBuildJobs=1, numberOfCurrentBuildJobs=0, runningBuildJobs=[], status=IDLE, recentBuildJobs=[BuildJobQueueItem[id=4621739576562326, name=SHORT43ACF76B02BC1044B80938509D14043FABDETSTEXC-LOCALCIINTSTUDENT1, buildAgent=BuildAgentDTO[name=artemis-build-agent-test, memberAddress=[127.0.0.1]:5703, displayName=artemis-build-agent-test], participationId=462, courseId=147, exerciseId=298, retryCount=0, priority=2, status=SUCCESSFUL, repositoryInfo=RepositoryInfo[repositoryName=short43acf76b02bc1044b80938509d14043fabdetstexc-localciintstudent1, repositoryType=user, triggeredByPushTo=user, assignmentRepositoryUri=http://localhost:49152/git/SHORT43ACF76B02BC1044B80938509D14043FABDETSTEXC/short43acf76b02bc1044b80938509d14043fabdetstexc-localciintstudent1.git, testRepositoryUri=http://localhost:49152/git/SHORT43ACF76B02BC1044B80938509D14043FABDETSTEXC/short43acf76b02bc1044b80938509d14043fabdetstexc-tests.git, solutionRepositoryUri=null, auxiliaryRepositoryUris=[Ljava.lang.String;@57fee402, auxiliaryRepositoryCheckoutDirectories=[Ljava.lang.String;@afc6e61], jobTimingInfo=JobTimingInfo[submissionDate=2025-02-14T23:42:42.326978596Z[Etc/UTC], buildStartDate=2025-02-14T23:42:42.420147010Z[Etc/UTC], buildCompletionDate=2025-02-14T23:42:45.573855829Z[Etc/UTC], estimatedCompletionDate=2025-02-14T23:43:01.420129377Z[Etc/UTC], estimatedDuration=19], buildConfig=BuildConfig[buildScript=#!/bin/bash
cd /var/tmp/testing-dir
chmod +x ./gradlew
./gradlew clean test
, dockerImage=dummy-docker-image:latest, commitHashToBuild=a9c717ccf7bcbe9531d3eee21dbaeb5aab2ff971, assignmentCommitHash=a9c717ccf7bcbe9531d3eee21dbaeb5aab2ff971, testCommitHash=a9c717ccf7bcbe9531d3eee21dbaeb5aab2ff971, branch=main, programmingLanguage=JAVA, projectType=PLAIN_GRADLE, scaEnabled=false, sequentialTestRunsEnabled=false, resultPaths=[/var/tmp/testing-dir/**/test-results/test/*.xml], timeoutSeconds=0, assignmentCheckoutPath=null, testCheckoutPath=null, solutionCheckoutPath=null, dockerRunConfig=DockerRunConfig[isNetworkDisabled=true, env=[key=value]]], submissionResult=ResultDTO[id=132, completionDate=2025-02-14T23:42:45.519869118Z[Etc/UTC], successful=false, score=7.7, rated=true, submission=SubmissionDTO[id=119, submitted=true, type=MANUAL, exampleSubmission=null, submissionDate=2025-02-14T23:42:42.302762Z, commitHash=a9c717ccf7bcbe9531d3eee21dbaeb5aab2ff971, buildFailed=false, buildArtifact=false, participation=ParticipationDTO[id=462, testRun=false, type=programming, submissionCount=null, exercise=ParticipationExerciseDTO[id=298, exerciseType=PROGRAMMING, type=programming, assessmentType=AUTOMATIC, dueDate=2025-02-16T23:42:41.553955Z, assessmentDueDate=null, maxPoints=42.0, course=CourseDTO[id=147, accuracyOfScores=1]]], submissionExerciseType=programming, isProcessing=false, buildStartDate=null, estimatedCompletionDate=null], participation=ParticipationDTO[id=462, testRun=false, type=programming, submissionCount=null, exercise=ParticipationExerciseDTO[id=298, exerciseType=PROGRAMMING, type=programming, assessmentType=AUTOMATIC, dueDate=2025-02-16T23:42:41.553955Z, assessmentDueDate=null, maxPoints=42.0, course=CourseDTO[id=147, accuracyOfScores=1]]], feedbacks=[FeedbackDTO[id=67, text=null, detailText=The exercise expects a class with the name Context in the package testpackage. You did not implement the class in the exercise., hasLongFeedbackText=false, reference=null, credits=0.0, positive=false, type=AUTOMATIC, visibility=ALWAYS, testCase=TestCaseDTO[testName=null, id=13]], FeedbackDTO[id=68, text=null, detailText=The exercise expects a class with the name Policy in the package testpackage. You did not implement the class in the exercise., hasLongFeedbackText=false, reference=null, credits=0.0, positive=false, type=AUTOMATIC, visibility=ALWAYS, testCase=TestCaseDTO[testName=null, id=14]], FeedbackDTO[id=69, text=null, detailText=The exercise expects a class with the name SortStrategy in the package testpackage. You did not implement the class in the exercise., hasLongFeedbackText=false, reference=null, credits=0.0, positive=false, type=AUTOMATIC, visibility=ALWAYS, testCase=TestCaseDTO[testName=null, id=15]], FeedbackDTO[id=70, text=null, detailText=The class 'MergeSort' does not implement the interface 'SortStrategy' as expected. Implement the interface and its methods., hasLongFeedbackText=false, reference=null, credits=0.0, positive=false, type=AUTOMATIC, visibility=ALWAYS, testCase=TestCaseDTO[testName=null, id=10]], FeedbackDTO[id=71, text=null, detailText=The exercise expects a class with the name SortStrategy in the package testpackage. You did not implement the class in the exercise., hasLongFeedbackText=false, reference=null, credits=0.0, positive=false, type=AUTOMATIC, visibility=ALWAYS, testCase=TestCaseDTO[testName=null, id=7]], FeedbackDTO[id=72, text=null, detailText=The class 'BubbleSort' does not implement the interface 'SortStrategy' as expected. Implement the interface and its methods., hasLongFeedbackText=false, reference=null, credits=0.0, positive=false, type=AUTOMATIC, visibility=ALWAYS, testCase=TestCaseDTO[testName=null, id=11]], FeedbackDTO[id=73, text=null, detailText=MergeSort does not sort correctly, hasLongFeedbackText=false, reference=null, credits=0.0, positive=false, type=AUTOMATIC, visibility=ALWAYS, testCase=TestCaseDTO[testName=null, id=16]], FeedbackDTO[id=74, text=null, detailText=The class 'Context' was not found within the submission. Make sure to implement it properly., hasLongFeedbackText=false, reference=null, credits=0.0, positive=false, type=AUTOMATIC, visibility=ALWAYS, testCase=TestCaseDTO[testName=null, id=17]], FeedbackDTO[id=75, text=null, detailText=The class 'Context' was not found within the submission. Make sure to implement it properly., hasLongFeedbackText=false, reference=null, credits=0.0, positive=false, type=AUTOMATIC, visibility=ALWAYS, testCase=TestCaseDTO[testName=null, id=18]], FeedbackDTO[id=76, text=null, detailText=The exercise expects a class with the name Policy in the package testpackage. You did not implement the class in the exercise., hasLongFeedbackText=false, reference=null, credits=0.0, positive=false, type=AUTOMATIC, visibility=ALWAYS, testCase=TestCaseDTO[testName=null, id=12]], FeedbackDTO[id=77, text=null, detailText=The exercise expects a class with the name Context in the package testpackage. You did not implement the class in the exercise., hasLongFeedbackText=false, reference=null, credits=0.0, positive=false, type=AUTOMATIC, visibility=ALWAYS, testCase=TestCaseDTO[testName=null, id=8]], FeedbackDTO[id=78, text=null, detailText=The exercise expects a class with the name Policy in the package testpackage. You did not implement the class in the exercise., hasLongFeedbackText=false, reference=null, credits=0.0, positive=false, type=AUTOMATIC, visibility=ALWAYS, testCase=TestCaseDTO[testName=null, id=9]], FeedbackDTO[id=79, text=null, detailText=null, hasLongFeedbackText=false, reference=null, credits=3.230769230769231, positive=true, type=AUTOMATIC, visibility=ALWAYS, testCase=TestCaseDTO[testName=null, id=19]]], assessmentType=AUTOMATIC, hasComplaint=null, exampleResult=null, testCaseCount=13, passedTestCaseCount=1, codeIssueCount=0]], BuildJobQueueItem[id=4651739576569330, name=SHORTB06DD3F905F4604F6E085260D83ED657A6DFTSTEXC-LOCALCIINTSTUDENT1, buildAgent=BuildAgentDTO[name=artemis-build-agent-test, memberAddress=[127.0.0.1]:5703, displayName=artemis-build-agent-test], participationId=465, courseId=148, exerciseId=299, retryCount=0, priority=2, status=SUCCESSFUL, repositoryInfo=RepositoryInfo[repositoryName=shortb06dd3f905f4604f6e085260d83ed657a6dftstexc-localciintstudent1, repositoryType=user, triggeredByPushTo=user, assignmentRepositoryUri=http://localhost:49152/git/SHORTB06DD3F905F4604F6E085260D83ED657A6DFTSTEXC/shortb06dd3f905f4604f6e085260d83ed657a6dftstexc-localciintstudent1.git, testRepositoryUri=http://localhost:49152/git/SHORTB06DD3F905F4604F6E085260D83ED657A6DFTSTEXC/shortb06dd3f905f4604f6e085260d83ed657a6dftstexc-tests.git, solutionRepositoryUri=null, auxiliaryRepositoryUris=[Ljava.lang.String;@70ac945d, auxiliaryRepositoryCheckoutDirectories=[Ljava.lang.String;@2712d3e2], jobTimingInfo=JobTimingInfo[submissionDate=2025-02-14T23:42:49.330093960Z[Etc/UTC], buildStartDate=2025-02-14T23:42:49.347797345Z[Etc/UTC], buildCompletionDate=2025-02-14T23:42:51.204319751Z[Etc/UTC], estimatedCompletionDate=2025-02-14T23:43:08.347788449Z[Etc/UTC], estimatedDuration=19], buildConfig=BuildConfig[buildScript=#!/bin/bash
cd /var/tmp/testing-dir
chmod +x ./gradlew
./gradlew clean test
, dockerImage=dummy-docker-image:latest, commitHashToBuild=41581fff25954d36cf07586926ee0c77d1003131, assignmentCommitHash=41581fff25954d36cf07586926ee0c77d1003131, testCommitHash=41581fff25954d36cf07586926ee0c77d1003131, branch=main, programmingLanguage=JAVA, projectType=PLAIN_GRADLE, scaEnabled=false, sequentialTestRunsEnabled=false, resultPaths=[/var/tmp/testing-dir/**/test-results/test/*.xml], timeoutSeconds=0, assignmentCheckoutPath=null, testCheckoutPath=null, solutionCheckoutPath=null, dockerRunConfig=null], submissionResult=ResultDTO[id=133, completionDate=2025-02-14T23:42:51.155372920Z[Etc/UTC], successful=false, score=7.7, rated=true, submission=SubmissionDTO[id=120, submitted=true, type=MANUAL, exampleSubmission=null, submissionDate=2025-02-14T23:42:49.321855Z, commitHash=41581fff25954d36cf07586926ee0c77d1003131, buildFailed=false, buildArtifact=false, participation=ParticipationDTO[id=465, testRun=false, type=programming, submissionCount=null, exercise=ParticipationExerciseDTO[id=299, exerciseType=PROGRAMMING, type=programming, assessmentType=AUTOMATIC, dueDate=2025-02-16T23:42:49.163661Z, assessmentDueDate=null, maxPoints=42.0, course=CourseDTO[id=148, accuracyOfScores=1]]], submissionExerciseType=programming, isProcessing=false, buildStartDate=null, estimatedCompletionDate=null], participation=ParticipationDTO[id=465, testRun=false, type=programming, submissionCount=null, exercise=ParticipationExerciseDTO[id=299, exerciseType=PROGRAMMING, type=programming, assessmentType=AUTOMATIC, dueDate=2025-02-16T23:42:49.163661Z, assessmentDueDate=null, maxPoints=42.0, course=CourseDTO[id=148, accuracyOfScores=1]]], feedbacks=[FeedbackDTO[id=80, text=null, detailText=The exercise expects a class with the name Context in the package testpackage. You did not implement the class in the exercise., hasLongFeedbackText=false, reference=null, credits=0.0, positive=false, type=AUTOMATIC, visibility=ALWAYS, testCase=TestCaseDTO[testName=null, id=26]], FeedbackDTO[id=81, text=null, detailText=The exercise expects a class with the name Policy in the package testpackage. You did not implement the class in the exercise., hasLongFeedbackText=false, reference=null, credits=0.0, positive=false, type=AUTOMATIC, visibility=ALWAYS, testCase=TestCaseDTO[testName=null, id=27]], FeedbackDTO[id=82, text=null, detailText=The exercise expects a class with the name SortStrategy in the package testpackage. You did not implement the class in the exercise., hasLongFeedbackText=false, reference=null, credits=0.0, positive=false, type=AUTOMATIC, visibility=ALWAYS, testCase=TestCaseDTO[testName=null, id=28]], FeedbackDTO[id=83, text=null, detailText=The class 'MergeSort' does not implement the interface 'SortStrategy' as expected. Implement the interface and its methods., hasLongFeedbackText=false, reference=null, credits=0.0, positive=false, type=AUTOMATIC, visibility=ALWAYS, testCase=TestCaseDTO[testName=null, id=23]], FeedbackDTO[id=84, text=null, detailText=The exercise expects a class with the name SortStrategy in the package testpackage. You did not implement the class in the exercise., hasLongFeedbackText=false, reference=null, credits=0.0, positive=false, type=AUTOMATIC, visibility=ALWAYS, testCase=TestCaseDTO[testName=null, id=20]], FeedbackDTO[id=85, text=null, detailText=The class 'BubbleSort' does not implement the interface 'SortStrategy' as expected. Implement the interface and its methods., hasLongFeedbackText=false, reference=null, credits=0.0, positive=false, type=AUTOMATIC, visibility=ALWAYS, testCase=TestCaseDTO[testName=null, id=24]], FeedbackDTO[id=86, text=null, detailText=MergeSort does not sort correctly, hasLongFeedbackText=false, reference=null, credits=0.0, positive=false, type=AUTOMATIC, visibility=ALWAYS, testCase=TestCaseDTO[testName=null, id=29]], FeedbackDTO[id=87, text=null, detailText=The class 'Context' was not found within the submission. Make sure to implement it properly., hasLongFeedbackText=false, reference=null, credits=0.0, positive=false, type=AUTOMATIC, visibility=ALWAYS, testCase=TestCaseDTO[testName=null, id=30]], FeedbackDTO[id=88, text=null, detailText=The class 'Context' was not found within the submission. Make sure to implement it properly., hasLongFeedbackText=false, reference=null, credits=0.0, positive=false, type=AUTOMATIC, visibility=ALWAYS, testCase=TestCaseDTO[testName=null, id=31]], FeedbackDTO[id=89, text=null, detailText=The exercise expects a class with the name Policy in the package testpackage. You did not implement the class in the exercise., hasLongFeedbackText=false, reference=null, credits=0.0, positive=false, type=AUTOMATIC, visibility=ALWAYS, testCase=TestCaseDTO[testName=null, id=25]], FeedbackDTO[id=90, text=null, detailText=The exercise expects a class with the name Context in the package testpackage. You did not implement the class in the exercise., hasLongFeedbackText=false, reference=null, credits=0.0, positive=false, type=AUTOMATIC, visibility=ALWAYS, testCase=TestCaseDTO[testName=null, id=21]], FeedbackDTO[id=91, text=null, detailText=The exercise expects a class with the name Policy in the package testpackage. You did not implement the class in the exercise., hasLongFeedbackText=false, reference=null, credits=0.0, positive=false, type=AUTOMATIC, visibility=ALWAYS, testCase=TestCaseDTO[testName=null, id=22]], FeedbackDTO[id=92, text=null, detailText=null, hasLongFeedbackText=false, reference=null, credits=3.230769230769231, positive=true, type=AUTOMATIC, visibility=ALWAYS, testCase=TestCaseDTO[testName=null, id=32]]], assessmentType=AUTOMATIC, hasComplaint=null, exampleResult=null, testCaseCount=13, passedTestCaseCount=1, codeIssueCount=0]], BuildJobQueueItem[id=4681739576573068, name=SHORTBCF65534040390488B0A46605F5F3776B89ATSTEXC-LOCALCIINTSTUDENT1, buildAgent=BuildAgentDTO[name=artemis-build-agent-test, memberAddress=[127.0.0.1]:5703, displayName=artemis-build-agent-test], participationId=468, courseId=149, exerciseId=300, retryCount=0, priority=2, status=SUCCESSFUL, repositoryInfo=RepositoryInfo[repositoryName=shortbcf65534040390488b0a46605f5f3776b89atstexc-localciintstudent1, repositoryType=user, triggeredByPushTo=user, assignmentRepositoryUri=http://localhost:49152/git/SHORTBCF65534040390488B0A46605F5F3776B89ATSTEXC/shortbcf65534040390488b0a46605f5f3776b89atstexc-localciintstudent1.git, testRepositoryUri=http://localhost:49152/git/SHORTBCF65534040390488B0A46605F5F3776B89ATSTEXC/shortbcf65534040390488b0a46605f5f3776b89atstexc-tests.git, solutionRepositoryUri=null, auxiliaryRepositoryUris=[Ljava.lang.String;@76cedf6, auxiliaryRepositoryCheckoutDirectories=[Ljava.lang.String;@6e0a041c], jobTimingInfo=JobTimingInfo[submissionDate=2025-02-14T23:42:53.068019209Z[Etc/UTC], buildStartDate=2025-02-14T23:42:53.092867394Z[Etc/UTC], buildCompletionDate=2025-02-14T23:42:55.086950323Z[Etc/UTC], estimatedCompletionDate=2025-02-14T23:43:12.092858828Z[Etc/UTC], estimatedDuration=19], buildConfig=BuildConfig[buildScript=#!/bin/bash
cd /var/tmp/testing-dir
chmod +x ./gradlew
./gradlew clean test
, dockerImage=dummy-docker-image:latest, commitHashToBuild=2d5c0482fc77d3f5ec0841962528a43054e83170, assignmentCommitHash=2d5c0482fc77d3f5ec0841962528a43054e83170, testCommitHash=7477e25d56ce5fee2c938542a7e7ed4ed085d373, branch=main, programmingLanguage=JAVA, projectType=PLAIN_GRADLE, scaEnabled=false, sequentialTestRunsEnabled=false, resultPaths=[/var/tmp/testing-dir/**/test-results/test/*.xml], timeoutSeconds=0, assignmentCheckoutPath=null, testCheckoutPath=null, solutionCheckoutPath=null, dockerRunConfig=null], submissionResult=ResultDTO[id=134, completionDate=2025-02-14T23:42:55.059618627Z[Etc/UTC], successful=false, score=7.7, rated=true, submission=SubmissionDTO[id=121, submitted=true, type=MANUAL, exampleSubmission=null, submissionDate=2025-02-14T23:42:53.048221Z, commitHash=2d5c0482fc77d3f5ec0841962528a43054e83170, buildFailed=false, buildArtifact=false, participation=ParticipationDTO[id=468, testRun=false, type=programming, submissionCount=null, exercise=ParticipationExerciseDTO[id=300, exerciseType=PROGRAMMING, type=programming, assessmentType=AUTOMATIC, dueDate=2025-02-16T23:42:52.873722Z, assessmentDueDate=null, maxPoints=42.0, course=CourseDTO[id=149, accuracyOfScores=1]]], submissionExerciseType=programming, isProcessing=false, buildStartDate=null, estimatedCompletionDate=null], participation=ParticipationDTO[id=468, testRun=false, type=programming, submissionCount=null, exercise=ParticipationExerciseDTO[id=300, exerciseType=PROGRAMMING, type=programming, assessmentType=AUTOMATIC, dueDate=2025-02-16T23:42:52.873722Z, assessmentDueDate=null, maxPoints=42.0, course=CourseDTO[id=149, accuracyOfScores=1]]], feedbacks=[FeedbackDTO[id=93, text=null, detailText=The exercise expects a class with the name Context in the package testpackage. You did not implement the class in the exercise., hasLongFeedbackText=false, reference=null, credits=0.0, positive=false, type=AUTOMATIC, visibility=ALWAYS, testCase=TestCaseDTO[testName=null, id=39]], FeedbackDTO[id=94, text=null, detailText=The exercise expects a class with the name Policy in the package testpackage. You did not implement the class in the exercise., hasLongFeedbackText=false, reference=null, credits=0.0, positive=false, type=AUTOMATIC, visibility=ALWAYS, testCase=TestCaseDTO[testName=null, id=40]], FeedbackDTO[id=95, text=null, detailText=The exercise expects a class with the name SortStrategy in the package testpackage. You did not implement the class in the exercise., hasLongFeedbackText=false, reference=null, credits=0.0, positive=false, type=AUTOMATIC, visibility=ALWAYS, testCase=TestCaseDTO[testName=null, id=41]], FeedbackDTO[id=96, text=null, detailText=The class 'MergeSort' does not implement the interface 'SortStrategy' as expected. Implement the interface and its methods., hasLongFeedbackText=false, reference=null, credits=0.0, positive=false, type=AUTOMATIC, visibility=ALWAYS, testCase=TestCaseDTO[testName=null, id=36]], FeedbackDTO[id=97, text=null, detailText=The exercise expects a class with the name SortStrategy in the package testpackage. You did not implement the class in the exercise., hasLongFeedbackText=false, reference=null, credits=0.0, positive=false, type=AUTOMATIC, visibility=ALWAYS, testCase=TestCaseDTO[testName=null, id=33]], FeedbackDTO[id=98, text=null, detailText=The class 'BubbleSort' does not implement the interface 'SortStrategy' as expected. Implement the interface and its methods., hasLongFeedbackText=false, reference=null, credits=0.0, positive=false, type=AUTOMATIC, visibility=ALWAYS, testCase=TestCaseDTO[testName=null, id=37]], FeedbackDTO[id=99, text=null, detailText=MergeSort does not sort correctly, hasLongFeedbackText=false, reference=null, credits=0.0, positive=false, type=AUTOMATIC, visibility=ALWAYS, testCase=TestCaseDTO[testName=null, id=42]], FeedbackDTO[id=100, text=null, detailText=The class 'Context' was not found within the submission. Make sure to implement it properly., hasLongFeedbackText=false, reference=null, credits=0.0, positive=false, type=AUTOMATIC, visibility=ALWAYS, testCase=TestCaseDTO[testName=null, id=43]], FeedbackDTO[id=101, text=null, detailText=The class 'Context' was not found within the submission. Make sure to implement it properly., hasLongFeedbackText=false, reference=null, credits=0.0, positive=false, type=AUTOMATIC, visibility=ALWAYS, testCase=TestCaseDTO[testName=null, id=44]], FeedbackDTO[id=102, text=null, detailText=The exercise expects a class with the name Policy in the package testpackage. You did not implement the class in the exercise., hasLongFeedbackText=false, reference=null, credits=0.0, positive=false, type=AUTOMATIC, visibility=ALWAYS, testCase=TestCaseDTO[testName=null, id=38]], FeedbackDTO[id=103, text=null, detailText=The exercise expects a class with the name Context in the package testpackage. You did not implement the class in the exercise., hasLongFeedbackText=false, reference=null, credits=0.0, positive=false, type=AUTOMATIC, visibility=ALWAYS, testCase=TestCaseDTO[testName=null, id=34]], FeedbackDTO[id=104, text=null, detailText=The exercise expects a class with the name Policy in the package testpackage. You did not implement the class in the exercise., hasLongFeedbackText=false, reference=null, credits=0.0, positive=false, type=AUTOMATIC, visibility=ALWAYS, testCase=TestCaseDTO[testName=null, id=35]], FeedbackDTO[id=105, text=null, detailText=null, hasLongFeedbackText=false, reference=null, credits=3.230769230769231, positive=true, type=AUTOMATIC, visibility=ALWAYS, testCase=TestCaseDTO[testName=null, id=45]]], assessmentType=AUTOMATIC, hasComplaint=null, exampleResult=null, testCaseCount=13, passedTestCaseCount=1, codeIssueCount=0]]], publicSshKey=ssh-rsa AAAAB3NzaC1yc2EAAAADAQABAAACAQCOPdMsxRE2jFJ/UEa5/LsBxtwzJcrh3/rYBCQvcMeVpiRfhzQPWu7mrt/G2Ew+i+vRloGH9aqKg6dd1liRncao53Zmd/ePxoatXePNhmzTfkCkcSkTUz7B+QMjkoDDV5jwuFPD6mF3JkhuzSi64n9Zy905t4w2IhVcjM2mL3eYNjiCXt6Qpq3Pkt7dM/Ksw1nxnvuiIALuJLB3FTkXkHqq3PJav+9HSq2r6ZaWgekneaGxlQlb+U+Vy3XOuArKAzK8c8i+0bR+AHiTG6ncYXt7ax3U+TdlDTF7OLP3umwaYjs1NBXOHwG42pevvpKn2fqavZZozk+M05jXLx3bq0O7itxfErWc7etky8qYPyyIMF/txQIVLd78+Ze4d7Y60t5MGbXM5cGE6fFif5fEJwgswXD+BrG0cafz1CTatjSKFdvp8Vp4VszXhHDan1PrP6JEFJ5Cc5GDmLRZPCFa3vL9f5qXgf4bkqKN8MYeEujwJE5nMRWoiJVNakix2bcrrneQMBlnYeYZVWXXXUusAQBzl4NgddC1umZpihZkL1b1MffZAUW3EGEXi7KHnllQhkTLLsQ8ntMgbylqaJKStqaXlLvdeRJcEnUuiFCrHEVVbXRFZR7XVDZ02CE5o3MuaRPty8Kh+jRTF3COlAckHwYEJCNNJvXFgb2CNXL4mjzYDw== test@localhost]
    23:42:55.140 | 566 localvc.event-13 | DEBUG | a.p.s.l.SharedQueueManagementService : Build agent updated: null
    23:42:55.144 | 566 localvc.event-13 | DEBUG | a.p.s.l.LocalCIQueueWebsocketService : Build agent updated: BuildAgentInformation[buildAgent=BuildAgentDTO[name=artemis-build-agent-test, memberAddress=[127.0.0.1]:5703, displayName=artemis-build-agent-test], maxNumberOfConcurrentBuildJobs=1, numberOfCurrentBuildJobs=0, runningBuildJobs=[], status=IDLE, recentBuildJobs=[BuildJobQueueItem[id=4621739576562326, name=SHORT43ACF76B02BC1044B80938509D14043FABDETSTEXC-LOCALCIINTSTUDENT1, buildAgent=BuildAgentDTO[name=artemis-build-agent-test, memberAddress=[127.0.0.1]:5703, displayName=artemis-build-agent-test], participationId=462, courseId=147, exerciseId=298, retryCount=0, priority=2, status=SUCCESSFUL, repositoryInfo=RepositoryInfo[repositoryName=short43acf76b02bc1044b80938509d14043fabdetstexc-localciintstudent1, repositoryType=user, triggeredByPushTo=user, assignmentRepositoryUri=http://localhost:49152/git/SHORT43ACF76B02BC1044B80938509D14043FABDETSTEXC/short43acf76b02bc1044b80938509d14043fabdetstexc-localciintstudent1.git, testRepositoryUri=http://localhost:49152/git/SHORT43ACF76B02BC1044B80938509D14043FABDETSTEXC/short43acf76b02bc1044b80938509d14043fabdetstexc-tests.git, solutionRepositoryUri=null, auxiliaryRepositoryUris=[Ljava.lang.String;@4b2c2a8f, auxiliaryRepositoryCheckoutDirectories=[Ljava.lang.String;@2b4f7d41], jobTimingInfo=JobTimingInfo[submissionDate=2025-02-14T23:42:42.326978596Z[Etc/UTC], buildStartDate=2025-02-14T23:42:42.420147010Z[Etc/UTC], buildCompletionDate=2025-02-14T23:42:45.573855829Z[Etc/UTC], estimatedCompletionDate=2025-02-14T23:43:01.420129377Z[Etc/UTC], estimatedDuration=19], buildConfig=BuildConfig[buildScript=#!/bin/bash
cd /var/tmp/testing-dir
chmod +x ./gradlew
./gradlew clean test
, dockerImage=dummy-docker-image:latest, commitHashToBuild=a9c717ccf7bcbe9531d3eee21dbaeb5aab2ff971, assignmentCommitHash=a9c717ccf7bcbe9531d3eee21dbaeb5aab2ff971, testCommitHash=a9c717ccf7bcbe9531d3eee21dbaeb5aab2ff971, branch=main, programmingLanguage=JAVA, projectType=PLAIN_GRADLE, scaEnabled=false, sequentialTestRunsEnabled=false, resultPaths=[/var/tmp/testing-dir/**/test-results/test/*.xml], timeoutSeconds=0, assignmentCheckoutPath=null, testCheckoutPath=null, solutionCheckoutPath=null, dockerRunConfig=DockerRunConfig[isNetworkDisabled=true, env=[key=value]]], submissionResult=ResultDTO[id=132, completionDate=2025-02-14T23:42:45.519869118Z[Etc/UTC], successful=false, score=7.7, rated=true, submission=SubmissionDTO[id=119, submitted=true, type=MANUAL, exampleSubmission=null, submissionDate=2025-02-14T23:42:42.302762Z, commitHash=a9c717ccf7bcbe9531d3eee21dbaeb5aab2ff971, buildFailed=false, buildArtifact=false, participation=ParticipationDTO[id=462, testRun=false, type=programming, submissionCount=null, exercise=ParticipationExerciseDTO[id=298, exerciseType=PROGRAMMING, type=programming, assessmentType=AUTOMATIC, dueDate=2025-02-16T23:42:41.553955Z, assessmentDueDate=null, maxPoints=42.0, course=CourseDTO[id=147, accuracyOfScores=1]]], submissionExerciseType=programming, isProcessing=false, buildStartDate=null, estimatedCompletionDate=null], participation=ParticipationDTO[id=462, testRun=false, type=programming, submissionCount=null, exercise=ParticipationExerciseDTO[id=298, exerciseType=PROGRAMMING, type=programming, assessmentType=AUTOMATIC, dueDate=2025-02-16T23:42:41.553955Z, assessmentDueDate=null, maxPoints=42.0, course=CourseDTO[id=147, accuracyOfScores=1]]], feedbacks=[FeedbackDTO[id=67, text=null, detailText=The exercise expects a class with the name Context in the package testpackage. You did not implement the class in the exercise., hasLongFeedbackText=false, reference=null, credits=0.0, positive=false, type=AUTOMATIC, visibility=ALWAYS, testCase=TestCaseDTO[testName=null, id=13]], FeedbackDTO[id=68, text=null, detailText=The exercise expects a class with the name Policy in the package testpackage. You did not implement the class in the exercise., hasLongFeedbackText=false, reference=null, credits=0.0, positive=false, type=AUTOMATIC, visibility=ALWAYS, testCase=TestCaseDTO[testName=null, id=14]], FeedbackDTO[id=69, text=null, detailText=The exercise expects a class with the name SortStrategy in the package testpackage. You did not implement the class in the exercise., hasLongFeedbackText=false, reference=null, credits=0.0, positive=false, type=AUTOMATIC, visibility=ALWAYS, testCase=TestCaseDTO[testName=null, id=15]], FeedbackDTO[id=70, text=null, detailText=The class 'MergeSort' does not implement the interface 'SortStrategy' as expected. Implement the interface and its methods., hasLongFeedbackText=false, reference=null, credits=0.0, positive=false, type=AUTOMATIC, visibility=ALWAYS, testCase=TestCaseDTO[testName=null, id=10]], FeedbackDTO[id=71, text=null, detailText=The exercise expects a class with the name SortStrategy in the package testpackage. You did not implement the class in the exercise., hasLongFeedbackText=false, reference=null, credits=0.0, positive=false, type=AUTOMATIC, visibility=ALWAYS, testCase=TestCaseDTO[testName=null, id=7]], FeedbackDTO[id=72, text=null, detailText=The class 'BubbleSort' does not implement the interface 'SortStrategy' as expected. Implement the interface and its methods., hasLongFeedbackText=false, reference=null, credits=0.0, positive=false, type=AUTOMATIC, visibility=ALWAYS, testCase=TestCaseDTO[testName=null, id=11]], FeedbackDTO[id=73, text=null, detailText=MergeSort does not sort correctly, hasLongFeedbackText=false, reference=null, credits=0.0, positive=false, type=AUTOMATIC, visibility=ALWAYS, testCase=TestCaseDTO[testName=null, id=16]], FeedbackDTO[id=74, text=null, detailText=The class 'Context' was not found within the submission. Make sure to implement it properly., hasLongFeedbackText=false, reference=null, credits=0.0, positive=false, type=AUTOMATIC, visibility=ALWAYS, testCase=TestCaseDTO[testName=null, id=17]], FeedbackDTO[id=75, text=null, detailText=The class 'Context' was not found within the submission. Make sure to implement it properly., hasLongFeedbackText=false, reference=null, credits=0.0, positive=false, type=AUTOMATIC, visibility=ALWAYS, testCase=TestCaseDTO[testName=null, id=18]], FeedbackDTO[id=76, text=null, detailText=The exercise expects a class with the name Policy in the package testpackage. You did not implement the class in the exercise., hasLongFeedbackText=false, reference=null, credits=0.0, positive=false, type=AUTOMATIC, visibility=ALWAYS, testCase=TestCaseDTO[testName=null, id=12]], FeedbackDTO[id=77, text=null, detailText=The exercise expects a class with the name Context in the package testpackage. You did not implement the class in the exercise., hasLongFeedbackText=false, reference=null, credits=0.0, positive=false, type=AUTOMATIC, visibility=ALWAYS, testCase=TestCaseDTO[testName=null, id=8]], FeedbackDTO[id=78, text=null, detailText=The exercise expects a class with the name Policy in the package testpackage. You did not implement the class in the exercise., hasLongFeedbackText=false, reference=null, credits=0.0, positive=false, type=AUTOMATIC, visibility=ALWAYS, testCase=TestCaseDTO[testName=null, id=9]], FeedbackDTO[id=79, text=null, detailText=null, hasLongFeedbackText=false, reference=null, credits=3.230769230769231, positive=true, type=AUTOMATIC, visibility=ALWAYS, testCase=TestCaseDTO[testName=null, id=19]]], assessmentType=AUTOMATIC, hasComplaint=null, exampleResult=null, testCaseCount=13, passedTestCaseCount=1, codeIssueCount=0]], BuildJobQueueItem[id=4651739576569330, name=SHORTB06DD3F905F4604F6E085260D83ED657A6DFTSTEXC-LOCALCIINTSTUDENT1, buildAgent=BuildAgentDTO[name=artemis-build-agent-test, memberAddress=[127.0.0.1]:5703, displayName=artemis-build-agent-test], participationId=465, courseId=148, exerciseId=299, retryCount=0, priority=2, status=SUCCESSFUL, repositoryInfo=RepositoryInfo[repositoryName=shortb06dd3f905f4604f6e085260d83ed657a6dftstexc-localciintstudent1, repositoryType=user, triggeredByPushTo=user, assignmentRepositoryUri=http://localhost:49152/git/SHORTB06DD3F905F4604F6E085260D83ED657A6DFTSTEXC/shortb06dd3f905f4604f6e085260d83ed657a6dftstexc-localciintstudent1.git, testRepositoryUri=http://localhost:49152/git/SHORTB06DD3F905F4604F6E085260D83ED657A6DFTSTEXC/shortb06dd3f905f4604f6e085260d83ed657a6dftstexc-tests.git, solutionRepositoryUri=null, auxiliaryRepositoryUris=[Ljava.lang.String;@15dbb6d0, auxiliaryRepositoryCheckoutDirectories=[Ljava.lang.String;@6cede01c], jobTimingInfo=JobTimingInfo[submissionDate=2025-02-14T23:42:49.330093960Z[Etc/UTC], buildStartDate=2025-02-14T23:42:49.347797345Z[Etc/UTC], buildCompletionDate=2025-02-14T23:42:51.204319751Z[Etc/UTC], estimatedCompletionDate=2025-02-14T23:43:08.347788449Z[Etc/UTC], estimatedDuration=19], buildConfig=BuildConfig[buildScript=#!/bin/bash
cd /var/tmp/testing-dir
chmod +x ./gradlew
./gradlew clean test
, dockerImage=dummy-docker-image:latest, commitHashToBuild=41581fff25954d36cf07586926ee0c77d1003131, assignmentCommitHash=41581fff25954d36cf07586926ee0c77d1003131, testCommitHash=41581fff25954d36cf07586926ee0c77d1003131, branch=main, programmingLanguage=JAVA, projectType=PLAIN_GRADLE, scaEnabled=false, sequentialTestRunsEnabled=false, resultPaths=[/var/tmp/testing-dir/**/test-results/test/*.xml], timeoutSeconds=0, assignmentCheckoutPath=null, testCheckoutPath=null, solutionCheckoutPath=null, dockerRunConfig=null], submissionResult=ResultDTO[id=133, completionDate=2025-02-14T23:42:51.155372920Z[Etc/UTC], successful=false, score=7.7, rated=true, submission=SubmissionDTO[id=120, submitted=true, type=MANUAL, exampleSubmission=null, submissionDate=2025-02-14T23:42:49.321855Z, commitHash=41581fff25954d36cf07586926ee0c77d1003131, buildFailed=false, buildArtifact=false, participation=ParticipationDTO[id=465, testRun=false, type=programming, submissionCount=null, exercise=ParticipationExerciseDTO[id=299, exerciseType=PROGRAMMING, type=programming, assessmentType=AUTOMATIC, dueDate=2025-02-16T23:42:49.163661Z, assessmentDueDate=null, maxPoints=42.0, course=CourseDTO[id=148, accuracyOfScores=1]]], submissionExerciseType=programming, isProcessing=false, buildStartDate=null, estimatedCompletionDate=null], participation=ParticipationDTO[id=465, testRun=false, type=programming, submissionCount=null, exercise=ParticipationExerciseDTO[id=299, exerciseType=PROGRAMMING, type=programming, assessmentType=AUTOMATIC, dueDate=2025-02-16T23:42:49.163661Z, assessmentDueDate=null, maxPoints=42.0, course=CourseDTO[id=148, accuracyOfScores=1]]], feedbacks=[FeedbackDTO[id=80, text=null, detailText=The exercise expects a class with the name Context in the package testpackage. You did not implement the class in the exercise., hasLongFeedbackText=false, reference=null, credits=0.0, positive=false, type=AUTOMATIC, visibility=ALWAYS, testCase=TestCaseDTO[testName=null, id=26]], FeedbackDTO[id=81, text=null, detailText=The exercise expects a class with the name Policy in the package testpackage. You did not implement the class in the exercise., hasLongFeedbackText=false, reference=null, credits=0.0, positive=false, type=AUTOMATIC, visibility=ALWAYS, testCase=TestCaseDTO[testName=null, id=27]], FeedbackDTO[id=82, text=null, detailText=The exercise expects a class with the name SortStrategy in the package testpackage. You did not implement the class in the exercise., hasLongFeedbackText=false, reference=null, credits=0.0, positive=false, type=AUTOMATIC, visibility=ALWAYS, testCase=TestCaseDTO[testName=null, id=28]], FeedbackDTO[id=83, text=null, detailText=The class 'MergeSort' does not implement the interface 'SortStrategy' as expected. Implement the interface and its methods., hasLongFeedbackText=false, reference=null, credits=0.0, positive=false, type=AUTOMATIC, visibility=ALWAYS, testCase=TestCaseDTO[testName=null, id=23]], FeedbackDTO[id=84, text=null, detailText=The exercise expects a class with the name SortStrategy in the package testpackage. You did not implement the class in the exercise., hasLongFeedbackText=false, reference=null, credits=0.0, positive=false, type=AUTOMATIC, visibility=ALWAYS, testCase=TestCaseDTO[testName=null, id=20]], FeedbackDTO[id=85, text=null, detailText=The class 'BubbleSort' does not implement the interface 'SortStrategy' as expected. Implement the interface and its methods., hasLongFeedbackText=false, reference=null, credits=0.0, positive=false, type=AUTOMATIC, visibility=ALWAYS, testCase=TestCaseDTO[testName=null, id=24]], FeedbackDTO[id=86, text=null, detailText=MergeSort does not sort correctly, hasLongFeedbackText=false, reference=null, credits=0.0, positive=false, type=AUTOMATIC, visibility=ALWAYS, testCase=TestCaseDTO[testName=null, id=29]], FeedbackDTO[id=87, text=null, detailText=The class 'Context' was not found within the submission. Make sure to implement it properly., hasLongFeedbackText=false, reference=null, credits=0.0, positive=false, type=AUTOMATIC, visibility=ALWAYS, testCase=TestCaseDTO[testName=null, id=30]], FeedbackDTO[id=88, text=null, detailText=The class 'Context' was not found within the submission. Make sure to implement it properly., hasLongFeedbackText=false, reference=null, credits=0.0, positive=false, type=AUTOMATIC, visibility=ALWAYS, testCase=TestCaseDTO[testName=null, id=31]], FeedbackDTO[id=89, text=null, detailText=The exercise expects a class with the name Policy in the package testpackage. You did not implement the class in the exercise., hasLongFeedbackText=false, reference=null, credits=0.0, positive=false, type=AUTOMATIC, visibility=ALWAYS, testCase=TestCaseDTO[testName=null, id=25]], FeedbackDTO[id=90, text=null, detailText=The exercise expects a class with the name Context in the package testpackage. You did not implement the class in the exercise., hasLongFeedbackText=false, reference=null, credits=0.0, positive=false, type=AUTOMATIC, visibility=ALWAYS, testCase=TestCaseDTO[testName=null, id=21]], FeedbackDTO[id=91, text=null, detailText=The exercise expects a class with the name Policy in the package testpackage. You did not implement the class in the exercise., hasLongFeedbackText=false, reference=null, credits=0.0, positive=false, type=AUTOMATIC, visibility=ALWAYS, testCase=TestCaseDTO[testName=null, id=22]], FeedbackDTO[id=92, text=null, detailText=null, hasLongFeedbackText=false, reference=null, credits=3.230769230769231, positive=true, type=AUTOMATIC, visibility=ALWAYS, testCase=TestCaseDTO[testName=null, id=32]]], assessmentType=AUTOMATIC, hasComplaint=null, exampleResult=null, testCaseCount=13, passedTestCaseCount=1, codeIssueCount=0]], BuildJobQueueItem[id=4681739576573068, name=SHORTBCF65534040390488B0A46605F5F3776B89ATSTEXC-LOCALCIINTSTUDENT1, buildAgent=BuildAgentDTO[name=artemis-build-agent-test, memberAddress=[127.0.0.1]:5703, displayName=artemis-build-agent-test], participationId=468, courseId=149, exerciseId=300, retryCount=0, priority=2, status=SUCCESSFUL, repositoryInfo=RepositoryInfo[repositoryName=shortbcf65534040390488b0a46605f5f3776b89atstexc-localciintstudent1, repositoryType=user, triggeredByPushTo=user, assignmentRepositoryUri=http://localhost:49152/git/SHORTBCF65534040390488B0A46605F5F3776B89ATSTEXC/shortbcf65534040390488b0a46605f5f3776b89atstexc-localciintstudent1.git, testRepositoryUri=http://localhost:49152/git/SHORTBCF65534040390488B0A46605F5F3776B89ATSTEXC/shortbcf65534040390488b0a46605f5f3776b89atstexc-tests.git, solutionRepositoryUri=null, auxiliaryRepositoryUris=[Ljava.lang.String;@46bfc75c, auxiliaryRepositoryCheckoutDirectories=[Ljava.lang.String;@164a1fbf], jobTimingInfo=JobTimingInfo[submissionDate=2025-02-14T23:42:53.068019209Z[Etc/UTC], buildStartDate=2025-02-14T23:42:53.092867394Z[Etc/UTC], buildCompletionDate=2025-02-14T23:42:55.086950323Z[Etc/UTC], estimatedCompletionDate=2025-02-14T23:43:12.092858828Z[Etc/UTC], estimatedDuration=19], buildConfig=BuildConfig[buildScript=#!/bin/bash
cd /var/tmp/testing-dir
chmod +x ./gradlew
./gradlew clean test
, dockerImage=dummy-docker-image:latest, commitHashToBuild=2d5c0482fc77d3f5ec0841962528a43054e83170, assignmentCommitHash=2d5c0482fc77d3f5ec0841962528a43054e83170, testCommitHash=7477e25d56ce5fee2c938542a7e7ed4ed085d373, branch=main, programmingLanguage=JAVA, projectType=PLAIN_GRADLE, scaEnabled=false, sequentialTestRunsEnabled=false, resultPaths=[/var/tmp/testing-dir/**/test-results/test/*.xml], timeoutSeconds=0, assignmentCheckoutPath=null, testCheckoutPath=null, solutionCheckoutPath=null, dockerRunConfig=null], submissionResult=ResultDTO[id=134, completionDate=2025-02-14T23:42:55.059618627Z[Etc/UTC], successful=false, score=7.7, rated=true, submission=SubmissionDTO[id=121, submitted=true, type=MANUAL, exampleSubmission=null, submissionDate=2025-02-14T23:42:53.048221Z, commitHash=2d5c0482fc77d3f5ec0841962528a43054e83170, buildFailed=false, buildArtifact=false, participation=ParticipationDTO[id=468, testRun=false, type=programming, submissionCount=null, exercise=ParticipationExerciseDTO[id=300, exerciseType=PROGRAMMING, type=programming, assessmentType=AUTOMATIC, dueDate=2025-02-16T23:42:52.873722Z, assessmentDueDate=null, maxPoints=42.0, course=CourseDTO[id=149, accuracyOfScores=1]]], submissionExerciseType=programming, isProcessing=false, buildStartDate=null, estimatedCompletionDate=null], participation=ParticipationDTO[id=468, testRun=false, type=programming, submissionCount=null, exercise=ParticipationExerciseDTO[id=300, exerciseType=PROGRAMMING, type=programming, assessmentType=AUTOMATIC, dueDate=2025-02-16T23:42:52.873722Z, assessmentDueDate=null, maxPoints=42.0, course=CourseDTO[id=149, accuracyOfScores=1]]], feedbacks=[FeedbackDTO[id=93, text=null, detailText=The exercise expects a class with the name Context in the package testpackage. You did not implement the class in the exercise., hasLongFeedbackText=false, reference=null, credits=0.0, positive=false, type=AUTOMATIC, visibility=ALWAYS, testCase=TestCaseDTO[testName=null, id=39]], FeedbackDTO[id=94, text=null, detailText=The exercise expects a class with the name Policy in the package testpackage. You did not implement the class in the exercise., hasLongFeedbackText=false, reference=null, credits=0.0, positive=false, type=AUTOMATIC, visibility=ALWAYS, testCase=TestCaseDTO[testName=null, id=40]], FeedbackDTO[id=95, text=null, detailText=The exercise expects a class with the name SortStrategy in the package testpackage. You did not implement the class in the exercise., hasLongFeedbackText=false, reference=null, credits=0.0, positive=false, type=AUTOMATIC, visibility=ALWAYS, testCase=TestCaseDTO[testName=null, id=41]], FeedbackDTO[id=96, text=null, detailText=The class 'MergeSort' does not implement the interface 'SortStrategy' as expected. Implement the interface and its methods., hasLongFeedbackText=false, reference=null, credits=0.0, positive=false, type=AUTOMATIC, visibility=ALWAYS, testCase=TestCaseDTO[testName=null, id=36]], FeedbackDTO[id=97, text=null, detailText=The exercise expects a class with the name SortStrategy in the package testpackage. You did not implement the class in the exercise., hasLongFeedbackText=false, reference=null, credits=0.0, positive=false, type=AUTOMATIC, visibility=ALWAYS, testCase=TestCaseDTO[testName=null, id=33]], FeedbackDTO[id=98, text=null, detailText=The class 'BubbleSort' does not implement the interface 'SortStrategy' as expected. Implement the interface and its methods., hasLongFeedbackText=false, reference=null, credits=0.0, positive=false, type=AUTOMATIC, visibility=ALWAYS, testCase=TestCaseDTO[testName=null, id=37]], FeedbackDTO[id=99, text=null, detailText=MergeSort does not sort correctly, hasLongFeedbackText=false, reference=null, credits=0.0, positive=false, type=AUTOMATIC, visibility=ALWAYS, testCase=TestCaseDTO[testName=null, id=42]], FeedbackDTO[id=100, text=null, detailText=The class 'Context' was not found within the submission. Make sure to implement it properly., hasLongFeedbackText=false, reference=null, credits=0.0, positive=false, type=AUTOMATIC, visibility=ALWAYS, testCase=TestCaseDTO[testName=null, id=43]], FeedbackDTO[id=101, text=null, detailText=The class 'Context' was not found within the submission. Make sure to implement it properly., hasLongFeedbackText=false, reference=null, credits=0.0, positive=false, type=AUTOMATIC, visibility=ALWAYS, testCase=TestCaseDTO[testName=null, id=44]], FeedbackDTO[id=102, text=null, detailText=The exercise expects a class with the name Policy in the package testpackage. You did not implement the class in the exercise., hasLongFeedbackText=false, reference=null, credits=0.0, positive=false, type=AUTOMATIC, visibility=ALWAYS, testCase=TestCaseDTO[testName=null, id=38]], FeedbackDTO[id=103, text=null, detailText=The exercise expects a class with the name Context in the package testpackage. You did not implement the class in the exercise., hasLongFeedbackText=false, reference=null, credits=0.0, positive=false, type=AUTOMATIC, visibility=ALWAYS, testCase=TestCaseDTO[testName=null, id=34]], FeedbackDTO[id=104, text=null, detailText=The exercise expects a class with the name Policy in the package testpackage. You did not implement the class in the exercise., hasLongFeedbackText=false, reference=null, credits=0.0, positive=false, type=AUTOMATIC, visibility=ALWAYS, testCase=TestCaseDTO[testName=null, id=35]], FeedbackDTO[id=105, text=null, detailText=null, hasLongFeedbackText=false, reference=null, credits=3.230769230769231, positive=true, type=AUTOMATIC, visibility=ALWAYS, testCase=TestCaseDTO[testName=null, id=45]]], assessmentType=AUTOMATIC, hasComplaint=null, exampleResult=null, testCaseCount=13, passedTestCaseCount=1, codeIssueCount=0]]], publicSshKey=ssh-rsa AAAAB3NzaC1yc2EAAAADAQABAAACAQCOPdMsxRE2jFJ/UEa5/LsBxtwzJcrh3/rYBCQvcMeVpiRfhzQPWu7mrt/G2Ew+i+vRloGH9aqKg6dd1liRncao53Zmd/ePxoatXePNhmzTfkCkcSkTUz7B+QMjkoDDV5jwuFPD6mF3JkhuzSi64n9Zy905t4w2IhVcjM2mL3eYNjiCXt6Qpq3Pkt7dM/Ksw1nxnvuiIALuJLB3FTkXkHqq3PJav+9HSq2r6ZaWgekneaGxlQlb+U+Vy3XOuArKAzK8c8i+0bR+AHiTG6ncYXt7ax3U+TdlDTF7OLP3umwaYjs1NBXOHwG42pevvpKn2fqavZZozk+M05jXLx3bq0O7itxfErWc7etky8qYPyyIMF/txQIVLd78+Ze4d7Y60t5MGbXM5cGE6fFif5fEJwgswXD+BrG0cafz1CTatjSKFdvp8Vp4VszXhHDan1PrP6JEFJ5Cc5GDmLRZPCFa3vL9f5qXgf4bkqKN8MYeEujwJE5nMRWoiJVNakix2bcrrneQMBlnYeYZVWXXXUusAQBzl4NgddC1umZpihZkL1b1MffZAUW3EGEXi7KHnllQhkTLLsQ8ntMgbylqaJKStqaXlLvdeRJcEnUuiFCrHEVVbXRFZR7XVDZ02CE5o3MuaRPty8Kh+jRTF3COlAckHwYEJCNNJvXFgb2CNXL4mjzYDw== test@localhost]
    23:42:55.146 | 566 localvc.event-13 | DEBUG | s.l.LocalCIWebsocketMessagingService : Sending message on topic /topic/admin/build-agents: [BuildAgentInformation[buildAgent=BuildAgentDTO[name=artemis-build-agent-test, memberAddress=[127.0.0.1]:5703, displayName=artemis-build-agent-test], maxNumberOfConcurrentBuildJobs=1, numberOfCurrentBuildJobs=0, runningBuildJobs=[], status=IDLE, recentBuildJobs=null, publicSshKey=null]]
    23:42:55.150 | 566 localvc.event-13 | DEBUG | s.l.LocalCIWebsocketMessagingService : Sending message on topic /topic/admin/build-agent/artemis-build-agent-test: BuildAgentInformation[buildAgent=BuildAgentDTO[name=artemis-build-agent-test, memberAddress=[127.0.0.1]:5703, displayName=artemis-build-agent-test], maxNumberOfConcurrentBuildJobs=1, numberOfCurrentBuildJobs=0, runningBuildJobs=[], status=IDLE, recentBuildJobs=[BuildJobQueueItem[id=4621739576562326, name=SHORT43ACF76B02BC1044B80938509D14043FABDETSTEXC-LOCALCIINTSTUDENT1, buildAgent=BuildAgentDTO[name=artemis-build-agent-test, memberAddress=[127.0.0.1]:5703, displayName=artemis-build-agent-test], participationId=462, courseId=147, exerciseId=298, retryCount=0, priority=2, status=SUCCESSFUL, repositoryInfo=RepositoryInfo[repositoryName=short43acf76b02bc1044b80938509d14043fabdetstexc-localciintstudent1, repositoryType=user, triggeredByPushTo=user, assignmentRepositoryUri=http://localhost:49152/git/SHORT43ACF76B02BC1044B80938509D14043FABDETSTEXC/short43acf76b02bc1044b80938509d14043fabdetstexc-localciintstudent1.git, testRepositoryUri=http://localhost:49152/git/SHORT43ACF76B02BC1044B80938509D14043FABDETSTEXC/short43acf76b02bc1044b80938509d14043fabdetstexc-tests.git, solutionRepositoryUri=null, auxiliaryRepositoryUris=[Ljava.lang.String;@65bc098a, auxiliaryRepositoryCheckoutDirectories=[Ljava.lang.String;@234d4565], jobTimingInfo=JobTimingInfo[submissionDate=2025-02-14T23:42:42.326978596Z[Etc/UTC], buildStartDate=2025-02-14T23:42:42.420147010Z[Etc/UTC], buildCompletionDate=2025-02-14T23:42:45.573855829Z[Etc/UTC], estimatedCompletionDate=2025-02-14T23:43:01.420129377Z[Etc/UTC], estimatedDuration=19], buildConfig=BuildConfig[buildScript=#!/bin/bash
cd /var/tmp/testing-dir
chmod +x ./gradlew
./gradlew clean test
, dockerImage=dummy-docker-image:latest, commitHashToBuild=a9c717ccf7bcbe9531d3eee21dbaeb5aab2ff971, assignmentCommitHash=a9c717ccf7bcbe9531d3eee21dbaeb5aab2ff971, testCommitHash=a9c717ccf7bcbe9531d3eee21dbaeb5aab2ff971, branch=main, programmingLanguage=JAVA, projectType=PLAIN_GRADLE, scaEnabled=false, sequentialTestRunsEnabled=false, resultPaths=[/var/tmp/testing-dir/**/test-results/test/*.xml], timeoutSeconds=0, assignmentCheckoutPath=null, testCheckoutPath=null, solutionCheckoutPath=null, dockerRunConfig=DockerRunConfig[isNetworkDisabled=true, env=[key=value]]], submissionResult=ResultDTO[id=132, completionDate=2025-02-14T23:42:45.519869118Z[Etc/UTC], successful=false, score=7.7, rated=true, submission=SubmissionDTO[id=119, submitted=true, type=MANUAL, exampleSubmission=null, submissionDate=2025-02-14T23:42:42.302762Z, commitHash=a9c717ccf7bcbe9531d3eee21dbaeb5aab2ff971, buildFailed=false, buildArtifact=false, participation=ParticipationDTO[id=462, testRun=false, type=programming, submissionCount=null, exercise=ParticipationExerciseDTO[id=298, exerciseType=PROGRAMMING, type=programming, assessmentType=AUTOMATIC, dueDate=2025-02-16T23:42:41.553955Z, assessmentDueDate=null, maxPoints=42.0, course=CourseDTO[id=147, accuracyOfScores=1]]], submissionExerciseType=programming, isProcessing=false, buildStartDate=null, estimatedCompletionDate=null], participation=ParticipationDTO[id=462, testRun=false, type=programming, submissionCount=null, exercise=ParticipationExerciseDTO[id=298, exerciseType=PROGRAMMING, type=programming, assessmentType=AUTOMATIC, dueDate=2025-02-16T23:42:41.553955Z, assessmentDueDate=null, maxPoints=42.0, course=CourseDTO[id=147, accuracyOfScores=1]]], feedbacks=[FeedbackDTO[id=67, text=null, detailText=The exercise expects a class with the name Context in the package testpackage. You did not implement the class in the exercise., hasLongFeedbackText=false, reference=null, credits=0.0, positive=false, type=AUTOMATIC, visibility=ALWAYS, testCase=TestCaseDTO[testName=null, id=13]], FeedbackDTO[id=68, text=null, detailText=The exercise expects a class with the name Policy in the package testpackage. You did not implement the class in the exercise., hasLongFeedbackText=false, reference=null, credits=0.0, positive=false, type=AUTOMATIC, visibility=ALWAYS, testCase=TestCaseDTO[testName=null, id=14]], FeedbackDTO[id=69, text=null, detailText=The exercise expects a class with the name SortStrategy in the package testpackage. You did not implement the class in the exercise., hasLongFeedbackText=false, reference=null, credits=0.0, positive=false, type=AUTOMATIC, visibility=ALWAYS, testCase=TestCaseDTO[testName=null, id=15]], FeedbackDTO[id=70, text=null, detailText=The class 'MergeSort' does not implement the interface 'SortStrategy' as expected. Implement the interface and its methods., hasLongFeedbackText=false, reference=null, credits=0.0, positive=false, type=AUTOMATIC, visibility=ALWAYS, testCase=TestCaseDTO[testName=null, id=10]], FeedbackDTO[id=71, text=null, detailText=The exercise expects a class with the name SortStrategy in the package testpackage. You did not implement the class in the exercise., hasLongFeedbackText=false, reference=null, credits=0.0, positive=false, type=AUTOMATIC, visibility=ALWAYS, testCase=TestCaseDTO[testName=null, id=7]], FeedbackDTO[id=72, text=null, detailText=The class 'BubbleSort' does not implement the interface 'SortStrategy' as expected. Implement the interface and its methods., hasLongFeedbackText=false, reference=null, credits=0.0, positive=false, type=AUTOMATIC, visibility=ALWAYS, testCase=TestCaseDTO[testName=null, id=11]], FeedbackDTO[id=73, text=null, detailText=MergeSort does not sort correctly, hasLongFeedbackText=false, reference=null, credits=0.0, positive=false, type=AUTOMATIC, visibility=ALWAYS, testCase=TestCaseDTO[testName=null, id=16]], FeedbackDTO[id=74, text=null, detailText=The class 'Context' was not found within the submission. Make sure to implement it properly., hasLongFeedbackText=false, reference=null, credits=0.0, positive=false, type=AUTOMATIC, visibility=ALWAYS, testCase=TestCaseDTO[testName=null, id=17]], FeedbackDTO[id=75, text=null, detailText=The class 'Context' was not found within the submission. Make sure to implement it properly., hasLongFeedbackText=false, reference=null, credits=0.0, positive=false, type=AUTOMATIC, visibility=ALWAYS, testCase=TestCaseDTO[testName=null, id=18]], FeedbackDTO[id=76, text=null, detailText=The exercise expects a class with the name Policy in the package testpackage. You did not implement the class in the exercise., hasLongFeedbackText=false, reference=null, credits=0.0, positive=false, type=AUTOMATIC, visibility=ALWAYS, testCase=TestCaseDTO[testName=null, id=12]], FeedbackDTO[id=77, text=null, detailText=The exercise expects a class with the name Context in the package testpackage. You did not implement the class in the exercise., hasLongFeedbackText=false, reference=null, credits=0.0, positive=false, type=AUTOMATIC, visibility=ALWAYS, testCase=TestCaseDTO[testName=null, id=8]], FeedbackDTO[id=78, text=null, detailText=The exercise expects a class with the name Policy in the package testpackage. You did not implement the class in the exercise., hasLongFeedbackText=false, reference=null, credits=0.0, positive=false, type=AUTOMATIC, visibility=ALWAYS, testCase=TestCaseDTO[testName=null, id=9]], FeedbackDTO[id=79, text=null, detailText=null, hasLongFeedbackText=false, reference=null, credits=3.230769230769231, positive=true, type=AUTOMATIC, visibility=ALWAYS, testCase=TestCaseDTO[testName=null, id=19]]], assessmentType=AUTOMATIC, hasComplaint=null, exampleResult=null, testCaseCount=13, passedTestCaseCount=1, codeIssueCount=0]], BuildJobQueueItem[id=4651739576569330, name=SHORTB06DD3F905F4604F6E085260D83ED657A6DFTSTEXC-LOCALCIINTSTUDENT1, buildAgent=BuildAgentDTO[name=artemis-build-agent-test, memberAddress=[127.0.0.1]:5703, displayName=artemis-build-agent-test], participationId=465, courseId=148, exerciseId=299, retryCount=0, priority=2, status=SUCCESSFUL, repositoryInfo=RepositoryInfo[repositoryName=shortb06dd3f905f4604f6e085260d83ed657a6dftstexc-localciintstudent1, repositoryType=user, triggeredByPushTo=user, assignmentRepositoryUri=http://localhost:49152/git/SHORTB06DD3F905F4604F6E085260D83ED657A6DFTSTEXC/shortb06dd3f905f4604f6e085260d83ed657a6dftstexc-localciintstudent1.git, testRepositoryUri=http://localhost:49152/git/SHORTB06DD3F905F4604F6E085260D83ED657A6DFTSTEXC/shortb06dd3f905f4604f6e085260d83ed657a6dftstexc-tests.git, solutionRepositoryUri=null, auxiliaryRepositoryUris=[Ljava.lang.String;@732cc5a, auxiliaryRepositoryCheckoutDirectories=[Ljava.lang.String;@57e1f755], jobTimingInfo=JobTimingInfo[submissionDate=2025-02-14T23:42:49.330093960Z[Etc/UTC], buildStartDate=2025-02-14T23:42:49.347797345Z[Etc/UTC], buildCompletionDate=2025-02-14T23:42:51.204319751Z[Etc/UTC], estimatedCompletionDate=2025-02-14T23:43:08.347788449Z[Etc/UTC], estimatedDuration=19], buildConfig=BuildConfig[buildScript=#!/bin/bash
cd /var/tmp/testing-dir
chmod +x ./gradlew
./gradlew clean test
, dockerImage=dummy-docker-image:latest, commitHashToBuild=41581fff25954d36cf07586926ee0c77d1003131, assignmentCommitHash=41581fff25954d36cf07586926ee0c77d1003131, testCommitHash=41581fff25954d36cf07586926ee0c77d1003131, branch=main, programmingLanguage=JAVA, projectType=PLAIN_GRADLE, scaEnabled=false, sequentialTestRunsEnabled=false, resultPaths=[/var/tmp/testing-dir/**/test-results/test/*.xml], timeoutSeconds=0, assignmentCheckoutPath=null, testCheckoutPath=null, solutionCheckoutPath=null, dockerRunConfig=null], submissionResult=ResultDTO[id=133, completionDate=2025-02-14T23:42:51.155372920Z[Etc/UTC], successful=false, score=7.7, rated=true, submission=SubmissionDTO[id=120, submitted=true, type=MANUAL, exampleSubmission=null, submissionDate=2025-02-14T23:42:49.321855Z, commitHash=41581fff25954d36cf07586926ee0c77d1003131, buildFailed=false, buildArtifact=false, participation=ParticipationDTO[id=465, testRun=false, type=programming, submissionCount=null, exercise=ParticipationExerciseDTO[id=299, exerciseType=PROGRAMMING, type=programming, assessmentType=AUTOMATIC, dueDate=2025-02-16T23:42:49.163661Z, assessmentDueDate=null, maxPoints=42.0, course=CourseDTO[id=148, accuracyOfScores=1]]], submissionExerciseType=programming, isProcessing=false, buildStartDate=null, estimatedCompletionDate=null], participation=ParticipationDTO[id=465, testRun=false, type=programming, submissionCount=null, exercise=ParticipationExerciseDTO[id=299, exerciseType=PROGRAMMING, type=programming, assessmentType=AUTOMATIC, dueDate=2025-02-16T23:42:49.163661Z, assessmentDueDate=null, maxPoints=42.0, course=CourseDTO[id=148, accuracyOfScores=1]]], feedbacks=[FeedbackDTO[id=80, text=null, detailText=The exercise expects a class with the name Context in the package testpackage. You did not implement the class in the exercise., hasLongFeedbackText=false, reference=null, credits=0.0, positive=false, type=AUTOMATIC, visibility=ALWAYS, testCase=TestCaseDTO[testName=null, id=26]], FeedbackDTO[id=81, text=null, detailText=The exercise expects a class with the name Policy in the package testpackage. You did not implement the class in the exercise., hasLongFeedbackText=false, reference=null, credits=0.0, positive=false, type=AUTOMATIC, visibility=ALWAYS, testCase=TestCaseDTO[testName=null, id=27]], FeedbackDTO[id=82, text=null, detailText=The exercise expects a class with the name SortStrategy in the package testpackage. You did not implement the class in the exercise., hasLongFeedbackText=false, reference=null, credits=0.0, positive=false, type=AUTOMATIC, visibility=ALWAYS, testCase=TestCaseDTO[testName=null, id=28]], FeedbackDTO[id=83, text=null, detailText=The class 'MergeSort' does not implement the interface 'SortStrategy' as expected. Implement the interface and its methods., hasLongFeedbackText=false, reference=null, credits=0.0, positive=false, type=AUTOMATIC, visibility=ALWAYS, testCase=TestCaseDTO[testName=null, id=23]], FeedbackDTO[id=84, text=null, detailText=The exercise expects a class with the name SortStrategy in the package testpackage. You did not implement the class in the exercise., hasLongFeedbackText=false, reference=null, credits=0.0, positive=false, type=AUTOMATIC, visibility=ALWAYS, testCase=TestCaseDTO[testName=null, id=20]], FeedbackDTO[id=85, text=null, detailText=The class 'BubbleSort' does not implement the interface 'SortStrategy' as expected. Implement the interface and its methods., hasLongFeedbackText=false, reference=null, credits=0.0, positive=false, type=AUTOMATIC, visibility=ALWAYS, testCase=TestCaseDTO[testName=null, id=24]], FeedbackDTO[id=86, text=null, detailText=MergeSort does not sort correctly, hasLongFeedbackText=false, reference=null, credits=0.0, positive=false, type=AUTOMATIC, visibility=ALWAYS, testCase=TestCaseDTO[testName=null, id=29]], FeedbackDTO[id=87, text=null, detailText=The class 'Context' was not found within the submission. Make sure to implement it properly., hasLongFeedbackText=false, reference=null, credits=0.0, positive=false, type=AUTOMATIC, visibility=ALWAYS, testCase=TestCaseDTO[testName=null, id=30]], FeedbackDTO[id=88, text=null, detailText=The class 'Context' was not found within the submission. Make sure to implement it properly., hasLongFeedbackText=false, reference=null, credits=0.0, positive=false, type=AUTOMATIC, visibility=ALWAYS, testCase=TestCaseDTO[testName=null, id=31]], FeedbackDTO[id=89, text=null, detailText=The exercise expects a class with the name Policy in the package testpackage. You did not implement the class in the exercise., hasLongFeedbackText=false, reference=null, credits=0.0, positive=false, type=AUTOMATIC, visibility=ALWAYS, testCase=TestCaseDTO[testName=null, id=25]], FeedbackDTO[id=90, text=null, detailText=The exercise expects a class with the name Context in the package testpackage. You did not implement the class in the exercise., hasLongFeedbackText=false, reference=null, credits=0.0, positive=false, type=AUTOMATIC, visibility=ALWAYS, testCase=TestCaseDTO[testName=null, id=21]], FeedbackDTO[id=91, text=null, detailText=The exercise expects a class with the name Policy in the package testpackage. You did not implement the class in the exercise., hasLongFeedbackText=false, reference=null, credits=0.0, positive=false, type=AUTOMATIC, visibility=ALWAYS, testCase=TestCaseDTO[testName=null, id=22]], FeedbackDTO[id=92, text=null, detailText=null, hasLongFeedbackText=false, reference=null, credits=3.230769230769231, positive=true, type=AUTOMATIC, visibility=ALWAYS, testCase=TestCaseDTO[testName=null, id=32]]], assessmentType=AUTOMATIC, hasComplaint=null, exampleResult=null, testCaseCount=13, passedTestCaseCount=1, codeIssueCount=0]], BuildJobQueueItem[id=4681739576573068, name=SHORTBCF65534040390488B0A46605F5F3776B89ATSTEXC-LOCALCIINTSTUDENT1, buildAgent=BuildAgentDTO[name=artemis-build-agent-test, memberAddress=[127.0.0.1]:5703, displayName=artemis-build-agent-test], participationId=468, courseId=149, exerciseId=300, retryCount=0, priority=2, status=SUCCESSFUL, repositoryInfo=RepositoryInfo[repositoryName=shortbcf65534040390488b0a46605f5f3776b89atstexc-localciintstudent1, repositoryType=user, triggeredByPushTo=user, assignmentRepositoryUri=http://localhost:49152/git/SHORTBCF65534040390488B0A46605F5F3776B89ATSTEXC/shortbcf65534040390488b0a46605f5f3776b89atstexc-localciintstudent1.git, testRepositoryUri=http://localhost:49152/git/SHORTBCF65534040390488B0A46605F5F3776B89ATSTEXC/shortbcf65534040390488b0a46605f5f3776b89atstexc-tests.git, solutionRepositoryUri=null, auxiliaryRepositoryUris=[Ljava.lang.String;@5214447a, auxiliaryRepositoryCheckoutDirectories=[Ljava.lang.String;@1bbb5530], jobTimingInfo=JobTimingInfo[submissionDate=2025-02-14T23:42:53.068019209Z[Etc/UTC], buildStartDate=2025-02-14T23:42:53.092867394Z[Etc/UTC], buildCompletionDate=2025-02-14T23:42:55.086950323Z[Etc/UTC], estimatedCompletionDate=2025-02-14T23:43:12.092858828Z[Etc/UTC], estimatedDuration=19], buildConfig=BuildConfig[buildScript=#!/bin/bash
cd /var/tmp/testing-dir
chmod +x ./gradlew
./gradlew clean test
, dockerImage=dummy-docker-image:latest, commitHashToBuild=2d5c0482fc77d3f5ec0841962528a43054e83170, assignmentCommitHash=2d5c0482fc77d3f5ec0841962528a43054e83170, testCommitHash=7477e25d56ce5fee2c938542a7e7ed4ed085d373, branch=main, programmingLanguage=JAVA, projectType=PLAIN_GRADLE, scaEnabled=false, sequentialTestRunsEnabled=false, resultPaths=[/var/tmp/testing-dir/**/test-results/test/*.xml], timeoutSeconds=0, assignmentCheckoutPath=null, testCheckoutPath=null, solutionCheckoutPath=null, dockerRunConfig=null], submissionResult=ResultDTO[id=134, completionDate=2025-02-14T23:42:55.059618627Z[Etc/UTC], successful=false, score=7.7, rated=true, submission=SubmissionDTO[id=121, submitted=true, type=MANUAL, exampleSubmission=null, submissionDate=2025-02-14T23:42:53.048221Z, commitHash=2d5c0482fc77d3f5ec0841962528a43054e83170, buildFailed=false, buildArtifact=false, participation=ParticipationDTO[id=468, testRun=false, type=programming, submissionCount=null, exercise=ParticipationExerciseDTO[id=300, exerciseType=PROGRAMMING, type=programming, assessmentType=AUTOMATIC, dueDate=2025-02-16T23:42:52.873722Z, assessmentDueDate=null, maxPoints=42.0, course=CourseDTO[id=149, accuracyOfScores=1]]], submissionExerciseType=programming, isProcessing=false, buildStartDate=null, estimatedCompletionDate=null], participation=ParticipationDTO[id=468, testRun=false, type=programming, submissionCount=null, exercise=ParticipationExerciseDTO[id=300, exerciseType=PROGRAMMING, type=programming, assessmentType=AUTOMATIC, dueDate=2025-02-16T23:42:52.873722Z, assessmentDueDate=null, maxPoints=42.0, course=CourseDTO[id=149, accuracyOfScores=1]]], feedbacks=[FeedbackDTO[id=93, text=null, detailText=The exercise expects a class with the name Context in the package testpackage. You did not implement the class in the exercise., hasLongFeedbackText=false, reference=null, credits=0.0, positive=false, type=AUTOMATIC, visibility=ALWAYS, testCase=TestCaseDTO[testName=null, id=39]], FeedbackDTO[id=94, text=null, detailText=The exercise expects a class with the name Policy in the package testpackage. You did not implement the class in the exercise., hasLongFeedbackText=false, reference=null, credits=0.0, positive=false, type=AUTOMATIC, visibility=ALWAYS, testCase=TestCaseDTO[testName=null, id=40]], FeedbackDTO[id=95, text=null, detailText=The exercise expects a class with the name SortStrategy in the package testpackage. You did not implement the class in the exercise., hasLongFeedbackText=false, reference=null, credits=0.0, positive=false, type=AUTOMATIC, visibility=ALWAYS, testCase=TestCaseDTO[testName=null, id=41]], FeedbackDTO[id=96, text=null, detailText=The class 'MergeSort' does not implement the interface 'SortStrategy' as expected. Implement the interface and its methods., hasLongFeedbackText=false, reference=null, credits=0.0, positive=false, type=AUTOMATIC, visibility=ALWAYS, testCase=TestCaseDTO[testName=null, id=36]], FeedbackDTO[id=97, text=null, detailText=The exercise expects a class with the name SortStrategy in the package testpackage. You did not implement the class in the exercise., hasLongFeedbackText=false, reference=null, credits=0.0, positive=false, type=AUTOMATIC, visibility=ALWAYS, testCase=TestCaseDTO[testName=null, id=33]], FeedbackDTO[id=98, text=null, detailText=The class 'BubbleSort' does not implement the interface 'SortStrategy' as expected. Implement the interface and its methods., hasLongFeedbackText=false, reference=null, credits=0.0, positive=false, type=AUTOMATIC, visibility=ALWAYS, testCase=TestCaseDTO[testName=null, id=37]], FeedbackDTO[id=99, text=null, detailText=MergeSort does not sort correctly, hasLongFeedbackText=false, reference=null, credits=0.0, positive=false, type=AUTOMATIC, visibility=ALWAYS, testCase=TestCaseDTO[testName=null, id=42]], FeedbackDTO[id=100, text=null, detailText=The class 'Context' was not found within the submission. Make sure to implement it properly., hasLongFeedbackText=false, reference=null, credits=0.0, positive=false, type=AUTOMATIC, visibility=ALWAYS, testCase=TestCaseDTO[testName=null, id=43]], FeedbackDTO[id=101, text=null, detailText=The class 'Context' was not found within the submission. Make sure to implement it properly., hasLongFeedbackText=false, reference=null, credits=0.0, positive=false, type=AUTOMATIC, visibility=ALWAYS, testCase=TestCaseDTO[testName=null, id=44]], FeedbackDTO[id=102, text=null, detailText=The exercise expects a class with the name Policy in the package testpackage. You did not implement the class in the exercise., hasLongFeedbackText=false, reference=null, credits=0.0, positive=false, type=AUTOMATIC, visibility=ALWAYS, testCase=TestCaseDTO[testName=null, id=38]], FeedbackDTO[id=103, text=null, detailText=The exercise expects a class with the name Context in the package testpackage. You did not implement the class in the exercise., hasLongFeedbackText=false, reference=null, credits=0.0, positive=false, type=AUTOMATIC, visibility=ALWAYS, testCase=TestCaseDTO[testName=null, id=34]], FeedbackDTO[id=104, text=null, detailText=The exercise expects a class with the name Policy in the package testpackage. You did not implement the class in the exercise., hasLongFeedbackText=false, reference=null, credits=0.0, positive=false, type=AUTOMATIC, visibility=ALWAYS, testCase=TestCaseDTO[testName=null, id=35]], FeedbackDTO[id=105, text=null, detailText=null, hasLongFeedbackText=false, reference=null, credits=3.230769230769231, positive=true, type=AUTOMATIC, visibility=ALWAYS, testCase=TestCaseDTO[testName=null, id=45]]], assessmentType=AUTOMATIC, hasComplaint=null, exampleResult=null, testCaseCount=13, passedTestCaseCount=1, codeIssueCount=0]]], publicSshKey=ssh-rsa AAAAB3NzaC1yc2EAAAADAQABAAACAQCOPdMsxRE2jFJ/UEa5/LsBxtwzJcrh3/rYBCQvcMeVpiRfhzQPWu7mrt/G2Ew+i+vRloGH9aqKg6dd1liRncao53Zmd/ePxoatXePNhmzTfkCkcSkTUz7B+QMjkoDDV5jwuFPD6mF3JkhuzSi64n9Zy905t4w2IhVcjM2mL3eYNjiCXt6Qpq3Pkt7dM/Ksw1nxnvuiIALuJLB3FTkXkHqq3PJav+9HSq2r6ZaWgekneaGxlQlb+U+Vy3XOuArKAzK8c8i+0bR+AHiTG6ncYXt7ax3U+TdlDTF7OLP3umwaYjs1NBXOHwG42pevvpKn2fqavZZozk+M05jXLx3bq0O7itxfErWc7etky8qYPyyIMF/txQIVLd78+Ze4d7Y60t5MGbXM5cGE6fFif5fEJwgswXD+BrG0cafz1CTatjSKFdvp8Vp4VszXhHDan1PrP6JEFJ5Cc5GDmLRZPCFa3vL9f5qXgf4bkqKN8MYeEujwJE5nMRWoiJVNakix2bcrrneQMBlnYeYZVWXXXUusAQBzl4NgddC1umZpihZkL1b1MffZAUW3EGEXi7KHnllQhkTLLsQ8ntMgbylqaJKStqaXlLvdeRJcEnUuiFCrHEVVbXRFZR7XVDZ02CE5o3MuaRPty8Kh+jRTF3COlAckHwYEJCNNJvXFgb2CNXL4mjzYDw== test@localhost]
    23:42:55.151 | 566 localvc.event-13 | DEBUG | a.p.s.l.SharedQueueManagementService : Build agent updated: null
    23:42:55.206 | 327 taskScheduler-2  | DEBUG | .a.s.ParticipantScoreScheduleService : Processing exercise 607 and participant 652 to update participant scores.
    23:42:55.207 | 326 taskScheduler-1  | DEBUG | .a.s.ParticipantScoreScheduleService : Processing exercise 609 and participant 2 to update participant scores.
    23:42:55.208 | 328 taskScheduler-3  | DEBUG | .a.s.ParticipantScoreScheduleService : Processing exercise 607 and participant 653 to update participant scores.
    23:42:55.208 | 329 taskScheduler-4  | DEBUG | .a.s.ParticipantScoreScheduleService : Processing exercise 607 and participant 654 to update participant scores.
    23:42:55.209 | 328 taskScheduler-3  | DEBUG | .a.s.ParticipantScoreScheduleService : Participant score 114 is already up-to-date, skipping.
    23:42:55.209 | 328 taskScheduler-3  | DEBUG | .a.s.ParticipantScoreScheduleService : Processing exercise 609 and participant 3 to update participant scores.
    23:42:55.210 | 329 taskScheduler-4  | DEBUG | .a.s.ParticipantScoreScheduleService : Participant score 115 is already up-to-date, skipping.
    23:42:55.210 | 329 taskScheduler-4  | DEBUG | .a.s.ParticipantScoreScheduleService : Processing exercise 168 and participant 203 to update participant scores.
    23:42:55.211 | 327 taskScheduler-2  | DEBUG | .a.s.ParticipantScoreScheduleService : Participant score 112 is already up-to-date, skipping.
    23:42:55.211 | 327 taskScheduler-2  | DEBUG | .a.s.ParticipantScoreScheduleService : Processing exercise 170 and participant 203 to update participant scores.
    23:42:55.212 | 326 taskScheduler-1  | DEBUG | .a.s.ParticipantScoreScheduleService : Participant score 113 is already up-to-date, skipping.
    23:42:55.212 | 326 taskScheduler-1  | DEBUG | .a.s.ParticipantScoreScheduleService : Processing exercise 180 and participant 1 to update participant scores.
    23:42:55.213 | 327 taskScheduler-2  | ERROR | .a.s.ParticipantScoreScheduleService : Exception while processing participant score for exercise 170 and participant 203 for participant scores:
org.springframework.dao.IncorrectResultSizeDataAccessException: Query did not return a unique result: 2 results were returned
	at org.springframework.orm.jpa.vendor.HibernateJpaDialect.convertHibernateAccessException(HibernateJpaDialect.java:301)
	at org.springframework.orm.jpa.vendor.HibernateJpaDialect.translateExceptionIfPossible(HibernateJpaDialect.java:244)
	at org.springframework.orm.jpa.AbstractEntityManagerFactoryBean.translateExceptionIfPossible(AbstractEntityManagerFactoryBean.java:560)
	at org.springframework.dao.support.ChainedPersistenceExceptionTranslator.translateExceptionIfPossible(ChainedPersistenceExceptionTranslator.java:61)
	at org.springframework.dao.support.DataAccessUtils.translateIfNecessary(DataAccessUtils.java:343)
	at org.springframework.dao.support.PersistenceExceptionTranslationInterceptor.invoke(PersistenceExceptionTranslationInterceptor.java:160)
	at org.springframework.aop.framework.ReflectiveMethodInvocation.proceed(ReflectiveMethodInvocation.java:184)
	at org.springframework.data.jpa.repository.support.CrudMethodMetadataPostProcessor$CrudMethodMetadataPopulatingMethodInterceptor.invoke(CrudMethodMetadataPostProcessor.java:136)
	at org.springframework.aop.framework.ReflectiveMethodInvocation.proceed(ReflectiveMethodInvocation.java:184)
	at org.springframework.aop.framework.JdkDynamicAopProxy.invoke(JdkDynamicAopProxy.java:223)
	at jdk.proxy3/jdk.proxy3.$Proxy366.findByExercise_IdAndUser_Id(Unknown Source)
	at de.tum.cit.aet.artemis.assessment.service.ParticipantScoreScheduleService.executeTask(ParticipantScoreScheduleService.java:286)
	at de.tum.cit.aet.artemis.assessment.service.ParticipantScoreScheduleService.lambda$scheduleTask$5(ParticipantScoreScheduleService.java:237)
	at org.springframework.scheduling.support.DelegatingErrorHandlingRunnable.run(DelegatingErrorHandlingRunnable.java:54)
	at java.base/java.util.concurrent.Executors$RunnableAdapter.call(Executors.java:572)
	at java.base/java.util.concurrent.FutureTask.run(FutureTask.java:317)
	at java.base/java.util.concurrent.ScheduledThreadPoolExecutor$ScheduledFutureTask.run(ScheduledThreadPoolExecutor.java:304)
	at java.base/java.util.concurrent.ThreadPoolExecutor.runWorker(ThreadPoolExecutor.java:1144)
	at java.base/java.util.concurrent.ThreadPoolExecutor$Worker.run(ThreadPoolExecutor.java:642)
	at java.base/java.lang.Thread.run(Thread.java:1583)
Caused by: org.hibernate.NonUniqueResultException: Query did not return a unique result: 2 results were returned
	at org.hibernate.query.spi.AbstractSelectionQuery.uniqueElement(AbstractSelectionQuery.java:586)
	at org.hibernate.query.spi.AbstractSelectionQuery.getSingleResult(AbstractSelectionQuery.java:570)
	at java.base/jdk.internal.reflect.DirectMethodHandleAccessor.invoke(DirectMethodHandleAccessor.java:103)
	at java.base/java.lang.reflect.Method.invoke(Method.java:580)
	at org.springframework.orm.jpa.SharedEntityManagerCreator$DeferredQueryInvocationHandler.invoke(SharedEntityManagerCreator.java:419)
	at jdk.proxy3/jdk.proxy3.$Proxy601.getSingleResult(Unknown Source)
	at org.springframework.data.jpa.repository.query.JpaQueryExecution$SingleEntityExecution.doExecute(JpaQueryExecution.java:224)
	at org.springframework.data.jpa.repository.query.JpaQueryExecution.execute(JpaQueryExecution.java:93)
	at org.springframework.data.jpa.repository.query.AbstractJpaQuery.doExecute(AbstractJpaQuery.java:152)
	at org.springframework.data.jpa.repository.query.AbstractJpaQuery.execute(AbstractJpaQuery.java:140)
	at org.springframework.data.repository.core.support.RepositoryMethodInvoker.doInvoke(RepositoryMethodInvoker.java:170)
	at org.springframework.data.repository.core.support.RepositoryMethodInvoker.invoke(RepositoryMethodInvoker.java:158)
	at org.springframework.data.repository.core.support.QueryExecutorMethodInterceptor.doInvoke(QueryExecutorMethodInterceptor.java:170)
	at org.springframework.data.repository.core.support.QueryExecutorMethodInterceptor.invoke(QueryExecutorMethodInterceptor.java:149)
	at org.springframework.aop.framework.ReflectiveMethodInvocation.proceed(ReflectiveMethodInvocation.java:184)
	at org.springframework.data.projection.DefaultMethodInvokingMethodInterceptor.invoke(DefaultMethodInvokingMethodInterceptor.java:69)
	at org.springframework.aop.framework.ReflectiveMethodInvocation.proceed(ReflectiveMethodInvocation.java:184)
	at org.springframework.transaction.interceptor.TransactionAspectSupport.invokeWithinTransaction(TransactionAspectSupport.java:380)
	at org.springframework.transaction.interceptor.TransactionInterceptor.invoke(TransactionInterceptor.java:119)
	at org.springframework.aop.framework.ReflectiveMethodInvocation.proceed(ReflectiveMethodInvocation.java:184)
	at org.springframework.dao.support.PersistenceExceptionTranslationInterceptor.invoke(PersistenceExceptionTranslationInterceptor.java:138)
	... 14 common frames omitted
    23:42:55.213 | 327 taskScheduler-2  | DEBUG | .a.s.ParticipantScoreScheduleService : Updating the participant score for exercise 170 and participant 203 took 2 ms.
    23:42:55.213 | 327 taskScheduler-2  | DEBUG | .a.s.ParticipantScoreScheduleService : Processing exercise 186 and participant 203 to update participant scores.
    23:42:55.214 | 328 taskScheduler-3  | DEBUG | .a.s.ParticipantScoreScheduleService : Participant score 116 is already up-to-date, skipping.
    23:42:55.215 | 329 taskScheduler-4  | ERROR | .a.s.ParticipantScoreScheduleService : Exception while processing participant score for exercise 168 and participant 203 for participant scores:
org.springframework.dao.IncorrectResultSizeDataAccessException: Query did not return a unique result: 2 results were returned
	at org.springframework.orm.jpa.vendor.HibernateJpaDialect.convertHibernateAccessException(HibernateJpaDialect.java:301)
	at org.springframework.orm.jpa.vendor.HibernateJpaDialect.translateExceptionIfPossible(HibernateJpaDialect.java:244)
	at org.springframework.orm.jpa.AbstractEntityManagerFactoryBean.translateExceptionIfPossible(AbstractEntityManagerFactoryBean.java:560)
	at org.springframework.dao.support.ChainedPersistenceExceptionTranslator.translateExceptionIfPossible(ChainedPersistenceExceptionTranslator.java:61)
	at org.springframework.dao.support.DataAccessUtils.translateIfNecessary(DataAccessUtils.java:343)
	at org.springframework.dao.support.PersistenceExceptionTranslationInterceptor.invoke(PersistenceExceptionTranslationInterceptor.java:160)
	at org.springframework.aop.framework.ReflectiveMethodInvocation.proceed(ReflectiveMethodInvocation.java:184)
	at org.springframework.data.jpa.repository.support.CrudMethodMetadataPostProcessor$CrudMethodMetadataPopulatingMethodInterceptor.invoke(CrudMethodMetadataPostProcessor.java:136)
	at org.springframework.aop.framework.ReflectiveMethodInvocation.proceed(ReflectiveMethodInvocation.java:184)
	at org.springframework.aop.framework.JdkDynamicAopProxy.invoke(JdkDynamicAopProxy.java:223)
	at jdk.proxy3/jdk.proxy3.$Proxy366.findByExercise_IdAndUser_Id(Unknown Source)
	at de.tum.cit.aet.artemis.assessment.service.ParticipantScoreScheduleService.executeTask(ParticipantScoreScheduleService.java:286)
	at de.tum.cit.aet.artemis.assessment.service.ParticipantScoreScheduleService.lambda$scheduleTask$5(ParticipantScoreScheduleService.java:237)
	at org.springframework.scheduling.support.DelegatingErrorHandlingRunnable.run(DelegatingErrorHandlingRunnable.java:54)
	at java.base/java.util.concurrent.Executors$RunnableAdapter.call(Executors.java:572)
	at java.base/java.util.concurrent.FutureTask.run(FutureTask.java:317)
	at java.base/java.util.concurrent.ScheduledThreadPoolExecutor$ScheduledFutureTask.run(ScheduledThreadPoolExecutor.java:304)
	at java.base/java.util.concurrent.ThreadPoolExecutor.runWorker(ThreadPoolExecutor.java:1144)
	at java.base/java.util.concurrent.ThreadPoolExecutor$Worker.run(ThreadPoolExecutor.java:642)
	at java.base/java.lang.Thread.run(Thread.java:1583)
Caused by: org.hibernate.NonUniqueResultException: Query did not return a unique result: 2 results were returned
	at org.hibernate.query.spi.AbstractSelectionQuery.uniqueElement(AbstractSelectionQuery.java:586)
	at org.hibernate.query.spi.AbstractSelectionQuery.getSingleResult(AbstractSelectionQuery.java:570)
	at java.base/jdk.internal.reflect.DirectMethodHandleAccessor.invoke(DirectMethodHandleAccessor.java:103)
	at java.base/java.lang.reflect.Method.invoke(Method.java:580)
	at org.springframework.orm.jpa.SharedEntityManagerCreator$DeferredQueryInvocationHandler.invoke(SharedEntityManagerCreator.java:419)
	at jdk.proxy3/jdk.proxy3.$Proxy601.getSingleResult(Unknown Source)
	at org.springframework.data.jpa.repository.query.JpaQueryExecution$SingleEntityExecution.doExecute(JpaQueryExecution.java:224)
	at org.springframework.data.jpa.repository.query.JpaQueryExecution.execute(JpaQueryExecution.java:93)
	at org.springframework.data.jpa.repository.query.AbstractJpaQuery.doExecute(AbstractJpaQuery.java:152)
	at org.springframework.data.jpa.repository.query.AbstractJpaQuery.execute(AbstractJpaQuery.java:140)
	at org.springframework.data.repository.core.support.RepositoryMethodInvoker.doInvoke(RepositoryMethodInvoker.java:170)
	at org.springframework.data.repository.core.support.RepositoryMethodInvoker.invoke(RepositoryMethodInvoker.java:158)
	at org.springframework.data.repository.core.support.QueryExecutorMethodInterceptor.doInvoke(QueryExecutorMethodInterceptor.java:170)
	at org.springframework.data.repository.core.support.QueryExecutorMethodInterceptor.invoke(QueryExecutorMethodInterceptor.java:149)
	at org.springframework.aop.framework.ReflectiveMethodInvocation.proceed(ReflectiveMethodInvocation.java:184)
	at org.springframework.data.projection.DefaultMethodInvokingMethodInterceptor.invoke(DefaultMethodInvokingMethodInterceptor.java:69)
	at org.springframework.aop.framework.ReflectiveMethodInvocation.proceed(ReflectiveMethodInvocation.java:184)
	at org.springframework.transaction.interceptor.TransactionAspectSupport.invokeWithinTransaction(TransactionAspectSupport.java:380)
	at org.springframework.transaction.interceptor.TransactionInterceptor.invoke(TransactionInterceptor.java:119)
	at org.springframework.aop.framework.ReflectiveMethodInvocation.proceed(ReflectiveMethodInvocation.java:184)
	at org.springframework.dao.support.PersistenceExceptionTranslationInterceptor.invoke(PersistenceExceptionTranslationInterceptor.java:138)
	... 14 common frames omitted
    23:42:55.215 | 329 taskScheduler-4  | DEBUG | .a.s.ParticipantScoreScheduleService : Updating the participant score for exercise 168 and participant 203 took 5 ms.
    23:42:55.216 | 327 taskScheduler-2  | ERROR | .a.s.ParticipantScoreScheduleService : Exception while processing participant score for exercise 186 and participant 203 for participant scores:
org.springframework.dao.IncorrectResultSizeDataAccessException: Query did not return a unique result: 2 results were returned
	at org.springframework.orm.jpa.vendor.HibernateJpaDialect.convertHibernateAccessException(HibernateJpaDialect.java:301)
	at org.springframework.orm.jpa.vendor.HibernateJpaDialect.translateExceptionIfPossible(HibernateJpaDialect.java:244)
	at org.springframework.orm.jpa.AbstractEntityManagerFactoryBean.translateExceptionIfPossible(AbstractEntityManagerFactoryBean.java:560)
	at org.springframework.dao.support.ChainedPersistenceExceptionTranslator.translateExceptionIfPossible(ChainedPersistenceExceptionTranslator.java:61)
	at org.springframework.dao.support.DataAccessUtils.translateIfNecessary(DataAccessUtils.java:343)
	at org.springframework.dao.support.PersistenceExceptionTranslationInterceptor.invoke(PersistenceExceptionTranslationInterceptor.java:160)
	at org.springframework.aop.framework.ReflectiveMethodInvocation.proceed(ReflectiveMethodInvocation.java:184)
	at org.springframework.data.jpa.repository.support.CrudMethodMetadataPostProcessor$CrudMethodMetadataPopulatingMethodInterceptor.invoke(CrudMethodMetadataPostProcessor.java:136)
	at org.springframework.aop.framework.ReflectiveMethodInvocation.proceed(ReflectiveMethodInvocation.java:184)
	at org.springframework.aop.framework.JdkDynamicAopProxy.invoke(JdkDynamicAopProxy.java:223)
	at jdk.proxy3/jdk.proxy3.$Proxy366.findByExercise_IdAndUser_Id(Unknown Source)
	at de.tum.cit.aet.artemis.assessment.service.ParticipantScoreScheduleService.executeTask(ParticipantScoreScheduleService.java:286)
	at de.tum.cit.aet.artemis.assessment.service.ParticipantScoreScheduleService.lambda$scheduleTask$5(ParticipantScoreScheduleService.java:237)
	at org.springframework.scheduling.support.DelegatingErrorHandlingRunnable.run(DelegatingErrorHandlingRunnable.java:54)
	at java.base/java.util.concurrent.Executors$RunnableAdapter.call(Executors.java:572)
	at java.base/java.util.concurrent.FutureTask.run(FutureTask.java:317)
	at java.base/java.util.concurrent.ScheduledThreadPoolExecutor$ScheduledFutureTask.run(ScheduledThreadPoolExecutor.java:304)
	at java.base/java.util.concurrent.ThreadPoolExecutor.runWorker(ThreadPoolExecutor.java:1144)
	at java.base/java.util.concurrent.ThreadPoolExecutor$Worker.run(ThreadPoolExecutor.java:642)
	at java.base/java.lang.Thread.run(Thread.java:1583)
Caused by: org.hibernate.NonUniqueResultException: Query did not return a unique result: 2 results were returned
	at org.hibernate.query.spi.AbstractSelectionQuery.uniqueElement(AbstractSelectionQuery.java:586)
	at org.hibernate.query.spi.AbstractSelectionQuery.getSingleResult(AbstractSelectionQuery.java:570)
	at java.base/jdk.internal.reflect.DirectMethodHandleAccessor.invoke(DirectMethodHandleAccessor.java:103)
	at java.base/java.lang.reflect.Method.invoke(Method.java:580)
	at org.springframework.orm.jpa.SharedEntityManagerCreator$DeferredQueryInvocationHandler.invoke(SharedEntityManagerCreator.java:419)
	at jdk.proxy3/jdk.proxy3.$Proxy601.getSingleResult(Unknown Source)
	at org.springframework.data.jpa.repository.query.JpaQueryExecution$SingleEntityExecution.doExecute(JpaQueryExecution.java:224)
	at org.springframework.data.jpa.repository.query.JpaQueryExecution.execute(JpaQueryExecution.java:93)
	at org.springframework.data.jpa.repository.query.AbstractJpaQuery.doExecute(AbstractJpaQuery.java:152)
	at org.springframework.data.jpa.repository.query.AbstractJpaQuery.execute(AbstractJpaQuery.java:140)
	at org.springframework.data.repository.core.support.RepositoryMethodInvoker.doInvoke(RepositoryMethodInvoker.java:170)
	at org.springframework.data.repository.core.support.RepositoryMethodInvoker.invoke(RepositoryMethodInvoker.java:158)
	at org.springframework.data.repository.core.support.QueryExecutorMethodInterceptor.doInvoke(QueryExecutorMethodInterceptor.java:170)
	at org.springframework.data.repository.core.support.QueryExecutorMethodInterceptor.invoke(QueryExecutorMethodInterceptor.java:149)
	at org.springframework.aop.framework.ReflectiveMethodInvocation.proceed(ReflectiveMethodInvocation.java:184)
	at org.springframework.data.projection.DefaultMethodInvokingMethodInterceptor.invoke(DefaultMethodInvokingMethodInterceptor.java:69)
	at org.springframework.aop.framework.ReflectiveMethodInvocation.proceed(ReflectiveMethodInvocation.java:184)
	at org.springframework.transaction.interceptor.TransactionAspectSupport.invokeWithinTransaction(TransactionAspectSupport.java:380)
	at org.springframework.transaction.interceptor.TransactionInterceptor.invoke(TransactionInterceptor.java:119)
	at org.springframework.aop.framework.ReflectiveMethodInvocation.proceed(ReflectiveMethodInvocation.java:184)
	at org.springframework.dao.support.PersistenceExceptionTranslationInterceptor.invoke(PersistenceExceptionTranslationInterceptor.java:138)
	... 14 common frames omitted
    23:42:55.216 | 327 taskScheduler-2  | DEBUG | .a.s.ParticipantScoreScheduleService : Updating the participant score for exercise 186 and participant 203 took 3 ms.
    23:42:55.219 | 326 taskScheduler-1  | DEBUG | .a.s.ParticipantScoreScheduleService : Updating the participant score for exercise 180 and participant 1 took 7 ms.
    23:42:55.413 | 362 ool-1-worker-126 | DEBUG | d.t.c.a.a.c.s.f.ApiVersionFilter     : Adding Version to Request DELETE /api/courses/219/exams/528
    23:42:55.413 | 362 ool-1-worker-126 | INFO  | d.t.c.a.a.exam.web.ExamResource      : REST request to delete exam : 528
    23:42:55.420 | 362 ool-1-worker-126 | INFO  | d.t.c.a.a.e.s.ExamDeletionService    : User examparticipationtestinstructor1 has requested to delete the exam Real exam 1
    23:42:55.426 | 362 ool-1-worker-126 | INFO  | .t.c.a.a.e.s.ExerciseDeletionService : Request to delete TextExercise with id 595
    23:42:55.426 | 362 ool-1-worker-126 | INFO  | .t.c.a.a.e.s.ExerciseDeletionService : Deleting the channel took 343µs
    23:42:55.426 | 362 ool-1-worker-126 | INFO  | .t.c.a.a.e.s.ExerciseDeletionService : Cancel scheduled operations of exercise 595
    23:42:55.426 | 362 ool-1-worker-126 | INFO  | .c.s.m.InstanceMessageReceiveService : Received schedule cancel for potential Athena exercise 595
    23:42:55.428 | 362 ool-1-worker-126 | INFO  | d.t.c.a.a.e.s.ParticipationService   : Request to delete all 2 participations of exercise with id : 595
    23:42:55.429 | 362 ool-1-worker-126 | INFO  | d.t.c.a.a.e.s.ParticipationService   : Request to delete Participation : StudentParticipation{id=625, presentationScore=null, student=User{login='examparticipationtesttutor2', firstName='examparticipationtesttutor2First', lastName='examparticipationtesttutor2Last', email='examparticipationtesttutor2@test.de', imageUrl='null', activated='true', langKey='en', activationKey='null'}}
    23:42:55.429 | 362 ool-1-worker-126 | DEBUG | d.t.c.a.a.e.s.ParticipationService   : Request to delete all results and submissions of participation with id : 625
    23:42:55.430 | 362 ool-1-worker-126 | DEBUG | d.t.c.a.a.a.service.ResultService    : Delete result 90
    23:42:55.430 | 362 ool-1-worker-126 | DEBUG | d.t.c.a.a.a.service.ResultService    : Delete result references 90
    23:42:55.438 | 362 ool-1-worker-126 | INFO  | d.t.c.a.a.e.s.ParticipationService   : Request to delete Participation : StudentParticipation{id=626, presentationScore=null, student=User{login='examparticipationteststudent1', firstName='examparticipationteststudent1First', lastName='examparticipationteststudent1Last', email='examparticipationteststudent1@test.de', imageUrl='null', activated='true', langKey='en', activationKey='null'}}
    23:42:55.438 | 362 ool-1-worker-126 | DEBUG | d.t.c.a.a.e.s.ParticipationService   : Request to delete all results and submissions of participation with id : 626
    23:42:55.439 | 362 ool-1-worker-126 | DEBUG | d.t.c.a.a.a.service.ResultService    : Delete result 91
    23:42:55.439 | 362 ool-1-worker-126 | DEBUG | d.t.c.a.a.a.service.ResultService    : Delete result references 91
    23:42:55.456 | 362 ool-1-worker-126 | INFO  | .c.a.a.c.s.TitleCacheEvictionService : Evicted entry '595' from title cache 'exerciseTitle'
    23:42:55.458 | 362 ool-1-worker-126 | INFO  | .t.c.a.a.e.s.ExerciseDeletionService : Request to delete TextExercise with id 596
    23:42:55.458 | 362 ool-1-worker-126 | INFO  | .t.c.a.a.e.s.ExerciseDeletionService : Deleting the channel took 355µs
    23:42:55.458 | 362 ool-1-worker-126 | INFO  | .t.c.a.a.e.s.ExerciseDeletionService : Cancel scheduled operations of exercise 596
    23:42:55.458 | 362 ool-1-worker-126 | INFO  | .c.s.m.InstanceMessageReceiveService : Received schedule cancel for potential Athena exercise 596
    23:42:55.460 | 362 ool-1-worker-126 | INFO  | d.t.c.a.a.e.s.ParticipationService   : Request to delete all 3 participations of exercise with id : 596
    23:42:55.461 | 362 ool-1-worker-126 | INFO  | d.t.c.a.a.e.s.ParticipationService   : Request to delete Participation : StudentParticipation{id=627, presentationScore=null, student=User{login='examparticipationteststudent3', firstName='examparticipationteststudent3First', lastName='examparticipationteststudent3Last', email='examparticipationteststudent3@test.de', imageUrl='null', activated='true', langKey='en', activationKey='null'}}
    23:42:55.461 | 362 ool-1-worker-126 | DEBUG | d.t.c.a.a.e.s.ParticipationService   : Request to delete all results and submissions of participation with id : 627
    23:42:55.462 | 362 ool-1-worker-126 | DEBUG | d.t.c.a.a.a.service.ResultService    : Delete result 92
    23:42:55.462 | 362 ool-1-worker-126 | DEBUG | d.t.c.a.a.a.service.ResultService    : Delete result references 92
    23:42:55.474 | 362 ool-1-worker-126 | INFO  | d.t.c.a.a.e.s.ParticipationService   : Request to delete Participation : StudentParticipation{id=628, presentationScore=null, student=User{login='examparticipationtesttutor1', firstName='examparticipationtesttutor1First', lastName='examparticipationtesttutor1Last', email='examparticipationtesttutor1@test.de', imageUrl='null', activated='true', langKey='en', activationKey='null'}}
    23:42:55.474 | 362 ool-1-worker-126 | DEBUG | d.t.c.a.a.e.s.ParticipationService   : Request to delete all results and submissions of participation with id : 628
    23:42:55.476 | 362 ool-1-worker-126 | DEBUG | d.t.c.a.a.a.service.ResultService    : Delete result 93
    23:42:55.476 | 362 ool-1-worker-126 | DEBUG | d.t.c.a.a.a.service.ResultService    : Delete result references 93
    23:42:55.482 | 362 ool-1-worker-126 | INFO  | d.t.c.a.a.e.s.ParticipationService   : Request to delete Participation : StudentParticipation{id=629, presentationScore=null, student=User{login='examparticipationteststudent2', firstName='examparticipationteststudent2First', lastName='examparticipationteststudent2Last', email='examparticipationteststudent2@test.de', imageUrl='null', activated='true', langKey='en', activationKey='null'}}
    23:42:55.482 | 362 ool-1-worker-126 | DEBUG | d.t.c.a.a.e.s.ParticipationService   : Request to delete all results and submissions of participation with id : 629
    23:42:55.483 | 362 ool-1-worker-126 | DEBUG | d.t.c.a.a.a.service.ResultService    : Delete result 94
    23:42:55.483 | 362 ool-1-worker-126 | DEBUG | d.t.c.a.a.a.service.ResultService    : Delete result references 94
    23:42:55.502 | 362 ool-1-worker-126 | INFO  | .c.a.a.c.s.TitleCacheEvictionService : Evicted entry '596' from title cache 'exerciseTitle'
    23:42:55.504 | 362 ool-1-worker-126 | INFO  | .t.c.a.a.e.s.ExerciseDeletionService : Request to delete TextExercise with id 606
    23:42:55.504 | 362 ool-1-worker-126 | INFO  | .t.c.a.a.e.s.ExerciseDeletionService : Deleting the channel took 343µs
    23:42:55.504 | 362 ool-1-worker-126 | INFO  | .t.c.a.a.e.s.ExerciseDeletionService : Cancel scheduled operations of exercise 606
    23:42:55.504 | 362 ool-1-worker-126 | INFO  | .c.s.m.InstanceMessageReceiveService : Received schedule cancel for potential Athena exercise 606
    23:42:55.506 | 362 ool-1-worker-126 | INFO  | d.t.c.a.a.e.s.ParticipationService   : Request to delete all 0 participations of exercise with id : 606
    23:42:55.516 | 362 ool-1-worker-126 | INFO  | .c.a.a.c.s.TitleCacheEvictionService : Evicted entry '606' from title cache 'exerciseTitle'
    23:42:55.518 | 362 ool-1-worker-126 | INFO  | .t.c.a.a.e.s.ExerciseDeletionService : Request to delete QuizExercise with id 597
    23:42:55.518 | 362 ool-1-worker-126 | INFO  | .t.c.a.a.e.s.ExerciseDeletionService : Deleting the channel took 374µs
    23:42:55.519 | 362 ool-1-worker-126 | INFO  | d.t.c.a.a.e.s.ParticipationService   : Request to delete all 0 participations of exercise with id : 597
    23:42:55.536 | 362 ool-1-worker-126 | WARN  | d.t.c.a.artemis.quiz.domain.DragItem : Could not delete file with path dragItemImage2.png. Assume already deleted, DragAndDropQuestion 137 can be removed.
    23:42:55.536 | 362 ool-1-worker-126 | WARN  | d.t.c.a.artemis.quiz.domain.DragItem : Could not delete file with path dragItemImage4.png. Assume already deleted, DragAndDropQuestion 139 can be removed.
    23:42:55.537 | 362 ool-1-worker-126 | INFO  | .c.a.a.c.s.TitleCacheEvictionService : Evicted entry '597' from title cache 'exerciseTitle'
    23:42:55.540 | 362 ool-1-worker-126 | INFO  | .t.c.a.a.e.s.ExerciseDeletionService : Request to delete QuizExercise with id 598
    23:42:55.540 | 362 ool-1-worker-126 | INFO  | .t.c.a.a.e.s.ExerciseDeletionService : Deleting the channel took 358µs
    23:42:55.542 | 362 ool-1-worker-126 | INFO  | d.t.c.a.a.e.s.ParticipationService   : Request to delete all 5 participations of exercise with id : 598
    23:42:55.543 | 362 ool-1-worker-126 | INFO  | d.t.c.a.a.e.s.ParticipationService   : Request to delete Participation : StudentParticipation{id=630, presentationScore=null, student=User{login='examparticipationteststudent1', firstName='examparticipationteststudent1First', lastName='examparticipationteststudent1Last', email='examparticipationteststudent1@test.de', imageUrl='null', activated='true', langKey='en', activationKey='null'}}
    23:42:55.544 | 362 ool-1-worker-126 | DEBUG | d.t.c.a.a.e.s.ParticipationService   : Request to delete all results and submissions of participation with id : 630
    23:42:55.544 | 362 ool-1-worker-126 | DEBUG | d.t.c.a.a.a.service.ResultService    : Delete result 95
    23:42:55.544 | 362 ool-1-worker-126 | DEBUG | d.t.c.a.a.a.service.ResultService    : Delete result references 95
    23:42:55.552 | 362 ool-1-worker-126 | INFO  | d.t.c.a.a.e.s.ParticipationService   : Request to delete Participation : StudentParticipation{id=631, presentationScore=null, student=User{login='examparticipationtesttutor2', firstName='examparticipationtesttutor2First', lastName='examparticipationtesttutor2Last', email='examparticipationtesttutor2@test.de', imageUrl='null', activated='true', langKey='en', activationKey='null'}}
    23:42:55.552 | 362 ool-1-worker-126 | DEBUG | d.t.c.a.a.e.s.ParticipationService   : Request to delete all results and submissions of participation with id : 631
    23:42:55.553 | 362 ool-1-worker-126 | DEBUG | d.t.c.a.a.a.service.ResultService    : Delete result 96
    23:42:55.553 | 362 ool-1-worker-126 | DEBUG | d.t.c.a.a.a.service.ResultService    : Delete result references 96
    23:42:55.561 | 362 ool-1-worker-126 | INFO  | d.t.c.a.a.e.s.ParticipationService   : Request to delete Participation : StudentParticipation{id=632, presentationScore=null, student=User{login='examparticipationteststudent2', firstName='examparticipationteststudent2First', lastName='examparticipationteststudent2Last', email='examparticipationteststudent2@test.de', imageUrl='null', activated='true', langKey='en', activationKey='null'}}
    23:42:55.561 | 362 ool-1-worker-126 | DEBUG | d.t.c.a.a.e.s.ParticipationService   : Request to delete all results and submissions of participation with id : 632
    23:42:55.562 | 362 ool-1-worker-126 | DEBUG | d.t.c.a.a.a.service.ResultService    : Delete result 97
    23:42:55.562 | 362 ool-1-worker-126 | DEBUG | d.t.c.a.a.a.service.ResultService    : Delete result references 97
    23:42:55.569 | 362 ool-1-worker-126 | INFO  | d.t.c.a.a.e.s.ParticipationService   : Request to delete Participation : StudentParticipation{id=633, presentationScore=null, student=User{login='examparticipationteststudent3', firstName='examparticipationteststudent3First', lastName='examparticipationteststudent3Last', email='examparticipationteststudent3@test.de', imageUrl='null', activated='true', langKey='en', activationKey='null'}}
    23:42:55.570 | 362 ool-1-worker-126 | DEBUG | d.t.c.a.a.e.s.ParticipationService   : Request to delete all results and submissions of participation with id : 633
    23:42:55.570 | 362 ool-1-worker-126 | DEBUG | d.t.c.a.a.a.service.ResultService    : Delete result 98
    23:42:55.570 | 362 ool-1-worker-126 | DEBUG | d.t.c.a.a.a.service.ResultService    : Delete result references 98
    23:42:55.579 | 362 ool-1-worker-126 | INFO  | d.t.c.a.a.e.s.ParticipationService   : Request to delete Participation : StudentParticipation{id=634, presentationScore=null, student=User{login='examparticipationtesttutor1', firstName='examparticipationtesttutor1First', lastName='examparticipationtesttutor1Last', email='examparticipationtesttutor1@test.de', imageUrl='null', activated='true', langKey='en', activationKey='null'}}
    23:42:55.579 | 362 ool-1-worker-126 | DEBUG | d.t.c.a.a.e.s.ParticipationService   : Request to delete all results and submissions of participation with id : 634
    23:42:55.579 | 362 ool-1-worker-126 | DEBUG | d.t.c.a.a.a.service.ResultService    : Delete result 99
    23:42:55.579 | 362 ool-1-worker-126 | DEBUG | d.t.c.a.a.a.service.ResultService    : Delete result references 99
    23:42:55.607 | 362 ool-1-worker-126 | WARN  | d.t.c.a.artemis.quiz.domain.DragItem : Could not delete file with path dragItemImage2.png. Assume already deleted, DragAndDropQuestion 141 can be removed.
    23:42:55.608 | 362 ool-1-worker-126 | WARN  | d.t.c.a.artemis.quiz.domain.DragItem : Could not delete file with path dragItemImage4.png. Assume already deleted, DragAndDropQuestion 143 can be removed.
    23:42:55.609 | 362 ool-1-worker-126 | INFO  | .c.a.a.c.s.TitleCacheEvictionService : Evicted entry '598' from title cache 'exerciseTitle'
    23:42:55.611 | 362 ool-1-worker-126 | INFO  | .t.c.a.a.e.s.ExerciseDeletionService : Request to delete FileUploadExercise with id 599
    23:42:55.612 | 362 ool-1-worker-126 | INFO  | .t.c.a.a.e.s.ExerciseDeletionService : Deleting the channel took 343µs
    23:42:55.613 | 362 ool-1-worker-126 | INFO  | d.t.c.a.a.e.s.ParticipationService   : Request to delete all 0 participations of exercise with id : 599
    23:42:55.622 | 362 ool-1-worker-126 | INFO  | .c.a.a.c.s.TitleCacheEvictionService : Evicted entry '599' from title cache 'exerciseTitle'
    23:42:55.624 | 362 ool-1-worker-126 | INFO  | .t.c.a.a.e.s.ExerciseDeletionService : Request to delete FileUploadExercise with id 600
    23:42:55.624 | 362 ool-1-worker-126 | INFO  | .t.c.a.a.e.s.ExerciseDeletionService : Deleting the channel took 338µs
    23:42:55.626 | 362 ool-1-worker-126 | INFO  | d.t.c.a.a.e.s.ParticipationService   : Request to delete all 5 participations of exercise with id : 600
    23:42:55.627 | 362 ool-1-worker-126 | INFO  | d.t.c.a.a.e.s.ParticipationService   : Request to delete Participation : StudentParticipation{id=635, presentationScore=null, student=User{login='examparticipationteststudent1', firstName='examparticipationteststudent1First', lastName='examparticipationteststudent1Last', email='examparticipationteststudent1@test.de', imageUrl='null', activated='true', langKey='en', activationKey='null'}}
    23:42:55.627 | 362 ool-1-worker-126 | DEBUG | d.t.c.a.a.e.s.ParticipationService   : Request to delete all results and submissions of participation with id : 635
    23:42:55.628 | 362 ool-1-worker-126 | DEBUG | d.t.c.a.a.a.service.ResultService    : Delete result 100
    23:42:55.628 | 362 ool-1-worker-126 | DEBUG | d.t.c.a.a.a.service.ResultService    : Delete result references 100
    23:42:55.633 | 362 ool-1-worker-126 | INFO  | d.t.c.a.a.e.s.ParticipationService   : Request to delete Participation : StudentParticipation{id=636, presentationScore=null, student=User{login='examparticipationteststudent2', firstName='examparticipationteststudent2First', lastName='examparticipationteststudent2Last', email='examparticipationteststudent2@test.de', imageUrl='null', activated='true', langKey='en', activationKey='null'}}
    23:42:55.633 | 362 ool-1-worker-126 | DEBUG | d.t.c.a.a.e.s.ParticipationService   : Request to delete all results and submissions of participation with id : 636
    23:42:55.634 | 362 ool-1-worker-126 | DEBUG | d.t.c.a.a.a.service.ResultService    : Delete result 101
    23:42:55.634 | 362 ool-1-worker-126 | DEBUG | d.t.c.a.a.a.service.ResultService    : Delete result references 101
    23:42:55.639 | 362 ool-1-worker-126 | INFO  | d.t.c.a.a.e.s.ParticipationService   : Request to delete Participation : StudentParticipation{id=637, presentationScore=null, student=User{login='examparticipationteststudent3', firstName='examparticipationteststudent3First', lastName='examparticipationteststudent3Last', email='examparticipationteststudent3@test.de', imageUrl='null', activated='true', langKey='en', activationKey='null'}}
    23:42:55.639 | 362 ool-1-worker-126 | DEBUG | d.t.c.a.a.e.s.ParticipationService   : Request to delete all results and submissions of participation with id : 637
    23:42:55.640 | 362 ool-1-worker-126 | DEBUG | d.t.c.a.a.a.service.ResultService    : Delete result 102
    23:42:55.640 | 362 ool-1-worker-126 | DEBUG | d.t.c.a.a.a.service.ResultService    : Delete result references 102
    23:42:55.645 | 362 ool-1-worker-126 | INFO  | d.t.c.a.a.e.s.ParticipationService   : Request to delete Participation : StudentParticipation{id=638, presentationScore=null, student=User{login='examparticipationtesttutor1', firstName='examparticipationtesttutor1First', lastName='examparticipationtesttutor1Last', email='examparticipationtesttutor1@test.de', imageUrl='null', activated='true', langKey='en', activationKey='null'}}
    23:42:55.645 | 362 ool-1-worker-126 | DEBUG | d.t.c.a.a.e.s.ParticipationService   : Request to delete all results and submissions of participation with id : 638
    23:42:55.646 | 362 ool-1-worker-126 | DEBUG | d.t.c.a.a.a.service.ResultService    : Delete result 103
    23:42:55.646 | 362 ool-1-worker-126 | DEBUG | d.t.c.a.a.a.service.ResultService    : Delete result references 103
    23:42:55.651 | 362 ool-1-worker-126 | INFO  | d.t.c.a.a.e.s.ParticipationService   : Request to delete Participation : StudentParticipation{id=639, presentationScore=null, student=User{login='examparticipationtesttutor2', firstName='examparticipationtesttutor2First', lastName='examparticipationtesttutor2Last', email='examparticipationtesttutor2@test.de', imageUrl='null', activated='true', langKey='en', activationKey='null'}}
    23:42:55.651 | 362 ool-1-worker-126 | DEBUG | d.t.c.a.a.e.s.ParticipationService   : Request to delete all results and submissions of participation with id : 639
    23:42:55.652 | 362 ool-1-worker-126 | DEBUG | d.t.c.a.a.a.service.ResultService    : Delete result 104
    23:42:55.652 | 362 ool-1-worker-126 | DEBUG | d.t.c.a.a.a.service.ResultService    : Delete result references 104
    23:42:55.672 | 362 ool-1-worker-126 | INFO  | .c.a.a.c.s.TitleCacheEvictionService : Evicted entry '600' from title cache 'exerciseTitle'
    23:42:55.673 | 362 ool-1-worker-126 | INFO  | .t.c.a.a.e.s.ExerciseDeletionService : Request to delete ModelingExercise with id 601
    23:42:55.674 | 362 ool-1-worker-126 | INFO  | .t.c.a.a.e.s.ExerciseDeletionService : Deleting the channel took 333µs
    23:42:55.674 | 362 ool-1-worker-126 | INFO  | .t.c.a.a.e.s.ExerciseDeletionService : Deleting clusters, elements and cancel scheduled operations of exercise 601
    23:42:55.674 | 362 ool-1-worker-126 | INFO  | .c.s.m.InstanceMessageReceiveService : Received schedule cancel for modeling exercise 601
    23:42:55.676 | 362 ool-1-worker-126 | INFO  | d.t.c.a.a.e.s.ParticipationService   : Request to delete all 3 participations of exercise with id : 601
    23:42:55.677 | 362 ool-1-worker-126 | INFO  | d.t.c.a.a.e.s.ParticipationService   : Request to delete Participation : StudentParticipation{id=640, presentationScore=null, student=User{login='examparticipationteststudent1', firstName='examparticipationteststudent1First', lastName='examparticipationteststudent1Last', email='examparticipationteststudent1@test.de', imageUrl='null', activated='true', langKey='en', activationKey='null'}}
    23:42:55.677 | 362 ool-1-worker-126 | DEBUG | d.t.c.a.a.e.s.ParticipationService   : Request to delete all results and submissions of participation with id : 640
    23:42:55.678 | 362 ool-1-worker-126 | DEBUG | d.t.c.a.a.a.service.ResultService    : Delete result 105
    23:42:55.678 | 362 ool-1-worker-126 | DEBUG | d.t.c.a.a.a.service.ResultService    : Delete result references 105
    23:42:55.683 | 362 ool-1-worker-126 | INFO  | d.t.c.a.a.e.s.ParticipationService   : Request to delete Participation : StudentParticipation{id=641, presentationScore=null, student=User{login='examparticipationteststudent2', firstName='examparticipationteststudent2First', lastName='examparticipationteststudent2Last', email='examparticipationteststudent2@test.de', imageUrl='null', activated='true', langKey='en', activationKey='null'}}
    23:42:55.683 | 362 ool-1-worker-126 | DEBUG | d.t.c.a.a.e.s.ParticipationService   : Request to delete all results and submissions of participation with id : 641
    23:42:55.684 | 362 ool-1-worker-126 | DEBUG | d.t.c.a.a.a.service.ResultService    : Delete result 106
    23:42:55.684 | 362 ool-1-worker-126 | DEBUG | d.t.c.a.a.a.service.ResultService    : Delete result references 106
    23:42:55.689 | 362 ool-1-worker-126 | INFO  | d.t.c.a.a.e.s.ParticipationService   : Request to delete Participation : StudentParticipation{id=643, presentationScore=null, student=User{login='examparticipationteststudent3', firstName='examparticipationteststudent3First', lastName='examparticipationteststudent3Last', email='examparticipationteststudent3@test.de', imageUrl='null', activated='true', langKey='en', activationKey='null'}}
    23:42:55.689 | 362 ool-1-worker-126 | DEBUG | d.t.c.a.a.e.s.ParticipationService   : Request to delete all results and submissions of participation with id : 643
    23:42:55.690 | 362 ool-1-worker-126 | DEBUG | d.t.c.a.a.a.service.ResultService    : Delete result 107
    23:42:55.690 | 362 ool-1-worker-126 | DEBUG | d.t.c.a.a.a.service.ResultService    : Delete result references 107
    23:42:55.708 | 362 ool-1-worker-126 | INFO  | .c.a.a.c.s.TitleCacheEvictionService : Evicted entry '601' from title cache 'exerciseTitle'
    23:42:55.710 | 362 ool-1-worker-126 | INFO  | .t.c.a.a.e.s.ExerciseDeletionService : Request to delete ModelingExercise with id 602
    23:42:55.710 | 362 ool-1-worker-126 | INFO  | .t.c.a.a.e.s.ExerciseDeletionService : Deleting the channel took 345µs
    23:42:55.710 | 362 ool-1-worker-126 | INFO  | .t.c.a.a.e.s.ExerciseDeletionService : Deleting clusters, elements and cancel scheduled operations of exercise 602
    23:42:55.710 | 362 ool-1-worker-126 | INFO  | .c.s.m.InstanceMessageReceiveService : Received schedule cancel for modeling exercise 602
    23:42:55.712 | 362 ool-1-worker-126 | INFO  | d.t.c.a.a.e.s.ParticipationService   : Request to delete all 2 participations of exercise with id : 602
    23:42:55.713 | 362 ool-1-worker-126 | INFO  | d.t.c.a.a.e.s.ParticipationService   : Request to delete Participation : StudentParticipation{id=642, presentationScore=null, student=User{login='examparticipationtesttutor1', firstName='examparticipationtesttutor1First', lastName='examparticipationtesttutor1Last', email='examparticipationtesttutor1@test.de', imageUrl='null', activated='true', langKey='en', activationKey='null'}}
    23:42:55.713 | 362 ool-1-worker-126 | DEBUG | d.t.c.a.a.e.s.ParticipationService   : Request to delete all results and submissions of participation with id : 642
    23:42:55.714 | 362 ool-1-worker-126 | DEBUG | d.t.c.a.a.a.service.ResultService    : Delete result 108
    23:42:55.714 | 362 ool-1-worker-126 | DEBUG | d.t.c.a.a.a.service.ResultService    : Delete result references 108
    23:42:55.719 | 362 ool-1-worker-126 | INFO  | d.t.c.a.a.e.s.ParticipationService   : Request to delete Participation : StudentParticipation{id=646, presentationScore=null, student=User{login='examparticipationtesttutor2', firstName='examparticipationtesttutor2First', lastName='examparticipationtesttutor2Last', email='examparticipationtesttutor2@test.de', imageUrl='null', activated='true', langKey='en', activationKey='null'}}
    23:42:55.719 | 362 ool-1-worker-126 | DEBUG | d.t.c.a.a.e.s.ParticipationService   : Request to delete all results and submissions of participation with id : 646
    23:42:55.720 | 362 ool-1-worker-126 | DEBUG | d.t.c.a.a.a.service.ResultService    : Delete result 109
    23:42:55.720 | 362 ool-1-worker-126 | DEBUG | d.t.c.a.a.a.service.ResultService    : Delete result references 109
    23:42:55.736 | 362 ool-1-worker-126 | INFO  | .c.a.a.c.s.TitleCacheEvictionService : Evicted entry '602' from title cache 'exerciseTitle'
    23:42:55.738 | 362 ool-1-worker-126 | INFO  | .t.c.a.a.e.s.ExerciseDeletionService : Request to delete TextExercise with id 603
    23:42:55.739 | 362 ool-1-worker-126 | INFO  | .t.c.a.a.e.s.ExerciseDeletionService : Deleting the channel took 354µs
    23:42:55.739 | 362 ool-1-worker-126 | INFO  | .t.c.a.a.e.s.ExerciseDeletionService : Cancel scheduled operations of exercise 603
    23:42:55.739 | 362 ool-1-worker-126 | INFO  | .c.s.m.InstanceMessageReceiveService : Received schedule cancel for potential Athena exercise 603
    23:42:55.740 | 362 ool-1-worker-126 | INFO  | d.t.c.a.a.e.s.ParticipationService   : Request to delete all 5 participations of exercise with id : 603
    23:42:55.742 | 362 ool-1-worker-126 | INFO  | d.t.c.a.a.e.s.ParticipationService   : Request to delete Participation : StudentParticipation{id=644, presentationScore=null, student=User{login='examparticipationtesttutor1', firstName='examparticipationtesttutor1First', lastName='examparticipationtesttutor1Last', email='examparticipationtesttutor1@test.de', imageUrl='null', activated='true', langKey='en', activationKey='null'}}
    23:42:55.742 | 362 ool-1-worker-126 | DEBUG | d.t.c.a.a.e.s.ParticipationService   : Request to delete all results and submissions of participation with id : 644
    23:42:55.743 | 362 ool-1-worker-126 | DEBUG | d.t.c.a.a.a.service.ResultService    : Delete result 110
    23:42:55.743 | 362 ool-1-worker-126 | DEBUG | d.t.c.a.a.a.service.ResultService    : Delete result references 110
    23:42:55.748 | 362 ool-1-worker-126 | INFO  | d.t.c.a.a.e.s.ParticipationService   : Request to delete Participation : StudentParticipation{id=645, presentationScore=null, student=User{login='examparticipationteststudent2', firstName='examparticipationteststudent2First', lastName='examparticipationteststudent2Last', email='examparticipationteststudent2@test.de', imageUrl='null', activated='true', langKey='en', activationKey='null'}}
    23:42:55.748 | 362 ool-1-worker-126 | DEBUG | d.t.c.a.a.e.s.ParticipationService   : Request to delete all results and submissions of participation with id : 645
    23:42:55.749 | 362 ool-1-worker-126 | DEBUG | d.t.c.a.a.a.service.ResultService    : Delete result 111
    23:42:55.749 | 362 ool-1-worker-126 | DEBUG | d.t.c.a.a.a.service.ResultService    : Delete result references 111
    23:42:55.754 | 362 ool-1-worker-126 | INFO  | d.t.c.a.a.e.s.ParticipationService   : Request to delete Participation : StudentParticipation{id=647, presentationScore=null, student=User{login='examparticipationteststudent1', firstName='examparticipationteststudent1First', lastName='examparticipationteststudent1Last', email='examparticipationteststudent1@test.de', imageUrl='null', activated='true', langKey='en', activationKey='null'}}
    23:42:55.755 | 362 ool-1-worker-126 | DEBUG | d.t.c.a.a.e.s.ParticipationService   : Request to delete all results and submissions of participation with id : 647
    23:42:55.756 | 362 ool-1-worker-126 | DEBUG | d.t.c.a.a.a.service.ResultService    : Delete result 112
    23:42:55.756 | 362 ool-1-worker-126 | DEBUG | d.t.c.a.a.a.service.ResultService    : Delete result references 112
    23:42:55.761 | 362 ool-1-worker-126 | INFO  | d.t.c.a.a.e.s.ParticipationService   : Request to delete Participation : StudentParticipation{id=648, presentationScore=null, student=User{login='examparticipationteststudent3', firstName='examparticipationteststudent3First', lastName='examparticipationteststudent3Last', email='examparticipationteststudent3@test.de', imageUrl='null', activated='true', langKey='en', activationKey='null'}}
    23:42:55.761 | 362 ool-1-worker-126 | DEBUG | d.t.c.a.a.e.s.ParticipationService   : Request to delete all results and submissions of participation with id : 648
    23:42:55.762 | 362 ool-1-worker-126 | DEBUG | d.t.c.a.a.a.service.ResultService    : Delete result 113
    23:42:55.762 | 362 ool-1-worker-126 | DEBUG | d.t.c.a.a.a.service.ResultService    : Delete result references 113
    23:42:55.767 | 362 ool-1-worker-126 | INFO  | d.t.c.a.a.e.s.ParticipationService   : Request to delete Participation : StudentParticipation{id=650, presentationScore=null, student=User{login='examparticipationtesttutor2', firstName='examparticipationtesttutor2First', lastName='examparticipationtesttutor2Last', email='examparticipationtesttutor2@test.de', imageUrl='null', activated='true', langKey='en', activationKey='null'}}
    23:42:55.767 | 362 ool-1-worker-126 | DEBUG | d.t.c.a.a.e.s.ParticipationService   : Request to delete all results and submissions of participation with id : 650
    23:42:55.768 | 362 ool-1-worker-126 | DEBUG | d.t.c.a.a.a.service.ResultService    : Delete result 114
    23:42:55.768 | 362 ool-1-worker-126 | DEBUG | d.t.c.a.a.a.service.ResultService    : Delete result references 114
    23:42:55.791 | 362 ool-1-worker-126 | INFO  | .c.a.a.c.s.TitleCacheEvictionService : Evicted entry '603' from title cache 'exerciseTitle'
    23:42:55.792 | 362 ool-1-worker-126 | INFO  | .t.c.a.a.e.s.ExerciseDeletionService : Request to delete TextExercise with id 604
    23:42:55.792 | 362 ool-1-worker-126 | INFO  | .t.c.a.a.e.s.ExerciseDeletionService : Deleting the channel took 343µs
    23:42:55.792 | 362 ool-1-worker-126 | INFO  | .t.c.a.a.e.s.ExerciseDeletionService : Cancel scheduled operations of exercise 604
    23:42:55.792 | 362 ool-1-worker-126 | INFO  | .c.s.m.InstanceMessageReceiveService : Received schedule cancel for potential Athena exercise 604
    23:42:55.794 | 362 ool-1-worker-126 | INFO  | d.t.c.a.a.e.s.ParticipationService   : Request to delete all 5 participations of exercise with id : 604
    23:42:55.795 | 362 ool-1-worker-126 | INFO  | d.t.c.a.a.e.s.ParticipationService   : Request to delete Participation : StudentParticipation{id=649, presentationScore=null, student=User{login='examparticipationtesttutor1', firstName='examparticipationtesttutor1First', lastName='examparticipationtesttutor1Last', email='examparticipationtesttutor1@test.de', imageUrl='null', activated='true', langKey='en', activationKey='null'}}
    23:42:55.796 | 362 ool-1-worker-126 | DEBUG | d.t.c.a.a.e.s.ParticipationService   : Request to delete all results and submissions of participation with id : 649
    23:42:55.796 | 362 ool-1-worker-126 | DEBUG | d.t.c.a.a.a.service.ResultService    : Delete result 115
    23:42:55.796 | 362 ool-1-worker-126 | DEBUG | d.t.c.a.a.a.service.ResultService    : Delete result references 115
    23:42:55.800 | 362 ool-1-worker-126 | INFO  | d.t.c.a.a.e.s.ParticipationService   : Request to delete Participation : StudentParticipation{id=651, presentationScore=null, student=User{login='examparticipationteststudent1', firstName='examparticipationteststudent1First', lastName='examparticipationteststudent1Last', email='examparticipationteststudent1@test.de', imageUrl='null', activated='true', langKey='en', activationKey='null'}}
    23:42:55.800 | 362 ool-1-worker-126 | DEBUG | d.t.c.a.a.e.s.ParticipationService   : Request to delete all results and submissions of participation with id : 651
    23:42:55.801 | 362 ool-1-worker-126 | DEBUG | d.t.c.a.a.a.service.ResultService    : Delete result 116
    23:42:55.801 | 362 ool-1-worker-126 | DEBUG | d.t.c.a.a.a.service.ResultService    : Delete result references 116
    23:42:55.805 | 362 ool-1-worker-126 | INFO  | d.t.c.a.a.e.s.ParticipationService   : Request to delete Participation : StudentParticipation{id=652, presentationScore=null, student=User{login='examparticipationteststudent2', firstName='examparticipationteststudent2First', lastName='examparticipationteststudent2Last', email='examparticipationteststudent2@test.de', imageUrl='null', activated='true', langKey='en', activationKey='null'}}
    23:42:55.805 | 362 ool-1-worker-126 | DEBUG | d.t.c.a.a.e.s.ParticipationService   : Request to delete all results and submissions of participation with id : 652
    23:42:55.805 | 362 ool-1-worker-126 | DEBUG | d.t.c.a.a.a.service.ResultService    : Delete result 117
    23:42:55.805 | 362 ool-1-worker-126 | DEBUG | d.t.c.a.a.a.service.ResultService    : Delete result references 117
    23:42:55.809 | 362 ool-1-worker-126 | INFO  | d.t.c.a.a.e.s.ParticipationService   : Request to delete Participation : StudentParticipation{id=653, presentationScore=null, student=User{login='examparticipationteststudent3', firstName='examparticipationteststudent3First', lastName='examparticipationteststudent3Last', email='examparticipationteststudent3@test.de', imageUrl='null', activated='true', langKey='en', activationKey='null'}}
    23:42:55.809 | 362 ool-1-worker-126 | DEBUG | d.t.c.a.a.e.s.ParticipationService   : Request to delete all results and submissions of participation with id : 653
    23:42:55.810 | 362 ool-1-worker-126 | DEBUG | d.t.c.a.a.a.service.ResultService    : Delete result 118
    23:42:55.810 | 362 ool-1-worker-126 | DEBUG | d.t.c.a.a.a.service.ResultService    : Delete result references 118
    23:42:55.814 | 362 ool-1-worker-126 | INFO  | d.t.c.a.a.e.s.ParticipationService   : Request to delete Participation : StudentParticipation{id=655, presentationScore=null, student=User{login='examparticipationtesttutor2', firstName='examparticipationtesttutor2First', lastName='examparticipationtesttutor2Last', email='examparticipationtesttutor2@test.de', imageUrl='null', activated='true', langKey='en', activationKey='null'}}
    23:42:55.814 | 362 ool-1-worker-126 | DEBUG | d.t.c.a.a.e.s.ParticipationService   : Request to delete all results and submissions of participation with id : 655
    23:42:55.814 | 362 ool-1-worker-126 | DEBUG | d.t.c.a.a.a.service.ResultService    : Delete result 119
    23:42:55.814 | 362 ool-1-worker-126 | DEBUG | d.t.c.a.a.a.service.ResultService    : Delete result references 119
    23:42:55.829 | 362 ool-1-worker-126 | INFO  | .c.a.a.c.s.TitleCacheEvictionService : Evicted entry '604' from title cache 'exerciseTitle'
    23:42:55.830 | 362 ool-1-worker-126 | INFO  | .t.c.a.a.e.s.ExerciseDeletionService : Request to delete ProgrammingExercise with id 605
    23:42:55.830 | 362 ool-1-worker-126 | INFO  | .t.c.a.a.e.s.ExerciseDeletionService : Deleting the channel took 243µs
    23:42:55.832 | 362 ool-1-worker-126 | INFO  | d.t.c.a.a.e.s.ParticipationService   : Request to delete all 5 participations of exercise with id : 605
    23:42:55.833 | 362 ool-1-worker-126 | INFO  | d.t.c.a.a.e.s.ParticipationService   : Request to delete Participation : ProgrammingExerciseStudentParticipation{id=654, repositoryUri='file:/tmp/studentOriginRepo5514443949317461226/', buildPlanId='SHORT9B45A2200A3DF048B50A4870A5250DDDB6DCT72B-EXAMPARTICIPATIONTESTTUTOR1', initializationState='INITIALIZED', initializationDate='2025-02-14T23:42:53.907553Z', individualDueDate=null', presentationScore=null}
    23:42:55.834 | 362 ool-1-worker-126 | WARN  | org.eclipse.jgit.lib.Repository      : close() called when useCnt is already zero for Repository[repos/server-integration-test/studentOriginRepo5514443949317461226/.git]
    23:42:55.835 | 362 ool-1-worker-126 | DEBUG | d.t.c.a.a.p.s.AbstractGitService     : Deleted Repository at repos/server-integration-test/studentOriginRepo5514443949317461226
    23:42:55.835 | 362 ool-1-worker-126 | DEBUG | d.t.c.a.a.e.s.ParticipationService   : Request to delete all results and submissions of participation with id : 654
    23:42:55.837 | 362 ool-1-worker-126 | DEBUG | d.t.c.a.a.a.service.ResultService    : Delete result 124
    23:42:55.837 | 362 ool-1-worker-126 | DEBUG | d.t.c.a.a.a.service.ResultService    : Delete result references 124
    23:42:55.844 | 362 ool-1-worker-126 | INFO  | d.t.c.a.a.e.s.ParticipationService   : Request to delete Participation : ProgrammingExerciseStudentParticipation{id=656, repositoryUri='file:/tmp/studentOriginRepo1513941176573782774/', buildPlanId='SHORT9B45A2200A3DF048B50A4870A5250DDDB6DCT72B-EXAMPARTICIPATIONTESTSTUDENT1', initializationState='INITIALIZED', initializationDate='2025-02-14T23:42:53.926074Z', individualDueDate=null', presentationScore=null}
    23:42:55.845 | 362 ool-1-worker-126 | WARN  | org.eclipse.jgit.lib.Repository      : close() called when useCnt is already zero for Repository[repos/server-integration-test/studentOriginRepo1513941176573782774/.git]
    23:42:55.846 | 362 ool-1-worker-126 | DEBUG | d.t.c.a.a.p.s.AbstractGitService     : Deleted Repository at repos/server-integration-test/studentOriginRepo1513941176573782774
    23:42:55.846 | 362 ool-1-worker-126 | DEBUG | d.t.c.a.a.e.s.ParticipationService   : Request to delete all results and submissions of participation with id : 656
    23:42:55.848 | 362 ool-1-worker-126 | DEBUG | d.t.c.a.a.a.service.ResultService    : Delete result 120
    23:42:55.848 | 362 ool-1-worker-126 | DEBUG | d.t.c.a.a.a.service.ResultService    : Delete result references 120
    23:42:55.854 | 362 ool-1-worker-126 | INFO  | d.t.c.a.a.e.s.ParticipationService   : Request to delete Participation : ProgrammingExerciseStudentParticipation{id=657, repositoryUri='file:/tmp/studentOriginRepo7212948477784139834/', buildPlanId='SHORT9B45A2200A3DF048B50A4870A5250DDDB6DCT72B-EXAMPARTICIPATIONTESTSTUDENT2', initializationState='INITIALIZED', initializationDate='2025-02-14T23:42:53.922372Z', individualDueDate=null', presentationScore=null}
    23:42:55.855 | 362 ool-1-worker-126 | WARN  | org.eclipse.jgit.lib.Repository      : close() called when useCnt is already zero for Repository[repos/server-integration-test/studentOriginRepo7212948477784139834/.git]
    23:42:55.856 | 362 ool-1-worker-126 | DEBUG | d.t.c.a.a.p.s.AbstractGitService     : Deleted Repository at repos/server-integration-test/studentOriginRepo7212948477784139834
    23:42:55.857 | 362 ool-1-worker-126 | DEBUG | d.t.c.a.a.e.s.ParticipationService   : Request to delete all results and submissions of participation with id : 657
    23:42:55.858 | 362 ool-1-worker-126 | DEBUG | d.t.c.a.a.a.service.ResultService    : Delete result 121
    23:42:55.858 | 362 ool-1-worker-126 | DEBUG | d.t.c.a.a.a.service.ResultService    : Delete result references 121
    23:42:55.864 | 362 ool-1-worker-126 | INFO  | d.t.c.a.a.e.s.ParticipationService   : Request to delete Participation : ProgrammingExerciseStudentParticipation{id=658, repositoryUri='file:/tmp/studentOriginRepo10946883050650628067/', buildPlanId='SHORT9B45A2200A3DF048B50A4870A5250DDDB6DCT72B-EXAMPARTICIPATIONTESTSTUDENT3', initializationState='INITIALIZED', initializationDate='2025-02-14T23:42:53.902053Z', individualDueDate=null', presentationScore=null}
    23:42:55.865 | 362 ool-1-worker-126 | WARN  | org.eclipse.jgit.lib.Repository      : close() called when useCnt is already zero for Repository[repos/server-integration-test/studentOriginRepo10946883050650628067/.git]
    23:42:55.866 | 362 ool-1-worker-126 | DEBUG | d.t.c.a.a.p.s.AbstractGitService     : Deleted Repository at repos/server-integration-test/studentOriginRepo10946883050650628067
    23:42:55.866 | 362 ool-1-worker-126 | DEBUG | d.t.c.a.a.e.s.ParticipationService   : Request to delete all results and submissions of participation with id : 658
    23:42:55.867 | 362 ool-1-worker-126 | DEBUG | d.t.c.a.a.a.service.ResultService    : Delete result 122
    23:42:55.867 | 362 ool-1-worker-126 | DEBUG | d.t.c.a.a.a.service.ResultService    : Delete result references 122
    23:42:55.873 | 362 ool-1-worker-126 | INFO  | d.t.c.a.a.e.s.ParticipationService   : Request to delete Participation : ProgrammingExerciseStudentParticipation{id=659, repositoryUri='file:/tmp/studentOriginRepo2722287934558743066/', buildPlanId='SHORT9B45A2200A3DF048B50A4870A5250DDDB6DCT72B-EXAMPARTICIPATIONTESTTUTOR2', initializationState='INITIALIZED', initializationDate='2025-02-14T23:42:53.910164Z', individualDueDate=null', presentationScore=null}
    23:42:55.874 | 362 ool-1-worker-126 | WARN  | org.eclipse.jgit.lib.Repository      : close() called when useCnt is already zero for Repository[repos/server-integration-test/studentOriginRepo2722287934558743066/.git]
    23:42:55.876 | 362 ool-1-worker-126 | DEBUG | d.t.c.a.a.p.s.AbstractGitService     : Deleted Repository at repos/server-integration-test/studentOriginRepo2722287934558743066
    23:42:55.876 | 362 ool-1-worker-126 | DEBUG | d.t.c.a.a.e.s.ParticipationService   : Request to delete all results and submissions of participation with id : 659
    23:42:55.877 | 362 ool-1-worker-126 | DEBUG | d.t.c.a.a.a.service.ResultService    : Delete result 123
    23:42:55.877 | 362 ool-1-worker-126 | DEBUG | d.t.c.a.a.a.service.ResultService    : Delete result references 123
    23:42:55.889 | 362 ool-1-worker-126 | INFO  | .c.s.m.InstanceMessageReceiveService : Received schedule cancel for programming exercise 605
    23:42:55.890 | 362 ool-1-worker-126 | DEBUG | d.t.c.a.a.c.service.ScheduleService  : Cancelling scheduled task DUE for Exercise (#605).
    23:42:55.890 | 362 ool-1-worker-126 | INFO  | .c.s.m.InstanceMessageReceiveService : Received schedule cancel for potential Athena exercise 605
    23:42:55.892 | 362 ool-1-worker-126 | DEBUG | d.t.c.a.a.e.s.ParticipationService   : Request to delete all results and submissions of participation with id : 619
    23:42:55.894 | 362 ool-1-worker-126 | DEBUG | d.t.c.a.a.e.s.ParticipationService   : Request to delete all results and submissions of participation with id : 624
    23:42:55.897 | 362 ool-1-worker-126 | DEBUG | c.a.a.p.s.ProgrammingExerciseService : Delete programming exercises with student participations: []
    23:42:55.902 | 362 ool-1-worker-126 | INFO  | .c.a.a.c.s.TitleCacheEvictionService : Evicted entry '605' from title cache 'exerciseTitle'
    23:42:55.908 | 362 ool-1-worker-126 | WARN  | .c.a.a.c.s.TitleCacheEvictionService : Unable to clear title of exercises from exercise group 343: Exercises not initialized
    23:42:55.908 | 362 ool-1-worker-126 | WARN  | .c.a.a.c.s.TitleCacheEvictionService : Unable to clear title of exercises from exercise group 344: Exercises not initialized
    23:42:55.908 | 362 ool-1-worker-126 | WARN  | .c.a.a.c.s.TitleCacheEvictionService : Unable to clear title of exercises from exercise group 345: Exercises not initialized
    23:42:55.908 | 362 ool-1-worker-126 | WARN  | .c.a.a.c.s.TitleCacheEvictionService : Unable to clear title of exercises from exercise group 346: Exercises not initialized
    23:42:55.908 | 362 ool-1-worker-126 | WARN  | .c.a.a.c.s.TitleCacheEvictionService : Unable to clear title of exercises from exercise group 347: Exercises not initialized
    23:42:55.908 | 362 ool-1-worker-126 | WARN  | .c.a.a.c.s.TitleCacheEvictionService : Unable to clear title of exercises from exercise group 348: Exercises not initialized
    23:42:55.908 | 362 ool-1-worker-126 | WARN  | .c.a.a.c.s.TitleCacheEvictionService : Unable to clear title of exercises from exercise group 349: Exercises not initialized
    23:42:55.909 | 362 ool-1-worker-126 | INFO  | .c.a.a.c.s.TitleCacheEvictionService : Evicted entry '528' from title cache 'examTitle'

  Starting logs for ExamParticipationIntegrationTest > testGetExamScore(boolean, boolean) [3] withCourseBonus=false, withSecondCorrectionAndStarted=true
    23:42:55.950 | 362 ool-1-worker-126 | DEBUG | d.t.c.a.a.c.u.util.UserUtilService   : Generate 3 students...
    23:42:55.956 | 362 ool-1-worker-126 | DEBUG | d.t.c.a.a.c.u.util.UserUtilService   : 3 students generated. Generate 2 tutors...
    23:42:55.960 | 362 ool-1-worker-126 | DEBUG | d.t.c.a.a.c.u.util.UserUtilService   : 2 tutors generated. Generate 0 editors...
    23:42:55.961 | 362 ool-1-worker-126 | DEBUG | d.t.c.a.a.c.u.util.UserUtilService   : 0 editors generated. Generate 1 instructors...
    23:42:55.964 | 362 ool-1-worker-126 | DEBUG | d.t.c.a.a.c.u.util.UserUtilService   : 1 instructors generated
    23:42:55.965 | 362 ool-1-worker-126 | DEBUG | d.t.c.a.a.c.u.util.UserUtilService   : Removing 6 users from all courses...
    23:42:55.966 | 362 ool-1-worker-126 | DEBUG | d.t.c.a.a.c.u.util.UserUtilService   : Removing 6 users from all courses. Done
    23:42:55.966 | 362 ool-1-worker-126 | DEBUG | d.t.c.a.a.c.u.util.UserUtilService   : Save 6 users to database...
    23:42:55.971 | 362 ool-1-worker-126 | DEBUG | d.t.c.a.a.c.u.util.UserUtilService   : Save 6 users to database. Done
    23:42:55.975 | 362 ool-1-worker-126 | INFO  | i.z.t.d.l.EmbeddedDatabaseReporter   : JDBC URL to connect to 'dataSource': url='jdbc:h2:tcp://localhost:41063/mem:736625c0-cf5e-400d-aeaa-8a7eabd6262b;USER=sa', scope='ExamParticipationIntegrationTest#testGetExamScore'
    23:42:56.104 | 362 ool-1-worker-126 | DEBUG | d.t.c.a.a.c.s.f.ApiVersionFilter     : Adding Version to Request POST /api/courses/223/exams/530/generate-student-exams
    23:42:56.105 | 362 ool-1-worker-126 | INFO  | d.t.c.a.a.exam.web.ExamResource      : REST request to generate student exams for exam 530
    23:42:56.113 | 362 ool-1-worker-126 | INFO  | d.t.c.a.a.e.s.ExamDeletionService    : User examparticipationtestinstructor1 has requested to delete existing student exams and participations for exam Real exam 1
    23:42:56.114 | 362 ool-1-worker-126 | INFO  | d.t.c.a.a.e.s.ParticipationService   : Request to delete all 0 participations of exercise with id : 610
    23:42:56.115 | 362 ool-1-worker-126 | INFO  | d.t.c.a.a.e.s.ParticipationService   : Request to delete all 0 participations of exercise with id : 611
    23:42:56.116 | 362 ool-1-worker-126 | INFO  | d.t.c.a.a.e.s.ParticipationService   : Request to delete all 0 participations of exercise with id : 612
    23:42:56.118 | 362 ool-1-worker-126 | INFO  | d.t.c.a.a.e.s.ParticipationService   : Request to delete all 0 participations of exercise with id : 613
    23:42:56.119 | 362 ool-1-worker-126 | INFO  | d.t.c.a.a.e.s.ParticipationService   : Request to delete all 0 participations of exercise with id : 614
    23:42:56.120 | 362 ool-1-worker-126 | INFO  | d.t.c.a.a.e.s.ParticipationService   : Request to delete all 0 participations of exercise with id : 615
    23:42:56.121 | 362 ool-1-worker-126 | INFO  | d.t.c.a.a.e.s.ParticipationService   : Request to delete all 0 participations of exercise with id : 616
    23:42:56.122 | 362 ool-1-worker-126 | INFO  | d.t.c.a.a.e.s.ParticipationService   : Request to delete all 0 participations of exercise with id : 617
    23:42:56.123 | 362 ool-1-worker-126 | INFO  | d.t.c.a.a.e.s.ParticipationService   : Request to delete all 0 participations of exercise with id : 618
    23:42:56.124 | 362 ool-1-worker-126 | INFO  | d.t.c.a.a.e.s.ParticipationService   : Request to delete all 0 participations of exercise with id : 619
    23:42:56.125 | 362 ool-1-worker-126 | INFO  | d.t.c.a.a.e.s.ParticipationService   : Request to delete all 0 participations of exercise with id : 620
    23:42:56.130 | 362 ool-1-worker-126 | INFO  | d.t.c.a.a.exam.web.ExamResource      : Generated 5 student exams in 25.34ms for exam 530
    23:42:56.224 | 362 ool-1-worker-126 | DEBUG | d.t.c.a.a.c.s.f.ApiVersionFilter     : Adding Version to Request POST /api/courses/223/exams/530/student-exams/start-exercises
    23:42:56.232 | 362 ool-1-worker-126 | DEBUG | d.t.c.a.a.exam.service.ExamService   : Finished combination of template commits for programming exercise ProgrammingExercise{id=620, templateRepositoryUri='https://version-control.fake.fake/git/SHORTA309E14E00F32040E40A17A07EB7860F2D04TE9C/shorta309e14e00f32040e40a17a07eb7860f2d04te9c-exercise.git', solutionRepositoryUri='https://version-control.fake.fake/git/SHORTA309E14E00F32040E40A17A07EB7860F2D04TE9C/shorta309e14e00f32040e40a17a07eb7860f2d04te9c-solution.git', templateBuildPlanId='SHORTA309E14E00F32040E40A17A07EB7860F2D04TE9C-BASE', solutionBuildPlanId='SHORTA309E14E00F32040E40A17A07EB7860F2D04TE9C-SOLUTION', allowOnlineEditor='null', allowOnlineIde='false', programmingLanguage='JAVA', packageName='de.test'', testCasesChanged='false'}
    23:42:56.233 | 362 ool-1-worker-126 | INFO  | d.t.c.a.a.e.web.StudentExamResource  : REST request to start exercises for student exams of exam 530
    23:42:56.250 | 133 ol-1449-thread-3 | INFO  | d.t.c.a.a.e.s.StudentExamService     : SUCCESS: Start exercise for student exam 120 and exercise 610 and student examparticipationteststudent2
    23:42:56.253 | 135 ol-1449-thread-5 | INFO  | d.t.c.a.a.e.s.StudentExamService     : SUCCESS: Start exercise for student exam 122 and exercise 610 and student examparticipationtesttutor1
    23:42:56.253 | 134 ol-1449-thread-4 | INFO  | d.t.c.a.a.e.s.StudentExamService     : SUCCESS: Start exercise for student exam 121 and exercise 610 and student examparticipationteststudent3
    23:42:56.256 | 131 ol-1449-thread-1 | INFO  | d.t.c.a.a.e.s.StudentExamService     : SUCCESS: Start exercise for student exam 118 and exercise 611 and student examparticipationtesttutor2
    23:42:56.259 | 132 ol-1449-thread-2 | INFO  | d.t.c.a.a.e.s.StudentExamService     : SUCCESS: Start exercise for student exam 119 and exercise 610 and student examparticipationteststudent1
    23:42:56.275 | 131 ol-1449-thread-1 | INFO  | d.t.c.a.a.e.s.StudentExamService     : SUCCESS: Start exercise for student exam 118 and exercise 612 and student examparticipationtesttutor2
    23:42:56.275 | 133 ol-1449-thread-3 | INFO  | d.t.c.a.a.e.s.StudentExamService     : SUCCESS: Start exercise for student exam 120 and exercise 612 and student examparticipationteststudent2
    23:42:56.277 | 134 ol-1449-thread-4 | INFO  | d.t.c.a.a.e.s.StudentExamService     : SUCCESS: Start exercise for student exam 121 and exercise 612 and student examparticipationteststudent3
    23:42:56.278 | 135 ol-1449-thread-5 | INFO  | d.t.c.a.a.e.s.StudentExamService     : SUCCESS: Start exercise for student exam 122 and exercise 613 and student examparticipationtesttutor1
    23:42:56.278 | 132 ol-1449-thread-2 | INFO  | d.t.c.a.a.e.s.StudentExamService     : SUCCESS: Start exercise for student exam 119 and exercise 613 and student examparticipationteststudent1
    23:42:56.290 | 133 ol-1449-thread-3 | INFO  | d.t.c.a.a.e.s.StudentExamService     : SUCCESS: Start exercise for student exam 120 and exercise 614 and student examparticipationteststudent2
    23:42:56.291 | 131 ol-1449-thread-1 | INFO  | d.t.c.a.a.e.s.StudentExamService     : SUCCESS: Start exercise for student exam 118 and exercise 614 and student examparticipationtesttutor2
    23:42:56.291 | 135 ol-1449-thread-5 | INFO  | d.t.c.a.a.e.s.StudentExamService     : SUCCESS: Start exercise for student exam 122 and exercise 615 and student examparticipationtesttutor1
    23:42:56.292 | 132 ol-1449-thread-2 | INFO  | d.t.c.a.a.e.s.StudentExamService     : SUCCESS: Start exercise for student exam 119 and exercise 615 and student examparticipationteststudent1
    23:42:56.292 | 134 ol-1449-thread-4 | INFO  | d.t.c.a.a.e.s.StudentExamService     : SUCCESS: Start exercise for student exam 121 and exercise 615 and student examparticipationteststudent3
    23:42:56.304 | 132 ol-1449-thread-2 | INFO  | d.t.c.a.a.e.s.StudentExamService     : SUCCESS: Start exercise for student exam 119 and exercise 617 and student examparticipationteststudent1
    23:42:56.304 | 131 ol-1449-thread-1 | INFO  | d.t.c.a.a.e.s.StudentExamService     : SUCCESS: Start exercise for student exam 118 and exercise 616 and student examparticipationtesttutor2
    23:42:56.304 | 133 ol-1449-thread-3 | INFO  | d.t.c.a.a.e.s.StudentExamService     : SUCCESS: Start exercise for student exam 120 and exercise 616 and student examparticipationteststudent2
    23:42:56.305 | 134 ol-1449-thread-4 | INFO  | d.t.c.a.a.e.s.StudentExamService     : SUCCESS: Start exercise for student exam 121 and exercise 617 and student examparticipationteststudent3
    23:42:56.309 | 135 ol-1449-thread-5 | INFO  | d.t.c.a.a.e.s.StudentExamService     : SUCCESS: Start exercise for student exam 122 and exercise 617 and student examparticipationtesttutor1
    23:42:56.321 | 133 ol-1449-thread-3 | INFO  | d.t.c.a.a.e.s.StudentExamService     : SUCCESS: Start exercise for student exam 120 and exercise 618 and student examparticipationteststudent2
    23:42:56.321 | 132 ol-1449-thread-2 | INFO  | d.t.c.a.a.e.s.StudentExamService     : SUCCESS: Start exercise for student exam 119 and exercise 618 and student examparticipationteststudent1
    23:42:56.321 | 134 ol-1449-thread-4 | INFO  | d.t.c.a.a.e.s.StudentExamService     : SUCCESS: Start exercise for student exam 121 and exercise 618 and student examparticipationteststudent3
    23:42:56.323 | 135 ol-1449-thread-5 | INFO  | d.t.c.a.a.e.s.StudentExamService     : SUCCESS: Start exercise for student exam 122 and exercise 618 and student examparticipationtesttutor1
    23:42:56.324 | 131 ol-1449-thread-1 | INFO  | d.t.c.a.a.e.s.StudentExamService     : SUCCESS: Start exercise for student exam 118 and exercise 618 and student examparticipationtesttutor2
    23:42:56.334 | 134 ol-1449-thread-4 | INFO  | d.t.c.a.a.e.s.StudentExamService     : SUCCESS: Start exercise for student exam 121 and exercise 619 and student examparticipationteststudent3
    23:42:56.336 | 135 ol-1449-thread-5 | INFO  | d.t.c.a.a.e.s.StudentExamService     : SUCCESS: Start exercise for student exam 122 and exercise 619 and student examparticipationtesttutor1
    23:42:56.339 | 133 ol-1449-thread-3 | INFO  | d.t.c.a.a.e.s.StudentExamService     : SUCCESS: Start exercise for student exam 120 and exercise 619 and student examparticipationteststudent2
    23:42:56.340 | 132 ol-1449-thread-2 | INFO  | d.t.c.a.a.e.s.StudentExamService     : SUCCESS: Start exercise for student exam 119 and exercise 619 and student examparticipationteststudent1
    23:42:56.342 | 135 ol-1449-thread-5 | DEBUG | d.t.c.a.a.p.service.GitService       : Cloning from file:/tmp/exerciseOriginRepo13488120721806121531/ to repos/server-integration-test/studentOriginRepo14731338103386272682
    23:42:56.345 | 132 ol-1449-thread-2 | DEBUG | d.t.c.a.a.p.service.GitService       : Cloning from file:/tmp/exerciseOriginRepo13488120721806121531/ to repos/server-integration-test/studentOriginRepo7302915100718221842
    23:42:56.345 | 133 ol-1449-thread-3 | DEBUG | d.t.c.a.a.p.service.GitService       : Cloning from file:/tmp/exerciseOriginRepo13488120721806121531/ to repos/server-integration-test/studentOriginRepo8669950460913299254
    23:42:56.345 | 134 ol-1449-thread-4 | DEBUG | d.t.c.a.a.p.service.GitService       : Cloning from file:/tmp/exerciseOriginRepo13488120721806121531/ to repos/server-integration-test/studentOriginRepo14527063697196268207
    23:42:56.347 | 131 ol-1449-thread-1 | INFO  | d.t.c.a.a.e.s.StudentExamService     : SUCCESS: Start exercise for student exam 118 and exercise 619 and student examparticipationtesttutor2
    23:42:56.354 | 131 ol-1449-thread-1 | DEBUG | d.t.c.a.a.p.service.GitService       : Cloning from file:/tmp/exerciseOriginRepo13488120721806121531/ to repos/server-integration-test/studentOriginRepo17846616100431823548
    23:42:56.389 | 132 ol-1449-thread-2 | ERROR | .a.a.p.s.j.b.JenkinsBuildPlanService : Pipeline Script not found
java.lang.IllegalArgumentException: Pipeline Script not found
	at de.tum.cit.aet.artemis.programming.service.jenkins.build_plan.JenkinsBuildPlanUtils.replaceScriptParameters(JenkinsBuildPlanUtils.java:22)
	at de.tum.cit.aet.artemis.programming.service.jenkins.build_plan.JenkinsBuildPlanService.updateBuildPlanURLs(JenkinsBuildPlanService.java:245)
	at de.tum.cit.aet.artemis.programming.service.jenkins.build_plan.JenkinsBuildPlanService.copyBuildPlan(JenkinsBuildPlanService.java:293)
	at de.tum.cit.aet.artemis.programming.service.jenkins.JenkinsService.copyBuildPlan(JenkinsService.java:128)
	at java.base/java.lang.invoke.MethodHandle.invokeWithArguments(MethodHandle.java:733)
	at org.mockito.internal.util.reflection.InstrumentationMemberAccessor$Dispatcher$ByteBuddy$oog9jsgw.invokeWithArguments(Unknown Source)
	at org.mockito.internal.util.reflection.InstrumentationMemberAccessor.invoke(InstrumentationMemberAccessor.java:251)
	at org.mockito.internal.util.reflection.ModuleMemberAccessor.invoke(ModuleMemberAccessor.java:55)
	at org.mockito.internal.creation.bytebuddy.MockMethodAdvice.tryInvoke(MockMethodAdvice.java:314)
	at org.mockito.internal.creation.bytebuddy.MockMethodAdvice$RealMethodCall.invoke(MockMethodAdvice.java:234)
	at org.mockito.internal.invocation.InterceptedInvocation.callRealMethod(InterceptedInvocation.java:142)
	at org.mockito.internal.stubbing.answers.CallsRealMethods.answer(CallsRealMethods.java:45)
	at org.mockito.Answers.answer(Answers.java:90)
	at org.mockito.internal.handler.MockHandlerImpl.handle(MockHandlerImpl.java:111)
	at org.mockito.internal.handler.NullResultGuardian.handle(NullResultGuardian.java:29)
	at org.mockito.internal.handler.InvocationNotifierHandler.handle(InvocationNotifierHandler.java:34)
	at org.mockito.internal.creation.bytebuddy.MockMethodInterceptor.doIntercept(MockMethodInterceptor.java:82)
	at org.mockito.internal.creation.bytebuddy.MockMethodAdvice.handle(MockMethodAdvice.java:134)
	at de.tum.cit.aet.artemis.programming.service.jenkins.JenkinsService.copyBuildPlan(JenkinsService.java:126)
	at de.tum.cit.aet.artemis.exercise.service.ParticipationService.copyBuildPlan(ParticipationService.java:518)
	at de.tum.cit.aet.artemis.exercise.service.ParticipationService.startProgrammingParticipation(ParticipationService.java:296)
	at de.tum.cit.aet.artemis.exercise.service.ParticipationService.startProgrammingExercise(ParticipationService.java:265)
	at de.tum.cit.aet.artemis.exercise.service.ParticipationService.startExerciseWithInitializationDate(ParticipationService.java:192)
	at de.tum.cit.aet.artemis.exercise.service.ParticipationService.startExercise(ParticipationService.java:151)
	at de.tum.cit.aet.artemis.exam.service.StudentExamService.setUpExerciseParticipationsAndSubmissionsWithInitializationDate(StudentExamService.java:686)
	at de.tum.cit.aet.artemis.exam.service.StudentExamService.setUpExerciseParticipationsAndSubmissions(StudentExamService.java:800)
	at de.tum.cit.aet.artemis.exam.service.StudentExamService.lambda$startExercises$15(StudentExamService.java:735)
	at java.base/java.util.concurrent.CompletableFuture$AsyncRun.run(CompletableFuture.java:1804)
	at java.base/java.util.concurrent.ThreadPoolExecutor.runWorker(ThreadPoolExecutor.java:1144)
	at java.base/java.util.concurrent.ThreadPoolExecutor$Worker.run(ThreadPoolExecutor.java:642)
	at java.base/java.lang.Thread.run(Thread.java:1583)
    23:42:56.397 | 135 ol-1449-thread-5 | ERROR | .a.a.p.s.j.b.JenkinsBuildPlanService : Pipeline Script not found
java.lang.IllegalArgumentException: Pipeline Script not found
	at de.tum.cit.aet.artemis.programming.service.jenkins.build_plan.JenkinsBuildPlanUtils.replaceScriptParameters(JenkinsBuildPlanUtils.java:22)
	at de.tum.cit.aet.artemis.programming.service.jenkins.build_plan.JenkinsBuildPlanService.updateBuildPlanURLs(JenkinsBuildPlanService.java:245)
	at de.tum.cit.aet.artemis.programming.service.jenkins.build_plan.JenkinsBuildPlanService.copyBuildPlan(JenkinsBuildPlanService.java:293)
	at de.tum.cit.aet.artemis.programming.service.jenkins.JenkinsService.copyBuildPlan(JenkinsService.java:128)
	at java.base/java.lang.invoke.MethodHandle.invokeWithArguments(MethodHandle.java:733)
	at org.mockito.internal.util.reflection.InstrumentationMemberAccessor$Dispatcher$ByteBuddy$oog9jsgw.invokeWithArguments(Unknown Source)
	at org.mockito.internal.util.reflection.InstrumentationMemberAccessor.invoke(InstrumentationMemberAccessor.java:251)
	at org.mockito.internal.util.reflection.ModuleMemberAccessor.invoke(ModuleMemberAccessor.java:55)
	at org.mockito.internal.creation.bytebuddy.MockMethodAdvice.tryInvoke(MockMethodAdvice.java:314)
	at org.mockito.internal.creation.bytebuddy.MockMethodAdvice$RealMethodCall.invoke(MockMethodAdvice.java:234)
	at org.mockito.internal.invocation.InterceptedInvocation.callRealMethod(InterceptedInvocation.java:142)
	at org.mockito.internal.stubbing.answers.CallsRealMethods.answer(CallsRealMethods.java:45)
	at org.mockito.Answers.answer(Answers.java:90)
	at org.mockito.internal.handler.MockHandlerImpl.handle(MockHandlerImpl.java:111)
	at org.mockito.internal.handler.NullResultGuardian.handle(NullResultGuardian.java:29)
	at org.mockito.internal.handler.InvocationNotifierHandler.handle(InvocationNotifierHandler.java:34)
	at org.mockito.internal.creation.bytebuddy.MockMethodInterceptor.doIntercept(MockMethodInterceptor.java:82)
	at org.mockito.internal.creation.bytebuddy.MockMethodAdvice.handle(MockMethodAdvice.java:134)
	at de.tum.cit.aet.artemis.programming.service.jenkins.JenkinsService.copyBuildPlan(JenkinsService.java:126)
	at de.tum.cit.aet.artemis.exercise.service.ParticipationService.copyBuildPlan(ParticipationService.java:518)
	at de.tum.cit.aet.artemis.exercise.service.ParticipationService.startProgrammingParticipation(ParticipationService.java:296)
	at de.tum.cit.aet.artemis.exercise.service.ParticipationService.startProgrammingExercise(ParticipationService.java:265)
	at de.tum.cit.aet.artemis.exercise.service.ParticipationService.startExerciseWithInitializationDate(ParticipationService.java:192)
	at de.tum.cit.aet.artemis.exercise.service.ParticipationService.startExercise(ParticipationService.java:151)
	at de.tum.cit.aet.artemis.exam.service.StudentExamService.setUpExerciseParticipationsAndSubmissionsWithInitializationDate(StudentExamService.java:686)
	at de.tum.cit.aet.artemis.exam.service.StudentExamService.setUpExerciseParticipationsAndSubmissions(StudentExamService.java:800)
	at de.tum.cit.aet.artemis.exam.service.StudentExamService.lambda$startExercises$15(StudentExamService.java:735)
	at java.base/java.util.concurrent.CompletableFuture$AsyncRun.run(CompletableFuture.java:1804)
	at java.base/java.util.concurrent.ThreadPoolExecutor.runWorker(ThreadPoolExecutor.java:1144)
	at java.base/java.util.concurrent.ThreadPoolExecutor$Worker.run(ThreadPoolExecutor.java:642)
	at java.base/java.lang.Thread.run(Thread.java:1583)
    23:42:56.397 | 134 ol-1449-thread-4 | ERROR | .a.a.p.s.j.b.JenkinsBuildPlanService : Pipeline Script not found
java.lang.IllegalArgumentException: Pipeline Script not found
	at de.tum.cit.aet.artemis.programming.service.jenkins.build_plan.JenkinsBuildPlanUtils.replaceScriptParameters(JenkinsBuildPlanUtils.java:22)
	at de.tum.cit.aet.artemis.programming.service.jenkins.build_plan.JenkinsBuildPlanService.updateBuildPlanURLs(JenkinsBuildPlanService.java:245)
	at de.tum.cit.aet.artemis.programming.service.jenkins.build_plan.JenkinsBuildPlanService.copyBuildPlan(JenkinsBuildPlanService.java:293)
	at de.tum.cit.aet.artemis.programming.service.jenkins.JenkinsService.copyBuildPlan(JenkinsService.java:128)
	at java.base/java.lang.invoke.MethodHandle.invokeWithArguments(MethodHandle.java:733)
	at org.mockito.internal.util.reflection.InstrumentationMemberAccessor$Dispatcher$ByteBuddy$oog9jsgw.invokeWithArguments(Unknown Source)
	at org.mockito.internal.util.reflection.InstrumentationMemberAccessor.invoke(InstrumentationMemberAccessor.java:251)
	at org.mockito.internal.util.reflection.ModuleMemberAccessor.invoke(ModuleMemberAccessor.java:55)
	at org.mockito.internal.creation.bytebuddy.MockMethodAdvice.tryInvoke(MockMethodAdvice.java:314)
	at org.mockito.internal.creation.bytebuddy.MockMethodAdvice$RealMethodCall.invoke(MockMethodAdvice.java:234)
	at org.mockito.internal.invocation.InterceptedInvocation.callRealMethod(InterceptedInvocation.java:142)
	at org.mockito.internal.stubbing.answers.CallsRealMethods.answer(CallsRealMethods.java:45)
	at org.mockito.Answers.answer(Answers.java:90)
	at org.mockito.internal.handler.MockHandlerImpl.handle(MockHandlerImpl.java:111)
	at org.mockito.internal.handler.NullResultGuardian.handle(NullResultGuardian.java:29)
	at org.mockito.internal.handler.InvocationNotifierHandler.handle(InvocationNotifierHandler.java:34)
	at org.mockito.internal.creation.bytebuddy.MockMethodInterceptor.doIntercept(MockMethodInterceptor.java:82)
	at org.mockito.internal.creation.bytebuddy.MockMethodAdvice.handle(MockMethodAdvice.java:134)
	at de.tum.cit.aet.artemis.programming.service.jenkins.JenkinsService.copyBuildPlan(JenkinsService.java:126)
	at de.tum.cit.aet.artemis.exercise.service.ParticipationService.copyBuildPlan(ParticipationService.java:518)
	at de.tum.cit.aet.artemis.exercise.service.ParticipationService.startProgrammingParticipation(ParticipationService.java:296)
	at de.tum.cit.aet.artemis.exercise.service.ParticipationService.startProgrammingExercise(ParticipationService.java:265)
	at de.tum.cit.aet.artemis.exercise.service.ParticipationService.startExerciseWithInitializationDate(ParticipationService.java:192)
	at de.tum.cit.aet.artemis.exercise.service.ParticipationService.startExercise(ParticipationService.java:151)
	at de.tum.cit.aet.artemis.exam.service.StudentExamService.setUpExerciseParticipationsAndSubmissionsWithInitializationDate(StudentExamService.java:686)
	at de.tum.cit.aet.artemis.exam.service.StudentExamService.setUpExerciseParticipationsAndSubmissions(StudentExamService.java:800)
	at de.tum.cit.aet.artemis.exam.service.StudentExamService.lambda$startExercises$15(StudentExamService.java:735)
	at java.base/java.util.concurrent.CompletableFuture$AsyncRun.run(CompletableFuture.java:1804)
	at java.base/java.util.concurrent.ThreadPoolExecutor.runWorker(ThreadPoolExecutor.java:1144)
	at java.base/java.util.concurrent.ThreadPoolExecutor$Worker.run(ThreadPoolExecutor.java:642)
	at java.base/java.lang.Thread.run(Thread.java:1583)
    23:42:56.408 | 131 ol-1449-thread-1 | ERROR | .a.a.p.s.j.b.JenkinsBuildPlanService : Pipeline Script not found
java.lang.IllegalArgumentException: Pipeline Script not found
	at de.tum.cit.aet.artemis.programming.service.jenkins.build_plan.JenkinsBuildPlanUtils.replaceScriptParameters(JenkinsBuildPlanUtils.java:22)
	at de.tum.cit.aet.artemis.programming.service.jenkins.build_plan.JenkinsBuildPlanService.updateBuildPlanURLs(JenkinsBuildPlanService.java:245)
	at de.tum.cit.aet.artemis.programming.service.jenkins.build_plan.JenkinsBuildPlanService.copyBuildPlan(JenkinsBuildPlanService.java:293)
	at de.tum.cit.aet.artemis.programming.service.jenkins.JenkinsService.copyBuildPlan(JenkinsService.java:128)
	at java.base/java.lang.invoke.MethodHandle.invokeWithArguments(MethodHandle.java:733)
	at org.mockito.internal.util.reflection.InstrumentationMemberAccessor$Dispatcher$ByteBuddy$oog9jsgw.invokeWithArguments(Unknown Source)
	at org.mockito.internal.util.reflection.InstrumentationMemberAccessor.invoke(InstrumentationMemberAccessor.java:251)
	at org.mockito.internal.util.reflection.ModuleMemberAccessor.invoke(ModuleMemberAccessor.java:55)
	at org.mockito.internal.creation.bytebuddy.MockMethodAdvice.tryInvoke(MockMethodAdvice.java:314)
	at org.mockito.internal.creation.bytebuddy.MockMethodAdvice$RealMethodCall.invoke(MockMethodAdvice.java:234)
	at org.mockito.internal.invocation.InterceptedInvocation.callRealMethod(InterceptedInvocation.java:142)
	at org.mockito.internal.stubbing.answers.CallsRealMethods.answer(CallsRealMethods.java:45)
	at org.mockito.Answers.answer(Answers.java:90)
	at org.mockito.internal.handler.MockHandlerImpl.handle(MockHandlerImpl.java:111)
	at org.mockito.internal.handler.NullResultGuardian.handle(NullResultGuardian.java:29)
	at org.mockito.internal.handler.InvocationNotifierHandler.handle(InvocationNotifierHandler.java:34)
	at org.mockito.internal.creation.bytebuddy.MockMethodInterceptor.doIntercept(MockMethodInterceptor.java:82)
	at org.mockito.internal.creation.bytebuddy.MockMethodAdvice.handle(MockMethodAdvice.java:134)
	at de.tum.cit.aet.artemis.programming.service.jenkins.JenkinsService.copyBuildPlan(JenkinsService.java:126)
	at de.tum.cit.aet.artemis.exercise.service.ParticipationService.copyBuildPlan(ParticipationService.java:518)
	at de.tum.cit.aet.artemis.exercise.service.ParticipationService.startProgrammingParticipation(ParticipationService.java:296)
	at de.tum.cit.aet.artemis.exercise.service.ParticipationService.startProgrammingExercise(ParticipationService.java:265)
	at de.tum.cit.aet.artemis.exercise.service.ParticipationService.startExerciseWithInitializationDate(ParticipationService.java:192)
	at de.tum.cit.aet.artemis.exercise.service.ParticipationService.startExercise(ParticipationService.java:151)
	at de.tum.cit.aet.artemis.exam.service.StudentExamService.setUpExerciseParticipationsAndSubmissionsWithInitializationDate(StudentExamService.java:686)
	at de.tum.cit.aet.artemis.exam.service.StudentExamService.setUpExerciseParticipationsAndSubmissions(StudentExamService.java:800)
	at de.tum.cit.aet.artemis.exam.service.StudentExamService.lambda$startExercises$15(StudentExamService.java:735)
	at java.base/java.util.concurrent.CompletableFuture$AsyncRun.run(CompletableFuture.java:1804)
	at java.base/java.util.concurrent.ThreadPoolExecutor.runWorker(ThreadPoolExecutor.java:1144)
	at java.base/java.util.concurrent.ThreadPoolExecutor$Worker.run(ThreadPoolExecutor.java:642)
	at java.base/java.lang.Thread.run(Thread.java:1583)
    23:42:56.409 | 133 ol-1449-thread-3 | ERROR | .a.a.p.s.j.b.JenkinsBuildPlanService : Pipeline Script not found
java.lang.IllegalArgumentException: Pipeline Script not found
	at de.tum.cit.aet.artemis.programming.service.jenkins.build_plan.JenkinsBuildPlanUtils.replaceScriptParameters(JenkinsBuildPlanUtils.java:22)
	at de.tum.cit.aet.artemis.programming.service.jenkins.build_plan.JenkinsBuildPlanService.updateBuildPlanURLs(JenkinsBuildPlanService.java:245)
	at de.tum.cit.aet.artemis.programming.service.jenkins.build_plan.JenkinsBuildPlanService.copyBuildPlan(JenkinsBuildPlanService.java:293)
	at de.tum.cit.aet.artemis.programming.service.jenkins.JenkinsService.copyBuildPlan(JenkinsService.java:128)
	at java.base/java.lang.invoke.MethodHandle.invokeWithArguments(MethodHandle.java:733)
	at org.mockito.internal.util.reflection.InstrumentationMemberAccessor$Dispatcher$ByteBuddy$oog9jsgw.invokeWithArguments(Unknown Source)
	at org.mockito.internal.util.reflection.InstrumentationMemberAccessor.invoke(InstrumentationMemberAccessor.java:251)
	at org.mockito.internal.util.reflection.ModuleMemberAccessor.invoke(ModuleMemberAccessor.java:55)
	at org.mockito.internal.creation.bytebuddy.MockMethodAdvice.tryInvoke(MockMethodAdvice.java:314)
	at org.mockito.internal.creation.bytebuddy.MockMethodAdvice$RealMethodCall.invoke(MockMethodAdvice.java:234)
	at org.mockito.internal.invocation.InterceptedInvocation.callRealMethod(InterceptedInvocation.java:142)
	at org.mockito.internal.stubbing.answers.CallsRealMethods.answer(CallsRealMethods.java:45)
	at org.mockito.Answers.answer(Answers.java:90)
	at org.mockito.internal.handler.MockHandlerImpl.handle(MockHandlerImpl.java:111)
	at org.mockito.internal.handler.NullResultGuardian.handle(NullResultGuardian.java:29)
	at org.mockito.internal.handler.InvocationNotifierHandler.handle(InvocationNotifierHandler.java:34)
	at org.mockito.internal.creation.bytebuddy.MockMethodInterceptor.doIntercept(MockMethodInterceptor.java:82)
	at org.mockito.internal.creation.bytebuddy.MockMethodAdvice.handle(MockMethodAdvice.java:134)
	at de.tum.cit.aet.artemis.programming.service.jenkins.JenkinsService.copyBuildPlan(JenkinsService.java:126)
	at de.tum.cit.aet.artemis.exercise.service.ParticipationService.copyBuildPlan(ParticipationService.java:518)
	at de.tum.cit.aet.artemis.exercise.service.ParticipationService.startProgrammingParticipation(ParticipationService.java:296)
	at de.tum.cit.aet.artemis.exercise.service.ParticipationService.startProgrammingExercise(ParticipationService.java:265)
	at de.tum.cit.aet.artemis.exercise.service.ParticipationService.startExerciseWithInitializationDate(ParticipationService.java:192)
	at de.tum.cit.aet.artemis.exercise.service.ParticipationService.startExercise(ParticipationService.java:151)
	at de.tum.cit.aet.artemis.exam.service.StudentExamService.setUpExerciseParticipationsAndSubmissionsWithInitializationDate(StudentExamService.java:686)
	at de.tum.cit.aet.artemis.exam.service.StudentExamService.setUpExerciseParticipationsAndSubmissions(StudentExamService.java:800)
	at de.tum.cit.aet.artemis.exam.service.StudentExamService.lambda$startExercises$15(StudentExamService.java:735)
	at java.base/java.util.concurrent.CompletableFuture$AsyncRun.run(CompletableFuture.java:1804)
	at java.base/java.util.concurrent.ThreadPoolExecutor.runWorker(ThreadPoolExecutor.java:1144)
	at java.base/java.util.concurrent.ThreadPoolExecutor$Worker.run(ThreadPoolExecutor.java:642)
	at java.base/java.lang.Thread.run(Thread.java:1583)
    23:42:56.419 | 135 ol-1449-thread-5 | ERROR | .a.a.p.s.j.b.JenkinsBuildPlanService : Pipeline Script not found
java.lang.IllegalArgumentException: Pipeline Script not found
	at de.tum.cit.aet.artemis.programming.service.jenkins.build_plan.JenkinsBuildPlanUtils.replaceScriptParameters(JenkinsBuildPlanUtils.java:29)
	at de.tum.cit.aet.artemis.programming.service.jenkins.build_plan.JenkinsBuildPlanService.updateBuildPlanRepositories(JenkinsBuildPlanService.java:219)
	at de.tum.cit.aet.artemis.programming.service.jenkins.build_plan.JenkinsBuildPlanService.configureBuildPlanForParticipation(JenkinsBuildPlanService.java:196)
	at de.tum.cit.aet.artemis.programming.service.jenkins.JenkinsService.configureBuildPlan(JenkinsService.java:138)
	at java.base/java.lang.invoke.MethodHandle.invokeWithArguments(MethodHandle.java:733)
	at org.mockito.internal.util.reflection.InstrumentationMemberAccessor$Dispatcher$ByteBuddy$oog9jsgw.invokeWithArguments(Unknown Source)
	at org.mockito.internal.util.reflection.InstrumentationMemberAccessor.invoke(InstrumentationMemberAccessor.java:251)
	at org.mockito.internal.util.reflection.ModuleMemberAccessor.invoke(ModuleMemberAccessor.java:55)
	at org.mockito.internal.creation.bytebuddy.MockMethodAdvice.tryInvoke(MockMethodAdvice.java:314)
	at org.mockito.internal.creation.bytebuddy.MockMethodAdvice$RealMethodCall.invoke(MockMethodAdvice.java:234)
	at org.mockito.internal.invocation.InterceptedInvocation.callRealMethod(InterceptedInvocation.java:142)
	at org.mockito.internal.stubbing.answers.CallsRealMethods.answer(CallsRealMethods.java:45)
	at org.mockito.Answers.answer(Answers.java:90)
	at org.mockito.internal.handler.MockHandlerImpl.handle(MockHandlerImpl.java:111)
	at org.mockito.internal.handler.NullResultGuardian.handle(NullResultGuardian.java:29)
	at org.mockito.internal.handler.InvocationNotifierHandler.handle(InvocationNotifierHandler.java:34)
	at org.mockito.internal.creation.bytebuddy.MockMethodInterceptor.doIntercept(MockMethodInterceptor.java:82)
	at org.mockito.internal.creation.bytebuddy.MockMethodAdvice.handle(MockMethodAdvice.java:134)
	at de.tum.cit.aet.artemis.programming.service.jenkins.JenkinsService.configureBuildPlan(JenkinsService.java:138)
	at de.tum.cit.aet.artemis.exercise.service.ParticipationService.configureBuildPlan(ParticipationService.java:532)
	at de.tum.cit.aet.artemis.exercise.service.ParticipationService.startProgrammingParticipation(ParticipationService.java:298)
	at de.tum.cit.aet.artemis.exercise.service.ParticipationService.startProgrammingExercise(ParticipationService.java:265)
	at de.tum.cit.aet.artemis.exercise.service.ParticipationService.startExerciseWithInitializationDate(ParticipationService.java:192)
	at de.tum.cit.aet.artemis.exercise.service.ParticipationService.startExercise(ParticipationService.java:151)
	at de.tum.cit.aet.artemis.exam.service.StudentExamService.setUpExerciseParticipationsAndSubmissionsWithInitializationDate(StudentExamService.java:686)
	at de.tum.cit.aet.artemis.exam.service.StudentExamService.setUpExerciseParticipationsAndSubmissions(StudentExamService.java:800)
	at de.tum.cit.aet.artemis.exam.service.StudentExamService.lambda$startExercises$15(StudentExamService.java:735)
	at java.base/java.util.concurrent.CompletableFuture$AsyncRun.run(CompletableFuture.java:1804)
	at java.base/java.util.concurrent.ThreadPoolExecutor.runWorker(ThreadPoolExecutor.java:1144)
	at java.base/java.util.concurrent.ThreadPoolExecutor$Worker.run(ThreadPoolExecutor.java:642)
	at java.base/java.lang.Thread.run(Thread.java:1583)
    23:42:56.420 | 132 ol-1449-thread-2 | ERROR | .a.a.p.s.j.b.JenkinsBuildPlanService : Pipeline Script not found
java.lang.IllegalArgumentException: Pipeline Script not found
	at de.tum.cit.aet.artemis.programming.service.jenkins.build_plan.JenkinsBuildPlanUtils.replaceScriptParameters(JenkinsBuildPlanUtils.java:29)
	at de.tum.cit.aet.artemis.programming.service.jenkins.build_plan.JenkinsBuildPlanService.updateBuildPlanRepositories(JenkinsBuildPlanService.java:219)
	at de.tum.cit.aet.artemis.programming.service.jenkins.build_plan.JenkinsBuildPlanService.configureBuildPlanForParticipation(JenkinsBuildPlanService.java:196)
	at de.tum.cit.aet.artemis.programming.service.jenkins.JenkinsService.configureBuildPlan(JenkinsService.java:138)
	at java.base/java.lang.invoke.MethodHandle.invokeWithArguments(MethodHandle.java:733)
	at org.mockito.internal.util.reflection.InstrumentationMemberAccessor$Dispatcher$ByteBuddy$oog9jsgw.invokeWithArguments(Unknown Source)
	at org.mockito.internal.util.reflection.InstrumentationMemberAccessor.invoke(InstrumentationMemberAccessor.java:251)
	at org.mockito.internal.util.reflection.ModuleMemberAccessor.invoke(ModuleMemberAccessor.java:55)
	at org.mockito.internal.creation.bytebuddy.MockMethodAdvice.tryInvoke(MockMethodAdvice.java:314)
	at org.mockito.internal.creation.bytebuddy.MockMethodAdvice$RealMethodCall.invoke(MockMethodAdvice.java:234)
	at org.mockito.internal.invocation.InterceptedInvocation.callRealMethod(InterceptedInvocation.java:142)
	at org.mockito.internal.stubbing.answers.CallsRealMethods.answer(CallsRealMethods.java:45)
	at org.mockito.Answers.answer(Answers.java:90)
	at org.mockito.internal.handler.MockHandlerImpl.handle(MockHandlerImpl.java:111)
	at org.mockito.internal.handler.NullResultGuardian.handle(NullResultGuardian.java:29)
	at org.mockito.internal.handler.InvocationNotifierHandler.handle(InvocationNotifierHandler.java:34)
	at org.mockito.internal.creation.bytebuddy.MockMethodInterceptor.doIntercept(MockMethodInterceptor.java:82)
	at org.mockito.internal.creation.bytebuddy.MockMethodAdvice.handle(MockMethodAdvice.java:134)
	at de.tum.cit.aet.artemis.programming.service.jenkins.JenkinsService.configureBuildPlan(JenkinsService.java:138)
	at de.tum.cit.aet.artemis.exercise.service.ParticipationService.configureBuildPlan(ParticipationService.java:532)
	at de.tum.cit.aet.artemis.exercise.service.ParticipationService.startProgrammingParticipation(ParticipationService.java:298)
	at de.tum.cit.aet.artemis.exercise.service.ParticipationService.startProgrammingExercise(ParticipationService.java:265)
	at de.tum.cit.aet.artemis.exercise.service.ParticipationService.startExerciseWithInitializationDate(ParticipationService.java:192)
	at de.tum.cit.aet.artemis.exercise.service.ParticipationService.startExercise(ParticipationService.java:151)
	at de.tum.cit.aet.artemis.exam.service.StudentExamService.setUpExerciseParticipationsAndSubmissionsWithInitializationDate(StudentExamService.java:686)
	at de.tum.cit.aet.artemis.exam.service.StudentExamService.setUpExerciseParticipationsAndSubmissions(StudentExamService.java:800)
	at de.tum.cit.aet.artemis.exam.service.StudentExamService.lambda$startExercises$15(StudentExamService.java:735)
	at java.base/java.util.concurrent.CompletableFuture$AsyncRun.run(CompletableFuture.java:1804)
	at java.base/java.util.concurrent.ThreadPoolExecutor.runWorker(ThreadPoolExecutor.java:1144)
	at java.base/java.util.concurrent.ThreadPoolExecutor$Worker.run(ThreadPoolExecutor.java:642)
	at java.base/java.lang.Thread.run(Thread.java:1583)
    23:42:56.427 | 134 ol-1449-thread-4 | ERROR | .a.a.p.s.j.b.JenkinsBuildPlanService : Pipeline Script not found
java.lang.IllegalArgumentException: Pipeline Script not found
	at de.tum.cit.aet.artemis.programming.service.jenkins.build_plan.JenkinsBuildPlanUtils.replaceScriptParameters(JenkinsBuildPlanUtils.java:29)
	at de.tum.cit.aet.artemis.programming.service.jenkins.build_plan.JenkinsBuildPlanService.updateBuildPlanRepositories(JenkinsBuildPlanService.java:219)
	at de.tum.cit.aet.artemis.programming.service.jenkins.build_plan.JenkinsBuildPlanService.configureBuildPlanForParticipation(JenkinsBuildPlanService.java:196)
	at de.tum.cit.aet.artemis.programming.service.jenkins.JenkinsService.configureBuildPlan(JenkinsService.java:138)
	at java.base/java.lang.invoke.MethodHandle.invokeWithArguments(MethodHandle.java:733)
	at org.mockito.internal.util.reflection.InstrumentationMemberAccessor$Dispatcher$ByteBuddy$oog9jsgw.invokeWithArguments(Unknown Source)
	at org.mockito.internal.util.reflection.InstrumentationMemberAccessor.invoke(InstrumentationMemberAccessor.java:251)
	at org.mockito.internal.util.reflection.ModuleMemberAccessor.invoke(ModuleMemberAccessor.java:55)
	at org.mockito.internal.creation.bytebuddy.MockMethodAdvice.tryInvoke(MockMethodAdvice.java:314)
	at org.mockito.internal.creation.bytebuddy.MockMethodAdvice$RealMethodCall.invoke(MockMethodAdvice.java:234)
	at org.mockito.internal.invocation.InterceptedInvocation.callRealMethod(InterceptedInvocation.java:142)
	at org.mockito.internal.stubbing.answers.CallsRealMethods.answer(CallsRealMethods.java:45)
	at org.mockito.Answers.answer(Answers.java:90)
	at org.mockito.internal.handler.MockHandlerImpl.handle(MockHandlerImpl.java:111)
	at org.mockito.internal.handler.NullResultGuardian.handle(NullResultGuardian.java:29)
	at org.mockito.internal.handler.InvocationNotifierHandler.handle(InvocationNotifierHandler.java:34)
	at org.mockito.internal.creation.bytebuddy.MockMethodInterceptor.doIntercept(MockMethodInterceptor.java:82)
	at org.mockito.internal.creation.bytebuddy.MockMethodAdvice.handle(MockMethodAdvice.java:134)
	at de.tum.cit.aet.artemis.programming.service.jenkins.JenkinsService.configureBuildPlan(JenkinsService.java:138)
	at de.tum.cit.aet.artemis.exercise.service.ParticipationService.configureBuildPlan(ParticipationService.java:532)
	at de.tum.cit.aet.artemis.exercise.service.ParticipationService.startProgrammingParticipation(ParticipationService.java:298)
	at de.tum.cit.aet.artemis.exercise.service.ParticipationService.startProgrammingExercise(ParticipationService.java:265)
	at de.tum.cit.aet.artemis.exercise.service.ParticipationService.startExerciseWithInitializationDate(ParticipationService.java:192)
	at de.tum.cit.aet.artemis.exercise.service.ParticipationService.startExercise(ParticipationService.java:151)
	at de.tum.cit.aet.artemis.exam.service.StudentExamService.setUpExerciseParticipationsAndSubmissionsWithInitializationDate(StudentExamService.java:686)
	at de.tum.cit.aet.artemis.exam.service.StudentExamService.setUpExerciseParticipationsAndSubmissions(StudentExamService.java:800)
	at de.tum.cit.aet.artemis.exam.service.StudentExamService.lambda$startExercises$15(StudentExamService.java:735)
	at java.base/java.util.concurrent.CompletableFuture$AsyncRun.run(CompletableFuture.java:1804)
	at java.base/java.util.concurrent.ThreadPoolExecutor.runWorker(ThreadPoolExecutor.java:1144)
	at java.base/java.util.concurrent.ThreadPoolExecutor$Worker.run(ThreadPoolExecutor.java:642)
	at java.base/java.lang.Thread.run(Thread.java:1583)
    23:42:56.431 | 135 ol-1449-thread-5 | INFO  | d.t.c.a.a.p.s.gitlab.GitLabService   : Adding user 1 with permissions 30 to repository SHORTA309E14E00F32040E40A17A07EB7860F2D04TE9C/shorta309e14e00f32040e40a17a07eb7860f2d04te9c-examparticipationtesttutor1
    23:42:56.432 | 135 ol-1449-thread-5 | INFO  | d.t.c.a.a.e.s.StudentExamService     : SUCCESS: Start exercise for student exam 122 and exercise 620 and student examparticipationtesttutor1
    23:42:56.436 | 131 ol-1449-thread-1 | ERROR | .a.a.p.s.j.b.JenkinsBuildPlanService : Pipeline Script not found
java.lang.IllegalArgumentException: Pipeline Script not found
	at de.tum.cit.aet.artemis.programming.service.jenkins.build_plan.JenkinsBuildPlanUtils.replaceScriptParameters(JenkinsBuildPlanUtils.java:29)
	at de.tum.cit.aet.artemis.programming.service.jenkins.build_plan.JenkinsBuildPlanService.updateBuildPlanRepositories(JenkinsBuildPlanService.java:219)
	at de.tum.cit.aet.artemis.programming.service.jenkins.build_plan.JenkinsBuildPlanService.configureBuildPlanForParticipation(JenkinsBuildPlanService.java:196)
	at de.tum.cit.aet.artemis.programming.service.jenkins.JenkinsService.configureBuildPlan(JenkinsService.java:138)
	at java.base/java.lang.invoke.MethodHandle.invokeWithArguments(MethodHandle.java:733)
	at org.mockito.internal.util.reflection.InstrumentationMemberAccessor$Dispatcher$ByteBuddy$oog9jsgw.invokeWithArguments(Unknown Source)
	at org.mockito.internal.util.reflection.InstrumentationMemberAccessor.invoke(InstrumentationMemberAccessor.java:251)
	at org.mockito.internal.util.reflection.ModuleMemberAccessor.invoke(ModuleMemberAccessor.java:55)
	at org.mockito.internal.creation.bytebuddy.MockMethodAdvice.tryInvoke(MockMethodAdvice.java:314)
	at org.mockito.internal.creation.bytebuddy.MockMethodAdvice$RealMethodCall.invoke(MockMethodAdvice.java:234)
	at org.mockito.internal.invocation.InterceptedInvocation.callRealMethod(InterceptedInvocation.java:142)
	at org.mockito.internal.stubbing.answers.CallsRealMethods.answer(CallsRealMethods.java:45)
	at org.mockito.Answers.answer(Answers.java:90)
	at org.mockito.internal.handler.MockHandlerImpl.handle(MockHandlerImpl.java:111)
	at org.mockito.internal.handler.NullResultGuardian.handle(NullResultGuardian.java:29)
	at org.mockito.internal.handler.InvocationNotifierHandler.handle(InvocationNotifierHandler.java:34)
	at org.mockito.internal.creation.bytebuddy.MockMethodInterceptor.doIntercept(MockMethodInterceptor.java:82)
	at org.mockito.internal.creation.bytebuddy.MockMethodAdvice.handle(MockMethodAdvice.java:134)
	at de.tum.cit.aet.artemis.programming.service.jenkins.JenkinsService.configureBuildPlan(JenkinsService.java:138)
	at de.tum.cit.aet.artemis.exercise.service.ParticipationService.configureBuildPlan(ParticipationService.java:532)
	at de.tum.cit.aet.artemis.exercise.service.ParticipationService.startProgrammingParticipation(ParticipationService.java:298)
	at de.tum.cit.aet.artemis.exercise.service.ParticipationService.startProgrammingExercise(ParticipationService.java:265)
	at de.tum.cit.aet.artemis.exercise.service.ParticipationService.startExerciseWithInitializationDate(ParticipationService.java:192)
	at de.tum.cit.aet.artemis.exercise.service.ParticipationService.startExercise(ParticipationService.java:151)
	at de.tum.cit.aet.artemis.exam.service.StudentExamService.setUpExerciseParticipationsAndSubmissionsWithInitializationDate(StudentExamService.java:686)
	at de.tum.cit.aet.artemis.exam.service.StudentExamService.setUpExerciseParticipationsAndSubmissions(StudentExamService.java:800)
	at de.tum.cit.aet.artemis.exam.service.StudentExamService.lambda$startExercises$15(StudentExamService.java:735)
	at java.base/java.util.concurrent.CompletableFuture$AsyncRun.run(CompletableFuture.java:1804)
	at java.base/java.util.concurrent.ThreadPoolExecutor.runWorker(ThreadPoolExecutor.java:1144)
	at java.base/java.util.concurrent.ThreadPoolExecutor$Worker.run(ThreadPoolExecutor.java:642)
	at java.base/java.lang.Thread.run(Thread.java:1583)
    23:42:56.436 | 133 ol-1449-thread-3 | ERROR | .a.a.p.s.j.b.JenkinsBuildPlanService : Pipeline Script not found
java.lang.IllegalArgumentException: Pipeline Script not found
	at de.tum.cit.aet.artemis.programming.service.jenkins.build_plan.JenkinsBuildPlanUtils.replaceScriptParameters(JenkinsBuildPlanUtils.java:29)
	at de.tum.cit.aet.artemis.programming.service.jenkins.build_plan.JenkinsBuildPlanService.updateBuildPlanRepositories(JenkinsBuildPlanService.java:219)
	at de.tum.cit.aet.artemis.programming.service.jenkins.build_plan.JenkinsBuildPlanService.configureBuildPlanForParticipation(JenkinsBuildPlanService.java:196)
	at de.tum.cit.aet.artemis.programming.service.jenkins.JenkinsService.configureBuildPlan(JenkinsService.java:138)
	at java.base/java.lang.invoke.MethodHandle.invokeWithArguments(MethodHandle.java:733)
	at org.mockito.internal.util.reflection.InstrumentationMemberAccessor$Dispatcher$ByteBuddy$oog9jsgw.invokeWithArguments(Unknown Source)
	at org.mockito.internal.util.reflection.InstrumentationMemberAccessor.invoke(InstrumentationMemberAccessor.java:251)
	at org.mockito.internal.util.reflection.ModuleMemberAccessor.invoke(ModuleMemberAccessor.java:55)
	at org.mockito.internal.creation.bytebuddy.MockMethodAdvice.tryInvoke(MockMethodAdvice.java:314)
	at org.mockito.internal.creation.bytebuddy.MockMethodAdvice$RealMethodCall.invoke(MockMethodAdvice.java:234)
	at org.mockito.internal.invocation.InterceptedInvocation.callRealMethod(InterceptedInvocation.java:142)
	at org.mockito.internal.stubbing.answers.CallsRealMethods.answer(CallsRealMethods.java:45)
	at org.mockito.Answers.answer(Answers.java:90)
	at org.mockito.internal.handler.MockHandlerImpl.handle(MockHandlerImpl.java:111)
	at org.mockito.internal.handler.NullResultGuardian.handle(NullResultGuardian.java:29)
	at org.mockito.internal.handler.InvocationNotifierHandler.handle(InvocationNotifierHandler.java:34)
	at org.mockito.internal.creation.bytebuddy.MockMethodInterceptor.doIntercept(MockMethodInterceptor.java:82)
	at org.mockito.internal.creation.bytebuddy.MockMethodAdvice.handle(MockMethodAdvice.java:134)
	at de.tum.cit.aet.artemis.programming.service.jenkins.JenkinsService.configureBuildPlan(JenkinsService.java:138)
	at de.tum.cit.aet.artemis.exercise.service.ParticipationService.configureBuildPlan(ParticipationService.java:532)
	at de.tum.cit.aet.artemis.exercise.service.ParticipationService.startProgrammingParticipation(ParticipationService.java:298)
	at de.tum.cit.aet.artemis.exercise.service.ParticipationService.startProgrammingExercise(ParticipationService.java:265)
	at de.tum.cit.aet.artemis.exercise.service.ParticipationService.startExerciseWithInitializationDate(ParticipationService.java:192)
	at de.tum.cit.aet.artemis.exercise.service.ParticipationService.startExercise(ParticipationService.java:151)
	at de.tum.cit.aet.artemis.exam.service.StudentExamService.setUpExerciseParticipationsAndSubmissionsWithInitializationDate(StudentExamService.java:686)
	at de.tum.cit.aet.artemis.exam.service.StudentExamService.setUpExerciseParticipationsAndSubmissions(StudentExamService.java:800)
	at de.tum.cit.aet.artemis.exam.service.StudentExamService.lambda$startExercises$15(StudentExamService.java:735)
	at java.base/java.util.concurrent.CompletableFuture$AsyncRun.run(CompletableFuture.java:1804)
	at java.base/java.util.concurrent.ThreadPoolExecutor.runWorker(ThreadPoolExecutor.java:1144)
	at java.base/java.util.concurrent.ThreadPoolExecutor$Worker.run(ThreadPoolExecutor.java:642)
	at java.base/java.lang.Thread.run(Thread.java:1583)
    23:42:56.438 | 132 ol-1449-thread-2 | INFO  | d.t.c.a.a.p.s.gitlab.GitLabService   : Adding user 1 with permissions 30 to repository SHORTA309E14E00F32040E40A17A07EB7860F2D04TE9C/shorta309e14e00f32040e40a17a07eb7860f2d04te9c-examparticipationteststudent1
    23:42:56.439 | 132 ol-1449-thread-2 | INFO  | d.t.c.a.a.e.s.StudentExamService     : SUCCESS: Start exercise for student exam 119 and exercise 620 and student examparticipationteststudent1
    23:42:56.442 | 134 ol-1449-thread-4 | INFO  | d.t.c.a.a.p.s.gitlab.GitLabService   : Adding user 1 with permissions 30 to repository SHORTA309E14E00F32040E40A17A07EB7860F2D04TE9C/shorta309e14e00f32040e40a17a07eb7860f2d04te9c-examparticipationteststudent3
    23:42:56.446 | 134 ol-1449-thread-4 | INFO  | d.t.c.a.a.e.s.StudentExamService     : SUCCESS: Start exercise for student exam 121 and exercise 620 and student examparticipationteststudent3
    23:42:56.447 | 133 ol-1449-thread-3 | INFO  | d.t.c.a.a.p.s.gitlab.GitLabService   : Adding user 1 with permissions 30 to repository SHORTA309E14E00F32040E40A17A07EB7860F2D04TE9C/shorta309e14e00f32040e40a17a07eb7860f2d04te9c-examparticipationteststudent2
    23:42:56.448 | 133 ol-1449-thread-3 | INFO  | d.t.c.a.a.e.s.StudentExamService     : SUCCESS: Start exercise for student exam 120 and exercise 620 and student examparticipationteststudent2
    23:42:56.448 | 131 ol-1449-thread-1 | INFO  | d.t.c.a.a.p.s.gitlab.GitLabService   : Adding user 1 with permissions 30 to repository SHORTA309E14E00F32040E40A17A07EB7860F2D04TE9C/shorta309e14e00f32040e40a17a07eb7860f2d04te9c-examparticipationtesttutor2
    23:42:56.449 | 131 ol-1449-thread-1 | INFO  | d.t.c.a.a.e.s.StudentExamService     : SUCCESS: Start exercise for student exam 118 and exercise 620 and student examparticipationtesttutor2
    23:42:56.456 | 362 ool-1-worker-126 | INFO  | d.t.c.a.a.e.web.StudentExamResource  : Generated 35 participations in 231.02ms for student exams of exam 530
    23:42:56.456 | 362 ool-1-worker-126 | INFO  | .c.s.m.InstanceMessageReceiveService : Received reschedule of exam during conduction 530
    23:42:56.480 | 362 ool-1-worker-126 | DEBUG | t.c.a.a.e.s.ExerciseLifecycleService : Scheduled 1 Tasks for Exercise "Programminga70" (#620) to trigger on DUE.
    23:42:56.487 | 362 ool-1-worker-126 | DEBUG | d.t.c.a.a.c.s.f.ApiVersionFilter     : Adding Version to Request GET /api/courses/223/exams/530/student-exams/start-exercises/status
    23:42:56.508 | 362 ool-1-worker-126 | INFO  | d.t.c.a.a.exam.service.ExamService   : getStatsForChecklist invoked for exam 530
    23:42:56.508 | 362 ool-1-worker-126 | DEBUG | d.t.c.a.a.exam.service.ExamService   : StatsTimeLog: number of complaints open done in 518µs for exercise 610
    23:42:56.512 | 362 ool-1-worker-126 | DEBUG | d.t.c.a.a.exam.service.ExamService   : StatsTimeLog: number of complaints finished done in 4.06ms for exercise 610
    23:42:56.513 | 362 ool-1-worker-126 | DEBUG | d.t.c.a.a.exam.service.ExamService   : StatsTimeLog: number of assessments done in 4.64ms for exercise 610
    23:42:56.513 | 362 ool-1-worker-126 | DEBUG | d.t.c.a.a.exam.service.ExamService   : StatsTimeLog: number of generated participations in 5.47ms for exercise 610
    23:42:56.514 | 362 ool-1-worker-126 | DEBUG | d.t.c.a.a.exam.service.ExamService   : StatsTimeLog: number of complaints open done in 6.17ms for exercise 611
    23:42:56.514 | 362 ool-1-worker-126 | DEBUG | d.t.c.a.a.exam.service.ExamService   : StatsTimeLog: number of complaints finished done in 6.62ms for exercise 611
    23:42:56.518 | 362 ool-1-worker-126 | DEBUG | d.t.c.a.a.exam.service.ExamService   : StatsTimeLog: number of assessments done in 10.19ms for exercise 611
    23:42:56.523 | 362 ool-1-worker-126 | DEBUG | d.t.c.a.a.exam.service.ExamService   : StatsTimeLog: number of generated participations in 14.97ms for exercise 611
    23:42:56.524 | 362 ool-1-worker-126 | DEBUG | d.t.c.a.a.exam.service.ExamService   : StatsTimeLog: number of complaints open done in 15.69ms for exercise 612
    23:42:56.524 | 362 ool-1-worker-126 | DEBUG | d.t.c.a.a.exam.service.ExamService   : StatsTimeLog: number of complaints finished done in 16.19ms for exercise 612
    23:42:56.525 | 362 ool-1-worker-126 | DEBUG | d.t.c.a.a.exam.service.ExamService   : StatsTimeLog: number of assessments done in 16.75ms for exercise 612
    23:42:56.525 | 362 ool-1-worker-126 | DEBUG | d.t.c.a.a.exam.service.ExamService   : StatsTimeLog: number of generated participations in 17.54ms for exercise 612
    23:42:56.526 | 362 ool-1-worker-126 | DEBUG | d.t.c.a.a.exam.service.ExamService   : StatsTimeLog: number of complaints open done in 17.89ms for exercise 613
    23:42:56.526 | 362 ool-1-worker-126 | DEBUG | d.t.c.a.a.exam.service.ExamService   : StatsTimeLog: number of complaints finished done in 18.33ms for exercise 613
    23:42:56.530 | 362 ool-1-worker-126 | DEBUG | d.t.c.a.a.exam.service.ExamService   : StatsTimeLog: number of assessments done in 21.92ms for exercise 613
    23:42:56.530 | 362 ool-1-worker-126 | DEBUG | d.t.c.a.a.exam.service.ExamService   : StatsTimeLog: number of generated participations in 22.61ms for exercise 613
    23:42:56.531 | 362 ool-1-worker-126 | DEBUG | d.t.c.a.a.exam.service.ExamService   : StatsTimeLog: number of complaints open done in 22.94ms for exercise 614
    23:42:56.531 | 362 ool-1-worker-126 | DEBUG | d.t.c.a.a.exam.service.ExamService   : StatsTimeLog: number of complaints finished done in 23.37ms for exercise 614
    23:42:56.532 | 362 ool-1-worker-126 | DEBUG | d.t.c.a.a.exam.service.ExamService   : StatsTimeLog: number of assessments done in 23.89ms for exercise 614
    23:42:56.533 | 362 ool-1-worker-126 | DEBUG | d.t.c.a.a.exam.service.ExamService   : StatsTimeLog: number of generated participations in 24.68ms for exercise 614
    23:42:56.533 | 362 ool-1-worker-126 | DEBUG | d.t.c.a.a.exam.service.ExamService   : StatsTimeLog: number of complaints open done in 25.35ms for exercise 615
    23:42:56.537 | 362 ool-1-worker-126 | DEBUG | d.t.c.a.a.exam.service.ExamService   : StatsTimeLog: number of complaints finished done in 28.80ms for exercise 615
    23:42:56.537 | 362 ool-1-worker-126 | DEBUG | d.t.c.a.a.exam.service.ExamService   : StatsTimeLog: number of assessments done in 29.31ms for exercise 615
    23:42:56.538 | 362 ool-1-worker-126 | DEBUG | d.t.c.a.a.exam.service.ExamService   : StatsTimeLog: number of generated participations in 30.11ms for exercise 615
    23:42:56.539 | 362 ool-1-worker-126 | DEBUG | d.t.c.a.a.exam.service.ExamService   : StatsTimeLog: number of complaints open done in 30.86ms for exercise 616
    23:42:56.539 | 362 ool-1-worker-126 | DEBUG | d.t.c.a.a.exam.service.ExamService   : StatsTimeLog: number of complaints finished done in 31.33ms for exercise 616
    23:42:56.543 | 362 ool-1-worker-126 | DEBUG | d.t.c.a.a.exam.service.ExamService   : StatsTimeLog: number of assessments done in 34.83ms for exercise 616
    23:42:56.544 | 362 ool-1-worker-126 | DEBUG | d.t.c.a.a.exam.service.ExamService   : StatsTimeLog: number of generated participations in 35.67ms for exercise 616
    23:42:56.544 | 362 ool-1-worker-126 | DEBUG | d.t.c.a.a.exam.service.ExamService   : StatsTimeLog: number of complaints open done in 36.39ms for exercise 617
    23:42:56.545 | 362 ool-1-worker-126 | DEBUG | d.t.c.a.a.exam.service.ExamService   : StatsTimeLog: number of complaints finished done in 36.90ms for exercise 617
    23:42:56.545 | 362 ool-1-worker-126 | DEBUG | d.t.c.a.a.exam.service.ExamService   : StatsTimeLog: number of assessments done in 37.41ms for exercise 617
    23:42:56.549 | 362 ool-1-worker-126 | DEBUG | d.t.c.a.a.exam.service.ExamService   : StatsTimeLog: number of generated participations in 41.21ms for exercise 617
    23:42:56.550 | 362 ool-1-worker-126 | DEBUG | d.t.c.a.a.exam.service.ExamService   : StatsTimeLog: number of complaints open done in 41.97ms for exercise 618
    23:42:56.550 | 362 ool-1-worker-126 | DEBUG | d.t.c.a.a.exam.service.ExamService   : StatsTimeLog: number of complaints finished done in 42.43ms for exercise 618
    23:42:56.551 | 362 ool-1-worker-126 | DEBUG | d.t.c.a.a.exam.service.ExamService   : StatsTimeLog: number of assessments done in 42.95ms for exercise 618
    23:42:56.552 | 362 ool-1-worker-126 | DEBUG | d.t.c.a.a.exam.service.ExamService   : StatsTimeLog: number of generated participations in 43.69ms for exercise 618
    23:42:56.555 | 362 ool-1-worker-126 | DEBUG | d.t.c.a.a.exam.service.ExamService   : StatsTimeLog: number of complaints open done in 47.51ms for exercise 619
    23:42:56.556 | 362 ool-1-worker-126 | DEBUG | d.t.c.a.a.exam.service.ExamService   : StatsTimeLog: number of complaints finished done in 48.01ms for exercise 619
    23:42:56.556 | 362 ool-1-worker-126 | DEBUG | d.t.c.a.a.exam.service.ExamService   : StatsTimeLog: number of assessments done in 48.53ms for exercise 619
    23:42:56.557 | 362 ool-1-worker-126 | DEBUG | d.t.c.a.a.exam.service.ExamService   : StatsTimeLog: number of generated participations in 49.33ms for exercise 619
    23:42:56.559 | 362 ool-1-worker-126 | DEBUG | d.t.c.a.a.exam.service.ExamService   : StatsTimeLog: number of complaints open done in 51.50ms for exercise 620
    23:42:56.560 | 362 ool-1-worker-126 | DEBUG | d.t.c.a.a.exam.service.ExamService   : StatsTimeLog: number of complaints finished done in 52.09ms for exercise 620
    23:42:56.562 | 362 ool-1-worker-126 | DEBUG | d.t.c.a.a.exam.service.ExamService   : StatsTimeLog: number of assessments done in 53.83ms for exercise 620
    23:42:56.562 | 362 ool-1-worker-126 | DEBUG | d.t.c.a.a.exam.service.ExamService   : StatsTimeLog: number of generated participations in 54.62ms for exercise 620
    23:42:56.565 | 362 ool-1-worker-126 | DEBUG | d.t.c.a.a.exam.service.ExamService   : StatsTimeLog: number of generated student exams done in 57.19ms
    23:42:56.565 | 362 ool-1-worker-126 | DEBUG | d.t.c.a.a.exam.service.ExamService   : StatsTimeLog: number of test runs done in 57.45ms
    23:42:56.566 | 362 ool-1-worker-126 | DEBUG | d.t.c.a.a.exam.service.ExamService   : StatsTimeLog: number of student exams started done in 57.71ms
    23:42:56.566 | 362 ool-1-worker-126 | DEBUG | d.t.c.a.a.exam.service.ExamService   : StatsTimeLog: number of student exams submitted done in 57.97ms
    23:42:56.567 | 362 ool-1-worker-126 | INFO  | d.t.c.a.a.exam.service.ExamService   : getStatsForChecklist invoked for exam 530
    23:42:56.567 | 362 ool-1-worker-126 | DEBUG | d.t.c.a.a.exam.service.ExamService   : StatsTimeLog: number of complaints open done in 395µs for exercise 610
    23:42:56.568 | 362 ool-1-worker-126 | DEBUG | d.t.c.a.a.exam.service.ExamService   : StatsTimeLog: number of complaints finished done in 919µs for exercise 610
    23:42:56.568 | 362 ool-1-worker-126 | DEBUG | d.t.c.a.a.exam.service.ExamService   : StatsTimeLog: number of assessments done in 1.47ms for exercise 610
    23:42:56.570 | 362 ool-1-worker-126 | DEBUG | d.t.c.a.a.exam.service.ExamService   : StatsTimeLog: number of generated participations in 3.14ms for exercise 610
    23:42:56.571 | 362 ool-1-worker-126 | DEBUG | d.t.c.a.a.exam.service.ExamService   : StatsTimeLog: number of complaints open done in 3.93ms for exercise 611
    23:42:56.571 | 362 ool-1-worker-126 | DEBUG | d.t.c.a.a.exam.service.ExamService   : StatsTimeLog: number of complaints finished done in 4.47ms for exercise 611
    23:42:56.572 | 362 ool-1-worker-126 | DEBUG | d.t.c.a.a.exam.service.ExamService   : StatsTimeLog: number of assessments done in 5.02ms for exercise 611
    23:42:56.573 | 362 ool-1-worker-126 | DEBUG | d.t.c.a.a.exam.service.ExamService   : StatsTimeLog: number of generated participations in 5.77ms for exercise 611
    23:42:56.573 | 362 ool-1-worker-126 | DEBUG | d.t.c.a.a.exam.service.ExamService   : StatsTimeLog: number of complaints open done in 6.43ms for exercise 612
    23:42:56.574 | 362 ool-1-worker-126 | DEBUG | d.t.c.a.a.exam.service.ExamService   : StatsTimeLog: number of complaints finished done in 6.91ms for exercise 612
    23:42:56.574 | 362 ool-1-worker-126 | DEBUG | d.t.c.a.a.exam.service.ExamService   : StatsTimeLog: number of assessments done in 7.40ms for exercise 612
    23:42:56.576 | 362 ool-1-worker-126 | DEBUG | d.t.c.a.a.exam.service.ExamService   : StatsTimeLog: number of generated participations in 8.51ms for exercise 612
    23:42:56.576 | 362 ool-1-worker-126 | DEBUG | d.t.c.a.a.exam.service.ExamService   : StatsTimeLog: number of complaints open done in 9.32ms for exercise 613
    23:42:56.577 | 362 ool-1-worker-126 | DEBUG | d.t.c.a.a.exam.service.ExamService   : StatsTimeLog: number of complaints finished done in 9.82ms for exercise 613
    23:42:56.577 | 362 ool-1-worker-126 | DEBUG | d.t.c.a.a.exam.service.ExamService   : StatsTimeLog: number of assessments done in 10.45ms for exercise 613
    23:42:56.578 | 362 ool-1-worker-126 | DEBUG | d.t.c.a.a.exam.service.ExamService   : StatsTimeLog: number of generated participations in 11.24ms for exercise 613
    23:42:56.579 | 362 ool-1-worker-126 | DEBUG | d.t.c.a.a.exam.service.ExamService   : StatsTimeLog: number of complaints open done in 11.59ms for exercise 614
    23:42:56.581 | 362 ool-1-worker-126 | DEBUG | d.t.c.a.a.exam.service.ExamService   : StatsTimeLog: number of complaints finished done in 14.42ms for exercise 614
    23:42:56.583 | 362 ool-1-worker-126 | DEBUG | d.t.c.a.a.exam.service.ExamService   : StatsTimeLog: number of assessments done in 15.70ms for exercise 614
    23:42:56.586 | 362 ool-1-worker-126 | DEBUG | d.t.c.a.a.exam.service.ExamService   : StatsTimeLog: number of generated participations in 18.92ms for exercise 614
    23:42:56.587 | 362 ool-1-worker-126 | DEBUG | d.t.c.a.a.exam.service.ExamService   : StatsTimeLog: number of complaints open done in 19.64ms for exercise 615
    23:42:56.587 | 362 ool-1-worker-126 | DEBUG | d.t.c.a.a.exam.service.ExamService   : StatsTimeLog: number of complaints finished done in 20.12ms for exercise 615
    23:42:56.588 | 362 ool-1-worker-126 | DEBUG | d.t.c.a.a.exam.service.ExamService   : StatsTimeLog: number of assessments done in 20.66ms for exercise 615
    23:42:56.588 | 362 ool-1-worker-126 | DEBUG | d.t.c.a.a.exam.service.ExamService   : StatsTimeLog: number of generated participations in 21.36ms for exercise 615
    23:42:56.589 | 362 ool-1-worker-126 | DEBUG | d.t.c.a.a.exam.service.ExamService   : StatsTimeLog: number of complaints open done in 22.07ms for exercise 616
    23:42:56.589 | 362 ool-1-worker-126 | DEBUG | d.t.c.a.a.exam.service.ExamService   : StatsTimeLog: number of complaints finished done in 22.50ms for exercise 616
    23:42:56.590 | 362 ool-1-worker-126 | DEBUG | d.t.c.a.a.exam.service.ExamService   : StatsTimeLog: number of assessments done in 22.99ms for exercise 616
    23:42:56.591 | 362 ool-1-worker-126 | DEBUG | d.t.c.a.a.exam.service.ExamService   : StatsTimeLog: number of generated participations in 23.80ms for exercise 616
    23:42:56.593 | 362 ool-1-worker-126 | DEBUG | d.t.c.a.a.exam.service.ExamService   : StatsTimeLog: number of complaints open done in 25.93ms for exercise 617
    23:42:56.593 | 362 ool-1-worker-126 | DEBUG | d.t.c.a.a.exam.service.ExamService   : StatsTimeLog: number of complaints finished done in 26.37ms for exercise 617
    23:42:56.594 | 362 ool-1-worker-126 | DEBUG | d.t.c.a.a.exam.service.ExamService   : StatsTimeLog: number of assessments done in 26.86ms for exercise 617
    23:42:56.595 | 362 ool-1-worker-126 | DEBUG | d.t.c.a.a.exam.service.ExamService   : StatsTimeLog: number of generated participations in 27.53ms for exercise 617
    23:42:56.595 | 362 ool-1-worker-126 | DEBUG | d.t.c.a.a.exam.service.ExamService   : StatsTimeLog: number of complaints open done in 28.27ms for exercise 618
    23:42:56.596 | 362 ool-1-worker-126 | DEBUG | d.t.c.a.a.exam.service.ExamService   : StatsTimeLog: number of complaints finished done in 28.86ms for exercise 618
    23:42:56.596 | 362 ool-1-worker-126 | DEBUG | d.t.c.a.a.exam.service.ExamService   : StatsTimeLog: number of assessments done in 29.38ms for exercise 618
    23:42:56.597 | 362 ool-1-worker-126 | DEBUG | d.t.c.a.a.exam.service.ExamService   : StatsTimeLog: number of generated participations in 30.36ms for exercise 618
    23:42:56.598 | 362 ool-1-worker-126 | DEBUG | d.t.c.a.a.exam.service.ExamService   : StatsTimeLog: number of complaints open done in 31.14ms for exercise 619
    23:42:56.599 | 362 ool-1-worker-126 | DEBUG | d.t.c.a.a.exam.service.ExamService   : StatsTimeLog: number of complaints finished done in 31.65ms for exercise 619
    23:42:56.599 | 362 ool-1-worker-126 | DEBUG | d.t.c.a.a.exam.service.ExamService   : StatsTimeLog: number of assessments done in 32.20ms for exercise 619
    23:42:56.600 | 362 ool-1-worker-126 | DEBUG | d.t.c.a.a.exam.service.ExamService   : StatsTimeLog: number of generated participations in 33.02ms for exercise 619
    23:42:56.603 | 362 ool-1-worker-126 | DEBUG | d.t.c.a.a.exam.service.ExamService   : StatsTimeLog: number of complaints open done in 36.37ms for exercise 620
    23:42:56.604 | 362 ool-1-worker-126 | DEBUG | d.t.c.a.a.exam.service.ExamService   : StatsTimeLog: number of complaints finished done in 36.88ms for exercise 620
    23:42:56.604 | 362 ool-1-worker-126 | DEBUG | d.t.c.a.a.exam.service.ExamService   : StatsTimeLog: number of assessments done in 37.40ms for exercise 620
    23:42:56.608 | 362 ool-1-worker-126 | DEBUG | d.t.c.a.a.exam.service.ExamService   : StatsTimeLog: number of generated participations in 41.22ms for exercise 620
    23:42:56.642 | 362 ool-1-worker-126 | DEBUG | .c.s.m.InstanceMessageReceiveService : Received schedule participant score for exercise 610 and participant 652 (result to be deleted: null)
    23:42:56.642 | 362 ool-1-worker-126 | DEBUG | .a.s.ParticipantScoreScheduleService : Scheduled task for exercise 610 and participant 652 at 2025-02-14T23:42:56.742816070Z[Etc/UTC].
    23:42:56.643 | 362 ool-1-worker-126 | DEBUG | .c.s.m.InstanceMessageReceiveService : Received schedule participant score for exercise 610 and participant 652 (result to be deleted: null)
    23:42:56.643 | 362 ool-1-worker-126 | DEBUG | .a.s.ParticipantScoreScheduleService : Scheduled task for exercise 610 and participant 652 at 2025-02-14T23:42:56.743466984Z[Etc/UTC].
    23:42:56.649 | 362 ool-1-worker-126 | DEBUG | .c.s.m.InstanceMessageReceiveService : Received schedule participant score for exercise 610 and participant 652 (result to be deleted: null)
    23:42:56.650 | 362 ool-1-worker-126 | DEBUG | .a.s.ParticipantScoreScheduleService : Scheduled task for exercise 610 and participant 652 at 2025-02-14T23:42:56.749994236Z[Etc/UTC].
    23:42:56.650 | 362 ool-1-worker-126 | DEBUG | .c.s.m.InstanceMessageReceiveService : Received schedule participant score for exercise 610 and participant 652 (result to be deleted: null)
    23:42:56.650 | 362 ool-1-worker-126 | DEBUG | .a.s.ParticipantScoreScheduleService : Scheduled task for exercise 610 and participant 652 at 2025-02-14T23:42:56.750192666Z[Etc/UTC].
    23:42:56.651 | 362 ool-1-worker-126 | DEBUG | .c.s.m.InstanceMessageReceiveService : Received schedule participant score for exercise 610 and participant 653 (result to be deleted: null)
    23:42:56.651 | 362 ool-1-worker-126 | DEBUG | .a.s.ParticipantScoreScheduleService : Scheduled task for exercise 610 and participant 653 at 2025-02-14T23:42:56.751333624Z[Etc/UTC].
    23:42:56.651 | 362 ool-1-worker-126 | DEBUG | .c.s.m.InstanceMessageReceiveService : Received schedule participant score for exercise 610 and participant 653 (result to be deleted: null)
    23:42:56.651 | 362 ool-1-worker-126 | DEBUG | .a.s.ParticipantScoreScheduleService : Scheduled task for exercise 610 and participant 653 at 2025-02-14T23:42:56.751868842Z[Etc/UTC].
    23:42:56.656 | 362 ool-1-worker-126 | DEBUG | .c.s.m.InstanceMessageReceiveService : Received schedule participant score for exercise 610 and participant 653 (result to be deleted: null)
    23:42:56.656 | 362 ool-1-worker-126 | DEBUG | .a.s.ParticipantScoreScheduleService : Scheduled task for exercise 610 and participant 653 at 2025-02-14T23:42:56.756954526Z[Etc/UTC].
    23:42:56.657 | 362 ool-1-worker-126 | DEBUG | .c.s.m.InstanceMessageReceiveService : Received schedule participant score for exercise 610 and participant 653 (result to be deleted: null)
    23:42:56.657 | 362 ool-1-worker-126 | DEBUG | .a.s.ParticipantScoreScheduleService : Scheduled task for exercise 610 and participant 653 at 2025-02-14T23:42:56.757150722Z[Etc/UTC].
    23:42:56.658 | 362 ool-1-worker-126 | DEBUG | .c.s.m.InstanceMessageReceiveService : Received schedule participant score for exercise 610 and participant 654 (result to be deleted: null)
    23:42:56.658 | 362 ool-1-worker-126 | DEBUG | .a.s.ParticipantScoreScheduleService : Scheduled task for exercise 610 and participant 654 at 2025-02-14T23:42:56.758258437Z[Etc/UTC].
    23:42:56.658 | 362 ool-1-worker-126 | DEBUG | .c.s.m.InstanceMessageReceiveService : Received schedule participant score for exercise 610 and participant 654 (result to be deleted: null)
    23:42:56.658 | 362 ool-1-worker-126 | DEBUG | .a.s.ParticipantScoreScheduleService : Scheduled task for exercise 610 and participant 654 at 2025-02-14T23:42:56.758828521Z[Etc/UTC].
    23:42:56.663 | 362 ool-1-worker-126 | DEBUG | .c.s.m.InstanceMessageReceiveService : Received schedule participant score for exercise 610 and participant 654 (result to be deleted: null)
    23:42:56.663 | 362 ool-1-worker-126 | DEBUG | .a.s.ParticipantScoreScheduleService : Scheduled task for exercise 610 and participant 654 at 2025-02-14T23:42:56.763864372Z[Etc/UTC].
    23:42:56.663 | 362 ool-1-worker-126 | DEBUG | .c.s.m.InstanceMessageReceiveService : Received schedule participant score for exercise 610 and participant 654 (result to be deleted: null)
    23:42:56.664 | 362 ool-1-worker-126 | DEBUG | .a.s.ParticipantScoreScheduleService : Scheduled task for exercise 610 and participant 654 at 2025-02-14T23:42:56.764031553Z[Etc/UTC].
    23:42:56.665 | 362 ool-1-worker-126 | DEBUG | .c.s.m.InstanceMessageReceiveService : Received schedule participant score for exercise 610 and participant 655 (result to be deleted: null)
    23:42:56.665 | 362 ool-1-worker-126 | DEBUG | .a.s.ParticipantScoreScheduleService : Scheduled task for exercise 610 and participant 655 at 2025-02-14T23:42:56.765355612Z[Etc/UTC].
    23:42:56.665 | 362 ool-1-worker-126 | DEBUG | .c.s.m.InstanceMessageReceiveService : Received schedule participant score for exercise 610 and participant 655 (result to be deleted: null)
    23:42:56.665 | 362 ool-1-worker-126 | DEBUG | .a.s.ParticipantScoreScheduleService : Scheduled task for exercise 610 and participant 655 at 2025-02-14T23:42:56.765878087Z[Etc/UTC].
    23:42:56.671 | 362 ool-1-worker-126 | DEBUG | .c.s.m.InstanceMessageReceiveService : Received schedule participant score for exercise 610 and participant 655 (result to be deleted: null)
    23:42:56.671 | 362 ool-1-worker-126 | DEBUG | .a.s.ParticipantScoreScheduleService : Scheduled task for exercise 610 and participant 655 at 2025-02-14T23:42:56.771090817Z[Etc/UTC].
    23:42:56.671 | 362 ool-1-worker-126 | DEBUG | .c.s.m.InstanceMessageReceiveService : Received schedule participant score for exercise 610 and participant 655 (result to be deleted: null)
    23:42:56.671 | 362 ool-1-worker-126 | DEBUG | .a.s.ParticipantScoreScheduleService : Scheduled task for exercise 610 and participant 655 at 2025-02-14T23:42:56.771269561Z[Etc/UTC].
    23:42:56.672 | 362 ool-1-worker-126 | DEBUG | .c.s.m.InstanceMessageReceiveService : Received schedule participant score for exercise 611 and participant 656 (result to be deleted: null)
    23:42:56.672 | 362 ool-1-worker-126 | DEBUG | .a.s.ParticipantScoreScheduleService : Scheduled task for exercise 611 and participant 656 at 2025-02-14T23:42:56.772333144Z[Etc/UTC].
    23:42:56.672 | 362 ool-1-worker-126 | DEBUG | .c.s.m.InstanceMessageReceiveService : Received schedule participant score for exercise 611 and participant 656 (result to be deleted: null)
    23:42:56.672 | 362 ool-1-worker-126 | DEBUG | .a.s.ParticipantScoreScheduleService : Scheduled task for exercise 611 and participant 656 at 2025-02-14T23:42:56.772865327Z[Etc/UTC].
    23:42:56.679 | 362 ool-1-worker-126 | DEBUG | .c.s.m.InstanceMessageReceiveService : Received schedule participant score for exercise 611 and participant 656 (result to be deleted: null)
    23:42:56.679 | 362 ool-1-worker-126 | DEBUG | .a.s.ParticipantScoreScheduleService : Scheduled task for exercise 611 and participant 656 at 2025-02-14T23:42:56.779624010Z[Etc/UTC].
    23:42:56.679 | 362 ool-1-worker-126 | DEBUG | .c.s.m.InstanceMessageReceiveService : Received schedule participant score for exercise 611 and participant 656 (result to be deleted: null)
    23:42:56.679 | 362 ool-1-worker-126 | DEBUG | .a.s.ParticipantScoreScheduleService : Scheduled task for exercise 611 and participant 656 at 2025-02-14T23:42:56.779796462Z[Etc/UTC].
    23:42:56.686 | 362 ool-1-worker-126 | DEBUG | .a.q.s.AbstractQuizSubmissionService : submit exam quiz finished: QuizSubmission{id=523, scoreInPoints='null'}
    23:42:56.691 | 362 ool-1-worker-126 | DEBUG | .a.q.s.AbstractQuizSubmissionService : submit exam quiz finished: QuizSubmission{id=523, scoreInPoints='null'}
    23:42:56.692 | 565 localvc.event-12 | DEBUG | a.p.s.l.LocalCIQueueWebsocketService : CIBuildJobQueueItem added to processing jobs: BuildJobQueueItem[id=1, name=1, buildAgent=null, participationId=471, courseId=1, exerciseId=301, retryCount=0, priority=1, status=null, repositoryInfo=null, jobTimingInfo=JobTimingInfo[submissionDate=2025-02-14T23:42:26.691800138Z[Etc/UTC], buildStartDate=2025-02-14T23:42:56.691806309Z[Etc/UTC], buildCompletionDate=null, estimatedCompletionDate=2025-02-14T23:43:26.691806479Z[Etc/UTC], estimatedDuration=60], buildConfig=BuildConfig[buildScript=null, dockerImage=null, commitHashToBuild=c916e7ac4066db1f1f000d4f9a58b31518145d3c, assignmentCommitHash=c916e7ac4066db1f1f000d4f9a58b31518145d3c, testCommitHash=null, branch=null, programmingLanguage=null, projectType=null, scaEnabled=false, sequentialTestRunsEnabled=false, resultPaths=null, timeoutSeconds=0, assignmentCheckoutPath=null, testCheckoutPath=null, solutionCheckoutPath=null, dockerRunConfig=null], submissionResult=null]
    23:42:56.693 | 565 localvc.event-12 | ERROR | c.h.s.i.e.impl.EventServiceImpl      : [127.0.0.1]:5703 [dev] [5.5.0] hz.Artemis_localcilocalvc.event-12 caught an exception while processing:com.hazelcast.spi.impl.eventservice.impl.LocalEventDispatcher@4aaba974
java.lang.NullPointerException: Cannot invoke "de.tum.cit.aet.artemis.buildagent.dto.RepositoryInfo.repositoryName()" because "repositoryInfo" is null
	at de.tum.cit.aet.artemis.programming.service.localci.LocalCIQueueWebsocketService.removeUnnecessaryInformationFromRepositoryInfo(LocalCIQueueWebsocketService.java:196)
	at de.tum.cit.aet.artemis.programming.service.localci.LocalCIQueueWebsocketService.removeUnnecessaryInformation(LocalCIQueueWebsocketService.java:170)
	at de.tum.cit.aet.artemis.programming.service.localci.LocalCIQueueWebsocketService.sendProcessingJobsOverWebsocket(LocalCIQueueWebsocketService.java:87)
	at de.tum.cit.aet.artemis.programming.service.localci.LocalCIQueueWebsocketService$ProcessingBuildJobItemListener.entryAdded(LocalCIQueueWebsocketService.java:126)
	at com.hazelcast.map.impl.MapListenerAdaptors.lambda$static$0(MapListenerAdaptors.java:55)
	at com.hazelcast.map.impl.InternalMapListenerAdapter.onEvent(InternalMapListenerAdapter.java:56)
	at com.hazelcast.map.impl.InternalMapListenerAdapter.onEvent(InternalMapListenerAdapter.java:35)
	at com.hazelcast.map.impl.event.MapEventPublishingService.callListener(MapEventPublishingService.java:181)
	at com.hazelcast.map.impl.event.MapEventPublishingService.dispatchEntryEventData(MapEventPublishingService.java:193)
	at com.hazelcast.map.impl.event.MapEventPublishingService.dispatchEvent(MapEventPublishingService.java:76)
	at com.hazelcast.map.impl.event.MapEventPublishingService.dispatchEvent(MapEventPublishingService.java:49)
	at com.hazelcast.map.impl.MapService.dispatchEvent(MapService.java:135)
	at com.hazelcast.map.impl.MapService.dispatchEvent(MapService.java:102)
	at com.hazelcast.spi.impl.eventservice.impl.LocalEventDispatcher.run(LocalEventDispatcher.java:64)
	at com.hazelcast.internal.util.executor.StripedExecutor$Worker.process(StripedExecutor.java:244)
	at com.hazelcast.internal.util.executor.StripedExecutor$Worker.run(StripedExecutor.java:227)
    23:42:56.698 | 362 ool-1-worker-126 | DEBUG | .a.q.s.AbstractQuizSubmissionService : submit exam quiz finished: QuizSubmission{id=523, scoreInPoints='null'}
    23:42:56.699 | 362 ool-1-worker-126 | DEBUG | .c.s.m.InstanceMessageReceiveService : Received schedule participant score for exercise 612 and participant 653 (result to be deleted: null)
    23:42:56.699 | 362 ool-1-worker-126 | DEBUG | .a.s.ParticipantScoreScheduleService : Scheduled task for exercise 612 and participant 653 at 2025-02-14T23:42:56.799292397Z[Etc/UTC].
    23:42:56.699 | 362 ool-1-worker-126 | DEBUG | .c.s.m.InstanceMessageReceiveService : Received schedule participant score for exercise 612 and participant 653 (result to be deleted: null)
    23:42:56.699 | 362 ool-1-worker-126 | DEBUG | .a.s.ParticipantScoreScheduleService : Scheduled task for exercise 612 and participant 653 at 2025-02-14T23:42:56.799840499Z[Etc/UTC].
    23:42:56.731 | 362 ool-1-worker-126 | DEBUG | .c.s.m.InstanceMessageReceiveService : Received schedule participant score for exercise 612 and participant 653 (result to be deleted: null)
    23:42:56.731 | 362 ool-1-worker-126 | DEBUG | .a.s.ParticipantScoreScheduleService : Scheduled task for exercise 612 and participant 653 at 2025-02-14T23:42:56.831137765Z[Etc/UTC].
    23:42:56.731 | 362 ool-1-worker-126 | DEBUG | .c.s.m.InstanceMessageReceiveService : Received schedule participant score for exercise 612 and participant 653 (result to be deleted: null)
    23:42:56.731 | 362 ool-1-worker-126 | DEBUG | .a.s.ParticipantScoreScheduleService : Scheduled task for exercise 612 and participant 653 at 2025-02-14T23:42:56.831337398Z[Etc/UTC].
    23:42:56.732 | 565 localvc.event-12 | DEBUG | a.p.s.l.LocalCIQueueWebsocketService : CIBuildJobQueueItem removed from processing jobs: null
    23:42:56.732 | 565 localvc.event-12 | ERROR | c.h.s.i.e.impl.EventServiceImpl      : [127.0.0.1]:5703 [dev] [5.5.0] hz.Artemis_localcilocalvc.event-12 caught an exception while processing:com.hazelcast.spi.impl.eventservice.impl.LocalEventDispatcher@4708787b
java.lang.NullPointerException: Cannot invoke "de.tum.cit.aet.artemis.buildagent.dto.BuildJobQueueItem.courseId()" because the return value of "com.hazelcast.core.EntryEvent.getOldValue()" is null
	at de.tum.cit.aet.artemis.programming.service.localci.LocalCIQueueWebsocketService$ProcessingBuildJobItemListener.entryRemoved(LocalCIQueueWebsocketService.java:135)
	at com.hazelcast.map.impl.MapListenerAdaptors.lambda$static$2(MapListenerAdaptors.java:67)
	at com.hazelcast.map.impl.InternalMapListenerAdapter.onEvent(InternalMapListenerAdapter.java:56)
	at com.hazelcast.map.impl.InternalMapListenerAdapter.onEvent(InternalMapListenerAdapter.java:35)
	at com.hazelcast.map.impl.event.MapEventPublishingService.callListener(MapEventPublishingService.java:181)
	at com.hazelcast.map.impl.event.MapEventPublishingService.dispatchEntryEventData(MapEventPublishingService.java:193)
	at com.hazelcast.map.impl.event.MapEventPublishingService.dispatchEvent(MapEventPublishingService.java:76)
	at com.hazelcast.map.impl.event.MapEventPublishingService.dispatchEvent(MapEventPublishingService.java:49)
	at com.hazelcast.map.impl.MapService.dispatchEvent(MapService.java:135)
	at com.hazelcast.map.impl.MapService.dispatchEvent(MapService.java:102)
	at com.hazelcast.spi.impl.eventservice.impl.LocalEventDispatcher.run(LocalEventDispatcher.java:64)
	at com.hazelcast.internal.util.executor.StripedExecutor$Worker.process(StripedExecutor.java:244)
	at com.hazelcast.internal.util.executor.StripedExecutor$Worker.run(StripedExecutor.java:227)
    23:42:56.745 | 362 ool-1-worker-126 | DEBUG | .a.q.s.AbstractQuizSubmissionService : submit exam quiz finished: QuizSubmission{id=525, scoreInPoints='null'}
    23:42:56.750 | 328 taskScheduler-3  | DEBUG | .a.s.ParticipantScoreScheduleService : Processing exercise 610 and participant 652 to update participant scores.
    23:42:56.757 | 326 taskScheduler-1  | DEBUG | .a.s.ParticipantScoreScheduleService : Processing exercise 610 and participant 653 to update participant scores.
    23:42:56.763 | 328 taskScheduler-3  | DEBUG | .a.s.ParticipantScoreScheduleService : Updated participant score 117.
    23:42:56.764 | 327 taskScheduler-2  | DEBUG | .a.s.ParticipantScoreScheduleService : Processing exercise 610 and participant 654 to update participant scores.
    23:42:56.764 | 362 ool-1-worker-126 | DEBUG | .a.q.s.AbstractQuizSubmissionService : submit exam quiz finished: QuizSubmission{id=525, scoreInPoints='null'}
    23:42:56.765 | 326 taskScheduler-1  | DEBUG | .a.s.ParticipantScoreScheduleService : Updated participant score 118.
    23:42:56.767 | 328 taskScheduler-3  | DEBUG | .a.s.ParticipantScoreScheduleService : Updating the participant score for exercise 610 and participant 652 took 17 ms.
    23:42:56.768 | 326 taskScheduler-1  | DEBUG | .a.s.ParticipantScoreScheduleService : Updating the participant score for exercise 610 and participant 653 took 11 ms.
    23:42:56.771 | 329 taskScheduler-4  | DEBUG | .a.s.ParticipantScoreScheduleService : Processing exercise 610 and participant 655 to update participant scores.
    23:42:56.778 | 362 ool-1-worker-126 | DEBUG | .a.q.s.AbstractQuizSubmissionService : submit exam quiz finished: QuizSubmission{id=525, scoreInPoints='null'}
    23:42:56.779 | 362 ool-1-worker-126 | DEBUG | .c.s.m.InstanceMessageReceiveService : Received schedule participant score for exercise 612 and participant 654 (result to be deleted: null)
    23:42:56.779 | 362 ool-1-worker-126 | DEBUG | .a.s.ParticipantScoreScheduleService : Scheduled task for exercise 612 and participant 654 at 2025-02-14T23:42:56.879588979Z[Etc/UTC].
    23:42:56.779 | 326 taskScheduler-1  | DEBUG | .a.s.ParticipantScoreScheduleService : Processing exercise 611 and participant 656 to update participant scores.
    23:42:56.780 | 362 ool-1-worker-126 | DEBUG | .c.s.m.InstanceMessageReceiveService : Received schedule participant score for exercise 612 and participant 654 (result to be deleted: null)
    23:42:56.780 | 362 ool-1-worker-126 | DEBUG | .a.s.ParticipantScoreScheduleService : Scheduled task for exercise 612 and participant 654 at 2025-02-14T23:42:56.880821107Z[Etc/UTC].
    23:42:56.782 | 329 taskScheduler-4  | DEBUG | .a.s.ParticipantScoreScheduleService : Updated participant score 120.
    23:42:56.783 | 329 taskScheduler-4  | DEBUG | .a.s.ParticipantScoreScheduleService : Updating the participant score for exercise 610 and participant 655 took 12 ms.
    23:42:56.783 | 327 taskScheduler-2  | DEBUG | .a.s.ParticipantScoreScheduleService : Updated participant score 119.
    23:42:56.783 | 327 taskScheduler-2  | DEBUG | .a.s.ParticipantScoreScheduleService : Updating the participant score for exercise 610 and participant 654 took 19 ms.
    23:42:56.790 | 326 taskScheduler-1  | DEBUG | .a.s.ParticipantScoreScheduleService : Updated participant score 121.
    23:42:56.790 | 326 taskScheduler-1  | DEBUG | .a.s.ParticipantScoreScheduleService : Updating the participant score for exercise 611 and participant 656 took 11 ms.
    23:42:56.810 | 362 ool-1-worker-126 | DEBUG | .c.s.m.InstanceMessageReceiveService : Received schedule participant score for exercise 612 and participant 654 (result to be deleted: null)
    23:42:56.810 | 362 ool-1-worker-126 | DEBUG | .a.s.ParticipantScoreScheduleService : Scheduled task for exercise 612 and participant 654 at 2025-02-14T23:42:56.910924250Z[Etc/UTC].
    23:42:56.811 | 362 ool-1-worker-126 | DEBUG | .c.s.m.InstanceMessageReceiveService : Received schedule participant score for exercise 612 and participant 654 (result to be deleted: null)
    23:42:56.811 | 362 ool-1-worker-126 | DEBUG | .a.s.ParticipantScoreScheduleService : Scheduled task for exercise 612 and participant 654 at 2025-02-14T23:42:56.911163296Z[Etc/UTC].
    23:42:56.818 | 362 ool-1-worker-126 | DEBUG | .a.q.s.AbstractQuizSubmissionService : submit exam quiz finished: QuizSubmission{id=526, scoreInPoints='null'}
    23:42:56.828 | 362 ool-1-worker-126 | DEBUG | .a.q.s.AbstractQuizSubmissionService : submit exam quiz finished: QuizSubmission{id=526, scoreInPoints='null'}
    23:42:56.831 | 328 taskScheduler-3  | DEBUG | .a.s.ParticipantScoreScheduleService : Processing exercise 612 and participant 653 to update participant scores.
    23:42:56.836 | 362 ool-1-worker-126 | DEBUG | .a.q.s.AbstractQuizSubmissionService : submit exam quiz finished: QuizSubmission{id=526, scoreInPoints='null'}
    23:42:56.837 | 362 ool-1-worker-126 | DEBUG | .c.s.m.InstanceMessageReceiveService : Received schedule participant score for exercise 612 and participant 656 (result to be deleted: null)
    23:42:56.837 | 362 ool-1-worker-126 | DEBUG | .a.s.ParticipantScoreScheduleService : Scheduled task for exercise 612 and participant 656 at 2025-02-14T23:42:56.937231880Z[Etc/UTC].
    23:42:56.838 | 362 ool-1-worker-126 | DEBUG | .c.s.m.InstanceMessageReceiveService : Received schedule participant score for exercise 612 and participant 656 (result to be deleted: null)
    23:42:56.838 | 362 ool-1-worker-126 | DEBUG | .a.s.ParticipantScoreScheduleService : Scheduled task for exercise 612 and participant 656 at 2025-02-14T23:42:56.938170490Z[Etc/UTC].
    23:42:56.840 | 328 taskScheduler-3  | DEBUG | .a.s.ParticipantScoreScheduleService : Updated participant score 122.
    23:42:56.841 | 328 taskScheduler-3  | DEBUG | .a.s.ParticipantScoreScheduleService : Updating the participant score for exercise 612 and participant 653 took 10 ms.
    23:42:56.874 | 362 ool-1-worker-126 | DEBUG | .c.s.m.InstanceMessageReceiveService : Received schedule participant score for exercise 612 and participant 656 (result to be deleted: null)
    23:42:56.874 | 362 ool-1-worker-126 | DEBUG | .a.s.ParticipantScoreScheduleService : Scheduled task for exercise 612 and participant 656 at 2025-02-14T23:42:56.974199040Z[Etc/UTC].
    23:42:56.874 | 362 ool-1-worker-126 | DEBUG | .c.s.m.InstanceMessageReceiveService : Received schedule participant score for exercise 612 and participant 656 (result to be deleted: null)
    23:42:56.874 | 362 ool-1-worker-126 | DEBUG | .a.s.ParticipantScoreScheduleService : Scheduled task for exercise 612 and participant 656 at 2025-02-14T23:42:56.974405976Z[Etc/UTC].
    23:42:56.882 | 362 ool-1-worker-126 | DEBUG | .a.q.s.AbstractQuizSubmissionService : submit exam quiz finished: QuizSubmission{id=524, scoreInPoints='null'}
    23:42:56.888 | 362 ool-1-worker-126 | DEBUG | .a.q.s.AbstractQuizSubmissionService : submit exam quiz finished: QuizSubmission{id=524, scoreInPoints='null'}
    23:42:56.894 | 362 ool-1-worker-126 | DEBUG | .a.q.s.AbstractQuizSubmissionService : submit exam quiz finished: QuizSubmission{id=524, scoreInPoints='null'}
    23:42:56.895 | 362 ool-1-worker-126 | DEBUG | .c.s.m.InstanceMessageReceiveService : Received schedule participant score for exercise 613 and participant 655 (result to be deleted: null)
    23:42:56.895 | 362 ool-1-worker-126 | DEBUG | .a.s.ParticipantScoreScheduleService : Scheduled task for exercise 613 and participant 655 at 2025-02-14T23:42:56.995180206Z[Etc/UTC].
    23:42:56.895 | 362 ool-1-worker-126 | DEBUG | .c.s.m.InstanceMessageReceiveService : Received schedule participant score for exercise 613 and participant 655 (result to be deleted: null)
    23:42:56.895 | 362 ool-1-worker-126 | DEBUG | .a.s.ParticipantScoreScheduleService : Scheduled task for exercise 613 and participant 655 at 2025-02-14T23:42:56.995767912Z[Etc/UTC].
    23:42:56.937 | 329 taskScheduler-4  | DEBUG | .a.s.ParticipantScoreScheduleService : Processing exercise 612 and participant 654 to update participant scores.
    23:42:56.959 | 362 ool-1-worker-126 | DEBUG | .c.s.m.InstanceMessageReceiveService : Received schedule participant score for exercise 613 and participant 655 (result to be deleted: null)
    23:42:56.959 | 362 ool-1-worker-126 | DEBUG | .a.s.ParticipantScoreScheduleService : Scheduled task for exercise 613 and participant 655 at 2025-02-14T23:42:57.059530198Z[Etc/UTC].
    23:42:56.959 | 362 ool-1-worker-126 | DEBUG | .c.s.m.InstanceMessageReceiveService : Received schedule participant score for exercise 613 and participant 655 (result to be deleted: null)
    23:42:56.959 | 362 ool-1-worker-126 | DEBUG | .a.s.ParticipantScoreScheduleService : Scheduled task for exercise 613 and participant 655 at 2025-02-14T23:42:57.059813236Z[Etc/UTC].
    23:42:56.964 | 329 taskScheduler-4  | DEBUG | .a.s.ParticipantScoreScheduleService : Updated participant score 123.
    23:42:56.965 | 329 taskScheduler-4  | DEBUG | .a.s.ParticipantScoreScheduleService : Updating the participant score for exercise 612 and participant 654 took 29 ms.
    23:42:56.969 | 362 ool-1-worker-126 | DEBUG | .a.q.s.AbstractQuizSubmissionService : submit exam quiz finished: QuizSubmission{id=527, scoreInPoints='null'}
    23:42:56.974 | 328 taskScheduler-3  | DEBUG | .a.s.ParticipantScoreScheduleService : Processing exercise 612 and participant 656 to update participant scores.
    23:42:56.975 | 362 ool-1-worker-126 | DEBUG | .a.q.s.AbstractQuizSubmissionService : submit exam quiz finished: QuizSubmission{id=527, scoreInPoints='null'}
    23:42:56.981 | 362 ool-1-worker-126 | DEBUG | .a.q.s.AbstractQuizSubmissionService : submit exam quiz finished: QuizSubmission{id=527, scoreInPoints='null'}
    23:42:56.982 | 362 ool-1-worker-126 | DEBUG | .c.s.m.InstanceMessageReceiveService : Received schedule participant score for exercise 613 and participant 652 (result to be deleted: null)
    23:42:56.982 | 362 ool-1-worker-126 | DEBUG | .a.s.ParticipantScoreScheduleService : Scheduled task for exercise 613 and participant 652 at 2025-02-14T23:42:57.082582737Z[Etc/UTC].
    23:42:56.983 | 362 ool-1-worker-126 | DEBUG | .c.s.m.InstanceMessageReceiveService : Received schedule participant score for exercise 613 and participant 652 (result to be deleted: null)
    23:42:56.983 | 362 ool-1-worker-126 | DEBUG | .a.s.ParticipantScoreScheduleService : Scheduled task for exercise 613 and participant 652 at 2025-02-14T23:42:57.083217781Z[Etc/UTC].
    23:42:56.988 | 328 taskScheduler-3  | DEBUG | .a.s.ParticipantScoreScheduleService : Updated participant score 124.
    23:42:56.989 | 328 taskScheduler-3  | DEBUG | .a.s.ParticipantScoreScheduleService : Updating the participant score for exercise 612 and participant 656 took 15 ms.
    23:42:57.006 | 362 ool-1-worker-126 | DEBUG | .c.s.m.InstanceMessageReceiveService : Received schedule participant score for exercise 613 and participant 652 (result to be deleted: null)
    23:42:57.007 | 362 ool-1-worker-126 | DEBUG | .a.s.ParticipantScoreScheduleService : Scheduled task for exercise 613 and participant 652 at 2025-02-14T23:42:57.107625067Z[Etc/UTC].
    23:42:57.007 | 362 ool-1-worker-126 | DEBUG | .c.s.m.InstanceMessageReceiveService : Received schedule participant score for exercise 613 and participant 652 (result to be deleted: null)
    23:42:57.007 | 362 ool-1-worker-126 | DEBUG | .a.s.ParticipantScoreScheduleService : Scheduled task for exercise 613 and participant 652 at 2025-02-14T23:42:57.107834527Z[Etc/UTC].
    23:42:57.009 | 362 ool-1-worker-126 | DEBUG | .c.s.m.InstanceMessageReceiveService : Received schedule participant score for exercise 614 and participant 656 (result to be deleted: null)
    23:42:57.009 | 362 ool-1-worker-126 | DEBUG | .a.s.ParticipantScoreScheduleService : Scheduled task for exercise 614 and participant 656 at 2025-02-14T23:42:57.109249296Z[Etc/UTC].
    23:42:57.009 | 362 ool-1-worker-126 | DEBUG | .c.s.m.InstanceMessageReceiveService : Received schedule participant score for exercise 614 and participant 656 (result to be deleted: null)
    23:42:57.009 | 362 ool-1-worker-126 | DEBUG | .a.s.ParticipantScoreScheduleService : Scheduled task for exercise 614 and participant 656 at 2025-02-14T23:42:57.109850357Z[Etc/UTC].
    23:42:57.019 | 362 ool-1-worker-126 | DEBUG | .c.s.m.InstanceMessageReceiveService : Received schedule participant score for exercise 614 and participant 656 (result to be deleted: null)
    23:42:57.019 | 362 ool-1-worker-126 | DEBUG | .a.s.ParticipantScoreScheduleService : Scheduled task for exercise 614 and participant 656 at 2025-02-14T23:42:57.119404454Z[Etc/UTC].
    23:42:57.019 | 362 ool-1-worker-126 | DEBUG | .c.s.m.InstanceMessageReceiveService : Received schedule participant score for exercise 614 and participant 656 (result to be deleted: null)
    23:42:57.019 | 362 ool-1-worker-126 | DEBUG | .a.s.ParticipantScoreScheduleService : Scheduled task for exercise 614 and participant 656 at 2025-02-14T23:42:57.119584790Z[Etc/UTC].
    23:42:57.020 | 362 ool-1-worker-126 | DEBUG | .c.s.m.InstanceMessageReceiveService : Received schedule participant score for exercise 614 and participant 653 (result to be deleted: null)
    23:42:57.020 | 362 ool-1-worker-126 | DEBUG | .a.s.ParticipantScoreScheduleService : Scheduled task for exercise 614 and participant 653 at 2025-02-14T23:42:57.120837977Z[Etc/UTC].
    23:42:57.021 | 362 ool-1-worker-126 | DEBUG | .c.s.m.InstanceMessageReceiveService : Received schedule participant score for exercise 614 and participant 653 (result to be deleted: null)
    23:42:57.021 | 362 ool-1-worker-126 | DEBUG | .a.s.ParticipantScoreScheduleService : Scheduled task for exercise 614 and participant 653 at 2025-02-14T23:42:57.121464616Z[Etc/UTC].
    23:42:57.026 | 362 ool-1-worker-126 | DEBUG | .c.s.m.InstanceMessageReceiveService : Received schedule participant score for exercise 614 and participant 653 (result to be deleted: null)
    23:42:57.026 | 362 ool-1-worker-126 | DEBUG | .a.s.ParticipantScoreScheduleService : Scheduled task for exercise 614 and participant 653 at 2025-02-14T23:42:57.126980422Z[Etc/UTC].
    23:42:57.027 | 362 ool-1-worker-126 | DEBUG | .c.s.m.InstanceMessageReceiveService : Received schedule participant score for exercise 614 and participant 653 (result to be deleted: null)
    23:42:57.027 | 362 ool-1-worker-126 | DEBUG | .a.s.ParticipantScoreScheduleService : Scheduled task for exercise 614 and participant 653 at 2025-02-14T23:42:57.127184472Z[Etc/UTC].
    23:42:57.028 | 362 ool-1-worker-126 | DEBUG | .c.s.m.InstanceMessageReceiveService : Received schedule participant score for exercise 615 and participant 654 (result to be deleted: null)
    23:42:57.028 | 362 ool-1-worker-126 | DEBUG | .a.s.ParticipantScoreScheduleService : Scheduled task for exercise 615 and participant 654 at 2025-02-14T23:42:57.128307396Z[Etc/UTC].
    23:42:57.028 | 362 ool-1-worker-126 | DEBUG | .c.s.m.InstanceMessageReceiveService : Received schedule participant score for exercise 615 and participant 654 (result to be deleted: null)
    23:42:57.028 | 362 ool-1-worker-126 | DEBUG | .a.s.ParticipantScoreScheduleService : Scheduled task for exercise 615 and participant 654 at 2025-02-14T23:42:57.128878281Z[Etc/UTC].
    23:42:57.035 | 362 ool-1-worker-126 | DEBUG | .c.s.m.InstanceMessageReceiveService : Received schedule participant score for exercise 615 and participant 654 (result to be deleted: null)
    23:42:57.035 | 362 ool-1-worker-126 | DEBUG | .a.s.ParticipantScoreScheduleService : Scheduled task for exercise 615 and participant 654 at 2025-02-14T23:42:57.135145087Z[Etc/UTC].
    23:42:57.035 | 362 ool-1-worker-126 | DEBUG | .c.s.m.InstanceMessageReceiveService : Received schedule participant score for exercise 615 and participant 654 (result to be deleted: null)
    23:42:57.035 | 362 ool-1-worker-126 | DEBUG | .a.s.ParticipantScoreScheduleService : Scheduled task for exercise 615 and participant 654 at 2025-02-14T23:42:57.135352714Z[Etc/UTC].
    23:42:57.036 | 362 ool-1-worker-126 | DEBUG | .c.s.m.InstanceMessageReceiveService : Received schedule participant score for exercise 615 and participant 652 (result to be deleted: null)
    23:42:57.036 | 362 ool-1-worker-126 | DEBUG | .a.s.ParticipantScoreScheduleService : Scheduled task for exercise 615 and participant 652 at 2025-02-14T23:42:57.136488082Z[Etc/UTC].
    23:42:57.037 | 362 ool-1-worker-126 | DEBUG | .c.s.m.InstanceMessageReceiveService : Received schedule participant score for exercise 615 and participant 652 (result to be deleted: null)
    23:42:57.037 | 362 ool-1-worker-126 | DEBUG | .a.s.ParticipantScoreScheduleService : Scheduled task for exercise 615 and participant 652 at 2025-02-14T23:42:57.137073834Z[Etc/UTC].
    23:42:57.043 | 362 ool-1-worker-126 | DEBUG | .c.s.m.InstanceMessageReceiveService : Received schedule participant score for exercise 615 and participant 652 (result to be deleted: null)
    23:42:57.043 | 362 ool-1-worker-126 | DEBUG | .a.s.ParticipantScoreScheduleService : Scheduled task for exercise 615 and participant 652 at 2025-02-14T23:42:57.143490861Z[Etc/UTC].
    23:42:57.043 | 362 ool-1-worker-126 | DEBUG | .c.s.m.InstanceMessageReceiveService : Received schedule participant score for exercise 615 and participant 652 (result to be deleted: null)
    23:42:57.043 | 362 ool-1-worker-126 | DEBUG | .a.s.ParticipantScoreScheduleService : Scheduled task for exercise 615 and participant 652 at 2025-02-14T23:42:57.143740496Z[Etc/UTC].
    23:42:57.045 | 362 ool-1-worker-126 | DEBUG | .c.s.m.InstanceMessageReceiveService : Received schedule participant score for exercise 615 and participant 655 (result to be deleted: null)
    23:42:57.045 | 362 ool-1-worker-126 | DEBUG | .a.s.ParticipantScoreScheduleService : Scheduled task for exercise 615 and participant 655 at 2025-02-14T23:42:57.145786742Z[Etc/UTC].
    23:42:57.046 | 362 ool-1-worker-126 | DEBUG | .c.s.m.InstanceMessageReceiveService : Received schedule participant score for exercise 615 and participant 655 (result to be deleted: null)
    23:42:57.046 | 362 ool-1-worker-126 | DEBUG | .a.s.ParticipantScoreScheduleService : Scheduled task for exercise 615 and participant 655 at 2025-02-14T23:42:57.146402961Z[Etc/UTC].
    23:42:57.054 | 362 ool-1-worker-126 | DEBUG | .c.s.m.InstanceMessageReceiveService : Received schedule participant score for exercise 615 and participant 655 (result to be deleted: null)
    23:42:57.054 | 362 ool-1-worker-126 | DEBUG | .a.s.ParticipantScoreScheduleService : Scheduled task for exercise 615 and participant 655 at 2025-02-14T23:42:57.154465546Z[Etc/UTC].
    23:42:57.054 | 362 ool-1-worker-126 | DEBUG | .c.s.m.InstanceMessageReceiveService : Received schedule participant score for exercise 615 and participant 655 (result to be deleted: null)
    23:42:57.054 | 362 ool-1-worker-126 | DEBUG | .a.s.ParticipantScoreScheduleService : Scheduled task for exercise 615 and participant 655 at 2025-02-14T23:42:57.154672172Z[Etc/UTC].
    23:42:57.055 | 362 ool-1-worker-126 | DEBUG | .c.s.m.InstanceMessageReceiveService : Received schedule participant score for exercise 616 and participant 653 (result to be deleted: null)
    23:42:57.056 | 362 ool-1-worker-126 | DEBUG | .a.s.ParticipantScoreScheduleService : Scheduled task for exercise 616 and participant 653 at 2025-02-14T23:42:57.156028211Z[Etc/UTC].
    23:42:57.056 | 362 ool-1-worker-126 | DEBUG | .c.s.m.InstanceMessageReceiveService : Received schedule participant score for exercise 616 and participant 653 (result to be deleted: null)
    23:42:57.056 | 362 ool-1-worker-126 | DEBUG | .a.s.ParticipantScoreScheduleService : Scheduled task for exercise 616 and participant 653 at 2025-02-14T23:42:57.156788599Z[Etc/UTC].
    23:42:57.059 | 326 taskScheduler-1  | DEBUG | .a.s.ParticipantScoreScheduleService : Processing exercise 613 and participant 655 to update participant scores.
    23:42:57.065 | 362 ool-1-worker-126 | DEBUG | .c.s.m.InstanceMessageReceiveService : Received schedule participant score for exercise 616 and participant 653 (result to be deleted: null)
    23:42:57.066 | 362 ool-1-worker-126 | DEBUG | .a.s.ParticipantScoreScheduleService : Scheduled task for exercise 616 and participant 653 at 2025-02-14T23:42:57.166056913Z[Etc/UTC].
    23:42:57.066 | 362 ool-1-worker-126 | DEBUG | .c.s.m.InstanceMessageReceiveService : Received schedule participant score for exercise 616 and participant 653 (result to be deleted: null)
    23:42:57.066 | 362 ool-1-worker-126 | DEBUG | .a.s.ParticipantScoreScheduleService : Scheduled task for exercise 616 and participant 653 at 2025-02-14T23:42:57.166278426Z[Etc/UTC].
    23:42:57.067 | 362 ool-1-worker-126 | DEBUG | .c.s.m.InstanceMessageReceiveService : Received schedule participant score for exercise 616 and participant 656 (result to be deleted: null)
    23:42:57.067 | 362 ool-1-worker-126 | DEBUG | .a.s.ParticipantScoreScheduleService : Scheduled task for exercise 616 and participant 656 at 2025-02-14T23:42:57.167607835Z[Etc/UTC].
    23:42:57.068 | 362 ool-1-worker-126 | DEBUG | .c.s.m.InstanceMessageReceiveService : Received schedule participant score for exercise 616 and participant 656 (result to be deleted: null)
    23:42:57.068 | 362 ool-1-worker-126 | DEBUG | .a.s.ParticipantScoreScheduleService : Scheduled task for exercise 616 and participant 656 at 2025-02-14T23:42:57.168249952Z[Etc/UTC].
    23:42:57.076 | 362 ool-1-worker-126 | DEBUG | .c.s.m.InstanceMessageReceiveService : Received schedule participant score for exercise 616 and participant 656 (result to be deleted: null)
    23:42:57.076 | 362 ool-1-worker-126 | DEBUG | .a.s.ParticipantScoreScheduleService : Scheduled task for exercise 616 and participant 656 at 2025-02-14T23:42:57.176456406Z[Etc/UTC].
    23:42:57.076 | 326 taskScheduler-1  | DEBUG | .a.s.ParticipantScoreScheduleService : Updated participant score 125.
    23:42:57.076 | 362 ool-1-worker-126 | DEBUG | .c.s.m.InstanceMessageReceiveService : Received schedule participant score for exercise 616 and participant 656 (result to be deleted: null)
    23:42:57.076 | 362 ool-1-worker-126 | DEBUG | .a.s.ParticipantScoreScheduleService : Scheduled task for exercise 616 and participant 656 at 2025-02-14T23:42:57.176645027Z[Etc/UTC].
    23:42:57.077 | 326 taskScheduler-1  | DEBUG | .a.s.ParticipantScoreScheduleService : Updating the participant score for exercise 613 and participant 655 took 18 ms.
    23:42:57.077 | 362 ool-1-worker-126 | DEBUG | .c.s.m.InstanceMessageReceiveService : Received schedule participant score for exercise 617 and participant 655 (result to be deleted: null)
    23:42:57.077 | 362 ool-1-worker-126 | DEBUG | .a.s.ParticipantScoreScheduleService : Scheduled task for exercise 617 and participant 655 at 2025-02-14T23:42:57.177825599Z[Etc/UTC].
    23:42:57.078 | 362 ool-1-worker-126 | DEBUG | .c.s.m.InstanceMessageReceiveService : Received schedule participant score for exercise 617 and participant 655 (result to be deleted: null)
    23:42:57.078 | 362 ool-1-worker-126 | DEBUG | .a.s.ParticipantScoreScheduleService : Scheduled task for exercise 617 and participant 655 at 2025-02-14T23:42:57.178422472Z[Etc/UTC].
    23:42:57.084 | 362 ool-1-worker-126 | DEBUG | .c.s.m.InstanceMessageReceiveService : Received schedule participant score for exercise 617 and participant 655 (result to be deleted: null)
    23:42:57.084 | 362 ool-1-worker-126 | DEBUG | .a.s.ParticipantScoreScheduleService : Scheduled task for exercise 617 and participant 655 at 2025-02-14T23:42:57.184833788Z[Etc/UTC].
    23:42:57.084 | 362 ool-1-worker-126 | DEBUG | .c.s.m.InstanceMessageReceiveService : Received schedule participant score for exercise 617 and participant 655 (result to be deleted: null)
    23:42:57.085 | 362 ool-1-worker-126 | DEBUG | .a.s.ParticipantScoreScheduleService : Scheduled task for exercise 617 and participant 655 at 2025-02-14T23:42:57.185025205Z[Etc/UTC].
    23:42:57.086 | 362 ool-1-worker-126 | DEBUG | .c.s.m.InstanceMessageReceiveService : Received schedule participant score for exercise 617 and participant 652 (result to be deleted: null)
    23:42:57.086 | 362 ool-1-worker-126 | DEBUG | .a.s.ParticipantScoreScheduleService : Scheduled task for exercise 617 and participant 652 at 2025-02-14T23:42:57.186339225Z[Etc/UTC].
    23:42:57.086 | 362 ool-1-worker-126 | DEBUG | .c.s.m.InstanceMessageReceiveService : Received schedule participant score for exercise 617 and participant 652 (result to be deleted: null)
    23:42:57.086 | 362 ool-1-worker-126 | DEBUG | .a.s.ParticipantScoreScheduleService : Scheduled task for exercise 617 and participant 652 at 2025-02-14T23:42:57.186914979Z[Etc/UTC].
    23:42:57.092 | 362 ool-1-worker-126 | DEBUG | .c.s.m.InstanceMessageReceiveService : Received schedule participant score for exercise 617 and participant 652 (result to be deleted: null)
    23:42:57.092 | 362 ool-1-worker-126 | DEBUG | .a.s.ParticipantScoreScheduleService : Scheduled task for exercise 617 and participant 652 at 2025-02-14T23:42:57.192301464Z[Etc/UTC].
    23:42:57.092 | 362 ool-1-worker-126 | DEBUG | .c.s.m.InstanceMessageReceiveService : Received schedule participant score for exercise 617 and participant 652 (result to be deleted: null)
    23:42:57.092 | 362 ool-1-worker-126 | DEBUG | .a.s.ParticipantScoreScheduleService : Scheduled task for exercise 617 and participant 652 at 2025-02-14T23:42:57.192476110Z[Etc/UTC].
    23:42:57.093 | 362 ool-1-worker-126 | DEBUG | .c.s.m.InstanceMessageReceiveService : Received schedule participant score for exercise 617 and participant 654 (result to be deleted: null)
    23:42:57.093 | 362 ool-1-worker-126 | DEBUG | .a.s.ParticipantScoreScheduleService : Scheduled task for exercise 617 and participant 654 at 2025-02-14T23:42:57.193684864Z[Etc/UTC].
    23:42:57.094 | 362 ool-1-worker-126 | DEBUG | .c.s.m.InstanceMessageReceiveService : Received schedule participant score for exercise 617 and participant 654 (result to be deleted: null)
    23:42:57.094 | 362 ool-1-worker-126 | DEBUG | .a.s.ParticipantScoreScheduleService : Scheduled task for exercise 617 and participant 654 at 2025-02-14T23:42:57.194304490Z[Etc/UTC].
    23:42:57.099 | 362 ool-1-worker-126 | DEBUG | .c.s.m.InstanceMessageReceiveService : Received schedule participant score for exercise 617 and participant 654 (result to be deleted: null)
    23:42:57.099 | 362 ool-1-worker-126 | DEBUG | .a.s.ParticipantScoreScheduleService : Scheduled task for exercise 617 and participant 654 at 2025-02-14T23:42:57.199717664Z[Etc/UTC].
    23:42:57.099 | 362 ool-1-worker-126 | DEBUG | .c.s.m.InstanceMessageReceiveService : Received schedule participant score for exercise 617 and participant 654 (result to be deleted: null)
    23:42:57.099 | 362 ool-1-worker-126 | DEBUG | .a.s.ParticipantScoreScheduleService : Scheduled task for exercise 617 and participant 654 at 2025-02-14T23:42:57.199895285Z[Etc/UTC].
    23:42:57.100 | 362 ool-1-worker-126 | DEBUG | .c.s.m.InstanceMessageReceiveService : Received schedule participant score for exercise 618 and participant 656 (result to be deleted: null)
    23:42:57.101 | 362 ool-1-worker-126 | DEBUG | .a.s.ParticipantScoreScheduleService : Scheduled task for exercise 618 and participant 656 at 2025-02-14T23:42:57.201016446Z[Etc/UTC].
    23:42:57.101 | 362 ool-1-worker-126 | DEBUG | .c.s.m.InstanceMessageReceiveService : Received schedule participant score for exercise 618 and participant 656 (result to be deleted: null)
    23:42:57.101 | 362 ool-1-worker-126 | DEBUG | .a.s.ParticipantScoreScheduleService : Scheduled task for exercise 618 and participant 656 at 2025-02-14T23:42:57.201617096Z[Etc/UTC].
    23:42:57.107 | 327 taskScheduler-2  | DEBUG | .a.s.ParticipantScoreScheduleService : Processing exercise 613 and participant 652 to update participant scores.
    23:42:57.108 | 362 ool-1-worker-126 | DEBUG | .c.s.m.InstanceMessageReceiveService : Received schedule participant score for exercise 618 and participant 656 (result to be deleted: null)
    23:42:57.108 | 362 ool-1-worker-126 | DEBUG | .a.s.ParticipantScoreScheduleService : Scheduled task for exercise 618 and participant 656 at 2025-02-14T23:42:57.208854533Z[Etc/UTC].
    23:42:57.109 | 362 ool-1-worker-126 | DEBUG | .c.s.m.InstanceMessageReceiveService : Received schedule participant score for exercise 618 and participant 656 (result to be deleted: null)
    23:42:57.109 | 362 ool-1-worker-126 | DEBUG | .a.s.ParticipantScoreScheduleService : Scheduled task for exercise 618 and participant 656 at 2025-02-14T23:42:57.209046942Z[Etc/UTC].
    23:42:57.110 | 362 ool-1-worker-126 | DEBUG | .c.s.m.InstanceMessageReceiveService : Received schedule participant score for exercise 618 and participant 653 (result to be deleted: null)
    23:42:57.110 | 362 ool-1-worker-126 | DEBUG | .a.s.ParticipantScoreScheduleService : Scheduled task for exercise 618 and participant 653 at 2025-02-14T23:42:57.210340163Z[Etc/UTC].
    23:42:57.110 | 362 ool-1-worker-126 | DEBUG | .c.s.m.InstanceMessageReceiveService : Received schedule participant score for exercise 618 and participant 653 (result to be deleted: null)
    23:42:57.110 | 362 ool-1-worker-126 | DEBUG | .a.s.ParticipantScoreScheduleService : Scheduled task for exercise 618 and participant 653 at 2025-02-14T23:42:57.210942076Z[Etc/UTC].
    23:42:57.116 | 362 ool-1-worker-126 | DEBUG | .c.s.m.InstanceMessageReceiveService : Received schedule participant score for exercise 618 and participant 653 (result to be deleted: null)
    23:42:57.116 | 362 ool-1-worker-126 | DEBUG | .a.s.ParticipantScoreScheduleService : Scheduled task for exercise 618 and participant 653 at 2025-02-14T23:42:57.216699372Z[Etc/UTC].
    23:42:57.116 | 362 ool-1-worker-126 | DEBUG | .c.s.m.InstanceMessageReceiveService : Received schedule participant score for exercise 618 and participant 653 (result to be deleted: null)
    23:42:57.116 | 362 ool-1-worker-126 | DEBUG | .a.s.ParticipantScoreScheduleService : Scheduled task for exercise 618 and participant 653 at 2025-02-14T23:42:57.216878126Z[Etc/UTC].
    23:42:57.117 | 362 ool-1-worker-126 | DEBUG | .c.s.m.InstanceMessageReceiveService : Received schedule participant score for exercise 618 and participant 654 (result to be deleted: null)
    23:42:57.118 | 362 ool-1-worker-126 | DEBUG | .a.s.ParticipantScoreScheduleService : Scheduled task for exercise 618 and participant 654 at 2025-02-14T23:42:57.218009325Z[Etc/UTC].
    23:42:57.118 | 362 ool-1-worker-126 | DEBUG | .c.s.m.InstanceMessageReceiveService : Received schedule participant score for exercise 618 and participant 654 (result to be deleted: null)
    23:42:57.118 | 362 ool-1-worker-126 | DEBUG | .a.s.ParticipantScoreScheduleService : Scheduled task for exercise 618 and participant 654 at 2025-02-14T23:42:57.218585970Z[Etc/UTC].
    23:42:57.121 | 326 taskScheduler-1  | DEBUG | .a.s.ParticipantScoreScheduleService : Processing exercise 614 and participant 656 to update participant scores.
    23:42:57.124 | 327 taskScheduler-2  | DEBUG | .a.s.ParticipantScoreScheduleService : Updated participant score 126.
    23:42:57.125 | 327 taskScheduler-2  | DEBUG | .a.s.ParticipantScoreScheduleService : Updating the participant score for exercise 613 and participant 652 took 18 ms.
    23:42:57.127 | 328 taskScheduler-3  | DEBUG | .a.s.ParticipantScoreScheduleService : Processing exercise 614 and participant 653 to update participant scores.
    23:42:57.134 | 362 ool-1-worker-126 | DEBUG | .c.s.m.InstanceMessageReceiveService : Received schedule participant score for exercise 618 and participant 654 (result to be deleted: null)
    23:42:57.134 | 362 ool-1-worker-126 | DEBUG | .a.s.ParticipantScoreScheduleService : Scheduled task for exercise 618 and participant 654 at 2025-02-14T23:42:57.234910082Z[Etc/UTC].
    23:42:57.135 | 362 ool-1-worker-126 | DEBUG | .c.s.m.InstanceMessageReceiveService : Received schedule participant score for exercise 618 and participant 654 (result to be deleted: null)
    23:42:57.135 | 329 taskScheduler-4  | DEBUG | .a.s.ParticipantScoreScheduleService : Processing exercise 615 and participant 654 to update participant scores.
    23:42:57.136 | 362 ool-1-worker-126 | DEBUG | .a.s.ParticipantScoreScheduleService : Scheduled task for exercise 618 and participant 654 at 2025-02-14T23:42:57.236247065Z[Etc/UTC].
    23:42:57.137 | 362 ool-1-worker-126 | DEBUG | .c.s.m.InstanceMessageReceiveService : Received schedule participant score for exercise 618 and participant 655 (result to be deleted: null)
    23:42:57.137 | 362 ool-1-worker-126 | DEBUG | .a.s.ParticipantScoreScheduleService : Scheduled task for exercise 618 and participant 655 at 2025-02-14T23:42:57.237595971Z[Etc/UTC].
    23:42:57.138 | 326 taskScheduler-1  | DEBUG | .a.s.ParticipantScoreScheduleService : Updated participant score 127.
    23:42:57.138 | 326 taskScheduler-1  | DEBUG | .a.s.ParticipantScoreScheduleService : Updating the participant score for exercise 614 and participant 656 took 17 ms.
    23:42:57.140 | 362 ool-1-worker-126 | DEBUG | .c.s.m.InstanceMessageReceiveService : Received schedule participant score for exercise 618 and participant 655 (result to be deleted: null)
    23:42:57.140 | 362 ool-1-worker-126 | DEBUG | .a.s.ParticipantScoreScheduleService : Scheduled task for exercise 618 and participant 655 at 2025-02-14T23:42:57.240660546Z[Etc/UTC].
    23:42:57.144 | 328 taskScheduler-3  | DEBUG | .a.s.ParticipantScoreScheduleService : Updated participant score 128.
    23:42:57.144 | 328 taskScheduler-3  | DEBUG | .a.s.ParticipantScoreScheduleService : Updating the participant score for exercise 614 and participant 653 took 17 ms.
    23:42:57.144 | 328 taskScheduler-3  | DEBUG | .a.s.ParticipantScoreScheduleService : Processing exercise 615 and participant 652 to update participant scores.
    23:42:57.147 | 362 ool-1-worker-126 | DEBUG | .c.s.m.InstanceMessageReceiveService : Received schedule participant score for exercise 618 and participant 655 (result to be deleted: null)
    23:42:57.147 | 362 ool-1-worker-126 | DEBUG | .a.s.ParticipantScoreScheduleService : Scheduled task for exercise 618 and participant 655 at 2025-02-14T23:42:57.247167670Z[Etc/UTC].
    23:42:57.147 | 362 ool-1-worker-126 | DEBUG | .c.s.m.InstanceMessageReceiveService : Received schedule participant score for exercise 618 and participant 655 (result to be deleted: null)
    23:42:57.147 | 362 ool-1-worker-126 | DEBUG | .a.s.ParticipantScoreScheduleService : Scheduled task for exercise 618 and participant 655 at 2025-02-14T23:42:57.247357304Z[Etc/UTC].
    23:42:57.148 | 362 ool-1-worker-126 | DEBUG | .c.s.m.InstanceMessageReceiveService : Received schedule participant score for exercise 618 and participant 652 (result to be deleted: null)
    23:42:57.148 | 362 ool-1-worker-126 | DEBUG | .a.s.ParticipantScoreScheduleService : Scheduled task for exercise 618 and participant 652 at 2025-02-14T23:42:57.248530802Z[Etc/UTC].
    23:42:57.149 | 362 ool-1-worker-126 | DEBUG | .c.s.m.InstanceMessageReceiveService : Received schedule participant score for exercise 618 and participant 652 (result to be deleted: null)
    23:42:57.149 | 362 ool-1-worker-126 | DEBUG | .a.s.ParticipantScoreScheduleService : Scheduled task for exercise 618 and participant 652 at 2025-02-14T23:42:57.249138315Z[Etc/UTC].
    23:42:57.152 | 329 taskScheduler-4  | DEBUG | .a.s.ParticipantScoreScheduleService : Updated participant score 129.
    23:42:57.152 | 329 taskScheduler-4  | DEBUG | .a.s.ParticipantScoreScheduleService : Updating the participant score for exercise 615 and participant 654 took 17 ms.
    23:42:57.154 | 327 taskScheduler-2  | DEBUG | .a.s.ParticipantScoreScheduleService : Processing exercise 615 and participant 655 to update participant scores.
    23:42:57.161 | 362 ool-1-worker-126 | DEBUG | .c.s.m.InstanceMessageReceiveService : Received schedule participant score for exercise 618 and participant 652 (result to be deleted: null)
    23:42:57.161 | 362 ool-1-worker-126 | DEBUG | .a.s.ParticipantScoreScheduleService : Scheduled task for exercise 618 and participant 652 at 2025-02-14T23:42:57.261220406Z[Etc/UTC].
    23:42:57.161 | 362 ool-1-worker-126 | DEBUG | .c.s.m.InstanceMessageReceiveService : Received schedule participant score for exercise 618 and participant 652 (result to be deleted: null)
    23:42:57.161 | 362 ool-1-worker-126 | DEBUG | .a.s.ParticipantScoreScheduleService : Scheduled task for exercise 618 and participant 652 at 2025-02-14T23:42:57.261397767Z[Etc/UTC].
    23:42:57.162 | 362 ool-1-worker-126 | DEBUG | .c.s.m.InstanceMessageReceiveService : Received schedule participant score for exercise 619 and participant 653 (result to be deleted: null)
    23:42:57.162 | 362 ool-1-worker-126 | DEBUG | .a.s.ParticipantScoreScheduleService : Scheduled task for exercise 619 and participant 653 at 2025-02-14T23:42:57.262583398Z[Etc/UTC].
    23:42:57.164 | 362 ool-1-worker-126 | DEBUG | .c.s.m.InstanceMessageReceiveService : Received schedule participant score for exercise 619 and participant 653 (result to be deleted: null)
    23:42:57.164 | 362 ool-1-worker-126 | DEBUG | .a.s.ParticipantScoreScheduleService : Scheduled task for exercise 619 and participant 653 at 2025-02-14T23:42:57.264487138Z[Etc/UTC].
    23:42:57.166 | 326 taskScheduler-1  | DEBUG | .a.s.ParticipantScoreScheduleService : Processing exercise 616 and participant 653 to update participant scores.
    23:42:57.168 | 328 taskScheduler-3  | DEBUG | .a.s.ParticipantScoreScheduleService : Updated participant score 130.
    23:42:57.168 | 328 taskScheduler-3  | DEBUG | .a.s.ParticipantScoreScheduleService : Updating the participant score for exercise 615 and participant 652 took 24 ms.
    23:42:57.172 | 327 taskScheduler-2  | DEBUG | .a.s.ParticipantScoreScheduleService : Updated participant score 131.
    23:42:57.173 | 327 taskScheduler-2  | DEBUG | .a.s.ParticipantScoreScheduleService : Updating the participant score for exercise 615 and participant 655 took 19 ms.
    23:42:57.174 | 362 ool-1-worker-126 | DEBUG | .c.s.m.InstanceMessageReceiveService : Received schedule participant score for exercise 619 and participant 653 (result to be deleted: null)
    23:42:57.176 | 362 ool-1-worker-126 | DEBUG | .a.s.ParticipantScoreScheduleService : Scheduled task for exercise 619 and participant 653 at 2025-02-14T23:42:57.276639190Z[Etc/UTC].
    23:42:57.176 | 362 ool-1-worker-126 | DEBUG | .c.s.m.InstanceMessageReceiveService : Received schedule participant score for exercise 619 and participant 653 (result to be deleted: null)
    23:42:57.176 | 362 ool-1-worker-126 | DEBUG | .a.s.ParticipantScoreScheduleService : Scheduled task for exercise 619 and participant 653 at 2025-02-14T23:42:57.276831188Z[Etc/UTC].
    23:42:57.178 | 362 ool-1-worker-126 | DEBUG | .c.s.m.InstanceMessageReceiveService : Received schedule participant score for exercise 619 and participant 652 (result to be deleted: null)
    23:42:57.178 | 362 ool-1-worker-126 | DEBUG | .a.s.ParticipantScoreScheduleService : Scheduled task for exercise 619 and participant 652 at 2025-02-14T23:42:57.278331435Z[Etc/UTC].
    23:42:57.178 | 362 ool-1-worker-126 | DEBUG | .c.s.m.InstanceMessageReceiveService : Received schedule participant score for exercise 619 and participant 652 (result to be deleted: null)
    23:42:57.178 | 362 ool-1-worker-126 | DEBUG | .a.s.ParticipantScoreScheduleService : Scheduled task for exercise 619 and participant 652 at 2025-02-14T23:42:57.278911738Z[Etc/UTC].
    23:42:57.182 | 329 taskScheduler-4  | DEBUG | .a.s.ParticipantScoreScheduleService : Processing exercise 616 and participant 656 to update participant scores.
    23:42:57.184 | 362 ool-1-worker-126 | DEBUG | .c.s.m.InstanceMessageReceiveService : Received schedule participant score for exercise 619 and participant 652 (result to be deleted: null)
    23:42:57.184 | 362 ool-1-worker-126 | DEBUG | .a.s.ParticipantScoreScheduleService : Scheduled task for exercise 619 and participant 652 at 2025-02-14T23:42:57.284964986Z[Etc/UTC].
    23:42:57.185 | 362 ool-1-worker-126 | DEBUG | .c.s.m.InstanceMessageReceiveService : Received schedule participant score for exercise 619 and participant 652 (result to be deleted: null)
    23:42:57.185 | 328 taskScheduler-3  | DEBUG | .a.s.ParticipantScoreScheduleService : Processing exercise 617 and participant 655 to update participant scores.
    23:42:57.185 | 362 ool-1-worker-126 | DEBUG | .a.s.ParticipantScoreScheduleService : Scheduled task for exercise 619 and participant 652 at 2025-02-14T23:42:57.285163235Z[Etc/UTC].
    23:42:57.185 | 326 taskScheduler-1  | DEBUG | .a.s.ParticipantScoreScheduleService : Updated participant score 132.
    23:42:57.186 | 362 ool-1-worker-126 | DEBUG | .c.s.m.InstanceMessageReceiveService : Received schedule participant score for exercise 619 and participant 654 (result to be deleted: null)
    23:42:57.186 | 326 taskScheduler-1  | DEBUG | .a.s.ParticipantScoreScheduleService : Updating the participant score for exercise 616 and participant 653 took 20 ms.
    23:42:57.186 | 362 ool-1-worker-126 | DEBUG | .a.s.ParticipantScoreScheduleService : Scheduled task for exercise 619 and participant 654 at 2025-02-14T23:42:57.286359747Z[Etc/UTC].
    23:42:57.186 | 362 ool-1-worker-126 | DEBUG | .c.s.m.InstanceMessageReceiveService : Received schedule participant score for exercise 619 and participant 654 (result to be deleted: null)
    23:42:57.186 | 362 ool-1-worker-126 | DEBUG | .a.s.ParticipantScoreScheduleService : Scheduled task for exercise 619 and participant 654 at 2025-02-14T23:42:57.286930501Z[Etc/UTC].
    23:42:57.192 | 362 ool-1-worker-126 | DEBUG | .c.s.m.InstanceMessageReceiveService : Received schedule participant score for exercise 619 and participant 654 (result to be deleted: null)
    23:42:57.192 | 362 ool-1-worker-126 | DEBUG | .a.s.ParticipantScoreScheduleService : Scheduled task for exercise 619 and participant 654 at 2025-02-14T23:42:57.292324821Z[Etc/UTC].
    23:42:57.192 | 362 ool-1-worker-126 | DEBUG | .c.s.m.InstanceMessageReceiveService : Received schedule participant score for exercise 619 and participant 654 (result to be deleted: null)
    23:42:57.192 | 362 ool-1-worker-126 | DEBUG | .a.s.ParticipantScoreScheduleService : Scheduled task for exercise 619 and participant 654 at 2025-02-14T23:42:57.292504866Z[Etc/UTC].
    23:42:57.192 | 326 taskScheduler-1  | DEBUG | .a.s.ParticipantScoreScheduleService : Processing exercise 617 and participant 652 to update participant scores.
    23:42:57.193 | 362 ool-1-worker-126 | DEBUG | .c.s.m.InstanceMessageReceiveService : Received schedule participant score for exercise 619 and participant 656 (result to be deleted: null)
    23:42:57.193 | 362 ool-1-worker-126 | DEBUG | .a.s.ParticipantScoreScheduleService : Scheduled task for exercise 619 and participant 656 at 2025-02-14T23:42:57.293628622Z[Etc/UTC].
    23:42:57.194 | 362 ool-1-worker-126 | DEBUG | .c.s.m.InstanceMessageReceiveService : Received schedule participant score for exercise 619 and participant 656 (result to be deleted: null)
    23:42:57.194 | 362 ool-1-worker-126 | DEBUG | .a.s.ParticipantScoreScheduleService : Scheduled task for exercise 619 and participant 656 at 2025-02-14T23:42:57.294252686Z[Etc/UTC].
    23:42:57.199 | 327 taskScheduler-2  | DEBUG | .a.s.ParticipantScoreScheduleService : Processing exercise 617 and participant 654 to update participant scores.
    23:42:57.204 | 328 taskScheduler-3  | DEBUG | .a.s.ParticipantScoreScheduleService : Updated participant score 133.
    23:42:57.204 | 329 taskScheduler-4  | DEBUG | .a.s.ParticipantScoreScheduleService : Updated participant score 134.
    23:42:57.206 | 362 ool-1-worker-126 | DEBUG | .c.s.m.InstanceMessageReceiveService : Received schedule participant score for exercise 619 and participant 656 (result to be deleted: null)
    23:42:57.206 | 362 ool-1-worker-126 | DEBUG | .a.s.ParticipantScoreScheduleService : Scheduled task for exercise 619 and participant 656 at 2025-02-14T23:42:57.306457576Z[Etc/UTC].
    23:42:57.206 | 362 ool-1-worker-126 | DEBUG | .c.s.m.InstanceMessageReceiveService : Received schedule participant score for exercise 619 and participant 656 (result to be deleted: null)
    23:42:57.206 | 362 ool-1-worker-126 | DEBUG | .a.s.ParticipantScoreScheduleService : Scheduled task for exercise 619 and participant 656 at 2025-02-14T23:42:57.306637722Z[Etc/UTC].
    23:42:57.207 | 362 ool-1-worker-126 | DEBUG | .c.s.m.InstanceMessageReceiveService : Received schedule participant score for exercise 619 and participant 655 (result to be deleted: null)
    23:42:57.207 | 362 ool-1-worker-126 | DEBUG | .a.s.ParticipantScoreScheduleService : Scheduled task for exercise 619 and participant 655 at 2025-02-14T23:42:57.307769673Z[Etc/UTC].
    23:42:57.208 | 329 taskScheduler-4  | DEBUG | .a.s.ParticipantScoreScheduleService : Updating the participant score for exercise 616 and participant 656 took 26 ms.
    23:42:57.208 | 362 ool-1-worker-126 | DEBUG | .c.s.m.InstanceMessageReceiveService : Received schedule participant score for exercise 619 and participant 655 (result to be deleted: null)
    23:42:57.208 | 362 ool-1-worker-126 | DEBUG | .a.s.ParticipantScoreScheduleService : Scheduled task for exercise 619 and participant 655 at 2025-02-14T23:42:57.308614819Z[Etc/UTC].
    23:42:57.208 | 328 taskScheduler-3  | DEBUG | .a.s.ParticipantScoreScheduleService : Updating the participant score for exercise 617 and participant 655 took 23 ms.
    23:42:57.209 | 329 taskScheduler-4  | DEBUG | .a.s.ParticipantScoreScheduleService : Processing exercise 618 and participant 656 to update participant scores.
    23:42:57.214 | 326 taskScheduler-1  | DEBUG | .a.s.ParticipantScoreScheduleService : Updated participant score 135.
    23:42:57.214 | 326 taskScheduler-1  | DEBUG | .a.s.ParticipantScoreScheduleService : Updating the participant score for exercise 617 and participant 652 took 22 ms.
    23:42:57.217 | 327 taskScheduler-2  | DEBUG | .a.s.ParticipantScoreScheduleService : Updated participant score 137.
    23:42:57.217 | 327 taskScheduler-2  | DEBUG | .a.s.ParticipantScoreScheduleService : Updating the participant score for exercise 617 and participant 654 took 18 ms.
    23:42:57.217 | 327 taskScheduler-2  | DEBUG | .a.s.ParticipantScoreScheduleService : Processing exercise 618 and participant 653 to update participant scores.
    23:42:57.220 | 329 taskScheduler-4  | DEBUG | .a.s.ParticipantScoreScheduleService : Updated participant score 136.
    23:42:57.220 | 329 taskScheduler-4  | DEBUG | .a.s.ParticipantScoreScheduleService : Updating the participant score for exercise 618 and participant 656 took 11 ms.
    23:42:57.223 | 362 ool-1-worker-126 | DEBUG | .c.s.m.InstanceMessageReceiveService : Received schedule participant score for exercise 619 and participant 655 (result to be deleted: null)
    23:42:57.224 | 362 ool-1-worker-126 | DEBUG | .a.s.ParticipantScoreScheduleService : Scheduled task for exercise 619 and participant 655 at 2025-02-14T23:42:57.324004558Z[Etc/UTC].
    23:42:57.224 | 362 ool-1-worker-126 | DEBUG | .c.s.m.InstanceMessageReceiveService : Received schedule participant score for exercise 619 and participant 655 (result to be deleted: null)
    23:42:57.224 | 362 ool-1-worker-126 | DEBUG | .a.s.ParticipantScoreScheduleService : Scheduled task for exercise 619 and participant 655 at 2025-02-14T23:42:57.324214349Z[Etc/UTC].
    23:42:57.226 | 327 taskScheduler-2  | DEBUG | .a.s.ParticipantScoreScheduleService : Updated participant score 138.
    23:42:57.227 | 327 taskScheduler-2  | DEBUG | .a.s.ParticipantScoreScheduleService : Updating the participant score for exercise 618 and participant 653 took 10 ms.
    23:42:57.228 | 362 ool-1-worker-126 | DEBUG | .c.s.m.InstanceMessageReceiveService : Received schedule participant score for exercise 620 and participant 653 (result to be deleted: null)
    23:42:57.228 | 362 ool-1-worker-126 | DEBUG | .a.s.ParticipantScoreScheduleService : Scheduled task for exercise 620 and participant 653 at 2025-02-14T23:42:57.328269862Z[Etc/UTC].
    23:42:57.229 | 362 ool-1-worker-126 | DEBUG | .c.s.m.InstanceMessageReceiveService : Received schedule participant score for exercise 620 and participant 653 (result to be deleted: null)
    23:42:57.229 | 362 ool-1-worker-126 | DEBUG | .a.s.ParticipantScoreScheduleService : Scheduled task for exercise 620 and participant 653 at 2025-02-14T23:42:57.329128814Z[Etc/UTC].
    23:42:57.236 | 328 taskScheduler-3  | DEBUG | .a.s.ParticipantScoreScheduleService : Processing exercise 618 and participant 654 to update participant scores.
    23:42:57.237 | 362 ool-1-worker-126 | DEBUG | .c.s.m.InstanceMessageReceiveService : Received schedule participant score for exercise 620 and participant 653 (result to be deleted: null)
    23:42:57.237 | 362 ool-1-worker-126 | DEBUG | .a.s.ParticipantScoreScheduleService : Scheduled task for exercise 620 and participant 653 at 2025-02-14T23:42:57.337655174Z[Etc/UTC].
    23:42:57.237 | 362 ool-1-worker-126 | DEBUG | .c.s.m.InstanceMessageReceiveService : Received schedule participant score for exercise 620 and participant 653 (result to be deleted: null)
    23:42:57.237 | 362 ool-1-worker-126 | DEBUG | .a.s.ParticipantScoreScheduleService : Scheduled task for exercise 620 and participant 653 at 2025-02-14T23:42:57.337850569Z[Etc/UTC].
    23:42:57.239 | 362 ool-1-worker-126 | DEBUG | .c.s.m.InstanceMessageReceiveService : Received schedule participant score for exercise 620 and participant 654 (result to be deleted: null)
    23:42:57.239 | 362 ool-1-worker-126 | DEBUG | .a.s.ParticipantScoreScheduleService : Scheduled task for exercise 620 and participant 654 at 2025-02-14T23:42:57.339642420Z[Etc/UTC].
    23:42:57.240 | 362 ool-1-worker-126 | DEBUG | .c.s.m.InstanceMessageReceiveService : Received schedule participant score for exercise 620 and participant 654 (result to be deleted: null)
    23:42:57.240 | 362 ool-1-worker-126 | DEBUG | .a.s.ParticipantScoreScheduleService : Scheduled task for exercise 620 and participant 654 at 2025-02-14T23:42:57.340214717Z[Etc/UTC].
    23:42:57.247 | 328 taskScheduler-3  | DEBUG | .a.s.ParticipantScoreScheduleService : Updated participant score 139.
    23:42:57.248 | 328 taskScheduler-3  | DEBUG | .a.s.ParticipantScoreScheduleService : Updating the participant score for exercise 618 and participant 654 took 12 ms.
    23:42:57.248 | 328 taskScheduler-3  | DEBUG | .a.s.ParticipantScoreScheduleService : Processing exercise 618 and participant 655 to update participant scores.
    23:42:57.248 | 362 ool-1-worker-126 | DEBUG | .c.s.m.InstanceMessageReceiveService : Received schedule participant score for exercise 620 and participant 654 (result to be deleted: null)
    23:42:57.248 | 362 ool-1-worker-126 | DEBUG | .a.s.ParticipantScoreScheduleService : Scheduled task for exercise 620 and participant 654 at 2025-02-14T23:42:57.348749163Z[Etc/UTC].
    23:42:57.248 | 362 ool-1-worker-126 | DEBUG | .c.s.m.InstanceMessageReceiveService : Received schedule participant score for exercise 620 and participant 654 (result to be deleted: null)
    23:42:57.248 | 362 ool-1-worker-126 | DEBUG | .a.s.ParticipantScoreScheduleService : Scheduled task for exercise 620 and participant 654 at 2025-02-14T23:42:57.348938285Z[Etc/UTC].
    23:42:57.250 | 362 ool-1-worker-126 | DEBUG | .c.s.m.InstanceMessageReceiveService : Received schedule participant score for exercise 620 and participant 656 (result to be deleted: null)
    23:42:57.250 | 362 ool-1-worker-126 | DEBUG | .a.s.ParticipantScoreScheduleService : Scheduled task for exercise 620 and participant 656 at 2025-02-14T23:42:57.350603040Z[Etc/UTC].
    23:42:57.251 | 362 ool-1-worker-126 | DEBUG | .c.s.m.InstanceMessageReceiveService : Received schedule participant score for exercise 620 and participant 656 (result to be deleted: null)
    23:42:57.251 | 362 ool-1-worker-126 | DEBUG | .a.s.ParticipantScoreScheduleService : Scheduled task for exercise 620 and participant 656 at 2025-02-14T23:42:57.351196046Z[Etc/UTC].
    23:42:57.259 | 362 ool-1-worker-126 | DEBUG | .c.s.m.InstanceMessageReceiveService : Received schedule participant score for exercise 620 and participant 656 (result to be deleted: null)
    23:42:57.259 | 362 ool-1-worker-126 | DEBUG | .a.s.ParticipantScoreScheduleService : Scheduled task for exercise 620 and participant 656 at 2025-02-14T23:42:57.359970509Z[Etc/UTC].
    23:42:57.260 | 362 ool-1-worker-126 | DEBUG | .c.s.m.InstanceMessageReceiveService : Received schedule participant score for exercise 620 and participant 656 (result to be deleted: null)
    23:42:57.260 | 362 ool-1-worker-126 | DEBUG | .a.s.ParticipantScoreScheduleService : Scheduled task for exercise 620 and participant 656 at 2025-02-14T23:42:57.360185510Z[Etc/UTC].
    23:42:57.261 | 362 ool-1-worker-126 | DEBUG | .c.s.m.InstanceMessageReceiveService : Received schedule participant score for exercise 620 and participant 655 (result to be deleted: null)
    23:42:57.261 | 362 ool-1-worker-126 | DEBUG | .a.s.ParticipantScoreScheduleService : Scheduled task for exercise 620 and participant 655 at 2025-02-14T23:42:57.361801052Z[Etc/UTC].
    23:42:57.262 | 362 ool-1-worker-126 | DEBUG | .c.s.m.InstanceMessageReceiveService : Received schedule participant score for exercise 620 and participant 655 (result to be deleted: null)
    23:42:57.262 | 362 ool-1-worker-126 | DEBUG | .a.s.ParticipantScoreScheduleService : Scheduled task for exercise 620 and participant 655 at 2025-02-14T23:42:57.362471342Z[Etc/UTC].
    23:42:57.264 | 329 taskScheduler-4  | DEBUG | .a.s.ParticipantScoreScheduleService : Processing exercise 618 and participant 652 to update participant scores.
    23:42:57.269 | 328 taskScheduler-3  | DEBUG | .a.s.ParticipantScoreScheduleService : Updated participant score 140.
    23:42:57.269 | 328 taskScheduler-3  | DEBUG | .a.s.ParticipantScoreScheduleService : Updating the participant score for exercise 618 and participant 655 took 21 ms.
    23:42:57.272 | 329 taskScheduler-4  | DEBUG | .a.s.ParticipantScoreScheduleService : Updated participant score 141.
    23:42:57.272 | 362 ool-1-worker-126 | DEBUG | .c.s.m.InstanceMessageReceiveService : Received schedule participant score for exercise 620 and participant 655 (result to be deleted: null)
    23:42:57.273 | 362 ool-1-worker-126 | DEBUG | .a.s.ParticipantScoreScheduleService : Scheduled task for exercise 620 and participant 655 at 2025-02-14T23:42:57.373024312Z[Etc/UTC].
    23:42:57.273 | 362 ool-1-worker-126 | DEBUG | .c.s.m.InstanceMessageReceiveService : Received schedule participant score for exercise 620 and participant 655 (result to be deleted: null)
    23:42:57.273 | 362 ool-1-worker-126 | DEBUG | .a.s.ParticipantScoreScheduleService : Scheduled task for exercise 620 and participant 655 at 2025-02-14T23:42:57.373240655Z[Etc/UTC].
    23:42:57.274 | 362 ool-1-worker-126 | DEBUG | .c.s.m.InstanceMessageReceiveService : Received schedule participant score for exercise 620 and participant 652 (result to be deleted: null)
    23:42:57.274 | 362 ool-1-worker-126 | DEBUG | .a.s.ParticipantScoreScheduleService : Scheduled task for exercise 620 and participant 652 at 2025-02-14T23:42:57.374895642Z[Etc/UTC].
    23:42:57.275 | 362 ool-1-worker-126 | DEBUG | .c.s.m.InstanceMessageReceiveService : Received schedule participant score for exercise 620 and participant 652 (result to be deleted: null)
    23:42:57.275 | 362 ool-1-worker-126 | DEBUG | .a.s.ParticipantScoreScheduleService : Scheduled task for exercise 620 and participant 652 at 2025-02-14T23:42:57.375908490Z[Etc/UTC].
    23:42:57.276 | 327 taskScheduler-2  | DEBUG | .a.s.ParticipantScoreScheduleService : Processing exercise 619 and participant 653 to update participant scores.
    23:42:57.279 | 329 taskScheduler-4  | DEBUG | .a.s.ParticipantScoreScheduleService : Updating the participant score for exercise 618 and participant 652 took 15 ms.
    23:42:57.285 | 329 taskScheduler-4  | DEBUG | .a.s.ParticipantScoreScheduleService : Processing exercise 619 and participant 652 to update participant scores.
    23:42:57.291 | 327 taskScheduler-2  | DEBUG | .a.s.ParticipantScoreScheduleService : Updated participant score 142.
    23:42:57.291 | 327 taskScheduler-2  | DEBUG | .a.s.ParticipantScoreScheduleService : Updating the participant score for exercise 619 and participant 653 took 15 ms.
    23:42:57.292 | 326 taskScheduler-1  | DEBUG | .a.s.ParticipantScoreScheduleService : Processing exercise 619 and participant 654 to update participant scores.
    23:42:57.297 | 362 ool-1-worker-126 | DEBUG | .c.s.m.InstanceMessageReceiveService : Received schedule participant score for exercise 620 and participant 652 (result to be deleted: null)
    23:42:57.297 | 362 ool-1-worker-126 | DEBUG | .a.s.ParticipantScoreScheduleService : Scheduled task for exercise 620 and participant 652 at 2025-02-14T23:42:57.397855818Z[Etc/UTC].
    23:42:57.297 | 362 ool-1-worker-126 | DEBUG | .c.s.m.InstanceMessageReceiveService : Received schedule participant score for exercise 620 and participant 652 (result to be deleted: null)
    23:42:57.298 | 362 ool-1-worker-126 | DEBUG | .a.s.ParticipantScoreScheduleService : Scheduled task for exercise 620 and participant 652 at 2025-02-14T23:42:57.398021107Z[Etc/UTC].
    23:42:57.301 |  90 ns.HealthMonitor | INFO  | c.h.i.diagnostics.HealthMonitor      : [127.0.0.1]:5701 [dev] [5.5.0] processors=4, physical.memory.total=15.6G, physical.memory.free=3.1G, swap.space.total=0, swap.space.free=0, heap.memory.used=1.8G, heap.memory.free=1.0G, heap.memory.total=2.9G, heap.memory.max=6.0G, heap.memory.used/total=64.65%, heap.memory.used/max=30.73%, minor.gc.count=113, minor.gc.time=6140ms, major.gc.count=0, major.gc.time=0ms, unknown.gc.count=50, unknown.gc.time=763ms, load.process=0.00%, load.system=93.34%, load.systemAverage=5.34, thread.count=484, thread.peakCount=498, cluster.timeDiff=0, event.q.size=0, executor.q.async.size=0, executor.q.client.size=0, executor.q.client.query.size=0, executor.q.client.blocking.size=0, executor.q.query.size=0, executor.q.scheduled.size=0, executor.q.io.size=0, executor.q.system.size=0, executor.q.operations.size=0, executor.q.priorityOperation.size=0, operations.completed.count=796, executor.q.mapLoad.size=0, executor.q.mapLoadAllKeys.size=0, executor.q.cluster.size=0, executor.q.response.size=0, operations.running.count=0, operations.pending.invocations.percentage=0.00%, operations.pending.invocations.count=0, proxy.count=205, clientEndpoint.count=0, connection.active.count=0, client.connection.count=0, connection.count=0
    23:42:57.304 | 329 taskScheduler-4  | DEBUG | .a.s.ParticipantScoreScheduleService : Updated participant score 143.
    23:42:57.304 | 329 taskScheduler-4  | DEBUG | .a.s.ParticipantScoreScheduleService : Updating the participant score for exercise 619 and participant 652 took 19 ms.
    23:42:57.305 | 362 ool-1-worker-126 | DEBUG | .a.s.ParticipantScoreScheduleService : Scheduled task for exercise 610 and participant 652 at 2025-02-14T23:42:57.405741323Z[Etc/UTC].
    23:42:57.305 | 362 ool-1-worker-126 | DEBUG | .a.s.ParticipantScoreScheduleService : Scheduled task for exercise 610 and participant 652 at 2025-02-14T23:42:57.405769927Z[Etc/UTC].
    23:42:57.305 | 362 ool-1-worker-126 | DEBUG | .a.s.ParticipantScoreScheduleService : Scheduled task for exercise 610 and participant 653 at 2025-02-14T23:42:57.405778903Z[Etc/UTC].
    23:42:57.306 | 362 ool-1-worker-126 | DEBUG | .a.s.ParticipantScoreScheduleService : Scheduled task for exercise 610 and participant 653 at 2025-02-14T23:42:57.406198256Z[Etc/UTC].
    23:42:57.306 | 362 ool-1-worker-126 | DEBUG | .a.s.ParticipantScoreScheduleService : Scheduled task for exercise 610 and participant 654 at 2025-02-14T23:42:57.406241256Z[Etc/UTC].
    23:42:57.306 | 362 ool-1-worker-126 | DEBUG | .a.s.ParticipantScoreScheduleService : Scheduled task for exercise 610 and participant 654 at 2025-02-14T23:42:57.406252316Z[Etc/UTC].
    23:42:57.306 | 362 ool-1-worker-126 | DEBUG | .a.s.ParticipantScoreScheduleService : Scheduled task for exercise 610 and participant 655 at 2025-02-14T23:42:57.406258578Z[Etc/UTC].
    23:42:57.306 | 566 localvc.event-13 | DEBUG | a.a.b.s.SharedQueueProcessingService : CIBuildJobQueueItem added to queue: BuildJobQueueItem[id=4741739576577297, name=SHORT88A9A223023E2047B709E4A029FA08BCF2CFTSTEXC-LOCALCIINTSTUDENT1, buildAgent=BuildAgentDTO[name=null, memberAddress=null, displayName=null], participationId=474, courseId=151, exerciseId=302, retryCount=0, priority=2, status=null, repositoryInfo=RepositoryInfo[repositoryName=short88a9a223023e2047b709e4a029fa08bcf2cftstexc-localciintstudent1, repositoryType=user, triggeredByPushTo=user, assignmentRepositoryUri=http://localhost:49152/git/SHORT88A9A223023E2047B709E4A029FA08BCF2CFTSTEXC/short88a9a223023e2047b709e4a029fa08bcf2cftstexc-localciintstudent1.git, testRepositoryUri=http://localhost:49152/git/SHORT88A9A223023E2047B709E4A029FA08BCF2CFTSTEXC/short88a9a223023e2047b709e4a029fa08bcf2cftstexc-tests.git, solutionRepositoryUri=null, auxiliaryRepositoryUris=[Ljava.lang.String;@63ed7557, auxiliaryRepositoryCheckoutDirectories=[Ljava.lang.String;@391d4139], jobTimingInfo=JobTimingInfo[submissionDate=2025-02-14T23:42:57.297342281Z[Etc/UTC], buildStartDate=null, buildCompletionDate=null, estimatedCompletionDate=null, estimatedDuration=19], buildConfig=BuildConfig[buildScript=#!/bin/bash
cd /var/tmp/testing-dir
chmod +x ./gradlew
./gradlew clean test
, dockerImage=dummy-docker-image:latest, commitHashToBuild=736cbea1e46d6849b41266b2bf1cccd3b9ea55b1, assignmentCommitHash=736cbea1e46d6849b41266b2bf1cccd3b9ea55b1, testCommitHash=ea6267edd396a304305339b036512b63e0374c66, branch=main, programmingLanguage=JAVA, projectType=PLAIN_GRADLE, scaEnabled=false, sequentialTestRunsEnabled=false, resultPaths=[/var/tmp/testing-dir/**/test-results/test/*.xml], timeoutSeconds=0, assignmentCheckoutPath=null, testCheckoutPath=null, solutionCheckoutPath=null, dockerRunConfig=null], submissionResult=null]
    23:42:57.306 | 566 localvc.event-13 | DEBUG | a.a.b.s.SharedQueueProcessingService : Current queued items: 1
    23:42:57.306 | 327 taskScheduler-2  | DEBUG | .a.s.ParticipantScoreScheduleService : Processing exercise 619 and participant 656 to update participant scores.
    23:42:57.306 | 566 localvc.event-13 | DEBUG | a.a.b.s.SharedQueueProcessingService : Currently processing jobs on this node: 0, active threads in Pool: 0, maximum pool size of thread executor : 1
    23:42:57.308 | 566 localvc.event-13 | DEBUG | a.a.b.s.SharedQueueProcessingService : Currently processing jobs on this node: 0, active threads in Pool: 0, maximum pool size of thread executor : 1
    23:42:57.310 | 326 taskScheduler-1  | DEBUG | .a.s.ParticipantScoreScheduleService : Updated participant score 144.
    23:42:57.310 | 326 taskScheduler-1  | DEBUG | .a.s.ParticipantScoreScheduleService : Updating the participant score for exercise 619 and participant 654 took 18 ms.
    23:42:57.311 | 564 localvc.event-11 | DEBUG | a.p.s.l.LocalCIQueueWebsocketService : CIBuildJobQueueItem added to processing jobs: BuildJobQueueItem[id=4741739576577297, name=SHORT88A9A223023E2047B709E4A029FA08BCF2CFTSTEXC-LOCALCIINTSTUDENT1, buildAgent=BuildAgentDTO[name=artemis-build-agent-test, memberAddress=[127.0.0.1]:5703, displayName=artemis-build-agent-test], participationId=474, courseId=151, exerciseId=302, retryCount=0, priority=2, status=null, repositoryInfo=RepositoryInfo[repositoryName=short88a9a223023e2047b709e4a029fa08bcf2cftstexc-localciintstudent1, repositoryType=user, triggeredByPushTo=user, assignmentRepositoryUri=http://localhost:49152/git/SHORT88A9A223023E2047B709E4A029FA08BCF2CFTSTEXC/short88a9a223023e2047b709e4a029fa08bcf2cftstexc-localciintstudent1.git, testRepositoryUri=http://localhost:49152/git/SHORT88A9A223023E2047B709E4A029FA08BCF2CFTSTEXC/short88a9a223023e2047b709e4a029fa08bcf2cftstexc-tests.git, solutionRepositoryUri=null, auxiliaryRepositoryUris=[Ljava.lang.String;@71b063c, auxiliaryRepositoryCheckoutDirectories=[Ljava.lang.String;@23514a3c], jobTimingInfo=JobTimingInfo[submissionDate=2025-02-14T23:42:57.297342281Z[Etc/UTC], buildStartDate=2025-02-14T23:42:57.308570327Z[Etc/UTC], buildCompletionDate=null, estimatedCompletionDate=2025-02-14T23:43:16.308558064Z[Etc/UTC], estimatedDuration=19], buildConfig=BuildConfig[buildScript=#!/bin/bash
cd /var/tmp/testing-dir
chmod +x ./gradlew
./gradlew clean test
, dockerImage=dummy-docker-image:latest, commitHashToBuild=736cbea1e46d6849b41266b2bf1cccd3b9ea55b1, assignmentCommitHash=736cbea1e46d6849b41266b2bf1cccd3b9ea55b1, testCommitHash=ea6267edd396a304305339b036512b63e0374c66, branch=main, programmingLanguage=JAVA, projectType=PLAIN_GRADLE, scaEnabled=false, sequentialTestRunsEnabled=false, resultPaths=[/var/tmp/testing-dir/**/test-results/test/*.xml], timeoutSeconds=0, assignmentCheckoutPath=null, testCheckoutPath=null, solutionCheckoutPath=null, dockerRunConfig=null], submissionResult=null]
    23:42:57.311 | 564 localvc.event-11 | DEBUG | s.l.LocalCIWebsocketMessagingService : Sending message on topic /topic/admin/running-jobs: [BuildJobQueueItem[id=4741739576577297, name=SHORT88A9A223023E2047B709E4A029FA08BCF2CFTSTEXC-LOCALCIINTSTUDENT1, buildAgent=BuildAgentDTO[name=artemis-build-agent-test, memberAddress=[127.0.0.1]:5703, displayName=artemis-build-agent-test], participationId=474, courseId=151, exerciseId=302, retryCount=0, priority=2, status=null, repositoryInfo=RepositoryInfo[repositoryName=short88a9a223023e2047b709e4a029fa08bcf2cftstexc-localciintstudent1, repositoryType=user, triggeredByPushTo=user, assignmentRepositoryUri=, testRepositoryUri=, solutionRepositoryUri=, auxiliaryRepositoryUris=null, auxiliaryRepositoryCheckoutDirectories=null], jobTimingInfo=JobTimingInfo[submissionDate=2025-02-14T23:42:57.297342281Z[Etc/UTC], buildStartDate=2025-02-14T23:42:57.308570327Z[Etc/UTC], buildCompletionDate=null, estimatedCompletionDate=2025-02-14T23:43:16.308558064Z[Etc/UTC], estimatedDuration=19], buildConfig=BuildConfig[buildScript=, dockerImage=, commitHashToBuild=736cbea1e46d6849b41266b2bf1cccd3b9ea55b1, assignmentCommitHash=, testCommitHash=, branch=, programmingLanguage=null, projectType=null, scaEnabled=false, sequentialTestRunsEnabled=false, resultPaths=null, timeoutSeconds=0, assignmentCheckoutPath=, testCheckoutPath=, solutionCheckoutPath=, dockerRunConfig=null], submissionResult=null]]
    23:42:57.311 | 564 localvc.event-11 | DEBUG | s.l.LocalCIWebsocketMessagingService : Sending message on topic /topic/courses/151/running-jobs: [BuildJobQueueItem[id=4741739576577297, name=SHORT88A9A223023E2047B709E4A029FA08BCF2CFTSTEXC-LOCALCIINTSTUDENT1, buildAgent=BuildAgentDTO[name=artemis-build-agent-test, memberAddress=[127.0.0.1]:5703, displayName=artemis-build-agent-test], participationId=474, courseId=151, exerciseId=302, retryCount=0, priority=2, status=null, repositoryInfo=RepositoryInfo[repositoryName=short88a9a223023e2047b709e4a029fa08bcf2cftstexc-localciintstudent1, repositoryType=user, triggeredByPushTo=user, assignmentRepositoryUri=, testRepositoryUri=, solutionRepositoryUri=, auxiliaryRepositoryUris=null, auxiliaryRepositoryCheckoutDirectories=null], jobTimingInfo=JobTimingInfo[submissionDate=2025-02-14T23:42:57.297342281Z[Etc/UTC], buildStartDate=2025-02-14T23:42:57.308570327Z[Etc/UTC], buildCompletionDate=null, estimatedCompletionDate=2025-02-14T23:43:16.308558064Z[Etc/UTC], estimatedDuration=19], buildConfig=BuildConfig[buildScript=, dockerImage=, commitHashToBuild=736cbea1e46d6849b41266b2bf1cccd3b9ea55b1, assignmentCommitHash=, testCommitHash=, branch=, programmingLanguage=null, projectType=null, scaEnabled=false, sequentialTestRunsEnabled=false, resultPaths=null, timeoutSeconds=0, assignmentCheckoutPath=, testCheckoutPath=, solutionCheckoutPath=, dockerRunConfig=null], submissionResult=null]]
    23:42:57.306 | 362 ool-1-worker-126 | DEBUG | .a.s.ParticipantScoreScheduleService : Scheduled task for exercise 610 and participant 655 at 2025-02-14T23:42:57.406265210Z[Etc/UTC].
    23:42:57.313 | 362 ool-1-worker-126 | DEBUG | .a.s.ParticipantScoreScheduleService : Scheduled task for exercise 611 and participant 656 at 2025-02-14T23:42:57.413588838Z[Etc/UTC].
    23:42:57.313 | 362 ool-1-worker-126 | DEBUG | .a.s.ParticipantScoreScheduleService : Scheduled task for exercise 611 and participant 656 at 2025-02-14T23:42:57.413610428Z[Etc/UTC].
    23:42:57.313 | 362 ool-1-worker-126 | DEBUG | .a.s.ParticipantScoreScheduleService : Scheduled task for exercise 612 and participant 653 at 2025-02-14T23:42:57.413618413Z[Etc/UTC].
    23:42:57.313 | 362 ool-1-worker-126 | DEBUG | .a.s.ParticipantScoreScheduleService : Scheduled task for exercise 612 and participant 653 at 2025-02-14T23:42:57.413626037Z[Etc/UTC].
    23:42:57.313 | 362 ool-1-worker-126 | DEBUG | .a.s.ParticipantScoreScheduleService : Scheduled task for exercise 612 and participant 654 at 2025-02-14T23:42:57.413632980Z[Etc/UTC].
    23:42:57.313 | 362 ool-1-worker-126 | DEBUG | .a.s.ParticipantScoreScheduleService : Scheduled task for exercise 612 and participant 654 at 2025-02-14T23:42:57.413640724Z[Etc/UTC].
    23:42:57.313 | 362 ool-1-worker-126 | DEBUG | .a.s.ParticipantScoreScheduleService : Scheduled task for exercise 612 and participant 656 at 2025-02-14T23:42:57.413647347Z[Etc/UTC].
    23:42:57.313 | 362 ool-1-worker-126 | DEBUG | .a.s.ParticipantScoreScheduleService : Scheduled task for exercise 612 and participant 656 at 2025-02-14T23:42:57.413654721Z[Etc/UTC].
    23:42:57.313 | 362 ool-1-worker-126 | DEBUG | .a.s.ParticipantScoreScheduleService : Scheduled task for exercise 613 and participant 655 at 2025-02-14T23:42:57.413661563Z[Etc/UTC].
    23:42:57.313 | 362 ool-1-worker-126 | DEBUG | .a.s.ParticipantScoreScheduleService : Scheduled task for exercise 613 and participant 655 at 2025-02-14T23:42:57.413669809Z[Etc/UTC].
    23:42:57.313 | 362 ool-1-worker-126 | DEBUG | .a.s.ParticipantScoreScheduleService : Scheduled task for exercise 613 and participant 652 at 2025-02-14T23:42:57.413677643Z[Etc/UTC].
    23:42:57.313 | 362 ool-1-worker-126 | DEBUG | .a.s.ParticipantScoreScheduleService : Scheduled task for exercise 613 and participant 652 at 2025-02-14T23:42:57.413686400Z[Etc/UTC].
    23:42:57.313 | 362 ool-1-worker-126 | DEBUG | .a.s.ParticipantScoreScheduleService : Scheduled task for exercise 614 and participant 656 at 2025-02-14T23:42:57.413693463Z[Etc/UTC].
    23:42:57.313 | 362 ool-1-worker-126 | DEBUG | .a.s.ParticipantScoreScheduleService : Scheduled task for exercise 614 and participant 656 at 2025-02-14T23:42:57.413701698Z[Etc/UTC].
    23:42:57.313 | 362 ool-1-worker-126 | DEBUG | .a.s.ParticipantScoreScheduleService : Scheduled task for exercise 614 and participant 653 at 2025-02-14T23:42:57.413709182Z[Etc/UTC].
    23:42:57.313 | 362 ool-1-worker-126 | DEBUG | .a.s.ParticipantScoreScheduleService : Scheduled task for exercise 614 and participant 653 at 2025-02-14T23:42:57.413717277Z[Etc/UTC].
    23:42:57.313 | 362 ool-1-worker-126 | DEBUG | .a.s.ParticipantScoreScheduleService : Scheduled task for exercise 615 and participant 654 at 2025-02-14T23:42:57.413724491Z[Etc/UTC].
    23:42:57.313 | 362 ool-1-worker-126 | DEBUG | .a.s.ParticipantScoreScheduleService : Scheduled task for exercise 615 and participant 654 at 2025-02-14T23:42:57.413731994Z[Etc/UTC].
    23:42:57.313 | 362 ool-1-worker-126 | DEBUG | .a.s.ParticipantScoreScheduleService : Scheduled task for exercise 615 and participant 652 at 2025-02-14T23:42:57.413738807Z[Etc/UTC].
    23:42:57.313 | 362 ool-1-worker-126 | DEBUG | .a.s.ParticipantScoreScheduleService : Scheduled task for exercise 615 and participant 652 at 2025-02-14T23:42:57.413747403Z[Etc/UTC].
    23:42:57.313 | 362 ool-1-worker-126 | DEBUG | .a.s.ParticipantScoreScheduleService : Scheduled task for exercise 615 and participant 655 at 2025-02-14T23:42:57.413754146Z[Etc/UTC].
    23:42:57.313 | 362 ool-1-worker-126 | DEBUG | .a.s.ParticipantScoreScheduleService : Scheduled task for exercise 615 and participant 655 at 2025-02-14T23:42:57.413761981Z[Etc/UTC].
    23:42:57.313 | 362 ool-1-worker-126 | DEBUG | .a.s.ParticipantScoreScheduleService : Scheduled task for exercise 616 and participant 653 at 2025-02-14T23:42:57.413769124Z[Etc/UTC].
    23:42:57.313 | 362 ool-1-worker-126 | DEBUG | .a.s.ParticipantScoreScheduleService : Scheduled task for exercise 616 and participant 653 at 2025-02-14T23:42:57.413777660Z[Etc/UTC].
    23:42:57.313 | 362 ool-1-worker-126 | DEBUG | .a.s.ParticipantScoreScheduleService : Scheduled task for exercise 616 and participant 656 at 2025-02-14T23:42:57.413784803Z[Etc/UTC].
    23:42:57.313 | 362 ool-1-worker-126 | DEBUG | .a.s.ParticipantScoreScheduleService : Scheduled task for exercise 616 and participant 656 at 2025-02-14T23:42:57.413793119Z[Etc/UTC].
    23:42:57.313 | 362 ool-1-worker-126 | DEBUG | .a.s.ParticipantScoreScheduleService : Scheduled task for exercise 617 and participant 655 at 2025-02-14T23:42:57.413800382Z[Etc/UTC].
    23:42:57.313 | 362 ool-1-worker-126 | DEBUG | .a.s.ParticipantScoreScheduleService : Scheduled task for exercise 617 and participant 655 at 2025-02-14T23:42:57.413808056Z[Etc/UTC].
    23:42:57.313 | 362 ool-1-worker-126 | DEBUG | .a.s.ParticipantScoreScheduleService : Scheduled task for exercise 617 and participant 652 at 2025-02-14T23:42:57.413815069Z[Etc/UTC].
    23:42:57.313 | 362 ool-1-worker-126 | DEBUG | .a.s.ParticipantScoreScheduleService : Scheduled task for exercise 617 and participant 652 at 2025-02-14T23:42:57.413823786Z[Etc/UTC].
    23:42:57.313 | 362 ool-1-worker-126 | DEBUG | .a.s.ParticipantScoreScheduleService : Scheduled task for exercise 617 and participant 654 at 2025-02-14T23:42:57.413831350Z[Etc/UTC].
    23:42:57.313 | 362 ool-1-worker-126 | DEBUG | .a.s.ParticipantScoreScheduleService : Scheduled task for exercise 617 and participant 654 at 2025-02-14T23:42:57.413839735Z[Etc/UTC].
    23:42:57.313 | 362 ool-1-worker-126 | DEBUG | .a.s.ParticipantScoreScheduleService : Scheduled task for exercise 618 and participant 656 at 2025-02-14T23:42:57.413847179Z[Etc/UTC].
    23:42:57.313 | 362 ool-1-worker-126 | DEBUG | .a.s.ParticipantScoreScheduleService : Scheduled task for exercise 618 and participant 656 at 2025-02-14T23:42:57.413855695Z[Etc/UTC].
    23:42:57.313 | 362 ool-1-worker-126 | DEBUG | .a.s.ParticipantScoreScheduleService : Scheduled task for exercise 618 and participant 653 at 2025-02-14T23:42:57.413862698Z[Etc/UTC].
    23:42:57.313 | 362 ool-1-worker-126 | DEBUG | .a.s.ParticipantScoreScheduleService : Scheduled task for exercise 618 and participant 653 at 2025-02-14T23:42:57.413870954Z[Etc/UTC].
    23:42:57.313 | 362 ool-1-worker-126 | DEBUG | .a.s.ParticipantScoreScheduleService : Scheduled task for exercise 618 and participant 654 at 2025-02-14T23:42:57.413878568Z[Etc/UTC].
    23:42:57.313 | 362 ool-1-worker-126 | DEBUG | .a.s.ParticipantScoreScheduleService : Scheduled task for exercise 618 and participant 654 at 2025-02-14T23:42:57.413886382Z[Etc/UTC].
    23:42:57.313 | 362 ool-1-worker-126 | DEBUG | .a.s.ParticipantScoreScheduleService : Scheduled task for exercise 618 and participant 655 at 2025-02-14T23:42:57.413893416Z[Etc/UTC].
    23:42:57.313 | 362 ool-1-worker-126 | DEBUG | .a.s.ParticipantScoreScheduleService : Scheduled task for exercise 618 and participant 655 at 2025-02-14T23:42:57.413906700Z[Etc/UTC].
    23:42:57.313 | 362 ool-1-worker-126 | DEBUG | .a.s.ParticipantScoreScheduleService : Scheduled task for exercise 618 and participant 652 at 2025-02-14T23:42:57.413914365Z[Etc/UTC].
    23:42:57.313 | 362 ool-1-worker-126 | DEBUG | .a.s.ParticipantScoreScheduleService : Scheduled task for exercise 618 and participant 652 at 2025-02-14T23:42:57.413922189Z[Etc/UTC].
    23:42:57.313 | 362 ool-1-worker-126 | DEBUG | .a.s.ParticipantScoreScheduleService : Scheduled task for exercise 619 and participant 653 at 2025-02-14T23:42:57.413929092Z[Etc/UTC].
    23:42:57.313 | 362 ool-1-worker-126 | DEBUG | .a.s.ParticipantScoreScheduleService : Scheduled task for exercise 619 and participant 653 at 2025-02-14T23:42:57.413937107Z[Etc/UTC].
    23:42:57.313 | 362 ool-1-worker-126 | DEBUG | .a.s.ParticipantScoreScheduleService : Scheduled task for exercise 619 and participant 652 at 2025-02-14T23:42:57.413944361Z[Etc/UTC].
    23:42:57.313 | 362 ool-1-worker-126 | DEBUG | .a.s.ParticipantScoreScheduleService : Scheduled task for exercise 619 and participant 652 at 2025-02-14T23:42:57.413951795Z[Etc/UTC].
    23:42:57.313 | 362 ool-1-worker-126 | DEBUG | .a.s.ParticipantScoreScheduleService : Scheduled task for exercise 619 and participant 654 at 2025-02-14T23:42:57.413959108Z[Etc/UTC].
    23:42:57.313 | 362 ool-1-worker-126 | DEBUG | .a.s.ParticipantScoreScheduleService : Scheduled task for exercise 619 and participant 654 at 2025-02-14T23:42:57.413966933Z[Etc/UTC].
    23:42:57.313 | 362 ool-1-worker-126 | DEBUG | .a.s.ParticipantScoreScheduleService : Scheduled task for exercise 619 and participant 656 at 2025-02-14T23:42:57.413983935Z[Etc/UTC].
    23:42:57.313 | 362 ool-1-worker-126 | DEBUG | .a.s.ParticipantScoreScheduleService : Scheduled task for exercise 619 and participant 656 at 2025-02-14T23:42:57.413992891Z[Etc/UTC].
    23:42:57.314 | 362 ool-1-worker-126 | DEBUG | .a.s.ParticipantScoreScheduleService : Scheduled task for exercise 619 and participant 655 at 2025-02-14T23:42:57.414001317Z[Etc/UTC].
    23:42:57.314 | 362 ool-1-worker-126 | DEBUG | .a.s.ParticipantScoreScheduleService : Scheduled task for exercise 619 and participant 655 at 2025-02-14T23:42:57.414011065Z[Etc/UTC].
    23:42:57.314 | 362 ool-1-worker-126 | DEBUG | .a.s.ParticipantScoreScheduleService : Scheduled task for exercise 620 and participant 653 at 2025-02-14T23:42:57.414019461Z[Etc/UTC].
    23:42:57.314 | 362 ool-1-worker-126 | DEBUG | .a.s.ParticipantScoreScheduleService : Scheduled task for exercise 620 and participant 653 at 2025-02-14T23:42:57.414027516Z[Etc/UTC].
    23:42:57.314 | 362 ool-1-worker-126 | DEBUG | .a.s.ParticipantScoreScheduleService : Scheduled task for exercise 620 and participant 654 at 2025-02-14T23:42:57.414035961Z[Etc/UTC].
    23:42:57.314 | 362 ool-1-worker-126 | DEBUG | .a.s.ParticipantScoreScheduleService : Scheduled task for exercise 620 and participant 654 at 2025-02-14T23:42:57.414043876Z[Etc/UTC].
    23:42:57.314 | 362 ool-1-worker-126 | DEBUG | .a.s.ParticipantScoreScheduleService : Scheduled task for exercise 620 and participant 656 at 2025-02-14T23:42:57.414051941Z[Etc/UTC].
    23:42:57.314 | 362 ool-1-worker-126 | DEBUG | .a.s.ParticipantScoreScheduleService : Scheduled task for exercise 620 and participant 656 at 2025-02-14T23:42:57.414060738Z[Etc/UTC].
    23:42:57.314 | 362 ool-1-worker-126 | DEBUG | .a.s.ParticipantScoreScheduleService : Scheduled task for exercise 620 and participant 655 at 2025-02-14T23:42:57.414069043Z[Etc/UTC].
    23:42:57.314 | 362 ool-1-worker-126 | DEBUG | .a.s.ParticipantScoreScheduleService : Scheduled task for exercise 620 and participant 655 at 2025-02-14T23:42:57.414077058Z[Etc/UTC].
    23:42:57.314 | 362 ool-1-worker-126 | DEBUG | .a.s.ParticipantScoreScheduleService : Scheduled task for exercise 620 and participant 652 at 2025-02-14T23:42:57.414085644Z[Etc/UTC].
    23:42:57.314 | 362 ool-1-worker-126 | DEBUG | .a.s.ParticipantScoreScheduleService : Scheduled task for exercise 620 and participant 652 at 2025-02-14T23:42:57.414094982Z[Etc/UTC].
    23:42:57.314 | 362 ool-1-worker-126 | DEBUG | .a.s.ParticipantScoreScheduleService : Scheduled task for exercise 168 and participant 203 at 2025-02-14T23:42:57.414647842Z[Etc/UTC].
    23:42:57.314 | 362 ool-1-worker-126 | DEBUG | .a.s.ParticipantScoreScheduleService : Scheduled task for exercise 170 and participant 203 at 2025-02-14T23:42:57.414666838Z[Etc/UTC].
    23:42:57.314 | 362 ool-1-worker-126 | DEBUG | .a.s.ParticipantScoreScheduleService : Scheduled task for exercise 180 and participant 1 at 2025-02-14T23:42:57.414677267Z[Etc/UTC].
    23:42:57.314 | 362 ool-1-worker-126 | DEBUG | .a.s.ParticipantScoreScheduleService : Scheduled task for exercise 186 and participant 203 at 2025-02-14T23:42:57.414685222Z[Etc/UTC].
    23:42:57.314 | 362 ool-1-worker-126 | DEBUG | .a.s.ParticipantScoreScheduleService : Processing of 70 results and 4 participant scores.
    23:42:57.315 | 566 localvc.event-13 | INFO  | a.a.b.s.SharedQueueProcessingService : Processing build job: BuildJobQueueItem[id=4741739576577297, name=SHORT88A9A223023E2047B709E4A029FA08BCF2CFTSTEXC-LOCALCIINTSTUDENT1, buildAgent=BuildAgentDTO[name=artemis-build-agent-test, memberAddress=[127.0.0.1]:5703, displayName=artemis-build-agent-test], participationId=474, courseId=151, exerciseId=302, retryCount=0, priority=2, status=null, repositoryInfo=RepositoryInfo[repositoryName=short88a9a223023e2047b709e4a029fa08bcf2cftstexc-localciintstudent1, repositoryType=user, triggeredByPushTo=user, assignmentRepositoryUri=http://localhost:49152/git/SHORT88A9A223023E2047B709E4A029FA08BCF2CFTSTEXC/short88a9a223023e2047b709e4a029fa08bcf2cftstexc-localciintstudent1.git, testRepositoryUri=http://localhost:49152/git/SHORT88A9A223023E2047B709E4A029FA08BCF2CFTSTEXC/short88a9a223023e2047b709e4a029fa08bcf2cftstexc-tests.git, solutionRepositoryUri=null, auxiliaryRepositoryUris=[Ljava.lang.String;@2edf7232, auxiliaryRepositoryCheckoutDirectories=[Ljava.lang.String;@13761e6d], jobTimingInfo=JobTimingInfo[submissionDate=2025-02-14T23:42:57.297342281Z[Etc/UTC], buildStartDate=2025-02-14T23:42:57.308570327Z[Etc/UTC], buildCompletionDate=null, estimatedCompletionDate=2025-02-14T23:43:16.308558064Z[Etc/UTC], estimatedDuration=19], buildConfig=BuildConfig[buildScript=#!/bin/bash
cd /var/tmp/testing-dir
chmod +x ./gradlew
./gradlew clean test
, dockerImage=dummy-docker-image:latest, commitHashToBuild=736cbea1e46d6849b41266b2bf1cccd3b9ea55b1, assignmentCommitHash=736cbea1e46d6849b41266b2bf1cccd3b9ea55b1, testCommitHash=ea6267edd396a304305339b036512b63e0374c66, branch=main, programmingLanguage=JAVA, projectType=PLAIN_GRADLE, scaEnabled=false, sequentialTestRunsEnabled=false, resultPaths=[/var/tmp/testing-dir/**/test-results/test/*.xml], timeoutSeconds=0, assignmentCheckoutPath=null, testCheckoutPath=null, solutionCheckoutPath=null, dockerRunConfig=null], submissionResult=null]
    23:42:57.318 | 327 taskScheduler-2  | DEBUG | .a.s.ParticipantScoreScheduleService : Updated participant score 145.
    23:42:57.319 | 327 taskScheduler-2  | DEBUG | .a.s.ParticipantScoreScheduleService : Updating the participant score for exercise 619 and participant 656 took 13 ms.
    23:42:57.405 | 327 taskScheduler-2  | DEBUG | .a.s.ParticipantScoreScheduleService : Processing exercise 610 and participant 652 to update participant scores.
    23:42:57.407 | 329 taskScheduler-4  | DEBUG | .a.s.ParticipantScoreScheduleService : Processing exercise 610 and participant 655 to update participant scores.
    23:42:57.408 | 327 taskScheduler-2  | DEBUG | .a.s.ParticipantScoreScheduleService : Participant score 117 is already up-to-date, skipping.
    23:42:57.408 | 326 taskScheduler-1  | DEBUG | .a.s.ParticipantScoreScheduleService : Processing exercise 610 and participant 653 to update participant scores.
    23:42:57.408 | 329 taskScheduler-4  | DEBUG | .a.s.ParticipantScoreScheduleService : Participant score 120 is already up-to-date, skipping.
    23:42:57.408 | 328 taskScheduler-3  | DEBUG | .a.s.ParticipantScoreScheduleService : Processing exercise 610 and participant 654 to update participant scores.
    23:42:57.410 | 326 taskScheduler-1  | DEBUG | .a.s.ParticipantScoreScheduleService : Participant score 118 is already up-to-date, skipping.
    23:42:57.410 | 328 taskScheduler-3  | DEBUG | .a.s.ParticipantScoreScheduleService : Participant score 119 is already up-to-date, skipping.
    23:42:57.415 | 327 taskScheduler-2  | DEBUG | .a.s.ParticipantScoreScheduleService : Processing exercise 611 and participant 656 to update participant scores.
    23:42:57.416 | 329 taskScheduler-4  | DEBUG | .a.s.ParticipantScoreScheduleService : Processing exercise 612 and participant 653 to update participant scores.
    23:42:57.417 | 327 taskScheduler-2  | DEBUG | .a.s.ParticipantScoreScheduleService : Participant score 121 is already up-to-date, skipping.
    23:42:57.417 | 327 taskScheduler-2  | DEBUG | .a.s.ParticipantScoreScheduleService : Processing exercise 612 and participant 654 to update participant scores.
    23:42:57.417 | 329 taskScheduler-4  | DEBUG | .a.s.ParticipantScoreScheduleService : Participant score 122 is already up-to-date, skipping.
    23:42:57.418 | 329 taskScheduler-4  | DEBUG | .a.s.ParticipantScoreScheduleService : Processing exercise 612 and participant 656 to update participant scores.
    23:42:57.418 | 326 taskScheduler-1  | DEBUG | .a.s.ParticipantScoreScheduleService : Processing exercise 613 and participant 655 to update participant scores.
    23:42:57.419 | 326 taskScheduler-1  | DEBUG | .a.s.ParticipantScoreScheduleService : Participant score 125 is already up-to-date, skipping.
    23:42:57.419 | 326 taskScheduler-1  | DEBUG | .a.s.ParticipantScoreScheduleService : Processing exercise 613 and participant 652 to update participant scores.
    23:42:57.421 | 327 taskScheduler-2  | DEBUG | .a.s.ParticipantScoreScheduleService : Participant score 123 is already up-to-date, skipping.
    23:42:57.421 | 327 taskScheduler-2  | DEBUG | .a.s.ParticipantScoreScheduleService : Processing exercise 614 and participant 656 to update participant scores.
    23:42:57.422 | 328 taskScheduler-3  | DEBUG | .a.s.ParticipantScoreScheduleService : Processing exercise 614 and participant 653 to update participant scores.
    23:42:57.422 | 329 taskScheduler-4  | DEBUG | .a.s.ParticipantScoreScheduleService : Participant score 124 is already up-to-date, skipping.
    23:42:57.422 | 329 taskScheduler-4  | DEBUG | .a.s.ParticipantScoreScheduleService : Processing exercise 615 and participant 654 to update participant scores.
    23:42:57.424 | 328 taskScheduler-3  | DEBUG | .a.s.ParticipantScoreScheduleService : Participant score 128 is already up-to-date, skipping.
    23:42:57.424 | 328 taskScheduler-3  | DEBUG | .a.s.ParticipantScoreScheduleService : Processing exercise 615 and participant 652 to update participant scores.
    23:42:57.425 | 327 taskScheduler-2  | DEBUG | .a.s.ParticipantScoreScheduleService : Participant score 127 is already up-to-date, skipping.
    23:42:57.425 | 327 taskScheduler-2  | DEBUG | .a.s.ParticipantScoreScheduleService : Processing exercise 615 and participant 655 to update participant scores.
    23:42:57.426 | 326 taskScheduler-1  | DEBUG | .a.s.ParticipantScoreScheduleService : Participant score 126 is already up-to-date, skipping.
    23:42:57.426 | 326 taskScheduler-1  | DEBUG | .a.s.ParticipantScoreScheduleService : Processing exercise 616 and participant 653 to update participant scores.
    23:42:57.426 | 327 taskScheduler-2  | DEBUG | .a.s.ParticipantScoreScheduleService : Participant score 131 is already up-to-date, skipping.
    23:42:57.426 | 329 taskScheduler-4  | DEBUG | .a.s.ParticipantScoreScheduleService : Participant score 129 is already up-to-date, skipping.
    23:42:57.426 | 327 taskScheduler-2  | DEBUG | .a.s.ParticipantScoreScheduleService : Processing exercise 616 and participant 656 to update participant scores.
    23:42:57.426 | 329 taskScheduler-4  | DEBUG | .a.s.ParticipantScoreScheduleService : Processing exercise 617 and participant 655 to update participant scores.
    23:42:57.431 | 328 taskScheduler-3  | DEBUG | .a.s.ParticipantScoreScheduleService : Participant score 130 is already up-to-date, skipping.
    23:42:57.431 | 328 taskScheduler-3  | DEBUG | .a.s.ParticipantScoreScheduleService : Processing exercise 617 and participant 652 to update participant scores.
    23:42:57.432 | 329 taskScheduler-4  | DEBUG | .a.s.ParticipantScoreScheduleService : Participant score 133 is already up-to-date, skipping.
    23:42:57.432 | 329 taskScheduler-4  | DEBUG | .a.s.ParticipantScoreScheduleService : Processing exercise 617 and participant 654 to update participant scores.
    23:42:57.432 | 326 taskScheduler-1  | DEBUG | .a.s.ParticipantScoreScheduleService : Participant score 132 is already up-to-date, skipping.
    23:42:57.432 | 326 taskScheduler-1  | DEBUG | .a.s.ParticipantScoreScheduleService : Processing exercise 618 and participant 656 to update participant scores.
    23:42:57.433 | 327 taskScheduler-2  | DEBUG | .a.s.ParticipantScoreScheduleService : Participant score 134 is already up-to-date, skipping.
    23:42:57.433 | 327 taskScheduler-2  | DEBUG | .a.s.ParticipantScoreScheduleService : Processing exercise 618 and participant 653 to update participant scores.
    23:42:57.434 | 329 taskScheduler-4  | DEBUG | .a.s.ParticipantScoreScheduleService : Participant score 137 is already up-to-date, skipping.
    23:42:57.434 | 329 taskScheduler-4  | DEBUG | .a.s.ParticipantScoreScheduleService : Processing exercise 618 and participant 654 to update participant scores.
    23:42:57.434 | 326 taskScheduler-1  | DEBUG | .a.s.ParticipantScoreScheduleService : Participant score 136 is already up-to-date, skipping.
    23:42:57.434 | 326 taskScheduler-1  | DEBUG | .a.s.ParticipantScoreScheduleService : Processing exercise 618 and participant 655 to update participant scores.
    23:42:57.435 | 327 taskScheduler-2  | DEBUG | .a.s.ParticipantScoreScheduleService : Participant score 138 is already up-to-date, skipping.
    23:42:57.435 | 327 taskScheduler-2  | DEBUG | .a.s.ParticipantScoreScheduleService : Processing exercise 618 and participant 652 to update participant scores.
    23:42:57.435 | 328 taskScheduler-3  | DEBUG | .a.s.ParticipantScoreScheduleService : Participant score 135 is already up-to-date, skipping.
    23:42:57.435 | 328 taskScheduler-3  | DEBUG | .a.s.ParticipantScoreScheduleService : Processing exercise 619 and participant 653 to update participant scores.
    23:42:57.436 | 329 taskScheduler-4  | DEBUG | .a.s.ParticipantScoreScheduleService : Participant score 139 is already up-to-date, skipping.
    23:42:57.436 | 329 taskScheduler-4  | DEBUG | .a.s.ParticipantScoreScheduleService : Processing exercise 619 and participant 652 to update participant scores.
    23:42:57.439 | 327 taskScheduler-2  | DEBUG | .a.s.ParticipantScoreScheduleService : Participant score 141 is already up-to-date, skipping.
    23:42:57.439 | 327 taskScheduler-2  | DEBUG | .a.s.ParticipantScoreScheduleService : Processing exercise 619 and participant 654 to update participant scores.
    23:42:57.441 | 328 taskScheduler-3  | DEBUG | .a.s.ParticipantScoreScheduleService : Participant score 142 is already up-to-date, skipping.
    23:42:57.441 | 328 taskScheduler-3  | DEBUG | .a.s.ParticipantScoreScheduleService : Processing exercise 619 and participant 656 to update participant scores.
    23:42:57.441 | 329 taskScheduler-4  | DEBUG | .a.s.ParticipantScoreScheduleService : Participant score 143 is already up-to-date, skipping.
    23:42:57.441 | 329 taskScheduler-4  | DEBUG | .a.s.ParticipantScoreScheduleService : Processing exercise 619 and participant 655 to update participant scores.
    23:42:57.442 | 327 taskScheduler-2  | DEBUG | .a.s.ParticipantScoreScheduleService : Participant score 144 is already up-to-date, skipping.
    23:42:57.443 | 327 taskScheduler-2  | DEBUG | .a.s.ParticipantScoreScheduleService : Processing exercise 620 and participant 653 to update participant scores.
    23:42:57.443 | 326 taskScheduler-1  | DEBUG | .a.s.ParticipantScoreScheduleService : Participant score 140 is already up-to-date, skipping.
    23:42:57.443 | 326 taskScheduler-1  | DEBUG | .a.s.ParticipantScoreScheduleService : Processing exercise 620 and participant 654 to update participant scores.
    23:42:57.448 | 328 taskScheduler-3  | DEBUG | .a.s.ParticipantScoreScheduleService : Participant score 145 is already up-to-date, skipping.
    23:42:57.448 | 328 taskScheduler-3  | DEBUG | .a.s.ParticipantScoreScheduleService : Processing exercise 620 and participant 656 to update participant scores.
    23:42:57.453 | 329 taskScheduler-4  | DEBUG | .a.s.ParticipantScoreScheduleService : Updated participant score 146.
    23:42:57.457 | 329 taskScheduler-4  | DEBUG | .a.s.ParticipantScoreScheduleService : Updating the participant score for exercise 619 and participant 655 took 16 ms.
    23:42:57.457 | 329 taskScheduler-4  | DEBUG | .a.s.ParticipantScoreScheduleService : Processing exercise 620 and participant 655 to update participant scores.
    23:42:57.458 | 327 taskScheduler-2  | DEBUG | .a.s.ParticipantScoreScheduleService : Updated participant score 147.
    23:42:57.459 | 327 taskScheduler-2  | DEBUG | .a.s.ParticipantScoreScheduleService : Updating the participant score for exercise 620 and participant 653 took 16 ms.
    23:42:57.459 | 327 taskScheduler-2  | DEBUG | .a.s.ParticipantScoreScheduleService : Processing exercise 620 and participant 652 to update participant scores.
    23:42:57.461 | 326 taskScheduler-1  | DEBUG | .a.s.ParticipantScoreScheduleService : Updated participant score 148.
    23:42:57.465 | 328 taskScheduler-3  | DEBUG | .a.s.ParticipantScoreScheduleService : Updated participant score 149.
    23:42:57.465 | 328 taskScheduler-3  | DEBUG | .a.s.ParticipantScoreScheduleService : Updating the participant score for exercise 620 and participant 656 took 17 ms.
    23:42:57.465 | 328 taskScheduler-3  | DEBUG | .a.s.ParticipantScoreScheduleService : Processing exercise 168 and participant 203 to update participant scores.
    23:42:57.468 | 326 taskScheduler-1  | DEBUG | .a.s.ParticipantScoreScheduleService : Updating the participant score for exercise 620 and participant 654 took 25 ms.
    23:42:57.468 | 326 taskScheduler-1  | DEBUG | .a.s.ParticipantScoreScheduleService : Processing exercise 170 and participant 203 to update participant scores.
    23:42:57.468 | 327 taskScheduler-2  | DEBUG | .a.s.ParticipantScoreScheduleService : Updated participant score 150.
    23:42:57.469 | 327 taskScheduler-2  | DEBUG | .a.s.ParticipantScoreScheduleService : Updating the participant score for exercise 620 and participant 652 took 10 ms.
    23:42:57.469 | 327 taskScheduler-2  | DEBUG | .a.s.ParticipantScoreScheduleService : Processing exercise 180 and participant 1 to update participant scores.
    23:42:57.470 | 326 taskScheduler-1  | ERROR | .a.s.ParticipantScoreScheduleService : Exception while processing participant score for exercise 170 and participant 203 for participant scores:
org.springframework.dao.IncorrectResultSizeDataAccessException: Query did not return a unique result: 2 results were returned
	at org.springframework.orm.jpa.vendor.HibernateJpaDialect.convertHibernateAccessException(HibernateJpaDialect.java:301)
	at org.springframework.orm.jpa.vendor.HibernateJpaDialect.translateExceptionIfPossible(HibernateJpaDialect.java:244)
	at org.springframework.orm.jpa.AbstractEntityManagerFactoryBean.translateExceptionIfPossible(AbstractEntityManagerFactoryBean.java:560)
	at org.springframework.dao.support.ChainedPersistenceExceptionTranslator.translateExceptionIfPossible(ChainedPersistenceExceptionTranslator.java:61)
	at org.springframework.dao.support.DataAccessUtils.translateIfNecessary(DataAccessUtils.java:343)
	at org.springframework.dao.support.PersistenceExceptionTranslationInterceptor.invoke(PersistenceExceptionTranslationInterceptor.java:160)
	at org.springframework.aop.framework.ReflectiveMethodInvocation.proceed(ReflectiveMethodInvocation.java:184)
	at org.springframework.data.jpa.repository.support.CrudMethodMetadataPostProcessor$CrudMethodMetadataPopulatingMethodInterceptor.invoke(CrudMethodMetadataPostProcessor.java:136)
	at org.springframework.aop.framework.ReflectiveMethodInvocation.proceed(ReflectiveMethodInvocation.java:184)
	at org.springframework.aop.framework.JdkDynamicAopProxy.invoke(JdkDynamicAopProxy.java:223)
	at jdk.proxy3/jdk.proxy3.$Proxy366.findByExercise_IdAndUser_Id(Unknown Source)
	at de.tum.cit.aet.artemis.assessment.service.ParticipantScoreScheduleService.executeTask(ParticipantScoreScheduleService.java:286)
	at de.tum.cit.aet.artemis.assessment.service.ParticipantScoreScheduleService.lambda$scheduleTask$5(ParticipantScoreScheduleService.java:237)
	at org.springframework.scheduling.support.DelegatingErrorHandlingRunnable.run(DelegatingErrorHandlingRunnable.java:54)
	at java.base/java.util.concurrent.Executors$RunnableAdapter.call(Executors.java:572)
	at java.base/java.util.concurrent.FutureTask.run(FutureTask.java:317)
	at java.base/java.util.concurrent.ScheduledThreadPoolExecutor$ScheduledFutureTask.run(ScheduledThreadPoolExecutor.java:304)
	at java.base/java.util.concurrent.ThreadPoolExecutor.runWorker(ThreadPoolExecutor.java:1144)
	at java.base/java.util.concurrent.ThreadPoolExecutor$Worker.run(ThreadPoolExecutor.java:642)
	at java.base/java.lang.Thread.run(Thread.java:1583)
Caused by: org.hibernate.NonUniqueResultException: Query did not return a unique result: 2 results were returned
	at org.hibernate.query.spi.AbstractSelectionQuery.uniqueElement(AbstractSelectionQuery.java:586)
	at org.hibernate.query.spi.AbstractSelectionQuery.getSingleResult(AbstractSelectionQuery.java:570)
	at java.base/jdk.internal.reflect.DirectMethodHandleAccessor.invoke(DirectMethodHandleAccessor.java:103)
	at java.base/java.lang.reflect.Method.invoke(Method.java:580)
	at org.springframework.orm.jpa.SharedEntityManagerCreator$DeferredQueryInvocationHandler.invoke(SharedEntityManagerCreator.java:419)
	at jdk.proxy3/jdk.proxy3.$Proxy601.getSingleResult(Unknown Source)
	at org.springframework.data.jpa.repository.query.JpaQueryExecution$SingleEntityExecution.doExecute(JpaQueryExecution.java:224)
	at org.springframework.data.jpa.repository.query.JpaQueryExecution.execute(JpaQueryExecution.java:93)
	at org.springframework.data.jpa.repository.query.AbstractJpaQuery.doExecute(AbstractJpaQuery.java:152)
	at org.springframework.data.jpa.repository.query.AbstractJpaQuery.execute(AbstractJpaQuery.java:140)
	at org.springframework.data.repository.core.support.RepositoryMethodInvoker.doInvoke(RepositoryMethodInvoker.java:170)
	at org.springframework.data.repository.core.support.RepositoryMethodInvoker.invoke(RepositoryMethodInvoker.java:158)
	at org.springframework.data.repository.core.support.QueryExecutorMethodInterceptor.doInvoke(QueryExecutorMethodInterceptor.java:170)
	at org.springframework.data.repository.core.support.QueryExecutorMethodInterceptor.invoke(QueryExecutorMethodInterceptor.java:149)
	at org.springframework.aop.framework.ReflectiveMethodInvocation.proceed(ReflectiveMethodInvocation.java:184)
	at org.springframework.data.projection.DefaultMethodInvokingMethodInterceptor.invoke(DefaultMethodInvokingMethodInterceptor.java:69)
	at org.springframework.aop.framework.ReflectiveMethodInvocation.proceed(ReflectiveMethodInvocation.java:184)
	at org.springframework.transaction.interceptor.TransactionAspectSupport.invokeWithinTransaction(TransactionAspectSupport.java:380)
	at org.springframework.transaction.interceptor.TransactionInterceptor.invoke(TransactionInterceptor.java:119)
	at org.springframework.aop.framework.ReflectiveMethodInvocation.proceed(ReflectiveMethodInvocation.java:184)
	at org.springframework.dao.support.PersistenceExceptionTranslationInterceptor.invoke(PersistenceExceptionTranslationInterceptor.java:138)
	... 14 common frames omitted
    23:42:57.470 | 326 taskScheduler-1  | DEBUG | .a.s.ParticipantScoreScheduleService : Updating the participant score for exercise 170 and participant 203 took 2 ms.
    23:42:57.470 | 326 taskScheduler-1  | DEBUG | .a.s.ParticipantScoreScheduleService : Processing exercise 186 and participant 203 to update participant scores.
    23:42:57.472 | 329 taskScheduler-4  | DEBUG | .a.s.ParticipantScoreScheduleService : Updated participant score 151.
    23:42:57.472 | 329 taskScheduler-4  | DEBUG | .a.s.ParticipantScoreScheduleService : Updating the participant score for exercise 620 and participant 655 took 15 ms.
    23:42:57.475 | 326 taskScheduler-1  | ERROR | .a.s.ParticipantScoreScheduleService : Exception while processing participant score for exercise 186 and participant 203 for participant scores:
org.springframework.dao.IncorrectResultSizeDataAccessException: Query did not return a unique result: 2 results were returned
	at org.springframework.orm.jpa.vendor.HibernateJpaDialect.convertHibernateAccessException(HibernateJpaDialect.java:301)
	at org.springframework.orm.jpa.vendor.HibernateJpaDialect.translateExceptionIfPossible(HibernateJpaDialect.java:244)
	at org.springframework.orm.jpa.AbstractEntityManagerFactoryBean.translateExceptionIfPossible(AbstractEntityManagerFactoryBean.java:560)
	at org.springframework.dao.support.ChainedPersistenceExceptionTranslator.translateExceptionIfPossible(ChainedPersistenceExceptionTranslator.java:61)
	at org.springframework.dao.support.DataAccessUtils.translateIfNecessary(DataAccessUtils.java:343)
	at org.springframework.dao.support.PersistenceExceptionTranslationInterceptor.invoke(PersistenceExceptionTranslationInterceptor.java:160)
	at org.springframework.aop.framework.ReflectiveMethodInvocation.proceed(ReflectiveMethodInvocation.java:184)
	at org.springframework.data.jpa.repository.support.CrudMethodMetadataPostProcessor$CrudMethodMetadataPopulatingMethodInterceptor.invoke(CrudMethodMetadataPostProcessor.java:136)
	at org.springframework.aop.framework.ReflectiveMethodInvocation.proceed(ReflectiveMethodInvocation.java:184)
	at org.springframework.aop.framework.JdkDynamicAopProxy.invoke(JdkDynamicAopProxy.java:223)
	at jdk.proxy3/jdk.proxy3.$Proxy366.findByExercise_IdAndUser_Id(Unknown Source)
	at de.tum.cit.aet.artemis.assessment.service.ParticipantScoreScheduleService.executeTask(ParticipantScoreScheduleService.java:286)
	at de.tum.cit.aet.artemis.assessment.service.ParticipantScoreScheduleService.lambda$scheduleTask$5(ParticipantScoreScheduleService.java:237)
	at org.springframework.scheduling.support.DelegatingErrorHandlingRunnable.run(DelegatingErrorHandlingRunnable.java:54)
	at java.base/java.util.concurrent.Executors$RunnableAdapter.call(Executors.java:572)
	at java.base/java.util.concurrent.FutureTask.run(FutureTask.java:317)
	at java.base/java.util.concurrent.ScheduledThreadPoolExecutor$ScheduledFutureTask.run(ScheduledThreadPoolExecutor.java:304)
	at java.base/java.util.concurrent.ThreadPoolExecutor.runWorker(ThreadPoolExecutor.java:1144)
	at java.base/java.util.concurrent.ThreadPoolExecutor$Worker.run(ThreadPoolExecutor.java:642)
	at java.base/java.lang.Thread.run(Thread.java:1583)
Caused by: org.hibernate.NonUniqueResultException: Query did not return a unique result: 2 results were returned
	at org.hibernate.query.spi.AbstractSelectionQuery.uniqueElement(AbstractSelectionQuery.java:586)
	at org.hibernate.query.spi.AbstractSelectionQuery.getSingleResult(AbstractSelectionQuery.java:570)
	at java.base/jdk.internal.reflect.DirectMethodHandleAccessor.invoke(DirectMethodHandleAccessor.java:103)
	at java.base/java.lang.reflect.Method.invoke(Method.java:580)
	at org.springframework.orm.jpa.SharedEntityManagerCreator$DeferredQueryInvocationHandler.invoke(SharedEntityManagerCreator.java:419)
	at jdk.proxy3/jdk.proxy3.$Proxy601.getSingleResult(Unknown Source)
	at org.springframework.data.jpa.repository.query.JpaQueryExecution$SingleEntityExecution.doExecute(JpaQueryExecution.java:224)
	at org.springframework.data.jpa.repository.query.JpaQueryExecution.execute(JpaQueryExecution.java:93)
	at org.springframework.data.jpa.repository.query.AbstractJpaQuery.doExecute(AbstractJpaQuery.java:152)
	at org.springframework.data.jpa.repository.query.AbstractJpaQuery.execute(AbstractJpaQuery.java:140)
	at org.springframework.data.repository.core.support.RepositoryMethodInvoker.doInvoke(RepositoryMethodInvoker.java:170)
	at org.springframework.data.repository.core.support.RepositoryMethodInvoker.invoke(RepositoryMethodInvoker.java:158)
	at org.springframework.data.repository.core.support.QueryExecutorMethodInterceptor.doInvoke(QueryExecutorMethodInterceptor.java:170)
	at org.springframework.data.repository.core.support.QueryExecutorMethodInterceptor.invoke(QueryExecutorMethodInterceptor.java:149)
	at org.springframework.aop.framework.ReflectiveMethodInvocation.proceed(ReflectiveMethodInvocation.java:184)
	at org.springframework.data.projection.DefaultMethodInvokingMethodInterceptor.invoke(DefaultMethodInvokingMethodInterceptor.java:69)
	at org.springframework.aop.framework.ReflectiveMethodInvocation.proceed(ReflectiveMethodInvocation.java:184)
	at org.springframework.transaction.interceptor.TransactionAspectSupport.invokeWithinTransaction(TransactionAspectSupport.java:380)
	at org.springframework.transaction.interceptor.TransactionInterceptor.invoke(TransactionInterceptor.java:119)
	at org.springframework.aop.framework.ReflectiveMethodInvocation.proceed(ReflectiveMethodInvocation.java:184)
	at org.springframework.dao.support.PersistenceExceptionTranslationInterceptor.invoke(PersistenceExceptionTranslationInterceptor.java:138)
	... 14 common frames omitted
    23:42:57.475 | 326 taskScheduler-1  | DEBUG | .a.s.ParticipantScoreScheduleService : Updating the participant score for exercise 186 and participant 203 took 5 ms.
    23:42:57.477 | 328 taskScheduler-3  | ERROR | .a.s.ParticipantScoreScheduleService : Exception while processing participant score for exercise 168 and participant 203 for participant scores:
org.springframework.dao.IncorrectResultSizeDataAccessException: Query did not return a unique result: 2 results were returned
	at org.springframework.orm.jpa.vendor.HibernateJpaDialect.convertHibernateAccessException(HibernateJpaDialect.java:301)
	at org.springframework.orm.jpa.vendor.HibernateJpaDialect.translateExceptionIfPossible(HibernateJpaDialect.java:244)
	at org.springframework.orm.jpa.AbstractEntityManagerFactoryBean.translateExceptionIfPossible(AbstractEntityManagerFactoryBean.java:560)
	at org.springframework.dao.support.ChainedPersistenceExceptionTranslator.translateExceptionIfPossible(ChainedPersistenceExceptionTranslator.java:61)
	at org.springframework.dao.support.DataAccessUtils.translateIfNecessary(DataAccessUtils.java:343)
	at org.springframework.dao.support.PersistenceExceptionTranslationInterceptor.invoke(PersistenceExceptionTranslationInterceptor.java:160)
	at org.springframework.aop.framework.ReflectiveMethodInvocation.proceed(ReflectiveMethodInvocation.java:184)
	at org.springframework.data.jpa.repository.support.CrudMethodMetadataPostProcessor$CrudMethodMetadataPopulatingMethodInterceptor.invoke(CrudMethodMetadataPostProcessor.java:136)
	at org.springframework.aop.framework.ReflectiveMethodInvocation.proceed(ReflectiveMethodInvocation.java:184)
	at org.springframework.aop.framework.JdkDynamicAopProxy.invoke(JdkDynamicAopProxy.java:223)
	at jdk.proxy3/jdk.proxy3.$Proxy366.findByExercise_IdAndUser_Id(Unknown Source)
	at de.tum.cit.aet.artemis.assessment.service.ParticipantScoreScheduleService.executeTask(ParticipantScoreScheduleService.java:286)
	at de.tum.cit.aet.artemis.assessment.service.ParticipantScoreScheduleService.lambda$scheduleTask$5(ParticipantScoreScheduleService.java:237)
	at org.springframework.scheduling.support.DelegatingErrorHandlingRunnable.run(DelegatingErrorHandlingRunnable.java:54)
	at java.base/java.util.concurrent.Executors$RunnableAdapter.call(Executors.java:572)
	at java.base/java.util.concurrent.FutureTask.run(FutureTask.java:317)
	at java.base/java.util.concurrent.ScheduledThreadPoolExecutor$ScheduledFutureTask.run(ScheduledThreadPoolExecutor.java:304)
	at java.base/java.util.concurrent.ThreadPoolExecutor.runWorker(ThreadPoolExecutor.java:1144)
	at java.base/java.util.concurrent.ThreadPoolExecutor$Worker.run(ThreadPoolExecutor.java:642)
	at java.base/java.lang.Thread.run(Thread.java:1583)
Caused by: org.hibernate.NonUniqueResultException: Query did not return a unique result: 2 results were returned
	at org.hibernate.query.spi.AbstractSelectionQuery.uniqueElement(AbstractSelectionQuery.java:586)
	at org.hibernate.query.spi.AbstractSelectionQuery.getSingleResult(AbstractSelectionQuery.java:570)
	at java.base/jdk.internal.reflect.DirectMethodHandleAccessor.invoke(DirectMethodHandleAccessor.java:103)
	at java.base/java.lang.reflect.Method.invoke(Method.java:580)
	at org.springframework.orm.jpa.SharedEntityManagerCreator$DeferredQueryInvocationHandler.invoke(SharedEntityManagerCreator.java:419)
	at jdk.proxy3/jdk.proxy3.$Proxy601.getSingleResult(Unknown Source)
	at org.springframework.data.jpa.repository.query.JpaQueryExecution$SingleEntityExecution.doExecute(JpaQueryExecution.java:224)
	at org.springframework.data.jpa.repository.query.JpaQueryExecution.execute(JpaQueryExecution.java:93)
	at org.springframework.data.jpa.repository.query.AbstractJpaQuery.doExecute(AbstractJpaQuery.java:152)
	at org.springframework.data.jpa.repository.query.AbstractJpaQuery.execute(AbstractJpaQuery.java:140)
	at org.springframework.data.repository.core.support.RepositoryMethodInvoker.doInvoke(RepositoryMethodInvoker.java:170)
	at org.springframework.data.repository.core.support.RepositoryMethodInvoker.invoke(RepositoryMethodInvoker.java:158)
	at org.springframework.data.repository.core.support.QueryExecutorMethodInterceptor.doInvoke(QueryExecutorMethodInterceptor.java:170)
	at org.springframework.data.repository.core.support.QueryExecutorMethodInterceptor.invoke(QueryExecutorMethodInterceptor.java:149)
	at org.springframework.aop.framework.ReflectiveMethodInvocation.proceed(ReflectiveMethodInvocation.java:184)
	at org.springframework.data.projection.DefaultMethodInvokingMethodInterceptor.invoke(DefaultMethodInvokingMethodInterceptor.java:69)
	at org.springframework.aop.framework.ReflectiveMethodInvocation.proceed(ReflectiveMethodInvocation.java:184)
	at org.springframework.transaction.interceptor.TransactionAspectSupport.invokeWithinTransaction(TransactionAspectSupport.java:380)
	at org.springframework.transaction.interceptor.TransactionInterceptor.invoke(TransactionInterceptor.java:119)
	at org.springframework.aop.framework.ReflectiveMethodInvocation.proceed(ReflectiveMethodInvocation.java:184)
	at org.springframework.dao.support.PersistenceExceptionTranslationInterceptor.invoke(PersistenceExceptionTranslationInterceptor.java:138)
	... 14 common frames omitted
    23:42:57.477 | 328 taskScheduler-3  | DEBUG | .a.s.ParticipantScoreScheduleService : Updating the participant score for exercise 168 and participant 203 took 12 ms.
    23:42:57.479 | 327 taskScheduler-2  | DEBUG | .a.s.ParticipantScoreScheduleService : Updating the participant score for exercise 180 and participant 1 took 10 ms.
    23:42:57.660 | 362 ool-1-worker-126 | DEBUG | d.t.c.a.a.c.s.f.ApiVersionFilter     : Adding Version to Request GET /api/courses/223/exams/530/scores
    23:42:57.661 | 362 ool-1-worker-126 | INFO  | d.t.c.a.a.exam.web.ExamResource      : REST request to get score for exam : 530
    23:42:57.693 | 362 ool-1-worker-126 | INFO  | d.t.c.a.a.exam.service.ExamService   : Try to find quiz submitted answer counts
    23:42:57.694 | 362 ool-1-worker-126 | INFO  | d.t.c.a.a.exam.service.ExamService   : Found 5 quiz submitted answer counts
    23:42:57.705 | 362 ool-1-worker-126 | INFO  | d.t.c.a.a.exam.web.ExamResource      : get scores for exam 530 took 44ms
    23:42:57.711 | 362 ool-1-worker-126 | INFO  | d.t.c.a.a.exam.service.ExamService   : getStatsForChecklist invoked for exam 530
    23:42:57.711 | 362 ool-1-worker-126 | DEBUG | d.t.c.a.a.exam.service.ExamService   : StatsTimeLog: number of complaints open done in 470µs for exercise 610
    23:42:57.712 | 362 ool-1-worker-126 | DEBUG | d.t.c.a.a.exam.service.ExamService   : StatsTimeLog: number of complaints finished done in 1.01ms for exercise 610
    23:42:57.713 | 362 ool-1-worker-126 | DEBUG | d.t.c.a.a.exam.service.ExamService   : StatsTimeLog: number of assessments done in 1.94ms for exercise 610
    23:42:57.713 | 362 ool-1-worker-126 | DEBUG | d.t.c.a.a.exam.service.ExamService   : StatsTimeLog: number of generated participations in 2.75ms for exercise 610
    23:42:57.714 | 362 ool-1-worker-126 | DEBUG | d.t.c.a.a.exam.service.ExamService   : StatsTimeLog: number of complaints open done in 3.54ms for exercise 611
    23:42:57.715 | 362 ool-1-worker-126 | DEBUG | d.t.c.a.a.exam.service.ExamService   : StatsTimeLog: number of complaints finished done in 4.05ms for exercise 611
    23:42:57.715 | 362 ool-1-worker-126 | DEBUG | d.t.c.a.a.exam.service.ExamService   : StatsTimeLog: number of assessments done in 4.78ms for exercise 611
    23:42:57.716 | 362 ool-1-worker-126 | DEBUG | d.t.c.a.a.exam.service.ExamService   : StatsTimeLog: number of generated participations in 5.52ms for exercise 611
    23:42:57.717 | 362 ool-1-worker-126 | DEBUG | d.t.c.a.a.exam.service.ExamService   : StatsTimeLog: number of complaints open done in 6.27ms for exercise 612
    23:42:57.717 | 362 ool-1-worker-126 | DEBUG | d.t.c.a.a.exam.service.ExamService   : StatsTimeLog: number of complaints finished done in 6.76ms for exercise 612
    23:42:57.718 | 362 ool-1-worker-126 | DEBUG | d.t.c.a.a.exam.service.ExamService   : StatsTimeLog: number of assessments done in 7.55ms for exercise 612
    23:42:57.719 | 362 ool-1-worker-126 | DEBUG | d.t.c.a.a.exam.service.ExamService   : StatsTimeLog: number of generated participations in 8.29ms for exercise 612
    23:42:57.719 | 362 ool-1-worker-126 | DEBUG | d.t.c.a.a.exam.service.ExamService   : StatsTimeLog: number of complaints open done in 8.67ms for exercise 613
    23:42:57.720 | 362 ool-1-worker-126 | DEBUG | d.t.c.a.a.exam.service.ExamService   : StatsTimeLog: number of complaints finished done in 9.17ms for exercise 613
    23:42:57.721 | 362 ool-1-worker-126 | DEBUG | d.t.c.a.a.exam.service.ExamService   : StatsTimeLog: number of assessments done in 9.91ms for exercise 613
    23:42:57.721 | 362 ool-1-worker-126 | DEBUG | d.t.c.a.a.exam.service.ExamService   : StatsTimeLog: number of generated participations in 10.66ms for exercise 613
    23:42:57.722 | 362 ool-1-worker-126 | DEBUG | d.t.c.a.a.exam.service.ExamService   : StatsTimeLog: number of complaints open done in 11.03ms for exercise 614
    23:42:57.722 | 362 ool-1-worker-126 | DEBUG | d.t.c.a.a.exam.service.ExamService   : StatsTimeLog: number of complaints finished done in 11.51ms for exercise 614
    23:42:57.723 | 362 ool-1-worker-126 | DEBUG | d.t.c.a.a.exam.service.ExamService   : StatsTimeLog: number of assessments done in 12.27ms for exercise 614
    23:42:57.724 | 362 ool-1-worker-126 | DEBUG | d.t.c.a.a.exam.service.ExamService   : StatsTimeLog: number of generated participations in 13.03ms for exercise 614
    23:42:57.724 | 362 ool-1-worker-126 | DEBUG | d.t.c.a.a.exam.service.ExamService   : StatsTimeLog: number of complaints open done in 13.76ms for exercise 615
    23:42:57.725 | 362 ool-1-worker-126 | DEBUG | d.t.c.a.a.exam.service.ExamService   : StatsTimeLog: number of complaints finished done in 14.27ms for exercise 615
    23:42:57.726 | 362 ool-1-worker-126 | DEBUG | d.t.c.a.a.exam.service.ExamService   : StatsTimeLog: number of assessments done in 15.03ms for exercise 615
    23:42:57.726 | 362 ool-1-worker-126 | DEBUG | d.t.c.a.a.exam.service.ExamService   : StatsTimeLog: number of generated participations in 15.74ms for exercise 615
    23:42:57.727 | 362 ool-1-worker-126 | DEBUG | d.t.c.a.a.exam.service.ExamService   : StatsTimeLog: number of complaints open done in 16.58ms for exercise 616
    23:42:57.728 | 362 ool-1-worker-126 | DEBUG | d.t.c.a.a.exam.service.ExamService   : StatsTimeLog: number of complaints finished done in 17.10ms for exercise 616
    23:42:57.729 | 362 ool-1-worker-126 | DEBUG | d.t.c.a.a.exam.service.ExamService   : StatsTimeLog: number of assessments done in 17.88ms for exercise 616
    23:42:57.729 | 362 ool-1-worker-126 | DEBUG | d.t.c.a.a.exam.service.ExamService   : StatsTimeLog: number of generated participations in 18.65ms for exercise 616
    23:42:57.730 | 362 ool-1-worker-126 | DEBUG | d.t.c.a.a.exam.service.ExamService   : StatsTimeLog: number of complaints open done in 19.39ms for exercise 617
    23:42:57.731 | 362 ool-1-worker-126 | DEBUG | d.t.c.a.a.exam.service.ExamService   : StatsTimeLog: number of complaints finished done in 19.87ms for exercise 617
    23:42:57.731 | 362 ool-1-worker-126 | DEBUG | d.t.c.a.a.exam.service.ExamService   : StatsTimeLog: number of assessments done in 20.63ms for exercise 617
    23:42:57.732 | 362 ool-1-worker-126 | DEBUG | d.t.c.a.a.exam.service.ExamService   : StatsTimeLog: number of generated participations in 21.37ms for exercise 617
    23:42:57.736 | 362 ool-1-worker-126 | DEBUG | d.t.c.a.a.exam.service.ExamService   : StatsTimeLog: number of complaints open done in 25.15ms for exercise 618
    23:42:57.736 | 362 ool-1-worker-126 | DEBUG | d.t.c.a.a.exam.service.ExamService   : StatsTimeLog: number of complaints finished done in 25.70ms for exercise 618
    23:42:57.737 | 362 ool-1-worker-126 | DEBUG | d.t.c.a.a.exam.service.ExamService   : StatsTimeLog: number of assessments done in 26.51ms for exercise 618
    23:42:57.738 | 362 ool-1-worker-126 | DEBUG | d.t.c.a.a.exam.service.ExamService   : StatsTimeLog: number of generated participations in 27.29ms for exercise 618
    23:42:57.742 | 362 ool-1-worker-126 | DEBUG | d.t.c.a.a.exam.service.ExamService   : StatsTimeLog: number of complaints open done in 31.31ms for exercise 619
    23:42:57.742 | 362 ool-1-worker-126 | DEBUG | d.t.c.a.a.exam.service.ExamService   : StatsTimeLog: number of complaints finished done in 31.81ms for exercise 619
    23:42:57.743 | 362 ool-1-worker-126 | DEBUG | d.t.c.a.a.exam.service.ExamService   : StatsTimeLog: number of assessments done in 32.61ms for exercise 619
    23:42:57.744 | 362 ool-1-worker-126 | DEBUG | d.t.c.a.a.exam.service.ExamService   : StatsTimeLog: number of generated participations in 33.38ms for exercise 619
    23:42:57.747 | 362 ool-1-worker-126 | DEBUG | d.t.c.a.a.exam.service.ExamService   : StatsTimeLog: number of complaints open done in 36.23ms for exercise 620
    23:42:57.747 | 362 ool-1-worker-126 | DEBUG | d.t.c.a.a.exam.service.ExamService   : StatsTimeLog: number of complaints finished done in 36.77ms for exercise 620
    23:42:57.748 | 362 ool-1-worker-126 | DEBUG | d.t.c.a.a.exam.service.ExamService   : StatsTimeLog: number of assessments done in 37.56ms for exercise 620
    23:42:57.749 | 362 ool-1-worker-126 | DEBUG | d.t.c.a.a.exam.service.ExamService   : StatsTimeLog: number of generated participations in 38.35ms for exercise 620
    23:42:57.755 | 362 ool-1-worker-126 | DEBUG | d.t.c.a.a.exam.service.ExamService   : StatsTimeLog: number of generated student exams done in 44.12ms
    23:42:57.755 | 362 ool-1-worker-126 | DEBUG | d.t.c.a.a.exam.service.ExamService   : StatsTimeLog: number of test runs done in 44.41ms
    23:42:57.755 | 362 ool-1-worker-126 | DEBUG | d.t.c.a.a.exam.service.ExamService   : StatsTimeLog: number of student exams started done in 44.70ms
    23:42:57.756 | 362 ool-1-worker-126 | DEBUG | d.t.c.a.a.exam.service.ExamService   : StatsTimeLog: number of student exams submitted done in 44.99ms
    23:42:57.760 | 362 ool-1-worker-126 | INFO  | d.t.c.a.a.exam.service.ExamService   : getStatsForChecklist invoked for exam 530
    23:42:57.760 | 362 ool-1-worker-126 | DEBUG | d.t.c.a.a.exam.service.ExamService   : StatsTimeLog: number of complaints open done in 426µs for exercise 610
    23:42:57.761 | 362 ool-1-worker-126 | DEBUG | d.t.c.a.a.exam.service.ExamService   : StatsTimeLog: number of complaints finished done in 961µs for exercise 610
    23:42:57.762 | 362 ool-1-worker-126 | DEBUG | d.t.c.a.a.exam.service.ExamService   : StatsTimeLog: number of assessments done in 1.81ms for exercise 610
    23:42:57.762 | 362 ool-1-worker-126 | DEBUG | d.t.c.a.a.exam.service.ExamService   : StatsTimeLog: number of generated participations in 2.60ms for exercise 610
    23:42:57.765 | 362 ool-1-worker-126 | DEBUG | d.t.c.a.a.exam.service.ExamService   : StatsTimeLog: number of complaints open done in 5.48ms for exercise 611
    23:42:57.766 | 362 ool-1-worker-126 | DEBUG | d.t.c.a.a.exam.service.ExamService   : StatsTimeLog: number of complaints finished done in 6.02ms for exercise 611
    23:42:57.767 | 362 ool-1-worker-126 | DEBUG | d.t.c.a.a.exam.service.ExamService   : StatsTimeLog: number of assessments done in 6.81ms for exercise 611
    23:42:57.767 | 362 ool-1-worker-126 | DEBUG | d.t.c.a.a.exam.service.ExamService   : StatsTimeLog: number of generated participations in 7.57ms for exercise 611
    23:42:57.772 | 362 ool-1-worker-126 | DEBUG | d.t.c.a.a.exam.service.ExamService   : StatsTimeLog: number of complaints open done in 12.32ms for exercise 612
    23:42:57.773 | 362 ool-1-worker-126 | DEBUG | d.t.c.a.a.exam.service.ExamService   : StatsTimeLog: number of complaints finished done in 12.83ms for exercise 612
    23:42:57.773 | 362 ool-1-worker-126 | DEBUG | d.t.c.a.a.exam.service.ExamService   : StatsTimeLog: number of assessments done in 13.56ms for exercise 612
    23:42:57.774 | 362 ool-1-worker-126 | DEBUG | d.t.c.a.a.exam.service.ExamService   : StatsTimeLog: number of generated participations in 14.33ms for exercise 612
    23:42:57.777 | 362 ool-1-worker-126 | DEBUG | d.t.c.a.a.exam.service.ExamService   : StatsTimeLog: number of complaints open done in 16.69ms for exercise 613
    23:42:57.777 | 362 ool-1-worker-126 | DEBUG | d.t.c.a.a.exam.service.ExamService   : StatsTimeLog: number of complaints finished done in 17.20ms for exercise 613
    23:42:57.778 | 362 ool-1-worker-126 | DEBUG | d.t.c.a.a.exam.service.ExamService   : StatsTimeLog: number of assessments done in 17.95ms for exercise 613
    23:42:57.779 | 362 ool-1-worker-126 | DEBUG | d.t.c.a.a.exam.service.ExamService   : StatsTimeLog: number of generated participations in 18.66ms for exercise 613
    23:42:57.779 | 362 ool-1-worker-126 | DEBUG | d.t.c.a.a.exam.service.ExamService   : StatsTimeLog: number of complaints open done in 19.04ms for exercise 614
    23:42:57.779 | 362 ool-1-worker-126 | DEBUG | d.t.c.a.a.exam.service.ExamService   : StatsTimeLog: number of complaints finished done in 19.51ms for exercise 614
    23:42:57.785 | 362 ool-1-worker-126 | DEBUG | d.t.c.a.a.exam.service.ExamService   : StatsTimeLog: number of assessments done in 25.51ms for exercise 614
    23:42:57.786 | 362 ool-1-worker-126 | DEBUG | d.t.c.a.a.exam.service.ExamService   : StatsTimeLog: number of generated participations in 26.34ms for exercise 614
    23:42:57.787 | 362 ool-1-worker-126 | DEBUG | d.t.c.a.a.exam.service.ExamService   : StatsTimeLog: number of complaints open done in 27.15ms for exercise 615
    23:42:57.788 | 362 ool-1-worker-126 | DEBUG | d.t.c.a.a.exam.service.ExamService   : StatsTimeLog: number of complaints finished done in 27.66ms for exercise 615
    23:42:57.789 | 362 ool-1-worker-126 | DEBUG | d.t.c.a.a.exam.service.ExamService   : StatsTimeLog: number of assessments done in 29.38ms for exercise 615
    23:42:57.790 | 362 ool-1-worker-126 | DEBUG | d.t.c.a.a.exam.service.ExamService   : StatsTimeLog: number of generated participations in 30.17ms for exercise 615
    23:42:57.791 | 362 ool-1-worker-126 | DEBUG | d.t.c.a.a.exam.service.ExamService   : StatsTimeLog: number of complaints open done in 31.01ms for exercise 616
    23:42:57.791 | 362 ool-1-worker-126 | DEBUG | d.t.c.a.a.exam.service.ExamService   : StatsTimeLog: number of complaints finished done in 31.52ms for exercise 616
    23:42:57.797 | 362 ool-1-worker-126 | DEBUG | d.t.c.a.a.exam.service.ExamService   : StatsTimeLog: number of assessments done in 37.34ms for exercise 616
    23:42:57.798 | 362 ool-1-worker-126 | DEBUG | d.t.c.a.a.exam.service.ExamService   : StatsTimeLog: number of generated participations in 38.19ms for exercise 616
    23:42:57.799 | 362 ool-1-worker-126 | DEBUG | d.t.c.a.a.exam.service.ExamService   : StatsTimeLog: number of complaints open done in 38.99ms for exercise 617
    23:42:57.799 | 362 ool-1-worker-126 | DEBUG | d.t.c.a.a.exam.service.ExamService   : StatsTimeLog: number of complaints finished done in 39.51ms for exercise 617
    23:42:57.803 | 362 ool-1-worker-126 | DEBUG | d.t.c.a.a.exam.service.ExamService   : StatsTimeLog: number of assessments done in 43.37ms for exercise 617
    23:42:57.804 | 362 ool-1-worker-126 | DEBUG | d.t.c.a.a.exam.service.ExamService   : StatsTimeLog: number of generated participations in 44.18ms for exercise 617
    23:42:57.805 | 362 ool-1-worker-126 | DEBUG | d.t.c.a.a.exam.service.ExamService   : StatsTimeLog: number of complaints open done in 44.99ms for exercise 618
    23:42:57.805 | 362 ool-1-worker-126 | DEBUG | d.t.c.a.a.exam.service.ExamService   : StatsTimeLog: number of complaints finished done in 45.52ms for exercise 618
    23:42:57.807 | 362 ool-1-worker-126 | DEBUG | d.t.c.a.a.exam.service.ExamService   : StatsTimeLog: number of assessments done in 46.88ms for exercise 618
    23:42:57.808 | 362 ool-1-worker-126 | DEBUG | d.t.c.a.a.exam.service.ExamService   : StatsTimeLog: number of generated participations in 47.64ms for exercise 618
    23:42:57.808 | 362 ool-1-worker-126 | DEBUG | d.t.c.a.a.exam.service.ExamService   : StatsTimeLog: number of complaints open done in 48.53ms for exercise 619
    23:42:57.809 | 362 ool-1-worker-126 | DEBUG | d.t.c.a.a.exam.service.ExamService   : StatsTimeLog: number of complaints finished done in 49.08ms for exercise 619
    23:42:57.810 | 362 ool-1-worker-126 | DEBUG | d.t.c.a.a.exam.service.ExamService   : StatsTimeLog: number of assessments done in 49.92ms for exercise 619
    23:42:57.811 | 362 ool-1-worker-126 | DEBUG | d.t.c.a.a.exam.service.ExamService   : StatsTimeLog: number of generated participations in 50.72ms for exercise 619
    23:42:57.811 | 362 ool-1-worker-126 | DEBUG | d.t.c.a.a.exam.service.ExamService   : StatsTimeLog: number of complaints open done in 51.54ms for exercise 620
    23:42:57.812 | 362 ool-1-worker-126 | DEBUG | d.t.c.a.a.exam.service.ExamService   : StatsTimeLog: number of complaints finished done in 52.10ms for exercise 620
    23:42:57.813 | 362 ool-1-worker-126 | DEBUG | d.t.c.a.a.exam.service.ExamService   : StatsTimeLog: number of assessments done in 52.98ms for exercise 620
    23:42:57.814 | 362 ool-1-worker-126 | DEBUG | d.t.c.a.a.exam.service.ExamService   : StatsTimeLog: number of generated participations in 53.82ms for exercise 620
    23:42:57.821 | 362 ool-1-worker-126 | DEBUG | .a.s.ParticipantScoreScheduleService : Scheduled task for exercise 168 and participant 203 at 2025-02-14T23:42:57.921210396Z[Etc/UTC].
    23:42:57.821 | 362 ool-1-worker-126 | DEBUG | .a.s.ParticipantScoreScheduleService : Scheduled task for exercise 170 and participant 203 at 2025-02-14T23:42:57.921257945Z[Etc/UTC].
    23:42:57.821 | 362 ool-1-worker-126 | DEBUG | .a.s.ParticipantScoreScheduleService : Scheduled task for exercise 180 and participant 1 at 2025-02-14T23:42:57.921268745Z[Etc/UTC].
    23:42:57.821 | 362 ool-1-worker-126 | DEBUG | .a.s.ParticipantScoreScheduleService : Scheduled task for exercise 186 and participant 203 at 2025-02-14T23:42:57.921275617Z[Etc/UTC].
    23:42:57.821 | 362 ool-1-worker-126 | DEBUG | .a.s.ParticipantScoreScheduleService : Processing of 0 results and 4 participant scores.
    23:42:57.921 | 329 taskScheduler-4  | DEBUG | .a.s.ParticipantScoreScheduleService : Processing exercise 168 and participant 203 to update participant scores.
    23:42:57.921 | 326 taskScheduler-1  | DEBUG | .a.s.ParticipantScoreScheduleService : Processing exercise 170 and participant 203 to update participant scores.
    23:42:57.921 | 328 taskScheduler-3  | DEBUG | .a.s.ParticipantScoreScheduleService : Processing exercise 180 and participant 1 to update participant scores.
    23:42:57.923 | 329 taskScheduler-4  | ERROR | .a.s.ParticipantScoreScheduleService : Exception while processing participant score for exercise 168 and participant 203 for participant scores:
org.springframework.dao.IncorrectResultSizeDataAccessException: Query did not return a unique result: 2 results were returned
	at org.springframework.orm.jpa.vendor.HibernateJpaDialect.convertHibernateAccessException(HibernateJpaDialect.java:301)
	at org.springframework.orm.jpa.vendor.HibernateJpaDialect.translateExceptionIfPossible(HibernateJpaDialect.java:244)
	at org.springframework.orm.jpa.AbstractEntityManagerFactoryBean.translateExceptionIfPossible(AbstractEntityManagerFactoryBean.java:560)
	at org.springframework.dao.support.ChainedPersistenceExceptionTranslator.translateExceptionIfPossible(ChainedPersistenceExceptionTranslator.java:61)
	at org.springframework.dao.support.DataAccessUtils.translateIfNecessary(DataAccessUtils.java:343)
	at org.springframework.dao.support.PersistenceExceptionTranslationInterceptor.invoke(PersistenceExceptionTranslationInterceptor.java:160)
	at org.springframework.aop.framework.ReflectiveMethodInvocation.proceed(ReflectiveMethodInvocation.java:184)
	at org.springframework.data.jpa.repository.support.CrudMethodMetadataPostProcessor$CrudMethodMetadataPopulatingMethodInterceptor.invoke(CrudMethodMetadataPostProcessor.java:136)
	at org.springframework.aop.framework.ReflectiveMethodInvocation.proceed(ReflectiveMethodInvocation.java:184)
	at org.springframework.aop.framework.JdkDynamicAopProxy.invoke(JdkDynamicAopProxy.java:223)
	at jdk.proxy3/jdk.proxy3.$Proxy366.findByExercise_IdAndUser_Id(Unknown Source)
	at de.tum.cit.aet.artemis.assessment.service.ParticipantScoreScheduleService.executeTask(ParticipantScoreScheduleService.java:286)
	at de.tum.cit.aet.artemis.assessment.service.ParticipantScoreScheduleService.lambda$scheduleTask$5(ParticipantScoreScheduleService.java:237)
	at org.springframework.scheduling.support.DelegatingErrorHandlingRunnable.run(DelegatingErrorHandlingRunnable.java:54)
	at java.base/java.util.concurrent.Executors$RunnableAdapter.call(Executors.java:572)
	at java.base/java.util.concurrent.FutureTask.run(FutureTask.java:317)
	at java.base/java.util.concurrent.ScheduledThreadPoolExecutor$ScheduledFutureTask.run(ScheduledThreadPoolExecutor.java:304)
	at java.base/java.util.concurrent.ThreadPoolExecutor.runWorker(ThreadPoolExecutor.java:1144)
	at java.base/java.util.concurrent.ThreadPoolExecutor$Worker.run(ThreadPoolExecutor.java:642)
	at java.base/java.lang.Thread.run(Thread.java:1583)
Caused by: org.hibernate.NonUniqueResultException: Query did not return a unique result: 2 results were returned
	at org.hibernate.query.spi.AbstractSelectionQuery.uniqueElement(AbstractSelectionQuery.java:586)
	at org.hibernate.query.spi.AbstractSelectionQuery.getSingleResult(AbstractSelectionQuery.java:570)
	at java.base/jdk.internal.reflect.DirectMethodHandleAccessor.invoke(DirectMethodHandleAccessor.java:103)
	at java.base/java.lang.reflect.Method.invoke(Method.java:580)
	at org.springframework.orm.jpa.SharedEntityManagerCreator$DeferredQueryInvocationHandler.invoke(SharedEntityManagerCreator.java:419)
	at jdk.proxy3/jdk.proxy3.$Proxy601.getSingleResult(Unknown Source)
	at org.springframework.data.jpa.repository.query.JpaQueryExecution$SingleEntityExecution.doExecute(JpaQueryExecution.java:224)
	at org.springframework.data.jpa.repository.query.JpaQueryExecution.execute(JpaQueryExecution.java:93)
	at org.springframework.data.jpa.repository.query.AbstractJpaQuery.doExecute(AbstractJpaQuery.java:152)
	at org.springframework.data.jpa.repository.query.AbstractJpaQuery.execute(AbstractJpaQuery.java:140)
	at org.springframework.data.repository.core.support.RepositoryMethodInvoker.doInvoke(RepositoryMethodInvoker.java:170)
	at org.springframework.data.repository.core.support.RepositoryMethodInvoker.invoke(RepositoryMethodInvoker.java:158)
	at org.springframework.data.repository.core.support.QueryExecutorMethodInterceptor.doInvoke(QueryExecutorMethodInterceptor.java:170)
	at org.springframework.data.repository.core.support.QueryExecutorMethodInterceptor.invoke(QueryExecutorMethodInterceptor.java:149)
	at org.springframework.aop.framework.ReflectiveMethodInvocation.proceed(ReflectiveMethodInvocation.java:184)
	at org.springframework.data.projection.DefaultMethodInvokingMethodInterceptor.invoke(DefaultMethodInvokingMethodInterceptor.java:69)
	at org.springframework.aop.framework.ReflectiveMethodInvocation.proceed(ReflectiveMethodInvocation.java:184)
	at org.springframework.transaction.interceptor.TransactionAspectSupport.invokeWithinTransaction(TransactionAspectSupport.java:380)
	at org.springframework.transaction.interceptor.TransactionInterceptor.invoke(TransactionInterceptor.java:119)
	at org.springframework.aop.framework.ReflectiveMethodInvocation.proceed(ReflectiveMethodInvocation.java:184)
	at org.springframework.dao.support.PersistenceExceptionTranslationInterceptor.invoke(PersistenceExceptionTranslationInterceptor.java:138)
	... 14 common frames omitted
    23:42:57.923 | 329 taskScheduler-4  | DEBUG | .a.s.ParticipantScoreScheduleService : Updating the participant score for exercise 168 and participant 203 took 2 ms.
    23:42:57.923 | 329 taskScheduler-4  | DEBUG | .a.s.ParticipantScoreScheduleService : Processing exercise 186 and participant 203 to update participant scores.
    23:42:57.925 | 326 taskScheduler-1  | ERROR | .a.s.ParticipantScoreScheduleService : Exception while processing participant score for exercise 170 and participant 203 for participant scores:
org.springframework.dao.IncorrectResultSizeDataAccessException: Query did not return a unique result: 2 results were returned
	at org.springframework.orm.jpa.vendor.HibernateJpaDialect.convertHibernateAccessException(HibernateJpaDialect.java:301)
	at org.springframework.orm.jpa.vendor.HibernateJpaDialect.translateExceptionIfPossible(HibernateJpaDialect.java:244)
	at org.springframework.orm.jpa.AbstractEntityManagerFactoryBean.translateExceptionIfPossible(AbstractEntityManagerFactoryBean.java:560)
	at org.springframework.dao.support.ChainedPersistenceExceptionTranslator.translateExceptionIfPossible(ChainedPersistenceExceptionTranslator.java:61)
	at org.springframework.dao.support.DataAccessUtils.translateIfNecessary(DataAccessUtils.java:343)
	at org.springframework.dao.support.PersistenceExceptionTranslationInterceptor.invoke(PersistenceExceptionTranslationInterceptor.java:160)
	at org.springframework.aop.framework.ReflectiveMethodInvocation.proceed(ReflectiveMethodInvocation.java:184)
	at org.springframework.data.jpa.repository.support.CrudMethodMetadataPostProcessor$CrudMethodMetadataPopulatingMethodInterceptor.invoke(CrudMethodMetadataPostProcessor.java:136)
	at org.springframework.aop.framework.ReflectiveMethodInvocation.proceed(ReflectiveMethodInvocation.java:184)
	at org.springframework.aop.framework.JdkDynamicAopProxy.invoke(JdkDynamicAopProxy.java:223)
	at jdk.proxy3/jdk.proxy3.$Proxy366.findByExercise_IdAndUser_Id(Unknown Source)
	at de.tum.cit.aet.artemis.assessment.service.ParticipantScoreScheduleService.executeTask(ParticipantScoreScheduleService.java:286)
	at de.tum.cit.aet.artemis.assessment.service.ParticipantScoreScheduleService.lambda$scheduleTask$5(ParticipantScoreScheduleService.java:237)
	at org.springframework.scheduling.support.DelegatingErrorHandlingRunnable.run(DelegatingErrorHandlingRunnable.java:54)
	at java.base/java.util.concurrent.Executors$RunnableAdapter.call(Executors.java:572)
	at java.base/java.util.concurrent.FutureTask.run(FutureTask.java:317)
	at java.base/java.util.concurrent.ScheduledThreadPoolExecutor$ScheduledFutureTask.run(ScheduledThreadPoolExecutor.java:304)
	at java.base/java.util.concurrent.ThreadPoolExecutor.runWorker(ThreadPoolExecutor.java:1144)
	at java.base/java.util.concurrent.ThreadPoolExecutor$Worker.run(ThreadPoolExecutor.java:642)
	at java.base/java.lang.Thread.run(Thread.java:1583)
Caused by: org.hibernate.NonUniqueResultException: Query did not return a unique result: 2 results were returned
	at org.hibernate.query.spi.AbstractSelectionQuery.uniqueElement(AbstractSelectionQuery.java:586)
	at org.hibernate.query.spi.AbstractSelectionQuery.getSingleResult(AbstractSelectionQuery.java:570)
	at java.base/jdk.internal.reflect.DirectMethodHandleAccessor.invoke(DirectMethodHandleAccessor.java:103)
	at java.base/java.lang.reflect.Method.invoke(Method.java:580)
	at org.springframework.orm.jpa.SharedEntityManagerCreator$DeferredQueryInvocationHandler.invoke(SharedEntityManagerCreator.java:419)
	at jdk.proxy3/jdk.proxy3.$Proxy601.getSingleResult(Unknown Source)
	at org.springframework.data.jpa.repository.query.JpaQueryExecution$SingleEntityExecution.doExecute(JpaQueryExecution.java:224)
	at org.springframework.data.jpa.repository.query.JpaQueryExecution.execute(JpaQueryExecution.java:93)
	at org.springframework.data.jpa.repository.query.AbstractJpaQuery.doExecute(AbstractJpaQuery.java:152)
	at org.springframework.data.jpa.repository.query.AbstractJpaQuery.execute(AbstractJpaQuery.java:140)
	at org.springframework.data.repository.core.support.RepositoryMethodInvoker.doInvoke(RepositoryMethodInvoker.java:170)
	at org.springframework.data.repository.core.support.RepositoryMethodInvoker.invoke(RepositoryMethodInvoker.java:158)
	at org.springframework.data.repository.core.support.QueryExecutorMethodInterceptor.doInvoke(QueryExecutorMethodInterceptor.java:170)
	at org.springframework.data.repository.core.support.QueryExecutorMethodInterceptor.invoke(QueryExecutorMethodInterceptor.java:149)
	at org.springframework.aop.framework.ReflectiveMethodInvocation.proceed(ReflectiveMethodInvocation.java:184)
	at org.springframework.data.projection.DefaultMethodInvokingMethodInterceptor.invoke(DefaultMethodInvokingMethodInterceptor.java:69)
	at org.springframework.aop.framework.ReflectiveMethodInvocation.proceed(ReflectiveMethodInvocation.java:184)
	at org.springframework.transaction.interceptor.TransactionAspectSupport.invokeWithinTransaction(TransactionAspectSupport.java:380)
	at org.springframework.transaction.interceptor.TransactionInterceptor.invoke(TransactionInterceptor.java:119)
	at org.springframework.aop.framework.ReflectiveMethodInvocation.proceed(ReflectiveMethodInvocation.java:184)
	at org.springframework.dao.support.PersistenceExceptionTranslationInterceptor.invoke(PersistenceExceptionTranslationInterceptor.java:138)
	... 14 common frames omitted
    23:42:57.925 | 326 taskScheduler-1  | DEBUG | .a.s.ParticipantScoreScheduleService : Updating the participant score for exercise 170 and participant 203 took 4 ms.
    23:42:57.926 | 329 taskScheduler-4  | ERROR | .a.s.ParticipantScoreScheduleService : Exception while processing participant score for exercise 186 and participant 203 for participant scores:
org.springframework.dao.IncorrectResultSizeDataAccessException: Query did not return a unique result: 2 results were returned
	at org.springframework.orm.jpa.vendor.HibernateJpaDialect.convertHibernateAccessException(HibernateJpaDialect.java:301)
	at org.springframework.orm.jpa.vendor.HibernateJpaDialect.translateExceptionIfPossible(HibernateJpaDialect.java:244)
	at org.springframework.orm.jpa.AbstractEntityManagerFactoryBean.translateExceptionIfPossible(AbstractEntityManagerFactoryBean.java:560)
	at org.springframework.dao.support.ChainedPersistenceExceptionTranslator.translateExceptionIfPossible(ChainedPersistenceExceptionTranslator.java:61)
	at org.springframework.dao.support.DataAccessUtils.translateIfNecessary(DataAccessUtils.java:343)
	at org.springframework.dao.support.PersistenceExceptionTranslationInterceptor.invoke(PersistenceExceptionTranslationInterceptor.java:160)
	at org.springframework.aop.framework.ReflectiveMethodInvocation.proceed(ReflectiveMethodInvocation.java:184)
	at org.springframework.data.jpa.repository.support.CrudMethodMetadataPostProcessor$CrudMethodMetadataPopulatingMethodInterceptor.invoke(CrudMethodMetadataPostProcessor.java:136)
	at org.springframework.aop.framework.ReflectiveMethodInvocation.proceed(ReflectiveMethodInvocation.java:184)
	at org.springframework.aop.framework.JdkDynamicAopProxy.invoke(JdkDynamicAopProxy.java:223)
	at jdk.proxy3/jdk.proxy3.$Proxy366.findByExercise_IdAndUser_Id(Unknown Source)
	at de.tum.cit.aet.artemis.assessment.service.ParticipantScoreScheduleService.executeTask(ParticipantScoreScheduleService.java:286)
	at de.tum.cit.aet.artemis.assessment.service.ParticipantScoreScheduleService.lambda$scheduleTask$5(ParticipantScoreScheduleService.java:237)
	at org.springframework.scheduling.support.DelegatingErrorHandlingRunnable.run(DelegatingErrorHandlingRunnable.java:54)
	at java.base/java.util.concurrent.Executors$RunnableAdapter.call(Executors.java:572)
	at java.base/java.util.concurrent.FutureTask.run(FutureTask.java:317)
	at java.base/java.util.concurrent.ScheduledThreadPoolExecutor$ScheduledFutureTask.run(ScheduledThreadPoolExecutor.java:304)
	at java.base/java.util.concurrent.ThreadPoolExecutor.runWorker(ThreadPoolExecutor.java:1144)
	at java.base/java.util.concurrent.ThreadPoolExecutor$Worker.run(ThreadPoolExecutor.java:642)
	at java.base/java.lang.Thread.run(Thread.java:1583)
Caused by: org.hibernate.NonUniqueResultException: Query did not return a unique result: 2 results were returned
	at org.hibernate.query.spi.AbstractSelectionQuery.uniqueElement(AbstractSelectionQuery.java:586)
	at org.hibernate.query.spi.AbstractSelectionQuery.getSingleResult(AbstractSelectionQuery.java:570)
	at java.base/jdk.internal.reflect.DirectMethodHandleAccessor.invoke(DirectMethodHandleAccessor.java:103)
	at java.base/java.lang.reflect.Method.invoke(Method.java:580)
	at org.springframework.orm.jpa.SharedEntityManagerCreator$DeferredQueryInvocationHandler.invoke(SharedEntityManagerCreator.java:419)
	at jdk.proxy3/jdk.proxy3.$Proxy601.getSingleResult(Unknown Source)
	at org.springframework.data.jpa.repository.query.JpaQueryExecution$SingleEntityExecution.doExecute(JpaQueryExecution.java:224)
	at org.springframework.data.jpa.repository.query.JpaQueryExecution.execute(JpaQueryExecution.java:93)
	at org.springframework.data.jpa.repository.query.AbstractJpaQuery.doExecute(AbstractJpaQuery.java:152)
	at org.springframework.data.jpa.repository.query.AbstractJpaQuery.execute(AbstractJpaQuery.java:140)
	at org.springframework.data.repository.core.support.RepositoryMethodInvoker.doInvoke(RepositoryMethodInvoker.java:170)
	at org.springframework.data.repository.core.support.RepositoryMethodInvoker.invoke(RepositoryMethodInvoker.java:158)
	at org.springframework.data.repository.core.support.QueryExecutorMethodInterceptor.doInvoke(QueryExecutorMethodInterceptor.java:170)
	at org.springframework.data.repository.core.support.QueryExecutorMethodInterceptor.invoke(QueryExecutorMethodInterceptor.java:149)
	at org.springframework.aop.framework.ReflectiveMethodInvocation.proceed(ReflectiveMethodInvocation.java:184)
	at org.springframework.data.projection.DefaultMethodInvokingMethodInterceptor.invoke(DefaultMethodInvokingMethodInterceptor.java:69)
	at org.springframework.aop.framework.ReflectiveMethodInvocation.proceed(ReflectiveMethodInvocation.java:184)
	at org.springframework.transaction.interceptor.TransactionAspectSupport.invokeWithinTransaction(TransactionAspectSupport.java:380)
	at org.springframework.transaction.interceptor.TransactionInterceptor.invoke(TransactionInterceptor.java:119)
	at org.springframework.aop.framework.ReflectiveMethodInvocation.proceed(ReflectiveMethodInvocation.java:184)
	at org.springframework.dao.support.PersistenceExceptionTranslationInterceptor.invoke(PersistenceExceptionTranslationInterceptor.java:138)
	... 14 common frames omitted
    23:42:57.926 | 329 taskScheduler-4  | DEBUG | .a.s.ParticipantScoreScheduleService : Updating the participant score for exercise 186 and participant 203 took 3 ms.
    23:42:57.937 | 328 taskScheduler-3  | DEBUG | .a.s.ParticipantScoreScheduleService : Updating the participant score for exercise 180 and participant 1 took 16 ms.
    23:42:58.126 | 362 ool-1-worker-126 | DEBUG | d.t.c.a.a.c.s.f.ApiVersionFilter     : Adding Version to Request DELETE /api/courses/223/exams/530
    23:42:58.127 | 362 ool-1-worker-126 | INFO  | d.t.c.a.a.exam.web.ExamResource      : REST request to delete exam : 530
    23:42:58.145 | 362 ool-1-worker-126 | INFO  | d.t.c.a.a.e.s.ExamDeletionService    : User examparticipationtestinstructor1 has requested to delete the exam Real exam 1
    23:42:58.156 | 362 ool-1-worker-126 | INFO  | .t.c.a.a.e.s.ExerciseDeletionService : Request to delete TextExercise with id 610
    23:42:58.157 | 362 ool-1-worker-126 | INFO  | .t.c.a.a.e.s.ExerciseDeletionService : Deleting the channel took 399µs
    23:42:58.157 | 362 ool-1-worker-126 | INFO  | .t.c.a.a.e.s.ExerciseDeletionService : Cancel scheduled operations of exercise 610
    23:42:58.159 | 362 ool-1-worker-126 | INFO  | .c.s.m.InstanceMessageReceiveService : Received schedule cancel for potential Athena exercise 610
    23:42:58.161 | 362 ool-1-worker-126 | INFO  | d.t.c.a.a.e.s.ParticipationService   : Request to delete all 4 participations of exercise with id : 610
    23:42:58.165 | 362 ool-1-worker-126 | INFO  | d.t.c.a.a.e.s.ParticipationService   : Request to delete Participation : StudentParticipation{id=672, presentationScore=null, student=User{login='examparticipationteststudent1', firstName='examparticipationteststudent1First', lastName='examparticipationteststudent1Last', email='examparticipationteststudent1@test.de', imageUrl='null', activated='true', langKey='en', activationKey='null'}}
    23:42:58.165 | 362 ool-1-worker-126 | DEBUG | d.t.c.a.a.e.s.ParticipationService   : Request to delete all results and submissions of participation with id : 672
    23:42:58.168 | 362 ool-1-worker-126 | DEBUG | d.t.c.a.a.a.service.ResultService    : Delete result 131
    23:42:58.168 | 362 ool-1-worker-126 | DEBUG | d.t.c.a.a.a.service.ResultService    : Delete result references 131
    23:42:58.170 | 362 ool-1-worker-126 | DEBUG | d.t.c.a.a.a.service.ResultService    : Delete result 132
    23:42:58.170 | 362 ool-1-worker-126 | DEBUG | d.t.c.a.a.a.service.ResultService    : Delete result references 132
    23:42:58.176 | 362 ool-1-worker-126 | INFO  | d.t.c.a.a.e.s.ParticipationService   : Request to delete Participation : StudentParticipation{id=674, presentationScore=null, student=User{login='examparticipationteststudent2', firstName='examparticipationteststudent2First', lastName='examparticipationteststudent2Last', email='examparticipationteststudent2@test.de', imageUrl='null', activated='true', langKey='en', activationKey='null'}}
    23:42:58.176 | 362 ool-1-worker-126 | DEBUG | d.t.c.a.a.e.s.ParticipationService   : Request to delete all results and submissions of participation with id : 674
    23:42:58.177 | 362 ool-1-worker-126 | DEBUG | d.t.c.a.a.a.service.ResultService    : Delete result 133
    23:42:58.177 | 362 ool-1-worker-126 | DEBUG | d.t.c.a.a.a.service.ResultService    : Delete result references 133
    23:42:58.180 | 362 ool-1-worker-126 | DEBUG | d.t.c.a.a.a.service.ResultService    : Delete result 134
    23:42:58.180 | 362 ool-1-worker-126 | DEBUG | d.t.c.a.a.a.service.ResultService    : Delete result references 134
    23:42:58.185 | 362 ool-1-worker-126 | INFO  | d.t.c.a.a.e.s.ParticipationService   : Request to delete Participation : StudentParticipation{id=675, presentationScore=null, student=User{login='examparticipationteststudent3', firstName='examparticipationteststudent3First', lastName='examparticipationteststudent3Last', email='examparticipationteststudent3@test.de', imageUrl='null', activated='true', langKey='en', activationKey='null'}}
    23:42:58.186 | 362 ool-1-worker-126 | DEBUG | d.t.c.a.a.e.s.ParticipationService   : Request to delete all results and submissions of participation with id : 675
    23:42:58.187 | 362 ool-1-worker-126 | DEBUG | d.t.c.a.a.a.service.ResultService    : Delete result 135
    23:42:58.187 | 362 ool-1-worker-126 | DEBUG | d.t.c.a.a.a.service.ResultService    : Delete result references 135
    23:42:58.195 | 362 ool-1-worker-126 | DEBUG | d.t.c.a.a.a.service.ResultService    : Delete result 136
    23:42:58.195 | 362 ool-1-worker-126 | DEBUG | d.t.c.a.a.a.service.ResultService    : Delete result references 136
    23:42:58.203 | 362 ool-1-worker-126 | INFO  | d.t.c.a.a.e.s.ParticipationService   : Request to delete Participation : StudentParticipation{id=676, presentationScore=null, student=User{login='examparticipationtesttutor1', firstName='examparticipationtesttutor1First', lastName='examparticipationtesttutor1Last', email='examparticipationtesttutor1@test.de', imageUrl='null', activated='true', langKey='en', activationKey='null'}}
    23:42:58.203 | 362 ool-1-worker-126 | DEBUG | d.t.c.a.a.e.s.ParticipationService   : Request to delete all results and submissions of participation with id : 676
    23:42:58.205 | 362 ool-1-worker-126 | DEBUG | d.t.c.a.a.a.service.ResultService    : Delete result 137
    23:42:58.205 | 362 ool-1-worker-126 | DEBUG | d.t.c.a.a.a.service.ResultService    : Delete result references 137
    23:42:58.208 | 362 ool-1-worker-126 | DEBUG | d.t.c.a.a.a.service.ResultService    : Delete result 138
    23:42:58.208 | 362 ool-1-worker-126 | DEBUG | d.t.c.a.a.a.service.ResultService    : Delete result references 138
    23:42:58.231 | 362 ool-1-worker-126 | INFO  | .c.a.a.c.s.TitleCacheEvictionService : Evicted entry '610' from title cache 'exerciseTitle'
    23:42:58.236 | 362 ool-1-worker-126 | INFO  | .t.c.a.a.e.s.ExerciseDeletionService : Request to delete TextExercise with id 611
    23:42:58.236 | 362 ool-1-worker-126 | INFO  | .t.c.a.a.e.s.ExerciseDeletionService : Deleting the channel took 380µs
    23:42:58.236 | 362 ool-1-worker-126 | INFO  | .t.c.a.a.e.s.ExerciseDeletionService : Cancel scheduled operations of exercise 611
    23:42:58.236 | 362 ool-1-worker-126 | INFO  | .c.s.m.InstanceMessageReceiveService : Received schedule cancel for potential Athena exercise 611
    23:42:58.238 | 362 ool-1-worker-126 | INFO  | d.t.c.a.a.e.s.ParticipationService   : Request to delete all 1 participations of exercise with id : 611
    23:42:58.242 | 362 ool-1-worker-126 | INFO  | d.t.c.a.a.e.s.ParticipationService   : Request to delete Participation : StudentParticipation{id=673, presentationScore=null, student=User{login='examparticipationtesttutor2', firstName='examparticipationtesttutor2First', lastName='examparticipationtesttutor2Last', email='examparticipationtesttutor2@test.de', imageUrl='null', activated='true', langKey='en', activationKey='null'}}
    23:42:58.242 | 362 ool-1-worker-126 | DEBUG | d.t.c.a.a.e.s.ParticipationService   : Request to delete all results and submissions of participation with id : 673
    23:42:58.243 | 362 ool-1-worker-126 | DEBUG | d.t.c.a.a.a.service.ResultService    : Delete result 139
    23:42:58.243 | 362 ool-1-worker-126 | DEBUG | d.t.c.a.a.a.service.ResultService    : Delete result references 139
    23:42:58.250 | 362 ool-1-worker-126 | DEBUG | d.t.c.a.a.a.service.ResultService    : Delete result 140
    23:42:58.250 | 362 ool-1-worker-126 | DEBUG | d.t.c.a.a.a.service.ResultService    : Delete result references 140
    23:42:58.296 | 362 ool-1-worker-126 | INFO  | .c.a.a.c.s.TitleCacheEvictionService : Evicted entry '611' from title cache 'exerciseTitle'
    23:42:58.300 | 362 ool-1-worker-126 | INFO  | .t.c.a.a.e.s.ExerciseDeletionService : Request to delete TextExercise with id 621
    23:42:58.302 | 362 ool-1-worker-126 | INFO  | .t.c.a.a.e.s.ExerciseDeletionService : Deleting the channel took 1.31ms
    23:42:58.302 | 362 ool-1-worker-126 | INFO  | .t.c.a.a.e.s.ExerciseDeletionService : Cancel scheduled operations of exercise 621
    23:42:58.302 | 362 ool-1-worker-126 | INFO  | .c.s.m.InstanceMessageReceiveService : Received schedule cancel for potential Athena exercise 621
    23:42:58.306 | 362 ool-1-worker-126 | INFO  | d.t.c.a.a.e.s.ParticipationService   : Request to delete all 0 participations of exercise with id : 621
    23:42:58.328 | 362 ool-1-worker-126 | INFO  | .c.a.a.c.s.TitleCacheEvictionService : Evicted entry '621' from title cache 'exerciseTitle'
    23:42:58.329 | 362 ool-1-worker-126 | INFO  | .t.c.a.a.e.s.ExerciseDeletionService : Request to delete QuizExercise with id 612
    23:42:58.330 | 362 ool-1-worker-126 | INFO  | .t.c.a.a.e.s.ExerciseDeletionService : Deleting the channel took 381µs
    23:42:58.334 | 362 ool-1-worker-126 | INFO  | d.t.c.a.a.e.s.ParticipationService   : Request to delete all 3 participations of exercise with id : 612
    23:42:58.338 | 362 ool-1-worker-126 | INFO  | d.t.c.a.a.e.s.ParticipationService   : Request to delete Participation : StudentParticipation{id=677, presentationScore=null, student=User{login='examparticipationteststudent2', firstName='examparticipationteststudent2First', lastName='examparticipationteststudent2Last', email='examparticipationteststudent2@test.de', imageUrl='null', activated='true', langKey='en', activationKey='null'}}
    23:42:58.338 | 362 ool-1-worker-126 | DEBUG | d.t.c.a.a.e.s.ParticipationService   : Request to delete all results and submissions of participation with id : 677
    23:42:58.339 | 362 ool-1-worker-126 | DEBUG | d.t.c.a.a.a.service.ResultService    : Delete result 141
    23:42:58.339 | 362 ool-1-worker-126 | DEBUG | d.t.c.a.a.a.service.ResultService    : Delete result references 141
    23:42:58.347 | 362 ool-1-worker-126 | DEBUG | d.t.c.a.a.a.service.ResultService    : Delete result 142
    23:42:58.347 | 362 ool-1-worker-126 | DEBUG | d.t.c.a.a.a.service.ResultService    : Delete result references 142
    23:42:58.356 | 362 ool-1-worker-126 | INFO  | d.t.c.a.a.e.s.ParticipationService   : Request to delete Participation : StudentParticipation{id=678, presentationScore=null, student=User{login='examparticipationteststudent3', firstName='examparticipationteststudent3First', lastName='examparticipationteststudent3Last', email='examparticipationteststudent3@test.de', imageUrl='null', activated='true', langKey='en', activationKey='null'}}
    23:42:58.356 | 362 ool-1-worker-126 | DEBUG | d.t.c.a.a.e.s.ParticipationService   : Request to delete all results and submissions of participation with id : 678
    23:42:58.357 | 362 ool-1-worker-126 | DEBUG | d.t.c.a.a.a.service.ResultService    : Delete result 144
    23:42:58.357 | 362 ool-1-worker-126 | DEBUG | d.t.c.a.a.a.service.ResultService    : Delete result references 144
    23:42:58.360 | 362 ool-1-worker-126 | DEBUG | d.t.c.a.a.a.service.ResultService    : Delete result 143
    23:42:58.360 | 362 ool-1-worker-126 | DEBUG | d.t.c.a.a.a.service.ResultService    : Delete result references 143
    23:42:58.372 | 362 ool-1-worker-126 | INFO  | d.t.c.a.a.e.s.ParticipationService   : Request to delete Participation : StudentParticipation{id=680, presentationScore=null, student=User{login='examparticipationtesttutor2', firstName='examparticipationtesttutor2First', lastName='examparticipationtesttutor2Last', email='examparticipationtesttutor2@test.de', imageUrl='null', activated='true', langKey='en', activationKey='null'}}
    23:42:58.372 | 362 ool-1-worker-126 | DEBUG | d.t.c.a.a.e.s.ParticipationService   : Request to delete all results and submissions of participation with id : 680
    23:42:58.373 | 362 ool-1-worker-126 | DEBUG | d.t.c.a.a.a.service.ResultService    : Delete result 145
    23:42:58.373 | 362 ool-1-worker-126 | DEBUG | d.t.c.a.a.a.service.ResultService    : Delete result references 145
    23:42:58.379 | 362 ool-1-worker-126 | DEBUG | d.t.c.a.a.a.service.ResultService    : Delete result 146
    23:42:58.379 | 362 ool-1-worker-126 | DEBUG | d.t.c.a.a.a.service.ResultService    : Delete result references 146
    23:42:58.432 | 362 ool-1-worker-126 | WARN  | d.t.c.a.artemis.quiz.domain.DragItem : Could not delete file with path dragItemImage2.png. Assume already deleted, DragAndDropQuestion 145 can be removed.
    23:42:58.432 | 362 ool-1-worker-126 | WARN  | d.t.c.a.artemis.quiz.domain.DragItem : Could not delete file with path dragItemImage4.png. Assume already deleted, DragAndDropQuestion 147 can be removed.
    23:42:58.437 | 362 ool-1-worker-126 | INFO  | .c.a.a.c.s.TitleCacheEvictionService : Evicted entry '612' from title cache 'exerciseTitle'
    23:42:58.441 | 362 ool-1-worker-126 | INFO  | .t.c.a.a.e.s.ExerciseDeletionService : Request to delete QuizExercise with id 613
    23:42:58.441 | 362 ool-1-worker-126 | INFO  | .t.c.a.a.e.s.ExerciseDeletionService : Deleting the channel took 390µs
    23:42:58.445 | 362 ool-1-worker-126 | INFO  | d.t.c.a.a.e.s.ParticipationService   : Request to delete all 2 participations of exercise with id : 613
    23:42:58.448 | 362 ool-1-worker-126 | INFO  | d.t.c.a.a.e.s.ParticipationService   : Request to delete Participation : StudentParticipation{id=679, presentationScore=null, student=User{login='examparticipationtesttutor1', firstName='examparticipationtesttutor1First', lastName='examparticipationtesttutor1Last', email='examparticipationtesttutor1@test.de', imageUrl='null', activated='true', langKey='en', activationKey='null'}}
    23:42:58.448 | 362 ool-1-worker-126 | DEBUG | d.t.c.a.a.e.s.ParticipationService   : Request to delete all results and submissions of participation with id : 679
    23:42:58.449 | 362 ool-1-worker-126 | DEBUG | d.t.c.a.a.a.service.ResultService    : Delete result 147
    23:42:58.449 | 362 ool-1-worker-126 | DEBUG | d.t.c.a.a.a.service.ResultService    : Delete result references 147
    23:42:58.455 | 362 ool-1-worker-126 | DEBUG | d.t.c.a.a.a.service.ResultService    : Delete result 148
    23:42:58.455 | 362 ool-1-worker-126 | DEBUG | d.t.c.a.a.a.service.ResultService    : Delete result references 148
    23:42:58.473 | 362 ool-1-worker-126 | INFO  | d.t.c.a.a.e.s.ParticipationService   : Request to delete Participation : StudentParticipation{id=681, presentationScore=null, student=User{login='examparticipationteststudent1', firstName='examparticipationteststudent1First', lastName='examparticipationteststudent1Last', email='examparticipationteststudent1@test.de', imageUrl='null', activated='true', langKey='en', activationKey='null'}}
    23:42:58.474 | 362 ool-1-worker-126 | DEBUG | d.t.c.a.a.e.s.ParticipationService   : Request to delete all results and submissions of participation with id : 681
    23:42:58.477 | 362 ool-1-worker-126 | DEBUG | d.t.c.a.a.a.service.ResultService    : Delete result 149
    23:42:58.477 | 362 ool-1-worker-126 | DEBUG | d.t.c.a.a.a.service.ResultService    : Delete result references 149
    23:42:58.485 | 362 ool-1-worker-126 | DEBUG | d.t.c.a.a.a.service.ResultService    : Delete result 150
    23:42:58.485 | 362 ool-1-worker-126 | DEBUG | d.t.c.a.a.a.service.ResultService    : Delete result references 150
    23:42:58.546 | 362 ool-1-worker-126 | WARN  | d.t.c.a.artemis.quiz.domain.DragItem : Could not delete file with path dragItemImage2.png. Assume already deleted, DragAndDropQuestion 149 can be removed.
    23:42:58.546 | 362 ool-1-worker-126 | WARN  | d.t.c.a.artemis.quiz.domain.DragItem : Could not delete file with path dragItemImage4.png. Assume already deleted, DragAndDropQuestion 151 can be removed.
    23:42:58.548 | 362 ool-1-worker-126 | INFO  | .c.a.a.c.s.TitleCacheEvictionService : Evicted entry '613' from title cache 'exerciseTitle'
    23:42:58.551 | 362 ool-1-worker-126 | INFO  | .t.c.a.a.e.s.ExerciseDeletionService : Request to delete FileUploadExercise with id 614
    23:42:58.552 | 362 ool-1-worker-126 | INFO  | .t.c.a.a.e.s.ExerciseDeletionService : Deleting the channel took 505µs
    23:42:58.556 | 362 ool-1-worker-126 | INFO  | d.t.c.a.a.e.s.ParticipationService   : Request to delete all 2 participations of exercise with id : 614
    23:42:58.559 | 362 ool-1-worker-126 | INFO  | d.t.c.a.a.e.s.ParticipationService   : Request to delete Participation : StudentParticipation{id=682, presentationScore=null, student=User{login='examparticipationtesttutor2', firstName='examparticipationtesttutor2First', lastName='examparticipationtesttutor2Last', email='examparticipationtesttutor2@test.de', imageUrl='null', activated='true', langKey='en', activationKey='null'}}
    23:42:58.559 | 362 ool-1-worker-126 | DEBUG | d.t.c.a.a.e.s.ParticipationService   : Request to delete all results and submissions of participation with id : 682
    23:42:58.563 | 362 ool-1-worker-126 | DEBUG | d.t.c.a.a.a.service.ResultService    : Delete result 151
    23:42:58.563 | 362 ool-1-worker-126 | DEBUG | d.t.c.a.a.a.service.ResultService    : Delete result references 151
    23:42:58.569 | 362 ool-1-worker-126 | DEBUG | d.t.c.a.a.a.service.ResultService    : Delete result 152
    23:42:58.569 | 362 ool-1-worker-126 | DEBUG | d.t.c.a.a.a.service.ResultService    : Delete result references 152
    23:42:58.580 | 362 ool-1-worker-126 | INFO  | d.t.c.a.a.e.s.ParticipationService   : Request to delete Participation : StudentParticipation{id=683, presentationScore=null, student=User{login='examparticipationteststudent2', firstName='examparticipationteststudent2First', lastName='examparticipationteststudent2Last', email='examparticipationteststudent2@test.de', imageUrl='null', activated='true', langKey='en', activationKey='null'}}
    23:42:58.581 | 362 ool-1-worker-126 | DEBUG | d.t.c.a.a.e.s.ParticipationService   : Request to delete all results and submissions of participation with id : 683
    23:42:58.583 | 362 ool-1-worker-126 | DEBUG | d.t.c.a.a.a.service.ResultService    : Delete result 153
    23:42:58.583 | 362 ool-1-worker-126 | DEBUG | d.t.c.a.a.a.service.ResultService    : Delete result references 153
    23:42:58.591 | 362 ool-1-worker-126 | DEBUG | d.t.c.a.a.a.service.ResultService    : Delete result 154
    23:42:58.591 | 362 ool-1-worker-126 | DEBUG | d.t.c.a.a.a.service.ResultService    : Delete result references 154
    23:42:58.631 | 362 ool-1-worker-126 | INFO  | .c.a.a.c.s.TitleCacheEvictionService : Evicted entry '614' from title cache 'exerciseTitle'
    23:42:58.632 | 362 ool-1-worker-126 | INFO  | .t.c.a.a.e.s.ExerciseDeletionService : Request to delete FileUploadExercise with id 615
    23:42:58.633 | 362 ool-1-worker-126 | INFO  | .t.c.a.a.e.s.ExerciseDeletionService : Deleting the channel took 425µs
    23:42:58.638 | 362 ool-1-worker-126 | INFO  | d.t.c.a.a.e.s.ParticipationService   : Request to delete all 3 participations of exercise with id : 615
    23:42:58.642 | 362 ool-1-worker-126 | INFO  | d.t.c.a.a.e.s.ParticipationService   : Request to delete Participation : StudentParticipation{id=684, presentationScore=null, student=User{login='examparticipationteststudent3', firstName='examparticipationteststudent3First', lastName='examparticipationteststudent3Last', email='examparticipationteststudent3@test.de', imageUrl='null', activated='true', langKey='en', activationKey='null'}}
    23:42:58.642 | 362 ool-1-worker-126 | DEBUG | d.t.c.a.a.e.s.ParticipationService   : Request to delete all results and submissions of participation with id : 684
    23:42:58.644 | 362 ool-1-worker-126 | DEBUG | d.t.c.a.a.a.service.ResultService    : Delete result 155
    23:42:58.644 | 362 ool-1-worker-126 | DEBUG | d.t.c.a.a.a.service.ResultService    : Delete result references 155
    23:42:58.649 | 362 ool-1-worker-126 | DEBUG | d.t.c.a.a.a.service.ResultService    : Delete result 156
    23:42:58.649 | 362 ool-1-worker-126 | DEBUG | d.t.c.a.a.a.service.ResultService    : Delete result references 156
    23:42:58.660 | 362 ool-1-worker-126 | INFO  | d.t.c.a.a.e.s.ParticipationService   : Request to delete Participation : StudentParticipation{id=685, presentationScore=null, student=User{login='examparticipationteststudent1', firstName='examparticipationteststudent1First', lastName='examparticipationteststudent1Last', email='examparticipationteststudent1@test.de', imageUrl='null', activated='true', langKey='en', activationKey='null'}}
    23:42:58.660 | 362 ool-1-worker-126 | DEBUG | d.t.c.a.a.e.s.ParticipationService   : Request to delete all results and submissions of participation with id : 685
    23:42:58.661 | 362 ool-1-worker-126 | DEBUG | d.t.c.a.a.a.service.ResultService    : Delete result 157
    23:42:58.661 | 362 ool-1-worker-126 | DEBUG | d.t.c.a.a.a.service.ResultService    : Delete result references 157
    23:42:58.670 | 362 ool-1-worker-126 | DEBUG | d.t.c.a.a.a.service.ResultService    : Delete result 158
    23:42:58.670 | 362 ool-1-worker-126 | DEBUG | d.t.c.a.a.a.service.ResultService    : Delete result references 158
    23:42:58.686 | 362 ool-1-worker-126 | INFO  | d.t.c.a.a.e.s.ParticipationService   : Request to delete Participation : StudentParticipation{id=686, presentationScore=null, student=User{login='examparticipationtesttutor1', firstName='examparticipationtesttutor1First', lastName='examparticipationtesttutor1Last', email='examparticipationtesttutor1@test.de', imageUrl='null', activated='true', langKey='en', activationKey='null'}}
    23:42:58.686 | 362 ool-1-worker-126 | DEBUG | d.t.c.a.a.e.s.ParticipationService   : Request to delete all results and submissions of participation with id : 686
    23:42:58.687 | 362 ool-1-worker-126 | DEBUG | d.t.c.a.a.a.service.ResultService    : Delete result 160
    23:42:58.687 | 362 ool-1-worker-126 | DEBUG | d.t.c.a.a.a.service.ResultService    : Delete result references 160
    23:42:58.690 | 362 ool-1-worker-126 | DEBUG | d.t.c.a.a.a.service.ResultService    : Delete result 159
    23:42:58.690 | 362 ool-1-worker-126 | DEBUG | d.t.c.a.a.a.service.ResultService    : Delete result references 159
    23:42:58.716 | 362 ool-1-worker-126 | INFO  | .c.a.a.c.s.TitleCacheEvictionService : Evicted entry '615' from title cache 'exerciseTitle'
    23:42:58.717 | 362 ool-1-worker-126 | INFO  | .t.c.a.a.e.s.ExerciseDeletionService : Request to delete ModelingExercise with id 616
    23:42:58.718 | 362 ool-1-worker-126 | INFO  | .t.c.a.a.e.s.ExerciseDeletionService : Deleting the channel took 428µs
    23:42:58.718 | 362 ool-1-worker-126 | INFO  | .t.c.a.a.e.s.ExerciseDeletionService : Deleting clusters, elements and cancel scheduled operations of exercise 616
    23:42:58.718 | 362 ool-1-worker-126 | INFO  | .c.s.m.InstanceMessageReceiveService : Received schedule cancel for modeling exercise 616
    23:42:58.720 | 362 ool-1-worker-126 | INFO  | d.t.c.a.a.e.s.ParticipationService   : Request to delete all 2 participations of exercise with id : 616
    23:42:58.721 | 362 ool-1-worker-126 | INFO  | d.t.c.a.a.e.s.ParticipationService   : Request to delete Participation : StudentParticipation{id=687, presentationScore=null, student=User{login='examparticipationtesttutor2', firstName='examparticipationtesttutor2First', lastName='examparticipationtesttutor2Last', email='examparticipationtesttutor2@test.de', imageUrl='null', activated='true', langKey='en', activationKey='null'}}
    23:42:58.721 | 362 ool-1-worker-126 | DEBUG | d.t.c.a.a.e.s.ParticipationService   : Request to delete all results and submissions of participation with id : 687
    23:42:58.723 | 362 ool-1-worker-126 | DEBUG | d.t.c.a.a.a.service.ResultService    : Delete result 163
    23:42:58.723 | 362 ool-1-worker-126 | DEBUG | d.t.c.a.a.a.service.ResultService    : Delete result references 163
    23:42:58.725 | 362 ool-1-worker-126 | DEBUG | d.t.c.a.a.a.service.ResultService    : Delete result 164
    23:42:58.725 | 362 ool-1-worker-126 | DEBUG | d.t.c.a.a.a.service.ResultService    : Delete result references 164
    23:42:58.730 | 362 ool-1-worker-126 | INFO  | d.t.c.a.a.e.s.ParticipationService   : Request to delete Participation : StudentParticipation{id=689, presentationScore=null, student=User{login='examparticipationteststudent2', firstName='examparticipationteststudent2First', lastName='examparticipationteststudent2Last', email='examparticipationteststudent2@test.de', imageUrl='null', activated='true', langKey='en', activationKey='null'}}
    23:42:58.730 | 362 ool-1-worker-126 | DEBUG | d.t.c.a.a.e.s.ParticipationService   : Request to delete all results and submissions of participation with id : 689
    23:42:58.732 | 362 ool-1-worker-126 | DEBUG | d.t.c.a.a.a.service.ResultService    : Delete result 161
    23:42:58.732 | 362 ool-1-worker-126 | DEBUG | d.t.c.a.a.a.service.ResultService    : Delete result references 161
    23:42:58.734 | 362 ool-1-worker-126 | DEBUG | d.t.c.a.a.a.service.ResultService    : Delete result 162
    23:42:58.734 | 362 ool-1-worker-126 | DEBUG | d.t.c.a.a.a.service.ResultService    : Delete result references 162
    23:42:58.751 | 362 ool-1-worker-126 | INFO  | .c.a.a.c.s.TitleCacheEvictionService : Evicted entry '616' from title cache 'exerciseTitle'
    23:42:58.753 | 362 ool-1-worker-126 | INFO  | .t.c.a.a.e.s.ExerciseDeletionService : Request to delete ModelingExercise with id 617
    23:42:58.753 | 362 ool-1-worker-126 | INFO  | .t.c.a.a.e.s.ExerciseDeletionService : Deleting the channel took 362µs
    23:42:58.753 | 362 ool-1-worker-126 | INFO  | .t.c.a.a.e.s.ExerciseDeletionService : Deleting clusters, elements and cancel scheduled operations of exercise 617
    23:42:58.754 | 362 ool-1-worker-126 | INFO  | .c.s.m.InstanceMessageReceiveService : Received schedule cancel for modeling exercise 617
    23:42:58.756 | 362 ool-1-worker-126 | INFO  | d.t.c.a.a.e.s.ParticipationService   : Request to delete all 3 participations of exercise with id : 617
    23:42:58.757 | 362 ool-1-worker-126 | INFO  | d.t.c.a.a.e.s.ParticipationService   : Request to delete Participation : StudentParticipation{id=688, presentationScore=null, student=User{login='examparticipationtesttutor1', firstName='examparticipationtesttutor1First', lastName='examparticipationtesttutor1Last', email='examparticipationtesttutor1@test.de', imageUrl='null', activated='true', langKey='en', activationKey='null'}}
    23:42:58.757 | 362 ool-1-worker-126 | DEBUG | d.t.c.a.a.e.s.ParticipationService   : Request to delete all results and submissions of participation with id : 688
    23:42:58.759 | 362 ool-1-worker-126 | DEBUG | d.t.c.a.a.a.service.ResultService    : Delete result 165
    23:42:58.759 | 362 ool-1-worker-126 | DEBUG | d.t.c.a.a.a.service.ResultService    : Delete result references 165
    23:42:58.762 | 362 ool-1-worker-126 | DEBUG | d.t.c.a.a.a.service.ResultService    : Delete result 166
    23:42:58.762 | 362 ool-1-worker-126 | DEBUG | d.t.c.a.a.a.service.ResultService    : Delete result references 166
    23:42:58.768 | 362 ool-1-worker-126 | INFO  | d.t.c.a.a.e.s.ParticipationService   : Request to delete Participation : StudentParticipation{id=690, presentationScore=null, student=User{login='examparticipationteststudent1', firstName='examparticipationteststudent1First', lastName='examparticipationteststudent1Last', email='examparticipationteststudent1@test.de', imageUrl='null', activated='true', langKey='en', activationKey='null'}}
    23:42:58.768 | 362 ool-1-worker-126 | DEBUG | d.t.c.a.a.e.s.ParticipationService   : Request to delete all results and submissions of participation with id : 690
    23:42:58.769 | 362 ool-1-worker-126 | DEBUG | d.t.c.a.a.a.service.ResultService    : Delete result 167
    23:42:58.769 | 362 ool-1-worker-126 | DEBUG | d.t.c.a.a.a.service.ResultService    : Delete result references 167
    23:42:58.771 | 362 ool-1-worker-126 | DEBUG | d.t.c.a.a.a.service.ResultService    : Delete result 168
    23:42:58.771 | 362 ool-1-worker-126 | DEBUG | d.t.c.a.a.a.service.ResultService    : Delete result references 168
    23:42:58.778 | 362 ool-1-worker-126 | INFO  | d.t.c.a.a.e.s.ParticipationService   : Request to delete Participation : StudentParticipation{id=691, presentationScore=null, student=User{login='examparticipationteststudent3', firstName='examparticipationteststudent3First', lastName='examparticipationteststudent3Last', email='examparticipationteststudent3@test.de', imageUrl='null', activated='true', langKey='en', activationKey='null'}}
    23:42:58.778 | 362 ool-1-worker-126 | DEBUG | d.t.c.a.a.e.s.ParticipationService   : Request to delete all results and submissions of participation with id : 691
    23:42:58.779 | 362 ool-1-worker-126 | DEBUG | d.t.c.a.a.a.service.ResultService    : Delete result 169
    23:42:58.779 | 362 ool-1-worker-126 | DEBUG | d.t.c.a.a.a.service.ResultService    : Delete result references 169
    23:42:58.781 | 362 ool-1-worker-126 | DEBUG | d.t.c.a.a.a.service.ResultService    : Delete result 170
    23:42:58.781 | 362 ool-1-worker-126 | DEBUG | d.t.c.a.a.a.service.ResultService    : Delete result references 170
    23:42:58.800 | 362 ool-1-worker-126 | INFO  | .c.a.a.c.s.TitleCacheEvictionService : Evicted entry '617' from title cache 'exerciseTitle'
    23:42:58.802 | 362 ool-1-worker-126 | INFO  | .t.c.a.a.e.s.ExerciseDeletionService : Request to delete TextExercise with id 618
    23:42:58.802 | 362 ool-1-worker-126 | INFO  | .t.c.a.a.e.s.ExerciseDeletionService : Deleting the channel took 373µs
    23:42:58.802 | 362 ool-1-worker-126 | INFO  | .t.c.a.a.e.s.ExerciseDeletionService : Cancel scheduled operations of exercise 618
    23:42:58.802 | 362 ool-1-worker-126 | INFO  | .c.s.m.InstanceMessageReceiveService : Received schedule cancel for potential Athena exercise 618
    23:42:58.804 | 362 ool-1-worker-126 | INFO  | d.t.c.a.a.e.s.ParticipationService   : Request to delete all 5 participations of exercise with id : 618
    23:42:58.806 | 362 ool-1-worker-126 | INFO  | d.t.c.a.a.e.s.ParticipationService   : Request to delete Participation : StudentParticipation{id=692, presentationScore=null, student=User{login='examparticipationtesttutor2', firstName='examparticipationtesttutor2First', lastName='examparticipationtesttutor2Last', email='examparticipationtesttutor2@test.de', imageUrl='null', activated='true', langKey='en', activationKey='null'}}
    23:42:58.806 | 362 ool-1-worker-126 | DEBUG | d.t.c.a.a.e.s.ParticipationService   : Request to delete all results and submissions of participation with id : 692
    23:42:58.807 | 362 ool-1-worker-126 | DEBUG | d.t.c.a.a.a.service.ResultService    : Delete result 171
    23:42:58.807 | 362 ool-1-worker-126 | DEBUG | d.t.c.a.a.a.service.ResultService    : Delete result references 171
    23:42:58.809 | 362 ool-1-worker-126 | DEBUG | d.t.c.a.a.a.service.ResultService    : Delete result 172
    23:42:58.809 | 362 ool-1-worker-126 | DEBUG | d.t.c.a.a.a.service.ResultService    : Delete result references 172
    23:42:58.815 | 362 ool-1-worker-126 | INFO  | d.t.c.a.a.e.s.ParticipationService   : Request to delete Participation : StudentParticipation{id=693, presentationScore=null, student=User{login='examparticipationteststudent2', firstName='examparticipationteststudent2First', lastName='examparticipationteststudent2Last', email='examparticipationteststudent2@test.de', imageUrl='null', activated='true', langKey='en', activationKey='null'}}
    23:42:58.815 | 362 ool-1-worker-126 | DEBUG | d.t.c.a.a.e.s.ParticipationService   : Request to delete all results and submissions of participation with id : 693
    23:42:58.816 | 362 ool-1-worker-126 | DEBUG | d.t.c.a.a.a.service.ResultService    : Delete result 173
    23:42:58.816 | 362 ool-1-worker-126 | DEBUG | d.t.c.a.a.a.service.ResultService    : Delete result references 173
    23:42:58.818 | 362 ool-1-worker-126 | DEBUG | d.t.c.a.a.a.service.ResultService    : Delete result 174
    23:42:58.818 | 362 ool-1-worker-126 | DEBUG | d.t.c.a.a.a.service.ResultService    : Delete result references 174
    23:42:58.824 | 362 ool-1-worker-126 | INFO  | d.t.c.a.a.e.s.ParticipationService   : Request to delete Participation : StudentParticipation{id=694, presentationScore=null, student=User{login='examparticipationteststudent3', firstName='examparticipationteststudent3First', lastName='examparticipationteststudent3Last', email='examparticipationteststudent3@test.de', imageUrl='null', activated='true', langKey='en', activationKey='null'}}
    23:42:58.824 | 362 ool-1-worker-126 | DEBUG | d.t.c.a.a.e.s.ParticipationService   : Request to delete all results and submissions of participation with id : 694
    23:42:58.825 | 362 ool-1-worker-126 | DEBUG | d.t.c.a.a.a.service.ResultService    : Delete result 176
    23:42:58.825 | 362 ool-1-worker-126 | DEBUG | d.t.c.a.a.a.service.ResultService    : Delete result references 176
    23:42:58.827 | 362 ool-1-worker-126 | DEBUG | d.t.c.a.a.a.service.ResultService    : Delete result 175
    23:42:58.827 | 362 ool-1-worker-126 | DEBUG | d.t.c.a.a.a.service.ResultService    : Delete result references 175
    23:42:58.835 | 362 ool-1-worker-126 | INFO  | d.t.c.a.a.e.s.ParticipationService   : Request to delete Participation : StudentParticipation{id=695, presentationScore=null, student=User{login='examparticipationtesttutor1', firstName='examparticipationtesttutor1First', lastName='examparticipationtesttutor1Last', email='examparticipationtesttutor1@test.de', imageUrl='null', activated='true', langKey='en', activationKey='null'}}
    23:42:58.835 | 362 ool-1-worker-126 | DEBUG | d.t.c.a.a.e.s.ParticipationService   : Request to delete all results and submissions of participation with id : 695
    23:42:58.836 | 362 ool-1-worker-126 | DEBUG | d.t.c.a.a.a.service.ResultService    : Delete result 177
    23:42:58.836 | 362 ool-1-worker-126 | DEBUG | d.t.c.a.a.a.service.ResultService    : Delete result references 177
    23:42:58.839 | 362 ool-1-worker-126 | DEBUG | d.t.c.a.a.a.service.ResultService    : Delete result 178
    23:42:58.839 | 362 ool-1-worker-126 | DEBUG | d.t.c.a.a.a.service.ResultService    : Delete result references 178
    23:42:58.844 | 362 ool-1-worker-126 | INFO  | d.t.c.a.a.e.s.ParticipationService   : Request to delete Participation : StudentParticipation{id=696, presentationScore=null, student=User{login='examparticipationteststudent1', firstName='examparticipationteststudent1First', lastName='examparticipationteststudent1Last', email='examparticipationteststudent1@test.de', imageUrl='null', activated='true', langKey='en', activationKey='null'}}
    23:42:58.844 | 362 ool-1-worker-126 | DEBUG | d.t.c.a.a.e.s.ParticipationService   : Request to delete all results and submissions of participation with id : 696
    23:42:58.845 | 362 ool-1-worker-126 | DEBUG | d.t.c.a.a.a.service.ResultService    : Delete result 179
    23:42:58.845 | 362 ool-1-worker-126 | DEBUG | d.t.c.a.a.a.service.ResultService    : Delete result references 179
    23:42:58.847 | 362 ool-1-worker-126 | DEBUG | d.t.c.a.a.a.service.ResultService    : Delete result 180
    23:42:58.847 | 362 ool-1-worker-126 | DEBUG | d.t.c.a.a.a.service.ResultService    : Delete result references 180
    23:42:58.868 | 362 ool-1-worker-126 | INFO  | .c.a.a.c.s.TitleCacheEvictionService : Evicted entry '618' from title cache 'exerciseTitle'
    23:42:58.869 | 362 ool-1-worker-126 | INFO  | .t.c.a.a.e.s.ExerciseDeletionService : Request to delete TextExercise with id 619
    23:42:58.870 | 362 ool-1-worker-126 | INFO  | .t.c.a.a.e.s.ExerciseDeletionService : Deleting the channel took 398µs
    23:42:58.870 | 362 ool-1-worker-126 | INFO  | .t.c.a.a.e.s.ExerciseDeletionService : Cancel scheduled operations of exercise 619
    23:42:58.870 | 362 ool-1-worker-126 | INFO  | .c.s.m.InstanceMessageReceiveService : Received schedule cancel for potential Athena exercise 619
    23:42:58.872 | 362 ool-1-worker-126 | INFO  | d.t.c.a.a.e.s.ParticipationService   : Request to delete all 5 participations of exercise with id : 619
    23:42:58.873 | 362 ool-1-worker-126 | INFO  | d.t.c.a.a.e.s.ParticipationService   : Request to delete Participation : StudentParticipation{id=697, presentationScore=null, student=User{login='examparticipationteststudent2', firstName='examparticipationteststudent2First', lastName='examparticipationteststudent2Last', email='examparticipationteststudent2@test.de', imageUrl='null', activated='true', langKey='en', activationKey='null'}}
    23:42:58.873 | 362 ool-1-worker-126 | DEBUG | d.t.c.a.a.e.s.ParticipationService   : Request to delete all results and submissions of participation with id : 697
    23:42:58.874 | 362 ool-1-worker-126 | DEBUG | d.t.c.a.a.a.service.ResultService    : Delete result 181
    23:42:58.874 | 362 ool-1-worker-126 | DEBUG | d.t.c.a.a.a.service.ResultService    : Delete result references 181
    23:42:58.879 | 362 ool-1-worker-126 | DEBUG | d.t.c.a.a.a.service.ResultService    : Delete result 182
    23:42:58.879 | 362 ool-1-worker-126 | DEBUG | d.t.c.a.a.a.service.ResultService    : Delete result references 182
    23:42:58.884 | 362 ool-1-worker-126 | INFO  | d.t.c.a.a.e.s.ParticipationService   : Request to delete Participation : StudentParticipation{id=698, presentationScore=null, student=User{login='examparticipationteststudent1', firstName='examparticipationteststudent1First', lastName='examparticipationteststudent1Last', email='examparticipationteststudent1@test.de', imageUrl='null', activated='true', langKey='en', activationKey='null'}}
    23:42:58.884 | 362 ool-1-worker-126 | DEBUG | d.t.c.a.a.e.s.ParticipationService   : Request to delete all results and submissions of participation with id : 698
    23:42:58.885 | 362 ool-1-worker-126 | DEBUG | d.t.c.a.a.a.service.ResultService    : Delete result 183
    23:42:58.885 | 362 ool-1-worker-126 | DEBUG | d.t.c.a.a.a.service.ResultService    : Delete result references 183
    23:42:58.887 | 362 ool-1-worker-126 | DEBUG | d.t.c.a.a.a.service.ResultService    : Delete result 184
    23:42:58.887 | 362 ool-1-worker-126 | DEBUG | d.t.c.a.a.a.service.ResultService    : Delete result references 184
    23:42:58.899 | 362 ool-1-worker-126 | INFO  | d.t.c.a.a.e.s.ParticipationService   : Request to delete Participation : StudentParticipation{id=699, presentationScore=null, student=User{login='examparticipationteststudent3', firstName='examparticipationteststudent3First', lastName='examparticipationteststudent3Last', email='examparticipationteststudent3@test.de', imageUrl='null', activated='true', langKey='en', activationKey='null'}}
    23:42:58.899 | 362 ool-1-worker-126 | DEBUG | d.t.c.a.a.e.s.ParticipationService   : Request to delete all results and submissions of participation with id : 699
    23:42:58.900 | 362 ool-1-worker-126 | DEBUG | d.t.c.a.a.a.service.ResultService    : Delete result 185
    23:42:58.900 | 362 ool-1-worker-126 | DEBUG | d.t.c.a.a.a.service.ResultService    : Delete result references 185
    23:42:58.904 | 362 ool-1-worker-126 | DEBUG | d.t.c.a.a.a.service.ResultService    : Delete result 186
    23:42:58.904 | 362 ool-1-worker-126 | DEBUG | d.t.c.a.a.a.service.ResultService    : Delete result references 186
    23:42:58.910 | 362 ool-1-worker-126 | INFO  | d.t.c.a.a.e.s.ParticipationService   : Request to delete Participation : StudentParticipation{id=700, presentationScore=null, student=User{login='examparticipationtesttutor2', firstName='examparticipationtesttutor2First', lastName='examparticipationtesttutor2Last', email='examparticipationtesttutor2@test.de', imageUrl='null', activated='true', langKey='en', activationKey='null'}}
    23:42:58.910 | 362 ool-1-worker-126 | DEBUG | d.t.c.a.a.e.s.ParticipationService   : Request to delete all results and submissions of participation with id : 700
    23:42:58.911 | 362 ool-1-worker-126 | DEBUG | d.t.c.a.a.a.service.ResultService    : Delete result 187
    23:42:58.911 | 362 ool-1-worker-126 | DEBUG | d.t.c.a.a.a.service.ResultService    : Delete result references 187
    23:42:58.913 | 362 ool-1-worker-126 | DEBUG | d.t.c.a.a.a.service.ResultService    : Delete result 188
    23:42:58.913 | 362 ool-1-worker-126 | DEBUG | d.t.c.a.a.a.service.ResultService    : Delete result references 188
    23:42:58.925 | 362 ool-1-worker-126 | INFO  | d.t.c.a.a.e.s.ParticipationService   : Request to delete Participation : StudentParticipation{id=701, presentationScore=null, student=User{login='examparticipationtesttutor1', firstName='examparticipationtesttutor1First', lastName='examparticipationtesttutor1Last', email='examparticipationtesttutor1@test.de', imageUrl='null', activated='true', langKey='en', activationKey='null'}}
    23:42:58.925 | 362 ool-1-worker-126 | DEBUG | d.t.c.a.a.e.s.ParticipationService   : Request to delete all results and submissions of participation with id : 701
    23:42:58.926 | 362 ool-1-worker-126 | DEBUG | d.t.c.a.a.a.service.ResultService    : Delete result 189
    23:42:58.926 | 362 ool-1-worker-126 | DEBUG | d.t.c.a.a.a.service.ResultService    : Delete result references 189
    23:42:58.932 | 362 ool-1-worker-126 | DEBUG | d.t.c.a.a.a.service.ResultService    : Delete result 190
    23:42:58.932 | 362 ool-1-worker-126 | DEBUG | d.t.c.a.a.a.service.ResultService    : Delete result references 190
    23:42:58.968 | 362 ool-1-worker-126 | INFO  | .c.a.a.c.s.TitleCacheEvictionService : Evicted entry '619' from title cache 'exerciseTitle'
    23:42:58.970 | 362 ool-1-worker-126 | INFO  | .t.c.a.a.e.s.ExerciseDeletionService : Request to delete ProgrammingExercise with id 620
    23:42:58.970 | 362 ool-1-worker-126 | INFO  | .t.c.a.a.e.s.ExerciseDeletionService : Deleting the channel took 388µs
    23:42:58.972 | 362 ool-1-worker-126 | INFO  | d.t.c.a.a.e.s.ParticipationService   : Request to delete all 5 participations of exercise with id : 620
    23:42:58.974 | 362 ool-1-worker-126 | INFO  | d.t.c.a.a.e.s.ParticipationService   : Request to delete Participation : ProgrammingExerciseStudentParticipation{id=702, repositoryUri='file:/tmp/studentOriginRepo14731338103386272682/', buildPlanId='SHORTA309E14E00F32040E40A17A07EB7860F2D04TE9C-EXAMPARTICIPATIONTESTTUTOR1', initializationState='INITIALIZED', initializationDate='2025-02-14T23:42:56.429329Z', individualDueDate=null', presentationScore=null}
    23:42:58.976 | 362 ool-1-worker-126 | WARN  | org.eclipse.jgit.lib.Repository      : close() called when useCnt is already zero for Repository[repos/server-integration-test/studentOriginRepo14731338103386272682/.git]
    23:42:58.978 | 362 ool-1-worker-126 | DEBUG | d.t.c.a.a.p.s.AbstractGitService     : Deleted Repository at repos/server-integration-test/studentOriginRepo14731338103386272682
    23:42:58.978 | 362 ool-1-worker-126 | DEBUG | d.t.c.a.a.e.s.ParticipationService   : Request to delete all results and submissions of participation with id : 702
    23:42:58.980 | 362 ool-1-worker-126 | DEBUG | d.t.c.a.a.a.service.ResultService    : Delete result 197
    23:42:58.980 | 362 ool-1-worker-126 | DEBUG | d.t.c.a.a.a.service.ResultService    : Delete result references 197
    23:42:58.983 | 362 ool-1-worker-126 | DEBUG | d.t.c.a.a.a.service.ResultService    : Delete result 198
    23:42:58.983 | 362 ool-1-worker-126 | DEBUG | d.t.c.a.a.a.service.ResultService    : Delete result references 198
    23:42:58.991 | 362 ool-1-worker-126 | INFO  | d.t.c.a.a.e.s.ParticipationService   : Request to delete Participation : ProgrammingExerciseStudentParticipation{id=703, repositoryUri='file:/tmp/studentOriginRepo7302915100718221842/', buildPlanId='SHORTA309E14E00F32040E40A17A07EB7860F2D04TE9C-EXAMPARTICIPATIONTESTSTUDENT1', initializationState='INITIALIZED', initializationDate='2025-02-14T23:42:56.433123Z', individualDueDate=null', presentationScore=null}
    23:42:58.992 | 362 ool-1-worker-126 | WARN  | org.eclipse.jgit.lib.Repository      : close() called when useCnt is already zero for Repository[repos/server-integration-test/studentOriginRepo7302915100718221842/.git]
    23:42:58.994 | 362 ool-1-worker-126 | DEBUG | d.t.c.a.a.p.s.AbstractGitService     : Deleted Repository at repos/server-integration-test/studentOriginRepo7302915100718221842
    23:42:58.994 | 362 ool-1-worker-126 | DEBUG | d.t.c.a.a.e.s.ParticipationService   : Request to delete all results and submissions of participation with id : 703
    23:42:58.996 | 362 ool-1-worker-126 | DEBUG | d.t.c.a.a.a.service.ResultService    : Delete result 199
    23:42:58.996 | 362 ool-1-worker-126 | DEBUG | d.t.c.a.a.a.service.ResultService    : Delete result references 199
    23:42:58.999 | 362 ool-1-worker-126 | DEBUG | d.t.c.a.a.a.service.ResultService    : Delete result 200
    23:42:58.999 | 362 ool-1-worker-126 | DEBUG | d.t.c.a.a.a.service.ResultService    : Delete result references 200
    23:42:59.011 | 362 ool-1-worker-126 | INFO  | d.t.c.a.a.e.s.ParticipationService   : Request to delete Participation : ProgrammingExerciseStudentParticipation{id=704, repositoryUri='file:/tmp/studentOriginRepo8669950460913299254/', buildPlanId='SHORTA309E14E00F32040E40A17A07EB7860F2D04TE9C-EXAMPARTICIPATIONTESTSTUDENT2', initializationState='INITIALIZED', initializationDate='2025-02-14T23:42:56.443800Z', individualDueDate=null', presentationScore=null}
    23:42:59.012 | 362 ool-1-worker-126 | WARN  | org.eclipse.jgit.lib.Repository      : close() called when useCnt is already zero for Repository[repos/server-integration-test/studentOriginRepo8669950460913299254/.git]
    23:42:59.013 | 362 ool-1-worker-126 | DEBUG | d.t.c.a.a.p.s.AbstractGitService     : Deleted Repository at repos/server-integration-test/studentOriginRepo8669950460913299254
    23:42:59.014 | 362 ool-1-worker-126 | DEBUG | d.t.c.a.a.e.s.ParticipationService   : Request to delete all results and submissions of participation with id : 704
    23:42:59.016 | 362 ool-1-worker-126 | DEBUG | d.t.c.a.a.a.service.ResultService    : Delete result 192
    23:42:59.016 | 362 ool-1-worker-126 | DEBUG | d.t.c.a.a.a.service.ResultService    : Delete result references 192
    23:42:59.019 | 362 ool-1-worker-126 | DEBUG | d.t.c.a.a.a.service.ResultService    : Delete result 191
    23:42:59.019 | 362 ool-1-worker-126 | DEBUG | d.t.c.a.a.a.service.ResultService    : Delete result references 191
    23:42:59.028 | 362 ool-1-worker-126 | INFO  | d.t.c.a.a.e.s.ParticipationService   : Request to delete Participation : ProgrammingExerciseStudentParticipation{id=705, repositoryUri='file:/tmp/studentOriginRepo14527063697196268207/', buildPlanId='SHORTA309E14E00F32040E40A17A07EB7860F2D04TE9C-EXAMPARTICIPATIONTESTSTUDENT3', initializationState='INITIALIZED', initializationDate='2025-02-14T23:42:56.440590Z', individualDueDate=null', presentationScore=null}
    23:42:59.032 | 362 ool-1-worker-126 | WARN  | org.eclipse.jgit.lib.Repository      : close() called when useCnt is already zero for Repository[repos/server-integration-test/studentOriginRepo14527063697196268207/.git]
    23:42:59.034 | 362 ool-1-worker-126 | DEBUG | d.t.c.a.a.p.s.AbstractGitService     : Deleted Repository at repos/server-integration-test/studentOriginRepo14527063697196268207
    23:42:59.034 | 362 ool-1-worker-126 | DEBUG | d.t.c.a.a.e.s.ParticipationService   : Request to delete all results and submissions of participation with id : 705
    23:42:59.040 | 362 ool-1-worker-126 | DEBUG | d.t.c.a.a.a.service.ResultService    : Delete result 193
    23:42:59.040 | 362 ool-1-worker-126 | DEBUG | d.t.c.a.a.a.service.ResultService    : Delete result references 193
    23:42:59.045 | 362 ool-1-worker-126 | DEBUG | d.t.c.a.a.a.service.ResultService    : Delete result 194
    23:42:59.045 | 362 ool-1-worker-126 | DEBUG | d.t.c.a.a.a.service.ResultService    : Delete result references 194
    23:42:59.047 | 566 localvc.event-13 | DEBUG | a.a.b.s.SharedQueueProcessingService : Build job completed: BuildJobQueueItem[id=4741739576577297, name=SHORT88A9A223023E2047B709E4A029FA08BCF2CFTSTEXC-LOCALCIINTSTUDENT1, buildAgent=BuildAgentDTO[name=artemis-build-agent-test, memberAddress=[127.0.0.1]:5703, displayName=artemis-build-agent-test], participationId=474, courseId=151, exerciseId=302, retryCount=0, priority=2, status=null, repositoryInfo=RepositoryInfo[repositoryName=short88a9a223023e2047b709e4a029fa08bcf2cftstexc-localciintstudent1, repositoryType=user, triggeredByPushTo=user, assignmentRepositoryUri=http://localhost:49152/git/SHORT88A9A223023E2047B709E4A029FA08BCF2CFTSTEXC/short88a9a223023e2047b709e4a029fa08bcf2cftstexc-localciintstudent1.git, testRepositoryUri=http://localhost:49152/git/SHORT88A9A223023E2047B709E4A029FA08BCF2CFTSTEXC/short88a9a223023e2047b709e4a029fa08bcf2cftstexc-tests.git, solutionRepositoryUri=null, auxiliaryRepositoryUris=[Ljava.lang.String;@2edf7232, auxiliaryRepositoryCheckoutDirectories=[Ljava.lang.String;@13761e6d], jobTimingInfo=JobTimingInfo[submissionDate=2025-02-14T23:42:57.297342281Z[Etc/UTC], buildStartDate=2025-02-14T23:42:57.308570327Z[Etc/UTC], buildCompletionDate=null, estimatedCompletionDate=2025-02-14T23:43:16.308558064Z[Etc/UTC], estimatedDuration=19], buildConfig=BuildConfig[buildScript=#!/bin/bash
cd /var/tmp/testing-dir
chmod +x ./gradlew
./gradlew clean test
, dockerImage=dummy-docker-image:latest, commitHashToBuild=736cbea1e46d6849b41266b2bf1cccd3b9ea55b1, assignmentCommitHash=736cbea1e46d6849b41266b2bf1cccd3b9ea55b1, testCommitHash=ea6267edd396a304305339b036512b63e0374c66, branch=main, programmingLanguage=JAVA, projectType=PLAIN_GRADLE, scaEnabled=false, sequentialTestRunsEnabled=false, resultPaths=[/var/tmp/testing-dir/**/test-results/test/*.xml], timeoutSeconds=0, assignmentCheckoutPath=null, testCheckoutPath=null, solutionCheckoutPath=null, dockerRunConfig=null], submissionResult=null]
    23:42:59.055 | 564 localvc.event-11 | DEBUG | a.p.s.l.LocalCIQueueWebsocketService : CIBuildJobQueueItem removed from processing jobs: BuildJobQueueItem[id=4741739576577297, name=SHORT88A9A223023E2047B709E4A029FA08BCF2CFTSTEXC-LOCALCIINTSTUDENT1, buildAgent=BuildAgentDTO[name=artemis-build-agent-test, memberAddress=[127.0.0.1]:5703, displayName=artemis-build-agent-test], participationId=474, courseId=151, exerciseId=302, retryCount=0, priority=2, status=null, repositoryInfo=RepositoryInfo[repositoryName=short88a9a223023e2047b709e4a029fa08bcf2cftstexc-localciintstudent1, repositoryType=user, triggeredByPushTo=user, assignmentRepositoryUri=http://localhost:49152/git/SHORT88A9A223023E2047B709E4A029FA08BCF2CFTSTEXC/short88a9a223023e2047b709e4a029fa08bcf2cftstexc-localciintstudent1.git, testRepositoryUri=http://localhost:49152/git/SHORT88A9A223023E2047B709E4A029FA08BCF2CFTSTEXC/short88a9a223023e2047b709e4a029fa08bcf2cftstexc-tests.git, solutionRepositoryUri=null, auxiliaryRepositoryUris=[Ljava.lang.String;@67ffc0a6, auxiliaryRepositoryCheckoutDirectories=[Ljava.lang.String;@cd66e14], jobTimingInfo=JobTimingInfo[submissionDate=2025-02-14T23:42:57.297342281Z[Etc/UTC], buildStartDate=2025-02-14T23:42:57.308570327Z[Etc/UTC], buildCompletionDate=null, estimatedCompletionDate=2025-02-14T23:43:16.308558064Z[Etc/UTC], estimatedDuration=19], buildConfig=BuildConfig[buildScript=#!/bin/bash
cd /var/tmp/testing-dir
chmod +x ./gradlew
./gradlew clean test
, dockerImage=dummy-docker-image:latest, commitHashToBuild=736cbea1e46d6849b41266b2bf1cccd3b9ea55b1, assignmentCommitHash=736cbea1e46d6849b41266b2bf1cccd3b9ea55b1, testCommitHash=ea6267edd396a304305339b036512b63e0374c66, branch=main, programmingLanguage=JAVA, projectType=PLAIN_GRADLE, scaEnabled=false, sequentialTestRunsEnabled=false, resultPaths=[/var/tmp/testing-dir/**/test-results/test/*.xml], timeoutSeconds=0, assignmentCheckoutPath=null, testCheckoutPath=null, solutionCheckoutPath=null, dockerRunConfig=null], submissionResult=null]
    23:42:59.055 | 564 localvc.event-11 | DEBUG | s.l.LocalCIWebsocketMessagingService : Sending message on topic /topic/admin/running-jobs: []
    23:42:59.055 | 564 localvc.event-11 | DEBUG | s.l.LocalCIWebsocketMessagingService : Sending message on topic /topic/courses/151/running-jobs: []
    23:42:59.058 | 566 localvc.event-13 | DEBUG | a.a.b.s.SharedQueueProcessingService : Currently processing jobs on this node: 0, active threads in Pool: 0, maximum pool size of thread executor : 1
    23:42:59.058 | 566 localvc.event-13 | DEBUG | s.l.LocalCIWebsocketMessagingService : Sending message on topic /topic/admin/queued-jobs: []
    23:42:59.058 | 566 localvc.event-13 | DEBUG | s.l.LocalCIWebsocketMessagingService : Sending message on topic /topic/courses/151/queued-jobs: []
    23:42:59.059 | 566 localvc.event-13 | DEBUG | a.a.b.s.SharedQueueProcessingService : CIBuildJobQueueItem removed from queue: BuildJobQueueItem[id=4741739576577297, name=SHORT88A9A223023E2047B709E4A029FA08BCF2CFTSTEXC-LOCALCIINTSTUDENT1, buildAgent=BuildAgentDTO[name=null, memberAddress=null, displayName=null], participationId=474, courseId=151, exerciseId=302, retryCount=0, priority=2, status=null, repositoryInfo=RepositoryInfo[repositoryName=short88a9a223023e2047b709e4a029fa08bcf2cftstexc-localciintstudent1, repositoryType=user, triggeredByPushTo=user, assignmentRepositoryUri=http://localhost:49152/git/SHORT88A9A223023E2047B709E4A029FA08BCF2CFTSTEXC/short88a9a223023e2047b709e4a029fa08bcf2cftstexc-localciintstudent1.git, testRepositoryUri=http://localhost:49152/git/SHORT88A9A223023E2047B709E4A029FA08BCF2CFTSTEXC/short88a9a223023e2047b709e4a029fa08bcf2cftstexc-tests.git, solutionRepositoryUri=null, auxiliaryRepositoryUris=[Ljava.lang.String;@5fdee016, auxiliaryRepositoryCheckoutDirectories=[Ljava.lang.String;@73d0660], jobTimingInfo=JobTimingInfo[submissionDate=2025-02-14T23:42:57.297342281Z[Etc/UTC], buildStartDate=null, buildCompletionDate=null, estimatedCompletionDate=null, estimatedDuration=19], buildConfig=BuildConfig[buildScript=#!/bin/bash
cd /var/tmp/testing-dir
chmod +x ./gradlew
./gradlew clean test
, dockerImage=dummy-docker-image:latest, commitHashToBuild=736cbea1e46d6849b41266b2bf1cccd3b9ea55b1, assignmentCommitHash=736cbea1e46d6849b41266b2bf1cccd3b9ea55b1, testCommitHash=ea6267edd396a304305339b036512b63e0374c66, branch=main, programmingLanguage=JAVA, projectType=PLAIN_GRADLE, scaEnabled=false, sequentialTestRunsEnabled=false, resultPaths=[/var/tmp/testing-dir/**/test-results/test/*.xml], timeoutSeconds=0, assignmentCheckoutPath=null, testCheckoutPath=null, solutionCheckoutPath=null, dockerRunConfig=null], submissionResult=null]
    23:42:59.059 | 566 localvc.event-13 | DEBUG | s.l.LocalCIWebsocketMessagingService : Sending message on topic /topic/admin/queued-jobs: []
    23:42:59.059 | 566 localvc.event-13 | DEBUG | s.l.LocalCIWebsocketMessagingService : Sending message on topic /topic/courses/151/queued-jobs: []
    23:42:59.060 | 566 localvc.event-13 | DEBUG | a.p.s.l.LocalCIQueueWebsocketService : Build agent updated: BuildAgentInformation[buildAgent=BuildAgentDTO[name=artemis-build-agent-test, memberAddress=[127.0.0.1]:5703, displayName=artemis-build-agent-test], maxNumberOfConcurrentBuildJobs=1, numberOfCurrentBuildJobs=1, runningBuildJobs=[BuildJobQueueItem[id=4741739576577297, name=SHORT88A9A223023E2047B709E4A029FA08BCF2CFTSTEXC-LOCALCIINTSTUDENT1, buildAgent=BuildAgentDTO[name=artemis-build-agent-test, memberAddress=[127.0.0.1]:5703, displayName=artemis-build-agent-test], participationId=474, courseId=151, exerciseId=302, retryCount=0, priority=2, status=null, repositoryInfo=RepositoryInfo[repositoryName=short88a9a223023e2047b709e4a029fa08bcf2cftstexc-localciintstudent1, repositoryType=user, triggeredByPushTo=user, assignmentRepositoryUri=http://localhost:49152/git/SHORT88A9A223023E2047B709E4A029FA08BCF2CFTSTEXC/short88a9a223023e2047b709e4a029fa08bcf2cftstexc-localciintstudent1.git, testRepositoryUri=http://localhost:49152/git/SHORT88A9A223023E2047B709E4A029FA08BCF2CFTSTEXC/short88a9a223023e2047b709e4a029fa08bcf2cftstexc-tests.git, solutionRepositoryUri=null, auxiliaryRepositoryUris=[Ljava.lang.String;@1920ad7b, auxiliaryRepositoryCheckoutDirectories=[Ljava.lang.String;@76c1a639], jobTimingInfo=JobTimingInfo[submissionDate=2025-02-14T23:42:57.297342281Z[Etc/UTC], buildStartDate=2025-02-14T23:42:57.308570327Z[Etc/UTC], buildCompletionDate=null, estimatedCompletionDate=2025-02-14T23:43:16.308558064Z[Etc/UTC], estimatedDuration=19], buildConfig=BuildConfig[buildScript=#!/bin/bash
cd /var/tmp/testing-dir
chmod +x ./gradlew
./gradlew clean test
, dockerImage=dummy-docker-image:latest, commitHashToBuild=736cbea1e46d6849b41266b2bf1cccd3b9ea55b1, assignmentCommitHash=736cbea1e46d6849b41266b2bf1cccd3b9ea55b1, testCommitHash=ea6267edd396a304305339b036512b63e0374c66, branch=main, programmingLanguage=JAVA, projectType=PLAIN_GRADLE, scaEnabled=false, sequentialTestRunsEnabled=false, resultPaths=[/var/tmp/testing-dir/**/test-results/test/*.xml], timeoutSeconds=0, assignmentCheckoutPath=null, testCheckoutPath=null, solutionCheckoutPath=null, dockerRunConfig=null], submissionResult=null]], status=ACTIVE, recentBuildJobs=[BuildJobQueueItem[id=4621739576562326, name=SHORT43ACF76B02BC1044B80938509D14043FABDETSTEXC-LOCALCIINTSTUDENT1, buildAgent=BuildAgentDTO[name=artemis-build-agent-test, memberAddress=[127.0.0.1]:5703, displayName=artemis-build-agent-test], participationId=462, courseId=147, exerciseId=298, retryCount=0, priority=2, status=SUCCESSFUL, repositoryInfo=RepositoryInfo[repositoryName=short43acf76b02bc1044b80938509d14043fabdetstexc-localciintstudent1, repositoryType=user, triggeredByPushTo=user, assignmentRepositoryUri=http://localhost:49152/git/SHORT43ACF76B02BC1044B80938509D14043FABDETSTEXC/short43acf76b02bc1044b80938509d14043fabdetstexc-localciintstudent1.git, testRepositoryUri=http://localhost:49152/git/SHORT43ACF76B02BC1044B80938509D14043FABDETSTEXC/short43acf76b02bc1044b80938509d14043fabdetstexc-tests.git, solutionRepositoryUri=null, auxiliaryRepositoryUris=[Ljava.lang.String;@31edf15f, auxiliaryRepositoryCheckoutDirectories=[Ljava.lang.String;@31930478], jobTimingInfo=JobTimingInfo[submissionDate=2025-02-14T23:42:42.326978596Z[Etc/UTC], buildStartDate=2025-02-14T23:42:42.420147010Z[Etc/UTC], buildCompletionDate=2025-02-14T23:42:45.573855829Z[Etc/UTC], estimatedCompletionDate=2025-02-14T23:43:01.420129377Z[Etc/UTC], estimatedDuration=19], buildConfig=BuildConfig[buildScript=#!/bin/bash
cd /var/tmp/testing-dir
chmod +x ./gradlew
./gradlew clean test
, dockerImage=dummy-docker-image:latest, commitHashToBuild=a9c717ccf7bcbe9531d3eee21dbaeb5aab2ff971, assignmentCommitHash=a9c717ccf7bcbe9531d3eee21dbaeb5aab2ff971, testCommitHash=a9c717ccf7bcbe9531d3eee21dbaeb5aab2ff971, branch=main, programmingLanguage=JAVA, projectType=PLAIN_GRADLE, scaEnabled=false, sequentialTestRunsEnabled=false, resultPaths=[/var/tmp/testing-dir/**/test-results/test/*.xml], timeoutSeconds=0, assignmentCheckoutPath=null, testCheckoutPath=null, solutionCheckoutPath=null, dockerRunConfig=DockerRunConfig[isNetworkDisabled=true, env=[key=value]]], submissionResult=ResultDTO[id=132, completionDate=2025-02-14T23:42:45.519869118Z[Etc/UTC], successful=false, score=7.7, rated=true, submission=SubmissionDTO[id=119, submitted=true, type=MANUAL, exampleSubmission=null, submissionDate=2025-02-14T23:42:42.302762Z, commitHash=a9c717ccf7bcbe9531d3eee21dbaeb5aab2ff971, buildFailed=false, buildArtifact=false, participation=ParticipationDTO[id=462, testRun=false, type=programming, submissionCount=null, exercise=ParticipationExerciseDTO[id=298, exerciseType=PROGRAMMING, type=programming, assessmentType=AUTOMATIC, dueDate=2025-02-16T23:42:41.553955Z, assessmentDueDate=null, maxPoints=42.0, course=CourseDTO[id=147, accuracyOfScores=1]]], submissionExerciseType=programming, isProcessing=false, buildStartDate=null, estimatedCompletionDate=null], participation=ParticipationDTO[id=462, testRun=false, type=programming, submissionCount=null, exercise=ParticipationExerciseDTO[id=298, exerciseType=PROGRAMMING, type=programming, assessmentType=AUTOMATIC, dueDate=2025-02-16T23:42:41.553955Z, assessmentDueDate=null, maxPoints=42.0, course=CourseDTO[id=147, accuracyOfScores=1]]], feedbacks=[FeedbackDTO[id=67, text=null, detailText=The exercise expects a class with the name Context in the package testpackage. You did not implement the class in the exercise., hasLongFeedbackText=false, reference=null, credits=0.0, positive=false, type=AUTOMATIC, visibility=ALWAYS, testCase=TestCaseDTO[testName=null, id=13]], FeedbackDTO[id=68, text=null, detailText=The exercise expects a class with the name Policy in the package testpackage. You did not implement the class in the exercise., hasLongFeedbackText=false, reference=null, credits=0.0, positive=false, type=AUTOMATIC, visibility=ALWAYS, testCase=TestCaseDTO[testName=null, id=14]], FeedbackDTO[id=69, text=null, detailText=The exercise expects a class with the name SortStrategy in the package testpackage. You did not implement the class in the exercise., hasLongFeedbackText=false, reference=null, credits=0.0, positive=false, type=AUTOMATIC, visibility=ALWAYS, testCase=TestCaseDTO[testName=null, id=15]], FeedbackDTO[id=70, text=null, detailText=The class 'MergeSort' does not implement the interface 'SortStrategy' as expected. Implement the interface and its methods., hasLongFeedbackText=false, reference=null, credits=0.0, positive=false, type=AUTOMATIC, visibility=ALWAYS, testCase=TestCaseDTO[testName=null, id=10]], FeedbackDTO[id=71, text=null, detailText=The exercise expects a class with the name SortStrategy in the package testpackage. You did not implement the class in the exercise., hasLongFeedbackText=false, reference=null, credits=0.0, positive=false, type=AUTOMATIC, visibility=ALWAYS, testCase=TestCaseDTO[testName=null, id=7]], FeedbackDTO[id=72, text=null, detailText=The class 'BubbleSort' does not implement the interface 'SortStrategy' as expected. Implement the interface and its methods., hasLongFeedbackText=false, reference=null, credits=0.0, positive=false, type=AUTOMATIC, visibility=ALWAYS, testCase=TestCaseDTO[testName=null, id=11]], FeedbackDTO[id=73, text=null, detailText=MergeSort does not sort correctly, hasLongFeedbackText=false, reference=null, credits=0.0, positive=false, type=AUTOMATIC, visibility=ALWAYS, testCase=TestCaseDTO[testName=null, id=16]], FeedbackDTO[id=74, text=null, detailText=The class 'Context' was not found within the submission. Make sure to implement it properly., hasLongFeedbackText=false, reference=null, credits=0.0, positive=false, type=AUTOMATIC, visibility=ALWAYS, testCase=TestCaseDTO[testName=null, id=17]], FeedbackDTO[id=75, text=null, detailText=The class 'Context' was not found within the submission. Make sure to implement it properly., hasLongFeedbackText=false, reference=null, credits=0.0, positive=false, type=AUTOMATIC, visibility=ALWAYS, testCase=TestCaseDTO[testName=null, id=18]], FeedbackDTO[id=76, text=null, detailText=The exercise expects a class with the name Policy in the package testpackage. You did not implement the class in the exercise., hasLongFeedbackText=false, reference=null, credits=0.0, positive=false, type=AUTOMATIC, visibility=ALWAYS, testCase=TestCaseDTO[testName=null, id=12]], FeedbackDTO[id=77, text=null, detailText=The exercise expects a class with the name Context in the package testpackage. You did not implement the class in the exercise., hasLongFeedbackText=false, reference=null, credits=0.0, positive=false, type=AUTOMATIC, visibility=ALWAYS, testCase=TestCaseDTO[testName=null, id=8]], FeedbackDTO[id=78, text=null, detailText=The exercise expects a class with the name Policy in the package testpackage. You did not implement the class in the exercise., hasLongFeedbackText=false, reference=null, credits=0.0, positive=false, type=AUTOMATIC, visibility=ALWAYS, testCase=TestCaseDTO[testName=null, id=9]], FeedbackDTO[id=79, text=null, detailText=null, hasLongFeedbackText=false, reference=null, credits=3.230769230769231, positive=true, type=AUTOMATIC, visibility=ALWAYS, testCase=TestCaseDTO[testName=null, id=19]]], assessmentType=AUTOMATIC, hasComplaint=null, exampleResult=null, testCaseCount=13, passedTestCaseCount=1, codeIssueCount=0]], BuildJobQueueItem[id=4651739576569330, name=SHORTB06DD3F905F4604F6E085260D83ED657A6DFTSTEXC-LOCALCIINTSTUDENT1, buildAgent=BuildAgentDTO[name=artemis-build-agent-test, memberAddress=[127.0.0.1]:5703, displayName=artemis-build-agent-test], participationId=465, courseId=148, exerciseId=299, retryCount=0, priority=2, status=SUCCESSFUL, repositoryInfo=RepositoryInfo[repositoryName=shortb06dd3f905f4604f6e085260d83ed657a6dftstexc-localciintstudent1, repositoryType=user, triggeredByPushTo=user, assignmentRepositoryUri=http://localhost:49152/git/SHORTB06DD3F905F4604F6E085260D83ED657A6DFTSTEXC/shortb06dd3f905f4604f6e085260d83ed657a6dftstexc-localciintstudent1.git, testRepositoryUri=http://localhost:49152/git/SHORTB06DD3F905F4604F6E085260D83ED657A6DFTSTEXC/shortb06dd3f905f4604f6e085260d83ed657a6dftstexc-tests.git, solutionRepositoryUri=null, auxiliaryRepositoryUris=[Ljava.lang.String;@2dc43c44, auxiliaryRepositoryCheckoutDirectories=[Ljava.lang.String;@56cfa7ab], jobTimingInfo=JobTimingInfo[submissionDate=2025-02-14T23:42:49.330093960Z[Etc/UTC], buildStartDate=2025-02-14T23:42:49.347797345Z[Etc/UTC], buildCompletionDate=2025-02-14T23:42:51.204319751Z[Etc/UTC], estimatedCompletionDate=2025-02-14T23:43:08.347788449Z[Etc/UTC], estimatedDuration=19], buildConfig=BuildConfig[buildScript=#!/bin/bash
cd /var/tmp/testing-dir
chmod +x ./gradlew
./gradlew clean test
, dockerImage=dummy-docker-image:latest, commitHashToBuild=41581fff25954d36cf07586926ee0c77d1003131, assignmentCommitHash=41581fff25954d36cf07586926ee0c77d1003131, testCommitHash=41581fff25954d36cf07586926ee0c77d1003131, branch=main, programmingLanguage=JAVA, projectType=PLAIN_GRADLE, scaEnabled=false, sequentialTestRunsEnabled=false, resultPaths=[/var/tmp/testing-dir/**/test-results/test/*.xml], timeoutSeconds=0, assignmentCheckoutPath=null, testCheckoutPath=null, solutionCheckoutPath=null, dockerRunConfig=null], submissionResult=ResultDTO[id=133, completionDate=2025-02-14T23:42:51.155372920Z[Etc/UTC], successful=false, score=7.7, rated=true, submission=SubmissionDTO[id=120, submitted=true, type=MANUAL, exampleSubmission=null, submissionDate=2025-02-14T23:42:49.321855Z, commitHash=41581fff25954d36cf07586926ee0c77d1003131, buildFailed=false, buildArtifact=false, participation=ParticipationDTO[id=465, testRun=false, type=programming, submissionCount=null, exercise=ParticipationExerciseDTO[id=299, exerciseType=PROGRAMMING, type=programming, assessmentType=AUTOMATIC, dueDate=2025-02-16T23:42:49.163661Z, assessmentDueDate=null, maxPoints=42.0, course=CourseDTO[id=148, accuracyOfScores=1]]], submissionExerciseType=programming, isProcessing=false, buildStartDate=null, estimatedCompletionDate=null], participation=ParticipationDTO[id=465, testRun=false, type=programming, submissionCount=null, exercise=ParticipationExerciseDTO[id=299, exerciseType=PROGRAMMING, type=programming, assessmentType=AUTOMATIC, dueDate=2025-02-16T23:42:49.163661Z, assessmentDueDate=null, maxPoints=42.0, course=CourseDTO[id=148, accuracyOfScores=1]]], feedbacks=[FeedbackDTO[id=80, text=null, detailText=The exercise expects a class with the name Context in the package testpackage. You did not implement the class in the exercise., hasLongFeedbackText=false, reference=null, credits=0.0, positive=false, type=AUTOMATIC, visibility=ALWAYS, testCase=TestCaseDTO[testName=null, id=26]], FeedbackDTO[id=81, text=null, detailText=The exercise expects a class with the name Policy in the package testpackage. You did not implement the class in the exercise., hasLongFeedbackText=false, reference=null, credits=0.0, positive=false, type=AUTOMATIC, visibility=ALWAYS, testCase=TestCaseDTO[testName=null, id=27]], FeedbackDTO[id=82, text=null, detailText=The exercise expects a class with the name SortStrategy in the package testpackage. You did not implement the class in the exercise., hasLongFeedbackText=false, reference=null, credits=0.0, positive=false, type=AUTOMATIC, visibility=ALWAYS, testCase=TestCaseDTO[testName=null, id=28]], FeedbackDTO[id=83, text=null, detailText=The class 'MergeSort' does not implement the interface 'SortStrategy' as expected. Implement the interface and its methods., hasLongFeedbackText=false, reference=null, credits=0.0, positive=false, type=AUTOMATIC, visibility=ALWAYS, testCase=TestCaseDTO[testName=null, id=23]], FeedbackDTO[id=84, text=null, detailText=The exercise expects a class with the name SortStrategy in the package testpackage. You did not implement the class in the exercise., hasLongFeedbackText=false, reference=null, credits=0.0, positive=false, type=AUTOMATIC, visibility=ALWAYS, testCase=TestCaseDTO[testName=null, id=20]], FeedbackDTO[id=85, text=null, detailText=The class 'BubbleSort' does not implement the interface 'SortStrategy' as expected. Implement the interface and its methods., hasLongFeedbackText=false, reference=null, credits=0.0, positive=false, type=AUTOMATIC, visibility=ALWAYS, testCase=TestCaseDTO[testName=null, id=24]], FeedbackDTO[id=86, text=null, detailText=MergeSort does not sort correctly, hasLongFeedbackText=false, reference=null, credits=0.0, positive=false, type=AUTOMATIC, visibility=ALWAYS, testCase=TestCaseDTO[testName=null, id=29]], FeedbackDTO[id=87, text=null, detailText=The class 'Context' was not found within the submission. Make sure to implement it properly., hasLongFeedbackText=false, reference=null, credits=0.0, positive=false, type=AUTOMATIC, visibility=ALWAYS, testCase=TestCaseDTO[testName=null, id=30]], FeedbackDTO[id=88, text=null, detailText=The class 'Context' was not found within the submission. Make sure to implement it properly., hasLongFeedbackText=false, reference=null, credits=0.0, positive=false, type=AUTOMATIC, visibility=ALWAYS, testCase=TestCaseDTO[testName=null, id=31]], FeedbackDTO[id=89, text=null, detailText=The exercise expects a class with the name Policy in the package testpackage. You did not implement the class in the exercise., hasLongFeedbackText=false, reference=null, credits=0.0, positive=false, type=AUTOMATIC, visibility=ALWAYS, testCase=TestCaseDTO[testName=null, id=25]], FeedbackDTO[id=90, text=null, detailText=The exercise expects a class with the name Context in the package testpackage. You did not implement the class in the exercise., hasLongFeedbackText=false, reference=null, credits=0.0, positive=false, type=AUTOMATIC, visibility=ALWAYS, testCase=TestCaseDTO[testName=null, id=21]], FeedbackDTO[id=91, text=null, detailText=The exercise expects a class with the name Policy in the package testpackage. You did not implement the class in the exercise., hasLongFeedbackText=false, reference=null, credits=0.0, positive=false, type=AUTOMATIC, visibility=ALWAYS, testCase=TestCaseDTO[testName=null, id=22]], FeedbackDTO[id=92, text=null, detailText=null, hasLongFeedbackText=false, reference=null, credits=3.230769230769231, positive=true, type=AUTOMATIC, visibility=ALWAYS, testCase=TestCaseDTO[testName=null, id=32]]], assessmentType=AUTOMATIC, hasComplaint=null, exampleResult=null, testCaseCount=13, passedTestCaseCount=1, codeIssueCount=0]], BuildJobQueueItem[id=4681739576573068, name=SHORTBCF65534040390488B0A46605F5F3776B89ATSTEXC-LOCALCIINTSTUDENT1, buildAgent=BuildAgentDTO[name=artemis-build-agent-test, memberAddress=[127.0.0.1]:5703, displayName=artemis-build-agent-test], participationId=468, courseId=149, exerciseId=300, retryCount=0, priority=2, status=SUCCESSFUL, repositoryInfo=RepositoryInfo[repositoryName=shortbcf65534040390488b0a46605f5f3776b89atstexc-localciintstudent1, repositoryType=user, triggeredByPushTo=user, assignmentRepositoryUri=http://localhost:49152/git/SHORTBCF65534040390488B0A46605F5F3776B89ATSTEXC/shortbcf65534040390488b0a46605f5f3776b89atstexc-localciintstudent1.git, testRepositoryUri=http://localhost:49152/git/SHORTBCF65534040390488B0A46605F5F3776B89ATSTEXC/shortbcf65534040390488b0a46605f5f3776b89atstexc-tests.git, solutionRepositoryUri=null, auxiliaryRepositoryUris=[Ljava.lang.String;@876d324, auxiliaryRepositoryCheckoutDirectories=[Ljava.lang.String;@216fa696], jobTimingInfo=JobTimingInfo[submissionDate=2025-02-14T23:42:53.068019209Z[Etc/UTC], buildStartDate=2025-02-14T23:42:53.092867394Z[Etc/UTC], buildCompletionDate=2025-02-14T23:42:55.086950323Z[Etc/UTC], estimatedCompletionDate=2025-02-14T23:43:12.092858828Z[Etc/UTC], estimatedDuration=19], buildConfig=BuildConfig[buildScript=#!/bin/bash
cd /var/tmp/testing-dir
chmod +x ./gradlew
./gradlew clean test
, dockerImage=dummy-docker-image:latest, commitHashToBuild=2d5c0482fc77d3f5ec0841962528a43054e83170, assignmentCommitHash=2d5c0482fc77d3f5ec0841962528a43054e83170, testCommitHash=7477e25d56ce5fee2c938542a7e7ed4ed085d373, branch=main, programmingLanguage=JAVA, projectType=PLAIN_GRADLE, scaEnabled=false, sequentialTestRunsEnabled=false, resultPaths=[/var/tmp/testing-dir/**/test-results/test/*.xml], timeoutSeconds=0, assignmentCheckoutPath=null, testCheckoutPath=null, solutionCheckoutPath=null, dockerRunConfig=null], submissionResult=ResultDTO[id=134, completionDate=2025-02-14T23:42:55.059618627Z[Etc/UTC], successful=false, score=7.7, rated=true, submission=SubmissionDTO[id=121, submitted=true, type=MANUAL, exampleSubmission=null, submissionDate=2025-02-14T23:42:53.048221Z, commitHash=2d5c0482fc77d3f5ec0841962528a43054e83170, buildFailed=false, buildArtifact=false, participation=ParticipationDTO[id=468, testRun=false, type=programming, submissionCount=null, exercise=ParticipationExerciseDTO[id=300, exerciseType=PROGRAMMING, type=programming, assessmentType=AUTOMATIC, dueDate=2025-02-16T23:42:52.873722Z, assessmentDueDate=null, maxPoints=42.0, course=CourseDTO[id=149, accuracyOfScores=1]]], submissionExerciseType=programming, isProcessing=false, buildStartDate=null, estimatedCompletionDate=null], participation=ParticipationDTO[id=468, testRun=false, type=programming, submissionCount=null, exercise=ParticipationExerciseDTO[id=300, exerciseType=PROGRAMMING, type=programming, assessmentType=AUTOMATIC, dueDate=2025-02-16T23:42:52.873722Z, assessmentDueDate=null, maxPoints=42.0, course=CourseDTO[id=149, accuracyOfScores=1]]], feedbacks=[FeedbackDTO[id=93, text=null, detailText=The exercise expects a class with the name Context in the package testpackage. You did not implement the class in the exercise., hasLongFeedbackText=false, reference=null, credits=0.0, positive=false, type=AUTOMATIC, visibility=ALWAYS, testCase=TestCaseDTO[testName=null, id=39]], FeedbackDTO[id=94, text=null, detailText=The exercise expects a class with the name Policy in the package testpackage. You did not implement the class in the exercise., hasLongFeedbackText=false, reference=null, credits=0.0, positive=false, type=AUTOMATIC, visibility=ALWAYS, testCase=TestCaseDTO[testName=null, id=40]], FeedbackDTO[id=95, text=null, detailText=The exercise expects a class with the name SortStrategy in the package testpackage. You did not implement the class in the exercise., hasLongFeedbackText=false, reference=null, credits=0.0, positive=false, type=AUTOMATIC, visibility=ALWAYS, testCase=TestCaseDTO[testName=null, id=41]], FeedbackDTO[id=96, text=null, detailText=The class 'MergeSort' does not implement the interface 'SortStrategy' as expected. Implement the interface and its methods., hasLongFeedbackText=false, reference=null, credits=0.0, positive=false, type=AUTOMATIC, visibility=ALWAYS, testCase=TestCaseDTO[testName=null, id=36]], FeedbackDTO[id=97, text=null, detailText=The exercise expects a class with the name SortStrategy in the package testpackage. You did not implement the class in the exercise., hasLongFeedbackText=false, reference=null, credits=0.0, positive=false, type=AUTOMATIC, visibility=ALWAYS, testCase=TestCaseDTO[testName=null, id=33]], FeedbackDTO[id=98, text=null, detailText=The class 'BubbleSort' does not implement the interface 'SortStrategy' as expected. Implement the interface and its methods., hasLongFeedbackText=false, reference=null, credits=0.0, positive=false, type=AUTOMATIC, visibility=ALWAYS, testCase=TestCaseDTO[testName=null, id=37]], FeedbackDTO[id=99, text=null, detailText=MergeSort does not sort correctly, hasLongFeedbackText=false, reference=null, credits=0.0, positive=false, type=AUTOMATIC, visibility=ALWAYS, testCase=TestCaseDTO[testName=null, id=42]], FeedbackDTO[id=100, text=null, detailText=The class 'Context' was not found within the submission. Make sure to implement it properly., hasLongFeedbackText=false, reference=null, credits=0.0, positive=false, type=AUTOMATIC, visibility=ALWAYS, testCase=TestCaseDTO[testName=null, id=43]], FeedbackDTO[id=101, text=null, detailText=The class 'Context' was not found within the submission. Make sure to implement it properly., hasLongFeedbackText=false, reference=null, credits=0.0, positive=false, type=AUTOMATIC, visibility=ALWAYS, testCase=TestCaseDTO[testName=null, id=44]], FeedbackDTO[id=102, text=null, detailText=The exercise expects a class with the name Policy in the package testpackage. You did not implement the class in the exercise., hasLongFeedbackText=false, reference=null, credits=0.0, positive=false, type=AUTOMATIC, visibility=ALWAYS, testCase=TestCaseDTO[testName=null, id=38]], FeedbackDTO[id=103, text=null, detailText=The exercise expects a class with the name Context in the package testpackage. You did not implement the class in the exercise., hasLongFeedbackText=false, reference=null, credits=0.0, positive=false, type=AUTOMATIC, visibility=ALWAYS, testCase=TestCaseDTO[testName=null, id=34]], FeedbackDTO[id=104, text=null, detailText=The exercise expects a class with the name Policy in the package testpackage. You did not implement the class in the exercise., hasLongFeedbackText=false, reference=null, credits=0.0, positive=false, type=AUTOMATIC, visibility=ALWAYS, testCase=TestCaseDTO[testName=null, id=35]], FeedbackDTO[id=105, text=null, detailText=null, hasLongFeedbackText=false, reference=null, credits=3.230769230769231, positive=true, type=AUTOMATIC, visibility=ALWAYS, testCase=TestCaseDTO[testName=null, id=45]]], assessmentType=AUTOMATIC, hasComplaint=null, exampleResult=null, testCaseCount=13, passedTestCaseCount=1, codeIssueCount=0]]], publicSshKey=ssh-rsa AAAAB3NzaC1yc2EAAAADAQABAAACAQCOPdMsxRE2jFJ/UEa5/LsBxtwzJcrh3/rYBCQvcMeVpiRfhzQPWu7mrt/G2Ew+i+vRloGH9aqKg6dd1liRncao53Zmd/ePxoatXePNhmzTfkCkcSkTUz7B+QMjkoDDV5jwuFPD6mF3JkhuzSi64n9Zy905t4w2IhVcjM2mL3eYNjiCXt6Qpq3Pkt7dM/Ksw1nxnvuiIALuJLB3FTkXkHqq3PJav+9HSq2r6ZaWgekneaGxlQlb+U+Vy3XOuArKAzK8c8i+0bR+AHiTG6ncYXt7ax3U+TdlDTF7OLP3umwaYjs1NBXOHwG42pevvpKn2fqavZZozk+M05jXLx3bq0O7itxfErWc7etky8qYPyyIMF/txQIVLd78+Ze4d7Y60t5MGbXM5cGE6fFif5fEJwgswXD+BrG0cafz1CTatjSKFdvp8Vp4VszXhHDan1PrP6JEFJ5Cc5GDmLRZPCFa3vL9f5qXgf4bkqKN8MYeEujwJE5nMRWoiJVNakix2bcrrneQMBlnYeYZVWXXXUusAQBzl4NgddC1umZpihZkL1b1MffZAUW3EGEXi7KHnllQhkTLLsQ8ntMgbylqaJKStqaXlLvdeRJcEnUuiFCrHEVVbXRFZR7XVDZ02CE5o3MuaRPty8Kh+jRTF3COlAckHwYEJCNNJvXFgb2CNXL4mjzYDw== test@localhost]
    23:42:59.063 | 566 localvc.event-13 | DEBUG | s.l.LocalCIWebsocketMessagingService : Sending message on topic /topic/admin/build-agents: [BuildAgentInformation[buildAgent=BuildAgentDTO[name=artemis-build-agent-test, memberAddress=[127.0.0.1]:5703, displayName=artemis-build-agent-test], maxNumberOfConcurrentBuildJobs=1, numberOfCurrentBuildJobs=0, runningBuildJobs=[], status=IDLE, recentBuildJobs=null, publicSshKey=null]]
    23:42:59.065 | 362 ool-1-worker-126 | INFO  | d.t.c.a.a.e.s.ParticipationService   : Request to delete Participation : ProgrammingExerciseStudentParticipation{id=706, repositoryUri='file:/tmp/studentOriginRepo17846616100431823548/', buildPlanId='SHORTA309E14E00F32040E40A17A07EB7860F2D04TE9C-EXAMPARTICIPATIONTESTTUTOR2', initializationState='INITIALIZED', initializationDate='2025-02-14T23:42:56.443466Z', individualDueDate=null', presentationScore=null}
    23:42:59.066 | 566 localvc.event-13 | DEBUG | s.l.LocalCIWebsocketMessagingService : Sending message on topic /topic/admin/build-agent/artemis-build-agent-test: BuildAgentInformation[buildAgent=BuildAgentDTO[name=artemis-build-agent-test, memberAddress=[127.0.0.1]:5703, displayName=artemis-build-agent-test], maxNumberOfConcurrentBuildJobs=1, numberOfCurrentBuildJobs=0, runningBuildJobs=[], status=IDLE, recentBuildJobs=[BuildJobQueueItem[id=4621739576562326, name=SHORT43ACF76B02BC1044B80938509D14043FABDETSTEXC-LOCALCIINTSTUDENT1, buildAgent=BuildAgentDTO[name=artemis-build-agent-test, memberAddress=[127.0.0.1]:5703, displayName=artemis-build-agent-test], participationId=462, courseId=147, exerciseId=298, retryCount=0, priority=2, status=SUCCESSFUL, repositoryInfo=RepositoryInfo[repositoryName=short43acf76b02bc1044b80938509d14043fabdetstexc-localciintstudent1, repositoryType=user, triggeredByPushTo=user, assignmentRepositoryUri=http://localhost:49152/git/SHORT43ACF76B02BC1044B80938509D14043FABDETSTEXC/short43acf76b02bc1044b80938509d14043fabdetstexc-localciintstudent1.git, testRepositoryUri=http://localhost:49152/git/SHORT43ACF76B02BC1044B80938509D14043FABDETSTEXC/short43acf76b02bc1044b80938509d14043fabdetstexc-tests.git, solutionRepositoryUri=null, auxiliaryRepositoryUris=[Ljava.lang.String;@384d8c0b, auxiliaryRepositoryCheckoutDirectories=[Ljava.lang.String;@64cad682], jobTimingInfo=JobTimingInfo[submissionDate=2025-02-14T23:42:42.326978596Z[Etc/UTC], buildStartDate=2025-02-14T23:42:42.420147010Z[Etc/UTC], buildCompletionDate=2025-02-14T23:42:45.573855829Z[Etc/UTC], estimatedCompletionDate=2025-02-14T23:43:01.420129377Z[Etc/UTC], estimatedDuration=19], buildConfig=BuildConfig[buildScript=#!/bin/bash
cd /var/tmp/testing-dir
chmod +x ./gradlew
./gradlew clean test
, dockerImage=dummy-docker-image:latest, commitHashToBuild=a9c717ccf7bcbe9531d3eee21dbaeb5aab2ff971, assignmentCommitHash=a9c717ccf7bcbe9531d3eee21dbaeb5aab2ff971, testCommitHash=a9c717ccf7bcbe9531d3eee21dbaeb5aab2ff971, branch=main, programmingLanguage=JAVA, projectType=PLAIN_GRADLE, scaEnabled=false, sequentialTestRunsEnabled=false, resultPaths=[/var/tmp/testing-dir/**/test-results/test/*.xml], timeoutSeconds=0, assignmentCheckoutPath=null, testCheckoutPath=null, solutionCheckoutPath=null, dockerRunConfig=DockerRunConfig[isNetworkDisabled=true, env=[key=value]]], submissionResult=ResultDTO[id=132, completionDate=2025-02-14T23:42:45.519869118Z[Etc/UTC], successful=false, score=7.7, rated=true, submission=SubmissionDTO[id=119, submitted=true, type=MANUAL, exampleSubmission=null, submissionDate=2025-02-14T23:42:42.302762Z, commitHash=a9c717ccf7bcbe9531d3eee21dbaeb5aab2ff971, buildFailed=false, buildArtifact=false, participation=ParticipationDTO[id=462, testRun=false, type=programming, submissionCount=null, exercise=ParticipationExerciseDTO[id=298, exerciseType=PROGRAMMING, type=programming, assessmentType=AUTOMATIC, dueDate=2025-02-16T23:42:41.553955Z, assessmentDueDate=null, maxPoints=42.0, course=CourseDTO[id=147, accuracyOfScores=1]]], submissionExerciseType=programming, isProcessing=false, buildStartDate=null, estimatedCompletionDate=null], participation=ParticipationDTO[id=462, testRun=false, type=programming, submissionCount=null, exercise=ParticipationExerciseDTO[id=298, exerciseType=PROGRAMMING, type=programming, assessmentType=AUTOMATIC, dueDate=2025-02-16T23:42:41.553955Z, assessmentDueDate=null, maxPoints=42.0, course=CourseDTO[id=147, accuracyOfScores=1]]], feedbacks=[FeedbackDTO[id=67, text=null, detailText=The exercise expects a class with the name Context in the package testpackage. You did not implement the class in the exercise., hasLongFeedbackText=false, reference=null, credits=0.0, positive=false, type=AUTOMATIC, visibility=ALWAYS, testCase=TestCaseDTO[testName=null, id=13]], FeedbackDTO[id=68, text=null, detailText=The exercise expects a class with the name Policy in the package testpackage. You did not implement the class in the exercise., hasLongFeedbackText=false, reference=null, credits=0.0, positive=false, type=AUTOMATIC, visibility=ALWAYS, testCase=TestCaseDTO[testName=null, id=14]], FeedbackDTO[id=69, text=null, detailText=The exercise expects a class with the name SortStrategy in the package testpackage. You did not implement the class in the exercise., hasLongFeedbackText=false, reference=null, credits=0.0, positive=false, type=AUTOMATIC, visibility=ALWAYS, testCase=TestCaseDTO[testName=null, id=15]], FeedbackDTO[id=70, text=null, detailText=The class 'MergeSort' does not implement the interface 'SortStrategy' as expected. Implement the interface and its methods., hasLongFeedbackText=false, reference=null, credits=0.0, positive=false, type=AUTOMATIC, visibility=ALWAYS, testCase=TestCaseDTO[testName=null, id=10]], FeedbackDTO[id=71, text=null, detailText=The exercise expects a class with the name SortStrategy in the package testpackage. You did not implement the class in the exercise., hasLongFeedbackText=false, reference=null, credits=0.0, positive=false, type=AUTOMATIC, visibility=ALWAYS, testCase=TestCaseDTO[testName=null, id=7]], FeedbackDTO[id=72, text=null, detailText=The class 'BubbleSort' does not implement the interface 'SortStrategy' as expected. Implement the interface and its methods., hasLongFeedbackText=false, reference=null, credits=0.0, positive=false, type=AUTOMATIC, visibility=ALWAYS, testCase=TestCaseDTO[testName=null, id=11]], FeedbackDTO[id=73, text=null, detailText=MergeSort does not sort correctly, hasLongFeedbackText=false, reference=null, credits=0.0, positive=false, type=AUTOMATIC, visibility=ALWAYS, testCase=TestCaseDTO[testName=null, id=16]], FeedbackDTO[id=74, text=null, detailText=The class 'Context' was not found within the submission. Make sure to implement it properly., hasLongFeedbackText=false, reference=null, credits=0.0, positive=false, type=AUTOMATIC, visibility=ALWAYS, testCase=TestCaseDTO[testName=null, id=17]], FeedbackDTO[id=75, text=null, detailText=The class 'Context' was not found within the submission. Make sure to implement it properly., hasLongFeedbackText=false, reference=null, credits=0.0, positive=false, type=AUTOMATIC, visibility=ALWAYS, testCase=TestCaseDTO[testName=null, id=18]], FeedbackDTO[id=76, text=null, detailText=The exercise expects a class with the name Policy in the package testpackage. You did not implement the class in the exercise., hasLongFeedbackText=false, reference=null, credits=0.0, positive=false, type=AUTOMATIC, visibility=ALWAYS, testCase=TestCaseDTO[testName=null, id=12]], FeedbackDTO[id=77, text=null, detailText=The exercise expects a class with the name Context in the package testpackage. You did not implement the class in the exercise., hasLongFeedbackText=false, reference=null, credits=0.0, positive=false, type=AUTOMATIC, visibility=ALWAYS, testCase=TestCaseDTO[testName=null, id=8]], FeedbackDTO[id=78, text=null, detailText=The exercise expects a class with the name Policy in the package testpackage. You did not implement the class in the exercise., hasLongFeedbackText=false, reference=null, credits=0.0, positive=false, type=AUTOMATIC, visibility=ALWAYS, testCase=TestCaseDTO[testName=null, id=9]], FeedbackDTO[id=79, text=null, detailText=null, hasLongFeedbackText=false, reference=null, credits=3.230769230769231, positive=true, type=AUTOMATIC, visibility=ALWAYS, testCase=TestCaseDTO[testName=null, id=19]]], assessmentType=AUTOMATIC, hasComplaint=null, exampleResult=null, testCaseCount=13, passedTestCaseCount=1, codeIssueCount=0]], BuildJobQueueItem[id=4651739576569330, name=SHORTB06DD3F905F4604F6E085260D83ED657A6DFTSTEXC-LOCALCIINTSTUDENT1, buildAgent=BuildAgentDTO[name=artemis-build-agent-test, memberAddress=[127.0.0.1]:5703, displayName=artemis-build-agent-test], participationId=465, courseId=148, exerciseId=299, retryCount=0, priority=2, status=SUCCESSFUL, repositoryInfo=RepositoryInfo[repositoryName=shortb06dd3f905f4604f6e085260d83ed657a6dftstexc-localciintstudent1, repositoryType=user, triggeredByPushTo=user, assignmentRepositoryUri=http://localhost:49152/git/SHORTB06DD3F905F4604F6E085260D83ED657A6DFTSTEXC/shortb06dd3f905f4604f6e085260d83ed657a6dftstexc-localciintstudent1.git, testRepositoryUri=http://localhost:49152/git/SHORTB06DD3F905F4604F6E085260D83ED657A6DFTSTEXC/shortb06dd3f905f4604f6e085260d83ed657a6dftstexc-tests.git, solutionRepositoryUri=null, auxiliaryRepositoryUris=[Ljava.lang.String;@65494868, auxiliaryRepositoryCheckoutDirectories=[Ljava.lang.String;@737a0b6], jobTimingInfo=JobTimingInfo[submissionDate=2025-02-14T23:42:49.330093960Z[Etc/UTC], buildStartDate=2025-02-14T23:42:49.347797345Z[Etc/UTC], buildCompletionDate=2025-02-14T23:42:51.204319751Z[Etc/UTC], estimatedCompletionDate=2025-02-14T23:43:08.347788449Z[Etc/UTC], estimatedDuration=19], buildConfig=BuildConfig[buildScript=#!/bin/bash
cd /var/tmp/testing-dir
chmod +x ./gradlew
./gradlew clean test
, dockerImage=dummy-docker-image:latest, commitHashToBuild=41581fff25954d36cf07586926ee0c77d1003131, assignmentCommitHash=41581fff25954d36cf07586926ee0c77d1003131, testCommitHash=41581fff25954d36cf07586926ee0c77d1003131, branch=main, programmingLanguage=JAVA, projectType=PLAIN_GRADLE, scaEnabled=false, sequentialTestRunsEnabled=false, resultPaths=[/var/tmp/testing-dir/**/test-results/test/*.xml], timeoutSeconds=0, assignmentCheckoutPath=null, testCheckoutPath=null, solutionCheckoutPath=null, dockerRunConfig=null], submissionResult=ResultDTO[id=133, completionDate=2025-02-14T23:42:51.155372920Z[Etc/UTC], successful=false, score=7.7, rated=true, submission=SubmissionDTO[id=120, submitted=true, type=MANUAL, exampleSubmission=null, submissionDate=2025-02-14T23:42:49.321855Z, commitHash=41581fff25954d36cf07586926ee0c77d1003131, buildFailed=false, buildArtifact=false, participation=ParticipationDTO[id=465, testRun=false, type=programming, submissionCount=null, exercise=ParticipationExerciseDTO[id=299, exerciseType=PROGRAMMING, type=programming, assessmentType=AUTOMATIC, dueDate=2025-02-16T23:42:49.163661Z, assessmentDueDate=null, maxPoints=42.0, course=CourseDTO[id=148, accuracyOfScores=1]]], submissionExerciseType=programming, isProcessing=false, buildStartDate=null, estimatedCompletionDate=null], participation=ParticipationDTO[id=465, testRun=false, type=programming, submissionCount=null, exercise=ParticipationExerciseDTO[id=299, exerciseType=PROGRAMMING, type=programming, assessmentType=AUTOMATIC, dueDate=2025-02-16T23:42:49.163661Z, assessmentDueDate=null, maxPoints=42.0, course=CourseDTO[id=148, accuracyOfScores=1]]], feedbacks=[FeedbackDTO[id=80, text=null, detailText=The exercise expects a class with the name Context in the package testpackage. You did not implement the class in the exercise., hasLongFeedbackText=false, reference=null, credits=0.0, positive=false, type=AUTOMATIC, visibility=ALWAYS, testCase=TestCaseDTO[testName=null, id=26]], FeedbackDTO[id=81, text=null, detailText=The exercise expects a class with the name Policy in the package testpackage. You did not implement the class in the exercise., hasLongFeedbackText=false, reference=null, credits=0.0, positive=false, type=AUTOMATIC, visibility=ALWAYS, testCase=TestCaseDTO[testName=null, id=27]], FeedbackDTO[id=82, text=null, detailText=The exercise expects a class with the name SortStrategy in the package testpackage. You did not implement the class in the exercise., hasLongFeedbackText=false, reference=null, credits=0.0, positive=false, type=AUTOMATIC, visibility=ALWAYS, testCase=TestCaseDTO[testName=null, id=28]], FeedbackDTO[id=83, text=null, detailText=The class 'MergeSort' does not implement the interface 'SortStrategy' as expected. Implement the interface and its methods., hasLongFeedbackText=false, reference=null, credits=0.0, positive=false, type=AUTOMATIC, visibility=ALWAYS, testCase=TestCaseDTO[testName=null, id=23]], FeedbackDTO[id=84, text=null, detailText=The exercise expects a class with the name SortStrategy in the package testpackage. You did not implement the class in the exercise., hasLongFeedbackText=false, reference=null, credits=0.0, positive=false, type=AUTOMATIC, visibility=ALWAYS, testCase=TestCaseDTO[testName=null, id=20]], FeedbackDTO[id=85, text=null, detailText=The class 'BubbleSort' does not implement the interface 'SortStrategy' as expected. Implement the interface and its methods., hasLongFeedbackText=false, reference=null, credits=0.0, positive=false, type=AUTOMATIC, visibility=ALWAYS, testCase=TestCaseDTO[testName=null, id=24]], FeedbackDTO[id=86, text=null, detailText=MergeSort does not sort correctly, hasLongFeedbackText=false, reference=null, credits=0.0, positive=false, type=AUTOMATIC, visibility=ALWAYS, testCase=TestCaseDTO[testName=null, id=29]], FeedbackDTO[id=87, text=null, detailText=The class 'Context' was not found within the submission. Make sure to implement it properly., hasLongFeedbackText=false, reference=null, credits=0.0, positive=false, type=AUTOMATIC, visibility=ALWAYS, testCase=TestCaseDTO[testName=null, id=30]], FeedbackDTO[id=88, text=null, detailText=The class 'Context' was not found within the submission. Make sure to implement it properly., hasLongFeedbackText=false, reference=null, credits=0.0, positive=false, type=AUTOMATIC, visibility=ALWAYS, testCase=TestCaseDTO[testName=null, id=31]], FeedbackDTO[id=89, text=null, detailText=The exercise expects a class with the name Policy in the package testpackage. You did not implement the class in the exercise., hasLongFeedbackText=false, reference=null, credits=0.0, positive=false, type=AUTOMATIC, visibility=ALWAYS, testCase=TestCaseDTO[testName=null, id=25]], FeedbackDTO[id=90, text=null, detailText=The exercise expects a class with the name Context in the package testpackage. You did not implement the class in the exercise., hasLongFeedbackText=false, reference=null, credits=0.0, positive=false, type=AUTOMATIC, visibility=ALWAYS, testCase=TestCaseDTO[testName=null, id=21]], FeedbackDTO[id=91, text=null, detailText=The exercise expects a class with the name Policy in the package testpackage. You did not implement the class in the exercise., hasLongFeedbackText=false, reference=null, credits=0.0, positive=false, type=AUTOMATIC, visibility=ALWAYS, testCase=TestCaseDTO[testName=null, id=22]], FeedbackDTO[id=92, text=null, detailText=null, hasLongFeedbackText=false, reference=null, credits=3.230769230769231, positive=true, type=AUTOMATIC, visibility=ALWAYS, testCase=TestCaseDTO[testName=null, id=32]]], assessmentType=AUTOMATIC, hasComplaint=null, exampleResult=null, testCaseCount=13, passedTestCaseCount=1, codeIssueCount=0]], BuildJobQueueItem[id=4681739576573068, name=SHORTBCF65534040390488B0A46605F5F3776B89ATSTEXC-LOCALCIINTSTUDENT1, buildAgent=BuildAgentDTO[name=artemis-build-agent-test, memberAddress=[127.0.0.1]:5703, displayName=artemis-build-agent-test], participationId=468, courseId=149, exerciseId=300, retryCount=0, priority=2, status=SUCCESSFUL, repositoryInfo=RepositoryInfo[repositoryName=shortbcf65534040390488b0a46605f5f3776b89atstexc-localciintstudent1, repositoryType=user, triggeredByPushTo=user, assignmentRepositoryUri=http://localhost:49152/git/SHORTBCF65534040390488B0A46605F5F3776B89ATSTEXC/shortbcf65534040390488b0a46605f5f3776b89atstexc-localciintstudent1.git, testRepositoryUri=http://localhost:49152/git/SHORTBCF65534040390488B0A46605F5F3776B89ATSTEXC/shortbcf65534040390488b0a46605f5f3776b89atstexc-tests.git, solutionRepositoryUri=null, auxiliaryRepositoryUris=[Ljava.lang.String;@53ce598f, auxiliaryRepositoryCheckoutDirectories=[Ljava.lang.String;@6182fbb2], jobTimingInfo=JobTimingInfo[submissionDate=2025-02-14T23:42:53.068019209Z[Etc/UTC], buildStartDate=2025-02-14T23:42:53.092867394Z[Etc/UTC], buildCompletionDate=2025-02-14T23:42:55.086950323Z[Etc/UTC], estimatedCompletionDate=2025-02-14T23:43:12.092858828Z[Etc/UTC], estimatedDuration=19], buildConfig=BuildConfig[buildScript=#!/bin/bash
cd /var/tmp/testing-dir
chmod +x ./gradlew
./gradlew clean test
, dockerImage=dummy-docker-image:latest, commitHashToBuild=2d5c0482fc77d3f5ec0841962528a43054e83170, assignmentCommitHash=2d5c0482fc77d3f5ec0841962528a43054e83170, testCommitHash=7477e25d56ce5fee2c938542a7e7ed4ed085d373, branch=main, programmingLanguage=JAVA, projectType=PLAIN_GRADLE, scaEnabled=false, sequentialTestRunsEnabled=false, resultPaths=[/var/tmp/testing-dir/**/test-results/test/*.xml], timeoutSeconds=0, assignmentCheckoutPath=null, testCheckoutPath=null, solutionCheckoutPath=null, dockerRunConfig=null], submissionResult=ResultDTO[id=134, completionDate=2025-02-14T23:42:55.059618627Z[Etc/UTC], successful=false, score=7.7, rated=true, submission=SubmissionDTO[id=121, submitted=true, type=MANUAL, exampleSubmission=null, submissionDate=2025-02-14T23:42:53.048221Z, commitHash=2d5c0482fc77d3f5ec0841962528a43054e83170, buildFailed=false, buildArtifact=false, participation=ParticipationDTO[id=468, testRun=false, type=programming, submissionCount=null, exercise=ParticipationExerciseDTO[id=300, exerciseType=PROGRAMMING, type=programming, assessmentType=AUTOMATIC, dueDate=2025-02-16T23:42:52.873722Z, assessmentDueDate=null, maxPoints=42.0, course=CourseDTO[id=149, accuracyOfScores=1]]], submissionExerciseType=programming, isProcessing=false, buildStartDate=null, estimatedCompletionDate=null], participation=ParticipationDTO[id=468, testRun=false, type=programming, submissionCount=null, exercise=ParticipationExerciseDTO[id=300, exerciseType=PROGRAMMING, type=programming, assessmentType=AUTOMATIC, dueDate=2025-02-16T23:42:52.873722Z, assessmentDueDate=null, maxPoints=42.0, course=CourseDTO[id=149, accuracyOfScores=1]]], feedbacks=[FeedbackDTO[id=93, text=null, detailText=The exercise expects a class with the name Context in the package testpackage. You did not implement the class in the exercise., hasLongFeedbackText=false, reference=null, credits=0.0, positive=false, type=AUTOMATIC, visibility=ALWAYS, testCase=TestCaseDTO[testName=null, id=39]], FeedbackDTO[id=94, text=null, detailText=The exercise expects a class with the name Policy in the package testpackage. You did not implement the class in the exercise., hasLongFeedbackText=false, reference=null, credits=0.0, positive=false, type=AUTOMATIC, visibility=ALWAYS, testCase=TestCaseDTO[testName=null, id=40]], FeedbackDTO[id=95, text=null, detailText=The exercise expects a class with the name SortStrategy in the package testpackage. You did not implement the class in the exercise., hasLongFeedbackText=false, reference=null, credits=0.0, positive=false, type=AUTOMATIC, visibility=ALWAYS, testCase=TestCaseDTO[testName=null, id=41]], FeedbackDTO[id=96, text=null, detailText=The class 'MergeSort' does not implement the interface 'SortStrategy' as expected. Implement the interface and its methods., hasLongFeedbackText=false, reference=null, credits=0.0, positive=false, type=AUTOMATIC, visibility=ALWAYS, testCase=TestCaseDTO[testName=null, id=36]], FeedbackDTO[id=97, text=null, detailText=The exercise expects a class with the name SortStrategy in the package testpackage. You did not implement the class in the exercise., hasLongFeedbackText=false, reference=null, credits=0.0, positive=false, type=AUTOMATIC, visibility=ALWAYS, testCase=TestCaseDTO[testName=null, id=33]], FeedbackDTO[id=98, text=null, detailText=The class 'BubbleSort' does not implement the interface 'SortStrategy' as expected. Implement the interface and its methods., hasLongFeedbackText=false, reference=null, credits=0.0, positive=false, type=AUTOMATIC, visibility=ALWAYS, testCase=TestCaseDTO[testName=null, id=37]], FeedbackDTO[id=99, text=null, detailText=MergeSort does not sort correctly, hasLongFeedbackText=false, reference=null, credits=0.0, positive=false, type=AUTOMATIC, visibility=ALWAYS, testCase=TestCaseDTO[testName=null, id=42]], FeedbackDTO[id=100, text=null, detailText=The class 'Context' was not found within the submission. Make sure to implement it properly., hasLongFeedbackText=false, reference=null, credits=0.0, positive=false, type=AUTOMATIC, visibility=ALWAYS, testCase=TestCaseDTO[testName=null, id=43]], FeedbackDTO[id=101, text=null, detailText=The class 'Context' was not found within the submission. Make sure to implement it properly., hasLongFeedbackText=false, reference=null, credits=0.0, positive=false, type=AUTOMATIC, visibility=ALWAYS, testCase=TestCaseDTO[testName=null, id=44]], FeedbackDTO[id=102, text=null, detailText=The exercise expects a class with the name Policy in the package testpackage. You did not implement the class in the exercise., hasLongFeedbackText=false, reference=null, credits=0.0, positive=false, type=AUTOMATIC, visibility=ALWAYS, testCase=TestCaseDTO[testName=null, id=38]], FeedbackDTO[id=103, text=null, detailText=The exercise expects a class with the name Context in the package testpackage. You did not implement the class in the exercise., hasLongFeedbackText=false, reference=null, credits=0.0, positive=false, type=AUTOMATIC, visibility=ALWAYS, testCase=TestCaseDTO[testName=null, id=34]], FeedbackDTO[id=104, text=null, detailText=The exercise expects a class with the name Policy in the package testpackage. You did not implement the class in the exercise., hasLongFeedbackText=false, reference=null, credits=0.0, positive=false, type=AUTOMATIC, visibility=ALWAYS, testCase=TestCaseDTO[testName=null, id=35]], FeedbackDTO[id=105, text=null, detailText=null, hasLongFeedbackText=false, reference=null, credits=3.230769230769231, positive=true, type=AUTOMATIC, visibility=ALWAYS, testCase=TestCaseDTO[testName=null, id=45]]], assessmentType=AUTOMATIC, hasComplaint=null, exampleResult=null, testCaseCount=13, passedTestCaseCount=1, codeIssueCount=0]], BuildJobQueueItem[id=4741739576577297, name=SHORT88A9A223023E2047B709E4A029FA08BCF2CFTSTEXC-LOCALCIINTSTUDENT1, buildAgent=BuildAgentDTO[name=artemis-build-agent-test, memberAddress=[127.0.0.1]:5703, displayName=artemis-build-agent-test], participationId=474, courseId=151, exerciseId=302, retryCount=0, priority=2, status=SUCCESSFUL, repositoryInfo=RepositoryInfo[repositoryName=short88a9a223023e2047b709e4a029fa08bcf2cftstexc-localciintstudent1, repositoryType=user, triggeredByPushTo=user, assignmentRepositoryUri=http://localhost:49152/git/SHORT88A9A223023E2047B709E4A029FA08BCF2CFTSTEXC/short88a9a223023e2047b709e4a029fa08bcf2cftstexc-localciintstudent1.git, testRepositoryUri=http://localhost:49152/git/SHORT88A9A223023E2047B709E4A029FA08BCF2CFTSTEXC/short88a9a223023e2047b709e4a029fa08bcf2cftstexc-tests.git, solutionRepositoryUri=null, auxiliaryRepositoryUris=[Ljava.lang.String;@4e27e5e2, auxiliaryRepositoryCheckoutDirectories=[Ljava.lang.String;@74afce80], jobTimingInfo=JobTimingInfo[submissionDate=2025-02-14T23:42:57.297342281Z[Etc/UTC], buildStartDate=2025-02-14T23:42:57.308570327Z[Etc/UTC], buildCompletionDate=2025-02-14T23:42:59.047616654Z[Etc/UTC], estimatedCompletionDate=2025-02-14T23:43:16.308558064Z[Etc/UTC], estimatedDuration=19], buildConfig=BuildConfig[buildScript=#!/bin/bash
cd /var/tmp/testing-dir
chmod +x ./gradlew
./gradlew clean test
, dockerImage=dummy-docker-image:latest, commitHashToBuild=736cbea1e46d6849b41266b2bf1cccd3b9ea55b1, assignmentCommitHash=736cbea1e46d6849b41266b2bf1cccd3b9ea55b1, testCommitHash=ea6267edd396a304305339b036512b63e0374c66, branch=main, programmingLanguage=JAVA, projectType=PLAIN_GRADLE, scaEnabled=false, sequentialTestRunsEnabled=false, resultPaths=[/var/tmp/testing-dir/**/test-results/test/*.xml], timeoutSeconds=0, assignmentCheckoutPath=null, testCheckoutPath=null, solutionCheckoutPath=null, dockerRunConfig=null], submissionResult=null]], publicSshKey=ssh-rsa AAAAB3NzaC1yc2EAAAADAQABAAACAQCOPdMsxRE2jFJ/UEa5/LsBxtwzJcrh3/rYBCQvcMeVpiRfhzQPWu7mrt/G2Ew+i+vRloGH9aqKg6dd1liRncao53Zmd/ePxoatXePNhmzTfkCkcSkTUz7B+QMjkoDDV5jwuFPD6mF3JkhuzSi64n9Zy905t4w2IhVcjM2mL3eYNjiCXt6Qpq3Pkt7dM/Ksw1nxnvuiIALuJLB3FTkXkHqq3PJav+9HSq2r6ZaWgekneaGxlQlb+U+Vy3XOuArKAzK8c8i+0bR+AHiTG6ncYXt7ax3U+TdlDTF7OLP3umwaYjs1NBXOHwG42pevvpKn2fqavZZozk+M05jXLx3bq0O7itxfErWc7etky8qYPyyIMF/txQIVLd78+Ze4d7Y60t5MGbXM5cGE6fFif5fEJwgswXD+BrG0cafz1CTatjSKFdvp8Vp4VszXhHDan1PrP6JEFJ5Cc5GDmLRZPCFa3vL9f5qXgf4bkqKN8MYeEujwJE5nMRWoiJVNakix2bcrrneQMBlnYeYZVWXXXUusAQBzl4NgddC1umZpihZkL1b1MffZAUW3EGEXi7KHnllQhkTLLsQ8ntMgbylqaJKStqaXlLvdeRJcEnUuiFCrHEVVbXRFZR7XVDZ02CE5o3MuaRPty8Kh+jRTF3COlAckHwYEJCNNJvXFgb2CNXL4mjzYDw== test@localhost]
    23:42:59.067 | 362 ool-1-worker-126 | WARN  | org.eclipse.jgit.lib.Repository      : close() called when useCnt is already zero for Repository[repos/server-integration-test/studentOriginRepo17846616100431823548/.git]
    23:42:59.070 | 566 localvc.event-13 | DEBUG | a.p.s.l.SharedQueueManagementService : Build agent updated: null
    23:42:59.071 | 362 ool-1-worker-126 | DEBUG | d.t.c.a.a.p.s.AbstractGitService     : Deleted Repository at repos/server-integration-test/studentOriginRepo17846616100431823548
    23:42:59.072 | 362 ool-1-worker-126 | DEBUG | d.t.c.a.a.e.s.ParticipationService   : Request to delete all results and submissions of participation with id : 706
    23:42:59.074 | 566 localvc.event-13 | DEBUG | p.s.l.LocalCIResultProcessingService : Result of build job with id 4741739576577297 added to queue
    23:42:59.076 | 566 localvc.event-13 | INFO  | p.s.l.LocalCIResultProcessingService : Processing build job result with id 4741739576577297
    23:42:59.076 | 566 localvc.event-13 | DEBUG | p.s.l.LocalCIResultProcessingService : Build jobs waiting in queue: 0
    23:42:59.076 | 566 localvc.event-13 | DEBUG | p.s.l.LocalCIResultProcessingService : Queued build jobs: []
    23:42:59.077 | 362 ool-1-worker-126 | DEBUG | d.t.c.a.a.a.service.ResultService    : Delete result 195
    23:42:59.077 | 362 ool-1-worker-126 | DEBUG | d.t.c.a.a.a.service.ResultService    : Delete result references 195
    23:42:59.079 | 566 localvc.event-13 | DEBUG | .s.ProgrammingExerciseGradingService : Received new build result (NEW) for participation 474
    23:42:59.080 | 362 ool-1-worker-126 | DEBUG | d.t.c.a.a.a.service.ResultService    : Delete result 196
    23:42:59.080 | 362 ool-1-worker-126 | DEBUG | d.t.c.a.a.a.service.ResultService    : Delete result references 196
    23:42:59.100 | 362 ool-1-worker-126 | INFO  | .c.s.m.InstanceMessageReceiveService : Received schedule cancel for programming exercise 620
    23:42:59.100 | 362 ool-1-worker-126 | DEBUG | d.t.c.a.a.c.service.ScheduleService  : Cancelling scheduled task DUE for Exercise (#620).
    23:42:59.100 | 362 ool-1-worker-126 | INFO  | .c.s.m.InstanceMessageReceiveService : Received schedule cancel for potential Athena exercise 620
    23:42:59.103 | 362 ool-1-worker-126 | DEBUG | d.t.c.a.a.e.s.ParticipationService   : Request to delete all results and submissions of participation with id : 666
    23:42:59.108 | 362 ool-1-worker-126 | DEBUG | d.t.c.a.a.e.s.ParticipationService   : Request to delete all results and submissions of participation with id : 671
    23:42:59.115 | 362 ool-1-worker-126 | DEBUG | c.a.a.p.s.ProgrammingExerciseService : Delete programming exercises with student participations: []
    23:42:59.125 | 058 pool-4-thread-1  | INFO  | d.t.c.a.a.p.s.gitlab.GitLabService   : Unprotecting branch main for Gitlab repository SHORT75F7CAEB04EF504E89086080C171ABC836F7T7F0/short75f7caeb04ef504e89086080c171abc836f7t7f0-examparticipationtesttutor2
    23:42:59.125 | 362 ool-1-worker-126 | INFO  | .c.a.a.c.s.TitleCacheEvictionService : Evicted entry '620' from title cache 'exerciseTitle'
    23:42:59.127 | 059 pool-4-thread-2  | INFO  | d.t.c.a.a.p.s.gitlab.GitLabService   : Unprotecting branch main for Gitlab repository SHORT75F7CAEB04EF504E89086080C171ABC836F7T7F0/short75f7caeb04ef504e89086080c171abc836f7t7f0-examparticipationtesttutor1
    23:42:59.128 | 566 localvc.event-13 | DEBUG | .c.s.m.InstanceMessageReceiveService : Received schedule participant score for exercise 302 and participant 37 (result to be deleted: null)
    23:42:59.128 | 566 localvc.event-13 | DEBUG | .a.s.ParticipantScoreScheduleService : Scheduled task for exercise 302 and participant 37 at 2025-02-14T23:42:59.228544962Z[Etc/UTC].
    23:42:59.133 | 060 pool-4-thread-3  | INFO  | d.t.c.a.a.p.s.gitlab.GitLabService   : Unprotecting branch main for Gitlab repository SHORT75F7CAEB04EF504E89086080C171ABC836F7T7F0/short75f7caeb04ef504e89086080c171abc836f7t7f0-examparticipationteststudent2
    23:42:59.134 | 566 localvc.event-13 | DEBUG | .a.a.p.s.ProgrammingMessagingService : Send result to client over websocket. Result: Result{id135, completionDate=2025-02-14T23:42:59.014168821Z[Etc/UTC], successful=false, score=7.7, rated=true, assessmentType=AUTOMATIC, hasComplaint=null, testCaseCount=13, passedTestCaseCount=1, codeIssueCount=0}, Submission: ProgrammingSubmission{commitHash='736cbea1e46d6849b41266b2bf1cccd3b9ea55b1', buildFailed=false, buildArtifact=false, type=MANUAL}, Participation: ProgrammingExerciseStudentParticipation{id=474, repositoryUri='http://localhost:49152/git/SHORT88A9A223023E2047B709E4A029FA08BCF2CFTSTEXC/short88a9a223023e2047b709e4a029fa08bcf2cftstexc-localciintstudent1.git', buildPlanId='SHORT88A9A223023E2047B709E4A029FA08BCF2CFTSTEXC-LOCALCIINTSTUDENT1', initializationState='INITIALIZED', initializationDate='2025-02-14T23:42:57.069433Z', individualDueDate=null', presentationScore=null}
    23:42:59.144 | 362 ool-1-worker-126 | WARN  | .c.a.a.c.s.TitleCacheEvictionService : Unable to clear title of exercises from exercise group 351: Exercises not initialized
    23:42:59.144 | 362 ool-1-worker-126 | WARN  | .c.a.a.c.s.TitleCacheEvictionService : Unable to clear title of exercises from exercise group 352: Exercises not initialized
    23:42:59.144 | 362 ool-1-worker-126 | WARN  | .c.a.a.c.s.TitleCacheEvictionService : Unable to clear title of exercises from exercise group 353: Exercises not initialized
    23:42:59.144 | 362 ool-1-worker-126 | WARN  | .c.a.a.c.s.TitleCacheEvictionService : Unable to clear title of exercises from exercise group 354: Exercises not initialized
    23:42:59.144 | 362 ool-1-worker-126 | WARN  | .c.a.a.c.s.TitleCacheEvictionService : Unable to clear title of exercises from exercise group 355: Exercises not initialized
    23:42:59.144 | 362 ool-1-worker-126 | WARN  | .c.a.a.c.s.TitleCacheEvictionService : Unable to clear title of exercises from exercise group 356: Exercises not initialized
    23:42:59.144 | 362 ool-1-worker-126 | WARN  | .c.a.a.c.s.TitleCacheEvictionService : Unable to clear title of exercises from exercise group 357: Exercises not initialized
    23:42:59.145 | 061 pool-4-thread-4  | INFO  | d.t.c.a.a.p.s.gitlab.GitLabService   : Unprotecting branch main for Gitlab repository SHORT75F7CAEB04EF504E89086080C171ABC836F7T7F0/short75f7caeb04ef504e89086080c171abc836f7t7f0-examparticipationteststudent1
    23:42:59.146 | 061 pool-4-thread-4  | INFO  | d.t.c.a.a.p.s.gitlab.GitLabService   : Unprotecting branch main for Gitlab repository SHORT75F7CAEB04EF504E89086080C171ABC836F7T7F0/short75f7caeb04ef504e89086080c171abc836f7t7f0-examparticipationteststudent3
    23:42:59.148 | 362 ool-1-worker-126 | INFO  | .c.a.a.c.s.TitleCacheEvictionService : Evicted entry '530' from title cache 'examTitle'
    23:42:59.148 | 566 localvc.event-13 | DEBUG | d.t.c.a.a.p.s.BuildLogEntryService   : Saved build logs for build job 4741739576577297 to file /tmp/build-logs/short88a9a223023e2047b709e4a029fa08bcf2cf/TSTEXC/4741739576577297.log
    23:42:59.151 | 566 localvc.event-13 | DEBUG | a.p.s.l.LocalCIQueueWebsocketService : Build agent updated: BuildAgentInformation[buildAgent=BuildAgentDTO[name=artemis-build-agent-test, memberAddress=[127.0.0.1]:5703, displayName=artemis-build-agent-test], maxNumberOfConcurrentBuildJobs=1, numberOfCurrentBuildJobs=0, runningBuildJobs=[], status=IDLE, recentBuildJobs=[BuildJobQueueItem[id=4621739576562326, name=SHORT43ACF76B02BC1044B80938509D14043FABDETSTEXC-LOCALCIINTSTUDENT1, buildAgent=BuildAgentDTO[name=artemis-build-agent-test, memberAddress=[127.0.0.1]:5703, displayName=artemis-build-agent-test], participationId=462, courseId=147, exerciseId=298, retryCount=0, priority=2, status=SUCCESSFUL, repositoryInfo=RepositoryInfo[repositoryName=short43acf76b02bc1044b80938509d14043fabdetstexc-localciintstudent1, repositoryType=user, triggeredByPushTo=user, assignmentRepositoryUri=http://localhost:49152/git/SHORT43ACF76B02BC1044B80938509D14043FABDETSTEXC/short43acf76b02bc1044b80938509d14043fabdetstexc-localciintstudent1.git, testRepositoryUri=http://localhost:49152/git/SHORT43ACF76B02BC1044B80938509D14043FABDETSTEXC/short43acf76b02bc1044b80938509d14043fabdetstexc-tests.git, solutionRepositoryUri=null, auxiliaryRepositoryUris=[Ljava.lang.String;@4d3b25fc, auxiliaryRepositoryCheckoutDirectories=[Ljava.lang.String;@49cceb83], jobTimingInfo=JobTimingInfo[submissionDate=2025-02-14T23:42:42.326978596Z[Etc/UTC], buildStartDate=2025-02-14T23:42:42.420147010Z[Etc/UTC], buildCompletionDate=2025-02-14T23:42:45.573855829Z[Etc/UTC], estimatedCompletionDate=2025-02-14T23:43:01.420129377Z[Etc/UTC], estimatedDuration=19], buildConfig=BuildConfig[buildScript=#!/bin/bash
cd /var/tmp/testing-dir
chmod +x ./gradlew
./gradlew clean test
, dockerImage=dummy-docker-image:latest, commitHashToBuild=a9c717ccf7bcbe9531d3eee21dbaeb5aab2ff971, assignmentCommitHash=a9c717ccf7bcbe9531d3eee21dbaeb5aab2ff971, testCommitHash=a9c717ccf7bcbe9531d3eee21dbaeb5aab2ff971, branch=main, programmingLanguage=JAVA, projectType=PLAIN_GRADLE, scaEnabled=false, sequentialTestRunsEnabled=false, resultPaths=[/var/tmp/testing-dir/**/test-results/test/*.xml], timeoutSeconds=0, assignmentCheckoutPath=null, testCheckoutPath=null, solutionCheckoutPath=null, dockerRunConfig=DockerRunConfig[isNetworkDisabled=true, env=[key=value]]], submissionResult=ResultDTO[id=132, completionDate=2025-02-14T23:42:45.519869118Z[Etc/UTC], successful=false, score=7.7, rated=true, submission=SubmissionDTO[id=119, submitted=true, type=MANUAL, exampleSubmission=null, submissionDate=2025-02-14T23:42:42.302762Z, commitHash=a9c717ccf7bcbe9531d3eee21dbaeb5aab2ff971, buildFailed=false, buildArtifact=false, participation=ParticipationDTO[id=462, testRun=false, type=programming, submissionCount=null, exercise=ParticipationExerciseDTO[id=298, exerciseType=PROGRAMMING, type=programming, assessmentType=AUTOMATIC, dueDate=2025-02-16T23:42:41.553955Z, assessmentDueDate=null, maxPoints=42.0, course=CourseDTO[id=147, accuracyOfScores=1]]], submissionExerciseType=programming, isProcessing=false, buildStartDate=null, estimatedCompletionDate=null], participation=ParticipationDTO[id=462, testRun=false, type=programming, submissionCount=null, exercise=ParticipationExerciseDTO[id=298, exerciseType=PROGRAMMING, type=programming, assessmentType=AUTOMATIC, dueDate=2025-02-16T23:42:41.553955Z, assessmentDueDate=null, maxPoints=42.0, course=CourseDTO[id=147, accuracyOfScores=1]]], feedbacks=[FeedbackDTO[id=67, text=null, detailText=The exercise expects a class with the name Context in the package testpackage. You did not implement the class in the exercise., hasLongFeedbackText=false, reference=null, credits=0.0, positive=false, type=AUTOMATIC, visibility=ALWAYS, testCase=TestCaseDTO[testName=null, id=13]], FeedbackDTO[id=68, text=null, detailText=The exercise expects a class with the name Policy in the package testpackage. You did not implement the class in the exercise., hasLongFeedbackText=false, reference=null, credits=0.0, positive=false, type=AUTOMATIC, visibility=ALWAYS, testCase=TestCaseDTO[testName=null, id=14]], FeedbackDTO[id=69, text=null, detailText=The exercise expects a class with the name SortStrategy in the package testpackage. You did not implement the class in the exercise., hasLongFeedbackText=false, reference=null, credits=0.0, positive=false, type=AUTOMATIC, visibility=ALWAYS, testCase=TestCaseDTO[testName=null, id=15]], FeedbackDTO[id=70, text=null, detailText=The class 'MergeSort' does not implement the interface 'SortStrategy' as expected. Implement the interface and its methods., hasLongFeedbackText=false, reference=null, credits=0.0, positive=false, type=AUTOMATIC, visibility=ALWAYS, testCase=TestCaseDTO[testName=null, id=10]], FeedbackDTO[id=71, text=null, detailText=The exercise expects a class with the name SortStrategy in the package testpackage. You did not implement the class in the exercise., hasLongFeedbackText=false, reference=null, credits=0.0, positive=false, type=AUTOMATIC, visibility=ALWAYS, testCase=TestCaseDTO[testName=null, id=7]], FeedbackDTO[id=72, text=null, detailText=The class 'BubbleSort' does not implement the interface 'SortStrategy' as expected. Implement the interface and its methods., hasLongFeedbackText=false, reference=null, credits=0.0, positive=false, type=AUTOMATIC, visibility=ALWAYS, testCase=TestCaseDTO[testName=null, id=11]], FeedbackDTO[id=73, text=null, detailText=MergeSort does not sort correctly, hasLongFeedbackText=false, reference=null, credits=0.0, positive=false, type=AUTOMATIC, visibility=ALWAYS, testCase=TestCaseDTO[testName=null, id=16]], FeedbackDTO[id=74, text=null, detailText=The class 'Context' was not found within the submission. Make sure to implement it properly., hasLongFeedbackText=false, reference=null, credits=0.0, positive=false, type=AUTOMATIC, visibility=ALWAYS, testCase=TestCaseDTO[testName=null, id=17]], FeedbackDTO[id=75, text=null, detailText=The class 'Context' was not found within the submission. Make sure to implement it properly., hasLongFeedbackText=false, reference=null, credits=0.0, positive=false, type=AUTOMATIC, visibility=ALWAYS, testCase=TestCaseDTO[testName=null, id=18]], FeedbackDTO[id=76, text=null, detailText=The exercise expects a class with the name Policy in the package testpackage. You did not implement the class in the exercise., hasLongFeedbackText=false, reference=null, credits=0.0, positive=false, type=AUTOMATIC, visibility=ALWAYS, testCase=TestCaseDTO[testName=null, id=12]], FeedbackDTO[id=77, text=null, detailText=The exercise expects a class with the name Context in the package testpackage. You did not implement the class in the exercise., hasLongFeedbackText=false, reference=null, credits=0.0, positive=false, type=AUTOMATIC, visibility=ALWAYS, testCase=TestCaseDTO[testName=null, id=8]], FeedbackDTO[id=78, text=null, detailText=The exercise expects a class with the name Policy in the package testpackage. You did not implement the class in the exercise., hasLongFeedbackText=false, reference=null, credits=0.0, positive=false, type=AUTOMATIC, visibility=ALWAYS, testCase=TestCaseDTO[testName=null, id=9]], FeedbackDTO[id=79, text=null, detailText=null, hasLongFeedbackText=false, reference=null, credits=3.230769230769231, positive=true, type=AUTOMATIC, visibility=ALWAYS, testCase=TestCaseDTO[testName=null, id=19]]], assessmentType=AUTOMATIC, hasComplaint=null, exampleResult=null, testCaseCount=13, passedTestCaseCount=1, codeIssueCount=0]], BuildJobQueueItem[id=4651739576569330, name=SHORTB06DD3F905F4604F6E085260D83ED657A6DFTSTEXC-LOCALCIINTSTUDENT1, buildAgent=BuildAgentDTO[name=artemis-build-agent-test, memberAddress=[127.0.0.1]:5703, displayName=artemis-build-agent-test], participationId=465, courseId=148, exerciseId=299, retryCount=0, priority=2, status=SUCCESSFUL, repositoryInfo=RepositoryInfo[repositoryName=shortb06dd3f905f4604f6e085260d83ed657a6dftstexc-localciintstudent1, repositoryType=user, triggeredByPushTo=user, assignmentRepositoryUri=http://localhost:49152/git/SHORTB06DD3F905F4604F6E085260D83ED657A6DFTSTEXC/shortb06dd3f905f4604f6e085260d83ed657a6dftstexc-localciintstudent1.git, testRepositoryUri=http://localhost:49152/git/SHORTB06DD3F905F4604F6E085260D83ED657A6DFTSTEXC/shortb06dd3f905f4604f6e085260d83ed657a6dftstexc-tests.git, solutionRepositoryUri=null, auxiliaryRepositoryUris=[Ljava.lang.String;@17a85e22, auxiliaryRepositoryCheckoutDirectories=[Ljava.lang.String;@1258a5b0], jobTimingInfo=JobTimingInfo[submissionDate=2025-02-14T23:42:49.330093960Z[Etc/UTC], buildStartDate=2025-02-14T23:42:49.347797345Z[Etc/UTC], buildCompletionDate=2025-02-14T23:42:51.204319751Z[Etc/UTC], estimatedCompletionDate=2025-02-14T23:43:08.347788449Z[Etc/UTC], estimatedDuration=19], buildConfig=BuildConfig[buildScript=#!/bin/bash
cd /var/tmp/testing-dir
chmod +x ./gradlew
./gradlew clean test
, dockerImage=dummy-docker-image:latest, commitHashToBuild=41581fff25954d36cf07586926ee0c77d1003131, assignmentCommitHash=41581fff25954d36cf07586926ee0c77d1003131, testCommitHash=41581fff25954d36cf07586926ee0c77d1003131, branch=main, programmingLanguage=JAVA, projectType=PLAIN_GRADLE, scaEnabled=false, sequentialTestRunsEnabled=false, resultPaths=[/var/tmp/testing-dir/**/test-results/test/*.xml], timeoutSeconds=0, assignmentCheckoutPath=null, testCheckoutPath=null, solutionCheckoutPath=null, dockerRunConfig=null], submissionResult=ResultDTO[id=133, completionDate=2025-02-14T23:42:51.155372920Z[Etc/UTC], successful=false, score=7.7, rated=true, submission=SubmissionDTO[id=120, submitted=true, type=MANUAL, exampleSubmission=null, submissionDate=2025-02-14T23:42:49.321855Z, commitHash=41581fff25954d36cf07586926ee0c77d1003131, buildFailed=false, buildArtifact=false, participation=ParticipationDTO[id=465, testRun=false, type=programming, submissionCount=null, exercise=ParticipationExerciseDTO[id=299, exerciseType=PROGRAMMING, type=programming, assessmentType=AUTOMATIC, dueDate=2025-02-16T23:42:49.163661Z, assessmentDueDate=null, maxPoints=42.0, course=CourseDTO[id=148, accuracyOfScores=1]]], submissionExerciseType=programming, isProcessing=false, buildStartDate=null, estimatedCompletionDate=null], participation=ParticipationDTO[id=465, testRun=false, type=programming, submissionCount=null, exercise=ParticipationExerciseDTO[id=299, exerciseType=PROGRAMMING, type=programming, assessmentType=AUTOMATIC, dueDate=2025-02-16T23:42:49.163661Z, assessmentDueDate=null, maxPoints=42.0, course=CourseDTO[id=148, accuracyOfScores=1]]], feedbacks=[FeedbackDTO[id=80, text=null, detailText=The exercise expects a class with the name Context in the package testpackage. You did not implement the class in the exercise., hasLongFeedbackText=false, reference=null, credits=0.0, positive=false, type=AUTOMATIC, visibility=ALWAYS, testCase=TestCaseDTO[testName=null, id=26]], FeedbackDTO[id=81, text=null, detailText=The exercise expects a class with the name Policy in the package testpackage. You did not implement the class in the exercise., hasLongFeedbackText=false, reference=null, credits=0.0, positive=false, type=AUTOMATIC, visibility=ALWAYS, testCase=TestCaseDTO[testName=null, id=27]], FeedbackDTO[id=82, text=null, detailText=The exercise expects a class with the name SortStrategy in the package testpackage. You did not implement the class in the exercise., hasLongFeedbackText=false, reference=null, credits=0.0, positive=false, type=AUTOMATIC, visibility=ALWAYS, testCase=TestCaseDTO[testName=null, id=28]], FeedbackDTO[id=83, text=null, detailText=The class 'MergeSort' does not implement the interface 'SortStrategy' as expected. Implement the interface and its methods., hasLongFeedbackText=false, reference=null, credits=0.0, positive=false, type=AUTOMATIC, visibility=ALWAYS, testCase=TestCaseDTO[testName=null, id=23]], FeedbackDTO[id=84, text=null, detailText=The exercise expects a class with the name SortStrategy in the package testpackage. You did not implement the class in the exercise., hasLongFeedbackText=false, reference=null, credits=0.0, positive=false, type=AUTOMATIC, visibility=ALWAYS, testCase=TestCaseDTO[testName=null, id=20]], FeedbackDTO[id=85, text=null, detailText=The class 'BubbleSort' does not implement the interface 'SortStrategy' as expected. Implement the interface and its methods., hasLongFeedbackText=false, reference=null, credits=0.0, positive=false, type=AUTOMATIC, visibility=ALWAYS, testCase=TestCaseDTO[testName=null, id=24]], FeedbackDTO[id=86, text=null, detailText=MergeSort does not sort correctly, hasLongFeedbackText=false, reference=null, credits=0.0, positive=false, type=AUTOMATIC, visibility=ALWAYS, testCase=TestCaseDTO[testName=null, id=29]], FeedbackDTO[id=87, text=null, detailText=The class 'Context' was not found within the submission. Make sure to implement it properly., hasLongFeedbackText=false, reference=null, credits=0.0, positive=false, type=AUTOMATIC, visibility=ALWAYS, testCase=TestCaseDTO[testName=null, id=30]], FeedbackDTO[id=88, text=null, detailText=The class 'Context' was not found within the submission. Make sure to implement it properly., hasLongFeedbackText=false, reference=null, credits=0.0, positive=false, type=AUTOMATIC, visibility=ALWAYS, testCase=TestCaseDTO[testName=null, id=31]], FeedbackDTO[id=89, text=null, detailText=The exercise expects a class with the name Policy in the package testpackage. You did not implement the class in the exercise., hasLongFeedbackText=false, reference=null, credits=0.0, positive=false, type=AUTOMATIC, visibility=ALWAYS, testCase=TestCaseDTO[testName=null, id=25]], FeedbackDTO[id=90, text=null, detailText=The exercise expects a class with the name Context in the package testpackage. You did not implement the class in the exercise., hasLongFeedbackText=false, reference=null, credits=0.0, positive=false, type=AUTOMATIC, visibility=ALWAYS, testCase=TestCaseDTO[testName=null, id=21]], FeedbackDTO[id=91, text=null, detailText=The exercise expects a class with the name Policy in the package testpackage. You did not implement the class in the exercise., hasLongFeedbackText=false, reference=null, credits=0.0, positive=false, type=AUTOMATIC, visibility=ALWAYS, testCase=TestCaseDTO[testName=null, id=22]], FeedbackDTO[id=92, text=null, detailText=null, hasLongFeedbackText=false, reference=null, credits=3.230769230769231, positive=true, type=AUTOMATIC, visibility=ALWAYS, testCase=TestCaseDTO[testName=null, id=32]]], assessmentType=AUTOMATIC, hasComplaint=null, exampleResult=null, testCaseCount=13, passedTestCaseCount=1, codeIssueCount=0]], BuildJobQueueItem[id=4681739576573068, name=SHORTBCF65534040390488B0A46605F5F3776B89ATSTEXC-LOCALCIINTSTUDENT1, buildAgent=BuildAgentDTO[name=artemis-build-agent-test, memberAddress=[127.0.0.1]:5703, displayName=artemis-build-agent-test], participationId=468, courseId=149, exerciseId=300, retryCount=0, priority=2, status=SUCCESSFUL, repositoryInfo=RepositoryInfo[repositoryName=shortbcf65534040390488b0a46605f5f3776b89atstexc-localciintstudent1, repositoryType=user, triggeredByPushTo=user, assignmentRepositoryUri=http://localhost:49152/git/SHORTBCF65534040390488B0A46605F5F3776B89ATSTEXC/shortbcf65534040390488b0a46605f5f3776b89atstexc-localciintstudent1.git, testRepositoryUri=http://localhost:49152/git/SHORTBCF65534040390488B0A46605F5F3776B89ATSTEXC/shortbcf65534040390488b0a46605f5f3776b89atstexc-tests.git, solutionRepositoryUri=null, auxiliaryRepositoryUris=[Ljava.lang.String;@6d866c2, auxiliaryRepositoryCheckoutDirectories=[Ljava.lang.String;@28e60569], jobTimingInfo=JobTimingInfo[submissionDate=2025-02-14T23:42:53.068019209Z[Etc/UTC], buildStartDate=2025-02-14T23:42:53.092867394Z[Etc/UTC], buildCompletionDate=2025-02-14T23:42:55.086950323Z[Etc/UTC], estimatedCompletionDate=2025-02-14T23:43:12.092858828Z[Etc/UTC], estimatedDuration=19], buildConfig=BuildConfig[buildScript=#!/bin/bash
cd /var/tmp/testing-dir
chmod +x ./gradlew
./gradlew clean test
, dockerImage=dummy-docker-image:latest, commitHashToBuild=2d5c0482fc77d3f5ec0841962528a43054e83170, assignmentCommitHash=2d5c0482fc77d3f5ec0841962528a43054e83170, testCommitHash=7477e25d56ce5fee2c938542a7e7ed4ed085d373, branch=main, programmingLanguage=JAVA, projectType=PLAIN_GRADLE, scaEnabled=false, sequentialTestRunsEnabled=false, resultPaths=[/var/tmp/testing-dir/**/test-results/test/*.xml], timeoutSeconds=0, assignmentCheckoutPath=null, testCheckoutPath=null, solutionCheckoutPath=null, dockerRunConfig=null], submissionResult=ResultDTO[id=134, completionDate=2025-02-14T23:42:55.059618627Z[Etc/UTC], successful=false, score=7.7, rated=true, submission=SubmissionDTO[id=121, submitted=true, type=MANUAL, exampleSubmission=null, submissionDate=2025-02-14T23:42:53.048221Z, commitHash=2d5c0482fc77d3f5ec0841962528a43054e83170, buildFailed=false, buildArtifact=false, participation=ParticipationDTO[id=468, testRun=false, type=programming, submissionCount=null, exercise=ParticipationExerciseDTO[id=300, exerciseType=PROGRAMMING, type=programming, assessmentType=AUTOMATIC, dueDate=2025-02-16T23:42:52.873722Z, assessmentDueDate=null, maxPoints=42.0, course=CourseDTO[id=149, accuracyOfScores=1]]], submissionExerciseType=programming, isProcessing=false, buildStartDate=null, estimatedCompletionDate=null], participation=ParticipationDTO[id=468, testRun=false, type=programming, submissionCount=null, exercise=ParticipationExerciseDTO[id=300, exerciseType=PROGRAMMING, type=programming, assessmentType=AUTOMATIC, dueDate=2025-02-16T23:42:52.873722Z, assessmentDueDate=null, maxPoints=42.0, course=CourseDTO[id=149, accuracyOfScores=1]]], feedbacks=[FeedbackDTO[id=93, text=null, detailText=The exercise expects a class with the name Context in the package testpackage. You did not implement the class in the exercise., hasLongFeedbackText=false, reference=null, credits=0.0, positive=false, type=AUTOMATIC, visibility=ALWAYS, testCase=TestCaseDTO[testName=null, id=39]], FeedbackDTO[id=94, text=null, detailText=The exercise expects a class with the name Policy in the package testpackage. You did not implement the class in the exercise., hasLongFeedbackText=false, reference=null, credits=0.0, positive=false, type=AUTOMATIC, visibility=ALWAYS, testCase=TestCaseDTO[testName=null, id=40]], FeedbackDTO[id=95, text=null, detailText=The exercise expects a class with the name SortStrategy in the package testpackage. You did not implement the class in the exercise., hasLongFeedbackText=false, reference=null, credits=0.0, positive=false, type=AUTOMATIC, visibility=ALWAYS, testCase=TestCaseDTO[testName=null, id=41]], FeedbackDTO[id=96, text=null, detailText=The class 'MergeSort' does not implement the interface 'SortStrategy' as expected. Implement the interface and its methods., hasLongFeedbackText=false, reference=null, credits=0.0, positive=false, type=AUTOMATIC, visibility=ALWAYS, testCase=TestCaseDTO[testName=null, id=36]], FeedbackDTO[id=97, text=null, detailText=The exercise expects a class with the name SortStrategy in the package testpackage. You did not implement the class in the exercise., hasLongFeedbackText=false, reference=null, credits=0.0, positive=false, type=AUTOMATIC, visibility=ALWAYS, testCase=TestCaseDTO[testName=null, id=33]], FeedbackDTO[id=98, text=null, detailText=The class 'BubbleSort' does not implement the interface 'SortStrategy' as expected. Implement the interface and its methods., hasLongFeedbackText=false, reference=null, credits=0.0, positive=false, type=AUTOMATIC, visibility=ALWAYS, testCase=TestCaseDTO[testName=null, id=37]], FeedbackDTO[id=99, text=null, detailText=MergeSort does not sort correctly, hasLongFeedbackText=false, reference=null, credits=0.0, positive=false, type=AUTOMATIC, visibility=ALWAYS, testCase=TestCaseDTO[testName=null, id=42]], FeedbackDTO[id=100, text=null, detailText=The class 'Context' was not found within the submission. Make sure to implement it properly., hasLongFeedbackText=false, reference=null, credits=0.0, positive=false, type=AUTOMATIC, visibility=ALWAYS, testCase=TestCaseDTO[testName=null, id=43]], FeedbackDTO[id=101, text=null, detailText=The class 'Context' was not found within the submission. Make sure to implement it properly., hasLongFeedbackText=false, reference=null, credits=0.0, positive=false, type=AUTOMATIC, visibility=ALWAYS, testCase=TestCaseDTO[testName=null, id=44]], FeedbackDTO[id=102, text=null, detailText=The exercise expects a class with the name Policy in the package testpackage. You did not implement the class in the exercise., hasLongFeedbackText=false, reference=null, credits=0.0, positive=false, type=AUTOMATIC, visibility=ALWAYS, testCase=TestCaseDTO[testName=null, id=38]], FeedbackDTO[id=103, text=null, detailText=The exercise expects a class with the name Context in the package testpackage. You did not implement the class in the exercise., hasLongFeedbackText=false, reference=null, credits=0.0, positive=false, type=AUTOMATIC, visibility=ALWAYS, testCase=TestCaseDTO[testName=null, id=34]], FeedbackDTO[id=104, text=null, detailText=The exercise expects a class with the name Policy in the package testpackage. You did not implement the class in the exercise., hasLongFeedbackText=false, reference=null, credits=0.0, positive=false, type=AUTOMATIC, visibility=ALWAYS, testCase=TestCaseDTO[testName=null, id=35]], FeedbackDTO[id=105, text=null, detailText=null, hasLongFeedbackText=false, reference=null, credits=3.230769230769231, positive=true, type=AUTOMATIC, visibility=ALWAYS, testCase=TestCaseDTO[testName=null, id=45]]], assessmentType=AUTOMATIC, hasComplaint=null, exampleResult=null, testCaseCount=13, passedTestCaseCount=1, codeIssueCount=0]], BuildJobQueueItem[id=4741739576577297, name=SHORT88A9A223023E2047B709E4A029FA08BCF2CFTSTEXC-LOCALCIINTSTUDENT1, buildAgent=BuildAgentDTO[name=artemis-build-agent-test, memberAddress=[127.0.0.1]:5703, displayName=artemis-build-agent-test], participationId=474, courseId=151, exerciseId=302, retryCount=0, priority=2, status=SUCCESSFUL, repositoryInfo=RepositoryInfo[repositoryName=short88a9a223023e2047b709e4a029fa08bcf2cftstexc-localciintstudent1, repositoryType=user, triggeredByPushTo=user, assignmentRepositoryUri=http://localhost:49152/git/SHORT88A9A223023E2047B709E4A029FA08BCF2CFTSTEXC/short88a9a223023e2047b709e4a029fa08bcf2cftstexc-localciintstudent1.git, testRepositoryUri=http://localhost:49152/git/SHORT88A9A223023E2047B709E4A029FA08BCF2CFTSTEXC/short88a9a223023e2047b709e4a029fa08bcf2cftstexc-tests.git, solutionRepositoryUri=null, auxiliaryRepositoryUris=[Ljava.lang.String;@7dea0719, auxiliaryRepositoryCheckoutDirectories=[Ljava.lang.String;@2ac84831], jobTimingInfo=JobTimingInfo[submissionDate=2025-02-14T23:42:57.297342281Z[Etc/UTC], buildStartDate=2025-02-14T23:42:57.308570327Z[Etc/UTC], buildCompletionDate=2025-02-14T23:42:59.047616654Z[Etc/UTC], estimatedCompletionDate=2025-02-14T23:43:16.308558064Z[Etc/UTC], estimatedDuration=19], buildConfig=BuildConfig[buildScript=#!/bin/bash
cd /var/tmp/testing-dir
chmod +x ./gradlew
./gradlew clean test
, dockerImage=dummy-docker-image:latest, commitHashToBuild=736cbea1e46d6849b41266b2bf1cccd3b9ea55b1, assignmentCommitHash=736cbea1e46d6849b41266b2bf1cccd3b9ea55b1, testCommitHash=ea6267edd396a304305339b036512b63e0374c66, branch=main, programmingLanguage=JAVA, projectType=PLAIN_GRADLE, scaEnabled=false, sequentialTestRunsEnabled=false, resultPaths=[/var/tmp/testing-dir/**/test-results/test/*.xml], timeoutSeconds=0, assignmentCheckoutPath=null, testCheckoutPath=null, solutionCheckoutPath=null, dockerRunConfig=null], submissionResult=null]], publicSshKey=ssh-rsa AAAAB3NzaC1yc2EAAAADAQABAAACAQCOPdMsxRE2jFJ/UEa5/LsBxtwzJcrh3/rYBCQvcMeVpiRfhzQPWu7mrt/G2Ew+i+vRloGH9aqKg6dd1liRncao53Zmd/ePxoatXePNhmzTfkCkcSkTUz7B+QMjkoDDV5jwuFPD6mF3JkhuzSi64n9Zy905t4w2IhVcjM2mL3eYNjiCXt6Qpq3Pkt7dM/Ksw1nxnvuiIALuJLB3FTkXkHqq3PJav+9HSq2r6ZaWgekneaGxlQlb+U+Vy3XOuArKAzK8c8i+0bR+AHiTG6ncYXt7ax3U+TdlDTF7OLP3umwaYjs1NBXOHwG42pevvpKn2fqavZZozk+M05jXLx3bq0O7itxfErWc7etky8qYPyyIMF/txQIVLd78+Ze4d7Y60t5MGbXM5cGE6fFif5fEJwgswXD+BrG0cafz1CTatjSKFdvp8Vp4VszXhHDan1PrP6JEFJ5Cc5GDmLRZPCFa3vL9f5qXgf4bkqKN8MYeEujwJE5nMRWoiJVNakix2bcrrneQMBlnYeYZVWXXXUusAQBzl4NgddC1umZpihZkL1b1MffZAUW3EGEXi7KHnllQhkTLLsQ8ntMgbylqaJKStqaXlLvdeRJcEnUuiFCrHEVVbXRFZR7XVDZ02CE5o3MuaRPty8Kh+jRTF3COlAckHwYEJCNNJvXFgb2CNXL4mjzYDw== test@localhost]
    23:42:59.154 | 566 localvc.event-13 | DEBUG | s.l.LocalCIWebsocketMessagingService : Sending message on topic /topic/admin/build-agents: [BuildAgentInformation[buildAgent=BuildAgentDTO[name=artemis-build-agent-test, memberAddress=[127.0.0.1]:5703, displayName=artemis-build-agent-test], maxNumberOfConcurrentBuildJobs=1, numberOfCurrentBuildJobs=0, runningBuildJobs=[], status=IDLE, recentBuildJobs=null, publicSshKey=null]]
    23:42:59.158 | 566 localvc.event-13 | DEBUG | s.l.LocalCIWebsocketMessagingService : Sending message on topic /topic/admin/build-agent/artemis-build-agent-test: BuildAgentInformation[buildAgent=BuildAgentDTO[name=artemis-build-agent-test, memberAddress=[127.0.0.1]:5703, displayName=artemis-build-agent-test], maxNumberOfConcurrentBuildJobs=1, numberOfCurrentBuildJobs=0, runningBuildJobs=[], status=IDLE, recentBuildJobs=[BuildJobQueueItem[id=4621739576562326, name=SHORT43ACF76B02BC1044B80938509D14043FABDETSTEXC-LOCALCIINTSTUDENT1, buildAgent=BuildAgentDTO[name=artemis-build-agent-test, memberAddress=[127.0.0.1]:5703, displayName=artemis-build-agent-test], participationId=462, courseId=147, exerciseId=298, retryCount=0, priority=2, status=SUCCESSFUL, repositoryInfo=RepositoryInfo[repositoryName=short43acf76b02bc1044b80938509d14043fabdetstexc-localciintstudent1, repositoryType=user, triggeredByPushTo=user, assignmentRepositoryUri=http://localhost:49152/git/SHORT43ACF76B02BC1044B80938509D14043FABDETSTEXC/short43acf76b02bc1044b80938509d14043fabdetstexc-localciintstudent1.git, testRepositoryUri=http://localhost:49152/git/SHORT43ACF76B02BC1044B80938509D14043FABDETSTEXC/short43acf76b02bc1044b80938509d14043fabdetstexc-tests.git, solutionRepositoryUri=null, auxiliaryRepositoryUris=[Ljava.lang.String;@5ac94b24, auxiliaryRepositoryCheckoutDirectories=[Ljava.lang.String;@32a8098c], jobTimingInfo=JobTimingInfo[submissionDate=2025-02-14T23:42:42.326978596Z[Etc/UTC], buildStartDate=2025-02-14T23:42:42.420147010Z[Etc/UTC], buildCompletionDate=2025-02-14T23:42:45.573855829Z[Etc/UTC], estimatedCompletionDate=2025-02-14T23:43:01.420129377Z[Etc/UTC], estimatedDuration=19], buildConfig=BuildConfig[buildScript=#!/bin/bash
cd /var/tmp/testing-dir
chmod +x ./gradlew
./gradlew clean test
, dockerImage=dummy-docker-image:latest, commitHashToBuild=a9c717ccf7bcbe9531d3eee21dbaeb5aab2ff971, assignmentCommitHash=a9c717ccf7bcbe9531d3eee21dbaeb5aab2ff971, testCommitHash=a9c717ccf7bcbe9531d3eee21dbaeb5aab2ff971, branch=main, programmingLanguage=JAVA, projectType=PLAIN_GRADLE, scaEnabled=false, sequentialTestRunsEnabled=false, resultPaths=[/var/tmp/testing-dir/**/test-results/test/*.xml], timeoutSeconds=0, assignmentCheckoutPath=null, testCheckoutPath=null, solutionCheckoutPath=null, dockerRunConfig=DockerRunConfig[isNetworkDisabled=true, env=[key=value]]], submissionResult=ResultDTO[id=132, completionDate=2025-02-14T23:42:45.519869118Z[Etc/UTC], successful=false, score=7.7, rated=true, submission=SubmissionDTO[id=119, submitted=true, type=MANUAL, exampleSubmission=null, submissionDate=2025-02-14T23:42:42.302762Z, commitHash=a9c717ccf7bcbe9531d3eee21dbaeb5aab2ff971, buildFailed=false, buildArtifact=false, participation=ParticipationDTO[id=462, testRun=false, type=programming, submissionCount=null, exercise=ParticipationExerciseDTO[id=298, exerciseType=PROGRAMMING, type=programming, assessmentType=AUTOMATIC, dueDate=2025-02-16T23:42:41.553955Z, assessmentDueDate=null, maxPoints=42.0, course=CourseDTO[id=147, accuracyOfScores=1]]], submissionExerciseType=programming, isProcessing=false, buildStartDate=null, estimatedCompletionDate=null], participation=ParticipationDTO[id=462, testRun=false, type=programming, submissionCount=null, exercise=ParticipationExerciseDTO[id=298, exerciseType=PROGRAMMING, type=programming, assessmentType=AUTOMATIC, dueDate=2025-02-16T23:42:41.553955Z, assessmentDueDate=null, maxPoints=42.0, course=CourseDTO[id=147, accuracyOfScores=1]]], feedbacks=[FeedbackDTO[id=67, text=null, detailText=The exercise expects a class with the name Context in the package testpackage. You did not implement the class in the exercise., hasLongFeedbackText=false, reference=null, credits=0.0, positive=false, type=AUTOMATIC, visibility=ALWAYS, testCase=TestCaseDTO[testName=null, id=13]], FeedbackDTO[id=68, text=null, detailText=The exercise expects a class with the name Policy in the package testpackage. You did not implement the class in the exercise., hasLongFeedbackText=false, reference=null, credits=0.0, positive=false, type=AUTOMATIC, visibility=ALWAYS, testCase=TestCaseDTO[testName=null, id=14]], FeedbackDTO[id=69, text=null, detailText=The exercise expects a class with the name SortStrategy in the package testpackage. You did not implement the class in the exercise., hasLongFeedbackText=false, reference=null, credits=0.0, positive=false, type=AUTOMATIC, visibility=ALWAYS, testCase=TestCaseDTO[testName=null, id=15]], FeedbackDTO[id=70, text=null, detailText=The class 'MergeSort' does not implement the interface 'SortStrategy' as expected. Implement the interface and its methods., hasLongFeedbackText=false, reference=null, credits=0.0, positive=false, type=AUTOMATIC, visibility=ALWAYS, testCase=TestCaseDTO[testName=null, id=10]], FeedbackDTO[id=71, text=null, detailText=The exercise expects a class with the name SortStrategy in the package testpackage. You did not implement the class in the exercise., hasLongFeedbackText=false, reference=null, credits=0.0, positive=false, type=AUTOMATIC, visibility=ALWAYS, testCase=TestCaseDTO[testName=null, id=7]], FeedbackDTO[id=72, text=null, detailText=The class 'BubbleSort' does not implement the interface 'SortStrategy' as expected. Implement the interface and its methods., hasLongFeedbackText=false, reference=null, credits=0.0, positive=false, type=AUTOMATIC, visibility=ALWAYS, testCase=TestCaseDTO[testName=null, id=11]], FeedbackDTO[id=73, text=null, detailText=MergeSort does not sort correctly, hasLongFeedbackText=false, reference=null, credits=0.0, positive=false, type=AUTOMATIC, visibility=ALWAYS, testCase=TestCaseDTO[testName=null, id=16]], FeedbackDTO[id=74, text=null, detailText=The class 'Context' was not found within the submission. Make sure to implement it properly., hasLongFeedbackText=false, reference=null, credits=0.0, positive=false, type=AUTOMATIC, visibility=ALWAYS, testCase=TestCaseDTO[testName=null, id=17]], FeedbackDTO[id=75, text=null, detailText=The class 'Context' was not found within the submission. Make sure to implement it properly., hasLongFeedbackText=false, reference=null, credits=0.0, positive=false, type=AUTOMATIC, visibility=ALWAYS, testCase=TestCaseDTO[testName=null, id=18]], FeedbackDTO[id=76, text=null, detailText=The exercise expects a class with the name Policy in the package testpackage. You did not implement the class in the exercise., hasLongFeedbackText=false, reference=null, credits=0.0, positive=false, type=AUTOMATIC, visibility=ALWAYS, testCase=TestCaseDTO[testName=null, id=12]], FeedbackDTO[id=77, text=null, detailText=The exercise expects a class with the name Context in the package testpackage. You did not implement the class in the exercise., hasLongFeedbackText=false, reference=null, credits=0.0, positive=false, type=AUTOMATIC, visibility=ALWAYS, testCase=TestCaseDTO[testName=null, id=8]], FeedbackDTO[id=78, text=null, detailText=The exercise expects a class with the name Policy in the package testpackage. You did not implement the class in the exercise., hasLongFeedbackText=false, reference=null, credits=0.0, positive=false, type=AUTOMATIC, visibility=ALWAYS, testCase=TestCaseDTO[testName=null, id=9]], FeedbackDTO[id=79, text=null, detailText=null, hasLongFeedbackText=false, reference=null, credits=3.230769230769231, positive=true, type=AUTOMATIC, visibility=ALWAYS, testCase=TestCaseDTO[testName=null, id=19]]], assessmentType=AUTOMATIC, hasComplaint=null, exampleResult=null, testCaseCount=13, passedTestCaseCount=1, codeIssueCount=0]], BuildJobQueueItem[id=4651739576569330, name=SHORTB06DD3F905F4604F6E085260D83ED657A6DFTSTEXC-LOCALCIINTSTUDENT1, buildAgent=BuildAgentDTO[name=artemis-build-agent-test, memberAddress=[127.0.0.1]:5703, displayName=artemis-build-agent-test], participationId=465, courseId=148, exerciseId=299, retryCount=0, priority=2, status=SUCCESSFUL, repositoryInfo=RepositoryInfo[repositoryName=shortb06dd3f905f4604f6e085260d83ed657a6dftstexc-localciintstudent1, repositoryType=user, triggeredByPushTo=user, assignmentRepositoryUri=http://localhost:49152/git/SHORTB06DD3F905F4604F6E085260D83ED657A6DFTSTEXC/shortb06dd3f905f4604f6e085260d83ed657a6dftstexc-localciintstudent1.git, testRepositoryUri=http://localhost:49152/git/SHORTB06DD3F905F4604F6E085260D83ED657A6DFTSTEXC/shortb06dd3f905f4604f6e085260d83ed657a6dftstexc-tests.git, solutionRepositoryUri=null, auxiliaryRepositoryUris=[Ljava.lang.String;@4314f720, auxiliaryRepositoryCheckoutDirectories=[Ljava.lang.String;@6a7712e], jobTimingInfo=JobTimingInfo[submissionDate=2025-02-14T23:42:49.330093960Z[Etc/UTC], buildStartDate=2025-02-14T23:42:49.347797345Z[Etc/UTC], buildCompletionDate=2025-02-14T23:42:51.204319751Z[Etc/UTC], estimatedCompletionDate=2025-02-14T23:43:08.347788449Z[Etc/UTC], estimatedDuration=19], buildConfig=BuildConfig[buildScript=#!/bin/bash
cd /var/tmp/testing-dir
chmod +x ./gradlew
./gradlew clean test
, dockerImage=dummy-docker-image:latest, commitHashToBuild=41581fff25954d36cf07586926ee0c77d1003131, assignmentCommitHash=41581fff25954d36cf07586926ee0c77d1003131, testCommitHash=41581fff25954d36cf07586926ee0c77d1003131, branch=main, programmingLanguage=JAVA, projectType=PLAIN_GRADLE, scaEnabled=false, sequentialTestRunsEnabled=false, resultPaths=[/var/tmp/testing-dir/**/test-results/test/*.xml], timeoutSeconds=0, assignmentCheckoutPath=null, testCheckoutPath=null, solutionCheckoutPath=null, dockerRunConfig=null], submissionResult=ResultDTO[id=133, completionDate=2025-02-14T23:42:51.155372920Z[Etc/UTC], successful=false, score=7.7, rated=true, submission=SubmissionDTO[id=120, submitted=true, type=MANUAL, exampleSubmission=null, submissionDate=2025-02-14T23:42:49.321855Z, commitHash=41581fff25954d36cf07586926ee0c77d1003131, buildFailed=false, buildArtifact=false, participation=ParticipationDTO[id=465, testRun=false, type=programming, submissionCount=null, exercise=ParticipationExerciseDTO[id=299, exerciseType=PROGRAMMING, type=programming, assessmentType=AUTOMATIC, dueDate=2025-02-16T23:42:49.163661Z, assessmentDueDate=null, maxPoints=42.0, course=CourseDTO[id=148, accuracyOfScores=1]]], submissionExerciseType=programming, isProcessing=false, buildStartDate=null, estimatedCompletionDate=null], participation=ParticipationDTO[id=465, testRun=false, type=programming, submissionCount=null, exercise=ParticipationExerciseDTO[id=299, exerciseType=PROGRAMMING, type=programming, assessmentType=AUTOMATIC, dueDate=2025-02-16T23:42:49.163661Z, assessmentDueDate=null, maxPoints=42.0, course=CourseDTO[id=148, accuracyOfScores=1]]], feedbacks=[FeedbackDTO[id=80, text=null, detailText=The exercise expects a class with the name Context in the package testpackage. You did not implement the class in the exercise., hasLongFeedbackText=false, reference=null, credits=0.0, positive=false, type=AUTOMATIC, visibility=ALWAYS, testCase=TestCaseDTO[testName=null, id=26]], FeedbackDTO[id=81, text=null, detailText=The exercise expects a class with the name Policy in the package testpackage. You did not implement the class in the exercise., hasLongFeedbackText=false, reference=null, credits=0.0, positive=false, type=AUTOMATIC, visibility=ALWAYS, testCase=TestCaseDTO[testName=null, id=27]], FeedbackDTO[id=82, text=null, detailText=The exercise expects a class with the name SortStrategy in the package testpackage. You did not implement the class in the exercise., hasLongFeedbackText=false, reference=null, credits=0.0, positive=false, type=AUTOMATIC, visibility=ALWAYS, testCase=TestCaseDTO[testName=null, id=28]], FeedbackDTO[id=83, text=null, detailText=The class 'MergeSort' does not implement the interface 'SortStrategy' as expected. Implement the interface and its methods., hasLongFeedbackText=false, reference=null, credits=0.0, positive=false, type=AUTOMATIC, visibility=ALWAYS, testCase=TestCaseDTO[testName=null, id=23]], FeedbackDTO[id=84, text=null, detailText=The exercise expects a class with the name SortStrategy in the package testpackage. You did not implement the class in the exercise., hasLongFeedbackText=false, reference=null, credits=0.0, positive=false, type=AUTOMATIC, visibility=ALWAYS, testCase=TestCaseDTO[testName=null, id=20]], FeedbackDTO[id=85, text=null, detailText=The class 'BubbleSort' does not implement the interface 'SortStrategy' as expected. Implement the interface and its methods., hasLongFeedbackText=false, reference=null, credits=0.0, positive=false, type=AUTOMATIC, visibility=ALWAYS, testCase=TestCaseDTO[testName=null, id=24]], FeedbackDTO[id=86, text=null, detailText=MergeSort does not sort correctly, hasLongFeedbackText=false, reference=null, credits=0.0, positive=false, type=AUTOMATIC, visibility=ALWAYS, testCase=TestCaseDTO[testName=null, id=29]], FeedbackDTO[id=87, text=null, detailText=The class 'Context' was not found within the submission. Make sure to implement it properly., hasLongFeedbackText=false, reference=null, credits=0.0, positive=false, type=AUTOMATIC, visibility=ALWAYS, testCase=TestCaseDTO[testName=null, id=30]], FeedbackDTO[id=88, text=null, detailText=The class 'Context' was not found within the submission. Make sure to implement it properly., hasLongFeedbackText=false, reference=null, credits=0.0, positive=false, type=AUTOMATIC, visibility=ALWAYS, testCase=TestCaseDTO[testName=null, id=31]], FeedbackDTO[id=89, text=null, detailText=The exercise expects a class with the name Policy in the package testpackage. You did not implement the class in the exercise., hasLongFeedbackText=false, reference=null, credits=0.0, positive=false, type=AUTOMATIC, visibility=ALWAYS, testCase=TestCaseDTO[testName=null, id=25]], FeedbackDTO[id=90, text=null, detailText=The exercise expects a class with the name Context in the package testpackage. You did not implement the class in the exercise., hasLongFeedbackText=false, reference=null, credits=0.0, positive=false, type=AUTOMATIC, visibility=ALWAYS, testCase=TestCaseDTO[testName=null, id=21]], FeedbackDTO[id=91, text=null, detailText=The exercise expects a class with the name Policy in the package testpackage. You did not implement the class in the exercise., hasLongFeedbackText=false, reference=null, credits=0.0, positive=false, type=AUTOMATIC, visibility=ALWAYS, testCase=TestCaseDTO[testName=null, id=22]], FeedbackDTO[id=92, text=null, detailText=null, hasLongFeedbackText=false, reference=null, credits=3.230769230769231, positive=true, type=AUTOMATIC, visibility=ALWAYS, testCase=TestCaseDTO[testName=null, id=32]]], assessmentType=AUTOMATIC, hasComplaint=null, exampleResult=null, testCaseCount=13, passedTestCaseCount=1, codeIssueCount=0]], BuildJobQueueItem[id=4681739576573068, name=SHORTBCF65534040390488B0A46605F5F3776B89ATSTEXC-LOCALCIINTSTUDENT1, buildAgent=BuildAgentDTO[name=artemis-build-agent-test, memberAddress=[127.0.0.1]:5703, displayName=artemis-build-agent-test], participationId=468, courseId=149, exerciseId=300, retryCount=0, priority=2, status=SUCCESSFUL, repositoryInfo=RepositoryInfo[repositoryName=shortbcf65534040390488b0a46605f5f3776b89atstexc-localciintstudent1, repositoryType=user, triggeredByPushTo=user, assignmentRepositoryUri=http://localhost:49152/git/SHORTBCF65534040390488B0A46605F5F3776B89ATSTEXC/shortbcf65534040390488b0a46605f5f3776b89atstexc-localciintstudent1.git, testRepositoryUri=http://localhost:49152/git/SHORTBCF65534040390488B0A46605F5F3776B89ATSTEXC/shortbcf65534040390488b0a46605f5f3776b89atstexc-tests.git, solutionRepositoryUri=null, auxiliaryRepositoryUris=[Ljava.lang.String;@16279ab5, auxiliaryRepositoryCheckoutDirectories=[Ljava.lang.String;@64310594], jobTimingInfo=JobTimingInfo[submissionDate=2025-02-14T23:42:53.068019209Z[Etc/UTC], buildStartDate=2025-02-14T23:42:53.092867394Z[Etc/UTC], buildCompletionDate=2025-02-14T23:42:55.086950323Z[Etc/UTC], estimatedCompletionDate=2025-02-14T23:43:12.092858828Z[Etc/UTC], estimatedDuration=19], buildConfig=BuildConfig[buildScript=#!/bin/bash
cd /var/tmp/testing-dir
chmod +x ./gradlew
./gradlew clean test
, dockerImage=dummy-docker-image:latest, commitHashToBuild=2d5c0482fc77d3f5ec0841962528a43054e83170, assignmentCommitHash=2d5c0482fc77d3f5ec0841962528a43054e83170, testCommitHash=7477e25d56ce5fee2c938542a7e7ed4ed085d373, branch=main, programmingLanguage=JAVA, projectType=PLAIN_GRADLE, scaEnabled=false, sequentialTestRunsEnabled=false, resultPaths=[/var/tmp/testing-dir/**/test-results/test/*.xml], timeoutSeconds=0, assignmentCheckoutPath=null, testCheckoutPath=null, solutionCheckoutPath=null, dockerRunConfig=null], submissionResult=ResultDTO[id=134, completionDate=2025-02-14T23:42:55.059618627Z[Etc/UTC], successful=false, score=7.7, rated=true, submission=SubmissionDTO[id=121, submitted=true, type=MANUAL, exampleSubmission=null, submissionDate=2025-02-14T23:42:53.048221Z, commitHash=2d5c0482fc77d3f5ec0841962528a43054e83170, buildFailed=false, buildArtifact=false, participation=ParticipationDTO[id=468, testRun=false, type=programming, submissionCount=null, exercise=ParticipationExerciseDTO[id=300, exerciseType=PROGRAMMING, type=programming, assessmentType=AUTOMATIC, dueDate=2025-02-16T23:42:52.873722Z, assessmentDueDate=null, maxPoints=42.0, course=CourseDTO[id=149, accuracyOfScores=1]]], submissionExerciseType=programming, isProcessing=false, buildStartDate=null, estimatedCompletionDate=null], participation=ParticipationDTO[id=468, testRun=false, type=programming, submissionCount=null, exercise=ParticipationExerciseDTO[id=300, exerciseType=PROGRAMMING, type=programming, assessmentType=AUTOMATIC, dueDate=2025-02-16T23:42:52.873722Z, assessmentDueDate=null, maxPoints=42.0, course=CourseDTO[id=149, accuracyOfScores=1]]], feedbacks=[FeedbackDTO[id=93, text=null, detailText=The exercise expects a class with the name Context in the package testpackage. You did not implement the class in the exercise., hasLongFeedbackText=false, reference=null, credits=0.0, positive=false, type=AUTOMATIC, visibility=ALWAYS, testCase=TestCaseDTO[testName=null, id=39]], FeedbackDTO[id=94, text=null, detailText=The exercise expects a class with the name Policy in the package testpackage. You did not implement the class in the exercise., hasLongFeedbackText=false, reference=null, credits=0.0, positive=false, type=AUTOMATIC, visibility=ALWAYS, testCase=TestCaseDTO[testName=null, id=40]], FeedbackDTO[id=95, text=null, detailText=The exercise expects a class with the name SortStrategy in the package testpackage. You did not implement the class in the exercise., hasLongFeedbackText=false, reference=null, credits=0.0, positive=false, type=AUTOMATIC, visibility=ALWAYS, testCase=TestCaseDTO[testName=null, id=41]], FeedbackDTO[id=96, text=null, detailText=The class 'MergeSort' does not implement the interface 'SortStrategy' as expected. Implement the interface and its methods., hasLongFeedbackText=false, reference=null, credits=0.0, positive=false, type=AUTOMATIC, visibility=ALWAYS, testCase=TestCaseDTO[testName=null, id=36]], FeedbackDTO[id=97, text=null, detailText=The exercise expects a class with the name SortStrategy in the package testpackage. You did not implement the class in the exercise., hasLongFeedbackText=false, reference=null, credits=0.0, positive=false, type=AUTOMATIC, visibility=ALWAYS, testCase=TestCaseDTO[testName=null, id=33]], FeedbackDTO[id=98, text=null, detailText=The class 'BubbleSort' does not implement the interface 'SortStrategy' as expected. Implement the interface and its methods., hasLongFeedbackText=false, reference=null, credits=0.0, positive=false, type=AUTOMATIC, visibility=ALWAYS, testCase=TestCaseDTO[testName=null, id=37]], FeedbackDTO[id=99, text=null, detailText=MergeSort does not sort correctly, hasLongFeedbackText=false, reference=null, credits=0.0, positive=false, type=AUTOMATIC, visibility=ALWAYS, testCase=TestCaseDTO[testName=null, id=42]], FeedbackDTO[id=100, text=null, detailText=The class 'Context' was not found within the submission. Make sure to implement it properly., hasLongFeedbackText=false, reference=null, credits=0.0, positive=false, type=AUTOMATIC, visibility=ALWAYS, testCase=TestCaseDTO[testName=null, id=43]], FeedbackDTO[id=101, text=null, detailText=The class 'Context' was not found within the submission. Make sure to implement it properly., hasLongFeedbackText=false, reference=null, credits=0.0, positive=false, type=AUTOMATIC, visibility=ALWAYS, testCase=TestCaseDTO[testName=null, id=44]], FeedbackDTO[id=102, text=null, detailText=The exercise expects a class with the name Policy in the package testpackage. You did not implement the class in the exercise., hasLongFeedbackText=false, reference=null, credits=0.0, positive=false, type=AUTOMATIC, visibility=ALWAYS, testCase=TestCaseDTO[testName=null, id=38]], FeedbackDTO[id=103, text=null, detailText=The exercise expects a class with the name Context in the package testpackage. You did not implement the class in the exercise., hasLongFeedbackText=false, reference=null, credits=0.0, positive=false, type=AUTOMATIC, visibility=ALWAYS, testCase=TestCaseDTO[testName=null, id=34]], FeedbackDTO[id=104, text=null, detailText=The exercise expects a class with the name Policy in the package testpackage. You did not implement the class in the exercise., hasLongFeedbackText=false, reference=null, credits=0.0, positive=false, type=AUTOMATIC, visibility=ALWAYS, testCase=TestCaseDTO[testName=null, id=35]], FeedbackDTO[id=105, text=null, detailText=null, hasLongFeedbackText=false, reference=null, credits=3.230769230769231, positive=true, type=AUTOMATIC, visibility=ALWAYS, testCase=TestCaseDTO[testName=null, id=45]]], assessmentType=AUTOMATIC, hasComplaint=null, exampleResult=null, testCaseCount=13, passedTestCaseCount=1, codeIssueCount=0]], BuildJobQueueItem[id=4741739576577297, name=SHORT88A9A223023E2047B709E4A029FA08BCF2CFTSTEXC-LOCALCIINTSTUDENT1, buildAgent=BuildAgentDTO[name=artemis-build-agent-test, memberAddress=[127.0.0.1]:5703, displayName=artemis-build-agent-test], participationId=474, courseId=151, exerciseId=302, retryCount=0, priority=2, status=SUCCESSFUL, repositoryInfo=RepositoryInfo[repositoryName=short88a9a223023e2047b709e4a029fa08bcf2cftstexc-localciintstudent1, repositoryType=user, triggeredByPushTo=user, assignmentRepositoryUri=http://localhost:49152/git/SHORT88A9A223023E2047B709E4A029FA08BCF2CFTSTEXC/short88a9a223023e2047b709e4a029fa08bcf2cftstexc-localciintstudent1.git, testRepositoryUri=http://localhost:49152/git/SHORT88A9A223023E2047B709E4A029FA08BCF2CFTSTEXC/short88a9a223023e2047b709e4a029fa08bcf2cftstexc-tests.git, solutionRepositoryUri=null, auxiliaryRepositoryUris=[Ljava.lang.String;@f853c5, auxiliaryRepositoryCheckoutDirectories=[Ljava.lang.String;@3d6b7cf5], jobTimingInfo=JobTimingInfo[submissionDate=2025-02-14T23:42:57.297342281Z[Etc/UTC], buildStartDate=2025-02-14T23:42:57.308570327Z[Etc/UTC], buildCompletionDate=2025-02-14T23:42:59.047616654Z[Etc/UTC], estimatedCompletionDate=2025-02-14T23:43:16.308558064Z[Etc/UTC], estimatedDuration=19], buildConfig=BuildConfig[buildScript=#!/bin/bash
cd /var/tmp/testing-dir
chmod +x ./gradlew
./gradlew clean test
, dockerImage=dummy-docker-image:latest, commitHashToBuild=736cbea1e46d6849b41266b2bf1cccd3b9ea55b1, assignmentCommitHash=736cbea1e46d6849b41266b2bf1cccd3b9ea55b1, testCommitHash=ea6267edd396a304305339b036512b63e0374c66, branch=main, programmingLanguage=JAVA, projectType=PLAIN_GRADLE, scaEnabled=false, sequentialTestRunsEnabled=false, resultPaths=[/var/tmp/testing-dir/**/test-results/test/*.xml], timeoutSeconds=0, assignmentCheckoutPath=null, testCheckoutPath=null, solutionCheckoutPath=null, dockerRunConfig=null], submissionResult=ResultDTO[id=135, completionDate=2025-02-14T23:42:59.014168821Z[Etc/UTC], successful=false, score=7.7, rated=true, submission=SubmissionDTO[id=123, submitted=true, type=MANUAL, exampleSubmission=null, submissionDate=2025-02-14T23:42:57.278471Z, commitHash=736cbea1e46d6849b41266b2bf1cccd3b9ea55b1, buildFailed=false, buildArtifact=false, participation=ParticipationDTO[id=474, testRun=false, type=programming, submissionCount=null, exercise=ParticipationExerciseDTO[id=302, exerciseType=PROGRAMMING, type=programming, assessmentType=AUTOMATIC, dueDate=2025-02-16T23:42:56.796251Z, assessmentDueDate=null, maxPoints=42.0, course=CourseDTO[id=151, accuracyOfScores=1]]], submissionExerciseType=programming, isProcessing=false, buildStartDate=null, estimatedCompletionDate=null], participation=ParticipationDTO[id=474, testRun=false, type=programming, submissionCount=null, exercise=ParticipationExerciseDTO[id=302, exerciseType=PROGRAMMING, type=programming, assessmentType=AUTOMATIC, dueDate=2025-02-16T23:42:56.796251Z, assessmentDueDate=null, maxPoints=42.0, course=CourseDTO[id=151, accuracyOfScores=1]]], feedbacks=[FeedbackDTO[id=106, text=null, detailText=The exercise expects a class with the name Context in the package testpackage. You did not implement the class in the exercise., hasLongFeedbackText=false, reference=null, credits=0.0, positive=false, type=AUTOMATIC, visibility=ALWAYS, testCase=TestCaseDTO[testName=null, id=65]], FeedbackDTO[id=107, text=null, detailText=The exercise expects a class with the name Policy in the package testpackage. You did not implement the class in the exercise., hasLongFeedbackText=false, reference=null, credits=0.0, positive=false, type=AUTOMATIC, visibility=ALWAYS, testCase=TestCaseDTO[testName=null, id=66]], FeedbackDTO[id=108, text=null, detailText=The exercise expects a class with the name SortStrategy in the package testpackage. You did not implement the class in the exercise., hasLongFeedbackText=false, reference=null, credits=0.0, positive=false, type=AUTOMATIC, visibility=ALWAYS, testCase=TestCaseDTO[testName=null, id=67]], FeedbackDTO[id=109, text=null, detailText=The class 'MergeSort' does not implement the interface 'SortStrategy' as expected. Implement the interface and its methods., hasLongFeedbackText=false, reference=null, credits=0.0, positive=false, type=AUTOMATIC, visibility=ALWAYS, testCase=TestCaseDTO[testName=null, id=62]], FeedbackDTO[id=110, text=null, detailText=The exercise expects a class with the name SortStrategy in the package testpackage. You did not implement the class in the exercise., hasLongFeedbackText=false, reference=null, credits=0.0, positive=false, type=AUTOMATIC, visibility=ALWAYS, testCase=TestCaseDTO[testName=null, id=59]], FeedbackDTO[id=111, text=null, detailText=The class 'BubbleSort' does not implement the interface 'SortStrategy' as expected. Implement the interface and its methods., hasLongFeedbackText=false, reference=null, credits=0.0, positive=false, type=AUTOMATIC, visibility=ALWAYS, testCase=TestCaseDTO[testName=null, id=63]], FeedbackDTO[id=112, text=null, detailText=MergeSort does not sort correctly, hasLongFeedbackText=false, reference=null, credits=0.0, positive=false, type=AUTOMATIC, visibility=ALWAYS, testCase=TestCaseDTO[testName=null, id=68]], FeedbackDTO[id=113, text=null, detailText=The class 'Context' was not found within the submission. Make sure to implement it properly., hasLongFeedbackText=false, reference=null, credits=0.0, positive=false, type=AUTOMATIC, visibility=ALWAYS, testCase=TestCaseDTO[testName=null, id=69]], FeedbackDTO[id=114, text=null, detailText=The class 'Context' was not found within the submission. Make sure to implement it properly., hasLongFeedbackText=false, reference=null, credits=0.0, positive=false, type=AUTOMATIC, visibility=ALWAYS, testCase=TestCaseDTO[testName=null, id=70]], FeedbackDTO[id=115, text=null, detailText=The exercise expects a class with the name Policy in the package testpackage. You did not implement the class in the exercise., hasLongFeedbackText=false, reference=null, credits=0.0, positive=false, type=AUTOMATIC, visibility=ALWAYS, testCase=TestCaseDTO[testName=null, id=64]], FeedbackDTO[id=116, text=null, detailText=The exercise expects a class with the name Context in the package testpackage. You did not implement the class in the exercise., hasLongFeedbackText=false, reference=null, credits=0.0, positive=false, type=AUTOMATIC, visibility=ALWAYS, testCase=TestCaseDTO[testName=null, id=60]], FeedbackDTO[id=117, text=null, detailText=The exercise expects a class with the name Policy in the package testpackage. You did not implement the class in the exercise., hasLongFeedbackText=false, reference=null, credits=0.0, positive=false, type=AUTOMATIC, visibility=ALWAYS, testCase=TestCaseDTO[testName=null, id=61]], FeedbackDTO[id=118, text=null, detailText=null, hasLongFeedbackText=false, reference=null, credits=3.230769230769231, positive=true, type=AUTOMATIC, visibility=ALWAYS, testCase=TestCaseDTO[testName=null, id=71]]], assessmentType=AUTOMATIC, hasComplaint=null, exampleResult=null, testCaseCount=13, passedTestCaseCount=1, codeIssueCount=0]]], publicSshKey=ssh-rsa AAAAB3NzaC1yc2EAAAADAQABAAACAQCOPdMsxRE2jFJ/UEa5/LsBxtwzJcrh3/rYBCQvcMeVpiRfhzQPWu7mrt/G2Ew+i+vRloGH9aqKg6dd1liRncao53Zmd/ePxoatXePNhmzTfkCkcSkTUz7B+QMjkoDDV5jwuFPD6mF3JkhuzSi64n9Zy905t4w2IhVcjM2mL3eYNjiCXt6Qpq3Pkt7dM/Ksw1nxnvuiIALuJLB3FTkXkHqq3PJav+9HSq2r6ZaWgekneaGxlQlb+U+Vy3XOuArKAzK8c8i+0bR+AHiTG6ncYXt7ax3U+TdlDTF7OLP3umwaYjs1NBXOHwG42pevvpKn2fqavZZozk+M05jXLx3bq0O7itxfErWc7etky8qYPyyIMF/txQIVLd78+Ze4d7Y60t5MGbXM5cGE6fFif5fEJwgswXD+BrG0cafz1CTatjSKFdvp8Vp4VszXhHDan1PrP6JEFJ5Cc5GDmLRZPCFa3vL9f5qXgf4bkqKN8MYeEujwJE5nMRWoiJVNakix2bcrrneQMBlnYeYZVWXXXUusAQBzl4NgddC1umZpihZkL1b1MffZAUW3EGEXi7KHnllQhkTLLsQ8ntMgbylqaJKStqaXlLvdeRJcEnUuiFCrHEVVbXRFZR7XVDZ02CE5o3MuaRPty8Kh+jRTF3COlAckHwYEJCNNJvXFgb2CNXL4mjzYDw== test@localhost]
    23:42:59.159 | 566 localvc.event-13 | DEBUG | a.p.s.l.SharedQueueManagementService : Build agent updated: null
    23:42:59.166 | 566 localvc.event-13 | DEBUG | a.p.s.l.LocalCIQueueWebsocketService : Build agent updated: BuildAgentInformation[buildAgent=BuildAgentDTO[name=artemis-build-agent-test, memberAddress=[127.0.0.1]:5703, displayName=artemis-build-agent-test], maxNumberOfConcurrentBuildJobs=1, numberOfCurrentBuildJobs=0, runningBuildJobs=[], status=IDLE, recentBuildJobs=[BuildJobQueueItem[id=4621739576562326, name=SHORT43ACF76B02BC1044B80938509D14043FABDETSTEXC-LOCALCIINTSTUDENT1, buildAgent=BuildAgentDTO[name=artemis-build-agent-test, memberAddress=[127.0.0.1]:5703, displayName=artemis-build-agent-test], participationId=462, courseId=147, exerciseId=298, retryCount=0, priority=2, status=SUCCESSFUL, repositoryInfo=RepositoryInfo[repositoryName=short43acf76b02bc1044b80938509d14043fabdetstexc-localciintstudent1, repositoryType=user, triggeredByPushTo=user, assignmentRepositoryUri=http://localhost:49152/git/SHORT43ACF76B02BC1044B80938509D14043FABDETSTEXC/short43acf76b02bc1044b80938509d14043fabdetstexc-localciintstudent1.git, testRepositoryUri=http://localhost:49152/git/SHORT43ACF76B02BC1044B80938509D14043FABDETSTEXC/short43acf76b02bc1044b80938509d14043fabdetstexc-tests.git, solutionRepositoryUri=null, auxiliaryRepositoryUris=[Ljava.lang.String;@7bc21108, auxiliaryRepositoryCheckoutDirectories=[Ljava.lang.String;@396613ce], jobTimingInfo=JobTimingInfo[submissionDate=2025-02-14T23:42:42.326978596Z[Etc/UTC], buildStartDate=2025-02-14T23:42:42.420147010Z[Etc/UTC], buildCompletionDate=2025-02-14T23:42:45.573855829Z[Etc/UTC], estimatedCompletionDate=2025-02-14T23:43:01.420129377Z[Etc/UTC], estimatedDuration=19], buildConfig=BuildConfig[buildScript=#!/bin/bash
cd /var/tmp/testing-dir
chmod +x ./gradlew
./gradlew clean test
, dockerImage=dummy-docker-image:latest, commitHashToBuild=a9c717ccf7bcbe9531d3eee21dbaeb5aab2ff971, assignmentCommitHash=a9c717ccf7bcbe9531d3eee21dbaeb5aab2ff971, testCommitHash=a9c717ccf7bcbe9531d3eee21dbaeb5aab2ff971, branch=main, programmingLanguage=JAVA, projectType=PLAIN_GRADLE, scaEnabled=false, sequentialTestRunsEnabled=false, resultPaths=[/var/tmp/testing-dir/**/test-results/test/*.xml], timeoutSeconds=0, assignmentCheckoutPath=null, testCheckoutPath=null, solutionCheckoutPath=null, dockerRunConfig=DockerRunConfig[isNetworkDisabled=true, env=[key=value]]], submissionResult=ResultDTO[id=132, completionDate=2025-02-14T23:42:45.519869118Z[Etc/UTC], successful=false, score=7.7, rated=true, submission=SubmissionDTO[id=119, submitted=true, type=MANUAL, exampleSubmission=null, submissionDate=2025-02-14T23:42:42.302762Z, commitHash=a9c717ccf7bcbe9531d3eee21dbaeb5aab2ff971, buildFailed=false, buildArtifact=false, participation=ParticipationDTO[id=462, testRun=false, type=programming, submissionCount=null, exercise=ParticipationExerciseDTO[id=298, exerciseType=PROGRAMMING, type=programming, assessmentType=AUTOMATIC, dueDate=2025-02-16T23:42:41.553955Z, assessmentDueDate=null, maxPoints=42.0, course=CourseDTO[id=147, accuracyOfScores=1]]], submissionExerciseType=programming, isProcessing=false, buildStartDate=null, estimatedCompletionDate=null], participation=ParticipationDTO[id=462, testRun=false, type=programming, submissionCount=null, exercise=ParticipationExerciseDTO[id=298, exerciseType=PROGRAMMING, type=programming, assessmentType=AUTOMATIC, dueDate=2025-02-16T23:42:41.553955Z, assessmentDueDate=null, maxPoints=42.0, course=CourseDTO[id=147, accuracyOfScores=1]]], feedbacks=[FeedbackDTO[id=67, text=null, detailText=The exercise expects a class with the name Context in the package testpackage. You did not implement the class in the exercise., hasLongFeedbackText=false, reference=null, credits=0.0, positive=false, type=AUTOMATIC, visibility=ALWAYS, testCase=TestCaseDTO[testName=null, id=13]], FeedbackDTO[id=68, text=null, detailText=The exercise expects a class with the name Policy in the package testpackage. You did not implement the class in the exercise., hasLongFeedbackText=false, reference=null, credits=0.0, positive=false, type=AUTOMATIC, visibility=ALWAYS, testCase=TestCaseDTO[testName=null, id=14]], FeedbackDTO[id=69, text=null, detailText=The exercise expects a class with the name SortStrategy in the package testpackage. You did not implement the class in the exercise., hasLongFeedbackText=false, reference=null, credits=0.0, positive=false, type=AUTOMATIC, visibility=ALWAYS, testCase=TestCaseDTO[testName=null, id=15]], FeedbackDTO[id=70, text=null, detailText=The class 'MergeSort' does not implement the interface 'SortStrategy' as expected. Implement the interface and its methods., hasLongFeedbackText=false, reference=null, credits=0.0, positive=false, type=AUTOMATIC, visibility=ALWAYS, testCase=TestCaseDTO[testName=null, id=10]], FeedbackDTO[id=71, text=null, detailText=The exercise expects a class with the name SortStrategy in the package testpackage. You did not implement the class in the exercise., hasLongFeedbackText=false, reference=null, credits=0.0, positive=false, type=AUTOMATIC, visibility=ALWAYS, testCase=TestCaseDTO[testName=null, id=7]], FeedbackDTO[id=72, text=null, detailText=The class 'BubbleSort' does not implement the interface 'SortStrategy' as expected. Implement the interface and its methods., hasLongFeedbackText=false, reference=null, credits=0.0, positive=false, type=AUTOMATIC, visibility=ALWAYS, testCase=TestCaseDTO[testName=null, id=11]], FeedbackDTO[id=73, text=null, detailText=MergeSort does not sort correctly, hasLongFeedbackText=false, reference=null, credits=0.0, positive=false, type=AUTOMATIC, visibility=ALWAYS, testCase=TestCaseDTO[testName=null, id=16]], FeedbackDTO[id=74, text=null, detailText=The class 'Context' was not found within the submission. Make sure to implement it properly., hasLongFeedbackText=false, reference=null, credits=0.0, positive=false, type=AUTOMATIC, visibility=ALWAYS, testCase=TestCaseDTO[testName=null, id=17]], FeedbackDTO[id=75, text=null, detailText=The class 'Context' was not found within the submission. Make sure to implement it properly., hasLongFeedbackText=false, reference=null, credits=0.0, positive=false, type=AUTOMATIC, visibility=ALWAYS, testCase=TestCaseDTO[testName=null, id=18]], FeedbackDTO[id=76, text=null, detailText=The exercise expects a class with the name Policy in the package testpackage. You did not implement the class in the exercise., hasLongFeedbackText=false, reference=null, credits=0.0, positive=false, type=AUTOMATIC, visibility=ALWAYS, testCase=TestCaseDTO[testName=null, id=12]], FeedbackDTO[id=77, text=null, detailText=The exercise expects a class with the name Context in the package testpackage. You did not implement the class in the exercise., hasLongFeedbackText=false, reference=null, credits=0.0, positive=false, type=AUTOMATIC, visibility=ALWAYS, testCase=TestCaseDTO[testName=null, id=8]], FeedbackDTO[id=78, text=null, detailText=The exercise expects a class with the name Policy in the package testpackage. You did not implement the class in the exercise., hasLongFeedbackText=false, reference=null, credits=0.0, positive=false, type=AUTOMATIC, visibility=ALWAYS, testCase=TestCaseDTO[testName=null, id=9]], FeedbackDTO[id=79, text=null, detailText=null, hasLongFeedbackText=false, reference=null, credits=3.230769230769231, positive=true, type=AUTOMATIC, visibility=ALWAYS, testCase=TestCaseDTO[testName=null, id=19]]], assessmentType=AUTOMATIC, hasComplaint=null, exampleResult=null, testCaseCount=13, passedTestCaseCount=1, codeIssueCount=0]], BuildJobQueueItem[id=4651739576569330, name=SHORTB06DD3F905F4604F6E085260D83ED657A6DFTSTEXC-LOCALCIINTSTUDENT1, buildAgent=BuildAgentDTO[name=artemis-build-agent-test, memberAddress=[127.0.0.1]:5703, displayName=artemis-build-agent-test], participationId=465, courseId=148, exerciseId=299, retryCount=0, priority=2, status=SUCCESSFUL, repositoryInfo=RepositoryInfo[repositoryName=shortb06dd3f905f4604f6e085260d83ed657a6dftstexc-localciintstudent1, repositoryType=user, triggeredByPushTo=user, assignmentRepositoryUri=http://localhost:49152/git/SHORTB06DD3F905F4604F6E085260D83ED657A6DFTSTEXC/shortb06dd3f905f4604f6e085260d83ed657a6dftstexc-localciintstudent1.git, testRepositoryUri=http://localhost:49152/git/SHORTB06DD3F905F4604F6E085260D83ED657A6DFTSTEXC/shortb06dd3f905f4604f6e085260d83ed657a6dftstexc-tests.git, solutionRepositoryUri=null, auxiliaryRepositoryUris=[Ljava.lang.String;@5f0c4cc3, auxiliaryRepositoryCheckoutDirectories=[Ljava.lang.String;@55eb69ae], jobTimingInfo=JobTimingInfo[submissionDate=2025-02-14T23:42:49.330093960Z[Etc/UTC], buildStartDate=2025-02-14T23:42:49.347797345Z[Etc/UTC], buildCompletionDate=2025-02-14T23:42:51.204319751Z[Etc/UTC], estimatedCompletionDate=2025-02-14T23:43:08.347788449Z[Etc/UTC], estimatedDuration=19], buildConfig=BuildConfig[buildScript=#!/bin/bash
cd /var/tmp/testing-dir
chmod +x ./gradlew
./gradlew clean test
, dockerImage=dummy-docker-image:latest, commitHashToBuild=41581fff25954d36cf07586926ee0c77d1003131, assignmentCommitHash=41581fff25954d36cf07586926ee0c77d1003131, testCommitHash=41581fff25954d36cf07586926ee0c77d1003131, branch=main, programmingLanguage=JAVA, projectType=PLAIN_GRADLE, scaEnabled=false, sequentialTestRunsEnabled=false, resultPaths=[/var/tmp/testing-dir/**/test-results/test/*.xml], timeoutSeconds=0, assignmentCheckoutPath=null, testCheckoutPath=null, solutionCheckoutPath=null, dockerRunConfig=null], submissionResult=ResultDTO[id=133, completionDate=2025-02-14T23:42:51.155372920Z[Etc/UTC], successful=false, score=7.7, rated=true, submission=SubmissionDTO[id=120, submitted=true, type=MANUAL, exampleSubmission=null, submissionDate=2025-02-14T23:42:49.321855Z, commitHash=41581fff25954d36cf07586926ee0c77d1003131, buildFailed=false, buildArtifact=false, participation=ParticipationDTO[id=465, testRun=false, type=programming, submissionCount=null, exercise=ParticipationExerciseDTO[id=299, exerciseType=PROGRAMMING, type=programming, assessmentType=AUTOMATIC, dueDate=2025-02-16T23:42:49.163661Z, assessmentDueDate=null, maxPoints=42.0, course=CourseDTO[id=148, accuracyOfScores=1]]], submissionExerciseType=programming, isProcessing=false, buildStartDate=null, estimatedCompletionDate=null], participation=ParticipationDTO[id=465, testRun=false, type=programming, submissionCount=null, exercise=ParticipationExerciseDTO[id=299, exerciseType=PROGRAMMING, type=programming, assessmentType=AUTOMATIC, dueDate=2025-02-16T23:42:49.163661Z, assessmentDueDate=null, maxPoints=42.0, course=CourseDTO[id=148, accuracyOfScores=1]]], feedbacks=[FeedbackDTO[id=80, text=null, detailText=The exercise expects a class with the name Context in the package testpackage. You did not implement the class in the exercise., hasLongFeedbackText=false, reference=null, credits=0.0, positive=false, type=AUTOMATIC, visibility=ALWAYS, testCase=TestCaseDTO[testName=null, id=26]], FeedbackDTO[id=81, text=null, detailText=The exercise expects a class with the name Policy in the package testpackage. You did not implement the class in the exercise., hasLongFeedbackText=false, reference=null, credits=0.0, positive=false, type=AUTOMATIC, visibility=ALWAYS, testCase=TestCaseDTO[testName=null, id=27]], FeedbackDTO[id=82, text=null, detailText=The exercise expects a class with the name SortStrategy in the package testpackage. You did not implement the class in the exercise., hasLongFeedbackText=false, reference=null, credits=0.0, positive=false, type=AUTOMATIC, visibility=ALWAYS, testCase=TestCaseDTO[testName=null, id=28]], FeedbackDTO[id=83, text=null, detailText=The class 'MergeSort' does not implement the interface 'SortStrategy' as expected. Implement the interface and its methods., hasLongFeedbackText=false, reference=null, credits=0.0, positive=false, type=AUTOMATIC, visibility=ALWAYS, testCase=TestCaseDTO[testName=null, id=23]], FeedbackDTO[id=84, text=null, detailText=The exercise expects a class with the name SortStrategy in the package testpackage. You did not implement the class in the exercise., hasLongFeedbackText=false, reference=null, credits=0.0, positive=false, type=AUTOMATIC, visibility=ALWAYS, testCase=TestCaseDTO[testName=null, id=20]], FeedbackDTO[id=85, text=null, detailText=The class 'BubbleSort' does not implement the interface 'SortStrategy' as expected. Implement the interface and its methods., hasLongFeedbackText=false, reference=null, credits=0.0, positive=false, type=AUTOMATIC, visibility=ALWAYS, testCase=TestCaseDTO[testName=null, id=24]], FeedbackDTO[id=86, text=null, detailText=MergeSort does not sort correctly, hasLongFeedbackText=false, reference=null, credits=0.0, positive=false, type=AUTOMATIC, visibility=ALWAYS, testCase=TestCaseDTO[testName=null, id=29]], FeedbackDTO[id=87, text=null, detailText=The class 'Context' was not found within the submission. Make sure to implement it properly., hasLongFeedbackText=false, reference=null, credits=0.0, positive=false, type=AUTOMATIC, visibility=ALWAYS, testCase=TestCaseDTO[testName=null, id=30]], FeedbackDTO[id=88, text=null, detailText=The class 'Context' was not found within the submission. Make sure to implement it properly., hasLongFeedbackText=false, reference=null, credits=0.0, positive=false, type=AUTOMATIC, visibility=ALWAYS, testCase=TestCaseDTO[testName=null, id=31]], FeedbackDTO[id=89, text=null, detailText=The exercise expects a class with the name Policy in the package testpackage. You did not implement the class in the exercise., hasLongFeedbackText=false, reference=null, credits=0.0, positive=false, type=AUTOMATIC, visibility=ALWAYS, testCase=TestCaseDTO[testName=null, id=25]], FeedbackDTO[id=90, text=null, detailText=The exercise expects a class with the name Context in the package testpackage. You did not implement the class in the exercise., hasLongFeedbackText=false, reference=null, credits=0.0, positive=false, type=AUTOMATIC, visibility=ALWAYS, testCase=TestCaseDTO[testName=null, id=21]], FeedbackDTO[id=91, text=null, detailText=The exercise expects a class with the name Policy in the package testpackage. You did not implement the class in the exercise., hasLongFeedbackText=false, reference=null, credits=0.0, positive=false, type=AUTOMATIC, visibility=ALWAYS, testCase=TestCaseDTO[testName=null, id=22]], FeedbackDTO[id=92, text=null, detailText=null, hasLongFeedbackText=false, reference=null, credits=3.230769230769231, positive=true, type=AUTOMATIC, visibility=ALWAYS, testCase=TestCaseDTO[testName=null, id=32]]], assessmentType=AUTOMATIC, hasComplaint=null, exampleResult=null, testCaseCount=13, passedTestCaseCount=1, codeIssueCount=0]], BuildJobQueueItem[id=4681739576573068, name=SHORTBCF65534040390488B0A46605F5F3776B89ATSTEXC-LOCALCIINTSTUDENT1, buildAgent=BuildAgentDTO[name=artemis-build-agent-test, memberAddress=[127.0.0.1]:5703, displayName=artemis-build-agent-test], participationId=468, courseId=149, exerciseId=300, retryCount=0, priority=2, status=SUCCESSFUL, repositoryInfo=RepositoryInfo[repositoryName=shortbcf65534040390488b0a46605f5f3776b89atstexc-localciintstudent1, repositoryType=user, triggeredByPushTo=user, assignmentRepositoryUri=http://localhost:49152/git/SHORTBCF65534040390488B0A46605F5F3776B89ATSTEXC/shortbcf65534040390488b0a46605f5f3776b89atstexc-localciintstudent1.git, testRepositoryUri=http://localhost:49152/git/SHORTBCF65534040390488B0A46605F5F3776B89ATSTEXC/shortbcf65534040390488b0a46605f5f3776b89atstexc-tests.git, solutionRepositoryUri=null, auxiliaryRepositoryUris=[Ljava.lang.String;@3e4a784a, auxiliaryRepositoryCheckoutDirectories=[Ljava.lang.String;@37bbf42e], jobTimingInfo=JobTimingInfo[submissionDate=2025-02-14T23:42:53.068019209Z[Etc/UTC], buildStartDate=2025-02-14T23:42:53.092867394Z[Etc/UTC], buildCompletionDate=2025-02-14T23:42:55.086950323Z[Etc/UTC], estimatedCompletionDate=2025-02-14T23:43:12.092858828Z[Etc/UTC], estimatedDuration=19], buildConfig=BuildConfig[buildScript=#!/bin/bash
cd /var/tmp/testing-dir
chmod +x ./gradlew
./gradlew clean test
, dockerImage=dummy-docker-image:latest, commitHashToBuild=2d5c0482fc77d3f5ec0841962528a43054e83170, assignmentCommitHash=2d5c0482fc77d3f5ec0841962528a43054e83170, testCommitHash=7477e25d56ce5fee2c938542a7e7ed4ed085d373, branch=main, programmingLanguage=JAVA, projectType=PLAIN_GRADLE, scaEnabled=false, sequentialTestRunsEnabled=false, resultPaths=[/var/tmp/testing-dir/**/test-results/test/*.xml], timeoutSeconds=0, assignmentCheckoutPath=null, testCheckoutPath=null, solutionCheckoutPath=null, dockerRunConfig=null], submissionResult=ResultDTO[id=134, completionDate=2025-02-14T23:42:55.059618627Z[Etc/UTC], successful=false, score=7.7, rated=true, submission=SubmissionDTO[id=121, submitted=true, type=MANUAL, exampleSubmission=null, submissionDate=2025-02-14T23:42:53.048221Z, commitHash=2d5c0482fc77d3f5ec0841962528a43054e83170, buildFailed=false, buildArtifact=false, participation=ParticipationDTO[id=468, testRun=false, type=programming, submissionCount=null, exercise=ParticipationExerciseDTO[id=300, exerciseType=PROGRAMMING, type=programming, assessmentType=AUTOMATIC, dueDate=2025-02-16T23:42:52.873722Z, assessmentDueDate=null, maxPoints=42.0, course=CourseDTO[id=149, accuracyOfScores=1]]], submissionExerciseType=programming, isProcessing=false, buildStartDate=null, estimatedCompletionDate=null], participation=ParticipationDTO[id=468, testRun=false, type=programming, submissionCount=null, exercise=ParticipationExerciseDTO[id=300, exerciseType=PROGRAMMING, type=programming, assessmentType=AUTOMATIC, dueDate=2025-02-16T23:42:52.873722Z, assessmentDueDate=null, maxPoints=42.0, course=CourseDTO[id=149, accuracyOfScores=1]]], feedbacks=[FeedbackDTO[id=93, text=null, detailText=The exercise expects a class with the name Context in the package testpackage. You did not implement the class in the exercise., hasLongFeedbackText=false, reference=null, credits=0.0, positive=false, type=AUTOMATIC, visibility=ALWAYS, testCase=TestCaseDTO[testName=null, id=39]], FeedbackDTO[id=94, text=null, detailText=The exercise expects a class with the name Policy in the package testpackage. You did not implement the class in the exercise., hasLongFeedbackText=false, reference=null, credits=0.0, positive=false, type=AUTOMATIC, visibility=ALWAYS, testCase=TestCaseDTO[testName=null, id=40]], FeedbackDTO[id=95, text=null, detailText=The exercise expects a class with the name SortStrategy in the package testpackage. You did not implement the class in the exercise., hasLongFeedbackText=false, reference=null, credits=0.0, positive=false, type=AUTOMATIC, visibility=ALWAYS, testCase=TestCaseDTO[testName=null, id=41]], FeedbackDTO[id=96, text=null, detailText=The class 'MergeSort' does not implement the interface 'SortStrategy' as expected. Implement the interface and its methods., hasLongFeedbackText=false, reference=null, credits=0.0, positive=false, type=AUTOMATIC, visibility=ALWAYS, testCase=TestCaseDTO[testName=null, id=36]], FeedbackDTO[id=97, text=null, detailText=The exercise expects a class with the name SortStrategy in the package testpackage. You did not implement the class in the exercise., hasLongFeedbackText=false, reference=null, credits=0.0, positive=false, type=AUTOMATIC, visibility=ALWAYS, testCase=TestCaseDTO[testName=null, id=33]], FeedbackDTO[id=98, text=null, detailText=The class 'BubbleSort' does not implement the interface 'SortStrategy' as expected. Implement the interface and its methods., hasLongFeedbackText=false, reference=null, credits=0.0, positive=false, type=AUTOMATIC, visibility=ALWAYS, testCase=TestCaseDTO[testName=null, id=37]], FeedbackDTO[id=99, text=null, detailText=MergeSort does not sort correctly, hasLongFeedbackText=false, reference=null, credits=0.0, positive=false, type=AUTOMATIC, visibility=ALWAYS, testCase=TestCaseDTO[testName=null, id=42]], FeedbackDTO[id=100, text=null, detailText=The class 'Context' was not found within the submission. Make sure to implement it properly., hasLongFeedbackText=false, reference=null, credits=0.0, positive=false, type=AUTOMATIC, visibility=ALWAYS, testCase=TestCaseDTO[testName=null, id=43]], FeedbackDTO[id=101, text=null, detailText=The class 'Context' was not found within the submission. Make sure to implement it properly., hasLongFeedbackText=false, reference=null, credits=0.0, positive=false, type=AUTOMATIC, visibility=ALWAYS, testCase=TestCaseDTO[testName=null, id=44]], FeedbackDTO[id=102, text=null, detailText=The exercise expects a class with the name Policy in the package testpackage. You did not implement the class in the exercise., hasLongFeedbackText=false, reference=null, credits=0.0, positive=false, type=AUTOMATIC, visibility=ALWAYS, testCase=TestCaseDTO[testName=null, id=38]], FeedbackDTO[id=103, text=null, detailText=The exercise expects a class with the name Context in the package testpackage. You did not implement the class in the exercise., hasLongFeedbackText=false, reference=null, credits=0.0, positive=false, type=AUTOMATIC, visibility=ALWAYS, testCase=TestCaseDTO[testName=null, id=34]], FeedbackDTO[id=104, text=null, detailText=The exercise expects a class with the name Policy in the package testpackage. You did not implement the class in the exercise., hasLongFeedbackText=false, reference=null, credits=0.0, positive=false, type=AUTOMATIC, visibility=ALWAYS, testCase=TestCaseDTO[testName=null, id=35]], FeedbackDTO[id=105, text=null, detailText=null, hasLongFeedbackText=false, reference=null, credits=3.230769230769231, positive=true, type=AUTOMATIC, visibility=ALWAYS, testCase=TestCaseDTO[testName=null, id=45]]], assessmentType=AUTOMATIC, hasComplaint=null, exampleResult=null, testCaseCount=13, passedTestCaseCount=1, codeIssueCount=0]], BuildJobQueueItem[id=4741739576577297, name=SHORT88A9A223023E2047B709E4A029FA08BCF2CFTSTEXC-LOCALCIINTSTUDENT1, buildAgent=BuildAgentDTO[name=artemis-build-agent-test, memberAddress=[127.0.0.1]:5703, displayName=artemis-build-agent-test], participationId=474, courseId=151, exerciseId=302, retryCount=0, priority=2, status=SUCCESSFUL, repositoryInfo=RepositoryInfo[repositoryName=short88a9a223023e2047b709e4a029fa08bcf2cftstexc-localciintstudent1, repositoryType=user, triggeredByPushTo=user, assignmentRepositoryUri=http://localhost:49152/git/SHORT88A9A223023E2047B709E4A029FA08BCF2CFTSTEXC/short88a9a223023e2047b709e4a029fa08bcf2cftstexc-localciintstudent1.git, testRepositoryUri=http://localhost:49152/git/SHORT88A9A223023E2047B709E4A029FA08BCF2CFTSTEXC/short88a9a223023e2047b709e4a029fa08bcf2cftstexc-tests.git, solutionRepositoryUri=null, auxiliaryRepositoryUris=[Ljava.lang.String;@a6cdc4e, auxiliaryRepositoryCheckoutDirectories=[Ljava.lang.String;@4c462b4], jobTimingInfo=JobTimingInfo[submissionDate=2025-02-14T23:42:57.297342281Z[Etc/UTC], buildStartDate=2025-02-14T23:42:57.308570327Z[Etc/UTC], buildCompletionDate=2025-02-14T23:42:59.047616654Z[Etc/UTC], estimatedCompletionDate=2025-02-14T23:43:16.308558064Z[Etc/UTC], estimatedDuration=19], buildConfig=BuildConfig[buildScript=#!/bin/bash
cd /var/tmp/testing-dir
chmod +x ./gradlew
./gradlew clean test
, dockerImage=dummy-docker-image:latest, commitHashToBuild=736cbea1e46d6849b41266b2bf1cccd3b9ea55b1, assignmentCommitHash=736cbea1e46d6849b41266b2bf1cccd3b9ea55b1, testCommitHash=ea6267edd396a304305339b036512b63e0374c66, branch=main, programmingLanguage=JAVA, projectType=PLAIN_GRADLE, scaEnabled=false, sequentialTestRunsEnabled=false, resultPaths=[/var/tmp/testing-dir/**/test-results/test/*.xml], timeoutSeconds=0, assignmentCheckoutPath=null, testCheckoutPath=null, solutionCheckoutPath=null, dockerRunConfig=null], submissionResult=ResultDTO[id=135, completionDate=2025-02-14T23:42:59.014168821Z[Etc/UTC], successful=false, score=7.7, rated=true, submission=SubmissionDTO[id=123, submitted=true, type=MANUAL, exampleSubmission=null, submissionDate=2025-02-14T23:42:57.278471Z, commitHash=736cbea1e46d6849b41266b2bf1cccd3b9ea55b1, buildFailed=false, buildArtifact=false, participation=ParticipationDTO[id=474, testRun=false, type=programming, submissionCount=null, exercise=ParticipationExerciseDTO[id=302, exerciseType=PROGRAMMING, type=programming, assessmentType=AUTOMATIC, dueDate=2025-02-16T23:42:56.796251Z, assessmentDueDate=null, maxPoints=42.0, course=CourseDTO[id=151, accuracyOfScores=1]]], submissionExerciseType=programming, isProcessing=false, buildStartDate=null, estimatedCompletionDate=null], participation=ParticipationDTO[id=474, testRun=false, type=programming, submissionCount=null, exercise=ParticipationExerciseDTO[id=302, exerciseType=PROGRAMMING, type=programming, assessmentType=AUTOMATIC, dueDate=2025-02-16T23:42:56.796251Z, assessmentDueDate=null, maxPoints=42.0, course=CourseDTO[id=151, accuracyOfScores=1]]], feedbacks=[FeedbackDTO[id=106, text=null, detailText=The exercise expects a class with the name Context in the package testpackage. You did not implement the class in the exercise., hasLongFeedbackText=false, reference=null, credits=0.0, positive=false, type=AUTOMATIC, visibility=ALWAYS, testCase=TestCaseDTO[testName=null, id=65]], FeedbackDTO[id=107, text=null, detailText=The exercise expects a class with the name Policy in the package testpackage. You did not implement the class in the exercise., hasLongFeedbackText=false, reference=null, credits=0.0, positive=false, type=AUTOMATIC, visibility=ALWAYS, testCase=TestCaseDTO[testName=null, id=66]], FeedbackDTO[id=108, text=null, detailText=The exercise expects a class with the name SortStrategy in the package testpackage. You did not implement the class in the exercise., hasLongFeedbackText=false, reference=null, credits=0.0, positive=false, type=AUTOMATIC, visibility=ALWAYS, testCase=TestCaseDTO[testName=null, id=67]], FeedbackDTO[id=109, text=null, detailText=The class 'MergeSort' does not implement the interface 'SortStrategy' as expected. Implement the interface and its methods., hasLongFeedbackText=false, reference=null, credits=0.0, positive=false, type=AUTOMATIC, visibility=ALWAYS, testCase=TestCaseDTO[testName=null, id=62]], FeedbackDTO[id=110, text=null, detailText=The exercise expects a class with the name SortStrategy in the package testpackage. You did not implement the class in the exercise., hasLongFeedbackText=false, reference=null, credits=0.0, positive=false, type=AUTOMATIC, visibility=ALWAYS, testCase=TestCaseDTO[testName=null, id=59]], FeedbackDTO[id=111, text=null, detailText=The class 'BubbleSort' does not implement the interface 'SortStrategy' as expected. Implement the interface and its methods., hasLongFeedbackText=false, reference=null, credits=0.0, positive=false, type=AUTOMATIC, visibility=ALWAYS, testCase=TestCaseDTO[testName=null, id=63]], FeedbackDTO[id=112, text=null, detailText=MergeSort does not sort correctly, hasLongFeedbackText=false, reference=null, credits=0.0, positive=false, type=AUTOMATIC, visibility=ALWAYS, testCase=TestCaseDTO[testName=null, id=68]], FeedbackDTO[id=113, text=null, detailText=The class 'Context' was not found within the submission. Make sure to implement it properly., hasLongFeedbackText=false, reference=null, credits=0.0, positive=false, type=AUTOMATIC, visibility=ALWAYS, testCase=TestCaseDTO[testName=null, id=69]], FeedbackDTO[id=114, text=null, detailText=The class 'Context' was not found within the submission. Make sure to implement it properly., hasLongFeedbackText=false, reference=null, credits=0.0, positive=false, type=AUTOMATIC, visibility=ALWAYS, testCase=TestCaseDTO[testName=null, id=70]], FeedbackDTO[id=115, text=null, detailText=The exercise expects a class with the name Policy in the package testpackage. You did not implement the class in the exercise., hasLongFeedbackText=false, reference=null, credits=0.0, positive=false, type=AUTOMATIC, visibility=ALWAYS, testCase=TestCaseDTO[testName=null, id=64]], FeedbackDTO[id=116, text=null, detailText=The exercise expects a class with the name Context in the package testpackage. You did not implement the class in the exercise., hasLongFeedbackText=false, reference=null, credits=0.0, positive=false, type=AUTOMATIC, visibility=ALWAYS, testCase=TestCaseDTO[testName=null, id=60]], FeedbackDTO[id=117, text=null, detailText=The exercise expects a class with the name Policy in the package testpackage. You did not implement the class in the exercise., hasLongFeedbackText=false, reference=null, credits=0.0, positive=false, type=AUTOMATIC, visibility=ALWAYS, testCase=TestCaseDTO[testName=null, id=61]], FeedbackDTO[id=118, text=null, detailText=null, hasLongFeedbackText=false, reference=null, credits=3.230769230769231, positive=true, type=AUTOMATIC, visibility=ALWAYS, testCase=TestCaseDTO[testName=null, id=71]]], assessmentType=AUTOMATIC, hasComplaint=null, exampleResult=null, testCaseCount=13, passedTestCaseCount=1, codeIssueCount=0]]], publicSshKey=ssh-rsa AAAAB3NzaC1yc2EAAAADAQABAAACAQCOPdMsxRE2jFJ/UEa5/LsBxtwzJcrh3/rYBCQvcMeVpiRfhzQPWu7mrt/G2Ew+i+vRloGH9aqKg6dd1liRncao53Zmd/ePxoatXePNhmzTfkCkcSkTUz7B+QMjkoDDV5jwuFPD6mF3JkhuzSi64n9Zy905t4w2IhVcjM2mL3eYNjiCXt6Qpq3Pkt7dM/Ksw1nxnvuiIALuJLB3FTkXkHqq3PJav+9HSq2r6ZaWgekneaGxlQlb+U+Vy3XOuArKAzK8c8i+0bR+AHiTG6ncYXt7ax3U+TdlDTF7OLP3umwaYjs1NBXOHwG42pevvpKn2fqavZZozk+M05jXLx3bq0O7itxfErWc7etky8qYPyyIMF/txQIVLd78+Ze4d7Y60t5MGbXM5cGE6fFif5fEJwgswXD+BrG0cafz1CTatjSKFdvp8Vp4VszXhHDan1PrP6JEFJ5Cc5GDmLRZPCFa3vL9f5qXgf4bkqKN8MYeEujwJE5nMRWoiJVNakix2bcrrneQMBlnYeYZVWXXXUusAQBzl4NgddC1umZpihZkL1b1MffZAUW3EGEXi7KHnllQhkTLLsQ8ntMgbylqaJKStqaXlLvdeRJcEnUuiFCrHEVVbXRFZR7XVDZ02CE5o3MuaRPty8Kh+jRTF3COlAckHwYEJCNNJvXFgb2CNXL4mjzYDw== test@localhost]
    23:42:59.170 | 566 localvc.event-13 | DEBUG | s.l.LocalCIWebsocketMessagingService : Sending message on topic /topic/admin/build-agents: [BuildAgentInformation[buildAgent=BuildAgentDTO[name=artemis-build-agent-test, memberAddress=[127.0.0.1]:5703, displayName=artemis-build-agent-test], maxNumberOfConcurrentBuildJobs=1, numberOfCurrentBuildJobs=0, runningBuildJobs=[], status=IDLE, recentBuildJobs=null, publicSshKey=null]]
    23:42:59.172 | 566 localvc.event-13 | DEBUG | s.l.LocalCIWebsocketMessagingService : Sending message on topic /topic/admin/build-agent/artemis-build-agent-test: BuildAgentInformation[buildAgent=BuildAgentDTO[name=artemis-build-agent-test, memberAddress=[127.0.0.1]:5703, displayName=artemis-build-agent-test], maxNumberOfConcurrentBuildJobs=1, numberOfCurrentBuildJobs=0, runningBuildJobs=[], status=IDLE, recentBuildJobs=[BuildJobQueueItem[id=4621739576562326, name=SHORT43ACF76B02BC1044B80938509D14043FABDETSTEXC-LOCALCIINTSTUDENT1, buildAgent=BuildAgentDTO[name=artemis-build-agent-test, memberAddress=[127.0.0.1]:5703, displayName=artemis-build-agent-test], participationId=462, courseId=147, exerciseId=298, retryCount=0, priority=2, status=SUCCESSFUL, repositoryInfo=RepositoryInfo[repositoryName=short43acf76b02bc1044b80938509d14043fabdetstexc-localciintstudent1, repositoryType=user, triggeredByPushTo=user, assignmentRepositoryUri=http://localhost:49152/git/SHORT43ACF76B02BC1044B80938509D14043FABDETSTEXC/short43acf76b02bc1044b80938509d14043fabdetstexc-localciintstudent1.git, testRepositoryUri=http://localhost:49152/git/SHORT43ACF76B02BC1044B80938509D14043FABDETSTEXC/short43acf76b02bc1044b80938509d14043fabdetstexc-tests.git, solutionRepositoryUri=null, auxiliaryRepositoryUris=[Ljava.lang.String;@6d317308, auxiliaryRepositoryCheckoutDirectories=[Ljava.lang.String;@4ac77dd8], jobTimingInfo=JobTimingInfo[submissionDate=2025-02-14T23:42:42.326978596Z[Etc/UTC], buildStartDate=2025-02-14T23:42:42.420147010Z[Etc/UTC], buildCompletionDate=2025-02-14T23:42:45.573855829Z[Etc/UTC], estimatedCompletionDate=2025-02-14T23:43:01.420129377Z[Etc/UTC], estimatedDuration=19], buildConfig=BuildConfig[buildScript=#!/bin/bash
cd /var/tmp/testing-dir
chmod +x ./gradlew
./gradlew clean test
, dockerImage=dummy-docker-image:latest, commitHashToBuild=a9c717ccf7bcbe9531d3eee21dbaeb5aab2ff971, assignmentCommitHash=a9c717ccf7bcbe9531d3eee21dbaeb5aab2ff971, testCommitHash=a9c717ccf7bcbe9531d3eee21dbaeb5aab2ff971, branch=main, programmingLanguage=JAVA, projectType=PLAIN_GRADLE, scaEnabled=false, sequentialTestRunsEnabled=false, resultPaths=[/var/tmp/testing-dir/**/test-results/test/*.xml], timeoutSeconds=0, assignmentCheckoutPath=null, testCheckoutPath=null, solutionCheckoutPath=null, dockerRunConfig=DockerRunConfig[isNetworkDisabled=true, env=[key=value]]], submissionResult=ResultDTO[id=132, completionDate=2025-02-14T23:42:45.519869118Z[Etc/UTC], successful=false, score=7.7, rated=true, submission=SubmissionDTO[id=119, submitted=true, type=MANUAL, exampleSubmission=null, submissionDate=2025-02-14T23:42:42.302762Z, commitHash=a9c717ccf7bcbe9531d3eee21dbaeb5aab2ff971, buildFailed=false, buildArtifact=false, participation=ParticipationDTO[id=462, testRun=false, type=programming, submissionCount=null, exercise=ParticipationExerciseDTO[id=298, exerciseType=PROGRAMMING, type=programming, assessmentType=AUTOMATIC, dueDate=2025-02-16T23:42:41.553955Z, assessmentDueDate=null, maxPoints=42.0, course=CourseDTO[id=147, accuracyOfScores=1]]], submissionExerciseType=programming, isProcessing=false, buildStartDate=null, estimatedCompletionDate=null], participation=ParticipationDTO[id=462, testRun=false, type=programming, submissionCount=null, exercise=ParticipationExerciseDTO[id=298, exerciseType=PROGRAMMING, type=programming, assessmentType=AUTOMATIC, dueDate=2025-02-16T23:42:41.553955Z, assessmentDueDate=null, maxPoints=42.0, course=CourseDTO[id=147, accuracyOfScores=1]]], feedbacks=[FeedbackDTO[id=67, text=null, detailText=The exercise expects a class with the name Context in the package testpackage. You did not implement the class in the exercise., hasLongFeedbackText=false, reference=null, credits=0.0, positive=false, type=AUTOMATIC, visibility=ALWAYS, testCase=TestCaseDTO[testName=null, id=13]], FeedbackDTO[id=68, text=null, detailText=The exercise expects a class with the name Policy in the package testpackage. You did not implement the class in the exercise., hasLongFeedbackText=false, reference=null, credits=0.0, positive=false, type=AUTOMATIC, visibility=ALWAYS, testCase=TestCaseDTO[testName=null, id=14]], FeedbackDTO[id=69, text=null, detailText=The exercise expects a class with the name SortStrategy in the package testpackage. You did not implement the class in the exercise., hasLongFeedbackText=false, reference=null, credits=0.0, positive=false, type=AUTOMATIC, visibility=ALWAYS, testCase=TestCaseDTO[testName=null, id=15]], FeedbackDTO[id=70, text=null, detailText=The class 'MergeSort' does not implement the interface 'SortStrategy' as expected. Implement the interface and its methods., hasLongFeedbackText=false, reference=null, credits=0.0, positive=false, type=AUTOMATIC, visibility=ALWAYS, testCase=TestCaseDTO[testName=null, id=10]], FeedbackDTO[id=71, text=null, detailText=The exercise expects a class with the name SortStrategy in the package testpackage. You did not implement the class in the exercise., hasLongFeedbackText=false, reference=null, credits=0.0, positive=false, type=AUTOMATIC, visibility=ALWAYS, testCase=TestCaseDTO[testName=null, id=7]], FeedbackDTO[id=72, text=null, detailText=The class 'BubbleSort' does not implement the interface 'SortStrategy' as expected. Implement the interface and its methods., hasLongFeedbackText=false, reference=null, credits=0.0, positive=false, type=AUTOMATIC, visibility=ALWAYS, testCase=TestCaseDTO[testName=null, id=11]], FeedbackDTO[id=73, text=null, detailText=MergeSort does not sort correctly, hasLongFeedbackText=false, reference=null, credits=0.0, positive=false, type=AUTOMATIC, visibility=ALWAYS, testCase=TestCaseDTO[testName=null, id=16]], FeedbackDTO[id=74, text=null, detailText=The class 'Context' was not found within the submission. Make sure to implement it properly., hasLongFeedbackText=false, reference=null, credits=0.0, positive=false, type=AUTOMATIC, visibility=ALWAYS, testCase=TestCaseDTO[testName=null, id=17]], FeedbackDTO[id=75, text=null, detailText=The class 'Context' was not found within the submission. Make sure to implement it properly., hasLongFeedbackText=false, reference=null, credits=0.0, positive=false, type=AUTOMATIC, visibility=ALWAYS, testCase=TestCaseDTO[testName=null, id=18]], FeedbackDTO[id=76, text=null, detailText=The exercise expects a class with the name Policy in the package testpackage. You did not implement the class in the exercise., hasLongFeedbackText=false, reference=null, credits=0.0, positive=false, type=AUTOMATIC, visibility=ALWAYS, testCase=TestCaseDTO[testName=null, id=12]], FeedbackDTO[id=77, text=null, detailText=The exercise expects a class with the name Context in the package testpackage. You did not implement the class in the exercise., hasLongFeedbackText=false, reference=null, credits=0.0, positive=false, type=AUTOMATIC, visibility=ALWAYS, testCase=TestCaseDTO[testName=null, id=8]], FeedbackDTO[id=78, text=null, detailText=The exercise expects a class with the name Policy in the package testpackage. You did not implement the class in the exercise., hasLongFeedbackText=false, reference=null, credits=0.0, positive=false, type=AUTOMATIC, visibility=ALWAYS, testCase=TestCaseDTO[testName=null, id=9]], FeedbackDTO[id=79, text=null, detailText=null, hasLongFeedbackText=false, reference=null, credits=3.230769230769231, positive=true, type=AUTOMATIC, visibility=ALWAYS, testCase=TestCaseDTO[testName=null, id=19]]], assessmentType=AUTOMATIC, hasComplaint=null, exampleResult=null, testCaseCount=13, passedTestCaseCount=1, codeIssueCount=0]], BuildJobQueueItem[id=4651739576569330, name=SHORTB06DD3F905F4604F6E085260D83ED657A6DFTSTEXC-LOCALCIINTSTUDENT1, buildAgent=BuildAgentDTO[name=artemis-build-agent-test, memberAddress=[127.0.0.1]:5703, displayName=artemis-build-agent-test], participationId=465, courseId=148, exerciseId=299, retryCount=0, priority=2, status=SUCCESSFUL, repositoryInfo=RepositoryInfo[repositoryName=shortb06dd3f905f4604f6e085260d83ed657a6dftstexc-localciintstudent1, repositoryType=user, triggeredByPushTo=user, assignmentRepositoryUri=http://localhost:49152/git/SHORTB06DD3F905F4604F6E085260D83ED657A6DFTSTEXC/shortb06dd3f905f4604f6e085260d83ed657a6dftstexc-localciintstudent1.git, testRepositoryUri=http://localhost:49152/git/SHORTB06DD3F905F4604F6E085260D83ED657A6DFTSTEXC/shortb06dd3f905f4604f6e085260d83ed657a6dftstexc-tests.git, solutionRepositoryUri=null, auxiliaryRepositoryUris=[Ljava.lang.String;@2d93657c, auxiliaryRepositoryCheckoutDirectories=[Ljava.lang.String;@36557cdf], jobTimingInfo=JobTimingInfo[submissionDate=2025-02-14T23:42:49.330093960Z[Etc/UTC], buildStartDate=2025-02-14T23:42:49.347797345Z[Etc/UTC], buildCompletionDate=2025-02-14T23:42:51.204319751Z[Etc/UTC], estimatedCompletionDate=2025-02-14T23:43:08.347788449Z[Etc/UTC], estimatedDuration=19], buildConfig=BuildConfig[buildScript=#!/bin/bash
cd /var/tmp/testing-dir
chmod +x ./gradlew
./gradlew clean test
, dockerImage=dummy-docker-image:latest, commitHashToBuild=41581fff25954d36cf07586926ee0c77d1003131, assignmentCommitHash=41581fff25954d36cf07586926ee0c77d1003131, testCommitHash=41581fff25954d36cf07586926ee0c77d1003131, branch=main, programmingLanguage=JAVA, projectType=PLAIN_GRADLE, scaEnabled=false, sequentialTestRunsEnabled=false, resultPaths=[/var/tmp/testing-dir/**/test-results/test/*.xml], timeoutSeconds=0, assignmentCheckoutPath=null, testCheckoutPath=null, solutionCheckoutPath=null, dockerRunConfig=null], submissionResult=ResultDTO[id=133, completionDate=2025-02-14T23:42:51.155372920Z[Etc/UTC], successful=false, score=7.7, rated=true, submission=SubmissionDTO[id=120, submitted=true, type=MANUAL, exampleSubmission=null, submissionDate=2025-02-14T23:42:49.321855Z, commitHash=41581fff25954d36cf07586926ee0c77d1003131, buildFailed=false, buildArtifact=false, participation=ParticipationDTO[id=465, testRun=false, type=programming, submissionCount=null, exercise=ParticipationExerciseDTO[id=299, exerciseType=PROGRAMMING, type=programming, assessmentType=AUTOMATIC, dueDate=2025-02-16T23:42:49.163661Z, assessmentDueDate=null, maxPoints=42.0, course=CourseDTO[id=148, accuracyOfScores=1]]], submissionExerciseType=programming, isProcessing=false, buildStartDate=null, estimatedCompletionDate=null], participation=ParticipationDTO[id=465, testRun=false, type=programming, submissionCount=null, exercise=ParticipationExerciseDTO[id=299, exerciseType=PROGRAMMING, type=programming, assessmentType=AUTOMATIC, dueDate=2025-02-16T23:42:49.163661Z, assessmentDueDate=null, maxPoints=42.0, course=CourseDTO[id=148, accuracyOfScores=1]]], feedbacks=[FeedbackDTO[id=80, text=null, detailText=The exercise expects a class with the name Context in the package testpackage. You did not implement the class in the exercise., hasLongFeedbackText=false, reference=null, credits=0.0, positive=false, type=AUTOMATIC, visibility=ALWAYS, testCase=TestCaseDTO[testName=null, id=26]], FeedbackDTO[id=81, text=null, detailText=The exercise expects a class with the name Policy in the package testpackage. You did not implement the class in the exercise., hasLongFeedbackText=false, reference=null, credits=0.0, positive=false, type=AUTOMATIC, visibility=ALWAYS, testCase=TestCaseDTO[testName=null, id=27]], FeedbackDTO[id=82, text=null, detailText=The exercise expects a class with the name SortStrategy in the package testpackage. You did not implement the class in the exercise., hasLongFeedbackText=false, reference=null, credits=0.0, positive=false, type=AUTOMATIC, visibility=ALWAYS, testCase=TestCaseDTO[testName=null, id=28]], FeedbackDTO[id=83, text=null, detailText=The class 'MergeSort' does not implement the interface 'SortStrategy' as expected. Implement the interface and its methods., hasLongFeedbackText=false, reference=null, credits=0.0, positive=false, type=AUTOMATIC, visibility=ALWAYS, testCase=TestCaseDTO[testName=null, id=23]], FeedbackDTO[id=84, text=null, detailText=The exercise expects a class with the name SortStrategy in the package testpackage. You did not implement the class in the exercise., hasLongFeedbackText=false, reference=null, credits=0.0, positive=false, type=AUTOMATIC, visibility=ALWAYS, testCase=TestCaseDTO[testName=null, id=20]], FeedbackDTO[id=85, text=null, detailText=The class 'BubbleSort' does not implement the interface 'SortStrategy' as expected. Implement the interface and its methods., hasLongFeedbackText=false, reference=null, credits=0.0, positive=false, type=AUTOMATIC, visibility=ALWAYS, testCase=TestCaseDTO[testName=null, id=24]], FeedbackDTO[id=86, text=null, detailText=MergeSort does not sort correctly, hasLongFeedbackText=false, reference=null, credits=0.0, positive=false, type=AUTOMATIC, visibility=ALWAYS, testCase=TestCaseDTO[testName=null, id=29]], FeedbackDTO[id=87, text=null, detailText=The class 'Context' was not found within the submission. Make sure to implement it properly., hasLongFeedbackText=false, reference=null, credits=0.0, positive=false, type=AUTOMATIC, visibility=ALWAYS, testCase=TestCaseDTO[testName=null, id=30]], FeedbackDTO[id=88, text=null, detailText=The class 'Context' was not found within the submission. Make sure to implement it properly., hasLongFeedbackText=false, reference=null, credits=0.0, positive=false, type=AUTOMATIC, visibility=ALWAYS, testCase=TestCaseDTO[testName=null, id=31]], FeedbackDTO[id=89, text=null, detailText=The exercise expects a class with the name Policy in the package testpackage. You did not implement the class in the exercise., hasLongFeedbackText=false, reference=null, credits=0.0, positive=false, type=AUTOMATIC, visibility=ALWAYS, testCase=TestCaseDTO[testName=null, id=25]], FeedbackDTO[id=90, text=null, detailText=The exercise expects a class with the name Context in the package testpackage. You did not implement the class in the exercise., hasLongFeedbackText=false, reference=null, credits=0.0, positive=false, type=AUTOMATIC, visibility=ALWAYS, testCase=TestCaseDTO[testName=null, id=21]], FeedbackDTO[id=91, text=null, detailText=The exercise expects a class with the name Policy in the package testpackage. You did not implement the class in the exercise., hasLongFeedbackText=false, reference=null, credits=0.0, positive=false, type=AUTOMATIC, visibility=ALWAYS, testCase=TestCaseDTO[testName=null, id=22]], FeedbackDTO[id=92, text=null, detailText=null, hasLongFeedbackText=false, reference=null, credits=3.230769230769231, positive=true, type=AUTOMATIC, visibility=ALWAYS, testCase=TestCaseDTO[testName=null, id=32]]], assessmentType=AUTOMATIC, hasComplaint=null, exampleResult=null, testCaseCount=13, passedTestCaseCount=1, codeIssueCount=0]], BuildJobQueueItem[id=4681739576573068, name=SHORTBCF65534040390488B0A46605F5F3776B89ATSTEXC-LOCALCIINTSTUDENT1, buildAgent=BuildAgentDTO[name=artemis-build-agent-test, memberAddress=[127.0.0.1]:5703, displayName=artemis-build-agent-test], participationId=468, courseId=149, exerciseId=300, retryCount=0, priority=2, status=SUCCESSFUL, repositoryInfo=RepositoryInfo[repositoryName=shortbcf65534040390488b0a46605f5f3776b89atstexc-localciintstudent1, repositoryType=user, triggeredByPushTo=user, assignmentRepositoryUri=http://localhost:49152/git/SHORTBCF65534040390488B0A46605F5F3776B89ATSTEXC/shortbcf65534040390488b0a46605f5f3776b89atstexc-localciintstudent1.git, testRepositoryUri=http://localhost:49152/git/SHORTBCF65534040390488B0A46605F5F3776B89ATSTEXC/shortbcf65534040390488b0a46605f5f3776b89atstexc-tests.git, solutionRepositoryUri=null, auxiliaryRepositoryUris=[Ljava.lang.String;@509ae02e, auxiliaryRepositoryCheckoutDirectories=[Ljava.lang.String;@21427e58], jobTimingInfo=JobTimingInfo[submissionDate=2025-02-14T23:42:53.068019209Z[Etc/UTC], buildStartDate=2025-02-14T23:42:53.092867394Z[Etc/UTC], buildCompletionDate=2025-02-14T23:42:55.086950323Z[Etc/UTC], estimatedCompletionDate=2025-02-14T23:43:12.092858828Z[Etc/UTC], estimatedDuration=19], buildConfig=BuildConfig[buildScript=#!/bin/bash
cd /var/tmp/testing-dir
chmod +x ./gradlew
./gradlew clean test
, dockerImage=dummy-docker-image:latest, commitHashToBuild=2d5c0482fc77d3f5ec0841962528a43054e83170, assignmentCommitHash=2d5c0482fc77d3f5ec0841962528a43054e83170, testCommitHash=7477e25d56ce5fee2c938542a7e7ed4ed085d373, branch=main, programmingLanguage=JAVA, projectType=PLAIN_GRADLE, scaEnabled=false, sequentialTestRunsEnabled=false, resultPaths=[/var/tmp/testing-dir/**/test-results/test/*.xml], timeoutSeconds=0, assignmentCheckoutPath=null, testCheckoutPath=null, solutionCheckoutPath=null, dockerRunConfig=null], submissionResult=ResultDTO[id=134, completionDate=2025-02-14T23:42:55.059618627Z[Etc/UTC], successful=false, score=7.7, rated=true, submission=SubmissionDTO[id=121, submitted=true, type=MANUAL, exampleSubmission=null, submissionDate=2025-02-14T23:42:53.048221Z, commitHash=2d5c0482fc77d3f5ec0841962528a43054e83170, buildFailed=false, buildArtifact=false, participation=ParticipationDTO[id=468, testRun=false, type=programming, submissionCount=null, exercise=ParticipationExerciseDTO[id=300, exerciseType=PROGRAMMING, type=programming, assessmentType=AUTOMATIC, dueDate=2025-02-16T23:42:52.873722Z, assessmentDueDate=null, maxPoints=42.0, course=CourseDTO[id=149, accuracyOfScores=1]]], submissionExerciseType=programming, isProcessing=false, buildStartDate=null, estimatedCompletionDate=null], participation=ParticipationDTO[id=468, testRun=false, type=programming, submissionCount=null, exercise=ParticipationExerciseDTO[id=300, exerciseType=PROGRAMMING, type=programming, assessmentType=AUTOMATIC, dueDate=2025-02-16T23:42:52.873722Z, assessmentDueDate=null, maxPoints=42.0, course=CourseDTO[id=149, accuracyOfScores=1]]], feedbacks=[FeedbackDTO[id=93, text=null, detailText=The exercise expects a class with the name Context in the package testpackage. You did not implement the class in the exercise., hasLongFeedbackText=false, reference=null, credits=0.0, positive=false, type=AUTOMATIC, visibility=ALWAYS, testCase=TestCaseDTO[testName=null, id=39]], FeedbackDTO[id=94, text=null, detailText=The exercise expects a class with the name Policy in the package testpackage. You did not implement the class in the exercise., hasLongFeedbackText=false, reference=null, credits=0.0, positive=false, type=AUTOMATIC, visibility=ALWAYS, testCase=TestCaseDTO[testName=null, id=40]], FeedbackDTO[id=95, text=null, detailText=The exercise expects a class with the name SortStrategy in the package testpackage. You did not implement the class in the exercise., hasLongFeedbackText=false, reference=null, credits=0.0, positive=false, type=AUTOMATIC, visibility=ALWAYS, testCase=TestCaseDTO[testName=null, id=41]], FeedbackDTO[id=96, text=null, detailText=The class 'MergeSort' does not implement the interface 'SortStrategy' as expected. Implement the interface and its methods., hasLongFeedbackText=false, reference=null, credits=0.0, positive=false, type=AUTOMATIC, visibility=ALWAYS, testCase=TestCaseDTO[testName=null, id=36]], FeedbackDTO[id=97, text=null, detailText=The exercise expects a class with the name SortStrategy in the package testpackage. You did not implement the class in the exercise., hasLongFeedbackText=false, reference=null, credits=0.0, positive=false, type=AUTOMATIC, visibility=ALWAYS, testCase=TestCaseDTO[testName=null, id=33]], FeedbackDTO[id=98, text=null, detailText=The class 'BubbleSort' does not implement the interface 'SortStrategy' as expected. Implement the interface and its methods., hasLongFeedbackText=false, reference=null, credits=0.0, positive=false, type=AUTOMATIC, visibility=ALWAYS, testCase=TestCaseDTO[testName=null, id=37]], FeedbackDTO[id=99, text=null, detailText=MergeSort does not sort correctly, hasLongFeedbackText=false, reference=null, credits=0.0, positive=false, type=AUTOMATIC, visibility=ALWAYS, testCase=TestCaseDTO[testName=null, id=42]], FeedbackDTO[id=100, text=null, detailText=The class 'Context' was not found within the submission. Make sure to implement it properly., hasLongFeedbackText=false, reference=null, credits=0.0, positive=false, type=AUTOMATIC, visibility=ALWAYS, testCase=TestCaseDTO[testName=null, id=43]], FeedbackDTO[id=101, text=null, detailText=The class 'Context' was not found within the submission. Make sure to implement it properly., hasLongFeedbackText=false, reference=null, credits=0.0, positive=false, type=AUTOMATIC, visibility=ALWAYS, testCase=TestCaseDTO[testName=null, id=44]], FeedbackDTO[id=102, text=null, detailText=The exercise expects a class with the name Policy in the package testpackage. You did not implement the class in the exercise., hasLongFeedbackText=false, reference=null, credits=0.0, positive=false, type=AUTOMATIC, visibility=ALWAYS, testCase=TestCaseDTO[testName=null, id=38]], FeedbackDTO[id=103, text=null, detailText=The exercise expects a class with the name Context in the package testpackage. You did not implement the class in the exercise., hasLongFeedbackText=false, reference=null, credits=0.0, positive=false, type=AUTOMATIC, visibility=ALWAYS, testCase=TestCaseDTO[testName=null, id=34]], FeedbackDTO[id=104, text=null, detailText=The exercise expects a class with the name Policy in the package testpackage. You did not implement the class in the exercise., hasLongFeedbackText=false, reference=null, credits=0.0, positive=false, type=AUTOMATIC, visibility=ALWAYS, testCase=TestCaseDTO[testName=null, id=35]], FeedbackDTO[id=105, text=null, detailText=null, hasLongFeedbackText=false, reference=null, credits=3.230769230769231, positive=true, type=AUTOMATIC, visibility=ALWAYS, testCase=TestCaseDTO[testName=null, id=45]]], assessmentType=AUTOMATIC, hasComplaint=null, exampleResult=null, testCaseCount=13, passedTestCaseCount=1, codeIssueCount=0]], BuildJobQueueItem[id=4741739576577297, name=SHORT88A9A223023E2047B709E4A029FA08BCF2CFTSTEXC-LOCALCIINTSTUDENT1, buildAgent=BuildAgentDTO[name=artemis-build-agent-test, memberAddress=[127.0.0.1]:5703, displayName=artemis-build-agent-test], participationId=474, courseId=151, exerciseId=302, retryCount=0, priority=2, status=SUCCESSFUL, repositoryInfo=RepositoryInfo[repositoryName=short88a9a223023e2047b709e4a029fa08bcf2cftstexc-localciintstudent1, repositoryType=user, triggeredByPushTo=user, assignmentRepositoryUri=http://localhost:49152/git/SHORT88A9A223023E2047B709E4A029FA08BCF2CFTSTEXC/short88a9a223023e2047b709e4a029fa08bcf2cftstexc-localciintstudent1.git, testRepositoryUri=http://localhost:49152/git/SHORT88A9A223023E2047B709E4A029FA08BCF2CFTSTEXC/short88a9a223023e2047b709e4a029fa08bcf2cftstexc-tests.git, solutionRepositoryUri=null, auxiliaryRepositoryUris=[Ljava.lang.String;@174c5789, auxiliaryRepositoryCheckoutDirectories=[Ljava.lang.String;@a62623b], jobTimingInfo=JobTimingInfo[submissionDate=2025-02-14T23:42:57.297342281Z[Etc/UTC], buildStartDate=2025-02-14T23:42:57.308570327Z[Etc/UTC], buildCompletionDate=2025-02-14T23:42:59.047616654Z[Etc/UTC], estimatedCompletionDate=2025-02-14T23:43:16.308558064Z[Etc/UTC], estimatedDuration=19], buildConfig=BuildConfig[buildScript=#!/bin/bash
cd /var/tmp/testing-dir
chmod +x ./gradlew
./gradlew clean test
, dockerImage=dummy-docker-image:latest, commitHashToBuild=736cbea1e46d6849b41266b2bf1cccd3b9ea55b1, assignmentCommitHash=736cbea1e46d6849b41266b2bf1cccd3b9ea55b1, testCommitHash=ea6267edd396a304305339b036512b63e0374c66, branch=main, programmingLanguage=JAVA, projectType=PLAIN_GRADLE, scaEnabled=false, sequentialTestRunsEnabled=false, resultPaths=[/var/tmp/testing-dir/**/test-results/test/*.xml], timeoutSeconds=0, assignmentCheckoutPath=null, testCheckoutPath=null, solutionCheckoutPath=null, dockerRunConfig=null], submissionResult=ResultDTO[id=135, completionDate=2025-02-14T23:42:59.014168821Z[Etc/UTC], successful=false, score=7.7, rated=true, submission=SubmissionDTO[id=123, submitted=true, type=MANUAL, exampleSubmission=null, submissionDate=2025-02-14T23:42:57.278471Z, commitHash=736cbea1e46d6849b41266b2bf1cccd3b9ea55b1, buildFailed=false, buildArtifact=false, participation=ParticipationDTO[id=474, testRun=false, type=programming, submissionCount=null, exercise=ParticipationExerciseDTO[id=302, exerciseType=PROGRAMMING, type=programming, assessmentType=AUTOMATIC, dueDate=2025-02-16T23:42:56.796251Z, assessmentDueDate=null, maxPoints=42.0, course=CourseDTO[id=151, accuracyOfScores=1]]], submissionExerciseType=programming, isProcessing=false, buildStartDate=null, estimatedCompletionDate=null], participation=ParticipationDTO[id=474, testRun=false, type=programming, submissionCount=null, exercise=ParticipationExerciseDTO[id=302, exerciseType=PROGRAMMING, type=programming, assessmentType=AUTOMATIC, dueDate=2025-02-16T23:42:56.796251Z, assessmentDueDate=null, maxPoints=42.0, course=CourseDTO[id=151, accuracyOfScores=1]]], feedbacks=[FeedbackDTO[id=106, text=null, detailText=The exercise expects a class with the name Context in the package testpackage. You did not implement the class in the exercise., hasLongFeedbackText=false, reference=null, credits=0.0, positive=false, type=AUTOMATIC, visibility=ALWAYS, testCase=TestCaseDTO[testName=null, id=65]], FeedbackDTO[id=107, text=null, detailText=The exercise expects a class with the name Policy in the package testpackage. You did not implement the class in the exercise., hasLongFeedbackText=false, reference=null, credits=0.0, positive=false, type=AUTOMATIC, visibility=ALWAYS, testCase=TestCaseDTO[testName=null, id=66]], FeedbackDTO[id=108, text=null, detailText=The exercise expects a class with the name SortStrategy in the package testpackage. You did not implement the class in the exercise., hasLongFeedbackText=false, reference=null, credits=0.0, positive=false, type=AUTOMATIC, visibility=ALWAYS, testCase=TestCaseDTO[testName=null, id=67]], FeedbackDTO[id=109, text=null, detailText=The class 'MergeSort' does not implement the interface 'SortStrategy' as expected. Implement the interface and its methods., hasLongFeedbackText=false, reference=null, credits=0.0, positive=false, type=AUTOMATIC, visibility=ALWAYS, testCase=TestCaseDTO[testName=null, id=62]], FeedbackDTO[id=110, text=null, detailText=The exercise expects a class with the name SortStrategy in the package testpackage. You did not implement the class in the exercise., hasLongFeedbackText=false, reference=null, credits=0.0, positive=false, type=AUTOMATIC, visibility=ALWAYS, testCase=TestCaseDTO[testName=null, id=59]], FeedbackDTO[id=111, text=null, detailText=The class 'BubbleSort' does not implement the interface 'SortStrategy' as expected. Implement the interface and its methods., hasLongFeedbackText=false, reference=null, credits=0.0, positive=false, type=AUTOMATIC, visibility=ALWAYS, testCase=TestCaseDTO[testName=null, id=63]], FeedbackDTO[id=112, text=null, detailText=MergeSort does not sort correctly, hasLongFeedbackText=false, reference=null, credits=0.0, positive=false, type=AUTOMATIC, visibility=ALWAYS, testCase=TestCaseDTO[testName=null, id=68]], FeedbackDTO[id=113, text=null, detailText=The class 'Context' was not found within the submission. Make sure to implement it properly., hasLongFeedbackText=false, reference=null, credits=0.0, positive=false, type=AUTOMATIC, visibility=ALWAYS, testCase=TestCaseDTO[testName=null, id=69]], FeedbackDTO[id=114, text=null, detailText=The class 'Context' was not found within the submission. Make sure to implement it properly., hasLongFeedbackText=false, reference=null, credits=0.0, positive=false, type=AUTOMATIC, visibility=ALWAYS, testCase=TestCaseDTO[testName=null, id=70]], FeedbackDTO[id=115, text=null, detailText=The exercise expects a class with the name Policy in the package testpackage. You did not implement the class in the exercise., hasLongFeedbackText=false, reference=null, credits=0.0, positive=false, type=AUTOMATIC, visibility=ALWAYS, testCase=TestCaseDTO[testName=null, id=64]], FeedbackDTO[id=116, text=null, detailText=The exercise expects a class with the name Context in the package testpackage. You did not implement the class in the exercise., hasLongFeedbackText=false, reference=null, credits=0.0, positive=false, type=AUTOMATIC, visibility=ALWAYS, testCase=TestCaseDTO[testName=null, id=60]], FeedbackDTO[id=117, text=null, detailText=The exercise expects a class with the name Policy in the package testpackage. You did not implement the class in the exercise., hasLongFeedbackText=false, reference=null, credits=0.0, positive=false, type=AUTOMATIC, visibility=ALWAYS, testCase=TestCaseDTO[testName=null, id=61]], FeedbackDTO[id=118, text=null, detailText=null, hasLongFeedbackText=false, reference=null, credits=3.230769230769231, positive=true, type=AUTOMATIC, visibility=ALWAYS, testCase=TestCaseDTO[testName=null, id=71]]], assessmentType=AUTOMATIC, hasComplaint=null, exampleResult=null, testCaseCount=13, passedTestCaseCount=1, codeIssueCount=0]]], publicSshKey=ssh-rsa AAAAB3NzaC1yc2EAAAADAQABAAACAQCOPdMsxRE2jFJ/UEa5/LsBxtwzJcrh3/rYBCQvcMeVpiRfhzQPWu7mrt/G2Ew+i+vRloGH9aqKg6dd1liRncao53Zmd/ePxoatXePNhmzTfkCkcSkTUz7B+QMjkoDDV5jwuFPD6mF3JkhuzSi64n9Zy905t4w2IhVcjM2mL3eYNjiCXt6Qpq3Pkt7dM/Ksw1nxnvuiIALuJLB3FTkXkHqq3PJav+9HSq2r6ZaWgekneaGxlQlb+U+Vy3XOuArKAzK8c8i+0bR+AHiTG6ncYXt7ax3U+TdlDTF7OLP3umwaYjs1NBXOHwG42pevvpKn2fqavZZozk+M05jXLx3bq0O7itxfErWc7etky8qYPyyIMF/txQIVLd78+Ze4d7Y60t5MGbXM5cGE6fFif5fEJwgswXD+BrG0cafz1CTatjSKFdvp8Vp4VszXhHDan1PrP6JEFJ5Cc5GDmLRZPCFa3vL9f5qXgf4bkqKN8MYeEujwJE5nMRWoiJVNakix2bcrrneQMBlnYeYZVWXXXUusAQBzl4NgddC1umZpihZkL1b1MffZAUW3EGEXi7KHnllQhkTLLsQ8ntMgbylqaJKStqaXlLvdeRJcEnUuiFCrHEVVbXRFZR7XVDZ02CE5o3MuaRPty8Kh+jRTF3COlAckHwYEJCNNJvXFgb2CNXL4mjzYDw== test@localhost]
    23:42:59.175 | 566 localvc.event-13 | DEBUG | a.p.s.l.SharedQueueManagementService : Build agent updated: null

  Starting logs for ExamParticipationIntegrationTest > testGetExamScore(boolean, boolean) [4] withCourseBonus=true, withSecondCorrectionAndStarted=true
    23:42:59.219 | 362 ool-1-worker-126 | DEBUG | d.t.c.a.a.c.u.util.UserUtilService   : Generate 3 students...
    23:42:59.225 | 362 ool-1-worker-126 | DEBUG | d.t.c.a.a.c.u.util.UserUtilService   : 3 students generated. Generate 2 tutors...
    23:42:59.229 | 362 ool-1-worker-126 | DEBUG | d.t.c.a.a.c.u.util.UserUtilService   : 2 tutors generated. Generate 0 editors...
    23:42:59.230 | 362 ool-1-worker-126 | DEBUG | d.t.c.a.a.c.u.util.UserUtilService   : 0 editors generated. Generate 1 instructors...
    23:42:59.233 | 362 ool-1-worker-126 | DEBUG | d.t.c.a.a.c.u.util.UserUtilService   : 1 instructors generated
    23:42:59.234 | 362 ool-1-worker-126 | DEBUG | d.t.c.a.a.c.u.util.UserUtilService   : Removing 6 users from all courses...
    23:42:59.235 | 362 ool-1-worker-126 | DEBUG | d.t.c.a.a.c.u.util.UserUtilService   : Removing 6 users from all courses. Done
    23:42:59.235 | 362 ool-1-worker-126 | DEBUG | d.t.c.a.a.c.u.util.UserUtilService   : Save 6 users to database...
    23:42:59.240 | 362 ool-1-worker-126 | DEBUG | d.t.c.a.a.c.u.util.UserUtilService   : Save 6 users to database. Done
    23:42:59.245 | 362 ool-1-worker-126 | INFO  | i.z.t.d.l.EmbeddedDatabaseReporter   : JDBC URL to connect to 'dataSource': url='jdbc:h2:tcp://localhost:41063/mem:736625c0-cf5e-400d-aeaa-8a7eabd6262b;USER=sa', scope='ExamParticipationIntegrationTest#testGetExamScore'
    23:42:59.369 | 362 ool-1-worker-126 | DEBUG | d.t.c.a.a.c.s.f.ApiVersionFilter     : Adding Version to Request POST /api/courses/227/exams/532/generate-student-exams
    23:42:59.369 | 362 ool-1-worker-126 | INFO  | d.t.c.a.a.exam.web.ExamResource      : REST request to generate student exams for exam 532
    23:42:59.388 | 362 ool-1-worker-126 | INFO  | d.t.c.a.a.e.s.ExamDeletionService    : User examparticipationtestinstructor1 has requested to delete existing student exams and participations for exam Real exam 1
    23:42:59.392 | 362 ool-1-worker-126 | INFO  | d.t.c.a.a.e.s.ParticipationService   : Request to delete all 0 participations of exercise with id : 622
    23:42:59.393 | 362 ool-1-worker-126 | INFO  | d.t.c.a.a.e.s.ParticipationService   : Request to delete all 0 participations of exercise with id : 623
    23:42:59.397 | 362 ool-1-worker-126 | INFO  | d.t.c.a.a.e.s.ParticipationService   : Request to delete all 0 participations of exercise with id : 624
    23:42:59.398 | 362 ool-1-worker-126 | INFO  | d.t.c.a.a.e.s.ParticipationService   : Request to delete all 0 participations of exercise with id : 625
    23:42:59.399 | 362 ool-1-worker-126 | INFO  | d.t.c.a.a.e.s.ParticipationService   : Request to delete all 0 participations of exercise with id : 626
    23:42:59.404 | 362 ool-1-worker-126 | INFO  | d.t.c.a.a.e.s.ParticipationService   : Request to delete all 0 participations of exercise with id : 627
    23:42:59.405 | 362 ool-1-worker-126 | INFO  | d.t.c.a.a.e.s.ParticipationService   : Request to delete all 0 participations of exercise with id : 628
    23:42:59.410 | 362 ool-1-worker-126 | INFO  | d.t.c.a.a.e.s.ParticipationService   : Request to delete all 0 participations of exercise with id : 629
    23:42:59.411 | 362 ool-1-worker-126 | INFO  | d.t.c.a.a.e.s.ParticipationService   : Request to delete all 0 participations of exercise with id : 630
    23:42:59.412 | 362 ool-1-worker-126 | INFO  | d.t.c.a.a.e.s.ParticipationService   : Request to delete all 0 participations of exercise with id : 631
    23:42:59.415 | 362 ool-1-worker-126 | INFO  | d.t.c.a.a.e.s.ParticipationService   : Request to delete all 0 participations of exercise with id : 632
    23:42:59.426 | 362 ool-1-worker-126 | INFO  | d.t.c.a.a.exam.web.ExamResource      : Generated 5 student exams in 57.31ms for exam 532
    23:42:59.567 | 362 ool-1-worker-126 | DEBUG | d.t.c.a.a.c.s.f.ApiVersionFilter     : Adding Version to Request POST /api/courses/227/exams/532/student-exams/start-exercises
    23:42:59.575 | 362 ool-1-worker-126 | DEBUG | d.t.c.a.a.exam.service.ExamService   : Finished combination of template commits for programming exercise ProgrammingExercise{id=632, templateRepositoryUri='https://version-control.fake.fake/git/SHORTB90775A1067F104AA90AAC507026330C80D3T893/shortb90775a1067f104aa90aac507026330c80d3t893-exercise.git', solutionRepositoryUri='https://version-control.fake.fake/git/SHORTB90775A1067F104AA90AAC507026330C80D3T893/shortb90775a1067f104aa90aac507026330c80d3t893-solution.git', templateBuildPlanId='SHORTB90775A1067F104AA90AAC507026330C80D3T893-BASE', solutionBuildPlanId='SHORTB90775A1067F104AA90AAC507026330C80D3T893-SOLUTION', allowOnlineEditor='null', allowOnlineIde='false', programmingLanguage='JAVA', packageName='de.test'', testCasesChanged='false'}
    23:42:59.576 | 362 ool-1-worker-126 | INFO  | d.t.c.a.a.e.web.StudentExamResource  : REST request to start exercises for student exams of exam 532
    23:42:59.603 | 187 ol-1682-thread-1 | INFO  | d.t.c.a.a.e.s.StudentExamService     : SUCCESS: Start exercise for student exam 123 and exercise 623 and student examparticipationtesttutor2
    23:42:59.612 | 188 ol-1682-thread-2 | INFO  | d.t.c.a.a.e.s.StudentExamService     : SUCCESS: Start exercise for student exam 124 and exercise 622 and student examparticipationteststudent1
    23:42:59.613 | 191 ol-1682-thread-5 | INFO  | d.t.c.a.a.e.s.StudentExamService     : SUCCESS: Start exercise for student exam 127 and exercise 623 and student examparticipationtesttutor1
    23:42:59.615 | 190 ol-1682-thread-4 | INFO  | d.t.c.a.a.e.s.StudentExamService     : SUCCESS: Start exercise for student exam 126 and exercise 623 and student examparticipationteststudent3
    23:42:59.616 | 189 ol-1682-thread-3 | INFO  | d.t.c.a.a.e.s.StudentExamService     : SUCCESS: Start exercise for student exam 125 and exercise 623 and student examparticipationteststudent2
    23:42:59.627 | 191 ol-1682-thread-5 | INFO  | d.t.c.a.a.e.s.StudentExamService     : SUCCESS: Start exercise for student exam 127 and exercise 625 and student examparticipationtesttutor1
    23:42:59.631 | 187 ol-1682-thread-1 | INFO  | d.t.c.a.a.e.s.StudentExamService     : SUCCESS: Start exercise for student exam 123 and exercise 625 and student examparticipationtesttutor2
    23:42:59.634 | 190 ol-1682-thread-4 | INFO  | d.t.c.a.a.e.s.StudentExamService     : SUCCESS: Start exercise for student exam 126 and exercise 625 and student examparticipationteststudent3
    23:42:59.635 | 191 ol-1682-thread-5 | INFO  | d.t.c.a.a.e.s.StudentExamService     : SUCCESS: Start exercise for student exam 127 and exercise 626 and student examparticipationtesttutor1
    23:42:59.641 | 189 ol-1682-thread-3 | INFO  | d.t.c.a.a.e.s.StudentExamService     : SUCCESS: Start exercise for student exam 125 and exercise 625 and student examparticipationteststudent2
    23:42:59.642 | 191 ol-1682-thread-5 | INFO  | d.t.c.a.a.e.s.StudentExamService     : SUCCESS: Start exercise for student exam 127 and exercise 628 and student examparticipationtesttutor1
    23:42:59.647 | 187 ol-1682-thread-1 | INFO  | d.t.c.a.a.e.s.StudentExamService     : SUCCESS: Start exercise for student exam 123 and exercise 627 and student examparticipationtesttutor2
    23:42:59.650 | 188 ol-1682-thread-2 | INFO  | d.t.c.a.a.e.s.StudentExamService     : SUCCESS: Start exercise for student exam 124 and exercise 624 and student examparticipationteststudent1
    23:42:59.651 | 191 ol-1682-thread-5 | INFO  | d.t.c.a.a.e.s.StudentExamService     : SUCCESS: Start exercise for student exam 127 and exercise 630 and student examparticipationtesttutor1
    23:42:59.658 | 191 ol-1682-thread-5 | INFO  | d.t.c.a.a.e.s.StudentExamService     : SUCCESS: Start exercise for student exam 127 and exercise 631 and student examparticipationtesttutor1
    23:42:59.659 | 190 ol-1682-thread-4 | INFO  | d.t.c.a.a.e.s.StudentExamService     : SUCCESS: Start exercise for student exam 126 and exercise 627 and student examparticipationteststudent3
    23:42:59.661 | 187 ol-1682-thread-1 | INFO  | d.t.c.a.a.e.s.StudentExamService     : SUCCESS: Start exercise for student exam 123 and exercise 628 and student examparticipationtesttutor2
    23:42:59.663 | 189 ol-1682-thread-3 | INFO  | d.t.c.a.a.e.s.StudentExamService     : SUCCESS: Start exercise for student exam 125 and exercise 626 and student examparticipationteststudent2
    23:42:59.665 | 191 ol-1682-thread-5 | DEBUG | d.t.c.a.a.p.service.GitService       : Cloning from file:/tmp/exerciseOriginRepo16045055389317553508/ to repos/server-integration-test/studentOriginRepo2022624303241912275
    23:42:59.673 | 188 ol-1682-thread-2 | INFO  | d.t.c.a.a.e.s.StudentExamService     : SUCCESS: Start exercise for student exam 124 and exercise 627 and student examparticipationteststudent1
    23:42:59.674 | 190 ol-1682-thread-4 | INFO  | d.t.c.a.a.e.s.StudentExamService     : SUCCESS: Start exercise for student exam 126 and exercise 628 and student examparticipationteststudent3
    23:42:59.674 | 187 ol-1682-thread-1 | INFO  | d.t.c.a.a.e.s.StudentExamService     : SUCCESS: Start exercise for student exam 123 and exercise 630 and student examparticipationtesttutor2
    23:42:59.680 | 190 ol-1682-thread-4 | INFO  | d.t.c.a.a.e.s.StudentExamService     : SUCCESS: Start exercise for student exam 126 and exercise 630 and student examparticipationteststudent3
    23:42:59.688 | 190 ol-1682-thread-4 | INFO  | d.t.c.a.a.e.s.StudentExamService     : SUCCESS: Start exercise for student exam 126 and exercise 631 and student examparticipationteststudent3
    23:42:59.688 | 189 ol-1682-thread-3 | INFO  | d.t.c.a.a.e.s.StudentExamService     : SUCCESS: Start exercise for student exam 125 and exercise 628 and student examparticipationteststudent2
    23:42:59.691 | 190 ol-1682-thread-4 | DEBUG | d.t.c.a.a.p.service.GitService       : Cloning from file:/tmp/exerciseOriginRepo16045055389317553508/ to repos/server-integration-test/studentOriginRepo15040340304759926626
    23:42:59.691 | 187 ol-1682-thread-1 | INFO  | d.t.c.a.a.e.s.StudentExamService     : SUCCESS: Start exercise for student exam 123 and exercise 631 and student examparticipationtesttutor2
    23:42:59.697 | 188 ol-1682-thread-2 | INFO  | d.t.c.a.a.e.s.StudentExamService     : SUCCESS: Start exercise for student exam 124 and exercise 629 and student examparticipationteststudent1
    23:42:59.698 | 187 ol-1682-thread-1 | DEBUG | d.t.c.a.a.p.service.GitService       : Cloning from file:/tmp/exerciseOriginRepo16045055389317553508/ to repos/server-integration-test/studentOriginRepo16209463504562801470
    23:42:59.703 | 189 ol-1682-thread-3 | INFO  | d.t.c.a.a.e.s.StudentExamService     : SUCCESS: Start exercise for student exam 125 and exercise 630 and student examparticipationteststudent2
    23:42:59.710 | 188 ol-1682-thread-2 | INFO  | d.t.c.a.a.e.s.StudentExamService     : SUCCESS: Start exercise for student exam 124 and exercise 630 and student examparticipationteststudent1
    23:42:59.718 | 189 ol-1682-thread-3 | INFO  | d.t.c.a.a.e.s.StudentExamService     : SUCCESS: Start exercise for student exam 125 and exercise 631 and student examparticipationteststudent2
    23:42:59.720 | 191 ol-1682-thread-5 | ERROR | .a.a.p.s.j.b.JenkinsBuildPlanService : Pipeline Script not found
java.lang.IllegalArgumentException: Pipeline Script not found
	at de.tum.cit.aet.artemis.programming.service.jenkins.build_plan.JenkinsBuildPlanUtils.replaceScriptParameters(JenkinsBuildPlanUtils.java:22)
	at de.tum.cit.aet.artemis.programming.service.jenkins.build_plan.JenkinsBuildPlanService.updateBuildPlanURLs(JenkinsBuildPlanService.java:245)
	at de.tum.cit.aet.artemis.programming.service.jenkins.build_plan.JenkinsBuildPlanService.copyBuildPlan(JenkinsBuildPlanService.java:293)
	at de.tum.cit.aet.artemis.programming.service.jenkins.JenkinsService.copyBuildPlan(JenkinsService.java:128)
	at java.base/java.lang.invoke.MethodHandle.invokeWithArguments(MethodHandle.java:733)
	at org.mockito.internal.util.reflection.InstrumentationMemberAccessor$Dispatcher$ByteBuddy$oog9jsgw.invokeWithArguments(Unknown Source)
	at org.mockito.internal.util.reflection.InstrumentationMemberAccessor.invoke(InstrumentationMemberAccessor.java:251)
	at org.mockito.internal.util.reflection.ModuleMemberAccessor.invoke(ModuleMemberAccessor.java:55)
	at org.mockito.internal.creation.bytebuddy.MockMethodAdvice.tryInvoke(MockMethodAdvice.java:314)
	at org.mockito.internal.creation.bytebuddy.MockMethodAdvice$RealMethodCall.invoke(MockMethodAdvice.java:234)
	at org.mockito.internal.invocation.InterceptedInvocation.callRealMethod(InterceptedInvocation.java:142)
	at org.mockito.internal.stubbing.answers.CallsRealMethods.answer(CallsRealMethods.java:45)
	at org.mockito.Answers.answer(Answers.java:90)
	at org.mockito.internal.handler.MockHandlerImpl.handle(MockHandlerImpl.java:111)
	at org.mockito.internal.handler.NullResultGuardian.handle(NullResultGuardian.java:29)
	at org.mockito.internal.handler.InvocationNotifierHandler.handle(InvocationNotifierHandler.java:34)
	at org.mockito.internal.creation.bytebuddy.MockMethodInterceptor.doIntercept(MockMethodInterceptor.java:82)
	at org.mockito.internal.creation.bytebuddy.MockMethodAdvice.handle(MockMethodAdvice.java:134)
	at de.tum.cit.aet.artemis.programming.service.jenkins.JenkinsService.copyBuildPlan(JenkinsService.java:126)
	at de.tum.cit.aet.artemis.exercise.service.ParticipationService.copyBuildPlan(ParticipationService.java:518)
	at de.tum.cit.aet.artemis.exercise.service.ParticipationService.startProgrammingParticipation(ParticipationService.java:296)
	at de.tum.cit.aet.artemis.exercise.service.ParticipationService.startProgrammingExercise(ParticipationService.java:265)
	at de.tum.cit.aet.artemis.exercise.service.ParticipationService.startExerciseWithInitializationDate(ParticipationService.java:192)
	at de.tum.cit.aet.artemis.exercise.service.ParticipationService.startExercise(ParticipationService.java:151)
	at de.tum.cit.aet.artemis.exam.service.StudentExamService.setUpExerciseParticipationsAndSubmissionsWithInitializationDate(StudentExamService.java:686)
	at de.tum.cit.aet.artemis.exam.service.StudentExamService.setUpExerciseParticipationsAndSubmissions(StudentExamService.java:800)
	at de.tum.cit.aet.artemis.exam.service.StudentExamService.lambda$startExercises$15(StudentExamService.java:735)
	at java.base/java.util.concurrent.CompletableFuture$AsyncRun.run(CompletableFuture.java:1804)
	at java.base/java.util.concurrent.ThreadPoolExecutor.runWorker(ThreadPoolExecutor.java:1144)
	at java.base/java.util.concurrent.ThreadPoolExecutor$Worker.run(ThreadPoolExecutor.java:642)
	at java.base/java.lang.Thread.run(Thread.java:1583)
    23:42:59.722 | 190 ol-1682-thread-4 | ERROR | .a.a.p.s.j.b.JenkinsBuildPlanService : Pipeline Script not found
java.lang.IllegalArgumentException: Pipeline Script not found
	at de.tum.cit.aet.artemis.programming.service.jenkins.build_plan.JenkinsBuildPlanUtils.replaceScriptParameters(JenkinsBuildPlanUtils.java:22)
	at de.tum.cit.aet.artemis.programming.service.jenkins.build_plan.JenkinsBuildPlanService.updateBuildPlanURLs(JenkinsBuildPlanService.java:245)
	at de.tum.cit.aet.artemis.programming.service.jenkins.build_plan.JenkinsBuildPlanService.copyBuildPlan(JenkinsBuildPlanService.java:293)
	at de.tum.cit.aet.artemis.programming.service.jenkins.JenkinsService.copyBuildPlan(JenkinsService.java:128)
	at java.base/java.lang.invoke.MethodHandle.invokeWithArguments(MethodHandle.java:733)
	at org.mockito.internal.util.reflection.InstrumentationMemberAccessor$Dispatcher$ByteBuddy$oog9jsgw.invokeWithArguments(Unknown Source)
	at org.mockito.internal.util.reflection.InstrumentationMemberAccessor.invoke(InstrumentationMemberAccessor.java:251)
	at org.mockito.internal.util.reflection.ModuleMemberAccessor.invoke(ModuleMemberAccessor.java:55)
	at org.mockito.internal.creation.bytebuddy.MockMethodAdvice.tryInvoke(MockMethodAdvice.java:314)
	at org.mockito.internal.creation.bytebuddy.MockMethodAdvice$RealMethodCall.invoke(MockMethodAdvice.java:234)
	at org.mockito.internal.invocation.InterceptedInvocation.callRealMethod(InterceptedInvocation.java:142)
	at org.mockito.internal.stubbing.answers.CallsRealMethods.answer(CallsRealMethods.java:45)
	at org.mockito.Answers.answer(Answers.java:90)
	at org.mockito.internal.handler.MockHandlerImpl.handle(MockHandlerImpl.java:111)
	at org.mockito.internal.handler.NullResultGuardian.handle(NullResultGuardian.java:29)
	at org.mockito.internal.handler.InvocationNotifierHandler.handle(InvocationNotifierHandler.java:34)
	at org.mockito.internal.creation.bytebuddy.MockMethodInterceptor.doIntercept(MockMethodInterceptor.java:82)
	at org.mockito.internal.creation.bytebuddy.MockMethodAdvice.handle(MockMethodAdvice.java:134)
	at de.tum.cit.aet.artemis.programming.service.jenkins.JenkinsService.copyBuildPlan(JenkinsService.java:126)
	at de.tum.cit.aet.artemis.exercise.service.ParticipationService.copyBuildPlan(ParticipationService.java:518)
	at de.tum.cit.aet.artemis.exercise.service.ParticipationService.startProgrammingParticipation(ParticipationService.java:296)
	at de.tum.cit.aet.artemis.exercise.service.ParticipationService.startProgrammingExercise(ParticipationService.java:265)
	at de.tum.cit.aet.artemis.exercise.service.ParticipationService.startExerciseWithInitializationDate(ParticipationService.java:192)
	at de.tum.cit.aet.artemis.exercise.service.ParticipationService.startExercise(ParticipationService.java:151)
	at de.tum.cit.aet.artemis.exam.service.StudentExamService.setUpExerciseParticipationsAndSubmissionsWithInitializationDate(StudentExamService.java:686)
	at de.tum.cit.aet.artemis.exam.service.StudentExamService.setUpExerciseParticipationsAndSubmissions(StudentExamService.java:800)
	at de.tum.cit.aet.artemis.exam.service.StudentExamService.lambda$startExercises$15(StudentExamService.java:735)
	at java.base/java.util.concurrent.CompletableFuture$AsyncRun.run(CompletableFuture.java:1804)
	at java.base/java.util.concurrent.ThreadPoolExecutor.runWorker(ThreadPoolExecutor.java:1144)
	at java.base/java.util.concurrent.ThreadPoolExecutor$Worker.run(ThreadPoolExecutor.java:642)
	at java.base/java.lang.Thread.run(Thread.java:1583)
    23:42:59.723 | 189 ol-1682-thread-3 | DEBUG | d.t.c.a.a.p.service.GitService       : Cloning from file:/tmp/exerciseOriginRepo16045055389317553508/ to repos/server-integration-test/studentOriginRepo9360537659741123413
    23:42:59.726 | 188 ol-1682-thread-2 | INFO  | d.t.c.a.a.e.s.StudentExamService     : SUCCESS: Start exercise for student exam 124 and exercise 631 and student examparticipationteststudent1
    23:42:59.731 | 188 ol-1682-thread-2 | DEBUG | d.t.c.a.a.p.service.GitService       : Cloning from file:/tmp/exerciseOriginRepo16045055389317553508/ to repos/server-integration-test/studentOriginRepo13737351422542987293
    23:42:59.747 | 190 ol-1682-thread-4 | ERROR | .a.a.p.s.j.b.JenkinsBuildPlanService : Pipeline Script not found
java.lang.IllegalArgumentException: Pipeline Script not found
	at de.tum.cit.aet.artemis.programming.service.jenkins.build_plan.JenkinsBuildPlanUtils.replaceScriptParameters(JenkinsBuildPlanUtils.java:29)
	at de.tum.cit.aet.artemis.programming.service.jenkins.build_plan.JenkinsBuildPlanService.updateBuildPlanRepositories(JenkinsBuildPlanService.java:219)
	at de.tum.cit.aet.artemis.programming.service.jenkins.build_plan.JenkinsBuildPlanService.configureBuildPlanForParticipation(JenkinsBuildPlanService.java:196)
	at de.tum.cit.aet.artemis.programming.service.jenkins.JenkinsService.configureBuildPlan(JenkinsService.java:138)
	at java.base/java.lang.invoke.MethodHandle.invokeWithArguments(MethodHandle.java:733)
	at org.mockito.internal.util.reflection.InstrumentationMemberAccessor$Dispatcher$ByteBuddy$oog9jsgw.invokeWithArguments(Unknown Source)
	at org.mockito.internal.util.reflection.InstrumentationMemberAccessor.invoke(InstrumentationMemberAccessor.java:251)
	at org.mockito.internal.util.reflection.ModuleMemberAccessor.invoke(ModuleMemberAccessor.java:55)
	at org.mockito.internal.creation.bytebuddy.MockMethodAdvice.tryInvoke(MockMethodAdvice.java:314)
	at org.mockito.internal.creation.bytebuddy.MockMethodAdvice$RealMethodCall.invoke(MockMethodAdvice.java:234)
	at org.mockito.internal.invocation.InterceptedInvocation.callRealMethod(InterceptedInvocation.java:142)
	at org.mockito.internal.stubbing.answers.CallsRealMethods.answer(CallsRealMethods.java:45)
	at org.mockito.Answers.answer(Answers.java:90)
	at org.mockito.internal.handler.MockHandlerImpl.handle(MockHandlerImpl.java:111)
	at org.mockito.internal.handler.NullResultGuardian.handle(NullResultGuardian.java:29)
	at org.mockito.internal.handler.InvocationNotifierHandler.handle(InvocationNotifierHandler.java:34)
	at org.mockito.internal.creation.bytebuddy.MockMethodInterceptor.doIntercept(MockMethodInterceptor.java:82)
	at org.mockito.internal.creation.bytebuddy.MockMethodAdvice.handle(MockMethodAdvice.java:134)
	at de.tum.cit.aet.artemis.programming.service.jenkins.JenkinsService.configureBuildPlan(JenkinsService.java:138)
	at de.tum.cit.aet.artemis.exercise.service.ParticipationService.configureBuildPlan(ParticipationService.java:532)
	at de.tum.cit.aet.artemis.exercise.service.ParticipationService.startProgrammingParticipation(ParticipationService.java:298)
	at de.tum.cit.aet.artemis.exercise.service.ParticipationService.startProgrammingExercise(ParticipationService.java:265)
	at de.tum.cit.aet.artemis.exercise.service.ParticipationService.startExerciseWithInitializationDate(ParticipationService.java:192)
	at de.tum.cit.aet.artemis.exercise.service.ParticipationService.startExercise(ParticipationService.java:151)
	at de.tum.cit.aet.artemis.exam.service.StudentExamService.setUpExerciseParticipationsAndSubmissionsWithInitializationDate(StudentExamService.java:686)
	at de.tum.cit.aet.artemis.exam.service.StudentExamService.setUpExerciseParticipationsAndSubmissions(StudentExamService.java:800)
	at de.tum.cit.aet.artemis.exam.service.StudentExamService.lambda$startExercises$15(StudentExamService.java:735)
	at java.base/java.util.concurrent.CompletableFuture$AsyncRun.run(CompletableFuture.java:1804)
	at java.base/java.util.concurrent.ThreadPoolExecutor.runWorker(ThreadPoolExecutor.java:1144)
	at java.base/java.util.concurrent.ThreadPoolExecutor$Worker.run(ThreadPoolExecutor.java:642)
	at java.base/java.lang.Thread.run(Thread.java:1583)
    23:42:59.748 | 191 ol-1682-thread-5 | ERROR | .a.a.p.s.j.b.JenkinsBuildPlanService : Pipeline Script not found
java.lang.IllegalArgumentException: Pipeline Script not found
	at de.tum.cit.aet.artemis.programming.service.jenkins.build_plan.JenkinsBuildPlanUtils.replaceScriptParameters(JenkinsBuildPlanUtils.java:29)
	at de.tum.cit.aet.artemis.programming.service.jenkins.build_plan.JenkinsBuildPlanService.updateBuildPlanRepositories(JenkinsBuildPlanService.java:219)
	at de.tum.cit.aet.artemis.programming.service.jenkins.build_plan.JenkinsBuildPlanService.configureBuildPlanForParticipation(JenkinsBuildPlanService.java:196)
	at de.tum.cit.aet.artemis.programming.service.jenkins.JenkinsService.configureBuildPlan(JenkinsService.java:138)
	at java.base/java.lang.invoke.MethodHandle.invokeWithArguments(MethodHandle.java:733)
	at org.mockito.internal.util.reflection.InstrumentationMemberAccessor$Dispatcher$ByteBuddy$oog9jsgw.invokeWithArguments(Unknown Source)
	at org.mockito.internal.util.reflection.InstrumentationMemberAccessor.invoke(InstrumentationMemberAccessor.java:251)
	at org.mockito.internal.util.reflection.ModuleMemberAccessor.invoke(ModuleMemberAccessor.java:55)
	at org.mockito.internal.creation.bytebuddy.MockMethodAdvice.tryInvoke(MockMethodAdvice.java:314)
	at org.mockito.internal.creation.bytebuddy.MockMethodAdvice$RealMethodCall.invoke(MockMethodAdvice.java:234)
	at org.mockito.internal.invocation.InterceptedInvocation.callRealMethod(InterceptedInvocation.java:142)
	at org.mockito.internal.stubbing.answers.CallsRealMethods.answer(CallsRealMethods.java:45)
	at org.mockito.Answers.answer(Answers.java:90)
	at org.mockito.internal.handler.MockHandlerImpl.handle(MockHandlerImpl.java:111)
	at org.mockito.internal.handler.NullResultGuardian.handle(NullResultGuardian.java:29)
	at org.mockito.internal.handler.InvocationNotifierHandler.handle(InvocationNotifierHandler.java:34)
	at org.mockito.internal.creation.bytebuddy.MockMethodInterceptor.doIntercept(MockMethodInterceptor.java:82)
	at org.mockito.internal.creation.bytebuddy.MockMethodAdvice.handle(MockMethodAdvice.java:134)
	at de.tum.cit.aet.artemis.programming.service.jenkins.JenkinsService.configureBuildPlan(JenkinsService.java:138)
	at de.tum.cit.aet.artemis.exercise.service.ParticipationService.configureBuildPlan(ParticipationService.java:532)
	at de.tum.cit.aet.artemis.exercise.service.ParticipationService.startProgrammingParticipation(ParticipationService.java:298)
	at de.tum.cit.aet.artemis.exercise.service.ParticipationService.startProgrammingExercise(ParticipationService.java:265)
	at de.tum.cit.aet.artemis.exercise.service.ParticipationService.startExerciseWithInitializationDate(ParticipationService.java:192)
	at de.tum.cit.aet.artemis.exercise.service.ParticipationService.startExercise(ParticipationService.java:151)
	at de.tum.cit.aet.artemis.exam.service.StudentExamService.setUpExerciseParticipationsAndSubmissionsWithInitializationDate(StudentExamService.java:686)
	at de.tum.cit.aet.artemis.exam.service.StudentExamService.setUpExerciseParticipationsAndSubmissions(StudentExamService.java:800)
	at de.tum.cit.aet.artemis.exam.service.StudentExamService.lambda$startExercises$15(StudentExamService.java:735)
	at java.base/java.util.concurrent.CompletableFuture$AsyncRun.run(CompletableFuture.java:1804)
	at java.base/java.util.concurrent.ThreadPoolExecutor.runWorker(ThreadPoolExecutor.java:1144)
	at java.base/java.util.concurrent.ThreadPoolExecutor$Worker.run(ThreadPoolExecutor.java:642)
	at java.base/java.lang.Thread.run(Thread.java:1583)
    23:42:59.761 | 189 ol-1682-thread-3 | ERROR | .a.a.p.s.j.b.JenkinsBuildPlanService : Pipeline Script not found
java.lang.IllegalArgumentException: Pipeline Script not found
	at de.tum.cit.aet.artemis.programming.service.jenkins.build_plan.JenkinsBuildPlanUtils.replaceScriptParameters(JenkinsBuildPlanUtils.java:22)
	at de.tum.cit.aet.artemis.programming.service.jenkins.build_plan.JenkinsBuildPlanService.updateBuildPlanURLs(JenkinsBuildPlanService.java:245)
	at de.tum.cit.aet.artemis.programming.service.jenkins.build_plan.JenkinsBuildPlanService.copyBuildPlan(JenkinsBuildPlanService.java:293)
	at de.tum.cit.aet.artemis.programming.service.jenkins.JenkinsService.copyBuildPlan(JenkinsService.java:128)
	at java.base/java.lang.invoke.MethodHandle.invokeWithArguments(MethodHandle.java:733)
	at org.mockito.internal.util.reflection.InstrumentationMemberAccessor$Dispatcher$ByteBuddy$oog9jsgw.invokeWithArguments(Unknown Source)
	at org.mockito.internal.util.reflection.InstrumentationMemberAccessor.invoke(InstrumentationMemberAccessor.java:251)
	at org.mockito.internal.util.reflection.ModuleMemberAccessor.invoke(ModuleMemberAccessor.java:55)
	at org.mockito.internal.creation.bytebuddy.MockMethodAdvice.tryInvoke(MockMethodAdvice.java:314)
	at org.mockito.internal.creation.bytebuddy.MockMethodAdvice$RealMethodCall.invoke(MockMethodAdvice.java:234)
	at org.mockito.internal.invocation.InterceptedInvocation.callRealMethod(InterceptedInvocation.java:142)
	at org.mockito.internal.stubbing.answers.CallsRealMethods.answer(CallsRealMethods.java:45)
	at org.mockito.Answers.answer(Answers.java:90)
	at org.mockito.internal.handler.MockHandlerImpl.handle(MockHandlerImpl.java:111)
	at org.mockito.internal.handler.NullResultGuardian.handle(NullResultGuardian.java:29)
	at org.mockito.internal.handler.InvocationNotifierHandler.handle(InvocationNotifierHandler.java:34)
	at org.mockito.internal.creation.bytebuddy.MockMethodInterceptor.doIntercept(MockMethodInterceptor.java:82)
	at org.mockito.internal.creation.bytebuddy.MockMethodAdvice.handle(MockMethodAdvice.java:134)
	at de.tum.cit.aet.artemis.programming.service.jenkins.JenkinsService.copyBuildPlan(JenkinsService.java:126)
	at de.tum.cit.aet.artemis.exercise.service.ParticipationService.copyBuildPlan(ParticipationService.java:518)
	at de.tum.cit.aet.artemis.exercise.service.ParticipationService.startProgrammingParticipation(ParticipationService.java:296)
	at de.tum.cit.aet.artemis.exercise.service.ParticipationService.startProgrammingExercise(ParticipationService.java:265)
	at de.tum.cit.aet.artemis.exercise.service.ParticipationService.startExerciseWithInitializationDate(ParticipationService.java:192)
	at de.tum.cit.aet.artemis.exercise.service.ParticipationService.startExercise(ParticipationService.java:151)
	at de.tum.cit.aet.artemis.exam.service.StudentExamService.setUpExerciseParticipationsAndSubmissionsWithInitializationDate(StudentExamService.java:686)
	at de.tum.cit.aet.artemis.exam.service.StudentExamService.setUpExerciseParticipationsAndSubmissions(StudentExamService.java:800)
	at de.tum.cit.aet.artemis.exam.service.StudentExamService.lambda$startExercises$15(StudentExamService.java:735)
	at java.base/java.util.concurrent.CompletableFuture$AsyncRun.run(CompletableFuture.java:1804)
	at java.base/java.util.concurrent.ThreadPoolExecutor.runWorker(ThreadPoolExecutor.java:1144)
	at java.base/java.util.concurrent.ThreadPoolExecutor$Worker.run(ThreadPoolExecutor.java:642)
	at java.base/java.lang.Thread.run(Thread.java:1583)
    23:42:59.764 | 188 ol-1682-thread-2 | ERROR | .a.a.p.s.j.b.JenkinsBuildPlanService : Pipeline Script not found
java.lang.IllegalArgumentException: Pipeline Script not found
	at de.tum.cit.aet.artemis.programming.service.jenkins.build_plan.JenkinsBuildPlanUtils.replaceScriptParameters(JenkinsBuildPlanUtils.java:22)
	at de.tum.cit.aet.artemis.programming.service.jenkins.build_plan.JenkinsBuildPlanService.updateBuildPlanURLs(JenkinsBuildPlanService.java:245)
	at de.tum.cit.aet.artemis.programming.service.jenkins.build_plan.JenkinsBuildPlanService.copyBuildPlan(JenkinsBuildPlanService.java:293)
	at de.tum.cit.aet.artemis.programming.service.jenkins.JenkinsService.copyBuildPlan(JenkinsService.java:128)
	at java.base/java.lang.invoke.MethodHandle.invokeWithArguments(MethodHandle.java:733)
	at org.mockito.internal.util.reflection.InstrumentationMemberAccessor$Dispatcher$ByteBuddy$oog9jsgw.invokeWithArguments(Unknown Source)
	at org.mockito.internal.util.reflection.InstrumentationMemberAccessor.invoke(InstrumentationMemberAccessor.java:251)
	at org.mockito.internal.util.reflection.ModuleMemberAccessor.invoke(ModuleMemberAccessor.java:55)
	at org.mockito.internal.creation.bytebuddy.MockMethodAdvice.tryInvoke(MockMethodAdvice.java:314)
	at org.mockito.internal.creation.bytebuddy.MockMethodAdvice$RealMethodCall.invoke(MockMethodAdvice.java:234)
	at org.mockito.internal.invocation.InterceptedInvocation.callRealMethod(InterceptedInvocation.java:142)
	at org.mockito.internal.stubbing.answers.CallsRealMethods.answer(CallsRealMethods.java:45)
	at org.mockito.Answers.answer(Answers.java:90)
	at org.mockito.internal.handler.MockHandlerImpl.handle(MockHandlerImpl.java:111)
	at org.mockito.internal.handler.NullResultGuardian.handle(NullResultGuardian.java:29)
	at org.mockito.internal.handler.InvocationNotifierHandler.handle(InvocationNotifierHandler.java:34)
	at org.mockito.internal.creation.bytebuddy.MockMethodInterceptor.doIntercept(MockMethodInterceptor.java:82)
	at org.mockito.internal.creation.bytebuddy.MockMethodAdvice.handle(MockMethodAdvice.java:134)
	at de.tum.cit.aet.artemis.programming.service.jenkins.JenkinsService.copyBuildPlan(JenkinsService.java:126)
	at de.tum.cit.aet.artemis.exercise.service.ParticipationService.copyBuildPlan(ParticipationService.java:518)
	at de.tum.cit.aet.artemis.exercise.service.ParticipationService.startProgrammingParticipation(ParticipationService.java:296)
	at de.tum.cit.aet.artemis.exercise.service.ParticipationService.startProgrammingExercise(ParticipationService.java:265)
	at de.tum.cit.aet.artemis.exercise.service.ParticipationService.startExerciseWithInitializationDate(ParticipationService.java:192)
	at de.tum.cit.aet.artemis.exercise.service.ParticipationService.startExercise(ParticipationService.java:151)
	at de.tum.cit.aet.artemis.exam.service.StudentExamService.setUpExerciseParticipationsAndSubmissionsWithInitializationDate(StudentExamService.java:686)
	at de.tum.cit.aet.artemis.exam.service.StudentExamService.setUpExerciseParticipationsAndSubmissions(StudentExamService.java:800)
	at de.tum.cit.aet.artemis.exam.service.StudentExamService.lambda$startExercises$15(StudentExamService.java:735)
	at java.base/java.util.concurrent.CompletableFuture$AsyncRun.run(CompletableFuture.java:1804)
	at java.base/java.util.concurrent.ThreadPoolExecutor.runWorker(ThreadPoolExecutor.java:1144)
	at java.base/java.util.concurrent.ThreadPoolExecutor$Worker.run(ThreadPoolExecutor.java:642)
	at java.base/java.lang.Thread.run(Thread.java:1583)
    23:42:59.764 | 187 ol-1682-thread-1 | ERROR | .a.a.p.s.j.b.JenkinsBuildPlanService : Pipeline Script not found
java.lang.IllegalArgumentException: Pipeline Script not found
	at de.tum.cit.aet.artemis.programming.service.jenkins.build_plan.JenkinsBuildPlanUtils.replaceScriptParameters(JenkinsBuildPlanUtils.java:22)
	at de.tum.cit.aet.artemis.programming.service.jenkins.build_plan.JenkinsBuildPlanService.updateBuildPlanURLs(JenkinsBuildPlanService.java:245)
	at de.tum.cit.aet.artemis.programming.service.jenkins.build_plan.JenkinsBuildPlanService.copyBuildPlan(JenkinsBuildPlanService.java:293)
	at de.tum.cit.aet.artemis.programming.service.jenkins.JenkinsService.copyBuildPlan(JenkinsService.java:128)
	at java.base/java.lang.invoke.MethodHandle.invokeWithArguments(MethodHandle.java:733)
	at org.mockito.internal.util.reflection.InstrumentationMemberAccessor$Dispatcher$ByteBuddy$oog9jsgw.invokeWithArguments(Unknown Source)
	at org.mockito.internal.util.reflection.InstrumentationMemberAccessor.invoke(InstrumentationMemberAccessor.java:251)
	at org.mockito.internal.util.reflection.ModuleMemberAccessor.invoke(ModuleMemberAccessor.java:55)
	at org.mockito.internal.creation.bytebuddy.MockMethodAdvice.tryInvoke(MockMethodAdvice.java:314)
	at org.mockito.internal.creation.bytebuddy.MockMethodAdvice$RealMethodCall.invoke(MockMethodAdvice.java:234)
	at org.mockito.internal.invocation.InterceptedInvocation.callRealMethod(InterceptedInvocation.java:142)
	at org.mockito.internal.stubbing.answers.CallsRealMethods.answer(CallsRealMethods.java:45)
	at org.mockito.Answers.answer(Answers.java:90)
	at org.mockito.internal.handler.MockHandlerImpl.handle(MockHandlerImpl.java:111)
	at org.mockito.internal.handler.NullResultGuardian.handle(NullResultGuardian.java:29)
	at org.mockito.internal.handler.InvocationNotifierHandler.handle(InvocationNotifierHandler.java:34)
	at org.mockito.internal.creation.bytebuddy.MockMethodInterceptor.doIntercept(MockMethodInterceptor.java:82)
	at org.mockito.internal.creation.bytebuddy.MockMethodAdvice.handle(MockMethodAdvice.java:134)
	at de.tum.cit.aet.artemis.programming.service.jenkins.JenkinsService.copyBuildPlan(JenkinsService.java:126)
	at de.tum.cit.aet.artemis.exercise.service.ParticipationService.copyBuildPlan(ParticipationService.java:518)
	at de.tum.cit.aet.artemis.exercise.service.ParticipationService.startProgrammingParticipation(ParticipationService.java:296)
	at de.tum.cit.aet.artemis.exercise.service.ParticipationService.startProgrammingExercise(ParticipationService.java:265)
	at de.tum.cit.aet.artemis.exercise.service.ParticipationService.startExerciseWithInitializationDate(ParticipationService.java:192)
	at de.tum.cit.aet.artemis.exercise.service.ParticipationService.startExercise(ParticipationService.java:151)
	at de.tum.cit.aet.artemis.exam.service.StudentExamService.setUpExerciseParticipationsAndSubmissionsWithInitializationDate(StudentExamService.java:686)
	at de.tum.cit.aet.artemis.exam.service.StudentExamService.setUpExerciseParticipationsAndSubmissions(StudentExamService.java:800)
	at de.tum.cit.aet.artemis.exam.service.StudentExamService.lambda$startExercises$15(StudentExamService.java:735)
	at java.base/java.util.concurrent.CompletableFuture$AsyncRun.run(CompletableFuture.java:1804)
	at java.base/java.util.concurrent.ThreadPoolExecutor.runWorker(ThreadPoolExecutor.java:1144)
	at java.base/java.util.concurrent.ThreadPoolExecutor$Worker.run(ThreadPoolExecutor.java:642)
	at java.base/java.lang.Thread.run(Thread.java:1583)
    23:42:59.765 | 190 ol-1682-thread-4 | INFO  | d.t.c.a.a.p.s.gitlab.GitLabService   : Adding user 1 with permissions 30 to repository SHORTB90775A1067F104AA90AAC507026330C80D3T893/shortb90775a1067f104aa90aac507026330c80d3t893-examparticipationteststudent3
    23:42:59.766 | 191 ol-1682-thread-5 | INFO  | d.t.c.a.a.p.s.gitlab.GitLabService   : Adding user 1 with permissions 30 to repository SHORTB90775A1067F104AA90AAC507026330C80D3T893/shortb90775a1067f104aa90aac507026330c80d3t893-examparticipationtesttutor1
    23:42:59.767 | 191 ol-1682-thread-5 | INFO  | d.t.c.a.a.e.s.StudentExamService     : SUCCESS: Start exercise for student exam 127 and exercise 632 and student examparticipationtesttutor1
    23:42:59.770 | 190 ol-1682-thread-4 | INFO  | d.t.c.a.a.e.s.StudentExamService     : SUCCESS: Start exercise for student exam 126 and exercise 632 and student examparticipationteststudent3
    23:42:59.773 | 189 ol-1682-thread-3 | ERROR | .a.a.p.s.j.b.JenkinsBuildPlanService : Pipeline Script not found
java.lang.IllegalArgumentException: Pipeline Script not found
	at de.tum.cit.aet.artemis.programming.service.jenkins.build_plan.JenkinsBuildPlanUtils.replaceScriptParameters(JenkinsBuildPlanUtils.java:29)
	at de.tum.cit.aet.artemis.programming.service.jenkins.build_plan.JenkinsBuildPlanService.updateBuildPlanRepositories(JenkinsBuildPlanService.java:219)
	at de.tum.cit.aet.artemis.programming.service.jenkins.build_plan.JenkinsBuildPlanService.configureBuildPlanForParticipation(JenkinsBuildPlanService.java:196)
	at de.tum.cit.aet.artemis.programming.service.jenkins.JenkinsService.configureBuildPlan(JenkinsService.java:138)
	at java.base/java.lang.invoke.MethodHandle.invokeWithArguments(MethodHandle.java:733)
	at org.mockito.internal.util.reflection.InstrumentationMemberAccessor$Dispatcher$ByteBuddy$oog9jsgw.invokeWithArguments(Unknown Source)
	at org.mockito.internal.util.reflection.InstrumentationMemberAccessor.invoke(InstrumentationMemberAccessor.java:251)
	at org.mockito.internal.util.reflection.ModuleMemberAccessor.invoke(ModuleMemberAccessor.java:55)
	at org.mockito.internal.creation.bytebuddy.MockMethodAdvice.tryInvoke(MockMethodAdvice.java:314)
	at org.mockito.internal.creation.bytebuddy.MockMethodAdvice$RealMethodCall.invoke(MockMethodAdvice.java:234)
	at org.mockito.internal.invocation.InterceptedInvocation.callRealMethod(InterceptedInvocation.java:142)
	at org.mockito.internal.stubbing.answers.CallsRealMethods.answer(CallsRealMethods.java:45)
	at org.mockito.Answers.answer(Answers.java:90)
	at org.mockito.internal.handler.MockHandlerImpl.handle(MockHandlerImpl.java:111)
	at org.mockito.internal.handler.NullResultGuardian.handle(NullResultGuardian.java:29)
	at org.mockito.internal.handler.InvocationNotifierHandler.handle(InvocationNotifierHandler.java:34)
	at org.mockito.internal.creation.bytebuddy.MockMethodInterceptor.doIntercept(MockMethodInterceptor.java:82)
	at org.mockito.internal.creation.bytebuddy.MockMethodAdvice.handle(MockMethodAdvice.java:134)
	at de.tum.cit.aet.artemis.programming.service.jenkins.JenkinsService.configureBuildPlan(JenkinsService.java:138)
	at de.tum.cit.aet.artemis.exercise.service.ParticipationService.configureBuildPlan(ParticipationService.java:532)
	at de.tum.cit.aet.artemis.exercise.service.ParticipationService.startProgrammingParticipation(ParticipationService.java:298)
	at de.tum.cit.aet.artemis.exercise.service.ParticipationService.startProgrammingExercise(ParticipationService.java:265)
	at de.tum.cit.aet.artemis.exercise.service.ParticipationService.startExerciseWithInitializationDate(ParticipationService.java:192)
	at de.tum.cit.aet.artemis.exercise.service.ParticipationService.startExercise(ParticipationService.java:151)
	at de.tum.cit.aet.artemis.exam.service.StudentExamService.setUpExerciseParticipationsAndSubmissionsWithInitializationDate(StudentExamService.java:686)
	at de.tum.cit.aet.artemis.exam.service.StudentExamService.setUpExerciseParticipationsAndSubmissions(StudentExamService.java:800)
	at de.tum.cit.aet.artemis.exam.service.StudentExamService.lambda$startExercises$15(StudentExamService.java:735)
	at java.base/java.util.concurrent.CompletableFuture$AsyncRun.run(CompletableFuture.java:1804)
	at java.base/java.util.concurrent.ThreadPoolExecutor.runWorker(ThreadPoolExecutor.java:1144)
	at java.base/java.util.concurrent.ThreadPoolExecutor$Worker.run(ThreadPoolExecutor.java:642)
	at java.base/java.lang.Thread.run(Thread.java:1583)
    23:42:59.776 | 188 ol-1682-thread-2 | ERROR | .a.a.p.s.j.b.JenkinsBuildPlanService : Pipeline Script not found
java.lang.IllegalArgumentException: Pipeline Script not found
	at de.tum.cit.aet.artemis.programming.service.jenkins.build_plan.JenkinsBuildPlanUtils.replaceScriptParameters(JenkinsBuildPlanUtils.java:29)
	at de.tum.cit.aet.artemis.programming.service.jenkins.build_plan.JenkinsBuildPlanService.updateBuildPlanRepositories(JenkinsBuildPlanService.java:219)
	at de.tum.cit.aet.artemis.programming.service.jenkins.build_plan.JenkinsBuildPlanService.configureBuildPlanForParticipation(JenkinsBuildPlanService.java:196)
	at de.tum.cit.aet.artemis.programming.service.jenkins.JenkinsService.configureBuildPlan(JenkinsService.java:138)
	at java.base/java.lang.invoke.MethodHandle.invokeWithArguments(MethodHandle.java:733)
	at org.mockito.internal.util.reflection.InstrumentationMemberAccessor$Dispatcher$ByteBuddy$oog9jsgw.invokeWithArguments(Unknown Source)
	at org.mockito.internal.util.reflection.InstrumentationMemberAccessor.invoke(InstrumentationMemberAccessor.java:251)
	at org.mockito.internal.util.reflection.ModuleMemberAccessor.invoke(ModuleMemberAccessor.java:55)
	at org.mockito.internal.creation.bytebuddy.MockMethodAdvice.tryInvoke(MockMethodAdvice.java:314)
	at org.mockito.internal.creation.bytebuddy.MockMethodAdvice$RealMethodCall.invoke(MockMethodAdvice.java:234)
	at org.mockito.internal.invocation.InterceptedInvocation.callRealMethod(InterceptedInvocation.java:142)
	at org.mockito.internal.stubbing.answers.CallsRealMethods.answer(CallsRealMethods.java:45)
	at org.mockito.Answers.answer(Answers.java:90)
	at org.mockito.internal.handler.MockHandlerImpl.handle(MockHandlerImpl.java:111)
	at org.mockito.internal.handler.NullResultGuardian.handle(NullResultGuardian.java:29)
	at org.mockito.internal.handler.InvocationNotifierHandler.handle(InvocationNotifierHandler.java:34)
	at org.mockito.internal.creation.bytebuddy.MockMethodInterceptor.doIntercept(MockMethodInterceptor.java:82)
	at org.mockito.internal.creation.bytebuddy.MockMethodAdvice.handle(MockMethodAdvice.java:134)
	at de.tum.cit.aet.artemis.programming.service.jenkins.JenkinsService.configureBuildPlan(JenkinsService.java:138)
	at de.tum.cit.aet.artemis.exercise.service.ParticipationService.configureBuildPlan(ParticipationService.java:532)
	at de.tum.cit.aet.artemis.exercise.service.ParticipationService.startProgrammingParticipation(ParticipationService.java:298)
	at de.tum.cit.aet.artemis.exercise.service.ParticipationService.startProgrammingExercise(ParticipationService.java:265)
	at de.tum.cit.aet.artemis.exercise.service.ParticipationService.startExerciseWithInitializationDate(ParticipationService.java:192)
	at de.tum.cit.aet.artemis.exercise.service.ParticipationService.startExercise(ParticipationService.java:151)
	at de.tum.cit.aet.artemis.exam.service.StudentExamService.setUpExerciseParticipationsAndSubmissionsWithInitializationDate(StudentExamService.java:686)
	at de.tum.cit.aet.artemis.exam.service.StudentExamService.setUpExerciseParticipationsAndSubmissions(StudentExamService.java:800)
	at de.tum.cit.aet.artemis.exam.service.StudentExamService.lambda$startExercises$15(StudentExamService.java:735)
	at java.base/java.util.concurrent.CompletableFuture$AsyncRun.run(CompletableFuture.java:1804)
	at java.base/java.util.concurrent.ThreadPoolExecutor.runWorker(ThreadPoolExecutor.java:1144)
	at java.base/java.util.concurrent.ThreadPoolExecutor$Worker.run(ThreadPoolExecutor.java:642)
	at java.base/java.lang.Thread.run(Thread.java:1583)
    23:42:59.788 | 187 ol-1682-thread-1 | ERROR | .a.a.p.s.j.b.JenkinsBuildPlanService : Pipeline Script not found
java.lang.IllegalArgumentException: Pipeline Script not found
	at de.tum.cit.aet.artemis.programming.service.jenkins.build_plan.JenkinsBuildPlanUtils.replaceScriptParameters(JenkinsBuildPlanUtils.java:29)
	at de.tum.cit.aet.artemis.programming.service.jenkins.build_plan.JenkinsBuildPlanService.updateBuildPlanRepositories(JenkinsBuildPlanService.java:219)
	at de.tum.cit.aet.artemis.programming.service.jenkins.build_plan.JenkinsBuildPlanService.configureBuildPlanForParticipation(JenkinsBuildPlanService.java:196)
	at de.tum.cit.aet.artemis.programming.service.jenkins.JenkinsService.configureBuildPlan(JenkinsService.java:138)
	at java.base/java.lang.invoke.MethodHandle.invokeWithArguments(MethodHandle.java:733)
	at org.mockito.internal.util.reflection.InstrumentationMemberAccessor$Dispatcher$ByteBuddy$oog9jsgw.invokeWithArguments(Unknown Source)
	at org.mockito.internal.util.reflection.InstrumentationMemberAccessor.invoke(InstrumentationMemberAccessor.java:251)
	at org.mockito.internal.util.reflection.ModuleMemberAccessor.invoke(ModuleMemberAccessor.java:55)
	at org.mockito.internal.creation.bytebuddy.MockMethodAdvice.tryInvoke(MockMethodAdvice.java:314)
	at org.mockito.internal.creation.bytebuddy.MockMethodAdvice$RealMethodCall.invoke(MockMethodAdvice.java:234)
	at org.mockito.internal.invocation.InterceptedInvocation.callRealMethod(InterceptedInvocation.java:142)
	at org.mockito.internal.stubbing.answers.CallsRealMethods.answer(CallsRealMethods.java:45)
	at org.mockito.Answers.answer(Answers.java:90)
	at org.mockito.internal.handler.MockHandlerImpl.handle(MockHandlerImpl.java:111)
	at org.mockito.internal.handler.NullResultGuardian.handle(NullResultGuardian.java:29)
	at org.mockito.internal.handler.InvocationNotifierHandler.handle(InvocationNotifierHandler.java:34)
	at org.mockito.internal.creation.bytebuddy.MockMethodInterceptor.doIntercept(MockMethodInterceptor.java:82)
	at org.mockito.internal.creation.bytebuddy.MockMethodAdvice.handle(MockMethodAdvice.java:134)
	at de.tum.cit.aet.artemis.programming.service.jenkins.JenkinsService.configureBuildPlan(JenkinsService.java:138)
	at de.tum.cit.aet.artemis.exercise.service.ParticipationService.configureBuildPlan(ParticipationService.java:532)
	at de.tum.cit.aet.artemis.exercise.service.ParticipationService.startProgrammingParticipation(ParticipationService.java:298)
	at de.tum.cit.aet.artemis.exercise.service.ParticipationService.startProgrammingExercise(ParticipationService.java:265)
	at de.tum.cit.aet.artemis.exercise.service.ParticipationService.startExerciseWithInitializationDate(ParticipationService.java:192)
	at de.tum.cit.aet.artemis.exercise.service.ParticipationService.startExercise(ParticipationService.java:151)
	at de.tum.cit.aet.artemis.exam.service.StudentExamService.setUpExerciseParticipationsAndSubmissionsWithInitializationDate(StudentExamService.java:686)
	at de.tum.cit.aet.artemis.exam.service.StudentExamService.setUpExerciseParticipationsAndSubmissions(StudentExamService.java:800)
	at de.tum.cit.aet.artemis.exam.service.StudentExamService.lambda$startExercises$15(StudentExamService.java:735)
	at java.base/java.util.concurrent.CompletableFuture$AsyncRun.run(CompletableFuture.java:1804)
	at java.base/java.util.concurrent.ThreadPoolExecutor.runWorker(ThreadPoolExecutor.java:1144)
	at java.base/java.util.concurrent.ThreadPoolExecutor$Worker.run(ThreadPoolExecutor.java:642)
	at java.base/java.lang.Thread.run(Thread.java:1583)
    23:42:59.788 | 189 ol-1682-thread-3 | INFO  | d.t.c.a.a.p.s.gitlab.GitLabService   : Adding user 1 with permissions 30 to repository SHORTB90775A1067F104AA90AAC507026330C80D3T893/shortb90775a1067f104aa90aac507026330c80d3t893-examparticipationteststudent2
    23:42:59.789 | 188 ol-1682-thread-2 | INFO  | d.t.c.a.a.p.s.gitlab.GitLabService   : Adding user 1 with permissions 30 to repository SHORTB90775A1067F104AA90AAC507026330C80D3T893/shortb90775a1067f104aa90aac507026330c80d3t893-examparticipationteststudent1
    23:42:59.790 | 189 ol-1682-thread-3 | INFO  | d.t.c.a.a.e.s.StudentExamService     : SUCCESS: Start exercise for student exam 125 and exercise 632 and student examparticipationteststudent2
    23:42:59.790 | 188 ol-1682-thread-2 | INFO  | d.t.c.a.a.e.s.StudentExamService     : SUCCESS: Start exercise for student exam 124 and exercise 632 and student examparticipationteststudent1
    23:42:59.797 | 187 ol-1682-thread-1 | INFO  | d.t.c.a.a.p.s.gitlab.GitLabService   : Adding user 1 with permissions 30 to repository SHORTB90775A1067F104AA90AAC507026330C80D3T893/shortb90775a1067f104aa90aac507026330c80d3t893-examparticipationtesttutor2
    23:42:59.798 | 187 ol-1682-thread-1 | INFO  | d.t.c.a.a.e.s.StudentExamService     : SUCCESS: Start exercise for student exam 123 and exercise 632 and student examparticipationtesttutor2
    23:42:59.804 | 362 ool-1-worker-126 | INFO  | d.t.c.a.a.e.web.StudentExamResource  : Generated 35 participations in 236.63ms for student exams of exam 532
    23:42:59.804 | 362 ool-1-worker-126 | INFO  | .c.s.m.InstanceMessageReceiveService : Received reschedule of exam during conduction 532

Finished logs for CompetencyIntegrationTest
    23:42:59.834 | 362 ool-1-worker-126 | DEBUG | t.c.a.a.e.s.ExerciseLifecycleService : Scheduled 1 Tasks for Exercise "Programmingec0" (#632) to trigger on DUE.
    23:42:59.837 | 362 ool-1-worker-126 | DEBUG | d.t.c.a.a.c.s.f.ApiVersionFilter     : Adding Version to Request GET /api/courses/227/exams/532/student-exams/start-exercises/status
    23:42:59.848 | 362 ool-1-worker-126 | INFO  | d.t.c.a.a.exam.service.ExamService   : getStatsForChecklist invoked for exam 532
    23:42:59.848 | 362 ool-1-worker-126 | DEBUG | d.t.c.a.a.exam.service.ExamService   : StatsTimeLog: number of complaints open done in 464µs for exercise 624
    23:42:59.849 | 362 ool-1-worker-126 | DEBUG | d.t.c.a.a.exam.service.ExamService   : StatsTimeLog: number of complaints finished done in 1.34ms for exercise 624
    23:42:59.850 | 362 ool-1-worker-126 | DEBUG | d.t.c.a.a.exam.service.ExamService   : StatsTimeLog: number of assessments done in 2.00ms for exercise 624
    23:42:59.851 | 362 ool-1-worker-126 | DEBUG | d.t.c.a.a.exam.service.ExamService   : StatsTimeLog: number of generated participations in 3.06ms for exercise 624
    23:42:59.851 | 362 ool-1-worker-126 | DEBUG | d.t.c.a.a.exam.service.ExamService   : StatsTimeLog: number of complaints open done in 3.47ms for exercise 625
    23:42:59.852 | 362 ool-1-worker-126 | DEBUG | d.t.c.a.a.exam.service.ExamService   : StatsTimeLog: number of complaints finished done in 4.07ms for exercise 625
    23:42:59.853 | 362 ool-1-worker-126 | DEBUG | d.t.c.a.a.exam.service.ExamService   : StatsTimeLog: number of assessments done in 4.70ms for exercise 625
    23:42:59.854 | 362 ool-1-worker-126 | DEBUG | d.t.c.a.a.exam.service.ExamService   : StatsTimeLog: number of generated participations in 5.67ms for exercise 625
    23:42:59.854 | 362 ool-1-worker-126 | DEBUG | d.t.c.a.a.exam.service.ExamService   : StatsTimeLog: number of complaints open done in 6.09ms for exercise 626
    23:42:59.855 | 362 ool-1-worker-126 | DEBUG | d.t.c.a.a.exam.service.ExamService   : StatsTimeLog: number of complaints finished done in 6.68ms for exercise 626
    23:42:59.855 | 362 ool-1-worker-126 | DEBUG | d.t.c.a.a.exam.service.ExamService   : StatsTimeLog: number of assessments done in 7.30ms for exercise 626
    23:42:59.856 | 362 ool-1-worker-126 | DEBUG | d.t.c.a.a.exam.service.ExamService   : StatsTimeLog: number of generated participations in 8.30ms for exercise 626
    23:42:59.857 | 362 ool-1-worker-126 | DEBUG | d.t.c.a.a.exam.service.ExamService   : StatsTimeLog: number of complaints open done in 9.22ms for exercise 627
    23:42:59.858 | 362 ool-1-worker-126 | DEBUG | d.t.c.a.a.exam.service.ExamService   : StatsTimeLog: number of complaints finished done in 9.81ms for exercise 627
    23:42:59.858 | 362 ool-1-worker-126 | DEBUG | d.t.c.a.a.exam.service.ExamService   : StatsTimeLog: number of assessments done in 10.45ms for exercise 627
    23:42:59.859 | 362 ool-1-worker-126 | DEBUG | d.t.c.a.a.exam.service.ExamService   : StatsTimeLog: number of generated participations in 11.39ms for exercise 627
    23:42:59.860 | 362 ool-1-worker-126 | DEBUG | d.t.c.a.a.exam.service.ExamService   : StatsTimeLog: number of complaints open done in 12.28ms for exercise 628
    23:42:59.861 | 362 ool-1-worker-126 | DEBUG | d.t.c.a.a.exam.service.ExamService   : StatsTimeLog: number of complaints finished done in 12.87ms for exercise 628
    23:42:59.861 | 362 ool-1-worker-126 | DEBUG | d.t.c.a.a.exam.service.ExamService   : StatsTimeLog: number of assessments done in 13.47ms for exercise 628
    23:42:59.862 | 362 ool-1-worker-126 | DEBUG | d.t.c.a.a.exam.service.ExamService   : StatsTimeLog: number of generated participations in 14.41ms for exercise 628
    23:42:59.863 | 362 ool-1-worker-126 | DEBUG | d.t.c.a.a.exam.service.ExamService   : StatsTimeLog: number of complaints open done in 15.30ms for exercise 629
    23:42:59.864 | 362 ool-1-worker-126 | DEBUG | d.t.c.a.a.exam.service.ExamService   : StatsTimeLog: number of complaints finished done in 15.89ms for exercise 629
    23:42:59.865 | 362 ool-1-worker-126 | DEBUG | d.t.c.a.a.exam.service.ExamService   : StatsTimeLog: number of assessments done in 16.51ms for exercise 629
    23:42:59.865 | 362 ool-1-worker-126 | DEBUG | d.t.c.a.a.exam.service.ExamService   : StatsTimeLog: number of generated participations in 17.43ms for exercise 629
    23:42:59.866 | 362 ool-1-worker-126 | DEBUG | d.t.c.a.a.exam.service.ExamService   : StatsTimeLog: number of complaints open done in 18.34ms for exercise 630
    23:42:59.867 | 362 ool-1-worker-126 | DEBUG | d.t.c.a.a.exam.service.ExamService   : StatsTimeLog: number of complaints finished done in 18.94ms for exercise 630
    23:42:59.868 | 362 ool-1-worker-126 | DEBUG | d.t.c.a.a.exam.service.ExamService   : StatsTimeLog: number of assessments done in 19.53ms for exercise 630
    23:42:59.868 | 362 ool-1-worker-126 | DEBUG | d.t.c.a.a.exam.service.ExamService   : StatsTimeLog: number of generated participations in 20.30ms for exercise 630
    23:42:59.869 | 362 ool-1-worker-126 | DEBUG | d.t.c.a.a.exam.service.ExamService   : StatsTimeLog: number of complaints open done in 21.17ms for exercise 631
    23:42:59.870 | 362 ool-1-worker-126 | DEBUG | d.t.c.a.a.exam.service.ExamService   : StatsTimeLog: number of complaints finished done in 21.82ms for exercise 631
    23:42:59.870 | 362 ool-1-worker-126 | DEBUG | d.t.c.a.a.exam.service.ExamService   : StatsTimeLog: number of assessments done in 22.43ms for exercise 631
    23:42:59.871 | 362 ool-1-worker-126 | DEBUG | d.t.c.a.a.exam.service.ExamService   : StatsTimeLog: number of generated participations in 23.23ms for exercise 631
    23:42:59.872 | 362 ool-1-worker-126 | DEBUG | d.t.c.a.a.exam.service.ExamService   : StatsTimeLog: number of complaints open done in 24.04ms for exercise 632
    23:42:59.873 | 362 ool-1-worker-126 | DEBUG | d.t.c.a.a.exam.service.ExamService   : StatsTimeLog: number of complaints finished done in 24.56ms for exercise 632
    23:42:59.876 | 362 ool-1-worker-126 | DEBUG | d.t.c.a.a.exam.service.ExamService   : StatsTimeLog: number of assessments done in 28.17ms for exercise 632
    23:42:59.877 | 362 ool-1-worker-126 | DEBUG | d.t.c.a.a.exam.service.ExamService   : StatsTimeLog: number of generated participations in 29.18ms for exercise 632
    23:42:59.881 | 362 ool-1-worker-126 | DEBUG | d.t.c.a.a.exam.service.ExamService   : StatsTimeLog: number of complaints open done in 33.09ms for exercise 622
    23:42:59.882 | 362 ool-1-worker-126 | DEBUG | d.t.c.a.a.exam.service.ExamService   : StatsTimeLog: number of complaints finished done in 33.63ms for exercise 622
    23:42:59.882 | 362 ool-1-worker-126 | DEBUG | d.t.c.a.a.exam.service.ExamService   : StatsTimeLog: number of assessments done in 34.21ms for exercise 622
    23:42:59.883 | 362 ool-1-worker-126 | DEBUG | d.t.c.a.a.exam.service.ExamService   : StatsTimeLog: number of generated participations in 35.04ms for exercise 622
    23:42:59.885 | 362 ool-1-worker-126 | DEBUG | d.t.c.a.a.exam.service.ExamService   : StatsTimeLog: number of complaints open done in 36.81ms for exercise 623
    23:42:59.885 | 362 ool-1-worker-126 | DEBUG | d.t.c.a.a.exam.service.ExamService   : StatsTimeLog: number of complaints finished done in 37.33ms for exercise 623
    23:42:59.886 | 362 ool-1-worker-126 | DEBUG | d.t.c.a.a.exam.service.ExamService   : StatsTimeLog: number of assessments done in 37.95ms for exercise 623
    23:42:59.887 | 362 ool-1-worker-126 | DEBUG | d.t.c.a.a.exam.service.ExamService   : StatsTimeLog: number of generated participations in 38.78ms for exercise 623
    23:42:59.888 | 362 ool-1-worker-126 | DEBUG | d.t.c.a.a.exam.service.ExamService   : StatsTimeLog: number of generated student exams done in 39.55ms
    23:42:59.891 | 362 ool-1-worker-126 | DEBUG | d.t.c.a.a.exam.service.ExamService   : StatsTimeLog: number of test runs done in 42.91ms
    23:42:59.891 | 362 ool-1-worker-126 | DEBUG | d.t.c.a.a.exam.service.ExamService   : StatsTimeLog: number of student exams started done in 43.22ms
    23:42:59.892 | 362 ool-1-worker-126 | DEBUG | d.t.c.a.a.exam.service.ExamService   : StatsTimeLog: number of student exams submitted done in 43.51ms
    23:42:59.900 | 362 ool-1-worker-126 | INFO  | d.t.c.a.a.exam.service.ExamService   : getStatsForChecklist invoked for exam 532
    23:42:59.900 | 362 ool-1-worker-126 | DEBUG | d.t.c.a.a.exam.service.ExamService   : StatsTimeLog: number of complaints open done in 490µs for exercise 624
    23:42:59.925 | 362 ool-1-worker-126 | DEBUG | d.t.c.a.a.exam.service.ExamService   : StatsTimeLog: number of complaints finished done in 25.17ms for exercise 624
    23:42:59.926 | 362 ool-1-worker-126 | DEBUG | d.t.c.a.a.exam.service.ExamService   : StatsTimeLog: number of assessments done in 25.88ms for exercise 624
    23:42:59.926 | 362 ool-1-worker-126 | DEBUG | d.t.c.a.a.exam.service.ExamService   : StatsTimeLog: number of generated participations in 26.78ms for exercise 624
    23:42:59.927 | 362 ool-1-worker-126 | DEBUG | d.t.c.a.a.exam.service.ExamService   : StatsTimeLog: number of complaints open done in 27.21ms for exercise 625
    23:42:59.927 | 362 ool-1-worker-126 | DEBUG | d.t.c.a.a.exam.service.ExamService   : StatsTimeLog: number of complaints finished done in 27.74ms for exercise 625
    23:42:59.928 | 362 ool-1-worker-126 | DEBUG | d.t.c.a.a.exam.service.ExamService   : StatsTimeLog: number of assessments done in 28.30ms for exercise 625
    23:42:59.929 | 362 ool-1-worker-126 | DEBUG | d.t.c.a.a.exam.service.ExamService   : StatsTimeLog: number of generated participations in 29.08ms for exercise 625
    23:42:59.929 | 362 ool-1-worker-126 | DEBUG | d.t.c.a.a.exam.service.ExamService   : StatsTimeLog: number of complaints open done in 29.43ms for exercise 626
    23:42:59.930 | 362 ool-1-worker-126 | DEBUG | d.t.c.a.a.exam.service.ExamService   : StatsTimeLog: number of complaints finished done in 29.95ms for exercise 626
    23:42:59.930 | 362 ool-1-worker-126 | DEBUG | d.t.c.a.a.exam.service.ExamService   : StatsTimeLog: number of assessments done in 30.50ms for exercise 626
    23:42:59.931 | 362 ool-1-worker-126 | DEBUG | d.t.c.a.a.exam.service.ExamService   : StatsTimeLog: number of generated participations in 31.35ms for exercise 626
    23:42:59.932 | 362 ool-1-worker-126 | DEBUG | d.t.c.a.a.exam.service.ExamService   : StatsTimeLog: number of complaints open done in 32.14ms for exercise 627
    23:42:59.932 | 362 ool-1-worker-126 | DEBUG | d.t.c.a.a.exam.service.ExamService   : StatsTimeLog: number of complaints finished done in 32.66ms for exercise 627
    23:42:59.933 | 362 ool-1-worker-126 | DEBUG | d.t.c.a.a.exam.service.ExamService   : StatsTimeLog: number of assessments done in 33.29ms for exercise 627
    23:42:59.934 | 362 ool-1-worker-126 | DEBUG | d.t.c.a.a.exam.service.ExamService   : StatsTimeLog: number of generated participations in 34.11ms for exercise 627
    23:42:59.935 | 362 ool-1-worker-126 | DEBUG | d.t.c.a.a.exam.service.ExamService   : StatsTimeLog: number of complaints open done in 34.95ms for exercise 628
    23:42:59.935 | 362 ool-1-worker-126 | DEBUG | d.t.c.a.a.exam.service.ExamService   : StatsTimeLog: number of complaints finished done in 35.50ms for exercise 628
    23:42:59.936 | 362 ool-1-worker-126 | DEBUG | d.t.c.a.a.exam.service.ExamService   : StatsTimeLog: number of assessments done in 36.10ms for exercise 628
    23:42:59.937 | 362 ool-1-worker-126 | DEBUG | d.t.c.a.a.exam.service.ExamService   : StatsTimeLog: number of generated participations in 36.93ms for exercise 628
    23:42:59.937 | 362 ool-1-worker-126 | DEBUG | d.t.c.a.a.exam.service.ExamService   : StatsTimeLog: number of complaints open done in 37.70ms for exercise 629
    23:42:59.938 | 362 ool-1-worker-126 | DEBUG | d.t.c.a.a.exam.service.ExamService   : StatsTimeLog: number of complaints finished done in 38.27ms for exercise 629
    23:42:59.939 | 362 ool-1-worker-126 | DEBUG | d.t.c.a.a.exam.service.ExamService   : StatsTimeLog: number of assessments done in 38.81ms for exercise 629
    23:42:59.939 | 362 ool-1-worker-126 | DEBUG | d.t.c.a.a.exam.service.ExamService   : StatsTimeLog: number of generated participations in 39.66ms for exercise 629
    23:42:59.940 | 362 ool-1-worker-126 | DEBUG | d.t.c.a.a.exam.service.ExamService   : StatsTimeLog: number of complaints open done in 40.48ms for exercise 630
    23:42:59.941 | 362 ool-1-worker-126 | DEBUG | d.t.c.a.a.exam.service.ExamService   : StatsTimeLog: number of complaints finished done in 41.04ms for exercise 630
    23:42:59.941 | 362 ool-1-worker-126 | DEBUG | d.t.c.a.a.exam.service.ExamService   : StatsTimeLog: number of assessments done in 41.57ms for exercise 630
    23:42:59.942 | 362 ool-1-worker-126 | DEBUG | d.t.c.a.a.exam.service.ExamService   : StatsTimeLog: number of generated participations in 42.41ms for exercise 630
    23:42:59.943 | 362 ool-1-worker-126 | DEBUG | d.t.c.a.a.exam.service.ExamService   : StatsTimeLog: number of complaints open done in 43.39ms for exercise 631
    23:42:59.944 | 362 ool-1-worker-126 | DEBUG | d.t.c.a.a.exam.service.ExamService   : StatsTimeLog: number of complaints finished done in 43.98ms for exercise 631
    23:42:59.944 | 362 ool-1-worker-126 | DEBUG | d.t.c.a.a.exam.service.ExamService   : StatsTimeLog: number of assessments done in 44.51ms for exercise 631
    23:42:59.945 | 362 ool-1-worker-126 | DEBUG | d.t.c.a.a.exam.service.ExamService   : StatsTimeLog: number of generated participations in 45.33ms for exercise 631
    23:42:59.948 | 362 ool-1-worker-126 | DEBUG | d.t.c.a.a.exam.service.ExamService   : StatsTimeLog: number of complaints open done in 48.58ms for exercise 632
    23:42:59.949 | 362 ool-1-worker-126 | DEBUG | d.t.c.a.a.exam.service.ExamService   : StatsTimeLog: number of complaints finished done in 49.14ms for exercise 632
    23:42:59.951 | 362 ool-1-worker-126 | DEBUG | d.t.c.a.a.exam.service.ExamService   : StatsTimeLog: number of assessments done in 51.05ms for exercise 632
    23:42:59.954 | 362 ool-1-worker-126 | DEBUG | d.t.c.a.a.exam.service.ExamService   : StatsTimeLog: number of generated participations in 53.94ms for exercise 632
    23:42:59.954 | 362 ool-1-worker-126 | DEBUG | d.t.c.a.a.exam.service.ExamService   : StatsTimeLog: number of complaints open done in 54.78ms for exercise 622
    23:42:59.955 | 362 ool-1-worker-126 | DEBUG | d.t.c.a.a.exam.service.ExamService   : StatsTimeLog: number of complaints finished done in 55.32ms for exercise 622
    23:42:59.956 | 362 ool-1-worker-126 | DEBUG | d.t.c.a.a.exam.service.ExamService   : StatsTimeLog: number of assessments done in 55.86ms for exercise 622
    23:42:59.956 | 362 ool-1-worker-126 | DEBUG | d.t.c.a.a.exam.service.ExamService   : StatsTimeLog: number of generated participations in 56.68ms for exercise 622
    23:42:59.960 | 362 ool-1-worker-126 | DEBUG | d.t.c.a.a.exam.service.ExamService   : StatsTimeLog: number of complaints open done in 60.52ms for exercise 623
    23:42:59.961 | 362 ool-1-worker-126 | DEBUG | d.t.c.a.a.exam.service.ExamService   : StatsTimeLog: number of complaints finished done in 61.07ms for exercise 623
    23:42:59.964 | 362 ool-1-worker-126 | DEBUG | d.t.c.a.a.exam.service.ExamService   : StatsTimeLog: number of assessments done in 64.01ms for exercise 623
    23:42:59.965 | 362 ool-1-worker-126 | DEBUG | d.t.c.a.a.exam.service.ExamService   : StatsTimeLog: number of generated participations in 64.81ms for exercise 623
    23:43:00.002 | 327 taskScheduler-2  | DEBUG | .a.s.ParticipantScoreScheduleService : Schedule tasks to process...
    23:43:00.003 | 327 taskScheduler-2  | DEBUG | .a.s.ParticipantScoreScheduleService : Scheduled task for exercise 168 and participant 203 at 2025-02-14T23:43:00.103551062Z[Etc/UTC].
    23:43:00.003 | 327 taskScheduler-2  | DEBUG | .a.s.ParticipantScoreScheduleService : Scheduled task for exercise 170 and participant 203 at 2025-02-14T23:43:00.103576139Z[Etc/UTC].
    23:43:00.003 | 327 taskScheduler-2  | DEBUG | .a.s.ParticipantScoreScheduleService : Scheduled task for exercise 180 and participant 1 at 2025-02-14T23:43:00.103585737Z[Etc/UTC].
    23:43:00.003 | 327 taskScheduler-2  | DEBUG | .a.s.ParticipantScoreScheduleService : Scheduled task for exercise 186 and participant 203 at 2025-02-14T23:43:00.103593522Z[Etc/UTC].
    23:43:00.003 | 327 taskScheduler-2  | DEBUG | .a.s.ParticipantScoreScheduleService : Processing of 0 results and 4 participant scores.
    23:43:00.014 | 362 ool-1-worker-126 | DEBUG | .c.s.m.InstanceMessageReceiveService : Received schedule participant score for exercise 622 and participant 652 (result to be deleted: null)
    23:43:00.014 | 362 ool-1-worker-126 | DEBUG | .a.s.ParticipantScoreScheduleService : Scheduled task for exercise 622 and participant 652 at 2025-02-14T23:43:00.114970095Z[Etc/UTC].
    23:43:00.015 | 362 ool-1-worker-126 | DEBUG | .c.s.m.InstanceMessageReceiveService : Received schedule participant score for exercise 622 and participant 652 (result to be deleted: null)
    23:43:00.015 | 362 ool-1-worker-126 | DEBUG | .a.s.ParticipantScoreScheduleService : Scheduled task for exercise 622 and participant 652 at 2025-02-14T23:43:00.115723831Z[Etc/UTC].
    23:43:00.030 | 362 ool-1-worker-126 | DEBUG | .c.s.m.InstanceMessageReceiveService : Received schedule participant score for exercise 622 and participant 652 (result to be deleted: null)
    23:43:00.030 | 362 ool-1-worker-126 | DEBUG | .a.s.ParticipantScoreScheduleService : Scheduled task for exercise 622 and participant 652 at 2025-02-14T23:43:00.130969021Z[Etc/UTC].
    23:43:00.031 | 362 ool-1-worker-126 | DEBUG | .c.s.m.InstanceMessageReceiveService : Received schedule participant score for exercise 622 and participant 652 (result to be deleted: null)
    23:43:00.031 | 362 ool-1-worker-126 | DEBUG | .a.s.ParticipantScoreScheduleService : Scheduled task for exercise 622 and participant 652 at 2025-02-14T23:43:00.131190003Z[Etc/UTC].
    23:43:00.032 | 362 ool-1-worker-126 | DEBUG | .c.s.m.InstanceMessageReceiveService : Received schedule participant score for exercise 623 and participant 656 (result to be deleted: null)
    23:43:00.032 | 362 ool-1-worker-126 | DEBUG | .a.s.ParticipantScoreScheduleService : Scheduled task for exercise 623 and participant 656 at 2025-02-14T23:43:00.132573142Z[Etc/UTC].
    23:43:00.033 | 362 ool-1-worker-126 | DEBUG | .c.s.m.InstanceMessageReceiveService : Received schedule participant score for exercise 623 and participant 656 (result to be deleted: null)
    23:43:00.033 | 362 ool-1-worker-126 | DEBUG | .a.s.ParticipantScoreScheduleService : Scheduled task for exercise 623 and participant 656 at 2025-02-14T23:43:00.133825007Z[Etc/UTC].
    23:43:00.049 | 362 ool-1-worker-126 | DEBUG | .c.s.m.InstanceMessageReceiveService : Received schedule participant score for exercise 623 and participant 656 (result to be deleted: null)
    23:43:00.049 | 362 ool-1-worker-126 | DEBUG | .a.s.ParticipantScoreScheduleService : Scheduled task for exercise 623 and participant 656 at 2025-02-14T23:43:00.149191723Z[Etc/UTC].
    23:43:00.049 | 362 ool-1-worker-126 | DEBUG | .c.s.m.InstanceMessageReceiveService : Received schedule participant score for exercise 623 and participant 656 (result to be deleted: null)
    23:43:00.049 | 362 ool-1-worker-126 | DEBUG | .a.s.ParticipantScoreScheduleService : Scheduled task for exercise 623 and participant 656 at 2025-02-14T23:43:00.149432051Z[Etc/UTC].
    23:43:00.052 | 362 ool-1-worker-126 | DEBUG | .c.s.m.InstanceMessageReceiveService : Received schedule participant score for exercise 623 and participant 653 (result to be deleted: null)
    23:43:00.052 | 362 ool-1-worker-126 | DEBUG | .a.s.ParticipantScoreScheduleService : Scheduled task for exercise 623 and participant 653 at 2025-02-14T23:43:00.152418430Z[Etc/UTC].
    23:43:00.053 | 362 ool-1-worker-126 | DEBUG | .c.s.m.InstanceMessageReceiveService : Received schedule participant score for exercise 623 and participant 653 (result to be deleted: null)
    23:43:00.053 | 362 ool-1-worker-126 | DEBUG | .a.s.ParticipantScoreScheduleService : Scheduled task for exercise 623 and participant 653 at 2025-02-14T23:43:00.153063042Z[Etc/UTC].
    23:43:00.065 | 362 ool-1-worker-126 | DEBUG | .c.s.m.InstanceMessageReceiveService : Received schedule participant score for exercise 623 and participant 653 (result to be deleted: null)
    23:43:00.065 | 362 ool-1-worker-126 | DEBUG | .a.s.ParticipantScoreScheduleService : Scheduled task for exercise 623 and participant 653 at 2025-02-14T23:43:00.165907736Z[Etc/UTC].
    23:43:00.066 | 362 ool-1-worker-126 | DEBUG | .c.s.m.InstanceMessageReceiveService : Received schedule participant score for exercise 623 and participant 653 (result to be deleted: null)
    23:43:00.066 | 362 ool-1-worker-126 | DEBUG | .a.s.ParticipantScoreScheduleService : Scheduled task for exercise 623 and participant 653 at 2025-02-14T23:43:00.166086008Z[Etc/UTC].
    23:43:00.068 | 362 ool-1-worker-126 | DEBUG | .c.s.m.InstanceMessageReceiveService : Received schedule participant score for exercise 623 and participant 654 (result to be deleted: null)
    23:43:00.068 | 362 ool-1-worker-126 | DEBUG | .a.s.ParticipantScoreScheduleService : Scheduled task for exercise 623 and participant 654 at 2025-02-14T23:43:00.168465856Z[Etc/UTC].
    23:43:00.069 | 362 ool-1-worker-126 | DEBUG | .c.s.m.InstanceMessageReceiveService : Received schedule participant score for exercise 623 and participant 654 (result to be deleted: null)
    23:43:00.069 | 362 ool-1-worker-126 | DEBUG | .a.s.ParticipantScoreScheduleService : Scheduled task for exercise 623 and participant 654 at 2025-02-14T23:43:00.169054554Z[Etc/UTC].
    23:43:00.083 | 362 ool-1-worker-126 | DEBUG | .c.s.m.InstanceMessageReceiveService : Received schedule participant score for exercise 623 and participant 654 (result to be deleted: null)
    23:43:00.083 | 362 ool-1-worker-126 | DEBUG | .a.s.ParticipantScoreScheduleService : Scheduled task for exercise 623 and participant 654 at 2025-02-14T23:43:00.183131185Z[Etc/UTC].
    23:43:00.083 | 362 ool-1-worker-126 | DEBUG | .c.s.m.InstanceMessageReceiveService : Received schedule participant score for exercise 623 and participant 654 (result to be deleted: null)
    23:43:00.083 | 362 ool-1-worker-126 | DEBUG | .a.s.ParticipantScoreScheduleService : Scheduled task for exercise 623 and participant 654 at 2025-02-14T23:43:00.183308736Z[Etc/UTC].
    23:43:00.084 | 362 ool-1-worker-126 | DEBUG | .c.s.m.InstanceMessageReceiveService : Received schedule participant score for exercise 623 and participant 655 (result to be deleted: null)
    23:43:00.084 | 362 ool-1-worker-126 | DEBUG | .a.s.ParticipantScoreScheduleService : Scheduled task for exercise 623 and participant 655 at 2025-02-14T23:43:00.184677719Z[Etc/UTC].
    23:43:00.086 | 362 ool-1-worker-126 | DEBUG | .c.s.m.InstanceMessageReceiveService : Received schedule participant score for exercise 623 and participant 655 (result to be deleted: null)
    23:43:00.086 | 362 ool-1-worker-126 | DEBUG | .a.s.ParticipantScoreScheduleService : Scheduled task for exercise 623 and participant 655 at 2025-02-14T23:43:00.186379001Z[Etc/UTC].
    23:43:00.098 | 362 ool-1-worker-126 | DEBUG | .c.s.m.InstanceMessageReceiveService : Received schedule participant score for exercise 623 and participant 655 (result to be deleted: null)
    23:43:00.098 | 362 ool-1-worker-126 | DEBUG | .a.s.ParticipantScoreScheduleService : Scheduled task for exercise 623 and participant 655 at 2025-02-14T23:43:00.198444965Z[Etc/UTC].
    23:43:00.098 | 362 ool-1-worker-126 | DEBUG | .c.s.m.InstanceMessageReceiveService : Received schedule participant score for exercise 623 and participant 655 (result to be deleted: null)
    23:43:00.098 | 362 ool-1-worker-126 | DEBUG | .a.s.ParticipantScoreScheduleService : Scheduled task for exercise 623 and participant 655 at 2025-02-14T23:43:00.198633356Z[Etc/UTC].
    23:43:00.103 | 327 taskScheduler-2  | DEBUG | .a.s.ParticipantScoreScheduleService : Processing exercise 168 and participant 203 to update participant scores.
    23:43:00.105 | 327 taskScheduler-2  | ERROR | .a.s.ParticipantScoreScheduleService : Exception while processing participant score for exercise 168 and participant 203 for participant scores:
org.springframework.dao.IncorrectResultSizeDataAccessException: Query did not return a unique result: 2 results were returned
	at org.springframework.orm.jpa.vendor.HibernateJpaDialect.convertHibernateAccessException(HibernateJpaDialect.java:301)
	at org.springframework.orm.jpa.vendor.HibernateJpaDialect.translateExceptionIfPossible(HibernateJpaDialect.java:244)
	at org.springframework.orm.jpa.AbstractEntityManagerFactoryBean.translateExceptionIfPossible(AbstractEntityManagerFactoryBean.java:560)
	at org.springframework.dao.support.ChainedPersistenceExceptionTranslator.translateExceptionIfPossible(ChainedPersistenceExceptionTranslator.java:61)
	at org.springframework.dao.support.DataAccessUtils.translateIfNecessary(DataAccessUtils.java:343)
	at org.springframework.dao.support.PersistenceExceptionTranslationInterceptor.invoke(PersistenceExceptionTranslationInterceptor.java:160)
	at org.springframework.aop.framework.ReflectiveMethodInvocation.proceed(ReflectiveMethodInvocation.java:184)
	at org.springframework.data.jpa.repository.support.CrudMethodMetadataPostProcessor$CrudMethodMetadataPopulatingMethodInterceptor.invoke(CrudMethodMetadataPostProcessor.java:136)
	at org.springframework.aop.framework.ReflectiveMethodInvocation.proceed(ReflectiveMethodInvocation.java:184)
	at org.springframework.aop.framework.JdkDynamicAopProxy.invoke(JdkDynamicAopProxy.java:223)
	at jdk.proxy3/jdk.proxy3.$Proxy366.findByExercise_IdAndUser_Id(Unknown Source)
	at de.tum.cit.aet.artemis.assessment.service.ParticipantScoreScheduleService.executeTask(ParticipantScoreScheduleService.java:286)
	at de.tum.cit.aet.artemis.assessment.service.ParticipantScoreScheduleService.lambda$scheduleTask$5(ParticipantScoreScheduleService.java:237)
	at org.springframework.scheduling.support.DelegatingErrorHandlingRunnable.run(DelegatingErrorHandlingRunnable.java:54)
	at java.base/java.util.concurrent.Executors$RunnableAdapter.call(Executors.java:572)
	at java.base/java.util.concurrent.FutureTask.run(FutureTask.java:317)
	at java.base/java.util.concurrent.ScheduledThreadPoolExecutor$ScheduledFutureTask.run(ScheduledThreadPoolExecutor.java:304)
	at java.base/java.util.concurrent.ThreadPoolExecutor.runWorker(ThreadPoolExecutor.java:1144)
	at java.base/java.util.concurrent.ThreadPoolExecutor$Worker.run(ThreadPoolExecutor.java:642)
	at java.base/java.lang.Thread.run(Thread.java:1583)
Caused by: org.hibernate.NonUniqueResultException: Query did not return a unique result: 2 results were returned
	at org.hibernate.query.spi.AbstractSelectionQuery.uniqueElement(AbstractSelectionQuery.java:586)
	at org.hibernate.query.spi.AbstractSelectionQuery.getSingleResult(AbstractSelectionQuery.java:570)
	at java.base/jdk.internal.reflect.DirectMethodHandleAccessor.invoke(DirectMethodHandleAccessor.java:103)
	at java.base/java.lang.reflect.Method.invoke(Method.java:580)
	at org.springframework.orm.jpa.SharedEntityManagerCreator$DeferredQueryInvocationHandler.invoke(SharedEntityManagerCreator.java:419)
	at jdk.proxy3/jdk.proxy3.$Proxy601.getSingleResult(Unknown Source)
	at org.springframework.data.jpa.repository.query.JpaQueryExecution$SingleEntityExecution.doExecute(JpaQueryExecution.java:224)
	at org.springframework.data.jpa.repository.query.JpaQueryExecution.execute(JpaQueryExecution.java:93)
	at org.springframework.data.jpa.repository.query.AbstractJpaQuery.doExecute(AbstractJpaQuery.java:152)
	at org.springframework.data.jpa.repository.query.AbstractJpaQuery.execute(AbstractJpaQuery.java:140)
	at org.springframework.data.repository.core.support.RepositoryMethodInvoker.doInvoke(RepositoryMethodInvoker.java:170)
	at org.springframework.data.repository.core.support.RepositoryMethodInvoker.invoke(RepositoryMethodInvoker.java:158)
	at org.springframework.data.repository.core.support.QueryExecutorMethodInterceptor.doInvoke(QueryExecutorMethodInterceptor.java:170)
	at org.springframework.data.repository.core.support.QueryExecutorMethodInterceptor.invoke(QueryExecutorMethodInterceptor.java:149)
	at org.springframework.aop.framework.ReflectiveMethodInvocation.proceed(ReflectiveMethodInvocation.java:184)
	at org.springframework.data.projection.DefaultMethodInvokingMethodInterceptor.invoke(DefaultMethodInvokingMethodInterceptor.java:69)
	at org.springframework.aop.framework.ReflectiveMethodInvocation.proceed(ReflectiveMethodInvocation.java:184)
	at org.springframework.transaction.interceptor.TransactionAspectSupport.invokeWithinTransaction(TransactionAspectSupport.java:380)
	at org.springframework.transaction.interceptor.TransactionInterceptor.invoke(TransactionInterceptor.java:119)
	at org.springframework.aop.framework.ReflectiveMethodInvocation.proceed(ReflectiveMethodInvocation.java:184)
	at org.springframework.dao.support.PersistenceExceptionTranslationInterceptor.invoke(PersistenceExceptionTranslationInterceptor.java:138)
	... 14 common frames omitted
    23:43:00.105 | 327 taskScheduler-2  | DEBUG | .a.s.ParticipantScoreScheduleService : Updating the participant score for exercise 168 and participant 203 took 2 ms.
    23:43:00.105 | 327 taskScheduler-2  | DEBUG | .a.s.ParticipantScoreScheduleService : Processing exercise 170 and participant 203 to update participant scores.
    23:43:00.106 | 328 taskScheduler-3  | DEBUG | .a.s.ParticipantScoreScheduleService : Processing exercise 180 and participant 1 to update participant scores.
    23:43:00.109 | 326 taskScheduler-1  | DEBUG | .a.s.ParticipantScoreScheduleService : Processing exercise 186 and participant 203 to update participant scores.
    23:43:00.110 | 326 taskScheduler-1  | ERROR | .a.s.ParticipantScoreScheduleService : Exception while processing participant score for exercise 186 and participant 203 for participant scores:
org.springframework.dao.IncorrectResultSizeDataAccessException: Query did not return a unique result: 2 results were returned
	at org.springframework.orm.jpa.vendor.HibernateJpaDialect.convertHibernateAccessException(HibernateJpaDialect.java:301)
	at org.springframework.orm.jpa.vendor.HibernateJpaDialect.translateExceptionIfPossible(HibernateJpaDialect.java:244)
	at org.springframework.orm.jpa.AbstractEntityManagerFactoryBean.translateExceptionIfPossible(AbstractEntityManagerFactoryBean.java:560)
	at org.springframework.dao.support.ChainedPersistenceExceptionTranslator.translateExceptionIfPossible(ChainedPersistenceExceptionTranslator.java:61)
	at org.springframework.dao.support.DataAccessUtils.translateIfNecessary(DataAccessUtils.java:343)
	at org.springframework.dao.support.PersistenceExceptionTranslationInterceptor.invoke(PersistenceExceptionTranslationInterceptor.java:160)
	at org.springframework.aop.framework.ReflectiveMethodInvocation.proceed(ReflectiveMethodInvocation.java:184)
	at org.springframework.data.jpa.repository.support.CrudMethodMetadataPostProcessor$CrudMethodMetadataPopulatingMethodInterceptor.invoke(CrudMethodMetadataPostProcessor.java:136)
	at org.springframework.aop.framework.ReflectiveMethodInvocation.proceed(ReflectiveMethodInvocation.java:184)
	at org.springframework.aop.framework.JdkDynamicAopProxy.invoke(JdkDynamicAopProxy.java:223)
	at jdk.proxy3/jdk.proxy3.$Proxy366.findByExercise_IdAndUser_Id(Unknown Source)
	at de.tum.cit.aet.artemis.assessment.service.ParticipantScoreScheduleService.executeTask(ParticipantScoreScheduleService.java:286)
	at de.tum.cit.aet.artemis.assessment.service.ParticipantScoreScheduleService.lambda$scheduleTask$5(ParticipantScoreScheduleService.java:237)
	at org.springframework.scheduling.support.DelegatingErrorHandlingRunnable.run(DelegatingErrorHandlingRunnable.java:54)
	at java.base/java.util.concurrent.Executors$RunnableAdapter.call(Executors.java:572)
	at java.base/java.util.concurrent.FutureTask.run(FutureTask.java:317)
	at java.base/java.util.concurrent.ScheduledThreadPoolExecutor$ScheduledFutureTask.run(ScheduledThreadPoolExecutor.java:304)
	at java.base/java.util.concurrent.ThreadPoolExecutor.runWorker(ThreadPoolExecutor.java:1144)
	at java.base/java.util.concurrent.ThreadPoolExecutor$Worker.run(ThreadPoolExecutor.java:642)
	at java.base/java.lang.Thread.run(Thread.java:1583)
Caused by: org.hibernate.NonUniqueResultException: Query did not return a unique result: 2 results were returned
	at org.hibernate.query.spi.AbstractSelectionQuery.uniqueElement(AbstractSelectionQuery.java:586)
	at org.hibernate.query.spi.AbstractSelectionQuery.getSingleResult(AbstractSelectionQuery.java:570)
	at java.base/jdk.internal.reflect.DirectMethodHandleAccessor.invoke(DirectMethodHandleAccessor.java:103)
	at java.base/java.lang.reflect.Method.invoke(Method.java:580)
	at org.springframework.orm.jpa.SharedEntityManagerCreator$DeferredQueryInvocationHandler.invoke(SharedEntityManagerCreator.java:419)
	at jdk.proxy3/jdk.proxy3.$Proxy601.getSingleResult(Unknown Source)
	at org.springframework.data.jpa.repository.query.JpaQueryExecution$SingleEntityExecution.doExecute(JpaQueryExecution.java:224)
	at org.springframework.data.jpa.repository.query.JpaQueryExecution.execute(JpaQueryExecution.java:93)
	at org.springframework.data.jpa.repository.query.AbstractJpaQuery.doExecute(AbstractJpaQuery.java:152)
	at org.springframework.data.jpa.repository.query.AbstractJpaQuery.execute(AbstractJpaQuery.java:140)
	at org.springframework.data.repository.core.support.RepositoryMethodInvoker.doInvoke(RepositoryMethodInvoker.java:170)
	at org.springframework.data.repository.core.support.RepositoryMethodInvoker.invoke(RepositoryMethodInvoker.java:158)
	at org.springframework.data.repository.core.support.QueryExecutorMethodInterceptor.doInvoke(QueryExecutorMethodInterceptor.java:170)
	at org.springframework.data.repository.core.support.QueryExecutorMethodInterceptor.invoke(QueryExecutorMethodInterceptor.java:149)
	at org.springframework.aop.framework.ReflectiveMethodInvocation.proceed(ReflectiveMethodInvocation.java:184)
	at org.springframework.data.projection.DefaultMethodInvokingMethodInterceptor.invoke(DefaultMethodInvokingMethodInterceptor.java:69)
	at org.springframework.aop.framework.ReflectiveMethodInvocation.proceed(ReflectiveMethodInvocation.java:184)
	at org.springframework.transaction.interceptor.TransactionAspectSupport.invokeWithinTransaction(TransactionAspectSupport.java:380)
	at org.springframework.transaction.interceptor.TransactionInterceptor.invoke(TransactionInterceptor.java:119)
	at org.springframework.aop.framework.ReflectiveMethodInvocation.proceed(ReflectiveMethodInvocation.java:184)
	at org.springframework.dao.support.PersistenceExceptionTranslationInterceptor.invoke(PersistenceExceptionTranslationInterceptor.java:138)
	... 14 common frames omitted
    23:43:00.111 | 326 taskScheduler-1  | DEBUG | .a.s.ParticipantScoreScheduleService : Updating the participant score for exercise 186 and participant 203 took 2 ms.
    23:43:00.112 | 327 taskScheduler-2  | ERROR | .a.s.ParticipantScoreScheduleService : Exception while processing participant score for exercise 170 and participant 203 for participant scores:
org.springframework.dao.IncorrectResultSizeDataAccessException: Query did not return a unique result: 2 results were returned
	at org.springframework.orm.jpa.vendor.HibernateJpaDialect.convertHibernateAccessException(HibernateJpaDialect.java:301)
	at org.springframework.orm.jpa.vendor.HibernateJpaDialect.translateExceptionIfPossible(HibernateJpaDialect.java:244)
	at org.springframework.orm.jpa.AbstractEntityManagerFactoryBean.translateExceptionIfPossible(AbstractEntityManagerFactoryBean.java:560)
	at org.springframework.dao.support.ChainedPersistenceExceptionTranslator.translateExceptionIfPossible(ChainedPersistenceExceptionTranslator.java:61)
	at org.springframework.dao.support.DataAccessUtils.translateIfNecessary(DataAccessUtils.java:343)
	at org.springframework.dao.support.PersistenceExceptionTranslationInterceptor.invoke(PersistenceExceptionTranslationInterceptor.java:160)
	at org.springframework.aop.framework.ReflectiveMethodInvocation.proceed(ReflectiveMethodInvocation.java:184)
	at org.springframework.data.jpa.repository.support.CrudMethodMetadataPostProcessor$CrudMethodMetadataPopulatingMethodInterceptor.invoke(CrudMethodMetadataPostProcessor.java:136)
	at org.springframework.aop.framework.ReflectiveMethodInvocation.proceed(ReflectiveMethodInvocation.java:184)
	at org.springframework.aop.framework.JdkDynamicAopProxy.invoke(JdkDynamicAopProxy.java:223)
	at jdk.proxy3/jdk.proxy3.$Proxy366.findByExercise_IdAndUser_Id(Unknown Source)
	at de.tum.cit.aet.artemis.assessment.service.ParticipantScoreScheduleService.executeTask(ParticipantScoreScheduleService.java:286)
	at de.tum.cit.aet.artemis.assessment.service.ParticipantScoreScheduleService.lambda$scheduleTask$5(ParticipantScoreScheduleService.java:237)
	at org.springframework.scheduling.support.DelegatingErrorHandlingRunnable.run(DelegatingErrorHandlingRunnable.java:54)
	at java.base/java.util.concurrent.Executors$RunnableAdapter.call(Executors.java:572)
	at java.base/java.util.concurrent.FutureTask.run(FutureTask.java:317)
	at java.base/java.util.concurrent.ScheduledThreadPoolExecutor$ScheduledFutureTask.run(ScheduledThreadPoolExecutor.java:304)
	at java.base/java.util.concurrent.ThreadPoolExecutor.runWorker(ThreadPoolExecutor.java:1144)
	at java.base/java.util.concurrent.ThreadPoolExecutor$Worker.run(ThreadPoolExecutor.java:642)
	at java.base/java.lang.Thread.run(Thread.java:1583)
Caused by: org.hibernate.NonUniqueResultException: Query did not return a unique result: 2 results were returned
	at org.hibernate.query.spi.AbstractSelectionQuery.uniqueElement(AbstractSelectionQuery.java:586)
	at org.hibernate.query.spi.AbstractSelectionQuery.getSingleResult(AbstractSelectionQuery.java:570)
	at java.base/jdk.internal.reflect.DirectMethodHandleAccessor.invoke(DirectMethodHandleAccessor.java:103)
	at java.base/java.lang.reflect.Method.invoke(Method.java:580)
	at org.springframework.orm.jpa.SharedEntityManagerCreator$DeferredQueryInvocationHandler.invoke(SharedEntityManagerCreator.java:419)
	at jdk.proxy3/jdk.proxy3.$Proxy601.getSingleResult(Unknown Source)
	at org.springframework.data.jpa.repository.query.JpaQueryExecution$SingleEntityExecution.doExecute(JpaQueryExecution.java:224)
	at org.springframework.data.jpa.repository.query.JpaQueryExecution.execute(JpaQueryExecution.java:93)
	at org.springframework.data.jpa.repository.query.AbstractJpaQuery.doExecute(AbstractJpaQuery.java:152)
	at org.springframework.data.jpa.repository.query.AbstractJpaQuery.execute(AbstractJpaQuery.java:140)
	at org.springframework.data.repository.core.support.RepositoryMethodInvoker.doInvoke(RepositoryMethodInvoker.java:170)
	at org.springframework.data.repository.core.support.RepositoryMethodInvoker.invoke(RepositoryMethodInvoker.java:158)
	at org.springframework.data.repository.core.support.QueryExecutorMethodInterceptor.doInvoke(QueryExecutorMethodInterceptor.java:170)
	at org.springframework.data.repository.core.support.QueryExecutorMethodInterceptor.invoke(QueryExecutorMethodInterceptor.java:149)
	at org.springframework.aop.framework.ReflectiveMethodInvocation.proceed(ReflectiveMethodInvocation.java:184)
	at org.springframework.data.projection.DefaultMethodInvokingMethodInterceptor.invoke(DefaultMethodInvokingMethodInterceptor.java:69)
	at org.springframework.aop.framework.ReflectiveMethodInvocation.proceed(ReflectiveMethodInvocation.java:184)
	at org.springframework.transaction.interceptor.TransactionAspectSupport.invokeWithinTransaction(TransactionAspectSupport.java:380)
	at org.springframework.transaction.interceptor.TransactionInterceptor.invoke(TransactionInterceptor.java:119)
	at org.springframework.aop.framework.ReflectiveMethodInvocation.proceed(ReflectiveMethodInvocation.java:184)
	at org.springframework.dao.support.PersistenceExceptionTranslationInterceptor.invoke(PersistenceExceptionTranslationInterceptor.java:138)
	... 14 common frames omitted
    23:43:00.113 | 327 taskScheduler-2  | DEBUG | .a.s.ParticipantScoreScheduleService : Updating the participant score for exercise 170 and participant 203 took 8 ms.
    23:43:00.114 | 328 taskScheduler-3  | DEBUG | .a.s.ParticipantScoreScheduleService : Updating the participant score for exercise 180 and participant 1 took 8 ms.
    23:43:00.115 | 362 ool-1-worker-126 | DEBUG | .a.q.s.AbstractQuizSubmissionService : submit exam quiz finished: QuizSubmission{id=562, scoreInPoints='null'}
    23:43:00.130 | 362 ool-1-worker-126 | DEBUG | .a.q.s.AbstractQuizSubmissionService : submit exam quiz finished: QuizSubmission{id=562, scoreInPoints='null'}
    23:43:00.131 | 329 taskScheduler-4  | DEBUG | .a.s.ParticipantScoreScheduleService : Processing exercise 622 and participant 652 to update participant scores.
    23:43:00.149 | 329 taskScheduler-4  | DEBUG | .a.s.ParticipantScoreScheduleService : Updated participant score 152.
    23:43:00.150 | 329 taskScheduler-4  | DEBUG | .a.s.ParticipantScoreScheduleService : Updating the participant score for exercise 622 and participant 652 took 19 ms.
    23:43:00.150 | 329 taskScheduler-4  | DEBUG | .a.s.ParticipantScoreScheduleService : Processing exercise 623 and participant 656 to update participant scores.
    23:43:00.157 | 362 ool-1-worker-126 | DEBUG | .a.q.s.AbstractQuizSubmissionService : submit exam quiz finished: QuizSubmission{id=562, scoreInPoints='null'}
    23:43:00.157 | 362 ool-1-worker-126 | DEBUG | .c.s.m.InstanceMessageReceiveService : Received schedule participant score for exercise 624 and participant 652 (result to be deleted: null)
    23:43:00.157 | 362 ool-1-worker-126 | DEBUG | .a.s.ParticipantScoreScheduleService : Scheduled task for exercise 624 and participant 652 at 2025-02-14T23:43:00.257826249Z[Etc/UTC].
    23:43:00.164 | 362 ool-1-worker-126 | DEBUG | .c.s.m.InstanceMessageReceiveService : Received schedule participant score for exercise 624 and participant 652 (result to be deleted: null)
    23:43:00.164 | 362 ool-1-worker-126 | DEBUG | .a.s.ParticipantScoreScheduleService : Scheduled task for exercise 624 and participant 652 at 2025-02-14T23:43:00.264698985Z[Etc/UTC].
    23:43:00.167 | 328 taskScheduler-3  | DEBUG | .a.s.ParticipantScoreScheduleService : Processing exercise 623 and participant 653 to update participant scores.
    23:43:00.171 | 329 taskScheduler-4  | DEBUG | .a.s.ParticipantScoreScheduleService : Updated participant score 153.
    23:43:00.172 | 329 taskScheduler-4  | DEBUG | .a.s.ParticipantScoreScheduleService : Updating the participant score for exercise 623 and participant 656 took 22 ms.
    23:43:00.174 | 328 taskScheduler-3  | DEBUG | .a.s.ParticipantScoreScheduleService : Updated participant score 154.
    23:43:00.174 | 328 taskScheduler-3  | DEBUG | .a.s.ParticipantScoreScheduleService : Updating the participant score for exercise 623 and participant 653 took 7 ms.
    23:43:00.183 | 326 taskScheduler-1  | DEBUG | .a.s.ParticipantScoreScheduleService : Processing exercise 623 and participant 654 to update participant scores.
    23:43:00.193 | 326 taskScheduler-1  | DEBUG | .a.s.ParticipantScoreScheduleService : Updated participant score 155.
    23:43:00.197 | 326 taskScheduler-1  | DEBUG | .a.s.ParticipantScoreScheduleService : Updating the participant score for exercise 623 and participant 654 took 14 ms.
    23:43:00.198 | 329 taskScheduler-4  | DEBUG | .a.s.ParticipantScoreScheduleService : Processing exercise 623 and participant 655 to update participant scores.
    23:43:00.206 | 329 taskScheduler-4  | DEBUG | .a.s.ParticipantScoreScheduleService : Updated participant score 156.
    23:43:00.210 | 329 taskScheduler-4  | DEBUG | .a.s.ParticipantScoreScheduleService : Updating the participant score for exercise 623 and participant 655 took 12 ms.
    23:43:00.212 | 362 ool-1-worker-126 | DEBUG | .c.s.m.InstanceMessageReceiveService : Received schedule participant score for exercise 624 and participant 652 (result to be deleted: null)
    23:43:00.212 | 362 ool-1-worker-126 | DEBUG | .a.s.ParticipantScoreScheduleService : Scheduled task for exercise 624 and participant 652 at 2025-02-14T23:43:00.312432711Z[Etc/UTC].
    23:43:00.212 | 362 ool-1-worker-126 | DEBUG | .c.s.m.InstanceMessageReceiveService : Received schedule participant score for exercise 624 and participant 652 (result to be deleted: null)
    23:43:00.212 | 362 ool-1-worker-126 | DEBUG | .a.s.ParticipantScoreScheduleService : Scheduled task for exercise 624 and participant 652 at 2025-02-14T23:43:00.312622926Z[Etc/UTC].
    23:43:00.220 | 362 ool-1-worker-126 | DEBUG | .a.q.s.AbstractQuizSubmissionService : submit exam quiz finished: QuizSubmission{id=559, scoreInPoints='null'}
    23:43:00.225 | 362 ool-1-worker-126 | DEBUG | .a.q.s.AbstractQuizSubmissionService : submit exam quiz finished: QuizSubmission{id=559, scoreInPoints='null'}
    23:43:00.231 | 362 ool-1-worker-126 | DEBUG | .a.q.s.AbstractQuizSubmissionService : submit exam quiz finished: QuizSubmission{id=559, scoreInPoints='null'}
    23:43:00.232 | 362 ool-1-worker-126 | DEBUG | .c.s.m.InstanceMessageReceiveService : Received schedule participant score for exercise 625 and participant 655 (result to be deleted: null)
    23:43:00.232 | 362 ool-1-worker-126 | DEBUG | .a.s.ParticipantScoreScheduleService : Scheduled task for exercise 625 and participant 655 at 2025-02-14T23:43:00.332396290Z[Etc/UTC].
    23:43:00.232 | 362 ool-1-worker-126 | DEBUG | .c.s.m.InstanceMessageReceiveService : Received schedule participant score for exercise 625 and participant 655 (result to be deleted: null)
    23:43:00.233 | 362 ool-1-worker-126 | DEBUG | .a.s.ParticipantScoreScheduleService : Scheduled task for exercise 625 and participant 655 at 2025-02-14T23:43:00.333025032Z[Etc/UTC].
    23:43:00.255 | 362 ool-1-worker-126 | DEBUG | .c.s.m.InstanceMessageReceiveService : Received schedule participant score for exercise 625 and participant 655 (result to be deleted: null)
    23:43:00.255 | 362 ool-1-worker-126 | DEBUG | .a.s.ParticipantScoreScheduleService : Scheduled task for exercise 625 and participant 655 at 2025-02-14T23:43:00.355598969Z[Etc/UTC].
    23:43:00.255 | 362 ool-1-worker-126 | DEBUG | .c.s.m.InstanceMessageReceiveService : Received schedule participant score for exercise 625 and participant 655 (result to be deleted: null)
    23:43:00.255 | 362 ool-1-worker-126 | DEBUG | .a.s.ParticipantScoreScheduleService : Scheduled task for exercise 625 and participant 655 at 2025-02-14T23:43:00.355830140Z[Etc/UTC].
    23:43:00.265 | 362 ool-1-worker-126 | DEBUG | .a.q.s.AbstractQuizSubmissionService : submit exam quiz finished: QuizSubmission{id=560, scoreInPoints='null'}
    23:43:00.275 | 362 ool-1-worker-126 | DEBUG | .a.q.s.AbstractQuizSubmissionService : submit exam quiz finished: QuizSubmission{id=560, scoreInPoints='null'}
    23:43:00.288 | 362 ool-1-worker-126 | DEBUG | .a.q.s.AbstractQuizSubmissionService : submit exam quiz finished: QuizSubmission{id=560, scoreInPoints='null'}
    23:43:00.289 | 362 ool-1-worker-126 | DEBUG | .c.s.m.InstanceMessageReceiveService : Received schedule participant score for exercise 625 and participant 654 (result to be deleted: null)
    23:43:00.289 | 362 ool-1-worker-126 | DEBUG | .a.s.ParticipantScoreScheduleService : Scheduled task for exercise 625 and participant 654 at 2025-02-14T23:43:00.389145250Z[Etc/UTC].
    23:43:00.289 | 362 ool-1-worker-126 | DEBUG | .c.s.m.InstanceMessageReceiveService : Received schedule participant score for exercise 625 and participant 654 (result to be deleted: null)
    23:43:00.289 | 362 ool-1-worker-126 | DEBUG | .a.s.ParticipantScoreScheduleService : Scheduled task for exercise 625 and participant 654 at 2025-02-14T23:43:00.389762301Z[Etc/UTC].
    23:43:00.315 | 327 taskScheduler-2  | DEBUG | .a.s.ParticipantScoreScheduleService : Processing exercise 624 and participant 652 to update participant scores.
    23:43:00.328 | 327 taskScheduler-2  | DEBUG | .a.s.ParticipantScoreScheduleService : Updated participant score 157.
    23:43:00.329 | 327 taskScheduler-2  | DEBUG | .a.s.ParticipantScoreScheduleService : Updating the participant score for exercise 624 and participant 652 took 14 ms.
    23:43:00.329 | 362 ool-1-worker-126 | DEBUG | .c.s.m.InstanceMessageReceiveService : Received schedule participant score for exercise 625 and participant 654 (result to be deleted: null)
    23:43:00.329 | 362 ool-1-worker-126 | DEBUG | .a.s.ParticipantScoreScheduleService : Scheduled task for exercise 625 and participant 654 at 2025-02-14T23:43:00.429386403Z[Etc/UTC].
    23:43:00.329 | 362 ool-1-worker-126 | DEBUG | .c.s.m.InstanceMessageReceiveService : Received schedule participant score for exercise 625 and participant 654 (result to be deleted: null)
    23:43:00.329 | 362 ool-1-worker-126 | DEBUG | .a.s.ParticipantScoreScheduleService : Scheduled task for exercise 625 and participant 654 at 2025-02-14T23:43:00.429588550Z[Etc/UTC].
    23:43:00.341 | 362 ool-1-worker-126 | DEBUG | .a.q.s.AbstractQuizSubmissionService : submit exam quiz finished: QuizSubmission{id=561, scoreInPoints='null'}
    23:43:00.347 | 362 ool-1-worker-126 | DEBUG | .a.q.s.AbstractQuizSubmissionService : submit exam quiz finished: QuizSubmission{id=561, scoreInPoints='null'}
    23:43:00.353 | 362 ool-1-worker-126 | DEBUG | .a.q.s.AbstractQuizSubmissionService : submit exam quiz finished: QuizSubmission{id=561, scoreInPoints='null'}
    23:43:00.353 | 362 ool-1-worker-126 | DEBUG | .c.s.m.InstanceMessageReceiveService : Received schedule participant score for exercise 625 and participant 653 (result to be deleted: null)
    23:43:00.353 | 362 ool-1-worker-126 | DEBUG | .a.s.ParticipantScoreScheduleService : Scheduled task for exercise 625 and participant 653 at 2025-02-14T23:43:00.453601047Z[Etc/UTC].
    23:43:00.354 | 362 ool-1-worker-126 | DEBUG | .c.s.m.InstanceMessageReceiveService : Received schedule participant score for exercise 625 and participant 653 (result to be deleted: null)
    23:43:00.354 | 362 ool-1-worker-126 | DEBUG | .a.s.ParticipantScoreScheduleService : Scheduled task for exercise 625 and participant 653 at 2025-02-14T23:43:00.454211886Z[Etc/UTC].
    23:43:00.355 | 329 taskScheduler-4  | DEBUG | .a.s.ParticipantScoreScheduleService : Processing exercise 625 and participant 655 to update participant scores.
    23:43:00.362 | 329 taskScheduler-4  | DEBUG | .a.s.ParticipantScoreScheduleService : Updated participant score 158.
    23:43:00.366 | 329 taskScheduler-4  | DEBUG | .a.s.ParticipantScoreScheduleService : Updating the participant score for exercise 625 and participant 655 took 11 ms.
    23:43:00.384 | 362 ool-1-worker-126 | DEBUG | .c.s.m.InstanceMessageReceiveService : Received schedule participant score for exercise 625 and participant 653 (result to be deleted: null)
    23:43:00.384 | 362 ool-1-worker-126 | DEBUG | .a.s.ParticipantScoreScheduleService : Scheduled task for exercise 625 and participant 653 at 2025-02-14T23:43:00.484858076Z[Etc/UTC].
    23:43:00.385 | 362 ool-1-worker-126 | DEBUG | .c.s.m.InstanceMessageReceiveService : Received schedule participant score for exercise 625 and participant 653 (result to be deleted: null)
    23:43:00.385 | 362 ool-1-worker-126 | DEBUG | .a.s.ParticipantScoreScheduleService : Scheduled task for exercise 625 and participant 653 at 2025-02-14T23:43:00.485061426Z[Etc/UTC].
    23:43:00.397 | 362 ool-1-worker-126 | DEBUG | .a.q.s.AbstractQuizSubmissionService : submit exam quiz finished: QuizSubmission{id=558, scoreInPoints='null'}
    23:43:00.404 | 362 ool-1-worker-126 | DEBUG | .a.q.s.AbstractQuizSubmissionService : submit exam quiz finished: QuizSubmission{id=558, scoreInPoints='null'}
    23:43:00.411 | 362 ool-1-worker-126 | DEBUG | .a.q.s.AbstractQuizSubmissionService : submit exam quiz finished: QuizSubmission{id=558, scoreInPoints='null'}
    23:43:00.412 | 362 ool-1-worker-126 | DEBUG | .c.s.m.InstanceMessageReceiveService : Received schedule participant score for exercise 625 and participant 656 (result to be deleted: null)
    23:43:00.412 | 362 ool-1-worker-126 | DEBUG | .a.s.ParticipantScoreScheduleService : Scheduled task for exercise 625 and participant 656 at 2025-02-14T23:43:00.512525995Z[Etc/UTC].
    23:43:00.413 | 362 ool-1-worker-126 | DEBUG | .c.s.m.InstanceMessageReceiveService : Received schedule participant score for exercise 625 and participant 656 (result to be deleted: null)
    23:43:00.413 | 362 ool-1-worker-126 | DEBUG | .a.s.ParticipantScoreScheduleService : Scheduled task for exercise 625 and participant 656 at 2025-02-14T23:43:00.513338459Z[Etc/UTC].
    23:43:00.429 | 328 taskScheduler-3  | DEBUG | .a.s.ParticipantScoreScheduleService : Processing exercise 625 and participant 654 to update participant scores.
    23:43:00.439 | 362 ool-1-worker-126 | DEBUG | .c.s.m.InstanceMessageReceiveService : Received schedule participant score for exercise 625 and participant 656 (result to be deleted: null)
    23:43:00.439 | 362 ool-1-worker-126 | DEBUG | .a.s.ParticipantScoreScheduleService : Scheduled task for exercise 625 and participant 656 at 2025-02-14T23:43:00.539963962Z[Etc/UTC].
    23:43:00.442 | 328 taskScheduler-3  | DEBUG | .a.s.ParticipantScoreScheduleService : Updated participant score 159.
    23:43:00.443 | 328 taskScheduler-3  | DEBUG | .a.s.ParticipantScoreScheduleService : Updating the participant score for exercise 625 and participant 654 took 14 ms.
    23:43:00.443 | 362 ool-1-worker-126 | DEBUG | .c.s.m.InstanceMessageReceiveService : Received schedule participant score for exercise 625 and participant 656 (result to be deleted: null)
    23:43:00.443 | 362 ool-1-worker-126 | DEBUG | .a.s.ParticipantScoreScheduleService : Scheduled task for exercise 625 and participant 656 at 2025-02-14T23:43:00.543188465Z[Etc/UTC].
    23:43:00.444 | 362 ool-1-worker-126 | DEBUG | .c.s.m.InstanceMessageReceiveService : Received schedule participant score for exercise 626 and participant 655 (result to be deleted: null)
    23:43:00.444 | 362 ool-1-worker-126 | DEBUG | .a.s.ParticipantScoreScheduleService : Scheduled task for exercise 626 and participant 655 at 2025-02-14T23:43:00.544442063Z[Etc/UTC].
    23:43:00.446 | 362 ool-1-worker-126 | DEBUG | .c.s.m.InstanceMessageReceiveService : Received schedule participant score for exercise 626 and participant 655 (result to be deleted: null)
    23:43:00.446 | 362 ool-1-worker-126 | DEBUG | .a.s.ParticipantScoreScheduleService : Scheduled task for exercise 626 and participant 655 at 2025-02-14T23:43:00.546182639Z[Etc/UTC].
    23:43:00.459 | 362 ool-1-worker-126 | DEBUG | .c.s.m.InstanceMessageReceiveService : Received schedule participant score for exercise 626 and participant 655 (result to be deleted: null)
    23:43:00.459 | 362 ool-1-worker-126 | DEBUG | .a.s.ParticipantScoreScheduleService : Scheduled task for exercise 626 and participant 655 at 2025-02-14T23:43:00.559866357Z[Etc/UTC].
    23:43:00.460 | 362 ool-1-worker-126 | DEBUG | .c.s.m.InstanceMessageReceiveService : Received schedule participant score for exercise 626 and participant 655 (result to be deleted: null)
    23:43:00.460 | 362 ool-1-worker-126 | DEBUG | .a.s.ParticipantScoreScheduleService : Scheduled task for exercise 626 and participant 655 at 2025-02-14T23:43:00.560053676Z[Etc/UTC].
    23:43:00.464 | 362 ool-1-worker-126 | DEBUG | .c.s.m.InstanceMessageReceiveService : Received schedule participant score for exercise 626 and participant 653 (result to be deleted: null)
    23:43:00.464 | 362 ool-1-worker-126 | DEBUG | .a.s.ParticipantScoreScheduleService : Scheduled task for exercise 626 and participant 653 at 2025-02-14T23:43:00.564764381Z[Etc/UTC].
    23:43:00.465 | 362 ool-1-worker-126 | DEBUG | .c.s.m.InstanceMessageReceiveService : Received schedule participant score for exercise 626 and participant 653 (result to be deleted: null)
    23:43:00.465 | 362 ool-1-worker-126 | DEBUG | .a.s.ParticipantScoreScheduleService : Scheduled task for exercise 626 and participant 653 at 2025-02-14T23:43:00.565417168Z[Etc/UTC].
    23:43:00.477 | 362 ool-1-worker-126 | DEBUG | .c.s.m.InstanceMessageReceiveService : Received schedule participant score for exercise 626 and participant 653 (result to be deleted: null)
    23:43:00.477 | 362 ool-1-worker-126 | DEBUG | .a.s.ParticipantScoreScheduleService : Scheduled task for exercise 626 and participant 653 at 2025-02-14T23:43:00.577810149Z[Etc/UTC].
    23:43:00.477 | 362 ool-1-worker-126 | DEBUG | .c.s.m.InstanceMessageReceiveService : Received schedule participant score for exercise 626 and participant 653 (result to be deleted: null)
    23:43:00.478 | 362 ool-1-worker-126 | DEBUG | .a.s.ParticipantScoreScheduleService : Scheduled task for exercise 626 and participant 653 at 2025-02-14T23:43:00.578033836Z[Etc/UTC].
    23:43:00.481 | 362 ool-1-worker-126 | DEBUG | .c.s.m.InstanceMessageReceiveService : Received schedule participant score for exercise 627 and participant 656 (result to be deleted: null)
    23:43:00.481 | 362 ool-1-worker-126 | DEBUG | .a.s.ParticipantScoreScheduleService : Scheduled task for exercise 627 and participant 656 at 2025-02-14T23:43:00.581904364Z[Etc/UTC].
    23:43:00.482 | 362 ool-1-worker-126 | DEBUG | .c.s.m.InstanceMessageReceiveService : Received schedule participant score for exercise 627 and participant 656 (result to be deleted: null)
    23:43:00.482 | 362 ool-1-worker-126 | DEBUG | .a.s.ParticipantScoreScheduleService : Scheduled task for exercise 627 and participant 656 at 2025-02-14T23:43:00.582528528Z[Etc/UTC].
    23:43:00.485 | 326 taskScheduler-1  | DEBUG | .a.s.ParticipantScoreScheduleService : Processing exercise 625 and participant 653 to update participant scores.
    23:43:00.494 | 326 taskScheduler-1  | DEBUG | .a.s.ParticipantScoreScheduleService : Updated participant score 160.
    23:43:00.495 | 326 taskScheduler-1  | DEBUG | .a.s.ParticipantScoreScheduleService : Updating the participant score for exercise 625 and participant 653 took 10 ms.
    23:43:00.499 | 362 ool-1-worker-126 | DEBUG | .c.s.m.InstanceMessageReceiveService : Received schedule participant score for exercise 627 and participant 656 (result to be deleted: null)
    23:43:00.499 | 362 ool-1-worker-126 | DEBUG | .a.s.ParticipantScoreScheduleService : Scheduled task for exercise 627 and participant 656 at 2025-02-14T23:43:00.599195309Z[Etc/UTC].
    23:43:00.499 | 362 ool-1-worker-126 | DEBUG | .c.s.m.InstanceMessageReceiveService : Received schedule participant score for exercise 627 and participant 656 (result to be deleted: null)
    23:43:00.499 | 362 ool-1-worker-126 | DEBUG | .a.s.ParticipantScoreScheduleService : Scheduled task for exercise 627 and participant 656 at 2025-02-14T23:43:00.599371808Z[Etc/UTC].
    23:43:00.500 | 362 ool-1-worker-126 | DEBUG | .c.s.m.InstanceMessageReceiveService : Received schedule participant score for exercise 627 and participant 654 (result to be deleted: null)
    23:43:00.500 | 362 ool-1-worker-126 | DEBUG | .a.s.ParticipantScoreScheduleService : Scheduled task for exercise 627 and participant 654 at 2025-02-14T23:43:00.600514920Z[Etc/UTC].
    23:43:00.501 | 362 ool-1-worker-126 | DEBUG | .c.s.m.InstanceMessageReceiveService : Received schedule participant score for exercise 627 and participant 654 (result to be deleted: null)
    23:43:00.501 | 362 ool-1-worker-126 | DEBUG | .a.s.ParticipantScoreScheduleService : Scheduled task for exercise 627 and participant 654 at 2025-02-14T23:43:00.601904772Z[Etc/UTC].
    23:43:00.507 | 362 ool-1-worker-126 | DEBUG | .c.s.m.InstanceMessageReceiveService : Received schedule participant score for exercise 627 and participant 654 (result to be deleted: null)
    23:43:00.507 | 362 ool-1-worker-126 | DEBUG | .a.s.ParticipantScoreScheduleService : Scheduled task for exercise 627 and participant 654 at 2025-02-14T23:43:00.607703986Z[Etc/UTC].
    23:43:00.507 | 362 ool-1-worker-126 | DEBUG | .c.s.m.InstanceMessageReceiveService : Received schedule participant score for exercise 627 and participant 654 (result to be deleted: null)
    23:43:00.507 | 362 ool-1-worker-126 | DEBUG | .a.s.ParticipantScoreScheduleService : Scheduled task for exercise 627 and participant 654 at 2025-02-14T23:43:00.607895313Z[Etc/UTC].
    23:43:00.509 | 362 ool-1-worker-126 | DEBUG | .c.s.m.InstanceMessageReceiveService : Received schedule participant score for exercise 627 and participant 652 (result to be deleted: null)
    23:43:00.509 | 362 ool-1-worker-126 | DEBUG | .a.s.ParticipantScoreScheduleService : Scheduled task for exercise 627 and participant 652 at 2025-02-14T23:43:00.609169619Z[Etc/UTC].
    23:43:00.509 | 362 ool-1-worker-126 | DEBUG | .c.s.m.InstanceMessageReceiveService : Received schedule participant score for exercise 627 and participant 652 (result to be deleted: null)
    23:43:00.509 | 362 ool-1-worker-126 | DEBUG | .a.s.ParticipantScoreScheduleService : Scheduled task for exercise 627 and participant 652 at 2025-02-14T23:43:00.609768266Z[Etc/UTC].
    23:43:00.515 | 362 ool-1-worker-126 | DEBUG | .c.s.m.InstanceMessageReceiveService : Received schedule participant score for exercise 627 and participant 652 (result to be deleted: null)
    23:43:00.515 | 362 ool-1-worker-126 | DEBUG | .a.s.ParticipantScoreScheduleService : Scheduled task for exercise 627 and participant 652 at 2025-02-14T23:43:00.615665613Z[Etc/UTC].
    23:43:00.515 | 362 ool-1-worker-126 | DEBUG | .c.s.m.InstanceMessageReceiveService : Received schedule participant score for exercise 627 and participant 652 (result to be deleted: null)
    23:43:00.515 | 362 ool-1-worker-126 | DEBUG | .a.s.ParticipantScoreScheduleService : Scheduled task for exercise 627 and participant 652 at 2025-02-14T23:43:00.615849857Z[Etc/UTC].
    23:43:00.520 | 362 ool-1-worker-126 | DEBUG | .c.s.m.InstanceMessageReceiveService : Received schedule participant score for exercise 628 and participant 653 (result to be deleted: null)
    23:43:00.520 | 362 ool-1-worker-126 | DEBUG | .a.s.ParticipantScoreScheduleService : Scheduled task for exercise 628 and participant 653 at 2025-02-14T23:43:00.620254661Z[Etc/UTC].
    23:43:00.520 | 362 ool-1-worker-126 | DEBUG | .c.s.m.InstanceMessageReceiveService : Received schedule participant score for exercise 628 and participant 653 (result to be deleted: null)
    23:43:00.520 | 362 ool-1-worker-126 | DEBUG | .a.s.ParticipantScoreScheduleService : Scheduled task for exercise 628 and participant 653 at 2025-02-14T23:43:00.620887932Z[Etc/UTC].
    23:43:00.527 | 362 ool-1-worker-126 | DEBUG | .c.s.m.InstanceMessageReceiveService : Received schedule participant score for exercise 628 and participant 653 (result to be deleted: null)
    23:43:00.528 | 362 ool-1-worker-126 | DEBUG | .a.s.ParticipantScoreScheduleService : Scheduled task for exercise 628 and participant 653 at 2025-02-14T23:43:00.628030251Z[Etc/UTC].
    23:43:00.528 | 362 ool-1-worker-126 | DEBUG | .c.s.m.InstanceMessageReceiveService : Received schedule participant score for exercise 628 and participant 653 (result to be deleted: null)
    23:43:00.528 | 362 ool-1-worker-126 | DEBUG | .a.s.ParticipantScoreScheduleService : Scheduled task for exercise 628 and participant 653 at 2025-02-14T23:43:00.628215256Z[Etc/UTC].
    23:43:00.579 | 327 taskScheduler-2  | DEBUG | .a.s.ParticipantScoreScheduleService : Processing exercise 625 and participant 656 to update participant scores.
    23:43:00.582 | 326 taskScheduler-1  | DEBUG | .a.s.ParticipantScoreScheduleService : Processing exercise 626 and participant 655 to update participant scores.
    23:43:00.584 | 329 taskScheduler-4  | DEBUG | .a.s.ParticipantScoreScheduleService : Processing exercise 626 and participant 653 to update participant scores.
    23:43:00.584 | 362 ool-1-worker-126 | DEBUG | .c.s.m.InstanceMessageReceiveService : Received schedule participant score for exercise 628 and participant 655 (result to be deleted: null)
    23:43:00.584 | 362 ool-1-worker-126 | DEBUG | .a.s.ParticipantScoreScheduleService : Scheduled task for exercise 628 and participant 655 at 2025-02-14T23:43:00.684855501Z[Etc/UTC].
    23:43:00.585 | 362 ool-1-worker-126 | DEBUG | .c.s.m.InstanceMessageReceiveService : Received schedule participant score for exercise 628 and participant 655 (result to be deleted: null)
    23:43:00.585 | 362 ool-1-worker-126 | DEBUG | .a.s.ParticipantScoreScheduleService : Scheduled task for exercise 628 and participant 655 at 2025-02-14T23:43:00.685965551Z[Etc/UTC].
    23:43:00.598 | 362 ool-1-worker-126 | DEBUG | .c.s.m.InstanceMessageReceiveService : Received schedule participant score for exercise 628 and participant 655 (result to be deleted: null)
    23:43:00.598 | 362 ool-1-worker-126 | DEBUG | .a.s.ParticipantScoreScheduleService : Scheduled task for exercise 628 and participant 655 at 2025-02-14T23:43:00.698484747Z[Etc/UTC].
    23:43:00.598 | 362 ool-1-worker-126 | DEBUG | .c.s.m.InstanceMessageReceiveService : Received schedule participant score for exercise 628 and participant 655 (result to be deleted: null)
    23:43:00.598 | 362 ool-1-worker-126 | DEBUG | .a.s.ParticipantScoreScheduleService : Scheduled task for exercise 628 and participant 655 at 2025-02-14T23:43:00.698684500Z[Etc/UTC].
    23:43:00.602 | 328 taskScheduler-3  | DEBUG | .a.s.ParticipantScoreScheduleService : Processing exercise 627 and participant 656 to update participant scores.
    23:43:00.602 | 362 ool-1-worker-126 | DEBUG | .c.s.m.InstanceMessageReceiveService : Received schedule participant score for exercise 628 and participant 656 (result to be deleted: null)
    23:43:00.602 | 362 ool-1-worker-126 | DEBUG | .a.s.ParticipantScoreScheduleService : Scheduled task for exercise 628 and participant 656 at 2025-02-14T23:43:00.702967758Z[Etc/UTC].
    23:43:00.603 | 362 ool-1-worker-126 | DEBUG | .c.s.m.InstanceMessageReceiveService : Received schedule participant score for exercise 628 and participant 656 (result to be deleted: null)
    23:43:00.603 | 362 ool-1-worker-126 | DEBUG | .a.s.ParticipantScoreScheduleService : Scheduled task for exercise 628 and participant 656 at 2025-02-14T23:43:00.703583466Z[Etc/UTC].
    23:43:00.610 | 327 taskScheduler-2  | DEBUG | .a.s.ParticipantScoreScheduleService : Updated participant score 161.
    23:43:00.613 | 326 taskScheduler-1  | DEBUG | .a.s.ParticipantScoreScheduleService : Updated participant score 162.
    23:43:00.613 | 326 taskScheduler-1  | DEBUG | .a.s.ParticipantScoreScheduleService : Updating the participant score for exercise 626 and participant 655 took 31 ms.
    23:43:00.613 | 326 taskScheduler-1  | DEBUG | .a.s.ParticipantScoreScheduleService : Processing exercise 627 and participant 654 to update participant scores.
    23:43:00.615 | 329 taskScheduler-4  | DEBUG | .a.s.ParticipantScoreScheduleService : Updated participant score 163.
    23:43:00.615 | 329 taskScheduler-4  | DEBUG | .a.s.ParticipantScoreScheduleService : Updating the participant score for exercise 626 and participant 653 took 31 ms.
    23:43:00.615 | 329 taskScheduler-4  | DEBUG | .a.s.ParticipantScoreScheduleService : Processing exercise 627 and participant 652 to update participant scores.
    23:43:00.621 | 362 ool-1-worker-126 | DEBUG | .c.s.m.InstanceMessageReceiveService : Received schedule participant score for exercise 628 and participant 656 (result to be deleted: null)
    23:43:00.621 | 362 ool-1-worker-126 | DEBUG | .a.s.ParticipantScoreScheduleService : Scheduled task for exercise 628 and participant 656 at 2025-02-14T23:43:00.721264598Z[Etc/UTC].
    23:43:00.621 | 362 ool-1-worker-126 | DEBUG | .c.s.m.InstanceMessageReceiveService : Received schedule participant score for exercise 628 and participant 656 (result to be deleted: null)
    23:43:00.621 | 362 ool-1-worker-126 | DEBUG | .a.s.ParticipantScoreScheduleService : Scheduled task for exercise 628 and participant 656 at 2025-02-14T23:43:00.721455324Z[Etc/UTC].
    23:43:00.622 | 328 taskScheduler-3  | DEBUG | .a.s.ParticipantScoreScheduleService : Updated participant score 164.
    23:43:00.623 | 328 taskScheduler-3  | DEBUG | .a.s.ParticipantScoreScheduleService : Updating the participant score for exercise 627 and participant 656 took 21 ms.
    23:43:00.623 | 327 taskScheduler-2  | DEBUG | .a.s.ParticipantScoreScheduleService : Updating the participant score for exercise 625 and participant 656 took 44 ms.
    23:43:00.624 | 362 ool-1-worker-126 | DEBUG | .c.s.m.InstanceMessageReceiveService : Received schedule participant score for exercise 628 and participant 654 (result to be deleted: null)
    23:43:00.624 | 362 ool-1-worker-126 | DEBUG | .a.s.ParticipantScoreScheduleService : Scheduled task for exercise 628 and participant 654 at 2025-02-14T23:43:00.724573960Z[Etc/UTC].
    23:43:00.625 | 362 ool-1-worker-126 | DEBUG | .c.s.m.InstanceMessageReceiveService : Received schedule participant score for exercise 628 and participant 654 (result to be deleted: null)
    23:43:00.625 | 362 ool-1-worker-126 | DEBUG | .a.s.ParticipantScoreScheduleService : Scheduled task for exercise 628 and participant 654 at 2025-02-14T23:43:00.725173758Z[Etc/UTC].
    23:43:00.630 | 326 taskScheduler-1  | DEBUG | .a.s.ParticipantScoreScheduleService : Updated participant score 165.
    23:43:00.630 | 326 taskScheduler-1  | DEBUG | .a.s.ParticipantScoreScheduleService : Updating the participant score for exercise 627 and participant 654 took 17 ms.
    23:43:00.630 | 326 taskScheduler-1  | DEBUG | .a.s.ParticipantScoreScheduleService : Processing exercise 628 and participant 653 to update participant scores.
    23:43:00.637 | 329 taskScheduler-4  | DEBUG | .a.s.ParticipantScoreScheduleService : Updated participant score 166.
    23:43:00.638 | 329 taskScheduler-4  | DEBUG | .a.s.ParticipantScoreScheduleService : Updating the participant score for exercise 627 and participant 652 took 23 ms.
    23:43:00.641 | 362 ool-1-worker-126 | DEBUG | .c.s.m.InstanceMessageReceiveService : Received schedule participant score for exercise 628 and participant 654 (result to be deleted: null)
    23:43:00.641 | 362 ool-1-worker-126 | DEBUG | .a.s.ParticipantScoreScheduleService : Scheduled task for exercise 628 and participant 654 at 2025-02-14T23:43:00.741415476Z[Etc/UTC].
    23:43:00.641 | 362 ool-1-worker-126 | DEBUG | .c.s.m.InstanceMessageReceiveService : Received schedule participant score for exercise 628 and participant 654 (result to be deleted: null)
    23:43:00.641 | 362 ool-1-worker-126 | DEBUG | .a.s.ParticipantScoreScheduleService : Scheduled task for exercise 628 and participant 654 at 2025-02-14T23:43:00.741608196Z[Etc/UTC].
    23:43:00.643 | 362 ool-1-worker-126 | DEBUG | .c.s.m.InstanceMessageReceiveService : Received schedule participant score for exercise 629 and participant 652 (result to be deleted: null)
    23:43:00.643 | 362 ool-1-worker-126 | DEBUG | .a.s.ParticipantScoreScheduleService : Scheduled task for exercise 629 and participant 652 at 2025-02-14T23:43:00.743908876Z[Etc/UTC].
    23:43:00.645 | 362 ool-1-worker-126 | DEBUG | .c.s.m.InstanceMessageReceiveService : Received schedule participant score for exercise 629 and participant 652 (result to be deleted: null)
    23:43:00.645 | 362 ool-1-worker-126 | DEBUG | .a.s.ParticipantScoreScheduleService : Scheduled task for exercise 629 and participant 652 at 2025-02-14T23:43:00.745174376Z[Etc/UTC].
    23:43:00.653 | 326 taskScheduler-1  | DEBUG | .a.s.ParticipantScoreScheduleService : Updated participant score 167.
    23:43:00.654 | 326 taskScheduler-1  | DEBUG | .a.s.ParticipantScoreScheduleService : Updating the participant score for exercise 628 and participant 653 took 23 ms.
    23:43:00.661 | 362 ool-1-worker-126 | DEBUG | .c.s.m.InstanceMessageReceiveService : Received schedule participant score for exercise 629 and participant 652 (result to be deleted: null)
    23:43:00.661 | 362 ool-1-worker-126 | DEBUG | .a.s.ParticipantScoreScheduleService : Scheduled task for exercise 629 and participant 652 at 2025-02-14T23:43:00.761783630Z[Etc/UTC].
    23:43:00.661 | 362 ool-1-worker-126 | DEBUG | .c.s.m.InstanceMessageReceiveService : Received schedule participant score for exercise 629 and participant 652 (result to be deleted: null)
    23:43:00.662 | 362 ool-1-worker-126 | DEBUG | .a.s.ParticipantScoreScheduleService : Scheduled task for exercise 629 and participant 652 at 2025-02-14T23:43:00.762007407Z[Etc/UTC].
    23:43:00.666 | 362 ool-1-worker-126 | DEBUG | .c.s.m.InstanceMessageReceiveService : Received schedule participant score for exercise 630 and participant 654 (result to be deleted: null)
    23:43:00.666 | 362 ool-1-worker-126 | DEBUG | .a.s.ParticipantScoreScheduleService : Scheduled task for exercise 630 and participant 654 at 2025-02-14T23:43:00.766048904Z[Etc/UTC].
    23:43:00.666 | 362 ool-1-worker-126 | DEBUG | .c.s.m.InstanceMessageReceiveService : Received schedule participant score for exercise 630 and participant 654 (result to be deleted: null)
    23:43:00.666 | 362 ool-1-worker-126 | DEBUG | .a.s.ParticipantScoreScheduleService : Scheduled task for exercise 630 and participant 654 at 2025-02-14T23:43:00.766662267Z[Etc/UTC].
    23:43:00.682 | 362 ool-1-worker-126 | DEBUG | .c.s.m.InstanceMessageReceiveService : Received schedule participant score for exercise 630 and participant 654 (result to be deleted: null)
    23:43:00.682 | 362 ool-1-worker-126 | DEBUG | .a.s.ParticipantScoreScheduleService : Scheduled task for exercise 630 and participant 654 at 2025-02-14T23:43:00.782276436Z[Etc/UTC].
    23:43:00.682 | 362 ool-1-worker-126 | DEBUG | .c.s.m.InstanceMessageReceiveService : Received schedule participant score for exercise 630 and participant 654 (result to be deleted: null)
    23:43:00.682 | 362 ool-1-worker-126 | DEBUG | .a.s.ParticipantScoreScheduleService : Scheduled task for exercise 630 and participant 654 at 2025-02-14T23:43:00.782501705Z[Etc/UTC].
    23:43:00.683 | 362 ool-1-worker-126 | DEBUG | .c.s.m.InstanceMessageReceiveService : Received schedule participant score for exercise 630 and participant 653 (result to be deleted: null)
    23:43:00.683 | 362 ool-1-worker-126 | DEBUG | .a.s.ParticipantScoreScheduleService : Scheduled task for exercise 630 and participant 653 at 2025-02-14T23:43:00.783781582Z[Etc/UTC].
    23:43:00.684 | 362 ool-1-worker-126 | DEBUG | .c.s.m.InstanceMessageReceiveService : Received schedule participant score for exercise 630 and participant 653 (result to be deleted: null)
    23:43:00.684 | 362 ool-1-worker-126 | DEBUG | .a.s.ParticipantScoreScheduleService : Scheduled task for exercise 630 and participant 653 at 2025-02-14T23:43:00.784373346Z[Etc/UTC].
    23:43:00.696 | 362 ool-1-worker-126 | DEBUG | .c.s.m.InstanceMessageReceiveService : Received schedule participant score for exercise 630 and participant 653 (result to be deleted: null)
    23:43:00.696 | 362 ool-1-worker-126 | DEBUG | .a.s.ParticipantScoreScheduleService : Scheduled task for exercise 630 and participant 653 at 2025-02-14T23:43:00.796904094Z[Etc/UTC].
    23:43:00.697 | 362 ool-1-worker-126 | DEBUG | .c.s.m.InstanceMessageReceiveService : Received schedule participant score for exercise 630 and participant 653 (result to be deleted: null)
    23:43:00.697 | 362 ool-1-worker-126 | DEBUG | .a.s.ParticipantScoreScheduleService : Scheduled task for exercise 630 and participant 653 at 2025-02-14T23:43:00.797132810Z[Etc/UTC].
    23:43:00.698 | 328 taskScheduler-3  | DEBUG | .a.s.ParticipantScoreScheduleService : Processing exercise 628 and participant 655 to update participant scores.
    23:43:00.700 | 362 ool-1-worker-126 | DEBUG | .c.s.m.InstanceMessageReceiveService : Received schedule participant score for exercise 630 and participant 655 (result to be deleted: null)
    23:43:00.700 | 362 ool-1-worker-126 | DEBUG | .a.s.ParticipantScoreScheduleService : Scheduled task for exercise 630 and participant 655 at 2025-02-14T23:43:00.800637065Z[Etc/UTC].
    23:43:00.701 | 362 ool-1-worker-126 | DEBUG | .c.s.m.InstanceMessageReceiveService : Received schedule participant score for exercise 630 and participant 655 (result to be deleted: null)
    23:43:00.701 | 362 ool-1-worker-126 | DEBUG | .a.s.ParticipantScoreScheduleService : Scheduled task for exercise 630 and participant 655 at 2025-02-14T23:43:00.801224400Z[Etc/UTC].
    23:43:00.714 | 328 taskScheduler-3  | DEBUG | .a.s.ParticipantScoreScheduleService : Updated participant score 168.
    23:43:00.715 | 328 taskScheduler-3  | DEBUG | .a.s.ParticipantScoreScheduleService : Updating the participant score for exercise 628 and participant 655 took 17 ms.
    23:43:00.717 | 362 ool-1-worker-126 | DEBUG | .c.s.m.InstanceMessageReceiveService : Received schedule participant score for exercise 630 and participant 655 (result to be deleted: null)
    23:43:00.717 | 362 ool-1-worker-126 | DEBUG | .a.s.ParticipantScoreScheduleService : Scheduled task for exercise 630 and participant 655 at 2025-02-14T23:43:00.817278148Z[Etc/UTC].
    23:43:00.717 | 362 ool-1-worker-126 | DEBUG | .c.s.m.InstanceMessageReceiveService : Received schedule participant score for exercise 630 and participant 655 (result to be deleted: null)
    23:43:00.717 | 362 ool-1-worker-126 | DEBUG | .a.s.ParticipantScoreScheduleService : Scheduled task for exercise 630 and participant 655 at 2025-02-14T23:43:00.817494982Z[Etc/UTC].
    23:43:00.718 | 362 ool-1-worker-126 | DEBUG | .c.s.m.InstanceMessageReceiveService : Received schedule participant score for exercise 630 and participant 652 (result to be deleted: null)
    23:43:00.718 | 362 ool-1-worker-126 | DEBUG | .a.s.ParticipantScoreScheduleService : Scheduled task for exercise 630 and participant 652 at 2025-02-14T23:43:00.818700881Z[Etc/UTC].
    23:43:00.721 | 327 taskScheduler-2  | DEBUG | .a.s.ParticipantScoreScheduleService : Processing exercise 628 and participant 656 to update participant scores.
    23:43:00.721 | 362 ool-1-worker-126 | DEBUG | .c.s.m.InstanceMessageReceiveService : Received schedule participant score for exercise 630 and participant 652 (result to be deleted: null)
    23:43:00.721 | 362 ool-1-worker-126 | DEBUG | .a.s.ParticipantScoreScheduleService : Scheduled task for exercise 630 and participant 652 at 2025-02-14T23:43:00.821656543Z[Etc/UTC].
    23:43:00.732 | 327 taskScheduler-2  | DEBUG | .a.s.ParticipantScoreScheduleService : Updated participant score 169.
    23:43:00.732 | 327 taskScheduler-2  | DEBUG | .a.s.ParticipantScoreScheduleService : Updating the participant score for exercise 628 and participant 656 took 11 ms.
    23:43:00.734 | 362 ool-1-worker-126 | DEBUG | .c.s.m.InstanceMessageReceiveService : Received schedule participant score for exercise 630 and participant 652 (result to be deleted: null)
    23:43:00.734 | 362 ool-1-worker-126 | DEBUG | .a.s.ParticipantScoreScheduleService : Scheduled task for exercise 630 and participant 652 at 2025-02-14T23:43:00.834059112Z[Etc/UTC].
    23:43:00.734 | 362 ool-1-worker-126 | DEBUG | .c.s.m.InstanceMessageReceiveService : Received schedule participant score for exercise 630 and participant 652 (result to be deleted: null)
    23:43:00.734 | 362 ool-1-worker-126 | DEBUG | .a.s.ParticipantScoreScheduleService : Scheduled task for exercise 630 and participant 652 at 2025-02-14T23:43:00.834243366Z[Etc/UTC].
    23:43:00.735 | 362 ool-1-worker-126 | DEBUG | .c.s.m.InstanceMessageReceiveService : Received schedule participant score for exercise 630 and participant 656 (result to be deleted: null)
    23:43:00.735 | 362 ool-1-worker-126 | DEBUG | .a.s.ParticipantScoreScheduleService : Scheduled task for exercise 630 and participant 656 at 2025-02-14T23:43:00.835325964Z[Etc/UTC].
    23:43:00.735 | 362 ool-1-worker-126 | DEBUG | .c.s.m.InstanceMessageReceiveService : Received schedule participant score for exercise 630 and participant 656 (result to be deleted: null)
    23:43:00.735 | 362 ool-1-worker-126 | DEBUG | .a.s.ParticipantScoreScheduleService : Scheduled task for exercise 630 and participant 656 at 2025-02-14T23:43:00.835843259Z[Etc/UTC].
    23:43:00.741 | 362 ool-1-worker-126 | DEBUG | .c.s.m.InstanceMessageReceiveService : Received schedule participant score for exercise 630 and participant 656 (result to be deleted: null)
    23:43:00.741 | 362 ool-1-worker-126 | DEBUG | .a.s.ParticipantScoreScheduleService : Scheduled task for exercise 630 and participant 656 at 2025-02-14T23:43:00.841211620Z[Etc/UTC].
    23:43:00.741 | 362 ool-1-worker-126 | DEBUG | .c.s.m.InstanceMessageReceiveService : Received schedule participant score for exercise 630 and participant 656 (result to be deleted: null)
    23:43:00.741 | 362 ool-1-worker-126 | DEBUG | .a.s.ParticipantScoreScheduleService : Scheduled task for exercise 630 and participant 656 at 2025-02-14T23:43:00.841375195Z[Etc/UTC].
    23:43:00.741 | 326 taskScheduler-1  | DEBUG | .a.s.ParticipantScoreScheduleService : Processing exercise 628 and participant 654 to update participant scores.
    23:43:00.742 | 362 ool-1-worker-126 | DEBUG | .c.s.m.InstanceMessageReceiveService : Received schedule participant score for exercise 631 and participant 656 (result to be deleted: null)
    23:43:00.742 | 362 ool-1-worker-126 | DEBUG | .a.s.ParticipantScoreScheduleService : Scheduled task for exercise 631 and participant 656 at 2025-02-14T23:43:00.842497939Z[Etc/UTC].
    23:43:00.742 | 362 ool-1-worker-126 | DEBUG | .c.s.m.InstanceMessageReceiveService : Received schedule participant score for exercise 631 and participant 656 (result to be deleted: null)
    23:43:00.743 | 362 ool-1-worker-126 | DEBUG | .a.s.ParticipantScoreScheduleService : Scheduled task for exercise 631 and participant 656 at 2025-02-14T23:43:00.843010815Z[Etc/UTC].
    23:43:00.750 | 326 taskScheduler-1  | DEBUG | .a.s.ParticipantScoreScheduleService : Updated participant score 170.
    23:43:00.750 | 326 taskScheduler-1  | DEBUG | .a.s.ParticipantScoreScheduleService : Updating the participant score for exercise 628 and participant 654 took 9 ms.
    23:43:00.752 | 362 ool-1-worker-126 | DEBUG | .c.s.m.InstanceMessageReceiveService : Received schedule participant score for exercise 631 and participant 656 (result to be deleted: null)
    23:43:00.752 | 362 ool-1-worker-126 | DEBUG | .a.s.ParticipantScoreScheduleService : Scheduled task for exercise 631 and participant 656 at 2025-02-14T23:43:00.852650482Z[Etc/UTC].
    23:43:00.752 | 362 ool-1-worker-126 | DEBUG | .c.s.m.InstanceMessageReceiveService : Received schedule participant score for exercise 631 and participant 656 (result to be deleted: null)
    23:43:00.752 | 362 ool-1-worker-126 | DEBUG | .a.s.ParticipantScoreScheduleService : Scheduled task for exercise 631 and participant 656 at 2025-02-14T23:43:00.852805100Z[Etc/UTC].
    23:43:00.753 | 362 ool-1-worker-126 | DEBUG | .c.s.m.InstanceMessageReceiveService : Received schedule participant score for exercise 631 and participant 654 (result to be deleted: null)
    23:43:00.753 | 362 ool-1-worker-126 | DEBUG | .a.s.ParticipantScoreScheduleService : Scheduled task for exercise 631 and participant 654 at 2025-02-14T23:43:00.853939716Z[Etc/UTC].
    23:43:00.754 | 362 ool-1-worker-126 | DEBUG | .c.s.m.InstanceMessageReceiveService : Received schedule participant score for exercise 631 and participant 654 (result to be deleted: null)
    23:43:00.754 | 362 ool-1-worker-126 | DEBUG | .a.s.ParticipantScoreScheduleService : Scheduled task for exercise 631 and participant 654 at 2025-02-14T23:43:00.854532611Z[Etc/UTC].
    23:43:00.760 | 362 ool-1-worker-126 | DEBUG | .c.s.m.InstanceMessageReceiveService : Received schedule participant score for exercise 631 and participant 654 (result to be deleted: null)
    23:43:00.760 | 362 ool-1-worker-126 | DEBUG | .a.s.ParticipantScoreScheduleService : Scheduled task for exercise 631 and participant 654 at 2025-02-14T23:43:00.860184982Z[Etc/UTC].
    23:43:00.760 | 362 ool-1-worker-126 | DEBUG | .c.s.m.InstanceMessageReceiveService : Received schedule participant score for exercise 631 and participant 654 (result to be deleted: null)
    23:43:00.760 | 362 ool-1-worker-126 | DEBUG | .a.s.ParticipantScoreScheduleService : Scheduled task for exercise 631 and participant 654 at 2025-02-14T23:43:00.860931665Z[Etc/UTC].
    23:43:00.762 | 329 taskScheduler-4  | DEBUG | .a.s.ParticipantScoreScheduleService : Processing exercise 629 and participant 652 to update participant scores.
    23:43:00.764 | 362 ool-1-worker-126 | DEBUG | .c.s.m.InstanceMessageReceiveService : Received schedule participant score for exercise 631 and participant 653 (result to be deleted: null)
    23:43:00.764 | 362 ool-1-worker-126 | DEBUG | .a.s.ParticipantScoreScheduleService : Scheduled task for exercise 631 and participant 653 at 2025-02-14T23:43:00.864314664Z[Etc/UTC].
    23:43:00.764 | 362 ool-1-worker-126 | DEBUG | .c.s.m.InstanceMessageReceiveService : Received schedule participant score for exercise 631 and participant 653 (result to be deleted: null)
    23:43:00.764 | 362 ool-1-worker-126 | DEBUG | .a.s.ParticipantScoreScheduleService : Scheduled task for exercise 631 and participant 653 at 2025-02-14T23:43:00.864925032Z[Etc/UTC].
    23:43:00.770 | 362 ool-1-worker-126 | DEBUG | .c.s.m.InstanceMessageReceiveService : Received schedule participant score for exercise 631 and participant 653 (result to be deleted: null)
    23:43:00.770 | 362 ool-1-worker-126 | DEBUG | .a.s.ParticipantScoreScheduleService : Scheduled task for exercise 631 and participant 653 at 2025-02-14T23:43:00.870196763Z[Etc/UTC].
    23:43:00.770 | 362 ool-1-worker-126 | DEBUG | .c.s.m.InstanceMessageReceiveService : Received schedule participant score for exercise 631 and participant 653 (result to be deleted: null)
    23:43:00.770 | 362 ool-1-worker-126 | DEBUG | .a.s.ParticipantScoreScheduleService : Scheduled task for exercise 631 and participant 653 at 2025-02-14T23:43:00.870382930Z[Etc/UTC].
    23:43:00.771 | 362 ool-1-worker-126 | DEBUG | .c.s.m.InstanceMessageReceiveService : Received schedule participant score for exercise 631 and participant 652 (result to be deleted: null)
    23:43:00.771 | 362 ool-1-worker-126 | DEBUG | .a.s.ParticipantScoreScheduleService : Scheduled task for exercise 631 and participant 652 at 2025-02-14T23:43:00.871552341Z[Etc/UTC].
    23:43:00.772 | 362 ool-1-worker-126 | DEBUG | .c.s.m.InstanceMessageReceiveService : Received schedule participant score for exercise 631 and participant 652 (result to be deleted: null)
    23:43:00.772 | 362 ool-1-worker-126 | DEBUG | .a.s.ParticipantScoreScheduleService : Scheduled task for exercise 631 and participant 652 at 2025-02-14T23:43:00.872137121Z[Etc/UTC].
    23:43:00.776 | 329 taskScheduler-4  | DEBUG | .a.s.ParticipantScoreScheduleService : Updated participant score 171.
    23:43:00.780 | 362 ool-1-worker-126 | DEBUG | .c.s.m.InstanceMessageReceiveService : Received schedule participant score for exercise 631 and participant 652 (result to be deleted: null)
    23:43:00.780 | 362 ool-1-worker-126 | DEBUG | .a.s.ParticipantScoreScheduleService : Scheduled task for exercise 631 and participant 652 at 2025-02-14T23:43:00.880582500Z[Etc/UTC].
    23:43:00.780 | 362 ool-1-worker-126 | DEBUG | .c.s.m.InstanceMessageReceiveService : Received schedule participant score for exercise 631 and participant 652 (result to be deleted: null)
    23:43:00.780 | 362 ool-1-worker-126 | DEBUG | .a.s.ParticipantScoreScheduleService : Scheduled task for exercise 631 and participant 652 at 2025-02-14T23:43:00.880758569Z[Etc/UTC].
    23:43:00.780 | 329 taskScheduler-4  | DEBUG | .a.s.ParticipantScoreScheduleService : Updating the participant score for exercise 629 and participant 652 took 18 ms.
    23:43:00.781 | 362 ool-1-worker-126 | DEBUG | .c.s.m.InstanceMessageReceiveService : Received schedule participant score for exercise 631 and participant 655 (result to be deleted: null)
    23:43:00.781 | 362 ool-1-worker-126 | DEBUG | .a.s.ParticipantScoreScheduleService : Scheduled task for exercise 631 and participant 655 at 2025-02-14T23:43:00.881864632Z[Etc/UTC].
    23:43:00.782 | 362 ool-1-worker-126 | DEBUG | .c.s.m.InstanceMessageReceiveService : Received schedule participant score for exercise 631 and participant 655 (result to be deleted: null)
    23:43:00.782 | 362 ool-1-worker-126 | DEBUG | .a.s.ParticipantScoreScheduleService : Scheduled task for exercise 631 and participant 655 at 2025-02-14T23:43:00.882456575Z[Etc/UTC].
    23:43:00.782 | 327 taskScheduler-2  | DEBUG | .a.s.ParticipantScoreScheduleService : Processing exercise 630 and participant 654 to update participant scores.
    23:43:00.791 | 327 taskScheduler-2  | DEBUG | .a.s.ParticipantScoreScheduleService : Updated participant score 172.
    23:43:00.792 | 327 taskScheduler-2  | DEBUG | .a.s.ParticipantScoreScheduleService : Updating the participant score for exercise 630 and participant 654 took 10 ms.
    23:43:00.791 | 362 ool-1-worker-126 | DEBUG | .c.s.m.InstanceMessageReceiveService : Received schedule participant score for exercise 631 and participant 655 (result to be deleted: null)
    23:43:00.794 | 362 ool-1-worker-126 | DEBUG | .a.s.ParticipantScoreScheduleService : Scheduled task for exercise 631 and participant 655 at 2025-02-14T23:43:00.894056407Z[Etc/UTC].
    23:43:00.794 | 362 ool-1-worker-126 | DEBUG | .c.s.m.InstanceMessageReceiveService : Received schedule participant score for exercise 631 and participant 655 (result to be deleted: null)
    23:43:00.794 | 362 ool-1-worker-126 | DEBUG | .a.s.ParticipantScoreScheduleService : Scheduled task for exercise 631 and participant 655 at 2025-02-14T23:43:00.894293509Z[Etc/UTC].
    23:43:00.795 | 362 ool-1-worker-126 | DEBUG | .c.s.m.InstanceMessageReceiveService : Received schedule participant score for exercise 632 and participant 654 (result to be deleted: null)
    23:43:00.795 | 362 ool-1-worker-126 | DEBUG | .a.s.ParticipantScoreScheduleService : Scheduled task for exercise 632 and participant 654 at 2025-02-14T23:43:00.895928739Z[Etc/UTC].
    23:43:00.797 | 328 taskScheduler-3  | DEBUG | .a.s.ParticipantScoreScheduleService : Processing exercise 630 and participant 653 to update participant scores.
    23:43:00.797 | 362 ool-1-worker-126 | DEBUG | .c.s.m.InstanceMessageReceiveService : Received schedule participant score for exercise 632 and participant 654 (result to be deleted: null)
    23:43:00.797 | 362 ool-1-worker-126 | DEBUG | .a.s.ParticipantScoreScheduleService : Scheduled task for exercise 632 and participant 654 at 2025-02-14T23:43:00.897685735Z[Etc/UTC].
    23:43:00.811 | 328 taskScheduler-3  | DEBUG | .a.s.ParticipantScoreScheduleService : Updated participant score 173.
    23:43:00.812 | 328 taskScheduler-3  | DEBUG | .a.s.ParticipantScoreScheduleService : Updating the participant score for exercise 630 and participant 653 took 15 ms.
    23:43:00.815 | 362 ool-1-worker-126 | DEBUG | .c.s.m.InstanceMessageReceiveService : Received schedule participant score for exercise 632 and participant 654 (result to be deleted: null)
    23:43:00.815 | 362 ool-1-worker-126 | DEBUG | .a.s.ParticipantScoreScheduleService : Scheduled task for exercise 632 and participant 654 at 2025-02-14T23:43:00.915652420Z[Etc/UTC].
    23:43:00.815 | 362 ool-1-worker-126 | DEBUG | .c.s.m.InstanceMessageReceiveService : Received schedule participant score for exercise 632 and participant 654 (result to be deleted: null)
    23:43:00.815 | 362 ool-1-worker-126 | DEBUG | .a.s.ParticipantScoreScheduleService : Scheduled task for exercise 632 and participant 654 at 2025-02-14T23:43:00.915840792Z[Etc/UTC].
    23:43:00.817 | 326 taskScheduler-1  | DEBUG | .a.s.ParticipantScoreScheduleService : Processing exercise 630 and participant 655 to update participant scores.
    23:43:00.817 | 362 ool-1-worker-126 | DEBUG | .c.s.m.InstanceMessageReceiveService : Received schedule participant score for exercise 632 and participant 656 (result to be deleted: null)
    23:43:00.817 | 362 ool-1-worker-126 | DEBUG | .a.s.ParticipantScoreScheduleService : Scheduled task for exercise 632 and participant 656 at 2025-02-14T23:43:00.917815354Z[Etc/UTC].
    23:43:00.818 | 362 ool-1-worker-126 | DEBUG | .c.s.m.InstanceMessageReceiveService : Received schedule participant score for exercise 632 and participant 656 (result to be deleted: null)
    23:43:00.818 | 362 ool-1-worker-126 | DEBUG | .a.s.ParticipantScoreScheduleService : Scheduled task for exercise 632 and participant 656 at 2025-02-14T23:43:00.918363786Z[Etc/UTC].
    23:43:00.828 | 326 taskScheduler-1  | DEBUG | .a.s.ParticipantScoreScheduleService : Updated participant score 174.
    23:43:00.832 | 326 taskScheduler-1  | DEBUG | .a.s.ParticipantScoreScheduleService : Updating the participant score for exercise 630 and participant 655 took 15 ms.
    23:43:00.834 | 329 taskScheduler-4  | DEBUG | .a.s.ParticipantScoreScheduleService : Processing exercise 630 and participant 652 to update participant scores.
    23:43:00.838 | 362 ool-1-worker-126 | DEBUG | .c.s.m.InstanceMessageReceiveService : Received schedule participant score for exercise 632 and participant 656 (result to be deleted: null)
    23:43:00.839 | 362 ool-1-worker-126 | DEBUG | .a.s.ParticipantScoreScheduleService : Scheduled task for exercise 632 and participant 656 at 2025-02-14T23:43:00.938984480Z[Etc/UTC].
    23:43:00.839 | 362 ool-1-worker-126 | DEBUG | .c.s.m.InstanceMessageReceiveService : Received schedule participant score for exercise 632 and participant 656 (result to be deleted: null)
    23:43:00.839 | 362 ool-1-worker-126 | DEBUG | .a.s.ParticipantScoreScheduleService : Scheduled task for exercise 632 and participant 656 at 2025-02-14T23:43:00.939236150Z[Etc/UTC].
    23:43:00.840 | 362 ool-1-worker-126 | DEBUG | .c.s.m.InstanceMessageReceiveService : Received schedule participant score for exercise 632 and participant 653 (result to be deleted: null)
    23:43:00.840 | 362 ool-1-worker-126 | DEBUG | .a.s.ParticipantScoreScheduleService : Scheduled task for exercise 632 and participant 653 at 2025-02-14T23:43:00.940883733Z[Etc/UTC].
    23:43:00.841 | 362 ool-1-worker-126 | DEBUG | .c.s.m.InstanceMessageReceiveService : Received schedule participant score for exercise 632 and participant 653 (result to be deleted: null)
    23:43:00.841 | 327 taskScheduler-2  | DEBUG | .a.s.ParticipantScoreScheduleService : Processing exercise 630 and participant 656 to update participant scores.
    23:43:00.841 | 362 ool-1-worker-126 | DEBUG | .a.s.ParticipantScoreScheduleService : Scheduled task for exercise 632 and participant 653 at 2025-02-14T23:43:00.941477810Z[Etc/UTC].
    23:43:00.845 | 329 taskScheduler-4  | DEBUG | .a.s.ParticipantScoreScheduleService : Updated participant score 175.
    23:43:00.847 | 327 taskScheduler-2  | DEBUG | .a.s.ParticipantScoreScheduleService : Updated participant score 176.
    23:43:00.847 | 329 taskScheduler-4  | DEBUG | .a.s.ParticipantScoreScheduleService : Updating the participant score for exercise 630 and participant 652 took 13 ms.
    23:43:00.847 | 327 taskScheduler-2  | DEBUG | .a.s.ParticipantScoreScheduleService : Updating the participant score for exercise 630 and participant 656 took 6 ms.
    23:43:00.851 | 362 ool-1-worker-126 | DEBUG | .c.s.m.InstanceMessageReceiveService : Received schedule participant score for exercise 632 and participant 653 (result to be deleted: null)
    23:43:00.851 | 362 ool-1-worker-126 | DEBUG | .a.s.ParticipantScoreScheduleService : Scheduled task for exercise 632 and participant 653 at 2025-02-14T23:43:00.951896399Z[Etc/UTC].
    23:43:00.852 | 362 ool-1-worker-126 | DEBUG | .c.s.m.InstanceMessageReceiveService : Received schedule participant score for exercise 632 and participant 653 (result to be deleted: null)
    23:43:00.852 | 362 ool-1-worker-126 | DEBUG | .a.s.ParticipantScoreScheduleService : Scheduled task for exercise 632 and participant 653 at 2025-02-14T23:43:00.952089109Z[Etc/UTC].
    23:43:00.852 | 328 taskScheduler-3  | DEBUG | .a.s.ParticipantScoreScheduleService : Processing exercise 631 and participant 656 to update participant scores.
    23:43:00.857 | 362 ool-1-worker-126 | DEBUG | .c.s.m.InstanceMessageReceiveService : Received schedule participant score for exercise 632 and participant 652 (result to be deleted: null)
    23:43:00.857 | 362 ool-1-worker-126 | DEBUG | .a.s.ParticipantScoreScheduleService : Scheduled task for exercise 632 and participant 652 at 2025-02-14T23:43:00.957069426Z[Etc/UTC].
    23:43:00.859 | 362 ool-1-worker-126 | DEBUG | .c.s.m.InstanceMessageReceiveService : Received schedule participant score for exercise 632 and participant 652 (result to be deleted: null)
    23:43:00.859 | 362 ool-1-worker-126 | DEBUG | .a.s.ParticipantScoreScheduleService : Scheduled task for exercise 632 and participant 652 at 2025-02-14T23:43:00.959567354Z[Etc/UTC].
    23:43:00.860 | 328 taskScheduler-3  | DEBUG | .a.s.ParticipantScoreScheduleService : Updated participant score 177.
    23:43:00.860 | 328 taskScheduler-3  | DEBUG | .a.s.ParticipantScoreScheduleService : Updating the participant score for exercise 631 and participant 656 took 8 ms.
    23:43:00.861 | 329 taskScheduler-4  | DEBUG | .a.s.ParticipantScoreScheduleService : Processing exercise 631 and participant 654 to update participant scores.
    23:43:00.868 | 329 taskScheduler-4  | DEBUG | .a.s.ParticipantScoreScheduleService : Updated participant score 178.
    23:43:00.868 | 329 taskScheduler-4  | DEBUG | .a.s.ParticipantScoreScheduleService : Updating the participant score for exercise 631 and participant 654 took 7 ms.
    23:43:00.870 | 326 taskScheduler-1  | DEBUG | .a.s.ParticipantScoreScheduleService : Processing exercise 631 and participant 653 to update participant scores.
    23:43:00.875 | 326 taskScheduler-1  | DEBUG | .a.s.ParticipantScoreScheduleService : Updated participant score 179.
    23:43:00.875 | 326 taskScheduler-1  | DEBUG | .a.s.ParticipantScoreScheduleService : Updating the participant score for exercise 631 and participant 653 took 5 ms.
    23:43:00.880 | 327 taskScheduler-2  | DEBUG | .a.s.ParticipantScoreScheduleService : Processing exercise 631 and participant 652 to update participant scores.
    23:43:00.882 | 362 ool-1-worker-126 | DEBUG | .c.s.m.InstanceMessageReceiveService : Received schedule participant score for exercise 632 and participant 652 (result to be deleted: null)
    23:43:00.882 | 362 ool-1-worker-126 | DEBUG | .a.s.ParticipantScoreScheduleService : Scheduled task for exercise 632 and participant 652 at 2025-02-14T23:43:00.982810529Z[Etc/UTC].
    23:43:00.882 | 362 ool-1-worker-126 | DEBUG | .c.s.m.InstanceMessageReceiveService : Received schedule participant score for exercise 632 and participant 652 (result to be deleted: null)
    23:43:00.882 | 362 ool-1-worker-126 | DEBUG | .a.s.ParticipantScoreScheduleService : Scheduled task for exercise 632 and participant 652 at 2025-02-14T23:43:00.982969816Z[Etc/UTC].
    23:43:00.884 | 362 ool-1-worker-126 | DEBUG | .c.s.m.InstanceMessageReceiveService : Received schedule participant score for exercise 632 and participant 655 (result to be deleted: null)
    23:43:00.884 | 362 ool-1-worker-126 | DEBUG | .a.s.ParticipantScoreScheduleService : Scheduled task for exercise 632 and participant 655 at 2025-02-14T23:43:00.984515989Z[Etc/UTC].
    23:43:00.885 | 327 taskScheduler-2  | DEBUG | .a.s.ParticipantScoreScheduleService : Updated participant score 180.
    23:43:00.886 | 327 taskScheduler-2  | DEBUG | .a.s.ParticipantScoreScheduleService : Updating the participant score for exercise 631 and participant 652 took 6 ms.
    23:43:00.886 | 362 ool-1-worker-126 | DEBUG | .c.s.m.InstanceMessageReceiveService : Received schedule participant score for exercise 632 and participant 655 (result to be deleted: null)
    23:43:00.889 | 362 ool-1-worker-126 | DEBUG | .a.s.ParticipantScoreScheduleService : Scheduled task for exercise 632 and participant 655 at 2025-02-14T23:43:00.989341709Z[Etc/UTC].
    23:43:00.894 | 328 taskScheduler-3  | DEBUG | .a.s.ParticipantScoreScheduleService : Processing exercise 631 and participant 655 to update participant scores.
    23:43:00.899 | 328 taskScheduler-3  | DEBUG | .a.s.ParticipantScoreScheduleService : Updated participant score 181.
    23:43:00.900 | 328 taskScheduler-3  | DEBUG | .a.s.ParticipantScoreScheduleService : Updating the participant score for exercise 631 and participant 655 took 6 ms.
    23:43:00.902 | 362 ool-1-worker-126 | DEBUG | .c.s.m.InstanceMessageReceiveService : Received schedule participant score for exercise 632 and participant 655 (result to be deleted: null)
    23:43:00.903 | 566 localvc.event-13 | DEBUG | a.a.b.s.SharedQueueProcessingService : CIBuildJobQueueItem added to queue: BuildJobQueueItem[id=4771739576580898, name=SHORT51E611E30D6B60466F0B8BA0AA97F58888C2TSTEXC-LOCALCIINTSTUDENT1, buildAgent=BuildAgentDTO[name=null, memberAddress=null, displayName=null], participationId=477, courseId=152, exerciseId=303, retryCount=0, priority=2, status=null, repositoryInfo=RepositoryInfo[repositoryName=short51e611e30d6b60466f0b8ba0aa97f58888c2tstexc-localciintstudent1, repositoryType=user, triggeredByPushTo=user, assignmentRepositoryUri=http://localhost:49152/git/SHORT51E611E30D6B60466F0B8BA0AA97F58888C2TSTEXC/short51e611e30d6b60466f0b8ba0aa97f58888c2tstexc-localciintstudent1.git, testRepositoryUri=http://localhost:49152/git/SHORT51E611E30D6B60466F0B8BA0AA97F58888C2TSTEXC/short51e611e30d6b60466f0b8ba0aa97f58888c2tstexc-tests.git, solutionRepositoryUri=null, auxiliaryRepositoryUris=[Ljava.lang.String;@3f7c7780, auxiliaryRepositoryCheckoutDirectories=[Ljava.lang.String;@4af98ff9], jobTimingInfo=JobTimingInfo[submissionDate=2025-02-14T23:43:00.898532688Z[Etc/UTC], buildStartDate=null, buildCompletionDate=null, estimatedCompletionDate=null, estimatedDuration=19], buildConfig=BuildConfig[buildScript=#!/bin/bash
cd /var/tmp/testing-dir
chmod +x ./gradlew
./gradlew clean test
, dockerImage=dummy-docker-image:latest, commitHashToBuild=8f3057cbd462f5e3de4e6ba85115f60d8dbb5aea, assignmentCommitHash=8f3057cbd462f5e3de4e6ba85115f60d8dbb5aea, testCommitHash=8f3057cbd462f5e3de4e6ba85115f60d8dbb5aea, branch=main, programmingLanguage=JAVA, projectType=PLAIN_GRADLE, scaEnabled=true, sequentialTestRunsEnabled=false, resultPaths=[/var/tmp/testing-dir/**/test-results/test/*.xml], timeoutSeconds=0, assignmentCheckoutPath=null, testCheckoutPath=null, solutionCheckoutPath=null, dockerRunConfig=null], submissionResult=null]
    23:43:00.903 | 362 ool-1-worker-126 | DEBUG | .a.s.ParticipantScoreScheduleService : Scheduled task for exercise 632 and participant 655 at 2025-02-14T23:43:01.003872646Z[Etc/UTC].
    23:43:00.904 | 566 localvc.event-13 | DEBUG | a.a.b.s.SharedQueueProcessingService : Current queued items: 1
    23:43:00.904 | 566 localvc.event-13 | DEBUG | a.a.b.s.SharedQueueProcessingService : Currently processing jobs on this node: 0, active threads in Pool: 0, maximum pool size of thread executor : 1
    23:43:00.904 | 362 ool-1-worker-126 | DEBUG | .c.s.m.InstanceMessageReceiveService : Received schedule participant score for exercise 632 and participant 655 (result to be deleted: null)
    23:43:00.904 | 362 ool-1-worker-126 | DEBUG | .a.s.ParticipantScoreScheduleService : Scheduled task for exercise 632 and participant 655 at 2025-02-14T23:43:01.004381345Z[Etc/UTC].
    23:43:00.905 | 566 localvc.event-13 | DEBUG | a.a.b.s.SharedQueueProcessingService : Currently processing jobs on this node: 0, active threads in Pool: 0, maximum pool size of thread executor : 1
    23:43:00.915 | 566 localvc.event-13 | INFO  | a.a.b.s.SharedQueueProcessingService : Processing build job: BuildJobQueueItem[id=4771739576580898, name=SHORT51E611E30D6B60466F0B8BA0AA97F58888C2TSTEXC-LOCALCIINTSTUDENT1, buildAgent=BuildAgentDTO[name=artemis-build-agent-test, memberAddress=[127.0.0.1]:5703, displayName=artemis-build-agent-test], participationId=477, courseId=152, exerciseId=303, retryCount=0, priority=2, status=null, repositoryInfo=RepositoryInfo[repositoryName=short51e611e30d6b60466f0b8ba0aa97f58888c2tstexc-localciintstudent1, repositoryType=user, triggeredByPushTo=user, assignmentRepositoryUri=http://localhost:49152/git/SHORT51E611E30D6B60466F0B8BA0AA97F58888C2TSTEXC/short51e611e30d6b60466f0b8ba0aa97f58888c2tstexc-localciintstudent1.git, testRepositoryUri=http://localhost:49152/git/SHORT51E611E30D6B60466F0B8BA0AA97F58888C2TSTEXC/short51e611e30d6b60466f0b8ba0aa97f58888c2tstexc-tests.git, solutionRepositoryUri=null, auxiliaryRepositoryUris=[Ljava.lang.String;@655f14bf, auxiliaryRepositoryCheckoutDirectories=[Ljava.lang.String;@5fcb6409], jobTimingInfo=JobTimingInfo[submissionDate=2025-02-14T23:43:00.898532688Z[Etc/UTC], buildStartDate=2025-02-14T23:43:00.905733056Z[Etc/UTC], buildCompletionDate=null, estimatedCompletionDate=2025-02-14T23:43:19.905720463Z[Etc/UTC], estimatedDuration=19], buildConfig=BuildConfig[buildScript=#!/bin/bash
cd /var/tmp/testing-dir
chmod +x ./gradlew
./gradlew clean test
, dockerImage=dummy-docker-image:latest, commitHashToBuild=8f3057cbd462f5e3de4e6ba85115f60d8dbb5aea, assignmentCommitHash=8f3057cbd462f5e3de4e6ba85115f60d8dbb5aea, testCommitHash=8f3057cbd462f5e3de4e6ba85115f60d8dbb5aea, branch=main, programmingLanguage=JAVA, projectType=PLAIN_GRADLE, scaEnabled=true, sequentialTestRunsEnabled=false, resultPaths=[/var/tmp/testing-dir/**/test-results/test/*.xml], timeoutSeconds=0, assignmentCheckoutPath=null, testCheckoutPath=null, solutionCheckoutPath=null, dockerRunConfig=null], submissionResult=null]
    23:43:00.915 | 329 taskScheduler-4  | DEBUG | .a.s.ParticipantScoreScheduleService : Processing exercise 632 and participant 654 to update participant scores.

Finished logs for CompetencyJolIntegrationTest
    23:43:00.927 | 362 ool-1-worker-126 | DEBUG | .a.s.ParticipantScoreScheduleService : Scheduled task for exercise 622 and participant 652 at 2025-02-14T23:43:01.027254427Z[Etc/UTC].
    23:43:00.927 | 362 ool-1-worker-126 | DEBUG | .a.s.ParticipantScoreScheduleService : Scheduled task for exercise 622 and participant 652 at 2025-02-14T23:43:01.027312916Z[Etc/UTC].
    23:43:00.927 | 362 ool-1-worker-126 | DEBUG | .a.s.ParticipantScoreScheduleService : Scheduled task for exercise 623 and participant 656 at 2025-02-14T23:43:01.027325790Z[Etc/UTC].
    23:43:00.927 | 362 ool-1-worker-126 | DEBUG | .a.s.ParticipantScoreScheduleService : Scheduled task for exercise 623 and participant 656 at 2025-02-14T23:43:01.027335027Z[Etc/UTC].
    23:43:00.927 | 362 ool-1-worker-126 | DEBUG | .a.s.ParticipantScoreScheduleService : Scheduled task for exercise 623 and participant 653 at 2025-02-14T23:43:01.027342291Z[Etc/UTC].
    23:43:00.927 | 362 ool-1-worker-126 | DEBUG | .a.s.ParticipantScoreScheduleService : Scheduled task for exercise 623 and participant 653 at 2025-02-14T23:43:01.027349103Z[Etc/UTC].
    23:43:00.927 | 362 ool-1-worker-126 | DEBUG | .a.s.ParticipantScoreScheduleService : Scheduled task for exercise 623 and participant 654 at 2025-02-14T23:43:01.027355656Z[Etc/UTC].
    23:43:00.927 | 362 ool-1-worker-126 | DEBUG | .a.s.ParticipantScoreScheduleService : Scheduled task for exercise 623 and participant 654 at 2025-02-14T23:43:01.027362959Z[Etc/UTC].
    23:43:00.927 | 362 ool-1-worker-126 | DEBUG | .a.s.ParticipantScoreScheduleService : Scheduled task for exercise 623 and participant 655 at 2025-02-14T23:43:01.027375483Z[Etc/UTC].
    23:43:00.927 | 362 ool-1-worker-126 | DEBUG | .a.s.ParticipantScoreScheduleService : Scheduled task for exercise 623 and participant 655 at 2025-02-14T23:43:01.027384760Z[Etc/UTC].
    23:43:00.927 | 362 ool-1-worker-126 | DEBUG | .a.s.ParticipantScoreScheduleService : Scheduled task for exercise 624 and participant 652 at 2025-02-14T23:43:01.027392074Z[Etc/UTC].
    23:43:00.927 | 362 ool-1-worker-126 | DEBUG | .a.s.ParticipantScoreScheduleService : Scheduled task for exercise 624 and participant 652 at 2025-02-14T23:43:01.027399658Z[Etc/UTC].
    23:43:00.927 | 362 ool-1-worker-126 | DEBUG | .a.s.ParticipantScoreScheduleService : Scheduled task for exercise 625 and participant 655 at 2025-02-14T23:43:01.027406280Z[Etc/UTC].
    23:43:00.927 | 362 ool-1-worker-126 | DEBUG | .a.s.ParticipantScoreScheduleService : Scheduled task for exercise 625 and participant 655 at 2025-02-14T23:43:01.027413183Z[Etc/UTC].
    23:43:00.927 | 362 ool-1-worker-126 | DEBUG | .a.s.ParticipantScoreScheduleService : Scheduled task for exercise 625 and participant 654 at 2025-02-14T23:43:01.027419354Z[Etc/UTC].
    23:43:00.927 | 362 ool-1-worker-126 | DEBUG | .a.s.ParticipantScoreScheduleService : Scheduled task for exercise 625 and participant 654 at 2025-02-14T23:43:01.027426678Z[Etc/UTC].
    23:43:00.927 | 362 ool-1-worker-126 | DEBUG | .a.s.ParticipantScoreScheduleService : Scheduled task for exercise 625 and participant 653 at 2025-02-14T23:43:01.027432830Z[Etc/UTC].
    23:43:00.927 | 362 ool-1-worker-126 | DEBUG | .a.s.ParticipantScoreScheduleService : Scheduled task for exercise 625 and participant 653 at 2025-02-14T23:43:01.027446445Z[Etc/UTC].
    23:43:00.927 | 362 ool-1-worker-126 | DEBUG | .a.s.ParticipantScoreScheduleService : Scheduled task for exercise 625 and participant 656 at 2025-02-14T23:43:01.027453869Z[Etc/UTC].
    23:43:00.927 | 362 ool-1-worker-126 | DEBUG | .a.s.ParticipantScoreScheduleService : Scheduled task for exercise 625 and participant 656 at 2025-02-14T23:43:01.027461513Z[Etc/UTC].
    23:43:00.927 | 362 ool-1-worker-126 | DEBUG | .a.s.ParticipantScoreScheduleService : Scheduled task for exercise 626 and participant 655 at 2025-02-14T23:43:01.027468757Z[Etc/UTC].
    23:43:00.927 | 362 ool-1-worker-126 | DEBUG | .a.s.ParticipantScoreScheduleService : Scheduled task for exercise 626 and participant 655 at 2025-02-14T23:43:01.027476331Z[Etc/UTC].
    23:43:00.927 | 362 ool-1-worker-126 | DEBUG | .a.s.ParticipantScoreScheduleService : Scheduled task for exercise 626 and participant 653 at 2025-02-14T23:43:01.027483464Z[Etc/UTC].
    23:43:00.927 | 362 ool-1-worker-126 | DEBUG | .a.s.ParticipantScoreScheduleService : Scheduled task for exercise 626 and participant 653 at 2025-02-14T23:43:01.027490066Z[Etc/UTC].
    23:43:00.927 | 362 ool-1-worker-126 | DEBUG | .a.s.ParticipantScoreScheduleService : Scheduled task for exercise 627 and participant 656 at 2025-02-14T23:43:01.027495927Z[Etc/UTC].
    23:43:00.927 | 362 ool-1-worker-126 | DEBUG | .a.s.ParticipantScoreScheduleService : Scheduled task for exercise 627 and participant 656 at 2025-02-14T23:43:01.027502119Z[Etc/UTC].
    23:43:00.927 | 362 ool-1-worker-126 | DEBUG | .a.s.ParticipantScoreScheduleService : Scheduled task for exercise 627 and participant 654 at 2025-02-14T23:43:01.027507589Z[Etc/UTC].
    23:43:00.927 | 362 ool-1-worker-126 | DEBUG | .a.s.ParticipantScoreScheduleService : Scheduled task for exercise 627 and participant 654 at 2025-02-14T23:43:01.027513761Z[Etc/UTC].
    23:43:00.927 | 362 ool-1-worker-126 | DEBUG | .a.s.ParticipantScoreScheduleService : Scheduled task for exercise 627 and participant 652 at 2025-02-14T23:43:01.027519531Z[Etc/UTC].
    23:43:00.927 | 362 ool-1-worker-126 | DEBUG | .a.s.ParticipantScoreScheduleService : Scheduled task for exercise 627 and participant 652 at 2025-02-14T23:43:01.027526504Z[Etc/UTC].
    23:43:00.927 | 362 ool-1-worker-126 | DEBUG | .a.s.ParticipantScoreScheduleService : Scheduled task for exercise 628 and participant 653 at 2025-02-14T23:43:01.027534079Z[Etc/UTC].
    23:43:00.927 | 362 ool-1-worker-126 | DEBUG | .a.s.ParticipantScoreScheduleService : Scheduled task for exercise 628 and participant 653 at 2025-02-14T23:43:01.027541743Z[Etc/UTC].
    23:43:00.927 | 362 ool-1-worker-126 | DEBUG | .a.s.ParticipantScoreScheduleService : Scheduled task for exercise 628 and participant 655 at 2025-02-14T23:43:01.027549347Z[Etc/UTC].
    23:43:00.927 | 362 ool-1-worker-126 | DEBUG | .a.s.ParticipantScoreScheduleService : Scheduled task for exercise 628 and participant 655 at 2025-02-14T23:43:01.027555809Z[Etc/UTC].
    23:43:00.927 | 362 ool-1-worker-126 | DEBUG | .a.s.ParticipantScoreScheduleService : Scheduled task for exercise 628 and participant 656 at 2025-02-14T23:43:01.027562521Z[Etc/UTC].
    23:43:00.927 | 362 ool-1-worker-126 | DEBUG | .a.s.ParticipantScoreScheduleService : Scheduled task for exercise 628 and participant 656 at 2025-02-14T23:43:01.027569474Z[Etc/UTC].
    23:43:00.927 | 362 ool-1-worker-126 | DEBUG | .a.s.ParticipantScoreScheduleService : Scheduled task for exercise 628 and participant 654 at 2025-02-14T23:43:01.027575516Z[Etc/UTC].
    23:43:00.927 | 362 ool-1-worker-126 | DEBUG | .a.s.ParticipantScoreScheduleService : Scheduled task for exercise 628 and participant 654 at 2025-02-14T23:43:01.027581817Z[Etc/UTC].
    23:43:00.927 | 362 ool-1-worker-126 | DEBUG | .a.s.ParticipantScoreScheduleService : Scheduled task for exercise 629 and participant 652 at 2025-02-14T23:43:01.027587759Z[Etc/UTC].
    23:43:00.927 | 362 ool-1-worker-126 | DEBUG | .a.s.ParticipantScoreScheduleService : Scheduled task for exercise 629 and participant 652 at 2025-02-14T23:43:01.027595112Z[Etc/UTC].
    23:43:00.927 | 362 ool-1-worker-126 | DEBUG | .a.s.ParticipantScoreScheduleService : Scheduled task for exercise 630 and participant 654 at 2025-02-14T23:43:01.027601725Z[Etc/UTC].
    23:43:00.927 | 362 ool-1-worker-126 | DEBUG | .a.s.ParticipantScoreScheduleService : Scheduled task for exercise 630 and participant 654 at 2025-02-14T23:43:01.027609880Z[Etc/UTC].
    23:43:00.927 | 362 ool-1-worker-126 | DEBUG | .a.s.ParticipantScoreScheduleService : Scheduled task for exercise 630 and participant 653 at 2025-02-14T23:43:01.027616813Z[Etc/UTC].
    23:43:00.927 | 362 ool-1-worker-126 | DEBUG | .a.s.ParticipantScoreScheduleService : Scheduled task for exercise 630 and participant 653 at 2025-02-14T23:43:01.027625479Z[Etc/UTC].
    23:43:00.927 | 362 ool-1-worker-126 | DEBUG | .a.s.ParticipantScoreScheduleService : Scheduled task for exercise 630 and participant 655 at 2025-02-14T23:43:01.027632131Z[Etc/UTC].
    23:43:00.927 | 362 ool-1-worker-126 | DEBUG | .a.s.ParticipantScoreScheduleService : Scheduled task for exercise 630 and participant 655 at 2025-02-14T23:43:01.027639285Z[Etc/UTC].
    23:43:00.927 | 362 ool-1-worker-126 | DEBUG | .a.s.ParticipantScoreScheduleService : Scheduled task for exercise 630 and participant 652 at 2025-02-14T23:43:01.027646658Z[Etc/UTC].
    23:43:00.927 | 362 ool-1-worker-126 | DEBUG | .a.s.ParticipantScoreScheduleService : Scheduled task for exercise 630 and participant 652 at 2025-02-14T23:43:01.027655645Z[Etc/UTC].
    23:43:00.927 | 362 ool-1-worker-126 | DEBUG | .a.s.ParticipantScoreScheduleService : Scheduled task for exercise 630 and participant 656 at 2025-02-14T23:43:01.027662738Z[Etc/UTC].
    23:43:00.927 | 362 ool-1-worker-126 | DEBUG | .a.s.ParticipantScoreScheduleService : Scheduled task for exercise 630 and participant 656 at 2025-02-14T23:43:01.027670603Z[Etc/UTC].
    23:43:00.927 | 362 ool-1-worker-126 | DEBUG | .a.s.ParticipantScoreScheduleService : Scheduled task for exercise 631 and participant 656 at 2025-02-14T23:43:01.027677566Z[Etc/UTC].
    23:43:00.927 | 362 ool-1-worker-126 | DEBUG | .a.s.ParticipantScoreScheduleService : Scheduled task for exercise 631 and participant 656 at 2025-02-14T23:43:01.027684509Z[Etc/UTC].
    23:43:00.927 | 362 ool-1-worker-126 | DEBUG | .a.s.ParticipantScoreScheduleService : Scheduled task for exercise 631 and participant 654 at 2025-02-14T23:43:01.027691011Z[Etc/UTC].
    23:43:00.927 | 362 ool-1-worker-126 | DEBUG | .a.s.ParticipantScoreScheduleService : Scheduled task for exercise 631 and participant 654 at 2025-02-14T23:43:01.027698775Z[Etc/UTC].
    23:43:00.927 | 362 ool-1-worker-126 | DEBUG | .a.s.ParticipantScoreScheduleService : Scheduled task for exercise 631 and participant 653 at 2025-02-14T23:43:01.027704947Z[Etc/UTC].
    23:43:00.927 | 362 ool-1-worker-126 | DEBUG | .a.s.ParticipantScoreScheduleService : Scheduled task for exercise 631 and participant 653 at 2025-02-14T23:43:01.027711229Z[Etc/UTC].
    23:43:00.927 | 362 ool-1-worker-126 | DEBUG | .a.s.ParticipantScoreScheduleService : Scheduled task for exercise 631 and participant 652 at 2025-02-14T23:43:01.027718382Z[Etc/UTC].
    23:43:00.927 | 362 ool-1-worker-126 | DEBUG | .a.s.ParticipantScoreScheduleService : Scheduled task for exercise 631 and participant 652 at 2025-02-14T23:43:01.027726788Z[Etc/UTC].
    23:43:00.927 | 362 ool-1-worker-126 | DEBUG | .a.s.ParticipantScoreScheduleService : Scheduled task for exercise 631 and participant 655 at 2025-02-14T23:43:01.027733350Z[Etc/UTC].
    23:43:00.927 | 362 ool-1-worker-126 | DEBUG | .a.s.ParticipantScoreScheduleService : Scheduled task for exercise 631 and participant 655 at 2025-02-14T23:43:01.027740894Z[Etc/UTC].
    23:43:00.927 | 362 ool-1-worker-126 | DEBUG | .a.s.ParticipantScoreScheduleService : Scheduled task for exercise 632 and participant 654 at 2025-02-14T23:43:01.027758938Z[Etc/UTC].
    23:43:00.927 | 362 ool-1-worker-126 | DEBUG | .a.s.ParticipantScoreScheduleService : Scheduled task for exercise 632 and participant 654 at 2025-02-14T23:43:01.027769017Z[Etc/UTC].
    23:43:00.927 | 362 ool-1-worker-126 | DEBUG | .a.s.ParticipantScoreScheduleService : Scheduled task for exercise 632 and participant 656 at 2025-02-14T23:43:01.027777753Z[Etc/UTC].
    23:43:00.927 | 362 ool-1-worker-126 | DEBUG | .a.s.ParticipantScoreScheduleService : Scheduled task for exercise 632 and participant 656 at 2025-02-14T23:43:01.027785217Z[Etc/UTC].
    23:43:00.927 | 362 ool-1-worker-126 | DEBUG | .a.s.ParticipantScoreScheduleService : Scheduled task for exercise 632 and participant 653 at 2025-02-14T23:43:01.027796939Z[Etc/UTC].
    23:43:00.927 | 362 ool-1-worker-126 | DEBUG | .a.s.ParticipantScoreScheduleService : Scheduled task for exercise 632 and participant 653 at 2025-02-14T23:43:01.027808380Z[Etc/UTC].
    23:43:00.927 | 362 ool-1-worker-126 | DEBUG | .a.s.ParticipantScoreScheduleService : Scheduled task for exercise 632 and participant 652 at 2025-02-14T23:43:01.027816375Z[Etc/UTC].
    23:43:00.927 | 362 ool-1-worker-126 | DEBUG | .a.s.ParticipantScoreScheduleService : Scheduled task for exercise 632 and participant 652 at 2025-02-14T23:43:01.027824480Z[Etc/UTC].
    23:43:00.927 | 362 ool-1-worker-126 | DEBUG | .a.s.ParticipantScoreScheduleService : Scheduled task for exercise 632 and participant 655 at 2025-02-14T23:43:01.027832886Z[Etc/UTC].
    23:43:00.927 | 362 ool-1-worker-126 | DEBUG | .a.s.ParticipantScoreScheduleService : Scheduled task for exercise 632 and participant 655 at 2025-02-14T23:43:01.027841121Z[Etc/UTC].
    23:43:00.928 | 362 ool-1-worker-126 | DEBUG | .a.s.ParticipantScoreScheduleService : Scheduled task for exercise 168 and participant 203 at 2025-02-14T23:43:01.028283686Z[Etc/UTC].
    23:43:00.928 | 362 ool-1-worker-126 | DEBUG | .a.s.ParticipantScoreScheduleService : Scheduled task for exercise 170 and participant 203 at 2025-02-14T23:43:01.028303002Z[Etc/UTC].
    23:43:00.928 | 362 ool-1-worker-126 | DEBUG | .a.s.ParticipantScoreScheduleService : Scheduled task for exercise 180 and participant 1 at 2025-02-14T23:43:01.028313301Z[Etc/UTC].
    23:43:00.928 | 362 ool-1-worker-126 | DEBUG | .a.s.ParticipantScoreScheduleService : Scheduled task for exercise 186 and participant 203 at 2025-02-14T23:43:01.028320405Z[Etc/UTC].
    23:43:00.928 | 362 ool-1-worker-126 | DEBUG | .a.s.ParticipantScoreScheduleService : Processing of 70 results and 4 participant scores.
    23:43:00.932 | 329 taskScheduler-4  | DEBUG | .a.s.ParticipantScoreScheduleService : Updated participant score 182.
    23:43:00.933 | 329 taskScheduler-4  | DEBUG | .a.s.ParticipantScoreScheduleService : Updating the participant score for exercise 632 and participant 654 took 18 ms.
    23:43:01.027 | 327 taskScheduler-2  | DEBUG | .a.s.ParticipantScoreScheduleService : Processing exercise 622 and participant 652 to update participant scores.
    23:43:01.027 | 328 taskScheduler-3  | DEBUG | .a.s.ParticipantScoreScheduleService : Processing exercise 623 and participant 656 to update participant scores.
    23:43:01.029 | 329 taskScheduler-4  | DEBUG | .a.s.ParticipantScoreScheduleService : Processing exercise 623 and participant 653 to update participant scores.
    23:43:01.030 | 328 taskScheduler-3  | DEBUG | .a.s.ParticipantScoreScheduleService : Participant score 153 is already up-to-date, skipping.
    23:43:01.030 | 328 taskScheduler-3  | DEBUG | .a.s.ParticipantScoreScheduleService : Processing exercise 623 and participant 654 to update participant scores.
    23:43:01.031 | 326 taskScheduler-1  | DEBUG | .a.s.ParticipantScoreScheduleService : Processing exercise 623 and participant 655 to update participant scores.
    23:43:01.031 | 329 taskScheduler-4  | DEBUG | .a.s.ParticipantScoreScheduleService : Participant score 154 is already up-to-date, skipping.
    23:43:01.031 | 329 taskScheduler-4  | DEBUG | .a.s.ParticipantScoreScheduleService : Processing exercise 624 and participant 652 to update participant scores.
    23:43:01.032 | 326 taskScheduler-1  | DEBUG | .a.s.ParticipantScoreScheduleService : Participant score 156 is already up-to-date, skipping.
    23:43:01.032 | 326 taskScheduler-1  | DEBUG | .a.s.ParticipantScoreScheduleService : Processing exercise 625 and participant 655 to update participant scores.
    23:43:01.034 | 326 taskScheduler-1  | DEBUG | .a.s.ParticipantScoreScheduleService : Participant score 158 is already up-to-date, skipping.
    23:43:01.034 | 326 taskScheduler-1  | DEBUG | .a.s.ParticipantScoreScheduleService : Processing exercise 625 and participant 654 to update participant scores.
    23:43:01.035 | 326 taskScheduler-1  | DEBUG | .a.s.ParticipantScoreScheduleService : Participant score 159 is already up-to-date, skipping.
    23:43:01.035 | 326 taskScheduler-1  | DEBUG | .a.s.ParticipantScoreScheduleService : Processing exercise 625 and participant 653 to update participant scores.
    23:43:01.035 | 329 taskScheduler-4  | DEBUG | .a.s.ParticipantScoreScheduleService : Participant score 157 is already up-to-date, skipping.
    23:43:01.035 | 329 taskScheduler-4  | DEBUG | .a.s.ParticipantScoreScheduleService : Processing exercise 625 and participant 656 to update participant scores.
    23:43:01.037 | 326 taskScheduler-1  | DEBUG | .a.s.ParticipantScoreScheduleService : Participant score 160 is already up-to-date, skipping.
    23:43:01.037 | 326 taskScheduler-1  | DEBUG | .a.s.ParticipantScoreScheduleService : Processing exercise 626 and participant 655 to update participant scores.
    23:43:01.037 | 329 taskScheduler-4  | DEBUG | .a.s.ParticipantScoreScheduleService : Participant score 161 is already up-to-date, skipping.
    23:43:01.037 | 329 taskScheduler-4  | DEBUG | .a.s.ParticipantScoreScheduleService : Processing exercise 626 and participant 653 to update participant scores.
    23:43:01.037 | 328 taskScheduler-3  | DEBUG | .a.s.ParticipantScoreScheduleService : Participant score 155 is already up-to-date, skipping.
    23:43:01.037 | 328 taskScheduler-3  | DEBUG | .a.s.ParticipantScoreScheduleService : Processing exercise 627 and participant 656 to update participant scores.
    23:43:01.038 | 328 taskScheduler-3  | DEBUG | .a.s.ParticipantScoreScheduleService : Participant score 164 is already up-to-date, skipping.
    23:43:01.039 | 328 taskScheduler-3  | DEBUG | .a.s.ParticipantScoreScheduleService : Processing exercise 627 and participant 654 to update participant scores.
    23:43:01.041 | 327 taskScheduler-2  | DEBUG | .a.s.ParticipantScoreScheduleService : Participant score 152 is already up-to-date, skipping.
    23:43:01.041 | 327 taskScheduler-2  | DEBUG | .a.s.ParticipantScoreScheduleService : Processing exercise 627 and participant 652 to update participant scores.
    23:43:01.041 | 328 taskScheduler-3  | DEBUG | .a.s.ParticipantScoreScheduleService : Participant score 165 is already up-to-date, skipping.
    23:43:01.041 | 328 taskScheduler-3  | DEBUG | .a.s.ParticipantScoreScheduleService : Processing exercise 628 and participant 653 to update participant scores.
    23:43:01.042 | 327 taskScheduler-2  | DEBUG | .a.s.ParticipantScoreScheduleService : Participant score 166 is already up-to-date, skipping.
    23:43:01.043 | 327 taskScheduler-2  | DEBUG | .a.s.ParticipantScoreScheduleService : Processing exercise 628 and participant 655 to update participant scores.
    23:43:01.044 | 326 taskScheduler-1  | DEBUG | .a.s.ParticipantScoreScheduleService : Participant score 162 is already up-to-date, skipping.
    23:43:01.044 | 326 taskScheduler-1  | DEBUG | .a.s.ParticipantScoreScheduleService : Processing exercise 628 and participant 656 to update participant scores.
    23:43:01.045 | 326 taskScheduler-1  | DEBUG | .a.s.ParticipantScoreScheduleService : Participant score 169 is already up-to-date, skipping.
    23:43:01.045 | 326 taskScheduler-1  | DEBUG | .a.s.ParticipantScoreScheduleService : Processing exercise 628 and participant 654 to update participant scores.
    23:43:01.047 | 329 taskScheduler-4  | DEBUG | .a.s.ParticipantScoreScheduleService : Participant score 163 is already up-to-date, skipping.
    23:43:01.047 | 329 taskScheduler-4  | DEBUG | .a.s.ParticipantScoreScheduleService : Processing exercise 629 and participant 652 to update participant scores.
    23:43:01.048 | 328 taskScheduler-3  | DEBUG | .a.s.ParticipantScoreScheduleService : Participant score 167 is already up-to-date, skipping.
    23:43:01.048 | 328 taskScheduler-3  | DEBUG | .a.s.ParticipantScoreScheduleService : Processing exercise 630 and participant 654 to update participant scores.
    23:43:01.049 | 329 taskScheduler-4  | DEBUG | .a.s.ParticipantScoreScheduleService : Participant score 171 is already up-to-date, skipping.
    23:43:01.049 | 329 taskScheduler-4  | DEBUG | .a.s.ParticipantScoreScheduleService : Processing exercise 630 and participant 653 to update participant scores.
    23:43:01.053 | 327 taskScheduler-2  | DEBUG | .a.s.ParticipantScoreScheduleService : Participant score 168 is already up-to-date, skipping.
    23:43:01.053 | 327 taskScheduler-2  | DEBUG | .a.s.ParticipantScoreScheduleService : Processing exercise 630 and participant 655 to update participant scores.
    23:43:01.054 | 328 taskScheduler-3  | DEBUG | .a.s.ParticipantScoreScheduleService : Participant score 172 is already up-to-date, skipping.
    23:43:01.054 | 328 taskScheduler-3  | DEBUG | .a.s.ParticipantScoreScheduleService : Processing exercise 630 and participant 652 to update participant scores.
    23:43:01.056 | 327 taskScheduler-2  | DEBUG | .a.s.ParticipantScoreScheduleService : Participant score 174 is already up-to-date, skipping.
    23:43:01.056 | 327 taskScheduler-2  | DEBUG | .a.s.ParticipantScoreScheduleService : Processing exercise 630 and participant 656 to update participant scores.
    23:43:01.057 | 329 taskScheduler-4  | DEBUG | .a.s.ParticipantScoreScheduleService : Participant score 173 is already up-to-date, skipping.
    23:43:01.057 | 329 taskScheduler-4  | DEBUG | .a.s.ParticipantScoreScheduleService : Processing exercise 631 and participant 656 to update participant scores.
    23:43:01.060 | 326 taskScheduler-1  | DEBUG | .a.s.ParticipantScoreScheduleService : Participant score 170 is already up-to-date, skipping.
    23:43:01.060 | 326 taskScheduler-1  | DEBUG | .a.s.ParticipantScoreScheduleService : Processing exercise 631 and participant 654 to update participant scores.
    23:43:01.064 | 328 taskScheduler-3  | DEBUG | .a.s.ParticipantScoreScheduleService : Participant score 175 is already up-to-date, skipping.
    23:43:01.064 | 328 taskScheduler-3  | DEBUG | .a.s.ParticipantScoreScheduleService : Processing exercise 631 and participant 653 to update participant scores.
    23:43:01.065 | 327 taskScheduler-2  | DEBUG | .a.s.ParticipantScoreScheduleService : Participant score 176 is already up-to-date, skipping.
    23:43:01.065 | 327 taskScheduler-2  | DEBUG | .a.s.ParticipantScoreScheduleService : Processing exercise 631 and participant 652 to update participant scores.
    23:43:01.066 | 328 taskScheduler-3  | DEBUG | .a.s.ParticipantScoreScheduleService : Participant score 179 is already up-to-date, skipping.
    23:43:01.066 | 328 taskScheduler-3  | DEBUG | .a.s.ParticipantScoreScheduleService : Processing exercise 631 and participant 655 to update participant scores.
    23:43:01.067 | 327 taskScheduler-2  | DEBUG | .a.s.ParticipantScoreScheduleService : Participant score 180 is already up-to-date, skipping.
    23:43:01.067 | 327 taskScheduler-2  | DEBUG | .a.s.ParticipantScoreScheduleService : Processing exercise 632 and participant 654 to update participant scores.
    23:43:01.067 | 326 taskScheduler-1  | DEBUG | .a.s.ParticipantScoreScheduleService : Participant score 178 is already up-to-date, skipping.
    23:43:01.067 | 326 taskScheduler-1  | DEBUG | .a.s.ParticipantScoreScheduleService : Processing exercise 632 and participant 656 to update participant scores.
    23:43:01.067 | 329 taskScheduler-4  | DEBUG | .a.s.ParticipantScoreScheduleService : Participant score 177 is already up-to-date, skipping.
    23:43:01.067 | 329 taskScheduler-4  | DEBUG | .a.s.ParticipantScoreScheduleService : Processing exercise 632 and participant 653 to update participant scores.
    23:43:01.070 | 328 taskScheduler-3  | DEBUG | .a.s.ParticipantScoreScheduleService : Participant score 181 is already up-to-date, skipping.
    23:43:01.070 | 328 taskScheduler-3  | DEBUG | .a.s.ParticipantScoreScheduleService : Processing exercise 632 and participant 652 to update participant scores.
    23:43:01.071 | 327 taskScheduler-2  | DEBUG | .a.s.ParticipantScoreScheduleService : Participant score 182 is already up-to-date, skipping.
    23:43:01.071 | 327 taskScheduler-2  | DEBUG | .a.s.ParticipantScoreScheduleService : Processing exercise 632 and participant 655 to update participant scores.
    23:43:01.080 | 329 taskScheduler-4  | DEBUG | .a.s.ParticipantScoreScheduleService : Updated participant score 183.
    23:43:01.081 | 329 taskScheduler-4  | DEBUG | .a.s.ParticipantScoreScheduleService : Updating the participant score for exercise 632 and participant 653 took 14 ms.
    23:43:01.081 | 329 taskScheduler-4  | DEBUG | .a.s.ParticipantScoreScheduleService : Processing exercise 168 and participant 203 to update participant scores.
    23:43:01.084 | 327 taskScheduler-2  | DEBUG | .a.s.ParticipantScoreScheduleService : Updated participant score 184.
    23:43:01.084 | 327 taskScheduler-2  | DEBUG | .a.s.ParticipantScoreScheduleService : Updating the participant score for exercise 632 and participant 655 took 13 ms.
    23:43:01.084 | 327 taskScheduler-2  | DEBUG | .a.s.ParticipantScoreScheduleService : Processing exercise 170 and participant 203 to update participant scores.
    23:43:01.085 | 326 taskScheduler-1  | DEBUG | .a.s.ParticipantScoreScheduleService : Updated participant score 185.
    23:43:01.085 | 326 taskScheduler-1  | DEBUG | .a.s.ParticipantScoreScheduleService : Updating the participant score for exercise 632 and participant 656 took 18 ms.
    23:43:01.085 | 326 taskScheduler-1  | DEBUG | .a.s.ParticipantScoreScheduleService : Processing exercise 180 and participant 1 to update participant scores.
    23:43:01.088 | 329 taskScheduler-4  | ERROR | .a.s.ParticipantScoreScheduleService : Exception while processing participant score for exercise 168 and participant 203 for participant scores:
org.springframework.dao.IncorrectResultSizeDataAccessException: Query did not return a unique result: 2 results were returned
	at org.springframework.orm.jpa.vendor.HibernateJpaDialect.convertHibernateAccessException(HibernateJpaDialect.java:301)
	at org.springframework.orm.jpa.vendor.HibernateJpaDialect.translateExceptionIfPossible(HibernateJpaDialect.java:244)
	at org.springframework.orm.jpa.AbstractEntityManagerFactoryBean.translateExceptionIfPossible(AbstractEntityManagerFactoryBean.java:560)
	at org.springframework.dao.support.ChainedPersistenceExceptionTranslator.translateExceptionIfPossible(ChainedPersistenceExceptionTranslator.java:61)
	at org.springframework.dao.support.DataAccessUtils.translateIfNecessary(DataAccessUtils.java:343)
	at org.springframework.dao.support.PersistenceExceptionTranslationInterceptor.invoke(PersistenceExceptionTranslationInterceptor.java:160)
	at org.springframework.aop.framework.ReflectiveMethodInvocation.proceed(ReflectiveMethodInvocation.java:184)
	at org.springframework.data.jpa.repository.support.CrudMethodMetadataPostProcessor$CrudMethodMetadataPopulatingMethodInterceptor.invoke(CrudMethodMetadataPostProcessor.java:136)
	at org.springframework.aop.framework.ReflectiveMethodInvocation.proceed(ReflectiveMethodInvocation.java:184)
	at org.springframework.aop.framework.JdkDynamicAopProxy.invoke(JdkDynamicAopProxy.java:223)
	at jdk.proxy3/jdk.proxy3.$Proxy366.findByExercise_IdAndUser_Id(Unknown Source)
	at de.tum.cit.aet.artemis.assessment.service.ParticipantScoreScheduleService.executeTask(ParticipantScoreScheduleService.java:286)
	at de.tum.cit.aet.artemis.assessment.service.ParticipantScoreScheduleService.lambda$scheduleTask$5(ParticipantScoreScheduleService.java:237)
	at org.springframework.scheduling.support.DelegatingErrorHandlingRunnable.run(DelegatingErrorHandlingRunnable.java:54)
	at java.base/java.util.concurrent.Executors$RunnableAdapter.call(Executors.java:572)
	at java.base/java.util.concurrent.FutureTask.run(FutureTask.java:317)
	at java.base/java.util.concurrent.ScheduledThreadPoolExecutor$ScheduledFutureTask.run(ScheduledThreadPoolExecutor.java:304)
	at java.base/java.util.concurrent.ThreadPoolExecutor.runWorker(ThreadPoolExecutor.java:1144)
	at java.base/java.util.concurrent.ThreadPoolExecutor$Worker.run(ThreadPoolExecutor.java:642)
	at java.base/java.lang.Thread.run(Thread.java:1583)
Caused by: org.hibernate.NonUniqueResultException: Query did not return a unique result: 2 results were returned
	at org.hibernate.query.spi.AbstractSelectionQuery.uniqueElement(AbstractSelectionQuery.java:586)
	at org.hibernate.query.spi.AbstractSelectionQuery.getSingleResult(AbstractSelectionQuery.java:570)
	at java.base/jdk.internal.reflect.DirectMethodHandleAccessor.invoke(DirectMethodHandleAccessor.java:103)
	at java.base/java.lang.reflect.Method.invoke(Method.java:580)
	at org.springframework.orm.jpa.SharedEntityManagerCreator$DeferredQueryInvocationHandler.invoke(SharedEntityManagerCreator.java:419)
	at jdk.proxy3/jdk.proxy3.$Proxy601.getSingleResult(Unknown Source)
	at org.springframework.data.jpa.repository.query.JpaQueryExecution$SingleEntityExecution.doExecute(JpaQueryExecution.java:224)
	at org.springframework.data.jpa.repository.query.JpaQueryExecution.execute(JpaQueryExecution.java:93)
	at org.springframework.data.jpa.repository.query.AbstractJpaQuery.doExecute(AbstractJpaQuery.java:152)
	at org.springframework.data.jpa.repository.query.AbstractJpaQuery.execute(AbstractJpaQuery.java:140)
	at org.springframework.data.repository.core.support.RepositoryMethodInvoker.doInvoke(RepositoryMethodInvoker.java:170)
	at org.springframework.data.repository.core.support.RepositoryMethodInvoker.invoke(RepositoryMethodInvoker.java:158)
	at org.springframework.data.repository.core.support.QueryExecutorMethodInterceptor.doInvoke(QueryExecutorMethodInterceptor.java:170)
	at org.springframework.data.repository.core.support.QueryExecutorMethodInterceptor.invoke(QueryExecutorMethodInterceptor.java:149)
	at org.springframework.aop.framework.ReflectiveMethodInvocation.proceed(ReflectiveMethodInvocation.java:184)
	at org.springframework.data.projection.DefaultMethodInvokingMethodInterceptor.invoke(DefaultMethodInvokingMethodInterceptor.java:69)
	at org.springframework.aop.framework.ReflectiveMethodInvocation.proceed(ReflectiveMethodInvocation.java:184)
	at org.springframework.transaction.interceptor.TransactionAspectSupport.invokeWithinTransaction(TransactionAspectSupport.java:380)
	at org.springframework.transaction.interceptor.TransactionInterceptor.invoke(TransactionInterceptor.java:119)
	at org.springframework.aop.framework.ReflectiveMethodInvocation.proceed(ReflectiveMethodInvocation.java:184)
	at org.springframework.dao.support.PersistenceExceptionTranslationInterceptor.invoke(PersistenceExceptionTranslationInterceptor.java:138)
	... 14 common frames omitted
    23:43:01.088 | 329 taskScheduler-4  | DEBUG | .a.s.ParticipantScoreScheduleService : Updating the participant score for exercise 168 and participant 203 took 7 ms.
    23:43:01.088 | 329 taskScheduler-4  | DEBUG | .a.s.ParticipantScoreScheduleService : Processing exercise 186 and participant 203 to update participant scores.
    23:43:01.089 | 327 taskScheduler-2  | ERROR | .a.s.ParticipantScoreScheduleService : Exception while processing participant score for exercise 170 and participant 203 for participant scores:
org.springframework.dao.IncorrectResultSizeDataAccessException: Query did not return a unique result: 2 results were returned
	at org.springframework.orm.jpa.vendor.HibernateJpaDialect.convertHibernateAccessException(HibernateJpaDialect.java:301)
	at org.springframework.orm.jpa.vendor.HibernateJpaDialect.translateExceptionIfPossible(HibernateJpaDialect.java:244)
	at org.springframework.orm.jpa.AbstractEntityManagerFactoryBean.translateExceptionIfPossible(AbstractEntityManagerFactoryBean.java:560)
	at org.springframework.dao.support.ChainedPersistenceExceptionTranslator.translateExceptionIfPossible(ChainedPersistenceExceptionTranslator.java:61)
	at org.springframework.dao.support.DataAccessUtils.translateIfNecessary(DataAccessUtils.java:343)
	at org.springframework.dao.support.PersistenceExceptionTranslationInterceptor.invoke(PersistenceExceptionTranslationInterceptor.java:160)
	at org.springframework.aop.framework.ReflectiveMethodInvocation.proceed(ReflectiveMethodInvocation.java:184)
	at org.springframework.data.jpa.repository.support.CrudMethodMetadataPostProcessor$CrudMethodMetadataPopulatingMethodInterceptor.invoke(CrudMethodMetadataPostProcessor.java:136)
	at org.springframework.aop.framework.ReflectiveMethodInvocation.proceed(ReflectiveMethodInvocation.java:184)
	at org.springframework.aop.framework.JdkDynamicAopProxy.invoke(JdkDynamicAopProxy.java:223)
	at jdk.proxy3/jdk.proxy3.$Proxy366.findByExercise_IdAndUser_Id(Unknown Source)
	at de.tum.cit.aet.artemis.assessment.service.ParticipantScoreScheduleService.executeTask(ParticipantScoreScheduleService.java:286)
	at de.tum.cit.aet.artemis.assessment.service.ParticipantScoreScheduleService.lambda$scheduleTask$5(ParticipantScoreScheduleService.java:237)
	at org.springframework.scheduling.support.DelegatingErrorHandlingRunnable.run(DelegatingErrorHandlingRunnable.java:54)
	at java.base/java.util.concurrent.Executors$RunnableAdapter.call(Executors.java:572)
	at java.base/java.util.concurrent.FutureTask.run(FutureTask.java:317)
	at java.base/java.util.concurrent.ScheduledThreadPoolExecutor$ScheduledFutureTask.run(ScheduledThreadPoolExecutor.java:304)
	at java.base/java.util.concurrent.ThreadPoolExecutor.runWorker(ThreadPoolExecutor.java:1144)
	at java.base/java.util.concurrent.ThreadPoolExecutor$Worker.run(ThreadPoolExecutor.java:642)
	at java.base/java.lang.Thread.run(Thread.java:1583)
Caused by: org.hibernate.NonUniqueResultException: Query did not return a unique result: 2 results were returned
	at org.hibernate.query.spi.AbstractSelectionQuery.uniqueElement(AbstractSelectionQuery.java:586)
	at org.hibernate.query.spi.AbstractSelectionQuery.getSingleResult(AbstractSelectionQuery.java:570)
	at java.base/jdk.internal.reflect.DirectMethodHandleAccessor.invoke(DirectMethodHandleAccessor.java:103)
	at java.base/java.lang.reflect.Method.invoke(Method.java:580)
	at org.springframework.orm.jpa.SharedEntityManagerCreator$DeferredQueryInvocationHandler.invoke(SharedEntityManagerCreator.java:419)
	at jdk.proxy3/jdk.proxy3.$Proxy601.getSingleResult(Unknown Source)
	at org.springframework.data.jpa.repository.query.JpaQueryExecution$SingleEntityExecution.doExecute(JpaQueryExecution.java:224)
	at org.springframework.data.jpa.repository.query.JpaQueryExecution.execute(JpaQueryExecution.java:93)
	at org.springframework.data.jpa.repository.query.AbstractJpaQuery.doExecute(AbstractJpaQuery.java:152)
	at org.springframework.data.jpa.repository.query.AbstractJpaQuery.execute(AbstractJpaQuery.java:140)
	at org.springframework.data.repository.core.support.RepositoryMethodInvoker.doInvoke(RepositoryMethodInvoker.java:170)
	at org.springframework.data.repository.core.support.RepositoryMethodInvoker.invoke(RepositoryMethodInvoker.java:158)
	at org.springframework.data.repository.core.support.QueryExecutorMethodInterceptor.doInvoke(QueryExecutorMethodInterceptor.java:170)
	at org.springframework.data.repository.core.support.QueryExecutorMethodInterceptor.invoke(QueryExecutorMethodInterceptor.java:149)
	at org.springframework.aop.framework.ReflectiveMethodInvocation.proceed(ReflectiveMethodInvocation.java:184)
	at org.springframework.data.projection.DefaultMethodInvokingMethodInterceptor.invoke(DefaultMethodInvokingMethodInterceptor.java:69)
	at org.springframework.aop.framework.ReflectiveMethodInvocation.proceed(ReflectiveMethodInvocation.java:184)
	at org.springframework.transaction.interceptor.TransactionAspectSupport.invokeWithinTransaction(TransactionAspectSupport.java:380)
	at org.springframework.transaction.interceptor.TransactionInterceptor.invoke(TransactionInterceptor.java:119)
	at org.springframework.aop.framework.ReflectiveMethodInvocation.proceed(ReflectiveMethodInvocation.java:184)
	at org.springframework.dao.support.PersistenceExceptionTranslationInterceptor.invoke(PersistenceExceptionTranslationInterceptor.java:138)
	... 14 common frames omitted
    23:43:01.089 | 327 taskScheduler-2  | DEBUG | .a.s.ParticipantScoreScheduleService : Updating the participant score for exercise 170 and participant 203 took 5 ms.
    23:43:01.089 | 328 taskScheduler-3  | DEBUG | .a.s.ParticipantScoreScheduleService : Updated participant score 186.
    23:43:01.090 | 328 taskScheduler-3  | DEBUG | .a.s.ParticipantScoreScheduleService : Updating the participant score for exercise 632 and participant 652 took 20 ms.
    23:43:01.146 | 329 taskScheduler-4  | ERROR | .a.s.ParticipantScoreScheduleService : Exception while processing participant score for exercise 186 and participant 203 for participant scores:
org.springframework.dao.IncorrectResultSizeDataAccessException: Query did not return a unique result: 2 results were returned
	at org.springframework.orm.jpa.vendor.HibernateJpaDialect.convertHibernateAccessException(HibernateJpaDialect.java:301)
	at org.springframework.orm.jpa.vendor.HibernateJpaDialect.translateExceptionIfPossible(HibernateJpaDialect.java:244)
	at org.springframework.orm.jpa.AbstractEntityManagerFactoryBean.translateExceptionIfPossible(AbstractEntityManagerFactoryBean.java:560)
	at org.springframework.dao.support.ChainedPersistenceExceptionTranslator.translateExceptionIfPossible(ChainedPersistenceExceptionTranslator.java:61)
	at org.springframework.dao.support.DataAccessUtils.translateIfNecessary(DataAccessUtils.java:343)
	at org.springframework.dao.support.PersistenceExceptionTranslationInterceptor.invoke(PersistenceExceptionTranslationInterceptor.java:160)
	at org.springframework.aop.framework.ReflectiveMethodInvocation.proceed(ReflectiveMethodInvocation.java:184)
	at org.springframework.data.jpa.repository.support.CrudMethodMetadataPostProcessor$CrudMethodMetadataPopulatingMethodInterceptor.invoke(CrudMethodMetadataPostProcessor.java:136)
	at org.springframework.aop.framework.ReflectiveMethodInvocation.proceed(ReflectiveMethodInvocation.java:184)
	at org.springframework.aop.framework.JdkDynamicAopProxy.invoke(JdkDynamicAopProxy.java:223)
	at jdk.proxy3/jdk.proxy3.$Proxy366.findByExercise_IdAndUser_Id(Unknown Source)
	at de.tum.cit.aet.artemis.assessment.service.ParticipantScoreScheduleService.executeTask(ParticipantScoreScheduleService.java:286)
	at de.tum.cit.aet.artemis.assessment.service.ParticipantScoreScheduleService.lambda$scheduleTask$5(ParticipantScoreScheduleService.java:237)
	at org.springframework.scheduling.support.DelegatingErrorHandlingRunnable.run(DelegatingErrorHandlingRunnable.java:54)
	at java.base/java.util.concurrent.Executors$RunnableAdapter.call(Executors.java:572)
	at java.base/java.util.concurrent.FutureTask.run(FutureTask.java:317)
	at java.base/java.util.concurrent.ScheduledThreadPoolExecutor$ScheduledFutureTask.run(ScheduledThreadPoolExecutor.java:304)
	at java.base/java.util.concurrent.ThreadPoolExecutor.runWorker(ThreadPoolExecutor.java:1144)
	at java.base/java.util.concurrent.ThreadPoolExecutor$Worker.run(ThreadPoolExecutor.java:642)
	at java.base/java.lang.Thread.run(Thread.java:1583)
Caused by: org.hibernate.NonUniqueResultException: Query did not return a unique result: 2 results were returned
	at org.hibernate.query.spi.AbstractSelectionQuery.uniqueElement(AbstractSelectionQuery.java:586)
	at org.hibernate.query.spi.AbstractSelectionQuery.getSingleResult(AbstractSelectionQuery.java:570)
	at java.base/jdk.internal.reflect.DirectMethodHandleAccessor.invoke(DirectMethodHandleAccessor.java:103)
	at java.base/java.lang.reflect.Method.invoke(Method.java:580)
	at org.springframework.orm.jpa.SharedEntityManagerCreator$DeferredQueryInvocationHandler.invoke(SharedEntityManagerCreator.java:419)
	at jdk.proxy3/jdk.proxy3.$Proxy601.getSingleResult(Unknown Source)
	at org.springframework.data.jpa.repository.query.JpaQueryExecution$SingleEntityExecution.doExecute(JpaQueryExecution.java:224)
	at org.springframework.data.jpa.repository.query.JpaQueryExecution.execute(JpaQueryExecution.java:93)
	at org.springframework.data.jpa.repository.query.AbstractJpaQuery.doExecute(AbstractJpaQuery.java:152)
	at org.springframework.data.jpa.repository.query.AbstractJpaQuery.execute(AbstractJpaQuery.java:140)
	at org.springframework.data.repository.core.support.RepositoryMethodInvoker.doInvoke(RepositoryMethodInvoker.java:170)
	at org.springframework.data.repository.core.support.RepositoryMethodInvoker.invoke(RepositoryMethodInvoker.java:158)
	at org.springframework.data.repository.core.support.QueryExecutorMethodInterceptor.doInvoke(QueryExecutorMethodInterceptor.java:170)
	at org.springframework.data.repository.core.support.QueryExecutorMethodInterceptor.invoke(QueryExecutorMethodInterceptor.java:149)
	at org.springframework.aop.framework.ReflectiveMethodInvocation.proceed(ReflectiveMethodInvocation.java:184)
	at org.springframework.data.projection.DefaultMethodInvokingMethodInterceptor.invoke(DefaultMethodInvokingMethodInterceptor.java:69)
	at org.springframework.aop.framework.ReflectiveMethodInvocation.proceed(ReflectiveMethodInvocation.java:184)
	at org.springframework.transaction.interceptor.TransactionAspectSupport.invokeWithinTransaction(TransactionAspectSupport.java:380)
	at org.springframework.transaction.interceptor.TransactionInterceptor.invoke(TransactionInterceptor.java:119)
	at org.springframework.aop.framework.ReflectiveMethodInvocation.proceed(ReflectiveMethodInvocation.java:184)
	at org.springframework.dao.support.PersistenceExceptionTranslationInterceptor.invoke(PersistenceExceptionTranslationInterceptor.java:138)
	... 14 common frames omitted
    23:43:01.146 | 329 taskScheduler-4  | DEBUG | .a.s.ParticipantScoreScheduleService : Updating the participant score for exercise 186 and participant 203 took 58 ms.
    23:43:01.163 | 326 taskScheduler-1  | DEBUG | .a.s.ParticipantScoreScheduleService : Updating the participant score for exercise 180 and participant 1 took 78 ms.
    23:43:01.253 | 362 ool-1-worker-126 | DEBUG | .c.s.m.InstanceMessageReceiveService : Received schedule participant score for exercise 634 and participant 652 (result to be deleted: null)
    23:43:01.253 | 362 ool-1-worker-126 | DEBUG | .a.s.ParticipantScoreScheduleService : Scheduled task for exercise 634 and participant 652 at 2025-02-14T23:43:01.353862131Z[Etc/UTC].
    23:43:01.267 | 362 ool-1-worker-126 | DEBUG | .c.s.m.InstanceMessageReceiveService : Received schedule participant score for exercise 636 and participant 4 (result to be deleted: null)
    23:43:01.267 | 362 ool-1-worker-126 | DEBUG | .a.s.ParticipantScoreScheduleService : Scheduled task for exercise 636 and participant 4 at 2025-02-14T23:43:01.367918132Z[Etc/UTC].
    23:43:01.272 | 362 ool-1-worker-126 | DEBUG | .c.s.m.InstanceMessageReceiveService : Received schedule participant score for exercise 636 and participant 4 (result to be deleted: null)
    23:43:01.272 | 362 ool-1-worker-126 | DEBUG | .a.s.ParticipantScoreScheduleService : Scheduled task for exercise 636 and participant 4 at 2025-02-14T23:43:01.372354586Z[Etc/UTC].
    23:43:01.281 | 362 ool-1-worker-126 | DEBUG | .c.s.m.InstanceMessageReceiveService : Received schedule participant score for exercise 634 and participant 653 (result to be deleted: null)
    23:43:01.281 | 362 ool-1-worker-126 | DEBUG | .a.s.ParticipantScoreScheduleService : Scheduled task for exercise 634 and participant 653 at 2025-02-14T23:43:01.381802755Z[Etc/UTC].
    23:43:01.291 | 362 ool-1-worker-126 | DEBUG | .c.s.m.InstanceMessageReceiveService : Received schedule participant score for exercise 634 and participant 654 (result to be deleted: null)
    23:43:01.291 | 362 ool-1-worker-126 | DEBUG | .a.s.ParticipantScoreScheduleService : Scheduled task for exercise 634 and participant 654 at 2025-02-14T23:43:01.391611958Z[Etc/UTC].
    23:43:01.303 | 362 ool-1-worker-126 | DEBUG | .c.s.m.InstanceMessageReceiveService : Received schedule participant score for exercise 636 and participant 5 (result to be deleted: null)
    23:43:01.303 | 362 ool-1-worker-126 | DEBUG | .a.s.ParticipantScoreScheduleService : Scheduled task for exercise 636 and participant 5 at 2025-02-14T23:43:01.403620111Z[Etc/UTC].
    23:43:01.348 | 362 ool-1-worker-126 | DEBUG | d.t.c.a.a.c.s.f.ApiVersionFilter     : Adding Version to Request GET /api/courses/227/exams/532/scores
    23:43:01.349 | 362 ool-1-worker-126 | INFO  | d.t.c.a.a.exam.web.ExamResource      : REST request to get score for exam : 532
    23:43:01.353 | 327 taskScheduler-2  | DEBUG | .a.s.ParticipantScoreScheduleService : Processing exercise 634 and participant 652 to update participant scores.
    23:43:01.362 | 327 taskScheduler-2  | DEBUG | .a.s.ParticipantScoreScheduleService : Updated participant score 187.
    23:43:01.363 | 327 taskScheduler-2  | DEBUG | .a.s.ParticipantScoreScheduleService : Updating the participant score for exercise 634 and participant 652 took 10 ms.
    23:43:01.374 | 328 taskScheduler-3  | DEBUG | .a.s.ParticipantScoreScheduleService : Processing exercise 636 and participant 4 to update participant scores.
    23:43:01.374 | 362 ool-1-worker-126 | INFO  | d.t.c.a.a.exam.service.ExamService   : Try to find quiz submitted answer counts
    23:43:01.375 | 362 ool-1-worker-126 | INFO  | d.t.c.a.a.exam.service.ExamService   : Found 5 quiz submitted answer counts
    23:43:01.381 | 326 taskScheduler-1  | DEBUG | .a.s.ParticipantScoreScheduleService : Processing exercise 634 and participant 653 to update participant scores.
    23:43:01.389 | 326 taskScheduler-1  | DEBUG | .a.s.ParticipantScoreScheduleService : Updated participant score 189.
    23:43:01.389 | 328 taskScheduler-3  | DEBUG | .a.s.ParticipantScoreScheduleService : Updated participant score 188.
    23:43:01.389 | 328 taskScheduler-3  | DEBUG | .a.s.ParticipantScoreScheduleService : Updating the participant score for exercise 636 and participant 4 took 15 ms.
    23:43:01.391 | 326 taskScheduler-1  | DEBUG | .a.s.ParticipantScoreScheduleService : Updating the participant score for exercise 634 and participant 653 took 10 ms.
    23:43:01.391 | 327 taskScheduler-2  | DEBUG | .a.s.ParticipantScoreScheduleService : Processing exercise 634 and participant 654 to update participant scores.
    23:43:01.402 | 327 taskScheduler-2  | DEBUG | .a.s.ParticipantScoreScheduleService : Updated participant score 190.
    23:43:01.403 | 329 taskScheduler-4  | DEBUG | .a.s.ParticipantScoreScheduleService : Processing exercise 636 and participant 5 to update participant scores.
    23:43:01.405 | 327 taskScheduler-2  | DEBUG | .a.s.ParticipantScoreScheduleService : Updating the participant score for exercise 634 and participant 654 took 14 ms.
    23:43:01.419 | 329 taskScheduler-4  | DEBUG | .a.s.ParticipantScoreScheduleService : Updated participant score 191.
    23:43:01.421 | 329 taskScheduler-4  | DEBUG | .a.s.ParticipantScoreScheduleService : Updating the participant score for exercise 636 and participant 5 took 18 ms.
    23:43:01.423 | 362 ool-1-worker-126 | INFO  | d.t.c.a.a.exam.web.ExamResource      : get scores for exam 532 took 74ms
    23:43:01.431 | 362 ool-1-worker-126 | INFO  | d.t.c.a.a.exam.service.ExamService   : getStatsForChecklist invoked for exam 532
    23:43:01.431 | 362 ool-1-worker-126 | DEBUG | d.t.c.a.a.exam.service.ExamService   : StatsTimeLog: number of complaints open done in 418µs for exercise 624
    23:43:01.432 | 362 ool-1-worker-126 | DEBUG | d.t.c.a.a.exam.service.ExamService   : StatsTimeLog: number of complaints finished done in 885µs for exercise 624
    23:43:01.435 | 362 ool-1-worker-126 | DEBUG | d.t.c.a.a.exam.service.ExamService   : StatsTimeLog: number of assessments done in 4.47ms for exercise 624
    23:43:01.439 | 362 ool-1-worker-126 | DEBUG | d.t.c.a.a.exam.service.ExamService   : StatsTimeLog: number of generated participations in 8.17ms for exercise 624
    23:43:01.439 | 362 ool-1-worker-126 | DEBUG | d.t.c.a.a.exam.service.ExamService   : StatsTimeLog: number of complaints open done in 8.52ms for exercise 625
    23:43:01.440 | 362 ool-1-worker-126 | DEBUG | d.t.c.a.a.exam.service.ExamService   : StatsTimeLog: number of complaints finished done in 8.99ms for exercise 625
    23:43:01.440 | 362 ool-1-worker-126 | DEBUG | d.t.c.a.a.exam.service.ExamService   : StatsTimeLog: number of assessments done in 9.77ms for exercise 625
    23:43:01.441 | 362 ool-1-worker-126 | DEBUG | d.t.c.a.a.exam.service.ExamService   : StatsTimeLog: number of generated participations in 10.54ms for exercise 625
    23:43:01.442 | 362 ool-1-worker-126 | DEBUG | d.t.c.a.a.exam.service.ExamService   : StatsTimeLog: number of complaints open done in 10.84ms for exercise 626
    23:43:01.442 | 362 ool-1-worker-126 | DEBUG | d.t.c.a.a.exam.service.ExamService   : StatsTimeLog: number of complaints finished done in 11.32ms for exercise 626
    23:43:01.446 | 362 ool-1-worker-126 | DEBUG | d.t.c.a.a.exam.service.ExamService   : StatsTimeLog: number of assessments done in 15.02ms for exercise 626
    23:43:01.446 | 362 ool-1-worker-126 | DEBUG | d.t.c.a.a.exam.service.ExamService   : StatsTimeLog: number of generated participations in 15.74ms for exercise 626
    23:43:01.447 | 362 ool-1-worker-126 | DEBUG | d.t.c.a.a.exam.service.ExamService   : StatsTimeLog: number of complaints open done in 16.44ms for exercise 627
    23:43:01.448 | 362 ool-1-worker-126 | DEBUG | d.t.c.a.a.exam.service.ExamService   : StatsTimeLog: number of complaints finished done in 16.88ms for exercise 627
    23:43:01.448 | 362 ool-1-worker-126 | DEBUG | d.t.c.a.a.exam.service.ExamService   : StatsTimeLog: number of assessments done in 17.59ms for exercise 627
    23:43:01.452 | 362 ool-1-worker-126 | DEBUG | d.t.c.a.a.exam.service.ExamService   : StatsTimeLog: number of generated participations in 21.29ms for exercise 627
    23:43:01.453 | 362 ool-1-worker-126 | DEBUG | d.t.c.a.a.exam.service.ExamService   : StatsTimeLog: number of complaints open done in 21.99ms for exercise 628
    23:43:01.453 | 362 ool-1-worker-126 | DEBUG | d.t.c.a.a.exam.service.ExamService   : StatsTimeLog: number of complaints finished done in 22.46ms for exercise 628
    23:43:01.454 | 362 ool-1-worker-126 | DEBUG | d.t.c.a.a.exam.service.ExamService   : StatsTimeLog: number of assessments done in 23.18ms for exercise 628
    23:43:01.455 | 362 ool-1-worker-126 | DEBUG | d.t.c.a.a.exam.service.ExamService   : StatsTimeLog: number of generated participations in 23.93ms for exercise 628
    23:43:01.455 | 362 ool-1-worker-126 | DEBUG | d.t.c.a.a.exam.service.ExamService   : StatsTimeLog: number of complaints open done in 24.59ms for exercise 629
    23:43:01.456 | 362 ool-1-worker-126 | DEBUG | d.t.c.a.a.exam.service.ExamService   : StatsTimeLog: number of complaints finished done in 25.07ms for exercise 629
    23:43:01.456 | 362 ool-1-worker-126 | DEBUG | d.t.c.a.a.exam.service.ExamService   : StatsTimeLog: number of assessments done in 25.76ms for exercise 629
    23:43:01.457 | 362 ool-1-worker-126 | DEBUG | d.t.c.a.a.exam.service.ExamService   : StatsTimeLog: number of generated participations in 26.46ms for exercise 629
    23:43:01.458 | 362 ool-1-worker-126 | DEBUG | d.t.c.a.a.exam.service.ExamService   : StatsTimeLog: number of complaints open done in 27.11ms for exercise 630
    23:43:01.458 | 362 ool-1-worker-126 | DEBUG | d.t.c.a.a.exam.service.ExamService   : StatsTimeLog: number of complaints finished done in 27.60ms for exercise 630
    23:43:01.459 | 362 ool-1-worker-126 | DEBUG | d.t.c.a.a.exam.service.ExamService   : StatsTimeLog: number of assessments done in 28.30ms for exercise 630
    23:43:01.460 | 362 ool-1-worker-126 | DEBUG | d.t.c.a.a.exam.service.ExamService   : StatsTimeLog: number of generated participations in 28.99ms for exercise 630
    23:43:01.460 | 362 ool-1-worker-126 | DEBUG | d.t.c.a.a.exam.service.ExamService   : StatsTimeLog: number of complaints open done in 29.64ms for exercise 631
    23:43:01.461 | 362 ool-1-worker-126 | DEBUG | d.t.c.a.a.exam.service.ExamService   : StatsTimeLog: number of complaints finished done in 30.10ms for exercise 631
    23:43:01.461 | 362 ool-1-worker-126 | DEBUG | d.t.c.a.a.exam.service.ExamService   : StatsTimeLog: number of assessments done in 30.78ms for exercise 631
    23:43:01.462 | 362 ool-1-worker-126 | DEBUG | d.t.c.a.a.exam.service.ExamService   : StatsTimeLog: number of generated participations in 31.48ms for exercise 631
    23:43:01.463 | 362 ool-1-worker-126 | DEBUG | d.t.c.a.a.exam.service.ExamService   : StatsTimeLog: number of complaints open done in 32.29ms for exercise 632
    23:43:01.463 | 362 ool-1-worker-126 | DEBUG | d.t.c.a.a.exam.service.ExamService   : StatsTimeLog: number of complaints finished done in 32.75ms for exercise 632
    23:43:01.464 | 362 ool-1-worker-126 | DEBUG | d.t.c.a.a.exam.service.ExamService   : StatsTimeLog: number of assessments done in 33.43ms for exercise 632
    23:43:01.465 | 362 ool-1-worker-126 | DEBUG | d.t.c.a.a.exam.service.ExamService   : StatsTimeLog: number of generated participations in 34.25ms for exercise 632
    23:43:01.466 | 362 ool-1-worker-126 | DEBUG | d.t.c.a.a.exam.service.ExamService   : StatsTimeLog: number of complaints open done in 34.96ms for exercise 622
    23:43:01.466 | 362 ool-1-worker-126 | DEBUG | d.t.c.a.a.exam.service.ExamService   : StatsTimeLog: number of complaints finished done in 35.40ms for exercise 622
    23:43:01.467 | 362 ool-1-worker-126 | DEBUG | d.t.c.a.a.exam.service.ExamService   : StatsTimeLog: number of assessments done in 36.11ms for exercise 622
    23:43:01.467 | 362 ool-1-worker-126 | DEBUG | d.t.c.a.a.exam.service.ExamService   : StatsTimeLog: number of generated participations in 36.77ms for exercise 622
    23:43:01.468 | 362 ool-1-worker-126 | DEBUG | d.t.c.a.a.exam.service.ExamService   : StatsTimeLog: number of complaints open done in 37.42ms for exercise 623
    23:43:01.469 | 362 ool-1-worker-126 | DEBUG | d.t.c.a.a.exam.service.ExamService   : StatsTimeLog: number of complaints finished done in 37.86ms for exercise 623
    23:43:01.469 | 362 ool-1-worker-126 | DEBUG | d.t.c.a.a.exam.service.ExamService   : StatsTimeLog: number of assessments done in 38.60ms for exercise 623
    23:43:01.470 | 362 ool-1-worker-126 | DEBUG | d.t.c.a.a.exam.service.ExamService   : StatsTimeLog: number of generated participations in 39.28ms for exercise 623
    23:43:01.471 | 362 ool-1-worker-126 | DEBUG | d.t.c.a.a.exam.service.ExamService   : StatsTimeLog: number of generated student exams done in 39.95ms
    23:43:01.471 | 362 ool-1-worker-126 | DEBUG | d.t.c.a.a.exam.service.ExamService   : StatsTimeLog: number of test runs done in 40.19ms
    23:43:01.471 | 362 ool-1-worker-126 | DEBUG | d.t.c.a.a.exam.service.ExamService   : StatsTimeLog: number of student exams started done in 40.43ms
    23:43:01.471 | 362 ool-1-worker-126 | DEBUG | d.t.c.a.a.exam.service.ExamService   : StatsTimeLog: number of student exams submitted done in 40.65ms
    23:43:01.473 | 362 ool-1-worker-126 | INFO  | d.t.c.a.a.exam.service.ExamService   : getStatsForChecklist invoked for exam 532
    23:43:01.473 | 362 ool-1-worker-126 | DEBUG | d.t.c.a.a.exam.service.ExamService   : StatsTimeLog: number of complaints open done in 358µs for exercise 624
    23:43:01.473 | 362 ool-1-worker-126 | DEBUG | d.t.c.a.a.exam.service.ExamService   : StatsTimeLog: number of complaints finished done in 789µs for exercise 624
    23:43:01.474 | 362 ool-1-worker-126 | DEBUG | d.t.c.a.a.exam.service.ExamService   : StatsTimeLog: number of assessments done in 1.51ms for exercise 624
    23:43:01.475 | 362 ool-1-worker-126 | DEBUG | d.t.c.a.a.exam.service.ExamService   : StatsTimeLog: number of generated participations in 2.24ms for exercise 624
    23:43:01.475 | 362 ool-1-worker-126 | DEBUG | d.t.c.a.a.exam.service.ExamService   : StatsTimeLog: number of complaints open done in 2.56ms for exercise 625
    23:43:01.476 | 362 ool-1-worker-126 | DEBUG | d.t.c.a.a.exam.service.ExamService   : StatsTimeLog: number of complaints finished done in 3.03ms for exercise 625
    23:43:01.476 | 362 ool-1-worker-126 | DEBUG | d.t.c.a.a.exam.service.ExamService   : StatsTimeLog: number of assessments done in 3.73ms for exercise 625
    23:43:01.477 | 362 ool-1-worker-126 | DEBUG | d.t.c.a.a.exam.service.ExamService   : StatsTimeLog: number of generated participations in 4.43ms for exercise 625
    23:43:01.477 | 362 ool-1-worker-126 | DEBUG | d.t.c.a.a.exam.service.ExamService   : StatsTimeLog: number of complaints open done in 4.74ms for exercise 626
    23:43:01.478 | 362 ool-1-worker-126 | DEBUG | d.t.c.a.a.exam.service.ExamService   : StatsTimeLog: number of complaints finished done in 5.19ms for exercise 626
    23:43:01.479 | 362 ool-1-worker-126 | DEBUG | d.t.c.a.a.exam.service.ExamService   : StatsTimeLog: number of assessments done in 5.88ms for exercise 626
    23:43:01.479 | 362 ool-1-worker-126 | DEBUG | d.t.c.a.a.exam.service.ExamService   : StatsTimeLog: number of generated participations in 6.58ms for exercise 626
    23:43:01.480 | 362 ool-1-worker-126 | DEBUG | d.t.c.a.a.exam.service.ExamService   : StatsTimeLog: number of complaints open done in 7.24ms for exercise 627
    23:43:01.480 | 362 ool-1-worker-126 | DEBUG | d.t.c.a.a.exam.service.ExamService   : StatsTimeLog: number of complaints finished done in 7.67ms for exercise 627
    23:43:01.481 | 362 ool-1-worker-126 | DEBUG | d.t.c.a.a.exam.service.ExamService   : StatsTimeLog: number of assessments done in 8.41ms for exercise 627
    23:43:01.482 | 362 ool-1-worker-126 | DEBUG | d.t.c.a.a.exam.service.ExamService   : StatsTimeLog: number of generated participations in 9.10ms for exercise 627
    23:43:01.482 | 362 ool-1-worker-126 | DEBUG | d.t.c.a.a.exam.service.ExamService   : StatsTimeLog: number of complaints open done in 9.73ms for exercise 628
    23:43:01.483 | 362 ool-1-worker-126 | DEBUG | d.t.c.a.a.exam.service.ExamService   : StatsTimeLog: number of complaints finished done in 10.18ms for exercise 628
    23:43:01.484 | 362 ool-1-worker-126 | DEBUG | d.t.c.a.a.exam.service.ExamService   : StatsTimeLog: number of assessments done in 10.94ms for exercise 628
    23:43:01.484 | 362 ool-1-worker-126 | DEBUG | d.t.c.a.a.exam.service.ExamService   : StatsTimeLog: number of generated participations in 11.63ms for exercise 628
    23:43:01.485 | 362 ool-1-worker-126 | DEBUG | d.t.c.a.a.exam.service.ExamService   : StatsTimeLog: number of complaints open done in 12.34ms for exercise 629
    23:43:01.485 | 362 ool-1-worker-126 | DEBUG | d.t.c.a.a.exam.service.ExamService   : StatsTimeLog: number of complaints finished done in 12.77ms for exercise 629
    23:43:01.486 | 362 ool-1-worker-126 | DEBUG | d.t.c.a.a.exam.service.ExamService   : StatsTimeLog: number of assessments done in 13.46ms for exercise 629
    23:43:01.487 | 362 ool-1-worker-126 | DEBUG | d.t.c.a.a.exam.service.ExamService   : StatsTimeLog: number of generated participations in 14.14ms for exercise 629
    23:43:01.487 | 362 ool-1-worker-126 | DEBUG | d.t.c.a.a.exam.service.ExamService   : StatsTimeLog: number of complaints open done in 14.77ms for exercise 630
    23:43:01.488 | 362 ool-1-worker-126 | DEBUG | d.t.c.a.a.exam.service.ExamService   : StatsTimeLog: number of complaints finished done in 15.23ms for exercise 630
    23:43:01.489 | 362 ool-1-worker-126 | DEBUG | d.t.c.a.a.exam.service.ExamService   : StatsTimeLog: number of assessments done in 15.94ms for exercise 630
    23:43:01.489 | 362 ool-1-worker-126 | DEBUG | d.t.c.a.a.exam.service.ExamService   : StatsTimeLog: number of generated participations in 16.61ms for exercise 630
    23:43:01.490 | 362 ool-1-worker-126 | DEBUG | d.t.c.a.a.exam.service.ExamService   : StatsTimeLog: number of complaints open done in 17.30ms for exercise 631
    23:43:01.490 | 362 ool-1-worker-126 | DEBUG | d.t.c.a.a.exam.service.ExamService   : StatsTimeLog: number of complaints finished done in 17.76ms for exercise 631
    23:43:01.491 | 362 ool-1-worker-126 | DEBUG | d.t.c.a.a.exam.service.ExamService   : StatsTimeLog: number of assessments done in 18.46ms for exercise 631
    23:43:01.492 | 362 ool-1-worker-126 | DEBUG | d.t.c.a.a.exam.service.ExamService   : StatsTimeLog: number of generated participations in 19.14ms for exercise 631
    23:43:01.493 | 362 ool-1-worker-126 | DEBUG | d.t.c.a.a.exam.service.ExamService   : StatsTimeLog: number of complaints open done in 19.82ms for exercise 632
    23:43:01.493 | 362 ool-1-worker-126 | DEBUG | d.t.c.a.a.exam.service.ExamService   : StatsTimeLog: number of complaints finished done in 20.32ms for exercise 632
    23:43:01.494 | 362 ool-1-worker-126 | DEBUG | d.t.c.a.a.exam.service.ExamService   : StatsTimeLog: number of assessments done in 21.06ms for exercise 632
    23:43:01.494 | 362 ool-1-worker-126 | DEBUG | d.t.c.a.a.exam.service.ExamService   : StatsTimeLog: number of generated participations in 21.75ms for exercise 632
    23:43:01.495 | 362 ool-1-worker-126 | DEBUG | d.t.c.a.a.exam.service.ExamService   : StatsTimeLog: number of complaints open done in 22.44ms for exercise 622
    23:43:01.496 | 362 ool-1-worker-126 | DEBUG | d.t.c.a.a.exam.service.ExamService   : StatsTimeLog: number of complaints finished done in 22.86ms for exercise 622
    23:43:01.496 | 362 ool-1-worker-126 | DEBUG | d.t.c.a.a.exam.service.ExamService   : StatsTimeLog: number of assessments done in 23.63ms for exercise 622
    23:43:01.497 | 362 ool-1-worker-126 | DEBUG | d.t.c.a.a.exam.service.ExamService   : StatsTimeLog: number of generated participations in 24.32ms for exercise 622
    23:43:01.498 | 362 ool-1-worker-126 | DEBUG | d.t.c.a.a.exam.service.ExamService   : StatsTimeLog: number of complaints open done in 24.97ms for exercise 623
    23:43:01.498 | 362 ool-1-worker-126 | DEBUG | d.t.c.a.a.exam.service.ExamService   : StatsTimeLog: number of complaints finished done in 25.42ms for exercise 623
    23:43:01.499 | 362 ool-1-worker-126 | DEBUG | d.t.c.a.a.exam.service.ExamService   : StatsTimeLog: number of assessments done in 26.17ms for exercise 623
    23:43:01.500 | 362 ool-1-worker-126 | DEBUG | d.t.c.a.a.exam.service.ExamService   : StatsTimeLog: number of generated participations in 26.87ms for exercise 623
    23:43:01.506 | 362 ool-1-worker-126 | DEBUG | .a.s.ParticipantScoreScheduleService : Scheduled task for exercise 634 and participant 652 at 2025-02-14T23:43:01.606889686Z[Etc/UTC].
    23:43:01.506 | 362 ool-1-worker-126 | DEBUG | .a.s.ParticipantScoreScheduleService : Scheduled task for exercise 636 and participant 4 at 2025-02-14T23:43:01.606950089Z[Etc/UTC].
    23:43:01.506 | 362 ool-1-worker-126 | DEBUG | .a.s.ParticipantScoreScheduleService : Scheduled task for exercise 636 and participant 4 at 2025-02-14T23:43:01.606990725Z[Etc/UTC].
    23:43:01.507 | 362 ool-1-worker-126 | DEBUG | .a.s.ParticipantScoreScheduleService : Scheduled task for exercise 634 and participant 653 at 2025-02-14T23:43:01.606997858Z[Etc/UTC].
    23:43:01.507 | 362 ool-1-worker-126 | DEBUG | .a.s.ParticipantScoreScheduleService : Scheduled task for exercise 634 and participant 654 at 2025-02-14T23:43:01.607004431Z[Etc/UTC].
    23:43:01.507 | 362 ool-1-worker-126 | DEBUG | .a.s.ParticipantScoreScheduleService : Scheduled task for exercise 636 and participant 5 at 2025-02-14T23:43:01.607009610Z[Etc/UTC].
    23:43:01.507 | 362 ool-1-worker-126 | DEBUG | .a.s.ParticipantScoreScheduleService : Scheduled task for exercise 168 and participant 203 at 2025-02-14T23:43:01.607393176Z[Etc/UTC].
    23:43:01.507 | 362 ool-1-worker-126 | DEBUG | .a.s.ParticipantScoreScheduleService : Scheduled task for exercise 170 and participant 203 at 2025-02-14T23:43:01.607408915Z[Etc/UTC].
    23:43:01.507 | 362 ool-1-worker-126 | DEBUG | .a.s.ParticipantScoreScheduleService : Scheduled task for exercise 180 and participant 1 at 2025-02-14T23:43:01.607416960Z[Etc/UTC].
    23:43:01.507 | 362 ool-1-worker-126 | DEBUG | .a.s.ParticipantScoreScheduleService : Scheduled task for exercise 186 and participant 203 at 2025-02-14T23:43:01.607422881Z[Etc/UTC].
    23:43:01.507 | 362 ool-1-worker-126 | DEBUG | .a.s.ParticipantScoreScheduleService : Processing of 6 results and 4 participant scores.
    23:43:01.606 | 326 taskScheduler-1  | DEBUG | .a.s.ParticipantScoreScheduleService : Processing exercise 634 and participant 652 to update participant scores.
    23:43:01.608 | 326 taskScheduler-1  | DEBUG | .a.s.ParticipantScoreScheduleService : Participant score 187 is already up-to-date, skipping.
    23:43:01.608 | 326 taskScheduler-1  | DEBUG | .a.s.ParticipantScoreScheduleService : Processing exercise 636 and participant 4 to update participant scores.
    23:43:01.610 | 327 taskScheduler-2  | DEBUG | .a.s.ParticipantScoreScheduleService : Processing exercise 634 and participant 653 to update participant scores.
    23:43:01.610 | 328 taskScheduler-3  | DEBUG | .a.s.ParticipantScoreScheduleService : Processing exercise 634 and participant 654 to update participant scores.
    23:43:01.611 | 329 taskScheduler-4  | DEBUG | .a.s.ParticipantScoreScheduleService : Processing exercise 636 and participant 5 to update participant scores.
    23:43:01.613 | 328 taskScheduler-3  | DEBUG | .a.s.ParticipantScoreScheduleService : Participant score 190 is already up-to-date, skipping.
    23:43:01.613 | 328 taskScheduler-3  | DEBUG | .a.s.ParticipantScoreScheduleService : Processing exercise 168 and participant 203 to update participant scores.
    23:43:01.614 | 327 taskScheduler-2  | DEBUG | .a.s.ParticipantScoreScheduleService : Participant score 189 is already up-to-date, skipping.
    23:43:01.614 | 327 taskScheduler-2  | DEBUG | .a.s.ParticipantScoreScheduleService : Processing exercise 170 and participant 203 to update participant scores.
    23:43:01.615 | 327 taskScheduler-2  | ERROR | .a.s.ParticipantScoreScheduleService : Exception while processing participant score for exercise 170 and participant 203 for participant scores:
org.springframework.dao.IncorrectResultSizeDataAccessException: Query did not return a unique result: 2 results were returned
	at org.springframework.orm.jpa.vendor.HibernateJpaDialect.convertHibernateAccessException(HibernateJpaDialect.java:301)
	at org.springframework.orm.jpa.vendor.HibernateJpaDialect.translateExceptionIfPossible(HibernateJpaDialect.java:244)
	at org.springframework.orm.jpa.AbstractEntityManagerFactoryBean.translateExceptionIfPossible(AbstractEntityManagerFactoryBean.java:560)
	at org.springframework.dao.support.ChainedPersistenceExceptionTranslator.translateExceptionIfPossible(ChainedPersistenceExceptionTranslator.java:61)
	at org.springframework.dao.support.DataAccessUtils.translateIfNecessary(DataAccessUtils.java:343)
	at org.springframework.dao.support.PersistenceExceptionTranslationInterceptor.invoke(PersistenceExceptionTranslationInterceptor.java:160)
	at org.springframework.aop.framework.ReflectiveMethodInvocation.proceed(ReflectiveMethodInvocation.java:184)
	at org.springframework.data.jpa.repository.support.CrudMethodMetadataPostProcessor$CrudMethodMetadataPopulatingMethodInterceptor.invoke(CrudMethodMetadataPostProcessor.java:136)
	at org.springframework.aop.framework.ReflectiveMethodInvocation.proceed(ReflectiveMethodInvocation.java:184)
	at org.springframework.aop.framework.JdkDynamicAopProxy.invoke(JdkDynamicAopProxy.java:223)
	at jdk.proxy3/jdk.proxy3.$Proxy366.findByExercise_IdAndUser_Id(Unknown Source)
	at de.tum.cit.aet.artemis.assessment.service.ParticipantScoreScheduleService.executeTask(ParticipantScoreScheduleService.java:286)
	at de.tum.cit.aet.artemis.assessment.service.ParticipantScoreScheduleService.lambda$scheduleTask$5(ParticipantScoreScheduleService.java:237)
	at org.springframework.scheduling.support.DelegatingErrorHandlingRunnable.run(DelegatingErrorHandlingRunnable.java:54)
	at java.base/java.util.concurrent.Executors$RunnableAdapter.call(Executors.java:572)
	at java.base/java.util.concurrent.FutureTask.run(FutureTask.java:317)
	at java.base/java.util.concurrent.ScheduledThreadPoolExecutor$ScheduledFutureTask.run(ScheduledThreadPoolExecutor.java:304)
	at java.base/java.util.concurrent.ThreadPoolExecutor.runWorker(ThreadPoolExecutor.java:1144)
	at java.base/java.util.concurrent.ThreadPoolExecutor$Worker.run(ThreadPoolExecutor.java:642)
	at java.base/java.lang.Thread.run(Thread.java:1583)
Caused by: org.hibernate.NonUniqueResultException: Query did not return a unique result: 2 results were returned
	at org.hibernate.query.spi.AbstractSelectionQuery.uniqueElement(AbstractSelectionQuery.java:586)
	at org.hibernate.query.spi.AbstractSelectionQuery.getSingleResult(AbstractSelectionQuery.java:570)
	at java.base/jdk.internal.reflect.DirectMethodHandleAccessor.invoke(DirectMethodHandleAccessor.java:103)
	at java.base/java.lang.reflect.Method.invoke(Method.java:580)
	at org.springframework.orm.jpa.SharedEntityManagerCreator$DeferredQueryInvocationHandler.invoke(SharedEntityManagerCreator.java:419)
	at jdk.proxy3/jdk.proxy3.$Proxy601.getSingleResult(Unknown Source)
	at org.springframework.data.jpa.repository.query.JpaQueryExecution$SingleEntityExecution.doExecute(JpaQueryExecution.java:224)
	at org.springframework.data.jpa.repository.query.JpaQueryExecution.execute(JpaQueryExecution.java:93)
	at org.springframework.data.jpa.repository.query.AbstractJpaQuery.doExecute(AbstractJpaQuery.java:152)
	at org.springframework.data.jpa.repository.query.AbstractJpaQuery.execute(AbstractJpaQuery.java:140)
	at org.springframework.data.repository.core.support.RepositoryMethodInvoker.doInvoke(RepositoryMethodInvoker.java:170)
	at org.springframework.data.repository.core.support.RepositoryMethodInvoker.invoke(RepositoryMethodInvoker.java:158)
	at org.springframework.data.repository.core.support.QueryExecutorMethodInterceptor.doInvoke(QueryExecutorMethodInterceptor.java:170)
	at org.springframework.data.repository.core.support.QueryExecutorMethodInterceptor.invoke(QueryExecutorMethodInterceptor.java:149)
	at org.springframework.aop.framework.ReflectiveMethodInvocation.proceed(ReflectiveMethodInvocation.java:184)
	at org.springframework.data.projection.DefaultMethodInvokingMethodInterceptor.invoke(DefaultMethodInvokingMethodInterceptor.java:69)
	at org.springframework.aop.framework.ReflectiveMethodInvocation.proceed(ReflectiveMethodInvocation.java:184)
	at org.springframework.transaction.interceptor.TransactionAspectSupport.invokeWithinTransaction(TransactionAspectSupport.java:380)
	at org.springframework.transaction.interceptor.TransactionInterceptor.invoke(TransactionInterceptor.java:119)
	at org.springframework.aop.framework.ReflectiveMethodInvocation.proceed(ReflectiveMethodInvocation.java:184)
	at org.springframework.dao.support.PersistenceExceptionTranslationInterceptor.invoke(PersistenceExceptionTranslationInterceptor.java:138)
	... 14 common frames omitted
    23:43:01.616 | 327 taskScheduler-2  | DEBUG | .a.s.ParticipantScoreScheduleService : Updating the participant score for exercise 170 and participant 203 took 2 ms.
    23:43:01.616 | 327 taskScheduler-2  | DEBUG | .a.s.ParticipantScoreScheduleService : Processing exercise 180 and participant 1 to update participant scores.
    23:43:01.617 | 326 taskScheduler-1  | DEBUG | .a.s.ParticipantScoreScheduleService : Participant score 188 is already up-to-date, skipping.
    23:43:01.617 | 326 taskScheduler-1  | DEBUG | .a.s.ParticipantScoreScheduleService : Processing exercise 186 and participant 203 to update participant scores.
    23:43:01.617 | 329 taskScheduler-4  | DEBUG | .a.s.ParticipantScoreScheduleService : Participant score 191 is already up-to-date, skipping.
    23:43:01.617 | 328 taskScheduler-3  | ERROR | .a.s.ParticipantScoreScheduleService : Exception while processing participant score for exercise 168 and participant 203 for participant scores:
org.springframework.dao.IncorrectResultSizeDataAccessException: Query did not return a unique result: 2 results were returned
	at org.springframework.orm.jpa.vendor.HibernateJpaDialect.convertHibernateAccessException(HibernateJpaDialect.java:301)
	at org.springframework.orm.jpa.vendor.HibernateJpaDialect.translateExceptionIfPossible(HibernateJpaDialect.java:244)
	at org.springframework.orm.jpa.AbstractEntityManagerFactoryBean.translateExceptionIfPossible(AbstractEntityManagerFactoryBean.java:560)
	at org.springframework.dao.support.ChainedPersistenceExceptionTranslator.translateExceptionIfPossible(ChainedPersistenceExceptionTranslator.java:61)
	at org.springframework.dao.support.DataAccessUtils.translateIfNecessary(DataAccessUtils.java:343)
	at org.springframework.dao.support.PersistenceExceptionTranslationInterceptor.invoke(PersistenceExceptionTranslationInterceptor.java:160)
	at org.springframework.aop.framework.ReflectiveMethodInvocation.proceed(ReflectiveMethodInvocation.java:184)
	at org.springframework.data.jpa.repository.support.CrudMethodMetadataPostProcessor$CrudMethodMetadataPopulatingMethodInterceptor.invoke(CrudMethodMetadataPostProcessor.java:136)
	at org.springframework.aop.framework.ReflectiveMethodInvocation.proceed(ReflectiveMethodInvocation.java:184)
	at org.springframework.aop.framework.JdkDynamicAopProxy.invoke(JdkDynamicAopProxy.java:223)
	at jdk.proxy3/jdk.proxy3.$Proxy366.findByExercise_IdAndUser_Id(Unknown Source)
	at de.tum.cit.aet.artemis.assessment.service.ParticipantScoreScheduleService.executeTask(ParticipantScoreScheduleService.java:286)
	at de.tum.cit.aet.artemis.assessment.service.ParticipantScoreScheduleService.lambda$scheduleTask$5(ParticipantScoreScheduleService.java:237)
	at org.springframework.scheduling.support.DelegatingErrorHandlingRunnable.run(DelegatingErrorHandlingRunnable.java:54)
	at java.base/java.util.concurrent.Executors$RunnableAdapter.call(Executors.java:572)
	at java.base/java.util.concurrent.FutureTask.run(FutureTask.java:317)
	at java.base/java.util.concurrent.ScheduledThreadPoolExecutor$ScheduledFutureTask.run(ScheduledThreadPoolExecutor.java:304)
	at java.base/java.util.concurrent.ThreadPoolExecutor.runWorker(ThreadPoolExecutor.java:1144)
	at java.base/java.util.concurrent.ThreadPoolExecutor$Worker.run(ThreadPoolExecutor.java:642)
	at java.base/java.lang.Thread.run(Thread.java:1583)
Caused by: org.hibernate.NonUniqueResultException: Query did not return a unique result: 2 results were returned
	at org.hibernate.query.spi.AbstractSelectionQuery.uniqueElement(AbstractSelectionQuery.java:586)
	at org.hibernate.query.spi.AbstractSelectionQuery.getSingleResult(AbstractSelectionQuery.java:570)
	at java.base/jdk.internal.reflect.DirectMethodHandleAccessor.invoke(DirectMethodHandleAccessor.java:103)
	at java.base/java.lang.reflect.Method.invoke(Method.java:580)
	at org.springframework.orm.jpa.SharedEntityManagerCreator$DeferredQueryInvocationHandler.invoke(SharedEntityManagerCreator.java:419)
	at jdk.proxy3/jdk.proxy3.$Proxy601.getSingleResult(Unknown Source)
	at org.springframework.data.jpa.repository.query.JpaQueryExecution$SingleEntityExecution.doExecute(JpaQueryExecution.java:224)
	at org.springframework.data.jpa.repository.query.JpaQueryExecution.execute(JpaQueryExecution.java:93)
	at org.springframework.data.jpa.repository.query.AbstractJpaQuery.doExecute(AbstractJpaQuery.java:152)
	at org.springframework.data.jpa.repository.query.AbstractJpaQuery.execute(AbstractJpaQuery.java:140)
	at org.springframework.data.repository.core.support.RepositoryMethodInvoker.doInvoke(RepositoryMethodInvoker.java:170)
	at org.springframework.data.repository.core.support.RepositoryMethodInvoker.invoke(RepositoryMethodInvoker.java:158)
	at org.springframework.data.repository.core.support.QueryExecutorMethodInterceptor.doInvoke(QueryExecutorMethodInterceptor.java:170)
	at org.springframework.data.repository.core.support.QueryExecutorMethodInterceptor.invoke(QueryExecutorMethodInterceptor.java:149)
	at org.springframework.aop.framework.ReflectiveMethodInvocation.proceed(ReflectiveMethodInvocation.java:184)
	at org.springframework.data.projection.DefaultMethodInvokingMethodInterceptor.invoke(DefaultMethodInvokingMethodInterceptor.java:69)
	at org.springframework.aop.framework.ReflectiveMethodInvocation.proceed(ReflectiveMethodInvocation.java:184)
	at org.springframework.transaction.interceptor.TransactionAspectSupport.invokeWithinTransaction(TransactionAspectSupport.java:380)
	at org.springframework.transaction.interceptor.TransactionInterceptor.invoke(TransactionInterceptor.java:119)
	at org.springframework.aop.framework.ReflectiveMethodInvocation.proceed(ReflectiveMethodInvocation.java:184)
	at org.springframework.dao.support.PersistenceExceptionTranslationInterceptor.invoke(PersistenceExceptionTranslationInterceptor.java:138)
	... 14 common frames omitted
    23:43:01.617 | 328 taskScheduler-3  | DEBUG | .a.s.ParticipantScoreScheduleService : Updating the participant score for exercise 168 and participant 203 took 4 ms.
    23:43:01.618 | 326 taskScheduler-1  | ERROR | .a.s.ParticipantScoreScheduleService : Exception while processing participant score for exercise 186 and participant 203 for participant scores:
org.springframework.dao.IncorrectResultSizeDataAccessException: Query did not return a unique result: 2 results were returned
	at org.springframework.orm.jpa.vendor.HibernateJpaDialect.convertHibernateAccessException(HibernateJpaDialect.java:301)
	at org.springframework.orm.jpa.vendor.HibernateJpaDialect.translateExceptionIfPossible(HibernateJpaDialect.java:244)
	at org.springframework.orm.jpa.AbstractEntityManagerFactoryBean.translateExceptionIfPossible(AbstractEntityManagerFactoryBean.java:560)
	at org.springframework.dao.support.ChainedPersistenceExceptionTranslator.translateExceptionIfPossible(ChainedPersistenceExceptionTranslator.java:61)
	at org.springframework.dao.support.DataAccessUtils.translateIfNecessary(DataAccessUtils.java:343)
	at org.springframework.dao.support.PersistenceExceptionTranslationInterceptor.invoke(PersistenceExceptionTranslationInterceptor.java:160)
	at org.springframework.aop.framework.ReflectiveMethodInvocation.proceed(ReflectiveMethodInvocation.java:184)
	at org.springframework.data.jpa.repository.support.CrudMethodMetadataPostProcessor$CrudMethodMetadataPopulatingMethodInterceptor.invoke(CrudMethodMetadataPostProcessor.java:136)
	at org.springframework.aop.framework.ReflectiveMethodInvocation.proceed(ReflectiveMethodInvocation.java:184)
	at org.springframework.aop.framework.JdkDynamicAopProxy.invoke(JdkDynamicAopProxy.java:223)
	at jdk.proxy3/jdk.proxy3.$Proxy366.findByExercise_IdAndUser_Id(Unknown Source)
	at de.tum.cit.aet.artemis.assessment.service.ParticipantScoreScheduleService.executeTask(ParticipantScoreScheduleService.java:286)
	at de.tum.cit.aet.artemis.assessment.service.ParticipantScoreScheduleService.lambda$scheduleTask$5(ParticipantScoreScheduleService.java:237)
	at org.springframework.scheduling.support.DelegatingErrorHandlingRunnable.run(DelegatingErrorHandlingRunnable.java:54)
	at java.base/java.util.concurrent.Executors$RunnableAdapter.call(Executors.java:572)
	at java.base/java.util.concurrent.FutureTask.run(FutureTask.java:317)
	at java.base/java.util.concurrent.ScheduledThreadPoolExecutor$ScheduledFutureTask.run(ScheduledThreadPoolExecutor.java:304)
	at java.base/java.util.concurrent.ThreadPoolExecutor.runWorker(ThreadPoolExecutor.java:1144)
	at java.base/java.util.concurrent.ThreadPoolExecutor$Worker.run(ThreadPoolExecutor.java:642)
	at java.base/java.lang.Thread.run(Thread.java:1583)
Caused by: org.hibernate.NonUniqueResultException: Query did not return a unique result: 2 results were returned
	at org.hibernate.query.spi.AbstractSelectionQuery.uniqueElement(AbstractSelectionQuery.java:586)
	at org.hibernate.query.spi.AbstractSelectionQuery.getSingleResult(AbstractSelectionQuery.java:570)
	at java.base/jdk.internal.reflect.DirectMethodHandleAccessor.invoke(DirectMethodHandleAccessor.java:103)
	at java.base/java.lang.reflect.Method.invoke(Method.java:580)
	at org.springframework.orm.jpa.SharedEntityManagerCreator$DeferredQueryInvocationHandler.invoke(SharedEntityManagerCreator.java:419)
	at jdk.proxy3/jdk.proxy3.$Proxy601.getSingleResult(Unknown Source)
	at org.springframework.data.jpa.repository.query.JpaQueryExecution$SingleEntityExecution.doExecute(JpaQueryExecution.java:224)
	at org.springframework.data.jpa.repository.query.JpaQueryExecution.execute(JpaQueryExecution.java:93)
	at org.springframework.data.jpa.repository.query.AbstractJpaQuery.doExecute(AbstractJpaQuery.java:152)
	at org.springframework.data.jpa.repository.query.AbstractJpaQuery.execute(AbstractJpaQuery.java:140)
	at org.springframework.data.repository.core.support.RepositoryMethodInvoker.doInvoke(RepositoryMethodInvoker.java:170)
	at org.springframework.data.repository.core.support.RepositoryMethodInvoker.invoke(RepositoryMethodInvoker.java:158)
	at org.springframework.data.repository.core.support.QueryExecutorMethodInterceptor.doInvoke(QueryExecutorMethodInterceptor.java:170)
	at org.springframework.data.repository.core.support.QueryExecutorMethodInterceptor.invoke(QueryExecutorMethodInterceptor.java:149)
	at org.springframework.aop.framework.ReflectiveMethodInvocation.proceed(ReflectiveMethodInvocation.java:184)
	at org.springframework.data.projection.DefaultMethodInvokingMethodInterceptor.invoke(DefaultMethodInvokingMethodInterceptor.java:69)
	at org.springframework.aop.framework.ReflectiveMethodInvocation.proceed(ReflectiveMethodInvocation.java:184)
	at org.springframework.transaction.interceptor.TransactionAspectSupport.invokeWithinTransaction(TransactionAspectSupport.java:380)
	at org.springframework.transaction.interceptor.TransactionInterceptor.invoke(TransactionInterceptor.java:119)
	at org.springframework.aop.framework.ReflectiveMethodInvocation.proceed(ReflectiveMethodInvocation.java:184)
	at org.springframework.dao.support.PersistenceExceptionTranslationInterceptor.invoke(PersistenceExceptionTranslationInterceptor.java:138)
	... 14 common frames omitted
    23:43:01.618 | 326 taskScheduler-1  | DEBUG | .a.s.ParticipantScoreScheduleService : Updating the participant score for exercise 186 and participant 203 took 1 ms.
    23:43:01.623 | 327 taskScheduler-2  | DEBUG | .a.s.ParticipantScoreScheduleService : Updating the participant score for exercise 180 and participant 1 took 7 ms.
    23:43:01.810 | 362 ool-1-worker-126 | DEBUG | d.t.c.a.a.c.s.f.ApiVersionFilter     : Adding Version to Request DELETE /api/courses/227/exams/532
    23:43:01.811 | 362 ool-1-worker-126 | INFO  | d.t.c.a.a.exam.web.ExamResource      : REST request to delete exam : 532
    23:43:01.830 | 362 ool-1-worker-126 | INFO  | d.t.c.a.a.e.s.ExamDeletionService    : User examparticipationtestinstructor1 has requested to delete the exam Real exam 1
    23:43:01.842 | 362 ool-1-worker-126 | INFO  | .t.c.a.a.e.s.ExerciseDeletionService : Request to delete TextExercise with id 622
    23:43:01.842 | 362 ool-1-worker-126 | INFO  | .t.c.a.a.e.s.ExerciseDeletionService : Deleting the channel took 380µs
    23:43:01.842 | 362 ool-1-worker-126 | INFO  | .t.c.a.a.e.s.ExerciseDeletionService : Cancel scheduled operations of exercise 622
    23:43:01.842 | 362 ool-1-worker-126 | INFO  | .c.s.m.InstanceMessageReceiveService : Received schedule cancel for potential Athena exercise 622
    23:43:01.844 | 362 ool-1-worker-126 | INFO  | d.t.c.a.a.e.s.ParticipationService   : Request to delete all 1 participations of exercise with id : 622
    23:43:01.848 | 362 ool-1-worker-126 | INFO  | d.t.c.a.a.e.s.ParticipationService   : Request to delete Participation : StudentParticipation{id=715, presentationScore=null, student=User{login='examparticipationteststudent1', firstName='examparticipationteststudent1First', lastName='examparticipationteststudent1Last', email='examparticipationteststudent1@test.de', imageUrl='null', activated='true', langKey='en', activationKey='null'}}
    23:43:01.848 | 362 ool-1-worker-126 | DEBUG | d.t.c.a.a.e.s.ParticipationService   : Request to delete all results and submissions of participation with id : 715
    23:43:01.849 | 362 ool-1-worker-126 | DEBUG | d.t.c.a.a.a.service.ResultService    : Delete result 201
    23:43:01.849 | 362 ool-1-worker-126 | DEBUG | d.t.c.a.a.a.service.ResultService    : Delete result references 201
    23:43:01.853 | 061 pool-4-thread-4  | INFO  | d.t.c.a.a.p.s.gitlab.GitLabService   : Unprotecting branch main for Gitlab repository SHORT9B45A2200A3DF048B50A4870A5250DDDB6DCT72B/short9b45a2200a3df048b50a4870a5250dddb6dct72b-examparticipationtesttutor1
    23:43:01.855 | 362 ool-1-worker-126 | DEBUG | d.t.c.a.a.a.service.ResultService    : Delete result 202
    23:43:01.855 | 362 ool-1-worker-126 | DEBUG | d.t.c.a.a.a.service.ResultService    : Delete result references 202
    23:43:01.859 | 060 pool-4-thread-3  | INFO  | d.t.c.a.a.p.s.gitlab.GitLabService   : Unprotecting branch main for Gitlab repository SHORT9B45A2200A3DF048B50A4870A5250DDDB6DCT72B/short9b45a2200a3df048b50a4870a5250dddb6dct72b-examparticipationteststudent3
    23:43:01.865 | 060 pool-4-thread-3  | INFO  | d.t.c.a.a.p.s.gitlab.GitLabService   : Unprotecting branch main for Gitlab repository SHORT9B45A2200A3DF048B50A4870A5250DDDB6DCT72B/short9b45a2200a3df048b50a4870a5250dddb6dct72b-examparticipationtesttutor2
    23:43:01.874 | 060 pool-4-thread-3  | INFO  | d.t.c.a.a.p.s.gitlab.GitLabService   : Unprotecting branch main for Gitlab repository SHORT9B45A2200A3DF048B50A4870A5250DDDB6DCT72B/short9b45a2200a3df048b50a4870a5250dddb6dct72b-examparticipationteststudent1
    23:43:01.878 | 061 pool-4-thread-4  | INFO  | d.t.c.a.a.p.s.gitlab.GitLabService   : Unprotecting branch main for Gitlab repository SHORT9B45A2200A3DF048B50A4870A5250DDDB6DCT72B/short9b45a2200a3df048b50a4870a5250dddb6dct72b-examparticipationteststudent2
    23:43:01.890 | 362 ool-1-worker-126 | INFO  | .c.a.a.c.s.TitleCacheEvictionService : Evicted entry '622' from title cache 'exerciseTitle'
    23:43:01.894 | 362 ool-1-worker-126 | INFO  | .t.c.a.a.e.s.ExerciseDeletionService : Request to delete TextExercise with id 623
    23:43:01.894 | 362 ool-1-worker-126 | INFO  | .t.c.a.a.e.s.ExerciseDeletionService : Deleting the channel took 360µs
    23:43:01.894 | 362 ool-1-worker-126 | INFO  | .t.c.a.a.e.s.ExerciseDeletionService : Cancel scheduled operations of exercise 623
    23:43:01.895 | 362 ool-1-worker-126 | INFO  | .c.s.m.InstanceMessageReceiveService : Received schedule cancel for potential Athena exercise 623
    23:43:01.896 | 362 ool-1-worker-126 | INFO  | d.t.c.a.a.e.s.ParticipationService   : Request to delete all 4 participations of exercise with id : 623
    23:43:01.897 | 362 ool-1-worker-126 | INFO  | d.t.c.a.a.e.s.ParticipationService   : Request to delete Participation : StudentParticipation{id=714, presentationScore=null, student=User{login='examparticipationtesttutor2', firstName='examparticipationtesttutor2First', lastName='examparticipationtesttutor2Last', email='examparticipationtesttutor2@test.de', imageUrl='null', activated='true', langKey='en', activationKey='null'}}
    23:43:01.897 | 362 ool-1-worker-126 | DEBUG | d.t.c.a.a.e.s.ParticipationService   : Request to delete all results and submissions of participation with id : 714
    23:43:01.902 | 362 ool-1-worker-126 | DEBUG | d.t.c.a.a.a.service.ResultService    : Delete result 203
    23:43:01.902 | 362 ool-1-worker-126 | DEBUG | d.t.c.a.a.a.service.ResultService    : Delete result references 203
    23:43:01.907 | 362 ool-1-worker-126 | DEBUG | d.t.c.a.a.a.service.ResultService    : Delete result 204
    23:43:01.907 | 362 ool-1-worker-126 | DEBUG | d.t.c.a.a.a.service.ResultService    : Delete result references 204
    23:43:01.915 | 362 ool-1-worker-126 | INFO  | d.t.c.a.a.e.s.ParticipationService   : Request to delete Participation : StudentParticipation{id=716, presentationScore=null, student=User{login='examparticipationteststudent2', firstName='examparticipationteststudent2First', lastName='examparticipationteststudent2Last', email='examparticipationteststudent2@test.de', imageUrl='null', activated='true', langKey='en', activationKey='null'}}
    23:43:01.915 | 362 ool-1-worker-126 | DEBUG | d.t.c.a.a.e.s.ParticipationService   : Request to delete all results and submissions of participation with id : 716
    23:43:01.916 | 362 ool-1-worker-126 | DEBUG | d.t.c.a.a.a.service.ResultService    : Delete result 205
    23:43:01.916 | 362 ool-1-worker-126 | DEBUG | d.t.c.a.a.a.service.ResultService    : Delete result references 205
    23:43:01.921 | 362 ool-1-worker-126 | DEBUG | d.t.c.a.a.a.service.ResultService    : Delete result 206
    23:43:01.921 | 362 ool-1-worker-126 | DEBUG | d.t.c.a.a.a.service.ResultService    : Delete result references 206
    23:43:01.928 | 362 ool-1-worker-126 | INFO  | d.t.c.a.a.e.s.ParticipationService   : Request to delete Participation : StudentParticipation{id=717, presentationScore=null, student=User{login='examparticipationteststudent3', firstName='examparticipationteststudent3First', lastName='examparticipationteststudent3Last', email='examparticipationteststudent3@test.de', imageUrl='null', activated='true', langKey='en', activationKey='null'}}
    23:43:01.928 | 362 ool-1-worker-126 | DEBUG | d.t.c.a.a.e.s.ParticipationService   : Request to delete all results and submissions of participation with id : 717
    23:43:01.929 | 362 ool-1-worker-126 | DEBUG | d.t.c.a.a.a.service.ResultService    : Delete result 208
    23:43:01.929 | 362 ool-1-worker-126 | DEBUG | d.t.c.a.a.a.service.ResultService    : Delete result references 208
    23:43:01.931 | 362 ool-1-worker-126 | DEBUG | d.t.c.a.a.a.service.ResultService    : Delete result 207
    23:43:01.931 | 362 ool-1-worker-126 | DEBUG | d.t.c.a.a.a.service.ResultService    : Delete result references 207
    23:43:01.935 | 362 ool-1-worker-126 | INFO  | d.t.c.a.a.e.s.ParticipationService   : Request to delete Participation : StudentParticipation{id=718, presentationScore=null, student=User{login='examparticipationtesttutor1', firstName='examparticipationtesttutor1First', lastName='examparticipationtesttutor1Last', email='examparticipationtesttutor1@test.de', imageUrl='null', activated='true', langKey='en', activationKey='null'}}
    23:43:01.935 | 362 ool-1-worker-126 | DEBUG | d.t.c.a.a.e.s.ParticipationService   : Request to delete all results and submissions of participation with id : 718
    23:43:01.936 | 362 ool-1-worker-126 | DEBUG | d.t.c.a.a.a.service.ResultService    : Delete result 209
    23:43:01.936 | 362 ool-1-worker-126 | DEBUG | d.t.c.a.a.a.service.ResultService    : Delete result references 209
    23:43:01.938 | 362 ool-1-worker-126 | DEBUG | d.t.c.a.a.a.service.ResultService    : Delete result 210
    23:43:01.938 | 362 ool-1-worker-126 | DEBUG | d.t.c.a.a.a.service.ResultService    : Delete result references 210
    23:43:01.971 | 362 ool-1-worker-126 | INFO  | .c.a.a.c.s.TitleCacheEvictionService : Evicted entry '623' from title cache 'exerciseTitle'
    23:43:01.972 | 362 ool-1-worker-126 | INFO  | .t.c.a.a.e.s.ExerciseDeletionService : Request to delete TextExercise with id 633
    23:43:01.973 | 362 ool-1-worker-126 | INFO  | .t.c.a.a.e.s.ExerciseDeletionService : Deleting the channel took 354µs
    23:43:01.973 | 362 ool-1-worker-126 | INFO  | .t.c.a.a.e.s.ExerciseDeletionService : Cancel scheduled operations of exercise 633
    23:43:01.973 | 362 ool-1-worker-126 | INFO  | .c.s.m.InstanceMessageReceiveService : Received schedule cancel for potential Athena exercise 633
    23:43:01.974 | 362 ool-1-worker-126 | INFO  | d.t.c.a.a.e.s.ParticipationService   : Request to delete all 0 participations of exercise with id : 633
    23:43:01.985 | 362 ool-1-worker-126 | INFO  | .c.a.a.c.s.TitleCacheEvictionService : Evicted entry '633' from title cache 'exerciseTitle'
    23:43:01.986 | 362 ool-1-worker-126 | INFO  | .t.c.a.a.e.s.ExerciseDeletionService : Request to delete QuizExercise with id 624
    23:43:01.987 | 362 ool-1-worker-126 | INFO  | .t.c.a.a.e.s.ExerciseDeletionService : Deleting the channel took 319µs
    23:43:01.988 | 362 ool-1-worker-126 | INFO  | d.t.c.a.a.e.s.ParticipationService   : Request to delete all 1 participations of exercise with id : 624
]]></system-out>
  <system-err><![CDATA[]]></system-err>
</testsuite>
