<?xml version="1.0" encoding="UTF-8"?>
<testsuite name="de.tum.cit.aet.artemis.core.user.UserRepositoryTest" tests="6" skipped="0" failures="0" errors="0" timestamp="2025-02-14T23:45:42" hostname="fv-az1721-502" time="0.366">
  <properties/>
  <testcase name="testFindAllNotEnrolledUsers()" classname="de.tum.cit.aet.artemis.core.user.UserRepositoryTest" time="0.042"/>
  <testcase name="testFindWithExpiredTokensIgnoreUsersWithoutTokens()" classname="de.tum.cit.aet.artemis.core.user.UserRepositoryTest" time="0.068"/>
  <testcase name="testFindWithExpiredTokens()" classname="de.tum.cit.aet.artemis.core.user.UserRepositoryTest" time="0.072"/>
  <testcase name="testFindWithTokensExpiredBefore()" classname="de.tum.cit.aet.artemis.core.user.UserRepositoryTest" time="0.068"/>
  <testcase name="testFindWithNotYetExpiredTokensIgnored()" classname="de.tum.cit.aet.artemis.core.user.UserRepositoryTest" time="0.04"/>
  <testcase name="testFindWithMissingAccessToken()" classname="de.tum.cit.aet.artemis.core.user.UserRepositoryTest" time="0.063"/>
  <system-out><![CDATA[
Starting logs for UserRepositoryTest

  Starting logs for UserRepositoryTest > testFindAllNotEnrolledUsers()
    23:45:42.127 | 359 ool-1-worker-123 | DEBUG | d.t.c.a.a.c.u.util.UserUtilService   : Generate 3 students...
    23:45:42.130 | 359 ool-1-worker-123 | DEBUG | d.t.c.a.a.c.u.util.UserUtilService   : 3 students generated. Generate 1 tutors...
    23:45:42.132 | 359 ool-1-worker-123 | DEBUG | d.t.c.a.a.c.u.util.UserUtilService   : 1 tutors generated. Generate 1 editors...
    23:45:42.134 | 359 ool-1-worker-123 | DEBUG | d.t.c.a.a.c.u.util.UserUtilService   : 1 editors generated. Generate 1 instructors...
    23:45:42.136 | 359 ool-1-worker-123 | DEBUG | d.t.c.a.a.c.u.util.UserUtilService   : 1 instructors generated
    23:45:42.137 | 359 ool-1-worker-123 | DEBUG | d.t.c.a.a.c.u.util.UserUtilService   : Removing 1 users from all courses...
    23:45:42.138 | 359 ool-1-worker-123 | DEBUG | d.t.c.a.a.c.u.util.UserUtilService   : Removing 1 users from all courses. Done
    23:45:42.138 | 359 ool-1-worker-123 | DEBUG | d.t.c.a.a.c.u.util.UserUtilService   : Save 6 users to database...
    23:45:42.140 | 359 ool-1-worker-123 | DEBUG | d.t.c.a.a.c.u.util.UserUtilService   : Save 6 users to database. Done
    23:45:42.140 | 359 ool-1-worker-123 | INFO  | i.z.t.d.l.EmbeddedDatabaseReporter   : JDBC URL to connect to 'dataSource': url='jdbc:h2:tcp://localhost:41063/mem:df70fc46-7e57-4cb5-9cd0-c1d90c14afa7;USER=sa', scope='UserRepositoryTest#testFindAllNotEnrolledUsers'

  Starting logs for UserRepositoryTest > testFindWithExpiredTokensIgnoreUsersWithoutTokens()
    23:45:42.170 | 359 ool-1-worker-123 | DEBUG | d.t.c.a.a.c.u.util.UserUtilService   : Generate 3 students...
    23:45:42.180 | 359 ool-1-worker-123 | DEBUG | d.t.c.a.a.c.u.util.UserUtilService   : 3 students generated. Generate 1 tutors...
    23:45:42.183 | 359 ool-1-worker-123 | DEBUG | d.t.c.a.a.c.u.util.UserUtilService   : 1 tutors generated. Generate 1 editors...
    23:45:42.185 | 359 ool-1-worker-123 | DEBUG | d.t.c.a.a.c.u.util.UserUtilService   : 1 editors generated. Generate 1 instructors...
    23:45:42.188 | 359 ool-1-worker-123 | DEBUG | d.t.c.a.a.c.u.util.UserUtilService   : 1 instructors generated
    23:45:42.190 | 359 ool-1-worker-123 | DEBUG | d.t.c.a.a.c.u.util.UserUtilService   : Removing 6 users from all courses...
    23:45:42.191 | 359 ool-1-worker-123 | DEBUG | d.t.c.a.a.c.u.util.UserUtilService   : Removing 6 users from all courses. Done
    23:45:42.191 | 359 ool-1-worker-123 | DEBUG | d.t.c.a.a.c.u.util.UserUtilService   : Save 6 users to database...
    23:45:42.202 | 359 ool-1-worker-123 | DEBUG | d.t.c.a.a.c.u.util.UserUtilService   : Save 6 users to database. Done
    23:45:42.202 | 359 ool-1-worker-123 | INFO  | i.z.t.d.l.EmbeddedDatabaseReporter   : JDBC URL to connect to 'dataSource': url='jdbc:h2:tcp://localhost:41063/mem:df70fc46-7e57-4cb5-9cd0-c1d90c14afa7;USER=sa', scope='UserRepositoryTest#testFindWithExpiredTokensIgnoreUsersWithoutTokens'

  Starting logs for UserRepositoryTest > testFindWithExpiredTokens()
    23:45:42.249 | 359 ool-1-worker-123 | DEBUG | d.t.c.a.a.c.u.util.UserUtilService   : Generate 3 students...
    23:45:42.259 | 359 ool-1-worker-123 | DEBUG | d.t.c.a.a.c.u.util.UserUtilService   : 3 students generated. Generate 1 tutors...
    23:45:42.264 | 359 ool-1-worker-123 | DEBUG | d.t.c.a.a.c.u.util.UserUtilService   : 1 tutors generated. Generate 1 editors...
    23:45:42.270 | 359 ool-1-worker-123 | DEBUG | d.t.c.a.a.c.u.util.UserUtilService   : 1 editors generated. Generate 1 instructors...
    23:45:42.272 | 359 ool-1-worker-123 | DEBUG | d.t.c.a.a.c.u.util.UserUtilService   : 1 instructors generated
    23:45:42.277 | 359 ool-1-worker-123 | DEBUG | d.t.c.a.a.c.u.util.UserUtilService   : Removing 6 users from all courses...
    23:45:42.278 | 359 ool-1-worker-123 | DEBUG | d.t.c.a.a.c.u.util.UserUtilService   : Removing 6 users from all courses. Done
    23:45:42.278 | 359 ool-1-worker-123 | DEBUG | d.t.c.a.a.c.u.util.UserUtilService   : Save 6 users to database...
    23:45:42.287 | 359 ool-1-worker-123 | DEBUG | d.t.c.a.a.c.u.util.UserUtilService   : Save 6 users to database. Done
    23:45:42.287 | 359 ool-1-worker-123 | INFO  | i.z.t.d.l.EmbeddedDatabaseReporter   : JDBC URL to connect to 'dataSource': url='jdbc:h2:tcp://localhost:41063/mem:df70fc46-7e57-4cb5-9cd0-c1d90c14afa7;USER=sa', scope='UserRepositoryTest#testFindWithExpiredTokens'

  Starting logs for UserRepositoryTest > testFindWithTokensExpiredBefore()
    23:45:42.321 | 359 ool-1-worker-123 | DEBUG | d.t.c.a.a.c.u.util.UserUtilService   : Generate 3 students...
    23:45:42.331 | 359 ool-1-worker-123 | DEBUG | d.t.c.a.a.c.u.util.UserUtilService   : 3 students generated. Generate 1 tutors...
    23:45:42.337 | 359 ool-1-worker-123 | DEBUG | d.t.c.a.a.c.u.util.UserUtilService   : 1 tutors generated. Generate 1 editors...
    23:45:42.342 | 359 ool-1-worker-123 | DEBUG | d.t.c.a.a.c.u.util.UserUtilService   : 1 editors generated. Generate 1 instructors...
    23:45:42.345 | 359 ool-1-worker-123 | DEBUG | d.t.c.a.a.c.u.util.UserUtilService   : 1 instructors generated
    23:45:42.349 | 359 ool-1-worker-123 | DEBUG | d.t.c.a.a.c.u.util.UserUtilService   : Removing 6 users from all courses...
    23:45:42.350 | 359 ool-1-worker-123 | DEBUG | d.t.c.a.a.c.u.util.UserUtilService   : Removing 6 users from all courses. Done
    23:45:42.350 | 359 ool-1-worker-123 | DEBUG | d.t.c.a.a.c.u.util.UserUtilService   : Save 6 users to database...
    23:45:42.361 | 359 ool-1-worker-123 | DEBUG | d.t.c.a.a.c.u.util.UserUtilService   : Save 6 users to database. Done
    23:45:42.361 | 359 ool-1-worker-123 | INFO  | i.z.t.d.l.EmbeddedDatabaseReporter   : JDBC URL to connect to 'dataSource': url='jdbc:h2:tcp://localhost:41063/mem:df70fc46-7e57-4cb5-9cd0-c1d90c14afa7;USER=sa', scope='UserRepositoryTest#testFindWithTokensExpiredBefore'

  Starting logs for UserRepositoryTest > testFindWithNotYetExpiredTokensIgnored()
    23:45:42.387 | 359 ool-1-worker-123 | DEBUG | d.t.c.a.a.c.u.util.UserUtilService   : Generate 3 students...
    23:45:42.392 | 359 ool-1-worker-123 | DEBUG | d.t.c.a.a.c.u.util.UserUtilService   : 3 students generated. Generate 1 tutors...
    23:45:42.394 | 359 ool-1-worker-123 | DEBUG | d.t.c.a.a.c.u.util.UserUtilService   : 1 tutors generated. Generate 1 editors...
    23:45:42.397 | 359 ool-1-worker-123 | DEBUG | d.t.c.a.a.c.u.util.UserUtilService   : 1 editors generated. Generate 1 instructors...
    23:45:42.400 | 359 ool-1-worker-123 | DEBUG | d.t.c.a.a.c.u.util.UserUtilService   : 1 instructors generated
    23:45:42.402 | 359 ool-1-worker-123 | DEBUG | d.t.c.a.a.c.u.util.UserUtilService   : Removing 6 users from all courses...
    23:45:42.403 | 359 ool-1-worker-123 | DEBUG | d.t.c.a.a.c.u.util.UserUtilService   : Removing 6 users from all courses. Done
    23:45:42.403 | 359 ool-1-worker-123 | DEBUG | d.t.c.a.a.c.u.util.UserUtilService   : Save 6 users to database...
    23:45:42.408 | 359 ool-1-worker-123 | DEBUG | d.t.c.a.a.c.u.util.UserUtilService   : Save 6 users to database. Done
    23:45:42.408 | 359 ool-1-worker-123 | INFO  | i.z.t.d.l.EmbeddedDatabaseReporter   : JDBC URL to connect to 'dataSource': url='jdbc:h2:tcp://localhost:41063/mem:df70fc46-7e57-4cb5-9cd0-c1d90c14afa7;USER=sa', scope='UserRepositoryTest#testFindWithNotYetExpiredTokensIgnored'

  Starting logs for UserRepositoryTest > testFindWithMissingAccessToken()
    23:45:42.428 | 359 ool-1-worker-123 | DEBUG | d.t.c.a.a.c.u.util.UserUtilService   : Generate 3 students...
    23:45:42.436 | 359 ool-1-worker-123 | DEBUG | d.t.c.a.a.c.u.util.UserUtilService   : 3 students generated. Generate 1 tutors...
    23:45:42.438 | 359 ool-1-worker-123 | DEBUG | d.t.c.a.a.c.u.util.UserUtilService   : 1 tutors generated. Generate 1 editors...
    23:45:42.441 | 359 ool-1-worker-123 | DEBUG | d.t.c.a.a.c.u.util.UserUtilService   : 1 editors generated. Generate 1 instructors...
    23:45:42.444 | 359 ool-1-worker-123 | DEBUG | d.t.c.a.a.c.u.util.UserUtilService   : 1 instructors generated
    23:45:42.445 | 359 ool-1-worker-123 | DEBUG | d.t.c.a.a.c.u.util.UserUtilService   : Removing 6 users from all courses...
    23:45:42.446 | 359 ool-1-worker-123 | DEBUG | d.t.c.a.a.c.u.util.UserUtilService   : Removing 6 users from all courses. Done
    23:45:42.446 | 359 ool-1-worker-123 | DEBUG | d.t.c.a.a.c.u.util.UserUtilService   : Save 6 users to database...
    23:45:42.452 | 359 ool-1-worker-123 | DEBUG | d.t.c.a.a.c.u.util.UserUtilService   : Save 6 users to database. Done
    23:45:42.452 | 359 ool-1-worker-123 | INFO  | i.z.t.d.l.EmbeddedDatabaseReporter   : JDBC URL to connect to 'dataSource': url='jdbc:h2:tcp://localhost:41063/mem:df70fc46-7e57-4cb5-9cd0-c1d90c14afa7;USER=sa', scope='UserRepositoryTest#testFindWithMissingAccessToken'

Finished logs for UserRepositoryTest
]]></system-out>
  <system-err><![CDATA[]]></system-err>
</testsuite>
