<?xml version="1.0" encoding="UTF-8"?>
<testsuite name="de.tum.cit.aet.artemis.atlas.architecture.AtlasResourceArchitectureTest" tests="7" skipped="0" failures="0" errors="0" timestamp="2025-02-14T23:39:17" hostname="fv-az1721-502" time="0.164">
  <properties/>
  <testcase name="testNoOverrideOfEnforceAdmin()" classname="de.tum.cit.aet.artemis.atlas.architecture.AtlasResourceArchitectureTest" time="0.022"/>
  <testcase name="testUseKebabCaseForRestEndpoints()" classname="de.tum.cit.aet.artemis.atlas.architecture.AtlasResourceArchitectureTest" time="0.05"/>
  <testcase name="allPublicMethodsShouldReturnResponseEntity()" classname="de.tum.cit.aet.artemis.atlas.architecture.AtlasResourceArchitectureTest" time="0.024"/>
  <testcase name="testClassWithEnforceAdminInCorrectlyNamed()" classname="de.tum.cit.aet.artemis.atlas.architecture.AtlasResourceArchitectureTest" time="0.004"/>
  <testcase name="shouldBeNamedResource()" classname="de.tum.cit.aet.artemis.atlas.architecture.AtlasResourceArchitectureTest" time="0.003"/>
  <testcase name="shouldBeInResourcePackage()" classname="de.tum.cit.aet.artemis.atlas.architecture.AtlasResourceArchitectureTest" time="0.004"/>
  <testcase name="shouldCorrectlyUseRequestMappingAnnotations()" classname="de.tum.cit.aet.artemis.atlas.architecture.AtlasResourceArchitectureTest" time="0.049"/>
  <system-out><![CDATA[
Starting logs for AtlasResourceArchitectureTest

  Starting logs for AtlasResourceArchitectureTest > testNoOverrideOfEnforceAdmin()

  Starting logs for AtlasResourceArchitectureTest > testUseKebabCaseForRestEndpoints()

  Starting logs for AtlasResourceArchitectureTest > allPublicMethodsShouldReturnResponseEntity()

  Starting logs for AtlasResourceArchitectureTest > testClassWithEnforceAdminInCorrectlyNamed()

  Starting logs for AtlasResourceArchitectureTest > shouldBeNamedResource()

  Starting logs for AtlasResourceArchitectureTest > shouldBeInResourcePackage()

  Starting logs for AtlasResourceArchitectureTest > shouldCorrectlyUseRequestMappingAnnotations()

Finished logs for AtlasResourceArchitectureTest
]]></system-out>
  <system-err><![CDATA[]]></system-err>
</testsuite>
