<?xml version="1.0" encoding="UTF-8"?>
<testsuite name="de.tum.cit.aet.artemis.core.FileIntegrationTest" tests="15" skipped="0" failures="0" errors="0" timestamp="2025-02-14T23:44:18" hostname="fv-az1721-502" time="1.469">
  <properties/>
  <testcase name="testGetAttachmentFileAsEditor()" classname="de.tum.cit.aet.artemis.core.FileIntegrationTest" time="0.045"/>
  <testcase name="uploadImageMarkdownAsStudent_forbidden()" classname="de.tum.cit.aet.artemis.core.FileIntegrationTest" time="0.035"/>
  <testcase name="testGetLecturePdfAttachmentsMerged_InvalidLectureId()" classname="de.tum.cit.aet.artemis.core.FileIntegrationTest" time="0.036"/>
  <testcase name="testGetLecturePdfAttachmentsMerged()" classname="de.tum.cit.aet.artemis.core.FileIntegrationTest" time="0.136"/>
  <testcase name="testGetAttachmentUnitAttachmentFilenameSanitization()" classname="de.tum.cit.aet.artemis.core.FileIntegrationTest" time="0.285"/>
  <testcase name="testGetLecturePdfAttachmentsMerged_TutorAccessToUnreleasedUnits()" classname="de.tum.cit.aet.artemis.core.FileIntegrationTest" time="0.159"/>
  <testcase name="uploadFileMarkdownUnsupportedFileExtensionAsTutor()" classname="de.tum.cit.aet.artemis.core.FileIntegrationTest" time="0.066"/>
  <testcase name="testUploadExamUserSignature()" classname="de.tum.cit.aet.artemis.core.FileIntegrationTest" time="0.097"/>
  <testcase name="testGetAttachmentUnitFileAsEditor()" classname="de.tum.cit.aet.artemis.core.FileIntegrationTest" time="0.048"/>
  <testcase name="testGetTemplateFile()" classname="de.tum.cit.aet.artemis.core.FileIntegrationTest" time="0.051"/>
  <testcase name="testGetLecturePdfAttachmentsMerged_correctOrder()" classname="de.tum.cit.aet.artemis.core.FileIntegrationTest" time="0.234"/>
  <testcase name="testGetUnreleasedAttachmentUnitAsTutor()" classname="de.tum.cit.aet.artemis.core.FileIntegrationTest" time="0.058"/>
  <testcase name="testGetCodeOfConductTemplate()" classname="de.tum.cit.aet.artemis.core.FileIntegrationTest" time="0.043"/>
  <testcase name="testGetLecturePdfAttachmentsMerged_NoAccessToUnreleasedUnits()" classname="de.tum.cit.aet.artemis.core.FileIntegrationTest" time="0.115"/>
  <testcase name="uploadImageMarkdownAsTutor()" classname="de.tum.cit.aet.artemis.core.FileIntegrationTest" time="0.036"/>
  <system-out><![CDATA[
Starting logs for FileIntegrationTest

  Starting logs for FileIntegrationTest > testGetAttachmentFileAsEditor()
    23:44:18.349 | 183 Pool-1-worker-76 | DEBUG | d.t.c.a.a.c.u.util.UserUtilService   : Generate 1 students...
    23:44:18.351 | 183 Pool-1-worker-76 | DEBUG | d.t.c.a.a.c.u.util.UserUtilService   : 1 students generated. Generate 1 tutors...
    23:44:18.353 | 183 Pool-1-worker-76 | DEBUG | d.t.c.a.a.c.u.util.UserUtilService   : 1 tutors generated. Generate 1 editors...
    23:44:18.354 | 183 Pool-1-worker-76 | DEBUG | d.t.c.a.a.c.u.util.UserUtilService   : 1 editors generated. Generate 1 instructors...
    23:44:18.356 | 183 Pool-1-worker-76 | DEBUG | d.t.c.a.a.c.u.util.UserUtilService   : 1 instructors generated
    23:44:18.358 | 183 Pool-1-worker-76 | DEBUG | d.t.c.a.a.c.u.util.UserUtilService   : Removing 2 users from all courses...
    23:44:18.358 | 183 Pool-1-worker-76 | DEBUG | d.t.c.a.a.c.u.util.UserUtilService   : Removing 2 users from all courses. Done
    23:44:18.358 | 183 Pool-1-worker-76 | DEBUG | d.t.c.a.a.c.u.util.UserUtilService   : Save 4 users to database...
    23:44:18.360 | 183 Pool-1-worker-76 | DEBUG | d.t.c.a.a.c.u.util.UserUtilService   : Save 4 users to database. Done
    23:44:18.360 | 183 Pool-1-worker-76 | INFO  | i.z.t.d.l.EmbeddedDatabaseReporter   : JDBC URL to connect to 'dataSource': url='jdbc:h2:tcp://localhost:41063/mem:df70fc46-7e57-4cb5-9cd0-c1d90c14afa7;USER=sa', scope='FileIntegrationTest#testGetAttachmentFileAsEditor'
    23:44:18.370 | 183 Pool-1-worker-76 | DEBUG | d.t.c.a.a.c.s.f.ApiVersionFilter     : Adding Version to Request GET /api/files/courses/1230/attachments/1
    23:44:18.373 | 183 Pool-1-worker-76 | DEBUG | d.t.c.a.a.core.web.FileResource      : REST request to get attachment file : 1

  Starting logs for FileIntegrationTest > uploadImageMarkdownAsStudent_forbidden()
    23:44:18.389 | 183 Pool-1-worker-76 | DEBUG | d.t.c.a.a.c.u.util.UserUtilService   : Generate 1 students...
    23:44:18.392 | 183 Pool-1-worker-76 | DEBUG | d.t.c.a.a.c.u.util.UserUtilService   : 1 students generated. Generate 1 tutors...
    23:44:18.394 | 183 Pool-1-worker-76 | DEBUG | d.t.c.a.a.c.u.util.UserUtilService   : 1 tutors generated. Generate 1 editors...
    23:44:18.396 | 183 Pool-1-worker-76 | DEBUG | d.t.c.a.a.c.u.util.UserUtilService   : 1 editors generated. Generate 1 instructors...
    23:44:18.398 | 183 Pool-1-worker-76 | DEBUG | d.t.c.a.a.c.u.util.UserUtilService   : 1 instructors generated
    23:44:18.400 | 183 Pool-1-worker-76 | DEBUG | d.t.c.a.a.c.u.util.UserUtilService   : Removing 4 users from all courses...
    23:44:18.401 | 183 Pool-1-worker-76 | DEBUG | d.t.c.a.a.c.u.util.UserUtilService   : Removing 4 users from all courses. Done
    23:44:18.401 | 183 Pool-1-worker-76 | DEBUG | d.t.c.a.a.c.u.util.UserUtilService   : Save 4 users to database...
    23:44:18.409 | 183 Pool-1-worker-76 | DEBUG | d.t.c.a.a.c.u.util.UserUtilService   : Save 4 users to database. Done
    23:44:18.409 | 183 Pool-1-worker-76 | INFO  | i.z.t.d.l.EmbeddedDatabaseReporter   : JDBC URL to connect to 'dataSource': url='jdbc:h2:tcp://localhost:41063/mem:df70fc46-7e57-4cb5-9cd0-c1d90c14afa7;USER=sa', scope='FileIntegrationTest#uploadImageMarkdownAsStudent_forbidden'
    23:44:18.410 | 183 Pool-1-worker-76 | DEBUG | d.t.c.a.a.c.s.f.ApiVersionFilter     : Adding Version to Request POST /api/markdown-file-upload
    23:44:18.413 | 183 Pool-1-worker-76 | WARN  | o.z.p.spring.common.AdviceTraits     : Forbidden: Access Denied

  Starting logs for FileIntegrationTest > testGetLecturePdfAttachmentsMerged_InvalidLectureId()
    23:44:18.426 | 183 Pool-1-worker-76 | DEBUG | d.t.c.a.a.c.u.util.UserUtilService   : Generate 1 students...
    23:44:18.429 | 183 Pool-1-worker-76 | DEBUG | d.t.c.a.a.c.u.util.UserUtilService   : 1 students generated. Generate 1 tutors...
    23:44:18.431 | 183 Pool-1-worker-76 | DEBUG | d.t.c.a.a.c.u.util.UserUtilService   : 1 tutors generated. Generate 1 editors...
    23:44:18.434 | 183 Pool-1-worker-76 | DEBUG | d.t.c.a.a.c.u.util.UserUtilService   : 1 editors generated. Generate 1 instructors...
    23:44:18.436 | 183 Pool-1-worker-76 | DEBUG | d.t.c.a.a.c.u.util.UserUtilService   : 1 instructors generated
    23:44:18.438 | 183 Pool-1-worker-76 | DEBUG | d.t.c.a.a.c.u.util.UserUtilService   : Removing 4 users from all courses...
    23:44:18.439 | 183 Pool-1-worker-76 | DEBUG | d.t.c.a.a.c.u.util.UserUtilService   : Removing 4 users from all courses. Done
    23:44:18.439 | 183 Pool-1-worker-76 | DEBUG | d.t.c.a.a.c.u.util.UserUtilService   : Save 4 users to database...
    23:44:18.442 | 183 Pool-1-worker-76 | DEBUG | d.t.c.a.a.c.u.util.UserUtilService   : Save 4 users to database. Done
    23:44:18.442 | 183 Pool-1-worker-76 | INFO  | i.z.t.d.l.EmbeddedDatabaseReporter   : JDBC URL to connect to 'dataSource': url='jdbc:h2:tcp://localhost:41063/mem:df70fc46-7e57-4cb5-9cd0-c1d90c14afa7;USER=sa', scope='FileIntegrationTest#testGetLecturePdfAttachmentsMerged_InvalidLectureId'
    23:44:18.444 | 183 Pool-1-worker-76 | DEBUG | d.t.c.a.a.c.s.f.ApiVersionFilter     : Adding Version to Request GET /api/files/attachments/lecture/999999999/merge-pdf
    23:44:18.445 | 183 Pool-1-worker-76 | DEBUG | d.t.c.a.a.core.web.FileResource      : REST request to get merged pdf files for a lecture with id : 999999999
    23:44:18.449 | 183 Pool-1-worker-76 | WARN  | o.z.p.spring.common.AdviceTraits     : Not Found: Lecture with identifier: "999999999" does not exist

  Starting logs for FileIntegrationTest > testGetLecturePdfAttachmentsMerged()
    23:44:18.461 | 183 Pool-1-worker-76 | DEBUG | d.t.c.a.a.c.u.util.UserUtilService   : Generate 1 students...
    23:44:18.464 | 183 Pool-1-worker-76 | DEBUG | d.t.c.a.a.c.u.util.UserUtilService   : 1 students generated. Generate 1 tutors...
    23:44:18.466 | 183 Pool-1-worker-76 | DEBUG | d.t.c.a.a.c.u.util.UserUtilService   : 1 tutors generated. Generate 1 editors...
    23:44:18.469 | 183 Pool-1-worker-76 | DEBUG | d.t.c.a.a.c.u.util.UserUtilService   : 1 editors generated. Generate 1 instructors...
    23:44:18.471 | 183 Pool-1-worker-76 | DEBUG | d.t.c.a.a.c.u.util.UserUtilService   : 1 instructors generated
    23:44:18.472 | 183 Pool-1-worker-76 | DEBUG | d.t.c.a.a.c.u.util.UserUtilService   : Removing 4 users from all courses...
    23:44:18.472 | 183 Pool-1-worker-76 | DEBUG | d.t.c.a.a.c.u.util.UserUtilService   : Removing 4 users from all courses. Done
    23:44:18.472 | 183 Pool-1-worker-76 | DEBUG | d.t.c.a.a.c.u.util.UserUtilService   : Save 4 users to database...
    23:44:18.475 | 183 Pool-1-worker-76 | DEBUG | d.t.c.a.a.c.u.util.UserUtilService   : Save 4 users to database. Done
    23:44:18.475 | 183 Pool-1-worker-76 | INFO  | i.z.t.d.l.EmbeddedDatabaseReporter   : JDBC URL to connect to 'dataSource': url='jdbc:h2:tcp://localhost:41063/mem:df70fc46-7e57-4cb5-9cd0-c1d90c14afa7;USER=sa', scope='FileIntegrationTest#testGetLecturePdfAttachmentsMerged'
    23:44:18.481 | 183 Pool-1-worker-76 | INFO  | .c.a.a.c.s.TitleCacheEvictionService : Evicted entry '571' from title cache 'lectureTitle'
    23:44:18.486 | 183 Pool-1-worker-76 | DEBUG | d.t.c.a.a.c.s.f.ApiVersionFilter     : Adding Version to Request POST /api/lectures/571/attachment-units
    23:44:18.488 | 183 Pool-1-worker-76 | DEBUG | d.t.c.a.a.l.w.AttachmentUnitResource : REST request to create AttachmentUnit de.tum.cit.aet.artemis.lecture.domain.AttachmentUnit@0 with Attachment Attachment{id=null, name='TestAttachment', link='null', version='1', uploadDate='2025-02-09T23:44:18.483811983Z', releaseDate='2025-02-09T23:44:18.483811983Z', attachmentType='FILE'}
    23:44:18.492 | 183 Pool-1-worker-76 | INFO  | d.t.c.a.a.core.service.FileService   : Invalidate files cache for uploads/attachments/attachment-unit/580/AttachmentUnit_2025-02-14T23-44-18-491_5ec3ea80.pdf
    23:44:18.500 | 183 Pool-1-worker-76 | DEBUG | d.t.c.a.a.c.s.f.ApiVersionFilter     : Adding Version to Request POST /api/lectures/571/attachment-units
    23:44:18.500 | 183 Pool-1-worker-76 | DEBUG | d.t.c.a.a.l.w.AttachmentUnitResource : REST request to create AttachmentUnit de.tum.cit.aet.artemis.lecture.domain.AttachmentUnit@0 with Attachment Attachment{id=null, name='TestAttachment', link='null', version='1', uploadDate='2025-02-09T23:44:18.498785546Z', releaseDate='2025-02-09T23:44:18.498785546Z', attachmentType='FILE'}
    23:44:18.505 | 183 Pool-1-worker-76 | INFO  | d.t.c.a.a.core.service.FileService   : Invalidate files cache for uploads/attachments/attachment-unit/581/AttachmentUnit_2025-02-14T23-44-18-504_c8d36e7f.png
    23:44:18.513 | 621 artemis-task-1   | DEBUG | d.t.c.a.a.l.s.SlideSplitterService   : Splitting Attachment Unit file TestAttachment into single slides
    23:44:18.516 | 183 Pool-1-worker-76 | DEBUG | d.t.c.a.a.c.s.f.ApiVersionFilter     : Adding Version to Request POST /api/lectures/571/attachment-units
    23:44:18.518 | 183 Pool-1-worker-76 | DEBUG | d.t.c.a.a.l.w.AttachmentUnitResource : REST request to create AttachmentUnit de.tum.cit.aet.artemis.lecture.domain.AttachmentUnit@0 with Attachment Attachment{id=null, name='TestAttachment', link='null', version='1', uploadDate='2025-02-09T23:44:18.515181321Z', releaseDate='2025-02-09T23:44:18.515181321Z', attachmentType='FILE'}
    23:44:18.525 | 183 Pool-1-worker-76 | INFO  | d.t.c.a.a.core.service.FileService   : Invalidate files cache for uploads/attachments/attachment-unit/582/AttachmentUnit_2025-02-14T23-44-18-524_e43cfd0a.pdf
    23:44:18.542 | 183 Pool-1-worker-76 | DEBUG | d.t.c.a.a.c.s.f.ApiVersionFilter     : Adding Version to Request GET /api/files/attachments/lecture/571/merge-pdf
    23:44:18.542 | 183 Pool-1-worker-76 | DEBUG | d.t.c.a.a.core.web.FileResource      : REST request to get merged pdf files for a lecture with id : 571

  Starting logs for FileIntegrationTest > testGetAttachmentUnitAttachmentFilenameSanitization()
    23:44:18.602 | 183 Pool-1-worker-76 | DEBUG | d.t.c.a.a.c.u.util.UserUtilService   : Generate 1 students...
    23:44:18.605 | 183 Pool-1-worker-76 | DEBUG | d.t.c.a.a.c.u.util.UserUtilService   : 1 students generated. Generate 1 tutors...
    23:44:18.607 | 183 Pool-1-worker-76 | DEBUG | d.t.c.a.a.c.u.util.UserUtilService   : 1 tutors generated. Generate 1 editors...
    23:44:18.610 | 183 Pool-1-worker-76 | DEBUG | d.t.c.a.a.c.u.util.UserUtilService   : 1 editors generated. Generate 1 instructors...
    23:44:18.613 | 183 Pool-1-worker-76 | DEBUG | d.t.c.a.a.c.u.util.UserUtilService   : 1 instructors generated
    23:44:18.614 | 183 Pool-1-worker-76 | DEBUG | d.t.c.a.a.c.u.util.UserUtilService   : Removing 4 users from all courses...
    23:44:18.615 | 183 Pool-1-worker-76 | DEBUG | d.t.c.a.a.c.u.util.UserUtilService   : Removing 4 users from all courses. Done
    23:44:18.615 | 183 Pool-1-worker-76 | DEBUG | d.t.c.a.a.c.u.util.UserUtilService   : Save 4 users to database...
    23:44:18.619 | 183 Pool-1-worker-76 | DEBUG | d.t.c.a.a.c.u.util.UserUtilService   : Save 4 users to database. Done
    23:44:18.619 | 183 Pool-1-worker-76 | INFO  | i.z.t.d.l.EmbeddedDatabaseReporter   : JDBC URL to connect to 'dataSource': url='jdbc:h2:tcp://localhost:41063/mem:df70fc46-7e57-4cb5-9cd0-c1d90c14afa7;USER=sa', scope='FileIntegrationTest#testGetAttachmentUnitAttachmentFilenameSanitization'
    23:44:18.841 | 183 Pool-1-worker-76 | DEBUG | d.t.c.a.a.c.s.f.ApiVersionFilter     : Adding Version to Request GET /api/files/attachments/attachment-unit/583/test%E2%80%93file.pdf
    23:44:18.849 | 183 Pool-1-worker-76 | DEBUG | d.t.c.a.a.core.web.FileResource      : REST request to get the file for attachment unit 583 for students
    23:44:18.878 | 621 artemis-task-1   | DEBUG | d.t.c.a.a.l.s.SlideSplitterService   : Splitting Attachment Unit file TestAttachment into single slides

  Starting logs for FileIntegrationTest > testGetLecturePdfAttachmentsMerged_TutorAccessToUnreleasedUnits()
    23:44:18.892 | 183 Pool-1-worker-76 | DEBUG | d.t.c.a.a.c.u.util.UserUtilService   : Generate 1 students...
    23:44:18.896 | 183 Pool-1-worker-76 | DEBUG | d.t.c.a.a.c.u.util.UserUtilService   : 1 students generated. Generate 1 tutors...
    23:44:18.902 | 183 Pool-1-worker-76 | DEBUG | d.t.c.a.a.c.u.util.UserUtilService   : 1 tutors generated. Generate 1 editors...
    23:44:18.904 | 183 Pool-1-worker-76 | DEBUG | d.t.c.a.a.c.u.util.UserUtilService   : 1 editors generated. Generate 1 instructors...
    23:44:18.908 | 183 Pool-1-worker-76 | DEBUG | d.t.c.a.a.c.u.util.UserUtilService   : 1 instructors generated
    23:44:18.910 | 183 Pool-1-worker-76 | DEBUG | d.t.c.a.a.c.u.util.UserUtilService   : Removing 4 users from all courses...
    23:44:18.911 | 183 Pool-1-worker-76 | DEBUG | d.t.c.a.a.c.u.util.UserUtilService   : Removing 4 users from all courses. Done
    23:44:18.911 | 183 Pool-1-worker-76 | DEBUG | d.t.c.a.a.c.u.util.UserUtilService   : Save 4 users to database...
    23:44:18.916 | 183 Pool-1-worker-76 | DEBUG | d.t.c.a.a.c.u.util.UserUtilService   : Save 4 users to database. Done
    23:44:18.916 | 183 Pool-1-worker-76 | INFO  | i.z.t.d.l.EmbeddedDatabaseReporter   : JDBC URL to connect to 'dataSource': url='jdbc:h2:tcp://localhost:41063/mem:df70fc46-7e57-4cb5-9cd0-c1d90c14afa7;USER=sa', scope='FileIntegrationTest#testGetLecturePdfAttachmentsMerged_TutorAccessToUnreleasedUnits'
    23:44:18.921 | 183 Pool-1-worker-76 | INFO  | .c.a.a.c.s.TitleCacheEvictionService : Evicted entry '573' from title cache 'lectureTitle'
    23:44:18.924 | 183 Pool-1-worker-76 | DEBUG | d.t.c.a.a.c.s.f.ApiVersionFilter     : Adding Version to Request POST /api/lectures/573/attachment-units
    23:44:18.924 | 183 Pool-1-worker-76 | DEBUG | d.t.c.a.a.l.w.AttachmentUnitResource : REST request to create AttachmentUnit de.tum.cit.aet.artemis.lecture.domain.AttachmentUnit@0 with Attachment Attachment{id=null, name='TestAttachment', link='null', version='1', uploadDate='2025-02-09T23:44:18.922915486Z', releaseDate='2025-02-09T23:44:18.922915486Z', attachmentType='FILE'}
    23:44:18.927 | 183 Pool-1-worker-76 | INFO  | d.t.c.a.a.core.service.FileService   : Invalidate files cache for uploads/attachments/attachment-unit/584/AttachmentUnit_2025-02-14T23-44-18-927_258bc884.pdf
    23:44:18.932 | 621 artemis-task-1   | DEBUG | d.t.c.a.a.l.s.SlideSplitterService   : Splitting Attachment Unit file TestAttachment into single slides
    23:44:18.937 | 183 Pool-1-worker-76 | DEBUG | d.t.c.a.a.c.s.f.ApiVersionFilter     : Adding Version to Request POST /api/lectures/573/attachment-units
    23:44:18.937 | 183 Pool-1-worker-76 | DEBUG | d.t.c.a.a.l.w.AttachmentUnitResource : REST request to create AttachmentUnit de.tum.cit.aet.artemis.lecture.domain.AttachmentUnit@0 with Attachment Attachment{id=null, name='TestAttachment', link='null', version='1', uploadDate='2025-02-09T23:44:18.934202562Z', releaseDate='2025-02-09T23:44:18.934202562Z', attachmentType='FILE'}
    23:44:18.948 | 183 Pool-1-worker-76 | INFO  | d.t.c.a.a.core.service.FileService   : Invalidate files cache for uploads/attachments/attachment-unit/585/AttachmentUnit_2025-02-14T23-44-18-947_fbaaa742.png
    23:44:18.965 | 183 Pool-1-worker-76 | DEBUG | d.t.c.a.a.c.s.f.ApiVersionFilter     : Adding Version to Request POST /api/lectures/573/attachment-units
    23:44:18.966 | 183 Pool-1-worker-76 | DEBUG | d.t.c.a.a.l.w.AttachmentUnitResource : REST request to create AttachmentUnit de.tum.cit.aet.artemis.lecture.domain.AttachmentUnit@0 with Attachment Attachment{id=null, name='TestAttachment', link='null', version='1', uploadDate='2025-02-09T23:44:18.964337077Z', releaseDate='2025-02-09T23:44:18.964337077Z', attachmentType='FILE'}
    23:44:18.977 | 183 Pool-1-worker-76 | INFO  | d.t.c.a.a.core.service.FileService   : Invalidate files cache for uploads/attachments/attachment-unit/586/AttachmentUnit_2025-02-14T23-44-18-976_801b1d39.pdf
    23:44:19.002 | 183 Pool-1-worker-76 | DEBUG | d.t.c.a.a.c.s.f.ApiVersionFilter     : Adding Version to Request GET /api/files/attachments/lecture/573/merge-pdf
    23:44:19.002 | 183 Pool-1-worker-76 | DEBUG | d.t.c.a.a.core.web.FileResource      : REST request to get merged pdf files for a lecture with id : 573

  Starting logs for FileIntegrationTest > uploadFileMarkdownUnsupportedFileExtensionAsTutor()
    23:44:19.057 | 183 Pool-1-worker-76 | DEBUG | d.t.c.a.a.c.u.util.UserUtilService   : Generate 1 students...
    23:44:19.064 | 183 Pool-1-worker-76 | DEBUG | d.t.c.a.a.c.u.util.UserUtilService   : 1 students generated. Generate 1 tutors...
    23:44:19.069 | 183 Pool-1-worker-76 | DEBUG | d.t.c.a.a.c.u.util.UserUtilService   : 1 tutors generated. Generate 1 editors...
    23:44:19.075 | 183 Pool-1-worker-76 | DEBUG | d.t.c.a.a.c.u.util.UserUtilService   : 1 editors generated. Generate 1 instructors...
    23:44:19.080 | 183 Pool-1-worker-76 | DEBUG | d.t.c.a.a.c.u.util.UserUtilService   : 1 instructors generated
    23:44:19.085 | 183 Pool-1-worker-76 | DEBUG | d.t.c.a.a.c.u.util.UserUtilService   : Removing 4 users from all courses...
    23:44:19.086 | 183 Pool-1-worker-76 | DEBUG | d.t.c.a.a.c.u.util.UserUtilService   : Removing 4 users from all courses. Done
    23:44:19.086 | 183 Pool-1-worker-76 | DEBUG | d.t.c.a.a.c.u.util.UserUtilService   : Save 4 users to database...
    23:44:19.087 | 621 artemis-task-1   | DEBUG | d.t.c.a.a.l.s.SlideSplitterService   : Splitting Attachment Unit file TestAttachment into single slides
    23:44:19.097 | 183 Pool-1-worker-76 | DEBUG | d.t.c.a.a.c.u.util.UserUtilService   : Save 4 users to database. Done
    23:44:19.097 | 183 Pool-1-worker-76 | INFO  | i.z.t.d.l.EmbeddedDatabaseReporter   : JDBC URL to connect to 'dataSource': url='jdbc:h2:tcp://localhost:41063/mem:df70fc46-7e57-4cb5-9cd0-c1d90c14afa7;USER=sa', scope='FileIntegrationTest#uploadFileMarkdownUnsupportedFileExtensionAsTutor'
    23:44:19.098 | 183 Pool-1-worker-76 | DEBUG | d.t.c.a.a.c.s.f.ApiVersionFilter     : Adding Version to Request POST /api/markdown-file-upload
    23:44:19.099 | 183 Pool-1-worker-76 | DEBUG | d.t.c.a.a.core.web.FileResource      : REST request to upload file for markdown: image.txt
    23:44:19.104 | 183 Pool-1-worker-76 | ERROR | tech.jhipster.web.util.HeaderUtil    : Entity processing failed, Unsupported file type! Allowed file types: gif, pdf, png, svg, jpg, jpeg
    23:44:19.104 | 183 Pool-1-worker-76 | WARN  | o.z.p.spring.common.AdviceTraits     : Bad Request: Unsupported file type! Allowed file types: gif, pdf, png, svg, jpg, jpeg

  Starting logs for FileIntegrationTest > testUploadExamUserSignature()
    23:44:19.118 | 183 Pool-1-worker-76 | DEBUG | d.t.c.a.a.c.u.util.UserUtilService   : Generate 1 students...
    23:44:19.120 | 183 Pool-1-worker-76 | DEBUG | d.t.c.a.a.c.u.util.UserUtilService   : 1 students generated. Generate 1 tutors...
    23:44:19.123 | 183 Pool-1-worker-76 | DEBUG | d.t.c.a.a.c.u.util.UserUtilService   : 1 tutors generated. Generate 1 editors...
    23:44:19.126 | 183 Pool-1-worker-76 | DEBUG | d.t.c.a.a.c.u.util.UserUtilService   : 1 editors generated. Generate 1 instructors...
    23:44:19.128 | 183 Pool-1-worker-76 | DEBUG | d.t.c.a.a.c.u.util.UserUtilService   : 1 instructors generated
    23:44:19.129 | 183 Pool-1-worker-76 | DEBUG | d.t.c.a.a.c.u.util.UserUtilService   : Removing 4 users from all courses...
    23:44:19.130 | 183 Pool-1-worker-76 | DEBUG | d.t.c.a.a.c.u.util.UserUtilService   : Removing 4 users from all courses. Done
    23:44:19.130 | 183 Pool-1-worker-76 | DEBUG | d.t.c.a.a.c.u.util.UserUtilService   : Save 4 users to database...
    23:44:19.133 | 183 Pool-1-worker-76 | DEBUG | d.t.c.a.a.c.u.util.UserUtilService   : Save 4 users to database. Done
    23:44:19.133 | 183 Pool-1-worker-76 | INFO  | i.z.t.d.l.EmbeddedDatabaseReporter   : JDBC URL to connect to 'dataSource': url='jdbc:h2:tcp://localhost:41063/mem:df70fc46-7e57-4cb5-9cd0-c1d90c14afa7;USER=sa', scope='FileIntegrationTest#testUploadExamUserSignature'
    23:44:19.159 | 183 Pool-1-worker-76 | DEBUG | d.t.c.a.a.c.s.f.ApiVersionFilter     : Adding Version to Request POST /api/courses/1234/exams/168/exam-users
    23:44:19.161 | 183 Pool-1-worker-76 | DEBUG | d.t.c.a.a.exam.web.ExamUserResource  : REST request to update fileintegrationstudent1 as exam user to exam : 168
    23:44:19.179 | 183 Pool-1-worker-76 | DEBUG | d.t.c.a.a.c.s.f.ApiVersionFilter     : Adding Version to Request GET /api/files/exam-user/signatures/2/ExamUserSignature_2025-02-14T23-44-19-165_b6d6ccf2.png
    23:44:19.185 | 183 Pool-1-worker-76 | DEBUG | d.t.c.a.a.core.web.FileResource      : REST request to get signature for exam user : 2

  Starting logs for FileIntegrationTest > testGetAttachmentUnitFileAsEditor()
    23:44:19.217 | 183 Pool-1-worker-76 | DEBUG | d.t.c.a.a.c.u.util.UserUtilService   : Generate 1 students...
    23:44:19.220 | 183 Pool-1-worker-76 | DEBUG | d.t.c.a.a.c.u.util.UserUtilService   : 1 students generated. Generate 1 tutors...
    23:44:19.222 | 183 Pool-1-worker-76 | DEBUG | d.t.c.a.a.c.u.util.UserUtilService   : 1 tutors generated. Generate 1 editors...
    23:44:19.225 | 183 Pool-1-worker-76 | DEBUG | d.t.c.a.a.c.u.util.UserUtilService   : 1 editors generated. Generate 1 instructors...
    23:44:19.228 | 183 Pool-1-worker-76 | DEBUG | d.t.c.a.a.c.u.util.UserUtilService   : 1 instructors generated
    23:44:19.229 | 183 Pool-1-worker-76 | DEBUG | d.t.c.a.a.c.u.util.UserUtilService   : Removing 4 users from all courses...
    23:44:19.230 | 183 Pool-1-worker-76 | DEBUG | d.t.c.a.a.c.u.util.UserUtilService   : Removing 4 users from all courses. Done
    23:44:19.230 | 183 Pool-1-worker-76 | DEBUG | d.t.c.a.a.c.u.util.UserUtilService   : Save 4 users to database...
    23:44:19.234 | 183 Pool-1-worker-76 | DEBUG | d.t.c.a.a.c.u.util.UserUtilService   : Save 4 users to database. Done
    23:44:19.234 | 183 Pool-1-worker-76 | INFO  | i.z.t.d.l.EmbeddedDatabaseReporter   : JDBC URL to connect to 'dataSource': url='jdbc:h2:tcp://localhost:41063/mem:df70fc46-7e57-4cb5-9cd0-c1d90c14afa7;USER=sa', scope='FileIntegrationTest#testGetAttachmentUnitFileAsEditor'
    23:44:19.246 | 183 Pool-1-worker-76 | DEBUG | d.t.c.a.a.c.s.f.ApiVersionFilter     : Adding Version to Request GET /api/files/courses/1235/attachment-units/587
    23:44:19.249 | 183 Pool-1-worker-76 | DEBUG | d.t.c.a.a.core.web.FileResource      : REST request to get the file for attachment unit 587 for editors

  Starting logs for FileIntegrationTest > testGetTemplateFile()
    23:44:19.275 | 183 Pool-1-worker-76 | DEBUG | d.t.c.a.a.c.u.util.UserUtilService   : Generate 1 students...
    23:44:19.279 | 183 Pool-1-worker-76 | DEBUG | d.t.c.a.a.c.u.util.UserUtilService   : 1 students generated. Generate 1 tutors...
    23:44:19.282 | 183 Pool-1-worker-76 | DEBUG | d.t.c.a.a.c.u.util.UserUtilService   : 1 tutors generated. Generate 1 editors...
    23:44:19.285 | 183 Pool-1-worker-76 | DEBUG | d.t.c.a.a.c.u.util.UserUtilService   : 1 editors generated. Generate 1 instructors...
    23:44:19.288 | 183 Pool-1-worker-76 | DEBUG | d.t.c.a.a.c.u.util.UserUtilService   : 1 instructors generated
    23:44:19.289 | 183 Pool-1-worker-76 | DEBUG | d.t.c.a.a.c.u.util.UserUtilService   : Removing 4 users from all courses...
    23:44:19.290 | 183 Pool-1-worker-76 | DEBUG | d.t.c.a.a.c.u.util.UserUtilService   : Removing 4 users from all courses. Done
    23:44:19.290 | 183 Pool-1-worker-76 | DEBUG | d.t.c.a.a.c.u.util.UserUtilService   : Save 4 users to database...
    23:44:19.295 | 183 Pool-1-worker-76 | DEBUG | d.t.c.a.a.c.u.util.UserUtilService   : Save 4 users to database. Done
    23:44:19.295 | 183 Pool-1-worker-76 | INFO  | i.z.t.d.l.EmbeddedDatabaseReporter   : JDBC URL to connect to 'dataSource': url='jdbc:h2:tcp://localhost:41063/mem:df70fc46-7e57-4cb5-9cd0-c1d90c14afa7;USER=sa', scope='FileIntegrationTest#testGetTemplateFile'
    23:44:19.296 | 183 Pool-1-worker-76 | DEBUG | d.t.c.a.a.c.s.f.ApiVersionFilter     : Adding Version to Request GET /api/files/templates/JAVA/PLAIN_MAVEN
    23:44:19.299 | 183 Pool-1-worker-76 | DEBUG | d.t.c.a.a.core.web.FileResource      : REST request to get readme file for programming language JAVA and project type Optional[PLAIN_MAVEN]
    23:44:19.303 | 183 Pool-1-worker-76 | DEBUG | d.t.c.a.a.c.s.f.ApiVersionFilter     : Adding Version to Request GET /api/files/templates/C/GCC
    23:44:19.303 | 183 Pool-1-worker-76 | DEBUG | d.t.c.a.a.core.web.FileResource      : REST request to get readme file for programming language C and project type Optional[GCC]
    23:44:19.304 | 183 Pool-1-worker-76 | DEBUG | d.t.c.a.a.c.s.f.ApiVersionFilter     : Adding Version to Request GET /api/files/templates/PYTHON
    23:44:19.305 | 183 Pool-1-worker-76 | DEBUG | d.t.c.a.a.core.web.FileResource      : REST request to get readme file for programming language PYTHON and project type Optional.empty

  Starting logs for FileIntegrationTest > testGetLecturePdfAttachmentsMerged_correctOrder()
    23:44:19.354 | 183 Pool-1-worker-76 | DEBUG | d.t.c.a.a.c.u.util.UserUtilService   : Generate 1 students...
    23:44:19.388 | 183 Pool-1-worker-76 | DEBUG | d.t.c.a.a.c.u.util.UserUtilService   : 1 students generated. Generate 1 tutors...
    23:44:19.392 | 183 Pool-1-worker-76 | DEBUG | d.t.c.a.a.c.u.util.UserUtilService   : 1 tutors generated. Generate 1 editors...
    23:44:19.394 | 183 Pool-1-worker-76 | DEBUG | d.t.c.a.a.c.u.util.UserUtilService   : 1 editors generated. Generate 1 instructors...
    23:44:19.397 | 183 Pool-1-worker-76 | DEBUG | d.t.c.a.a.c.u.util.UserUtilService   : 1 instructors generated
    23:44:19.399 | 183 Pool-1-worker-76 | DEBUG | d.t.c.a.a.c.u.util.UserUtilService   : Removing 4 users from all courses...
    23:44:19.401 | 183 Pool-1-worker-76 | DEBUG | d.t.c.a.a.c.u.util.UserUtilService   : Removing 4 users from all courses. Done
    23:44:19.401 | 183 Pool-1-worker-76 | DEBUG | d.t.c.a.a.c.u.util.UserUtilService   : Save 4 users to database...
    23:44:19.407 | 183 Pool-1-worker-76 | DEBUG | d.t.c.a.a.c.u.util.UserUtilService   : Save 4 users to database. Done
    23:44:19.407 | 183 Pool-1-worker-76 | INFO  | i.z.t.d.l.EmbeddedDatabaseReporter   : JDBC URL to connect to 'dataSource': url='jdbc:h2:tcp://localhost:41063/mem:df70fc46-7e57-4cb5-9cd0-c1d90c14afa7;USER=sa', scope='FileIntegrationTest#testGetLecturePdfAttachmentsMerged_correctOrder'
    23:44:19.415 | 183 Pool-1-worker-76 | INFO  | .c.a.a.c.s.TitleCacheEvictionService : Evicted entry '575' from title cache 'lectureTitle'
    23:44:19.422 | 183 Pool-1-worker-76 | DEBUG | d.t.c.a.a.c.s.f.ApiVersionFilter     : Adding Version to Request POST /api/lectures/575/attachment-units
    23:44:19.425 | 183 Pool-1-worker-76 | DEBUG | d.t.c.a.a.l.w.AttachmentUnitResource : REST request to create AttachmentUnit de.tum.cit.aet.artemis.lecture.domain.AttachmentUnit@0 with Attachment Attachment{id=null, name='TestAttachment', link='null', version='1', uploadDate='2025-02-09T23:44:19.417461373Z', releaseDate='2025-02-09T23:44:19.417461373Z', attachmentType='FILE'}
    23:44:19.433 | 183 Pool-1-worker-76 | INFO  | d.t.c.a.a.core.service.FileService   : Invalidate files cache for uploads/attachments/attachment-unit/588/AttachmentUnit_2025-02-14T23-44-19-430_1aee592a.pdf
    23:44:19.446 | 621 artemis-task-1   | DEBUG | d.t.c.a.a.l.s.SlideSplitterService   : Splitting Attachment Unit file TestAttachment into single slides
    23:44:19.450 | 183 Pool-1-worker-76 | DEBUG | d.t.c.a.a.c.s.f.ApiVersionFilter     : Adding Version to Request POST /api/lectures/575/attachment-units
    23:44:19.451 | 183 Pool-1-worker-76 | DEBUG | d.t.c.a.a.l.w.AttachmentUnitResource : REST request to create AttachmentUnit de.tum.cit.aet.artemis.lecture.domain.AttachmentUnit@0 with Attachment Attachment{id=null, name='TestAttachment', link='null', version='1', uploadDate='2025-02-09T23:44:19.449331054Z', releaseDate='2025-02-09T23:44:19.449331054Z', attachmentType='FILE'}
    23:44:19.457 | 183 Pool-1-worker-76 | INFO  | d.t.c.a.a.core.service.FileService   : Invalidate files cache for uploads/attachments/attachment-unit/589/AttachmentUnit_2025-02-14T23-44-19-456_3f260736.png
    23:44:19.476 | 183 Pool-1-worker-76 | DEBUG | d.t.c.a.a.c.s.f.ApiVersionFilter     : Adding Version to Request POST /api/lectures/575/attachment-units
    23:44:19.477 | 183 Pool-1-worker-76 | DEBUG | d.t.c.a.a.l.w.AttachmentUnitResource : REST request to create AttachmentUnit de.tum.cit.aet.artemis.lecture.domain.AttachmentUnit@0 with Attachment Attachment{id=null, name='TestAttachment', link='null', version='1', uploadDate='2025-02-09T23:44:19.472206131Z', releaseDate='2025-02-09T23:44:19.472206131Z', attachmentType='FILE'}
    23:44:19.485 | 183 Pool-1-worker-76 | INFO  | d.t.c.a.a.core.service.FileService   : Invalidate files cache for uploads/attachments/attachment-unit/590/AttachmentUnit_2025-02-14T23-44-19-481_712c3696.pdf
    23:44:19.499 | 183 Pool-1-worker-76 | DEBUG | d.t.c.a.a.c.s.f.ApiVersionFilter     : Adding Version to Request GET /api/files/attachments/lecture/575/merge-pdf
    23:44:19.500 | 183 Pool-1-worker-76 | DEBUG | d.t.c.a.a.core.web.FileResource      : REST request to get merged pdf files for a lecture with id : 575

  Starting logs for FileIntegrationTest > testGetUnreleasedAttachmentUnitAsTutor()
    23:44:19.557 | 183 Pool-1-worker-76 | DEBUG | d.t.c.a.a.c.u.util.UserUtilService   : Generate 1 students...
    23:44:19.560 | 183 Pool-1-worker-76 | DEBUG | d.t.c.a.a.c.u.util.UserUtilService   : 1 students generated. Generate 1 tutors...
    23:44:19.563 | 183 Pool-1-worker-76 | DEBUG | d.t.c.a.a.c.u.util.UserUtilService   : 1 tutors generated. Generate 1 editors...
    23:44:19.567 | 183 Pool-1-worker-76 | DEBUG | d.t.c.a.a.c.u.util.UserUtilService   : 1 editors generated. Generate 1 instructors...
    23:44:19.569 | 183 Pool-1-worker-76 | DEBUG | d.t.c.a.a.c.u.util.UserUtilService   : 1 instructors generated
    23:44:19.571 | 183 Pool-1-worker-76 | DEBUG | d.t.c.a.a.c.u.util.UserUtilService   : Removing 4 users from all courses...
    23:44:19.572 | 183 Pool-1-worker-76 | DEBUG | d.t.c.a.a.c.u.util.UserUtilService   : Removing 4 users from all courses. Done
    23:44:19.572 | 183 Pool-1-worker-76 | DEBUG | d.t.c.a.a.c.u.util.UserUtilService   : Save 4 users to database...
    23:44:19.579 | 183 Pool-1-worker-76 | DEBUG | d.t.c.a.a.c.u.util.UserUtilService   : Save 4 users to database. Done
    23:44:19.579 | 183 Pool-1-worker-76 | INFO  | i.z.t.d.l.EmbeddedDatabaseReporter   : JDBC URL to connect to 'dataSource': url='jdbc:h2:tcp://localhost:41063/mem:df70fc46-7e57-4cb5-9cd0-c1d90c14afa7;USER=sa', scope='FileIntegrationTest#testGetUnreleasedAttachmentUnitAsTutor'
    23:44:19.590 | 183 Pool-1-worker-76 | INFO  | .c.a.a.c.s.TitleCacheEvictionService : Evicted entry '576' from title cache 'lectureTitle'
    23:44:19.594 | 183 Pool-1-worker-76 | DEBUG | d.t.c.a.a.c.s.f.ApiVersionFilter     : Adding Version to Request GET /api/files/attachments/attachment-unit/591/test_09510b54.jpg
    23:44:19.595 | 183 Pool-1-worker-76 | DEBUG | d.t.c.a.a.core.web.FileResource      : REST request to get the file for attachment unit 591 for students
    23:44:19.596 | 621 artemis-task-1   | DEBUG | d.t.c.a.a.l.s.SlideSplitterService   : Splitting Attachment Unit file TestAttachment into single slides

  Starting logs for FileIntegrationTest > testGetCodeOfConductTemplate()
    23:44:19.620 | 183 Pool-1-worker-76 | DEBUG | d.t.c.a.a.c.u.util.UserUtilService   : Generate 1 students...
    23:44:19.623 | 183 Pool-1-worker-76 | DEBUG | d.t.c.a.a.c.u.util.UserUtilService   : 1 students generated. Generate 1 tutors...
    23:44:19.626 | 183 Pool-1-worker-76 | DEBUG | d.t.c.a.a.c.u.util.UserUtilService   : 1 tutors generated. Generate 1 editors...
    23:44:19.628 | 183 Pool-1-worker-76 | DEBUG | d.t.c.a.a.c.u.util.UserUtilService   : 1 editors generated. Generate 1 instructors...
    23:44:19.631 | 183 Pool-1-worker-76 | DEBUG | d.t.c.a.a.c.u.util.UserUtilService   : 1 instructors generated
    23:44:19.634 | 183 Pool-1-worker-76 | DEBUG | d.t.c.a.a.c.u.util.UserUtilService   : Removing 4 users from all courses...
    23:44:19.634 | 183 Pool-1-worker-76 | DEBUG | d.t.c.a.a.c.u.util.UserUtilService   : Removing 4 users from all courses. Done
    23:44:19.634 | 183 Pool-1-worker-76 | DEBUG | d.t.c.a.a.c.u.util.UserUtilService   : Save 4 users to database...
    23:44:19.640 | 183 Pool-1-worker-76 | DEBUG | d.t.c.a.a.c.u.util.UserUtilService   : Save 4 users to database. Done
    23:44:19.640 | 183 Pool-1-worker-76 | INFO  | i.z.t.d.l.EmbeddedDatabaseReporter   : JDBC URL to connect to 'dataSource': url='jdbc:h2:tcp://localhost:41063/mem:df70fc46-7e57-4cb5-9cd0-c1d90c14afa7;USER=sa', scope='FileIntegrationTest#testGetCodeOfConductTemplate'
    23:44:19.641 | 183 Pool-1-worker-76 | DEBUG | d.t.c.a.a.c.s.f.ApiVersionFilter     : Adding Version to Request GET /api/files/templates/code-of-conduct
    23:44:19.644 | 183 Pool-1-worker-76 | DEBUG | d.t.c.a.a.core.web.FileResource      : REST request to get template : templates/codeofconduct/README.md

  Starting logs for FileIntegrationTest > testGetLecturePdfAttachmentsMerged_NoAccessToUnreleasedUnits()
    23:44:19.670 | 183 Pool-1-worker-76 | DEBUG | d.t.c.a.a.c.u.util.UserUtilService   : Generate 1 students...
    23:44:19.673 | 183 Pool-1-worker-76 | DEBUG | d.t.c.a.a.c.u.util.UserUtilService   : 1 students generated. Generate 1 tutors...
    23:44:19.678 | 183 Pool-1-worker-76 | DEBUG | d.t.c.a.a.c.u.util.UserUtilService   : 1 tutors generated. Generate 1 editors...
    23:44:19.680 | 183 Pool-1-worker-76 | DEBUG | d.t.c.a.a.c.u.util.UserUtilService   : 1 editors generated. Generate 1 instructors...
    23:44:19.683 | 183 Pool-1-worker-76 | DEBUG | d.t.c.a.a.c.u.util.UserUtilService   : 1 instructors generated
    23:44:19.685 | 183 Pool-1-worker-76 | DEBUG | d.t.c.a.a.c.u.util.UserUtilService   : Removing 4 users from all courses...
    23:44:19.686 | 183 Pool-1-worker-76 | DEBUG | d.t.c.a.a.c.u.util.UserUtilService   : Removing 4 users from all courses. Done
    23:44:19.686 | 183 Pool-1-worker-76 | DEBUG | d.t.c.a.a.c.u.util.UserUtilService   : Save 4 users to database...
    23:44:19.691 | 183 Pool-1-worker-76 | DEBUG | d.t.c.a.a.c.u.util.UserUtilService   : Save 4 users to database. Done
    23:44:19.692 | 183 Pool-1-worker-76 | INFO  | i.z.t.d.l.EmbeddedDatabaseReporter   : JDBC URL to connect to 'dataSource': url='jdbc:h2:tcp://localhost:41063/mem:df70fc46-7e57-4cb5-9cd0-c1d90c14afa7;USER=sa', scope='FileIntegrationTest#testGetLecturePdfAttachmentsMerged_NoAccessToUnreleasedUnits'
    23:44:19.698 | 183 Pool-1-worker-76 | INFO  | .c.a.a.c.s.TitleCacheEvictionService : Evicted entry '577' from title cache 'lectureTitle'
    23:44:19.702 | 183 Pool-1-worker-76 | DEBUG | d.t.c.a.a.c.s.f.ApiVersionFilter     : Adding Version to Request POST /api/lectures/577/attachment-units
    23:44:19.703 | 183 Pool-1-worker-76 | DEBUG | d.t.c.a.a.l.w.AttachmentUnitResource : REST request to create AttachmentUnit de.tum.cit.aet.artemis.lecture.domain.AttachmentUnit@0 with Attachment Attachment{id=null, name='TestAttachment', link='null', version='1', uploadDate='2025-02-09T23:44:19.699429007Z', releaseDate='2025-02-09T23:44:19.699429007Z', attachmentType='FILE'}
    23:44:19.708 | 183 Pool-1-worker-76 | INFO  | d.t.c.a.a.core.service.FileService   : Invalidate files cache for uploads/attachments/attachment-unit/592/AttachmentUnit_2025-02-14T23-44-19-707_4e4600cd.pdf
    23:44:19.714 | 183 Pool-1-worker-76 | DEBUG | d.t.c.a.a.c.s.f.ApiVersionFilter     : Adding Version to Request POST /api/lectures/577/attachment-units
    23:44:19.715 | 621 artemis-task-1   | DEBUG | d.t.c.a.a.l.s.SlideSplitterService   : Splitting Attachment Unit file TestAttachment into single slides
    23:44:19.715 | 183 Pool-1-worker-76 | DEBUG | d.t.c.a.a.l.w.AttachmentUnitResource : REST request to create AttachmentUnit de.tum.cit.aet.artemis.lecture.domain.AttachmentUnit@0 with Attachment Attachment{id=null, name='TestAttachment', link='null', version='1', uploadDate='2025-02-09T23:44:19.713691483Z', releaseDate='2025-02-09T23:44:19.713691483Z', attachmentType='FILE'}
    23:44:19.722 | 183 Pool-1-worker-76 | INFO  | d.t.c.a.a.core.service.FileService   : Invalidate files cache for uploads/attachments/attachment-unit/593/AttachmentUnit_2025-02-14T23-44-19-721_8131d8ca.png
    23:44:19.730 | 183 Pool-1-worker-76 | DEBUG | d.t.c.a.a.c.s.f.ApiVersionFilter     : Adding Version to Request POST /api/lectures/577/attachment-units
    23:44:19.731 | 183 Pool-1-worker-76 | DEBUG | d.t.c.a.a.l.w.AttachmentUnitResource : REST request to create AttachmentUnit de.tum.cit.aet.artemis.lecture.domain.AttachmentUnit@0 with Attachment Attachment{id=null, name='TestAttachment', link='null', version='1', uploadDate='2025-02-09T23:44:19.728999640Z', releaseDate='2025-02-09T23:44:19.728999640Z', attachmentType='FILE'}
    23:44:19.736 | 183 Pool-1-worker-76 | INFO  | d.t.c.a.a.core.service.FileService   : Invalidate files cache for uploads/attachments/attachment-unit/594/AttachmentUnit_2025-02-14T23-44-19-735_72d824c1.pdf
    23:44:19.752 | 183 Pool-1-worker-76 | DEBUG | d.t.c.a.a.c.s.f.ApiVersionFilter     : Adding Version to Request GET /api/files/attachments/lecture/577/merge-pdf
    23:44:19.753 | 183 Pool-1-worker-76 | DEBUG | d.t.c.a.a.core.web.FileResource      : REST request to get merged pdf files for a lecture with id : 577

  Starting logs for FileIntegrationTest > uploadImageMarkdownAsTutor()
    23:44:19.777 | 183 Pool-1-worker-76 | DEBUG | d.t.c.a.a.c.u.util.UserUtilService   : Generate 1 students...
    23:44:19.780 | 183 Pool-1-worker-76 | DEBUG | d.t.c.a.a.c.u.util.UserUtilService   : 1 students generated. Generate 1 tutors...
    23:44:19.783 | 183 Pool-1-worker-76 | DEBUG | d.t.c.a.a.c.u.util.UserUtilService   : 1 tutors generated. Generate 1 editors...
    23:44:19.785 | 183 Pool-1-worker-76 | DEBUG | d.t.c.a.a.c.u.util.UserUtilService   : 1 editors generated. Generate 1 instructors...
    23:44:19.788 | 183 Pool-1-worker-76 | DEBUG | d.t.c.a.a.c.u.util.UserUtilService   : 1 instructors generated
    23:44:19.790 | 183 Pool-1-worker-76 | DEBUG | d.t.c.a.a.c.u.util.UserUtilService   : Removing 4 users from all courses...
    23:44:19.791 | 183 Pool-1-worker-76 | DEBUG | d.t.c.a.a.c.u.util.UserUtilService   : Removing 4 users from all courses. Done
    23:44:19.791 | 183 Pool-1-worker-76 | DEBUG | d.t.c.a.a.c.u.util.UserUtilService   : Save 4 users to database...
    23:44:19.796 | 183 Pool-1-worker-76 | DEBUG | d.t.c.a.a.c.u.util.UserUtilService   : Save 4 users to database. Done
    23:44:19.796 | 183 Pool-1-worker-76 | INFO  | i.z.t.d.l.EmbeddedDatabaseReporter   : JDBC URL to connect to 'dataSource': url='jdbc:h2:tcp://localhost:41063/mem:df70fc46-7e57-4cb5-9cd0-c1d90c14afa7;USER=sa', scope='FileIntegrationTest#uploadImageMarkdownAsTutor'
    23:44:19.797 | 183 Pool-1-worker-76 | DEBUG | d.t.c.a.a.c.s.f.ApiVersionFilter     : Adding Version to Request POST /api/markdown-file-upload
    23:44:19.798 | 183 Pool-1-worker-76 | DEBUG | d.t.c.a.a.core.web.FileResource      : REST request to upload file for markdown: image.png

Finished logs for FileIntegrationTest
]]></system-out>
  <system-err><![CDATA[]]></system-err>
</testsuite>
