<?xml version="1.0" encoding="UTF-8"?>
<testsuite name="de.tum.cit.aet.artemis.core.service.AuthorizationCheckServiceTest$IsUserAllowedToEnrollForCourseTest" tests="7" skipped="0" failures="0" errors="0" timestamp="2025-02-14T23:42:26" hostname="fv-az1721-502" time="0.477">
  <properties/>
  <testcase name="testIsUserAllowedToEnrollInCourseForWrongEnrollmentStartDate()" classname="de.tum.cit.aet.artemis.core.service.AuthorizationCheckServiceTest$IsUserAllowedToEnrollForCourseTest" time="0.043"/>
  <testcase name="testIsUserAllowedToEnrollInCourseForWrongEndDate()" classname="de.tum.cit.aet.artemis.core.service.AuthorizationCheckServiceTest$IsUserAllowedToEnrollForCourseTest" time="0.06"/>
  <testcase name="testIsUserAllowedToEnrollInCourseForAllowed()" classname="de.tum.cit.aet.artemis.core.service.AuthorizationCheckServiceTest$IsUserAllowedToEnrollForCourseTest" time="0.078"/>
  <testcase name="testIsUserAllowedToEnrollInCourseForRegistrationDisabled()" classname="de.tum.cit.aet.artemis.core.service.AuthorizationCheckServiceTest$IsUserAllowedToEnrollForCourseTest" time="0.092"/>
  <testcase name="testIsUserAllowedToEnrollInCourseForDifferentOrganizations()" classname="de.tum.cit.aet.artemis.core.service.AuthorizationCheckServiceTest$IsUserAllowedToEnrollForCourseTest" time="0.101"/>
  <testcase name="testIsUserAllowedToEnrollInOnlineCourse()" classname="de.tum.cit.aet.artemis.core.service.AuthorizationCheckServiceTest$IsUserAllowedToEnrollForCourseTest" time="0.041"/>
  <testcase name="testIsUserAllowedToEnrollInCourseForWrongUsernamePattern()" classname="de.tum.cit.aet.artemis.core.service.AuthorizationCheckServiceTest$IsUserAllowedToEnrollForCourseTest" time="0.042"/>
  <system-out><![CDATA[
Starting logs for IsUserAllowedToEnrollForCourseTest

  Starting logs for IsUserAllowedToEnrollForCourseTest > testIsUserAllowedToEnrollInCourseForWrongEnrollmentStartDate()
    23:42:26.059 | 343 ool-1-worker-107 | DEBUG | d.t.c.a.a.c.u.util.UserUtilService   : Generate 2 students...
    23:42:26.062 | 343 ool-1-worker-107 | DEBUG | d.t.c.a.a.c.u.util.UserUtilService   : 2 students generated. Generate 0 tutors...
    23:42:26.063 | 343 ool-1-worker-107 | DEBUG | d.t.c.a.a.c.u.util.UserUtilService   : 0 tutors generated. Generate 0 editors...
    23:42:26.065 | 343 ool-1-worker-107 | DEBUG | d.t.c.a.a.c.u.util.UserUtilService   : 0 editors generated. Generate 1 instructors...
    23:42:26.067 | 343 ool-1-worker-107 | DEBUG | d.t.c.a.a.c.u.util.UserUtilService   : 1 instructors generated
    23:42:26.069 | 343 ool-1-worker-107 | DEBUG | d.t.c.a.a.c.u.util.UserUtilService   : Removing 0 users from all courses...
    23:42:26.069 | 343 ool-1-worker-107 | DEBUG | d.t.c.a.a.c.u.util.UserUtilService   : Removing 0 users from all courses. Done
    23:42:26.069 | 343 ool-1-worker-107 | DEBUG | d.t.c.a.a.c.u.util.UserUtilService   : Save 3 users to database...
    23:42:26.072 | 343 ool-1-worker-107 | DEBUG | d.t.c.a.a.c.u.util.UserUtilService   : Save 3 users to database. Done
    23:42:26.074 | 343 ool-1-worker-107 | INFO  | i.z.t.d.l.EmbeddedDatabaseReporter   : JDBC URL to connect to 'dataSource': url='jdbc:h2:tcp://localhost:41063/mem:736625c0-cf5e-400d-aeaa-8a7eabd6262b;USER=sa', scope='IsUserAllowedToEnrollForCourseTest#testIsUserAllowedToEnrollInCourseForWrongEnrollmentStartDate'

  Starting logs for IsUserAllowedToEnrollForCourseTest > testIsUserAllowedToEnrollInCourseForWrongEndDate()
    23:42:26.104 | 343 ool-1-worker-107 | DEBUG | d.t.c.a.a.c.u.util.UserUtilService   : Generate 2 students...
    23:42:26.109 | 343 ool-1-worker-107 | DEBUG | d.t.c.a.a.c.u.util.UserUtilService   : 2 students generated. Generate 0 tutors...
    23:42:26.110 | 343 ool-1-worker-107 | DEBUG | d.t.c.a.a.c.u.util.UserUtilService   : 0 tutors generated. Generate 0 editors...
    23:42:26.112 | 343 ool-1-worker-107 | DEBUG | d.t.c.a.a.c.u.util.UserUtilService   : 0 editors generated. Generate 1 instructors...
    23:42:26.123 | 343 ool-1-worker-107 | DEBUG | d.t.c.a.a.c.u.util.UserUtilService   : 1 instructors generated
    23:42:26.124 | 343 ool-1-worker-107 | DEBUG | d.t.c.a.a.c.u.util.UserUtilService   : Removing 3 users from all courses...
    23:42:26.125 | 343 ool-1-worker-107 | DEBUG | d.t.c.a.a.c.u.util.UserUtilService   : Removing 3 users from all courses. Done
    23:42:26.125 | 343 ool-1-worker-107 | DEBUG | d.t.c.a.a.c.u.util.UserUtilService   : Save 3 users to database...
    23:42:26.140 | 343 ool-1-worker-107 | DEBUG | d.t.c.a.a.c.u.util.UserUtilService   : Save 3 users to database. Done
    23:42:26.142 | 343 ool-1-worker-107 | INFO  | i.z.t.d.l.EmbeddedDatabaseReporter   : JDBC URL to connect to 'dataSource': url='jdbc:h2:tcp://localhost:41063/mem:736625c0-cf5e-400d-aeaa-8a7eabd6262b;USER=sa', scope='IsUserAllowedToEnrollForCourseTest#testIsUserAllowedToEnrollInCourseForWrongEndDate'

  Starting logs for IsUserAllowedToEnrollForCourseTest > testIsUserAllowedToEnrollInCourseForAllowed()
    23:42:26.166 | 343 ool-1-worker-107 | DEBUG | d.t.c.a.a.c.u.util.UserUtilService   : Generate 2 students...
    23:42:26.170 | 343 ool-1-worker-107 | DEBUG | d.t.c.a.a.c.u.util.UserUtilService   : 2 students generated. Generate 0 tutors...
    23:42:26.172 | 343 ool-1-worker-107 | DEBUG | d.t.c.a.a.c.u.util.UserUtilService   : 0 tutors generated. Generate 0 editors...
    23:42:26.173 | 343 ool-1-worker-107 | DEBUG | d.t.c.a.a.c.u.util.UserUtilService   : 0 editors generated. Generate 1 instructors...
    23:42:26.182 | 343 ool-1-worker-107 | DEBUG | d.t.c.a.a.c.u.util.UserUtilService   : 1 instructors generated
    23:42:26.186 | 343 ool-1-worker-107 | DEBUG | d.t.c.a.a.c.u.util.UserUtilService   : Removing 3 users from all courses...
    23:42:26.189 | 343 ool-1-worker-107 | DEBUG | d.t.c.a.a.c.u.util.UserUtilService   : Removing 3 users from all courses. Done
    23:42:26.189 | 343 ool-1-worker-107 | DEBUG | d.t.c.a.a.c.u.util.UserUtilService   : Save 3 users to database...
    23:42:26.201 | 343 ool-1-worker-107 | DEBUG | d.t.c.a.a.c.u.util.UserUtilService   : Save 3 users to database. Done
    23:42:26.202 | 343 ool-1-worker-107 | INFO  | i.z.t.d.l.EmbeddedDatabaseReporter   : JDBC URL to connect to 'dataSource': url='jdbc:h2:tcp://localhost:41063/mem:736625c0-cf5e-400d-aeaa-8a7eabd6262b;USER=sa', scope='IsUserAllowedToEnrollForCourseTest#testIsUserAllowedToEnrollInCourseForAllowed'

  Starting logs for IsUserAllowedToEnrollForCourseTest > testIsUserAllowedToEnrollInCourseForRegistrationDisabled()
    23:42:26.255 | 343 ool-1-worker-107 | DEBUG | d.t.c.a.a.c.u.util.UserUtilService   : Generate 2 students...
    23:42:26.266 | 343 ool-1-worker-107 | DEBUG | d.t.c.a.a.c.u.util.UserUtilService   : 2 students generated. Generate 0 tutors...
    23:42:26.267 | 343 ool-1-worker-107 | DEBUG | d.t.c.a.a.c.u.util.UserUtilService   : 0 tutors generated. Generate 0 editors...
    23:42:26.272 | 343 ool-1-worker-107 | DEBUG | d.t.c.a.a.c.u.util.UserUtilService   : 0 editors generated. Generate 1 instructors...
    23:42:26.277 | 343 ool-1-worker-107 | DEBUG | d.t.c.a.a.c.u.util.UserUtilService   : 1 instructors generated
    23:42:26.283 | 343 ool-1-worker-107 | DEBUG | d.t.c.a.a.c.u.util.UserUtilService   : Removing 3 users from all courses...
    23:42:26.284 | 343 ool-1-worker-107 | DEBUG | d.t.c.a.a.c.u.util.UserUtilService   : Removing 3 users from all courses. Done
    23:42:26.284 | 343 ool-1-worker-107 | DEBUG | d.t.c.a.a.c.u.util.UserUtilService   : Save 3 users to database...
    23:42:26.288 | 343 ool-1-worker-107 | DEBUG | d.t.c.a.a.c.u.util.UserUtilService   : Save 3 users to database. Done
    23:42:26.295 | 343 ool-1-worker-107 | INFO  | i.z.t.d.l.EmbeddedDatabaseReporter   : JDBC URL to connect to 'dataSource': url='jdbc:h2:tcp://localhost:41063/mem:736625c0-cf5e-400d-aeaa-8a7eabd6262b;USER=sa', scope='IsUserAllowedToEnrollForCourseTest#testIsUserAllowedToEnrollInCourseForRegistrationDisabled'

  Starting logs for IsUserAllowedToEnrollForCourseTest > testIsUserAllowedToEnrollInCourseForDifferentOrganizations()
    23:42:26.364 | 343 ool-1-worker-107 | DEBUG | d.t.c.a.a.c.u.util.UserUtilService   : Generate 2 students...
    23:42:26.378 | 343 ool-1-worker-107 | DEBUG | d.t.c.a.a.c.u.util.UserUtilService   : 2 students generated. Generate 0 tutors...
    23:42:26.379 | 343 ool-1-worker-107 | DEBUG | d.t.c.a.a.c.u.util.UserUtilService   : 0 tutors generated. Generate 0 editors...
    23:42:26.384 | 343 ool-1-worker-107 | DEBUG | d.t.c.a.a.c.u.util.UserUtilService   : 0 editors generated. Generate 1 instructors...
    23:42:26.389 | 343 ool-1-worker-107 | DEBUG | d.t.c.a.a.c.u.util.UserUtilService   : 1 instructors generated
    23:42:26.393 | 343 ool-1-worker-107 | DEBUG | d.t.c.a.a.c.u.util.UserUtilService   : Removing 3 users from all courses...
    23:42:26.394 | 343 ool-1-worker-107 | DEBUG | d.t.c.a.a.c.u.util.UserUtilService   : Removing 3 users from all courses. Done
    23:42:26.394 | 343 ool-1-worker-107 | DEBUG | d.t.c.a.a.c.u.util.UserUtilService   : Save 3 users to database...
    23:42:26.405 | 343 ool-1-worker-107 | DEBUG | d.t.c.a.a.c.u.util.UserUtilService   : Save 3 users to database. Done
    23:42:26.406 | 343 ool-1-worker-107 | INFO  | i.z.t.d.l.EmbeddedDatabaseReporter   : JDBC URL to connect to 'dataSource': url='jdbc:h2:tcp://localhost:41063/mem:736625c0-cf5e-400d-aeaa-8a7eabd6262b;USER=sa', scope='IsUserAllowedToEnrollForCourseTest#testIsUserAllowedToEnrollInCourseForDifferentOrganizations'

  Starting logs for IsUserAllowedToEnrollForCourseTest > testIsUserAllowedToEnrollInOnlineCourse()
    23:42:26.449 | 343 ool-1-worker-107 | DEBUG | d.t.c.a.a.c.u.util.UserUtilService   : Generate 2 students...
    23:42:26.454 | 343 ool-1-worker-107 | DEBUG | d.t.c.a.a.c.u.util.UserUtilService   : 2 students generated. Generate 0 tutors...
    23:42:26.455 | 343 ool-1-worker-107 | DEBUG | d.t.c.a.a.c.u.util.UserUtilService   : 0 tutors generated. Generate 0 editors...
    23:42:26.457 | 343 ool-1-worker-107 | DEBUG | d.t.c.a.a.c.u.util.UserUtilService   : 0 editors generated. Generate 1 instructors...
    23:42:26.460 | 343 ool-1-worker-107 | DEBUG | d.t.c.a.a.c.u.util.UserUtilService   : 1 instructors generated
    23:42:26.461 | 343 ool-1-worker-107 | DEBUG | d.t.c.a.a.c.u.util.UserUtilService   : Removing 3 users from all courses...
    23:42:26.462 | 343 ool-1-worker-107 | DEBUG | d.t.c.a.a.c.u.util.UserUtilService   : Removing 3 users from all courses. Done
    23:42:26.462 | 343 ool-1-worker-107 | DEBUG | d.t.c.a.a.c.u.util.UserUtilService   : Save 3 users to database...
    23:42:26.466 | 343 ool-1-worker-107 | DEBUG | d.t.c.a.a.c.u.util.UserUtilService   : Save 3 users to database. Done
    23:42:26.468 | 343 ool-1-worker-107 | INFO  | i.z.t.d.l.EmbeddedDatabaseReporter   : JDBC URL to connect to 'dataSource': url='jdbc:h2:tcp://localhost:41063/mem:736625c0-cf5e-400d-aeaa-8a7eabd6262b;USER=sa', scope='IsUserAllowedToEnrollForCourseTest#testIsUserAllowedToEnrollInOnlineCourse'

  Starting logs for IsUserAllowedToEnrollForCourseTest > testIsUserAllowedToEnrollInCourseForWrongUsernamePattern()
    23:42:26.494 | 343 ool-1-worker-107 | DEBUG | d.t.c.a.a.c.u.util.UserUtilService   : Generate 2 students...
    23:42:26.498 | 343 ool-1-worker-107 | DEBUG | d.t.c.a.a.c.u.util.UserUtilService   : 2 students generated. Generate 0 tutors...
    23:42:26.500 | 343 ool-1-worker-107 | DEBUG | d.t.c.a.a.c.u.util.UserUtilService   : 0 tutors generated. Generate 0 editors...
    23:42:26.501 | 343 ool-1-worker-107 | DEBUG | d.t.c.a.a.c.u.util.UserUtilService   : 0 editors generated. Generate 1 instructors...
    23:42:26.504 | 343 ool-1-worker-107 | DEBUG | d.t.c.a.a.c.u.util.UserUtilService   : 1 instructors generated
    23:42:26.506 | 343 ool-1-worker-107 | DEBUG | d.t.c.a.a.c.u.util.UserUtilService   : Removing 3 users from all courses...
    23:42:26.507 | 343 ool-1-worker-107 | DEBUG | d.t.c.a.a.c.u.util.UserUtilService   : Removing 3 users from all courses. Done
    23:42:26.507 | 343 ool-1-worker-107 | DEBUG | d.t.c.a.a.c.u.util.UserUtilService   : Save 3 users to database...
    23:42:26.511 | 343 ool-1-worker-107 | DEBUG | d.t.c.a.a.c.u.util.UserUtilService   : Save 3 users to database. Done
    23:42:26.512 | 343 ool-1-worker-107 | INFO  | i.z.t.d.l.EmbeddedDatabaseReporter   : JDBC URL to connect to 'dataSource': url='jdbc:h2:tcp://localhost:41063/mem:736625c0-cf5e-400d-aeaa-8a7eabd6262b;USER=sa', scope='IsUserAllowedToEnrollForCourseTest#testIsUserAllowedToEnrollInCourseForWrongUsernamePattern'

Finished logs for IsUserAllowedToEnrollForCourseTest
]]></system-out>
  <system-err><![CDATA[]]></system-err>
</testsuite>
