<?xml version="1.0" encoding="UTF-8"?>
<testsuite name="de.tum.cit.aet.artemis.atlas.competency.StandardizedCompetencyIntegrationTest$AdminStandardizedCompetencyResource$UpdateStandardizedCompetency" tests="7" skipped="0" failures="0" errors="0" timestamp="2025-02-14T23:43:13" hostname="fv-az1721-502" time="0.301">
  <properties/>
  <testcase name="shouldReturn404()" classname="de.tum.cit.aet.artemis.atlas.competency.StandardizedCompetencyIntegrationTest$AdminStandardizedCompetencyResource$UpdateStandardizedCompetency" time="0.058"/>
  <testcase name="[1] competencyDTO=StandardizedCompetencyRequestDTO[title=, description=valid description, taxonomy=null, knowledgeAreaId=-1000, sourceId=null]" classname="de.tum.cit.aet.artemis.atlas.competency.StandardizedCompetencyIntegrationTest$AdminStandardizedCompetencyResource$UpdateStandardizedCompetency" time="0.038"/>
  <testcase name="[2] competencyDTO=StandardizedCompetencyRequestDTO[title=null, description=valid description, taxonomy=null, knowledgeAreaId=-1000, sourceId=null]" classname="de.tum.cit.aet.artemis.atlas.competency.StandardizedCompetencyIntegrationTest$AdminStandardizedCompetencyResource$UpdateStandardizedCompetency" time="0.039"/>
  <testcase name="[3] competencyDTO=StandardizedCompetencyRequestDTO[title=0000000000000000000000000000000000000000000000000000000000000000000000000000000000000000000000000000000000000000000000000000000000000000000000000000000000000000000000000000000000000000000000000000000000000000000000000000000000000000000000000000000000000000, description=valid description, taxonomy=null, knowledgeAreaId=-1000, sourceId=null]" classname="de.tum.cit.aet.artemis.atlas.competency.StandardizedCompetencyIntegrationTest$AdminStandardizedCompetencyResource$UpdateStandardizedCompetency" time="0.036"/>
  <testcase name="[4] competencyDTO=StandardizedCompetencyRequestDTO[title=valid title, description=000000000000000000000000000000000000000000000000000000000000000000000000000000000000000000000000000000000000000000000000000000000000000000000000000000000000000000000000000000000000000000000000000000000000000000000000000000000000000000000000000000000000000000000000000000000000000000000000000000000000000000000000000000000000000000000000000000000000000000000000000000000000000000000000000000000000000000000000000000000000000000000000000000000000000â€¦" classname="de.tum.cit.aet.artemis.atlas.competency.StandardizedCompetencyIntegrationTest$AdminStandardizedCompetencyResource$UpdateStandardizedCompetency" time="0.035"/>
  <testcase name="[5] competencyDTO=StandardizedCompetencyRequestDTO[title=valid title, description=valid description, taxonomy=null, knowledgeAreaId=null, sourceId=null]" classname="de.tum.cit.aet.artemis.atlas.competency.StandardizedCompetencyIntegrationTest$AdminStandardizedCompetencyResource$UpdateStandardizedCompetency" time="0.034"/>
  <testcase name="shouldUpdateCompetency()" classname="de.tum.cit.aet.artemis.atlas.competency.StandardizedCompetencyIntegrationTest$AdminStandardizedCompetencyResource$UpdateStandardizedCompetency" time="0.038"/>
  <system-out><![CDATA[
Starting logs for UpdateStandardizedCompetency

  Starting logs for UpdateStandardizedCompetency > shouldReturn404()
    23:43:13.132 | 122 Pool-1-worker-37 | DEBUG | d.t.c.a.a.c.u.util.UserUtilService   : Generate 1 students...
    23:43:13.135 | 122 Pool-1-worker-37 | DEBUG | d.t.c.a.a.c.u.util.UserUtilService   : 1 students generated. Generate 1 tutors...
    23:43:13.138 | 122 Pool-1-worker-37 | DEBUG | d.t.c.a.a.c.u.util.UserUtilService   : 1 tutors generated. Generate 1 editors...
    23:43:13.141 | 122 Pool-1-worker-37 | DEBUG | d.t.c.a.a.c.u.util.UserUtilService   : 1 editors generated. Generate 1 instructors...
    23:43:13.144 | 122 Pool-1-worker-37 | DEBUG | d.t.c.a.a.c.u.util.UserUtilService   : 1 instructors generated
    23:43:13.146 | 122 Pool-1-worker-37 | DEBUG | d.t.c.a.a.c.u.util.UserUtilService   : Removing 4 users from all courses...
    23:43:13.147 | 122 Pool-1-worker-37 | DEBUG | d.t.c.a.a.c.u.util.UserUtilService   : Removing 4 users from all courses. Done
    23:43:13.147 | 122 Pool-1-worker-37 | DEBUG | d.t.c.a.a.c.u.util.UserUtilService   : Save 4 users to database...
    23:43:13.151 | 122 Pool-1-worker-37 | DEBUG | d.t.c.a.a.c.u.util.UserUtilService   : Save 4 users to database. Done
    23:43:13.152 | 122 Pool-1-worker-37 | INFO  | i.z.t.d.l.EmbeddedDatabaseReporter   : JDBC URL to connect to 'dataSource': url='jdbc:h2:tcp://localhost:41063/mem:df70fc46-7e57-4cb5-9cd0-c1d90c14afa7;USER=sa', scope='UpdateStandardizedCompetency#shouldReturn404'
    23:43:13.153 | 122 Pool-1-worker-37 | DEBUG | d.t.c.a.a.c.s.f.ApiVersionFilter     : Adding Version to Request PUT /api/admin/standardized-competencies/-1000
    23:43:13.156 | 122 Pool-1-worker-37 | DEBUG | .AdminStandardizedCompetencyResource : REST request to update standardized competency : StandardizedCompetencyRequestDTO[title=Competency, description=description, taxonomy=ANALYZE, knowledgeAreaId=50, sourceId=39]
    23:43:13.161 | 122 Pool-1-worker-37 | WARN  | o.z.p.spring.common.AdviceTraits     : Not Found: StandardizedCompetency with identifier: "-1000" does not exist
    23:43:13.163 | 122 Pool-1-worker-37 | DEBUG | d.t.c.a.a.c.s.f.ApiVersionFilter     : Adding Version to Request PUT /api/admin/standardized-competencies/45
    23:43:13.164 | 122 Pool-1-worker-37 | DEBUG | .AdminStandardizedCompetencyResource : REST request to update standardized competency : StandardizedCompetencyRequestDTO[title=Competency, description=description, taxonomy=ANALYZE, knowledgeAreaId=-1000, sourceId=39]
    23:43:13.168 | 122 Pool-1-worker-37 | WARN  | o.z.p.spring.common.AdviceTraits     : Not Found: KnowledgeArea with identifier: "-1000" does not exist
    23:43:13.169 | 122 Pool-1-worker-37 | DEBUG | d.t.c.a.a.c.s.f.ApiVersionFilter     : Adding Version to Request PUT /api/admin/standardized-competencies/45
    23:43:13.170 | 122 Pool-1-worker-37 | DEBUG | .AdminStandardizedCompetencyResource : REST request to update standardized competency : StandardizedCompetencyRequestDTO[title=Competency, description=description, taxonomy=ANALYZE, knowledgeAreaId=50, sourceId=-1000]
    23:43:13.171 | 122 Pool-1-worker-37 | WARN  | o.z.p.spring.common.AdviceTraits     : Not Found: Source with identifier: "-1000" does not exist

  Starting logs for UpdateStandardizedCompetency > [1] competencyDTO=StandardizedCompetencyRequestDTO[title=, description=valid description, taxonomy=null, knowledgeAreaId=-1000, sourceId=null]
    23:43:13.193 | 122 Pool-1-worker-37 | DEBUG | d.t.c.a.a.c.u.util.UserUtilService   : Generate 1 students...
    23:43:13.197 | 122 Pool-1-worker-37 | DEBUG | d.t.c.a.a.c.u.util.UserUtilService   : 1 students generated. Generate 1 tutors...
    23:43:13.200 | 122 Pool-1-worker-37 | DEBUG | d.t.c.a.a.c.u.util.UserUtilService   : 1 tutors generated. Generate 1 editors...
    23:43:13.203 | 122 Pool-1-worker-37 | DEBUG | d.t.c.a.a.c.u.util.UserUtilService   : 1 editors generated. Generate 1 instructors...
    23:43:13.205 | 122 Pool-1-worker-37 | DEBUG | d.t.c.a.a.c.u.util.UserUtilService   : 1 instructors generated
    23:43:13.206 | 122 Pool-1-worker-37 | DEBUG | d.t.c.a.a.c.u.util.UserUtilService   : Removing 4 users from all courses...
    23:43:13.207 | 122 Pool-1-worker-37 | DEBUG | d.t.c.a.a.c.u.util.UserUtilService   : Removing 4 users from all courses. Done
    23:43:13.207 | 122 Pool-1-worker-37 | DEBUG | d.t.c.a.a.c.u.util.UserUtilService   : Save 4 users to database...
    23:43:13.211 | 122 Pool-1-worker-37 | DEBUG | d.t.c.a.a.c.u.util.UserUtilService   : Save 4 users to database. Done
    23:43:13.212 | 122 Pool-1-worker-37 | INFO  | i.z.t.d.l.EmbeddedDatabaseReporter   : JDBC URL to connect to 'dataSource': url='jdbc:h2:tcp://localhost:41063/mem:df70fc46-7e57-4cb5-9cd0-c1d90c14afa7;USER=sa', scope='UpdateStandardizedCompetency#shouldReturnBadRequestForInvalidCompetency'
    23:43:13.213 | 122 Pool-1-worker-37 | DEBUG | d.t.c.a.a.c.s.f.ApiVersionFilter     : Adding Version to Request PUT /api/admin/standardized-competencies/46
    23:43:13.217 | 122 Pool-1-worker-37 | WARN  | o.z.p.spring.common.AdviceTraits     : Bad Request: Validation failed for argument [1] in public org.springframework.http.ResponseEntity<de.tum.cit.aet.artemis.atlas.dto.standardizedCompetency.StandardizedCompetencyResultDTO> de.tum.cit.aet.artemis.atlas.web.admin.AdminStandardizedCompetencyResource.updateStandardizedCompetency(long,de.tum.cit.aet.artemis.atlas.dto.standardizedCompetency.StandardizedCompetencyRequestDTO): [Field error in object 'standardizedCompetencyRequestDTO' on field 'title': rejected value [null]; codes [NotNull.standardizedCompetencyRequestDTO.title,NotNull.title,NotNull.java.lang.String,NotNull]; arguments [org.springframework.context.support.DefaultMessageSourceResolvable: codes [standardizedCompetencyRequestDTO.title,title]; arguments []; default message [title]]; default message [must not be null]] 

  Starting logs for UpdateStandardizedCompetency > [2] competencyDTO=StandardizedCompetencyRequestDTO[title=null, description=valid description, taxonomy=null, knowledgeAreaId=-1000, sourceId=null]
    23:43:13.233 | 122 Pool-1-worker-37 | DEBUG | d.t.c.a.a.c.u.util.UserUtilService   : Generate 1 students...
    23:43:13.236 | 122 Pool-1-worker-37 | DEBUG | d.t.c.a.a.c.u.util.UserUtilService   : 1 students generated. Generate 1 tutors...
    23:43:13.239 | 122 Pool-1-worker-37 | DEBUG | d.t.c.a.a.c.u.util.UserUtilService   : 1 tutors generated. Generate 1 editors...
    23:43:13.242 | 122 Pool-1-worker-37 | DEBUG | d.t.c.a.a.c.u.util.UserUtilService   : 1 editors generated. Generate 1 instructors...
    23:43:13.244 | 122 Pool-1-worker-37 | DEBUG | d.t.c.a.a.c.u.util.UserUtilService   : 1 instructors generated
    23:43:13.246 | 122 Pool-1-worker-37 | DEBUG | d.t.c.a.a.c.u.util.UserUtilService   : Removing 4 users from all courses...
    23:43:13.247 | 122 Pool-1-worker-37 | DEBUG | d.t.c.a.a.c.u.util.UserUtilService   : Removing 4 users from all courses. Done
    23:43:13.247 | 122 Pool-1-worker-37 | DEBUG | d.t.c.a.a.c.u.util.UserUtilService   : Save 4 users to database...
    23:43:13.250 | 122 Pool-1-worker-37 | DEBUG | d.t.c.a.a.c.u.util.UserUtilService   : Save 4 users to database. Done
    23:43:13.252 | 122 Pool-1-worker-37 | INFO  | i.z.t.d.l.EmbeddedDatabaseReporter   : JDBC URL to connect to 'dataSource': url='jdbc:h2:tcp://localhost:41063/mem:df70fc46-7e57-4cb5-9cd0-c1d90c14afa7;USER=sa', scope='UpdateStandardizedCompetency#shouldReturnBadRequestForInvalidCompetency'
    23:43:13.253 | 122 Pool-1-worker-37 | DEBUG | d.t.c.a.a.c.s.f.ApiVersionFilter     : Adding Version to Request PUT /api/admin/standardized-competencies/47
    23:43:13.255 | 122 Pool-1-worker-37 | WARN  | o.z.p.spring.common.AdviceTraits     : Bad Request: Validation failed for argument [1] in public org.springframework.http.ResponseEntity<de.tum.cit.aet.artemis.atlas.dto.standardizedCompetency.StandardizedCompetencyResultDTO> de.tum.cit.aet.artemis.atlas.web.admin.AdminStandardizedCompetencyResource.updateStandardizedCompetency(long,de.tum.cit.aet.artemis.atlas.dto.standardizedCompetency.StandardizedCompetencyRequestDTO): [Field error in object 'standardizedCompetencyRequestDTO' on field 'title': rejected value [null]; codes [NotNull.standardizedCompetencyRequestDTO.title,NotNull.title,NotNull.java.lang.String,NotNull]; arguments [org.springframework.context.support.DefaultMessageSourceResolvable: codes [standardizedCompetencyRequestDTO.title,title]; arguments []; default message [title]]; default message [must not be null]] 

  Starting logs for UpdateStandardizedCompetency > [3] competencyDTO=StandardizedCompetencyRequestDTO[title=0000000000000000000000000000000000000000000000000000000000000000000000000000000000000000000000000000000000000000000000000000000000000000000000000000000000000000000000000000000000000000000000000000000000000000000000000000000000000000000000000000000000000000, description=valid description, taxonomy=null, knowledgeAreaId=-1000, sourceId=null]
    23:43:13.282 | 122 Pool-1-worker-37 | DEBUG | d.t.c.a.a.c.u.util.UserUtilService   : Generate 1 students...
    23:43:13.285 | 122 Pool-1-worker-37 | DEBUG | d.t.c.a.a.c.u.util.UserUtilService   : 1 students generated. Generate 1 tutors...
    23:43:13.288 | 122 Pool-1-worker-37 | DEBUG | d.t.c.a.a.c.u.util.UserUtilService   : 1 tutors generated. Generate 1 editors...
    23:43:13.290 | 122 Pool-1-worker-37 | DEBUG | d.t.c.a.a.c.u.util.UserUtilService   : 1 editors generated. Generate 1 instructors...
    23:43:13.293 | 122 Pool-1-worker-37 | DEBUG | d.t.c.a.a.c.u.util.UserUtilService   : 1 instructors generated
    23:43:13.294 | 122 Pool-1-worker-37 | DEBUG | d.t.c.a.a.c.u.util.UserUtilService   : Removing 4 users from all courses...
    23:43:13.295 | 122 Pool-1-worker-37 | DEBUG | d.t.c.a.a.c.u.util.UserUtilService   : Removing 4 users from all courses. Done
    23:43:13.295 | 122 Pool-1-worker-37 | DEBUG | d.t.c.a.a.c.u.util.UserUtilService   : Save 4 users to database...
    23:43:13.299 | 122 Pool-1-worker-37 | DEBUG | d.t.c.a.a.c.u.util.UserUtilService   : Save 4 users to database. Done
    23:43:13.300 | 122 Pool-1-worker-37 | INFO  | i.z.t.d.l.EmbeddedDatabaseReporter   : JDBC URL to connect to 'dataSource': url='jdbc:h2:tcp://localhost:41063/mem:df70fc46-7e57-4cb5-9cd0-c1d90c14afa7;USER=sa', scope='UpdateStandardizedCompetency#shouldReturnBadRequestForInvalidCompetency'
    23:43:13.301 | 122 Pool-1-worker-37 | DEBUG | d.t.c.a.a.c.s.f.ApiVersionFilter     : Adding Version to Request PUT /api/admin/standardized-competencies/48
    23:43:13.303 | 122 Pool-1-worker-37 | WARN  | o.z.p.spring.common.AdviceTraits     : Bad Request: Validation failed for argument [1] in public org.springframework.http.ResponseEntity<de.tum.cit.aet.artemis.atlas.dto.standardizedCompetency.StandardizedCompetencyResultDTO> de.tum.cit.aet.artemis.atlas.web.admin.AdminStandardizedCompetencyResource.updateStandardizedCompetency(long,de.tum.cit.aet.artemis.atlas.dto.standardizedCompetency.StandardizedCompetencyRequestDTO): [Field error in object 'standardizedCompetencyRequestDTO' on field 'title': rejected value [0000000000000000000000000000000000000000000000000000000000000000000000000000000000000000000000000000000000000000000000000000000000000000000000000000000000000000000000000000000000000000000000000000000000000000000000000000000000000000000000000000000000000000]; codes [Size.standardizedCompetencyRequestDTO.title,Size.title,Size.java.lang.String,Size]; arguments [org.springframework.context.support.DefaultMessageSourceResolvable: codes [standardizedCompetencyRequestDTO.title,title]; arguments []; default message [title],255,1]; default message [size must be between 1 and 255]] 

  Starting logs for UpdateStandardizedCompetency > [4] competencyDTO=StandardizedCompetencyRequestDTO[title=valid title, description=000000000000000000000000000000000000000000000000000000000000000000000000000000000000000000000000000000000000000000000000000000000000000000000000000000000000000000000000000000000000000000000000000000000000000000000000000000000000000000000000000000000000000000000000000000000000000000000000000000000000000000000000000000000000000000000000000000000000000000000000000000000000000000000000000000000000000000000000000000000000000000000000000000000000000â€¦
    23:43:13.318 | 122 Pool-1-worker-37 | DEBUG | d.t.c.a.a.c.u.util.UserUtilService   : Generate 1 students...
    23:43:13.321 | 122 Pool-1-worker-37 | DEBUG | d.t.c.a.a.c.u.util.UserUtilService   : 1 students generated. Generate 1 tutors...
    23:43:13.324 | 122 Pool-1-worker-37 | DEBUG | d.t.c.a.a.c.u.util.UserUtilService   : 1 tutors generated. Generate 1 editors...
    23:43:13.327 | 122 Pool-1-worker-37 | DEBUG | d.t.c.a.a.c.u.util.UserUtilService   : 1 editors generated. Generate 1 instructors...
    23:43:13.330 | 122 Pool-1-worker-37 | DEBUG | d.t.c.a.a.c.u.util.UserUtilService   : 1 instructors generated
    23:43:13.331 | 122 Pool-1-worker-37 | DEBUG | d.t.c.a.a.c.u.util.UserUtilService   : Removing 4 users from all courses...
    23:43:13.332 | 122 Pool-1-worker-37 | DEBUG | d.t.c.a.a.c.u.util.UserUtilService   : Removing 4 users from all courses. Done
    23:43:13.332 | 122 Pool-1-worker-37 | DEBUG | d.t.c.a.a.c.u.util.UserUtilService   : Save 4 users to database...
    23:43:13.336 | 122 Pool-1-worker-37 | DEBUG | d.t.c.a.a.c.u.util.UserUtilService   : Save 4 users to database. Done
    23:43:13.337 | 122 Pool-1-worker-37 | INFO  | i.z.t.d.l.EmbeddedDatabaseReporter   : JDBC URL to connect to 'dataSource': url='jdbc:h2:tcp://localhost:41063/mem:df70fc46-7e57-4cb5-9cd0-c1d90c14afa7;USER=sa', scope='UpdateStandardizedCompetency#shouldReturnBadRequestForInvalidCompetency'
    23:43:13.339 | 122 Pool-1-worker-37 | DEBUG | d.t.c.a.a.c.s.f.ApiVersionFilter     : Adding Version to Request PUT /api/admin/standardized-competencies/49
    23:43:13.340 | 122 Pool-1-worker-37 | WARN  | o.z.p.spring.common.AdviceTraits     : Bad Request: Validation failed for argument [1] in public org.springframework.http.ResponseEntity<de.tum.cit.aet.artemis.atlas.dto.standardizedCompetency.StandardizedCompetencyResultDTO> de.tum.cit.aet.artemis.atlas.web.admin.AdminStandardizedCompetencyResource.updateStandardizedCompetency(long,de.tum.cit.aet.artemis.atlas.dto.standardizedCompetency.StandardizedCompetencyRequestDTO): [Field error in object 'standardizedCompetencyRequestDTO' on field 'description': rejected value [000000000000000000000000000000000000000000000000000000000000000000000000000000000000000000000000000000000000000000000000000000000000000000000000000000000000000000000000000000000000000000000000000000000000000000000000000000000000000000000000000000000000000000000000000000000000000000000000000000000000000000000000000000000000000000000000000000000000000000000000000000000000000000000000000000000000000000000000000000000000000000000000000000000000000000000000000000000000000000000000000000000000000000000000000000000000000000000000000000000000000000000000000000000000000000000000000000000000000000000000000000000000000000000000000000000000000000000000000000000000000000000000000000000000000000000000000000000000000000000000000000000000000000000000000000000000000000000000000000000000000000000000000000000000000000000000000000000000000000000000000000000000000000000000000000000000000000000000000000000000000000000000000000000000000000000000000000000000000000000000000000000000000000000000000000000000000000000000000000000000000000000000000000000000000000000000000000000000000000000000000000000000000000000000000000000000000000000000000000000000000000000000000000000000000000000000000000000000000000000000000000000000000000000000000000000000000000000000000000000000000000000000000000000000000000000000000000000000000000000000000000000000000000000000000000000000000000000000000000000000000000000000000000000000000000000000000000000000000000000000000000000000000000000000000000000000000000000000000000000000000000000000000000000000000000000000000000000000000000000000000000000000000000000000000000000000000000000000000000000000000000000000000000000000000000000000000000000000000000000000000000000000000000000000000000000000000000000000000000000000000000000000000000000000000000000000000000000000000000000000000000000000000000000000000000000000000000000000000000000000000000000000000000000000000000000000000000000000000000000000000000000000000000000000000000000000000000000000000000000000000000000000000000000]; codes [Size.standardizedCompetencyRequestDTO.description,Size.description,Size.java.lang.String,Size]; arguments [org.springframework.context.support.DefaultMessageSourceResolvable: codes [standardizedCompetencyRequestDTO.description,description]; arguments []; default message [description],2000,0]; default message [size must be between 0 and 2000]] 

  Starting logs for UpdateStandardizedCompetency > [5] competencyDTO=StandardizedCompetencyRequestDTO[title=valid title, description=valid description, taxonomy=null, knowledgeAreaId=null, sourceId=null]
    23:43:13.357 | 122 Pool-1-worker-37 | DEBUG | d.t.c.a.a.c.u.util.UserUtilService   : Generate 1 students...
    23:43:13.360 | 122 Pool-1-worker-37 | DEBUG | d.t.c.a.a.c.u.util.UserUtilService   : 1 students generated. Generate 1 tutors...
    23:43:13.362 | 122 Pool-1-worker-37 | DEBUG | d.t.c.a.a.c.u.util.UserUtilService   : 1 tutors generated. Generate 1 editors...
    23:43:13.365 | 122 Pool-1-worker-37 | DEBUG | d.t.c.a.a.c.u.util.UserUtilService   : 1 editors generated. Generate 1 instructors...
    23:43:13.368 | 122 Pool-1-worker-37 | DEBUG | d.t.c.a.a.c.u.util.UserUtilService   : 1 instructors generated
    23:43:13.369 | 122 Pool-1-worker-37 | DEBUG | d.t.c.a.a.c.u.util.UserUtilService   : Removing 4 users from all courses...
    23:43:13.370 | 122 Pool-1-worker-37 | DEBUG | d.t.c.a.a.c.u.util.UserUtilService   : Removing 4 users from all courses. Done
    23:43:13.370 | 122 Pool-1-worker-37 | DEBUG | d.t.c.a.a.c.u.util.UserUtilService   : Save 4 users to database...
    23:43:13.373 | 122 Pool-1-worker-37 | DEBUG | d.t.c.a.a.c.u.util.UserUtilService   : Save 4 users to database. Done
    23:43:13.374 | 122 Pool-1-worker-37 | INFO  | i.z.t.d.l.EmbeddedDatabaseReporter   : JDBC URL to connect to 'dataSource': url='jdbc:h2:tcp://localhost:41063/mem:df70fc46-7e57-4cb5-9cd0-c1d90c14afa7;USER=sa', scope='UpdateStandardizedCompetency#shouldReturnBadRequestForInvalidCompetency'
    23:43:13.376 | 122 Pool-1-worker-37 | DEBUG | d.t.c.a.a.c.s.f.ApiVersionFilter     : Adding Version to Request PUT /api/admin/standardized-competencies/50
    23:43:13.378 | 122 Pool-1-worker-37 | WARN  | o.z.p.spring.common.AdviceTraits     : Bad Request: Validation failed for argument [1] in public org.springframework.http.ResponseEntity<de.tum.cit.aet.artemis.atlas.dto.standardizedCompetency.StandardizedCompetencyResultDTO> de.tum.cit.aet.artemis.atlas.web.admin.AdminStandardizedCompetencyResource.updateStandardizedCompetency(long,de.tum.cit.aet.artemis.atlas.dto.standardizedCompetency.StandardizedCompetencyRequestDTO): [Field error in object 'standardizedCompetencyRequestDTO' on field 'knowledgeAreaId': rejected value [null]; codes [NotNull.standardizedCompetencyRequestDTO.knowledgeAreaId,NotNull.knowledgeAreaId,NotNull.java.lang.Long,NotNull]; arguments [org.springframework.context.support.DefaultMessageSourceResolvable: codes [standardizedCompetencyRequestDTO.knowledgeAreaId,knowledgeAreaId]; arguments []; default message [knowledgeAreaId]]; default message [must not be null]] 

  Starting logs for UpdateStandardizedCompetency > shouldUpdateCompetency()
    23:43:13.393 | 122 Pool-1-worker-37 | DEBUG | d.t.c.a.a.c.u.util.UserUtilService   : Generate 1 students...
    23:43:13.397 | 122 Pool-1-worker-37 | DEBUG | d.t.c.a.a.c.u.util.UserUtilService   : 1 students generated. Generate 1 tutors...
    23:43:13.399 | 122 Pool-1-worker-37 | DEBUG | d.t.c.a.a.c.u.util.UserUtilService   : 1 tutors generated. Generate 1 editors...
    23:43:13.402 | 122 Pool-1-worker-37 | DEBUG | d.t.c.a.a.c.u.util.UserUtilService   : 1 editors generated. Generate 1 instructors...
    23:43:13.405 | 122 Pool-1-worker-37 | DEBUG | d.t.c.a.a.c.u.util.UserUtilService   : 1 instructors generated
    23:43:13.406 | 122 Pool-1-worker-37 | DEBUG | d.t.c.a.a.c.u.util.UserUtilService   : Removing 4 users from all courses...
    23:43:13.407 | 122 Pool-1-worker-37 | DEBUG | d.t.c.a.a.c.u.util.UserUtilService   : Removing 4 users from all courses. Done
    23:43:13.407 | 122 Pool-1-worker-37 | DEBUG | d.t.c.a.a.c.u.util.UserUtilService   : Save 4 users to database...
    23:43:13.411 | 122 Pool-1-worker-37 | DEBUG | d.t.c.a.a.c.u.util.UserUtilService   : Save 4 users to database. Done
    23:43:13.412 | 122 Pool-1-worker-37 | INFO  | i.z.t.d.l.EmbeddedDatabaseReporter   : JDBC URL to connect to 'dataSource': url='jdbc:h2:tcp://localhost:41063/mem:df70fc46-7e57-4cb5-9cd0-c1d90c14afa7;USER=sa', scope='UpdateStandardizedCompetency#shouldUpdateCompetency'
    23:43:13.414 | 122 Pool-1-worker-37 | DEBUG | d.t.c.a.a.c.s.f.ApiVersionFilter     : Adding Version to Request PUT /api/admin/standardized-competencies/51
    23:43:13.415 | 122 Pool-1-worker-37 | DEBUG | .AdminStandardizedCompetencyResource : REST request to update standardized competency : StandardizedCompetencyRequestDTO[title=New Title, description=New Description, taxonomy=ANALYZE, knowledgeAreaId=57, sourceId=null]

Finished logs for UpdateStandardizedCompetency
]]></system-out>
  <system-err><![CDATA[]]></system-err>
</testsuite>
