<?xml version="1.0" encoding="UTF-8"?>
<testsuite name="de.tum.cit.aet.artemis.assessment.ResultListenerIntegrationTest" tests="38" skipped="0" failures="0" errors="0" timestamp="2025-02-14T23:41:59" hostname="fv-az1721-502" time="31.042">
  <properties/>
  <testcase name="saveRatedResult_then_makeResultUnrated_ShouldUpdateOriginalStudentScore(boolean) [1] isTeamTest=true" classname="de.tum.cit.aet.artemis.assessment.ResultListenerIntegrationTest" time="0.816"/>
  <testcase name="saveRatedResult_then_makeResultUnrated_ShouldUpdateOriginalStudentScore(boolean) [2] isTeamTest=false" classname="de.tum.cit.aet.artemis.assessment.ResultListenerIntegrationTest" time="0.974"/>
  <testcase name="saveUnratedResult_then_saveAnotherRatedResult_thenRemoveSecondResult_ShouldUpdateStudentScore(boolean) [1] isTeamTest=true" classname="de.tum.cit.aet.artemis.assessment.ResultListenerIntegrationTest" time="1.222"/>
  <testcase name="saveUnratedResult_then_saveAnotherRatedResult_thenRemoveSecondResult_ShouldUpdateStudentScore(boolean) [2] isTeamTest=false" classname="de.tum.cit.aet.artemis.assessment.ResultListenerIntegrationTest" time="1.212"/>
  <testcase name="saveUnratedResult_then_changeScoreOfResult_ShouldUpdateOriginalStudentScore(boolean) [1] isTeamTest=true" classname="de.tum.cit.aet.artemis.assessment.ResultListenerIntegrationTest" time="0.768"/>
  <testcase name="saveUnratedResult_then_changeScoreOfResult_ShouldUpdateOriginalStudentScore(boolean) [2] isTeamTest=false" classname="de.tum.cit.aet.artemis.assessment.ResultListenerIntegrationTest" time="0.752"/>
  <testcase name="saveUnratedResult_ShouldCreateStudentScore(boolean) [1] isTeamTest=true" classname="de.tum.cit.aet.artemis.assessment.ResultListenerIntegrationTest" time="0.435"/>
  <testcase name="saveUnratedResult_ShouldCreateStudentScore(boolean) [2] isTeamTest=false" classname="de.tum.cit.aet.artemis.assessment.ResultListenerIntegrationTest" time="0.447"/>
  <testcase name="updateExercisePoints_ShouldUpdatePointsInParticipantScores(boolean) [1] isTeamTest=true" classname="de.tum.cit.aet.artemis.assessment.ResultListenerIntegrationTest" time="0.708"/>
  <testcase name="updateExercisePoints_ShouldUpdatePointsInParticipantScores(boolean) [2] isTeamTest=false" classname="de.tum.cit.aet.artemis.assessment.ResultListenerIntegrationTest" time="0.44"/>
  <testcase name="saveUnratedResult_then_makeResultRated_ShouldUpdateOriginalStudentScore(boolean) [1] isTeamTest=true" classname="de.tum.cit.aet.artemis.assessment.ResultListenerIntegrationTest" time="0.695"/>
  <testcase name="saveUnratedResult_then_makeResultRated_ShouldUpdateOriginalStudentScore(boolean) [2] isTeamTest=false" classname="de.tum.cit.aet.artemis.assessment.ResultListenerIntegrationTest" time="0.742"/>
  <testcase name="saveRatedResult_then_saveAnotherUnratedResult_thenRemoveSecondResult_ShouldUpdateStudentScore(boolean) [1] isTeamTest=true" classname="de.tum.cit.aet.artemis.assessment.ResultListenerIntegrationTest" time="1.1"/>
  <testcase name="saveRatedResult_then_saveAnotherUnratedResult_thenRemoveSecondResult_ShouldUpdateStudentScore(boolean) [2] isTeamTest=false" classname="de.tum.cit.aet.artemis.assessment.ResultListenerIntegrationTest" time="0.762"/>
  <testcase name="saveRatedResult_then_saveAnotherUnratedResult_ShouldUpdateOriginalStudentScore(boolean) [1] isTeamTest=true" classname="de.tum.cit.aet.artemis.assessment.ResultListenerIntegrationTest" time="0.752"/>
  <testcase name="saveRatedResult_then_saveAnotherUnratedResult_ShouldUpdateOriginalStudentScore(boolean) [2] isTeamTest=false" classname="de.tum.cit.aet.artemis.assessment.ResultListenerIntegrationTest" time="0.81"/>
  <testcase name="saveUnratedResult_then_saveAnotherUnratedResult_thenRemoveSecondResult_ShouldUpdateStudentScore(boolean) [1] isTeamTest=true" classname="de.tum.cit.aet.artemis.assessment.ResultListenerIntegrationTest" time="1.154"/>
  <testcase name="saveUnratedResult_then_saveAnotherUnratedResult_thenRemoveSecondResult_ShouldUpdateStudentScore(boolean) [2] isTeamTest=false" classname="de.tum.cit.aet.artemis.assessment.ResultListenerIntegrationTest" time="1.152"/>
  <testcase name="saveRatedResult_then_saveAnotherUnratedResult_then_removeRatedResult_ShouldUpdateOriginalStudentScore(boolean) [1] isTeamTest=true" classname="de.tum.cit.aet.artemis.assessment.ResultListenerIntegrationTest" time="0.931"/>
  <testcase name="saveRatedResult_then_saveAnotherUnratedResult_then_removeRatedResult_ShouldUpdateOriginalStudentScore(boolean) [2] isTeamTest=false" classname="de.tum.cit.aet.artemis.assessment.ResultListenerIntegrationTest" time="1.158"/>
  <testcase name="saveUnratedResult_then_removeSavedResult_ShouldRemoveAssociatedStudentScore(boolean) [1] isTeamTest=true" classname="de.tum.cit.aet.artemis.assessment.ResultListenerIntegrationTest" time="0.776"/>
  <testcase name="saveUnratedResult_then_removeSavedResult_ShouldRemoveAssociatedStudentScore(boolean) [2] isTeamTest=false" classname="de.tum.cit.aet.artemis.assessment.ResultListenerIntegrationTest" time="0.741"/>
  <testcase name="saveUnratedResult_then_saveAnotherRatedResult_ShouldUpdateOriginalStudentScore(boolean) [1] isTeamTest=true" classname="de.tum.cit.aet.artemis.assessment.ResultListenerIntegrationTest" time="0.74"/>
  <testcase name="saveUnratedResult_then_saveAnotherRatedResult_ShouldUpdateOriginalStudentScore(boolean) [2] isTeamTest=false" classname="de.tum.cit.aet.artemis.assessment.ResultListenerIntegrationTest" time="0.795"/>
  <testcase name="saveRatedResult_then_saveAnotherRatedResult_ShouldUpdateOriginalStudentScore(boolean) [1] isTeamTest=true" classname="de.tum.cit.aet.artemis.assessment.ResultListenerIntegrationTest" time="0.75"/>
  <testcase name="saveRatedResult_then_saveAnotherRatedResult_ShouldUpdateOriginalStudentScore(boolean) [2] isTeamTest=false" classname="de.tum.cit.aet.artemis.assessment.ResultListenerIntegrationTest" time="0.717"/>
  <testcase name="saveRatedResult_then_changeScoreOfResult_ShouldUpdateOriginalStudentScore(boolean) [1] isTeamTest=true" classname="de.tum.cit.aet.artemis.assessment.ResultListenerIntegrationTest" time="0.703"/>
  <testcase name="saveRatedResult_then_changeScoreOfResult_ShouldUpdateOriginalStudentScore(boolean) [2] isTeamTest=false" classname="de.tum.cit.aet.artemis.assessment.ResultListenerIntegrationTest" time="0.7"/>
  <testcase name="saveRatedResult_ShouldCreateStudentScore(boolean) [1] isTeamTest=true" classname="de.tum.cit.aet.artemis.assessment.ResultListenerIntegrationTest" time="0.387"/>
  <testcase name="saveRatedResult_ShouldCreateStudentScore(boolean) [2] isTeamTest=false" classname="de.tum.cit.aet.artemis.assessment.ResultListenerIntegrationTest" time="0.414"/>
  <testcase name="saveRatedResult_then_saveAnotherRatedResult_thenRemoveSecondResult_ShouldUpdateStudentScore(boolean) [1] isTeamTest=true" classname="de.tum.cit.aet.artemis.assessment.ResultListenerIntegrationTest" time="1.076"/>
  <testcase name="saveRatedResult_then_saveAnotherRatedResult_thenRemoveSecondResult_ShouldUpdateStudentScore(boolean) [2] isTeamTest=false" classname="de.tum.cit.aet.artemis.assessment.ResultListenerIntegrationTest" time="0.876"/>
  <testcase name="saveUnratedResult_then_saveAnotherUnratedResult_ShouldUpdateOriginalStudentScore(boolean) [1] isTeamTest=true" classname="de.tum.cit.aet.artemis.assessment.ResultListenerIntegrationTest" time="0.744"/>
  <testcase name="saveUnratedResult_then_saveAnotherUnratedResult_ShouldUpdateOriginalStudentScore(boolean) [2] isTeamTest=false" classname="de.tum.cit.aet.artemis.assessment.ResultListenerIntegrationTest" time="0.713"/>
  <testcase name="saveRatedResult_then_saveAnotherUnratedResult_then_removeUnratedResult_ShouldUpdateOriginalStudentScore(boolean) [1] isTeamTest=true" classname="de.tum.cit.aet.artemis.assessment.ResultListenerIntegrationTest" time="0.985"/>
  <testcase name="saveRatedResult_then_saveAnotherUnratedResult_then_removeUnratedResult_ShouldUpdateOriginalStudentScore(boolean) [2] isTeamTest=false" classname="de.tum.cit.aet.artemis.assessment.ResultListenerIntegrationTest" time="1.086"/>
  <testcase name="saveRatedResult_then_removeSavedResult_ShouldRemoveAssociatedStudentScore(boolean) [1] isTeamTest=true" classname="de.tum.cit.aet.artemis.assessment.ResultListenerIntegrationTest" time="0.749"/>
  <testcase name="saveRatedResult_then_removeSavedResult_ShouldRemoveAssociatedStudentScore(boolean) [2] isTeamTest=false" classname="de.tum.cit.aet.artemis.assessment.ResultListenerIntegrationTest" time="0.697"/>
  <system-out><![CDATA[
Starting logs for ResultListenerIntegrationTest

  Starting logs for ResultListenerIntegrationTest > saveRatedResult_then_makeResultUnrated_ShouldUpdateOriginalStudentScore(boolean) [1] isTeamTest=true
    23:41:59.148 |  39 Pool-1-worker-13 | DEBUG | d.t.c.a.a.c.u.util.UserUtilService   : Generate 1 students...
    23:41:59.155 |  39 Pool-1-worker-13 | DEBUG | d.t.c.a.a.c.u.util.UserUtilService   : 1 students generated. Generate 1 tutors...
    23:41:59.159 |  39 Pool-1-worker-13 | DEBUG | d.t.c.a.a.c.u.util.UserUtilService   : 1 tutors generated. Generate 0 editors...
    23:41:59.161 |  39 Pool-1-worker-13 | DEBUG | d.t.c.a.a.c.u.util.UserUtilService   : 0 editors generated. Generate 1 instructors...
    23:41:59.167 |  39 Pool-1-worker-13 | DEBUG | d.t.c.a.a.c.u.util.UserUtilService   : 1 instructors generated
    23:41:59.173 |  39 Pool-1-worker-13 | DEBUG | d.t.c.a.a.c.u.util.UserUtilService   : Removing 3 users from all courses...
    23:41:59.181 |  39 Pool-1-worker-13 | DEBUG | d.t.c.a.a.c.u.util.UserUtilService   : Removing 3 users from all courses. Done
    23:41:59.181 |  39 Pool-1-worker-13 | DEBUG | d.t.c.a.a.c.u.util.UserUtilService   : Save 3 users to database...
    23:41:59.194 |  39 Pool-1-worker-13 | DEBUG | d.t.c.a.a.c.u.util.UserUtilService   : Save 3 users to database. Done
    23:41:59.219 |  39 Pool-1-worker-13 | INFO  | i.z.t.d.l.EmbeddedDatabaseReporter   : JDBC URL to connect to 'dataSource': url='jdbc:h2:tcp://localhost:41063/mem:f240edcd-27ce-47a3-b4ab-a6a00c154135;USER=sa', scope='ResultListenerIntegrationTest#saveRatedResult_then_makeResultUnrated_ShouldUpdateOriginalStudentScore'
    23:41:59.255 |  39 Pool-1-worker-13 | DEBUG | .c.s.m.InstanceMessageReceiveService : Received schedule participant score for exercise 26 and participant 9 (result to be deleted: null)
    23:41:59.256 |  39 Pool-1-worker-13 | DEBUG | .a.s.ParticipantScoreScheduleService : Scheduled task for exercise 26 and participant 9 at 2025-02-14T23:41:59.356003336Z[Etc/UTC].
    23:41:59.263 |  39 Pool-1-worker-13 | DEBUG | .a.s.ParticipantScoreScheduleService : Scheduled task for exercise 26 and participant 9 at 2025-02-14T23:41:59.363041050Z[Etc/UTC].
    23:41:59.264 |  39 Pool-1-worker-13 | DEBUG | .a.s.ParticipantScoreScheduleService : Processing of 1 results and 0 participant scores.
    23:41:59.363 | 615 taskScheduler-4  | DEBUG | .a.s.ParticipantScoreScheduleService : Processing exercise 26 and participant 9 to update participant scores.
    23:41:59.389 | 615 taskScheduler-4  | DEBUG | .a.s.ParticipantScoreScheduleService : Updated participant score 25.
    23:41:59.390 | 615 taskScheduler-4  | DEBUG | .a.s.ParticipantScoreScheduleService : Updating the participant score for exercise 26 and participant 9 took 27 ms.
    23:41:59.583 |  39 Pool-1-worker-13 | DEBUG | .c.s.m.InstanceMessageReceiveService : Received schedule participant score for exercise 26 and participant 9 (result to be deleted: null)
    23:41:59.583 |  39 Pool-1-worker-13 | DEBUG | .a.s.ParticipantScoreScheduleService : Scheduled task for exercise 26 and participant 9 at 2025-02-14T23:41:59.683842068Z[Etc/UTC].
    23:41:59.594 |  39 Pool-1-worker-13 | DEBUG | .a.s.ParticipantScoreScheduleService : Scheduled task for exercise 26 and participant 9 at 2025-02-14T23:41:59.694883006Z[Etc/UTC].
    23:41:59.595 |  39 Pool-1-worker-13 | DEBUG | .a.s.ParticipantScoreScheduleService : Processing of 1 results and 0 participant scores.
    23:41:59.697 | 614 taskScheduler-3  | DEBUG | .a.s.ParticipantScoreScheduleService : Processing exercise 26 and participant 9 to update participant scores.
    23:41:59.730 | 614 taskScheduler-3  | DEBUG | .a.s.ParticipantScoreScheduleService : Updated participant score 25.
    23:41:59.733 | 614 taskScheduler-3  | DEBUG | .a.s.ParticipantScoreScheduleService : Updating the participant score for exercise 26 and participant 9 took 36 ms.

  Starting logs for ResultListenerIntegrationTest > saveRatedResult_then_makeResultUnrated_ShouldUpdateOriginalStudentScore(boolean) [2] isTeamTest=false
    23:41:59.966 |  39 Pool-1-worker-13 | DEBUG | d.t.c.a.a.c.u.util.UserUtilService   : Generate 1 students...
    23:41:59.983 |  39 Pool-1-worker-13 | DEBUG | d.t.c.a.a.c.u.util.UserUtilService   : 1 students generated. Generate 1 tutors...
    23:41:59.994 |  39 Pool-1-worker-13 | DEBUG | d.t.c.a.a.c.u.util.UserUtilService   : 1 tutors generated. Generate 0 editors...
    23:41:59.999 |  39 Pool-1-worker-13 | DEBUG | d.t.c.a.a.c.u.util.UserUtilService   : 0 editors generated. Generate 1 instructors...
    23:42:00.000 | 601 taskScheduler-2  | DEBUG | .a.s.ParticipantScoreScheduleService : Schedule tasks to process...
    23:42:00.004 | 601 taskScheduler-2  | DEBUG | .a.s.ParticipantScoreScheduleService : Processing of 0 results and 0 participant scores.
    23:42:00.010 |  39 Pool-1-worker-13 | DEBUG | d.t.c.a.a.c.u.util.UserUtilService   : 1 instructors generated
    23:42:00.014 |  39 Pool-1-worker-13 | DEBUG | d.t.c.a.a.c.u.util.UserUtilService   : Removing 3 users from all courses...
    23:42:00.019 |  39 Pool-1-worker-13 | DEBUG | d.t.c.a.a.c.u.util.UserUtilService   : Removing 3 users from all courses. Done
    23:42:00.019 |  39 Pool-1-worker-13 | DEBUG | d.t.c.a.a.c.u.util.UserUtilService   : Save 3 users to database...
    23:42:00.043 |  39 Pool-1-worker-13 | DEBUG | d.t.c.a.a.c.u.util.UserUtilService   : Save 3 users to database. Done
    23:42:00.062 |  39 Pool-1-worker-13 | INFO  | i.z.t.d.l.EmbeddedDatabaseReporter   : JDBC URL to connect to 'dataSource': url='jdbc:h2:tcp://localhost:41063/mem:f240edcd-27ce-47a3-b4ab-a6a00c154135;USER=sa', scope='ResultListenerIntegrationTest#saveRatedResult_then_makeResultUnrated_ShouldUpdateOriginalStudentScore'
    23:42:00.097 |  39 Pool-1-worker-13 | DEBUG | .c.s.m.InstanceMessageReceiveService : Received schedule participant score for exercise 27 and participant 6 (result to be deleted: null)
    23:42:00.097 |  39 Pool-1-worker-13 | DEBUG | .a.s.ParticipantScoreScheduleService : Scheduled task for exercise 27 and participant 6 at 2025-02-14T23:42:00.197681948Z[Etc/UTC].
    23:42:00.103 |  39 Pool-1-worker-13 | DEBUG | .a.s.ParticipantScoreScheduleService : Scheduled task for exercise 27 and participant 6 at 2025-02-14T23:42:00.203450024Z[Etc/UTC].
    23:42:00.104 |  39 Pool-1-worker-13 | DEBUG | .a.s.ParticipantScoreScheduleService : Processing of 1 results and 0 participant scores.
    23:42:00.203 | 615 taskScheduler-4  | DEBUG | .a.s.ParticipantScoreScheduleService : Processing exercise 27 and participant 6 to update participant scores.
    23:42:00.252 | 615 taskScheduler-4  | DEBUG | .a.s.ParticipantScoreScheduleService : Updated participant score 26.
    23:42:00.260 | 615 taskScheduler-4  | DEBUG | .a.s.ParticipantScoreScheduleService : Updating the participant score for exercise 27 and participant 6 took 57 ms.
    23:42:00.420 |  39 Pool-1-worker-13 | DEBUG | .c.s.m.InstanceMessageReceiveService : Received schedule participant score for exercise 27 and participant 6 (result to be deleted: null)
    23:42:00.420 |  39 Pool-1-worker-13 | DEBUG | .a.s.ParticipantScoreScheduleService : Scheduled task for exercise 27 and participant 6 at 2025-02-14T23:42:00.520195219Z[Etc/UTC].
    23:42:00.437 |  39 Pool-1-worker-13 | DEBUG | .a.s.ParticipantScoreScheduleService : Scheduled task for exercise 27 and participant 6 at 2025-02-14T23:42:00.537407944Z[Etc/UTC].
    23:42:00.438 |  39 Pool-1-worker-13 | DEBUG | .a.s.ParticipantScoreScheduleService : Processing of 1 results and 0 participant scores.
    23:42:00.675 | 614 taskScheduler-3  | DEBUG | .a.s.ParticipantScoreScheduleService : Processing exercise 27 and participant 6 to update participant scores.
    23:42:00.692 | 614 taskScheduler-3  | DEBUG | .a.s.ParticipantScoreScheduleService : Updated participant score 26.
    23:42:00.693 | 614 taskScheduler-3  | DEBUG | .a.s.ParticipantScoreScheduleService : Updating the participant score for exercise 27 and participant 6 took 18 ms.

  Starting logs for ResultListenerIntegrationTest > saveUnratedResult_then_saveAnotherRatedResult_thenRemoveSecondResult_ShouldUpdateStudentScore(boolean) [1] isTeamTest=true
    23:42:00.973 |  39 Pool-1-worker-13 | DEBUG | d.t.c.a.a.c.u.util.UserUtilService   : Generate 1 students...
    23:42:00.984 |  39 Pool-1-worker-13 | DEBUG | d.t.c.a.a.c.u.util.UserUtilService   : 1 students generated. Generate 1 tutors...
    23:42:00.994 |  39 Pool-1-worker-13 | DEBUG | d.t.c.a.a.c.u.util.UserUtilService   : 1 tutors generated. Generate 0 editors...
    23:42:01.001 |  39 Pool-1-worker-13 | DEBUG | d.t.c.a.a.c.u.util.UserUtilService   : 0 editors generated. Generate 1 instructors...
    23:42:01.018 |  39 Pool-1-worker-13 | DEBUG | d.t.c.a.a.c.u.util.UserUtilService   : 1 instructors generated
    23:42:01.020 |  39 Pool-1-worker-13 | DEBUG | d.t.c.a.a.c.u.util.UserUtilService   : Removing 3 users from all courses...
    23:42:01.022 |  39 Pool-1-worker-13 | DEBUG | d.t.c.a.a.c.u.util.UserUtilService   : Removing 3 users from all courses. Done
    23:42:01.028 |  39 Pool-1-worker-13 | DEBUG | d.t.c.a.a.c.u.util.UserUtilService   : Save 3 users to database...
    23:42:01.050 |  39 Pool-1-worker-13 | DEBUG | d.t.c.a.a.c.u.util.UserUtilService   : Save 3 users to database. Done
    23:42:01.079 |  39 Pool-1-worker-13 | INFO  | i.z.t.d.l.EmbeddedDatabaseReporter   : JDBC URL to connect to 'dataSource': url='jdbc:h2:tcp://localhost:41063/mem:f240edcd-27ce-47a3-b4ab-a6a00c154135;USER=sa', scope='ResultListenerIntegrationTest#saveUnratedResult_then_saveAnotherRatedResult_thenRemoveSecondResult_ShouldUpdateStudentScore'
    23:42:01.124 |  39 Pool-1-worker-13 | DEBUG | .c.s.m.InstanceMessageReceiveService : Received schedule participant score for exercise 30 and participant 11 (result to be deleted: null)
    23:42:01.124 |  39 Pool-1-worker-13 | DEBUG | .a.s.ParticipantScoreScheduleService : Scheduled task for exercise 30 and participant 11 at 2025-02-14T23:42:01.224279731Z[Etc/UTC].
    23:42:01.130 |  39 Pool-1-worker-13 | DEBUG | .a.s.ParticipantScoreScheduleService : Scheduled task for exercise 30 and participant 11 at 2025-02-14T23:42:01.230177238Z[Etc/UTC].
    23:42:01.130 |  39 Pool-1-worker-13 | DEBUG | .a.s.ParticipantScoreScheduleService : Processing of 1 results and 0 participant scores.
    23:42:01.230 | 601 taskScheduler-2  | DEBUG | .a.s.ParticipantScoreScheduleService : Processing exercise 30 and participant 11 to update participant scores.
    23:42:01.249 | 601 taskScheduler-2  | DEBUG | .a.s.ParticipantScoreScheduleService : Updated participant score 27.
    23:42:01.250 | 601 taskScheduler-2  | DEBUG | .a.s.ParticipantScoreScheduleService : Updating the participant score for exercise 30 and participant 11 took 20 ms.
    23:42:01.458 |  39 Pool-1-worker-13 | DEBUG | .c.s.m.InstanceMessageReceiveService : Received schedule participant score for exercise 30 and participant 11 (result to be deleted: null)
    23:42:01.462 |  39 Pool-1-worker-13 | DEBUG | .a.s.ParticipantScoreScheduleService : Scheduled task for exercise 30 and participant 11 at 2025-02-14T23:42:01.562672752Z[Etc/UTC].
    23:42:01.471 |  39 Pool-1-worker-13 | DEBUG | .a.s.ParticipantScoreScheduleService : Scheduled task for exercise 30 and participant 11 at 2025-02-14T23:42:01.570954728Z[Etc/UTC].
    23:42:01.477 |  39 Pool-1-worker-13 | DEBUG | .a.s.ParticipantScoreScheduleService : Processing of 1 results and 0 participant scores.
    23:42:01.571 | 614 taskScheduler-3  | DEBUG | .a.s.ParticipantScoreScheduleService : Processing exercise 30 and participant 11 to update participant scores.
    23:42:01.592 | 614 taskScheduler-3  | DEBUG | .a.s.ParticipantScoreScheduleService : Updated participant score 27.
    23:42:01.594 | 614 taskScheduler-3  | DEBUG | .a.s.ParticipantScoreScheduleService : Updating the participant score for exercise 30 and participant 11 took 23 ms.
    23:42:01.789 |  39 Pool-1-worker-13 | DEBUG | d.t.c.a.a.a.service.ResultService    : Delete result 29
    23:42:01.794 |  39 Pool-1-worker-13 | DEBUG | d.t.c.a.a.a.service.ResultService    : Delete result references 29
    23:42:01.812 |  39 Pool-1-worker-13 | DEBUG | .c.s.m.InstanceMessageReceiveService : Received schedule participant score for exercise 30 and participant 11 (result to be deleted: 29)
    23:42:01.812 |  39 Pool-1-worker-13 | DEBUG | .a.s.ParticipantScoreScheduleService : Scheduled task for exercise 30 and participant 11 at 2025-02-14T23:42:01.912182235Z[Etc/UTC].
    23:42:01.828 |  39 Pool-1-worker-13 | DEBUG | .a.s.ParticipantScoreScheduleService : Scheduled task for exercise 30 and participant 11 at 2025-02-14T23:42:01.928895451Z[Etc/UTC].
    23:42:01.828 |  39 Pool-1-worker-13 | DEBUG | .a.s.ParticipantScoreScheduleService : Processing of 0 results and 1 participant scores.
    23:42:01.929 | 601 taskScheduler-2  | DEBUG | .a.s.ParticipantScoreScheduleService : Processing exercise 30 and participant 11 to update participant scores.
    23:42:01.959 | 601 taskScheduler-2  | DEBUG | .a.s.ParticipantScoreScheduleService : Updated participant score 27.
    23:42:01.967 | 601 taskScheduler-2  | DEBUG | .a.s.ParticipantScoreScheduleService : Updating the participant score for exercise 30 and participant 11 took 38 ms.

  Starting logs for ResultListenerIntegrationTest > saveUnratedResult_then_saveAnotherRatedResult_thenRemoveSecondResult_ShouldUpdateStudentScore(boolean) [2] isTeamTest=false
    23:42:02.208 |  39 Pool-1-worker-13 | DEBUG | d.t.c.a.a.c.u.util.UserUtilService   : Generate 1 students...
    23:42:02.220 |  39 Pool-1-worker-13 | DEBUG | d.t.c.a.a.c.u.util.UserUtilService   : 1 students generated. Generate 1 tutors...
    23:42:02.231 |  39 Pool-1-worker-13 | DEBUG | d.t.c.a.a.c.u.util.UserUtilService   : 1 tutors generated. Generate 0 editors...
    23:42:02.232 |  39 Pool-1-worker-13 | DEBUG | d.t.c.a.a.c.u.util.UserUtilService   : 0 editors generated. Generate 1 instructors...
    23:42:02.243 |  39 Pool-1-worker-13 | DEBUG | d.t.c.a.a.c.u.util.UserUtilService   : 1 instructors generated
    23:42:02.250 |  39 Pool-1-worker-13 | DEBUG | d.t.c.a.a.c.u.util.UserUtilService   : Removing 3 users from all courses...
    23:42:02.254 |  39 Pool-1-worker-13 | DEBUG | d.t.c.a.a.c.u.util.UserUtilService   : Removing 3 users from all courses. Done
    23:42:02.254 |  39 Pool-1-worker-13 | DEBUG | d.t.c.a.a.c.u.util.UserUtilService   : Save 3 users to database...
    23:42:02.271 |  39 Pool-1-worker-13 | DEBUG | d.t.c.a.a.c.u.util.UserUtilService   : Save 3 users to database. Done
    23:42:02.289 |  39 Pool-1-worker-13 | INFO  | i.z.t.d.l.EmbeddedDatabaseReporter   : JDBC URL to connect to 'dataSource': url='jdbc:h2:tcp://localhost:41063/mem:f240edcd-27ce-47a3-b4ab-a6a00c154135;USER=sa', scope='ResultListenerIntegrationTest#saveUnratedResult_then_saveAnotherRatedResult_thenRemoveSecondResult_ShouldUpdateStudentScore'
    23:42:02.322 |  39 Pool-1-worker-13 | DEBUG | .c.s.m.InstanceMessageReceiveService : Received schedule participant score for exercise 31 and participant 6 (result to be deleted: null)
    23:42:02.322 |  39 Pool-1-worker-13 | DEBUG | .a.s.ParticipantScoreScheduleService : Scheduled task for exercise 31 and participant 6 at 2025-02-14T23:42:02.422651109Z[Etc/UTC].
    23:42:02.330 |  39 Pool-1-worker-13 | DEBUG | .a.s.ParticipantScoreScheduleService : Scheduled task for exercise 31 and participant 6 at 2025-02-14T23:42:02.430618045Z[Etc/UTC].
    23:42:02.331 |  39 Pool-1-worker-13 | DEBUG | .a.s.ParticipantScoreScheduleService : Processing of 1 results and 0 participant scores.
    23:42:02.430 | 614 taskScheduler-3  | DEBUG | .a.s.ParticipantScoreScheduleService : Processing exercise 31 and participant 6 to update participant scores.
    23:42:02.452 | 614 taskScheduler-3  | DEBUG | .a.s.ParticipantScoreScheduleService : Updated participant score 28.
    23:42:02.458 | 614 taskScheduler-3  | DEBUG | .a.s.ParticipantScoreScheduleService : Updating the participant score for exercise 31 and participant 6 took 28 ms.
    23:42:02.548 | 600 taskScheduler-1  | DEBUG | a.a.b.s.SharedQueueProcessingService : Currently processing jobs on this node: 0, active threads in Pool: 0, maximum pool size of thread executor : 1
    23:42:02.672 |  39 Pool-1-worker-13 | DEBUG | .c.s.m.InstanceMessageReceiveService : Received schedule participant score for exercise 31 and participant 6 (result to be deleted: null)
    23:42:02.672 |  39 Pool-1-worker-13 | DEBUG | .a.s.ParticipantScoreScheduleService : Scheduled task for exercise 31 and participant 6 at 2025-02-14T23:42:02.772687977Z[Etc/UTC].
    23:42:02.685 |  39 Pool-1-worker-13 | DEBUG | .a.s.ParticipantScoreScheduleService : Scheduled task for exercise 31 and participant 6 at 2025-02-14T23:42:02.785152771Z[Etc/UTC].
    23:42:02.685 |  39 Pool-1-worker-13 | DEBUG | .a.s.ParticipantScoreScheduleService : Processing of 1 results and 0 participant scores.
    23:42:02.785 | 615 taskScheduler-4  | DEBUG | .a.s.ParticipantScoreScheduleService : Processing exercise 31 and participant 6 to update participant scores.
    23:42:02.804 | 615 taskScheduler-4  | DEBUG | .a.s.ParticipantScoreScheduleService : Updated participant score 28.
    23:42:02.810 | 615 taskScheduler-4  | DEBUG | .a.s.ParticipantScoreScheduleService : Updating the participant score for exercise 31 and participant 6 took 25 ms.
    23:42:03.010 |  39 Pool-1-worker-13 | DEBUG | d.t.c.a.a.a.service.ResultService    : Delete result 31
    23:42:03.010 |  39 Pool-1-worker-13 | DEBUG | d.t.c.a.a.a.service.ResultService    : Delete result references 31
    23:42:03.020 |  39 Pool-1-worker-13 | DEBUG | .c.s.m.InstanceMessageReceiveService : Received schedule participant score for exercise 31 and participant 6 (result to be deleted: 31)
    23:42:03.020 |  39 Pool-1-worker-13 | DEBUG | .a.s.ParticipantScoreScheduleService : Scheduled task for exercise 31 and participant 6 at 2025-02-14T23:42:03.120808106Z[Etc/UTC].
    23:42:03.037 |  39 Pool-1-worker-13 | DEBUG | .a.s.ParticipantScoreScheduleService : Scheduled task for exercise 31 and participant 6 at 2025-02-14T23:42:03.137090489Z[Etc/UTC].
    23:42:03.037 |  39 Pool-1-worker-13 | DEBUG | .a.s.ParticipantScoreScheduleService : Processing of 0 results and 1 participant scores.
    23:42:03.137 | 601 taskScheduler-2  | DEBUG | .a.s.ParticipantScoreScheduleService : Processing exercise 31 and participant 6 to update participant scores.
    23:42:03.152 | 601 taskScheduler-2  | DEBUG | .a.s.ParticipantScoreScheduleService : Updated participant score 28.
    23:42:03.153 | 601 taskScheduler-2  | DEBUG | .a.s.ParticipantScoreScheduleService : Updating the participant score for exercise 31 and participant 6 took 16 ms.

  Starting logs for ResultListenerIntegrationTest > saveUnratedResult_then_changeScoreOfResult_ShouldUpdateOriginalStudentScore(boolean) [1] isTeamTest=true
    23:42:03.406 |  39 Pool-1-worker-13 | DEBUG | d.t.c.a.a.c.u.util.UserUtilService   : Generate 1 students...
    23:42:03.411 |  39 Pool-1-worker-13 | DEBUG | d.t.c.a.a.c.u.util.UserUtilService   : 1 students generated. Generate 1 tutors...
    23:42:03.414 |  39 Pool-1-worker-13 | DEBUG | d.t.c.a.a.c.u.util.UserUtilService   : 1 tutors generated. Generate 0 editors...
    23:42:03.416 |  39 Pool-1-worker-13 | DEBUG | d.t.c.a.a.c.u.util.UserUtilService   : 0 editors generated. Generate 1 instructors...
    23:42:03.419 |  39 Pool-1-worker-13 | DEBUG | d.t.c.a.a.c.u.util.UserUtilService   : 1 instructors generated
    23:42:03.422 |  39 Pool-1-worker-13 | DEBUG | d.t.c.a.a.c.u.util.UserUtilService   : Removing 3 users from all courses...
    23:42:03.423 |  39 Pool-1-worker-13 | DEBUG | d.t.c.a.a.c.u.util.UserUtilService   : Removing 3 users from all courses. Done
    23:42:03.423 |  39 Pool-1-worker-13 | DEBUG | d.t.c.a.a.c.u.util.UserUtilService   : Save 3 users to database...
    23:42:03.433 |  39 Pool-1-worker-13 | DEBUG | d.t.c.a.a.c.u.util.UserUtilService   : Save 3 users to database. Done
    23:42:03.449 |  39 Pool-1-worker-13 | INFO  | i.z.t.d.l.EmbeddedDatabaseReporter   : JDBC URL to connect to 'dataSource': url='jdbc:h2:tcp://localhost:41063/mem:f240edcd-27ce-47a3-b4ab-a6a00c154135;USER=sa', scope='ResultListenerIntegrationTest#saveUnratedResult_then_changeScoreOfResult_ShouldUpdateOriginalStudentScore'
    23:42:03.482 |  39 Pool-1-worker-13 | DEBUG | .c.s.m.InstanceMessageReceiveService : Received schedule participant score for exercise 34 and participant 13 (result to be deleted: null)
    23:42:03.482 |  39 Pool-1-worker-13 | DEBUG | .a.s.ParticipantScoreScheduleService : Scheduled task for exercise 34 and participant 13 at 2025-02-14T23:42:03.582181632Z[Etc/UTC].
    23:42:03.488 |  39 Pool-1-worker-13 | DEBUG | .a.s.ParticipantScoreScheduleService : Scheduled task for exercise 34 and participant 13 at 2025-02-14T23:42:03.588350685Z[Etc/UTC].
    23:42:03.490 |  39 Pool-1-worker-13 | DEBUG | .a.s.ParticipantScoreScheduleService : Processing of 1 results and 0 participant scores.
    23:42:03.603 | 615 taskScheduler-4  | DEBUG | .a.s.ParticipantScoreScheduleService : Processing exercise 34 and participant 13 to update participant scores.
    23:42:03.631 | 615 taskScheduler-4  | DEBUG | .a.s.ParticipantScoreScheduleService : Updated participant score 29.
    23:42:03.632 | 615 taskScheduler-4  | DEBUG | .a.s.ParticipantScoreScheduleService : Updating the participant score for exercise 34 and participant 13 took 29 ms.
    23:42:03.824 |  39 Pool-1-worker-13 | DEBUG | .c.s.m.InstanceMessageReceiveService : Received schedule participant score for exercise 34 and participant 13 (result to be deleted: null)
    23:42:03.824 |  39 Pool-1-worker-13 | DEBUG | .a.s.ParticipantScoreScheduleService : Scheduled task for exercise 34 and participant 13 at 2025-02-14T23:42:03.924813960Z[Etc/UTC].
    23:42:03.828 |  39 Pool-1-worker-13 | DEBUG | .a.s.ParticipantScoreScheduleService : Scheduled task for exercise 34 and participant 13 at 2025-02-14T23:42:03.928963688Z[Etc/UTC].
    23:42:03.829 |  39 Pool-1-worker-13 | DEBUG | .a.s.ParticipantScoreScheduleService : Processing of 1 results and 0 participant scores.
    23:42:03.929 | 601 taskScheduler-2  | DEBUG | .a.s.ParticipantScoreScheduleService : Processing exercise 34 and participant 13 to update participant scores.
    23:42:03.950 | 601 taskScheduler-2  | DEBUG | .a.s.ParticipantScoreScheduleService : Updated participant score 29.
    23:42:03.951 | 601 taskScheduler-2  | DEBUG | .a.s.ParticipantScoreScheduleService : Updating the participant score for exercise 34 and participant 13 took 22 ms.

  Starting logs for ResultListenerIntegrationTest > saveUnratedResult_then_changeScoreOfResult_ShouldUpdateOriginalStudentScore(boolean) [2] isTeamTest=false
    23:42:04.190 |  39 Pool-1-worker-13 | DEBUG | d.t.c.a.a.c.u.util.UserUtilService   : Generate 1 students...
    23:42:04.198 |  39 Pool-1-worker-13 | DEBUG | d.t.c.a.a.c.u.util.UserUtilService   : 1 students generated. Generate 1 tutors...
    23:42:04.204 |  39 Pool-1-worker-13 | DEBUG | d.t.c.a.a.c.u.util.UserUtilService   : 1 tutors generated. Generate 0 editors...
    23:42:04.209 |  39 Pool-1-worker-13 | DEBUG | d.t.c.a.a.c.u.util.UserUtilService   : 0 editors generated. Generate 1 instructors...
    23:42:04.215 |  39 Pool-1-worker-13 | DEBUG | d.t.c.a.a.c.u.util.UserUtilService   : 1 instructors generated
    23:42:04.221 |  39 Pool-1-worker-13 | DEBUG | d.t.c.a.a.c.u.util.UserUtilService   : Removing 3 users from all courses...
    23:42:04.225 |  39 Pool-1-worker-13 | DEBUG | d.t.c.a.a.c.u.util.UserUtilService   : Removing 3 users from all courses. Done
    23:42:04.225 |  39 Pool-1-worker-13 | DEBUG | d.t.c.a.a.c.u.util.UserUtilService   : Save 3 users to database...
    23:42:04.241 |  39 Pool-1-worker-13 | DEBUG | d.t.c.a.a.c.u.util.UserUtilService   : Save 3 users to database. Done
    23:42:04.255 |  39 Pool-1-worker-13 | INFO  | i.z.t.d.l.EmbeddedDatabaseReporter   : JDBC URL to connect to 'dataSource': url='jdbc:h2:tcp://localhost:41063/mem:f240edcd-27ce-47a3-b4ab-a6a00c154135;USER=sa', scope='ResultListenerIntegrationTest#saveUnratedResult_then_changeScoreOfResult_ShouldUpdateOriginalStudentScore'
    23:42:04.279 |  39 Pool-1-worker-13 | DEBUG | .c.s.m.InstanceMessageReceiveService : Received schedule participant score for exercise 35 and participant 6 (result to be deleted: null)
    23:42:04.279 |  39 Pool-1-worker-13 | DEBUG | .a.s.ParticipantScoreScheduleService : Scheduled task for exercise 35 and participant 6 at 2025-02-14T23:42:04.379249109Z[Etc/UTC].
    23:42:04.286 |  39 Pool-1-worker-13 | DEBUG | .a.s.ParticipantScoreScheduleService : Scheduled task for exercise 35 and participant 6 at 2025-02-14T23:42:04.386412076Z[Etc/UTC].
    23:42:04.286 |  39 Pool-1-worker-13 | DEBUG | .a.s.ParticipantScoreScheduleService : Processing of 1 results and 0 participant scores.
    23:42:04.386 | 614 taskScheduler-3  | DEBUG | .a.s.ParticipantScoreScheduleService : Processing exercise 35 and participant 6 to update participant scores.
    23:42:04.400 | 614 taskScheduler-3  | DEBUG | .a.s.ParticipantScoreScheduleService : Updated participant score 30.
    23:42:04.401 | 614 taskScheduler-3  | DEBUG | .a.s.ParticipantScoreScheduleService : Updating the participant score for exercise 35 and participant 6 took 15 ms.
    23:42:04.599 |  39 Pool-1-worker-13 | DEBUG | .c.s.m.InstanceMessageReceiveService : Received schedule participant score for exercise 35 and participant 6 (result to be deleted: null)
    23:42:04.599 |  39 Pool-1-worker-13 | DEBUG | .a.s.ParticipantScoreScheduleService : Scheduled task for exercise 35 and participant 6 at 2025-02-14T23:42:04.699207983Z[Etc/UTC].
    23:42:04.602 |  39 Pool-1-worker-13 | DEBUG | .a.s.ParticipantScoreScheduleService : Scheduled task for exercise 35 and participant 6 at 2025-02-14T23:42:04.702249924Z[Etc/UTC].
    23:42:04.602 |  39 Pool-1-worker-13 | DEBUG | .a.s.ParticipantScoreScheduleService : Processing of 1 results and 0 participant scores.
    23:42:04.702 | 601 taskScheduler-2  | DEBUG | .a.s.ParticipantScoreScheduleService : Processing exercise 35 and participant 6 to update participant scores.
    23:42:04.721 | 601 taskScheduler-2  | DEBUG | .a.s.ParticipantScoreScheduleService : Updated participant score 30.
    23:42:04.726 | 601 taskScheduler-2  | DEBUG | .a.s.ParticipantScoreScheduleService : Updating the participant score for exercise 35 and participant 6 took 24 ms.

  Starting logs for ResultListenerIntegrationTest > saveUnratedResult_ShouldCreateStudentScore(boolean) [1] isTeamTest=true
    23:42:04.953 |  39 Pool-1-worker-13 | DEBUG | d.t.c.a.a.c.u.util.UserUtilService   : Generate 1 students...
    23:42:04.967 |  39 Pool-1-worker-13 | DEBUG | d.t.c.a.a.c.u.util.UserUtilService   : 1 students generated. Generate 1 tutors...
    23:42:04.974 |  39 Pool-1-worker-13 | DEBUG | d.t.c.a.a.c.u.util.UserUtilService   : 1 tutors generated. Generate 0 editors...
    23:42:04.975 |  39 Pool-1-worker-13 | DEBUG | d.t.c.a.a.c.u.util.UserUtilService   : 0 editors generated. Generate 1 instructors...
    23:42:04.985 |  39 Pool-1-worker-13 | DEBUG | d.t.c.a.a.c.u.util.UserUtilService   : 1 instructors generated
    23:42:04.987 |  39 Pool-1-worker-13 | DEBUG | d.t.c.a.a.c.u.util.UserUtilService   : Removing 3 users from all courses...
    23:42:04.992 |  39 Pool-1-worker-13 | DEBUG | d.t.c.a.a.c.u.util.UserUtilService   : Removing 3 users from all courses. Done
    23:42:04.992 |  39 Pool-1-worker-13 | DEBUG | d.t.c.a.a.c.u.util.UserUtilService   : Save 3 users to database...
    23:42:05.004 |  39 Pool-1-worker-13 | DEBUG | d.t.c.a.a.c.u.util.UserUtilService   : Save 3 users to database. Done
    23:42:05.020 |  39 Pool-1-worker-13 | INFO  | i.z.t.d.l.EmbeddedDatabaseReporter   : JDBC URL to connect to 'dataSource': url='jdbc:h2:tcp://localhost:41063/mem:f240edcd-27ce-47a3-b4ab-a6a00c154135;USER=sa', scope='ResultListenerIntegrationTest#saveUnratedResult_ShouldCreateStudentScore'
    23:42:05.034 |  39 Pool-1-worker-13 | DEBUG | .c.s.m.InstanceMessageReceiveService : Received schedule participant score for exercise 38 and participant 15 (result to be deleted: null)
    23:42:05.035 |  39 Pool-1-worker-13 | DEBUG | .a.s.ParticipantScoreScheduleService : Scheduled task for exercise 38 and participant 15 at 2025-02-14T23:42:05.134977518Z[Etc/UTC].
    23:42:05.038 |  39 Pool-1-worker-13 | DEBUG | .a.s.ParticipantScoreScheduleService : Scheduled task for exercise 38 and participant 15 at 2025-02-14T23:42:05.138940488Z[Etc/UTC].
    23:42:05.039 |  39 Pool-1-worker-13 | DEBUG | .a.s.ParticipantScoreScheduleService : Processing of 1 results and 0 participant scores.
    23:42:05.139 | 614 taskScheduler-3  | DEBUG | .a.s.ParticipantScoreScheduleService : Processing exercise 38 and participant 15 to update participant scores.
    23:42:05.153 | 614 taskScheduler-3  | DEBUG | .a.s.ParticipantScoreScheduleService : Updated participant score 31.
    23:42:05.157 | 614 taskScheduler-3  | DEBUG | .a.s.ParticipantScoreScheduleService : Updating the participant score for exercise 38 and participant 15 took 18 ms.

  Starting logs for ResultListenerIntegrationTest > saveUnratedResult_ShouldCreateStudentScore(boolean) [2] isTeamTest=false
    23:42:05.396 |  39 Pool-1-worker-13 | DEBUG | d.t.c.a.a.c.u.util.UserUtilService   : Generate 1 students...
    23:42:05.405 |  39 Pool-1-worker-13 | DEBUG | d.t.c.a.a.c.u.util.UserUtilService   : 1 students generated. Generate 1 tutors...
    23:42:05.413 |  39 Pool-1-worker-13 | DEBUG | d.t.c.a.a.c.u.util.UserUtilService   : 1 tutors generated. Generate 0 editors...
    23:42:05.415 |  39 Pool-1-worker-13 | DEBUG | d.t.c.a.a.c.u.util.UserUtilService   : 0 editors generated. Generate 1 instructors...
    23:42:05.422 |  39 Pool-1-worker-13 | DEBUG | d.t.c.a.a.c.u.util.UserUtilService   : 1 instructors generated
    23:42:05.424 |  39 Pool-1-worker-13 | DEBUG | d.t.c.a.a.c.u.util.UserUtilService   : Removing 3 users from all courses...
    23:42:05.428 |  39 Pool-1-worker-13 | DEBUG | d.t.c.a.a.c.u.util.UserUtilService   : Removing 3 users from all courses. Done
    23:42:05.428 |  39 Pool-1-worker-13 | DEBUG | d.t.c.a.a.c.u.util.UserUtilService   : Save 3 users to database...
    23:42:05.443 |  39 Pool-1-worker-13 | DEBUG | d.t.c.a.a.c.u.util.UserUtilService   : Save 3 users to database. Done
    23:42:05.457 |  39 Pool-1-worker-13 | INFO  | i.z.t.d.l.EmbeddedDatabaseReporter   : JDBC URL to connect to 'dataSource': url='jdbc:h2:tcp://localhost:41063/mem:f240edcd-27ce-47a3-b4ab-a6a00c154135;USER=sa', scope='ResultListenerIntegrationTest#saveUnratedResult_ShouldCreateStudentScore'
    23:42:05.483 |  39 Pool-1-worker-13 | DEBUG | .c.s.m.InstanceMessageReceiveService : Received schedule participant score for exercise 39 and participant 6 (result to be deleted: null)
    23:42:05.483 |  39 Pool-1-worker-13 | DEBUG | .a.s.ParticipantScoreScheduleService : Scheduled task for exercise 39 and participant 6 at 2025-02-14T23:42:05.583660976Z[Etc/UTC].
    23:42:05.489 |  39 Pool-1-worker-13 | DEBUG | .a.s.ParticipantScoreScheduleService : Scheduled task for exercise 39 and participant 6 at 2025-02-14T23:42:05.589260167Z[Etc/UTC].
    23:42:05.489 |  39 Pool-1-worker-13 | DEBUG | .a.s.ParticipantScoreScheduleService : Processing of 1 results and 0 participant scores.
    23:42:05.589 | 601 taskScheduler-2  | DEBUG | .a.s.ParticipantScoreScheduleService : Processing exercise 39 and participant 6 to update participant scores.
    23:42:05.602 | 601 taskScheduler-2  | DEBUG | .a.s.ParticipantScoreScheduleService : Updated participant score 32.
    23:42:05.603 | 601 taskScheduler-2  | DEBUG | .a.s.ParticipantScoreScheduleService : Updating the participant score for exercise 39 and participant 6 took 14 ms.

  Starting logs for ResultListenerIntegrationTest > updateExercisePoints_ShouldUpdatePointsInParticipantScores(boolean) [1] isTeamTest=true
    23:42:05.888 |  39 Pool-1-worker-13 | DEBUG | d.t.c.a.a.c.u.util.UserUtilService   : Generate 1 students...
    23:42:05.894 |  39 Pool-1-worker-13 | DEBUG | d.t.c.a.a.c.u.util.UserUtilService   : 1 students generated. Generate 1 tutors...
    23:42:05.899 |  39 Pool-1-worker-13 | DEBUG | d.t.c.a.a.c.u.util.UserUtilService   : 1 tutors generated. Generate 0 editors...
    23:42:05.900 |  39 Pool-1-worker-13 | DEBUG | d.t.c.a.a.c.u.util.UserUtilService   : 0 editors generated. Generate 1 instructors...
    23:42:05.905 |  39 Pool-1-worker-13 | DEBUG | d.t.c.a.a.c.u.util.UserUtilService   : 1 instructors generated
    23:42:05.908 |  39 Pool-1-worker-13 | DEBUG | d.t.c.a.a.c.u.util.UserUtilService   : Removing 3 users from all courses...
    23:42:05.911 |  39 Pool-1-worker-13 | DEBUG | d.t.c.a.a.c.u.util.UserUtilService   : Removing 3 users from all courses. Done
    23:42:05.911 |  39 Pool-1-worker-13 | DEBUG | d.t.c.a.a.c.u.util.UserUtilService   : Save 3 users to database...
    23:42:05.919 |  39 Pool-1-worker-13 | DEBUG | d.t.c.a.a.c.u.util.UserUtilService   : Save 3 users to database. Done
    23:42:05.934 |  39 Pool-1-worker-13 | INFO  | i.z.t.d.l.EmbeddedDatabaseReporter   : JDBC URL to connect to 'dataSource': url='jdbc:h2:tcp://localhost:41063/mem:f240edcd-27ce-47a3-b4ab-a6a00c154135;USER=sa', scope='ResultListenerIntegrationTest#updateExercisePoints_ShouldUpdatePointsInParticipantScores'
    23:42:05.976 |  39 Pool-1-worker-13 | DEBUG | .c.s.m.InstanceMessageReceiveService : Received schedule participant score for exercise 42 and participant 17 (result to be deleted: null)
    23:42:05.976 |  39 Pool-1-worker-13 | DEBUG | .a.s.ParticipantScoreScheduleService : Scheduled task for exercise 42 and participant 17 at 2025-02-14T23:42:06.076265221Z[Etc/UTC].
    23:42:05.984 |  39 Pool-1-worker-13 | DEBUG | .a.s.ParticipantScoreScheduleService : Scheduled task for exercise 42 and participant 17 at 2025-02-14T23:42:06.084895564Z[Etc/UTC].
    23:42:05.985 |  39 Pool-1-worker-13 | DEBUG | .a.s.ParticipantScoreScheduleService : Processing of 1 results and 0 participant scores.
    23:42:06.085 | 614 taskScheduler-3  | DEBUG | .a.s.ParticipantScoreScheduleService : Processing exercise 42 and participant 17 to update participant scores.
    23:42:06.100 | 614 taskScheduler-3  | DEBUG | .a.s.ParticipantScoreScheduleService : Updated participant score 33.
    23:42:06.101 | 614 taskScheduler-3  | DEBUG | .a.s.ParticipantScoreScheduleService : Updating the participant score for exercise 42 and participant 17 took 17 ms.
    23:42:06.348 |  39 Pool-1-worker-13 | DEBUG | d.t.c.a.a.c.s.f.ApiVersionFilter     : Adding Version to Request PUT /api/text-exercises
    23:42:06.499 |  39 Pool-1-worker-13 | DEBUG | d.t.c.a.a.t.web.TextExerciseResource : REST request to update TextExercise : TextExercise{id=42, exampleSolution='This is my example solution'}
    23:42:06.526 |  39 Pool-1-worker-13 | INFO  | d.t.c.a.a.e.service.ExerciseService  : User resultlistenerintegrationtestinstructor1 has updated TextExercise 4cc8cf31-a7fe-4ef6-9a71-183f3c8acb84 with id 42
    23:42:06.526 |  39 Pool-1-worker-13 | INFO  | .c.s.m.InstanceMessageReceiveService : Received schedule update for potential Athena exercise 42
    23:42:06.564 |  39 Pool-1-worker-13 | DEBUG | .a.s.ParticipantScoreScheduleService : Processing of 0 results and 0 participant scores.

  Starting logs for ResultListenerIntegrationTest > updateExercisePoints_ShouldUpdatePointsInParticipantScores(boolean) [2] isTeamTest=false
    23:42:06.592 |  39 Pool-1-worker-13 | DEBUG | d.t.c.a.a.c.u.util.UserUtilService   : Generate 1 students...
    23:42:06.596 |  39 Pool-1-worker-13 | DEBUG | d.t.c.a.a.c.u.util.UserUtilService   : 1 students generated. Generate 1 tutors...
    23:42:06.599 |  39 Pool-1-worker-13 | DEBUG | d.t.c.a.a.c.u.util.UserUtilService   : 1 tutors generated. Generate 0 editors...
    23:42:06.600 |  39 Pool-1-worker-13 | DEBUG | d.t.c.a.a.c.u.util.UserUtilService   : 0 editors generated. Generate 1 instructors...
    23:42:06.604 |  39 Pool-1-worker-13 | DEBUG | d.t.c.a.a.c.u.util.UserUtilService   : 1 instructors generated
    23:42:06.605 |  39 Pool-1-worker-13 | DEBUG | d.t.c.a.a.c.u.util.UserUtilService   : Removing 3 users from all courses...
    23:42:06.607 |  39 Pool-1-worker-13 | DEBUG | d.t.c.a.a.c.u.util.UserUtilService   : Removing 3 users from all courses. Done
    23:42:06.607 |  39 Pool-1-worker-13 | DEBUG | d.t.c.a.a.c.u.util.UserUtilService   : Save 3 users to database...
    23:42:06.613 |  39 Pool-1-worker-13 | DEBUG | d.t.c.a.a.c.u.util.UserUtilService   : Save 3 users to database. Done
    23:42:06.621 |  39 Pool-1-worker-13 | INFO  | i.z.t.d.l.EmbeddedDatabaseReporter   : JDBC URL to connect to 'dataSource': url='jdbc:h2:tcp://localhost:41063/mem:f240edcd-27ce-47a3-b4ab-a6a00c154135;USER=sa', scope='ResultListenerIntegrationTest#updateExercisePoints_ShouldUpdatePointsInParticipantScores'
    23:42:06.640 |  39 Pool-1-worker-13 | DEBUG | .c.s.m.InstanceMessageReceiveService : Received schedule participant score for exercise 43 and participant 6 (result to be deleted: null)
    23:42:06.641 |  39 Pool-1-worker-13 | DEBUG | .a.s.ParticipantScoreScheduleService : Scheduled task for exercise 43 and participant 6 at 2025-02-14T23:42:06.740843438Z[Etc/UTC].
    23:42:06.645 |  39 Pool-1-worker-13 | DEBUG | .a.s.ParticipantScoreScheduleService : Scheduled task for exercise 43 and participant 6 at 2025-02-14T23:42:06.745245446Z[Etc/UTC].
    23:42:06.645 |  39 Pool-1-worker-13 | DEBUG | .a.s.ParticipantScoreScheduleService : Processing of 1 results and 0 participant scores.
    23:42:06.745 | 615 taskScheduler-4  | DEBUG | .a.s.ParticipantScoreScheduleService : Processing exercise 43 and participant 6 to update participant scores.
    23:42:06.756 | 615 taskScheduler-4  | DEBUG | .a.s.ParticipantScoreScheduleService : Updated participant score 34.
    23:42:06.762 | 615 taskScheduler-4  | DEBUG | .a.s.ParticipantScoreScheduleService : Updating the participant score for exercise 43 and participant 6 took 17 ms.
    23:42:06.966 |  39 Pool-1-worker-13 | DEBUG | d.t.c.a.a.c.s.f.ApiVersionFilter     : Adding Version to Request PUT /api/text-exercises
    23:42:06.971 |  39 Pool-1-worker-13 | DEBUG | d.t.c.a.a.t.web.TextExerciseResource : REST request to update TextExercise : TextExercise{id=43, exampleSolution='This is my example solution'}
    23:42:06.993 |  39 Pool-1-worker-13 | INFO  | d.t.c.a.a.e.service.ExerciseService  : User resultlistenerintegrationtestinstructor1 has updated TextExercise f6846889-fef2-45c8-8289-5bb25092203a with id 43
    23:42:06.993 |  39 Pool-1-worker-13 | INFO  | .c.s.m.InstanceMessageReceiveService : Received schedule update for potential Athena exercise 43
    23:42:07.004 |  39 Pool-1-worker-13 | DEBUG | .a.s.ParticipantScoreScheduleService : Processing of 0 results and 0 participant scores.

  Starting logs for ResultListenerIntegrationTest > saveUnratedResult_then_makeResultRated_ShouldUpdateOriginalStudentScore(boolean) [1] isTeamTest=true
    23:42:07.035 |  39 Pool-1-worker-13 | DEBUG | d.t.c.a.a.c.u.util.UserUtilService   : Generate 1 students...
    23:42:07.039 |  39 Pool-1-worker-13 | DEBUG | d.t.c.a.a.c.u.util.UserUtilService   : 1 students generated. Generate 1 tutors...
    23:42:07.042 |  39 Pool-1-worker-13 | DEBUG | d.t.c.a.a.c.u.util.UserUtilService   : 1 tutors generated. Generate 0 editors...
    23:42:07.043 |  39 Pool-1-worker-13 | DEBUG | d.t.c.a.a.c.u.util.UserUtilService   : 0 editors generated. Generate 1 instructors...
    23:42:07.046 |  39 Pool-1-worker-13 | DEBUG | d.t.c.a.a.c.u.util.UserUtilService   : 1 instructors generated
    23:42:07.048 |  39 Pool-1-worker-13 | DEBUG | d.t.c.a.a.c.u.util.UserUtilService   : Removing 3 users from all courses...
    23:42:07.049 |  39 Pool-1-worker-13 | DEBUG | d.t.c.a.a.c.u.util.UserUtilService   : Removing 3 users from all courses. Done
    23:42:07.049 |  39 Pool-1-worker-13 | DEBUG | d.t.c.a.a.c.u.util.UserUtilService   : Save 3 users to database...
    23:42:07.054 |  39 Pool-1-worker-13 | DEBUG | d.t.c.a.a.c.u.util.UserUtilService   : Save 3 users to database. Done
    23:42:07.062 |  39 Pool-1-worker-13 | INFO  | i.z.t.d.l.EmbeddedDatabaseReporter   : JDBC URL to connect to 'dataSource': url='jdbc:h2:tcp://localhost:41063/mem:f240edcd-27ce-47a3-b4ab-a6a00c154135;USER=sa', scope='ResultListenerIntegrationTest#saveUnratedResult_then_makeResultRated_ShouldUpdateOriginalStudentScore'
    23:42:07.074 |  39 Pool-1-worker-13 | DEBUG | .c.s.m.InstanceMessageReceiveService : Received schedule participant score for exercise 46 and participant 19 (result to be deleted: null)
    23:42:07.075 |  39 Pool-1-worker-13 | DEBUG | .a.s.ParticipantScoreScheduleService : Scheduled task for exercise 46 and participant 19 at 2025-02-14T23:42:07.175024711Z[Etc/UTC].
    23:42:07.080 |  39 Pool-1-worker-13 | DEBUG | .a.s.ParticipantScoreScheduleService : Scheduled task for exercise 46 and participant 19 at 2025-02-14T23:42:07.180331387Z[Etc/UTC].
    23:42:07.080 |  39 Pool-1-worker-13 | DEBUG | .a.s.ParticipantScoreScheduleService : Processing of 1 results and 0 participant scores.
    23:42:07.184 | 614 taskScheduler-3  | DEBUG | .a.s.ParticipantScoreScheduleService : Processing exercise 46 and participant 19 to update participant scores.
    23:42:07.198 | 614 taskScheduler-3  | DEBUG | .a.s.ParticipantScoreScheduleService : Updated participant score 35.
    23:42:07.199 | 614 taskScheduler-3  | DEBUG | .a.s.ParticipantScoreScheduleService : Updating the participant score for exercise 46 and participant 19 took 15 ms.
    23:42:07.394 |  39 Pool-1-worker-13 | DEBUG | .c.s.m.InstanceMessageReceiveService : Received schedule participant score for exercise 46 and participant 19 (result to be deleted: null)
    23:42:07.394 |  39 Pool-1-worker-13 | DEBUG | .a.s.ParticipantScoreScheduleService : Scheduled task for exercise 46 and participant 19 at 2025-02-14T23:42:07.494778865Z[Etc/UTC].
    23:42:07.400 |  39 Pool-1-worker-13 | DEBUG | .a.s.ParticipantScoreScheduleService : Scheduled task for exercise 46 and participant 19 at 2025-02-14T23:42:07.500567388Z[Etc/UTC].
    23:42:07.401 |  39 Pool-1-worker-13 | DEBUG | .a.s.ParticipantScoreScheduleService : Processing of 1 results and 0 participant scores.
    23:42:07.500 | 615 taskScheduler-4  | DEBUG | .a.s.ParticipantScoreScheduleService : Processing exercise 46 and participant 19 to update participant scores.
    23:42:07.518 | 615 taskScheduler-4  | DEBUG | .a.s.ParticipantScoreScheduleService : Updated participant score 35.
    23:42:07.519 | 615 taskScheduler-4  | DEBUG | .a.s.ParticipantScoreScheduleService : Updating the participant score for exercise 46 and participant 19 took 19 ms.

  Starting logs for ResultListenerIntegrationTest > saveUnratedResult_then_makeResultRated_ShouldUpdateOriginalStudentScore(boolean) [2] isTeamTest=false
    23:42:07.747 |  39 Pool-1-worker-13 | DEBUG | d.t.c.a.a.c.u.util.UserUtilService   : Generate 1 students...
    23:42:07.757 |  39 Pool-1-worker-13 | DEBUG | d.t.c.a.a.c.u.util.UserUtilService   : 1 students generated. Generate 1 tutors...
    23:42:07.763 |  39 Pool-1-worker-13 | DEBUG | d.t.c.a.a.c.u.util.UserUtilService   : 1 tutors generated. Generate 0 editors...
    23:42:07.771 |  39 Pool-1-worker-13 | DEBUG | d.t.c.a.a.c.u.util.UserUtilService   : 0 editors generated. Generate 1 instructors...
    23:42:07.779 |  39 Pool-1-worker-13 | DEBUG | d.t.c.a.a.c.u.util.UserUtilService   : 1 instructors generated
    23:42:07.783 |  39 Pool-1-worker-13 | DEBUG | d.t.c.a.a.c.u.util.UserUtilService   : Removing 3 users from all courses...
    23:42:07.787 |  39 Pool-1-worker-13 | DEBUG | d.t.c.a.a.c.u.util.UserUtilService   : Removing 3 users from all courses. Done
    23:42:07.787 |  39 Pool-1-worker-13 | DEBUG | d.t.c.a.a.c.u.util.UserUtilService   : Save 3 users to database...
    23:42:07.795 |  39 Pool-1-worker-13 | DEBUG | d.t.c.a.a.c.u.util.UserUtilService   : Save 3 users to database. Done
    23:42:07.802 |  39 Pool-1-worker-13 | INFO  | i.z.t.d.l.EmbeddedDatabaseReporter   : JDBC URL to connect to 'dataSource': url='jdbc:h2:tcp://localhost:41063/mem:f240edcd-27ce-47a3-b4ab-a6a00c154135;USER=sa', scope='ResultListenerIntegrationTest#saveUnratedResult_then_makeResultRated_ShouldUpdateOriginalStudentScore'
    23:42:07.813 |  39 Pool-1-worker-13 | DEBUG | .c.s.m.InstanceMessageReceiveService : Received schedule participant score for exercise 47 and participant 6 (result to be deleted: null)
    23:42:07.813 |  39 Pool-1-worker-13 | DEBUG | .a.s.ParticipantScoreScheduleService : Scheduled task for exercise 47 and participant 6 at 2025-02-14T23:42:07.913448033Z[Etc/UTC].
    23:42:07.815 |  39 Pool-1-worker-13 | DEBUG | .a.s.ParticipantScoreScheduleService : Scheduled task for exercise 47 and participant 6 at 2025-02-14T23:42:07.915468070Z[Etc/UTC].
    23:42:07.815 |  39 Pool-1-worker-13 | DEBUG | .a.s.ParticipantScoreScheduleService : Processing of 1 results and 0 participant scores.
    23:42:07.915 | 601 taskScheduler-2  | DEBUG | .a.s.ParticipantScoreScheduleService : Processing exercise 47 and participant 6 to update participant scores.
    23:42:07.929 | 601 taskScheduler-2  | DEBUG | .a.s.ParticipantScoreScheduleService : Updated participant score 36.
    23:42:07.930 | 601 taskScheduler-2  | DEBUG | .a.s.ParticipantScoreScheduleService : Updating the participant score for exercise 47 and participant 6 took 15 ms.
    23:42:08.131 |  39 Pool-1-worker-13 | DEBUG | .c.s.m.InstanceMessageReceiveService : Received schedule participant score for exercise 47 and participant 6 (result to be deleted: null)
    23:42:08.131 |  39 Pool-1-worker-13 | DEBUG | .a.s.ParticipantScoreScheduleService : Scheduled task for exercise 47 and participant 6 at 2025-02-14T23:42:08.231950783Z[Etc/UTC].
    23:42:08.136 |  39 Pool-1-worker-13 | DEBUG | .a.s.ParticipantScoreScheduleService : Scheduled task for exercise 47 and participant 6 at 2025-02-14T23:42:08.236339256Z[Etc/UTC].
    23:42:08.136 |  39 Pool-1-worker-13 | DEBUG | .a.s.ParticipantScoreScheduleService : Processing of 1 results and 0 participant scores.
    23:42:08.236 | 615 taskScheduler-4  | DEBUG | .a.s.ParticipantScoreScheduleService : Processing exercise 47 and participant 6 to update participant scores.
    23:42:08.251 | 615 taskScheduler-4  | DEBUG | .a.s.ParticipantScoreScheduleService : Updated participant score 36.
    23:42:08.252 | 615 taskScheduler-4  | DEBUG | .a.s.ParticipantScoreScheduleService : Updating the participant score for exercise 47 and participant 6 took 16 ms.

  Starting logs for ResultListenerIntegrationTest > saveRatedResult_then_saveAnotherUnratedResult_thenRemoveSecondResult_ShouldUpdateStudentScore(boolean) [1] isTeamTest=true
    23:42:08.495 |  39 Pool-1-worker-13 | DEBUG | d.t.c.a.a.c.u.util.UserUtilService   : Generate 1 students...
    23:42:08.501 |  39 Pool-1-worker-13 | DEBUG | d.t.c.a.a.c.u.util.UserUtilService   : 1 students generated. Generate 1 tutors...
    23:42:08.509 |  39 Pool-1-worker-13 | DEBUG | d.t.c.a.a.c.u.util.UserUtilService   : 1 tutors generated. Generate 0 editors...
    23:42:08.510 |  39 Pool-1-worker-13 | DEBUG | d.t.c.a.a.c.u.util.UserUtilService   : 0 editors generated. Generate 1 instructors...
    23:42:08.518 |  39 Pool-1-worker-13 | DEBUG | d.t.c.a.a.c.u.util.UserUtilService   : 1 instructors generated
    23:42:08.523 |  39 Pool-1-worker-13 | DEBUG | d.t.c.a.a.c.u.util.UserUtilService   : Removing 3 users from all courses...
    23:42:08.524 |  39 Pool-1-worker-13 | DEBUG | d.t.c.a.a.c.u.util.UserUtilService   : Removing 3 users from all courses. Done
    23:42:08.524 |  39 Pool-1-worker-13 | DEBUG | d.t.c.a.a.c.u.util.UserUtilService   : Save 3 users to database...
    23:42:08.535 |  39 Pool-1-worker-13 | DEBUG | d.t.c.a.a.c.u.util.UserUtilService   : Save 3 users to database. Done
    23:42:08.585 |  39 Pool-1-worker-13 | INFO  | i.z.t.d.l.EmbeddedDatabaseReporter   : JDBC URL to connect to 'dataSource': url='jdbc:h2:tcp://localhost:41063/mem:f240edcd-27ce-47a3-b4ab-a6a00c154135;USER=sa', scope='ResultListenerIntegrationTest#saveRatedResult_then_saveAnotherUnratedResult_thenRemoveSecondResult_ShouldUpdateStudentScore'
    23:42:08.610 |  39 Pool-1-worker-13 | DEBUG | .c.s.m.InstanceMessageReceiveService : Received schedule participant score for exercise 50 and participant 21 (result to be deleted: null)
    23:42:08.611 |  39 Pool-1-worker-13 | DEBUG | .a.s.ParticipantScoreScheduleService : Scheduled task for exercise 50 and participant 21 at 2025-02-14T23:42:08.710985844Z[Etc/UTC].
    23:42:08.616 |  39 Pool-1-worker-13 | DEBUG | .a.s.ParticipantScoreScheduleService : Scheduled task for exercise 50 and participant 21 at 2025-02-14T23:42:08.716344255Z[Etc/UTC].
    23:42:08.616 |  39 Pool-1-worker-13 | DEBUG | .a.s.ParticipantScoreScheduleService : Processing of 1 results and 0 participant scores.
    23:42:08.716 | 601 taskScheduler-2  | DEBUG | .a.s.ParticipantScoreScheduleService : Processing exercise 50 and participant 21 to update participant scores.
    23:42:08.731 | 601 taskScheduler-2  | DEBUG | .a.s.ParticipantScoreScheduleService : Updated participant score 37.
    23:42:08.732 | 601 taskScheduler-2  | DEBUG | .a.s.ParticipantScoreScheduleService : Updating the participant score for exercise 50 and participant 21 took 16 ms.
    23:42:08.927 |  39 Pool-1-worker-13 | DEBUG | .c.s.m.InstanceMessageReceiveService : Received schedule participant score for exercise 50 and participant 21 (result to be deleted: null)
    23:42:08.927 |  39 Pool-1-worker-13 | DEBUG | .a.s.ParticipantScoreScheduleService : Scheduled task for exercise 50 and participant 21 at 2025-02-14T23:42:09.027526841Z[Etc/UTC].
    23:42:08.930 |  39 Pool-1-worker-13 | DEBUG | .a.s.ParticipantScoreScheduleService : Scheduled task for exercise 50 and participant 21 at 2025-02-14T23:42:09.030747076Z[Etc/UTC].
    23:42:08.931 |  39 Pool-1-worker-13 | DEBUG | .a.s.ParticipantScoreScheduleService : Processing of 1 results and 0 participant scores.
    23:42:09.030 | 614 taskScheduler-3  | DEBUG | .a.s.ParticipantScoreScheduleService : Processing exercise 50 and participant 21 to update participant scores.
    23:42:09.039 | 614 taskScheduler-3  | DEBUG | .a.s.ParticipantScoreScheduleService : Updated participant score 37.
    23:42:09.040 | 614 taskScheduler-3  | DEBUG | .a.s.ParticipantScoreScheduleService : Updating the participant score for exercise 50 and participant 21 took 10 ms.
    23:42:09.238 |  39 Pool-1-worker-13 | DEBUG | d.t.c.a.a.a.service.ResultService    : Delete result 41
    23:42:09.238 |  39 Pool-1-worker-13 | DEBUG | d.t.c.a.a.a.service.ResultService    : Delete result references 41
    23:42:09.252 |  39 Pool-1-worker-13 | DEBUG | .c.s.m.InstanceMessageReceiveService : Received schedule participant score for exercise 50 and participant 21 (result to be deleted: 41)
    23:42:09.252 |  39 Pool-1-worker-13 | DEBUG | .a.s.ParticipantScoreScheduleService : Scheduled task for exercise 50 and participant 21 at 2025-02-14T23:42:09.352383930Z[Etc/UTC].
    23:42:09.258 |  39 Pool-1-worker-13 | DEBUG | .a.s.ParticipantScoreScheduleService : Scheduled task for exercise 50 and participant 21 at 2025-02-14T23:42:09.358096442Z[Etc/UTC].
    23:42:09.258 |  39 Pool-1-worker-13 | DEBUG | .a.s.ParticipantScoreScheduleService : Processing of 0 results and 1 participant scores.
    23:42:09.358 | 601 taskScheduler-2  | DEBUG | .a.s.ParticipantScoreScheduleService : Processing exercise 50 and participant 21 to update participant scores.
    23:42:09.373 | 601 taskScheduler-2  | DEBUG | .a.s.ParticipantScoreScheduleService : Updated participant score 37.
    23:42:09.375 | 601 taskScheduler-2  | DEBUG | .a.s.ParticipantScoreScheduleService : Updating the participant score for exercise 50 and participant 21 took 17 ms.

  Starting logs for ResultListenerIntegrationTest > saveRatedResult_then_saveAnotherUnratedResult_thenRemoveSecondResult_ShouldUpdateStudentScore(boolean) [2] isTeamTest=false
    23:42:09.605 |  39 Pool-1-worker-13 | DEBUG | d.t.c.a.a.c.u.util.UserUtilService   : Generate 1 students...
    23:42:09.614 |  39 Pool-1-worker-13 | DEBUG | d.t.c.a.a.c.u.util.UserUtilService   : 1 students generated. Generate 1 tutors...
    23:42:09.619 |  39 Pool-1-worker-13 | DEBUG | d.t.c.a.a.c.u.util.UserUtilService   : 1 tutors generated. Generate 0 editors...
    23:42:09.620 |  39 Pool-1-worker-13 | DEBUG | d.t.c.a.a.c.u.util.UserUtilService   : 0 editors generated. Generate 1 instructors...
    23:42:09.624 |  39 Pool-1-worker-13 | DEBUG | d.t.c.a.a.c.u.util.UserUtilService   : 1 instructors generated
    23:42:09.626 |  39 Pool-1-worker-13 | DEBUG | d.t.c.a.a.c.u.util.UserUtilService   : Removing 3 users from all courses...
    23:42:09.628 |  39 Pool-1-worker-13 | DEBUG | d.t.c.a.a.c.u.util.UserUtilService   : Removing 3 users from all courses. Done
    23:42:09.628 |  39 Pool-1-worker-13 | DEBUG | d.t.c.a.a.c.u.util.UserUtilService   : Save 3 users to database...
    23:42:09.633 |  39 Pool-1-worker-13 | DEBUG | d.t.c.a.a.c.u.util.UserUtilService   : Save 3 users to database. Done
    23:42:09.642 |  39 Pool-1-worker-13 | INFO  | i.z.t.d.l.EmbeddedDatabaseReporter   : JDBC URL to connect to 'dataSource': url='jdbc:h2:tcp://localhost:41063/mem:f240edcd-27ce-47a3-b4ab-a6a00c154135;USER=sa', scope='ResultListenerIntegrationTest#saveRatedResult_then_saveAnotherUnratedResult_thenRemoveSecondResult_ShouldUpdateStudentScore'
    23:42:09.657 |  39 Pool-1-worker-13 | DEBUG | .c.s.m.InstanceMessageReceiveService : Received schedule participant score for exercise 51 and participant 6 (result to be deleted: null)
    23:42:09.657 |  39 Pool-1-worker-13 | DEBUG | .a.s.ParticipantScoreScheduleService : Scheduled task for exercise 51 and participant 6 at 2025-02-14T23:42:09.757707687Z[Etc/UTC].
    23:42:09.660 |  39 Pool-1-worker-13 | DEBUG | .a.s.ParticipantScoreScheduleService : Scheduled task for exercise 51 and participant 6 at 2025-02-14T23:42:09.760742445Z[Etc/UTC].
    23:42:09.661 |  39 Pool-1-worker-13 | DEBUG | .a.s.ParticipantScoreScheduleService : Processing of 1 results and 0 participant scores.
    23:42:09.760 | 614 taskScheduler-3  | DEBUG | .a.s.ParticipantScoreScheduleService : Processing exercise 51 and participant 6 to update participant scores.
    23:42:09.770 | 614 taskScheduler-3  | DEBUG | .a.s.ParticipantScoreScheduleService : Updated participant score 38.
    23:42:09.771 | 614 taskScheduler-3  | DEBUG | .a.s.ParticipantScoreScheduleService : Updating the participant score for exercise 51 and participant 6 took 11 ms.
    23:42:09.977 |  39 Pool-1-worker-13 | DEBUG | .c.s.m.InstanceMessageReceiveService : Received schedule participant score for exercise 51 and participant 6 (result to be deleted: null)
    23:42:09.977 |  39 Pool-1-worker-13 | DEBUG | .a.s.ParticipantScoreScheduleService : Scheduled task for exercise 51 and participant 6 at 2025-02-14T23:42:10.077870348Z[Etc/UTC].
    23:42:09.985 |  39 Pool-1-worker-13 | DEBUG | .a.s.ParticipantScoreScheduleService : Scheduled task for exercise 51 and participant 6 at 2025-02-14T23:42:10.085040338Z[Etc/UTC].
    23:42:10.065 |  39 Pool-1-worker-13 | DEBUG | .a.s.ParticipantScoreScheduleService : Processing of 1 results and 0 participant scores.
    23:42:10.085 | 600 taskScheduler-1  | DEBUG | .a.s.ParticipantScoreScheduleService : Processing exercise 51 and participant 6 to update participant scores.
    23:42:10.097 | 600 taskScheduler-1  | DEBUG | .a.s.ParticipantScoreScheduleService : Updated participant score 38.
    23:42:10.098 | 600 taskScheduler-1  | DEBUG | .a.s.ParticipantScoreScheduleService : Updating the participant score for exercise 51 and participant 6 took 13 ms.
    23:42:10.172 |  39 Pool-1-worker-13 | DEBUG | d.t.c.a.a.a.service.ResultService    : Delete result 43
    23:42:10.177 |  39 Pool-1-worker-13 | DEBUG | d.t.c.a.a.a.service.ResultService    : Delete result references 43
    23:42:10.189 |  39 Pool-1-worker-13 | DEBUG | .c.s.m.InstanceMessageReceiveService : Received schedule participant score for exercise 51 and participant 6 (result to be deleted: 43)
    23:42:10.190 |  39 Pool-1-worker-13 | DEBUG | .a.s.ParticipantScoreScheduleService : Scheduled task for exercise 51 and participant 6 at 2025-02-14T23:42:10.289618191Z[Etc/UTC].
    23:42:10.200 |  39 Pool-1-worker-13 | DEBUG | .a.s.ParticipantScoreScheduleService : Scheduled task for exercise 51 and participant 6 at 2025-02-14T23:42:10.300609717Z[Etc/UTC].
    23:42:10.200 |  39 Pool-1-worker-13 | DEBUG | .a.s.ParticipantScoreScheduleService : Processing of 0 results and 1 participant scores.
    23:42:10.300 | 615 taskScheduler-4  | DEBUG | .a.s.ParticipantScoreScheduleService : Processing exercise 51 and participant 6 to update participant scores.
    23:42:10.311 | 615 taskScheduler-4  | DEBUG | .a.s.ParticipantScoreScheduleService : Updated participant score 38.
    23:42:10.311 | 615 taskScheduler-4  | DEBUG | .a.s.ParticipantScoreScheduleService : Updating the participant score for exercise 51 and participant 6 took 11 ms.

  Starting logs for ResultListenerIntegrationTest > saveRatedResult_then_saveAnotherUnratedResult_ShouldUpdateOriginalStudentScore(boolean) [1] isTeamTest=true
    23:42:10.366 |  39 Pool-1-worker-13 | DEBUG | d.t.c.a.a.c.u.util.UserUtilService   : Generate 1 students...
    23:42:10.379 |  39 Pool-1-worker-13 | DEBUG | d.t.c.a.a.c.u.util.UserUtilService   : 1 students generated. Generate 1 tutors...
    23:42:10.383 |  39 Pool-1-worker-13 | DEBUG | d.t.c.a.a.c.u.util.UserUtilService   : 1 tutors generated. Generate 0 editors...
    23:42:10.389 |  39 Pool-1-worker-13 | DEBUG | d.t.c.a.a.c.u.util.UserUtilService   : 0 editors generated. Generate 1 instructors...
    23:42:10.393 |  39 Pool-1-worker-13 | DEBUG | d.t.c.a.a.c.u.util.UserUtilService   : 1 instructors generated
    23:42:10.395 |  39 Pool-1-worker-13 | DEBUG | d.t.c.a.a.c.u.util.UserUtilService   : Removing 3 users from all courses...
    23:42:10.402 |  39 Pool-1-worker-13 | DEBUG | d.t.c.a.a.c.u.util.UserUtilService   : Removing 3 users from all courses. Done
    23:42:10.402 |  39 Pool-1-worker-13 | DEBUG | d.t.c.a.a.c.u.util.UserUtilService   : Save 3 users to database...
    23:42:10.409 |  39 Pool-1-worker-13 | DEBUG | d.t.c.a.a.c.u.util.UserUtilService   : Save 3 users to database. Done
    23:42:10.425 |  39 Pool-1-worker-13 | INFO  | i.z.t.d.l.EmbeddedDatabaseReporter   : JDBC URL to connect to 'dataSource': url='jdbc:h2:tcp://localhost:41063/mem:f240edcd-27ce-47a3-b4ab-a6a00c154135;USER=sa', scope='ResultListenerIntegrationTest#saveRatedResult_then_saveAnotherUnratedResult_ShouldUpdateOriginalStudentScore'
    23:42:10.442 |  39 Pool-1-worker-13 | DEBUG | .c.s.m.InstanceMessageReceiveService : Received schedule participant score for exercise 54 and participant 23 (result to be deleted: null)
    23:42:10.442 |  39 Pool-1-worker-13 | DEBUG | .a.s.ParticipantScoreScheduleService : Scheduled task for exercise 54 and participant 23 at 2025-02-14T23:42:10.542265093Z[Etc/UTC].
    23:42:10.444 |  39 Pool-1-worker-13 | DEBUG | .a.s.ParticipantScoreScheduleService : Scheduled task for exercise 54 and participant 23 at 2025-02-14T23:42:10.544488389Z[Etc/UTC].
    23:42:10.444 |  39 Pool-1-worker-13 | DEBUG | .a.s.ParticipantScoreScheduleService : Processing of 1 results and 0 participant scores.
    23:42:10.544 | 600 taskScheduler-1  | DEBUG | .a.s.ParticipantScoreScheduleService : Processing exercise 54 and participant 23 to update participant scores.
    23:42:10.557 | 600 taskScheduler-1  | DEBUG | .a.s.ParticipantScoreScheduleService : Updated participant score 39.
    23:42:10.561 | 600 taskScheduler-1  | DEBUG | .a.s.ParticipantScoreScheduleService : Updating the participant score for exercise 54 and participant 23 took 17 ms.
    23:42:10.763 |  39 Pool-1-worker-13 | DEBUG | .c.s.m.InstanceMessageReceiveService : Received schedule participant score for exercise 54 and participant 23 (result to be deleted: null)
    23:42:10.763 |  39 Pool-1-worker-13 | DEBUG | .a.s.ParticipantScoreScheduleService : Scheduled task for exercise 54 and participant 23 at 2025-02-14T23:42:10.863244375Z[Etc/UTC].
    23:42:10.768 |  39 Pool-1-worker-13 | DEBUG | .a.s.ParticipantScoreScheduleService : Scheduled task for exercise 54 and participant 23 at 2025-02-14T23:42:10.868968909Z[Etc/UTC].
    23:42:10.771 |  39 Pool-1-worker-13 | DEBUG | .a.s.ParticipantScoreScheduleService : Processing of 1 results and 0 participant scores.
    23:42:10.869 | 601 taskScheduler-2  | DEBUG | .a.s.ParticipantScoreScheduleService : Processing exercise 54 and participant 23 to update participant scores.
    23:42:10.895 | 601 taskScheduler-2  | DEBUG | .a.s.ParticipantScoreScheduleService : Updated participant score 39.
    23:42:10.897 | 601 taskScheduler-2  | DEBUG | .a.s.ParticipantScoreScheduleService : Updating the participant score for exercise 54 and participant 23 took 27 ms.

  Starting logs for ResultListenerIntegrationTest > saveRatedResult_then_saveAnotherUnratedResult_ShouldUpdateOriginalStudentScore(boolean) [2] isTeamTest=false
    23:42:11.144 |  39 Pool-1-worker-13 | DEBUG | d.t.c.a.a.c.u.util.UserUtilService   : Generate 1 students...
    23:42:11.149 |  39 Pool-1-worker-13 | DEBUG | d.t.c.a.a.c.u.util.UserUtilService   : 1 students generated. Generate 1 tutors...
    23:42:11.163 |  39 Pool-1-worker-13 | DEBUG | d.t.c.a.a.c.u.util.UserUtilService   : 1 tutors generated. Generate 0 editors...
    23:42:11.166 |  39 Pool-1-worker-13 | DEBUG | d.t.c.a.a.c.u.util.UserUtilService   : 0 editors generated. Generate 1 instructors...
    23:42:11.173 |  39 Pool-1-worker-13 | DEBUG | d.t.c.a.a.c.u.util.UserUtilService   : 1 instructors generated
    23:42:11.178 |  39 Pool-1-worker-13 | DEBUG | d.t.c.a.a.c.u.util.UserUtilService   : Removing 3 users from all courses...
    23:42:11.179 |  39 Pool-1-worker-13 | DEBUG | d.t.c.a.a.c.u.util.UserUtilService   : Removing 3 users from all courses. Done
    23:42:11.179 |  39 Pool-1-worker-13 | DEBUG | d.t.c.a.a.c.u.util.UserUtilService   : Save 3 users to database...
    23:42:11.191 |  39 Pool-1-worker-13 | DEBUG | d.t.c.a.a.c.u.util.UserUtilService   : Save 3 users to database. Done
    23:42:11.207 |  39 Pool-1-worker-13 | INFO  | i.z.t.d.l.EmbeddedDatabaseReporter   : JDBC URL to connect to 'dataSource': url='jdbc:h2:tcp://localhost:41063/mem:f240edcd-27ce-47a3-b4ab-a6a00c154135;USER=sa', scope='ResultListenerIntegrationTest#saveRatedResult_then_saveAnotherUnratedResult_ShouldUpdateOriginalStudentScore'
    23:42:11.237 |  39 Pool-1-worker-13 | DEBUG | .c.s.m.InstanceMessageReceiveService : Received schedule participant score for exercise 55 and participant 6 (result to be deleted: null)
    23:42:11.238 |  39 Pool-1-worker-13 | DEBUG | .a.s.ParticipantScoreScheduleService : Scheduled task for exercise 55 and participant 6 at 2025-02-14T23:42:11.337906404Z[Etc/UTC].
    23:42:11.246 |  39 Pool-1-worker-13 | DEBUG | .a.s.ParticipantScoreScheduleService : Scheduled task for exercise 55 and participant 6 at 2025-02-14T23:42:11.346294334Z[Etc/UTC].
    23:42:11.246 |  39 Pool-1-worker-13 | DEBUG | .a.s.ParticipantScoreScheduleService : Processing of 1 results and 0 participant scores.
    23:42:11.349 | 600 taskScheduler-1  | DEBUG | .a.s.ParticipantScoreScheduleService : Processing exercise 55 and participant 6 to update participant scores.
    23:42:11.365 | 600 taskScheduler-1  | DEBUG | .a.s.ParticipantScoreScheduleService : Updated participant score 40.
    23:42:11.366 | 600 taskScheduler-1  | DEBUG | .a.s.ParticipantScoreScheduleService : Updating the participant score for exercise 55 and participant 6 took 17 ms.
    23:42:11.574 |  39 Pool-1-worker-13 | DEBUG | .c.s.m.InstanceMessageReceiveService : Received schedule participant score for exercise 55 and participant 6 (result to be deleted: null)
    23:42:11.575 |  39 Pool-1-worker-13 | DEBUG | .a.s.ParticipantScoreScheduleService : Scheduled task for exercise 55 and participant 6 at 2025-02-14T23:42:11.675064817Z[Etc/UTC].
    23:42:11.584 |  39 Pool-1-worker-13 | DEBUG | .a.s.ParticipantScoreScheduleService : Scheduled task for exercise 55 and participant 6 at 2025-02-14T23:42:11.684700113Z[Etc/UTC].
    23:42:11.585 |  39 Pool-1-worker-13 | DEBUG | .a.s.ParticipantScoreScheduleService : Processing of 1 results and 0 participant scores.
    23:42:11.684 | 601 taskScheduler-2  | DEBUG | .a.s.ParticipantScoreScheduleService : Processing exercise 55 and participant 6 to update participant scores.
    23:42:11.700 | 601 taskScheduler-2  | DEBUG | .a.s.ParticipantScoreScheduleService : Updated participant score 40.
    23:42:11.701 | 601 taskScheduler-2  | DEBUG | .a.s.ParticipantScoreScheduleService : Updating the participant score for exercise 55 and participant 6 took 17 ms.

  Starting logs for ResultListenerIntegrationTest > saveUnratedResult_then_saveAnotherUnratedResult_thenRemoveSecondResult_ShouldUpdateStudentScore(boolean) [1] isTeamTest=true
    23:42:11.949 |  39 Pool-1-worker-13 | DEBUG | d.t.c.a.a.c.u.util.UserUtilService   : Generate 1 students...
    23:42:11.956 |  39 Pool-1-worker-13 | DEBUG | d.t.c.a.a.c.u.util.UserUtilService   : 1 students generated. Generate 1 tutors...
    23:42:11.965 |  39 Pool-1-worker-13 | DEBUG | d.t.c.a.a.c.u.util.UserUtilService   : 1 tutors generated. Generate 0 editors...
    23:42:11.966 |  39 Pool-1-worker-13 | DEBUG | d.t.c.a.a.c.u.util.UserUtilService   : 0 editors generated. Generate 1 instructors...
    23:42:11.976 |  39 Pool-1-worker-13 | DEBUG | d.t.c.a.a.c.u.util.UserUtilService   : 1 instructors generated
    23:42:11.978 |  39 Pool-1-worker-13 | DEBUG | d.t.c.a.a.c.u.util.UserUtilService   : Removing 3 users from all courses...
    23:42:11.983 |  39 Pool-1-worker-13 | DEBUG | d.t.c.a.a.c.u.util.UserUtilService   : Removing 3 users from all courses. Done
    23:42:11.983 |  39 Pool-1-worker-13 | DEBUG | d.t.c.a.a.c.u.util.UserUtilService   : Save 3 users to database...
    23:42:11.994 |  39 Pool-1-worker-13 | DEBUG | d.t.c.a.a.c.u.util.UserUtilService   : Save 3 users to database. Done
    23:42:12.007 |  39 Pool-1-worker-13 | INFO  | i.z.t.d.l.EmbeddedDatabaseReporter   : JDBC URL to connect to 'dataSource': url='jdbc:h2:tcp://localhost:41063/mem:f240edcd-27ce-47a3-b4ab-a6a00c154135;USER=sa', scope='ResultListenerIntegrationTest#saveUnratedResult_then_saveAnotherUnratedResult_thenRemoveSecondResult_ShouldUpdateStudentScore'
    23:42:12.063 |  39 Pool-1-worker-13 | DEBUG | .c.s.m.InstanceMessageReceiveService : Received schedule participant score for exercise 58 and participant 25 (result to be deleted: null)
    23:42:12.064 |  39 Pool-1-worker-13 | DEBUG | .a.s.ParticipantScoreScheduleService : Scheduled task for exercise 58 and participant 25 at 2025-02-14T23:42:12.164053006Z[Etc/UTC].
    23:42:12.070 |  39 Pool-1-worker-13 | DEBUG | .a.s.ParticipantScoreScheduleService : Scheduled task for exercise 58 and participant 25 at 2025-02-14T23:42:12.170784341Z[Etc/UTC].
    23:42:12.071 |  39 Pool-1-worker-13 | DEBUG | .a.s.ParticipantScoreScheduleService : Processing of 1 results and 0 participant scores.
    23:42:12.173 | 600 taskScheduler-1  | DEBUG | .a.s.ParticipantScoreScheduleService : Processing exercise 58 and participant 25 to update participant scores.
    23:42:12.196 | 600 taskScheduler-1  | DEBUG | .a.s.ParticipantScoreScheduleService : Updated participant score 41.
    23:42:12.203 | 600 taskScheduler-1  | DEBUG | .a.s.ParticipantScoreScheduleService : Updating the participant score for exercise 58 and participant 25 took 30 ms.
    23:42:12.392 |  39 Pool-1-worker-13 | DEBUG | .c.s.m.InstanceMessageReceiveService : Received schedule participant score for exercise 58 and participant 25 (result to be deleted: null)
    23:42:12.393 |  39 Pool-1-worker-13 | DEBUG | .a.s.ParticipantScoreScheduleService : Scheduled task for exercise 58 and participant 25 at 2025-02-14T23:42:12.492978633Z[Etc/UTC].
    23:42:12.401 |  39 Pool-1-worker-13 | DEBUG | .a.s.ParticipantScoreScheduleService : Scheduled task for exercise 58 and participant 25 at 2025-02-14T23:42:12.501023362Z[Etc/UTC].
    23:42:12.403 |  39 Pool-1-worker-13 | DEBUG | .a.s.ParticipantScoreScheduleService : Processing of 1 results and 0 participant scores.
    23:42:12.501 | 601 taskScheduler-2  | DEBUG | .a.s.ParticipantScoreScheduleService : Processing exercise 58 and participant 25 to update participant scores.
    23:42:12.523 | 601 taskScheduler-2  | DEBUG | .a.s.ParticipantScoreScheduleService : Updated participant score 41.
    23:42:12.524 | 601 taskScheduler-2  | DEBUG | .a.s.ParticipantScoreScheduleService : Updating the participant score for exercise 58 and participant 25 took 23 ms.
    23:42:12.548 | 614 taskScheduler-3  | DEBUG | a.a.b.s.SharedQueueProcessingService : Currently processing jobs on this node: 0, active threads in Pool: 0, maximum pool size of thread executor : 1
    23:42:12.713 |  39 Pool-1-worker-13 | DEBUG | d.t.c.a.a.a.service.ResultService    : Delete result 49
    23:42:12.713 |  39 Pool-1-worker-13 | DEBUG | d.t.c.a.a.a.service.ResultService    : Delete result references 49
    23:42:12.727 |  39 Pool-1-worker-13 | DEBUG | .c.s.m.InstanceMessageReceiveService : Received schedule participant score for exercise 58 and participant 25 (result to be deleted: 49)
    23:42:12.728 |  39 Pool-1-worker-13 | DEBUG | .a.s.ParticipantScoreScheduleService : Scheduled task for exercise 58 and participant 25 at 2025-02-14T23:42:12.828096638Z[Etc/UTC].
    23:42:12.743 |  39 Pool-1-worker-13 | DEBUG | .a.s.ParticipantScoreScheduleService : Scheduled task for exercise 58 and participant 25 at 2025-02-14T23:42:12.843640246Z[Etc/UTC].
    23:42:12.743 |  39 Pool-1-worker-13 | DEBUG | .a.s.ParticipantScoreScheduleService : Processing of 0 results and 1 participant scores.
    23:42:12.846 | 615 taskScheduler-4  | DEBUG | .a.s.ParticipantScoreScheduleService : Processing exercise 58 and participant 25 to update participant scores.
    23:42:12.869 | 615 taskScheduler-4  | DEBUG | .a.s.ParticipantScoreScheduleService : Updated participant score 41.
    23:42:12.870 | 615 taskScheduler-4  | DEBUG | .a.s.ParticipantScoreScheduleService : Updating the participant score for exercise 58 and participant 25 took 24 ms.

  Starting logs for ResultListenerIntegrationTest > saveUnratedResult_then_saveAnotherUnratedResult_thenRemoveSecondResult_ShouldUpdateStudentScore(boolean) [2] isTeamTest=false
    23:42:13.164 |  39 Pool-1-worker-13 | DEBUG | d.t.c.a.a.c.u.util.UserUtilService   : Generate 1 students...
    23:42:13.181 |  39 Pool-1-worker-13 | DEBUG | d.t.c.a.a.c.u.util.UserUtilService   : 1 students generated. Generate 1 tutors...
    23:42:13.186 |  39 Pool-1-worker-13 | DEBUG | d.t.c.a.a.c.u.util.UserUtilService   : 1 tutors generated. Generate 0 editors...
    23:42:13.188 |  39 Pool-1-worker-13 | DEBUG | d.t.c.a.a.c.u.util.UserUtilService   : 0 editors generated. Generate 1 instructors...
    23:42:13.201 |  39 Pool-1-worker-13 | DEBUG | d.t.c.a.a.c.u.util.UserUtilService   : 1 instructors generated
    23:42:13.203 |  39 Pool-1-worker-13 | DEBUG | d.t.c.a.a.c.u.util.UserUtilService   : Removing 3 users from all courses...
    23:42:13.204 |  39 Pool-1-worker-13 | DEBUG | d.t.c.a.a.c.u.util.UserUtilService   : Removing 3 users from all courses. Done
    23:42:13.204 |  39 Pool-1-worker-13 | DEBUG | d.t.c.a.a.c.u.util.UserUtilService   : Save 3 users to database...
    23:42:13.220 |  39 Pool-1-worker-13 | DEBUG | d.t.c.a.a.c.u.util.UserUtilService   : Save 3 users to database. Done
    23:42:13.232 |  39 Pool-1-worker-13 | INFO  | i.z.t.d.l.EmbeddedDatabaseReporter   : JDBC URL to connect to 'dataSource': url='jdbc:h2:tcp://localhost:41063/mem:f240edcd-27ce-47a3-b4ab-a6a00c154135;USER=sa', scope='ResultListenerIntegrationTest#saveUnratedResult_then_saveAnotherUnratedResult_thenRemoveSecondResult_ShouldUpdateStudentScore'
    23:42:13.260 |  39 Pool-1-worker-13 | DEBUG | .c.s.m.InstanceMessageReceiveService : Received schedule participant score for exercise 59 and participant 6 (result to be deleted: null)
    23:42:13.260 |  39 Pool-1-worker-13 | DEBUG | .a.s.ParticipantScoreScheduleService : Scheduled task for exercise 59 and participant 6 at 2025-02-14T23:42:13.360764509Z[Etc/UTC].
    23:42:13.263 |  39 Pool-1-worker-13 | DEBUG | .a.s.ParticipantScoreScheduleService : Scheduled task for exercise 59 and participant 6 at 2025-02-14T23:42:13.363019542Z[Etc/UTC].
    23:42:13.266 |  39 Pool-1-worker-13 | DEBUG | .a.s.ParticipantScoreScheduleService : Processing of 1 results and 0 participant scores.
    23:42:13.363 | 614 taskScheduler-3  | DEBUG | .a.s.ParticipantScoreScheduleService : Processing exercise 59 and participant 6 to update participant scores.
    23:42:13.376 | 614 taskScheduler-3  | DEBUG | .a.s.ParticipantScoreScheduleService : Updated participant score 42.
    23:42:13.383 | 614 taskScheduler-3  | DEBUG | .a.s.ParticipantScoreScheduleService : Updating the participant score for exercise 59 and participant 6 took 20 ms.
    23:42:13.584 |  39 Pool-1-worker-13 | DEBUG | .c.s.m.InstanceMessageReceiveService : Received schedule participant score for exercise 59 and participant 6 (result to be deleted: null)
    23:42:13.584 |  39 Pool-1-worker-13 | DEBUG | .a.s.ParticipantScoreScheduleService : Scheduled task for exercise 59 and participant 6 at 2025-02-14T23:42:13.684864585Z[Etc/UTC].
    23:42:13.595 |  39 Pool-1-worker-13 | DEBUG | .a.s.ParticipantScoreScheduleService : Scheduled task for exercise 59 and participant 6 at 2025-02-14T23:42:13.695334349Z[Etc/UTC].
    23:42:13.595 |  39 Pool-1-worker-13 | DEBUG | .a.s.ParticipantScoreScheduleService : Processing of 1 results and 0 participant scores.
    23:42:13.695 | 615 taskScheduler-4  | DEBUG | .a.s.ParticipantScoreScheduleService : Processing exercise 59 and participant 6 to update participant scores.
    23:42:13.717 | 615 taskScheduler-4  | DEBUG | .a.s.ParticipantScoreScheduleService : Updated participant score 42.
    23:42:13.718 | 615 taskScheduler-4  | DEBUG | .a.s.ParticipantScoreScheduleService : Updating the participant score for exercise 59 and participant 6 took 23 ms.
    23:42:13.913 |  39 Pool-1-worker-13 | DEBUG | d.t.c.a.a.a.service.ResultService    : Delete result 51
    23:42:13.913 |  39 Pool-1-worker-13 | DEBUG | d.t.c.a.a.a.service.ResultService    : Delete result references 51
    23:42:13.932 |  39 Pool-1-worker-13 | DEBUG | .c.s.m.InstanceMessageReceiveService : Received schedule participant score for exercise 59 and participant 6 (result to be deleted: 51)
    23:42:13.932 |  39 Pool-1-worker-13 | DEBUG | .a.s.ParticipantScoreScheduleService : Scheduled task for exercise 59 and participant 6 at 2025-02-14T23:42:14.032721019Z[Etc/UTC].
    23:42:13.945 |  39 Pool-1-worker-13 | DEBUG | .a.s.ParticipantScoreScheduleService : Scheduled task for exercise 59 and participant 6 at 2025-02-14T23:42:14.045870451Z[Etc/UTC].
    23:42:13.945 |  39 Pool-1-worker-13 | DEBUG | .a.s.ParticipantScoreScheduleService : Processing of 0 results and 1 participant scores.
    23:42:14.045 | 614 taskScheduler-3  | DEBUG | .a.s.ParticipantScoreScheduleService : Processing exercise 59 and participant 6 to update participant scores.
    23:42:14.059 | 614 taskScheduler-3  | DEBUG | .a.s.ParticipantScoreScheduleService : Updated participant score 42.
    23:42:14.059 | 614 taskScheduler-3  | DEBUG | .a.s.ParticipantScoreScheduleService : Updating the participant score for exercise 59 and participant 6 took 14 ms.

  Starting logs for ResultListenerIntegrationTest > saveRatedResult_then_saveAnotherUnratedResult_then_removeRatedResult_ShouldUpdateOriginalStudentScore(boolean) [1] isTeamTest=true
    23:42:14.326 |  39 Pool-1-worker-13 | DEBUG | d.t.c.a.a.c.u.util.UserUtilService   : Generate 1 students...
    23:42:14.332 |  39 Pool-1-worker-13 | DEBUG | d.t.c.a.a.c.u.util.UserUtilService   : 1 students generated. Generate 1 tutors...
    23:42:14.338 |  39 Pool-1-worker-13 | DEBUG | d.t.c.a.a.c.u.util.UserUtilService   : 1 tutors generated. Generate 0 editors...
    23:42:14.342 |  39 Pool-1-worker-13 | DEBUG | d.t.c.a.a.c.u.util.UserUtilService   : 0 editors generated. Generate 1 instructors...
    23:42:14.351 |  39 Pool-1-worker-13 | DEBUG | d.t.c.a.a.c.u.util.UserUtilService   : 1 instructors generated
    23:42:14.357 |  39 Pool-1-worker-13 | DEBUG | d.t.c.a.a.c.u.util.UserUtilService   : Removing 3 users from all courses...
    23:42:14.358 |  39 Pool-1-worker-13 | DEBUG | d.t.c.a.a.c.u.util.UserUtilService   : Removing 3 users from all courses. Done
    23:42:14.358 |  39 Pool-1-worker-13 | DEBUG | d.t.c.a.a.c.u.util.UserUtilService   : Save 3 users to database...
    23:42:14.369 |  39 Pool-1-worker-13 | DEBUG | d.t.c.a.a.c.u.util.UserUtilService   : Save 3 users to database. Done
    23:42:14.386 |  39 Pool-1-worker-13 | INFO  | i.z.t.d.l.EmbeddedDatabaseReporter   : JDBC URL to connect to 'dataSource': url='jdbc:h2:tcp://localhost:41063/mem:f240edcd-27ce-47a3-b4ab-a6a00c154135;USER=sa', scope='ResultListenerIntegrationTest#saveRatedResult_then_saveAnotherUnratedResult_then_removeRatedResult_ShouldUpdateOriginalStudentScore'
    23:42:14.413 |  39 Pool-1-worker-13 | DEBUG | .c.s.m.InstanceMessageReceiveService : Received schedule participant score for exercise 62 and participant 27 (result to be deleted: null)
    23:42:14.413 |  39 Pool-1-worker-13 | DEBUG | .a.s.ParticipantScoreScheduleService : Scheduled task for exercise 62 and participant 27 at 2025-02-14T23:42:14.513848328Z[Etc/UTC].
    23:42:14.418 |  39 Pool-1-worker-13 | DEBUG | .a.s.ParticipantScoreScheduleService : Scheduled task for exercise 62 and participant 27 at 2025-02-14T23:42:14.518719131Z[Etc/UTC].
    23:42:14.419 |  39 Pool-1-worker-13 | DEBUG | .a.s.ParticipantScoreScheduleService : Processing of 1 results and 0 participant scores.
    23:42:14.518 | 615 taskScheduler-4  | DEBUG | .a.s.ParticipantScoreScheduleService : Processing exercise 62 and participant 27 to update participant scores.
    23:42:14.535 | 570 vc.HealthMonitor | INFO  | c.h.i.diagnostics.HealthMonitor      : [127.0.0.1]:5703 [dev] [5.5.0] processors=4, physical.memory.total=15.6G, physical.memory.free=3.3G, swap.space.total=0, swap.space.free=0, heap.memory.used=2.3G, heap.memory.free=468.8M, heap.memory.total=2.8G, heap.memory.max=6.0G, heap.memory.used/total=83.62%, heap.memory.used/max=39.14%, minor.gc.count=102, minor.gc.time=5684ms, major.gc.count=0, major.gc.time=0ms, unknown.gc.count=44, unknown.gc.time=606ms, load.process=0.00%, load.system=99.83%, load.systemAverage=4.36, thread.count=470, thread.peakCount=474, cluster.timeDiff=0, event.q.size=0, executor.q.async.size=0, executor.q.client.size=0, executor.q.client.query.size=0, executor.q.client.blocking.size=0, executor.q.query.size=0, executor.q.scheduled.size=0, executor.q.io.size=0, executor.q.system.size=0, executor.q.operations.size=0, executor.q.priorityOperation.size=0, operations.completed.count=524, executor.q.mapLoad.size=0, executor.q.mapLoadAllKeys.size=0, executor.q.cluster.size=0, executor.q.response.size=0, operations.running.count=0, operations.pending.invocations.percentage=0.00%, operations.pending.invocations.count=0, proxy.count=213, clientEndpoint.count=0, connection.active.count=0, client.connection.count=0, connection.count=0
    23:42:14.541 | 615 taskScheduler-4  | DEBUG | .a.s.ParticipantScoreScheduleService : Updated participant score 43.
    23:42:14.542 | 615 taskScheduler-4  | DEBUG | .a.s.ParticipantScoreScheduleService : Updating the participant score for exercise 62 and participant 27 took 24 ms.
    23:42:14.745 |  39 Pool-1-worker-13 | DEBUG | .c.s.m.InstanceMessageReceiveService : Received schedule participant score for exercise 62 and participant 27 (result to be deleted: null)
    23:42:14.745 |  39 Pool-1-worker-13 | DEBUG | .a.s.ParticipantScoreScheduleService : Scheduled task for exercise 62 and participant 27 at 2025-02-14T23:42:14.845543118Z[Etc/UTC].
    23:42:14.753 |  39 Pool-1-worker-13 | DEBUG | .a.s.ParticipantScoreScheduleService : Scheduled task for exercise 62 and participant 27 at 2025-02-14T23:42:14.853594332Z[Etc/UTC].
    23:42:14.753 |  39 Pool-1-worker-13 | DEBUG | .a.s.ParticipantScoreScheduleService : Processing of 1 results and 0 participant scores.
    23:42:14.853 | 614 taskScheduler-3  | DEBUG | .a.s.ParticipantScoreScheduleService : Processing exercise 62 and participant 27 to update participant scores.
    23:42:14.870 | 614 taskScheduler-3  | DEBUG | .a.s.ParticipantScoreScheduleService : Updated participant score 43.
    23:42:14.873 | 614 taskScheduler-3  | DEBUG | .a.s.ParticipantScoreScheduleService : Updating the participant score for exercise 62 and participant 27 took 20 ms.
    23:42:15.061 |  39 Pool-1-worker-13 | DEBUG | d.t.c.a.a.a.service.ResultService    : Delete result 52
    23:42:15.061 |  39 Pool-1-worker-13 | DEBUG | d.t.c.a.a.a.service.ResultService    : Delete result references 52
    23:42:15.071 |  39 Pool-1-worker-13 | DEBUG | .c.s.m.InstanceMessageReceiveService : Received schedule participant score for exercise 62 and participant 27 (result to be deleted: 52)
    23:42:15.071 |  39 Pool-1-worker-13 | DEBUG | .a.s.ParticipantScoreScheduleService : Scheduled task for exercise 62 and participant 27 at 2025-02-14T23:42:15.171514166Z[Etc/UTC].
    23:42:15.089 |  39 Pool-1-worker-13 | DEBUG | .a.s.ParticipantScoreScheduleService : Processing of 0 results and 0 participant scores.
    23:42:15.171 | 615 taskScheduler-4  | DEBUG | .a.s.ParticipantScoreScheduleService : Processing exercise 62 and participant 27 to update participant scores.
    23:42:15.187 | 615 taskScheduler-4  | DEBUG | .a.s.ParticipantScoreScheduleService : Updated participant score 43.
    23:42:15.188 | 615 taskScheduler-4  | DEBUG | .a.s.ParticipantScoreScheduleService : Updating the participant score for exercise 62 and participant 27 took 17 ms.

  Starting logs for ResultListenerIntegrationTest > saveRatedResult_then_saveAnotherUnratedResult_then_removeRatedResult_ShouldUpdateOriginalStudentScore(boolean) [2] isTeamTest=false
    23:42:15.261 |  39 Pool-1-worker-13 | DEBUG | d.t.c.a.a.c.u.util.UserUtilService   : Generate 1 students...
    23:42:15.271 |  39 Pool-1-worker-13 | DEBUG | d.t.c.a.a.c.u.util.UserUtilService   : 1 students generated. Generate 1 tutors...
    23:42:15.282 |  39 Pool-1-worker-13 | DEBUG | d.t.c.a.a.c.u.util.UserUtilService   : 1 tutors generated. Generate 0 editors...
    23:42:15.284 |  39 Pool-1-worker-13 | DEBUG | d.t.c.a.a.c.u.util.UserUtilService   : 0 editors generated. Generate 1 instructors...
    23:42:15.295 |  39 Pool-1-worker-13 | DEBUG | d.t.c.a.a.c.u.util.UserUtilService   : 1 instructors generated
    23:42:15.300 |  39 Pool-1-worker-13 | DEBUG | d.t.c.a.a.c.u.util.UserUtilService   : Removing 3 users from all courses...
    23:42:15.301 |  39 Pool-1-worker-13 | DEBUG | d.t.c.a.a.c.u.util.UserUtilService   : Removing 3 users from all courses. Done
    23:42:15.301 |  39 Pool-1-worker-13 | DEBUG | d.t.c.a.a.c.u.util.UserUtilService   : Save 3 users to database...
    23:42:15.309 |  39 Pool-1-worker-13 | DEBUG | d.t.c.a.a.c.u.util.UserUtilService   : Save 3 users to database. Done
    23:42:15.317 |  39 Pool-1-worker-13 | INFO  | i.z.t.d.l.EmbeddedDatabaseReporter   : JDBC URL to connect to 'dataSource': url='jdbc:h2:tcp://localhost:41063/mem:f240edcd-27ce-47a3-b4ab-a6a00c154135;USER=sa', scope='ResultListenerIntegrationTest#saveRatedResult_then_saveAnotherUnratedResult_then_removeRatedResult_ShouldUpdateOriginalStudentScore'
    23:42:15.331 |  39 Pool-1-worker-13 | DEBUG | .c.s.m.InstanceMessageReceiveService : Received schedule participant score for exercise 63 and participant 6 (result to be deleted: null)
    23:42:15.331 |  39 Pool-1-worker-13 | DEBUG | .a.s.ParticipantScoreScheduleService : Scheduled task for exercise 63 and participant 6 at 2025-02-14T23:42:15.431232328Z[Etc/UTC].
    23:42:15.333 |  39 Pool-1-worker-13 | DEBUG | .a.s.ParticipantScoreScheduleService : Scheduled task for exercise 63 and participant 6 at 2025-02-14T23:42:15.433224713Z[Etc/UTC].
    23:42:15.333 |  39 Pool-1-worker-13 | DEBUG | .a.s.ParticipantScoreScheduleService : Processing of 1 results and 0 participant scores.
    23:42:15.433 | 600 taskScheduler-1  | DEBUG | .a.s.ParticipantScoreScheduleService : Processing exercise 63 and participant 6 to update participant scores.
    23:42:15.444 | 600 taskScheduler-1  | DEBUG | .a.s.ParticipantScoreScheduleService : Updated participant score 44.
    23:42:15.446 | 600 taskScheduler-1  | DEBUG | .a.s.ParticipantScoreScheduleService : Updating the participant score for exercise 63 and participant 6 took 13 ms.
    23:42:15.725 |  39 Pool-1-worker-13 | DEBUG | .c.s.m.InstanceMessageReceiveService : Received schedule participant score for exercise 63 and participant 6 (result to be deleted: null)
    23:42:15.725 |  39 Pool-1-worker-13 | DEBUG | .a.s.ParticipantScoreScheduleService : Scheduled task for exercise 63 and participant 6 at 2025-02-14T23:42:15.825924145Z[Etc/UTC].
    23:42:15.742 |  39 Pool-1-worker-13 | DEBUG | .a.s.ParticipantScoreScheduleService : Scheduled task for exercise 63 and participant 6 at 2025-02-14T23:42:15.842728823Z[Etc/UTC].
    23:42:15.743 |  39 Pool-1-worker-13 | DEBUG | .a.s.ParticipantScoreScheduleService : Processing of 1 results and 0 participant scores.
    23:42:15.843 | 615 taskScheduler-4  | DEBUG | .a.s.ParticipantScoreScheduleService : Processing exercise 63 and participant 6 to update participant scores.
    23:42:15.859 | 615 taskScheduler-4  | DEBUG | .a.s.ParticipantScoreScheduleService : Updated participant score 44.
    23:42:15.859 | 615 taskScheduler-4  | DEBUG | .a.s.ParticipantScoreScheduleService : Updating the participant score for exercise 63 and participant 6 took 16 ms.
    23:42:16.050 |  39 Pool-1-worker-13 | DEBUG | d.t.c.a.a.a.service.ResultService    : Delete result 54
    23:42:16.050 |  39 Pool-1-worker-13 | DEBUG | d.t.c.a.a.a.service.ResultService    : Delete result references 54
    23:42:16.059 |  39 Pool-1-worker-13 | DEBUG | .c.s.m.InstanceMessageReceiveService : Received schedule participant score for exercise 63 and participant 6 (result to be deleted: 54)
    23:42:16.060 |  39 Pool-1-worker-13 | DEBUG | .a.s.ParticipantScoreScheduleService : Scheduled task for exercise 63 and participant 6 at 2025-02-14T23:42:16.159986573Z[Etc/UTC].
    23:42:16.071 |  39 Pool-1-worker-13 | DEBUG | .a.s.ParticipantScoreScheduleService : Processing of 0 results and 0 participant scores.
    23:42:16.160 | 600 taskScheduler-1  | DEBUG | .a.s.ParticipantScoreScheduleService : Processing exercise 63 and participant 6 to update participant scores.
    23:42:16.182 | 600 taskScheduler-1  | DEBUG | .a.s.ParticipantScoreScheduleService : Updated participant score 44.
    23:42:16.183 | 600 taskScheduler-1  | DEBUG | .a.s.ParticipantScoreScheduleService : Updating the participant score for exercise 63 and participant 6 took 23 ms.

  Starting logs for ResultListenerIntegrationTest > saveUnratedResult_then_removeSavedResult_ShouldRemoveAssociatedStudentScore(boolean) [1] isTeamTest=true
    23:42:16.430 |  39 Pool-1-worker-13 | DEBUG | d.t.c.a.a.c.u.util.UserUtilService   : Generate 1 students...
    23:42:16.435 |  39 Pool-1-worker-13 | DEBUG | d.t.c.a.a.c.u.util.UserUtilService   : 1 students generated. Generate 1 tutors...
    23:42:16.446 |  39 Pool-1-worker-13 | DEBUG | d.t.c.a.a.c.u.util.UserUtilService   : 1 tutors generated. Generate 0 editors...
    23:42:16.451 |  39 Pool-1-worker-13 | DEBUG | d.t.c.a.a.c.u.util.UserUtilService   : 0 editors generated. Generate 1 instructors...
    23:42:16.460 |  39 Pool-1-worker-13 | DEBUG | d.t.c.a.a.c.u.util.UserUtilService   : 1 instructors generated
    23:42:16.464 |  39 Pool-1-worker-13 | DEBUG | d.t.c.a.a.c.u.util.UserUtilService   : Removing 3 users from all courses...
    23:42:16.465 |  39 Pool-1-worker-13 | DEBUG | d.t.c.a.a.c.u.util.UserUtilService   : Removing 3 users from all courses. Done
    23:42:16.465 |  39 Pool-1-worker-13 | DEBUG | d.t.c.a.a.c.u.util.UserUtilService   : Save 3 users to database...
    23:42:16.472 |  39 Pool-1-worker-13 | DEBUG | d.t.c.a.a.c.u.util.UserUtilService   : Save 3 users to database. Done
    23:42:16.490 |  39 Pool-1-worker-13 | INFO  | i.z.t.d.l.EmbeddedDatabaseReporter   : JDBC URL to connect to 'dataSource': url='jdbc:h2:tcp://localhost:41063/mem:f240edcd-27ce-47a3-b4ab-a6a00c154135;USER=sa', scope='ResultListenerIntegrationTest#saveUnratedResult_then_removeSavedResult_ShouldRemoveAssociatedStudentScore'
    23:42:16.517 |  39 Pool-1-worker-13 | DEBUG | .c.s.m.InstanceMessageReceiveService : Received schedule participant score for exercise 66 and participant 29 (result to be deleted: null)
    23:42:16.517 |  39 Pool-1-worker-13 | DEBUG | .a.s.ParticipantScoreScheduleService : Scheduled task for exercise 66 and participant 29 at 2025-02-14T23:42:16.617931352Z[Etc/UTC].
    23:42:16.520 |  39 Pool-1-worker-13 | DEBUG | .a.s.ParticipantScoreScheduleService : Scheduled task for exercise 66 and participant 29 at 2025-02-14T23:42:16.620984276Z[Etc/UTC].
    23:42:16.521 |  39 Pool-1-worker-13 | DEBUG | .a.s.ParticipantScoreScheduleService : Processing of 1 results and 0 participant scores.
    23:42:16.621 | 601 taskScheduler-2  | DEBUG | .a.s.ParticipantScoreScheduleService : Processing exercise 66 and participant 29 to update participant scores.
    23:42:16.633 | 601 taskScheduler-2  | DEBUG | .a.s.ParticipantScoreScheduleService : Updated participant score 45.
    23:42:16.634 | 601 taskScheduler-2  | DEBUG | .a.s.ParticipantScoreScheduleService : Updating the participant score for exercise 66 and participant 29 took 13 ms.
    23:42:16.830 |  39 Pool-1-worker-13 | DEBUG | d.t.c.a.a.a.service.ResultService    : Delete result 56
    23:42:16.830 |  39 Pool-1-worker-13 | DEBUG | d.t.c.a.a.a.service.ResultService    : Delete result references 56
    23:42:16.837 |  39 Pool-1-worker-13 | DEBUG | .c.s.m.InstanceMessageReceiveService : Received schedule participant score for exercise 66 and participant 29 (result to be deleted: 56)
    23:42:16.837 |  39 Pool-1-worker-13 | DEBUG | .a.s.ParticipantScoreScheduleService : Scheduled task for exercise 66 and participant 29 at 2025-02-14T23:42:16.937593343Z[Etc/UTC].
    23:42:16.937 | 600 taskScheduler-1  | DEBUG | .a.s.ParticipantScoreScheduleService : Processing exercise 66 and participant 29 to update participant scores.
    23:42:16.952 | 600 taskScheduler-1  | DEBUG | .a.s.ParticipantScoreScheduleService : Deleted participant score 45.
    23:42:16.953 | 600 taskScheduler-1  | DEBUG | .a.s.ParticipantScoreScheduleService : Updating the participant score for exercise 66 and participant 29 took 16 ms.

  Starting logs for ResultListenerIntegrationTest > saveUnratedResult_then_removeSavedResult_ShouldRemoveAssociatedStudentScore(boolean) [2] isTeamTest=false
    23:42:17.216 |  39 Pool-1-worker-13 | DEBUG | d.t.c.a.a.c.u.util.UserUtilService   : Generate 1 students...
    23:42:17.222 |  39 Pool-1-worker-13 | DEBUG | d.t.c.a.a.c.u.util.UserUtilService   : 1 students generated. Generate 1 tutors...
    23:42:17.227 |  39 Pool-1-worker-13 | DEBUG | d.t.c.a.a.c.u.util.UserUtilService   : 1 tutors generated. Generate 0 editors...
    23:42:17.228 |  39 Pool-1-worker-13 | DEBUG | d.t.c.a.a.c.u.util.UserUtilService   : 0 editors generated. Generate 1 instructors...
    23:42:17.236 |  39 Pool-1-worker-13 | DEBUG | d.t.c.a.a.c.u.util.UserUtilService   : 1 instructors generated
    23:42:17.239 |  39 Pool-1-worker-13 | DEBUG | d.t.c.a.a.c.u.util.UserUtilService   : Removing 3 users from all courses...
    23:42:17.240 |  39 Pool-1-worker-13 | DEBUG | d.t.c.a.a.c.u.util.UserUtilService   : Removing 3 users from all courses. Done
    23:42:17.240 |  39 Pool-1-worker-13 | DEBUG | d.t.c.a.a.c.u.util.UserUtilService   : Save 3 users to database...
    23:42:17.251 |  39 Pool-1-worker-13 | DEBUG | d.t.c.a.a.c.u.util.UserUtilService   : Save 3 users to database. Done
    23:42:17.264 |  39 Pool-1-worker-13 | INFO  | i.z.t.d.l.EmbeddedDatabaseReporter   : JDBC URL to connect to 'dataSource': url='jdbc:h2:tcp://localhost:41063/mem:f240edcd-27ce-47a3-b4ab-a6a00c154135;USER=sa', scope='ResultListenerIntegrationTest#saveUnratedResult_then_removeSavedResult_ShouldRemoveAssociatedStudentScore'
    23:42:17.288 |  39 Pool-1-worker-13 | DEBUG | .c.s.m.InstanceMessageReceiveService : Received schedule participant score for exercise 67 and participant 6 (result to be deleted: null)
    23:42:17.290 |  39 Pool-1-worker-13 | DEBUG | .a.s.ParticipantScoreScheduleService : Scheduled task for exercise 67 and participant 6 at 2025-02-14T23:42:17.388835140Z[Etc/UTC].
    23:42:17.294 |  39 Pool-1-worker-13 | DEBUG | .a.s.ParticipantScoreScheduleService : Scheduled task for exercise 67 and participant 6 at 2025-02-14T23:42:17.394004660Z[Etc/UTC].
    23:42:17.295 |  39 Pool-1-worker-13 | DEBUG | .a.s.ParticipantScoreScheduleService : Processing of 1 results and 0 participant scores.
    23:42:17.394 | 614 taskScheduler-3  | DEBUG | .a.s.ParticipantScoreScheduleService : Processing exercise 67 and participant 6 to update participant scores.
    23:42:17.405 | 614 taskScheduler-3  | DEBUG | .a.s.ParticipantScoreScheduleService : Updated participant score 46.
    23:42:17.408 | 614 taskScheduler-3  | DEBUG | .a.s.ParticipantScoreScheduleService : Updating the participant score for exercise 67 and participant 6 took 14 ms.
    23:42:17.603 |  39 Pool-1-worker-13 | DEBUG | d.t.c.a.a.a.service.ResultService    : Delete result 57
    23:42:17.603 |  39 Pool-1-worker-13 | DEBUG | d.t.c.a.a.a.service.ResultService    : Delete result references 57
    23:42:17.611 |  39 Pool-1-worker-13 | DEBUG | .c.s.m.InstanceMessageReceiveService : Received schedule participant score for exercise 67 and participant 6 (result to be deleted: 57)
    23:42:17.612 |  39 Pool-1-worker-13 | DEBUG | .a.s.ParticipantScoreScheduleService : Scheduled task for exercise 67 and participant 6 at 2025-02-14T23:42:17.711968460Z[Etc/UTC].
    23:42:17.712 | 600 taskScheduler-1  | DEBUG | .a.s.ParticipantScoreScheduleService : Processing exercise 67 and participant 6 to update participant scores.
    23:42:17.724 | 600 taskScheduler-1  | DEBUG | .a.s.ParticipantScoreScheduleService : Deleted participant score 46.
    23:42:17.725 | 600 taskScheduler-1  | DEBUG | .a.s.ParticipantScoreScheduleService : Updating the participant score for exercise 67 and participant 6 took 12 ms.

  Starting logs for ResultListenerIntegrationTest > saveUnratedResult_then_saveAnotherRatedResult_ShouldUpdateOriginalStudentScore(boolean) [1] isTeamTest=true
    23:42:17.964 |  39 Pool-1-worker-13 | DEBUG | d.t.c.a.a.c.u.util.UserUtilService   : Generate 1 students...
    23:42:17.970 |  39 Pool-1-worker-13 | DEBUG | d.t.c.a.a.c.u.util.UserUtilService   : 1 students generated. Generate 1 tutors...
    23:42:17.977 |  39 Pool-1-worker-13 | DEBUG | d.t.c.a.a.c.u.util.UserUtilService   : 1 tutors generated. Generate 0 editors...
    23:42:17.980 |  39 Pool-1-worker-13 | DEBUG | d.t.c.a.a.c.u.util.UserUtilService   : 0 editors generated. Generate 1 instructors...
    23:42:17.986 |  39 Pool-1-worker-13 | DEBUG | d.t.c.a.a.c.u.util.UserUtilService   : 1 instructors generated
    23:42:17.987 |  39 Pool-1-worker-13 | DEBUG | d.t.c.a.a.c.u.util.UserUtilService   : Removing 3 users from all courses...
    23:42:17.990 |  39 Pool-1-worker-13 | DEBUG | d.t.c.a.a.c.u.util.UserUtilService   : Removing 3 users from all courses. Done
    23:42:17.990 |  39 Pool-1-worker-13 | DEBUG | d.t.c.a.a.c.u.util.UserUtilService   : Save 3 users to database...
    23:42:17.998 |  39 Pool-1-worker-13 | DEBUG | d.t.c.a.a.c.u.util.UserUtilService   : Save 3 users to database. Done
    23:42:18.013 |  39 Pool-1-worker-13 | INFO  | i.z.t.d.l.EmbeddedDatabaseReporter   : JDBC URL to connect to 'dataSource': url='jdbc:h2:tcp://localhost:41063/mem:f240edcd-27ce-47a3-b4ab-a6a00c154135;USER=sa', scope='ResultListenerIntegrationTest#saveUnratedResult_then_saveAnotherRatedResult_ShouldUpdateOriginalStudentScore'
    23:42:18.031 |  39 Pool-1-worker-13 | DEBUG | .c.s.m.InstanceMessageReceiveService : Received schedule participant score for exercise 70 and participant 31 (result to be deleted: null)
    23:42:18.031 |  39 Pool-1-worker-13 | DEBUG | .a.s.ParticipantScoreScheduleService : Scheduled task for exercise 70 and participant 31 at 2025-02-14T23:42:18.131288615Z[Etc/UTC].
    23:42:18.033 |  39 Pool-1-worker-13 | DEBUG | .a.s.ParticipantScoreScheduleService : Scheduled task for exercise 70 and participant 31 at 2025-02-14T23:42:18.133198016Z[Etc/UTC].
    23:42:18.033 |  39 Pool-1-worker-13 | DEBUG | .a.s.ParticipantScoreScheduleService : Processing of 1 results and 0 participant scores.
    23:42:18.133 | 615 taskScheduler-4  | DEBUG | .a.s.ParticipantScoreScheduleService : Processing exercise 70 and participant 31 to update participant scores.
    23:42:18.144 | 615 taskScheduler-4  | DEBUG | .a.s.ParticipantScoreScheduleService : Updated participant score 47.
    23:42:18.145 | 615 taskScheduler-4  | DEBUG | .a.s.ParticipantScoreScheduleService : Updating the participant score for exercise 70 and participant 31 took 12 ms.
    23:42:18.352 |  39 Pool-1-worker-13 | DEBUG | .c.s.m.InstanceMessageReceiveService : Received schedule participant score for exercise 70 and participant 31 (result to be deleted: null)
    23:42:18.352 |  39 Pool-1-worker-13 | DEBUG | .a.s.ParticipantScoreScheduleService : Scheduled task for exercise 70 and participant 31 at 2025-02-14T23:42:18.452877934Z[Etc/UTC].
    23:42:18.355 |  39 Pool-1-worker-13 | DEBUG | .a.s.ParticipantScoreScheduleService : Scheduled task for exercise 70 and participant 31 at 2025-02-14T23:42:18.455428801Z[Etc/UTC].
    23:42:18.355 |  39 Pool-1-worker-13 | DEBUG | .a.s.ParticipantScoreScheduleService : Processing of 1 results and 0 participant scores.
    23:42:18.455 | 614 taskScheduler-3  | DEBUG | .a.s.ParticipantScoreScheduleService : Processing exercise 70 and participant 31 to update participant scores.
    23:42:18.473 | 614 taskScheduler-3  | DEBUG | .a.s.ParticipantScoreScheduleService : Updated participant score 47.
    23:42:18.474 | 614 taskScheduler-3  | DEBUG | .a.s.ParticipantScoreScheduleService : Updating the participant score for exercise 70 and participant 31 took 19 ms.

  Starting logs for ResultListenerIntegrationTest > saveUnratedResult_then_saveAnotherRatedResult_ShouldUpdateOriginalStudentScore(boolean) [2] isTeamTest=false
    23:42:18.710 |  39 Pool-1-worker-13 | DEBUG | d.t.c.a.a.c.u.util.UserUtilService   : Generate 1 students...
    23:42:18.763 |  39 Pool-1-worker-13 | DEBUG | d.t.c.a.a.c.u.util.UserUtilService   : 1 students generated. Generate 1 tutors...
    23:42:18.770 |  39 Pool-1-worker-13 | DEBUG | d.t.c.a.a.c.u.util.UserUtilService   : 1 tutors generated. Generate 0 editors...
    23:42:18.774 |  39 Pool-1-worker-13 | DEBUG | d.t.c.a.a.c.u.util.UserUtilService   : 0 editors generated. Generate 1 instructors...
    23:42:18.785 |  39 Pool-1-worker-13 | DEBUG | d.t.c.a.a.c.u.util.UserUtilService   : 1 instructors generated
    23:42:18.790 |  39 Pool-1-worker-13 | DEBUG | d.t.c.a.a.c.u.util.UserUtilService   : Removing 3 users from all courses...
    23:42:18.791 |  39 Pool-1-worker-13 | DEBUG | d.t.c.a.a.c.u.util.UserUtilService   : Removing 3 users from all courses. Done
    23:42:18.791 |  39 Pool-1-worker-13 | DEBUG | d.t.c.a.a.c.u.util.UserUtilService   : Save 3 users to database...
    23:42:18.796 |  39 Pool-1-worker-13 | DEBUG | d.t.c.a.a.c.u.util.UserUtilService   : Save 3 users to database. Done
    23:42:18.805 |  39 Pool-1-worker-13 | INFO  | i.z.t.d.l.EmbeddedDatabaseReporter   : JDBC URL to connect to 'dataSource': url='jdbc:h2:tcp://localhost:41063/mem:f240edcd-27ce-47a3-b4ab-a6a00c154135;USER=sa', scope='ResultListenerIntegrationTest#saveUnratedResult_then_saveAnotherRatedResult_ShouldUpdateOriginalStudentScore'
    23:42:18.817 |  39 Pool-1-worker-13 | DEBUG | .c.s.m.InstanceMessageReceiveService : Received schedule participant score for exercise 71 and participant 6 (result to be deleted: null)
    23:42:18.817 |  39 Pool-1-worker-13 | DEBUG | .a.s.ParticipantScoreScheduleService : Scheduled task for exercise 71 and participant 6 at 2025-02-14T23:42:18.917486768Z[Etc/UTC].
    23:42:18.819 |  39 Pool-1-worker-13 | DEBUG | .a.s.ParticipantScoreScheduleService : Scheduled task for exercise 71 and participant 6 at 2025-02-14T23:42:18.919560245Z[Etc/UTC].
    23:42:18.819 |  39 Pool-1-worker-13 | DEBUG | .a.s.ParticipantScoreScheduleService : Processing of 1 results and 0 participant scores.
    23:42:18.919 | 615 taskScheduler-4  | DEBUG | .a.s.ParticipantScoreScheduleService : Processing exercise 71 and participant 6 to update participant scores.
    23:42:18.926 | 615 taskScheduler-4  | DEBUG | .a.s.ParticipantScoreScheduleService : Updated participant score 48.
    23:42:18.927 | 615 taskScheduler-4  | DEBUG | .a.s.ParticipantScoreScheduleService : Updating the participant score for exercise 71 and participant 6 took 8 ms.
    23:42:19.141 |  39 Pool-1-worker-13 | DEBUG | .c.s.m.InstanceMessageReceiveService : Received schedule participant score for exercise 71 and participant 6 (result to be deleted: null)
    23:42:19.141 |  39 Pool-1-worker-13 | DEBUG | .a.s.ParticipantScoreScheduleService : Scheduled task for exercise 71 and participant 6 at 2025-02-14T23:42:19.241125569Z[Etc/UTC].
    23:42:19.145 |  39 Pool-1-worker-13 | DEBUG | .a.s.ParticipantScoreScheduleService : Scheduled task for exercise 71 and participant 6 at 2025-02-14T23:42:19.245009293Z[Etc/UTC].
    23:42:19.145 |  39 Pool-1-worker-13 | DEBUG | .a.s.ParticipantScoreScheduleService : Processing of 1 results and 0 participant scores.
    23:42:19.245 | 614 taskScheduler-3  | DEBUG | .a.s.ParticipantScoreScheduleService : Processing exercise 71 and participant 6 to update participant scores.
    23:42:19.263 | 614 taskScheduler-3  | DEBUG | .a.s.ParticipantScoreScheduleService : Updated participant score 48.
    23:42:19.263 | 614 taskScheduler-3  | DEBUG | .a.s.ParticipantScoreScheduleService : Updating the participant score for exercise 71 and participant 6 took 18 ms.

  Starting logs for ResultListenerIntegrationTest > saveRatedResult_then_saveAnotherRatedResult_ShouldUpdateOriginalStudentScore(boolean) [1] isTeamTest=true
    23:42:19.507 |  39 Pool-1-worker-13 | DEBUG | d.t.c.a.a.c.u.util.UserUtilService   : Generate 1 students...
    23:42:19.515 |  39 Pool-1-worker-13 | DEBUG | d.t.c.a.a.c.u.util.UserUtilService   : 1 students generated. Generate 1 tutors...
    23:42:19.521 |  39 Pool-1-worker-13 | DEBUG | d.t.c.a.a.c.u.util.UserUtilService   : 1 tutors generated. Generate 0 editors...
    23:42:19.522 |  39 Pool-1-worker-13 | DEBUG | d.t.c.a.a.c.u.util.UserUtilService   : 0 editors generated. Generate 1 instructors...
    23:42:19.531 |  39 Pool-1-worker-13 | DEBUG | d.t.c.a.a.c.u.util.UserUtilService   : 1 instructors generated
    23:42:19.533 |  39 Pool-1-worker-13 | DEBUG | d.t.c.a.a.c.u.util.UserUtilService   : Removing 3 users from all courses...
    23:42:19.536 |  39 Pool-1-worker-13 | DEBUG | d.t.c.a.a.c.u.util.UserUtilService   : Removing 3 users from all courses. Done
    23:42:19.536 |  39 Pool-1-worker-13 | DEBUG | d.t.c.a.a.c.u.util.UserUtilService   : Save 3 users to database...
    23:42:19.547 |  39 Pool-1-worker-13 | DEBUG | d.t.c.a.a.c.u.util.UserUtilService   : Save 3 users to database. Done
    23:42:19.562 |  39 Pool-1-worker-13 | INFO  | i.z.t.d.l.EmbeddedDatabaseReporter   : JDBC URL to connect to 'dataSource': url='jdbc:h2:tcp://localhost:41063/mem:f240edcd-27ce-47a3-b4ab-a6a00c154135;USER=sa', scope='ResultListenerIntegrationTest#saveRatedResult_then_saveAnotherRatedResult_ShouldUpdateOriginalStudentScore'
    23:42:19.581 |  39 Pool-1-worker-13 | DEBUG | .c.s.m.InstanceMessageReceiveService : Received schedule participant score for exercise 74 and participant 33 (result to be deleted: null)
    23:42:19.581 |  39 Pool-1-worker-13 | DEBUG | .a.s.ParticipantScoreScheduleService : Scheduled task for exercise 74 and participant 33 at 2025-02-14T23:42:19.681781336Z[Etc/UTC].
    23:42:19.588 |  39 Pool-1-worker-13 | DEBUG | .a.s.ParticipantScoreScheduleService : Scheduled task for exercise 74 and participant 33 at 2025-02-14T23:42:19.688610451Z[Etc/UTC].
    23:42:19.588 |  39 Pool-1-worker-13 | DEBUG | .a.s.ParticipantScoreScheduleService : Processing of 1 results and 0 participant scores.
    23:42:19.688 | 600 taskScheduler-1  | DEBUG | .a.s.ParticipantScoreScheduleService : Processing exercise 74 and participant 33 to update participant scores.
    23:42:19.705 | 600 taskScheduler-1  | DEBUG | .a.s.ParticipantScoreScheduleService : Updated participant score 49.
    23:42:19.710 | 600 taskScheduler-1  | DEBUG | .a.s.ParticipantScoreScheduleService : Updating the participant score for exercise 74 and participant 33 took 22 ms.
    23:42:19.906 |  39 Pool-1-worker-13 | DEBUG | .c.s.m.InstanceMessageReceiveService : Received schedule participant score for exercise 74 and participant 33 (result to be deleted: null)
    23:42:19.906 |  39 Pool-1-worker-13 | DEBUG | .a.s.ParticipantScoreScheduleService : Scheduled task for exercise 74 and participant 33 at 2025-02-14T23:42:20.006359587Z[Etc/UTC].
    23:42:19.911 |  39 Pool-1-worker-13 | DEBUG | .a.s.ParticipantScoreScheduleService : Scheduled task for exercise 74 and participant 33 at 2025-02-14T23:42:20.011715796Z[Etc/UTC].
    23:42:19.914 |  39 Pool-1-worker-13 | DEBUG | .a.s.ParticipantScoreScheduleService : Processing of 1 results and 0 participant scores.
    23:42:20.011 | 614 taskScheduler-3  | DEBUG | .a.s.ParticipantScoreScheduleService : Processing exercise 74 and participant 33 to update participant scores.
    23:42:20.027 | 614 taskScheduler-3  | DEBUG | .a.s.ParticipantScoreScheduleService : Updated participant score 49.
    23:42:20.028 | 614 taskScheduler-3  | DEBUG | .a.s.ParticipantScoreScheduleService : Updating the participant score for exercise 74 and participant 33 took 17 ms.
    23:42:20.148 | 566 localvc.event-13 | DEBUG | a.p.s.l.LocalCIQueueWebsocketService : Build agent added: BuildAgentInformation[buildAgent=BuildAgentDTO[name=artemis-build-agent-test, memberAddress=[127.0.0.1]:5703, displayName=artemis-build-agent-test], maxNumberOfConcurrentBuildJobs=1, numberOfCurrentBuildJobs=0, runningBuildJobs=[], status=IDLE, recentBuildJobs=[], publicSshKey=ssh-rsa AAAAB3NzaC1yc2EAAAADAQABAAACAQCOPdMsxRE2jFJ/UEa5/LsBxtwzJcrh3/rYBCQvcMeVpiRfhzQPWu7mrt/G2Ew+i+vRloGH9aqKg6dd1liRncao53Zmd/ePxoatXePNhmzTfkCkcSkTUz7B+QMjkoDDV5jwuFPD6mF3JkhuzSi64n9Zy905t4w2IhVcjM2mL3eYNjiCXt6Qpq3Pkt7dM/Ksw1nxnvuiIALuJLB3FTkXkHqq3PJav+9HSq2r6ZaWgekneaGxlQlb+U+Vy3XOuArKAzK8c8i+0bR+AHiTG6ncYXt7ax3U+TdlDTF7OLP3umwaYjs1NBXOHwG42pevvpKn2fqavZZozk+M05jXLx3bq0O7itxfErWc7etky8qYPyyIMF/txQIVLd78+Ze4d7Y60t5MGbXM5cGE6fFif5fEJwgswXD+BrG0cafz1CTatjSKFdvp8Vp4VszXhHDan1PrP6JEFJ5Cc5GDmLRZPCFa3vL9f5qXgf4bkqKN8MYeEujwJE5nMRWoiJVNakix2bcrrneQMBlnYeYZVWXXXUusAQBzl4NgddC1umZpihZkL1b1MffZAUW3EGEXi7KHnllQhkTLLsQ8ntMgbylqaJKStqaXlLvdeRJcEnUuiFCrHEVVbXRFZR7XVDZ02CE5o3MuaRPty8Kh+jRTF3COlAckHwYEJCNNJvXFgb2CNXL4mjzYDw== test@localhost]
    23:42:20.159 | 566 localvc.event-13 | DEBUG | s.l.LocalCIWebsocketMessagingService : Sending message on topic /topic/admin/build-agents: [BuildAgentInformation[buildAgent=BuildAgentDTO[name=artemis-build-agent-test, memberAddress=[127.0.0.1]:5703, displayName=artemis-build-agent-test], maxNumberOfConcurrentBuildJobs=1, numberOfCurrentBuildJobs=0, runningBuildJobs=[], status=IDLE, recentBuildJobs=null, publicSshKey=null]]
    23:42:20.163 | 566 localvc.event-13 | DEBUG | s.l.LocalCIWebsocketMessagingService : Sending message on topic /topic/admin/build-agent/artemis-build-agent-test: BuildAgentInformation[buildAgent=BuildAgentDTO[name=artemis-build-agent-test, memberAddress=[127.0.0.1]:5703, displayName=artemis-build-agent-test], maxNumberOfConcurrentBuildJobs=1, numberOfCurrentBuildJobs=0, runningBuildJobs=[], status=IDLE, recentBuildJobs=[], publicSshKey=ssh-rsa AAAAB3NzaC1yc2EAAAADAQABAAACAQCOPdMsxRE2jFJ/UEa5/LsBxtwzJcrh3/rYBCQvcMeVpiRfhzQPWu7mrt/G2Ew+i+vRloGH9aqKg6dd1liRncao53Zmd/ePxoatXePNhmzTfkCkcSkTUz7B+QMjkoDDV5jwuFPD6mF3JkhuzSi64n9Zy905t4w2IhVcjM2mL3eYNjiCXt6Qpq3Pkt7dM/Ksw1nxnvuiIALuJLB3FTkXkHqq3PJav+9HSq2r6ZaWgekneaGxlQlb+U+Vy3XOuArKAzK8c8i+0bR+AHiTG6ncYXt7ax3U+TdlDTF7OLP3umwaYjs1NBXOHwG42pevvpKn2fqavZZozk+M05jXLx3bq0O7itxfErWc7etky8qYPyyIMF/txQIVLd78+Ze4d7Y60t5MGbXM5cGE6fFif5fEJwgswXD+BrG0cafz1CTatjSKFdvp8Vp4VszXhHDan1PrP6JEFJ5Cc5GDmLRZPCFa3vL9f5qXgf4bkqKN8MYeEujwJE5nMRWoiJVNakix2bcrrneQMBlnYeYZVWXXXUusAQBzl4NgddC1umZpihZkL1b1MffZAUW3EGEXi7KHnllQhkTLLsQ8ntMgbylqaJKStqaXlLvdeRJcEnUuiFCrHEVVbXRFZR7XVDZ02CE5o3MuaRPty8Kh+jRTF3COlAckHwYEJCNNJvXFgb2CNXL4mjzYDw== test@localhost]
    23:42:20.163 | 566 localvc.event-13 | DEBUG | a.p.s.l.SharedQueueManagementService : Build agent added: null
    23:42:20.178 | 588 artemis-task-1   | DEBUG | d.t.c.a.a.c.c.w.GzipMessageConverter : Compressed message payload from 255 to 232 (saved 9.0% payload size)
    23:42:20.179 | 588 artemis-task-1   | DEBUG | d.t.c.a.a.c.c.w.GzipMessageConverter : Compressed message payload from 1013 to 1028 (saved -1.5% payload size)

  Starting logs for ResultListenerIntegrationTest > saveRatedResult_then_saveAnotherRatedResult_ShouldUpdateOriginalStudentScore(boolean) [2] isTeamTest=false
    23:42:20.265 |  39 Pool-1-worker-13 | DEBUG | d.t.c.a.a.c.u.util.UserUtilService   : Generate 1 students...
    23:42:20.273 |  39 Pool-1-worker-13 | DEBUG | d.t.c.a.a.c.u.util.UserUtilService   : 1 students generated. Generate 1 tutors...
    23:42:20.277 |  39 Pool-1-worker-13 | DEBUG | d.t.c.a.a.c.u.util.UserUtilService   : 1 tutors generated. Generate 0 editors...
    23:42:20.278 |  39 Pool-1-worker-13 | DEBUG | d.t.c.a.a.c.u.util.UserUtilService   : 0 editors generated. Generate 1 instructors...
    23:42:20.282 |  39 Pool-1-worker-13 | DEBUG | d.t.c.a.a.c.u.util.UserUtilService   : 1 instructors generated
    23:42:20.283 |  39 Pool-1-worker-13 | DEBUG | d.t.c.a.a.c.u.util.UserUtilService   : Removing 3 users from all courses...
    23:42:20.285 |  39 Pool-1-worker-13 | DEBUG | d.t.c.a.a.c.u.util.UserUtilService   : Removing 3 users from all courses. Done
    23:42:20.285 |  39 Pool-1-worker-13 | DEBUG | d.t.c.a.a.c.u.util.UserUtilService   : Save 3 users to database...
    23:42:20.289 |  39 Pool-1-worker-13 | DEBUG | d.t.c.a.a.c.u.util.UserUtilService   : Save 3 users to database. Done
    23:42:20.296 |  39 Pool-1-worker-13 | INFO  | i.z.t.d.l.EmbeddedDatabaseReporter   : JDBC URL to connect to 'dataSource': url='jdbc:h2:tcp://localhost:41063/mem:f240edcd-27ce-47a3-b4ab-a6a00c154135;USER=sa', scope='ResultListenerIntegrationTest#saveRatedResult_then_saveAnotherRatedResult_ShouldUpdateOriginalStudentScore'
    23:42:20.307 |  39 Pool-1-worker-13 | DEBUG | .c.s.m.InstanceMessageReceiveService : Received schedule participant score for exercise 75 and participant 6 (result to be deleted: null)
    23:42:20.307 |  39 Pool-1-worker-13 | DEBUG | .a.s.ParticipantScoreScheduleService : Scheduled task for exercise 75 and participant 6 at 2025-02-14T23:42:20.407159844Z[Etc/UTC].
    23:42:20.310 |  39 Pool-1-worker-13 | DEBUG | .a.s.ParticipantScoreScheduleService : Scheduled task for exercise 75 and participant 6 at 2025-02-14T23:42:20.410349543Z[Etc/UTC].
    23:42:20.310 |  39 Pool-1-worker-13 | DEBUG | .a.s.ParticipantScoreScheduleService : Processing of 1 results and 0 participant scores.
    23:42:20.410 | 600 taskScheduler-1  | DEBUG | .a.s.ParticipantScoreScheduleService : Processing exercise 75 and participant 6 to update participant scores.
    23:42:20.421 | 600 taskScheduler-1  | DEBUG | .a.s.ParticipantScoreScheduleService : Updated participant score 50.
    23:42:20.421 | 600 taskScheduler-1  | DEBUG | .a.s.ParticipantScoreScheduleService : Updating the participant score for exercise 75 and participant 6 took 11 ms.
    23:42:20.627 |  39 Pool-1-worker-13 | DEBUG | .c.s.m.InstanceMessageReceiveService : Received schedule participant score for exercise 75 and participant 6 (result to be deleted: null)
    23:42:20.627 |  39 Pool-1-worker-13 | DEBUG | .a.s.ParticipantScoreScheduleService : Scheduled task for exercise 75 and participant 6 at 2025-02-14T23:42:20.727616970Z[Etc/UTC].
    23:42:20.636 |  39 Pool-1-worker-13 | DEBUG | .a.s.ParticipantScoreScheduleService : Scheduled task for exercise 75 and participant 6 at 2025-02-14T23:42:20.736569876Z[Etc/UTC].
    23:42:20.636 |  39 Pool-1-worker-13 | DEBUG | .a.s.ParticipantScoreScheduleService : Processing of 1 results and 0 participant scores.
    23:42:20.736 | 615 taskScheduler-4  | DEBUG | .a.s.ParticipantScoreScheduleService : Processing exercise 75 and participant 6 to update participant scores.
    23:42:20.749 | 615 taskScheduler-4  | DEBUG | .a.s.ParticipantScoreScheduleService : Updated participant score 50.
    23:42:20.750 | 615 taskScheduler-4  | DEBUG | .a.s.ParticipantScoreScheduleService : Updating the participant score for exercise 75 and participant 6 took 14 ms.

  Starting logs for ResultListenerIntegrationTest > saveRatedResult_then_changeScoreOfResult_ShouldUpdateOriginalStudentScore(boolean) [1] isTeamTest=true
    23:42:20.989 |  39 Pool-1-worker-13 | DEBUG | d.t.c.a.a.c.u.util.UserUtilService   : Generate 1 students...
    23:42:20.994 |  39 Pool-1-worker-13 | DEBUG | d.t.c.a.a.c.u.util.UserUtilService   : 1 students generated. Generate 1 tutors...
    23:42:21.002 |  39 Pool-1-worker-13 | DEBUG | d.t.c.a.a.c.u.util.UserUtilService   : 1 tutors generated. Generate 0 editors...
    23:42:21.004 |  39 Pool-1-worker-13 | DEBUG | d.t.c.a.a.c.u.util.UserUtilService   : 0 editors generated. Generate 1 instructors...
    23:42:21.010 |  39 Pool-1-worker-13 | DEBUG | d.t.c.a.a.c.u.util.UserUtilService   : 1 instructors generated
    23:42:21.012 |  39 Pool-1-worker-13 | DEBUG | d.t.c.a.a.c.u.util.UserUtilService   : Removing 3 users from all courses...
    23:42:21.013 |  39 Pool-1-worker-13 | DEBUG | d.t.c.a.a.c.u.util.UserUtilService   : Removing 3 users from all courses. Done
    23:42:21.013 |  39 Pool-1-worker-13 | DEBUG | d.t.c.a.a.c.u.util.UserUtilService   : Save 3 users to database...
    23:42:21.018 |  39 Pool-1-worker-13 | DEBUG | d.t.c.a.a.c.u.util.UserUtilService   : Save 3 users to database. Done
    23:42:21.024 |  39 Pool-1-worker-13 | INFO  | i.z.t.d.l.EmbeddedDatabaseReporter   : JDBC URL to connect to 'dataSource': url='jdbc:h2:tcp://localhost:41063/mem:f240edcd-27ce-47a3-b4ab-a6a00c154135;USER=sa', scope='ResultListenerIntegrationTest#saveRatedResult_then_changeScoreOfResult_ShouldUpdateOriginalStudentScore'
    23:42:21.035 |  39 Pool-1-worker-13 | DEBUG | .c.s.m.InstanceMessageReceiveService : Received schedule participant score for exercise 78 and participant 35 (result to be deleted: null)
    23:42:21.036 |  39 Pool-1-worker-13 | DEBUG | .a.s.ParticipantScoreScheduleService : Scheduled task for exercise 78 and participant 35 at 2025-02-14T23:42:21.135981855Z[Etc/UTC].
    23:42:21.038 |  39 Pool-1-worker-13 | DEBUG | .a.s.ParticipantScoreScheduleService : Scheduled task for exercise 78 and participant 35 at 2025-02-14T23:42:21.138252951Z[Etc/UTC].
    23:42:21.038 |  39 Pool-1-worker-13 | DEBUG | .a.s.ParticipantScoreScheduleService : Processing of 1 results and 0 participant scores.
    23:42:21.138 | 600 taskScheduler-1  | DEBUG | .a.s.ParticipantScoreScheduleService : Processing exercise 78 and participant 35 to update participant scores.
    23:42:21.151 | 600 taskScheduler-1  | DEBUG | .a.s.ParticipantScoreScheduleService : Updated participant score 51.
    23:42:21.152 | 600 taskScheduler-1  | DEBUG | .a.s.ParticipantScoreScheduleService : Updating the participant score for exercise 78 and participant 35 took 14 ms.
    23:42:21.353 |  39 Pool-1-worker-13 | DEBUG | .c.s.m.InstanceMessageReceiveService : Received schedule participant score for exercise 78 and participant 35 (result to be deleted: null)
    23:42:21.353 |  39 Pool-1-worker-13 | DEBUG | .a.s.ParticipantScoreScheduleService : Scheduled task for exercise 78 and participant 35 at 2025-02-14T23:42:21.453150646Z[Etc/UTC].
    23:42:21.355 |  39 Pool-1-worker-13 | DEBUG | .a.s.ParticipantScoreScheduleService : Scheduled task for exercise 78 and participant 35 at 2025-02-14T23:42:21.455331263Z[Etc/UTC].
    23:42:21.355 |  39 Pool-1-worker-13 | DEBUG | .a.s.ParticipantScoreScheduleService : Processing of 1 results and 0 participant scores.
    23:42:21.455 | 615 taskScheduler-4  | DEBUG | .a.s.ParticipantScoreScheduleService : Processing exercise 78 and participant 35 to update participant scores.
    23:42:21.463 | 615 taskScheduler-4  | DEBUG | .a.s.ParticipantScoreScheduleService : Updated participant score 51.
    23:42:21.463 | 615 taskScheduler-4  | DEBUG | .a.s.ParticipantScoreScheduleService : Updating the participant score for exercise 78 and participant 35 took 8 ms.

  Starting logs for ResultListenerIntegrationTest > saveRatedResult_then_changeScoreOfResult_ShouldUpdateOriginalStudentScore(boolean) [2] isTeamTest=false
    23:42:21.691 |  39 Pool-1-worker-13 | DEBUG | d.t.c.a.a.c.u.util.UserUtilService   : Generate 1 students...
    23:42:21.697 |  39 Pool-1-worker-13 | DEBUG | d.t.c.a.a.c.u.util.UserUtilService   : 1 students generated. Generate 1 tutors...
    23:42:21.700 |  39 Pool-1-worker-13 | DEBUG | d.t.c.a.a.c.u.util.UserUtilService   : 1 tutors generated. Generate 0 editors...
    23:42:21.701 |  39 Pool-1-worker-13 | DEBUG | d.t.c.a.a.c.u.util.UserUtilService   : 0 editors generated. Generate 1 instructors...
    23:42:21.704 |  39 Pool-1-worker-13 | DEBUG | d.t.c.a.a.c.u.util.UserUtilService   : 1 instructors generated
    23:42:21.706 |  39 Pool-1-worker-13 | DEBUG | d.t.c.a.a.c.u.util.UserUtilService   : Removing 3 users from all courses...
    23:42:21.707 |  39 Pool-1-worker-13 | DEBUG | d.t.c.a.a.c.u.util.UserUtilService   : Removing 3 users from all courses. Done
    23:42:21.707 |  39 Pool-1-worker-13 | DEBUG | d.t.c.a.a.c.u.util.UserUtilService   : Save 3 users to database...
    23:42:21.712 |  39 Pool-1-worker-13 | DEBUG | d.t.c.a.a.c.u.util.UserUtilService   : Save 3 users to database. Done
    23:42:21.718 |  39 Pool-1-worker-13 | INFO  | i.z.t.d.l.EmbeddedDatabaseReporter   : JDBC URL to connect to 'dataSource': url='jdbc:h2:tcp://localhost:41063/mem:f240edcd-27ce-47a3-b4ab-a6a00c154135;USER=sa', scope='ResultListenerIntegrationTest#saveRatedResult_then_changeScoreOfResult_ShouldUpdateOriginalStudentScore'
    23:42:21.731 |  39 Pool-1-worker-13 | DEBUG | .c.s.m.InstanceMessageReceiveService : Received schedule participant score for exercise 79 and participant 6 (result to be deleted: null)
    23:42:21.731 |  39 Pool-1-worker-13 | DEBUG | .a.s.ParticipantScoreScheduleService : Scheduled task for exercise 79 and participant 6 at 2025-02-14T23:42:21.831203127Z[Etc/UTC].
    23:42:21.733 |  39 Pool-1-worker-13 | DEBUG | .a.s.ParticipantScoreScheduleService : Scheduled task for exercise 79 and participant 6 at 2025-02-14T23:42:21.833169564Z[Etc/UTC].
    23:42:21.733 |  39 Pool-1-worker-13 | DEBUG | .a.s.ParticipantScoreScheduleService : Processing of 1 results and 0 participant scores.
    23:42:21.833 | 600 taskScheduler-1  | DEBUG | .a.s.ParticipantScoreScheduleService : Processing exercise 79 and participant 6 to update participant scores.
    23:42:21.844 | 600 taskScheduler-1  | DEBUG | .a.s.ParticipantScoreScheduleService : Updated participant score 52.
    23:42:21.845 | 600 taskScheduler-1  | DEBUG | .a.s.ParticipantScoreScheduleService : Updating the participant score for exercise 79 and participant 6 took 12 ms.
    23:42:22.043 |  39 Pool-1-worker-13 | DEBUG | .c.s.m.InstanceMessageReceiveService : Received schedule participant score for exercise 79 and participant 6 (result to be deleted: null)
    23:42:22.043 |  39 Pool-1-worker-13 | DEBUG | .a.s.ParticipantScoreScheduleService : Scheduled task for exercise 79 and participant 6 at 2025-02-14T23:42:22.143964799Z[Etc/UTC].
    23:42:22.049 |  39 Pool-1-worker-13 | DEBUG | .a.s.ParticipantScoreScheduleService : Scheduled task for exercise 79 and participant 6 at 2025-02-14T23:42:22.149571305Z[Etc/UTC].
    23:42:22.049 |  39 Pool-1-worker-13 | DEBUG | .a.s.ParticipantScoreScheduleService : Processing of 1 results and 0 participant scores.
    23:42:22.149 | 601 taskScheduler-2  | DEBUG | .a.s.ParticipantScoreScheduleService : Processing exercise 79 and participant 6 to update participant scores.
    23:42:22.161 | 601 taskScheduler-2  | DEBUG | .a.s.ParticipantScoreScheduleService : Updated participant score 52.
    23:42:22.165 | 601 taskScheduler-2  | DEBUG | .a.s.ParticipantScoreScheduleService : Updating the participant score for exercise 79 and participant 6 took 16 ms.

  Starting logs for ResultListenerIntegrationTest > saveRatedResult_ShouldCreateStudentScore(boolean) [1] isTeamTest=true
    23:42:22.399 |  39 Pool-1-worker-13 | DEBUG | d.t.c.a.a.c.u.util.UserUtilService   : Generate 1 students...
    23:42:22.403 |  39 Pool-1-worker-13 | DEBUG | d.t.c.a.a.c.u.util.UserUtilService   : 1 students generated. Generate 1 tutors...
    23:42:22.407 |  39 Pool-1-worker-13 | DEBUG | d.t.c.a.a.c.u.util.UserUtilService   : 1 tutors generated. Generate 0 editors...
    23:42:22.408 |  39 Pool-1-worker-13 | DEBUG | d.t.c.a.a.c.u.util.UserUtilService   : 0 editors generated. Generate 1 instructors...
    23:42:22.411 |  39 Pool-1-worker-13 | DEBUG | d.t.c.a.a.c.u.util.UserUtilService   : 1 instructors generated
    23:42:22.412 |  39 Pool-1-worker-13 | DEBUG | d.t.c.a.a.c.u.util.UserUtilService   : Removing 3 users from all courses...
    23:42:22.414 |  39 Pool-1-worker-13 | DEBUG | d.t.c.a.a.c.u.util.UserUtilService   : Removing 3 users from all courses. Done
    23:42:22.414 |  39 Pool-1-worker-13 | DEBUG | d.t.c.a.a.c.u.util.UserUtilService   : Save 3 users to database...
    23:42:22.417 |  39 Pool-1-worker-13 | DEBUG | d.t.c.a.a.c.u.util.UserUtilService   : Save 3 users to database. Done
    23:42:22.423 |  39 Pool-1-worker-13 | INFO  | i.z.t.d.l.EmbeddedDatabaseReporter   : JDBC URL to connect to 'dataSource': url='jdbc:h2:tcp://localhost:41063/mem:f240edcd-27ce-47a3-b4ab-a6a00c154135;USER=sa', scope='ResultListenerIntegrationTest#saveRatedResult_ShouldCreateStudentScore'
    23:42:22.433 |  39 Pool-1-worker-13 | DEBUG | .c.s.m.InstanceMessageReceiveService : Received schedule participant score for exercise 82 and participant 37 (result to be deleted: null)
    23:42:22.433 |  39 Pool-1-worker-13 | DEBUG | .a.s.ParticipantScoreScheduleService : Scheduled task for exercise 82 and participant 37 at 2025-02-14T23:42:22.533230660Z[Etc/UTC].
    23:42:22.434 |  39 Pool-1-worker-13 | DEBUG | .a.s.ParticipantScoreScheduleService : Scheduled task for exercise 82 and participant 37 at 2025-02-14T23:42:22.534929949Z[Etc/UTC].
    23:42:22.435 |  39 Pool-1-worker-13 | DEBUG | .a.s.ParticipantScoreScheduleService : Processing of 1 results and 0 participant scores.
    23:42:22.535 | 600 taskScheduler-1  | DEBUG | .a.s.ParticipantScoreScheduleService : Processing exercise 82 and participant 37 to update participant scores.
    23:42:22.548 | 600 taskScheduler-1  | DEBUG | .a.s.ParticipantScoreScheduleService : Updated participant score 53.
    23:42:22.548 | 614 taskScheduler-3  | DEBUG | a.a.b.s.SharedQueueProcessingService : Currently processing jobs on this node: 0, active threads in Pool: 0, maximum pool size of thread executor : 1
    23:42:22.551 | 600 taskScheduler-1  | DEBUG | .a.s.ParticipantScoreScheduleService : Updating the participant score for exercise 82 and participant 37 took 16 ms.

  Starting logs for ResultListenerIntegrationTest > saveRatedResult_ShouldCreateStudentScore(boolean) [2] isTeamTest=false
    23:42:22.794 |  39 Pool-1-worker-13 | DEBUG | d.t.c.a.a.c.u.util.UserUtilService   : Generate 1 students...
    23:42:22.800 |  39 Pool-1-worker-13 | DEBUG | d.t.c.a.a.c.u.util.UserUtilService   : 1 students generated. Generate 1 tutors...
    23:42:22.803 |  39 Pool-1-worker-13 | DEBUG | d.t.c.a.a.c.u.util.UserUtilService   : 1 tutors generated. Generate 0 editors...
    23:42:22.804 |  39 Pool-1-worker-13 | DEBUG | d.t.c.a.a.c.u.util.UserUtilService   : 0 editors generated. Generate 1 instructors...
    23:42:22.812 |  39 Pool-1-worker-13 | DEBUG | d.t.c.a.a.c.u.util.UserUtilService   : 1 instructors generated
    23:42:22.813 |  39 Pool-1-worker-13 | DEBUG | d.t.c.a.a.c.u.util.UserUtilService   : Removing 3 users from all courses...
    23:42:22.817 |  39 Pool-1-worker-13 | DEBUG | d.t.c.a.a.c.u.util.UserUtilService   : Removing 3 users from all courses. Done
    23:42:22.817 |  39 Pool-1-worker-13 | DEBUG | d.t.c.a.a.c.u.util.UserUtilService   : Save 3 users to database...
    23:42:22.825 |  39 Pool-1-worker-13 | DEBUG | d.t.c.a.a.c.u.util.UserUtilService   : Save 3 users to database. Done
    23:42:22.837 |  39 Pool-1-worker-13 | INFO  | i.z.t.d.l.EmbeddedDatabaseReporter   : JDBC URL to connect to 'dataSource': url='jdbc:h2:tcp://localhost:41063/mem:f240edcd-27ce-47a3-b4ab-a6a00c154135;USER=sa', scope='ResultListenerIntegrationTest#saveRatedResult_ShouldCreateStudentScore'
    23:42:22.856 |  39 Pool-1-worker-13 | DEBUG | .c.s.m.InstanceMessageReceiveService : Received schedule participant score for exercise 83 and participant 6 (result to be deleted: null)
    23:42:22.856 |  39 Pool-1-worker-13 | DEBUG | .a.s.ParticipantScoreScheduleService : Scheduled task for exercise 83 and participant 6 at 2025-02-14T23:42:22.956740670Z[Etc/UTC].
    23:42:22.859 |  39 Pool-1-worker-13 | DEBUG | .a.s.ParticipantScoreScheduleService : Scheduled task for exercise 83 and participant 6 at 2025-02-14T23:42:22.959191250Z[Etc/UTC].
    23:42:22.859 |  39 Pool-1-worker-13 | DEBUG | .a.s.ParticipantScoreScheduleService : Processing of 1 results and 0 participant scores.
    23:42:22.959 | 615 taskScheduler-4  | DEBUG | .a.s.ParticipantScoreScheduleService : Processing exercise 83 and participant 6 to update participant scores.
    23:42:23.048 | 615 taskScheduler-4  | DEBUG | .a.s.ParticipantScoreScheduleService : Updated participant score 54.
    23:42:23.048 | 615 taskScheduler-4  | DEBUG | .a.s.ParticipantScoreScheduleService : Updating the participant score for exercise 83 and participant 6 took 89 ms.

  Starting logs for ResultListenerIntegrationTest > saveRatedResult_then_saveAnotherRatedResult_thenRemoveSecondResult_ShouldUpdateStudentScore(boolean) [1] isTeamTest=true
    23:42:23.217 |  39 Pool-1-worker-13 | DEBUG | d.t.c.a.a.c.u.util.UserUtilService   : Generate 1 students...
    23:42:23.226 |  39 Pool-1-worker-13 | DEBUG | d.t.c.a.a.c.u.util.UserUtilService   : 1 students generated. Generate 1 tutors...
    23:42:23.232 |  39 Pool-1-worker-13 | DEBUG | d.t.c.a.a.c.u.util.UserUtilService   : 1 tutors generated. Generate 0 editors...
    23:42:23.234 |  39 Pool-1-worker-13 | DEBUG | d.t.c.a.a.c.u.util.UserUtilService   : 0 editors generated. Generate 1 instructors...
    23:42:23.240 |  39 Pool-1-worker-13 | DEBUG | d.t.c.a.a.c.u.util.UserUtilService   : 1 instructors generated
    23:42:23.242 |  39 Pool-1-worker-13 | DEBUG | d.t.c.a.a.c.u.util.UserUtilService   : Removing 3 users from all courses...
    23:42:23.244 |  39 Pool-1-worker-13 | DEBUG | d.t.c.a.a.c.u.util.UserUtilService   : Removing 3 users from all courses. Done
    23:42:23.244 |  39 Pool-1-worker-13 | DEBUG | d.t.c.a.a.c.u.util.UserUtilService   : Save 3 users to database...
    23:42:23.253 |  39 Pool-1-worker-13 | DEBUG | d.t.c.a.a.c.u.util.UserUtilService   : Save 3 users to database. Done
    23:42:23.264 |  39 Pool-1-worker-13 | INFO  | i.z.t.d.l.EmbeddedDatabaseReporter   : JDBC URL to connect to 'dataSource': url='jdbc:h2:tcp://localhost:41063/mem:f240edcd-27ce-47a3-b4ab-a6a00c154135;USER=sa', scope='ResultListenerIntegrationTest#saveRatedResult_then_saveAnotherRatedResult_thenRemoveSecondResult_ShouldUpdateStudentScore'
    23:42:23.286 |  39 Pool-1-worker-13 | DEBUG | .c.s.m.InstanceMessageReceiveService : Received schedule participant score for exercise 86 and participant 39 (result to be deleted: null)
    23:42:23.286 |  39 Pool-1-worker-13 | DEBUG | .a.s.ParticipantScoreScheduleService : Scheduled task for exercise 86 and participant 39 at 2025-02-14T23:42:23.386637892Z[Etc/UTC].
    23:42:23.289 |  39 Pool-1-worker-13 | DEBUG | .a.s.ParticipantScoreScheduleService : Scheduled task for exercise 86 and participant 39 at 2025-02-14T23:42:23.389430740Z[Etc/UTC].
    23:42:23.289 |  39 Pool-1-worker-13 | DEBUG | .a.s.ParticipantScoreScheduleService : Processing of 1 results and 0 participant scores.
    23:42:23.390 | 600 taskScheduler-1  | DEBUG | .a.s.ParticipantScoreScheduleService : Processing exercise 86 and participant 39 to update participant scores.
    23:42:23.405 | 600 taskScheduler-1  | DEBUG | .a.s.ParticipantScoreScheduleService : Updated participant score 55.
    23:42:23.405 | 600 taskScheduler-1  | DEBUG | .a.s.ParticipantScoreScheduleService : Updating the participant score for exercise 86 and participant 39 took 15 ms.
    23:42:23.573 | 195 Pool-1-worker-88 | WARN  | .a.p.s.g.GitLabUserManagementService : User userjenkstudent1 does not exist in Gitlab and cannot be updated!
    23:42:23.576 | 195 Pool-1-worker-88 | INFO  | a.p.s.j.JenkinsUserManagementService : Update Jenkins permissions (remove users from groups) for programming exercises: []
    23:42:23.577 | 195 Pool-1-worker-88 | INFO  | a.p.s.j.JenkinsUserManagementService : Update Jenkins permissions (add users to groups) for programming exercises: []
    23:42:23.577 | 195 Pool-1-worker-88 | WARN  | d.t.c.a.a.c.service.user.UserService : Soft Deleted User: User{login='6bsdusq2cvfpry4pxhaq', firstName='Deleted', lastName='User', email='dsa8LNO2x00ieblIDsJ9@user.deleted', imageUrl='null', activated='false', langKey='en', activationKey='null'}
    23:42:23.616 |  39 Pool-1-worker-13 | DEBUG | .c.s.m.InstanceMessageReceiveService : Received schedule participant score for exercise 86 and participant 39 (result to be deleted: null)
    23:42:23.616 |  39 Pool-1-worker-13 | DEBUG | .a.s.ParticipantScoreScheduleService : Scheduled task for exercise 86 and participant 39 at 2025-02-14T23:42:23.716580915Z[Etc/UTC].
    23:42:23.622 |  39 Pool-1-worker-13 | DEBUG | .a.s.ParticipantScoreScheduleService : Scheduled task for exercise 86 and participant 39 at 2025-02-14T23:42:23.722136472Z[Etc/UTC].
    23:42:23.625 |  39 Pool-1-worker-13 | DEBUG | .a.s.ParticipantScoreScheduleService : Processing of 1 results and 0 participant scores.
    23:42:23.722 | 615 taskScheduler-4  | DEBUG | .a.s.ParticipantScoreScheduleService : Processing exercise 86 and participant 39 to update participant scores.
    23:42:23.734 | 615 taskScheduler-4  | DEBUG | .a.s.ParticipantScoreScheduleService : Updated participant score 55.
    23:42:23.735 | 615 taskScheduler-4  | DEBUG | .a.s.ParticipantScoreScheduleService : Updating the participant score for exercise 86 and participant 39 took 13 ms.
    23:42:23.934 |  39 Pool-1-worker-13 | DEBUG | d.t.c.a.a.a.service.ResultService    : Delete result 71
    23:42:23.934 |  39 Pool-1-worker-13 | DEBUG | d.t.c.a.a.a.service.ResultService    : Delete result references 71
    23:42:23.939 |  39 Pool-1-worker-13 | DEBUG | .c.s.m.InstanceMessageReceiveService : Received schedule participant score for exercise 86 and participant 39 (result to be deleted: 71)
    23:42:23.939 |  39 Pool-1-worker-13 | DEBUG | .a.s.ParticipantScoreScheduleService : Scheduled task for exercise 86 and participant 39 at 2025-02-14T23:42:24.039270228Z[Etc/UTC].
    23:42:23.943 |  39 Pool-1-worker-13 | DEBUG | .a.s.ParticipantScoreScheduleService : Scheduled task for exercise 86 and participant 39 at 2025-02-14T23:42:24.043743981Z[Etc/UTC].
    23:42:23.943 |  39 Pool-1-worker-13 | DEBUG | .a.s.ParticipantScoreScheduleService : Processing of 0 results and 1 participant scores.
    23:42:24.043 | 601 taskScheduler-2  | DEBUG | .a.s.ParticipantScoreScheduleService : Processing exercise 86 and participant 39 to update participant scores.
    23:42:24.051 | 601 taskScheduler-2  | DEBUG | .a.s.ParticipantScoreScheduleService : Updated participant score 55.
    23:42:24.052 | 601 taskScheduler-2  | DEBUG | .a.s.ParticipantScoreScheduleService : Updating the participant score for exercise 86 and participant 39 took 9 ms.

  Starting logs for ResultListenerIntegrationTest > saveRatedResult_then_saveAnotherRatedResult_thenRemoveSecondResult_ShouldUpdateStudentScore(boolean) [2] isTeamTest=false
    23:42:24.294 |  39 Pool-1-worker-13 | DEBUG | d.t.c.a.a.c.u.util.UserUtilService   : Generate 1 students...
    23:42:24.300 |  39 Pool-1-worker-13 | DEBUG | d.t.c.a.a.c.u.util.UserUtilService   : 1 students generated. Generate 1 tutors...
    23:42:24.306 |  39 Pool-1-worker-13 | DEBUG | d.t.c.a.a.c.u.util.UserUtilService   : 1 tutors generated. Generate 0 editors...
    23:42:24.307 |  39 Pool-1-worker-13 | DEBUG | d.t.c.a.a.c.u.util.UserUtilService   : 0 editors generated. Generate 1 instructors...
    23:42:24.313 |  39 Pool-1-worker-13 | DEBUG | d.t.c.a.a.c.u.util.UserUtilService   : 1 instructors generated
    23:42:24.318 |  39 Pool-1-worker-13 | DEBUG | d.t.c.a.a.c.u.util.UserUtilService   : Removing 3 users from all courses...
    23:42:24.319 |  39 Pool-1-worker-13 | DEBUG | d.t.c.a.a.c.u.util.UserUtilService   : Removing 3 users from all courses. Done
    23:42:24.319 |  39 Pool-1-worker-13 | DEBUG | d.t.c.a.a.c.u.util.UserUtilService   : Save 3 users to database...
    23:42:24.331 |  39 Pool-1-worker-13 | DEBUG | d.t.c.a.a.c.u.util.UserUtilService   : Save 3 users to database. Done
    23:42:24.341 |  39 Pool-1-worker-13 | INFO  | i.z.t.d.l.EmbeddedDatabaseReporter   : JDBC URL to connect to 'dataSource': url='jdbc:h2:tcp://localhost:41063/mem:f240edcd-27ce-47a3-b4ab-a6a00c154135;USER=sa', scope='ResultListenerIntegrationTest#saveRatedResult_then_saveAnotherRatedResult_thenRemoveSecondResult_ShouldUpdateStudentScore'
    23:42:24.362 |  39 Pool-1-worker-13 | DEBUG | .c.s.m.InstanceMessageReceiveService : Received schedule participant score for exercise 87 and participant 6 (result to be deleted: null)
    23:42:24.362 |  39 Pool-1-worker-13 | DEBUG | .a.s.ParticipantScoreScheduleService : Scheduled task for exercise 87 and participant 6 at 2025-02-14T23:42:24.462382877Z[Etc/UTC].
    23:42:24.365 |  39 Pool-1-worker-13 | DEBUG | .a.s.ParticipantScoreScheduleService : Scheduled task for exercise 87 and participant 6 at 2025-02-14T23:42:24.465072913Z[Etc/UTC].
    23:42:24.365 |  39 Pool-1-worker-13 | DEBUG | .a.s.ParticipantScoreScheduleService : Processing of 1 results and 0 participant scores.
    23:42:24.467 | 615 taskScheduler-4  | DEBUG | .a.s.ParticipantScoreScheduleService : Processing exercise 87 and participant 6 to update participant scores.
    23:42:24.482 | 615 taskScheduler-4  | DEBUG | .a.s.ParticipantScoreScheduleService : Updated participant score 56.
    23:42:24.483 | 615 taskScheduler-4  | DEBUG | .a.s.ParticipantScoreScheduleService : Updating the participant score for exercise 87 and participant 6 took 16 ms.
    23:42:24.687 |  39 Pool-1-worker-13 | DEBUG | .c.s.m.InstanceMessageReceiveService : Received schedule participant score for exercise 87 and participant 6 (result to be deleted: null)
    23:42:24.687 |  39 Pool-1-worker-13 | DEBUG | .a.s.ParticipantScoreScheduleService : Scheduled task for exercise 87 and participant 6 at 2025-02-14T23:42:24.787346654Z[Etc/UTC].
    23:42:24.692 |  39 Pool-1-worker-13 | DEBUG | .a.s.ParticipantScoreScheduleService : Scheduled task for exercise 87 and participant 6 at 2025-02-14T23:42:24.791978441Z[Etc/UTC].
    23:42:24.692 |  39 Pool-1-worker-13 | DEBUG | .a.s.ParticipantScoreScheduleService : Processing of 1 results and 0 participant scores.
    23:42:24.792 | 601 taskScheduler-2  | DEBUG | .a.s.ParticipantScoreScheduleService : Processing exercise 87 and participant 6 to update participant scores.
    23:42:24.807 | 601 taskScheduler-2  | DEBUG | .a.s.ParticipantScoreScheduleService : Updated participant score 56.
    23:42:24.807 | 601 taskScheduler-2  | DEBUG | .a.s.ParticipantScoreScheduleService : Updating the participant score for exercise 87 and participant 6 took 15 ms.
    23:42:24.998 |  39 Pool-1-worker-13 | DEBUG | d.t.c.a.a.a.service.ResultService    : Delete result 73
    23:42:24.998 |  39 Pool-1-worker-13 | DEBUG | d.t.c.a.a.a.service.ResultService    : Delete result references 73
    23:42:25.008 |  39 Pool-1-worker-13 | DEBUG | .c.s.m.InstanceMessageReceiveService : Received schedule participant score for exercise 87 and participant 6 (result to be deleted: 73)
    23:42:25.008 |  39 Pool-1-worker-13 | DEBUG | .a.s.ParticipantScoreScheduleService : Scheduled task for exercise 87 and participant 6 at 2025-02-14T23:42:25.108466506Z[Etc/UTC].
    23:42:25.013 |  39 Pool-1-worker-13 | DEBUG | .a.s.ParticipantScoreScheduleService : Scheduled task for exercise 87 and participant 6 at 2025-02-14T23:42:25.113070990Z[Etc/UTC].
    23:42:25.013 |  39 Pool-1-worker-13 | DEBUG | .a.s.ParticipantScoreScheduleService : Processing of 0 results and 1 participant scores.
    23:42:25.113 | 615 taskScheduler-4  | DEBUG | .a.s.ParticipantScoreScheduleService : Processing exercise 87 and participant 6 to update participant scores.
    23:42:25.125 | 615 taskScheduler-4  | DEBUG | .a.s.ParticipantScoreScheduleService : Updated participant score 56.
    23:42:25.125 | 615 taskScheduler-4  | DEBUG | .a.s.ParticipantScoreScheduleService : Updating the participant score for exercise 87 and participant 6 took 12 ms.

  Starting logs for ResultListenerIntegrationTest > saveUnratedResult_then_saveAnotherUnratedResult_ShouldUpdateOriginalStudentScore(boolean) [1] isTeamTest=true
    23:42:25.175 |  39 Pool-1-worker-13 | DEBUG | d.t.c.a.a.c.u.util.UserUtilService   : Generate 1 students...
    23:42:25.181 |  39 Pool-1-worker-13 | DEBUG | d.t.c.a.a.c.u.util.UserUtilService   : 1 students generated. Generate 1 tutors...
    23:42:25.187 |  39 Pool-1-worker-13 | DEBUG | d.t.c.a.a.c.u.util.UserUtilService   : 1 tutors generated. Generate 0 editors...
    23:42:25.189 |  39 Pool-1-worker-13 | DEBUG | d.t.c.a.a.c.u.util.UserUtilService   : 0 editors generated. Generate 1 instructors...
    23:42:25.198 |  39 Pool-1-worker-13 | DEBUG | d.t.c.a.a.c.u.util.UserUtilService   : 1 instructors generated
    23:42:25.199 |  39 Pool-1-worker-13 | DEBUG | d.t.c.a.a.c.u.util.UserUtilService   : Removing 3 users from all courses...
    23:42:25.200 |  39 Pool-1-worker-13 | DEBUG | d.t.c.a.a.c.u.util.UserUtilService   : Removing 3 users from all courses. Done
    23:42:25.200 |  39 Pool-1-worker-13 | DEBUG | d.t.c.a.a.c.u.util.UserUtilService   : Save 3 users to database...
    23:42:25.207 |  39 Pool-1-worker-13 | DEBUG | d.t.c.a.a.c.u.util.UserUtilService   : Save 3 users to database. Done
    23:42:25.222 |  39 Pool-1-worker-13 | INFO  | i.z.t.d.l.EmbeddedDatabaseReporter   : JDBC URL to connect to 'dataSource': url='jdbc:h2:tcp://localhost:41063/mem:f240edcd-27ce-47a3-b4ab-a6a00c154135;USER=sa', scope='ResultListenerIntegrationTest#saveUnratedResult_then_saveAnotherUnratedResult_ShouldUpdateOriginalStudentScore'
    23:42:25.244 |  39 Pool-1-worker-13 | DEBUG | .c.s.m.InstanceMessageReceiveService : Received schedule participant score for exercise 90 and participant 41 (result to be deleted: null)
    23:42:25.244 |  39 Pool-1-worker-13 | DEBUG | .a.s.ParticipantScoreScheduleService : Scheduled task for exercise 90 and participant 41 at 2025-02-14T23:42:25.344390768Z[Etc/UTC].
    23:42:25.249 |  39 Pool-1-worker-13 | DEBUG | .a.s.ParticipantScoreScheduleService : Scheduled task for exercise 90 and participant 41 at 2025-02-14T23:42:25.349161133Z[Etc/UTC].
    23:42:25.249 |  39 Pool-1-worker-13 | DEBUG | .a.s.ParticipantScoreScheduleService : Processing of 1 results and 0 participant scores.
    23:42:25.349 | 601 taskScheduler-2  | DEBUG | .a.s.ParticipantScoreScheduleService : Processing exercise 90 and participant 41 to update participant scores.
    23:42:25.358 | 601 taskScheduler-2  | DEBUG | .a.s.ParticipantScoreScheduleService : Updated participant score 57.
    23:42:25.358 | 601 taskScheduler-2  | DEBUG | .a.s.ParticipantScoreScheduleService : Updating the participant score for exercise 90 and participant 41 took 9 ms.
    23:42:25.563 |  39 Pool-1-worker-13 | DEBUG | .c.s.m.InstanceMessageReceiveService : Received schedule participant score for exercise 90 and participant 41 (result to be deleted: null)
    23:42:25.563 |  39 Pool-1-worker-13 | DEBUG | .a.s.ParticipantScoreScheduleService : Scheduled task for exercise 90 and participant 41 at 2025-02-14T23:42:25.663482124Z[Etc/UTC].
    23:42:25.570 |  39 Pool-1-worker-13 | DEBUG | .a.s.ParticipantScoreScheduleService : Scheduled task for exercise 90 and participant 41 at 2025-02-14T23:42:25.670117417Z[Etc/UTC].
    23:42:25.570 |  39 Pool-1-worker-13 | DEBUG | .a.s.ParticipantScoreScheduleService : Processing of 1 results and 0 participant scores.
    23:42:25.670 | 615 taskScheduler-4  | DEBUG | .a.s.ParticipantScoreScheduleService : Processing exercise 90 and participant 41 to update participant scores.
    23:42:25.686 | 615 taskScheduler-4  | DEBUG | .a.s.ParticipantScoreScheduleService : Updated participant score 57.
    23:42:25.687 | 615 taskScheduler-4  | DEBUG | .a.s.ParticipantScoreScheduleService : Updating the participant score for exercise 90 and participant 41 took 17 ms.

  Starting logs for ResultListenerIntegrationTest > saveUnratedResult_then_saveAnotherUnratedResult_ShouldUpdateOriginalStudentScore(boolean) [2] isTeamTest=false
    23:42:25.930 |  39 Pool-1-worker-13 | DEBUG | d.t.c.a.a.c.u.util.UserUtilService   : Generate 1 students...
    23:42:25.933 |  39 Pool-1-worker-13 | DEBUG | d.t.c.a.a.c.u.util.UserUtilService   : 1 students generated. Generate 1 tutors...
    23:42:25.936 |  39 Pool-1-worker-13 | DEBUG | d.t.c.a.a.c.u.util.UserUtilService   : 1 tutors generated. Generate 0 editors...
    23:42:25.938 |  39 Pool-1-worker-13 | DEBUG | d.t.c.a.a.c.u.util.UserUtilService   : 0 editors generated. Generate 1 instructors...
    23:42:25.941 |  39 Pool-1-worker-13 | DEBUG | d.t.c.a.a.c.u.util.UserUtilService   : 1 instructors generated
    23:42:25.942 |  39 Pool-1-worker-13 | DEBUG | d.t.c.a.a.c.u.util.UserUtilService   : Removing 3 users from all courses...
    23:42:25.943 |  39 Pool-1-worker-13 | DEBUG | d.t.c.a.a.c.u.util.UserUtilService   : Removing 3 users from all courses. Done
    23:42:25.943 |  39 Pool-1-worker-13 | DEBUG | d.t.c.a.a.c.u.util.UserUtilService   : Save 3 users to database...
    23:42:25.948 |  39 Pool-1-worker-13 | DEBUG | d.t.c.a.a.c.u.util.UserUtilService   : Save 3 users to database. Done
    23:42:25.953 |  39 Pool-1-worker-13 | INFO  | i.z.t.d.l.EmbeddedDatabaseReporter   : JDBC URL to connect to 'dataSource': url='jdbc:h2:tcp://localhost:41063/mem:f240edcd-27ce-47a3-b4ab-a6a00c154135;USER=sa', scope='ResultListenerIntegrationTest#saveUnratedResult_then_saveAnotherUnratedResult_ShouldUpdateOriginalStudentScore'
    23:42:25.965 |  39 Pool-1-worker-13 | DEBUG | .c.s.m.InstanceMessageReceiveService : Received schedule participant score for exercise 91 and participant 6 (result to be deleted: null)
    23:42:25.966 |  39 Pool-1-worker-13 | DEBUG | .a.s.ParticipantScoreScheduleService : Scheduled task for exercise 91 and participant 6 at 2025-02-14T23:42:26.066092456Z[Etc/UTC].
    23:42:25.968 |  39 Pool-1-worker-13 | DEBUG | .a.s.ParticipantScoreScheduleService : Scheduled task for exercise 91 and participant 6 at 2025-02-14T23:42:26.068420288Z[Etc/UTC].
    23:42:25.968 |  39 Pool-1-worker-13 | DEBUG | .a.s.ParticipantScoreScheduleService : Processing of 1 results and 0 participant scores.
    23:42:26.070 | 601 taskScheduler-2  | DEBUG | .a.s.ParticipantScoreScheduleService : Processing exercise 91 and participant 6 to update participant scores.
    23:42:26.088 | 601 taskScheduler-2  | DEBUG | .a.s.ParticipantScoreScheduleService : Updated participant score 58.
    23:42:26.089 | 601 taskScheduler-2  | DEBUG | .a.s.ParticipantScoreScheduleService : Updating the participant score for exercise 91 and participant 6 took 19 ms.
    23:42:26.289 |  39 Pool-1-worker-13 | DEBUG | .c.s.m.InstanceMessageReceiveService : Received schedule participant score for exercise 91 and participant 6 (result to be deleted: null)
    23:42:26.289 |  39 Pool-1-worker-13 | DEBUG | .a.s.ParticipantScoreScheduleService : Scheduled task for exercise 91 and participant 6 at 2025-02-14T23:42:26.389433067Z[Etc/UTC].
    23:42:26.295 |  39 Pool-1-worker-13 | DEBUG | .a.s.ParticipantScoreScheduleService : Scheduled task for exercise 91 and participant 6 at 2025-02-14T23:42:26.395938438Z[Etc/UTC].
    23:42:26.296 |  39 Pool-1-worker-13 | DEBUG | .a.s.ParticipantScoreScheduleService : Processing of 1 results and 0 participant scores.
    23:42:26.396 | 615 taskScheduler-4  | DEBUG | .a.s.ParticipantScoreScheduleService : Processing exercise 91 and participant 6 to update participant scores.
    23:42:26.409 | 615 taskScheduler-4  | DEBUG | .a.s.ParticipantScoreScheduleService : Updated participant score 58.
    23:42:26.410 | 615 taskScheduler-4  | DEBUG | .a.s.ParticipantScoreScheduleService : Updating the participant score for exercise 91 and participant 6 took 14 ms.

  Starting logs for ResultListenerIntegrationTest > saveRatedResult_then_saveAnotherUnratedResult_then_removeUnratedResult_ShouldUpdateOriginalStudentScore(boolean) [1] isTeamTest=true
    23:42:26.645 |  39 Pool-1-worker-13 | DEBUG | d.t.c.a.a.c.u.util.UserUtilService   : Generate 1 students...
    23:42:26.651 |  39 Pool-1-worker-13 | DEBUG | d.t.c.a.a.c.u.util.UserUtilService   : 1 students generated. Generate 1 tutors...
    23:42:26.654 |  39 Pool-1-worker-13 | DEBUG | d.t.c.a.a.c.u.util.UserUtilService   : 1 tutors generated. Generate 0 editors...
    23:42:26.655 |  39 Pool-1-worker-13 | DEBUG | d.t.c.a.a.c.u.util.UserUtilService   : 0 editors generated. Generate 1 instructors...
    23:42:26.658 |  39 Pool-1-worker-13 | DEBUG | d.t.c.a.a.c.u.util.UserUtilService   : 1 instructors generated
    23:42:26.660 |  39 Pool-1-worker-13 | DEBUG | d.t.c.a.a.c.u.util.UserUtilService   : Removing 3 users from all courses...
    23:42:26.661 |  39 Pool-1-worker-13 | DEBUG | d.t.c.a.a.c.u.util.UserUtilService   : Removing 3 users from all courses. Done
    23:42:26.661 |  39 Pool-1-worker-13 | DEBUG | d.t.c.a.a.c.u.util.UserUtilService   : Save 3 users to database...
    23:42:26.664 |  39 Pool-1-worker-13 | DEBUG | d.t.c.a.a.c.u.util.UserUtilService   : Save 3 users to database. Done
    23:42:26.670 |  39 Pool-1-worker-13 | INFO  | i.z.t.d.l.EmbeddedDatabaseReporter   : JDBC URL to connect to 'dataSource': url='jdbc:h2:tcp://localhost:41063/mem:f240edcd-27ce-47a3-b4ab-a6a00c154135;USER=sa', scope='ResultListenerIntegrationTest#saveRatedResult_then_saveAnotherUnratedResult_then_removeUnratedResult_ShouldUpdateOriginalStudentScore'
    23:42:26.679 |  39 Pool-1-worker-13 | DEBUG | .c.s.m.InstanceMessageReceiveService : Received schedule participant score for exercise 94 and participant 43 (result to be deleted: null)
    23:42:26.679 |  39 Pool-1-worker-13 | DEBUG | .a.s.ParticipantScoreScheduleService : Scheduled task for exercise 94 and participant 43 at 2025-02-14T23:42:26.779911699Z[Etc/UTC].
    23:42:26.681 |  39 Pool-1-worker-13 | DEBUG | .a.s.ParticipantScoreScheduleService : Scheduled task for exercise 94 and participant 43 at 2025-02-14T23:42:26.781465506Z[Etc/UTC].
    23:42:26.681 |  39 Pool-1-worker-13 | DEBUG | .a.s.ParticipantScoreScheduleService : Processing of 1 results and 0 participant scores.
    23:42:26.781 | 601 taskScheduler-2  | DEBUG | .a.s.ParticipantScoreScheduleService : Processing exercise 94 and participant 43 to update participant scores.
    23:42:26.791 | 601 taskScheduler-2  | DEBUG | .a.s.ParticipantScoreScheduleService : Updated participant score 59.
    23:42:26.792 | 601 taskScheduler-2  | DEBUG | .a.s.ParticipantScoreScheduleService : Updating the participant score for exercise 94 and participant 43 took 11 ms.
    23:42:27.000 |  39 Pool-1-worker-13 | DEBUG | .c.s.m.InstanceMessageReceiveService : Received schedule participant score for exercise 94 and participant 43 (result to be deleted: null)
    23:42:27.000 |  39 Pool-1-worker-13 | DEBUG | .a.s.ParticipantScoreScheduleService : Scheduled task for exercise 94 and participant 43 at 2025-02-14T23:42:27.100776392Z[Etc/UTC].
    23:42:27.010 |  39 Pool-1-worker-13 | DEBUG | .a.s.ParticipantScoreScheduleService : Scheduled task for exercise 94 and participant 43 at 2025-02-14T23:42:27.110245150Z[Etc/UTC].
    23:42:27.010 |  39 Pool-1-worker-13 | DEBUG | .a.s.ParticipantScoreScheduleService : Processing of 1 results and 0 participant scores.
    23:42:27.110 | 615 taskScheduler-4  | DEBUG | .a.s.ParticipantScoreScheduleService : Processing exercise 94 and participant 43 to update participant scores.
    23:42:27.128 | 615 taskScheduler-4  | DEBUG | .a.s.ParticipantScoreScheduleService : Updated participant score 59.
    23:42:27.129 | 615 taskScheduler-4  | DEBUG | .a.s.ParticipantScoreScheduleService : Updating the participant score for exercise 94 and participant 43 took 19 ms.

Finished logs for AuthorizationCheckServiceTest
    23:42:27.319 |  39 Pool-1-worker-13 | DEBUG | d.t.c.a.a.a.service.ResultService    : Delete result 79
    23:42:27.319 |  39 Pool-1-worker-13 | DEBUG | d.t.c.a.a.a.service.ResultService    : Delete result references 79
    23:42:27.323 |  39 Pool-1-worker-13 | DEBUG | .c.s.m.InstanceMessageReceiveService : Received schedule participant score for exercise 94 and participant 43 (result to be deleted: 79)
    23:42:27.323 |  39 Pool-1-worker-13 | DEBUG | .a.s.ParticipantScoreScheduleService : Scheduled task for exercise 94 and participant 43 at 2025-02-14T23:42:27.423533283Z[Etc/UTC].
    23:42:27.327 |  39 Pool-1-worker-13 | DEBUG | .a.s.ParticipantScoreScheduleService : Scheduled task for exercise 94 and participant 43 at 2025-02-14T23:42:27.427957554Z[Etc/UTC].
    23:42:27.328 |  39 Pool-1-worker-13 | DEBUG | .a.s.ParticipantScoreScheduleService : Processing of 0 results and 1 participant scores.
    23:42:27.486 | 601 taskScheduler-2  | DEBUG | .a.s.ParticipantScoreScheduleService : Processing exercise 94 and participant 43 to update participant scores.
    23:42:27.502 | 601 taskScheduler-2  | DEBUG | .a.s.ParticipantScoreScheduleService : Updated participant score 59.
    23:42:27.506 | 601 taskScheduler-2  | DEBUG | .a.s.ParticipantScoreScheduleService : Updating the participant score for exercise 94 and participant 43 took 20 ms.

  Starting logs for ResultListenerIntegrationTest > saveRatedResult_then_saveAnotherUnratedResult_then_removeUnratedResult_ShouldUpdateOriginalStudentScore(boolean) [2] isTeamTest=false
    23:42:27.639 |  39 Pool-1-worker-13 | DEBUG | d.t.c.a.a.c.u.util.UserUtilService   : Generate 1 students...
    23:42:27.643 |  39 Pool-1-worker-13 | DEBUG | d.t.c.a.a.c.u.util.UserUtilService   : 1 students generated. Generate 1 tutors...
    23:42:27.650 |  39 Pool-1-worker-13 | DEBUG | d.t.c.a.a.c.u.util.UserUtilService   : 1 tutors generated. Generate 0 editors...
    23:42:27.651 |  39 Pool-1-worker-13 | DEBUG | d.t.c.a.a.c.u.util.UserUtilService   : 0 editors generated. Generate 1 instructors...
    23:42:27.660 |  39 Pool-1-worker-13 | DEBUG | d.t.c.a.a.c.u.util.UserUtilService   : 1 instructors generated
    23:42:27.661 |  39 Pool-1-worker-13 | DEBUG | d.t.c.a.a.c.u.util.UserUtilService   : Removing 3 users from all courses...
    23:42:27.662 |  39 Pool-1-worker-13 | DEBUG | d.t.c.a.a.c.u.util.UserUtilService   : Removing 3 users from all courses. Done
    23:42:27.662 |  39 Pool-1-worker-13 | DEBUG | d.t.c.a.a.c.u.util.UserUtilService   : Save 3 users to database...
    23:42:27.672 |  39 Pool-1-worker-13 | DEBUG | d.t.c.a.a.c.u.util.UserUtilService   : Save 3 users to database. Done
    23:42:27.683 |  39 Pool-1-worker-13 | INFO  | i.z.t.d.l.EmbeddedDatabaseReporter   : JDBC URL to connect to 'dataSource': url='jdbc:h2:tcp://localhost:41063/mem:f240edcd-27ce-47a3-b4ab-a6a00c154135;USER=sa', scope='ResultListenerIntegrationTest#saveRatedResult_then_saveAnotherUnratedResult_then_removeUnratedResult_ShouldUpdateOriginalStudentScore'
    23:42:27.708 |  39 Pool-1-worker-13 | DEBUG | .c.s.m.InstanceMessageReceiveService : Received schedule participant score for exercise 95 and participant 6 (result to be deleted: null)
    23:42:27.708 |  39 Pool-1-worker-13 | DEBUG | .a.s.ParticipantScoreScheduleService : Scheduled task for exercise 95 and participant 6 at 2025-02-14T23:42:27.808432171Z[Etc/UTC].
    23:42:27.713 |  39 Pool-1-worker-13 | DEBUG | .a.s.ParticipantScoreScheduleService : Scheduled task for exercise 95 and participant 6 at 2025-02-14T23:42:27.813010519Z[Etc/UTC].
    23:42:27.713 |  39 Pool-1-worker-13 | DEBUG | .a.s.ParticipantScoreScheduleService : Processing of 1 results and 0 participant scores.
    23:42:27.814 | 615 taskScheduler-4  | DEBUG | .a.s.ParticipantScoreScheduleService : Processing exercise 95 and participant 6 to update participant scores.
    23:42:27.823 | 615 taskScheduler-4  | DEBUG | .a.s.ParticipantScoreScheduleService : Updated participant score 60.
    23:42:27.826 | 615 taskScheduler-4  | DEBUG | .a.s.ParticipantScoreScheduleService : Updating the participant score for exercise 95 and participant 6 took 12 ms.
    23:42:28.029 |  39 Pool-1-worker-13 | DEBUG | .c.s.m.InstanceMessageReceiveService : Received schedule participant score for exercise 95 and participant 6 (result to be deleted: null)
    23:42:28.029 |  39 Pool-1-worker-13 | DEBUG | .a.s.ParticipantScoreScheduleService : Scheduled task for exercise 95 and participant 6 at 2025-02-14T23:42:28.129568051Z[Etc/UTC].
    23:42:28.043 |  39 Pool-1-worker-13 | DEBUG | .a.s.ParticipantScoreScheduleService : Scheduled task for exercise 95 and participant 6 at 2025-02-14T23:42:28.139079073Z[Etc/UTC].
    23:42:28.043 |  39 Pool-1-worker-13 | DEBUG | .a.s.ParticipantScoreScheduleService : Processing of 1 results and 0 participant scores.
    23:42:28.139 | 601 taskScheduler-2  | DEBUG | .a.s.ParticipantScoreScheduleService : Processing exercise 95 and participant 6 to update participant scores.
    23:42:28.154 | 601 taskScheduler-2  | DEBUG | .a.s.ParticipantScoreScheduleService : Updated participant score 60.
    23:42:28.155 | 601 taskScheduler-2  | DEBUG | .a.s.ParticipantScoreScheduleService : Updating the participant score for exercise 95 and participant 6 took 16 ms.
    23:42:28.356 |  39 Pool-1-worker-13 | DEBUG | d.t.c.a.a.a.service.ResultService    : Delete result 81
    23:42:28.356 |  39 Pool-1-worker-13 | DEBUG | d.t.c.a.a.a.service.ResultService    : Delete result references 81
    23:42:28.365 |  39 Pool-1-worker-13 | DEBUG | .c.s.m.InstanceMessageReceiveService : Received schedule participant score for exercise 95 and participant 6 (result to be deleted: 81)
    23:42:28.365 |  39 Pool-1-worker-13 | DEBUG | .a.s.ParticipantScoreScheduleService : Scheduled task for exercise 95 and participant 6 at 2025-02-14T23:42:28.465548420Z[Etc/UTC].
    23:42:28.376 |  39 Pool-1-worker-13 | DEBUG | .a.s.ParticipantScoreScheduleService : Scheduled task for exercise 95 and participant 6 at 2025-02-14T23:42:28.476530254Z[Etc/UTC].
    23:42:28.376 |  39 Pool-1-worker-13 | DEBUG | .a.s.ParticipantScoreScheduleService : Processing of 0 results and 1 participant scores.
    23:42:28.476 | 615 taskScheduler-4  | DEBUG | .a.s.ParticipantScoreScheduleService : Processing exercise 95 and participant 6 to update participant scores.
    23:42:28.493 | 615 taskScheduler-4  | DEBUG | .a.s.ParticipantScoreScheduleService : Updated participant score 60.
    23:42:28.494 | 615 taskScheduler-4  | DEBUG | .a.s.ParticipantScoreScheduleService : Updating the participant score for exercise 95 and participant 6 took 18 ms.

  Starting logs for ResultListenerIntegrationTest > saveRatedResult_then_removeSavedResult_ShouldRemoveAssociatedStudentScore(boolean) [1] isTeamTest=true
    23:42:28.730 |  39 Pool-1-worker-13 | DEBUG | d.t.c.a.a.c.u.util.UserUtilService   : Generate 1 students...
    23:42:28.739 |  39 Pool-1-worker-13 | DEBUG | d.t.c.a.a.c.u.util.UserUtilService   : 1 students generated. Generate 1 tutors...
    23:42:28.745 |  39 Pool-1-worker-13 | DEBUG | d.t.c.a.a.c.u.util.UserUtilService   : 1 tutors generated. Generate 0 editors...
    23:42:28.747 |  39 Pool-1-worker-13 | DEBUG | d.t.c.a.a.c.u.util.UserUtilService   : 0 editors generated. Generate 1 instructors...
    23:42:28.755 |  39 Pool-1-worker-13 | DEBUG | d.t.c.a.a.c.u.util.UserUtilService   : 1 instructors generated
    23:42:28.759 |  39 Pool-1-worker-13 | DEBUG | d.t.c.a.a.c.u.util.UserUtilService   : Removing 3 users from all courses...
    23:42:28.760 |  39 Pool-1-worker-13 | DEBUG | d.t.c.a.a.c.u.util.UserUtilService   : Removing 3 users from all courses. Done
    23:42:28.760 |  39 Pool-1-worker-13 | DEBUG | d.t.c.a.a.c.u.util.UserUtilService   : Save 3 users to database...
    23:42:28.765 |  39 Pool-1-worker-13 | DEBUG | d.t.c.a.a.c.u.util.UserUtilService   : Save 3 users to database. Done
    23:42:28.772 |  39 Pool-1-worker-13 | INFO  | i.z.t.d.l.EmbeddedDatabaseReporter   : JDBC URL to connect to 'dataSource': url='jdbc:h2:tcp://localhost:41063/mem:f240edcd-27ce-47a3-b4ab-a6a00c154135;USER=sa', scope='ResultListenerIntegrationTest#saveRatedResult_then_removeSavedResult_ShouldRemoveAssociatedStudentScore'
    23:42:28.787 |  39 Pool-1-worker-13 | DEBUG | .c.s.m.InstanceMessageReceiveService : Received schedule participant score for exercise 98 and participant 45 (result to be deleted: null)
    23:42:28.787 |  39 Pool-1-worker-13 | DEBUG | .a.s.ParticipantScoreScheduleService : Scheduled task for exercise 98 and participant 45 at 2025-02-14T23:42:28.887468185Z[Etc/UTC].
    23:42:28.796 |  39 Pool-1-worker-13 | DEBUG | .a.s.ParticipantScoreScheduleService : Scheduled task for exercise 98 and participant 45 at 2025-02-14T23:42:28.896296885Z[Etc/UTC].
    23:42:28.796 |  39 Pool-1-worker-13 | DEBUG | .a.s.ParticipantScoreScheduleService : Processing of 1 results and 0 participant scores.
    23:42:28.896 | 600 taskScheduler-1  | DEBUG | .a.s.ParticipantScoreScheduleService : Processing exercise 98 and participant 45 to update participant scores.
    23:42:28.907 | 600 taskScheduler-1  | DEBUG | .a.s.ParticipantScoreScheduleService : Updated participant score 61.
    23:42:28.908 | 600 taskScheduler-1  | DEBUG | .a.s.ParticipantScoreScheduleService : Updating the participant score for exercise 98 and participant 45 took 12 ms.
    23:42:29.106 |  39 Pool-1-worker-13 | DEBUG | d.t.c.a.a.a.service.ResultService    : Delete result 82
    23:42:29.107 |  39 Pool-1-worker-13 | DEBUG | d.t.c.a.a.a.service.ResultService    : Delete result references 82
    23:42:29.119 |  39 Pool-1-worker-13 | DEBUG | .c.s.m.InstanceMessageReceiveService : Received schedule participant score for exercise 98 and participant 45 (result to be deleted: 82)
    23:42:29.120 |  39 Pool-1-worker-13 | DEBUG | .a.s.ParticipantScoreScheduleService : Scheduled task for exercise 98 and participant 45 at 2025-02-14T23:42:29.220172477Z[Etc/UTC].
    23:42:29.220 | 615 taskScheduler-4  | DEBUG | .a.s.ParticipantScoreScheduleService : Processing exercise 98 and participant 45 to update participant scores.
    23:42:29.235 | 615 taskScheduler-4  | DEBUG | .a.s.ParticipantScoreScheduleService : Deleted participant score 61.
    23:42:29.236 | 615 taskScheduler-4  | DEBUG | .a.s.ParticipantScoreScheduleService : Updating the participant score for exercise 98 and participant 45 took 16 ms.

  Starting logs for ResultListenerIntegrationTest > saveRatedResult_then_removeSavedResult_ShouldRemoveAssociatedStudentScore(boolean) [2] isTeamTest=false
    23:42:29.485 |  39 Pool-1-worker-13 | DEBUG | d.t.c.a.a.c.u.util.UserUtilService   : Generate 1 students...
    23:42:29.488 |  39 Pool-1-worker-13 | DEBUG | d.t.c.a.a.c.u.util.UserUtilService   : 1 students generated. Generate 1 tutors...
    23:42:29.491 |  39 Pool-1-worker-13 | DEBUG | d.t.c.a.a.c.u.util.UserUtilService   : 1 tutors generated. Generate 0 editors...
    23:42:29.493 |  39 Pool-1-worker-13 | DEBUG | d.t.c.a.a.c.u.util.UserUtilService   : 0 editors generated. Generate 1 instructors...
    23:42:29.496 |  39 Pool-1-worker-13 | DEBUG | d.t.c.a.a.c.u.util.UserUtilService   : 1 instructors generated
    23:42:29.497 |  39 Pool-1-worker-13 | DEBUG | d.t.c.a.a.c.u.util.UserUtilService   : Removing 3 users from all courses...
    23:42:29.498 |  39 Pool-1-worker-13 | DEBUG | d.t.c.a.a.c.u.util.UserUtilService   : Removing 3 users from all courses. Done
    23:42:29.498 |  39 Pool-1-worker-13 | DEBUG | d.t.c.a.a.c.u.util.UserUtilService   : Save 3 users to database...
    23:42:29.503 |  39 Pool-1-worker-13 | DEBUG | d.t.c.a.a.c.u.util.UserUtilService   : Save 3 users to database. Done
    23:42:29.510 |  39 Pool-1-worker-13 | INFO  | i.z.t.d.l.EmbeddedDatabaseReporter   : JDBC URL to connect to 'dataSource': url='jdbc:h2:tcp://localhost:41063/mem:f240edcd-27ce-47a3-b4ab-a6a00c154135;USER=sa', scope='ResultListenerIntegrationTest#saveRatedResult_then_removeSavedResult_ShouldRemoveAssociatedStudentScore'
    23:42:29.520 |  39 Pool-1-worker-13 | DEBUG | .c.s.m.InstanceMessageReceiveService : Received schedule participant score for exercise 99 and participant 6 (result to be deleted: null)
    23:42:29.520 |  39 Pool-1-worker-13 | DEBUG | .a.s.ParticipantScoreScheduleService : Scheduled task for exercise 99 and participant 6 at 2025-02-14T23:42:29.620355706Z[Etc/UTC].
    23:42:29.522 |  39 Pool-1-worker-13 | DEBUG | .a.s.ParticipantScoreScheduleService : Scheduled task for exercise 99 and participant 6 at 2025-02-14T23:42:29.622181090Z[Etc/UTC].
    23:42:29.522 |  39 Pool-1-worker-13 | DEBUG | .a.s.ParticipantScoreScheduleService : Processing of 1 results and 0 participant scores.
    23:42:29.622 | 614 taskScheduler-3  | DEBUG | .a.s.ParticipantScoreScheduleService : Processing exercise 99 and participant 6 to update participant scores.
    23:42:29.638 | 614 taskScheduler-3  | DEBUG | .a.s.ParticipantScoreScheduleService : Updated participant score 62.
    23:42:29.639 | 614 taskScheduler-3  | DEBUG | .a.s.ParticipantScoreScheduleService : Updating the participant score for exercise 99 and participant 6 took 17 ms.
    23:42:29.829 |  39 Pool-1-worker-13 | DEBUG | d.t.c.a.a.a.service.ResultService    : Delete result 83
    23:42:29.829 |  39 Pool-1-worker-13 | DEBUG | d.t.c.a.a.a.service.ResultService    : Delete result references 83
    23:42:29.840 |  39 Pool-1-worker-13 | DEBUG | .c.s.m.InstanceMessageReceiveService : Received schedule participant score for exercise 99 and participant 6 (result to be deleted: 83)
    23:42:29.840 |  39 Pool-1-worker-13 | DEBUG | .a.s.ParticipantScoreScheduleService : Scheduled task for exercise 99 and participant 6 at 2025-02-14T23:42:29.940736833Z[Etc/UTC].
    23:42:29.940 | 615 taskScheduler-4  | DEBUG | .a.s.ParticipantScoreScheduleService : Processing exercise 99 and participant 6 to update participant scores.
    23:42:29.952 | 615 taskScheduler-4  | DEBUG | .a.s.ParticipantScoreScheduleService : Deleted participant score 62.
    23:42:29.952 | 615 taskScheduler-4  | DEBUG | .a.s.ParticipantScoreScheduleService : Updating the participant score for exercise 99 and participant 6 took 12 ms.

Finished logs for ResultListenerIntegrationTest
]]></system-out>
  <system-err><![CDATA[]]></system-err>
</testsuite>
