<?xml version="1.0" encoding="UTF-8"?>
<testsuite name="de.tum.cit.aet.artemis.core.service.ConductAgreementServiceTest" tests="2" skipped="0" failures="0" errors="0" timestamp="2025-02-14T23:45:36" hostname="fv-az1721-502" time="0.081">
  <properties/>
  <testcase name="fetchConductAgreementIfCodeOfConductIsNullOrEmpty()" classname="de.tum.cit.aet.artemis.core.service.ConductAgreementServiceTest" time="0.033"/>
  <testcase name="fetchAndAgreeAndResetConductAgreement()" classname="de.tum.cit.aet.artemis.core.service.ConductAgreementServiceTest" time="0.046"/>
  <system-out><![CDATA[
Starting logs for ConductAgreementServiceTest

  Starting logs for ConductAgreementServiceTest > fetchConductAgreementIfCodeOfConductIsNullOrEmpty()
    23:45:36.773 | 344 ool-1-worker-108 | DEBUG | d.t.c.a.a.c.u.util.UserUtilService   : Generate 1 students...
    23:45:36.775 | 344 ool-1-worker-108 | DEBUG | d.t.c.a.a.c.u.util.UserUtilService   : 1 students generated. Generate 0 tutors...
    23:45:36.777 | 344 ool-1-worker-108 | DEBUG | d.t.c.a.a.c.u.util.UserUtilService   : 0 tutors generated. Generate 0 editors...
    23:45:36.778 | 344 ool-1-worker-108 | DEBUG | d.t.c.a.a.c.u.util.UserUtilService   : 0 editors generated. Generate 3 instructors...
    23:45:36.781 | 344 ool-1-worker-108 | DEBUG | d.t.c.a.a.c.u.util.UserUtilService   : 3 instructors generated
    23:45:36.782 | 344 ool-1-worker-108 | DEBUG | d.t.c.a.a.c.u.util.UserUtilService   : Removing 5 users from all courses...
    23:45:36.783 | 344 ool-1-worker-108 | DEBUG | d.t.c.a.a.c.u.util.UserUtilService   : Removing 5 users from all courses. Done
    23:45:36.783 | 344 ool-1-worker-108 | DEBUG | d.t.c.a.a.c.u.util.UserUtilService   : Save 4 users to database...
    23:45:36.785 | 344 ool-1-worker-108 | DEBUG | d.t.c.a.a.c.u.util.UserUtilService   : Save 4 users to database. Done
    23:45:36.786 | 344 ool-1-worker-108 | INFO  | i.z.t.d.l.EmbeddedDatabaseReporter   : JDBC URL to connect to 'dataSource': url='jdbc:h2:tcp://localhost:41063/mem:df70fc46-7e57-4cb5-9cd0-c1d90c14afa7;USER=sa', scope='ConductAgreementServiceTest#fetchConductAgreementIfCodeOfConductIsNullOrEmpty'

  Starting logs for ConductAgreementServiceTest > fetchAndAgreeAndResetConductAgreement()
    23:45:36.806 | 344 ool-1-worker-108 | DEBUG | d.t.c.a.a.c.u.util.UserUtilService   : Generate 1 students...
    23:45:36.809 | 344 ool-1-worker-108 | DEBUG | d.t.c.a.a.c.u.util.UserUtilService   : 1 students generated. Generate 0 tutors...
    23:45:36.810 | 344 ool-1-worker-108 | DEBUG | d.t.c.a.a.c.u.util.UserUtilService   : 0 tutors generated. Generate 0 editors...
    23:45:36.812 | 344 ool-1-worker-108 | DEBUG | d.t.c.a.a.c.u.util.UserUtilService   : 0 editors generated. Generate 3 instructors...
    23:45:36.817 | 344 ool-1-worker-108 | DEBUG | d.t.c.a.a.c.u.util.UserUtilService   : 3 instructors generated
    23:45:36.818 | 344 ool-1-worker-108 | DEBUG | d.t.c.a.a.c.u.util.UserUtilService   : Removing 4 users from all courses...
    23:45:36.819 | 344 ool-1-worker-108 | DEBUG | d.t.c.a.a.c.u.util.UserUtilService   : Removing 4 users from all courses. Done
    23:45:36.819 | 344 ool-1-worker-108 | DEBUG | d.t.c.a.a.c.u.util.UserUtilService   : Save 4 users to database...
    23:45:36.829 | 344 ool-1-worker-108 | DEBUG | d.t.c.a.a.c.u.util.UserUtilService   : Save 4 users to database. Done
    23:45:36.832 | 344 ool-1-worker-108 | INFO  | i.z.t.d.l.EmbeddedDatabaseReporter   : JDBC URL to connect to 'dataSource': url='jdbc:h2:tcp://localhost:41063/mem:df70fc46-7e57-4cb5-9cd0-c1d90c14afa7;USER=sa', scope='ConductAgreementServiceTest#fetchAndAgreeAndResetConductAgreement'

Finished logs for ConductAgreementServiceTest
]]></system-out>
  <system-err><![CDATA[]]></system-err>
</testsuite>
