<?xml version="1.0" encoding="UTF-8"?>
<testsuite name="de.tum.cit.aet.artemis.programming.service.connectors.gitlab.GitLabPersonalAccessTokenManagementServiceTest" tests="13" skipped="0" failures="0" errors="0" timestamp="2025-02-14T23:49:23" hostname="fv-az1721-502" time="0.254">
  <properties/>
  <testcase name="[1] initialTokenId=46732, initialToken=ihdsf89w73rshefi8se892340f, newToken=987z459hrf89w4r9z438rtweo84, initialTokenLifetimeDays=28, newLifetimeDays=365, gitlabUserId=596423" classname="de.tum.cit.aet.artemis.programming.service.connectors.gitlab.GitLabPersonalAccessTokenManagementServiceTest" time="0.024"/>
  <testcase name="[2] initialTokenId=947, initialToken=erh8er9fhsrzg8ezfhergrifhr, newToken=8re9fsh8wewrufrhfgtguwrgr9r, initialTokenLifetimeDays=-3, newLifetimeDays=333, gitlabUserId=6920" classname="de.tum.cit.aet.artemis.programming.service.connectors.gitlab.GitLabPersonalAccessTokenManagementServiceTest" time="0.02"/>
  <testcase name="[3] initialTokenId=22, initialToken=io8949weisjdhfzgr7uejdirri, newToken=94egdvfiszeu3289eoshdurfrir, initialTokenLifetimeDays=-250, newLifetimeDays=94, gitlabUserId=345" classname="de.tum.cit.aet.artemis.programming.service.connectors.gitlab.GitLabPersonalAccessTokenManagementServiceTest" time="0.018"/>
  <testcase name="testRenewAccessTokenListFailed()" classname="de.tum.cit.aet.artemis.programming.service.connectors.gitlab.GitLabPersonalAccessTokenManagementServiceTest" time="0.019"/>
  <testcase name="testRenewAccessTokenRevocationFailed()" classname="de.tum.cit.aet.artemis.programming.service.connectors.gitlab.GitLabPersonalAccessTokenManagementServiceTest" time="0.021"/>
  <testcase name="testRenewAccessTokenNoGitLabUser()" classname="de.tum.cit.aet.artemis.programming.service.connectors.gitlab.GitLabPersonalAccessTokenManagementServiceTest" time="0.018"/>
  <testcase name="testCreateAccessTokenCreationFailed()" classname="de.tum.cit.aet.artemis.programming.service.connectors.gitlab.GitLabPersonalAccessTokenManagementServiceTest" time="0.017"/>
  <testcase name="testRenewAccessTokenUserWithoutAccessToken()" classname="de.tum.cit.aet.artemis.programming.service.connectors.gitlab.GitLabPersonalAccessTokenManagementServiceTest" time="0.015"/>
  <testcase name="testCreateAccessTokenNoGitLabUser()" classname="de.tum.cit.aet.artemis.programming.service.connectors.gitlab.GitLabPersonalAccessTokenManagementServiceTest" time="0.016"/>
  <testcase name="[1] token=ihdsf89w73rshefi8se892340f, lifetimeDays=365, gitlabUserId=596423" classname="de.tum.cit.aet.artemis.programming.service.connectors.gitlab.GitLabPersonalAccessTokenManagementServiceTest" time="0.019"/>
  <testcase name="[2] token=erh8er9fhsrzg8ezfhergrifhr, lifetimeDays=333, gitlabUserId=6920" classname="de.tum.cit.aet.artemis.programming.service.connectors.gitlab.GitLabPersonalAccessTokenManagementServiceTest" time="0.017"/>
  <testcase name="[3] token=io8949weisjdhfzgr7uejdirri, lifetimeDays=94, gitlabUserId=345" classname="de.tum.cit.aet.artemis.programming.service.connectors.gitlab.GitLabPersonalAccessTokenManagementServiceTest" time="0.016"/>
  <testcase name="testCreateAccessTokenUserWithAccessToken()" classname="de.tum.cit.aet.artemis.programming.service.connectors.gitlab.GitLabPersonalAccessTokenManagementServiceTest" time="0.016"/>
  <system-out><![CDATA[
Starting logs for GitLabPersonalAccessTokenManagementServiceTest

  Starting logs for GitLabPersonalAccessTokenManagementServiceTest > [1] initialTokenId=46732, initialToken=ihdsf89w73rshefi8se892340f, newToken=987z459hrf89w4r9z438rtweo84, initialTokenLifetimeDays=28, newLifetimeDays=365, gitlabUserId=596423
    23:49:23.107 | 495 ool-1-worker-259 | DEBUG | d.t.c.a.a.c.u.util.UserUtilService   : Generate 1 students...
    23:49:23.109 | 495 ool-1-worker-259 | DEBUG | d.t.c.a.a.c.u.util.UserUtilService   : 1 students generated. Generate 0 tutors...
    23:49:23.110 | 495 ool-1-worker-259 | DEBUG | d.t.c.a.a.c.u.util.UserUtilService   : 0 tutors generated. Generate 0 editors...
    23:49:23.111 | 495 ool-1-worker-259 | DEBUG | d.t.c.a.a.c.u.util.UserUtilService   : 0 editors generated. Generate 0 instructors...
    23:49:23.112 | 495 ool-1-worker-259 | DEBUG | d.t.c.a.a.c.u.util.UserUtilService   : 0 instructors generated
    23:49:23.114 | 495 ool-1-worker-259 | DEBUG | d.t.c.a.a.c.u.util.UserUtilService   : Removing 1 users from all courses...
    23:49:23.114 | 495 ool-1-worker-259 | DEBUG | d.t.c.a.a.c.u.util.UserUtilService   : Removing 1 users from all courses. Done
    23:49:23.114 | 495 ool-1-worker-259 | DEBUG | d.t.c.a.a.c.u.util.UserUtilService   : Save 1 users to database...
    23:49:23.115 | 495 ool-1-worker-259 | DEBUG | d.t.c.a.a.c.u.util.UserUtilService   : Save 1 users to database. Done
    23:49:23.115 | 495 ool-1-worker-259 | INFO  | i.z.t.d.l.EmbeddedDatabaseReporter   : JDBC URL to connect to 'dataSource': url='jdbc:h2:tcp://localhost:41063/mem:736625c0-cf5e-400d-aeaa-8a7eabd6262b;USER=sa', scope='GitLabPersonalAccessTokenManagementServiceTest#testRenewAccessToken'

  Starting logs for GitLabPersonalAccessTokenManagementServiceTest > [2] initialTokenId=947, initialToken=erh8er9fhsrzg8ezfhergrifhr, newToken=8re9fsh8wewrufrhfgtguwrgr9r, initialTokenLifetimeDays=-3, newLifetimeDays=333, gitlabUserId=6920
    23:49:23.133 | 495 ool-1-worker-259 | DEBUG | d.t.c.a.a.c.u.util.UserUtilService   : Generate 1 students...
    23:49:23.135 | 495 ool-1-worker-259 | DEBUG | d.t.c.a.a.c.u.util.UserUtilService   : 1 students generated. Generate 0 tutors...
    23:49:23.136 | 495 ool-1-worker-259 | DEBUG | d.t.c.a.a.c.u.util.UserUtilService   : 0 tutors generated. Generate 0 editors...
    23:49:23.137 | 495 ool-1-worker-259 | DEBUG | d.t.c.a.a.c.u.util.UserUtilService   : 0 editors generated. Generate 0 instructors...
    23:49:23.138 | 495 ool-1-worker-259 | DEBUG | d.t.c.a.a.c.u.util.UserUtilService   : 0 instructors generated
    23:49:23.140 | 495 ool-1-worker-259 | DEBUG | d.t.c.a.a.c.u.util.UserUtilService   : Removing 1 users from all courses...
    23:49:23.140 | 495 ool-1-worker-259 | DEBUG | d.t.c.a.a.c.u.util.UserUtilService   : Removing 1 users from all courses. Done
    23:49:23.140 | 495 ool-1-worker-259 | DEBUG | d.t.c.a.a.c.u.util.UserUtilService   : Save 1 users to database...
    23:49:23.142 | 495 ool-1-worker-259 | DEBUG | d.t.c.a.a.c.u.util.UserUtilService   : Save 1 users to database. Done
    23:49:23.142 | 495 ool-1-worker-259 | INFO  | i.z.t.d.l.EmbeddedDatabaseReporter   : JDBC URL to connect to 'dataSource': url='jdbc:h2:tcp://localhost:41063/mem:736625c0-cf5e-400d-aeaa-8a7eabd6262b;USER=sa', scope='GitLabPersonalAccessTokenManagementServiceTest#testRenewAccessToken'

  Starting logs for GitLabPersonalAccessTokenManagementServiceTest > [3] initialTokenId=22, initialToken=io8949weisjdhfzgr7uejdirri, newToken=94egdvfiszeu3289eoshdurfrir, initialTokenLifetimeDays=-250, newLifetimeDays=94, gitlabUserId=345
    23:49:23.154 | 495 ool-1-worker-259 | DEBUG | d.t.c.a.a.c.u.util.UserUtilService   : Generate 1 students...
    23:49:23.156 | 495 ool-1-worker-259 | DEBUG | d.t.c.a.a.c.u.util.UserUtilService   : 1 students generated. Generate 0 tutors...
    23:49:23.157 | 495 ool-1-worker-259 | DEBUG | d.t.c.a.a.c.u.util.UserUtilService   : 0 tutors generated. Generate 0 editors...
    23:49:23.158 | 495 ool-1-worker-259 | DEBUG | d.t.c.a.a.c.u.util.UserUtilService   : 0 editors generated. Generate 0 instructors...
    23:49:23.159 | 495 ool-1-worker-259 | DEBUG | d.t.c.a.a.c.u.util.UserUtilService   : 0 instructors generated
    23:49:23.160 | 495 ool-1-worker-259 | DEBUG | d.t.c.a.a.c.u.util.UserUtilService   : Removing 1 users from all courses...
    23:49:23.161 | 495 ool-1-worker-259 | DEBUG | d.t.c.a.a.c.u.util.UserUtilService   : Removing 1 users from all courses. Done
    23:49:23.161 | 495 ool-1-worker-259 | DEBUG | d.t.c.a.a.c.u.util.UserUtilService   : Save 1 users to database...
    23:49:23.162 | 495 ool-1-worker-259 | DEBUG | d.t.c.a.a.c.u.util.UserUtilService   : Save 1 users to database. Done
    23:49:23.162 | 495 ool-1-worker-259 | INFO  | i.z.t.d.l.EmbeddedDatabaseReporter   : JDBC URL to connect to 'dataSource': url='jdbc:h2:tcp://localhost:41063/mem:736625c0-cf5e-400d-aeaa-8a7eabd6262b;USER=sa', scope='GitLabPersonalAccessTokenManagementServiceTest#testRenewAccessToken'

  Starting logs for GitLabPersonalAccessTokenManagementServiceTest > testRenewAccessTokenListFailed()
    23:49:23.173 | 495 ool-1-worker-259 | DEBUG | d.t.c.a.a.c.u.util.UserUtilService   : Generate 1 students...
    23:49:23.175 | 495 ool-1-worker-259 | DEBUG | d.t.c.a.a.c.u.util.UserUtilService   : 1 students generated. Generate 0 tutors...
    23:49:23.177 | 495 ool-1-worker-259 | DEBUG | d.t.c.a.a.c.u.util.UserUtilService   : 0 tutors generated. Generate 0 editors...
    23:49:23.178 | 495 ool-1-worker-259 | DEBUG | d.t.c.a.a.c.u.util.UserUtilService   : 0 editors generated. Generate 0 instructors...
    23:49:23.179 | 495 ool-1-worker-259 | DEBUG | d.t.c.a.a.c.u.util.UserUtilService   : 0 instructors generated
    23:49:23.180 | 495 ool-1-worker-259 | DEBUG | d.t.c.a.a.c.u.util.UserUtilService   : Removing 1 users from all courses...
    23:49:23.180 | 495 ool-1-worker-259 | DEBUG | d.t.c.a.a.c.u.util.UserUtilService   : Removing 1 users from all courses. Done
    23:49:23.180 | 495 ool-1-worker-259 | DEBUG | d.t.c.a.a.c.u.util.UserUtilService   : Save 1 users to database...
    23:49:23.182 | 495 ool-1-worker-259 | DEBUG | d.t.c.a.a.c.u.util.UserUtilService   : Save 1 users to database. Done
    23:49:23.182 | 495 ool-1-worker-259 | INFO  | i.z.t.d.l.EmbeddedDatabaseReporter   : JDBC URL to connect to 'dataSource': url='jdbc:h2:tcp://localhost:41063/mem:736625c0-cf5e-400d-aeaa-8a7eabd6262b;USER=sa', scope='GitLabPersonalAccessTokenManagementServiceTest#testRenewAccessTokenListFailed'
    23:49:23.183 | 495 ool-1-worker-259 | ERROR | PersonalAccessTokenManagementService : Could not fetch personal access token id for user with id 23, response is null

  Starting logs for GitLabPersonalAccessTokenManagementServiceTest > testRenewAccessTokenRevocationFailed()
    23:49:23.193 | 495 ool-1-worker-259 | DEBUG | d.t.c.a.a.c.u.util.UserUtilService   : Generate 1 students...
    23:49:23.195 | 495 ool-1-worker-259 | DEBUG | d.t.c.a.a.c.u.util.UserUtilService   : 1 students generated. Generate 0 tutors...
    23:49:23.197 | 495 ool-1-worker-259 | DEBUG | d.t.c.a.a.c.u.util.UserUtilService   : 0 tutors generated. Generate 0 editors...
    23:49:23.198 | 495 ool-1-worker-259 | DEBUG | d.t.c.a.a.c.u.util.UserUtilService   : 0 editors generated. Generate 0 instructors...
    23:49:23.199 | 495 ool-1-worker-259 | DEBUG | d.t.c.a.a.c.u.util.UserUtilService   : 0 instructors generated
    23:49:23.200 | 495 ool-1-worker-259 | DEBUG | d.t.c.a.a.c.u.util.UserUtilService   : Removing 1 users from all courses...
    23:49:23.200 | 495 ool-1-worker-259 | DEBUG | d.t.c.a.a.c.u.util.UserUtilService   : Removing 1 users from all courses. Done
    23:49:23.200 | 495 ool-1-worker-259 | DEBUG | d.t.c.a.a.c.u.util.UserUtilService   : Save 1 users to database...
    23:49:23.202 | 495 ool-1-worker-259 | DEBUG | d.t.c.a.a.c.u.util.UserUtilService   : Save 1 users to database. Done
    23:49:23.202 | 495 ool-1-worker-259 | INFO  | i.z.t.d.l.EmbeddedDatabaseReporter   : JDBC URL to connect to 'dataSource': url='jdbc:h2:tcp://localhost:41063/mem:736625c0-cf5e-400d-aeaa-8a7eabd6262b;USER=sa', scope='GitLabPersonalAccessTokenManagementServiceTest#testRenewAccessTokenRevocationFailed'
    23:49:23.205 | 495 ool-1-worker-259 | ERROR | PersonalAccessTokenManagementService : Could not revoke personal access token with id 42

  Starting logs for GitLabPersonalAccessTokenManagementServiceTest > testRenewAccessTokenNoGitLabUser()
    23:49:23.215 | 495 ool-1-worker-259 | DEBUG | d.t.c.a.a.c.u.util.UserUtilService   : Generate 1 students...
    23:49:23.218 | 495 ool-1-worker-259 | DEBUG | d.t.c.a.a.c.u.util.UserUtilService   : 1 students generated. Generate 0 tutors...
    23:49:23.219 | 495 ool-1-worker-259 | DEBUG | d.t.c.a.a.c.u.util.UserUtilService   : 0 tutors generated. Generate 0 editors...
    23:49:23.220 | 495 ool-1-worker-259 | DEBUG | d.t.c.a.a.c.u.util.UserUtilService   : 0 editors generated. Generate 0 instructors...
    23:49:23.221 | 495 ool-1-worker-259 | DEBUG | d.t.c.a.a.c.u.util.UserUtilService   : 0 instructors generated
    23:49:23.222 | 495 ool-1-worker-259 | DEBUG | d.t.c.a.a.c.u.util.UserUtilService   : Removing 1 users from all courses...
    23:49:23.223 | 495 ool-1-worker-259 | DEBUG | d.t.c.a.a.c.u.util.UserUtilService   : Removing 1 users from all courses. Done
    23:49:23.223 | 495 ool-1-worker-259 | DEBUG | d.t.c.a.a.c.u.util.UserUtilService   : Save 1 users to database...
    23:49:23.224 | 495 ool-1-worker-259 | DEBUG | d.t.c.a.a.c.u.util.UserUtilService   : Save 1 users to database. Done
    23:49:23.224 | 495 ool-1-worker-259 | INFO  | i.z.t.d.l.EmbeddedDatabaseReporter   : JDBC URL to connect to 'dataSource': url='jdbc:h2:tcp://localhost:41063/mem:736625c0-cf5e-400d-aeaa-8a7eabd6262b;USER=sa', scope='GitLabPersonalAccessTokenManagementServiceTest#testRenewAccessTokenNoGitLabUser'

  Starting logs for GitLabPersonalAccessTokenManagementServiceTest > testCreateAccessTokenCreationFailed()
    23:49:23.234 | 495 ool-1-worker-259 | DEBUG | d.t.c.a.a.c.u.util.UserUtilService   : Generate 1 students...
    23:49:23.236 | 495 ool-1-worker-259 | DEBUG | d.t.c.a.a.c.u.util.UserUtilService   : 1 students generated. Generate 0 tutors...
    23:49:23.238 | 495 ool-1-worker-259 | DEBUG | d.t.c.a.a.c.u.util.UserUtilService   : 0 tutors generated. Generate 0 editors...
    23:49:23.239 | 495 ool-1-worker-259 | DEBUG | d.t.c.a.a.c.u.util.UserUtilService   : 0 editors generated. Generate 0 instructors...
    23:49:23.240 | 495 ool-1-worker-259 | DEBUG | d.t.c.a.a.c.u.util.UserUtilService   : 0 instructors generated
    23:49:23.241 | 495 ool-1-worker-259 | DEBUG | d.t.c.a.a.c.u.util.UserUtilService   : Removing 1 users from all courses...
    23:49:23.241 | 495 ool-1-worker-259 | DEBUG | d.t.c.a.a.c.u.util.UserUtilService   : Removing 1 users from all courses. Done
    23:49:23.241 | 495 ool-1-worker-259 | DEBUG | d.t.c.a.a.c.u.util.UserUtilService   : Save 1 users to database...
    23:49:23.243 | 495 ool-1-worker-259 | DEBUG | d.t.c.a.a.c.u.util.UserUtilService   : Save 1 users to database. Done
    23:49:23.243 | 495 ool-1-worker-259 | INFO  | i.z.t.d.l.EmbeddedDatabaseReporter   : JDBC URL to connect to 'dataSource': url='jdbc:h2:tcp://localhost:41063/mem:736625c0-cf5e-400d-aeaa-8a7eabd6262b;USER=sa', scope='GitLabPersonalAccessTokenManagementServiceTest#testCreateAccessTokenCreationFailed'

  Starting logs for GitLabPersonalAccessTokenManagementServiceTest > testRenewAccessTokenUserWithoutAccessToken()
    23:49:23.252 | 495 ool-1-worker-259 | DEBUG | d.t.c.a.a.c.u.util.UserUtilService   : Generate 1 students...
    23:49:23.254 | 495 ool-1-worker-259 | DEBUG | d.t.c.a.a.c.u.util.UserUtilService   : 1 students generated. Generate 0 tutors...
    23:49:23.256 | 495 ool-1-worker-259 | DEBUG | d.t.c.a.a.c.u.util.UserUtilService   : 0 tutors generated. Generate 0 editors...
    23:49:23.257 | 495 ool-1-worker-259 | DEBUG | d.t.c.a.a.c.u.util.UserUtilService   : 0 editors generated. Generate 0 instructors...
    23:49:23.258 | 495 ool-1-worker-259 | DEBUG | d.t.c.a.a.c.u.util.UserUtilService   : 0 instructors generated
    23:49:23.259 | 495 ool-1-worker-259 | DEBUG | d.t.c.a.a.c.u.util.UserUtilService   : Removing 1 users from all courses...
    23:49:23.259 | 495 ool-1-worker-259 | DEBUG | d.t.c.a.a.c.u.util.UserUtilService   : Removing 1 users from all courses. Done
    23:49:23.259 | 495 ool-1-worker-259 | DEBUG | d.t.c.a.a.c.u.util.UserUtilService   : Save 1 users to database...
    23:49:23.260 | 495 ool-1-worker-259 | DEBUG | d.t.c.a.a.c.u.util.UserUtilService   : Save 1 users to database. Done
    23:49:23.261 | 495 ool-1-worker-259 | INFO  | i.z.t.d.l.EmbeddedDatabaseReporter   : JDBC URL to connect to 'dataSource': url='jdbc:h2:tcp://localhost:41063/mem:736625c0-cf5e-400d-aeaa-8a7eabd6262b;USER=sa', scope='GitLabPersonalAccessTokenManagementServiceTest#testRenewAccessTokenUserWithoutAccessToken'

  Starting logs for GitLabPersonalAccessTokenManagementServiceTest > testCreateAccessTokenNoGitLabUser()
    23:49:23.269 | 495 ool-1-worker-259 | DEBUG | d.t.c.a.a.c.u.util.UserUtilService   : Generate 1 students...
    23:49:23.271 | 495 ool-1-worker-259 | DEBUG | d.t.c.a.a.c.u.util.UserUtilService   : 1 students generated. Generate 0 tutors...
    23:49:23.273 | 495 ool-1-worker-259 | DEBUG | d.t.c.a.a.c.u.util.UserUtilService   : 0 tutors generated. Generate 0 editors...
    23:49:23.274 | 495 ool-1-worker-259 | DEBUG | d.t.c.a.a.c.u.util.UserUtilService   : 0 editors generated. Generate 0 instructors...
    23:49:23.275 | 495 ool-1-worker-259 | DEBUG | d.t.c.a.a.c.u.util.UserUtilService   : 0 instructors generated
    23:49:23.276 | 495 ool-1-worker-259 | DEBUG | d.t.c.a.a.c.u.util.UserUtilService   : Removing 1 users from all courses...
    23:49:23.276 | 495 ool-1-worker-259 | DEBUG | d.t.c.a.a.c.u.util.UserUtilService   : Removing 1 users from all courses. Done
    23:49:23.276 | 495 ool-1-worker-259 | DEBUG | d.t.c.a.a.c.u.util.UserUtilService   : Save 1 users to database...
    23:49:23.278 | 495 ool-1-worker-259 | DEBUG | d.t.c.a.a.c.u.util.UserUtilService   : Save 1 users to database. Done
    23:49:23.278 | 495 ool-1-worker-259 | INFO  | i.z.t.d.l.EmbeddedDatabaseReporter   : JDBC URL to connect to 'dataSource': url='jdbc:h2:tcp://localhost:41063/mem:736625c0-cf5e-400d-aeaa-8a7eabd6262b;USER=sa', scope='GitLabPersonalAccessTokenManagementServiceTest#testCreateAccessTokenNoGitLabUser'

  Starting logs for GitLabPersonalAccessTokenManagementServiceTest > [1] token=ihdsf89w73rshefi8se892340f, lifetimeDays=365, gitlabUserId=596423
    23:49:23.288 | 495 ool-1-worker-259 | DEBUG | d.t.c.a.a.c.u.util.UserUtilService   : Generate 1 students...
    23:49:23.290 | 495 ool-1-worker-259 | DEBUG | d.t.c.a.a.c.u.util.UserUtilService   : 1 students generated. Generate 0 tutors...
    23:49:23.292 | 495 ool-1-worker-259 | DEBUG | d.t.c.a.a.c.u.util.UserUtilService   : 0 tutors generated. Generate 0 editors...
    23:49:23.293 | 495 ool-1-worker-259 | DEBUG | d.t.c.a.a.c.u.util.UserUtilService   : 0 editors generated. Generate 0 instructors...
    23:49:23.294 | 495 ool-1-worker-259 | DEBUG | d.t.c.a.a.c.u.util.UserUtilService   : 0 instructors generated
    23:49:23.295 | 495 ool-1-worker-259 | DEBUG | d.t.c.a.a.c.u.util.UserUtilService   : Removing 1 users from all courses...
    23:49:23.295 | 495 ool-1-worker-259 | DEBUG | d.t.c.a.a.c.u.util.UserUtilService   : Removing 1 users from all courses. Done
    23:49:23.295 | 495 ool-1-worker-259 | DEBUG | d.t.c.a.a.c.u.util.UserUtilService   : Save 1 users to database...
    23:49:23.296 | 495 ool-1-worker-259 | DEBUG | d.t.c.a.a.c.u.util.UserUtilService   : Save 1 users to database. Done
    23:49:23.297 | 495 ool-1-worker-259 | INFO  | i.z.t.d.l.EmbeddedDatabaseReporter   : JDBC URL to connect to 'dataSource': url='jdbc:h2:tcp://localhost:41063/mem:736625c0-cf5e-400d-aeaa-8a7eabd6262b;USER=sa', scope='GitLabPersonalAccessTokenManagementServiceTest#testCreateAccessToken'

  Starting logs for GitLabPersonalAccessTokenManagementServiceTest > [2] token=erh8er9fhsrzg8ezfhergrifhr, lifetimeDays=333, gitlabUserId=6920
    23:49:23.308 | 495 ool-1-worker-259 | DEBUG | d.t.c.a.a.c.u.util.UserUtilService   : Generate 1 students...
    23:49:23.311 | 495 ool-1-worker-259 | DEBUG | d.t.c.a.a.c.u.util.UserUtilService   : 1 students generated. Generate 0 tutors...
    23:49:23.312 | 495 ool-1-worker-259 | DEBUG | d.t.c.a.a.c.u.util.UserUtilService   : 0 tutors generated. Generate 0 editors...
    23:49:23.313 | 495 ool-1-worker-259 | DEBUG | d.t.c.a.a.c.u.util.UserUtilService   : 0 editors generated. Generate 0 instructors...
    23:49:23.314 | 495 ool-1-worker-259 | DEBUG | d.t.c.a.a.c.u.util.UserUtilService   : 0 instructors generated
    23:49:23.315 | 495 ool-1-worker-259 | DEBUG | d.t.c.a.a.c.u.util.UserUtilService   : Removing 1 users from all courses...
    23:49:23.316 | 495 ool-1-worker-259 | DEBUG | d.t.c.a.a.c.u.util.UserUtilService   : Removing 1 users from all courses. Done
    23:49:23.316 | 495 ool-1-worker-259 | DEBUG | d.t.c.a.a.c.u.util.UserUtilService   : Save 1 users to database...
    23:49:23.317 | 495 ool-1-worker-259 | DEBUG | d.t.c.a.a.c.u.util.UserUtilService   : Save 1 users to database. Done
    23:49:23.317 | 495 ool-1-worker-259 | INFO  | i.z.t.d.l.EmbeddedDatabaseReporter   : JDBC URL to connect to 'dataSource': url='jdbc:h2:tcp://localhost:41063/mem:736625c0-cf5e-400d-aeaa-8a7eabd6262b;USER=sa', scope='GitLabPersonalAccessTokenManagementServiceTest#testCreateAccessToken'

  Starting logs for GitLabPersonalAccessTokenManagementServiceTest > [3] token=io8949weisjdhfzgr7uejdirri, lifetimeDays=94, gitlabUserId=345
    23:49:23.327 | 495 ool-1-worker-259 | DEBUG | d.t.c.a.a.c.u.util.UserUtilService   : Generate 1 students...
    23:49:23.329 | 495 ool-1-worker-259 | DEBUG | d.t.c.a.a.c.u.util.UserUtilService   : 1 students generated. Generate 0 tutors...
    23:49:23.330 | 495 ool-1-worker-259 | DEBUG | d.t.c.a.a.c.u.util.UserUtilService   : 0 tutors generated. Generate 0 editors...
    23:49:23.331 | 495 ool-1-worker-259 | DEBUG | d.t.c.a.a.c.u.util.UserUtilService   : 0 editors generated. Generate 0 instructors...
    23:49:23.332 | 495 ool-1-worker-259 | DEBUG | d.t.c.a.a.c.u.util.UserUtilService   : 0 instructors generated
    23:49:23.333 | 495 ool-1-worker-259 | DEBUG | d.t.c.a.a.c.u.util.UserUtilService   : Removing 1 users from all courses...
    23:49:23.334 | 495 ool-1-worker-259 | DEBUG | d.t.c.a.a.c.u.util.UserUtilService   : Removing 1 users from all courses. Done
    23:49:23.334 | 495 ool-1-worker-259 | DEBUG | d.t.c.a.a.c.u.util.UserUtilService   : Save 1 users to database...
    23:49:23.335 | 495 ool-1-worker-259 | DEBUG | d.t.c.a.a.c.u.util.UserUtilService   : Save 1 users to database. Done
    23:49:23.335 | 495 ool-1-worker-259 | INFO  | i.z.t.d.l.EmbeddedDatabaseReporter   : JDBC URL to connect to 'dataSource': url='jdbc:h2:tcp://localhost:41063/mem:736625c0-cf5e-400d-aeaa-8a7eabd6262b;USER=sa', scope='GitLabPersonalAccessTokenManagementServiceTest#testCreateAccessToken'

  Starting logs for GitLabPersonalAccessTokenManagementServiceTest > testCreateAccessTokenUserWithAccessToken()
    23:49:23.344 | 495 ool-1-worker-259 | DEBUG | d.t.c.a.a.c.u.util.UserUtilService   : Generate 1 students...
    23:49:23.346 | 495 ool-1-worker-259 | DEBUG | d.t.c.a.a.c.u.util.UserUtilService   : 1 students generated. Generate 0 tutors...
    23:49:23.347 | 495 ool-1-worker-259 | DEBUG | d.t.c.a.a.c.u.util.UserUtilService   : 0 tutors generated. Generate 0 editors...
    23:49:23.348 | 495 ool-1-worker-259 | DEBUG | d.t.c.a.a.c.u.util.UserUtilService   : 0 editors generated. Generate 0 instructors...
    23:49:23.350 | 495 ool-1-worker-259 | DEBUG | d.t.c.a.a.c.u.util.UserUtilService   : 0 instructors generated
    23:49:23.351 | 495 ool-1-worker-259 | DEBUG | d.t.c.a.a.c.u.util.UserUtilService   : Removing 1 users from all courses...
    23:49:23.351 | 495 ool-1-worker-259 | DEBUG | d.t.c.a.a.c.u.util.UserUtilService   : Removing 1 users from all courses. Done
    23:49:23.351 | 495 ool-1-worker-259 | DEBUG | d.t.c.a.a.c.u.util.UserUtilService   : Save 1 users to database...
    23:49:23.352 | 495 ool-1-worker-259 | DEBUG | d.t.c.a.a.c.u.util.UserUtilService   : Save 1 users to database. Done
    23:49:23.352 | 495 ool-1-worker-259 | INFO  | i.z.t.d.l.EmbeddedDatabaseReporter   : JDBC URL to connect to 'dataSource': url='jdbc:h2:tcp://localhost:41063/mem:736625c0-cf5e-400d-aeaa-8a7eabd6262b;USER=sa', scope='GitLabPersonalAccessTokenManagementServiceTest#testCreateAccessTokenUserWithAccessToken'

Finished logs for GitLabPersonalAccessTokenManagementServiceTest
]]></system-out>
  <system-err><![CDATA[]]></system-err>
</testsuite>
