<?xml version="1.0" encoding="UTF-8"?>
<testsuite name="de.tum.cit.aet.artemis.exam.service.ExamSubmissionServiceTest" tests="6" skipped="0" failures="0" errors="0" timestamp="2025-02-14T23:45:52" hostname="fv-az1721-502" time="0.247">
  <properties/>
  <testcase name="testCheckSubmissionAllowance_isSubmissionInTime()" classname="de.tum.cit.aet.artemis.exam.service.ExamSubmissionServiceTest" time="0.045"/>
  <testcase name="testCheckSubmissionAllowance_testRun()" classname="de.tum.cit.aet.artemis.exam.service.ExamSubmissionServiceTest" time="0.043"/>
  <testcase name="testCheckSubmissionAllowance_submittedStudentExam()" classname="de.tum.cit.aet.artemis.exam.service.ExamSubmissionServiceTest" time="0.039"/>
  <testcase name="testPreventMultipleSubmissions()" classname="de.tum.cit.aet.artemis.exam.service.ExamSubmissionServiceTest" time="0.038"/>
  <testcase name="testCheckSubmissionAllowance_allowedToSubmitToExercise()" classname="de.tum.cit.aet.artemis.exam.service.ExamSubmissionServiceTest" time="0.043"/>
  <testcase name="testCheckSubmissionAllowance_passIfNonExamSubmission()" classname="de.tum.cit.aet.artemis.exam.service.ExamSubmissionServiceTest" time="0.032"/>
  <system-out><![CDATA[
Starting logs for ExamSubmissionServiceTest

  Starting logs for ExamSubmissionServiceTest > testCheckSubmissionAllowance_isSubmissionInTime()
    23:45:52.961 | 375 ool-1-worker-139 | DEBUG | d.t.c.a.a.c.u.util.UserUtilService   : Generate 1 students...
    23:45:52.963 | 375 ool-1-worker-139 | DEBUG | d.t.c.a.a.c.u.util.UserUtilService   : 1 students generated. Generate 0 tutors...
    23:45:52.964 | 375 ool-1-worker-139 | DEBUG | d.t.c.a.a.c.u.util.UserUtilService   : 0 tutors generated. Generate 0 editors...
    23:45:52.965 | 375 ool-1-worker-139 | DEBUG | d.t.c.a.a.c.u.util.UserUtilService   : 0 editors generated. Generate 1 instructors...
    23:45:52.967 | 375 ool-1-worker-139 | DEBUG | d.t.c.a.a.c.u.util.UserUtilService   : 1 instructors generated
    23:45:52.969 | 375 ool-1-worker-139 | DEBUG | d.t.c.a.a.c.u.util.UserUtilService   : Removing 2 users from all courses...
    23:45:52.970 | 375 ool-1-worker-139 | DEBUG | d.t.c.a.a.c.u.util.UserUtilService   : Removing 2 users from all courses. Done
    23:45:52.970 | 375 ool-1-worker-139 | DEBUG | d.t.c.a.a.c.u.util.UserUtilService   : Save 2 users to database...
    23:45:52.971 | 375 ool-1-worker-139 | DEBUG | d.t.c.a.a.c.u.util.UserUtilService   : Save 2 users to database. Done
    23:45:52.980 | 375 ool-1-worker-139 | INFO  | i.z.t.d.l.EmbeddedDatabaseReporter   : JDBC URL to connect to 'dataSource': url='jdbc:h2:tcp://localhost:41063/mem:df70fc46-7e57-4cb5-9cd0-c1d90c14afa7;USER=sa', scope='ExamSubmissionServiceTest#testCheckSubmissionAllowance_isSubmissionInTime'

  Starting logs for ExamSubmissionServiceTest > testCheckSubmissionAllowance_testRun()
    23:45:53.007 | 375 ool-1-worker-139 | DEBUG | d.t.c.a.a.c.u.util.UserUtilService   : Generate 1 students...
    23:45:53.012 | 375 ool-1-worker-139 | DEBUG | d.t.c.a.a.c.u.util.UserUtilService   : 1 students generated. Generate 0 tutors...
    23:45:53.013 | 375 ool-1-worker-139 | DEBUG | d.t.c.a.a.c.u.util.UserUtilService   : 0 tutors generated. Generate 0 editors...
    23:45:53.015 | 375 ool-1-worker-139 | DEBUG | d.t.c.a.a.c.u.util.UserUtilService   : 0 editors generated. Generate 1 instructors...
    23:45:53.018 | 375 ool-1-worker-139 | DEBUG | d.t.c.a.a.c.u.util.UserUtilService   : 1 instructors generated
    23:45:53.019 | 375 ool-1-worker-139 | DEBUG | d.t.c.a.a.c.u.util.UserUtilService   : Removing 2 users from all courses...
    23:45:53.020 | 375 ool-1-worker-139 | DEBUG | d.t.c.a.a.c.u.util.UserUtilService   : Removing 2 users from all courses. Done
    23:45:53.020 | 375 ool-1-worker-139 | DEBUG | d.t.c.a.a.c.u.util.UserUtilService   : Save 2 users to database...
    23:45:53.025 | 375 ool-1-worker-139 | DEBUG | d.t.c.a.a.c.u.util.UserUtilService   : Save 2 users to database. Done
    23:45:53.031 | 375 ool-1-worker-139 | INFO  | i.z.t.d.l.EmbeddedDatabaseReporter   : JDBC URL to connect to 'dataSource': url='jdbc:h2:tcp://localhost:41063/mem:df70fc46-7e57-4cb5-9cd0-c1d90c14afa7;USER=sa', scope='ExamSubmissionServiceTest#testCheckSubmissionAllowance_testRun'

  Starting logs for ExamSubmissionServiceTest > testCheckSubmissionAllowance_submittedStudentExam()
    23:45:53.051 | 375 ool-1-worker-139 | DEBUG | d.t.c.a.a.c.u.util.UserUtilService   : Generate 1 students...
    23:45:53.054 | 375 ool-1-worker-139 | DEBUG | d.t.c.a.a.c.u.util.UserUtilService   : 1 students generated. Generate 0 tutors...
    23:45:53.056 | 375 ool-1-worker-139 | DEBUG | d.t.c.a.a.c.u.util.UserUtilService   : 0 tutors generated. Generate 0 editors...
    23:45:53.057 | 375 ool-1-worker-139 | DEBUG | d.t.c.a.a.c.u.util.UserUtilService   : 0 editors generated. Generate 1 instructors...
    23:45:53.060 | 375 ool-1-worker-139 | DEBUG | d.t.c.a.a.c.u.util.UserUtilService   : 1 instructors generated
    23:45:53.062 | 375 ool-1-worker-139 | DEBUG | d.t.c.a.a.c.u.util.UserUtilService   : Removing 2 users from all courses...
    23:45:53.062 | 375 ool-1-worker-139 | DEBUG | d.t.c.a.a.c.u.util.UserUtilService   : Removing 2 users from all courses. Done
    23:45:53.062 | 375 ool-1-worker-139 | DEBUG | d.t.c.a.a.c.u.util.UserUtilService   : Save 2 users to database...
    23:45:53.066 | 375 ool-1-worker-139 | DEBUG | d.t.c.a.a.c.u.util.UserUtilService   : Save 2 users to database. Done
    23:45:53.074 | 375 ool-1-worker-139 | INFO  | i.z.t.d.l.EmbeddedDatabaseReporter   : JDBC URL to connect to 'dataSource': url='jdbc:h2:tcp://localhost:41063/mem:df70fc46-7e57-4cb5-9cd0-c1d90c14afa7;USER=sa', scope='ExamSubmissionServiceTest#testCheckSubmissionAllowance_submittedStudentExam'

  Starting logs for ExamSubmissionServiceTest > testPreventMultipleSubmissions()
    23:45:53.092 | 375 ool-1-worker-139 | DEBUG | d.t.c.a.a.c.u.util.UserUtilService   : Generate 1 students...
    23:45:53.095 | 375 ool-1-worker-139 | DEBUG | d.t.c.a.a.c.u.util.UserUtilService   : 1 students generated. Generate 0 tutors...
    23:45:53.096 | 375 ool-1-worker-139 | DEBUG | d.t.c.a.a.c.u.util.UserUtilService   : 0 tutors generated. Generate 0 editors...
    23:45:53.098 | 375 ool-1-worker-139 | DEBUG | d.t.c.a.a.c.u.util.UserUtilService   : 0 editors generated. Generate 1 instructors...
    23:45:53.100 | 375 ool-1-worker-139 | DEBUG | d.t.c.a.a.c.u.util.UserUtilService   : 1 instructors generated
    23:45:53.102 | 375 ool-1-worker-139 | DEBUG | d.t.c.a.a.c.u.util.UserUtilService   : Removing 2 users from all courses...
    23:45:53.103 | 375 ool-1-worker-139 | DEBUG | d.t.c.a.a.c.u.util.UserUtilService   : Removing 2 users from all courses. Done
    23:45:53.103 | 375 ool-1-worker-139 | DEBUG | d.t.c.a.a.c.u.util.UserUtilService   : Save 2 users to database...
    23:45:53.105 | 375 ool-1-worker-139 | DEBUG | d.t.c.a.a.c.u.util.UserUtilService   : Save 2 users to database. Done
    23:45:53.113 | 375 ool-1-worker-139 | INFO  | i.z.t.d.l.EmbeddedDatabaseReporter   : JDBC URL to connect to 'dataSource': url='jdbc:h2:tcp://localhost:41063/mem:df70fc46-7e57-4cb5-9cd0-c1d90c14afa7;USER=sa', scope='ExamSubmissionServiceTest#testPreventMultipleSubmissions'

  Starting logs for ExamSubmissionServiceTest > testCheckSubmissionAllowance_allowedToSubmitToExercise()
    23:45:53.130 | 375 ool-1-worker-139 | DEBUG | d.t.c.a.a.c.u.util.UserUtilService   : Generate 1 students...
    23:45:53.133 | 375 ool-1-worker-139 | DEBUG | d.t.c.a.a.c.u.util.UserUtilService   : 1 students generated. Generate 0 tutors...
    23:45:53.134 | 375 ool-1-worker-139 | DEBUG | d.t.c.a.a.c.u.util.UserUtilService   : 0 tutors generated. Generate 0 editors...
    23:45:53.136 | 375 ool-1-worker-139 | DEBUG | d.t.c.a.a.c.u.util.UserUtilService   : 0 editors generated. Generate 1 instructors...
    23:45:53.138 | 375 ool-1-worker-139 | DEBUG | d.t.c.a.a.c.u.util.UserUtilService   : 1 instructors generated
    23:45:53.140 | 375 ool-1-worker-139 | DEBUG | d.t.c.a.a.c.u.util.UserUtilService   : Removing 2 users from all courses...
    23:45:53.141 | 375 ool-1-worker-139 | DEBUG | d.t.c.a.a.c.u.util.UserUtilService   : Removing 2 users from all courses. Done
    23:45:53.141 | 375 ool-1-worker-139 | DEBUG | d.t.c.a.a.c.u.util.UserUtilService   : Save 2 users to database...
    23:45:53.143 | 375 ool-1-worker-139 | DEBUG | d.t.c.a.a.c.u.util.UserUtilService   : Save 2 users to database. Done
    23:45:53.152 | 375 ool-1-worker-139 | INFO  | i.z.t.d.l.EmbeddedDatabaseReporter   : JDBC URL to connect to 'dataSource': url='jdbc:h2:tcp://localhost:41063/mem:df70fc46-7e57-4cb5-9cd0-c1d90c14afa7;USER=sa', scope='ExamSubmissionServiceTest#testCheckSubmissionAllowance_allowedToSubmitToExercise'

  Starting logs for ExamSubmissionServiceTest > testCheckSubmissionAllowance_passIfNonExamSubmission()
    23:45:53.174 | 375 ool-1-worker-139 | DEBUG | d.t.c.a.a.c.u.util.UserUtilService   : Generate 1 students...
    23:45:53.177 | 375 ool-1-worker-139 | DEBUG | d.t.c.a.a.c.u.util.UserUtilService   : 1 students generated. Generate 0 tutors...
    23:45:53.179 | 375 ool-1-worker-139 | DEBUG | d.t.c.a.a.c.u.util.UserUtilService   : 0 tutors generated. Generate 0 editors...
    23:45:53.180 | 375 ool-1-worker-139 | DEBUG | d.t.c.a.a.c.u.util.UserUtilService   : 0 editors generated. Generate 1 instructors...
    23:45:53.183 | 375 ool-1-worker-139 | DEBUG | d.t.c.a.a.c.u.util.UserUtilService   : 1 instructors generated
    23:45:53.184 | 375 ool-1-worker-139 | DEBUG | d.t.c.a.a.c.u.util.UserUtilService   : Removing 2 users from all courses...
    23:45:53.185 | 375 ool-1-worker-139 | DEBUG | d.t.c.a.a.c.u.util.UserUtilService   : Removing 2 users from all courses. Done
    23:45:53.185 | 375 ool-1-worker-139 | DEBUG | d.t.c.a.a.c.u.util.UserUtilService   : Save 2 users to database...
    23:45:53.188 | 375 ool-1-worker-139 | DEBUG | d.t.c.a.a.c.u.util.UserUtilService   : Save 2 users to database. Done
    23:45:53.196 | 375 ool-1-worker-139 | INFO  | i.z.t.d.l.EmbeddedDatabaseReporter   : JDBC URL to connect to 'dataSource': url='jdbc:h2:tcp://localhost:41063/mem:df70fc46-7e57-4cb5-9cd0-c1d90c14afa7;USER=sa', scope='ExamSubmissionServiceTest#testCheckSubmissionAllowance_passIfNonExamSubmission'

Finished logs for ExamSubmissionServiceTest
]]></system-out>
  <system-err><![CDATA[]]></system-err>
</testsuite>
