<?xml version="1.0" encoding="UTF-8"?>
<testsuite name="de.tum.cit.aet.artemis.programming.architecture.ProgrammingCodeStyleArchitectureTest" tests="1" skipped="0" failures="0" errors="0" timestamp="2025-02-14T23:40:07" hostname="fv-az1721-502" time="0.007">
  <properties/>
  <testcase name="testDTOImplementations()" classname="de.tum.cit.aet.artemis.programming.architecture.ProgrammingCodeStyleArchitectureTest" time="0.007"/>
  <system-out><![CDATA[
Starting logs for ProgrammingCodeStyleArchitectureTest

  Starting logs for ProgrammingCodeStyleArchitectureTest > testDTOImplementations()
    23:40:07.110 |  27 nPool-1-worker-1 | INFO  | .a.s.a.m.AbstractModuleCodeStyleTest : Current number of DTO classes: 1
    23:40:07.110 |  27 nPool-1-worker-1 | INFO  | .a.s.a.m.AbstractModuleCodeStyleTest : Current DTO classes: [Class <de.tum.cit.aet.artemis.programming.dto.SubmissionProcessingDTO> is not annotated with @JsonInclude in (SubmissionProcessingDTO.java:0)]
    23:40:07.112 |  27 nPool-1-worker-1 | INFO  | .a.s.a.m.AbstractModuleCodeStyleTest : Current number of DTOs that do not end with "DTO": 17
    23:40:07.112 |  27 nPool-1-worker-1 | INFO  | .a.s.a.m.AbstractModuleCodeStyleTest : Current DTOs that do not end with "DTO": [Class <de.tum.cit.aet.artemis.programming.dto.BuildJobInterface> does not have simple name ending with 'DTO' in (BuildJobInterface.java:0), Class <de.tum.cit.aet.artemis.programming.dto.BuildResultNotification> does not have simple name ending with 'DTO' in (BuildResultNotification.java:0), Class <de.tum.cit.aet.artemis.programming.dto.ConsistencyErrorDTO$ErrorType> does not have simple name ending with 'DTO' in (ConsistencyErrorDTO.java:0), Class <de.tum.cit.aet.artemis.programming.dto.FileMove> does not have simple name ending with 'DTO' in (FileMove.java:0), Class <de.tum.cit.aet.artemis.programming.dto.ProgrammingExerciseGradingStatisticsDTO$TestCaseStats> does not have simple name ending with 'DTO' in (ProgrammingExerciseGradingStatisticsDTO.java:0), Class <de.tum.cit.aet.artemis.programming.dto.RepositoryStatusDTOType> does not have simple name ending with 'DTO' in (RepositoryStatusDTOType.java:0), Class <de.tum.cit.aet.artemis.programming.dto.StaticCodeAnalysisIssue> does not have simple name ending with 'DTO' in (StaticCodeAnalysisIssue.java:0), Class <de.tum.cit.aet.artemis.programming.dto.TestCaseBase> does not have simple name ending with 'DTO' in (TestCaseBase.java:0), Class <de.tum.cit.aet.artemis.programming.dto.aeolus.Action> does not have simple name ending with 'DTO' in (Action.java:0), Class <de.tum.cit.aet.artemis.programming.dto.aeolus.AeolusRepository> does not have simple name ending with 'DTO' in (AeolusRepository.java:0), Class <de.tum.cit.aet.artemis.programming.dto.aeolus.AeolusResult> does not have simple name ending with 'DTO' in (AeolusResult.java:0), Class <de.tum.cit.aet.artemis.programming.dto.aeolus.DockerConfig> does not have simple name ending with 'DTO' in (DockerConfig.java:0), Class <de.tum.cit.aet.artemis.programming.dto.aeolus.PlatformAction> does not have simple name ending with 'DTO' in (PlatformAction.java:0), Class <de.tum.cit.aet.artemis.programming.dto.aeolus.ScriptAction> does not have simple name ending with 'DTO' in (ScriptAction.java:0), Class <de.tum.cit.aet.artemis.programming.dto.aeolus.Windfile> does not have simple name ending with 'DTO' in (Windfile.java:0), Class <de.tum.cit.aet.artemis.programming.dto.aeolus.WindfileMetadata> does not have simple name ending with 'DTO' in (WindfileMetadata.java:0), Class <de.tum.cit.aet.artemis.programming.service.gitlab.dto.GitLabCommitDTO$Author> does not have simple name ending with 'DTO' in (GitLabCommitDTO.java:0)]

Finished logs for ProgrammingCodeStyleArchitectureTest
]]></system-out>
  <system-err><![CDATA[]]></system-err>
</testsuite>
