<?xml version="1.0" encoding="UTF-8"?>
<testsuite name="de.tum.cit.aet.artemis.core.authentication.InternalAuthenticationIntegrationTest" tests="10" skipped="0" failures="0" errors="0" timestamp="2025-02-14T23:42:16" hostname="fv-az1721-502" time="1.347">
  <properties/>
  <testcase name="testScorpioTokenGeneration()" classname="de.tum.cit.aet.artemis.core.authentication.InternalAuthenticationIntegrationTest" time="0.15"/>
  <testcase name="testJWTAuthentication()" classname="de.tum.cit.aet.artemis.core.authentication.InternalAuthenticationIntegrationTest" time="0.131"/>
  <testcase name="testJWTAuthenticationLogoutAnonymous()" classname="de.tum.cit.aet.artemis.core.authentication.InternalAuthenticationIntegrationTest" time="0.097"/>
  <testcase name="registerForCourse_internalAuth_success()" classname="de.tum.cit.aet.artemis.core.authentication.InternalAuthenticationIntegrationTest" time="0.121"/>
  <testcase name="createTutorWithInternalUserManagementAndAutomatedTutorialGroupsAssignment()" classname="de.tum.cit.aet.artemis.core.authentication.InternalAuthenticationIntegrationTest" time="0.209"/>
  <testcase name="createEditorWithInternalUserManagementAndAutomatedTutorialGroupsAssignment()" classname="de.tum.cit.aet.artemis.core.authentication.InternalAuthenticationIntegrationTest" time="0.141"/>
  <testcase name="createInstructorWithInternalUserManagementAndAutomatedTutorialGroupsAssignment()" classname="de.tum.cit.aet.artemis.core.authentication.InternalAuthenticationIntegrationTest" time="0.182"/>
  <testcase name="createUserWithInternalUserManagementAndAutomatedTutorialGroupsAssignment()" classname="de.tum.cit.aet.artemis.core.authentication.InternalAuthenticationIntegrationTest" time="0.12"/>
  <testcase name="updateUserWithRemovedGroups_internalAuth_successful()" classname="de.tum.cit.aet.artemis.core.authentication.InternalAuthenticationIntegrationTest" time="0.105"/>
  <testcase name="testJWTAuthenticationLogout()" classname="de.tum.cit.aet.artemis.core.authentication.InternalAuthenticationIntegrationTest" time="0.059"/>
  <system-out><![CDATA[
Starting logs for InternalAuthenticationIntegrationTest

  Starting logs for InternalAuthenticationIntegrationTest > testScorpioTokenGeneration()
    23:42:16.998 | 195 Pool-1-worker-88 | DEBUG | d.t.c.a.a.c.u.util.UserUtilService   : Generate 1 students...
    23:42:17.000 | 195 Pool-1-worker-88 | DEBUG | d.t.c.a.a.c.u.util.UserUtilService   : 1 students generated. Generate 0 tutors...
    23:42:17.002 | 195 Pool-1-worker-88 | DEBUG | d.t.c.a.a.c.u.util.UserUtilService   : 0 tutors generated. Generate 0 editors...
    23:42:17.006 | 195 Pool-1-worker-88 | DEBUG | d.t.c.a.a.c.u.util.UserUtilService   : 0 editors generated. Generate 0 instructors...
    23:42:17.007 | 195 Pool-1-worker-88 | DEBUG | d.t.c.a.a.c.u.util.UserUtilService   : 0 instructors generated
    23:42:17.013 | 195 Pool-1-worker-88 | DEBUG | d.t.c.a.a.c.u.util.UserUtilService   : Removing 5 users from all courses...
    23:42:17.018 | 195 Pool-1-worker-88 | DEBUG | d.t.c.a.a.c.u.util.UserUtilService   : Removing 5 users from all courses. Done
    23:42:17.018 | 195 Pool-1-worker-88 | DEBUG | d.t.c.a.a.c.u.util.UserUtilService   : Save 1 users to database...
    23:42:17.022 | 195 Pool-1-worker-88 | DEBUG | d.t.c.a.a.c.u.util.UserUtilService   : Save 1 users to database. Done
    23:42:17.071 | 195 Pool-1-worker-88 | INFO  | i.z.t.d.l.EmbeddedDatabaseReporter   : JDBC URL to connect to 'dataSource': url='jdbc:h2:tcp://localhost:41063/mem:736625c0-cf5e-400d-aeaa-8a7eabd6262b;USER=sa', scope='InternalAuthenticationIntegrationTest#testScorpioTokenGeneration'
    23:42:17.086 | 195 Pool-1-worker-88 | DEBUG | d.t.c.a.a.c.s.f.ApiVersionFilter     : Adding Version to Request POST /api/tool-token

  Starting logs for InternalAuthenticationIntegrationTest > testJWTAuthentication()
    23:42:17.132 | 195 Pool-1-worker-88 | DEBUG | d.t.c.a.a.c.u.util.UserUtilService   : Generate 1 students...
    23:42:17.136 | 195 Pool-1-worker-88 | DEBUG | d.t.c.a.a.c.u.util.UserUtilService   : 1 students generated. Generate 0 tutors...
    23:42:17.137 | 195 Pool-1-worker-88 | DEBUG | d.t.c.a.a.c.u.util.UserUtilService   : 0 tutors generated. Generate 0 editors...
    23:42:17.142 | 195 Pool-1-worker-88 | DEBUG | d.t.c.a.a.c.u.util.UserUtilService   : 0 editors generated. Generate 0 instructors...
    23:42:17.143 | 195 Pool-1-worker-88 | DEBUG | d.t.c.a.a.c.u.util.UserUtilService   : 0 instructors generated
    23:42:17.148 | 195 Pool-1-worker-88 | DEBUG | d.t.c.a.a.c.u.util.UserUtilService   : Removing 1 users from all courses...
    23:42:17.149 | 195 Pool-1-worker-88 | DEBUG | d.t.c.a.a.c.u.util.UserUtilService   : Removing 1 users from all courses. Done
    23:42:17.149 | 195 Pool-1-worker-88 | DEBUG | d.t.c.a.a.c.u.util.UserUtilService   : Save 1 users to database...
    23:42:17.158 | 195 Pool-1-worker-88 | DEBUG | d.t.c.a.a.c.u.util.UserUtilService   : Save 1 users to database. Done
    23:42:17.205 | 195 Pool-1-worker-88 | INFO  | i.z.t.d.l.EmbeddedDatabaseReporter   : JDBC URL to connect to 'dataSource': url='jdbc:h2:tcp://localhost:41063/mem:736625c0-cf5e-400d-aeaa-8a7eabd6262b;USER=sa', scope='InternalAuthenticationIntegrationTest#testJWTAuthentication'
    23:42:17.213 | 195 Pool-1-worker-88 | DEBUG | d.t.c.a.a.c.s.f.ApiVersionFilter     : Adding Version to Request POST /api/public/authenticate

  Starting logs for InternalAuthenticationIntegrationTest > testJWTAuthenticationLogoutAnonymous()
    23:42:17.269 | 195 Pool-1-worker-88 | DEBUG | d.t.c.a.a.c.u.util.UserUtilService   : Generate 1 students...
    23:42:17.275 | 195 Pool-1-worker-88 | DEBUG | d.t.c.a.a.c.u.util.UserUtilService   : 1 students generated. Generate 0 tutors...
    23:42:17.277 | 195 Pool-1-worker-88 | DEBUG | d.t.c.a.a.c.u.util.UserUtilService   : 0 tutors generated. Generate 0 editors...
    23:42:17.278 | 195 Pool-1-worker-88 | DEBUG | d.t.c.a.a.c.u.util.UserUtilService   : 0 editors generated. Generate 0 instructors...
    23:42:17.280 | 195 Pool-1-worker-88 | DEBUG | d.t.c.a.a.c.u.util.UserUtilService   : 0 instructors generated
    23:42:17.282 | 195 Pool-1-worker-88 | DEBUG | d.t.c.a.a.c.u.util.UserUtilService   : Removing 1 users from all courses...
    23:42:17.282 | 195 Pool-1-worker-88 | DEBUG | d.t.c.a.a.c.u.util.UserUtilService   : Removing 1 users from all courses. Done
    23:42:17.282 | 195 Pool-1-worker-88 | DEBUG | d.t.c.a.a.c.u.util.UserUtilService   : Save 1 users to database...
    23:42:17.285 | 195 Pool-1-worker-88 | DEBUG | d.t.c.a.a.c.u.util.UserUtilService   : Save 1 users to database. Done
    23:42:17.298 |  90 ns.HealthMonitor | INFO  | c.h.i.diagnostics.HealthMonitor      : [127.0.0.1]:5701 [dev] [5.5.0] processors=4, physical.memory.total=15.6G, physical.memory.free=3.3G, swap.space.total=0, swap.space.free=0, heap.memory.used=2.4G, heap.memory.free=462.2M, heap.memory.total=2.8G, heap.memory.max=6.0G, heap.memory.used/total=83.95%, heap.memory.used/max=39.35%, minor.gc.count=103, minor.gc.time=5712ms, major.gc.count=0, major.gc.time=0ms, unknown.gc.count=45, unknown.gc.time=666ms, load.process=0.00%, load.system=99.32%, load.systemAverage=4.81, thread.count=470, thread.peakCount=474, cluster.timeDiff=0, event.q.size=0, executor.q.async.size=0, executor.q.client.size=0, executor.q.client.query.size=0, executor.q.client.blocking.size=0, executor.q.query.size=0, executor.q.scheduled.size=0, executor.q.io.size=0, executor.q.system.size=0, executor.q.operations.size=0, executor.q.priorityOperation.size=0, operations.completed.count=212, executor.q.mapLoad.size=0, executor.q.mapLoadAllKeys.size=0, executor.q.cluster.size=0, executor.q.response.size=0, operations.running.count=0, operations.pending.invocations.percentage=0.00%, operations.pending.invocations.count=0, proxy.count=200, clientEndpoint.count=0, connection.active.count=0, client.connection.count=0, connection.count=0
    23:42:17.325 | 195 Pool-1-worker-88 | INFO  | i.z.t.d.l.EmbeddedDatabaseReporter   : JDBC URL to connect to 'dataSource': url='jdbc:h2:tcp://localhost:41063/mem:736625c0-cf5e-400d-aeaa-8a7eabd6262b;USER=sa', scope='InternalAuthenticationIntegrationTest#testJWTAuthenticationLogoutAnonymous'
    23:42:17.327 | 195 Pool-1-worker-88 | DEBUG | d.t.c.a.a.c.s.f.ApiVersionFilter     : Adding Version to Request POST /api/public/logout

  Starting logs for InternalAuthenticationIntegrationTest > registerForCourse_internalAuth_success()
    23:42:17.364 | 195 Pool-1-worker-88 | DEBUG | d.t.c.a.a.c.u.util.UserUtilService   : Generate 1 students...
    23:42:17.367 | 195 Pool-1-worker-88 | DEBUG | d.t.c.a.a.c.u.util.UserUtilService   : 1 students generated. Generate 0 tutors...
    23:42:17.369 | 195 Pool-1-worker-88 | DEBUG | d.t.c.a.a.c.u.util.UserUtilService   : 0 tutors generated. Generate 0 editors...
    23:42:17.370 | 195 Pool-1-worker-88 | DEBUG | d.t.c.a.a.c.u.util.UserUtilService   : 0 editors generated. Generate 0 instructors...
    23:42:17.371 | 195 Pool-1-worker-88 | DEBUG | d.t.c.a.a.c.u.util.UserUtilService   : 0 instructors generated
    23:42:17.373 | 195 Pool-1-worker-88 | DEBUG | d.t.c.a.a.c.u.util.UserUtilService   : Removing 1 users from all courses...
    23:42:17.374 | 195 Pool-1-worker-88 | DEBUG | d.t.c.a.a.c.u.util.UserUtilService   : Removing 1 users from all courses. Done
    23:42:17.374 | 195 Pool-1-worker-88 | DEBUG | d.t.c.a.a.c.u.util.UserUtilService   : Save 1 users to database...
    23:42:17.377 | 195 Pool-1-worker-88 | DEBUG | d.t.c.a.a.c.u.util.UserUtilService   : Save 1 users to database. Done
    23:42:17.400 | 195 Pool-1-worker-88 | INFO  | i.z.t.d.l.EmbeddedDatabaseReporter   : JDBC URL to connect to 'dataSource': url='jdbc:h2:tcp://localhost:41063/mem:736625c0-cf5e-400d-aeaa-8a7eabd6262b;USER=sa', scope='InternalAuthenticationIntegrationTest#registerForCourse_internalAuth_success'
    23:42:17.420 | 195 Pool-1-worker-88 | DEBUG | d.t.c.a.a.c.s.f.ApiVersionFilter     : Adding Version to Request POST /api/courses/121/enroll
    23:42:17.432 | 195 Pool-1-worker-88 | DEBUG | d.t.c.a.a.core.web.CourseResource    : REST request to enroll ab12cdeFirst ab12cdeLast in Course Course title 58b4d485-b5bc-4e91-9b9d-defe04d0be97
    23:42:17.434 | 195 Pool-1-worker-88 | DEBUG | d.t.c.a.a.c.service.user.UserService : Add user ab12cde to group testcourse1
    23:42:17.443 | 195 Pool-1-worker-88 | DEBUG | d.t.c.a.a.c.service.user.UserService : Save user User{login='ab12cde', firstName='ab12cdeFirst', lastName='ab12cdeLast', email='ab12cde@test.de', imageUrl='null', activated='true', langKey='en', activationKey='null'}
    23:42:17.448 | 195 Pool-1-worker-88 | WARN  | .a.p.s.g.GitLabUserManagementService : User ab12cde does not exist in Gitlab and cannot be updated!
    23:42:17.453 | 195 Pool-1-worker-88 | INFO  | a.p.s.j.JenkinsUserManagementService : Update Jenkins permissions (add users to groups) for programming exercises: []
    23:42:17.454 | 195 Pool-1-worker-88 | INFO  | d.t.c.a.a.core.service.CourseService : User ab12cde has successfully enrolled in course Course title 58b4d485-b5bc-4e91-9b9d-defe04d0be97

  Starting logs for InternalAuthenticationIntegrationTest > createTutorWithInternalUserManagementAndAutomatedTutorialGroupsAssignment()
    23:42:17.496 | 195 Pool-1-worker-88 | DEBUG | d.t.c.a.a.c.u.util.UserUtilService   : Generate 1 students...
    23:42:17.506 | 195 Pool-1-worker-88 | DEBUG | d.t.c.a.a.c.u.util.UserUtilService   : 1 students generated. Generate 0 tutors...
    23:42:17.507 | 195 Pool-1-worker-88 | DEBUG | d.t.c.a.a.c.u.util.UserUtilService   : 0 tutors generated. Generate 0 editors...
    23:42:17.509 | 195 Pool-1-worker-88 | DEBUG | d.t.c.a.a.c.u.util.UserUtilService   : 0 editors generated. Generate 0 instructors...
    23:42:17.513 | 195 Pool-1-worker-88 | DEBUG | d.t.c.a.a.c.u.util.UserUtilService   : 0 instructors generated
    23:42:17.521 | 195 Pool-1-worker-88 | DEBUG | d.t.c.a.a.c.u.util.UserUtilService   : Removing 2 users from all courses...
    23:42:17.522 | 195 Pool-1-worker-88 | DEBUG | d.t.c.a.a.c.u.util.UserUtilService   : Removing 2 users from all courses. Done
    23:42:17.522 | 195 Pool-1-worker-88 | DEBUG | d.t.c.a.a.c.u.util.UserUtilService   : Save 1 users to database...
    23:42:17.524 | 195 Pool-1-worker-88 | DEBUG | d.t.c.a.a.c.u.util.UserUtilService   : Save 1 users to database. Done
    23:42:17.550 | 195 Pool-1-worker-88 | INFO  | i.z.t.d.l.EmbeddedDatabaseReporter   : JDBC URL to connect to 'dataSource': url='jdbc:h2:tcp://localhost:41063/mem:736625c0-cf5e-400d-aeaa-8a7eabd6262b;USER=sa', scope='InternalAuthenticationIntegrationTest#createTutorWithInternalUserManagementAndAutomatedTutorialGroupsAssignment'
    23:42:17.570 | 195 Pool-1-worker-88 | DEBUG | d.t.c.a.a.c.s.f.ApiVersionFilter     : Adding Version to Request POST /api/admin/users
    23:42:17.606 | 195 Pool-1-worker-88 | DEBUG | d.t.c.a.a.c.w.a.AdminUserResource    : REST request to save User : ManagedUserVM{} UserDTO{login='user1', firstName='internalauthstudent1First', lastName='internalauthstudent1Last', email='user1@secret.invalid', imageUrl='null', activated=true, langKey='en', createdBy=internalauthstudent1, createdDate=2025-02-14T23:42:17.018924Z, lastModifiedBy='admin', lastModifiedDate=2025-02-14T23:42:17.523839Z, lastNotificationRead=null, authorities=[ROLE_USER, ROLE_TA]}
    23:42:17.622 | 195 Pool-1-worker-88 | DEBUG | d.t.c.a.a.c.s.u.UserCreationService  : Save user User{login='user1', firstName='internalauthstudent1First', lastName='internalauthstudent1Last', email='user1@secret.invalid', imageUrl='null', activated='true', langKey='en', activationKey='null'}
    23:42:17.628 | 195 Pool-1-worker-88 | INFO  | .a.p.s.g.GitLabUserManagementService : Update Gitlab permissions for programming exercises: []
    23:42:17.641 | 195 Pool-1-worker-88 | INFO  | a.p.s.j.JenkinsUserManagementService : Update Jenkins permissions (add users to groups) for programming exercises: []
    23:42:17.647 | 195 Pool-1-worker-88 | DEBUG | d.t.c.a.a.c.s.u.UserCreationService  : Created Information for User: User{login='user1', firstName='internalauthstudent1First', lastName='internalauthstudent1Last', email='user1@secret.invalid', imageUrl='null', activated='true', langKey='en', activationKey='null'}

  Starting logs for InternalAuthenticationIntegrationTest > createEditorWithInternalUserManagementAndAutomatedTutorialGroupsAssignment()
    23:42:17.716 | 195 Pool-1-worker-88 | DEBUG | d.t.c.a.a.c.u.util.UserUtilService   : Generate 1 students...
    23:42:17.722 | 195 Pool-1-worker-88 | DEBUG | d.t.c.a.a.c.u.util.UserUtilService   : 1 students generated. Generate 0 tutors...
    23:42:17.723 | 195 Pool-1-worker-88 | DEBUG | d.t.c.a.a.c.u.util.UserUtilService   : 0 tutors generated. Generate 0 editors...
    23:42:17.724 | 195 Pool-1-worker-88 | DEBUG | d.t.c.a.a.c.u.util.UserUtilService   : 0 editors generated. Generate 0 instructors...
    23:42:17.726 | 195 Pool-1-worker-88 | DEBUG | d.t.c.a.a.c.u.util.UserUtilService   : 0 instructors generated
    23:42:17.728 | 195 Pool-1-worker-88 | DEBUG | d.t.c.a.a.c.u.util.UserUtilService   : Removing 2 users from all courses...
    23:42:17.729 | 195 Pool-1-worker-88 | DEBUG | d.t.c.a.a.c.u.util.UserUtilService   : Removing 2 users from all courses. Done
    23:42:17.729 | 195 Pool-1-worker-88 | DEBUG | d.t.c.a.a.c.u.util.UserUtilService   : Save 1 users to database...
    23:42:17.732 | 195 Pool-1-worker-88 | DEBUG | d.t.c.a.a.c.u.util.UserUtilService   : Save 1 users to database. Done
    23:42:17.768 | 195 Pool-1-worker-88 | INFO  | i.z.t.d.l.EmbeddedDatabaseReporter   : JDBC URL to connect to 'dataSource': url='jdbc:h2:tcp://localhost:41063/mem:736625c0-cf5e-400d-aeaa-8a7eabd6262b;USER=sa', scope='InternalAuthenticationIntegrationTest#createEditorWithInternalUserManagementAndAutomatedTutorialGroupsAssignment'
    23:42:17.786 | 195 Pool-1-worker-88 | DEBUG | d.t.c.a.a.c.s.f.ApiVersionFilter     : Adding Version to Request POST /api/admin/users
    23:42:17.787 | 195 Pool-1-worker-88 | DEBUG | d.t.c.a.a.c.w.a.AdminUserResource    : REST request to save User : ManagedUserVM{} UserDTO{login='user1', firstName='internalauthstudent1First', lastName='internalauthstudent1Last', email='user1@secret.invalid', imageUrl='null', activated=true, langKey='en', createdBy=internalauthstudent1, createdDate=2025-02-14T23:42:17.018924Z, lastModifiedBy='admin', lastModifiedDate=2025-02-14T23:42:17.731472Z, lastNotificationRead=null, authorities=[ROLE_USER, ROLE_EDITOR, ROLE_TA]}
    23:42:17.797 | 195 Pool-1-worker-88 | DEBUG | d.t.c.a.a.c.s.u.UserCreationService  : Save user User{login='user1', firstName='internalauthstudent1First', lastName='internalauthstudent1Last', email='user1@secret.invalid', imageUrl='null', activated='true', langKey='en', activationKey='null'}
    23:42:17.802 | 195 Pool-1-worker-88 | INFO  | .a.p.s.g.GitLabUserManagementService : Update Gitlab permissions for programming exercises: []
    23:42:17.810 | 195 Pool-1-worker-88 | INFO  | a.p.s.j.JenkinsUserManagementService : Update Jenkins permissions (add users to groups) for programming exercises: []
    23:42:17.816 | 195 Pool-1-worker-88 | DEBUG | d.t.c.a.a.c.s.u.UserCreationService  : Created Information for User: User{login='user1', firstName='internalauthstudent1First', lastName='internalauthstudent1Last', email='user1@secret.invalid', imageUrl='null', activated='true', langKey='en', activationKey='null'}

  Starting logs for InternalAuthenticationIntegrationTest > createInstructorWithInternalUserManagementAndAutomatedTutorialGroupsAssignment()
    23:42:17.856 | 195 Pool-1-worker-88 | DEBUG | d.t.c.a.a.c.u.util.UserUtilService   : Generate 1 students...
    23:42:17.864 | 195 Pool-1-worker-88 | DEBUG | d.t.c.a.a.c.u.util.UserUtilService   : 1 students generated. Generate 0 tutors...
    23:42:17.868 | 195 Pool-1-worker-88 | DEBUG | d.t.c.a.a.c.u.util.UserUtilService   : 0 tutors generated. Generate 0 editors...
    23:42:17.870 | 195 Pool-1-worker-88 | DEBUG | d.t.c.a.a.c.u.util.UserUtilService   : 0 editors generated. Generate 0 instructors...
    23:42:17.871 | 195 Pool-1-worker-88 | DEBUG | d.t.c.a.a.c.u.util.UserUtilService   : 0 instructors generated
    23:42:17.880 | 195 Pool-1-worker-88 | DEBUG | d.t.c.a.a.c.u.util.UserUtilService   : Removing 2 users from all courses...
    23:42:17.881 | 195 Pool-1-worker-88 | DEBUG | d.t.c.a.a.c.u.util.UserUtilService   : Removing 2 users from all courses. Done
    23:42:17.881 | 195 Pool-1-worker-88 | DEBUG | d.t.c.a.a.c.u.util.UserUtilService   : Save 1 users to database...
    23:42:17.886 | 195 Pool-1-worker-88 | DEBUG | d.t.c.a.a.c.u.util.UserUtilService   : Save 1 users to database. Done
    23:42:17.925 | 195 Pool-1-worker-88 | INFO  | i.z.t.d.l.EmbeddedDatabaseReporter   : JDBC URL to connect to 'dataSource': url='jdbc:h2:tcp://localhost:41063/mem:736625c0-cf5e-400d-aeaa-8a7eabd6262b;USER=sa', scope='InternalAuthenticationIntegrationTest#createInstructorWithInternalUserManagementAndAutomatedTutorialGroupsAssignment'
    23:42:17.953 | 195 Pool-1-worker-88 | DEBUG | d.t.c.a.a.c.s.f.ApiVersionFilter     : Adding Version to Request POST /api/admin/users
    23:42:17.957 | 195 Pool-1-worker-88 | DEBUG | d.t.c.a.a.c.w.a.AdminUserResource    : REST request to save User : ManagedUserVM{} UserDTO{login='user1', firstName='internalauthstudent1First', lastName='internalauthstudent1Last', email='user1@secret.invalid', imageUrl='null', activated=true, langKey='en', createdBy=internalauthstudent1, createdDate=2025-02-14T23:42:17.018924Z, lastModifiedBy='admin', lastModifiedDate=2025-02-14T23:42:17.882730Z, lastNotificationRead=null, authorities=[ROLE_INSTRUCTOR, ROLE_USER, ROLE_EDITOR, ROLE_TA]}
    23:42:17.974 | 195 Pool-1-worker-88 | DEBUG | d.t.c.a.a.c.s.u.UserCreationService  : Save user User{login='user1', firstName='internalauthstudent1First', lastName='internalauthstudent1Last', email='user1@secret.invalid', imageUrl='null', activated='true', langKey='en', activationKey='null'}
    23:42:17.980 | 195 Pool-1-worker-88 | INFO  | .a.p.s.g.GitLabUserManagementService : Update Gitlab permissions for programming exercises: []
    23:42:17.987 | 195 Pool-1-worker-88 | INFO  | a.p.s.j.JenkinsUserManagementService : Update Jenkins permissions (add users to groups) for programming exercises: []
    23:42:17.997 | 195 Pool-1-worker-88 | DEBUG | d.t.c.a.a.c.s.u.UserCreationService  : Created Information for User: User{login='user1', firstName='internalauthstudent1First', lastName='internalauthstudent1Last', email='user1@secret.invalid', imageUrl='null', activated='true', langKey='en', activationKey='null'}

  Starting logs for InternalAuthenticationIntegrationTest > createUserWithInternalUserManagementAndAutomatedTutorialGroupsAssignment()
    23:42:18.052 | 195 Pool-1-worker-88 | DEBUG | d.t.c.a.a.c.u.util.UserUtilService   : Generate 1 students...
    23:42:18.056 | 195 Pool-1-worker-88 | DEBUG | d.t.c.a.a.c.u.util.UserUtilService   : 1 students generated. Generate 0 tutors...
    23:42:18.057 | 195 Pool-1-worker-88 | DEBUG | d.t.c.a.a.c.u.util.UserUtilService   : 0 tutors generated. Generate 0 editors...
    23:42:18.059 | 195 Pool-1-worker-88 | DEBUG | d.t.c.a.a.c.u.util.UserUtilService   : 0 editors generated. Generate 0 instructors...
    23:42:18.060 | 195 Pool-1-worker-88 | DEBUG | d.t.c.a.a.c.u.util.UserUtilService   : 0 instructors generated
    23:42:18.063 | 195 Pool-1-worker-88 | DEBUG | d.t.c.a.a.c.u.util.UserUtilService   : Removing 2 users from all courses...
    23:42:18.064 | 195 Pool-1-worker-88 | DEBUG | d.t.c.a.a.c.u.util.UserUtilService   : Removing 2 users from all courses. Done
    23:42:18.064 | 195 Pool-1-worker-88 | DEBUG | d.t.c.a.a.c.u.util.UserUtilService   : Save 1 users to database...
    23:42:18.066 | 195 Pool-1-worker-88 | DEBUG | d.t.c.a.a.c.u.util.UserUtilService   : Save 1 users to database. Done
    23:42:18.091 | 195 Pool-1-worker-88 | INFO  | i.z.t.d.l.EmbeddedDatabaseReporter   : JDBC URL to connect to 'dataSource': url='jdbc:h2:tcp://localhost:41063/mem:736625c0-cf5e-400d-aeaa-8a7eabd6262b;USER=sa', scope='InternalAuthenticationIntegrationTest#createUserWithInternalUserManagementAndAutomatedTutorialGroupsAssignment'
    23:42:18.106 | 195 Pool-1-worker-88 | DEBUG | d.t.c.a.a.c.s.f.ApiVersionFilter     : Adding Version to Request POST /api/admin/users
    23:42:18.109 | 195 Pool-1-worker-88 | DEBUG | d.t.c.a.a.c.w.a.AdminUserResource    : REST request to save User : ManagedUserVM{} UserDTO{login='user1', firstName='internalauthstudent1First', lastName='internalauthstudent1Last', email='user1@secret.invalid', imageUrl='null', activated=true, langKey='en', createdBy=internalauthstudent1, createdDate=2025-02-14T23:42:17.018924Z, lastModifiedBy='admin', lastModifiedDate=2025-02-14T23:42:18.065629Z, lastNotificationRead=null, authorities=[ROLE_USER]}
    23:42:18.117 | 195 Pool-1-worker-88 | DEBUG | d.t.c.a.a.c.s.u.UserCreationService  : Save user User{login='user1', firstName='internalauthstudent1First', lastName='internalauthstudent1Last', email='user1@secret.invalid', imageUrl='null', activated='true', langKey='en', activationKey='null'}
    23:42:18.123 | 195 Pool-1-worker-88 | INFO  | .a.p.s.g.GitLabUserManagementService : Update Gitlab permissions for programming exercises: []
    23:42:18.125 | 195 Pool-1-worker-88 | INFO  | a.p.s.j.JenkinsUserManagementService : Update Jenkins permissions (add users to groups) for programming exercises: []
    23:42:18.129 | 195 Pool-1-worker-88 | DEBUG | d.t.c.a.a.c.s.u.UserCreationService  : Created Information for User: User{login='user1', firstName='internalauthstudent1First', lastName='internalauthstudent1Last', email='user1@secret.invalid', imageUrl='null', activated='true', langKey='en', activationKey='null'}

  Starting logs for InternalAuthenticationIntegrationTest > updateUserWithRemovedGroups_internalAuth_successful()
    23:42:18.158 | 195 Pool-1-worker-88 | DEBUG | d.t.c.a.a.c.u.util.UserUtilService   : Generate 1 students...
    23:42:18.162 | 195 Pool-1-worker-88 | DEBUG | d.t.c.a.a.c.u.util.UserUtilService   : 1 students generated. Generate 0 tutors...
    23:42:18.163 | 195 Pool-1-worker-88 | DEBUG | d.t.c.a.a.c.u.util.UserUtilService   : 0 tutors generated. Generate 0 editors...
    23:42:18.164 | 195 Pool-1-worker-88 | DEBUG | d.t.c.a.a.c.u.util.UserUtilService   : 0 editors generated. Generate 0 instructors...
    23:42:18.166 | 195 Pool-1-worker-88 | DEBUG | d.t.c.a.a.c.u.util.UserUtilService   : 0 instructors generated
    23:42:18.168 | 195 Pool-1-worker-88 | DEBUG | d.t.c.a.a.c.u.util.UserUtilService   : Removing 2 users from all courses...
    23:42:18.170 | 195 Pool-1-worker-88 | DEBUG | d.t.c.a.a.c.u.util.UserUtilService   : Removing 2 users from all courses. Done
    23:42:18.170 | 195 Pool-1-worker-88 | DEBUG | d.t.c.a.a.c.u.util.UserUtilService   : Save 1 users to database...
    23:42:18.172 | 195 Pool-1-worker-88 | DEBUG | d.t.c.a.a.c.u.util.UserUtilService   : Save 1 users to database. Done
    23:42:18.195 | 195 Pool-1-worker-88 | INFO  | i.z.t.d.l.EmbeddedDatabaseReporter   : JDBC URL to connect to 'dataSource': url='jdbc:h2:tcp://localhost:41063/mem:736625c0-cf5e-400d-aeaa-8a7eabd6262b;USER=sa', scope='InternalAuthenticationIntegrationTest#updateUserWithRemovedGroups_internalAuth_successful'
    23:42:18.205 | 195 Pool-1-worker-88 | DEBUG | d.t.c.a.a.c.s.f.ApiVersionFilter     : Adding Version to Request PUT /api/admin/users
    23:42:18.207 | 195 Pool-1-worker-88 | DEBUG | d.t.c.a.a.c.w.a.AdminUserResource    : REST request to update User : ManagedUserVM{} UserDTO{login='internalauthstudent1', firstName='internalauthstudent1First', lastName='internalauthstudent1Last', email='internalauthstudent1@test.de', imageUrl='null', activated=true, langKey='en', createdBy=internalauthstudent1, createdDate=2025-02-14T23:42:17.018924Z, lastModifiedBy='admin', lastModifiedDate=2025-02-14T23:42:18.172005Z, lastNotificationRead=null, authorities=[ROLE_USER]}
    23:42:18.219 | 195 Pool-1-worker-88 | DEBUG | d.t.c.a.a.c.s.u.UserCreationService  : Changed Information for User: User{login='internalauthstudent1', firstName='internalauthstudent1First', lastName='internalauthstudent1Last', email='internalauthstudent1@test.de', imageUrl='null', activated='true', langKey='en', activationKey='null'}
    23:42:18.220 | 195 Pool-1-worker-88 | DEBUG | d.t.c.a.a.c.s.u.UserCreationService  : Save user User{login='internalauthstudent1', firstName='internalauthstudent1First', lastName='internalauthstudent1Last', email='internalauthstudent1@test.de', imageUrl='null', activated='true', langKey='en', activationKey='null'}
    23:42:18.224 | 195 Pool-1-worker-88 | WARN  | .a.p.s.g.GitLabUserManagementService : User internalauthstudent1 does not exist in Gitlab and cannot be updated!
    23:42:18.228 | 195 Pool-1-worker-88 | INFO  | a.p.s.j.JenkinsUserManagementService : Update Jenkins permissions (remove users from groups) for programming exercises: []
    23:42:18.229 | 195 Pool-1-worker-88 | INFO  | a.p.s.j.JenkinsUserManagementService : Update Jenkins permissions (add users to groups) for programming exercises: []

  Starting logs for InternalAuthenticationIntegrationTest > testJWTAuthenticationLogout()
    23:42:18.265 | 195 Pool-1-worker-88 | DEBUG | d.t.c.a.a.c.u.util.UserUtilService   : Generate 1 students...
    23:42:18.269 | 195 Pool-1-worker-88 | DEBUG | d.t.c.a.a.c.u.util.UserUtilService   : 1 students generated. Generate 0 tutors...
    23:42:18.270 | 195 Pool-1-worker-88 | DEBUG | d.t.c.a.a.c.u.util.UserUtilService   : 0 tutors generated. Generate 0 editors...
    23:42:18.271 | 195 Pool-1-worker-88 | DEBUG | d.t.c.a.a.c.u.util.UserUtilService   : 0 editors generated. Generate 0 instructors...
    23:42:18.273 | 195 Pool-1-worker-88 | DEBUG | d.t.c.a.a.c.u.util.UserUtilService   : 0 instructors generated
    23:42:18.275 | 195 Pool-1-worker-88 | DEBUG | d.t.c.a.a.c.u.util.UserUtilService   : Removing 1 users from all courses...
    23:42:18.276 | 195 Pool-1-worker-88 | DEBUG | d.t.c.a.a.c.u.util.UserUtilService   : Removing 1 users from all courses. Done
    23:42:18.276 | 195 Pool-1-worker-88 | DEBUG | d.t.c.a.a.c.u.util.UserUtilService   : Save 1 users to database...
    23:42:18.278 | 195 Pool-1-worker-88 | DEBUG | d.t.c.a.a.c.u.util.UserUtilService   : Save 1 users to database. Done
    23:42:18.302 | 195 Pool-1-worker-88 | INFO  | i.z.t.d.l.EmbeddedDatabaseReporter   : JDBC URL to connect to 'dataSource': url='jdbc:h2:tcp://localhost:41063/mem:736625c0-cf5e-400d-aeaa-8a7eabd6262b;USER=sa', scope='InternalAuthenticationIntegrationTest#testJWTAuthenticationLogout'
    23:42:18.304 | 195 Pool-1-worker-88 | DEBUG | d.t.c.a.a.c.s.f.ApiVersionFilter     : Adding Version to Request POST /api/public/logout

Finished logs for InternalAuthenticationIntegrationTest
]]></system-out>
  <system-err><![CDATA[]]></system-err>
</testsuite>
