<?xml version="1.0" encoding="UTF-8"?>
<testsuite name="de.tum.cit.aet.artemis.atlas.competency.StandardizedCompetencyIntegrationTest$AdminStandardizedCompetencyResource$UpdateKnowledgeArea" tests="10" skipped="0" failures="0" errors="0" timestamp="2025-02-14T23:43:12" hostname="fv-az1721-502" time="0.582">
  <properties/>
  <testcase name="shouldUpdateKnowledgeArea()" classname="de.tum.cit.aet.artemis.atlas.competency.StandardizedCompetencyIntegrationTest$AdminStandardizedCompetencyResource$UpdateKnowledgeArea" time="0.044"/>
  <testcase name="shouldReturn404()" classname="de.tum.cit.aet.artemis.atlas.competency.StandardizedCompetencyIntegrationTest$AdminStandardizedCompetencyResource$UpdateKnowledgeArea" time="0.04"/>
  <testcase name="shouldReturnBadRequestForCircularDependency()" classname="de.tum.cit.aet.artemis.atlas.competency.StandardizedCompetencyIntegrationTest$AdminStandardizedCompetencyResource$UpdateKnowledgeArea" time="0.07"/>
  <testcase name="[1] knowledgeAreaDTO=KnowledgeAreaRequestDTO[title=, shortTitle=shortTitle, description=, parentId=null]" classname="de.tum.cit.aet.artemis.atlas.competency.StandardizedCompetencyIntegrationTest$AdminStandardizedCompetencyResource$UpdateKnowledgeArea" time="0.05"/>
  <testcase name="[2] knowledgeAreaDTO=KnowledgeAreaRequestDTO[title=null, shortTitle=shortTitle, description=, parentId=null]" classname="de.tum.cit.aet.artemis.atlas.competency.StandardizedCompetencyIntegrationTest$AdminStandardizedCompetencyResource$UpdateKnowledgeArea" time="0.043"/>
  <testcase name="[3] knowledgeAreaDTO=KnowledgeAreaRequestDTO[title=0000000000000000000000000000000000000000000000000000000000000000000000000000000000000000000000000000000000000000000000000000000000000000000000000000000000000000000000000000000000000000000000000000000000000000000000000000000000000000000000000000000000000000, shortTitle=shortTitle, description=, parentId=null]" classname="de.tum.cit.aet.artemis.atlas.competency.StandardizedCompetencyIntegrationTest$AdminStandardizedCompetencyResource$UpdateKnowledgeArea" time="0.09"/>
  <testcase name="[4] knowledgeAreaDTO=KnowledgeAreaRequestDTO[title=title, shortTitle=, description=, parentId=null]" classname="de.tum.cit.aet.artemis.atlas.competency.StandardizedCompetencyIntegrationTest$AdminStandardizedCompetencyResource$UpdateKnowledgeArea" time="0.039"/>
  <testcase name="[5] knowledgeAreaDTO=KnowledgeAreaRequestDTO[title=title, shortTitle=00000000000, description=, parentId=null]" classname="de.tum.cit.aet.artemis.atlas.competency.StandardizedCompetencyIntegrationTest$AdminStandardizedCompetencyResource$UpdateKnowledgeArea" time="0.079"/>
  <testcase name="[6] knowledgeAreaDTO=KnowledgeAreaRequestDTO[title=title, shortTitle=shortTitle, description=0000000000000000000000000000000000000000000000000000000000000000000000000000000000000000000000000000000000000000000000000000000000000000000000000000000000000000000000000000000000000000000000000000000000000000000000000000000000000000000000000000000000000000000000000000000000000000000000000000000000000000000000000000000000000000000000000000000000000000000000000000000000000000000000000000000000000000000000000000000000000000000000000000000â€¦" classname="de.tum.cit.aet.artemis.atlas.competency.StandardizedCompetencyIntegrationTest$AdminStandardizedCompetencyResource$UpdateKnowledgeArea" time="0.045"/>
  <testcase name="shouldMoveKnowledgeAreaToNewParent()" classname="de.tum.cit.aet.artemis.atlas.competency.StandardizedCompetencyIntegrationTest$AdminStandardizedCompetencyResource$UpdateKnowledgeArea" time="0.044"/>
  <system-out><![CDATA[
Starting logs for UpdateKnowledgeArea

  Starting logs for UpdateKnowledgeArea > shouldUpdateKnowledgeArea()
    23:43:12.533 | 122 Pool-1-worker-37 | DEBUG | d.t.c.a.a.c.u.util.UserUtilService   : Generate 1 students...
    23:43:12.539 | 122 Pool-1-worker-37 | DEBUG | d.t.c.a.a.c.u.util.UserUtilService   : 1 students generated. Generate 1 tutors...
    23:43:12.543 | 122 Pool-1-worker-37 | DEBUG | d.t.c.a.a.c.u.util.UserUtilService   : 1 tutors generated. Generate 1 editors...
    23:43:12.546 | 122 Pool-1-worker-37 | DEBUG | d.t.c.a.a.c.u.util.UserUtilService   : 1 editors generated. Generate 1 instructors...
    23:43:12.549 | 122 Pool-1-worker-37 | DEBUG | d.t.c.a.a.c.u.util.UserUtilService   : 1 instructors generated
    23:43:12.550 | 122 Pool-1-worker-37 | DEBUG | d.t.c.a.a.c.u.util.UserUtilService   : Removing 4 users from all courses...
    23:43:12.551 | 122 Pool-1-worker-37 | DEBUG | d.t.c.a.a.c.u.util.UserUtilService   : Removing 4 users from all courses. Done
    23:43:12.551 | 122 Pool-1-worker-37 | DEBUG | d.t.c.a.a.c.u.util.UserUtilService   : Save 4 users to database...
    23:43:12.555 | 122 Pool-1-worker-37 | DEBUG | d.t.c.a.a.c.u.util.UserUtilService   : Save 4 users to database. Done
    23:43:12.556 | 122 Pool-1-worker-37 | INFO  | i.z.t.d.l.EmbeddedDatabaseReporter   : JDBC URL to connect to 'dataSource': url='jdbc:h2:tcp://localhost:41063/mem:df70fc46-7e57-4cb5-9cd0-c1d90c14afa7;USER=sa', scope='UpdateKnowledgeArea#shouldUpdateKnowledgeArea'
    23:43:12.557 | 122 Pool-1-worker-37 | DEBUG | d.t.c.a.a.c.s.f.ApiVersionFilter     : Adding Version to Request PUT /api/admin/standardized-competencies/knowledge-areas/34
    23:43:12.560 | 122 Pool-1-worker-37 | DEBUG | .AdminStandardizedCompetencyResource : REST request to update knowledge area : KnowledgeAreaRequestDTO[title=new title, shortTitle=new title, description=new description, parentId=null]

  Starting logs for UpdateKnowledgeArea > shouldReturn404()
    23:43:12.579 | 122 Pool-1-worker-37 | DEBUG | d.t.c.a.a.c.u.util.UserUtilService   : Generate 1 students...
    23:43:12.582 | 122 Pool-1-worker-37 | DEBUG | d.t.c.a.a.c.u.util.UserUtilService   : 1 students generated. Generate 1 tutors...
    23:43:12.585 | 122 Pool-1-worker-37 | DEBUG | d.t.c.a.a.c.u.util.UserUtilService   : 1 tutors generated. Generate 1 editors...
    23:43:12.587 | 122 Pool-1-worker-37 | DEBUG | d.t.c.a.a.c.u.util.UserUtilService   : 1 editors generated. Generate 1 instructors...
    23:43:12.590 | 122 Pool-1-worker-37 | DEBUG | d.t.c.a.a.c.u.util.UserUtilService   : 1 instructors generated
    23:43:12.591 | 122 Pool-1-worker-37 | DEBUG | d.t.c.a.a.c.u.util.UserUtilService   : Removing 4 users from all courses...
    23:43:12.592 | 122 Pool-1-worker-37 | DEBUG | d.t.c.a.a.c.u.util.UserUtilService   : Removing 4 users from all courses. Done
    23:43:12.592 | 122 Pool-1-worker-37 | DEBUG | d.t.c.a.a.c.u.util.UserUtilService   : Save 4 users to database...
    23:43:12.597 | 122 Pool-1-worker-37 | DEBUG | d.t.c.a.a.c.u.util.UserUtilService   : Save 4 users to database. Done
    23:43:12.598 | 122 Pool-1-worker-37 | INFO  | i.z.t.d.l.EmbeddedDatabaseReporter   : JDBC URL to connect to 'dataSource': url='jdbc:h2:tcp://localhost:41063/mem:df70fc46-7e57-4cb5-9cd0-c1d90c14afa7;USER=sa', scope='UpdateKnowledgeArea#shouldReturn404'
    23:43:12.599 | 122 Pool-1-worker-37 | DEBUG | d.t.c.a.a.c.s.f.ApiVersionFilter     : Adding Version to Request PUT /api/admin/standardized-competencies/knowledge-areas/-1000
    23:43:12.600 | 122 Pool-1-worker-37 | DEBUG | .AdminStandardizedCompetencyResource : REST request to update knowledge area : KnowledgeAreaRequestDTO[title=KA, shortTitle=KA, description=null, parentId=null]
    23:43:12.601 | 122 Pool-1-worker-37 | WARN  | o.z.p.spring.common.AdviceTraits     : Not Found: KnowledgeArea with identifier: "-1000" does not exist
    23:43:12.603 | 122 Pool-1-worker-37 | DEBUG | d.t.c.a.a.c.s.f.ApiVersionFilter     : Adding Version to Request PUT /api/admin/standardized-competencies/knowledge-areas/35
    23:43:12.604 | 122 Pool-1-worker-37 | DEBUG | .AdminStandardizedCompetencyResource : REST request to update knowledge area : KnowledgeAreaRequestDTO[title=KA, shortTitle=KA, description=null, parentId=-1000]
    23:43:12.605 | 122 Pool-1-worker-37 | WARN  | o.z.p.spring.common.AdviceTraits     : Not Found: KnowledgeArea with identifier: "-1000" does not exist

  Starting logs for UpdateKnowledgeArea > shouldReturnBadRequestForCircularDependency()
    23:43:12.622 | 122 Pool-1-worker-37 | DEBUG | d.t.c.a.a.c.u.util.UserUtilService   : Generate 1 students...
    23:43:12.625 | 122 Pool-1-worker-37 | DEBUG | d.t.c.a.a.c.u.util.UserUtilService   : 1 students generated. Generate 1 tutors...
    23:43:12.628 | 122 Pool-1-worker-37 | DEBUG | d.t.c.a.a.c.u.util.UserUtilService   : 1 tutors generated. Generate 1 editors...
    23:43:12.630 | 122 Pool-1-worker-37 | DEBUG | d.t.c.a.a.c.u.util.UserUtilService   : 1 editors generated. Generate 1 instructors...
    23:43:12.633 | 122 Pool-1-worker-37 | DEBUG | d.t.c.a.a.c.u.util.UserUtilService   : 1 instructors generated
    23:43:12.634 | 122 Pool-1-worker-37 | DEBUG | d.t.c.a.a.c.u.util.UserUtilService   : Removing 4 users from all courses...
    23:43:12.635 | 122 Pool-1-worker-37 | DEBUG | d.t.c.a.a.c.u.util.UserUtilService   : Removing 4 users from all courses. Done
    23:43:12.635 | 122 Pool-1-worker-37 | DEBUG | d.t.c.a.a.c.u.util.UserUtilService   : Save 4 users to database...
    23:43:12.639 | 122 Pool-1-worker-37 | DEBUG | d.t.c.a.a.c.u.util.UserUtilService   : Save 4 users to database. Done
    23:43:12.640 | 122 Pool-1-worker-37 | INFO  | i.z.t.d.l.EmbeddedDatabaseReporter   : JDBC URL to connect to 'dataSource': url='jdbc:h2:tcp://localhost:41063/mem:df70fc46-7e57-4cb5-9cd0-c1d90c14afa7;USER=sa', scope='UpdateKnowledgeArea#shouldReturnBadRequestForCircularDependency'
    23:43:12.643 | 122 Pool-1-worker-37 | DEBUG | d.t.c.a.a.c.s.f.ApiVersionFilter     : Adding Version to Request PUT /api/admin/standardized-competencies/knowledge-areas/37
    23:43:12.644 | 122 Pool-1-worker-37 | DEBUG | .AdminStandardizedCompetencyResource : REST request to update knowledge area : KnowledgeAreaRequestDTO[title=KA1, shortTitle=KA1, description=d1, parentId=39]
    23:43:12.670 | 122 Pool-1-worker-37 | WARN  | o.z.p.spring.common.AdviceTraits     : Bad Request: A knowledge area cannot have itself or one of its descendants as parent

  Starting logs for UpdateKnowledgeArea > [1] knowledgeAreaDTO=KnowledgeAreaRequestDTO[title=, shortTitle=shortTitle, description=, parentId=null]
    23:43:12.696 | 122 Pool-1-worker-37 | DEBUG | d.t.c.a.a.c.u.util.UserUtilService   : Generate 1 students...
    23:43:12.699 | 122 Pool-1-worker-37 | DEBUG | d.t.c.a.a.c.u.util.UserUtilService   : 1 students generated. Generate 1 tutors...
    23:43:12.702 | 122 Pool-1-worker-37 | DEBUG | d.t.c.a.a.c.u.util.UserUtilService   : 1 tutors generated. Generate 1 editors...
    23:43:12.706 | 122 Pool-1-worker-37 | DEBUG | d.t.c.a.a.c.u.util.UserUtilService   : 1 editors generated. Generate 1 instructors...
    23:43:12.714 | 122 Pool-1-worker-37 | DEBUG | d.t.c.a.a.c.u.util.UserUtilService   : 1 instructors generated
    23:43:12.716 | 122 Pool-1-worker-37 | DEBUG | d.t.c.a.a.c.u.util.UserUtilService   : Removing 4 users from all courses...
    23:43:12.717 | 122 Pool-1-worker-37 | DEBUG | d.t.c.a.a.c.u.util.UserUtilService   : Removing 4 users from all courses. Done
    23:43:12.717 | 122 Pool-1-worker-37 | DEBUG | d.t.c.a.a.c.u.util.UserUtilService   : Save 4 users to database...
    23:43:12.725 | 122 Pool-1-worker-37 | DEBUG | d.t.c.a.a.c.u.util.UserUtilService   : Save 4 users to database. Done
    23:43:12.727 | 122 Pool-1-worker-37 | INFO  | i.z.t.d.l.EmbeddedDatabaseReporter   : JDBC URL to connect to 'dataSource': url='jdbc:h2:tcp://localhost:41063/mem:df70fc46-7e57-4cb5-9cd0-c1d90c14afa7;USER=sa', scope='UpdateKnowledgeArea#shouldReturnBadRequest'
    23:43:12.728 | 122 Pool-1-worker-37 | DEBUG | d.t.c.a.a.c.s.f.ApiVersionFilter     : Adding Version to Request PUT /api/admin/standardized-competencies/knowledge-areas/40
    23:43:12.731 | 122 Pool-1-worker-37 | WARN  | o.z.p.spring.common.AdviceTraits     : Bad Request: Validation failed for argument [1] in public org.springframework.http.ResponseEntity<de.tum.cit.aet.artemis.atlas.dto.standardizedCompetency.KnowledgeAreaResultDTO> de.tum.cit.aet.artemis.atlas.web.admin.AdminStandardizedCompetencyResource.updateKnowledgeArea(long,de.tum.cit.aet.artemis.atlas.dto.standardizedCompetency.KnowledgeAreaRequestDTO): [Field error in object 'knowledgeAreaRequestDTO' on field 'title': rejected value [null]; codes [NotNull.knowledgeAreaRequestDTO.title,NotNull.title,NotNull.java.lang.String,NotNull]; arguments [org.springframework.context.support.DefaultMessageSourceResolvable: codes [knowledgeAreaRequestDTO.title,title]; arguments []; default message [title]]; default message [must not be null]] 

  Starting logs for UpdateKnowledgeArea > [2] knowledgeAreaDTO=KnowledgeAreaRequestDTO[title=null, shortTitle=shortTitle, description=, parentId=null]
    23:43:12.754 | 122 Pool-1-worker-37 | DEBUG | d.t.c.a.a.c.u.util.UserUtilService   : Generate 1 students...
    23:43:12.757 | 122 Pool-1-worker-37 | DEBUG | d.t.c.a.a.c.u.util.UserUtilService   : 1 students generated. Generate 1 tutors...
    23:43:12.760 | 122 Pool-1-worker-37 | DEBUG | d.t.c.a.a.c.u.util.UserUtilService   : 1 tutors generated. Generate 1 editors...
    23:43:12.763 | 122 Pool-1-worker-37 | DEBUG | d.t.c.a.a.c.u.util.UserUtilService   : 1 editors generated. Generate 1 instructors...
    23:43:12.765 | 122 Pool-1-worker-37 | DEBUG | d.t.c.a.a.c.u.util.UserUtilService   : 1 instructors generated
    23:43:12.767 | 122 Pool-1-worker-37 | DEBUG | d.t.c.a.a.c.u.util.UserUtilService   : Removing 4 users from all courses...
    23:43:12.767 | 122 Pool-1-worker-37 | DEBUG | d.t.c.a.a.c.u.util.UserUtilService   : Removing 4 users from all courses. Done
    23:43:12.767 | 122 Pool-1-worker-37 | DEBUG | d.t.c.a.a.c.u.util.UserUtilService   : Save 4 users to database...
    23:43:12.771 | 122 Pool-1-worker-37 | DEBUG | d.t.c.a.a.c.u.util.UserUtilService   : Save 4 users to database. Done
    23:43:12.773 | 122 Pool-1-worker-37 | INFO  | i.z.t.d.l.EmbeddedDatabaseReporter   : JDBC URL to connect to 'dataSource': url='jdbc:h2:tcp://localhost:41063/mem:df70fc46-7e57-4cb5-9cd0-c1d90c14afa7;USER=sa', scope='UpdateKnowledgeArea#shouldReturnBadRequest'
    23:43:12.777 | 122 Pool-1-worker-37 | DEBUG | d.t.c.a.a.c.s.f.ApiVersionFilter     : Adding Version to Request PUT /api/admin/standardized-competencies/knowledge-areas/41
    23:43:12.781 | 122 Pool-1-worker-37 | WARN  | o.z.p.spring.common.AdviceTraits     : Bad Request: Validation failed for argument [1] in public org.springframework.http.ResponseEntity<de.tum.cit.aet.artemis.atlas.dto.standardizedCompetency.KnowledgeAreaResultDTO> de.tum.cit.aet.artemis.atlas.web.admin.AdminStandardizedCompetencyResource.updateKnowledgeArea(long,de.tum.cit.aet.artemis.atlas.dto.standardizedCompetency.KnowledgeAreaRequestDTO): [Field error in object 'knowledgeAreaRequestDTO' on field 'title': rejected value [null]; codes [NotNull.knowledgeAreaRequestDTO.title,NotNull.title,NotNull.java.lang.String,NotNull]; arguments [org.springframework.context.support.DefaultMessageSourceResolvable: codes [knowledgeAreaRequestDTO.title,title]; arguments []; default message [title]]; default message [must not be null]] 

  Starting logs for UpdateKnowledgeArea > [3] knowledgeAreaDTO=KnowledgeAreaRequestDTO[title=0000000000000000000000000000000000000000000000000000000000000000000000000000000000000000000000000000000000000000000000000000000000000000000000000000000000000000000000000000000000000000000000000000000000000000000000000000000000000000000000000000000000000000, shortTitle=shortTitle, description=, parentId=null]
    23:43:12.803 | 122 Pool-1-worker-37 | DEBUG | d.t.c.a.a.c.u.util.UserUtilService   : Generate 1 students...
    23:43:12.807 | 122 Pool-1-worker-37 | DEBUG | d.t.c.a.a.c.u.util.UserUtilService   : 1 students generated. Generate 1 tutors...
    23:43:12.815 | 122 Pool-1-worker-37 | DEBUG | d.t.c.a.a.c.u.util.UserUtilService   : 1 tutors generated. Generate 1 editors...
    23:43:12.819 | 122 Pool-1-worker-37 | DEBUG | d.t.c.a.a.c.u.util.UserUtilService   : 1 editors generated. Generate 1 instructors...
    23:43:12.832 | 122 Pool-1-worker-37 | DEBUG | d.t.c.a.a.c.u.util.UserUtilService   : 1 instructors generated
    23:43:12.838 | 122 Pool-1-worker-37 | DEBUG | d.t.c.a.a.c.u.util.UserUtilService   : Removing 4 users from all courses...
    23:43:12.839 | 122 Pool-1-worker-37 | DEBUG | d.t.c.a.a.c.u.util.UserUtilService   : Removing 4 users from all courses. Done
    23:43:12.839 | 122 Pool-1-worker-37 | DEBUG | d.t.c.a.a.c.u.util.UserUtilService   : Save 4 users to database...
    23:43:12.853 | 122 Pool-1-worker-37 | DEBUG | d.t.c.a.a.c.u.util.UserUtilService   : Save 4 users to database. Done
    23:43:12.857 | 122 Pool-1-worker-37 | INFO  | i.z.t.d.l.EmbeddedDatabaseReporter   : JDBC URL to connect to 'dataSource': url='jdbc:h2:tcp://localhost:41063/mem:df70fc46-7e57-4cb5-9cd0-c1d90c14afa7;USER=sa', scope='UpdateKnowledgeArea#shouldReturnBadRequest'
    23:43:12.860 | 122 Pool-1-worker-37 | DEBUG | d.t.c.a.a.c.s.f.ApiVersionFilter     : Adding Version to Request PUT /api/admin/standardized-competencies/knowledge-areas/42
    23:43:12.867 | 122 Pool-1-worker-37 | WARN  | o.z.p.spring.common.AdviceTraits     : Bad Request: Validation failed for argument [1] in public org.springframework.http.ResponseEntity<de.tum.cit.aet.artemis.atlas.dto.standardizedCompetency.KnowledgeAreaResultDTO> de.tum.cit.aet.artemis.atlas.web.admin.AdminStandardizedCompetencyResource.updateKnowledgeArea(long,de.tum.cit.aet.artemis.atlas.dto.standardizedCompetency.KnowledgeAreaRequestDTO): [Field error in object 'knowledgeAreaRequestDTO' on field 'title': rejected value [0000000000000000000000000000000000000000000000000000000000000000000000000000000000000000000000000000000000000000000000000000000000000000000000000000000000000000000000000000000000000000000000000000000000000000000000000000000000000000000000000000000000000000]; codes [Size.knowledgeAreaRequestDTO.title,Size.title,Size.java.lang.String,Size]; arguments [org.springframework.context.support.DefaultMessageSourceResolvable: codes [knowledgeAreaRequestDTO.title,title]; arguments []; default message [title],255,1]; default message [size must be between 1 and 255]] 

  Starting logs for UpdateKnowledgeArea > [4] knowledgeAreaDTO=KnowledgeAreaRequestDTO[title=title, shortTitle=, description=, parentId=null]
    23:43:12.896 | 122 Pool-1-worker-37 | DEBUG | d.t.c.a.a.c.u.util.UserUtilService   : Generate 1 students...
    23:43:12.899 | 122 Pool-1-worker-37 | DEBUG | d.t.c.a.a.c.u.util.UserUtilService   : 1 students generated. Generate 1 tutors...
    23:43:12.902 | 122 Pool-1-worker-37 | DEBUG | d.t.c.a.a.c.u.util.UserUtilService   : 1 tutors generated. Generate 1 editors...
    23:43:12.905 | 122 Pool-1-worker-37 | DEBUG | d.t.c.a.a.c.u.util.UserUtilService   : 1 editors generated. Generate 1 instructors...
    23:43:12.909 | 122 Pool-1-worker-37 | DEBUG | d.t.c.a.a.c.u.util.UserUtilService   : 1 instructors generated
    23:43:12.911 | 122 Pool-1-worker-37 | DEBUG | d.t.c.a.a.c.u.util.UserUtilService   : Removing 4 users from all courses...
    23:43:12.912 | 122 Pool-1-worker-37 | DEBUG | d.t.c.a.a.c.u.util.UserUtilService   : Removing 4 users from all courses. Done
    23:43:12.912 | 122 Pool-1-worker-37 | DEBUG | d.t.c.a.a.c.u.util.UserUtilService   : Save 4 users to database...
    23:43:12.916 | 122 Pool-1-worker-37 | DEBUG | d.t.c.a.a.c.u.util.UserUtilService   : Save 4 users to database. Done
    23:43:12.917 | 122 Pool-1-worker-37 | INFO  | i.z.t.d.l.EmbeddedDatabaseReporter   : JDBC URL to connect to 'dataSource': url='jdbc:h2:tcp://localhost:41063/mem:df70fc46-7e57-4cb5-9cd0-c1d90c14afa7;USER=sa', scope='UpdateKnowledgeArea#shouldReturnBadRequest'
    23:43:12.919 | 122 Pool-1-worker-37 | DEBUG | d.t.c.a.a.c.s.f.ApiVersionFilter     : Adding Version to Request PUT /api/admin/standardized-competencies/knowledge-areas/43
    23:43:12.920 | 122 Pool-1-worker-37 | WARN  | o.z.p.spring.common.AdviceTraits     : Bad Request: Validation failed for argument [1] in public org.springframework.http.ResponseEntity<de.tum.cit.aet.artemis.atlas.dto.standardizedCompetency.KnowledgeAreaResultDTO> de.tum.cit.aet.artemis.atlas.web.admin.AdminStandardizedCompetencyResource.updateKnowledgeArea(long,de.tum.cit.aet.artemis.atlas.dto.standardizedCompetency.KnowledgeAreaRequestDTO): [Field error in object 'knowledgeAreaRequestDTO' on field 'shortTitle': rejected value [null]; codes [NotNull.knowledgeAreaRequestDTO.shortTitle,NotNull.shortTitle,NotNull.java.lang.String,NotNull]; arguments [org.springframework.context.support.DefaultMessageSourceResolvable: codes [knowledgeAreaRequestDTO.shortTitle,shortTitle]; arguments []; default message [shortTitle]]; default message [must not be null]] 

  Starting logs for UpdateKnowledgeArea > [5] knowledgeAreaDTO=KnowledgeAreaRequestDTO[title=title, shortTitle=00000000000, description=, parentId=null]
    23:43:12.936 | 122 Pool-1-worker-37 | DEBUG | d.t.c.a.a.c.u.util.UserUtilService   : Generate 1 students...
    23:43:12.940 | 122 Pool-1-worker-37 | DEBUG | d.t.c.a.a.c.u.util.UserUtilService   : 1 students generated. Generate 1 tutors...
    23:43:12.942 | 122 Pool-1-worker-37 | DEBUG | d.t.c.a.a.c.u.util.UserUtilService   : 1 tutors generated. Generate 1 editors...
    23:43:12.945 | 122 Pool-1-worker-37 | DEBUG | d.t.c.a.a.c.u.util.UserUtilService   : 1 editors generated. Generate 1 instructors...
    23:43:12.948 | 122 Pool-1-worker-37 | DEBUG | d.t.c.a.a.c.u.util.UserUtilService   : 1 instructors generated
    23:43:12.949 | 122 Pool-1-worker-37 | DEBUG | d.t.c.a.a.c.u.util.UserUtilService   : Removing 4 users from all courses...
    23:43:12.950 | 122 Pool-1-worker-37 | DEBUG | d.t.c.a.a.c.u.util.UserUtilService   : Removing 4 users from all courses. Done
    23:43:12.950 | 122 Pool-1-worker-37 | DEBUG | d.t.c.a.a.c.u.util.UserUtilService   : Save 4 users to database...
    23:43:12.954 | 122 Pool-1-worker-37 | DEBUG | d.t.c.a.a.c.u.util.UserUtilService   : Save 4 users to database. Done
    23:43:12.955 | 122 Pool-1-worker-37 | INFO  | i.z.t.d.l.EmbeddedDatabaseReporter   : JDBC URL to connect to 'dataSource': url='jdbc:h2:tcp://localhost:41063/mem:df70fc46-7e57-4cb5-9cd0-c1d90c14afa7;USER=sa', scope='UpdateKnowledgeArea#shouldReturnBadRequest'
    23:43:12.957 | 122 Pool-1-worker-37 | DEBUG | d.t.c.a.a.c.s.f.ApiVersionFilter     : Adding Version to Request PUT /api/admin/standardized-competencies/knowledge-areas/44
    23:43:12.958 | 122 Pool-1-worker-37 | WARN  | o.z.p.spring.common.AdviceTraits     : Bad Request: Validation failed for argument [1] in public org.springframework.http.ResponseEntity<de.tum.cit.aet.artemis.atlas.dto.standardizedCompetency.KnowledgeAreaResultDTO> de.tum.cit.aet.artemis.atlas.web.admin.AdminStandardizedCompetencyResource.updateKnowledgeArea(long,de.tum.cit.aet.artemis.atlas.dto.standardizedCompetency.KnowledgeAreaRequestDTO): [Field error in object 'knowledgeAreaRequestDTO' on field 'shortTitle': rejected value [00000000000]; codes [Size.knowledgeAreaRequestDTO.shortTitle,Size.shortTitle,Size.java.lang.String,Size]; arguments [org.springframework.context.support.DefaultMessageSourceResolvable: codes [knowledgeAreaRequestDTO.shortTitle,shortTitle]; arguments []; default message [shortTitle],10,1]; default message [size must be between 1 and 10]] 

  Starting logs for UpdateKnowledgeArea > [6] knowledgeAreaDTO=KnowledgeAreaRequestDTO[title=title, shortTitle=shortTitle, description=0000000000000000000000000000000000000000000000000000000000000000000000000000000000000000000000000000000000000000000000000000000000000000000000000000000000000000000000000000000000000000000000000000000000000000000000000000000000000000000000000000000000000000000000000000000000000000000000000000000000000000000000000000000000000000000000000000000000000000000000000000000000000000000000000000000000000000000000000000000000000000000000000000000â€¦
    23:43:13.027 | 122 Pool-1-worker-37 | DEBUG | d.t.c.a.a.c.u.util.UserUtilService   : Generate 1 students...
    23:43:13.032 | 122 Pool-1-worker-37 | DEBUG | d.t.c.a.a.c.u.util.UserUtilService   : 1 students generated. Generate 1 tutors...
    23:43:13.035 | 122 Pool-1-worker-37 | DEBUG | d.t.c.a.a.c.u.util.UserUtilService   : 1 tutors generated. Generate 1 editors...
    23:43:13.038 | 122 Pool-1-worker-37 | DEBUG | d.t.c.a.a.c.u.util.UserUtilService   : 1 editors generated. Generate 1 instructors...
    23:43:13.040 | 122 Pool-1-worker-37 | DEBUG | d.t.c.a.a.c.u.util.UserUtilService   : 1 instructors generated
    23:43:13.042 | 122 Pool-1-worker-37 | DEBUG | d.t.c.a.a.c.u.util.UserUtilService   : Removing 4 users from all courses...
    23:43:13.043 | 122 Pool-1-worker-37 | DEBUG | d.t.c.a.a.c.u.util.UserUtilService   : Removing 4 users from all courses. Done
    23:43:13.043 | 122 Pool-1-worker-37 | DEBUG | d.t.c.a.a.c.u.util.UserUtilService   : Save 4 users to database...
    23:43:13.048 | 122 Pool-1-worker-37 | DEBUG | d.t.c.a.a.c.u.util.UserUtilService   : Save 4 users to database. Done
    23:43:13.049 | 122 Pool-1-worker-37 | INFO  | i.z.t.d.l.EmbeddedDatabaseReporter   : JDBC URL to connect to 'dataSource': url='jdbc:h2:tcp://localhost:41063/mem:df70fc46-7e57-4cb5-9cd0-c1d90c14afa7;USER=sa', scope='UpdateKnowledgeArea#shouldReturnBadRequest'
    23:43:13.051 | 122 Pool-1-worker-37 | DEBUG | d.t.c.a.a.c.s.f.ApiVersionFilter     : Adding Version to Request PUT /api/admin/standardized-competencies/knowledge-areas/45
    23:43:13.053 | 122 Pool-1-worker-37 | WARN  | o.z.p.spring.common.AdviceTraits     : Bad Request: Validation failed for argument [1] in public org.springframework.http.ResponseEntity<de.tum.cit.aet.artemis.atlas.dto.standardizedCompetency.KnowledgeAreaResultDTO> de.tum.cit.aet.artemis.atlas.web.admin.AdminStandardizedCompetencyResource.updateKnowledgeArea(long,de.tum.cit.aet.artemis.atlas.dto.standardizedCompetency.KnowledgeAreaRequestDTO): [Field error in object 'knowledgeAreaRequestDTO' on field 'description': rejected value [000000000000000000000000000000000000000000000000000000000000000000000000000000000000000000000000000000000000000000000000000000000000000000000000000000000000000000000000000000000000000000000000000000000000000000000000000000000000000000000000000000000000000000000000000000000000000000000000000000000000000000000000000000000000000000000000000000000000000000000000000000000000000000000000000000000000000000000000000000000000000000000000000000000000000000000000000000000000000000000000000000000000000000000000000000000000000000000000000000000000000000000000000000000000000000000000000000000000000000000000000000000000000000000000000000000000000000000000000000000000000000000000000000000000000000000000000000000000000000000000000000000000000000000000000000000000000000000000000000000000000000000000000000000000000000000000000000000000000000000000000000000000000000000000000000000000000000000000000000000000000000000000000000000000000000000000000000000000000000000000000000000000000000000000000000000000000000000000000000000000000000000000000000000000000000000000000000000000000000000000000000000000000000000000000000000000000000000000000000000000000000000000000000000000000000000000000000000000000000000000000000000000000000000000000000000000000000000000000000000000000000000000000000000000000000000000000000000000000000000000000000000000000000000000000000000000000000000000000000000000000000000000000000000000000000000000000000000000000000000000000000000000000000000000000000000000000000000000000000000000000000000000000000000000000000000000000000000000000000000000000000000000000000000000000000000000000000000000000000000000000000000000000000000000000000000000000000000000000000000000000000000000000000000000000000000000000000000000000000000000000000000000000000000000000000000000000000000000000000000000000000000000000000000000000000000000000000000000000000000000000000000000000000000000000000000000000000000000000000000000000000000000000000000000000000000000000000000000000000000000000000000000000000000]; codes [Size.knowledgeAreaRequestDTO.description,Size.description,Size.java.lang.String,Size]; arguments [org.springframework.context.support.DefaultMessageSourceResolvable: codes [knowledgeAreaRequestDTO.description,description]; arguments []; default message [description],2000,0]; default message [size must be between 0 and 2000]] 

  Starting logs for UpdateKnowledgeArea > shouldMoveKnowledgeAreaToNewParent()
    23:43:13.070 | 122 Pool-1-worker-37 | DEBUG | d.t.c.a.a.c.u.util.UserUtilService   : Generate 1 students...
    23:43:13.073 | 122 Pool-1-worker-37 | DEBUG | d.t.c.a.a.c.u.util.UserUtilService   : 1 students generated. Generate 1 tutors...
    23:43:13.076 | 122 Pool-1-worker-37 | DEBUG | d.t.c.a.a.c.u.util.UserUtilService   : 1 tutors generated. Generate 1 editors...
    23:43:13.078 | 122 Pool-1-worker-37 | DEBUG | d.t.c.a.a.c.u.util.UserUtilService   : 1 editors generated. Generate 1 instructors...
    23:43:13.081 | 122 Pool-1-worker-37 | DEBUG | d.t.c.a.a.c.u.util.UserUtilService   : 1 instructors generated
    23:43:13.082 | 122 Pool-1-worker-37 | DEBUG | d.t.c.a.a.c.u.util.UserUtilService   : Removing 4 users from all courses...
    23:43:13.083 | 122 Pool-1-worker-37 | DEBUG | d.t.c.a.a.c.u.util.UserUtilService   : Removing 4 users from all courses. Done
    23:43:13.083 | 122 Pool-1-worker-37 | DEBUG | d.t.c.a.a.c.u.util.UserUtilService   : Save 4 users to database...
    23:43:13.086 | 122 Pool-1-worker-37 | DEBUG | d.t.c.a.a.c.u.util.UserUtilService   : Save 4 users to database. Done
    23:43:13.088 | 122 Pool-1-worker-37 | INFO  | i.z.t.d.l.EmbeddedDatabaseReporter   : JDBC URL to connect to 'dataSource': url='jdbc:h2:tcp://localhost:41063/mem:df70fc46-7e57-4cb5-9cd0-c1d90c14afa7;USER=sa', scope='UpdateKnowledgeArea#shouldMoveKnowledgeAreaToNewParent'
    23:43:13.090 | 122 Pool-1-worker-37 | DEBUG | d.t.c.a.a.c.s.f.ApiVersionFilter     : Adding Version to Request PUT /api/admin/standardized-competencies/knowledge-areas/49
    23:43:13.092 | 122 Pool-1-worker-37 | DEBUG | .AdminStandardizedCompetencyResource : REST request to update knowledge area : KnowledgeAreaRequestDTO[title=knowledge area, shortTitle=ka, description=description, parentId=48]

Finished logs for UpdateKnowledgeArea
]]></system-out>
  <system-err><![CDATA[]]></system-err>
</testsuite>
