<?xml version="1.0" encoding="UTF-8"?>
<testsuite name="de.tum.cit.aet.artemis.assessment.GradingScaleIntegrationTest" tests="30" skipped="0" failures="0" errors="0" timestamp="2025-02-14T23:42:41" hostname="fv-az1721-502" time="2.713">
  <properties/>
  <testcase name="testGetGradingScaleForExam()" classname="de.tum.cit.aet.artemis.assessment.GradingScaleIntegrationTest" time="0.047"/>
  <testcase name="testSaveGradingScaleForCourse()" classname="de.tum.cit.aet.artemis.assessment.GradingScaleIntegrationTest" time="0.256"/>
  <testcase name="testSaveGradingScaleForExamGradingScaleAlreadyExists()" classname="de.tum.cit.aet.artemis.assessment.GradingScaleIntegrationTest" time="0.145"/>
  <testcase name="testUpdateGradingScaleForCourseInvalidGradeSteps()" classname="de.tum.cit.aet.artemis.assessment.GradingScaleIntegrationTest" time="0.1"/>
  <testcase name="testUpdateGradingScaleForCourse()" classname="de.tum.cit.aet.artemis.assessment.GradingScaleIntegrationTest" time="0.061"/>
  <testcase name="testDeleteCourseDeletesGradingScale()" classname="de.tum.cit.aet.artemis.assessment.GradingScaleIntegrationTest" time="0.105"/>
  <testcase name="testSaveGradingScaleForCourseWithChangedPresentationScore()" classname="de.tum.cit.aet.artemis.assessment.GradingScaleIntegrationTest" time="0.112"/>
  <testcase name="testUpdateGradingScaleForCourseGradingScaleNotFound()" classname="de.tum.cit.aet.artemis.assessment.GradingScaleIntegrationTest" time="0.084"/>
  <testcase name="testGetAllGradingScalesInInstructorGroupOnPageWithInstructor()" classname="de.tum.cit.aet.artemis.assessment.GradingScaleIntegrationTest" time="0.063"/>
  <testcase name="testDeleteGradingScaleForExam()" classname="de.tum.cit.aet.artemis.assessment.GradingScaleIntegrationTest" time="0.089"/>
  <testcase name="testDeleteGradingScaleForCourseNotFound()" classname="de.tum.cit.aet.artemis.assessment.GradingScaleIntegrationTest" time="0.111"/>
  <testcase name="testGetGradingScaleForExamNotFound()" classname="de.tum.cit.aet.artemis.assessment.GradingScaleIntegrationTest" time="0.04"/>
  <testcase name="testGetGradingScaleForCourseNotFound()" classname="de.tum.cit.aet.artemis.assessment.GradingScaleIntegrationTest" time="0.044"/>
  <testcase name="testDeleteGradingScaleForCourse()" classname="de.tum.cit.aet.artemis.assessment.GradingScaleIntegrationTest" time="0.074"/>
  <testcase name="testDeleteGradingScaleForExamNotFound()" classname="de.tum.cit.aet.artemis.assessment.GradingScaleIntegrationTest" time="0.039"/>
  <testcase name="testSaveGradingScaleForExam()" classname="de.tum.cit.aet.artemis.assessment.GradingScaleIntegrationTest" time="0.044"/>
  <testcase name="testSaveGradingScaleForCourseGradeStepsAreNotSet()" classname="de.tum.cit.aet.artemis.assessment.GradingScaleIntegrationTest" time="0.076"/>
  <testcase name="testUpdateGradingScaleForExam()" classname="de.tum.cit.aet.artemis.assessment.GradingScaleIntegrationTest" time="0.089"/>
  <testcase name="testUpdateGradingScaleForExamInvalidGradeSteps()" classname="de.tum.cit.aet.artemis.assessment.GradingScaleIntegrationTest" time="0.041"/>
  <testcase name="testSaveGradingScaleForExamGradeStepsAreNotSet()" classname="de.tum.cit.aet.artemis.assessment.GradingScaleIntegrationTest" time="0.063"/>
  <testcase name="testGetAllGradingScalesInInstructorGroupOnPageWithAdmin()" classname="de.tum.cit.aet.artemis.assessment.GradingScaleIntegrationTest" time="0.072"/>
  <testcase name="testDeleteExamDeletesGradingScale()" classname="de.tum.cit.aet.artemis.assessment.GradingScaleIntegrationTest" time="0.11"/>
  <testcase name="testSaveGradingScaleForCourseInvalidGradedPresentationConfiguration()" classname="de.tum.cit.aet.artemis.assessment.GradingScaleIntegrationTest" time="0.106"/>
  <testcase name="testUpdateGradingScaleForExamGradingScaleNotFound()" classname="de.tum.cit.aet.artemis.assessment.GradingScaleIntegrationTest" time="0.095"/>
  <testcase name="testGetGradingScaleForCourse()" classname="de.tum.cit.aet.artemis.assessment.GradingScaleIntegrationTest" time="0.096"/>
  <testcase name="testSaveGradingScaleForCourseInvalidBasicPresentationConfiguration()" classname="de.tum.cit.aet.artemis.assessment.GradingScaleIntegrationTest" time="0.115"/>
  <testcase name="testSaveGradingScaleWithSpecialGrades()" classname="de.tum.cit.aet.artemis.assessment.GradingScaleIntegrationTest" time="0.108"/>
  <testcase name="testSaveGradingScaleForExamInvalidGradeSteps()" classname="de.tum.cit.aet.artemis.assessment.GradingScaleIntegrationTest" time="0.096"/>
  <testcase name="testSaveGradingScaleForCourseGradingScaleAlreadyExists()" classname="de.tum.cit.aet.artemis.assessment.GradingScaleIntegrationTest" time="0.073"/>
  <testcase name="testSaveGradingScaleForCourseInvalidGradeSteps()" classname="de.tum.cit.aet.artemis.assessment.GradingScaleIntegrationTest" time="0.08"/>
  <system-out><![CDATA[
Starting logs for GradingScaleIntegrationTest

  Starting logs for GradingScaleIntegrationTest > testGetGradingScaleForExam()
    23:42:41.937 |  35 nPool-1-worker-9 | DEBUG | d.t.c.a.a.c.u.util.UserUtilService   : Generate 0 students...
    23:42:41.938 |  35 nPool-1-worker-9 | DEBUG | d.t.c.a.a.c.u.util.UserUtilService   : 0 students generated. Generate 0 tutors...
    23:42:41.939 |  35 nPool-1-worker-9 | DEBUG | d.t.c.a.a.c.u.util.UserUtilService   : 0 tutors generated. Generate 0 editors...
    23:42:41.941 |  35 nPool-1-worker-9 | DEBUG | d.t.c.a.a.c.u.util.UserUtilService   : 0 editors generated. Generate 1 instructors...
    23:42:41.943 |  35 nPool-1-worker-9 | DEBUG | d.t.c.a.a.c.u.util.UserUtilService   : 1 instructors generated
    23:42:41.944 |  35 nPool-1-worker-9 | DEBUG | d.t.c.a.a.c.u.util.UserUtilService   : Removing 2 users from all courses...
    23:42:41.945 |  35 nPool-1-worker-9 | DEBUG | d.t.c.a.a.c.u.util.UserUtilService   : Removing 2 users from all courses. Done
    23:42:41.945 |  35 nPool-1-worker-9 | DEBUG | d.t.c.a.a.c.u.util.UserUtilService   : Save 1 users to database...
    23:42:41.946 |  35 nPool-1-worker-9 | DEBUG | d.t.c.a.a.c.u.util.UserUtilService   : Save 1 users to database. Done
    23:42:41.955 |  35 nPool-1-worker-9 | INFO  | i.z.t.d.l.EmbeddedDatabaseReporter   : JDBC URL to connect to 'dataSource': url='jdbc:h2:tcp://localhost:41063/mem:df70fc46-7e57-4cb5-9cd0-c1d90c14afa7;USER=sa', scope='GradingScaleIntegrationTest#testGetGradingScaleForExam'
    23:42:41.957 |  35 nPool-1-worker-9 | DEBUG | d.t.c.a.a.c.s.f.ApiVersionFilter     : Adding Version to Request GET /api/courses/324/exams/61/grading-scale
    23:42:41.958 |  35 nPool-1-worker-9 | DEBUG | d.t.c.a.a.a.web.GradingScaleResource : REST request to get grading scale for exam: 61

  Starting logs for GradingScaleIntegrationTest > testSaveGradingScaleForCourse()
    23:42:41.995 |  35 nPool-1-worker-9 | DEBUG | d.t.c.a.a.c.u.util.UserUtilService   : Generate 0 students...
    23:42:41.997 |  35 nPool-1-worker-9 | DEBUG | d.t.c.a.a.c.u.util.UserUtilService   : 0 students generated. Generate 0 tutors...
    23:42:42.000 |  35 nPool-1-worker-9 | DEBUG | d.t.c.a.a.c.u.util.UserUtilService   : 0 tutors generated. Generate 0 editors...
    23:42:42.001 |  35 nPool-1-worker-9 | DEBUG | d.t.c.a.a.c.u.util.UserUtilService   : 0 editors generated. Generate 1 instructors...
    23:42:42.004 |  35 nPool-1-worker-9 | DEBUG | d.t.c.a.a.c.u.util.UserUtilService   : 1 instructors generated
    23:42:42.005 |  35 nPool-1-worker-9 | DEBUG | d.t.c.a.a.c.u.util.UserUtilService   : Removing 1 users from all courses...
    23:42:42.006 |  35 nPool-1-worker-9 | DEBUG | d.t.c.a.a.c.u.util.UserUtilService   : Removing 1 users from all courses. Done
    23:42:42.006 |  35 nPool-1-worker-9 | DEBUG | d.t.c.a.a.c.u.util.UserUtilService   : Save 1 users to database...
    23:42:42.009 |  35 nPool-1-worker-9 | DEBUG | d.t.c.a.a.c.u.util.UserUtilService   : Save 1 users to database. Done
    23:42:42.024 |  35 nPool-1-worker-9 | INFO  | i.z.t.d.l.EmbeddedDatabaseReporter   : JDBC URL to connect to 'dataSource': url='jdbc:h2:tcp://localhost:41063/mem:df70fc46-7e57-4cb5-9cd0-c1d90c14afa7;USER=sa', scope='GradingScaleIntegrationTest#testSaveGradingScaleForCourse'
    23:42:42.028 |  35 nPool-1-worker-9 | DEBUG | d.t.c.a.a.c.s.f.ApiVersionFilter     : Adding Version to Request POST /api/courses/325/grading-scale
    23:42:42.213 |  35 nPool-1-worker-9 | DEBUG | d.t.c.a.a.a.web.GradingScaleResource : REST request to create a grading scale for course: 325

  Starting logs for GradingScaleIntegrationTest > testSaveGradingScaleForExamGradingScaleAlreadyExists()
    23:42:42.250 |  35 nPool-1-worker-9 | DEBUG | d.t.c.a.a.c.u.util.UserUtilService   : Generate 0 students...
    23:42:42.252 |  35 nPool-1-worker-9 | DEBUG | d.t.c.a.a.c.u.util.UserUtilService   : 0 students generated. Generate 0 tutors...
    23:42:42.255 |  35 nPool-1-worker-9 | DEBUG | d.t.c.a.a.c.u.util.UserUtilService   : 0 tutors generated. Generate 0 editors...
    23:42:42.256 |  35 nPool-1-worker-9 | DEBUG | d.t.c.a.a.c.u.util.UserUtilService   : 0 editors generated. Generate 1 instructors...
    23:42:42.265 |  35 nPool-1-worker-9 | DEBUG | d.t.c.a.a.c.u.util.UserUtilService   : 1 instructors generated
    23:42:42.266 |  35 nPool-1-worker-9 | DEBUG | d.t.c.a.a.c.u.util.UserUtilService   : Removing 1 users from all courses...
    23:42:42.267 |  35 nPool-1-worker-9 | DEBUG | d.t.c.a.a.c.u.util.UserUtilService   : Removing 1 users from all courses. Done
    23:42:42.267 |  35 nPool-1-worker-9 | DEBUG | d.t.c.a.a.c.u.util.UserUtilService   : Save 1 users to database...
    23:42:42.309 |  35 nPool-1-worker-9 | DEBUG | d.t.c.a.a.c.u.util.UserUtilService   : Save 1 users to database. Done
    23:42:42.330 |  35 nPool-1-worker-9 | INFO  | i.z.t.d.l.EmbeddedDatabaseReporter   : JDBC URL to connect to 'dataSource': url='jdbc:h2:tcp://localhost:41063/mem:df70fc46-7e57-4cb5-9cd0-c1d90c14afa7;USER=sa', scope='GradingScaleIntegrationTest#testSaveGradingScaleForExamGradingScaleAlreadyExists'
    23:42:42.341 |  35 nPool-1-worker-9 | DEBUG | d.t.c.a.a.c.s.f.ApiVersionFilter     : Adding Version to Request POST /api/courses/326/exams/63/grading-scale
    23:42:42.350 |  35 nPool-1-worker-9 | DEBUG | d.t.c.a.a.a.web.GradingScaleResource : REST request to create a grading scale for exam: 63
    23:42:42.357 |  35 nPool-1-worker-9 | ERROR | tech.jhipster.web.util.HeaderUtil    : Entity processing failed, A grading scale already exists
    23:42:42.360 |  35 nPool-1-worker-9 | WARN  | o.z.p.spring.common.AdviceTraits     : Bad Request: A grading scale already exists

  Starting logs for GradingScaleIntegrationTest > testUpdateGradingScaleForCourseInvalidGradeSteps()
    23:42:42.379 | 566 localvc.event-13 | DEBUG | s.l.LocalCIWebsocketMessagingService : Sending message on topic /topic/admin/queued-jobs: [BuildJobQueueItem[id=4621739576562326, name=SHORT43ACF76B02BC1044B80938509D14043FABDETSTEXC-LOCALCIINTSTUDENT1, buildAgent=BuildAgentDTO[name=null, memberAddress=null, displayName=null], participationId=462, courseId=147, exerciseId=298, retryCount=0, priority=2, status=null, repositoryInfo=RepositoryInfo[repositoryName=short43acf76b02bc1044b80938509d14043fabdetstexc-localciintstudent1, repositoryType=user, triggeredByPushTo=user, assignmentRepositoryUri=, testRepositoryUri=, solutionRepositoryUri=, auxiliaryRepositoryUris=null, auxiliaryRepositoryCheckoutDirectories=null], jobTimingInfo=JobTimingInfo[submissionDate=2025-02-14T23:42:42.326978596Z[Etc/UTC], buildStartDate=null, buildCompletionDate=null, estimatedCompletionDate=null, estimatedDuration=19], buildConfig=BuildConfig[buildScript=, dockerImage=, commitHashToBuild=a9c717ccf7bcbe9531d3eee21dbaeb5aab2ff971, assignmentCommitHash=, testCommitHash=, branch=, programmingLanguage=null, projectType=null, scaEnabled=false, sequentialTestRunsEnabled=false, resultPaths=null, timeoutSeconds=0, assignmentCheckoutPath=, testCheckoutPath=, solutionCheckoutPath=, dockerRunConfig=null], submissionResult=null]]
    23:42:42.413 | 566 localvc.event-13 | DEBUG | s.l.LocalCIWebsocketMessagingService : Sending message on topic /topic/courses/147/queued-jobs: [BuildJobQueueItem[id=4621739576562326, name=SHORT43ACF76B02BC1044B80938509D14043FABDETSTEXC-LOCALCIINTSTUDENT1, buildAgent=BuildAgentDTO[name=null, memberAddress=null, displayName=null], participationId=462, courseId=147, exerciseId=298, retryCount=0, priority=2, status=null, repositoryInfo=RepositoryInfo[repositoryName=short43acf76b02bc1044b80938509d14043fabdetstexc-localciintstudent1, repositoryType=user, triggeredByPushTo=user, assignmentRepositoryUri=, testRepositoryUri=, solutionRepositoryUri=, auxiliaryRepositoryUris=null, auxiliaryRepositoryCheckoutDirectories=null], jobTimingInfo=JobTimingInfo[submissionDate=2025-02-14T23:42:42.326978596Z[Etc/UTC], buildStartDate=null, buildCompletionDate=null, estimatedCompletionDate=null, estimatedDuration=19], buildConfig=BuildConfig[buildScript=, dockerImage=, commitHashToBuild=a9c717ccf7bcbe9531d3eee21dbaeb5aab2ff971, assignmentCommitHash=, testCommitHash=, branch=, programmingLanguage=null, projectType=null, scaEnabled=false, sequentialTestRunsEnabled=false, resultPaths=null, timeoutSeconds=0, assignmentCheckoutPath=, testCheckoutPath=, solutionCheckoutPath=, dockerRunConfig=null], submissionResult=null]]
    23:42:42.409 |  35 nPool-1-worker-9 | DEBUG | d.t.c.a.a.c.u.util.UserUtilService   : Generate 0 students...
    23:42:42.414 | 566 localvc.event-13 | DEBUG | a.a.b.s.SharedQueueProcessingService : CIBuildJobQueueItem added to queue: BuildJobQueueItem[id=4621739576562326, name=SHORT43ACF76B02BC1044B80938509D14043FABDETSTEXC-LOCALCIINTSTUDENT1, buildAgent=BuildAgentDTO[name=null, memberAddress=null, displayName=null], participationId=462, courseId=147, exerciseId=298, retryCount=0, priority=2, status=null, repositoryInfo=RepositoryInfo[repositoryName=short43acf76b02bc1044b80938509d14043fabdetstexc-localciintstudent1, repositoryType=user, triggeredByPushTo=user, assignmentRepositoryUri=http://localhost:49152/git/SHORT43ACF76B02BC1044B80938509D14043FABDETSTEXC/short43acf76b02bc1044b80938509d14043fabdetstexc-localciintstudent1.git, testRepositoryUri=http://localhost:49152/git/SHORT43ACF76B02BC1044B80938509D14043FABDETSTEXC/short43acf76b02bc1044b80938509d14043fabdetstexc-tests.git, solutionRepositoryUri=null, auxiliaryRepositoryUris=[Ljava.lang.String;@448c4d07, auxiliaryRepositoryCheckoutDirectories=[Ljava.lang.String;@6e994248], jobTimingInfo=JobTimingInfo[submissionDate=2025-02-14T23:42:42.326978596Z[Etc/UTC], buildStartDate=null, buildCompletionDate=null, estimatedCompletionDate=null, estimatedDuration=19], buildConfig=BuildConfig[buildScript=#!/bin/bash
cd /var/tmp/testing-dir
chmod +x ./gradlew
./gradlew clean test
, dockerImage=dummy-docker-image:latest, commitHashToBuild=a9c717ccf7bcbe9531d3eee21dbaeb5aab2ff971, assignmentCommitHash=a9c717ccf7bcbe9531d3eee21dbaeb5aab2ff971, testCommitHash=a9c717ccf7bcbe9531d3eee21dbaeb5aab2ff971, branch=main, programmingLanguage=JAVA, projectType=PLAIN_GRADLE, scaEnabled=false, sequentialTestRunsEnabled=false, resultPaths=[/var/tmp/testing-dir/**/test-results/test/*.xml], timeoutSeconds=0, assignmentCheckoutPath=null, testCheckoutPath=null, solutionCheckoutPath=null, dockerRunConfig=DockerRunConfig[isNetworkDisabled=true, env=[key=value]]], submissionResult=null]
    23:42:42.414 |  35 nPool-1-worker-9 | DEBUG | d.t.c.a.a.c.u.util.UserUtilService   : 0 students generated. Generate 0 tutors...
    23:42:42.417 | 566 localvc.event-13 | DEBUG | a.a.b.s.SharedQueueProcessingService : Current queued items: 1
    23:42:42.418 | 566 localvc.event-13 | DEBUG | a.a.b.s.SharedQueueProcessingService : Currently processing jobs on this node: 0, active threads in Pool: 0, maximum pool size of thread executor : 1
    23:42:42.418 | 566 localvc.event-13 | DEBUG | a.a.b.s.SharedQueueProcessingService : Currently processing jobs on this node: 0, active threads in Pool: 0, maximum pool size of thread executor : 1
    23:42:42.421 | 564 localvc.event-11 | DEBUG | a.p.s.l.LocalCIQueueWebsocketService : CIBuildJobQueueItem added to processing jobs: BuildJobQueueItem[id=4621739576562326, name=SHORT43ACF76B02BC1044B80938509D14043FABDETSTEXC-LOCALCIINTSTUDENT1, buildAgent=BuildAgentDTO[name=artemis-build-agent-test, memberAddress=[127.0.0.1]:5703, displayName=artemis-build-agent-test], participationId=462, courseId=147, exerciseId=298, retryCount=0, priority=2, status=null, repositoryInfo=RepositoryInfo[repositoryName=short43acf76b02bc1044b80938509d14043fabdetstexc-localciintstudent1, repositoryType=user, triggeredByPushTo=user, assignmentRepositoryUri=http://localhost:49152/git/SHORT43ACF76B02BC1044B80938509D14043FABDETSTEXC/short43acf76b02bc1044b80938509d14043fabdetstexc-localciintstudent1.git, testRepositoryUri=http://localhost:49152/git/SHORT43ACF76B02BC1044B80938509D14043FABDETSTEXC/short43acf76b02bc1044b80938509d14043fabdetstexc-tests.git, solutionRepositoryUri=null, auxiliaryRepositoryUris=[Ljava.lang.String;@23e6127d, auxiliaryRepositoryCheckoutDirectories=[Ljava.lang.String;@27d992d9], jobTimingInfo=JobTimingInfo[submissionDate=2025-02-14T23:42:42.326978596Z[Etc/UTC], buildStartDate=2025-02-14T23:42:42.420147010Z[Etc/UTC], buildCompletionDate=null, estimatedCompletionDate=2025-02-14T23:43:01.420129377Z[Etc/UTC], estimatedDuration=19], buildConfig=BuildConfig[buildScript=#!/bin/bash
cd /var/tmp/testing-dir
chmod +x ./gradlew
./gradlew clean test
, dockerImage=dummy-docker-image:latest, commitHashToBuild=a9c717ccf7bcbe9531d3eee21dbaeb5aab2ff971, assignmentCommitHash=a9c717ccf7bcbe9531d3eee21dbaeb5aab2ff971, testCommitHash=a9c717ccf7bcbe9531d3eee21dbaeb5aab2ff971, branch=main, programmingLanguage=JAVA, projectType=PLAIN_GRADLE, scaEnabled=false, sequentialTestRunsEnabled=false, resultPaths=[/var/tmp/testing-dir/**/test-results/test/*.xml], timeoutSeconds=0, assignmentCheckoutPath=null, testCheckoutPath=null, solutionCheckoutPath=null, dockerRunConfig=DockerRunConfig[isNetworkDisabled=true, env=[key=value]]], submissionResult=null]
    23:42:42.425 | 564 localvc.event-11 | DEBUG | s.l.LocalCIWebsocketMessagingService : Sending message on topic /topic/admin/running-jobs: [BuildJobQueueItem[id=4621739576562326, name=SHORT43ACF76B02BC1044B80938509D14043FABDETSTEXC-LOCALCIINTSTUDENT1, buildAgent=BuildAgentDTO[name=artemis-build-agent-test, memberAddress=[127.0.0.1]:5703, displayName=artemis-build-agent-test], participationId=462, courseId=147, exerciseId=298, retryCount=0, priority=2, status=null, repositoryInfo=RepositoryInfo[repositoryName=short43acf76b02bc1044b80938509d14043fabdetstexc-localciintstudent1, repositoryType=user, triggeredByPushTo=user, assignmentRepositoryUri=, testRepositoryUri=, solutionRepositoryUri=, auxiliaryRepositoryUris=null, auxiliaryRepositoryCheckoutDirectories=null], jobTimingInfo=JobTimingInfo[submissionDate=2025-02-14T23:42:42.326978596Z[Etc/UTC], buildStartDate=2025-02-14T23:42:42.420147010Z[Etc/UTC], buildCompletionDate=null, estimatedCompletionDate=2025-02-14T23:43:01.420129377Z[Etc/UTC], estimatedDuration=19], buildConfig=BuildConfig[buildScript=, dockerImage=, commitHashToBuild=a9c717ccf7bcbe9531d3eee21dbaeb5aab2ff971, assignmentCommitHash=, testCommitHash=, branch=, programmingLanguage=null, projectType=null, scaEnabled=false, sequentialTestRunsEnabled=false, resultPaths=null, timeoutSeconds=0, assignmentCheckoutPath=, testCheckoutPath=, solutionCheckoutPath=, dockerRunConfig=null], submissionResult=null]]
    23:42:42.426 | 564 localvc.event-11 | DEBUG | s.l.LocalCIWebsocketMessagingService : Sending message on topic /topic/courses/147/running-jobs: [BuildJobQueueItem[id=4621739576562326, name=SHORT43ACF76B02BC1044B80938509D14043FABDETSTEXC-LOCALCIINTSTUDENT1, buildAgent=BuildAgentDTO[name=artemis-build-agent-test, memberAddress=[127.0.0.1]:5703, displayName=artemis-build-agent-test], participationId=462, courseId=147, exerciseId=298, retryCount=0, priority=2, status=null, repositoryInfo=RepositoryInfo[repositoryName=short43acf76b02bc1044b80938509d14043fabdetstexc-localciintstudent1, repositoryType=user, triggeredByPushTo=user, assignmentRepositoryUri=, testRepositoryUri=, solutionRepositoryUri=, auxiliaryRepositoryUris=null, auxiliaryRepositoryCheckoutDirectories=null], jobTimingInfo=JobTimingInfo[submissionDate=2025-02-14T23:42:42.326978596Z[Etc/UTC], buildStartDate=2025-02-14T23:42:42.420147010Z[Etc/UTC], buildCompletionDate=null, estimatedCompletionDate=2025-02-14T23:43:01.420129377Z[Etc/UTC], estimatedDuration=19], buildConfig=BuildConfig[buildScript=, dockerImage=, commitHashToBuild=a9c717ccf7bcbe9531d3eee21dbaeb5aab2ff971, assignmentCommitHash=, testCommitHash=, branch=, programmingLanguage=null, projectType=null, scaEnabled=false, sequentialTestRunsEnabled=false, resultPaths=null, timeoutSeconds=0, assignmentCheckoutPath=, testCheckoutPath=, solutionCheckoutPath=, dockerRunConfig=null], submissionResult=null]]
    23:42:42.427 |  35 nPool-1-worker-9 | DEBUG | d.t.c.a.a.c.u.util.UserUtilService   : 0 tutors generated. Generate 0 editors...
    23:42:42.428 |  35 nPool-1-worker-9 | DEBUG | d.t.c.a.a.c.u.util.UserUtilService   : 0 editors generated. Generate 1 instructors...
    23:42:42.432 | 566 localvc.event-13 | INFO  | a.a.b.s.SharedQueueProcessingService : Processing build job: BuildJobQueueItem[id=4621739576562326, name=SHORT43ACF76B02BC1044B80938509D14043FABDETSTEXC-LOCALCIINTSTUDENT1, buildAgent=BuildAgentDTO[name=artemis-build-agent-test, memberAddress=[127.0.0.1]:5703, displayName=artemis-build-agent-test], participationId=462, courseId=147, exerciseId=298, retryCount=0, priority=2, status=null, repositoryInfo=RepositoryInfo[repositoryName=short43acf76b02bc1044b80938509d14043fabdetstexc-localciintstudent1, repositoryType=user, triggeredByPushTo=user, assignmentRepositoryUri=http://localhost:49152/git/SHORT43ACF76B02BC1044B80938509D14043FABDETSTEXC/short43acf76b02bc1044b80938509d14043fabdetstexc-localciintstudent1.git, testRepositoryUri=http://localhost:49152/git/SHORT43ACF76B02BC1044B80938509D14043FABDETSTEXC/short43acf76b02bc1044b80938509d14043fabdetstexc-tests.git, solutionRepositoryUri=null, auxiliaryRepositoryUris=[Ljava.lang.String;@4d60a121, auxiliaryRepositoryCheckoutDirectories=[Ljava.lang.String;@7e7965f2], jobTimingInfo=JobTimingInfo[submissionDate=2025-02-14T23:42:42.326978596Z[Etc/UTC], buildStartDate=2025-02-14T23:42:42.420147010Z[Etc/UTC], buildCompletionDate=null, estimatedCompletionDate=2025-02-14T23:43:01.420129377Z[Etc/UTC], estimatedDuration=19], buildConfig=BuildConfig[buildScript=#!/bin/bash
cd /var/tmp/testing-dir
chmod +x ./gradlew
./gradlew clean test
, dockerImage=dummy-docker-image:latest, commitHashToBuild=a9c717ccf7bcbe9531d3eee21dbaeb5aab2ff971, assignmentCommitHash=a9c717ccf7bcbe9531d3eee21dbaeb5aab2ff971, testCommitHash=a9c717ccf7bcbe9531d3eee21dbaeb5aab2ff971, branch=main, programmingLanguage=JAVA, projectType=PLAIN_GRADLE, scaEnabled=false, sequentialTestRunsEnabled=false, resultPaths=[/var/tmp/testing-dir/**/test-results/test/*.xml], timeoutSeconds=0, assignmentCheckoutPath=null, testCheckoutPath=null, solutionCheckoutPath=null, dockerRunConfig=DockerRunConfig[isNetworkDisabled=true, env=[key=value]]], submissionResult=null]
    23:42:42.433 |  35 nPool-1-worker-9 | DEBUG | d.t.c.a.a.c.u.util.UserUtilService   : 1 instructors generated
    23:42:42.439 |  35 nPool-1-worker-9 | DEBUG | d.t.c.a.a.c.u.util.UserUtilService   : Removing 1 users from all courses...
    23:42:42.440 |  35 nPool-1-worker-9 | DEBUG | d.t.c.a.a.c.u.util.UserUtilService   : Removing 1 users from all courses. Done
    23:42:42.440 |  35 nPool-1-worker-9 | DEBUG | d.t.c.a.a.c.u.util.UserUtilService   : Save 1 users to database...
    23:42:42.445 |  35 nPool-1-worker-9 | DEBUG | d.t.c.a.a.c.u.util.UserUtilService   : Save 1 users to database. Done
    23:42:42.460 |  35 nPool-1-worker-9 | INFO  | i.z.t.d.l.EmbeddedDatabaseReporter   : JDBC URL to connect to 'dataSource': url='jdbc:h2:tcp://localhost:41063/mem:df70fc46-7e57-4cb5-9cd0-c1d90c14afa7;USER=sa', scope='GradingScaleIntegrationTest#testUpdateGradingScaleForCourseInvalidGradeSteps'
    23:42:42.466 |  35 nPool-1-worker-9 | DEBUG | d.t.c.a.a.c.s.f.ApiVersionFilter     : Adding Version to Request PUT /api/courses/327/grading-scale
    23:42:42.467 |  35 nPool-1-worker-9 | DEBUG | d.t.c.a.a.a.web.GradingScaleResource : REST request to update a grading scale for course: 327
    23:42:42.477 |  35 nPool-1-worker-9 | ERROR | tech.jhipster.web.util.HeaderUtil    : Entity processing failed, Grade step set can't match to a valid grading scale.
    23:42:42.477 |  35 nPool-1-worker-9 | WARN  | o.z.p.spring.common.AdviceTraits     : Bad Request: Grade step set can't match to a valid grading scale.

  Starting logs for GradingScaleIntegrationTest > testUpdateGradingScaleForCourse()
    23:42:42.514 |  35 nPool-1-worker-9 | DEBUG | d.t.c.a.a.c.u.util.UserUtilService   : Generate 0 students...
    23:42:42.517 |  35 nPool-1-worker-9 | DEBUG | d.t.c.a.a.c.u.util.UserUtilService   : 0 students generated. Generate 0 tutors...
    23:42:42.522 |  35 nPool-1-worker-9 | DEBUG | d.t.c.a.a.c.u.util.UserUtilService   : 0 tutors generated. Generate 0 editors...
    23:42:42.523 |  35 nPool-1-worker-9 | DEBUG | d.t.c.a.a.c.u.util.UserUtilService   : 0 editors generated. Generate 1 instructors...
    23:42:42.528 |  35 nPool-1-worker-9 | DEBUG | d.t.c.a.a.c.u.util.UserUtilService   : 1 instructors generated
    23:42:42.529 |  35 nPool-1-worker-9 | DEBUG | d.t.c.a.a.c.u.util.UserUtilService   : Removing 1 users from all courses...
    23:42:42.530 |  35 nPool-1-worker-9 | DEBUG | d.t.c.a.a.c.u.util.UserUtilService   : Removing 1 users from all courses. Done
    23:42:42.530 |  35 nPool-1-worker-9 | DEBUG | d.t.c.a.a.c.u.util.UserUtilService   : Save 1 users to database...
    23:42:42.533 |  35 nPool-1-worker-9 | DEBUG | d.t.c.a.a.c.u.util.UserUtilService   : Save 1 users to database. Done
    23:42:42.543 |  35 nPool-1-worker-9 | INFO  | i.z.t.d.l.EmbeddedDatabaseReporter   : JDBC URL to connect to 'dataSource': url='jdbc:h2:tcp://localhost:41063/mem:df70fc46-7e57-4cb5-9cd0-c1d90c14afa7;USER=sa', scope='GradingScaleIntegrationTest#testUpdateGradingScaleForCourse'
    23:42:42.545 |  35 nPool-1-worker-9 | DEBUG | d.t.c.a.a.c.s.f.ApiVersionFilter     : Adding Version to Request PUT /api/courses/328/grading-scale
    23:42:42.547 |  35 nPool-1-worker-9 | DEBUG | d.t.c.a.a.a.web.GradingScaleResource : REST request to update a grading scale for course: 328

  Starting logs for GradingScaleIntegrationTest > testDeleteCourseDeletesGradingScale()
    23:42:42.570 |  35 nPool-1-worker-9 | DEBUG | d.t.c.a.a.c.u.util.UserUtilService   : Generate 0 students...
    23:42:42.571 |  35 nPool-1-worker-9 | DEBUG | d.t.c.a.a.c.u.util.UserUtilService   : 0 students generated. Generate 0 tutors...
    23:42:42.572 |  35 nPool-1-worker-9 | DEBUG | d.t.c.a.a.c.u.util.UserUtilService   : 0 tutors generated. Generate 0 editors...
    23:42:42.574 |  35 nPool-1-worker-9 | DEBUG | d.t.c.a.a.c.u.util.UserUtilService   : 0 editors generated. Generate 1 instructors...
    23:42:42.578 |  35 nPool-1-worker-9 | DEBUG | d.t.c.a.a.c.u.util.UserUtilService   : 1 instructors generated
    23:42:42.580 |  35 nPool-1-worker-9 | DEBUG | d.t.c.a.a.c.u.util.UserUtilService   : Removing 1 users from all courses...
    23:42:42.580 |  35 nPool-1-worker-9 | DEBUG | d.t.c.a.a.c.u.util.UserUtilService   : Removing 1 users from all courses. Done
    23:42:42.580 |  35 nPool-1-worker-9 | DEBUG | d.t.c.a.a.c.u.util.UserUtilService   : Save 1 users to database...
    23:42:42.582 |  35 nPool-1-worker-9 | DEBUG | d.t.c.a.a.c.u.util.UserUtilService   : Save 1 users to database. Done
    23:42:42.593 |  35 nPool-1-worker-9 | INFO  | i.z.t.d.l.EmbeddedDatabaseReporter   : JDBC URL to connect to 'dataSource': url='jdbc:h2:tcp://localhost:41063/mem:df70fc46-7e57-4cb5-9cd0-c1d90c14afa7;USER=sa', scope='GradingScaleIntegrationTest#testDeleteCourseDeletesGradingScale'
    23:42:42.596 |  35 nPool-1-worker-9 | DEBUG | d.t.c.a.a.c.s.f.ApiVersionFilter     : Adding Version to Request DELETE /api/admin/courses/329
    23:42:42.596 |  35 nPool-1-worker-9 | INFO  | d.t.c.a.a.c.w.a.AdminCourseResource  : REST request to delete Course : 329
    23:42:42.607 |  35 nPool-1-worker-9 | INFO  | d.t.c.a.a.c.w.a.AdminCourseResource  : User admin has requested to delete the course Course title b5c54a73-4288-4035-aa5c-a00c8d2e64cb
    23:42:42.607 |  35 nPool-1-worker-9 | DEBUG | d.t.c.a.a.core.service.CourseService : Request to delete Course : Course title b5c54a73-4288-4035-aa5c-a00c8d2e64cb
    23:42:42.623 |  35 nPool-1-worker-9 | INFO  | d.t.c.a.a.e.s.ExamDeletionService    : User admin has requested to delete the exam Real exam 1
    23:42:42.635 |  35 nPool-1-worker-9 | WARN  | .c.a.a.c.s.TitleCacheEvictionService : Unable to clear title of exercises from exercise group 65: Exercises not initialized
    23:42:42.639 |  35 nPool-1-worker-9 | INFO  | .c.a.a.c.s.TitleCacheEvictionService : Evicted entry '66' from title cache 'examTitle'
    23:42:42.654 |  35 nPool-1-worker-9 | INFO  | .c.a.a.c.s.TitleCacheEvictionService : Evicted entry '329' from title cache 'courseTitle'
    23:42:42.657 |  35 nPool-1-worker-9 | DEBUG | d.t.c.a.a.core.service.CourseService : Successfully deleted course Course title b5c54a73-4288-4035-aa5c-a00c8d2e64cb.

  Starting logs for GradingScaleIntegrationTest > testSaveGradingScaleForCourseWithChangedPresentationScore()
    23:42:42.684 |  35 nPool-1-worker-9 | DEBUG | d.t.c.a.a.c.u.util.UserUtilService   : Generate 0 students...
    23:42:42.686 |  35 nPool-1-worker-9 | DEBUG | d.t.c.a.a.c.u.util.UserUtilService   : 0 students generated. Generate 0 tutors...
    23:42:42.691 |  35 nPool-1-worker-9 | DEBUG | d.t.c.a.a.c.u.util.UserUtilService   : 0 tutors generated. Generate 0 editors...
    23:42:42.695 |  35 nPool-1-worker-9 | DEBUG | d.t.c.a.a.c.u.util.UserUtilService   : 0 editors generated. Generate 1 instructors...
    23:42:42.699 |  35 nPool-1-worker-9 | DEBUG | d.t.c.a.a.c.u.util.UserUtilService   : 1 instructors generated
    23:42:42.701 |  35 nPool-1-worker-9 | DEBUG | d.t.c.a.a.c.u.util.UserUtilService   : Removing 1 users from all courses...
    23:42:42.705 |  35 nPool-1-worker-9 | DEBUG | d.t.c.a.a.c.u.util.UserUtilService   : Removing 1 users from all courses. Done
    23:42:42.705 |  35 nPool-1-worker-9 | DEBUG | d.t.c.a.a.c.u.util.UserUtilService   : Save 1 users to database...
    23:42:42.707 |  35 nPool-1-worker-9 | DEBUG | d.t.c.a.a.c.u.util.UserUtilService   : Save 1 users to database. Done
    23:42:42.740 |  35 nPool-1-worker-9 | INFO  | i.z.t.d.l.EmbeddedDatabaseReporter   : JDBC URL to connect to 'dataSource': url='jdbc:h2:tcp://localhost:41063/mem:df70fc46-7e57-4cb5-9cd0-c1d90c14afa7;USER=sa', scope='GradingScaleIntegrationTest#testSaveGradingScaleForCourseWithChangedPresentationScore'
    23:42:42.745 |  35 nPool-1-worker-9 | DEBUG | d.t.c.a.a.c.s.f.ApiVersionFilter     : Adding Version to Request POST /api/courses/330/grading-scale
    23:42:42.750 |  35 nPool-1-worker-9 | DEBUG | d.t.c.a.a.a.web.GradingScaleResource : REST request to create a grading scale for course: 330

  Starting logs for GradingScaleIntegrationTest > testUpdateGradingScaleForCourseGradingScaleNotFound()
    23:42:42.803 |  35 nPool-1-worker-9 | DEBUG | d.t.c.a.a.c.u.util.UserUtilService   : Generate 0 students...
    23:42:42.805 |  35 nPool-1-worker-9 | DEBUG | d.t.c.a.a.c.u.util.UserUtilService   : 0 students generated. Generate 0 tutors...
    23:42:42.809 |  35 nPool-1-worker-9 | DEBUG | d.t.c.a.a.c.u.util.UserUtilService   : 0 tutors generated. Generate 0 editors...
    23:42:42.811 |  35 nPool-1-worker-9 | DEBUG | d.t.c.a.a.c.u.util.UserUtilService   : 0 editors generated. Generate 1 instructors...
    23:42:42.816 |  35 nPool-1-worker-9 | DEBUG | d.t.c.a.a.c.u.util.UserUtilService   : 1 instructors generated
    23:42:42.820 |  35 nPool-1-worker-9 | DEBUG | d.t.c.a.a.c.u.util.UserUtilService   : Removing 1 users from all courses...
    23:42:42.824 |  35 nPool-1-worker-9 | DEBUG | d.t.c.a.a.c.u.util.UserUtilService   : Removing 1 users from all courses. Done
    23:42:42.824 |  35 nPool-1-worker-9 | DEBUG | d.t.c.a.a.c.u.util.UserUtilService   : Save 1 users to database...
    23:42:42.827 |  35 nPool-1-worker-9 | DEBUG | d.t.c.a.a.c.u.util.UserUtilService   : Save 1 users to database. Done
    23:42:42.845 |  35 nPool-1-worker-9 | INFO  | i.z.t.d.l.EmbeddedDatabaseReporter   : JDBC URL to connect to 'dataSource': url='jdbc:h2:tcp://localhost:41063/mem:df70fc46-7e57-4cb5-9cd0-c1d90c14afa7;USER=sa', scope='GradingScaleIntegrationTest#testUpdateGradingScaleForCourseGradingScaleNotFound'
    23:42:42.850 |  35 nPool-1-worker-9 | DEBUG | d.t.c.a.a.c.s.f.ApiVersionFilter     : Adding Version to Request PUT /api/courses/331/grading-scale
    23:42:42.854 |  35 nPool-1-worker-9 | DEBUG | d.t.c.a.a.a.web.GradingScaleResource : REST request to update a grading scale for course: 331
    23:42:42.856 |  35 nPool-1-worker-9 | WARN  | o.z.p.spring.common.AdviceTraits     : Not Found: GradingScale

  Starting logs for GradingScaleIntegrationTest > testGetAllGradingScalesInInstructorGroupOnPageWithInstructor()
    23:42:42.879 |  35 nPool-1-worker-9 | DEBUG | d.t.c.a.a.c.u.util.UserUtilService   : Generate 0 students...
    23:42:42.881 |  35 nPool-1-worker-9 | DEBUG | d.t.c.a.a.c.u.util.UserUtilService   : 0 students generated. Generate 0 tutors...
    23:42:42.882 |  35 nPool-1-worker-9 | DEBUG | d.t.c.a.a.c.u.util.UserUtilService   : 0 tutors generated. Generate 0 editors...
    23:42:42.883 |  35 nPool-1-worker-9 | DEBUG | d.t.c.a.a.c.u.util.UserUtilService   : 0 editors generated. Generate 1 instructors...
    23:42:42.887 |  35 nPool-1-worker-9 | DEBUG | d.t.c.a.a.c.u.util.UserUtilService   : 1 instructors generated
    23:42:42.888 |  35 nPool-1-worker-9 | DEBUG | d.t.c.a.a.c.u.util.UserUtilService   : Removing 1 users from all courses...
    23:42:42.888 |  35 nPool-1-worker-9 | DEBUG | d.t.c.a.a.c.u.util.UserUtilService   : Removing 1 users from all courses. Done
    23:42:42.888 |  35 nPool-1-worker-9 | DEBUG | d.t.c.a.a.c.u.util.UserUtilService   : Save 1 users to database...
    23:42:42.890 |  35 nPool-1-worker-9 | DEBUG | d.t.c.a.a.c.u.util.UserUtilService   : Save 1 users to database. Done
    23:42:42.900 |  35 nPool-1-worker-9 | INFO  | i.z.t.d.l.EmbeddedDatabaseReporter   : JDBC URL to connect to 'dataSource': url='jdbc:h2:tcp://localhost:41063/mem:df70fc46-7e57-4cb5-9cd0-c1d90c14afa7;USER=sa', scope='GradingScaleIntegrationTest#testGetAllGradingScalesInInstructorGroupOnPageWithInstructor'
    23:42:42.902 |  35 nPool-1-worker-9 | DEBUG | d.t.c.a.a.c.s.f.ApiVersionFilter     : Adding Version to Request GET /api/grading-scales
    23:42:42.916 |  35 nPool-1-worker-9 | DEBUG | d.t.c.a.a.c.s.f.ApiVersionFilter     : Adding Version to Request GET /api/grading-scales
    23:42:42.924 |  35 nPool-1-worker-9 | DEBUG | d.t.c.a.a.c.s.f.ApiVersionFilter     : Adding Version to Request GET /api/grading-scales

  Starting logs for GradingScaleIntegrationTest > testDeleteGradingScaleForExam()
    23:42:42.945 |  35 nPool-1-worker-9 | DEBUG | d.t.c.a.a.c.u.util.UserUtilService   : Generate 0 students...
    23:42:42.948 |  35 nPool-1-worker-9 | DEBUG | d.t.c.a.a.c.u.util.UserUtilService   : 0 students generated. Generate 0 tutors...
    23:42:42.951 |  35 nPool-1-worker-9 | DEBUG | d.t.c.a.a.c.u.util.UserUtilService   : 0 tutors generated. Generate 0 editors...
    23:42:42.953 |  35 nPool-1-worker-9 | DEBUG | d.t.c.a.a.c.u.util.UserUtilService   : 0 editors generated. Generate 1 instructors...
    23:42:42.962 |  35 nPool-1-worker-9 | DEBUG | d.t.c.a.a.c.u.util.UserUtilService   : 1 instructors generated
    23:42:42.963 |  35 nPool-1-worker-9 | DEBUG | d.t.c.a.a.c.u.util.UserUtilService   : Removing 1 users from all courses...
    23:42:42.964 |  35 nPool-1-worker-9 | DEBUG | d.t.c.a.a.c.u.util.UserUtilService   : Removing 1 users from all courses. Done
    23:42:42.964 |  35 nPool-1-worker-9 | DEBUG | d.t.c.a.a.c.u.util.UserUtilService   : Save 1 users to database...
    23:42:42.969 |  35 nPool-1-worker-9 | DEBUG | d.t.c.a.a.c.u.util.UserUtilService   : Save 1 users to database. Done
    23:42:42.987 |  35 nPool-1-worker-9 | INFO  | i.z.t.d.l.EmbeddedDatabaseReporter   : JDBC URL to connect to 'dataSource': url='jdbc:h2:tcp://localhost:41063/mem:df70fc46-7e57-4cb5-9cd0-c1d90c14afa7;USER=sa', scope='GradingScaleIntegrationTest#testDeleteGradingScaleForExam'
    23:42:42.990 |  35 nPool-1-worker-9 | DEBUG | d.t.c.a.a.c.s.f.ApiVersionFilter     : Adding Version to Request DELETE /api/courses/333/exams/70/grading-scale
    23:42:42.991 |  35 nPool-1-worker-9 | DEBUG | d.t.c.a.a.a.web.GradingScaleResource : REST request to delete the grading scale for exam: 70

  Starting logs for GradingScaleIntegrationTest > testDeleteGradingScaleForCourseNotFound()
    23:42:43.057 |  35 nPool-1-worker-9 | DEBUG | d.t.c.a.a.c.u.util.UserUtilService   : Generate 0 students...
    23:42:43.058 |  35 nPool-1-worker-9 | DEBUG | d.t.c.a.a.c.u.util.UserUtilService   : 0 students generated. Generate 0 tutors...
    23:42:43.064 |  35 nPool-1-worker-9 | DEBUG | d.t.c.a.a.c.u.util.UserUtilService   : 0 tutors generated. Generate 0 editors...
    23:42:43.066 |  35 nPool-1-worker-9 | DEBUG | d.t.c.a.a.c.u.util.UserUtilService   : 0 editors generated. Generate 1 instructors...
    23:42:43.077 |  35 nPool-1-worker-9 | DEBUG | d.t.c.a.a.c.u.util.UserUtilService   : 1 instructors generated
    23:42:43.082 |  35 nPool-1-worker-9 | DEBUG | d.t.c.a.a.c.u.util.UserUtilService   : Removing 1 users from all courses...
    23:42:43.082 |  35 nPool-1-worker-9 | DEBUG | d.t.c.a.a.c.u.util.UserUtilService   : Removing 1 users from all courses. Done
    23:42:43.082 |  35 nPool-1-worker-9 | DEBUG | d.t.c.a.a.c.u.util.UserUtilService   : Save 1 users to database...
    23:42:43.091 |  35 nPool-1-worker-9 | DEBUG | d.t.c.a.a.c.u.util.UserUtilService   : Save 1 users to database. Done
    23:42:43.121 |  35 nPool-1-worker-9 | INFO  | i.z.t.d.l.EmbeddedDatabaseReporter   : JDBC URL to connect to 'dataSource': url='jdbc:h2:tcp://localhost:41063/mem:df70fc46-7e57-4cb5-9cd0-c1d90c14afa7;USER=sa', scope='GradingScaleIntegrationTest#testDeleteGradingScaleForCourseNotFound'
    23:42:43.123 |  35 nPool-1-worker-9 | DEBUG | d.t.c.a.a.c.s.f.ApiVersionFilter     : Adding Version to Request DELETE /api/courses/334/grading-scale
    23:42:43.124 |  35 nPool-1-worker-9 | DEBUG | d.t.c.a.a.a.web.GradingScaleResource : REST request to delete the grading scale for course: 334
    23:42:43.129 |  35 nPool-1-worker-9 | WARN  | o.z.p.spring.common.AdviceTraits     : Not Found: GradingScale

  Starting logs for GradingScaleIntegrationTest > testGetGradingScaleForExamNotFound()
    23:42:43.152 |  35 nPool-1-worker-9 | DEBUG | d.t.c.a.a.c.u.util.UserUtilService   : Generate 0 students...
    23:42:43.154 |  35 nPool-1-worker-9 | DEBUG | d.t.c.a.a.c.u.util.UserUtilService   : 0 students generated. Generate 0 tutors...
    23:42:43.155 |  35 nPool-1-worker-9 | DEBUG | d.t.c.a.a.c.u.util.UserUtilService   : 0 tutors generated. Generate 0 editors...
    23:42:43.157 |  35 nPool-1-worker-9 | DEBUG | d.t.c.a.a.c.u.util.UserUtilService   : 0 editors generated. Generate 1 instructors...
    23:42:43.160 |  35 nPool-1-worker-9 | DEBUG | d.t.c.a.a.c.u.util.UserUtilService   : 1 instructors generated
    23:42:43.161 |  35 nPool-1-worker-9 | DEBUG | d.t.c.a.a.c.u.util.UserUtilService   : Removing 1 users from all courses...
    23:42:43.161 |  35 nPool-1-worker-9 | DEBUG | d.t.c.a.a.c.u.util.UserUtilService   : Removing 1 users from all courses. Done
    23:42:43.161 |  35 nPool-1-worker-9 | DEBUG | d.t.c.a.a.c.u.util.UserUtilService   : Save 1 users to database...
    23:42:43.163 |  35 nPool-1-worker-9 | DEBUG | d.t.c.a.a.c.u.util.UserUtilService   : Save 1 users to database. Done
    23:42:43.172 |  35 nPool-1-worker-9 | INFO  | i.z.t.d.l.EmbeddedDatabaseReporter   : JDBC URL to connect to 'dataSource': url='jdbc:h2:tcp://localhost:41063/mem:df70fc46-7e57-4cb5-9cd0-c1d90c14afa7;USER=sa', scope='GradingScaleIntegrationTest#testGetGradingScaleForExamNotFound'
    23:42:43.174 |  35 nPool-1-worker-9 | DEBUG | d.t.c.a.a.c.s.f.ApiVersionFilter     : Adding Version to Request GET /api/courses/335/exams/72/grading-scale
    23:42:43.175 |  35 nPool-1-worker-9 | DEBUG | d.t.c.a.a.a.web.GradingScaleResource : REST request to get grading scale for exam: 72

  Starting logs for GradingScaleIntegrationTest > testGetGradingScaleForCourseNotFound()
    23:42:43.194 |  35 nPool-1-worker-9 | DEBUG | d.t.c.a.a.c.u.util.UserUtilService   : Generate 0 students...
    23:42:43.196 |  35 nPool-1-worker-9 | DEBUG | d.t.c.a.a.c.u.util.UserUtilService   : 0 students generated. Generate 0 tutors...
    23:42:43.197 |  35 nPool-1-worker-9 | DEBUG | d.t.c.a.a.c.u.util.UserUtilService   : 0 tutors generated. Generate 0 editors...
    23:42:43.198 |  35 nPool-1-worker-9 | DEBUG | d.t.c.a.a.c.u.util.UserUtilService   : 0 editors generated. Generate 1 instructors...
    23:42:43.201 |  35 nPool-1-worker-9 | DEBUG | d.t.c.a.a.c.u.util.UserUtilService   : 1 instructors generated
    23:42:43.203 |  35 nPool-1-worker-9 | DEBUG | d.t.c.a.a.c.u.util.UserUtilService   : Removing 1 users from all courses...
    23:42:43.203 |  35 nPool-1-worker-9 | DEBUG | d.t.c.a.a.c.u.util.UserUtilService   : Removing 1 users from all courses. Done
    23:42:43.203 |  35 nPool-1-worker-9 | DEBUG | d.t.c.a.a.c.u.util.UserUtilService   : Save 1 users to database...
    23:42:43.206 |  35 nPool-1-worker-9 | DEBUG | d.t.c.a.a.c.u.util.UserUtilService   : Save 1 users to database. Done
    23:42:43.215 |  35 nPool-1-worker-9 | INFO  | i.z.t.d.l.EmbeddedDatabaseReporter   : JDBC URL to connect to 'dataSource': url='jdbc:h2:tcp://localhost:41063/mem:df70fc46-7e57-4cb5-9cd0-c1d90c14afa7;USER=sa', scope='GradingScaleIntegrationTest#testGetGradingScaleForCourseNotFound'
    23:42:43.216 |  35 nPool-1-worker-9 | DEBUG | d.t.c.a.a.c.s.f.ApiVersionFilter     : Adding Version to Request GET /api/courses/336/grading-scale
    23:42:43.217 |  35 nPool-1-worker-9 | DEBUG | d.t.c.a.a.a.web.GradingScaleResource : REST request to get grading scale for course: 336

  Starting logs for GradingScaleIntegrationTest > testDeleteGradingScaleForCourse()
    23:42:43.245 |  35 nPool-1-worker-9 | DEBUG | d.t.c.a.a.c.u.util.UserUtilService   : Generate 0 students...
    23:42:43.249 |  35 nPool-1-worker-9 | DEBUG | d.t.c.a.a.c.u.util.UserUtilService   : 0 students generated. Generate 0 tutors...
    23:42:43.250 |  35 nPool-1-worker-9 | DEBUG | d.t.c.a.a.c.u.util.UserUtilService   : 0 tutors generated. Generate 0 editors...
    23:42:43.255 |  35 nPool-1-worker-9 | DEBUG | d.t.c.a.a.c.u.util.UserUtilService   : 0 editors generated. Generate 1 instructors...
    23:42:43.261 |  35 nPool-1-worker-9 | DEBUG | d.t.c.a.a.c.u.util.UserUtilService   : 1 instructors generated
    23:42:43.262 |  35 nPool-1-worker-9 | DEBUG | d.t.c.a.a.c.u.util.UserUtilService   : Removing 1 users from all courses...
    23:42:43.262 |  35 nPool-1-worker-9 | DEBUG | d.t.c.a.a.c.u.util.UserUtilService   : Removing 1 users from all courses. Done
    23:42:43.262 |  35 nPool-1-worker-9 | DEBUG | d.t.c.a.a.c.u.util.UserUtilService   : Save 1 users to database...
    23:42:43.270 |  35 nPool-1-worker-9 | DEBUG | d.t.c.a.a.c.u.util.UserUtilService   : Save 1 users to database. Done
    23:42:43.286 |  35 nPool-1-worker-9 | INFO  | i.z.t.d.l.EmbeddedDatabaseReporter   : JDBC URL to connect to 'dataSource': url='jdbc:h2:tcp://localhost:41063/mem:df70fc46-7e57-4cb5-9cd0-c1d90c14afa7;USER=sa', scope='GradingScaleIntegrationTest#testDeleteGradingScaleForCourse'
    23:42:43.289 |  35 nPool-1-worker-9 | DEBUG | d.t.c.a.a.c.s.f.ApiVersionFilter     : Adding Version to Request DELETE /api/courses/337/grading-scale
    23:42:43.289 |  35 nPool-1-worker-9 | DEBUG | d.t.c.a.a.a.web.GradingScaleResource : REST request to delete the grading scale for course: 337

  Starting logs for GradingScaleIntegrationTest > testDeleteGradingScaleForExamNotFound()
    23:42:43.317 |  35 nPool-1-worker-9 | DEBUG | d.t.c.a.a.c.u.util.UserUtilService   : Generate 0 students...
    23:42:43.318 |  35 nPool-1-worker-9 | DEBUG | d.t.c.a.a.c.u.util.UserUtilService   : 0 students generated. Generate 0 tutors...
    23:42:43.320 |  35 nPool-1-worker-9 | DEBUG | d.t.c.a.a.c.u.util.UserUtilService   : 0 tutors generated. Generate 0 editors...
    23:42:43.321 |  35 nPool-1-worker-9 | DEBUG | d.t.c.a.a.c.u.util.UserUtilService   : 0 editors generated. Generate 1 instructors...
    23:42:43.324 |  35 nPool-1-worker-9 | DEBUG | d.t.c.a.a.c.u.util.UserUtilService   : 1 instructors generated
    23:42:43.325 |  35 nPool-1-worker-9 | DEBUG | d.t.c.a.a.c.u.util.UserUtilService   : Removing 1 users from all courses...
    23:42:43.326 |  35 nPool-1-worker-9 | DEBUG | d.t.c.a.a.c.u.util.UserUtilService   : Removing 1 users from all courses. Done
    23:42:43.326 |  35 nPool-1-worker-9 | DEBUG | d.t.c.a.a.c.u.util.UserUtilService   : Save 1 users to database...
    23:42:43.328 |  35 nPool-1-worker-9 | DEBUG | d.t.c.a.a.c.u.util.UserUtilService   : Save 1 users to database. Done
    23:42:43.337 |  35 nPool-1-worker-9 | INFO  | i.z.t.d.l.EmbeddedDatabaseReporter   : JDBC URL to connect to 'dataSource': url='jdbc:h2:tcp://localhost:41063/mem:df70fc46-7e57-4cb5-9cd0-c1d90c14afa7;USER=sa', scope='GradingScaleIntegrationTest#testDeleteGradingScaleForExamNotFound'
    23:42:43.339 |  35 nPool-1-worker-9 | DEBUG | d.t.c.a.a.c.s.f.ApiVersionFilter     : Adding Version to Request DELETE /api/courses/338/exams/75/grading-scale
    23:42:43.339 |  35 nPool-1-worker-9 | DEBUG | d.t.c.a.a.a.web.GradingScaleResource : REST request to delete the grading scale for exam: 75
    23:42:43.341 |  35 nPool-1-worker-9 | WARN  | o.z.p.spring.common.AdviceTraits     : Not Found: GradingScale

  Starting logs for GradingScaleIntegrationTest > testSaveGradingScaleForExam()
    23:42:43.356 |  35 nPool-1-worker-9 | DEBUG | d.t.c.a.a.c.u.util.UserUtilService   : Generate 0 students...
    23:42:43.357 |  35 nPool-1-worker-9 | DEBUG | d.t.c.a.a.c.u.util.UserUtilService   : 0 students generated. Generate 0 tutors...
    23:42:43.359 |  35 nPool-1-worker-9 | DEBUG | d.t.c.a.a.c.u.util.UserUtilService   : 0 tutors generated. Generate 0 editors...
    23:42:43.360 |  35 nPool-1-worker-9 | DEBUG | d.t.c.a.a.c.u.util.UserUtilService   : 0 editors generated. Generate 1 instructors...
    23:42:43.363 |  35 nPool-1-worker-9 | DEBUG | d.t.c.a.a.c.u.util.UserUtilService   : 1 instructors generated
    23:42:43.365 |  35 nPool-1-worker-9 | DEBUG | d.t.c.a.a.c.u.util.UserUtilService   : Removing 1 users from all courses...
    23:42:43.365 |  35 nPool-1-worker-9 | DEBUG | d.t.c.a.a.c.u.util.UserUtilService   : Removing 1 users from all courses. Done
]]></system-out>
  <system-err><![CDATA[]]></system-err>
</testsuite>
