<?xml version="1.0" encoding="UTF-8"?>
<testsuite name="de.tum.cit.aet.artemis.core.security.allowedTools.AllowedToolsTest" tests="3" skipped="0" failures="0" errors="0" timestamp="2025-02-14T23:45:35" hostname="fv-az1721-502" time="0.169">
  <properties/>
  <testcase name="testAllowedToolsRouteWithDifferentToolToken()" classname="de.tum.cit.aet.artemis.core.security.allowedTools.AllowedToolsTest" time="0.065"/>
  <testcase name="testAllowedToolsRouteWithToolToken()" classname="de.tum.cit.aet.artemis.core.security.allowedTools.AllowedToolsTest" time="0.058"/>
  <testcase name="testAllowedToolsRouteWithGeneralToken()" classname="de.tum.cit.aet.artemis.core.security.allowedTools.AllowedToolsTest" time="0.038"/>
  <system-out><![CDATA[
Starting logs for AllowedToolsTest

  Starting logs for AllowedToolsTest > testAllowedToolsRouteWithDifferentToolToken()
    23:45:35.782 | 341 ool-1-worker-105 | DEBUG | d.t.c.a.a.c.u.util.UserUtilService   : Generate 1 students...
    23:45:35.784 | 341 ool-1-worker-105 | DEBUG | d.t.c.a.a.c.u.util.UserUtilService   : 1 students generated. Generate 0 tutors...
    23:45:35.789 | 341 ool-1-worker-105 | DEBUG | d.t.c.a.a.c.u.util.UserUtilService   : 0 tutors generated. Generate 0 editors...
    23:45:35.790 | 341 ool-1-worker-105 | DEBUG | d.t.c.a.a.c.u.util.UserUtilService   : 0 editors generated. Generate 0 instructors...
    23:45:35.795 | 341 ool-1-worker-105 | DEBUG | d.t.c.a.a.c.u.util.UserUtilService   : 0 instructors generated
    23:45:35.799 | 341 ool-1-worker-105 | DEBUG | d.t.c.a.a.c.u.util.UserUtilService   : Removing 4 users from all courses...
    23:45:35.800 | 341 ool-1-worker-105 | DEBUG | d.t.c.a.a.c.u.util.UserUtilService   : Removing 4 users from all courses. Done
    23:45:35.800 | 341 ool-1-worker-105 | DEBUG | d.t.c.a.a.c.u.util.UserUtilService   : Save 1 users to database...
    23:45:35.804 | 341 ool-1-worker-105 | DEBUG | d.t.c.a.a.c.u.util.UserUtilService   : Save 1 users to database. Done
    23:45:35.804 | 341 ool-1-worker-105 | INFO  | i.z.t.d.l.EmbeddedDatabaseReporter   : JDBC URL to connect to 'dataSource': url='jdbc:h2:tcp://localhost:41063/mem:df70fc46-7e57-4cb5-9cd0-c1d90c14afa7;USER=sa', scope='AllowedToolsTest#testAllowedToolsRouteWithDifferentToolToken'
    23:45:35.812 | 341 ool-1-worker-105 | DEBUG | d.t.c.a.a.c.s.f.ApiVersionFilter     : Adding Version to Request GET /api/test/testNoAllowedToolToken

  Starting logs for AllowedToolsTest > testAllowedToolsRouteWithToolToken()
    23:45:35.847 | 341 ool-1-worker-105 | DEBUG | d.t.c.a.a.c.u.util.UserUtilService   : Generate 1 students...
    23:45:35.853 | 341 ool-1-worker-105 | DEBUG | d.t.c.a.a.c.u.util.UserUtilService   : 1 students generated. Generate 0 tutors...
    23:45:35.858 | 341 ool-1-worker-105 | DEBUG | d.t.c.a.a.c.u.util.UserUtilService   : 0 tutors generated. Generate 0 editors...
    23:45:35.859 | 341 ool-1-worker-105 | DEBUG | d.t.c.a.a.c.u.util.UserUtilService   : 0 editors generated. Generate 0 instructors...
    23:45:35.863 | 341 ool-1-worker-105 | DEBUG | d.t.c.a.a.c.u.util.UserUtilService   : 0 instructors generated
    23:45:35.865 | 341 ool-1-worker-105 | DEBUG | d.t.c.a.a.c.u.util.UserUtilService   : Removing 1 users from all courses...
    23:45:35.865 | 341 ool-1-worker-105 | DEBUG | d.t.c.a.a.c.u.util.UserUtilService   : Removing 1 users from all courses. Done
    23:45:35.865 | 341 ool-1-worker-105 | DEBUG | d.t.c.a.a.c.u.util.UserUtilService   : Save 1 users to database...
    23:45:35.874 | 341 ool-1-worker-105 | DEBUG | d.t.c.a.a.c.u.util.UserUtilService   : Save 1 users to database. Done
    23:45:35.874 | 341 ool-1-worker-105 | INFO  | i.z.t.d.l.EmbeddedDatabaseReporter   : JDBC URL to connect to 'dataSource': url='jdbc:h2:tcp://localhost:41063/mem:df70fc46-7e57-4cb5-9cd0-c1d90c14afa7;USER=sa', scope='AllowedToolsTest#testAllowedToolsRouteWithToolToken'
    23:45:35.878 | 341 ool-1-worker-105 | DEBUG | d.t.c.a.a.c.s.f.ApiVersionFilter     : Adding Version to Request GET /api/test/testAllowedToolTokenScorpio

  Starting logs for AllowedToolsTest > testAllowedToolsRouteWithGeneralToken()
    23:45:35.909 | 341 ool-1-worker-105 | DEBUG | d.t.c.a.a.c.u.util.UserUtilService   : Generate 1 students...
    23:45:35.912 | 341 ool-1-worker-105 | DEBUG | d.t.c.a.a.c.u.util.UserUtilService   : 1 students generated. Generate 0 tutors...
    23:45:35.913 | 341 ool-1-worker-105 | DEBUG | d.t.c.a.a.c.u.util.UserUtilService   : 0 tutors generated. Generate 0 editors...
    23:45:35.915 | 341 ool-1-worker-105 | DEBUG | d.t.c.a.a.c.u.util.UserUtilService   : 0 editors generated. Generate 0 instructors...
    23:45:35.916 | 341 ool-1-worker-105 | DEBUG | d.t.c.a.a.c.u.util.UserUtilService   : 0 instructors generated
    23:45:35.917 | 341 ool-1-worker-105 | DEBUG | d.t.c.a.a.c.u.util.UserUtilService   : Removing 1 users from all courses...
    23:45:35.918 | 341 ool-1-worker-105 | DEBUG | d.t.c.a.a.c.u.util.UserUtilService   : Removing 1 users from all courses. Done
    23:45:35.918 | 341 ool-1-worker-105 | DEBUG | d.t.c.a.a.c.u.util.UserUtilService   : Save 1 users to database...
    23:45:35.920 | 341 ool-1-worker-105 | DEBUG | d.t.c.a.a.c.u.util.UserUtilService   : Save 1 users to database. Done
    23:45:35.920 | 341 ool-1-worker-105 | INFO  | i.z.t.d.l.EmbeddedDatabaseReporter   : JDBC URL to connect to 'dataSource': url='jdbc:h2:tcp://localhost:41063/mem:df70fc46-7e57-4cb5-9cd0-c1d90c14afa7;USER=sa', scope='AllowedToolsTest#testAllowedToolsRouteWithGeneralToken'
    23:45:35.923 | 341 ool-1-worker-105 | DEBUG | d.t.c.a.a.c.s.f.ApiVersionFilter     : Adding Version to Request GET /api/test/testAllowedToolTokenScorpio

Finished logs for AllowedToolsTest
]]></system-out>
  <system-err><![CDATA[]]></system-err>
</testsuite>
