<?xml version="1.0" encoding="UTF-8"?>
<testsuite name="de.tum.cit.aet.artemis.core.authentication.UserJenkinsGitlabIntegrationTest" tests="63" skipped="0" failures="0" errors="0" timestamp="2025-02-14T23:42:18" hostname="fv-az1721-502" time="7.461">
  <properties/>
  <testcase name="updateUser_asInstructor_forbidden()" classname="de.tum.cit.aet.artemis.core.authentication.UserJenkinsGitlabIntegrationTest" time="0.068"/>
  <testcase name="updateUserProfilePicture_asStudent_isSuccessful()" classname="de.tum.cit.aet.artemis.core.authentication.UserJenkinsGitlabIntegrationTest" time="0.075"/>
  <testcase name="createUser_asAdmin_failInExternalCiUserManagement_cannotGetCiUser_internalError()" classname="de.tum.cit.aet.artemis.core.authentication.UserJenkinsGitlabIntegrationTest" time="0.073"/>
  <testcase name="testUserWithExternalAndInternalStatus()" classname="de.tum.cit.aet.artemis.core.authentication.UserJenkinsGitlabIntegrationTest" time="0.294"/>
  <testcase name="getUsers_asAdmin_isSuccessful()" classname="de.tum.cit.aet.artemis.core.authentication.UserJenkinsGitlabIntegrationTest" time="0.112"/>
  <testcase name="updateUserEmptyRoles()" classname="de.tum.cit.aet.artemis.core.authentication.UserJenkinsGitlabIntegrationTest" time="0.15"/>
  <testcase name="shouldFailIfCannotUpdateDeactivatedUserInGitlab()" classname="de.tum.cit.aet.artemis.core.authentication.UserJenkinsGitlabIntegrationTest" time="0.134"/>
  <testcase name="testUserWithDeactivatedStatus()" classname="de.tum.cit.aet.artemis.core.authentication.UserJenkinsGitlabIntegrationTest" time="0.169"/>
  <testcase name="testUserWithInternalStatus()" classname="de.tum.cit.aet.artemis.core.authentication.UserJenkinsGitlabIntegrationTest" time="0.375"/>
  <testcase name="deleteUserProfilePicture_asStudent_isSuccessful()" classname="de.tum.cit.aet.artemis.core.authentication.UserJenkinsGitlabIntegrationTest" time="0.078"/>
  <testcase name="deleteAdminUserSkippedInJenkins()" classname="de.tum.cit.aet.artemis.core.authentication.UserJenkinsGitlabIntegrationTest" time="0.067"/>
  <testcase name="getUser_asAdmin_isSuccessful()" classname="de.tum.cit.aet.artemis.core.authentication.UserJenkinsGitlabIntegrationTest" time="0.054"/>
  <testcase name="createAdminUserSkippedInJenkins()" classname="de.tum.cit.aet.artemis.core.authentication.UserJenkinsGitlabIntegrationTest" time="0.076"/>
  <testcase name="testUser()" classname="de.tum.cit.aet.artemis.core.authentication.UserJenkinsGitlabIntegrationTest" time="0.27"/>
  <testcase name="createUser_asAdmin_failInExternalUserManagement_internalError()" classname="de.tum.cit.aet.artemis.core.authentication.UserJenkinsGitlabIntegrationTest" time="0.074"/>
  <testcase name="createUser_withNullAsPassword_generatesRandomPassword()" classname="de.tum.cit.aet.artemis.core.authentication.UserJenkinsGitlabIntegrationTest" time="0.085"/>
  <testcase name="updateUserNotificationVisibility_hideUntil_asStudent_isSuccessful()" classname="de.tum.cit.aet.artemis.core.authentication.UserJenkinsGitlabIntegrationTest" time="0.054"/>
  <testcase name="createUser_asAdmin_failInExternalVcsUserManagement_internalError()" classname="de.tum.cit.aet.artemis.core.authentication.UserJenkinsGitlabIntegrationTest" time="0.066"/>
  <testcase name="createUserWithGroupsAlreadyFailsInGitlab()" classname="de.tum.cit.aet.artemis.core.authentication.UserJenkinsGitlabIntegrationTest" time="0.1"/>
  <testcase name="shouldFailIfCannotUpdateActivatedUserInGitlab()" classname="de.tum.cit.aet.artemis.core.authentication.UserJenkinsGitlabIntegrationTest" time="0.067"/>
  <testcase name="testUserWithoutGroups()" classname="de.tum.cit.aet.artemis.core.authentication.UserJenkinsGitlabIntegrationTest" time="0.291"/>
  <testcase name="createUser_asAdmin_existingEmail()" classname="de.tum.cit.aet.artemis.core.authentication.UserJenkinsGitlabIntegrationTest" time="0.06"/>
  <testcase name="createUser_asAdmin_existingLogin()" classname="de.tum.cit.aet.artemis.core.authentication.UserJenkinsGitlabIntegrationTest" time="0.085"/>
  <testcase name="getUsersOrAuthorities_asStudent_forbidden()" classname="de.tum.cit.aet.artemis.core.authentication.UserJenkinsGitlabIntegrationTest" time="0.066"/>
  <testcase name="createUserWithPseudonymsIsSuccessful()" classname="de.tum.cit.aet.artemis.core.authentication.UserJenkinsGitlabIntegrationTest" time="0.078"/>
  <testcase name="updateUserInvalidId()" classname="de.tum.cit.aet.artemis.core.authentication.UserJenkinsGitlabIntegrationTest" time="0.062"/>
  <testcase name="createUser_asAdmin_isSuccessful()" classname="de.tum.cit.aet.artemis.core.authentication.UserJenkinsGitlabIntegrationTest" time="0.07"/>
  <testcase name="createUser_asAdmin_hasId()" classname="de.tum.cit.aet.artemis.core.authentication.UserJenkinsGitlabIntegrationTest" time="0.059"/>
  <testcase name="updateUser_asTutor_forbidden()" classname="de.tum.cit.aet.artemis.core.authentication.UserJenkinsGitlabIntegrationTest" time="0.054"/>
  <testcase name="updateUserGroups()" classname="de.tum.cit.aet.artemis.core.authentication.UserJenkinsGitlabIntegrationTest" time="0.791"/>
  <testcase name="getUsersOrAuthorities_asInstructor_forbidden()" classname="de.tum.cit.aet.artemis.core.authentication.UserJenkinsGitlabIntegrationTest" time="0.049"/>
  <testcase name="updateAdminUserSkippedInJenkins()" classname="de.tum.cit.aet.artemis.core.authentication.UserJenkinsGitlabIntegrationTest" time="0.084"/>
  <testcase name="createInternalUser_asAdmin_with_vcsAccessToken_isSuccessful()" classname="de.tum.cit.aet.artemis.core.authentication.UserJenkinsGitlabIntegrationTest" time="0.075"/>
  <testcase name="createUserWithGroupsAlreadyExistsInGitlab()" classname="de.tum.cit.aet.artemis.core.authentication.UserJenkinsGitlabIntegrationTest" time="0.403"/>
  <testcase name="testUserWithActivatedStatus()" classname="de.tum.cit.aet.artemis.core.authentication.UserJenkinsGitlabIntegrationTest" time="0.245"/>
  <testcase name="updateUserNotificationVisibility_showAll_asStudent_isSuccessful()" classname="de.tum.cit.aet.artemis.core.authentication.UserJenkinsGitlabIntegrationTest" time="0.048"/>
  <testcase name="initializeUserExternal()" classname="de.tum.cit.aet.artemis.core.authentication.UserJenkinsGitlabIntegrationTest" time="0.056"/>
  <testcase name="searchUsers_asInstructor_isSuccessful()" classname="de.tum.cit.aet.artemis.core.authentication.UserJenkinsGitlabIntegrationTest" time="0.051"/>
  <testcase name="deleteUsers_isSuccessfulForAllUsersExceptSelf()" classname="de.tum.cit.aet.artemis.core.authentication.UserJenkinsGitlabIntegrationTest" time="0.123"/>
  <testcase name="testUserWithRegistrationNumber()" classname="de.tum.cit.aet.artemis.core.authentication.UserJenkinsGitlabIntegrationTest" time="0.161"/>
  <testcase name="createInternalUserWithoutRoles_isSuccessful()" classname="de.tum.cit.aet.artemis.core.authentication.UserJenkinsGitlabIntegrationTest" time="0.074"/>
  <testcase name="shouldBlockUserInGitlabIfAccountNotActivated()" classname="de.tum.cit.aet.artemis.core.authentication.UserJenkinsGitlabIntegrationTest" time="0.071"/>
  <testcase name="createAdminInternalUserSkippedInJenkins()" classname="de.tum.cit.aet.artemis.core.authentication.UserJenkinsGitlabIntegrationTest" time="0.065"/>
  <testcase name="updateUserNotificationDate_asStudent_isSuccessful()" classname="de.tum.cit.aet.artemis.core.authentication.UserJenkinsGitlabIntegrationTest" time="0.057"/>
  <testcase name="updateUser_asAdmin_isSuccessful()" classname="de.tum.cit.aet.artemis.core.authentication.UserJenkinsGitlabIntegrationTest" time="0.086"/>
  <testcase name="updateUserExistingEmail()" classname="de.tum.cit.aet.artemis.core.authentication.UserJenkinsGitlabIntegrationTest" time="0.06"/>
  <testcase name="getUserViaFilter_asAdmin_isSuccessful()" classname="de.tum.cit.aet.artemis.core.authentication.UserJenkinsGitlabIntegrationTest" time="0.051"/>
  <testcase name="createUserAsAdminExistsInCi()" classname="de.tum.cit.aet.artemis.core.authentication.UserJenkinsGitlabIntegrationTest" time="0.073"/>
  <testcase name="createUserWithGroups()" classname="de.tum.cit.aet.artemis.core.authentication.UserJenkinsGitlabIntegrationTest" time="0.254"/>
  <testcase name="updateUser_withNullPassword_oldPasswordNotChanged()" classname="de.tum.cit.aet.artemis.core.authentication.UserJenkinsGitlabIntegrationTest" time="0.077"/>
  <testcase name="createUser_asAdmin_illegalLogin_internalError()" classname="de.tum.cit.aet.artemis.core.authentication.UserJenkinsGitlabIntegrationTest" time="0.065"/>
  <testcase name="updateUserLogin()" classname="de.tum.cit.aet.artemis.core.authentication.UserJenkinsGitlabIntegrationTest" time="0.07"/>
  <testcase name="testUserWithExternalStatus()" classname="de.tum.cit.aet.artemis.core.authentication.UserJenkinsGitlabIntegrationTest" time="0.162"/>
  <testcase name="initializeUserWithoutFlag()" classname="de.tum.cit.aet.artemis.core.authentication.UserJenkinsGitlabIntegrationTest" time="0.054"/>
  <testcase name="searchUsers_asAdmin_badRequest()" classname="de.tum.cit.aet.artemis.core.authentication.UserJenkinsGitlabIntegrationTest" time="0.051"/>
  <testcase name="initializeUserNonLTI()" classname="de.tum.cit.aet.artemis.core.authentication.UserJenkinsGitlabIntegrationTest" time="0.057"/>
  <testcase name="getAuthorities_asAdmin_isSuccessful()" classname="de.tum.cit.aet.artemis.core.authentication.UserJenkinsGitlabIntegrationTest" time="0.049"/>
  <testcase name="searchUsers_asTutor_forbidden()" classname="de.tum.cit.aet.artemis.core.authentication.UserJenkinsGitlabIntegrationTest" time="0.054"/>
  <testcase name="testUserWithoutRegistrationNumber()" classname="de.tum.cit.aet.artemis.core.authentication.UserJenkinsGitlabIntegrationTest" time="0.254"/>
  <testcase name="getUsersOrAuthorities_asTutor_forbidden()" classname="de.tum.cit.aet.artemis.core.authentication.UserJenkinsGitlabIntegrationTest" time="0.061"/>
  <testcase name="initializeUser()" classname="de.tum.cit.aet.artemis.core.authentication.UserJenkinsGitlabIntegrationTest" time="0.083"/>
  <testcase name="deleteSelf_isNotSuccessful()" classname="de.tum.cit.aet.artemis.core.authentication.UserJenkinsGitlabIntegrationTest" time="0.051"/>
  <testcase name="deleteUser_isSuccessful()" classname="de.tum.cit.aet.artemis.core.authentication.UserJenkinsGitlabIntegrationTest" time="0.059"/>
  <system-out><![CDATA[
Starting logs for UserJenkinsGitlabIntegrationTest

  Starting logs for UserJenkinsGitlabIntegrationTest > updateUser_asInstructor_forbidden()
    23:42:18.342 | 198 Pool-1-worker-91 | DEBUG | d.t.c.a.a.c.u.util.UserUtilService   : Generate 2 students...
    23:42:18.348 | 198 Pool-1-worker-91 | DEBUG | d.t.c.a.a.c.u.util.UserUtilService   : 2 students generated. Generate 1 tutors...
    23:42:18.350 | 198 Pool-1-worker-91 | DEBUG | d.t.c.a.a.c.u.util.UserUtilService   : 1 tutors generated. Generate 1 editors...
    23:42:18.357 | 198 Pool-1-worker-91 | DEBUG | d.t.c.a.a.c.u.util.UserUtilService   : 1 editors generated. Generate 1 instructors...
    23:42:18.359 | 198 Pool-1-worker-91 | DEBUG | d.t.c.a.a.c.u.util.UserUtilService   : 1 instructors generated
    23:42:18.361 | 198 Pool-1-worker-91 | DEBUG | d.t.c.a.a.c.u.util.UserUtilService   : Removing 1 users from all courses...
    23:42:18.361 | 198 Pool-1-worker-91 | DEBUG | d.t.c.a.a.c.u.util.UserUtilService   : Removing 1 users from all courses. Done
    23:42:18.361 | 198 Pool-1-worker-91 | DEBUG | d.t.c.a.a.c.u.util.UserUtilService   : Save 5 users to database...
    23:42:18.365 | 198 Pool-1-worker-91 | DEBUG | d.t.c.a.a.c.u.util.UserUtilService   : Save 5 users to database. Done
    23:42:18.372 | 198 Pool-1-worker-91 | INFO  | i.z.t.d.l.EmbeddedDatabaseReporter   : JDBC URL to connect to 'dataSource': url='jdbc:h2:tcp://localhost:41063/mem:736625c0-cf5e-400d-aeaa-8a7eabd6262b;USER=sa', scope='UserJenkinsGitlabIntegrationTest#updateUser_asInstructor_forbidden'
    23:42:18.375 | 198 Pool-1-worker-91 | WARN  | o.z.p.spring.common.AdviceTraits     : Forbidden: Access Denied

  Starting logs for UserJenkinsGitlabIntegrationTest > updateUserProfilePicture_asStudent_isSuccessful()
    23:42:18.411 | 198 Pool-1-worker-91 | DEBUG | d.t.c.a.a.c.u.util.UserUtilService   : Generate 2 students...
    23:42:18.414 | 198 Pool-1-worker-91 | DEBUG | d.t.c.a.a.c.u.util.UserUtilService   : 2 students generated. Generate 1 tutors...
    23:42:18.416 | 198 Pool-1-worker-91 | DEBUG | d.t.c.a.a.c.u.util.UserUtilService   : 1 tutors generated. Generate 1 editors...
    23:42:18.418 | 198 Pool-1-worker-91 | DEBUG | d.t.c.a.a.c.u.util.UserUtilService   : 1 editors generated. Generate 1 instructors...
    23:42:18.420 | 198 Pool-1-worker-91 | DEBUG | d.t.c.a.a.c.u.util.UserUtilService   : 1 instructors generated
    23:42:18.422 | 198 Pool-1-worker-91 | DEBUG | d.t.c.a.a.c.u.util.UserUtilService   : Removing 0 users from all courses...
    23:42:18.422 | 198 Pool-1-worker-91 | DEBUG | d.t.c.a.a.c.u.util.UserUtilService   : Removing 0 users from all courses. Done
    23:42:18.422 | 198 Pool-1-worker-91 | DEBUG | d.t.c.a.a.c.u.util.UserUtilService   : Save 5 users to database...
    23:42:18.426 | 198 Pool-1-worker-91 | DEBUG | d.t.c.a.a.c.u.util.UserUtilService   : Save 5 users to database. Done
    23:42:18.432 | 198 Pool-1-worker-91 | INFO  | i.z.t.d.l.EmbeddedDatabaseReporter   : JDBC URL to connect to 'dataSource': url='jdbc:h2:tcp://localhost:41063/mem:736625c0-cf5e-400d-aeaa-8a7eabd6262b;USER=sa', scope='UserJenkinsGitlabIntegrationTest#updateUserProfilePicture_asStudent_isSuccessful'
    23:42:18.436 | 198 Pool-1-worker-91 | DEBUG | d.t.c.a.a.c.s.f.ApiVersionFilter     : Adding Version to Request PUT /api/account/profile-picture
    23:42:18.437 | 198 Pool-1-worker-91 | DEBUG | d.t.c.a.a.core.web.AccountResource   : REST request to update profile picture for logged-in user

  Starting logs for UserJenkinsGitlabIntegrationTest > createUser_asAdmin_failInExternalCiUserManagement_cannotGetCiUser_internalError()
    23:42:18.488 | 198 Pool-1-worker-91 | DEBUG | d.t.c.a.a.c.u.util.UserUtilService   : Generate 2 students...
    23:42:18.491 | 198 Pool-1-worker-91 | DEBUG | d.t.c.a.a.c.u.util.UserUtilService   : 2 students generated. Generate 1 tutors...
    23:42:18.493 | 198 Pool-1-worker-91 | DEBUG | d.t.c.a.a.c.u.util.UserUtilService   : 1 tutors generated. Generate 1 editors...
    23:42:18.495 | 198 Pool-1-worker-91 | DEBUG | d.t.c.a.a.c.u.util.UserUtilService   : 1 editors generated. Generate 1 instructors...
    23:42:18.497 | 198 Pool-1-worker-91 | DEBUG | d.t.c.a.a.c.u.util.UserUtilService   : 1 instructors generated
    23:42:18.499 | 198 Pool-1-worker-91 | DEBUG | d.t.c.a.a.c.u.util.UserUtilService   : Removing 0 users from all courses...
    23:42:18.499 | 198 Pool-1-worker-91 | DEBUG | d.t.c.a.a.c.u.util.UserUtilService   : Removing 0 users from all courses. Done
    23:42:18.499 | 198 Pool-1-worker-91 | DEBUG | d.t.c.a.a.c.u.util.UserUtilService   : Save 5 users to database...
    23:42:18.503 | 198 Pool-1-worker-91 | DEBUG | d.t.c.a.a.c.u.util.UserUtilService   : Save 5 users to database. Done
    23:42:18.508 | 198 Pool-1-worker-91 | INFO  | i.z.t.d.l.EmbeddedDatabaseReporter   : JDBC URL to connect to 'dataSource': url='jdbc:h2:tcp://localhost:41063/mem:736625c0-cf5e-400d-aeaa-8a7eabd6262b;USER=sa', scope='UserJenkinsGitlabIntegrationTest#createUser_asAdmin_failInExternalCiUserManagement_cannotGetCiUser_internalError'
    23:42:18.518 | 198 Pool-1-worker-91 | DEBUG | d.t.c.a.a.c.s.f.ApiVersionFilter     : Adding Version to Request POST /api/admin/users
    23:42:18.519 | 198 Pool-1-worker-91 | DEBUG | d.t.c.a.a.c.w.a.AdminUserResource    : REST request to save User : ManagedUserVM{} UserDTO{login='batman', firstName='userjenkstudent1First', lastName='userjenkstudent1Last', email='batman@secret.invalid', imageUrl='null', activated=true, langKey='en', createdBy=admin, createdDate=2025-02-14T23:42:18.500171Z, lastModifiedBy='admin', lastModifiedDate=2025-02-14T23:42:18.500171Z, lastNotificationRead=null, authorities=[ROLE_USER]}
    23:42:18.525 | 198 Pool-1-worker-91 | DEBUG | d.t.c.a.a.c.s.u.UserCreationService  : Save user User{login='batman', firstName='userjenkstudent1First', lastName='userjenkstudent1Last', email='batman@secret.invalid', imageUrl='null', activated='true', langKey='en', activationKey='null'}
    23:42:18.529 | 198 Pool-1-worker-91 | INFO  | .a.p.s.g.GitLabUserManagementService : Update Gitlab permissions for programming exercises: []
    23:42:18.530 | 198 Pool-1-worker-91 | ERROR | a.p.s.j.JenkinsUserManagementService : Could not get user batman
org.springframework.web.client.HttpClientErrorException$Forbidden: 403 Forbidden on GET request for "https://continuous-integration.fake.fake/user/batman/api/json": [no body]
	at org.springframework.web.client.HttpClientErrorException.create(HttpClientErrorException.java:109)
	at org.springframework.web.client.DefaultResponseErrorHandler.handleError(DefaultResponseErrorHandler.java:186)
	at org.springframework.web.client.DefaultResponseErrorHandler.handleError(DefaultResponseErrorHandler.java:147)
	at org.springframework.web.client.RestTemplate.handleResponse(RestTemplate.java:953)
	at org.springframework.web.client.RestTemplate.doExecute(RestTemplate.java:902)
	at org.springframework.web.client.RestTemplate.execute(RestTemplate.java:841)
	at org.springframework.web.client.RestTemplate.exchange(RestTemplate.java:702)
	at de.tum.cit.aet.artemis.programming.service.jenkins.JenkinsUserManagementService.getUser(JenkinsUserManagementService.java:397)
	at de.tum.cit.aet.artemis.programming.service.jenkins.JenkinsUserManagementService.createUser(JenkinsUserManagementService.java:92)
	at de.tum.cit.aet.artemis.core.service.user.UserCreationService.lambda$createUser$1(UserCreationService.java:200)
	at java.base/java.util.Optional.ifPresent(Optional.java:178)
	at de.tum.cit.aet.artemis.core.service.user.UserCreationService.createUser(UserCreationService.java:200)
	at de.tum.cit.aet.artemis.core.web.admin.AdminUserResource.createUser(AdminUserResource.java:128)
	at java.base/jdk.internal.reflect.DirectMethodHandleAccessor.invoke(DirectMethodHandleAccessor.java:103)
	at java.base/java.lang.reflect.Method.invoke(Method.java:580)
	at org.springframework.aop.support.AopUtils.invokeJoinpointUsingReflection(AopUtils.java:359)
	at org.springframework.aop.framework.ReflectiveMethodInvocation.invokeJoinpoint(ReflectiveMethodInvocation.java:196)
	at org.springframework.aop.framework.ReflectiveMethodInvocation.proceed(ReflectiveMethodInvocation.java:163)
	at org.springframework.security.authorization.method.AuthorizationManagerBeforeMethodInterceptor.proceed(AuthorizationManagerBeforeMethodInterceptor.java:268)
	at org.springframework.security.authorization.method.AuthorizationManagerBeforeMethodInterceptor.attemptAuthorization(AuthorizationManagerBeforeMethodInterceptor.java:263)
	at org.springframework.security.authorization.method.AuthorizationManagerBeforeMethodInterceptor.invoke(AuthorizationManagerBeforeMethodInterceptor.java:196)
	at org.springframework.security.config.annotation.method.configuration.DeferringMethodInterceptor.invoke(DeferringMethodInterceptor.java:44)
	at org.springframework.aop.framework.ReflectiveMethodInvocation.proceed(ReflectiveMethodInvocation.java:184)
	at org.springframework.aop.framework.CglibAopProxy$DynamicAdvisedInterceptor.intercept(CglibAopProxy.java:727)
	at de.tum.cit.aet.artemis.core.web.admin.AdminUserResource$$SpringCGLIB$$0.createUser(<generated>)
	at java.base/jdk.internal.reflect.DirectMethodHandleAccessor.invoke(DirectMethodHandleAccessor.java:103)
	at java.base/java.lang.reflect.Method.invoke(Method.java:580)
	at org.springframework.web.method.support.InvocableHandlerMethod.doInvoke(InvocableHandlerMethod.java:257)
	at org.springframework.web.method.support.InvocableHandlerMethod.invokeForRequest(InvocableHandlerMethod.java:190)
	at org.springframework.web.servlet.mvc.method.annotation.ServletInvocableHandlerMethod.invokeAndHandle(ServletInvocableHandlerMethod.java:118)
	at org.springframework.web.servlet.mvc.method.annotation.RequestMappingHandlerAdapter.invokeHandlerMethod(RequestMappingHandlerAdapter.java:986)
	at org.springframework.web.servlet.mvc.method.annotation.RequestMappingHandlerAdapter.handleInternal(RequestMappingHandlerAdapter.java:891)
	at org.springframework.web.servlet.mvc.method.AbstractHandlerMethodAdapter.handle(AbstractHandlerMethodAdapter.java:87)
	at org.springframework.web.servlet.DispatcherServlet.doDispatch(DispatcherServlet.java:1088)
	at org.springframework.web.servlet.DispatcherServlet.doService(DispatcherServlet.java:978)
	at org.springframework.web.servlet.FrameworkServlet.processRequest(FrameworkServlet.java:1014)
	at org.springframework.web.servlet.FrameworkServlet.doPost(FrameworkServlet.java:914)
	at jakarta.servlet.http.HttpServlet.service(HttpServlet.java:547)
	at org.springframework.web.servlet.FrameworkServlet.service(FrameworkServlet.java:885)
	at org.springframework.test.web.servlet.TestDispatcherServlet.service(TestDispatcherServlet.java:72)
	at jakarta.servlet.http.HttpServlet.service(HttpServlet.java:614)
	at org.springframework.mock.web.MockFilterChain$ServletFilterProxy.doFilter(MockFilterChain.java:165)
	at org.springframework.mock.web.MockFilterChain.doFilter(MockFilterChain.java:132)
	at org.springframework.web.filter.OncePerRequestFilter.doFilter(OncePerRequestFilter.java:110)
	at org.springframework.test.web.servlet.setup.MockMvcFilterDecorator.doFilter(MockMvcFilterDecorator.java:162)
	at org.springframework.mock.web.MockFilterChain.doFilter(MockFilterChain.java:132)
	at de.tum.cit.aet.artemis.core.security.filter.ApiVersionFilter.doFilter(ApiVersionFilter.java:55)
	at org.springframework.test.web.servlet.setup.MockMvcFilterDecorator.doFilter(MockMvcFilterDecorator.java:162)
	at org.springframework.mock.web.MockFilterChain.doFilter(MockFilterChain.java:132)
	at io.sentry.spring.jakarta.SentryUserFilter.doFilterInternal(SentryUserFilter.java:56)
	at org.springframework.web.filter.OncePerRequestFilter.doFilter(OncePerRequestFilter.java:116)
	at org.springframework.test.web.servlet.setup.MockMvcFilterDecorator.doFilter(MockMvcFilterDecorator.java:162)
	at org.springframework.mock.web.MockFilterChain.doFilter(MockFilterChain.java:132)
	at org.springframework.web.filter.CompositeFilter$VirtualFilterChain.doFilter(CompositeFilter.java:108)
	at org.springframework.security.web.FilterChainProxy.lambda$doFilterInternal$3(FilterChainProxy.java:231)
	at org.springframework.security.web.ObservationFilterChainDecorator$FilterObservation$SimpleFilterObservation.lambda$wrap$1(ObservationFilterChainDecorator.java:479)
	at org.springframework.security.web.ObservationFilterChainDecorator$AroundFilterObservation$SimpleAroundFilterObservation.lambda$wrap$1(ObservationFilterChainDecorator.java:340)
	at org.springframework.security.web.ObservationFilterChainDecorator.lambda$wrapSecured$0(ObservationFilterChainDecorator.java:82)
	at org.springframework.security.web.ObservationFilterChainDecorator$VirtualFilterChain.doFilter(ObservationFilterChainDecorator.java:128)
	at org.springframework.security.web.access.intercept.AuthorizationFilter.doFilter(AuthorizationFilter.java:101)
	at org.springframework.security.web.ObservationFilterChainDecorator$ObservationFilter.wrapFilter(ObservationFilterChainDecorator.java:240)
	at org.springframework.security.web.ObservationFilterChainDecorator$ObservationFilter.doFilter(ObservationFilterChainDecorator.java:227)
	at org.springframework.security.web.ObservationFilterChainDecorator$VirtualFilterChain.doFilter(ObservationFilterChainDecorator.java:137)
	at org.springframework.security.web.access.ExceptionTranslationFilter.doFilter(ExceptionTranslationFilter.java:126)
	at org.springframework.security.web.access.ExceptionTranslationFilter.doFilter(ExceptionTranslationFilter.java:120)
	at org.springframework.security.web.ObservationFilterChainDecorator$ObservationFilter.wrapFilter(ObservationFilterChainDecorator.java:240)
	at org.springframework.security.web.ObservationFilterChainDecorator$ObservationFilter.doFilter(ObservationFilterChainDecorator.java:227)
	at org.springframework.security.web.ObservationFilterChainDecorator$VirtualFilterChain.doFilter(ObservationFilterChainDecorator.java:137)
	at org.springframework.security.web.session.SessionManagementFilter.doFilter(SessionManagementFilter.java:131)
	at org.springframework.security.web.session.SessionManagementFilter.doFilter(SessionManagementFilter.java:85)
	at org.springframework.security.web.ObservationFilterChainDecorator$ObservationFilter.wrapFilter(ObservationFilterChainDecorator.java:240)
	at org.springframework.security.web.ObservationFilterChainDecorator$ObservationFilter.doFilter(ObservationFilterChainDecorator.java:227)
	at org.springframework.security.web.ObservationFilterChainDecorator$VirtualFilterChain.doFilter(ObservationFilterChainDecorator.java:137)
	at org.springframework.security.web.authentication.AnonymousAuthenticationFilter.doFilter(AnonymousAuthenticationFilter.java:100)
	at org.springframework.security.web.ObservationFilterChainDecorator$ObservationFilter.wrapFilter(ObservationFilterChainDecorator.java:240)
	at org.springframework.security.web.ObservationFilterChainDecorator$ObservationFilter.doFilter(ObservationFilterChainDecorator.java:227)
	at org.springframework.security.web.ObservationFilterChainDecorator$VirtualFilterChain.doFilter(ObservationFilterChainDecorator.java:137)
	at org.springframework.security.web.servletapi.SecurityContextHolderAwareRequestFilter.doFilter(SecurityContextHolderAwareRequestFilter.java:179)
	at org.springframework.security.web.ObservationFilterChainDecorator$ObservationFilter.wrapFilter(ObservationFilterChainDecorator.java:240)
	at org.springframework.security.web.ObservationFilterChainDecorator$ObservationFilter.doFilter(ObservationFilterChainDecorator.java:227)
	at org.springframework.security.web.ObservationFilterChainDecorator$VirtualFilterChain.doFilter(ObservationFilterChainDecorator.java:137)
	at org.springframework.security.web.savedrequest.RequestCacheAwareFilter.doFilter(RequestCacheAwareFilter.java:63)
	at org.springframework.security.web.ObservationFilterChainDecorator$ObservationFilter.wrapFilter(ObservationFilterChainDecorator.java:240)
	at org.springframework.security.web.ObservationFilterChainDecorator$ObservationFilter.doFilter(ObservationFilterChainDecorator.java:227)
	at org.springframework.security.web.ObservationFilterChainDecorator$VirtualFilterChain.doFilter(ObservationFilterChainDecorator.java:137)
	at de.tum.cit.aet.artemis.core.security.filter.SpaWebFilter.doFilterInternal(SpaWebFilter.java:23)
	at org.springframework.web.filter.OncePerRequestFilter.doFilter(OncePerRequestFilter.java:116)
	at org.springframework.security.web.ObservationFilterChainDecorator$ObservationFilter.wrapFilter(ObservationFilterChainDecorator.java:240)
	at org.springframework.security.web.ObservationFilterChainDecorator$ObservationFilter.doFilter(ObservationFilterChainDecorator.java:227)
	at org.springframework.security.web.ObservationFilterChainDecorator$VirtualFilterChain.doFilter(ObservationFilterChainDecorator.java:137)
	at org.springframework.web.filter.OncePerRequestFilter.doFilter(OncePerRequestFilter.java:110)
	at org.springframework.security.web.ObservationFilterChainDecorator$ObservationFilter.wrapFilter(ObservationFilterChainDecorator.java:240)
	at org.springframework.security.web.ObservationFilterChainDecorator$ObservationFilter.doFilter(ObservationFilterChainDecorator.java:227)
	at org.springframework.security.web.ObservationFilterChainDecorator$VirtualFilterChain.doFilter(ObservationFilterChainDecorator.java:137)
	at de.tum.cit.aet.artemis.lti.config.Lti13LaunchFilter.doFilterInternal(Lti13LaunchFilter.java:60)
	at org.springframework.web.filter.OncePerRequestFilter.doFilter(OncePerRequestFilter.java:116)
	at org.springframework.security.web.ObservationFilterChainDecorator$ObservationFilter.wrapFilter(ObservationFilterChainDecorator.java:240)
	at org.springframework.security.web.ObservationFilterChainDecorator$ObservationFilter.doFilter(ObservationFilterChainDecorator.java:227)
	at org.springframework.security.web.ObservationFilterChainDecorator$VirtualFilterChain.doFilter(ObservationFilterChainDecorator.java:137)
	at de.tum.cit.aet.artemis.core.security.jwt.JWTFilter.doFilter(JWTFilter.java:55)
	at org.springframework.security.web.ObservationFilterChainDecorator$ObservationFilter.wrapFilter(ObservationFilterChainDecorator.java:240)
	at org.springframework.security.web.ObservationFilterChainDecorator$ObservationFilter.doFilter(ObservationFilterChainDecorator.java:227)
	at org.springframework.security.web.ObservationFilterChainDecorator$VirtualFilterChain.doFilter(ObservationFilterChainDecorator.java:137)
	at de.tum.cit.aet.artemis.core.security.jwt.JWTFilter.doFilter(JWTFilter.java:55)
	at org.springframework.security.web.ObservationFilterChainDecorator$ObservationFilter.wrapFilter(ObservationFilterChainDecorator.java:240)
	at org.springframework.security.web.ObservationFilterChainDecorator$ObservationFilter.doFilter(ObservationFilterChainDecorator.java:227)
	at org.springframework.security.web.ObservationFilterChainDecorator$VirtualFilterChain.doFilter(ObservationFilterChainDecorator.java:137)
	at org.springframework.web.filter.CorsFilter.doFilterInternal(CorsFilter.java:91)
	at org.springframework.web.filter.OncePerRequestFilter.doFilter(OncePerRequestFilter.java:116)
	at org.springframework.security.web.ObservationFilterChainDecorator$ObservationFilter.wrapFilter(ObservationFilterChainDecorator.java:240)
	at org.springframework.security.web.ObservationFilterChainDecorator$ObservationFilter.doFilter(ObservationFilterChainDecorator.java:227)
	at org.springframework.security.web.ObservationFilterChainDecorator$VirtualFilterChain.doFilter(ObservationFilterChainDecorator.java:137)
	at org.springframework.web.filter.OncePerRequestFilter.doFilter(OncePerRequestFilter.java:110)
	at org.springframework.security.web.ObservationFilterChainDecorator$ObservationFilter.wrapFilter(ObservationFilterChainDecorator.java:240)
	at org.springframework.security.web.ObservationFilterChainDecorator$ObservationFilter.doFilter(ObservationFilterChainDecorator.java:227)
	at org.springframework.security.web.ObservationFilterChainDecorator$VirtualFilterChain.doFilter(ObservationFilterChainDecorator.java:137)
	at uk.ac.ox.ctl.lti13.security.oauth2.client.lti.web.OAuth2AuthorizationRequestRedirectFilter.doFilterInternal(OAuth2AuthorizationRequestRedirectFilter.java:142)
	at org.springframework.web.filter.OncePerRequestFilter.doFilter(OncePerRequestFilter.java:116)
	at org.springframework.security.web.ObservationFilterChainDecorator$ObservationFilter.wrapFilter(ObservationFilterChainDecorator.java:240)
	at org.springframework.security.web.ObservationFilterChainDecorator$ObservationFilter.doFilter(ObservationFilterChainDecorator.java:227)
	at org.springframework.security.web.ObservationFilterChainDecorator$VirtualFilterChain.doFilter(ObservationFilterChainDecorator.java:137)
	at org.springframework.security.web.authentication.logout.LogoutFilter.doFilter(LogoutFilter.java:107)
	at org.springframework.security.web.authentication.logout.LogoutFilter.doFilter(LogoutFilter.java:93)
	at org.springframework.security.web.ObservationFilterChainDecorator$ObservationFilter.wrapFilter(ObservationFilterChainDecorator.java:240)
	at org.springframework.security.web.ObservationFilterChainDecorator$ObservationFilter.doFilter(ObservationFilterChainDecorator.java:227)
	at org.springframework.security.web.ObservationFilterChainDecorator$VirtualFilterChain.doFilter(ObservationFilterChainDecorator.java:137)
	at org.springframework.security.web.header.HeaderWriterFilter.doHeadersAfter(HeaderWriterFilter.java:90)
	at org.springframework.security.web.header.HeaderWriterFilter.doFilterInternal(HeaderWriterFilter.java:75)
	at org.springframework.web.filter.OncePerRequestFilter.doFilter(OncePerRequestFilter.java:116)
	at org.springframework.security.web.ObservationFilterChainDecorator$ObservationFilter.wrapFilter(ObservationFilterChainDecorator.java:240)
	at org.springframework.security.web.ObservationFilterChainDecorator$ObservationFilter.doFilter(ObservationFilterChainDecorator.java:227)
	at org.springframework.security.web.ObservationFilterChainDecorator$VirtualFilterChain.doFilter(ObservationFilterChainDecorator.java:137)
	at org.springframework.security.web.context.SecurityContextHolderFilter.doFilter(SecurityContextHolderFilter.java:82)
	at org.springframework.security.web.context.SecurityContextHolderFilter.doFilter(SecurityContextHolderFilter.java:69)
	at org.springframework.security.web.ObservationFilterChainDecorator$ObservationFilter.wrapFilter(ObservationFilterChainDecorator.java:240)
	at org.springframework.security.web.ObservationFilterChainDecorator$ObservationFilter.doFilter(ObservationFilterChainDecorator.java:227)
	at org.springframework.security.web.ObservationFilterChainDecorator$VirtualFilterChain.doFilter(ObservationFilterChainDecorator.java:137)
	at org.springframework.security.web.context.request.async.WebAsyncManagerIntegrationFilter.doFilterInternal(WebAsyncManagerIntegrationFilter.java:62)
	at org.springframework.web.filter.OncePerRequestFilter.doFilter(OncePerRequestFilter.java:116)
	at org.springframework.security.web.ObservationFilterChainDecorator$ObservationFilter.wrapFilter(ObservationFilterChainDecorator.java:240)
	at org.springframework.security.web.ObservationFilterChainDecorator$ObservationFilter.doFilter(ObservationFilterChainDecorator.java:227)
	at org.springframework.security.web.ObservationFilterChainDecorator$VirtualFilterChain.doFilter(ObservationFilterChainDecorator.java:137)
	at org.springframework.security.web.session.DisableEncodeUrlFilter.doFilterInternal(DisableEncodeUrlFilter.java:42)
	at org.springframework.web.filter.OncePerRequestFilter.doFilter(OncePerRequestFilter.java:116)
	at org.springframework.security.web.ObservationFilterChainDecorator$ObservationFilter.wrapFilter(ObservationFilterChainDecorator.java:240)
	at org.springframework.security.web.ObservationFilterChainDecorator$AroundFilterObservation$SimpleAroundFilterObservation.lambda$wrap$0(ObservationFilterChainDecorator.java:323)
	at org.springframework.security.web.ObservationFilterChainDecorator$ObservationFilter.doFilter(ObservationFilterChainDecorator.java:224)
	at org.springframework.security.web.ObservationFilterChainDecorator$VirtualFilterChain.doFilter(ObservationFilterChainDecorator.java:137)
	at org.springframework.security.web.FilterChainProxy.doFilterInternal(FilterChainProxy.java:233)
	at org.springframework.security.web.FilterChainProxy.doFilter(FilterChainProxy.java:191)
	at org.springframework.web.filter.CompositeFilter$VirtualFilterChain.doFilter(CompositeFilter.java:113)
	at org.springframework.web.servlet.handler.HandlerMappingIntrospector.lambda$createCacheFilter$3(HandlerMappingIntrospector.java:243)
	at org.springframework.web.filter.CompositeFilter$VirtualFilterChain.doFilter(CompositeFilter.java:113)
	at org.springframework.web.filter.CompositeFilter.doFilter(CompositeFilter.java:74)
	at org.springframework.security.config.annotation.web.configuration.WebMvcSecurityConfiguration$CompositeFilterChainProxy.doFilter(WebMvcSecurityConfiguration.java:238)
	at org.springframework.web.filter.DelegatingFilterProxy.invokeDelegate(DelegatingFilterProxy.java:362)
	at org.springframework.web.filter.DelegatingFilterProxy.doFilter(DelegatingFilterProxy.java:278)
	at org.springframework.test.web.servlet.setup.MockMvcFilterDecorator.doFilter(MockMvcFilterDecorator.java:162)
	at org.springframework.mock.web.MockFilterChain.doFilter(MockFilterChain.java:132)
	at org.springframework.web.filter.RequestContextFilter.doFilterInternal(RequestContextFilter.java:100)
	at org.springframework.web.filter.OncePerRequestFilter.doFilter(OncePerRequestFilter.java:116)
	at org.springframework.test.web.servlet.setup.MockMvcFilterDecorator.doFilter(MockMvcFilterDecorator.java:162)
	at org.springframework.mock.web.MockFilterChain.doFilter(MockFilterChain.java:132)
	at org.springframework.web.filter.FormContentFilter.doFilterInternal(FormContentFilter.java:93)
	at org.springframework.web.filter.OncePerRequestFilter.doFilter(OncePerRequestFilter.java:116)
	at org.springframework.test.web.servlet.setup.MockMvcFilterDecorator.doFilter(MockMvcFilterDecorator.java:162)
	at org.springframework.mock.web.MockFilterChain.doFilter(MockFilterChain.java:132)
	at org.springframework.web.filter.ServerHttpObservationFilter.doFilterInternal(ServerHttpObservationFilter.java:114)
	at org.springframework.web.filter.OncePerRequestFilter.doFilter(OncePerRequestFilter.java:116)
	at org.springframework.test.web.servlet.setup.MockMvcFilterDecorator.doFilter(MockMvcFilterDecorator.java:162)
	at org.springframework.mock.web.MockFilterChain.doFilter(MockFilterChain.java:132)
	at io.sentry.spring.jakarta.tracing.SentryTracingFilter.doFilterInternal(SentryTracingFilter.java:91)
	at org.springframework.web.filter.OncePerRequestFilter.doFilter(OncePerRequestFilter.java:116)
	at org.springframework.test.web.servlet.setup.MockMvcFilterDecorator.doFilter(MockMvcFilterDecorator.java:162)
	at org.springframework.mock.web.MockFilterChain.doFilter(MockFilterChain.java:132)
	at org.springframework.web.filter.CharacterEncodingFilter.doFilterInternal(CharacterEncodingFilter.java:201)
	at org.springframework.web.filter.OncePerRequestFilter.doFilter(OncePerRequestFilter.java:116)
	at org.springframework.test.web.servlet.setup.MockMvcFilterDecorator.doFilter(MockMvcFilterDecorator.java:162)
	at org.springframework.mock.web.MockFilterChain.doFilter(MockFilterChain.java:132)
	at io.sentry.spring.jakarta.SentrySpringFilter.doFilterInternal(SentrySpringFilter.java:76)
	at org.springframework.web.filter.OncePerRequestFilter.doFilter(OncePerRequestFilter.java:116)
	at org.springframework.test.web.servlet.setup.MockMvcFilterDecorator.doFilter(MockMvcFilterDecorator.java:162)
	at org.springframework.mock.web.MockFilterChain.doFilter(MockFilterChain.java:132)
	at org.springframework.test.web.servlet.MockMvc.perform(MockMvc.java:201)
	at de.tum.cit.aet.artemis.core.util.RequestUtilService.performMvcRequest(RequestUtilService.java:79)
	at de.tum.cit.aet.artemis.core.util.RequestUtilService.postWithResponseBodyString(RequestUtilService.java:351)
	at de.tum.cit.aet.artemis.core.util.RequestUtilService.postWithResponseBodyString(RequestUtilService.java:318)
	at de.tum.cit.aet.artemis.core.util.RequestUtilService.postWithResponseBody(RequestUtilService.java:290)
	at de.tum.cit.aet.artemis.core.util.RequestUtilService.postWithResponseBody(RequestUtilService.java:363)
	at de.tum.cit.aet.artemis.core.util.RequestUtilService.postWithResponseBody(RequestUtilService.java:375)
	at de.tum.cit.aet.artemis.core.user.util.UserTestService.createUser_asAdmin_failInExternalCiUserManagement_cannotGetCiUser_internalError(UserTestService.java:560)
	at de.tum.cit.aet.artemis.core.authentication.UserJenkinsGitlabIntegrationTest.createUser_asAdmin_failInExternalCiUserManagement_cannotGetCiUser_internalError(UserJenkinsGitlabIntegrationTest.java:221)
	at java.base/jdk.internal.reflect.DirectMethodHandleAccessor.invoke(DirectMethodHandleAccessor.java:103)
	at java.base/java.lang.reflect.Method.invoke(Method.java:580)
	at org.junit.platform.commons.util.ReflectionUtils.invokeMethod(ReflectionUtils.java:767)
	at org.junit.jupiter.engine.execution.MethodInvocation.proceed(MethodInvocation.java:60)
	at org.junit.jupiter.engine.execution.InvocationInterceptorChain$ValidatingInvocation.proceed(InvocationInterceptorChain.java:131)
	at org.junit.jupiter.engine.extension.TimeoutExtension.intercept(TimeoutExtension.java:156)
	at org.junit.jupiter.engine.extension.TimeoutExtension.interceptTestableMethod(TimeoutExtension.java:147)
	at org.junit.jupiter.engine.extension.TimeoutExtension.interceptTestMethod(TimeoutExtension.java:86)
	at org.junit.jupiter.engine.execution.InterceptingExecutableInvoker$ReflectiveInterceptorCall.lambda$ofVoidMethod$0(InterceptingExecutableInvoker.java:103)
	at org.junit.jupiter.engine.execution.InterceptingExecutableInvoker.lambda$invoke$0(InterceptingExecutableInvoker.java:93)
	at org.junit.jupiter.engine.execution.InvocationInterceptorChain$InterceptedInvocation.proceed(InvocationInterceptorChain.java:106)
	at org.junit.jupiter.engine.execution.InvocationInterceptorChain.proceed(InvocationInterceptorChain.java:64)
	at org.junit.jupiter.engine.execution.InvocationInterceptorChain.chainAndInvoke(InvocationInterceptorChain.java:45)
	at org.junit.jupiter.engine.execution.InvocationInterceptorChain.invoke(InvocationInterceptorChain.java:37)
	at org.junit.jupiter.engine.execution.InterceptingExecutableInvoker.invoke(InterceptingExecutableInvoker.java:92)
	at org.junit.jupiter.engine.execution.InterceptingExecutableInvoker.invoke(InterceptingExecutableInvoker.java:86)
	at org.junit.jupiter.engine.descriptor.TestMethodTestDescriptor.lambda$invokeTestMethod$8(TestMethodTestDescriptor.java:217)
	at org.junit.platform.engine.support.hierarchical.ThrowableCollector.execute(ThrowableCollector.java:73)
	at org.junit.jupiter.engine.descriptor.TestMethodTestDescriptor.invokeTestMethod(TestMethodTestDescriptor.java:213)
	at org.junit.jupiter.engine.descriptor.TestMethodTestDescriptor.execute(TestMethodTestDescriptor.java:138)
	at org.junit.jupiter.engine.descriptor.TestMethodTestDescriptor.execute(TestMethodTestDescriptor.java:68)
	at org.junit.platform.engine.support.hierarchical.NodeTestTask.lambda$executeRecursively$6(NodeTestTask.java:156)
	at org.junit.platform.engine.support.hierarchical.ThrowableCollector.execute(ThrowableCollector.java:73)
	at org.junit.platform.engine.support.hierarchical.NodeTestTask.lambda$executeRecursively$8(NodeTestTask.java:146)
	at org.junit.platform.engine.support.hierarchical.Node.around(Node.java:137)
	at org.junit.platform.engine.support.hierarchical.NodeTestTask.lambda$executeRecursively$9(NodeTestTask.java:144)
	at org.junit.platform.engine.support.hierarchical.ThrowableCollector.execute(ThrowableCollector.java:73)
	at org.junit.platform.engine.support.hierarchical.NodeTestTask.executeRecursively(NodeTestTask.java:143)
	at org.junit.platform.engine.support.hierarchical.NodeTestTask.execute(NodeTestTask.java:100)
	at org.junit.platform.engine.support.hierarchical.ForkJoinPoolHierarchicalTestExecutorService$ExclusiveTask.exec(ForkJoinPoolHierarchicalTestExecutorService.java:274)
	at org.junit.platform.engine.support.hierarchical.ForkJoinPoolHierarchicalTestExecutorService$ExclusiveTask.execSync(ForkJoinPoolHierarchicalTestExecutorService.java:247)
	at org.junit.platform.engine.support.hierarchical.ForkJoinPoolHierarchicalTestExecutorService.executeSync(ForkJoinPoolHierarchicalTestExecutorService.java:194)
	at org.junit.platform.engine.support.hierarchical.ForkJoinPoolHierarchicalTestExecutorService.invokeAll(ForkJoinPoolHierarchicalTestExecutorService.java:166)
	at org.junit.platform.engine.support.hierarchical.NodeTestTask.lambda$executeRecursively$6(NodeTestTask.java:160)
	at org.junit.platform.engine.support.hierarchical.ThrowableCollector.execute(ThrowableCollector.java:73)
	at org.junit.platform.engine.support.hierarchical.NodeTestTask.lambda$executeRecursively$8(NodeTestTask.java:146)
	at org.junit.platform.engine.support.hierarchical.Node.around(Node.java:137)
	at org.junit.platform.engine.support.hierarchical.NodeTestTask.lambda$executeRecursively$9(NodeTestTask.java:144)
	at org.junit.platform.engine.support.hierarchical.ThrowableCollector.execute(ThrowableCollector.java:73)
	at org.junit.platform.engine.support.hierarchical.NodeTestTask.executeRecursively(NodeTestTask.java:143)
	at org.junit.platform.engine.support.hierarchical.NodeTestTask.execute(NodeTestTask.java:100)
	at org.junit.platform.engine.support.hierarchical.ForkJoinPoolHierarchicalTestExecutorService$ExclusiveTask.exec(ForkJoinPoolHierarchicalTestExecutorService.java:274)
	at java.base/java.util.concurrent.ForkJoinTask.doExec(ForkJoinTask.java:387)
	at java.base/java.util.concurrent.ForkJoinPool$WorkQueue.topLevelExec(ForkJoinPool.java:1312)
	at java.base/java.util.concurrent.ForkJoinPool.scan(ForkJoinPool.java:1843)
	at java.base/java.util.concurrent.ForkJoinPool.runWorker(ForkJoinPool.java:1808)
	at java.base/java.util.concurrent.ForkJoinWorkerThread.run(ForkJoinWorkerThread.java:188)
    23:42:18.531 | 198 Pool-1-worker-91 | ERROR | o.z.p.spring.common.AdviceTraits     : Internal Server Error
de.tum.cit.aet.artemis.core.exception.JenkinsException: Could not get user batman
	at de.tum.cit.aet.artemis.programming.service.jenkins.JenkinsUserManagementService.getUser(JenkinsUserManagementService.java:407)
	at de.tum.cit.aet.artemis.programming.service.jenkins.JenkinsUserManagementService.createUser(JenkinsUserManagementService.java:92)
	at de.tum.cit.aet.artemis.core.service.user.UserCreationService.lambda$createUser$1(UserCreationService.java:200)
	at java.base/java.util.Optional.ifPresent(Optional.java:178)
	at de.tum.cit.aet.artemis.core.service.user.UserCreationService.createUser(UserCreationService.java:200)
	at de.tum.cit.aet.artemis.core.web.admin.AdminUserResource.createUser(AdminUserResource.java:128)
	at java.base/jdk.internal.reflect.DirectMethodHandleAccessor.invoke(DirectMethodHandleAccessor.java:103)
	at java.base/java.lang.reflect.Method.invoke(Method.java:580)
	at org.springframework.aop.support.AopUtils.invokeJoinpointUsingReflection(AopUtils.java:359)
	at org.springframework.aop.framework.ReflectiveMethodInvocation.invokeJoinpoint(ReflectiveMethodInvocation.java:196)
	at org.springframework.aop.framework.ReflectiveMethodInvocation.proceed(ReflectiveMethodInvocation.java:163)
	at org.springframework.security.authorization.method.AuthorizationManagerBeforeMethodInterceptor.proceed(AuthorizationManagerBeforeMethodInterceptor.java:268)
	at org.springframework.security.authorization.method.AuthorizationManagerBeforeMethodInterceptor.attemptAuthorization(AuthorizationManagerBeforeMethodInterceptor.java:263)
	at org.springframework.security.authorization.method.AuthorizationManagerBeforeMethodInterceptor.invoke(AuthorizationManagerBeforeMethodInterceptor.java:196)
	at org.springframework.security.config.annotation.method.configuration.DeferringMethodInterceptor.invoke(DeferringMethodInterceptor.java:44)
	at org.springframework.aop.framework.ReflectiveMethodInvocation.proceed(ReflectiveMethodInvocation.java:184)
	at org.springframework.aop.framework.CglibAopProxy$DynamicAdvisedInterceptor.intercept(CglibAopProxy.java:727)
	at de.tum.cit.aet.artemis.core.web.admin.AdminUserResource$$SpringCGLIB$$0.createUser(<generated>)
	at java.base/jdk.internal.reflect.DirectMethodHandleAccessor.invoke(DirectMethodHandleAccessor.java:103)
	at java.base/java.lang.reflect.Method.invoke(Method.java:580)
	at org.springframework.web.method.support.InvocableHandlerMethod.doInvoke(InvocableHandlerMethod.java:257)
	at org.springframework.web.method.support.InvocableHandlerMethod.invokeForRequest(InvocableHandlerMethod.java:190)
	at org.springframework.web.servlet.mvc.method.annotation.ServletInvocableHandlerMethod.invokeAndHandle(ServletInvocableHandlerMethod.java:118)
	at org.springframework.web.servlet.mvc.method.annotation.RequestMappingHandlerAdapter.invokeHandlerMethod(RequestMappingHandlerAdapter.java:986)
	at org.springframework.web.servlet.mvc.method.annotation.RequestMappingHandlerAdapter.handleInternal(RequestMappingHandlerAdapter.java:891)
	at org.springframework.web.servlet.mvc.method.AbstractHandlerMethodAdapter.handle(AbstractHandlerMethodAdapter.java:87)
	at org.springframework.web.servlet.DispatcherServlet.doDispatch(DispatcherServlet.java:1088)
	at org.springframework.web.servlet.DispatcherServlet.doService(DispatcherServlet.java:978)
	at org.springframework.web.servlet.FrameworkServlet.processRequest(FrameworkServlet.java:1014)
	at org.springframework.web.servlet.FrameworkServlet.doPost(FrameworkServlet.java:914)
	at jakarta.servlet.http.HttpServlet.service(HttpServlet.java:547)
	at org.springframework.web.servlet.FrameworkServlet.service(FrameworkServlet.java:885)
	at org.springframework.test.web.servlet.TestDispatcherServlet.service(TestDispatcherServlet.java:72)
	at jakarta.servlet.http.HttpServlet.service(HttpServlet.java:614)
	at org.springframework.mock.web.MockFilterChain$ServletFilterProxy.doFilter(MockFilterChain.java:165)
	at org.springframework.mock.web.MockFilterChain.doFilter(MockFilterChain.java:132)
	at org.springframework.web.filter.OncePerRequestFilter.doFilter(OncePerRequestFilter.java:110)
	at org.springframework.test.web.servlet.setup.MockMvcFilterDecorator.doFilter(MockMvcFilterDecorator.java:162)
	at org.springframework.mock.web.MockFilterChain.doFilter(MockFilterChain.java:132)
	at de.tum.cit.aet.artemis.core.security.filter.ApiVersionFilter.doFilter(ApiVersionFilter.java:55)
	at org.springframework.test.web.servlet.setup.MockMvcFilterDecorator.doFilter(MockMvcFilterDecorator.java:162)
	at org.springframework.mock.web.MockFilterChain.doFilter(MockFilterChain.java:132)
	at io.sentry.spring.jakarta.SentryUserFilter.doFilterInternal(SentryUserFilter.java:56)
	at org.springframework.web.filter.OncePerRequestFilter.doFilter(OncePerRequestFilter.java:116)
	at org.springframework.test.web.servlet.setup.MockMvcFilterDecorator.doFilter(MockMvcFilterDecorator.java:162)
	at org.springframework.mock.web.MockFilterChain.doFilter(MockFilterChain.java:132)
	at org.springframework.web.filter.CompositeFilter$VirtualFilterChain.doFilter(CompositeFilter.java:108)
	at org.springframework.security.web.FilterChainProxy.lambda$doFilterInternal$3(FilterChainProxy.java:231)
	at org.springframework.security.web.ObservationFilterChainDecorator$FilterObservation$SimpleFilterObservation.lambda$wrap$1(ObservationFilterChainDecorator.java:479)
	at org.springframework.security.web.ObservationFilterChainDecorator$AroundFilterObservation$SimpleAroundFilterObservation.lambda$wrap$1(ObservationFilterChainDecorator.java:340)
	at org.springframework.security.web.ObservationFilterChainDecorator.lambda$wrapSecured$0(ObservationFilterChainDecorator.java:82)
	at org.springframework.security.web.ObservationFilterChainDecorator$VirtualFilterChain.doFilter(ObservationFilterChainDecorator.java:128)
	at org.springframework.security.web.access.intercept.AuthorizationFilter.doFilter(AuthorizationFilter.java:101)
	at org.springframework.security.web.ObservationFilterChainDecorator$ObservationFilter.wrapFilter(ObservationFilterChainDecorator.java:240)
	at org.springframework.security.web.ObservationFilterChainDecorator$ObservationFilter.doFilter(ObservationFilterChainDecorator.java:227)
	at org.springframework.security.web.ObservationFilterChainDecorator$VirtualFilterChain.doFilter(ObservationFilterChainDecorator.java:137)
	at org.springframework.security.web.access.ExceptionTranslationFilter.doFilter(ExceptionTranslationFilter.java:126)
	at org.springframework.security.web.access.ExceptionTranslationFilter.doFilter(ExceptionTranslationFilter.java:120)
	at org.springframework.security.web.ObservationFilterChainDecorator$ObservationFilter.wrapFilter(ObservationFilterChainDecorator.java:240)
	at org.springframework.security.web.ObservationFilterChainDecorator$ObservationFilter.doFilter(ObservationFilterChainDecorator.java:227)
	at org.springframework.security.web.ObservationFilterChainDecorator$VirtualFilterChain.doFilter(ObservationFilterChainDecorator.java:137)
	at org.springframework.security.web.session.SessionManagementFilter.doFilter(SessionManagementFilter.java:131)
	at org.springframework.security.web.session.SessionManagementFilter.doFilter(SessionManagementFilter.java:85)
	at org.springframework.security.web.ObservationFilterChainDecorator$ObservationFilter.wrapFilter(ObservationFilterChainDecorator.java:240)
	at org.springframework.security.web.ObservationFilterChainDecorator$ObservationFilter.doFilter(ObservationFilterChainDecorator.java:227)
	at org.springframework.security.web.ObservationFilterChainDecorator$VirtualFilterChain.doFilter(ObservationFilterChainDecorator.java:137)
	at org.springframework.security.web.authentication.AnonymousAuthenticationFilter.doFilter(AnonymousAuthenticationFilter.java:100)
	at org.springframework.security.web.ObservationFilterChainDecorator$ObservationFilter.wrapFilter(ObservationFilterChainDecorator.java:240)
	at org.springframework.security.web.ObservationFilterChainDecorator$ObservationFilter.doFilter(ObservationFilterChainDecorator.java:227)
	at org.springframework.security.web.ObservationFilterChainDecorator$VirtualFilterChain.doFilter(ObservationFilterChainDecorator.java:137)
	at org.springframework.security.web.servletapi.SecurityContextHolderAwareRequestFilter.doFilter(SecurityContextHolderAwareRequestFilter.java:179)
	at org.springframework.security.web.ObservationFilterChainDecorator$ObservationFilter.wrapFilter(ObservationFilterChainDecorator.java:240)
	at org.springframework.security.web.ObservationFilterChainDecorator$ObservationFilter.doFilter(ObservationFilterChainDecorator.java:227)
	at org.springframework.security.web.ObservationFilterChainDecorator$VirtualFilterChain.doFilter(ObservationFilterChainDecorator.java:137)
	at org.springframework.security.web.savedrequest.RequestCacheAwareFilter.doFilter(RequestCacheAwareFilter.java:63)
	at org.springframework.security.web.ObservationFilterChainDecorator$ObservationFilter.wrapFilter(ObservationFilterChainDecorator.java:240)
	at org.springframework.security.web.ObservationFilterChainDecorator$ObservationFilter.doFilter(ObservationFilterChainDecorator.java:227)
	at org.springframework.security.web.ObservationFilterChainDecorator$VirtualFilterChain.doFilter(ObservationFilterChainDecorator.java:137)
	at de.tum.cit.aet.artemis.core.security.filter.SpaWebFilter.doFilterInternal(SpaWebFilter.java:23)
	at org.springframework.web.filter.OncePerRequestFilter.doFilter(OncePerRequestFilter.java:116)
	at org.springframework.security.web.ObservationFilterChainDecorator$ObservationFilter.wrapFilter(ObservationFilterChainDecorator.java:240)
	at org.springframework.security.web.ObservationFilterChainDecorator$ObservationFilter.doFilter(ObservationFilterChainDecorator.java:227)
	at org.springframework.security.web.ObservationFilterChainDecorator$VirtualFilterChain.doFilter(ObservationFilterChainDecorator.java:137)
	at org.springframework.web.filter.OncePerRequestFilter.doFilter(OncePerRequestFilter.java:110)
	at org.springframework.security.web.ObservationFilterChainDecorator$ObservationFilter.wrapFilter(ObservationFilterChainDecorator.java:240)
	at org.springframework.security.web.ObservationFilterChainDecorator$ObservationFilter.doFilter(ObservationFilterChainDecorator.java:227)
	at org.springframework.security.web.ObservationFilterChainDecorator$VirtualFilterChain.doFilter(ObservationFilterChainDecorator.java:137)
	at de.tum.cit.aet.artemis.lti.config.Lti13LaunchFilter.doFilterInternal(Lti13LaunchFilter.java:60)
	at org.springframework.web.filter.OncePerRequestFilter.doFilter(OncePerRequestFilter.java:116)
	at org.springframework.security.web.ObservationFilterChainDecorator$ObservationFilter.wrapFilter(ObservationFilterChainDecorator.java:240)
	at org.springframework.security.web.ObservationFilterChainDecorator$ObservationFilter.doFilter(ObservationFilterChainDecorator.java:227)
	at org.springframework.security.web.ObservationFilterChainDecorator$VirtualFilterChain.doFilter(ObservationFilterChainDecorator.java:137)
	at de.tum.cit.aet.artemis.core.security.jwt.JWTFilter.doFilter(JWTFilter.java:55)
	at org.springframework.security.web.ObservationFilterChainDecorator$ObservationFilter.wrapFilter(ObservationFilterChainDecorator.java:240)
	at org.springframework.security.web.ObservationFilterChainDecorator$ObservationFilter.doFilter(ObservationFilterChainDecorator.java:227)
	at org.springframework.security.web.ObservationFilterChainDecorator$VirtualFilterChain.doFilter(ObservationFilterChainDecorator.java:137)
	at de.tum.cit.aet.artemis.core.security.jwt.JWTFilter.doFilter(JWTFilter.java:55)
	at org.springframework.security.web.ObservationFilterChainDecorator$ObservationFilter.wrapFilter(ObservationFilterChainDecorator.java:240)
	at org.springframework.security.web.ObservationFilterChainDecorator$ObservationFilter.doFilter(ObservationFilterChainDecorator.java:227)
	at org.springframework.security.web.ObservationFilterChainDecorator$VirtualFilterChain.doFilter(ObservationFilterChainDecorator.java:137)
	at org.springframework.web.filter.CorsFilter.doFilterInternal(CorsFilter.java:91)
	at org.springframework.web.filter.OncePerRequestFilter.doFilter(OncePerRequestFilter.java:116)
	at org.springframework.security.web.ObservationFilterChainDecorator$ObservationFilter.wrapFilter(ObservationFilterChainDecorator.java:240)
	at org.springframework.security.web.ObservationFilterChainDecorator$ObservationFilter.doFilter(ObservationFilterChainDecorator.java:227)
	at org.springframework.security.web.ObservationFilterChainDecorator$VirtualFilterChain.doFilter(ObservationFilterChainDecorator.java:137)
	at org.springframework.web.filter.OncePerRequestFilter.doFilter(OncePerRequestFilter.java:110)
	at org.springframework.security.web.ObservationFilterChainDecorator$ObservationFilter.wrapFilter(ObservationFilterChainDecorator.java:240)
	at org.springframework.security.web.ObservationFilterChainDecorator$ObservationFilter.doFilter(ObservationFilterChainDecorator.java:227)
	at org.springframework.security.web.ObservationFilterChainDecorator$VirtualFilterChain.doFilter(ObservationFilterChainDecorator.java:137)
	at uk.ac.ox.ctl.lti13.security.oauth2.client.lti.web.OAuth2AuthorizationRequestRedirectFilter.doFilterInternal(OAuth2AuthorizationRequestRedirectFilter.java:142)
	at org.springframework.web.filter.OncePerRequestFilter.doFilter(OncePerRequestFilter.java:116)
	at org.springframework.security.web.ObservationFilterChainDecorator$ObservationFilter.wrapFilter(ObservationFilterChainDecorator.java:240)
	at org.springframework.security.web.ObservationFilterChainDecorator$ObservationFilter.doFilter(ObservationFilterChainDecorator.java:227)
	at org.springframework.security.web.ObservationFilterChainDecorator$VirtualFilterChain.doFilter(ObservationFilterChainDecorator.java:137)
	at org.springframework.security.web.authentication.logout.LogoutFilter.doFilter(LogoutFilter.java:107)
	at org.springframework.security.web.authentication.logout.LogoutFilter.doFilter(LogoutFilter.java:93)
	at org.springframework.security.web.ObservationFilterChainDecorator$ObservationFilter.wrapFilter(ObservationFilterChainDecorator.java:240)
	at org.springframework.security.web.ObservationFilterChainDecorator$ObservationFilter.doFilter(ObservationFilterChainDecorator.java:227)
	at org.springframework.security.web.ObservationFilterChainDecorator$VirtualFilterChain.doFilter(ObservationFilterChainDecorator.java:137)
	at org.springframework.security.web.header.HeaderWriterFilter.doHeadersAfter(HeaderWriterFilter.java:90)
	at org.springframework.security.web.header.HeaderWriterFilter.doFilterInternal(HeaderWriterFilter.java:75)
	at org.springframework.web.filter.OncePerRequestFilter.doFilter(OncePerRequestFilter.java:116)
	at org.springframework.security.web.ObservationFilterChainDecorator$ObservationFilter.wrapFilter(ObservationFilterChainDecorator.java:240)
	at org.springframework.security.web.ObservationFilterChainDecorator$ObservationFilter.doFilter(ObservationFilterChainDecorator.java:227)
	at org.springframework.security.web.ObservationFilterChainDecorator$VirtualFilterChain.doFilter(ObservationFilterChainDecorator.java:137)
	at org.springframework.security.web.context.SecurityContextHolderFilter.doFilter(SecurityContextHolderFilter.java:82)
	at org.springframework.security.web.context.SecurityContextHolderFilter.doFilter(SecurityContextHolderFilter.java:69)
	at org.springframework.security.web.ObservationFilterChainDecorator$ObservationFilter.wrapFilter(ObservationFilterChainDecorator.java:240)
	at org.springframework.security.web.ObservationFilterChainDecorator$ObservationFilter.doFilter(ObservationFilterChainDecorator.java:227)
	at org.springframework.security.web.ObservationFilterChainDecorator$VirtualFilterChain.doFilter(ObservationFilterChainDecorator.java:137)
	at org.springframework.security.web.context.request.async.WebAsyncManagerIntegrationFilter.doFilterInternal(WebAsyncManagerIntegrationFilter.java:62)
	at org.springframework.web.filter.OncePerRequestFilter.doFilter(OncePerRequestFilter.java:116)
	at org.springframework.security.web.ObservationFilterChainDecorator$ObservationFilter.wrapFilter(ObservationFilterChainDecorator.java:240)
	at org.springframework.security.web.ObservationFilterChainDecorator$ObservationFilter.doFilter(ObservationFilterChainDecorator.java:227)
	at org.springframework.security.web.ObservationFilterChainDecorator$VirtualFilterChain.doFilter(ObservationFilterChainDecorator.java:137)
	at org.springframework.security.web.session.DisableEncodeUrlFilter.doFilterInternal(DisableEncodeUrlFilter.java:42)
	at org.springframework.web.filter.OncePerRequestFilter.doFilter(OncePerRequestFilter.java:116)
	at org.springframework.security.web.ObservationFilterChainDecorator$ObservationFilter.wrapFilter(ObservationFilterChainDecorator.java:240)
	at org.springframework.security.web.ObservationFilterChainDecorator$AroundFilterObservation$SimpleAroundFilterObservation.lambda$wrap$0(ObservationFilterChainDecorator.java:323)
	at org.springframework.security.web.ObservationFilterChainDecorator$ObservationFilter.doFilter(ObservationFilterChainDecorator.java:224)
	at org.springframework.security.web.ObservationFilterChainDecorator$VirtualFilterChain.doFilter(ObservationFilterChainDecorator.java:137)
	at org.springframework.security.web.FilterChainProxy.doFilterInternal(FilterChainProxy.java:233)
	at org.springframework.security.web.FilterChainProxy.doFilter(FilterChainProxy.java:191)
	at org.springframework.web.filter.CompositeFilter$VirtualFilterChain.doFilter(CompositeFilter.java:113)
	at org.springframework.web.servlet.handler.HandlerMappingIntrospector.lambda$createCacheFilter$3(HandlerMappingIntrospector.java:243)
	at org.springframework.web.filter.CompositeFilter$VirtualFilterChain.doFilter(CompositeFilter.java:113)
	at org.springframework.web.filter.CompositeFilter.doFilter(CompositeFilter.java:74)
	at org.springframework.security.config.annotation.web.configuration.WebMvcSecurityConfiguration$CompositeFilterChainProxy.doFilter(WebMvcSecurityConfiguration.java:238)
	at org.springframework.web.filter.DelegatingFilterProxy.invokeDelegate(DelegatingFilterProxy.java:362)
	at org.springframework.web.filter.DelegatingFilterProxy.doFilter(DelegatingFilterProxy.java:278)
	at org.springframework.test.web.servlet.setup.MockMvcFilterDecorator.doFilter(MockMvcFilterDecorator.java:162)
	at org.springframework.mock.web.MockFilterChain.doFilter(MockFilterChain.java:132)
	at org.springframework.web.filter.RequestContextFilter.doFilterInternal(RequestContextFilter.java:100)
	at org.springframework.web.filter.OncePerRequestFilter.doFilter(OncePerRequestFilter.java:116)
	at org.springframework.test.web.servlet.setup.MockMvcFilterDecorator.doFilter(MockMvcFilterDecorator.java:162)
	at org.springframework.mock.web.MockFilterChain.doFilter(MockFilterChain.java:132)
	at org.springframework.web.filter.FormContentFilter.doFilterInternal(FormContentFilter.java:93)
	at org.springframework.web.filter.OncePerRequestFilter.doFilter(OncePerRequestFilter.java:116)
	at org.springframework.test.web.servlet.setup.MockMvcFilterDecorator.doFilter(MockMvcFilterDecorator.java:162)
	at org.springframework.mock.web.MockFilterChain.doFilter(MockFilterChain.java:132)
	at org.springframework.web.filter.ServerHttpObservationFilter.doFilterInternal(ServerHttpObservationFilter.java:114)
	at org.springframework.web.filter.OncePerRequestFilter.doFilter(OncePerRequestFilter.java:116)
	at org.springframework.test.web.servlet.setup.MockMvcFilterDecorator.doFilter(MockMvcFilterDecorator.java:162)
	at org.springframework.mock.web.MockFilterChain.doFilter(MockFilterChain.java:132)
	at io.sentry.spring.jakarta.tracing.SentryTracingFilter.doFilterInternal(SentryTracingFilter.java:91)
	at org.springframework.web.filter.OncePerRequestFilter.doFilter(OncePerRequestFilter.java:116)
	at org.springframework.test.web.servlet.setup.MockMvcFilterDecorator.doFilter(MockMvcFilterDecorator.java:162)
	at org.springframework.mock.web.MockFilterChain.doFilter(MockFilterChain.java:132)
	at org.springframework.web.filter.CharacterEncodingFilter.doFilterInternal(CharacterEncodingFilter.java:201)
	at org.springframework.web.filter.OncePerRequestFilter.doFilter(OncePerRequestFilter.java:116)
	at org.springframework.test.web.servlet.setup.MockMvcFilterDecorator.doFilter(MockMvcFilterDecorator.java:162)
	at org.springframework.mock.web.MockFilterChain.doFilter(MockFilterChain.java:132)
	at io.sentry.spring.jakarta.SentrySpringFilter.doFilterInternal(SentrySpringFilter.java:76)
	at org.springframework.web.filter.OncePerRequestFilter.doFilter(OncePerRequestFilter.java:116)
	at org.springframework.test.web.servlet.setup.MockMvcFilterDecorator.doFilter(MockMvcFilterDecorator.java:162)
	at org.springframework.mock.web.MockFilterChain.doFilter(MockFilterChain.java:132)
	at org.springframework.test.web.servlet.MockMvc.perform(MockMvc.java:201)
	at de.tum.cit.aet.artemis.core.util.RequestUtilService.performMvcRequest(RequestUtilService.java:79)
	at de.tum.cit.aet.artemis.core.util.RequestUtilService.postWithResponseBodyString(RequestUtilService.java:351)
	at de.tum.cit.aet.artemis.core.util.RequestUtilService.postWithResponseBodyString(RequestUtilService.java:318)
	at de.tum.cit.aet.artemis.core.util.RequestUtilService.postWithResponseBody(RequestUtilService.java:290)
	at de.tum.cit.aet.artemis.core.util.RequestUtilService.postWithResponseBody(RequestUtilService.java:363)
	at de.tum.cit.aet.artemis.core.util.RequestUtilService.postWithResponseBody(RequestUtilService.java:375)
	at de.tum.cit.aet.artemis.core.user.util.UserTestService.createUser_asAdmin_failInExternalCiUserManagement_cannotGetCiUser_internalError(UserTestService.java:560)
	at de.tum.cit.aet.artemis.core.authentication.UserJenkinsGitlabIntegrationTest.createUser_asAdmin_failInExternalCiUserManagement_cannotGetCiUser_internalError(UserJenkinsGitlabIntegrationTest.java:221)
	at java.base/jdk.internal.reflect.DirectMethodHandleAccessor.invoke(DirectMethodHandleAccessor.java:103)
	at java.base/java.lang.reflect.Method.invoke(Method.java:580)
	at org.junit.platform.commons.util.ReflectionUtils.invokeMethod(ReflectionUtils.java:767)
	at org.junit.jupiter.engine.execution.MethodInvocation.proceed(MethodInvocation.java:60)
	at org.junit.jupiter.engine.execution.InvocationInterceptorChain$ValidatingInvocation.proceed(InvocationInterceptorChain.java:131)
	at org.junit.jupiter.engine.extension.TimeoutExtension.intercept(TimeoutExtension.java:156)
	at org.junit.jupiter.engine.extension.TimeoutExtension.interceptTestableMethod(TimeoutExtension.java:147)
	at org.junit.jupiter.engine.extension.TimeoutExtension.interceptTestMethod(TimeoutExtension.java:86)
	at org.junit.jupiter.engine.execution.InterceptingExecutableInvoker$ReflectiveInterceptorCall.lambda$ofVoidMethod$0(InterceptingExecutableInvoker.java:103)
	at org.junit.jupiter.engine.execution.InterceptingExecutableInvoker.lambda$invoke$0(InterceptingExecutableInvoker.java:93)
	at org.junit.jupiter.engine.execution.InvocationInterceptorChain$InterceptedInvocation.proceed(InvocationInterceptorChain.java:106)
	at org.junit.jupiter.engine.execution.InvocationInterceptorChain.proceed(InvocationInterceptorChain.java:64)
	at org.junit.jupiter.engine.execution.InvocationInterceptorChain.chainAndInvoke(InvocationInterceptorChain.java:45)
	at org.junit.jupiter.engine.execution.InvocationInterceptorChain.invoke(InvocationInterceptorChain.java:37)
	at org.junit.jupiter.engine.execution.InterceptingExecutableInvoker.invoke(InterceptingExecutableInvoker.java:92)
	at org.junit.jupiter.engine.execution.InterceptingExecutableInvoker.invoke(InterceptingExecutableInvoker.java:86)
	at org.junit.jupiter.engine.descriptor.TestMethodTestDescriptor.lambda$invokeTestMethod$8(TestMethodTestDescriptor.java:217)
	at org.junit.platform.engine.support.hierarchical.ThrowableCollector.execute(ThrowableCollector.java:73)
	at org.junit.jupiter.engine.descriptor.TestMethodTestDescriptor.invokeTestMethod(TestMethodTestDescriptor.java:213)
	at org.junit.jupiter.engine.descriptor.TestMethodTestDescriptor.execute(TestMethodTestDescriptor.java:138)
	at org.junit.jupiter.engine.descriptor.TestMethodTestDescriptor.execute(TestMethodTestDescriptor.java:68)
	at org.junit.platform.engine.support.hierarchical.NodeTestTask.lambda$executeRecursively$6(NodeTestTask.java:156)
	at org.junit.platform.engine.support.hierarchical.ThrowableCollector.execute(ThrowableCollector.java:73)
	at org.junit.platform.engine.support.hierarchical.NodeTestTask.lambda$executeRecursively$8(NodeTestTask.java:146)
	at org.junit.platform.engine.support.hierarchical.Node.around(Node.java:137)
	at org.junit.platform.engine.support.hierarchical.NodeTestTask.lambda$executeRecursively$9(NodeTestTask.java:144)
	at org.junit.platform.engine.support.hierarchical.ThrowableCollector.execute(ThrowableCollector.java:73)
	at org.junit.platform.engine.support.hierarchical.NodeTestTask.executeRecursively(NodeTestTask.java:143)
	at org.junit.platform.engine.support.hierarchical.NodeTestTask.execute(NodeTestTask.java:100)
	at org.junit.platform.engine.support.hierarchical.ForkJoinPoolHierarchicalTestExecutorService$ExclusiveTask.exec(ForkJoinPoolHierarchicalTestExecutorService.java:274)
	at org.junit.platform.engine.support.hierarchical.ForkJoinPoolHierarchicalTestExecutorService$ExclusiveTask.execSync(ForkJoinPoolHierarchicalTestExecutorService.java:247)
	at org.junit.platform.engine.support.hierarchical.ForkJoinPoolHierarchicalTestExecutorService.executeSync(ForkJoinPoolHierarchicalTestExecutorService.java:194)
	at org.junit.platform.engine.support.hierarchical.ForkJoinPoolHierarchicalTestExecutorService.invokeAll(ForkJoinPoolHierarchicalTestExecutorService.java:166)
	at org.junit.platform.engine.support.hierarchical.NodeTestTask.lambda$executeRecursively$6(NodeTestTask.java:160)
	at org.junit.platform.engine.support.hierarchical.ThrowableCollector.execute(ThrowableCollector.java:73)
	at org.junit.platform.engine.support.hierarchical.NodeTestTask.lambda$executeRecursively$8(NodeTestTask.java:146)
	at org.junit.platform.engine.support.hierarchical.Node.around(Node.java:137)
	at org.junit.platform.engine.support.hierarchical.NodeTestTask.lambda$executeRecursively$9(NodeTestTask.java:144)
	at org.junit.platform.engine.support.hierarchical.ThrowableCollector.execute(ThrowableCollector.java:73)
	at org.junit.platform.engine.support.hierarchical.NodeTestTask.executeRecursively(NodeTestTask.java:143)
	at org.junit.platform.engine.support.hierarchical.NodeTestTask.execute(NodeTestTask.java:100)
	at org.junit.platform.engine.support.hierarchical.ForkJoinPoolHierarchicalTestExecutorService$ExclusiveTask.exec(ForkJoinPoolHierarchicalTestExecutorService.java:274)
	at java.base/java.util.concurrent.ForkJoinTask.doExec(ForkJoinTask.java:387)
	at java.base/java.util.concurrent.ForkJoinPool$WorkQueue.topLevelExec(ForkJoinPool.java:1312)
	at java.base/java.util.concurrent.ForkJoinPool.scan(ForkJoinPool.java:1843)
	at java.base/java.util.concurrent.ForkJoinPool.runWorker(ForkJoinPool.java:1808)
	at java.base/java.util.concurrent.ForkJoinWorkerThread.run(ForkJoinWorkerThread.java:188)
Caused by: org.springframework.web.client.HttpClientErrorException$Forbidden: 403 Forbidden on GET request for "https://continuous-integration.fake.fake/user/batman/api/json": [no body]
	at org.springframework.web.client.HttpClientErrorException.create(HttpClientErrorException.java:109)
	at org.springframework.web.client.DefaultResponseErrorHandler.handleError(DefaultResponseErrorHandler.java:186)
	at org.springframework.web.client.DefaultResponseErrorHandler.handleError(DefaultResponseErrorHandler.java:147)
	at org.springframework.web.client.RestTemplate.handleResponse(RestTemplate.java:953)
	at org.springframework.web.client.RestTemplate.doExecute(RestTemplate.java:902)
	at org.springframework.web.client.RestTemplate.execute(RestTemplate.java:841)
	at org.springframework.web.client.RestTemplate.exchange(RestTemplate.java:702)
	at de.tum.cit.aet.artemis.programming.service.jenkins.JenkinsUserManagementService.getUser(JenkinsUserManagementService.java:397)
	... 231 common frames omitted

  Starting logs for UserJenkinsGitlabIntegrationTest > testUserWithExternalAndInternalStatus()
    23:42:18.563 | 198 Pool-1-worker-91 | DEBUG | d.t.c.a.a.c.u.util.UserUtilService   : Generate 2 students...
    23:42:18.566 | 198 Pool-1-worker-91 | DEBUG | d.t.c.a.a.c.u.util.UserUtilService   : 2 students generated. Generate 1 tutors...
    23:42:18.568 | 198 Pool-1-worker-91 | DEBUG | d.t.c.a.a.c.u.util.UserUtilService   : 1 tutors generated. Generate 1 editors...
    23:42:18.570 | 198 Pool-1-worker-91 | DEBUG | d.t.c.a.a.c.u.util.UserUtilService   : 1 editors generated. Generate 1 instructors...
    23:42:18.572 | 198 Pool-1-worker-91 | DEBUG | d.t.c.a.a.c.u.util.UserUtilService   : 1 instructors generated
    23:42:18.574 | 198 Pool-1-worker-91 | DEBUG | d.t.c.a.a.c.u.util.UserUtilService   : Removing 0 users from all courses...
    23:42:18.574 | 198 Pool-1-worker-91 | DEBUG | d.t.c.a.a.c.u.util.UserUtilService   : Removing 0 users from all courses. Done
    23:42:18.574 | 198 Pool-1-worker-91 | DEBUG | d.t.c.a.a.c.u.util.UserUtilService   : Save 5 users to database...
    23:42:18.579 | 198 Pool-1-worker-91 | DEBUG | d.t.c.a.a.c.u.util.UserUtilService   : Save 5 users to database. Done
    23:42:18.584 | 198 Pool-1-worker-91 | INFO  | i.z.t.d.l.EmbeddedDatabaseReporter   : JDBC URL to connect to 'dataSource': url='jdbc:h2:tcp://localhost:41063/mem:736625c0-cf5e-400d-aeaa-8a7eabd6262b;USER=sa', scope='UserJenkinsGitlabIntegrationTest#testUserWithExternalAndInternalStatus'
    23:42:18.595 | 198 Pool-1-worker-91 | DEBUG | d.t.c.a.a.c.u.util.UserUtilService   : Generate 2 students...
    23:42:18.598 | 198 Pool-1-worker-91 | DEBUG | d.t.c.a.a.c.u.util.UserUtilService   : 2 students generated. Generate 0 tutors...
    23:42:18.599 | 198 Pool-1-worker-91 | DEBUG | d.t.c.a.a.c.u.util.UserUtilService   : 0 tutors generated. Generate 0 editors...
    23:42:18.600 | 198 Pool-1-worker-91 | DEBUG | d.t.c.a.a.c.u.util.UserUtilService   : 0 editors generated. Generate 0 instructors...
    23:42:18.602 | 198 Pool-1-worker-91 | DEBUG | d.t.c.a.a.c.u.util.UserUtilService   : 0 instructors generated
    23:42:18.603 | 198 Pool-1-worker-91 | DEBUG | d.t.c.a.a.c.u.util.UserUtilService   : Removing 0 users from all courses...
    23:42:18.604 | 198 Pool-1-worker-91 | DEBUG | d.t.c.a.a.c.u.util.UserUtilService   : Removing 0 users from all courses. Done
    23:42:18.604 | 198 Pool-1-worker-91 | DEBUG | d.t.c.a.a.c.u.util.UserUtilService   : Save 2 users to database...
    23:42:18.605 | 198 Pool-1-worker-91 | DEBUG | d.t.c.a.a.c.u.util.UserUtilService   : Save 2 users to database. Done
    23:42:18.609 | 198 Pool-1-worker-91 | DEBUG | d.t.c.a.a.c.s.f.ApiVersionFilter     : Adding Version to Request GET /api/admin/users
    23:42:18.674 | 198 Pool-1-worker-91 | DEBUG | d.t.c.a.a.c.u.util.UserUtilService   : Generate 0 students...
    23:42:18.675 | 198 Pool-1-worker-91 | DEBUG | d.t.c.a.a.c.u.util.UserUtilService   : 0 students generated. Generate 2 tutors...
    23:42:18.679 | 198 Pool-1-worker-91 | DEBUG | d.t.c.a.a.c.u.util.UserUtilService   : 2 tutors generated. Generate 0 editors...
    23:42:18.681 | 198 Pool-1-worker-91 | DEBUG | d.t.c.a.a.c.u.util.UserUtilService   : 0 editors generated. Generate 0 instructors...
    23:42:18.682 | 198 Pool-1-worker-91 | DEBUG | d.t.c.a.a.c.u.util.UserUtilService   : 0 instructors generated
    23:42:18.684 | 198 Pool-1-worker-91 | DEBUG | d.t.c.a.a.c.u.util.UserUtilService   : Removing 0 users from all courses...
    23:42:18.685 | 198 Pool-1-worker-91 | DEBUG | d.t.c.a.a.c.u.util.UserUtilService   : Removing 0 users from all courses. Done
    23:42:18.685 | 198 Pool-1-worker-91 | DEBUG | d.t.c.a.a.c.u.util.UserUtilService   : Save 2 users to database...
    23:42:18.687 | 198 Pool-1-worker-91 | DEBUG | d.t.c.a.a.c.u.util.UserUtilService   : Save 2 users to database. Done
    23:42:18.692 | 198 Pool-1-worker-91 | DEBUG | d.t.c.a.a.c.s.f.ApiVersionFilter     : Adding Version to Request GET /api/admin/users
    23:42:18.710 | 198 Pool-1-worker-91 | DEBUG | d.t.c.a.a.c.u.util.UserUtilService   : Generate 0 students...
    23:42:18.712 | 198 Pool-1-worker-91 | DEBUG | d.t.c.a.a.c.u.util.UserUtilService   : 0 students generated. Generate 0 tutors...
    23:42:18.714 | 198 Pool-1-worker-91 | DEBUG | d.t.c.a.a.c.u.util.UserUtilService   : 0 tutors generated. Generate 2 editors...
    23:42:18.763 | 198 Pool-1-worker-91 | DEBUG | d.t.c.a.a.c.u.util.UserUtilService   : 2 editors generated. Generate 0 instructors...
    23:42:18.765 | 198 Pool-1-worker-91 | DEBUG | d.t.c.a.a.c.u.util.UserUtilService   : 0 instructors generated
    23:42:18.771 | 198 Pool-1-worker-91 | DEBUG | d.t.c.a.a.c.u.util.UserUtilService   : Removing 0 users from all courses...
    23:42:18.771 | 198 Pool-1-worker-91 | DEBUG | d.t.c.a.a.c.u.util.UserUtilService   : Removing 0 users from all courses. Done
    23:42:18.771 | 198 Pool-1-worker-91 | DEBUG | d.t.c.a.a.c.u.util.UserUtilService   : Save 2 users to database...
    23:42:18.777 | 198 Pool-1-worker-91 | DEBUG | d.t.c.a.a.c.u.util.UserUtilService   : Save 2 users to database. Done
    23:42:18.782 | 198 Pool-1-worker-91 | DEBUG | d.t.c.a.a.c.s.f.ApiVersionFilter     : Adding Version to Request GET /api/admin/users
    23:42:18.801 | 198 Pool-1-worker-91 | DEBUG | d.t.c.a.a.c.u.util.UserUtilService   : Generate 0 students...
    23:42:18.804 | 198 Pool-1-worker-91 | DEBUG | d.t.c.a.a.c.u.util.UserUtilService   : 0 students generated. Generate 0 tutors...
    23:42:18.805 | 198 Pool-1-worker-91 | DEBUG | d.t.c.a.a.c.u.util.UserUtilService   : 0 tutors generated. Generate 0 editors...
    23:42:18.810 | 198 Pool-1-worker-91 | DEBUG | d.t.c.a.a.c.u.util.UserUtilService   : 0 editors generated. Generate 2 instructors...
    23:42:18.813 | 198 Pool-1-worker-91 | DEBUG | d.t.c.a.a.c.u.util.UserUtilService   : 2 instructors generated
    23:42:18.818 | 198 Pool-1-worker-91 | DEBUG | d.t.c.a.a.c.u.util.UserUtilService   : Removing 0 users from all courses...
    23:42:18.818 | 198 Pool-1-worker-91 | DEBUG | d.t.c.a.a.c.u.util.UserUtilService   : Removing 0 users from all courses. Done
    23:42:18.818 | 198 Pool-1-worker-91 | DEBUG | d.t.c.a.a.c.u.util.UserUtilService   : Save 2 users to database...
    23:42:18.821 | 198 Pool-1-worker-91 | DEBUG | d.t.c.a.a.c.u.util.UserUtilService   : Save 2 users to database. Done
    23:42:18.827 | 198 Pool-1-worker-91 | DEBUG | d.t.c.a.a.c.s.f.ApiVersionFilter     : Adding Version to Request GET /api/admin/users

  Starting logs for UserJenkinsGitlabIntegrationTest > getUsers_asAdmin_isSuccessful()
    23:42:18.859 | 198 Pool-1-worker-91 | DEBUG | d.t.c.a.a.c.u.util.UserUtilService   : Generate 2 students...
    23:42:18.862 | 198 Pool-1-worker-91 | DEBUG | d.t.c.a.a.c.u.util.UserUtilService   : 2 students generated. Generate 1 tutors...
    23:42:18.864 | 198 Pool-1-worker-91 | DEBUG | d.t.c.a.a.c.u.util.UserUtilService   : 1 tutors generated. Generate 1 editors...
    23:42:18.866 | 198 Pool-1-worker-91 | DEBUG | d.t.c.a.a.c.u.util.UserUtilService   : 1 editors generated. Generate 1 instructors...
    23:42:18.868 | 198 Pool-1-worker-91 | DEBUG | d.t.c.a.a.c.u.util.UserUtilService   : 1 instructors generated
    23:42:18.870 | 198 Pool-1-worker-91 | DEBUG | d.t.c.a.a.c.u.util.UserUtilService   : Removing 0 users from all courses...
    23:42:18.870 | 198 Pool-1-worker-91 | DEBUG | d.t.c.a.a.c.u.util.UserUtilService   : Removing 0 users from all courses. Done
    23:42:18.870 | 198 Pool-1-worker-91 | DEBUG | d.t.c.a.a.c.u.util.UserUtilService   : Save 5 users to database...
    23:42:18.873 | 198 Pool-1-worker-91 | DEBUG | d.t.c.a.a.c.u.util.UserUtilService   : Save 5 users to database. Done
    23:42:18.879 | 198 Pool-1-worker-91 | INFO  | i.z.t.d.l.EmbeddedDatabaseReporter   : JDBC URL to connect to 'dataSource': url='jdbc:h2:tcp://localhost:41063/mem:736625c0-cf5e-400d-aeaa-8a7eabd6262b;USER=sa', scope='UserJenkinsGitlabIntegrationTest#getUsers_asAdmin_isSuccessful'
    23:42:18.935 | 198 Pool-1-worker-91 | DEBUG | d.t.c.a.a.c.s.f.ApiVersionFilter     : Adding Version to Request GET /api/admin/users

  Starting logs for UserJenkinsGitlabIntegrationTest > updateUserEmptyRoles()
    23:42:18.981 | 198 Pool-1-worker-91 | DEBUG | d.t.c.a.a.c.u.util.UserUtilService   : Generate 2 students...
    23:42:18.987 | 198 Pool-1-worker-91 | DEBUG | d.t.c.a.a.c.u.util.UserUtilService   : 2 students generated. Generate 1 tutors...
    23:42:18.989 | 198 Pool-1-worker-91 | DEBUG | d.t.c.a.a.c.u.util.UserUtilService   : 1 tutors generated. Generate 1 editors...
    23:42:18.994 | 198 Pool-1-worker-91 | DEBUG | d.t.c.a.a.c.u.util.UserUtilService   : 1 editors generated. Generate 1 instructors...
    23:42:19.001 | 198 Pool-1-worker-91 | DEBUG | d.t.c.a.a.c.u.util.UserUtilService   : 1 instructors generated
    23:42:19.003 | 198 Pool-1-worker-91 | DEBUG | d.t.c.a.a.c.u.util.UserUtilService   : Removing 0 users from all courses...
    23:42:19.003 | 198 Pool-1-worker-91 | DEBUG | d.t.c.a.a.c.u.util.UserUtilService   : Removing 0 users from all courses. Done
    23:42:19.003 | 198 Pool-1-worker-91 | DEBUG | d.t.c.a.a.c.u.util.UserUtilService   : Save 5 users to database...
    23:42:19.012 | 198 Pool-1-worker-91 | DEBUG | d.t.c.a.a.c.u.util.UserUtilService   : Save 5 users to database. Done
    23:42:19.021 | 198 Pool-1-worker-91 | INFO  | i.z.t.d.l.EmbeddedDatabaseReporter   : JDBC URL to connect to 'dataSource': url='jdbc:h2:tcp://localhost:41063/mem:736625c0-cf5e-400d-aeaa-8a7eabd6262b;USER=sa', scope='UserJenkinsGitlabIntegrationTest#updateUserEmptyRoles'
    23:42:19.054 | 198 Pool-1-worker-91 | DEBUG | d.t.c.a.a.c.s.f.ApiVersionFilter     : Adding Version to Request PUT /api/admin/users
    23:42:19.055 | 198 Pool-1-worker-91 | DEBUG | d.t.c.a.a.c.w.a.AdminUserResource    : REST request to update User : ManagedUserVM{} UserDTO{login='userjenkstudent1', firstName='userjenkstudent1First', lastName='userjenkstudent1Last', email='userjenkstudent1@test.de', imageUrl='null', activated=true, langKey='en', createdBy=admin, createdDate=2025-02-14T23:42:19.003988Z, lastModifiedBy='admin', lastModifiedDate=2025-02-14T23:42:19.003988Z, lastNotificationRead=null, authorities=[]}
    23:42:19.067 | 198 Pool-1-worker-91 | DEBUG | d.t.c.a.a.c.s.u.UserCreationService  : Changed Information for User: User{login='userjenkstudent1', firstName='userjenkstudent1First', lastName='userjenkstudent1Last', email='userjenkstudent1@test.de', imageUrl='null', activated='true', langKey='en', activationKey='null'}
    23:42:19.070 | 198 Pool-1-worker-91 | DEBUG | d.t.c.a.a.c.s.u.UserCreationService  : Save user User{login='userjenkstudent1', firstName='userjenkstudent1First', lastName='userjenkstudent1Last', email='userjenkstudent1@test.de', imageUrl='null', activated='true', langKey='en', activationKey='null'}
    23:42:19.083 | 198 Pool-1-worker-91 | INFO  | a.p.s.j.JenkinsUserManagementService : Update Jenkins permissions (remove users from groups) for programming exercises: []
    23:42:19.088 | 198 Pool-1-worker-91 | INFO  | a.p.s.j.JenkinsUserManagementService : Update Jenkins permissions (add users to groups) for programming exercises: []
    23:42:19.089 | 198 Pool-1-worker-91 | INFO  | a.p.s.j.JenkinsUserManagementService : Update Jenkins permissions (remove users from groups) for programming exercises: []
    23:42:19.090 | 198 Pool-1-worker-91 | INFO  | a.p.s.j.JenkinsUserManagementService : Update Jenkins permissions (add users to groups) for programming exercises: []

  Starting logs for UserJenkinsGitlabIntegrationTest > shouldFailIfCannotUpdateDeactivatedUserInGitlab()
    23:42:19.124 | 198 Pool-1-worker-91 | DEBUG | d.t.c.a.a.c.u.util.UserUtilService   : Generate 2 students...
    23:42:19.127 | 198 Pool-1-worker-91 | DEBUG | d.t.c.a.a.c.u.util.UserUtilService   : 2 students generated. Generate 1 tutors...
    23:42:19.129 | 198 Pool-1-worker-91 | DEBUG | d.t.c.a.a.c.u.util.UserUtilService   : 1 tutors generated. Generate 1 editors...
    23:42:19.131 | 198 Pool-1-worker-91 | DEBUG | d.t.c.a.a.c.u.util.UserUtilService   : 1 editors generated. Generate 1 instructors...
    23:42:19.133 | 198 Pool-1-worker-91 | DEBUG | d.t.c.a.a.c.u.util.UserUtilService   : 1 instructors generated
    23:42:19.134 | 198 Pool-1-worker-91 | DEBUG | d.t.c.a.a.c.u.util.UserUtilService   : Removing 0 users from all courses...
    23:42:19.134 | 198 Pool-1-worker-91 | DEBUG | d.t.c.a.a.c.u.util.UserUtilService   : Removing 0 users from all courses. Done
    23:42:19.134 | 198 Pool-1-worker-91 | DEBUG | d.t.c.a.a.c.u.util.UserUtilService   : Save 5 users to database...
    23:42:19.138 | 198 Pool-1-worker-91 | DEBUG | d.t.c.a.a.c.u.util.UserUtilService   : Save 5 users to database. Done
    23:42:19.142 | 198 Pool-1-worker-91 | INFO  | i.z.t.d.l.EmbeddedDatabaseReporter   : JDBC URL to connect to 'dataSource': url='jdbc:h2:tcp://localhost:41063/mem:736625c0-cf5e-400d-aeaa-8a7eabd6262b;USER=sa', scope='UserJenkinsGitlabIntegrationTest#shouldFailIfCannotUpdateDeactivatedUserInGitlab'
    23:42:19.147 | 198 Pool-1-worker-91 | DEBUG | d.t.c.a.a.c.s.f.ApiVersionFilter     : Adding Version to Request POST /api/public/register
    23:42:19.153 | 198 Pool-1-worker-91 | DEBUG | d.t.c.a.a.c.service.user.UserService : Save user User{login='ab123cd', firstName='ab123cdFirst', lastName='ab123cdLast', email='ab123cd@test.de', imageUrl='null', activated='false', langKey='en', activationKey='US8qi2ulLYuewpxaqmvG'}
    23:42:19.157 | 198 Pool-1-worker-91 | INFO  | .c.s.m.InstanceMessageReceiveService : Received remove non-activated user for user 255
    23:42:19.160 | 198 Pool-1-worker-91 | DEBUG | d.t.c.a.a.c.service.user.UserService : Created Information for User: User{login='ab123cd', firstName='ab123cdFirst', lastName='ab123cdLast', email='ab123cd@test.de', imageUrl='null', activated='false', langKey='en', activationKey='US8qi2ulLYuewpxaqmvG'}
    23:42:19.160 | 198 Pool-1-worker-91 | DEBUG | d.t.c.a.a.c.s.n.MailService          : Sending activation email to 'ab123cd@test.de'
    23:42:19.210 |  68 artemis-task-1   | DEBUG | d.t.c.a.a.c.s.n.MailSendingService   : Send email[multipart 'false' and html 'true'] to 'User{login='ab123cd', firstName='ab123cdFirst', lastName='ab123cdLast', email='ab123cd@test.de', imageUrl='null', activated='false', langKey='en', activationKey='US8qi2ulLYuewpxaqmvG'}' with subject 'Artemis account activation'
    23:42:19.217 | 198 Pool-1-worker-91 | DEBUG | d.t.c.a.a.c.s.f.ApiVersionFilter     : Adding Version to Request PUT /api/admin/users
    23:42:19.218 |  68 artemis-task-1   | INFO  | d.t.c.a.a.c.s.n.MailSendingService   : Sent email with subject 'Artemis account activation' to User 'User{login='ab123cd', firstName='ab123cdFirst', lastName='ab123cdLast', email='ab123cd@test.de', imageUrl='null', activated='false', langKey='en', activationKey='US8qi2ulLYuewpxaqmvG'}'
    23:42:19.218 | 198 Pool-1-worker-91 | DEBUG | d.t.c.a.a.c.w.a.AdminUserResource    : REST request to update User : ManagedUserVM{} UserDTO{login='some-new-login', firstName='ab123cdFirst', lastName='ab123cdLast', email='ab123cd@test.de', imageUrl='null', activated=false, langKey='en', createdBy=admin, createdDate=2025-02-14T23:42:19.153777Z, lastModifiedBy='admin', lastModifiedDate=2025-02-14T23:42:19.153777Z, lastNotificationRead=null, authorities=[ROLE_USER]}
    23:42:19.224 | 198 Pool-1-worker-91 | DEBUG | d.t.c.a.a.c.s.u.UserCreationService  : Changed Information for User: User{login='some-new-login', firstName='ab123cdFirst', lastName='ab123cdLast', email='ab123cd@test.de', imageUrl='null', activated='false', langKey='en', activationKey='US8qi2ulLYuewpxaqmvG'}
    23:42:19.224 | 198 Pool-1-worker-91 | DEBUG | d.t.c.a.a.c.s.u.UserCreationService  : Save user User{login='some-new-login', firstName='ab123cdFirst', lastName='ab123cdLast', email='ab123cd@test.de', imageUrl='null', activated='false', langKey='en', activationKey='US8qi2ulLYuewpxaqmvG'}
    23:42:19.228 | 198 Pool-1-worker-91 | ERROR | o.z.p.spring.common.AdviceTraits     : Internal Server Error
de.tum.cit.aet.artemis.programming.service.gitlab.GitLabException: Error while trying to update user in GitLab: User{login='some-new-login', firstName='ab123cdFirst', lastName='ab123cdLast', email='ab123cd@test.de', imageUrl='null', activated='false', langKey='en', activationKey='US8qi2ulLYuewpxaqmvG'}
	at de.tum.cit.aet.artemis.programming.service.gitlab.GitLabUserManagementService.updateVcsUser(GitLabUserManagementService.java:83)
	at de.tum.cit.aet.artemis.programming.service.gitlab.GitLabUserManagementService.updateVcsUser(GitLabUserManagementService.java:69)
	at de.tum.cit.aet.artemis.core.service.user.UserService.lambda$updateUserInConnectorsAndAuthProvider$13(UserService.java:463)
	at java.base/java.util.Optional.ifPresent(Optional.java:178)
	at de.tum.cit.aet.artemis.core.service.user.UserService.updateUserInConnectorsAndAuthProvider(UserService.java:463)
	at de.tum.cit.aet.artemis.core.web.admin.AdminUserResource.updateUser(AdminUserResource.java:166)
	at java.base/jdk.internal.reflect.DirectMethodHandleAccessor.invoke(DirectMethodHandleAccessor.java:103)
	at java.base/java.lang.reflect.Method.invoke(Method.java:580)
	at org.springframework.aop.support.AopUtils.invokeJoinpointUsingReflection(AopUtils.java:359)
	at org.springframework.aop.framework.ReflectiveMethodInvocation.invokeJoinpoint(ReflectiveMethodInvocation.java:196)
	at org.springframework.aop.framework.ReflectiveMethodInvocation.proceed(ReflectiveMethodInvocation.java:163)
	at org.springframework.security.authorization.method.AuthorizationManagerBeforeMethodInterceptor.proceed(AuthorizationManagerBeforeMethodInterceptor.java:268)
	at org.springframework.security.authorization.method.AuthorizationManagerBeforeMethodInterceptor.attemptAuthorization(AuthorizationManagerBeforeMethodInterceptor.java:263)
	at org.springframework.security.authorization.method.AuthorizationManagerBeforeMethodInterceptor.invoke(AuthorizationManagerBeforeMethodInterceptor.java:196)
	at org.springframework.security.config.annotation.method.configuration.DeferringMethodInterceptor.invoke(DeferringMethodInterceptor.java:44)
	at org.springframework.aop.framework.ReflectiveMethodInvocation.proceed(ReflectiveMethodInvocation.java:184)
	at org.springframework.aop.framework.CglibAopProxy$DynamicAdvisedInterceptor.intercept(CglibAopProxy.java:727)
	at de.tum.cit.aet.artemis.core.web.admin.AdminUserResource$$SpringCGLIB$$0.updateUser(<generated>)
	at java.base/jdk.internal.reflect.DirectMethodHandleAccessor.invoke(DirectMethodHandleAccessor.java:103)
	at java.base/java.lang.reflect.Method.invoke(Method.java:580)
	at org.springframework.web.method.support.InvocableHandlerMethod.doInvoke(InvocableHandlerMethod.java:257)
	at org.springframework.web.method.support.InvocableHandlerMethod.invokeForRequest(InvocableHandlerMethod.java:190)
	at org.springframework.web.servlet.mvc.method.annotation.ServletInvocableHandlerMethod.invokeAndHandle(ServletInvocableHandlerMethod.java:118)
	at org.springframework.web.servlet.mvc.method.annotation.RequestMappingHandlerAdapter.invokeHandlerMethod(RequestMappingHandlerAdapter.java:986)
	at org.springframework.web.servlet.mvc.method.annotation.RequestMappingHandlerAdapter.handleInternal(RequestMappingHandlerAdapter.java:891)
	at org.springframework.web.servlet.mvc.method.AbstractHandlerMethodAdapter.handle(AbstractHandlerMethodAdapter.java:87)
	at org.springframework.web.servlet.DispatcherServlet.doDispatch(DispatcherServlet.java:1088)
	at org.springframework.web.servlet.DispatcherServlet.doService(DispatcherServlet.java:978)
	at org.springframework.web.servlet.FrameworkServlet.processRequest(FrameworkServlet.java:1014)
	at org.springframework.web.servlet.FrameworkServlet.doPut(FrameworkServlet.java:925)
	at jakarta.servlet.http.HttpServlet.service(HttpServlet.java:550)
	at org.springframework.web.servlet.FrameworkServlet.service(FrameworkServlet.java:885)
	at org.springframework.test.web.servlet.TestDispatcherServlet.service(TestDispatcherServlet.java:72)
	at jakarta.servlet.http.HttpServlet.service(HttpServlet.java:614)
	at org.springframework.mock.web.MockFilterChain$ServletFilterProxy.doFilter(MockFilterChain.java:165)
	at org.springframework.mock.web.MockFilterChain.doFilter(MockFilterChain.java:132)
	at org.springframework.web.filter.OncePerRequestFilter.doFilter(OncePerRequestFilter.java:110)
	at org.springframework.test.web.servlet.setup.MockMvcFilterDecorator.doFilter(MockMvcFilterDecorator.java:162)
	at org.springframework.mock.web.MockFilterChain.doFilter(MockFilterChain.java:132)
	at de.tum.cit.aet.artemis.core.security.filter.ApiVersionFilter.doFilter(ApiVersionFilter.java:55)
	at org.springframework.test.web.servlet.setup.MockMvcFilterDecorator.doFilter(MockMvcFilterDecorator.java:162)
	at org.springframework.mock.web.MockFilterChain.doFilter(MockFilterChain.java:132)
	at io.sentry.spring.jakarta.SentryUserFilter.doFilterInternal(SentryUserFilter.java:56)
	at org.springframework.web.filter.OncePerRequestFilter.doFilter(OncePerRequestFilter.java:116)
	at org.springframework.test.web.servlet.setup.MockMvcFilterDecorator.doFilter(MockMvcFilterDecorator.java:162)
	at org.springframework.mock.web.MockFilterChain.doFilter(MockFilterChain.java:132)
	at org.springframework.web.filter.CompositeFilter$VirtualFilterChain.doFilter(CompositeFilter.java:108)
	at org.springframework.security.web.FilterChainProxy.lambda$doFilterInternal$3(FilterChainProxy.java:231)
	at org.springframework.security.web.ObservationFilterChainDecorator$FilterObservation$SimpleFilterObservation.lambda$wrap$1(ObservationFilterChainDecorator.java:479)
	at org.springframework.security.web.ObservationFilterChainDecorator$AroundFilterObservation$SimpleAroundFilterObservation.lambda$wrap$1(ObservationFilterChainDecorator.java:340)
	at org.springframework.security.web.ObservationFilterChainDecorator.lambda$wrapSecured$0(ObservationFilterChainDecorator.java:82)
	at org.springframework.security.web.ObservationFilterChainDecorator$VirtualFilterChain.doFilter(ObservationFilterChainDecorator.java:128)
	at org.springframework.security.web.access.intercept.AuthorizationFilter.doFilter(AuthorizationFilter.java:101)
	at org.springframework.security.web.ObservationFilterChainDecorator$ObservationFilter.wrapFilter(ObservationFilterChainDecorator.java:240)
	at org.springframework.security.web.ObservationFilterChainDecorator$ObservationFilter.doFilter(ObservationFilterChainDecorator.java:227)
	at org.springframework.security.web.ObservationFilterChainDecorator$VirtualFilterChain.doFilter(ObservationFilterChainDecorator.java:137)
	at org.springframework.security.web.access.ExceptionTranslationFilter.doFilter(ExceptionTranslationFilter.java:126)
	at org.springframework.security.web.access.ExceptionTranslationFilter.doFilter(ExceptionTranslationFilter.java:120)
	at org.springframework.security.web.ObservationFilterChainDecorator$ObservationFilter.wrapFilter(ObservationFilterChainDecorator.java:240)
	at org.springframework.security.web.ObservationFilterChainDecorator$ObservationFilter.doFilter(ObservationFilterChainDecorator.java:227)
	at org.springframework.security.web.ObservationFilterChainDecorator$VirtualFilterChain.doFilter(ObservationFilterChainDecorator.java:137)
	at org.springframework.security.web.session.SessionManagementFilter.doFilter(SessionManagementFilter.java:131)
	at org.springframework.security.web.session.SessionManagementFilter.doFilter(SessionManagementFilter.java:85)
	at org.springframework.security.web.ObservationFilterChainDecorator$ObservationFilter.wrapFilter(ObservationFilterChainDecorator.java:240)
	at org.springframework.security.web.ObservationFilterChainDecorator$ObservationFilter.doFilter(ObservationFilterChainDecorator.java:227)
	at org.springframework.security.web.ObservationFilterChainDecorator$VirtualFilterChain.doFilter(ObservationFilterChainDecorator.java:137)
	at org.springframework.security.web.authentication.AnonymousAuthenticationFilter.doFilter(AnonymousAuthenticationFilter.java:100)
	at org.springframework.security.web.ObservationFilterChainDecorator$ObservationFilter.wrapFilter(ObservationFilterChainDecorator.java:240)
	at org.springframework.security.web.ObservationFilterChainDecorator$ObservationFilter.doFilter(ObservationFilterChainDecorator.java:227)
	at org.springframework.security.web.ObservationFilterChainDecorator$VirtualFilterChain.doFilter(ObservationFilterChainDecorator.java:137)
	at org.springframework.security.web.servletapi.SecurityContextHolderAwareRequestFilter.doFilter(SecurityContextHolderAwareRequestFilter.java:179)
	at org.springframework.security.web.ObservationFilterChainDecorator$ObservationFilter.wrapFilter(ObservationFilterChainDecorator.java:240)
	at org.springframework.security.web.ObservationFilterChainDecorator$ObservationFilter.doFilter(ObservationFilterChainDecorator.java:227)
	at org.springframework.security.web.ObservationFilterChainDecorator$VirtualFilterChain.doFilter(ObservationFilterChainDecorator.java:137)
	at org.springframework.security.web.savedrequest.RequestCacheAwareFilter.doFilter(RequestCacheAwareFilter.java:63)
	at org.springframework.security.web.ObservationFilterChainDecorator$ObservationFilter.wrapFilter(ObservationFilterChainDecorator.java:240)
	at org.springframework.security.web.ObservationFilterChainDecorator$ObservationFilter.doFilter(ObservationFilterChainDecorator.java:227)
	at org.springframework.security.web.ObservationFilterChainDecorator$VirtualFilterChain.doFilter(ObservationFilterChainDecorator.java:137)
	at de.tum.cit.aet.artemis.core.security.filter.SpaWebFilter.doFilterInternal(SpaWebFilter.java:23)
	at org.springframework.web.filter.OncePerRequestFilter.doFilter(OncePerRequestFilter.java:116)
	at org.springframework.security.web.ObservationFilterChainDecorator$ObservationFilter.wrapFilter(ObservationFilterChainDecorator.java:240)
	at org.springframework.security.web.ObservationFilterChainDecorator$ObservationFilter.doFilter(ObservationFilterChainDecorator.java:227)
	at org.springframework.security.web.ObservationFilterChainDecorator$VirtualFilterChain.doFilter(ObservationFilterChainDecorator.java:137)
	at org.springframework.web.filter.OncePerRequestFilter.doFilter(OncePerRequestFilter.java:110)
	at org.springframework.security.web.ObservationFilterChainDecorator$ObservationFilter.wrapFilter(ObservationFilterChainDecorator.java:240)
	at org.springframework.security.web.ObservationFilterChainDecorator$ObservationFilter.doFilter(ObservationFilterChainDecorator.java:227)
	at org.springframework.security.web.ObservationFilterChainDecorator$VirtualFilterChain.doFilter(ObservationFilterChainDecorator.java:137)
	at de.tum.cit.aet.artemis.lti.config.Lti13LaunchFilter.doFilterInternal(Lti13LaunchFilter.java:60)
	at org.springframework.web.filter.OncePerRequestFilter.doFilter(OncePerRequestFilter.java:116)
	at org.springframework.security.web.ObservationFilterChainDecorator$ObservationFilter.wrapFilter(ObservationFilterChainDecorator.java:240)
	at org.springframework.security.web.ObservationFilterChainDecorator$ObservationFilter.doFilter(ObservationFilterChainDecorator.java:227)
	at org.springframework.security.web.ObservationFilterChainDecorator$VirtualFilterChain.doFilter(ObservationFilterChainDecorator.java:137)
	at de.tum.cit.aet.artemis.core.security.jwt.JWTFilter.doFilter(JWTFilter.java:55)
	at org.springframework.security.web.ObservationFilterChainDecorator$ObservationFilter.wrapFilter(ObservationFilterChainDecorator.java:240)
	at org.springframework.security.web.ObservationFilterChainDecorator$ObservationFilter.doFilter(ObservationFilterChainDecorator.java:227)
	at org.springframework.security.web.ObservationFilterChainDecorator$VirtualFilterChain.doFilter(ObservationFilterChainDecorator.java:137)
	at de.tum.cit.aet.artemis.core.security.jwt.JWTFilter.doFilter(JWTFilter.java:55)
	at org.springframework.security.web.ObservationFilterChainDecorator$ObservationFilter.wrapFilter(ObservationFilterChainDecorator.java:240)
	at org.springframework.security.web.ObservationFilterChainDecorator$ObservationFilter.doFilter(ObservationFilterChainDecorator.java:227)
	at org.springframework.security.web.ObservationFilterChainDecorator$VirtualFilterChain.doFilter(ObservationFilterChainDecorator.java:137)
	at org.springframework.web.filter.CorsFilter.doFilterInternal(CorsFilter.java:91)
	at org.springframework.web.filter.OncePerRequestFilter.doFilter(OncePerRequestFilter.java:116)
	at org.springframework.security.web.ObservationFilterChainDecorator$ObservationFilter.wrapFilter(ObservationFilterChainDecorator.java:240)
	at org.springframework.security.web.ObservationFilterChainDecorator$ObservationFilter.doFilter(ObservationFilterChainDecorator.java:227)
	at org.springframework.security.web.ObservationFilterChainDecorator$VirtualFilterChain.doFilter(ObservationFilterChainDecorator.java:137)
	at org.springframework.web.filter.OncePerRequestFilter.doFilter(OncePerRequestFilter.java:110)
	at org.springframework.security.web.ObservationFilterChainDecorator$ObservationFilter.wrapFilter(ObservationFilterChainDecorator.java:240)
	at org.springframework.security.web.ObservationFilterChainDecorator$ObservationFilter.doFilter(ObservationFilterChainDecorator.java:227)
	at org.springframework.security.web.ObservationFilterChainDecorator$VirtualFilterChain.doFilter(ObservationFilterChainDecorator.java:137)
	at uk.ac.ox.ctl.lti13.security.oauth2.client.lti.web.OAuth2AuthorizationRequestRedirectFilter.doFilterInternal(OAuth2AuthorizationRequestRedirectFilter.java:142)
	at org.springframework.web.filter.OncePerRequestFilter.doFilter(OncePerRequestFilter.java:116)
	at org.springframework.security.web.ObservationFilterChainDecorator$ObservationFilter.wrapFilter(ObservationFilterChainDecorator.java:240)
	at org.springframework.security.web.ObservationFilterChainDecorator$ObservationFilter.doFilter(ObservationFilterChainDecorator.java:227)
	at org.springframework.security.web.ObservationFilterChainDecorator$VirtualFilterChain.doFilter(ObservationFilterChainDecorator.java:137)
	at org.springframework.security.web.authentication.logout.LogoutFilter.doFilter(LogoutFilter.java:107)
	at org.springframework.security.web.authentication.logout.LogoutFilter.doFilter(LogoutFilter.java:93)
	at org.springframework.security.web.ObservationFilterChainDecorator$ObservationFilter.wrapFilter(ObservationFilterChainDecorator.java:240)
	at org.springframework.security.web.ObservationFilterChainDecorator$ObservationFilter.doFilter(ObservationFilterChainDecorator.java:227)
	at org.springframework.security.web.ObservationFilterChainDecorator$VirtualFilterChain.doFilter(ObservationFilterChainDecorator.java:137)
	at org.springframework.security.web.header.HeaderWriterFilter.doHeadersAfter(HeaderWriterFilter.java:90)
	at org.springframework.security.web.header.HeaderWriterFilter.doFilterInternal(HeaderWriterFilter.java:75)
	at org.springframework.web.filter.OncePerRequestFilter.doFilter(OncePerRequestFilter.java:116)
	at org.springframework.security.web.ObservationFilterChainDecorator$ObservationFilter.wrapFilter(ObservationFilterChainDecorator.java:240)
	at org.springframework.security.web.ObservationFilterChainDecorator$ObservationFilter.doFilter(ObservationFilterChainDecorator.java:227)
	at org.springframework.security.web.ObservationFilterChainDecorator$VirtualFilterChain.doFilter(ObservationFilterChainDecorator.java:137)
	at org.springframework.security.web.context.SecurityContextHolderFilter.doFilter(SecurityContextHolderFilter.java:82)
	at org.springframework.security.web.context.SecurityContextHolderFilter.doFilter(SecurityContextHolderFilter.java:69)
	at org.springframework.security.web.ObservationFilterChainDecorator$ObservationFilter.wrapFilter(ObservationFilterChainDecorator.java:240)
	at org.springframework.security.web.ObservationFilterChainDecorator$ObservationFilter.doFilter(ObservationFilterChainDecorator.java:227)
	at org.springframework.security.web.ObservationFilterChainDecorator$VirtualFilterChain.doFilter(ObservationFilterChainDecorator.java:137)
	at org.springframework.security.web.context.request.async.WebAsyncManagerIntegrationFilter.doFilterInternal(WebAsyncManagerIntegrationFilter.java:62)
	at org.springframework.web.filter.OncePerRequestFilter.doFilter(OncePerRequestFilter.java:116)
	at org.springframework.security.web.ObservationFilterChainDecorator$ObservationFilter.wrapFilter(ObservationFilterChainDecorator.java:240)
	at org.springframework.security.web.ObservationFilterChainDecorator$ObservationFilter.doFilter(ObservationFilterChainDecorator.java:227)
	at org.springframework.security.web.ObservationFilterChainDecorator$VirtualFilterChain.doFilter(ObservationFilterChainDecorator.java:137)
	at org.springframework.security.web.session.DisableEncodeUrlFilter.doFilterInternal(DisableEncodeUrlFilter.java:42)
	at org.springframework.web.filter.OncePerRequestFilter.doFilter(OncePerRequestFilter.java:116)
	at org.springframework.security.web.ObservationFilterChainDecorator$ObservationFilter.wrapFilter(ObservationFilterChainDecorator.java:240)
	at org.springframework.security.web.ObservationFilterChainDecorator$AroundFilterObservation$SimpleAroundFilterObservation.lambda$wrap$0(ObservationFilterChainDecorator.java:323)
	at org.springframework.security.web.ObservationFilterChainDecorator$ObservationFilter.doFilter(ObservationFilterChainDecorator.java:224)
	at org.springframework.security.web.ObservationFilterChainDecorator$VirtualFilterChain.doFilter(ObservationFilterChainDecorator.java:137)
	at org.springframework.security.web.FilterChainProxy.doFilterInternal(FilterChainProxy.java:233)
	at org.springframework.security.web.FilterChainProxy.doFilter(FilterChainProxy.java:191)
	at org.springframework.web.filter.CompositeFilter$VirtualFilterChain.doFilter(CompositeFilter.java:113)
	at org.springframework.web.servlet.handler.HandlerMappingIntrospector.lambda$createCacheFilter$3(HandlerMappingIntrospector.java:243)
	at org.springframework.web.filter.CompositeFilter$VirtualFilterChain.doFilter(CompositeFilter.java:113)
	at org.springframework.web.filter.CompositeFilter.doFilter(CompositeFilter.java:74)
	at org.springframework.security.config.annotation.web.configuration.WebMvcSecurityConfiguration$CompositeFilterChainProxy.doFilter(WebMvcSecurityConfiguration.java:238)
	at org.springframework.web.filter.DelegatingFilterProxy.invokeDelegate(DelegatingFilterProxy.java:362)
	at org.springframework.web.filter.DelegatingFilterProxy.doFilter(DelegatingFilterProxy.java:278)
	at org.springframework.test.web.servlet.setup.MockMvcFilterDecorator.doFilter(MockMvcFilterDecorator.java:162)
	at org.springframework.mock.web.MockFilterChain.doFilter(MockFilterChain.java:132)
	at org.springframework.web.filter.RequestContextFilter.doFilterInternal(RequestContextFilter.java:100)
	at org.springframework.web.filter.OncePerRequestFilter.doFilter(OncePerRequestFilter.java:116)
	at org.springframework.test.web.servlet.setup.MockMvcFilterDecorator.doFilter(MockMvcFilterDecorator.java:162)
	at org.springframework.mock.web.MockFilterChain.doFilter(MockFilterChain.java:132)
	at org.springframework.web.filter.FormContentFilter.doFilterInternal(FormContentFilter.java:93)
	at org.springframework.web.filter.OncePerRequestFilter.doFilter(OncePerRequestFilter.java:116)
	at org.springframework.test.web.servlet.setup.MockMvcFilterDecorator.doFilter(MockMvcFilterDecorator.java:162)
	at org.springframework.mock.web.MockFilterChain.doFilter(MockFilterChain.java:132)
	at org.springframework.web.filter.ServerHttpObservationFilter.doFilterInternal(ServerHttpObservationFilter.java:114)
	at org.springframework.web.filter.OncePerRequestFilter.doFilter(OncePerRequestFilter.java:116)
	at org.springframework.test.web.servlet.setup.MockMvcFilterDecorator.doFilter(MockMvcFilterDecorator.java:162)
	at org.springframework.mock.web.MockFilterChain.doFilter(MockFilterChain.java:132)
	at io.sentry.spring.jakarta.tracing.SentryTracingFilter.doFilterInternal(SentryTracingFilter.java:91)
	at org.springframework.web.filter.OncePerRequestFilter.doFilter(OncePerRequestFilter.java:116)
	at org.springframework.test.web.servlet.setup.MockMvcFilterDecorator.doFilter(MockMvcFilterDecorator.java:162)
	at org.springframework.mock.web.MockFilterChain.doFilter(MockFilterChain.java:132)
	at org.springframework.web.filter.CharacterEncodingFilter.doFilterInternal(CharacterEncodingFilter.java:201)
	at org.springframework.web.filter.OncePerRequestFilter.doFilter(OncePerRequestFilter.java:116)
	at org.springframework.test.web.servlet.setup.MockMvcFilterDecorator.doFilter(MockMvcFilterDecorator.java:162)
	at org.springframework.mock.web.MockFilterChain.doFilter(MockFilterChain.java:132)
	at io.sentry.spring.jakarta.SentrySpringFilter.doFilterInternal(SentrySpringFilter.java:76)
	at org.springframework.web.filter.OncePerRequestFilter.doFilter(OncePerRequestFilter.java:116)
	at org.springframework.test.web.servlet.setup.MockMvcFilterDecorator.doFilter(MockMvcFilterDecorator.java:162)
	at org.springframework.mock.web.MockFilterChain.doFilter(MockFilterChain.java:132)
	at org.springframework.test.web.servlet.MockMvc.perform(MockMvc.java:201)
	at de.tum.cit.aet.artemis.core.util.RequestUtilService.performMvcRequest(RequestUtilService.java:79)
	at de.tum.cit.aet.artemis.core.util.RequestUtilService.put(RequestUtilService.java:584)
	at de.tum.cit.aet.artemis.core.authentication.UserJenkinsGitlabIntegrationTest.shouldFailIfCannotUpdateDeactivatedUserInGitlab(UserJenkinsGitlabIntegrationTest.java:452)
	at java.base/jdk.internal.reflect.DirectMethodHandleAccessor.invoke(DirectMethodHandleAccessor.java:103)
	at java.base/java.lang.reflect.Method.invoke(Method.java:580)
	at org.junit.platform.commons.util.ReflectionUtils.invokeMethod(ReflectionUtils.java:767)
	at org.junit.jupiter.engine.execution.MethodInvocation.proceed(MethodInvocation.java:60)
	at org.junit.jupiter.engine.execution.InvocationInterceptorChain$ValidatingInvocation.proceed(InvocationInterceptorChain.java:131)
	at org.junit.jupiter.engine.extension.TimeoutExtension.intercept(TimeoutExtension.java:156)
	at org.junit.jupiter.engine.extension.TimeoutExtension.interceptTestableMethod(TimeoutExtension.java:147)
	at org.junit.jupiter.engine.extension.TimeoutExtension.interceptTestMethod(TimeoutExtension.java:86)
	at org.junit.jupiter.engine.execution.InterceptingExecutableInvoker$ReflectiveInterceptorCall.lambda$ofVoidMethod$0(InterceptingExecutableInvoker.java:103)
	at org.junit.jupiter.engine.execution.InterceptingExecutableInvoker.lambda$invoke$0(InterceptingExecutableInvoker.java:93)
	at org.junit.jupiter.engine.execution.InvocationInterceptorChain$InterceptedInvocation.proceed(InvocationInterceptorChain.java:106)
	at org.junit.jupiter.engine.execution.InvocationInterceptorChain.proceed(InvocationInterceptorChain.java:64)
	at org.junit.jupiter.engine.execution.InvocationInterceptorChain.chainAndInvoke(InvocationInterceptorChain.java:45)
	at org.junit.jupiter.engine.execution.InvocationInterceptorChain.invoke(InvocationInterceptorChain.java:37)
	at org.junit.jupiter.engine.execution.InterceptingExecutableInvoker.invoke(InterceptingExecutableInvoker.java:92)
	at org.junit.jupiter.engine.execution.InterceptingExecutableInvoker.invoke(InterceptingExecutableInvoker.java:86)
	at org.junit.jupiter.engine.descriptor.TestMethodTestDescriptor.lambda$invokeTestMethod$8(TestMethodTestDescriptor.java:217)
	at org.junit.platform.engine.support.hierarchical.ThrowableCollector.execute(ThrowableCollector.java:73)
	at org.junit.jupiter.engine.descriptor.TestMethodTestDescriptor.invokeTestMethod(TestMethodTestDescriptor.java:213)
	at org.junit.jupiter.engine.descriptor.TestMethodTestDescriptor.execute(TestMethodTestDescriptor.java:138)
	at org.junit.jupiter.engine.descriptor.TestMethodTestDescriptor.execute(TestMethodTestDescriptor.java:68)
	at org.junit.platform.engine.support.hierarchical.NodeTestTask.lambda$executeRecursively$6(NodeTestTask.java:156)
	at org.junit.platform.engine.support.hierarchical.ThrowableCollector.execute(ThrowableCollector.java:73)
	at org.junit.platform.engine.support.hierarchical.NodeTestTask.lambda$executeRecursively$8(NodeTestTask.java:146)
	at org.junit.platform.engine.support.hierarchical.Node.around(Node.java:137)
	at org.junit.platform.engine.support.hierarchical.NodeTestTask.lambda$executeRecursively$9(NodeTestTask.java:144)
	at org.junit.platform.engine.support.hierarchical.ThrowableCollector.execute(ThrowableCollector.java:73)
	at org.junit.platform.engine.support.hierarchical.NodeTestTask.executeRecursively(NodeTestTask.java:143)
	at org.junit.platform.engine.support.hierarchical.NodeTestTask.execute(NodeTestTask.java:100)
	at org.junit.platform.engine.support.hierarchical.ForkJoinPoolHierarchicalTestExecutorService$ExclusiveTask.exec(ForkJoinPoolHierarchicalTestExecutorService.java:274)
	at org.junit.platform.engine.support.hierarchical.ForkJoinPoolHierarchicalTestExecutorService$ExclusiveTask.execSync(ForkJoinPoolHierarchicalTestExecutorService.java:247)
	at org.junit.platform.engine.support.hierarchical.ForkJoinPoolHierarchicalTestExecutorService.executeSync(ForkJoinPoolHierarchicalTestExecutorService.java:194)
	at org.junit.platform.engine.support.hierarchical.ForkJoinPoolHierarchicalTestExecutorService.invokeAll(ForkJoinPoolHierarchicalTestExecutorService.java:166)
	at org.junit.platform.engine.support.hierarchical.NodeTestTask.lambda$executeRecursively$6(NodeTestTask.java:160)
	at org.junit.platform.engine.support.hierarchical.ThrowableCollector.execute(ThrowableCollector.java:73)
	at org.junit.platform.engine.support.hierarchical.NodeTestTask.lambda$executeRecursively$8(NodeTestTask.java:146)
	at org.junit.platform.engine.support.hierarchical.Node.around(Node.java:137)
	at org.junit.platform.engine.support.hierarchical.NodeTestTask.lambda$executeRecursively$9(NodeTestTask.java:144)
	at org.junit.platform.engine.support.hierarchical.ThrowableCollector.execute(ThrowableCollector.java:73)
	at org.junit.platform.engine.support.hierarchical.NodeTestTask.executeRecursively(NodeTestTask.java:143)
	at org.junit.platform.engine.support.hierarchical.NodeTestTask.execute(NodeTestTask.java:100)
	at org.junit.platform.engine.support.hierarchical.ForkJoinPoolHierarchicalTestExecutorService$ExclusiveTask.exec(ForkJoinPoolHierarchicalTestExecutorService.java:274)
	at java.base/java.util.concurrent.ForkJoinTask.doExec(ForkJoinTask.java:387)
	at java.base/java.util.concurrent.ForkJoinPool$WorkQueue.topLevelExec(ForkJoinPool.java:1312)
	at java.base/java.util.concurrent.ForkJoinPool.scan(ForkJoinPool.java:1843)
	at java.base/java.util.concurrent.ForkJoinPool.runWorker(ForkJoinPool.java:1808)
	at java.base/java.util.concurrent.ForkJoinWorkerThread.run(ForkJoinWorkerThread.java:188)
Caused by: org.gitlab4j.api.GitLabApiException: Internal Error
	at org.gitlab4j.api.UserApi.blockUser(UserApi.java:216)
	at de.tum.cit.aet.artemis.programming.service.gitlab.GitLabUserManagementService.updateUserActivationState(GitLabUserManagementService.java:126)
	at de.tum.cit.aet.artemis.programming.service.gitlab.GitLabUserManagementService.updateVcsUser(GitLabUserManagementService.java:74)
	... 226 common frames omitted

  Starting logs for UserJenkinsGitlabIntegrationTest > testUserWithDeactivatedStatus()
    23:42:19.263 | 198 Pool-1-worker-91 | DEBUG | d.t.c.a.a.c.u.util.UserUtilService   : Generate 2 students...
    23:42:19.266 | 198 Pool-1-worker-91 | DEBUG | d.t.c.a.a.c.u.util.UserUtilService   : 2 students generated. Generate 1 tutors...
    23:42:19.268 | 198 Pool-1-worker-91 | DEBUG | d.t.c.a.a.c.u.util.UserUtilService   : 1 tutors generated. Generate 1 editors...
    23:42:19.270 | 198 Pool-1-worker-91 | DEBUG | d.t.c.a.a.c.u.util.UserUtilService   : 1 editors generated. Generate 1 instructors...
    23:42:19.272 | 198 Pool-1-worker-91 | DEBUG | d.t.c.a.a.c.u.util.UserUtilService   : 1 instructors generated
    23:42:19.274 | 198 Pool-1-worker-91 | DEBUG | d.t.c.a.a.c.u.util.UserUtilService   : Removing 0 users from all courses...
    23:42:19.274 | 198 Pool-1-worker-91 | DEBUG | d.t.c.a.a.c.u.util.UserUtilService   : Removing 0 users from all courses. Done
    23:42:19.274 | 198 Pool-1-worker-91 | DEBUG | d.t.c.a.a.c.u.util.UserUtilService   : Save 5 users to database...
    23:42:19.279 | 198 Pool-1-worker-91 | DEBUG | d.t.c.a.a.c.u.util.UserUtilService   : Save 5 users to database. Done
    23:42:19.284 | 198 Pool-1-worker-91 | INFO  | i.z.t.d.l.EmbeddedDatabaseReporter   : JDBC URL to connect to 'dataSource': url='jdbc:h2:tcp://localhost:41063/mem:736625c0-cf5e-400d-aeaa-8a7eabd6262b;USER=sa', scope='UserJenkinsGitlabIntegrationTest#testUserWithDeactivatedStatus'
    23:42:19.295 | 198 Pool-1-worker-91 | DEBUG | d.t.c.a.a.c.u.util.UserUtilService   : Generate 2 students...
    23:42:19.298 | 198 Pool-1-worker-91 | DEBUG | d.t.c.a.a.c.u.util.UserUtilService   : 2 students generated. Generate 0 tutors...
    23:42:19.300 | 198 Pool-1-worker-91 | DEBUG | d.t.c.a.a.c.u.util.UserUtilService   : 0 tutors generated. Generate 0 editors...
    23:42:19.301 | 198 Pool-1-worker-91 | DEBUG | d.t.c.a.a.c.u.util.UserUtilService   : 0 editors generated. Generate 0 instructors...
    23:42:19.303 | 198 Pool-1-worker-91 | DEBUG | d.t.c.a.a.c.u.util.UserUtilService   : 0 instructors generated
    23:42:19.305 | 198 Pool-1-worker-91 | DEBUG | d.t.c.a.a.c.u.util.UserUtilService   : Removing 0 users from all courses...
    23:42:19.305 | 198 Pool-1-worker-91 | DEBUG | d.t.c.a.a.c.u.util.UserUtilService   : Removing 0 users from all courses. Done
    23:42:19.305 | 198 Pool-1-worker-91 | DEBUG | d.t.c.a.a.c.u.util.UserUtilService   : Save 2 users to database...
    23:42:19.307 | 198 Pool-1-worker-91 | DEBUG | d.t.c.a.a.c.u.util.UserUtilService   : Save 2 users to database. Done
    23:42:19.311 | 198 Pool-1-worker-91 | DEBUG | d.t.c.a.a.c.s.f.ApiVersionFilter     : Adding Version to Request GET /api/admin/users
    23:42:19.328 | 198 Pool-1-worker-91 | DEBUG | d.t.c.a.a.c.u.util.UserUtilService   : Generate 0 students...
    23:42:19.330 | 198 Pool-1-worker-91 | DEBUG | d.t.c.a.a.c.u.util.UserUtilService   : 0 students generated. Generate 2 tutors...
    23:42:19.333 | 198 Pool-1-worker-91 | DEBUG | d.t.c.a.a.c.u.util.UserUtilService   : 2 tutors generated. Generate 0 editors...
    23:42:19.334 | 198 Pool-1-worker-91 | DEBUG | d.t.c.a.a.c.u.util.UserUtilService   : 0 editors generated. Generate 0 instructors...
    23:42:19.336 | 198 Pool-1-worker-91 | DEBUG | d.t.c.a.a.c.u.util.UserUtilService   : 0 instructors generated
    23:42:19.338 | 198 Pool-1-worker-91 | DEBUG | d.t.c.a.a.c.u.util.UserUtilService   : Removing 0 users from all courses...
    23:42:19.338 | 198 Pool-1-worker-91 | DEBUG | d.t.c.a.a.c.u.util.UserUtilService   : Removing 0 users from all courses. Done
    23:42:19.338 | 198 Pool-1-worker-91 | DEBUG | d.t.c.a.a.c.u.util.UserUtilService   : Save 2 users to database...
    23:42:19.340 | 198 Pool-1-worker-91 | DEBUG | d.t.c.a.a.c.u.util.UserUtilService   : Save 2 users to database. Done
    23:42:19.345 | 198 Pool-1-worker-91 | DEBUG | d.t.c.a.a.c.s.f.ApiVersionFilter     : Adding Version to Request GET /api/admin/users
    23:42:19.360 | 198 Pool-1-worker-91 | DEBUG | d.t.c.a.a.c.u.util.UserUtilService   : Generate 0 students...
    23:42:19.362 | 198 Pool-1-worker-91 | DEBUG | d.t.c.a.a.c.u.util.UserUtilService   : 0 students generated. Generate 0 tutors...
    23:42:19.363 | 198 Pool-1-worker-91 | DEBUG | d.t.c.a.a.c.u.util.UserUtilService   : 0 tutors generated. Generate 2 editors...
    23:42:19.366 | 198 Pool-1-worker-91 | DEBUG | d.t.c.a.a.c.u.util.UserUtilService   : 2 editors generated. Generate 0 instructors...
    23:42:19.367 | 198 Pool-1-worker-91 | DEBUG | d.t.c.a.a.c.u.util.UserUtilService   : 0 instructors generated
    23:42:19.369 | 198 Pool-1-worker-91 | DEBUG | d.t.c.a.a.c.u.util.UserUtilService   : Removing 0 users from all courses...
    23:42:19.369 | 198 Pool-1-worker-91 | DEBUG | d.t.c.a.a.c.u.util.UserUtilService   : Removing 0 users from all courses. Done
    23:42:19.369 | 198 Pool-1-worker-91 | DEBUG | d.t.c.a.a.c.u.util.UserUtilService   : Save 2 users to database...
    23:42:19.371 | 198 Pool-1-worker-91 | DEBUG | d.t.c.a.a.c.u.util.UserUtilService   : Save 2 users to database. Done
    23:42:19.376 | 198 Pool-1-worker-91 | DEBUG | d.t.c.a.a.c.s.f.ApiVersionFilter     : Adding Version to Request GET /api/admin/users
    23:42:19.390 | 198 Pool-1-worker-91 | DEBUG | d.t.c.a.a.c.u.util.UserUtilService   : Generate 0 students...
    23:42:19.391 | 198 Pool-1-worker-91 | DEBUG | d.t.c.a.a.c.u.util.UserUtilService   : 0 students generated. Generate 0 tutors...
    23:42:19.393 | 198 Pool-1-worker-91 | DEBUG | d.t.c.a.a.c.u.util.UserUtilService   : 0 tutors generated. Generate 0 editors...
    23:42:19.394 | 198 Pool-1-worker-91 | DEBUG | d.t.c.a.a.c.u.util.UserUtilService   : 0 editors generated. Generate 2 instructors...
    23:42:19.397 | 198 Pool-1-worker-91 | DEBUG | d.t.c.a.a.c.u.util.UserUtilService   : 2 instructors generated
    23:42:19.398 | 198 Pool-1-worker-91 | DEBUG | d.t.c.a.a.c.u.util.UserUtilService   : Removing 0 users from all courses...
    23:42:19.398 | 198 Pool-1-worker-91 | DEBUG | d.t.c.a.a.c.u.util.UserUtilService   : Removing 0 users from all courses. Done
    23:42:19.398 | 198 Pool-1-worker-91 | DEBUG | d.t.c.a.a.c.u.util.UserUtilService   : Save 2 users to database...
    23:42:19.400 | 198 Pool-1-worker-91 | DEBUG | d.t.c.a.a.c.u.util.UserUtilService   : Save 2 users to database. Done
    23:42:19.405 | 198 Pool-1-worker-91 | DEBUG | d.t.c.a.a.c.s.f.ApiVersionFilter     : Adding Version to Request GET /api/admin/users

  Starting logs for UserJenkinsGitlabIntegrationTest > testUserWithInternalStatus()
    23:42:19.432 | 198 Pool-1-worker-91 | DEBUG | d.t.c.a.a.c.u.util.UserUtilService   : Generate 2 students...
    23:42:19.435 | 198 Pool-1-worker-91 | DEBUG | d.t.c.a.a.c.u.util.UserUtilService   : 2 students generated. Generate 1 tutors...
    23:42:19.437 | 198 Pool-1-worker-91 | DEBUG | d.t.c.a.a.c.u.util.UserUtilService   : 1 tutors generated. Generate 1 editors...
    23:42:19.439 | 198 Pool-1-worker-91 | DEBUG | d.t.c.a.a.c.u.util.UserUtilService   : 1 editors generated. Generate 1 instructors...
    23:42:19.441 | 198 Pool-1-worker-91 | DEBUG | d.t.c.a.a.c.u.util.UserUtilService   : 1 instructors generated
    23:42:19.443 | 198 Pool-1-worker-91 | DEBUG | d.t.c.a.a.c.u.util.UserUtilService   : Removing 0 users from all courses...
    23:42:19.443 | 198 Pool-1-worker-91 | DEBUG | d.t.c.a.a.c.u.util.UserUtilService   : Removing 0 users from all courses. Done
    23:42:19.443 | 198 Pool-1-worker-91 | DEBUG | d.t.c.a.a.c.u.util.UserUtilService   : Save 5 users to database...
    23:42:19.446 | 198 Pool-1-worker-91 | DEBUG | d.t.c.a.a.c.u.util.UserUtilService   : Save 5 users to database. Done
    23:42:19.452 | 198 Pool-1-worker-91 | INFO  | i.z.t.d.l.EmbeddedDatabaseReporter   : JDBC URL to connect to 'dataSource': url='jdbc:h2:tcp://localhost:41063/mem:736625c0-cf5e-400d-aeaa-8a7eabd6262b;USER=sa', scope='UserJenkinsGitlabIntegrationTest#testUserWithInternalStatus'
    23:42:19.469 | 198 Pool-1-worker-91 | DEBUG | d.t.c.a.a.c.u.util.UserUtilService   : Generate 2 students...
    23:42:19.478 | 198 Pool-1-worker-91 | DEBUG | d.t.c.a.a.c.u.util.UserUtilService   : 2 students generated. Generate 0 tutors...
    23:42:19.479 | 198 Pool-1-worker-91 | DEBUG | d.t.c.a.a.c.u.util.UserUtilService   : 0 tutors generated. Generate 0 editors...
    23:42:19.480 | 198 Pool-1-worker-91 | DEBUG | d.t.c.a.a.c.u.util.UserUtilService   : 0 editors generated. Generate 0 instructors...
    23:42:19.486 | 198 Pool-1-worker-91 | DEBUG | d.t.c.a.a.c.u.util.UserUtilService   : 0 instructors generated
    23:42:19.487 | 198 Pool-1-worker-91 | DEBUG | d.t.c.a.a.c.u.util.UserUtilService   : Removing 0 users from all courses...
    23:42:19.488 | 198 Pool-1-worker-91 | DEBUG | d.t.c.a.a.c.u.util.UserUtilService   : Removing 0 users from all courses. Done
    23:42:19.488 | 198 Pool-1-worker-91 | DEBUG | d.t.c.a.a.c.u.util.UserUtilService   : Save 2 users to database...
    23:42:19.492 | 198 Pool-1-worker-91 | DEBUG | d.t.c.a.a.c.u.util.UserUtilService   : Save 2 users to database. Done
    23:42:19.503 | 198 Pool-1-worker-91 | DEBUG | d.t.c.a.a.c.s.f.ApiVersionFilter     : Adding Version to Request GET /api/admin/users
    23:42:19.595 | 198 Pool-1-worker-91 | DEBUG | d.t.c.a.a.c.u.util.UserUtilService   : Generate 0 students...
    23:42:19.596 | 198 Pool-1-worker-91 | DEBUG | d.t.c.a.a.c.u.util.UserUtilService   : 0 students generated. Generate 2 tutors...
    23:42:19.599 | 198 Pool-1-worker-91 | DEBUG | d.t.c.a.a.c.u.util.UserUtilService   : 2 tutors generated. Generate 0 editors...
    23:42:19.600 | 198 Pool-1-worker-91 | DEBUG | d.t.c.a.a.c.u.util.UserUtilService   : 0 editors generated. Generate 0 instructors...
    23:42:19.601 | 198 Pool-1-worker-91 | DEBUG | d.t.c.a.a.c.u.util.UserUtilService   : 0 instructors generated
    23:42:19.603 | 198 Pool-1-worker-91 | DEBUG | d.t.c.a.a.c.u.util.UserUtilService   : Removing 0 users from all courses...
    23:42:19.603 | 198 Pool-1-worker-91 | DEBUG | d.t.c.a.a.c.u.util.UserUtilService   : Removing 0 users from all courses. Done
    23:42:19.603 | 198 Pool-1-worker-91 | DEBUG | d.t.c.a.a.c.u.util.UserUtilService   : Save 2 users to database...
    23:42:19.605 | 198 Pool-1-worker-91 | DEBUG | d.t.c.a.a.c.u.util.UserUtilService   : Save 2 users to database. Done
    23:42:19.610 | 198 Pool-1-worker-91 | DEBUG | d.t.c.a.a.c.s.f.ApiVersionFilter     : Adding Version to Request GET /api/admin/users
    23:42:19.654 | 198 Pool-1-worker-91 | DEBUG | d.t.c.a.a.c.u.util.UserUtilService   : Generate 0 students...
    23:42:19.655 | 198 Pool-1-worker-91 | DEBUG | d.t.c.a.a.c.u.util.UserUtilService   : 0 students generated. Generate 0 tutors...
    23:42:19.656 | 198 Pool-1-worker-91 | DEBUG | d.t.c.a.a.c.u.util.UserUtilService   : 0 tutors generated. Generate 2 editors...
    23:42:19.659 | 198 Pool-1-worker-91 | DEBUG | d.t.c.a.a.c.u.util.UserUtilService   : 2 editors generated. Generate 0 instructors...
    23:42:19.660 | 198 Pool-1-worker-91 | DEBUG | d.t.c.a.a.c.u.util.UserUtilService   : 0 instructors generated
    23:42:19.662 | 198 Pool-1-worker-91 | DEBUG | d.t.c.a.a.c.u.util.UserUtilService   : Removing 0 users from all courses...
    23:42:19.662 | 198 Pool-1-worker-91 | DEBUG | d.t.c.a.a.c.u.util.UserUtilService   : Removing 0 users from all courses. Done
    23:42:19.662 | 198 Pool-1-worker-91 | DEBUG | d.t.c.a.a.c.u.util.UserUtilService   : Save 2 users to database...
    23:42:19.664 | 198 Pool-1-worker-91 | DEBUG | d.t.c.a.a.c.u.util.UserUtilService   : Save 2 users to database. Done
    23:42:19.669 | 198 Pool-1-worker-91 | DEBUG | d.t.c.a.a.c.s.f.ApiVersionFilter     : Adding Version to Request GET /api/admin/users
    23:42:19.721 | 198 Pool-1-worker-91 | DEBUG | d.t.c.a.a.c.u.util.UserUtilService   : Generate 0 students...
    23:42:19.723 | 198 Pool-1-worker-91 | DEBUG | d.t.c.a.a.c.u.util.UserUtilService   : 0 students generated. Generate 0 tutors...
    23:42:19.725 | 198 Pool-1-worker-91 | DEBUG | d.t.c.a.a.c.u.util.UserUtilService   : 0 tutors generated. Generate 0 editors...
    23:42:19.726 | 198 Pool-1-worker-91 | DEBUG | d.t.c.a.a.c.u.util.UserUtilService   : 0 editors generated. Generate 2 instructors...
    23:42:19.729 | 198 Pool-1-worker-91 | DEBUG | d.t.c.a.a.c.u.util.UserUtilService   : 2 instructors generated
    23:42:19.731 | 198 Pool-1-worker-91 | DEBUG | d.t.c.a.a.c.u.util.UserUtilService   : Removing 0 users from all courses...
    23:42:19.731 | 198 Pool-1-worker-91 | DEBUG | d.t.c.a.a.c.u.util.UserUtilService   : Removing 0 users from all courses. Done
    23:42:19.731 | 198 Pool-1-worker-91 | DEBUG | d.t.c.a.a.c.u.util.UserUtilService   : Save 2 users to database...
    23:42:19.733 | 198 Pool-1-worker-91 | DEBUG | d.t.c.a.a.c.u.util.UserUtilService   : Save 2 users to database. Done
    23:42:19.738 | 198 Pool-1-worker-91 | DEBUG | d.t.c.a.a.c.s.f.ApiVersionFilter     : Adding Version to Request GET /api/admin/users

  Starting logs for UserJenkinsGitlabIntegrationTest > deleteUserProfilePicture_asStudent_isSuccessful()
    23:42:19.818 | 198 Pool-1-worker-91 | DEBUG | d.t.c.a.a.c.u.util.UserUtilService   : Generate 2 students...
    23:42:19.821 | 198 Pool-1-worker-91 | DEBUG | d.t.c.a.a.c.u.util.UserUtilService   : 2 students generated. Generate 1 tutors...
    23:42:19.823 | 198 Pool-1-worker-91 | DEBUG | d.t.c.a.a.c.u.util.UserUtilService   : 1 tutors generated. Generate 1 editors...
    23:42:19.825 | 198 Pool-1-worker-91 | DEBUG | d.t.c.a.a.c.u.util.UserUtilService   : 1 editors generated. Generate 1 instructors...
    23:42:19.826 | 198 Pool-1-worker-91 | DEBUG | d.t.c.a.a.c.u.util.UserUtilService   : 1 instructors generated
    23:42:19.828 | 198 Pool-1-worker-91 | DEBUG | d.t.c.a.a.c.u.util.UserUtilService   : Removing 0 users from all courses...
    23:42:19.828 | 198 Pool-1-worker-91 | DEBUG | d.t.c.a.a.c.u.util.UserUtilService   : Removing 0 users from all courses. Done
    23:42:19.828 | 198 Pool-1-worker-91 | DEBUG | d.t.c.a.a.c.u.util.UserUtilService   : Save 5 users to database...
    23:42:19.832 | 198 Pool-1-worker-91 | DEBUG | d.t.c.a.a.c.u.util.UserUtilService   : Save 5 users to database. Done
    23:42:19.839 | 198 Pool-1-worker-91 | INFO  | i.z.t.d.l.EmbeddedDatabaseReporter   : JDBC URL to connect to 'dataSource': url='jdbc:h2:tcp://localhost:41063/mem:736625c0-cf5e-400d-aeaa-8a7eabd6262b;USER=sa', scope='UserJenkinsGitlabIntegrationTest#deleteUserProfilePicture_asStudent_isSuccessful'
    23:42:19.843 | 198 Pool-1-worker-91 | DEBUG | d.t.c.a.a.c.s.f.ApiVersionFilter     : Adding Version to Request PUT /api/account/profile-picture
    23:42:19.843 | 198 Pool-1-worker-91 | DEBUG | d.t.c.a.a.core.web.AccountResource   : REST request to update profile picture for logged-in user
    23:42:19.853 | 198 Pool-1-worker-91 | DEBUG | d.t.c.a.a.c.s.f.ApiVersionFilter     : Adding Version to Request DELETE /api/account/profile-picture
    23:42:19.854 | 198 Pool-1-worker-91 | DEBUG | d.t.c.a.a.core.web.AccountResource   : REST request to remove profile picture for logged-in user
    23:42:19.859 | 731 pool-3-thread-1  | INFO  | d.t.c.a.a.core.service.FileService   : Delete file uploads/images/user/profile-pictures/ProfilePicture_2025-02-14T23-42-19-845_429ded77.jpeg

  Starting logs for UserJenkinsGitlabIntegrationTest > deleteAdminUserSkippedInJenkins()
    23:42:19.895 | 198 Pool-1-worker-91 | DEBUG | d.t.c.a.a.c.u.util.UserUtilService   : Generate 2 students...
    23:42:19.897 | 198 Pool-1-worker-91 | DEBUG | d.t.c.a.a.c.u.util.UserUtilService   : 2 students generated. Generate 1 tutors...
    23:42:19.899 | 198 Pool-1-worker-91 | DEBUG | d.t.c.a.a.c.u.util.UserUtilService   : 1 tutors generated. Generate 1 editors...
    23:42:19.901 | 198 Pool-1-worker-91 | DEBUG | d.t.c.a.a.c.u.util.UserUtilService   : 1 editors generated. Generate 1 instructors...
    23:42:19.903 | 198 Pool-1-worker-91 | DEBUG | d.t.c.a.a.c.u.util.UserUtilService   : 1 instructors generated
    23:42:19.905 | 198 Pool-1-worker-91 | DEBUG | d.t.c.a.a.c.u.util.UserUtilService   : Removing 0 users from all courses...
    23:42:19.905 | 198 Pool-1-worker-91 | DEBUG | d.t.c.a.a.c.u.util.UserUtilService   : Removing 0 users from all courses. Done
    23:42:19.905 | 198 Pool-1-worker-91 | DEBUG | d.t.c.a.a.c.u.util.UserUtilService   : Save 5 users to database...
    23:42:19.908 | 198 Pool-1-worker-91 | DEBUG | d.t.c.a.a.c.u.util.UserUtilService   : Save 5 users to database. Done
    23:42:19.913 | 198 Pool-1-worker-91 | INFO  | i.z.t.d.l.EmbeddedDatabaseReporter   : JDBC URL to connect to 'dataSource': url='jdbc:h2:tcp://localhost:41063/mem:736625c0-cf5e-400d-aeaa-8a7eabd6262b;USER=sa', scope='UserJenkinsGitlabIntegrationTest#deleteAdminUserSkippedInJenkins'
    23:42:19.922 | 198 Pool-1-worker-91 | DEBUG | d.t.c.a.a.c.s.f.ApiVersionFilter     : Adding Version to Request DELETE /api/admin/users/userjenkstudent1
    23:42:19.923 | 198 Pool-1-worker-91 | DEBUG | d.t.c.a.a.c.w.a.AdminUserResource    : REST request to delete User: userjenkstudent1
    23:42:19.931 | 198 Pool-1-worker-91 | WARN  | .a.p.s.g.GitLabUserManagementService : User userjenkstudent1 does not exist in Gitlab and cannot be updated!
    23:42:19.934 | 198 Pool-1-worker-91 | INFO  | a.p.s.j.JenkinsUserManagementService : Update Jenkins permissions (remove users from groups) for programming exercises: []
    23:42:19.935 | 198 Pool-1-worker-91 | INFO  | a.p.s.j.JenkinsUserManagementService : Update Jenkins permissions (add users to groups) for programming exercises: []
    23:42:19.935 | 198 Pool-1-worker-91 | WARN  | d.t.c.a.a.c.service.user.UserService : Soft Deleted User: User{login='ct63erqxgvsgv0jqwrfw', firstName='Deleted', lastName='User', email='gTfHC2ja6ERH8oZfH5Sf@user.deleted', imageUrl='null', activated='false', langKey='en', activationKey='null'}

  Starting logs for UserJenkinsGitlabIntegrationTest > getUser_asAdmin_isSuccessful()
    23:42:19.964 | 198 Pool-1-worker-91 | DEBUG | d.t.c.a.a.c.u.util.UserUtilService   : Generate 2 students...
    23:42:19.967 | 198 Pool-1-worker-91 | DEBUG | d.t.c.a.a.c.u.util.UserUtilService   : 2 students generated. Generate 1 tutors...
    23:42:19.969 | 198 Pool-1-worker-91 | DEBUG | d.t.c.a.a.c.u.util.UserUtilService   : 1 tutors generated. Generate 1 editors...
    23:42:19.971 | 198 Pool-1-worker-91 | DEBUG | d.t.c.a.a.c.u.util.UserUtilService   : 1 editors generated. Generate 1 instructors...
    23:42:19.973 | 198 Pool-1-worker-91 | DEBUG | d.t.c.a.a.c.u.util.UserUtilService   : 1 instructors generated
    23:42:19.974 | 198 Pool-1-worker-91 | DEBUG | d.t.c.a.a.c.u.util.UserUtilService   : Removing 0 users from all courses...
    23:42:19.974 | 198 Pool-1-worker-91 | DEBUG | d.t.c.a.a.c.u.util.UserUtilService   : Removing 0 users from all courses. Done
    23:42:19.976 | 198 Pool-1-worker-91 | DEBUG | d.t.c.a.a.c.u.util.UserUtilService   : Save 5 users to database...
    23:42:19.980 | 198 Pool-1-worker-91 | DEBUG | d.t.c.a.a.c.u.util.UserUtilService   : Save 5 users to database. Done
    23:42:19.985 | 198 Pool-1-worker-91 | INFO  | i.z.t.d.l.EmbeddedDatabaseReporter   : JDBC URL to connect to 'dataSource': url='jdbc:h2:tcp://localhost:41063/mem:736625c0-cf5e-400d-aeaa-8a7eabd6262b;USER=sa', scope='UserJenkinsGitlabIntegrationTest#getUser_asAdmin_isSuccessful'
    23:42:19.987 | 198 Pool-1-worker-91 | DEBUG | d.t.c.a.a.c.s.f.ApiVersionFilter     : Adding Version to Request GET /api/admin/users/userjenkstudent1
    23:42:19.988 | 198 Pool-1-worker-91 | DEBUG | d.t.c.a.a.c.w.a.AdminUserResource    : REST request to get User : userjenkstudent1

  Starting logs for UserJenkinsGitlabIntegrationTest > createAdminUserSkippedInJenkins()
    23:42:20.021 | 198 Pool-1-worker-91 | DEBUG | d.t.c.a.a.c.u.util.UserUtilService   : Generate 2 students...
    23:42:20.024 | 198 Pool-1-worker-91 | DEBUG | d.t.c.a.a.c.u.util.UserUtilService   : 2 students generated. Generate 1 tutors...
    23:42:20.026 | 198 Pool-1-worker-91 | DEBUG | d.t.c.a.a.c.u.util.UserUtilService   : 1 tutors generated. Generate 1 editors...
    23:42:20.028 | 198 Pool-1-worker-91 | DEBUG | d.t.c.a.a.c.u.util.UserUtilService   : 1 editors generated. Generate 1 instructors...
    23:42:20.030 | 198 Pool-1-worker-91 | DEBUG | d.t.c.a.a.c.u.util.UserUtilService   : 1 instructors generated
    23:42:20.031 | 198 Pool-1-worker-91 | DEBUG | d.t.c.a.a.c.u.util.UserUtilService   : Removing 0 users from all courses...
    23:42:20.031 | 198 Pool-1-worker-91 | DEBUG | d.t.c.a.a.c.u.util.UserUtilService   : Removing 0 users from all courses. Done
    23:42:20.031 | 198 Pool-1-worker-91 | DEBUG | d.t.c.a.a.c.u.util.UserUtilService   : Save 5 users to database...
    23:42:20.036 | 198 Pool-1-worker-91 | DEBUG | d.t.c.a.a.c.u.util.UserUtilService   : Save 5 users to database. Done
    23:42:20.043 | 198 Pool-1-worker-91 | INFO  | i.z.t.d.l.EmbeddedDatabaseReporter   : JDBC URL to connect to 'dataSource': url='jdbc:h2:tcp://localhost:41063/mem:736625c0-cf5e-400d-aeaa-8a7eabd6262b;USER=sa', scope='UserJenkinsGitlabIntegrationTest#createAdminUserSkippedInJenkins'
    23:42:20.051 | 198 Pool-1-worker-91 | DEBUG | d.t.c.a.a.c.s.f.ApiVersionFilter     : Adding Version to Request POST /api/admin/users
    23:42:20.052 | 198 Pool-1-worker-91 | DEBUG | d.t.c.a.a.c.w.a.AdminUserResource    : REST request to save User : ManagedUserVM{} UserDTO{login='batman', firstName='userjenkstudent1First', lastName='userjenkstudent1Last', email='batman@secret.invalid', imageUrl='null', activated=true, langKey='en', createdBy=admin, createdDate=2025-02-14T23:42:20.032018Z, lastModifiedBy='admin', lastModifiedDate=2025-02-14T23:42:20.032018Z, lastNotificationRead=null, authorities=[ROLE_USER]}
    23:42:20.057 | 198 Pool-1-worker-91 | DEBUG | d.t.c.a.a.c.s.u.UserCreationService  : Save user User{login='batman', firstName='userjenkstudent1First', lastName='userjenkstudent1Last', email='batman@secret.invalid', imageUrl='null', activated='true', langKey='en', activationKey='null'}
    23:42:20.061 | 198 Pool-1-worker-91 | INFO  | .a.p.s.g.GitLabUserManagementService : Update Gitlab permissions for programming exercises: []
    23:42:20.061 | 198 Pool-1-worker-91 | DEBUG | a.p.s.j.JenkinsUserManagementService : Jenkins createUser: Skipping jenkinsAdminUser: batman.
    23:42:20.064 | 198 Pool-1-worker-91 | DEBUG | d.t.c.a.a.c.s.u.UserCreationService  : Created Information for User: User{login='batman', firstName='userjenkstudent1First', lastName='userjenkstudent1Last', email='batman@secret.invalid', imageUrl='null', activated='true', langKey='en', activationKey='null'}

  Starting logs for UserJenkinsGitlabIntegrationTest > testUser()
    23:42:20.100 | 198 Pool-1-worker-91 | DEBUG | d.t.c.a.a.c.u.util.UserUtilService   : Generate 2 students...
    23:42:20.103 | 198 Pool-1-worker-91 | DEBUG | d.t.c.a.a.c.u.util.UserUtilService   : 2 students generated. Generate 1 tutors...
    23:42:20.105 | 198 Pool-1-worker-91 | DEBUG | d.t.c.a.a.c.u.util.UserUtilService   : 1 tutors generated. Generate 1 editors...
    23:42:20.107 | 198 Pool-1-worker-91 | DEBUG | d.t.c.a.a.c.u.util.UserUtilService   : 1 editors generated. Generate 1 instructors...
    23:42:20.109 | 198 Pool-1-worker-91 | DEBUG | d.t.c.a.a.c.u.util.UserUtilService   : 1 instructors generated
    23:42:20.110 | 198 Pool-1-worker-91 | DEBUG | d.t.c.a.a.c.u.util.UserUtilService   : Removing 0 users from all courses...
    23:42:20.110 | 198 Pool-1-worker-91 | DEBUG | d.t.c.a.a.c.u.util.UserUtilService   : Removing 0 users from all courses. Done
    23:42:20.110 | 198 Pool-1-worker-91 | DEBUG | d.t.c.a.a.c.u.util.UserUtilService   : Save 5 users to database...
    23:42:20.114 | 198 Pool-1-worker-91 | DEBUG | d.t.c.a.a.c.u.util.UserUtilService   : Save 5 users to database. Done
    23:42:20.118 | 198 Pool-1-worker-91 | INFO  | i.z.t.d.l.EmbeddedDatabaseReporter   : JDBC URL to connect to 'dataSource': url='jdbc:h2:tcp://localhost:41063/mem:736625c0-cf5e-400d-aeaa-8a7eabd6262b;USER=sa', scope='UserJenkinsGitlabIntegrationTest#testUser'
    23:42:20.128 | 198 Pool-1-worker-91 | DEBUG | d.t.c.a.a.c.u.util.UserUtilService   : Generate 2 students...
    23:42:20.131 | 198 Pool-1-worker-91 | DEBUG | d.t.c.a.a.c.u.util.UserUtilService   : 2 students generated. Generate 0 tutors...
    23:42:20.132 | 198 Pool-1-worker-91 | DEBUG | d.t.c.a.a.c.u.util.UserUtilService   : 0 tutors generated. Generate 0 editors...
    23:42:20.134 | 198 Pool-1-worker-91 | DEBUG | d.t.c.a.a.c.u.util.UserUtilService   : 0 editors generated. Generate 0 instructors...
    23:42:20.135 | 198 Pool-1-worker-91 | DEBUG | d.t.c.a.a.c.u.util.UserUtilService   : 0 instructors generated
    23:42:20.136 | 198 Pool-1-worker-91 | DEBUG | d.t.c.a.a.c.u.util.UserUtilService   : Removing 0 users from all courses...
    23:42:20.137 | 198 Pool-1-worker-91 | DEBUG | d.t.c.a.a.c.u.util.UserUtilService   : Removing 0 users from all courses. Done
    23:42:20.137 | 198 Pool-1-worker-91 | DEBUG | d.t.c.a.a.c.u.util.UserUtilService   : Save 2 users to database...
    23:42:20.139 | 198 Pool-1-worker-91 | DEBUG | d.t.c.a.a.c.u.util.UserUtilService   : Save 2 users to database. Done
    23:42:20.143 | 198 Pool-1-worker-91 | DEBUG | d.t.c.a.a.c.s.f.ApiVersionFilter     : Adding Version to Request GET /api/admin/users
    23:42:20.148 | 566 localvc.event-13 | DEBUG | a.p.s.l.LocalCIQueueWebsocketService : Build agent added: BuildAgentInformation[buildAgent=BuildAgentDTO[name=artemis-build-agent-test, memberAddress=[127.0.0.1]:5703, displayName=artemis-build-agent-test], maxNumberOfConcurrentBuildJobs=1, numberOfCurrentBuildJobs=0, runningBuildJobs=[], status=IDLE, recentBuildJobs=[], publicSshKey=ssh-rsa AAAAB3NzaC1yc2EAAAADAQABAAACAQCOPdMsxRE2jFJ/UEa5/LsBxtwzJcrh3/rYBCQvcMeVpiRfhzQPWu7mrt/G2Ew+i+vRloGH9aqKg6dd1liRncao53Zmd/ePxoatXePNhmzTfkCkcSkTUz7B+QMjkoDDV5jwuFPD6mF3JkhuzSi64n9Zy905t4w2IhVcjM2mL3eYNjiCXt6Qpq3Pkt7dM/Ksw1nxnvuiIALuJLB3FTkXkHqq3PJav+9HSq2r6ZaWgekneaGxlQlb+U+Vy3XOuArKAzK8c8i+0bR+AHiTG6ncYXt7ax3U+TdlDTF7OLP3umwaYjs1NBXOHwG42pevvpKn2fqavZZozk+M05jXLx3bq0O7itxfErWc7etky8qYPyyIMF/txQIVLd78+Ze4d7Y60t5MGbXM5cGE6fFif5fEJwgswXD+BrG0cafz1CTatjSKFdvp8Vp4VszXhHDan1PrP6JEFJ5Cc5GDmLRZPCFa3vL9f5qXgf4bkqKN8MYeEujwJE5nMRWoiJVNakix2bcrrneQMBlnYeYZVWXXXUusAQBzl4NgddC1umZpihZkL1b1MffZAUW3EGEXi7KHnllQhkTLLsQ8ntMgbylqaJKStqaXlLvdeRJcEnUuiFCrHEVVbXRFZR7XVDZ02CE5o3MuaRPty8Kh+jRTF3COlAckHwYEJCNNJvXFgb2CNXL4mjzYDw== test@localhost]
    23:42:20.159 | 566 localvc.event-13 | DEBUG | s.l.LocalCIWebsocketMessagingService : Sending message on topic /topic/admin/build-agents: [BuildAgentInformation[buildAgent=BuildAgentDTO[name=artemis-build-agent-test, memberAddress=[127.0.0.1]:5703, displayName=artemis-build-agent-test], maxNumberOfConcurrentBuildJobs=1, numberOfCurrentBuildJobs=0, runningBuildJobs=[], status=IDLE, recentBuildJobs=null, publicSshKey=null]]
    23:42:20.163 | 566 localvc.event-13 | DEBUG | s.l.LocalCIWebsocketMessagingService : Sending message on topic /topic/admin/build-agent/artemis-build-agent-test: BuildAgentInformation[buildAgent=BuildAgentDTO[name=artemis-build-agent-test, memberAddress=[127.0.0.1]:5703, displayName=artemis-build-agent-test], maxNumberOfConcurrentBuildJobs=1, numberOfCurrentBuildJobs=0, runningBuildJobs=[], status=IDLE, recentBuildJobs=[], publicSshKey=ssh-rsa AAAAB3NzaC1yc2EAAAADAQABAAACAQCOPdMsxRE2jFJ/UEa5/LsBxtwzJcrh3/rYBCQvcMeVpiRfhzQPWu7mrt/G2Ew+i+vRloGH9aqKg6dd1liRncao53Zmd/ePxoatXePNhmzTfkCkcSkTUz7B+QMjkoDDV5jwuFPD6mF3JkhuzSi64n9Zy905t4w2IhVcjM2mL3eYNjiCXt6Qpq3Pkt7dM/Ksw1nxnvuiIALuJLB3FTkXkHqq3PJav+9HSq2r6ZaWgekneaGxlQlb+U+Vy3XOuArKAzK8c8i+0bR+AHiTG6ncYXt7ax3U+TdlDTF7OLP3umwaYjs1NBXOHwG42pevvpKn2fqavZZozk+M05jXLx3bq0O7itxfErWc7etky8qYPyyIMF/txQIVLd78+Ze4d7Y60t5MGbXM5cGE6fFif5fEJwgswXD+BrG0cafz1CTatjSKFdvp8Vp4VszXhHDan1PrP6JEFJ5Cc5GDmLRZPCFa3vL9f5qXgf4bkqKN8MYeEujwJE5nMRWoiJVNakix2bcrrneQMBlnYeYZVWXXXUusAQBzl4NgddC1umZpihZkL1b1MffZAUW3EGEXi7KHnllQhkTLLsQ8ntMgbylqaJKStqaXlLvdeRJcEnUuiFCrHEVVbXRFZR7XVDZ02CE5o3MuaRPty8Kh+jRTF3COlAckHwYEJCNNJvXFgb2CNXL4mjzYDw== test@localhost]
    23:42:20.163 | 566 localvc.event-13 | DEBUG | a.p.s.l.SharedQueueManagementService : Build agent added: null
    23:42:20.192 | 198 Pool-1-worker-91 | DEBUG | d.t.c.a.a.c.u.util.UserUtilService   : Generate 0 students...
    23:42:20.193 | 198 Pool-1-worker-91 | DEBUG | d.t.c.a.a.c.u.util.UserUtilService   : 0 students generated. Generate 2 tutors...
    23:42:20.196 | 198 Pool-1-worker-91 | DEBUG | d.t.c.a.a.c.u.util.UserUtilService   : 2 tutors generated. Generate 0 editors...
    23:42:20.197 | 198 Pool-1-worker-91 | DEBUG | d.t.c.a.a.c.u.util.UserUtilService   : 0 editors generated. Generate 0 instructors...
    23:42:20.199 | 198 Pool-1-worker-91 | DEBUG | d.t.c.a.a.c.u.util.UserUtilService   : 0 instructors generated
    23:42:20.200 | 198 Pool-1-worker-91 | DEBUG | d.t.c.a.a.c.u.util.UserUtilService   : Removing 0 users from all courses...
    23:42:20.201 | 198 Pool-1-worker-91 | DEBUG | d.t.c.a.a.c.u.util.UserUtilService   : Removing 0 users from all courses. Done
    23:42:20.201 | 198 Pool-1-worker-91 | DEBUG | d.t.c.a.a.c.u.util.UserUtilService   : Save 2 users to database...
    23:42:20.203 | 198 Pool-1-worker-91 | DEBUG | d.t.c.a.a.c.u.util.UserUtilService   : Save 2 users to database. Done
    23:42:20.207 | 198 Pool-1-worker-91 | DEBUG | d.t.c.a.a.c.s.f.ApiVersionFilter     : Adding Version to Request GET /api/admin/users
    23:42:20.246 | 198 Pool-1-worker-91 | DEBUG | d.t.c.a.a.c.u.util.UserUtilService   : Generate 0 students...
    23:42:20.248 | 198 Pool-1-worker-91 | DEBUG | d.t.c.a.a.c.u.util.UserUtilService   : 0 students generated. Generate 0 tutors...
    23:42:20.249 | 198 Pool-1-worker-91 | DEBUG | d.t.c.a.a.c.u.util.UserUtilService   : 0 tutors generated. Generate 2 editors...
    23:42:20.252 | 198 Pool-1-worker-91 | DEBUG | d.t.c.a.a.c.u.util.UserUtilService   : 2 editors generated. Generate 0 instructors...
    23:42:20.253 | 198 Pool-1-worker-91 | DEBUG | d.t.c.a.a.c.u.util.UserUtilService   : 0 instructors generated
    23:42:20.255 | 198 Pool-1-worker-91 | DEBUG | d.t.c.a.a.c.u.util.UserUtilService   : Removing 0 users from all courses...
    23:42:20.255 | 198 Pool-1-worker-91 | DEBUG | d.t.c.a.a.c.u.util.UserUtilService   : Removing 0 users from all courses. Done
    23:42:20.255 | 198 Pool-1-worker-91 | DEBUG | d.t.c.a.a.c.u.util.UserUtilService   : Save 2 users to database...
    23:42:20.257 | 198 Pool-1-worker-91 | DEBUG | d.t.c.a.a.c.u.util.UserUtilService   : Save 2 users to database. Done
    23:42:20.261 | 198 Pool-1-worker-91 | DEBUG | d.t.c.a.a.c.s.f.ApiVersionFilter     : Adding Version to Request GET /api/admin/users
    23:42:20.301 | 198 Pool-1-worker-91 | DEBUG | d.t.c.a.a.c.u.util.UserUtilService   : Generate 0 students...
    23:42:20.302 | 198 Pool-1-worker-91 | DEBUG | d.t.c.a.a.c.u.util.UserUtilService   : 0 students generated. Generate 0 tutors...
    23:42:20.303 | 198 Pool-1-worker-91 | DEBUG | d.t.c.a.a.c.u.util.UserUtilService   : 0 tutors generated. Generate 0 editors...
    23:42:20.305 | 198 Pool-1-worker-91 | DEBUG | d.t.c.a.a.c.u.util.UserUtilService   : 0 editors generated. Generate 2 instructors...
    23:42:20.308 | 198 Pool-1-worker-91 | DEBUG | d.t.c.a.a.c.u.util.UserUtilService   : 2 instructors generated
    23:42:20.309 | 198 Pool-1-worker-91 | DEBUG | d.t.c.a.a.c.u.util.UserUtilService   : Removing 0 users from all courses...
    23:42:20.310 | 198 Pool-1-worker-91 | DEBUG | d.t.c.a.a.c.u.util.UserUtilService   : Removing 0 users from all courses. Done
    23:42:20.310 | 198 Pool-1-worker-91 | DEBUG | d.t.c.a.a.c.u.util.UserUtilService   : Save 2 users to database...
    23:42:20.312 | 198 Pool-1-worker-91 | DEBUG | d.t.c.a.a.c.u.util.UserUtilService   : Save 2 users to database. Done
    23:42:20.317 | 198 Pool-1-worker-91 | DEBUG | d.t.c.a.a.c.s.f.ApiVersionFilter     : Adding Version to Request GET /api/admin/users

  Starting logs for UserJenkinsGitlabIntegrationTest > createUser_asAdmin_failInExternalUserManagement_internalError()
    23:42:20.372 | 198 Pool-1-worker-91 | DEBUG | d.t.c.a.a.c.u.util.UserUtilService   : Generate 2 students...
    23:42:20.374 | 198 Pool-1-worker-91 | DEBUG | d.t.c.a.a.c.u.util.UserUtilService   : 2 students generated. Generate 1 tutors...
    23:42:20.377 | 198 Pool-1-worker-91 | DEBUG | d.t.c.a.a.c.u.util.UserUtilService   : 1 tutors generated. Generate 1 editors...
    23:42:20.379 | 198 Pool-1-worker-91 | DEBUG | d.t.c.a.a.c.u.util.UserUtilService   : 1 editors generated. Generate 1 instructors...
    23:42:20.381 | 198 Pool-1-worker-91 | DEBUG | d.t.c.a.a.c.u.util.UserUtilService   : 1 instructors generated
    23:42:20.382 | 198 Pool-1-worker-91 | DEBUG | d.t.c.a.a.c.u.util.UserUtilService   : Removing 0 users from all courses...
    23:42:20.382 | 198 Pool-1-worker-91 | DEBUG | d.t.c.a.a.c.u.util.UserUtilService   : Removing 0 users from all courses. Done
    23:42:20.382 | 198 Pool-1-worker-91 | DEBUG | d.t.c.a.a.c.u.util.UserUtilService   : Save 5 users to database...
    23:42:20.386 | 198 Pool-1-worker-91 | DEBUG | d.t.c.a.a.c.u.util.UserUtilService   : Save 5 users to database. Done
    23:42:20.391 | 198 Pool-1-worker-91 | INFO  | i.z.t.d.l.EmbeddedDatabaseReporter   : JDBC URL to connect to 'dataSource': url='jdbc:h2:tcp://localhost:41063/mem:736625c0-cf5e-400d-aeaa-8a7eabd6262b;USER=sa', scope='UserJenkinsGitlabIntegrationTest#createUser_asAdmin_failInExternalUserManagement_internalError'
    23:42:20.399 | 198 Pool-1-worker-91 | DEBUG | d.t.c.a.a.c.s.f.ApiVersionFilter     : Adding Version to Request POST /api/admin/users
    23:42:20.401 | 198 Pool-1-worker-91 | DEBUG | d.t.c.a.a.c.w.a.AdminUserResource    : REST request to save User : ManagedUserVM{} UserDTO{login='batman', firstName='userjenkstudent1First', lastName='userjenkstudent1Last', email='batman@secret.invalid', imageUrl='null', activated=true, langKey='en', createdBy=admin, createdDate=2025-02-14T23:42:20.383052Z, lastModifiedBy='admin', lastModifiedDate=2025-02-14T23:42:20.383052Z, lastNotificationRead=null, authorities=[ROLE_USER]}
    23:42:20.406 | 198 Pool-1-worker-91 | DEBUG | d.t.c.a.a.c.s.u.UserCreationService  : Save user User{login='batman', firstName='userjenkstudent1First', lastName='userjenkstudent1Last', email='batman@secret.invalid', imageUrl='null', activated='true', langKey='en', activationKey='null'}
    23:42:20.411 | 198 Pool-1-worker-91 | INFO  | .a.p.s.g.GitLabUserManagementService : Update Gitlab permissions for programming exercises: []
    23:42:20.416 | 198 Pool-1-worker-91 | ERROR | o.z.p.spring.common.AdviceTraits     : Internal Server Error
de.tum.cit.aet.artemis.core.exception.JenkinsException: Cannot create user: batman
	at de.tum.cit.aet.artemis.programming.service.jenkins.JenkinsUserManagementService.createUser(JenkinsUserManagementService.java:111)
	at de.tum.cit.aet.artemis.core.service.user.UserCreationService.lambda$createUser$1(UserCreationService.java:200)
	at java.base/java.util.Optional.ifPresent(Optional.java:178)
	at de.tum.cit.aet.artemis.core.service.user.UserCreationService.createUser(UserCreationService.java:200)
	at de.tum.cit.aet.artemis.core.web.admin.AdminUserResource.createUser(AdminUserResource.java:128)
	at java.base/jdk.internal.reflect.DirectMethodHandleAccessor.invoke(DirectMethodHandleAccessor.java:103)
	at java.base/java.lang.reflect.Method.invoke(Method.java:580)
	at org.springframework.aop.support.AopUtils.invokeJoinpointUsingReflection(AopUtils.java:359)
	at org.springframework.aop.framework.ReflectiveMethodInvocation.invokeJoinpoint(ReflectiveMethodInvocation.java:196)
	at org.springframework.aop.framework.ReflectiveMethodInvocation.proceed(ReflectiveMethodInvocation.java:163)
	at org.springframework.security.authorization.method.AuthorizationManagerBeforeMethodInterceptor.proceed(AuthorizationManagerBeforeMethodInterceptor.java:268)
	at org.springframework.security.authorization.method.AuthorizationManagerBeforeMethodInterceptor.attemptAuthorization(AuthorizationManagerBeforeMethodInterceptor.java:263)
	at org.springframework.security.authorization.method.AuthorizationManagerBeforeMethodInterceptor.invoke(AuthorizationManagerBeforeMethodInterceptor.java:196)
	at org.springframework.security.config.annotation.method.configuration.DeferringMethodInterceptor.invoke(DeferringMethodInterceptor.java:44)
	at org.springframework.aop.framework.ReflectiveMethodInvocation.proceed(ReflectiveMethodInvocation.java:184)
	at org.springframework.aop.framework.CglibAopProxy$DynamicAdvisedInterceptor.intercept(CglibAopProxy.java:727)
	at de.tum.cit.aet.artemis.core.web.admin.AdminUserResource$$SpringCGLIB$$0.createUser(<generated>)
	at java.base/jdk.internal.reflect.DirectMethodHandleAccessor.invoke(DirectMethodHandleAccessor.java:103)
	at java.base/java.lang.reflect.Method.invoke(Method.java:580)
	at org.springframework.web.method.support.InvocableHandlerMethod.doInvoke(InvocableHandlerMethod.java:257)
	at org.springframework.web.method.support.InvocableHandlerMethod.invokeForRequest(InvocableHandlerMethod.java:190)
	at org.springframework.web.servlet.mvc.method.annotation.ServletInvocableHandlerMethod.invokeAndHandle(ServletInvocableHandlerMethod.java:118)
	at org.springframework.web.servlet.mvc.method.annotation.RequestMappingHandlerAdapter.invokeHandlerMethod(RequestMappingHandlerAdapter.java:986)
	at org.springframework.web.servlet.mvc.method.annotation.RequestMappingHandlerAdapter.handleInternal(RequestMappingHandlerAdapter.java:891)
	at org.springframework.web.servlet.mvc.method.AbstractHandlerMethodAdapter.handle(AbstractHandlerMethodAdapter.java:87)
	at org.springframework.web.servlet.DispatcherServlet.doDispatch(DispatcherServlet.java:1088)
	at org.springframework.web.servlet.DispatcherServlet.doService(DispatcherServlet.java:978)
	at org.springframework.web.servlet.FrameworkServlet.processRequest(FrameworkServlet.java:1014)
	at org.springframework.web.servlet.FrameworkServlet.doPost(FrameworkServlet.java:914)
	at jakarta.servlet.http.HttpServlet.service(HttpServlet.java:547)
	at org.springframework.web.servlet.FrameworkServlet.service(FrameworkServlet.java:885)
	at org.springframework.test.web.servlet.TestDispatcherServlet.service(TestDispatcherServlet.java:72)
	at jakarta.servlet.http.HttpServlet.service(HttpServlet.java:614)
	at org.springframework.mock.web.MockFilterChain$ServletFilterProxy.doFilter(MockFilterChain.java:165)
	at org.springframework.mock.web.MockFilterChain.doFilter(MockFilterChain.java:132)
	at org.springframework.web.filter.OncePerRequestFilter.doFilter(OncePerRequestFilter.java:110)
	at org.springframework.test.web.servlet.setup.MockMvcFilterDecorator.doFilter(MockMvcFilterDecorator.java:162)
	at org.springframework.mock.web.MockFilterChain.doFilter(MockFilterChain.java:132)
	at de.tum.cit.aet.artemis.core.security.filter.ApiVersionFilter.doFilter(ApiVersionFilter.java:55)
	at org.springframework.test.web.servlet.setup.MockMvcFilterDecorator.doFilter(MockMvcFilterDecorator.java:162)
	at org.springframework.mock.web.MockFilterChain.doFilter(MockFilterChain.java:132)
	at io.sentry.spring.jakarta.SentryUserFilter.doFilterInternal(SentryUserFilter.java:56)
	at org.springframework.web.filter.OncePerRequestFilter.doFilter(OncePerRequestFilter.java:116)
	at org.springframework.test.web.servlet.setup.MockMvcFilterDecorator.doFilter(MockMvcFilterDecorator.java:162)
	at org.springframework.mock.web.MockFilterChain.doFilter(MockFilterChain.java:132)
	at org.springframework.web.filter.CompositeFilter$VirtualFilterChain.doFilter(CompositeFilter.java:108)
	at org.springframework.security.web.FilterChainProxy.lambda$doFilterInternal$3(FilterChainProxy.java:231)
	at org.springframework.security.web.ObservationFilterChainDecorator$FilterObservation$SimpleFilterObservation.lambda$wrap$1(ObservationFilterChainDecorator.java:479)
	at org.springframework.security.web.ObservationFilterChainDecorator$AroundFilterObservation$SimpleAroundFilterObservation.lambda$wrap$1(ObservationFilterChainDecorator.java:340)
	at org.springframework.security.web.ObservationFilterChainDecorator.lambda$wrapSecured$0(ObservationFilterChainDecorator.java:82)
	at org.springframework.security.web.ObservationFilterChainDecorator$VirtualFilterChain.doFilter(ObservationFilterChainDecorator.java:128)
	at org.springframework.security.web.access.intercept.AuthorizationFilter.doFilter(AuthorizationFilter.java:101)
	at org.springframework.security.web.ObservationFilterChainDecorator$ObservationFilter.wrapFilter(ObservationFilterChainDecorator.java:240)
	at org.springframework.security.web.ObservationFilterChainDecorator$ObservationFilter.doFilter(ObservationFilterChainDecorator.java:227)
	at org.springframework.security.web.ObservationFilterChainDecorator$VirtualFilterChain.doFilter(ObservationFilterChainDecorator.java:137)
	at org.springframework.security.web.access.ExceptionTranslationFilter.doFilter(ExceptionTranslationFilter.java:126)
	at org.springframework.security.web.access.ExceptionTranslationFilter.doFilter(ExceptionTranslationFilter.java:120)
	at org.springframework.security.web.ObservationFilterChainDecorator$ObservationFilter.wrapFilter(ObservationFilterChainDecorator.java:240)
	at org.springframework.security.web.ObservationFilterChainDecorator$ObservationFilter.doFilter(ObservationFilterChainDecorator.java:227)
	at org.springframework.security.web.ObservationFilterChainDecorator$VirtualFilterChain.doFilter(ObservationFilterChainDecorator.java:137)
	at org.springframework.security.web.session.SessionManagementFilter.doFilter(SessionManagementFilter.java:131)
	at org.springframework.security.web.session.SessionManagementFilter.doFilter(SessionManagementFilter.java:85)
	at org.springframework.security.web.ObservationFilterChainDecorator$ObservationFilter.wrapFilter(ObservationFilterChainDecorator.java:240)
	at org.springframework.security.web.ObservationFilterChainDecorator$ObservationFilter.doFilter(ObservationFilterChainDecorator.java:227)
	at org.springframework.security.web.ObservationFilterChainDecorator$VirtualFilterChain.doFilter(ObservationFilterChainDecorator.java:137)
	at org.springframework.security.web.authentication.AnonymousAuthenticationFilter.doFilter(AnonymousAuthenticationFilter.java:100)
	at org.springframework.security.web.ObservationFilterChainDecorator$ObservationFilter.wrapFilter(ObservationFilterChainDecorator.java:240)
	at org.springframework.security.web.ObservationFilterChainDecorator$ObservationFilter.doFilter(ObservationFilterChainDecorator.java:227)
	at org.springframework.security.web.ObservationFilterChainDecorator$VirtualFilterChain.doFilter(ObservationFilterChainDecorator.java:137)
	at org.springframework.security.web.servletapi.SecurityContextHolderAwareRequestFilter.doFilter(SecurityContextHolderAwareRequestFilter.java:179)
	at org.springframework.security.web.ObservationFilterChainDecorator$ObservationFilter.wrapFilter(ObservationFilterChainDecorator.java:240)
	at org.springframework.security.web.ObservationFilterChainDecorator$ObservationFilter.doFilter(ObservationFilterChainDecorator.java:227)
	at org.springframework.security.web.ObservationFilterChainDecorator$VirtualFilterChain.doFilter(ObservationFilterChainDecorator.java:137)
	at org.springframework.security.web.savedrequest.RequestCacheAwareFilter.doFilter(RequestCacheAwareFilter.java:63)
	at org.springframework.security.web.ObservationFilterChainDecorator$ObservationFilter.wrapFilter(ObservationFilterChainDecorator.java:240)
	at org.springframework.security.web.ObservationFilterChainDecorator$ObservationFilter.doFilter(ObservationFilterChainDecorator.java:227)
	at org.springframework.security.web.ObservationFilterChainDecorator$VirtualFilterChain.doFilter(ObservationFilterChainDecorator.java:137)
	at de.tum.cit.aet.artemis.core.security.filter.SpaWebFilter.doFilterInternal(SpaWebFilter.java:23)
	at org.springframework.web.filter.OncePerRequestFilter.doFilter(OncePerRequestFilter.java:116)
	at org.springframework.security.web.ObservationFilterChainDecorator$ObservationFilter.wrapFilter(ObservationFilterChainDecorator.java:240)
	at org.springframework.security.web.ObservationFilterChainDecorator$ObservationFilter.doFilter(ObservationFilterChainDecorator.java:227)
	at org.springframework.security.web.ObservationFilterChainDecorator$VirtualFilterChain.doFilter(ObservationFilterChainDecorator.java:137)
	at org.springframework.web.filter.OncePerRequestFilter.doFilter(OncePerRequestFilter.java:110)
	at org.springframework.security.web.ObservationFilterChainDecorator$ObservationFilter.wrapFilter(ObservationFilterChainDecorator.java:240)
	at org.springframework.security.web.ObservationFilterChainDecorator$ObservationFilter.doFilter(ObservationFilterChainDecorator.java:227)
	at org.springframework.security.web.ObservationFilterChainDecorator$VirtualFilterChain.doFilter(ObservationFilterChainDecorator.java:137)
	at de.tum.cit.aet.artemis.lti.config.Lti13LaunchFilter.doFilterInternal(Lti13LaunchFilter.java:60)
	at org.springframework.web.filter.OncePerRequestFilter.doFilter(OncePerRequestFilter.java:116)
	at org.springframework.security.web.ObservationFilterChainDecorator$ObservationFilter.wrapFilter(ObservationFilterChainDecorator.java:240)
	at org.springframework.security.web.ObservationFilterChainDecorator$ObservationFilter.doFilter(ObservationFilterChainDecorator.java:227)
	at org.springframework.security.web.ObservationFilterChainDecorator$VirtualFilterChain.doFilter(ObservationFilterChainDecorator.java:137)
	at de.tum.cit.aet.artemis.core.security.jwt.JWTFilter.doFilter(JWTFilter.java:55)
	at org.springframework.security.web.ObservationFilterChainDecorator$ObservationFilter.wrapFilter(ObservationFilterChainDecorator.java:240)
	at org.springframework.security.web.ObservationFilterChainDecorator$ObservationFilter.doFilter(ObservationFilterChainDecorator.java:227)
	at org.springframework.security.web.ObservationFilterChainDecorator$VirtualFilterChain.doFilter(ObservationFilterChainDecorator.java:137)
	at de.tum.cit.aet.artemis.core.security.jwt.JWTFilter.doFilter(JWTFilter.java:55)
	at org.springframework.security.web.ObservationFilterChainDecorator$ObservationFilter.wrapFilter(ObservationFilterChainDecorator.java:240)
	at org.springframework.security.web.ObservationFilterChainDecorator$ObservationFilter.doFilter(ObservationFilterChainDecorator.java:227)
	at org.springframework.security.web.ObservationFilterChainDecorator$VirtualFilterChain.doFilter(ObservationFilterChainDecorator.java:137)
	at org.springframework.web.filter.CorsFilter.doFilterInternal(CorsFilter.java:91)
	at org.springframework.web.filter.OncePerRequestFilter.doFilter(OncePerRequestFilter.java:116)
	at org.springframework.security.web.ObservationFilterChainDecorator$ObservationFilter.wrapFilter(ObservationFilterChainDecorator.java:240)
	at org.springframework.security.web.ObservationFilterChainDecorator$ObservationFilter.doFilter(ObservationFilterChainDecorator.java:227)
	at org.springframework.security.web.ObservationFilterChainDecorator$VirtualFilterChain.doFilter(ObservationFilterChainDecorator.java:137)
	at org.springframework.web.filter.OncePerRequestFilter.doFilter(OncePerRequestFilter.java:110)
	at org.springframework.security.web.ObservationFilterChainDecorator$ObservationFilter.wrapFilter(ObservationFilterChainDecorator.java:240)
	at org.springframework.security.web.ObservationFilterChainDecorator$ObservationFilter.doFilter(ObservationFilterChainDecorator.java:227)
	at org.springframework.security.web.ObservationFilterChainDecorator$VirtualFilterChain.doFilter(ObservationFilterChainDecorator.java:137)
	at uk.ac.ox.ctl.lti13.security.oauth2.client.lti.web.OAuth2AuthorizationRequestRedirectFilter.doFilterInternal(OAuth2AuthorizationRequestRedirectFilter.java:142)
	at org.springframework.web.filter.OncePerRequestFilter.doFilter(OncePerRequestFilter.java:116)
	at org.springframework.security.web.ObservationFilterChainDecorator$ObservationFilter.wrapFilter(ObservationFilterChainDecorator.java:240)
	at org.springframework.security.web.ObservationFilterChainDecorator$ObservationFilter.doFilter(ObservationFilterChainDecorator.java:227)
	at org.springframework.security.web.ObservationFilterChainDecorator$VirtualFilterChain.doFilter(ObservationFilterChainDecorator.java:137)
	at org.springframework.security.web.authentication.logout.LogoutFilter.doFilter(LogoutFilter.java:107)
	at org.springframework.security.web.authentication.logout.LogoutFilter.doFilter(LogoutFilter.java:93)
	at org.springframework.security.web.ObservationFilterChainDecorator$ObservationFilter.wrapFilter(ObservationFilterChainDecorator.java:240)
	at org.springframework.security.web.ObservationFilterChainDecorator$ObservationFilter.doFilter(ObservationFilterChainDecorator.java:227)
	at org.springframework.security.web.ObservationFilterChainDecorator$VirtualFilterChain.doFilter(ObservationFilterChainDecorator.java:137)
	at org.springframework.security.web.header.HeaderWriterFilter.doHeadersAfter(HeaderWriterFilter.java:90)
	at org.springframework.security.web.header.HeaderWriterFilter.doFilterInternal(HeaderWriterFilter.java:75)
	at org.springframework.web.filter.OncePerRequestFilter.doFilter(OncePerRequestFilter.java:116)
	at org.springframework.security.web.ObservationFilterChainDecorator$ObservationFilter.wrapFilter(ObservationFilterChainDecorator.java:240)
	at org.springframework.security.web.ObservationFilterChainDecorator$ObservationFilter.doFilter(ObservationFilterChainDecorator.java:227)
	at org.springframework.security.web.ObservationFilterChainDecorator$VirtualFilterChain.doFilter(ObservationFilterChainDecorator.java:137)
	at org.springframework.security.web.context.SecurityContextHolderFilter.doFilter(SecurityContextHolderFilter.java:82)
	at org.springframework.security.web.context.SecurityContextHolderFilter.doFilter(SecurityContextHolderFilter.java:69)
	at org.springframework.security.web.ObservationFilterChainDecorator$ObservationFilter.wrapFilter(ObservationFilterChainDecorator.java:240)
	at org.springframework.security.web.ObservationFilterChainDecorator$ObservationFilter.doFilter(ObservationFilterChainDecorator.java:227)
	at org.springframework.security.web.ObservationFilterChainDecorator$VirtualFilterChain.doFilter(ObservationFilterChainDecorator.java:137)
	at org.springframework.security.web.context.request.async.WebAsyncManagerIntegrationFilter.doFilterInternal(WebAsyncManagerIntegrationFilter.java:62)
	at org.springframework.web.filter.OncePerRequestFilter.doFilter(OncePerRequestFilter.java:116)
	at org.springframework.security.web.ObservationFilterChainDecorator$ObservationFilter.wrapFilter(ObservationFilterChainDecorator.java:240)
	at org.springframework.security.web.ObservationFilterChainDecorator$ObservationFilter.doFilter(ObservationFilterChainDecorator.java:227)
	at org.springframework.security.web.ObservationFilterChainDecorator$VirtualFilterChain.doFilter(ObservationFilterChainDecorator.java:137)
	at org.springframework.security.web.session.DisableEncodeUrlFilter.doFilterInternal(DisableEncodeUrlFilter.java:42)
	at org.springframework.web.filter.OncePerRequestFilter.doFilter(OncePerRequestFilter.java:116)
	at org.springframework.security.web.ObservationFilterChainDecorator$ObservationFilter.wrapFilter(ObservationFilterChainDecorator.java:240)
	at org.springframework.security.web.ObservationFilterChainDecorator$AroundFilterObservation$SimpleAroundFilterObservation.lambda$wrap$0(ObservationFilterChainDecorator.java:323)
	at org.springframework.security.web.ObservationFilterChainDecorator$ObservationFilter.doFilter(ObservationFilterChainDecorator.java:224)
	at org.springframework.security.web.ObservationFilterChainDecorator$VirtualFilterChain.doFilter(ObservationFilterChainDecorator.java:137)
	at org.springframework.security.web.FilterChainProxy.doFilterInternal(FilterChainProxy.java:233)
	at org.springframework.security.web.FilterChainProxy.doFilter(FilterChainProxy.java:191)
	at org.springframework.web.filter.CompositeFilter$VirtualFilterChain.doFilter(CompositeFilter.java:113)
	at org.springframework.web.servlet.handler.HandlerMappingIntrospector.lambda$createCacheFilter$3(HandlerMappingIntrospector.java:243)
	at org.springframework.web.filter.CompositeFilter$VirtualFilterChain.doFilter(CompositeFilter.java:113)
	at org.springframework.web.filter.CompositeFilter.doFilter(CompositeFilter.java:74)
	at org.springframework.security.config.annotation.web.configuration.WebMvcSecurityConfiguration$CompositeFilterChainProxy.doFilter(WebMvcSecurityConfiguration.java:238)
	at org.springframework.web.filter.DelegatingFilterProxy.invokeDelegate(DelegatingFilterProxy.java:362)
	at org.springframework.web.filter.DelegatingFilterProxy.doFilter(DelegatingFilterProxy.java:278)
	at org.springframework.test.web.servlet.setup.MockMvcFilterDecorator.doFilter(MockMvcFilterDecorator.java:162)
	at org.springframework.mock.web.MockFilterChain.doFilter(MockFilterChain.java:132)
	at org.springframework.web.filter.RequestContextFilter.doFilterInternal(RequestContextFilter.java:100)
	at org.springframework.web.filter.OncePerRequestFilter.doFilter(OncePerRequestFilter.java:116)
	at org.springframework.test.web.servlet.setup.MockMvcFilterDecorator.doFilter(MockMvcFilterDecorator.java:162)
	at org.springframework.mock.web.MockFilterChain.doFilter(MockFilterChain.java:132)
	at org.springframework.web.filter.FormContentFilter.doFilterInternal(FormContentFilter.java:93)
	at org.springframework.web.filter.OncePerRequestFilter.doFilter(OncePerRequestFilter.java:116)
	at org.springframework.test.web.servlet.setup.MockMvcFilterDecorator.doFilter(MockMvcFilterDecorator.java:162)
	at org.springframework.mock.web.MockFilterChain.doFilter(MockFilterChain.java:132)
	at org.springframework.web.filter.ServerHttpObservationFilter.doFilterInternal(ServerHttpObservationFilter.java:114)
	at org.springframework.web.filter.OncePerRequestFilter.doFilter(OncePerRequestFilter.java:116)
	at org.springframework.test.web.servlet.setup.MockMvcFilterDecorator.doFilter(MockMvcFilterDecorator.java:162)
	at org.springframework.mock.web.MockFilterChain.doFilter(MockFilterChain.java:132)
	at io.sentry.spring.jakarta.tracing.SentryTracingFilter.doFilterInternal(SentryTracingFilter.java:91)
	at org.springframework.web.filter.OncePerRequestFilter.doFilter(OncePerRequestFilter.java:116)
	at org.springframework.test.web.servlet.setup.MockMvcFilterDecorator.doFilter(MockMvcFilterDecorator.java:162)
	at org.springframework.mock.web.MockFilterChain.doFilter(MockFilterChain.java:132)
	at org.springframework.web.filter.CharacterEncodingFilter.doFilterInternal(CharacterEncodingFilter.java:201)
	at org.springframework.web.filter.OncePerRequestFilter.doFilter(OncePerRequestFilter.java:116)
	at org.springframework.test.web.servlet.setup.MockMvcFilterDecorator.doFilter(MockMvcFilterDecorator.java:162)
	at org.springframework.mock.web.MockFilterChain.doFilter(MockFilterChain.java:132)
	at io.sentry.spring.jakarta.SentrySpringFilter.doFilterInternal(SentrySpringFilter.java:76)
	at org.springframework.web.filter.OncePerRequestFilter.doFilter(OncePerRequestFilter.java:116)
	at org.springframework.test.web.servlet.setup.MockMvcFilterDecorator.doFilter(MockMvcFilterDecorator.java:162)
	at org.springframework.mock.web.MockFilterChain.doFilter(MockFilterChain.java:132)
	at org.springframework.test.web.servlet.MockMvc.perform(MockMvc.java:201)
	at de.tum.cit.aet.artemis.core.util.RequestUtilService.performMvcRequest(RequestUtilService.java:79)
	at de.tum.cit.aet.artemis.core.util.RequestUtilService.postWithResponseBodyString(RequestUtilService.java:351)
	at de.tum.cit.aet.artemis.core.util.RequestUtilService.postWithResponseBodyString(RequestUtilService.java:318)
	at de.tum.cit.aet.artemis.core.util.RequestUtilService.postWithResponseBody(RequestUtilService.java:290)
	at de.tum.cit.aet.artemis.core.util.RequestUtilService.postWithResponseBody(RequestUtilService.java:363)
	at de.tum.cit.aet.artemis.core.util.RequestUtilService.postWithResponseBody(RequestUtilService.java:375)
	at de.tum.cit.aet.artemis.core.user.util.UserTestService.createUser_asAdmin_failInExternalCiUserManagement_internalError(UserTestService.java:547)
	at de.tum.cit.aet.artemis.core.authentication.UserJenkinsGitlabIntegrationTest.createUser_asAdmin_failInExternalUserManagement_internalError(UserJenkinsGitlabIntegrationTest.java:215)
	at java.base/jdk.internal.reflect.DirectMethodHandleAccessor.invoke(DirectMethodHandleAccessor.java:103)
	at java.base/java.lang.reflect.Method.invoke(Method.java:580)
	at org.junit.platform.commons.util.ReflectionUtils.invokeMethod(ReflectionUtils.java:767)
	at org.junit.jupiter.engine.execution.MethodInvocation.proceed(MethodInvocation.java:60)
	at org.junit.jupiter.engine.execution.InvocationInterceptorChain$ValidatingInvocation.proceed(InvocationInterceptorChain.java:131)
	at org.junit.jupiter.engine.extension.TimeoutExtension.intercept(TimeoutExtension.java:156)
	at org.junit.jupiter.engine.extension.TimeoutExtension.interceptTestableMethod(TimeoutExtension.java:147)
	at org.junit.jupiter.engine.extension.TimeoutExtension.interceptTestMethod(TimeoutExtension.java:86)
	at org.junit.jupiter.engine.execution.InterceptingExecutableInvoker$ReflectiveInterceptorCall.lambda$ofVoidMethod$0(InterceptingExecutableInvoker.java:103)
	at org.junit.jupiter.engine.execution.InterceptingExecutableInvoker.lambda$invoke$0(InterceptingExecutableInvoker.java:93)
	at org.junit.jupiter.engine.execution.InvocationInterceptorChain$InterceptedInvocation.proceed(InvocationInterceptorChain.java:106)
	at org.junit.jupiter.engine.execution.InvocationInterceptorChain.proceed(InvocationInterceptorChain.java:64)
	at org.junit.jupiter.engine.execution.InvocationInterceptorChain.chainAndInvoke(InvocationInterceptorChain.java:45)
	at org.junit.jupiter.engine.execution.InvocationInterceptorChain.invoke(InvocationInterceptorChain.java:37)
	at org.junit.jupiter.engine.execution.InterceptingExecutableInvoker.invoke(InterceptingExecutableInvoker.java:92)
	at org.junit.jupiter.engine.execution.InterceptingExecutableInvoker.invoke(InterceptingExecutableInvoker.java:86)
	at org.junit.jupiter.engine.descriptor.TestMethodTestDescriptor.lambda$invokeTestMethod$8(TestMethodTestDescriptor.java:217)
	at org.junit.platform.engine.support.hierarchical.ThrowableCollector.execute(ThrowableCollector.java:73)
	at org.junit.jupiter.engine.descriptor.TestMethodTestDescriptor.invokeTestMethod(TestMethodTestDescriptor.java:213)
	at org.junit.jupiter.engine.descriptor.TestMethodTestDescriptor.execute(TestMethodTestDescriptor.java:138)
	at org.junit.jupiter.engine.descriptor.TestMethodTestDescriptor.execute(TestMethodTestDescriptor.java:68)
	at org.junit.platform.engine.support.hierarchical.NodeTestTask.lambda$executeRecursively$6(NodeTestTask.java:156)
	at org.junit.platform.engine.support.hierarchical.ThrowableCollector.execute(ThrowableCollector.java:73)
	at org.junit.platform.engine.support.hierarchical.NodeTestTask.lambda$executeRecursively$8(NodeTestTask.java:146)
	at org.junit.platform.engine.support.hierarchical.Node.around(Node.java:137)
	at org.junit.platform.engine.support.hierarchical.NodeTestTask.lambda$executeRecursively$9(NodeTestTask.java:144)
	at org.junit.platform.engine.support.hierarchical.ThrowableCollector.execute(ThrowableCollector.java:73)
	at org.junit.platform.engine.support.hierarchical.NodeTestTask.executeRecursively(NodeTestTask.java:143)
	at org.junit.platform.engine.support.hierarchical.NodeTestTask.execute(NodeTestTask.java:100)
	at org.junit.platform.engine.support.hierarchical.ForkJoinPoolHierarchicalTestExecutorService$ExclusiveTask.exec(ForkJoinPoolHierarchicalTestExecutorService.java:274)
	at org.junit.platform.engine.support.hierarchical.ForkJoinPoolHierarchicalTestExecutorService$ExclusiveTask.execSync(ForkJoinPoolHierarchicalTestExecutorService.java:247)
	at org.junit.platform.engine.support.hierarchical.ForkJoinPoolHierarchicalTestExecutorService.executeSync(ForkJoinPoolHierarchicalTestExecutorService.java:194)
	at org.junit.platform.engine.support.hierarchical.ForkJoinPoolHierarchicalTestExecutorService.invokeAll(ForkJoinPoolHierarchicalTestExecutorService.java:166)
	at org.junit.platform.engine.support.hierarchical.NodeTestTask.lambda$executeRecursively$6(NodeTestTask.java:160)
	at org.junit.platform.engine.support.hierarchical.ThrowableCollector.execute(ThrowableCollector.java:73)
	at org.junit.platform.engine.support.hierarchical.NodeTestTask.lambda$executeRecursively$8(NodeTestTask.java:146)
	at org.junit.platform.engine.support.hierarchical.Node.around(Node.java:137)
	at org.junit.platform.engine.support.hierarchical.NodeTestTask.lambda$executeRecursively$9(NodeTestTask.java:144)
	at org.junit.platform.engine.support.hierarchical.ThrowableCollector.execute(ThrowableCollector.java:73)
	at org.junit.platform.engine.support.hierarchical.NodeTestTask.executeRecursively(NodeTestTask.java:143)
	at org.junit.platform.engine.support.hierarchical.NodeTestTask.execute(NodeTestTask.java:100)
	at org.junit.platform.engine.support.hierarchical.ForkJoinPoolHierarchicalTestExecutorService$ExclusiveTask.exec(ForkJoinPoolHierarchicalTestExecutorService.java:274)
	at java.base/java.util.concurrent.ForkJoinTask.doExec(ForkJoinTask.java:387)
	at java.base/java.util.concurrent.ForkJoinPool$WorkQueue.topLevelExec(ForkJoinPool.java:1312)
	at java.base/java.util.concurrent.ForkJoinPool.scan(ForkJoinPool.java:1843)
	at java.base/java.util.concurrent.ForkJoinPool.runWorker(ForkJoinPool.java:1808)
	at java.base/java.util.concurrent.ForkJoinWorkerThread.run(ForkJoinWorkerThread.java:188)
Caused by: org.springframework.web.client.HttpServerErrorException$InternalServerError: 500 Internal Server Error on POST request for "https://continuous-integration.fake.fake/securityRealm/createAccountByAdmin": [no body]
	at org.springframework.web.client.HttpServerErrorException.create(HttpServerErrorException.java:102)
	at org.springframework.web.client.DefaultResponseErrorHandler.handleError(DefaultResponseErrorHandler.java:189)
	at org.springframework.web.client.DefaultResponseErrorHandler.handleError(DefaultResponseErrorHandler.java:147)
	at org.springframework.web.client.RestTemplate.handleResponse(RestTemplate.java:953)
	at org.springframework.web.client.RestTemplate.doExecute(RestTemplate.java:902)
	at org.springframework.web.client.RestTemplate.execute(RestTemplate.java:841)
	at org.springframework.web.client.RestTemplate.exchange(RestTemplate.java:702)
	at de.tum.cit.aet.artemis.programming.service.jenkins.JenkinsUserManagementService.createUser(JenkinsUserManagementService.java:105)
	... 230 common frames omitted

  Starting logs for UserJenkinsGitlabIntegrationTest > createUser_withNullAsPassword_generatesRandomPassword()
    23:42:20.447 | 198 Pool-1-worker-91 | DEBUG | d.t.c.a.a.c.u.util.UserUtilService   : Generate 2 students...
    23:42:20.450 | 198 Pool-1-worker-91 | DEBUG | d.t.c.a.a.c.u.util.UserUtilService   : 2 students generated. Generate 1 tutors...
    23:42:20.452 | 198 Pool-1-worker-91 | DEBUG | d.t.c.a.a.c.u.util.UserUtilService   : 1 tutors generated. Generate 1 editors...
    23:42:20.454 | 198 Pool-1-worker-91 | DEBUG | d.t.c.a.a.c.u.util.UserUtilService   : 1 editors generated. Generate 1 instructors...
    23:42:20.456 | 198 Pool-1-worker-91 | DEBUG | d.t.c.a.a.c.u.util.UserUtilService   : 1 instructors generated
    23:42:20.459 | 198 Pool-1-worker-91 | DEBUG | d.t.c.a.a.c.u.util.UserUtilService   : Removing 0 users from all courses...
    23:42:20.460 | 198 Pool-1-worker-91 | DEBUG | d.t.c.a.a.c.u.util.UserUtilService   : Removing 0 users from all courses. Done
    23:42:20.460 | 198 Pool-1-worker-91 | DEBUG | d.t.c.a.a.c.u.util.UserUtilService   : Save 5 users to database...
    23:42:20.464 | 198 Pool-1-worker-91 | DEBUG | d.t.c.a.a.c.u.util.UserUtilService   : Save 5 users to database. Done
    23:42:20.469 | 198 Pool-1-worker-91 | INFO  | i.z.t.d.l.EmbeddedDatabaseReporter   : JDBC URL to connect to 'dataSource': url='jdbc:h2:tcp://localhost:41063/mem:736625c0-cf5e-400d-aeaa-8a7eabd6262b;USER=sa', scope='UserJenkinsGitlabIntegrationTest#createUser_withNullAsPassword_generatesRandomPassword'
    23:42:20.481 | 198 Pool-1-worker-91 | DEBUG | d.t.c.a.a.c.s.f.ApiVersionFilter     : Adding Version to Request POST /api/admin/users
    23:42:20.484 | 198 Pool-1-worker-91 | DEBUG | d.t.c.a.a.c.w.a.AdminUserResource    : REST request to save User : ManagedUserVM{} UserDTO{login='batman', firstName='userjenkstudent1First', lastName='userjenkstudent1Last', email='batman@invalid.tum', imageUrl='null', activated=true, langKey='en', createdBy=admin, createdDate=2025-02-14T23:42:20.460389Z, lastModifiedBy='admin', lastModifiedDate=2025-02-14T23:42:20.460389Z, lastNotificationRead=null, authorities=[ROLE_USER]}
    23:42:20.489 | 198 Pool-1-worker-91 | DEBUG | d.t.c.a.a.c.s.u.UserCreationService  : Save user User{login='batman', firstName='userjenkstudent1First', lastName='userjenkstudent1Last', email='batman@invalid.tum', imageUrl='null', activated='true', langKey='en', activationKey='null'}
    23:42:20.493 | 198 Pool-1-worker-91 | INFO  | .a.p.s.g.GitLabUserManagementService : Update Gitlab permissions for programming exercises: []
    23:42:20.496 | 198 Pool-1-worker-91 | INFO  | a.p.s.j.JenkinsUserManagementService : Update Jenkins permissions (add users to groups) for programming exercises: []
    23:42:20.499 | 198 Pool-1-worker-91 | DEBUG | d.t.c.a.a.c.s.u.UserCreationService  : Created Information for User: User{login='batman', firstName='userjenkstudent1First', lastName='userjenkstudent1Last', email='batman@invalid.tum', imageUrl='null', activated='true', langKey='en', activationKey='null'}

  Starting logs for UserJenkinsGitlabIntegrationTest > updateUserNotificationVisibility_hideUntil_asStudent_isSuccessful()
    23:42:20.533 | 198 Pool-1-worker-91 | DEBUG | d.t.c.a.a.c.u.util.UserUtilService   : Generate 2 students...
    23:42:20.536 | 198 Pool-1-worker-91 | DEBUG | d.t.c.a.a.c.u.util.UserUtilService   : 2 students generated. Generate 1 tutors...
    23:42:20.538 | 198 Pool-1-worker-91 | DEBUG | d.t.c.a.a.c.u.util.UserUtilService   : 1 tutors generated. Generate 1 editors...
    23:42:20.540 | 198 Pool-1-worker-91 | DEBUG | d.t.c.a.a.c.u.util.UserUtilService   : 1 editors generated. Generate 1 instructors...
    23:42:20.542 | 198 Pool-1-worker-91 | DEBUG | d.t.c.a.a.c.u.util.UserUtilService   : 1 instructors generated
    23:42:20.543 | 198 Pool-1-worker-91 | DEBUG | d.t.c.a.a.c.u.util.UserUtilService   : Removing 0 users from all courses...
    23:42:20.543 | 198 Pool-1-worker-91 | DEBUG | d.t.c.a.a.c.u.util.UserUtilService   : Removing 0 users from all courses. Done
    23:42:20.543 | 198 Pool-1-worker-91 | DEBUG | d.t.c.a.a.c.u.util.UserUtilService   : Save 5 users to database...
    23:42:20.547 | 198 Pool-1-worker-91 | DEBUG | d.t.c.a.a.c.u.util.UserUtilService   : Save 5 users to database. Done
    23:42:20.553 | 198 Pool-1-worker-91 | INFO  | i.z.t.d.l.EmbeddedDatabaseReporter   : JDBC URL to connect to 'dataSource': url='jdbc:h2:tcp://localhost:41063/mem:736625c0-cf5e-400d-aeaa-8a7eabd6262b;USER=sa', scope='UserJenkinsGitlabIntegrationTest#updateUserNotificationVisibility_hideUntil_asStudent_isSuccessful'
    23:42:20.555 | 198 Pool-1-worker-91 | DEBUG | d.t.c.a.a.c.s.f.ApiVersionFilter     : Adding Version to Request PUT /api/users/notification-visibility
    23:42:20.558 | 198 Pool-1-worker-91 | DEBUG | d.t.c.a.a.core.web.UserResource      : REST request to update notification visibility for logged-in user

  Starting logs for UserJenkinsGitlabIntegrationTest > createUser_asAdmin_failInExternalVcsUserManagement_internalError()
    23:42:20.590 | 198 Pool-1-worker-91 | DEBUG | d.t.c.a.a.c.u.util.UserUtilService   : Generate 2 students...
    23:42:20.593 | 198 Pool-1-worker-91 | DEBUG | d.t.c.a.a.c.u.util.UserUtilService   : 2 students generated. Generate 1 tutors...
    23:42:20.595 | 198 Pool-1-worker-91 | DEBUG | d.t.c.a.a.c.u.util.UserUtilService   : 1 tutors generated. Generate 1 editors...
    23:42:20.597 | 198 Pool-1-worker-91 | DEBUG | d.t.c.a.a.c.u.util.UserUtilService   : 1 editors generated. Generate 1 instructors...
    23:42:20.599 | 198 Pool-1-worker-91 | DEBUG | d.t.c.a.a.c.u.util.UserUtilService   : 1 instructors generated
    23:42:20.600 | 198 Pool-1-worker-91 | DEBUG | d.t.c.a.a.c.u.util.UserUtilService   : Removing 0 users from all courses...
    23:42:20.601 | 198 Pool-1-worker-91 | DEBUG | d.t.c.a.a.c.u.util.UserUtilService   : Removing 0 users from all courses. Done
    23:42:20.601 | 198 Pool-1-worker-91 | DEBUG | d.t.c.a.a.c.u.util.UserUtilService   : Save 5 users to database...
    23:42:20.604 | 198 Pool-1-worker-91 | DEBUG | d.t.c.a.a.c.u.util.UserUtilService   : Save 5 users to database. Done
    23:42:20.610 | 198 Pool-1-worker-91 | INFO  | i.z.t.d.l.EmbeddedDatabaseReporter   : JDBC URL to connect to 'dataSource': url='jdbc:h2:tcp://localhost:41063/mem:736625c0-cf5e-400d-aeaa-8a7eabd6262b;USER=sa', scope='UserJenkinsGitlabIntegrationTest#createUser_asAdmin_failInExternalVcsUserManagement_internalError'
    23:42:20.619 | 198 Pool-1-worker-91 | DEBUG | d.t.c.a.a.c.s.f.ApiVersionFilter     : Adding Version to Request POST /api/admin/users
    23:42:20.620 | 198 Pool-1-worker-91 | DEBUG | d.t.c.a.a.c.w.a.AdminUserResource    : REST request to save User : ManagedUserVM{} UserDTO{login='batman', firstName='userjenkstudent1First', lastName='userjenkstudent1Last', email='batman@secret.invalid', imageUrl='null', activated=true, langKey='en', createdBy=admin, createdDate=2025-02-14T23:42:20.601238Z, lastModifiedBy='admin', lastModifiedDate=2025-02-14T23:42:20.601238Z, lastNotificationRead=null, authorities=[ROLE_USER]}
    23:42:20.625 | 198 Pool-1-worker-91 | DEBUG | d.t.c.a.a.c.s.u.UserCreationService  : Save user User{login='batman', firstName='userjenkstudent1First', lastName='userjenkstudent1Last', email='batman@secret.invalid', imageUrl='null', activated='true', langKey='en', activationKey='null'}
    23:42:20.629 | 198 Pool-1-worker-91 | ERROR | o.z.p.spring.common.AdviceTraits     : Internal Server Error
de.tum.cit.aet.artemis.programming.service.gitlab.GitLabException: Unable to create new user in GitLab batman
	at de.tum.cit.aet.artemis.programming.service.gitlab.GitLabUserManagementService.createUser(GitLabUserManagementService.java:492)
	at de.tum.cit.aet.artemis.programming.service.gitlab.GitLabUserManagementService.createUser(GitLabUserManagementService.java:485)
	at de.tum.cit.aet.artemis.programming.service.gitlab.GitLabUserManagementService.getUserIdCreateIfNotExists(GitLabUserManagementService.java:327)
	at de.tum.cit.aet.artemis.programming.service.gitlab.GitLabUserManagementService.createVcsUser(GitLabUserManagementService.java:61)
	at de.tum.cit.aet.artemis.core.service.user.UserCreationService.lambda$createUser$0(UserCreationService.java:199)
	at java.base/java.util.Optional.ifPresent(Optional.java:178)
	at de.tum.cit.aet.artemis.core.service.user.UserCreationService.createUser(UserCreationService.java:199)
	at de.tum.cit.aet.artemis.core.web.admin.AdminUserResource.createUser(AdminUserResource.java:128)
	at java.base/jdk.internal.reflect.DirectMethodHandleAccessor.invoke(DirectMethodHandleAccessor.java:103)
	at java.base/java.lang.reflect.Method.invoke(Method.java:580)
	at org.springframework.aop.support.AopUtils.invokeJoinpointUsingReflection(AopUtils.java:359)
	at org.springframework.aop.framework.ReflectiveMethodInvocation.invokeJoinpoint(ReflectiveMethodInvocation.java:196)
	at org.springframework.aop.framework.ReflectiveMethodInvocation.proceed(ReflectiveMethodInvocation.java:163)
	at org.springframework.security.authorization.method.AuthorizationManagerBeforeMethodInterceptor.proceed(AuthorizationManagerBeforeMethodInterceptor.java:268)
	at org.springframework.security.authorization.method.AuthorizationManagerBeforeMethodInterceptor.attemptAuthorization(AuthorizationManagerBeforeMethodInterceptor.java:263)
	at org.springframework.security.authorization.method.AuthorizationManagerBeforeMethodInterceptor.invoke(AuthorizationManagerBeforeMethodInterceptor.java:196)
	at org.springframework.security.config.annotation.method.configuration.DeferringMethodInterceptor.invoke(DeferringMethodInterceptor.java:44)
	at org.springframework.aop.framework.ReflectiveMethodInvocation.proceed(ReflectiveMethodInvocation.java:184)
	at org.springframework.aop.framework.CglibAopProxy$DynamicAdvisedInterceptor.intercept(CglibAopProxy.java:727)
	at de.tum.cit.aet.artemis.core.web.admin.AdminUserResource$$SpringCGLIB$$0.createUser(<generated>)
	at java.base/jdk.internal.reflect.DirectMethodHandleAccessor.invoke(DirectMethodHandleAccessor.java:103)
	at java.base/java.lang.reflect.Method.invoke(Method.java:580)
	at org.springframework.web.method.support.InvocableHandlerMethod.doInvoke(InvocableHandlerMethod.java:257)
	at org.springframework.web.method.support.InvocableHandlerMethod.invokeForRequest(InvocableHandlerMethod.java:190)
	at org.springframework.web.servlet.mvc.method.annotation.ServletInvocableHandlerMethod.invokeAndHandle(ServletInvocableHandlerMethod.java:118)
	at org.springframework.web.servlet.mvc.method.annotation.RequestMappingHandlerAdapter.invokeHandlerMethod(RequestMappingHandlerAdapter.java:986)
	at org.springframework.web.servlet.mvc.method.annotation.RequestMappingHandlerAdapter.handleInternal(RequestMappingHandlerAdapter.java:891)
	at org.springframework.web.servlet.mvc.method.AbstractHandlerMethodAdapter.handle(AbstractHandlerMethodAdapter.java:87)
	at org.springframework.web.servlet.DispatcherServlet.doDispatch(DispatcherServlet.java:1088)
	at org.springframework.web.servlet.DispatcherServlet.doService(DispatcherServlet.java:978)
	at org.springframework.web.servlet.FrameworkServlet.processRequest(FrameworkServlet.java:1014)
	at org.springframework.web.servlet.FrameworkServlet.doPost(FrameworkServlet.java:914)
	at jakarta.servlet.http.HttpServlet.service(HttpServlet.java:547)
	at org.springframework.web.servlet.FrameworkServlet.service(FrameworkServlet.java:885)
	at org.springframework.test.web.servlet.TestDispatcherServlet.service(TestDispatcherServlet.java:72)
	at jakarta.servlet.http.HttpServlet.service(HttpServlet.java:614)
	at org.springframework.mock.web.MockFilterChain$ServletFilterProxy.doFilter(MockFilterChain.java:165)
	at org.springframework.mock.web.MockFilterChain.doFilter(MockFilterChain.java:132)
	at org.springframework.web.filter.OncePerRequestFilter.doFilter(OncePerRequestFilter.java:110)
	at org.springframework.test.web.servlet.setup.MockMvcFilterDecorator.doFilter(MockMvcFilterDecorator.java:162)
	at org.springframework.mock.web.MockFilterChain.doFilter(MockFilterChain.java:132)
	at de.tum.cit.aet.artemis.core.security.filter.ApiVersionFilter.doFilter(ApiVersionFilter.java:55)
	at org.springframework.test.web.servlet.setup.MockMvcFilterDecorator.doFilter(MockMvcFilterDecorator.java:162)
	at org.springframework.mock.web.MockFilterChain.doFilter(MockFilterChain.java:132)
	at io.sentry.spring.jakarta.SentryUserFilter.doFilterInternal(SentryUserFilter.java:56)
	at org.springframework.web.filter.OncePerRequestFilter.doFilter(OncePerRequestFilter.java:116)
	at org.springframework.test.web.servlet.setup.MockMvcFilterDecorator.doFilter(MockMvcFilterDecorator.java:162)
	at org.springframework.mock.web.MockFilterChain.doFilter(MockFilterChain.java:132)
	at org.springframework.web.filter.CompositeFilter$VirtualFilterChain.doFilter(CompositeFilter.java:108)
	at org.springframework.security.web.FilterChainProxy.lambda$doFilterInternal$3(FilterChainProxy.java:231)
	at org.springframework.security.web.ObservationFilterChainDecorator$FilterObservation$SimpleFilterObservation.lambda$wrap$1(ObservationFilterChainDecorator.java:479)
	at org.springframework.security.web.ObservationFilterChainDecorator$AroundFilterObservation$SimpleAroundFilterObservation.lambda$wrap$1(ObservationFilterChainDecorator.java:340)
	at org.springframework.security.web.ObservationFilterChainDecorator.lambda$wrapSecured$0(ObservationFilterChainDecorator.java:82)
	at org.springframework.security.web.ObservationFilterChainDecorator$VirtualFilterChain.doFilter(ObservationFilterChainDecorator.java:128)
	at org.springframework.security.web.access.intercept.AuthorizationFilter.doFilter(AuthorizationFilter.java:101)
	at org.springframework.security.web.ObservationFilterChainDecorator$ObservationFilter.wrapFilter(ObservationFilterChainDecorator.java:240)
	at org.springframework.security.web.ObservationFilterChainDecorator$ObservationFilter.doFilter(ObservationFilterChainDecorator.java:227)
	at org.springframework.security.web.ObservationFilterChainDecorator$VirtualFilterChain.doFilter(ObservationFilterChainDecorator.java:137)
	at org.springframework.security.web.access.ExceptionTranslationFilter.doFilter(ExceptionTranslationFilter.java:126)
	at org.springframework.security.web.access.ExceptionTranslationFilter.doFilter(ExceptionTranslationFilter.java:120)
	at org.springframework.security.web.ObservationFilterChainDecorator$ObservationFilter.wrapFilter(ObservationFilterChainDecorator.java:240)
	at org.springframework.security.web.ObservationFilterChainDecorator$ObservationFilter.doFilter(ObservationFilterChainDecorator.java:227)
	at org.springframework.security.web.ObservationFilterChainDecorator$VirtualFilterChain.doFilter(ObservationFilterChainDecorator.java:137)
	at org.springframework.security.web.session.SessionManagementFilter.doFilter(SessionManagementFilter.java:131)
	at org.springframework.security.web.session.SessionManagementFilter.doFilter(SessionManagementFilter.java:85)
	at org.springframework.security.web.ObservationFilterChainDecorator$ObservationFilter.wrapFilter(ObservationFilterChainDecorator.java:240)
	at org.springframework.security.web.ObservationFilterChainDecorator$ObservationFilter.doFilter(ObservationFilterChainDecorator.java:227)
	at org.springframework.security.web.ObservationFilterChainDecorator$VirtualFilterChain.doFilter(ObservationFilterChainDecorator.java:137)
	at org.springframework.security.web.authentication.AnonymousAuthenticationFilter.doFilter(AnonymousAuthenticationFilter.java:100)
	at org.springframework.security.web.ObservationFilterChainDecorator$ObservationFilter.wrapFilter(ObservationFilterChainDecorator.java:240)
	at org.springframework.security.web.ObservationFilterChainDecorator$ObservationFilter.doFilter(ObservationFilterChainDecorator.java:227)
	at org.springframework.security.web.ObservationFilterChainDecorator$VirtualFilterChain.doFilter(ObservationFilterChainDecorator.java:137)
	at org.springframework.security.web.servletapi.SecurityContextHolderAwareRequestFilter.doFilter(SecurityContextHolderAwareRequestFilter.java:179)
	at org.springframework.security.web.ObservationFilterChainDecorator$ObservationFilter.wrapFilter(ObservationFilterChainDecorator.java:240)
	at org.springframework.security.web.ObservationFilterChainDecorator$ObservationFilter.doFilter(ObservationFilterChainDecorator.java:227)
	at org.springframework.security.web.ObservationFilterChainDecorator$VirtualFilterChain.doFilter(ObservationFilterChainDecorator.java:137)
	at org.springframework.security.web.savedrequest.RequestCacheAwareFilter.doFilter(RequestCacheAwareFilter.java:63)
	at org.springframework.security.web.ObservationFilterChainDecorator$ObservationFilter.wrapFilter(ObservationFilterChainDecorator.java:240)
	at org.springframework.security.web.ObservationFilterChainDecorator$ObservationFilter.doFilter(ObservationFilterChainDecorator.java:227)
	at org.springframework.security.web.ObservationFilterChainDecorator$VirtualFilterChain.doFilter(ObservationFilterChainDecorator.java:137)
	at de.tum.cit.aet.artemis.core.security.filter.SpaWebFilter.doFilterInternal(SpaWebFilter.java:23)
	at org.springframework.web.filter.OncePerRequestFilter.doFilter(OncePerRequestFilter.java:116)
	at org.springframework.security.web.ObservationFilterChainDecorator$ObservationFilter.wrapFilter(ObservationFilterChainDecorator.java:240)
	at org.springframework.security.web.ObservationFilterChainDecorator$ObservationFilter.doFilter(ObservationFilterChainDecorator.java:227)
	at org.springframework.security.web.ObservationFilterChainDecorator$VirtualFilterChain.doFilter(ObservationFilterChainDecorator.java:137)
	at org.springframework.web.filter.OncePerRequestFilter.doFilter(OncePerRequestFilter.java:110)
	at org.springframework.security.web.ObservationFilterChainDecorator$ObservationFilter.wrapFilter(ObservationFilterChainDecorator.java:240)
	at org.springframework.security.web.ObservationFilterChainDecorator$ObservationFilter.doFilter(ObservationFilterChainDecorator.java:227)
	at org.springframework.security.web.ObservationFilterChainDecorator$VirtualFilterChain.doFilter(ObservationFilterChainDecorator.java:137)
	at de.tum.cit.aet.artemis.lti.config.Lti13LaunchFilter.doFilterInternal(Lti13LaunchFilter.java:60)
	at org.springframework.web.filter.OncePerRequestFilter.doFilter(OncePerRequestFilter.java:116)
	at org.springframework.security.web.ObservationFilterChainDecorator$ObservationFilter.wrapFilter(ObservationFilterChainDecorator.java:240)
	at org.springframework.security.web.ObservationFilterChainDecorator$ObservationFilter.doFilter(ObservationFilterChainDecorator.java:227)
	at org.springframework.security.web.ObservationFilterChainDecorator$VirtualFilterChain.doFilter(ObservationFilterChainDecorator.java:137)
	at de.tum.cit.aet.artemis.core.security.jwt.JWTFilter.doFilter(JWTFilter.java:55)
	at org.springframework.security.web.ObservationFilterChainDecorator$ObservationFilter.wrapFilter(ObservationFilterChainDecorator.java:240)
	at org.springframework.security.web.ObservationFilterChainDecorator$ObservationFilter.doFilter(ObservationFilterChainDecorator.java:227)
	at org.springframework.security.web.ObservationFilterChainDecorator$VirtualFilterChain.doFilter(ObservationFilterChainDecorator.java:137)
	at de.tum.cit.aet.artemis.core.security.jwt.JWTFilter.doFilter(JWTFilter.java:55)
	at org.springframework.security.web.ObservationFilterChainDecorator$ObservationFilter.wrapFilter(ObservationFilterChainDecorator.java:240)
	at org.springframework.security.web.ObservationFilterChainDecorator$ObservationFilter.doFilter(ObservationFilterChainDecorator.java:227)
	at org.springframework.security.web.ObservationFilterChainDecorator$VirtualFilterChain.doFilter(ObservationFilterChainDecorator.java:137)
	at org.springframework.web.filter.CorsFilter.doFilterInternal(CorsFilter.java:91)
	at org.springframework.web.filter.OncePerRequestFilter.doFilter(OncePerRequestFilter.java:116)
	at org.springframework.security.web.ObservationFilterChainDecorator$ObservationFilter.wrapFilter(ObservationFilterChainDecorator.java:240)
	at org.springframework.security.web.ObservationFilterChainDecorator$ObservationFilter.doFilter(ObservationFilterChainDecorator.java:227)
	at org.springframework.security.web.ObservationFilterChainDecorator$VirtualFilterChain.doFilter(ObservationFilterChainDecorator.java:137)
	at org.springframework.web.filter.OncePerRequestFilter.doFilter(OncePerRequestFilter.java:110)
	at org.springframework.security.web.ObservationFilterChainDecorator$ObservationFilter.wrapFilter(ObservationFilterChainDecorator.java:240)
	at org.springframework.security.web.ObservationFilterChainDecorator$ObservationFilter.doFilter(ObservationFilterChainDecorator.java:227)
	at org.springframework.security.web.ObservationFilterChainDecorator$VirtualFilterChain.doFilter(ObservationFilterChainDecorator.java:137)
	at uk.ac.ox.ctl.lti13.security.oauth2.client.lti.web.OAuth2AuthorizationRequestRedirectFilter.doFilterInternal(OAuth2AuthorizationRequestRedirectFilter.java:142)
	at org.springframework.web.filter.OncePerRequestFilter.doFilter(OncePerRequestFilter.java:116)
	at org.springframework.security.web.ObservationFilterChainDecorator$ObservationFilter.wrapFilter(ObservationFilterChainDecorator.java:240)
	at org.springframework.security.web.ObservationFilterChainDecorator$ObservationFilter.doFilter(ObservationFilterChainDecorator.java:227)
	at org.springframework.security.web.ObservationFilterChainDecorator$VirtualFilterChain.doFilter(ObservationFilterChainDecorator.java:137)
	at org.springframework.security.web.authentication.logout.LogoutFilter.doFilter(LogoutFilter.java:107)
	at org.springframework.security.web.authentication.logout.LogoutFilter.doFilter(LogoutFilter.java:93)
	at org.springframework.security.web.ObservationFilterChainDecorator$ObservationFilter.wrapFilter(ObservationFilterChainDecorator.java:240)
	at org.springframework.security.web.ObservationFilterChainDecorator$ObservationFilter.doFilter(ObservationFilterChainDecorator.java:227)
	at org.springframework.security.web.ObservationFilterChainDecorator$VirtualFilterChain.doFilter(ObservationFilterChainDecorator.java:137)
	at org.springframework.security.web.header.HeaderWriterFilter.doHeadersAfter(HeaderWriterFilter.java:90)
	at org.springframework.security.web.header.HeaderWriterFilter.doFilterInternal(HeaderWriterFilter.java:75)
	at org.springframework.web.filter.OncePerRequestFilter.doFilter(OncePerRequestFilter.java:116)
	at org.springframework.security.web.ObservationFilterChainDecorator$ObservationFilter.wrapFilter(ObservationFilterChainDecorator.java:240)
	at org.springframework.security.web.ObservationFilterChainDecorator$ObservationFilter.doFilter(ObservationFilterChainDecorator.java:227)
	at org.springframework.security.web.ObservationFilterChainDecorator$VirtualFilterChain.doFilter(ObservationFilterChainDecorator.java:137)
	at org.springframework.security.web.context.SecurityContextHolderFilter.doFilter(SecurityContextHolderFilter.java:82)
	at org.springframework.security.web.context.SecurityContextHolderFilter.doFilter(SecurityContextHolderFilter.java:69)
	at org.springframework.security.web.ObservationFilterChainDecorator$ObservationFilter.wrapFilter(ObservationFilterChainDecorator.java:240)
	at org.springframework.security.web.ObservationFilterChainDecorator$ObservationFilter.doFilter(ObservationFilterChainDecorator.java:227)
	at org.springframework.security.web.ObservationFilterChainDecorator$VirtualFilterChain.doFilter(ObservationFilterChainDecorator.java:137)
	at org.springframework.security.web.context.request.async.WebAsyncManagerIntegrationFilter.doFilterInternal(WebAsyncManagerIntegrationFilter.java:62)
	at org.springframework.web.filter.OncePerRequestFilter.doFilter(OncePerRequestFilter.java:116)
	at org.springframework.security.web.ObservationFilterChainDecorator$ObservationFilter.wrapFilter(ObservationFilterChainDecorator.java:240)
	at org.springframework.security.web.ObservationFilterChainDecorator$ObservationFilter.doFilter(ObservationFilterChainDecorator.java:227)
	at org.springframework.security.web.ObservationFilterChainDecorator$VirtualFilterChain.doFilter(ObservationFilterChainDecorator.java:137)
	at org.springframework.security.web.session.DisableEncodeUrlFilter.doFilterInternal(DisableEncodeUrlFilter.java:42)
	at org.springframework.web.filter.OncePerRequestFilter.doFilter(OncePerRequestFilter.java:116)
	at org.springframework.security.web.ObservationFilterChainDecorator$ObservationFilter.wrapFilter(ObservationFilterChainDecorator.java:240)
	at org.springframework.security.web.ObservationFilterChainDecorator$AroundFilterObservation$SimpleAroundFilterObservation.lambda$wrap$0(ObservationFilterChainDecorator.java:323)
	at org.springframework.security.web.ObservationFilterChainDecorator$ObservationFilter.doFilter(ObservationFilterChainDecorator.java:224)
	at org.springframework.security.web.ObservationFilterChainDecorator$VirtualFilterChain.doFilter(ObservationFilterChainDecorator.java:137)
	at org.springframework.security.web.FilterChainProxy.doFilterInternal(FilterChainProxy.java:233)
	at org.springframework.security.web.FilterChainProxy.doFilter(FilterChainProxy.java:191)
	at org.springframework.web.filter.CompositeFilter$VirtualFilterChain.doFilter(CompositeFilter.java:113)
	at org.springframework.web.servlet.handler.HandlerMappingIntrospector.lambda$createCacheFilter$3(HandlerMappingIntrospector.java:243)
	at org.springframework.web.filter.CompositeFilter$VirtualFilterChain.doFilter(CompositeFilter.java:113)
	at org.springframework.web.filter.CompositeFilter.doFilter(CompositeFilter.java:74)
	at org.springframework.security.config.annotation.web.configuration.WebMvcSecurityConfiguration$CompositeFilterChainProxy.doFilter(WebMvcSecurityConfiguration.java:238)
	at org.springframework.web.filter.DelegatingFilterProxy.invokeDelegate(DelegatingFilterProxy.java:362)
	at org.springframework.web.filter.DelegatingFilterProxy.doFilter(DelegatingFilterProxy.java:278)
	at org.springframework.test.web.servlet.setup.MockMvcFilterDecorator.doFilter(MockMvcFilterDecorator.java:162)
	at org.springframework.mock.web.MockFilterChain.doFilter(MockFilterChain.java:132)
	at org.springframework.web.filter.RequestContextFilter.doFilterInternal(RequestContextFilter.java:100)
	at org.springframework.web.filter.OncePerRequestFilter.doFilter(OncePerRequestFilter.java:116)
	at org.springframework.test.web.servlet.setup.MockMvcFilterDecorator.doFilter(MockMvcFilterDecorator.java:162)
	at org.springframework.mock.web.MockFilterChain.doFilter(MockFilterChain.java:132)
	at org.springframework.web.filter.FormContentFilter.doFilterInternal(FormContentFilter.java:93)
	at org.springframework.web.filter.OncePerRequestFilter.doFilter(OncePerRequestFilter.java:116)
	at org.springframework.test.web.servlet.setup.MockMvcFilterDecorator.doFilter(MockMvcFilterDecorator.java:162)
	at org.springframework.mock.web.MockFilterChain.doFilter(MockFilterChain.java:132)
	at org.springframework.web.filter.ServerHttpObservationFilter.doFilterInternal(ServerHttpObservationFilter.java:114)
	at org.springframework.web.filter.OncePerRequestFilter.doFilter(OncePerRequestFilter.java:116)
	at org.springframework.test.web.servlet.setup.MockMvcFilterDecorator.doFilter(MockMvcFilterDecorator.java:162)
	at org.springframework.mock.web.MockFilterChain.doFilter(MockFilterChain.java:132)
	at io.sentry.spring.jakarta.tracing.SentryTracingFilter.doFilterInternal(SentryTracingFilter.java:91)
	at org.springframework.web.filter.OncePerRequestFilter.doFilter(OncePerRequestFilter.java:116)
	at org.springframework.test.web.servlet.setup.MockMvcFilterDecorator.doFilter(MockMvcFilterDecorator.java:162)
	at org.springframework.mock.web.MockFilterChain.doFilter(MockFilterChain.java:132)
	at org.springframework.web.filter.CharacterEncodingFilter.doFilterInternal(CharacterEncodingFilter.java:201)
	at org.springframework.web.filter.OncePerRequestFilter.doFilter(OncePerRequestFilter.java:116)
	at org.springframework.test.web.servlet.setup.MockMvcFilterDecorator.doFilter(MockMvcFilterDecorator.java:162)
	at org.springframework.mock.web.MockFilterChain.doFilter(MockFilterChain.java:132)
	at io.sentry.spring.jakarta.SentrySpringFilter.doFilterInternal(SentrySpringFilter.java:76)
	at org.springframework.web.filter.OncePerRequestFilter.doFilter(OncePerRequestFilter.java:116)
	at org.springframework.test.web.servlet.setup.MockMvcFilterDecorator.doFilter(MockMvcFilterDecorator.java:162)
	at org.springframework.mock.web.MockFilterChain.doFilter(MockFilterChain.java:132)
	at org.springframework.test.web.servlet.MockMvc.perform(MockMvc.java:201)
	at de.tum.cit.aet.artemis.core.util.RequestUtilService.performMvcRequest(RequestUtilService.java:79)
	at de.tum.cit.aet.artemis.core.util.RequestUtilService.postWithResponseBodyString(RequestUtilService.java:351)
	at de.tum.cit.aet.artemis.core.util.RequestUtilService.postWithResponseBodyString(RequestUtilService.java:318)
	at de.tum.cit.aet.artemis.core.util.RequestUtilService.postWithResponseBody(RequestUtilService.java:290)
	at de.tum.cit.aet.artemis.core.util.RequestUtilService.postWithResponseBody(RequestUtilService.java:363)
	at de.tum.cit.aet.artemis.core.util.RequestUtilService.postWithResponseBody(RequestUtilService.java:375)
	at de.tum.cit.aet.artemis.core.user.util.UserTestService.createUser_asAdmin_failInExternalVcsUserManagement_internalError(UserTestService.java:575)
	at de.tum.cit.aet.artemis.core.authentication.UserJenkinsGitlabIntegrationTest.createUser_asAdmin_failInExternalVcsUserManagement_internalError(UserJenkinsGitlabIntegrationTest.java:227)
	at java.base/jdk.internal.reflect.DirectMethodHandleAccessor.invoke(DirectMethodHandleAccessor.java:103)
	at java.base/java.lang.reflect.Method.invoke(Method.java:580)
	at org.junit.platform.commons.util.ReflectionUtils.invokeMethod(ReflectionUtils.java:767)
	at org.junit.jupiter.engine.execution.MethodInvocation.proceed(MethodInvocation.java:60)
	at org.junit.jupiter.engine.execution.InvocationInterceptorChain$ValidatingInvocation.proceed(InvocationInterceptorChain.java:131)
	at org.junit.jupiter.engine.extension.TimeoutExtension.intercept(TimeoutExtension.java:156)
	at org.junit.jupiter.engine.extension.TimeoutExtension.interceptTestableMethod(TimeoutExtension.java:147)
	at org.junit.jupiter.engine.extension.TimeoutExtension.interceptTestMethod(TimeoutExtension.java:86)
	at org.junit.jupiter.engine.execution.InterceptingExecutableInvoker$ReflectiveInterceptorCall.lambda$ofVoidMethod$0(InterceptingExecutableInvoker.java:103)
	at org.junit.jupiter.engine.execution.InterceptingExecutableInvoker.lambda$invoke$0(InterceptingExecutableInvoker.java:93)
	at org.junit.jupiter.engine.execution.InvocationInterceptorChain$InterceptedInvocation.proceed(InvocationInterceptorChain.java:106)
	at org.junit.jupiter.engine.execution.InvocationInterceptorChain.proceed(InvocationInterceptorChain.java:64)
	at org.junit.jupiter.engine.execution.InvocationInterceptorChain.chainAndInvoke(InvocationInterceptorChain.java:45)
	at org.junit.jupiter.engine.execution.InvocationInterceptorChain.invoke(InvocationInterceptorChain.java:37)
	at org.junit.jupiter.engine.execution.InterceptingExecutableInvoker.invoke(InterceptingExecutableInvoker.java:92)
	at org.junit.jupiter.engine.execution.InterceptingExecutableInvoker.invoke(InterceptingExecutableInvoker.java:86)
	at org.junit.jupiter.engine.descriptor.TestMethodTestDescriptor.lambda$invokeTestMethod$8(TestMethodTestDescriptor.java:217)
	at org.junit.platform.engine.support.hierarchical.ThrowableCollector.execute(ThrowableCollector.java:73)
	at org.junit.jupiter.engine.descriptor.TestMethodTestDescriptor.invokeTestMethod(TestMethodTestDescriptor.java:213)
	at org.junit.jupiter.engine.descriptor.TestMethodTestDescriptor.execute(TestMethodTestDescriptor.java:138)
	at org.junit.jupiter.engine.descriptor.TestMethodTestDescriptor.execute(TestMethodTestDescriptor.java:68)
	at org.junit.platform.engine.support.hierarchical.NodeTestTask.lambda$executeRecursively$6(NodeTestTask.java:156)
	at org.junit.platform.engine.support.hierarchical.ThrowableCollector.execute(ThrowableCollector.java:73)
	at org.junit.platform.engine.support.hierarchical.NodeTestTask.lambda$executeRecursively$8(NodeTestTask.java:146)
	at org.junit.platform.engine.support.hierarchical.Node.around(Node.java:137)
	at org.junit.platform.engine.support.hierarchical.NodeTestTask.lambda$executeRecursively$9(NodeTestTask.java:144)
	at org.junit.platform.engine.support.hierarchical.ThrowableCollector.execute(ThrowableCollector.java:73)
	at org.junit.platform.engine.support.hierarchical.NodeTestTask.executeRecursively(NodeTestTask.java:143)
	at org.junit.platform.engine.support.hierarchical.NodeTestTask.execute(NodeTestTask.java:100)
	at org.junit.platform.engine.support.hierarchical.ForkJoinPoolHierarchicalTestExecutorService$ExclusiveTask.exec(ForkJoinPoolHierarchicalTestExecutorService.java:274)
	at org.junit.platform.engine.support.hierarchical.ForkJoinPoolHierarchicalTestExecutorService$ExclusiveTask.execSync(ForkJoinPoolHierarchicalTestExecutorService.java:247)
	at org.junit.platform.engine.support.hierarchical.ForkJoinPoolHierarchicalTestExecutorService.executeSync(ForkJoinPoolHierarchicalTestExecutorService.java:194)
	at org.junit.platform.engine.support.hierarchical.ForkJoinPoolHierarchicalTestExecutorService.invokeAll(ForkJoinPoolHierarchicalTestExecutorService.java:166)
	at org.junit.platform.engine.support.hierarchical.NodeTestTask.lambda$executeRecursively$6(NodeTestTask.java:160)
	at org.junit.platform.engine.support.hierarchical.ThrowableCollector.execute(ThrowableCollector.java:73)
	at org.junit.platform.engine.support.hierarchical.NodeTestTask.lambda$executeRecursively$8(NodeTestTask.java:146)
	at org.junit.platform.engine.support.hierarchical.Node.around(Node.java:137)
	at org.junit.platform.engine.support.hierarchical.NodeTestTask.lambda$executeRecursively$9(NodeTestTask.java:144)
	at org.junit.platform.engine.support.hierarchical.ThrowableCollector.execute(ThrowableCollector.java:73)
	at org.junit.platform.engine.support.hierarchical.NodeTestTask.executeRecursively(NodeTestTask.java:143)
	at org.junit.platform.engine.support.hierarchical.NodeTestTask.execute(NodeTestTask.java:100)
	at org.junit.platform.engine.support.hierarchical.ForkJoinPoolHierarchicalTestExecutorService$ExclusiveTask.exec(ForkJoinPoolHierarchicalTestExecutorService.java:274)
	at java.base/java.util.concurrent.ForkJoinTask.doExec(ForkJoinTask.java:387)
	at java.base/java.util.concurrent.ForkJoinPool$WorkQueue.topLevelExec(ForkJoinPool.java:1312)
	at java.base/java.util.concurrent.ForkJoinPool.scan(ForkJoinPool.java:1843)
	at java.base/java.util.concurrent.ForkJoinPool.runWorker(ForkJoinPool.java:1808)
	at java.base/java.util.concurrent.ForkJoinWorkerThread.run(ForkJoinWorkerThread.java:188)
Caused by: org.gitlab4j.api.GitLabApiException: null

  Starting logs for UserJenkinsGitlabIntegrationTest > createUserWithGroupsAlreadyFailsInGitlab()
    23:42:20.659 | 198 Pool-1-worker-91 | DEBUG | d.t.c.a.a.c.u.util.UserUtilService   : Generate 2 students...
    23:42:20.661 | 198 Pool-1-worker-91 | DEBUG | d.t.c.a.a.c.u.util.UserUtilService   : 2 students generated. Generate 1 tutors...
    23:42:20.663 | 198 Pool-1-worker-91 | DEBUG | d.t.c.a.a.c.u.util.UserUtilService   : 1 tutors generated. Generate 1 editors...
    23:42:20.665 | 198 Pool-1-worker-91 | DEBUG | d.t.c.a.a.c.u.util.UserUtilService   : 1 editors generated. Generate 1 instructors...
    23:42:20.667 | 198 Pool-1-worker-91 | DEBUG | d.t.c.a.a.c.u.util.UserUtilService   : 1 instructors generated
    23:42:20.669 | 198 Pool-1-worker-91 | DEBUG | d.t.c.a.a.c.u.util.UserUtilService   : Removing 0 users from all courses...
    23:42:20.669 | 198 Pool-1-worker-91 | DEBUG | d.t.c.a.a.c.u.util.UserUtilService   : Removing 0 users from all courses. Done
    23:42:20.669 | 198 Pool-1-worker-91 | DEBUG | d.t.c.a.a.c.u.util.UserUtilService   : Save 5 users to database...
    23:42:20.673 | 198 Pool-1-worker-91 | DEBUG | d.t.c.a.a.c.u.util.UserUtilService   : Save 5 users to database. Done
    23:42:20.678 | 198 Pool-1-worker-91 | INFO  | i.z.t.d.l.EmbeddedDatabaseReporter   : JDBC URL to connect to 'dataSource': url='jdbc:h2:tcp://localhost:41063/mem:736625c0-cf5e-400d-aeaa-8a7eabd6262b;USER=sa', scope='UserJenkinsGitlabIntegrationTest#createUserWithGroupsAlreadyFailsInGitlab'
    23:42:20.697 | 198 Pool-1-worker-91 | DEBUG | d.t.c.a.a.c.s.f.ApiVersionFilter     : Adding Version to Request POST /api/admin/users
    23:42:20.699 | 198 Pool-1-worker-91 | DEBUG | d.t.c.a.a.c.w.a.AdminUserResource    : REST request to save User : ManagedUserVM{} UserDTO{login='batman', firstName='userjenkstudent1First', lastName='userjenkstudent1Last', email='foobar@tum.com', imageUrl='null', activated=true, langKey='en', createdBy=admin, createdDate=2025-02-14T23:42:20.669891Z, lastModifiedBy='admin', lastModifiedDate=2025-02-14T23:42:20.669891Z, lastNotificationRead=null, authorities=[ROLE_USER]}
    23:42:20.704 | 198 Pool-1-worker-91 | DEBUG | d.t.c.a.a.c.s.u.UserCreationService  : Save user User{login='batman', firstName='userjenkstudent1First', lastName='userjenkstudent1Last', email='foobar@tum.com', imageUrl='null', activated='true', langKey='en', activationKey='null'}
    23:42:20.721 | 198 Pool-1-worker-91 | INFO  | .a.p.s.g.GitLabUserManagementService : Update Gitlab permissions for programming exercises: [null, null, SHORTDA184D9404036043920AC46061569DF9331ETSTEXC, SHORT4D18CB7903AAA049CD0891F00A7F77B5708ATSTEXC, SHORTE6CC1DA70D6B904FCF0AD3E0D4E2DA8018E7TSTEXC, SHORT2929F3C70393604A6A08F0803B79521686FDTSTEXC, SHORT95EE97310304B0435C08EDC0DFB1957C430DTSTEXC, SHORTCB0191F202F5404D7708DC50B0F54FF07D9ATSTEXC, SHORTE823DA4E035B904F250A6CB070A6B897835BTSTEXC, SHORT60AEF9F3062A804B80093E003D8346BCFDC4TSTEXC, SHORT015E8A9B05C69048AA087F40D0CD7F2312FDTSTEXC, SHORTE9ACA8550BFBA044EC08BCA09CE37420D51CTSTEXC, SHORT0D0C100208AE704FA90A38D0246D081FC16BTSTEXC, SHORT17FCEBBF01AB6041EF0B50E0F7F031E5DC15TSTEXC, SHORT3C8083500B4F4049060B86900DECE2E4E215TSTEXC, SHORT2D4D78CB02EB3042890BEC205671442D8CF8TSTEXC, SHORTADD785730E45604F9E0AB420275EF800D7E0TSTEXC, SHORT3C3F5A2208B1A049110ADEE072E577E5654ETSTEXC, SHORTA8CFEDC30EDC804E8508DDC0ACEC623B04A2TSTEXC, SHORTB6ECA2AF03D56044D20850E032D251EBE378TSTEXC, SHORT0B79AF1B0994304249092B00280004BBDC11TSTEXC, SHORTA13D35E50A39B040D108DFF0266C35C2E79DTSTEXC, SHORTDD22B6AD07E2B04F570B79C09AB7523409E8TSTEXC, SHORTC907FB5B0CF690494C0B6770C0E38FA9148ETSTEXC, SHORTA101A11F08EC90446008DED09C0467307EDCTSTEXC, SHORTD60BF4A506298044DF0821308BAC9DC2758ETSTEXC, SHORT804E11A302BD8045DC0A855023748D587851TSTEXC, SHORTC1F0176D037FA042AF0B01E05BB0A9B2E9BETSTEXC, SHORT0C7BCE7C0593B04AB9094D902D8C4BB8750CTSTEXC, SHORTA1002EDA02485040D709DFA024F1B4B414B7TSTEXC, SHORT252B48D702ACA04E7D09D1E026DE0EDBBC57TSTEXC, SHORT15FE276D091C20493D0A7750711FA8A288C4TSTEXC, SHORT04658EE40CF56043A90978F0D7CCEBB734C1TSTEXC, SHORT7CF576DD082A90450A0A82901E8EBFA88A7BTSTEXC, SHORTA972A00F0893B04D6F08C3D034FEB43C0DD8TSTEXC, SHORTC75A50230639D0498808D2F0E8C1A7B58CC5TSTEXC, SHORT3F566B5F0B72404479097E108CAA3BDA1949TSTEXC, SHORT6AAEE3480E5A40453808E8C00464EF5E5AB4TSTEXC, SHORTF7EE08B20B328046340B4AE0AE6603A3ED4FTSTEXC, SHORTB8D3A8190AF6B047CC0A8000C1445A11C533TSTEXC, SHORT13F751CC04C2E045660A7840124C5F74C6FBTSTEXC, SHORT8825F5AC06B80041720B67703B1A4C59180FTSTEXC, SHORT94B3497E0FA8A044F00B60D05C198A08807CTSTEXC, SHORT2AF074880E18F04BE50832D0DB91CC34A794TSTEXC, SHORTADCFB1060E55E048180BB4203D062BCEBD2BTSTEXC, SHORT15D509CE0B7C304FCD099A907183843CD29ATSTEXC, SHORT866495D9024C904D61083A20AFA040BBC5C4TSTEXC, SHORT17C6BEF20460A0439C0822C0CFA7DC22A993TSTEXC, SHORT73663F9D027A004C4D09DD804EB8E2CA7273TSTEXC, SHORTAC8413E208FA4047F30AFAE0C00C3CCA1DD5TSTEXC, SHORT9804F30E05B7C047890921800A2A88028BB3TSTEXC, SHORT923F395608E20042F80A5DB03BB021AE3150TSTEXC, SHORT5B1FAE6C0FF560469C097D40A66462B374ADTSTEXC, SHORT138EF83F0141B04F7E08A5A089903D88581DTSTEXC, SHORT74127E77086E1042F3086F7076A592D1D0C9TSTEXC, SHORT5137C02804236041A30A2E504180F52AF1EETSTEXC, SHORT737ED94E0AE950448F0B4C30C9057D986E44TSTEXC, SHORTA0F19189087D104EA00BD4A0CCC155DBF367TSTEXC]
    23:42:20.721 | 198 Pool-1-worker-91 | INFO  | .a.p.s.g.GitLabUserManagementService : Add member 1 to Gitlab group null
    23:42:20.722 | 198 Pool-1-worker-91 | INFO  | .a.p.s.g.GitLabUserManagementService : Add member 1 to Gitlab group null
    23:42:20.722 | 198 Pool-1-worker-91 | INFO  | .a.p.s.g.GitLabUserManagementService : Add member 1 to Gitlab group SHORTDA184D9404036043920AC46061569DF9331ETSTEXC
    23:42:20.722 | 198 Pool-1-worker-91 | INFO  | .a.p.s.g.GitLabUserManagementService : Add member 1 to Gitlab group SHORT4D18CB7903AAA049CD0891F00A7F77B5708ATSTEXC
    23:42:20.722 | 198 Pool-1-worker-91 | INFO  | .a.p.s.g.GitLabUserManagementService : Add member 1 to Gitlab group SHORTE6CC1DA70D6B904FCF0AD3E0D4E2DA8018E7TSTEXC
    23:42:20.722 | 198 Pool-1-worker-91 | INFO  | .a.p.s.g.GitLabUserManagementService : Add member 1 to Gitlab group SHORT2929F3C70393604A6A08F0803B79521686FDTSTEXC
    23:42:20.723 | 198 Pool-1-worker-91 | INFO  | .a.p.s.g.GitLabUserManagementService : Add member 1 to Gitlab group SHORT95EE97310304B0435C08EDC0DFB1957C430DTSTEXC
    23:42:20.723 | 198 Pool-1-worker-91 | INFO  | .a.p.s.g.GitLabUserManagementService : Add member 1 to Gitlab group SHORTCB0191F202F5404D7708DC50B0F54FF07D9ATSTEXC
    23:42:20.723 | 198 Pool-1-worker-91 | INFO  | .a.p.s.g.GitLabUserManagementService : Add member 1 to Gitlab group SHORTE823DA4E035B904F250A6CB070A6B897835BTSTEXC
    23:42:20.723 | 198 Pool-1-worker-91 | INFO  | .a.p.s.g.GitLabUserManagementService : Add member 1 to Gitlab group SHORT60AEF9F3062A804B80093E003D8346BCFDC4TSTEXC
    23:42:20.723 | 198 Pool-1-worker-91 | INFO  | .a.p.s.g.GitLabUserManagementService : Add member 1 to Gitlab group SHORT015E8A9B05C69048AA087F40D0CD7F2312FDTSTEXC
    23:42:20.723 | 198 Pool-1-worker-91 | INFO  | .a.p.s.g.GitLabUserManagementService : Add member 1 to Gitlab group SHORTE9ACA8550BFBA044EC08BCA09CE37420D51CTSTEXC
    23:42:20.724 | 198 Pool-1-worker-91 | INFO  | .a.p.s.g.GitLabUserManagementService : Add member 1 to Gitlab group SHORT0D0C100208AE704FA90A38D0246D081FC16BTSTEXC
    23:42:20.724 | 198 Pool-1-worker-91 | INFO  | .a.p.s.g.GitLabUserManagementService : Add member 1 to Gitlab group SHORT17FCEBBF01AB6041EF0B50E0F7F031E5DC15TSTEXC
    23:42:20.724 | 198 Pool-1-worker-91 | INFO  | .a.p.s.g.GitLabUserManagementService : Add member 1 to Gitlab group SHORT3C8083500B4F4049060B86900DECE2E4E215TSTEXC
    23:42:20.724 | 198 Pool-1-worker-91 | INFO  | .a.p.s.g.GitLabUserManagementService : Add member 1 to Gitlab group SHORT2D4D78CB02EB3042890BEC205671442D8CF8TSTEXC
    23:42:20.724 | 198 Pool-1-worker-91 | INFO  | .a.p.s.g.GitLabUserManagementService : Add member 1 to Gitlab group SHORTADD785730E45604F9E0AB420275EF800D7E0TSTEXC
    23:42:20.724 | 198 Pool-1-worker-91 | INFO  | .a.p.s.g.GitLabUserManagementService : Add member 1 to Gitlab group SHORT3C3F5A2208B1A049110ADEE072E577E5654ETSTEXC
    23:42:20.725 | 198 Pool-1-worker-91 | INFO  | .a.p.s.g.GitLabUserManagementService : Add member 1 to Gitlab group SHORTA8CFEDC30EDC804E8508DDC0ACEC623B04A2TSTEXC
    23:42:20.725 | 198 Pool-1-worker-91 | INFO  | .a.p.s.g.GitLabUserManagementService : Add member 1 to Gitlab group SHORTB6ECA2AF03D56044D20850E032D251EBE378TSTEXC
    23:42:20.725 | 198 Pool-1-worker-91 | INFO  | .a.p.s.g.GitLabUserManagementService : Add member 1 to Gitlab group SHORT0B79AF1B0994304249092B00280004BBDC11TSTEXC
    23:42:20.725 | 198 Pool-1-worker-91 | INFO  | .a.p.s.g.GitLabUserManagementService : Add member 1 to Gitlab group SHORTA13D35E50A39B040D108DFF0266C35C2E79DTSTEXC
    23:42:20.725 | 198 Pool-1-worker-91 | INFO  | .a.p.s.g.GitLabUserManagementService : Add member 1 to Gitlab group SHORTDD22B6AD07E2B04F570B79C09AB7523409E8TSTEXC
    23:42:20.725 | 198 Pool-1-worker-91 | INFO  | .a.p.s.g.GitLabUserManagementService : Add member 1 to Gitlab group SHORTC907FB5B0CF690494C0B6770C0E38FA9148ETSTEXC
    23:42:20.725 | 198 Pool-1-worker-91 | INFO  | .a.p.s.g.GitLabUserManagementService : Add member 1 to Gitlab group SHORTA101A11F08EC90446008DED09C0467307EDCTSTEXC
    23:42:20.726 | 198 Pool-1-worker-91 | INFO  | .a.p.s.g.GitLabUserManagementService : Add member 1 to Gitlab group SHORTD60BF4A506298044DF0821308BAC9DC2758ETSTEXC
    23:42:20.726 | 198 Pool-1-worker-91 | INFO  | .a.p.s.g.GitLabUserManagementService : Add member 1 to Gitlab group SHORT804E11A302BD8045DC0A855023748D587851TSTEXC
    23:42:20.726 | 198 Pool-1-worker-91 | INFO  | .a.p.s.g.GitLabUserManagementService : Add member 1 to Gitlab group SHORTC1F0176D037FA042AF0B01E05BB0A9B2E9BETSTEXC
    23:42:20.726 | 198 Pool-1-worker-91 | INFO  | .a.p.s.g.GitLabUserManagementService : Add member 1 to Gitlab group SHORT0C7BCE7C0593B04AB9094D902D8C4BB8750CTSTEXC
    23:42:20.726 | 198 Pool-1-worker-91 | INFO  | .a.p.s.g.GitLabUserManagementService : Add member 1 to Gitlab group SHORTA1002EDA02485040D709DFA024F1B4B414B7TSTEXC
    23:42:20.726 | 198 Pool-1-worker-91 | INFO  | .a.p.s.g.GitLabUserManagementService : Add member 1 to Gitlab group SHORT252B48D702ACA04E7D09D1E026DE0EDBBC57TSTEXC
    23:42:20.727 | 198 Pool-1-worker-91 | INFO  | .a.p.s.g.GitLabUserManagementService : Add member 1 to Gitlab group SHORT15FE276D091C20493D0A7750711FA8A288C4TSTEXC
    23:42:20.727 | 198 Pool-1-worker-91 | INFO  | .a.p.s.g.GitLabUserManagementService : Add member 1 to Gitlab group SHORT04658EE40CF56043A90978F0D7CCEBB734C1TSTEXC
    23:42:20.727 | 198 Pool-1-worker-91 | INFO  | .a.p.s.g.GitLabUserManagementService : Add member 1 to Gitlab group SHORT7CF576DD082A90450A0A82901E8EBFA88A7BTSTEXC
    23:42:20.727 | 198 Pool-1-worker-91 | INFO  | .a.p.s.g.GitLabUserManagementService : Add member 1 to Gitlab group SHORTA972A00F0893B04D6F08C3D034FEB43C0DD8TSTEXC
    23:42:20.727 | 198 Pool-1-worker-91 | INFO  | .a.p.s.g.GitLabUserManagementService : Add member 1 to Gitlab group SHORTC75A50230639D0498808D2F0E8C1A7B58CC5TSTEXC
    23:42:20.727 | 198 Pool-1-worker-91 | INFO  | .a.p.s.g.GitLabUserManagementService : Add member 1 to Gitlab group SHORT3F566B5F0B72404479097E108CAA3BDA1949TSTEXC
    23:42:20.728 | 198 Pool-1-worker-91 | INFO  | .a.p.s.g.GitLabUserManagementService : Add member 1 to Gitlab group SHORT6AAEE3480E5A40453808E8C00464EF5E5AB4TSTEXC
    23:42:20.728 | 198 Pool-1-worker-91 | INFO  | .a.p.s.g.GitLabUserManagementService : Add member 1 to Gitlab group SHORTF7EE08B20B328046340B4AE0AE6603A3ED4FTSTEXC
    23:42:20.728 | 198 Pool-1-worker-91 | INFO  | .a.p.s.g.GitLabUserManagementService : Add member 1 to Gitlab group SHORTB8D3A8190AF6B047CC0A8000C1445A11C533TSTEXC
    23:42:20.728 | 198 Pool-1-worker-91 | INFO  | .a.p.s.g.GitLabUserManagementService : Add member 1 to Gitlab group SHORT13F751CC04C2E045660A7840124C5F74C6FBTSTEXC
    23:42:20.728 | 198 Pool-1-worker-91 | INFO  | .a.p.s.g.GitLabUserManagementService : Add member 1 to Gitlab group SHORT8825F5AC06B80041720B67703B1A4C59180FTSTEXC
    23:42:20.728 | 198 Pool-1-worker-91 | INFO  | .a.p.s.g.GitLabUserManagementService : Add member 1 to Gitlab group SHORT94B3497E0FA8A044F00B60D05C198A08807CTSTEXC
    23:42:20.729 | 198 Pool-1-worker-91 | INFO  | .a.p.s.g.GitLabUserManagementService : Add member 1 to Gitlab group SHORT2AF074880E18F04BE50832D0DB91CC34A794TSTEXC
    23:42:20.729 | 198 Pool-1-worker-91 | INFO  | .a.p.s.g.GitLabUserManagementService : Add member 1 to Gitlab group SHORTADCFB1060E55E048180BB4203D062BCEBD2BTSTEXC
    23:42:20.729 | 198 Pool-1-worker-91 | INFO  | .a.p.s.g.GitLabUserManagementService : Add member 1 to Gitlab group SHORT15D509CE0B7C304FCD099A907183843CD29ATSTEXC
    23:42:20.729 | 198 Pool-1-worker-91 | INFO  | .a.p.s.g.GitLabUserManagementService : Add member 1 to Gitlab group SHORT866495D9024C904D61083A20AFA040BBC5C4TSTEXC
    23:42:20.729 | 198 Pool-1-worker-91 | INFO  | .a.p.s.g.GitLabUserManagementService : Add member 1 to Gitlab group SHORT17C6BEF20460A0439C0822C0CFA7DC22A993TSTEXC
    23:42:20.729 | 198 Pool-1-worker-91 | INFO  | .a.p.s.g.GitLabUserManagementService : Add member 1 to Gitlab group SHORT73663F9D027A004C4D09DD804EB8E2CA7273TSTEXC
    23:42:20.729 | 198 Pool-1-worker-91 | INFO  | .a.p.s.g.GitLabUserManagementService : Add member 1 to Gitlab group SHORTAC8413E208FA4047F30AFAE0C00C3CCA1DD5TSTEXC
    23:42:20.729 | 198 Pool-1-worker-91 | INFO  | .a.p.s.g.GitLabUserManagementService : Add member 1 to Gitlab group SHORT9804F30E05B7C047890921800A2A88028BB3TSTEXC
    23:42:20.730 | 198 Pool-1-worker-91 | INFO  | .a.p.s.g.GitLabUserManagementService : Add member 1 to Gitlab group SHORT923F395608E20042F80A5DB03BB021AE3150TSTEXC
    23:42:20.730 | 198 Pool-1-worker-91 | INFO  | .a.p.s.g.GitLabUserManagementService : Add member 1 to Gitlab group SHORT5B1FAE6C0FF560469C097D40A66462B374ADTSTEXC
    23:42:20.730 | 198 Pool-1-worker-91 | INFO  | .a.p.s.g.GitLabUserManagementService : Add member 1 to Gitlab group SHORT138EF83F0141B04F7E08A5A089903D88581DTSTEXC
    23:42:20.730 | 198 Pool-1-worker-91 | INFO  | .a.p.s.g.GitLabUserManagementService : Add member 1 to Gitlab group SHORT74127E77086E1042F3086F7076A592D1D0C9TSTEXC
    23:42:20.730 | 198 Pool-1-worker-91 | INFO  | .a.p.s.g.GitLabUserManagementService : Add member 1 to Gitlab group SHORT5137C02804236041A30A2E504180F52AF1EETSTEXC
    23:42:20.730 | 198 Pool-1-worker-91 | INFO  | .a.p.s.g.GitLabUserManagementService : Add member 1 to Gitlab group SHORT737ED94E0AE950448F0B4C30C9057D986E44TSTEXC
    23:42:20.730 | 198 Pool-1-worker-91 | INFO  | .a.p.s.g.GitLabUserManagementService : Add member 1 to Gitlab group SHORTA0F19189087D104EA00BD4A0CCC155DBF367TSTEXC
    23:42:20.732 | 198 Pool-1-worker-91 | ERROR | o.z.p.spring.common.AdviceTraits     : Internal Server Error
de.tum.cit.aet.artemis.programming.service.gitlab.GitLabException: Error adding new user [1] to group [SHORTA0F19189087D104EA00BD4A0CCC155DBF367TSTEXC]
	at de.tum.cit.aet.artemis.programming.service.gitlab.GitLabUserManagementService.addUserToGroup(GitLabUserManagementService.java:394)
	at java.base/java.util.Optional.ifPresent(Optional.java:178)
	at de.tum.cit.aet.artemis.programming.service.gitlab.GitLabUserManagementService.addUserToGroups(GitLabUserManagementService.java:355)
	at de.tum.cit.aet.artemis.programming.service.gitlab.GitLabUserManagementService.createVcsUser(GitLabUserManagementService.java:63)
	at de.tum.cit.aet.artemis.programming.service.gitlab.GitLabUserManagementService.createVcsUser(GitLabUserManagementService.java:61)
	at de.tum.cit.aet.artemis.core.service.user.UserCreationService.lambda$createUser$0(UserCreationService.java:199)
	at java.base/java.util.Optional.ifPresent(Optional.java:178)
	at de.tum.cit.aet.artemis.core.service.user.UserCreationService.createUser(UserCreationService.java:199)
	at de.tum.cit.aet.artemis.core.web.admin.AdminUserResource.createUser(AdminUserResource.java:128)
	at java.base/jdk.internal.reflect.DirectMethodHandleAccessor.invoke(DirectMethodHandleAccessor.java:103)
	at java.base/java.lang.reflect.Method.invoke(Method.java:580)
	at org.springframework.aop.support.AopUtils.invokeJoinpointUsingReflection(AopUtils.java:359)
	at org.springframework.aop.framework.ReflectiveMethodInvocation.invokeJoinpoint(ReflectiveMethodInvocation.java:196)
	at org.springframework.aop.framework.ReflectiveMethodInvocation.proceed(ReflectiveMethodInvocation.java:163)
	at org.springframework.security.authorization.method.AuthorizationManagerBeforeMethodInterceptor.proceed(AuthorizationManagerBeforeMethodInterceptor.java:268)
	at org.springframework.security.authorization.method.AuthorizationManagerBeforeMethodInterceptor.attemptAuthorization(AuthorizationManagerBeforeMethodInterceptor.java:263)
	at org.springframework.security.authorization.method.AuthorizationManagerBeforeMethodInterceptor.invoke(AuthorizationManagerBeforeMethodInterceptor.java:196)
	at org.springframework.security.config.annotation.method.configuration.DeferringMethodInterceptor.invoke(DeferringMethodInterceptor.java:44)
	at org.springframework.aop.framework.ReflectiveMethodInvocation.proceed(ReflectiveMethodInvocation.java:184)
	at org.springframework.aop.framework.CglibAopProxy$DynamicAdvisedInterceptor.intercept(CglibAopProxy.java:727)
	at de.tum.cit.aet.artemis.core.web.admin.AdminUserResource$$SpringCGLIB$$0.createUser(<generated>)
	at java.base/jdk.internal.reflect.DirectMethodHandleAccessor.invoke(DirectMethodHandleAccessor.java:103)
	at java.base/java.lang.reflect.Method.invoke(Method.java:580)
	at org.springframework.web.method.support.InvocableHandlerMethod.doInvoke(InvocableHandlerMethod.java:257)
	at org.springframework.web.method.support.InvocableHandlerMethod.invokeForRequest(InvocableHandlerMethod.java:190)
	at org.springframework.web.servlet.mvc.method.annotation.ServletInvocableHandlerMethod.invokeAndHandle(ServletInvocableHandlerMethod.java:118)
	at org.springframework.web.servlet.mvc.method.annotation.RequestMappingHandlerAdapter.invokeHandlerMethod(RequestMappingHandlerAdapter.java:986)
	at org.springframework.web.servlet.mvc.method.annotation.RequestMappingHandlerAdapter.handleInternal(RequestMappingHandlerAdapter.java:891)
	at org.springframework.web.servlet.mvc.method.AbstractHandlerMethodAdapter.handle(AbstractHandlerMethodAdapter.java:87)
	at org.springframework.web.servlet.DispatcherServlet.doDispatch(DispatcherServlet.java:1088)
	at org.springframework.web.servlet.DispatcherServlet.doService(DispatcherServlet.java:978)
	at org.springframework.web.servlet.FrameworkServlet.processRequest(FrameworkServlet.java:1014)
	at org.springframework.web.servlet.FrameworkServlet.doPost(FrameworkServlet.java:914)
	at jakarta.servlet.http.HttpServlet.service(HttpServlet.java:547)
	at org.springframework.web.servlet.FrameworkServlet.service(FrameworkServlet.java:885)
	at org.springframework.test.web.servlet.TestDispatcherServlet.service(TestDispatcherServlet.java:72)
	at jakarta.servlet.http.HttpServlet.service(HttpServlet.java:614)
	at org.springframework.mock.web.MockFilterChain$ServletFilterProxy.doFilter(MockFilterChain.java:165)
	at org.springframework.mock.web.MockFilterChain.doFilter(MockFilterChain.java:132)
	at org.springframework.web.filter.OncePerRequestFilter.doFilter(OncePerRequestFilter.java:110)
	at org.springframework.test.web.servlet.setup.MockMvcFilterDecorator.doFilter(MockMvcFilterDecorator.java:162)
	at org.springframework.mock.web.MockFilterChain.doFilter(MockFilterChain.java:132)
	at de.tum.cit.aet.artemis.core.security.filter.ApiVersionFilter.doFilter(ApiVersionFilter.java:55)
	at org.springframework.test.web.servlet.setup.MockMvcFilterDecorator.doFilter(MockMvcFilterDecorator.java:162)
	at org.springframework.mock.web.MockFilterChain.doFilter(MockFilterChain.java:132)
	at io.sentry.spring.jakarta.SentryUserFilter.doFilterInternal(SentryUserFilter.java:56)
	at org.springframework.web.filter.OncePerRequestFilter.doFilter(OncePerRequestFilter.java:116)
	at org.springframework.test.web.servlet.setup.MockMvcFilterDecorator.doFilter(MockMvcFilterDecorator.java:162)
	at org.springframework.mock.web.MockFilterChain.doFilter(MockFilterChain.java:132)
	at org.springframework.web.filter.CompositeFilter$VirtualFilterChain.doFilter(CompositeFilter.java:108)
	at org.springframework.security.web.FilterChainProxy.lambda$doFilterInternal$3(FilterChainProxy.java:231)
	at org.springframework.security.web.ObservationFilterChainDecorator$FilterObservation$SimpleFilterObservation.lambda$wrap$1(ObservationFilterChainDecorator.java:479)
	at org.springframework.security.web.ObservationFilterChainDecorator$AroundFilterObservation$SimpleAroundFilterObservation.lambda$wrap$1(ObservationFilterChainDecorator.java:340)
	at org.springframework.security.web.ObservationFilterChainDecorator.lambda$wrapSecured$0(ObservationFilterChainDecorator.java:82)
	at org.springframework.security.web.ObservationFilterChainDecorator$VirtualFilterChain.doFilter(ObservationFilterChainDecorator.java:128)
	at org.springframework.security.web.access.intercept.AuthorizationFilter.doFilter(AuthorizationFilter.java:101)
	at org.springframework.security.web.ObservationFilterChainDecorator$ObservationFilter.wrapFilter(ObservationFilterChainDecorator.java:240)
	at org.springframework.security.web.ObservationFilterChainDecorator$ObservationFilter.doFilter(ObservationFilterChainDecorator.java:227)
	at org.springframework.security.web.ObservationFilterChainDecorator$VirtualFilterChain.doFilter(ObservationFilterChainDecorator.java:137)
	at org.springframework.security.web.access.ExceptionTranslationFilter.doFilter(ExceptionTranslationFilter.java:126)
	at org.springframework.security.web.access.ExceptionTranslationFilter.doFilter(ExceptionTranslationFilter.java:120)
	at org.springframework.security.web.ObservationFilterChainDecorator$ObservationFilter.wrapFilter(ObservationFilterChainDecorator.java:240)
	at org.springframework.security.web.ObservationFilterChainDecorator$ObservationFilter.doFilter(ObservationFilterChainDecorator.java:227)
	at org.springframework.security.web.ObservationFilterChainDecorator$VirtualFilterChain.doFilter(ObservationFilterChainDecorator.java:137)
	at org.springframework.security.web.session.SessionManagementFilter.doFilter(SessionManagementFilter.java:131)
	at org.springframework.security.web.session.SessionManagementFilter.doFilter(SessionManagementFilter.java:85)
	at org.springframework.security.web.ObservationFilterChainDecorator$ObservationFilter.wrapFilter(ObservationFilterChainDecorator.java:240)
	at org.springframework.security.web.ObservationFilterChainDecorator$ObservationFilter.doFilter(ObservationFilterChainDecorator.java:227)
	at org.springframework.security.web.ObservationFilterChainDecorator$VirtualFilterChain.doFilter(ObservationFilterChainDecorator.java:137)
	at org.springframework.security.web.authentication.AnonymousAuthenticationFilter.doFilter(AnonymousAuthenticationFilter.java:100)
	at org.springframework.security.web.ObservationFilterChainDecorator$ObservationFilter.wrapFilter(ObservationFilterChainDecorator.java:240)
	at org.springframework.security.web.ObservationFilterChainDecorator$ObservationFilter.doFilter(ObservationFilterChainDecorator.java:227)
	at org.springframework.security.web.ObservationFilterChainDecorator$VirtualFilterChain.doFilter(ObservationFilterChainDecorator.java:137)
	at org.springframework.security.web.servletapi.SecurityContextHolderAwareRequestFilter.doFilter(SecurityContextHolderAwareRequestFilter.java:179)
	at org.springframework.security.web.ObservationFilterChainDecorator$ObservationFilter.wrapFilter(ObservationFilterChainDecorator.java:240)
	at org.springframework.security.web.ObservationFilterChainDecorator$ObservationFilter.doFilter(ObservationFilterChainDecorator.java:227)
	at org.springframework.security.web.ObservationFilterChainDecorator$VirtualFilterChain.doFilter(ObservationFilterChainDecorator.java:137)
	at org.springframework.security.web.savedrequest.RequestCacheAwareFilter.doFilter(RequestCacheAwareFilter.java:63)
	at org.springframework.security.web.ObservationFilterChainDecorator$ObservationFilter.wrapFilter(ObservationFilterChainDecorator.java:240)
	at org.springframework.security.web.ObservationFilterChainDecorator$ObservationFilter.doFilter(ObservationFilterChainDecorator.java:227)
	at org.springframework.security.web.ObservationFilterChainDecorator$VirtualFilterChain.doFilter(ObservationFilterChainDecorator.java:137)
	at de.tum.cit.aet.artemis.core.security.filter.SpaWebFilter.doFilterInternal(SpaWebFilter.java:23)
	at org.springframework.web.filter.OncePerRequestFilter.doFilter(OncePerRequestFilter.java:116)
	at org.springframework.security.web.ObservationFilterChainDecorator$ObservationFilter.wrapFilter(ObservationFilterChainDecorator.java:240)
	at org.springframework.security.web.ObservationFilterChainDecorator$ObservationFilter.doFilter(ObservationFilterChainDecorator.java:227)
	at org.springframework.security.web.ObservationFilterChainDecorator$VirtualFilterChain.doFilter(ObservationFilterChainDecorator.java:137)
	at org.springframework.web.filter.OncePerRequestFilter.doFilter(OncePerRequestFilter.java:110)
	at org.springframework.security.web.ObservationFilterChainDecorator$ObservationFilter.wrapFilter(ObservationFilterChainDecorator.java:240)
	at org.springframework.security.web.ObservationFilterChainDecorator$ObservationFilter.doFilter(ObservationFilterChainDecorator.java:227)
	at org.springframework.security.web.ObservationFilterChainDecorator$VirtualFilterChain.doFilter(ObservationFilterChainDecorator.java:137)
	at de.tum.cit.aet.artemis.lti.config.Lti13LaunchFilter.doFilterInternal(Lti13LaunchFilter.java:60)
	at org.springframework.web.filter.OncePerRequestFilter.doFilter(OncePerRequestFilter.java:116)
	at org.springframework.security.web.ObservationFilterChainDecorator$ObservationFilter.wrapFilter(ObservationFilterChainDecorator.java:240)
	at org.springframework.security.web.ObservationFilterChainDecorator$ObservationFilter.doFilter(ObservationFilterChainDecorator.java:227)
	at org.springframework.security.web.ObservationFilterChainDecorator$VirtualFilterChain.doFilter(ObservationFilterChainDecorator.java:137)
	at de.tum.cit.aet.artemis.core.security.jwt.JWTFilter.doFilter(JWTFilter.java:55)
	at org.springframework.security.web.ObservationFilterChainDecorator$ObservationFilter.wrapFilter(ObservationFilterChainDecorator.java:240)
	at org.springframework.security.web.ObservationFilterChainDecorator$ObservationFilter.doFilter(ObservationFilterChainDecorator.java:227)
	at org.springframework.security.web.ObservationFilterChainDecorator$VirtualFilterChain.doFilter(ObservationFilterChainDecorator.java:137)
	at de.tum.cit.aet.artemis.core.security.jwt.JWTFilter.doFilter(JWTFilter.java:55)
	at org.springframework.security.web.ObservationFilterChainDecorator$ObservationFilter.wrapFilter(ObservationFilterChainDecorator.java:240)
	at org.springframework.security.web.ObservationFilterChainDecorator$ObservationFilter.doFilter(ObservationFilterChainDecorator.java:227)
	at org.springframework.security.web.ObservationFilterChainDecorator$VirtualFilterChain.doFilter(ObservationFilterChainDecorator.java:137)
	at org.springframework.web.filter.CorsFilter.doFilterInternal(CorsFilter.java:91)
	at org.springframework.web.filter.OncePerRequestFilter.doFilter(OncePerRequestFilter.java:116)
	at org.springframework.security.web.ObservationFilterChainDecorator$ObservationFilter.wrapFilter(ObservationFilterChainDecorator.java:240)
	at org.springframework.security.web.ObservationFilterChainDecorator$ObservationFilter.doFilter(ObservationFilterChainDecorator.java:227)
	at org.springframework.security.web.ObservationFilterChainDecorator$VirtualFilterChain.doFilter(ObservationFilterChainDecorator.java:137)
	at org.springframework.web.filter.OncePerRequestFilter.doFilter(OncePerRequestFilter.java:110)
	at org.springframework.security.web.ObservationFilterChainDecorator$ObservationFilter.wrapFilter(ObservationFilterChainDecorator.java:240)
	at org.springframework.security.web.ObservationFilterChainDecorator$ObservationFilter.doFilter(ObservationFilterChainDecorator.java:227)
	at org.springframework.security.web.ObservationFilterChainDecorator$VirtualFilterChain.doFilter(ObservationFilterChainDecorator.java:137)
	at uk.ac.ox.ctl.lti13.security.oauth2.client.lti.web.OAuth2AuthorizationRequestRedirectFilter.doFilterInternal(OAuth2AuthorizationRequestRedirectFilter.java:142)
	at org.springframework.web.filter.OncePerRequestFilter.doFilter(OncePerRequestFilter.java:116)
	at org.springframework.security.web.ObservationFilterChainDecorator$ObservationFilter.wrapFilter(ObservationFilterChainDecorator.java:240)
	at org.springframework.security.web.ObservationFilterChainDecorator$ObservationFilter.doFilter(ObservationFilterChainDecorator.java:227)
	at org.springframework.security.web.ObservationFilterChainDecorator$VirtualFilterChain.doFilter(ObservationFilterChainDecorator.java:137)
	at org.springframework.security.web.authentication.logout.LogoutFilter.doFilter(LogoutFilter.java:107)
	at org.springframework.security.web.authentication.logout.LogoutFilter.doFilter(LogoutFilter.java:93)
	at org.springframework.security.web.ObservationFilterChainDecorator$ObservationFilter.wrapFilter(ObservationFilterChainDecorator.java:240)
	at org.springframework.security.web.ObservationFilterChainDecorator$ObservationFilter.doFilter(ObservationFilterChainDecorator.java:227)
	at org.springframework.security.web.ObservationFilterChainDecorator$VirtualFilterChain.doFilter(ObservationFilterChainDecorator.java:137)
	at org.springframework.security.web.header.HeaderWriterFilter.doHeadersAfter(HeaderWriterFilter.java:90)
	at org.springframework.security.web.header.HeaderWriterFilter.doFilterInternal(HeaderWriterFilter.java:75)
	at org.springframework.web.filter.OncePerRequestFilter.doFilter(OncePerRequestFilter.java:116)
	at org.springframework.security.web.ObservationFilterChainDecorator$ObservationFilter.wrapFilter(ObservationFilterChainDecorator.java:240)
	at org.springframework.security.web.ObservationFilterChainDecorator$ObservationFilter.doFilter(ObservationFilterChainDecorator.java:227)
	at org.springframework.security.web.ObservationFilterChainDecorator$VirtualFilterChain.doFilter(ObservationFilterChainDecorator.java:137)
	at org.springframework.security.web.context.SecurityContextHolderFilter.doFilter(SecurityContextHolderFilter.java:82)
	at org.springframework.security.web.context.SecurityContextHolderFilter.doFilter(SecurityContextHolderFilter.java:69)
	at org.springframework.security.web.ObservationFilterChainDecorator$ObservationFilter.wrapFilter(ObservationFilterChainDecorator.java:240)
	at org.springframework.security.web.ObservationFilterChainDecorator$ObservationFilter.doFilter(ObservationFilterChainDecorator.java:227)
	at org.springframework.security.web.ObservationFilterChainDecorator$VirtualFilterChain.doFilter(ObservationFilterChainDecorator.java:137)
	at org.springframework.security.web.context.request.async.WebAsyncManagerIntegrationFilter.doFilterInternal(WebAsyncManagerIntegrationFilter.java:62)
	at org.springframework.web.filter.OncePerRequestFilter.doFilter(OncePerRequestFilter.java:116)
	at org.springframework.security.web.ObservationFilterChainDecorator$ObservationFilter.wrapFilter(ObservationFilterChainDecorator.java:240)
	at org.springframework.security.web.ObservationFilterChainDecorator$ObservationFilter.doFilter(ObservationFilterChainDecorator.java:227)
	at org.springframework.security.web.ObservationFilterChainDecorator$VirtualFilterChain.doFilter(ObservationFilterChainDecorator.java:137)
	at org.springframework.security.web.session.DisableEncodeUrlFilter.doFilterInternal(DisableEncodeUrlFilter.java:42)
	at org.springframework.web.filter.OncePerRequestFilter.doFilter(OncePerRequestFilter.java:116)
	at org.springframework.security.web.ObservationFilterChainDecorator$ObservationFilter.wrapFilter(ObservationFilterChainDecorator.java:240)
	at org.springframework.security.web.ObservationFilterChainDecorator$AroundFilterObservation$SimpleAroundFilterObservation.lambda$wrap$0(ObservationFilterChainDecorator.java:323)
	at org.springframework.security.web.ObservationFilterChainDecorator$ObservationFilter.doFilter(ObservationFilterChainDecorator.java:224)
	at org.springframework.security.web.ObservationFilterChainDecorator$VirtualFilterChain.doFilter(ObservationFilterChainDecorator.java:137)
	at org.springframework.security.web.FilterChainProxy.doFilterInternal(FilterChainProxy.java:233)
	at org.springframework.security.web.FilterChainProxy.doFilter(FilterChainProxy.java:191)
	at org.springframework.web.filter.CompositeFilter$VirtualFilterChain.doFilter(CompositeFilter.java:113)
	at org.springframework.web.servlet.handler.HandlerMappingIntrospector.lambda$createCacheFilter$3(HandlerMappingIntrospector.java:243)
	at org.springframework.web.filter.CompositeFilter$VirtualFilterChain.doFilter(CompositeFilter.java:113)
	at org.springframework.web.filter.CompositeFilter.doFilter(CompositeFilter.java:74)
	at org.springframework.security.config.annotation.web.configuration.WebMvcSecurityConfiguration$CompositeFilterChainProxy.doFilter(WebMvcSecurityConfiguration.java:238)
	at org.springframework.web.filter.DelegatingFilterProxy.invokeDelegate(DelegatingFilterProxy.java:362)
	at org.springframework.web.filter.DelegatingFilterProxy.doFilter(DelegatingFilterProxy.java:278)
	at org.springframework.test.web.servlet.setup.MockMvcFilterDecorator.doFilter(MockMvcFilterDecorator.java:162)
	at org.springframework.mock.web.MockFilterChain.doFilter(MockFilterChain.java:132)
	at org.springframework.web.filter.RequestContextFilter.doFilterInternal(RequestContextFilter.java:100)
	at org.springframework.web.filter.OncePerRequestFilter.doFilter(OncePerRequestFilter.java:116)
	at org.springframework.test.web.servlet.setup.MockMvcFilterDecorator.doFilter(MockMvcFilterDecorator.java:162)
	at org.springframework.mock.web.MockFilterChain.doFilter(MockFilterChain.java:132)
	at org.springframework.web.filter.FormContentFilter.doFilterInternal(FormContentFilter.java:93)
	at org.springframework.web.filter.OncePerRequestFilter.doFilter(OncePerRequestFilter.java:116)
	at org.springframework.test.web.servlet.setup.MockMvcFilterDecorator.doFilter(MockMvcFilterDecorator.java:162)
	at org.springframework.mock.web.MockFilterChain.doFilter(MockFilterChain.java:132)
	at org.springframework.web.filter.ServerHttpObservationFilter.doFilterInternal(ServerHttpObservationFilter.java:114)
	at org.springframework.web.filter.OncePerRequestFilter.doFilter(OncePerRequestFilter.java:116)
	at org.springframework.test.web.servlet.setup.MockMvcFilterDecorator.doFilter(MockMvcFilterDecorator.java:162)
	at org.springframework.mock.web.MockFilterChain.doFilter(MockFilterChain.java:132)
	at io.sentry.spring.jakarta.tracing.SentryTracingFilter.doFilterInternal(SentryTracingFilter.java:91)
	at org.springframework.web.filter.OncePerRequestFilter.doFilter(OncePerRequestFilter.java:116)
	at org.springframework.test.web.servlet.setup.MockMvcFilterDecorator.doFilter(MockMvcFilterDecorator.java:162)
	at org.springframework.mock.web.MockFilterChain.doFilter(MockFilterChain.java:132)
	at org.springframework.web.filter.CharacterEncodingFilter.doFilterInternal(CharacterEncodingFilter.java:201)
	at org.springframework.web.filter.OncePerRequestFilter.doFilter(OncePerRequestFilter.java:116)
	at org.springframework.test.web.servlet.setup.MockMvcFilterDecorator.doFilter(MockMvcFilterDecorator.java:162)
	at org.springframework.mock.web.MockFilterChain.doFilter(MockFilterChain.java:132)
	at io.sentry.spring.jakarta.SentrySpringFilter.doFilterInternal(SentrySpringFilter.java:76)
	at org.springframework.web.filter.OncePerRequestFilter.doFilter(OncePerRequestFilter.java:116)
	at org.springframework.test.web.servlet.setup.MockMvcFilterDecorator.doFilter(MockMvcFilterDecorator.java:162)
	at org.springframework.mock.web.MockFilterChain.doFilter(MockFilterChain.java:132)
	at org.springframework.test.web.servlet.MockMvc.perform(MockMvc.java:201)
	at de.tum.cit.aet.artemis.core.util.RequestUtilService.performMvcRequest(RequestUtilService.java:79)
	at de.tum.cit.aet.artemis.core.util.RequestUtilService.post(RequestUtilService.java:162)
	at de.tum.cit.aet.artemis.core.util.RequestUtilService.post(RequestUtilService.java:150)
	at de.tum.cit.aet.artemis.core.util.RequestUtilService.post(RequestUtilService.java:146)
	at de.tum.cit.aet.artemis.core.authentication.UserJenkinsGitlabIntegrationTest.createUserWithGroupsAlreadyFailsInGitlab(UserJenkinsGitlabIntegrationTest.java:392)
	at java.base/jdk.internal.reflect.DirectMethodHandleAccessor.invoke(DirectMethodHandleAccessor.java:103)
	at java.base/java.lang.reflect.Method.invoke(Method.java:580)
	at org.junit.platform.commons.util.ReflectionUtils.invokeMethod(ReflectionUtils.java:767)
	at org.junit.jupiter.engine.execution.MethodInvocation.proceed(MethodInvocation.java:60)
	at org.junit.jupiter.engine.execution.InvocationInterceptorChain$ValidatingInvocation.proceed(InvocationInterceptorChain.java:131)
	at org.junit.jupiter.engine.extension.TimeoutExtension.intercept(TimeoutExtension.java:156)
	at org.junit.jupiter.engine.extension.TimeoutExtension.interceptTestableMethod(TimeoutExtension.java:147)
	at org.junit.jupiter.engine.extension.TimeoutExtension.interceptTestMethod(TimeoutExtension.java:86)
	at org.junit.jupiter.engine.execution.InterceptingExecutableInvoker$ReflectiveInterceptorCall.lambda$ofVoidMethod$0(InterceptingExecutableInvoker.java:103)
	at org.junit.jupiter.engine.execution.InterceptingExecutableInvoker.lambda$invoke$0(InterceptingExecutableInvoker.java:93)
	at org.junit.jupiter.engine.execution.InvocationInterceptorChain$InterceptedInvocation.proceed(InvocationInterceptorChain.java:106)
	at org.junit.jupiter.engine.execution.InvocationInterceptorChain.proceed(InvocationInterceptorChain.java:64)
	at org.junit.jupiter.engine.execution.InvocationInterceptorChain.chainAndInvoke(InvocationInterceptorChain.java:45)
	at org.junit.jupiter.engine.execution.InvocationInterceptorChain.invoke(InvocationInterceptorChain.java:37)
	at org.junit.jupiter.engine.execution.InterceptingExecutableInvoker.invoke(InterceptingExecutableInvoker.java:92)
	at org.junit.jupiter.engine.execution.InterceptingExecutableInvoker.invoke(InterceptingExecutableInvoker.java:86)
	at org.junit.jupiter.engine.descriptor.TestMethodTestDescriptor.lambda$invokeTestMethod$8(TestMethodTestDescriptor.java:217)
	at org.junit.platform.engine.support.hierarchical.ThrowableCollector.execute(ThrowableCollector.java:73)
	at org.junit.jupiter.engine.descriptor.TestMethodTestDescriptor.invokeTestMethod(TestMethodTestDescriptor.java:213)
	at org.junit.jupiter.engine.descriptor.TestMethodTestDescriptor.execute(TestMethodTestDescriptor.java:138)
	at org.junit.jupiter.engine.descriptor.TestMethodTestDescriptor.execute(TestMethodTestDescriptor.java:68)
	at org.junit.platform.engine.support.hierarchical.NodeTestTask.lambda$executeRecursively$6(NodeTestTask.java:156)
	at org.junit.platform.engine.support.hierarchical.ThrowableCollector.execute(ThrowableCollector.java:73)
	at org.junit.platform.engine.support.hierarchical.NodeTestTask.lambda$executeRecursively$8(NodeTestTask.java:146)
	at org.junit.platform.engine.support.hierarchical.Node.around(Node.java:137)
	at org.junit.platform.engine.support.hierarchical.NodeTestTask.lambda$executeRecursively$9(NodeTestTask.java:144)
	at org.junit.platform.engine.support.hierarchical.ThrowableCollector.execute(ThrowableCollector.java:73)
	at org.junit.platform.engine.support.hierarchical.NodeTestTask.executeRecursively(NodeTestTask.java:143)
	at org.junit.platform.engine.support.hierarchical.NodeTestTask.execute(NodeTestTask.java:100)
	at org.junit.platform.engine.support.hierarchical.ForkJoinPoolHierarchicalTestExecutorService$ExclusiveTask.exec(ForkJoinPoolHierarchicalTestExecutorService.java:274)
	at org.junit.platform.engine.support.hierarchical.ForkJoinPoolHierarchicalTestExecutorService$ExclusiveTask.execSync(ForkJoinPoolHierarchicalTestExecutorService.java:247)
	at org.junit.platform.engine.support.hierarchical.ForkJoinPoolHierarchicalTestExecutorService.executeSync(ForkJoinPoolHierarchicalTestExecutorService.java:194)
	at org.junit.platform.engine.support.hierarchical.ForkJoinPoolHierarchicalTestExecutorService.invokeAll(ForkJoinPoolHierarchicalTestExecutorService.java:166)
	at org.junit.platform.engine.support.hierarchical.NodeTestTask.lambda$executeRecursively$6(NodeTestTask.java:160)
	at org.junit.platform.engine.support.hierarchical.ThrowableCollector.execute(ThrowableCollector.java:73)
	at org.junit.platform.engine.support.hierarchical.NodeTestTask.lambda$executeRecursively$8(NodeTestTask.java:146)
	at org.junit.platform.engine.support.hierarchical.Node.around(Node.java:137)
	at org.junit.platform.engine.support.hierarchical.NodeTestTask.lambda$executeRecursively$9(NodeTestTask.java:144)
	at org.junit.platform.engine.support.hierarchical.ThrowableCollector.execute(ThrowableCollector.java:73)
	at org.junit.platform.engine.support.hierarchical.NodeTestTask.executeRecursively(NodeTestTask.java:143)
	at org.junit.platform.engine.support.hierarchical.NodeTestTask.execute(NodeTestTask.java:100)
	at org.junit.platform.engine.support.hierarchical.ForkJoinPoolHierarchicalTestExecutorService$ExclusiveTask.exec(ForkJoinPoolHierarchicalTestExecutorService.java:274)
	at java.base/java.util.concurrent.ForkJoinTask.doExec(ForkJoinTask.java:387)
	at java.base/java.util.concurrent.ForkJoinPool$WorkQueue.topLevelExec(ForkJoinPool.java:1312)
	at java.base/java.util.concurrent.ForkJoinPool.scan(ForkJoinPool.java:1843)
	at java.base/java.util.concurrent.ForkJoinPool.runWorker(ForkJoinPool.java:1808)
	at java.base/java.util.concurrent.ForkJoinWorkerThread.run(ForkJoinWorkerThread.java:188)
Caused by: org.gitlab4j.api.GitLabApiException: Oh no
	at org.gitlab4j.api.GroupApi.addMember(GroupApi.java:1206)
	at de.tum.cit.aet.artemis.programming.service.gitlab.GitLabUserManagementService.addUserToGroup(GitLabUserManagementService.java:383)
	at de.tum.cit.aet.artemis.programming.service.gitlab.GitLabUserManagementService.lambda$addUserToGroups$2(GitLabUserManagementService.java:355)
	... 231 common frames omitted

  Starting logs for UserJenkinsGitlabIntegrationTest > shouldFailIfCannotUpdateActivatedUserInGitlab()
    23:42:20.763 | 198 Pool-1-worker-91 | DEBUG | d.t.c.a.a.c.u.util.UserUtilService   : Generate 2 students...
    23:42:20.765 | 198 Pool-1-worker-91 | DEBUG | d.t.c.a.a.c.u.util.UserUtilService   : 2 students generated. Generate 1 tutors...
    23:42:20.767 | 198 Pool-1-worker-91 | DEBUG | d.t.c.a.a.c.u.util.UserUtilService   : 1 tutors generated. Generate 1 editors...
    23:42:20.769 | 198 Pool-1-worker-91 | DEBUG | d.t.c.a.a.c.u.util.UserUtilService   : 1 editors generated. Generate 1 instructors...
    23:42:20.771 | 198 Pool-1-worker-91 | DEBUG | d.t.c.a.a.c.u.util.UserUtilService   : 1 instructors generated
    23:42:20.773 | 198 Pool-1-worker-91 | DEBUG | d.t.c.a.a.c.u.util.UserUtilService   : Removing 0 users from all courses...
    23:42:20.773 | 198 Pool-1-worker-91 | DEBUG | d.t.c.a.a.c.u.util.UserUtilService   : Removing 0 users from all courses. Done
    23:42:20.773 | 198 Pool-1-worker-91 | DEBUG | d.t.c.a.a.c.u.util.UserUtilService   : Save 5 users to database...
    23:42:20.777 | 198 Pool-1-worker-91 | DEBUG | d.t.c.a.a.c.u.util.UserUtilService   : Save 5 users to database. Done
    23:42:20.783 | 198 Pool-1-worker-91 | INFO  | i.z.t.d.l.EmbeddedDatabaseReporter   : JDBC URL to connect to 'dataSource': url='jdbc:h2:tcp://localhost:41063/mem:736625c0-cf5e-400d-aeaa-8a7eabd6262b;USER=sa', scope='UserJenkinsGitlabIntegrationTest#shouldFailIfCannotUpdateActivatedUserInGitlab'
    23:42:20.791 | 198 Pool-1-worker-91 | DEBUG | d.t.c.a.a.c.s.f.ApiVersionFilter     : Adding Version to Request PUT /api/admin/users
    23:42:20.792 | 198 Pool-1-worker-91 | DEBUG | d.t.c.a.a.c.w.a.AdminUserResource    : REST request to update User : ManagedUserVM{} UserDTO{login='new-login', firstName='userjenkstudent1First', lastName='userjenkstudent1Last', email='userjenkstudent1@test.de', imageUrl='null', activated=true, langKey='en', createdBy=admin, createdDate=2025-02-14T23:42:20.773888Z, lastModifiedBy='admin', lastModifiedDate=2025-02-14T23:42:20.773888Z, lastNotificationRead=null, authorities=[ROLE_USER]}
    23:42:20.797 | 198 Pool-1-worker-91 | DEBUG | d.t.c.a.a.c.s.u.UserCreationService  : Changed Information for User: User{login='new-login', firstName='userjenkstudent1First', lastName='userjenkstudent1Last', email='userjenkstudent1@test.de', imageUrl='null', activated='true', langKey='en', activationKey='null'}
    23:42:20.798 | 198 Pool-1-worker-91 | DEBUG | d.t.c.a.a.c.s.u.UserCreationService  : Save user User{login='new-login', firstName='userjenkstudent1First', lastName='userjenkstudent1Last', email='userjenkstudent1@test.de', imageUrl='null', activated='true', langKey='en', activationKey='null'}
    23:42:20.801 | 198 Pool-1-worker-91 | ERROR | o.z.p.spring.common.AdviceTraits     : Internal Server Error
de.tum.cit.aet.artemis.programming.service.gitlab.GitLabException: Error while trying to update user in GitLab: User{login='new-login', firstName='userjenkstudent1First', lastName='userjenkstudent1Last', email='userjenkstudent1@test.de', imageUrl='null', activated='true', langKey='en', activationKey='null'}
	at de.tum.cit.aet.artemis.programming.service.gitlab.GitLabUserManagementService.updateVcsUser(GitLabUserManagementService.java:83)
	at de.tum.cit.aet.artemis.programming.service.gitlab.GitLabUserManagementService.updateVcsUser(GitLabUserManagementService.java:69)
	at de.tum.cit.aet.artemis.core.service.user.UserService.lambda$updateUserInConnectorsAndAuthProvider$13(UserService.java:463)
	at java.base/java.util.Optional.ifPresent(Optional.java:178)
	at de.tum.cit.aet.artemis.core.service.user.UserService.updateUserInConnectorsAndAuthProvider(UserService.java:463)
	at de.tum.cit.aet.artemis.core.web.admin.AdminUserResource.updateUser(AdminUserResource.java:166)
	at java.base/jdk.internal.reflect.DirectMethodHandleAccessor.invoke(DirectMethodHandleAccessor.java:103)
	at java.base/java.lang.reflect.Method.invoke(Method.java:580)
	at org.springframework.aop.support.AopUtils.invokeJoinpointUsingReflection(AopUtils.java:359)
	at org.springframework.aop.framework.ReflectiveMethodInvocation.invokeJoinpoint(ReflectiveMethodInvocation.java:196)
	at org.springframework.aop.framework.ReflectiveMethodInvocation.proceed(ReflectiveMethodInvocation.java:163)
	at org.springframework.security.authorization.method.AuthorizationManagerBeforeMethodInterceptor.proceed(AuthorizationManagerBeforeMethodInterceptor.java:268)
	at org.springframework.security.authorization.method.AuthorizationManagerBeforeMethodInterceptor.attemptAuthorization(AuthorizationManagerBeforeMethodInterceptor.java:263)
	at org.springframework.security.authorization.method.AuthorizationManagerBeforeMethodInterceptor.invoke(AuthorizationManagerBeforeMethodInterceptor.java:196)
	at org.springframework.security.config.annotation.method.configuration.DeferringMethodInterceptor.invoke(DeferringMethodInterceptor.java:44)
	at org.springframework.aop.framework.ReflectiveMethodInvocation.proceed(ReflectiveMethodInvocation.java:184)
	at org.springframework.aop.framework.CglibAopProxy$DynamicAdvisedInterceptor.intercept(CglibAopProxy.java:727)
	at de.tum.cit.aet.artemis.core.web.admin.AdminUserResource$$SpringCGLIB$$0.updateUser(<generated>)
	at java.base/jdk.internal.reflect.DirectMethodHandleAccessor.invoke(DirectMethodHandleAccessor.java:103)
	at java.base/java.lang.reflect.Method.invoke(Method.java:580)
	at org.springframework.web.method.support.InvocableHandlerMethod.doInvoke(InvocableHandlerMethod.java:257)
	at org.springframework.web.method.support.InvocableHandlerMethod.invokeForRequest(InvocableHandlerMethod.java:190)
	at org.springframework.web.servlet.mvc.method.annotation.ServletInvocableHandlerMethod.invokeAndHandle(ServletInvocableHandlerMethod.java:118)
	at org.springframework.web.servlet.mvc.method.annotation.RequestMappingHandlerAdapter.invokeHandlerMethod(RequestMappingHandlerAdapter.java:986)
	at org.springframework.web.servlet.mvc.method.annotation.RequestMappingHandlerAdapter.handleInternal(RequestMappingHandlerAdapter.java:891)
	at org.springframework.web.servlet.mvc.method.AbstractHandlerMethodAdapter.handle(AbstractHandlerMethodAdapter.java:87)
	at org.springframework.web.servlet.DispatcherServlet.doDispatch(DispatcherServlet.java:1088)
	at org.springframework.web.servlet.DispatcherServlet.doService(DispatcherServlet.java:978)
	at org.springframework.web.servlet.FrameworkServlet.processRequest(FrameworkServlet.java:1014)
	at org.springframework.web.servlet.FrameworkServlet.doPut(FrameworkServlet.java:925)
	at jakarta.servlet.http.HttpServlet.service(HttpServlet.java:550)
	at org.springframework.web.servlet.FrameworkServlet.service(FrameworkServlet.java:885)
	at org.springframework.test.web.servlet.TestDispatcherServlet.service(TestDispatcherServlet.java:72)
	at jakarta.servlet.http.HttpServlet.service(HttpServlet.java:614)
	at org.springframework.mock.web.MockFilterChain$ServletFilterProxy.doFilter(MockFilterChain.java:165)
	at org.springframework.mock.web.MockFilterChain.doFilter(MockFilterChain.java:132)
	at org.springframework.web.filter.OncePerRequestFilter.doFilter(OncePerRequestFilter.java:110)
	at org.springframework.test.web.servlet.setup.MockMvcFilterDecorator.doFilter(MockMvcFilterDecorator.java:162)
	at org.springframework.mock.web.MockFilterChain.doFilter(MockFilterChain.java:132)
	at de.tum.cit.aet.artemis.core.security.filter.ApiVersionFilter.doFilter(ApiVersionFilter.java:55)
	at org.springframework.test.web.servlet.setup.MockMvcFilterDecorator.doFilter(MockMvcFilterDecorator.java:162)
	at org.springframework.mock.web.MockFilterChain.doFilter(MockFilterChain.java:132)
	at io.sentry.spring.jakarta.SentryUserFilter.doFilterInternal(SentryUserFilter.java:56)
	at org.springframework.web.filter.OncePerRequestFilter.doFilter(OncePerRequestFilter.java:116)
	at org.springframework.test.web.servlet.setup.MockMvcFilterDecorator.doFilter(MockMvcFilterDecorator.java:162)
	at org.springframework.mock.web.MockFilterChain.doFilter(MockFilterChain.java:132)
	at org.springframework.web.filter.CompositeFilter$VirtualFilterChain.doFilter(CompositeFilter.java:108)
	at org.springframework.security.web.FilterChainProxy.lambda$doFilterInternal$3(FilterChainProxy.java:231)
	at org.springframework.security.web.ObservationFilterChainDecorator$FilterObservation$SimpleFilterObservation.lambda$wrap$1(ObservationFilterChainDecorator.java:479)
	at org.springframework.security.web.ObservationFilterChainDecorator$AroundFilterObservation$SimpleAroundFilterObservation.lambda$wrap$1(ObservationFilterChainDecorator.java:340)
	at org.springframework.security.web.ObservationFilterChainDecorator.lambda$wrapSecured$0(ObservationFilterChainDecorator.java:82)
	at org.springframework.security.web.ObservationFilterChainDecorator$VirtualFilterChain.doFilter(ObservationFilterChainDecorator.java:128)
	at org.springframework.security.web.access.intercept.AuthorizationFilter.doFilter(AuthorizationFilter.java:101)
	at org.springframework.security.web.ObservationFilterChainDecorator$ObservationFilter.wrapFilter(ObservationFilterChainDecorator.java:240)
	at org.springframework.security.web.ObservationFilterChainDecorator$ObservationFilter.doFilter(ObservationFilterChainDecorator.java:227)
	at org.springframework.security.web.ObservationFilterChainDecorator$VirtualFilterChain.doFilter(ObservationFilterChainDecorator.java:137)
	at org.springframework.security.web.access.ExceptionTranslationFilter.doFilter(ExceptionTranslationFilter.java:126)
	at org.springframework.security.web.access.ExceptionTranslationFilter.doFilter(ExceptionTranslationFilter.java:120)
	at org.springframework.security.web.ObservationFilterChainDecorator$ObservationFilter.wrapFilter(ObservationFilterChainDecorator.java:240)
	at org.springframework.security.web.ObservationFilterChainDecorator$ObservationFilter.doFilter(ObservationFilterChainDecorator.java:227)
	at org.springframework.security.web.ObservationFilterChainDecorator$VirtualFilterChain.doFilter(ObservationFilterChainDecorator.java:137)
	at org.springframework.security.web.session.SessionManagementFilter.doFilter(SessionManagementFilter.java:131)
	at org.springframework.security.web.session.SessionManagementFilter.doFilter(SessionManagementFilter.java:85)
	at org.springframework.security.web.ObservationFilterChainDecorator$ObservationFilter.wrapFilter(ObservationFilterChainDecorator.java:240)
	at org.springframework.security.web.ObservationFilterChainDecorator$ObservationFilter.doFilter(ObservationFilterChainDecorator.java:227)
	at org.springframework.security.web.ObservationFilterChainDecorator$VirtualFilterChain.doFilter(ObservationFilterChainDecorator.java:137)
	at org.springframework.security.web.authentication.AnonymousAuthenticationFilter.doFilter(AnonymousAuthenticationFilter.java:100)
	at org.springframework.security.web.ObservationFilterChainDecorator$ObservationFilter.wrapFilter(ObservationFilterChainDecorator.java:240)
	at org.springframework.security.web.ObservationFilterChainDecorator$ObservationFilter.doFilter(ObservationFilterChainDecorator.java:227)
	at org.springframework.security.web.ObservationFilterChainDecorator$VirtualFilterChain.doFilter(ObservationFilterChainDecorator.java:137)
	at org.springframework.security.web.servletapi.SecurityContextHolderAwareRequestFilter.doFilter(SecurityContextHolderAwareRequestFilter.java:179)
	at org.springframework.security.web.ObservationFilterChainDecorator$ObservationFilter.wrapFilter(ObservationFilterChainDecorator.java:240)
	at org.springframework.security.web.ObservationFilterChainDecorator$ObservationFilter.doFilter(ObservationFilterChainDecorator.java:227)
	at org.springframework.security.web.ObservationFilterChainDecorator$VirtualFilterChain.doFilter(ObservationFilterChainDecorator.java:137)
	at org.springframework.security.web.savedrequest.RequestCacheAwareFilter.doFilter(RequestCacheAwareFilter.java:63)
	at org.springframework.security.web.ObservationFilterChainDecorator$ObservationFilter.wrapFilter(ObservationFilterChainDecorator.java:240)
	at org.springframework.security.web.ObservationFilterChainDecorator$ObservationFilter.doFilter(ObservationFilterChainDecorator.java:227)
	at org.springframework.security.web.ObservationFilterChainDecorator$VirtualFilterChain.doFilter(ObservationFilterChainDecorator.java:137)
	at de.tum.cit.aet.artemis.core.security.filter.SpaWebFilter.doFilterInternal(SpaWebFilter.java:23)
	at org.springframework.web.filter.OncePerRequestFilter.doFilter(OncePerRequestFilter.java:116)
	at org.springframework.security.web.ObservationFilterChainDecorator$ObservationFilter.wrapFilter(ObservationFilterChainDecorator.java:240)
	at org.springframework.security.web.ObservationFilterChainDecorator$ObservationFilter.doFilter(ObservationFilterChainDecorator.java:227)
	at org.springframework.security.web.ObservationFilterChainDecorator$VirtualFilterChain.doFilter(ObservationFilterChainDecorator.java:137)
	at org.springframework.web.filter.OncePerRequestFilter.doFilter(OncePerRequestFilter.java:110)
	at org.springframework.security.web.ObservationFilterChainDecorator$ObservationFilter.wrapFilter(ObservationFilterChainDecorator.java:240)
	at org.springframework.security.web.ObservationFilterChainDecorator$ObservationFilter.doFilter(ObservationFilterChainDecorator.java:227)
	at org.springframework.security.web.ObservationFilterChainDecorator$VirtualFilterChain.doFilter(ObservationFilterChainDecorator.java:137)
	at de.tum.cit.aet.artemis.lti.config.Lti13LaunchFilter.doFilterInternal(Lti13LaunchFilter.java:60)
	at org.springframework.web.filter.OncePerRequestFilter.doFilter(OncePerRequestFilter.java:116)
	at org.springframework.security.web.ObservationFilterChainDecorator$ObservationFilter.wrapFilter(ObservationFilterChainDecorator.java:240)
	at org.springframework.security.web.ObservationFilterChainDecorator$ObservationFilter.doFilter(ObservationFilterChainDecorator.java:227)
	at org.springframework.security.web.ObservationFilterChainDecorator$VirtualFilterChain.doFilter(ObservationFilterChainDecorator.java:137)
	at de.tum.cit.aet.artemis.core.security.jwt.JWTFilter.doFilter(JWTFilter.java:55)
	at org.springframework.security.web.ObservationFilterChainDecorator$ObservationFilter.wrapFilter(ObservationFilterChainDecorator.java:240)
	at org.springframework.security.web.ObservationFilterChainDecorator$ObservationFilter.doFilter(ObservationFilterChainDecorator.java:227)
	at org.springframework.security.web.ObservationFilterChainDecorator$VirtualFilterChain.doFilter(ObservationFilterChainDecorator.java:137)
	at de.tum.cit.aet.artemis.core.security.jwt.JWTFilter.doFilter(JWTFilter.java:55)
	at org.springframework.security.web.ObservationFilterChainDecorator$ObservationFilter.wrapFilter(ObservationFilterChainDecorator.java:240)
	at org.springframework.security.web.ObservationFilterChainDecorator$ObservationFilter.doFilter(ObservationFilterChainDecorator.java:227)
	at org.springframework.security.web.ObservationFilterChainDecorator$VirtualFilterChain.doFilter(ObservationFilterChainDecorator.java:137)
	at org.springframework.web.filter.CorsFilter.doFilterInternal(CorsFilter.java:91)
	at org.springframework.web.filter.OncePerRequestFilter.doFilter(OncePerRequestFilter.java:116)
	at org.springframework.security.web.ObservationFilterChainDecorator$ObservationFilter.wrapFilter(ObservationFilterChainDecorator.java:240)
	at org.springframework.security.web.ObservationFilterChainDecorator$ObservationFilter.doFilter(ObservationFilterChainDecorator.java:227)
	at org.springframework.security.web.ObservationFilterChainDecorator$VirtualFilterChain.doFilter(ObservationFilterChainDecorator.java:137)
	at org.springframework.web.filter.OncePerRequestFilter.doFilter(OncePerRequestFilter.java:110)
	at org.springframework.security.web.ObservationFilterChainDecorator$ObservationFilter.wrapFilter(ObservationFilterChainDecorator.java:240)
	at org.springframework.security.web.ObservationFilterChainDecorator$ObservationFilter.doFilter(ObservationFilterChainDecorator.java:227)
	at org.springframework.security.web.ObservationFilterChainDecorator$VirtualFilterChain.doFilter(ObservationFilterChainDecorator.java:137)
	at uk.ac.ox.ctl.lti13.security.oauth2.client.lti.web.OAuth2AuthorizationRequestRedirectFilter.doFilterInternal(OAuth2AuthorizationRequestRedirectFilter.java:142)
	at org.springframework.web.filter.OncePerRequestFilter.doFilter(OncePerRequestFilter.java:116)
	at org.springframework.security.web.ObservationFilterChainDecorator$ObservationFilter.wrapFilter(ObservationFilterChainDecorator.java:240)
	at org.springframework.security.web.ObservationFilterChainDecorator$ObservationFilter.doFilter(ObservationFilterChainDecorator.java:227)
	at org.springframework.security.web.ObservationFilterChainDecorator$VirtualFilterChain.doFilter(ObservationFilterChainDecorator.java:137)
	at org.springframework.security.web.authentication.logout.LogoutFilter.doFilter(LogoutFilter.java:107)
	at org.springframework.security.web.authentication.logout.LogoutFilter.doFilter(LogoutFilter.java:93)
	at org.springframework.security.web.ObservationFilterChainDecorator$ObservationFilter.wrapFilter(ObservationFilterChainDecorator.java:240)
	at org.springframework.security.web.ObservationFilterChainDecorator$ObservationFilter.doFilter(ObservationFilterChainDecorator.java:227)
	at org.springframework.security.web.ObservationFilterChainDecorator$VirtualFilterChain.doFilter(ObservationFilterChainDecorator.java:137)
	at org.springframework.security.web.header.HeaderWriterFilter.doHeadersAfter(HeaderWriterFilter.java:90)
	at org.springframework.security.web.header.HeaderWriterFilter.doFilterInternal(HeaderWriterFilter.java:75)
	at org.springframework.web.filter.OncePerRequestFilter.doFilter(OncePerRequestFilter.java:116)
	at org.springframework.security.web.ObservationFilterChainDecorator$ObservationFilter.wrapFilter(ObservationFilterChainDecorator.java:240)
	at org.springframework.security.web.ObservationFilterChainDecorator$ObservationFilter.doFilter(ObservationFilterChainDecorator.java:227)
	at org.springframework.security.web.ObservationFilterChainDecorator$VirtualFilterChain.doFilter(ObservationFilterChainDecorator.java:137)
	at org.springframework.security.web.context.SecurityContextHolderFilter.doFilter(SecurityContextHolderFilter.java:82)
	at org.springframework.security.web.context.SecurityContextHolderFilter.doFilter(SecurityContextHolderFilter.java:69)
	at org.springframework.security.web.ObservationFilterChainDecorator$ObservationFilter.wrapFilter(ObservationFilterChainDecorator.java:240)
	at org.springframework.security.web.ObservationFilterChainDecorator$ObservationFilter.doFilter(ObservationFilterChainDecorator.java:227)
	at org.springframework.security.web.ObservationFilterChainDecorator$VirtualFilterChain.doFilter(ObservationFilterChainDecorator.java:137)
	at org.springframework.security.web.context.request.async.WebAsyncManagerIntegrationFilter.doFilterInternal(WebAsyncManagerIntegrationFilter.java:62)
	at org.springframework.web.filter.OncePerRequestFilter.doFilter(OncePerRequestFilter.java:116)
	at org.springframework.security.web.ObservationFilterChainDecorator$ObservationFilter.wrapFilter(ObservationFilterChainDecorator.java:240)
	at org.springframework.security.web.ObservationFilterChainDecorator$ObservationFilter.doFilter(ObservationFilterChainDecorator.java:227)
	at org.springframework.security.web.ObservationFilterChainDecorator$VirtualFilterChain.doFilter(ObservationFilterChainDecorator.java:137)
	at org.springframework.security.web.session.DisableEncodeUrlFilter.doFilterInternal(DisableEncodeUrlFilter.java:42)
	at org.springframework.web.filter.OncePerRequestFilter.doFilter(OncePerRequestFilter.java:116)
	at org.springframework.security.web.ObservationFilterChainDecorator$ObservationFilter.wrapFilter(ObservationFilterChainDecorator.java:240)
	at org.springframework.security.web.ObservationFilterChainDecorator$AroundFilterObservation$SimpleAroundFilterObservation.lambda$wrap$0(ObservationFilterChainDecorator.java:323)
	at org.springframework.security.web.ObservationFilterChainDecorator$ObservationFilter.doFilter(ObservationFilterChainDecorator.java:224)
	at org.springframework.security.web.ObservationFilterChainDecorator$VirtualFilterChain.doFilter(ObservationFilterChainDecorator.java:137)
	at org.springframework.security.web.FilterChainProxy.doFilterInternal(FilterChainProxy.java:233)
	at org.springframework.security.web.FilterChainProxy.doFilter(FilterChainProxy.java:191)
	at org.springframework.web.filter.CompositeFilter$VirtualFilterChain.doFilter(CompositeFilter.java:113)
	at org.springframework.web.servlet.handler.HandlerMappingIntrospector.lambda$createCacheFilter$3(HandlerMappingIntrospector.java:243)
	at org.springframework.web.filter.CompositeFilter$VirtualFilterChain.doFilter(CompositeFilter.java:113)
	at org.springframework.web.filter.CompositeFilter.doFilter(CompositeFilter.java:74)
	at org.springframework.security.config.annotation.web.configuration.WebMvcSecurityConfiguration$CompositeFilterChainProxy.doFilter(WebMvcSecurityConfiguration.java:238)
	at org.springframework.web.filter.DelegatingFilterProxy.invokeDelegate(DelegatingFilterProxy.java:362)
	at org.springframework.web.filter.DelegatingFilterProxy.doFilter(DelegatingFilterProxy.java:278)
	at org.springframework.test.web.servlet.setup.MockMvcFilterDecorator.doFilter(MockMvcFilterDecorator.java:162)
	at org.springframework.mock.web.MockFilterChain.doFilter(MockFilterChain.java:132)
	at org.springframework.web.filter.RequestContextFilter.doFilterInternal(RequestContextFilter.java:100)
	at org.springframework.web.filter.OncePerRequestFilter.doFilter(OncePerRequestFilter.java:116)
	at org.springframework.test.web.servlet.setup.MockMvcFilterDecorator.doFilter(MockMvcFilterDecorator.java:162)
	at org.springframework.mock.web.MockFilterChain.doFilter(MockFilterChain.java:132)
	at org.springframework.web.filter.FormContentFilter.doFilterInternal(FormContentFilter.java:93)
	at org.springframework.web.filter.OncePerRequestFilter.doFilter(OncePerRequestFilter.java:116)
	at org.springframework.test.web.servlet.setup.MockMvcFilterDecorator.doFilter(MockMvcFilterDecorator.java:162)
	at org.springframework.mock.web.MockFilterChain.doFilter(MockFilterChain.java:132)
	at org.springframework.web.filter.ServerHttpObservationFilter.doFilterInternal(ServerHttpObservationFilter.java:114)
	at org.springframework.web.filter.OncePerRequestFilter.doFilter(OncePerRequestFilter.java:116)
	at org.springframework.test.web.servlet.setup.MockMvcFilterDecorator.doFilter(MockMvcFilterDecorator.java:162)
	at org.springframework.mock.web.MockFilterChain.doFilter(MockFilterChain.java:132)
	at io.sentry.spring.jakarta.tracing.SentryTracingFilter.doFilterInternal(SentryTracingFilter.java:91)
	at org.springframework.web.filter.OncePerRequestFilter.doFilter(OncePerRequestFilter.java:116)
	at org.springframework.test.web.servlet.setup.MockMvcFilterDecorator.doFilter(MockMvcFilterDecorator.java:162)
	at org.springframework.mock.web.MockFilterChain.doFilter(MockFilterChain.java:132)
	at org.springframework.web.filter.CharacterEncodingFilter.doFilterInternal(CharacterEncodingFilter.java:201)
	at org.springframework.web.filter.OncePerRequestFilter.doFilter(OncePerRequestFilter.java:116)
	at org.springframework.test.web.servlet.setup.MockMvcFilterDecorator.doFilter(MockMvcFilterDecorator.java:162)
	at org.springframework.mock.web.MockFilterChain.doFilter(MockFilterChain.java:132)
	at io.sentry.spring.jakarta.SentrySpringFilter.doFilterInternal(SentrySpringFilter.java:76)
	at org.springframework.web.filter.OncePerRequestFilter.doFilter(OncePerRequestFilter.java:116)
	at org.springframework.test.web.servlet.setup.MockMvcFilterDecorator.doFilter(MockMvcFilterDecorator.java:162)
	at org.springframework.mock.web.MockFilterChain.doFilter(MockFilterChain.java:132)
	at org.springframework.test.web.servlet.MockMvc.perform(MockMvc.java:201)
	at de.tum.cit.aet.artemis.core.util.RequestUtilService.performMvcRequest(RequestUtilService.java:79)
	at de.tum.cit.aet.artemis.core.util.RequestUtilService.put(RequestUtilService.java:584)
	at de.tum.cit.aet.artemis.core.authentication.UserJenkinsGitlabIntegrationTest.shouldFailIfCannotUpdateActivatedUserInGitlab(UserJenkinsGitlabIntegrationTest.java:424)
	at java.base/jdk.internal.reflect.DirectMethodHandleAccessor.invoke(DirectMethodHandleAccessor.java:103)
	at java.base/java.lang.reflect.Method.invoke(Method.java:580)
	at org.junit.platform.commons.util.ReflectionUtils.invokeMethod(ReflectionUtils.java:767)
	at org.junit.jupiter.engine.execution.MethodInvocation.proceed(MethodInvocation.java:60)
	at org.junit.jupiter.engine.execution.InvocationInterceptorChain$ValidatingInvocation.proceed(InvocationInterceptorChain.java:131)
	at org.junit.jupiter.engine.extension.TimeoutExtension.intercept(TimeoutExtension.java:156)
	at org.junit.jupiter.engine.extension.TimeoutExtension.interceptTestableMethod(TimeoutExtension.java:147)
	at org.junit.jupiter.engine.extension.TimeoutExtension.interceptTestMethod(TimeoutExtension.java:86)
	at org.junit.jupiter.engine.execution.InterceptingExecutableInvoker$ReflectiveInterceptorCall.lambda$ofVoidMethod$0(InterceptingExecutableInvoker.java:103)
	at org.junit.jupiter.engine.execution.InterceptingExecutableInvoker.lambda$invoke$0(InterceptingExecutableInvoker.java:93)
	at org.junit.jupiter.engine.execution.InvocationInterceptorChain$InterceptedInvocation.proceed(InvocationInterceptorChain.java:106)
	at org.junit.jupiter.engine.execution.InvocationInterceptorChain.proceed(InvocationInterceptorChain.java:64)
	at org.junit.jupiter.engine.execution.InvocationInterceptorChain.chainAndInvoke(InvocationInterceptorChain.java:45)
	at org.junit.jupiter.engine.execution.InvocationInterceptorChain.invoke(InvocationInterceptorChain.java:37)
	at org.junit.jupiter.engine.execution.InterceptingExecutableInvoker.invoke(InterceptingExecutableInvoker.java:92)
	at org.junit.jupiter.engine.execution.InterceptingExecutableInvoker.invoke(InterceptingExecutableInvoker.java:86)
	at org.junit.jupiter.engine.descriptor.TestMethodTestDescriptor.lambda$invokeTestMethod$8(TestMethodTestDescriptor.java:217)
	at org.junit.platform.engine.support.hierarchical.ThrowableCollector.execute(ThrowableCollector.java:73)
	at org.junit.jupiter.engine.descriptor.TestMethodTestDescriptor.invokeTestMethod(TestMethodTestDescriptor.java:213)
	at org.junit.jupiter.engine.descriptor.TestMethodTestDescriptor.execute(TestMethodTestDescriptor.java:138)
	at org.junit.jupiter.engine.descriptor.TestMethodTestDescriptor.execute(TestMethodTestDescriptor.java:68)
	at org.junit.platform.engine.support.hierarchical.NodeTestTask.lambda$executeRecursively$6(NodeTestTask.java:156)
	at org.junit.platform.engine.support.hierarchical.ThrowableCollector.execute(ThrowableCollector.java:73)
	at org.junit.platform.engine.support.hierarchical.NodeTestTask.lambda$executeRecursively$8(NodeTestTask.java:146)
	at org.junit.platform.engine.support.hierarchical.Node.around(Node.java:137)
	at org.junit.platform.engine.support.hierarchical.NodeTestTask.lambda$executeRecursively$9(NodeTestTask.java:144)
	at org.junit.platform.engine.support.hierarchical.ThrowableCollector.execute(ThrowableCollector.java:73)
	at org.junit.platform.engine.support.hierarchical.NodeTestTask.executeRecursively(NodeTestTask.java:143)
	at org.junit.platform.engine.support.hierarchical.NodeTestTask.execute(NodeTestTask.java:100)
	at org.junit.platform.engine.support.hierarchical.ForkJoinPoolHierarchicalTestExecutorService$ExclusiveTask.exec(ForkJoinPoolHierarchicalTestExecutorService.java:274)
	at org.junit.platform.engine.support.hierarchical.ForkJoinPoolHierarchicalTestExecutorService$ExclusiveTask.execSync(ForkJoinPoolHierarchicalTestExecutorService.java:247)
	at org.junit.platform.engine.support.hierarchical.ForkJoinPoolHierarchicalTestExecutorService.executeSync(ForkJoinPoolHierarchicalTestExecutorService.java:194)
	at org.junit.platform.engine.support.hierarchical.ForkJoinPoolHierarchicalTestExecutorService.invokeAll(ForkJoinPoolHierarchicalTestExecutorService.java:166)
	at org.junit.platform.engine.support.hierarchical.NodeTestTask.lambda$executeRecursively$6(NodeTestTask.java:160)
	at org.junit.platform.engine.support.hierarchical.ThrowableCollector.execute(ThrowableCollector.java:73)
	at org.junit.platform.engine.support.hierarchical.NodeTestTask.lambda$executeRecursively$8(NodeTestTask.java:146)
	at org.junit.platform.engine.support.hierarchical.Node.around(Node.java:137)
	at org.junit.platform.engine.support.hierarchical.NodeTestTask.lambda$executeRecursively$9(NodeTestTask.java:144)
	at org.junit.platform.engine.support.hierarchical.ThrowableCollector.execute(ThrowableCollector.java:73)
	at org.junit.platform.engine.support.hierarchical.NodeTestTask.executeRecursively(NodeTestTask.java:143)
	at org.junit.platform.engine.support.hierarchical.NodeTestTask.execute(NodeTestTask.java:100)
	at org.junit.platform.engine.support.hierarchical.ForkJoinPoolHierarchicalTestExecutorService$ExclusiveTask.exec(ForkJoinPoolHierarchicalTestExecutorService.java:274)
	at java.base/java.util.concurrent.ForkJoinTask.doExec(ForkJoinTask.java:387)
	at java.base/java.util.concurrent.ForkJoinPool$WorkQueue.topLevelExec(ForkJoinPool.java:1312)
	at java.base/java.util.concurrent.ForkJoinPool.scan(ForkJoinPool.java:1843)
	at java.base/java.util.concurrent.ForkJoinPool.runWorker(ForkJoinPool.java:1808)
	at java.base/java.util.concurrent.ForkJoinWorkerThread.run(ForkJoinWorkerThread.java:188)
Caused by: org.gitlab4j.api.GitLabApiException: Internal Error
	at org.gitlab4j.api.UserApi.unblockUser(UserApi.java:237)
	at de.tum.cit.aet.artemis.programming.service.gitlab.GitLabUserManagementService.updateUserActivationState(GitLabUserManagementService.java:123)
	at de.tum.cit.aet.artemis.programming.service.gitlab.GitLabUserManagementService.updateVcsUser(GitLabUserManagementService.java:74)
	... 226 common frames omitted

  Starting logs for UserJenkinsGitlabIntegrationTest > testUserWithoutGroups()
    23:42:20.833 | 198 Pool-1-worker-91 | DEBUG | d.t.c.a.a.c.u.util.UserUtilService   : Generate 2 students...
    23:42:20.835 | 198 Pool-1-worker-91 | DEBUG | d.t.c.a.a.c.u.util.UserUtilService   : 2 students generated. Generate 1 tutors...
    23:42:20.837 | 198 Pool-1-worker-91 | DEBUG | d.t.c.a.a.c.u.util.UserUtilService   : 1 tutors generated. Generate 1 editors...
    23:42:20.839 | 198 Pool-1-worker-91 | DEBUG | d.t.c.a.a.c.u.util.UserUtilService   : 1 editors generated. Generate 1 instructors...
    23:42:20.841 | 198 Pool-1-worker-91 | DEBUG | d.t.c.a.a.c.u.util.UserUtilService   : 1 instructors generated
    23:42:20.843 | 198 Pool-1-worker-91 | DEBUG | d.t.c.a.a.c.u.util.UserUtilService   : Removing 0 users from all courses...
    23:42:20.843 | 198 Pool-1-worker-91 | DEBUG | d.t.c.a.a.c.u.util.UserUtilService   : Removing 0 users from all courses. Done
    23:42:20.843 | 198 Pool-1-worker-91 | DEBUG | d.t.c.a.a.c.u.util.UserUtilService   : Save 5 users to database...
    23:42:20.846 | 198 Pool-1-worker-91 | DEBUG | d.t.c.a.a.c.u.util.UserUtilService   : Save 5 users to database. Done
    23:42:20.851 | 198 Pool-1-worker-91 | INFO  | i.z.t.d.l.EmbeddedDatabaseReporter   : JDBC URL to connect to 'dataSource': url='jdbc:h2:tcp://localhost:41063/mem:736625c0-cf5e-400d-aeaa-8a7eabd6262b;USER=sa', scope='UserJenkinsGitlabIntegrationTest#testUserWithoutGroups'
    23:42:20.865 | 198 Pool-1-worker-91 | DEBUG | d.t.c.a.a.c.u.util.UserUtilService   : Generate 2 students...
    23:42:20.868 | 198 Pool-1-worker-91 | DEBUG | d.t.c.a.a.c.u.util.UserUtilService   : 2 students generated. Generate 0 tutors...
    23:42:20.870 | 198 Pool-1-worker-91 | DEBUG | d.t.c.a.a.c.u.util.UserUtilService   : 0 tutors generated. Generate 0 editors...
    23:42:20.871 | 198 Pool-1-worker-91 | DEBUG | d.t.c.a.a.c.u.util.UserUtilService   : 0 editors generated. Generate 0 instructors...
    23:42:20.872 | 198 Pool-1-worker-91 | DEBUG | d.t.c.a.a.c.u.util.UserUtilService   : 0 instructors generated
    23:42:20.874 | 198 Pool-1-worker-91 | DEBUG | d.t.c.a.a.c.u.util.UserUtilService   : Removing 0 users from all courses...
    23:42:20.874 | 198 Pool-1-worker-91 | DEBUG | d.t.c.a.a.c.u.util.UserUtilService   : Removing 0 users from all courses. Done
    23:42:20.874 | 198 Pool-1-worker-91 | DEBUG | d.t.c.a.a.c.u.util.UserUtilService   : Save 2 users to database...
    23:42:20.876 | 198 Pool-1-worker-91 | DEBUG | d.t.c.a.a.c.u.util.UserUtilService   : Save 2 users to database. Done
    23:42:20.880 | 198 Pool-1-worker-91 | DEBUG | d.t.c.a.a.c.s.f.ApiVersionFilter     : Adding Version to Request GET /api/admin/users
    23:42:20.919 | 198 Pool-1-worker-91 | DEBUG | d.t.c.a.a.c.u.util.UserUtilService   : Generate 0 students...
    23:42:20.921 | 198 Pool-1-worker-91 | DEBUG | d.t.c.a.a.c.u.util.UserUtilService   : 0 students generated. Generate 2 tutors...
    23:42:20.923 | 198 Pool-1-worker-91 | DEBUG | d.t.c.a.a.c.u.util.UserUtilService   : 2 tutors generated. Generate 0 editors...
    23:42:20.925 | 198 Pool-1-worker-91 | DEBUG | d.t.c.a.a.c.u.util.UserUtilService   : 0 editors generated. Generate 0 instructors...
    23:42:20.926 | 198 Pool-1-worker-91 | DEBUG | d.t.c.a.a.c.u.util.UserUtilService   : 0 instructors generated
    23:42:20.928 | 198 Pool-1-worker-91 | DEBUG | d.t.c.a.a.c.u.util.UserUtilService   : Removing 0 users from all courses...
    23:42:20.928 | 198 Pool-1-worker-91 | DEBUG | d.t.c.a.a.c.u.util.UserUtilService   : Removing 0 users from all courses. Done
    23:42:20.928 | 198 Pool-1-worker-91 | DEBUG | d.t.c.a.a.c.u.util.UserUtilService   : Save 2 users to database...
    23:42:20.930 | 198 Pool-1-worker-91 | DEBUG | d.t.c.a.a.c.u.util.UserUtilService   : Save 2 users to database. Done
    23:42:20.934 | 198 Pool-1-worker-91 | DEBUG | d.t.c.a.a.c.s.f.ApiVersionFilter     : Adding Version to Request GET /api/admin/users
    23:42:20.979 | 198 Pool-1-worker-91 | DEBUG | d.t.c.a.a.c.u.util.UserUtilService   : Generate 0 students...
    23:42:20.980 | 198 Pool-1-worker-91 | DEBUG | d.t.c.a.a.c.u.util.UserUtilService   : 0 students generated. Generate 0 tutors...
    23:42:20.982 | 198 Pool-1-worker-91 | DEBUG | d.t.c.a.a.c.u.util.UserUtilService   : 0 tutors generated. Generate 2 editors...
    23:42:20.984 | 198 Pool-1-worker-91 | DEBUG | d.t.c.a.a.c.u.util.UserUtilService   : 2 editors generated. Generate 0 instructors...
    23:42:20.985 | 198 Pool-1-worker-91 | DEBUG | d.t.c.a.a.c.u.util.UserUtilService   : 0 instructors generated
    23:42:20.987 | 198 Pool-1-worker-91 | DEBUG | d.t.c.a.a.c.u.util.UserUtilService   : Removing 0 users from all courses...
    23:42:20.987 | 198 Pool-1-worker-91 | DEBUG | d.t.c.a.a.c.u.util.UserUtilService   : Removing 0 users from all courses. Done
    23:42:20.987 | 198 Pool-1-worker-91 | DEBUG | d.t.c.a.a.c.u.util.UserUtilService   : Save 2 users to database...
    23:42:20.989 | 198 Pool-1-worker-91 | DEBUG | d.t.c.a.a.c.u.util.UserUtilService   : Save 2 users to database. Done
    23:42:20.993 | 198 Pool-1-worker-91 | DEBUG | d.t.c.a.a.c.s.f.ApiVersionFilter     : Adding Version to Request GET /api/admin/users
    23:42:21.046 | 198 Pool-1-worker-91 | DEBUG | d.t.c.a.a.c.u.util.UserUtilService   : Generate 0 students...
    23:42:21.048 | 198 Pool-1-worker-91 | DEBUG | d.t.c.a.a.c.u.util.UserUtilService   : 0 students generated. Generate 0 tutors...
    23:42:21.049 | 198 Pool-1-worker-91 | DEBUG | d.t.c.a.a.c.u.util.UserUtilService   : 0 tutors generated. Generate 0 editors...
    23:42:21.050 | 198 Pool-1-worker-91 | DEBUG | d.t.c.a.a.c.u.util.UserUtilService   : 0 editors generated. Generate 2 instructors...
    23:42:21.053 | 198 Pool-1-worker-91 | DEBUG | d.t.c.a.a.c.u.util.UserUtilService   : 2 instructors generated
    23:42:21.054 | 198 Pool-1-worker-91 | DEBUG | d.t.c.a.a.c.u.util.UserUtilService   : Removing 0 users from all courses...
    23:42:21.054 | 198 Pool-1-worker-91 | DEBUG | d.t.c.a.a.c.u.util.UserUtilService   : Removing 0 users from all courses. Done
    23:42:21.054 | 198 Pool-1-worker-91 | DEBUG | d.t.c.a.a.c.u.util.UserUtilService   : Save 2 users to database...
    23:42:21.057 | 198 Pool-1-worker-91 | DEBUG | d.t.c.a.a.c.u.util.UserUtilService   : Save 2 users to database. Done
    23:42:21.061 | 198 Pool-1-worker-91 | DEBUG | d.t.c.a.a.c.s.f.ApiVersionFilter     : Adding Version to Request GET /api/admin/users

  Starting logs for UserJenkinsGitlabIntegrationTest > createUser_asAdmin_existingEmail()
    23:42:21.128 | 198 Pool-1-worker-91 | DEBUG | d.t.c.a.a.c.u.util.UserUtilService   : Generate 2 students...
    23:42:21.133 | 198 Pool-1-worker-91 | DEBUG | d.t.c.a.a.c.u.util.UserUtilService   : 2 students generated. Generate 1 tutors...
    23:42:21.135 | 198 Pool-1-worker-91 | DEBUG | d.t.c.a.a.c.u.util.UserUtilService   : 1 tutors generated. Generate 1 editors...
    23:42:21.137 | 198 Pool-1-worker-91 | DEBUG | d.t.c.a.a.c.u.util.UserUtilService   : 1 editors generated. Generate 1 instructors...
    23:42:21.139 | 198 Pool-1-worker-91 | DEBUG | d.t.c.a.a.c.u.util.UserUtilService   : 1 instructors generated
    23:42:21.141 | 198 Pool-1-worker-91 | DEBUG | d.t.c.a.a.c.u.util.UserUtilService   : Removing 0 users from all courses...
    23:42:21.141 | 198 Pool-1-worker-91 | DEBUG | d.t.c.a.a.c.u.util.UserUtilService   : Removing 0 users from all courses. Done
    23:42:21.141 | 198 Pool-1-worker-91 | DEBUG | d.t.c.a.a.c.u.util.UserUtilService   : Save 5 users to database...
    23:42:21.144 | 198 Pool-1-worker-91 | DEBUG | d.t.c.a.a.c.u.util.UserUtilService   : Save 5 users to database. Done
    23:42:21.150 | 198 Pool-1-worker-91 | INFO  | i.z.t.d.l.EmbeddedDatabaseReporter   : JDBC URL to connect to 'dataSource': url='jdbc:h2:tcp://localhost:41063/mem:736625c0-cf5e-400d-aeaa-8a7eabd6262b;USER=sa', scope='UserJenkinsGitlabIntegrationTest#createUser_asAdmin_existingEmail'
    23:42:21.157 | 198 Pool-1-worker-91 | DEBUG | d.t.c.a.a.c.s.f.ApiVersionFilter     : Adding Version to Request POST /api/admin/users
    23:42:21.159 | 198 Pool-1-worker-91 | DEBUG | d.t.c.a.a.c.w.a.AdminUserResource    : REST request to save User : ManagedUserVM{} UserDTO{login='batman', firstName='userjenkstudent1First', lastName='userjenkstudent1Last', email='userjenkstudent1@test.de', imageUrl='null', activated=true, langKey='en', createdBy=admin, createdDate=2025-02-14T23:42:21.141356Z, lastModifiedBy='admin', lastModifiedDate=2025-02-14T23:42:21.141356Z, lastNotificationRead=null, authorities=[ROLE_USER]}
    23:42:21.161 | 198 Pool-1-worker-91 | ERROR | tech.jhipster.web.util.HeaderUtil    : Entity processing failed, Email is already in use!
    23:42:21.161 | 198 Pool-1-worker-91 | WARN  | o.z.p.spring.common.AdviceTraits     : Bad Request: Email is already in use!

  Starting logs for UserJenkinsGitlabIntegrationTest > createUser_asAdmin_existingLogin()
    23:42:21.193 | 198 Pool-1-worker-91 | DEBUG | d.t.c.a.a.c.u.util.UserUtilService   : Generate 2 students...
    23:42:21.197 | 198 Pool-1-worker-91 | DEBUG | d.t.c.a.a.c.u.util.UserUtilService   : 2 students generated. Generate 1 tutors...
    23:42:21.202 | 198 Pool-1-worker-91 | DEBUG | d.t.c.a.a.c.u.util.UserUtilService   : 1 tutors generated. Generate 1 editors...
    23:42:21.204 | 198 Pool-1-worker-91 | DEBUG | d.t.c.a.a.c.u.util.UserUtilService   : 1 editors generated. Generate 1 instructors...
    23:42:21.208 | 198 Pool-1-worker-91 | DEBUG | d.t.c.a.a.c.u.util.UserUtilService   : 1 instructors generated
    23:42:21.209 | 198 Pool-1-worker-91 | DEBUG | d.t.c.a.a.c.u.util.UserUtilService   : Removing 0 users from all courses...
    23:42:21.209 | 198 Pool-1-worker-91 | DEBUG | d.t.c.a.a.c.u.util.UserUtilService   : Removing 0 users from all courses. Done
    23:42:21.209 | 198 Pool-1-worker-91 | DEBUG | d.t.c.a.a.c.u.util.UserUtilService   : Save 5 users to database...
    23:42:21.213 | 198 Pool-1-worker-91 | DEBUG | d.t.c.a.a.c.u.util.UserUtilService   : Save 5 users to database. Done
    23:42:21.221 | 198 Pool-1-worker-91 | INFO  | i.z.t.d.l.EmbeddedDatabaseReporter   : JDBC URL to connect to 'dataSource': url='jdbc:h2:tcp://localhost:41063/mem:736625c0-cf5e-400d-aeaa-8a7eabd6262b;USER=sa', scope='UserJenkinsGitlabIntegrationTest#createUser_asAdmin_existingLogin'
    23:42:21.228 | 198 Pool-1-worker-91 | DEBUG | d.t.c.a.a.c.s.f.ApiVersionFilter     : Adding Version to Request POST /api/admin/users
    23:42:21.230 | 198 Pool-1-worker-91 | DEBUG | d.t.c.a.a.c.w.a.AdminUserResource    : REST request to save User : ManagedUserVM{} UserDTO{login='batman', firstName='userjenkstudent1First', lastName='userjenkstudent1Last', email='batman@secret.invalid', imageUrl='null', activated=true, langKey='en', createdBy=admin, createdDate=2025-02-14T23:42:21.210010Z, lastModifiedBy='admin', lastModifiedDate=2025-02-14T23:42:21.210010Z, lastNotificationRead=null, authorities=[ROLE_USER]}
    23:42:21.234 | 198 Pool-1-worker-91 | DEBUG | d.t.c.a.a.c.s.u.UserCreationService  : Save user User{login='batman', firstName='userjenkstudent1First', lastName='userjenkstudent1Last', email='batman@secret.invalid', imageUrl='null', activated='true', langKey='en', activationKey='null'}
    23:42:21.238 | 198 Pool-1-worker-91 | INFO  | .a.p.s.g.GitLabUserManagementService : Update Gitlab permissions for programming exercises: []
    23:42:21.240 | 198 Pool-1-worker-91 | INFO  | a.p.s.j.JenkinsUserManagementService : Update Jenkins permissions (add users to groups) for programming exercises: []
    23:42:21.244 | 198 Pool-1-worker-91 | DEBUG | d.t.c.a.a.c.s.u.UserCreationService  : Created Information for User: User{login='batman', firstName='userjenkstudent1First', lastName='userjenkstudent1Last', email='batman@secret.invalid', imageUrl='null', activated='true', langKey='en', activationKey='null'}
    23:42:21.247 | 198 Pool-1-worker-91 | DEBUG | d.t.c.a.a.c.s.f.ApiVersionFilter     : Adding Version to Request POST /api/admin/users
    23:42:21.248 | 198 Pool-1-worker-91 | DEBUG | d.t.c.a.a.c.w.a.AdminUserResource    : REST request to save User : ManagedUserVM{} UserDTO{login='batman', firstName='null', lastName='null', email='batman2@secret.stillinvalid', imageUrl='null', activated=false, langKey='null', createdBy=null, createdDate=2025-02-14T23:42:21.246471536Z, lastModifiedBy='null', lastModifiedDate=2025-02-14T23:42:21.246471636Z, lastNotificationRead=null, authorities=[]}
    23:42:21.250 | 198 Pool-1-worker-91 | ERROR | tech.jhipster.web.util.HeaderUtil    : Entity processing failed, Login name already used!
    23:42:21.250 | 198 Pool-1-worker-91 | WARN  | o.z.p.spring.common.AdviceTraits     : Bad Request: Login name already used!

  Starting logs for UserJenkinsGitlabIntegrationTest > getUsersOrAuthorities_asStudent_forbidden()
    23:42:21.283 | 198 Pool-1-worker-91 | DEBUG | d.t.c.a.a.c.u.util.UserUtilService   : Generate 2 students...
    23:42:21.285 | 198 Pool-1-worker-91 | DEBUG | d.t.c.a.a.c.u.util.UserUtilService   : 2 students generated. Generate 1 tutors...
    23:42:21.287 | 198 Pool-1-worker-91 | DEBUG | d.t.c.a.a.c.u.util.UserUtilService   : 1 tutors generated. Generate 1 editors...
    23:42:21.289 | 198 Pool-1-worker-91 | DEBUG | d.t.c.a.a.c.u.util.UserUtilService   : 1 editors generated. Generate 1 instructors...
    23:42:21.291 | 198 Pool-1-worker-91 | DEBUG | d.t.c.a.a.c.u.util.UserUtilService   : 1 instructors generated
    23:42:21.293 | 198 Pool-1-worker-91 | DEBUG | d.t.c.a.a.c.u.util.UserUtilService   : Removing 0 users from all courses...
    23:42:21.293 | 198 Pool-1-worker-91 | DEBUG | d.t.c.a.a.c.u.util.UserUtilService   : Removing 0 users from all courses. Done
    23:42:21.293 | 198 Pool-1-worker-91 | DEBUG | d.t.c.a.a.c.u.util.UserUtilService   : Save 5 users to database...
    23:42:21.297 | 198 Pool-1-worker-91 | DEBUG | d.t.c.a.a.c.u.util.UserUtilService   : Save 5 users to database. Done
    23:42:21.302 | 198 Pool-1-worker-91 | INFO  | i.z.t.d.l.EmbeddedDatabaseReporter   : JDBC URL to connect to 'dataSource': url='jdbc:h2:tcp://localhost:41063/mem:736625c0-cf5e-400d-aeaa-8a7eabd6262b;USER=sa', scope='UserJenkinsGitlabIntegrationTest#getUsersOrAuthorities_asStudent_forbidden'
    23:42:21.304 | 198 Pool-1-worker-91 | WARN  | o.z.p.spring.common.AdviceTraits     : Forbidden: Access Denied
    23:42:21.312 | 198 Pool-1-worker-91 | WARN  | o.z.p.spring.common.AdviceTraits     : Forbidden: Access Denied

  Starting logs for UserJenkinsGitlabIntegrationTest > createUserWithPseudonymsIsSuccessful()
    23:42:21.349 | 198 Pool-1-worker-91 | DEBUG | d.t.c.a.a.c.u.util.UserUtilService   : Generate 2 students...
    23:42:21.351 | 198 Pool-1-worker-91 | DEBUG | d.t.c.a.a.c.u.util.UserUtilService   : 2 students generated. Generate 1 tutors...
    23:42:21.353 | 198 Pool-1-worker-91 | DEBUG | d.t.c.a.a.c.u.util.UserUtilService   : 1 tutors generated. Generate 1 editors...
    23:42:21.355 | 198 Pool-1-worker-91 | DEBUG | d.t.c.a.a.c.u.util.UserUtilService   : 1 editors generated. Generate 1 instructors...
    23:42:21.357 | 198 Pool-1-worker-91 | DEBUG | d.t.c.a.a.c.u.util.UserUtilService   : 1 instructors generated
    23:42:21.360 | 198 Pool-1-worker-91 | DEBUG | d.t.c.a.a.c.u.util.UserUtilService   : Removing 0 users from all courses...
    23:42:21.360 | 198 Pool-1-worker-91 | DEBUG | d.t.c.a.a.c.u.util.UserUtilService   : Removing 0 users from all courses. Done
    23:42:21.360 | 198 Pool-1-worker-91 | DEBUG | d.t.c.a.a.c.u.util.UserUtilService   : Save 5 users to database...
    23:42:21.365 | 198 Pool-1-worker-91 | DEBUG | d.t.c.a.a.c.u.util.UserUtilService   : Save 5 users to database. Done
    23:42:21.369 | 198 Pool-1-worker-91 | INFO  | i.z.t.d.l.EmbeddedDatabaseReporter   : JDBC URL to connect to 'dataSource': url='jdbc:h2:tcp://localhost:41063/mem:736625c0-cf5e-400d-aeaa-8a7eabd6262b;USER=sa', scope='UserJenkinsGitlabIntegrationTest#createUserWithPseudonymsIsSuccessful'
    23:42:21.379 | 198 Pool-1-worker-91 | DEBUG | d.t.c.a.a.c.s.f.ApiVersionFilter     : Adding Version to Request POST /api/admin/users
    23:42:21.380 | 198 Pool-1-worker-91 | DEBUG | d.t.c.a.a.c.w.a.AdminUserResource    : REST request to save User : ManagedUserVM{} UserDTO{login='batman', firstName='userjenkstudent1First', lastName='userjenkstudent1Last', email='batman@secret.invalid', imageUrl='null', activated=true, langKey='en', createdBy=admin, createdDate=2025-02-14T23:42:21.360544Z, lastModifiedBy='admin', lastModifiedDate=2025-02-14T23:42:21.360544Z, lastNotificationRead=null, authorities=[ROLE_USER]}
    23:42:21.385 | 198 Pool-1-worker-91 | DEBUG | d.t.c.a.a.c.s.u.UserCreationService  : Save user User{login='batman', firstName='userjenkstudent1First', lastName='userjenkstudent1Last', email='batman@secret.invalid', imageUrl='null', activated='true', langKey='en', activationKey='null'}
    23:42:21.388 | 198 Pool-1-worker-91 | INFO  | .a.p.s.g.GitLabUserManagementService : Update Gitlab permissions for programming exercises: []
    23:42:21.391 | 198 Pool-1-worker-91 | INFO  | a.p.s.j.JenkinsUserManagementService : Update Jenkins permissions (add users to groups) for programming exercises: []
    23:42:21.395 | 198 Pool-1-worker-91 | DEBUG | d.t.c.a.a.c.s.u.UserCreationService  : Created Information for User: User{login='batman', firstName='userjenkstudent1First', lastName='userjenkstudent1Last', email='batman@secret.invalid', imageUrl='null', activated='true', langKey='en', activationKey='null'}

  Starting logs for UserJenkinsGitlabIntegrationTest > updateUserInvalidId()
    23:42:21.428 | 198 Pool-1-worker-91 | DEBUG | d.t.c.a.a.c.u.util.UserUtilService   : Generate 2 students...
    23:42:21.431 | 198 Pool-1-worker-91 | DEBUG | d.t.c.a.a.c.u.util.UserUtilService   : 2 students generated. Generate 1 tutors...
    23:42:21.433 | 198 Pool-1-worker-91 | DEBUG | d.t.c.a.a.c.u.util.UserUtilService   : 1 tutors generated. Generate 1 editors...
    23:42:21.435 | 198 Pool-1-worker-91 | DEBUG | d.t.c.a.a.c.u.util.UserUtilService   : 1 editors generated. Generate 1 instructors...
    23:42:21.437 | 198 Pool-1-worker-91 | DEBUG | d.t.c.a.a.c.u.util.UserUtilService   : 1 instructors generated
    23:42:21.439 | 198 Pool-1-worker-91 | DEBUG | d.t.c.a.a.c.u.util.UserUtilService   : Removing 0 users from all courses...
    23:42:21.439 | 198 Pool-1-worker-91 | DEBUG | d.t.c.a.a.c.u.util.UserUtilService   : Removing 0 users from all courses. Done
    23:42:21.439 | 198 Pool-1-worker-91 | DEBUG | d.t.c.a.a.c.u.util.UserUtilService   : Save 5 users to database...
    23:42:21.442 | 198 Pool-1-worker-91 | DEBUG | d.t.c.a.a.c.u.util.UserUtilService   : Save 5 users to database. Done
    23:42:21.447 | 198 Pool-1-worker-91 | INFO  | i.z.t.d.l.EmbeddedDatabaseReporter   : JDBC URL to connect to 'dataSource': url='jdbc:h2:tcp://localhost:41063/mem:736625c0-cf5e-400d-aeaa-8a7eabd6262b;USER=sa', scope='UserJenkinsGitlabIntegrationTest#updateUserInvalidId'
    23:42:21.459 | 198 Pool-1-worker-91 | DEBUG | d.t.c.a.a.c.s.f.ApiVersionFilter     : Adding Version to Request PUT /api/admin/users
    23:42:21.460 | 198 Pool-1-worker-91 | DEBUG | d.t.c.a.a.c.w.a.AdminUserResource    : REST request to update User : ManagedUserVM{} UserDTO{login='userjenkstudent1', firstName='userjenkstudent1First', lastName='userjenkstudent1Last', email='userjenkstudent1@test.de', imageUrl='null', activated=true, langKey='en', createdBy=admin, createdDate=2025-02-14T23:42:21.439429Z, lastModifiedBy='admin', lastModifiedDate=2025-02-14T23:42:21.439429Z, lastNotificationRead=null, authorities=[ROLE_USER]}
    23:42:21.461 | 198 Pool-1-worker-91 | ERROR | tech.jhipster.web.util.HeaderUtil    : Entity processing failed, Email is already in use!
    23:42:21.461 | 198 Pool-1-worker-91 | WARN  | o.z.p.spring.common.AdviceTraits     : Bad Request: Email is already in use!

  Starting logs for UserJenkinsGitlabIntegrationTest > createUser_asAdmin_isSuccessful()
    23:42:21.491 | 198 Pool-1-worker-91 | DEBUG | d.t.c.a.a.c.u.util.UserUtilService   : Generate 2 students...
    23:42:21.494 | 198 Pool-1-worker-91 | DEBUG | d.t.c.a.a.c.u.util.UserUtilService   : 2 students generated. Generate 1 tutors...
    23:42:21.496 | 198 Pool-1-worker-91 | DEBUG | d.t.c.a.a.c.u.util.UserUtilService   : 1 tutors generated. Generate 1 editors...
    23:42:21.498 | 198 Pool-1-worker-91 | DEBUG | d.t.c.a.a.c.u.util.UserUtilService   : 1 editors generated. Generate 1 instructors...
    23:42:21.500 | 198 Pool-1-worker-91 | DEBUG | d.t.c.a.a.c.u.util.UserUtilService   : 1 instructors generated
    23:42:21.501 | 198 Pool-1-worker-91 | DEBUG | d.t.c.a.a.c.u.util.UserUtilService   : Removing 0 users from all courses...
    23:42:21.502 | 198 Pool-1-worker-91 | DEBUG | d.t.c.a.a.c.u.util.UserUtilService   : Removing 0 users from all courses. Done
    23:42:21.502 | 198 Pool-1-worker-91 | DEBUG | d.t.c.a.a.c.u.util.UserUtilService   : Save 5 users to database...
    23:42:21.505 | 198 Pool-1-worker-91 | DEBUG | d.t.c.a.a.c.u.util.UserUtilService   : Save 5 users to database. Done
    23:42:21.511 | 198 Pool-1-worker-91 | INFO  | i.z.t.d.l.EmbeddedDatabaseReporter   : JDBC URL to connect to 'dataSource': url='jdbc:h2:tcp://localhost:41063/mem:736625c0-cf5e-400d-aeaa-8a7eabd6262b;USER=sa', scope='UserJenkinsGitlabIntegrationTest#createUser_asAdmin_isSuccessful'
    23:42:21.518 | 198 Pool-1-worker-91 | DEBUG | d.t.c.a.a.c.s.f.ApiVersionFilter     : Adding Version to Request POST /api/admin/users
    23:42:21.519 | 198 Pool-1-worker-91 | DEBUG | d.t.c.a.a.c.w.a.AdminUserResource    : REST request to save User : ManagedUserVM{} UserDTO{login='batman', firstName='userjenkstudent1First', lastName='userjenkstudent1Last', email='batman@secret.invalid', imageUrl='null', activated=true, langKey='en', createdBy=admin, createdDate=2025-02-14T23:42:21.502223Z, lastModifiedBy='admin', lastModifiedDate=2025-02-14T23:42:21.502223Z, lastNotificationRead=null, authorities=[ROLE_USER]}
    23:42:21.524 | 198 Pool-1-worker-91 | DEBUG | d.t.c.a.a.c.s.u.UserCreationService  : Save user User{login='batman', firstName='userjenkstudent1First', lastName='userjenkstudent1Last', email='batman@secret.invalid', imageUrl='null', activated='true', langKey='en', activationKey='null'}
    23:42:21.528 | 198 Pool-1-worker-91 | INFO  | .a.p.s.g.GitLabUserManagementService : Update Gitlab permissions for programming exercises: []
    23:42:21.530 | 198 Pool-1-worker-91 | INFO  | a.p.s.j.JenkinsUserManagementService : Update Jenkins permissions (add users to groups) for programming exercises: []
    23:42:21.534 | 198 Pool-1-worker-91 | DEBUG | d.t.c.a.a.c.s.u.UserCreationService  : Created Information for User: User{login='batman', firstName='userjenkstudent1First', lastName='userjenkstudent1Last', email='batman@secret.invalid', imageUrl='null', activated='true', langKey='en', activationKey='null'}

  Starting logs for UserJenkinsGitlabIntegrationTest > createUser_asAdmin_hasId()
    23:42:21.563 | 198 Pool-1-worker-91 | DEBUG | d.t.c.a.a.c.u.util.UserUtilService   : Generate 2 students...
    23:42:21.566 | 198 Pool-1-worker-91 | DEBUG | d.t.c.a.a.c.u.util.UserUtilService   : 2 students generated. Generate 1 tutors...
    23:42:21.568 | 198 Pool-1-worker-91 | DEBUG | d.t.c.a.a.c.u.util.UserUtilService   : 1 tutors generated. Generate 1 editors...
    23:42:21.570 | 198 Pool-1-worker-91 | DEBUG | d.t.c.a.a.c.u.util.UserUtilService   : 1 editors generated. Generate 1 instructors...
    23:42:21.572 | 198 Pool-1-worker-91 | DEBUG | d.t.c.a.a.c.u.util.UserUtilService   : 1 instructors generated
    23:42:21.573 | 198 Pool-1-worker-91 | DEBUG | d.t.c.a.a.c.u.util.UserUtilService   : Removing 0 users from all courses...
    23:42:21.574 | 198 Pool-1-worker-91 | DEBUG | d.t.c.a.a.c.u.util.UserUtilService   : Removing 0 users from all courses. Done
    23:42:21.574 | 198 Pool-1-worker-91 | DEBUG | d.t.c.a.a.c.u.util.UserUtilService   : Save 5 users to database...
    23:42:21.580 | 198 Pool-1-worker-91 | DEBUG | d.t.c.a.a.c.u.util.UserUtilService   : Save 5 users to database. Done
    23:42:21.585 | 198 Pool-1-worker-91 | INFO  | i.z.t.d.l.EmbeddedDatabaseReporter   : JDBC URL to connect to 'dataSource': url='jdbc:h2:tcp://localhost:41063/mem:736625c0-cf5e-400d-aeaa-8a7eabd6262b;USER=sa', scope='UserJenkinsGitlabIntegrationTest#createUser_asAdmin_hasId'
    23:42:21.594 | 198 Pool-1-worker-91 | DEBUG | d.t.c.a.a.c.s.f.ApiVersionFilter     : Adding Version to Request POST /api/admin/users
    23:42:21.595 | 198 Pool-1-worker-91 | DEBUG | d.t.c.a.a.c.w.a.AdminUserResource    : REST request to save User : ManagedUserVM{} UserDTO{login='batman', firstName='userjenkstudent1First', lastName='userjenkstudent1Last', email='batman@secret.invalid', imageUrl='null', activated=true, langKey='en', createdBy=admin, createdDate=2025-02-14T23:42:21.586636483Z, lastModifiedBy='admin', lastModifiedDate=2025-02-14T23:42:21.586636483Z, lastNotificationRead=null, authorities=[ROLE_USER]}
    23:42:21.596 | 198 Pool-1-worker-91 | ERROR | tech.jhipster.web.util.HeaderUtil    : Entity processing failed, A new user cannot already have an ID
    23:42:21.596 | 198 Pool-1-worker-91 | WARN  | o.z.p.spring.common.AdviceTraits     : Bad Request: A new user cannot already have an ID

  Starting logs for UserJenkinsGitlabIntegrationTest > updateUser_asTutor_forbidden()
    23:42:21.625 | 198 Pool-1-worker-91 | DEBUG | d.t.c.a.a.c.u.util.UserUtilService   : Generate 2 students...
    23:42:21.628 | 198 Pool-1-worker-91 | DEBUG | d.t.c.a.a.c.u.util.UserUtilService   : 2 students generated. Generate 1 tutors...
    23:42:21.630 | 198 Pool-1-worker-91 | DEBUG | d.t.c.a.a.c.u.util.UserUtilService   : 1 tutors generated. Generate 1 editors...
    23:42:21.632 | 198 Pool-1-worker-91 | DEBUG | d.t.c.a.a.c.u.util.UserUtilService   : 1 editors generated. Generate 1 instructors...
    23:42:21.634 | 198 Pool-1-worker-91 | DEBUG | d.t.c.a.a.c.u.util.UserUtilService   : 1 instructors generated
    23:42:21.635 | 198 Pool-1-worker-91 | DEBUG | d.t.c.a.a.c.u.util.UserUtilService   : Removing 0 users from all courses...
    23:42:21.635 | 198 Pool-1-worker-91 | DEBUG | d.t.c.a.a.c.u.util.UserUtilService   : Removing 0 users from all courses. Done
    23:42:21.635 | 198 Pool-1-worker-91 | DEBUG | d.t.c.a.a.c.u.util.UserUtilService   : Save 5 users to database...
    23:42:21.639 | 198 Pool-1-worker-91 | DEBUG | d.t.c.a.a.c.u.util.UserUtilService   : Save 5 users to database. Done
    23:42:21.644 | 198 Pool-1-worker-91 | INFO  | i.z.t.d.l.EmbeddedDatabaseReporter   : JDBC URL to connect to 'dataSource': url='jdbc:h2:tcp://localhost:41063/mem:736625c0-cf5e-400d-aeaa-8a7eabd6262b;USER=sa', scope='UserJenkinsGitlabIntegrationTest#updateUser_asTutor_forbidden'
    23:42:21.650 | 198 Pool-1-worker-91 | WARN  | o.z.p.spring.common.AdviceTraits     : Forbidden: Access Denied

  Starting logs for UserJenkinsGitlabIntegrationTest > updateUserGroups()
    23:42:21.690 | 198 Pool-1-worker-91 | DEBUG | d.t.c.a.a.c.u.util.UserUtilService   : Generate 2 students...
    23:42:21.695 | 198 Pool-1-worker-91 | DEBUG | d.t.c.a.a.c.u.util.UserUtilService   : 2 students generated. Generate 1 tutors...
    23:42:21.697 | 198 Pool-1-worker-91 | DEBUG | d.t.c.a.a.c.u.util.UserUtilService   : 1 tutors generated. Generate 1 editors...
    23:42:21.699 | 198 Pool-1-worker-91 | DEBUG | d.t.c.a.a.c.u.util.UserUtilService   : 1 editors generated. Generate 1 instructors...
    23:42:21.701 | 198 Pool-1-worker-91 | DEBUG | d.t.c.a.a.c.u.util.UserUtilService   : 1 instructors generated
    23:42:21.703 | 198 Pool-1-worker-91 | DEBUG | d.t.c.a.a.c.u.util.UserUtilService   : Removing 0 users from all courses...
    23:42:21.703 | 198 Pool-1-worker-91 | DEBUG | d.t.c.a.a.c.u.util.UserUtilService   : Removing 0 users from all courses. Done
    23:42:21.703 | 198 Pool-1-worker-91 | DEBUG | d.t.c.a.a.c.u.util.UserUtilService   : Save 5 users to database...
    23:42:21.706 | 198 Pool-1-worker-91 | DEBUG | d.t.c.a.a.c.u.util.UserUtilService   : Save 5 users to database. Done
    23:42:21.712 | 198 Pool-1-worker-91 | INFO  | i.z.t.d.l.EmbeddedDatabaseReporter   : JDBC URL to connect to 'dataSource': url='jdbc:h2:tcp://localhost:41063/mem:736625c0-cf5e-400d-aeaa-8a7eabd6262b;USER=sa', scope='UserJenkinsGitlabIntegrationTest#updateUserGroups'
    23:42:21.847 | 198 Pool-1-worker-91 | DEBUG | d.t.c.a.a.c.s.f.ApiVersionFilter     : Adding Version to Request PUT /api/admin/users
    23:42:21.848 | 198 Pool-1-worker-91 | DEBUG | d.t.c.a.a.c.w.a.AdminUserResource    : REST request to update User : ManagedUserVM{} UserDTO{login='userjenkstudent1', firstName='userjenkstudent1First', lastName='userjenkstudent1Last', email='userjenkstudent1@test.de', imageUrl='null', activated=true, langKey='en', createdBy=admin, createdDate=2025-02-14T23:42:21.703496Z, lastModifiedBy='admin', lastModifiedDate=2025-02-14T23:42:21.735921817Z, lastNotificationRead=null, authorities=[ROLE_USER]}
    23:42:21.853 | 198 Pool-1-worker-91 | DEBUG | d.t.c.a.a.c.s.u.UserCreationService  : Changed Information for User: User{login='userjenkstudent1', firstName='userjenkstudent1First', lastName='userjenkstudent1Last', email='userjenkstudent1@test.de', imageUrl='null', activated='true', langKey='en', activationKey='null'}
    23:42:21.854 | 198 Pool-1-worker-91 | DEBUG | d.t.c.a.a.c.s.u.UserCreationService  : Save user User{login='userjenkstudent1', firstName='userjenkstudent1First', lastName='userjenkstudent1Last', email='userjenkstudent1@test.de', imageUrl='null', activated='true', langKey='en', activationKey='null'}
    23:42:21.864 | 198 Pool-1-worker-91 | INFO  | .a.p.s.g.GitLabUserManagementService : Update Gitlab permissions for programming exercises: [null, null, SHORTDA184D9404036043920AC46061569DF9331ETSTEXC, SHORT4D18CB7903AAA049CD0891F00A7F77B5708ATSTEXC, SHORTE6CC1DA70D6B904FCF0AD3E0D4E2DA8018E7TSTEXC, SHORT2929F3C70393604A6A08F0803B79521686FDTSTEXC, SHORT95EE97310304B0435C08EDC0DFB1957C430DTSTEXC, SHORTCB0191F202F5404D7708DC50B0F54FF07D9ATSTEXC, SHORTE823DA4E035B904F250A6CB070A6B897835BTSTEXC, SHORT60AEF9F3062A804B80093E003D8346BCFDC4TSTEXC, SHORT015E8A9B05C69048AA087F40D0CD7F2312FDTSTEXC, SHORTE9ACA8550BFBA044EC08BCA09CE37420D51CTSTEXC, SHORT0D0C100208AE704FA90A38D0246D081FC16BTSTEXC, SHORT17FCEBBF01AB6041EF0B50E0F7F031E5DC15TSTEXC, SHORT3C8083500B4F4049060B86900DECE2E4E215TSTEXC, SHORT2D4D78CB02EB3042890BEC205671442D8CF8TSTEXC, SHORTADD785730E45604F9E0AB420275EF800D7E0TSTEXC, SHORT3C3F5A2208B1A049110ADEE072E577E5654ETSTEXC, SHORTA8CFEDC30EDC804E8508DDC0ACEC623B04A2TSTEXC, SHORTB6ECA2AF03D56044D20850E032D251EBE378TSTEXC, SHORT0B79AF1B0994304249092B00280004BBDC11TSTEXC, SHORTA13D35E50A39B040D108DFF0266C35C2E79DTSTEXC, SHORTDD22B6AD07E2B04F570B79C09AB7523409E8TSTEXC, SHORTC907FB5B0CF690494C0B6770C0E38FA9148ETSTEXC, SHORTA101A11F08EC90446008DED09C0467307EDCTSTEXC, SHORTD60BF4A506298044DF0821308BAC9DC2758ETSTEXC, SHORT804E11A302BD8045DC0A855023748D587851TSTEXC, SHORTC1F0176D037FA042AF0B01E05BB0A9B2E9BETSTEXC, SHORT0C7BCE7C0593B04AB9094D902D8C4BB8750CTSTEXC, SHORTA1002EDA02485040D709DFA024F1B4B414B7TSTEXC, SHORT252B48D702ACA04E7D09D1E026DE0EDBBC57TSTEXC, SHORT15FE276D091C20493D0A7750711FA8A288C4TSTEXC, SHORT04658EE40CF56043A90978F0D7CCEBB734C1TSTEXC, SHORT7CF576DD082A90450A0A82901E8EBFA88A7BTSTEXC, SHORTA972A00F0893B04D6F08C3D034FEB43C0DD8TSTEXC, SHORTC75A50230639D0498808D2F0E8C1A7B58CC5TSTEXC, SHORT3F566B5F0B72404479097E108CAA3BDA1949TSTEXC, SHORT6AAEE3480E5A40453808E8C00464EF5E5AB4TSTEXC, SHORTF7EE08B20B328046340B4AE0AE6603A3ED4FTSTEXC, SHORTB8D3A8190AF6B047CC0A8000C1445A11C533TSTEXC, SHORT13F751CC04C2E045660A7840124C5F74C6FBTSTEXC, SHORT8825F5AC06B80041720B67703B1A4C59180FTSTEXC, SHORT94B3497E0FA8A044F00B60D05C198A08807CTSTEXC, SHORT2AF074880E18F04BE50832D0DB91CC34A794TSTEXC, SHORTADCFB1060E55E048180BB4203D062BCEBD2BTSTEXC, SHORT15D509CE0B7C304FCD099A907183843CD29ATSTEXC, SHORT866495D9024C904D61083A20AFA040BBC5C4TSTEXC, SHORT17C6BEF20460A0439C0822C0CFA7DC22A993TSTEXC, SHORT73663F9D027A004C4D09DD804EB8E2CA7273TSTEXC, SHORTAC8413E208FA4047F30AFAE0C00C3CCA1DD5TSTEXC, SHORT9804F30E05B7C047890921800A2A88028BB3TSTEXC, SHORT923F395608E20042F80A5DB03BB021AE3150TSTEXC, SHORT5B1FAE6C0FF560469C097D40A66462B374ADTSTEXC, SHORT138EF83F0141B04F7E08A5A089903D88581DTSTEXC, SHORT74127E77086E1042F3086F7076A592D1D0C9TSTEXC, SHORT5137C02804236041A30A2E504180F52AF1EETSTEXC, SHORT737ED94E0AE950448F0B4C30C9057D986E44TSTEXC, SHORTA0F19189087D104EA00BD4A0CCC155DBF367TSTEXC, SHORTC0408902059E3040BC0918601FBAC034C3ABTSTEXC]
    23:42:21.864 | 198 Pool-1-worker-91 | INFO  | .a.p.s.g.GitLabUserManagementService : Add member 1 to Gitlab group null
    23:42:21.865 | 198 Pool-1-worker-91 | INFO  | .a.p.s.g.GitLabUserManagementService : Add member 1 to Gitlab group null
    23:42:21.865 | 198 Pool-1-worker-91 | INFO  | .a.p.s.g.GitLabUserManagementService : Add member 1 to Gitlab group SHORTDA184D9404036043920AC46061569DF9331ETSTEXC
    23:42:21.865 | 198 Pool-1-worker-91 | INFO  | .a.p.s.g.GitLabUserManagementService : Add member 1 to Gitlab group SHORT4D18CB7903AAA049CD0891F00A7F77B5708ATSTEXC
    23:42:21.865 | 198 Pool-1-worker-91 | INFO  | .a.p.s.g.GitLabUserManagementService : Add member 1 to Gitlab group SHORTE6CC1DA70D6B904FCF0AD3E0D4E2DA8018E7TSTEXC
    23:42:21.865 | 198 Pool-1-worker-91 | INFO  | .a.p.s.g.GitLabUserManagementService : Add member 1 to Gitlab group SHORT2929F3C70393604A6A08F0803B79521686FDTSTEXC
    23:42:21.866 | 198 Pool-1-worker-91 | INFO  | .a.p.s.g.GitLabUserManagementService : Add member 1 to Gitlab group SHORT95EE97310304B0435C08EDC0DFB1957C430DTSTEXC
    23:42:21.866 | 198 Pool-1-worker-91 | INFO  | .a.p.s.g.GitLabUserManagementService : Add member 1 to Gitlab group SHORTCB0191F202F5404D7708DC50B0F54FF07D9ATSTEXC
    23:42:21.866 | 198 Pool-1-worker-91 | INFO  | .a.p.s.g.GitLabUserManagementService : Add member 1 to Gitlab group SHORTE823DA4E035B904F250A6CB070A6B897835BTSTEXC
    23:42:21.866 | 198 Pool-1-worker-91 | INFO  | .a.p.s.g.GitLabUserManagementService : Add member 1 to Gitlab group SHORT60AEF9F3062A804B80093E003D8346BCFDC4TSTEXC
    23:42:21.866 | 198 Pool-1-worker-91 | INFO  | .a.p.s.g.GitLabUserManagementService : Add member 1 to Gitlab group SHORT015E8A9B05C69048AA087F40D0CD7F2312FDTSTEXC
    23:42:21.866 | 198 Pool-1-worker-91 | INFO  | .a.p.s.g.GitLabUserManagementService : Add member 1 to Gitlab group SHORTE9ACA8550BFBA044EC08BCA09CE37420D51CTSTEXC
    23:42:21.867 | 198 Pool-1-worker-91 | INFO  | .a.p.s.g.GitLabUserManagementService : Add member 1 to Gitlab group SHORT0D0C100208AE704FA90A38D0246D081FC16BTSTEXC
    23:42:21.867 | 198 Pool-1-worker-91 | INFO  | .a.p.s.g.GitLabUserManagementService : Add member 1 to Gitlab group SHORT17FCEBBF01AB6041EF0B50E0F7F031E5DC15TSTEXC
    23:42:21.867 | 198 Pool-1-worker-91 | INFO  | .a.p.s.g.GitLabUserManagementService : Add member 1 to Gitlab group SHORT3C8083500B4F4049060B86900DECE2E4E215TSTEXC
    23:42:21.867 | 198 Pool-1-worker-91 | INFO  | .a.p.s.g.GitLabUserManagementService : Add member 1 to Gitlab group SHORT2D4D78CB02EB3042890BEC205671442D8CF8TSTEXC
    23:42:21.867 | 198 Pool-1-worker-91 | INFO  | .a.p.s.g.GitLabUserManagementService : Add member 1 to Gitlab group SHORTADD785730E45604F9E0AB420275EF800D7E0TSTEXC
    23:42:21.867 | 198 Pool-1-worker-91 | INFO  | .a.p.s.g.GitLabUserManagementService : Add member 1 to Gitlab group SHORT3C3F5A2208B1A049110ADEE072E577E5654ETSTEXC
    23:42:21.868 | 198 Pool-1-worker-91 | INFO  | .a.p.s.g.GitLabUserManagementService : Add member 1 to Gitlab group SHORTA8CFEDC30EDC804E8508DDC0ACEC623B04A2TSTEXC
    23:42:21.868 | 198 Pool-1-worker-91 | INFO  | .a.p.s.g.GitLabUserManagementService : Add member 1 to Gitlab group SHORTB6ECA2AF03D56044D20850E032D251EBE378TSTEXC
    23:42:21.868 | 198 Pool-1-worker-91 | INFO  | .a.p.s.g.GitLabUserManagementService : Add member 1 to Gitlab group SHORT0B79AF1B0994304249092B00280004BBDC11TSTEXC
    23:42:21.868 | 198 Pool-1-worker-91 | INFO  | .a.p.s.g.GitLabUserManagementService : Add member 1 to Gitlab group SHORTA13D35E50A39B040D108DFF0266C35C2E79DTSTEXC
    23:42:21.868 | 198 Pool-1-worker-91 | INFO  | .a.p.s.g.GitLabUserManagementService : Add member 1 to Gitlab group SHORTDD22B6AD07E2B04F570B79C09AB7523409E8TSTEXC
    23:42:21.869 | 198 Pool-1-worker-91 | INFO  | .a.p.s.g.GitLabUserManagementService : Add member 1 to Gitlab group SHORTC907FB5B0CF690494C0B6770C0E38FA9148ETSTEXC
    23:42:21.869 | 198 Pool-1-worker-91 | INFO  | .a.p.s.g.GitLabUserManagementService : Add member 1 to Gitlab group SHORTA101A11F08EC90446008DED09C0467307EDCTSTEXC
    23:42:21.869 | 198 Pool-1-worker-91 | INFO  | .a.p.s.g.GitLabUserManagementService : Add member 1 to Gitlab group SHORTD60BF4A506298044DF0821308BAC9DC2758ETSTEXC
    23:42:21.869 | 198 Pool-1-worker-91 | INFO  | .a.p.s.g.GitLabUserManagementService : Add member 1 to Gitlab group SHORT804E11A302BD8045DC0A855023748D587851TSTEXC
    23:42:21.869 | 198 Pool-1-worker-91 | INFO  | .a.p.s.g.GitLabUserManagementService : Add member 1 to Gitlab group SHORTC1F0176D037FA042AF0B01E05BB0A9B2E9BETSTEXC
    23:42:21.869 | 198 Pool-1-worker-91 | INFO  | .a.p.s.g.GitLabUserManagementService : Add member 1 to Gitlab group SHORT0C7BCE7C0593B04AB9094D902D8C4BB8750CTSTEXC
    23:42:21.870 | 198 Pool-1-worker-91 | INFO  | .a.p.s.g.GitLabUserManagementService : Add member 1 to Gitlab group SHORTA1002EDA02485040D709DFA024F1B4B414B7TSTEXC
    23:42:21.870 | 198 Pool-1-worker-91 | INFO  | .a.p.s.g.GitLabUserManagementService : Add member 1 to Gitlab group SHORT252B48D702ACA04E7D09D1E026DE0EDBBC57TSTEXC
    23:42:21.870 | 198 Pool-1-worker-91 | INFO  | .a.p.s.g.GitLabUserManagementService : Add member 1 to Gitlab group SHORT15FE276D091C20493D0A7750711FA8A288C4TSTEXC
    23:42:21.870 | 198 Pool-1-worker-91 | INFO  | .a.p.s.g.GitLabUserManagementService : Add member 1 to Gitlab group SHORT04658EE40CF56043A90978F0D7CCEBB734C1TSTEXC
    23:42:21.870 | 198 Pool-1-worker-91 | INFO  | .a.p.s.g.GitLabUserManagementService : Add member 1 to Gitlab group SHORT7CF576DD082A90450A0A82901E8EBFA88A7BTSTEXC
    23:42:21.870 | 198 Pool-1-worker-91 | INFO  | .a.p.s.g.GitLabUserManagementService : Add member 1 to Gitlab group SHORTA972A00F0893B04D6F08C3D034FEB43C0DD8TSTEXC
    23:42:21.871 | 198 Pool-1-worker-91 | INFO  | .a.p.s.g.GitLabUserManagementService : Add member 1 to Gitlab group SHORTC75A50230639D0498808D2F0E8C1A7B58CC5TSTEXC
    23:42:21.871 | 198 Pool-1-worker-91 | INFO  | .a.p.s.g.GitLabUserManagementService : Add member 1 to Gitlab group SHORT3F566B5F0B72404479097E108CAA3BDA1949TSTEXC
    23:42:21.871 | 198 Pool-1-worker-91 | INFO  | .a.p.s.g.GitLabUserManagementService : Add member 1 to Gitlab group SHORT6AAEE3480E5A40453808E8C00464EF5E5AB4TSTEXC
    23:42:21.871 | 198 Pool-1-worker-91 | INFO  | .a.p.s.g.GitLabUserManagementService : Add member 1 to Gitlab group SHORTF7EE08B20B328046340B4AE0AE6603A3ED4FTSTEXC
    23:42:21.871 | 198 Pool-1-worker-91 | INFO  | .a.p.s.g.GitLabUserManagementService : Add member 1 to Gitlab group SHORTB8D3A8190AF6B047CC0A8000C1445A11C533TSTEXC
    23:42:21.871 | 198 Pool-1-worker-91 | INFO  | .a.p.s.g.GitLabUserManagementService : Add member 1 to Gitlab group SHORT13F751CC04C2E045660A7840124C5F74C6FBTSTEXC
    23:42:21.871 | 198 Pool-1-worker-91 | INFO  | .a.p.s.g.GitLabUserManagementService : Add member 1 to Gitlab group SHORT8825F5AC06B80041720B67703B1A4C59180FTSTEXC
    23:42:21.872 | 198 Pool-1-worker-91 | INFO  | .a.p.s.g.GitLabUserManagementService : Add member 1 to Gitlab group SHORT94B3497E0FA8A044F00B60D05C198A08807CTSTEXC
    23:42:21.872 | 198 Pool-1-worker-91 | INFO  | .a.p.s.g.GitLabUserManagementService : Add member 1 to Gitlab group SHORT2AF074880E18F04BE50832D0DB91CC34A794TSTEXC
    23:42:21.872 | 198 Pool-1-worker-91 | INFO  | .a.p.s.g.GitLabUserManagementService : Add member 1 to Gitlab group SHORTADCFB1060E55E048180BB4203D062BCEBD2BTSTEXC
    23:42:21.872 | 198 Pool-1-worker-91 | INFO  | .a.p.s.g.GitLabUserManagementService : Add member 1 to Gitlab group SHORT15D509CE0B7C304FCD099A907183843CD29ATSTEXC
    23:42:21.872 | 198 Pool-1-worker-91 | INFO  | .a.p.s.g.GitLabUserManagementService : Add member 1 to Gitlab group SHORT866495D9024C904D61083A20AFA040BBC5C4TSTEXC
    23:42:21.872 | 198 Pool-1-worker-91 | INFO  | .a.p.s.g.GitLabUserManagementService : Add member 1 to Gitlab group SHORT17C6BEF20460A0439C0822C0CFA7DC22A993TSTEXC
    23:42:21.873 | 198 Pool-1-worker-91 | INFO  | .a.p.s.g.GitLabUserManagementService : Add member 1 to Gitlab group SHORT73663F9D027A004C4D09DD804EB8E2CA7273TSTEXC
    23:42:21.873 | 198 Pool-1-worker-91 | INFO  | .a.p.s.g.GitLabUserManagementService : Add member 1 to Gitlab group SHORTAC8413E208FA4047F30AFAE0C00C3CCA1DD5TSTEXC
    23:42:21.873 | 198 Pool-1-worker-91 | INFO  | .a.p.s.g.GitLabUserManagementService : Add member 1 to Gitlab group SHORT9804F30E05B7C047890921800A2A88028BB3TSTEXC
    23:42:21.873 | 198 Pool-1-worker-91 | INFO  | .a.p.s.g.GitLabUserManagementService : Add member 1 to Gitlab group SHORT923F395608E20042F80A5DB03BB021AE3150TSTEXC
    23:42:21.873 | 198 Pool-1-worker-91 | INFO  | .a.p.s.g.GitLabUserManagementService : Add member 1 to Gitlab group SHORT5B1FAE6C0FF560469C097D40A66462B374ADTSTEXC
    23:42:21.873 | 198 Pool-1-worker-91 | INFO  | .a.p.s.g.GitLabUserManagementService : Add member 1 to Gitlab group SHORT138EF83F0141B04F7E08A5A089903D88581DTSTEXC
    23:42:21.874 | 198 Pool-1-worker-91 | INFO  | .a.p.s.g.GitLabUserManagementService : Add member 1 to Gitlab group SHORT74127E77086E1042F3086F7076A592D1D0C9TSTEXC
    23:42:21.874 | 198 Pool-1-worker-91 | INFO  | .a.p.s.g.GitLabUserManagementService : Add member 1 to Gitlab group SHORT5137C02804236041A30A2E504180F52AF1EETSTEXC
    23:42:21.874 | 198 Pool-1-worker-91 | INFO  | .a.p.s.g.GitLabUserManagementService : Add member 1 to Gitlab group SHORT737ED94E0AE950448F0B4C30C9057D986E44TSTEXC
    23:42:21.874 | 198 Pool-1-worker-91 | INFO  | .a.p.s.g.GitLabUserManagementService : Add member 1 to Gitlab group SHORTA0F19189087D104EA00BD4A0CCC155DBF367TSTEXC
    23:42:21.874 | 198 Pool-1-worker-91 | INFO  | .a.p.s.g.GitLabUserManagementService : Add member 1 to Gitlab group SHORTC0408902059E3040BC0918601FBAC034C3ABTSTEXC
    23:42:21.884 | 198 Pool-1-worker-91 | INFO  | .a.p.s.g.GitLabUserManagementService : Update Gitlab permissions for programming exercises: [null, null, SHORTDA184D9404036043920AC46061569DF9331ETSTEXC, SHORT4D18CB7903AAA049CD0891F00A7F77B5708ATSTEXC, SHORTE6CC1DA70D6B904FCF0AD3E0D4E2DA8018E7TSTEXC, SHORT2929F3C70393604A6A08F0803B79521686FDTSTEXC, SHORT95EE97310304B0435C08EDC0DFB1957C430DTSTEXC, SHORTCB0191F202F5404D7708DC50B0F54FF07D9ATSTEXC, SHORTE823DA4E035B904F250A6CB070A6B897835BTSTEXC, SHORT60AEF9F3062A804B80093E003D8346BCFDC4TSTEXC, SHORT015E8A9B05C69048AA087F40D0CD7F2312FDTSTEXC, SHORTE9ACA8550BFBA044EC08BCA09CE37420D51CTSTEXC, SHORT0D0C100208AE704FA90A38D0246D081FC16BTSTEXC, SHORT17FCEBBF01AB6041EF0B50E0F7F031E5DC15TSTEXC, SHORT3C8083500B4F4049060B86900DECE2E4E215TSTEXC, SHORT2D4D78CB02EB3042890BEC205671442D8CF8TSTEXC, SHORTADD785730E45604F9E0AB420275EF800D7E0TSTEXC, SHORT3C3F5A2208B1A049110ADEE072E577E5654ETSTEXC, SHORTA8CFEDC30EDC804E8508DDC0ACEC623B04A2TSTEXC, SHORTB6ECA2AF03D56044D20850E032D251EBE378TSTEXC, SHORT0B79AF1B0994304249092B00280004BBDC11TSTEXC, SHORTA13D35E50A39B040D108DFF0266C35C2E79DTSTEXC, SHORTDD22B6AD07E2B04F570B79C09AB7523409E8TSTEXC, SHORTC907FB5B0CF690494C0B6770C0E38FA9148ETSTEXC, SHORTA101A11F08EC90446008DED09C0467307EDCTSTEXC, SHORTD60BF4A506298044DF0821308BAC9DC2758ETSTEXC, SHORT804E11A302BD8045DC0A855023748D587851TSTEXC, SHORTC1F0176D037FA042AF0B01E05BB0A9B2E9BETSTEXC, SHORT0C7BCE7C0593B04AB9094D902D8C4BB8750CTSTEXC, SHORTA1002EDA02485040D709DFA024F1B4B414B7TSTEXC, SHORT252B48D702ACA04E7D09D1E026DE0EDBBC57TSTEXC, SHORT15FE276D091C20493D0A7750711FA8A288C4TSTEXC, SHORT04658EE40CF56043A90978F0D7CCEBB734C1TSTEXC, SHORT7CF576DD082A90450A0A82901E8EBFA88A7BTSTEXC, SHORTA972A00F0893B04D6F08C3D034FEB43C0DD8TSTEXC, SHORTC75A50230639D0498808D2F0E8C1A7B58CC5TSTEXC, SHORT3F566B5F0B72404479097E108CAA3BDA1949TSTEXC, SHORT6AAEE3480E5A40453808E8C00464EF5E5AB4TSTEXC, SHORTF7EE08B20B328046340B4AE0AE6603A3ED4FTSTEXC, SHORTB8D3A8190AF6B047CC0A8000C1445A11C533TSTEXC, SHORT13F751CC04C2E045660A7840124C5F74C6FBTSTEXC, SHORT8825F5AC06B80041720B67703B1A4C59180FTSTEXC, SHORT94B3497E0FA8A044F00B60D05C198A08807CTSTEXC, SHORT2AF074880E18F04BE50832D0DB91CC34A794TSTEXC, SHORTADCFB1060E55E048180BB4203D062BCEBD2BTSTEXC, SHORT15D509CE0B7C304FCD099A907183843CD29ATSTEXC, SHORT866495D9024C904D61083A20AFA040BBC5C4TSTEXC, SHORT17C6BEF20460A0439C0822C0CFA7DC22A993TSTEXC, SHORT73663F9D027A004C4D09DD804EB8E2CA7273TSTEXC, SHORTAC8413E208FA4047F30AFAE0C00C3CCA1DD5TSTEXC, SHORT9804F30E05B7C047890921800A2A88028BB3TSTEXC, SHORT923F395608E20042F80A5DB03BB021AE3150TSTEXC, SHORT5B1FAE6C0FF560469C097D40A66462B374ADTSTEXC, SHORT138EF83F0141B04F7E08A5A089903D88581DTSTEXC, SHORT74127E77086E1042F3086F7076A592D1D0C9TSTEXC, SHORT5137C02804236041A30A2E504180F52AF1EETSTEXC, SHORT737ED94E0AE950448F0B4C30C9057D986E44TSTEXC, SHORTA0F19189087D104EA00BD4A0CCC155DBF367TSTEXC, SHORTC0408902059E3040BC0918601FBAC034C3ABTSTEXC]
    23:42:21.901 | 198 Pool-1-worker-91 | INFO  | a.p.s.j.JenkinsUserManagementService : Update Jenkins permissions (remove users from groups) for programming exercises: [null, null, SHORTDA184D9404036043920AC46061569DF9331ETSTEXC, SHORT4D18CB7903AAA049CD0891F00A7F77B5708ATSTEXC, SHORTE6CC1DA70D6B904FCF0AD3E0D4E2DA8018E7TSTEXC, SHORT2929F3C70393604A6A08F0803B79521686FDTSTEXC, SHORT95EE97310304B0435C08EDC0DFB1957C430DTSTEXC, SHORTCB0191F202F5404D7708DC50B0F54FF07D9ATSTEXC, SHORTE823DA4E035B904F250A6CB070A6B897835BTSTEXC, SHORT60AEF9F3062A804B80093E003D8346BCFDC4TSTEXC, SHORT015E8A9B05C69048AA087F40D0CD7F2312FDTSTEXC, SHORTE9ACA8550BFBA044EC08BCA09CE37420D51CTSTEXC, SHORT0D0C100208AE704FA90A38D0246D081FC16BTSTEXC, SHORT17FCEBBF01AB6041EF0B50E0F7F031E5DC15TSTEXC, SHORT3C8083500B4F4049060B86900DECE2E4E215TSTEXC, SHORT2D4D78CB02EB3042890BEC205671442D8CF8TSTEXC, SHORTADD785730E45604F9E0AB420275EF800D7E0TSTEXC, SHORT3C3F5A2208B1A049110ADEE072E577E5654ETSTEXC, SHORTA8CFEDC30EDC804E8508DDC0ACEC623B04A2TSTEXC, SHORTB6ECA2AF03D56044D20850E032D251EBE378TSTEXC, SHORT0B79AF1B0994304249092B00280004BBDC11TSTEXC, SHORTA13D35E50A39B040D108DFF0266C35C2E79DTSTEXC, SHORTDD22B6AD07E2B04F570B79C09AB7523409E8TSTEXC, SHORTC907FB5B0CF690494C0B6770C0E38FA9148ETSTEXC, SHORTA101A11F08EC90446008DED09C0467307EDCTSTEXC, SHORTD60BF4A506298044DF0821308BAC9DC2758ETSTEXC, SHORT804E11A302BD8045DC0A855023748D587851TSTEXC, SHORTC1F0176D037FA042AF0B01E05BB0A9B2E9BETSTEXC, SHORT0C7BCE7C0593B04AB9094D902D8C4BB8750CTSTEXC, SHORTA1002EDA02485040D709DFA024F1B4B414B7TSTEXC, SHORT252B48D702ACA04E7D09D1E026DE0EDBBC57TSTEXC, SHORT15FE276D091C20493D0A7750711FA8A288C4TSTEXC, SHORT04658EE40CF56043A90978F0D7CCEBB734C1TSTEXC, SHORT7CF576DD082A90450A0A82901E8EBFA88A7BTSTEXC, SHORTA972A00F0893B04D6F08C3D034FEB43C0DD8TSTEXC, SHORTC75A50230639D0498808D2F0E8C1A7B58CC5TSTEXC, SHORT3F566B5F0B72404479097E108CAA3BDA1949TSTEXC, SHORT6AAEE3480E5A40453808E8C00464EF5E5AB4TSTEXC, SHORTF7EE08B20B328046340B4AE0AE6603A3ED4FTSTEXC, SHORTB8D3A8190AF6B047CC0A8000C1445A11C533TSTEXC, SHORT13F751CC04C2E045660A7840124C5F74C6FBTSTEXC, SHORT8825F5AC06B80041720B67703B1A4C59180FTSTEXC, SHORT94B3497E0FA8A044F00B60D05C198A08807CTSTEXC, SHORT2AF074880E18F04BE50832D0DB91CC34A794TSTEXC, SHORTADCFB1060E55E048180BB4203D062BCEBD2BTSTEXC, SHORT15D509CE0B7C304FCD099A907183843CD29ATSTEXC, SHORT866495D9024C904D61083A20AFA040BBC5C4TSTEXC, SHORT17C6BEF20460A0439C0822C0CFA7DC22A993TSTEXC, SHORT73663F9D027A004C4D09DD804EB8E2CA7273TSTEXC, SHORTAC8413E208FA4047F30AFAE0C00C3CCA1DD5TSTEXC, SHORT9804F30E05B7C047890921800A2A88028BB3TSTEXC, SHORT923F395608E20042F80A5DB03BB021AE3150TSTEXC, SHORT5B1FAE6C0FF560469C097D40A66462B374ADTSTEXC, SHORT138EF83F0141B04F7E08A5A089903D88581DTSTEXC, SHORT74127E77086E1042F3086F7076A592D1D0C9TSTEXC, SHORT5137C02804236041A30A2E504180F52AF1EETSTEXC, SHORT737ED94E0AE950448F0B4C30C9057D986E44TSTEXC, SHORTA0F19189087D104EA00BD4A0CCC155DBF367TSTEXC, SHORTC0408902059E3040BC0918601FBAC034C3ABTSTEXC]
    23:42:21.914 | 198 Pool-1-worker-91 | INFO  | a.p.s.j.JenkinsUserManagementService : Update Jenkins permissions (add users to groups) for programming exercises: [null, null, SHORTDA184D9404036043920AC46061569DF9331ETSTEXC, SHORT4D18CB7903AAA049CD0891F00A7F77B5708ATSTEXC, SHORTE6CC1DA70D6B904FCF0AD3E0D4E2DA8018E7TSTEXC, SHORT2929F3C70393604A6A08F0803B79521686FDTSTEXC, SHORT95EE97310304B0435C08EDC0DFB1957C430DTSTEXC, SHORTCB0191F202F5404D7708DC50B0F54FF07D9ATSTEXC, SHORTE823DA4E035B904F250A6CB070A6B897835BTSTEXC, SHORT60AEF9F3062A804B80093E003D8346BCFDC4TSTEXC, SHORT015E8A9B05C69048AA087F40D0CD7F2312FDTSTEXC, SHORTE9ACA8550BFBA044EC08BCA09CE37420D51CTSTEXC, SHORT0D0C100208AE704FA90A38D0246D081FC16BTSTEXC, SHORT17FCEBBF01AB6041EF0B50E0F7F031E5DC15TSTEXC, SHORT3C8083500B4F4049060B86900DECE2E4E215TSTEXC, SHORT2D4D78CB02EB3042890BEC205671442D8CF8TSTEXC, SHORTADD785730E45604F9E0AB420275EF800D7E0TSTEXC, SHORT3C3F5A2208B1A049110ADEE072E577E5654ETSTEXC, SHORTA8CFEDC30EDC804E8508DDC0ACEC623B04A2TSTEXC, SHORTB6ECA2AF03D56044D20850E032D251EBE378TSTEXC, SHORT0B79AF1B0994304249092B00280004BBDC11TSTEXC, SHORTA13D35E50A39B040D108DFF0266C35C2E79DTSTEXC, SHORTDD22B6AD07E2B04F570B79C09AB7523409E8TSTEXC, SHORTC907FB5B0CF690494C0B6770C0E38FA9148ETSTEXC, SHORTA101A11F08EC90446008DED09C0467307EDCTSTEXC, SHORTD60BF4A506298044DF0821308BAC9DC2758ETSTEXC, SHORT804E11A302BD8045DC0A855023748D587851TSTEXC, SHORTC1F0176D037FA042AF0B01E05BB0A9B2E9BETSTEXC, SHORT0C7BCE7C0593B04AB9094D902D8C4BB8750CTSTEXC, SHORTA1002EDA02485040D709DFA024F1B4B414B7TSTEXC, SHORT252B48D702ACA04E7D09D1E026DE0EDBBC57TSTEXC, SHORT15FE276D091C20493D0A7750711FA8A288C4TSTEXC, SHORT04658EE40CF56043A90978F0D7CCEBB734C1TSTEXC, SHORT7CF576DD082A90450A0A82901E8EBFA88A7BTSTEXC, SHORTA972A00F0893B04D6F08C3D034FEB43C0DD8TSTEXC, SHORTC75A50230639D0498808D2F0E8C1A7B58CC5TSTEXC, SHORT3F566B5F0B72404479097E108CAA3BDA1949TSTEXC, SHORT6AAEE3480E5A40453808E8C00464EF5E5AB4TSTEXC, SHORTF7EE08B20B328046340B4AE0AE6603A3ED4FTSTEXC, SHORTB8D3A8190AF6B047CC0A8000C1445A11C533TSTEXC, SHORT13F751CC04C2E045660A7840124C5F74C6FBTSTEXC, SHORT8825F5AC06B80041720B67703B1A4C59180FTSTEXC, SHORT94B3497E0FA8A044F00B60D05C198A08807CTSTEXC, SHORT2AF074880E18F04BE50832D0DB91CC34A794TSTEXC, SHORTADCFB1060E55E048180BB4203D062BCEBD2BTSTEXC, SHORT15D509CE0B7C304FCD099A907183843CD29ATSTEXC, SHORT866495D9024C904D61083A20AFA040BBC5C4TSTEXC, SHORT17C6BEF20460A0439C0822C0CFA7DC22A993TSTEXC, SHORT73663F9D027A004C4D09DD804EB8E2CA7273TSTEXC, SHORTAC8413E208FA4047F30AFAE0C00C3CCA1DD5TSTEXC, SHORT9804F30E05B7C047890921800A2A88028BB3TSTEXC, SHORT923F395608E20042F80A5DB03BB021AE3150TSTEXC, SHORT5B1FAE6C0FF560469C097D40A66462B374ADTSTEXC, SHORT138EF83F0141B04F7E08A5A089903D88581DTSTEXC, SHORT74127E77086E1042F3086F7076A592D1D0C9TSTEXC, SHORT5137C02804236041A30A2E504180F52AF1EETSTEXC, SHORT737ED94E0AE950448F0B4C30C9057D986E44TSTEXC, SHORTA0F19189087D104EA00BD4A0CCC155DBF367TSTEXC, SHORTC0408902059E3040BC0918601FBAC034C3ABTSTEXC]
    23:42:22.260 | 198 Pool-1-worker-91 | INFO  | a.p.s.j.JenkinsUserManagementService : Update Jenkins permissions (remove users from groups) for programming exercises: [null, null, SHORTDA184D9404036043920AC46061569DF9331ETSTEXC, SHORT4D18CB7903AAA049CD0891F00A7F77B5708ATSTEXC, SHORTE6CC1DA70D6B904FCF0AD3E0D4E2DA8018E7TSTEXC, SHORT2929F3C70393604A6A08F0803B79521686FDTSTEXC, SHORT95EE97310304B0435C08EDC0DFB1957C430DTSTEXC, SHORTCB0191F202F5404D7708DC50B0F54FF07D9ATSTEXC, SHORTE823DA4E035B904F250A6CB070A6B897835BTSTEXC, SHORT60AEF9F3062A804B80093E003D8346BCFDC4TSTEXC, SHORT015E8A9B05C69048AA087F40D0CD7F2312FDTSTEXC, SHORTE9ACA8550BFBA044EC08BCA09CE37420D51CTSTEXC, SHORT0D0C100208AE704FA90A38D0246D081FC16BTSTEXC, SHORT17FCEBBF01AB6041EF0B50E0F7F031E5DC15TSTEXC, SHORT3C8083500B4F4049060B86900DECE2E4E215TSTEXC, SHORT2D4D78CB02EB3042890BEC205671442D8CF8TSTEXC, SHORTADD785730E45604F9E0AB420275EF800D7E0TSTEXC, SHORT3C3F5A2208B1A049110ADEE072E577E5654ETSTEXC, SHORTA8CFEDC30EDC804E8508DDC0ACEC623B04A2TSTEXC, SHORTB6ECA2AF03D56044D20850E032D251EBE378TSTEXC, SHORT0B79AF1B0994304249092B00280004BBDC11TSTEXC, SHORTA13D35E50A39B040D108DFF0266C35C2E79DTSTEXC, SHORTDD22B6AD07E2B04F570B79C09AB7523409E8TSTEXC, SHORTC907FB5B0CF690494C0B6770C0E38FA9148ETSTEXC, SHORTA101A11F08EC90446008DED09C0467307EDCTSTEXC, SHORTD60BF4A506298044DF0821308BAC9DC2758ETSTEXC, SHORT804E11A302BD8045DC0A855023748D587851TSTEXC, SHORTC1F0176D037FA042AF0B01E05BB0A9B2E9BETSTEXC, SHORT0C7BCE7C0593B04AB9094D902D8C4BB8750CTSTEXC, SHORTA1002EDA02485040D709DFA024F1B4B414B7TSTEXC, SHORT252B48D702ACA04E7D09D1E026DE0EDBBC57TSTEXC, SHORT15FE276D091C20493D0A7750711FA8A288C4TSTEXC, SHORT04658EE40CF56043A90978F0D7CCEBB734C1TSTEXC, SHORT7CF576DD082A90450A0A82901E8EBFA88A7BTSTEXC, SHORTA972A00F0893B04D6F08C3D034FEB43C0DD8TSTEXC, SHORTC75A50230639D0498808D2F0E8C1A7B58CC5TSTEXC, SHORT3F566B5F0B72404479097E108CAA3BDA1949TSTEXC, SHORT6AAEE3480E5A40453808E8C00464EF5E5AB4TSTEXC, SHORTF7EE08B20B328046340B4AE0AE6603A3ED4FTSTEXC, SHORTB8D3A8190AF6B047CC0A8000C1445A11C533TSTEXC, SHORT13F751CC04C2E045660A7840124C5F74C6FBTSTEXC, SHORT8825F5AC06B80041720B67703B1A4C59180FTSTEXC, SHORT94B3497E0FA8A044F00B60D05C198A08807CTSTEXC, SHORT2AF074880E18F04BE50832D0DB91CC34A794TSTEXC, SHORTADCFB1060E55E048180BB4203D062BCEBD2BTSTEXC, SHORT15D509CE0B7C304FCD099A907183843CD29ATSTEXC, SHORT866495D9024C904D61083A20AFA040BBC5C4TSTEXC, SHORT17C6BEF20460A0439C0822C0CFA7DC22A993TSTEXC, SHORT73663F9D027A004C4D09DD804EB8E2CA7273TSTEXC, SHORTAC8413E208FA4047F30AFAE0C00C3CCA1DD5TSTEXC, SHORT9804F30E05B7C047890921800A2A88028BB3TSTEXC, SHORT923F395608E20042F80A5DB03BB021AE3150TSTEXC, SHORT5B1FAE6C0FF560469C097D40A66462B374ADTSTEXC, SHORT138EF83F0141B04F7E08A5A089903D88581DTSTEXC, SHORT74127E77086E1042F3086F7076A592D1D0C9TSTEXC, SHORT5137C02804236041A30A2E504180F52AF1EETSTEXC, SHORT737ED94E0AE950448F0B4C30C9057D986E44TSTEXC, SHORTA0F19189087D104EA00BD4A0CCC155DBF367TSTEXC, SHORTC0408902059E3040BC0918601FBAC034C3ABTSTEXC]
    23:42:22.272 | 198 Pool-1-worker-91 | INFO  | a.p.s.j.JenkinsUserManagementService : Update Jenkins permissions (add users to groups) for programming exercises: [null, null, SHORTDA184D9404036043920AC46061569DF9331ETSTEXC, SHORT4D18CB7903AAA049CD0891F00A7F77B5708ATSTEXC, SHORTE6CC1DA70D6B904FCF0AD3E0D4E2DA8018E7TSTEXC, SHORT2929F3C70393604A6A08F0803B79521686FDTSTEXC, SHORT95EE97310304B0435C08EDC0DFB1957C430DTSTEXC, SHORTCB0191F202F5404D7708DC50B0F54FF07D9ATSTEXC, SHORTE823DA4E035B904F250A6CB070A6B897835BTSTEXC, SHORT60AEF9F3062A804B80093E003D8346BCFDC4TSTEXC, SHORT015E8A9B05C69048AA087F40D0CD7F2312FDTSTEXC, SHORTE9ACA8550BFBA044EC08BCA09CE37420D51CTSTEXC, SHORT0D0C100208AE704FA90A38D0246D081FC16BTSTEXC, SHORT17FCEBBF01AB6041EF0B50E0F7F031E5DC15TSTEXC, SHORT3C8083500B4F4049060B86900DECE2E4E215TSTEXC, SHORT2D4D78CB02EB3042890BEC205671442D8CF8TSTEXC, SHORTADD785730E45604F9E0AB420275EF800D7E0TSTEXC, SHORT3C3F5A2208B1A049110ADEE072E577E5654ETSTEXC, SHORTA8CFEDC30EDC804E8508DDC0ACEC623B04A2TSTEXC, SHORTB6ECA2AF03D56044D20850E032D251EBE378TSTEXC, SHORT0B79AF1B0994304249092B00280004BBDC11TSTEXC, SHORTA13D35E50A39B040D108DFF0266C35C2E79DTSTEXC, SHORTDD22B6AD07E2B04F570B79C09AB7523409E8TSTEXC, SHORTC907FB5B0CF690494C0B6770C0E38FA9148ETSTEXC, SHORTA101A11F08EC90446008DED09C0467307EDCTSTEXC, SHORTD60BF4A506298044DF0821308BAC9DC2758ETSTEXC, SHORT804E11A302BD8045DC0A855023748D587851TSTEXC, SHORTC1F0176D037FA042AF0B01E05BB0A9B2E9BETSTEXC, SHORT0C7BCE7C0593B04AB9094D902D8C4BB8750CTSTEXC, SHORTA1002EDA02485040D709DFA024F1B4B414B7TSTEXC, SHORT252B48D702ACA04E7D09D1E026DE0EDBBC57TSTEXC, SHORT15FE276D091C20493D0A7750711FA8A288C4TSTEXC, SHORT04658EE40CF56043A90978F0D7CCEBB734C1TSTEXC, SHORT7CF576DD082A90450A0A82901E8EBFA88A7BTSTEXC, SHORTA972A00F0893B04D6F08C3D034FEB43C0DD8TSTEXC, SHORTC75A50230639D0498808D2F0E8C1A7B58CC5TSTEXC, SHORT3F566B5F0B72404479097E108CAA3BDA1949TSTEXC, SHORT6AAEE3480E5A40453808E8C00464EF5E5AB4TSTEXC, SHORTF7EE08B20B328046340B4AE0AE6603A3ED4FTSTEXC, SHORTB8D3A8190AF6B047CC0A8000C1445A11C533TSTEXC, SHORT13F751CC04C2E045660A7840124C5F74C6FBTSTEXC, SHORT8825F5AC06B80041720B67703B1A4C59180FTSTEXC, SHORT94B3497E0FA8A044F00B60D05C198A08807CTSTEXC, SHORT2AF074880E18F04BE50832D0DB91CC34A794TSTEXC, SHORTADCFB1060E55E048180BB4203D062BCEBD2BTSTEXC, SHORT15D509CE0B7C304FCD099A907183843CD29ATSTEXC, SHORT866495D9024C904D61083A20AFA040BBC5C4TSTEXC, SHORT17C6BEF20460A0439C0822C0CFA7DC22A993TSTEXC, SHORT73663F9D027A004C4D09DD804EB8E2CA7273TSTEXC, SHORTAC8413E208FA4047F30AFAE0C00C3CCA1DD5TSTEXC, SHORT9804F30E05B7C047890921800A2A88028BB3TSTEXC, SHORT923F395608E20042F80A5DB03BB021AE3150TSTEXC, SHORT5B1FAE6C0FF560469C097D40A66462B374ADTSTEXC, SHORT138EF83F0141B04F7E08A5A089903D88581DTSTEXC, SHORT74127E77086E1042F3086F7076A592D1D0C9TSTEXC, SHORT5137C02804236041A30A2E504180F52AF1EETSTEXC, SHORT737ED94E0AE950448F0B4C30C9057D986E44TSTEXC, SHORTA0F19189087D104EA00BD4A0CCC155DBF367TSTEXC, SHORTC0408902059E3040BC0918601FBAC034C3ABTSTEXC]

  Starting logs for UserJenkinsGitlabIntegrationTest > getUsersOrAuthorities_asInstructor_forbidden()
    23:42:22.475 | 198 Pool-1-worker-91 | DEBUG | d.t.c.a.a.c.u.util.UserUtilService   : Generate 2 students...
    23:42:22.478 | 198 Pool-1-worker-91 | DEBUG | d.t.c.a.a.c.u.util.UserUtilService   : 2 students generated. Generate 1 tutors...
    23:42:22.480 | 198 Pool-1-worker-91 | DEBUG | d.t.c.a.a.c.u.util.UserUtilService   : 1 tutors generated. Generate 1 editors...
    23:42:22.482 | 198 Pool-1-worker-91 | DEBUG | d.t.c.a.a.c.u.util.UserUtilService   : 1 editors generated. Generate 1 instructors...
    23:42:22.484 | 198 Pool-1-worker-91 | DEBUG | d.t.c.a.a.c.u.util.UserUtilService   : 1 instructors generated
    23:42:22.485 | 198 Pool-1-worker-91 | DEBUG | d.t.c.a.a.c.u.util.UserUtilService   : Removing 0 users from all courses...
    23:42:22.485 | 198 Pool-1-worker-91 | DEBUG | d.t.c.a.a.c.u.util.UserUtilService   : Removing 0 users from all courses. Done
    23:42:22.485 | 198 Pool-1-worker-91 | DEBUG | d.t.c.a.a.c.u.util.UserUtilService   : Save 5 users to database...
    23:42:22.489 | 198 Pool-1-worker-91 | DEBUG | d.t.c.a.a.c.u.util.UserUtilService   : Save 5 users to database. Done
    23:42:22.493 | 198 Pool-1-worker-91 | INFO  | i.z.t.d.l.EmbeddedDatabaseReporter   : JDBC URL to connect to 'dataSource': url='jdbc:h2:tcp://localhost:41063/mem:736625c0-cf5e-400d-aeaa-8a7eabd6262b;USER=sa', scope='UserJenkinsGitlabIntegrationTest#getUsersOrAuthorities_asInstructor_forbidden'
    23:42:22.496 | 198 Pool-1-worker-91 | WARN  | o.z.p.spring.common.AdviceTraits     : Forbidden: Access Denied
    23:42:22.498 | 198 Pool-1-worker-91 | WARN  | o.z.p.spring.common.AdviceTraits     : Forbidden: Access Denied

  Starting logs for UserJenkinsGitlabIntegrationTest > updateAdminUserSkippedInJenkins()
    23:42:22.529 | 198 Pool-1-worker-91 | DEBUG | d.t.c.a.a.c.u.util.UserUtilService   : Generate 2 students...
    23:42:22.531 | 198 Pool-1-worker-91 | DEBUG | d.t.c.a.a.c.u.util.UserUtilService   : 2 students generated. Generate 1 tutors...
    23:42:22.533 | 198 Pool-1-worker-91 | DEBUG | d.t.c.a.a.c.u.util.UserUtilService   : 1 tutors generated. Generate 1 editors...
    23:42:22.536 | 198 Pool-1-worker-91 | DEBUG | d.t.c.a.a.c.u.util.UserUtilService   : 1 editors generated. Generate 1 instructors...
    23:42:22.538 | 198 Pool-1-worker-91 | DEBUG | d.t.c.a.a.c.u.util.UserUtilService   : 1 instructors generated
    23:42:22.545 | 198 Pool-1-worker-91 | DEBUG | d.t.c.a.a.c.u.util.UserUtilService   : Removing 0 users from all courses...
    23:42:22.545 | 198 Pool-1-worker-91 | DEBUG | d.t.c.a.a.c.u.util.UserUtilService   : Removing 0 users from all courses. Done
    23:42:22.545 | 198 Pool-1-worker-91 | DEBUG | d.t.c.a.a.c.u.util.UserUtilService   : Save 5 users to database...
    23:42:22.550 | 198 Pool-1-worker-91 | DEBUG | d.t.c.a.a.c.u.util.UserUtilService   : Save 5 users to database. Done
    23:42:22.555 | 198 Pool-1-worker-91 | INFO  | i.z.t.d.l.EmbeddedDatabaseReporter   : JDBC URL to connect to 'dataSource': url='jdbc:h2:tcp://localhost:41063/mem:736625c0-cf5e-400d-aeaa-8a7eabd6262b;USER=sa', scope='UserJenkinsGitlabIntegrationTest#updateAdminUserSkippedInJenkins'
    23:42:22.568 | 198 Pool-1-worker-91 | DEBUG | d.t.c.a.a.c.s.f.ApiVersionFilter     : Adding Version to Request PUT /api/admin/users
    23:42:22.569 | 198 Pool-1-worker-91 | DEBUG | d.t.c.a.a.c.w.a.AdminUserResource    : REST request to update User : ManagedUserVM{} UserDTO{login='userjenkstudent1', firstName='Bruce', lastName='Wayne', email='bonobo42@tum.com', imageUrl='foobar.png', activated=true, langKey='DE', createdBy=admin, createdDate=2025-02-14T23:42:22.545438Z, lastModifiedBy='admin', lastModifiedDate=2025-02-14T23:42:22.545438Z, lastNotificationRead=null, authorities=[ROLE_TA]}
    23:42:22.574 | 198 Pool-1-worker-91 | DEBUG | d.t.c.a.a.c.s.u.UserCreationService  : Changed Information for User: User{login='userjenkstudent1', firstName='Bruce', lastName='Wayne', email='bonobo42@tum.com', imageUrl='foobar.png', activated='true', langKey='DE', activationKey='null'}
    23:42:22.574 | 198 Pool-1-worker-91 | DEBUG | d.t.c.a.a.c.s.u.UserCreationService  : Save user User{login='userjenkstudent1', firstName='Bruce', lastName='Wayne', email='bonobo42@tum.com', imageUrl='foobar.png', activated='true', langKey='DE', activationKey='null'}
    23:42:22.579 | 198 Pool-1-worker-91 | INFO  | .a.p.s.g.GitLabUserManagementService : Update Gitlab permissions for programming exercises: []
    23:42:22.580 | 198 Pool-1-worker-91 | INFO  | .a.p.s.g.GitLabUserManagementService : Update Gitlab permissions for programming exercises: []
    23:42:22.580 | 198 Pool-1-worker-91 | DEBUG | a.p.s.j.JenkinsUserManagementService : Jenkins updateUser: Skipping jenkinsAdminUser: userjenkstudent1.
    23:42:22.582 | 198 Pool-1-worker-91 | INFO  | a.p.s.j.JenkinsUserManagementService : Update Jenkins permissions (remove users from groups) for programming exercises: []
    23:42:22.583 | 198 Pool-1-worker-91 | INFO  | a.p.s.j.JenkinsUserManagementService : Update Jenkins permissions (add users to groups) for programming exercises: []

  Starting logs for UserJenkinsGitlabIntegrationTest > createInternalUser_asAdmin_with_vcsAccessToken_isSuccessful()
    23:42:22.615 | 198 Pool-1-worker-91 | DEBUG | d.t.c.a.a.c.u.util.UserUtilService   : Generate 2 students...
    23:42:22.618 | 198 Pool-1-worker-91 | DEBUG | d.t.c.a.a.c.u.util.UserUtilService   : 2 students generated. Generate 1 tutors...
    23:42:22.620 | 198 Pool-1-worker-91 | DEBUG | d.t.c.a.a.c.u.util.UserUtilService   : 1 tutors generated. Generate 1 editors...
    23:42:22.622 | 198 Pool-1-worker-91 | DEBUG | d.t.c.a.a.c.u.util.UserUtilService   : 1 editors generated. Generate 1 instructors...
    23:42:22.624 | 198 Pool-1-worker-91 | DEBUG | d.t.c.a.a.c.u.util.UserUtilService   : 1 instructors generated
    23:42:22.625 | 198 Pool-1-worker-91 | DEBUG | d.t.c.a.a.c.u.util.UserUtilService   : Removing 0 users from all courses...
    23:42:22.625 | 198 Pool-1-worker-91 | DEBUG | d.t.c.a.a.c.u.util.UserUtilService   : Removing 0 users from all courses. Done
    23:42:22.625 | 198 Pool-1-worker-91 | DEBUG | d.t.c.a.a.c.u.util.UserUtilService   : Save 5 users to database...
    23:42:22.629 | 198 Pool-1-worker-91 | DEBUG | d.t.c.a.a.c.u.util.UserUtilService   : Save 5 users to database. Done
    23:42:22.634 | 198 Pool-1-worker-91 | INFO  | i.z.t.d.l.EmbeddedDatabaseReporter   : JDBC URL to connect to 'dataSource': url='jdbc:h2:tcp://localhost:41063/mem:736625c0-cf5e-400d-aeaa-8a7eabd6262b;USER=sa', scope='UserJenkinsGitlabIntegrationTest#createInternalUser_asAdmin_with_vcsAccessToken_isSuccessful'
    23:42:22.646 | 198 Pool-1-worker-91 | DEBUG | d.t.c.a.a.c.s.f.ApiVersionFilter     : Adding Version to Request POST /api/admin/users
    23:42:22.647 | 198 Pool-1-worker-91 | DEBUG | d.t.c.a.a.c.w.a.AdminUserResource    : REST request to save User : ManagedUserVM{} UserDTO{login='batman', firstName='userjenkstudent1First', lastName='userjenkstudent1Last', email='batman@secret.invalid', imageUrl='null', activated=true, langKey='en', createdBy=admin, createdDate=2025-02-14T23:42:22.626081Z, lastModifiedBy='admin', lastModifiedDate=2025-02-14T23:42:22.626081Z, lastNotificationRead=null, authorities=[ROLE_USER]}
    23:42:22.652 | 198 Pool-1-worker-91 | DEBUG | d.t.c.a.a.c.s.u.UserCreationService  : Save user User{login='batman', firstName='userjenkstudent1First', lastName='userjenkstudent1Last', email='batman@secret.invalid', imageUrl='null', activated='true', langKey='en', activationKey='null'}
    23:42:22.655 | 198 Pool-1-worker-91 | INFO  | .a.p.s.g.GitLabUserManagementService : Update Gitlab permissions for programming exercises: []
    23:42:22.658 | 198 Pool-1-worker-91 | INFO  | a.p.s.j.JenkinsUserManagementService : Update Jenkins permissions (add users to groups) for programming exercises: []
    23:42:22.662 | 198 Pool-1-worker-91 | DEBUG | d.t.c.a.a.c.s.u.UserCreationService  : Created Information for User: User{login='batman', firstName='userjenkstudent1First', lastName='userjenkstudent1Last', email='batman@secret.invalid', imageUrl='null', activated='true', langKey='en', activationKey='null'}

  Starting logs for UserJenkinsGitlabIntegrationTest > createUserWithGroupsAlreadyExistsInGitlab()
    23:42:22.693 | 198 Pool-1-worker-91 | DEBUG | d.t.c.a.a.c.u.util.UserUtilService   : Generate 2 students...
    23:42:22.696 | 198 Pool-1-worker-91 | DEBUG | d.t.c.a.a.c.u.util.UserUtilService   : 2 students generated. Generate 1 tutors...
    23:42:22.698 | 198 Pool-1-worker-91 | DEBUG | d.t.c.a.a.c.u.util.UserUtilService   : 1 tutors generated. Generate 1 editors...
    23:42:22.699 | 198 Pool-1-worker-91 | DEBUG | d.t.c.a.a.c.u.util.UserUtilService   : 1 editors generated. Generate 1 instructors...
    23:42:22.701 | 198 Pool-1-worker-91 | DEBUG | d.t.c.a.a.c.u.util.UserUtilService   : 1 instructors generated
    23:42:22.703 | 198 Pool-1-worker-91 | DEBUG | d.t.c.a.a.c.u.util.UserUtilService   : Removing 0 users from all courses...
    23:42:22.703 | 198 Pool-1-worker-91 | DEBUG | d.t.c.a.a.c.u.util.UserUtilService   : Removing 0 users from all courses. Done
    23:42:22.703 | 198 Pool-1-worker-91 | DEBUG | d.t.c.a.a.c.u.util.UserUtilService   : Save 5 users to database...
    23:42:22.706 | 198 Pool-1-worker-91 | DEBUG | d.t.c.a.a.c.u.util.UserUtilService   : Save 5 users to database. Done
    23:42:22.711 | 198 Pool-1-worker-91 | INFO  | i.z.t.d.l.EmbeddedDatabaseReporter   : JDBC URL to connect to 'dataSource': url='jdbc:h2:tcp://localhost:41063/mem:736625c0-cf5e-400d-aeaa-8a7eabd6262b;USER=sa', scope='UserJenkinsGitlabIntegrationTest#createUserWithGroupsAlreadyExistsInGitlab'
    23:42:22.748 | 198 Pool-1-worker-91 | DEBUG | d.t.c.a.a.c.s.f.ApiVersionFilter     : Adding Version to Request POST /api/admin/users
    23:42:22.749 | 198 Pool-1-worker-91 | DEBUG | d.t.c.a.a.c.w.a.AdminUserResource    : REST request to save User : ManagedUserVM{} UserDTO{login='batman', firstName='userjenkstudent1First', lastName='userjenkstudent1Last', email='foobar@tum.com', imageUrl='null', activated=true, langKey='en', createdBy=admin, createdDate=2025-02-14T23:42:22.703734Z, lastModifiedBy='admin', lastModifiedDate=2025-02-14T23:42:22.703734Z, lastNotificationRead=null, authorities=[ROLE_USER]}
    23:42:22.754 | 198 Pool-1-worker-91 | DEBUG | d.t.c.a.a.c.s.u.UserCreationService  : Save user User{login='batman', firstName='userjenkstudent1First', lastName='userjenkstudent1Last', email='foobar@tum.com', imageUrl='null', activated='true', langKey='en', activationKey='null'}
    23:42:22.764 | 198 Pool-1-worker-91 | INFO  | .a.p.s.g.GitLabUserManagementService : Update Gitlab permissions for programming exercises: [null, null, SHORTDA184D9404036043920AC46061569DF9331ETSTEXC, SHORT4D18CB7903AAA049CD0891F00A7F77B5708ATSTEXC, SHORTE6CC1DA70D6B904FCF0AD3E0D4E2DA8018E7TSTEXC, SHORT2929F3C70393604A6A08F0803B79521686FDTSTEXC, SHORT95EE97310304B0435C08EDC0DFB1957C430DTSTEXC, SHORTCB0191F202F5404D7708DC50B0F54FF07D9ATSTEXC, SHORTE823DA4E035B904F250A6CB070A6B897835BTSTEXC, SHORT60AEF9F3062A804B80093E003D8346BCFDC4TSTEXC, SHORT015E8A9B05C69048AA087F40D0CD7F2312FDTSTEXC, SHORTE9ACA8550BFBA044EC08BCA09CE37420D51CTSTEXC, SHORT0D0C100208AE704FA90A38D0246D081FC16BTSTEXC, SHORT17FCEBBF01AB6041EF0B50E0F7F031E5DC15TSTEXC, SHORT3C8083500B4F4049060B86900DECE2E4E215TSTEXC, SHORT2D4D78CB02EB3042890BEC205671442D8CF8TSTEXC, SHORTADD785730E45604F9E0AB420275EF800D7E0TSTEXC, SHORT3C3F5A2208B1A049110ADEE072E577E5654ETSTEXC, SHORTA8CFEDC30EDC804E8508DDC0ACEC623B04A2TSTEXC, SHORTB6ECA2AF03D56044D20850E032D251EBE378TSTEXC, SHORT0B79AF1B0994304249092B00280004BBDC11TSTEXC, SHORTA13D35E50A39B040D108DFF0266C35C2E79DTSTEXC, SHORTDD22B6AD07E2B04F570B79C09AB7523409E8TSTEXC, SHORTC907FB5B0CF690494C0B6770C0E38FA9148ETSTEXC, SHORTA101A11F08EC90446008DED09C0467307EDCTSTEXC, SHORTD60BF4A506298044DF0821308BAC9DC2758ETSTEXC, SHORT804E11A302BD8045DC0A855023748D587851TSTEXC, SHORTC1F0176D037FA042AF0B01E05BB0A9B2E9BETSTEXC, SHORT0C7BCE7C0593B04AB9094D902D8C4BB8750CTSTEXC, SHORTA1002EDA02485040D709DFA024F1B4B414B7TSTEXC, SHORT252B48D702ACA04E7D09D1E026DE0EDBBC57TSTEXC, SHORT15FE276D091C20493D0A7750711FA8A288C4TSTEXC, SHORT04658EE40CF56043A90978F0D7CCEBB734C1TSTEXC, SHORT7CF576DD082A90450A0A82901E8EBFA88A7BTSTEXC, SHORTA972A00F0893B04D6F08C3D034FEB43C0DD8TSTEXC, SHORTC75A50230639D0498808D2F0E8C1A7B58CC5TSTEXC, SHORT3F566B5F0B72404479097E108CAA3BDA1949TSTEXC, SHORT6AAEE3480E5A40453808E8C00464EF5E5AB4TSTEXC, SHORTF7EE08B20B328046340B4AE0AE6603A3ED4FTSTEXC, SHORTB8D3A8190AF6B047CC0A8000C1445A11C533TSTEXC, SHORT13F751CC04C2E045660A7840124C5F74C6FBTSTEXC, SHORT8825F5AC06B80041720B67703B1A4C59180FTSTEXC, SHORT94B3497E0FA8A044F00B60D05C198A08807CTSTEXC, SHORT2AF074880E18F04BE50832D0DB91CC34A794TSTEXC, SHORTADCFB1060E55E048180BB4203D062BCEBD2BTSTEXC, SHORT15D509CE0B7C304FCD099A907183843CD29ATSTEXC, SHORT866495D9024C904D61083A20AFA040BBC5C4TSTEXC, SHORT17C6BEF20460A0439C0822C0CFA7DC22A993TSTEXC, SHORT73663F9D027A004C4D09DD804EB8E2CA7273TSTEXC, SHORTAC8413E208FA4047F30AFAE0C00C3CCA1DD5TSTEXC, SHORT9804F30E05B7C047890921800A2A88028BB3TSTEXC, SHORT923F395608E20042F80A5DB03BB021AE3150TSTEXC, SHORT5B1FAE6C0FF560469C097D40A66462B374ADTSTEXC, SHORT138EF83F0141B04F7E08A5A089903D88581DTSTEXC, SHORT74127E77086E1042F3086F7076A592D1D0C9TSTEXC, SHORT5137C02804236041A30A2E504180F52AF1EETSTEXC, SHORT737ED94E0AE950448F0B4C30C9057D986E44TSTEXC, SHORTA0F19189087D104EA00BD4A0CCC155DBF367TSTEXC, SHORTC0408902059E3040BC0918601FBAC034C3ABTSTEXC, SHORT8C0D20950A952041FE0B1E2093699E4DFC17TSTEXC]
    23:42:22.765 | 198 Pool-1-worker-91 | INFO  | .a.p.s.g.GitLabUserManagementService : Add member 1 to Gitlab group null
    23:42:22.765 | 198 Pool-1-worker-91 | INFO  | .a.p.s.g.GitLabUserManagementService : Add member 1 to Gitlab group null
    23:42:22.765 | 198 Pool-1-worker-91 | INFO  | .a.p.s.g.GitLabUserManagementService : Add member 1 to Gitlab group SHORTDA184D9404036043920AC46061569DF9331ETSTEXC
    23:42:22.765 | 198 Pool-1-worker-91 | INFO  | .a.p.s.g.GitLabUserManagementService : Add member 1 to Gitlab group SHORT4D18CB7903AAA049CD0891F00A7F77B5708ATSTEXC
    23:42:22.765 | 198 Pool-1-worker-91 | INFO  | .a.p.s.g.GitLabUserManagementService : Add member 1 to Gitlab group SHORTE6CC1DA70D6B904FCF0AD3E0D4E2DA8018E7TSTEXC
    23:42:22.765 | 198 Pool-1-worker-91 | INFO  | .a.p.s.g.GitLabUserManagementService : Add member 1 to Gitlab group SHORT2929F3C70393604A6A08F0803B79521686FDTSTEXC
    23:42:22.766 | 198 Pool-1-worker-91 | INFO  | .a.p.s.g.GitLabUserManagementService : Add member 1 to Gitlab group SHORT95EE97310304B0435C08EDC0DFB1957C430DTSTEXC
    23:42:22.766 | 198 Pool-1-worker-91 | INFO  | .a.p.s.g.GitLabUserManagementService : Add member 1 to Gitlab group SHORTCB0191F202F5404D7708DC50B0F54FF07D9ATSTEXC
    23:42:22.766 | 198 Pool-1-worker-91 | INFO  | .a.p.s.g.GitLabUserManagementService : Add member 1 to Gitlab group SHORTE823DA4E035B904F250A6CB070A6B897835BTSTEXC
    23:42:22.766 | 198 Pool-1-worker-91 | INFO  | .a.p.s.g.GitLabUserManagementService : Add member 1 to Gitlab group SHORT60AEF9F3062A804B80093E003D8346BCFDC4TSTEXC
    23:42:22.766 | 198 Pool-1-worker-91 | INFO  | .a.p.s.g.GitLabUserManagementService : Add member 1 to Gitlab group SHORT015E8A9B05C69048AA087F40D0CD7F2312FDTSTEXC
    23:42:22.766 | 198 Pool-1-worker-91 | INFO  | .a.p.s.g.GitLabUserManagementService : Add member 1 to Gitlab group SHORTE9ACA8550BFBA044EC08BCA09CE37420D51CTSTEXC
    23:42:22.766 | 198 Pool-1-worker-91 | INFO  | .a.p.s.g.GitLabUserManagementService : Add member 1 to Gitlab group SHORT0D0C100208AE704FA90A38D0246D081FC16BTSTEXC
    23:42:22.766 | 198 Pool-1-worker-91 | INFO  | .a.p.s.g.GitLabUserManagementService : Add member 1 to Gitlab group SHORT17FCEBBF01AB6041EF0B50E0F7F031E5DC15TSTEXC
    23:42:22.766 | 198 Pool-1-worker-91 | INFO  | .a.p.s.g.GitLabUserManagementService : Add member 1 to Gitlab group SHORT3C8083500B4F4049060B86900DECE2E4E215TSTEXC
    23:42:22.767 | 198 Pool-1-worker-91 | INFO  | .a.p.s.g.GitLabUserManagementService : Add member 1 to Gitlab group SHORT2D4D78CB02EB3042890BEC205671442D8CF8TSTEXC
    23:42:22.767 | 198 Pool-1-worker-91 | INFO  | .a.p.s.g.GitLabUserManagementService : Add member 1 to Gitlab group SHORTADD785730E45604F9E0AB420275EF800D7E0TSTEXC
    23:42:22.767 | 198 Pool-1-worker-91 | INFO  | .a.p.s.g.GitLabUserManagementService : Add member 1 to Gitlab group SHORT3C3F5A2208B1A049110ADEE072E577E5654ETSTEXC
    23:42:22.767 | 198 Pool-1-worker-91 | INFO  | .a.p.s.g.GitLabUserManagementService : Add member 1 to Gitlab group SHORTA8CFEDC30EDC804E8508DDC0ACEC623B04A2TSTEXC
    23:42:22.767 | 198 Pool-1-worker-91 | INFO  | .a.p.s.g.GitLabUserManagementService : Add member 1 to Gitlab group SHORTB6ECA2AF03D56044D20850E032D251EBE378TSTEXC
    23:42:22.767 | 198 Pool-1-worker-91 | INFO  | .a.p.s.g.GitLabUserManagementService : Add member 1 to Gitlab group SHORT0B79AF1B0994304249092B00280004BBDC11TSTEXC
    23:42:22.767 | 198 Pool-1-worker-91 | INFO  | .a.p.s.g.GitLabUserManagementService : Add member 1 to Gitlab group SHORTA13D35E50A39B040D108DFF0266C35C2E79DTSTEXC
    23:42:22.767 | 198 Pool-1-worker-91 | INFO  | .a.p.s.g.GitLabUserManagementService : Add member 1 to Gitlab group SHORTDD22B6AD07E2B04F570B79C09AB7523409E8TSTEXC
    23:42:22.767 | 198 Pool-1-worker-91 | INFO  | .a.p.s.g.GitLabUserManagementService : Add member 1 to Gitlab group SHORTC907FB5B0CF690494C0B6770C0E38FA9148ETSTEXC
    23:42:22.767 | 198 Pool-1-worker-91 | INFO  | .a.p.s.g.GitLabUserManagementService : Add member 1 to Gitlab group SHORTA101A11F08EC90446008DED09C0467307EDCTSTEXC
    23:42:22.768 | 198 Pool-1-worker-91 | INFO  | .a.p.s.g.GitLabUserManagementService : Add member 1 to Gitlab group SHORTD60BF4A506298044DF0821308BAC9DC2758ETSTEXC
    23:42:22.768 | 198 Pool-1-worker-91 | INFO  | .a.p.s.g.GitLabUserManagementService : Add member 1 to Gitlab group SHORT804E11A302BD8045DC0A855023748D587851TSTEXC
    23:42:22.768 | 198 Pool-1-worker-91 | INFO  | .a.p.s.g.GitLabUserManagementService : Add member 1 to Gitlab group SHORTC1F0176D037FA042AF0B01E05BB0A9B2E9BETSTEXC
    23:42:22.768 | 198 Pool-1-worker-91 | INFO  | .a.p.s.g.GitLabUserManagementService : Add member 1 to Gitlab group SHORT0C7BCE7C0593B04AB9094D902D8C4BB8750CTSTEXC
    23:42:22.768 | 198 Pool-1-worker-91 | INFO  | .a.p.s.g.GitLabUserManagementService : Add member 1 to Gitlab group SHORTA1002EDA02485040D709DFA024F1B4B414B7TSTEXC
    23:42:22.768 | 198 Pool-1-worker-91 | INFO  | .a.p.s.g.GitLabUserManagementService : Add member 1 to Gitlab group SHORT252B48D702ACA04E7D09D1E026DE0EDBBC57TSTEXC
    23:42:22.770 | 198 Pool-1-worker-91 | INFO  | .a.p.s.g.GitLabUserManagementService : Add member 1 to Gitlab group SHORT15FE276D091C20493D0A7750711FA8A288C4TSTEXC
    23:42:22.770 | 198 Pool-1-worker-91 | INFO  | .a.p.s.g.GitLabUserManagementService : Add member 1 to Gitlab group SHORT04658EE40CF56043A90978F0D7CCEBB734C1TSTEXC
    23:42:22.770 | 198 Pool-1-worker-91 | INFO  | .a.p.s.g.GitLabUserManagementService : Add member 1 to Gitlab group SHORT7CF576DD082A90450A0A82901E8EBFA88A7BTSTEXC
    23:42:22.770 | 198 Pool-1-worker-91 | INFO  | .a.p.s.g.GitLabUserManagementService : Add member 1 to Gitlab group SHORTA972A00F0893B04D6F08C3D034FEB43C0DD8TSTEXC
    23:42:22.770 | 198 Pool-1-worker-91 | INFO  | .a.p.s.g.GitLabUserManagementService : Add member 1 to Gitlab group SHORTC75A50230639D0498808D2F0E8C1A7B58CC5TSTEXC
    23:42:22.770 | 198 Pool-1-worker-91 | INFO  | .a.p.s.g.GitLabUserManagementService : Add member 1 to Gitlab group SHORT3F566B5F0B72404479097E108CAA3BDA1949TSTEXC
    23:42:22.770 | 198 Pool-1-worker-91 | INFO  | .a.p.s.g.GitLabUserManagementService : Add member 1 to Gitlab group SHORT6AAEE3480E5A40453808E8C00464EF5E5AB4TSTEXC
    23:42:22.771 | 198 Pool-1-worker-91 | INFO  | .a.p.s.g.GitLabUserManagementService : Add member 1 to Gitlab group SHORTF7EE08B20B328046340B4AE0AE6603A3ED4FTSTEXC
    23:42:22.771 | 198 Pool-1-worker-91 | INFO  | .a.p.s.g.GitLabUserManagementService : Add member 1 to Gitlab group SHORTB8D3A8190AF6B047CC0A8000C1445A11C533TSTEXC
    23:42:22.771 | 198 Pool-1-worker-91 | INFO  | .a.p.s.g.GitLabUserManagementService : Add member 1 to Gitlab group SHORT13F751CC04C2E045660A7840124C5F74C6FBTSTEXC
    23:42:22.771 | 198 Pool-1-worker-91 | INFO  | .a.p.s.g.GitLabUserManagementService : Add member 1 to Gitlab group SHORT8825F5AC06B80041720B67703B1A4C59180FTSTEXC
    23:42:22.771 | 198 Pool-1-worker-91 | INFO  | .a.p.s.g.GitLabUserManagementService : Add member 1 to Gitlab group SHORT94B3497E0FA8A044F00B60D05C198A08807CTSTEXC
    23:42:22.771 | 198 Pool-1-worker-91 | INFO  | .a.p.s.g.GitLabUserManagementService : Add member 1 to Gitlab group SHORT2AF074880E18F04BE50832D0DB91CC34A794TSTEXC
    23:42:22.771 | 198 Pool-1-worker-91 | INFO  | .a.p.s.g.GitLabUserManagementService : Add member 1 to Gitlab group SHORTADCFB1060E55E048180BB4203D062BCEBD2BTSTEXC
    23:42:22.772 | 198 Pool-1-worker-91 | INFO  | .a.p.s.g.GitLabUserManagementService : Add member 1 to Gitlab group SHORT15D509CE0B7C304FCD099A907183843CD29ATSTEXC
    23:42:22.772 | 198 Pool-1-worker-91 | INFO  | .a.p.s.g.GitLabUserManagementService : Add member 1 to Gitlab group SHORT866495D9024C904D61083A20AFA040BBC5C4TSTEXC
    23:42:22.772 | 198 Pool-1-worker-91 | INFO  | .a.p.s.g.GitLabUserManagementService : Add member 1 to Gitlab group SHORT17C6BEF20460A0439C0822C0CFA7DC22A993TSTEXC
    23:42:22.772 | 198 Pool-1-worker-91 | INFO  | .a.p.s.g.GitLabUserManagementService : Add member 1 to Gitlab group SHORT73663F9D027A004C4D09DD804EB8E2CA7273TSTEXC
    23:42:22.772 | 198 Pool-1-worker-91 | INFO  | .a.p.s.g.GitLabUserManagementService : Add member 1 to Gitlab group SHORTAC8413E208FA4047F30AFAE0C00C3CCA1DD5TSTEXC
    23:42:22.772 | 198 Pool-1-worker-91 | INFO  | .a.p.s.g.GitLabUserManagementService : Add member 1 to Gitlab group SHORT9804F30E05B7C047890921800A2A88028BB3TSTEXC
    23:42:22.772 | 198 Pool-1-worker-91 | INFO  | .a.p.s.g.GitLabUserManagementService : Add member 1 to Gitlab group SHORT923F395608E20042F80A5DB03BB021AE3150TSTEXC
    23:42:22.772 | 198 Pool-1-worker-91 | INFO  | .a.p.s.g.GitLabUserManagementService : Add member 1 to Gitlab group SHORT5B1FAE6C0FF560469C097D40A66462B374ADTSTEXC
    23:42:22.773 | 198 Pool-1-worker-91 | INFO  | .a.p.s.g.GitLabUserManagementService : Add member 1 to Gitlab group SHORT138EF83F0141B04F7E08A5A089903D88581DTSTEXC
    23:42:22.773 | 198 Pool-1-worker-91 | INFO  | .a.p.s.g.GitLabUserManagementService : Add member 1 to Gitlab group SHORT74127E77086E1042F3086F7076A592D1D0C9TSTEXC
    23:42:22.773 | 198 Pool-1-worker-91 | INFO  | .a.p.s.g.GitLabUserManagementService : Add member 1 to Gitlab group SHORT5137C02804236041A30A2E504180F52AF1EETSTEXC
    23:42:22.773 | 198 Pool-1-worker-91 | INFO  | .a.p.s.g.GitLabUserManagementService : Add member 1 to Gitlab group SHORT737ED94E0AE950448F0B4C30C9057D986E44TSTEXC
    23:42:22.773 | 198 Pool-1-worker-91 | INFO  | .a.p.s.g.GitLabUserManagementService : Add member 1 to Gitlab group SHORTA0F19189087D104EA00BD4A0CCC155DBF367TSTEXC
    23:42:22.773 | 198 Pool-1-worker-91 | INFO  | .a.p.s.g.GitLabUserManagementService : Add member 1 to Gitlab group SHORTC0408902059E3040BC0918601FBAC034C3ABTSTEXC
    23:42:22.773 | 198 Pool-1-worker-91 | INFO  | .a.p.s.g.GitLabUserManagementService : Add member 1 to Gitlab group SHORT8C0D20950A952041FE0B1E2093699E4DFC17TSTEXC
    23:42:22.774 | 198 Pool-1-worker-91 | WARN  | .a.p.s.g.GitLabUserManagementService : Member already exists for group SHORT8C0D20950A952041FE0B1E2093699E4DFC17TSTEXC
    23:42:22.796 | 198 Pool-1-worker-91 | INFO  | a.p.s.j.JenkinsUserManagementService : Update Jenkins permissions (add users to groups) for programming exercises: [null, null, SHORTDA184D9404036043920AC46061569DF9331ETSTEXC, SHORT4D18CB7903AAA049CD0891F00A7F77B5708ATSTEXC, SHORTE6CC1DA70D6B904FCF0AD3E0D4E2DA8018E7TSTEXC, SHORT2929F3C70393604A6A08F0803B79521686FDTSTEXC, SHORT95EE97310304B0435C08EDC0DFB1957C430DTSTEXC, SHORTCB0191F202F5404D7708DC50B0F54FF07D9ATSTEXC, SHORTE823DA4E035B904F250A6CB070A6B897835BTSTEXC, SHORT60AEF9F3062A804B80093E003D8346BCFDC4TSTEXC, SHORT015E8A9B05C69048AA087F40D0CD7F2312FDTSTEXC, SHORTE9ACA8550BFBA044EC08BCA09CE37420D51CTSTEXC, SHORT0D0C100208AE704FA90A38D0246D081FC16BTSTEXC, SHORT17FCEBBF01AB6041EF0B50E0F7F031E5DC15TSTEXC, SHORT3C8083500B4F4049060B86900DECE2E4E215TSTEXC, SHORT2D4D78CB02EB3042890BEC205671442D8CF8TSTEXC, SHORTADD785730E45604F9E0AB420275EF800D7E0TSTEXC, SHORT3C3F5A2208B1A049110ADEE072E577E5654ETSTEXC, SHORTA8CFEDC30EDC804E8508DDC0ACEC623B04A2TSTEXC, SHORTB6ECA2AF03D56044D20850E032D251EBE378TSTEXC, SHORT0B79AF1B0994304249092B00280004BBDC11TSTEXC, SHORTA13D35E50A39B040D108DFF0266C35C2E79DTSTEXC, SHORTDD22B6AD07E2B04F570B79C09AB7523409E8TSTEXC, SHORTC907FB5B0CF690494C0B6770C0E38FA9148ETSTEXC, SHORTA101A11F08EC90446008DED09C0467307EDCTSTEXC, SHORTD60BF4A506298044DF0821308BAC9DC2758ETSTEXC, SHORT804E11A302BD8045DC0A855023748D587851TSTEXC, SHORTC1F0176D037FA042AF0B01E05BB0A9B2E9BETSTEXC, SHORT0C7BCE7C0593B04AB9094D902D8C4BB8750CTSTEXC, SHORTA1002EDA02485040D709DFA024F1B4B414B7TSTEXC, SHORT252B48D702ACA04E7D09D1E026DE0EDBBC57TSTEXC, SHORT15FE276D091C20493D0A7750711FA8A288C4TSTEXC, SHORT04658EE40CF56043A90978F0D7CCEBB734C1TSTEXC, SHORT7CF576DD082A90450A0A82901E8EBFA88A7BTSTEXC, SHORTA972A00F0893B04D6F08C3D034FEB43C0DD8TSTEXC, SHORTC75A50230639D0498808D2F0E8C1A7B58CC5TSTEXC, SHORT3F566B5F0B72404479097E108CAA3BDA1949TSTEXC, SHORT6AAEE3480E5A40453808E8C00464EF5E5AB4TSTEXC, SHORTF7EE08B20B328046340B4AE0AE6603A3ED4FTSTEXC, SHORTB8D3A8190AF6B047CC0A8000C1445A11C533TSTEXC, SHORT13F751CC04C2E045660A7840124C5F74C6FBTSTEXC, SHORT8825F5AC06B80041720B67703B1A4C59180FTSTEXC, SHORT94B3497E0FA8A044F00B60D05C198A08807CTSTEXC, SHORT2AF074880E18F04BE50832D0DB91CC34A794TSTEXC, SHORTADCFB1060E55E048180BB4203D062BCEBD2BTSTEXC, SHORT15D509CE0B7C304FCD099A907183843CD29ATSTEXC, SHORT866495D9024C904D61083A20AFA040BBC5C4TSTEXC, SHORT17C6BEF20460A0439C0822C0CFA7DC22A993TSTEXC, SHORT73663F9D027A004C4D09DD804EB8E2CA7273TSTEXC, SHORTAC8413E208FA4047F30AFAE0C00C3CCA1DD5TSTEXC, SHORT9804F30E05B7C047890921800A2A88028BB3TSTEXC, SHORT923F395608E20042F80A5DB03BB021AE3150TSTEXC, SHORT5B1FAE6C0FF560469C097D40A66462B374ADTSTEXC, SHORT138EF83F0141B04F7E08A5A089903D88581DTSTEXC, SHORT74127E77086E1042F3086F7076A592D1D0C9TSTEXC, SHORT5137C02804236041A30A2E504180F52AF1EETSTEXC, SHORT737ED94E0AE950448F0B4C30C9057D986E44TSTEXC, SHORTA0F19189087D104EA00BD4A0CCC155DBF367TSTEXC, SHORTC0408902059E3040BC0918601FBAC034C3ABTSTEXC, SHORT8C0D20950A952041FE0B1E2093699E4DFC17TSTEXC]
    23:42:23.069 | 198 Pool-1-worker-91 | DEBUG | d.t.c.a.a.c.s.u.UserCreationService  : Created Information for User: User{login='batman', firstName='userjenkstudent1First', lastName='userjenkstudent1Last', email='foobar@tum.com', imageUrl='null', activated='true', langKey='en', activationKey='null'}

  Starting logs for UserJenkinsGitlabIntegrationTest > testUserWithActivatedStatus()
    23:42:23.099 | 198 Pool-1-worker-91 | DEBUG | d.t.c.a.a.c.u.util.UserUtilService   : Generate 2 students...
    23:42:23.101 | 198 Pool-1-worker-91 | DEBUG | d.t.c.a.a.c.u.util.UserUtilService   : 2 students generated. Generate 1 tutors...
    23:42:23.103 | 198 Pool-1-worker-91 | DEBUG | d.t.c.a.a.c.u.util.UserUtilService   : 1 tutors generated. Generate 1 editors...
    23:42:23.105 | 198 Pool-1-worker-91 | DEBUG | d.t.c.a.a.c.u.util.UserUtilService   : 1 editors generated. Generate 1 instructors...
    23:42:23.107 | 198 Pool-1-worker-91 | DEBUG | d.t.c.a.a.c.u.util.UserUtilService   : 1 instructors generated
    23:42:23.108 | 198 Pool-1-worker-91 | DEBUG | d.t.c.a.a.c.u.util.UserUtilService   : Removing 0 users from all courses...
    23:42:23.109 | 198 Pool-1-worker-91 | DEBUG | d.t.c.a.a.c.u.util.UserUtilService   : Removing 0 users from all courses. Done
    23:42:23.109 | 198 Pool-1-worker-91 | DEBUG | d.t.c.a.a.c.u.util.UserUtilService   : Save 5 users to database...
    23:42:23.112 | 198 Pool-1-worker-91 | DEBUG | d.t.c.a.a.c.u.util.UserUtilService   : Save 5 users to database. Done
    23:42:23.117 | 198 Pool-1-worker-91 | INFO  | i.z.t.d.l.EmbeddedDatabaseReporter   : JDBC URL to connect to 'dataSource': url='jdbc:h2:tcp://localhost:41063/mem:736625c0-cf5e-400d-aeaa-8a7eabd6262b;USER=sa', scope='UserJenkinsGitlabIntegrationTest#testUserWithActivatedStatus'
    23:42:23.126 | 198 Pool-1-worker-91 | DEBUG | d.t.c.a.a.c.u.util.UserUtilService   : Generate 2 students...
    23:42:23.129 | 198 Pool-1-worker-91 | DEBUG | d.t.c.a.a.c.u.util.UserUtilService   : 2 students generated. Generate 0 tutors...
    23:42:23.130 | 198 Pool-1-worker-91 | DEBUG | d.t.c.a.a.c.u.util.UserUtilService   : 0 tutors generated. Generate 0 editors...
    23:42:23.132 | 198 Pool-1-worker-91 | DEBUG | d.t.c.a.a.c.u.util.UserUtilService   : 0 editors generated. Generate 0 instructors...
    23:42:23.133 | 198 Pool-1-worker-91 | DEBUG | d.t.c.a.a.c.u.util.UserUtilService   : 0 instructors generated
    23:42:23.135 | 198 Pool-1-worker-91 | DEBUG | d.t.c.a.a.c.u.util.UserUtilService   : Removing 0 users from all courses...
    23:42:23.135 | 198 Pool-1-worker-91 | DEBUG | d.t.c.a.a.c.u.util.UserUtilService   : Removing 0 users from all courses. Done
    23:42:23.135 | 198 Pool-1-worker-91 | DEBUG | d.t.c.a.a.c.u.util.UserUtilService   : Save 2 users to database...
    23:42:23.137 | 198 Pool-1-worker-91 | DEBUG | d.t.c.a.a.c.u.util.UserUtilService   : Save 2 users to database. Done
    23:42:23.143 | 198 Pool-1-worker-91 | DEBUG | d.t.c.a.a.c.s.f.ApiVersionFilter     : Adding Version to Request GET /api/admin/users
    23:42:23.184 | 198 Pool-1-worker-91 | DEBUG | d.t.c.a.a.c.u.util.UserUtilService   : Generate 0 students...
    23:42:23.185 | 198 Pool-1-worker-91 | DEBUG | d.t.c.a.a.c.u.util.UserUtilService   : 0 students generated. Generate 2 tutors...
    23:42:23.188 | 198 Pool-1-worker-91 | DEBUG | d.t.c.a.a.c.u.util.UserUtilService   : 2 tutors generated. Generate 0 editors...
    23:42:23.189 | 198 Pool-1-worker-91 | DEBUG | d.t.c.a.a.c.u.util.UserUtilService   : 0 editors generated. Generate 0 instructors...
    23:42:23.191 | 198 Pool-1-worker-91 | DEBUG | d.t.c.a.a.c.u.util.UserUtilService   : 0 instructors generated
    23:42:23.192 | 198 Pool-1-worker-91 | DEBUG | d.t.c.a.a.c.u.util.UserUtilService   : Removing 0 users from all courses...
    23:42:23.192 | 198 Pool-1-worker-91 | DEBUG | d.t.c.a.a.c.u.util.UserUtilService   : Removing 0 users from all courses. Done
    23:42:23.192 | 198 Pool-1-worker-91 | DEBUG | d.t.c.a.a.c.u.util.UserUtilService   : Save 2 users to database...
    23:42:23.194 | 198 Pool-1-worker-91 | DEBUG | d.t.c.a.a.c.u.util.UserUtilService   : Save 2 users to database. Done
    23:42:23.199 | 198 Pool-1-worker-91 | DEBUG | d.t.c.a.a.c.s.f.ApiVersionFilter     : Adding Version to Request GET /api/admin/users
    23:42:23.233 | 198 Pool-1-worker-91 | DEBUG | d.t.c.a.a.c.u.util.UserUtilService   : Generate 0 students...
    23:42:23.234 | 198 Pool-1-worker-91 | DEBUG | d.t.c.a.a.c.u.util.UserUtilService   : 0 students generated. Generate 0 tutors...
    23:42:23.236 | 198 Pool-1-worker-91 | DEBUG | d.t.c.a.a.c.u.util.UserUtilService   : 0 tutors generated. Generate 2 editors...
    23:42:23.238 | 198 Pool-1-worker-91 | DEBUG | d.t.c.a.a.c.u.util.UserUtilService   : 2 editors generated. Generate 0 instructors...
    23:42:23.240 | 198 Pool-1-worker-91 | DEBUG | d.t.c.a.a.c.u.util.UserUtilService   : 0 instructors generated
    23:42:23.241 | 198 Pool-1-worker-91 | DEBUG | d.t.c.a.a.c.u.util.UserUtilService   : Removing 0 users from all courses...
    23:42:23.241 | 198 Pool-1-worker-91 | DEBUG | d.t.c.a.a.c.u.util.UserUtilService   : Removing 0 users from all courses. Done
    23:42:23.241 | 198 Pool-1-worker-91 | DEBUG | d.t.c.a.a.c.u.util.UserUtilService   : Save 2 users to database...
    23:42:23.244 | 198 Pool-1-worker-91 | DEBUG | d.t.c.a.a.c.u.util.UserUtilService   : Save 2 users to database. Done
    23:42:23.248 | 198 Pool-1-worker-91 | DEBUG | d.t.c.a.a.c.s.f.ApiVersionFilter     : Adding Version to Request GET /api/admin/users
    23:42:23.282 | 198 Pool-1-worker-91 | DEBUG | d.t.c.a.a.c.u.util.UserUtilService   : Generate 0 students...
    23:42:23.283 | 198 Pool-1-worker-91 | DEBUG | d.t.c.a.a.c.u.util.UserUtilService   : 0 students generated. Generate 0 tutors...
    23:42:23.285 | 198 Pool-1-worker-91 | DEBUG | d.t.c.a.a.c.u.util.UserUtilService   : 0 tutors generated. Generate 0 editors...
    23:42:23.286 | 198 Pool-1-worker-91 | DEBUG | d.t.c.a.a.c.u.util.UserUtilService   : 0 editors generated. Generate 2 instructors...
    23:42:23.289 | 198 Pool-1-worker-91 | DEBUG | d.t.c.a.a.c.u.util.UserUtilService   : 2 instructors generated
    23:42:23.290 | 198 Pool-1-worker-91 | DEBUG | d.t.c.a.a.c.u.util.UserUtilService   : Removing 0 users from all courses...
    23:42:23.290 | 198 Pool-1-worker-91 | DEBUG | d.t.c.a.a.c.u.util.UserUtilService   : Removing 0 users from all courses. Done
    23:42:23.290 | 198 Pool-1-worker-91 | DEBUG | d.t.c.a.a.c.u.util.UserUtilService   : Save 2 users to database...
    23:42:23.292 | 198 Pool-1-worker-91 | DEBUG | d.t.c.a.a.c.u.util.UserUtilService   : Save 2 users to database. Done
    23:42:23.297 | 198 Pool-1-worker-91 | DEBUG | d.t.c.a.a.c.s.f.ApiVersionFilter     : Adding Version to Request GET /api/admin/users

  Starting logs for UserJenkinsGitlabIntegrationTest > updateUserNotificationVisibility_showAll_asStudent_isSuccessful()
    23:42:23.345 | 198 Pool-1-worker-91 | DEBUG | d.t.c.a.a.c.u.util.UserUtilService   : Generate 2 students...
    23:42:23.348 | 198 Pool-1-worker-91 | DEBUG | d.t.c.a.a.c.u.util.UserUtilService   : 2 students generated. Generate 1 tutors...
    23:42:23.350 | 198 Pool-1-worker-91 | DEBUG | d.t.c.a.a.c.u.util.UserUtilService   : 1 tutors generated. Generate 1 editors...
    23:42:23.352 | 198 Pool-1-worker-91 | DEBUG | d.t.c.a.a.c.u.util.UserUtilService   : 1 editors generated. Generate 1 instructors...
    23:42:23.354 | 198 Pool-1-worker-91 | DEBUG | d.t.c.a.a.c.u.util.UserUtilService   : 1 instructors generated
    23:42:23.355 | 198 Pool-1-worker-91 | DEBUG | d.t.c.a.a.c.u.util.UserUtilService   : Removing 0 users from all courses...
    23:42:23.356 | 198 Pool-1-worker-91 | DEBUG | d.t.c.a.a.c.u.util.UserUtilService   : Removing 0 users from all courses. Done
    23:42:23.356 | 198 Pool-1-worker-91 | DEBUG | d.t.c.a.a.c.u.util.UserUtilService   : Save 5 users to database...
    23:42:23.359 | 198 Pool-1-worker-91 | DEBUG | d.t.c.a.a.c.u.util.UserUtilService   : Save 5 users to database. Done
    23:42:23.363 | 198 Pool-1-worker-91 | INFO  | i.z.t.d.l.EmbeddedDatabaseReporter   : JDBC URL to connect to 'dataSource': url='jdbc:h2:tcp://localhost:41063/mem:736625c0-cf5e-400d-aeaa-8a7eabd6262b;USER=sa', scope='UserJenkinsGitlabIntegrationTest#updateUserNotificationVisibility_showAll_asStudent_isSuccessful'
    23:42:23.365 | 198 Pool-1-worker-91 | DEBUG | d.t.c.a.a.c.s.f.ApiVersionFilter     : Adding Version to Request PUT /api/users/notification-visibility
    23:42:23.366 | 198 Pool-1-worker-91 | DEBUG | d.t.c.a.a.core.web.UserResource      : REST request to update notification visibility for logged-in user

  Starting logs for UserJenkinsGitlabIntegrationTest > initializeUserExternal()
    23:42:23.396 | 198 Pool-1-worker-91 | DEBUG | d.t.c.a.a.c.u.util.UserUtilService   : Generate 2 students...
    23:42:23.398 | 198 Pool-1-worker-91 | DEBUG | d.t.c.a.a.c.u.util.UserUtilService   : 2 students generated. Generate 1 tutors...
    23:42:23.400 | 198 Pool-1-worker-91 | DEBUG | d.t.c.a.a.c.u.util.UserUtilService   : 1 tutors generated. Generate 1 editors...
    23:42:23.402 | 198 Pool-1-worker-91 | DEBUG | d.t.c.a.a.c.u.util.UserUtilService   : 1 editors generated. Generate 1 instructors...
    23:42:23.404 | 198 Pool-1-worker-91 | DEBUG | d.t.c.a.a.c.u.util.UserUtilService   : 1 instructors generated
    23:42:23.405 | 198 Pool-1-worker-91 | DEBUG | d.t.c.a.a.c.u.util.UserUtilService   : Removing 0 users from all courses...
    23:42:23.405 | 198 Pool-1-worker-91 | DEBUG | d.t.c.a.a.c.u.util.UserUtilService   : Removing 0 users from all courses. Done
    23:42:23.405 | 198 Pool-1-worker-91 | DEBUG | d.t.c.a.a.c.u.util.UserUtilService   : Save 5 users to database...
    23:42:23.409 | 198 Pool-1-worker-91 | DEBUG | d.t.c.a.a.c.u.util.UserUtilService   : Save 5 users to database. Done
    23:42:23.413 | 198 Pool-1-worker-91 | INFO  | i.z.t.d.l.EmbeddedDatabaseReporter   : JDBC URL to connect to 'dataSource': url='jdbc:h2:tcp://localhost:41063/mem:736625c0-cf5e-400d-aeaa-8a7eabd6262b;USER=sa', scope='UserJenkinsGitlabIntegrationTest#initializeUserExternal'
    23:42:23.419 | 198 Pool-1-worker-91 | DEBUG | d.t.c.a.a.c.s.f.ApiVersionFilter     : Adding Version to Request PUT /api/users/initialize

  Starting logs for UserJenkinsGitlabIntegrationTest > searchUsers_asInstructor_isSuccessful()
    23:42:23.453 | 198 Pool-1-worker-91 | DEBUG | d.t.c.a.a.c.u.util.UserUtilService   : Generate 2 students...
    23:42:23.456 | 198 Pool-1-worker-91 | DEBUG | d.t.c.a.a.c.u.util.UserUtilService   : 2 students generated. Generate 1 tutors...
    23:42:23.458 | 198 Pool-1-worker-91 | DEBUG | d.t.c.a.a.c.u.util.UserUtilService   : 1 tutors generated. Generate 1 editors...
    23:42:23.460 | 198 Pool-1-worker-91 | DEBUG | d.t.c.a.a.c.u.util.UserUtilService   : 1 editors generated. Generate 1 instructors...
    23:42:23.462 | 198 Pool-1-worker-91 | DEBUG | d.t.c.a.a.c.u.util.UserUtilService   : 1 instructors generated
    23:42:23.463 | 198 Pool-1-worker-91 | DEBUG | d.t.c.a.a.c.u.util.UserUtilService   : Removing 0 users from all courses...
    23:42:23.463 | 198 Pool-1-worker-91 | DEBUG | d.t.c.a.a.c.u.util.UserUtilService   : Removing 0 users from all courses. Done
    23:42:23.463 | 198 Pool-1-worker-91 | DEBUG | d.t.c.a.a.c.u.util.UserUtilService   : Save 5 users to database...
    23:42:23.467 | 198 Pool-1-worker-91 | DEBUG | d.t.c.a.a.c.u.util.UserUtilService   : Save 5 users to database. Done
    23:42:23.472 | 198 Pool-1-worker-91 | INFO  | i.z.t.d.l.EmbeddedDatabaseReporter   : JDBC URL to connect to 'dataSource': url='jdbc:h2:tcp://localhost:41063/mem:736625c0-cf5e-400d-aeaa-8a7eabd6262b;USER=sa', scope='UserJenkinsGitlabIntegrationTest#searchUsers_asInstructor_isSuccessful'
    23:42:23.474 | 198 Pool-1-worker-91 | DEBUG | d.t.c.a.a.c.s.f.ApiVersionFilter     : Adding Version to Request GET /api/users/search
    23:42:23.477 | 198 Pool-1-worker-91 | DEBUG | d.t.c.a.a.core.web.UserResource      : REST request to search all Users for userjenkstudent1

  Starting logs for UserJenkinsGitlabIntegrationTest > deleteUsers_isSuccessfulForAllUsersExceptSelf()
    23:42:23.507 | 198 Pool-1-worker-91 | DEBUG | d.t.c.a.a.c.u.util.UserUtilService   : Generate 2 students...
    23:42:23.510 | 198 Pool-1-worker-91 | DEBUG | d.t.c.a.a.c.u.util.UserUtilService   : 2 students generated. Generate 1 tutors...
    23:42:23.512 | 198 Pool-1-worker-91 | DEBUG | d.t.c.a.a.c.u.util.UserUtilService   : 1 tutors generated. Generate 1 editors...
    23:42:23.514 | 198 Pool-1-worker-91 | DEBUG | d.t.c.a.a.c.u.util.UserUtilService   : 1 editors generated. Generate 1 instructors...
    23:42:23.516 | 198 Pool-1-worker-91 | DEBUG | d.t.c.a.a.c.u.util.UserUtilService   : 1 instructors generated
    23:42:23.518 | 198 Pool-1-worker-91 | DEBUG | d.t.c.a.a.c.u.util.UserUtilService   : Removing 0 users from all courses...
    23:42:23.518 | 198 Pool-1-worker-91 | DEBUG | d.t.c.a.a.c.u.util.UserUtilService   : Removing 0 users from all courses. Done
    23:42:23.518 | 198 Pool-1-worker-91 | DEBUG | d.t.c.a.a.c.u.util.UserUtilService   : Save 5 users to database...
    23:42:23.521 | 198 Pool-1-worker-91 | DEBUG | d.t.c.a.a.c.u.util.UserUtilService   : Save 5 users to database. Done
    23:42:23.526 | 198 Pool-1-worker-91 | INFO  | i.z.t.d.l.EmbeddedDatabaseReporter   : JDBC URL to connect to 'dataSource': url='jdbc:h2:tcp://localhost:41063/mem:736625c0-cf5e-400d-aeaa-8a7eabd6262b;USER=sa', scope='UserJenkinsGitlabIntegrationTest#deleteUsers_isSuccessfulForAllUsersExceptSelf'
    23:42:23.535 | 198 Pool-1-worker-91 | DEBUG | d.t.c.a.a.c.u.util.UserUtilService   : Generate 1 students...
    23:42:23.537 | 198 Pool-1-worker-91 | DEBUG | d.t.c.a.a.c.u.util.UserUtilService   : 1 students generated. Generate 1 tutors...
    23:42:23.539 | 198 Pool-1-worker-91 | DEBUG | d.t.c.a.a.c.u.util.UserUtilService   : 1 tutors generated. Generate 1 editors...
    23:42:23.541 | 198 Pool-1-worker-91 | DEBUG | d.t.c.a.a.c.u.util.UserUtilService   : 1 editors generated. Generate 1 instructors...
    23:42:23.543 | 198 Pool-1-worker-91 | DEBUG | d.t.c.a.a.c.u.util.UserUtilService   : 1 instructors generated
    23:42:23.544 | 198 Pool-1-worker-91 | DEBUG | d.t.c.a.a.c.u.util.UserUtilService   : Removing 0 users from all courses...
    23:42:23.545 | 198 Pool-1-worker-91 | DEBUG | d.t.c.a.a.c.u.util.UserUtilService   : Removing 0 users from all courses. Done
    23:42:23.545 | 198 Pool-1-worker-91 | DEBUG | d.t.c.a.a.c.u.util.UserUtilService   : Save 4 users to database...
    23:42:23.547 | 198 Pool-1-worker-91 | DEBUG | d.t.c.a.a.c.u.util.UserUtilService   : Save 4 users to database. Done
    23:42:23.556 | 198 Pool-1-worker-91 | DEBUG | d.t.c.a.a.c.s.f.ApiVersionFilter     : Adding Version to Request DELETE /api/admin/users
    23:42:23.558 | 198 Pool-1-worker-91 | DEBUG | d.t.c.a.a.c.w.a.AdminUserResource    : REST request to delete 4 users
    23:42:23.565 | 198 Pool-1-worker-91 | WARN  | .a.p.s.g.GitLabUserManagementService : User userjenkeditor1 does not exist in Gitlab and cannot be updated!
    23:42:23.567 | 198 Pool-1-worker-91 | INFO  | a.p.s.j.JenkinsUserManagementService : Update Jenkins permissions (remove users from groups) for programming exercises: []
    23:42:23.568 | 198 Pool-1-worker-91 | INFO  | a.p.s.j.JenkinsUserManagementService : Update Jenkins permissions (add users to groups) for programming exercises: []
    23:42:23.568 | 198 Pool-1-worker-91 | WARN  | d.t.c.a.a.c.service.user.UserService : Soft Deleted User: User{login='dfj0zmpxhrcta7tw1tz9', firstName='Deleted', lastName='User', email='4CqWF0Yv86WMj5kU30J7@user.deleted', imageUrl='null', activated='false', langKey='en', activationKey='null'}
    23:42:23.573 | 198 Pool-1-worker-91 | WARN  | .a.p.s.g.GitLabUserManagementService : User userjenkinstructor1 does not exist in Gitlab and cannot be updated!
    23:42:23.573 | 195 Pool-1-worker-88 | WARN  | .a.p.s.g.GitLabUserManagementService : User userjenkstudent1 does not exist in Gitlab and cannot be updated!
    23:42:23.574 | 198 Pool-1-worker-91 | INFO  | a.p.s.j.JenkinsUserManagementService : Update Jenkins permissions (remove users from groups) for programming exercises: []
    23:42:23.575 | 198 Pool-1-worker-91 | INFO  | a.p.s.j.JenkinsUserManagementService : Update Jenkins permissions (add users to groups) for programming exercises: []
    23:42:23.575 | 198 Pool-1-worker-91 | WARN  | d.t.c.a.a.c.service.user.UserService : Soft Deleted User: User{login='3hltbyaxglbmwf6rjcmc', firstName='Deleted', lastName='User', email='1mhwlrzdIOiAqQaHWk0w@user.deleted', imageUrl='null', activated='false', langKey='en', activationKey='null'}
    23:42:23.576 | 195 Pool-1-worker-88 | INFO  | a.p.s.j.JenkinsUserManagementService : Update Jenkins permissions (remove users from groups) for programming exercises: []
    23:42:23.577 | 195 Pool-1-worker-88 | INFO  | a.p.s.j.JenkinsUserManagementService : Update Jenkins permissions (add users to groups) for programming exercises: []
    23:42:23.577 | 195 Pool-1-worker-88 | WARN  | d.t.c.a.a.c.service.user.UserService : Soft Deleted User: User{login='6bsdusq2cvfpry4pxhaq', firstName='Deleted', lastName='User', email='dsa8LNO2x00ieblIDsJ9@user.deleted', imageUrl='null', activated='false', langKey='en', activationKey='null'}

  Starting logs for UserJenkinsGitlabIntegrationTest > testUserWithRegistrationNumber()
    23:42:23.634 | 198 Pool-1-worker-91 | DEBUG | d.t.c.a.a.c.u.util.UserUtilService   : Generate 2 students...
    23:42:23.637 | 198 Pool-1-worker-91 | DEBUG | d.t.c.a.a.c.u.util.UserUtilService   : 2 students generated. Generate 1 tutors...
    23:42:23.639 | 198 Pool-1-worker-91 | DEBUG | d.t.c.a.a.c.u.util.UserUtilService   : 1 tutors generated. Generate 1 editors...
    23:42:23.641 | 198 Pool-1-worker-91 | DEBUG | d.t.c.a.a.c.u.util.UserUtilService   : 1 editors generated. Generate 1 instructors...
    23:42:23.643 | 198 Pool-1-worker-91 | DEBUG | d.t.c.a.a.c.u.util.UserUtilService   : 1 instructors generated
    23:42:23.645 | 198 Pool-1-worker-91 | DEBUG | d.t.c.a.a.c.u.util.UserUtilService   : Removing 0 users from all courses...
    23:42:23.645 | 198 Pool-1-worker-91 | DEBUG | d.t.c.a.a.c.u.util.UserUtilService   : Removing 0 users from all courses. Done
    23:42:23.645 | 198 Pool-1-worker-91 | DEBUG | d.t.c.a.a.c.u.util.UserUtilService   : Save 5 users to database...
    23:42:23.648 | 198 Pool-1-worker-91 | DEBUG | d.t.c.a.a.c.u.util.UserUtilService   : Save 5 users to database. Done
    23:42:23.655 | 198 Pool-1-worker-91 | INFO  | i.z.t.d.l.EmbeddedDatabaseReporter   : JDBC URL to connect to 'dataSource': url='jdbc:h2:tcp://localhost:41063/mem:736625c0-cf5e-400d-aeaa-8a7eabd6262b;USER=sa', scope='UserJenkinsGitlabIntegrationTest#testUserWithRegistrationNumber'
    23:42:23.668 | 198 Pool-1-worker-91 | DEBUG | d.t.c.a.a.c.u.util.UserUtilService   : Generate 2 students...
    23:42:23.670 | 198 Pool-1-worker-91 | DEBUG | d.t.c.a.a.c.u.util.UserUtilService   : 2 students generated. Generate 0 tutors...
    23:42:23.672 | 198 Pool-1-worker-91 | DEBUG | d.t.c.a.a.c.u.util.UserUtilService   : 0 tutors generated. Generate 0 editors...
    23:42:23.673 | 198 Pool-1-worker-91 | DEBUG | d.t.c.a.a.c.u.util.UserUtilService   : 0 editors generated. Generate 0 instructors...
    23:42:23.674 | 198 Pool-1-worker-91 | DEBUG | d.t.c.a.a.c.u.util.UserUtilService   : 0 instructors generated
    23:42:23.676 | 198 Pool-1-worker-91 | DEBUG | d.t.c.a.a.c.u.util.UserUtilService   : Removing 0 users from all courses...
    23:42:23.676 | 198 Pool-1-worker-91 | DEBUG | d.t.c.a.a.c.u.util.UserUtilService   : Removing 0 users from all courses. Done
    23:42:23.676 | 198 Pool-1-worker-91 | DEBUG | d.t.c.a.a.c.u.util.UserUtilService   : Save 2 users to database...
    23:42:23.679 | 198 Pool-1-worker-91 | DEBUG | d.t.c.a.a.c.u.util.UserUtilService   : Save 2 users to database. Done
    23:42:23.682 | 198 Pool-1-worker-91 | DEBUG | d.t.c.a.a.c.s.f.ApiVersionFilter     : Adding Version to Request GET /api/admin/users
    23:42:23.697 | 198 Pool-1-worker-91 | DEBUG | d.t.c.a.a.c.u.util.UserUtilService   : Generate 0 students...
    23:42:23.698 | 198 Pool-1-worker-91 | DEBUG | d.t.c.a.a.c.u.util.UserUtilService   : 0 students generated. Generate 2 tutors...
    23:42:23.701 | 198 Pool-1-worker-91 | DEBUG | d.t.c.a.a.c.u.util.UserUtilService   : 2 tutors generated. Generate 0 editors...
    23:42:23.702 | 198 Pool-1-worker-91 | DEBUG | d.t.c.a.a.c.u.util.UserUtilService   : 0 editors generated. Generate 0 instructors...
    23:42:23.704 | 198 Pool-1-worker-91 | DEBUG | d.t.c.a.a.c.u.util.UserUtilService   : 0 instructors generated
    23:42:23.705 | 198 Pool-1-worker-91 | DEBUG | d.t.c.a.a.c.u.util.UserUtilService   : Removing 0 users from all courses...
    23:42:23.705 | 198 Pool-1-worker-91 | DEBUG | d.t.c.a.a.c.u.util.UserUtilService   : Removing 0 users from all courses. Done
    23:42:23.705 | 198 Pool-1-worker-91 | DEBUG | d.t.c.a.a.c.u.util.UserUtilService   : Save 2 users to database...
    23:42:23.707 | 198 Pool-1-worker-91 | DEBUG | d.t.c.a.a.c.u.util.UserUtilService   : Save 2 users to database. Done
    23:42:23.713 | 198 Pool-1-worker-91 | DEBUG | d.t.c.a.a.c.s.f.ApiVersionFilter     : Adding Version to Request GET /api/admin/users
    23:42:23.725 | 198 Pool-1-worker-91 | DEBUG | d.t.c.a.a.c.u.util.UserUtilService   : Generate 0 students...
    23:42:23.726 | 198 Pool-1-worker-91 | DEBUG | d.t.c.a.a.c.u.util.UserUtilService   : 0 students generated. Generate 0 tutors...
    23:42:23.728 | 198 Pool-1-worker-91 | DEBUG | d.t.c.a.a.c.u.util.UserUtilService   : 0 tutors generated. Generate 2 editors...
    23:42:23.731 | 198 Pool-1-worker-91 | DEBUG | d.t.c.a.a.c.u.util.UserUtilService   : 2 editors generated. Generate 0 instructors...
    23:42:23.732 | 198 Pool-1-worker-91 | DEBUG | d.t.c.a.a.c.u.util.UserUtilService   : 0 instructors generated
    23:42:23.733 | 198 Pool-1-worker-91 | DEBUG | d.t.c.a.a.c.u.util.UserUtilService   : Removing 0 users from all courses...
    23:42:23.734 | 198 Pool-1-worker-91 | DEBUG | d.t.c.a.a.c.u.util.UserUtilService   : Removing 0 users from all courses. Done
    23:42:23.734 | 198 Pool-1-worker-91 | DEBUG | d.t.c.a.a.c.u.util.UserUtilService   : Save 2 users to database...
    23:42:23.736 | 198 Pool-1-worker-91 | DEBUG | d.t.c.a.a.c.u.util.UserUtilService   : Save 2 users to database. Done
    23:42:23.740 | 198 Pool-1-worker-91 | DEBUG | d.t.c.a.a.c.s.f.ApiVersionFilter     : Adding Version to Request GET /api/admin/users
    23:42:23.751 | 198 Pool-1-worker-91 | DEBUG | d.t.c.a.a.c.u.util.UserUtilService   : Generate 0 students...
    23:42:23.752 | 198 Pool-1-worker-91 | DEBUG | d.t.c.a.a.c.u.util.UserUtilService   : 0 students generated. Generate 0 tutors...
    23:42:23.754 | 198 Pool-1-worker-91 | DEBUG | d.t.c.a.a.c.u.util.UserUtilService   : 0 tutors generated. Generate 0 editors...
    23:42:23.755 | 198 Pool-1-worker-91 | DEBUG | d.t.c.a.a.c.u.util.UserUtilService   : 0 editors generated. Generate 2 instructors...
    23:42:23.759 | 198 Pool-1-worker-91 | DEBUG | d.t.c.a.a.c.u.util.UserUtilService   : 2 instructors generated
    23:42:23.761 | 198 Pool-1-worker-91 | DEBUG | d.t.c.a.a.c.u.util.UserUtilService   : Removing 0 users from all courses...
    23:42:23.761 | 198 Pool-1-worker-91 | DEBUG | d.t.c.a.a.c.u.util.UserUtilService   : Removing 0 users from all courses. Done
    23:42:23.761 | 198 Pool-1-worker-91 | DEBUG | d.t.c.a.a.c.u.util.UserUtilService   : Save 2 users to database...
    23:42:23.763 | 198 Pool-1-worker-91 | DEBUG | d.t.c.a.a.c.u.util.UserUtilService   : Save 2 users to database. Done
    23:42:23.767 | 198 Pool-1-worker-91 | DEBUG | d.t.c.a.a.c.s.f.ApiVersionFilter     : Adding Version to Request GET /api/admin/users

  Starting logs for UserJenkinsGitlabIntegrationTest > createInternalUserWithoutRoles_isSuccessful()
    23:42:23.798 | 198 Pool-1-worker-91 | DEBUG | d.t.c.a.a.c.u.util.UserUtilService   : Generate 2 students...
    23:42:23.801 | 198 Pool-1-worker-91 | DEBUG | d.t.c.a.a.c.u.util.UserUtilService   : 2 students generated. Generate 1 tutors...
    23:42:23.803 | 198 Pool-1-worker-91 | DEBUG | d.t.c.a.a.c.u.util.UserUtilService   : 1 tutors generated. Generate 1 editors...
    23:42:23.805 | 198 Pool-1-worker-91 | DEBUG | d.t.c.a.a.c.u.util.UserUtilService   : 1 editors generated. Generate 1 instructors...
    23:42:23.807 | 198 Pool-1-worker-91 | DEBUG | d.t.c.a.a.c.u.util.UserUtilService   : 1 instructors generated
    23:42:23.808 | 198 Pool-1-worker-91 | DEBUG | d.t.c.a.a.c.u.util.UserUtilService   : Removing 0 users from all courses...
    23:42:23.809 | 198 Pool-1-worker-91 | DEBUG | d.t.c.a.a.c.u.util.UserUtilService   : Removing 0 users from all courses. Done
    23:42:23.809 | 198 Pool-1-worker-91 | DEBUG | d.t.c.a.a.c.u.util.UserUtilService   : Save 5 users to database...
    23:42:23.812 | 198 Pool-1-worker-91 | DEBUG | d.t.c.a.a.c.u.util.UserUtilService   : Save 5 users to database. Done
    23:42:23.818 | 198 Pool-1-worker-91 | INFO  | i.z.t.d.l.EmbeddedDatabaseReporter   : JDBC URL to connect to 'dataSource': url='jdbc:h2:tcp://localhost:41063/mem:736625c0-cf5e-400d-aeaa-8a7eabd6262b;USER=sa', scope='UserJenkinsGitlabIntegrationTest#createInternalUserWithoutRoles_isSuccessful'
    23:42:23.828 | 198 Pool-1-worker-91 | DEBUG | d.t.c.a.a.c.s.f.ApiVersionFilter     : Adding Version to Request POST /api/admin/users
    23:42:23.829 | 198 Pool-1-worker-91 | DEBUG | d.t.c.a.a.c.w.a.AdminUserResource    : REST request to save User : ManagedUserVM{} UserDTO{login='batman', firstName='userjenkstudent1First', lastName='userjenkstudent1Last', email='batman@secret.invalid', imageUrl='null', activated=true, langKey='en', createdBy=admin, createdDate=2025-02-14T23:42:23.809326Z, lastModifiedBy='admin', lastModifiedDate=2025-02-14T23:42:23.809326Z, lastNotificationRead=null, authorities=[]}
    23:42:23.834 | 198 Pool-1-worker-91 | DEBUG | d.t.c.a.a.c.s.u.UserCreationService  : Save user User{login='batman', firstName='userjenkstudent1First', lastName='userjenkstudent1Last', email='batman@secret.invalid', imageUrl='null', activated='true', langKey='en', activationKey='null'}
    23:42:23.837 | 198 Pool-1-worker-91 | INFO  | .a.p.s.g.GitLabUserManagementService : Update Gitlab permissions for programming exercises: []
    23:42:23.840 | 198 Pool-1-worker-91 | INFO  | a.p.s.j.JenkinsUserManagementService : Update Jenkins permissions (add users to groups) for programming exercises: []
    23:42:23.844 | 198 Pool-1-worker-91 | DEBUG | d.t.c.a.a.c.s.u.UserCreationService  : Created Information for User: User{login='batman', firstName='userjenkstudent1First', lastName='userjenkstudent1Last', email='batman@secret.invalid', imageUrl='null', activated='true', langKey='en', activationKey='null'}

  Starting logs for UserJenkinsGitlabIntegrationTest > shouldBlockUserInGitlabIfAccountNotActivated()
    23:42:23.876 | 198 Pool-1-worker-91 | DEBUG | d.t.c.a.a.c.u.util.UserUtilService   : Generate 2 students...
    23:42:23.879 | 198 Pool-1-worker-91 | DEBUG | d.t.c.a.a.c.u.util.UserUtilService   : 2 students generated. Generate 1 tutors...
    23:42:23.880 | 198 Pool-1-worker-91 | DEBUG | d.t.c.a.a.c.u.util.UserUtilService   : 1 tutors generated. Generate 1 editors...
    23:42:23.882 | 198 Pool-1-worker-91 | DEBUG | d.t.c.a.a.c.u.util.UserUtilService   : 1 editors generated. Generate 1 instructors...
    23:42:23.884 | 198 Pool-1-worker-91 | DEBUG | d.t.c.a.a.c.u.util.UserUtilService   : 1 instructors generated
    23:42:23.886 | 198 Pool-1-worker-91 | DEBUG | d.t.c.a.a.c.u.util.UserUtilService   : Removing 0 users from all courses...
    23:42:23.886 | 198 Pool-1-worker-91 | DEBUG | d.t.c.a.a.c.u.util.UserUtilService   : Removing 0 users from all courses. Done
    23:42:23.886 | 198 Pool-1-worker-91 | DEBUG | d.t.c.a.a.c.u.util.UserUtilService   : Save 5 users to database...
    23:42:23.889 | 198 Pool-1-worker-91 | DEBUG | d.t.c.a.a.c.u.util.UserUtilService   : Save 5 users to database. Done
    23:42:23.894 | 198 Pool-1-worker-91 | INFO  | i.z.t.d.l.EmbeddedDatabaseReporter   : JDBC URL to connect to 'dataSource': url='jdbc:h2:tcp://localhost:41063/mem:736625c0-cf5e-400d-aeaa-8a7eabd6262b;USER=sa', scope='UserJenkinsGitlabIntegrationTest#shouldBlockUserInGitlabIfAccountNotActivated'
    23:42:23.907 | 198 Pool-1-worker-91 | DEBUG | d.t.c.a.a.c.s.f.ApiVersionFilter     : Adding Version to Request PUT /api/admin/users
    23:42:23.908 | 198 Pool-1-worker-91 | DEBUG | d.t.c.a.a.c.w.a.AdminUserResource    : REST request to update User : ManagedUserVM{} UserDTO{login='new-login', firstName='userjenkstudent1First', lastName='userjenkstudent1Last', email='userjenkstudent1@test.de', imageUrl='null', activated=false, langKey='en', createdBy=admin, createdDate=2025-02-14T23:42:23.886498Z, lastModifiedBy='admin', lastModifiedDate=2025-02-14T23:42:23.886498Z, lastNotificationRead=null, authorities=[ROLE_USER]}
    23:42:23.913 | 198 Pool-1-worker-91 | DEBUG | d.t.c.a.a.c.s.u.UserCreationService  : Changed Information for User: User{login='new-login', firstName='userjenkstudent1First', lastName='userjenkstudent1Last', email='userjenkstudent1@test.de', imageUrl='null', activated='false', langKey='en', activationKey='null'}
    23:42:23.913 | 198 Pool-1-worker-91 | DEBUG | d.t.c.a.a.c.s.u.UserCreationService  : Save user User{login='new-login', firstName='userjenkstudent1First', lastName='userjenkstudent1Last', email='userjenkstudent1@test.de', imageUrl='null', activated='false', langKey='en', activationKey='null'}
    23:42:23.918 | 198 Pool-1-worker-91 | INFO  | a.p.s.j.JenkinsUserManagementService : Update Jenkins permissions (remove users from groups) for programming exercises: []
    23:42:23.920 | 198 Pool-1-worker-91 | INFO  | a.p.s.j.JenkinsUserManagementService : Update Jenkins permissions (add users to groups) for programming exercises: []

  Starting logs for UserJenkinsGitlabIntegrationTest > createAdminInternalUserSkippedInJenkins()
    23:42:23.949 | 198 Pool-1-worker-91 | DEBUG | d.t.c.a.a.c.u.util.UserUtilService   : Generate 2 students...
    23:42:23.952 | 198 Pool-1-worker-91 | DEBUG | d.t.c.a.a.c.u.util.UserUtilService   : 2 students generated. Generate 1 tutors...
    23:42:23.954 | 198 Pool-1-worker-91 | DEBUG | d.t.c.a.a.c.u.util.UserUtilService   : 1 tutors generated. Generate 1 editors...
    23:42:23.956 | 198 Pool-1-worker-91 | DEBUG | d.t.c.a.a.c.u.util.UserUtilService   : 1 editors generated. Generate 1 instructors...
    23:42:23.958 | 198 Pool-1-worker-91 | DEBUG | d.t.c.a.a.c.u.util.UserUtilService   : 1 instructors generated
    23:42:23.959 | 198 Pool-1-worker-91 | DEBUG | d.t.c.a.a.c.u.util.UserUtilService   : Removing 0 users from all courses...
    23:42:23.959 | 198 Pool-1-worker-91 | DEBUG | d.t.c.a.a.c.u.util.UserUtilService   : Removing 0 users from all courses. Done
    23:42:23.959 | 198 Pool-1-worker-91 | DEBUG | d.t.c.a.a.c.u.util.UserUtilService   : Save 5 users to database...
    23:42:23.963 | 198 Pool-1-worker-91 | DEBUG | d.t.c.a.a.c.u.util.UserUtilService   : Save 5 users to database. Done
    23:42:23.967 | 198 Pool-1-worker-91 | INFO  | i.z.t.d.l.EmbeddedDatabaseReporter   : JDBC URL to connect to 'dataSource': url='jdbc:h2:tcp://localhost:41063/mem:736625c0-cf5e-400d-aeaa-8a7eabd6262b;USER=sa', scope='UserJenkinsGitlabIntegrationTest#createAdminInternalUserSkippedInJenkins'
    23:42:23.974 | 198 Pool-1-worker-91 | DEBUG | d.t.c.a.a.c.s.f.ApiVersionFilter     : Adding Version to Request POST /api/admin/users
    23:42:23.975 | 198 Pool-1-worker-91 | DEBUG | d.t.c.a.a.c.w.a.AdminUserResource    : REST request to save User : ManagedUserVM{} UserDTO{login='batman', firstName='userjenkstudent1First', lastName='userjenkstudent1Last', email='batman@secret.invalid', imageUrl='null', activated=true, langKey='en', createdBy=admin, createdDate=2025-02-14T23:42:23.959941Z, lastModifiedBy='admin', lastModifiedDate=2025-02-14T23:42:23.959941Z, lastNotificationRead=null, authorities=[ROLE_USER]}
    23:42:23.980 | 198 Pool-1-worker-91 | DEBUG | d.t.c.a.a.c.s.u.UserCreationService  : Save user User{login='batman', firstName='userjenkstudent1First', lastName='userjenkstudent1Last', email='batman@secret.invalid', imageUrl='null', activated='true', langKey='en', activationKey='null'}
    23:42:23.983 | 198 Pool-1-worker-91 | INFO  | .a.p.s.g.GitLabUserManagementService : Update Gitlab permissions for programming exercises: []
    23:42:23.983 | 198 Pool-1-worker-91 | DEBUG | a.p.s.j.JenkinsUserManagementService : Jenkins createUser: Skipping jenkinsAdminUser: batman.
    23:42:23.987 | 198 Pool-1-worker-91 | DEBUG | d.t.c.a.a.c.s.u.UserCreationService  : Created Information for User: User{login='batman', firstName='userjenkstudent1First', lastName='userjenkstudent1Last', email='batman@secret.invalid', imageUrl='null', activated='true', langKey='en', activationKey='null'}

  Starting logs for UserJenkinsGitlabIntegrationTest > updateUserNotificationDate_asStudent_isSuccessful()
    23:42:24.021 | 198 Pool-1-worker-91 | DEBUG | d.t.c.a.a.c.u.util.UserUtilService   : Generate 2 students...
    23:42:24.023 | 198 Pool-1-worker-91 | DEBUG | d.t.c.a.a.c.u.util.UserUtilService   : 2 students generated. Generate 1 tutors...
    23:42:24.025 | 198 Pool-1-worker-91 | DEBUG | d.t.c.a.a.c.u.util.UserUtilService   : 1 tutors generated. Generate 1 editors...
    23:42:24.027 | 198 Pool-1-worker-91 | DEBUG | d.t.c.a.a.c.u.util.UserUtilService   : 1 editors generated. Generate 1 instructors...
    23:42:24.029 | 198 Pool-1-worker-91 | DEBUG | d.t.c.a.a.c.u.util.UserUtilService   : 1 instructors generated
    23:42:24.031 | 198 Pool-1-worker-91 | DEBUG | d.t.c.a.a.c.u.util.UserUtilService   : Removing 0 users from all courses...
    23:42:24.031 | 198 Pool-1-worker-91 | DEBUG | d.t.c.a.a.c.u.util.UserUtilService   : Removing 0 users from all courses. Done
    23:42:24.031 | 198 Pool-1-worker-91 | DEBUG | d.t.c.a.a.c.u.util.UserUtilService   : Save 5 users to database...
    23:42:24.034 | 198 Pool-1-worker-91 | DEBUG | d.t.c.a.a.c.u.util.UserUtilService   : Save 5 users to database. Done
    23:42:24.040 | 198 Pool-1-worker-91 | INFO  | i.z.t.d.l.EmbeddedDatabaseReporter   : JDBC URL to connect to 'dataSource': url='jdbc:h2:tcp://localhost:41063/mem:736625c0-cf5e-400d-aeaa-8a7eabd6262b;USER=sa', scope='UserJenkinsGitlabIntegrationTest#updateUserNotificationDate_asStudent_isSuccessful'
    23:42:24.041 | 198 Pool-1-worker-91 | DEBUG | d.t.c.a.a.c.s.f.ApiVersionFilter     : Adding Version to Request PUT /api/users/notification-date
    23:42:24.042 | 198 Pool-1-worker-91 | DEBUG | d.t.c.a.a.core.web.UserResource      : REST request to update notification date for logged-in user

  Starting logs for UserJenkinsGitlabIntegrationTest > updateUser_asAdmin_isSuccessful()
    23:42:24.081 | 198 Pool-1-worker-91 | DEBUG | d.t.c.a.a.c.u.util.UserUtilService   : Generate 2 students...
    23:42:24.083 | 198 Pool-1-worker-91 | DEBUG | d.t.c.a.a.c.u.util.UserUtilService   : 2 students generated. Generate 1 tutors...
    23:42:24.085 | 198 Pool-1-worker-91 | DEBUG | d.t.c.a.a.c.u.util.UserUtilService   : 1 tutors generated. Generate 1 editors...
    23:42:24.087 | 198 Pool-1-worker-91 | DEBUG | d.t.c.a.a.c.u.util.UserUtilService   : 1 editors generated. Generate 1 instructors...
    23:42:24.089 | 198 Pool-1-worker-91 | DEBUG | d.t.c.a.a.c.u.util.UserUtilService   : 1 instructors generated
    23:42:24.090 | 198 Pool-1-worker-91 | DEBUG | d.t.c.a.a.c.u.util.UserUtilService   : Removing 0 users from all courses...
    23:42:24.090 | 198 Pool-1-worker-91 | DEBUG | d.t.c.a.a.c.u.util.UserUtilService   : Removing 0 users from all courses. Done
    23:42:24.090 | 198 Pool-1-worker-91 | DEBUG | d.t.c.a.a.c.u.util.UserUtilService   : Save 5 users to database...
    23:42:24.094 | 198 Pool-1-worker-91 | DEBUG | d.t.c.a.a.c.u.util.UserUtilService   : Save 5 users to database. Done
    23:42:24.098 | 198 Pool-1-worker-91 | INFO  | i.z.t.d.l.EmbeddedDatabaseReporter   : JDBC URL to connect to 'dataSource': url='jdbc:h2:tcp://localhost:41063/mem:736625c0-cf5e-400d-aeaa-8a7eabd6262b;USER=sa', scope='UserJenkinsGitlabIntegrationTest#updateUser_asAdmin_isSuccessful'
    23:42:24.111 | 198 Pool-1-worker-91 | DEBUG | d.t.c.a.a.c.s.f.ApiVersionFilter     : Adding Version to Request PUT /api/admin/users
    23:42:24.112 | 198 Pool-1-worker-91 | DEBUG | d.t.c.a.a.c.w.a.AdminUserResource    : REST request to update User : ManagedUserVM{} UserDTO{login='userjenkstudent1', firstName='Bruce', lastName='Wayne', email='bonobo42@tum.com', imageUrl='foobar.png', activated=true, langKey='DE', createdBy=admin, createdDate=2025-02-14T23:42:24.091030Z, lastModifiedBy='admin', lastModifiedDate=2025-02-14T23:42:24.091030Z, lastNotificationRead=null, authorities=[ROLE_TA]}
    23:42:24.119 | 198 Pool-1-worker-91 | DEBUG | d.t.c.a.a.c.s.u.UserCreationService  : Changed Information for User: User{login='userjenkstudent1', firstName='Bruce', lastName='Wayne', email='bonobo42@tum.com', imageUrl='foobar.png', activated='true', langKey='DE', activationKey='null'}
    23:42:24.120 | 198 Pool-1-worker-91 | DEBUG | d.t.c.a.a.c.s.u.UserCreationService  : Save user User{login='userjenkstudent1', firstName='Bruce', lastName='Wayne', email='bonobo42@tum.com', imageUrl='foobar.png', activated='true', langKey='DE', activationKey='null'}
    23:42:24.124 | 198 Pool-1-worker-91 | INFO  | .a.p.s.g.GitLabUserManagementService : Update Gitlab permissions for programming exercises: []
    23:42:24.126 | 198 Pool-1-worker-91 | INFO  | .a.p.s.g.GitLabUserManagementService : Update Gitlab permissions for programming exercises: []
    23:42:24.128 | 198 Pool-1-worker-91 | INFO  | a.p.s.j.JenkinsUserManagementService : Update Jenkins permissions (remove users from groups) for programming exercises: []
    23:42:24.134 | 198 Pool-1-worker-91 | INFO  | a.p.s.j.JenkinsUserManagementService : Update Jenkins permissions (add users to groups) for programming exercises: []
    23:42:24.135 | 198 Pool-1-worker-91 | INFO  | a.p.s.j.JenkinsUserManagementService : Update Jenkins permissions (remove users from groups) for programming exercises: []
    23:42:24.136 | 198 Pool-1-worker-91 | INFO  | a.p.s.j.JenkinsUserManagementService : Update Jenkins permissions (add users to groups) for programming exercises: []

  Starting logs for UserJenkinsGitlabIntegrationTest > updateUserExistingEmail()
    23:42:24.167 | 198 Pool-1-worker-91 | DEBUG | d.t.c.a.a.c.u.util.UserUtilService   : Generate 2 students...
    23:42:24.170 | 198 Pool-1-worker-91 | DEBUG | d.t.c.a.a.c.u.util.UserUtilService   : 2 students generated. Generate 1 tutors...
    23:42:24.172 | 198 Pool-1-worker-91 | DEBUG | d.t.c.a.a.c.u.util.UserUtilService   : 1 tutors generated. Generate 1 editors...
    23:42:24.174 | 198 Pool-1-worker-91 | DEBUG | d.t.c.a.a.c.u.util.UserUtilService   : 1 editors generated. Generate 1 instructors...
    23:42:24.176 | 198 Pool-1-worker-91 | DEBUG | d.t.c.a.a.c.u.util.UserUtilService   : 1 instructors generated
    23:42:24.177 | 198 Pool-1-worker-91 | DEBUG | d.t.c.a.a.c.u.util.UserUtilService   : Removing 0 users from all courses...
    23:42:24.178 | 198 Pool-1-worker-91 | DEBUG | d.t.c.a.a.c.u.util.UserUtilService   : Removing 0 users from all courses. Done
    23:42:24.178 | 198 Pool-1-worker-91 | DEBUG | d.t.c.a.a.c.u.util.UserUtilService   : Save 5 users to database...
    23:42:24.182 | 198 Pool-1-worker-91 | DEBUG | d.t.c.a.a.c.u.util.UserUtilService   : Save 5 users to database. Done
    23:42:24.186 | 198 Pool-1-worker-91 | INFO  | i.z.t.d.l.EmbeddedDatabaseReporter   : JDBC URL to connect to 'dataSource': url='jdbc:h2:tcp://localhost:41063/mem:736625c0-cf5e-400d-aeaa-8a7eabd6262b;USER=sa', scope='UserJenkinsGitlabIntegrationTest#updateUserExistingEmail'
    23:42:24.198 | 198 Pool-1-worker-91 | DEBUG | d.t.c.a.a.c.s.f.ApiVersionFilter     : Adding Version to Request PUT /api/admin/users
    23:42:24.199 | 198 Pool-1-worker-91 | DEBUG | d.t.c.a.a.c.w.a.AdminUserResource    : REST request to update User : ManagedUserVM{} UserDTO{login='userjenkstudent1', firstName='userjenkstudent1First', lastName='userjenkstudent1Last', email='newEmail@testing.user', imageUrl='null', activated=true, langKey='en', createdBy=admin, createdDate=2025-02-14T23:42:24.178372Z, lastModifiedBy='admin', lastModifiedDate=2025-02-14T23:42:24.178372Z, lastNotificationRead=null, authorities=[ROLE_USER]}
    23:42:24.202 | 198 Pool-1-worker-91 | ERROR | tech.jhipster.web.util.HeaderUtil    : Entity processing failed, Login name already used!
    23:42:24.202 | 198 Pool-1-worker-91 | WARN  | o.z.p.spring.common.AdviceTraits     : Bad Request: Login name already used!

  Starting logs for UserJenkinsGitlabIntegrationTest > getUserViaFilter_asAdmin_isSuccessful()
    23:42:24.231 | 198 Pool-1-worker-91 | DEBUG | d.t.c.a.a.c.u.util.UserUtilService   : Generate 2 students...
    23:42:24.234 | 198 Pool-1-worker-91 | DEBUG | d.t.c.a.a.c.u.util.UserUtilService   : 2 students generated. Generate 1 tutors...
    23:42:24.236 | 198 Pool-1-worker-91 | DEBUG | d.t.c.a.a.c.u.util.UserUtilService   : 1 tutors generated. Generate 1 editors...
    23:42:24.238 | 198 Pool-1-worker-91 | DEBUG | d.t.c.a.a.c.u.util.UserUtilService   : 1 editors generated. Generate 1 instructors...
    23:42:24.240 | 198 Pool-1-worker-91 | DEBUG | d.t.c.a.a.c.u.util.UserUtilService   : 1 instructors generated
    23:42:24.241 | 198 Pool-1-worker-91 | DEBUG | d.t.c.a.a.c.u.util.UserUtilService   : Removing 0 users from all courses...
    23:42:24.241 | 198 Pool-1-worker-91 | DEBUG | d.t.c.a.a.c.u.util.UserUtilService   : Removing 0 users from all courses. Done
    23:42:24.241 | 198 Pool-1-worker-91 | DEBUG | d.t.c.a.a.c.u.util.UserUtilService   : Save 5 users to database...
    23:42:24.244 | 198 Pool-1-worker-91 | DEBUG | d.t.c.a.a.c.u.util.UserUtilService   : Save 5 users to database. Done
    23:42:24.249 | 198 Pool-1-worker-91 | INFO  | i.z.t.d.l.EmbeddedDatabaseReporter   : JDBC URL to connect to 'dataSource': url='jdbc:h2:tcp://localhost:41063/mem:736625c0-cf5e-400d-aeaa-8a7eabd6262b;USER=sa', scope='UserJenkinsGitlabIntegrationTest#getUserViaFilter_asAdmin_isSuccessful'
    23:42:24.252 | 198 Pool-1-worker-91 | DEBUG | d.t.c.a.a.c.s.f.ApiVersionFilter     : Adding Version to Request GET /api/admin/users

  Starting logs for UserJenkinsGitlabIntegrationTest > createUserAsAdminExistsInCi()
    23:42:24.287 | 198 Pool-1-worker-91 | DEBUG | d.t.c.a.a.c.u.util.UserUtilService   : Generate 2 students...
    23:42:24.290 | 198 Pool-1-worker-91 | DEBUG | d.t.c.a.a.c.u.util.UserUtilService   : 2 students generated. Generate 1 tutors...
    23:42:24.292 | 198 Pool-1-worker-91 | DEBUG | d.t.c.a.a.c.u.util.UserUtilService   : 1 tutors generated. Generate 1 editors...
    23:42:24.294 | 198 Pool-1-worker-91 | DEBUG | d.t.c.a.a.c.u.util.UserUtilService   : 1 editors generated. Generate 1 instructors...
    23:42:24.295 | 198 Pool-1-worker-91 | DEBUG | d.t.c.a.a.c.u.util.UserUtilService   : 1 instructors generated
    23:42:24.297 | 198 Pool-1-worker-91 | DEBUG | d.t.c.a.a.c.u.util.UserUtilService   : Removing 0 users from all courses...
    23:42:24.297 | 198 Pool-1-worker-91 | DEBUG | d.t.c.a.a.c.u.util.UserUtilService   : Removing 0 users from all courses. Done
    23:42:24.297 | 198 Pool-1-worker-91 | DEBUG | d.t.c.a.a.c.u.util.UserUtilService   : Save 5 users to database...
    23:42:24.300 | 198 Pool-1-worker-91 | DEBUG | d.t.c.a.a.c.u.util.UserUtilService   : Save 5 users to database. Done
    23:42:24.305 | 198 Pool-1-worker-91 | INFO  | i.z.t.d.l.EmbeddedDatabaseReporter   : JDBC URL to connect to 'dataSource': url='jdbc:h2:tcp://localhost:41063/mem:736625c0-cf5e-400d-aeaa-8a7eabd6262b;USER=sa', scope='UserJenkinsGitlabIntegrationTest#createUserAsAdminExistsInCi'
    23:42:24.311 | 198 Pool-1-worker-91 | DEBUG | d.t.c.a.a.c.s.f.ApiVersionFilter     : Adding Version to Request POST /api/admin/users
    23:42:24.313 | 198 Pool-1-worker-91 | DEBUG | d.t.c.a.a.c.w.a.AdminUserResource    : REST request to save User : ManagedUserVM{} UserDTO{login='batman', firstName='userjenkstudent1First', lastName='userjenkstudent1Last', email='batman@secret.invalid', imageUrl='null', activated=true, langKey='en', createdBy=admin, createdDate=2025-02-14T23:42:24.297678Z, lastModifiedBy='admin', lastModifiedDate=2025-02-14T23:42:24.297678Z, lastNotificationRead=null, authorities=[ROLE_USER]}
    23:42:24.320 | 198 Pool-1-worker-91 | DEBUG | d.t.c.a.a.c.s.u.UserCreationService  : Save user User{login='batman', firstName='userjenkstudent1First', lastName='userjenkstudent1Last', email='batman@secret.invalid', imageUrl='null', activated='true', langKey='en', activationKey='null'}
    23:42:24.326 | 198 Pool-1-worker-91 | INFO  | .a.p.s.g.GitLabUserManagementService : Update Gitlab permissions for programming exercises: []
    23:42:24.327 | 198 Pool-1-worker-91 | DEBUG | a.p.s.j.JenkinsUserManagementService : Cannot create user: batman because the login already exists
    23:42:24.331 | 198 Pool-1-worker-91 | DEBUG | d.t.c.a.a.c.s.u.UserCreationService  : Created Information for User: User{login='batman', firstName='userjenkstudent1First', lastName='userjenkstudent1Last', email='batman@secret.invalid', imageUrl='null', activated='true', langKey='en', activationKey='null'}

  Starting logs for UserJenkinsGitlabIntegrationTest > createUserWithGroups()
    23:42:24.362 | 198 Pool-1-worker-91 | DEBUG | d.t.c.a.a.c.u.util.UserUtilService   : Generate 2 students...
    23:42:24.367 | 198 Pool-1-worker-91 | DEBUG | d.t.c.a.a.c.u.util.UserUtilService   : 2 students generated. Generate 1 tutors...
    23:42:24.369 | 198 Pool-1-worker-91 | DEBUG | d.t.c.a.a.c.u.util.UserUtilService   : 1 tutors generated. Generate 1 editors...
    23:42:24.371 | 198 Pool-1-worker-91 | DEBUG | d.t.c.a.a.c.u.util.UserUtilService   : 1 editors generated. Generate 1 instructors...
    23:42:24.373 | 198 Pool-1-worker-91 | DEBUG | d.t.c.a.a.c.u.util.UserUtilService   : 1 instructors generated
    23:42:24.375 | 198 Pool-1-worker-91 | DEBUG | d.t.c.a.a.c.u.util.UserUtilService   : Removing 0 users from all courses...
    23:42:24.375 | 198 Pool-1-worker-91 | DEBUG | d.t.c.a.a.c.u.util.UserUtilService   : Removing 0 users from all courses. Done
    23:42:24.375 | 198 Pool-1-worker-91 | DEBUG | d.t.c.a.a.c.u.util.UserUtilService   : Save 5 users to database...
    23:42:24.378 | 198 Pool-1-worker-91 | DEBUG | d.t.c.a.a.c.u.util.UserUtilService   : Save 5 users to database. Done
    23:42:24.382 | 198 Pool-1-worker-91 | INFO  | i.z.t.d.l.EmbeddedDatabaseReporter   : JDBC URL to connect to 'dataSource': url='jdbc:h2:tcp://localhost:41063/mem:736625c0-cf5e-400d-aeaa-8a7eabd6262b;USER=sa', scope='UserJenkinsGitlabIntegrationTest#createUserWithGroups'
    23:42:24.443 | 198 Pool-1-worker-91 | DEBUG | d.t.c.a.a.c.s.f.ApiVersionFilter     : Adding Version to Request POST /api/admin/users
    23:42:24.445 | 198 Pool-1-worker-91 | DEBUG | d.t.c.a.a.c.w.a.AdminUserResource    : REST request to save User : ManagedUserVM{} UserDTO{login='batman', firstName='userjenkstudent1First', lastName='userjenkstudent1Last', email='foobar@tum.com', imageUrl='null', activated=true, langKey='en', createdBy=admin, createdDate=2025-02-14T23:42:24.375468Z, lastModifiedBy='admin', lastModifiedDate=2025-02-14T23:42:24.375468Z, lastNotificationRead=null, authorities=[ROLE_USER]}
    23:42:24.450 | 198 Pool-1-worker-91 | DEBUG | d.t.c.a.a.c.s.u.UserCreationService  : Save user User{login='batman', firstName='userjenkstudent1First', lastName='userjenkstudent1Last', email='foobar@tum.com', imageUrl='null', activated='true', langKey='en', activationKey='null'}
    23:42:24.460 | 198 Pool-1-worker-91 | INFO  | .a.p.s.g.GitLabUserManagementService : Update Gitlab permissions for programming exercises: [null, null, SHORTDA184D9404036043920AC46061569DF9331ETSTEXC, SHORT4D18CB7903AAA049CD0891F00A7F77B5708ATSTEXC, SHORTE6CC1DA70D6B904FCF0AD3E0D4E2DA8018E7TSTEXC, SHORT2929F3C70393604A6A08F0803B79521686FDTSTEXC, SHORT95EE97310304B0435C08EDC0DFB1957C430DTSTEXC, SHORTCB0191F202F5404D7708DC50B0F54FF07D9ATSTEXC, SHORTE823DA4E035B904F250A6CB070A6B897835BTSTEXC, SHORT60AEF9F3062A804B80093E003D8346BCFDC4TSTEXC, SHORT015E8A9B05C69048AA087F40D0CD7F2312FDTSTEXC, SHORTE9ACA8550BFBA044EC08BCA09CE37420D51CTSTEXC, SHORT0D0C100208AE704FA90A38D0246D081FC16BTSTEXC, SHORT17FCEBBF01AB6041EF0B50E0F7F031E5DC15TSTEXC, SHORT3C8083500B4F4049060B86900DECE2E4E215TSTEXC, SHORT2D4D78CB02EB3042890BEC205671442D8CF8TSTEXC, SHORTADD785730E45604F9E0AB420275EF800D7E0TSTEXC, SHORT3C3F5A2208B1A049110ADEE072E577E5654ETSTEXC, SHORTA8CFEDC30EDC804E8508DDC0ACEC623B04A2TSTEXC, SHORTB6ECA2AF03D56044D20850E032D251EBE378TSTEXC, SHORT0B79AF1B0994304249092B00280004BBDC11TSTEXC, SHORTA13D35E50A39B040D108DFF0266C35C2E79DTSTEXC, SHORTDD22B6AD07E2B04F570B79C09AB7523409E8TSTEXC, SHORTC907FB5B0CF690494C0B6770C0E38FA9148ETSTEXC, SHORTA101A11F08EC90446008DED09C0467307EDCTSTEXC, SHORTD60BF4A506298044DF0821308BAC9DC2758ETSTEXC, SHORT804E11A302BD8045DC0A855023748D587851TSTEXC, SHORTC1F0176D037FA042AF0B01E05BB0A9B2E9BETSTEXC, SHORT0C7BCE7C0593B04AB9094D902D8C4BB8750CTSTEXC, SHORTA1002EDA02485040D709DFA024F1B4B414B7TSTEXC, SHORT252B48D702ACA04E7D09D1E026DE0EDBBC57TSTEXC, SHORT15FE276D091C20493D0A7750711FA8A288C4TSTEXC, SHORT04658EE40CF56043A90978F0D7CCEBB734C1TSTEXC, SHORT7CF576DD082A90450A0A82901E8EBFA88A7BTSTEXC, SHORTA972A00F0893B04D6F08C3D034FEB43C0DD8TSTEXC, SHORTC75A50230639D0498808D2F0E8C1A7B58CC5TSTEXC, SHORT3F566B5F0B72404479097E108CAA3BDA1949TSTEXC, SHORT6AAEE3480E5A40453808E8C00464EF5E5AB4TSTEXC, SHORTF7EE08B20B328046340B4AE0AE6603A3ED4FTSTEXC, SHORTB8D3A8190AF6B047CC0A8000C1445A11C533TSTEXC, SHORT13F751CC04C2E045660A7840124C5F74C6FBTSTEXC, SHORT8825F5AC06B80041720B67703B1A4C59180FTSTEXC, SHORT94B3497E0FA8A044F00B60D05C198A08807CTSTEXC, SHORT2AF074880E18F04BE50832D0DB91CC34A794TSTEXC, SHORTADCFB1060E55E048180BB4203D062BCEBD2BTSTEXC, SHORT15D509CE0B7C304FCD099A907183843CD29ATSTEXC, SHORT866495D9024C904D61083A20AFA040BBC5C4TSTEXC, SHORT17C6BEF20460A0439C0822C0CFA7DC22A993TSTEXC, SHORT73663F9D027A004C4D09DD804EB8E2CA7273TSTEXC, SHORTAC8413E208FA4047F30AFAE0C00C3CCA1DD5TSTEXC, SHORT9804F30E05B7C047890921800A2A88028BB3TSTEXC, SHORT923F395608E20042F80A5DB03BB021AE3150TSTEXC, SHORT5B1FAE6C0FF560469C097D40A66462B374ADTSTEXC, SHORT138EF83F0141B04F7E08A5A089903D88581DTSTEXC, SHORT74127E77086E1042F3086F7076A592D1D0C9TSTEXC, SHORT5137C02804236041A30A2E504180F52AF1EETSTEXC, SHORT737ED94E0AE950448F0B4C30C9057D986E44TSTEXC, SHORTA0F19189087D104EA00BD4A0CCC155DBF367TSTEXC, SHORTC0408902059E3040BC0918601FBAC034C3ABTSTEXC, SHORT8C0D20950A952041FE0B1E2093699E4DFC17TSTEXC, SHORT1E0068C102D8F0422B0A5650F17B7A8CC27DTSTEXC]
    23:42:24.460 | 198 Pool-1-worker-91 | INFO  | .a.p.s.g.GitLabUserManagementService : Add member 1 to Gitlab group null
    23:42:24.460 | 198 Pool-1-worker-91 | INFO  | .a.p.s.g.GitLabUserManagementService : Add member 1 to Gitlab group null
    23:42:24.461 | 198 Pool-1-worker-91 | INFO  | .a.p.s.g.GitLabUserManagementService : Add member 1 to Gitlab group SHORTDA184D9404036043920AC46061569DF9331ETSTEXC
    23:42:24.461 | 198 Pool-1-worker-91 | INFO  | .a.p.s.g.GitLabUserManagementService : Add member 1 to Gitlab group SHORT4D18CB7903AAA049CD0891F00A7F77B5708ATSTEXC
    23:42:24.461 | 198 Pool-1-worker-91 | INFO  | .a.p.s.g.GitLabUserManagementService : Add member 1 to Gitlab group SHORTE6CC1DA70D6B904FCF0AD3E0D4E2DA8018E7TSTEXC
    23:42:24.461 | 198 Pool-1-worker-91 | INFO  | .a.p.s.g.GitLabUserManagementService : Add member 1 to Gitlab group SHORT2929F3C70393604A6A08F0803B79521686FDTSTEXC
    23:42:24.461 | 198 Pool-1-worker-91 | INFO  | .a.p.s.g.GitLabUserManagementService : Add member 1 to Gitlab group SHORT95EE97310304B0435C08EDC0DFB1957C430DTSTEXC
    23:42:24.461 | 198 Pool-1-worker-91 | INFO  | .a.p.s.g.GitLabUserManagementService : Add member 1 to Gitlab group SHORTCB0191F202F5404D7708DC50B0F54FF07D9ATSTEXC
    23:42:24.461 | 198 Pool-1-worker-91 | INFO  | .a.p.s.g.GitLabUserManagementService : Add member 1 to Gitlab group SHORTE823DA4E035B904F250A6CB070A6B897835BTSTEXC
    23:42:24.462 | 198 Pool-1-worker-91 | INFO  | .a.p.s.g.GitLabUserManagementService : Add member 1 to Gitlab group SHORT60AEF9F3062A804B80093E003D8346BCFDC4TSTEXC
    23:42:24.462 | 198 Pool-1-worker-91 | INFO  | .a.p.s.g.GitLabUserManagementService : Add member 1 to Gitlab group SHORT015E8A9B05C69048AA087F40D0CD7F2312FDTSTEXC
    23:42:24.462 | 198 Pool-1-worker-91 | INFO  | .a.p.s.g.GitLabUserManagementService : Add member 1 to Gitlab group SHORTE9ACA8550BFBA044EC08BCA09CE37420D51CTSTEXC
    23:42:24.462 | 198 Pool-1-worker-91 | INFO  | .a.p.s.g.GitLabUserManagementService : Add member 1 to Gitlab group SHORT0D0C100208AE704FA90A38D0246D081FC16BTSTEXC
    23:42:24.462 | 198 Pool-1-worker-91 | INFO  | .a.p.s.g.GitLabUserManagementService : Add member 1 to Gitlab group SHORT17FCEBBF01AB6041EF0B50E0F7F031E5DC15TSTEXC
    23:42:24.462 | 198 Pool-1-worker-91 | INFO  | .a.p.s.g.GitLabUserManagementService : Add member 1 to Gitlab group SHORT3C8083500B4F4049060B86900DECE2E4E215TSTEXC
    23:42:24.462 | 198 Pool-1-worker-91 | INFO  | .a.p.s.g.GitLabUserManagementService : Add member 1 to Gitlab group SHORT2D4D78CB02EB3042890BEC205671442D8CF8TSTEXC
    23:42:24.462 | 198 Pool-1-worker-91 | INFO  | .a.p.s.g.GitLabUserManagementService : Add member 1 to Gitlab group SHORTADD785730E45604F9E0AB420275EF800D7E0TSTEXC
    23:42:24.462 | 198 Pool-1-worker-91 | INFO  | .a.p.s.g.GitLabUserManagementService : Add member 1 to Gitlab group SHORT3C3F5A2208B1A049110ADEE072E577E5654ETSTEXC
    23:42:24.463 | 198 Pool-1-worker-91 | INFO  | .a.p.s.g.GitLabUserManagementService : Add member 1 to Gitlab group SHORTA8CFEDC30EDC804E8508DDC0ACEC623B04A2TSTEXC
    23:42:24.463 | 198 Pool-1-worker-91 | INFO  | .a.p.s.g.GitLabUserManagementService : Add member 1 to Gitlab group SHORTB6ECA2AF03D56044D20850E032D251EBE378TSTEXC
    23:42:24.463 | 198 Pool-1-worker-91 | INFO  | .a.p.s.g.GitLabUserManagementService : Add member 1 to Gitlab group SHORT0B79AF1B0994304249092B00280004BBDC11TSTEXC
    23:42:24.463 | 198 Pool-1-worker-91 | INFO  | .a.p.s.g.GitLabUserManagementService : Add member 1 to Gitlab group SHORTA13D35E50A39B040D108DFF0266C35C2E79DTSTEXC
    23:42:24.463 | 198 Pool-1-worker-91 | INFO  | .a.p.s.g.GitLabUserManagementService : Add member 1 to Gitlab group SHORTDD22B6AD07E2B04F570B79C09AB7523409E8TSTEXC
    23:42:24.463 | 198 Pool-1-worker-91 | INFO  | .a.p.s.g.GitLabUserManagementService : Add member 1 to Gitlab group SHORTC907FB5B0CF690494C0B6770C0E38FA9148ETSTEXC
    23:42:24.463 | 198 Pool-1-worker-91 | INFO  | .a.p.s.g.GitLabUserManagementService : Add member 1 to Gitlab group SHORTA101A11F08EC90446008DED09C0467307EDCTSTEXC
    23:42:24.463 | 198 Pool-1-worker-91 | INFO  | .a.p.s.g.GitLabUserManagementService : Add member 1 to Gitlab group SHORTD60BF4A506298044DF0821308BAC9DC2758ETSTEXC
    23:42:24.464 | 198 Pool-1-worker-91 | INFO  | .a.p.s.g.GitLabUserManagementService : Add member 1 to Gitlab group SHORT804E11A302BD8045DC0A855023748D587851TSTEXC
    23:42:24.464 | 198 Pool-1-worker-91 | INFO  | .a.p.s.g.GitLabUserManagementService : Add member 1 to Gitlab group SHORTC1F0176D037FA042AF0B01E05BB0A9B2E9BETSTEXC
    23:42:24.464 | 198 Pool-1-worker-91 | INFO  | .a.p.s.g.GitLabUserManagementService : Add member 1 to Gitlab group SHORT0C7BCE7C0593B04AB9094D902D8C4BB8750CTSTEXC
    23:42:24.464 | 198 Pool-1-worker-91 | INFO  | .a.p.s.g.GitLabUserManagementService : Add member 1 to Gitlab group SHORTA1002EDA02485040D709DFA024F1B4B414B7TSTEXC
    23:42:24.464 | 198 Pool-1-worker-91 | INFO  | .a.p.s.g.GitLabUserManagementService : Add member 1 to Gitlab group SHORT252B48D702ACA04E7D09D1E026DE0EDBBC57TSTEXC
    23:42:24.464 | 198 Pool-1-worker-91 | INFO  | .a.p.s.g.GitLabUserManagementService : Add member 1 to Gitlab group SHORT15FE276D091C20493D0A7750711FA8A288C4TSTEXC
    23:42:24.464 | 198 Pool-1-worker-91 | INFO  | .a.p.s.g.GitLabUserManagementService : Add member 1 to Gitlab group SHORT04658EE40CF56043A90978F0D7CCEBB734C1TSTEXC
    23:42:24.464 | 198 Pool-1-worker-91 | INFO  | .a.p.s.g.GitLabUserManagementService : Add member 1 to Gitlab group SHORT7CF576DD082A90450A0A82901E8EBFA88A7BTSTEXC
    23:42:24.464 | 198 Pool-1-worker-91 | INFO  | .a.p.s.g.GitLabUserManagementService : Add member 1 to Gitlab group SHORTA972A00F0893B04D6F08C3D034FEB43C0DD8TSTEXC
    23:42:24.465 | 198 Pool-1-worker-91 | INFO  | .a.p.s.g.GitLabUserManagementService : Add member 1 to Gitlab group SHORTC75A50230639D0498808D2F0E8C1A7B58CC5TSTEXC
    23:42:24.465 | 198 Pool-1-worker-91 | INFO  | .a.p.s.g.GitLabUserManagementService : Add member 1 to Gitlab group SHORT3F566B5F0B72404479097E108CAA3BDA1949TSTEXC
    23:42:24.465 | 198 Pool-1-worker-91 | INFO  | .a.p.s.g.GitLabUserManagementService : Add member 1 to Gitlab group SHORT6AAEE3480E5A40453808E8C00464EF5E5AB4TSTEXC
    23:42:24.465 | 198 Pool-1-worker-91 | INFO  | .a.p.s.g.GitLabUserManagementService : Add member 1 to Gitlab group SHORTF7EE08B20B328046340B4AE0AE6603A3ED4FTSTEXC
    23:42:24.465 | 198 Pool-1-worker-91 | INFO  | .a.p.s.g.GitLabUserManagementService : Add member 1 to Gitlab group SHORTB8D3A8190AF6B047CC0A8000C1445A11C533TSTEXC
    23:42:24.465 | 198 Pool-1-worker-91 | INFO  | .a.p.s.g.GitLabUserManagementService : Add member 1 to Gitlab group SHORT13F751CC04C2E045660A7840124C5F74C6FBTSTEXC
    23:42:24.465 | 198 Pool-1-worker-91 | INFO  | .a.p.s.g.GitLabUserManagementService : Add member 1 to Gitlab group SHORT8825F5AC06B80041720B67703B1A4C59180FTSTEXC
    23:42:24.465 | 198 Pool-1-worker-91 | INFO  | .a.p.s.g.GitLabUserManagementService : Add member 1 to Gitlab group SHORT94B3497E0FA8A044F00B60D05C198A08807CTSTEXC
    23:42:24.466 | 198 Pool-1-worker-91 | INFO  | .a.p.s.g.GitLabUserManagementService : Add member 1 to Gitlab group SHORT2AF074880E18F04BE50832D0DB91CC34A794TSTEXC
    23:42:24.466 | 198 Pool-1-worker-91 | INFO  | .a.p.s.g.GitLabUserManagementService : Add member 1 to Gitlab group SHORTADCFB1060E55E048180BB4203D062BCEBD2BTSTEXC
    23:42:24.466 | 198 Pool-1-worker-91 | INFO  | .a.p.s.g.GitLabUserManagementService : Add member 1 to Gitlab group SHORT15D509CE0B7C304FCD099A907183843CD29ATSTEXC
    23:42:24.466 | 198 Pool-1-worker-91 | INFO  | .a.p.s.g.GitLabUserManagementService : Add member 1 to Gitlab group SHORT866495D9024C904D61083A20AFA040BBC5C4TSTEXC
    23:42:24.466 | 198 Pool-1-worker-91 | INFO  | .a.p.s.g.GitLabUserManagementService : Add member 1 to Gitlab group SHORT17C6BEF20460A0439C0822C0CFA7DC22A993TSTEXC
    23:42:24.466 | 198 Pool-1-worker-91 | INFO  | .a.p.s.g.GitLabUserManagementService : Add member 1 to Gitlab group SHORT73663F9D027A004C4D09DD804EB8E2CA7273TSTEXC
    23:42:24.466 | 198 Pool-1-worker-91 | INFO  | .a.p.s.g.GitLabUserManagementService : Add member 1 to Gitlab group SHORTAC8413E208FA4047F30AFAE0C00C3CCA1DD5TSTEXC
    23:42:24.466 | 198 Pool-1-worker-91 | INFO  | .a.p.s.g.GitLabUserManagementService : Add member 1 to Gitlab group SHORT9804F30E05B7C047890921800A2A88028BB3TSTEXC
    23:42:24.466 | 198 Pool-1-worker-91 | INFO  | .a.p.s.g.GitLabUserManagementService : Add member 1 to Gitlab group SHORT923F395608E20042F80A5DB03BB021AE3150TSTEXC
    23:42:24.467 | 198 Pool-1-worker-91 | INFO  | .a.p.s.g.GitLabUserManagementService : Add member 1 to Gitlab group SHORT5B1FAE6C0FF560469C097D40A66462B374ADTSTEXC
    23:42:24.467 | 198 Pool-1-worker-91 | INFO  | .a.p.s.g.GitLabUserManagementService : Add member 1 to Gitlab group SHORT138EF83F0141B04F7E08A5A089903D88581DTSTEXC
    23:42:24.467 | 198 Pool-1-worker-91 | INFO  | .a.p.s.g.GitLabUserManagementService : Add member 1 to Gitlab group SHORT74127E77086E1042F3086F7076A592D1D0C9TSTEXC
    23:42:24.467 | 198 Pool-1-worker-91 | INFO  | .a.p.s.g.GitLabUserManagementService : Add member 1 to Gitlab group SHORT5137C02804236041A30A2E504180F52AF1EETSTEXC
    23:42:24.467 | 198 Pool-1-worker-91 | INFO  | .a.p.s.g.GitLabUserManagementService : Add member 1 to Gitlab group SHORT737ED94E0AE950448F0B4C30C9057D986E44TSTEXC
    23:42:24.468 | 198 Pool-1-worker-91 | INFO  | .a.p.s.g.GitLabUserManagementService : Add member 1 to Gitlab group SHORTA0F19189087D104EA00BD4A0CCC155DBF367TSTEXC
    23:42:24.468 | 198 Pool-1-worker-91 | INFO  | .a.p.s.g.GitLabUserManagementService : Add member 1 to Gitlab group SHORTC0408902059E3040BC0918601FBAC034C3ABTSTEXC
    23:42:24.468 | 198 Pool-1-worker-91 | INFO  | .a.p.s.g.GitLabUserManagementService : Add member 1 to Gitlab group SHORT8C0D20950A952041FE0B1E2093699E4DFC17TSTEXC
    23:42:24.468 | 198 Pool-1-worker-91 | INFO  | .a.p.s.g.GitLabUserManagementService : Add member 1 to Gitlab group SHORT1E0068C102D8F0422B0A5650F17B7A8CC27DTSTEXC
    23:42:24.478 | 198 Pool-1-worker-91 | INFO  | a.p.s.j.JenkinsUserManagementService : Update Jenkins permissions (add users to groups) for programming exercises: [null, null, SHORTDA184D9404036043920AC46061569DF9331ETSTEXC, SHORT4D18CB7903AAA049CD0891F00A7F77B5708ATSTEXC, SHORTE6CC1DA70D6B904FCF0AD3E0D4E2DA8018E7TSTEXC, SHORT2929F3C70393604A6A08F0803B79521686FDTSTEXC, SHORT95EE97310304B0435C08EDC0DFB1957C430DTSTEXC, SHORTCB0191F202F5404D7708DC50B0F54FF07D9ATSTEXC, SHORTE823DA4E035B904F250A6CB070A6B897835BTSTEXC, SHORT60AEF9F3062A804B80093E003D8346BCFDC4TSTEXC, SHORT015E8A9B05C69048AA087F40D0CD7F2312FDTSTEXC, SHORTE9ACA8550BFBA044EC08BCA09CE37420D51CTSTEXC, SHORT0D0C100208AE704FA90A38D0246D081FC16BTSTEXC, SHORT17FCEBBF01AB6041EF0B50E0F7F031E5DC15TSTEXC, SHORT3C8083500B4F4049060B86900DECE2E4E215TSTEXC, SHORT2D4D78CB02EB3042890BEC205671442D8CF8TSTEXC, SHORTADD785730E45604F9E0AB420275EF800D7E0TSTEXC, SHORT3C3F5A2208B1A049110ADEE072E577E5654ETSTEXC, SHORTA8CFEDC30EDC804E8508DDC0ACEC623B04A2TSTEXC, SHORTB6ECA2AF03D56044D20850E032D251EBE378TSTEXC, SHORT0B79AF1B0994304249092B00280004BBDC11TSTEXC, SHORTA13D35E50A39B040D108DFF0266C35C2E79DTSTEXC, SHORTDD22B6AD07E2B04F570B79C09AB7523409E8TSTEXC, SHORTC907FB5B0CF690494C0B6770C0E38FA9148ETSTEXC, SHORTA101A11F08EC90446008DED09C0467307EDCTSTEXC, SHORTD60BF4A506298044DF0821308BAC9DC2758ETSTEXC, SHORT804E11A302BD8045DC0A855023748D587851TSTEXC, SHORTC1F0176D037FA042AF0B01E05BB0A9B2E9BETSTEXC, SHORT0C7BCE7C0593B04AB9094D902D8C4BB8750CTSTEXC, SHORTA1002EDA02485040D709DFA024F1B4B414B7TSTEXC, SHORT252B48D702ACA04E7D09D1E026DE0EDBBC57TSTEXC, SHORT15FE276D091C20493D0A7750711FA8A288C4TSTEXC, SHORT04658EE40CF56043A90978F0D7CCEBB734C1TSTEXC, SHORT7CF576DD082A90450A0A82901E8EBFA88A7BTSTEXC, SHORTA972A00F0893B04D6F08C3D034FEB43C0DD8TSTEXC, SHORTC75A50230639D0498808D2F0E8C1A7B58CC5TSTEXC, SHORT3F566B5F0B72404479097E108CAA3BDA1949TSTEXC, SHORT6AAEE3480E5A40453808E8C00464EF5E5AB4TSTEXC, SHORTF7EE08B20B328046340B4AE0AE6603A3ED4FTSTEXC, SHORTB8D3A8190AF6B047CC0A8000C1445A11C533TSTEXC, SHORT13F751CC04C2E045660A7840124C5F74C6FBTSTEXC, SHORT8825F5AC06B80041720B67703B1A4C59180FTSTEXC, SHORT94B3497E0FA8A044F00B60D05C198A08807CTSTEXC, SHORT2AF074880E18F04BE50832D0DB91CC34A794TSTEXC, SHORTADCFB1060E55E048180BB4203D062BCEBD2BTSTEXC, SHORT15D509CE0B7C304FCD099A907183843CD29ATSTEXC, SHORT866495D9024C904D61083A20AFA040BBC5C4TSTEXC, SHORT17C6BEF20460A0439C0822C0CFA7DC22A993TSTEXC, SHORT73663F9D027A004C4D09DD804EB8E2CA7273TSTEXC, SHORTAC8413E208FA4047F30AFAE0C00C3CCA1DD5TSTEXC, SHORT9804F30E05B7C047890921800A2A88028BB3TSTEXC, SHORT923F395608E20042F80A5DB03BB021AE3150TSTEXC, SHORT5B1FAE6C0FF560469C097D40A66462B374ADTSTEXC, SHORT138EF83F0141B04F7E08A5A089903D88581DTSTEXC, SHORT74127E77086E1042F3086F7076A592D1D0C9TSTEXC, SHORT5137C02804236041A30A2E504180F52AF1EETSTEXC, SHORT737ED94E0AE950448F0B4C30C9057D986E44TSTEXC, SHORTA0F19189087D104EA00BD4A0CCC155DBF367TSTEXC, SHORTC0408902059E3040BC0918601FBAC034C3ABTSTEXC, SHORT8C0D20950A952041FE0B1E2093699E4DFC17TSTEXC, SHORT1E0068C102D8F0422B0A5650F17B7A8CC27DTSTEXC]
    23:42:24.588 | 198 Pool-1-worker-91 | DEBUG | d.t.c.a.a.c.s.u.UserCreationService  : Created Information for User: User{login='batman', firstName='userjenkstudent1First', lastName='userjenkstudent1Last', email='foobar@tum.com', imageUrl='null', activated='true', langKey='en', activationKey='null'}

  Starting logs for UserJenkinsGitlabIntegrationTest > updateUser_withNullPassword_oldPasswordNotChanged()
    23:42:24.619 | 198 Pool-1-worker-91 | DEBUG | d.t.c.a.a.c.u.util.UserUtilService   : Generate 2 students...
    23:42:24.622 | 198 Pool-1-worker-91 | DEBUG | d.t.c.a.a.c.u.util.UserUtilService   : 2 students generated. Generate 1 tutors...
    23:42:24.624 | 198 Pool-1-worker-91 | DEBUG | d.t.c.a.a.c.u.util.UserUtilService   : 1 tutors generated. Generate 1 editors...
    23:42:24.626 | 198 Pool-1-worker-91 | DEBUG | d.t.c.a.a.c.u.util.UserUtilService   : 1 editors generated. Generate 1 instructors...
    23:42:24.628 | 198 Pool-1-worker-91 | DEBUG | d.t.c.a.a.c.u.util.UserUtilService   : 1 instructors generated
    23:42:24.629 | 198 Pool-1-worker-91 | DEBUG | d.t.c.a.a.c.u.util.UserUtilService   : Removing 0 users from all courses...
    23:42:24.629 | 198 Pool-1-worker-91 | DEBUG | d.t.c.a.a.c.u.util.UserUtilService   : Removing 0 users from all courses. Done
    23:42:24.629 | 198 Pool-1-worker-91 | DEBUG | d.t.c.a.a.c.u.util.UserUtilService   : Save 5 users to database...
    23:42:24.633 | 198 Pool-1-worker-91 | DEBUG | d.t.c.a.a.c.u.util.UserUtilService   : Save 5 users to database. Done
    23:42:24.638 | 198 Pool-1-worker-91 | INFO  | i.z.t.d.l.EmbeddedDatabaseReporter   : JDBC URL to connect to 'dataSource': url='jdbc:h2:tcp://localhost:41063/mem:736625c0-cf5e-400d-aeaa-8a7eabd6262b;USER=sa', scope='UserJenkinsGitlabIntegrationTest#updateUser_withNullPassword_oldPasswordNotChanged'
    23:42:24.650 | 198 Pool-1-worker-91 | DEBUG | d.t.c.a.a.c.s.f.ApiVersionFilter     : Adding Version to Request PUT /api/admin/users
    23:42:24.651 | 198 Pool-1-worker-91 | DEBUG | d.t.c.a.a.c.w.a.AdminUserResource    : REST request to update User : ManagedUserVM{} UserDTO{login='userjenkstudent1', firstName='userjenkstudent1First', lastName='userjenkstudent1Last', email='userjenkstudent1@test.de', imageUrl='null', activated=true, langKey='en', createdBy=admin, createdDate=2025-02-14T23:42:24.630122Z, lastModifiedBy='admin', lastModifiedDate=2025-02-14T23:42:24.630122Z, lastNotificationRead=null, authorities=[ROLE_USER]}
    23:42:24.655 | 198 Pool-1-worker-91 | DEBUG | d.t.c.a.a.c.s.u.UserCreationService  : Changed Information for User: User{login='userjenkstudent1', firstName='userjenkstudent1First', lastName='userjenkstudent1Last', email='userjenkstudent1@test.de', imageUrl='null', activated='true', langKey='en', activationKey='null'}
    23:42:24.656 | 198 Pool-1-worker-91 | DEBUG | d.t.c.a.a.c.s.u.UserCreationService  : Save user User{login='userjenkstudent1', firstName='userjenkstudent1First', lastName='userjenkstudent1Last', email='userjenkstudent1@test.de', imageUrl='null', activated='true', langKey='en', activationKey='null'}
    23:42:24.659 | 198 Pool-1-worker-91 | INFO  | a.p.s.j.JenkinsUserManagementService : Update Jenkins permissions (remove users from groups) for programming exercises: []
    23:42:24.660 | 198 Pool-1-worker-91 | INFO  | a.p.s.j.JenkinsUserManagementService : Update Jenkins permissions (add users to groups) for programming exercises: []

  Starting logs for UserJenkinsGitlabIntegrationTest > createUser_asAdmin_illegalLogin_internalError()
    23:42:24.698 | 198 Pool-1-worker-91 | DEBUG | d.t.c.a.a.c.u.util.UserUtilService   : Generate 2 students...
    23:42:24.700 | 198 Pool-1-worker-91 | DEBUG | d.t.c.a.a.c.u.util.UserUtilService   : 2 students generated. Generate 1 tutors...
    23:42:24.702 | 198 Pool-1-worker-91 | DEBUG | d.t.c.a.a.c.u.util.UserUtilService   : 1 tutors generated. Generate 1 editors...
    23:42:24.704 | 198 Pool-1-worker-91 | DEBUG | d.t.c.a.a.c.u.util.UserUtilService   : 1 editors generated. Generate 1 instructors...
    23:42:24.706 | 198 Pool-1-worker-91 | DEBUG | d.t.c.a.a.c.u.util.UserUtilService   : 1 instructors generated
    23:42:24.707 | 198 Pool-1-worker-91 | DEBUG | d.t.c.a.a.c.u.util.UserUtilService   : Removing 0 users from all courses...
    23:42:24.707 | 198 Pool-1-worker-91 | DEBUG | d.t.c.a.a.c.u.util.UserUtilService   : Removing 0 users from all courses. Done
    23:42:24.708 | 198 Pool-1-worker-91 | DEBUG | d.t.c.a.a.c.u.util.UserUtilService   : Save 5 users to database...
    23:42:24.711 | 198 Pool-1-worker-91 | DEBUG | d.t.c.a.a.c.u.util.UserUtilService   : Save 5 users to database. Done
    23:42:24.715 | 198 Pool-1-worker-91 | INFO  | i.z.t.d.l.EmbeddedDatabaseReporter   : JDBC URL to connect to 'dataSource': url='jdbc:h2:tcp://localhost:41063/mem:736625c0-cf5e-400d-aeaa-8a7eabd6262b;USER=sa', scope='UserJenkinsGitlabIntegrationTest#createUser_asAdmin_illegalLogin_internalError'
    23:42:24.722 | 198 Pool-1-worker-91 | DEBUG | d.t.c.a.a.c.s.f.ApiVersionFilter     : Adding Version to Request POST /api/admin/users
    23:42:24.723 | 198 Pool-1-worker-91 | DEBUG | d.t.c.a.a.c.w.a.AdminUserResource    : REST request to save User : ManagedUserVM{} UserDTO{login='@someusername', firstName='userjenkstudent1First', lastName='userjenkstudent1Last', email='batman@secret.invalid', imageUrl='null', activated=true, langKey='en', createdBy=admin, createdDate=2025-02-14T23:42:24.708171Z, lastModifiedBy='admin', lastModifiedDate=2025-02-14T23:42:24.708171Z, lastNotificationRead=null, authorities=[ROLE_USER]}
    23:42:24.728 | 198 Pool-1-worker-91 | DEBUG | d.t.c.a.a.c.s.u.UserCreationService  : Save user User{login='@someusername', firstName='userjenkstudent1First', lastName='userjenkstudent1Last', email='batman@secret.invalid', imageUrl='null', activated='true', langKey='en', activationKey='null'}
    23:42:24.731 | 198 Pool-1-worker-91 | INFO  | .a.p.s.g.GitLabUserManagementService : Update Gitlab permissions for programming exercises: []
    23:42:24.732 | 198 Pool-1-worker-91 | ERROR | o.z.p.spring.common.AdviceTraits     : Internal Server Error
de.tum.cit.aet.artemis.core.exception.JenkinsException: Cannot create user: @someusername because the login contains illegal characters
	at de.tum.cit.aet.artemis.programming.service.jenkins.JenkinsUserManagementService.createUser(JenkinsUserManagementService.java:99)
	at de.tum.cit.aet.artemis.core.service.user.UserCreationService.lambda$createUser$1(UserCreationService.java:200)
	at java.base/java.util.Optional.ifPresent(Optional.java:178)
	at de.tum.cit.aet.artemis.core.service.user.UserCreationService.createUser(UserCreationService.java:200)
	at de.tum.cit.aet.artemis.core.web.admin.AdminUserResource.createUser(AdminUserResource.java:128)
	at java.base/jdk.internal.reflect.DirectMethodHandleAccessor.invoke(DirectMethodHandleAccessor.java:103)
	at java.base/java.lang.reflect.Method.invoke(Method.java:580)
	at org.springframework.aop.support.AopUtils.invokeJoinpointUsingReflection(AopUtils.java:359)
	at org.springframework.aop.framework.ReflectiveMethodInvocation.invokeJoinpoint(ReflectiveMethodInvocation.java:196)
	at org.springframework.aop.framework.ReflectiveMethodInvocation.proceed(ReflectiveMethodInvocation.java:163)
	at org.springframework.security.authorization.method.AuthorizationManagerBeforeMethodInterceptor.proceed(AuthorizationManagerBeforeMethodInterceptor.java:268)
	at org.springframework.security.authorization.method.AuthorizationManagerBeforeMethodInterceptor.attemptAuthorization(AuthorizationManagerBeforeMethodInterceptor.java:263)
	at org.springframework.security.authorization.method.AuthorizationManagerBeforeMethodInterceptor.invoke(AuthorizationManagerBeforeMethodInterceptor.java:196)
	at org.springframework.security.config.annotation.method.configuration.DeferringMethodInterceptor.invoke(DeferringMethodInterceptor.java:44)
	at org.springframework.aop.framework.ReflectiveMethodInvocation.proceed(ReflectiveMethodInvocation.java:184)
	at org.springframework.aop.framework.CglibAopProxy$DynamicAdvisedInterceptor.intercept(CglibAopProxy.java:727)
	at de.tum.cit.aet.artemis.core.web.admin.AdminUserResource$$SpringCGLIB$$0.createUser(<generated>)
	at java.base/jdk.internal.reflect.DirectMethodHandleAccessor.invoke(DirectMethodHandleAccessor.java:103)
	at java.base/java.lang.reflect.Method.invoke(Method.java:580)
	at org.springframework.web.method.support.InvocableHandlerMethod.doInvoke(InvocableHandlerMethod.java:257)
	at org.springframework.web.method.support.InvocableHandlerMethod.invokeForRequest(InvocableHandlerMethod.java:190)
	at org.springframework.web.servlet.mvc.method.annotation.ServletInvocableHandlerMethod.invokeAndHandle(ServletInvocableHandlerMethod.java:118)
	at org.springframework.web.servlet.mvc.method.annotation.RequestMappingHandlerAdapter.invokeHandlerMethod(RequestMappingHandlerAdapter.java:986)
	at org.springframework.web.servlet.mvc.method.annotation.RequestMappingHandlerAdapter.handleInternal(RequestMappingHandlerAdapter.java:891)
	at org.springframework.web.servlet.mvc.method.AbstractHandlerMethodAdapter.handle(AbstractHandlerMethodAdapter.java:87)
	at org.springframework.web.servlet.DispatcherServlet.doDispatch(DispatcherServlet.java:1088)
	at org.springframework.web.servlet.DispatcherServlet.doService(DispatcherServlet.java:978)
	at org.springframework.web.servlet.FrameworkServlet.processRequest(FrameworkServlet.java:1014)
	at org.springframework.web.servlet.FrameworkServlet.doPost(FrameworkServlet.java:914)
	at jakarta.servlet.http.HttpServlet.service(HttpServlet.java:547)
	at org.springframework.web.servlet.FrameworkServlet.service(FrameworkServlet.java:885)
	at org.springframework.test.web.servlet.TestDispatcherServlet.service(TestDispatcherServlet.java:72)
	at jakarta.servlet.http.HttpServlet.service(HttpServlet.java:614)
	at org.springframework.mock.web.MockFilterChain$ServletFilterProxy.doFilter(MockFilterChain.java:165)
	at org.springframework.mock.web.MockFilterChain.doFilter(MockFilterChain.java:132)
	at org.springframework.web.filter.OncePerRequestFilter.doFilter(OncePerRequestFilter.java:110)
	at org.springframework.test.web.servlet.setup.MockMvcFilterDecorator.doFilter(MockMvcFilterDecorator.java:162)
	at org.springframework.mock.web.MockFilterChain.doFilter(MockFilterChain.java:132)
	at de.tum.cit.aet.artemis.core.security.filter.ApiVersionFilter.doFilter(ApiVersionFilter.java:55)
	at org.springframework.test.web.servlet.setup.MockMvcFilterDecorator.doFilter(MockMvcFilterDecorator.java:162)
	at org.springframework.mock.web.MockFilterChain.doFilter(MockFilterChain.java:132)
	at io.sentry.spring.jakarta.SentryUserFilter.doFilterInternal(SentryUserFilter.java:56)
	at org.springframework.web.filter.OncePerRequestFilter.doFilter(OncePerRequestFilter.java:116)
	at org.springframework.test.web.servlet.setup.MockMvcFilterDecorator.doFilter(MockMvcFilterDecorator.java:162)
	at org.springframework.mock.web.MockFilterChain.doFilter(MockFilterChain.java:132)
	at org.springframework.web.filter.CompositeFilter$VirtualFilterChain.doFilter(CompositeFilter.java:108)
	at org.springframework.security.web.FilterChainProxy.lambda$doFilterInternal$3(FilterChainProxy.java:231)
	at org.springframework.security.web.ObservationFilterChainDecorator$FilterObservation$SimpleFilterObservation.lambda$wrap$1(ObservationFilterChainDecorator.java:479)
	at org.springframework.security.web.ObservationFilterChainDecorator$AroundFilterObservation$SimpleAroundFilterObservation.lambda$wrap$1(ObservationFilterChainDecorator.java:340)
	at org.springframework.security.web.ObservationFilterChainDecorator.lambda$wrapSecured$0(ObservationFilterChainDecorator.java:82)
	at org.springframework.security.web.ObservationFilterChainDecorator$VirtualFilterChain.doFilter(ObservationFilterChainDecorator.java:128)
	at org.springframework.security.web.access.intercept.AuthorizationFilter.doFilter(AuthorizationFilter.java:101)
	at org.springframework.security.web.ObservationFilterChainDecorator$ObservationFilter.wrapFilter(ObservationFilterChainDecorator.java:240)
	at org.springframework.security.web.ObservationFilterChainDecorator$ObservationFilter.doFilter(ObservationFilterChainDecorator.java:227)
	at org.springframework.security.web.ObservationFilterChainDecorator$VirtualFilterChain.doFilter(ObservationFilterChainDecorator.java:137)
	at org.springframework.security.web.access.ExceptionTranslationFilter.doFilter(ExceptionTranslationFilter.java:126)
	at org.springframework.security.web.access.ExceptionTranslationFilter.doFilter(ExceptionTranslationFilter.java:120)
	at org.springframework.security.web.ObservationFilterChainDecorator$ObservationFilter.wrapFilter(ObservationFilterChainDecorator.java:240)
	at org.springframework.security.web.ObservationFilterChainDecorator$ObservationFilter.doFilter(ObservationFilterChainDecorator.java:227)
	at org.springframework.security.web.ObservationFilterChainDecorator$VirtualFilterChain.doFilter(ObservationFilterChainDecorator.java:137)
	at org.springframework.security.web.session.SessionManagementFilter.doFilter(SessionManagementFilter.java:131)
	at org.springframework.security.web.session.SessionManagementFilter.doFilter(SessionManagementFilter.java:85)
	at org.springframework.security.web.ObservationFilterChainDecorator$ObservationFilter.wrapFilter(ObservationFilterChainDecorator.java:240)
	at org.springframework.security.web.ObservationFilterChainDecorator$ObservationFilter.doFilter(ObservationFilterChainDecorator.java:227)
	at org.springframework.security.web.ObservationFilterChainDecorator$VirtualFilterChain.doFilter(ObservationFilterChainDecorator.java:137)
	at org.springframework.security.web.authentication.AnonymousAuthenticationFilter.doFilter(AnonymousAuthenticationFilter.java:100)
	at org.springframework.security.web.ObservationFilterChainDecorator$ObservationFilter.wrapFilter(ObservationFilterChainDecorator.java:240)
	at org.springframework.security.web.ObservationFilterChainDecorator$ObservationFilter.doFilter(ObservationFilterChainDecorator.java:227)
	at org.springframework.security.web.ObservationFilterChainDecorator$VirtualFilterChain.doFilter(ObservationFilterChainDecorator.java:137)
	at org.springframework.security.web.servletapi.SecurityContextHolderAwareRequestFilter.doFilter(SecurityContextHolderAwareRequestFilter.java:179)
	at org.springframework.security.web.ObservationFilterChainDecorator$ObservationFilter.wrapFilter(ObservationFilterChainDecorator.java:240)
	at org.springframework.security.web.ObservationFilterChainDecorator$ObservationFilter.doFilter(ObservationFilterChainDecorator.java:227)
	at org.springframework.security.web.ObservationFilterChainDecorator$VirtualFilterChain.doFilter(ObservationFilterChainDecorator.java:137)
	at org.springframework.security.web.savedrequest.RequestCacheAwareFilter.doFilter(RequestCacheAwareFilter.java:63)
	at org.springframework.security.web.ObservationFilterChainDecorator$ObservationFilter.wrapFilter(ObservationFilterChainDecorator.java:240)
	at org.springframework.security.web.ObservationFilterChainDecorator$ObservationFilter.doFilter(ObservationFilterChainDecorator.java:227)
	at org.springframework.security.web.ObservationFilterChainDecorator$VirtualFilterChain.doFilter(ObservationFilterChainDecorator.java:137)
	at de.tum.cit.aet.artemis.core.security.filter.SpaWebFilter.doFilterInternal(SpaWebFilter.java:23)
	at org.springframework.web.filter.OncePerRequestFilter.doFilter(OncePerRequestFilter.java:116)
	at org.springframework.security.web.ObservationFilterChainDecorator$ObservationFilter.wrapFilter(ObservationFilterChainDecorator.java:240)
	at org.springframework.security.web.ObservationFilterChainDecorator$ObservationFilter.doFilter(ObservationFilterChainDecorator.java:227)
	at org.springframework.security.web.ObservationFilterChainDecorator$VirtualFilterChain.doFilter(ObservationFilterChainDecorator.java:137)
	at org.springframework.web.filter.OncePerRequestFilter.doFilter(OncePerRequestFilter.java:110)
	at org.springframework.security.web.ObservationFilterChainDecorator$ObservationFilter.wrapFilter(ObservationFilterChainDecorator.java:240)
	at org.springframework.security.web.ObservationFilterChainDecorator$ObservationFilter.doFilter(ObservationFilterChainDecorator.java:227)
	at org.springframework.security.web.ObservationFilterChainDecorator$VirtualFilterChain.doFilter(ObservationFilterChainDecorator.java:137)
	at de.tum.cit.aet.artemis.lti.config.Lti13LaunchFilter.doFilterInternal(Lti13LaunchFilter.java:60)
	at org.springframework.web.filter.OncePerRequestFilter.doFilter(OncePerRequestFilter.java:116)
	at org.springframework.security.web.ObservationFilterChainDecorator$ObservationFilter.wrapFilter(ObservationFilterChainDecorator.java:240)
	at org.springframework.security.web.ObservationFilterChainDecorator$ObservationFilter.doFilter(ObservationFilterChainDecorator.java:227)
	at org.springframework.security.web.ObservationFilterChainDecorator$VirtualFilterChain.doFilter(ObservationFilterChainDecorator.java:137)
	at de.tum.cit.aet.artemis.core.security.jwt.JWTFilter.doFilter(JWTFilter.java:55)
	at org.springframework.security.web.ObservationFilterChainDecorator$ObservationFilter.wrapFilter(ObservationFilterChainDecorator.java:240)
	at org.springframework.security.web.ObservationFilterChainDecorator$ObservationFilter.doFilter(ObservationFilterChainDecorator.java:227)
	at org.springframework.security.web.ObservationFilterChainDecorator$VirtualFilterChain.doFilter(ObservationFilterChainDecorator.java:137)
	at de.tum.cit.aet.artemis.core.security.jwt.JWTFilter.doFilter(JWTFilter.java:55)
	at org.springframework.security.web.ObservationFilterChainDecorator$ObservationFilter.wrapFilter(ObservationFilterChainDecorator.java:240)
	at org.springframework.security.web.ObservationFilterChainDecorator$ObservationFilter.doFilter(ObservationFilterChainDecorator.java:227)
	at org.springframework.security.web.ObservationFilterChainDecorator$VirtualFilterChain.doFilter(ObservationFilterChainDecorator.java:137)
	at org.springframework.web.filter.CorsFilter.doFilterInternal(CorsFilter.java:91)
	at org.springframework.web.filter.OncePerRequestFilter.doFilter(OncePerRequestFilter.java:116)
	at org.springframework.security.web.ObservationFilterChainDecorator$ObservationFilter.wrapFilter(ObservationFilterChainDecorator.java:240)
	at org.springframework.security.web.ObservationFilterChainDecorator$ObservationFilter.doFilter(ObservationFilterChainDecorator.java:227)
	at org.springframework.security.web.ObservationFilterChainDecorator$VirtualFilterChain.doFilter(ObservationFilterChainDecorator.java:137)
	at org.springframework.web.filter.OncePerRequestFilter.doFilter(OncePerRequestFilter.java:110)
	at org.springframework.security.web.ObservationFilterChainDecorator$ObservationFilter.wrapFilter(ObservationFilterChainDecorator.java:240)
	at org.springframework.security.web.ObservationFilterChainDecorator$ObservationFilter.doFilter(ObservationFilterChainDecorator.java:227)
	at org.springframework.security.web.ObservationFilterChainDecorator$VirtualFilterChain.doFilter(ObservationFilterChainDecorator.java:137)
	at uk.ac.ox.ctl.lti13.security.oauth2.client.lti.web.OAuth2AuthorizationRequestRedirectFilter.doFilterInternal(OAuth2AuthorizationRequestRedirectFilter.java:142)
	at org.springframework.web.filter.OncePerRequestFilter.doFilter(OncePerRequestFilter.java:116)
	at org.springframework.security.web.ObservationFilterChainDecorator$ObservationFilter.wrapFilter(ObservationFilterChainDecorator.java:240)
	at org.springframework.security.web.ObservationFilterChainDecorator$ObservationFilter.doFilter(ObservationFilterChainDecorator.java:227)
	at org.springframework.security.web.ObservationFilterChainDecorator$VirtualFilterChain.doFilter(ObservationFilterChainDecorator.java:137)
	at org.springframework.security.web.authentication.logout.LogoutFilter.doFilter(LogoutFilter.java:107)
	at org.springframework.security.web.authentication.logout.LogoutFilter.doFilter(LogoutFilter.java:93)
	at org.springframework.security.web.ObservationFilterChainDecorator$ObservationFilter.wrapFilter(ObservationFilterChainDecorator.java:240)
	at org.springframework.security.web.ObservationFilterChainDecorator$ObservationFilter.doFilter(ObservationFilterChainDecorator.java:227)
	at org.springframework.security.web.ObservationFilterChainDecorator$VirtualFilterChain.doFilter(ObservationFilterChainDecorator.java:137)
	at org.springframework.security.web.header.HeaderWriterFilter.doHeadersAfter(HeaderWriterFilter.java:90)
	at org.springframework.security.web.header.HeaderWriterFilter.doFilterInternal(HeaderWriterFilter.java:75)
	at org.springframework.web.filter.OncePerRequestFilter.doFilter(OncePerRequestFilter.java:116)
	at org.springframework.security.web.ObservationFilterChainDecorator$ObservationFilter.wrapFilter(ObservationFilterChainDecorator.java:240)
	at org.springframework.security.web.ObservationFilterChainDecorator$ObservationFilter.doFilter(ObservationFilterChainDecorator.java:227)
	at org.springframework.security.web.ObservationFilterChainDecorator$VirtualFilterChain.doFilter(ObservationFilterChainDecorator.java:137)
	at org.springframework.security.web.context.SecurityContextHolderFilter.doFilter(SecurityContextHolderFilter.java:82)
	at org.springframework.security.web.context.SecurityContextHolderFilter.doFilter(SecurityContextHolderFilter.java:69)
	at org.springframework.security.web.ObservationFilterChainDecorator$ObservationFilter.wrapFilter(ObservationFilterChainDecorator.java:240)
	at org.springframework.security.web.ObservationFilterChainDecorator$ObservationFilter.doFilter(ObservationFilterChainDecorator.java:227)
	at org.springframework.security.web.ObservationFilterChainDecorator$VirtualFilterChain.doFilter(ObservationFilterChainDecorator.java:137)
	at org.springframework.security.web.context.request.async.WebAsyncManagerIntegrationFilter.doFilterInternal(WebAsyncManagerIntegrationFilter.java:62)
	at org.springframework.web.filter.OncePerRequestFilter.doFilter(OncePerRequestFilter.java:116)
	at org.springframework.security.web.ObservationFilterChainDecorator$ObservationFilter.wrapFilter(ObservationFilterChainDecorator.java:240)
	at org.springframework.security.web.ObservationFilterChainDecorator$ObservationFilter.doFilter(ObservationFilterChainDecorator.java:227)
	at org.springframework.security.web.ObservationFilterChainDecorator$VirtualFilterChain.doFilter(ObservationFilterChainDecorator.java:137)
	at org.springframework.security.web.session.DisableEncodeUrlFilter.doFilterInternal(DisableEncodeUrlFilter.java:42)
	at org.springframework.web.filter.OncePerRequestFilter.doFilter(OncePerRequestFilter.java:116)
	at org.springframework.security.web.ObservationFilterChainDecorator$ObservationFilter.wrapFilter(ObservationFilterChainDecorator.java:240)
	at org.springframework.security.web.ObservationFilterChainDecorator$AroundFilterObservation$SimpleAroundFilterObservation.lambda$wrap$0(ObservationFilterChainDecorator.java:323)
	at org.springframework.security.web.ObservationFilterChainDecorator$ObservationFilter.doFilter(ObservationFilterChainDecorator.java:224)
	at org.springframework.security.web.ObservationFilterChainDecorator$VirtualFilterChain.doFilter(ObservationFilterChainDecorator.java:137)
	at org.springframework.security.web.FilterChainProxy.doFilterInternal(FilterChainProxy.java:233)
	at org.springframework.security.web.FilterChainProxy.doFilter(FilterChainProxy.java:191)
	at org.springframework.web.filter.CompositeFilter$VirtualFilterChain.doFilter(CompositeFilter.java:113)
	at org.springframework.web.servlet.handler.HandlerMappingIntrospector.lambda$createCacheFilter$3(HandlerMappingIntrospector.java:243)
	at org.springframework.web.filter.CompositeFilter$VirtualFilterChain.doFilter(CompositeFilter.java:113)
	at org.springframework.web.filter.CompositeFilter.doFilter(CompositeFilter.java:74)
	at org.springframework.security.config.annotation.web.configuration.WebMvcSecurityConfiguration$CompositeFilterChainProxy.doFilter(WebMvcSecurityConfiguration.java:238)
	at org.springframework.web.filter.DelegatingFilterProxy.invokeDelegate(DelegatingFilterProxy.java:362)
	at org.springframework.web.filter.DelegatingFilterProxy.doFilter(DelegatingFilterProxy.java:278)
	at org.springframework.test.web.servlet.setup.MockMvcFilterDecorator.doFilter(MockMvcFilterDecorator.java:162)
	at org.springframework.mock.web.MockFilterChain.doFilter(MockFilterChain.java:132)
	at org.springframework.web.filter.RequestContextFilter.doFilterInternal(RequestContextFilter.java:100)
	at org.springframework.web.filter.OncePerRequestFilter.doFilter(OncePerRequestFilter.java:116)
	at org.springframework.test.web.servlet.setup.MockMvcFilterDecorator.doFilter(MockMvcFilterDecorator.java:162)
	at org.springframework.mock.web.MockFilterChain.doFilter(MockFilterChain.java:132)
	at org.springframework.web.filter.FormContentFilter.doFilterInternal(FormContentFilter.java:93)
	at org.springframework.web.filter.OncePerRequestFilter.doFilter(OncePerRequestFilter.java:116)
	at org.springframework.test.web.servlet.setup.MockMvcFilterDecorator.doFilter(MockMvcFilterDecorator.java:162)
	at org.springframework.mock.web.MockFilterChain.doFilter(MockFilterChain.java:132)
	at org.springframework.web.filter.ServerHttpObservationFilter.doFilterInternal(ServerHttpObservationFilter.java:114)
	at org.springframework.web.filter.OncePerRequestFilter.doFilter(OncePerRequestFilter.java:116)
	at org.springframework.test.web.servlet.setup.MockMvcFilterDecorator.doFilter(MockMvcFilterDecorator.java:162)
	at org.springframework.mock.web.MockFilterChain.doFilter(MockFilterChain.java:132)
	at io.sentry.spring.jakarta.tracing.SentryTracingFilter.doFilterInternal(SentryTracingFilter.java:91)
	at org.springframework.web.filter.OncePerRequestFilter.doFilter(OncePerRequestFilter.java:116)
	at org.springframework.test.web.servlet.setup.MockMvcFilterDecorator.doFilter(MockMvcFilterDecorator.java:162)
	at org.springframework.mock.web.MockFilterChain.doFilter(MockFilterChain.java:132)
	at org.springframework.web.filter.CharacterEncodingFilter.doFilterInternal(CharacterEncodingFilter.java:201)
	at org.springframework.web.filter.OncePerRequestFilter.doFilter(OncePerRequestFilter.java:116)
	at org.springframework.test.web.servlet.setup.MockMvcFilterDecorator.doFilter(MockMvcFilterDecorator.java:162)
	at org.springframework.mock.web.MockFilterChain.doFilter(MockFilterChain.java:132)
	at io.sentry.spring.jakarta.SentrySpringFilter.doFilterInternal(SentrySpringFilter.java:76)
	at org.springframework.web.filter.OncePerRequestFilter.doFilter(OncePerRequestFilter.java:116)
	at org.springframework.test.web.servlet.setup.MockMvcFilterDecorator.doFilter(MockMvcFilterDecorator.java:162)
	at org.springframework.mock.web.MockFilterChain.doFilter(MockFilterChain.java:132)
	at org.springframework.test.web.servlet.MockMvc.perform(MockMvc.java:201)
	at de.tum.cit.aet.artemis.core.util.RequestUtilService.performMvcRequest(RequestUtilService.java:79)
	at de.tum.cit.aet.artemis.core.util.RequestUtilService.postWithResponseBodyString(RequestUtilService.java:351)
	at de.tum.cit.aet.artemis.core.util.RequestUtilService.postWithResponseBodyString(RequestUtilService.java:318)
	at de.tum.cit.aet.artemis.core.util.RequestUtilService.postWithResponseBody(RequestUtilService.java:290)
	at de.tum.cit.aet.artemis.core.util.RequestUtilService.postWithResponseBody(RequestUtilService.java:363)
	at de.tum.cit.aet.artemis.core.util.RequestUtilService.postWithResponseBody(RequestUtilService.java:375)
	at de.tum.cit.aet.artemis.core.user.util.UserTestService.createUser_asAdmin_illegalLogin_internalError(UserTestService.java:534)
	at de.tum.cit.aet.artemis.core.authentication.UserJenkinsGitlabIntegrationTest.createUser_asAdmin_illegalLogin_internalError(UserJenkinsGitlabIntegrationTest.java:209)
	at java.base/jdk.internal.reflect.DirectMethodHandleAccessor.invoke(DirectMethodHandleAccessor.java:103)
	at java.base/java.lang.reflect.Method.invoke(Method.java:580)
	at org.junit.platform.commons.util.ReflectionUtils.invokeMethod(ReflectionUtils.java:767)
	at org.junit.jupiter.engine.execution.MethodInvocation.proceed(MethodInvocation.java:60)
	at org.junit.jupiter.engine.execution.InvocationInterceptorChain$ValidatingInvocation.proceed(InvocationInterceptorChain.java:131)
	at org.junit.jupiter.engine.extension.TimeoutExtension.intercept(TimeoutExtension.java:156)
	at org.junit.jupiter.engine.extension.TimeoutExtension.interceptTestableMethod(TimeoutExtension.java:147)
	at org.junit.jupiter.engine.extension.TimeoutExtension.interceptTestMethod(TimeoutExtension.java:86)
	at org.junit.jupiter.engine.execution.InterceptingExecutableInvoker$ReflectiveInterceptorCall.lambda$ofVoidMethod$0(InterceptingExecutableInvoker.java:103)
	at org.junit.jupiter.engine.execution.InterceptingExecutableInvoker.lambda$invoke$0(InterceptingExecutableInvoker.java:93)
	at org.junit.jupiter.engine.execution.InvocationInterceptorChain$InterceptedInvocation.proceed(InvocationInterceptorChain.java:106)
	at org.junit.jupiter.engine.execution.InvocationInterceptorChain.proceed(InvocationInterceptorChain.java:64)
	at org.junit.jupiter.engine.execution.InvocationInterceptorChain.chainAndInvoke(InvocationInterceptorChain.java:45)
	at org.junit.jupiter.engine.execution.InvocationInterceptorChain.invoke(InvocationInterceptorChain.java:37)
	at org.junit.jupiter.engine.execution.InterceptingExecutableInvoker.invoke(InterceptingExecutableInvoker.java:92)
	at org.junit.jupiter.engine.execution.InterceptingExecutableInvoker.invoke(InterceptingExecutableInvoker.java:86)
	at org.junit.jupiter.engine.descriptor.TestMethodTestDescriptor.lambda$invokeTestMethod$8(TestMethodTestDescriptor.java:217)
	at org.junit.platform.engine.support.hierarchical.ThrowableCollector.execute(ThrowableCollector.java:73)
	at org.junit.jupiter.engine.descriptor.TestMethodTestDescriptor.invokeTestMethod(TestMethodTestDescriptor.java:213)
	at org.junit.jupiter.engine.descriptor.TestMethodTestDescriptor.execute(TestMethodTestDescriptor.java:138)
	at org.junit.jupiter.engine.descriptor.TestMethodTestDescriptor.execute(TestMethodTestDescriptor.java:68)
	at org.junit.platform.engine.support.hierarchical.NodeTestTask.lambda$executeRecursively$6(NodeTestTask.java:156)
	at org.junit.platform.engine.support.hierarchical.ThrowableCollector.execute(ThrowableCollector.java:73)
	at org.junit.platform.engine.support.hierarchical.NodeTestTask.lambda$executeRecursively$8(NodeTestTask.java:146)
	at org.junit.platform.engine.support.hierarchical.Node.around(Node.java:137)
	at org.junit.platform.engine.support.hierarchical.NodeTestTask.lambda$executeRecursively$9(NodeTestTask.java:144)
	at org.junit.platform.engine.support.hierarchical.ThrowableCollector.execute(ThrowableCollector.java:73)
	at org.junit.platform.engine.support.hierarchical.NodeTestTask.executeRecursively(NodeTestTask.java:143)
	at org.junit.platform.engine.support.hierarchical.NodeTestTask.execute(NodeTestTask.java:100)
	at org.junit.platform.engine.support.hierarchical.ForkJoinPoolHierarchicalTestExecutorService$ExclusiveTask.exec(ForkJoinPoolHierarchicalTestExecutorService.java:274)
	at org.junit.platform.engine.support.hierarchical.ForkJoinPoolHierarchicalTestExecutorService$ExclusiveTask.execSync(ForkJoinPoolHierarchicalTestExecutorService.java:247)
	at org.junit.platform.engine.support.hierarchical.ForkJoinPoolHierarchicalTestExecutorService.executeSync(ForkJoinPoolHierarchicalTestExecutorService.java:194)
	at org.junit.platform.engine.support.hierarchical.ForkJoinPoolHierarchicalTestExecutorService.invokeAll(ForkJoinPoolHierarchicalTestExecutorService.java:166)
	at org.junit.platform.engine.support.hierarchical.NodeTestTask.lambda$executeRecursively$6(NodeTestTask.java:160)
	at org.junit.platform.engine.support.hierarchical.ThrowableCollector.execute(ThrowableCollector.java:73)
	at org.junit.platform.engine.support.hierarchical.NodeTestTask.lambda$executeRecursively$8(NodeTestTask.java:146)
	at org.junit.platform.engine.support.hierarchical.Node.around(Node.java:137)
	at org.junit.platform.engine.support.hierarchical.NodeTestTask.lambda$executeRecursively$9(NodeTestTask.java:144)
	at org.junit.platform.engine.support.hierarchical.ThrowableCollector.execute(ThrowableCollector.java:73)
	at org.junit.platform.engine.support.hierarchical.NodeTestTask.executeRecursively(NodeTestTask.java:143)
	at org.junit.platform.engine.support.hierarchical.NodeTestTask.execute(NodeTestTask.java:100)
	at org.junit.platform.engine.support.hierarchical.ForkJoinPoolHierarchicalTestExecutorService$ExclusiveTask.exec(ForkJoinPoolHierarchicalTestExecutorService.java:274)
	at java.base/java.util.concurrent.ForkJoinTask.doExec(ForkJoinTask.java:387)
	at java.base/java.util.concurrent.ForkJoinPool$WorkQueue.topLevelExec(ForkJoinPool.java:1312)
	at java.base/java.util.concurrent.ForkJoinPool.scan(ForkJoinPool.java:1843)
	at java.base/java.util.concurrent.ForkJoinPool.runWorker(ForkJoinPool.java:1808)
	at java.base/java.util.concurrent.ForkJoinWorkerThread.run(ForkJoinWorkerThread.java:188)

  Starting logs for UserJenkinsGitlabIntegrationTest > updateUserLogin()
    23:42:24.765 | 198 Pool-1-worker-91 | DEBUG | d.t.c.a.a.c.u.util.UserUtilService   : Generate 2 students...
    23:42:24.768 | 198 Pool-1-worker-91 | DEBUG | d.t.c.a.a.c.u.util.UserUtilService   : 2 students generated. Generate 1 tutors...
    23:42:24.769 | 198 Pool-1-worker-91 | DEBUG | d.t.c.a.a.c.u.util.UserUtilService   : 1 tutors generated. Generate 1 editors...
    23:42:24.771 | 198 Pool-1-worker-91 | DEBUG | d.t.c.a.a.c.u.util.UserUtilService   : 1 editors generated. Generate 1 instructors...
    23:42:24.773 | 198 Pool-1-worker-91 | DEBUG | d.t.c.a.a.c.u.util.UserUtilService   : 1 instructors generated
    23:42:24.775 | 198 Pool-1-worker-91 | DEBUG | d.t.c.a.a.c.u.util.UserUtilService   : Removing 0 users from all courses...
    23:42:24.775 | 198 Pool-1-worker-91 | DEBUG | d.t.c.a.a.c.u.util.UserUtilService   : Removing 0 users from all courses. Done
    23:42:24.775 | 198 Pool-1-worker-91 | DEBUG | d.t.c.a.a.c.u.util.UserUtilService   : Save 5 users to database...
    23:42:24.780 | 198 Pool-1-worker-91 | DEBUG | d.t.c.a.a.c.u.util.UserUtilService   : Save 5 users to database. Done
    23:42:24.786 | 198 Pool-1-worker-91 | INFO  | i.z.t.d.l.EmbeddedDatabaseReporter   : JDBC URL to connect to 'dataSource': url='jdbc:h2:tcp://localhost:41063/mem:736625c0-cf5e-400d-aeaa-8a7eabd6262b;USER=sa', scope='UserJenkinsGitlabIntegrationTest#updateUserLogin'
    23:42:24.798 | 198 Pool-1-worker-91 | DEBUG | d.t.c.a.a.c.s.f.ApiVersionFilter     : Adding Version to Request PUT /api/admin/users
    23:42:24.799 | 198 Pool-1-worker-91 | DEBUG | d.t.c.a.a.c.w.a.AdminUserResource    : REST request to update User : ManagedUserVM{} UserDTO{login='new-login', firstName='userjenkstudent1First', lastName='userjenkstudent1Last', email='userjenkstudent1@test.de', imageUrl='null', activated=true, langKey='en', createdBy=admin, createdDate=2025-02-14T23:42:24.775800Z, lastModifiedBy='admin', lastModifiedDate=2025-02-14T23:42:24.775800Z, lastNotificationRead=null, authorities=[ROLE_USER]}
    23:42:24.803 | 198 Pool-1-worker-91 | DEBUG | d.t.c.a.a.c.s.u.UserCreationService  : Changed Information for User: User{login='new-login', firstName='userjenkstudent1First', lastName='userjenkstudent1Last', email='userjenkstudent1@test.de', imageUrl='null', activated='true', langKey='en', activationKey='null'}
    23:42:24.803 | 198 Pool-1-worker-91 | DEBUG | d.t.c.a.a.c.s.u.UserCreationService  : Save user User{login='new-login', firstName='userjenkstudent1First', lastName='userjenkstudent1Last', email='userjenkstudent1@test.de', imageUrl='null', activated='true', langKey='en', activationKey='null'}
    23:42:24.806 | 198 Pool-1-worker-91 | INFO  | a.p.s.j.JenkinsUserManagementService : Update Jenkins permissions (remove users from groups) for programming exercises: []
    23:42:24.807 | 198 Pool-1-worker-91 | INFO  | a.p.s.j.JenkinsUserManagementService : Update Jenkins permissions (add users to groups) for programming exercises: []

  Starting logs for UserJenkinsGitlabIntegrationTest > testUserWithExternalStatus()
    23:42:24.837 | 198 Pool-1-worker-91 | DEBUG | d.t.c.a.a.c.u.util.UserUtilService   : Generate 2 students...
    23:42:24.840 | 198 Pool-1-worker-91 | DEBUG | d.t.c.a.a.c.u.util.UserUtilService   : 2 students generated. Generate 1 tutors...
    23:42:24.842 | 198 Pool-1-worker-91 | DEBUG | d.t.c.a.a.c.u.util.UserUtilService   : 1 tutors generated. Generate 1 editors...
    23:42:24.844 | 198 Pool-1-worker-91 | DEBUG | d.t.c.a.a.c.u.util.UserUtilService   : 1 editors generated. Generate 1 instructors...
    23:42:24.846 | 198 Pool-1-worker-91 | DEBUG | d.t.c.a.a.c.u.util.UserUtilService   : 1 instructors generated
    23:42:24.848 | 198 Pool-1-worker-91 | DEBUG | d.t.c.a.a.c.u.util.UserUtilService   : Removing 0 users from all courses...
    23:42:24.848 | 198 Pool-1-worker-91 | DEBUG | d.t.c.a.a.c.u.util.UserUtilService   : Removing 0 users from all courses. Done
    23:42:24.848 | 198 Pool-1-worker-91 | DEBUG | d.t.c.a.a.c.u.util.UserUtilService   : Save 5 users to database...
    23:42:24.851 | 198 Pool-1-worker-91 | DEBUG | d.t.c.a.a.c.u.util.UserUtilService   : Save 5 users to database. Done
    23:42:24.855 | 198 Pool-1-worker-91 | INFO  | i.z.t.d.l.EmbeddedDatabaseReporter   : JDBC URL to connect to 'dataSource': url='jdbc:h2:tcp://localhost:41063/mem:736625c0-cf5e-400d-aeaa-8a7eabd6262b;USER=sa', scope='UserJenkinsGitlabIntegrationTest#testUserWithExternalStatus'
    23:42:24.865 | 198 Pool-1-worker-91 | DEBUG | d.t.c.a.a.c.u.util.UserUtilService   : Generate 2 students...
    23:42:24.869 | 198 Pool-1-worker-91 | DEBUG | d.t.c.a.a.c.u.util.UserUtilService   : 2 students generated. Generate 0 tutors...
    23:42:24.871 | 198 Pool-1-worker-91 | DEBUG | d.t.c.a.a.c.u.util.UserUtilService   : 0 tutors generated. Generate 0 editors...
    23:42:24.872 | 198 Pool-1-worker-91 | DEBUG | d.t.c.a.a.c.u.util.UserUtilService   : 0 editors generated. Generate 0 instructors...
    23:42:24.873 | 198 Pool-1-worker-91 | DEBUG | d.t.c.a.a.c.u.util.UserUtilService   : 0 instructors generated
    23:42:24.876 | 198 Pool-1-worker-91 | DEBUG | d.t.c.a.a.c.u.util.UserUtilService   : Removing 0 users from all courses...
    23:42:24.876 | 198 Pool-1-worker-91 | DEBUG | d.t.c.a.a.c.u.util.UserUtilService   : Removing 0 users from all courses. Done
    23:42:24.876 | 198 Pool-1-worker-91 | DEBUG | d.t.c.a.a.c.u.util.UserUtilService   : Save 2 users to database...
    23:42:24.879 | 198 Pool-1-worker-91 | DEBUG | d.t.c.a.a.c.u.util.UserUtilService   : Save 2 users to database. Done
    23:42:24.884 | 198 Pool-1-worker-91 | DEBUG | d.t.c.a.a.c.s.f.ApiVersionFilter     : Adding Version to Request GET /api/admin/users
    23:42:24.897 | 198 Pool-1-worker-91 | DEBUG | d.t.c.a.a.c.u.util.UserUtilService   : Generate 0 students...
    23:42:24.902 | 198 Pool-1-worker-91 | DEBUG | d.t.c.a.a.c.u.util.UserUtilService   : 0 students generated. Generate 2 tutors...
    23:42:24.907 | 198 Pool-1-worker-91 | DEBUG | d.t.c.a.a.c.u.util.UserUtilService   : 2 tutors generated. Generate 0 editors...
    23:42:24.909 | 198 Pool-1-worker-91 | DEBUG | d.t.c.a.a.c.u.util.UserUtilService   : 0 editors generated. Generate 0 instructors...
    23:42:24.910 | 198 Pool-1-worker-91 | DEBUG | d.t.c.a.a.c.u.util.UserUtilService   : 0 instructors generated
    23:42:24.912 | 198 Pool-1-worker-91 | DEBUG | d.t.c.a.a.c.u.util.UserUtilService   : Removing 0 users from all courses...
    23:42:24.912 | 198 Pool-1-worker-91 | DEBUG | d.t.c.a.a.c.u.util.UserUtilService   : Removing 0 users from all courses. Done
    23:42:24.912 | 198 Pool-1-worker-91 | DEBUG | d.t.c.a.a.c.u.util.UserUtilService   : Save 2 users to database...
    23:42:24.914 | 198 Pool-1-worker-91 | DEBUG | d.t.c.a.a.c.u.util.UserUtilService   : Save 2 users to database. Done
    23:42:24.918 | 198 Pool-1-worker-91 | DEBUG | d.t.c.a.a.c.s.f.ApiVersionFilter     : Adding Version to Request GET /api/admin/users
    23:42:24.933 | 198 Pool-1-worker-91 | DEBUG | d.t.c.a.a.c.u.util.UserUtilService   : Generate 0 students...
    23:42:24.934 | 198 Pool-1-worker-91 | DEBUG | d.t.c.a.a.c.u.util.UserUtilService   : 0 students generated. Generate 0 tutors...
    23:42:24.935 | 198 Pool-1-worker-91 | DEBUG | d.t.c.a.a.c.u.util.UserUtilService   : 0 tutors generated. Generate 2 editors...
    23:42:24.938 | 198 Pool-1-worker-91 | DEBUG | d.t.c.a.a.c.u.util.UserUtilService   : 2 editors generated. Generate 0 instructors...
    23:42:24.939 | 198 Pool-1-worker-91 | DEBUG | d.t.c.a.a.c.u.util.UserUtilService   : 0 instructors generated
    23:42:24.941 | 198 Pool-1-worker-91 | DEBUG | d.t.c.a.a.c.u.util.UserUtilService   : Removing 0 users from all courses...
    23:42:24.941 | 198 Pool-1-worker-91 | DEBUG | d.t.c.a.a.c.u.util.UserUtilService   : Removing 0 users from all courses. Done
    23:42:24.941 | 198 Pool-1-worker-91 | DEBUG | d.t.c.a.a.c.u.util.UserUtilService   : Save 2 users to database...
    23:42:24.943 | 198 Pool-1-worker-91 | DEBUG | d.t.c.a.a.c.u.util.UserUtilService   : Save 2 users to database. Done
    23:42:24.946 | 198 Pool-1-worker-91 | DEBUG | d.t.c.a.a.c.s.f.ApiVersionFilter     : Adding Version to Request GET /api/admin/users
    23:42:24.959 | 198 Pool-1-worker-91 | DEBUG | d.t.c.a.a.c.u.util.UserUtilService   : Generate 0 students...
    23:42:24.960 | 198 Pool-1-worker-91 | DEBUG | d.t.c.a.a.c.u.util.UserUtilService   : 0 students generated. Generate 0 tutors...
    23:42:24.962 | 198 Pool-1-worker-91 | DEBUG | d.t.c.a.a.c.u.util.UserUtilService   : 0 tutors generated. Generate 0 editors...
    23:42:24.963 | 198 Pool-1-worker-91 | DEBUG | d.t.c.a.a.c.u.util.UserUtilService   : 0 editors generated. Generate 2 instructors...
    23:42:24.966 | 198 Pool-1-worker-91 | DEBUG | d.t.c.a.a.c.u.util.UserUtilService   : 2 instructors generated
    23:42:24.967 | 198 Pool-1-worker-91 | DEBUG | d.t.c.a.a.c.u.util.UserUtilService   : Removing 0 users from all courses...
    23:42:24.967 | 198 Pool-1-worker-91 | DEBUG | d.t.c.a.a.c.u.util.UserUtilService   : Removing 0 users from all courses. Done
    23:42:24.967 | 198 Pool-1-worker-91 | DEBUG | d.t.c.a.a.c.u.util.UserUtilService   : Save 2 users to database...
    23:42:24.969 | 198 Pool-1-worker-91 | DEBUG | d.t.c.a.a.c.u.util.UserUtilService   : Save 2 users to database. Done
    23:42:24.974 | 198 Pool-1-worker-91 | DEBUG | d.t.c.a.a.c.s.f.ApiVersionFilter     : Adding Version to Request GET /api/admin/users

  Starting logs for UserJenkinsGitlabIntegrationTest > initializeUserWithoutFlag()
    23:42:25.002 | 198 Pool-1-worker-91 | DEBUG | d.t.c.a.a.c.u.util.UserUtilService   : Generate 2 students...
    23:42:25.005 | 198 Pool-1-worker-91 | DEBUG | d.t.c.a.a.c.u.util.UserUtilService   : 2 students generated. Generate 1 tutors...
    23:42:25.007 | 198 Pool-1-worker-91 | DEBUG | d.t.c.a.a.c.u.util.UserUtilService   : 1 tutors generated. Generate 1 editors...
    23:42:25.009 | 198 Pool-1-worker-91 | DEBUG | d.t.c.a.a.c.u.util.UserUtilService   : 1 editors generated. Generate 1 instructors...
    23:42:25.011 | 198 Pool-1-worker-91 | DEBUG | d.t.c.a.a.c.u.util.UserUtilService   : 1 instructors generated
    23:42:25.014 | 198 Pool-1-worker-91 | DEBUG | d.t.c.a.a.c.u.util.UserUtilService   : Removing 0 users from all courses...
    23:42:25.014 | 198 Pool-1-worker-91 | DEBUG | d.t.c.a.a.c.u.util.UserUtilService   : Removing 0 users from all courses. Done
    23:42:25.014 | 198 Pool-1-worker-91 | DEBUG | d.t.c.a.a.c.u.util.UserUtilService   : Save 5 users to database...
    23:42:25.018 | 198 Pool-1-worker-91 | DEBUG | d.t.c.a.a.c.u.util.UserUtilService   : Save 5 users to database. Done
    23:42:25.022 | 198 Pool-1-worker-91 | INFO  | i.z.t.d.l.EmbeddedDatabaseReporter   : JDBC URL to connect to 'dataSource': url='jdbc:h2:tcp://localhost:41063/mem:736625c0-cf5e-400d-aeaa-8a7eabd6262b;USER=sa', scope='UserJenkinsGitlabIntegrationTest#initializeUserWithoutFlag'
    23:42:25.028 | 198 Pool-1-worker-91 | DEBUG | d.t.c.a.a.c.s.f.ApiVersionFilter     : Adding Version to Request PUT /api/users/initialize

  Starting logs for UserJenkinsGitlabIntegrationTest > searchUsers_asAdmin_badRequest()
    23:42:25.058 | 198 Pool-1-worker-91 | DEBUG | d.t.c.a.a.c.u.util.UserUtilService   : Generate 2 students...
    23:42:25.061 | 198 Pool-1-worker-91 | DEBUG | d.t.c.a.a.c.u.util.UserUtilService   : 2 students generated. Generate 1 tutors...
    23:42:25.063 | 198 Pool-1-worker-91 | DEBUG | d.t.c.a.a.c.u.util.UserUtilService   : 1 tutors generated. Generate 1 editors...
    23:42:25.065 | 198 Pool-1-worker-91 | DEBUG | d.t.c.a.a.c.u.util.UserUtilService   : 1 editors generated. Generate 1 instructors...
    23:42:25.067 | 198 Pool-1-worker-91 | DEBUG | d.t.c.a.a.c.u.util.UserUtilService   : 1 instructors generated
    23:42:25.068 | 198 Pool-1-worker-91 | DEBUG | d.t.c.a.a.c.u.util.UserUtilService   : Removing 0 users from all courses...
    23:42:25.068 | 198 Pool-1-worker-91 | DEBUG | d.t.c.a.a.c.u.util.UserUtilService   : Removing 0 users from all courses. Done
    23:42:25.068 | 198 Pool-1-worker-91 | DEBUG | d.t.c.a.a.c.u.util.UserUtilService   : Save 5 users to database...
    23:42:25.072 | 198 Pool-1-worker-91 | DEBUG | d.t.c.a.a.c.u.util.UserUtilService   : Save 5 users to database. Done
    23:42:25.079 | 198 Pool-1-worker-91 | INFO  | i.z.t.d.l.EmbeddedDatabaseReporter   : JDBC URL to connect to 'dataSource': url='jdbc:h2:tcp://localhost:41063/mem:736625c0-cf5e-400d-aeaa-8a7eabd6262b;USER=sa', scope='UserJenkinsGitlabIntegrationTest#searchUsers_asAdmin_badRequest'
    23:42:25.081 | 198 Pool-1-worker-91 | DEBUG | d.t.c.a.a.c.s.f.ApiVersionFilter     : Adding Version to Request GET /api/users/search
    23:42:25.081 | 198 Pool-1-worker-91 | DEBUG | d.t.c.a.a.core.web.UserResource      : REST request to search all Users for ab
    23:42:25.083 | 198 Pool-1-worker-91 | WARN  | o.z.p.spring.common.AdviceTraits     : Bad Request: 400 BAD_REQUEST "Query param 'loginOrName' must be three characters or longer."

  Starting logs for UserJenkinsGitlabIntegrationTest > initializeUserNonLTI()
    23:42:25.112 | 198 Pool-1-worker-91 | DEBUG | d.t.c.a.a.c.u.util.UserUtilService   : Generate 2 students...
    23:42:25.114 | 198 Pool-1-worker-91 | DEBUG | d.t.c.a.a.c.u.util.UserUtilService   : 2 students generated. Generate 1 tutors...
    23:42:25.116 | 198 Pool-1-worker-91 | DEBUG | d.t.c.a.a.c.u.util.UserUtilService   : 1 tutors generated. Generate 1 editors...
    23:42:25.118 | 198 Pool-1-worker-91 | DEBUG | d.t.c.a.a.c.u.util.UserUtilService   : 1 editors generated. Generate 1 instructors...
    23:42:25.120 | 198 Pool-1-worker-91 | DEBUG | d.t.c.a.a.c.u.util.UserUtilService   : 1 instructors generated
    23:42:25.121 | 198 Pool-1-worker-91 | DEBUG | d.t.c.a.a.c.u.util.UserUtilService   : Removing 0 users from all courses...
    23:42:25.121 | 198 Pool-1-worker-91 | DEBUG | d.t.c.a.a.c.u.util.UserUtilService   : Removing 0 users from all courses. Done
    23:42:25.121 | 198 Pool-1-worker-91 | DEBUG | d.t.c.a.a.c.u.util.UserUtilService   : Save 5 users to database...
    23:42:25.125 | 198 Pool-1-worker-91 | DEBUG | d.t.c.a.a.c.u.util.UserUtilService   : Save 5 users to database. Done
    23:42:25.130 | 198 Pool-1-worker-91 | INFO  | i.z.t.d.l.EmbeddedDatabaseReporter   : JDBC URL to connect to 'dataSource': url='jdbc:h2:tcp://localhost:41063/mem:736625c0-cf5e-400d-aeaa-8a7eabd6262b;USER=sa', scope='UserJenkinsGitlabIntegrationTest#initializeUserNonLTI'
    23:42:25.140 | 198 Pool-1-worker-91 | DEBUG | d.t.c.a.a.c.s.f.ApiVersionFilter     : Adding Version to Request PUT /api/users/initialize

  Starting logs for UserJenkinsGitlabIntegrationTest > getAuthorities_asAdmin_isSuccessful()
    23:42:25.171 | 198 Pool-1-worker-91 | DEBUG | d.t.c.a.a.c.u.util.UserUtilService   : Generate 2 students...
    23:42:25.174 | 198 Pool-1-worker-91 | DEBUG | d.t.c.a.a.c.u.util.UserUtilService   : 2 students generated. Generate 1 tutors...
    23:42:25.176 | 198 Pool-1-worker-91 | DEBUG | d.t.c.a.a.c.u.util.UserUtilService   : 1 tutors generated. Generate 1 editors...
    23:42:25.179 | 198 Pool-1-worker-91 | DEBUG | d.t.c.a.a.c.u.util.UserUtilService   : 1 editors generated. Generate 1 instructors...
    23:42:25.181 | 198 Pool-1-worker-91 | DEBUG | d.t.c.a.a.c.u.util.UserUtilService   : 1 instructors generated
    23:42:25.182 | 198 Pool-1-worker-91 | DEBUG | d.t.c.a.a.c.u.util.UserUtilService   : Removing 0 users from all courses...
    23:42:25.182 | 198 Pool-1-worker-91 | DEBUG | d.t.c.a.a.c.u.util.UserUtilService   : Removing 0 users from all courses. Done
    23:42:25.182 | 198 Pool-1-worker-91 | DEBUG | d.t.c.a.a.c.u.util.UserUtilService   : Save 5 users to database...
    23:42:25.186 | 198 Pool-1-worker-91 | DEBUG | d.t.c.a.a.c.u.util.UserUtilService   : Save 5 users to database. Done
    23:42:25.190 | 198 Pool-1-worker-91 | INFO  | i.z.t.d.l.EmbeddedDatabaseReporter   : JDBC URL to connect to 'dataSource': url='jdbc:h2:tcp://localhost:41063/mem:736625c0-cf5e-400d-aeaa-8a7eabd6262b;USER=sa', scope='UserJenkinsGitlabIntegrationTest#getAuthorities_asAdmin_isSuccessful'
    23:42:25.192 | 198 Pool-1-worker-91 | DEBUG | d.t.c.a.a.c.s.f.ApiVersionFilter     : Adding Version to Request GET /api/admin/users/authorities

  Starting logs for UserJenkinsGitlabIntegrationTest > searchUsers_asTutor_forbidden()
    23:42:25.223 | 198 Pool-1-worker-91 | DEBUG | d.t.c.a.a.c.u.util.UserUtilService   : Generate 2 students...
    23:42:25.225 | 198 Pool-1-worker-91 | DEBUG | d.t.c.a.a.c.u.util.UserUtilService   : 2 students generated. Generate 1 tutors...
    23:42:25.227 | 198 Pool-1-worker-91 | DEBUG | d.t.c.a.a.c.u.util.UserUtilService   : 1 tutors generated. Generate 1 editors...
    23:42:25.229 | 198 Pool-1-worker-91 | DEBUG | d.t.c.a.a.c.u.util.UserUtilService   : 1 editors generated. Generate 1 instructors...
    23:42:25.231 | 198 Pool-1-worker-91 | DEBUG | d.t.c.a.a.c.u.util.UserUtilService   : 1 instructors generated
    23:42:25.232 | 198 Pool-1-worker-91 | DEBUG | d.t.c.a.a.c.u.util.UserUtilService   : Removing 0 users from all courses...
    23:42:25.233 | 198 Pool-1-worker-91 | DEBUG | d.t.c.a.a.c.u.util.UserUtilService   : Removing 0 users from all courses. Done
    23:42:25.233 | 198 Pool-1-worker-91 | DEBUG | d.t.c.a.a.c.u.util.UserUtilService   : Save 5 users to database...
    23:42:25.236 | 198 Pool-1-worker-91 | DEBUG | d.t.c.a.a.c.u.util.UserUtilService   : Save 5 users to database. Done
    23:42:25.240 | 198 Pool-1-worker-91 | INFO  | i.z.t.d.l.EmbeddedDatabaseReporter   : JDBC URL to connect to 'dataSource': url='jdbc:h2:tcp://localhost:41063/mem:736625c0-cf5e-400d-aeaa-8a7eabd6262b;USER=sa', scope='UserJenkinsGitlabIntegrationTest#searchUsers_asTutor_forbidden'
    23:42:25.242 | 198 Pool-1-worker-91 | DEBUG | d.t.c.a.a.c.s.f.ApiVersionFilter     : Adding Version to Request GET /api/users/search
    23:42:25.245 | 198 Pool-1-worker-91 | WARN  | o.z.p.spring.common.AdviceTraits     : Forbidden: Access Denied

  Starting logs for UserJenkinsGitlabIntegrationTest > testUserWithoutRegistrationNumber()
    23:42:25.283 | 198 Pool-1-worker-91 | DEBUG | d.t.c.a.a.c.u.util.UserUtilService   : Generate 2 students...
    23:42:25.285 | 198 Pool-1-worker-91 | DEBUG | d.t.c.a.a.c.u.util.UserUtilService   : 2 students generated. Generate 1 tutors...
    23:42:25.287 | 198 Pool-1-worker-91 | DEBUG | d.t.c.a.a.c.u.util.UserUtilService   : 1 tutors generated. Generate 1 editors...
    23:42:25.289 | 198 Pool-1-worker-91 | DEBUG | d.t.c.a.a.c.u.util.UserUtilService   : 1 editors generated. Generate 1 instructors...
    23:42:25.291 | 198 Pool-1-worker-91 | DEBUG | d.t.c.a.a.c.u.util.UserUtilService   : 1 instructors generated
    23:42:25.293 | 198 Pool-1-worker-91 | DEBUG | d.t.c.a.a.c.u.util.UserUtilService   : Removing 0 users from all courses...
    23:42:25.293 | 198 Pool-1-worker-91 | DEBUG | d.t.c.a.a.c.u.util.UserUtilService   : Removing 0 users from all courses. Done
    23:42:25.293 | 198 Pool-1-worker-91 | DEBUG | d.t.c.a.a.c.u.util.UserUtilService   : Save 5 users to database...
    23:42:25.297 | 198 Pool-1-worker-91 | DEBUG | d.t.c.a.a.c.u.util.UserUtilService   : Save 5 users to database. Done
    23:42:25.303 | 198 Pool-1-worker-91 | INFO  | i.z.t.d.l.EmbeddedDatabaseReporter   : JDBC URL to connect to 'dataSource': url='jdbc:h2:tcp://localhost:41063/mem:736625c0-cf5e-400d-aeaa-8a7eabd6262b;USER=sa', scope='UserJenkinsGitlabIntegrationTest#testUserWithoutRegistrationNumber'
    23:42:25.313 | 198 Pool-1-worker-91 | DEBUG | d.t.c.a.a.c.u.util.UserUtilService   : Generate 2 students...
    23:42:25.316 | 198 Pool-1-worker-91 | DEBUG | d.t.c.a.a.c.u.util.UserUtilService   : 2 students generated. Generate 0 tutors...
    23:42:25.317 | 198 Pool-1-worker-91 | DEBUG | d.t.c.a.a.c.u.util.UserUtilService   : 0 tutors generated. Generate 0 editors...
    23:42:25.318 | 198 Pool-1-worker-91 | DEBUG | d.t.c.a.a.c.u.util.UserUtilService   : 0 editors generated. Generate 0 instructors...
    23:42:25.320 | 198 Pool-1-worker-91 | DEBUG | d.t.c.a.a.c.u.util.UserUtilService   : 0 instructors generated
    23:42:25.321 | 198 Pool-1-worker-91 | DEBUG | d.t.c.a.a.c.u.util.UserUtilService   : Removing 0 users from all courses...
    23:42:25.321 | 198 Pool-1-worker-91 | DEBUG | d.t.c.a.a.c.u.util.UserUtilService   : Removing 0 users from all courses. Done
    23:42:25.321 | 198 Pool-1-worker-91 | DEBUG | d.t.c.a.a.c.u.util.UserUtilService   : Save 2 users to database...
    23:42:25.323 | 198 Pool-1-worker-91 | DEBUG | d.t.c.a.a.c.u.util.UserUtilService   : Save 2 users to database. Done
    23:42:25.328 | 198 Pool-1-worker-91 | DEBUG | d.t.c.a.a.c.s.f.ApiVersionFilter     : Adding Version to Request GET /api/admin/users
    23:42:25.369 | 198 Pool-1-worker-91 | DEBUG | d.t.c.a.a.c.u.util.UserUtilService   : Generate 0 students...
    23:42:25.370 | 198 Pool-1-worker-91 | DEBUG | d.t.c.a.a.c.u.util.UserUtilService   : 0 students generated. Generate 2 tutors...
    23:42:25.373 | 198 Pool-1-worker-91 | DEBUG | d.t.c.a.a.c.u.util.UserUtilService   : 2 tutors generated. Generate 0 editors...
    23:42:25.374 | 198 Pool-1-worker-91 | DEBUG | d.t.c.a.a.c.u.util.UserUtilService   : 0 editors generated. Generate 0 instructors...
    23:42:25.376 | 198 Pool-1-worker-91 | DEBUG | d.t.c.a.a.c.u.util.UserUtilService   : 0 instructors generated
    23:42:25.377 | 198 Pool-1-worker-91 | DEBUG | d.t.c.a.a.c.u.util.UserUtilService   : Removing 0 users from all courses...
    23:42:25.377 | 198 Pool-1-worker-91 | DEBUG | d.t.c.a.a.c.u.util.UserUtilService   : Removing 0 users from all courses. Done
    23:42:25.377 | 198 Pool-1-worker-91 | DEBUG | d.t.c.a.a.c.u.util.UserUtilService   : Save 2 users to database...
    23:42:25.380 | 198 Pool-1-worker-91 | DEBUG | d.t.c.a.a.c.u.util.UserUtilService   : Save 2 users to database. Done
    23:42:25.385 | 198 Pool-1-worker-91 | DEBUG | d.t.c.a.a.c.s.f.ApiVersionFilter     : Adding Version to Request GET /api/admin/users
    23:42:25.419 | 198 Pool-1-worker-91 | DEBUG | d.t.c.a.a.c.u.util.UserUtilService   : Generate 0 students...
    23:42:25.421 | 198 Pool-1-worker-91 | DEBUG | d.t.c.a.a.c.u.util.UserUtilService   : 0 students generated. Generate 0 tutors...
    23:42:25.422 | 198 Pool-1-worker-91 | DEBUG | d.t.c.a.a.c.u.util.UserUtilService   : 0 tutors generated. Generate 2 editors...
    23:42:25.425 | 198 Pool-1-worker-91 | DEBUG | d.t.c.a.a.c.u.util.UserUtilService   : 2 editors generated. Generate 0 instructors...
    23:42:25.426 | 198 Pool-1-worker-91 | DEBUG | d.t.c.a.a.c.u.util.UserUtilService   : 0 instructors generated
    23:42:25.428 | 198 Pool-1-worker-91 | DEBUG | d.t.c.a.a.c.u.util.UserUtilService   : Removing 0 users from all courses...
    23:42:25.428 | 198 Pool-1-worker-91 | DEBUG | d.t.c.a.a.c.u.util.UserUtilService   : Removing 0 users from all courses. Done
    23:42:25.428 | 198 Pool-1-worker-91 | DEBUG | d.t.c.a.a.c.u.util.UserUtilService   : Save 2 users to database...
    23:42:25.430 | 198 Pool-1-worker-91 | DEBUG | d.t.c.a.a.c.u.util.UserUtilService   : Save 2 users to database. Done
    23:42:25.435 | 198 Pool-1-worker-91 | DEBUG | d.t.c.a.a.c.s.f.ApiVersionFilter     : Adding Version to Request GET /api/admin/users
    23:42:25.469 | 198 Pool-1-worker-91 | DEBUG | d.t.c.a.a.c.u.util.UserUtilService   : Generate 0 students...
    23:42:25.470 | 198 Pool-1-worker-91 | DEBUG | d.t.c.a.a.c.u.util.UserUtilService   : 0 students generated. Generate 0 tutors...
    23:42:25.472 | 198 Pool-1-worker-91 | DEBUG | d.t.c.a.a.c.u.util.UserUtilService   : 0 tutors generated. Generate 0 editors...
    23:42:25.473 | 198 Pool-1-worker-91 | DEBUG | d.t.c.a.a.c.u.util.UserUtilService   : 0 editors generated. Generate 2 instructors...
    23:42:25.476 | 198 Pool-1-worker-91 | DEBUG | d.t.c.a.a.c.u.util.UserUtilService   : 2 instructors generated
    23:42:25.477 | 198 Pool-1-worker-91 | DEBUG | d.t.c.a.a.c.u.util.UserUtilService   : Removing 0 users from all courses...
    23:42:25.477 | 198 Pool-1-worker-91 | DEBUG | d.t.c.a.a.c.u.util.UserUtilService   : Removing 0 users from all courses. Done
    23:42:25.477 | 198 Pool-1-worker-91 | DEBUG | d.t.c.a.a.c.u.util.UserUtilService   : Save 2 users to database...
    23:42:25.479 | 198 Pool-1-worker-91 | DEBUG | d.t.c.a.a.c.u.util.UserUtilService   : Save 2 users to database. Done
    23:42:25.484 | 198 Pool-1-worker-91 | DEBUG | d.t.c.a.a.c.s.f.ApiVersionFilter     : Adding Version to Request GET /api/admin/users

  Starting logs for UserJenkinsGitlabIntegrationTest > getUsersOrAuthorities_asTutor_forbidden()
    23:42:25.537 | 198 Pool-1-worker-91 | DEBUG | d.t.c.a.a.c.u.util.UserUtilService   : Generate 2 students...
    23:42:25.540 | 198 Pool-1-worker-91 | DEBUG | d.t.c.a.a.c.u.util.UserUtilService   : 2 students generated. Generate 1 tutors...
    23:42:25.542 | 198 Pool-1-worker-91 | DEBUG | d.t.c.a.a.c.u.util.UserUtilService   : 1 tutors generated. Generate 1 editors...
    23:42:25.544 | 198 Pool-1-worker-91 | DEBUG | d.t.c.a.a.c.u.util.UserUtilService   : 1 editors generated. Generate 1 instructors...
    23:42:25.546 | 198 Pool-1-worker-91 | DEBUG | d.t.c.a.a.c.u.util.UserUtilService   : 1 instructors generated
    23:42:25.547 | 198 Pool-1-worker-91 | DEBUG | d.t.c.a.a.c.u.util.UserUtilService   : Removing 0 users from all courses...
    23:42:25.547 | 198 Pool-1-worker-91 | DEBUG | d.t.c.a.a.c.u.util.UserUtilService   : Removing 0 users from all courses. Done
    23:42:25.547 | 198 Pool-1-worker-91 | DEBUG | d.t.c.a.a.c.u.util.UserUtilService   : Save 5 users to database...
    23:42:25.551 | 198 Pool-1-worker-91 | DEBUG | d.t.c.a.a.c.u.util.UserUtilService   : Save 5 users to database. Done
    23:42:25.562 | 198 Pool-1-worker-91 | INFO  | i.z.t.d.l.EmbeddedDatabaseReporter   : JDBC URL to connect to 'dataSource': url='jdbc:h2:tcp://localhost:41063/mem:736625c0-cf5e-400d-aeaa-8a7eabd6262b;USER=sa', scope='UserJenkinsGitlabIntegrationTest#getUsersOrAuthorities_asTutor_forbidden'
    23:42:25.567 | 198 Pool-1-worker-91 | WARN  | o.z.p.spring.common.AdviceTraits     : Forbidden: Access Denied
    23:42:25.571 | 198 Pool-1-worker-91 | WARN  | o.z.p.spring.common.AdviceTraits     : Forbidden: Access Denied

  Starting logs for UserJenkinsGitlabIntegrationTest > initializeUser()
    23:42:25.601 | 198 Pool-1-worker-91 | DEBUG | d.t.c.a.a.c.u.util.UserUtilService   : Generate 2 students...
    23:42:25.604 | 198 Pool-1-worker-91 | DEBUG | d.t.c.a.a.c.u.util.UserUtilService   : 2 students generated. Generate 1 tutors...
    23:42:25.606 | 198 Pool-1-worker-91 | DEBUG | d.t.c.a.a.c.u.util.UserUtilService   : 1 tutors generated. Generate 1 editors...
    23:42:25.608 | 198 Pool-1-worker-91 | DEBUG | d.t.c.a.a.c.u.util.UserUtilService   : 1 editors generated. Generate 1 instructors...
    23:42:25.611 | 198 Pool-1-worker-91 | DEBUG | d.t.c.a.a.c.u.util.UserUtilService   : 1 instructors generated
    23:42:25.612 | 198 Pool-1-worker-91 | DEBUG | d.t.c.a.a.c.u.util.UserUtilService   : Removing 0 users from all courses...
    23:42:25.612 | 198 Pool-1-worker-91 | DEBUG | d.t.c.a.a.c.u.util.UserUtilService   : Removing 0 users from all courses. Done
    23:42:25.612 | 198 Pool-1-worker-91 | DEBUG | d.t.c.a.a.c.u.util.UserUtilService   : Save 5 users to database...
    23:42:25.616 | 198 Pool-1-worker-91 | DEBUG | d.t.c.a.a.c.u.util.UserUtilService   : Save 5 users to database. Done
    23:42:25.621 | 198 Pool-1-worker-91 | INFO  | i.z.t.d.l.EmbeddedDatabaseReporter   : JDBC URL to connect to 'dataSource': url='jdbc:h2:tcp://localhost:41063/mem:736625c0-cf5e-400d-aeaa-8a7eabd6262b;USER=sa', scope='UserJenkinsGitlabIntegrationTest#initializeUser'
    23:42:25.638 | 198 Pool-1-worker-91 | INFO  | .a.p.s.g.GitLabUserManagementService : Update Gitlab permissions for programming exercises: []
    23:42:25.640 | 198 Pool-1-worker-91 | INFO  | a.p.s.j.JenkinsUserManagementService : Update Jenkins permissions (add users to groups) for programming exercises: []
    23:42:25.642 | 198 Pool-1-worker-91 | DEBUG | d.t.c.a.a.c.s.f.ApiVersionFilter     : Adding Version to Request PUT /api/users/initialize
    23:42:25.649 | 198 Pool-1-worker-91 | INFO  | a.p.s.j.JenkinsUserManagementService : Update Jenkins permissions (remove users from groups) for programming exercises: []
    23:42:25.651 | 198 Pool-1-worker-91 | INFO  | a.p.s.j.JenkinsUserManagementService : Update Jenkins permissions (add users to groups) for programming exercises: []

  Starting logs for UserJenkinsGitlabIntegrationTest > deleteSelf_isNotSuccessful()
    23:42:25.687 | 198 Pool-1-worker-91 | DEBUG | d.t.c.a.a.c.u.util.UserUtilService   : Generate 2 students...
    23:42:25.689 | 198 Pool-1-worker-91 | DEBUG | d.t.c.a.a.c.u.util.UserUtilService   : 2 students generated. Generate 1 tutors...
    23:42:25.691 | 198 Pool-1-worker-91 | DEBUG | d.t.c.a.a.c.u.util.UserUtilService   : 1 tutors generated. Generate 1 editors...
    23:42:25.693 | 198 Pool-1-worker-91 | DEBUG | d.t.c.a.a.c.u.util.UserUtilService   : 1 editors generated. Generate 1 instructors...
    23:42:25.695 | 198 Pool-1-worker-91 | DEBUG | d.t.c.a.a.c.u.util.UserUtilService   : 1 instructors generated
    23:42:25.697 | 198 Pool-1-worker-91 | DEBUG | d.t.c.a.a.c.u.util.UserUtilService   : Removing 0 users from all courses...
    23:42:25.697 | 198 Pool-1-worker-91 | DEBUG | d.t.c.a.a.c.u.util.UserUtilService   : Removing 0 users from all courses. Done
    23:42:25.697 | 198 Pool-1-worker-91 | DEBUG | d.t.c.a.a.c.u.util.UserUtilService   : Save 5 users to database...
    23:42:25.701 | 198 Pool-1-worker-91 | DEBUG | d.t.c.a.a.c.u.util.UserUtilService   : Save 5 users to database. Done
    23:42:25.705 | 198 Pool-1-worker-91 | INFO  | i.z.t.d.l.EmbeddedDatabaseReporter   : JDBC URL to connect to 'dataSource': url='jdbc:h2:tcp://localhost:41063/mem:736625c0-cf5e-400d-aeaa-8a7eabd6262b;USER=sa', scope='UserJenkinsGitlabIntegrationTest#deleteSelf_isNotSuccessful'
    23:42:25.707 | 198 Pool-1-worker-91 | DEBUG | d.t.c.a.a.c.s.f.ApiVersionFilter     : Adding Version to Request DELETE /api/admin/users/admin
    23:42:25.708 | 198 Pool-1-worker-91 | DEBUG | d.t.c.a.a.c.w.a.AdminUserResource    : REST request to delete User: admin
    23:42:25.709 | 198 Pool-1-worker-91 | ERROR | tech.jhipster.web.util.HeaderUtil    : Entity processing failed, You cannot delete yourself
    23:42:25.709 | 198 Pool-1-worker-91 | WARN  | o.z.p.spring.common.AdviceTraits     : Bad Request: You cannot delete yourself

  Starting logs for UserJenkinsGitlabIntegrationTest > deleteUser_isSuccessful()
    23:42:25.742 | 198 Pool-1-worker-91 | DEBUG | d.t.c.a.a.c.u.util.UserUtilService   : Generate 2 students...
    23:42:25.745 | 198 Pool-1-worker-91 | DEBUG | d.t.c.a.a.c.u.util.UserUtilService   : 2 students generated. Generate 1 tutors...
    23:42:25.747 | 198 Pool-1-worker-91 | DEBUG | d.t.c.a.a.c.u.util.UserUtilService   : 1 tutors generated. Generate 1 editors...
    23:42:25.748 | 198 Pool-1-worker-91 | DEBUG | d.t.c.a.a.c.u.util.UserUtilService   : 1 editors generated. Generate 1 instructors...
    23:42:25.752 | 198 Pool-1-worker-91 | DEBUG | d.t.c.a.a.c.u.util.UserUtilService   : 1 instructors generated
    23:42:25.753 | 198 Pool-1-worker-91 | DEBUG | d.t.c.a.a.c.u.util.UserUtilService   : Removing 0 users from all courses...
    23:42:25.753 | 198 Pool-1-worker-91 | DEBUG | d.t.c.a.a.c.u.util.UserUtilService   : Removing 0 users from all courses. Done
    23:42:25.753 | 198 Pool-1-worker-91 | DEBUG | d.t.c.a.a.c.u.util.UserUtilService   : Save 5 users to database...
    23:42:25.757 | 198 Pool-1-worker-91 | DEBUG | d.t.c.a.a.c.u.util.UserUtilService   : Save 5 users to database. Done
    23:42:25.762 | 198 Pool-1-worker-91 | INFO  | i.z.t.d.l.EmbeddedDatabaseReporter   : JDBC URL to connect to 'dataSource': url='jdbc:h2:tcp://localhost:41063/mem:736625c0-cf5e-400d-aeaa-8a7eabd6262b;USER=sa', scope='UserJenkinsGitlabIntegrationTest#deleteUser_isSuccessful'
    23:42:25.765 | 198 Pool-1-worker-91 | DEBUG | d.t.c.a.a.c.s.f.ApiVersionFilter     : Adding Version to Request DELETE /api/admin/users/userjenkstudent1
    23:42:25.766 | 198 Pool-1-worker-91 | DEBUG | d.t.c.a.a.c.w.a.AdminUserResource    : REST request to delete User: userjenkstudent1
    23:42:25.772 | 198 Pool-1-worker-91 | WARN  | .a.p.s.g.GitLabUserManagementService : User userjenkstudent1 does not exist in Gitlab and cannot be updated!
    23:42:25.774 | 198 Pool-1-worker-91 | INFO  | a.p.s.j.JenkinsUserManagementService : Update Jenkins permissions (remove users from groups) for programming exercises: []
    23:42:25.775 | 198 Pool-1-worker-91 | INFO  | a.p.s.j.JenkinsUserManagementService : Update Jenkins permissions (add users to groups) for programming exercises: []
    23:42:25.775 | 198 Pool-1-worker-91 | WARN  | d.t.c.a.a.c.service.user.UserService : Soft Deleted User: User{login='opxzaht0c6ez4f7he1wt', firstName='Deleted', lastName='User', email='8efrqWZjLAiketm2mWVQ@user.deleted', imageUrl='null', activated='false', langKey='en', activationKey='null'}

Finished logs for UserJenkinsGitlabIntegrationTest
]]></system-out>
  <system-err><![CDATA[]]></system-err>
</testsuite>
