<?xml version="1.0" encoding="UTF-8"?>
<testsuite name="de.tum.cit.aet.artemis.iris.architecture.IrisServiceArchitectureTest" tests="5" skipped="0" failures="0" errors="0" timestamp="2025-02-14T23:39:58" hostname="fv-az1721-502" time="0.105">
  <properties/>
  <testcase name="testCorrectAsyncCalls()" classname="de.tum.cit.aet.artemis.iris.architecture.IrisServiceArchitectureTest" time="0.014"/>
  <testcase name="shouldBeNamedService()" classname="de.tum.cit.aet.artemis.iris.architecture.IrisServiceArchitectureTest" time="0.005"/>
  <testcase name="testCorrectServiceAnnotation()" classname="de.tum.cit.aet.artemis.iris.architecture.IrisServiceArchitectureTest" time="0.016"/>
  <testcase name="shouldBeInServicePackage()" classname="de.tum.cit.aet.artemis.iris.architecture.IrisServiceArchitectureTest" time="0.004"/>
  <testcase name="testNoWrongServiceImports()" classname="de.tum.cit.aet.artemis.iris.architecture.IrisServiceArchitectureTest" time="0.065"/>
  <system-out><![CDATA[
Starting logs for IrisServiceArchitectureTest

  Starting logs for IrisServiceArchitectureTest > testCorrectAsyncCalls()

  Starting logs for IrisServiceArchitectureTest > shouldBeNamedService()

  Starting logs for IrisServiceArchitectureTest > testCorrectServiceAnnotation()

  Starting logs for IrisServiceArchitectureTest > shouldBeInServicePackage()

  Starting logs for IrisServiceArchitectureTest > testNoWrongServiceImports()

Finished logs for IrisServiceArchitectureTest
]]></system-out>
  <system-err><![CDATA[]]></system-err>
</testsuite>
