<?xml version="1.0" encoding="UTF-8"?>
<testsuite name="de.tum.cit.aet.artemis.iris.PyrisFaqIngestionTest" tests="14" skipped="0" failures="0" errors="0" timestamp="2025-02-14T23:43:58" hostname="fv-az1721-502" time="3.035">
  <properties/>
  <testcase name="testDeleteFaqFromPyrisDatabaseWithCourseSettingsEnabled()" classname="de.tum.cit.aet.artemis.iris.PyrisFaqIngestionTest" time="0.217"/>
  <testcase name="testStageNotDoneKeepsDeletionIngestionJob()" classname="de.tum.cit.aet.artemis.iris.PyrisFaqIngestionTest" time="0.143"/>
  <testcase name="testAllStagesDoneRemovesDeletionIngestionJob()" classname="de.tum.cit.aet.artemis.iris.PyrisFaqIngestionTest" time="0.124"/>
  <testcase name="testAllStagesDoneIngestionStateDone()" classname="de.tum.cit.aet.artemis.iris.PyrisFaqIngestionTest" time="0.358"/>
  <testcase name="testErrorStageRemovesAdditionIngestionJob()" classname="de.tum.cit.aet.artemis.iris.PyrisFaqIngestionTest" time="0.198"/>
  <testcase name="testIngestionJobDone()" classname="de.tum.cit.aet.artemis.iris.PyrisFaqIngestionTest" time="0.165"/>
  <testcase name="testRunIdIngestionJob()" classname="de.tum.cit.aet.artemis.iris.PyrisFaqIngestionTest" time="0.278"/>
  <testcase name="testStageNotDoneKeepsAdditionIngestionJob()" classname="de.tum.cit.aet.artemis.iris.PyrisFaqIngestionTest" time="0.471"/>
  <testcase name="noAutoIngestionWhenFaqIsCreatedAndAutoUpdateEnabled()" classname="de.tum.cit.aet.artemis.iris.PyrisFaqIngestionTest" time="0.269"/>
  <testcase name="testIngestFaqButtonInPyris()" classname="de.tum.cit.aet.artemis.iris.PyrisFaqIngestionTest" time="0.175"/>
  <testcase name="testErrorStageRemovesDeletionIngestionJob()" classname="de.tum.cit.aet.artemis.iris.PyrisFaqIngestionTest" time="0.141"/>
  <testcase name="testAddFaqToPyrisDBAddJobWithCourseSettingsEnabled()" classname="de.tum.cit.aet.artemis.iris.PyrisFaqIngestionTest" time="0.145"/>
  <testcase name="autoIngestionWhenFaqIsCreatedAndAutoUpdateEnabled()" classname="de.tum.cit.aet.artemis.iris.PyrisFaqIngestionTest" time="0.15"/>
  <testcase name="testAddSpecificFaqToPyrisDBAddJobWithCourseSettingsEnabled()" classname="de.tum.cit.aet.artemis.iris.PyrisFaqIngestionTest" time="0.166"/>
  <system-out><![CDATA[, dockerImage=dummy-docker-image:latest, commitHashToBuild=42077d078a5d5042fe2d4bd8299a990d342fce6e, assignmentCommitHash=42077d078a5d5042fe2d4bd8299a990d342fce6e, testCommitHash=42077d078a5d5042fe2d4bd8299a990d342fce6e, branch=main, programmingLanguage=JAVA, projectType=PLAIN_GRADLE, scaEnabled=false, sequentialTestRunsEnabled=false, resultPaths=[/var/tmp/testing-dir/**/test-results/test/*.xml], timeoutSeconds=0, assignmentCheckoutPath=null, testCheckoutPath=null, solutionCheckoutPath=null, dockerRunConfig=null], submissionResult=ResultDTO[id=140, completionDate=2025-02-14T23:43:15.725343914Z[Etc/UTC], successful=false, score=0.0, rated=true, submission=SubmissionDTO[id=129, submitted=true, type=MANUAL, exampleSubmission=null, submissionDate=2025-02-14T23:43:13.805401Z, commitHash=42077d078a5d5042fe2d4bd8299a990d342fce6e, buildFailed=false, buildArtifact=false, participation=ParticipationDTO[id=491, testRun=false, type=programming, submissionCount=null, exercise=ParticipationExerciseDTO[id=308, exerciseType=PROGRAMMING, type=programming, assessmentType=AUTOMATIC, dueDate=2025-02-16T23:43:13.569213Z, assessmentDueDate=null, maxPoints=42.0, course=CourseDTO[id=157, accuracyOfScores=1]]], submissionExerciseType=programming, isProcessing=false, buildStartDate=null, estimatedCompletionDate=null], participation=ParticipationDTO[id=491, testRun=false, type=programming, submissionCount=null, exercise=ParticipationExerciseDTO[id=308, exerciseType=PROGRAMMING, type=programming, assessmentType=AUTOMATIC, dueDate=2025-02-16T23:43:13.569213Z, assessmentDueDate=null, maxPoints=42.0, course=CourseDTO[id=157, accuracyOfScores=1]]], feedbacks=[FeedbackDTO[id=160, text=null, detailText=Deine Einreichung enthält keine Ausgabe. (67cac2), hasLongFeedbackText=false, reference=null, credits=0.0, positive=false, type=AUTOMATIC, visibility=ALWAYS, testCase=TestCaseDTO[testName=null, id=146]], FeedbackDTO[id=161, text=null, detailText=test `add` failed on ≥ 1 cases:
(0, 0)
Your submission raised an error Failure("TODO add"), hasLongFeedbackText=false, reference=null, credits=0.0, positive=false, type=AUTOMATIC, visibility=ALWAYS, testCase=TestCaseDTO[testName=null, id=149]], FeedbackDTO[id=162, text=null, detailText=test `filter` failed on ≥ 1 cases:
(even, [1; 2; 3; 4])
Your submission raised an error Failure("TODO filter"), hasLongFeedbackText=false, reference=null, credits=0.0, positive=false, type=AUTOMATIC, visibility=ALWAYS, testCase=TestCaseDTO[testName=null, id=148]], FeedbackDTO[id=163, text=null, detailText=Test was not executed., hasLongFeedbackText=false, reference=null, credits=0.0, positive=null, type=AUTOMATIC, visibility=null, testCase=TestCaseDTO[testName=null, id=137]], FeedbackDTO[id=164, text=null, detailText=Test was not executed., hasLongFeedbackText=false, reference=null, credits=0.0, positive=null, type=AUTOMATIC, visibility=null, testCase=TestCaseDTO[testName=null, id=138]], FeedbackDTO[id=165, text=null, detailText=Test was not executed., hasLongFeedbackText=false, reference=null, credits=0.0, positive=null, type=AUTOMATIC, visibility=null, testCase=TestCaseDTO[testName=null, id=139]], FeedbackDTO[id=166, text=null, detailText=Test was not executed., hasLongFeedbackText=false, reference=null, credits=0.0, positive=null, type=AUTOMATIC, visibility=null, testCase=TestCaseDTO[testName=null, id=140]], FeedbackDTO[id=167, text=null, detailText=Test was not executed., hasLongFeedbackText=false, reference=null, credits=0.0, positive=null, type=AUTOMATIC, visibility=null, testCase=TestCaseDTO[testName=null, id=141]], FeedbackDTO[id=168, text=null, detailText=Test was not executed., hasLongFeedbackText=false, reference=null, credits=0.0, positive=null, type=AUTOMATIC, visibility=null, testCase=TestCaseDTO[testName=null, id=142]], FeedbackDTO[id=169, text=null, detailText=Test was not executed., hasLongFeedbackText=false, reference=null, credits=0.0, positive=null, type=AUTOMATIC, visibility=null, testCase=TestCaseDTO[testName=null, id=143]], FeedbackDTO[id=170, text=null, detailText=Test was not executed., hasLongFeedbackText=false, reference=null, credits=0.0, positive=null, type=AUTOMATIC, visibility=null, testCase=TestCaseDTO[testName=null, id=144]], FeedbackDTO[id=171, text=null, detailText=Test was not executed., hasLongFeedbackText=false, reference=null, credits=0.0, positive=null, type=AUTOMATIC, visibility=null, testCase=TestCaseDTO[testName=null, id=145]], FeedbackDTO[id=172, text=null, detailText=Test was not executed., hasLongFeedbackText=false, reference=null, credits=0.0, positive=null, type=AUTOMATIC, visibility=null, testCase=TestCaseDTO[testName=null, id=147]]], assessmentType=AUTOMATIC, hasComplaint=null, exampleResult=null, testCaseCount=13, passedTestCaseCount=0, codeIssueCount=0]], BuildJobQueueItem[id=4941739576597286, name=SHORTFBCBD7BF0E6EB0451A080E80FCB407DC1F12TSTEXC-LOCALCIINTSTUDENT1, buildAgent=BuildAgentDTO[name=artemis-build-agent-test, memberAddress=[127.0.0.1]:5703, displayName=artemis-build-agent-test], participationId=494, courseId=158, exerciseId=309, retryCount=0, priority=2, status=SUCCESSFUL, repositoryInfo=RepositoryInfo[repositoryName=shortfbcbd7bf0e6eb0451a080e80fcb407dc1f12tstexc-localciintstudent1, repositoryType=user, triggeredByPushTo=user, assignmentRepositoryUri=http://localhost:49152/git/SHORTFBCBD7BF0E6EB0451A080E80FCB407DC1F12TSTEXC/shortfbcbd7bf0e6eb0451a080e80fcb407dc1f12tstexc-localciintstudent1.git, testRepositoryUri=http://localhost:49152/git/SHORTFBCBD7BF0E6EB0451A080E80FCB407DC1F12TSTEXC/shortfbcbd7bf0e6eb0451a080e80fcb407dc1f12tstexc-tests.git, solutionRepositoryUri=null, auxiliaryRepositoryUris=[Ljava.lang.String;@71d3eb13, auxiliaryRepositoryCheckoutDirectories=[Ljava.lang.String;@7562350b], jobTimingInfo=JobTimingInfo[submissionDate=2025-02-14T23:43:17.286977233Z[Etc/UTC], buildStartDate=2025-02-14T23:43:17.293977347Z[Etc/UTC], buildCompletionDate=2025-02-14T23:43:18.740990762Z[Etc/UTC], estimatedCompletionDate=2025-02-14T23:43:36.293970494Z[Etc/UTC], estimatedDuration=19], buildConfig=BuildConfig[buildScript=#!/bin/bash
cd /var/tmp/testing-dir
chmod +x ./gradlew
./gradlew clean test
, dockerImage=dummy-docker-image:latest, commitHashToBuild=4a1af7e8a64e6505c5fc09b9f81ea41af9fcff44, assignmentCommitHash=4a1af7e8a64e6505c5fc09b9f81ea41af9fcff44, testCommitHash=4a1af7e8a64e6505c5fc09b9f81ea41af9fcff44, branch=main, programmingLanguage=JAVA, projectType=PLAIN_GRADLE, scaEnabled=false, sequentialTestRunsEnabled=false, resultPaths=[/var/tmp/testing-dir/**/test-results/test/*.xml], timeoutSeconds=0, assignmentCheckoutPath=null, testCheckoutPath=null, solutionCheckoutPath=null, dockerRunConfig=null], submissionResult=ResultDTO[id=141, completionDate=2025-02-14T23:43:18.729015138Z[Etc/UTC], successful=false, score=0.0, rated=true, submission=SubmissionDTO[id=130, submitted=true, type=MANUAL, exampleSubmission=null, submissionDate=2025-02-14T23:43:17.272936Z, commitHash=4a1af7e8a64e6505c5fc09b9f81ea41af9fcff44, buildFailed=true, buildArtifact=false, participation=ParticipationDTO[id=494, testRun=false, type=programming, submissionCount=null, exercise=ParticipationExerciseDTO[id=309, exerciseType=PROGRAMMING, type=programming, assessmentType=AUTOMATIC, dueDate=2025-02-16T23:43:17.147218Z, assessmentDueDate=null, maxPoints=42.0, course=CourseDTO[id=158, accuracyOfScores=1]]], submissionExerciseType=programming, isProcessing=false, buildStartDate=null, estimatedCompletionDate=null], participation=ParticipationDTO[id=494, testRun=false, type=programming, submissionCount=null, exercise=ParticipationExerciseDTO[id=309, exerciseType=PROGRAMMING, type=programming, assessmentType=AUTOMATIC, dueDate=2025-02-16T23:43:17.147218Z, assessmentDueDate=null, maxPoints=42.0, course=CourseDTO[id=158, accuracyOfScores=1]]], feedbacks=[], assessmentType=AUTOMATIC, hasComplaint=null, exampleResult=null, testCaseCount=0, passedTestCaseCount=0, codeIssueCount=0]], BuildJobQueueItem[id=4971739576599269, name=SHORT52AD57270517204728083260501A19D262D1TSTEXC-LOCALCIINTSTUDENT1, buildAgent=BuildAgentDTO[name=artemis-build-agent-test, memberAddress=[127.0.0.1]:5703, displayName=artemis-build-agent-test], participationId=497, courseId=159, exerciseId=310, retryCount=0, priority=2, status=SUCCESSFUL, repositoryInfo=RepositoryInfo[repositoryName=short52ad57270517204728083260501a19d262d1tstexc-localciintstudent1, repositoryType=user, triggeredByPushTo=user, assignmentRepositoryUri=http://localhost:49152/git/SHORT52AD57270517204728083260501A19D262D1TSTEXC/short52ad57270517204728083260501a19d262d1tstexc-localciintstudent1.git, testRepositoryUri=http://localhost:49152/git/SHORT52AD57270517204728083260501A19D262D1TSTEXC/short52ad57270517204728083260501a19d262d1tstexc-tests.git, solutionRepositoryUri=null, auxiliaryRepositoryUris=[Ljava.lang.String;@29628d11, auxiliaryRepositoryCheckoutDirectories=[Ljava.lang.String;@2b933a2d], jobTimingInfo=JobTimingInfo[submissionDate=2025-02-14T23:43:19.269997499Z[Etc/UTC], buildStartDate=2025-02-14T23:43:19.277325895Z[Etc/UTC], buildCompletionDate=2025-02-14T23:43:20.497391524Z[Etc/UTC], estimatedCompletionDate=2025-02-14T23:43:38.277310787Z[Etc/UTC], estimatedDuration=19], buildConfig=BuildConfig[buildScript=#!/bin/bash
cd /var/tmp/testing-dir
chmod +x ./gradlew
./gradlew clean test
, dockerImage=dummy-docker-image:latest, commitHashToBuild=9f4f76247a188e9a0f3516a9fbd60e829d53fb05, assignmentCommitHash=9f4f76247a188e9a0f3516a9fbd60e829d53fb05, testCommitHash=9f4f76247a188e9a0f3516a9fbd60e829d53fb05, branch=main, programmingLanguage=JAVA, projectType=PLAIN_GRADLE, scaEnabled=false, sequentialTestRunsEnabled=false, resultPaths=[/var/tmp/testing-dir/**/test-results/test/*.xml], timeoutSeconds=0, assignmentCheckoutPath=null, testCheckoutPath=null, solutionCheckoutPath=null, dockerRunConfig=null], submissionResult=ResultDTO[id=142, completionDate=2025-02-14T23:43:20.484244187Z[Etc/UTC], successful=false, score=7.7, rated=true, submission=SubmissionDTO[id=131, submitted=true, type=MANUAL, exampleSubmission=null, submissionDate=2025-02-14T23:43:19.265464Z, commitHash=9f4f76247a188e9a0f3516a9fbd60e829d53fb05, buildFailed=false, buildArtifact=false, participation=ParticipationDTO[id=497, testRun=false, type=programming, submissionCount=null, exercise=ParticipationExerciseDTO[id=310, exerciseType=PROGRAMMING, type=programming, assessmentType=AUTOMATIC, dueDate=2025-02-16T23:43:19.182228Z, assessmentDueDate=null, maxPoints=42.0, course=CourseDTO[id=159, accuracyOfScores=1]]], submissionExerciseType=programming, isProcessing=false, buildStartDate=null, estimatedCompletionDate=null], participation=ParticipationDTO[id=497, testRun=false, type=programming, submissionCount=null, exercise=ParticipationExerciseDTO[id=310, exerciseType=PROGRAMMING, type=programming, assessmentType=AUTOMATIC, dueDate=2025-02-16T23:43:19.182228Z, assessmentDueDate=null, maxPoints=42.0, course=CourseDTO[id=159, accuracyOfScores=1]]], feedbacks=[FeedbackDTO[id=173, text=null, detailText=The exercise expects a class with the name Context in the package testpackage. You did not implement the class in the exercise., hasLongFeedbackText=false, reference=null, credits=0.0, positive=false, type=AUTOMATIC, visibility=ALWAYS, testCase=TestCaseDTO[testName=null, id=169]], FeedbackDTO[id=174, text=null, detailText=The exercise expects a class with the name Policy in the package testpackage. You did not implement the class in the exercise., hasLongFeedbackText=false, reference=null, credits=0.0, positive=false, type=AUTOMATIC, visibility=ALWAYS, testCase=TestCaseDTO[testName=null, id=170]], FeedbackDTO[id=175, text=null, detailText=The exercise expects a class with the name SortStrategy in the package testpackage. You did not implement the class in the exercise., hasLongFeedbackText=false, reference=null, credits=0.0, positive=false, type=AUTOMATIC, visibility=ALWAYS, testCase=TestCaseDTO[testName=null, id=171]], FeedbackDTO[id=176, text=null, detailText=The class 'MergeSort' does not implement the interface 'SortStrategy' as expected. Implement the interface and its methods., hasLongFeedbackText=false, reference=null, credits=0.0, positive=false, type=AUTOMATIC, visibility=ALWAYS, testCase=TestCaseDTO[testName=null, id=166]], FeedbackDTO[id=177, text=null, detailText=The exercise expects a class with the name SortStrategy in the package testpackage. You did not implement the class in the exercise., hasLongFeedbackText=false, reference=null, credits=0.0, positive=false, type=AUTOMATIC, visibility=ALWAYS, testCase=TestCaseDTO[testName=null, id=163]], FeedbackDTO[id=178, text=null, detailText=The class 'BubbleSort' does not implement the interface 'SortStrategy' as expected. Implement the interface and its methods., hasLongFeedbackText=false, reference=null, credits=0.0, positive=false, type=AUTOMATIC, visibility=ALWAYS, testCase=TestCaseDTO[testName=null, id=167]], FeedbackDTO[id=179, text=null, detailText=MergeSort does not sort correctly, hasLongFeedbackText=false, reference=null, credits=0.0, positive=false, type=AUTOMATIC, visibility=ALWAYS, testCase=TestCaseDTO[testName=null, id=172]], FeedbackDTO[id=180, text=null, detailText=The class 'Context' was not found within the submission. Make sure to implement it properly., hasLongFeedbackText=false, reference=null, credits=0.0, positive=false, type=AUTOMATIC, visibility=ALWAYS, testCase=TestCaseDTO[testName=null, id=173]], FeedbackDTO[id=181, text=null, detailText=The class 'Context' was not found within the submission. Make sure to implement it properly., hasLongFeedbackText=false, reference=null, credits=0.0, positive=false, type=AUTOMATIC, visibility=ALWAYS, testCase=TestCaseDTO[testName=null, id=174]], FeedbackDTO[id=182, text=null, detailText=The exercise expects a class with the name Policy in the package testpackage. You did not implement the class in the exercise., hasLongFeedbackText=false, reference=null, credits=0.0, positive=false, type=AUTOMATIC, visibility=ALWAYS, testCase=TestCaseDTO[testName=null, id=168]], FeedbackDTO[id=183, text=null, detailText=The exercise expects a class with the name Context in the package testpackage. You did not implement the class in the exercise., hasLongFeedbackText=false, reference=null, credits=0.0, positive=false, type=AUTOMATIC, visibility=ALWAYS, testCase=TestCaseDTO[testName=null, id=164]], FeedbackDTO[id=184, text=null, detailText=The exercise expects a class with the name Policy in the package testpackage. You did not implement the class in the exercise., hasLongFeedbackText=false, reference=null, credits=0.0, positive=false, type=AUTOMATIC, visibility=ALWAYS, testCase=TestCaseDTO[testName=null, id=165]], FeedbackDTO[id=185, text=null, detailText=null, hasLongFeedbackText=false, reference=null, credits=3.230769230769231, positive=true, type=AUTOMATIC, visibility=ALWAYS, testCase=TestCaseDTO[testName=null, id=175]]], assessmentType=AUTOMATIC, hasComplaint=null, exampleResult=null, testCaseCount=13, passedTestCaseCount=1, codeIssueCount=0]], BuildJobQueueItem[id=5001739576601035, name=SHORT582B1BDC0A17704D6D0A46800FC19163DA47TSTEXC-LOCALCIINTSTUDENT1, buildAgent=BuildAgentDTO[name=artemis-build-agent-test, memberAddress=[127.0.0.1]:5703, displayName=artemis-build-agent-test], participationId=500, courseId=160, exerciseId=311, retryCount=0, priority=2, status=SUCCESSFUL, repositoryInfo=RepositoryInfo[repositoryName=short582b1bdc0a17704d6d0a46800fc19163da47tstexc-localciintstudent1, repositoryType=user, triggeredByPushTo=user, assignmentRepositoryUri=http://localhost:49152/git/SHORT582B1BDC0A17704D6D0A46800FC19163DA47TSTEXC/short582b1bdc0a17704d6d0a46800fc19163da47tstexc-localciintstudent1.git, testRepositoryUri=http://localhost:49152/git/SHORT582B1BDC0A17704D6D0A46800FC19163DA47TSTEXC/short582b1bdc0a17704d6d0a46800fc19163da47tstexc-tests.git, solutionRepositoryUri=null, auxiliaryRepositoryUris=[Ljava.lang.String;@4576d73f, auxiliaryRepositoryCheckoutDirectories=[Ljava.lang.String;@21d868f7], jobTimingInfo=JobTimingInfo[submissionDate=2025-02-14T23:43:21.035120760Z[Etc/UTC], buildStartDate=2025-02-14T23:43:21.040320383Z[Etc/UTC], buildCompletionDate=2025-02-14T23:43:22.581236903Z[Etc/UTC], estimatedCompletionDate=2025-02-14T23:43:40.040312057Z[Etc/UTC], estimatedDuration=19], buildConfig=BuildConfig[buildScript=#!/bin/bash
cd /var/tmp/testing-dir
chmod +x ./gradlew
./gradlew clean test
, dockerImage=dummy-docker-image:latest, commitHashToBuild=887566cf754016f986627cf5c5c365dea16c907f, assignmentCommitHash=887566cf754016f986627cf5c5c365dea16c907f, testCommitHash=6af67146332066e7430917928a4b9b81c43b7c71, branch=main, programmingLanguage=JAVA, projectType=PLAIN_GRADLE, scaEnabled=false, sequentialTestRunsEnabled=false, resultPaths=[/var/tmp/testing-dir/**/test-results/test/*.xml], timeoutSeconds=0, assignmentCheckoutPath=customAssignmentPath, testCheckoutPath=null, solutionCheckoutPath=null, dockerRunConfig=null], submissionResult=ResultDTO[id=143, completionDate=2025-02-14T23:43:22.538158998Z[Etc/UTC], successful=false, score=7.7, rated=true, submission=SubmissionDTO[id=132, submitted=true, type=MANUAL, exampleSubmission=null, submissionDate=2025-02-14T23:43:21.028930Z, commitHash=887566cf754016f986627cf5c5c365dea16c907f, buildFailed=false, buildArtifact=false, participation=ParticipationDTO[id=500, testRun=false, type=programming, submissionCount=null, exercise=ParticipationExerciseDTO[id=311, exerciseType=PROGRAMMING, type=programming, assessmentType=AUTOMATIC, dueDate=2025-02-16T23:43:20.897280Z, assessmentDueDate=null, maxPoints=42.0, course=CourseDTO[id=160, accuracyOfScores=1]]], submissionExerciseType=programming, isProcessing=false, buildStartDate=null, estimatedCompletionDate=null], participation=ParticipationDTO[id=500, testRun=false, type=programming, submissionCount=null, exercise=ParticipationExerciseDTO[id=311, exerciseType=PROGRAMMING, type=programming, assessmentType=AUTOMATIC, dueDate=2025-02-16T23:43:20.897280Z, assessmentDueDate=null, maxPoints=42.0, course=CourseDTO[id=160, accuracyOfScores=1]]], feedbacks=[FeedbackDTO[id=186, text=null, detailText=The exercise expects a class with the name Context in the package testpackage. You did not implement the class in the exercise., hasLongFeedbackText=false, reference=null, credits=0.0, positive=false, type=AUTOMATIC, visibility=ALWAYS, testCase=TestCaseDTO[testName=null, id=182]], FeedbackDTO[id=187, text=null, detailText=The exercise expects a class with the name Policy in the package testpackage. You did not implement the class in the exercise., hasLongFeedbackText=false, reference=null, credits=0.0, positive=false, type=AUTOMATIC, visibility=ALWAYS, testCase=TestCaseDTO[testName=null, id=183]], FeedbackDTO[id=188, text=null, detailText=The exercise expects a class with the name SortStrategy in the package testpackage. You did not implement the class in the exercise., hasLongFeedbackText=false, reference=null, credits=0.0, positive=false, type=AUTOMATIC, visibility=ALWAYS, testCase=TestCaseDTO[testName=null, id=184]], FeedbackDTO[id=189, text=null, detailText=The class 'MergeSort' does not implement the interface 'SortStrategy' as expected. Implement the interface and its methods., hasLongFeedbackText=false, reference=null, credits=0.0, positive=false, type=AUTOMATIC, visibility=ALWAYS, testCase=TestCaseDTO[testName=null, id=179]], FeedbackDTO[id=190, text=null, detailText=The exercise expects a class with the name SortStrategy in the package testpackage. You did not implement the class in the exercise., hasLongFeedbackText=false, reference=null, credits=0.0, positive=false, type=AUTOMATIC, visibility=ALWAYS, testCase=TestCaseDTO[testName=null, id=176]], FeedbackDTO[id=191, text=null, detailText=The class 'BubbleSort' does not implement the interface 'SortStrategy' as expected. Implement the interface and its methods., hasLongFeedbackText=false, reference=null, credits=0.0, positive=false, type=AUTOMATIC, visibility=ALWAYS, testCase=TestCaseDTO[testName=null, id=180]], FeedbackDTO[id=192, text=null, detailText=MergeSort does not sort correctly, hasLongFeedbackText=false, reference=null, credits=0.0, positive=false, type=AUTOMATIC, visibility=ALWAYS, testCase=TestCaseDTO[testName=null, id=185]], FeedbackDTO[id=193, text=null, detailText=The class 'Context' was not found within the submission. Make sure to implement it properly., hasLongFeedbackText=false, reference=null, credits=0.0, positive=false, type=AUTOMATIC, visibility=ALWAYS, testCase=TestCaseDTO[testName=null, id=186]], FeedbackDTO[id=194, text=null, detailText=The class 'Context' was not found within the submission. Make sure to implement it properly., hasLongFeedbackText=false, reference=null, credits=0.0, positive=false, type=AUTOMATIC, visibility=ALWAYS, testCase=TestCaseDTO[testName=null, id=187]], FeedbackDTO[id=195, text=null, detailText=The exercise expects a class with the name Policy in the package testpackage. You did not implement the class in the exercise., hasLongFeedbackText=false, reference=null, credits=0.0, positive=false, type=AUTOMATIC, visibility=ALWAYS, testCase=TestCaseDTO[testName=null, id=181]], FeedbackDTO[id=196, text=null, detailText=The exercise expects a class with the name Context in the package testpackage. You did not implement the class in the exercise., hasLongFeedbackText=false, reference=null, credits=0.0, positive=false, type=AUTOMATIC, visibility=ALWAYS, testCase=TestCaseDTO[testName=null, id=177]], FeedbackDTO[id=197, text=null, detailText=The exercise expects a class with the name Policy in the package testpackage. You did not implement the class in the exercise., hasLongFeedbackText=false, reference=null, credits=0.0, positive=false, type=AUTOMATIC, visibility=ALWAYS, testCase=TestCaseDTO[testName=null, id=178]], FeedbackDTO[id=198, text=null, detailText=null, hasLongFeedbackText=false, reference=null, credits=3.230769230769231, positive=true, type=AUTOMATIC, visibility=ALWAYS, testCase=TestCaseDTO[testName=null, id=188]]], assessmentType=AUTOMATIC, hasComplaint=null, exampleResult=null, testCaseCount=13, passedTestCaseCount=1, codeIssueCount=0]]], publicSshKey=ssh-rsa AAAAB3NzaC1yc2EAAAADAQABAAACAQCOPdMsxRE2jFJ/UEa5/LsBxtwzJcrh3/rYBCQvcMeVpiRfhzQPWu7mrt/G2Ew+i+vRloGH9aqKg6dd1liRncao53Zmd/ePxoatXePNhmzTfkCkcSkTUz7B+QMjkoDDV5jwuFPD6mF3JkhuzSi64n9Zy905t4w2IhVcjM2mL3eYNjiCXt6Qpq3Pkt7dM/Ksw1nxnvuiIALuJLB3FTkXkHqq3PJav+9HSq2r6ZaWgekneaGxlQlb+U+Vy3XOuArKAzK8c8i+0bR+AHiTG6ncYXt7ax3U+TdlDTF7OLP3umwaYjs1NBXOHwG42pevvpKn2fqavZZozk+M05jXLx3bq0O7itxfErWc7etky8qYPyyIMF/txQIVLd78+Ze4d7Y60t5MGbXM5cGE6fFif5fEJwgswXD+BrG0cafz1CTatjSKFdvp8Vp4VszXhHDan1PrP6JEFJ5Cc5GDmLRZPCFa3vL9f5qXgf4bkqKN8MYeEujwJE5nMRWoiJVNakix2bcrrneQMBlnYeYZVWXXXUusAQBzl4NgddC1umZpihZkL1b1MffZAUW3EGEXi7KHnllQhkTLLsQ8ntMgbylqaJKStqaXlLvdeRJcEnUuiFCrHEVVbXRFZR7XVDZ02CE5o3MuaRPty8Kh+jRTF3COlAckHwYEJCNNJvXFgb2CNXL4mjzYDw== test@localhost]
    23:43:24.881 | 566 localvc.event-13 | DEBUG | s.l.LocalCIWebsocketMessagingService : Sending message on topic /topic/admin/build-agents: [BuildAgentInformation[buildAgent=BuildAgentDTO[name=artemis-build-agent-test, memberAddress=[127.0.0.1]:5703, displayName=artemis-build-agent-test], maxNumberOfConcurrentBuildJobs=1, numberOfCurrentBuildJobs=1, runningBuildJobs=[BuildJobQueueItem[id=5031739576604847, name=SHORT00FA1A240403404C7E097D7007C591BE2AB1TSTEXC-LOCALCIINTSTUDENT1, buildAgent=BuildAgentDTO[name=artemis-build-agent-test, memberAddress=[127.0.0.1]:5703, displayName=artemis-build-agent-test], participationId=503, courseId=161, exerciseId=312, retryCount=0, priority=2, status=null, repositoryInfo=RepositoryInfo[repositoryName=short00fa1a240403404c7e097d7007c591be2ab1tstexc-localciintstudent1, repositoryType=user, triggeredByPushTo=user, assignmentRepositoryUri=, testRepositoryUri=, solutionRepositoryUri=, auxiliaryRepositoryUris=null, auxiliaryRepositoryCheckoutDirectories=null], jobTimingInfo=JobTimingInfo[submissionDate=2025-02-14T23:43:24.847396156Z[Etc/UTC], buildStartDate=2025-02-14T23:43:24.860457211Z[Etc/UTC], buildCompletionDate=null, estimatedCompletionDate=2025-02-14T23:43:46.860451490Z[Etc/UTC], estimatedDuration=22], buildConfig=BuildConfig[buildScript=, dockerImage=, commitHashToBuild=9690714a509af0a98c6790a7e52ee3574c7ef689, assignmentCommitHash=, testCommitHash=, branch=, programmingLanguage=null, projectType=null, scaEnabled=false, sequentialTestRunsEnabled=false, resultPaths=null, timeoutSeconds=0, assignmentCheckoutPath=, testCheckoutPath=, solutionCheckoutPath=, dockerRunConfig=null], submissionResult=null]], status=ACTIVE, recentBuildJobs=null, publicSshKey=null]]
    23:43:24.883 | 566 localvc.event-13 | DEBUG | s.l.LocalCIWebsocketMessagingService : Sending message on topic /topic/admin/build-agent/artemis-build-agent-test: BuildAgentInformation[buildAgent=BuildAgentDTO[name=artemis-build-agent-test, memberAddress=[127.0.0.1]:5703, displayName=artemis-build-agent-test], maxNumberOfConcurrentBuildJobs=1, numberOfCurrentBuildJobs=1, runningBuildJobs=[BuildJobQueueItem[id=5031739576604847, name=SHORT00FA1A240403404C7E097D7007C591BE2AB1TSTEXC-LOCALCIINTSTUDENT1, buildAgent=BuildAgentDTO[name=artemis-build-agent-test, memberAddress=[127.0.0.1]:5703, displayName=artemis-build-agent-test], participationId=503, courseId=161, exerciseId=312, retryCount=0, priority=2, status=null, repositoryInfo=RepositoryInfo[repositoryName=short00fa1a240403404c7e097d7007c591be2ab1tstexc-localciintstudent1, repositoryType=user, triggeredByPushTo=user, assignmentRepositoryUri=http://localhost:49152/git/SHORT00FA1A240403404C7E097D7007C591BE2AB1TSTEXC/short00fa1a240403404c7e097d7007c591be2ab1tstexc-localciintstudent1.git, testRepositoryUri=http://localhost:49152/git/SHORT00FA1A240403404C7E097D7007C591BE2AB1TSTEXC/short00fa1a240403404c7e097d7007c591be2ab1tstexc-tests.git, solutionRepositoryUri=null, auxiliaryRepositoryUris=[Ljava.lang.String;@5d2385f9, auxiliaryRepositoryCheckoutDirectories=[Ljava.lang.String;@3fded17a], jobTimingInfo=JobTimingInfo[submissionDate=2025-02-14T23:43:24.847396156Z[Etc/UTC], buildStartDate=2025-02-14T23:43:24.860457211Z[Etc/UTC], buildCompletionDate=null, estimatedCompletionDate=2025-02-14T23:43:46.860451490Z[Etc/UTC], estimatedDuration=22], buildConfig=BuildConfig[buildScript=#!/bin/bash
cd /var/tmp/testing-dir
chmod +x ./gradlew
./gradlew clean test
, dockerImage=dummy-docker-image:latest, commitHashToBuild=9690714a509af0a98c6790a7e52ee3574c7ef689, assignmentCommitHash=9690714a509af0a98c6790a7e52ee3574c7ef689, testCommitHash=9690714a509af0a98c6790a7e52ee3574c7ef689, branch=main, programmingLanguage=JAVA, projectType=PLAIN_GRADLE, scaEnabled=false, sequentialTestRunsEnabled=false, resultPaths=[/var/tmp/testing-dir/**/test-results/test/*.xml], timeoutSeconds=0, assignmentCheckoutPath=null, testCheckoutPath=null, solutionCheckoutPath=null, dockerRunConfig=null], submissionResult=null]], status=ACTIVE, recentBuildJobs=[BuildJobQueueItem[id=4621739576562326, name=SHORT43ACF76B02BC1044B80938509D14043FABDETSTEXC-LOCALCIINTSTUDENT1, buildAgent=BuildAgentDTO[name=artemis-build-agent-test, memberAddress=[127.0.0.1]:5703, displayName=artemis-build-agent-test], participationId=462, courseId=147, exerciseId=298, retryCount=0, priority=2, status=SUCCESSFUL, repositoryInfo=RepositoryInfo[repositoryName=short43acf76b02bc1044b80938509d14043fabdetstexc-localciintstudent1, repositoryType=user, triggeredByPushTo=user, assignmentRepositoryUri=http://localhost:49152/git/SHORT43ACF76B02BC1044B80938509D14043FABDETSTEXC/short43acf76b02bc1044b80938509d14043fabdetstexc-localciintstudent1.git, testRepositoryUri=http://localhost:49152/git/SHORT43ACF76B02BC1044B80938509D14043FABDETSTEXC/short43acf76b02bc1044b80938509d14043fabdetstexc-tests.git, solutionRepositoryUri=null, auxiliaryRepositoryUris=[Ljava.lang.String;@584804ea, auxiliaryRepositoryCheckoutDirectories=[Ljava.lang.String;@d03b179], jobTimingInfo=JobTimingInfo[submissionDate=2025-02-14T23:42:42.326978596Z[Etc/UTC], buildStartDate=2025-02-14T23:42:42.420147010Z[Etc/UTC], buildCompletionDate=2025-02-14T23:42:45.573855829Z[Etc/UTC], estimatedCompletionDate=2025-02-14T23:43:01.420129377Z[Etc/UTC], estimatedDuration=19], buildConfig=BuildConfig[buildScript=#!/bin/bash
cd /var/tmp/testing-dir
chmod +x ./gradlew
./gradlew clean test
, dockerImage=dummy-docker-image:latest, commitHashToBuild=a9c717ccf7bcbe9531d3eee21dbaeb5aab2ff971, assignmentCommitHash=a9c717ccf7bcbe9531d3eee21dbaeb5aab2ff971, testCommitHash=a9c717ccf7bcbe9531d3eee21dbaeb5aab2ff971, branch=main, programmingLanguage=JAVA, projectType=PLAIN_GRADLE, scaEnabled=false, sequentialTestRunsEnabled=false, resultPaths=[/var/tmp/testing-dir/**/test-results/test/*.xml], timeoutSeconds=0, assignmentCheckoutPath=null, testCheckoutPath=null, solutionCheckoutPath=null, dockerRunConfig=DockerRunConfig[isNetworkDisabled=true, env=[key=value]]], submissionResult=ResultDTO[id=132, completionDate=2025-02-14T23:42:45.519869118Z[Etc/UTC], successful=false, score=7.7, rated=true, submission=SubmissionDTO[id=119, submitted=true, type=MANUAL, exampleSubmission=null, submissionDate=2025-02-14T23:42:42.302762Z, commitHash=a9c717ccf7bcbe9531d3eee21dbaeb5aab2ff971, buildFailed=false, buildArtifact=false, participation=ParticipationDTO[id=462, testRun=false, type=programming, submissionCount=null, exercise=ParticipationExerciseDTO[id=298, exerciseType=PROGRAMMING, type=programming, assessmentType=AUTOMATIC, dueDate=2025-02-16T23:42:41.553955Z, assessmentDueDate=null, maxPoints=42.0, course=CourseDTO[id=147, accuracyOfScores=1]]], submissionExerciseType=programming, isProcessing=false, buildStartDate=null, estimatedCompletionDate=null], participation=ParticipationDTO[id=462, testRun=false, type=programming, submissionCount=null, exercise=ParticipationExerciseDTO[id=298, exerciseType=PROGRAMMING, type=programming, assessmentType=AUTOMATIC, dueDate=2025-02-16T23:42:41.553955Z, assessmentDueDate=null, maxPoints=42.0, course=CourseDTO[id=147, accuracyOfScores=1]]], feedbacks=[FeedbackDTO[id=67, text=null, detailText=The exercise expects a class with the name Context in the package testpackage. You did not implement the class in the exercise., hasLongFeedbackText=false, reference=null, credits=0.0, positive=false, type=AUTOMATIC, visibility=ALWAYS, testCase=TestCaseDTO[testName=null, id=13]], FeedbackDTO[id=68, text=null, detailText=The exercise expects a class with the name Policy in the package testpackage. You did not implement the class in the exercise., hasLongFeedbackText=false, reference=null, credits=0.0, positive=false, type=AUTOMATIC, visibility=ALWAYS, testCase=TestCaseDTO[testName=null, id=14]], FeedbackDTO[id=69, text=null, detailText=The exercise expects a class with the name SortStrategy in the package testpackage. You did not implement the class in the exercise., hasLongFeedbackText=false, reference=null, credits=0.0, positive=false, type=AUTOMATIC, visibility=ALWAYS, testCase=TestCaseDTO[testName=null, id=15]], FeedbackDTO[id=70, text=null, detailText=The class 'MergeSort' does not implement the interface 'SortStrategy' as expected. Implement the interface and its methods., hasLongFeedbackText=false, reference=null, credits=0.0, positive=false, type=AUTOMATIC, visibility=ALWAYS, testCase=TestCaseDTO[testName=null, id=10]], FeedbackDTO[id=71, text=null, detailText=The exercise expects a class with the name SortStrategy in the package testpackage. You did not implement the class in the exercise., hasLongFeedbackText=false, reference=null, credits=0.0, positive=false, type=AUTOMATIC, visibility=ALWAYS, testCase=TestCaseDTO[testName=null, id=7]], FeedbackDTO[id=72, text=null, detailText=The class 'BubbleSort' does not implement the interface 'SortStrategy' as expected. Implement the interface and its methods., hasLongFeedbackText=false, reference=null, credits=0.0, positive=false, type=AUTOMATIC, visibility=ALWAYS, testCase=TestCaseDTO[testName=null, id=11]], FeedbackDTO[id=73, text=null, detailText=MergeSort does not sort correctly, hasLongFeedbackText=false, reference=null, credits=0.0, positive=false, type=AUTOMATIC, visibility=ALWAYS, testCase=TestCaseDTO[testName=null, id=16]], FeedbackDTO[id=74, text=null, detailText=The class 'Context' was not found within the submission. Make sure to implement it properly., hasLongFeedbackText=false, reference=null, credits=0.0, positive=false, type=AUTOMATIC, visibility=ALWAYS, testCase=TestCaseDTO[testName=null, id=17]], FeedbackDTO[id=75, text=null, detailText=The class 'Context' was not found within the submission. Make sure to implement it properly., hasLongFeedbackText=false, reference=null, credits=0.0, positive=false, type=AUTOMATIC, visibility=ALWAYS, testCase=TestCaseDTO[testName=null, id=18]], FeedbackDTO[id=76, text=null, detailText=The exercise expects a class with the name Policy in the package testpackage. You did not implement the class in the exercise., hasLongFeedbackText=false, reference=null, credits=0.0, positive=false, type=AUTOMATIC, visibility=ALWAYS, testCase=TestCaseDTO[testName=null, id=12]], FeedbackDTO[id=77, text=null, detailText=The exercise expects a class with the name Context in the package testpackage. You did not implement the class in the exercise., hasLongFeedbackText=false, reference=null, credits=0.0, positive=false, type=AUTOMATIC, visibility=ALWAYS, testCase=TestCaseDTO[testName=null, id=8]], FeedbackDTO[id=78, text=null, detailText=The exercise expects a class with the name Policy in the package testpackage. You did not implement the class in the exercise., hasLongFeedbackText=false, reference=null, credits=0.0, positive=false, type=AUTOMATIC, visibility=ALWAYS, testCase=TestCaseDTO[testName=null, id=9]], FeedbackDTO[id=79, text=null, detailText=null, hasLongFeedbackText=false, reference=null, credits=3.230769230769231, positive=true, type=AUTOMATIC, visibility=ALWAYS, testCase=TestCaseDTO[testName=null, id=19]]], assessmentType=AUTOMATIC, hasComplaint=null, exampleResult=null, testCaseCount=13, passedTestCaseCount=1, codeIssueCount=0]], BuildJobQueueItem[id=4651739576569330, name=SHORTB06DD3F905F4604F6E085260D83ED657A6DFTSTEXC-LOCALCIINTSTUDENT1, buildAgent=BuildAgentDTO[name=artemis-build-agent-test, memberAddress=[127.0.0.1]:5703, displayName=artemis-build-agent-test], participationId=465, courseId=148, exerciseId=299, retryCount=0, priority=2, status=SUCCESSFUL, repositoryInfo=RepositoryInfo[repositoryName=shortb06dd3f905f4604f6e085260d83ed657a6dftstexc-localciintstudent1, repositoryType=user, triggeredByPushTo=user, assignmentRepositoryUri=http://localhost:49152/git/SHORTB06DD3F905F4604F6E085260D83ED657A6DFTSTEXC/shortb06dd3f905f4604f6e085260d83ed657a6dftstexc-localciintstudent1.git, testRepositoryUri=http://localhost:49152/git/SHORTB06DD3F905F4604F6E085260D83ED657A6DFTSTEXC/shortb06dd3f905f4604f6e085260d83ed657a6dftstexc-tests.git, solutionRepositoryUri=null, auxiliaryRepositoryUris=[Ljava.lang.String;@4ccef16d, auxiliaryRepositoryCheckoutDirectories=[Ljava.lang.String;@5d2bc8f], jobTimingInfo=JobTimingInfo[submissionDate=2025-02-14T23:42:49.330093960Z[Etc/UTC], buildStartDate=2025-02-14T23:42:49.347797345Z[Etc/UTC], buildCompletionDate=2025-02-14T23:42:51.204319751Z[Etc/UTC], estimatedCompletionDate=2025-02-14T23:43:08.347788449Z[Etc/UTC], estimatedDuration=19], buildConfig=BuildConfig[buildScript=#!/bin/bash
cd /var/tmp/testing-dir
chmod +x ./gradlew
./gradlew clean test
, dockerImage=dummy-docker-image:latest, commitHashToBuild=41581fff25954d36cf07586926ee0c77d1003131, assignmentCommitHash=41581fff25954d36cf07586926ee0c77d1003131, testCommitHash=41581fff25954d36cf07586926ee0c77d1003131, branch=main, programmingLanguage=JAVA, projectType=PLAIN_GRADLE, scaEnabled=false, sequentialTestRunsEnabled=false, resultPaths=[/var/tmp/testing-dir/**/test-results/test/*.xml], timeoutSeconds=0, assignmentCheckoutPath=null, testCheckoutPath=null, solutionCheckoutPath=null, dockerRunConfig=null], submissionResult=ResultDTO[id=133, completionDate=2025-02-14T23:42:51.155372920Z[Etc/UTC], successful=false, score=7.7, rated=true, submission=SubmissionDTO[id=120, submitted=true, type=MANUAL, exampleSubmission=null, submissionDate=2025-02-14T23:42:49.321855Z, commitHash=41581fff25954d36cf07586926ee0c77d1003131, buildFailed=false, buildArtifact=false, participation=ParticipationDTO[id=465, testRun=false, type=programming, submissionCount=null, exercise=ParticipationExerciseDTO[id=299, exerciseType=PROGRAMMING, type=programming, assessmentType=AUTOMATIC, dueDate=2025-02-16T23:42:49.163661Z, assessmentDueDate=null, maxPoints=42.0, course=CourseDTO[id=148, accuracyOfScores=1]]], submissionExerciseType=programming, isProcessing=false, buildStartDate=null, estimatedCompletionDate=null], participation=ParticipationDTO[id=465, testRun=false, type=programming, submissionCount=null, exercise=ParticipationExerciseDTO[id=299, exerciseType=PROGRAMMING, type=programming, assessmentType=AUTOMATIC, dueDate=2025-02-16T23:42:49.163661Z, assessmentDueDate=null, maxPoints=42.0, course=CourseDTO[id=148, accuracyOfScores=1]]], feedbacks=[FeedbackDTO[id=80, text=null, detailText=The exercise expects a class with the name Context in the package testpackage. You did not implement the class in the exercise., hasLongFeedbackText=false, reference=null, credits=0.0, positive=false, type=AUTOMATIC, visibility=ALWAYS, testCase=TestCaseDTO[testName=null, id=26]], FeedbackDTO[id=81, text=null, detailText=The exercise expects a class with the name Policy in the package testpackage. You did not implement the class in the exercise., hasLongFeedbackText=false, reference=null, credits=0.0, positive=false, type=AUTOMATIC, visibility=ALWAYS, testCase=TestCaseDTO[testName=null, id=27]], FeedbackDTO[id=82, text=null, detailText=The exercise expects a class with the name SortStrategy in the package testpackage. You did not implement the class in the exercise., hasLongFeedbackText=false, reference=null, credits=0.0, positive=false, type=AUTOMATIC, visibility=ALWAYS, testCase=TestCaseDTO[testName=null, id=28]], FeedbackDTO[id=83, text=null, detailText=The class 'MergeSort' does not implement the interface 'SortStrategy' as expected. Implement the interface and its methods., hasLongFeedbackText=false, reference=null, credits=0.0, positive=false, type=AUTOMATIC, visibility=ALWAYS, testCase=TestCaseDTO[testName=null, id=23]], FeedbackDTO[id=84, text=null, detailText=The exercise expects a class with the name SortStrategy in the package testpackage. You did not implement the class in the exercise., hasLongFeedbackText=false, reference=null, credits=0.0, positive=false, type=AUTOMATIC, visibility=ALWAYS, testCase=TestCaseDTO[testName=null, id=20]], FeedbackDTO[id=85, text=null, detailText=The class 'BubbleSort' does not implement the interface 'SortStrategy' as expected. Implement the interface and its methods., hasLongFeedbackText=false, reference=null, credits=0.0, positive=false, type=AUTOMATIC, visibility=ALWAYS, testCase=TestCaseDTO[testName=null, id=24]], FeedbackDTO[id=86, text=null, detailText=MergeSort does not sort correctly, hasLongFeedbackText=false, reference=null, credits=0.0, positive=false, type=AUTOMATIC, visibility=ALWAYS, testCase=TestCaseDTO[testName=null, id=29]], FeedbackDTO[id=87, text=null, detailText=The class 'Context' was not found within the submission. Make sure to implement it properly., hasLongFeedbackText=false, reference=null, credits=0.0, positive=false, type=AUTOMATIC, visibility=ALWAYS, testCase=TestCaseDTO[testName=null, id=30]], FeedbackDTO[id=88, text=null, detailText=The class 'Context' was not found within the submission. Make sure to implement it properly., hasLongFeedbackText=false, reference=null, credits=0.0, positive=false, type=AUTOMATIC, visibility=ALWAYS, testCase=TestCaseDTO[testName=null, id=31]], FeedbackDTO[id=89, text=null, detailText=The exercise expects a class with the name Policy in the package testpackage. You did not implement the class in the exercise., hasLongFeedbackText=false, reference=null, credits=0.0, positive=false, type=AUTOMATIC, visibility=ALWAYS, testCase=TestCaseDTO[testName=null, id=25]], FeedbackDTO[id=90, text=null, detailText=The exercise expects a class with the name Context in the package testpackage. You did not implement the class in the exercise., hasLongFeedbackText=false, reference=null, credits=0.0, positive=false, type=AUTOMATIC, visibility=ALWAYS, testCase=TestCaseDTO[testName=null, id=21]], FeedbackDTO[id=91, text=null, detailText=The exercise expects a class with the name Policy in the package testpackage. You did not implement the class in the exercise., hasLongFeedbackText=false, reference=null, credits=0.0, positive=false, type=AUTOMATIC, visibility=ALWAYS, testCase=TestCaseDTO[testName=null, id=22]], FeedbackDTO[id=92, text=null, detailText=null, hasLongFeedbackText=false, reference=null, credits=3.230769230769231, positive=true, type=AUTOMATIC, visibility=ALWAYS, testCase=TestCaseDTO[testName=null, id=32]]], assessmentType=AUTOMATIC, hasComplaint=null, exampleResult=null, testCaseCount=13, passedTestCaseCount=1, codeIssueCount=0]], BuildJobQueueItem[id=4681739576573068, name=SHORTBCF65534040390488B0A46605F5F3776B89ATSTEXC-LOCALCIINTSTUDENT1, buildAgent=BuildAgentDTO[name=artemis-build-agent-test, memberAddress=[127.0.0.1]:5703, displayName=artemis-build-agent-test], participationId=468, courseId=149, exerciseId=300, retryCount=0, priority=2, status=SUCCESSFUL, repositoryInfo=RepositoryInfo[repositoryName=shortbcf65534040390488b0a46605f5f3776b89atstexc-localciintstudent1, repositoryType=user, triggeredByPushTo=user, assignmentRepositoryUri=http://localhost:49152/git/SHORTBCF65534040390488B0A46605F5F3776B89ATSTEXC/shortbcf65534040390488b0a46605f5f3776b89atstexc-localciintstudent1.git, testRepositoryUri=http://localhost:49152/git/SHORTBCF65534040390488B0A46605F5F3776B89ATSTEXC/shortbcf65534040390488b0a46605f5f3776b89atstexc-tests.git, solutionRepositoryUri=null, auxiliaryRepositoryUris=[Ljava.lang.String;@1da5978b, auxiliaryRepositoryCheckoutDirectories=[Ljava.lang.String;@d3d753f], jobTimingInfo=JobTimingInfo[submissionDate=2025-02-14T23:42:53.068019209Z[Etc/UTC], buildStartDate=2025-02-14T23:42:53.092867394Z[Etc/UTC], buildCompletionDate=2025-02-14T23:42:55.086950323Z[Etc/UTC], estimatedCompletionDate=2025-02-14T23:43:12.092858828Z[Etc/UTC], estimatedDuration=19], buildConfig=BuildConfig[buildScript=#!/bin/bash
cd /var/tmp/testing-dir
chmod +x ./gradlew
./gradlew clean test
, dockerImage=dummy-docker-image:latest, commitHashToBuild=2d5c0482fc77d3f5ec0841962528a43054e83170, assignmentCommitHash=2d5c0482fc77d3f5ec0841962528a43054e83170, testCommitHash=7477e25d56ce5fee2c938542a7e7ed4ed085d373, branch=main, programmingLanguage=JAVA, projectType=PLAIN_GRADLE, scaEnabled=false, sequentialTestRunsEnabled=false, resultPaths=[/var/tmp/testing-dir/**/test-results/test/*.xml], timeoutSeconds=0, assignmentCheckoutPath=null, testCheckoutPath=null, solutionCheckoutPath=null, dockerRunConfig=null], submissionResult=ResultDTO[id=134, completionDate=2025-02-14T23:42:55.059618627Z[Etc/UTC], successful=false, score=7.7, rated=true, submission=SubmissionDTO[id=121, submitted=true, type=MANUAL, exampleSubmission=null, submissionDate=2025-02-14T23:42:53.048221Z, commitHash=2d5c0482fc77d3f5ec0841962528a43054e83170, buildFailed=false, buildArtifact=false, participation=ParticipationDTO[id=468, testRun=false, type=programming, submissionCount=null, exercise=ParticipationExerciseDTO[id=300, exerciseType=PROGRAMMING, type=programming, assessmentType=AUTOMATIC, dueDate=2025-02-16T23:42:52.873722Z, assessmentDueDate=null, maxPoints=42.0, course=CourseDTO[id=149, accuracyOfScores=1]]], submissionExerciseType=programming, isProcessing=false, buildStartDate=null, estimatedCompletionDate=null], participation=ParticipationDTO[id=468, testRun=false, type=programming, submissionCount=null, exercise=ParticipationExerciseDTO[id=300, exerciseType=PROGRAMMING, type=programming, assessmentType=AUTOMATIC, dueDate=2025-02-16T23:42:52.873722Z, assessmentDueDate=null, maxPoints=42.0, course=CourseDTO[id=149, accuracyOfScores=1]]], feedbacks=[FeedbackDTO[id=93, text=null, detailText=The exercise expects a class with the name Context in the package testpackage. You did not implement the class in the exercise., hasLongFeedbackText=false, reference=null, credits=0.0, positive=false, type=AUTOMATIC, visibility=ALWAYS, testCase=TestCaseDTO[testName=null, id=39]], FeedbackDTO[id=94, text=null, detailText=The exercise expects a class with the name Policy in the package testpackage. You did not implement the class in the exercise., hasLongFeedbackText=false, reference=null, credits=0.0, positive=false, type=AUTOMATIC, visibility=ALWAYS, testCase=TestCaseDTO[testName=null, id=40]], FeedbackDTO[id=95, text=null, detailText=The exercise expects a class with the name SortStrategy in the package testpackage. You did not implement the class in the exercise., hasLongFeedbackText=false, reference=null, credits=0.0, positive=false, type=AUTOMATIC, visibility=ALWAYS, testCase=TestCaseDTO[testName=null, id=41]], FeedbackDTO[id=96, text=null, detailText=The class 'MergeSort' does not implement the interface 'SortStrategy' as expected. Implement the interface and its methods., hasLongFeedbackText=false, reference=null, credits=0.0, positive=false, type=AUTOMATIC, visibility=ALWAYS, testCase=TestCaseDTO[testName=null, id=36]], FeedbackDTO[id=97, text=null, detailText=The exercise expects a class with the name SortStrategy in the package testpackage. You did not implement the class in the exercise., hasLongFeedbackText=false, reference=null, credits=0.0, positive=false, type=AUTOMATIC, visibility=ALWAYS, testCase=TestCaseDTO[testName=null, id=33]], FeedbackDTO[id=98, text=null, detailText=The class 'BubbleSort' does not implement the interface 'SortStrategy' as expected. Implement the interface and its methods., hasLongFeedbackText=false, reference=null, credits=0.0, positive=false, type=AUTOMATIC, visibility=ALWAYS, testCase=TestCaseDTO[testName=null, id=37]], FeedbackDTO[id=99, text=null, detailText=MergeSort does not sort correctly, hasLongFeedbackText=false, reference=null, credits=0.0, positive=false, type=AUTOMATIC, visibility=ALWAYS, testCase=TestCaseDTO[testName=null, id=42]], FeedbackDTO[id=100, text=null, detailText=The class 'Context' was not found within the submission. Make sure to implement it properly., hasLongFeedbackText=false, reference=null, credits=0.0, positive=false, type=AUTOMATIC, visibility=ALWAYS, testCase=TestCaseDTO[testName=null, id=43]], FeedbackDTO[id=101, text=null, detailText=The class 'Context' was not found within the submission. Make sure to implement it properly., hasLongFeedbackText=false, reference=null, credits=0.0, positive=false, type=AUTOMATIC, visibility=ALWAYS, testCase=TestCaseDTO[testName=null, id=44]], FeedbackDTO[id=102, text=null, detailText=The exercise expects a class with the name Policy in the package testpackage. You did not implement the class in the exercise., hasLongFeedbackText=false, reference=null, credits=0.0, positive=false, type=AUTOMATIC, visibility=ALWAYS, testCase=TestCaseDTO[testName=null, id=38]], FeedbackDTO[id=103, text=null, detailText=The exercise expects a class with the name Context in the package testpackage. You did not implement the class in the exercise., hasLongFeedbackText=false, reference=null, credits=0.0, positive=false, type=AUTOMATIC, visibility=ALWAYS, testCase=TestCaseDTO[testName=null, id=34]], FeedbackDTO[id=104, text=null, detailText=The exercise expects a class with the name Policy in the package testpackage. You did not implement the class in the exercise., hasLongFeedbackText=false, reference=null, credits=0.0, positive=false, type=AUTOMATIC, visibility=ALWAYS, testCase=TestCaseDTO[testName=null, id=35]], FeedbackDTO[id=105, text=null, detailText=null, hasLongFeedbackText=false, reference=null, credits=3.230769230769231, positive=true, type=AUTOMATIC, visibility=ALWAYS, testCase=TestCaseDTO[testName=null, id=45]]], assessmentType=AUTOMATIC, hasComplaint=null, exampleResult=null, testCaseCount=13, passedTestCaseCount=1, codeIssueCount=0]], BuildJobQueueItem[id=4741739576577297, name=SHORT88A9A223023E2047B709E4A029FA08BCF2CFTSTEXC-LOCALCIINTSTUDENT1, buildAgent=BuildAgentDTO[name=artemis-build-agent-test, memberAddress=[127.0.0.1]:5703, displayName=artemis-build-agent-test], participationId=474, courseId=151, exerciseId=302, retryCount=0, priority=2, status=SUCCESSFUL, repositoryInfo=RepositoryInfo[repositoryName=short88a9a223023e2047b709e4a029fa08bcf2cftstexc-localciintstudent1, repositoryType=user, triggeredByPushTo=user, assignmentRepositoryUri=http://localhost:49152/git/SHORT88A9A223023E2047B709E4A029FA08BCF2CFTSTEXC/short88a9a223023e2047b709e4a029fa08bcf2cftstexc-localciintstudent1.git, testRepositoryUri=http://localhost:49152/git/SHORT88A9A223023E2047B709E4A029FA08BCF2CFTSTEXC/short88a9a223023e2047b709e4a029fa08bcf2cftstexc-tests.git, solutionRepositoryUri=null, auxiliaryRepositoryUris=[Ljava.lang.String;@36c3b86c, auxiliaryRepositoryCheckoutDirectories=[Ljava.lang.String;@26e54cff], jobTimingInfo=JobTimingInfo[submissionDate=2025-02-14T23:42:57.297342281Z[Etc/UTC], buildStartDate=2025-02-14T23:42:57.308570327Z[Etc/UTC], buildCompletionDate=2025-02-14T23:42:59.047616654Z[Etc/UTC], estimatedCompletionDate=2025-02-14T23:43:16.308558064Z[Etc/UTC], estimatedDuration=19], buildConfig=BuildConfig[buildScript=#!/bin/bash
cd /var/tmp/testing-dir
chmod +x ./gradlew
./gradlew clean test
, dockerImage=dummy-docker-image:latest, commitHashToBuild=736cbea1e46d6849b41266b2bf1cccd3b9ea55b1, assignmentCommitHash=736cbea1e46d6849b41266b2bf1cccd3b9ea55b1, testCommitHash=ea6267edd396a304305339b036512b63e0374c66, branch=main, programmingLanguage=JAVA, projectType=PLAIN_GRADLE, scaEnabled=false, sequentialTestRunsEnabled=false, resultPaths=[/var/tmp/testing-dir/**/test-results/test/*.xml], timeoutSeconds=0, assignmentCheckoutPath=null, testCheckoutPath=null, solutionCheckoutPath=null, dockerRunConfig=null], submissionResult=ResultDTO[id=135, completionDate=2025-02-14T23:42:59.014168821Z[Etc/UTC], successful=false, score=7.7, rated=true, submission=SubmissionDTO[id=123, submitted=true, type=MANUAL, exampleSubmission=null, submissionDate=2025-02-14T23:42:57.278471Z, commitHash=736cbea1e46d6849b41266b2bf1cccd3b9ea55b1, buildFailed=false, buildArtifact=false, participation=ParticipationDTO[id=474, testRun=false, type=programming, submissionCount=null, exercise=ParticipationExerciseDTO[id=302, exerciseType=PROGRAMMING, type=programming, assessmentType=AUTOMATIC, dueDate=2025-02-16T23:42:56.796251Z, assessmentDueDate=null, maxPoints=42.0, course=CourseDTO[id=151, accuracyOfScores=1]]], submissionExerciseType=programming, isProcessing=false, buildStartDate=null, estimatedCompletionDate=null], participation=ParticipationDTO[id=474, testRun=false, type=programming, submissionCount=null, exercise=ParticipationExerciseDTO[id=302, exerciseType=PROGRAMMING, type=programming, assessmentType=AUTOMATIC, dueDate=2025-02-16T23:42:56.796251Z, assessmentDueDate=null, maxPoints=42.0, course=CourseDTO[id=151, accuracyOfScores=1]]], feedbacks=[FeedbackDTO[id=106, text=null, detailText=The exercise expects a class with the name Context in the package testpackage. You did not implement the class in the exercise., hasLongFeedbackText=false, reference=null, credits=0.0, positive=false, type=AUTOMATIC, visibility=ALWAYS, testCase=TestCaseDTO[testName=null, id=65]], FeedbackDTO[id=107, text=null, detailText=The exercise expects a class with the name Policy in the package testpackage. You did not implement the class in the exercise., hasLongFeedbackText=false, reference=null, credits=0.0, positive=false, type=AUTOMATIC, visibility=ALWAYS, testCase=TestCaseDTO[testName=null, id=66]], FeedbackDTO[id=108, text=null, detailText=The exercise expects a class with the name SortStrategy in the package testpackage. You did not implement the class in the exercise., hasLongFeedbackText=false, reference=null, credits=0.0, positive=false, type=AUTOMATIC, visibility=ALWAYS, testCase=TestCaseDTO[testName=null, id=67]], FeedbackDTO[id=109, text=null, detailText=The class 'MergeSort' does not implement the interface 'SortStrategy' as expected. Implement the interface and its methods., hasLongFeedbackText=false, reference=null, credits=0.0, positive=false, type=AUTOMATIC, visibility=ALWAYS, testCase=TestCaseDTO[testName=null, id=62]], FeedbackDTO[id=110, text=null, detailText=The exercise expects a class with the name SortStrategy in the package testpackage. You did not implement the class in the exercise., hasLongFeedbackText=false, reference=null, credits=0.0, positive=false, type=AUTOMATIC, visibility=ALWAYS, testCase=TestCaseDTO[testName=null, id=59]], FeedbackDTO[id=111, text=null, detailText=The class 'BubbleSort' does not implement the interface 'SortStrategy' as expected. Implement the interface and its methods., hasLongFeedbackText=false, reference=null, credits=0.0, positive=false, type=AUTOMATIC, visibility=ALWAYS, testCase=TestCaseDTO[testName=null, id=63]], FeedbackDTO[id=112, text=null, detailText=MergeSort does not sort correctly, hasLongFeedbackText=false, reference=null, credits=0.0, positive=false, type=AUTOMATIC, visibility=ALWAYS, testCase=TestCaseDTO[testName=null, id=68]], FeedbackDTO[id=113, text=null, detailText=The class 'Context' was not found within the submission. Make sure to implement it properly., hasLongFeedbackText=false, reference=null, credits=0.0, positive=false, type=AUTOMATIC, visibility=ALWAYS, testCase=TestCaseDTO[testName=null, id=69]], FeedbackDTO[id=114, text=null, detailText=The class 'Context' was not found within the submission. Make sure to implement it properly., hasLongFeedbackText=false, reference=null, credits=0.0, positive=false, type=AUTOMATIC, visibility=ALWAYS, testCase=TestCaseDTO[testName=null, id=70]], FeedbackDTO[id=115, text=null, detailText=The exercise expects a class with the name Policy in the package testpackage. You did not implement the class in the exercise., hasLongFeedbackText=false, reference=null, credits=0.0, positive=false, type=AUTOMATIC, visibility=ALWAYS, testCase=TestCaseDTO[testName=null, id=64]], FeedbackDTO[id=116, text=null, detailText=The exercise expects a class with the name Context in the package testpackage. You did not implement the class in the exercise., hasLongFeedbackText=false, reference=null, credits=0.0, positive=false, type=AUTOMATIC, visibility=ALWAYS, testCase=TestCaseDTO[testName=null, id=60]], FeedbackDTO[id=117, text=null, detailText=The exercise expects a class with the name Policy in the package testpackage. You did not implement the class in the exercise., hasLongFeedbackText=false, reference=null, credits=0.0, positive=false, type=AUTOMATIC, visibility=ALWAYS, testCase=TestCaseDTO[testName=null, id=61]], FeedbackDTO[id=118, text=null, detailText=null, hasLongFeedbackText=false, reference=null, credits=3.230769230769231, positive=true, type=AUTOMATIC, visibility=ALWAYS, testCase=TestCaseDTO[testName=null, id=71]]], assessmentType=AUTOMATIC, hasComplaint=null, exampleResult=null, testCaseCount=13, passedTestCaseCount=1, codeIssueCount=0]], BuildJobQueueItem[id=4771739576580898, name=SHORT51E611E30D6B60466F0B8BA0AA97F58888C2TSTEXC-LOCALCIINTSTUDENT1, buildAgent=BuildAgentDTO[name=artemis-build-agent-test, memberAddress=[127.0.0.1]:5703, displayName=artemis-build-agent-test], participationId=477, courseId=152, exerciseId=303, retryCount=0, priority=2, status=SUCCESSFUL, repositoryInfo=RepositoryInfo[repositoryName=short51e611e30d6b60466f0b8ba0aa97f58888c2tstexc-localciintstudent1, repositoryType=user, triggeredByPushTo=user, assignmentRepositoryUri=http://localhost:49152/git/SHORT51E611E30D6B60466F0B8BA0AA97F58888C2TSTEXC/short51e611e30d6b60466f0b8ba0aa97f58888c2tstexc-localciintstudent1.git, testRepositoryUri=http://localhost:49152/git/SHORT51E611E30D6B60466F0B8BA0AA97F58888C2TSTEXC/short51e611e30d6b60466f0b8ba0aa97f58888c2tstexc-tests.git, solutionRepositoryUri=null, auxiliaryRepositoryUris=[Ljava.lang.String;@174d9e67, auxiliaryRepositoryCheckoutDirectories=[Ljava.lang.String;@71bf953c], jobTimingInfo=JobTimingInfo[submissionDate=2025-02-14T23:43:00.898532688Z[Etc/UTC], buildStartDate=2025-02-14T23:43:00.905733056Z[Etc/UTC], buildCompletionDate=2025-02-14T23:43:02.692768910Z[Etc/UTC], estimatedCompletionDate=2025-02-14T23:43:19.905720463Z[Etc/UTC], estimatedDuration=19], buildConfig=BuildConfig[buildScript=#!/bin/bash
cd /var/tmp/testing-dir
chmod +x ./gradlew
./gradlew clean test
, dockerImage=dummy-docker-image:latest, commitHashToBuild=8f3057cbd462f5e3de4e6ba85115f60d8dbb5aea, assignmentCommitHash=8f3057cbd462f5e3de4e6ba85115f60d8dbb5aea, testCommitHash=8f3057cbd462f5e3de4e6ba85115f60d8dbb5aea, branch=main, programmingLanguage=JAVA, projectType=PLAIN_GRADLE, scaEnabled=true, sequentialTestRunsEnabled=false, resultPaths=[/var/tmp/testing-dir/**/test-results/test/*.xml], timeoutSeconds=0, assignmentCheckoutPath=null, testCheckoutPath=null, solutionCheckoutPath=null, dockerRunConfig=null], submissionResult=ResultDTO[id=136, completionDate=2025-02-14T23:43:02.637820510Z[Etc/UTC], successful=false, score=7.7, rated=true, submission=SubmissionDTO[id=124, submitted=true, type=MANUAL, exampleSubmission=null, submissionDate=2025-02-14T23:43:00.886601Z, commitHash=8f3057cbd462f5e3de4e6ba85115f60d8dbb5aea, buildFailed=false, buildArtifact=false, participation=ParticipationDTO[id=477, testRun=false, type=programming, submissionCount=null, exercise=ParticipationExerciseDTO[id=303, exerciseType=PROGRAMMING, type=programming, assessmentType=AUTOMATIC, dueDate=2025-02-16T23:43:00.631824Z, assessmentDueDate=null, maxPoints=42.0, course=CourseDTO[id=152, accuracyOfScores=1]]], submissionExerciseType=programming, isProcessing=false, buildStartDate=null, estimatedCompletionDate=null], participation=ParticipationDTO[id=477, testRun=false, type=programming, submissionCount=null, exercise=ParticipationExerciseDTO[id=303, exerciseType=PROGRAMMING, type=programming, assessmentType=AUTOMATIC, dueDate=2025-02-16T23:43:00.631824Z, assessmentDueDate=null, maxPoints=42.0, course=CourseDTO[id=152, accuracyOfScores=1]]], feedbacks=[FeedbackDTO[id=119, text=null, detailText=The exercise expects a class with the name Context in the package testpackage. You did not implement the class in the exercise., hasLongFeedbackText=false, reference=null, credits=0.0, positive=false, type=AUTOMATIC, visibility=ALWAYS, testCase=TestCaseDTO[testName=null, id=78]], FeedbackDTO[id=120, text=null, detailText=The exercise expects a class with the name Policy in the package testpackage. You did not implement the class in the exercise., hasLongFeedbackText=false, reference=null, credits=0.0, positive=false, type=AUTOMATIC, visibility=ALWAYS, testCase=TestCaseDTO[testName=null, id=79]], FeedbackDTO[id=121, text=null, detailText=The exercise expects a class with the name SortStrategy in the package testpackage. You did not implement the class in the exercise., hasLongFeedbackText=false, reference=null, credits=0.0, positive=false, type=AUTOMATIC, visibility=ALWAYS, testCase=TestCaseDTO[testName=null, id=80]], FeedbackDTO[id=122, text=null, detailText=The class 'MergeSort' does not implement the interface 'SortStrategy' as expected. Implement the interface and its methods., hasLongFeedbackText=false, reference=null, credits=0.0, positive=false, type=AUTOMATIC, visibility=ALWAYS, testCase=TestCaseDTO[testName=null, id=75]], FeedbackDTO[id=123, text=null, detailText=The exercise expects a class with the name SortStrategy in the package testpackage. You did not implement the class in the exercise., hasLongFeedbackText=false, reference=null, credits=0.0, positive=false, type=AUTOMATIC, visibility=ALWAYS, testCase=TestCaseDTO[testName=null, id=72]], FeedbackDTO[id=124, text=null, detailText=The class 'BubbleSort' does not implement the interface 'SortStrategy' as expected. Implement the interface and its methods., hasLongFeedbackText=false, reference=null, credits=0.0, positive=false, type=AUTOMATIC, visibility=ALWAYS, testCase=TestCaseDTO[testName=null, id=76]], FeedbackDTO[id=125, text=null, detailText=MergeSort does not sort correctly, hasLongFeedbackText=false, reference=null, credits=0.0, positive=false, type=AUTOMATIC, visibility=ALWAYS, testCase=TestCaseDTO[testName=null, id=81]], FeedbackDTO[id=126, text=null, detailText=The class 'Context' was not found within the submission. Make sure to implement it properly., hasLongFeedbackText=false, reference=null, credits=0.0, positive=false, type=AUTOMATIC, visibility=ALWAYS, testCase=TestCaseDTO[testName=null, id=82]], FeedbackDTO[id=127, text=null, detailText=The class 'Context' was not found within the submission. Make sure to implement it properly., hasLongFeedbackText=false, reference=null, credits=0.0, positive=false, type=AUTOMATIC, visibility=ALWAYS, testCase=TestCaseDTO[testName=null, id=83]], FeedbackDTO[id=128, text=null, detailText=The exercise expects a class with the name Policy in the package testpackage. You did not implement the class in the exercise., hasLongFeedbackText=false, reference=null, credits=0.0, positive=false, type=AUTOMATIC, visibility=ALWAYS, testCase=TestCaseDTO[testName=null, id=77]], FeedbackDTO[id=129, text=null, detailText=The exercise expects a class with the name Context in the package testpackage. You did not implement the class in the exercise., hasLongFeedbackText=false, reference=null, credits=0.0, positive=false, type=AUTOMATIC, visibility=ALWAYS, testCase=TestCaseDTO[testName=null, id=73]], FeedbackDTO[id=130, text=null, detailText=The exercise expects a class with the name Policy in the package testpackage. You did not implement the class in the exercise., hasLongFeedbackText=false, reference=null, credits=0.0, positive=false, type=AUTOMATIC, visibility=ALWAYS, testCase=TestCaseDTO[testName=null, id=74]], FeedbackDTO[id=131, text=null, detailText=null, hasLongFeedbackText=false, reference=null, credits=3.230769230769231, positive=true, type=AUTOMATIC, visibility=ALWAYS, testCase=TestCaseDTO[testName=null, id=84]], FeedbackDTO[id=132, text=SCAFeedbackIdentifier:Bad Practice, detailText={"filePath":"src/code/Client.java","startLine":6,"endLine":6,"startColumn":1,"endColumn":26,"rule":"UnusedImports","category":"Best Practices","message":"Avoid unused imports such as 'javax.swing.JFrame'","priority":"4"}, hasLongFeedbackText=false, reference=PMD, credits=0.0, positive=false, type=AUTOMATIC, visibility=null, testCase=null], FeedbackDTO[id=133, text=SCAFeedbackIdentifier:Code Style, detailText={"filePath":"src/code/Client.java","startLine":7,"endLine":7,"startColumn":1,"endColumn":19,"rule":"DontImportJavaLang","category":"Code Style","message":"Avoid importing anything from the package java.lang","priority":"4"}, hasLongFeedbackText=false, reference=PMD, credits=0.0, positive=false, type=AUTOMATIC, visibility=null, testCase=null], FeedbackDTO[id=134, text=SCAFeedbackIdentifier:Bad Practice, detailText={"filePath":"src/code/Client.java","startLine":7,"endLine":7,"startColumn":1,"endColumn":19,"rule":"UnusedImports","category":"Best Practices","message":"Avoid unused imports such as 'java.lang'","priority":"4"}, hasLongFeedbackText=false, reference=PMD, credits=0.0, positive=false, type=AUTOMATIC, visibility=null, testCase=null], FeedbackDTO[id=135, text=SCAFeedbackIdentifier:Bad Practice, detailText={"filePath":"src/code/Client.java","startLine":73,"endLine":73,"startColumn":18,"endColumn":27,"rule":"UnusedLocalVariable","category":"Best Practices","message":"Avoid unused local variables such as 'randomDate'.","priority":"3"}, hasLongFeedbackText=false, reference=PMD, credits=0.0, positive=false, type=AUTOMATIC, visibility=null, testCase=null], FeedbackDTO[id=136, text=SCAFeedbackIdentifier:Bad Practice, detailText={"filePath":"src/code/Client.java","startLine":81,"endLine":81,"startColumn":31,"endColumn":53,"rule":"UnusedPrivateMethod","category":"Best Practices","message":"Avoid unused private methods such as 'CreateRandomDatesList()'.","priority":"3"}, hasLongFeedbackText=false, reference=PMD, credits=0.0, positive=false, type=AUTOMATIC, visibility=null, testCase=null], FeedbackDTO[id=137, text=SCAFeedbackIdentifier:Potential Bugs, detailText={"filePath":"src/code/Client.java","startLine":94,"endLine":94,"startColumn":9,"endColumn":9,"rule":"EmptyStatementNotInLoop","category":"Error Prone","message":"An empty statement (semicolon) not part of a loop","priority":"3"}, hasLongFeedbackText=false, reference=PMD, credits=0.0, positive=false, type=AUTOMATIC, visibility=null, testCase=null], FeedbackDTO[id=138, text=SCAFeedbackIdentifier:Potential Bugs, detailText={"filePath":"src/code/Client.java","startLine":94,"endLine":94,"startColumn":10,"endColumn":10,"rule":"EmptyStatementNotInLoop","category":"Error Prone","message":"An empty statement (semicolon) not part of a loop","priority":"3"}, hasLongFeedbackText=false, reference=PMD, credits=0.0, positive=false, type=AUTOMATIC, visibility=null, testCase=null], FeedbackDTO[id=139, text=SCAFeedbackIdentifier:Potential Bugs, detailText={"filePath":"src/code/Client.java","startLine":94,"endLine":94,"startColumn":11,"endColumn":11,"rule":"EmptyStatementNotInLoop","category":"Error Prone","message":"An empty statement (semicolon) not part of a loop","priority":"3"}, hasLongFeedbackText=false, reference=PMD, credits=0.0, positive=false, type=AUTOMATIC, visibility=null, testCase=null], FeedbackDTO[id=140, text=SCAFeedbackIdentifier:Code Style, detailText={"filePath":"src/code/Client.java","startLine":73,"endLine":73,"rule":"DLS_DEAD_LOCAL_STORE","category":"STYLE","message":"Dead store to randomDate in code.Client.createRandomDatesList()","priority":"2"}, hasLongFeedbackText=false, reference=SPOTBUGS, credits=0.0, positive=false, type=AUTOMATIC, visibility=null, testCase=null], FeedbackDTO[id=141, text=SCAFeedbackIdentifier:Bad Practice, detailText={"filePath":"src/code/Client.java","startLine":82,"endLine":95,"rule":"NM_METHOD_NAMING_CONVENTION","category":"BAD_PRACTICE","message":"The method name code.Client.CreateRandomDatesList() doesn't start with a lower case letter","priority":"3"}, hasLongFeedbackText=false, reference=SPOTBUGS, credits=0.0, positive=false, type=AUTOMATIC, visibility=null, testCase=null], FeedbackDTO[id=142, text=SCAFeedbackIdentifier:Performance, detailText={"filePath":"src/code/Client.java","startLine":82,"endLine":95,"rule":"UPM_UNCALLED_PRIVATE_METHOD","category":"PERFORMANCE","message":"Private method code.Client.CreateRandomDatesList() is never called","priority":"2"}, hasLongFeedbackText=false, reference=SPOTBUGS, credits=0.0, positive=false, type=AUTOMATIC, visibility=null, testCase=null], FeedbackDTO[id=143, text=SCAFeedbackIdentifier:Code Style, detailText={"filePath":"src/code/Client.java","startLine":70,"endLine":70,"startColumn":9,"endColumn":9,"rule":"NeedBracesCheck","category":"blocks","message":"'for' construct must use '{}'s.","priority":"error"}, hasLongFeedbackText=false, reference=CHECKSTYLE, credits=0.0, positive=false, type=AUTOMATIC, visibility=null, testCase=null], FeedbackDTO[id=144, text=SCAFeedbackIdentifier:Code Style, detailText={"filePath":"src/code/Client.java","startLine":93,"endLine":93,"startColumn":9,"endColumn":9,"rule":"EmptyStatementCheck","category":"coding","message":"Empty statement.","priority":"error"}, hasLongFeedbackText=false, reference=CHECKSTYLE, credits=0.0, positive=false, type=AUTOMATIC, visibility=null, testCase=null], FeedbackDTO[id=145, text=SCAFeedbackIdentifier:Code Style, detailText={"filePath":"src/code/Client.java","startLine":93,"endLine":93,"startColumn":10,"endColumn":10,"rule":"EmptyStatementCheck","category":"coding","message":"Empty statement.","priority":"error"}, hasLongFeedbackText=false, reference=CHECKSTYLE, credits=0.0, positive=false, type=AUTOMATIC, visibility=null, testCase=null], FeedbackDTO[id=146, text=SCAFeedbackIdentifier:Code Style, detailText={"filePath":"src/code/Client.java","startLine":93,"endLine":93,"startColumn":11,"endColumn":11,"rule":"EmptyStatementCheck","category":"coding","message":"Empty statement.","priority":"error"}, hasLongFeedbackText=false, reference=CHECKSTYLE, credits=0.0, positive=false, type=AUTOMATIC, visibility=null, testCase=null]], assessmentType=AUTOMATIC, hasComplaint=null, exampleResult=null, testCaseCount=13, passedTestCaseCount=1, codeIssueCount=15]], BuildJobQueueItem[id=4821739576584632, name=SHORT433BAC4500363044960B6E10DFA0493471B2TSTEXC-LOCALCIINTSTUDENT1, buildAgent=BuildAgentDTO[name=artemis-build-agent-test, memberAddress=[127.0.0.1]:5703, displayName=artemis-build-agent-test], participationId=482, courseId=154, exerciseId=305, retryCount=0, priority=2, status=SUCCESSFUL, repositoryInfo=RepositoryInfo[repositoryName=short433bac4500363044960b6e10dfa0493471b2tstexc-localciintstudent1, repositoryType=user, triggeredByPushTo=user, assignmentRepositoryUri=http://localhost:49152/git/SHORT433BAC4500363044960B6E10DFA0493471B2TSTEXC/short433bac4500363044960b6e10dfa0493471b2tstexc-localciintstudent1.git, testRepositoryUri=http://localhost:49152/git/SHORT433BAC4500363044960B6E10DFA0493471B2TSTEXC/short433bac4500363044960b6e10dfa0493471b2tstexc-tests.git, solutionRepositoryUri=null, auxiliaryRepositoryUris=[Ljava.lang.String;@5a9453bf, auxiliaryRepositoryCheckoutDirectories=[Ljava.lang.String;@561a7ea6], jobTimingInfo=JobTimingInfo[submissionDate=2025-02-14T23:43:04.632341258Z[Etc/UTC], buildStartDate=2025-02-14T23:43:04.637633457Z[Etc/UTC], buildCompletionDate=2025-02-14T23:43:06.421238953Z[Etc/UTC], estimatedCompletionDate=2025-02-14T23:43:23.637623879Z[Etc/UTC], estimatedDuration=19], buildConfig=BuildConfig[buildScript=#!/bin/bash
cd /var/tmp/testing-dir
chmod +x ./gradlew
./gradlew clean test
, dockerImage=dummy-docker-image:latest, commitHashToBuild=8355c4f3cd5d3e0443707d3310206e460e333c6f, assignmentCommitHash=8355c4f3cd5d3e0443707d3310206e460e333c6f, testCommitHash=8355c4f3cd5d3e0443707d3310206e460e333c6f, branch=main, programmingLanguage=JAVA, projectType=PLAIN_GRADLE, scaEnabled=false, sequentialTestRunsEnabled=false, resultPaths=[/var/tmp/testing-dir/**/test-results/test/*.xml], timeoutSeconds=0, assignmentCheckoutPath=null, testCheckoutPath=null, solutionCheckoutPath=null, dockerRunConfig=null], submissionResult=ResultDTO[id=137, completionDate=2025-02-14T23:43:06.404877412Z[Etc/UTC], successful=false, score=7.7, rated=true, submission=SubmissionDTO[id=125, submitted=true, type=MANUAL, exampleSubmission=null, submissionDate=2025-02-14T23:43:04.623230Z, commitHash=8355c4f3cd5d3e0443707d3310206e460e333c6f, buildFailed=false, buildArtifact=false, participation=ParticipationDTO[id=482, testRun=false, type=programming, submissionCount=null, exercise=ParticipationExerciseDTO[id=305, exerciseType=PROGRAMMING, type=programming, assessmentType=AUTOMATIC, dueDate=2025-02-16T23:43:04.425734Z, assessmentDueDate=null, maxPoints=42.0, course=CourseDTO[id=154, accuracyOfScores=1]]], submissionExerciseType=programming, isProcessing=false, buildStartDate=null, estimatedCompletionDate=null], participation=ParticipationDTO[id=482, testRun=false, type=programming, submissionCount=null, exercise=ParticipationExerciseDTO[id=305, exerciseType=PROGRAMMING, type=programming, assessmentType=AUTOMATIC, dueDate=2025-02-16T23:43:04.425734Z, assessmentDueDate=null, maxPoints=42.0, course=CourseDTO[id=154, accuracyOfScores=1]]], feedbacks=[FeedbackDTO[id=147, text=null, detailText=The exercise expects a class with the name Context in the package testpackage. You did not implement the class in the exercise., hasLongFeedbackText=false, reference=null, credits=0.0, positive=false, type=AUTOMATIC, visibility=ALWAYS, testCase=TestCaseDTO[testName=null, id=104]], FeedbackDTO[id=148, text=null, detailText=The exercise expects a class with the name Policy in the package testpackage. You did not implement the class in the exercise., hasLongFeedbackText=false, reference=null, credits=0.0, positive=false, type=AUTOMATIC, visibility=ALWAYS, testCase=TestCaseDTO[testName=null, id=105]], FeedbackDTO[id=149, text=null, detailText=The exercise expects a class with the name SortStrategy in the package testpackage. You did not implement the class in the exercise., hasLongFeedbackText=false, reference=null, credits=0.0, positive=false, type=AUTOMATIC, visibility=ALWAYS, testCase=TestCaseDTO[testName=null, id=106]], FeedbackDTO[id=150, text=null, detailText=The class 'MergeSort' does not implement the interface 'SortStrategy' as expected. Implement the interface and its methods., hasLongFeedbackText=false, reference=null, credits=0.0, positive=false, type=AUTOMATIC, visibility=ALWAYS, testCase=TestCaseDTO[testName=null, id=101]], FeedbackDTO[id=151, text=null, detailText=The exercise expects a class with the name SortStrategy in the package testpackage. You did not implement the class in the exercise., hasLongFeedbackText=false, reference=null, credits=0.0, positive=false, type=AUTOMATIC, visibility=ALWAYS, testCase=TestCaseDTO[testName=null, id=98]], FeedbackDTO[id=152, text=null, detailText=The class 'BubbleSort' does not implement the interface 'SortStrategy' as expected. Implement the interface and its methods., hasLongFeedbackText=false, reference=null, credits=0.0, positive=false, type=AUTOMATIC, visibility=ALWAYS, testCase=TestCaseDTO[testName=null, id=102]], FeedbackDTO[id=153, text=null, detailText=MergeSort does not sort correctly, hasLongFeedbackText=false, reference=null, credits=0.0, positive=false, type=AUTOMATIC, visibility=ALWAYS, testCase=TestCaseDTO[testName=null, id=107]], FeedbackDTO[id=154, text=null, detailText=The class 'Context' was not found within the submission. Make sure to implement it properly., hasLongFeedbackText=false, reference=null, credits=0.0, positive=false, type=AUTOMATIC, visibility=ALWAYS, testCase=TestCaseDTO[testName=null, id=108]], FeedbackDTO[id=155, text=null, detailText=The class 'Context' was not found within the submission. Make sure to implement it properly., hasLongFeedbackText=false, reference=null, credits=0.0, positive=false, type=AUTOMATIC, visibility=ALWAYS, testCase=TestCaseDTO[testName=null, id=109]], FeedbackDTO[id=156, text=null, detailText=The exercise expects a class with the name Policy in the package testpackage. You did not implement the class in the exercise., hasLongFeedbackText=false, reference=null, credits=0.0, positive=false, type=AUTOMATIC, visibility=ALWAYS, testCase=TestCaseDTO[testName=null, id=103]], FeedbackDTO[id=157, text=null, detailText=The exercise expects a class with the name Context in the package testpackage. You did not implement the class in the exercise., hasLongFeedbackText=false, reference=null, credits=0.0, positive=false, type=AUTOMATIC, visibility=ALWAYS, testCase=TestCaseDTO[testName=null, id=99]], FeedbackDTO[id=158, text=null, detailText=The exercise expects a class with the name Policy in the package testpackage. You did not implement the class in the exercise., hasLongFeedbackText=false, reference=null, credits=0.0, positive=false, type=AUTOMATIC, visibility=ALWAYS, testCase=TestCaseDTO[testName=null, id=100]], FeedbackDTO[id=159, text=null, detailText=null, hasLongFeedbackText=false, reference=null, credits=3.230769230769231, positive=true, type=AUTOMATIC, visibility=ALWAYS, testCase=TestCaseDTO[testName=null, id=110]]], assessmentType=AUTOMATIC, hasComplaint=null, exampleResult=null, testCaseCount=13, passedTestCaseCount=1, codeIssueCount=0]], BuildJobQueueItem[id=4851739576588371, name=SHORT495D587A0856D04A9E08BC60D2E08365FB9ETSTEXC-LOCALCIINTSTUDENT1, buildAgent=BuildAgentDTO[name=artemis-build-agent-test, memberAddress=[127.0.0.1]:5703, displayName=artemis-build-agent-test], participationId=485, courseId=155, exerciseId=306, retryCount=0, priority=2, status=FAILED, repositoryInfo=RepositoryInfo[repositoryName=short495d587a0856d04a9e08bc60d2e08365fb9etstexc-localciintstudent1, repositoryType=user, triggeredByPushTo=user, assignmentRepositoryUri=http://localhost:49152/git/SHORT495D587A0856D04A9E08BC60D2E08365FB9ETSTEXC/short495d587a0856d04a9e08bc60d2e08365fb9etstexc-localciintstudent1.git, testRepositoryUri=http://localhost:49152/git/SHORT495D587A0856D04A9E08BC60D2E08365FB9ETSTEXC/short495d587a0856d04a9e08bc60d2e08365fb9etstexc-tests.git, solutionRepositoryUri=null, auxiliaryRepositoryUris=[Ljava.lang.String;@2d5f7ca4, auxiliaryRepositoryCheckoutDirectories=[Ljava.lang.String;@20441a46], jobTimingInfo=JobTimingInfo[submissionDate=2025-02-14T23:43:08.371015915Z[Etc/UTC], buildStartDate=2025-02-14T23:43:08.374658929Z[Etc/UTC], buildCompletionDate=2025-02-14T23:43:09.341007666Z[Etc/UTC], estimatedCompletionDate=2025-02-14T23:43:27.374650503Z[Etc/UTC], estimatedDuration=19], buildConfig=BuildConfig[buildScript=#!/bin/bash
cd /var/tmp/testing-dir
chmod +x ./gradlew
./gradlew clean test
, dockerImage=dummy-docker-image:latest, commitHashToBuild=ebb8aa4dc3625fe07e975266e18313ad871ce864, assignmentCommitHash=9b3a9bd71a0d80e5bbc42204c319ed3d1d4f0d6d, testCommitHash=9b3a9bd71a0d80e5bbc42204c319ed3d1d4f0d6d, branch=main, programmingLanguage=JAVA, projectType=PLAIN_GRADLE, scaEnabled=false, sequentialTestRunsEnabled=false, resultPaths=[/var/tmp/testing-dir/**/test-results/test/*.xml], timeoutSeconds=0, assignmentCheckoutPath=null, testCheckoutPath=null, solutionCheckoutPath=null, dockerRunConfig=null], submissionResult=ResultDTO[id=138, completionDate=2025-02-14T23:43:09.343306574Z[Etc/UTC], successful=false, score=0.0, rated=true, submission=SubmissionDTO[id=127, submitted=true, type=MANUAL, exampleSubmission=null, submissionDate=2025-02-14T23:43:09.343306574Z[Etc/UTC], commitHash=9b3a9bd71a0d80e5bbc42204c319ed3d1d4f0d6d, buildFailed=true, buildArtifact=false, participation=ParticipationDTO[id=485, testRun=false, type=programming, submissionCount=null, exercise=ParticipationExerciseDTO[id=306, exerciseType=PROGRAMMING, type=programming, assessmentType=AUTOMATIC, dueDate=2025-02-16T23:43:08.185273Z, assessmentDueDate=null, maxPoints=42.0, course=CourseDTO[id=155, accuracyOfScores=1]]], submissionExerciseType=programming, isProcessing=false, buildStartDate=null, estimatedCompletionDate=null], participation=ParticipationDTO[id=485, testRun=false, type=programming, submissionCount=null, exercise=ParticipationExerciseDTO[id=306, exerciseType=PROGRAMMING, type=programming, assessmentType=AUTOMATIC, dueDate=2025-02-16T23:43:08.185273Z, assessmentDueDate=null, maxPoints=42.0, course=CourseDTO[id=155, accuracyOfScores=1]]], feedbacks=[], assessmentType=AUTOMATIC, hasComplaint=null, exampleResult=null, testCaseCount=0, passedTestCaseCount=0, codeIssueCount=0]], BuildJobQueueItem[id=4881739576590204, name=SHORT80B5DD0E0D6B304EBB096E9020B949996A1CTSTEXC-LOCALCIINTSTUDENT1, buildAgent=BuildAgentDTO[name=artemis-build-agent-test, memberAddress=[127.0.0.1]:5703, displayName=artemis-build-agent-test], participationId=488, courseId=156, exerciseId=307, retryCount=0, priority=2, status=SUCCESSFUL, repositoryInfo=RepositoryInfo[repositoryName=short80b5dd0e0d6b304ebb096e9020b949996a1ctstexc-localciintstudent1, repositoryType=user, triggeredByPushTo=user, assignmentRepositoryUri=http://localhost:49152/git/SHORT80B5DD0E0D6B304EBB096E9020B949996A1CTSTEXC/short80b5dd0e0d6b304ebb096e9020b949996a1ctstexc-localciintstudent1.git, testRepositoryUri=http://localhost:49152/git/SHORT80B5DD0E0D6B304EBB096E9020B949996A1CTSTEXC/short80b5dd0e0d6b304ebb096e9020b949996a1ctstexc-tests.git, solutionRepositoryUri=null, auxiliaryRepositoryUris=[Ljava.lang.String;@5835bc5a, auxiliaryRepositoryCheckoutDirectories=[Ljava.lang.String;@5ddf16b4], jobTimingInfo=JobTimingInfo[submissionDate=2025-02-14T23:43:10.204264160Z[Etc/UTC], buildStartDate=2025-02-14T23:43:10.223149139Z[Etc/UTC], buildCompletionDate=2025-02-14T23:43:12.086509109Z[Etc/UTC], estimatedCompletionDate=2025-02-14T23:43:29.223142246Z[Etc/UTC], estimatedDuration=19], buildConfig=BuildConfig[buildScript=#!/bin/bash
cd /var/tmp/testing-dir
chmod +x ./gradlew
./gradlew clean test
, dockerImage=dummy-docker-image:latest, commitHashToBuild=b806a93102242552beed7c01b08b2769731814b3, assignmentCommitHash=b806a93102242552beed7c01b08b2769731814b3, testCommitHash=b806a93102242552beed7c01b08b2769731814b3, branch=main, programmingLanguage=JAVA, projectType=PLAIN_GRADLE, scaEnabled=false, sequentialTestRunsEnabled=false, resultPaths=[/var/tmp/testing-dir/**/test-results/test/*.xml], timeoutSeconds=0, assignmentCheckoutPath=null, testCheckoutPath=null, solutionCheckoutPath=null, dockerRunConfig=null], submissionResult=ResultDTO[id=139, completionDate=2025-02-14T23:43:12.066436124Z[Etc/UTC], successful=false, score=0.0, rated=true, submission=SubmissionDTO[id=128, submitted=true, type=MANUAL, exampleSubmission=null, submissionDate=2025-02-14T23:43:10.192407Z, commitHash=b806a93102242552beed7c01b08b2769731814b3, buildFailed=true, buildArtifact=false, participation=ParticipationDTO[id=488, testRun=false, type=programming, submissionCount=null, exercise=ParticipationExerciseDTO[id=307, exerciseType=PROGRAMMING, type=programming, assessmentType=AUTOMATIC, dueDate=2025-02-16T23:43:09.986646Z, assessmentDueDate=null, maxPoints=42.0, course=CourseDTO[id=156, accuracyOfScores=1]]], submissionExerciseType=programming, isProcessing=false, buildStartDate=null, estimatedCompletionDate=null], participation=ParticipationDTO[id=488, testRun=false, type=programming, submissionCount=null, exercise=ParticipationExerciseDTO[id=307, exerciseType=PROGRAMMING, type=programming, assessmentType=AUTOMATIC, dueDate=2025-02-16T23:43:09.986646Z, assessmentDueDate=null, maxPoints=42.0, course=CourseDTO[id=156, accuracyOfScores=1]]], feedbacks=[], assessmentType=AUTOMATIC, hasComplaint=null, exampleResult=null, testCaseCount=0, passedTestCaseCount=0, codeIssueCount=0]], BuildJobQueueItem[id=4911739576593817, name=SHORT585B2198089880462509B3007867E72DFB7ATSTEXC-LOCALCIINTSTUDENT1, buildAgent=BuildAgentDTO[name=artemis-build-agent-test, memberAddress=[127.0.0.1]:5703, displayName=artemis-build-agent-test], participationId=491, courseId=157, exerciseId=308, retryCount=0, priority=2, status=SUCCESSFUL, repositoryInfo=RepositoryInfo[repositoryName=short585b2198089880462509b3007867e72dfb7atstexc-localciintstudent1, repositoryType=user, triggeredByPushTo=user, assignmentRepositoryUri=http://localhost:49152/git/SHORT585B2198089880462509B3007867E72DFB7ATSTEXC/short585b2198089880462509b3007867e72dfb7atstexc-localciintstudent1.git, testRepositoryUri=http://localhost:49152/git/SHORT585B2198089880462509B3007867E72DFB7ATSTEXC/short585b2198089880462509b3007867e72dfb7atstexc-tests.git, solutionRepositoryUri=null, auxiliaryRepositoryUris=[Ljava.lang.String;@bb3fbf7, auxiliaryRepositoryCheckoutDirectories=[Ljava.lang.String;@b2556ed], jobTimingInfo=JobTimingInfo[submissionDate=2025-02-14T23:43:13.817124706Z[Etc/UTC], buildStartDate=2025-02-14T23:43:13.834335931Z[Etc/UTC], buildCompletionDate=2025-02-14T23:43:15.746259139Z[Etc/UTC], estimatedCompletionDate=2025-02-14T23:43:32.834326082Z[Etc/UTC], estimatedDuration=19], buildConfig=BuildConfig[buildScript=#!/bin/bash
cd /var/tmp/testing-dir
chmod +x ./gradlew
./gradlew clean test
, dockerImage=dummy-docker-image:latest, commitHashToBuild=42077d078a5d5042fe2d4bd8299a990d342fce6e, assignmentCommitHash=42077d078a5d5042fe2d4bd8299a990d342fce6e, testCommitHash=42077d078a5d5042fe2d4bd8299a990d342fce6e, branch=main, programmingLanguage=JAVA, projectType=PLAIN_GRADLE, scaEnabled=false, sequentialTestRunsEnabled=false, resultPaths=[/var/tmp/testing-dir/**/test-results/test/*.xml], timeoutSeconds=0, assignmentCheckoutPath=null, testCheckoutPath=null, solutionCheckoutPath=null, dockerRunConfig=null], submissionResult=ResultDTO[id=140, completionDate=2025-02-14T23:43:15.725343914Z[Etc/UTC], successful=false, score=0.0, rated=true, submission=SubmissionDTO[id=129, submitted=true, type=MANUAL, exampleSubmission=null, submissionDate=2025-02-14T23:43:13.805401Z, commitHash=42077d078a5d5042fe2d4bd8299a990d342fce6e, buildFailed=false, buildArtifact=false, participation=ParticipationDTO[id=491, testRun=false, type=programming, submissionCount=null, exercise=ParticipationExerciseDTO[id=308, exerciseType=PROGRAMMING, type=programming, assessmentType=AUTOMATIC, dueDate=2025-02-16T23:43:13.569213Z, assessmentDueDate=null, maxPoints=42.0, course=CourseDTO[id=157, accuracyOfScores=1]]], submissionExerciseType=programming, isProcessing=false, buildStartDate=null, estimatedCompletionDate=null], participation=ParticipationDTO[id=491, testRun=false, type=programming, submissionCount=null, exercise=ParticipationExerciseDTO[id=308, exerciseType=PROGRAMMING, type=programming, assessmentType=AUTOMATIC, dueDate=2025-02-16T23:43:13.569213Z, assessmentDueDate=null, maxPoints=42.0, course=CourseDTO[id=157, accuracyOfScores=1]]], feedbacks=[FeedbackDTO[id=160, text=null, detailText=Deine Einreichung enthält keine Ausgabe. (67cac2), hasLongFeedbackText=false, reference=null, credits=0.0, positive=false, type=AUTOMATIC, visibility=ALWAYS, testCase=TestCaseDTO[testName=null, id=146]], FeedbackDTO[id=161, text=null, detailText=test `add` failed on ≥ 1 cases:
(0, 0)
Your submission raised an error Failure("TODO add"), hasLongFeedbackText=false, reference=null, credits=0.0, positive=false, type=AUTOMATIC, visibility=ALWAYS, testCase=TestCaseDTO[testName=null, id=149]], FeedbackDTO[id=162, text=null, detailText=test `filter` failed on ≥ 1 cases:
(even, [1; 2; 3; 4])
Your submission raised an error Failure("TODO filter"), hasLongFeedbackText=false, reference=null, credits=0.0, positive=false, type=AUTOMATIC, visibility=ALWAYS, testCase=TestCaseDTO[testName=null, id=148]], FeedbackDTO[id=163, text=null, detailText=Test was not executed., hasLongFeedbackText=false, reference=null, credits=0.0, positive=null, type=AUTOMATIC, visibility=null, testCase=TestCaseDTO[testName=null, id=137]], FeedbackDTO[id=164, text=null, detailText=Test was not executed., hasLongFeedbackText=false, reference=null, credits=0.0, positive=null, type=AUTOMATIC, visibility=null, testCase=TestCaseDTO[testName=null, id=138]], FeedbackDTO[id=165, text=null, detailText=Test was not executed., hasLongFeedbackText=false, reference=null, credits=0.0, positive=null, type=AUTOMATIC, visibility=null, testCase=TestCaseDTO[testName=null, id=139]], FeedbackDTO[id=166, text=null, detailText=Test was not executed., hasLongFeedbackText=false, reference=null, credits=0.0, positive=null, type=AUTOMATIC, visibility=null, testCase=TestCaseDTO[testName=null, id=140]], FeedbackDTO[id=167, text=null, detailText=Test was not executed., hasLongFeedbackText=false, reference=null, credits=0.0, positive=null, type=AUTOMATIC, visibility=null, testCase=TestCaseDTO[testName=null, id=141]], FeedbackDTO[id=168, text=null, detailText=Test was not executed., hasLongFeedbackText=false, reference=null, credits=0.0, positive=null, type=AUTOMATIC, visibility=null, testCase=TestCaseDTO[testName=null, id=142]], FeedbackDTO[id=169, text=null, detailText=Test was not executed., hasLongFeedbackText=false, reference=null, credits=0.0, positive=null, type=AUTOMATIC, visibility=null, testCase=TestCaseDTO[testName=null, id=143]], FeedbackDTO[id=170, text=null, detailText=Test was not executed., hasLongFeedbackText=false, reference=null, credits=0.0, positive=null, type=AUTOMATIC, visibility=null, testCase=TestCaseDTO[testName=null, id=144]], FeedbackDTO[id=171, text=null, detailText=Test was not executed., hasLongFeedbackText=false, reference=null, credits=0.0, positive=null, type=AUTOMATIC, visibility=null, testCase=TestCaseDTO[testName=null, id=145]], FeedbackDTO[id=172, text=null, detailText=Test was not executed., hasLongFeedbackText=false, reference=null, credits=0.0, positive=null, type=AUTOMATIC, visibility=null, testCase=TestCaseDTO[testName=null, id=147]]], assessmentType=AUTOMATIC, hasComplaint=null, exampleResult=null, testCaseCount=13, passedTestCaseCount=0, codeIssueCount=0]], BuildJobQueueItem[id=4941739576597286, name=SHORTFBCBD7BF0E6EB0451A080E80FCB407DC1F12TSTEXC-LOCALCIINTSTUDENT1, buildAgent=BuildAgentDTO[name=artemis-build-agent-test, memberAddress=[127.0.0.1]:5703, displayName=artemis-build-agent-test], participationId=494, courseId=158, exerciseId=309, retryCount=0, priority=2, status=SUCCESSFUL, repositoryInfo=RepositoryInfo[repositoryName=shortfbcbd7bf0e6eb0451a080e80fcb407dc1f12tstexc-localciintstudent1, repositoryType=user, triggeredByPushTo=user, assignmentRepositoryUri=http://localhost:49152/git/SHORTFBCBD7BF0E6EB0451A080E80FCB407DC1F12TSTEXC/shortfbcbd7bf0e6eb0451a080e80fcb407dc1f12tstexc-localciintstudent1.git, testRepositoryUri=http://localhost:49152/git/SHORTFBCBD7BF0E6EB0451A080E80FCB407DC1F12TSTEXC/shortfbcbd7bf0e6eb0451a080e80fcb407dc1f12tstexc-tests.git, solutionRepositoryUri=null, auxiliaryRepositoryUris=[Ljava.lang.String;@7e07fcbf, auxiliaryRepositoryCheckoutDirectories=[Ljava.lang.String;@5bc82f7d], jobTimingInfo=JobTimingInfo[submissionDate=2025-02-14T23:43:17.286977233Z[Etc/UTC], buildStartDate=2025-02-14T23:43:17.293977347Z[Etc/UTC], buildCompletionDate=2025-02-14T23:43:18.740990762Z[Etc/UTC], estimatedCompletionDate=2025-02-14T23:43:36.293970494Z[Etc/UTC], estimatedDuration=19], buildConfig=BuildConfig[buildScript=#!/bin/bash
cd /var/tmp/testing-dir
chmod +x ./gradlew
./gradlew clean test
, dockerImage=dummy-docker-image:latest, commitHashToBuild=4a1af7e8a64e6505c5fc09b9f81ea41af9fcff44, assignmentCommitHash=4a1af7e8a64e6505c5fc09b9f81ea41af9fcff44, testCommitHash=4a1af7e8a64e6505c5fc09b9f81ea41af9fcff44, branch=main, programmingLanguage=JAVA, projectType=PLAIN_GRADLE, scaEnabled=false, sequentialTestRunsEnabled=false, resultPaths=[/var/tmp/testing-dir/**/test-results/test/*.xml], timeoutSeconds=0, assignmentCheckoutPath=null, testCheckoutPath=null, solutionCheckoutPath=null, dockerRunConfig=null], submissionResult=ResultDTO[id=141, completionDate=2025-02-14T23:43:18.729015138Z[Etc/UTC], successful=false, score=0.0, rated=true, submission=SubmissionDTO[id=130, submitted=true, type=MANUAL, exampleSubmission=null, submissionDate=2025-02-14T23:43:17.272936Z, commitHash=4a1af7e8a64e6505c5fc09b9f81ea41af9fcff44, buildFailed=true, buildArtifact=false, participation=ParticipationDTO[id=494, testRun=false, type=programming, submissionCount=null, exercise=ParticipationExerciseDTO[id=309, exerciseType=PROGRAMMING, type=programming, assessmentType=AUTOMATIC, dueDate=2025-02-16T23:43:17.147218Z, assessmentDueDate=null, maxPoints=42.0, course=CourseDTO[id=158, accuracyOfScores=1]]], submissionExerciseType=programming, isProcessing=false, buildStartDate=null, estimatedCompletionDate=null], participation=ParticipationDTO[id=494, testRun=false, type=programming, submissionCount=null, exercise=ParticipationExerciseDTO[id=309, exerciseType=PROGRAMMING, type=programming, assessmentType=AUTOMATIC, dueDate=2025-02-16T23:43:17.147218Z, assessmentDueDate=null, maxPoints=42.0, course=CourseDTO[id=158, accuracyOfScores=1]]], feedbacks=[], assessmentType=AUTOMATIC, hasComplaint=null, exampleResult=null, testCaseCount=0, passedTestCaseCount=0, codeIssueCount=0]], BuildJobQueueItem[id=4971739576599269, name=SHORT52AD57270517204728083260501A19D262D1TSTEXC-LOCALCIINTSTUDENT1, buildAgent=BuildAgentDTO[name=artemis-build-agent-test, memberAddress=[127.0.0.1]:5703, displayName=artemis-build-agent-test], participationId=497, courseId=159, exerciseId=310, retryCount=0, priority=2, status=SUCCESSFUL, repositoryInfo=RepositoryInfo[repositoryName=short52ad57270517204728083260501a19d262d1tstexc-localciintstudent1, repositoryType=user, triggeredByPushTo=user, assignmentRepositoryUri=http://localhost:49152/git/SHORT52AD57270517204728083260501A19D262D1TSTEXC/short52ad57270517204728083260501a19d262d1tstexc-localciintstudent1.git, testRepositoryUri=http://localhost:49152/git/SHORT52AD57270517204728083260501A19D262D1TSTEXC/short52ad57270517204728083260501a19d262d1tstexc-tests.git, solutionRepositoryUri=null, auxiliaryRepositoryUris=[Ljava.lang.String;@4fb01bb0, auxiliaryRepositoryCheckoutDirectories=[Ljava.lang.String;@6e83ae95], jobTimingInfo=JobTimingInfo[submissionDate=2025-02-14T23:43:19.269997499Z[Etc/UTC], buildStartDate=2025-02-14T23:43:19.277325895Z[Etc/UTC], buildCompletionDate=2025-02-14T23:43:20.497391524Z[Etc/UTC], estimatedCompletionDate=2025-02-14T23:43:38.277310787Z[Etc/UTC], estimatedDuration=19], buildConfig=BuildConfig[buildScript=#!/bin/bash
cd /var/tmp/testing-dir
chmod +x ./gradlew
./gradlew clean test
, dockerImage=dummy-docker-image:latest, commitHashToBuild=9f4f76247a188e9a0f3516a9fbd60e829d53fb05, assignmentCommitHash=9f4f76247a188e9a0f3516a9fbd60e829d53fb05, testCommitHash=9f4f76247a188e9a0f3516a9fbd60e829d53fb05, branch=main, programmingLanguage=JAVA, projectType=PLAIN_GRADLE, scaEnabled=false, sequentialTestRunsEnabled=false, resultPaths=[/var/tmp/testing-dir/**/test-results/test/*.xml], timeoutSeconds=0, assignmentCheckoutPath=null, testCheckoutPath=null, solutionCheckoutPath=null, dockerRunConfig=null], submissionResult=ResultDTO[id=142, completionDate=2025-02-14T23:43:20.484244187Z[Etc/UTC], successful=false, score=7.7, rated=true, submission=SubmissionDTO[id=131, submitted=true, type=MANUAL, exampleSubmission=null, submissionDate=2025-02-14T23:43:19.265464Z, commitHash=9f4f76247a188e9a0f3516a9fbd60e829d53fb05, buildFailed=false, buildArtifact=false, participation=ParticipationDTO[id=497, testRun=false, type=programming, submissionCount=null, exercise=ParticipationExerciseDTO[id=310, exerciseType=PROGRAMMING, type=programming, assessmentType=AUTOMATIC, dueDate=2025-02-16T23:43:19.182228Z, assessmentDueDate=null, maxPoints=42.0, course=CourseDTO[id=159, accuracyOfScores=1]]], submissionExerciseType=programming, isProcessing=false, buildStartDate=null, estimatedCompletionDate=null], participation=ParticipationDTO[id=497, testRun=false, type=programming, submissionCount=null, exercise=ParticipationExerciseDTO[id=310, exerciseType=PROGRAMMING, type=programming, assessmentType=AUTOMATIC, dueDate=2025-02-16T23:43:19.182228Z, assessmentDueDate=null, maxPoints=42.0, course=CourseDTO[id=159, accuracyOfScores=1]]], feedbacks=[FeedbackDTO[id=173, text=null, detailText=The exercise expects a class with the name Context in the package testpackage. You did not implement the class in the exercise., hasLongFeedbackText=false, reference=null, credits=0.0, positive=false, type=AUTOMATIC, visibility=ALWAYS, testCase=TestCaseDTO[testName=null, id=169]], FeedbackDTO[id=174, text=null, detailText=The exercise expects a class with the name Policy in the package testpackage. You did not implement the class in the exercise., hasLongFeedbackText=false, reference=null, credits=0.0, positive=false, type=AUTOMATIC, visibility=ALWAYS, testCase=TestCaseDTO[testName=null, id=170]], FeedbackDTO[id=175, text=null, detailText=The exercise expects a class with the name SortStrategy in the package testpackage. You did not implement the class in the exercise., hasLongFeedbackText=false, reference=null, credits=0.0, positive=false, type=AUTOMATIC, visibility=ALWAYS, testCase=TestCaseDTO[testName=null, id=171]], FeedbackDTO[id=176, text=null, detailText=The class 'MergeSort' does not implement the interface 'SortStrategy' as expected. Implement the interface and its methods., hasLongFeedbackText=false, reference=null, credits=0.0, positive=false, type=AUTOMATIC, visibility=ALWAYS, testCase=TestCaseDTO[testName=null, id=166]], FeedbackDTO[id=177, text=null, detailText=The exercise expects a class with the name SortStrategy in the package testpackage. You did not implement the class in the exercise., hasLongFeedbackText=false, reference=null, credits=0.0, positive=false, type=AUTOMATIC, visibility=ALWAYS, testCase=TestCaseDTO[testName=null, id=163]], FeedbackDTO[id=178, text=null, detailText=The class 'BubbleSort' does not implement the interface 'SortStrategy' as expected. Implement the interface and its methods., hasLongFeedbackText=false, reference=null, credits=0.0, positive=false, type=AUTOMATIC, visibility=ALWAYS, testCase=TestCaseDTO[testName=null, id=167]], FeedbackDTO[id=179, text=null, detailText=MergeSort does not sort correctly, hasLongFeedbackText=false, reference=null, credits=0.0, positive=false, type=AUTOMATIC, visibility=ALWAYS, testCase=TestCaseDTO[testName=null, id=172]], FeedbackDTO[id=180, text=null, detailText=The class 'Context' was not found within the submission. Make sure to implement it properly., hasLongFeedbackText=false, reference=null, credits=0.0, positive=false, type=AUTOMATIC, visibility=ALWAYS, testCase=TestCaseDTO[testName=null, id=173]], FeedbackDTO[id=181, text=null, detailText=The class 'Context' was not found within the submission. Make sure to implement it properly., hasLongFeedbackText=false, reference=null, credits=0.0, positive=false, type=AUTOMATIC, visibility=ALWAYS, testCase=TestCaseDTO[testName=null, id=174]], FeedbackDTO[id=182, text=null, detailText=The exercise expects a class with the name Policy in the package testpackage. You did not implement the class in the exercise., hasLongFeedbackText=false, reference=null, credits=0.0, positive=false, type=AUTOMATIC, visibility=ALWAYS, testCase=TestCaseDTO[testName=null, id=168]], FeedbackDTO[id=183, text=null, detailText=The exercise expects a class with the name Context in the package testpackage. You did not implement the class in the exercise., hasLongFeedbackText=false, reference=null, credits=0.0, positive=false, type=AUTOMATIC, visibility=ALWAYS, testCase=TestCaseDTO[testName=null, id=164]], FeedbackDTO[id=184, text=null, detailText=The exercise expects a class with the name Policy in the package testpackage. You did not implement the class in the exercise., hasLongFeedbackText=false, reference=null, credits=0.0, positive=false, type=AUTOMATIC, visibility=ALWAYS, testCase=TestCaseDTO[testName=null, id=165]], FeedbackDTO[id=185, text=null, detailText=null, hasLongFeedbackText=false, reference=null, credits=3.230769230769231, positive=true, type=AUTOMATIC, visibility=ALWAYS, testCase=TestCaseDTO[testName=null, id=175]]], assessmentType=AUTOMATIC, hasComplaint=null, exampleResult=null, testCaseCount=13, passedTestCaseCount=1, codeIssueCount=0]], BuildJobQueueItem[id=5001739576601035, name=SHORT582B1BDC0A17704D6D0A46800FC19163DA47TSTEXC-LOCALCIINTSTUDENT1, buildAgent=BuildAgentDTO[name=artemis-build-agent-test, memberAddress=[127.0.0.1]:5703, displayName=artemis-build-agent-test], participationId=500, courseId=160, exerciseId=311, retryCount=0, priority=2, status=SUCCESSFUL, repositoryInfo=RepositoryInfo[repositoryName=short582b1bdc0a17704d6d0a46800fc19163da47tstexc-localciintstudent1, repositoryType=user, triggeredByPushTo=user, assignmentRepositoryUri=http://localhost:49152/git/SHORT582B1BDC0A17704D6D0A46800FC19163DA47TSTEXC/short582b1bdc0a17704d6d0a46800fc19163da47tstexc-localciintstudent1.git, testRepositoryUri=http://localhost:49152/git/SHORT582B1BDC0A17704D6D0A46800FC19163DA47TSTEXC/short582b1bdc0a17704d6d0a46800fc19163da47tstexc-tests.git, solutionRepositoryUri=null, auxiliaryRepositoryUris=[Ljava.lang.String;@2f2045fe, auxiliaryRepositoryCheckoutDirectories=[Ljava.lang.String;@350934a0], jobTimingInfo=JobTimingInfo[submissionDate=2025-02-14T23:43:21.035120760Z[Etc/UTC], buildStartDate=2025-02-14T23:43:21.040320383Z[Etc/UTC], buildCompletionDate=2025-02-14T23:43:22.581236903Z[Etc/UTC], estimatedCompletionDate=2025-02-14T23:43:40.040312057Z[Etc/UTC], estimatedDuration=19], buildConfig=BuildConfig[buildScript=#!/bin/bash
cd /var/tmp/testing-dir
chmod +x ./gradlew
./gradlew clean test
, dockerImage=dummy-docker-image:latest, commitHashToBuild=887566cf754016f986627cf5c5c365dea16c907f, assignmentCommitHash=887566cf754016f986627cf5c5c365dea16c907f, testCommitHash=6af67146332066e7430917928a4b9b81c43b7c71, branch=main, programmingLanguage=JAVA, projectType=PLAIN_GRADLE, scaEnabled=false, sequentialTestRunsEnabled=false, resultPaths=[/var/tmp/testing-dir/**/test-results/test/*.xml], timeoutSeconds=0, assignmentCheckoutPath=customAssignmentPath, testCheckoutPath=null, solutionCheckoutPath=null, dockerRunConfig=null], submissionResult=ResultDTO[id=143, completionDate=2025-02-14T23:43:22.538158998Z[Etc/UTC], successful=false, score=7.7, rated=true, submission=SubmissionDTO[id=132, submitted=true, type=MANUAL, exampleSubmission=null, submissionDate=2025-02-14T23:43:21.028930Z, commitHash=887566cf754016f986627cf5c5c365dea16c907f, buildFailed=false, buildArtifact=false, participation=ParticipationDTO[id=500, testRun=false, type=programming, submissionCount=null, exercise=ParticipationExerciseDTO[id=311, exerciseType=PROGRAMMING, type=programming, assessmentType=AUTOMATIC, dueDate=2025-02-16T23:43:20.897280Z, assessmentDueDate=null, maxPoints=42.0, course=CourseDTO[id=160, accuracyOfScores=1]]], submissionExerciseType=programming, isProcessing=false, buildStartDate=null, estimatedCompletionDate=null], participation=ParticipationDTO[id=500, testRun=false, type=programming, submissionCount=null, exercise=ParticipationExerciseDTO[id=311, exerciseType=PROGRAMMING, type=programming, assessmentType=AUTOMATIC, dueDate=2025-02-16T23:43:20.897280Z, assessmentDueDate=null, maxPoints=42.0, course=CourseDTO[id=160, accuracyOfScores=1]]], feedbacks=[FeedbackDTO[id=186, text=null, detailText=The exercise expects a class with the name Context in the package testpackage. You did not implement the class in the exercise., hasLongFeedbackText=false, reference=null, credits=0.0, positive=false, type=AUTOMATIC, visibility=ALWAYS, testCase=TestCaseDTO[testName=null, id=182]], FeedbackDTO[id=187, text=null, detailText=The exercise expects a class with the name Policy in the package testpackage. You did not implement the class in the exercise., hasLongFeedbackText=false, reference=null, credits=0.0, positive=false, type=AUTOMATIC, visibility=ALWAYS, testCase=TestCaseDTO[testName=null, id=183]], FeedbackDTO[id=188, text=null, detailText=The exercise expects a class with the name SortStrategy in the package testpackage. You did not implement the class in the exercise., hasLongFeedbackText=false, reference=null, credits=0.0, positive=false, type=AUTOMATIC, visibility=ALWAYS, testCase=TestCaseDTO[testName=null, id=184]], FeedbackDTO[id=189, text=null, detailText=The class 'MergeSort' does not implement the interface 'SortStrategy' as expected. Implement the interface and its methods., hasLongFeedbackText=false, reference=null, credits=0.0, positive=false, type=AUTOMATIC, visibility=ALWAYS, testCase=TestCaseDTO[testName=null, id=179]], FeedbackDTO[id=190, text=null, detailText=The exercise expects a class with the name SortStrategy in the package testpackage. You did not implement the class in the exercise., hasLongFeedbackText=false, reference=null, credits=0.0, positive=false, type=AUTOMATIC, visibility=ALWAYS, testCase=TestCaseDTO[testName=null, id=176]], FeedbackDTO[id=191, text=null, detailText=The class 'BubbleSort' does not implement the interface 'SortStrategy' as expected. Implement the interface and its methods., hasLongFeedbackText=false, reference=null, credits=0.0, positive=false, type=AUTOMATIC, visibility=ALWAYS, testCase=TestCaseDTO[testName=null, id=180]], FeedbackDTO[id=192, text=null, detailText=MergeSort does not sort correctly, hasLongFeedbackText=false, reference=null, credits=0.0, positive=false, type=AUTOMATIC, visibility=ALWAYS, testCase=TestCaseDTO[testName=null, id=185]], FeedbackDTO[id=193, text=null, detailText=The class 'Context' was not found within the submission. Make sure to implement it properly., hasLongFeedbackText=false, reference=null, credits=0.0, positive=false, type=AUTOMATIC, visibility=ALWAYS, testCase=TestCaseDTO[testName=null, id=186]], FeedbackDTO[id=194, text=null, detailText=The class 'Context' was not found within the submission. Make sure to implement it properly., hasLongFeedbackText=false, reference=null, credits=0.0, positive=false, type=AUTOMATIC, visibility=ALWAYS, testCase=TestCaseDTO[testName=null, id=187]], FeedbackDTO[id=195, text=null, detailText=The exercise expects a class with the name Policy in the package testpackage. You did not implement the class in the exercise., hasLongFeedbackText=false, reference=null, credits=0.0, positive=false, type=AUTOMATIC, visibility=ALWAYS, testCase=TestCaseDTO[testName=null, id=181]], FeedbackDTO[id=196, text=null, detailText=The exercise expects a class with the name Context in the package testpackage. You did not implement the class in the exercise., hasLongFeedbackText=false, reference=null, credits=0.0, positive=false, type=AUTOMATIC, visibility=ALWAYS, testCase=TestCaseDTO[testName=null, id=177]], FeedbackDTO[id=197, text=null, detailText=The exercise expects a class with the name Policy in the package testpackage. You did not implement the class in the exercise., hasLongFeedbackText=false, reference=null, credits=0.0, positive=false, type=AUTOMATIC, visibility=ALWAYS, testCase=TestCaseDTO[testName=null, id=178]], FeedbackDTO[id=198, text=null, detailText=null, hasLongFeedbackText=false, reference=null, credits=3.230769230769231, positive=true, type=AUTOMATIC, visibility=ALWAYS, testCase=TestCaseDTO[testName=null, id=188]]], assessmentType=AUTOMATIC, hasComplaint=null, exampleResult=null, testCaseCount=13, passedTestCaseCount=1, codeIssueCount=0]]], publicSshKey=ssh-rsa AAAAB3NzaC1yc2EAAAADAQABAAACAQCOPdMsxRE2jFJ/UEa5/LsBxtwzJcrh3/rYBCQvcMeVpiRfhzQPWu7mrt/G2Ew+i+vRloGH9aqKg6dd1liRncao53Zmd/ePxoatXePNhmzTfkCkcSkTUz7B+QMjkoDDV5jwuFPD6mF3JkhuzSi64n9Zy905t4w2IhVcjM2mL3eYNjiCXt6Qpq3Pkt7dM/Ksw1nxnvuiIALuJLB3FTkXkHqq3PJav+9HSq2r6ZaWgekneaGxlQlb+U+Vy3XOuArKAzK8c8i+0bR+AHiTG6ncYXt7ax3U+TdlDTF7OLP3umwaYjs1NBXOHwG42pevvpKn2fqavZZozk+M05jXLx3bq0O7itxfErWc7etky8qYPyyIMF/txQIVLd78+Ze4d7Y60t5MGbXM5cGE6fFif5fEJwgswXD+BrG0cafz1CTatjSKFdvp8Vp4VszXhHDan1PrP6JEFJ5Cc5GDmLRZPCFa3vL9f5qXgf4bkqKN8MYeEujwJE5nMRWoiJVNakix2bcrrneQMBlnYeYZVWXXXUusAQBzl4NgddC1umZpihZkL1b1MffZAUW3EGEXi7KHnllQhkTLLsQ8ntMgbylqaJKStqaXlLvdeRJcEnUuiFCrHEVVbXRFZR7XVDZ02CE5o3MuaRPty8Kh+jRTF3COlAckHwYEJCNNJvXFgb2CNXL4mjzYDw== test@localhost]
    23:43:24.896 | 566 localvc.event-13 | DEBUG | a.p.s.l.SharedQueueManagementService : Build agent updated: null
    23:43:24.956 | 370 ool-1-worker-134 | INFO  | i.z.t.d.l.EmbeddedDatabaseReporter   : JDBC URL to connect to 'dataSource': url='jdbc:h2:tcp://localhost:41063/mem:736625c0-cf5e-400d-aeaa-8a7eabd6262b;USER=sa', scope='StudentExamIntegrationTest#testDeleteTestRunWithReferencedParticipationsDeleteNoParticipation'
    23:43:24.981 | 370 ool-1-worker-134 | DEBUG | d.t.c.a.a.c.s.f.ApiVersionFilter     : Adding Version to Request DELETE /api/courses/372/exams/760/test-run/295
    23:43:24.982 | 370 ool-1-worker-134 | INFO  | d.t.c.a.a.e.web.StudentExamResource  : REST request to delete the test run with id 295
    23:43:24.987 | 370 ool-1-worker-134 | INFO  | d.t.c.a.a.e.s.ExamDeletionService    : Request to delete Test Run 295
    23:43:24.994 | 058 pool-4-thread-1  | INFO  | d.t.c.a.a.p.s.gitlab.GitLabService   : Unprotecting branch main for Gitlab repository SHORTFE0EF7D60DD6B04B2208788081DF074CE29FT934/shortfe0ef7d60dd6b04b2208788081df074ce29ft934-studexamstudent2

  Starting logs for StudentExamIntegrationTest > testAssessExamWithSubmissionResult()
    23:43:25.026 | 370 ool-1-worker-134 | DEBUG | d.t.c.a.a.c.u.util.UserUtilService   : Generate 2 students...
    23:43:25.029 | 059 pool-4-thread-2  | INFO  | d.t.c.a.a.p.s.gitlab.GitLabService   : Unprotecting branch main for Gitlab repository SHORTFE0EF7D60DD6B04B2208788081DF074CE29FT934/shortfe0ef7d60dd6b04b2208788081df074ce29ft934-studexamstudent1
    23:43:25.029 | 370 ool-1-worker-134 | DEBUG | d.t.c.a.a.c.u.util.UserUtilService   : 2 students generated. Generate 1 tutors...
    23:43:25.038 | 370 ool-1-worker-134 | DEBUG | d.t.c.a.a.c.u.util.UserUtilService   : 1 tutors generated. Generate 0 editors...
    23:43:25.039 | 370 ool-1-worker-134 | DEBUG | d.t.c.a.a.c.u.util.UserUtilService   : 0 editors generated. Generate 2 instructors...
    23:43:25.046 | 370 ool-1-worker-134 | DEBUG | d.t.c.a.a.c.u.util.UserUtilService   : 2 instructors generated
    23:43:25.049 | 370 ool-1-worker-134 | DEBUG | d.t.c.a.a.c.u.util.UserUtilService   : Removing 5 users from all courses...
    23:43:25.050 | 370 ool-1-worker-134 | DEBUG | d.t.c.a.a.c.u.util.UserUtilService   : Removing 5 users from all courses. Done
    23:43:25.050 | 370 ool-1-worker-134 | DEBUG | d.t.c.a.a.c.u.util.UserUtilService   : Save 5 users to database...
    23:43:25.075 | 370 ool-1-worker-134 | DEBUG | d.t.c.a.a.c.u.util.UserUtilService   : Save 5 users to database. Done
    23:43:25.255 | 566 localvc.event-13 | DEBUG | s.l.LocalCIWebsocketMessagingService : Sending message on topic /topic/admin/queued-jobs: [BuildJobQueueItem[id=5061739576605250, name=SHORT62C808EE04ECE040740AF7B0CF3AE5F5BEF2TSTEXC-LOCALCIINTSTUDENT1, buildAgent=BuildAgentDTO[name=null, memberAddress=null, displayName=null], participationId=506, courseId=162, exerciseId=313, retryCount=0, priority=2, status=null, repositoryInfo=RepositoryInfo[repositoryName=short62c808ee04ece040740af7b0cf3ae5f5bef2tstexc-localciintstudent1, repositoryType=user, triggeredByPushTo=user, assignmentRepositoryUri=, testRepositoryUri=, solutionRepositoryUri=, auxiliaryRepositoryUris=null, auxiliaryRepositoryCheckoutDirectories=null], jobTimingInfo=JobTimingInfo[submissionDate=2025-02-14T23:43:25.250749866Z[Etc/UTC], buildStartDate=null, buildCompletionDate=null, estimatedCompletionDate=null, estimatedDuration=19], buildConfig=BuildConfig[buildScript=, dockerImage=, commitHashToBuild=993b6f756e3e52a44d0537d4fa3a5d0e0acdbe89, assignmentCommitHash=, testCommitHash=, branch=, programmingLanguage=null, projectType=null, scaEnabled=false, sequentialTestRunsEnabled=false, resultPaths=null, timeoutSeconds=0, assignmentCheckoutPath=, testCheckoutPath=, solutionCheckoutPath=, dockerRunConfig=null], submissionResult=null]]
    23:43:25.256 | 566 localvc.event-13 | DEBUG | s.l.LocalCIWebsocketMessagingService : Sending message on topic /topic/courses/162/queued-jobs: [BuildJobQueueItem[id=5061739576605250, name=SHORT62C808EE04ECE040740AF7B0CF3AE5F5BEF2TSTEXC-LOCALCIINTSTUDENT1, buildAgent=BuildAgentDTO[name=null, memberAddress=null, displayName=null], participationId=506, courseId=162, exerciseId=313, retryCount=0, priority=2, status=null, repositoryInfo=RepositoryInfo[repositoryName=short62c808ee04ece040740af7b0cf3ae5f5bef2tstexc-localciintstudent1, repositoryType=user, triggeredByPushTo=user, assignmentRepositoryUri=, testRepositoryUri=, solutionRepositoryUri=, auxiliaryRepositoryUris=null, auxiliaryRepositoryCheckoutDirectories=null], jobTimingInfo=JobTimingInfo[submissionDate=2025-02-14T23:43:25.250749866Z[Etc/UTC], buildStartDate=null, buildCompletionDate=null, estimatedCompletionDate=null, estimatedDuration=19], buildConfig=BuildConfig[buildScript=, dockerImage=, commitHashToBuild=993b6f756e3e52a44d0537d4fa3a5d0e0acdbe89, assignmentCommitHash=, testCommitHash=, branch=, programmingLanguage=null, projectType=null, scaEnabled=false, sequentialTestRunsEnabled=false, resultPaths=null, timeoutSeconds=0, assignmentCheckoutPath=, testCheckoutPath=, solutionCheckoutPath=, dockerRunConfig=null], submissionResult=null]]
    23:43:25.256 | 566 localvc.event-13 | DEBUG | a.a.b.s.SharedQueueProcessingService : CIBuildJobQueueItem added to queue: BuildJobQueueItem[id=5061739576605250, name=SHORT62C808EE04ECE040740AF7B0CF3AE5F5BEF2TSTEXC-LOCALCIINTSTUDENT1, buildAgent=BuildAgentDTO[name=null, memberAddress=null, displayName=null], participationId=506, courseId=162, exerciseId=313, retryCount=0, priority=2, status=null, repositoryInfo=RepositoryInfo[repositoryName=short62c808ee04ece040740af7b0cf3ae5f5bef2tstexc-localciintstudent1, repositoryType=user, triggeredByPushTo=user, assignmentRepositoryUri=http://localhost:49152/git/SHORT62C808EE04ECE040740AF7B0CF3AE5F5BEF2TSTEXC/short62c808ee04ece040740af7b0cf3ae5f5bef2tstexc-localciintstudent1.git, testRepositoryUri=http://localhost:49152/git/SHORT62C808EE04ECE040740AF7B0CF3AE5F5BEF2TSTEXC/short62c808ee04ece040740af7b0cf3ae5f5bef2tstexc-tests.git, solutionRepositoryUri=null, auxiliaryRepositoryUris=[Ljava.lang.String;@58dd1d87, auxiliaryRepositoryCheckoutDirectories=[Ljava.lang.String;@7cf31832], jobTimingInfo=JobTimingInfo[submissionDate=2025-02-14T23:43:25.250749866Z[Etc/UTC], buildStartDate=null, buildCompletionDate=null, estimatedCompletionDate=null, estimatedDuration=19], buildConfig=BuildConfig[buildScript=#!/bin/bash
cd /var/tmp/testing-dir
chmod +x ./gradlew
./gradlew clean test
, dockerImage=dummy-docker-image:latest, commitHashToBuild=993b6f756e3e52a44d0537d4fa3a5d0e0acdbe89, assignmentCommitHash=993b6f756e3e52a44d0537d4fa3a5d0e0acdbe89, testCommitHash=993b6f756e3e52a44d0537d4fa3a5d0e0acdbe89, branch=main, programmingLanguage=JAVA, projectType=null, scaEnabled=false, sequentialTestRunsEnabled=false, resultPaths=[/var/tmp/testing-dir/**/test-results/test/*.xml], timeoutSeconds=0, assignmentCheckoutPath=null, testCheckoutPath=null, solutionCheckoutPath=null, dockerRunConfig=null], submissionResult=null]
    23:43:25.256 | 566 localvc.event-13 | DEBUG | a.a.b.s.SharedQueueProcessingService : Current queued items: 1
    23:43:25.257 | 566 localvc.event-13 | DEBUG | a.a.b.s.SharedQueueProcessingService : Currently processing jobs on this node: 1, active threads in Pool: 1, maximum pool size of thread executor : 1
    23:43:25.257 | 566 localvc.event-13 | DEBUG | a.a.b.s.SharedQueueProcessingService : Node has no available threads currently
    23:43:25.283 | 370 ool-1-worker-134 | INFO  | i.z.t.d.l.EmbeddedDatabaseReporter   : JDBC URL to connect to 'dataSource': url='jdbc:h2:tcp://localhost:41063/mem:736625c0-cf5e-400d-aeaa-8a7eabd6262b;USER=sa', scope='StudentExamIntegrationTest#testAssessExamWithSubmissionResult'
    23:43:25.327 | 370 ool-1-worker-134 | DEBUG | d.t.c.a.a.c.s.f.ApiVersionFilter     : Adding Version to Request POST /api/courses/378/exams/766/generate-student-exams
    23:43:25.327 | 370 ool-1-worker-134 | INFO  | d.t.c.a.a.exam.web.ExamResource      : REST request to generate student exams for exam 766
    23:43:25.334 | 370 ool-1-worker-134 | INFO  | d.t.c.a.a.e.s.ExamDeletionService    : User studexaminstructor1 has requested to delete existing student exams and participations for exam Real exam 1
    23:43:25.335 | 370 ool-1-worker-134 | INFO  | d.t.c.a.a.e.s.ParticipationService   : Request to delete all 0 participations of exercise with id : 1171
    23:43:25.336 | 370 ool-1-worker-134 | INFO  | d.t.c.a.a.e.s.ParticipationService   : Request to delete all 0 participations of exercise with id : 1172
    23:43:25.337 | 370 ool-1-worker-134 | INFO  | d.t.c.a.a.e.s.ParticipationService   : Request to delete all 0 participations of exercise with id : 1173
    23:43:25.338 | 370 ool-1-worker-134 | INFO  | d.t.c.a.a.e.s.ParticipationService   : Request to delete all 0 participations of exercise with id : 1174
    23:43:25.339 | 370 ool-1-worker-134 | INFO  | d.t.c.a.a.e.s.ParticipationService   : Request to delete all 0 participations of exercise with id : 1175
    23:43:25.340 | 370 ool-1-worker-134 | INFO  | d.t.c.a.a.e.s.ParticipationService   : Request to delete all 0 participations of exercise with id : 1176
    23:43:25.341 | 370 ool-1-worker-134 | INFO  | d.t.c.a.a.e.s.ParticipationService   : Request to delete all 0 participations of exercise with id : 1177
    23:43:25.342 | 370 ool-1-worker-134 | INFO  | d.t.c.a.a.e.s.ParticipationService   : Request to delete all 0 participations of exercise with id : 1178
    23:43:25.343 | 370 ool-1-worker-134 | INFO  | d.t.c.a.a.e.s.ParticipationService   : Request to delete all 0 participations of exercise with id : 1179
    23:43:25.344 | 370 ool-1-worker-134 | INFO  | d.t.c.a.a.e.s.ParticipationService   : Request to delete all 0 participations of exercise with id : 1180
    23:43:25.345 | 370 ool-1-worker-134 | INFO  | d.t.c.a.a.e.s.ParticipationService   : Request to delete all 0 participations of exercise with id : 1181
    23:43:25.348 | 370 ool-1-worker-134 | INFO  | d.t.c.a.a.exam.web.ExamResource      : Generated 1 student exams in 20.34ms for exam 766
    23:43:25.366 | 370 ool-1-worker-134 | DEBUG | d.t.c.a.a.c.s.f.ApiVersionFilter     : Adding Version to Request POST /api/courses/378/exams/766/student-exams/start-exercises
    23:43:25.372 | 370 ool-1-worker-134 | DEBUG | d.t.c.a.a.exam.service.ExamService   : Finished combination of template commits for programming exercise ProgrammingExercise{id=1181, templateRepositoryUri='https://version-control.fake.fake/git/SHORTA3B7B2490506F04EAD0929C011896D98A6ECT041/shorta3b7b2490506f04ead0929c011896d98a6ect041-exercise.git', solutionRepositoryUri='https://version-control.fake.fake/git/SHORTA3B7B2490506F04EAD0929C011896D98A6ECT041/shorta3b7b2490506f04ead0929c011896d98a6ect041-solution.git', templateBuildPlanId='SHORTA3B7B2490506F04EAD0929C011896D98A6ECT041-BASE', solutionBuildPlanId='SHORTA3B7B2490506F04EAD0929C011896D98A6ECT041-SOLUTION', allowOnlineEditor='null', allowOnlineIde='false', programmingLanguage='JAVA', packageName='de.test'', testCasesChanged='false'}
    23:43:25.372 | 370 ool-1-worker-134 | INFO  | d.t.c.a.a.e.web.StudentExamResource  : REST request to start exercises for student exams of exam 766
    23:43:25.384 | 575 ol-2991-thread-1 | INFO  | d.t.c.a.a.e.s.StudentExamService     : SUCCESS: Start exercise for student exam 301 and exercise 1171 and student studexamstudent1
    23:43:25.396 | 575 ol-2991-thread-1 | INFO  | d.t.c.a.a.e.s.StudentExamService     : SUCCESS: Start exercise for student exam 301 and exercise 1174 and student studexamstudent1
    23:43:25.405 | 575 ol-2991-thread-1 | INFO  | d.t.c.a.a.e.s.StudentExamService     : SUCCESS: Start exercise for student exam 301 and exercise 1176 and student studexamstudent1
    23:43:25.412 | 575 ol-2991-thread-1 | INFO  | d.t.c.a.a.e.s.StudentExamService     : SUCCESS: Start exercise for student exam 301 and exercise 1177 and student studexamstudent1
    23:43:25.418 | 575 ol-2991-thread-1 | INFO  | d.t.c.a.a.e.s.StudentExamService     : SUCCESS: Start exercise for student exam 301 and exercise 1179 and student studexamstudent1
    23:43:25.425 | 575 ol-2991-thread-1 | INFO  | d.t.c.a.a.e.s.StudentExamService     : SUCCESS: Start exercise for student exam 301 and exercise 1180 and student studexamstudent1
    23:43:25.430 | 575 ol-2991-thread-1 | DEBUG | d.t.c.a.a.p.service.GitService       : Cloning from file:/tmp/exerciseOriginRepo17646382860784801868/ to repos/server-integration-test/studentOriginRepo3037081672832453417
    23:43:25.447 | 575 ol-2991-thread-1 | ERROR | .a.a.p.s.j.b.JenkinsBuildPlanService : Pipeline Script not found
java.lang.IllegalArgumentException: Pipeline Script not found
	at de.tum.cit.aet.artemis.programming.service.jenkins.build_plan.JenkinsBuildPlanUtils.replaceScriptParameters(JenkinsBuildPlanUtils.java:22)
	at de.tum.cit.aet.artemis.programming.service.jenkins.build_plan.JenkinsBuildPlanService.updateBuildPlanURLs(JenkinsBuildPlanService.java:245)
	at de.tum.cit.aet.artemis.programming.service.jenkins.build_plan.JenkinsBuildPlanService.copyBuildPlan(JenkinsBuildPlanService.java:293)
	at de.tum.cit.aet.artemis.programming.service.jenkins.JenkinsService.copyBuildPlan(JenkinsService.java:128)
	at java.base/java.lang.invoke.MethodHandle.invokeWithArguments(MethodHandle.java:733)
	at org.mockito.internal.util.reflection.InstrumentationMemberAccessor$Dispatcher$ByteBuddy$oog9jsgw.invokeWithArguments(Unknown Source)
	at org.mockito.internal.util.reflection.InstrumentationMemberAccessor.invoke(InstrumentationMemberAccessor.java:251)
	at org.mockito.internal.util.reflection.ModuleMemberAccessor.invoke(ModuleMemberAccessor.java:55)
	at org.mockito.internal.creation.bytebuddy.MockMethodAdvice.tryInvoke(MockMethodAdvice.java:314)
	at org.mockito.internal.creation.bytebuddy.MockMethodAdvice$RealMethodCall.invoke(MockMethodAdvice.java:234)
	at org.mockito.internal.invocation.InterceptedInvocation.callRealMethod(InterceptedInvocation.java:142)
	at org.mockito.internal.stubbing.answers.CallsRealMethods.answer(CallsRealMethods.java:45)
	at org.mockito.Answers.answer(Answers.java:90)
	at org.mockito.internal.handler.MockHandlerImpl.handle(MockHandlerImpl.java:111)
	at org.mockito.internal.handler.NullResultGuardian.handle(NullResultGuardian.java:29)
	at org.mockito.internal.handler.InvocationNotifierHandler.handle(InvocationNotifierHandler.java:34)
	at org.mockito.internal.creation.bytebuddy.MockMethodInterceptor.doIntercept(MockMethodInterceptor.java:82)
	at org.mockito.internal.creation.bytebuddy.MockMethodAdvice.handle(MockMethodAdvice.java:134)
	at de.tum.cit.aet.artemis.programming.service.jenkins.JenkinsService.copyBuildPlan(JenkinsService.java:126)
	at de.tum.cit.aet.artemis.exercise.service.ParticipationService.copyBuildPlan(ParticipationService.java:518)
	at de.tum.cit.aet.artemis.exercise.service.ParticipationService.startProgrammingParticipation(ParticipationService.java:296)
	at de.tum.cit.aet.artemis.exercise.service.ParticipationService.startProgrammingExercise(ParticipationService.java:265)
	at de.tum.cit.aet.artemis.exercise.service.ParticipationService.startExerciseWithInitializationDate(ParticipationService.java:192)
	at de.tum.cit.aet.artemis.exercise.service.ParticipationService.startExercise(ParticipationService.java:151)
	at de.tum.cit.aet.artemis.exam.service.StudentExamService.setUpExerciseParticipationsAndSubmissionsWithInitializationDate(StudentExamService.java:686)
	at de.tum.cit.aet.artemis.exam.service.StudentExamService.setUpExerciseParticipationsAndSubmissions(StudentExamService.java:800)
	at de.tum.cit.aet.artemis.exam.service.StudentExamService.lambda$startExercises$15(StudentExamService.java:735)
	at java.base/java.util.concurrent.CompletableFuture$AsyncRun.run(CompletableFuture.java:1804)
	at java.base/java.util.concurrent.ThreadPoolExecutor.runWorker(ThreadPoolExecutor.java:1144)
	at java.base/java.util.concurrent.ThreadPoolExecutor$Worker.run(ThreadPoolExecutor.java:642)
	at java.base/java.lang.Thread.run(Thread.java:1583)
    23:43:25.463 | 575 ol-2991-thread-1 | ERROR | .a.a.p.s.j.b.JenkinsBuildPlanService : Pipeline Script not found
java.lang.IllegalArgumentException: Pipeline Script not found
	at de.tum.cit.aet.artemis.programming.service.jenkins.build_plan.JenkinsBuildPlanUtils.replaceScriptParameters(JenkinsBuildPlanUtils.java:29)
	at de.tum.cit.aet.artemis.programming.service.jenkins.build_plan.JenkinsBuildPlanService.updateBuildPlanRepositories(JenkinsBuildPlanService.java:219)
	at de.tum.cit.aet.artemis.programming.service.jenkins.build_plan.JenkinsBuildPlanService.configureBuildPlanForParticipation(JenkinsBuildPlanService.java:196)
	at de.tum.cit.aet.artemis.programming.service.jenkins.JenkinsService.configureBuildPlan(JenkinsService.java:138)
	at java.base/java.lang.invoke.MethodHandle.invokeWithArguments(MethodHandle.java:733)
	at org.mockito.internal.util.reflection.InstrumentationMemberAccessor$Dispatcher$ByteBuddy$oog9jsgw.invokeWithArguments(Unknown Source)
	at org.mockito.internal.util.reflection.InstrumentationMemberAccessor.invoke(InstrumentationMemberAccessor.java:251)
	at org.mockito.internal.util.reflection.ModuleMemberAccessor.invoke(ModuleMemberAccessor.java:55)
	at org.mockito.internal.creation.bytebuddy.MockMethodAdvice.tryInvoke(MockMethodAdvice.java:314)
	at org.mockito.internal.creation.bytebuddy.MockMethodAdvice$RealMethodCall.invoke(MockMethodAdvice.java:234)
	at org.mockito.internal.invocation.InterceptedInvocation.callRealMethod(InterceptedInvocation.java:142)
	at org.mockito.internal.stubbing.answers.CallsRealMethods.answer(CallsRealMethods.java:45)
	at org.mockito.Answers.answer(Answers.java:90)
	at org.mockito.internal.handler.MockHandlerImpl.handle(MockHandlerImpl.java:111)
	at org.mockito.internal.handler.NullResultGuardian.handle(NullResultGuardian.java:29)
	at org.mockito.internal.handler.InvocationNotifierHandler.handle(InvocationNotifierHandler.java:34)
	at org.mockito.internal.creation.bytebuddy.MockMethodInterceptor.doIntercept(MockMethodInterceptor.java:82)
	at org.mockito.internal.creation.bytebuddy.MockMethodAdvice.handle(MockMethodAdvice.java:134)
	at de.tum.cit.aet.artemis.programming.service.jenkins.JenkinsService.configureBuildPlan(JenkinsService.java:138)
	at de.tum.cit.aet.artemis.exercise.service.ParticipationService.configureBuildPlan(ParticipationService.java:532)
	at de.tum.cit.aet.artemis.exercise.service.ParticipationService.startProgrammingParticipation(ParticipationService.java:298)
	at de.tum.cit.aet.artemis.exercise.service.ParticipationService.startProgrammingExercise(ParticipationService.java:265)
	at de.tum.cit.aet.artemis.exercise.service.ParticipationService.startExerciseWithInitializationDate(ParticipationService.java:192)
	at de.tum.cit.aet.artemis.exercise.service.ParticipationService.startExercise(ParticipationService.java:151)
	at de.tum.cit.aet.artemis.exam.service.StudentExamService.setUpExerciseParticipationsAndSubmissionsWithInitializationDate(StudentExamService.java:686)
	at de.tum.cit.aet.artemis.exam.service.StudentExamService.setUpExerciseParticipationsAndSubmissions(StudentExamService.java:800)
	at de.tum.cit.aet.artemis.exam.service.StudentExamService.lambda$startExercises$15(StudentExamService.java:735)
	at java.base/java.util.concurrent.CompletableFuture$AsyncRun.run(CompletableFuture.java:1804)
	at java.base/java.util.concurrent.ThreadPoolExecutor.runWorker(ThreadPoolExecutor.java:1144)
	at java.base/java.util.concurrent.ThreadPoolExecutor$Worker.run(ThreadPoolExecutor.java:642)
	at java.base/java.lang.Thread.run(Thread.java:1583)
    23:43:25.488 | 575 ol-2991-thread-1 | INFO  | d.t.c.a.a.e.s.StudentExamService     : SUCCESS: Start exercise for student exam 301 and exercise 1181 and student studexamstudent1
    23:43:25.491 | 370 ool-1-worker-134 | INFO  | d.t.c.a.a.e.web.StudentExamResource  : Generated 7 participations in 124.42ms for student exams of exam 766
    23:43:25.492 | 370 ool-1-worker-134 | DEBUG | d.t.c.a.a.c.s.f.ApiVersionFilter     : Adding Version to Request GET /api/courses/378/exams/766/student-exams/start-exercises/status
    23:43:25.517 | 370 ool-1-worker-134 | DEBUG | d.t.c.a.a.c.s.f.ApiVersionFilter     : Adding Version to Request GET /api/courses/378/exams/766/student-exams/301/conduction
    23:43:25.520 | 370 ool-1-worker-134 | DEBUG | d.t.c.a.a.e.web.StudentExamResource  : REST request to get the student exam of user studexamstudent1 for exam 766
    23:43:25.538 | 370 ool-1-worker-134 | DEBUG | d.t.c.a.a.e.s.ExamSessionService     : Exam session started
    23:43:25.539 | 370 ool-1-worker-134 | INFO  | d.t.c.a.a.e.web.StudentExamResource  : getStudentExamForConduction done in 21ms for 7 exercises for user studexamstudent1
    23:43:25.556 | 370 ool-1-worker-134 | DEBUG | d.t.c.a.a.c.s.f.ApiVersionFilter     : Adding Version to Request POST /api/courses/378/exams/766/student-exams/submit
    23:43:25.565 | 370 ool-1-worker-134 | DEBUG | d.t.c.a.a.e.web.StudentExamResource  : REST request to mark the studentExam as submitted : 301
    23:43:25.574 | 370 ool-1-worker-134 | DEBUG | d.t.c.a.a.e.web.StudentExamResource  : Completed input validation for submitStudentExam in 9.28ms
    23:43:25.574 | 370 ool-1-worker-134 | DEBUG | d.t.c.a.a.e.s.StudentExamService     : Submit student exam with id 301
    23:43:25.575 | 370 ool-1-worker-134 | DEBUG | d.t.c.a.a.e.s.StudentExamService     :     Set student exam to submitted in 946µs
    23:43:25.577 | 370 ool-1-worker-134 | ERROR | d.t.c.a.a.e.s.StudentExamService     : saveSubmission threw an exception
de.tum.cit.aet.artemis.core.exception.AccessForbiddenException: User studexamstudent1 cannot submit a different submission TextSubmission{id=null, text='', language='null'} for participation 977
	at de.tum.cit.aet.artemis.exam.service.StudentExamService.saveSubmission(StudentExamService.java:276)
	at de.tum.cit.aet.artemis.exam.service.StudentExamService.saveSubmissions(StudentExamService.java:238)
	at de.tum.cit.aet.artemis.exam.service.StudentExamService.submitStudentExam(StudentExamService.java:176)
	at java.base/jdk.internal.reflect.DirectMethodHandleAccessor.invoke(DirectMethodHandleAccessor.java:103)
	at java.base/java.lang.reflect.Method.invoke(Method.java:580)
	at org.springframework.aop.support.AopUtils.invokeJoinpointUsingReflection(AopUtils.java:359)
	at org.springframework.aop.framework.CglibAopProxy$DynamicAdvisedInterceptor.intercept(CglibAopProxy.java:723)
	at de.tum.cit.aet.artemis.exam.service.StudentExamService$$SpringCGLIB$$0.submitStudentExam(<generated>)
	at de.tum.cit.aet.artemis.exam.web.StudentExamResource.submitStudentExam(StudentExamResource.java:340)
	at java.base/jdk.internal.reflect.DirectMethodHandleAccessor.invoke(DirectMethodHandleAccessor.java:103)
	at java.base/java.lang.reflect.Method.invoke(Method.java:580)
	at org.springframework.aop.support.AopUtils.invokeJoinpointUsingReflection(AopUtils.java:359)
	at org.springframework.aop.framework.ReflectiveMethodInvocation.invokeJoinpoint(ReflectiveMethodInvocation.java:196)
	at org.springframework.aop.framework.ReflectiveMethodInvocation.proceed(ReflectiveMethodInvocation.java:163)
	at org.springframework.security.authorization.method.AuthorizationManagerBeforeMethodInterceptor.proceed(AuthorizationManagerBeforeMethodInterceptor.java:268)
	at org.springframework.security.authorization.method.AuthorizationManagerBeforeMethodInterceptor.attemptAuthorization(AuthorizationManagerBeforeMethodInterceptor.java:263)
	at org.springframework.security.authorization.method.AuthorizationManagerBeforeMethodInterceptor.invoke(AuthorizationManagerBeforeMethodInterceptor.java:196)
	at org.springframework.security.config.annotation.method.configuration.DeferringMethodInterceptor.invoke(DeferringMethodInterceptor.java:44)
	at org.springframework.aop.framework.ReflectiveMethodInvocation.proceed(ReflectiveMethodInvocation.java:184)
	at org.springframework.aop.framework.CglibAopProxy$DynamicAdvisedInterceptor.intercept(CglibAopProxy.java:727)
	at de.tum.cit.aet.artemis.exam.web.StudentExamResource$$SpringCGLIB$$0.submitStudentExam(<generated>)
	at java.base/jdk.internal.reflect.DirectMethodHandleAccessor.invoke(DirectMethodHandleAccessor.java:103)
	at java.base/java.lang.reflect.Method.invoke(Method.java:580)
	at org.springframework.web.method.support.InvocableHandlerMethod.doInvoke(InvocableHandlerMethod.java:257)
	at org.springframework.web.method.support.InvocableHandlerMethod.invokeForRequest(InvocableHandlerMethod.java:190)
	at org.springframework.web.servlet.mvc.method.annotation.ServletInvocableHandlerMethod.invokeAndHandle(ServletInvocableHandlerMethod.java:118)
	at org.springframework.web.servlet.mvc.method.annotation.RequestMappingHandlerAdapter.invokeHandlerMethod(RequestMappingHandlerAdapter.java:986)
	at org.springframework.web.servlet.mvc.method.annotation.RequestMappingHandlerAdapter.handleInternal(RequestMappingHandlerAdapter.java:891)
	at org.springframework.web.servlet.mvc.method.AbstractHandlerMethodAdapter.handle(AbstractHandlerMethodAdapter.java:87)
	at org.springframework.web.servlet.DispatcherServlet.doDispatch(DispatcherServlet.java:1088)
	at org.springframework.web.servlet.DispatcherServlet.doService(DispatcherServlet.java:978)
	at org.springframework.web.servlet.FrameworkServlet.processRequest(FrameworkServlet.java:1014)
	at org.springframework.web.servlet.FrameworkServlet.doPost(FrameworkServlet.java:914)
	at jakarta.servlet.http.HttpServlet.service(HttpServlet.java:547)
	at org.springframework.web.servlet.FrameworkServlet.service(FrameworkServlet.java:885)
	at org.springframework.test.web.servlet.TestDispatcherServlet.service(TestDispatcherServlet.java:72)
	at jakarta.servlet.http.HttpServlet.service(HttpServlet.java:614)
	at org.springframework.mock.web.MockFilterChain$ServletFilterProxy.doFilter(MockFilterChain.java:165)
	at org.springframework.mock.web.MockFilterChain.doFilter(MockFilterChain.java:132)
	at org.springframework.web.filter.OncePerRequestFilter.doFilter(OncePerRequestFilter.java:110)
	at org.springframework.test.web.servlet.setup.MockMvcFilterDecorator.doFilter(MockMvcFilterDecorator.java:162)
	at org.springframework.mock.web.MockFilterChain.doFilter(MockFilterChain.java:132)
	at de.tum.cit.aet.artemis.core.security.filter.ApiVersionFilter.doFilter(ApiVersionFilter.java:55)
	at org.springframework.test.web.servlet.setup.MockMvcFilterDecorator.doFilter(MockMvcFilterDecorator.java:162)
	at org.springframework.mock.web.MockFilterChain.doFilter(MockFilterChain.java:132)
	at io.sentry.spring.jakarta.SentryUserFilter.doFilterInternal(SentryUserFilter.java:56)
	at org.springframework.web.filter.OncePerRequestFilter.doFilter(OncePerRequestFilter.java:116)
	at org.springframework.test.web.servlet.setup.MockMvcFilterDecorator.doFilter(MockMvcFilterDecorator.java:162)
	at org.springframework.mock.web.MockFilterChain.doFilter(MockFilterChain.java:132)
	at org.springframework.web.filter.CompositeFilter$VirtualFilterChain.doFilter(CompositeFilter.java:108)
	at org.springframework.security.web.FilterChainProxy.lambda$doFilterInternal$3(FilterChainProxy.java:231)
	at org.springframework.security.web.ObservationFilterChainDecorator$FilterObservation$SimpleFilterObservation.lambda$wrap$1(ObservationFilterChainDecorator.java:479)
	at org.springframework.security.web.ObservationFilterChainDecorator$AroundFilterObservation$SimpleAroundFilterObservation.lambda$wrap$1(ObservationFilterChainDecorator.java:340)
	at org.springframework.security.web.ObservationFilterChainDecorator.lambda$wrapSecured$0(ObservationFilterChainDecorator.java:82)
	at org.springframework.security.web.ObservationFilterChainDecorator$VirtualFilterChain.doFilter(ObservationFilterChainDecorator.java:128)
	at org.springframework.security.web.access.intercept.AuthorizationFilter.doFilter(AuthorizationFilter.java:101)
	at org.springframework.security.web.ObservationFilterChainDecorator$ObservationFilter.wrapFilter(ObservationFilterChainDecorator.java:240)
	at org.springframework.security.web.ObservationFilterChainDecorator$ObservationFilter.doFilter(ObservationFilterChainDecorator.java:227)
	at org.springframework.security.web.ObservationFilterChainDecorator$VirtualFilterChain.doFilter(ObservationFilterChainDecorator.java:137)
	at org.springframework.security.web.access.ExceptionTranslationFilter.doFilter(ExceptionTranslationFilter.java:126)
	at org.springframework.security.web.access.ExceptionTranslationFilter.doFilter(ExceptionTranslationFilter.java:120)
	at org.springframework.security.web.ObservationFilterChainDecorator$ObservationFilter.wrapFilter(ObservationFilterChainDecorator.java:240)
	at org.springframework.security.web.ObservationFilterChainDecorator$ObservationFilter.doFilter(ObservationFilterChainDecorator.java:227)
	at org.springframework.security.web.ObservationFilterChainDecorator$VirtualFilterChain.doFilter(ObservationFilterChainDecorator.java:137)
	at org.springframework.security.web.session.SessionManagementFilter.doFilter(SessionManagementFilter.java:131)
	at org.springframework.security.web.session.SessionManagementFilter.doFilter(SessionManagementFilter.java:85)
	at org.springframework.security.web.ObservationFilterChainDecorator$ObservationFilter.wrapFilter(ObservationFilterChainDecorator.java:240)
	at org.springframework.security.web.ObservationFilterChainDecorator$ObservationFilter.doFilter(ObservationFilterChainDecorator.java:227)
	at org.springframework.security.web.ObservationFilterChainDecorator$VirtualFilterChain.doFilter(ObservationFilterChainDecorator.java:137)
	at org.springframework.security.web.authentication.AnonymousAuthenticationFilter.doFilter(AnonymousAuthenticationFilter.java:100)
	at org.springframework.security.web.ObservationFilterChainDecorator$ObservationFilter.wrapFilter(ObservationFilterChainDecorator.java:240)
	at org.springframework.security.web.ObservationFilterChainDecorator$ObservationFilter.doFilter(ObservationFilterChainDecorator.java:227)
	at org.springframework.security.web.ObservationFilterChainDecorator$VirtualFilterChain.doFilter(ObservationFilterChainDecorator.java:137)
	at org.springframework.security.web.servletapi.SecurityContextHolderAwareRequestFilter.doFilter(SecurityContextHolderAwareRequestFilter.java:179)
	at org.springframework.security.web.ObservationFilterChainDecorator$ObservationFilter.wrapFilter(ObservationFilterChainDecorator.java:240)
	at org.springframework.security.web.ObservationFilterChainDecorator$ObservationFilter.doFilter(ObservationFilterChainDecorator.java:227)
	at org.springframework.security.web.ObservationFilterChainDecorator$VirtualFilterChain.doFilter(ObservationFilterChainDecorator.java:137)
	at org.springframework.security.web.savedrequest.RequestCacheAwareFilter.doFilter(RequestCacheAwareFilter.java:63)
	at org.springframework.security.web.ObservationFilterChainDecorator$ObservationFilter.wrapFilter(ObservationFilterChainDecorator.java:240)
	at org.springframework.security.web.ObservationFilterChainDecorator$ObservationFilter.doFilter(ObservationFilterChainDecorator.java:227)
	at org.springframework.security.web.ObservationFilterChainDecorator$VirtualFilterChain.doFilter(ObservationFilterChainDecorator.java:137)
	at de.tum.cit.aet.artemis.core.security.filter.SpaWebFilter.doFilterInternal(SpaWebFilter.java:23)
	at org.springframework.web.filter.OncePerRequestFilter.doFilter(OncePerRequestFilter.java:116)
	at org.springframework.security.web.ObservationFilterChainDecorator$ObservationFilter.wrapFilter(ObservationFilterChainDecorator.java:240)
	at org.springframework.security.web.ObservationFilterChainDecorator$ObservationFilter.doFilter(ObservationFilterChainDecorator.java:227)
	at org.springframework.security.web.ObservationFilterChainDecorator$VirtualFilterChain.doFilter(ObservationFilterChainDecorator.java:137)
	at org.springframework.web.filter.OncePerRequestFilter.doFilter(OncePerRequestFilter.java:110)
	at org.springframework.security.web.ObservationFilterChainDecorator$ObservationFilter.wrapFilter(ObservationFilterChainDecorator.java:240)
	at org.springframework.security.web.ObservationFilterChainDecorator$ObservationFilter.doFilter(ObservationFilterChainDecorator.java:227)
	at org.springframework.security.web.ObservationFilterChainDecorator$VirtualFilterChain.doFilter(ObservationFilterChainDecorator.java:137)
	at de.tum.cit.aet.artemis.lti.config.Lti13LaunchFilter.doFilterInternal(Lti13LaunchFilter.java:60)
	at org.springframework.web.filter.OncePerRequestFilter.doFilter(OncePerRequestFilter.java:116)
	at org.springframework.security.web.ObservationFilterChainDecorator$ObservationFilter.wrapFilter(ObservationFilterChainDecorator.java:240)
	at org.springframework.security.web.ObservationFilterChainDecorator$ObservationFilter.doFilter(ObservationFilterChainDecorator.java:227)
	at org.springframework.security.web.ObservationFilterChainDecorator$VirtualFilterChain.doFilter(ObservationFilterChainDecorator.java:137)
	at de.tum.cit.aet.artemis.core.security.jwt.JWTFilter.doFilter(JWTFilter.java:55)
	at org.springframework.security.web.ObservationFilterChainDecorator$ObservationFilter.wrapFilter(ObservationFilterChainDecorator.java:240)
	at org.springframework.security.web.ObservationFilterChainDecorator$ObservationFilter.doFilter(ObservationFilterChainDecorator.java:227)
	at org.springframework.security.web.ObservationFilterChainDecorator$VirtualFilterChain.doFilter(ObservationFilterChainDecorator.java:137)
	at de.tum.cit.aet.artemis.core.security.jwt.JWTFilter.doFilter(JWTFilter.java:55)
	at org.springframework.security.web.ObservationFilterChainDecorator$ObservationFilter.wrapFilter(ObservationFilterChainDecorator.java:240)
	at org.springframework.security.web.ObservationFilterChainDecorator$ObservationFilter.doFilter(ObservationFilterChainDecorator.java:227)
	at org.springframework.security.web.ObservationFilterChainDecorator$VirtualFilterChain.doFilter(ObservationFilterChainDecorator.java:137)
	at org.springframework.web.filter.CorsFilter.doFilterInternal(CorsFilter.java:91)
	at org.springframework.web.filter.OncePerRequestFilter.doFilter(OncePerRequestFilter.java:116)
	at org.springframework.security.web.ObservationFilterChainDecorator$ObservationFilter.wrapFilter(ObservationFilterChainDecorator.java:240)
	at org.springframework.security.web.ObservationFilterChainDecorator$ObservationFilter.doFilter(ObservationFilterChainDecorator.java:227)
	at org.springframework.security.web.ObservationFilterChainDecorator$VirtualFilterChain.doFilter(ObservationFilterChainDecorator.java:137)
	at org.springframework.web.filter.OncePerRequestFilter.doFilter(OncePerRequestFilter.java:110)
	at org.springframework.security.web.ObservationFilterChainDecorator$ObservationFilter.wrapFilter(ObservationFilterChainDecorator.java:240)
	at org.springframework.security.web.ObservationFilterChainDecorator$ObservationFilter.doFilter(ObservationFilterChainDecorator.java:227)
	at org.springframework.security.web.ObservationFilterChainDecorator$VirtualFilterChain.doFilter(ObservationFilterChainDecorator.java:137)
	at uk.ac.ox.ctl.lti13.security.oauth2.client.lti.web.OAuth2AuthorizationRequestRedirectFilter.doFilterInternal(OAuth2AuthorizationRequestRedirectFilter.java:142)
	at org.springframework.web.filter.OncePerRequestFilter.doFilter(OncePerRequestFilter.java:116)
	at org.springframework.security.web.ObservationFilterChainDecorator$ObservationFilter.wrapFilter(ObservationFilterChainDecorator.java:240)
	at org.springframework.security.web.ObservationFilterChainDecorator$ObservationFilter.doFilter(ObservationFilterChainDecorator.java:227)
	at org.springframework.security.web.ObservationFilterChainDecorator$VirtualFilterChain.doFilter(ObservationFilterChainDecorator.java:137)
	at org.springframework.security.web.authentication.logout.LogoutFilter.doFilter(LogoutFilter.java:107)
	at org.springframework.security.web.authentication.logout.LogoutFilter.doFilter(LogoutFilter.java:93)
	at org.springframework.security.web.ObservationFilterChainDecorator$ObservationFilter.wrapFilter(ObservationFilterChainDecorator.java:240)
	at org.springframework.security.web.ObservationFilterChainDecorator$ObservationFilter.doFilter(ObservationFilterChainDecorator.java:227)
	at org.springframework.security.web.ObservationFilterChainDecorator$VirtualFilterChain.doFilter(ObservationFilterChainDecorator.java:137)
	at org.springframework.security.web.header.HeaderWriterFilter.doHeadersAfter(HeaderWriterFilter.java:90)
	at org.springframework.security.web.header.HeaderWriterFilter.doFilterInternal(HeaderWriterFilter.java:75)
	at org.springframework.web.filter.OncePerRequestFilter.doFilter(OncePerRequestFilter.java:116)
	at org.springframework.security.web.ObservationFilterChainDecorator$ObservationFilter.wrapFilter(ObservationFilterChainDecorator.java:240)
	at org.springframework.security.web.ObservationFilterChainDecorator$ObservationFilter.doFilter(ObservationFilterChainDecorator.java:227)
	at org.springframework.security.web.ObservationFilterChainDecorator$VirtualFilterChain.doFilter(ObservationFilterChainDecorator.java:137)
	at org.springframework.security.web.context.SecurityContextHolderFilter.doFilter(SecurityContextHolderFilter.java:82)
	at org.springframework.security.web.context.SecurityContextHolderFilter.doFilter(SecurityContextHolderFilter.java:69)
	at org.springframework.security.web.ObservationFilterChainDecorator$ObservationFilter.wrapFilter(ObservationFilterChainDecorator.java:240)
	at org.springframework.security.web.ObservationFilterChainDecorator$ObservationFilter.doFilter(ObservationFilterChainDecorator.java:227)
	at org.springframework.security.web.ObservationFilterChainDecorator$VirtualFilterChain.doFilter(ObservationFilterChainDecorator.java:137)
	at org.springframework.security.web.context.request.async.WebAsyncManagerIntegrationFilter.doFilterInternal(WebAsyncManagerIntegrationFilter.java:62)
	at org.springframework.web.filter.OncePerRequestFilter.doFilter(OncePerRequestFilter.java:116)
	at org.springframework.security.web.ObservationFilterChainDecorator$ObservationFilter.wrapFilter(ObservationFilterChainDecorator.java:240)
	at org.springframework.security.web.ObservationFilterChainDecorator$ObservationFilter.doFilter(ObservationFilterChainDecorator.java:227)
	at org.springframework.security.web.ObservationFilterChainDecorator$VirtualFilterChain.doFilter(ObservationFilterChainDecorator.java:137)
	at org.springframework.security.web.session.DisableEncodeUrlFilter.doFilterInternal(DisableEncodeUrlFilter.java:42)
	at org.springframework.web.filter.OncePerRequestFilter.doFilter(OncePerRequestFilter.java:116)
	at org.springframework.security.web.ObservationFilterChainDecorator$ObservationFilter.wrapFilter(ObservationFilterChainDecorator.java:240)
	at org.springframework.security.web.ObservationFilterChainDecorator$AroundFilterObservation$SimpleAroundFilterObservation.lambda$wrap$0(ObservationFilterChainDecorator.java:323)
	at org.springframework.security.web.ObservationFilterChainDecorator$ObservationFilter.doFilter(ObservationFilterChainDecorator.java:224)
	at org.springframework.security.web.ObservationFilterChainDecorator$VirtualFilterChain.doFilter(ObservationFilterChainDecorator.java:137)
	at org.springframework.security.web.FilterChainProxy.doFilterInternal(FilterChainProxy.java:233)
	at org.springframework.security.web.FilterChainProxy.doFilter(FilterChainProxy.java:191)
	at org.springframework.web.filter.CompositeFilter$VirtualFilterChain.doFilter(CompositeFilter.java:113)
	at org.springframework.web.servlet.handler.HandlerMappingIntrospector.lambda$createCacheFilter$3(HandlerMappingIntrospector.java:243)
	at org.springframework.web.filter.CompositeFilter$VirtualFilterChain.doFilter(CompositeFilter.java:113)
	at org.springframework.web.filter.CompositeFilter.doFilter(CompositeFilter.java:74)
	at org.springframework.security.config.annotation.web.configuration.WebMvcSecurityConfiguration$CompositeFilterChainProxy.doFilter(WebMvcSecurityConfiguration.java:238)
	at org.springframework.web.filter.DelegatingFilterProxy.invokeDelegate(DelegatingFilterProxy.java:362)
	at org.springframework.web.filter.DelegatingFilterProxy.doFilter(DelegatingFilterProxy.java:278)
	at org.springframework.test.web.servlet.setup.MockMvcFilterDecorator.doFilter(MockMvcFilterDecorator.java:162)
	at org.springframework.mock.web.MockFilterChain.doFilter(MockFilterChain.java:132)
	at org.springframework.web.filter.RequestContextFilter.doFilterInternal(RequestContextFilter.java:100)
	at org.springframework.web.filter.OncePerRequestFilter.doFilter(OncePerRequestFilter.java:116)
	at org.springframework.test.web.servlet.setup.MockMvcFilterDecorator.doFilter(MockMvcFilterDecorator.java:162)
	at org.springframework.mock.web.MockFilterChain.doFilter(MockFilterChain.java:132)
	at org.springframework.web.filter.FormContentFilter.doFilterInternal(FormContentFilter.java:93)
	at org.springframework.web.filter.OncePerRequestFilter.doFilter(OncePerRequestFilter.java:116)
	at org.springframework.test.web.servlet.setup.MockMvcFilterDecorator.doFilter(MockMvcFilterDecorator.java:162)
	at org.springframework.mock.web.MockFilterChain.doFilter(MockFilterChain.java:132)
	at org.springframework.web.filter.ServerHttpObservationFilter.doFilterInternal(ServerHttpObservationFilter.java:114)
	at org.springframework.web.filter.OncePerRequestFilter.doFilter(OncePerRequestFilter.java:116)
	at org.springframework.test.web.servlet.setup.MockMvcFilterDecorator.doFilter(MockMvcFilterDecorator.java:162)
	at org.springframework.mock.web.MockFilterChain.doFilter(MockFilterChain.java:132)
	at io.sentry.spring.jakarta.tracing.SentryTracingFilter.doFilterInternal(SentryTracingFilter.java:91)
	at org.springframework.web.filter.OncePerRequestFilter.doFilter(OncePerRequestFilter.java:116)
	at org.springframework.test.web.servlet.setup.MockMvcFilterDecorator.doFilter(MockMvcFilterDecorator.java:162)
	at org.springframework.mock.web.MockFilterChain.doFilter(MockFilterChain.java:132)
	at org.springframework.web.filter.CharacterEncodingFilter.doFilterInternal(CharacterEncodingFilter.java:201)
	at org.springframework.web.filter.OncePerRequestFilter.doFilter(OncePerRequestFilter.java:116)
	at org.springframework.test.web.servlet.setup.MockMvcFilterDecorator.doFilter(MockMvcFilterDecorator.java:162)
	at org.springframework.mock.web.MockFilterChain.doFilter(MockFilterChain.java:132)
	at io.sentry.spring.jakarta.SentrySpringFilter.doFilterInternal(SentrySpringFilter.java:76)
	at org.springframework.web.filter.OncePerRequestFilter.doFilter(OncePerRequestFilter.java:116)
	at org.springframework.test.web.servlet.setup.MockMvcFilterDecorator.doFilter(MockMvcFilterDecorator.java:162)
	at org.springframework.mock.web.MockFilterChain.doFilter(MockFilterChain.java:132)
	at org.springframework.test.web.servlet.MockMvc.perform(MockMvc.java:201)
	at de.tum.cit.aet.artemis.core.util.RequestUtilService.performMvcRequest(RequestUtilService.java:79)
	at de.tum.cit.aet.artemis.core.util.RequestUtilService.postWithoutResponseBody(RequestUtilService.java:238)
	at de.tum.cit.aet.artemis.core.util.RequestUtilService.postWithoutResponseBody(RequestUtilService.java:224)
	at de.tum.cit.aet.artemis.exam.StudentExamIntegrationTest.testAssessExamWithSubmissionResult(StudentExamIntegrationTest.java:1276)
	at java.base/jdk.internal.reflect.DirectMethodHandleAccessor.invoke(DirectMethodHandleAccessor.java:103)
	at java.base/java.lang.reflect.Method.invoke(Method.java:580)
	at org.junit.platform.commons.util.ReflectionUtils.invokeMethod(ReflectionUtils.java:767)
	at org.junit.jupiter.engine.execution.MethodInvocation.proceed(MethodInvocation.java:60)
	at org.junit.jupiter.engine.execution.InvocationInterceptorChain$ValidatingInvocation.proceed(InvocationInterceptorChain.java:131)
	at org.junit.jupiter.engine.extension.TimeoutExtension.intercept(TimeoutExtension.java:156)
	at org.junit.jupiter.engine.extension.TimeoutExtension.interceptTestableMethod(TimeoutExtension.java:147)
	at org.junit.jupiter.engine.extension.TimeoutExtension.interceptTestMethod(TimeoutExtension.java:86)
	at org.junit.jupiter.engine.execution.InterceptingExecutableInvoker$ReflectiveInterceptorCall.lambda$ofVoidMethod$0(InterceptingExecutableInvoker.java:103)
	at org.junit.jupiter.engine.execution.InterceptingExecutableInvoker.lambda$invoke$0(InterceptingExecutableInvoker.java:93)
	at org.junit.jupiter.engine.execution.InvocationInterceptorChain$InterceptedInvocation.proceed(InvocationInterceptorChain.java:106)
	at org.junit.jupiter.engine.execution.InvocationInterceptorChain.proceed(InvocationInterceptorChain.java:64)
	at org.junit.jupiter.engine.execution.InvocationInterceptorChain.chainAndInvoke(InvocationInterceptorChain.java:45)
	at org.junit.jupiter.engine.execution.InvocationInterceptorChain.invoke(InvocationInterceptorChain.java:37)
	at org.junit.jupiter.engine.execution.InterceptingExecutableInvoker.invoke(InterceptingExecutableInvoker.java:92)
	at org.junit.jupiter.engine.execution.InterceptingExecutableInvoker.invoke(InterceptingExecutableInvoker.java:86)
	at org.junit.jupiter.engine.descriptor.TestMethodTestDescriptor.lambda$invokeTestMethod$8(TestMethodTestDescriptor.java:217)
	at org.junit.platform.engine.support.hierarchical.ThrowableCollector.execute(ThrowableCollector.java:73)
	at org.junit.jupiter.engine.descriptor.TestMethodTestDescriptor.invokeTestMethod(TestMethodTestDescriptor.java:213)
	at org.junit.jupiter.engine.descriptor.TestMethodTestDescriptor.execute(TestMethodTestDescriptor.java:138)
	at org.junit.jupiter.engine.descriptor.TestMethodTestDescriptor.execute(TestMethodTestDescriptor.java:68)
	at org.junit.platform.engine.support.hierarchical.NodeTestTask.lambda$executeRecursively$6(NodeTestTask.java:156)
	at org.junit.platform.engine.support.hierarchical.ThrowableCollector.execute(ThrowableCollector.java:73)
	at org.junit.platform.engine.support.hierarchical.NodeTestTask.lambda$executeRecursively$8(NodeTestTask.java:146)
	at org.junit.platform.engine.support.hierarchical.Node.around(Node.java:137)
	at org.junit.platform.engine.support.hierarchical.NodeTestTask.lambda$executeRecursively$9(NodeTestTask.java:144)
	at org.junit.platform.engine.support.hierarchical.ThrowableCollector.execute(ThrowableCollector.java:73)
	at org.junit.platform.engine.support.hierarchical.NodeTestTask.executeRecursively(NodeTestTask.java:143)
	at org.junit.platform.engine.support.hierarchical.NodeTestTask.execute(NodeTestTask.java:100)
	at org.junit.platform.engine.support.hierarchical.ForkJoinPoolHierarchicalTestExecutorService$ExclusiveTask.exec(ForkJoinPoolHierarchicalTestExecutorService.java:274)
	at org.junit.platform.engine.support.hierarchical.ForkJoinPoolHierarchicalTestExecutorService$ExclusiveTask.execSync(ForkJoinPoolHierarchicalTestExecutorService.java:247)
	at org.junit.platform.engine.support.hierarchical.ForkJoinPoolHierarchicalTestExecutorService.executeSync(ForkJoinPoolHierarchicalTestExecutorService.java:194)
	at org.junit.platform.engine.support.hierarchical.ForkJoinPoolHierarchicalTestExecutorService.invokeAll(ForkJoinPoolHierarchicalTestExecutorService.java:166)
	at org.junit.platform.engine.support.hierarchical.NodeTestTask.lambda$executeRecursively$6(NodeTestTask.java:160)
	at org.junit.platform.engine.support.hierarchical.ThrowableCollector.execute(ThrowableCollector.java:73)
	at org.junit.platform.engine.support.hierarchical.NodeTestTask.lambda$executeRecursively$8(NodeTestTask.java:146)
	at org.junit.platform.engine.support.hierarchical.Node.around(Node.java:137)
	at org.junit.platform.engine.support.hierarchical.NodeTestTask.lambda$executeRecursively$9(NodeTestTask.java:144)
	at org.junit.platform.engine.support.hierarchical.ThrowableCollector.execute(ThrowableCollector.java:73)
	at org.junit.platform.engine.support.hierarchical.NodeTestTask.executeRecursively(NodeTestTask.java:143)
	at org.junit.platform.engine.support.hierarchical.NodeTestTask.execute(NodeTestTask.java:100)
	at org.junit.platform.engine.support.hierarchical.ForkJoinPoolHierarchicalTestExecutorService$ExclusiveTask.exec(ForkJoinPoolHierarchicalTestExecutorService.java:274)
	at java.base/java.util.concurrent.ForkJoinTask.doExec(ForkJoinTask.java:387)
	at java.base/java.util.concurrent.ForkJoinPool$WorkQueue.topLevelExec(ForkJoinPool.java:1312)
	at java.base/java.util.concurrent.ForkJoinPool.scan(ForkJoinPool.java:1843)
	at java.base/java.util.concurrent.ForkJoinPool.runWorker(ForkJoinPool.java:1808)
	at java.base/java.util.concurrent.ForkJoinWorkerThread.run(ForkJoinWorkerThread.java:188)
    23:43:25.577 | 370 ool-1-worker-134 | ERROR | d.t.c.a.a.e.s.StudentExamService     : saveSubmission threw an exception
de.tum.cit.aet.artemis.core.exception.AccessForbiddenException: User studexamstudent1 cannot submit a different submission QuizSubmission{id=null, scoreInPoints='null'} for participation 978
	at de.tum.cit.aet.artemis.exam.service.StudentExamService.saveSubmission(StudentExamService.java:276)
	at de.tum.cit.aet.artemis.exam.service.StudentExamService.saveSubmissions(StudentExamService.java:238)
	at de.tum.cit.aet.artemis.exam.service.StudentExamService.submitStudentExam(StudentExamService.java:176)
	at java.base/jdk.internal.reflect.DirectMethodHandleAccessor.invoke(DirectMethodHandleAccessor.java:103)
	at java.base/java.lang.reflect.Method.invoke(Method.java:580)
	at org.springframework.aop.support.AopUtils.invokeJoinpointUsingReflection(AopUtils.java:359)
	at org.springframework.aop.framework.CglibAopProxy$DynamicAdvisedInterceptor.intercept(CglibAopProxy.java:723)
	at de.tum.cit.aet.artemis.exam.service.StudentExamService$$SpringCGLIB$$0.submitStudentExam(<generated>)
	at de.tum.cit.aet.artemis.exam.web.StudentExamResource.submitStudentExam(StudentExamResource.java:340)
	at java.base/jdk.internal.reflect.DirectMethodHandleAccessor.invoke(DirectMethodHandleAccessor.java:103)
	at java.base/java.lang.reflect.Method.invoke(Method.java:580)
	at org.springframework.aop.support.AopUtils.invokeJoinpointUsingReflection(AopUtils.java:359)
	at org.springframework.aop.framework.ReflectiveMethodInvocation.invokeJoinpoint(ReflectiveMethodInvocation.java:196)
	at org.springframework.aop.framework.ReflectiveMethodInvocation.proceed(ReflectiveMethodInvocation.java:163)
	at org.springframework.security.authorization.method.AuthorizationManagerBeforeMethodInterceptor.proceed(AuthorizationManagerBeforeMethodInterceptor.java:268)
	at org.springframework.security.authorization.method.AuthorizationManagerBeforeMethodInterceptor.attemptAuthorization(AuthorizationManagerBeforeMethodInterceptor.java:263)
	at org.springframework.security.authorization.method.AuthorizationManagerBeforeMethodInterceptor.invoke(AuthorizationManagerBeforeMethodInterceptor.java:196)
	at org.springframework.security.config.annotation.method.configuration.DeferringMethodInterceptor.invoke(DeferringMethodInterceptor.java:44)
	at org.springframework.aop.framework.ReflectiveMethodInvocation.proceed(ReflectiveMethodInvocation.java:184)
	at org.springframework.aop.framework.CglibAopProxy$DynamicAdvisedInterceptor.intercept(CglibAopProxy.java:727)
	at de.tum.cit.aet.artemis.exam.web.StudentExamResource$$SpringCGLIB$$0.submitStudentExam(<generated>)
	at java.base/jdk.internal.reflect.DirectMethodHandleAccessor.invoke(DirectMethodHandleAccessor.java:103)
	at java.base/java.lang.reflect.Method.invoke(Method.java:580)
	at org.springframework.web.method.support.InvocableHandlerMethod.doInvoke(InvocableHandlerMethod.java:257)
	at org.springframework.web.method.support.InvocableHandlerMethod.invokeForRequest(InvocableHandlerMethod.java:190)
	at org.springframework.web.servlet.mvc.method.annotation.ServletInvocableHandlerMethod.invokeAndHandle(ServletInvocableHandlerMethod.java:118)
	at org.springframework.web.servlet.mvc.method.annotation.RequestMappingHandlerAdapter.invokeHandlerMethod(RequestMappingHandlerAdapter.java:986)
	at org.springframework.web.servlet.mvc.method.annotation.RequestMappingHandlerAdapter.handleInternal(RequestMappingHandlerAdapter.java:891)
	at org.springframework.web.servlet.mvc.method.AbstractHandlerMethodAdapter.handle(AbstractHandlerMethodAdapter.java:87)
	at org.springframework.web.servlet.DispatcherServlet.doDispatch(DispatcherServlet.java:1088)
	at org.springframework.web.servlet.DispatcherServlet.doService(DispatcherServlet.java:978)
	at org.springframework.web.servlet.FrameworkServlet.processRequest(FrameworkServlet.java:1014)
	at org.springframework.web.servlet.FrameworkServlet.doPost(FrameworkServlet.java:914)
	at jakarta.servlet.http.HttpServlet.service(HttpServlet.java:547)
	at org.springframework.web.servlet.FrameworkServlet.service(FrameworkServlet.java:885)
	at org.springframework.test.web.servlet.TestDispatcherServlet.service(TestDispatcherServlet.java:72)
	at jakarta.servlet.http.HttpServlet.service(HttpServlet.java:614)
	at org.springframework.mock.web.MockFilterChain$ServletFilterProxy.doFilter(MockFilterChain.java:165)
	at org.springframework.mock.web.MockFilterChain.doFilter(MockFilterChain.java:132)
	at org.springframework.web.filter.OncePerRequestFilter.doFilter(OncePerRequestFilter.java:110)
	at org.springframework.test.web.servlet.setup.MockMvcFilterDecorator.doFilter(MockMvcFilterDecorator.java:162)
	at org.springframework.mock.web.MockFilterChain.doFilter(MockFilterChain.java:132)
	at de.tum.cit.aet.artemis.core.security.filter.ApiVersionFilter.doFilter(ApiVersionFilter.java:55)
	at org.springframework.test.web.servlet.setup.MockMvcFilterDecorator.doFilter(MockMvcFilterDecorator.java:162)
	at org.springframework.mock.web.MockFilterChain.doFilter(MockFilterChain.java:132)
	at io.sentry.spring.jakarta.SentryUserFilter.doFilterInternal(SentryUserFilter.java:56)
	at org.springframework.web.filter.OncePerRequestFilter.doFilter(OncePerRequestFilter.java:116)
	at org.springframework.test.web.servlet.setup.MockMvcFilterDecorator.doFilter(MockMvcFilterDecorator.java:162)
	at org.springframework.mock.web.MockFilterChain.doFilter(MockFilterChain.java:132)
	at org.springframework.web.filter.CompositeFilter$VirtualFilterChain.doFilter(CompositeFilter.java:108)
	at org.springframework.security.web.FilterChainProxy.lambda$doFilterInternal$3(FilterChainProxy.java:231)
	at org.springframework.security.web.ObservationFilterChainDecorator$FilterObservation$SimpleFilterObservation.lambda$wrap$1(ObservationFilterChainDecorator.java:479)
	at org.springframework.security.web.ObservationFilterChainDecorator$AroundFilterObservation$SimpleAroundFilterObservation.lambda$wrap$1(ObservationFilterChainDecorator.java:340)
	at org.springframework.security.web.ObservationFilterChainDecorator.lambda$wrapSecured$0(ObservationFilterChainDecorator.java:82)
	at org.springframework.security.web.ObservationFilterChainDecorator$VirtualFilterChain.doFilter(ObservationFilterChainDecorator.java:128)
	at org.springframework.security.web.access.intercept.AuthorizationFilter.doFilter(AuthorizationFilter.java:101)
	at org.springframework.security.web.ObservationFilterChainDecorator$ObservationFilter.wrapFilter(ObservationFilterChainDecorator.java:240)
	at org.springframework.security.web.ObservationFilterChainDecorator$ObservationFilter.doFilter(ObservationFilterChainDecorator.java:227)
	at org.springframework.security.web.ObservationFilterChainDecorator$VirtualFilterChain.doFilter(ObservationFilterChainDecorator.java:137)
	at org.springframework.security.web.access.ExceptionTranslationFilter.doFilter(ExceptionTranslationFilter.java:126)
	at org.springframework.security.web.access.ExceptionTranslationFilter.doFilter(ExceptionTranslationFilter.java:120)
	at org.springframework.security.web.ObservationFilterChainDecorator$ObservationFilter.wrapFilter(ObservationFilterChainDecorator.java:240)
	at org.springframework.security.web.ObservationFilterChainDecorator$ObservationFilter.doFilter(ObservationFilterChainDecorator.java:227)
	at org.springframework.security.web.ObservationFilterChainDecorator$VirtualFilterChain.doFilter(ObservationFilterChainDecorator.java:137)
	at org.springframework.security.web.session.SessionManagementFilter.doFilter(SessionManagementFilter.java:131)
	at org.springframework.security.web.session.SessionManagementFilter.doFilter(SessionManagementFilter.java:85)
	at org.springframework.security.web.ObservationFilterChainDecorator$ObservationFilter.wrapFilter(ObservationFilterChainDecorator.java:240)
	at org.springframework.security.web.ObservationFilterChainDecorator$ObservationFilter.doFilter(ObservationFilterChainDecorator.java:227)
	at org.springframework.security.web.ObservationFilterChainDecorator$VirtualFilterChain.doFilter(ObservationFilterChainDecorator.java:137)
	at org.springframework.security.web.authentication.AnonymousAuthenticationFilter.doFilter(AnonymousAuthenticationFilter.java:100)
	at org.springframework.security.web.ObservationFilterChainDecorator$ObservationFilter.wrapFilter(ObservationFilterChainDecorator.java:240)
	at org.springframework.security.web.ObservationFilterChainDecorator$ObservationFilter.doFilter(ObservationFilterChainDecorator.java:227)
	at org.springframework.security.web.ObservationFilterChainDecorator$VirtualFilterChain.doFilter(ObservationFilterChainDecorator.java:137)
	at org.springframework.security.web.servletapi.SecurityContextHolderAwareRequestFilter.doFilter(SecurityContextHolderAwareRequestFilter.java:179)
	at org.springframework.security.web.ObservationFilterChainDecorator$ObservationFilter.wrapFilter(ObservationFilterChainDecorator.java:240)
	at org.springframework.security.web.ObservationFilterChainDecorator$ObservationFilter.doFilter(ObservationFilterChainDecorator.java:227)
	at org.springframework.security.web.ObservationFilterChainDecorator$VirtualFilterChain.doFilter(ObservationFilterChainDecorator.java:137)
	at org.springframework.security.web.savedrequest.RequestCacheAwareFilter.doFilter(RequestCacheAwareFilter.java:63)
	at org.springframework.security.web.ObservationFilterChainDecorator$ObservationFilter.wrapFilter(ObservationFilterChainDecorator.java:240)
	at org.springframework.security.web.ObservationFilterChainDecorator$ObservationFilter.doFilter(ObservationFilterChainDecorator.java:227)
	at org.springframework.security.web.ObservationFilterChainDecorator$VirtualFilterChain.doFilter(ObservationFilterChainDecorator.java:137)
	at de.tum.cit.aet.artemis.core.security.filter.SpaWebFilter.doFilterInternal(SpaWebFilter.java:23)
	at org.springframework.web.filter.OncePerRequestFilter.doFilter(OncePerRequestFilter.java:116)
	at org.springframework.security.web.ObservationFilterChainDecorator$ObservationFilter.wrapFilter(ObservationFilterChainDecorator.java:240)
	at org.springframework.security.web.ObservationFilterChainDecorator$ObservationFilter.doFilter(ObservationFilterChainDecorator.java:227)
	at org.springframework.security.web.ObservationFilterChainDecorator$VirtualFilterChain.doFilter(ObservationFilterChainDecorator.java:137)
	at org.springframework.web.filter.OncePerRequestFilter.doFilter(OncePerRequestFilter.java:110)
	at org.springframework.security.web.ObservationFilterChainDecorator$ObservationFilter.wrapFilter(ObservationFilterChainDecorator.java:240)
	at org.springframework.security.web.ObservationFilterChainDecorator$ObservationFilter.doFilter(ObservationFilterChainDecorator.java:227)
	at org.springframework.security.web.ObservationFilterChainDecorator$VirtualFilterChain.doFilter(ObservationFilterChainDecorator.java:137)
	at de.tum.cit.aet.artemis.lti.config.Lti13LaunchFilter.doFilterInternal(Lti13LaunchFilter.java:60)
	at org.springframework.web.filter.OncePerRequestFilter.doFilter(OncePerRequestFilter.java:116)
	at org.springframework.security.web.ObservationFilterChainDecorator$ObservationFilter.wrapFilter(ObservationFilterChainDecorator.java:240)
	at org.springframework.security.web.ObservationFilterChainDecorator$ObservationFilter.doFilter(ObservationFilterChainDecorator.java:227)
	at org.springframework.security.web.ObservationFilterChainDecorator$VirtualFilterChain.doFilter(ObservationFilterChainDecorator.java:137)
	at de.tum.cit.aet.artemis.core.security.jwt.JWTFilter.doFilter(JWTFilter.java:55)
	at org.springframework.security.web.ObservationFilterChainDecorator$ObservationFilter.wrapFilter(ObservationFilterChainDecorator.java:240)
	at org.springframework.security.web.ObservationFilterChainDecorator$ObservationFilter.doFilter(ObservationFilterChainDecorator.java:227)
	at org.springframework.security.web.ObservationFilterChainDecorator$VirtualFilterChain.doFilter(ObservationFilterChainDecorator.java:137)
	at de.tum.cit.aet.artemis.core.security.jwt.JWTFilter.doFilter(JWTFilter.java:55)
	at org.springframework.security.web.ObservationFilterChainDecorator$ObservationFilter.wrapFilter(ObservationFilterChainDecorator.java:240)
	at org.springframework.security.web.ObservationFilterChainDecorator$ObservationFilter.doFilter(ObservationFilterChainDecorator.java:227)
	at org.springframework.security.web.ObservationFilterChainDecorator$VirtualFilterChain.doFilter(ObservationFilterChainDecorator.java:137)
	at org.springframework.web.filter.CorsFilter.doFilterInternal(CorsFilter.java:91)
	at org.springframework.web.filter.OncePerRequestFilter.doFilter(OncePerRequestFilter.java:116)
	at org.springframework.security.web.ObservationFilterChainDecorator$ObservationFilter.wrapFilter(ObservationFilterChainDecorator.java:240)
	at org.springframework.security.web.ObservationFilterChainDecorator$ObservationFilter.doFilter(ObservationFilterChainDecorator.java:227)
	at org.springframework.security.web.ObservationFilterChainDecorator$VirtualFilterChain.doFilter(ObservationFilterChainDecorator.java:137)
	at org.springframework.web.filter.OncePerRequestFilter.doFilter(OncePerRequestFilter.java:110)
	at org.springframework.security.web.ObservationFilterChainDecorator$ObservationFilter.wrapFilter(ObservationFilterChainDecorator.java:240)
	at org.springframework.security.web.ObservationFilterChainDecorator$ObservationFilter.doFilter(ObservationFilterChainDecorator.java:227)
	at org.springframework.security.web.ObservationFilterChainDecorator$VirtualFilterChain.doFilter(ObservationFilterChainDecorator.java:137)
	at uk.ac.ox.ctl.lti13.security.oauth2.client.lti.web.OAuth2AuthorizationRequestRedirectFilter.doFilterInternal(OAuth2AuthorizationRequestRedirectFilter.java:142)
	at org.springframework.web.filter.OncePerRequestFilter.doFilter(OncePerRequestFilter.java:116)
	at org.springframework.security.web.ObservationFilterChainDecorator$ObservationFilter.wrapFilter(ObservationFilterChainDecorator.java:240)
	at org.springframework.security.web.ObservationFilterChainDecorator$ObservationFilter.doFilter(ObservationFilterChainDecorator.java:227)
	at org.springframework.security.web.ObservationFilterChainDecorator$VirtualFilterChain.doFilter(ObservationFilterChainDecorator.java:137)
	at org.springframework.security.web.authentication.logout.LogoutFilter.doFilter(LogoutFilter.java:107)
	at org.springframework.security.web.authentication.logout.LogoutFilter.doFilter(LogoutFilter.java:93)
	at org.springframework.security.web.ObservationFilterChainDecorator$ObservationFilter.wrapFilter(ObservationFilterChainDecorator.java:240)
	at org.springframework.security.web.ObservationFilterChainDecorator$ObservationFilter.doFilter(ObservationFilterChainDecorator.java:227)
	at org.springframework.security.web.ObservationFilterChainDecorator$VirtualFilterChain.doFilter(ObservationFilterChainDecorator.java:137)
	at org.springframework.security.web.header.HeaderWriterFilter.doHeadersAfter(HeaderWriterFilter.java:90)
	at org.springframework.security.web.header.HeaderWriterFilter.doFilterInternal(HeaderWriterFilter.java:75)
	at org.springframework.web.filter.OncePerRequestFilter.doFilter(OncePerRequestFilter.java:116)
	at org.springframework.security.web.ObservationFilterChainDecorator$ObservationFilter.wrapFilter(ObservationFilterChainDecorator.java:240)
	at org.springframework.security.web.ObservationFilterChainDecorator$ObservationFilter.doFilter(ObservationFilterChainDecorator.java:227)
	at org.springframework.security.web.ObservationFilterChainDecorator$VirtualFilterChain.doFilter(ObservationFilterChainDecorator.java:137)
	at org.springframework.security.web.context.SecurityContextHolderFilter.doFilter(SecurityContextHolderFilter.java:82)
	at org.springframework.security.web.context.SecurityContextHolderFilter.doFilter(SecurityContextHolderFilter.java:69)
	at org.springframework.security.web.ObservationFilterChainDecorator$ObservationFilter.wrapFilter(ObservationFilterChainDecorator.java:240)
	at org.springframework.security.web.ObservationFilterChainDecorator$ObservationFilter.doFilter(ObservationFilterChainDecorator.java:227)
	at org.springframework.security.web.ObservationFilterChainDecorator$VirtualFilterChain.doFilter(ObservationFilterChainDecorator.java:137)
	at org.springframework.security.web.context.request.async.WebAsyncManagerIntegrationFilter.doFilterInternal(WebAsyncManagerIntegrationFilter.java:62)
	at org.springframework.web.filter.OncePerRequestFilter.doFilter(OncePerRequestFilter.java:116)
	at org.springframework.security.web.ObservationFilterChainDecorator$ObservationFilter.wrapFilter(ObservationFilterChainDecorator.java:240)
	at org.springframework.security.web.ObservationFilterChainDecorator$ObservationFilter.doFilter(ObservationFilterChainDecorator.java:227)
	at org.springframework.security.web.ObservationFilterChainDecorator$VirtualFilterChain.doFilter(ObservationFilterChainDecorator.java:137)
	at org.springframework.security.web.session.DisableEncodeUrlFilter.doFilterInternal(DisableEncodeUrlFilter.java:42)
	at org.springframework.web.filter.OncePerRequestFilter.doFilter(OncePerRequestFilter.java:116)
	at org.springframework.security.web.ObservationFilterChainDecorator$ObservationFilter.wrapFilter(ObservationFilterChainDecorator.java:240)
	at org.springframework.security.web.ObservationFilterChainDecorator$AroundFilterObservation$SimpleAroundFilterObservation.lambda$wrap$0(ObservationFilterChainDecorator.java:323)
	at org.springframework.security.web.ObservationFilterChainDecorator$ObservationFilter.doFilter(ObservationFilterChainDecorator.java:224)
	at org.springframework.security.web.ObservationFilterChainDecorator$VirtualFilterChain.doFilter(ObservationFilterChainDecorator.java:137)
	at org.springframework.security.web.FilterChainProxy.doFilterInternal(FilterChainProxy.java:233)
	at org.springframework.security.web.FilterChainProxy.doFilter(FilterChainProxy.java:191)
	at org.springframework.web.filter.CompositeFilter$VirtualFilterChain.doFilter(CompositeFilter.java:113)
	at org.springframework.web.servlet.handler.HandlerMappingIntrospector.lambda$createCacheFilter$3(HandlerMappingIntrospector.java:243)
	at org.springframework.web.filter.CompositeFilter$VirtualFilterChain.doFilter(CompositeFilter.java:113)
	at org.springframework.web.filter.CompositeFilter.doFilter(CompositeFilter.java:74)
	at org.springframework.security.config.annotation.web.configuration.WebMvcSecurityConfiguration$CompositeFilterChainProxy.doFilter(WebMvcSecurityConfiguration.java:238)
	at org.springframework.web.filter.DelegatingFilterProxy.invokeDelegate(DelegatingFilterProxy.java:362)
	at org.springframework.web.filter.DelegatingFilterProxy.doFilter(DelegatingFilterProxy.java:278)
	at org.springframework.test.web.servlet.setup.MockMvcFilterDecorator.doFilter(MockMvcFilterDecorator.java:162)
	at org.springframework.mock.web.MockFilterChain.doFilter(MockFilterChain.java:132)
	at org.springframework.web.filter.RequestContextFilter.doFilterInternal(RequestContextFilter.java:100)
	at org.springframework.web.filter.OncePerRequestFilter.doFilter(OncePerRequestFilter.java:116)
	at org.springframework.test.web.servlet.setup.MockMvcFilterDecorator.doFilter(MockMvcFilterDecorator.java:162)
	at org.springframework.mock.web.MockFilterChain.doFilter(MockFilterChain.java:132)
	at org.springframework.web.filter.FormContentFilter.doFilterInternal(FormContentFilter.java:93)
	at org.springframework.web.filter.OncePerRequestFilter.doFilter(OncePerRequestFilter.java:116)
	at org.springframework.test.web.servlet.setup.MockMvcFilterDecorator.doFilter(MockMvcFilterDecorator.java:162)
	at org.springframework.mock.web.MockFilterChain.doFilter(MockFilterChain.java:132)
	at org.springframework.web.filter.ServerHttpObservationFilter.doFilterInternal(ServerHttpObservationFilter.java:114)
	at org.springframework.web.filter.OncePerRequestFilter.doFilter(OncePerRequestFilter.java:116)
	at org.springframework.test.web.servlet.setup.MockMvcFilterDecorator.doFilter(MockMvcFilterDecorator.java:162)
	at org.springframework.mock.web.MockFilterChain.doFilter(MockFilterChain.java:132)
	at io.sentry.spring.jakarta.tracing.SentryTracingFilter.doFilterInternal(SentryTracingFilter.java:91)
	at org.springframework.web.filter.OncePerRequestFilter.doFilter(OncePerRequestFilter.java:116)
	at org.springframework.test.web.servlet.setup.MockMvcFilterDecorator.doFilter(MockMvcFilterDecorator.java:162)
	at org.springframework.mock.web.MockFilterChain.doFilter(MockFilterChain.java:132)
	at org.springframework.web.filter.CharacterEncodingFilter.doFilterInternal(CharacterEncodingFilter.java:201)
	at org.springframework.web.filter.OncePerRequestFilter.doFilter(OncePerRequestFilter.java:116)
	at org.springframework.test.web.servlet.setup.MockMvcFilterDecorator.doFilter(MockMvcFilterDecorator.java:162)
	at org.springframework.mock.web.MockFilterChain.doFilter(MockFilterChain.java:132)
	at io.sentry.spring.jakarta.SentrySpringFilter.doFilterInternal(SentrySpringFilter.java:76)
	at org.springframework.web.filter.OncePerRequestFilter.doFilter(OncePerRequestFilter.java:116)
	at org.springframework.test.web.servlet.setup.MockMvcFilterDecorator.doFilter(MockMvcFilterDecorator.java:162)
	at org.springframework.mock.web.MockFilterChain.doFilter(MockFilterChain.java:132)
	at org.springframework.test.web.servlet.MockMvc.perform(MockMvc.java:201)
	at de.tum.cit.aet.artemis.core.util.RequestUtilService.performMvcRequest(RequestUtilService.java:79)
	at de.tum.cit.aet.artemis.core.util.RequestUtilService.postWithoutResponseBody(RequestUtilService.java:238)
	at de.tum.cit.aet.artemis.core.util.RequestUtilService.postWithoutResponseBody(RequestUtilService.java:224)
	at de.tum.cit.aet.artemis.exam.StudentExamIntegrationTest.testAssessExamWithSubmissionResult(StudentExamIntegrationTest.java:1276)
	at java.base/jdk.internal.reflect.DirectMethodHandleAccessor.invoke(DirectMethodHandleAccessor.java:103)
	at java.base/java.lang.reflect.Method.invoke(Method.java:580)
	at org.junit.platform.commons.util.ReflectionUtils.invokeMethod(ReflectionUtils.java:767)
	at org.junit.jupiter.engine.execution.MethodInvocation.proceed(MethodInvocation.java:60)
	at org.junit.jupiter.engine.execution.InvocationInterceptorChain$ValidatingInvocation.proceed(InvocationInterceptorChain.java:131)
	at org.junit.jupiter.engine.extension.TimeoutExtension.intercept(TimeoutExtension.java:156)
	at org.junit.jupiter.engine.extension.TimeoutExtension.interceptTestableMethod(TimeoutExtension.java:147)
	at org.junit.jupiter.engine.extension.TimeoutExtension.interceptTestMethod(TimeoutExtension.java:86)
	at org.junit.jupiter.engine.execution.InterceptingExecutableInvoker$ReflectiveInterceptorCall.lambda$ofVoidMethod$0(InterceptingExecutableInvoker.java:103)
	at org.junit.jupiter.engine.execution.InterceptingExecutableInvoker.lambda$invoke$0(InterceptingExecutableInvoker.java:93)
	at org.junit.jupiter.engine.execution.InvocationInterceptorChain$InterceptedInvocation.proceed(InvocationInterceptorChain.java:106)
	at org.junit.jupiter.engine.execution.InvocationInterceptorChain.proceed(InvocationInterceptorChain.java:64)
	at org.junit.jupiter.engine.execution.InvocationInterceptorChain.chainAndInvoke(InvocationInterceptorChain.java:45)
	at org.junit.jupiter.engine.execution.InvocationInterceptorChain.invoke(InvocationInterceptorChain.java:37)
	at org.junit.jupiter.engine.execution.InterceptingExecutableInvoker.invoke(InterceptingExecutableInvoker.java:92)
	at org.junit.jupiter.engine.execution.InterceptingExecutableInvoker.invoke(InterceptingExecutableInvoker.java:86)
	at org.junit.jupiter.engine.descriptor.TestMethodTestDescriptor.lambda$invokeTestMethod$8(TestMethodTestDescriptor.java:217)
	at org.junit.platform.engine.support.hierarchical.ThrowableCollector.execute(ThrowableCollector.java:73)
	at org.junit.jupiter.engine.descriptor.TestMethodTestDescriptor.invokeTestMethod(TestMethodTestDescriptor.java:213)
	at org.junit.jupiter.engine.descriptor.TestMethodTestDescriptor.execute(TestMethodTestDescriptor.java:138)
	at org.junit.jupiter.engine.descriptor.TestMethodTestDescriptor.execute(TestMethodTestDescriptor.java:68)
	at org.junit.platform.engine.support.hierarchical.NodeTestTask.lambda$executeRecursively$6(NodeTestTask.java:156)
	at org.junit.platform.engine.support.hierarchical.ThrowableCollector.execute(ThrowableCollector.java:73)
	at org.junit.platform.engine.support.hierarchical.NodeTestTask.lambda$executeRecursively$8(NodeTestTask.java:146)
	at org.junit.platform.engine.support.hierarchical.Node.around(Node.java:137)
	at org.junit.platform.engine.support.hierarchical.NodeTestTask.lambda$executeRecursively$9(NodeTestTask.java:144)
	at org.junit.platform.engine.support.hierarchical.ThrowableCollector.execute(ThrowableCollector.java:73)
	at org.junit.platform.engine.support.hierarchical.NodeTestTask.executeRecursively(NodeTestTask.java:143)
	at org.junit.platform.engine.support.hierarchical.NodeTestTask.execute(NodeTestTask.java:100)
	at org.junit.platform.engine.support.hierarchical.ForkJoinPoolHierarchicalTestExecutorService$ExclusiveTask.exec(ForkJoinPoolHierarchicalTestExecutorService.java:274)
	at org.junit.platform.engine.support.hierarchical.ForkJoinPoolHierarchicalTestExecutorService$ExclusiveTask.execSync(ForkJoinPoolHierarchicalTestExecutorService.java:247)
	at org.junit.platform.engine.support.hierarchical.ForkJoinPoolHierarchicalTestExecutorService.executeSync(ForkJoinPoolHierarchicalTestExecutorService.java:194)
	at org.junit.platform.engine.support.hierarchical.ForkJoinPoolHierarchicalTestExecutorService.invokeAll(ForkJoinPoolHierarchicalTestExecutorService.java:166)
	at org.junit.platform.engine.support.hierarchical.NodeTestTask.lambda$executeRecursively$6(NodeTestTask.java:160)
	at org.junit.platform.engine.support.hierarchical.ThrowableCollector.execute(ThrowableCollector.java:73)
	at org.junit.platform.engine.support.hierarchical.NodeTestTask.lambda$executeRecursively$8(NodeTestTask.java:146)
	at org.junit.platform.engine.support.hierarchical.Node.around(Node.java:137)
	at org.junit.platform.engine.support.hierarchical.NodeTestTask.lambda$executeRecursively$9(NodeTestTask.java:144)
	at org.junit.platform.engine.support.hierarchical.ThrowableCollector.execute(ThrowableCollector.java:73)
	at org.junit.platform.engine.support.hierarchical.NodeTestTask.executeRecursively(NodeTestTask.java:143)
	at org.junit.platform.engine.support.hierarchical.NodeTestTask.execute(NodeTestTask.java:100)
	at org.junit.platform.engine.support.hierarchical.ForkJoinPoolHierarchicalTestExecutorService$ExclusiveTask.exec(ForkJoinPoolHierarchicalTestExecutorService.java:274)
	at java.base/java.util.concurrent.ForkJoinTask.doExec(ForkJoinTask.java:387)
	at java.base/java.util.concurrent.ForkJoinPool$WorkQueue.topLevelExec(ForkJoinPool.java:1312)
	at java.base/java.util.concurrent.ForkJoinPool.scan(ForkJoinPool.java:1843)
	at java.base/java.util.concurrent.ForkJoinPool.runWorker(ForkJoinPool.java:1808)
	at java.base/java.util.concurrent.ForkJoinWorkerThread.run(ForkJoinWorkerThread.java:188)
    23:43:25.578 | 370 ool-1-worker-134 | ERROR | d.t.c.a.a.e.s.StudentExamService     : saveSubmission threw an exception
de.tum.cit.aet.artemis.core.exception.AccessForbiddenException: User studexamstudent1 cannot submit a different submission ModelingSubmission{id=null} for participation 980
	at de.tum.cit.aet.artemis.exam.service.StudentExamService.saveSubmission(StudentExamService.java:276)
	at de.tum.cit.aet.artemis.exam.service.StudentExamService.saveSubmissions(StudentExamService.java:238)
	at de.tum.cit.aet.artemis.exam.service.StudentExamService.submitStudentExam(StudentExamService.java:176)
	at java.base/jdk.internal.reflect.DirectMethodHandleAccessor.invoke(DirectMethodHandleAccessor.java:103)
	at java.base/java.lang.reflect.Method.invoke(Method.java:580)
	at org.springframework.aop.support.AopUtils.invokeJoinpointUsingReflection(AopUtils.java:359)
	at org.springframework.aop.framework.CglibAopProxy$DynamicAdvisedInterceptor.intercept(CglibAopProxy.java:723)
	at de.tum.cit.aet.artemis.exam.service.StudentExamService$$SpringCGLIB$$0.submitStudentExam(<generated>)
	at de.tum.cit.aet.artemis.exam.web.StudentExamResource.submitStudentExam(StudentExamResource.java:340)
	at java.base/jdk.internal.reflect.DirectMethodHandleAccessor.invoke(DirectMethodHandleAccessor.java:103)
	at java.base/java.lang.reflect.Method.invoke(Method.java:580)
	at org.springframework.aop.support.AopUtils.invokeJoinpointUsingReflection(AopUtils.java:359)
	at org.springframework.aop.framework.ReflectiveMethodInvocation.invokeJoinpoint(ReflectiveMethodInvocation.java:196)
	at org.springframework.aop.framework.ReflectiveMethodInvocation.proceed(ReflectiveMethodInvocation.java:163)
	at org.springframework.security.authorization.method.AuthorizationManagerBeforeMethodInterceptor.proceed(AuthorizationManagerBeforeMethodInterceptor.java:268)
	at org.springframework.security.authorization.method.AuthorizationManagerBeforeMethodInterceptor.attemptAuthorization(AuthorizationManagerBeforeMethodInterceptor.java:263)
	at org.springframework.security.authorization.method.AuthorizationManagerBeforeMethodInterceptor.invoke(AuthorizationManagerBeforeMethodInterceptor.java:196)
	at org.springframework.security.config.annotation.method.configuration.DeferringMethodInterceptor.invoke(DeferringMethodInterceptor.java:44)
	at org.springframework.aop.framework.ReflectiveMethodInvocation.proceed(ReflectiveMethodInvocation.java:184)
	at org.springframework.aop.framework.CglibAopProxy$DynamicAdvisedInterceptor.intercept(CglibAopProxy.java:727)
	at de.tum.cit.aet.artemis.exam.web.StudentExamResource$$SpringCGLIB$$0.submitStudentExam(<generated>)
	at java.base/jdk.internal.reflect.DirectMethodHandleAccessor.invoke(DirectMethodHandleAccessor.java:103)
	at java.base/java.lang.reflect.Method.invoke(Method.java:580)
	at org.springframework.web.method.support.InvocableHandlerMethod.doInvoke(InvocableHandlerMethod.java:257)
	at org.springframework.web.method.support.InvocableHandlerMethod.invokeForRequest(InvocableHandlerMethod.java:190)
	at org.springframework.web.servlet.mvc.method.annotation.ServletInvocableHandlerMethod.invokeAndHandle(ServletInvocableHandlerMethod.java:118)
	at org.springframework.web.servlet.mvc.method.annotation.RequestMappingHandlerAdapter.invokeHandlerMethod(RequestMappingHandlerAdapter.java:986)
	at org.springframework.web.servlet.mvc.method.annotation.RequestMappingHandlerAdapter.handleInternal(RequestMappingHandlerAdapter.java:891)
	at org.springframework.web.servlet.mvc.method.AbstractHandlerMethodAdapter.handle(AbstractHandlerMethodAdapter.java:87)
	at org.springframework.web.servlet.DispatcherServlet.doDispatch(DispatcherServlet.java:1088)
	at org.springframework.web.servlet.DispatcherServlet.doService(DispatcherServlet.java:978)
	at org.springframework.web.servlet.FrameworkServlet.processRequest(FrameworkServlet.java:1014)
	at org.springframework.web.servlet.FrameworkServlet.doPost(FrameworkServlet.java:914)
	at jakarta.servlet.http.HttpServlet.service(HttpServlet.java:547)
	at org.springframework.web.servlet.FrameworkServlet.service(FrameworkServlet.java:885)
	at org.springframework.test.web.servlet.TestDispatcherServlet.service(TestDispatcherServlet.java:72)
	at jakarta.servlet.http.HttpServlet.service(HttpServlet.java:614)
	at org.springframework.mock.web.MockFilterChain$ServletFilterProxy.doFilter(MockFilterChain.java:165)
	at org.springframework.mock.web.MockFilterChain.doFilter(MockFilterChain.java:132)
	at org.springframework.web.filter.OncePerRequestFilter.doFilter(OncePerRequestFilter.java:110)
	at org.springframework.test.web.servlet.setup.MockMvcFilterDecorator.doFilter(MockMvcFilterDecorator.java:162)
	at org.springframework.mock.web.MockFilterChain.doFilter(MockFilterChain.java:132)
	at de.tum.cit.aet.artemis.core.security.filter.ApiVersionFilter.doFilter(ApiVersionFilter.java:55)
	at org.springframework.test.web.servlet.setup.MockMvcFilterDecorator.doFilter(MockMvcFilterDecorator.java:162)
	at org.springframework.mock.web.MockFilterChain.doFilter(MockFilterChain.java:132)
	at io.sentry.spring.jakarta.SentryUserFilter.doFilterInternal(SentryUserFilter.java:56)
	at org.springframework.web.filter.OncePerRequestFilter.doFilter(OncePerRequestFilter.java:116)
	at org.springframework.test.web.servlet.setup.MockMvcFilterDecorator.doFilter(MockMvcFilterDecorator.java:162)
	at org.springframework.mock.web.MockFilterChain.doFilter(MockFilterChain.java:132)
	at org.springframework.web.filter.CompositeFilter$VirtualFilterChain.doFilter(CompositeFilter.java:108)
	at org.springframework.security.web.FilterChainProxy.lambda$doFilterInternal$3(FilterChainProxy.java:231)
	at org.springframework.security.web.ObservationFilterChainDecorator$FilterObservation$SimpleFilterObservation.lambda$wrap$1(ObservationFilterChainDecorator.java:479)
	at org.springframework.security.web.ObservationFilterChainDecorator$AroundFilterObservation$SimpleAroundFilterObservation.lambda$wrap$1(ObservationFilterChainDecorator.java:340)
	at org.springframework.security.web.ObservationFilterChainDecorator.lambda$wrapSecured$0(ObservationFilterChainDecorator.java:82)
	at org.springframework.security.web.ObservationFilterChainDecorator$VirtualFilterChain.doFilter(ObservationFilterChainDecorator.java:128)
	at org.springframework.security.web.access.intercept.AuthorizationFilter.doFilter(AuthorizationFilter.java:101)
	at org.springframework.security.web.ObservationFilterChainDecorator$ObservationFilter.wrapFilter(ObservationFilterChainDecorator.java:240)
	at org.springframework.security.web.ObservationFilterChainDecorator$ObservationFilter.doFilter(ObservationFilterChainDecorator.java:227)
	at org.springframework.security.web.ObservationFilterChainDecorator$VirtualFilterChain.doFilter(ObservationFilterChainDecorator.java:137)
	at org.springframework.security.web.access.ExceptionTranslationFilter.doFilter(ExceptionTranslationFilter.java:126)
	at org.springframework.security.web.access.ExceptionTranslationFilter.doFilter(ExceptionTranslationFilter.java:120)
	at org.springframework.security.web.ObservationFilterChainDecorator$ObservationFilter.wrapFilter(ObservationFilterChainDecorator.java:240)
	at org.springframework.security.web.ObservationFilterChainDecorator$ObservationFilter.doFilter(ObservationFilterChainDecorator.java:227)
	at org.springframework.security.web.ObservationFilterChainDecorator$VirtualFilterChain.doFilter(ObservationFilterChainDecorator.java:137)
	at org.springframework.security.web.session.SessionManagementFilter.doFilter(SessionManagementFilter.java:131)
	at org.springframework.security.web.session.SessionManagementFilter.doFilter(SessionManagementFilter.java:85)
	at org.springframework.security.web.ObservationFilterChainDecorator$ObservationFilter.wrapFilter(ObservationFilterChainDecorator.java:240)
	at org.springframework.security.web.ObservationFilterChainDecorator$ObservationFilter.doFilter(ObservationFilterChainDecorator.java:227)
	at org.springframework.security.web.ObservationFilterChainDecorator$VirtualFilterChain.doFilter(ObservationFilterChainDecorator.java:137)
	at org.springframework.security.web.authentication.AnonymousAuthenticationFilter.doFilter(AnonymousAuthenticationFilter.java:100)
	at org.springframework.security.web.ObservationFilterChainDecorator$ObservationFilter.wrapFilter(ObservationFilterChainDecorator.java:240)
	at org.springframework.security.web.ObservationFilterChainDecorator$ObservationFilter.doFilter(ObservationFilterChainDecorator.java:227)
	at org.springframework.security.web.ObservationFilterChainDecorator$VirtualFilterChain.doFilter(ObservationFilterChainDecorator.java:137)
	at org.springframework.security.web.servletapi.SecurityContextHolderAwareRequestFilter.doFilter(SecurityContextHolderAwareRequestFilter.java:179)
	at org.springframework.security.web.ObservationFilterChainDecorator$ObservationFilter.wrapFilter(ObservationFilterChainDecorator.java:240)
	at org.springframework.security.web.ObservationFilterChainDecorator$ObservationFilter.doFilter(ObservationFilterChainDecorator.java:227)
	at org.springframework.security.web.ObservationFilterChainDecorator$VirtualFilterChain.doFilter(ObservationFilterChainDecorator.java:137)
	at org.springframework.security.web.savedrequest.RequestCacheAwareFilter.doFilter(RequestCacheAwareFilter.java:63)
	at org.springframework.security.web.ObservationFilterChainDecorator$ObservationFilter.wrapFilter(ObservationFilterChainDecorator.java:240)
	at org.springframework.security.web.ObservationFilterChainDecorator$ObservationFilter.doFilter(ObservationFilterChainDecorator.java:227)
	at org.springframework.security.web.ObservationFilterChainDecorator$VirtualFilterChain.doFilter(ObservationFilterChainDecorator.java:137)
	at de.tum.cit.aet.artemis.core.security.filter.SpaWebFilter.doFilterInternal(SpaWebFilter.java:23)
	at org.springframework.web.filter.OncePerRequestFilter.doFilter(OncePerRequestFilter.java:116)
	at org.springframework.security.web.ObservationFilterChainDecorator$ObservationFilter.wrapFilter(ObservationFilterChainDecorator.java:240)
	at org.springframework.security.web.ObservationFilterChainDecorator$ObservationFilter.doFilter(ObservationFilterChainDecorator.java:227)
	at org.springframework.security.web.ObservationFilterChainDecorator$VirtualFilterChain.doFilter(ObservationFilterChainDecorator.java:137)
	at org.springframework.web.filter.OncePerRequestFilter.doFilter(OncePerRequestFilter.java:110)
	at org.springframework.security.web.ObservationFilterChainDecorator$ObservationFilter.wrapFilter(ObservationFilterChainDecorator.java:240)
	at org.springframework.security.web.ObservationFilterChainDecorator$ObservationFilter.doFilter(ObservationFilterChainDecorator.java:227)
	at org.springframework.security.web.ObservationFilterChainDecorator$VirtualFilterChain.doFilter(ObservationFilterChainDecorator.java:137)
	at de.tum.cit.aet.artemis.lti.config.Lti13LaunchFilter.doFilterInternal(Lti13LaunchFilter.java:60)
	at org.springframework.web.filter.OncePerRequestFilter.doFilter(OncePerRequestFilter.java:116)
	at org.springframework.security.web.ObservationFilterChainDecorator$ObservationFilter.wrapFilter(ObservationFilterChainDecorator.java:240)
	at org.springframework.security.web.ObservationFilterChainDecorator$ObservationFilter.doFilter(ObservationFilterChainDecorator.java:227)
	at org.springframework.security.web.ObservationFilterChainDecorator$VirtualFilterChain.doFilter(ObservationFilterChainDecorator.java:137)
	at de.tum.cit.aet.artemis.core.security.jwt.JWTFilter.doFilter(JWTFilter.java:55)
	at org.springframework.security.web.ObservationFilterChainDecorator$ObservationFilter.wrapFilter(ObservationFilterChainDecorator.java:240)
	at org.springframework.security.web.ObservationFilterChainDecorator$ObservationFilter.doFilter(ObservationFilterChainDecorator.java:227)
	at org.springframework.security.web.ObservationFilterChainDecorator$VirtualFilterChain.doFilter(ObservationFilterChainDecorator.java:137)
	at de.tum.cit.aet.artemis.core.security.jwt.JWTFilter.doFilter(JWTFilter.java:55)
	at org.springframework.security.web.ObservationFilterChainDecorator$ObservationFilter.wrapFilter(ObservationFilterChainDecorator.java:240)
	at org.springframework.security.web.ObservationFilterChainDecorator$ObservationFilter.doFilter(ObservationFilterChainDecorator.java:227)
	at org.springframework.security.web.ObservationFilterChainDecorator$VirtualFilterChain.doFilter(ObservationFilterChainDecorator.java:137)
	at org.springframework.web.filter.CorsFilter.doFilterInternal(CorsFilter.java:91)
	at org.springframework.web.filter.OncePerRequestFilter.doFilter(OncePerRequestFilter.java:116)
	at org.springframework.security.web.ObservationFilterChainDecorator$ObservationFilter.wrapFilter(ObservationFilterChainDecorator.java:240)
	at org.springframework.security.web.ObservationFilterChainDecorator$ObservationFilter.doFilter(ObservationFilterChainDecorator.java:227)
	at org.springframework.security.web.ObservationFilterChainDecorator$VirtualFilterChain.doFilter(ObservationFilterChainDecorator.java:137)
	at org.springframework.web.filter.OncePerRequestFilter.doFilter(OncePerRequestFilter.java:110)
	at org.springframework.security.web.ObservationFilterChainDecorator$ObservationFilter.wrapFilter(ObservationFilterChainDecorator.java:240)
	at org.springframework.security.web.ObservationFilterChainDecorator$ObservationFilter.doFilter(ObservationFilterChainDecorator.java:227)
	at org.springframework.security.web.ObservationFilterChainDecorator$VirtualFilterChain.doFilter(ObservationFilterChainDecorator.java:137)
	at uk.ac.ox.ctl.lti13.security.oauth2.client.lti.web.OAuth2AuthorizationRequestRedirectFilter.doFilterInternal(OAuth2AuthorizationRequestRedirectFilter.java:142)
	at org.springframework.web.filter.OncePerRequestFilter.doFilter(OncePerRequestFilter.java:116)
	at org.springframework.security.web.ObservationFilterChainDecorator$ObservationFilter.wrapFilter(ObservationFilterChainDecorator.java:240)
	at org.springframework.security.web.ObservationFilterChainDecorator$ObservationFilter.doFilter(ObservationFilterChainDecorator.java:227)
	at org.springframework.security.web.ObservationFilterChainDecorator$VirtualFilterChain.doFilter(ObservationFilterChainDecorator.java:137)
	at org.springframework.security.web.authentication.logout.LogoutFilter.doFilter(LogoutFilter.java:107)
	at org.springframework.security.web.authentication.logout.LogoutFilter.doFilter(LogoutFilter.java:93)
	at org.springframework.security.web.ObservationFilterChainDecorator$ObservationFilter.wrapFilter(ObservationFilterChainDecorator.java:240)
	at org.springframework.security.web.ObservationFilterChainDecorator$ObservationFilter.doFilter(ObservationFilterChainDecorator.java:227)
	at org.springframework.security.web.ObservationFilterChainDecorator$VirtualFilterChain.doFilter(ObservationFilterChainDecorator.java:137)
	at org.springframework.security.web.header.HeaderWriterFilter.doHeadersAfter(HeaderWriterFilter.java:90)
	at org.springframework.security.web.header.HeaderWriterFilter.doFilterInternal(HeaderWriterFilter.java:75)
	at org.springframework.web.filter.OncePerRequestFilter.doFilter(OncePerRequestFilter.java:116)
	at org.springframework.security.web.ObservationFilterChainDecorator$ObservationFilter.wrapFilter(ObservationFilterChainDecorator.java:240)
	at org.springframework.security.web.ObservationFilterChainDecorator$ObservationFilter.doFilter(ObservationFilterChainDecorator.java:227)
	at org.springframework.security.web.ObservationFilterChainDecorator$VirtualFilterChain.doFilter(ObservationFilterChainDecorator.java:137)
	at org.springframework.security.web.context.SecurityContextHolderFilter.doFilter(SecurityContextHolderFilter.java:82)
	at org.springframework.security.web.context.SecurityContextHolderFilter.doFilter(SecurityContextHolderFilter.java:69)
	at org.springframework.security.web.ObservationFilterChainDecorator$ObservationFilter.wrapFilter(ObservationFilterChainDecorator.java:240)
	at org.springframework.security.web.ObservationFilterChainDecorator$ObservationFilter.doFilter(ObservationFilterChainDecorator.java:227)
	at org.springframework.security.web.ObservationFilterChainDecorator$VirtualFilterChain.doFilter(ObservationFilterChainDecorator.java:137)
	at org.springframework.security.web.context.request.async.WebAsyncManagerIntegrationFilter.doFilterInternal(WebAsyncManagerIntegrationFilter.java:62)
	at org.springframework.web.filter.OncePerRequestFilter.doFilter(OncePerRequestFilter.java:116)
	at org.springframework.security.web.ObservationFilterChainDecorator$ObservationFilter.wrapFilter(ObservationFilterChainDecorator.java:240)
	at org.springframework.security.web.ObservationFilterChainDecorator$ObservationFilter.doFilter(ObservationFilterChainDecorator.java:227)
	at org.springframework.security.web.ObservationFilterChainDecorator$VirtualFilterChain.doFilter(ObservationFilterChainDecorator.java:137)
	at org.springframework.security.web.session.DisableEncodeUrlFilter.doFilterInternal(DisableEncodeUrlFilter.java:42)
	at org.springframework.web.filter.OncePerRequestFilter.doFilter(OncePerRequestFilter.java:116)
	at org.springframework.security.web.ObservationFilterChainDecorator$ObservationFilter.wrapFilter(ObservationFilterChainDecorator.java:240)
	at org.springframework.security.web.ObservationFilterChainDecorator$AroundFilterObservation$SimpleAroundFilterObservation.lambda$wrap$0(ObservationFilterChainDecorator.java:323)
	at org.springframework.security.web.ObservationFilterChainDecorator$ObservationFilter.doFilter(ObservationFilterChainDecorator.java:224)
	at org.springframework.security.web.ObservationFilterChainDecorator$VirtualFilterChain.doFilter(ObservationFilterChainDecorator.java:137)
	at org.springframework.security.web.FilterChainProxy.doFilterInternal(FilterChainProxy.java:233)
	at org.springframework.security.web.FilterChainProxy.doFilter(FilterChainProxy.java:191)
	at org.springframework.web.filter.CompositeFilter$VirtualFilterChain.doFilter(CompositeFilter.java:113)
	at org.springframework.web.servlet.handler.HandlerMappingIntrospector.lambda$createCacheFilter$3(HandlerMappingIntrospector.java:243)
	at org.springframework.web.filter.CompositeFilter$VirtualFilterChain.doFilter(CompositeFilter.java:113)
	at org.springframework.web.filter.CompositeFilter.doFilter(CompositeFilter.java:74)
	at org.springframework.security.config.annotation.web.configuration.WebMvcSecurityConfiguration$CompositeFilterChainProxy.doFilter(WebMvcSecurityConfiguration.java:238)
	at org.springframework.web.filter.DelegatingFilterProxy.invokeDelegate(DelegatingFilterProxy.java:362)
	at org.springframework.web.filter.DelegatingFilterProxy.doFilter(DelegatingFilterProxy.java:278)
	at org.springframework.test.web.servlet.setup.MockMvcFilterDecorator.doFilter(MockMvcFilterDecorator.java:162)
	at org.springframework.mock.web.MockFilterChain.doFilter(MockFilterChain.java:132)
	at org.springframework.web.filter.RequestContextFilter.doFilterInternal(RequestContextFilter.java:100)
	at org.springframework.web.filter.OncePerRequestFilter.doFilter(OncePerRequestFilter.java:116)
	at org.springframework.test.web.servlet.setup.MockMvcFilterDecorator.doFilter(MockMvcFilterDecorator.java:162)
	at org.springframework.mock.web.MockFilterChain.doFilter(MockFilterChain.java:132)
	at org.springframework.web.filter.FormContentFilter.doFilterInternal(FormContentFilter.java:93)
	at org.springframework.web.filter.OncePerRequestFilter.doFilter(OncePerRequestFilter.java:116)
	at org.springframework.test.web.servlet.setup.MockMvcFilterDecorator.doFilter(MockMvcFilterDecorator.java:162)
	at org.springframework.mock.web.MockFilterChain.doFilter(MockFilterChain.java:132)
	at org.springframework.web.filter.ServerHttpObservationFilter.doFilterInternal(ServerHttpObservationFilter.java:114)
	at org.springframework.web.filter.OncePerRequestFilter.doFilter(OncePerRequestFilter.java:116)
	at org.springframework.test.web.servlet.setup.MockMvcFilterDecorator.doFilter(MockMvcFilterDecorator.java:162)
	at org.springframework.mock.web.MockFilterChain.doFilter(MockFilterChain.java:132)
	at io.sentry.spring.jakarta.tracing.SentryTracingFilter.doFilterInternal(SentryTracingFilter.java:91)
	at org.springframework.web.filter.OncePerRequestFilter.doFilter(OncePerRequestFilter.java:116)
	at org.springframework.test.web.servlet.setup.MockMvcFilterDecorator.doFilter(MockMvcFilterDecorator.java:162)
	at org.springframework.mock.web.MockFilterChain.doFilter(MockFilterChain.java:132)
	at org.springframework.web.filter.CharacterEncodingFilter.doFilterInternal(CharacterEncodingFilter.java:201)
	at org.springframework.web.filter.OncePerRequestFilter.doFilter(OncePerRequestFilter.java:116)
	at org.springframework.test.web.servlet.setup.MockMvcFilterDecorator.doFilter(MockMvcFilterDecorator.java:162)
	at org.springframework.mock.web.MockFilterChain.doFilter(MockFilterChain.java:132)
	at io.sentry.spring.jakarta.SentrySpringFilter.doFilterInternal(SentrySpringFilter.java:76)
	at org.springframework.web.filter.OncePerRequestFilter.doFilter(OncePerRequestFilter.java:116)
	at org.springframework.test.web.servlet.setup.MockMvcFilterDecorator.doFilter(MockMvcFilterDecorator.java:162)
	at org.springframework.mock.web.MockFilterChain.doFilter(MockFilterChain.java:132)
	at org.springframework.test.web.servlet.MockMvc.perform(MockMvc.java:201)
	at de.tum.cit.aet.artemis.core.util.RequestUtilService.performMvcRequest(RequestUtilService.java:79)
	at de.tum.cit.aet.artemis.core.util.RequestUtilService.postWithoutResponseBody(RequestUtilService.java:238)
	at de.tum.cit.aet.artemis.core.util.RequestUtilService.postWithoutResponseBody(RequestUtilService.java:224)
	at de.tum.cit.aet.artemis.exam.StudentExamIntegrationTest.testAssessExamWithSubmissionResult(StudentExamIntegrationTest.java:1276)
	at java.base/jdk.internal.reflect.DirectMethodHandleAccessor.invoke(DirectMethodHandleAccessor.java:103)
	at java.base/java.lang.reflect.Method.invoke(Method.java:580)
	at org.junit.platform.commons.util.ReflectionUtils.invokeMethod(ReflectionUtils.java:767)
	at org.junit.jupiter.engine.execution.MethodInvocation.proceed(MethodInvocation.java:60)
	at org.junit.jupiter.engine.execution.InvocationInterceptorChain$ValidatingInvocation.proceed(InvocationInterceptorChain.java:131)
	at org.junit.jupiter.engine.extension.TimeoutExtension.intercept(TimeoutExtension.java:156)
	at org.junit.jupiter.engine.extension.TimeoutExtension.interceptTestableMethod(TimeoutExtension.java:147)
	at org.junit.jupiter.engine.extension.TimeoutExtension.interceptTestMethod(TimeoutExtension.java:86)
	at org.junit.jupiter.engine.execution.InterceptingExecutableInvoker$ReflectiveInterceptorCall.lambda$ofVoidMethod$0(InterceptingExecutableInvoker.java:103)
	at org.junit.jupiter.engine.execution.InterceptingExecutableInvoker.lambda$invoke$0(InterceptingExecutableInvoker.java:93)
	at org.junit.jupiter.engine.execution.InvocationInterceptorChain$InterceptedInvocation.proceed(InvocationInterceptorChain.java:106)
	at org.junit.jupiter.engine.execution.InvocationInterceptorChain.proceed(InvocationInterceptorChain.java:64)
	at org.junit.jupiter.engine.execution.InvocationInterceptorChain.chainAndInvoke(InvocationInterceptorChain.java:45)
	at org.junit.jupiter.engine.execution.InvocationInterceptorChain.invoke(InvocationInterceptorChain.java:37)
	at org.junit.jupiter.engine.execution.InterceptingExecutableInvoker.invoke(InterceptingExecutableInvoker.java:92)
	at org.junit.jupiter.engine.execution.InterceptingExecutableInvoker.invoke(InterceptingExecutableInvoker.java:86)
	at org.junit.jupiter.engine.descriptor.TestMethodTestDescriptor.lambda$invokeTestMethod$8(TestMethodTestDescriptor.java:217)
	at org.junit.platform.engine.support.hierarchical.ThrowableCollector.execute(ThrowableCollector.java:73)
	at org.junit.jupiter.engine.descriptor.TestMethodTestDescriptor.invokeTestMethod(TestMethodTestDescriptor.java:213)
	at org.junit.jupiter.engine.descriptor.TestMethodTestDescriptor.execute(TestMethodTestDescriptor.java:138)
	at org.junit.jupiter.engine.descriptor.TestMethodTestDescriptor.execute(TestMethodTestDescriptor.java:68)
	at org.junit.platform.engine.support.hierarchical.NodeTestTask.lambda$executeRecursively$6(NodeTestTask.java:156)
	at org.junit.platform.engine.support.hierarchical.ThrowableCollector.execute(ThrowableCollector.java:73)
	at org.junit.platform.engine.support.hierarchical.NodeTestTask.lambda$executeRecursively$8(NodeTestTask.java:146)
	at org.junit.platform.engine.support.hierarchical.Node.around(Node.java:137)
	at org.junit.platform.engine.support.hierarchical.NodeTestTask.lambda$executeRecursively$9(NodeTestTask.java:144)
	at org.junit.platform.engine.support.hierarchical.ThrowableCollector.execute(ThrowableCollector.java:73)
	at org.junit.platform.engine.support.hierarchical.NodeTestTask.executeRecursively(NodeTestTask.java:143)
	at org.junit.platform.engine.support.hierarchical.NodeTestTask.execute(NodeTestTask.java:100)
	at org.junit.platform.engine.support.hierarchical.ForkJoinPoolHierarchicalTestExecutorService$ExclusiveTask.exec(ForkJoinPoolHierarchicalTestExecutorService.java:274)
	at org.junit.platform.engine.support.hierarchical.ForkJoinPoolHierarchicalTestExecutorService$ExclusiveTask.execSync(ForkJoinPoolHierarchicalTestExecutorService.java:247)
	at org.junit.platform.engine.support.hierarchical.ForkJoinPoolHierarchicalTestExecutorService.executeSync(ForkJoinPoolHierarchicalTestExecutorService.java:194)
	at org.junit.platform.engine.support.hierarchical.ForkJoinPoolHierarchicalTestExecutorService.invokeAll(ForkJoinPoolHierarchicalTestExecutorService.java:166)
	at org.junit.platform.engine.support.hierarchical.NodeTestTask.lambda$executeRecursively$6(NodeTestTask.java:160)
	at org.junit.platform.engine.support.hierarchical.ThrowableCollector.execute(ThrowableCollector.java:73)
	at org.junit.platform.engine.support.hierarchical.NodeTestTask.lambda$executeRecursively$8(NodeTestTask.java:146)
	at org.junit.platform.engine.support.hierarchical.Node.around(Node.java:137)
	at org.junit.platform.engine.support.hierarchical.NodeTestTask.lambda$executeRecursively$9(NodeTestTask.java:144)
	at org.junit.platform.engine.support.hierarchical.ThrowableCollector.execute(ThrowableCollector.java:73)
	at org.junit.platform.engine.support.hierarchical.NodeTestTask.executeRecursively(NodeTestTask.java:143)
	at org.junit.platform.engine.support.hierarchical.NodeTestTask.execute(NodeTestTask.java:100)
	at org.junit.platform.engine.support.hierarchical.ForkJoinPoolHierarchicalTestExecutorService$ExclusiveTask.exec(ForkJoinPoolHierarchicalTestExecutorService.java:274)
	at java.base/java.util.concurrent.ForkJoinTask.doExec(ForkJoinTask.java:387)
	at java.base/java.util.concurrent.ForkJoinPool$WorkQueue.topLevelExec(ForkJoinPool.java:1312)
	at java.base/java.util.concurrent.ForkJoinPool.scan(ForkJoinPool.java:1843)
	at java.base/java.util.concurrent.ForkJoinPool.runWorker(ForkJoinPool.java:1808)
	at java.base/java.util.concurrent.ForkJoinWorkerThread.run(ForkJoinWorkerThread.java:188)
    23:43:25.580 | 370 ool-1-worker-134 | ERROR | d.t.c.a.a.e.s.StudentExamService     : saveSubmission threw an exception
de.tum.cit.aet.artemis.core.exception.AccessForbiddenException: User studexamstudent1 cannot submit a different submission TextSubmission{id=null, text='', language='null'} for participation 981
	at de.tum.cit.aet.artemis.exam.service.StudentExamService.saveSubmission(StudentExamService.java:276)
	at de.tum.cit.aet.artemis.exam.service.StudentExamService.saveSubmissions(StudentExamService.java:238)
	at de.tum.cit.aet.artemis.exam.service.StudentExamService.submitStudentExam(StudentExamService.java:176)
	at java.base/jdk.internal.reflect.DirectMethodHandleAccessor.invoke(DirectMethodHandleAccessor.java:103)
	at java.base/java.lang.reflect.Method.invoke(Method.java:580)
	at org.springframework.aop.support.AopUtils.invokeJoinpointUsingReflection(AopUtils.java:359)
	at org.springframework.aop.framework.CglibAopProxy$DynamicAdvisedInterceptor.intercept(CglibAopProxy.java:723)
	at de.tum.cit.aet.artemis.exam.service.StudentExamService$$SpringCGLIB$$0.submitStudentExam(<generated>)
	at de.tum.cit.aet.artemis.exam.web.StudentExamResource.submitStudentExam(StudentExamResource.java:340)
	at java.base/jdk.internal.reflect.DirectMethodHandleAccessor.invoke(DirectMethodHandleAccessor.java:103)
	at java.base/java.lang.reflect.Method.invoke(Method.java:580)
	at org.springframework.aop.support.AopUtils.invokeJoinpointUsingReflection(AopUtils.java:359)
	at org.springframework.aop.framework.ReflectiveMethodInvocation.invokeJoinpoint(ReflectiveMethodInvocation.java:196)
	at org.springframework.aop.framework.ReflectiveMethodInvocation.proceed(ReflectiveMethodInvocation.java:163)
	at org.springframework.security.authorization.method.AuthorizationManagerBeforeMethodInterceptor.proceed(AuthorizationManagerBeforeMethodInterceptor.java:268)
	at org.springframework.security.authorization.method.AuthorizationManagerBeforeMethodInterceptor.attemptAuthorization(AuthorizationManagerBeforeMethodInterceptor.java:263)
	at org.springframework.security.authorization.method.AuthorizationManagerBeforeMethodInterceptor.invoke(AuthorizationManagerBeforeMethodInterceptor.java:196)
	at org.springframework.security.config.annotation.method.configuration.DeferringMethodInterceptor.invoke(DeferringMethodInterceptor.java:44)
	at org.springframework.aop.framework.ReflectiveMethodInvocation.proceed(ReflectiveMethodInvocation.java:184)
	at org.springframework.aop.framework.CglibAopProxy$DynamicAdvisedInterceptor.intercept(CglibAopProxy.java:727)
	at de.tum.cit.aet.artemis.exam.web.StudentExamResource$$SpringCGLIB$$0.submitStudentExam(<generated>)
	at java.base/jdk.internal.reflect.DirectMethodHandleAccessor.invoke(DirectMethodHandleAccessor.java:103)
	at java.base/java.lang.reflect.Method.invoke(Method.java:580)
	at org.springframework.web.method.support.InvocableHandlerMethod.doInvoke(InvocableHandlerMethod.java:257)
	at org.springframework.web.method.support.InvocableHandlerMethod.invokeForRequest(InvocableHandlerMethod.java:190)
	at org.springframework.web.servlet.mvc.method.annotation.ServletInvocableHandlerMethod.invokeAndHandle(ServletInvocableHandlerMethod.java:118)
	at org.springframework.web.servlet.mvc.method.annotation.RequestMappingHandlerAdapter.invokeHandlerMethod(RequestMappingHandlerAdapter.java:986)
	at org.springframework.web.servlet.mvc.method.annotation.RequestMappingHandlerAdapter.handleInternal(RequestMappingHandlerAdapter.java:891)
	at org.springframework.web.servlet.mvc.method.AbstractHandlerMethodAdapter.handle(AbstractHandlerMethodAdapter.java:87)
	at org.springframework.web.servlet.DispatcherServlet.doDispatch(DispatcherServlet.java:1088)
	at org.springframework.web.servlet.DispatcherServlet.doService(DispatcherServlet.java:978)
	at org.springframework.web.servlet.FrameworkServlet.processRequest(FrameworkServlet.java:1014)
	at org.springframework.web.servlet.FrameworkServlet.doPost(FrameworkServlet.java:914)
	at jakarta.servlet.http.HttpServlet.service(HttpServlet.java:547)
	at org.springframework.web.servlet.FrameworkServlet.service(FrameworkServlet.java:885)
	at org.springframework.test.web.servlet.TestDispatcherServlet.service(TestDispatcherServlet.java:72)
	at jakarta.servlet.http.HttpServlet.service(HttpServlet.java:614)
	at org.springframework.mock.web.MockFilterChain$ServletFilterProxy.doFilter(MockFilterChain.java:165)
	at org.springframework.mock.web.MockFilterChain.doFilter(MockFilterChain.java:132)
	at org.springframework.web.filter.OncePerRequestFilter.doFilter(OncePerRequestFilter.java:110)
	at org.springframework.test.web.servlet.setup.MockMvcFilterDecorator.doFilter(MockMvcFilterDecorator.java:162)
	at org.springframework.mock.web.MockFilterChain.doFilter(MockFilterChain.java:132)
	at de.tum.cit.aet.artemis.core.security.filter.ApiVersionFilter.doFilter(ApiVersionFilter.java:55)
	at org.springframework.test.web.servlet.setup.MockMvcFilterDecorator.doFilter(MockMvcFilterDecorator.java:162)
	at org.springframework.mock.web.MockFilterChain.doFilter(MockFilterChain.java:132)
	at io.sentry.spring.jakarta.SentryUserFilter.doFilterInternal(SentryUserFilter.java:56)
	at org.springframework.web.filter.OncePerRequestFilter.doFilter(OncePerRequestFilter.java:116)
	at org.springframework.test.web.servlet.setup.MockMvcFilterDecorator.doFilter(MockMvcFilterDecorator.java:162)
	at org.springframework.mock.web.MockFilterChain.doFilter(MockFilterChain.java:132)
	at org.springframework.web.filter.CompositeFilter$VirtualFilterChain.doFilter(CompositeFilter.java:108)
	at org.springframework.security.web.FilterChainProxy.lambda$doFilterInternal$3(FilterChainProxy.java:231)
	at org.springframework.security.web.ObservationFilterChainDecorator$FilterObservation$SimpleFilterObservation.lambda$wrap$1(ObservationFilterChainDecorator.java:479)
	at org.springframework.security.web.ObservationFilterChainDecorator$AroundFilterObservation$SimpleAroundFilterObservation.lambda$wrap$1(ObservationFilterChainDecorator.java:340)
	at org.springframework.security.web.ObservationFilterChainDecorator.lambda$wrapSecured$0(ObservationFilterChainDecorator.java:82)
	at org.springframework.security.web.ObservationFilterChainDecorator$VirtualFilterChain.doFilter(ObservationFilterChainDecorator.java:128)
	at org.springframework.security.web.access.intercept.AuthorizationFilter.doFilter(AuthorizationFilter.java:101)
	at org.springframework.security.web.ObservationFilterChainDecorator$ObservationFilter.wrapFilter(ObservationFilterChainDecorator.java:240)
	at org.springframework.security.web.ObservationFilterChainDecorator$ObservationFilter.doFilter(ObservationFilterChainDecorator.java:227)
	at org.springframework.security.web.ObservationFilterChainDecorator$VirtualFilterChain.doFilter(ObservationFilterChainDecorator.java:137)
	at org.springframework.security.web.access.ExceptionTranslationFilter.doFilter(ExceptionTranslationFilter.java:126)
	at org.springframework.security.web.access.ExceptionTranslationFilter.doFilter(ExceptionTranslationFilter.java:120)
	at org.springframework.security.web.ObservationFilterChainDecorator$ObservationFilter.wrapFilter(ObservationFilterChainDecorator.java:240)
	at org.springframework.security.web.ObservationFilterChainDecorator$ObservationFilter.doFilter(ObservationFilterChainDecorator.java:227)
	at org.springframework.security.web.ObservationFilterChainDecorator$VirtualFilterChain.doFilter(ObservationFilterChainDecorator.java:137)
	at org.springframework.security.web.session.SessionManagementFilter.doFilter(SessionManagementFilter.java:131)
	at org.springframework.security.web.session.SessionManagementFilter.doFilter(SessionManagementFilter.java:85)
	at org.springframework.security.web.ObservationFilterChainDecorator$ObservationFilter.wrapFilter(ObservationFilterChainDecorator.java:240)
	at org.springframework.security.web.ObservationFilterChainDecorator$ObservationFilter.doFilter(ObservationFilterChainDecorator.java:227)
	at org.springframework.security.web.ObservationFilterChainDecorator$VirtualFilterChain.doFilter(ObservationFilterChainDecorator.java:137)
	at org.springframework.security.web.authentication.AnonymousAuthenticationFilter.doFilter(AnonymousAuthenticationFilter.java:100)
	at org.springframework.security.web.ObservationFilterChainDecorator$ObservationFilter.wrapFilter(ObservationFilterChainDecorator.java:240)
	at org.springframework.security.web.ObservationFilterChainDecorator$ObservationFilter.doFilter(ObservationFilterChainDecorator.java:227)
	at org.springframework.security.web.ObservationFilterChainDecorator$VirtualFilterChain.doFilter(ObservationFilterChainDecorator.java:137)
	at org.springframework.security.web.servletapi.SecurityContextHolderAwareRequestFilter.doFilter(SecurityContextHolderAwareRequestFilter.java:179)
	at org.springframework.security.web.ObservationFilterChainDecorator$ObservationFilter.wrapFilter(ObservationFilterChainDecorator.java:240)
	at org.springframework.security.web.ObservationFilterChainDecorator$ObservationFilter.doFilter(ObservationFilterChainDecorator.java:227)
	at org.springframework.security.web.ObservationFilterChainDecorator$VirtualFilterChain.doFilter(ObservationFilterChainDecorator.java:137)
	at org.springframework.security.web.savedrequest.RequestCacheAwareFilter.doFilter(RequestCacheAwareFilter.java:63)
	at org.springframework.security.web.ObservationFilterChainDecorator$ObservationFilter.wrapFilter(ObservationFilterChainDecorator.java:240)
	at org.springframework.security.web.ObservationFilterChainDecorator$ObservationFilter.doFilter(ObservationFilterChainDecorator.java:227)
	at org.springframework.security.web.ObservationFilterChainDecorator$VirtualFilterChain.doFilter(ObservationFilterChainDecorator.java:137)
	at de.tum.cit.aet.artemis.core.security.filter.SpaWebFilter.doFilterInternal(SpaWebFilter.java:23)
	at org.springframework.web.filter.OncePerRequestFilter.doFilter(OncePerRequestFilter.java:116)
	at org.springframework.security.web.ObservationFilterChainDecorator$ObservationFilter.wrapFilter(ObservationFilterChainDecorator.java:240)
	at org.springframework.security.web.ObservationFilterChainDecorator$ObservationFilter.doFilter(ObservationFilterChainDecorator.java:227)
	at org.springframework.security.web.ObservationFilterChainDecorator$VirtualFilterChain.doFilter(ObservationFilterChainDecorator.java:137)
	at org.springframework.web.filter.OncePerRequestFilter.doFilter(OncePerRequestFilter.java:110)
	at org.springframework.security.web.ObservationFilterChainDecorator$ObservationFilter.wrapFilter(ObservationFilterChainDecorator.java:240)
	at org.springframework.security.web.ObservationFilterChainDecorator$ObservationFilter.doFilter(ObservationFilterChainDecorator.java:227)
	at org.springframework.security.web.ObservationFilterChainDecorator$VirtualFilterChain.doFilter(ObservationFilterChainDecorator.java:137)
	at de.tum.cit.aet.artemis.lti.config.Lti13LaunchFilter.doFilterInternal(Lti13LaunchFilter.java:60)
	at org.springframework.web.filter.OncePerRequestFilter.doFilter(OncePerRequestFilter.java:116)
	at org.springframework.security.web.ObservationFilterChainDecorator$ObservationFilter.wrapFilter(ObservationFilterChainDecorator.java:240)
	at org.springframework.security.web.ObservationFilterChainDecorator$ObservationFilter.doFilter(ObservationFilterChainDecorator.java:227)
	at org.springframework.security.web.ObservationFilterChainDecorator$VirtualFilterChain.doFilter(ObservationFilterChainDecorator.java:137)
	at de.tum.cit.aet.artemis.core.security.jwt.JWTFilter.doFilter(JWTFilter.java:55)
	at org.springframework.security.web.ObservationFilterChainDecorator$ObservationFilter.wrapFilter(ObservationFilterChainDecorator.java:240)
	at org.springframework.security.web.ObservationFilterChainDecorator$ObservationFilter.doFilter(ObservationFilterChainDecorator.java:227)
	at org.springframework.security.web.ObservationFilterChainDecorator$VirtualFilterChain.doFilter(ObservationFilterChainDecorator.java:137)
	at de.tum.cit.aet.artemis.core.security.jwt.JWTFilter.doFilter(JWTFilter.java:55)
	at org.springframework.security.web.ObservationFilterChainDecorator$ObservationFilter.wrapFilter(ObservationFilterChainDecorator.java:240)
	at org.springframework.security.web.ObservationFilterChainDecorator$ObservationFilter.doFilter(ObservationFilterChainDecorator.java:227)
	at org.springframework.security.web.ObservationFilterChainDecorator$VirtualFilterChain.doFilter(ObservationFilterChainDecorator.java:137)
	at org.springframework.web.filter.CorsFilter.doFilterInternal(CorsFilter.java:91)
	at org.springframework.web.filter.OncePerRequestFilter.doFilter(OncePerRequestFilter.java:116)
	at org.springframework.security.web.ObservationFilterChainDecorator$ObservationFilter.wrapFilter(ObservationFilterChainDecorator.java:240)
	at org.springframework.security.web.ObservationFilterChainDecorator$ObservationFilter.doFilter(ObservationFilterChainDecorator.java:227)
	at org.springframework.security.web.ObservationFilterChainDecorator$VirtualFilterChain.doFilter(ObservationFilterChainDecorator.java:137)
	at org.springframework.web.filter.OncePerRequestFilter.doFilter(OncePerRequestFilter.java:110)
	at org.springframework.security.web.ObservationFilterChainDecorator$ObservationFilter.wrapFilter(ObservationFilterChainDecorator.java:240)
	at org.springframework.security.web.ObservationFilterChainDecorator$ObservationFilter.doFilter(ObservationFilterChainDecorator.java:227)
	at org.springframework.security.web.ObservationFilterChainDecorator$VirtualFilterChain.doFilter(ObservationFilterChainDecorator.java:137)
	at uk.ac.ox.ctl.lti13.security.oauth2.client.lti.web.OAuth2AuthorizationRequestRedirectFilter.doFilterInternal(OAuth2AuthorizationRequestRedirectFilter.java:142)
	at org.springframework.web.filter.OncePerRequestFilter.doFilter(OncePerRequestFilter.java:116)
	at org.springframework.security.web.ObservationFilterChainDecorator$ObservationFilter.wrapFilter(ObservationFilterChainDecorator.java:240)
	at org.springframework.security.web.ObservationFilterChainDecorator$ObservationFilter.doFilter(ObservationFilterChainDecorator.java:227)
	at org.springframework.security.web.ObservationFilterChainDecorator$VirtualFilterChain.doFilter(ObservationFilterChainDecorator.java:137)
	at org.springframework.security.web.authentication.logout.LogoutFilter.doFilter(LogoutFilter.java:107)
	at org.springframework.security.web.authentication.logout.LogoutFilter.doFilter(LogoutFilter.java:93)
	at org.springframework.security.web.ObservationFilterChainDecorator$ObservationFilter.wrapFilter(ObservationFilterChainDecorator.java:240)
	at org.springframework.security.web.ObservationFilterChainDecorator$ObservationFilter.doFilter(ObservationFilterChainDecorator.java:227)
	at org.springframework.security.web.ObservationFilterChainDecorator$VirtualFilterChain.doFilter(ObservationFilterChainDecorator.java:137)
	at org.springframework.security.web.header.HeaderWriterFilter.doHeadersAfter(HeaderWriterFilter.java:90)
	at org.springframework.security.web.header.HeaderWriterFilter.doFilterInternal(HeaderWriterFilter.java:75)
	at org.springframework.web.filter.OncePerRequestFilter.doFilter(OncePerRequestFilter.java:116)
	at org.springframework.security.web.ObservationFilterChainDecorator$ObservationFilter.wrapFilter(ObservationFilterChainDecorator.java:240)
	at org.springframework.security.web.ObservationFilterChainDecorator$ObservationFilter.doFilter(ObservationFilterChainDecorator.java:227)
	at org.springframework.security.web.ObservationFilterChainDecorator$VirtualFilterChain.doFilter(ObservationFilterChainDecorator.java:137)
	at org.springframework.security.web.context.SecurityContextHolderFilter.doFilter(SecurityContextHolderFilter.java:82)
	at org.springframework.security.web.context.SecurityContextHolderFilter.doFilter(SecurityContextHolderFilter.java:69)
	at org.springframework.security.web.ObservationFilterChainDecorator$ObservationFilter.wrapFilter(ObservationFilterChainDecorator.java:240)
	at org.springframework.security.web.ObservationFilterChainDecorator$ObservationFilter.doFilter(ObservationFilterChainDecorator.java:227)
	at org.springframework.security.web.ObservationFilterChainDecorator$VirtualFilterChain.doFilter(ObservationFilterChainDecorator.java:137)
	at org.springframework.security.web.context.request.async.WebAsyncManagerIntegrationFilter.doFilterInternal(WebAsyncManagerIntegrationFilter.java:62)
	at org.springframework.web.filter.OncePerRequestFilter.doFilter(OncePerRequestFilter.java:116)
	at org.springframework.security.web.ObservationFilterChainDecorator$ObservationFilter.wrapFilter(ObservationFilterChainDecorator.java:240)
	at org.springframework.security.web.ObservationFilterChainDecorator$ObservationFilter.doFilter(ObservationFilterChainDecorator.java:227)
	at org.springframework.security.web.ObservationFilterChainDecorator$VirtualFilterChain.doFilter(ObservationFilterChainDecorator.java:137)
	at org.springframework.security.web.session.DisableEncodeUrlFilter.doFilterInternal(DisableEncodeUrlFilter.java:42)
	at org.springframework.web.filter.OncePerRequestFilter.doFilter(OncePerRequestFilter.java:116)
	at org.springframework.security.web.ObservationFilterChainDecorator$ObservationFilter.wrapFilter(ObservationFilterChainDecorator.java:240)
	at org.springframework.security.web.ObservationFilterChainDecorator$AroundFilterObservation$SimpleAroundFilterObservation.lambda$wrap$0(ObservationFilterChainDecorator.java:323)
	at org.springframework.security.web.ObservationFilterChainDecorator$ObservationFilter.doFilter(ObservationFilterChainDecorator.java:224)
	at org.springframework.security.web.ObservationFilterChainDecorator$VirtualFilterChain.doFilter(ObservationFilterChainDecorator.java:137)
	at org.springframework.security.web.FilterChainProxy.doFilterInternal(FilterChainProxy.java:233)
	at org.springframework.security.web.FilterChainProxy.doFilter(FilterChainProxy.java:191)
	at org.springframework.web.filter.CompositeFilter$VirtualFilterChain.doFilter(CompositeFilter.java:113)
	at org.springframework.web.servlet.handler.HandlerMappingIntrospector.lambda$createCacheFilter$3(HandlerMappingIntrospector.java:243)
	at org.springframework.web.filter.CompositeFilter$VirtualFilterChain.doFilter(CompositeFilter.java:113)
	at org.springframework.web.filter.CompositeFilter.doFilter(CompositeFilter.java:74)
	at org.springframework.security.config.annotation.web.configuration.WebMvcSecurityConfiguration$CompositeFilterChainProxy.doFilter(WebMvcSecurityConfiguration.java:238)
	at org.springframework.web.filter.DelegatingFilterProxy.invokeDelegate(DelegatingFilterProxy.java:362)
	at org.springframework.web.filter.DelegatingFilterProxy.doFilter(DelegatingFilterProxy.java:278)
	at org.springframework.test.web.servlet.setup.MockMvcFilterDecorator.doFilter(MockMvcFilterDecorator.java:162)
	at org.springframework.mock.web.MockFilterChain.doFilter(MockFilterChain.java:132)
	at org.springframework.web.filter.RequestContextFilter.doFilterInternal(RequestContextFilter.java:100)
	at org.springframework.web.filter.OncePerRequestFilter.doFilter(OncePerRequestFilter.java:116)
	at org.springframework.test.web.servlet.setup.MockMvcFilterDecorator.doFilter(MockMvcFilterDecorator.java:162)
	at org.springframework.mock.web.MockFilterChain.doFilter(MockFilterChain.java:132)
	at org.springframework.web.filter.FormContentFilter.doFilterInternal(FormContentFilter.java:93)
	at org.springframework.web.filter.OncePerRequestFilter.doFilter(OncePerRequestFilter.java:116)
	at org.springframework.test.web.servlet.setup.MockMvcFilterDecorator.doFilter(MockMvcFilterDecorator.java:162)
	at org.springframework.mock.web.MockFilterChain.doFilter(MockFilterChain.java:132)
	at org.springframework.web.filter.ServerHttpObservationFilter.doFilterInternal(ServerHttpObservationFilter.java:114)
	at org.springframework.web.filter.OncePerRequestFilter.doFilter(OncePerRequestFilter.java:116)
	at org.springframework.test.web.servlet.setup.MockMvcFilterDecorator.doFilter(MockMvcFilterDecorator.java:162)
	at org.springframework.mock.web.MockFilterChain.doFilter(MockFilterChain.java:132)
	at io.sentry.spring.jakarta.tracing.SentryTracingFilter.doFilterInternal(SentryTracingFilter.java:91)
	at org.springframework.web.filter.OncePerRequestFilter.doFilter(OncePerRequestFilter.java:116)
	at org.springframework.test.web.servlet.setup.MockMvcFilterDecorator.doFilter(MockMvcFilterDecorator.java:162)
	at org.springframework.mock.web.MockFilterChain.doFilter(MockFilterChain.java:132)
	at org.springframework.web.filter.CharacterEncodingFilter.doFilterInternal(CharacterEncodingFilter.java:201)
	at org.springframework.web.filter.OncePerRequestFilter.doFilter(OncePerRequestFilter.java:116)
	at org.springframework.test.web.servlet.setup.MockMvcFilterDecorator.doFilter(MockMvcFilterDecorator.java:162)
	at org.springframework.mock.web.MockFilterChain.doFilter(MockFilterChain.java:132)
	at io.sentry.spring.jakarta.SentrySpringFilter.doFilterInternal(SentrySpringFilter.java:76)
	at org.springframework.web.filter.OncePerRequestFilter.doFilter(OncePerRequestFilter.java:116)
	at org.springframework.test.web.servlet.setup.MockMvcFilterDecorator.doFilter(MockMvcFilterDecorator.java:162)
	at org.springframework.mock.web.MockFilterChain.doFilter(MockFilterChain.java:132)
	at org.springframework.test.web.servlet.MockMvc.perform(MockMvc.java:201)
	at de.tum.cit.aet.artemis.core.util.RequestUtilService.performMvcRequest(RequestUtilService.java:79)
	at de.tum.cit.aet.artemis.core.util.RequestUtilService.postWithoutResponseBody(RequestUtilService.java:238)
	at de.tum.cit.aet.artemis.core.util.RequestUtilService.postWithoutResponseBody(RequestUtilService.java:224)
	at de.tum.cit.aet.artemis.exam.StudentExamIntegrationTest.testAssessExamWithSubmissionResult(StudentExamIntegrationTest.java:1276)
	at java.base/jdk.internal.reflect.DirectMethodHandleAccessor.invoke(DirectMethodHandleAccessor.java:103)
	at java.base/java.lang.reflect.Method.invoke(Method.java:580)
	at org.junit.platform.commons.util.ReflectionUtils.invokeMethod(ReflectionUtils.java:767)
	at org.junit.jupiter.engine.execution.MethodInvocation.proceed(MethodInvocation.java:60)
	at org.junit.jupiter.engine.execution.InvocationInterceptorChain$ValidatingInvocation.proceed(InvocationInterceptorChain.java:131)
	at org.junit.jupiter.engine.extension.TimeoutExtension.intercept(TimeoutExtension.java:156)
	at org.junit.jupiter.engine.extension.TimeoutExtension.interceptTestableMethod(TimeoutExtension.java:147)
	at org.junit.jupiter.engine.extension.TimeoutExtension.interceptTestMethod(TimeoutExtension.java:86)
	at org.junit.jupiter.engine.execution.InterceptingExecutableInvoker$ReflectiveInterceptorCall.lambda$ofVoidMethod$0(InterceptingExecutableInvoker.java:103)
	at org.junit.jupiter.engine.execution.InterceptingExecutableInvoker.lambda$invoke$0(InterceptingExecutableInvoker.java:93)
	at org.junit.jupiter.engine.execution.InvocationInterceptorChain$InterceptedInvocation.proceed(InvocationInterceptorChain.java:106)
	at org.junit.jupiter.engine.execution.InvocationInterceptorChain.proceed(InvocationInterceptorChain.java:64)
	at org.junit.jupiter.engine.execution.InvocationInterceptorChain.chainAndInvoke(InvocationInterceptorChain.java:45)
	at org.junit.jupiter.engine.execution.InvocationInterceptorChain.invoke(InvocationInterceptorChain.java:37)
	at org.junit.jupiter.engine.execution.InterceptingExecutableInvoker.invoke(InterceptingExecutableInvoker.java:92)
	at org.junit.jupiter.engine.execution.InterceptingExecutableInvoker.invoke(InterceptingExecutableInvoker.java:86)
	at org.junit.jupiter.engine.descriptor.TestMethodTestDescriptor.lambda$invokeTestMethod$8(TestMethodTestDescriptor.java:217)
	at org.junit.platform.engine.support.hierarchical.ThrowableCollector.execute(ThrowableCollector.java:73)
	at org.junit.jupiter.engine.descriptor.TestMethodTestDescriptor.invokeTestMethod(TestMethodTestDescriptor.java:213)
	at org.junit.jupiter.engine.descriptor.TestMethodTestDescriptor.execute(TestMethodTestDescriptor.java:138)
	at org.junit.jupiter.engine.descriptor.TestMethodTestDescriptor.execute(TestMethodTestDescriptor.java:68)
	at org.junit.platform.engine.support.hierarchical.NodeTestTask.lambda$executeRecursively$6(NodeTestTask.java:156)
	at org.junit.platform.engine.support.hierarchical.ThrowableCollector.execute(ThrowableCollector.java:73)
	at org.junit.platform.engine.support.hierarchical.NodeTestTask.lambda$executeRecursively$8(NodeTestTask.java:146)
	at org.junit.platform.engine.support.hierarchical.Node.around(Node.java:137)
	at org.junit.platform.engine.support.hierarchical.NodeTestTask.lambda$executeRecursively$9(NodeTestTask.java:144)
	at org.junit.platform.engine.support.hierarchical.ThrowableCollector.execute(ThrowableCollector.java:73)
	at org.junit.platform.engine.support.hierarchical.NodeTestTask.executeRecursively(NodeTestTask.java:143)
	at org.junit.platform.engine.support.hierarchical.NodeTestTask.execute(NodeTestTask.java:100)
	at org.junit.platform.engine.support.hierarchical.ForkJoinPoolHierarchicalTestExecutorService$ExclusiveTask.exec(ForkJoinPoolHierarchicalTestExecutorService.java:274)
	at org.junit.platform.engine.support.hierarchical.ForkJoinPoolHierarchicalTestExecutorService$ExclusiveTask.execSync(ForkJoinPoolHierarchicalTestExecutorService.java:247)
	at org.junit.platform.engine.support.hierarchical.ForkJoinPoolHierarchicalTestExecutorService.executeSync(ForkJoinPoolHierarchicalTestExecutorService.java:194)
	at org.junit.platform.engine.support.hierarchical.ForkJoinPoolHierarchicalTestExecutorService.invokeAll(ForkJoinPoolHierarchicalTestExecutorService.java:166)
	at org.junit.platform.engine.support.hierarchical.NodeTestTask.lambda$executeRecursively$6(NodeTestTask.java:160)
	at org.junit.platform.engine.support.hierarchical.ThrowableCollector.execute(ThrowableCollector.java:73)
	at org.junit.platform.engine.support.hierarchical.NodeTestTask.lambda$executeRecursively$8(NodeTestTask.java:146)
	at org.junit.platform.engine.support.hierarchical.Node.around(Node.java:137)
	at org.junit.platform.engine.support.hierarchical.NodeTestTask.lambda$executeRecursively$9(NodeTestTask.java:144)
	at org.junit.platform.engine.support.hierarchical.ThrowableCollector.execute(ThrowableCollector.java:73)
	at org.junit.platform.engine.support.hierarchical.NodeTestTask.executeRecursively(NodeTestTask.java:143)
	at org.junit.platform.engine.support.hierarchical.NodeTestTask.execute(NodeTestTask.java:100)
	at org.junit.platform.engine.support.hierarchical.ForkJoinPoolHierarchicalTestExecutorService$ExclusiveTask.exec(ForkJoinPoolHierarchicalTestExecutorService.java:274)
	at java.base/java.util.concurrent.ForkJoinTask.doExec(ForkJoinTask.java:387)
	at java.base/java.util.concurrent.ForkJoinPool$WorkQueue.topLevelExec(ForkJoinPool.java:1312)
	at java.base/java.util.concurrent.ForkJoinPool.scan(ForkJoinPool.java:1843)
	at java.base/java.util.concurrent.ForkJoinPool.runWorker(ForkJoinPool.java:1808)
	at java.base/java.util.concurrent.ForkJoinWorkerThread.run(ForkJoinWorkerThread.java:188)
    23:43:25.581 | 370 ool-1-worker-134 | ERROR | d.t.c.a.a.e.s.StudentExamService     : saveSubmission threw an exception
de.tum.cit.aet.artemis.core.exception.AccessForbiddenException: User studexamstudent1 cannot submit a different submission TextSubmission{id=null, text='', language='null'} for participation 982
	at de.tum.cit.aet.artemis.exam.service.StudentExamService.saveSubmission(StudentExamService.java:276)
	at de.tum.cit.aet.artemis.exam.service.StudentExamService.saveSubmissions(StudentExamService.java:238)
	at de.tum.cit.aet.artemis.exam.service.StudentExamService.submitStudentExam(StudentExamService.java:176)
	at java.base/jdk.internal.reflect.DirectMethodHandleAccessor.invoke(DirectMethodHandleAccessor.java:103)
	at java.base/java.lang.reflect.Method.invoke(Method.java:580)
	at org.springframework.aop.support.AopUtils.invokeJoinpointUsingReflection(AopUtils.java:359)
	at org.springframework.aop.framework.CglibAopProxy$DynamicAdvisedInterceptor.intercept(CglibAopProxy.java:723)
	at de.tum.cit.aet.artemis.exam.service.StudentExamService$$SpringCGLIB$$0.submitStudentExam(<generated>)
	at de.tum.cit.aet.artemis.exam.web.StudentExamResource.submitStudentExam(StudentExamResource.java:340)
	at java.base/jdk.internal.reflect.DirectMethodHandleAccessor.invoke(DirectMethodHandleAccessor.java:103)
	at java.base/java.lang.reflect.Method.invoke(Method.java:580)
	at org.springframework.aop.support.AopUtils.invokeJoinpointUsingReflection(AopUtils.java:359)
	at org.springframework.aop.framework.ReflectiveMethodInvocation.invokeJoinpoint(ReflectiveMethodInvocation.java:196)
	at org.springframework.aop.framework.ReflectiveMethodInvocation.proceed(ReflectiveMethodInvocation.java:163)
	at org.springframework.security.authorization.method.AuthorizationManagerBeforeMethodInterceptor.proceed(AuthorizationManagerBeforeMethodInterceptor.java:268)
	at org.springframework.security.authorization.method.AuthorizationManagerBeforeMethodInterceptor.attemptAuthorization(AuthorizationManagerBeforeMethodInterceptor.java:263)
	at org.springframework.security.authorization.method.AuthorizationManagerBeforeMethodInterceptor.invoke(AuthorizationManagerBeforeMethodInterceptor.java:196)
	at org.springframework.security.config.annotation.method.configuration.DeferringMethodInterceptor.invoke(DeferringMethodInterceptor.java:44)
	at org.springframework.aop.framework.ReflectiveMethodInvocation.proceed(ReflectiveMethodInvocation.java:184)
	at org.springframework.aop.framework.CglibAopProxy$DynamicAdvisedInterceptor.intercept(CglibAopProxy.java:727)
	at de.tum.cit.aet.artemis.exam.web.StudentExamResource$$SpringCGLIB$$0.submitStudentExam(<generated>)
	at java.base/jdk.internal.reflect.DirectMethodHandleAccessor.invoke(DirectMethodHandleAccessor.java:103)
	at java.base/java.lang.reflect.Method.invoke(Method.java:580)
	at org.springframework.web.method.support.InvocableHandlerMethod.doInvoke(InvocableHandlerMethod.java:257)
	at org.springframework.web.method.support.InvocableHandlerMethod.invokeForRequest(InvocableHandlerMethod.java:190)
	at org.springframework.web.servlet.mvc.method.annotation.ServletInvocableHandlerMethod.invokeAndHandle(ServletInvocableHandlerMethod.java:118)
	at org.springframework.web.servlet.mvc.method.annotation.RequestMappingHandlerAdapter.invokeHandlerMethod(RequestMappingHandlerAdapter.java:986)
	at org.springframework.web.servlet.mvc.method.annotation.RequestMappingHandlerAdapter.handleInternal(RequestMappingHandlerAdapter.java:891)
	at org.springframework.web.servlet.mvc.method.AbstractHandlerMethodAdapter.handle(AbstractHandlerMethodAdapter.java:87)
	at org.springframework.web.servlet.DispatcherServlet.doDispatch(DispatcherServlet.java:1088)
	at org.springframework.web.servlet.DispatcherServlet.doService(DispatcherServlet.java:978)
	at org.springframework.web.servlet.FrameworkServlet.processRequest(FrameworkServlet.java:1014)
	at org.springframework.web.servlet.FrameworkServlet.doPost(FrameworkServlet.java:914)
	at jakarta.servlet.http.HttpServlet.service(HttpServlet.java:547)
	at org.springframework.web.servlet.FrameworkServlet.service(FrameworkServlet.java:885)
	at org.springframework.test.web.servlet.TestDispatcherServlet.service(TestDispatcherServlet.java:72)
	at jakarta.servlet.http.HttpServlet.service(HttpServlet.java:614)
	at org.springframework.mock.web.MockFilterChain$ServletFilterProxy.doFilter(MockFilterChain.java:165)
	at org.springframework.mock.web.MockFilterChain.doFilter(MockFilterChain.java:132)
	at org.springframework.web.filter.OncePerRequestFilter.doFilter(OncePerRequestFilter.java:110)
	at org.springframework.test.web.servlet.setup.MockMvcFilterDecorator.doFilter(MockMvcFilterDecorator.java:162)
	at org.springframework.mock.web.MockFilterChain.doFilter(MockFilterChain.java:132)
	at de.tum.cit.aet.artemis.core.security.filter.ApiVersionFilter.doFilter(ApiVersionFilter.java:55)
	at org.springframework.test.web.servlet.setup.MockMvcFilterDecorator.doFilter(MockMvcFilterDecorator.java:162)
	at org.springframework.mock.web.MockFilterChain.doFilter(MockFilterChain.java:132)
	at io.sentry.spring.jakarta.SentryUserFilter.doFilterInternal(SentryUserFilter.java:56)
	at org.springframework.web.filter.OncePerRequestFilter.doFilter(OncePerRequestFilter.java:116)
	at org.springframework.test.web.servlet.setup.MockMvcFilterDecorator.doFilter(MockMvcFilterDecorator.java:162)
	at org.springframework.mock.web.MockFilterChain.doFilter(MockFilterChain.java:132)
	at org.springframework.web.filter.CompositeFilter$VirtualFilterChain.doFilter(CompositeFilter.java:108)
	at org.springframework.security.web.FilterChainProxy.lambda$doFilterInternal$3(FilterChainProxy.java:231)
	at org.springframework.security.web.ObservationFilterChainDecorator$FilterObservation$SimpleFilterObservation.lambda$wrap$1(ObservationFilterChainDecorator.java:479)
	at org.springframework.security.web.ObservationFilterChainDecorator$AroundFilterObservation$SimpleAroundFilterObservation.lambda$wrap$1(ObservationFilterChainDecorator.java:340)
	at org.springframework.security.web.ObservationFilterChainDecorator.lambda$wrapSecured$0(ObservationFilterChainDecorator.java:82)
	at org.springframework.security.web.ObservationFilterChainDecorator$VirtualFilterChain.doFilter(ObservationFilterChainDecorator.java:128)
	at org.springframework.security.web.access.intercept.AuthorizationFilter.doFilter(AuthorizationFilter.java:101)
	at org.springframework.security.web.ObservationFilterChainDecorator$ObservationFilter.wrapFilter(ObservationFilterChainDecorator.java:240)
	at org.springframework.security.web.ObservationFilterChainDecorator$ObservationFilter.doFilter(ObservationFilterChainDecorator.java:227)
	at org.springframework.security.web.ObservationFilterChainDecorator$VirtualFilterChain.doFilter(ObservationFilterChainDecorator.java:137)
	at org.springframework.security.web.access.ExceptionTranslationFilter.doFilter(ExceptionTranslationFilter.java:126)
	at org.springframework.security.web.access.ExceptionTranslationFilter.doFilter(ExceptionTranslationFilter.java:120)
	at org.springframework.security.web.ObservationFilterChainDecorator$ObservationFilter.wrapFilter(ObservationFilterChainDecorator.java:240)
	at org.springframework.security.web.ObservationFilterChainDecorator$ObservationFilter.doFilter(ObservationFilterChainDecorator.java:227)
	at org.springframework.security.web.ObservationFilterChainDecorator$VirtualFilterChain.doFilter(ObservationFilterChainDecorator.java:137)
	at org.springframework.security.web.session.SessionManagementFilter.doFilter(SessionManagementFilter.java:131)
	at org.springframework.security.web.session.SessionManagementFilter.doFilter(SessionManagementFilter.java:85)
	at org.springframework.security.web.ObservationFilterChainDecorator$ObservationFilter.wrapFilter(ObservationFilterChainDecorator.java:240)
	at org.springframework.security.web.ObservationFilterChainDecorator$ObservationFilter.doFilter(ObservationFilterChainDecorator.java:227)
	at org.springframework.security.web.ObservationFilterChainDecorator$VirtualFilterChain.doFilter(ObservationFilterChainDecorator.java:137)
	at org.springframework.security.web.authentication.AnonymousAuthenticationFilter.doFilter(AnonymousAuthenticationFilter.java:100)
	at org.springframework.security.web.ObservationFilterChainDecorator$ObservationFilter.wrapFilter(ObservationFilterChainDecorator.java:240)
	at org.springframework.security.web.ObservationFilterChainDecorator$ObservationFilter.doFilter(ObservationFilterChainDecorator.java:227)
	at org.springframework.security.web.ObservationFilterChainDecorator$VirtualFilterChain.doFilter(ObservationFilterChainDecorator.java:137)
	at org.springframework.security.web.servletapi.SecurityContextHolderAwareRequestFilter.doFilter(SecurityContextHolderAwareRequestFilter.java:179)
	at org.springframework.security.web.ObservationFilterChainDecorator$ObservationFilter.wrapFilter(ObservationFilterChainDecorator.java:240)
	at org.springframework.security.web.ObservationFilterChainDecorator$ObservationFilter.doFilter(ObservationFilterChainDecorator.java:227)
	at org.springframework.security.web.ObservationFilterChainDecorator$VirtualFilterChain.doFilter(ObservationFilterChainDecorator.java:137)
	at org.springframework.security.web.savedrequest.RequestCacheAwareFilter.doFilter(RequestCacheAwareFilter.java:63)
	at org.springframework.security.web.ObservationFilterChainDecorator$ObservationFilter.wrapFilter(ObservationFilterChainDecorator.java:240)
	at org.springframework.security.web.ObservationFilterChainDecorator$ObservationFilter.doFilter(ObservationFilterChainDecorator.java:227)
	at org.springframework.security.web.ObservationFilterChainDecorator$VirtualFilterChain.doFilter(ObservationFilterChainDecorator.java:137)
	at de.tum.cit.aet.artemis.core.security.filter.SpaWebFilter.doFilterInternal(SpaWebFilter.java:23)
	at org.springframework.web.filter.OncePerRequestFilter.doFilter(OncePerRequestFilter.java:116)
	at org.springframework.security.web.ObservationFilterChainDecorator$ObservationFilter.wrapFilter(ObservationFilterChainDecorator.java:240)
	at org.springframework.security.web.ObservationFilterChainDecorator$ObservationFilter.doFilter(ObservationFilterChainDecorator.java:227)
	at org.springframework.security.web.ObservationFilterChainDecorator$VirtualFilterChain.doFilter(ObservationFilterChainDecorator.java:137)
	at org.springframework.web.filter.OncePerRequestFilter.doFilter(OncePerRequestFilter.java:110)
	at org.springframework.security.web.ObservationFilterChainDecorator$ObservationFilter.wrapFilter(ObservationFilterChainDecorator.java:240)
	at org.springframework.security.web.ObservationFilterChainDecorator$ObservationFilter.doFilter(ObservationFilterChainDecorator.java:227)
	at org.springframework.security.web.ObservationFilterChainDecorator$VirtualFilterChain.doFilter(ObservationFilterChainDecorator.java:137)
	at de.tum.cit.aet.artemis.lti.config.Lti13LaunchFilter.doFilterInternal(Lti13LaunchFilter.java:60)
	at org.springframework.web.filter.OncePerRequestFilter.doFilter(OncePerRequestFilter.java:116)
	at org.springframework.security.web.ObservationFilterChainDecorator$ObservationFilter.wrapFilter(ObservationFilterChainDecorator.java:240)
	at org.springframework.security.web.ObservationFilterChainDecorator$ObservationFilter.doFilter(ObservationFilterChainDecorator.java:227)
	at org.springframework.security.web.ObservationFilterChainDecorator$VirtualFilterChain.doFilter(ObservationFilterChainDecorator.java:137)
	at de.tum.cit.aet.artemis.core.security.jwt.JWTFilter.doFilter(JWTFilter.java:55)
	at org.springframework.security.web.ObservationFilterChainDecorator$ObservationFilter.wrapFilter(ObservationFilterChainDecorator.java:240)
	at org.springframework.security.web.ObservationFilterChainDecorator$ObservationFilter.doFilter(ObservationFilterChainDecorator.java:227)
	at org.springframework.security.web.ObservationFilterChainDecorator$VirtualFilterChain.doFilter(ObservationFilterChainDecorator.java:137)
	at de.tum.cit.aet.artemis.core.security.jwt.JWTFilter.doFilter(JWTFilter.java:55)
	at org.springframework.security.web.ObservationFilterChainDecorator$ObservationFilter.wrapFilter(ObservationFilterChainDecorator.java:240)
	at org.springframework.security.web.ObservationFilterChainDecorator$ObservationFilter.doFilter(ObservationFilterChainDecorator.java:227)
	at org.springframework.security.web.ObservationFilterChainDecorator$VirtualFilterChain.doFilter(ObservationFilterChainDecorator.java:137)
	at org.springframework.web.filter.CorsFilter.doFilterInternal(CorsFilter.java:91)
	at org.springframework.web.filter.OncePerRequestFilter.doFilter(OncePerRequestFilter.java:116)
	at org.springframework.security.web.ObservationFilterChainDecorator$ObservationFilter.wrapFilter(ObservationFilterChainDecorator.java:240)
	at org.springframework.security.web.ObservationFilterChainDecorator$ObservationFilter.doFilter(ObservationFilterChainDecorator.java:227)
	at org.springframework.security.web.ObservationFilterChainDecorator$VirtualFilterChain.doFilter(ObservationFilterChainDecorator.java:137)
	at org.springframework.web.filter.OncePerRequestFilter.doFilter(OncePerRequestFilter.java:110)
	at org.springframework.security.web.ObservationFilterChainDecorator$ObservationFilter.wrapFilter(ObservationFilterChainDecorator.java:240)
	at org.springframework.security.web.ObservationFilterChainDecorator$ObservationFilter.doFilter(ObservationFilterChainDecorator.java:227)
	at org.springframework.security.web.ObservationFilterChainDecorator$VirtualFilterChain.doFilter(ObservationFilterChainDecorator.java:137)
	at uk.ac.ox.ctl.lti13.security.oauth2.client.lti.web.OAuth2AuthorizationRequestRedirectFilter.doFilterInternal(OAuth2AuthorizationRequestRedirectFilter.java:142)
	at org.springframework.web.filter.OncePerRequestFilter.doFilter(OncePerRequestFilter.java:116)
	at org.springframework.security.web.ObservationFilterChainDecorator$ObservationFilter.wrapFilter(ObservationFilterChainDecorator.java:240)
	at org.springframework.security.web.ObservationFilterChainDecorator$ObservationFilter.doFilter(ObservationFilterChainDecorator.java:227)
	at org.springframework.security.web.ObservationFilterChainDecorator$VirtualFilterChain.doFilter(ObservationFilterChainDecorator.java:137)
	at org.springframework.security.web.authentication.logout.LogoutFilter.doFilter(LogoutFilter.java:107)
	at org.springframework.security.web.authentication.logout.LogoutFilter.doFilter(LogoutFilter.java:93)
	at org.springframework.security.web.ObservationFilterChainDecorator$ObservationFilter.wrapFilter(ObservationFilterChainDecorator.java:240)
	at org.springframework.security.web.ObservationFilterChainDecorator$ObservationFilter.doFilter(ObservationFilterChainDecorator.java:227)
	at org.springframework.security.web.ObservationFilterChainDecorator$VirtualFilterChain.doFilter(ObservationFilterChainDecorator.java:137)
	at org.springframework.security.web.header.HeaderWriterFilter.doHeadersAfter(HeaderWriterFilter.java:90)
	at org.springframework.security.web.header.HeaderWriterFilter.doFilterInternal(HeaderWriterFilter.java:75)
	at org.springframework.web.filter.OncePerRequestFilter.doFilter(OncePerRequestFilter.java:116)
	at org.springframework.security.web.ObservationFilterChainDecorator$ObservationFilter.wrapFilter(ObservationFilterChainDecorator.java:240)
	at org.springframework.security.web.ObservationFilterChainDecorator$ObservationFilter.doFilter(ObservationFilterChainDecorator.java:227)
	at org.springframework.security.web.ObservationFilterChainDecorator$VirtualFilterChain.doFilter(ObservationFilterChainDecorator.java:137)
	at org.springframework.security.web.context.SecurityContextHolderFilter.doFilter(SecurityContextHolderFilter.java:82)
	at org.springframework.security.web.context.SecurityContextHolderFilter.doFilter(SecurityContextHolderFilter.java:69)
	at org.springframework.security.web.ObservationFilterChainDecorator$ObservationFilter.wrapFilter(ObservationFilterChainDecorator.java:240)
	at org.springframework.security.web.ObservationFilterChainDecorator$ObservationFilter.doFilter(ObservationFilterChainDecorator.java:227)
	at org.springframework.security.web.ObservationFilterChainDecorator$VirtualFilterChain.doFilter(ObservationFilterChainDecorator.java:137)
	at org.springframework.security.web.context.request.async.WebAsyncManagerIntegrationFilter.doFilterInternal(WebAsyncManagerIntegrationFilter.java:62)
	at org.springframework.web.filter.OncePerRequestFilter.doFilter(OncePerRequestFilter.java:116)
	at org.springframework.security.web.ObservationFilterChainDecorator$ObservationFilter.wrapFilter(ObservationFilterChainDecorator.java:240)
	at org.springframework.security.web.ObservationFilterChainDecorator$ObservationFilter.doFilter(ObservationFilterChainDecorator.java:227)
	at org.springframework.security.web.ObservationFilterChainDecorator$VirtualFilterChain.doFilter(ObservationFilterChainDecorator.java:137)
	at org.springframework.security.web.session.DisableEncodeUrlFilter.doFilterInternal(DisableEncodeUrlFilter.java:42)
	at org.springframework.web.filter.OncePerRequestFilter.doFilter(OncePerRequestFilter.java:116)
	at org.springframework.security.web.ObservationFilterChainDecorator$ObservationFilter.wrapFilter(ObservationFilterChainDecorator.java:240)
	at org.springframework.security.web.ObservationFilterChainDecorator$AroundFilterObservation$SimpleAroundFilterObservation.lambda$wrap$0(ObservationFilterChainDecorator.java:323)
	at org.springframework.security.web.ObservationFilterChainDecorator$ObservationFilter.doFilter(ObservationFilterChainDecorator.java:224)
	at org.springframework.security.web.ObservationFilterChainDecorator$VirtualFilterChain.doFilter(ObservationFilterChainDecorator.java:137)
	at org.springframework.security.web.FilterChainProxy.doFilterInternal(FilterChainProxy.java:233)
	at org.springframework.security.web.FilterChainProxy.doFilter(FilterChainProxy.java:191)
	at org.springframework.web.filter.CompositeFilter$VirtualFilterChain.doFilter(CompositeFilter.java:113)
	at org.springframework.web.servlet.handler.HandlerMappingIntrospector.lambda$createCacheFilter$3(HandlerMappingIntrospector.java:243)
	at org.springframework.web.filter.CompositeFilter$VirtualFilterChain.doFilter(CompositeFilter.java:113)
	at org.springframework.web.filter.CompositeFilter.doFilter(CompositeFilter.java:74)
	at org.springframework.security.config.annotation.web.configuration.WebMvcSecurityConfiguration$CompositeFilterChainProxy.doFilter(WebMvcSecurityConfiguration.java:238)
	at org.springframework.web.filter.DelegatingFilterProxy.invokeDelegate(DelegatingFilterProxy.java:362)
	at org.springframework.web.filter.DelegatingFilterProxy.doFilter(DelegatingFilterProxy.java:278)
	at org.springframework.test.web.servlet.setup.MockMvcFilterDecorator.doFilter(MockMvcFilterDecorator.java:162)
	at org.springframework.mock.web.MockFilterChain.doFilter(MockFilterChain.java:132)
	at org.springframework.web.filter.RequestContextFilter.doFilterInternal(RequestContextFilter.java:100)
	at org.springframework.web.filter.OncePerRequestFilter.doFilter(OncePerRequestFilter.java:116)
	at org.springframework.test.web.servlet.setup.MockMvcFilterDecorator.doFilter(MockMvcFilterDecorator.java:162)
	at org.springframework.mock.web.MockFilterChain.doFilter(MockFilterChain.java:132)
	at org.springframework.web.filter.FormContentFilter.doFilterInternal(FormContentFilter.java:93)
	at org.springframework.web.filter.OncePerRequestFilter.doFilter(OncePerRequestFilter.java:116)
	at org.springframework.test.web.servlet.setup.MockMvcFilterDecorator.doFilter(MockMvcFilterDecorator.java:162)
	at org.springframework.mock.web.MockFilterChain.doFilter(MockFilterChain.java:132)
	at org.springframework.web.filter.ServerHttpObservationFilter.doFilterInternal(ServerHttpObservationFilter.java:114)
	at org.springframework.web.filter.OncePerRequestFilter.doFilter(OncePerRequestFilter.java:116)
	at org.springframework.test.web.servlet.setup.MockMvcFilterDecorator.doFilter(MockMvcFilterDecorator.java:162)
	at org.springframework.mock.web.MockFilterChain.doFilter(MockFilterChain.java:132)
	at io.sentry.spring.jakarta.tracing.SentryTracingFilter.doFilterInternal(SentryTracingFilter.java:91)
	at org.springframework.web.filter.OncePerRequestFilter.doFilter(OncePerRequestFilter.java:116)
	at org.springframework.test.web.servlet.setup.MockMvcFilterDecorator.doFilter(MockMvcFilterDecorator.java:162)
	at org.springframework.mock.web.MockFilterChain.doFilter(MockFilterChain.java:132)
	at org.springframework.web.filter.CharacterEncodingFilter.doFilterInternal(CharacterEncodingFilter.java:201)
	at org.springframework.web.filter.OncePerRequestFilter.doFilter(OncePerRequestFilter.java:116)
	at org.springframework.test.web.servlet.setup.MockMvcFilterDecorator.doFilter(MockMvcFilterDecorator.java:162)
	at org.springframework.mock.web.MockFilterChain.doFilter(MockFilterChain.java:132)
	at io.sentry.spring.jakarta.SentrySpringFilter.doFilterInternal(SentrySpringFilter.java:76)
	at org.springframework.web.filter.OncePerRequestFilter.doFilter(OncePerRequestFilter.java:116)
	at org.springframework.test.web.servlet.setup.MockMvcFilterDecorator.doFilter(MockMvcFilterDecorator.java:162)
	at org.springframework.mock.web.MockFilterChain.doFilter(MockFilterChain.java:132)
	at org.springframework.test.web.servlet.MockMvc.perform(MockMvc.java:201)
	at de.tum.cit.aet.artemis.core.util.RequestUtilService.performMvcRequest(RequestUtilService.java:79)
	at de.tum.cit.aet.artemis.core.util.RequestUtilService.postWithoutResponseBody(RequestUtilService.java:238)
	at de.tum.cit.aet.artemis.core.util.RequestUtilService.postWithoutResponseBody(RequestUtilService.java:224)
	at de.tum.cit.aet.artemis.exam.StudentExamIntegrationTest.testAssessExamWithSubmissionResult(StudentExamIntegrationTest.java:1276)
	at java.base/jdk.internal.reflect.DirectMethodHandleAccessor.invoke(DirectMethodHandleAccessor.java:103)
	at java.base/java.lang.reflect.Method.invoke(Method.java:580)
	at org.junit.platform.commons.util.ReflectionUtils.invokeMethod(ReflectionUtils.java:767)
	at org.junit.jupiter.engine.execution.MethodInvocation.proceed(MethodInvocation.java:60)
	at org.junit.jupiter.engine.execution.InvocationInterceptorChain$ValidatingInvocation.proceed(InvocationInterceptorChain.java:131)
	at org.junit.jupiter.engine.extension.TimeoutExtension.intercept(TimeoutExtension.java:156)
	at org.junit.jupiter.engine.extension.TimeoutExtension.interceptTestableMethod(TimeoutExtension.java:147)
	at org.junit.jupiter.engine.extension.TimeoutExtension.interceptTestMethod(TimeoutExtension.java:86)
	at org.junit.jupiter.engine.execution.InterceptingExecutableInvoker$ReflectiveInterceptorCall.lambda$ofVoidMethod$0(InterceptingExecutableInvoker.java:103)
	at org.junit.jupiter.engine.execution.InterceptingExecutableInvoker.lambda$invoke$0(InterceptingExecutableInvoker.java:93)
	at org.junit.jupiter.engine.execution.InvocationInterceptorChain$InterceptedInvocation.proceed(InvocationInterceptorChain.java:106)
	at org.junit.jupiter.engine.execution.InvocationInterceptorChain.proceed(InvocationInterceptorChain.java:64)
	at org.junit.jupiter.engine.execution.InvocationInterceptorChain.chainAndInvoke(InvocationInterceptorChain.java:45)
	at org.junit.jupiter.engine.execution.InvocationInterceptorChain.invoke(InvocationInterceptorChain.java:37)
	at org.junit.jupiter.engine.execution.InterceptingExecutableInvoker.invoke(InterceptingExecutableInvoker.java:92)
	at org.junit.jupiter.engine.execution.InterceptingExecutableInvoker.invoke(InterceptingExecutableInvoker.java:86)
	at org.junit.jupiter.engine.descriptor.TestMethodTestDescriptor.lambda$invokeTestMethod$8(TestMethodTestDescriptor.java:217)
	at org.junit.platform.engine.support.hierarchical.ThrowableCollector.execute(ThrowableCollector.java:73)
	at org.junit.jupiter.engine.descriptor.TestMethodTestDescriptor.invokeTestMethod(TestMethodTestDescriptor.java:213)
	at org.junit.jupiter.engine.descriptor.TestMethodTestDescriptor.execute(TestMethodTestDescriptor.java:138)
	at org.junit.jupiter.engine.descriptor.TestMethodTestDescriptor.execute(TestMethodTestDescriptor.java:68)
	at org.junit.platform.engine.support.hierarchical.NodeTestTask.lambda$executeRecursively$6(NodeTestTask.java:156)
	at org.junit.platform.engine.support.hierarchical.ThrowableCollector.execute(ThrowableCollector.java:73)
	at org.junit.platform.engine.support.hierarchical.NodeTestTask.lambda$executeRecursively$8(NodeTestTask.java:146)
	at org.junit.platform.engine.support.hierarchical.Node.around(Node.java:137)
	at org.junit.platform.engine.support.hierarchical.NodeTestTask.lambda$executeRecursively$9(NodeTestTask.java:144)
	at org.junit.platform.engine.support.hierarchical.ThrowableCollector.execute(ThrowableCollector.java:73)
	at org.junit.platform.engine.support.hierarchical.NodeTestTask.executeRecursively(NodeTestTask.java:143)
	at org.junit.platform.engine.support.hierarchical.NodeTestTask.execute(NodeTestTask.java:100)
	at org.junit.platform.engine.support.hierarchical.ForkJoinPoolHierarchicalTestExecutorService$ExclusiveTask.exec(ForkJoinPoolHierarchicalTestExecutorService.java:274)
	at org.junit.platform.engine.support.hierarchical.ForkJoinPoolHierarchicalTestExecutorService$ExclusiveTask.execSync(ForkJoinPoolHierarchicalTestExecutorService.java:247)
	at org.junit.platform.engine.support.hierarchical.ForkJoinPoolHierarchicalTestExecutorService.executeSync(ForkJoinPoolHierarchicalTestExecutorService.java:194)
	at org.junit.platform.engine.support.hierarchical.ForkJoinPoolHierarchicalTestExecutorService.invokeAll(ForkJoinPoolHierarchicalTestExecutorService.java:166)
	at org.junit.platform.engine.support.hierarchical.NodeTestTask.lambda$executeRecursively$6(NodeTestTask.java:160)
	at org.junit.platform.engine.support.hierarchical.ThrowableCollector.execute(ThrowableCollector.java:73)
	at org.junit.platform.engine.support.hierarchical.NodeTestTask.lambda$executeRecursively$8(NodeTestTask.java:146)
	at org.junit.platform.engine.support.hierarchical.Node.around(Node.java:137)
	at org.junit.platform.engine.support.hierarchical.NodeTestTask.lambda$executeRecursively$9(NodeTestTask.java:144)
	at org.junit.platform.engine.support.hierarchical.ThrowableCollector.execute(ThrowableCollector.java:73)
	at org.junit.platform.engine.support.hierarchical.NodeTestTask.executeRecursively(NodeTestTask.java:143)
	at org.junit.platform.engine.support.hierarchical.NodeTestTask.execute(NodeTestTask.java:100)
	at org.junit.platform.engine.support.hierarchical.ForkJoinPoolHierarchicalTestExecutorService$ExclusiveTask.exec(ForkJoinPoolHierarchicalTestExecutorService.java:274)
	at java.base/java.util.concurrent.ForkJoinTask.doExec(ForkJoinTask.java:387)
	at java.base/java.util.concurrent.ForkJoinPool$WorkQueue.topLevelExec(ForkJoinPool.java:1312)
	at java.base/java.util.concurrent.ForkJoinPool.scan(ForkJoinPool.java:1843)
	at java.base/java.util.concurrent.ForkJoinPool.runWorker(ForkJoinPool.java:1808)
	at java.base/java.util.concurrent.ForkJoinWorkerThread.run(ForkJoinWorkerThread.java:188)
    23:43:25.581 | 370 ool-1-worker-134 | DEBUG | d.t.c.a.a.e.s.StudentExamService     :     Potentially save submissions in 5.75ms
    23:43:25.581 | 370 ool-1-worker-134 | DEBUG | d.t.c.a.a.e.s.StudentExamService     :     Lock student repositories in 36µs
    23:43:25.581 | 370 ool-1-worker-134 | INFO  | d.t.c.a.a.e.web.StudentExamResource  : Completed submitStudentExam with 7 exercises for user studexamstudent1 in a total time of 16.26ms
    23:43:25.585 | 370 ool-1-worker-134 | DEBUG | d.t.c.a.a.c.s.f.ApiVersionFilter     : Adding Version to Request GET /api/courses/378/exams/766/student-exams/301/conduction
    23:43:25.591 | 370 ool-1-worker-134 | DEBUG | d.t.c.a.a.e.web.StudentExamResource  : REST request to get the student exam of user studexamstudent1 for exam 766
    23:43:25.607 | 370 ool-1-worker-134 | DEBUG | d.t.c.a.a.e.s.ExamSessionService     : Exam session started
    23:43:25.608 | 370 ool-1-worker-134 | INFO  | d.t.c.a.a.e.web.StudentExamResource  : getStudentExamForConduction done in 19ms for 7 exercises for user studexamstudent1
    23:43:25.623 | 370 ool-1-worker-134 | DEBUG | d.t.c.a.a.c.s.f.ApiVersionFilter     : Adding Version to Request DELETE /api/courses/375/exams/761
    23:43:25.623 | 370 ool-1-worker-134 | INFO  | d.t.c.a.a.exam.web.ExamResource      : REST request to delete exam : 761
    23:43:25.632 | 370 ool-1-worker-134 | INFO  | d.t.c.a.a.e.s.ExamDeletionService    : User studexaminstructor1 has requested to delete the exam Real exam 1
    23:43:25.647 | 370 ool-1-worker-134 | INFO  | .c.a.a.c.s.TitleCacheEvictionService : Evicted entry '761' from title cache 'examTitle'

  Starting logs for StudentExamIntegrationTest > testGetStudentExamsForExam_asInstructor()
    23:43:25.696 | 370 ool-1-worker-134 | DEBUG | d.t.c.a.a.c.u.util.UserUtilService   : Generate 2 students...
    23:43:25.700 | 370 ool-1-worker-134 | DEBUG | d.t.c.a.a.c.u.util.UserUtilService   : 2 students generated. Generate 1 tutors...
    23:43:25.703 | 370 ool-1-worker-134 | DEBUG | d.t.c.a.a.c.u.util.UserUtilService   : 1 tutors generated. Generate 0 editors...
    23:43:25.704 | 370 ool-1-worker-134 | DEBUG | d.t.c.a.a.c.u.util.UserUtilService   : 0 editors generated. Generate 2 instructors...
    23:43:25.708 | 370 ool-1-worker-134 | DEBUG | d.t.c.a.a.c.u.util.UserUtilService   : 2 instructors generated
    23:43:25.709 | 370 ool-1-worker-134 | DEBUG | d.t.c.a.a.c.u.util.UserUtilService   : Removing 5 users from all courses...
    23:43:25.710 | 370 ool-1-worker-134 | DEBUG | d.t.c.a.a.c.u.util.UserUtilService   : Removing 5 users from all courses. Done
    23:43:25.710 | 370 ool-1-worker-134 | DEBUG | d.t.c.a.a.c.u.util.UserUtilService   : Save 5 users to database...
    23:43:25.722 | 370 ool-1-worker-134 | DEBUG | d.t.c.a.a.c.u.util.UserUtilService   : Save 5 users to database. Done
    23:43:25.845 | 370 ool-1-worker-134 | INFO  | i.z.t.d.l.EmbeddedDatabaseReporter   : JDBC URL to connect to 'dataSource': url='jdbc:h2:tcp://localhost:41063/mem:736625c0-cf5e-400d-aeaa-8a7eabd6262b;USER=sa', scope='StudentExamIntegrationTest#testGetStudentExamsForExam_asInstructor'
    23:43:25.846 | 370 ool-1-worker-134 | DEBUG | d.t.c.a.a.c.s.f.ApiVersionFilter     : Adding Version to Request GET /api/courses/379/exams/767/student-exams
    23:43:25.847 | 370 ool-1-worker-134 | DEBUG | d.t.c.a.a.e.web.StudentExamResource  : REST request to get all student exams for exam : 767

  Starting logs for StudentExamIntegrationTest > testFindAllDistinctWorkingTimesByExamId()
    23:43:25.888 | 370 ool-1-worker-134 | DEBUG | d.t.c.a.a.c.u.util.UserUtilService   : Generate 2 students...
    23:43:25.893 | 370 ool-1-worker-134 | DEBUG | d.t.c.a.a.c.u.util.UserUtilService   : 2 students generated. Generate 1 tutors...
    23:43:25.895 | 370 ool-1-worker-134 | DEBUG | d.t.c.a.a.c.u.util.UserUtilService   : 1 tutors generated. Generate 0 editors...
    23:43:25.897 | 370 ool-1-worker-134 | DEBUG | d.t.c.a.a.c.u.util.UserUtilService   : 0 editors generated. Generate 2 instructors...
    23:43:25.901 | 370 ool-1-worker-134 | DEBUG | d.t.c.a.a.c.u.util.UserUtilService   : 2 instructors generated
    23:43:25.902 | 370 ool-1-worker-134 | DEBUG | d.t.c.a.a.c.u.util.UserUtilService   : Removing 5 users from all courses...
    23:43:25.903 | 370 ool-1-worker-134 | DEBUG | d.t.c.a.a.c.u.util.UserUtilService   : Removing 5 users from all courses. Done
    23:43:25.903 | 370 ool-1-worker-134 | DEBUG | d.t.c.a.a.c.u.util.UserUtilService   : Save 5 users to database...
    23:43:25.915 | 370 ool-1-worker-134 | DEBUG | d.t.c.a.a.c.u.util.UserUtilService   : Save 5 users to database. Done
    23:43:26.028 | 370 ool-1-worker-134 | INFO  | i.z.t.d.l.EmbeddedDatabaseReporter   : JDBC URL to connect to 'dataSource': url='jdbc:h2:tcp://localhost:41063/mem:736625c0-cf5e-400d-aeaa-8a7eabd6262b;USER=sa', scope='StudentExamIntegrationTest#testFindAllDistinctWorkingTimesByExamId'

  Starting logs for StudentExamIntegrationTest > testSubmitStudentExam_realistic()
    23:43:26.064 | 370 ool-1-worker-134 | DEBUG | d.t.c.a.a.c.u.util.UserUtilService   : Generate 2 students...
    23:43:26.069 | 370 ool-1-worker-134 | DEBUG | d.t.c.a.a.c.u.util.UserUtilService   : 2 students generated. Generate 1 tutors...
    23:43:26.071 | 370 ool-1-worker-134 | DEBUG | d.t.c.a.a.c.u.util.UserUtilService   : 1 tutors generated. Generate 0 editors...
    23:43:26.073 | 370 ool-1-worker-134 | DEBUG | d.t.c.a.a.c.u.util.UserUtilService   : 0 editors generated. Generate 2 instructors...
    23:43:26.077 | 370 ool-1-worker-134 | DEBUG | d.t.c.a.a.c.u.util.UserUtilService   : 2 instructors generated
    23:43:26.079 | 370 ool-1-worker-134 | DEBUG | d.t.c.a.a.c.u.util.UserUtilService   : Removing 5 users from all courses...
    23:43:26.079 | 370 ool-1-worker-134 | DEBUG | d.t.c.a.a.c.u.util.UserUtilService   : Removing 5 users from all courses. Done
    23:43:26.079 | 370 ool-1-worker-134 | DEBUG | d.t.c.a.a.c.u.util.UserUtilService   : Save 5 users to database...
    23:43:26.093 | 370 ool-1-worker-134 | DEBUG | d.t.c.a.a.c.u.util.UserUtilService   : Save 5 users to database. Done
    23:43:26.159 | 059 pool-4-thread-2  | INFO  | d.t.c.a.a.p.s.gitlab.GitLabService   : Protecting branch main for Gitlab repository SHORTE4AED03D07F940486B0BF6309C227475AE19T780/shorte4aed03d07f940486b0bf6309c227475ae19t780-studexamstudent1
    23:43:26.161 | 060 pool-4-thread-3  | INFO  | d.t.c.a.a.p.s.gitlab.GitLabService   : Protecting branch main for Gitlab repository SHORTE4AED03D07F940486B0BF6309C227475AE19T780/shorte4aed03d07f940486b0bf6309c227475ae19t780-studexamstudent2
    23:43:26.192 | 370 ool-1-worker-134 | INFO  | i.z.t.d.l.EmbeddedDatabaseReporter   : JDBC URL to connect to 'dataSource': url='jdbc:h2:tcp://localhost:41063/mem:736625c0-cf5e-400d-aeaa-8a7eabd6262b;USER=sa', scope='StudentExamIntegrationTest#testSubmitStudentExam_realistic'
    23:43:26.237 | 370 ool-1-worker-134 | DEBUG | d.t.c.a.a.c.s.f.ApiVersionFilter     : Adding Version to Request POST /api/courses/388/exams/782/generate-student-exams
    23:43:26.238 | 370 ool-1-worker-134 | INFO  | d.t.c.a.a.exam.web.ExamResource      : REST request to generate student exams for exam 782
    23:43:26.245 | 370 ool-1-worker-134 | INFO  | d.t.c.a.a.e.s.ExamDeletionService    : User studexaminstructor1 has requested to delete existing student exams and participations for exam Real exam 1
    23:43:26.246 | 370 ool-1-worker-134 | INFO  | d.t.c.a.a.e.s.ParticipationService   : Request to delete all 0 participations of exercise with id : 1212
    23:43:26.247 | 370 ool-1-worker-134 | INFO  | d.t.c.a.a.e.s.ParticipationService   : Request to delete all 0 participations of exercise with id : 1213
    23:43:26.248 | 370 ool-1-worker-134 | INFO  | d.t.c.a.a.e.s.ParticipationService   : Request to delete all 0 participations of exercise with id : 1214
    23:43:26.250 | 370 ool-1-worker-134 | INFO  | d.t.c.a.a.e.s.ParticipationService   : Request to delete all 0 participations of exercise with id : 1215
    23:43:26.252 | 370 ool-1-worker-134 | INFO  | d.t.c.a.a.e.s.ParticipationService   : Request to delete all 0 participations of exercise with id : 1216
    23:43:26.253 | 370 ool-1-worker-134 | INFO  | d.t.c.a.a.e.s.ParticipationService   : Request to delete all 0 participations of exercise with id : 1217
    23:43:26.255 | 370 ool-1-worker-134 | INFO  | d.t.c.a.a.e.s.ParticipationService   : Request to delete all 0 participations of exercise with id : 1218
    23:43:26.256 | 370 ool-1-worker-134 | INFO  | d.t.c.a.a.e.s.ParticipationService   : Request to delete all 0 participations of exercise with id : 1219
    23:43:26.257 | 370 ool-1-worker-134 | INFO  | d.t.c.a.a.e.s.ParticipationService   : Request to delete all 0 participations of exercise with id : 1220
    23:43:26.258 | 370 ool-1-worker-134 | INFO  | d.t.c.a.a.e.s.ParticipationService   : Request to delete all 0 participations of exercise with id : 1221
    23:43:26.259 | 370 ool-1-worker-134 | INFO  | d.t.c.a.a.e.s.ParticipationService   : Request to delete all 0 participations of exercise with id : 1222
    23:43:26.262 | 370 ool-1-worker-134 | INFO  | d.t.c.a.a.exam.web.ExamResource      : Generated 2 student exams in 24.33ms for exam 782
    23:43:26.294 | 370 ool-1-worker-134 | DEBUG | d.t.c.a.a.c.s.f.ApiVersionFilter     : Adding Version to Request POST /api/courses/388/exams/782/student-exams/start-exercises
    23:43:26.300 | 370 ool-1-worker-134 | DEBUG | d.t.c.a.a.exam.service.ExamService   : Finished combination of template commits for programming exercise ProgrammingExercise{id=1222, templateRepositoryUri='https://version-control.fake.fake/git/SHORT2BA924B2000B6049C0087A40CD018715EF4ETBA5/short2ba924b2000b6049c0087a40cd018715ef4etba5-exercise.git', solutionRepositoryUri='https://version-control.fake.fake/git/SHORT2BA924B2000B6049C0087A40CD018715EF4ETBA5/short2ba924b2000b6049c0087a40cd018715ef4etba5-solution.git', templateBuildPlanId='SHORT2BA924B2000B6049C0087A40CD018715EF4ETBA5-BASE', solutionBuildPlanId='SHORT2BA924B2000B6049C0087A40CD018715EF4ETBA5-SOLUTION', allowOnlineEditor='null', allowOnlineIde='false', programmingLanguage='JAVA', packageName='de.test'', testCasesChanged='false'}
    23:43:26.300 | 370 ool-1-worker-134 | INFO  | d.t.c.a.a.e.web.StudentExamResource  : REST request to start exercises for student exams of exam 782
    23:43:26.312 | 601 ol-3059-thread-1 | INFO  | d.t.c.a.a.e.s.StudentExamService     : SUCCESS: Start exercise for student exam 317 and exercise 1212 and student studexamstudent2
    23:43:26.320 | 602 ol-3059-thread-2 | INFO  | d.t.c.a.a.e.s.StudentExamService     : SUCCESS: Start exercise for student exam 318 and exercise 1213 and student studexamstudent1
    23:43:26.324 | 601 ol-3059-thread-1 | INFO  | d.t.c.a.a.e.s.StudentExamService     : SUCCESS: Start exercise for student exam 317 and exercise 1214 and student studexamstudent2
    23:43:26.331 | 601 ol-3059-thread-1 | INFO  | d.t.c.a.a.e.s.StudentExamService     : SUCCESS: Start exercise for student exam 317 and exercise 1217 and student studexamstudent2
    23:43:26.338 | 601 ol-3059-thread-1 | INFO  | d.t.c.a.a.e.s.StudentExamService     : SUCCESS: Start exercise for student exam 317 and exercise 1218 and student studexamstudent2
    23:43:26.345 | 601 ol-3059-thread-1 | INFO  | d.t.c.a.a.e.s.StudentExamService     : SUCCESS: Start exercise for student exam 317 and exercise 1220 and student studexamstudent2
    23:43:26.347 | 602 ol-3059-thread-2 | INFO  | d.t.c.a.a.e.s.StudentExamService     : SUCCESS: Start exercise for student exam 318 and exercise 1215 and student studexamstudent1
    23:43:26.352 | 601 ol-3059-thread-1 | INFO  | d.t.c.a.a.e.s.StudentExamService     : SUCCESS: Start exercise for student exam 317 and exercise 1221 and student studexamstudent2
    23:43:26.353 | 602 ol-3059-thread-2 | INFO  | d.t.c.a.a.e.s.StudentExamService     : SUCCESS: Start exercise for student exam 318 and exercise 1216 and student studexamstudent1
    23:43:26.358 | 601 ol-3059-thread-1 | DEBUG | d.t.c.a.a.p.service.GitService       : Cloning from file:/tmp/exerciseOriginRepo1285282045596085430/ to repos/server-integration-test/studentOriginRepo1520968684851664332
    23:43:26.360 | 602 ol-3059-thread-2 | INFO  | d.t.c.a.a.e.s.StudentExamService     : SUCCESS: Start exercise for student exam 318 and exercise 1218 and student studexamstudent1
    23:43:26.367 | 602 ol-3059-thread-2 | INFO  | d.t.c.a.a.e.s.StudentExamService     : SUCCESS: Start exercise for student exam 318 and exercise 1220 and student studexamstudent1
    23:43:26.374 | 602 ol-3059-thread-2 | INFO  | d.t.c.a.a.e.s.StudentExamService     : SUCCESS: Start exercise for student exam 318 and exercise 1221 and student studexamstudent1
    23:43:26.376 | 602 ol-3059-thread-2 | DEBUG | d.t.c.a.a.p.service.GitService       : Cloning from file:/tmp/exerciseOriginRepo1285282045596085430/ to repos/server-integration-test/studentOriginRepo8449460239614501226
    23:43:26.376 | 601 ol-3059-thread-1 | ERROR | .a.a.p.s.j.b.JenkinsBuildPlanService : Pipeline Script not found
java.lang.IllegalArgumentException: Pipeline Script not found
	at de.tum.cit.aet.artemis.programming.service.jenkins.build_plan.JenkinsBuildPlanUtils.replaceScriptParameters(JenkinsBuildPlanUtils.java:22)
	at de.tum.cit.aet.artemis.programming.service.jenkins.build_plan.JenkinsBuildPlanService.updateBuildPlanURLs(JenkinsBuildPlanService.java:245)
	at de.tum.cit.aet.artemis.programming.service.jenkins.build_plan.JenkinsBuildPlanService.copyBuildPlan(JenkinsBuildPlanService.java:293)
	at de.tum.cit.aet.artemis.programming.service.jenkins.JenkinsService.copyBuildPlan(JenkinsService.java:128)
	at java.base/java.lang.invoke.MethodHandle.invokeWithArguments(MethodHandle.java:733)
	at org.mockito.internal.util.reflection.InstrumentationMemberAccessor$Dispatcher$ByteBuddy$oog9jsgw.invokeWithArguments(Unknown Source)
	at org.mockito.internal.util.reflection.InstrumentationMemberAccessor.invoke(InstrumentationMemberAccessor.java:251)
	at org.mockito.internal.util.reflection.ModuleMemberAccessor.invoke(ModuleMemberAccessor.java:55)
	at org.mockito.internal.creation.bytebuddy.MockMethodAdvice.tryInvoke(MockMethodAdvice.java:314)
	at org.mockito.internal.creation.bytebuddy.MockMethodAdvice$RealMethodCall.invoke(MockMethodAdvice.java:234)
	at org.mockito.internal.invocation.InterceptedInvocation.callRealMethod(InterceptedInvocation.java:142)
	at org.mockito.internal.stubbing.answers.CallsRealMethods.answer(CallsRealMethods.java:45)
	at org.mockito.Answers.answer(Answers.java:90)
	at org.mockito.internal.handler.MockHandlerImpl.handle(MockHandlerImpl.java:111)
	at org.mockito.internal.handler.NullResultGuardian.handle(NullResultGuardian.java:29)
	at org.mockito.internal.handler.InvocationNotifierHandler.handle(InvocationNotifierHandler.java:34)
	at org.mockito.internal.creation.bytebuddy.MockMethodInterceptor.doIntercept(MockMethodInterceptor.java:82)
	at org.mockito.internal.creation.bytebuddy.MockMethodAdvice.handle(MockMethodAdvice.java:134)
	at de.tum.cit.aet.artemis.programming.service.jenkins.JenkinsService.copyBuildPlan(JenkinsService.java:126)
	at de.tum.cit.aet.artemis.exercise.service.ParticipationService.copyBuildPlan(ParticipationService.java:518)
	at de.tum.cit.aet.artemis.exercise.service.ParticipationService.startProgrammingParticipation(ParticipationService.java:296)
	at de.tum.cit.aet.artemis.exercise.service.ParticipationService.startProgrammingExercise(ParticipationService.java:265)
	at de.tum.cit.aet.artemis.exercise.service.ParticipationService.startExerciseWithInitializationDate(ParticipationService.java:192)
	at de.tum.cit.aet.artemis.exercise.service.ParticipationService.startExercise(ParticipationService.java:151)
	at de.tum.cit.aet.artemis.exam.service.StudentExamService.setUpExerciseParticipationsAndSubmissionsWithInitializationDate(StudentExamService.java:686)
	at de.tum.cit.aet.artemis.exam.service.StudentExamService.setUpExerciseParticipationsAndSubmissions(StudentExamService.java:800)
	at de.tum.cit.aet.artemis.exam.service.StudentExamService.lambda$startExercises$15(StudentExamService.java:735)
	at java.base/java.util.concurrent.CompletableFuture$AsyncRun.run(CompletableFuture.java:1804)
	at java.base/java.util.concurrent.ThreadPoolExecutor.runWorker(ThreadPoolExecutor.java:1144)
	at java.base/java.util.concurrent.ThreadPoolExecutor$Worker.run(ThreadPoolExecutor.java:642)
	at java.base/java.lang.Thread.run(Thread.java:1583)
    23:43:26.382 | 601 ol-3059-thread-1 | ERROR | .a.a.p.s.j.b.JenkinsBuildPlanService : Pipeline Script not found
java.lang.IllegalArgumentException: Pipeline Script not found
	at de.tum.cit.aet.artemis.programming.service.jenkins.build_plan.JenkinsBuildPlanUtils.replaceScriptParameters(JenkinsBuildPlanUtils.java:29)
	at de.tum.cit.aet.artemis.programming.service.jenkins.build_plan.JenkinsBuildPlanService.updateBuildPlanRepositories(JenkinsBuildPlanService.java:219)
	at de.tum.cit.aet.artemis.programming.service.jenkins.build_plan.JenkinsBuildPlanService.configureBuildPlanForParticipation(JenkinsBuildPlanService.java:196)
	at de.tum.cit.aet.artemis.programming.service.jenkins.JenkinsService.configureBuildPlan(JenkinsService.java:138)
	at java.base/java.lang.invoke.MethodHandle.invokeWithArguments(MethodHandle.java:733)
	at org.mockito.internal.util.reflection.InstrumentationMemberAccessor$Dispatcher$ByteBuddy$oog9jsgw.invokeWithArguments(Unknown Source)
	at org.mockito.internal.util.reflection.InstrumentationMemberAccessor.invoke(InstrumentationMemberAccessor.java:251)
	at org.mockito.internal.util.reflection.ModuleMemberAccessor.invoke(ModuleMemberAccessor.java:55)
	at org.mockito.internal.creation.bytebuddy.MockMethodAdvice.tryInvoke(MockMethodAdvice.java:314)
	at org.mockito.internal.creation.bytebuddy.MockMethodAdvice$RealMethodCall.invoke(MockMethodAdvice.java:234)
	at org.mockito.internal.invocation.InterceptedInvocation.callRealMethod(InterceptedInvocation.java:142)
	at org.mockito.internal.stubbing.answers.CallsRealMethods.answer(CallsRealMethods.java:45)
	at org.mockito.Answers.answer(Answers.java:90)
	at org.mockito.internal.handler.MockHandlerImpl.handle(MockHandlerImpl.java:111)
	at org.mockito.internal.handler.NullResultGuardian.handle(NullResultGuardian.java:29)
	at org.mockito.internal.handler.InvocationNotifierHandler.handle(InvocationNotifierHandler.java:34)
	at org.mockito.internal.creation.bytebuddy.MockMethodInterceptor.doIntercept(MockMethodInterceptor.java:82)
	at org.mockito.internal.creation.bytebuddy.MockMethodAdvice.handle(MockMethodAdvice.java:134)
	at de.tum.cit.aet.artemis.programming.service.jenkins.JenkinsService.configureBuildPlan(JenkinsService.java:138)
	at de.tum.cit.aet.artemis.exercise.service.ParticipationService.configureBuildPlan(ParticipationService.java:532)
	at de.tum.cit.aet.artemis.exercise.service.ParticipationService.startProgrammingParticipation(ParticipationService.java:298)
	at de.tum.cit.aet.artemis.exercise.service.ParticipationService.startProgrammingExercise(ParticipationService.java:265)
	at de.tum.cit.aet.artemis.exercise.service.ParticipationService.startExerciseWithInitializationDate(ParticipationService.java:192)
	at de.tum.cit.aet.artemis.exercise.service.ParticipationService.startExercise(ParticipationService.java:151)
	at de.tum.cit.aet.artemis.exam.service.StudentExamService.setUpExerciseParticipationsAndSubmissionsWithInitializationDate(StudentExamService.java:686)
	at de.tum.cit.aet.artemis.exam.service.StudentExamService.setUpExerciseParticipationsAndSubmissions(StudentExamService.java:800)
	at de.tum.cit.aet.artemis.exam.service.StudentExamService.lambda$startExercises$15(StudentExamService.java:735)
	at java.base/java.util.concurrent.CompletableFuture$AsyncRun.run(CompletableFuture.java:1804)
	at java.base/java.util.concurrent.ThreadPoolExecutor.runWorker(ThreadPoolExecutor.java:1144)
	at java.base/java.util.concurrent.ThreadPoolExecutor$Worker.run(ThreadPoolExecutor.java:642)
	at java.base/java.lang.Thread.run(Thread.java:1583)
    23:43:26.390 | 601 ol-3059-thread-1 | INFO  | d.t.c.a.a.e.s.StudentExamService     : SUCCESS: Start exercise for student exam 317 and exercise 1222 and student studexamstudent2
    23:43:26.399 | 602 ol-3059-thread-2 | ERROR | .a.a.p.s.j.b.JenkinsBuildPlanService : Pipeline Script not found
java.lang.IllegalArgumentException: Pipeline Script not found
	at de.tum.cit.aet.artemis.programming.service.jenkins.build_plan.JenkinsBuildPlanUtils.replaceScriptParameters(JenkinsBuildPlanUtils.java:22)
	at de.tum.cit.aet.artemis.programming.service.jenkins.build_plan.JenkinsBuildPlanService.updateBuildPlanURLs(JenkinsBuildPlanService.java:245)
	at de.tum.cit.aet.artemis.programming.service.jenkins.build_plan.JenkinsBuildPlanService.copyBuildPlan(JenkinsBuildPlanService.java:293)
	at de.tum.cit.aet.artemis.programming.service.jenkins.JenkinsService.copyBuildPlan(JenkinsService.java:128)
	at java.base/java.lang.invoke.MethodHandle.invokeWithArguments(MethodHandle.java:733)
	at org.mockito.internal.util.reflection.InstrumentationMemberAccessor$Dispatcher$ByteBuddy$oog9jsgw.invokeWithArguments(Unknown Source)
	at org.mockito.internal.util.reflection.InstrumentationMemberAccessor.invoke(InstrumentationMemberAccessor.java:251)
	at org.mockito.internal.util.reflection.ModuleMemberAccessor.invoke(ModuleMemberAccessor.java:55)
	at org.mockito.internal.creation.bytebuddy.MockMethodAdvice.tryInvoke(MockMethodAdvice.java:314)
	at org.mockito.internal.creation.bytebuddy.MockMethodAdvice$RealMethodCall.invoke(MockMethodAdvice.java:234)
	at org.mockito.internal.invocation.InterceptedInvocation.callRealMethod(InterceptedInvocation.java:142)
	at org.mockito.internal.stubbing.answers.CallsRealMethods.answer(CallsRealMethods.java:45)
	at org.mockito.Answers.answer(Answers.java:90)
	at org.mockito.internal.handler.MockHandlerImpl.handle(MockHandlerImpl.java:111)
	at org.mockito.internal.handler.NullResultGuardian.handle(NullResultGuardian.java:29)
	at org.mockito.internal.handler.InvocationNotifierHandler.handle(InvocationNotifierHandler.java:34)
	at org.mockito.internal.creation.bytebuddy.MockMethodInterceptor.doIntercept(MockMethodInterceptor.java:82)
	at org.mockito.internal.creation.bytebuddy.MockMethodAdvice.handle(MockMethodAdvice.java:134)
	at de.tum.cit.aet.artemis.programming.service.jenkins.JenkinsService.copyBuildPlan(JenkinsService.java:126)
	at de.tum.cit.aet.artemis.exercise.service.ParticipationService.copyBuildPlan(ParticipationService.java:518)
	at de.tum.cit.aet.artemis.exercise.service.ParticipationService.startProgrammingParticipation(ParticipationService.java:296)
	at de.tum.cit.aet.artemis.exercise.service.ParticipationService.startProgrammingExercise(ParticipationService.java:265)
	at de.tum.cit.aet.artemis.exercise.service.ParticipationService.startExerciseWithInitializationDate(ParticipationService.java:192)
	at de.tum.cit.aet.artemis.exercise.service.ParticipationService.startExercise(ParticipationService.java:151)
	at de.tum.cit.aet.artemis.exam.service.StudentExamService.setUpExerciseParticipationsAndSubmissionsWithInitializationDate(StudentExamService.java:686)
	at de.tum.cit.aet.artemis.exam.service.StudentExamService.setUpExerciseParticipationsAndSubmissions(StudentExamService.java:800)
	at de.tum.cit.aet.artemis.exam.service.StudentExamService.lambda$startExercises$15(StudentExamService.java:735)
	at java.base/java.util.concurrent.CompletableFuture$AsyncRun.run(CompletableFuture.java:1804)
	at java.base/java.util.concurrent.ThreadPoolExecutor.runWorker(ThreadPoolExecutor.java:1144)
	at java.base/java.util.concurrent.ThreadPoolExecutor$Worker.run(ThreadPoolExecutor.java:642)
	at java.base/java.lang.Thread.run(Thread.java:1583)
    23:43:26.406 | 602 ol-3059-thread-2 | ERROR | .a.a.p.s.j.b.JenkinsBuildPlanService : Pipeline Script not found
java.lang.IllegalArgumentException: Pipeline Script not found
	at de.tum.cit.aet.artemis.programming.service.jenkins.build_plan.JenkinsBuildPlanUtils.replaceScriptParameters(JenkinsBuildPlanUtils.java:29)
	at de.tum.cit.aet.artemis.programming.service.jenkins.build_plan.JenkinsBuildPlanService.updateBuildPlanRepositories(JenkinsBuildPlanService.java:219)
	at de.tum.cit.aet.artemis.programming.service.jenkins.build_plan.JenkinsBuildPlanService.configureBuildPlanForParticipation(JenkinsBuildPlanService.java:196)
	at de.tum.cit.aet.artemis.programming.service.jenkins.JenkinsService.configureBuildPlan(JenkinsService.java:138)
	at java.base/java.lang.invoke.MethodHandle.invokeWithArguments(MethodHandle.java:733)
	at org.mockito.internal.util.reflection.InstrumentationMemberAccessor$Dispatcher$ByteBuddy$oog9jsgw.invokeWithArguments(Unknown Source)
	at org.mockito.internal.util.reflection.InstrumentationMemberAccessor.invoke(InstrumentationMemberAccessor.java:251)
	at org.mockito.internal.util.reflection.ModuleMemberAccessor.invoke(ModuleMemberAccessor.java:55)
	at org.mockito.internal.creation.bytebuddy.MockMethodAdvice.tryInvoke(MockMethodAdvice.java:314)
	at org.mockito.internal.creation.bytebuddy.MockMethodAdvice$RealMethodCall.invoke(MockMethodAdvice.java:234)
	at org.mockito.internal.invocation.InterceptedInvocation.callRealMethod(InterceptedInvocation.java:142)
	at org.mockito.internal.stubbing.answers.CallsRealMethods.answer(CallsRealMethods.java:45)
	at org.mockito.Answers.answer(Answers.java:90)
	at org.mockito.internal.handler.MockHandlerImpl.handle(MockHandlerImpl.java:111)
	at org.mockito.internal.handler.NullResultGuardian.handle(NullResultGuardian.java:29)
	at org.mockito.internal.handler.InvocationNotifierHandler.handle(InvocationNotifierHandler.java:34)
	at org.mockito.internal.creation.bytebuddy.MockMethodInterceptor.doIntercept(MockMethodInterceptor.java:82)
	at org.mockito.internal.creation.bytebuddy.MockMethodAdvice.handle(MockMethodAdvice.java:134)
	at de.tum.cit.aet.artemis.programming.service.jenkins.JenkinsService.configureBuildPlan(JenkinsService.java:138)
	at de.tum.cit.aet.artemis.exercise.service.ParticipationService.configureBuildPlan(ParticipationService.java:532)
	at de.tum.cit.aet.artemis.exercise.service.ParticipationService.startProgrammingParticipation(ParticipationService.java:298)
	at de.tum.cit.aet.artemis.exercise.service.ParticipationService.startProgrammingExercise(ParticipationService.java:265)
	at de.tum.cit.aet.artemis.exercise.service.ParticipationService.startExerciseWithInitializationDate(ParticipationService.java:192)
	at de.tum.cit.aet.artemis.exercise.service.ParticipationService.startExercise(ParticipationService.java:151)
	at de.tum.cit.aet.artemis.exam.service.StudentExamService.setUpExerciseParticipationsAndSubmissionsWithInitializationDate(StudentExamService.java:686)
	at de.tum.cit.aet.artemis.exam.service.StudentExamService.setUpExerciseParticipationsAndSubmissions(StudentExamService.java:800)
	at de.tum.cit.aet.artemis.exam.service.StudentExamService.lambda$startExercises$15(StudentExamService.java:735)
	at java.base/java.util.concurrent.CompletableFuture$AsyncRun.run(CompletableFuture.java:1804)
	at java.base/java.util.concurrent.ThreadPoolExecutor.runWorker(ThreadPoolExecutor.java:1144)
	at java.base/java.util.concurrent.ThreadPoolExecutor$Worker.run(ThreadPoolExecutor.java:642)
	at java.base/java.lang.Thread.run(Thread.java:1583)
    23:43:26.413 | 602 ol-3059-thread-2 | INFO  | d.t.c.a.a.e.s.StudentExamService     : SUCCESS: Start exercise for student exam 318 and exercise 1222 and student studexamstudent1
    23:43:26.414 | 370 ool-1-worker-134 | INFO  | d.t.c.a.a.e.web.StudentExamResource  : Generated 14 participations in 119.31ms for student exams of exam 782
    23:43:26.415 | 370 ool-1-worker-134 | DEBUG | d.t.c.a.a.c.s.f.ApiVersionFilter     : Adding Version to Request GET /api/courses/388/exams/782/student-exams/start-exercises/status
    23:43:26.421 | 370 ool-1-worker-134 | DEBUG | d.t.c.a.a.c.s.f.ApiVersionFilter     : Adding Version to Request GET /api/courses/388/exams/782/student-exams/317/conduction
    23:43:26.423 | 370 ool-1-worker-134 | DEBUG | d.t.c.a.a.e.web.StudentExamResource  : REST request to get the student exam of user studexamstudent2 for exam 782
    23:43:26.431 | 370 ool-1-worker-134 | DEBUG | d.t.c.a.a.e.s.ExamSessionService     : Exam session started
    23:43:26.432 | 370 ool-1-worker-134 | INFO  | d.t.c.a.a.e.web.StudentExamResource  : getStudentExamForConduction done in 10ms for 7 exercises for user studexamstudent2
    23:43:26.440 | 370 ool-1-worker-134 | DEBUG | d.t.c.a.a.c.s.f.ApiVersionFilter     : Adding Version to Request PUT /api/exercises/1212/text-submissions
    23:43:26.443 | 370 ool-1-worker-134 | DEBUG | d.t.c.a.a.t.w.TextSubmissionResource : REST request to update text submission: TextSubmission{id=700, text='New Text', language='null'}
    23:43:26.456 | 370 ool-1-worker-134 | INFO  | d.t.c.a.a.t.w.TextSubmissionResource : handleTextSubmission took 12ms for exercise 1212 and user studexamstudent2
    23:43:26.463 | 370 ool-1-worker-134 | DEBUG | d.t.c.a.a.c.s.f.ApiVersionFilter     : Adding Version to Request PUT /api/exercises/1214/submissions/exam
    23:43:26.466 | 370 ool-1-worker-134 | DEBUG | d.t.c.a.a.q.w.QuizSubmissionResource : REST request to submit QuizSubmission for exam : QuizSubmission{id=702, scoreInPoints='null'}
    23:43:26.481 | 370 ool-1-worker-134 | DEBUG | .a.q.s.AbstractQuizSubmissionService : submit exam quiz finished: QuizSubmission{id=702, scoreInPoints='null'}
    23:43:26.481 | 370 ool-1-worker-134 | INFO  | d.t.c.a.a.q.w.QuizSubmissionResource : submitQuizForExam took 15ms for exercise 1214 and user studexamstudent2
    23:43:26.493 | 370 ool-1-worker-134 | DEBUG | d.t.c.a.a.c.s.f.ApiVersionFilter     : Adding Version to Request PUT /api/exercises/1218/modeling-submissions
    23:43:26.507 | 370 ool-1-worker-134 | INFO  | c.a.a.m.w.ModelingSubmissionResource : save took 14ms for exercise 1218 and user studexamstudent2
    23:43:26.510 | 370 ool-1-worker-134 | DEBUG | d.t.c.a.a.c.s.f.ApiVersionFilter     : Adding Version to Request GET /api/participations/999/latest-modeling-submission
    23:43:26.519 | 370 ool-1-worker-134 | DEBUG | d.t.c.a.a.c.s.f.ApiVersionFilter     : Adding Version to Request PUT /api/exercises/1220/text-submissions
    23:43:26.519 | 370 ool-1-worker-134 | DEBUG | d.t.c.a.a.t.w.TextSubmissionResource : REST request to update text submission: TextSubmission{id=706, text='New Text', language='null'}
    23:43:26.532 | 370 ool-1-worker-134 | INFO  | d.t.c.a.a.t.w.TextSubmissionResource : handleTextSubmission took 13ms for exercise 1220 and user studexamstudent2
    23:43:26.539 | 370 ool-1-worker-134 | DEBUG | d.t.c.a.a.c.s.f.ApiVersionFilter     : Adding Version to Request PUT /api/exercises/1221/text-submissions
    23:43:26.539 | 370 ool-1-worker-134 | DEBUG | d.t.c.a.a.t.w.TextSubmissionResource : REST request to update text submission: TextSubmission{id=707, text='New Text', language='null'}
    23:43:26.551 | 370 ool-1-worker-134 | INFO  | d.t.c.a.a.t.w.TextSubmissionResource : handleTextSubmission took 12ms for exercise 1221 and user studexamstudent2
    23:43:26.557 | 370 ool-1-worker-134 | DEBUG | d.t.c.a.a.c.s.f.ApiVersionFilter     : Adding Version to Request POST /api/programming-submissions/1004/trigger-build
    23:43:26.563 | 370 ool-1-worker-134 | DEBUG | d.t.c.a.a.c.s.f.ApiVersionFilter     : Adding Version to Request GET /api/courses/388/exams/782/student-exams/318/conduction
    23:43:26.564 | 370 ool-1-worker-134 | DEBUG | d.t.c.a.a.e.web.StudentExamResource  : REST request to get the student exam of user studexamstudent1 for exam 782
    23:43:26.571 | 370 ool-1-worker-134 | DEBUG | d.t.c.a.a.e.s.ExamSessionService     : Exam session started
    23:43:26.572 | 370 ool-1-worker-134 | INFO  | d.t.c.a.a.e.web.StudentExamResource  : getStudentExamForConduction done in 8ms for 7 exercises for user studexamstudent1
    23:43:26.578 | 370 ool-1-worker-134 | DEBUG | d.t.c.a.a.c.s.f.ApiVersionFilter     : Adding Version to Request PUT /api/exercises/1213/text-submissions
    23:43:26.579 | 370 ool-1-worker-134 | DEBUG | d.t.c.a.a.t.w.TextSubmissionResource : REST request to update text submission: TextSubmission{id=701, text='New Text', language='null'}
    23:43:26.591 | 370 ool-1-worker-134 | INFO  | d.t.c.a.a.t.w.TextSubmissionResource : handleTextSubmission took 12ms for exercise 1213 and user studexamstudent1
    23:43:26.597 | 370 ool-1-worker-134 | DEBUG | d.t.c.a.a.c.s.f.ApiVersionFilter     : Adding Version to Request PUT /api/exercises/1215/submissions/exam
    23:43:26.600 | 370 ool-1-worker-134 | DEBUG | d.t.c.a.a.q.w.QuizSubmissionResource : REST request to submit QuizSubmission for exam : QuizSubmission{id=703, scoreInPoints='null'}
    23:43:26.610 | 370 ool-1-worker-134 | DEBUG | .a.q.s.AbstractQuizSubmissionService : submit exam quiz finished: QuizSubmission{id=703, scoreInPoints='null'}
    23:43:26.610 | 370 ool-1-worker-134 | INFO  | d.t.c.a.a.q.w.QuizSubmissionResource : submitQuizForExam took 10ms for exercise 1215 and user studexamstudent1
    23:43:26.619 | 370 ool-1-worker-134 | DEBUG | d.t.c.a.a.c.s.f.ApiVersionFilter     : Adding Version to Request PUT /api/exercises/1218/modeling-submissions
    23:43:26.634 | 370 ool-1-worker-134 | INFO  | c.a.a.m.w.ModelingSubmissionResource : save took 14ms for exercise 1218 and user studexamstudent1
    23:43:26.636 | 370 ool-1-worker-134 | DEBUG | d.t.c.a.a.c.s.f.ApiVersionFilter     : Adding Version to Request GET /api/participations/1003/latest-modeling-submission
    23:43:26.642 | 370 ool-1-worker-134 | DEBUG | d.t.c.a.a.c.s.f.ApiVersionFilter     : Adding Version to Request PUT /api/exercises/1220/text-submissions
    23:43:26.643 | 370 ool-1-worker-134 | DEBUG | d.t.c.a.a.t.w.TextSubmissionResource : REST request to update text submission: TextSubmission{id=710, text='New Text', language='null'}
    23:43:26.655 | 370 ool-1-worker-134 | INFO  | d.t.c.a.a.t.w.TextSubmissionResource : handleTextSubmission took 12ms for exercise 1220 and user studexamstudent1
    23:43:26.661 | 370 ool-1-worker-134 | DEBUG | d.t.c.a.a.c.s.f.ApiVersionFilter     : Adding Version to Request PUT /api/exercises/1221/text-submissions
    23:43:26.662 | 370 ool-1-worker-134 | DEBUG | d.t.c.a.a.t.w.TextSubmissionResource : REST request to update text submission: TextSubmission{id=711, text='New Text', language='null'}
    23:43:26.674 | 370 ool-1-worker-134 | INFO  | d.t.c.a.a.t.w.TextSubmissionResource : handleTextSubmission took 12ms for exercise 1221 and user studexamstudent1
    23:43:26.681 | 370 ool-1-worker-134 | DEBUG | d.t.c.a.a.c.s.f.ApiVersionFilter     : Adding Version to Request POST /api/programming-submissions/1007/trigger-build
    23:43:26.693 | 370 ool-1-worker-134 | DEBUG | d.t.c.a.a.c.s.f.ApiVersionFilter     : Adding Version to Request POST /api/programming-submissions/1004/trigger-build
    23:43:26.701 | 370 ool-1-worker-134 | DEBUG | d.t.c.a.a.c.s.f.ApiVersionFilter     : Adding Version to Request POST /api/programming-submissions/1007/trigger-build
    23:43:26.709 | 370 ool-1-worker-134 | DEBUG | d.t.c.a.a.c.s.f.ApiVersionFilter     : Adding Version to Request POST /api/courses/388/exams/782/student-exams/submit
    23:43:26.712 | 370 ool-1-worker-134 | DEBUG | d.t.c.a.a.e.web.StudentExamResource  : REST request to mark the studentExam as submitted : 317
    23:43:26.716 | 370 ool-1-worker-134 | DEBUG | d.t.c.a.a.e.web.StudentExamResource  : Completed input validation for submitStudentExam in 3.09ms
    23:43:26.716 | 370 ool-1-worker-134 | DEBUG | d.t.c.a.a.e.s.StudentExamService     : Submit student exam with id 317
    23:43:26.716 | 370 ool-1-worker-134 | DEBUG | d.t.c.a.a.e.s.StudentExamService     :     Set student exam to submitted in 698µs
    23:43:26.720 | 370 ool-1-worker-134 | DEBUG | d.t.c.a.a.e.s.StudentExamService     :     Potentially save submissions in 3.18ms
    23:43:26.720 | 370 ool-1-worker-134 | DEBUG | d.t.c.a.a.e.s.StudentExamService     :     Lock student repositories in 209µs
    23:43:26.720 | 370 ool-1-worker-134 | INFO  | d.t.c.a.a.e.web.StudentExamResource  : Completed submitStudentExam with 7 exercises for user studexamstudent2 in a total time of 7.51ms
    23:43:26.722 | 370 ool-1-worker-134 | DEBUG | d.t.c.a.a.c.s.f.ApiVersionFilter     : Adding Version to Request GET /api/courses/388/exams/782/student-exams/317/summary
    23:43:26.724 | 370 ool-1-worker-134 | DEBUG | d.t.c.a.a.e.web.StudentExamResource  : REST request to get the student exam of user studexamstudent2 for exam 782
    23:43:26.731 | 370 ool-1-worker-134 | INFO  | d.t.c.a.a.e.web.StudentExamResource  : getStudentExamForSummary done in 8ms for 7 exercises for user studexamstudent2
    23:43:26.749 | 370 ool-1-worker-134 | DEBUG | d.t.c.a.a.c.s.f.ApiVersionFilter     : Adding Version to Request POST /api/courses/388/exams/782/student-exams/submit
    23:43:26.752 | 370 ool-1-worker-134 | DEBUG | d.t.c.a.a.e.web.StudentExamResource  : REST request to mark the studentExam as submitted : 318
    23:43:26.755 | 370 ool-1-worker-134 | DEBUG | d.t.c.a.a.e.web.StudentExamResource  : Completed input validation for submitStudentExam in 2.96ms
    23:43:26.755 | 370 ool-1-worker-134 | DEBUG | d.t.c.a.a.e.s.StudentExamService     : Submit student exam with id 318
    23:43:26.755 | 370 ool-1-worker-134 | DEBUG | d.t.c.a.a.e.s.StudentExamService     :     Set student exam to submitted in 709µs
    23:43:26.759 | 370 ool-1-worker-134 | DEBUG | d.t.c.a.a.e.s.StudentExamService     :     Potentially save submissions in 3.41ms
    23:43:26.759 | 370 ool-1-worker-134 | DEBUG | d.t.c.a.a.e.s.StudentExamService     :     Lock student repositories in 184µs
    23:43:26.759 | 370 ool-1-worker-134 | INFO  | d.t.c.a.a.e.web.StudentExamResource  : Completed submitStudentExam with 7 exercises for user studexamstudent1 in a total time of 7.59ms
    23:43:26.761 | 370 ool-1-worker-134 | DEBUG | d.t.c.a.a.c.s.f.ApiVersionFilter     : Adding Version to Request GET /api/courses/388/exams/782/student-exams/318/summary
    23:43:26.763 | 370 ool-1-worker-134 | DEBUG | d.t.c.a.a.e.web.StudentExamResource  : REST request to get the student exam of user studexamstudent1 for exam 782
    23:43:26.768 | 370 ool-1-worker-134 | INFO  | d.t.c.a.a.e.web.StudentExamResource  : getStudentExamForSummary done in 6ms for 7 exercises for user studexamstudent1
    23:43:26.780 | 370 ool-1-worker-134 | DEBUG | d.t.c.a.a.c.s.f.ApiVersionFilter     : Adding Version to Request DELETE /api/courses/385/exams/777
    23:43:26.781 | 370 ool-1-worker-134 | INFO  | d.t.c.a.a.exam.web.ExamResource      : REST request to delete exam : 777
    23:43:26.785 | 370 ool-1-worker-134 | INFO  | d.t.c.a.a.e.s.ExamDeletionService    : User studexaminstructor1 has requested to delete the exam Real exam 1
    23:43:26.790 | 370 ool-1-worker-134 | INFO  | .c.a.a.c.s.TitleCacheEvictionService : Evicted entry '777' from title cache 'examTitle'
    23:43:26.813 | 566 localvc.event-13 | DEBUG | p.s.l.LocalCIResultProcessingService : Result of build job with id 5031739576604847 added to queue
    23:43:26.814 | 568 localvc.event-15 | DEBUG | a.p.s.l.LocalCIQueueWebsocketService : CIBuildJobQueueItem removed from processing jobs: BuildJobQueueItem[id=5031739576604847, name=SHORT00FA1A240403404C7E097D7007C591BE2AB1TSTEXC-LOCALCIINTSTUDENT1, buildAgent=BuildAgentDTO[name=artemis-build-agent-test, memberAddress=[127.0.0.1]:5703, displayName=artemis-build-agent-test], participationId=503, courseId=161, exerciseId=312, retryCount=0, priority=2, status=null, repositoryInfo=RepositoryInfo[repositoryName=short00fa1a240403404c7e097d7007c591be2ab1tstexc-localciintstudent1, repositoryType=user, triggeredByPushTo=user, assignmentRepositoryUri=http://localhost:49152/git/SHORT00FA1A240403404C7E097D7007C591BE2AB1TSTEXC/short00fa1a240403404c7e097d7007c591be2ab1tstexc-localciintstudent1.git, testRepositoryUri=http://localhost:49152/git/SHORT00FA1A240403404C7E097D7007C591BE2AB1TSTEXC/short00fa1a240403404c7e097d7007c591be2ab1tstexc-tests.git, solutionRepositoryUri=null, auxiliaryRepositoryUris=[Ljava.lang.String;@3820a613, auxiliaryRepositoryCheckoutDirectories=[Ljava.lang.String;@6a5f59dc], jobTimingInfo=JobTimingInfo[submissionDate=2025-02-14T23:43:24.847396156Z[Etc/UTC], buildStartDate=2025-02-14T23:43:24.860457211Z[Etc/UTC], buildCompletionDate=null, estimatedCompletionDate=2025-02-14T23:43:46.860451490Z[Etc/UTC], estimatedDuration=22], buildConfig=BuildConfig[buildScript=#!/bin/bash
cd /var/tmp/testing-dir
chmod +x ./gradlew
./gradlew clean test
, dockerImage=dummy-docker-image:latest, commitHashToBuild=9690714a509af0a98c6790a7e52ee3574c7ef689, assignmentCommitHash=9690714a509af0a98c6790a7e52ee3574c7ef689, testCommitHash=9690714a509af0a98c6790a7e52ee3574c7ef689, branch=main, programmingLanguage=JAVA, projectType=PLAIN_GRADLE, scaEnabled=false, sequentialTestRunsEnabled=false, resultPaths=[/var/tmp/testing-dir/**/test-results/test/*.xml], timeoutSeconds=0, assignmentCheckoutPath=null, testCheckoutPath=null, solutionCheckoutPath=null, dockerRunConfig=null], submissionResult=null]
    23:43:26.814 | 568 localvc.event-15 | DEBUG | s.l.LocalCIWebsocketMessagingService : Sending message on topic /topic/admin/running-jobs: []
    23:43:26.814 | 568 localvc.event-15 | DEBUG | s.l.LocalCIWebsocketMessagingService : Sending message on topic /topic/courses/161/running-jobs: []
    23:43:26.815 | 566 localvc.event-13 | INFO  | p.s.l.LocalCIResultProcessingService : Processing build job result with id 5031739576604847
    23:43:26.815 | 566 localvc.event-13 | DEBUG | p.s.l.LocalCIResultProcessingService : Build jobs waiting in queue: 0
    23:43:26.815 | 566 localvc.event-13 | DEBUG | p.s.l.LocalCIResultProcessingService : Queued build jobs: []

  Starting logs for StudentExamIntegrationTest > testGetStudentExamForConduction_examIdNotMatching()
    23:43:26.820 | 566 localvc.event-13 | DEBUG | .s.ProgrammingExerciseGradingService : Received new build result (NEW) for participation 503
    23:43:26.825 | 370 ool-1-worker-134 | DEBUG | d.t.c.a.a.c.u.util.UserUtilService   : Generate 2 students...
    23:43:26.830 | 370 ool-1-worker-134 | DEBUG | d.t.c.a.a.c.u.util.UserUtilService   : 2 students generated. Generate 1 tutors...
    23:43:26.832 | 370 ool-1-worker-134 | DEBUG | d.t.c.a.a.c.u.util.UserUtilService   : 1 tutors generated. Generate 0 editors...
    23:43:26.834 | 370 ool-1-worker-134 | DEBUG | d.t.c.a.a.c.u.util.UserUtilService   : 0 editors generated. Generate 2 instructors...
    23:43:26.838 | 370 ool-1-worker-134 | DEBUG | d.t.c.a.a.c.u.util.UserUtilService   : 2 instructors generated
    23:43:26.839 | 370 ool-1-worker-134 | DEBUG | d.t.c.a.a.c.u.util.UserUtilService   : Removing 5 users from all courses...
    23:43:26.840 | 370 ool-1-worker-134 | DEBUG | d.t.c.a.a.c.u.util.UserUtilService   : Removing 5 users from all courses. Done
    23:43:26.840 | 370 ool-1-worker-134 | DEBUG | d.t.c.a.a.c.u.util.UserUtilService   : Save 5 users to database...
    23:43:26.855 | 370 ool-1-worker-134 | DEBUG | d.t.c.a.a.c.u.util.UserUtilService   : Save 5 users to database. Done
    23:43:26.894 | 566 localvc.event-13 | DEBUG | .c.s.m.InstanceMessageReceiveService : Received schedule participant score for exercise 312 and participant 37 (result to be deleted: null)
    23:43:26.894 | 566 localvc.event-13 | DEBUG | .a.s.ParticipantScoreScheduleService : Scheduled task for exercise 312 and participant 37 at 2025-02-14T23:43:26.994204483Z[Etc/UTC].
    23:43:26.895 | 566 localvc.event-13 | ERROR | p.s.l.LocalCIResultProcessingService : Error while processing build job: BuildJobQueueItem[id=5031739576604847, name=SHORT00FA1A240403404C7E097D7007C591BE2AB1TSTEXC-LOCALCIINTSTUDENT1, buildAgent=BuildAgentDTO[name=artemis-build-agent-test, memberAddress=[127.0.0.1]:5703, displayName=artemis-build-agent-test], participationId=503, courseId=161, exerciseId=312, retryCount=0, priority=2, status=FAILED, repositoryInfo=RepositoryInfo[repositoryName=short00fa1a240403404c7e097d7007c591be2ab1tstexc-localciintstudent1, repositoryType=user, triggeredByPushTo=user, assignmentRepositoryUri=http://localhost:49152/git/SHORT00FA1A240403404C7E097D7007C591BE2AB1TSTEXC/short00fa1a240403404c7e097d7007c591be2ab1tstexc-localciintstudent1.git, testRepositoryUri=http://localhost:49152/git/SHORT00FA1A240403404C7E097D7007C591BE2AB1TSTEXC/short00fa1a240403404c7e097d7007c591be2ab1tstexc-tests.git, solutionRepositoryUri=null, auxiliaryRepositoryUris=[Ljava.lang.String;@a96992, auxiliaryRepositoryCheckoutDirectories=[Ljava.lang.String;@65e37a8e], jobTimingInfo=JobTimingInfo[submissionDate=2025-02-14T23:43:24.847396156Z[Etc/UTC], buildStartDate=2025-02-14T23:43:24.860457211Z[Etc/UTC], buildCompletionDate=2025-02-14T23:43:26.809353681Z[Etc/UTC], estimatedCompletionDate=2025-02-14T23:43:46.860451490Z[Etc/UTC], estimatedDuration=22], buildConfig=BuildConfig[buildScript=#!/bin/bash
cd /var/tmp/testing-dir
chmod +x ./gradlew
./gradlew clean test
, dockerImage=dummy-docker-image:latest, commitHashToBuild=9690714a509af0a98c6790a7e52ee3574c7ef689, assignmentCommitHash=9690714a509af0a98c6790a7e52ee3574c7ef689, testCommitHash=9690714a509af0a98c6790a7e52ee3574c7ef689, branch=main, programmingLanguage=JAVA, projectType=PLAIN_GRADLE, scaEnabled=false, sequentialTestRunsEnabled=false, resultPaths=[/var/tmp/testing-dir/**/test-results/test/*.xml], timeoutSeconds=0, assignmentCheckoutPath=null, testCheckoutPath=null, solutionCheckoutPath=null, dockerRunConfig=null], submissionResult=null]
java.util.concurrent.CompletionException: java.util.concurrent.ExecutionException: de.tum.cit.aet.artemis.core.exception.LocalCIException: Error while cloning repository short00fa1a240403404c7e097d7007c591be2ab1tstexc-localciintstudent1 with uri http://localhost:49152/git/SHORT00FA1A240403404C7E097D7007C591BE2AB1TSTEXC/short00fa1a240403404c7e097d7007c591be2ab1tstexc-localciintstudent1.git after 3 attempts
	at de.tum.cit.aet.artemis.buildagent.service.BuildJobManagementService.lambda$executeBuildJob$2(BuildJobManagementService.java:188)
	at de.tum.cit.aet.artemis.buildagent.service.BuildJobManagementService.createCompletableFuture(BuildJobManagementService.java:236)
	at de.tum.cit.aet.artemis.buildagent.service.BuildJobManagementService.executeBuildJob(BuildJobManagementService.java:163)
	at de.tum.cit.aet.artemis.buildagent.service.SharedQueueProcessingService.processBuild(SharedQueueProcessingService.java:413)
	at de.tum.cit.aet.artemis.buildagent.service.SharedQueueProcessingService.checkAvailabilityAndProcessNextBuild(SharedQueueProcessingService.java:269)
	at org.springframework.scheduling.support.DelegatingErrorHandlingRunnable.run(DelegatingErrorHandlingRunnable.java:54)
	at java.base/java.util.concurrent.Executors$RunnableAdapter.call(Executors.java:572)
	at java.base/java.util.concurrent.FutureTask.runAndReset(FutureTask.java:358)
	at java.base/java.util.concurrent.ScheduledThreadPoolExecutor$ScheduledFutureTask.run(ScheduledThreadPoolExecutor.java:305)
	at java.base/java.util.concurrent.ThreadPoolExecutor.runWorker(ThreadPoolExecutor.java:1144)
	at java.base/java.util.concurrent.ThreadPoolExecutor$Worker.run(ThreadPoolExecutor.java:642)
	at java.base/java.lang.Thread.run(Thread.java:1583)
Caused by: java.util.concurrent.ExecutionException: de.tum.cit.aet.artemis.core.exception.LocalCIException: Error while cloning repository short00fa1a240403404c7e097d7007c591be2ab1tstexc-localciintstudent1 with uri http://localhost:49152/git/SHORT00FA1A240403404C7E097D7007C591BE2AB1TSTEXC/short00fa1a240403404c7e097d7007c591be2ab1tstexc-localciintstudent1.git after 3 attempts
	at java.base/java.util.concurrent.FutureTask.report(FutureTask.java:122)
	at java.base/java.util.concurrent.FutureTask.get(FutureTask.java:205)
	at de.tum.cit.aet.artemis.buildagent.service.BuildJobManagementService.lambda$executeBuildJob$2(BuildJobManagementService.java:165)
	... 11 common frames omitted
Caused by: de.tum.cit.aet.artemis.core.exception.LocalCIException: Error while cloning repository short00fa1a240403404c7e097d7007c591be2ab1tstexc-localciintstudent1 with uri http://localhost:49152/git/SHORT00FA1A240403404C7E097D7007C591BE2AB1TSTEXC/short00fa1a240403404c7e097d7007c591be2ab1tstexc-localciintstudent1.git after 3 attempts
	at de.tum.cit.aet.artemis.buildagent.service.BuildJobExecutionService.cloneRepository(BuildJobExecutionService.java:552)
	at de.tum.cit.aet.artemis.buildagent.service.BuildJobExecutionService.runBuildJob(BuildJobExecutionService.java:205)
	at java.base/jdk.internal.reflect.DirectMethodHandleAccessor.invoke(DirectMethodHandleAccessor.java:103)
	at java.base/java.lang.reflect.Method.invoke(Method.java:580)
	at org.springframework.aop.support.AopUtils.invokeJoinpointUsingReflection(AopUtils.java:359)
	at org.springframework.aop.framework.CglibAopProxy$DynamicAdvisedInterceptor.intercept(CglibAopProxy.java:723)
	at de.tum.cit.aet.artemis.buildagent.service.BuildJobExecutionService$$SpringCGLIB$$0.runBuildJob(<generated>)
	at de.tum.cit.aet.artemis.buildagent.service.BuildJobManagementService.lambda$executeBuildJob$1(BuildJobManagementService.java:129)
	at java.base/java.util.concurrent.FutureTask.run(FutureTask.java:317)
	... 3 common frames omitted
Caused by: org.eclipse.jgit.api.errors.InvalidRemoteException: Invalid remote: origin
	at org.eclipse.jgit.api.FetchCommand.call(FetchCommand.java:246)
	at org.eclipse.jgit.api.CloneCommand.fetch(CloneCommand.java:319)
	at org.eclipse.jgit.api.CloneCommand.call(CloneCommand.java:189)
	at de.tum.cit.aet.artemis.buildagent.service.BuildJobGitService.cloneRepository(BuildJobGitService.java:122)
	at de.tum.cit.aet.artemis.buildagent.service.BuildJobExecutionService.cloneRepository(BuildJobExecutionService.java:543)
	... 11 common frames omitted
Caused by: org.eclipse.jgit.errors.NoRemoteRepositoryException: ssh://git@localhost:7921/git/SHORT00FA1A240403404C7E097D7007C591BE2AB1TSTEXC/short00fa1a240403404c7e097d7007c591be2ab1tstexc-localciintstudent1.git: not found.
	at org.eclipse.jgit.transport.BasePackConnection.noRepository(BasePackConnection.java:580)
	at org.eclipse.jgit.transport.BasePackConnection.readAdvertisedRefsImpl(BasePackConnection.java:220)
	at org.eclipse.jgit.transport.BasePackConnection.readAdvertisedRefs(BasePackConnection.java:186)
	at org.eclipse.jgit.transport.TransportGitSsh$SshFetchConnection.<init>(TransportGitSsh.java:322)
	at org.eclipse.jgit.transport.TransportGitSsh.openFetch(TransportGitSsh.java:152)
	at org.eclipse.jgit.transport.FetchProcess.executeImp(FetchProcess.java:153)
	at org.eclipse.jgit.transport.FetchProcess.execute(FetchProcess.java:105)
	at org.eclipse.jgit.transport.Transport.fetch(Transport.java:1458)
	at org.eclipse.jgit.api.FetchCommand.call(FetchCommand.java:238)
	... 15 common frames omitted
Caused by: java.io.EOFException: Short read of block.
	at org.eclipse.jgit.util.IO.readFully(IO.java:144)
	at org.eclipse.jgit.transport.PacketLineIn.readLength(PacketLineIn.java:305)
	at org.eclipse.jgit.transport.PacketLineIn.readString(PacketLineIn.java:169)
	at org.eclipse.jgit.transport.BasePackConnection.readLine(BasePackConnection.java:197)
	at org.eclipse.jgit.transport.BasePackConnection.readAdvertisedRefsImpl(BasePackConnection.java:218)
	... 22 common frames omitted
    23:43:26.896 | 566 localvc.event-13 | DEBUG | .a.a.p.s.ProgrammingMessagingService : Send result to client over websocket. Result: Result{id144, completionDate=2025-02-14T23:43:26.809483684Z[Etc/UTC], successful=false, score=0.0, rated=true, assessmentType=AUTOMATIC, hasComplaint=null, testCaseCount=0, passedTestCaseCount=0, codeIssueCount=0}, Submission: ProgrammingSubmission{commitHash='9690714a509af0a98c6790a7e52ee3574c7ef689', buildFailed=true, buildArtifact=false, type=MANUAL}, Participation: ProgrammingExerciseStudentParticipation{id=503, repositoryUri='http://localhost:49152/git/SHORT00FA1A240403404C7E097D7007C591BE2AB1TSTEXC/short00fa1a240403404c7e097d7007c591be2ab1tstexc-localciintstudent1.git', buildPlanId='SHORT00FA1A240403404C7E097D7007C591BE2AB1TSTEXC-LOCALCIINTSTUDENT1', initializationState='INITIALIZED', initializationDate='2025-02-14T23:43:24.822660Z', individualDueDate=null', presentationScore=null}
    23:43:26.907 | 566 localvc.event-13 | DEBUG | d.t.c.a.a.p.s.BuildLogEntryService   : Saved build logs for build job 5031739576604847 to file /tmp/build-logs/short00fa1a240403404c7e097d7007c591be2ab1/TSTEXC/5031739576604847.log
    23:43:26.908 | 566 localvc.event-13 | DEBUG | a.p.s.l.LocalCIQueueWebsocketService : Build agent updated: BuildAgentInformation[buildAgent=BuildAgentDTO[name=artemis-build-agent-test, memberAddress=[127.0.0.1]:5703, displayName=artemis-build-agent-test], maxNumberOfConcurrentBuildJobs=1, numberOfCurrentBuildJobs=0, runningBuildJobs=[], status=IDLE, recentBuildJobs=[BuildJobQueueItem[id=4621739576562326, name=SHORT43ACF76B02BC1044B80938509D14043FABDETSTEXC-LOCALCIINTSTUDENT1, buildAgent=BuildAgentDTO[name=artemis-build-agent-test, memberAddress=[127.0.0.1]:5703, displayName=artemis-build-agent-test], participationId=462, courseId=147, exerciseId=298, retryCount=0, priority=2, status=SUCCESSFUL, repositoryInfo=RepositoryInfo[repositoryName=short43acf76b02bc1044b80938509d14043fabdetstexc-localciintstudent1, repositoryType=user, triggeredByPushTo=user, assignmentRepositoryUri=http://localhost:49152/git/SHORT43ACF76B02BC1044B80938509D14043FABDETSTEXC/short43acf76b02bc1044b80938509d14043fabdetstexc-localciintstudent1.git, testRepositoryUri=http://localhost:49152/git/SHORT43ACF76B02BC1044B80938509D14043FABDETSTEXC/short43acf76b02bc1044b80938509d14043fabdetstexc-tests.git, solutionRepositoryUri=null, auxiliaryRepositoryUris=[Ljava.lang.String;@66dcdf8e, auxiliaryRepositoryCheckoutDirectories=[Ljava.lang.String;@5491209c], jobTimingInfo=JobTimingInfo[submissionDate=2025-02-14T23:42:42.326978596Z[Etc/UTC], buildStartDate=2025-02-14T23:42:42.420147010Z[Etc/UTC], buildCompletionDate=2025-02-14T23:42:45.573855829Z[Etc/UTC], estimatedCompletionDate=2025-02-14T23:43:01.420129377Z[Etc/UTC], estimatedDuration=19], buildConfig=BuildConfig[buildScript=#!/bin/bash
cd /var/tmp/testing-dir
chmod +x ./gradlew
./gradlew clean test
, dockerImage=dummy-docker-image:latest, commitHashToBuild=a9c717ccf7bcbe9531d3eee21dbaeb5aab2ff971, assignmentCommitHash=a9c717ccf7bcbe9531d3eee21dbaeb5aab2ff971, testCommitHash=a9c717ccf7bcbe9531d3eee21dbaeb5aab2ff971, branch=main, programmingLanguage=JAVA, projectType=PLAIN_GRADLE, scaEnabled=false, sequentialTestRunsEnabled=false, resultPaths=[/var/tmp/testing-dir/**/test-results/test/*.xml], timeoutSeconds=0, assignmentCheckoutPath=null, testCheckoutPath=null, solutionCheckoutPath=null, dockerRunConfig=DockerRunConfig[isNetworkDisabled=true, env=[key=value]]], submissionResult=ResultDTO[id=132, completionDate=2025-02-14T23:42:45.519869118Z[Etc/UTC], successful=false, score=7.7, rated=true, submission=SubmissionDTO[id=119, submitted=true, type=MANUAL, exampleSubmission=null, submissionDate=2025-02-14T23:42:42.302762Z, commitHash=a9c717ccf7bcbe9531d3eee21dbaeb5aab2ff971, buildFailed=false, buildArtifact=false, participation=ParticipationDTO[id=462, testRun=false, type=programming, submissionCount=null, exercise=ParticipationExerciseDTO[id=298, exerciseType=PROGRAMMING, type=programming, assessmentType=AUTOMATIC, dueDate=2025-02-16T23:42:41.553955Z, assessmentDueDate=null, maxPoints=42.0, course=CourseDTO[id=147, accuracyOfScores=1]]], submissionExerciseType=programming, isProcessing=false, buildStartDate=null, estimatedCompletionDate=null], participation=ParticipationDTO[id=462, testRun=false, type=programming, submissionCount=null, exercise=ParticipationExerciseDTO[id=298, exerciseType=PROGRAMMING, type=programming, assessmentType=AUTOMATIC, dueDate=2025-02-16T23:42:41.553955Z, assessmentDueDate=null, maxPoints=42.0, course=CourseDTO[id=147, accuracyOfScores=1]]], feedbacks=[FeedbackDTO[id=67, text=null, detailText=The exercise expects a class with the name Context in the package testpackage. You did not implement the class in the exercise., hasLongFeedbackText=false, reference=null, credits=0.0, positive=false, type=AUTOMATIC, visibility=ALWAYS, testCase=TestCaseDTO[testName=null, id=13]], FeedbackDTO[id=68, text=null, detailText=The exercise expects a class with the name Policy in the package testpackage. You did not implement the class in the exercise., hasLongFeedbackText=false, reference=null, credits=0.0, positive=false, type=AUTOMATIC, visibility=ALWAYS, testCase=TestCaseDTO[testName=null, id=14]], FeedbackDTO[id=69, text=null, detailText=The exercise expects a class with the name SortStrategy in the package testpackage. You did not implement the class in the exercise., hasLongFeedbackText=false, reference=null, credits=0.0, positive=false, type=AUTOMATIC, visibility=ALWAYS, testCase=TestCaseDTO[testName=null, id=15]], FeedbackDTO[id=70, text=null, detailText=The class 'MergeSort' does not implement the interface 'SortStrategy' as expected. Implement the interface and its methods., hasLongFeedbackText=false, reference=null, credits=0.0, positive=false, type=AUTOMATIC, visibility=ALWAYS, testCase=TestCaseDTO[testName=null, id=10]], FeedbackDTO[id=71, text=null, detailText=The exercise expects a class with the name SortStrategy in the package testpackage. You did not implement the class in the exercise., hasLongFeedbackText=false, reference=null, credits=0.0, positive=false, type=AUTOMATIC, visibility=ALWAYS, testCase=TestCaseDTO[testName=null, id=7]], FeedbackDTO[id=72, text=null, detailText=The class 'BubbleSort' does not implement the interface 'SortStrategy' as expected. Implement the interface and its methods., hasLongFeedbackText=false, reference=null, credits=0.0, positive=false, type=AUTOMATIC, visibility=ALWAYS, testCase=TestCaseDTO[testName=null, id=11]], FeedbackDTO[id=73, text=null, detailText=MergeSort does not sort correctly, hasLongFeedbackText=false, reference=null, credits=0.0, positive=false, type=AUTOMATIC, visibility=ALWAYS, testCase=TestCaseDTO[testName=null, id=16]], FeedbackDTO[id=74, text=null, detailText=The class 'Context' was not found within the submission. Make sure to implement it properly., hasLongFeedbackText=false, reference=null, credits=0.0, positive=false, type=AUTOMATIC, visibility=ALWAYS, testCase=TestCaseDTO[testName=null, id=17]], FeedbackDTO[id=75, text=null, detailText=The class 'Context' was not found within the submission. Make sure to implement it properly., hasLongFeedbackText=false, reference=null, credits=0.0, positive=false, type=AUTOMATIC, visibility=ALWAYS, testCase=TestCaseDTO[testName=null, id=18]], FeedbackDTO[id=76, text=null, detailText=The exercise expects a class with the name Policy in the package testpackage. You did not implement the class in the exercise., hasLongFeedbackText=false, reference=null, credits=0.0, positive=false, type=AUTOMATIC, visibility=ALWAYS, testCase=TestCaseDTO[testName=null, id=12]], FeedbackDTO[id=77, text=null, detailText=The exercise expects a class with the name Context in the package testpackage. You did not implement the class in the exercise., hasLongFeedbackText=false, reference=null, credits=0.0, positive=false, type=AUTOMATIC, visibility=ALWAYS, testCase=TestCaseDTO[testName=null, id=8]], FeedbackDTO[id=78, text=null, detailText=The exercise expects a class with the name Policy in the package testpackage. You did not implement the class in the exercise., hasLongFeedbackText=false, reference=null, credits=0.0, positive=false, type=AUTOMATIC, visibility=ALWAYS, testCase=TestCaseDTO[testName=null, id=9]], FeedbackDTO[id=79, text=null, detailText=null, hasLongFeedbackText=false, reference=null, credits=3.230769230769231, positive=true, type=AUTOMATIC, visibility=ALWAYS, testCase=TestCaseDTO[testName=null, id=19]]], assessmentType=AUTOMATIC, hasComplaint=null, exampleResult=null, testCaseCount=13, passedTestCaseCount=1, codeIssueCount=0]], BuildJobQueueItem[id=4651739576569330, name=SHORTB06DD3F905F4604F6E085260D83ED657A6DFTSTEXC-LOCALCIINTSTUDENT1, buildAgent=BuildAgentDTO[name=artemis-build-agent-test, memberAddress=[127.0.0.1]:5703, displayName=artemis-build-agent-test], participationId=465, courseId=148, exerciseId=299, retryCount=0, priority=2, status=SUCCESSFUL, repositoryInfo=RepositoryInfo[repositoryName=shortb06dd3f905f4604f6e085260d83ed657a6dftstexc-localciintstudent1, repositoryType=user, triggeredByPushTo=user, assignmentRepositoryUri=http://localhost:49152/git/SHORTB06DD3F905F4604F6E085260D83ED657A6DFTSTEXC/shortb06dd3f905f4604f6e085260d83ed657a6dftstexc-localciintstudent1.git, testRepositoryUri=http://localhost:49152/git/SHORTB06DD3F905F4604F6E085260D83ED657A6DFTSTEXC/shortb06dd3f905f4604f6e085260d83ed657a6dftstexc-tests.git, solutionRepositoryUri=null, auxiliaryRepositoryUris=[Ljava.lang.String;@7da2c96b, auxiliaryRepositoryCheckoutDirectories=[Ljava.lang.String;@55c6c0f4], jobTimingInfo=JobTimingInfo[submissionDate=2025-02-14T23:42:49.330093960Z[Etc/UTC], buildStartDate=2025-02-14T23:42:49.347797345Z[Etc/UTC], buildCompletionDate=2025-02-14T23:42:51.204319751Z[Etc/UTC], estimatedCompletionDate=2025-02-14T23:43:08.347788449Z[Etc/UTC], estimatedDuration=19], buildConfig=BuildConfig[buildScript=#!/bin/bash
cd /var/tmp/testing-dir
chmod +x ./gradlew
./gradlew clean test
, dockerImage=dummy-docker-image:latest, commitHashToBuild=41581fff25954d36cf07586926ee0c77d1003131, assignmentCommitHash=41581fff25954d36cf07586926ee0c77d1003131, testCommitHash=41581fff25954d36cf07586926ee0c77d1003131, branch=main, programmingLanguage=JAVA, projectType=PLAIN_GRADLE, scaEnabled=false, sequentialTestRunsEnabled=false, resultPaths=[/var/tmp/testing-dir/**/test-results/test/*.xml], timeoutSeconds=0, assignmentCheckoutPath=null, testCheckoutPath=null, solutionCheckoutPath=null, dockerRunConfig=null], submissionResult=ResultDTO[id=133, completionDate=2025-02-14T23:42:51.155372920Z[Etc/UTC], successful=false, score=7.7, rated=true, submission=SubmissionDTO[id=120, submitted=true, type=MANUAL, exampleSubmission=null, submissionDate=2025-02-14T23:42:49.321855Z, commitHash=41581fff25954d36cf07586926ee0c77d1003131, buildFailed=false, buildArtifact=false, participation=ParticipationDTO[id=465, testRun=false, type=programming, submissionCount=null, exercise=ParticipationExerciseDTO[id=299, exerciseType=PROGRAMMING, type=programming, assessmentType=AUTOMATIC, dueDate=2025-02-16T23:42:49.163661Z, assessmentDueDate=null, maxPoints=42.0, course=CourseDTO[id=148, accuracyOfScores=1]]], submissionExerciseType=programming, isProcessing=false, buildStartDate=null, estimatedCompletionDate=null], participation=ParticipationDTO[id=465, testRun=false, type=programming, submissionCount=null, exercise=ParticipationExerciseDTO[id=299, exerciseType=PROGRAMMING, type=programming, assessmentType=AUTOMATIC, dueDate=2025-02-16T23:42:49.163661Z, assessmentDueDate=null, maxPoints=42.0, course=CourseDTO[id=148, accuracyOfScores=1]]], feedbacks=[FeedbackDTO[id=80, text=null, detailText=The exercise expects a class with the name Context in the package testpackage. You did not implement the class in the exercise., hasLongFeedbackText=false, reference=null, credits=0.0, positive=false, type=AUTOMATIC, visibility=ALWAYS, testCase=TestCaseDTO[testName=null, id=26]], FeedbackDTO[id=81, text=null, detailText=The exercise expects a class with the name Policy in the package testpackage. You did not implement the class in the exercise., hasLongFeedbackText=false, reference=null, credits=0.0, positive=false, type=AUTOMATIC, visibility=ALWAYS, testCase=TestCaseDTO[testName=null, id=27]], FeedbackDTO[id=82, text=null, detailText=The exercise expects a class with the name SortStrategy in the package testpackage. You did not implement the class in the exercise., hasLongFeedbackText=false, reference=null, credits=0.0, positive=false, type=AUTOMATIC, visibility=ALWAYS, testCase=TestCaseDTO[testName=null, id=28]], FeedbackDTO[id=83, text=null, detailText=The class 'MergeSort' does not implement the interface 'SortStrategy' as expected. Implement the interface and its methods., hasLongFeedbackText=false, reference=null, credits=0.0, positive=false, type=AUTOMATIC, visibility=ALWAYS, testCase=TestCaseDTO[testName=null, id=23]], FeedbackDTO[id=84, text=null, detailText=The exercise expects a class with the name SortStrategy in the package testpackage. You did not implement the class in the exercise., hasLongFeedbackText=false, reference=null, credits=0.0, positive=false, type=AUTOMATIC, visibility=ALWAYS, testCase=TestCaseDTO[testName=null, id=20]], FeedbackDTO[id=85, text=null, detailText=The class 'BubbleSort' does not implement the interface 'SortStrategy' as expected. Implement the interface and its methods., hasLongFeedbackText=false, reference=null, credits=0.0, positive=false, type=AUTOMATIC, visibility=ALWAYS, testCase=TestCaseDTO[testName=null, id=24]], FeedbackDTO[id=86, text=null, detailText=MergeSort does not sort correctly, hasLongFeedbackText=false, reference=null, credits=0.0, positive=false, type=AUTOMATIC, visibility=ALWAYS, testCase=TestCaseDTO[testName=null, id=29]], FeedbackDTO[id=87, text=null, detailText=The class 'Context' was not found within the submission. Make sure to implement it properly., hasLongFeedbackText=false, reference=null, credits=0.0, positive=false, type=AUTOMATIC, visibility=ALWAYS, testCase=TestCaseDTO[testName=null, id=30]], FeedbackDTO[id=88, text=null, detailText=The class 'Context' was not found within the submission. Make sure to implement it properly., hasLongFeedbackText=false, reference=null, credits=0.0, positive=false, type=AUTOMATIC, visibility=ALWAYS, testCase=TestCaseDTO[testName=null, id=31]], FeedbackDTO[id=89, text=null, detailText=The exercise expects a class with the name Policy in the package testpackage. You did not implement the class in the exercise., hasLongFeedbackText=false, reference=null, credits=0.0, positive=false, type=AUTOMATIC, visibility=ALWAYS, testCase=TestCaseDTO[testName=null, id=25]], FeedbackDTO[id=90, text=null, detailText=The exercise expects a class with the name Context in the package testpackage. You did not implement the class in the exercise., hasLongFeedbackText=false, reference=null, credits=0.0, positive=false, type=AUTOMATIC, visibility=ALWAYS, testCase=TestCaseDTO[testName=null, id=21]], FeedbackDTO[id=91, text=null, detailText=The exercise expects a class with the name Policy in the package testpackage. You did not implement the class in the exercise., hasLongFeedbackText=false, reference=null, credits=0.0, positive=false, type=AUTOMATIC, visibility=ALWAYS, testCase=TestCaseDTO[testName=null, id=22]], FeedbackDTO[id=92, text=null, detailText=null, hasLongFeedbackText=false, reference=null, credits=3.230769230769231, positive=true, type=AUTOMATIC, visibility=ALWAYS, testCase=TestCaseDTO[testName=null, id=32]]], assessmentType=AUTOMATIC, hasComplaint=null, exampleResult=null, testCaseCount=13, passedTestCaseCount=1, codeIssueCount=0]], BuildJobQueueItem[id=4681739576573068, name=SHORTBCF65534040390488B0A46605F5F3776B89ATSTEXC-LOCALCIINTSTUDENT1, buildAgent=BuildAgentDTO[name=artemis-build-agent-test, memberAddress=[127.0.0.1]:5703, displayName=artemis-build-agent-test], participationId=468, courseId=149, exerciseId=300, retryCount=0, priority=2, status=SUCCESSFUL, repositoryInfo=RepositoryInfo[repositoryName=shortbcf65534040390488b0a46605f5f3776b89atstexc-localciintstudent1, repositoryType=user, triggeredByPushTo=user, assignmentRepositoryUri=http://localhost:49152/git/SHORTBCF65534040390488B0A46605F5F3776B89ATSTEXC/shortbcf65534040390488b0a46605f5f3776b89atstexc-localciintstudent1.git, testRepositoryUri=http://localhost:49152/git/SHORTBCF65534040390488B0A46605F5F3776B89ATSTEXC/shortbcf65534040390488b0a46605f5f3776b89atstexc-tests.git, solutionRepositoryUri=null, auxiliaryRepositoryUris=[Ljava.lang.String;@55e6556d, auxiliaryRepositoryCheckoutDirectories=[Ljava.lang.String;@8ae1a8d], jobTimingInfo=JobTimingInfo[submissionDate=2025-02-14T23:42:53.068019209Z[Etc/UTC], buildStartDate=2025-02-14T23:42:53.092867394Z[Etc/UTC], buildCompletionDate=2025-02-14T23:42:55.086950323Z[Etc/UTC], estimatedCompletionDate=2025-02-14T23:43:12.092858828Z[Etc/UTC], estimatedDuration=19], buildConfig=BuildConfig[buildScript=#!/bin/bash
cd /var/tmp/testing-dir
chmod +x ./gradlew
./gradlew clean test
, dockerImage=dummy-docker-image:latest, commitHashToBuild=2d5c0482fc77d3f5ec0841962528a43054e83170, assignmentCommitHash=2d5c0482fc77d3f5ec0841962528a43054e83170, testCommitHash=7477e25d56ce5fee2c938542a7e7ed4ed085d373, branch=main, programmingLanguage=JAVA, projectType=PLAIN_GRADLE, scaEnabled=false, sequentialTestRunsEnabled=false, resultPaths=[/var/tmp/testing-dir/**/test-results/test/*.xml], timeoutSeconds=0, assignmentCheckoutPath=null, testCheckoutPath=null, solutionCheckoutPath=null, dockerRunConfig=null], submissionResult=ResultDTO[id=134, completionDate=2025-02-14T23:42:55.059618627Z[Etc/UTC], successful=false, score=7.7, rated=true, submission=SubmissionDTO[id=121, submitted=true, type=MANUAL, exampleSubmission=null, submissionDate=2025-02-14T23:42:53.048221Z, commitHash=2d5c0482fc77d3f5ec0841962528a43054e83170, buildFailed=false, buildArtifact=false, participation=ParticipationDTO[id=468, testRun=false, type=programming, submissionCount=null, exercise=ParticipationExerciseDTO[id=300, exerciseType=PROGRAMMING, type=programming, assessmentType=AUTOMATIC, dueDate=2025-02-16T23:42:52.873722Z, assessmentDueDate=null, maxPoints=42.0, course=CourseDTO[id=149, accuracyOfScores=1]]], submissionExerciseType=programming, isProcessing=false, buildStartDate=null, estimatedCompletionDate=null], participation=ParticipationDTO[id=468, testRun=false, type=programming, submissionCount=null, exercise=ParticipationExerciseDTO[id=300, exerciseType=PROGRAMMING, type=programming, assessmentType=AUTOMATIC, dueDate=2025-02-16T23:42:52.873722Z, assessmentDueDate=null, maxPoints=42.0, course=CourseDTO[id=149, accuracyOfScores=1]]], feedbacks=[FeedbackDTO[id=93, text=null, detailText=The exercise expects a class with the name Context in the package testpackage. You did not implement the class in the exercise., hasLongFeedbackText=false, reference=null, credits=0.0, positive=false, type=AUTOMATIC, visibility=ALWAYS, testCase=TestCaseDTO[testName=null, id=39]], FeedbackDTO[id=94, text=null, detailText=The exercise expects a class with the name Policy in the package testpackage. You did not implement the class in the exercise., hasLongFeedbackText=false, reference=null, credits=0.0, positive=false, type=AUTOMATIC, visibility=ALWAYS, testCase=TestCaseDTO[testName=null, id=40]], FeedbackDTO[id=95, text=null, detailText=The exercise expects a class with the name SortStrategy in the package testpackage. You did not implement the class in the exercise., hasLongFeedbackText=false, reference=null, credits=0.0, positive=false, type=AUTOMATIC, visibility=ALWAYS, testCase=TestCaseDTO[testName=null, id=41]], FeedbackDTO[id=96, text=null, detailText=The class 'MergeSort' does not implement the interface 'SortStrategy' as expected. Implement the interface and its methods., hasLongFeedbackText=false, reference=null, credits=0.0, positive=false, type=AUTOMATIC, visibility=ALWAYS, testCase=TestCaseDTO[testName=null, id=36]], FeedbackDTO[id=97, text=null, detailText=The exercise expects a class with the name SortStrategy in the package testpackage. You did not implement the class in the exercise., hasLongFeedbackText=false, reference=null, credits=0.0, positive=false, type=AUTOMATIC, visibility=ALWAYS, testCase=TestCaseDTO[testName=null, id=33]], FeedbackDTO[id=98, text=null, detailText=The class 'BubbleSort' does not implement the interface 'SortStrategy' as expected. Implement the interface and its methods., hasLongFeedbackText=false, reference=null, credits=0.0, positive=false, type=AUTOMATIC, visibility=ALWAYS, testCase=TestCaseDTO[testName=null, id=37]], FeedbackDTO[id=99, text=null, detailText=MergeSort does not sort correctly, hasLongFeedbackText=false, reference=null, credits=0.0, positive=false, type=AUTOMATIC, visibility=ALWAYS, testCase=TestCaseDTO[testName=null, id=42]], FeedbackDTO[id=100, text=null, detailText=The class 'Context' was not found within the submission. Make sure to implement it properly., hasLongFeedbackText=false, reference=null, credits=0.0, positive=false, type=AUTOMATIC, visibility=ALWAYS, testCase=TestCaseDTO[testName=null, id=43]], FeedbackDTO[id=101, text=null, detailText=The class 'Context' was not found within the submission. Make sure to implement it properly., hasLongFeedbackText=false, reference=null, credits=0.0, positive=false, type=AUTOMATIC, visibility=ALWAYS, testCase=TestCaseDTO[testName=null, id=44]], FeedbackDTO[id=102, text=null, detailText=The exercise expects a class with the name Policy in the package testpackage. You did not implement the class in the exercise., hasLongFeedbackText=false, reference=null, credits=0.0, positive=false, type=AUTOMATIC, visibility=ALWAYS, testCase=TestCaseDTO[testName=null, id=38]], FeedbackDTO[id=103, text=null, detailText=The exercise expects a class with the name Context in the package testpackage. You did not implement the class in the exercise., hasLongFeedbackText=false, reference=null, credits=0.0, positive=false, type=AUTOMATIC, visibility=ALWAYS, testCase=TestCaseDTO[testName=null, id=34]], FeedbackDTO[id=104, text=null, detailText=The exercise expects a class with the name Policy in the package testpackage. You did not implement the class in the exercise., hasLongFeedbackText=false, reference=null, credits=0.0, positive=false, type=AUTOMATIC, visibility=ALWAYS, testCase=TestCaseDTO[testName=null, id=35]], FeedbackDTO[id=105, text=null, detailText=null, hasLongFeedbackText=false, reference=null, credits=3.230769230769231, positive=true, type=AUTOMATIC, visibility=ALWAYS, testCase=TestCaseDTO[testName=null, id=45]]], assessmentType=AUTOMATIC, hasComplaint=null, exampleResult=null, testCaseCount=13, passedTestCaseCount=1, codeIssueCount=0]], BuildJobQueueItem[id=4741739576577297, name=SHORT88A9A223023E2047B709E4A029FA08BCF2CFTSTEXC-LOCALCIINTSTUDENT1, buildAgent=BuildAgentDTO[name=artemis-build-agent-test, memberAddress=[127.0.0.1]:5703, displayName=artemis-build-agent-test], participationId=474, courseId=151, exerciseId=302, retryCount=0, priority=2, status=SUCCESSFUL, repositoryInfo=RepositoryInfo[repositoryName=short88a9a223023e2047b709e4a029fa08bcf2cftstexc-localciintstudent1, repositoryType=user, triggeredByPushTo=user, assignmentRepositoryUri=http://localhost:49152/git/SHORT88A9A223023E2047B709E4A029FA08BCF2CFTSTEXC/short88a9a223023e2047b709e4a029fa08bcf2cftstexc-localciintstudent1.git, testRepositoryUri=http://localhost:49152/git/SHORT88A9A223023E2047B709E4A029FA08BCF2CFTSTEXC/short88a9a223023e2047b709e4a029fa08bcf2cftstexc-tests.git, solutionRepositoryUri=null, auxiliaryRepositoryUris=[Ljava.lang.String;@632c6362, auxiliaryRepositoryCheckoutDirectories=[Ljava.lang.String;@ece93], jobTimingInfo=JobTimingInfo[submissionDate=2025-02-14T23:42:57.297342281Z[Etc/UTC], buildStartDate=2025-02-14T23:42:57.308570327Z[Etc/UTC], buildCompletionDate=2025-02-14T23:42:59.047616654Z[Etc/UTC], estimatedCompletionDate=2025-02-14T23:43:16.308558064Z[Etc/UTC], estimatedDuration=19], buildConfig=BuildConfig[buildScript=#!/bin/bash
cd /var/tmp/testing-dir
chmod +x ./gradlew
./gradlew clean test
, dockerImage=dummy-docker-image:latest, commitHashToBuild=736cbea1e46d6849b41266b2bf1cccd3b9ea55b1, assignmentCommitHash=736cbea1e46d6849b41266b2bf1cccd3b9ea55b1, testCommitHash=ea6267edd396a304305339b036512b63e0374c66, branch=main, programmingLanguage=JAVA, projectType=PLAIN_GRADLE, scaEnabled=false, sequentialTestRunsEnabled=false, resultPaths=[/var/tmp/testing-dir/**/test-results/test/*.xml], timeoutSeconds=0, assignmentCheckoutPath=null, testCheckoutPath=null, solutionCheckoutPath=null, dockerRunConfig=null], submissionResult=ResultDTO[id=135, completionDate=2025-02-14T23:42:59.014168821Z[Etc/UTC], successful=false, score=7.7, rated=true, submission=SubmissionDTO[id=123, submitted=true, type=MANUAL, exampleSubmission=null, submissionDate=2025-02-14T23:42:57.278471Z, commitHash=736cbea1e46d6849b41266b2bf1cccd3b9ea55b1, buildFailed=false, buildArtifact=false, participation=ParticipationDTO[id=474, testRun=false, type=programming, submissionCount=null, exercise=ParticipationExerciseDTO[id=302, exerciseType=PROGRAMMING, type=programming, assessmentType=AUTOMATIC, dueDate=2025-02-16T23:42:56.796251Z, assessmentDueDate=null, maxPoints=42.0, course=CourseDTO[id=151, accuracyOfScores=1]]], submissionExerciseType=programming, isProcessing=false, buildStartDate=null, estimatedCompletionDate=null], participation=ParticipationDTO[id=474, testRun=false, type=programming, submissionCount=null, exercise=ParticipationExerciseDTO[id=302, exerciseType=PROGRAMMING, type=programming, assessmentType=AUTOMATIC, dueDate=2025-02-16T23:42:56.796251Z, assessmentDueDate=null, maxPoints=42.0, course=CourseDTO[id=151, accuracyOfScores=1]]], feedbacks=[FeedbackDTO[id=106, text=null, detailText=The exercise expects a class with the name Context in the package testpackage. You did not implement the class in the exercise., hasLongFeedbackText=false, reference=null, credits=0.0, positive=false, type=AUTOMATIC, visibility=ALWAYS, testCase=TestCaseDTO[testName=null, id=65]], FeedbackDTO[id=107, text=null, detailText=The exercise expects a class with the name Policy in the package testpackage. You did not implement the class in the exercise., hasLongFeedbackText=false, reference=null, credits=0.0, positive=false, type=AUTOMATIC, visibility=ALWAYS, testCase=TestCaseDTO[testName=null, id=66]], FeedbackDTO[id=108, text=null, detailText=The exercise expects a class with the name SortStrategy in the package testpackage. You did not implement the class in the exercise., hasLongFeedbackText=false, reference=null, credits=0.0, positive=false, type=AUTOMATIC, visibility=ALWAYS, testCase=TestCaseDTO[testName=null, id=67]], FeedbackDTO[id=109, text=null, detailText=The class 'MergeSort' does not implement the interface 'SortStrategy' as expected. Implement the interface and its methods., hasLongFeedbackText=false, reference=null, credits=0.0, positive=false, type=AUTOMATIC, visibility=ALWAYS, testCase=TestCaseDTO[testName=null, id=62]], FeedbackDTO[id=110, text=null, detailText=The exercise expects a class with the name SortStrategy in the package testpackage. You did not implement the class in the exercise., hasLongFeedbackText=false, reference=null, credits=0.0, positive=false, type=AUTOMATIC, visibility=ALWAYS, testCase=TestCaseDTO[testName=null, id=59]], FeedbackDTO[id=111, text=null, detailText=The class 'BubbleSort' does not implement the interface 'SortStrategy' as expected. Implement the interface and its methods., hasLongFeedbackText=false, reference=null, credits=0.0, positive=false, type=AUTOMATIC, visibility=ALWAYS, testCase=TestCaseDTO[testName=null, id=63]], FeedbackDTO[id=112, text=null, detailText=MergeSort does not sort correctly, hasLongFeedbackText=false, reference=null, credits=0.0, positive=false, type=AUTOMATIC, visibility=ALWAYS, testCase=TestCaseDTO[testName=null, id=68]], FeedbackDTO[id=113, text=null, detailText=The class 'Context' was not found within the submission. Make sure to implement it properly., hasLongFeedbackText=false, reference=null, credits=0.0, positive=false, type=AUTOMATIC, visibility=ALWAYS, testCase=TestCaseDTO[testName=null, id=69]], FeedbackDTO[id=114, text=null, detailText=The class 'Context' was not found within the submission. Make sure to implement it properly., hasLongFeedbackText=false, reference=null, credits=0.0, positive=false, type=AUTOMATIC, visibility=ALWAYS, testCase=TestCaseDTO[testName=null, id=70]], FeedbackDTO[id=115, text=null, detailText=The exercise expects a class with the name Policy in the package testpackage. You did not implement the class in the exercise., hasLongFeedbackText=false, reference=null, credits=0.0, positive=false, type=AUTOMATIC, visibility=ALWAYS, testCase=TestCaseDTO[testName=null, id=64]], FeedbackDTO[id=116, text=null, detailText=The exercise expects a class with the name Context in the package testpackage. You did not implement the class in the exercise., hasLongFeedbackText=false, reference=null, credits=0.0, positive=false, type=AUTOMATIC, visibility=ALWAYS, testCase=TestCaseDTO[testName=null, id=60]], FeedbackDTO[id=117, text=null, detailText=The exercise expects a class with the name Policy in the package testpackage. You did not implement the class in the exercise., hasLongFeedbackText=false, reference=null, credits=0.0, positive=false, type=AUTOMATIC, visibility=ALWAYS, testCase=TestCaseDTO[testName=null, id=61]], FeedbackDTO[id=118, text=null, detailText=null, hasLongFeedbackText=false, reference=null, credits=3.230769230769231, positive=true, type=AUTOMATIC, visibility=ALWAYS, testCase=TestCaseDTO[testName=null, id=71]]], assessmentType=AUTOMATIC, hasComplaint=null, exampleResult=null, testCaseCount=13, passedTestCaseCount=1, codeIssueCount=0]], BuildJobQueueItem[id=4771739576580898, name=SHORT51E611E30D6B60466F0B8BA0AA97F58888C2TSTEXC-LOCALCIINTSTUDENT1, buildAgent=BuildAgentDTO[name=artemis-build-agent-test, memberAddress=[127.0.0.1]:5703, displayName=artemis-build-agent-test], participationId=477, courseId=152, exerciseId=303, retryCount=0, priority=2, status=SUCCESSFUL, repositoryInfo=RepositoryInfo[repositoryName=short51e611e30d6b60466f0b8ba0aa97f58888c2tstexc-localciintstudent1, repositoryType=user, triggeredByPushTo=user, assignmentRepositoryUri=http://localhost:49152/git/SHORT51E611E30D6B60466F0B8BA0AA97F58888C2TSTEXC/short51e611e30d6b60466f0b8ba0aa97f58888c2tstexc-localciintstudent1.git, testRepositoryUri=http://localhost:49152/git/SHORT51E611E30D6B60466F0B8BA0AA97F58888C2TSTEXC/short51e611e30d6b60466f0b8ba0aa97f58888c2tstexc-tests.git, solutionRepositoryUri=null, auxiliaryRepositoryUris=[Ljava.lang.String;@67a4aec2, auxiliaryRepositoryCheckoutDirectories=[Ljava.lang.String;@1fa6aac9], jobTimingInfo=JobTimingInfo[submissionDate=2025-02-14T23:43:00.898532688Z[Etc/UTC], buildStartDate=2025-02-14T23:43:00.905733056Z[Etc/UTC], buildCompletionDate=2025-02-14T23:43:02.692768910Z[Etc/UTC], estimatedCompletionDate=2025-02-14T23:43:19.905720463Z[Etc/UTC], estimatedDuration=19], buildConfig=BuildConfig[buildScript=#!/bin/bash
cd /var/tmp/testing-dir
chmod +x ./gradlew
./gradlew clean test
, dockerImage=dummy-docker-image:latest, commitHashToBuild=8f3057cbd462f5e3de4e6ba85115f60d8dbb5aea, assignmentCommitHash=8f3057cbd462f5e3de4e6ba85115f60d8dbb5aea, testCommitHash=8f3057cbd462f5e3de4e6ba85115f60d8dbb5aea, branch=main, programmingLanguage=JAVA, projectType=PLAIN_GRADLE, scaEnabled=true, sequentialTestRunsEnabled=false, resultPaths=[/var/tmp/testing-dir/**/test-results/test/*.xml], timeoutSeconds=0, assignmentCheckoutPath=null, testCheckoutPath=null, solutionCheckoutPath=null, dockerRunConfig=null], submissionResult=ResultDTO[id=136, completionDate=2025-02-14T23:43:02.637820510Z[Etc/UTC], successful=false, score=7.7, rated=true, submission=SubmissionDTO[id=124, submitted=true, type=MANUAL, exampleSubmission=null, submissionDate=2025-02-14T23:43:00.886601Z, commitHash=8f3057cbd462f5e3de4e6ba85115f60d8dbb5aea, buildFailed=false, buildArtifact=false, participation=ParticipationDTO[id=477, testRun=false, type=programming, submissionCount=null, exercise=ParticipationExerciseDTO[id=303, exerciseType=PROGRAMMING, type=programming, assessmentType=AUTOMATIC, dueDate=2025-02-16T23:43:00.631824Z, assessmentDueDate=null, maxPoints=42.0, course=CourseDTO[id=152, accuracyOfScores=1]]], submissionExerciseType=programming, isProcessing=false, buildStartDate=null, estimatedCompletionDate=null], participation=ParticipationDTO[id=477, testRun=false, type=programming, submissionCount=null, exercise=ParticipationExerciseDTO[id=303, exerciseType=PROGRAMMING, type=programming, assessmentType=AUTOMATIC, dueDate=2025-02-16T23:43:00.631824Z, assessmentDueDate=null, maxPoints=42.0, course=CourseDTO[id=152, accuracyOfScores=1]]], feedbacks=[FeedbackDTO[id=119, text=null, detailText=The exercise expects a class with the name Context in the package testpackage. You did not implement the class in the exercise., hasLongFeedbackText=false, reference=null, credits=0.0, positive=false, type=AUTOMATIC, visibility=ALWAYS, testCase=TestCaseDTO[testName=null, id=78]], FeedbackDTO[id=120, text=null, detailText=The exercise expects a class with the name Policy in the package testpackage. You did not implement the class in the exercise., hasLongFeedbackText=false, reference=null, credits=0.0, positive=false, type=AUTOMATIC, visibility=ALWAYS, testCase=TestCaseDTO[testName=null, id=79]], FeedbackDTO[id=121, text=null, detailText=The exercise expects a class with the name SortStrategy in the package testpackage. You did not implement the class in the exercise., hasLongFeedbackText=false, reference=null, credits=0.0, positive=false, type=AUTOMATIC, visibility=ALWAYS, testCase=TestCaseDTO[testName=null, id=80]], FeedbackDTO[id=122, text=null, detailText=The class 'MergeSort' does not implement the interface 'SortStrategy' as expected. Implement the interface and its methods., hasLongFeedbackText=false, reference=null, credits=0.0, positive=false, type=AUTOMATIC, visibility=ALWAYS, testCase=TestCaseDTO[testName=null, id=75]], FeedbackDTO[id=123, text=null, detailText=The exercise expects a class with the name SortStrategy in the package testpackage. You did not implement the class in the exercise., hasLongFeedbackText=false, reference=null, credits=0.0, positive=false, type=AUTOMATIC, visibility=ALWAYS, testCase=TestCaseDTO[testName=null, id=72]], FeedbackDTO[id=124, text=null, detailText=The class 'BubbleSort' does not implement the interface 'SortStrategy' as expected. Implement the interface and its methods., hasLongFeedbackText=false, reference=null, credits=0.0, positive=false, type=AUTOMATIC, visibility=ALWAYS, testCase=TestCaseDTO[testName=null, id=76]], FeedbackDTO[id=125, text=null, detailText=MergeSort does not sort correctly, hasLongFeedbackText=false, reference=null, credits=0.0, positive=false, type=AUTOMATIC, visibility=ALWAYS, testCase=TestCaseDTO[testName=null, id=81]], FeedbackDTO[id=126, text=null, detailText=The class 'Context' was not found within the submission. Make sure to implement it properly., hasLongFeedbackText=false, reference=null, credits=0.0, positive=false, type=AUTOMATIC, visibility=ALWAYS, testCase=TestCaseDTO[testName=null, id=82]], FeedbackDTO[id=127, text=null, detailText=The class 'Context' was not found within the submission. Make sure to implement it properly., hasLongFeedbackText=false, reference=null, credits=0.0, positive=false, type=AUTOMATIC, visibility=ALWAYS, testCase=TestCaseDTO[testName=null, id=83]], FeedbackDTO[id=128, text=null, detailText=The exercise expects a class with the name Policy in the package testpackage. You did not implement the class in the exercise., hasLongFeedbackText=false, reference=null, credits=0.0, positive=false, type=AUTOMATIC, visibility=ALWAYS, testCase=TestCaseDTO[testName=null, id=77]], FeedbackDTO[id=129, text=null, detailText=The exercise expects a class with the name Context in the package testpackage. You did not implement the class in the exercise., hasLongFeedbackText=false, reference=null, credits=0.0, positive=false, type=AUTOMATIC, visibility=ALWAYS, testCase=TestCaseDTO[testName=null, id=73]], FeedbackDTO[id=130, text=null, detailText=The exercise expects a class with the name Policy in the package testpackage. You did not implement the class in the exercise., hasLongFeedbackText=false, reference=null, credits=0.0, positive=false, type=AUTOMATIC, visibility=ALWAYS, testCase=TestCaseDTO[testName=null, id=74]], FeedbackDTO[id=131, text=null, detailText=null, hasLongFeedbackText=false, reference=null, credits=3.230769230769231, positive=true, type=AUTOMATIC, visibility=ALWAYS, testCase=TestCaseDTO[testName=null, id=84]], FeedbackDTO[id=132, text=SCAFeedbackIdentifier:Bad Practice, detailText={"filePath":"src/code/Client.java","startLine":6,"endLine":6,"startColumn":1,"endColumn":26,"rule":"UnusedImports","category":"Best Practices","message":"Avoid unused imports such as 'javax.swing.JFrame'","priority":"4"}, hasLongFeedbackText=false, reference=PMD, credits=0.0, positive=false, type=AUTOMATIC, visibility=null, testCase=null], FeedbackDTO[id=133, text=SCAFeedbackIdentifier:Code Style, detailText={"filePath":"src/code/Client.java","startLine":7,"endLine":7,"startColumn":1,"endColumn":19,"rule":"DontImportJavaLang","category":"Code Style","message":"Avoid importing anything from the package java.lang","priority":"4"}, hasLongFeedbackText=false, reference=PMD, credits=0.0, positive=false, type=AUTOMATIC, visibility=null, testCase=null], FeedbackDTO[id=134, text=SCAFeedbackIdentifier:Bad Practice, detailText={"filePath":"src/code/Client.java","startLine":7,"endLine":7,"startColumn":1,"endColumn":19,"rule":"UnusedImports","category":"Best Practices","message":"Avoid unused imports such as 'java.lang'","priority":"4"}, hasLongFeedbackText=false, reference=PMD, credits=0.0, positive=false, type=AUTOMATIC, visibility=null, testCase=null], FeedbackDTO[id=135, text=SCAFeedbackIdentifier:Bad Practice, detailText={"filePath":"src/code/Client.java","startLine":73,"endLine":73,"startColumn":18,"endColumn":27,"rule":"UnusedLocalVariable","category":"Best Practices","message":"Avoid unused local variables such as 'randomDate'.","priority":"3"}, hasLongFeedbackText=false, reference=PMD, credits=0.0, positive=false, type=AUTOMATIC, visibility=null, testCase=null], FeedbackDTO[id=136, text=SCAFeedbackIdentifier:Bad Practice, detailText={"filePath":"src/code/Client.java","startLine":81,"endLine":81,"startColumn":31,"endColumn":53,"rule":"UnusedPrivateMethod","category":"Best Practices","message":"Avoid unused private methods such as 'CreateRandomDatesList()'.","priority":"3"}, hasLongFeedbackText=false, reference=PMD, credits=0.0, positive=false, type=AUTOMATIC, visibility=null, testCase=null], FeedbackDTO[id=137, text=SCAFeedbackIdentifier:Potential Bugs, detailText={"filePath":"src/code/Client.java","startLine":94,"endLine":94,"startColumn":9,"endColumn":9,"rule":"EmptyStatementNotInLoop","category":"Error Prone","message":"An empty statement (semicolon) not part of a loop","priority":"3"}, hasLongFeedbackText=false, reference=PMD, credits=0.0, positive=false, type=AUTOMATIC, visibility=null, testCase=null], FeedbackDTO[id=138, text=SCAFeedbackIdentifier:Potential Bugs, detailText={"filePath":"src/code/Client.java","startLine":94,"endLine":94,"startColumn":10,"endColumn":10,"rule":"EmptyStatementNotInLoop","category":"Error Prone","message":"An empty statement (semicolon) not part of a loop","priority":"3"}, hasLongFeedbackText=false, reference=PMD, credits=0.0, positive=false, type=AUTOMATIC, visibility=null, testCase=null], FeedbackDTO[id=139, text=SCAFeedbackIdentifier:Potential Bugs, detailText={"filePath":"src/code/Client.java","startLine":94,"endLine":94,"startColumn":11,"endColumn":11,"rule":"EmptyStatementNotInLoop","category":"Error Prone","message":"An empty statement (semicolon) not part of a loop","priority":"3"}, hasLongFeedbackText=false, reference=PMD, credits=0.0, positive=false, type=AUTOMATIC, visibility=null, testCase=null], FeedbackDTO[id=140, text=SCAFeedbackIdentifier:Code Style, detailText={"filePath":"src/code/Client.java","startLine":73,"endLine":73,"rule":"DLS_DEAD_LOCAL_STORE","category":"STYLE","message":"Dead store to randomDate in code.Client.createRandomDatesList()","priority":"2"}, hasLongFeedbackText=false, reference=SPOTBUGS, credits=0.0, positive=false, type=AUTOMATIC, visibility=null, testCase=null], FeedbackDTO[id=141, text=SCAFeedbackIdentifier:Bad Practice, detailText={"filePath":"src/code/Client.java","startLine":82,"endLine":95,"rule":"NM_METHOD_NAMING_CONVENTION","category":"BAD_PRACTICE","message":"The method name code.Client.CreateRandomDatesList() doesn't start with a lower case letter","priority":"3"}, hasLongFeedbackText=false, reference=SPOTBUGS, credits=0.0, positive=false, type=AUTOMATIC, visibility=null, testCase=null], FeedbackDTO[id=142, text=SCAFeedbackIdentifier:Performance, detailText={"filePath":"src/code/Client.java","startLine":82,"endLine":95,"rule":"UPM_UNCALLED_PRIVATE_METHOD","category":"PERFORMANCE","message":"Private method code.Client.CreateRandomDatesList() is never called","priority":"2"}, hasLongFeedbackText=false, reference=SPOTBUGS, credits=0.0, positive=false, type=AUTOMATIC, visibility=null, testCase=null], FeedbackDTO[id=143, text=SCAFeedbackIdentifier:Code Style, detailText={"filePath":"src/code/Client.java","startLine":70,"endLine":70,"startColumn":9,"endColumn":9,"rule":"NeedBracesCheck","category":"blocks","message":"'for' construct must use '{}'s.","priority":"error"}, hasLongFeedbackText=false, reference=CHECKSTYLE, credits=0.0, positive=false, type=AUTOMATIC, visibility=null, testCase=null], FeedbackDTO[id=144, text=SCAFeedbackIdentifier:Code Style, detailText={"filePath":"src/code/Client.java","startLine":93,"endLine":93,"startColumn":9,"endColumn":9,"rule":"EmptyStatementCheck","category":"coding","message":"Empty statement.","priority":"error"}, hasLongFeedbackText=false, reference=CHECKSTYLE, credits=0.0, positive=false, type=AUTOMATIC, visibility=null, testCase=null], FeedbackDTO[id=145, text=SCAFeedbackIdentifier:Code Style, detailText={"filePath":"src/code/Client.java","startLine":93,"endLine":93,"startColumn":10,"endColumn":10,"rule":"EmptyStatementCheck","category":"coding","message":"Empty statement.","priority":"error"}, hasLongFeedbackText=false, reference=CHECKSTYLE, credits=0.0, positive=false, type=AUTOMATIC, visibility=null, testCase=null], FeedbackDTO[id=146, text=SCAFeedbackIdentifier:Code Style, detailText={"filePath":"src/code/Client.java","startLine":93,"endLine":93,"startColumn":11,"endColumn":11,"rule":"EmptyStatementCheck","category":"coding","message":"Empty statement.","priority":"error"}, hasLongFeedbackText=false, reference=CHECKSTYLE, credits=0.0, positive=false, type=AUTOMATIC, visibility=null, testCase=null]], assessmentType=AUTOMATIC, hasComplaint=null, exampleResult=null, testCaseCount=13, passedTestCaseCount=1, codeIssueCount=15]], BuildJobQueueItem[id=4821739576584632, name=SHORT433BAC4500363044960B6E10DFA0493471B2TSTEXC-LOCALCIINTSTUDENT1, buildAgent=BuildAgentDTO[name=artemis-build-agent-test, memberAddress=[127.0.0.1]:5703, displayName=artemis-build-agent-test], participationId=482, courseId=154, exerciseId=305, retryCount=0, priority=2, status=SUCCESSFUL, repositoryInfo=RepositoryInfo[repositoryName=short433bac4500363044960b6e10dfa0493471b2tstexc-localciintstudent1, repositoryType=user, triggeredByPushTo=user, assignmentRepositoryUri=http://localhost:49152/git/SHORT433BAC4500363044960B6E10DFA0493471B2TSTEXC/short433bac4500363044960b6e10dfa0493471b2tstexc-localciintstudent1.git, testRepositoryUri=http://localhost:49152/git/SHORT433BAC4500363044960B6E10DFA0493471B2TSTEXC/short433bac4500363044960b6e10dfa0493471b2tstexc-tests.git, solutionRepositoryUri=null, auxiliaryRepositoryUris=[Ljava.lang.String;@1f91ed2c, auxiliaryRepositoryCheckoutDirectories=[Ljava.lang.String;@691dc21b], jobTimingInfo=JobTimingInfo[submissionDate=2025-02-14T23:43:04.632341258Z[Etc/UTC], buildStartDate=2025-02-14T23:43:04.637633457Z[Etc/UTC], buildCompletionDate=2025-02-14T23:43:06.421238953Z[Etc/UTC], estimatedCompletionDate=2025-02-14T23:43:23.637623879Z[Etc/UTC], estimatedDuration=19], buildConfig=BuildConfig[buildScript=#!/bin/bash
cd /var/tmp/testing-dir
chmod +x ./gradlew
./gradlew clean test
, dockerImage=dummy-docker-image:latest, commitHashToBuild=8355c4f3cd5d3e0443707d3310206e460e333c6f, assignmentCommitHash=8355c4f3cd5d3e0443707d3310206e460e333c6f, testCommitHash=8355c4f3cd5d3e0443707d3310206e460e333c6f, branch=main, programmingLanguage=JAVA, projectType=PLAIN_GRADLE, scaEnabled=false, sequentialTestRunsEnabled=false, resultPaths=[/var/tmp/testing-dir/**/test-results/test/*.xml], timeoutSeconds=0, assignmentCheckoutPath=null, testCheckoutPath=null, solutionCheckoutPath=null, dockerRunConfig=null], submissionResult=ResultDTO[id=137, completionDate=2025-02-14T23:43:06.404877412Z[Etc/UTC], successful=false, score=7.7, rated=true, submission=SubmissionDTO[id=125, submitted=true, type=MANUAL, exampleSubmission=null, submissionDate=2025-02-14T23:43:04.623230Z, commitHash=8355c4f3cd5d3e0443707d3310206e460e333c6f, buildFailed=false, buildArtifact=false, participation=ParticipationDTO[id=482, testRun=false, type=programming, submissionCount=null, exercise=ParticipationExerciseDTO[id=305, exerciseType=PROGRAMMING, type=programming, assessmentType=AUTOMATIC, dueDate=2025-02-16T23:43:04.425734Z, assessmentDueDate=null, maxPoints=42.0, course=CourseDTO[id=154, accuracyOfScores=1]]], submissionExerciseType=programming, isProcessing=false, buildStartDate=null, estimatedCompletionDate=null], participation=ParticipationDTO[id=482, testRun=false, type=programming, submissionCount=null, exercise=ParticipationExerciseDTO[id=305, exerciseType=PROGRAMMING, type=programming, assessmentType=AUTOMATIC, dueDate=2025-02-16T23:43:04.425734Z, assessmentDueDate=null, maxPoints=42.0, course=CourseDTO[id=154, accuracyOfScores=1]]], feedbacks=[FeedbackDTO[id=147, text=null, detailText=The exercise expects a class with the name Context in the package testpackage. You did not implement the class in the exercise., hasLongFeedbackText=false, reference=null, credits=0.0, positive=false, type=AUTOMATIC, visibility=ALWAYS, testCase=TestCaseDTO[testName=null, id=104]], FeedbackDTO[id=148, text=null, detailText=The exercise expects a class with the name Policy in the package testpackage. You did not implement the class in the exercise., hasLongFeedbackText=false, reference=null, credits=0.0, positive=false, type=AUTOMATIC, visibility=ALWAYS, testCase=TestCaseDTO[testName=null, id=105]], FeedbackDTO[id=149, text=null, detailText=The exercise expects a class with the name SortStrategy in the package testpackage. You did not implement the class in the exercise., hasLongFeedbackText=false, reference=null, credits=0.0, positive=false, type=AUTOMATIC, visibility=ALWAYS, testCase=TestCaseDTO[testName=null, id=106]], FeedbackDTO[id=150, text=null, detailText=The class 'MergeSort' does not implement the interface 'SortStrategy' as expected. Implement the interface and its methods., hasLongFeedbackText=false, reference=null, credits=0.0, positive=false, type=AUTOMATIC, visibility=ALWAYS, testCase=TestCaseDTO[testName=null, id=101]], FeedbackDTO[id=151, text=null, detailText=The exercise expects a class with the name SortStrategy in the package testpackage. You did not implement the class in the exercise., hasLongFeedbackText=false, reference=null, credits=0.0, positive=false, type=AUTOMATIC, visibility=ALWAYS, testCase=TestCaseDTO[testName=null, id=98]], FeedbackDTO[id=152, text=null, detailText=The class 'BubbleSort' does not implement the interface 'SortStrategy' as expected. Implement the interface and its methods., hasLongFeedbackText=false, reference=null, credits=0.0, positive=false, type=AUTOMATIC, visibility=ALWAYS, testCase=TestCaseDTO[testName=null, id=102]], FeedbackDTO[id=153, text=null, detailText=MergeSort does not sort correctly, hasLongFeedbackText=false, reference=null, credits=0.0, positive=false, type=AUTOMATIC, visibility=ALWAYS, testCase=TestCaseDTO[testName=null, id=107]], FeedbackDTO[id=154, text=null, detailText=The class 'Context' was not found within the submission. Make sure to implement it properly., hasLongFeedbackText=false, reference=null, credits=0.0, positive=false, type=AUTOMATIC, visibility=ALWAYS, testCase=TestCaseDTO[testName=null, id=108]], FeedbackDTO[id=155, text=null, detailText=The class 'Context' was not found within the submission. Make sure to implement it properly., hasLongFeedbackText=false, reference=null, credits=0.0, positive=false, type=AUTOMATIC, visibility=ALWAYS, testCase=TestCaseDTO[testName=null, id=109]], FeedbackDTO[id=156, text=null, detailText=The exercise expects a class with the name Policy in the package testpackage. You did not implement the class in the exercise., hasLongFeedbackText=false, reference=null, credits=0.0, positive=false, type=AUTOMATIC, visibility=ALWAYS, testCase=TestCaseDTO[testName=null, id=103]], FeedbackDTO[id=157, text=null, detailText=The exercise expects a class with the name Context in the package testpackage. You did not implement the class in the exercise., hasLongFeedbackText=false, reference=null, credits=0.0, positive=false, type=AUTOMATIC, visibility=ALWAYS, testCase=TestCaseDTO[testName=null, id=99]], FeedbackDTO[id=158, text=null, detailText=The exercise expects a class with the name Policy in the package testpackage. You did not implement the class in the exercise., hasLongFeedbackText=false, reference=null, credits=0.0, positive=false, type=AUTOMATIC, visibility=ALWAYS, testCase=TestCaseDTO[testName=null, id=100]], FeedbackDTO[id=159, text=null, detailText=null, hasLongFeedbackText=false, reference=null, credits=3.230769230769231, positive=true, type=AUTOMATIC, visibility=ALWAYS, testCase=TestCaseDTO[testName=null, id=110]]], assessmentType=AUTOMATIC, hasComplaint=null, exampleResult=null, testCaseCount=13, passedTestCaseCount=1, codeIssueCount=0]], BuildJobQueueItem[id=4851739576588371, name=SHORT495D587A0856D04A9E08BC60D2E08365FB9ETSTEXC-LOCALCIINTSTUDENT1, buildAgent=BuildAgentDTO[name=artemis-build-agent-test, memberAddress=[127.0.0.1]:5703, displayName=artemis-build-agent-test], participationId=485, courseId=155, exerciseId=306, retryCount=0, priority=2, status=FAILED, repositoryInfo=RepositoryInfo[repositoryName=short495d587a0856d04a9e08bc60d2e08365fb9etstexc-localciintstudent1, repositoryType=user, triggeredByPushTo=user, assignmentRepositoryUri=http://localhost:49152/git/SHORT495D587A0856D04A9E08BC60D2E08365FB9ETSTEXC/short495d587a0856d04a9e08bc60d2e08365fb9etstexc-localciintstudent1.git, testRepositoryUri=http://localhost:49152/git/SHORT495D587A0856D04A9E08BC60D2E08365FB9ETSTEXC/short495d587a0856d04a9e08bc60d2e08365fb9etstexc-tests.git, solutionRepositoryUri=null, auxiliaryRepositoryUris=[Ljava.lang.String;@2b8db344, auxiliaryRepositoryCheckoutDirectories=[Ljava.lang.String;@157b41e], jobTimingInfo=JobTimingInfo[submissionDate=2025-02-14T23:43:08.371015915Z[Etc/UTC], buildStartDate=2025-02-14T23:43:08.374658929Z[Etc/UTC], buildCompletionDate=2025-02-14T23:43:09.341007666Z[Etc/UTC], estimatedCompletionDate=2025-02-14T23:43:27.374650503Z[Etc/UTC], estimatedDuration=19], buildConfig=BuildConfig[buildScript=#!/bin/bash
cd /var/tmp/testing-dir
chmod +x ./gradlew
./gradlew clean test
, dockerImage=dummy-docker-image:latest, commitHashToBuild=ebb8aa4dc3625fe07e975266e18313ad871ce864, assignmentCommitHash=9b3a9bd71a0d80e5bbc42204c319ed3d1d4f0d6d, testCommitHash=9b3a9bd71a0d80e5bbc42204c319ed3d1d4f0d6d, branch=main, programmingLanguage=JAVA, projectType=PLAIN_GRADLE, scaEnabled=false, sequentialTestRunsEnabled=false, resultPaths=[/var/tmp/testing-dir/**/test-results/test/*.xml], timeoutSeconds=0, assignmentCheckoutPath=null, testCheckoutPath=null, solutionCheckoutPath=null, dockerRunConfig=null], submissionResult=ResultDTO[id=138, completionDate=2025-02-14T23:43:09.343306574Z[Etc/UTC], successful=false, score=0.0, rated=true, submission=SubmissionDTO[id=127, submitted=true, type=MANUAL, exampleSubmission=null, submissionDate=2025-02-14T23:43:09.343306574Z[Etc/UTC], commitHash=9b3a9bd71a0d80e5bbc42204c319ed3d1d4f0d6d, buildFailed=true, buildArtifact=false, participation=ParticipationDTO[id=485, testRun=false, type=programming, submissionCount=null, exercise=ParticipationExerciseDTO[id=306, exerciseType=PROGRAMMING, type=programming, assessmentType=AUTOMATIC, dueDate=2025-02-16T23:43:08.185273Z, assessmentDueDate=null, maxPoints=42.0, course=CourseDTO[id=155, accuracyOfScores=1]]], submissionExerciseType=programming, isProcessing=false, buildStartDate=null, estimatedCompletionDate=null], participation=ParticipationDTO[id=485, testRun=false, type=programming, submissionCount=null, exercise=ParticipationExerciseDTO[id=306, exerciseType=PROGRAMMING, type=programming, assessmentType=AUTOMATIC, dueDate=2025-02-16T23:43:08.185273Z, assessmentDueDate=null, maxPoints=42.0, course=CourseDTO[id=155, accuracyOfScores=1]]], feedbacks=[], assessmentType=AUTOMATIC, hasComplaint=null, exampleResult=null, testCaseCount=0, passedTestCaseCount=0, codeIssueCount=0]], BuildJobQueueItem[id=4881739576590204, name=SHORT80B5DD0E0D6B304EBB096E9020B949996A1CTSTEXC-LOCALCIINTSTUDENT1, buildAgent=BuildAgentDTO[name=artemis-build-agent-test, memberAddress=[127.0.0.1]:5703, displayName=artemis-build-agent-test], participationId=488, courseId=156, exerciseId=307, retryCount=0, priority=2, status=SUCCESSFUL, repositoryInfo=RepositoryInfo[repositoryName=short80b5dd0e0d6b304ebb096e9020b949996a1ctstexc-localciintstudent1, repositoryType=user, triggeredByPushTo=user, assignmentRepositoryUri=http://localhost:49152/git/SHORT80B5DD0E0D6B304EBB096E9020B949996A1CTSTEXC/short80b5dd0e0d6b304ebb096e9020b949996a1ctstexc-localciintstudent1.git, testRepositoryUri=http://localhost:49152/git/SHORT80B5DD0E0D6B304EBB096E9020B949996A1CTSTEXC/short80b5dd0e0d6b304ebb096e9020b949996a1ctstexc-tests.git, solutionRepositoryUri=null, auxiliaryRepositoryUris=[Ljava.lang.String;@113fd195, auxiliaryRepositoryCheckoutDirectories=[Ljava.lang.String;@1635c4b3], jobTimingInfo=JobTimingInfo[submissionDate=2025-02-14T23:43:10.204264160Z[Etc/UTC], buildStartDate=2025-02-14T23:43:10.223149139Z[Etc/UTC], buildCompletionDate=2025-02-14T23:43:12.086509109Z[Etc/UTC], estimatedCompletionDate=2025-02-14T23:43:29.223142246Z[Etc/UTC], estimatedDuration=19], buildConfig=BuildConfig[buildScript=#!/bin/bash
cd /var/tmp/testing-dir
chmod +x ./gradlew
./gradlew clean test
, dockerImage=dummy-docker-image:latest, commitHashToBuild=b806a93102242552beed7c01b08b2769731814b3, assignmentCommitHash=b806a93102242552beed7c01b08b2769731814b3, testCommitHash=b806a93102242552beed7c01b08b2769731814b3, branch=main, programmingLanguage=JAVA, projectType=PLAIN_GRADLE, scaEnabled=false, sequentialTestRunsEnabled=false, resultPaths=[/var/tmp/testing-dir/**/test-results/test/*.xml], timeoutSeconds=0, assignmentCheckoutPath=null, testCheckoutPath=null, solutionCheckoutPath=null, dockerRunConfig=null], submissionResult=ResultDTO[id=139, completionDate=2025-02-14T23:43:12.066436124Z[Etc/UTC], successful=false, score=0.0, rated=true, submission=SubmissionDTO[id=128, submitted=true, type=MANUAL, exampleSubmission=null, submissionDate=2025-02-14T23:43:10.192407Z, commitHash=b806a93102242552beed7c01b08b2769731814b3, buildFailed=true, buildArtifact=false, participation=ParticipationDTO[id=488, testRun=false, type=programming, submissionCount=null, exercise=ParticipationExerciseDTO[id=307, exerciseType=PROGRAMMING, type=programming, assessmentType=AUTOMATIC, dueDate=2025-02-16T23:43:09.986646Z, assessmentDueDate=null, maxPoints=42.0, course=CourseDTO[id=156, accuracyOfScores=1]]], submissionExerciseType=programming, isProcessing=false, buildStartDate=null, estimatedCompletionDate=null], participation=ParticipationDTO[id=488, testRun=false, type=programming, submissionCount=null, exercise=ParticipationExerciseDTO[id=307, exerciseType=PROGRAMMING, type=programming, assessmentType=AUTOMATIC, dueDate=2025-02-16T23:43:09.986646Z, assessmentDueDate=null, maxPoints=42.0, course=CourseDTO[id=156, accuracyOfScores=1]]], feedbacks=[], assessmentType=AUTOMATIC, hasComplaint=null, exampleResult=null, testCaseCount=0, passedTestCaseCount=0, codeIssueCount=0]], BuildJobQueueItem[id=4911739576593817, name=SHORT585B2198089880462509B3007867E72DFB7ATSTEXC-LOCALCIINTSTUDENT1, buildAgent=BuildAgentDTO[name=artemis-build-agent-test, memberAddress=[127.0.0.1]:5703, displayName=artemis-build-agent-test], participationId=491, courseId=157, exerciseId=308, retryCount=0, priority=2, status=SUCCESSFUL, repositoryInfo=RepositoryInfo[repositoryName=short585b2198089880462509b3007867e72dfb7atstexc-localciintstudent1, repositoryType=user, triggeredByPushTo=user, assignmentRepositoryUri=http://localhost:49152/git/SHORT585B2198089880462509B3007867E72DFB7ATSTEXC/short585b2198089880462509b3007867e72dfb7atstexc-localciintstudent1.git, testRepositoryUri=http://localhost:49152/git/SHORT585B2198089880462509B3007867E72DFB7ATSTEXC/short585b2198089880462509b3007867e72dfb7atstexc-tests.git, solutionRepositoryUri=null, auxiliaryRepositoryUris=[Ljava.lang.String;@50e442a2, auxiliaryRepositoryCheckoutDirectories=[Ljava.lang.String;@6c2febe4], jobTimingInfo=JobTimingInfo[submissionDate=2025-02-14T23:43:13.817124706Z[Etc/UTC], buildStartDate=2025-02-14T23:43:13.834335931Z[Etc/UTC], buildCompletionDate=2025-02-14T23:43:15.746259139Z[Etc/UTC], estimatedCompletionDate=2025-02-14T23:43:32.834326082Z[Etc/UTC], estimatedDuration=19], buildConfig=BuildConfig[buildScript=#!/bin/bash
cd /var/tmp/testing-dir
chmod +x ./gradlew
./gradlew clean test
, dockerImage=dummy-docker-image:latest, commitHashToBuild=42077d078a5d5042fe2d4bd8299a990d342fce6e, assignmentCommitHash=42077d078a5d5042fe2d4bd8299a990d342fce6e, testCommitHash=42077d078a5d5042fe2d4bd8299a990d342fce6e, branch=main, programmingLanguage=JAVA, projectType=PLAIN_GRADLE, scaEnabled=false, sequentialTestRunsEnabled=false, resultPaths=[/var/tmp/testing-dir/**/test-results/test/*.xml], timeoutSeconds=0, assignmentCheckoutPath=null, testCheckoutPath=null, solutionCheckoutPath=null, dockerRunConfig=null], submissionResult=ResultDTO[id=140, completionDate=2025-02-14T23:43:15.725343914Z[Etc/UTC], successful=false, score=0.0, rated=true, submission=SubmissionDTO[id=129, submitted=true, type=MANUAL, exampleSubmission=null, submissionDate=2025-02-14T23:43:13.805401Z, commitHash=42077d078a5d5042fe2d4bd8299a990d342fce6e, buildFailed=false, buildArtifact=false, participation=ParticipationDTO[id=491, testRun=false, type=programming, submissionCount=null, exercise=ParticipationExerciseDTO[id=308, exerciseType=PROGRAMMING, type=programming, assessmentType=AUTOMATIC, dueDate=2025-02-16T23:43:13.569213Z, assessmentDueDate=null, maxPoints=42.0, course=CourseDTO[id=157, accuracyOfScores=1]]], submissionExerciseType=programming, isProcessing=false, buildStartDate=null, estimatedCompletionDate=null], participation=ParticipationDTO[id=491, testRun=false, type=programming, submissionCount=null, exercise=ParticipationExerciseDTO[id=308, exerciseType=PROGRAMMING, type=programming, assessmentType=AUTOMATIC, dueDate=2025-02-16T23:43:13.569213Z, assessmentDueDate=null, maxPoints=42.0, course=CourseDTO[id=157, accuracyOfScores=1]]], feedbacks=[FeedbackDTO[id=160, text=null, detailText=Deine Einreichung enthält keine Ausgabe. (67cac2), hasLongFeedbackText=false, reference=null, credits=0.0, positive=false, type=AUTOMATIC, visibility=ALWAYS, testCase=TestCaseDTO[testName=null, id=146]], FeedbackDTO[id=161, text=null, detailText=test `add` failed on ≥ 1 cases:
(0, 0)
Your submission raised an error Failure("TODO add"), hasLongFeedbackText=false, reference=null, credits=0.0, positive=false, type=AUTOMATIC, visibility=ALWAYS, testCase=TestCaseDTO[testName=null, id=149]], FeedbackDTO[id=162, text=null, detailText=test `filter` failed on ≥ 1 cases:
(even, [1; 2; 3; 4])
Your submission raised an error Failure("TODO filter"), hasLongFeedbackText=false, reference=null, credits=0.0, positive=false, type=AUTOMATIC, visibility=ALWAYS, testCase=TestCaseDTO[testName=null, id=148]], FeedbackDTO[id=163, text=null, detailText=Test was not executed., hasLongFeedbackText=false, reference=null, credits=0.0, positive=null, type=AUTOMATIC, visibility=null, testCase=TestCaseDTO[testName=null, id=137]], FeedbackDTO[id=164, text=null, detailText=Test was not executed., hasLongFeedbackText=false, reference=null, credits=0.0, positive=null, type=AUTOMATIC, visibility=null, testCase=TestCaseDTO[testName=null, id=138]], FeedbackDTO[id=165, text=null, detailText=Test was not executed., hasLongFeedbackText=false, reference=null, credits=0.0, positive=null, type=AUTOMATIC, visibility=null, testCase=TestCaseDTO[testName=null, id=139]], FeedbackDTO[id=166, text=null, detailText=Test was not executed., hasLongFeedbackText=false, reference=null, credits=0.0, positive=null, type=AUTOMATIC, visibility=null, testCase=TestCaseDTO[testName=null, id=140]], FeedbackDTO[id=167, text=null, detailText=Test was not executed., hasLongFeedbackText=false, reference=null, credits=0.0, positive=null, type=AUTOMATIC, visibility=null, testCase=TestCaseDTO[testName=null, id=141]], FeedbackDTO[id=168, text=null, detailText=Test was not executed., hasLongFeedbackText=false, reference=null, credits=0.0, positive=null, type=AUTOMATIC, visibility=null, testCase=TestCaseDTO[testName=null, id=142]], FeedbackDTO[id=169, text=null, detailText=Test was not executed., hasLongFeedbackText=false, reference=null, credits=0.0, positive=null, type=AUTOMATIC, visibility=null, testCase=TestCaseDTO[testName=null, id=143]], FeedbackDTO[id=170, text=null, detailText=Test was not executed., hasLongFeedbackText=false, reference=null, credits=0.0, positive=null, type=AUTOMATIC, visibility=null, testCase=TestCaseDTO[testName=null, id=144]], FeedbackDTO[id=171, text=null, detailText=Test was not executed., hasLongFeedbackText=false, reference=null, credits=0.0, positive=null, type=AUTOMATIC, visibility=null, testCase=TestCaseDTO[testName=null, id=145]], FeedbackDTO[id=172, text=null, detailText=Test was not executed., hasLongFeedbackText=false, reference=null, credits=0.0, positive=null, type=AUTOMATIC, visibility=null, testCase=TestCaseDTO[testName=null, id=147]]], assessmentType=AUTOMATIC, hasComplaint=null, exampleResult=null, testCaseCount=13, passedTestCaseCount=0, codeIssueCount=0]], BuildJobQueueItem[id=4941739576597286, name=SHORTFBCBD7BF0E6EB0451A080E80FCB407DC1F12TSTEXC-LOCALCIINTSTUDENT1, buildAgent=BuildAgentDTO[name=artemis-build-agent-test, memberAddress=[127.0.0.1]:5703, displayName=artemis-build-agent-test], participationId=494, courseId=158, exerciseId=309, retryCount=0, priority=2, status=SUCCESSFUL, repositoryInfo=RepositoryInfo[repositoryName=shortfbcbd7bf0e6eb0451a080e80fcb407dc1f12tstexc-localciintstudent1, repositoryType=user, triggeredByPushTo=user, assignmentRepositoryUri=http://localhost:49152/git/SHORTFBCBD7BF0E6EB0451A080E80FCB407DC1F12TSTEXC/shortfbcbd7bf0e6eb0451a080e80fcb407dc1f12tstexc-localciintstudent1.git, testRepositoryUri=http://localhost:49152/git/SHORTFBCBD7BF0E6EB0451A080E80FCB407DC1F12TSTEXC/shortfbcbd7bf0e6eb0451a080e80fcb407dc1f12tstexc-tests.git, solutionRepositoryUri=null, auxiliaryRepositoryUris=[Ljava.lang.String;@3733c8d, auxiliaryRepositoryCheckoutDirectories=[Ljava.lang.String;@3bdb700c], jobTimingInfo=JobTimingInfo[submissionDate=2025-02-14T23:43:17.286977233Z[Etc/UTC], buildStartDate=2025-02-14T23:43:17.293977347Z[Etc/UTC], buildCompletionDate=2025-02-14T23:43:18.740990762Z[Etc/UTC], estimatedCompletionDate=2025-02-14T23:43:36.293970494Z[Etc/UTC], estimatedDuration=19], buildConfig=BuildConfig[buildScript=#!/bin/bash
cd /var/tmp/testing-dir
chmod +x ./gradlew
./gradlew clean test
, dockerImage=dummy-docker-image:latest, commitHashToBuild=4a1af7e8a64e6505c5fc09b9f81ea41af9fcff44, assignmentCommitHash=4a1af7e8a64e6505c5fc09b9f81ea41af9fcff44, testCommitHash=4a1af7e8a64e6505c5fc09b9f81ea41af9fcff44, branch=main, programmingLanguage=JAVA, projectType=PLAIN_GRADLE, scaEnabled=false, sequentialTestRunsEnabled=false, resultPaths=[/var/tmp/testing-dir/**/test-results/test/*.xml], timeoutSeconds=0, assignmentCheckoutPath=null, testCheckoutPath=null, solutionCheckoutPath=null, dockerRunConfig=null], submissionResult=ResultDTO[id=141, completionDate=2025-02-14T23:43:18.729015138Z[Etc/UTC], successful=false, score=0.0, rated=true, submission=SubmissionDTO[id=130, submitted=true, type=MANUAL, exampleSubmission=null, submissionDate=2025-02-14T23:43:17.272936Z, commitHash=4a1af7e8a64e6505c5fc09b9f81ea41af9fcff44, buildFailed=true, buildArtifact=false, participation=ParticipationDTO[id=494, testRun=false, type=programming, submissionCount=null, exercise=ParticipationExerciseDTO[id=309, exerciseType=PROGRAMMING, type=programming, assessmentType=AUTOMATIC, dueDate=2025-02-16T23:43:17.147218Z, assessmentDueDate=null, maxPoints=42.0, course=CourseDTO[id=158, accuracyOfScores=1]]], submissionExerciseType=programming, isProcessing=false, buildStartDate=null, estimatedCompletionDate=null], participation=ParticipationDTO[id=494, testRun=false, type=programming, submissionCount=null, exercise=ParticipationExerciseDTO[id=309, exerciseType=PROGRAMMING, type=programming, assessmentType=AUTOMATIC, dueDate=2025-02-16T23:43:17.147218Z, assessmentDueDate=null, maxPoints=42.0, course=CourseDTO[id=158, accuracyOfScores=1]]], feedbacks=[], assessmentType=AUTOMATIC, hasComplaint=null, exampleResult=null, testCaseCount=0, passedTestCaseCount=0, codeIssueCount=0]], BuildJobQueueItem[id=4971739576599269, name=SHORT52AD57270517204728083260501A19D262D1TSTEXC-LOCALCIINTSTUDENT1, buildAgent=BuildAgentDTO[name=artemis-build-agent-test, memberAddress=[127.0.0.1]:5703, displayName=artemis-build-agent-test], participationId=497, courseId=159, exerciseId=310, retryCount=0, priority=2, status=SUCCESSFUL, repositoryInfo=RepositoryInfo[repositoryName=short52ad57270517204728083260501a19d262d1tstexc-localciintstudent1, repositoryType=user, triggeredByPushTo=user, assignmentRepositoryUri=http://localhost:49152/git/SHORT52AD57270517204728083260501A19D262D1TSTEXC/short52ad57270517204728083260501a19d262d1tstexc-localciintstudent1.git, testRepositoryUri=http://localhost:49152/git/SHORT52AD57270517204728083260501A19D262D1TSTEXC/short52ad57270517204728083260501a19d262d1tstexc-tests.git, solutionRepositoryUri=null, auxiliaryRepositoryUris=[Ljava.lang.String;@49d8c487, auxiliaryRepositoryCheckoutDirectories=[Ljava.lang.String;@5a3b7693], jobTimingInfo=JobTimingInfo[submissionDate=2025-02-14T23:43:19.269997499Z[Etc/UTC], buildStartDate=2025-02-14T23:43:19.277325895Z[Etc/UTC], buildCompletionDate=2025-02-14T23:43:20.497391524Z[Etc/UTC], estimatedCompletionDate=2025-02-14T23:43:38.277310787Z[Etc/UTC], estimatedDuration=19], buildConfig=BuildConfig[buildScript=#!/bin/bash
cd /var/tmp/testing-dir
chmod +x ./gradlew
./gradlew clean test
, dockerImage=dummy-docker-image:latest, commitHashToBuild=9f4f76247a188e9a0f3516a9fbd60e829d53fb05, assignmentCommitHash=9f4f76247a188e9a0f3516a9fbd60e829d53fb05, testCommitHash=9f4f76247a188e9a0f3516a9fbd60e829d53fb05, branch=main, programmingLanguage=JAVA, projectType=PLAIN_GRADLE, scaEnabled=false, sequentialTestRunsEnabled=false, resultPaths=[/var/tmp/testing-dir/**/test-results/test/*.xml], timeoutSeconds=0, assignmentCheckoutPath=null, testCheckoutPath=null, solutionCheckoutPath=null, dockerRunConfig=null], submissionResult=ResultDTO[id=142, completionDate=2025-02-14T23:43:20.484244187Z[Etc/UTC], successful=false, score=7.7, rated=true, submission=SubmissionDTO[id=131, submitted=true, type=MANUAL, exampleSubmission=null, submissionDate=2025-02-14T23:43:19.265464Z, commitHash=9f4f76247a188e9a0f3516a9fbd60e829d53fb05, buildFailed=false, buildArtifact=false, participation=ParticipationDTO[id=497, testRun=false, type=programming, submissionCount=null, exercise=ParticipationExerciseDTO[id=310, exerciseType=PROGRAMMING, type=programming, assessmentType=AUTOMATIC, dueDate=2025-02-16T23:43:19.182228Z, assessmentDueDate=null, maxPoints=42.0, course=CourseDTO[id=159, accuracyOfScores=1]]], submissionExerciseType=programming, isProcessing=false, buildStartDate=null, estimatedCompletionDate=null], participation=ParticipationDTO[id=497, testRun=false, type=programming, submissionCount=null, exercise=ParticipationExerciseDTO[id=310, exerciseType=PROGRAMMING, type=programming, assessmentType=AUTOMATIC, dueDate=2025-02-16T23:43:19.182228Z, assessmentDueDate=null, maxPoints=42.0, course=CourseDTO[id=159, accuracyOfScores=1]]], feedbacks=[FeedbackDTO[id=173, text=null, detailText=The exercise expects a class with the name Context in the package testpackage. You did not implement the class in the exercise., hasLongFeedbackText=false, reference=null, credits=0.0, positive=false, type=AUTOMATIC, visibility=ALWAYS, testCase=TestCaseDTO[testName=null, id=169]], FeedbackDTO[id=174, text=null, detailText=The exercise expects a class with the name Policy in the package testpackage. You did not implement the class in the exercise., hasLongFeedbackText=false, reference=null, credits=0.0, positive=false, type=AUTOMATIC, visibility=ALWAYS, testCase=TestCaseDTO[testName=null, id=170]], FeedbackDTO[id=175, text=null, detailText=The exercise expects a class with the name SortStrategy in the package testpackage. You did not implement the class in the exercise., hasLongFeedbackText=false, reference=null, credits=0.0, positive=false, type=AUTOMATIC, visibility=ALWAYS, testCase=TestCaseDTO[testName=null, id=171]], FeedbackDTO[id=176, text=null, detailText=The class 'MergeSort' does not implement the interface 'SortStrategy' as expected. Implement the interface and its methods., hasLongFeedbackText=false, reference=null, credits=0.0, positive=false, type=AUTOMATIC, visibility=ALWAYS, testCase=TestCaseDTO[testName=null, id=166]], FeedbackDTO[id=177, text=null, detailText=The exercise expects a class with the name SortStrategy in the package testpackage. You did not implement the class in the exercise., hasLongFeedbackText=false, reference=null, credits=0.0, positive=false, type=AUTOMATIC, visibility=ALWAYS, testCase=TestCaseDTO[testName=null, id=163]], FeedbackDTO[id=178, text=null, detailText=The class 'BubbleSort' does not implement the interface 'SortStrategy' as expected. Implement the interface and its methods., hasLongFeedbackText=false, reference=null, credits=0.0, positive=false, type=AUTOMATIC, visibility=ALWAYS, testCase=TestCaseDTO[testName=null, id=167]], FeedbackDTO[id=179, text=null, detailText=MergeSort does not sort correctly, hasLongFeedbackText=false, reference=null, credits=0.0, positive=false, type=AUTOMATIC, visibility=ALWAYS, testCase=TestCaseDTO[testName=null, id=172]], FeedbackDTO[id=180, text=null, detailText=The class 'Context' was not found within the submission. Make sure to implement it properly., hasLongFeedbackText=false, reference=null, credits=0.0, positive=false, type=AUTOMATIC, visibility=ALWAYS, testCase=TestCaseDTO[testName=null, id=173]], FeedbackDTO[id=181, text=null, detailText=The class 'Context' was not found within the submission. Make sure to implement it properly., hasLongFeedbackText=false, reference=null, credits=0.0, positive=false, type=AUTOMATIC, visibility=ALWAYS, testCase=TestCaseDTO[testName=null, id=174]], FeedbackDTO[id=182, text=null, detailText=The exercise expects a class with the name Policy in the package testpackage. You did not implement the class in the exercise., hasLongFeedbackText=false, reference=null, credits=0.0, positive=false, type=AUTOMATIC, visibility=ALWAYS, testCase=TestCaseDTO[testName=null, id=168]], FeedbackDTO[id=183, text=null, detailText=The exercise expects a class with the name Context in the package testpackage. You did not implement the class in the exercise., hasLongFeedbackText=false, reference=null, credits=0.0, positive=false, type=AUTOMATIC, visibility=ALWAYS, testCase=TestCaseDTO[testName=null, id=164]], FeedbackDTO[id=184, text=null, detailText=The exercise expects a class with the name Policy in the package testpackage. You did not implement the class in the exercise., hasLongFeedbackText=false, reference=null, credits=0.0, positive=false, type=AUTOMATIC, visibility=ALWAYS, testCase=TestCaseDTO[testName=null, id=165]], FeedbackDTO[id=185, text=null, detailText=null, hasLongFeedbackText=false, reference=null, credits=3.230769230769231, positive=true, type=AUTOMATIC, visibility=ALWAYS, testCase=TestCaseDTO[testName=null, id=175]]], assessmentType=AUTOMATIC, hasComplaint=null, exampleResult=null, testCaseCount=13, passedTestCaseCount=1, codeIssueCount=0]], BuildJobQueueItem[id=5001739576601035, name=SHORT582B1BDC0A17704D6D0A46800FC19163DA47TSTEXC-LOCALCIINTSTUDENT1, buildAgent=BuildAgentDTO[name=artemis-build-agent-test, memberAddress=[127.0.0.1]:5703, displayName=artemis-build-agent-test], participationId=500, courseId=160, exerciseId=311, retryCount=0, priority=2, status=SUCCESSFUL, repositoryInfo=RepositoryInfo[repositoryName=short582b1bdc0a17704d6d0a46800fc19163da47tstexc-localciintstudent1, repositoryType=user, triggeredByPushTo=user, assignmentRepositoryUri=http://localhost:49152/git/SHORT582B1BDC0A17704D6D0A46800FC19163DA47TSTEXC/short582b1bdc0a17704d6d0a46800fc19163da47tstexc-localciintstudent1.git, testRepositoryUri=http://localhost:49152/git/SHORT582B1BDC0A17704D6D0A46800FC19163DA47TSTEXC/short582b1bdc0a17704d6d0a46800fc19163da47tstexc-tests.git, solutionRepositoryUri=null, auxiliaryRepositoryUris=[Ljava.lang.String;@4036ae0d, auxiliaryRepositoryCheckoutDirectories=[Ljava.lang.String;@200ded17], jobTimingInfo=JobTimingInfo[submissionDate=2025-02-14T23:43:21.035120760Z[Etc/UTC], buildStartDate=2025-02-14T23:43:21.040320383Z[Etc/UTC], buildCompletionDate=2025-02-14T23:43:22.581236903Z[Etc/UTC], estimatedCompletionDate=2025-02-14T23:43:40.040312057Z[Etc/UTC], estimatedDuration=19], buildConfig=BuildConfig[buildScript=#!/bin/bash
cd /var/tmp/testing-dir
chmod +x ./gradlew
./gradlew clean test
, dockerImage=dummy-docker-image:latest, commitHashToBuild=887566cf754016f986627cf5c5c365dea16c907f, assignmentCommitHash=887566cf754016f986627cf5c5c365dea16c907f, testCommitHash=6af67146332066e7430917928a4b9b81c43b7c71, branch=main, programmingLanguage=JAVA, projectType=PLAIN_GRADLE, scaEnabled=false, sequentialTestRunsEnabled=false, resultPaths=[/var/tmp/testing-dir/**/test-results/test/*.xml], timeoutSeconds=0, assignmentCheckoutPath=customAssignmentPath, testCheckoutPath=null, solutionCheckoutPath=null, dockerRunConfig=null], submissionResult=ResultDTO[id=143, completionDate=2025-02-14T23:43:22.538158998Z[Etc/UTC], successful=false, score=7.7, rated=true, submission=SubmissionDTO[id=132, submitted=true, type=MANUAL, exampleSubmission=null, submissionDate=2025-02-14T23:43:21.028930Z, commitHash=887566cf754016f986627cf5c5c365dea16c907f, buildFailed=false, buildArtifact=false, participation=ParticipationDTO[id=500, testRun=false, type=programming, submissionCount=null, exercise=ParticipationExerciseDTO[id=311, exerciseType=PROGRAMMING, type=programming, assessmentType=AUTOMATIC, dueDate=2025-02-16T23:43:20.897280Z, assessmentDueDate=null, maxPoints=42.0, course=CourseDTO[id=160, accuracyOfScores=1]]], submissionExerciseType=programming, isProcessing=false, buildStartDate=null, estimatedCompletionDate=null], participation=ParticipationDTO[id=500, testRun=false, type=programming, submissionCount=null, exercise=ParticipationExerciseDTO[id=311, exerciseType=PROGRAMMING, type=programming, assessmentType=AUTOMATIC, dueDate=2025-02-16T23:43:20.897280Z, assessmentDueDate=null, maxPoints=42.0, course=CourseDTO[id=160, accuracyOfScores=1]]], feedbacks=[FeedbackDTO[id=186, text=null, detailText=The exercise expects a class with the name Context in the package testpackage. You did not implement the class in the exercise., hasLongFeedbackText=false, reference=null, credits=0.0, positive=false, type=AUTOMATIC, visibility=ALWAYS, testCase=TestCaseDTO[testName=null, id=182]], FeedbackDTO[id=187, text=null, detailText=The exercise expects a class with the name Policy in the package testpackage. You did not implement the class in the exercise., hasLongFeedbackText=false, reference=null, credits=0.0, positive=false, type=AUTOMATIC, visibility=ALWAYS, testCase=TestCaseDTO[testName=null, id=183]], FeedbackDTO[id=188, text=null, detailText=The exercise expects a class with the name SortStrategy in the package testpackage. You did not implement the class in the exercise., hasLongFeedbackText=false, reference=null, credits=0.0, positive=false, type=AUTOMATIC, visibility=ALWAYS, testCase=TestCaseDTO[testName=null, id=184]], FeedbackDTO[id=189, text=null, detailText=The class 'MergeSort' does not implement the interface 'SortStrategy' as expected. Implement the interface and its methods., hasLongFeedbackText=false, reference=null, credits=0.0, positive=false, type=AUTOMATIC, visibility=ALWAYS, testCase=TestCaseDTO[testName=null, id=179]], FeedbackDTO[id=190, text=null, detailText=The exercise expects a class with the name SortStrategy in the package testpackage. You did not implement the class in the exercise., hasLongFeedbackText=false, reference=null, credits=0.0, positive=false, type=AUTOMATIC, visibility=ALWAYS, testCase=TestCaseDTO[testName=null, id=176]], FeedbackDTO[id=191, text=null, detailText=The class 'BubbleSort' does not implement the interface 'SortStrategy' as expected. Implement the interface and its methods., hasLongFeedbackText=false, reference=null, credits=0.0, positive=false, type=AUTOMATIC, visibility=ALWAYS, testCase=TestCaseDTO[testName=null, id=180]], FeedbackDTO[id=192, text=null, detailText=MergeSort does not sort correctly, hasLongFeedbackText=false, reference=null, credits=0.0, positive=false, type=AUTOMATIC, visibility=ALWAYS, testCase=TestCaseDTO[testName=null, id=185]], FeedbackDTO[id=193, text=null, detailText=The class 'Context' was not found within the submission. Make sure to implement it properly., hasLongFeedbackText=false, reference=null, credits=0.0, positive=false, type=AUTOMATIC, visibility=ALWAYS, testCase=TestCaseDTO[testName=null, id=186]], FeedbackDTO[id=194, text=null, detailText=The class 'Context' was not found within the submission. Make sure to implement it properly., hasLongFeedbackText=false, reference=null, credits=0.0, positive=false, type=AUTOMATIC, visibility=ALWAYS, testCase=TestCaseDTO[testName=null, id=187]], FeedbackDTO[id=195, text=null, detailText=The exercise expects a class with the name Policy in the package testpackage. You did not implement the class in the exercise., hasLongFeedbackText=false, reference=null, credits=0.0, positive=false, type=AUTOMATIC, visibility=ALWAYS, testCase=TestCaseDTO[testName=null, id=181]], FeedbackDTO[id=196, text=null, detailText=The exercise expects a class with the name Context in the package testpackage. You did not implement the class in the exercise., hasLongFeedbackText=false, reference=null, credits=0.0, positive=false, type=AUTOMATIC, visibility=ALWAYS, testCase=TestCaseDTO[testName=null, id=177]], FeedbackDTO[id=197, text=null, detailText=The exercise expects a class with the name Policy in the package testpackage. You did not implement the class in the exercise., hasLongFeedbackText=false, reference=null, credits=0.0, positive=false, type=AUTOMATIC, visibility=ALWAYS, testCase=TestCaseDTO[testName=null, id=178]], FeedbackDTO[id=198, text=null, detailText=null, hasLongFeedbackText=false, reference=null, credits=3.230769230769231, positive=true, type=AUTOMATIC, visibility=ALWAYS, testCase=TestCaseDTO[testName=null, id=188]]], assessmentType=AUTOMATIC, hasComplaint=null, exampleResult=null, testCaseCount=13, passedTestCaseCount=1, codeIssueCount=0]], BuildJobQueueItem[id=5031739576604847, name=SHORT00FA1A240403404C7E097D7007C591BE2AB1TSTEXC-LOCALCIINTSTUDENT1, buildAgent=BuildAgentDTO[name=artemis-build-agent-test, memberAddress=[127.0.0.1]:5703, displayName=artemis-build-agent-test], participationId=503, courseId=161, exerciseId=312, retryCount=0, priority=2, status=FAILED, repositoryInfo=RepositoryInfo[repositoryName=short00fa1a240403404c7e097d7007c591be2ab1tstexc-localciintstudent1, repositoryType=user, triggeredByPushTo=user, assignmentRepositoryUri=http://localhost:49152/git/SHORT00FA1A240403404C7E097D7007C591BE2AB1TSTEXC/short00fa1a240403404c7e097d7007c591be2ab1tstexc-localciintstudent1.git, testRepositoryUri=http://localhost:49152/git/SHORT00FA1A240403404C7E097D7007C591BE2AB1TSTEXC/short00fa1a240403404c7e097d7007c591be2ab1tstexc-tests.git, solutionRepositoryUri=null, auxiliaryRepositoryUris=[Ljava.lang.String;@2f7ee96d, auxiliaryRepositoryCheckoutDirectories=[Ljava.lang.String;@2ef09dff], jobTimingInfo=JobTimingInfo[submissionDate=2025-02-14T23:43:24.847396156Z[Etc/UTC], buildStartDate=2025-02-14T23:43:24.860457211Z[Etc/UTC], buildCompletionDate=2025-02-14T23:43:26.809353681Z[Etc/UTC], estimatedCompletionDate=2025-02-14T23:43:46.860451490Z[Etc/UTC], estimatedDuration=22], buildConfig=BuildConfig[buildScript=#!/bin/bash
cd /var/tmp/testing-dir
chmod +x ./gradlew
./gradlew clean test
, dockerImage=dummy-docker-image:latest, commitHashToBuild=9690714a509af0a98c6790a7e52ee3574c7ef689, assignmentCommitHash=9690714a509af0a98c6790a7e52ee3574c7ef689, testCommitHash=9690714a509af0a98c6790a7e52ee3574c7ef689, branch=main, programmingLanguage=JAVA, projectType=PLAIN_GRADLE, scaEnabled=false, sequentialTestRunsEnabled=false, resultPaths=[/var/tmp/testing-dir/**/test-results/test/*.xml], timeoutSeconds=0, assignmentCheckoutPath=null, testCheckoutPath=null, solutionCheckoutPath=null, dockerRunConfig=null], submissionResult=null]], publicSshKey=ssh-rsa AAAAB3NzaC1yc2EAAAADAQABAAACAQCOPdMsxRE2jFJ/UEa5/LsBxtwzJcrh3/rYBCQvcMeVpiRfhzQPWu7mrt/G2Ew+i+vRloGH9aqKg6dd1liRncao53Zmd/ePxoatXePNhmzTfkCkcSkTUz7B+QMjkoDDV5jwuFPD6mF3JkhuzSi64n9Zy905t4w2IhVcjM2mL3eYNjiCXt6Qpq3Pkt7dM/Ksw1nxnvuiIALuJLB3FTkXkHqq3PJav+9HSq2r6ZaWgekneaGxlQlb+U+Vy3XOuArKAzK8c8i+0bR+AHiTG6ncYXt7ax3U+TdlDTF7OLP3umwaYjs1NBXOHwG42pevvpKn2fqavZZozk+M05jXLx3bq0O7itxfErWc7etky8qYPyyIMF/txQIVLd78+Ze4d7Y60t5MGbXM5cGE6fFif5fEJwgswXD+BrG0cafz1CTatjSKFdvp8Vp4VszXhHDan1PrP6JEFJ5Cc5GDmLRZPCFa3vL9f5qXgf4bkqKN8MYeEujwJE5nMRWoiJVNakix2bcrrneQMBlnYeYZVWXXXUusAQBzl4NgddC1umZpihZkL1b1MffZAUW3EGEXi7KHnllQhkTLLsQ8ntMgbylqaJKStqaXlLvdeRJcEnUuiFCrHEVVbXRFZR7XVDZ02CE5o3MuaRPty8Kh+jRTF3COlAckHwYEJCNNJvXFgb2CNXL4mjzYDw== test@localhost]
    23:43:26.912 | 566 localvc.event-13 | DEBUG | s.l.LocalCIWebsocketMessagingService : Sending message on topic /topic/admin/build-agents: [BuildAgentInformation[buildAgent=BuildAgentDTO[name=artemis-build-agent-test, memberAddress=[127.0.0.1]:5703, displayName=artemis-build-agent-test], maxNumberOfConcurrentBuildJobs=1, numberOfCurrentBuildJobs=1, runningBuildJobs=[BuildJobQueueItem[id=5061739576605250, name=SHORT62C808EE04ECE040740AF7B0CF3AE5F5BEF2TSTEXC-LOCALCIINTSTUDENT1, buildAgent=BuildAgentDTO[name=artemis-build-agent-test, memberAddress=[127.0.0.1]:5703, displayName=artemis-build-agent-test], participationId=506, courseId=162, exerciseId=313, retryCount=0, priority=2, status=null, repositoryInfo=RepositoryInfo[repositoryName=short62c808ee04ece040740af7b0cf3ae5f5bef2tstexc-localciintstudent1, repositoryType=user, triggeredByPushTo=user, assignmentRepositoryUri=, testRepositoryUri=, solutionRepositoryUri=, auxiliaryRepositoryUris=null, auxiliaryRepositoryCheckoutDirectories=null], jobTimingInfo=JobTimingInfo[submissionDate=2025-02-14T23:43:25.250749866Z[Etc/UTC], buildStartDate=2025-02-14T23:43:26.820713075Z[Etc/UTC], buildCompletionDate=null, estimatedCompletionDate=2025-02-14T23:43:45.820704920Z[Etc/UTC], estimatedDuration=19], buildConfig=BuildConfig[buildScript=, dockerImage=, commitHashToBuild=993b6f756e3e52a44d0537d4fa3a5d0e0acdbe89, assignmentCommitHash=, testCommitHash=, branch=, programmingLanguage=null, projectType=null, scaEnabled=false, sequentialTestRunsEnabled=false, resultPaths=null, timeoutSeconds=0, assignmentCheckoutPath=, testCheckoutPath=, solutionCheckoutPath=, dockerRunConfig=null], submissionResult=null]], status=ACTIVE, recentBuildJobs=null, publicSshKey=null]]
    23:43:26.913 | 566 localvc.event-13 | DEBUG | s.l.LocalCIWebsocketMessagingService : Sending message on topic /topic/admin/build-agent/artemis-build-agent-test: BuildAgentInformation[buildAgent=BuildAgentDTO[name=artemis-build-agent-test, memberAddress=[127.0.0.1]:5703, displayName=artemis-build-agent-test], maxNumberOfConcurrentBuildJobs=1, numberOfCurrentBuildJobs=1, runningBuildJobs=[BuildJobQueueItem[id=5061739576605250, name=SHORT62C808EE04ECE040740AF7B0CF3AE5F5BEF2TSTEXC-LOCALCIINTSTUDENT1, buildAgent=BuildAgentDTO[name=artemis-build-agent-test, memberAddress=[127.0.0.1]:5703, displayName=artemis-build-agent-test], participationId=506, courseId=162, exerciseId=313, retryCount=0, priority=2, status=null, repositoryInfo=RepositoryInfo[repositoryName=short62c808ee04ece040740af7b0cf3ae5f5bef2tstexc-localciintstudent1, repositoryType=user, triggeredByPushTo=user, assignmentRepositoryUri=http://localhost:49152/git/SHORT62C808EE04ECE040740AF7B0CF3AE5F5BEF2TSTEXC/short62c808ee04ece040740af7b0cf3ae5f5bef2tstexc-localciintstudent1.git, testRepositoryUri=http://localhost:49152/git/SHORT62C808EE04ECE040740AF7B0CF3AE5F5BEF2TSTEXC/short62c808ee04ece040740af7b0cf3ae5f5bef2tstexc-tests.git, solutionRepositoryUri=null, auxiliaryRepositoryUris=[Ljava.lang.String;@4c0485a1, auxiliaryRepositoryCheckoutDirectories=[Ljava.lang.String;@6631f6bb], jobTimingInfo=JobTimingInfo[submissionDate=2025-02-14T23:43:25.250749866Z[Etc/UTC], buildStartDate=2025-02-14T23:43:26.820713075Z[Etc/UTC], buildCompletionDate=null, estimatedCompletionDate=2025-02-14T23:43:45.820704920Z[Etc/UTC], estimatedDuration=19], buildConfig=BuildConfig[buildScript=#!/bin/bash
cd /var/tmp/testing-dir
chmod +x ./gradlew
./gradlew clean test
, dockerImage=dummy-docker-image:latest, commitHashToBuild=993b6f756e3e52a44d0537d4fa3a5d0e0acdbe89, assignmentCommitHash=993b6f756e3e52a44d0537d4fa3a5d0e0acdbe89, testCommitHash=993b6f756e3e52a44d0537d4fa3a5d0e0acdbe89, branch=main, programmingLanguage=JAVA, projectType=null, scaEnabled=false, sequentialTestRunsEnabled=false, resultPaths=[/var/tmp/testing-dir/**/test-results/test/*.xml], timeoutSeconds=0, assignmentCheckoutPath=null, testCheckoutPath=null, solutionCheckoutPath=null, dockerRunConfig=null], submissionResult=null]], status=ACTIVE, recentBuildJobs=[BuildJobQueueItem[id=4621739576562326, name=SHORT43ACF76B02BC1044B80938509D14043FABDETSTEXC-LOCALCIINTSTUDENT1, buildAgent=BuildAgentDTO[name=artemis-build-agent-test, memberAddress=[127.0.0.1]:5703, displayName=artemis-build-agent-test], participationId=462, courseId=147, exerciseId=298, retryCount=0, priority=2, status=SUCCESSFUL, repositoryInfo=RepositoryInfo[repositoryName=short43acf76b02bc1044b80938509d14043fabdetstexc-localciintstudent1, repositoryType=user, triggeredByPushTo=user, assignmentRepositoryUri=http://localhost:49152/git/SHORT43ACF76B02BC1044B80938509D14043FABDETSTEXC/short43acf76b02bc1044b80938509d14043fabdetstexc-localciintstudent1.git, testRepositoryUri=http://localhost:49152/git/SHORT43ACF76B02BC1044B80938509D14043FABDETSTEXC/short43acf76b02bc1044b80938509d14043fabdetstexc-tests.git, solutionRepositoryUri=null, auxiliaryRepositoryUris=[Ljava.lang.String;@2576a6cf, auxiliaryRepositoryCheckoutDirectories=[Ljava.lang.String;@78dc6692], jobTimingInfo=JobTimingInfo[submissionDate=2025-02-14T23:42:42.326978596Z[Etc/UTC], buildStartDate=2025-02-14T23:42:42.420147010Z[Etc/UTC], buildCompletionDate=2025-02-14T23:42:45.573855829Z[Etc/UTC], estimatedCompletionDate=2025-02-14T23:43:01.420129377Z[Etc/UTC], estimatedDuration=19], buildConfig=BuildConfig[buildScript=#!/bin/bash
cd /var/tmp/testing-dir
chmod +x ./gradlew
./gradlew clean test
, dockerImage=dummy-docker-image:latest, commitHashToBuild=a9c717ccf7bcbe9531d3eee21dbaeb5aab2ff971, assignmentCommitHash=a9c717ccf7bcbe9531d3eee21dbaeb5aab2ff971, testCommitHash=a9c717ccf7bcbe9531d3eee21dbaeb5aab2ff971, branch=main, programmingLanguage=JAVA, projectType=PLAIN_GRADLE, scaEnabled=false, sequentialTestRunsEnabled=false, resultPaths=[/var/tmp/testing-dir/**/test-results/test/*.xml], timeoutSeconds=0, assignmentCheckoutPath=null, testCheckoutPath=null, solutionCheckoutPath=null, dockerRunConfig=DockerRunConfig[isNetworkDisabled=true, env=[key=value]]], submissionResult=ResultDTO[id=132, completionDate=2025-02-14T23:42:45.519869118Z[Etc/UTC], successful=false, score=7.7, rated=true, submission=SubmissionDTO[id=119, submitted=true, type=MANUAL, exampleSubmission=null, submissionDate=2025-02-14T23:42:42.302762Z, commitHash=a9c717ccf7bcbe9531d3eee21dbaeb5aab2ff971, buildFailed=false, buildArtifact=false, participation=ParticipationDTO[id=462, testRun=false, type=programming, submissionCount=null, exercise=ParticipationExerciseDTO[id=298, exerciseType=PROGRAMMING, type=programming, assessmentType=AUTOMATIC, dueDate=2025-02-16T23:42:41.553955Z, assessmentDueDate=null, maxPoints=42.0, course=CourseDTO[id=147, accuracyOfScores=1]]], submissionExerciseType=programming, isProcessing=false, buildStartDate=null, estimatedCompletionDate=null], participation=ParticipationDTO[id=462, testRun=false, type=programming, submissionCount=null, exercise=ParticipationExerciseDTO[id=298, exerciseType=PROGRAMMING, type=programming, assessmentType=AUTOMATIC, dueDate=2025-02-16T23:42:41.553955Z, assessmentDueDate=null, maxPoints=42.0, course=CourseDTO[id=147, accuracyOfScores=1]]], feedbacks=[FeedbackDTO[id=67, text=null, detailText=The exercise expects a class with the name Context in the package testpackage. You did not implement the class in the exercise., hasLongFeedbackText=false, reference=null, credits=0.0, positive=false, type=AUTOMATIC, visibility=ALWAYS, testCase=TestCaseDTO[testName=null, id=13]], FeedbackDTO[id=68, text=null, detailText=The exercise expects a class with the name Policy in the package testpackage. You did not implement the class in the exercise., hasLongFeedbackText=false, reference=null, credits=0.0, positive=false, type=AUTOMATIC, visibility=ALWAYS, testCase=TestCaseDTO[testName=null, id=14]], FeedbackDTO[id=69, text=null, detailText=The exercise expects a class with the name SortStrategy in the package testpackage. You did not implement the class in the exercise., hasLongFeedbackText=false, reference=null, credits=0.0, positive=false, type=AUTOMATIC, visibility=ALWAYS, testCase=TestCaseDTO[testName=null, id=15]], FeedbackDTO[id=70, text=null, detailText=The class 'MergeSort' does not implement the interface 'SortStrategy' as expected. Implement the interface and its methods., hasLongFeedbackText=false, reference=null, credits=0.0, positive=false, type=AUTOMATIC, visibility=ALWAYS, testCase=TestCaseDTO[testName=null, id=10]], FeedbackDTO[id=71, text=null, detailText=The exercise expects a class with the name SortStrategy in the package testpackage. You did not implement the class in the exercise., hasLongFeedbackText=false, reference=null, credits=0.0, positive=false, type=AUTOMATIC, visibility=ALWAYS, testCase=TestCaseDTO[testName=null, id=7]], FeedbackDTO[id=72, text=null, detailText=The class 'BubbleSort' does not implement the interface 'SortStrategy' as expected. Implement the interface and its methods., hasLongFeedbackText=false, reference=null, credits=0.0, positive=false, type=AUTOMATIC, visibility=ALWAYS, testCase=TestCaseDTO[testName=null, id=11]], FeedbackDTO[id=73, text=null, detailText=MergeSort does not sort correctly, hasLongFeedbackText=false, reference=null, credits=0.0, positive=false, type=AUTOMATIC, visibility=ALWAYS, testCase=TestCaseDTO[testName=null, id=16]], FeedbackDTO[id=74, text=null, detailText=The class 'Context' was not found within the submission. Make sure to implement it properly., hasLongFeedbackText=false, reference=null, credits=0.0, positive=false, type=AUTOMATIC, visibility=ALWAYS, testCase=TestCaseDTO[testName=null, id=17]], FeedbackDTO[id=75, text=null, detailText=The class 'Context' was not found within the submission. Make sure to implement it properly., hasLongFeedbackText=false, reference=null, credits=0.0, positive=false, type=AUTOMATIC, visibility=ALWAYS, testCase=TestCaseDTO[testName=null, id=18]], FeedbackDTO[id=76, text=null, detailText=The exercise expects a class with the name Policy in the package testpackage. You did not implement the class in the exercise., hasLongFeedbackText=false, reference=null, credits=0.0, positive=false, type=AUTOMATIC, visibility=ALWAYS, testCase=TestCaseDTO[testName=null, id=12]], FeedbackDTO[id=77, text=null, detailText=The exercise expects a class with the name Context in the package testpackage. You did not implement the class in the exercise., hasLongFeedbackText=false, reference=null, credits=0.0, positive=false, type=AUTOMATIC, visibility=ALWAYS, testCase=TestCaseDTO[testName=null, id=8]], FeedbackDTO[id=78, text=null, detailText=The exercise expects a class with the name Policy in the package testpackage. You did not implement the class in the exercise., hasLongFeedbackText=false, reference=null, credits=0.0, positive=false, type=AUTOMATIC, visibility=ALWAYS, testCase=TestCaseDTO[testName=null, id=9]], FeedbackDTO[id=79, text=null, detailText=null, hasLongFeedbackText=false, reference=null, credits=3.230769230769231, positive=true, type=AUTOMATIC, visibility=ALWAYS, testCase=TestCaseDTO[testName=null, id=19]]], assessmentType=AUTOMATIC, hasComplaint=null, exampleResult=null, testCaseCount=13, passedTestCaseCount=1, codeIssueCount=0]], BuildJobQueueItem[id=4651739576569330, name=SHORTB06DD3F905F4604F6E085260D83ED657A6DFTSTEXC-LOCALCIINTSTUDENT1, buildAgent=BuildAgentDTO[name=artemis-build-agent-test, memberAddress=[127.0.0.1]:5703, displayName=artemis-build-agent-test], participationId=465, courseId=148, exerciseId=299, retryCount=0, priority=2, status=SUCCESSFUL, repositoryInfo=RepositoryInfo[repositoryName=shortb06dd3f905f4604f6e085260d83ed657a6dftstexc-localciintstudent1, repositoryType=user, triggeredByPushTo=user, assignmentRepositoryUri=http://localhost:49152/git/SHORTB06DD3F905F4604F6E085260D83ED657A6DFTSTEXC/shortb06dd3f905f4604f6e085260d83ed657a6dftstexc-localciintstudent1.git, testRepositoryUri=http://localhost:49152/git/SHORTB06DD3F905F4604F6E085260D83ED657A6DFTSTEXC/shortb06dd3f905f4604f6e085260d83ed657a6dftstexc-tests.git, solutionRepositoryUri=null, auxiliaryRepositoryUris=[Ljava.lang.String;@109dcda5, auxiliaryRepositoryCheckoutDirectories=[Ljava.lang.String;@79f06523], jobTimingInfo=JobTimingInfo[submissionDate=2025-02-14T23:42:49.330093960Z[Etc/UTC], buildStartDate=2025-02-14T23:42:49.347797345Z[Etc/UTC], buildCompletionDate=2025-02-14T23:42:51.204319751Z[Etc/UTC], estimatedCompletionDate=2025-02-14T23:43:08.347788449Z[Etc/UTC], estimatedDuration=19], buildConfig=BuildConfig[buildScript=#!/bin/bash
cd /var/tmp/testing-dir
chmod +x ./gradlew
./gradlew clean test
, dockerImage=dummy-docker-image:latest, commitHashToBuild=41581fff25954d36cf07586926ee0c77d1003131, assignmentCommitHash=41581fff25954d36cf07586926ee0c77d1003131, testCommitHash=41581fff25954d36cf07586926ee0c77d1003131, branch=main, programmingLanguage=JAVA, projectType=PLAIN_GRADLE, scaEnabled=false, sequentialTestRunsEnabled=false, resultPaths=[/var/tmp/testing-dir/**/test-results/test/*.xml], timeoutSeconds=0, assignmentCheckoutPath=null, testCheckoutPath=null, solutionCheckoutPath=null, dockerRunConfig=null], submissionResult=ResultDTO[id=133, completionDate=2025-02-14T23:42:51.155372920Z[Etc/UTC], successful=false, score=7.7, rated=true, submission=SubmissionDTO[id=120, submitted=true, type=MANUAL, exampleSubmission=null, submissionDate=2025-02-14T23:42:49.321855Z, commitHash=41581fff25954d36cf07586926ee0c77d1003131, buildFailed=false, buildArtifact=false, participation=ParticipationDTO[id=465, testRun=false, type=programming, submissionCount=null, exercise=ParticipationExerciseDTO[id=299, exerciseType=PROGRAMMING, type=programming, assessmentType=AUTOMATIC, dueDate=2025-02-16T23:42:49.163661Z, assessmentDueDate=null, maxPoints=42.0, course=CourseDTO[id=148, accuracyOfScores=1]]], submissionExerciseType=programming, isProcessing=false, buildStartDate=null, estimatedCompletionDate=null], participation=ParticipationDTO[id=465, testRun=false, type=programming, submissionCount=null, exercise=ParticipationExerciseDTO[id=299, exerciseType=PROGRAMMING, type=programming, assessmentType=AUTOMATIC, dueDate=2025-02-16T23:42:49.163661Z, assessmentDueDate=null, maxPoints=42.0, course=CourseDTO[id=148, accuracyOfScores=1]]], feedbacks=[FeedbackDTO[id=80, text=null, detailText=The exercise expects a class with the name Context in the package testpackage. You did not implement the class in the exercise., hasLongFeedbackText=false, reference=null, credits=0.0, positive=false, type=AUTOMATIC, visibility=ALWAYS, testCase=TestCaseDTO[testName=null, id=26]], FeedbackDTO[id=81, text=null, detailText=The exercise expects a class with the name Policy in the package testpackage. You did not implement the class in the exercise., hasLongFeedbackText=false, reference=null, credits=0.0, positive=false, type=AUTOMATIC, visibility=ALWAYS, testCase=TestCaseDTO[testName=null, id=27]], FeedbackDTO[id=82, text=null, detailText=The exercise expects a class with the name SortStrategy in the package testpackage. You did not implement the class in the exercise., hasLongFeedbackText=false, reference=null, credits=0.0, positive=false, type=AUTOMATIC, visibility=ALWAYS, testCase=TestCaseDTO[testName=null, id=28]], FeedbackDTO[id=83, text=null, detailText=The class 'MergeSort' does not implement the interface 'SortStrategy' as expected. Implement the interface and its methods., hasLongFeedbackText=false, reference=null, credits=0.0, positive=false, type=AUTOMATIC, visibility=ALWAYS, testCase=TestCaseDTO[testName=null, id=23]], FeedbackDTO[id=84, text=null, detailText=The exercise expects a class with the name SortStrategy in the package testpackage. You did not implement the class in the exercise., hasLongFeedbackText=false, reference=null, credits=0.0, positive=false, type=AUTOMATIC, visibility=ALWAYS, testCase=TestCaseDTO[testName=null, id=20]], FeedbackDTO[id=85, text=null, detailText=The class 'BubbleSort' does not implement the interface 'SortStrategy' as expected. Implement the interface and its methods., hasLongFeedbackText=false, reference=null, credits=0.0, positive=false, type=AUTOMATIC, visibility=ALWAYS, testCase=TestCaseDTO[testName=null, id=24]], FeedbackDTO[id=86, text=null, detailText=MergeSort does not sort correctly, hasLongFeedbackText=false, reference=null, credits=0.0, positive=false, type=AUTOMATIC, visibility=ALWAYS, testCase=TestCaseDTO[testName=null, id=29]], FeedbackDTO[id=87, text=null, detailText=The class 'Context' was not found within the submission. Make sure to implement it properly., hasLongFeedbackText=false, reference=null, credits=0.0, positive=false, type=AUTOMATIC, visibility=ALWAYS, testCase=TestCaseDTO[testName=null, id=30]], FeedbackDTO[id=88, text=null, detailText=The class 'Context' was not found within the submission. Make sure to implement it properly., hasLongFeedbackText=false, reference=null, credits=0.0, positive=false, type=AUTOMATIC, visibility=ALWAYS, testCase=TestCaseDTO[testName=null, id=31]], FeedbackDTO[id=89, text=null, detailText=The exercise expects a class with the name Policy in the package testpackage. You did not implement the class in the exercise., hasLongFeedbackText=false, reference=null, credits=0.0, positive=false, type=AUTOMATIC, visibility=ALWAYS, testCase=TestCaseDTO[testName=null, id=25]], FeedbackDTO[id=90, text=null, detailText=The exercise expects a class with the name Context in the package testpackage. You did not implement the class in the exercise., hasLongFeedbackText=false, reference=null, credits=0.0, positive=false, type=AUTOMATIC, visibility=ALWAYS, testCase=TestCaseDTO[testName=null, id=21]], FeedbackDTO[id=91, text=null, detailText=The exercise expects a class with the name Policy in the package testpackage. You did not implement the class in the exercise., hasLongFeedbackText=false, reference=null, credits=0.0, positive=false, type=AUTOMATIC, visibility=ALWAYS, testCase=TestCaseDTO[testName=null, id=22]], FeedbackDTO[id=92, text=null, detailText=null, hasLongFeedbackText=false, reference=null, credits=3.230769230769231, positive=true, type=AUTOMATIC, visibility=ALWAYS, testCase=TestCaseDTO[testName=null, id=32]]], assessmentType=AUTOMATIC, hasComplaint=null, exampleResult=null, testCaseCount=13, passedTestCaseCount=1, codeIssueCount=0]], BuildJobQueueItem[id=4681739576573068, name=SHORTBCF65534040390488B0A46605F5F3776B89ATSTEXC-LOCALCIINTSTUDENT1, buildAgent=BuildAgentDTO[name=artemis-build-agent-test, memberAddress=[127.0.0.1]:5703, displayName=artemis-build-agent-test], participationId=468, courseId=149, exerciseId=300, retryCount=0, priority=2, status=SUCCESSFUL, repositoryInfo=RepositoryInfo[repositoryName=shortbcf65534040390488b0a46605f5f3776b89atstexc-localciintstudent1, repositoryType=user, triggeredByPushTo=user, assignmentRepositoryUri=http://localhost:49152/git/SHORTBCF65534040390488B0A46605F5F3776B89ATSTEXC/shortbcf65534040390488b0a46605f5f3776b89atstexc-localciintstudent1.git, testRepositoryUri=http://localhost:49152/git/SHORTBCF65534040390488B0A46605F5F3776B89ATSTEXC/shortbcf65534040390488b0a46605f5f3776b89atstexc-tests.git, solutionRepositoryUri=null, auxiliaryRepositoryUris=[Ljava.lang.String;@6920e40c, auxiliaryRepositoryCheckoutDirectories=[Ljava.lang.String;@7253f74c], jobTimingInfo=JobTimingInfo[submissionDate=2025-02-14T23:42:53.068019209Z[Etc/UTC], buildStartDate=2025-02-14T23:42:53.092867394Z[Etc/UTC], buildCompletionDate=2025-02-14T23:42:55.086950323Z[Etc/UTC], estimatedCompletionDate=2025-02-14T23:43:12.092858828Z[Etc/UTC], estimatedDuration=19], buildConfig=BuildConfig[buildScript=#!/bin/bash
cd /var/tmp/testing-dir
chmod +x ./gradlew
./gradlew clean test
, dockerImage=dummy-docker-image:latest, commitHashToBuild=2d5c0482fc77d3f5ec0841962528a43054e83170, assignmentCommitHash=2d5c0482fc77d3f5ec0841962528a43054e83170, testCommitHash=7477e25d56ce5fee2c938542a7e7ed4ed085d373, branch=main, programmingLanguage=JAVA, projectType=PLAIN_GRADLE, scaEnabled=false, sequentialTestRunsEnabled=false, resultPaths=[/var/tmp/testing-dir/**/test-results/test/*.xml], timeoutSeconds=0, assignmentCheckoutPath=null, testCheckoutPath=null, solutionCheckoutPath=null, dockerRunConfig=null], submissionResult=ResultDTO[id=134, completionDate=2025-02-14T23:42:55.059618627Z[Etc/UTC], successful=false, score=7.7, rated=true, submission=SubmissionDTO[id=121, submitted=true, type=MANUAL, exampleSubmission=null, submissionDate=2025-02-14T23:42:53.048221Z, commitHash=2d5c0482fc77d3f5ec0841962528a43054e83170, buildFailed=false, buildArtifact=false, participation=ParticipationDTO[id=468, testRun=false, type=programming, submissionCount=null, exercise=ParticipationExerciseDTO[id=300, exerciseType=PROGRAMMING, type=programming, assessmentType=AUTOMATIC, dueDate=2025-02-16T23:42:52.873722Z, assessmentDueDate=null, maxPoints=42.0, course=CourseDTO[id=149, accuracyOfScores=1]]], submissionExerciseType=programming, isProcessing=false, buildStartDate=null, estimatedCompletionDate=null], participation=ParticipationDTO[id=468, testRun=false, type=programming, submissionCount=null, exercise=ParticipationExerciseDTO[id=300, exerciseType=PROGRAMMING, type=programming, assessmentType=AUTOMATIC, dueDate=2025-02-16T23:42:52.873722Z, assessmentDueDate=null, maxPoints=42.0, course=CourseDTO[id=149, accuracyOfScores=1]]], feedbacks=[FeedbackDTO[id=93, text=null, detailText=The exercise expects a class with the name Context in the package testpackage. You did not implement the class in the exercise., hasLongFeedbackText=false, reference=null, credits=0.0, positive=false, type=AUTOMATIC, visibility=ALWAYS, testCase=TestCaseDTO[testName=null, id=39]], FeedbackDTO[id=94, text=null, detailText=The exercise expects a class with the name Policy in the package testpackage. You did not implement the class in the exercise., hasLongFeedbackText=false, reference=null, credits=0.0, positive=false, type=AUTOMATIC, visibility=ALWAYS, testCase=TestCaseDTO[testName=null, id=40]], FeedbackDTO[id=95, text=null, detailText=The exercise expects a class with the name SortStrategy in the package testpackage. You did not implement the class in the exercise., hasLongFeedbackText=false, reference=null, credits=0.0, positive=false, type=AUTOMATIC, visibility=ALWAYS, testCase=TestCaseDTO[testName=null, id=41]], FeedbackDTO[id=96, text=null, detailText=The class 'MergeSort' does not implement the interface 'SortStrategy' as expected. Implement the interface and its methods., hasLongFeedbackText=false, reference=null, credits=0.0, positive=false, type=AUTOMATIC, visibility=ALWAYS, testCase=TestCaseDTO[testName=null, id=36]], FeedbackDTO[id=97, text=null, detailText=The exercise expects a class with the name SortStrategy in the package testpackage. You did not implement the class in the exercise., hasLongFeedbackText=false, reference=null, credits=0.0, positive=false, type=AUTOMATIC, visibility=ALWAYS, testCase=TestCaseDTO[testName=null, id=33]], FeedbackDTO[id=98, text=null, detailText=The class 'BubbleSort' does not implement the interface 'SortStrategy' as expected. Implement the interface and its methods., hasLongFeedbackText=false, reference=null, credits=0.0, positive=false, type=AUTOMATIC, visibility=ALWAYS, testCase=TestCaseDTO[testName=null, id=37]], FeedbackDTO[id=99, text=null, detailText=MergeSort does not sort correctly, hasLongFeedbackText=false, reference=null, credits=0.0, positive=false, type=AUTOMATIC, visibility=ALWAYS, testCase=TestCaseDTO[testName=null, id=42]], FeedbackDTO[id=100, text=null, detailText=The class 'Context' was not found within the submission. Make sure to implement it properly., hasLongFeedbackText=false, reference=null, credits=0.0, positive=false, type=AUTOMATIC, visibility=ALWAYS, testCase=TestCaseDTO[testName=null, id=43]], FeedbackDTO[id=101, text=null, detailText=The class 'Context' was not found within the submission. Make sure to implement it properly., hasLongFeedbackText=false, reference=null, credits=0.0, positive=false, type=AUTOMATIC, visibility=ALWAYS, testCase=TestCaseDTO[testName=null, id=44]], FeedbackDTO[id=102, text=null, detailText=The exercise expects a class with the name Policy in the package testpackage. You did not implement the class in the exercise., hasLongFeedbackText=false, reference=null, credits=0.0, positive=false, type=AUTOMATIC, visibility=ALWAYS, testCase=TestCaseDTO[testName=null, id=38]], FeedbackDTO[id=103, text=null, detailText=The exercise expects a class with the name Context in the package testpackage. You did not implement the class in the exercise., hasLongFeedbackText=false, reference=null, credits=0.0, positive=false, type=AUTOMATIC, visibility=ALWAYS, testCase=TestCaseDTO[testName=null, id=34]], FeedbackDTO[id=104, text=null, detailText=The exercise expects a class with the name Policy in the package testpackage. You did not implement the class in the exercise., hasLongFeedbackText=false, reference=null, credits=0.0, positive=false, type=AUTOMATIC, visibility=ALWAYS, testCase=TestCaseDTO[testName=null, id=35]], FeedbackDTO[id=105, text=null, detailText=null, hasLongFeedbackText=false, reference=null, credits=3.230769230769231, positive=true, type=AUTOMATIC, visibility=ALWAYS, testCase=TestCaseDTO[testName=null, id=45]]], assessmentType=AUTOMATIC, hasComplaint=null, exampleResult=null, testCaseCount=13, passedTestCaseCount=1, codeIssueCount=0]], BuildJobQueueItem[id=4741739576577297, name=SHORT88A9A223023E2047B709E4A029FA08BCF2CFTSTEXC-LOCALCIINTSTUDENT1, buildAgent=BuildAgentDTO[name=artemis-build-agent-test, memberAddress=[127.0.0.1]:5703, displayName=artemis-build-agent-test], participationId=474, courseId=151, exerciseId=302, retryCount=0, priority=2, status=SUCCESSFUL, repositoryInfo=RepositoryInfo[repositoryName=short88a9a223023e2047b709e4a029fa08bcf2cftstexc-localciintstudent1, repositoryType=user, triggeredByPushTo=user, assignmentRepositoryUri=http://localhost:49152/git/SHORT88A9A223023E2047B709E4A029FA08BCF2CFTSTEXC/short88a9a223023e2047b709e4a029fa08bcf2cftstexc-localciintstudent1.git, testRepositoryUri=http://localhost:49152/git/SHORT88A9A223023E2047B709E4A029FA08BCF2CFTSTEXC/short88a9a223023e2047b709e4a029fa08bcf2cftstexc-tests.git, solutionRepositoryUri=null, auxiliaryRepositoryUris=[Ljava.lang.String;@c5dfc46, auxiliaryRepositoryCheckoutDirectories=[Ljava.lang.String;@76fe5993], jobTimingInfo=JobTimingInfo[submissionDate=2025-02-14T23:42:57.297342281Z[Etc/UTC], buildStartDate=2025-02-14T23:42:57.308570327Z[Etc/UTC], buildCompletionDate=2025-02-14T23:42:59.047616654Z[Etc/UTC], estimatedCompletionDate=2025-02-14T23:43:16.308558064Z[Etc/UTC], estimatedDuration=19], buildConfig=BuildConfig[buildScript=#!/bin/bash
cd /var/tmp/testing-dir
chmod +x ./gradlew
./gradlew clean test
, dockerImage=dummy-docker-image:latest, commitHashToBuild=736cbea1e46d6849b41266b2bf1cccd3b9ea55b1, assignmentCommitHash=736cbea1e46d6849b41266b2bf1cccd3b9ea55b1, testCommitHash=ea6267edd396a304305339b036512b63e0374c66, branch=main, programmingLanguage=JAVA, projectType=PLAIN_GRADLE, scaEnabled=false, sequentialTestRunsEnabled=false, resultPaths=[/var/tmp/testing-dir/**/test-results/test/*.xml], timeoutSeconds=0, assignmentCheckoutPath=null, testCheckoutPath=null, solutionCheckoutPath=null, dockerRunConfig=null], submissionResult=ResultDTO[id=135, completionDate=2025-02-14T23:42:59.014168821Z[Etc/UTC], successful=false, score=7.7, rated=true, submission=SubmissionDTO[id=123, submitted=true, type=MANUAL, exampleSubmission=null, submissionDate=2025-02-14T23:42:57.278471Z, commitHash=736cbea1e46d6849b41266b2bf1cccd3b9ea55b1, buildFailed=false, buildArtifact=false, participation=ParticipationDTO[id=474, testRun=false, type=programming, submissionCount=null, exercise=ParticipationExerciseDTO[id=302, exerciseType=PROGRAMMING, type=programming, assessmentType=AUTOMATIC, dueDate=2025-02-16T23:42:56.796251Z, assessmentDueDate=null, maxPoints=42.0, course=CourseDTO[id=151, accuracyOfScores=1]]], submissionExerciseType=programming, isProcessing=false, buildStartDate=null, estimatedCompletionDate=null], participation=ParticipationDTO[id=474, testRun=false, type=programming, submissionCount=null, exercise=ParticipationExerciseDTO[id=302, exerciseType=PROGRAMMING, type=programming, assessmentType=AUTOMATIC, dueDate=2025-02-16T23:42:56.796251Z, assessmentDueDate=null, maxPoints=42.0, course=CourseDTO[id=151, accuracyOfScores=1]]], feedbacks=[FeedbackDTO[id=106, text=null, detailText=The exercise expects a class with the name Context in the package testpackage. You did not implement the class in the exercise., hasLongFeedbackText=false, reference=null, credits=0.0, positive=false, type=AUTOMATIC, visibility=ALWAYS, testCase=TestCaseDTO[testName=null, id=65]], FeedbackDTO[id=107, text=null, detailText=The exercise expects a class with the name Policy in the package testpackage. You did not implement the class in the exercise., hasLongFeedbackText=false, reference=null, credits=0.0, positive=false, type=AUTOMATIC, visibility=ALWAYS, testCase=TestCaseDTO[testName=null, id=66]], FeedbackDTO[id=108, text=null, detailText=The exercise expects a class with the name SortStrategy in the package testpackage. You did not implement the class in the exercise., hasLongFeedbackText=false, reference=null, credits=0.0, positive=false, type=AUTOMATIC, visibility=ALWAYS, testCase=TestCaseDTO[testName=null, id=67]], FeedbackDTO[id=109, text=null, detailText=The class 'MergeSort' does not implement the interface 'SortStrategy' as expected. Implement the interface and its methods., hasLongFeedbackText=false, reference=null, credits=0.0, positive=false, type=AUTOMATIC, visibility=ALWAYS, testCase=TestCaseDTO[testName=null, id=62]], FeedbackDTO[id=110, text=null, detailText=The exercise expects a class with the name SortStrategy in the package testpackage. You did not implement the class in the exercise., hasLongFeedbackText=false, reference=null, credits=0.0, positive=false, type=AUTOMATIC, visibility=ALWAYS, testCase=TestCaseDTO[testName=null, id=59]], FeedbackDTO[id=111, text=null, detailText=The class 'BubbleSort' does not implement the interface 'SortStrategy' as expected. Implement the interface and its methods., hasLongFeedbackText=false, reference=null, credits=0.0, positive=false, type=AUTOMATIC, visibility=ALWAYS, testCase=TestCaseDTO[testName=null, id=63]], FeedbackDTO[id=112, text=null, detailText=MergeSort does not sort correctly, hasLongFeedbackText=false, reference=null, credits=0.0, positive=false, type=AUTOMATIC, visibility=ALWAYS, testCase=TestCaseDTO[testName=null, id=68]], FeedbackDTO[id=113, text=null, detailText=The class 'Context' was not found within the submission. Make sure to implement it properly., hasLongFeedbackText=false, reference=null, credits=0.0, positive=false, type=AUTOMATIC, visibility=ALWAYS, testCase=TestCaseDTO[testName=null, id=69]], FeedbackDTO[id=114, text=null, detailText=The class 'Context' was not found within the submission. Make sure to implement it properly., hasLongFeedbackText=false, reference=null, credits=0.0, positive=false, type=AUTOMATIC, visibility=ALWAYS, testCase=TestCaseDTO[testName=null, id=70]], FeedbackDTO[id=115, text=null, detailText=The exercise expects a class with the name Policy in the package testpackage. You did not implement the class in the exercise., hasLongFeedbackText=false, reference=null, credits=0.0, positive=false, type=AUTOMATIC, visibility=ALWAYS, testCase=TestCaseDTO[testName=null, id=64]], FeedbackDTO[id=116, text=null, detailText=The exercise expects a class with the name Context in the package testpackage. You did not implement the class in the exercise., hasLongFeedbackText=false, reference=null, credits=0.0, positive=false, type=AUTOMATIC, visibility=ALWAYS, testCase=TestCaseDTO[testName=null, id=60]], FeedbackDTO[id=117, text=null, detailText=The exercise expects a class with the name Policy in the package testpackage. You did not implement the class in the exercise., hasLongFeedbackText=false, reference=null, credits=0.0, positive=false, type=AUTOMATIC, visibility=ALWAYS, testCase=TestCaseDTO[testName=null, id=61]], FeedbackDTO[id=118, text=null, detailText=null, hasLongFeedbackText=false, reference=null, credits=3.230769230769231, positive=true, type=AUTOMATIC, visibility=ALWAYS, testCase=TestCaseDTO[testName=null, id=71]]], assessmentType=AUTOMATIC, hasComplaint=null, exampleResult=null, testCaseCount=13, passedTestCaseCount=1, codeIssueCount=0]], BuildJobQueueItem[id=4771739576580898, name=SHORT51E611E30D6B60466F0B8BA0AA97F58888C2TSTEXC-LOCALCIINTSTUDENT1, buildAgent=BuildAgentDTO[name=artemis-build-agent-test, memberAddress=[127.0.0.1]:5703, displayName=artemis-build-agent-test], participationId=477, courseId=152, exerciseId=303, retryCount=0, priority=2, status=SUCCESSFUL, repositoryInfo=RepositoryInfo[repositoryName=short51e611e30d6b60466f0b8ba0aa97f58888c2tstexc-localciintstudent1, repositoryType=user, triggeredByPushTo=user, assignmentRepositoryUri=http://localhost:49152/git/SHORT51E611E30D6B60466F0B8BA0AA97F58888C2TSTEXC/short51e611e30d6b60466f0b8ba0aa97f58888c2tstexc-localciintstudent1.git, testRepositoryUri=http://localhost:49152/git/SHORT51E611E30D6B60466F0B8BA0AA97F58888C2TSTEXC/short51e611e30d6b60466f0b8ba0aa97f58888c2tstexc-tests.git, solutionRepositoryUri=null, auxiliaryRepositoryUris=[Ljava.lang.String;@1890d3c4, auxiliaryRepositoryCheckoutDirectories=[Ljava.lang.String;@7514ae0d], jobTimingInfo=JobTimingInfo[submissionDate=2025-02-14T23:43:00.898532688Z[Etc/UTC], buildStartDate=2025-02-14T23:43:00.905733056Z[Etc/UTC], buildCompletionDate=2025-02-14T23:43:02.692768910Z[Etc/UTC], estimatedCompletionDate=2025-02-14T23:43:19.905720463Z[Etc/UTC], estimatedDuration=19], buildConfig=BuildConfig[buildScript=#!/bin/bash
cd /var/tmp/testing-dir
chmod +x ./gradlew
./gradlew clean test
, dockerImage=dummy-docker-image:latest, commitHashToBuild=8f3057cbd462f5e3de4e6ba85115f60d8dbb5aea, assignmentCommitHash=8f3057cbd462f5e3de4e6ba85115f60d8dbb5aea, testCommitHash=8f3057cbd462f5e3de4e6ba85115f60d8dbb5aea, branch=main, programmingLanguage=JAVA, projectType=PLAIN_GRADLE, scaEnabled=true, sequentialTestRunsEnabled=false, resultPaths=[/var/tmp/testing-dir/**/test-results/test/*.xml], timeoutSeconds=0, assignmentCheckoutPath=null, testCheckoutPath=null, solutionCheckoutPath=null, dockerRunConfig=null], submissionResult=ResultDTO[id=136, completionDate=2025-02-14T23:43:02.637820510Z[Etc/UTC], successful=false, score=7.7, rated=true, submission=SubmissionDTO[id=124, submitted=true, type=MANUAL, exampleSubmission=null, submissionDate=2025-02-14T23:43:00.886601Z, commitHash=8f3057cbd462f5e3de4e6ba85115f60d8dbb5aea, buildFailed=false, buildArtifact=false, participation=ParticipationDTO[id=477, testRun=false, type=programming, submissionCount=null, exercise=ParticipationExerciseDTO[id=303, exerciseType=PROGRAMMING, type=programming, assessmentType=AUTOMATIC, dueDate=2025-02-16T23:43:00.631824Z, assessmentDueDate=null, maxPoints=42.0, course=CourseDTO[id=152, accuracyOfScores=1]]], submissionExerciseType=programming, isProcessing=false, buildStartDate=null, estimatedCompletionDate=null], participation=ParticipationDTO[id=477, testRun=false, type=programming, submissionCount=null, exercise=ParticipationExerciseDTO[id=303, exerciseType=PROGRAMMING, type=programming, assessmentType=AUTOMATIC, dueDate=2025-02-16T23:43:00.631824Z, assessmentDueDate=null, maxPoints=42.0, course=CourseDTO[id=152, accuracyOfScores=1]]], feedbacks=[FeedbackDTO[id=119, text=null, detailText=The exercise expects a class with the name Context in the package testpackage. You did not implement the class in the exercise., hasLongFeedbackText=false, reference=null, credits=0.0, positive=false, type=AUTOMATIC, visibility=ALWAYS, testCase=TestCaseDTO[testName=null, id=78]], FeedbackDTO[id=120, text=null, detailText=The exercise expects a class with the name Policy in the package testpackage. You did not implement the class in the exercise., hasLongFeedbackText=false, reference=null, credits=0.0, positive=false, type=AUTOMATIC, visibility=ALWAYS, testCase=TestCaseDTO[testName=null, id=79]], FeedbackDTO[id=121, text=null, detailText=The exercise expects a class with the name SortStrategy in the package testpackage. You did not implement the class in the exercise., hasLongFeedbackText=false, reference=null, credits=0.0, positive=false, type=AUTOMATIC, visibility=ALWAYS, testCase=TestCaseDTO[testName=null, id=80]], FeedbackDTO[id=122, text=null, detailText=The class 'MergeSort' does not implement the interface 'SortStrategy' as expected. Implement the interface and its methods., hasLongFeedbackText=false, reference=null, credits=0.0, positive=false, type=AUTOMATIC, visibility=ALWAYS, testCase=TestCaseDTO[testName=null, id=75]], FeedbackDTO[id=123, text=null, detailText=The exercise expects a class with the name SortStrategy in the package testpackage. You did not implement the class in the exercise., hasLongFeedbackText=false, reference=null, credits=0.0, positive=false, type=AUTOMATIC, visibility=ALWAYS, testCase=TestCaseDTO[testName=null, id=72]], FeedbackDTO[id=124, text=null, detailText=The class 'BubbleSort' does not implement the interface 'SortStrategy' as expected. Implement the interface and its methods., hasLongFeedbackText=false, reference=null, credits=0.0, positive=false, type=AUTOMATIC, visibility=ALWAYS, testCase=TestCaseDTO[testName=null, id=76]], FeedbackDTO[id=125, text=null, detailText=MergeSort does not sort correctly, hasLongFeedbackText=false, reference=null, credits=0.0, positive=false, type=AUTOMATIC, visibility=ALWAYS, testCase=TestCaseDTO[testName=null, id=81]], FeedbackDTO[id=126, text=null, detailText=The class 'Context' was not found within the submission. Make sure to implement it properly., hasLongFeedbackText=false, reference=null, credits=0.0, positive=false, type=AUTOMATIC, visibility=ALWAYS, testCase=TestCaseDTO[testName=null, id=82]], FeedbackDTO[id=127, text=null, detailText=The class 'Context' was not found within the submission. Make sure to implement it properly., hasLongFeedbackText=false, reference=null, credits=0.0, positive=false, type=AUTOMATIC, visibility=ALWAYS, testCase=TestCaseDTO[testName=null, id=83]], FeedbackDTO[id=128, text=null, detailText=The exercise expects a class with the name Policy in the package testpackage. You did not implement the class in the exercise., hasLongFeedbackText=false, reference=null, credits=0.0, positive=false, type=AUTOMATIC, visibility=ALWAYS, testCase=TestCaseDTO[testName=null, id=77]], FeedbackDTO[id=129, text=null, detailText=The exercise expects a class with the name Context in the package testpackage. You did not implement the class in the exercise., hasLongFeedbackText=false, reference=null, credits=0.0, positive=false, type=AUTOMATIC, visibility=ALWAYS, testCase=TestCaseDTO[testName=null, id=73]], FeedbackDTO[id=130, text=null, detailText=The exercise expects a class with the name Policy in the package testpackage. You did not implement the class in the exercise., hasLongFeedbackText=false, reference=null, credits=0.0, positive=false, type=AUTOMATIC, visibility=ALWAYS, testCase=TestCaseDTO[testName=null, id=74]], FeedbackDTO[id=131, text=null, detailText=null, hasLongFeedbackText=false, reference=null, credits=3.230769230769231, positive=true, type=AUTOMATIC, visibility=ALWAYS, testCase=TestCaseDTO[testName=null, id=84]], FeedbackDTO[id=132, text=SCAFeedbackIdentifier:Bad Practice, detailText={"filePath":"src/code/Client.java","startLine":6,"endLine":6,"startColumn":1,"endColumn":26,"rule":"UnusedImports","category":"Best Practices","message":"Avoid unused imports such as 'javax.swing.JFrame'","priority":"4"}, hasLongFeedbackText=false, reference=PMD, credits=0.0, positive=false, type=AUTOMATIC, visibility=null, testCase=null], FeedbackDTO[id=133, text=SCAFeedbackIdentifier:Code Style, detailText={"filePath":"src/code/Client.java","startLine":7,"endLine":7,"startColumn":1,"endColumn":19,"rule":"DontImportJavaLang","category":"Code Style","message":"Avoid importing anything from the package java.lang","priority":"4"}, hasLongFeedbackText=false, reference=PMD, credits=0.0, positive=false, type=AUTOMATIC, visibility=null, testCase=null], FeedbackDTO[id=134, text=SCAFeedbackIdentifier:Bad Practice, detailText={"filePath":"src/code/Client.java","startLine":7,"endLine":7,"startColumn":1,"endColumn":19,"rule":"UnusedImports","category":"Best Practices","message":"Avoid unused imports such as 'java.lang'","priority":"4"}, hasLongFeedbackText=false, reference=PMD, credits=0.0, positive=false, type=AUTOMATIC, visibility=null, testCase=null], FeedbackDTO[id=135, text=SCAFeedbackIdentifier:Bad Practice, detailText={"filePath":"src/code/Client.java","startLine":73,"endLine":73,"startColumn":18,"endColumn":27,"rule":"UnusedLocalVariable","category":"Best Practices","message":"Avoid unused local variables such as 'randomDate'.","priority":"3"}, hasLongFeedbackText=false, reference=PMD, credits=0.0, positive=false, type=AUTOMATIC, visibility=null, testCase=null], FeedbackDTO[id=136, text=SCAFeedbackIdentifier:Bad Practice, detailText={"filePath":"src/code/Client.java","startLine":81,"endLine":81,"startColumn":31,"endColumn":53,"rule":"UnusedPrivateMethod","category":"Best Practices","message":"Avoid unused private methods such as 'CreateRandomDatesList()'.","priority":"3"}, hasLongFeedbackText=false, reference=PMD, credits=0.0, positive=false, type=AUTOMATIC, visibility=null, testCase=null], FeedbackDTO[id=137, text=SCAFeedbackIdentifier:Potential Bugs, detailText={"filePath":"src/code/Client.java","startLine":94,"endLine":94,"startColumn":9,"endColumn":9,"rule":"EmptyStatementNotInLoop","category":"Error Prone","message":"An empty statement (semicolon) not part of a loop","priority":"3"}, hasLongFeedbackText=false, reference=PMD, credits=0.0, positive=false, type=AUTOMATIC, visibility=null, testCase=null], FeedbackDTO[id=138, text=SCAFeedbackIdentifier:Potential Bugs, detailText={"filePath":"src/code/Client.java","startLine":94,"endLine":94,"startColumn":10,"endColumn":10,"rule":"EmptyStatementNotInLoop","category":"Error Prone","message":"An empty statement (semicolon) not part of a loop","priority":"3"}, hasLongFeedbackText=false, reference=PMD, credits=0.0, positive=false, type=AUTOMATIC, visibility=null, testCase=null], FeedbackDTO[id=139, text=SCAFeedbackIdentifier:Potential Bugs, detailText={"filePath":"src/code/Client.java","startLine":94,"endLine":94,"startColumn":11,"endColumn":11,"rule":"EmptyStatementNotInLoop","category":"Error Prone","message":"An empty statement (semicolon) not part of a loop","priority":"3"}, hasLongFeedbackText=false, reference=PMD, credits=0.0, positive=false, type=AUTOMATIC, visibility=null, testCase=null], FeedbackDTO[id=140, text=SCAFeedbackIdentifier:Code Style, detailText={"filePath":"src/code/Client.java","startLine":73,"endLine":73,"rule":"DLS_DEAD_LOCAL_STORE","category":"STYLE","message":"Dead store to randomDate in code.Client.createRandomDatesList()","priority":"2"}, hasLongFeedbackText=false, reference=SPOTBUGS, credits=0.0, positive=false, type=AUTOMATIC, visibility=null, testCase=null], FeedbackDTO[id=141, text=SCAFeedbackIdentifier:Bad Practice, detailText={"filePath":"src/code/Client.java","startLine":82,"endLine":95,"rule":"NM_METHOD_NAMING_CONVENTION","category":"BAD_PRACTICE","message":"The method name code.Client.CreateRandomDatesList() doesn't start with a lower case letter","priority":"3"}, hasLongFeedbackText=false, reference=SPOTBUGS, credits=0.0, positive=false, type=AUTOMATIC, visibility=null, testCase=null], FeedbackDTO[id=142, text=SCAFeedbackIdentifier:Performance, detailText={"filePath":"src/code/Client.java","startLine":82,"endLine":95,"rule":"UPM_UNCALLED_PRIVATE_METHOD","category":"PERFORMANCE","message":"Private method code.Client.CreateRandomDatesList() is never called","priority":"2"}, hasLongFeedbackText=false, reference=SPOTBUGS, credits=0.0, positive=false, type=AUTOMATIC, visibility=null, testCase=null], FeedbackDTO[id=143, text=SCAFeedbackIdentifier:Code Style, detailText={"filePath":"src/code/Client.java","startLine":70,"endLine":70,"startColumn":9,"endColumn":9,"rule":"NeedBracesCheck","category":"blocks","message":"'for' construct must use '{}'s.","priority":"error"}, hasLongFeedbackText=false, reference=CHECKSTYLE, credits=0.0, positive=false, type=AUTOMATIC, visibility=null, testCase=null], FeedbackDTO[id=144, text=SCAFeedbackIdentifier:Code Style, detailText={"filePath":"src/code/Client.java","startLine":93,"endLine":93,"startColumn":9,"endColumn":9,"rule":"EmptyStatementCheck","category":"coding","message":"Empty statement.","priority":"error"}, hasLongFeedbackText=false, reference=CHECKSTYLE, credits=0.0, positive=false, type=AUTOMATIC, visibility=null, testCase=null], FeedbackDTO[id=145, text=SCAFeedbackIdentifier:Code Style, detailText={"filePath":"src/code/Client.java","startLine":93,"endLine":93,"startColumn":10,"endColumn":10,"rule":"EmptyStatementCheck","category":"coding","message":"Empty statement.","priority":"error"}, hasLongFeedbackText=false, reference=CHECKSTYLE, credits=0.0, positive=false, type=AUTOMATIC, visibility=null, testCase=null], FeedbackDTO[id=146, text=SCAFeedbackIdentifier:Code Style, detailText={"filePath":"src/code/Client.java","startLine":93,"endLine":93,"startColumn":11,"endColumn":11,"rule":"EmptyStatementCheck","category":"coding","message":"Empty statement.","priority":"error"}, hasLongFeedbackText=false, reference=CHECKSTYLE, credits=0.0, positive=false, type=AUTOMATIC, visibility=null, testCase=null]], assessmentType=AUTOMATIC, hasComplaint=null, exampleResult=null, testCaseCount=13, passedTestCaseCount=1, codeIssueCount=15]], BuildJobQueueItem[id=4821739576584632, name=SHORT433BAC4500363044960B6E10DFA0493471B2TSTEXC-LOCALCIINTSTUDENT1, buildAgent=BuildAgentDTO[name=artemis-build-agent-test, memberAddress=[127.0.0.1]:5703, displayName=artemis-build-agent-test], participationId=482, courseId=154, exerciseId=305, retryCount=0, priority=2, status=SUCCESSFUL, repositoryInfo=RepositoryInfo[repositoryName=short433bac4500363044960b6e10dfa0493471b2tstexc-localciintstudent1, repositoryType=user, triggeredByPushTo=user, assignmentRepositoryUri=http://localhost:49152/git/SHORT433BAC4500363044960B6E10DFA0493471B2TSTEXC/short433bac4500363044960b6e10dfa0493471b2tstexc-localciintstudent1.git, testRepositoryUri=http://localhost:49152/git/SHORT433BAC4500363044960B6E10DFA0493471B2TSTEXC/short433bac4500363044960b6e10dfa0493471b2tstexc-tests.git, solutionRepositoryUri=null, auxiliaryRepositoryUris=[Ljava.lang.String;@1648d325, auxiliaryRepositoryCheckoutDirectories=[Ljava.lang.String;@12fe32be], jobTimingInfo=JobTimingInfo[submissionDate=2025-02-14T23:43:04.632341258Z[Etc/UTC], buildStartDate=2025-02-14T23:43:04.637633457Z[Etc/UTC], buildCompletionDate=2025-02-14T23:43:06.421238953Z[Etc/UTC], estimatedCompletionDate=2025-02-14T23:43:23.637623879Z[Etc/UTC], estimatedDuration=19], buildConfig=BuildConfig[buildScript=#!/bin/bash
cd /var/tmp/testing-dir
chmod +x ./gradlew
./gradlew clean test
, dockerImage=dummy-docker-image:latest, commitHashToBuild=8355c4f3cd5d3e0443707d3310206e460e333c6f, assignmentCommitHash=8355c4f3cd5d3e0443707d3310206e460e333c6f, testCommitHash=8355c4f3cd5d3e0443707d3310206e460e333c6f, branch=main, programmingLanguage=JAVA, projectType=PLAIN_GRADLE, scaEnabled=false, sequentialTestRunsEnabled=false, resultPaths=[/var/tmp/testing-dir/**/test-results/test/*.xml], timeoutSeconds=0, assignmentCheckoutPath=null, testCheckoutPath=null, solutionCheckoutPath=null, dockerRunConfig=null], submissionResult=ResultDTO[id=137, completionDate=2025-02-14T23:43:06.404877412Z[Etc/UTC], successful=false, score=7.7, rated=true, submission=SubmissionDTO[id=125, submitted=true, type=MANUAL, exampleSubmission=null, submissionDate=2025-02-14T23:43:04.623230Z, commitHash=8355c4f3cd5d3e0443707d3310206e460e333c6f, buildFailed=false, buildArtifact=false, participation=ParticipationDTO[id=482, testRun=false, type=programming, submissionCount=null, exercise=ParticipationExerciseDTO[id=305, exerciseType=PROGRAMMING, type=programming, assessmentType=AUTOMATIC, dueDate=2025-02-16T23:43:04.425734Z, assessmentDueDate=null, maxPoints=42.0, course=CourseDTO[id=154, accuracyOfScores=1]]], submissionExerciseType=programming, isProcessing=false, buildStartDate=null, estimatedCompletionDate=null], participation=ParticipationDTO[id=482, testRun=false, type=programming, submissionCount=null, exercise=ParticipationExerciseDTO[id=305, exerciseType=PROGRAMMING, type=programming, assessmentType=AUTOMATIC, dueDate=2025-02-16T23:43:04.425734Z, assessmentDueDate=null, maxPoints=42.0, course=CourseDTO[id=154, accuracyOfScores=1]]], feedbacks=[FeedbackDTO[id=147, text=null, detailText=The exercise expects a class with the name Context in the package testpackage. You did not implement the class in the exercise., hasLongFeedbackText=false, reference=null, credits=0.0, positive=false, type=AUTOMATIC, visibility=ALWAYS, testCase=TestCaseDTO[testName=null, id=104]], FeedbackDTO[id=148, text=null, detailText=The exercise expects a class with the name Policy in the package testpackage. You did not implement the class in the exercise., hasLongFeedbackText=false, reference=null, credits=0.0, positive=false, type=AUTOMATIC, visibility=ALWAYS, testCase=TestCaseDTO[testName=null, id=105]], FeedbackDTO[id=149, text=null, detailText=The exercise expects a class with the name SortStrategy in the package testpackage. You did not implement the class in the exercise., hasLongFeedbackText=false, reference=null, credits=0.0, positive=false, type=AUTOMATIC, visibility=ALWAYS, testCase=TestCaseDTO[testName=null, id=106]], FeedbackDTO[id=150, text=null, detailText=The class 'MergeSort' does not implement the interface 'SortStrategy' as expected. Implement the interface and its methods., hasLongFeedbackText=false, reference=null, credits=0.0, positive=false, type=AUTOMATIC, visibility=ALWAYS, testCase=TestCaseDTO[testName=null, id=101]], FeedbackDTO[id=151, text=null, detailText=The exercise expects a class with the name SortStrategy in the package testpackage. You did not implement the class in the exercise., hasLongFeedbackText=false, reference=null, credits=0.0, positive=false, type=AUTOMATIC, visibility=ALWAYS, testCase=TestCaseDTO[testName=null, id=98]], FeedbackDTO[id=152, text=null, detailText=The class 'BubbleSort' does not implement the interface 'SortStrategy' as expected. Implement the interface and its methods., hasLongFeedbackText=false, reference=null, credits=0.0, positive=false, type=AUTOMATIC, visibility=ALWAYS, testCase=TestCaseDTO[testName=null, id=102]], FeedbackDTO[id=153, text=null, detailText=MergeSort does not sort correctly, hasLongFeedbackText=false, reference=null, credits=0.0, positive=false, type=AUTOMATIC, visibility=ALWAYS, testCase=TestCaseDTO[testName=null, id=107]], FeedbackDTO[id=154, text=null, detailText=The class 'Context' was not found within the submission. Make sure to implement it properly., hasLongFeedbackText=false, reference=null, credits=0.0, positive=false, type=AUTOMATIC, visibility=ALWAYS, testCase=TestCaseDTO[testName=null, id=108]], FeedbackDTO[id=155, text=null, detailText=The class 'Context' was not found within the submission. Make sure to implement it properly., hasLongFeedbackText=false, reference=null, credits=0.0, positive=false, type=AUTOMATIC, visibility=ALWAYS, testCase=TestCaseDTO[testName=null, id=109]], FeedbackDTO[id=156, text=null, detailText=The exercise expects a class with the name Policy in the package testpackage. You did not implement the class in the exercise., hasLongFeedbackText=false, reference=null, credits=0.0, positive=false, type=AUTOMATIC, visibility=ALWAYS, testCase=TestCaseDTO[testName=null, id=103]], FeedbackDTO[id=157, text=null, detailText=The exercise expects a class with the name Context in the package testpackage. You did not implement the class in the exercise., hasLongFeedbackText=false, reference=null, credits=0.0, positive=false, type=AUTOMATIC, visibility=ALWAYS, testCase=TestCaseDTO[testName=null, id=99]], FeedbackDTO[id=158, text=null, detailText=The exercise expects a class with the name Policy in the package testpackage. You did not implement the class in the exercise., hasLongFeedbackText=false, reference=null, credits=0.0, positive=false, type=AUTOMATIC, visibility=ALWAYS, testCase=TestCaseDTO[testName=null, id=100]], FeedbackDTO[id=159, text=null, detailText=null, hasLongFeedbackText=false, reference=null, credits=3.230769230769231, positive=true, type=AUTOMATIC, visibility=ALWAYS, testCase=TestCaseDTO[testName=null, id=110]]], assessmentType=AUTOMATIC, hasComplaint=null, exampleResult=null, testCaseCount=13, passedTestCaseCount=1, codeIssueCount=0]], BuildJobQueueItem[id=4851739576588371, name=SHORT495D587A0856D04A9E08BC60D2E08365FB9ETSTEXC-LOCALCIINTSTUDENT1, buildAgent=BuildAgentDTO[name=artemis-build-agent-test, memberAddress=[127.0.0.1]:5703, displayName=artemis-build-agent-test], participationId=485, courseId=155, exerciseId=306, retryCount=0, priority=2, status=FAILED, repositoryInfo=RepositoryInfo[repositoryName=short495d587a0856d04a9e08bc60d2e08365fb9etstexc-localciintstudent1, repositoryType=user, triggeredByPushTo=user, assignmentRepositoryUri=http://localhost:49152/git/SHORT495D587A0856D04A9E08BC60D2E08365FB9ETSTEXC/short495d587a0856d04a9e08bc60d2e08365fb9etstexc-localciintstudent1.git, testRepositoryUri=http://localhost:49152/git/SHORT495D587A0856D04A9E08BC60D2E08365FB9ETSTEXC/short495d587a0856d04a9e08bc60d2e08365fb9etstexc-tests.git, solutionRepositoryUri=null, auxiliaryRepositoryUris=[Ljava.lang.String;@c6ecdd6, auxiliaryRepositoryCheckoutDirectories=[Ljava.lang.String;@5cda7e90], jobTimingInfo=JobTimingInfo[submissionDate=2025-02-14T23:43:08.371015915Z[Etc/UTC], buildStartDate=2025-02-14T23:43:08.374658929Z[Etc/UTC], buildCompletionDate=2025-02-14T23:43:09.341007666Z[Etc/UTC], estimatedCompletionDate=2025-02-14T23:43:27.374650503Z[Etc/UTC], estimatedDuration=19], buildConfig=BuildConfig[buildScript=#!/bin/bash
cd /var/tmp/testing-dir
chmod +x ./gradlew
./gradlew clean test
, dockerImage=dummy-docker-image:latest, commitHashToBuild=ebb8aa4dc3625fe07e975266e18313ad871ce864, assignmentCommitHash=9b3a9bd71a0d80e5bbc42204c319ed3d1d4f0d6d, testCommitHash=9b3a9bd71a0d80e5bbc42204c319ed3d1d4f0d6d, branch=main, programmingLanguage=JAVA, projectType=PLAIN_GRADLE, scaEnabled=false, sequentialTestRunsEnabled=false, resultPaths=[/var/tmp/testing-dir/**/test-results/test/*.xml], timeoutSeconds=0, assignmentCheckoutPath=null, testCheckoutPath=null, solutionCheckoutPath=null, dockerRunConfig=null], submissionResult=ResultDTO[id=138, completionDate=2025-02-14T23:43:09.343306574Z[Etc/UTC], successful=false, score=0.0, rated=true, submission=SubmissionDTO[id=127, submitted=true, type=MANUAL, exampleSubmission=null, submissionDate=2025-02-14T23:43:09.343306574Z[Etc/UTC], commitHash=9b3a9bd71a0d80e5bbc42204c319ed3d1d4f0d6d, buildFailed=true, buildArtifact=false, participation=ParticipationDTO[id=485, testRun=false, type=programming, submissionCount=null, exercise=ParticipationExerciseDTO[id=306, exerciseType=PROGRAMMING, type=programming, assessmentType=AUTOMATIC, dueDate=2025-02-16T23:43:08.185273Z, assessmentDueDate=null, maxPoints=42.0, course=CourseDTO[id=155, accuracyOfScores=1]]], submissionExerciseType=programming, isProcessing=false, buildStartDate=null, estimatedCompletionDate=null], participation=ParticipationDTO[id=485, testRun=false, type=programming, submissionCount=null, exercise=ParticipationExerciseDTO[id=306, exerciseType=PROGRAMMING, type=programming, assessmentType=AUTOMATIC, dueDate=2025-02-16T23:43:08.185273Z, assessmentDueDate=null, maxPoints=42.0, course=CourseDTO[id=155, accuracyOfScores=1]]], feedbacks=[], assessmentType=AUTOMATIC, hasComplaint=null, exampleResult=null, testCaseCount=0, passedTestCaseCount=0, codeIssueCount=0]], BuildJobQueueItem[id=4881739576590204, name=SHORT80B5DD0E0D6B304EBB096E9020B949996A1CTSTEXC-LOCALCIINTSTUDENT1, buildAgent=BuildAgentDTO[name=artemis-build-agent-test, memberAddress=[127.0.0.1]:5703, displayName=artemis-build-agent-test], participationId=488, courseId=156, exerciseId=307, retryCount=0, priority=2, status=SUCCESSFUL, repositoryInfo=RepositoryInfo[repositoryName=short80b5dd0e0d6b304ebb096e9020b949996a1ctstexc-localciintstudent1, repositoryType=user, triggeredByPushTo=user, assignmentRepositoryUri=http://localhost:49152/git/SHORT80B5DD0E0D6B304EBB096E9020B949996A1CTSTEXC/short80b5dd0e0d6b304ebb096e9020b949996a1ctstexc-localciintstudent1.git, testRepositoryUri=http://localhost:49152/git/SHORT80B5DD0E0D6B304EBB096E9020B949996A1CTSTEXC/short80b5dd0e0d6b304ebb096e9020b949996a1ctstexc-tests.git, solutionRepositoryUri=null, auxiliaryRepositoryUris=[Ljava.lang.String;@cdb5fd5, auxiliaryRepositoryCheckoutDirectories=[Ljava.lang.String;@6f53e732], jobTimingInfo=JobTimingInfo[submissionDate=2025-02-14T23:43:10.204264160Z[Etc/UTC], buildStartDate=2025-02-14T23:43:10.223149139Z[Etc/UTC], buildCompletionDate=2025-02-14T23:43:12.086509109Z[Etc/UTC], estimatedCompletionDate=2025-02-14T23:43:29.223142246Z[Etc/UTC], estimatedDuration=19], buildConfig=BuildConfig[buildScript=#!/bin/bash
cd /var/tmp/testing-dir
chmod +x ./gradlew
./gradlew clean test
, dockerImage=dummy-docker-image:latest, commitHashToBuild=b806a93102242552beed7c01b08b2769731814b3, assignmentCommitHash=b806a93102242552beed7c01b08b2769731814b3, testCommitHash=b806a93102242552beed7c01b08b2769731814b3, branch=main, programmingLanguage=JAVA, projectType=PLAIN_GRADLE, scaEnabled=false, sequentialTestRunsEnabled=false, resultPaths=[/var/tmp/testing-dir/**/test-results/test/*.xml], timeoutSeconds=0, assignmentCheckoutPath=null, testCheckoutPath=null, solutionCheckoutPath=null, dockerRunConfig=null], submissionResult=ResultDTO[id=139, completionDate=2025-02-14T23:43:12.066436124Z[Etc/UTC], successful=false, score=0.0, rated=true, submission=SubmissionDTO[id=128, submitted=true, type=MANUAL, exampleSubmission=null, submissionDate=2025-02-14T23:43:10.192407Z, commitHash=b806a93102242552beed7c01b08b2769731814b3, buildFailed=true, buildArtifact=false, participation=ParticipationDTO[id=488, testRun=false, type=programming, submissionCount=null, exercise=ParticipationExerciseDTO[id=307, exerciseType=PROGRAMMING, type=programming, assessmentType=AUTOMATIC, dueDate=2025-02-16T23:43:09.986646Z, assessmentDueDate=null, maxPoints=42.0, course=CourseDTO[id=156, accuracyOfScores=1]]], submissionExerciseType=programming, isProcessing=false, buildStartDate=null, estimatedCompletionDate=null], participation=ParticipationDTO[id=488, testRun=false, type=programming, submissionCount=null, exercise=ParticipationExerciseDTO[id=307, exerciseType=PROGRAMMING, type=programming, assessmentType=AUTOMATIC, dueDate=2025-02-16T23:43:09.986646Z, assessmentDueDate=null, maxPoints=42.0, course=CourseDTO[id=156, accuracyOfScores=1]]], feedbacks=[], assessmentType=AUTOMATIC, hasComplaint=null, exampleResult=null, testCaseCount=0, passedTestCaseCount=0, codeIssueCount=0]], BuildJobQueueItem[id=4911739576593817, name=SHORT585B2198089880462509B3007867E72DFB7ATSTEXC-LOCALCIINTSTUDENT1, buildAgent=BuildAgentDTO[name=artemis-build-agent-test, memberAddress=[127.0.0.1]:5703, displayName=artemis-build-agent-test], participationId=491, courseId=157, exerciseId=308, retryCount=0, priority=2, status=SUCCESSFUL, repositoryInfo=RepositoryInfo[repositoryName=short585b2198089880462509b3007867e72dfb7atstexc-localciintstudent1, repositoryType=user, triggeredByPushTo=user, assignmentRepositoryUri=http://localhost:49152/git/SHORT585B2198089880462509B3007867E72DFB7ATSTEXC/short585b2198089880462509b3007867e72dfb7atstexc-localciintstudent1.git, testRepositoryUri=http://localhost:49152/git/SHORT585B2198089880462509B3007867E72DFB7ATSTEXC/short585b2198089880462509b3007867e72dfb7atstexc-tests.git, solutionRepositoryUri=null, auxiliaryRepositoryUris=[Ljava.lang.String;@15a99773, auxiliaryRepositoryCheckoutDirectories=[Ljava.lang.String;@1a0855a8], jobTimingInfo=JobTimingInfo[submissionDate=2025-02-14T23:43:13.817124706Z[Etc/UTC], buildStartDate=2025-02-14T23:43:13.834335931Z[Etc/UTC], buildCompletionDate=2025-02-14T23:43:15.746259139Z[Etc/UTC], estimatedCompletionDate=2025-02-14T23:43:32.834326082Z[Etc/UTC], estimatedDuration=19], buildConfig=BuildConfig[buildScript=#!/bin/bash
cd /var/tmp/testing-dir
chmod +x ./gradlew
./gradlew clean test
, dockerImage=dummy-docker-image:latest, commitHashToBuild=42077d078a5d5042fe2d4bd8299a990d342fce6e, assignmentCommitHash=42077d078a5d5042fe2d4bd8299a990d342fce6e, testCommitHash=42077d078a5d5042fe2d4bd8299a990d342fce6e, branch=main, programmingLanguage=JAVA, projectType=PLAIN_GRADLE, scaEnabled=false, sequentialTestRunsEnabled=false, resultPaths=[/var/tmp/testing-dir/**/test-results/test/*.xml], timeoutSeconds=0, assignmentCheckoutPath=null, testCheckoutPath=null, solutionCheckoutPath=null, dockerRunConfig=null], submissionResult=ResultDTO[id=140, completionDate=2025-02-14T23:43:15.725343914Z[Etc/UTC], successful=false, score=0.0, rated=true, submission=SubmissionDTO[id=129, submitted=true, type=MANUAL, exampleSubmission=null, submissionDate=2025-02-14T23:43:13.805401Z, commitHash=42077d078a5d5042fe2d4bd8299a990d342fce6e, buildFailed=false, buildArtifact=false, participation=ParticipationDTO[id=491, testRun=false, type=programming, submissionCount=null, exercise=ParticipationExerciseDTO[id=308, exerciseType=PROGRAMMING, type=programming, assessmentType=AUTOMATIC, dueDate=2025-02-16T23:43:13.569213Z, assessmentDueDate=null, maxPoints=42.0, course=CourseDTO[id=157, accuracyOfScores=1]]], submissionExerciseType=programming, isProcessing=false, buildStartDate=null, estimatedCompletionDate=null], participation=ParticipationDTO[id=491, testRun=false, type=programming, submissionCount=null, exercise=ParticipationExerciseDTO[id=308, exerciseType=PROGRAMMING, type=programming, assessmentType=AUTOMATIC, dueDate=2025-02-16T23:43:13.569213Z, assessmentDueDate=null, maxPoints=42.0, course=CourseDTO[id=157, accuracyOfScores=1]]], feedbacks=[FeedbackDTO[id=160, text=null, detailText=Deine Einreichung enthält keine Ausgabe. (67cac2), hasLongFeedbackText=false, reference=null, credits=0.0, positive=false, type=AUTOMATIC, visibility=ALWAYS, testCase=TestCaseDTO[testName=null, id=146]], FeedbackDTO[id=161, text=null, detailText=test `add` failed on ≥ 1 cases:
(0, 0)
Your submission raised an error Failure("TODO add"), hasLongFeedbackText=false, reference=null, credits=0.0, positive=false, type=AUTOMATIC, visibility=ALWAYS, testCase=TestCaseDTO[testName=null, id=149]], FeedbackDTO[id=162, text=null, detailText=test `filter` failed on ≥ 1 cases:
(even, [1; 2; 3; 4])
Your submission raised an error Failure("TODO filter"), hasLongFeedbackText=false, reference=null, credits=0.0, positive=false, type=AUTOMATIC, visibility=ALWAYS, testCase=TestCaseDTO[testName=null, id=148]], FeedbackDTO[id=163, text=null, detailText=Test was not executed., hasLongFeedbackText=false, reference=null, credits=0.0, positive=null, type=AUTOMATIC, visibility=null, testCase=TestCaseDTO[testName=null, id=137]], FeedbackDTO[id=164, text=null, detailText=Test was not executed., hasLongFeedbackText=false, reference=null, credits=0.0, positive=null, type=AUTOMATIC, visibility=null, testCase=TestCaseDTO[testName=null, id=138]], FeedbackDTO[id=165, text=null, detailText=Test was not executed., hasLongFeedbackText=false, reference=null, credits=0.0, positive=null, type=AUTOMATIC, visibility=null, testCase=TestCaseDTO[testName=null, id=139]], FeedbackDTO[id=166, text=null, detailText=Test was not executed., hasLongFeedbackText=false, reference=null, credits=0.0, positive=null, type=AUTOMATIC, visibility=null, testCase=TestCaseDTO[testName=null, id=140]], FeedbackDTO[id=167, text=null, detailText=Test was not executed., hasLongFeedbackText=false, reference=null, credits=0.0, positive=null, type=AUTOMATIC, visibility=null, testCase=TestCaseDTO[testName=null, id=141]], FeedbackDTO[id=168, text=null, detailText=Test was not executed., hasLongFeedbackText=false, reference=null, credits=0.0, positive=null, type=AUTOMATIC, visibility=null, testCase=TestCaseDTO[testName=null, id=142]], FeedbackDTO[id=169, text=null, detailText=Test was not executed., hasLongFeedbackText=false, reference=null, credits=0.0, positive=null, type=AUTOMATIC, visibility=null, testCase=TestCaseDTO[testName=null, id=143]], FeedbackDTO[id=170, text=null, detailText=Test was not executed., hasLongFeedbackText=false, reference=null, credits=0.0, positive=null, type=AUTOMATIC, visibility=null, testCase=TestCaseDTO[testName=null, id=144]], FeedbackDTO[id=171, text=null, detailText=Test was not executed., hasLongFeedbackText=false, reference=null, credits=0.0, positive=null, type=AUTOMATIC, visibility=null, testCase=TestCaseDTO[testName=null, id=145]], FeedbackDTO[id=172, text=null, detailText=Test was not executed., hasLongFeedbackText=false, reference=null, credits=0.0, positive=null, type=AUTOMATIC, visibility=null, testCase=TestCaseDTO[testName=null, id=147]]], assessmentType=AUTOMATIC, hasComplaint=null, exampleResult=null, testCaseCount=13, passedTestCaseCount=0, codeIssueCount=0]], BuildJobQueueItem[id=4941739576597286, name=SHORTFBCBD7BF0E6EB0451A080E80FCB407DC1F12TSTEXC-LOCALCIINTSTUDENT1, buildAgent=BuildAgentDTO[name=artemis-build-agent-test, memberAddress=[127.0.0.1]:5703, displayName=artemis-build-agent-test], participationId=494, courseId=158, exerciseId=309, retryCount=0, priority=2, status=SUCCESSFUL, repositoryInfo=RepositoryInfo[repositoryName=shortfbcbd7bf0e6eb0451a080e80fcb407dc1f12tstexc-localciintstudent1, repositoryType=user, triggeredByPushTo=user, assignmentRepositoryUri=http://localhost:49152/git/SHORTFBCBD7BF0E6EB0451A080E80FCB407DC1F12TSTEXC/shortfbcbd7bf0e6eb0451a080e80fcb407dc1f12tstexc-localciintstudent1.git, testRepositoryUri=http://localhost:49152/git/SHORTFBCBD7BF0E6EB0451A080E80FCB407DC1F12TSTEXC/shortfbcbd7bf0e6eb0451a080e80fcb407dc1f12tstexc-tests.git, solutionRepositoryUri=null, auxiliaryRepositoryUris=[Ljava.lang.String;@4c7b84cb, auxiliaryRepositoryCheckoutDirectories=[Ljava.lang.String;@3ce19001], jobTimingInfo=JobTimingInfo[submissionDate=2025-02-14T23:43:17.286977233Z[Etc/UTC], buildStartDate=2025-02-14T23:43:17.293977347Z[Etc/UTC], buildCompletionDate=2025-02-14T23:43:18.740990762Z[Etc/UTC], estimatedCompletionDate=2025-02-14T23:43:36.293970494Z[Etc/UTC], estimatedDuration=19], buildConfig=BuildConfig[buildScript=#!/bin/bash
cd /var/tmp/testing-dir
chmod +x ./gradlew
./gradlew clean test
, dockerImage=dummy-docker-image:latest, commitHashToBuild=4a1af7e8a64e6505c5fc09b9f81ea41af9fcff44, assignmentCommitHash=4a1af7e8a64e6505c5fc09b9f81ea41af9fcff44, testCommitHash=4a1af7e8a64e6505c5fc09b9f81ea41af9fcff44, branch=main, programmingLanguage=JAVA, projectType=PLAIN_GRADLE, scaEnabled=false, sequentialTestRunsEnabled=false, resultPaths=[/var/tmp/testing-dir/**/test-results/test/*.xml], timeoutSeconds=0, assignmentCheckoutPath=null, testCheckoutPath=null, solutionCheckoutPath=null, dockerRunConfig=null], submissionResult=ResultDTO[id=141, completionDate=2025-02-14T23:43:18.729015138Z[Etc/UTC], successful=false, score=0.0, rated=true, submission=SubmissionDTO[id=130, submitted=true, type=MANUAL, exampleSubmission=null, submissionDate=2025-02-14T23:43:17.272936Z, commitHash=4a1af7e8a64e6505c5fc09b9f81ea41af9fcff44, buildFailed=true, buildArtifact=false, participation=ParticipationDTO[id=494, testRun=false, type=programming, submissionCount=null, exercise=ParticipationExerciseDTO[id=309, exerciseType=PROGRAMMING, type=programming, assessmentType=AUTOMATIC, dueDate=2025-02-16T23:43:17.147218Z, assessmentDueDate=null, maxPoints=42.0, course=CourseDTO[id=158, accuracyOfScores=1]]], submissionExerciseType=programming, isProcessing=false, buildStartDate=null, estimatedCompletionDate=null], participation=ParticipationDTO[id=494, testRun=false, type=programming, submissionCount=null, exercise=ParticipationExerciseDTO[id=309, exerciseType=PROGRAMMING, type=programming, assessmentType=AUTOMATIC, dueDate=2025-02-16T23:43:17.147218Z, assessmentDueDate=null, maxPoints=42.0, course=CourseDTO[id=158, accuracyOfScores=1]]], feedbacks=[], assessmentType=AUTOMATIC, hasComplaint=null, exampleResult=null, testCaseCount=0, passedTestCaseCount=0, codeIssueCount=0]], BuildJobQueueItem[id=4971739576599269, name=SHORT52AD57270517204728083260501A19D262D1TSTEXC-LOCALCIINTSTUDENT1, buildAgent=BuildAgentDTO[name=artemis-build-agent-test, memberAddress=[127.0.0.1]:5703, displayName=artemis-build-agent-test], participationId=497, courseId=159, exerciseId=310, retryCount=0, priority=2, status=SUCCESSFUL, repositoryInfo=RepositoryInfo[repositoryName=short52ad57270517204728083260501a19d262d1tstexc-localciintstudent1, repositoryType=user, triggeredByPushTo=user, assignmentRepositoryUri=http://localhost:49152/git/SHORT52AD57270517204728083260501A19D262D1TSTEXC/short52ad57270517204728083260501a19d262d1tstexc-localciintstudent1.git, testRepositoryUri=http://localhost:49152/git/SHORT52AD57270517204728083260501A19D262D1TSTEXC/short52ad57270517204728083260501a19d262d1tstexc-tests.git, solutionRepositoryUri=null, auxiliaryRepositoryUris=[Ljava.lang.String;@652a9ae1, auxiliaryRepositoryCheckoutDirectories=[Ljava.lang.String;@3dd726f9], jobTimingInfo=JobTimingInfo[submissionDate=2025-02-14T23:43:19.269997499Z[Etc/UTC], buildStartDate=2025-02-14T23:43:19.277325895Z[Etc/UTC], buildCompletionDate=2025-02-14T23:43:20.497391524Z[Etc/UTC], estimatedCompletionDate=2025-02-14T23:43:38.277310787Z[Etc/UTC], estimatedDuration=19], buildConfig=BuildConfig[buildScript=#!/bin/bash
cd /var/tmp/testing-dir
chmod +x ./gradlew
./gradlew clean test
, dockerImage=dummy-docker-image:latest, commitHashToBuild=9f4f76247a188e9a0f3516a9fbd60e829d53fb05, assignmentCommitHash=9f4f76247a188e9a0f3516a9fbd60e829d53fb05, testCommitHash=9f4f76247a188e9a0f3516a9fbd60e829d53fb05, branch=main, programmingLanguage=JAVA, projectType=PLAIN_GRADLE, scaEnabled=false, sequentialTestRunsEnabled=false, resultPaths=[/var/tmp/testing-dir/**/test-results/test/*.xml], timeoutSeconds=0, assignmentCheckoutPath=null, testCheckoutPath=null, solutionCheckoutPath=null, dockerRunConfig=null], submissionResult=ResultDTO[id=142, completionDate=2025-02-14T23:43:20.484244187Z[Etc/UTC], successful=false, score=7.7, rated=true, submission=SubmissionDTO[id=131, submitted=true, type=MANUAL, exampleSubmission=null, submissionDate=2025-02-14T23:43:19.265464Z, commitHash=9f4f76247a188e9a0f3516a9fbd60e829d53fb05, buildFailed=false, buildArtifact=false, participation=ParticipationDTO[id=497, testRun=false, type=programming, submissionCount=null, exercise=ParticipationExerciseDTO[id=310, exerciseType=PROGRAMMING, type=programming, assessmentType=AUTOMATIC, dueDate=2025-02-16T23:43:19.182228Z, assessmentDueDate=null, maxPoints=42.0, course=CourseDTO[id=159, accuracyOfScores=1]]], submissionExerciseType=programming, isProcessing=false, buildStartDate=null, estimatedCompletionDate=null], participation=ParticipationDTO[id=497, testRun=false, type=programming, submissionCount=null, exercise=ParticipationExerciseDTO[id=310, exerciseType=PROGRAMMING, type=programming, assessmentType=AUTOMATIC, dueDate=2025-02-16T23:43:19.182228Z, assessmentDueDate=null, maxPoints=42.0, course=CourseDTO[id=159, accuracyOfScores=1]]], feedbacks=[FeedbackDTO[id=173, text=null, detailText=The exercise expects a class with the name Context in the package testpackage. You did not implement the class in the exercise., hasLongFeedbackText=false, reference=null, credits=0.0, positive=false, type=AUTOMATIC, visibility=ALWAYS, testCase=TestCaseDTO[testName=null, id=169]], FeedbackDTO[id=174, text=null, detailText=The exercise expects a class with the name Policy in the package testpackage. You did not implement the class in the exercise., hasLongFeedbackText=false, reference=null, credits=0.0, positive=false, type=AUTOMATIC, visibility=ALWAYS, testCase=TestCaseDTO[testName=null, id=170]], FeedbackDTO[id=175, text=null, detailText=The exercise expects a class with the name SortStrategy in the package testpackage. You did not implement the class in the exercise., hasLongFeedbackText=false, reference=null, credits=0.0, positive=false, type=AUTOMATIC, visibility=ALWAYS, testCase=TestCaseDTO[testName=null, id=171]], FeedbackDTO[id=176, text=null, detailText=The class 'MergeSort' does not implement the interface 'SortStrategy' as expected. Implement the interface and its methods., hasLongFeedbackText=false, reference=null, credits=0.0, positive=false, type=AUTOMATIC, visibility=ALWAYS, testCase=TestCaseDTO[testName=null, id=166]], FeedbackDTO[id=177, text=null, detailText=The exercise expects a class with the name SortStrategy in the package testpackage. You did not implement the class in the exercise., hasLongFeedbackText=false, reference=null, credits=0.0, positive=false, type=AUTOMATIC, visibility=ALWAYS, testCase=TestCaseDTO[testName=null, id=163]], FeedbackDTO[id=178, text=null, detailText=The class 'BubbleSort' does not implement the interface 'SortStrategy' as expected. Implement the interface and its methods., hasLongFeedbackText=false, reference=null, credits=0.0, positive=false, type=AUTOMATIC, visibility=ALWAYS, testCase=TestCaseDTO[testName=null, id=167]], FeedbackDTO[id=179, text=null, detailText=MergeSort does not sort correctly, hasLongFeedbackText=false, reference=null, credits=0.0, positive=false, type=AUTOMATIC, visibility=ALWAYS, testCase=TestCaseDTO[testName=null, id=172]], FeedbackDTO[id=180, text=null, detailText=The class 'Context' was not found within the submission. Make sure to implement it properly., hasLongFeedbackText=false, reference=null, credits=0.0, positive=false, type=AUTOMATIC, visibility=ALWAYS, testCase=TestCaseDTO[testName=null, id=173]], FeedbackDTO[id=181, text=null, detailText=The class 'Context' was not found within the submission. Make sure to implement it properly., hasLongFeedbackText=false, reference=null, credits=0.0, positive=false, type=AUTOMATIC, visibility=ALWAYS, testCase=TestCaseDTO[testName=null, id=174]], FeedbackDTO[id=182, text=null, detailText=The exercise expects a class with the name Policy in the package testpackage. You did not implement the class in the exercise., hasLongFeedbackText=false, reference=null, credits=0.0, positive=false, type=AUTOMATIC, visibility=ALWAYS, testCase=TestCaseDTO[testName=null, id=168]], FeedbackDTO[id=183, text=null, detailText=The exercise expects a class with the name Context in the package testpackage. You did not implement the class in the exercise., hasLongFeedbackText=false, reference=null, credits=0.0, positive=false, type=AUTOMATIC, visibility=ALWAYS, testCase=TestCaseDTO[testName=null, id=164]], FeedbackDTO[id=184, text=null, detailText=The exercise expects a class with the name Policy in the package testpackage. You did not implement the class in the exercise., hasLongFeedbackText=false, reference=null, credits=0.0, positive=false, type=AUTOMATIC, visibility=ALWAYS, testCase=TestCaseDTO[testName=null, id=165]], FeedbackDTO[id=185, text=null, detailText=null, hasLongFeedbackText=false, reference=null, credits=3.230769230769231, positive=true, type=AUTOMATIC, visibility=ALWAYS, testCase=TestCaseDTO[testName=null, id=175]]], assessmentType=AUTOMATIC, hasComplaint=null, exampleResult=null, testCaseCount=13, passedTestCaseCount=1, codeIssueCount=0]], BuildJobQueueItem[id=5001739576601035, name=SHORT582B1BDC0A17704D6D0A46800FC19163DA47TSTEXC-LOCALCIINTSTUDENT1, buildAgent=BuildAgentDTO[name=artemis-build-agent-test, memberAddress=[127.0.0.1]:5703, displayName=artemis-build-agent-test], participationId=500, courseId=160, exerciseId=311, retryCount=0, priority=2, status=SUCCESSFUL, repositoryInfo=RepositoryInfo[repositoryName=short582b1bdc0a17704d6d0a46800fc19163da47tstexc-localciintstudent1, repositoryType=user, triggeredByPushTo=user, assignmentRepositoryUri=http://localhost:49152/git/SHORT582B1BDC0A17704D6D0A46800FC19163DA47TSTEXC/short582b1bdc0a17704d6d0a46800fc19163da47tstexc-localciintstudent1.git, testRepositoryUri=http://localhost:49152/git/SHORT582B1BDC0A17704D6D0A46800FC19163DA47TSTEXC/short582b1bdc0a17704d6d0a46800fc19163da47tstexc-tests.git, solutionRepositoryUri=null, auxiliaryRepositoryUris=[Ljava.lang.String;@2d1aa054, auxiliaryRepositoryCheckoutDirectories=[Ljava.lang.String;@1dcb4c6e], jobTimingInfo=JobTimingInfo[submissionDate=2025-02-14T23:43:21.035120760Z[Etc/UTC], buildStartDate=2025-02-14T23:43:21.040320383Z[Etc/UTC], buildCompletionDate=2025-02-14T23:43:22.581236903Z[Etc/UTC], estimatedCompletionDate=2025-02-14T23:43:40.040312057Z[Etc/UTC], estimatedDuration=19], buildConfig=BuildConfig[buildScript=#!/bin/bash
cd /var/tmp/testing-dir
chmod +x ./gradlew
./gradlew clean test
, dockerImage=dummy-docker-image:latest, commitHashToBuild=887566cf754016f986627cf5c5c365dea16c907f, assignmentCommitHash=887566cf754016f986627cf5c5c365dea16c907f, testCommitHash=6af67146332066e7430917928a4b9b81c43b7c71, branch=main, programmingLanguage=JAVA, projectType=PLAIN_GRADLE, scaEnabled=false, sequentialTestRunsEnabled=false, resultPaths=[/var/tmp/testing-dir/**/test-results/test/*.xml], timeoutSeconds=0, assignmentCheckoutPath=customAssignmentPath, testCheckoutPath=null, solutionCheckoutPath=null, dockerRunConfig=null], submissionResult=ResultDTO[id=143, completionDate=2025-02-14T23:43:22.538158998Z[Etc/UTC], successful=false, score=7.7, rated=true, submission=SubmissionDTO[id=132, submitted=true, type=MANUAL, exampleSubmission=null, submissionDate=2025-02-14T23:43:21.028930Z, commitHash=887566cf754016f986627cf5c5c365dea16c907f, buildFailed=false, buildArtifact=false, participation=ParticipationDTO[id=500, testRun=false, type=programming, submissionCount=null, exercise=ParticipationExerciseDTO[id=311, exerciseType=PROGRAMMING, type=programming, assessmentType=AUTOMATIC, dueDate=2025-02-16T23:43:20.897280Z, assessmentDueDate=null, maxPoints=42.0, course=CourseDTO[id=160, accuracyOfScores=1]]], submissionExerciseType=programming, isProcessing=false, buildStartDate=null, estimatedCompletionDate=null], participation=ParticipationDTO[id=500, testRun=false, type=programming, submissionCount=null, exercise=ParticipationExerciseDTO[id=311, exerciseType=PROGRAMMING, type=programming, assessmentType=AUTOMATIC, dueDate=2025-02-16T23:43:20.897280Z, assessmentDueDate=null, maxPoints=42.0, course=CourseDTO[id=160, accuracyOfScores=1]]], feedbacks=[FeedbackDTO[id=186, text=null, detailText=The exercise expects a class with the name Context in the package testpackage. You did not implement the class in the exercise., hasLongFeedbackText=false, reference=null, credits=0.0, positive=false, type=AUTOMATIC, visibility=ALWAYS, testCase=TestCaseDTO[testName=null, id=182]], FeedbackDTO[id=187, text=null, detailText=The exercise expects a class with the name Policy in the package testpackage. You did not implement the class in the exercise., hasLongFeedbackText=false, reference=null, credits=0.0, positive=false, type=AUTOMATIC, visibility=ALWAYS, testCase=TestCaseDTO[testName=null, id=183]], FeedbackDTO[id=188, text=null, detailText=The exercise expects a class with the name SortStrategy in the package testpackage. You did not implement the class in the exercise., hasLongFeedbackText=false, reference=null, credits=0.0, positive=false, type=AUTOMATIC, visibility=ALWAYS, testCase=TestCaseDTO[testName=null, id=184]], FeedbackDTO[id=189, text=null, detailText=The class 'MergeSort' does not implement the interface 'SortStrategy' as expected. Implement the interface and its methods., hasLongFeedbackText=false, reference=null, credits=0.0, positive=false, type=AUTOMATIC, visibility=ALWAYS, testCase=TestCaseDTO[testName=null, id=179]], FeedbackDTO[id=190, text=null, detailText=The exercise expects a class with the name SortStrategy in the package testpackage. You did not implement the class in the exercise., hasLongFeedbackText=false, reference=null, credits=0.0, positive=false, type=AUTOMATIC, visibility=ALWAYS, testCase=TestCaseDTO[testName=null, id=176]], FeedbackDTO[id=191, text=null, detailText=The class 'BubbleSort' does not implement the interface 'SortStrategy' as expected. Implement the interface and its methods., hasLongFeedbackText=false, reference=null, credits=0.0, positive=false, type=AUTOMATIC, visibility=ALWAYS, testCase=TestCaseDTO[testName=null, id=180]], FeedbackDTO[id=192, text=null, detailText=MergeSort does not sort correctly, hasLongFeedbackText=false, reference=null, credits=0.0, positive=false, type=AUTOMATIC, visibility=ALWAYS, testCase=TestCaseDTO[testName=null, id=185]], FeedbackDTO[id=193, text=null, detailText=The class 'Context' was not found within the submission. Make sure to implement it properly., hasLongFeedbackText=false, reference=null, credits=0.0, positive=false, type=AUTOMATIC, visibility=ALWAYS, testCase=TestCaseDTO[testName=null, id=186]], FeedbackDTO[id=194, text=null, detailText=The class 'Context' was not found within the submission. Make sure to implement it properly., hasLongFeedbackText=false, reference=null, credits=0.0, positive=false, type=AUTOMATIC, visibility=ALWAYS, testCase=TestCaseDTO[testName=null, id=187]], FeedbackDTO[id=195, text=null, detailText=The exercise expects a class with the name Policy in the package testpackage. You did not implement the class in the exercise., hasLongFeedbackText=false, reference=null, credits=0.0, positive=false, type=AUTOMATIC, visibility=ALWAYS, testCase=TestCaseDTO[testName=null, id=181]], FeedbackDTO[id=196, text=null, detailText=The exercise expects a class with the name Context in the package testpackage. You did not implement the class in the exercise., hasLongFeedbackText=false, reference=null, credits=0.0, positive=false, type=AUTOMATIC, visibility=ALWAYS, testCase=TestCaseDTO[testName=null, id=177]], FeedbackDTO[id=197, text=null, detailText=The exercise expects a class with the name Policy in the package testpackage. You did not implement the class in the exercise., hasLongFeedbackText=false, reference=null, credits=0.0, positive=false, type=AUTOMATIC, visibility=ALWAYS, testCase=TestCaseDTO[testName=null, id=178]], FeedbackDTO[id=198, text=null, detailText=null, hasLongFeedbackText=false, reference=null, credits=3.230769230769231, positive=true, type=AUTOMATIC, visibility=ALWAYS, testCase=TestCaseDTO[testName=null, id=188]]], assessmentType=AUTOMATIC, hasComplaint=null, exampleResult=null, testCaseCount=13, passedTestCaseCount=1, codeIssueCount=0]], BuildJobQueueItem[id=5031739576604847, name=SHORT00FA1A240403404C7E097D7007C591BE2AB1TSTEXC-LOCALCIINTSTUDENT1, buildAgent=BuildAgentDTO[name=artemis-build-agent-test, memberAddress=[127.0.0.1]:5703, displayName=artemis-build-agent-test], participationId=503, courseId=161, exerciseId=312, retryCount=0, priority=2, status=FAILED, repositoryInfo=RepositoryInfo[repositoryName=short00fa1a240403404c7e097d7007c591be2ab1tstexc-localciintstudent1, repositoryType=user, triggeredByPushTo=user, assignmentRepositoryUri=http://localhost:49152/git/SHORT00FA1A240403404C7E097D7007C591BE2AB1TSTEXC/short00fa1a240403404c7e097d7007c591be2ab1tstexc-localciintstudent1.git, testRepositoryUri=http://localhost:49152/git/SHORT00FA1A240403404C7E097D7007C591BE2AB1TSTEXC/short00fa1a240403404c7e097d7007c591be2ab1tstexc-tests.git, solutionRepositoryUri=null, auxiliaryRepositoryUris=[Ljava.lang.String;@2c0720a4, auxiliaryRepositoryCheckoutDirectories=[Ljava.lang.String;@28632b33], jobTimingInfo=JobTimingInfo[submissionDate=2025-02-14T23:43:24.847396156Z[Etc/UTC], buildStartDate=2025-02-14T23:43:24.860457211Z[Etc/UTC], buildCompletionDate=2025-02-14T23:43:26.809353681Z[Etc/UTC], estimatedCompletionDate=2025-02-14T23:43:46.860451490Z[Etc/UTC], estimatedDuration=22], buildConfig=BuildConfig[buildScript=#!/bin/bash
cd /var/tmp/testing-dir
chmod +x ./gradlew
./gradlew clean test
, dockerImage=dummy-docker-image:latest, commitHashToBuild=9690714a509af0a98c6790a7e52ee3574c7ef689, assignmentCommitHash=9690714a509af0a98c6790a7e52ee3574c7ef689, testCommitHash=9690714a509af0a98c6790a7e52ee3574c7ef689, branch=main, programmingLanguage=JAVA, projectType=PLAIN_GRADLE, scaEnabled=false, sequentialTestRunsEnabled=false, resultPaths=[/var/tmp/testing-dir/**/test-results/test/*.xml], timeoutSeconds=0, assignmentCheckoutPath=null, testCheckoutPath=null, solutionCheckoutPath=null, dockerRunConfig=null], submissionResult=ResultDTO[id=144, completionDate=2025-02-14T23:43:26.809483684Z[Etc/UTC], successful=false, score=0.0, rated=true, submission=SubmissionDTO[id=133, submitted=true, type=MANUAL, exampleSubmission=null, submissionDate=2025-02-14T23:43:24.841319Z, commitHash=9690714a509af0a98c6790a7e52ee3574c7ef689, buildFailed=true, buildArtifact=false, participation=ParticipationDTO[id=503, testRun=false, type=programming, submissionCount=null, exercise=ParticipationExerciseDTO[id=312, exerciseType=PROGRAMMING, type=programming, assessmentType=AUTOMATIC, dueDate=2025-02-16T23:43:24.571329Z, assessmentDueDate=null, maxPoints=42.0, course=CourseDTO[id=161, accuracyOfScores=1]]], submissionExerciseType=programming, isProcessing=false, buildStartDate=null, estimatedCompletionDate=null], participation=ParticipationDTO[id=503, testRun=false, type=programming, submissionCount=null, exercise=ParticipationExerciseDTO[id=312, exerciseType=PROGRAMMING, type=programming, assessmentType=AUTOMATIC, dueDate=2025-02-16T23:43:24.571329Z, assessmentDueDate=null, maxPoints=42.0, course=CourseDTO[id=161, accuracyOfScores=1]]], feedbacks=[], assessmentType=AUTOMATIC, hasComplaint=null, exampleResult=null, testCaseCount=0, passedTestCaseCount=0, codeIssueCount=0]]], publicSshKey=ssh-rsa AAAAB3NzaC1yc2EAAAADAQABAAACAQCOPdMsxRE2jFJ/UEa5/LsBxtwzJcrh3/rYBCQvcMeVpiRfhzQPWu7mrt/G2Ew+i+vRloGH9aqKg6dd1liRncao53Zmd/ePxoatXePNhmzTfkCkcSkTUz7B+QMjkoDDV5jwuFPD6mF3JkhuzSi64n9Zy905t4w2IhVcjM2mL3eYNjiCXt6Qpq3Pkt7dM/Ksw1nxnvuiIALuJLB3FTkXkHqq3PJav+9HSq2r6ZaWgekneaGxlQlb+U+Vy3XOuArKAzK8c8i+0bR+AHiTG6ncYXt7ax3U+TdlDTF7OLP3umwaYjs1NBXOHwG42pevvpKn2fqavZZozk+M05jXLx3bq0O7itxfErWc7etky8qYPyyIMF/txQIVLd78+Ze4d7Y60t5MGbXM5cGE6fFif5fEJwgswXD+BrG0cafz1CTatjSKFdvp8Vp4VszXhHDan1PrP6JEFJ5Cc5GDmLRZPCFa3vL9f5qXgf4bkqKN8MYeEujwJE5nMRWoiJVNakix2bcrrneQMBlnYeYZVWXXXUusAQBzl4NgddC1umZpihZkL1b1MffZAUW3EGEXi7KHnllQhkTLLsQ8ntMgbylqaJKStqaXlLvdeRJcEnUuiFCrHEVVbXRFZR7XVDZ02CE5o3MuaRPty8Kh+jRTF3COlAckHwYEJCNNJvXFgb2CNXL4mjzYDw== test@localhost]
    23:43:26.926 | 566 localvc.event-13 | DEBUG | a.p.s.l.SharedQueueManagementService : Build agent updated: null
    23:43:26.932 | 566 localvc.event-13 | DEBUG | s.l.LocalCIWebsocketMessagingService : Sending message on topic /topic/admin/queued-jobs: []
    23:43:26.932 | 566 localvc.event-13 | DEBUG | s.l.LocalCIWebsocketMessagingService : Sending message on topic /topic/courses/162/queued-jobs: []
    23:43:26.933 | 566 localvc.event-13 | DEBUG | a.a.b.s.SharedQueueProcessingService : CIBuildJobQueueItem removed from queue: BuildJobQueueItem[id=5061739576605250, name=SHORT62C808EE04ECE040740AF7B0CF3AE5F5BEF2TSTEXC-LOCALCIINTSTUDENT1, buildAgent=BuildAgentDTO[name=null, memberAddress=null, displayName=null], participationId=506, courseId=162, exerciseId=313, retryCount=0, priority=2, status=null, repositoryInfo=RepositoryInfo[repositoryName=short62c808ee04ece040740af7b0cf3ae5f5bef2tstexc-localciintstudent1, repositoryType=user, triggeredByPushTo=user, assignmentRepositoryUri=http://localhost:49152/git/SHORT62C808EE04ECE040740AF7B0CF3AE5F5BEF2TSTEXC/short62c808ee04ece040740af7b0cf3ae5f5bef2tstexc-localciintstudent1.git, testRepositoryUri=http://localhost:49152/git/SHORT62C808EE04ECE040740AF7B0CF3AE5F5BEF2TSTEXC/short62c808ee04ece040740af7b0cf3ae5f5bef2tstexc-tests.git, solutionRepositoryUri=null, auxiliaryRepositoryUris=[Ljava.lang.String;@337021bf, auxiliaryRepositoryCheckoutDirectories=[Ljava.lang.String;@7a8969c4], jobTimingInfo=JobTimingInfo[submissionDate=2025-02-14T23:43:25.250749866Z[Etc/UTC], buildStartDate=null, buildCompletionDate=null, estimatedCompletionDate=null, estimatedDuration=19], buildConfig=BuildConfig[buildScript=#!/bin/bash
cd /var/tmp/testing-dir
chmod +x ./gradlew
./gradlew clean test
, dockerImage=dummy-docker-image:latest, commitHashToBuild=993b6f756e3e52a44d0537d4fa3a5d0e0acdbe89, assignmentCommitHash=993b6f756e3e52a44d0537d4fa3a5d0e0acdbe89, testCommitHash=993b6f756e3e52a44d0537d4fa3a5d0e0acdbe89, branch=main, programmingLanguage=JAVA, projectType=null, scaEnabled=false, sequentialTestRunsEnabled=false, resultPaths=[/var/tmp/testing-dir/**/test-results/test/*.xml], timeoutSeconds=0, assignmentCheckoutPath=null, testCheckoutPath=null, solutionCheckoutPath=null, dockerRunConfig=null], submissionResult=null]
    23:43:26.933 | 566 localvc.event-13 | DEBUG | a.p.s.l.LocalCIQueueWebsocketService : CIBuildJobQueueItem added to processing jobs: BuildJobQueueItem[id=5061739576605250, name=SHORT62C808EE04ECE040740AF7B0CF3AE5F5BEF2TSTEXC-LOCALCIINTSTUDENT1, buildAgent=BuildAgentDTO[name=artemis-build-agent-test, memberAddress=[127.0.0.1]:5703, displayName=artemis-build-agent-test], participationId=506, courseId=162, exerciseId=313, retryCount=0, priority=2, status=null, repositoryInfo=RepositoryInfo[repositoryName=short62c808ee04ece040740af7b0cf3ae5f5bef2tstexc-localciintstudent1, repositoryType=user, triggeredByPushTo=user, assignmentRepositoryUri=http://localhost:49152/git/SHORT62C808EE04ECE040740AF7B0CF3AE5F5BEF2TSTEXC/short62c808ee04ece040740af7b0cf3ae5f5bef2tstexc-localciintstudent1.git, testRepositoryUri=http://localhost:49152/git/SHORT62C808EE04ECE040740AF7B0CF3AE5F5BEF2TSTEXC/short62c808ee04ece040740af7b0cf3ae5f5bef2tstexc-tests.git, solutionRepositoryUri=null, auxiliaryRepositoryUris=[Ljava.lang.String;@8d6bbcc, auxiliaryRepositoryCheckoutDirectories=[Ljava.lang.String;@57b13a0e], jobTimingInfo=JobTimingInfo[submissionDate=2025-02-14T23:43:25.250749866Z[Etc/UTC], buildStartDate=2025-02-14T23:43:26.820713075Z[Etc/UTC], buildCompletionDate=null, estimatedCompletionDate=2025-02-14T23:43:45.820704920Z[Etc/UTC], estimatedDuration=19], buildConfig=BuildConfig[buildScript=#!/bin/bash
cd /var/tmp/testing-dir
chmod +x ./gradlew
./gradlew clean test
, dockerImage=dummy-docker-image:latest, commitHashToBuild=993b6f756e3e52a44d0537d4fa3a5d0e0acdbe89, assignmentCommitHash=993b6f756e3e52a44d0537d4fa3a5d0e0acdbe89, testCommitHash=993b6f756e3e52a44d0537d4fa3a5d0e0acdbe89, branch=main, programmingLanguage=JAVA, projectType=null, scaEnabled=false, sequentialTestRunsEnabled=false, resultPaths=[/var/tmp/testing-dir/**/test-results/test/*.xml], timeoutSeconds=0, assignmentCheckoutPath=null, testCheckoutPath=null, solutionCheckoutPath=null, dockerRunConfig=null], submissionResult=null]
    23:43:26.933 | 566 localvc.event-13 | DEBUG | s.l.LocalCIWebsocketMessagingService : Sending message on topic /topic/admin/running-jobs: [BuildJobQueueItem[id=5061739576605250, name=SHORT62C808EE04ECE040740AF7B0CF3AE5F5BEF2TSTEXC-LOCALCIINTSTUDENT1, buildAgent=BuildAgentDTO[name=artemis-build-agent-test, memberAddress=[127.0.0.1]:5703, displayName=artemis-build-agent-test], participationId=506, courseId=162, exerciseId=313, retryCount=0, priority=2, status=null, repositoryInfo=RepositoryInfo[repositoryName=short62c808ee04ece040740af7b0cf3ae5f5bef2tstexc-localciintstudent1, repositoryType=user, triggeredByPushTo=user, assignmentRepositoryUri=, testRepositoryUri=, solutionRepositoryUri=, auxiliaryRepositoryUris=null, auxiliaryRepositoryCheckoutDirectories=null], jobTimingInfo=JobTimingInfo[submissionDate=2025-02-14T23:43:25.250749866Z[Etc/UTC], buildStartDate=2025-02-14T23:43:26.820713075Z[Etc/UTC], buildCompletionDate=null, estimatedCompletionDate=2025-02-14T23:43:45.820704920Z[Etc/UTC], estimatedDuration=19], buildConfig=BuildConfig[buildScript=, dockerImage=, commitHashToBuild=993b6f756e3e52a44d0537d4fa3a5d0e0acdbe89, assignmentCommitHash=, testCommitHash=, branch=, programmingLanguage=null, projectType=null, scaEnabled=false, sequentialTestRunsEnabled=false, resultPaths=null, timeoutSeconds=0, assignmentCheckoutPath=, testCheckoutPath=, solutionCheckoutPath=, dockerRunConfig=null], submissionResult=null]]
    23:43:26.934 | 566 localvc.event-13 | DEBUG | s.l.LocalCIWebsocketMessagingService : Sending message on topic /topic/courses/162/running-jobs: [BuildJobQueueItem[id=5061739576605250, name=SHORT62C808EE04ECE040740AF7B0CF3AE5F5BEF2TSTEXC-LOCALCIINTSTUDENT1, buildAgent=BuildAgentDTO[name=artemis-build-agent-test, memberAddress=[127.0.0.1]:5703, displayName=artemis-build-agent-test], participationId=506, courseId=162, exerciseId=313, retryCount=0, priority=2, status=null, repositoryInfo=RepositoryInfo[repositoryName=short62c808ee04ece040740af7b0cf3ae5f5bef2tstexc-localciintstudent1, repositoryType=user, triggeredByPushTo=user, assignmentRepositoryUri=, testRepositoryUri=, solutionRepositoryUri=, auxiliaryRepositoryUris=null, auxiliaryRepositoryCheckoutDirectories=null], jobTimingInfo=JobTimingInfo[submissionDate=2025-02-14T23:43:25.250749866Z[Etc/UTC], buildStartDate=2025-02-14T23:43:26.820713075Z[Etc/UTC], buildCompletionDate=null, estimatedCompletionDate=2025-02-14T23:43:45.820704920Z[Etc/UTC], estimatedDuration=19], buildConfig=BuildConfig[buildScript=, dockerImage=, commitHashToBuild=993b6f756e3e52a44d0537d4fa3a5d0e0acdbe89, assignmentCommitHash=, testCommitHash=, branch=, programmingLanguage=null, projectType=null, scaEnabled=false, sequentialTestRunsEnabled=false, resultPaths=null, timeoutSeconds=0, assignmentCheckoutPath=, testCheckoutPath=, solutionCheckoutPath=, dockerRunConfig=null], submissionResult=null]]
    23:43:26.937 | 566 localvc.event-13 | DEBUG | a.p.s.l.LocalCIQueueWebsocketService : Build agent updated: BuildAgentInformation[buildAgent=BuildAgentDTO[name=artemis-build-agent-test, memberAddress=[127.0.0.1]:5703, displayName=artemis-build-agent-test], maxNumberOfConcurrentBuildJobs=1, numberOfCurrentBuildJobs=1, runningBuildJobs=[BuildJobQueueItem[id=5061739576605250, name=SHORT62C808EE04ECE040740AF7B0CF3AE5F5BEF2TSTEXC-LOCALCIINTSTUDENT1, buildAgent=BuildAgentDTO[name=artemis-build-agent-test, memberAddress=[127.0.0.1]:5703, displayName=artemis-build-agent-test], participationId=506, courseId=162, exerciseId=313, retryCount=0, priority=2, status=null, repositoryInfo=RepositoryInfo[repositoryName=short62c808ee04ece040740af7b0cf3ae5f5bef2tstexc-localciintstudent1, repositoryType=user, triggeredByPushTo=user, assignmentRepositoryUri=http://localhost:49152/git/SHORT62C808EE04ECE040740AF7B0CF3AE5F5BEF2TSTEXC/short62c808ee04ece040740af7b0cf3ae5f5bef2tstexc-localciintstudent1.git, testRepositoryUri=http://localhost:49152/git/SHORT62C808EE04ECE040740AF7B0CF3AE5F5BEF2TSTEXC/short62c808ee04ece040740af7b0cf3ae5f5bef2tstexc-tests.git, solutionRepositoryUri=null, auxiliaryRepositoryUris=[Ljava.lang.String;@2f190f11, auxiliaryRepositoryCheckoutDirectories=[Ljava.lang.String;@ffdccd6], jobTimingInfo=JobTimingInfo[submissionDate=2025-02-14T23:43:25.250749866Z[Etc/UTC], buildStartDate=2025-02-14T23:43:26.820713075Z[Etc/UTC], buildCompletionDate=null, estimatedCompletionDate=2025-02-14T23:43:45.820704920Z[Etc/UTC], estimatedDuration=19], buildConfig=BuildConfig[buildScript=#!/bin/bash
cd /var/tmp/testing-dir
chmod +x ./gradlew
./gradlew clean test
, dockerImage=dummy-docker-image:latest, commitHashToBuild=993b6f756e3e52a44d0537d4fa3a5d0e0acdbe89, assignmentCommitHash=993b6f756e3e52a44d0537d4fa3a5d0e0acdbe89, testCommitHash=993b6f756e3e52a44d0537d4fa3a5d0e0acdbe89, branch=main, programmingLanguage=JAVA, projectType=null, scaEnabled=false, sequentialTestRunsEnabled=false, resultPaths=[/var/tmp/testing-dir/**/test-results/test/*.xml], timeoutSeconds=0, assignmentCheckoutPath=null, testCheckoutPath=null, solutionCheckoutPath=null, dockerRunConfig=null], submissionResult=null]], status=ACTIVE, recentBuildJobs=[BuildJobQueueItem[id=4621739576562326, name=SHORT43ACF76B02BC1044B80938509D14043FABDETSTEXC-LOCALCIINTSTUDENT1, buildAgent=BuildAgentDTO[name=artemis-build-agent-test, memberAddress=[127.0.0.1]:5703, displayName=artemis-build-agent-test], participationId=462, courseId=147, exerciseId=298, retryCount=0, priority=2, status=SUCCESSFUL, repositoryInfo=RepositoryInfo[repositoryName=short43acf76b02bc1044b80938509d14043fabdetstexc-localciintstudent1, repositoryType=user, triggeredByPushTo=user, assignmentRepositoryUri=http://localhost:49152/git/SHORT43ACF76B02BC1044B80938509D14043FABDETSTEXC/short43acf76b02bc1044b80938509d14043fabdetstexc-localciintstudent1.git, testRepositoryUri=http://localhost:49152/git/SHORT43ACF76B02BC1044B80938509D14043FABDETSTEXC/short43acf76b02bc1044b80938509d14043fabdetstexc-tests.git, solutionRepositoryUri=null, auxiliaryRepositoryUris=[Ljava.lang.String;@660620ea, auxiliaryRepositoryCheckoutDirectories=[Ljava.lang.String;@743725b5], jobTimingInfo=JobTimingInfo[submissionDate=2025-02-14T23:42:42.326978596Z[Etc/UTC], buildStartDate=2025-02-14T23:42:42.420147010Z[Etc/UTC], buildCompletionDate=2025-02-14T23:42:45.573855829Z[Etc/UTC], estimatedCompletionDate=2025-02-14T23:43:01.420129377Z[Etc/UTC], estimatedDuration=19], buildConfig=BuildConfig[buildScript=#!/bin/bash
cd /var/tmp/testing-dir
chmod +x ./gradlew
./gradlew clean test
, dockerImage=dummy-docker-image:latest, commitHashToBuild=a9c717ccf7bcbe9531d3eee21dbaeb5aab2ff971, assignmentCommitHash=a9c717ccf7bcbe9531d3eee21dbaeb5aab2ff971, testCommitHash=a9c717ccf7bcbe9531d3eee21dbaeb5aab2ff971, branch=main, programmingLanguage=JAVA, projectType=PLAIN_GRADLE, scaEnabled=false, sequentialTestRunsEnabled=false, resultPaths=[/var/tmp/testing-dir/**/test-results/test/*.xml], timeoutSeconds=0, assignmentCheckoutPath=null, testCheckoutPath=null, solutionCheckoutPath=null, dockerRunConfig=DockerRunConfig[isNetworkDisabled=true, env=[key=value]]], submissionResult=ResultDTO[id=132, completionDate=2025-02-14T23:42:45.519869118Z[Etc/UTC], successful=false, score=7.7, rated=true, submission=SubmissionDTO[id=119, submitted=true, type=MANUAL, exampleSubmission=null, submissionDate=2025-02-14T23:42:42.302762Z, commitHash=a9c717ccf7bcbe9531d3eee21dbaeb5aab2ff971, buildFailed=false, buildArtifact=false, participation=ParticipationDTO[id=462, testRun=false, type=programming, submissionCount=null, exercise=ParticipationExerciseDTO[id=298, exerciseType=PROGRAMMING, type=programming, assessmentType=AUTOMATIC, dueDate=2025-02-16T23:42:41.553955Z, assessmentDueDate=null, maxPoints=42.0, course=CourseDTO[id=147, accuracyOfScores=1]]], submissionExerciseType=programming, isProcessing=false, buildStartDate=null, estimatedCompletionDate=null], participation=ParticipationDTO[id=462, testRun=false, type=programming, submissionCount=null, exercise=ParticipationExerciseDTO[id=298, exerciseType=PROGRAMMING, type=programming, assessmentType=AUTOMATIC, dueDate=2025-02-16T23:42:41.553955Z, assessmentDueDate=null, maxPoints=42.0, course=CourseDTO[id=147, accuracyOfScores=1]]], feedbacks=[FeedbackDTO[id=67, text=null, detailText=The exercise expects a class with the name Context in the package testpackage. You did not implement the class in the exercise., hasLongFeedbackText=false, reference=null, credits=0.0, positive=false, type=AUTOMATIC, visibility=ALWAYS, testCase=TestCaseDTO[testName=null, id=13]], FeedbackDTO[id=68, text=null, detailText=The exercise expects a class with the name Policy in the package testpackage. You did not implement the class in the exercise., hasLongFeedbackText=false, reference=null, credits=0.0, positive=false, type=AUTOMATIC, visibility=ALWAYS, testCase=TestCaseDTO[testName=null, id=14]], FeedbackDTO[id=69, text=null, detailText=The exercise expects a class with the name SortStrategy in the package testpackage. You did not implement the class in the exercise., hasLongFeedbackText=false, reference=null, credits=0.0, positive=false, type=AUTOMATIC, visibility=ALWAYS, testCase=TestCaseDTO[testName=null, id=15]], FeedbackDTO[id=70, text=null, detailText=The class 'MergeSort' does not implement the interface 'SortStrategy' as expected. Implement the interface and its methods., hasLongFeedbackText=false, reference=null, credits=0.0, positive=false, type=AUTOMATIC, visibility=ALWAYS, testCase=TestCaseDTO[testName=null, id=10]], FeedbackDTO[id=71, text=null, detailText=The exercise expects a class with the name SortStrategy in the package testpackage. You did not implement the class in the exercise., hasLongFeedbackText=false, reference=null, credits=0.0, positive=false, type=AUTOMATIC, visibility=ALWAYS, testCase=TestCaseDTO[testName=null, id=7]], FeedbackDTO[id=72, text=null, detailText=The class 'BubbleSort' does not implement the interface 'SortStrategy' as expected. Implement the interface and its methods., hasLongFeedbackText=false, reference=null, credits=0.0, positive=false, type=AUTOMATIC, visibility=ALWAYS, testCase=TestCaseDTO[testName=null, id=11]], FeedbackDTO[id=73, text=null, detailText=MergeSort does not sort correctly, hasLongFeedbackText=false, reference=null, credits=0.0, positive=false, type=AUTOMATIC, visibility=ALWAYS, testCase=TestCaseDTO[testName=null, id=16]], FeedbackDTO[id=74, text=null, detailText=The class 'Context' was not found within the submission. Make sure to implement it properly., hasLongFeedbackText=false, reference=null, credits=0.0, positive=false, type=AUTOMATIC, visibility=ALWAYS, testCase=TestCaseDTO[testName=null, id=17]], FeedbackDTO[id=75, text=null, detailText=The class 'Context' was not found within the submission. Make sure to implement it properly., hasLongFeedbackText=false, reference=null, credits=0.0, positive=false, type=AUTOMATIC, visibility=ALWAYS, testCase=TestCaseDTO[testName=null, id=18]], FeedbackDTO[id=76, text=null, detailText=The exercise expects a class with the name Policy in the package testpackage. You did not implement the class in the exercise., hasLongFeedbackText=false, reference=null, credits=0.0, positive=false, type=AUTOMATIC, visibility=ALWAYS, testCase=TestCaseDTO[testName=null, id=12]], FeedbackDTO[id=77, text=null, detailText=The exercise expects a class with the name Context in the package testpackage. You did not implement the class in the exercise., hasLongFeedbackText=false, reference=null, credits=0.0, positive=false, type=AUTOMATIC, visibility=ALWAYS, testCase=TestCaseDTO[testName=null, id=8]], FeedbackDTO[id=78, text=null, detailText=The exercise expects a class with the name Policy in the package testpackage. You did not implement the class in the exercise., hasLongFeedbackText=false, reference=null, credits=0.0, positive=false, type=AUTOMATIC, visibility=ALWAYS, testCase=TestCaseDTO[testName=null, id=9]], FeedbackDTO[id=79, text=null, detailText=null, hasLongFeedbackText=false, reference=null, credits=3.230769230769231, positive=true, type=AUTOMATIC, visibility=ALWAYS, testCase=TestCaseDTO[testName=null, id=19]]], assessmentType=AUTOMATIC, hasComplaint=null, exampleResult=null, testCaseCount=13, passedTestCaseCount=1, codeIssueCount=0]], BuildJobQueueItem[id=4651739576569330, name=SHORTB06DD3F905F4604F6E085260D83ED657A6DFTSTEXC-LOCALCIINTSTUDENT1, buildAgent=BuildAgentDTO[name=artemis-build-agent-test, memberAddress=[127.0.0.1]:5703, displayName=artemis-build-agent-test], participationId=465, courseId=148, exerciseId=299, retryCount=0, priority=2, status=SUCCESSFUL, repositoryInfo=RepositoryInfo[repositoryName=shortb06dd3f905f4604f6e085260d83ed657a6dftstexc-localciintstudent1, repositoryType=user, triggeredByPushTo=user, assignmentRepositoryUri=http://localhost:49152/git/SHORTB06DD3F905F4604F6E085260D83ED657A6DFTSTEXC/shortb06dd3f905f4604f6e085260d83ed657a6dftstexc-localciintstudent1.git, testRepositoryUri=http://localhost:49152/git/SHORTB06DD3F905F4604F6E085260D83ED657A6DFTSTEXC/shortb06dd3f905f4604f6e085260d83ed657a6dftstexc-tests.git, solutionRepositoryUri=null, auxiliaryRepositoryUris=[Ljava.lang.String;@1331dda5, auxiliaryRepositoryCheckoutDirectories=[Ljava.lang.String;@72cb2869], jobTimingInfo=JobTimingInfo[submissionDate=2025-02-14T23:42:49.330093960Z[Etc/UTC], buildStartDate=2025-02-14T23:42:49.347797345Z[Etc/UTC], buildCompletionDate=2025-02-14T23:42:51.204319751Z[Etc/UTC], estimatedCompletionDate=2025-02-14T23:43:08.347788449Z[Etc/UTC], estimatedDuration=19], buildConfig=BuildConfig[buildScript=#!/bin/bash
cd /var/tmp/testing-dir
chmod +x ./gradlew
./gradlew clean test
, dockerImage=dummy-docker-image:latest, commitHashToBuild=41581fff25954d36cf07586926ee0c77d1003131, assignmentCommitHash=41581fff25954d36cf07586926ee0c77d1003131, testCommitHash=41581fff25954d36cf07586926ee0c77d1003131, branch=main, programmingLanguage=JAVA, projectType=PLAIN_GRADLE, scaEnabled=false, sequentialTestRunsEnabled=false, resultPaths=[/var/tmp/testing-dir/**/test-results/test/*.xml], timeoutSeconds=0, assignmentCheckoutPath=null, testCheckoutPath=null, solutionCheckoutPath=null, dockerRunConfig=null], submissionResult=ResultDTO[id=133, completionDate=2025-02-14T23:42:51.155372920Z[Etc/UTC], successful=false, score=7.7, rated=true, submission=SubmissionDTO[id=120, submitted=true, type=MANUAL, exampleSubmission=null, submissionDate=2025-02-14T23:42:49.321855Z, commitHash=41581fff25954d36cf07586926ee0c77d1003131, buildFailed=false, buildArtifact=false, participation=ParticipationDTO[id=465, testRun=false, type=programming, submissionCount=null, exercise=ParticipationExerciseDTO[id=299, exerciseType=PROGRAMMING, type=programming, assessmentType=AUTOMATIC, dueDate=2025-02-16T23:42:49.163661Z, assessmentDueDate=null, maxPoints=42.0, course=CourseDTO[id=148, accuracyOfScores=1]]], submissionExerciseType=programming, isProcessing=false, buildStartDate=null, estimatedCompletionDate=null], participation=ParticipationDTO[id=465, testRun=false, type=programming, submissionCount=null, exercise=ParticipationExerciseDTO[id=299, exerciseType=PROGRAMMING, type=programming, assessmentType=AUTOMATIC, dueDate=2025-02-16T23:42:49.163661Z, assessmentDueDate=null, maxPoints=42.0, course=CourseDTO[id=148, accuracyOfScores=1]]], feedbacks=[FeedbackDTO[id=80, text=null, detailText=The exercise expects a class with the name Context in the package testpackage. You did not implement the class in the exercise., hasLongFeedbackText=false, reference=null, credits=0.0, positive=false, type=AUTOMATIC, visibility=ALWAYS, testCase=TestCaseDTO[testName=null, id=26]], FeedbackDTO[id=81, text=null, detailText=The exercise expects a class with the name Policy in the package testpackage. You did not implement the class in the exercise., hasLongFeedbackText=false, reference=null, credits=0.0, positive=false, type=AUTOMATIC, visibility=ALWAYS, testCase=TestCaseDTO[testName=null, id=27]], FeedbackDTO[id=82, text=null, detailText=The exercise expects a class with the name SortStrategy in the package testpackage. You did not implement the class in the exercise., hasLongFeedbackText=false, reference=null, credits=0.0, positive=false, type=AUTOMATIC, visibility=ALWAYS, testCase=TestCaseDTO[testName=null, id=28]], FeedbackDTO[id=83, text=null, detailText=The class 'MergeSort' does not implement the interface 'SortStrategy' as expected. Implement the interface and its methods., hasLongFeedbackText=false, reference=null, credits=0.0, positive=false, type=AUTOMATIC, visibility=ALWAYS, testCase=TestCaseDTO[testName=null, id=23]], FeedbackDTO[id=84, text=null, detailText=The exercise expects a class with the name SortStrategy in the package testpackage. You did not implement the class in the exercise., hasLongFeedbackText=false, reference=null, credits=0.0, positive=false, type=AUTOMATIC, visibility=ALWAYS, testCase=TestCaseDTO[testName=null, id=20]], FeedbackDTO[id=85, text=null, detailText=The class 'BubbleSort' does not implement the interface 'SortStrategy' as expected. Implement the interface and its methods., hasLongFeedbackText=false, reference=null, credits=0.0, positive=false, type=AUTOMATIC, visibility=ALWAYS, testCase=TestCaseDTO[testName=null, id=24]], FeedbackDTO[id=86, text=null, detailText=MergeSort does not sort correctly, hasLongFeedbackText=false, reference=null, credits=0.0, positive=false, type=AUTOMATIC, visibility=ALWAYS, testCase=TestCaseDTO[testName=null, id=29]], FeedbackDTO[id=87, text=null, detailText=The class 'Context' was not found within the submission. Make sure to implement it properly., hasLongFeedbackText=false, reference=null, credits=0.0, positive=false, type=AUTOMATIC, visibility=ALWAYS, testCase=TestCaseDTO[testName=null, id=30]], FeedbackDTO[id=88, text=null, detailText=The class 'Context' was not found within the submission. Make sure to implement it properly., hasLongFeedbackText=false, reference=null, credits=0.0, positive=false, type=AUTOMATIC, visibility=ALWAYS, testCase=TestCaseDTO[testName=null, id=31]], FeedbackDTO[id=89, text=null, detailText=The exercise expects a class with the name Policy in the package testpackage. You did not implement the class in the exercise., hasLongFeedbackText=false, reference=null, credits=0.0, positive=false, type=AUTOMATIC, visibility=ALWAYS, testCase=TestCaseDTO[testName=null, id=25]], FeedbackDTO[id=90, text=null, detailText=The exercise expects a class with the name Context in the package testpackage. You did not implement the class in the exercise., hasLongFeedbackText=false, reference=null, credits=0.0, positive=false, type=AUTOMATIC, visibility=ALWAYS, testCase=TestCaseDTO[testName=null, id=21]], FeedbackDTO[id=91, text=null, detailText=The exercise expects a class with the name Policy in the package testpackage. You did not implement the class in the exercise., hasLongFeedbackText=false, reference=null, credits=0.0, positive=false, type=AUTOMATIC, visibility=ALWAYS, testCase=TestCaseDTO[testName=null, id=22]], FeedbackDTO[id=92, text=null, detailText=null, hasLongFeedbackText=false, reference=null, credits=3.230769230769231, positive=true, type=AUTOMATIC, visibility=ALWAYS, testCase=TestCaseDTO[testName=null, id=32]]], assessmentType=AUTOMATIC, hasComplaint=null, exampleResult=null, testCaseCount=13, passedTestCaseCount=1, codeIssueCount=0]], BuildJobQueueItem[id=4681739576573068, name=SHORTBCF65534040390488B0A46605F5F3776B89ATSTEXC-LOCALCIINTSTUDENT1, buildAgent=BuildAgentDTO[name=artemis-build-agent-test, memberAddress=[127.0.0.1]:5703, displayName=artemis-build-agent-test], participationId=468, courseId=149, exerciseId=300, retryCount=0, priority=2, status=SUCCESSFUL, repositoryInfo=RepositoryInfo[repositoryName=shortbcf65534040390488b0a46605f5f3776b89atstexc-localciintstudent1, repositoryType=user, triggeredByPushTo=user, assignmentRepositoryUri=http://localhost:49152/git/SHORTBCF65534040390488B0A46605F5F3776B89ATSTEXC/shortbcf65534040390488b0a46605f5f3776b89atstexc-localciintstudent1.git, testRepositoryUri=http://localhost:49152/git/SHORTBCF65534040390488B0A46605F5F3776B89ATSTEXC/shortbcf65534040390488b0a46605f5f3776b89atstexc-tests.git, solutionRepositoryUri=null, auxiliaryRepositoryUris=[Ljava.lang.String;@251d47aa, auxiliaryRepositoryCheckoutDirectories=[Ljava.lang.String;@684ad431], jobTimingInfo=JobTimingInfo[submissionDate=2025-02-14T23:42:53.068019209Z[Etc/UTC], buildStartDate=2025-02-14T23:42:53.092867394Z[Etc/UTC], buildCompletionDate=2025-02-14T23:42:55.086950323Z[Etc/UTC], estimatedCompletionDate=2025-02-14T23:43:12.092858828Z[Etc/UTC], estimatedDuration=19], buildConfig=BuildConfig[buildScript=#!/bin/bash
cd /var/tmp/testing-dir
chmod +x ./gradlew
./gradlew clean test
, dockerImage=dummy-docker-image:latest, commitHashToBuild=2d5c0482fc77d3f5ec0841962528a43054e83170, assignmentCommitHash=2d5c0482fc77d3f5ec0841962528a43054e83170, testCommitHash=7477e25d56ce5fee2c938542a7e7ed4ed085d373, branch=main, programmingLanguage=JAVA, projectType=PLAIN_GRADLE, scaEnabled=false, sequentialTestRunsEnabled=false, resultPaths=[/var/tmp/testing-dir/**/test-results/test/*.xml], timeoutSeconds=0, assignmentCheckoutPath=null, testCheckoutPath=null, solutionCheckoutPath=null, dockerRunConfig=null], submissionResult=ResultDTO[id=134, completionDate=2025-02-14T23:42:55.059618627Z[Etc/UTC], successful=false, score=7.7, rated=true, submission=SubmissionDTO[id=121, submitted=true, type=MANUAL, exampleSubmission=null, submissionDate=2025-02-14T23:42:53.048221Z, commitHash=2d5c0482fc77d3f5ec0841962528a43054e83170, buildFailed=false, buildArtifact=false, participation=ParticipationDTO[id=468, testRun=false, type=programming, submissionCount=null, exercise=ParticipationExerciseDTO[id=300, exerciseType=PROGRAMMING, type=programming, assessmentType=AUTOMATIC, dueDate=2025-02-16T23:42:52.873722Z, assessmentDueDate=null, maxPoints=42.0, course=CourseDTO[id=149, accuracyOfScores=1]]], submissionExerciseType=programming, isProcessing=false, buildStartDate=null, estimatedCompletionDate=null], participation=ParticipationDTO[id=468, testRun=false, type=programming, submissionCount=null, exercise=ParticipationExerciseDTO[id=300, exerciseType=PROGRAMMING, type=programming, assessmentType=AUTOMATIC, dueDate=2025-02-16T23:42:52.873722Z, assessmentDueDate=null, maxPoints=42.0, course=CourseDTO[id=149, accuracyOfScores=1]]], feedbacks=[FeedbackDTO[id=93, text=null, detailText=The exercise expects a class with the name Context in the package testpackage. You did not implement the class in the exercise., hasLongFeedbackText=false, reference=null, credits=0.0, positive=false, type=AUTOMATIC, visibility=ALWAYS, testCase=TestCaseDTO[testName=null, id=39]], FeedbackDTO[id=94, text=null, detailText=The exercise expects a class with the name Policy in the package testpackage. You did not implement the class in the exercise., hasLongFeedbackText=false, reference=null, credits=0.0, positive=false, type=AUTOMATIC, visibility=ALWAYS, testCase=TestCaseDTO[testName=null, id=40]], FeedbackDTO[id=95, text=null, detailText=The exercise expects a class with the name SortStrategy in the package testpackage. You did not implement the class in the exercise., hasLongFeedbackText=false, reference=null, credits=0.0, positive=false, type=AUTOMATIC, visibility=ALWAYS, testCase=TestCaseDTO[testName=null, id=41]], FeedbackDTO[id=96, text=null, detailText=The class 'MergeSort' does not implement the interface 'SortStrategy' as expected. Implement the interface and its methods., hasLongFeedbackText=false, reference=null, credits=0.0, positive=false, type=AUTOMATIC, visibility=ALWAYS, testCase=TestCaseDTO[testName=null, id=36]], FeedbackDTO[id=97, text=null, detailText=The exercise expects a class with the name SortStrategy in the package testpackage. You did not implement the class in the exercise., hasLongFeedbackText=false, reference=null, credits=0.0, positive=false, type=AUTOMATIC, visibility=ALWAYS, testCase=TestCaseDTO[testName=null, id=33]], FeedbackDTO[id=98, text=null, detailText=The class 'BubbleSort' does not implement the interface 'SortStrategy' as expected. Implement the interface and its methods., hasLongFeedbackText=false, reference=null, credits=0.0, positive=false, type=AUTOMATIC, visibility=ALWAYS, testCase=TestCaseDTO[testName=null, id=37]], FeedbackDTO[id=99, text=null, detailText=MergeSort does not sort correctly, hasLongFeedbackText=false, reference=null, credits=0.0, positive=false, type=AUTOMATIC, visibility=ALWAYS, testCase=TestCaseDTO[testName=null, id=42]], FeedbackDTO[id=100, text=null, detailText=The class 'Context' was not found within the submission. Make sure to implement it properly., hasLongFeedbackText=false, reference=null, credits=0.0, positive=false, type=AUTOMATIC, visibility=ALWAYS, testCase=TestCaseDTO[testName=null, id=43]], FeedbackDTO[id=101, text=null, detailText=The class 'Context' was not found within the submission. Make sure to implement it properly., hasLongFeedbackText=false, reference=null, credits=0.0, positive=false, type=AUTOMATIC, visibility=ALWAYS, testCase=TestCaseDTO[testName=null, id=44]], FeedbackDTO[id=102, text=null, detailText=The exercise expects a class with the name Policy in the package testpackage. You did not implement the class in the exercise., hasLongFeedbackText=false, reference=null, credits=0.0, positive=false, type=AUTOMATIC, visibility=ALWAYS, testCase=TestCaseDTO[testName=null, id=38]], FeedbackDTO[id=103, text=null, detailText=The exercise expects a class with the name Context in the package testpackage. You did not implement the class in the exercise., hasLongFeedbackText=false, reference=null, credits=0.0, positive=false, type=AUTOMATIC, visibility=ALWAYS, testCase=TestCaseDTO[testName=null, id=34]], FeedbackDTO[id=104, text=null, detailText=The exercise expects a class with the name Policy in the package testpackage. You did not implement the class in the exercise., hasLongFeedbackText=false, reference=null, credits=0.0, positive=false, type=AUTOMATIC, visibility=ALWAYS, testCase=TestCaseDTO[testName=null, id=35]], FeedbackDTO[id=105, text=null, detailText=null, hasLongFeedbackText=false, reference=null, credits=3.230769230769231, positive=true, type=AUTOMATIC, visibility=ALWAYS, testCase=TestCaseDTO[testName=null, id=45]]], assessmentType=AUTOMATIC, hasComplaint=null, exampleResult=null, testCaseCount=13, passedTestCaseCount=1, codeIssueCount=0]], BuildJobQueueItem[id=4741739576577297, name=SHORT88A9A223023E2047B709E4A029FA08BCF2CFTSTEXC-LOCALCIINTSTUDENT1, buildAgent=BuildAgentDTO[name=artemis-build-agent-test, memberAddress=[127.0.0.1]:5703, displayName=artemis-build-agent-test], participationId=474, courseId=151, exerciseId=302, retryCount=0, priority=2, status=SUCCESSFUL, repositoryInfo=RepositoryInfo[repositoryName=short88a9a223023e2047b709e4a029fa08bcf2cftstexc-localciintstudent1, repositoryType=user, triggeredByPushTo=user, assignmentRepositoryUri=http://localhost:49152/git/SHORT88A9A223023E2047B709E4A029FA08BCF2CFTSTEXC/short88a9a223023e2047b709e4a029fa08bcf2cftstexc-localciintstudent1.git, testRepositoryUri=http://localhost:49152/git/SHORT88A9A223023E2047B709E4A029FA08BCF2CFTSTEXC/short88a9a223023e2047b709e4a029fa08bcf2cftstexc-tests.git, solutionRepositoryUri=null, auxiliaryRepositoryUris=[Ljava.lang.String;@758bf068, auxiliaryRepositoryCheckoutDirectories=[Ljava.lang.String;@5ea816d0], jobTimingInfo=JobTimingInfo[submissionDate=2025-02-14T23:42:57.297342281Z[Etc/UTC], buildStartDate=2025-02-14T23:42:57.308570327Z[Etc/UTC], buildCompletionDate=2025-02-14T23:42:59.047616654Z[Etc/UTC], estimatedCompletionDate=2025-02-14T23:43:16.308558064Z[Etc/UTC], estimatedDuration=19], buildConfig=BuildConfig[buildScript=#!/bin/bash
cd /var/tmp/testing-dir
chmod +x ./gradlew
./gradlew clean test
, dockerImage=dummy-docker-image:latest, commitHashToBuild=736cbea1e46d6849b41266b2bf1cccd3b9ea55b1, assignmentCommitHash=736cbea1e46d6849b41266b2bf1cccd3b9ea55b1, testCommitHash=ea6267edd396a304305339b036512b63e0374c66, branch=main, programmingLanguage=JAVA, projectType=PLAIN_GRADLE, scaEnabled=false, sequentialTestRunsEnabled=false, resultPaths=[/var/tmp/testing-dir/**/test-results/test/*.xml], timeoutSeconds=0, assignmentCheckoutPath=null, testCheckoutPath=null, solutionCheckoutPath=null, dockerRunConfig=null], submissionResult=ResultDTO[id=135, completionDate=2025-02-14T23:42:59.014168821Z[Etc/UTC], successful=false, score=7.7, rated=true, submission=SubmissionDTO[id=123, submitted=true, type=MANUAL, exampleSubmission=null, submissionDate=2025-02-14T23:42:57.278471Z, commitHash=736cbea1e46d6849b41266b2bf1cccd3b9ea55b1, buildFailed=false, buildArtifact=false, participation=ParticipationDTO[id=474, testRun=false, type=programming, submissionCount=null, exercise=ParticipationExerciseDTO[id=302, exerciseType=PROGRAMMING, type=programming, assessmentType=AUTOMATIC, dueDate=2025-02-16T23:42:56.796251Z, assessmentDueDate=null, maxPoints=42.0, course=CourseDTO[id=151, accuracyOfScores=1]]], submissionExerciseType=programming, isProcessing=false, buildStartDate=null, estimatedCompletionDate=null], participation=ParticipationDTO[id=474, testRun=false, type=programming, submissionCount=null, exercise=ParticipationExerciseDTO[id=302, exerciseType=PROGRAMMING, type=programming, assessmentType=AUTOMATIC, dueDate=2025-02-16T23:42:56.796251Z, assessmentDueDate=null, maxPoints=42.0, course=CourseDTO[id=151, accuracyOfScores=1]]], feedbacks=[FeedbackDTO[id=106, text=null, detailText=The exercise expects a class with the name Context in the package testpackage. You did not implement the class in the exercise., hasLongFeedbackText=false, reference=null, credits=0.0, positive=false, type=AUTOMATIC, visibility=ALWAYS, testCase=TestCaseDTO[testName=null, id=65]], FeedbackDTO[id=107, text=null, detailText=The exercise expects a class with the name Policy in the package testpackage. You did not implement the class in the exercise., hasLongFeedbackText=false, reference=null, credits=0.0, positive=false, type=AUTOMATIC, visibility=ALWAYS, testCase=TestCaseDTO[testName=null, id=66]], FeedbackDTO[id=108, text=null, detailText=The exercise expects a class with the name SortStrategy in the package testpackage. You did not implement the class in the exercise., hasLongFeedbackText=false, reference=null, credits=0.0, positive=false, type=AUTOMATIC, visibility=ALWAYS, testCase=TestCaseDTO[testName=null, id=67]], FeedbackDTO[id=109, text=null, detailText=The class 'MergeSort' does not implement the interface 'SortStrategy' as expected. Implement the interface and its methods., hasLongFeedbackText=false, reference=null, credits=0.0, positive=false, type=AUTOMATIC, visibility=ALWAYS, testCase=TestCaseDTO[testName=null, id=62]], FeedbackDTO[id=110, text=null, detailText=The exercise expects a class with the name SortStrategy in the package testpackage. You did not implement the class in the exercise., hasLongFeedbackText=false, reference=null, credits=0.0, positive=false, type=AUTOMATIC, visibility=ALWAYS, testCase=TestCaseDTO[testName=null, id=59]], FeedbackDTO[id=111, text=null, detailText=The class 'BubbleSort' does not implement the interface 'SortStrategy' as expected. Implement the interface and its methods., hasLongFeedbackText=false, reference=null, credits=0.0, positive=false, type=AUTOMATIC, visibility=ALWAYS, testCase=TestCaseDTO[testName=null, id=63]], FeedbackDTO[id=112, text=null, detailText=MergeSort does not sort correctly, hasLongFeedbackText=false, reference=null, credits=0.0, positive=false, type=AUTOMATIC, visibility=ALWAYS, testCase=TestCaseDTO[testName=null, id=68]], FeedbackDTO[id=113, text=null, detailText=The class 'Context' was not found within the submission. Make sure to implement it properly., hasLongFeedbackText=false, reference=null, credits=0.0, positive=false, type=AUTOMATIC, visibility=ALWAYS, testCase=TestCaseDTO[testName=null, id=69]], FeedbackDTO[id=114, text=null, detailText=The class 'Context' was not found within the submission. Make sure to implement it properly., hasLongFeedbackText=false, reference=null, credits=0.0, positive=false, type=AUTOMATIC, visibility=ALWAYS, testCase=TestCaseDTO[testName=null, id=70]], FeedbackDTO[id=115, text=null, detailText=The exercise expects a class with the name Policy in the package testpackage. You did not implement the class in the exercise., hasLongFeedbackText=false, reference=null, credits=0.0, positive=false, type=AUTOMATIC, visibility=ALWAYS, testCase=TestCaseDTO[testName=null, id=64]], FeedbackDTO[id=116, text=null, detailText=The exercise expects a class with the name Context in the package testpackage. You did not implement the class in the exercise., hasLongFeedbackText=false, reference=null, credits=0.0, positive=false, type=AUTOMATIC, visibility=ALWAYS, testCase=TestCaseDTO[testName=null, id=60]], FeedbackDTO[id=117, text=null, detailText=The exercise expects a class with the name Policy in the package testpackage. You did not implement the class in the exercise., hasLongFeedbackText=false, reference=null, credits=0.0, positive=false, type=AUTOMATIC, visibility=ALWAYS, testCase=TestCaseDTO[testName=null, id=61]], FeedbackDTO[id=118, text=null, detailText=null, hasLongFeedbackText=false, reference=null, credits=3.230769230769231, positive=true, type=AUTOMATIC, visibility=ALWAYS, testCase=TestCaseDTO[testName=null, id=71]]], assessmentType=AUTOMATIC, hasComplaint=null, exampleResult=null, testCaseCount=13, passedTestCaseCount=1, codeIssueCount=0]], BuildJobQueueItem[id=4771739576580898, name=SHORT51E611E30D6B60466F0B8BA0AA97F58888C2TSTEXC-LOCALCIINTSTUDENT1, buildAgent=BuildAgentDTO[name=artemis-build-agent-test, memberAddress=[127.0.0.1]:5703, displayName=artemis-build-agent-test], participationId=477, courseId=152, exerciseId=303, retryCount=0, priority=2, status=SUCCESSFUL, repositoryInfo=RepositoryInfo[repositoryName=short51e611e30d6b60466f0b8ba0aa97f58888c2tstexc-localciintstudent1, repositoryType=user, triggeredByPushTo=user, assignmentRepositoryUri=http://localhost:49152/git/SHORT51E611E30D6B60466F0B8BA0AA97F58888C2TSTEXC/short51e611e30d6b60466f0b8ba0aa97f58888c2tstexc-localciintstudent1.git, testRepositoryUri=http://localhost:49152/git/SHORT51E611E30D6B60466F0B8BA0AA97F58888C2TSTEXC/short51e611e30d6b60466f0b8ba0aa97f58888c2tstexc-tests.git, solutionRepositoryUri=null, auxiliaryRepositoryUris=[Ljava.lang.String;@11473ab8, auxiliaryRepositoryCheckoutDirectories=[Ljava.lang.String;@2f928ffd], jobTimingInfo=JobTimingInfo[submissionDate=2025-02-14T23:43:00.898532688Z[Etc/UTC], buildStartDate=2025-02-14T23:43:00.905733056Z[Etc/UTC], buildCompletionDate=2025-02-14T23:43:02.692768910Z[Etc/UTC], estimatedCompletionDate=2025-02-14T23:43:19.905720463Z[Etc/UTC], estimatedDuration=19], buildConfig=BuildConfig[buildScript=#!/bin/bash
cd /var/tmp/testing-dir
chmod +x ./gradlew
./gradlew clean test
, dockerImage=dummy-docker-image:latest, commitHashToBuild=8f3057cbd462f5e3de4e6ba85115f60d8dbb5aea, assignmentCommitHash=8f3057cbd462f5e3de4e6ba85115f60d8dbb5aea, testCommitHash=8f3057cbd462f5e3de4e6ba85115f60d8dbb5aea, branch=main, programmingLanguage=JAVA, projectType=PLAIN_GRADLE, scaEnabled=true, sequentialTestRunsEnabled=false, resultPaths=[/var/tmp/testing-dir/**/test-results/test/*.xml], timeoutSeconds=0, assignmentCheckoutPath=null, testCheckoutPath=null, solutionCheckoutPath=null, dockerRunConfig=null], submissionResult=ResultDTO[id=136, completionDate=2025-02-14T23:43:02.637820510Z[Etc/UTC], successful=false, score=7.7, rated=true, submission=SubmissionDTO[id=124, submitted=true, type=MANUAL, exampleSubmission=null, submissionDate=2025-02-14T23:43:00.886601Z, commitHash=8f3057cbd462f5e3de4e6ba85115f60d8dbb5aea, buildFailed=false, buildArtifact=false, participation=ParticipationDTO[id=477, testRun=false, type=programming, submissionCount=null, exercise=ParticipationExerciseDTO[id=303, exerciseType=PROGRAMMING, type=programming, assessmentType=AUTOMATIC, dueDate=2025-02-16T23:43:00.631824Z, assessmentDueDate=null, maxPoints=42.0, course=CourseDTO[id=152, accuracyOfScores=1]]], submissionExerciseType=programming, isProcessing=false, buildStartDate=null, estimatedCompletionDate=null], participation=ParticipationDTO[id=477, testRun=false, type=programming, submissionCount=null, exercise=ParticipationExerciseDTO[id=303, exerciseType=PROGRAMMING, type=programming, assessmentType=AUTOMATIC, dueDate=2025-02-16T23:43:00.631824Z, assessmentDueDate=null, maxPoints=42.0, course=CourseDTO[id=152, accuracyOfScores=1]]], feedbacks=[FeedbackDTO[id=119, text=null, detailText=The exercise expects a class with the name Context in the package testpackage. You did not implement the class in the exercise., hasLongFeedbackText=false, reference=null, credits=0.0, positive=false, type=AUTOMATIC, visibility=ALWAYS, testCase=TestCaseDTO[testName=null, id=78]], FeedbackDTO[id=120, text=null, detailText=The exercise expects a class with the name Policy in the package testpackage. You did not implement the class in the exercise., hasLongFeedbackText=false, reference=null, credits=0.0, positive=false, type=AUTOMATIC, visibility=ALWAYS, testCase=TestCaseDTO[testName=null, id=79]], FeedbackDTO[id=121, text=null, detailText=The exercise expects a class with the name SortStrategy in the package testpackage. You did not implement the class in the exercise., hasLongFeedbackText=false, reference=null, credits=0.0, positive=false, type=AUTOMATIC, visibility=ALWAYS, testCase=TestCaseDTO[testName=null, id=80]], FeedbackDTO[id=122, text=null, detailText=The class 'MergeSort' does not implement the interface 'SortStrategy' as expected. Implement the interface and its methods., hasLongFeedbackText=false, reference=null, credits=0.0, positive=false, type=AUTOMATIC, visibility=ALWAYS, testCase=TestCaseDTO[testName=null, id=75]], FeedbackDTO[id=123, text=null, detailText=The exercise expects a class with the name SortStrategy in the package testpackage. You did not implement the class in the exercise., hasLongFeedbackText=false, reference=null, credits=0.0, positive=false, type=AUTOMATIC, visibility=ALWAYS, testCase=TestCaseDTO[testName=null, id=72]], FeedbackDTO[id=124, text=null, detailText=The class 'BubbleSort' does not implement the interface 'SortStrategy' as expected. Implement the interface and its methods., hasLongFeedbackText=false, reference=null, credits=0.0, positive=false, type=AUTOMATIC, visibility=ALWAYS, testCase=TestCaseDTO[testName=null, id=76]], FeedbackDTO[id=125, text=null, detailText=MergeSort does not sort correctly, hasLongFeedbackText=false, reference=null, credits=0.0, positive=false, type=AUTOMATIC, visibility=ALWAYS, testCase=TestCaseDTO[testName=null, id=81]], FeedbackDTO[id=126, text=null, detailText=The class 'Context' was not found within the submission. Make sure to implement it properly., hasLongFeedbackText=false, reference=null, credits=0.0, positive=false, type=AUTOMATIC, visibility=ALWAYS, testCase=TestCaseDTO[testName=null, id=82]], FeedbackDTO[id=127, text=null, detailText=The class 'Context' was not found within the submission. Make sure to implement it properly., hasLongFeedbackText=false, reference=null, credits=0.0, positive=false, type=AUTOMATIC, visibility=ALWAYS, testCase=TestCaseDTO[testName=null, id=83]], FeedbackDTO[id=128, text=null, detailText=The exercise expects a class with the name Policy in the package testpackage. You did not implement the class in the exercise., hasLongFeedbackText=false, reference=null, credits=0.0, positive=false, type=AUTOMATIC, visibility=ALWAYS, testCase=TestCaseDTO[testName=null, id=77]], FeedbackDTO[id=129, text=null, detailText=The exercise expects a class with the name Context in the package testpackage. You did not implement the class in the exercise., hasLongFeedbackText=false, reference=null, credits=0.0, positive=false, type=AUTOMATIC, visibility=ALWAYS, testCase=TestCaseDTO[testName=null, id=73]], FeedbackDTO[id=130, text=null, detailText=The exercise expects a class with the name Policy in the package testpackage. You did not implement the class in the exercise., hasLongFeedbackText=false, reference=null, credits=0.0, positive=false, type=AUTOMATIC, visibility=ALWAYS, testCase=TestCaseDTO[testName=null, id=74]], FeedbackDTO[id=131, text=null, detailText=null, hasLongFeedbackText=false, reference=null, credits=3.230769230769231, positive=true, type=AUTOMATIC, visibility=ALWAYS, testCase=TestCaseDTO[testName=null, id=84]], FeedbackDTO[id=132, text=SCAFeedbackIdentifier:Bad Practice, detailText={"filePath":"src/code/Client.java","startLine":6,"endLine":6,"startColumn":1,"endColumn":26,"rule":"UnusedImports","category":"Best Practices","message":"Avoid unused imports such as 'javax.swing.JFrame'","priority":"4"}, hasLongFeedbackText=false, reference=PMD, credits=0.0, positive=false, type=AUTOMATIC, visibility=null, testCase=null], FeedbackDTO[id=133, text=SCAFeedbackIdentifier:Code Style, detailText={"filePath":"src/code/Client.java","startLine":7,"endLine":7,"startColumn":1,"endColumn":19,"rule":"DontImportJavaLang","category":"Code Style","message":"Avoid importing anything from the package java.lang","priority":"4"}, hasLongFeedbackText=false, reference=PMD, credits=0.0, positive=false, type=AUTOMATIC, visibility=null, testCase=null], FeedbackDTO[id=134, text=SCAFeedbackIdentifier:Bad Practice, detailText={"filePath":"src/code/Client.java","startLine":7,"endLine":7,"startColumn":1,"endColumn":19,"rule":"UnusedImports","category":"Best Practices","message":"Avoid unused imports such as 'java.lang'","priority":"4"}, hasLongFeedbackText=false, reference=PMD, credits=0.0, positive=false, type=AUTOMATIC, visibility=null, testCase=null], FeedbackDTO[id=135, text=SCAFeedbackIdentifier:Bad Practice, detailText={"filePath":"src/code/Client.java","startLine":73,"endLine":73,"startColumn":18,"endColumn":27,"rule":"UnusedLocalVariable","category":"Best Practices","message":"Avoid unused local variables such as 'randomDate'.","priority":"3"}, hasLongFeedbackText=false, reference=PMD, credits=0.0, positive=false, type=AUTOMATIC, visibility=null, testCase=null], FeedbackDTO[id=136, text=SCAFeedbackIdentifier:Bad Practice, detailText={"filePath":"src/code/Client.java","startLine":81,"endLine":81,"startColumn":31,"endColumn":53,"rule":"UnusedPrivateMethod","category":"Best Practices","message":"Avoid unused private methods such as 'CreateRandomDatesList()'.","priority":"3"}, hasLongFeedbackText=false, reference=PMD, credits=0.0, positive=false, type=AUTOMATIC, visibility=null, testCase=null], FeedbackDTO[id=137, text=SCAFeedbackIdentifier:Potential Bugs, detailText={"filePath":"src/code/Client.java","startLine":94,"endLine":94,"startColumn":9,"endColumn":9,"rule":"EmptyStatementNotInLoop","category":"Error Prone","message":"An empty statement (semicolon) not part of a loop","priority":"3"}, hasLongFeedbackText=false, reference=PMD, credits=0.0, positive=false, type=AUTOMATIC, visibility=null, testCase=null], FeedbackDTO[id=138, text=SCAFeedbackIdentifier:Potential Bugs, detailText={"filePath":"src/code/Client.java","startLine":94,"endLine":94,"startColumn":10,"endColumn":10,"rule":"EmptyStatementNotInLoop","category":"Error Prone","message":"An empty statement (semicolon) not part of a loop","priority":"3"}, hasLongFeedbackText=false, reference=PMD, credits=0.0, positive=false, type=AUTOMATIC, visibility=null, testCase=null], FeedbackDTO[id=139, text=SCAFeedbackIdentifier:Potential Bugs, detailText={"filePath":"src/code/Client.java","startLine":94,"endLine":94,"startColumn":11,"endColumn":11,"rule":"EmptyStatementNotInLoop","category":"Error Prone","message":"An empty statement (semicolon) not part of a loop","priority":"3"}, hasLongFeedbackText=false, reference=PMD, credits=0.0, positive=false, type=AUTOMATIC, visibility=null, testCase=null], FeedbackDTO[id=140, text=SCAFeedbackIdentifier:Code Style, detailText={"filePath":"src/code/Client.java","startLine":73,"endLine":73,"rule":"DLS_DEAD_LOCAL_STORE","category":"STYLE","message":"Dead store to randomDate in code.Client.createRandomDatesList()","priority":"2"}, hasLongFeedbackText=false, reference=SPOTBUGS, credits=0.0, positive=false, type=AUTOMATIC, visibility=null, testCase=null], FeedbackDTO[id=141, text=SCAFeedbackIdentifier:Bad Practice, detailText={"filePath":"src/code/Client.java","startLine":82,"endLine":95,"rule":"NM_METHOD_NAMING_CONVENTION","category":"BAD_PRACTICE","message":"The method name code.Client.CreateRandomDatesList() doesn't start with a lower case letter","priority":"3"}, hasLongFeedbackText=false, reference=SPOTBUGS, credits=0.0, positive=false, type=AUTOMATIC, visibility=null, testCase=null], FeedbackDTO[id=142, text=SCAFeedbackIdentifier:Performance, detailText={"filePath":"src/code/Client.java","startLine":82,"endLine":95,"rule":"UPM_UNCALLED_PRIVATE_METHOD","category":"PERFORMANCE","message":"Private method code.Client.CreateRandomDatesList() is never called","priority":"2"}, hasLongFeedbackText=false, reference=SPOTBUGS, credits=0.0, positive=false, type=AUTOMATIC, visibility=null, testCase=null], FeedbackDTO[id=143, text=SCAFeedbackIdentifier:Code Style, detailText={"filePath":"src/code/Client.java","startLine":70,"endLine":70,"startColumn":9,"endColumn":9,"rule":"NeedBracesCheck","category":"blocks","message":"'for' construct must use '{}'s.","priority":"error"}, hasLongFeedbackText=false, reference=CHECKSTYLE, credits=0.0, positive=false, type=AUTOMATIC, visibility=null, testCase=null], FeedbackDTO[id=144, text=SCAFeedbackIdentifier:Code Style, detailText={"filePath":"src/code/Client.java","startLine":93,"endLine":93,"startColumn":9,"endColumn":9,"rule":"EmptyStatementCheck","category":"coding","message":"Empty statement.","priority":"error"}, hasLongFeedbackText=false, reference=CHECKSTYLE, credits=0.0, positive=false, type=AUTOMATIC, visibility=null, testCase=null], FeedbackDTO[id=145, text=SCAFeedbackIdentifier:Code Style, detailText={"filePath":"src/code/Client.java","startLine":93,"endLine":93,"startColumn":10,"endColumn":10,"rule":"EmptyStatementCheck","category":"coding","message":"Empty statement.","priority":"error"}, hasLongFeedbackText=false, reference=CHECKSTYLE, credits=0.0, positive=false, type=AUTOMATIC, visibility=null, testCase=null], FeedbackDTO[id=146, text=SCAFeedbackIdentifier:Code Style, detailText={"filePath":"src/code/Client.java","startLine":93,"endLine":93,"startColumn":11,"endColumn":11,"rule":"EmptyStatementCheck","category":"coding","message":"Empty statement.","priority":"error"}, hasLongFeedbackText=false, reference=CHECKSTYLE, credits=0.0, positive=false, type=AUTOMATIC, visibility=null, testCase=null]], assessmentType=AUTOMATIC, hasComplaint=null, exampleResult=null, testCaseCount=13, passedTestCaseCount=1, codeIssueCount=15]], BuildJobQueueItem[id=4821739576584632, name=SHORT433BAC4500363044960B6E10DFA0493471B2TSTEXC-LOCALCIINTSTUDENT1, buildAgent=BuildAgentDTO[name=artemis-build-agent-test, memberAddress=[127.0.0.1]:5703, displayName=artemis-build-agent-test], participationId=482, courseId=154, exerciseId=305, retryCount=0, priority=2, status=SUCCESSFUL, repositoryInfo=RepositoryInfo[repositoryName=short433bac4500363044960b6e10dfa0493471b2tstexc-localciintstudent1, repositoryType=user, triggeredByPushTo=user, assignmentRepositoryUri=http://localhost:49152/git/SHORT433BAC4500363044960B6E10DFA0493471B2TSTEXC/short433bac4500363044960b6e10dfa0493471b2tstexc-localciintstudent1.git, testRepositoryUri=http://localhost:49152/git/SHORT433BAC4500363044960B6E10DFA0493471B2TSTEXC/short433bac4500363044960b6e10dfa0493471b2tstexc-tests.git, solutionRepositoryUri=null, auxiliaryRepositoryUris=[Ljava.lang.String;@5b032d7, auxiliaryRepositoryCheckoutDirectories=[Ljava.lang.String;@1b30ba27], jobTimingInfo=JobTimingInfo[submissionDate=2025-02-14T23:43:04.632341258Z[Etc/UTC], buildStartDate=2025-02-14T23:43:04.637633457Z[Etc/UTC], buildCompletionDate=2025-02-14T23:43:06.421238953Z[Etc/UTC], estimatedCompletionDate=2025-02-14T23:43:23.637623879Z[Etc/UTC], estimatedDuration=19], buildConfig=BuildConfig[buildScript=#!/bin/bash
cd /var/tmp/testing-dir
chmod +x ./gradlew
./gradlew clean test
, dockerImage=dummy-docker-image:latest, commitHashToBuild=8355c4f3cd5d3e0443707d3310206e460e333c6f, assignmentCommitHash=8355c4f3cd5d3e0443707d3310206e460e333c6f, testCommitHash=8355c4f3cd5d3e0443707d3310206e460e333c6f, branch=main, programmingLanguage=JAVA, projectType=PLAIN_GRADLE, scaEnabled=false, sequentialTestRunsEnabled=false, resultPaths=[/var/tmp/testing-dir/**/test-results/test/*.xml], timeoutSeconds=0, assignmentCheckoutPath=null, testCheckoutPath=null, solutionCheckoutPath=null, dockerRunConfig=null], submissionResult=ResultDTO[id=137, completionDate=2025-02-14T23:43:06.404877412Z[Etc/UTC], successful=false, score=7.7, rated=true, submission=SubmissionDTO[id=125, submitted=true, type=MANUAL, exampleSubmission=null, submissionDate=2025-02-14T23:43:04.623230Z, commitHash=8355c4f3cd5d3e0443707d3310206e460e333c6f, buildFailed=false, buildArtifact=false, participation=ParticipationDTO[id=482, testRun=false, type=programming, submissionCount=null, exercise=ParticipationExerciseDTO[id=305, exerciseType=PROGRAMMING, type=programming, assessmentType=AUTOMATIC, dueDate=2025-02-16T23:43:04.425734Z, assessmentDueDate=null, maxPoints=42.0, course=CourseDTO[id=154, accuracyOfScores=1]]], submissionExerciseType=programming, isProcessing=false, buildStartDate=null, estimatedCompletionDate=null], participation=ParticipationDTO[id=482, testRun=false, type=programming, submissionCount=null, exercise=ParticipationExerciseDTO[id=305, exerciseType=PROGRAMMING, type=programming, assessmentType=AUTOMATIC, dueDate=2025-02-16T23:43:04.425734Z, assessmentDueDate=null, maxPoints=42.0, course=CourseDTO[id=154, accuracyOfScores=1]]], feedbacks=[FeedbackDTO[id=147, text=null, detailText=The exercise expects a class with the name Context in the package testpackage. You did not implement the class in the exercise., hasLongFeedbackText=false, reference=null, credits=0.0, positive=false, type=AUTOMATIC, visibility=ALWAYS, testCase=TestCaseDTO[testName=null, id=104]], FeedbackDTO[id=148, text=null, detailText=The exercise expects a class with the name Policy in the package testpackage. You did not implement the class in the exercise., hasLongFeedbackText=false, reference=null, credits=0.0, positive=false, type=AUTOMATIC, visibility=ALWAYS, testCase=TestCaseDTO[testName=null, id=105]], FeedbackDTO[id=149, text=null, detailText=The exercise expects a class with the name SortStrategy in the package testpackage. You did not implement the class in the exercise., hasLongFeedbackText=false, reference=null, credits=0.0, positive=false, type=AUTOMATIC, visibility=ALWAYS, testCase=TestCaseDTO[testName=null, id=106]], FeedbackDTO[id=150, text=null, detailText=The class 'MergeSort' does not implement the interface 'SortStrategy' as expected. Implement the interface and its methods., hasLongFeedbackText=false, reference=null, credits=0.0, positive=false, type=AUTOMATIC, visibility=ALWAYS, testCase=TestCaseDTO[testName=null, id=101]], FeedbackDTO[id=151, text=null, detailText=The exercise expects a class with the name SortStrategy in the package testpackage. You did not implement the class in the exercise., hasLongFeedbackText=false, reference=null, credits=0.0, positive=false, type=AUTOMATIC, visibility=ALWAYS, testCase=TestCaseDTO[testName=null, id=98]], FeedbackDTO[id=152, text=null, detailText=The class 'BubbleSort' does not implement the interface 'SortStrategy' as expected. Implement the interface and its methods., hasLongFeedbackText=false, reference=null, credits=0.0, positive=false, type=AUTOMATIC, visibility=ALWAYS, testCase=TestCaseDTO[testName=null, id=102]], FeedbackDTO[id=153, text=null, detailText=MergeSort does not sort correctly, hasLongFeedbackText=false, reference=null, credits=0.0, positive=false, type=AUTOMATIC, visibility=ALWAYS, testCase=TestCaseDTO[testName=null, id=107]], FeedbackDTO[id=154, text=null, detailText=The class 'Context' was not found within the submission. Make sure to implement it properly., hasLongFeedbackText=false, reference=null, credits=0.0, positive=false, type=AUTOMATIC, visibility=ALWAYS, testCase=TestCaseDTO[testName=null, id=108]], FeedbackDTO[id=155, text=null, detailText=The class 'Context' was not found within the submission. Make sure to implement it properly., hasLongFeedbackText=false, reference=null, credits=0.0, positive=false, type=AUTOMATIC, visibility=ALWAYS, testCase=TestCaseDTO[testName=null, id=109]], FeedbackDTO[id=156, text=null, detailText=The exercise expects a class with the name Policy in the package testpackage. You did not implement the class in the exercise., hasLongFeedbackText=false, reference=null, credits=0.0, positive=false, type=AUTOMATIC, visibility=ALWAYS, testCase=TestCaseDTO[testName=null, id=103]], FeedbackDTO[id=157, text=null, detailText=The exercise expects a class with the name Context in the package testpackage. You did not implement the class in the exercise., hasLongFeedbackText=false, reference=null, credits=0.0, positive=false, type=AUTOMATIC, visibility=ALWAYS, testCase=TestCaseDTO[testName=null, id=99]], FeedbackDTO[id=158, text=null, detailText=The exercise expects a class with the name Policy in the package testpackage. You did not implement the class in the exercise., hasLongFeedbackText=false, reference=null, credits=0.0, positive=false, type=AUTOMATIC, visibility=ALWAYS, testCase=TestCaseDTO[testName=null, id=100]], FeedbackDTO[id=159, text=null, detailText=null, hasLongFeedbackText=false, reference=null, credits=3.230769230769231, positive=true, type=AUTOMATIC, visibility=ALWAYS, testCase=TestCaseDTO[testName=null, id=110]]], assessmentType=AUTOMATIC, hasComplaint=null, exampleResult=null, testCaseCount=13, passedTestCaseCount=1, codeIssueCount=0]], BuildJobQueueItem[id=4851739576588371, name=SHORT495D587A0856D04A9E08BC60D2E08365FB9ETSTEXC-LOCALCIINTSTUDENT1, buildAgent=BuildAgentDTO[name=artemis-build-agent-test, memberAddress=[127.0.0.1]:5703, displayName=artemis-build-agent-test], participationId=485, courseId=155, exerciseId=306, retryCount=0, priority=2, status=FAILED, repositoryInfo=RepositoryInfo[repositoryName=short495d587a0856d04a9e08bc60d2e08365fb9etstexc-localciintstudent1, repositoryType=user, triggeredByPushTo=user, assignmentRepositoryUri=http://localhost:49152/git/SHORT495D587A0856D04A9E08BC60D2E08365FB9ETSTEXC/short495d587a0856d04a9e08bc60d2e08365fb9etstexc-localciintstudent1.git, testRepositoryUri=http://localhost:49152/git/SHORT495D587A0856D04A9E08BC60D2E08365FB9ETSTEXC/short495d587a0856d04a9e08bc60d2e08365fb9etstexc-tests.git, solutionRepositoryUri=null, auxiliaryRepositoryUris=[Ljava.lang.String;@338ac103, auxiliaryRepositoryCheckoutDirectories=[Ljava.lang.String;@8dc5de8], jobTimingInfo=JobTimingInfo[submissionDate=2025-02-14T23:43:08.371015915Z[Etc/UTC], buildStartDate=2025-02-14T23:43:08.374658929Z[Etc/UTC], buildCompletionDate=2025-02-14T23:43:09.341007666Z[Etc/UTC], estimatedCompletionDate=2025-02-14T23:43:27.374650503Z[Etc/UTC], estimatedDuration=19], buildConfig=BuildConfig[buildScript=#!/bin/bash
cd /var/tmp/testing-dir
chmod +x ./gradlew
./gradlew clean test
, dockerImage=dummy-docker-image:latest, commitHashToBuild=ebb8aa4dc3625fe07e975266e18313ad871ce864, assignmentCommitHash=9b3a9bd71a0d80e5bbc42204c319ed3d1d4f0d6d, testCommitHash=9b3a9bd71a0d80e5bbc42204c319ed3d1d4f0d6d, branch=main, programmingLanguage=JAVA, projectType=PLAIN_GRADLE, scaEnabled=false, sequentialTestRunsEnabled=false, resultPaths=[/var/tmp/testing-dir/**/test-results/test/*.xml], timeoutSeconds=0, assignmentCheckoutPath=null, testCheckoutPath=null, solutionCheckoutPath=null, dockerRunConfig=null], submissionResult=ResultDTO[id=138, completionDate=2025-02-14T23:43:09.343306574Z[Etc/UTC], successful=false, score=0.0, rated=true, submission=SubmissionDTO[id=127, submitted=true, type=MANUAL, exampleSubmission=null, submissionDate=2025-02-14T23:43:09.343306574Z[Etc/UTC], commitHash=9b3a9bd71a0d80e5bbc42204c319ed3d1d4f0d6d, buildFailed=true, buildArtifact=false, participation=ParticipationDTO[id=485, testRun=false, type=programming, submissionCount=null, exercise=ParticipationExerciseDTO[id=306, exerciseType=PROGRAMMING, type=programming, assessmentType=AUTOMATIC, dueDate=2025-02-16T23:43:08.185273Z, assessmentDueDate=null, maxPoints=42.0, course=CourseDTO[id=155, accuracyOfScores=1]]], submissionExerciseType=programming, isProcessing=false, buildStartDate=null, estimatedCompletionDate=null], participation=ParticipationDTO[id=485, testRun=false, type=programming, submissionCount=null, exercise=ParticipationExerciseDTO[id=306, exerciseType=PROGRAMMING, type=programming, assessmentType=AUTOMATIC, dueDate=2025-02-16T23:43:08.185273Z, assessmentDueDate=null, maxPoints=42.0, course=CourseDTO[id=155, accuracyOfScores=1]]], feedbacks=[], assessmentType=AUTOMATIC, hasComplaint=null, exampleResult=null, testCaseCount=0, passedTestCaseCount=0, codeIssueCount=0]], BuildJobQueueItem[id=4881739576590204, name=SHORT80B5DD0E0D6B304EBB096E9020B949996A1CTSTEXC-LOCALCIINTSTUDENT1, buildAgent=BuildAgentDTO[name=artemis-build-agent-test, memberAddress=[127.0.0.1]:5703, displayName=artemis-build-agent-test], participationId=488, courseId=156, exerciseId=307, retryCount=0, priority=2, status=SUCCESSFUL, repositoryInfo=RepositoryInfo[repositoryName=short80b5dd0e0d6b304ebb096e9020b949996a1ctstexc-localciintstudent1, repositoryType=user, triggeredByPushTo=user, assignmentRepositoryUri=http://localhost:49152/git/SHORT80B5DD0E0D6B304EBB096E9020B949996A1CTSTEXC/short80b5dd0e0d6b304ebb096e9020b949996a1ctstexc-localciintstudent1.git, testRepositoryUri=http://localhost:49152/git/SHORT80B5DD0E0D6B304EBB096E9020B949996A1CTSTEXC/short80b5dd0e0d6b304ebb096e9020b949996a1ctstexc-tests.git, solutionRepositoryUri=null, auxiliaryRepositoryUris=[Ljava.lang.String;@c7ef0ae, auxiliaryRepositoryCheckoutDirectories=[Ljava.lang.String;@12818284], jobTimingInfo=JobTimingInfo[submissionDate=2025-02-14T23:43:10.204264160Z[Etc/UTC], buildStartDate=2025-02-14T23:43:10.223149139Z[Etc/UTC], buildCompletionDate=2025-02-14T23:43:12.086509109Z[Etc/UTC], estimatedCompletionDate=2025-02-14T23:43:29.223142246Z[Etc/UTC], estimatedDuration=19], buildConfig=BuildConfig[buildScript=#!/bin/bash
cd /var/tmp/testing-dir
chmod +x ./gradlew
./gradlew clean test
, dockerImage=dummy-docker-image:latest, commitHashToBuild=b806a93102242552beed7c01b08b2769731814b3, assignmentCommitHash=b806a93102242552beed7c01b08b2769731814b3, testCommitHash=b806a93102242552beed7c01b08b2769731814b3, branch=main, programmingLanguage=JAVA, projectType=PLAIN_GRADLE, scaEnabled=false, sequentialTestRunsEnabled=false, resultPaths=[/var/tmp/testing-dir/**/test-results/test/*.xml], timeoutSeconds=0, assignmentCheckoutPath=null, testCheckoutPath=null, solutionCheckoutPath=null, dockerRunConfig=null], submissionResult=ResultDTO[id=139, completionDate=2025-02-14T23:43:12.066436124Z[Etc/UTC], successful=false, score=0.0, rated=true, submission=SubmissionDTO[id=128, submitted=true, type=MANUAL, exampleSubmission=null, submissionDate=2025-02-14T23:43:10.192407Z, commitHash=b806a93102242552beed7c01b08b2769731814b3, buildFailed=true, buildArtifact=false, participation=ParticipationDTO[id=488, testRun=false, type=programming, submissionCount=null, exercise=ParticipationExerciseDTO[id=307, exerciseType=PROGRAMMING, type=programming, assessmentType=AUTOMATIC, dueDate=2025-02-16T23:43:09.986646Z, assessmentDueDate=null, maxPoints=42.0, course=CourseDTO[id=156, accuracyOfScores=1]]], submissionExerciseType=programming, isProcessing=false, buildStartDate=null, estimatedCompletionDate=null], participation=ParticipationDTO[id=488, testRun=false, type=programming, submissionCount=null, exercise=ParticipationExerciseDTO[id=307, exerciseType=PROGRAMMING, type=programming, assessmentType=AUTOMATIC, dueDate=2025-02-16T23:43:09.986646Z, assessmentDueDate=null, maxPoints=42.0, course=CourseDTO[id=156, accuracyOfScores=1]]], feedbacks=[], assessmentType=AUTOMATIC, hasComplaint=null, exampleResult=null, testCaseCount=0, passedTestCaseCount=0, codeIssueCount=0]], BuildJobQueueItem[id=4911739576593817, name=SHORT585B2198089880462509B3007867E72DFB7ATSTEXC-LOCALCIINTSTUDENT1, buildAgent=BuildAgentDTO[name=artemis-build-agent-test, memberAddress=[127.0.0.1]:5703, displayName=artemis-build-agent-test], participationId=491, courseId=157, exerciseId=308, retryCount=0, priority=2, status=SUCCESSFUL, repositoryInfo=RepositoryInfo[repositoryName=short585b2198089880462509b3007867e72dfb7atstexc-localciintstudent1, repositoryType=user, triggeredByPushTo=user, assignmentRepositoryUri=http://localhost:49152/git/SHORT585B2198089880462509B3007867E72DFB7ATSTEXC/short585b2198089880462509b3007867e72dfb7atstexc-localciintstudent1.git, testRepositoryUri=http://localhost:49152/git/SHORT585B2198089880462509B3007867E72DFB7ATSTEXC/short585b2198089880462509b3007867e72dfb7atstexc-tests.git, solutionRepositoryUri=null, auxiliaryRepositoryUris=[Ljava.lang.String;@77e6cb0e, auxiliaryRepositoryCheckoutDirectories=[Ljava.lang.String;@1d3feb07], jobTimingInfo=JobTimingInfo[submissionDate=2025-02-14T23:43:13.817124706Z[Etc/UTC], buildStartDate=2025-02-14T23:43:13.834335931Z[Etc/UTC], buildCompletionDate=2025-02-14T23:43:15.746259139Z[Etc/UTC], estimatedCompletionDate=2025-02-14T23:43:32.834326082Z[Etc/UTC], estimatedDuration=19], buildConfig=BuildConfig[buildScript=#!/bin/bash
cd /var/tmp/testing-dir
chmod +x ./gradlew
./gradlew clean test
, dockerImage=dummy-docker-image:latest, commitHashToBuild=42077d078a5d5042fe2d4bd8299a990d342fce6e, assignmentCommitHash=42077d078a5d5042fe2d4bd8299a990d342fce6e, testCommitHash=42077d078a5d5042fe2d4bd8299a990d342fce6e, branch=main, programmingLanguage=JAVA, projectType=PLAIN_GRADLE, scaEnabled=false, sequentialTestRunsEnabled=false, resultPaths=[/var/tmp/testing-dir/**/test-results/test/*.xml], timeoutSeconds=0, assignmentCheckoutPath=null, testCheckoutPath=null, solutionCheckoutPath=null, dockerRunConfig=null], submissionResult=ResultDTO[id=140, completionDate=2025-02-14T23:43:15.725343914Z[Etc/UTC], successful=false, score=0.0, rated=true, submission=SubmissionDTO[id=129, submitted=true, type=MANUAL, exampleSubmission=null, submissionDate=2025-02-14T23:43:13.805401Z, commitHash=42077d078a5d5042fe2d4bd8299a990d342fce6e, buildFailed=false, buildArtifact=false, participation=ParticipationDTO[id=491, testRun=false, type=programming, submissionCount=null, exercise=ParticipationExerciseDTO[id=308, exerciseType=PROGRAMMING, type=programming, assessmentType=AUTOMATIC, dueDate=2025-02-16T23:43:13.569213Z, assessmentDueDate=null, maxPoints=42.0, course=CourseDTO[id=157, accuracyOfScores=1]]], submissionExerciseType=programming, isProcessing=false, buildStartDate=null, estimatedCompletionDate=null], participation=ParticipationDTO[id=491, testRun=false, type=programming, submissionCount=null, exercise=ParticipationExerciseDTO[id=308, exerciseType=PROGRAMMING, type=programming, assessmentType=AUTOMATIC, dueDate=2025-02-16T23:43:13.569213Z, assessmentDueDate=null, maxPoints=42.0, course=CourseDTO[id=157, accuracyOfScores=1]]], feedbacks=[FeedbackDTO[id=160, text=null, detailText=Deine Einreichung enthält keine Ausgabe. (67cac2), hasLongFeedbackText=false, reference=null, credits=0.0, positive=false, type=AUTOMATIC, visibility=ALWAYS, testCase=TestCaseDTO[testName=null, id=146]], FeedbackDTO[id=161, text=null, detailText=test `add` failed on ≥ 1 cases:
(0, 0)
Your submission raised an error Failure("TODO add"), hasLongFeedbackText=false, reference=null, credits=0.0, positive=false, type=AUTOMATIC, visibility=ALWAYS, testCase=TestCaseDTO[testName=null, id=149]], FeedbackDTO[id=162, text=null, detailText=test `filter` failed on ≥ 1 cases:
(even, [1; 2; 3; 4])
Your submission raised an error Failure("TODO filter"), hasLongFeedbackText=false, reference=null, credits=0.0, positive=false, type=AUTOMATIC, visibility=ALWAYS, testCase=TestCaseDTO[testName=null, id=148]], FeedbackDTO[id=163, text=null, detailText=Test was not executed., hasLongFeedbackText=false, reference=null, credits=0.0, positive=null, type=AUTOMATIC, visibility=null, testCase=TestCaseDTO[testName=null, id=137]], FeedbackDTO[id=164, text=null, detailText=Test was not executed., hasLongFeedbackText=false, reference=null, credits=0.0, positive=null, type=AUTOMATIC, visibility=null, testCase=TestCaseDTO[testName=null, id=138]], FeedbackDTO[id=165, text=null, detailText=Test was not executed., hasLongFeedbackText=false, reference=null, credits=0.0, positive=null, type=AUTOMATIC, visibility=null, testCase=TestCaseDTO[testName=null, id=139]], FeedbackDTO[id=166, text=null, detailText=Test was not executed., hasLongFeedbackText=false, reference=null, credits=0.0, positive=null, type=AUTOMATIC, visibility=null, testCase=TestCaseDTO[testName=null, id=140]], FeedbackDTO[id=167, text=null, detailText=Test was not executed., hasLongFeedbackText=false, reference=null, credits=0.0, positive=null, type=AUTOMATIC, visibility=null, testCase=TestCaseDTO[testName=null, id=141]], FeedbackDTO[id=168, text=null, detailText=Test was not executed., hasLongFeedbackText=false, reference=null, credits=0.0, positive=null, type=AUTOMATIC, visibility=null, testCase=TestCaseDTO[testName=null, id=142]], FeedbackDTO[id=169, text=null, detailText=Test was not executed., hasLongFeedbackText=false, reference=null, credits=0.0, positive=null, type=AUTOMATIC, visibility=null, testCase=TestCaseDTO[testName=null, id=143]], FeedbackDTO[id=170, text=null, detailText=Test was not executed., hasLongFeedbackText=false, reference=null, credits=0.0, positive=null, type=AUTOMATIC, visibility=null, testCase=TestCaseDTO[testName=null, id=144]], FeedbackDTO[id=171, text=null, detailText=Test was not executed., hasLongFeedbackText=false, reference=null, credits=0.0, positive=null, type=AUTOMATIC, visibility=null, testCase=TestCaseDTO[testName=null, id=145]], FeedbackDTO[id=172, text=null, detailText=Test was not executed., hasLongFeedbackText=false, reference=null, credits=0.0, positive=null, type=AUTOMATIC, visibility=null, testCase=TestCaseDTO[testName=null, id=147]]], assessmentType=AUTOMATIC, hasComplaint=null, exampleResult=null, testCaseCount=13, passedTestCaseCount=0, codeIssueCount=0]], BuildJobQueueItem[id=4941739576597286, name=SHORTFBCBD7BF0E6EB0451A080E80FCB407DC1F12TSTEXC-LOCALCIINTSTUDENT1, buildAgent=BuildAgentDTO[name=artemis-build-agent-test, memberAddress=[127.0.0.1]:5703, displayName=artemis-build-agent-test], participationId=494, courseId=158, exerciseId=309, retryCount=0, priority=2, status=SUCCESSFUL, repositoryInfo=RepositoryInfo[repositoryName=shortfbcbd7bf0e6eb0451a080e80fcb407dc1f12tstexc-localciintstudent1, repositoryType=user, triggeredByPushTo=user, assignmentRepositoryUri=http://localhost:49152/git/SHORTFBCBD7BF0E6EB0451A080E80FCB407DC1F12TSTEXC/shortfbcbd7bf0e6eb0451a080e80fcb407dc1f12tstexc-localciintstudent1.git, testRepositoryUri=http://localhost:49152/git/SHORTFBCBD7BF0E6EB0451A080E80FCB407DC1F12TSTEXC/shortfbcbd7bf0e6eb0451a080e80fcb407dc1f12tstexc-tests.git, solutionRepositoryUri=null, auxiliaryRepositoryUris=[Ljava.lang.String;@66bf838e, auxiliaryRepositoryCheckoutDirectories=[Ljava.lang.String;@78b4a87f], jobTimingInfo=JobTimingInfo[submissionDate=2025-02-14T23:43:17.286977233Z[Etc/UTC], buildStartDate=2025-02-14T23:43:17.293977347Z[Etc/UTC], buildCompletionDate=2025-02-14T23:43:18.740990762Z[Etc/UTC], estimatedCompletionDate=2025-02-14T23:43:36.293970494Z[Etc/UTC], estimatedDuration=19], buildConfig=BuildConfig[buildScript=#!/bin/bash
cd /var/tmp/testing-dir
chmod +x ./gradlew
./gradlew clean test
, dockerImage=dummy-docker-image:latest, commitHashToBuild=4a1af7e8a64e6505c5fc09b9f81ea41af9fcff44, assignmentCommitHash=4a1af7e8a64e6505c5fc09b9f81ea41af9fcff44, testCommitHash=4a1af7e8a64e6505c5fc09b9f81ea41af9fcff44, branch=main, programmingLanguage=JAVA, projectType=PLAIN_GRADLE, scaEnabled=false, sequentialTestRunsEnabled=false, resultPaths=[/var/tmp/testing-dir/**/test-results/test/*.xml], timeoutSeconds=0, assignmentCheckoutPath=null, testCheckoutPath=null, solutionCheckoutPath=null, dockerRunConfig=null], submissionResult=ResultDTO[id=141, completionDate=2025-02-14T23:43:18.729015138Z[Etc/UTC], successful=false, score=0.0, rated=true, submission=SubmissionDTO[id=130, submitted=true, type=MANUAL, exampleSubmission=null, submissionDate=2025-02-14T23:43:17.272936Z, commitHash=4a1af7e8a64e6505c5fc09b9f81ea41af9fcff44, buildFailed=true, buildArtifact=false, participation=ParticipationDTO[id=494, testRun=false, type=programming, submissionCount=null, exercise=ParticipationExerciseDTO[id=309, exerciseType=PROGRAMMING, type=programming, assessmentType=AUTOMATIC, dueDate=2025-02-16T23:43:17.147218Z, assessmentDueDate=null, maxPoints=42.0, course=CourseDTO[id=158, accuracyOfScores=1]]], submissionExerciseType=programming, isProcessing=false, buildStartDate=null, estimatedCompletionDate=null], participation=ParticipationDTO[id=494, testRun=false, type=programming, submissionCount=null, exercise=ParticipationExerciseDTO[id=309, exerciseType=PROGRAMMING, type=programming, assessmentType=AUTOMATIC, dueDate=2025-02-16T23:43:17.147218Z, assessmentDueDate=null, maxPoints=42.0, course=CourseDTO[id=158, accuracyOfScores=1]]], feedbacks=[], assessmentType=AUTOMATIC, hasComplaint=null, exampleResult=null, testCaseCount=0, passedTestCaseCount=0, codeIssueCount=0]], BuildJobQueueItem[id=4971739576599269, name=SHORT52AD57270517204728083260501A19D262D1TSTEXC-LOCALCIINTSTUDENT1, buildAgent=BuildAgentDTO[name=artemis-build-agent-test, memberAddress=[127.0.0.1]:5703, displayName=artemis-build-agent-test], participationId=497, courseId=159, exerciseId=310, retryCount=0, priority=2, status=SUCCESSFUL, repositoryInfo=RepositoryInfo[repositoryName=short52ad57270517204728083260501a19d262d1tstexc-localciintstudent1, repositoryType=user, triggeredByPushTo=user, assignmentRepositoryUri=http://localhost:49152/git/SHORT52AD57270517204728083260501A19D262D1TSTEXC/short52ad57270517204728083260501a19d262d1tstexc-localciintstudent1.git, testRepositoryUri=http://localhost:49152/git/SHORT52AD57270517204728083260501A19D262D1TSTEXC/short52ad57270517204728083260501a19d262d1tstexc-tests.git, solutionRepositoryUri=null, auxiliaryRepositoryUris=[Ljava.lang.String;@394ba2dc, auxiliaryRepositoryCheckoutDirectories=[Ljava.lang.String;@5b4e1121], jobTimingInfo=JobTimingInfo[submissionDate=2025-02-14T23:43:19.269997499Z[Etc/UTC], buildStartDate=2025-02-14T23:43:19.277325895Z[Etc/UTC], buildCompletionDate=2025-02-14T23:43:20.497391524Z[Etc/UTC], estimatedCompletionDate=2025-02-14T23:43:38.277310787Z[Etc/UTC], estimatedDuration=19], buildConfig=BuildConfig[buildScript=#!/bin/bash
cd /var/tmp/testing-dir
chmod +x ./gradlew
./gradlew clean test
, dockerImage=dummy-docker-image:latest, commitHashToBuild=9f4f76247a188e9a0f3516a9fbd60e829d53fb05, assignmentCommitHash=9f4f76247a188e9a0f3516a9fbd60e829d53fb05, testCommitHash=9f4f76247a188e9a0f3516a9fbd60e829d53fb05, branch=main, programmingLanguage=JAVA, projectType=PLAIN_GRADLE, scaEnabled=false, sequentialTestRunsEnabled=false, resultPaths=[/var/tmp/testing-dir/**/test-results/test/*.xml], timeoutSeconds=0, assignmentCheckoutPath=null, testCheckoutPath=null, solutionCheckoutPath=null, dockerRunConfig=null], submissionResult=ResultDTO[id=142, completionDate=2025-02-14T23:43:20.484244187Z[Etc/UTC], successful=false, score=7.7, rated=true, submission=SubmissionDTO[id=131, submitted=true, type=MANUAL, exampleSubmission=null, submissionDate=2025-02-14T23:43:19.265464Z, commitHash=9f4f76247a188e9a0f3516a9fbd60e829d53fb05, buildFailed=false, buildArtifact=false, participation=ParticipationDTO[id=497, testRun=false, type=programming, submissionCount=null, exercise=ParticipationExerciseDTO[id=310, exerciseType=PROGRAMMING, type=programming, assessmentType=AUTOMATIC, dueDate=2025-02-16T23:43:19.182228Z, assessmentDueDate=null, maxPoints=42.0, course=CourseDTO[id=159, accuracyOfScores=1]]], submissionExerciseType=programming, isProcessing=false, buildStartDate=null, estimatedCompletionDate=null], participation=ParticipationDTO[id=497, testRun=false, type=programming, submissionCount=null, exercise=ParticipationExerciseDTO[id=310, exerciseType=PROGRAMMING, type=programming, assessmentType=AUTOMATIC, dueDate=2025-02-16T23:43:19.182228Z, assessmentDueDate=null, maxPoints=42.0, course=CourseDTO[id=159, accuracyOfScores=1]]], feedbacks=[FeedbackDTO[id=173, text=null, detailText=The exercise expects a class with the name Context in the package testpackage. You did not implement the class in the exercise., hasLongFeedbackText=false, reference=null, credits=0.0, positive=false, type=AUTOMATIC, visibility=ALWAYS, testCase=TestCaseDTO[testName=null, id=169]], FeedbackDTO[id=174, text=null, detailText=The exercise expects a class with the name Policy in the package testpackage. You did not implement the class in the exercise., hasLongFeedbackText=false, reference=null, credits=0.0, positive=false, type=AUTOMATIC, visibility=ALWAYS, testCase=TestCaseDTO[testName=null, id=170]], FeedbackDTO[id=175, text=null, detailText=The exercise expects a class with the name SortStrategy in the package testpackage. You did not implement the class in the exercise., hasLongFeedbackText=false, reference=null, credits=0.0, positive=false, type=AUTOMATIC, visibility=ALWAYS, testCase=TestCaseDTO[testName=null, id=171]], FeedbackDTO[id=176, text=null, detailText=The class 'MergeSort' does not implement the interface 'SortStrategy' as expected. Implement the interface and its methods., hasLongFeedbackText=false, reference=null, credits=0.0, positive=false, type=AUTOMATIC, visibility=ALWAYS, testCase=TestCaseDTO[testName=null, id=166]], FeedbackDTO[id=177, text=null, detailText=The exercise expects a class with the name SortStrategy in the package testpackage. You did not implement the class in the exercise., hasLongFeedbackText=false, reference=null, credits=0.0, positive=false, type=AUTOMATIC, visibility=ALWAYS, testCase=TestCaseDTO[testName=null, id=163]], FeedbackDTO[id=178, text=null, detailText=The class 'BubbleSort' does not implement the interface 'SortStrategy' as expected. Implement the interface and its methods., hasLongFeedbackText=false, reference=null, credits=0.0, positive=false, type=AUTOMATIC, visibility=ALWAYS, testCase=TestCaseDTO[testName=null, id=167]], FeedbackDTO[id=179, text=null, detailText=MergeSort does not sort correctly, hasLongFeedbackText=false, reference=null, credits=0.0, positive=false, type=AUTOMATIC, visibility=ALWAYS, testCase=TestCaseDTO[testName=null, id=172]], FeedbackDTO[id=180, text=null, detailText=The class 'Context' was not found within the submission. Make sure to implement it properly., hasLongFeedbackText=false, reference=null, credits=0.0, positive=false, type=AUTOMATIC, visibility=ALWAYS, testCase=TestCaseDTO[testName=null, id=173]], FeedbackDTO[id=181, text=null, detailText=The class 'Context' was not found within the submission. Make sure to implement it properly., hasLongFeedbackText=false, reference=null, credits=0.0, positive=false, type=AUTOMATIC, visibility=ALWAYS, testCase=TestCaseDTO[testName=null, id=174]], FeedbackDTO[id=182, text=null, detailText=The exercise expects a class with the name Policy in the package testpackage. You did not implement the class in the exercise., hasLongFeedbackText=false, reference=null, credits=0.0, positive=false, type=AUTOMATIC, visibility=ALWAYS, testCase=TestCaseDTO[testName=null, id=168]], FeedbackDTO[id=183, text=null, detailText=The exercise expects a class with the name Context in the package testpackage. You did not implement the class in the exercise., hasLongFeedbackText=false, reference=null, credits=0.0, positive=false, type=AUTOMATIC, visibility=ALWAYS, testCase=TestCaseDTO[testName=null, id=164]], FeedbackDTO[id=184, text=null, detailText=The exercise expects a class with the name Policy in the package testpackage. You did not implement the class in the exercise., hasLongFeedbackText=false, reference=null, credits=0.0, positive=false, type=AUTOMATIC, visibility=ALWAYS, testCase=TestCaseDTO[testName=null, id=165]], FeedbackDTO[id=185, text=null, detailText=null, hasLongFeedbackText=false, reference=null, credits=3.230769230769231, positive=true, type=AUTOMATIC, visibility=ALWAYS, testCase=TestCaseDTO[testName=null, id=175]]], assessmentType=AUTOMATIC, hasComplaint=null, exampleResult=null, testCaseCount=13, passedTestCaseCount=1, codeIssueCount=0]], BuildJobQueueItem[id=5001739576601035, name=SHORT582B1BDC0A17704D6D0A46800FC19163DA47TSTEXC-LOCALCIINTSTUDENT1, buildAgent=BuildAgentDTO[name=artemis-build-agent-test, memberAddress=[127.0.0.1]:5703, displayName=artemis-build-agent-test], participationId=500, courseId=160, exerciseId=311, retryCount=0, priority=2, status=SUCCESSFUL, repositoryInfo=RepositoryInfo[repositoryName=short582b1bdc0a17704d6d0a46800fc19163da47tstexc-localciintstudent1, repositoryType=user, triggeredByPushTo=user, assignmentRepositoryUri=http://localhost:49152/git/SHORT582B1BDC0A17704D6D0A46800FC19163DA47TSTEXC/short582b1bdc0a17704d6d0a46800fc19163da47tstexc-localciintstudent1.git, testRepositoryUri=http://localhost:49152/git/SHORT582B1BDC0A17704D6D0A46800FC19163DA47TSTEXC/short582b1bdc0a17704d6d0a46800fc19163da47tstexc-tests.git, solutionRepositoryUri=null, auxiliaryRepositoryUris=[Ljava.lang.String;@41f74a35, auxiliaryRepositoryCheckoutDirectories=[Ljava.lang.String;@1cdde524], jobTimingInfo=JobTimingInfo[submissionDate=2025-02-14T23:43:21.035120760Z[Etc/UTC], buildStartDate=2025-02-14T23:43:21.040320383Z[Etc/UTC], buildCompletionDate=2025-02-14T23:43:22.581236903Z[Etc/UTC], estimatedCompletionDate=2025-02-14T23:43:40.040312057Z[Etc/UTC], estimatedDuration=19], buildConfig=BuildConfig[buildScript=#!/bin/bash
cd /var/tmp/testing-dir
chmod +x ./gradlew
./gradlew clean test
, dockerImage=dummy-docker-image:latest, commitHashToBuild=887566cf754016f986627cf5c5c365dea16c907f, assignmentCommitHash=887566cf754016f986627cf5c5c365dea16c907f, testCommitHash=6af67146332066e7430917928a4b9b81c43b7c71, branch=main, programmingLanguage=JAVA, projectType=PLAIN_GRADLE, scaEnabled=false, sequentialTestRunsEnabled=false, resultPaths=[/var/tmp/testing-dir/**/test-results/test/*.xml], timeoutSeconds=0, assignmentCheckoutPath=customAssignmentPath, testCheckoutPath=null, solutionCheckoutPath=null, dockerRunConfig=null], submissionResult=ResultDTO[id=143, completionDate=2025-02-14T23:43:22.538158998Z[Etc/UTC], successful=false, score=7.7, rated=true, submission=SubmissionDTO[id=132, submitted=true, type=MANUAL, exampleSubmission=null, submissionDate=2025-02-14T23:43:21.028930Z, commitHash=887566cf754016f986627cf5c5c365dea16c907f, buildFailed=false, buildArtifact=false, participation=ParticipationDTO[id=500, testRun=false, type=programming, submissionCount=null, exercise=ParticipationExerciseDTO[id=311, exerciseType=PROGRAMMING, type=programming, assessmentType=AUTOMATIC, dueDate=2025-02-16T23:43:20.897280Z, assessmentDueDate=null, maxPoints=42.0, course=CourseDTO[id=160, accuracyOfScores=1]]], submissionExerciseType=programming, isProcessing=false, buildStartDate=null, estimatedCompletionDate=null], participation=ParticipationDTO[id=500, testRun=false, type=programming, submissionCount=null, exercise=ParticipationExerciseDTO[id=311, exerciseType=PROGRAMMING, type=programming, assessmentType=AUTOMATIC, dueDate=2025-02-16T23:43:20.897280Z, assessmentDueDate=null, maxPoints=42.0, course=CourseDTO[id=160, accuracyOfScores=1]]], feedbacks=[FeedbackDTO[id=186, text=null, detailText=The exercise expects a class with the name Context in the package testpackage. You did not implement the class in the exercise., hasLongFeedbackText=false, reference=null, credits=0.0, positive=false, type=AUTOMATIC, visibility=ALWAYS, testCase=TestCaseDTO[testName=null, id=182]], FeedbackDTO[id=187, text=null, detailText=The exercise expects a class with the name Policy in the package testpackage. You did not implement the class in the exercise., hasLongFeedbackText=false, reference=null, credits=0.0, positive=false, type=AUTOMATIC, visibility=ALWAYS, testCase=TestCaseDTO[testName=null, id=183]], FeedbackDTO[id=188, text=null, detailText=The exercise expects a class with the name SortStrategy in the package testpackage. You did not implement the class in the exercise., hasLongFeedbackText=false, reference=null, credits=0.0, positive=false, type=AUTOMATIC, visibility=ALWAYS, testCase=TestCaseDTO[testName=null, id=184]], FeedbackDTO[id=189, text=null, detailText=The class 'MergeSort' does not implement the interface 'SortStrategy' as expected. Implement the interface and its methods., hasLongFeedbackText=false, reference=null, credits=0.0, positive=false, type=AUTOMATIC, visibility=ALWAYS, testCase=TestCaseDTO[testName=null, id=179]], FeedbackDTO[id=190, text=null, detailText=The exercise expects a class with the name SortStrategy in the package testpackage. You did not implement the class in the exercise., hasLongFeedbackText=false, reference=null, credits=0.0, positive=false, type=AUTOMATIC, visibility=ALWAYS, testCase=TestCaseDTO[testName=null, id=176]], FeedbackDTO[id=191, text=null, detailText=The class 'BubbleSort' does not implement the interface 'SortStrategy' as expected. Implement the interface and its methods., hasLongFeedbackText=false, reference=null, credits=0.0, positive=false, type=AUTOMATIC, visibility=ALWAYS, testCase=TestCaseDTO[testName=null, id=180]], FeedbackDTO[id=192, text=null, detailText=MergeSort does not sort correctly, hasLongFeedbackText=false, reference=null, credits=0.0, positive=false, type=AUTOMATIC, visibility=ALWAYS, testCase=TestCaseDTO[testName=null, id=185]], FeedbackDTO[id=193, text=null, detailText=The class 'Context' was not found within the submission. Make sure to implement it properly., hasLongFeedbackText=false, reference=null, credits=0.0, positive=false, type=AUTOMATIC, visibility=ALWAYS, testCase=TestCaseDTO[testName=null, id=186]], FeedbackDTO[id=194, text=null, detailText=The class 'Context' was not found within the submission. Make sure to implement it properly., hasLongFeedbackText=false, reference=null, credits=0.0, positive=false, type=AUTOMATIC, visibility=ALWAYS, testCase=TestCaseDTO[testName=null, id=187]], FeedbackDTO[id=195, text=null, detailText=The exercise expects a class with the name Policy in the package testpackage. You did not implement the class in the exercise., hasLongFeedbackText=false, reference=null, credits=0.0, positive=false, type=AUTOMATIC, visibility=ALWAYS, testCase=TestCaseDTO[testName=null, id=181]], FeedbackDTO[id=196, text=null, detailText=The exercise expects a class with the name Context in the package testpackage. You did not implement the class in the exercise., hasLongFeedbackText=false, reference=null, credits=0.0, positive=false, type=AUTOMATIC, visibility=ALWAYS, testCase=TestCaseDTO[testName=null, id=177]], FeedbackDTO[id=197, text=null, detailText=The exercise expects a class with the name Policy in the package testpackage. You did not implement the class in the exercise., hasLongFeedbackText=false, reference=null, credits=0.0, positive=false, type=AUTOMATIC, visibility=ALWAYS, testCase=TestCaseDTO[testName=null, id=178]], FeedbackDTO[id=198, text=null, detailText=null, hasLongFeedbackText=false, reference=null, credits=3.230769230769231, positive=true, type=AUTOMATIC, visibility=ALWAYS, testCase=TestCaseDTO[testName=null, id=188]]], assessmentType=AUTOMATIC, hasComplaint=null, exampleResult=null, testCaseCount=13, passedTestCaseCount=1, codeIssueCount=0]], BuildJobQueueItem[id=5031739576604847, name=SHORT00FA1A240403404C7E097D7007C591BE2AB1TSTEXC-LOCALCIINTSTUDENT1, buildAgent=BuildAgentDTO[name=artemis-build-agent-test, memberAddress=[127.0.0.1]:5703, displayName=artemis-build-agent-test], participationId=503, courseId=161, exerciseId=312, retryCount=0, priority=2, status=FAILED, repositoryInfo=RepositoryInfo[repositoryName=short00fa1a240403404c7e097d7007c591be2ab1tstexc-localciintstudent1, repositoryType=user, triggeredByPushTo=user, assignmentRepositoryUri=http://localhost:49152/git/SHORT00FA1A240403404C7E097D7007C591BE2AB1TSTEXC/short00fa1a240403404c7e097d7007c591be2ab1tstexc-localciintstudent1.git, testRepositoryUri=http://localhost:49152/git/SHORT00FA1A240403404C7E097D7007C591BE2AB1TSTEXC/short00fa1a240403404c7e097d7007c591be2ab1tstexc-tests.git, solutionRepositoryUri=null, auxiliaryRepositoryUris=[Ljava.lang.String;@78e4e921, auxiliaryRepositoryCheckoutDirectories=[Ljava.lang.String;@53082805], jobTimingInfo=JobTimingInfo[submissionDate=2025-02-14T23:43:24.847396156Z[Etc/UTC], buildStartDate=2025-02-14T23:43:24.860457211Z[Etc/UTC], buildCompletionDate=2025-02-14T23:43:26.809353681Z[Etc/UTC], estimatedCompletionDate=2025-02-14T23:43:46.860451490Z[Etc/UTC], estimatedDuration=22], buildConfig=BuildConfig[buildScript=#!/bin/bash
cd /var/tmp/testing-dir
chmod +x ./gradlew
./gradlew clean test
, dockerImage=dummy-docker-image:latest, commitHashToBuild=9690714a509af0a98c6790a7e52ee3574c7ef689, assignmentCommitHash=9690714a509af0a98c6790a7e52ee3574c7ef689, testCommitHash=9690714a509af0a98c6790a7e52ee3574c7ef689, branch=main, programmingLanguage=JAVA, projectType=PLAIN_GRADLE, scaEnabled=false, sequentialTestRunsEnabled=false, resultPaths=[/var/tmp/testing-dir/**/test-results/test/*.xml], timeoutSeconds=0, assignmentCheckoutPath=null, testCheckoutPath=null, solutionCheckoutPath=null, dockerRunConfig=null], submissionResult=null]], publicSshKey=ssh-rsa AAAAB3NzaC1yc2EAAAADAQABAAACAQCOPdMsxRE2jFJ/UEa5/LsBxtwzJcrh3/rYBCQvcMeVpiRfhzQPWu7mrt/G2Ew+i+vRloGH9aqKg6dd1liRncao53Zmd/ePxoatXePNhmzTfkCkcSkTUz7B+QMjkoDDV5jwuFPD6mF3JkhuzSi64n9Zy905t4w2IhVcjM2mL3eYNjiCXt6Qpq3Pkt7dM/Ksw1nxnvuiIALuJLB3FTkXkHqq3PJav+9HSq2r6ZaWgekneaGxlQlb+U+Vy3XOuArKAzK8c8i+0bR+AHiTG6ncYXt7ax3U+TdlDTF7OLP3umwaYjs1NBXOHwG42pevvpKn2fqavZZozk+M05jXLx3bq0O7itxfErWc7etky8qYPyyIMF/txQIVLd78+Ze4d7Y60t5MGbXM5cGE6fFif5fEJwgswXD+BrG0cafz1CTatjSKFdvp8Vp4VszXhHDan1PrP6JEFJ5Cc5GDmLRZPCFa3vL9f5qXgf4bkqKN8MYeEujwJE5nMRWoiJVNakix2bcrrneQMBlnYeYZVWXXXUusAQBzl4NgddC1umZpihZkL1b1MffZAUW3EGEXi7KHnllQhkTLLsQ8ntMgbylqaJKStqaXlLvdeRJcEnUuiFCrHEVVbXRFZR7XVDZ02CE5o3MuaRPty8Kh+jRTF3COlAckHwYEJCNNJvXFgb2CNXL4mjzYDw== test@localhost]
    23:43:26.947 | 566 localvc.event-13 | DEBUG | s.l.LocalCIWebsocketMessagingService : Sending message on topic /topic/admin/build-agents: [BuildAgentInformation[buildAgent=BuildAgentDTO[name=artemis-build-agent-test, memberAddress=[127.0.0.1]:5703, displayName=artemis-build-agent-test], maxNumberOfConcurrentBuildJobs=1, numberOfCurrentBuildJobs=1, runningBuildJobs=[BuildJobQueueItem[id=5061739576605250, name=SHORT62C808EE04ECE040740AF7B0CF3AE5F5BEF2TSTEXC-LOCALCIINTSTUDENT1, buildAgent=BuildAgentDTO[name=artemis-build-agent-test, memberAddress=[127.0.0.1]:5703, displayName=artemis-build-agent-test], participationId=506, courseId=162, exerciseId=313, retryCount=0, priority=2, status=null, repositoryInfo=RepositoryInfo[repositoryName=short62c808ee04ece040740af7b0cf3ae5f5bef2tstexc-localciintstudent1, repositoryType=user, triggeredByPushTo=user, assignmentRepositoryUri=, testRepositoryUri=, solutionRepositoryUri=, auxiliaryRepositoryUris=null, auxiliaryRepositoryCheckoutDirectories=null], jobTimingInfo=JobTimingInfo[submissionDate=2025-02-14T23:43:25.250749866Z[Etc/UTC], buildStartDate=2025-02-14T23:43:26.820713075Z[Etc/UTC], buildCompletionDate=null, estimatedCompletionDate=2025-02-14T23:43:45.820704920Z[Etc/UTC], estimatedDuration=19], buildConfig=BuildConfig[buildScript=, dockerImage=, commitHashToBuild=993b6f756e3e52a44d0537d4fa3a5d0e0acdbe89, assignmentCommitHash=, testCommitHash=, branch=, programmingLanguage=null, projectType=null, scaEnabled=false, sequentialTestRunsEnabled=false, resultPaths=null, timeoutSeconds=0, assignmentCheckoutPath=, testCheckoutPath=, solutionCheckoutPath=, dockerRunConfig=null], submissionResult=null]], status=ACTIVE, recentBuildJobs=null, publicSshKey=null]]
    23:43:26.949 | 566 localvc.event-13 | DEBUG | s.l.LocalCIWebsocketMessagingService : Sending message on topic /topic/admin/build-agent/artemis-build-agent-test: BuildAgentInformation[buildAgent=BuildAgentDTO[name=artemis-build-agent-test, memberAddress=[127.0.0.1]:5703, displayName=artemis-build-agent-test], maxNumberOfConcurrentBuildJobs=1, numberOfCurrentBuildJobs=1, runningBuildJobs=[BuildJobQueueItem[id=5061739576605250, name=SHORT62C808EE04ECE040740AF7B0CF3AE5F5BEF2TSTEXC-LOCALCIINTSTUDENT1, buildAgent=BuildAgentDTO[name=artemis-build-agent-test, memberAddress=[127.0.0.1]:5703, displayName=artemis-build-agent-test], participationId=506, courseId=162, exerciseId=313, retryCount=0, priority=2, status=null, repositoryInfo=RepositoryInfo[repositoryName=short62c808ee04ece040740af7b0cf3ae5f5bef2tstexc-localciintstudent1, repositoryType=user, triggeredByPushTo=user, assignmentRepositoryUri=http://localhost:49152/git/SHORT62C808EE04ECE040740AF7B0CF3AE5F5BEF2TSTEXC/short62c808ee04ece040740af7b0cf3ae5f5bef2tstexc-localciintstudent1.git, testRepositoryUri=http://localhost:49152/git/SHORT62C808EE04ECE040740AF7B0CF3AE5F5BEF2TSTEXC/short62c808ee04ece040740af7b0cf3ae5f5bef2tstexc-tests.git, solutionRepositoryUri=null, auxiliaryRepositoryUris=[Ljava.lang.String;@4a005e2, auxiliaryRepositoryCheckoutDirectories=[Ljava.lang.String;@167a5d73], jobTimingInfo=JobTimingInfo[submissionDate=2025-02-14T23:43:25.250749866Z[Etc/UTC], buildStartDate=2025-02-14T23:43:26.820713075Z[Etc/UTC], buildCompletionDate=null, estimatedCompletionDate=2025-02-14T23:43:45.820704920Z[Etc/UTC], estimatedDuration=19], buildConfig=BuildConfig[buildScript=#!/bin/bash
cd /var/tmp/testing-dir
chmod +x ./gradlew
./gradlew clean test
, dockerImage=dummy-docker-image:latest, commitHashToBuild=993b6f756e3e52a44d0537d4fa3a5d0e0acdbe89, assignmentCommitHash=993b6f756e3e52a44d0537d4fa3a5d0e0acdbe89, testCommitHash=993b6f756e3e52a44d0537d4fa3a5d0e0acdbe89, branch=main, programmingLanguage=JAVA, projectType=null, scaEnabled=false, sequentialTestRunsEnabled=false, resultPaths=[/var/tmp/testing-dir/**/test-results/test/*.xml], timeoutSeconds=0, assignmentCheckoutPath=null, testCheckoutPath=null, solutionCheckoutPath=null, dockerRunConfig=null], submissionResult=null]], status=ACTIVE, recentBuildJobs=[BuildJobQueueItem[id=4621739576562326, name=SHORT43ACF76B02BC1044B80938509D14043FABDETSTEXC-LOCALCIINTSTUDENT1, buildAgent=BuildAgentDTO[name=artemis-build-agent-test, memberAddress=[127.0.0.1]:5703, displayName=artemis-build-agent-test], participationId=462, courseId=147, exerciseId=298, retryCount=0, priority=2, status=SUCCESSFUL, repositoryInfo=RepositoryInfo[repositoryName=short43acf76b02bc1044b80938509d14043fabdetstexc-localciintstudent1, repositoryType=user, triggeredByPushTo=user, assignmentRepositoryUri=http://localhost:49152/git/SHORT43ACF76B02BC1044B80938509D14043FABDETSTEXC/short43acf76b02bc1044b80938509d14043fabdetstexc-localciintstudent1.git, testRepositoryUri=http://localhost:49152/git/SHORT43ACF76B02BC1044B80938509D14043FABDETSTEXC/short43acf76b02bc1044b80938509d14043fabdetstexc-tests.git, solutionRepositoryUri=null, auxiliaryRepositoryUris=[Ljava.lang.String;@151951e1, auxiliaryRepositoryCheckoutDirectories=[Ljava.lang.String;@5c100198], jobTimingInfo=JobTimingInfo[submissionDate=2025-02-14T23:42:42.326978596Z[Etc/UTC], buildStartDate=2025-02-14T23:42:42.420147010Z[Etc/UTC], buildCompletionDate=2025-02-14T23:42:45.573855829Z[Etc/UTC], estimatedCompletionDate=2025-02-14T23:43:01.420129377Z[Etc/UTC], estimatedDuration=19], buildConfig=BuildConfig[buildScript=#!/bin/bash
cd /var/tmp/testing-dir
chmod +x ./gradlew
./gradlew clean test
, dockerImage=dummy-docker-image:latest, commitHashToBuild=a9c717ccf7bcbe9531d3eee21dbaeb5aab2ff971, assignmentCommitHash=a9c717ccf7bcbe9531d3eee21dbaeb5aab2ff971, testCommitHash=a9c717ccf7bcbe9531d3eee21dbaeb5aab2ff971, branch=main, programmingLanguage=JAVA, projectType=PLAIN_GRADLE, scaEnabled=false, sequentialTestRunsEnabled=false, resultPaths=[/var/tmp/testing-dir/**/test-results/test/*.xml], timeoutSeconds=0, assignmentCheckoutPath=null, testCheckoutPath=null, solutionCheckoutPath=null, dockerRunConfig=DockerRunConfig[isNetworkDisabled=true, env=[key=value]]], submissionResult=ResultDTO[id=132, completionDate=2025-02-14T23:42:45.519869118Z[Etc/UTC], successful=false, score=7.7, rated=true, submission=SubmissionDTO[id=119, submitted=true, type=MANUAL, exampleSubmission=null, submissionDate=2025-02-14T23:42:42.302762Z, commitHash=a9c717ccf7bcbe9531d3eee21dbaeb5aab2ff971, buildFailed=false, buildArtifact=false, participation=ParticipationDTO[id=462, testRun=false, type=programming, submissionCount=null, exercise=ParticipationExerciseDTO[id=298, exerciseType=PROGRAMMING, type=programming, assessmentType=AUTOMATIC, dueDate=2025-02-16T23:42:41.553955Z, assessmentDueDate=null, maxPoints=42.0, course=CourseDTO[id=147, accuracyOfScores=1]]], submissionExerciseType=programming, isProcessing=false, buildStartDate=null, estimatedCompletionDate=null], participation=ParticipationDTO[id=462, testRun=false, type=programming, submissionCount=null, exercise=ParticipationExerciseDTO[id=298, exerciseType=PROGRAMMING, type=programming, assessmentType=AUTOMATIC, dueDate=2025-02-16T23:42:41.553955Z, assessmentDueDate=null, maxPoints=42.0, course=CourseDTO[id=147, accuracyOfScores=1]]], feedbacks=[FeedbackDTO[id=67, text=null, detailText=The exercise expects a class with the name Context in the package testpackage. You did not implement the class in the exercise., hasLongFeedbackText=false, reference=null, credits=0.0, positive=false, type=AUTOMATIC, visibility=ALWAYS, testCase=TestCaseDTO[testName=null, id=13]], FeedbackDTO[id=68, text=null, detailText=The exercise expects a class with the name Policy in the package testpackage. You did not implement the class in the exercise., hasLongFeedbackText=false, reference=null, credits=0.0, positive=false, type=AUTOMATIC, visibility=ALWAYS, testCase=TestCaseDTO[testName=null, id=14]], FeedbackDTO[id=69, text=null, detailText=The exercise expects a class with the name SortStrategy in the package testpackage. You did not implement the class in the exercise., hasLongFeedbackText=false, reference=null, credits=0.0, positive=false, type=AUTOMATIC, visibility=ALWAYS, testCase=TestCaseDTO[testName=null, id=15]], FeedbackDTO[id=70, text=null, detailText=The class 'MergeSort' does not implement the interface 'SortStrategy' as expected. Implement the interface and its methods., hasLongFeedbackText=false, reference=null, credits=0.0, positive=false, type=AUTOMATIC, visibility=ALWAYS, testCase=TestCaseDTO[testName=null, id=10]], FeedbackDTO[id=71, text=null, detailText=The exercise expects a class with the name SortStrategy in the package testpackage. You did not implement the class in the exercise., hasLongFeedbackText=false, reference=null, credits=0.0, positive=false, type=AUTOMATIC, visibility=ALWAYS, testCase=TestCaseDTO[testName=null, id=7]], FeedbackDTO[id=72, text=null, detailText=The class 'BubbleSort' does not implement the interface 'SortStrategy' as expected. Implement the interface and its methods., hasLongFeedbackText=false, reference=null, credits=0.0, positive=false, type=AUTOMATIC, visibility=ALWAYS, testCase=TestCaseDTO[testName=null, id=11]], FeedbackDTO[id=73, text=null, detailText=MergeSort does not sort correctly, hasLongFeedbackText=false, reference=null, credits=0.0, positive=false, type=AUTOMATIC, visibility=ALWAYS, testCase=TestCaseDTO[testName=null, id=16]], FeedbackDTO[id=74, text=null, detailText=The class 'Context' was not found within the submission. Make sure to implement it properly., hasLongFeedbackText=false, reference=null, credits=0.0, positive=false, type=AUTOMATIC, visibility=ALWAYS, testCase=TestCaseDTO[testName=null, id=17]], FeedbackDTO[id=75, text=null, detailText=The class 'Context' was not found within the submission. Make sure to implement it properly., hasLongFeedbackText=false, reference=null, credits=0.0, positive=false, type=AUTOMATIC, visibility=ALWAYS, testCase=TestCaseDTO[testName=null, id=18]], FeedbackDTO[id=76, text=null, detailText=The exercise expects a class with the name Policy in the package testpackage. You did not implement the class in the exercise., hasLongFeedbackText=false, reference=null, credits=0.0, positive=false, type=AUTOMATIC, visibility=ALWAYS, testCase=TestCaseDTO[testName=null, id=12]], FeedbackDTO[id=77, text=null, detailText=The exercise expects a class with the name Context in the package testpackage. You did not implement the class in the exercise., hasLongFeedbackText=false, reference=null, credits=0.0, positive=false, type=AUTOMATIC, visibility=ALWAYS, testCase=TestCaseDTO[testName=null, id=8]], FeedbackDTO[id=78, text=null, detailText=The exercise expects a class with the name Policy in the package testpackage. You did not implement the class in the exercise., hasLongFeedbackText=false, reference=null, credits=0.0, positive=false, type=AUTOMATIC, visibility=ALWAYS, testCase=TestCaseDTO[testName=null, id=9]], FeedbackDTO[id=79, text=null, detailText=null, hasLongFeedbackText=false, reference=null, credits=3.230769230769231, positive=true, type=AUTOMATIC, visibility=ALWAYS, testCase=TestCaseDTO[testName=null, id=19]]], assessmentType=AUTOMATIC, hasComplaint=null, exampleResult=null, testCaseCount=13, passedTestCaseCount=1, codeIssueCount=0]], BuildJobQueueItem[id=4651739576569330, name=SHORTB06DD3F905F4604F6E085260D83ED657A6DFTSTEXC-LOCALCIINTSTUDENT1, buildAgent=BuildAgentDTO[name=artemis-build-agent-test, memberAddress=[127.0.0.1]:5703, displayName=artemis-build-agent-test], participationId=465, courseId=148, exerciseId=299, retryCount=0, priority=2, status=SUCCESSFUL, repositoryInfo=RepositoryInfo[repositoryName=shortb06dd3f905f4604f6e085260d83ed657a6dftstexc-localciintstudent1, repositoryType=user, triggeredByPushTo=user, assignmentRepositoryUri=http://localhost:49152/git/SHORTB06DD3F905F4604F6E085260D83ED657A6DFTSTEXC/shortb06dd3f905f4604f6e085260d83ed657a6dftstexc-localciintstudent1.git, testRepositoryUri=http://localhost:49152/git/SHORTB06DD3F905F4604F6E085260D83ED657A6DFTSTEXC/shortb06dd3f905f4604f6e085260d83ed657a6dftstexc-tests.git, solutionRepositoryUri=null, auxiliaryRepositoryUris=[Ljava.lang.String;@581b90ed, auxiliaryRepositoryCheckoutDirectories=[Ljava.lang.String;@1c4edf58], jobTimingInfo=JobTimingInfo[submissionDate=2025-02-14T23:42:49.330093960Z[Etc/UTC], buildStartDate=2025-02-14T23:42:49.347797345Z[Etc/UTC], buildCompletionDate=2025-02-14T23:42:51.204319751Z[Etc/UTC], estimatedCompletionDate=2025-02-14T23:43:08.347788449Z[Etc/UTC], estimatedDuration=19], buildConfig=BuildConfig[buildScript=#!/bin/bash
cd /var/tmp/testing-dir
chmod +x ./gradlew
./gradlew clean test
, dockerImage=dummy-docker-image:latest, commitHashToBuild=41581fff25954d36cf07586926ee0c77d1003131, assignmentCommitHash=41581fff25954d36cf07586926ee0c77d1003131, testCommitHash=41581fff25954d36cf07586926ee0c77d1003131, branch=main, programmingLanguage=JAVA, projectType=PLAIN_GRADLE, scaEnabled=false, sequentialTestRunsEnabled=false, resultPaths=[/var/tmp/testing-dir/**/test-results/test/*.xml], timeoutSeconds=0, assignmentCheckoutPath=null, testCheckoutPath=null, solutionCheckoutPath=null, dockerRunConfig=null], submissionResult=ResultDTO[id=133, completionDate=2025-02-14T23:42:51.155372920Z[Etc/UTC], successful=false, score=7.7, rated=true, submission=SubmissionDTO[id=120, submitted=true, type=MANUAL, exampleSubmission=null, submissionDate=2025-02-14T23:42:49.321855Z, commitHash=41581fff25954d36cf07586926ee0c77d1003131, buildFailed=false, buildArtifact=false, participation=ParticipationDTO[id=465, testRun=false, type=programming, submissionCount=null, exercise=ParticipationExerciseDTO[id=299, exerciseType=PROGRAMMING, type=programming, assessmentType=AUTOMATIC, dueDate=2025-02-16T23:42:49.163661Z, assessmentDueDate=null, maxPoints=42.0, course=CourseDTO[id=148, accuracyOfScores=1]]], submissionExerciseType=programming, isProcessing=false, buildStartDate=null, estimatedCompletionDate=null], participation=ParticipationDTO[id=465, testRun=false, type=programming, submissionCount=null, exercise=ParticipationExerciseDTO[id=299, exerciseType=PROGRAMMING, type=programming, assessmentType=AUTOMATIC, dueDate=2025-02-16T23:42:49.163661Z, assessmentDueDate=null, maxPoints=42.0, course=CourseDTO[id=148, accuracyOfScores=1]]], feedbacks=[FeedbackDTO[id=80, text=null, detailText=The exercise expects a class with the name Context in the package testpackage. You did not implement the class in the exercise., hasLongFeedbackText=false, reference=null, credits=0.0, positive=false, type=AUTOMATIC, visibility=ALWAYS, testCase=TestCaseDTO[testName=null, id=26]], FeedbackDTO[id=81, text=null, detailText=The exercise expects a class with the name Policy in the package testpackage. You did not implement the class in the exercise., hasLongFeedbackText=false, reference=null, credits=0.0, positive=false, type=AUTOMATIC, visibility=ALWAYS, testCase=TestCaseDTO[testName=null, id=27]], FeedbackDTO[id=82, text=null, detailText=The exercise expects a class with the name SortStrategy in the package testpackage. You did not implement the class in the exercise., hasLongFeedbackText=false, reference=null, credits=0.0, positive=false, type=AUTOMATIC, visibility=ALWAYS, testCase=TestCaseDTO[testName=null, id=28]], FeedbackDTO[id=83, text=null, detailText=The class 'MergeSort' does not implement the interface 'SortStrategy' as expected. Implement the interface and its methods., hasLongFeedbackText=false, reference=null, credits=0.0, positive=false, type=AUTOMATIC, visibility=ALWAYS, testCase=TestCaseDTO[testName=null, id=23]], FeedbackDTO[id=84, text=null, detailText=The exercise expects a class with the name SortStrategy in the package testpackage. You did not implement the class in the exercise., hasLongFeedbackText=false, reference=null, credits=0.0, positive=false, type=AUTOMATIC, visibility=ALWAYS, testCase=TestCaseDTO[testName=null, id=20]], FeedbackDTO[id=85, text=null, detailText=The class 'BubbleSort' does not implement the interface 'SortStrategy' as expected. Implement the interface and its methods., hasLongFeedbackText=false, reference=null, credits=0.0, positive=false, type=AUTOMATIC, visibility=ALWAYS, testCase=TestCaseDTO[testName=null, id=24]], FeedbackDTO[id=86, text=null, detailText=MergeSort does not sort correctly, hasLongFeedbackText=false, reference=null, credits=0.0, positive=false, type=AUTOMATIC, visibility=ALWAYS, testCase=TestCaseDTO[testName=null, id=29]], FeedbackDTO[id=87, text=null, detailText=The class 'Context' was not found within the submission. Make sure to implement it properly., hasLongFeedbackText=false, reference=null, credits=0.0, positive=false, type=AUTOMATIC, visibility=ALWAYS, testCase=TestCaseDTO[testName=null, id=30]], FeedbackDTO[id=88, text=null, detailText=The class 'Context' was not found within the submission. Make sure to implement it properly., hasLongFeedbackText=false, reference=null, credits=0.0, positive=false, type=AUTOMATIC, visibility=ALWAYS, testCase=TestCaseDTO[testName=null, id=31]], FeedbackDTO[id=89, text=null, detailText=The exercise expects a class with the name Policy in the package testpackage. You did not implement the class in the exercise., hasLongFeedbackText=false, reference=null, credits=0.0, positive=false, type=AUTOMATIC, visibility=ALWAYS, testCase=TestCaseDTO[testName=null, id=25]], FeedbackDTO[id=90, text=null, detailText=The exercise expects a class with the name Context in the package testpackage. You did not implement the class in the exercise., hasLongFeedbackText=false, reference=null, credits=0.0, positive=false, type=AUTOMATIC, visibility=ALWAYS, testCase=TestCaseDTO[testName=null, id=21]], FeedbackDTO[id=91, text=null, detailText=The exercise expects a class with the name Policy in the package testpackage. You did not implement the class in the exercise., hasLongFeedbackText=false, reference=null, credits=0.0, positive=false, type=AUTOMATIC, visibility=ALWAYS, testCase=TestCaseDTO[testName=null, id=22]], FeedbackDTO[id=92, text=null, detailText=null, hasLongFeedbackText=false, reference=null, credits=3.230769230769231, positive=true, type=AUTOMATIC, visibility=ALWAYS, testCase=TestCaseDTO[testName=null, id=32]]], assessmentType=AUTOMATIC, hasComplaint=null, exampleResult=null, testCaseCount=13, passedTestCaseCount=1, codeIssueCount=0]], BuildJobQueueItem[id=4681739576573068, name=SHORTBCF65534040390488B0A46605F5F3776B89ATSTEXC-LOCALCIINTSTUDENT1, buildAgent=BuildAgentDTO[name=artemis-build-agent-test, memberAddress=[127.0.0.1]:5703, displayName=artemis-build-agent-test], participationId=468, courseId=149, exerciseId=300, retryCount=0, priority=2, status=SUCCESSFUL, repositoryInfo=RepositoryInfo[repositoryName=shortbcf65534040390488b0a46605f5f3776b89atstexc-localciintstudent1, repositoryType=user, triggeredByPushTo=user, assignmentRepositoryUri=http://localhost:49152/git/SHORTBCF65534040390488B0A46605F5F3776B89ATSTEXC/shortbcf65534040390488b0a46605f5f3776b89atstexc-localciintstudent1.git, testRepositoryUri=http://localhost:49152/git/SHORTBCF65534040390488B0A46605F5F3776B89ATSTEXC/shortbcf65534040390488b0a46605f5f3776b89atstexc-tests.git, solutionRepositoryUri=null, auxiliaryRepositoryUris=[Ljava.lang.String;@43871369, auxiliaryRepositoryCheckoutDirectories=[Ljava.lang.String;@1f47c640], jobTimingInfo=JobTimingInfo[submissionDate=2025-02-14T23:42:53.068019209Z[Etc/UTC], buildStartDate=2025-02-14T23:42:53.092867394Z[Etc/UTC], buildCompletionDate=2025-02-14T23:42:55.086950323Z[Etc/UTC], estimatedCompletionDate=2025-02-14T23:43:12.092858828Z[Etc/UTC], estimatedDuration=19], buildConfig=BuildConfig[buildScript=#!/bin/bash
cd /var/tmp/testing-dir
chmod +x ./gradlew
./gradlew clean test
, dockerImage=dummy-docker-image:latest, commitHashToBuild=2d5c0482fc77d3f5ec0841962528a43054e83170, assignmentCommitHash=2d5c0482fc77d3f5ec0841962528a43054e83170, testCommitHash=7477e25d56ce5fee2c938542a7e7ed4ed085d373, branch=main, programmingLanguage=JAVA, projectType=PLAIN_GRADLE, scaEnabled=false, sequentialTestRunsEnabled=false, resultPaths=[/var/tmp/testing-dir/**/test-results/test/*.xml], timeoutSeconds=0, assignmentCheckoutPath=null, testCheckoutPath=null, solutionCheckoutPath=null, dockerRunConfig=null], submissionResult=ResultDTO[id=134, completionDate=2025-02-14T23:42:55.059618627Z[Etc/UTC], successful=false, score=7.7, rated=true, submission=SubmissionDTO[id=121, submitted=true, type=MANUAL, exampleSubmission=null, submissionDate=2025-02-14T23:42:53.048221Z, commitHash=2d5c0482fc77d3f5ec0841962528a43054e83170, buildFailed=false, buildArtifact=false, participation=ParticipationDTO[id=468, testRun=false, type=programming, submissionCount=null, exercise=ParticipationExerciseDTO[id=300, exerciseType=PROGRAMMING, type=programming, assessmentType=AUTOMATIC, dueDate=2025-02-16T23:42:52.873722Z, assessmentDueDate=null, maxPoints=42.0, course=CourseDTO[id=149, accuracyOfScores=1]]], submissionExerciseType=programming, isProcessing=false, buildStartDate=null, estimatedCompletionDate=null], participation=ParticipationDTO[id=468, testRun=false, type=programming, submissionCount=null, exercise=ParticipationExerciseDTO[id=300, exerciseType=PROGRAMMING, type=programming, assessmentType=AUTOMATIC, dueDate=2025-02-16T23:42:52.873722Z, assessmentDueDate=null, maxPoints=42.0, course=CourseDTO[id=149, accuracyOfScores=1]]], feedbacks=[FeedbackDTO[id=93, text=null, detailText=The exercise expects a class with the name Context in the package testpackage. You did not implement the class in the exercise., hasLongFeedbackText=false, reference=null, credits=0.0, positive=false, type=AUTOMATIC, visibility=ALWAYS, testCase=TestCaseDTO[testName=null, id=39]], FeedbackDTO[id=94, text=null, detailText=The exercise expects a class with the name Policy in the package testpackage. You did not implement the class in the exercise., hasLongFeedbackText=false, reference=null, credits=0.0, positive=false, type=AUTOMATIC, visibility=ALWAYS, testCase=TestCaseDTO[testName=null, id=40]], FeedbackDTO[id=95, text=null, detailText=The exercise expects a class with the name SortStrategy in the package testpackage. You did not implement the class in the exercise., hasLongFeedbackText=false, reference=null, credits=0.0, positive=false, type=AUTOMATIC, visibility=ALWAYS, testCase=TestCaseDTO[testName=null, id=41]], FeedbackDTO[id=96, text=null, detailText=The class 'MergeSort' does not implement the interface 'SortStrategy' as expected. Implement the interface and its methods., hasLongFeedbackText=false, reference=null, credits=0.0, positive=false, type=AUTOMATIC, visibility=ALWAYS, testCase=TestCaseDTO[testName=null, id=36]], FeedbackDTO[id=97, text=null, detailText=The exercise expects a class with the name SortStrategy in the package testpackage. You did not implement the class in the exercise., hasLongFeedbackText=false, reference=null, credits=0.0, positive=false, type=AUTOMATIC, visibility=ALWAYS, testCase=TestCaseDTO[testName=null, id=33]], FeedbackDTO[id=98, text=null, detailText=The class 'BubbleSort' does not implement the interface 'SortStrategy' as expected. Implement the interface and its methods., hasLongFeedbackText=false, reference=null, credits=0.0, positive=false, type=AUTOMATIC, visibility=ALWAYS, testCase=TestCaseDTO[testName=null, id=37]], FeedbackDTO[id=99, text=null, detailText=MergeSort does not sort correctly, hasLongFeedbackText=false, reference=null, credits=0.0, positive=false, type=AUTOMATIC, visibility=ALWAYS, testCase=TestCaseDTO[testName=null, id=42]], FeedbackDTO[id=100, text=null, detailText=The class 'Context' was not found within the submission. Make sure to implement it properly., hasLongFeedbackText=false, reference=null, credits=0.0, positive=false, type=AUTOMATIC, visibility=ALWAYS, testCase=TestCaseDTO[testName=null, id=43]], FeedbackDTO[id=101, text=null, detailText=The class 'Context' was not found within the submission. Make sure to implement it properly., hasLongFeedbackText=false, reference=null, credits=0.0, positive=false, type=AUTOMATIC, visibility=ALWAYS, testCase=TestCaseDTO[testName=null, id=44]], FeedbackDTO[id=102, text=null, detailText=The exercise expects a class with the name Policy in the package testpackage. You did not implement the class in the exercise., hasLongFeedbackText=false, reference=null, credits=0.0, positive=false, type=AUTOMATIC, visibility=ALWAYS, testCase=TestCaseDTO[testName=null, id=38]], FeedbackDTO[id=103, text=null, detailText=The exercise expects a class with the name Context in the package testpackage. You did not implement the class in the exercise., hasLongFeedbackText=false, reference=null, credits=0.0, positive=false, type=AUTOMATIC, visibility=ALWAYS, testCase=TestCaseDTO[testName=null, id=34]], FeedbackDTO[id=104, text=null, detailText=The exercise expects a class with the name Policy in the package testpackage. You did not implement the class in the exercise., hasLongFeedbackText=false, reference=null, credits=0.0, positive=false, type=AUTOMATIC, visibility=ALWAYS, testCase=TestCaseDTO[testName=null, id=35]], FeedbackDTO[id=105, text=null, detailText=null, hasLongFeedbackText=false, reference=null, credits=3.230769230769231, positive=true, type=AUTOMATIC, visibility=ALWAYS, testCase=TestCaseDTO[testName=null, id=45]]], assessmentType=AUTOMATIC, hasComplaint=null, exampleResult=null, testCaseCount=13, passedTestCaseCount=1, codeIssueCount=0]], BuildJobQueueItem[id=4741739576577297, name=SHORT88A9A223023E2047B709E4A029FA08BCF2CFTSTEXC-LOCALCIINTSTUDENT1, buildAgent=BuildAgentDTO[name=artemis-build-agent-test, memberAddress=[127.0.0.1]:5703, displayName=artemis-build-agent-test], participationId=474, courseId=151, exerciseId=302, retryCount=0, priority=2, status=SUCCESSFUL, repositoryInfo=RepositoryInfo[repositoryName=short88a9a223023e2047b709e4a029fa08bcf2cftstexc-localciintstudent1, repositoryType=user, triggeredByPushTo=user, assignmentRepositoryUri=http://localhost:49152/git/SHORT88A9A223023E2047B709E4A029FA08BCF2CFTSTEXC/short88a9a223023e2047b709e4a029fa08bcf2cftstexc-localciintstudent1.git, testRepositoryUri=http://localhost:49152/git/SHORT88A9A223023E2047B709E4A029FA08BCF2CFTSTEXC/short88a9a223023e2047b709e4a029fa08bcf2cftstexc-tests.git, solutionRepositoryUri=null, auxiliaryRepositoryUris=[Ljava.lang.String;@1bdfb1bd, auxiliaryRepositoryCheckoutDirectories=[Ljava.lang.String;@71010981], jobTimingInfo=JobTimingInfo[submissionDate=2025-02-14T23:42:57.297342281Z[Etc/UTC], buildStartDate=2025-02-14T23:42:57.308570327Z[Etc/UTC], buildCompletionDate=2025-02-14T23:42:59.047616654Z[Etc/UTC], estimatedCompletionDate=2025-02-14T23:43:16.308558064Z[Etc/UTC], estimatedDuration=19], buildConfig=BuildConfig[buildScript=#!/bin/bash
cd /var/tmp/testing-dir
chmod +x ./gradlew
./gradlew clean test
, dockerImage=dummy-docker-image:latest, commitHashToBuild=736cbea1e46d6849b41266b2bf1cccd3b9ea55b1, assignmentCommitHash=736cbea1e46d6849b41266b2bf1cccd3b9ea55b1, testCommitHash=ea6267edd396a304305339b036512b63e0374c66, branch=main, programmingLanguage=JAVA, projectType=PLAIN_GRADLE, scaEnabled=false, sequentialTestRunsEnabled=false, resultPaths=[/var/tmp/testing-dir/**/test-results/test/*.xml], timeoutSeconds=0, assignmentCheckoutPath=null, testCheckoutPath=null, solutionCheckoutPath=null, dockerRunConfig=null], submissionResult=ResultDTO[id=135, completionDate=2025-02-14T23:42:59.014168821Z[Etc/UTC], successful=false, score=7.7, rated=true, submission=SubmissionDTO[id=123, submitted=true, type=MANUAL, exampleSubmission=null, submissionDate=2025-02-14T23:42:57.278471Z, commitHash=736cbea1e46d6849b41266b2bf1cccd3b9ea55b1, buildFailed=false, buildArtifact=false, participation=ParticipationDTO[id=474, testRun=false, type=programming, submissionCount=null, exercise=ParticipationExerciseDTO[id=302, exerciseType=PROGRAMMING, type=programming, assessmentType=AUTOMATIC, dueDate=2025-02-16T23:42:56.796251Z, assessmentDueDate=null, maxPoints=42.0, course=CourseDTO[id=151, accuracyOfScores=1]]], submissionExerciseType=programming, isProcessing=false, buildStartDate=null, estimatedCompletionDate=null], participation=ParticipationDTO[id=474, testRun=false, type=programming, submissionCount=null, exercise=ParticipationExerciseDTO[id=302, exerciseType=PROGRAMMING, type=programming, assessmentType=AUTOMATIC, dueDate=2025-02-16T23:42:56.796251Z, assessmentDueDate=null, maxPoints=42.0, course=CourseDTO[id=151, accuracyOfScores=1]]], feedbacks=[FeedbackDTO[id=106, text=null, detailText=The exercise expects a class with the name Context in the package testpackage. You did not implement the class in the exercise., hasLongFeedbackText=false, reference=null, credits=0.0, positive=false, type=AUTOMATIC, visibility=ALWAYS, testCase=TestCaseDTO[testName=null, id=65]], FeedbackDTO[id=107, text=null, detailText=The exercise expects a class with the name Policy in the package testpackage. You did not implement the class in the exercise., hasLongFeedbackText=false, reference=null, credits=0.0, positive=false, type=AUTOMATIC, visibility=ALWAYS, testCase=TestCaseDTO[testName=null, id=66]], FeedbackDTO[id=108, text=null, detailText=The exercise expects a class with the name SortStrategy in the package testpackage. You did not implement the class in the exercise., hasLongFeedbackText=false, reference=null, credits=0.0, positive=false, type=AUTOMATIC, visibility=ALWAYS, testCase=TestCaseDTO[testName=null, id=67]], FeedbackDTO[id=109, text=null, detailText=The class 'MergeSort' does not implement the interface 'SortStrategy' as expected. Implement the interface and its methods., hasLongFeedbackText=false, reference=null, credits=0.0, positive=false, type=AUTOMATIC, visibility=ALWAYS, testCase=TestCaseDTO[testName=null, id=62]], FeedbackDTO[id=110, text=null, detailText=The exercise expects a class with the name SortStrategy in the package testpackage. You did not implement the class in the exercise., hasLongFeedbackText=false, reference=null, credits=0.0, positive=false, type=AUTOMATIC, visibility=ALWAYS, testCase=TestCaseDTO[testName=null, id=59]], FeedbackDTO[id=111, text=null, detailText=The class 'BubbleSort' does not implement the interface 'SortStrategy' as expected. Implement the interface and its methods., hasLongFeedbackText=false, reference=null, credits=0.0, positive=false, type=AUTOMATIC, visibility=ALWAYS, testCase=TestCaseDTO[testName=null, id=63]], FeedbackDTO[id=112, text=null, detailText=MergeSort does not sort correctly, hasLongFeedbackText=false, reference=null, credits=0.0, positive=false, type=AUTOMATIC, visibility=ALWAYS, testCase=TestCaseDTO[testName=null, id=68]], FeedbackDTO[id=113, text=null, detailText=The class 'Context' was not found within the submission. Make sure to implement it properly., hasLongFeedbackText=false, reference=null, credits=0.0, positive=false, type=AUTOMATIC, visibility=ALWAYS, testCase=TestCaseDTO[testName=null, id=69]], FeedbackDTO[id=114, text=null, detailText=The class 'Context' was not found within the submission. Make sure to implement it properly., hasLongFeedbackText=false, reference=null, credits=0.0, positive=false, type=AUTOMATIC, visibility=ALWAYS, testCase=TestCaseDTO[testName=null, id=70]], FeedbackDTO[id=115, text=null, detailText=The exercise expects a class with the name Policy in the package testpackage. You did not implement the class in the exercise., hasLongFeedbackText=false, reference=null, credits=0.0, positive=false, type=AUTOMATIC, visibility=ALWAYS, testCase=TestCaseDTO[testName=null, id=64]], FeedbackDTO[id=116, text=null, detailText=The exercise expects a class with the name Context in the package testpackage. You did not implement the class in the exercise., hasLongFeedbackText=false, reference=null, credits=0.0, positive=false, type=AUTOMATIC, visibility=ALWAYS, testCase=TestCaseDTO[testName=null, id=60]], FeedbackDTO[id=117, text=null, detailText=The exercise expects a class with the name Policy in the package testpackage. You did not implement the class in the exercise., hasLongFeedbackText=false, reference=null, credits=0.0, positive=false, type=AUTOMATIC, visibility=ALWAYS, testCase=TestCaseDTO[testName=null, id=61]], FeedbackDTO[id=118, text=null, detailText=null, hasLongFeedbackText=false, reference=null, credits=3.230769230769231, positive=true, type=AUTOMATIC, visibility=ALWAYS, testCase=TestCaseDTO[testName=null, id=71]]], assessmentType=AUTOMATIC, hasComplaint=null, exampleResult=null, testCaseCount=13, passedTestCaseCount=1, codeIssueCount=0]], BuildJobQueueItem[id=4771739576580898, name=SHORT51E611E30D6B60466F0B8BA0AA97F58888C2TSTEXC-LOCALCIINTSTUDENT1, buildAgent=BuildAgentDTO[name=artemis-build-agent-test, memberAddress=[127.0.0.1]:5703, displayName=artemis-build-agent-test], participationId=477, courseId=152, exerciseId=303, retryCount=0, priority=2, status=SUCCESSFUL, repositoryInfo=RepositoryInfo[repositoryName=short51e611e30d6b60466f0b8ba0aa97f58888c2tstexc-localciintstudent1, repositoryType=user, triggeredByPushTo=user, assignmentRepositoryUri=http://localhost:49152/git/SHORT51E611E30D6B60466F0B8BA0AA97F58888C2TSTEXC/short51e611e30d6b60466f0b8ba0aa97f58888c2tstexc-localciintstudent1.git, testRepositoryUri=http://localhost:49152/git/SHORT51E611E30D6B60466F0B8BA0AA97F58888C2TSTEXC/short51e611e30d6b60466f0b8ba0aa97f58888c2tstexc-tests.git, solutionRepositoryUri=null, auxiliaryRepositoryUris=[Ljava.lang.String;@a665093, auxiliaryRepositoryCheckoutDirectories=[Ljava.lang.String;@2bb2f259], jobTimingInfo=JobTimingInfo[submissionDate=2025-02-14T23:43:00.898532688Z[Etc/UTC], buildStartDate=2025-02-14T23:43:00.905733056Z[Etc/UTC], buildCompletionDate=2025-02-14T23:43:02.692768910Z[Etc/UTC], estimatedCompletionDate=2025-02-14T23:43:19.905720463Z[Etc/UTC], estimatedDuration=19], buildConfig=BuildConfig[buildScript=#!/bin/bash
cd /var/tmp/testing-dir
chmod +x ./gradlew
./gradlew clean test
, dockerImage=dummy-docker-image:latest, commitHashToBuild=8f3057cbd462f5e3de4e6ba85115f60d8dbb5aea, assignmentCommitHash=8f3057cbd462f5e3de4e6ba85115f60d8dbb5aea, testCommitHash=8f3057cbd462f5e3de4e6ba85115f60d8dbb5aea, branch=main, programmingLanguage=JAVA, projectType=PLAIN_GRADLE, scaEnabled=true, sequentialTestRunsEnabled=false, resultPaths=[/var/tmp/testing-dir/**/test-results/test/*.xml], timeoutSeconds=0, assignmentCheckoutPath=null, testCheckoutPath=null, solutionCheckoutPath=null, dockerRunConfig=null], submissionResult=ResultDTO[id=136, completionDate=2025-02-14T23:43:02.637820510Z[Etc/UTC], successful=false, score=7.7, rated=true, submission=SubmissionDTO[id=124, submitted=true, type=MANUAL, exampleSubmission=null, submissionDate=2025-02-14T23:43:00.886601Z, commitHash=8f3057cbd462f5e3de4e6ba85115f60d8dbb5aea, buildFailed=false, buildArtifact=false, participation=ParticipationDTO[id=477, testRun=false, type=programming, submissionCount=null, exercise=ParticipationExerciseDTO[id=303, exerciseType=PROGRAMMING, type=programming, assessmentType=AUTOMATIC, dueDate=2025-02-16T23:43:00.631824Z, assessmentDueDate=null, maxPoints=42.0, course=CourseDTO[id=152, accuracyOfScores=1]]], submissionExerciseType=programming, isProcessing=false, buildStartDate=null, estimatedCompletionDate=null], participation=ParticipationDTO[id=477, testRun=false, type=programming, submissionCount=null, exercise=ParticipationExerciseDTO[id=303, exerciseType=PROGRAMMING, type=programming, assessmentType=AUTOMATIC, dueDate=2025-02-16T23:43:00.631824Z, assessmentDueDate=null, maxPoints=42.0, course=CourseDTO[id=152, accuracyOfScores=1]]], feedbacks=[FeedbackDTO[id=119, text=null, detailText=The exercise expects a class with the name Context in the package testpackage. You did not implement the class in the exercise., hasLongFeedbackText=false, reference=null, credits=0.0, positive=false, type=AUTOMATIC, visibility=ALWAYS, testCase=TestCaseDTO[testName=null, id=78]], FeedbackDTO[id=120, text=null, detailText=The exercise expects a class with the name Policy in the package testpackage. You did not implement the class in the exercise., hasLongFeedbackText=false, reference=null, credits=0.0, positive=false, type=AUTOMATIC, visibility=ALWAYS, testCase=TestCaseDTO[testName=null, id=79]], FeedbackDTO[id=121, text=null, detailText=The exercise expects a class with the name SortStrategy in the package testpackage. You did not implement the class in the exercise., hasLongFeedbackText=false, reference=null, credits=0.0, positive=false, type=AUTOMATIC, visibility=ALWAYS, testCase=TestCaseDTO[testName=null, id=80]], FeedbackDTO[id=122, text=null, detailText=The class 'MergeSort' does not implement the interface 'SortStrategy' as expected. Implement the interface and its methods., hasLongFeedbackText=false, reference=null, credits=0.0, positive=false, type=AUTOMATIC, visibility=ALWAYS, testCase=TestCaseDTO[testName=null, id=75]], FeedbackDTO[id=123, text=null, detailText=The exercise expects a class with the name SortStrategy in the package testpackage. You did not implement the class in the exercise., hasLongFeedbackText=false, reference=null, credits=0.0, positive=false, type=AUTOMATIC, visibility=ALWAYS, testCase=TestCaseDTO[testName=null, id=72]], FeedbackDTO[id=124, text=null, detailText=The class 'BubbleSort' does not implement the interface 'SortStrategy' as expected. Implement the interface and its methods., hasLongFeedbackText=false, reference=null, credits=0.0, positive=false, type=AUTOMATIC, visibility=ALWAYS, testCase=TestCaseDTO[testName=null, id=76]], FeedbackDTO[id=125, text=null, detailText=MergeSort does not sort correctly, hasLongFeedbackText=false, reference=null, credits=0.0, positive=false, type=AUTOMATIC, visibility=ALWAYS, testCase=TestCaseDTO[testName=null, id=81]], FeedbackDTO[id=126, text=null, detailText=The class 'Context' was not found within the submission. Make sure to implement it properly., hasLongFeedbackText=false, reference=null, credits=0.0, positive=false, type=AUTOMATIC, visibility=ALWAYS, testCase=TestCaseDTO[testName=null, id=82]], FeedbackDTO[id=127, text=null, detailText=The class 'Context' was not found within the submission. Make sure to implement it properly., hasLongFeedbackText=false, reference=null, credits=0.0, positive=false, type=AUTOMATIC, visibility=ALWAYS, testCase=TestCaseDTO[testName=null, id=83]], FeedbackDTO[id=128, text=null, detailText=The exercise expects a class with the name Policy in the package testpackage. You did not implement the class in the exercise., hasLongFeedbackText=false, reference=null, credits=0.0, positive=false, type=AUTOMATIC, visibility=ALWAYS, testCase=TestCaseDTO[testName=null, id=77]], FeedbackDTO[id=129, text=null, detailText=The exercise expects a class with the name Context in the package testpackage. You did not implement the class in the exercise., hasLongFeedbackText=false, reference=null, credits=0.0, positive=false, type=AUTOMATIC, visibility=ALWAYS, testCase=TestCaseDTO[testName=null, id=73]], FeedbackDTO[id=130, text=null, detailText=The exercise expects a class with the name Policy in the package testpackage. You did not implement the class in the exercise., hasLongFeedbackText=false, reference=null, credits=0.0, positive=false, type=AUTOMATIC, visibility=ALWAYS, testCase=TestCaseDTO[testName=null, id=74]], FeedbackDTO[id=131, text=null, detailText=null, hasLongFeedbackText=false, reference=null, credits=3.230769230769231, positive=true, type=AUTOMATIC, visibility=ALWAYS, testCase=TestCaseDTO[testName=null, id=84]], FeedbackDTO[id=132, text=SCAFeedbackIdentifier:Bad Practice, detailText={"filePath":"src/code/Client.java","startLine":6,"endLine":6,"startColumn":1,"endColumn":26,"rule":"UnusedImports","category":"Best Practices","message":"Avoid unused imports such as 'javax.swing.JFrame'","priority":"4"}, hasLongFeedbackText=false, reference=PMD, credits=0.0, positive=false, type=AUTOMATIC, visibility=null, testCase=null], FeedbackDTO[id=133, text=SCAFeedbackIdentifier:Code Style, detailText={"filePath":"src/code/Client.java","startLine":7,"endLine":7,"startColumn":1,"endColumn":19,"rule":"DontImportJavaLang","category":"Code Style","message":"Avoid importing anything from the package java.lang","priority":"4"}, hasLongFeedbackText=false, reference=PMD, credits=0.0, positive=false, type=AUTOMATIC, visibility=null, testCase=null], FeedbackDTO[id=134, text=SCAFeedbackIdentifier:Bad Practice, detailText={"filePath":"src/code/Client.java","startLine":7,"endLine":7,"startColumn":1,"endColumn":19,"rule":"UnusedImports","category":"Best Practices","message":"Avoid unused imports such as 'java.lang'","priority":"4"}, hasLongFeedbackText=false, reference=PMD, credits=0.0, positive=false, type=AUTOMATIC, visibility=null, testCase=null], FeedbackDTO[id=135, text=SCAFeedbackIdentifier:Bad Practice, detailText={"filePath":"src/code/Client.java","startLine":73,"endLine":73,"startColumn":18,"endColumn":27,"rule":"UnusedLocalVariable","category":"Best Practices","message":"Avoid unused local variables such as 'randomDate'.","priority":"3"}, hasLongFeedbackText=false, reference=PMD, credits=0.0, positive=false, type=AUTOMATIC, visibility=null, testCase=null], FeedbackDTO[id=136, text=SCAFeedbackIdentifier:Bad Practice, detailText={"filePath":"src/code/Client.java","startLine":81,"endLine":81,"startColumn":31,"endColumn":53,"rule":"UnusedPrivateMethod","category":"Best Practices","message":"Avoid unused private methods such as 'CreateRandomDatesList()'.","priority":"3"}, hasLongFeedbackText=false, reference=PMD, credits=0.0, positive=false, type=AUTOMATIC, visibility=null, testCase=null], FeedbackDTO[id=137, text=SCAFeedbackIdentifier:Potential Bugs, detailText={"filePath":"src/code/Client.java","startLine":94,"endLine":94,"startColumn":9,"endColumn":9,"rule":"EmptyStatementNotInLoop","category":"Error Prone","message":"An empty statement (semicolon) not part of a loop","priority":"3"}, hasLongFeedbackText=false, reference=PMD, credits=0.0, positive=false, type=AUTOMATIC, visibility=null, testCase=null], FeedbackDTO[id=138, text=SCAFeedbackIdentifier:Potential Bugs, detailText={"filePath":"src/code/Client.java","startLine":94,"endLine":94,"startColumn":10,"endColumn":10,"rule":"EmptyStatementNotInLoop","category":"Error Prone","message":"An empty statement (semicolon) not part of a loop","priority":"3"}, hasLongFeedbackText=false, reference=PMD, credits=0.0, positive=false, type=AUTOMATIC, visibility=null, testCase=null], FeedbackDTO[id=139, text=SCAFeedbackIdentifier:Potential Bugs, detailText={"filePath":"src/code/Client.java","startLine":94,"endLine":94,"startColumn":11,"endColumn":11,"rule":"EmptyStatementNotInLoop","category":"Error Prone","message":"An empty statement (semicolon) not part of a loop","priority":"3"}, hasLongFeedbackText=false, reference=PMD, credits=0.0, positive=false, type=AUTOMATIC, visibility=null, testCase=null], FeedbackDTO[id=140, text=SCAFeedbackIdentifier:Code Style, detailText={"filePath":"src/code/Client.java","startLine":73,"endLine":73,"rule":"DLS_DEAD_LOCAL_STORE","category":"STYLE","message":"Dead store to randomDate in code.Client.createRandomDatesList()","priority":"2"}, hasLongFeedbackText=false, reference=SPOTBUGS, credits=0.0, positive=false, type=AUTOMATIC, visibility=null, testCase=null], FeedbackDTO[id=141, text=SCAFeedbackIdentifier:Bad Practice, detailText={"filePath":"src/code/Client.java","startLine":82,"endLine":95,"rule":"NM_METHOD_NAMING_CONVENTION","category":"BAD_PRACTICE","message":"The method name code.Client.CreateRandomDatesList() doesn't start with a lower case letter","priority":"3"}, hasLongFeedbackText=false, reference=SPOTBUGS, credits=0.0, positive=false, type=AUTOMATIC, visibility=null, testCase=null], FeedbackDTO[id=142, text=SCAFeedbackIdentifier:Performance, detailText={"filePath":"src/code/Client.java","startLine":82,"endLine":95,"rule":"UPM_UNCALLED_PRIVATE_METHOD","category":"PERFORMANCE","message":"Private method code.Client.CreateRandomDatesList() is never called","priority":"2"}, hasLongFeedbackText=false, reference=SPOTBUGS, credits=0.0, positive=false, type=AUTOMATIC, visibility=null, testCase=null], FeedbackDTO[id=143, text=SCAFeedbackIdentifier:Code Style, detailText={"filePath":"src/code/Client.java","startLine":70,"endLine":70,"startColumn":9,"endColumn":9,"rule":"NeedBracesCheck","category":"blocks","message":"'for' construct must use '{}'s.","priority":"error"}, hasLongFeedbackText=false, reference=CHECKSTYLE, credits=0.0, positive=false, type=AUTOMATIC, visibility=null, testCase=null], FeedbackDTO[id=144, text=SCAFeedbackIdentifier:Code Style, detailText={"filePath":"src/code/Client.java","startLine":93,"endLine":93,"startColumn":9,"endColumn":9,"rule":"EmptyStatementCheck","category":"coding","message":"Empty statement.","priority":"error"}, hasLongFeedbackText=false, reference=CHECKSTYLE, credits=0.0, positive=false, type=AUTOMATIC, visibility=null, testCase=null], FeedbackDTO[id=145, text=SCAFeedbackIdentifier:Code Style, detailText={"filePath":"src/code/Client.java","startLine":93,"endLine":93,"startColumn":10,"endColumn":10,"rule":"EmptyStatementCheck","category":"coding","message":"Empty statement.","priority":"error"}, hasLongFeedbackText=false, reference=CHECKSTYLE, credits=0.0, positive=false, type=AUTOMATIC, visibility=null, testCase=null], FeedbackDTO[id=146, text=SCAFeedbackIdentifier:Code Style, detailText={"filePath":"src/code/Client.java","startLine":93,"endLine":93,"startColumn":11,"endColumn":11,"rule":"EmptyStatementCheck","category":"coding","message":"Empty statement.","priority":"error"}, hasLongFeedbackText=false, reference=CHECKSTYLE, credits=0.0, positive=false, type=AUTOMATIC, visibility=null, testCase=null]], assessmentType=AUTOMATIC, hasComplaint=null, exampleResult=null, testCaseCount=13, passedTestCaseCount=1, codeIssueCount=15]], BuildJobQueueItem[id=4821739576584632, name=SHORT433BAC4500363044960B6E10DFA0493471B2TSTEXC-LOCALCIINTSTUDENT1, buildAgent=BuildAgentDTO[name=artemis-build-agent-test, memberAddress=[127.0.0.1]:5703, displayName=artemis-build-agent-test], participationId=482, courseId=154, exerciseId=305, retryCount=0, priority=2, status=SUCCESSFUL, repositoryInfo=RepositoryInfo[repositoryName=short433bac4500363044960b6e10dfa0493471b2tstexc-localciintstudent1, repositoryType=user, triggeredByPushTo=user, assignmentRepositoryUri=http://localhost:49152/git/SHORT433BAC4500363044960B6E10DFA0493471B2TSTEXC/short433bac4500363044960b6e10dfa0493471b2tstexc-localciintstudent1.git, testRepositoryUri=http://localhost:49152/git/SHORT433BAC4500363044960B6E10DFA0493471B2TSTEXC/short433bac4500363044960b6e10dfa0493471b2tstexc-tests.git, solutionRepositoryUri=null, auxiliaryRepositoryUris=[Ljava.lang.String;@4d86fccb, auxiliaryRepositoryCheckoutDirectories=[Ljava.lang.String;@3432b9fb], jobTimingInfo=JobTimingInfo[submissionDate=2025-02-14T23:43:04.632341258Z[Etc/UTC], buildStartDate=2025-02-14T23:43:04.637633457Z[Etc/UTC], buildCompletionDate=2025-02-14T23:43:06.421238953Z[Etc/UTC], estimatedCompletionDate=2025-02-14T23:43:23.637623879Z[Etc/UTC], estimatedDuration=19], buildConfig=BuildConfig[buildScript=#!/bin/bash
cd /var/tmp/testing-dir
chmod +x ./gradlew
./gradlew clean test
, dockerImage=dummy-docker-image:latest, commitHashToBuild=8355c4f3cd5d3e0443707d3310206e460e333c6f, assignmentCommitHash=8355c4f3cd5d3e0443707d3310206e460e333c6f, testCommitHash=8355c4f3cd5d3e0443707d3310206e460e333c6f, branch=main, programmingLanguage=JAVA, projectType=PLAIN_GRADLE, scaEnabled=false, sequentialTestRunsEnabled=false, resultPaths=[/var/tmp/testing-dir/**/test-results/test/*.xml], timeoutSeconds=0, assignmentCheckoutPath=null, testCheckoutPath=null, solutionCheckoutPath=null, dockerRunConfig=null], submissionResult=ResultDTO[id=137, completionDate=2025-02-14T23:43:06.404877412Z[Etc/UTC], successful=false, score=7.7, rated=true, submission=SubmissionDTO[id=125, submitted=true, type=MANUAL, exampleSubmission=null, submissionDate=2025-02-14T23:43:04.623230Z, commitHash=8355c4f3cd5d3e0443707d3310206e460e333c6f, buildFailed=false, buildArtifact=false, participation=ParticipationDTO[id=482, testRun=false, type=programming, submissionCount=null, exercise=ParticipationExerciseDTO[id=305, exerciseType=PROGRAMMING, type=programming, assessmentType=AUTOMATIC, dueDate=2025-02-16T23:43:04.425734Z, assessmentDueDate=null, maxPoints=42.0, course=CourseDTO[id=154, accuracyOfScores=1]]], submissionExerciseType=programming, isProcessing=false, buildStartDate=null, estimatedCompletionDate=null], participation=ParticipationDTO[id=482, testRun=false, type=programming, submissionCount=null, exercise=ParticipationExerciseDTO[id=305, exerciseType=PROGRAMMING, type=programming, assessmentType=AUTOMATIC, dueDate=2025-02-16T23:43:04.425734Z, assessmentDueDate=null, maxPoints=42.0, course=CourseDTO[id=154, accuracyOfScores=1]]], feedbacks=[FeedbackDTO[id=147, text=null, detailText=The exercise expects a class with the name Context in the package testpackage. You did not implement the class in the exercise., hasLongFeedbackText=false, reference=null, credits=0.0, positive=false, type=AUTOMATIC, visibility=ALWAYS, testCase=TestCaseDTO[testName=null, id=104]], FeedbackDTO[id=148, text=null, detailText=The exercise expects a class with the name Policy in the package testpackage. You did not implement the class in the exercise., hasLongFeedbackText=false, reference=null, credits=0.0, positive=false, type=AUTOMATIC, visibility=ALWAYS, testCase=TestCaseDTO[testName=null, id=105]], FeedbackDTO[id=149, text=null, detailText=The exercise expects a class with the name SortStrategy in the package testpackage. You did not implement the class in the exercise., hasLongFeedbackText=false, reference=null, credits=0.0, positive=false, type=AUTOMATIC, visibility=ALWAYS, testCase=TestCaseDTO[testName=null, id=106]], FeedbackDTO[id=150, text=null, detailText=The class 'MergeSort' does not implement the interface 'SortStrategy' as expected. Implement the interface and its methods., hasLongFeedbackText=false, reference=null, credits=0.0, positive=false, type=AUTOMATIC, visibility=ALWAYS, testCase=TestCaseDTO[testName=null, id=101]], FeedbackDTO[id=151, text=null, detailText=The exercise expects a class with the name SortStrategy in the package testpackage. You did not implement the class in the exercise., hasLongFeedbackText=false, reference=null, credits=0.0, positive=false, type=AUTOMATIC, visibility=ALWAYS, testCase=TestCaseDTO[testName=null, id=98]], FeedbackDTO[id=152, text=null, detailText=The class 'BubbleSort' does not implement the interface 'SortStrategy' as expected. Implement the interface and its methods., hasLongFeedbackText=false, reference=null, credits=0.0, positive=false, type=AUTOMATIC, visibility=ALWAYS, testCase=TestCaseDTO[testName=null, id=102]], FeedbackDTO[id=153, text=null, detailText=MergeSort does not sort correctly, hasLongFeedbackText=false, reference=null, credits=0.0, positive=false, type=AUTOMATIC, visibility=ALWAYS, testCase=TestCaseDTO[testName=null, id=107]], FeedbackDTO[id=154, text=null, detailText=The class 'Context' was not found within the submission. Make sure to implement it properly., hasLongFeedbackText=false, reference=null, credits=0.0, positive=false, type=AUTOMATIC, visibility=ALWAYS, testCase=TestCaseDTO[testName=null, id=108]], FeedbackDTO[id=155, text=null, detailText=The class 'Context' was not found within the submission. Make sure to implement it properly., hasLongFeedbackText=false, reference=null, credits=0.0, positive=false, type=AUTOMATIC, visibility=ALWAYS, testCase=TestCaseDTO[testName=null, id=109]], FeedbackDTO[id=156, text=null, detailText=The exercise expects a class with the name Policy in the package testpackage. You did not implement the class in the exercise., hasLongFeedbackText=false, reference=null, credits=0.0, positive=false, type=AUTOMATIC, visibility=ALWAYS, testCase=TestCaseDTO[testName=null, id=103]], FeedbackDTO[id=157, text=null, detailText=The exercise expects a class with the name Context in the package testpackage. You did not implement the class in the exercise., hasLongFeedbackText=false, reference=null, credits=0.0, positive=false, type=AUTOMATIC, visibility=ALWAYS, testCase=TestCaseDTO[testName=null, id=99]], FeedbackDTO[id=158, text=null, detailText=The exercise expects a class with the name Policy in the package testpackage. You did not implement the class in the exercise., hasLongFeedbackText=false, reference=null, credits=0.0, positive=false, type=AUTOMATIC, visibility=ALWAYS, testCase=TestCaseDTO[testName=null, id=100]], FeedbackDTO[id=159, text=null, detailText=null, hasLongFeedbackText=false, reference=null, credits=3.230769230769231, positive=true, type=AUTOMATIC, visibility=ALWAYS, testCase=TestCaseDTO[testName=null, id=110]]], assessmentType=AUTOMATIC, hasComplaint=null, exampleResult=null, testCaseCount=13, passedTestCaseCount=1, codeIssueCount=0]], BuildJobQueueItem[id=4851739576588371, name=SHORT495D587A0856D04A9E08BC60D2E08365FB9ETSTEXC-LOCALCIINTSTUDENT1, buildAgent=BuildAgentDTO[name=artemis-build-agent-test, memberAddress=[127.0.0.1]:5703, displayName=artemis-build-agent-test], participationId=485, courseId=155, exerciseId=306, retryCount=0, priority=2, status=FAILED, repositoryInfo=RepositoryInfo[repositoryName=short495d587a0856d04a9e08bc60d2e08365fb9etstexc-localciintstudent1, repositoryType=user, triggeredByPushTo=user, assignmentRepositoryUri=http://localhost:49152/git/SHORT495D587A0856D04A9E08BC60D2E08365FB9ETSTEXC/short495d587a0856d04a9e08bc60d2e08365fb9etstexc-localciintstudent1.git, testRepositoryUri=http://localhost:49152/git/SHORT495D587A0856D04A9E08BC60D2E08365FB9ETSTEXC/short495d587a0856d04a9e08bc60d2e08365fb9etstexc-tests.git, solutionRepositoryUri=null, auxiliaryRepositoryUris=[Ljava.lang.String;@c688526, auxiliaryRepositoryCheckoutDirectories=[Ljava.lang.String;@30f49ec8], jobTimingInfo=JobTimingInfo[submissionDate=2025-02-14T23:43:08.371015915Z[Etc/UTC], buildStartDate=2025-02-14T23:43:08.374658929Z[Etc/UTC], buildCompletionDate=2025-02-14T23:43:09.341007666Z[Etc/UTC], estimatedCompletionDate=2025-02-14T23:43:27.374650503Z[Etc/UTC], estimatedDuration=19], buildConfig=BuildConfig[buildScript=#!/bin/bash
cd /var/tmp/testing-dir
chmod +x ./gradlew
./gradlew clean test
, dockerImage=dummy-docker-image:latest, commitHashToBuild=ebb8aa4dc3625fe07e975266e18313ad871ce864, assignmentCommitHash=9b3a9bd71a0d80e5bbc42204c319ed3d1d4f0d6d, testCommitHash=9b3a9bd71a0d80e5bbc42204c319ed3d1d4f0d6d, branch=main, programmingLanguage=JAVA, projectType=PLAIN_GRADLE, scaEnabled=false, sequentialTestRunsEnabled=false, resultPaths=[/var/tmp/testing-dir/**/test-results/test/*.xml], timeoutSeconds=0, assignmentCheckoutPath=null, testCheckoutPath=null, solutionCheckoutPath=null, dockerRunConfig=null], submissionResult=ResultDTO[id=138, completionDate=2025-02-14T23:43:09.343306574Z[Etc/UTC], successful=false, score=0.0, rated=true, submission=SubmissionDTO[id=127, submitted=true, type=MANUAL, exampleSubmission=null, submissionDate=2025-02-14T23:43:09.343306574Z[Etc/UTC], commitHash=9b3a9bd71a0d80e5bbc42204c319ed3d1d4f0d6d, buildFailed=true, buildArtifact=false, participation=ParticipationDTO[id=485, testRun=false, type=programming, submissionCount=null, exercise=ParticipationExerciseDTO[id=306, exerciseType=PROGRAMMING, type=programming, assessmentType=AUTOMATIC, dueDate=2025-02-16T23:43:08.185273Z, assessmentDueDate=null, maxPoints=42.0, course=CourseDTO[id=155, accuracyOfScores=1]]], submissionExerciseType=programming, isProcessing=false, buildStartDate=null, estimatedCompletionDate=null], participation=ParticipationDTO[id=485, testRun=false, type=programming, submissionCount=null, exercise=ParticipationExerciseDTO[id=306, exerciseType=PROGRAMMING, type=programming, assessmentType=AUTOMATIC, dueDate=2025-02-16T23:43:08.185273Z, assessmentDueDate=null, maxPoints=42.0, course=CourseDTO[id=155, accuracyOfScores=1]]], feedbacks=[], assessmentType=AUTOMATIC, hasComplaint=null, exampleResult=null, testCaseCount=0, passedTestCaseCount=0, codeIssueCount=0]], BuildJobQueueItem[id=4881739576590204, name=SHORT80B5DD0E0D6B304EBB096E9020B949996A1CTSTEXC-LOCALCIINTSTUDENT1, buildAgent=BuildAgentDTO[name=artemis-build-agent-test, memberAddress=[127.0.0.1]:5703, displayName=artemis-build-agent-test], participationId=488, courseId=156, exerciseId=307, retryCount=0, priority=2, status=SUCCESSFUL, repositoryInfo=RepositoryInfo[repositoryName=short80b5dd0e0d6b304ebb096e9020b949996a1ctstexc-localciintstudent1, repositoryType=user, triggeredByPushTo=user, assignmentRepositoryUri=http://localhost:49152/git/SHORT80B5DD0E0D6B304EBB096E9020B949996A1CTSTEXC/short80b5dd0e0d6b304ebb096e9020b949996a1ctstexc-localciintstudent1.git, testRepositoryUri=http://localhost:49152/git/SHORT80B5DD0E0D6B304EBB096E9020B949996A1CTSTEXC/short80b5dd0e0d6b304ebb096e9020b949996a1ctstexc-tests.git, solutionRepositoryUri=null, auxiliaryRepositoryUris=[Ljava.lang.String;@4aee4cb9, auxiliaryRepositoryCheckoutDirectories=[Ljava.lang.String;@6b32c97e], jobTimingInfo=JobTimingInfo[submissionDate=2025-02-14T23:43:10.204264160Z[Etc/UTC], buildStartDate=2025-02-14T23:43:10.223149139Z[Etc/UTC], buildCompletionDate=2025-02-14T23:43:12.086509109Z[Etc/UTC], estimatedCompletionDate=2025-02-14T23:43:29.223142246Z[Etc/UTC], estimatedDuration=19], buildConfig=BuildConfig[buildScript=#!/bin/bash
cd /var/tmp/testing-dir
chmod +x ./gradlew
./gradlew clean test
, dockerImage=dummy-docker-image:latest, commitHashToBuild=b806a93102242552beed7c01b08b2769731814b3, assignmentCommitHash=b806a93102242552beed7c01b08b2769731814b3, testCommitHash=b806a93102242552beed7c01b08b2769731814b3, branch=main, programmingLanguage=JAVA, projectType=PLAIN_GRADLE, scaEnabled=false, sequentialTestRunsEnabled=false, resultPaths=[/var/tmp/testing-dir/**/test-results/test/*.xml], timeoutSeconds=0, assignmentCheckoutPath=null, testCheckoutPath=null, solutionCheckoutPath=null, dockerRunConfig=null], submissionResult=ResultDTO[id=139, completionDate=2025-02-14T23:43:12.066436124Z[Etc/UTC], successful=false, score=0.0, rated=true, submission=SubmissionDTO[id=128, submitted=true, type=MANUAL, exampleSubmission=null, submissionDate=2025-02-14T23:43:10.192407Z, commitHash=b806a93102242552beed7c01b08b2769731814b3, buildFailed=true, buildArtifact=false, participation=ParticipationDTO[id=488, testRun=false, type=programming, submissionCount=null, exercise=ParticipationExerciseDTO[id=307, exerciseType=PROGRAMMING, type=programming, assessmentType=AUTOMATIC, dueDate=2025-02-16T23:43:09.986646Z, assessmentDueDate=null, maxPoints=42.0, course=CourseDTO[id=156, accuracyOfScores=1]]], submissionExerciseType=programming, isProcessing=false, buildStartDate=null, estimatedCompletionDate=null], participation=ParticipationDTO[id=488, testRun=false, type=programming, submissionCount=null, exercise=ParticipationExerciseDTO[id=307, exerciseType=PROGRAMMING, type=programming, assessmentType=AUTOMATIC, dueDate=2025-02-16T23:43:09.986646Z, assessmentDueDate=null, maxPoints=42.0, course=CourseDTO[id=156, accuracyOfScores=1]]], feedbacks=[], assessmentType=AUTOMATIC, hasComplaint=null, exampleResult=null, testCaseCount=0, passedTestCaseCount=0, codeIssueCount=0]], BuildJobQueueItem[id=4911739576593817, name=SHORT585B2198089880462509B3007867E72DFB7ATSTEXC-LOCALCIINTSTUDENT1, buildAgent=BuildAgentDTO[name=artemis-build-agent-test, memberAddress=[127.0.0.1]:5703, displayName=artemis-build-agent-test], participationId=491, courseId=157, exerciseId=308, retryCount=0, priority=2, status=SUCCESSFUL, repositoryInfo=RepositoryInfo[repositoryName=short585b2198089880462509b3007867e72dfb7atstexc-localciintstudent1, repositoryType=user, triggeredByPushTo=user, assignmentRepositoryUri=http://localhost:49152/git/SHORT585B2198089880462509B3007867E72DFB7ATSTEXC/short585b2198089880462509b3007867e72dfb7atstexc-localciintstudent1.git, testRepositoryUri=http://localhost:49152/git/SHORT585B2198089880462509B3007867E72DFB7ATSTEXC/short585b2198089880462509b3007867e72dfb7atstexc-tests.git, solutionRepositoryUri=null, auxiliaryRepositoryUris=[Ljava.lang.String;@233b208b, auxiliaryRepositoryCheckoutDirectories=[Ljava.lang.String;@372de8fa], jobTimingInfo=JobTimingInfo[submissionDate=2025-02-14T23:43:13.817124706Z[Etc/UTC], buildStartDate=2025-02-14T23:43:13.834335931Z[Etc/UTC], buildCompletionDate=2025-02-14T23:43:15.746259139Z[Etc/UTC], estimatedCompletionDate=2025-02-14T23:43:32.834326082Z[Etc/UTC], estimatedDuration=19], buildConfig=BuildConfig[buildScript=#!/bin/bash
cd /var/tmp/testing-dir
chmod +x ./gradlew
./gradlew clean test
, dockerImage=dummy-docker-image:latest, commitHashToBuild=42077d078a5d5042fe2d4bd8299a990d342fce6e, assignmentCommitHash=42077d078a5d5042fe2d4bd8299a990d342fce6e, testCommitHash=42077d078a5d5042fe2d4bd8299a990d342fce6e, branch=main, programmingLanguage=JAVA, projectType=PLAIN_GRADLE, scaEnabled=false, sequentialTestRunsEnabled=false, resultPaths=[/var/tmp/testing-dir/**/test-results/test/*.xml], timeoutSeconds=0, assignmentCheckoutPath=null, testCheckoutPath=null, solutionCheckoutPath=null, dockerRunConfig=null], submissionResult=ResultDTO[id=140, completionDate=2025-02-14T23:43:15.725343914Z[Etc/UTC], successful=false, score=0.0, rated=true, submission=SubmissionDTO[id=129, submitted=true, type=MANUAL, exampleSubmission=null, submissionDate=2025-02-14T23:43:13.805401Z, commitHash=42077d078a5d5042fe2d4bd8299a990d342fce6e, buildFailed=false, buildArtifact=false, participation=ParticipationDTO[id=491, testRun=false, type=programming, submissionCount=null, exercise=ParticipationExerciseDTO[id=308, exerciseType=PROGRAMMING, type=programming, assessmentType=AUTOMATIC, dueDate=2025-02-16T23:43:13.569213Z, assessmentDueDate=null, maxPoints=42.0, course=CourseDTO[id=157, accuracyOfScores=1]]], submissionExerciseType=programming, isProcessing=false, buildStartDate=null, estimatedCompletionDate=null], participation=ParticipationDTO[id=491, testRun=false, type=programming, submissionCount=null, exercise=ParticipationExerciseDTO[id=308, exerciseType=PROGRAMMING, type=programming, assessmentType=AUTOMATIC, dueDate=2025-02-16T23:43:13.569213Z, assessmentDueDate=null, maxPoints=42.0, course=CourseDTO[id=157, accuracyOfScores=1]]], feedbacks=[FeedbackDTO[id=160, text=null, detailText=Deine Einreichung enthält keine Ausgabe. (67cac2), hasLongFeedbackText=false, reference=null, credits=0.0, positive=false, type=AUTOMATIC, visibility=ALWAYS, testCase=TestCaseDTO[testName=null, id=146]], FeedbackDTO[id=161, text=null, detailText=test `add` failed on ≥ 1 cases:
(0, 0)
Your submission raised an error Failure("TODO add"), hasLongFeedbackText=false, reference=null, credits=0.0, positive=false, type=AUTOMATIC, visibility=ALWAYS, testCase=TestCaseDTO[testName=null, id=149]], FeedbackDTO[id=162, text=null, detailText=test `filter` failed on ≥ 1 cases:
(even, [1; 2; 3; 4])
Your submission raised an error Failure("TODO filter"), hasLongFeedbackText=false, reference=null, credits=0.0, positive=false, type=AUTOMATIC, visibility=ALWAYS, testCase=TestCaseDTO[testName=null, id=148]], FeedbackDTO[id=163, text=null, detailText=Test was not executed., hasLongFeedbackText=false, reference=null, credits=0.0, positive=null, type=AUTOMATIC, visibility=null, testCase=TestCaseDTO[testName=null, id=137]], FeedbackDTO[id=164, text=null, detailText=Test was not executed., hasLongFeedbackText=false, reference=null, credits=0.0, positive=null, type=AUTOMATIC, visibility=null, testCase=TestCaseDTO[testName=null, id=138]], FeedbackDTO[id=165, text=null, detailText=Test was not executed., hasLongFeedbackText=false, reference=null, credits=0.0, positive=null, type=AUTOMATIC, visibility=null, testCase=TestCaseDTO[testName=null, id=139]], FeedbackDTO[id=166, text=null, detailText=Test was not executed., hasLongFeedbackText=false, reference=null, credits=0.0, positive=null, type=AUTOMATIC, visibility=null, testCase=TestCaseDTO[testName=null, id=140]], FeedbackDTO[id=167, text=null, detailText=Test was not executed., hasLongFeedbackText=false, reference=null, credits=0.0, positive=null, type=AUTOMATIC, visibility=null, testCase=TestCaseDTO[testName=null, id=141]], FeedbackDTO[id=168, text=null, detailText=Test was not executed., hasLongFeedbackText=false, reference=null, credits=0.0, positive=null, type=AUTOMATIC, visibility=null, testCase=TestCaseDTO[testName=null, id=142]], FeedbackDTO[id=169, text=null, detailText=Test was not executed., hasLongFeedbackText=false, reference=null, credits=0.0, positive=null, type=AUTOMATIC, visibility=null, testCase=TestCaseDTO[testName=null, id=143]], FeedbackDTO[id=170, text=null, detailText=Test was not executed., hasLongFeedbackText=false, reference=null, credits=0.0, positive=null, type=AUTOMATIC, visibility=null, testCase=TestCaseDTO[testName=null, id=144]], FeedbackDTO[id=171, text=null, detailText=Test was not executed., hasLongFeedbackText=false, reference=null, credits=0.0, positive=null, type=AUTOMATIC, visibility=null, testCase=TestCaseDTO[testName=null, id=145]], FeedbackDTO[id=172, text=null, detailText=Test was not executed., hasLongFeedbackText=false, reference=null, credits=0.0, positive=null, type=AUTOMATIC, visibility=null, testCase=TestCaseDTO[testName=null, id=147]]], assessmentType=AUTOMATIC, hasComplaint=null, exampleResult=null, testCaseCount=13, passedTestCaseCount=0, codeIssueCount=0]], BuildJobQueueItem[id=4941739576597286, name=SHORTFBCBD7BF0E6EB0451A080E80FCB407DC1F12TSTEXC-LOCALCIINTSTUDENT1, buildAgent=BuildAgentDTO[name=artemis-build-agent-test, memberAddress=[127.0.0.1]:5703, displayName=artemis-build-agent-test], participationId=494, courseId=158, exerciseId=309, retryCount=0, priority=2, status=SUCCESSFUL, repositoryInfo=RepositoryInfo[repositoryName=shortfbcbd7bf0e6eb0451a080e80fcb407dc1f12tstexc-localciintstudent1, repositoryType=user, triggeredByPushTo=user, assignmentRepositoryUri=http://localhost:49152/git/SHORTFBCBD7BF0E6EB0451A080E80FCB407DC1F12TSTEXC/shortfbcbd7bf0e6eb0451a080e80fcb407dc1f12tstexc-localciintstudent1.git, testRepositoryUri=http://localhost:49152/git/SHORTFBCBD7BF0E6EB0451A080E80FCB407DC1F12TSTEXC/shortfbcbd7bf0e6eb0451a080e80fcb407dc1f12tstexc-tests.git, solutionRepositoryUri=null, auxiliaryRepositoryUris=[Ljava.lang.String;@f1ef122, auxiliaryRepositoryCheckoutDirectories=[Ljava.lang.String;@721ab086], jobTimingInfo=JobTimingInfo[submissionDate=2025-02-14T23:43:17.286977233Z[Etc/UTC], buildStartDate=2025-02-14T23:43:17.293977347Z[Etc/UTC], buildCompletionDate=2025-02-14T23:43:18.740990762Z[Etc/UTC], estimatedCompletionDate=2025-02-14T23:43:36.293970494Z[Etc/UTC], estimatedDuration=19], buildConfig=BuildConfig[buildScript=#!/bin/bash
cd /var/tmp/testing-dir
chmod +x ./gradlew
./gradlew clean test
, dockerImage=dummy-docker-image:latest, commitHashToBuild=4a1af7e8a64e6505c5fc09b9f81ea41af9fcff44, assignmentCommitHash=4a1af7e8a64e6505c5fc09b9f81ea41af9fcff44, testCommitHash=4a1af7e8a64e6505c5fc09b9f81ea41af9fcff44, branch=main, programmingLanguage=JAVA, projectType=PLAIN_GRADLE, scaEnabled=false, sequentialTestRunsEnabled=false, resultPaths=[/var/tmp/testing-dir/**/test-results/test/*.xml], timeoutSeconds=0, assignmentCheckoutPath=null, testCheckoutPath=null, solutionCheckoutPath=null, dockerRunConfig=null], submissionResult=ResultDTO[id=141, completionDate=2025-02-14T23:43:18.729015138Z[Etc/UTC], successful=false, score=0.0, rated=true, submission=SubmissionDTO[id=130, submitted=true, type=MANUAL, exampleSubmission=null, submissionDate=2025-02-14T23:43:17.272936Z, commitHash=4a1af7e8a64e6505c5fc09b9f81ea41af9fcff44, buildFailed=true, buildArtifact=false, participation=ParticipationDTO[id=494, testRun=false, type=programming, submissionCount=null, exercise=ParticipationExerciseDTO[id=309, exerciseType=PROGRAMMING, type=programming, assessmentType=AUTOMATIC, dueDate=2025-02-16T23:43:17.147218Z, assessmentDueDate=null, maxPoints=42.0, course=CourseDTO[id=158, accuracyOfScores=1]]], submissionExerciseType=programming, isProcessing=false, buildStartDate=null, estimatedCompletionDate=null], participation=ParticipationDTO[id=494, testRun=false, type=programming, submissionCount=null, exercise=ParticipationExerciseDTO[id=309, exerciseType=PROGRAMMING, type=programming, assessmentType=AUTOMATIC, dueDate=2025-02-16T23:43:17.147218Z, assessmentDueDate=null, maxPoints=42.0, course=CourseDTO[id=158, accuracyOfScores=1]]], feedbacks=[], assessmentType=AUTOMATIC, hasComplaint=null, exampleResult=null, testCaseCount=0, passedTestCaseCount=0, codeIssueCount=0]], BuildJobQueueItem[id=4971739576599269, name=SHORT52AD57270517204728083260501A19D262D1TSTEXC-LOCALCIINTSTUDENT1, buildAgent=BuildAgentDTO[name=artemis-build-agent-test, memberAddress=[127.0.0.1]:5703, displayName=artemis-build-agent-test], participationId=497, courseId=159, exerciseId=310, retryCount=0, priority=2, status=SUCCESSFUL, repositoryInfo=RepositoryInfo[repositoryName=short52ad57270517204728083260501a19d262d1tstexc-localciintstudent1, repositoryType=user, triggeredByPushTo=user, assignmentRepositoryUri=http://localhost:49152/git/SHORT52AD57270517204728083260501A19D262D1TSTEXC/short52ad57270517204728083260501a19d262d1tstexc-localciintstudent1.git, testRepositoryUri=http://localhost:49152/git/SHORT52AD57270517204728083260501A19D262D1TSTEXC/short52ad57270517204728083260501a19d262d1tstexc-tests.git, solutionRepositoryUri=null, auxiliaryRepositoryUris=[Ljava.lang.String;@85ff936, auxiliaryRepositoryCheckoutDirectories=[Ljava.lang.String;@50edaaff], jobTimingInfo=JobTimingInfo[submissionDate=2025-02-14T23:43:19.269997499Z[Etc/UTC], buildStartDate=2025-02-14T23:43:19.277325895Z[Etc/UTC], buildCompletionDate=2025-02-14T23:43:20.497391524Z[Etc/UTC], estimatedCompletionDate=2025-02-14T23:43:38.277310787Z[Etc/UTC], estimatedDuration=19], buildConfig=BuildConfig[buildScript=#!/bin/bash
cd /var/tmp/testing-dir
chmod +x ./gradlew
./gradlew clean test
, dockerImage=dummy-docker-image:latest, commitHashToBuild=9f4f76247a188e9a0f3516a9fbd60e829d53fb05, assignmentCommitHash=9f4f76247a188e9a0f3516a9fbd60e829d53fb05, testCommitHash=9f4f76247a188e9a0f3516a9fbd60e829d53fb05, branch=main, programmingLanguage=JAVA, projectType=PLAIN_GRADLE, scaEnabled=false, sequentialTestRunsEnabled=false, resultPaths=[/var/tmp/testing-dir/**/test-results/test/*.xml], timeoutSeconds=0, assignmentCheckoutPath=null, testCheckoutPath=null, solutionCheckoutPath=null, dockerRunConfig=null], submissionResult=ResultDTO[id=142, completionDate=2025-02-14T23:43:20.484244187Z[Etc/UTC], successful=false, score=7.7, rated=true, submission=SubmissionDTO[id=131, submitted=true, type=MANUAL, exampleSubmission=null, submissionDate=2025-02-14T23:43:19.265464Z, commitHash=9f4f76247a188e9a0f3516a9fbd60e829d53fb05, buildFailed=false, buildArtifact=false, participation=ParticipationDTO[id=497, testRun=false, type=programming, submissionCount=null, exercise=ParticipationExerciseDTO[id=310, exerciseType=PROGRAMMING, type=programming, assessmentType=AUTOMATIC, dueDate=2025-02-16T23:43:19.182228Z, assessmentDueDate=null, maxPoints=42.0, course=CourseDTO[id=159, accuracyOfScores=1]]], submissionExerciseType=programming, isProcessing=false, buildStartDate=null, estimatedCompletionDate=null], participation=ParticipationDTO[id=497, testRun=false, type=programming, submissionCount=null, exercise=ParticipationExerciseDTO[id=310, exerciseType=PROGRAMMING, type=programming, assessmentType=AUTOMATIC, dueDate=2025-02-16T23:43:19.182228Z, assessmentDueDate=null, maxPoints=42.0, course=CourseDTO[id=159, accuracyOfScores=1]]], feedbacks=[FeedbackDTO[id=173, text=null, detailText=The exercise expects a class with the name Context in the package testpackage. You did not implement the class in the exercise., hasLongFeedbackText=false, reference=null, credits=0.0, positive=false, type=AUTOMATIC, visibility=ALWAYS, testCase=TestCaseDTO[testName=null, id=169]], FeedbackDTO[id=174, text=null, detailText=The exercise expects a class with the name Policy in the package testpackage. You did not implement the class in the exercise., hasLongFeedbackText=false, reference=null, credits=0.0, positive=false, type=AUTOMATIC, visibility=ALWAYS, testCase=TestCaseDTO[testName=null, id=170]], FeedbackDTO[id=175, text=null, detailText=The exercise expects a class with the name SortStrategy in the package testpackage. You did not implement the class in the exercise., hasLongFeedbackText=false, reference=null, credits=0.0, positive=false, type=AUTOMATIC, visibility=ALWAYS, testCase=TestCaseDTO[testName=null, id=171]], FeedbackDTO[id=176, text=null, detailText=The class 'MergeSort' does not implement the interface 'SortStrategy' as expected. Implement the interface and its methods., hasLongFeedbackText=false, reference=null, credits=0.0, positive=false, type=AUTOMATIC, visibility=ALWAYS, testCase=TestCaseDTO[testName=null, id=166]], FeedbackDTO[id=177, text=null, detailText=The exercise expects a class with the name SortStrategy in the package testpackage. You did not implement the class in the exercise., hasLongFeedbackText=false, reference=null, credits=0.0, positive=false, type=AUTOMATIC, visibility=ALWAYS, testCase=TestCaseDTO[testName=null, id=163]], FeedbackDTO[id=178, text=null, detailText=The class 'BubbleSort' does not implement the interface 'SortStrategy' as expected. Implement the interface and its methods., hasLongFeedbackText=false, reference=null, credits=0.0, positive=false, type=AUTOMATIC, visibility=ALWAYS, testCase=TestCaseDTO[testName=null, id=167]], FeedbackDTO[id=179, text=null, detailText=MergeSort does not sort correctly, hasLongFeedbackText=false, reference=null, credits=0.0, positive=false, type=AUTOMATIC, visibility=ALWAYS, testCase=TestCaseDTO[testName=null, id=172]], FeedbackDTO[id=180, text=null, detailText=The class 'Context' was not found within the submission. Make sure to implement it properly., hasLongFeedbackText=false, reference=null, credits=0.0, positive=false, type=AUTOMATIC, visibility=ALWAYS, testCase=TestCaseDTO[testName=null, id=173]], FeedbackDTO[id=181, text=null, detailText=The class 'Context' was not found within the submission. Make sure to implement it properly., hasLongFeedbackText=false, reference=null, credits=0.0, positive=false, type=AUTOMATIC, visibility=ALWAYS, testCase=TestCaseDTO[testName=null, id=174]], FeedbackDTO[id=182, text=null, detailText=The exercise expects a class with the name Policy in the package testpackage. You did not implement the class in the exercise., hasLongFeedbackText=false, reference=null, credits=0.0, positive=false, type=AUTOMATIC, visibility=ALWAYS, testCase=TestCaseDTO[testName=null, id=168]], FeedbackDTO[id=183, text=null, detailText=The exercise expects a class with the name Context in the package testpackage. You did not implement the class in the exercise., hasLongFeedbackText=false, reference=null, credits=0.0, positive=false, type=AUTOMATIC, visibility=ALWAYS, testCase=TestCaseDTO[testName=null, id=164]], FeedbackDTO[id=184, text=null, detailText=The exercise expects a class with the name Policy in the package testpackage. You did not implement the class in the exercise., hasLongFeedbackText=false, reference=null, credits=0.0, positive=false, type=AUTOMATIC, visibility=ALWAYS, testCase=TestCaseDTO[testName=null, id=165]], FeedbackDTO[id=185, text=null, detailText=null, hasLongFeedbackText=false, reference=null, credits=3.230769230769231, positive=true, type=AUTOMATIC, visibility=ALWAYS, testCase=TestCaseDTO[testName=null, id=175]]], assessmentType=AUTOMATIC, hasComplaint=null, exampleResult=null, testCaseCount=13, passedTestCaseCount=1, codeIssueCount=0]], BuildJobQueueItem[id=5001739576601035, name=SHORT582B1BDC0A17704D6D0A46800FC19163DA47TSTEXC-LOCALCIINTSTUDENT1, buildAgent=BuildAgentDTO[name=artemis-build-agent-test, memberAddress=[127.0.0.1]:5703, displayName=artemis-build-agent-test], participationId=500, courseId=160, exerciseId=311, retryCount=0, priority=2, status=SUCCESSFUL, repositoryInfo=RepositoryInfo[repositoryName=short582b1bdc0a17704d6d0a46800fc19163da47tstexc-localciintstudent1, repositoryType=user, triggeredByPushTo=user, assignmentRepositoryUri=http://localhost:49152/git/SHORT582B1BDC0A17704D6D0A46800FC19163DA47TSTEXC/short582b1bdc0a17704d6d0a46800fc19163da47tstexc-localciintstudent1.git, testRepositoryUri=http://localhost:49152/git/SHORT582B1BDC0A17704D6D0A46800FC19163DA47TSTEXC/short582b1bdc0a17704d6d0a46800fc19163da47tstexc-tests.git, solutionRepositoryUri=null, auxiliaryRepositoryUris=[Ljava.lang.String;@2882c621, auxiliaryRepositoryCheckoutDirectories=[Ljava.lang.String;@fbbdd37], jobTimingInfo=JobTimingInfo[submissionDate=2025-02-14T23:43:21.035120760Z[Etc/UTC], buildStartDate=2025-02-14T23:43:21.040320383Z[Etc/UTC], buildCompletionDate=2025-02-14T23:43:22.581236903Z[Etc/UTC], estimatedCompletionDate=2025-02-14T23:43:40.040312057Z[Etc/UTC], estimatedDuration=19], buildConfig=BuildConfig[buildScript=#!/bin/bash
cd /var/tmp/testing-dir
chmod +x ./gradlew
./gradlew clean test
, dockerImage=dummy-docker-image:latest, commitHashToBuild=887566cf754016f986627cf5c5c365dea16c907f, assignmentCommitHash=887566cf754016f986627cf5c5c365dea16c907f, testCommitHash=6af67146332066e7430917928a4b9b81c43b7c71, branch=main, programmingLanguage=JAVA, projectType=PLAIN_GRADLE, scaEnabled=false, sequentialTestRunsEnabled=false, resultPaths=[/var/tmp/testing-dir/**/test-results/test/*.xml], timeoutSeconds=0, assignmentCheckoutPath=customAssignmentPath, testCheckoutPath=null, solutionCheckoutPath=null, dockerRunConfig=null], submissionResult=ResultDTO[id=143, completionDate=2025-02-14T23:43:22.538158998Z[Etc/UTC], successful=false, score=7.7, rated=true, submission=SubmissionDTO[id=132, submitted=true, type=MANUAL, exampleSubmission=null, submissionDate=2025-02-14T23:43:21.028930Z, commitHash=887566cf754016f986627cf5c5c365dea16c907f, buildFailed=false, buildArtifact=false, participation=ParticipationDTO[id=500, testRun=false, type=programming, submissionCount=null, exercise=ParticipationExerciseDTO[id=311, exerciseType=PROGRAMMING, type=programming, assessmentType=AUTOMATIC, dueDate=2025-02-16T23:43:20.897280Z, assessmentDueDate=null, maxPoints=42.0, course=CourseDTO[id=160, accuracyOfScores=1]]], submissionExerciseType=programming, isProcessing=false, buildStartDate=null, estimatedCompletionDate=null], participation=ParticipationDTO[id=500, testRun=false, type=programming, submissionCount=null, exercise=ParticipationExerciseDTO[id=311, exerciseType=PROGRAMMING, type=programming, assessmentType=AUTOMATIC, dueDate=2025-02-16T23:43:20.897280Z, assessmentDueDate=null, maxPoints=42.0, course=CourseDTO[id=160, accuracyOfScores=1]]], feedbacks=[FeedbackDTO[id=186, text=null, detailText=The exercise expects a class with the name Context in the package testpackage. You did not implement the class in the exercise., hasLongFeedbackText=false, reference=null, credits=0.0, positive=false, type=AUTOMATIC, visibility=ALWAYS, testCase=TestCaseDTO[testName=null, id=182]], FeedbackDTO[id=187, text=null, detailText=The exercise expects a class with the name Policy in the package testpackage. You did not implement the class in the exercise., hasLongFeedbackText=false, reference=null, credits=0.0, positive=false, type=AUTOMATIC, visibility=ALWAYS, testCase=TestCaseDTO[testName=null, id=183]], FeedbackDTO[id=188, text=null, detailText=The exercise expects a class with the name SortStrategy in the package testpackage. You did not implement the class in the exercise., hasLongFeedbackText=false, reference=null, credits=0.0, positive=false, type=AUTOMATIC, visibility=ALWAYS, testCase=TestCaseDTO[testName=null, id=184]], FeedbackDTO[id=189, text=null, detailText=The class 'MergeSort' does not implement the interface 'SortStrategy' as expected. Implement the interface and its methods., hasLongFeedbackText=false, reference=null, credits=0.0, positive=false, type=AUTOMATIC, visibility=ALWAYS, testCase=TestCaseDTO[testName=null, id=179]], FeedbackDTO[id=190, text=null, detailText=The exercise expects a class with the name SortStrategy in the package testpackage. You did not implement the class in the exercise., hasLongFeedbackText=false, reference=null, credits=0.0, positive=false, type=AUTOMATIC, visibility=ALWAYS, testCase=TestCaseDTO[testName=null, id=176]], FeedbackDTO[id=191, text=null, detailText=The class 'BubbleSort' does not implement the interface 'SortStrategy' as expected. Implement the interface and its methods., hasLongFeedbackText=false, reference=null, credits=0.0, positive=false, type=AUTOMATIC, visibility=ALWAYS, testCase=TestCaseDTO[testName=null, id=180]], FeedbackDTO[id=192, text=null, detailText=MergeSort does not sort correctly, hasLongFeedbackText=false, reference=null, credits=0.0, positive=false, type=AUTOMATIC, visibility=ALWAYS, testCase=TestCaseDTO[testName=null, id=185]], FeedbackDTO[id=193, text=null, detailText=The class 'Context' was not found within the submission. Make sure to implement it properly., hasLongFeedbackText=false, reference=null, credits=0.0, positive=false, type=AUTOMATIC, visibility=ALWAYS, testCase=TestCaseDTO[testName=null, id=186]], FeedbackDTO[id=194, text=null, detailText=The class 'Context' was not found within the submission. Make sure to implement it properly., hasLongFeedbackText=false, reference=null, credits=0.0, positive=false, type=AUTOMATIC, visibility=ALWAYS, testCase=TestCaseDTO[testName=null, id=187]], FeedbackDTO[id=195, text=null, detailText=The exercise expects a class with the name Policy in the package testpackage. You did not implement the class in the exercise., hasLongFeedbackText=false, reference=null, credits=0.0, positive=false, type=AUTOMATIC, visibility=ALWAYS, testCase=TestCaseDTO[testName=null, id=181]], FeedbackDTO[id=196, text=null, detailText=The exercise expects a class with the name Context in the package testpackage. You did not implement the class in the exercise., hasLongFeedbackText=false, reference=null, credits=0.0, positive=false, type=AUTOMATIC, visibility=ALWAYS, testCase=TestCaseDTO[testName=null, id=177]], FeedbackDTO[id=197, text=null, detailText=The exercise expects a class with the name Policy in the package testpackage. You did not implement the class in the exercise., hasLongFeedbackText=false, reference=null, credits=0.0, positive=false, type=AUTOMATIC, visibility=ALWAYS, testCase=TestCaseDTO[testName=null, id=178]], FeedbackDTO[id=198, text=null, detailText=null, hasLongFeedbackText=false, reference=null, credits=3.230769230769231, positive=true, type=AUTOMATIC, visibility=ALWAYS, testCase=TestCaseDTO[testName=null, id=188]]], assessmentType=AUTOMATIC, hasComplaint=null, exampleResult=null, testCaseCount=13, passedTestCaseCount=1, codeIssueCount=0]], BuildJobQueueItem[id=5031739576604847, name=SHORT00FA1A240403404C7E097D7007C591BE2AB1TSTEXC-LOCALCIINTSTUDENT1, buildAgent=BuildAgentDTO[name=artemis-build-agent-test, memberAddress=[127.0.0.1]:5703, displayName=artemis-build-agent-test], participationId=503, courseId=161, exerciseId=312, retryCount=0, priority=2, status=FAILED, repositoryInfo=RepositoryInfo[repositoryName=short00fa1a240403404c7e097d7007c591be2ab1tstexc-localciintstudent1, repositoryType=user, triggeredByPushTo=user, assignmentRepositoryUri=http://localhost:49152/git/SHORT00FA1A240403404C7E097D7007C591BE2AB1TSTEXC/short00fa1a240403404c7e097d7007c591be2ab1tstexc-localciintstudent1.git, testRepositoryUri=http://localhost:49152/git/SHORT00FA1A240403404C7E097D7007C591BE2AB1TSTEXC/short00fa1a240403404c7e097d7007c591be2ab1tstexc-tests.git, solutionRepositoryUri=null, auxiliaryRepositoryUris=[Ljava.lang.String;@78da13bf, auxiliaryRepositoryCheckoutDirectories=[Ljava.lang.String;@45ddf409], jobTimingInfo=JobTimingInfo[submissionDate=2025-02-14T23:43:24.847396156Z[Etc/UTC], buildStartDate=2025-02-14T23:43:24.860457211Z[Etc/UTC], buildCompletionDate=2025-02-14T23:43:26.809353681Z[Etc/UTC], estimatedCompletionDate=2025-02-14T23:43:46.860451490Z[Etc/UTC], estimatedDuration=22], buildConfig=BuildConfig[buildScript=#!/bin/bash
cd /var/tmp/testing-dir
chmod +x ./gradlew
./gradlew clean test
, dockerImage=dummy-docker-image:latest, commitHashToBuild=9690714a509af0a98c6790a7e52ee3574c7ef689, assignmentCommitHash=9690714a509af0a98c6790a7e52ee3574c7ef689, testCommitHash=9690714a509af0a98c6790a7e52ee3574c7ef689, branch=main, programmingLanguage=JAVA, projectType=PLAIN_GRADLE, scaEnabled=false, sequentialTestRunsEnabled=false, resultPaths=[/var/tmp/testing-dir/**/test-results/test/*.xml], timeoutSeconds=0, assignmentCheckoutPath=null, testCheckoutPath=null, solutionCheckoutPath=null, dockerRunConfig=null], submissionResult=ResultDTO[id=144, completionDate=2025-02-14T23:43:26.809483684Z[Etc/UTC], successful=false, score=0.0, rated=true, submission=SubmissionDTO[id=133, submitted=true, type=MANUAL, exampleSubmission=null, submissionDate=2025-02-14T23:43:24.841319Z, commitHash=9690714a509af0a98c6790a7e52ee3574c7ef689, buildFailed=true, buildArtifact=false, participation=ParticipationDTO[id=503, testRun=false, type=programming, submissionCount=null, exercise=ParticipationExerciseDTO[id=312, exerciseType=PROGRAMMING, type=programming, assessmentType=AUTOMATIC, dueDate=2025-02-16T23:43:24.571329Z, assessmentDueDate=null, maxPoints=42.0, course=CourseDTO[id=161, accuracyOfScores=1]]], submissionExerciseType=programming, isProcessing=false, buildStartDate=null, estimatedCompletionDate=null], participation=ParticipationDTO[id=503, testRun=false, type=programming, submissionCount=null, exercise=ParticipationExerciseDTO[id=312, exerciseType=PROGRAMMING, type=programming, assessmentType=AUTOMATIC, dueDate=2025-02-16T23:43:24.571329Z, assessmentDueDate=null, maxPoints=42.0, course=CourseDTO[id=161, accuracyOfScores=1]]], feedbacks=[], assessmentType=AUTOMATIC, hasComplaint=null, exampleResult=null, testCaseCount=0, passedTestCaseCount=0, codeIssueCount=0]]], publicSshKey=ssh-rsa AAAAB3NzaC1yc2EAAAADAQABAAACAQCOPdMsxRE2jFJ/UEa5/LsBxtwzJcrh3/rYBCQvcMeVpiRfhzQPWu7mrt/G2Ew+i+vRloGH9aqKg6dd1liRncao53Zmd/ePxoatXePNhmzTfkCkcSkTUz7B+QMjkoDDV5jwuFPD6mF3JkhuzSi64n9Zy905t4w2IhVcjM2mL3eYNjiCXt6Qpq3Pkt7dM/Ksw1nxnvuiIALuJLB3FTkXkHqq3PJav+9HSq2r6ZaWgekneaGxlQlb+U+Vy3XOuArKAzK8c8i+0bR+AHiTG6ncYXt7ax3U+TdlDTF7OLP3umwaYjs1NBXOHwG42pevvpKn2fqavZZozk+M05jXLx3bq0O7itxfErWc7etky8qYPyyIMF/txQIVLd78+Ze4d7Y60t5MGbXM5cGE6fFif5fEJwgswXD+BrG0cafz1CTatjSKFdvp8Vp4VszXhHDan1PrP6JEFJ5Cc5GDmLRZPCFa3vL9f5qXgf4bkqKN8MYeEujwJE5nMRWoiJVNakix2bcrrneQMBlnYeYZVWXXXUusAQBzl4NgddC1umZpihZkL1b1MffZAUW3EGEXi7KHnllQhkTLLsQ8ntMgbylqaJKStqaXlLvdeRJcEnUuiFCrHEVVbXRFZR7XVDZ02CE5o3MuaRPty8Kh+jRTF3COlAckHwYEJCNNJvXFgb2CNXL4mjzYDw== test@localhost]
    23:43:26.961 | 566 localvc.event-13 | DEBUG | a.p.s.l.SharedQueueManagementService : Build agent updated: null
    23:43:26.965 | 370 ool-1-worker-134 | INFO  | i.z.t.d.l.EmbeddedDatabaseReporter   : JDBC URL to connect to 'dataSource': url='jdbc:h2:tcp://localhost:41063/mem:736625c0-cf5e-400d-aeaa-8a7eabd6262b;USER=sa', scope='StudentExamIntegrationTest#testGetStudentExamForConduction_examIdNotMatching'
    23:43:26.967 | 370 ool-1-worker-134 | DEBUG | d.t.c.a.a.c.s.f.ApiVersionFilter     : Adding Version to Request GET /api/courses/389/exams/7852/student-exams/320/conduction
    23:43:26.969 | 370 ool-1-worker-134 | DEBUG | d.t.c.a.a.e.web.StudentExamResource  : REST request to get the student exam of user studexamstudent1 for exam 7852
    23:43:26.970 | 566 localvc.event-13 | DEBUG | a.p.s.l.LocalCIQueueWebsocketService : Build agent updated: BuildAgentInformation[buildAgent=BuildAgentDTO[name=artemis-build-agent-test, memberAddress=[127.0.0.1]:5703, displayName=artemis-build-agent-test], maxNumberOfConcurrentBuildJobs=1, numberOfCurrentBuildJobs=1, runningBuildJobs=[BuildJobQueueItem[id=5061739576605250, name=SHORT62C808EE04ECE040740AF7B0CF3AE5F5BEF2TSTEXC-LOCALCIINTSTUDENT1, buildAgent=BuildAgentDTO[name=artemis-build-agent-test, memberAddress=[127.0.0.1]:5703, displayName=artemis-build-agent-test], participationId=506, courseId=162, exerciseId=313, retryCount=0, priority=2, status=null, repositoryInfo=RepositoryInfo[repositoryName=short62c808ee04ece040740af7b0cf3ae5f5bef2tstexc-localciintstudent1, repositoryType=user, triggeredByPushTo=user, assignmentRepositoryUri=http://localhost:49152/git/SHORT62C808EE04ECE040740AF7B0CF3AE5F5BEF2TSTEXC/short62c808ee04ece040740af7b0cf3ae5f5bef2tstexc-localciintstudent1.git, testRepositoryUri=http://localhost:49152/git/SHORT62C808EE04ECE040740AF7B0CF3AE5F5BEF2TSTEXC/short62c808ee04ece040740af7b0cf3ae5f5bef2tstexc-tests.git, solutionRepositoryUri=null, auxiliaryRepositoryUris=[Ljava.lang.String;@2a53b965, auxiliaryRepositoryCheckoutDirectories=[Ljava.lang.String;@2bc007b], jobTimingInfo=JobTimingInfo[submissionDate=2025-02-14T23:43:25.250749866Z[Etc/UTC], buildStartDate=2025-02-14T23:43:26.820713075Z[Etc/UTC], buildCompletionDate=null, estimatedCompletionDate=2025-02-14T23:43:45.820704920Z[Etc/UTC], estimatedDuration=19], buildConfig=BuildConfig[buildScript=#!/bin/bash
cd /var/tmp/testing-dir
chmod +x ./gradlew
./gradlew clean test
, dockerImage=dummy-docker-image:latest, commitHashToBuild=993b6f756e3e52a44d0537d4fa3a5d0e0acdbe89, assignmentCommitHash=993b6f756e3e52a44d0537d4fa3a5d0e0acdbe89, testCommitHash=993b6f756e3e52a44d0537d4fa3a5d0e0acdbe89, branch=main, programmingLanguage=JAVA, projectType=null, scaEnabled=false, sequentialTestRunsEnabled=false, resultPaths=[/var/tmp/testing-dir/**/test-results/test/*.xml], timeoutSeconds=0, assignmentCheckoutPath=null, testCheckoutPath=null, solutionCheckoutPath=null, dockerRunConfig=null], submissionResult=null]], status=ACTIVE, recentBuildJobs=[BuildJobQueueItem[id=4621739576562326, name=SHORT43ACF76B02BC1044B80938509D14043FABDETSTEXC-LOCALCIINTSTUDENT1, buildAgent=BuildAgentDTO[name=artemis-build-agent-test, memberAddress=[127.0.0.1]:5703, displayName=artemis-build-agent-test], participationId=462, courseId=147, exerciseId=298, retryCount=0, priority=2, status=SUCCESSFUL, repositoryInfo=RepositoryInfo[repositoryName=short43acf76b02bc1044b80938509d14043fabdetstexc-localciintstudent1, repositoryType=user, triggeredByPushTo=user, assignmentRepositoryUri=http://localhost:49152/git/SHORT43ACF76B02BC1044B80938509D14043FABDETSTEXC/short43acf76b02bc1044b80938509d14043fabdetstexc-localciintstudent1.git, testRepositoryUri=http://localhost:49152/git/SHORT43ACF76B02BC1044B80938509D14043FABDETSTEXC/short43acf76b02bc1044b80938509d14043fabdetstexc-tests.git, solutionRepositoryUri=null, auxiliaryRepositoryUris=[Ljava.lang.String;@28ebc199, auxiliaryRepositoryCheckoutDirectories=[Ljava.lang.String;@574e67a0], jobTimingInfo=JobTimingInfo[submissionDate=2025-02-14T23:42:42.326978596Z[Etc/UTC], buildStartDate=2025-02-14T23:42:42.420147010Z[Etc/UTC], buildCompletionDate=2025-02-14T23:42:45.573855829Z[Etc/UTC], estimatedCompletionDate=2025-02-14T23:43:01.420129377Z[Etc/UTC], estimatedDuration=19], buildConfig=BuildConfig[buildScript=#!/bin/bash
cd /var/tmp/testing-dir
chmod +x ./gradlew
./gradlew clean test
, dockerImage=dummy-docker-image:latest, commitHashToBuild=a9c717ccf7bcbe9531d3eee21dbaeb5aab2ff971, assignmentCommitHash=a9c717ccf7bcbe9531d3eee21dbaeb5aab2ff971, testCommitHash=a9c717ccf7bcbe9531d3eee21dbaeb5aab2ff971, branch=main, programmingLanguage=JAVA, projectType=PLAIN_GRADLE, scaEnabled=false, sequentialTestRunsEnabled=false, resultPaths=[/var/tmp/testing-dir/**/test-results/test/*.xml], timeoutSeconds=0, assignmentCheckoutPath=null, testCheckoutPath=null, solutionCheckoutPath=null, dockerRunConfig=DockerRunConfig[isNetworkDisabled=true, env=[key=value]]], submissionResult=ResultDTO[id=132, completionDate=2025-02-14T23:42:45.519869118Z[Etc/UTC], successful=false, score=7.7, rated=true, submission=SubmissionDTO[id=119, submitted=true, type=MANUAL, exampleSubmission=null, submissionDate=2025-02-14T23:42:42.302762Z, commitHash=a9c717ccf7bcbe9531d3eee21dbaeb5aab2ff971, buildFailed=false, buildArtifact=false, participation=ParticipationDTO[id=462, testRun=false, type=programming, submissionCount=null, exercise=ParticipationExerciseDTO[id=298, exerciseType=PROGRAMMING, type=programming, assessmentType=AUTOMATIC, dueDate=2025-02-16T23:42:41.553955Z, assessmentDueDate=null, maxPoints=42.0, course=CourseDTO[id=147, accuracyOfScores=1]]], submissionExerciseType=programming, isProcessing=false, buildStartDate=null, estimatedCompletionDate=null], participation=ParticipationDTO[id=462, testRun=false, type=programming, submissionCount=null, exercise=ParticipationExerciseDTO[id=298, exerciseType=PROGRAMMING, type=programming, assessmentType=AUTOMATIC, dueDate=2025-02-16T23:42:41.553955Z, assessmentDueDate=null, maxPoints=42.0, course=CourseDTO[id=147, accuracyOfScores=1]]], feedbacks=[FeedbackDTO[id=67, text=null, detailText=The exercise expects a class with the name Context in the package testpackage. You did not implement the class in the exercise., hasLongFeedbackText=false, reference=null, credits=0.0, positive=false, type=AUTOMATIC, visibility=ALWAYS, testCase=TestCaseDTO[testName=null, id=13]], FeedbackDTO[id=68, text=null, detailText=The exercise expects a class with the name Policy in the package testpackage. You did not implement the class in the exercise., hasLongFeedbackText=false, reference=null, credits=0.0, positive=false, type=AUTOMATIC, visibility=ALWAYS, testCase=TestCaseDTO[testName=null, id=14]], FeedbackDTO[id=69, text=null, detailText=The exercise expects a class with the name SortStrategy in the package testpackage. You did not implement the class in the exercise., hasLongFeedbackText=false, reference=null, credits=0.0, positive=false, type=AUTOMATIC, visibility=ALWAYS, testCase=TestCaseDTO[testName=null, id=15]], FeedbackDTO[id=70, text=null, detailText=The class 'MergeSort' does not implement the interface 'SortStrategy' as expected. Implement the interface and its methods., hasLongFeedbackText=false, reference=null, credits=0.0, positive=false, type=AUTOMATIC, visibility=ALWAYS, testCase=TestCaseDTO[testName=null, id=10]], FeedbackDTO[id=71, text=null, detailText=The exercise expects a class with the name SortStrategy in the package testpackage. You did not implement the class in the exercise., hasLongFeedbackText=false, reference=null, credits=0.0, positive=false, type=AUTOMATIC, visibility=ALWAYS, testCase=TestCaseDTO[testName=null, id=7]], FeedbackDTO[id=72, text=null, detailText=The class 'BubbleSort' does not implement the interface 'SortStrategy' as expected. Implement the interface and its methods., hasLongFeedbackText=false, reference=null, credits=0.0, positive=false, type=AUTOMATIC, visibility=ALWAYS, testCase=TestCaseDTO[testName=null, id=11]], FeedbackDTO[id=73, text=null, detailText=MergeSort does not sort correctly, hasLongFeedbackText=false, reference=null, credits=0.0, positive=false, type=AUTOMATIC, visibility=ALWAYS, testCase=TestCaseDTO[testName=null, id=16]], FeedbackDTO[id=74, text=null, detailText=The class 'Context' was not found within the submission. Make sure to implement it properly., hasLongFeedbackText=false, reference=null, credits=0.0, positive=false, type=AUTOMATIC, visibility=ALWAYS, testCase=TestCaseDTO[testName=null, id=17]], FeedbackDTO[id=75, text=null, detailText=The class 'Context' was not found within the submission. Make sure to implement it properly., hasLongFeedbackText=false, reference=null, credits=0.0, positive=false, type=AUTOMATIC, visibility=ALWAYS, testCase=TestCaseDTO[testName=null, id=18]], FeedbackDTO[id=76, text=null, detailText=The exercise expects a class with the name Policy in the package testpackage. You did not implement the class in the exercise., hasLongFeedbackText=false, reference=null, credits=0.0, positive=false, type=AUTOMATIC, visibility=ALWAYS, testCase=TestCaseDTO[testName=null, id=12]], FeedbackDTO[id=77, text=null, detailText=The exercise expects a class with the name Context in the package testpackage. You did not implement the class in the exercise., hasLongFeedbackText=false, reference=null, credits=0.0, positive=false, type=AUTOMATIC, visibility=ALWAYS, testCase=TestCaseDTO[testName=null, id=8]], FeedbackDTO[id=78, text=null, detailText=The exercise expects a class with the name Policy in the package testpackage. You did not implement the class in the exercise., hasLongFeedbackText=false, reference=null, credits=0.0, positive=false, type=AUTOMATIC, visibility=ALWAYS, testCase=TestCaseDTO[testName=null, id=9]], FeedbackDTO[id=79, text=null, detailText=null, hasLongFeedbackText=false, reference=null, credits=3.230769230769231, positive=true, type=AUTOMATIC, visibility=ALWAYS, testCase=TestCaseDTO[testName=null, id=19]]], assessmentType=AUTOMATIC, hasComplaint=null, exampleResult=null, testCaseCount=13, passedTestCaseCount=1, codeIssueCount=0]], BuildJobQueueItem[id=4651739576569330, name=SHORTB06DD3F905F4604F6E085260D83ED657A6DFTSTEXC-LOCALCIINTSTUDENT1, buildAgent=BuildAgentDTO[name=artemis-build-agent-test, memberAddress=[127.0.0.1]:5703, displayName=artemis-build-agent-test], participationId=465, courseId=148, exerciseId=299, retryCount=0, priority=2, status=SUCCESSFUL, repositoryInfo=RepositoryInfo[repositoryName=shortb06dd3f905f4604f6e085260d83ed657a6dftstexc-localciintstudent1, repositoryType=user, triggeredByPushTo=user, assignmentRepositoryUri=http://localhost:49152/git/SHORTB06DD3F905F4604F6E085260D83ED657A6DFTSTEXC/shortb06dd3f905f4604f6e085260d83ed657a6dftstexc-localciintstudent1.git, testRepositoryUri=http://localhost:49152/git/SHORTB06DD3F905F4604F6E085260D83ED657A6DFTSTEXC/shortb06dd3f905f4604f6e085260d83ed657a6dftstexc-tests.git, solutionRepositoryUri=null, auxiliaryRepositoryUris=[Ljava.lang.String;@60e164bd, auxiliaryRepositoryCheckoutDirectories=[Ljava.lang.String;@2bc0f02], jobTimingInfo=JobTimingInfo[submissionDate=2025-02-14T23:42:49.330093960Z[Etc/UTC], buildStartDate=2025-02-14T23:42:49.347797345Z[Etc/UTC], buildCompletionDate=2025-02-14T23:42:51.204319751Z[Etc/UTC], estimatedCompletionDate=2025-02-14T23:43:08.347788449Z[Etc/UTC], estimatedDuration=19], buildConfig=BuildConfig[buildScript=#!/bin/bash
cd /var/tmp/testing-dir
chmod +x ./gradlew
./gradlew clean test
, dockerImage=dummy-docker-image:latest, commitHashToBuild=41581fff25954d36cf07586926ee0c77d1003131, assignmentCommitHash=41581fff25954d36cf07586926ee0c77d1003131, testCommitHash=41581fff25954d36cf07586926ee0c77d1003131, branch=main, programmingLanguage=JAVA, projectType=PLAIN_GRADLE, scaEnabled=false, sequentialTestRunsEnabled=false, resultPaths=[/var/tmp/testing-dir/**/test-results/test/*.xml], timeoutSeconds=0, assignmentCheckoutPath=null, testCheckoutPath=null, solutionCheckoutPath=null, dockerRunConfig=null], submissionResult=ResultDTO[id=133, completionDate=2025-02-14T23:42:51.155372920Z[Etc/UTC], successful=false, score=7.7, rated=true, submission=SubmissionDTO[id=120, submitted=true, type=MANUAL, exampleSubmission=null, submissionDate=2025-02-14T23:42:49.321855Z, commitHash=41581fff25954d36cf07586926ee0c77d1003131, buildFailed=false, buildArtifact=false, participation=ParticipationDTO[id=465, testRun=false, type=programming, submissionCount=null, exercise=ParticipationExerciseDTO[id=299, exerciseType=PROGRAMMING, type=programming, assessmentType=AUTOMATIC, dueDate=2025-02-16T23:42:49.163661Z, assessmentDueDate=null, maxPoints=42.0, course=CourseDTO[id=148, accuracyOfScores=1]]], submissionExerciseType=programming, isProcessing=false, buildStartDate=null, estimatedCompletionDate=null], participation=ParticipationDTO[id=465, testRun=false, type=programming, submissionCount=null, exercise=ParticipationExerciseDTO[id=299, exerciseType=PROGRAMMING, type=programming, assessmentType=AUTOMATIC, dueDate=2025-02-16T23:42:49.163661Z, assessmentDueDate=null, maxPoints=42.0, course=CourseDTO[id=148, accuracyOfScores=1]]], feedbacks=[FeedbackDTO[id=80, text=null, detailText=The exercise expects a class with the name Context in the package testpackage. You did not implement the class in the exercise., hasLongFeedbackText=false, reference=null, credits=0.0, positive=false, type=AUTOMATIC, visibility=ALWAYS, testCase=TestCaseDTO[testName=null, id=26]], FeedbackDTO[id=81, text=null, detailText=The exercise expects a class with the name Policy in the package testpackage. You did not implement the class in the exercise., hasLongFeedbackText=false, reference=null, credits=0.0, positive=false, type=AUTOMATIC, visibility=ALWAYS, testCase=TestCaseDTO[testName=null, id=27]], FeedbackDTO[id=82, text=null, detailText=The exercise expects a class with the name SortStrategy in the package testpackage. You did not implement the class in the exercise., hasLongFeedbackText=false, reference=null, credits=0.0, positive=false, type=AUTOMATIC, visibility=ALWAYS, testCase=TestCaseDTO[testName=null, id=28]], FeedbackDTO[id=83, text=null, detailText=The class 'MergeSort' does not implement the interface 'SortStrategy' as expected. Implement the interface and its methods., hasLongFeedbackText=false, reference=null, credits=0.0, positive=false, type=AUTOMATIC, visibility=ALWAYS, testCase=TestCaseDTO[testName=null, id=23]], FeedbackDTO[id=84, text=null, detailText=The exercise expects a class with the name SortStrategy in the package testpackage. You did not implement the class in the exercise., hasLongFeedbackText=false, reference=null, credits=0.0, positive=false, type=AUTOMATIC, visibility=ALWAYS, testCase=TestCaseDTO[testName=null, id=20]], FeedbackDTO[id=85, text=null, detailText=The class 'BubbleSort' does not implement the interface 'SortStrategy' as expected. Implement the interface and its methods., hasLongFeedbackText=false, reference=null, credits=0.0, positive=false, type=AUTOMATIC, visibility=ALWAYS, testCase=TestCaseDTO[testName=null, id=24]], FeedbackDTO[id=86, text=null, detailText=MergeSort does not sort correctly, hasLongFeedbackText=false, reference=null, credits=0.0, positive=false, type=AUTOMATIC, visibility=ALWAYS, testCase=TestCaseDTO[testName=null, id=29]], FeedbackDTO[id=87, text=null, detailText=The class 'Context' was not found within the submission. Make sure to implement it properly., hasLongFeedbackText=false, reference=null, credits=0.0, positive=false, type=AUTOMATIC, visibility=ALWAYS, testCase=TestCaseDTO[testName=null, id=30]], FeedbackDTO[id=88, text=null, detailText=The class 'Context' was not found within the submission. Make sure to implement it properly., hasLongFeedbackText=false, reference=null, credits=0.0, positive=false, type=AUTOMATIC, visibility=ALWAYS, testCase=TestCaseDTO[testName=null, id=31]], FeedbackDTO[id=89, text=null, detailText=The exercise expects a class with the name Policy in the package testpackage. You did not implement the class in the exercise., hasLongFeedbackText=false, reference=null, credits=0.0, positive=false, type=AUTOMATIC, visibility=ALWAYS, testCase=TestCaseDTO[testName=null, id=25]], FeedbackDTO[id=90, text=null, detailText=The exercise expects a class with the name Context in the package testpackage. You did not implement the class in the exercise., hasLongFeedbackText=false, reference=null, credits=0.0, positive=false, type=AUTOMATIC, visibility=ALWAYS, testCase=TestCaseDTO[testName=null, id=21]], FeedbackDTO[id=91, text=null, detailText=The exercise expects a class with the name Policy in the package testpackage. You did not implement the class in the exercise., hasLongFeedbackText=false, reference=null, credits=0.0, positive=false, type=AUTOMATIC, visibility=ALWAYS, testCase=TestCaseDTO[testName=null, id=22]], FeedbackDTO[id=92, text=null, detailText=null, hasLongFeedbackText=false, reference=null, credits=3.230769230769231, positive=true, type=AUTOMATIC, visibility=ALWAYS, testCase=TestCaseDTO[testName=null, id=32]]], assessmentType=AUTOMATIC, hasComplaint=null, exampleResult=null, testCaseCount=13, passedTestCaseCount=1, codeIssueCount=0]], BuildJobQueueItem[id=4681739576573068, name=SHORTBCF65534040390488B0A46605F5F3776B89ATSTEXC-LOCALCIINTSTUDENT1, buildAgent=BuildAgentDTO[name=artemis-build-agent-test, memberAddress=[127.0.0.1]:5703, displayName=artemis-build-agent-test], participationId=468, courseId=149, exerciseId=300, retryCount=0, priority=2, status=SUCCESSFUL, repositoryInfo=RepositoryInfo[repositoryName=shortbcf65534040390488b0a46605f5f3776b89atstexc-localciintstudent1, repositoryType=user, triggeredByPushTo=user, assignmentRepositoryUri=http://localhost:49152/git/SHORTBCF65534040390488B0A46605F5F3776B89ATSTEXC/shortbcf65534040390488b0a46605f5f3776b89atstexc-localciintstudent1.git, testRepositoryUri=http://localhost:49152/git/SHORTBCF65534040390488B0A46605F5F3776B89ATSTEXC/shortbcf65534040390488b0a46605f5f3776b89atstexc-tests.git, solutionRepositoryUri=null, auxiliaryRepositoryUris=[Ljava.lang.String;@742df1c5, auxiliaryRepositoryCheckoutDirectories=[Ljava.lang.String;@507afb87], jobTimingInfo=JobTimingInfo[submissionDate=2025-02-14T23:42:53.068019209Z[Etc/UTC], buildStartDate=2025-02-14T23:42:53.092867394Z[Etc/UTC], buildCompletionDate=2025-02-14T23:42:55.086950323Z[Etc/UTC], estimatedCompletionDate=2025-02-14T23:43:12.092858828Z[Etc/UTC], estimatedDuration=19], buildConfig=BuildConfig[buildScript=#!/bin/bash
cd /var/tmp/testing-dir
chmod +x ./gradlew
./gradlew clean test
, dockerImage=dummy-docker-image:latest, commitHashToBuild=2d5c0482fc77d3f5ec0841962528a43054e83170, assignmentCommitHash=2d5c0482fc77d3f5ec0841962528a43054e83170, testCommitHash=7477e25d56ce5fee2c938542a7e7ed4ed085d373, branch=main, programmingLanguage=JAVA, projectType=PLAIN_GRADLE, scaEnabled=false, sequentialTestRunsEnabled=false, resultPaths=[/var/tmp/testing-dir/**/test-results/test/*.xml], timeoutSeconds=0, assignmentCheckoutPath=null, testCheckoutPath=null, solutionCheckoutPath=null, dockerRunConfig=null], submissionResult=ResultDTO[id=134, completionDate=2025-02-14T23:42:55.059618627Z[Etc/UTC], successful=false, score=7.7, rated=true, submission=SubmissionDTO[id=121, submitted=true, type=MANUAL, exampleSubmission=null, submissionDate=2025-02-14T23:42:53.048221Z, commitHash=2d5c0482fc77d3f5ec0841962528a43054e83170, buildFailed=false, buildArtifact=false, participation=ParticipationDTO[id=468, testRun=false, type=programming, submissionCount=null, exercise=ParticipationExerciseDTO[id=300, exerciseType=PROGRAMMING, type=programming, assessmentType=AUTOMATIC, dueDate=2025-02-16T23:42:52.873722Z, assessmentDueDate=null, maxPoints=42.0, course=CourseDTO[id=149, accuracyOfScores=1]]], submissionExerciseType=programming, isProcessing=false, buildStartDate=null, estimatedCompletionDate=null], participation=ParticipationDTO[id=468, testRun=false, type=programming, submissionCount=null, exercise=ParticipationExerciseDTO[id=300, exerciseType=PROGRAMMING, type=programming, assessmentType=AUTOMATIC, dueDate=2025-02-16T23:42:52.873722Z, assessmentDueDate=null, maxPoints=42.0, course=CourseDTO[id=149, accuracyOfScores=1]]], feedbacks=[FeedbackDTO[id=93, text=null, detailText=The exercise expects a class with the name Context in the package testpackage. You did not implement the class in the exercise., hasLongFeedbackText=false, reference=null, credits=0.0, positive=false, type=AUTOMATIC, visibility=ALWAYS, testCase=TestCaseDTO[testName=null, id=39]], FeedbackDTO[id=94, text=null, detailText=The exercise expects a class with the name Policy in the package testpackage. You did not implement the class in the exercise., hasLongFeedbackText=false, reference=null, credits=0.0, positive=false, type=AUTOMATIC, visibility=ALWAYS, testCase=TestCaseDTO[testName=null, id=40]], FeedbackDTO[id=95, text=null, detailText=The exercise expects a class with the name SortStrategy in the package testpackage. You did not implement the class in the exercise., hasLongFeedbackText=false, reference=null, credits=0.0, positive=false, type=AUTOMATIC, visibility=ALWAYS, testCase=TestCaseDTO[testName=null, id=41]], FeedbackDTO[id=96, text=null, detailText=The class 'MergeSort' does not implement the interface 'SortStrategy' as expected. Implement the interface and its methods., hasLongFeedbackText=false, reference=null, credits=0.0, positive=false, type=AUTOMATIC, visibility=ALWAYS, testCase=TestCaseDTO[testName=null, id=36]], FeedbackDTO[id=97, text=null, detailText=The exercise expects a class with the name SortStrategy in the package testpackage. You did not implement the class in the exercise., hasLongFeedbackText=false, reference=null, credits=0.0, positive=false, type=AUTOMATIC, visibility=ALWAYS, testCase=TestCaseDTO[testName=null, id=33]], FeedbackDTO[id=98, text=null, detailText=The class 'BubbleSort' does not implement the interface 'SortStrategy' as expected. Implement the interface and its methods., hasLongFeedbackText=false, reference=null, credits=0.0, positive=false, type=AUTOMATIC, visibility=ALWAYS, testCase=TestCaseDTO[testName=null, id=37]], FeedbackDTO[id=99, text=null, detailText=MergeSort does not sort correctly, hasLongFeedbackText=false, reference=null, credits=0.0, positive=false, type=AUTOMATIC, visibility=ALWAYS, testCase=TestCaseDTO[testName=null, id=42]], FeedbackDTO[id=100, text=null, detailText=The class 'Context' was not found within the submission. Make sure to implement it properly., hasLongFeedbackText=false, reference=null, credits=0.0, positive=false, type=AUTOMATIC, visibility=ALWAYS, testCase=TestCaseDTO[testName=null, id=43]], FeedbackDTO[id=101, text=null, detailText=The class 'Context' was not found within the submission. Make sure to implement it properly., hasLongFeedbackText=false, reference=null, credits=0.0, positive=false, type=AUTOMATIC, visibility=ALWAYS, testCase=TestCaseDTO[testName=null, id=44]], FeedbackDTO[id=102, text=null, detailText=The exercise expects a class with the name Policy in the package testpackage. You did not implement the class in the exercise., hasLongFeedbackText=false, reference=null, credits=0.0, positive=false, type=AUTOMATIC, visibility=ALWAYS, testCase=TestCaseDTO[testName=null, id=38]], FeedbackDTO[id=103, text=null, detailText=The exercise expects a class with the name Context in the package testpackage. You did not implement the class in the exercise., hasLongFeedbackText=false, reference=null, credits=0.0, positive=false, type=AUTOMATIC, visibility=ALWAYS, testCase=TestCaseDTO[testName=null, id=34]], FeedbackDTO[id=104, text=null, detailText=The exercise expects a class with the name Policy in the package testpackage. You did not implement the class in the exercise., hasLongFeedbackText=false, reference=null, credits=0.0, positive=false, type=AUTOMATIC, visibility=ALWAYS, testCase=TestCaseDTO[testName=null, id=35]], FeedbackDTO[id=105, text=null, detailText=null, hasLongFeedbackText=false, reference=null, credits=3.230769230769231, positive=true, type=AUTOMATIC, visibility=ALWAYS, testCase=TestCaseDTO[testName=null, id=45]]], assessmentType=AUTOMATIC, hasComplaint=null, exampleResult=null, testCaseCount=13, passedTestCaseCount=1, codeIssueCount=0]], BuildJobQueueItem[id=4741739576577297, name=SHORT88A9A223023E2047B709E4A029FA08BCF2CFTSTEXC-LOCALCIINTSTUDENT1, buildAgent=BuildAgentDTO[name=artemis-build-agent-test, memberAddress=[127.0.0.1]:5703, displayName=artemis-build-agent-test], participationId=474, courseId=151, exerciseId=302, retryCount=0, priority=2, status=SUCCESSFUL, repositoryInfo=RepositoryInfo[repositoryName=short88a9a223023e2047b709e4a029fa08bcf2cftstexc-localciintstudent1, repositoryType=user, triggeredByPushTo=user, assignmentRepositoryUri=http://localhost:49152/git/SHORT88A9A223023E2047B709E4A029FA08BCF2CFTSTEXC/short88a9a223023e2047b709e4a029fa08bcf2cftstexc-localciintstudent1.git, testRepositoryUri=http://localhost:49152/git/SHORT88A9A223023E2047B709E4A029FA08BCF2CFTSTEXC/short88a9a223023e2047b709e4a029fa08bcf2cftstexc-tests.git, solutionRepositoryUri=null, auxiliaryRepositoryUris=[Ljava.lang.String;@3bd5a9b9, auxiliaryRepositoryCheckoutDirectories=[Ljava.lang.String;@597365de], jobTimingInfo=JobTimingInfo[submissionDate=2025-02-14T23:42:57.297342281Z[Etc/UTC], buildStartDate=2025-02-14T23:42:57.308570327Z[Etc/UTC], buildCompletionDate=2025-02-14T23:42:59.047616654Z[Etc/UTC], estimatedCompletionDate=2025-02-14T23:43:16.308558064Z[Etc/UTC], estimatedDuration=19], buildConfig=BuildConfig[buildScript=#!/bin/bash
cd /var/tmp/testing-dir
chmod +x ./gradlew
./gradlew clean test
, dockerImage=dummy-docker-image:latest, commitHashToBuild=736cbea1e46d6849b41266b2bf1cccd3b9ea55b1, assignmentCommitHash=736cbea1e46d6849b41266b2bf1cccd3b9ea55b1, testCommitHash=ea6267edd396a304305339b036512b63e0374c66, branch=main, programmingLanguage=JAVA, projectType=PLAIN_GRADLE, scaEnabled=false, sequentialTestRunsEnabled=false, resultPaths=[/var/tmp/testing-dir/**/test-results/test/*.xml], timeoutSeconds=0, assignmentCheckoutPath=null, testCheckoutPath=null, solutionCheckoutPath=null, dockerRunConfig=null], submissionResult=ResultDTO[id=135, completionDate=2025-02-14T23:42:59.014168821Z[Etc/UTC], successful=false, score=7.7, rated=true, submission=SubmissionDTO[id=123, submitted=true, type=MANUAL, exampleSubmission=null, submissionDate=2025-02-14T23:42:57.278471Z, commitHash=736cbea1e46d6849b41266b2bf1cccd3b9ea55b1, buildFailed=false, buildArtifact=false, participation=ParticipationDTO[id=474, testRun=false, type=programming, submissionCount=null, exercise=ParticipationExerciseDTO[id=302, exerciseType=PROGRAMMING, type=programming, assessmentType=AUTOMATIC, dueDate=2025-02-16T23:42:56.796251Z, assessmentDueDate=null, maxPoints=42.0, course=CourseDTO[id=151, accuracyOfScores=1]]], submissionExerciseType=programming, isProcessing=false, buildStartDate=null, estimatedCompletionDate=null], participation=ParticipationDTO[id=474, testRun=false, type=programming, submissionCount=null, exercise=ParticipationExerciseDTO[id=302, exerciseType=PROGRAMMING, type=programming, assessmentType=AUTOMATIC, dueDate=2025-02-16T23:42:56.796251Z, assessmentDueDate=null, maxPoints=42.0, course=CourseDTO[id=151, accuracyOfScores=1]]], feedbacks=[FeedbackDTO[id=106, text=null, detailText=The exercise expects a class with the name Context in the package testpackage. You did not implement the class in the exercise., hasLongFeedbackText=false, reference=null, credits=0.0, positive=false, type=AUTOMATIC, visibility=ALWAYS, testCase=TestCaseDTO[testName=null, id=65]], FeedbackDTO[id=107, text=null, detailText=The exercise expects a class with the name Policy in the package testpackage. You did not implement the class in the exercise., hasLongFeedbackText=false, reference=null, credits=0.0, positive=false, type=AUTOMATIC, visibility=ALWAYS, testCase=TestCaseDTO[testName=null, id=66]], FeedbackDTO[id=108, text=null, detailText=The exercise expects a class with the name SortStrategy in the package testpackage. You did not implement the class in the exercise., hasLongFeedbackText=false, reference=null, credits=0.0, positive=false, type=AUTOMATIC, visibility=ALWAYS, testCase=TestCaseDTO[testName=null, id=67]], FeedbackDTO[id=109, text=null, detailText=The class 'MergeSort' does not implement the interface 'SortStrategy' as expected. Implement the interface and its methods., hasLongFeedbackText=false, reference=null, credits=0.0, positive=false, type=AUTOMATIC, visibility=ALWAYS, testCase=TestCaseDTO[testName=null, id=62]], FeedbackDTO[id=110, text=null, detailText=The exercise expects a class with the name SortStrategy in the package testpackage. You did not implement the class in the exercise., hasLongFeedbackText=false, reference=null, credits=0.0, positive=false, type=AUTOMATIC, visibility=ALWAYS, testCase=TestCaseDTO[testName=null, id=59]], FeedbackDTO[id=111, text=null, detailText=The class 'BubbleSort' does not implement the interface 'SortStrategy' as expected. Implement the interface and its methods., hasLongFeedbackText=false, reference=null, credits=0.0, positive=false, type=AUTOMATIC, visibility=ALWAYS, testCase=TestCaseDTO[testName=null, id=63]], FeedbackDTO[id=112, text=null, detailText=MergeSort does not sort correctly, hasLongFeedbackText=false, reference=null, credits=0.0, positive=false, type=AUTOMATIC, visibility=ALWAYS, testCase=TestCaseDTO[testName=null, id=68]], FeedbackDTO[id=113, text=null, detailText=The class 'Context' was not found within the submission. Make sure to implement it properly., hasLongFeedbackText=false, reference=null, credits=0.0, positive=false, type=AUTOMATIC, visibility=ALWAYS, testCase=TestCaseDTO[testName=null, id=69]], FeedbackDTO[id=114, text=null, detailText=The class 'Context' was not found within the submission. Make sure to implement it properly., hasLongFeedbackText=false, reference=null, credits=0.0, positive=false, type=AUTOMATIC, visibility=ALWAYS, testCase=TestCaseDTO[testName=null, id=70]], FeedbackDTO[id=115, text=null, detailText=The exercise expects a class with the name Policy in the package testpackage. You did not implement the class in the exercise., hasLongFeedbackText=false, reference=null, credits=0.0, positive=false, type=AUTOMATIC, visibility=ALWAYS, testCase=TestCaseDTO[testName=null, id=64]], FeedbackDTO[id=116, text=null, detailText=The exercise expects a class with the name Context in the package testpackage. You did not implement the class in the exercise., hasLongFeedbackText=false, reference=null, credits=0.0, positive=false, type=AUTOMATIC, visibility=ALWAYS, testCase=TestCaseDTO[testName=null, id=60]], FeedbackDTO[id=117, text=null, detailText=The exercise expects a class with the name Policy in the package testpackage. You did not implement the class in the exercise., hasLongFeedbackText=false, reference=null, credits=0.0, positive=false, type=AUTOMATIC, visibility=ALWAYS, testCase=TestCaseDTO[testName=null, id=61]], FeedbackDTO[id=118, text=null, detailText=null, hasLongFeedbackText=false, reference=null, credits=3.230769230769231, positive=true, type=AUTOMATIC, visibility=ALWAYS, testCase=TestCaseDTO[testName=null, id=71]]], assessmentType=AUTOMATIC, hasComplaint=null, exampleResult=null, testCaseCount=13, passedTestCaseCount=1, codeIssueCount=0]], BuildJobQueueItem[id=4771739576580898, name=SHORT51E611E30D6B60466F0B8BA0AA97F58888C2TSTEXC-LOCALCIINTSTUDENT1, buildAgent=BuildAgentDTO[name=artemis-build-agent-test, memberAddress=[127.0.0.1]:5703, displayName=artemis-build-agent-test], participationId=477, courseId=152, exerciseId=303, retryCount=0, priority=2, status=SUCCESSFUL, repositoryInfo=RepositoryInfo[repositoryName=short51e611e30d6b60466f0b8ba0aa97f58888c2tstexc-localciintstudent1, repositoryType=user, triggeredByPushTo=user, assignmentRepositoryUri=http://localhost:49152/git/SHORT51E611E30D6B60466F0B8BA0AA97F58888C2TSTEXC/short51e611e30d6b60466f0b8ba0aa97f58888c2tstexc-localciintstudent1.git, testRepositoryUri=http://localhost:49152/git/SHORT51E611E30D6B60466F0B8BA0AA97F58888C2TSTEXC/short51e611e30d6b60466f0b8ba0aa97f58888c2tstexc-tests.git, solutionRepositoryUri=null, auxiliaryRepositoryUris=[Ljava.lang.String;@424b04ec, auxiliaryRepositoryCheckoutDirectories=[Ljava.lang.String;@45ea69e1], jobTimingInfo=JobTimingInfo[submissionDate=2025-02-14T23:43:00.898532688Z[Etc/UTC], buildStartDate=2025-02-14T23:43:00.905733056Z[Etc/UTC], buildCompletionDate=2025-02-14T23:43:02.692768910Z[Etc/UTC], estimatedCompletionDate=2025-02-14T23:43:19.905720463Z[Etc/UTC], estimatedDuration=19], buildConfig=BuildConfig[buildScript=#!/bin/bash
cd /var/tmp/testing-dir
chmod +x ./gradlew
./gradlew clean test
, dockerImage=dummy-docker-image:latest, commitHashToBuild=8f3057cbd462f5e3de4e6ba85115f60d8dbb5aea, assignmentCommitHash=8f3057cbd462f5e3de4e6ba85115f60d8dbb5aea, testCommitHash=8f3057cbd462f5e3de4e6ba85115f60d8dbb5aea, branch=main, programmingLanguage=JAVA, projectType=PLAIN_GRADLE, scaEnabled=true, sequentialTestRunsEnabled=false, resultPaths=[/var/tmp/testing-dir/**/test-results/test/*.xml], timeoutSeconds=0, assignmentCheckoutPath=null, testCheckoutPath=null, solutionCheckoutPath=null, dockerRunConfig=null], submissionResult=ResultDTO[id=136, completionDate=2025-02-14T23:43:02.637820510Z[Etc/UTC], successful=false, score=7.7, rated=true, submission=SubmissionDTO[id=124, submitted=true, type=MANUAL, exampleSubmission=null, submissionDate=2025-02-14T23:43:00.886601Z, commitHash=8f3057cbd462f5e3de4e6ba85115f60d8dbb5aea, buildFailed=false, buildArtifact=false, participation=ParticipationDTO[id=477, testRun=false, type=programming, submissionCount=null, exercise=ParticipationExerciseDTO[id=303, exerciseType=PROGRAMMING, type=programming, assessmentType=AUTOMATIC, dueDate=2025-02-16T23:43:00.631824Z, assessmentDueDate=null, maxPoints=42.0, course=CourseDTO[id=152, accuracyOfScores=1]]], submissionExerciseType=programming, isProcessing=false, buildStartDate=null, estimatedCompletionDate=null], participation=ParticipationDTO[id=477, testRun=false, type=programming, submissionCount=null, exercise=ParticipationExerciseDTO[id=303, exerciseType=PROGRAMMING, type=programming, assessmentType=AUTOMATIC, dueDate=2025-02-16T23:43:00.631824Z, assessmentDueDate=null, maxPoints=42.0, course=CourseDTO[id=152, accuracyOfScores=1]]], feedbacks=[FeedbackDTO[id=119, text=null, detailText=The exercise expects a class with the name Context in the package testpackage. You did not implement the class in the exercise., hasLongFeedbackText=false, reference=null, credits=0.0, positive=false, type=AUTOMATIC, visibility=ALWAYS, testCase=TestCaseDTO[testName=null, id=78]], FeedbackDTO[id=120, text=null, detailText=The exercise expects a class with the name Policy in the package testpackage. You did not implement the class in the exercise., hasLongFeedbackText=false, reference=null, credits=0.0, positive=false, type=AUTOMATIC, visibility=ALWAYS, testCase=TestCaseDTO[testName=null, id=79]], FeedbackDTO[id=121, text=null, detailText=The exercise expects a class with the name SortStrategy in the package testpackage. You did not implement the class in the exercise., hasLongFeedbackText=false, reference=null, credits=0.0, positive=false, type=AUTOMATIC, visibility=ALWAYS, testCase=TestCaseDTO[testName=null, id=80]], FeedbackDTO[id=122, text=null, detailText=The class 'MergeSort' does not implement the interface 'SortStrategy' as expected. Implement the interface and its methods., hasLongFeedbackText=false, reference=null, credits=0.0, positive=false, type=AUTOMATIC, visibility=ALWAYS, testCase=TestCaseDTO[testName=null, id=75]], FeedbackDTO[id=123, text=null, detailText=The exercise expects a class with the name SortStrategy in the package testpackage. You did not implement the class in the exercise., hasLongFeedbackText=false, reference=null, credits=0.0, positive=false, type=AUTOMATIC, visibility=ALWAYS, testCase=TestCaseDTO[testName=null, id=72]], FeedbackDTO[id=124, text=null, detailText=The class 'BubbleSort' does not implement the interface 'SortStrategy' as expected. Implement the interface and its methods., hasLongFeedbackText=false, reference=null, credits=0.0, positive=false, type=AUTOMATIC, visibility=ALWAYS, testCase=TestCaseDTO[testName=null, id=76]], FeedbackDTO[id=125, text=null, detailText=MergeSort does not sort correctly, hasLongFeedbackText=false, reference=null, credits=0.0, positive=false, type=AUTOMATIC, visibility=ALWAYS, testCase=TestCaseDTO[testName=null, id=81]], FeedbackDTO[id=126, text=null, detailText=The class 'Context' was not found within the submission. Make sure to implement it properly., hasLongFeedbackText=false, reference=null, credits=0.0, positive=false, type=AUTOMATIC, visibility=ALWAYS, testCase=TestCaseDTO[testName=null, id=82]], FeedbackDTO[id=127, text=null, detailText=The class 'Context' was not found within the submission. Make sure to implement it properly., hasLongFeedbackText=false, reference=null, credits=0.0, positive=false, type=AUTOMATIC, visibility=ALWAYS, testCase=TestCaseDTO[testName=null, id=83]], FeedbackDTO[id=128, text=null, detailText=The exercise expects a class with the name Policy in the package testpackage. You did not implement the class in the exercise., hasLongFeedbackText=false, reference=null, credits=0.0, positive=false, type=AUTOMATIC, visibility=ALWAYS, testCase=TestCaseDTO[testName=null, id=77]], FeedbackDTO[id=129, text=null, detailText=The exercise expects a class with the name Context in the package testpackage. You did not implement the class in the exercise., hasLongFeedbackText=false, reference=null, credits=0.0, positive=false, type=AUTOMATIC, visibility=ALWAYS, testCase=TestCaseDTO[testName=null, id=73]], FeedbackDTO[id=130, text=null, detailText=The exercise expects a class with the name Policy in the package testpackage. You did not implement the class in the exercise., hasLongFeedbackText=false, reference=null, credits=0.0, positive=false, type=AUTOMATIC, visibility=ALWAYS, testCase=TestCaseDTO[testName=null, id=74]], FeedbackDTO[id=131, text=null, detailText=null, hasLongFeedbackText=false, reference=null, credits=3.230769230769231, positive=true, type=AUTOMATIC, visibility=ALWAYS, testCase=TestCaseDTO[testName=null, id=84]], FeedbackDTO[id=132, text=SCAFeedbackIdentifier:Bad Practice, detailText={"filePath":"src/code/Client.java","startLine":6,"endLine":6,"startColumn":1,"endColumn":26,"rule":"UnusedImports","category":"Best Practices","message":"Avoid unused imports such as 'javax.swing.JFrame'","priority":"4"}, hasLongFeedbackText=false, reference=PMD, credits=0.0, positive=false, type=AUTOMATIC, visibility=null, testCase=null], FeedbackDTO[id=133, text=SCAFeedbackIdentifier:Code Style, detailText={"filePath":"src/code/Client.java","startLine":7,"endLine":7,"startColumn":1,"endColumn":19,"rule":"DontImportJavaLang","category":"Code Style","message":"Avoid importing anything from the package java.lang","priority":"4"}, hasLongFeedbackText=false, reference=PMD, credits=0.0, positive=false, type=AUTOMATIC, visibility=null, testCase=null], FeedbackDTO[id=134, text=SCAFeedbackIdentifier:Bad Practice, detailText={"filePath":"src/code/Client.java","startLine":7,"endLine":7,"startColumn":1,"endColumn":19,"rule":"UnusedImports","category":"Best Practices","message":"Avoid unused imports such as 'java.lang'","priority":"4"}, hasLongFeedbackText=false, reference=PMD, credits=0.0, positive=false, type=AUTOMATIC, visibility=null, testCase=null], FeedbackDTO[id=135, text=SCAFeedbackIdentifier:Bad Practice, detailText={"filePath":"src/code/Client.java","startLine":73,"endLine":73,"startColumn":18,"endColumn":27,"rule":"UnusedLocalVariable","category":"Best Practices","message":"Avoid unused local variables such as 'randomDate'.","priority":"3"}, hasLongFeedbackText=false, reference=PMD, credits=0.0, positive=false, type=AUTOMATIC, visibility=null, testCase=null], FeedbackDTO[id=136, text=SCAFeedbackIdentifier:Bad Practice, detailText={"filePath":"src/code/Client.java","startLine":81,"endLine":81,"startColumn":31,"endColumn":53,"rule":"UnusedPrivateMethod","category":"Best Practices","message":"Avoid unused private methods such as 'CreateRandomDatesList()'.","priority":"3"}, hasLongFeedbackText=false, reference=PMD, credits=0.0, positive=false, type=AUTOMATIC, visibility=null, testCase=null], FeedbackDTO[id=137, text=SCAFeedbackIdentifier:Potential Bugs, detailText={"filePath":"src/code/Client.java","startLine":94,"endLine":94,"startColumn":9,"endColumn":9,"rule":"EmptyStatementNotInLoop","category":"Error Prone","message":"An empty statement (semicolon) not part of a loop","priority":"3"}, hasLongFeedbackText=false, reference=PMD, credits=0.0, positive=false, type=AUTOMATIC, visibility=null, testCase=null], FeedbackDTO[id=138, text=SCAFeedbackIdentifier:Potential Bugs, detailText={"filePath":"src/code/Client.java","startLine":94,"endLine":94,"startColumn":10,"endColumn":10,"rule":"EmptyStatementNotInLoop","category":"Error Prone","message":"An empty statement (semicolon) not part of a loop","priority":"3"}, hasLongFeedbackText=false, reference=PMD, credits=0.0, positive=false, type=AUTOMATIC, visibility=null, testCase=null], FeedbackDTO[id=139, text=SCAFeedbackIdentifier:Potential Bugs, detailText={"filePath":"src/code/Client.java","startLine":94,"endLine":94,"startColumn":11,"endColumn":11,"rule":"EmptyStatementNotInLoop","category":"Error Prone","message":"An empty statement (semicolon) not part of a loop","priority":"3"}, hasLongFeedbackText=false, reference=PMD, credits=0.0, positive=false, type=AUTOMATIC, visibility=null, testCase=null], FeedbackDTO[id=140, text=SCAFeedbackIdentifier:Code Style, detailText={"filePath":"src/code/Client.java","startLine":73,"endLine":73,"rule":"DLS_DEAD_LOCAL_STORE","category":"STYLE","message":"Dead store to randomDate in code.Client.createRandomDatesList()","priority":"2"}, hasLongFeedbackText=false, reference=SPOTBUGS, credits=0.0, positive=false, type=AUTOMATIC, visibility=null, testCase=null], FeedbackDTO[id=141, text=SCAFeedbackIdentifier:Bad Practice, detailText={"filePath":"src/code/Client.java","startLine":82,"endLine":95,"rule":"NM_METHOD_NAMING_CONVENTION","category":"BAD_PRACTICE","message":"The method name code.Client.CreateRandomDatesList() doesn't start with a lower case letter","priority":"3"}, hasLongFeedbackText=false, reference=SPOTBUGS, credits=0.0, positive=false, type=AUTOMATIC, visibility=null, testCase=null], FeedbackDTO[id=142, text=SCAFeedbackIdentifier:Performance, detailText={"filePath":"src/code/Client.java","startLine":82,"endLine":95,"rule":"UPM_UNCALLED_PRIVATE_METHOD","category":"PERFORMANCE","message":"Private method code.Client.CreateRandomDatesList() is never called","priority":"2"}, hasLongFeedbackText=false, reference=SPOTBUGS, credits=0.0, positive=false, type=AUTOMATIC, visibility=null, testCase=null], FeedbackDTO[id=143, text=SCAFeedbackIdentifier:Code Style, detailText={"filePath":"src/code/Client.java","startLine":70,"endLine":70,"startColumn":9,"endColumn":9,"rule":"NeedBracesCheck","category":"blocks","message":"'for' construct must use '{}'s.","priority":"error"}, hasLongFeedbackText=false, reference=CHECKSTYLE, credits=0.0, positive=false, type=AUTOMATIC, visibility=null, testCase=null], FeedbackDTO[id=144, text=SCAFeedbackIdentifier:Code Style, detailText={"filePath":"src/code/Client.java","startLine":93,"endLine":93,"startColumn":9,"endColumn":9,"rule":"EmptyStatementCheck","category":"coding","message":"Empty statement.","priority":"error"}, hasLongFeedbackText=false, reference=CHECKSTYLE, credits=0.0, positive=false, type=AUTOMATIC, visibility=null, testCase=null], FeedbackDTO[id=145, text=SCAFeedbackIdentifier:Code Style, detailText={"filePath":"src/code/Client.java","startLine":93,"endLine":93,"startColumn":10,"endColumn":10,"rule":"EmptyStatementCheck","category":"coding","message":"Empty statement.","priority":"error"}, hasLongFeedbackText=false, reference=CHECKSTYLE, credits=0.0, positive=false, type=AUTOMATIC, visibility=null, testCase=null], FeedbackDTO[id=146, text=SCAFeedbackIdentifier:Code Style, detailText={"filePath":"src/code/Client.java","startLine":93,"endLine":93,"startColumn":11,"endColumn":11,"rule":"EmptyStatementCheck","category":"coding","message":"Empty statement.","priority":"error"}, hasLongFeedbackText=false, reference=CHECKSTYLE, credits=0.0, positive=false, type=AUTOMATIC, visibility=null, testCase=null]], assessmentType=AUTOMATIC, hasComplaint=null, exampleResult=null, testCaseCount=13, passedTestCaseCount=1, codeIssueCount=15]], BuildJobQueueItem[id=4821739576584632, name=SHORT433BAC4500363044960B6E10DFA0493471B2TSTEXC-LOCALCIINTSTUDENT1, buildAgent=BuildAgentDTO[name=artemis-build-agent-test, memberAddress=[127.0.0.1]:5703, displayName=artemis-build-agent-test], participationId=482, courseId=154, exerciseId=305, retryCount=0, priority=2, status=SUCCESSFUL, repositoryInfo=RepositoryInfo[repositoryName=short433bac4500363044960b6e10dfa0493471b2tstexc-localciintstudent1, repositoryType=user, triggeredByPushTo=user, assignmentRepositoryUri=http://localhost:49152/git/SHORT433BAC4500363044960B6E10DFA0493471B2TSTEXC/short433bac4500363044960b6e10dfa0493471b2tstexc-localciintstudent1.git, testRepositoryUri=http://localhost:49152/git/SHORT433BAC4500363044960B6E10DFA0493471B2TSTEXC/short433bac4500363044960b6e10dfa0493471b2tstexc-tests.git, solutionRepositoryUri=null, auxiliaryRepositoryUris=[Ljava.lang.String;@53649884, auxiliaryRepositoryCheckoutDirectories=[Ljava.lang.String;@117b5aa3], jobTimingInfo=JobTimingInfo[submissionDate=2025-02-14T23:43:04.632341258Z[Etc/UTC], buildStartDate=2025-02-14T23:43:04.637633457Z[Etc/UTC], buildCompletionDate=2025-02-14T23:43:06.421238953Z[Etc/UTC], estimatedCompletionDate=2025-02-14T23:43:23.637623879Z[Etc/UTC], estimatedDuration=19], buildConfig=BuildConfig[buildScript=#!/bin/bash
cd /var/tmp/testing-dir
chmod +x ./gradlew
./gradlew clean test
, dockerImage=dummy-docker-image:latest, commitHashToBuild=8355c4f3cd5d3e0443707d3310206e460e333c6f, assignmentCommitHash=8355c4f3cd5d3e0443707d3310206e460e333c6f, testCommitHash=8355c4f3cd5d3e0443707d3310206e460e333c6f, branch=main, programmingLanguage=JAVA, projectType=PLAIN_GRADLE, scaEnabled=false, sequentialTestRunsEnabled=false, resultPaths=[/var/tmp/testing-dir/**/test-results/test/*.xml], timeoutSeconds=0, assignmentCheckoutPath=null, testCheckoutPath=null, solutionCheckoutPath=null, dockerRunConfig=null], submissionResult=ResultDTO[id=137, completionDate=2025-02-14T23:43:06.404877412Z[Etc/UTC], successful=false, score=7.7, rated=true, submission=SubmissionDTO[id=125, submitted=true, type=MANUAL, exampleSubmission=null, submissionDate=2025-02-14T23:43:04.623230Z, commitHash=8355c4f3cd5d3e0443707d3310206e460e333c6f, buildFailed=false, buildArtifact=false, participation=ParticipationDTO[id=482, testRun=false, type=programming, submissionCount=null, exercise=ParticipationExerciseDTO[id=305, exerciseType=PROGRAMMING, type=programming, assessmentType=AUTOMATIC, dueDate=2025-02-16T23:43:04.425734Z, assessmentDueDate=null, maxPoints=42.0, course=CourseDTO[id=154, accuracyOfScores=1]]], submissionExerciseType=programming, isProcessing=false, buildStartDate=null, estimatedCompletionDate=null], participation=ParticipationDTO[id=482, testRun=false, type=programming, submissionCount=null, exercise=ParticipationExerciseDTO[id=305, exerciseType=PROGRAMMING, type=programming, assessmentType=AUTOMATIC, dueDate=2025-02-16T23:43:04.425734Z, assessmentDueDate=null, maxPoints=42.0, course=CourseDTO[id=154, accuracyOfScores=1]]], feedbacks=[FeedbackDTO[id=147, text=null, detailText=The exercise expects a class with the name Context in the package testpackage. You did not implement the class in the exercise., hasLongFeedbackText=false, reference=null, credits=0.0, positive=false, type=AUTOMATIC, visibility=ALWAYS, testCase=TestCaseDTO[testName=null, id=104]], FeedbackDTO[id=148, text=null, detailText=The exercise expects a class with the name Policy in the package testpackage. You did not implement the class in the exercise., hasLongFeedbackText=false, reference=null, credits=0.0, positive=false, type=AUTOMATIC, visibility=ALWAYS, testCase=TestCaseDTO[testName=null, id=105]], FeedbackDTO[id=149, text=null, detailText=The exercise expects a class with the name SortStrategy in the package testpackage. You did not implement the class in the exercise., hasLongFeedbackText=false, reference=null, credits=0.0, positive=false, type=AUTOMATIC, visibility=ALWAYS, testCase=TestCaseDTO[testName=null, id=106]], FeedbackDTO[id=150, text=null, detailText=The class 'MergeSort' does not implement the interface 'SortStrategy' as expected. Implement the interface and its methods., hasLongFeedbackText=false, reference=null, credits=0.0, positive=false, type=AUTOMATIC, visibility=ALWAYS, testCase=TestCaseDTO[testName=null, id=101]], FeedbackDTO[id=151, text=null, detailText=The exercise expects a class with the name SortStrategy in the package testpackage. You did not implement the class in the exercise., hasLongFeedbackText=false, reference=null, credits=0.0, positive=false, type=AUTOMATIC, visibility=ALWAYS, testCase=TestCaseDTO[testName=null, id=98]], FeedbackDTO[id=152, text=null, detailText=The class 'BubbleSort' does not implement the interface 'SortStrategy' as expected. Implement the interface and its methods., hasLongFeedbackText=false, reference=null, credits=0.0, positive=false, type=AUTOMATIC, visibility=ALWAYS, testCase=TestCaseDTO[testName=null, id=102]], FeedbackDTO[id=153, text=null, detailText=MergeSort does not sort correctly, hasLongFeedbackText=false, reference=null, credits=0.0, positive=false, type=AUTOMATIC, visibility=ALWAYS, testCase=TestCaseDTO[testName=null, id=107]], FeedbackDTO[id=154, text=null, detailText=The class 'Context' was not found within the submission. Make sure to implement it properly., hasLongFeedbackText=false, reference=null, credits=0.0, positive=false, type=AUTOMATIC, visibility=ALWAYS, testCase=TestCaseDTO[testName=null, id=108]], FeedbackDTO[id=155, text=null, detailText=The class 'Context' was not found within the submission. Make sure to implement it properly., hasLongFeedbackText=false, reference=null, credits=0.0, positive=false, type=AUTOMATIC, visibility=ALWAYS, testCase=TestCaseDTO[testName=null, id=109]], FeedbackDTO[id=156, text=null, detailText=The exercise expects a class with the name Policy in the package testpackage. You did not implement the class in the exercise., hasLongFeedbackText=false, reference=null, credits=0.0, positive=false, type=AUTOMATIC, visibility=ALWAYS, testCase=TestCaseDTO[testName=null, id=103]], FeedbackDTO[id=157, text=null, detailText=The exercise expects a class with the name Context in the package testpackage. You did not implement the class in the exercise., hasLongFeedbackText=false, reference=null, credits=0.0, positive=false, type=AUTOMATIC, visibility=ALWAYS, testCase=TestCaseDTO[testName=null, id=99]], FeedbackDTO[id=158, text=null, detailText=The exercise expects a class with the name Policy in the package testpackage. You did not implement the class in the exercise., hasLongFeedbackText=false, reference=null, credits=0.0, positive=false, type=AUTOMATIC, visibility=ALWAYS, testCase=TestCaseDTO[testName=null, id=100]], FeedbackDTO[id=159, text=null, detailText=null, hasLongFeedbackText=false, reference=null, credits=3.230769230769231, positive=true, type=AUTOMATIC, visibility=ALWAYS, testCase=TestCaseDTO[testName=null, id=110]]], assessmentType=AUTOMATIC, hasComplaint=null, exampleResult=null, testCaseCount=13, passedTestCaseCount=1, codeIssueCount=0]], BuildJobQueueItem[id=4851739576588371, name=SHORT495D587A0856D04A9E08BC60D2E08365FB9ETSTEXC-LOCALCIINTSTUDENT1, buildAgent=BuildAgentDTO[name=artemis-build-agent-test, memberAddress=[127.0.0.1]:5703, displayName=artemis-build-agent-test], participationId=485, courseId=155, exerciseId=306, retryCount=0, priority=2, status=FAILED, repositoryInfo=RepositoryInfo[repositoryName=short495d587a0856d04a9e08bc60d2e08365fb9etstexc-localciintstudent1, repositoryType=user, triggeredByPushTo=user, assignmentRepositoryUri=http://localhost:49152/git/SHORT495D587A0856D04A9E08BC60D2E08365FB9ETSTEXC/short495d587a0856d04a9e08bc60d2e08365fb9etstexc-localciintstudent1.git, testRepositoryUri=http://localhost:49152/git/SHORT495D587A0856D04A9E08BC60D2E08365FB9ETSTEXC/short495d587a0856d04a9e08bc60d2e08365fb9etstexc-tests.git, solutionRepositoryUri=null, auxiliaryRepositoryUris=[Ljava.lang.String;@b0d5004, auxiliaryRepositoryCheckoutDirectories=[Ljava.lang.String;@1dbe95e5], jobTimingInfo=JobTimingInfo[submissionDate=2025-02-14T23:43:08.371015915Z[Etc/UTC], buildStartDate=2025-02-14T23:43:08.374658929Z[Etc/UTC], buildCompletionDate=2025-02-14T23:43:09.341007666Z[Etc/UTC], estimatedCompletionDate=2025-02-14T23:43:27.374650503Z[Etc/UTC], estimatedDuration=19], buildConfig=BuildConfig[buildScript=#!/bin/bash
cd /var/tmp/testing-dir
chmod +x ./gradlew
./gradlew clean test
, dockerImage=dummy-docker-image:latest, commitHashToBuild=ebb8aa4dc3625fe07e975266e18313ad871ce864, assignmentCommitHash=9b3a9bd71a0d80e5bbc42204c319ed3d1d4f0d6d, testCommitHash=9b3a9bd71a0d80e5bbc42204c319ed3d1d4f0d6d, branch=main, programmingLanguage=JAVA, projectType=PLAIN_GRADLE, scaEnabled=false, sequentialTestRunsEnabled=false, resultPaths=[/var/tmp/testing-dir/**/test-results/test/*.xml], timeoutSeconds=0, assignmentCheckoutPath=null, testCheckoutPath=null, solutionCheckoutPath=null, dockerRunConfig=null], submissionResult=ResultDTO[id=138, completionDate=2025-02-14T23:43:09.343306574Z[Etc/UTC], successful=false, score=0.0, rated=true, submission=SubmissionDTO[id=127, submitted=true, type=MANUAL, exampleSubmission=null, submissionDate=2025-02-14T23:43:09.343306574Z[Etc/UTC], commitHash=9b3a9bd71a0d80e5bbc42204c319ed3d1d4f0d6d, buildFailed=true, buildArtifact=false, participation=ParticipationDTO[id=485, testRun=false, type=programming, submissionCount=null, exercise=ParticipationExerciseDTO[id=306, exerciseType=PROGRAMMING, type=programming, assessmentType=AUTOMATIC, dueDate=2025-02-16T23:43:08.185273Z, assessmentDueDate=null, maxPoints=42.0, course=CourseDTO[id=155, accuracyOfScores=1]]], submissionExerciseType=programming, isProcessing=false, buildStartDate=null, estimatedCompletionDate=null], participation=ParticipationDTO[id=485, testRun=false, type=programming, submissionCount=null, exercise=ParticipationExerciseDTO[id=306, exerciseType=PROGRAMMING, type=programming, assessmentType=AUTOMATIC, dueDate=2025-02-16T23:43:08.185273Z, assessmentDueDate=null, maxPoints=42.0, course=CourseDTO[id=155, accuracyOfScores=1]]], feedbacks=[], assessmentType=AUTOMATIC, hasComplaint=null, exampleResult=null, testCaseCount=0, passedTestCaseCount=0, codeIssueCount=0]], BuildJobQueueItem[id=4881739576590204, name=SHORT80B5DD0E0D6B304EBB096E9020B949996A1CTSTEXC-LOCALCIINTSTUDENT1, buildAgent=BuildAgentDTO[name=artemis-build-agent-test, memberAddress=[127.0.0.1]:5703, displayName=artemis-build-agent-test], participationId=488, courseId=156, exerciseId=307, retryCount=0, priority=2, status=SUCCESSFUL, repositoryInfo=RepositoryInfo[repositoryName=short80b5dd0e0d6b304ebb096e9020b949996a1ctstexc-localciintstudent1, repositoryType=user, triggeredByPushTo=user, assignmentRepositoryUri=http://localhost:49152/git/SHORT80B5DD0E0D6B304EBB096E9020B949996A1CTSTEXC/short80b5dd0e0d6b304ebb096e9020b949996a1ctstexc-localciintstudent1.git, testRepositoryUri=http://localhost:49152/git/SHORT80B5DD0E0D6B304EBB096E9020B949996A1CTSTEXC/short80b5dd0e0d6b304ebb096e9020b949996a1ctstexc-tests.git, solutionRepositoryUri=null, auxiliaryRepositoryUris=[Ljava.lang.String;@6a698e6e, auxiliaryRepositoryCheckoutDirectories=[Ljava.lang.String;@210c6fc2], jobTimingInfo=JobTimingInfo[submissionDate=2025-02-14T23:43:10.204264160Z[Etc/UTC], buildStartDate=2025-02-14T23:43:10.223149139Z[Etc/UTC], buildCompletionDate=2025-02-14T23:43:12.086509109Z[Etc/UTC], estimatedCompletionDate=2025-02-14T23:43:29.223142246Z[Etc/UTC], estimatedDuration=19], buildConfig=BuildConfig[buildScript=#!/bin/bash
cd /var/tmp/testing-dir
chmod +x ./gradlew
./gradlew clean test
, dockerImage=dummy-docker-image:latest, commitHashToBuild=b806a93102242552beed7c01b08b2769731814b3, assignmentCommitHash=b806a93102242552beed7c01b08b2769731814b3, testCommitHash=b806a93102242552beed7c01b08b2769731814b3, branch=main, programmingLanguage=JAVA, projectType=PLAIN_GRADLE, scaEnabled=false, sequentialTestRunsEnabled=false, resultPaths=[/var/tmp/testing-dir/**/test-results/test/*.xml], timeoutSeconds=0, assignmentCheckoutPath=null, testCheckoutPath=null, solutionCheckoutPath=null, dockerRunConfig=null], submissionResult=ResultDTO[id=139, completionDate=2025-02-14T23:43:12.066436124Z[Etc/UTC], successful=false, score=0.0, rated=true, submission=SubmissionDTO[id=128, submitted=true, type=MANUAL, exampleSubmission=null, submissionDate=2025-02-14T23:43:10.192407Z, commitHash=b806a93102242552beed7c01b08b2769731814b3, buildFailed=true, buildArtifact=false, participation=ParticipationDTO[id=488, testRun=false, type=programming, submissionCount=null, exercise=ParticipationExerciseDTO[id=307, exerciseType=PROGRAMMING, type=programming, assessmentType=AUTOMATIC, dueDate=2025-02-16T23:43:09.986646Z, assessmentDueDate=null, maxPoints=42.0, course=CourseDTO[id=156, accuracyOfScores=1]]], submissionExerciseType=programming, isProcessing=false, buildStartDate=null, estimatedCompletionDate=null], participation=ParticipationDTO[id=488, testRun=false, type=programming, submissionCount=null, exercise=ParticipationExerciseDTO[id=307, exerciseType=PROGRAMMING, type=programming, assessmentType=AUTOMATIC, dueDate=2025-02-16T23:43:09.986646Z, assessmentDueDate=null, maxPoints=42.0, course=CourseDTO[id=156, accuracyOfScores=1]]], feedbacks=[], assessmentType=AUTOMATIC, hasComplaint=null, exampleResult=null, testCaseCount=0, passedTestCaseCount=0, codeIssueCount=0]], BuildJobQueueItem[id=4911739576593817, name=SHORT585B2198089880462509B3007867E72DFB7ATSTEXC-LOCALCIINTSTUDENT1, buildAgent=BuildAgentDTO[name=artemis-build-agent-test, memberAddress=[127.0.0.1]:5703, displayName=artemis-build-agent-test], participationId=491, courseId=157, exerciseId=308, retryCount=0, priority=2, status=SUCCESSFUL, repositoryInfo=RepositoryInfo[repositoryName=short585b2198089880462509b3007867e72dfb7atstexc-localciintstudent1, repositoryType=user, triggeredByPushTo=user, assignmentRepositoryUri=http://localhost:49152/git/SHORT585B2198089880462509B3007867E72DFB7ATSTEXC/short585b2198089880462509b3007867e72dfb7atstexc-localciintstudent1.git, testRepositoryUri=http://localhost:49152/git/SHORT585B2198089880462509B3007867E72DFB7ATSTEXC/short585b2198089880462509b3007867e72dfb7atstexc-tests.git, solutionRepositoryUri=null, auxiliaryRepositoryUris=[Ljava.lang.String;@40e08697, auxiliaryRepositoryCheckoutDirectories=[Ljava.lang.String;@291832d3], jobTimingInfo=JobTimingInfo[submissionDate=2025-02-14T23:43:13.817124706Z[Etc/UTC], buildStartDate=2025-02-14T23:43:13.834335931Z[Etc/UTC], buildCompletionDate=2025-02-14T23:43:15.746259139Z[Etc/UTC], estimatedCompletionDate=2025-02-14T23:43:32.834326082Z[Etc/UTC], estimatedDuration=19], buildConfig=BuildConfig[buildScript=#!/bin/bash
cd /var/tmp/testing-dir
chmod +x ./gradlew
./gradlew clean test
, dockerImage=dummy-docker-image:latest, commitHashToBuild=42077d078a5d5042fe2d4bd8299a990d342fce6e, assignmentCommitHash=42077d078a5d5042fe2d4bd8299a990d342fce6e, testCommitHash=42077d078a5d5042fe2d4bd8299a990d342fce6e, branch=main, programmingLanguage=JAVA, projectType=PLAIN_GRADLE, scaEnabled=false, sequentialTestRunsEnabled=false, resultPaths=[/var/tmp/testing-dir/**/test-results/test/*.xml], timeoutSeconds=0, assignmentCheckoutPath=null, testCheckoutPath=null, solutionCheckoutPath=null, dockerRunConfig=null], submissionResult=ResultDTO[id=140, completionDate=2025-02-14T23:43:15.725343914Z[Etc/UTC], successful=false, score=0.0, rated=true, submission=SubmissionDTO[id=129, submitted=true, type=MANUAL, exampleSubmission=null, submissionDate=2025-02-14T23:43:13.805401Z, commitHash=42077d078a5d5042fe2d4bd8299a990d342fce6e, buildFailed=false, buildArtifact=false, participation=ParticipationDTO[id=491, testRun=false, type=programming, submissionCount=null, exercise=ParticipationExerciseDTO[id=308, exerciseType=PROGRAMMING, type=programming, assessmentType=AUTOMATIC, dueDate=2025-02-16T23:43:13.569213Z, assessmentDueDate=null, maxPoints=42.0, course=CourseDTO[id=157, accuracyOfScores=1]]], submissionExerciseType=programming, isProcessing=false, buildStartDate=null, estimatedCompletionDate=null], participation=ParticipationDTO[id=491, testRun=false, type=programming, submissionCount=null, exercise=ParticipationExerciseDTO[id=308, exerciseType=PROGRAMMING, type=programming, assessmentType=AUTOMATIC, dueDate=2025-02-16T23:43:13.569213Z, assessmentDueDate=null, maxPoints=42.0, course=CourseDTO[id=157, accuracyOfScores=1]]], feedbacks=[FeedbackDTO[id=160, text=null, detailText=Deine Einreichung enthält keine Ausgabe. (67cac2), hasLongFeedbackText=false, reference=null, credits=0.0, positive=false, type=AUTOMATIC, visibility=ALWAYS, testCase=TestCaseDTO[testName=null, id=146]], FeedbackDTO[id=161, text=null, detailText=test `add` failed on ≥ 1 cases:
(0, 0)
Your submission raised an error Failure("TODO add"), hasLongFeedbackText=false, reference=null, credits=0.0, positive=false, type=AUTOMATIC, visibility=ALWAYS, testCase=TestCaseDTO[testName=null, id=149]], FeedbackDTO[id=162, text=null, detailText=test `filter` failed on ≥ 1 cases:
(even, [1; 2; 3; 4])
Your submission raised an error Failure("TODO filter"), hasLongFeedbackText=false, reference=null, credits=0.0, positive=false, type=AUTOMATIC, visibility=ALWAYS, testCase=TestCaseDTO[testName=null, id=148]], FeedbackDTO[id=163, text=null, detailText=Test was not executed., hasLongFeedbackText=false, reference=null, credits=0.0, positive=null, type=AUTOMATIC, visibility=null, testCase=TestCaseDTO[testName=null, id=137]], FeedbackDTO[id=164, text=null, detailText=Test was not executed., hasLongFeedbackText=false, reference=null, credits=0.0, positive=null, type=AUTOMATIC, visibility=null, testCase=TestCaseDTO[testName=null, id=138]], FeedbackDTO[id=165, text=null, detailText=Test was not executed., hasLongFeedbackText=false, reference=null, credits=0.0, positive=null, type=AUTOMATIC, visibility=null, testCase=TestCaseDTO[testName=null, id=139]], FeedbackDTO[id=166, text=null, detailText=Test was not executed., hasLongFeedbackText=false, reference=null, credits=0.0, positive=null, type=AUTOMATIC, visibility=null, testCase=TestCaseDTO[testName=null, id=140]], FeedbackDTO[id=167, text=null, detailText=Test was not executed., hasLongFeedbackText=false, reference=null, credits=0.0, positive=null, type=AUTOMATIC, visibility=null, testCase=TestCaseDTO[testName=null, id=141]], FeedbackDTO[id=168, text=null, detailText=Test was not executed., hasLongFeedbackText=false, reference=null, credits=0.0, positive=null, type=AUTOMATIC, visibility=null, testCase=TestCaseDTO[testName=null, id=142]], FeedbackDTO[id=169, text=null, detailText=Test was not executed., hasLongFeedbackText=false, reference=null, credits=0.0, positive=null, type=AUTOMATIC, visibility=null, testCase=TestCaseDTO[testName=null, id=143]], FeedbackDTO[id=170, text=null, detailText=Test was not executed., hasLongFeedbackText=false, reference=null, credits=0.0, positive=null, type=AUTOMATIC, visibility=null, testCase=TestCaseDTO[testName=null, id=144]], FeedbackDTO[id=171, text=null, detailText=Test was not executed., hasLongFeedbackText=false, reference=null, credits=0.0, positive=null, type=AUTOMATIC, visibility=null, testCase=TestCaseDTO[testName=null, id=145]], FeedbackDTO[id=172, text=null, detailText=Test was not executed., hasLongFeedbackText=false, reference=null, credits=0.0, positive=null, type=AUTOMATIC, visibility=null, testCase=TestCaseDTO[testName=null, id=147]]], assessmentType=AUTOMATIC, hasComplaint=null, exampleResult=null, testCaseCount=13, passedTestCaseCount=0, codeIssueCount=0]], BuildJobQueueItem[id=4941739576597286, name=SHORTFBCBD7BF0E6EB0451A080E80FCB407DC1F12TSTEXC-LOCALCIINTSTUDENT1, buildAgent=BuildAgentDTO[name=artemis-build-agent-test, memberAddress=[127.0.0.1]:5703, displayName=artemis-build-agent-test], participationId=494, courseId=158, exerciseId=309, retryCount=0, priority=2, status=SUCCESSFUL, repositoryInfo=RepositoryInfo[repositoryName=shortfbcbd7bf0e6eb0451a080e80fcb407dc1f12tstexc-localciintstudent1, repositoryType=user, triggeredByPushTo=user, assignmentRepositoryUri=http://localhost:49152/git/SHORTFBCBD7BF0E6EB0451A080E80FCB407DC1F12TSTEXC/shortfbcbd7bf0e6eb0451a080e80fcb407dc1f12tstexc-localciintstudent1.git, testRepositoryUri=http://localhost:49152/git/SHORTFBCBD7BF0E6EB0451A080E80FCB407DC1F12TSTEXC/shortfbcbd7bf0e6eb0451a080e80fcb407dc1f12tstexc-tests.git, solutionRepositoryUri=null, auxiliaryRepositoryUris=[Ljava.lang.String;@f24d360, auxiliaryRepositoryCheckoutDirectories=[Ljava.lang.String;@4d94df39], jobTimingInfo=JobTimingInfo[submissionDate=2025-02-14T23:43:17.286977233Z[Etc/UTC], buildStartDate=2025-02-14T23:43:17.293977347Z[Etc/UTC], buildCompletionDate=2025-02-14T23:43:18.740990762Z[Etc/UTC], estimatedCompletionDate=2025-02-14T23:43:36.293970494Z[Etc/UTC], estimatedDuration=19], buildConfig=BuildConfig[buildScript=#!/bin/bash
cd /var/tmp/testing-dir
chmod +x ./gradlew
./gradlew clean test
, dockerImage=dummy-docker-image:latest, commitHashToBuild=4a1af7e8a64e6505c5fc09b9f81ea41af9fcff44, assignmentCommitHash=4a1af7e8a64e6505c5fc09b9f81ea41af9fcff44, testCommitHash=4a1af7e8a64e6505c5fc09b9f81ea41af9fcff44, branch=main, programmingLanguage=JAVA, projectType=PLAIN_GRADLE, scaEnabled=false, sequentialTestRunsEnabled=false, resultPaths=[/var/tmp/testing-dir/**/test-results/test/*.xml], timeoutSeconds=0, assignmentCheckoutPath=null, testCheckoutPath=null, solutionCheckoutPath=null, dockerRunConfig=null], submissionResult=ResultDTO[id=141, completionDate=2025-02-14T23:43:18.729015138Z[Etc/UTC], successful=false, score=0.0, rated=true, submission=SubmissionDTO[id=130, submitted=true, type=MANUAL, exampleSubmission=null, submissionDate=2025-02-14T23:43:17.272936Z, commitHash=4a1af7e8a64e6505c5fc09b9f81ea41af9fcff44, buildFailed=true, buildArtifact=false, participation=ParticipationDTO[id=494, testRun=false, type=programming, submissionCount=null, exercise=ParticipationExerciseDTO[id=309, exerciseType=PROGRAMMING, type=programming, assessmentType=AUTOMATIC, dueDate=2025-02-16T23:43:17.147218Z, assessmentDueDate=null, maxPoints=42.0, course=CourseDTO[id=158, accuracyOfScores=1]]], submissionExerciseType=programming, isProcessing=false, buildStartDate=null, estimatedCompletionDate=null], participation=ParticipationDTO[id=494, testRun=false, type=programming, submissionCount=null, exercise=ParticipationExerciseDTO[id=309, exerciseType=PROGRAMMING, type=programming, assessmentType=AUTOMATIC, dueDate=2025-02-16T23:43:17.147218Z, assessmentDueDate=null, maxPoints=42.0, course=CourseDTO[id=158, accuracyOfScores=1]]], feedbacks=[], assessmentType=AUTOMATIC, hasComplaint=null, exampleResult=null, testCaseCount=0, passedTestCaseCount=0, codeIssueCount=0]], BuildJobQueueItem[id=4971739576599269, name=SHORT52AD57270517204728083260501A19D262D1TSTEXC-LOCALCIINTSTUDENT1, buildAgent=BuildAgentDTO[name=artemis-build-agent-test, memberAddress=[127.0.0.1]:5703, displayName=artemis-build-agent-test], participationId=497, courseId=159, exerciseId=310, retryCount=0, priority=2, status=SUCCESSFUL, repositoryInfo=RepositoryInfo[repositoryName=short52ad57270517204728083260501a19d262d1tstexc-localciintstudent1, repositoryType=user, triggeredByPushTo=user, assignmentRepositoryUri=http://localhost:49152/git/SHORT52AD57270517204728083260501A19D262D1TSTEXC/short52ad57270517204728083260501a19d262d1tstexc-localciintstudent1.git, testRepositoryUri=http://localhost:49152/git/SHORT52AD57270517204728083260501A19D262D1TSTEXC/short52ad57270517204728083260501a19d262d1tstexc-tests.git, solutionRepositoryUri=null, auxiliaryRepositoryUris=[Ljava.lang.String;@9842c22, auxiliaryRepositoryCheckoutDirectories=[Ljava.lang.String;@61e2096b], jobTimingInfo=JobTimingInfo[submissionDate=2025-02-14T23:43:19.269997499Z[Etc/UTC], buildStartDate=2025-02-14T23:43:19.277325895Z[Etc/UTC], buildCompletionDate=2025-02-14T23:43:20.497391524Z[Etc/UTC], estimatedCompletionDate=2025-02-14T23:43:38.277310787Z[Etc/UTC], estimatedDuration=19], buildConfig=BuildConfig[buildScript=#!/bin/bash
cd /var/tmp/testing-dir
chmod +x ./gradlew
./gradlew clean test
, dockerImage=dummy-docker-image:latest, commitHashToBuild=9f4f76247a188e9a0f3516a9fbd60e829d53fb05, assignmentCommitHash=9f4f76247a188e9a0f3516a9fbd60e829d53fb05, testCommitHash=9f4f76247a188e9a0f3516a9fbd60e829d53fb05, branch=main, programmingLanguage=JAVA, projectType=PLAIN_GRADLE, scaEnabled=false, sequentialTestRunsEnabled=false, resultPaths=[/var/tmp/testing-dir/**/test-results/test/*.xml], timeoutSeconds=0, assignmentCheckoutPath=null, testCheckoutPath=null, solutionCheckoutPath=null, dockerRunConfig=null], submissionResult=ResultDTO[id=142, completionDate=2025-02-14T23:43:20.484244187Z[Etc/UTC], successful=false, score=7.7, rated=true, submission=SubmissionDTO[id=131, submitted=true, type=MANUAL, exampleSubmission=null, submissionDate=2025-02-14T23:43:19.265464Z, commitHash=9f4f76247a188e9a0f3516a9fbd60e829d53fb05, buildFailed=false, buildArtifact=false, participation=ParticipationDTO[id=497, testRun=false, type=programming, submissionCount=null, exercise=ParticipationExerciseDTO[id=310, exerciseType=PROGRAMMING, type=programming, assessmentType=AUTOMATIC, dueDate=2025-02-16T23:43:19.182228Z, assessmentDueDate=null, maxPoints=42.0, course=CourseDTO[id=159, accuracyOfScores=1]]], submissionExerciseType=programming, isProcessing=false, buildStartDate=null, estimatedCompletionDate=null], participation=ParticipationDTO[id=497, testRun=false, type=programming, submissionCount=null, exercise=ParticipationExerciseDTO[id=310, exerciseType=PROGRAMMING, type=programming, assessmentType=AUTOMATIC, dueDate=2025-02-16T23:43:19.182228Z, assessmentDueDate=null, maxPoints=42.0, course=CourseDTO[id=159, accuracyOfScores=1]]], feedbacks=[FeedbackDTO[id=173, text=null, detailText=The exercise expects a class with the name Context in the package testpackage. You did not implement the class in the exercise., hasLongFeedbackText=false, reference=null, credits=0.0, positive=false, type=AUTOMATIC, visibility=ALWAYS, testCase=TestCaseDTO[testName=null, id=169]], FeedbackDTO[id=174, text=null, detailText=The exercise expects a class with the name Policy in the package testpackage. You did not implement the class in the exercise., hasLongFeedbackText=false, reference=null, credits=0.0, positive=false, type=AUTOMATIC, visibility=ALWAYS, testCase=TestCaseDTO[testName=null, id=170]], FeedbackDTO[id=175, text=null, detailText=The exercise expects a class with the name SortStrategy in the package testpackage. You did not implement the class in the exercise., hasLongFeedbackText=false, reference=null, credits=0.0, positive=false, type=AUTOMATIC, visibility=ALWAYS, testCase=TestCaseDTO[testName=null, id=171]], FeedbackDTO[id=176, text=null, detailText=The class 'MergeSort' does not implement the interface 'SortStrategy' as expected. Implement the interface and its methods., hasLongFeedbackText=false, reference=null, credits=0.0, positive=false, type=AUTOMATIC, visibility=ALWAYS, testCase=TestCaseDTO[testName=null, id=166]], FeedbackDTO[id=177, text=null, detailText=The exercise expects a class with the name SortStrategy in the package testpackage. You did not implement the class in the exercise., hasLongFeedbackText=false, reference=null, credits=0.0, positive=false, type=AUTOMATIC, visibility=ALWAYS, testCase=TestCaseDTO[testName=null, id=163]], FeedbackDTO[id=178, text=null, detailText=The class 'BubbleSort' does not implement the interface 'SortStrategy' as expected. Implement the interface and its methods., hasLongFeedbackText=false, reference=null, credits=0.0, positive=false, type=AUTOMATIC, visibility=ALWAYS, testCase=TestCaseDTO[testName=null, id=167]], FeedbackDTO[id=179, text=null, detailText=MergeSort does not sort correctly, hasLongFeedbackText=false, reference=null, credits=0.0, positive=false, type=AUTOMATIC, visibility=ALWAYS, testCase=TestCaseDTO[testName=null, id=172]], FeedbackDTO[id=180, text=null, detailText=The class 'Context' was not found within the submission. Make sure to implement it properly., hasLongFeedbackText=false, reference=null, credits=0.0, positive=false, type=AUTOMATIC, visibility=ALWAYS, testCase=TestCaseDTO[testName=null, id=173]], FeedbackDTO[id=181, text=null, detailText=The class 'Context' was not found within the submission. Make sure to implement it properly., hasLongFeedbackText=false, reference=null, credits=0.0, positive=false, type=AUTOMATIC, visibility=ALWAYS, testCase=TestCaseDTO[testName=null, id=174]], FeedbackDTO[id=182, text=null, detailText=The exercise expects a class with the name Policy in the package testpackage. You did not implement the class in the exercise., hasLongFeedbackText=false, reference=null, credits=0.0, positive=false, type=AUTOMATIC, visibility=ALWAYS, testCase=TestCaseDTO[testName=null, id=168]], FeedbackDTO[id=183, text=null, detailText=The exercise expects a class with the name Context in the package testpackage. You did not implement the class in the exercise., hasLongFeedbackText=false, reference=null, credits=0.0, positive=false, type=AUTOMATIC, visibility=ALWAYS, testCase=TestCaseDTO[testName=null, id=164]], FeedbackDTO[id=184, text=null, detailText=The exercise expects a class with the name Policy in the package testpackage. You did not implement the class in the exercise., hasLongFeedbackText=false, reference=null, credits=0.0, positive=false, type=AUTOMATIC, visibility=ALWAYS, testCase=TestCaseDTO[testName=null, id=165]], FeedbackDTO[id=185, text=null, detailText=null, hasLongFeedbackText=false, reference=null, credits=3.230769230769231, positive=true, type=AUTOMATIC, visibility=ALWAYS, testCase=TestCaseDTO[testName=null, id=175]]], assessmentType=AUTOMATIC, hasComplaint=null, exampleResult=null, testCaseCount=13, passedTestCaseCount=1, codeIssueCount=0]], BuildJobQueueItem[id=5001739576601035, name=SHORT582B1BDC0A17704D6D0A46800FC19163DA47TSTEXC-LOCALCIINTSTUDENT1, buildAgent=BuildAgentDTO[name=artemis-build-agent-test, memberAddress=[127.0.0.1]:5703, displayName=artemis-build-agent-test], participationId=500, courseId=160, exerciseId=311, retryCount=0, priority=2, status=SUCCESSFUL, repositoryInfo=RepositoryInfo[repositoryName=short582b1bdc0a17704d6d0a46800fc19163da47tstexc-localciintstudent1, repositoryType=user, triggeredByPushTo=user, assignmentRepositoryUri=http://localhost:49152/git/SHORT582B1BDC0A17704D6D0A46800FC19163DA47TSTEXC/short582b1bdc0a17704d6d0a46800fc19163da47tstexc-localciintstudent1.git, testRepositoryUri=http://localhost:49152/git/SHORT582B1BDC0A17704D6D0A46800FC19163DA47TSTEXC/short582b1bdc0a17704d6d0a46800fc19163da47tstexc-tests.git, solutionRepositoryUri=null, auxiliaryRepositoryUris=[Ljava.lang.String;@487479e4, auxiliaryRepositoryCheckoutDirectories=[Ljava.lang.String;@23721ac4], jobTimingInfo=JobTimingInfo[submissionDate=2025-02-14T23:43:21.035120760Z[Etc/UTC], buildStartDate=2025-02-14T23:43:21.040320383Z[Etc/UTC], buildCompletionDate=2025-02-14T23:43:22.581236903Z[Etc/UTC], estimatedCompletionDate=2025-02-14T23:43:40.040312057Z[Etc/UTC], estimatedDuration=19], buildConfig=BuildConfig[buildScript=#!/bin/bash
cd /var/tmp/testing-dir
chmod +x ./gradlew
./gradlew clean test
, dockerImage=dummy-docker-image:latest, commitHashToBuild=887566cf754016f986627cf5c5c365dea16c907f, assignmentCommitHash=887566cf754016f986627cf5c5c365dea16c907f, testCommitHash=6af67146332066e7430917928a4b9b81c43b7c71, branch=main, programmingLanguage=JAVA, projectType=PLAIN_GRADLE, scaEnabled=false, sequentialTestRunsEnabled=false, resultPaths=[/var/tmp/testing-dir/**/test-results/test/*.xml], timeoutSeconds=0, assignmentCheckoutPath=customAssignmentPath, testCheckoutPath=null, solutionCheckoutPath=null, dockerRunConfig=null], submissionResult=ResultDTO[id=143, completionDate=2025-02-14T23:43:22.538158998Z[Etc/UTC], successful=false, score=7.7, rated=true, submission=SubmissionDTO[id=132, submitted=true, type=MANUAL, exampleSubmission=null, submissionDate=2025-02-14T23:43:21.028930Z, commitHash=887566cf754016f986627cf5c5c365dea16c907f, buildFailed=false, buildArtifact=false, participation=ParticipationDTO[id=500, testRun=false, type=programming, submissionCount=null, exercise=ParticipationExerciseDTO[id=311, exerciseType=PROGRAMMING, type=programming, assessmentType=AUTOMATIC, dueDate=2025-02-16T23:43:20.897280Z, assessmentDueDate=null, maxPoints=42.0, course=CourseDTO[id=160, accuracyOfScores=1]]], submissionExerciseType=programming, isProcessing=false, buildStartDate=null, estimatedCompletionDate=null], participation=ParticipationDTO[id=500, testRun=false, type=programming, submissionCount=null, exercise=ParticipationExerciseDTO[id=311, exerciseType=PROGRAMMING, type=programming, assessmentType=AUTOMATIC, dueDate=2025-02-16T23:43:20.897280Z, assessmentDueDate=null, maxPoints=42.0, course=CourseDTO[id=160, accuracyOfScores=1]]], feedbacks=[FeedbackDTO[id=186, text=null, detailText=The exercise expects a class with the name Context in the package testpackage. You did not implement the class in the exercise., hasLongFeedbackText=false, reference=null, credits=0.0, positive=false, type=AUTOMATIC, visibility=ALWAYS, testCase=TestCaseDTO[testName=null, id=182]], FeedbackDTO[id=187, text=null, detailText=The exercise expects a class with the name Policy in the package testpackage. You did not implement the class in the exercise., hasLongFeedbackText=false, reference=null, credits=0.0, positive=false, type=AUTOMATIC, visibility=ALWAYS, testCase=TestCaseDTO[testName=null, id=183]], FeedbackDTO[id=188, text=null, detailText=The exercise expects a class with the name SortStrategy in the package testpackage. You did not implement the class in the exercise., hasLongFeedbackText=false, reference=null, credits=0.0, positive=false, type=AUTOMATIC, visibility=ALWAYS, testCase=TestCaseDTO[testName=null, id=184]], FeedbackDTO[id=189, text=null, detailText=The class 'MergeSort' does not implement the interface 'SortStrategy' as expected. Implement the interface and its methods., hasLongFeedbackText=false, reference=null, credits=0.0, positive=false, type=AUTOMATIC, visibility=ALWAYS, testCase=TestCaseDTO[testName=null, id=179]], FeedbackDTO[id=190, text=null, detailText=The exercise expects a class with the name SortStrategy in the package testpackage. You did not implement the class in the exercise., hasLongFeedbackText=false, reference=null, credits=0.0, positive=false, type=AUTOMATIC, visibility=ALWAYS, testCase=TestCaseDTO[testName=null, id=176]], FeedbackDTO[id=191, text=null, detailText=The class 'BubbleSort' does not implement the interface 'SortStrategy' as expected. Implement the interface and its methods., hasLongFeedbackText=false, reference=null, credits=0.0, positive=false, type=AUTOMATIC, visibility=ALWAYS, testCase=TestCaseDTO[testName=null, id=180]], FeedbackDTO[id=192, text=null, detailText=MergeSort does not sort correctly, hasLongFeedbackText=false, reference=null, credits=0.0, positive=false, type=AUTOMATIC, visibility=ALWAYS, testCase=TestCaseDTO[testName=null, id=185]], FeedbackDTO[id=193, text=null, detailText=The class 'Context' was not found within the submission. Make sure to implement it properly., hasLongFeedbackText=false, reference=null, credits=0.0, positive=false, type=AUTOMATIC, visibility=ALWAYS, testCase=TestCaseDTO[testName=null, id=186]], FeedbackDTO[id=194, text=null, detailText=The class 'Context' was not found within the submission. Make sure to implement it properly., hasLongFeedbackText=false, reference=null, credits=0.0, positive=false, type=AUTOMATIC, visibility=ALWAYS, testCase=TestCaseDTO[testName=null, id=187]], FeedbackDTO[id=195, text=null, detailText=The exercise expects a class with the name Policy in the package testpackage. You did not implement the class in the exercise., hasLongFeedbackText=false, reference=null, credits=0.0, positive=false, type=AUTOMATIC, visibility=ALWAYS, testCase=TestCaseDTO[testName=null, id=181]], FeedbackDTO[id=196, text=null, detailText=The exercise expects a class with the name Context in the package testpackage. You did not implement the class in the exercise., hasLongFeedbackText=false, reference=null, credits=0.0, positive=false, type=AUTOMATIC, visibility=ALWAYS, testCase=TestCaseDTO[testName=null, id=177]], FeedbackDTO[id=197, text=null, detailText=The exercise expects a class with the name Policy in the package testpackage. You did not implement the class in the exercise., hasLongFeedbackText=false, reference=null, credits=0.0, positive=false, type=AUTOMATIC, visibility=ALWAYS, testCase=TestCaseDTO[testName=null, id=178]], FeedbackDTO[id=198, text=null, detailText=null, hasLongFeedbackText=false, reference=null, credits=3.230769230769231, positive=true, type=AUTOMATIC, visibility=ALWAYS, testCase=TestCaseDTO[testName=null, id=188]]], assessmentType=AUTOMATIC, hasComplaint=null, exampleResult=null, testCaseCount=13, passedTestCaseCount=1, codeIssueCount=0]], BuildJobQueueItem[id=5031739576604847, name=SHORT00FA1A240403404C7E097D7007C591BE2AB1TSTEXC-LOCALCIINTSTUDENT1, buildAgent=BuildAgentDTO[name=artemis-build-agent-test, memberAddress=[127.0.0.1]:5703, displayName=artemis-build-agent-test], participationId=503, courseId=161, exerciseId=312, retryCount=0, priority=2, status=FAILED, repositoryInfo=RepositoryInfo[repositoryName=short00fa1a240403404c7e097d7007c591be2ab1tstexc-localciintstudent1, repositoryType=user, triggeredByPushTo=user, assignmentRepositoryUri=http://localhost:49152/git/SHORT00FA1A240403404C7E097D7007C591BE2AB1TSTEXC/short00fa1a240403404c7e097d7007c591be2ab1tstexc-localciintstudent1.git, testRepositoryUri=http://localhost:49152/git/SHORT00FA1A240403404C7E097D7007C591BE2AB1TSTEXC/short00fa1a240403404c7e097d7007c591be2ab1tstexc-tests.git, solutionRepositoryUri=null, auxiliaryRepositoryUris=[Ljava.lang.String;@bbfd7b4, auxiliaryRepositoryCheckoutDirectories=[Ljava.lang.String;@7ae73ef9], jobTimingInfo=JobTimingInfo[submissionDate=2025-02-14T23:43:24.847396156Z[Etc/UTC], buildStartDate=2025-02-14T23:43:24.860457211Z[Etc/UTC], buildCompletionDate=2025-02-14T23:43:26.809353681Z[Etc/UTC], estimatedCompletionDate=2025-02-14T23:43:46.860451490Z[Etc/UTC], estimatedDuration=22], buildConfig=BuildConfig[buildScript=#!/bin/bash
cd /var/tmp/testing-dir
chmod +x ./gradlew
./gradlew clean test
, dockerImage=dummy-docker-image:latest, commitHashToBuild=9690714a509af0a98c6790a7e52ee3574c7ef689, assignmentCommitHash=9690714a509af0a98c6790a7e52ee3574c7ef689, testCommitHash=9690714a509af0a98c6790a7e52ee3574c7ef689, branch=main, programmingLanguage=JAVA, projectType=PLAIN_GRADLE, scaEnabled=false, sequentialTestRunsEnabled=false, resultPaths=[/var/tmp/testing-dir/**/test-results/test/*.xml], timeoutSeconds=0, assignmentCheckoutPath=null, testCheckoutPath=null, solutionCheckoutPath=null, dockerRunConfig=null], submissionResult=ResultDTO[id=144, completionDate=2025-02-14T23:43:26.809483684Z[Etc/UTC], successful=false, score=0.0, rated=true, submission=SubmissionDTO[id=133, submitted=true, type=MANUAL, exampleSubmission=null, submissionDate=2025-02-14T23:43:24.841319Z, commitHash=9690714a509af0a98c6790a7e52ee3574c7ef689, buildFailed=true, buildArtifact=false, participation=ParticipationDTO[id=503, testRun=false, type=programming, submissionCount=null, exercise=ParticipationExerciseDTO[id=312, exerciseType=PROGRAMMING, type=programming, assessmentType=AUTOMATIC, dueDate=2025-02-16T23:43:24.571329Z, assessmentDueDate=null, maxPoints=42.0, course=CourseDTO[id=161, accuracyOfScores=1]]], submissionExerciseType=programming, isProcessing=false, buildStartDate=null, estimatedCompletionDate=null], participation=ParticipationDTO[id=503, testRun=false, type=programming, submissionCount=null, exercise=ParticipationExerciseDTO[id=312, exerciseType=PROGRAMMING, type=programming, assessmentType=AUTOMATIC, dueDate=2025-02-16T23:43:24.571329Z, assessmentDueDate=null, maxPoints=42.0, course=CourseDTO[id=161, accuracyOfScores=1]]], feedbacks=[], assessmentType=AUTOMATIC, hasComplaint=null, exampleResult=null, testCaseCount=0, passedTestCaseCount=0, codeIssueCount=0]]], publicSshKey=ssh-rsa AAAAB3NzaC1yc2EAAAADAQABAAACAQCOPdMsxRE2jFJ/UEa5/LsBxtwzJcrh3/rYBCQvcMeVpiRfhzQPWu7mrt/G2Ew+i+vRloGH9aqKg6dd1liRncao53Zmd/ePxoatXePNhmzTfkCkcSkTUz7B+QMjkoDDV5jwuFPD6mF3JkhuzSi64n9Zy905t4w2IhVcjM2mL3eYNjiCXt6Qpq3Pkt7dM/Ksw1nxnvuiIALuJLB3FTkXkHqq3PJav+9HSq2r6ZaWgekneaGxlQlb+U+Vy3XOuArKAzK8c8i+0bR+AHiTG6ncYXt7ax3U+TdlDTF7OLP3umwaYjs1NBXOHwG42pevvpKn2fqavZZozk+M05jXLx3bq0O7itxfErWc7etky8qYPyyIMF/txQIVLd78+Ze4d7Y60t5MGbXM5cGE6fFif5fEJwgswXD+BrG0cafz1CTatjSKFdvp8Vp4VszXhHDan1PrP6JEFJ5Cc5GDmLRZPCFa3vL9f5qXgf4bkqKN8MYeEujwJE5nMRWoiJVNakix2bcrrneQMBlnYeYZVWXXXUusAQBzl4NgddC1umZpihZkL1b1MffZAUW3EGEXi7KHnllQhkTLLsQ8ntMgbylqaJKStqaXlLvdeRJcEnUuiFCrHEVVbXRFZR7XVDZ02CE5o3MuaRPty8Kh+jRTF3COlAckHwYEJCNNJvXFgb2CNXL4mjzYDw== test@localhost]
    23:43:26.976 | 566 localvc.event-13 | DEBUG | s.l.LocalCIWebsocketMessagingService : Sending message on topic /topic/admin/build-agents: [BuildAgentInformation[buildAgent=BuildAgentDTO[name=artemis-build-agent-test, memberAddress=[127.0.0.1]:5703, displayName=artemis-build-agent-test], maxNumberOfConcurrentBuildJobs=1, numberOfCurrentBuildJobs=1, runningBuildJobs=[BuildJobQueueItem[id=5061739576605250, name=SHORT62C808EE04ECE040740AF7B0CF3AE5F5BEF2TSTEXC-LOCALCIINTSTUDENT1, buildAgent=BuildAgentDTO[name=artemis-build-agent-test, memberAddress=[127.0.0.1]:5703, displayName=artemis-build-agent-test], participationId=506, courseId=162, exerciseId=313, retryCount=0, priority=2, status=null, repositoryInfo=RepositoryInfo[repositoryName=short62c808ee04ece040740af7b0cf3ae5f5bef2tstexc-localciintstudent1, repositoryType=user, triggeredByPushTo=user, assignmentRepositoryUri=, testRepositoryUri=, solutionRepositoryUri=, auxiliaryRepositoryUris=null, auxiliaryRepositoryCheckoutDirectories=null], jobTimingInfo=JobTimingInfo[submissionDate=2025-02-14T23:43:25.250749866Z[Etc/UTC], buildStartDate=2025-02-14T23:43:26.820713075Z[Etc/UTC], buildCompletionDate=null, estimatedCompletionDate=2025-02-14T23:43:45.820704920Z[Etc/UTC], estimatedDuration=19], buildConfig=BuildConfig[buildScript=, dockerImage=, commitHashToBuild=993b6f756e3e52a44d0537d4fa3a5d0e0acdbe89, assignmentCommitHash=, testCommitHash=, branch=, programmingLanguage=null, projectType=null, scaEnabled=false, sequentialTestRunsEnabled=false, resultPaths=null, timeoutSeconds=0, assignmentCheckoutPath=, testCheckoutPath=, solutionCheckoutPath=, dockerRunConfig=null], submissionResult=null]], status=ACTIVE, recentBuildJobs=null, publicSshKey=null]]
    23:43:26.970 | 370 ool-1-worker-134 | ERROR | d.t.c.a.a.e.web.StudentExamResource  : examId of studentExam 783 does not match the path variable 7852
    23:43:26.977 | 370 ool-1-worker-134 | WARN  | o.z.p.spring.common.AdviceTraits     : Conflict: The student exam does not belong to the exam
    23:43:26.980 | 566 localvc.event-13 | DEBUG | s.l.LocalCIWebsocketMessagingService : Sending message on topic /topic/admin/build-agent/artemis-build-agent-test: BuildAgentInformation[buildAgent=BuildAgentDTO[name=artemis-build-agent-test, memberAddress=[127.0.0.1]:5703, displayName=artemis-build-agent-test], maxNumberOfConcurrentBuildJobs=1, numberOfCurrentBuildJobs=1, runningBuildJobs=[BuildJobQueueItem[id=5061739576605250, name=SHORT62C808EE04ECE040740AF7B0CF3AE5F5BEF2TSTEXC-LOCALCIINTSTUDENT1, buildAgent=BuildAgentDTO[name=artemis-build-agent-test, memberAddress=[127.0.0.1]:5703, displayName=artemis-build-agent-test], participationId=506, courseId=162, exerciseId=313, retryCount=0, priority=2, status=null, repositoryInfo=RepositoryInfo[repositoryName=short62c808ee04ece040740af7b0cf3ae5f5bef2tstexc-localciintstudent1, repositoryType=user, triggeredByPushTo=user, assignmentRepositoryUri=http://localhost:49152/git/SHORT62C808EE04ECE040740AF7B0CF3AE5F5BEF2TSTEXC/short62c808ee04ece040740af7b0cf3ae5f5bef2tstexc-localciintstudent1.git, testRepositoryUri=http://localhost:49152/git/SHORT62C808EE04ECE040740AF7B0CF3AE5F5BEF2TSTEXC/short62c808ee04ece040740af7b0cf3ae5f5bef2tstexc-tests.git, solutionRepositoryUri=null, auxiliaryRepositoryUris=[Ljava.lang.String;@57d73e57, auxiliaryRepositoryCheckoutDirectories=[Ljava.lang.String;@1484d2a2], jobTimingInfo=JobTimingInfo[submissionDate=2025-02-14T23:43:25.250749866Z[Etc/UTC], buildStartDate=2025-02-14T23:43:26.820713075Z[Etc/UTC], buildCompletionDate=null, estimatedCompletionDate=2025-02-14T23:43:45.820704920Z[Etc/UTC], estimatedDuration=19], buildConfig=BuildConfig[buildScript=#!/bin/bash
cd /var/tmp/testing-dir
chmod +x ./gradlew
./gradlew clean test
, dockerImage=dummy-docker-image:latest, commitHashToBuild=993b6f756e3e52a44d0537d4fa3a5d0e0acdbe89, assignmentCommitHash=993b6f756e3e52a44d0537d4fa3a5d0e0acdbe89, testCommitHash=993b6f756e3e52a44d0537d4fa3a5d0e0acdbe89, branch=main, programmingLanguage=JAVA, projectType=null, scaEnabled=false, sequentialTestRunsEnabled=false, resultPaths=[/var/tmp/testing-dir/**/test-results/test/*.xml], timeoutSeconds=0, assignmentCheckoutPath=null, testCheckoutPath=null, solutionCheckoutPath=null, dockerRunConfig=null], submissionResult=null]], status=ACTIVE, recentBuildJobs=[BuildJobQueueItem[id=4621739576562326, name=SHORT43ACF76B02BC1044B80938509D14043FABDETSTEXC-LOCALCIINTSTUDENT1, buildAgent=BuildAgentDTO[name=artemis-build-agent-test, memberAddress=[127.0.0.1]:5703, displayName=artemis-build-agent-test], participationId=462, courseId=147, exerciseId=298, retryCount=0, priority=2, status=SUCCESSFUL, repositoryInfo=RepositoryInfo[repositoryName=short43acf76b02bc1044b80938509d14043fabdetstexc-localciintstudent1, repositoryType=user, triggeredByPushTo=user, assignmentRepositoryUri=http://localhost:49152/git/SHORT43ACF76B02BC1044B80938509D14043FABDETSTEXC/short43acf76b02bc1044b80938509d14043fabdetstexc-localciintstudent1.git, testRepositoryUri=http://localhost:49152/git/SHORT43ACF76B02BC1044B80938509D14043FABDETSTEXC/short43acf76b02bc1044b80938509d14043fabdetstexc-tests.git, solutionRepositoryUri=null, auxiliaryRepositoryUris=[Ljava.lang.String;@3b846c39, auxiliaryRepositoryCheckoutDirectories=[Ljava.lang.String;@1b7aeac6], jobTimingInfo=JobTimingInfo[submissionDate=2025-02-14T23:42:42.326978596Z[Etc/UTC], buildStartDate=2025-02-14T23:42:42.420147010Z[Etc/UTC], buildCompletionDate=2025-02-14T23:42:45.573855829Z[Etc/UTC], estimatedCompletionDate=2025-02-14T23:43:01.420129377Z[Etc/UTC], estimatedDuration=19], buildConfig=BuildConfig[buildScript=#!/bin/bash
cd /var/tmp/testing-dir
chmod +x ./gradlew
./gradlew clean test
, dockerImage=dummy-docker-image:latest, commitHashToBuild=a9c717ccf7bcbe9531d3eee21dbaeb5aab2ff971, assignmentCommitHash=a9c717ccf7bcbe9531d3eee21dbaeb5aab2ff971, testCommitHash=a9c717ccf7bcbe9531d3eee21dbaeb5aab2ff971, branch=main, programmingLanguage=JAVA, projectType=PLAIN_GRADLE, scaEnabled=false, sequentialTestRunsEnabled=false, resultPaths=[/var/tmp/testing-dir/**/test-results/test/*.xml], timeoutSeconds=0, assignmentCheckoutPath=null, testCheckoutPath=null, solutionCheckoutPath=null, dockerRunConfig=DockerRunConfig[isNetworkDisabled=true, env=[key=value]]], submissionResult=ResultDTO[id=132, completionDate=2025-02-14T23:42:45.519869118Z[Etc/UTC], successful=false, score=7.7, rated=true, submission=SubmissionDTO[id=119, submitted=true, type=MANUAL, exampleSubmission=null, submissionDate=2025-02-14T23:42:42.302762Z, commitHash=a9c717ccf7bcbe9531d3eee21dbaeb5aab2ff971, buildFailed=false, buildArtifact=false, participation=ParticipationDTO[id=462, testRun=false, type=programming, submissionCount=null, exercise=ParticipationExerciseDTO[id=298, exerciseType=PROGRAMMING, type=programming, assessmentType=AUTOMATIC, dueDate=2025-02-16T23:42:41.553955Z, assessmentDueDate=null, maxPoints=42.0, course=CourseDTO[id=147, accuracyOfScores=1]]], submissionExerciseType=programming, isProcessing=false, buildStartDate=null, estimatedCompletionDate=null], participation=ParticipationDTO[id=462, testRun=false, type=programming, submissionCount=null, exercise=ParticipationExerciseDTO[id=298, exerciseType=PROGRAMMING, type=programming, assessmentType=AUTOMATIC, dueDate=2025-02-16T23:42:41.553955Z, assessmentDueDate=null, maxPoints=42.0, course=CourseDTO[id=147, accuracyOfScores=1]]], feedbacks=[FeedbackDTO[id=67, text=null, detailText=The exercise expects a class with the name Context in the package testpackage. You did not implement the class in the exercise., hasLongFeedbackText=false, reference=null, credits=0.0, positive=false, type=AUTOMATIC, visibility=ALWAYS, testCase=TestCaseDTO[testName=null, id=13]], FeedbackDTO[id=68, text=null, detailText=The exercise expects a class with the name Policy in the package testpackage. You did not implement the class in the exercise., hasLongFeedbackText=false, reference=null, credits=0.0, positive=false, type=AUTOMATIC, visibility=ALWAYS, testCase=TestCaseDTO[testName=null, id=14]], FeedbackDTO[id=69, text=null, detailText=The exercise expects a class with the name SortStrategy in the package testpackage. You did not implement the class in the exercise., hasLongFeedbackText=false, reference=null, credits=0.0, positive=false, type=AUTOMATIC, visibility=ALWAYS, testCase=TestCaseDTO[testName=null, id=15]], FeedbackDTO[id=70, text=null, detailText=The class 'MergeSort' does not implement the interface 'SortStrategy' as expected. Implement the interface and its methods., hasLongFeedbackText=false, reference=null, credits=0.0, positive=false, type=AUTOMATIC, visibility=ALWAYS, testCase=TestCaseDTO[testName=null, id=10]], FeedbackDTO[id=71, text=null, detailText=The exercise expects a class with the name SortStrategy in the package testpackage. You did not implement the class in the exercise., hasLongFeedbackText=false, reference=null, credits=0.0, positive=false, type=AUTOMATIC, visibility=ALWAYS, testCase=TestCaseDTO[testName=null, id=7]], FeedbackDTO[id=72, text=null, detailText=The class 'BubbleSort' does not implement the interface 'SortStrategy' as expected. Implement the interface and its methods., hasLongFeedbackText=false, reference=null, credits=0.0, positive=false, type=AUTOMATIC, visibility=ALWAYS, testCase=TestCaseDTO[testName=null, id=11]], FeedbackDTO[id=73, text=null, detailText=MergeSort does not sort correctly, hasLongFeedbackText=false, reference=null, credits=0.0, positive=false, type=AUTOMATIC, visibility=ALWAYS, testCase=TestCaseDTO[testName=null, id=16]], FeedbackDTO[id=74, text=null, detailText=The class 'Context' was not found within the submission. Make sure to implement it properly., hasLongFeedbackText=false, reference=null, credits=0.0, positive=false, type=AUTOMATIC, visibility=ALWAYS, testCase=TestCaseDTO[testName=null, id=17]], FeedbackDTO[id=75, text=null, detailText=The class 'Context' was not found within the submission. Make sure to implement it properly., hasLongFeedbackText=false, reference=null, credits=0.0, positive=false, type=AUTOMATIC, visibility=ALWAYS, testCase=TestCaseDTO[testName=null, id=18]], FeedbackDTO[id=76, text=null, detailText=The exercise expects a class with the name Policy in the package testpackage. You did not implement the class in the exercise., hasLongFeedbackText=false, reference=null, credits=0.0, positive=false, type=AUTOMATIC, visibility=ALWAYS, testCase=TestCaseDTO[testName=null, id=12]], FeedbackDTO[id=77, text=null, detailText=The exercise expects a class with the name Context in the package testpackage. You did not implement the class in the exercise., hasLongFeedbackText=false, reference=null, credits=0.0, positive=false, type=AUTOMATIC, visibility=ALWAYS, testCase=TestCaseDTO[testName=null, id=8]], FeedbackDTO[id=78, text=null, detailText=The exercise expects a class with the name Policy in the package testpackage. You did not implement the class in the exercise., hasLongFeedbackText=false, reference=null, credits=0.0, positive=false, type=AUTOMATIC, visibility=ALWAYS, testCase=TestCaseDTO[testName=null, id=9]], FeedbackDTO[id=79, text=null, detailText=null, hasLongFeedbackText=false, reference=null, credits=3.230769230769231, positive=true, type=AUTOMATIC, visibility=ALWAYS, testCase=TestCaseDTO[testName=null, id=19]]], assessmentType=AUTOMATIC, hasComplaint=null, exampleResult=null, testCaseCount=13, passedTestCaseCount=1, codeIssueCount=0]], BuildJobQueueItem[id=4651739576569330, name=SHORTB06DD3F905F4604F6E085260D83ED657A6DFTSTEXC-LOCALCIINTSTUDENT1, buildAgent=BuildAgentDTO[name=artemis-build-agent-test, memberAddress=[127.0.0.1]:5703, displayName=artemis-build-agent-test], participationId=465, courseId=148, exerciseId=299, retryCount=0, priority=2, status=SUCCESSFUL, repositoryInfo=RepositoryInfo[repositoryName=shortb06dd3f905f4604f6e085260d83ed657a6dftstexc-localciintstudent1, repositoryType=user, triggeredByPushTo=user, assignmentRepositoryUri=http://localhost:49152/git/SHORTB06DD3F905F4604F6E085260D83ED657A6DFTSTEXC/shortb06dd3f905f4604f6e085260d83ed657a6dftstexc-localciintstudent1.git, testRepositoryUri=http://localhost:49152/git/SHORTB06DD3F905F4604F6E085260D83ED657A6DFTSTEXC/shortb06dd3f905f4604f6e085260d83ed657a6dftstexc-tests.git, solutionRepositoryUri=null, auxiliaryRepositoryUris=[Ljava.lang.String;@75b15a78, auxiliaryRepositoryCheckoutDirectories=[Ljava.lang.String;@479287ae], jobTimingInfo=JobTimingInfo[submissionDate=2025-02-14T23:42:49.330093960Z[Etc/UTC], buildStartDate=2025-02-14T23:42:49.347797345Z[Etc/UTC], buildCompletionDate=2025-02-14T23:42:51.204319751Z[Etc/UTC], estimatedCompletionDate=2025-02-14T23:43:08.347788449Z[Etc/UTC], estimatedDuration=19], buildConfig=BuildConfig[buildScript=#!/bin/bash
cd /var/tmp/testing-dir
chmod +x ./gradlew
./gradlew clean test
, dockerImage=dummy-docker-image:latest, commitHashToBuild=41581fff25954d36cf07586926ee0c77d1003131, assignmentCommitHash=41581fff25954d36cf07586926ee0c77d1003131, testCommitHash=41581fff25954d36cf07586926ee0c77d1003131, branch=main, programmingLanguage=JAVA, projectType=PLAIN_GRADLE, scaEnabled=false, sequentialTestRunsEnabled=false, resultPaths=[/var/tmp/testing-dir/**/test-results/test/*.xml], timeoutSeconds=0, assignmentCheckoutPath=null, testCheckoutPath=null, solutionCheckoutPath=null, dockerRunConfig=null], submissionResult=ResultDTO[id=133, completionDate=2025-02-14T23:42:51.155372920Z[Etc/UTC], successful=false, score=7.7, rated=true, submission=SubmissionDTO[id=120, submitted=true, type=MANUAL, exampleSubmission=null, submissionDate=2025-02-14T23:42:49.321855Z, commitHash=41581fff25954d36cf07586926ee0c77d1003131, buildFailed=false, buildArtifact=false, participation=ParticipationDTO[id=465, testRun=false, type=programming, submissionCount=null, exercise=ParticipationExerciseDTO[id=299, exerciseType=PROGRAMMING, type=programming, assessmentType=AUTOMATIC, dueDate=2025-02-16T23:42:49.163661Z, assessmentDueDate=null, maxPoints=42.0, course=CourseDTO[id=148, accuracyOfScores=1]]], submissionExerciseType=programming, isProcessing=false, buildStartDate=null, estimatedCompletionDate=null], participation=ParticipationDTO[id=465, testRun=false, type=programming, submissionCount=null, exercise=ParticipationExerciseDTO[id=299, exerciseType=PROGRAMMING, type=programming, assessmentType=AUTOMATIC, dueDate=2025-02-16T23:42:49.163661Z, assessmentDueDate=null, maxPoints=42.0, course=CourseDTO[id=148, accuracyOfScores=1]]], feedbacks=[FeedbackDTO[id=80, text=null, detailText=The exercise expects a class with the name Context in the package testpackage. You did not implement the class in the exercise., hasLongFeedbackText=false, reference=null, credits=0.0, positive=false, type=AUTOMATIC, visibility=ALWAYS, testCase=TestCaseDTO[testName=null, id=26]], FeedbackDTO[id=81, text=null, detailText=The exercise expects a class with the name Policy in the package testpackage. You did not implement the class in the exercise., hasLongFeedbackText=false, reference=null, credits=0.0, positive=false, type=AUTOMATIC, visibility=ALWAYS, testCase=TestCaseDTO[testName=null, id=27]], FeedbackDTO[id=82, text=null, detailText=The exercise expects a class with the name SortStrategy in the package testpackage. You did not implement the class in the exercise., hasLongFeedbackText=false, reference=null, credits=0.0, positive=false, type=AUTOMATIC, visibility=ALWAYS, testCase=TestCaseDTO[testName=null, id=28]], FeedbackDTO[id=83, text=null, detailText=The class 'MergeSort' does not implement the interface 'SortStrategy' as expected. Implement the interface and its methods., hasLongFeedbackText=false, reference=null, credits=0.0, positive=false, type=AUTOMATIC, visibility=ALWAYS, testCase=TestCaseDTO[testName=null, id=23]], FeedbackDTO[id=84, text=null, detailText=The exercise expects a class with the name SortStrategy in the package testpackage. You did not implement the class in the exercise., hasLongFeedbackText=false, reference=null, credits=0.0, positive=false, type=AUTOMATIC, visibility=ALWAYS, testCase=TestCaseDTO[testName=null, id=20]], FeedbackDTO[id=85, text=null, detailText=The class 'BubbleSort' does not implement the interface 'SortStrategy' as expected. Implement the interface and its methods., hasLongFeedbackText=false, reference=null, credits=0.0, positive=false, type=AUTOMATIC, visibility=ALWAYS, testCase=TestCaseDTO[testName=null, id=24]], FeedbackDTO[id=86, text=null, detailText=MergeSort does not sort correctly, hasLongFeedbackText=false, reference=null, credits=0.0, positive=false, type=AUTOMATIC, visibility=ALWAYS, testCase=TestCaseDTO[testName=null, id=29]], FeedbackDTO[id=87, text=null, detailText=The class 'Context' was not found within the submission. Make sure to implement it properly., hasLongFeedbackText=false, reference=null, credits=0.0, positive=false, type=AUTOMATIC, visibility=ALWAYS, testCase=TestCaseDTO[testName=null, id=30]], FeedbackDTO[id=88, text=null, detailText=The class 'Context' was not found within the submission. Make sure to implement it properly., hasLongFeedbackText=false, reference=null, credits=0.0, positive=false, type=AUTOMATIC, visibility=ALWAYS, testCase=TestCaseDTO[testName=null, id=31]], FeedbackDTO[id=89, text=null, detailText=The exercise expects a class with the name Policy in the package testpackage. You did not implement the class in the exercise., hasLongFeedbackText=false, reference=null, credits=0.0, positive=false, type=AUTOMATIC, visibility=ALWAYS, testCase=TestCaseDTO[testName=null, id=25]], FeedbackDTO[id=90, text=null, detailText=The exercise expects a class with the name Context in the package testpackage. You did not implement the class in the exercise., hasLongFeedbackText=false, reference=null, credits=0.0, positive=false, type=AUTOMATIC, visibility=ALWAYS, testCase=TestCaseDTO[testName=null, id=21]], FeedbackDTO[id=91, text=null, detailText=The exercise expects a class with the name Policy in the package testpackage. You did not implement the class in the exercise., hasLongFeedbackText=false, reference=null, credits=0.0, positive=false, type=AUTOMATIC, visibility=ALWAYS, testCase=TestCaseDTO[testName=null, id=22]], FeedbackDTO[id=92, text=null, detailText=null, hasLongFeedbackText=false, reference=null, credits=3.230769230769231, positive=true, type=AUTOMATIC, visibility=ALWAYS, testCase=TestCaseDTO[testName=null, id=32]]], assessmentType=AUTOMATIC, hasComplaint=null, exampleResult=null, testCaseCount=13, passedTestCaseCount=1, codeIssueCount=0]], BuildJobQueueItem[id=4681739576573068, name=SHORTBCF65534040390488B0A46605F5F3776B89ATSTEXC-LOCALCIINTSTUDENT1, buildAgent=BuildAgentDTO[name=artemis-build-agent-test, memberAddress=[127.0.0.1]:5703, displayName=artemis-build-agent-test], participationId=468, courseId=149, exerciseId=300, retryCount=0, priority=2, status=SUCCESSFUL, repositoryInfo=RepositoryInfo[repositoryName=shortbcf65534040390488b0a46605f5f3776b89atstexc-localciintstudent1, repositoryType=user, triggeredByPushTo=user, assignmentRepositoryUri=http://localhost:49152/git/SHORTBCF65534040390488B0A46605F5F3776B89ATSTEXC/shortbcf65534040390488b0a46605f5f3776b89atstexc-localciintstudent1.git, testRepositoryUri=http://localhost:49152/git/SHORTBCF65534040390488B0A46605F5F3776B89ATSTEXC/shortbcf65534040390488b0a46605f5f3776b89atstexc-tests.git, solutionRepositoryUri=null, auxiliaryRepositoryUris=[Ljava.lang.String;@5fefcec1, auxiliaryRepositoryCheckoutDirectories=[Ljava.lang.String;@138f2320], jobTimingInfo=JobTimingInfo[submissionDate=2025-02-14T23:42:53.068019209Z[Etc/UTC], buildStartDate=2025-02-14T23:42:53.092867394Z[Etc/UTC], buildCompletionDate=2025-02-14T23:42:55.086950323Z[Etc/UTC], estimatedCompletionDate=2025-02-14T23:43:12.092858828Z[Etc/UTC], estimatedDuration=19], buildConfig=BuildConfig[buildScript=#!/bin/bash
cd /var/tmp/testing-dir
chmod +x ./gradlew
./gradlew clean test
, dockerImage=dummy-docker-image:latest, commitHashToBuild=2d5c0482fc77d3f5ec0841962528a43054e83170, assignmentCommitHash=2d5c0482fc77d3f5ec0841962528a43054e83170, testCommitHash=7477e25d56ce5fee2c938542a7e7ed4ed085d373, branch=main, programmingLanguage=JAVA, projectType=PLAIN_GRADLE, scaEnabled=false, sequentialTestRunsEnabled=false, resultPaths=[/var/tmp/testing-dir/**/test-results/test/*.xml], timeoutSeconds=0, assignmentCheckoutPath=null, testCheckoutPath=null, solutionCheckoutPath=null, dockerRunConfig=null], submissionResult=ResultDTO[id=134, completionDate=2025-02-14T23:42:55.059618627Z[Etc/UTC], successful=false, score=7.7, rated=true, submission=SubmissionDTO[id=121, submitted=true, type=MANUAL, exampleSubmission=null, submissionDate=2025-02-14T23:42:53.048221Z, commitHash=2d5c0482fc77d3f5ec0841962528a43054e83170, buildFailed=false, buildArtifact=false, participation=ParticipationDTO[id=468, testRun=false, type=programming, submissionCount=null, exercise=ParticipationExerciseDTO[id=300, exerciseType=PROGRAMMING, type=programming, assessmentType=AUTOMATIC, dueDate=2025-02-16T23:42:52.873722Z, assessmentDueDate=null, maxPoints=42.0, course=CourseDTO[id=149, accuracyOfScores=1]]], submissionExerciseType=programming, isProcessing=false, buildStartDate=null, estimatedCompletionDate=null], participation=ParticipationDTO[id=468, testRun=false, type=programming, submissionCount=null, exercise=ParticipationExerciseDTO[id=300, exerciseType=PROGRAMMING, type=programming, assessmentType=AUTOMATIC, dueDate=2025-02-16T23:42:52.873722Z, assessmentDueDate=null, maxPoints=42.0, course=CourseDTO[id=149, accuracyOfScores=1]]], feedbacks=[FeedbackDTO[id=93, text=null, detailText=The exercise expects a class with the name Context in the package testpackage. You did not implement the class in the exercise., hasLongFeedbackText=false, reference=null, credits=0.0, positive=false, type=AUTOMATIC, visibility=ALWAYS, testCase=TestCaseDTO[testName=null, id=39]], FeedbackDTO[id=94, text=null, detailText=The exercise expects a class with the name Policy in the package testpackage. You did not implement the class in the exercise., hasLongFeedbackText=false, reference=null, credits=0.0, positive=false, type=AUTOMATIC, visibility=ALWAYS, testCase=TestCaseDTO[testName=null, id=40]], FeedbackDTO[id=95, text=null, detailText=The exercise expects a class with the name SortStrategy in the package testpackage. You did not implement the class in the exercise., hasLongFeedbackText=false, reference=null, credits=0.0, positive=false, type=AUTOMATIC, visibility=ALWAYS, testCase=TestCaseDTO[testName=null, id=41]], FeedbackDTO[id=96, text=null, detailText=The class 'MergeSort' does not implement the interface 'SortStrategy' as expected. Implement the interface and its methods., hasLongFeedbackText=false, reference=null, credits=0.0, positive=false, type=AUTOMATIC, visibility=ALWAYS, testCase=TestCaseDTO[testName=null, id=36]], FeedbackDTO[id=97, text=null, detailText=The exercise expects a class with the name SortStrategy in the package testpackage. You did not implement the class in the exercise., hasLongFeedbackText=false, reference=null, credits=0.0, positive=false, type=AUTOMATIC, visibility=ALWAYS, testCase=TestCaseDTO[testName=null, id=33]], FeedbackDTO[id=98, text=null, detailText=The class 'BubbleSort' does not implement the interface 'SortStrategy' as expected. Implement the interface and its methods., hasLongFeedbackText=false, reference=null, credits=0.0, positive=false, type=AUTOMATIC, visibility=ALWAYS, testCase=TestCaseDTO[testName=null, id=37]], FeedbackDTO[id=99, text=null, detailText=MergeSort does not sort correctly, hasLongFeedbackText=false, reference=null, credits=0.0, positive=false, type=AUTOMATIC, visibility=ALWAYS, testCase=TestCaseDTO[testName=null, id=42]], FeedbackDTO[id=100, text=null, detailText=The class 'Context' was not found within the submission. Make sure to implement it properly., hasLongFeedbackText=false, reference=null, credits=0.0, positive=false, type=AUTOMATIC, visibility=ALWAYS, testCase=TestCaseDTO[testName=null, id=43]], FeedbackDTO[id=101, text=null, detailText=The class 'Context' was not found within the submission. Make sure to implement it properly., hasLongFeedbackText=false, reference=null, credits=0.0, positive=false, type=AUTOMATIC, visibility=ALWAYS, testCase=TestCaseDTO[testName=null, id=44]], FeedbackDTO[id=102, text=null, detailText=The exercise expects a class with the name Policy in the package testpackage. You did not implement the class in the exercise., hasLongFeedbackText=false, reference=null, credits=0.0, positive=false, type=AUTOMATIC, visibility=ALWAYS, testCase=TestCaseDTO[testName=null, id=38]], FeedbackDTO[id=103, text=null, detailText=The exercise expects a class with the name Context in the package testpackage. You did not implement the class in the exercise., hasLongFeedbackText=false, reference=null, credits=0.0, positive=false, type=AUTOMATIC, visibility=ALWAYS, testCase=TestCaseDTO[testName=null, id=34]], FeedbackDTO[id=104, text=null, detailText=The exercise expects a class with the name Policy in the package testpackage. You did not implement the class in the exercise., hasLongFeedbackText=false, reference=null, credits=0.0, positive=false, type=AUTOMATIC, visibility=ALWAYS, testCase=TestCaseDTO[testName=null, id=35]], FeedbackDTO[id=105, text=null, detailText=null, hasLongFeedbackText=false, reference=null, credits=3.230769230769231, positive=true, type=AUTOMATIC, visibility=ALWAYS, testCase=TestCaseDTO[testName=null, id=45]]], assessmentType=AUTOMATIC, hasComplaint=null, exampleResult=null, testCaseCount=13, passedTestCaseCount=1, codeIssueCount=0]], BuildJobQueueItem[id=4741739576577297, name=SHORT88A9A223023E2047B709E4A029FA08BCF2CFTSTEXC-LOCALCIINTSTUDENT1, buildAgent=BuildAgentDTO[name=artemis-build-agent-test, memberAddress=[127.0.0.1]:5703, displayName=artemis-build-agent-test], participationId=474, courseId=151, exerciseId=302, retryCount=0, priority=2, status=SUCCESSFUL, repositoryInfo=RepositoryInfo[repositoryName=short88a9a223023e2047b709e4a029fa08bcf2cftstexc-localciintstudent1, repositoryType=user, triggeredByPushTo=user, assignmentRepositoryUri=http://localhost:49152/git/SHORT88A9A223023E2047B709E4A029FA08BCF2CFTSTEXC/short88a9a223023e2047b709e4a029fa08bcf2cftstexc-localciintstudent1.git, testRepositoryUri=http://localhost:49152/git/SHORT88A9A223023E2047B709E4A029FA08BCF2CFTSTEXC/short88a9a223023e2047b709e4a029fa08bcf2cftstexc-tests.git, solutionRepositoryUri=null, auxiliaryRepositoryUris=[Ljava.lang.String;@6c12c9b3, auxiliaryRepositoryCheckoutDirectories=[Ljava.lang.String;@3f6e9c68], jobTimingInfo=JobTimingInfo[submissionDate=2025-02-14T23:42:57.297342281Z[Etc/UTC], buildStartDate=2025-02-14T23:42:57.308570327Z[Etc/UTC], buildCompletionDate=2025-02-14T23:42:59.047616654Z[Etc/UTC], estimatedCompletionDate=2025-02-14T23:43:16.308558064Z[Etc/UTC], estimatedDuration=19], buildConfig=BuildConfig[buildScript=#!/bin/bash
cd /var/tmp/testing-dir
chmod +x ./gradlew
./gradlew clean test
, dockerImage=dummy-docker-image:latest, commitHashToBuild=736cbea1e46d6849b41266b2bf1cccd3b9ea55b1, assignmentCommitHash=736cbea1e46d6849b41266b2bf1cccd3b9ea55b1, testCommitHash=ea6267edd396a304305339b036512b63e0374c66, branch=main, programmingLanguage=JAVA, projectType=PLAIN_GRADLE, scaEnabled=false, sequentialTestRunsEnabled=false, resultPaths=[/var/tmp/testing-dir/**/test-results/test/*.xml], timeoutSeconds=0, assignmentCheckoutPath=null, testCheckoutPath=null, solutionCheckoutPath=null, dockerRunConfig=null], submissionResult=ResultDTO[id=135, completionDate=2025-02-14T23:42:59.014168821Z[Etc/UTC], successful=false, score=7.7, rated=true, submission=SubmissionDTO[id=123, submitted=true, type=MANUAL, exampleSubmission=null, submissionDate=2025-02-14T23:42:57.278471Z, commitHash=736cbea1e46d6849b41266b2bf1cccd3b9ea55b1, buildFailed=false, buildArtifact=false, participation=ParticipationDTO[id=474, testRun=false, type=programming, submissionCount=null, exercise=ParticipationExerciseDTO[id=302, exerciseType=PROGRAMMING, type=programming, assessmentType=AUTOMATIC, dueDate=2025-02-16T23:42:56.796251Z, assessmentDueDate=null, maxPoints=42.0, course=CourseDTO[id=151, accuracyOfScores=1]]], submissionExerciseType=programming, isProcessing=false, buildStartDate=null, estimatedCompletionDate=null], participation=ParticipationDTO[id=474, testRun=false, type=programming, submissionCount=null, exercise=ParticipationExerciseDTO[id=302, exerciseType=PROGRAMMING, type=programming, assessmentType=AUTOMATIC, dueDate=2025-02-16T23:42:56.796251Z, assessmentDueDate=null, maxPoints=42.0, course=CourseDTO[id=151, accuracyOfScores=1]]], feedbacks=[FeedbackDTO[id=106, text=null, detailText=The exercise expects a class with the name Context in the package testpackage. You did not implement the class in the exercise., hasLongFeedbackText=false, reference=null, credits=0.0, positive=false, type=AUTOMATIC, visibility=ALWAYS, testCase=TestCaseDTO[testName=null, id=65]], FeedbackDTO[id=107, text=null, detailText=The exercise expects a class with the name Policy in the package testpackage. You did not implement the class in the exercise., hasLongFeedbackText=false, reference=null, credits=0.0, positive=false, type=AUTOMATIC, visibility=ALWAYS, testCase=TestCaseDTO[testName=null, id=66]], FeedbackDTO[id=108, text=null, detailText=The exercise expects a class with the name SortStrategy in the package testpackage. You did not implement the class in the exercise., hasLongFeedbackText=false, reference=null, credits=0.0, positive=false, type=AUTOMATIC, visibility=ALWAYS, testCase=TestCaseDTO[testName=null, id=67]], FeedbackDTO[id=109, text=null, detailText=The class 'MergeSort' does not implement the interface 'SortStrategy' as expected. Implement the interface and its methods., hasLongFeedbackText=false, reference=null, credits=0.0, positive=false, type=AUTOMATIC, visibility=ALWAYS, testCase=TestCaseDTO[testName=null, id=62]], FeedbackDTO[id=110, text=null, detailText=The exercise expects a class with the name SortStrategy in the package testpackage. You did not implement the class in the exercise., hasLongFeedbackText=false, reference=null, credits=0.0, positive=false, type=AUTOMATIC, visibility=ALWAYS, testCase=TestCaseDTO[testName=null, id=59]], FeedbackDTO[id=111, text=null, detailText=The class 'BubbleSort' does not implement the interface 'SortStrategy' as expected. Implement the interface and its methods., hasLongFeedbackText=false, reference=null, credits=0.0, positive=false, type=AUTOMATIC, visibility=ALWAYS, testCase=TestCaseDTO[testName=null, id=63]], FeedbackDTO[id=112, text=null, detailText=MergeSort does not sort correctly, hasLongFeedbackText=false, reference=null, credits=0.0, positive=false, type=AUTOMATIC, visibility=ALWAYS, testCase=TestCaseDTO[testName=null, id=68]], FeedbackDTO[id=113, text=null, detailText=The class 'Context' was not found within the submission. Make sure to implement it properly., hasLongFeedbackText=false, reference=null, credits=0.0, positive=false, type=AUTOMATIC, visibility=ALWAYS, testCase=TestCaseDTO[testName=null, id=69]], FeedbackDTO[id=114, text=null, detailText=The class 'Context' was not found within the submission. Make sure to implement it properly., hasLongFeedbackText=false, reference=null, credits=0.0, positive=false, type=AUTOMATIC, visibility=ALWAYS, testCase=TestCaseDTO[testName=null, id=70]], FeedbackDTO[id=115, text=null, detailText=The exercise expects a class with the name Policy in the package testpackage. You did not implement the class in the exercise., hasLongFeedbackText=false, reference=null, credits=0.0, positive=false, type=AUTOMATIC, visibility=ALWAYS, testCase=TestCaseDTO[testName=null, id=64]], FeedbackDTO[id=116, text=null, detailText=The exercise expects a class with the name Context in the package testpackage. You did not implement the class in the exercise., hasLongFeedbackText=false, reference=null, credits=0.0, positive=false, type=AUTOMATIC, visibility=ALWAYS, testCase=TestCaseDTO[testName=null, id=60]], FeedbackDTO[id=117, text=null, detailText=The exercise expects a class with the name Policy in the package testpackage. You did not implement the class in the exercise., hasLongFeedbackText=false, reference=null, credits=0.0, positive=false, type=AUTOMATIC, visibility=ALWAYS, testCase=TestCaseDTO[testName=null, id=61]], FeedbackDTO[id=118, text=null, detailText=null, hasLongFeedbackText=false, reference=null, credits=3.230769230769231, positive=true, type=AUTOMATIC, visibility=ALWAYS, testCase=TestCaseDTO[testName=null, id=71]]], assessmentType=AUTOMATIC, hasComplaint=null, exampleResult=null, testCaseCount=13, passedTestCaseCount=1, codeIssueCount=0]], BuildJobQueueItem[id=4771739576580898, name=SHORT51E611E30D6B60466F0B8BA0AA97F58888C2TSTEXC-LOCALCIINTSTUDENT1, buildAgent=BuildAgentDTO[name=artemis-build-agent-test, memberAddress=[127.0.0.1]:5703, displayName=artemis-build-agent-test], participationId=477, courseId=152, exerciseId=303, retryCount=0, priority=2, status=SUCCESSFUL, repositoryInfo=RepositoryInfo[repositoryName=short51e611e30d6b60466f0b8ba0aa97f58888c2tstexc-localciintstudent1, repositoryType=user, triggeredByPushTo=user, assignmentRepositoryUri=http://localhost:49152/git/SHORT51E611E30D6B60466F0B8BA0AA97F58888C2TSTEXC/short51e611e30d6b60466f0b8ba0aa97f58888c2tstexc-localciintstudent1.git, testRepositoryUri=http://localhost:49152/git/SHORT51E611E30D6B60466F0B8BA0AA97F58888C2TSTEXC/short51e611e30d6b60466f0b8ba0aa97f58888c2tstexc-tests.git, solutionRepositoryUri=null, auxiliaryRepositoryUris=[Ljava.lang.String;@1e56d482, auxiliaryRepositoryCheckoutDirectories=[Ljava.lang.String;@742a624b], jobTimingInfo=JobTimingInfo[submissionDate=2025-02-14T23:43:00.898532688Z[Etc/UTC], buildStartDate=2025-02-14T23:43:00.905733056Z[Etc/UTC], buildCompletionDate=2025-02-14T23:43:02.692768910Z[Etc/UTC], estimatedCompletionDate=2025-02-14T23:43:19.905720463Z[Etc/UTC], estimatedDuration=19], buildConfig=BuildConfig[buildScript=#!/bin/bash
cd /var/tmp/testing-dir
chmod +x ./gradlew
./gradlew clean test
, dockerImage=dummy-docker-image:latest, commitHashToBuild=8f3057cbd462f5e3de4e6ba85115f60d8dbb5aea, assignmentCommitHash=8f3057cbd462f5e3de4e6ba85115f60d8dbb5aea, testCommitHash=8f3057cbd462f5e3de4e6ba85115f60d8dbb5aea, branch=main, programmingLanguage=JAVA, projectType=PLAIN_GRADLE, scaEnabled=true, sequentialTestRunsEnabled=false, resultPaths=[/var/tmp/testing-dir/**/test-results/test/*.xml], timeoutSeconds=0, assignmentCheckoutPath=null, testCheckoutPath=null, solutionCheckoutPath=null, dockerRunConfig=null], submissionResult=ResultDTO[id=136, completionDate=2025-02-14T23:43:02.637820510Z[Etc/UTC], successful=false, score=7.7, rated=true, submission=SubmissionDTO[id=124, submitted=true, type=MANUAL, exampleSubmission=null, submissionDate=2025-02-14T23:43:00.886601Z, commitHash=8f3057cbd462f5e3de4e6ba85115f60d8dbb5aea, buildFailed=false, buildArtifact=false, participation=ParticipationDTO[id=477, testRun=false, type=programming, submissionCount=null, exercise=ParticipationExerciseDTO[id=303, exerciseType=PROGRAMMING, type=programming, assessmentType=AUTOMATIC, dueDate=2025-02-16T23:43:00.631824Z, assessmentDueDate=null, maxPoints=42.0, course=CourseDTO[id=152, accuracyOfScores=1]]], submissionExerciseType=programming, isProcessing=false, buildStartDate=null, estimatedCompletionDate=null], participation=ParticipationDTO[id=477, testRun=false, type=programming, submissionCount=null, exercise=ParticipationExerciseDTO[id=303, exerciseType=PROGRAMMING, type=programming, assessmentType=AUTOMATIC, dueDate=2025-02-16T23:43:00.631824Z, assessmentDueDate=null, maxPoints=42.0, course=CourseDTO[id=152, accuracyOfScores=1]]], feedbacks=[FeedbackDTO[id=119, text=null, detailText=The exercise expects a class with the name Context in the package testpackage. You did not implement the class in the exercise., hasLongFeedbackText=false, reference=null, credits=0.0, positive=false, type=AUTOMATIC, visibility=ALWAYS, testCase=TestCaseDTO[testName=null, id=78]], FeedbackDTO[id=120, text=null, detailText=The exercise expects a class with the name Policy in the package testpackage. You did not implement the class in the exercise., hasLongFeedbackText=false, reference=null, credits=0.0, positive=false, type=AUTOMATIC, visibility=ALWAYS, testCase=TestCaseDTO[testName=null, id=79]], FeedbackDTO[id=121, text=null, detailText=The exercise expects a class with the name SortStrategy in the package testpackage. You did not implement the class in the exercise., hasLongFeedbackText=false, reference=null, credits=0.0, positive=false, type=AUTOMATIC, visibility=ALWAYS, testCase=TestCaseDTO[testName=null, id=80]], FeedbackDTO[id=122, text=null, detailText=The class 'MergeSort' does not implement the interface 'SortStrategy' as expected. Implement the interface and its methods., hasLongFeedbackText=false, reference=null, credits=0.0, positive=false, type=AUTOMATIC, visibility=ALWAYS, testCase=TestCaseDTO[testName=null, id=75]], FeedbackDTO[id=123, text=null, detailText=The exercise expects a class with the name SortStrategy in the package testpackage. You did not implement the class in the exercise., hasLongFeedbackText=false, reference=null, credits=0.0, positive=false, type=AUTOMATIC, visibility=ALWAYS, testCase=TestCaseDTO[testName=null, id=72]], FeedbackDTO[id=124, text=null, detailText=The class 'BubbleSort' does not implement the interface 'SortStrategy' as expected. Implement the interface and its methods., hasLongFeedbackText=false, reference=null, credits=0.0, positive=false, type=AUTOMATIC, visibility=ALWAYS, testCase=TestCaseDTO[testName=null, id=76]], FeedbackDTO[id=125, text=null, detailText=MergeSort does not sort correctly, hasLongFeedbackText=false, reference=null, credits=0.0, positive=false, type=AUTOMATIC, visibility=ALWAYS, testCase=TestCaseDTO[testName=null, id=81]], FeedbackDTO[id=126, text=null, detailText=The class 'Context' was not found within the submission. Make sure to implement it properly., hasLongFeedbackText=false, reference=null, credits=0.0, positive=false, type=AUTOMATIC, visibility=ALWAYS, testCase=TestCaseDTO[testName=null, id=82]], FeedbackDTO[id=127, text=null, detailText=The class 'Context' was not found within the submission. Make sure to implement it properly., hasLongFeedbackText=false, reference=null, credits=0.0, positive=false, type=AUTOMATIC, visibility=ALWAYS, testCase=TestCaseDTO[testName=null, id=83]], FeedbackDTO[id=128, text=null, detailText=The exercise expects a class with the name Policy in the package testpackage. You did not implement the class in the exercise., hasLongFeedbackText=false, reference=null, credits=0.0, positive=false, type=AUTOMATIC, visibility=ALWAYS, testCase=TestCaseDTO[testName=null, id=77]], FeedbackDTO[id=129, text=null, detailText=The exercise expects a class with the name Context in the package testpackage. You did not implement the class in the exercise., hasLongFeedbackText=false, reference=null, credits=0.0, positive=false, type=AUTOMATIC, visibility=ALWAYS, testCase=TestCaseDTO[testName=null, id=73]], FeedbackDTO[id=130, text=null, detailText=The exercise expects a class with the name Policy in the package testpackage. You did not implement the class in the exercise., hasLongFeedbackText=false, reference=null, credits=0.0, positive=false, type=AUTOMATIC, visibility=ALWAYS, testCase=TestCaseDTO[testName=null, id=74]], FeedbackDTO[id=131, text=null, detailText=null, hasLongFeedbackText=false, reference=null, credits=3.230769230769231, positive=true, type=AUTOMATIC, visibility=ALWAYS, testCase=TestCaseDTO[testName=null, id=84]], FeedbackDTO[id=132, text=SCAFeedbackIdentifier:Bad Practice, detailText={"filePath":"src/code/Client.java","startLine":6,"endLine":6,"startColumn":1,"endColumn":26,"rule":"UnusedImports","category":"Best Practices","message":"Avoid unused imports such as 'javax.swing.JFrame'","priority":"4"}, hasLongFeedbackText=false, reference=PMD, credits=0.0, positive=false, type=AUTOMATIC, visibility=null, testCase=null], FeedbackDTO[id=133, text=SCAFeedbackIdentifier:Code Style, detailText={"filePath":"src/code/Client.java","startLine":7,"endLine":7,"startColumn":1,"endColumn":19,"rule":"DontImportJavaLang","category":"Code Style","message":"Avoid importing anything from the package java.lang","priority":"4"}, hasLongFeedbackText=false, reference=PMD, credits=0.0, positive=false, type=AUTOMATIC, visibility=null, testCase=null], FeedbackDTO[id=134, text=SCAFeedbackIdentifier:Bad Practice, detailText={"filePath":"src/code/Client.java","startLine":7,"endLine":7,"startColumn":1,"endColumn":19,"rule":"UnusedImports","category":"Best Practices","message":"Avoid unused imports such as 'java.lang'","priority":"4"}, hasLongFeedbackText=false, reference=PMD, credits=0.0, positive=false, type=AUTOMATIC, visibility=null, testCase=null], FeedbackDTO[id=135, text=SCAFeedbackIdentifier:Bad Practice, detailText={"filePath":"src/code/Client.java","startLine":73,"endLine":73,"startColumn":18,"endColumn":27,"rule":"UnusedLocalVariable","category":"Best Practices","message":"Avoid unused local variables such as 'randomDate'.","priority":"3"}, hasLongFeedbackText=false, reference=PMD, credits=0.0, positive=false, type=AUTOMATIC, visibility=null, testCase=null], FeedbackDTO[id=136, text=SCAFeedbackIdentifier:Bad Practice, detailText={"filePath":"src/code/Client.java","startLine":81,"endLine":81,"startColumn":31,"endColumn":53,"rule":"UnusedPrivateMethod","category":"Best Practices","message":"Avoid unused private methods such as 'CreateRandomDatesList()'.","priority":"3"}, hasLongFeedbackText=false, reference=PMD, credits=0.0, positive=false, type=AUTOMATIC, visibility=null, testCase=null], FeedbackDTO[id=137, text=SCAFeedbackIdentifier:Potential Bugs, detailText={"filePath":"src/code/Client.java","startLine":94,"endLine":94,"startColumn":9,"endColumn":9,"rule":"EmptyStatementNotInLoop","category":"Error Prone","message":"An empty statement (semicolon) not part of a loop","priority":"3"}, hasLongFeedbackText=false, reference=PMD, credits=0.0, positive=false, type=AUTOMATIC, visibility=null, testCase=null], FeedbackDTO[id=138, text=SCAFeedbackIdentifier:Potential Bugs, detailText={"filePath":"src/code/Client.java","startLine":94,"endLine":94,"startColumn":10,"endColumn":10,"rule":"EmptyStatementNotInLoop","category":"Error Prone","message":"An empty statement (semicolon) not part of a loop","priority":"3"}, hasLongFeedbackText=false, reference=PMD, credits=0.0, positive=false, type=AUTOMATIC, visibility=null, testCase=null], FeedbackDTO[id=139, text=SCAFeedbackIdentifier:Potential Bugs, detailText={"filePath":"src/code/Client.java","startLine":94,"endLine":94,"startColumn":11,"endColumn":11,"rule":"EmptyStatementNotInLoop","category":"Error Prone","message":"An empty statement (semicolon) not part of a loop","priority":"3"}, hasLongFeedbackText=false, reference=PMD, credits=0.0, positive=false, type=AUTOMATIC, visibility=null, testCase=null], FeedbackDTO[id=140, text=SCAFeedbackIdentifier:Code Style, detailText={"filePath":"src/code/Client.java","startLine":73,"endLine":73,"rule":"DLS_DEAD_LOCAL_STORE","category":"STYLE","message":"Dead store to randomDate in code.Client.createRandomDatesList()","priority":"2"}, hasLongFeedbackText=false, reference=SPOTBUGS, credits=0.0, positive=false, type=AUTOMATIC, visibility=null, testCase=null], FeedbackDTO[id=141, text=SCAFeedbackIdentifier:Bad Practice, detailText={"filePath":"src/code/Client.java","startLine":82,"endLine":95,"rule":"NM_METHOD_NAMING_CONVENTION","category":"BAD_PRACTICE","message":"The method name code.Client.CreateRandomDatesList() doesn't start with a lower case letter","priority":"3"}, hasLongFeedbackText=false, reference=SPOTBUGS, credits=0.0, positive=false, type=AUTOMATIC, visibility=null, testCase=null], FeedbackDTO[id=142, text=SCAFeedbackIdentifier:Performance, detailText={"filePath":"src/code/Client.java","startLine":82,"endLine":95,"rule":"UPM_UNCALLED_PRIVATE_METHOD","category":"PERFORMANCE","message":"Private method code.Client.CreateRandomDatesList() is never called","priority":"2"}, hasLongFeedbackText=false, reference=SPOTBUGS, credits=0.0, positive=false, type=AUTOMATIC, visibility=null, testCase=null], FeedbackDTO[id=143, text=SCAFeedbackIdentifier:Code Style, detailText={"filePath":"src/code/Client.java","startLine":70,"endLine":70,"startColumn":9,"endColumn":9,"rule":"NeedBracesCheck","category":"blocks","message":"'for' construct must use '{}'s.","priority":"error"}, hasLongFeedbackText=false, reference=CHECKSTYLE, credits=0.0, positive=false, type=AUTOMATIC, visibility=null, testCase=null], FeedbackDTO[id=144, text=SCAFeedbackIdentifier:Code Style, detailText={"filePath":"src/code/Client.java","startLine":93,"endLine":93,"startColumn":9,"endColumn":9,"rule":"EmptyStatementCheck","category":"coding","message":"Empty statement.","priority":"error"}, hasLongFeedbackText=false, reference=CHECKSTYLE, credits=0.0, positive=false, type=AUTOMATIC, visibility=null, testCase=null], FeedbackDTO[id=145, text=SCAFeedbackIdentifier:Code Style, detailText={"filePath":"src/code/Client.java","startLine":93,"endLine":93,"startColumn":10,"endColumn":10,"rule":"EmptyStatementCheck","category":"coding","message":"Empty statement.","priority":"error"}, hasLongFeedbackText=false, reference=CHECKSTYLE, credits=0.0, positive=false, type=AUTOMATIC, visibility=null, testCase=null], FeedbackDTO[id=146, text=SCAFeedbackIdentifier:Code Style, detailText={"filePath":"src/code/Client.java","startLine":93,"endLine":93,"startColumn":11,"endColumn":11,"rule":"EmptyStatementCheck","category":"coding","message":"Empty statement.","priority":"error"}, hasLongFeedbackText=false, reference=CHECKSTYLE, credits=0.0, positive=false, type=AUTOMATIC, visibility=null, testCase=null]], assessmentType=AUTOMATIC, hasComplaint=null, exampleResult=null, testCaseCount=13, passedTestCaseCount=1, codeIssueCount=15]], BuildJobQueueItem[id=4821739576584632, name=SHORT433BAC4500363044960B6E10DFA0493471B2TSTEXC-LOCALCIINTSTUDENT1, buildAgent=BuildAgentDTO[name=artemis-build-agent-test, memberAddress=[127.0.0.1]:5703, displayName=artemis-build-agent-test], participationId=482, courseId=154, exerciseId=305, retryCount=0, priority=2, status=SUCCESSFUL, repositoryInfo=RepositoryInfo[repositoryName=short433bac4500363044960b6e10dfa0493471b2tstexc-localciintstudent1, repositoryType=user, triggeredByPushTo=user, assignmentRepositoryUri=http://localhost:49152/git/SHORT433BAC4500363044960B6E10DFA0493471B2TSTEXC/short433bac4500363044960b6e10dfa0493471b2tstexc-localciintstudent1.git, testRepositoryUri=http://localhost:49152/git/SHORT433BAC4500363044960B6E10DFA0493471B2TSTEXC/short433bac4500363044960b6e10dfa0493471b2tstexc-tests.git, solutionRepositoryUri=null, auxiliaryRepositoryUris=[Ljava.lang.String;@e8f722c, auxiliaryRepositoryCheckoutDirectories=[Ljava.lang.String;@45c92249], jobTimingInfo=JobTimingInfo[submissionDate=2025-02-14T23:43:04.632341258Z[Etc/UTC], buildStartDate=2025-02-14T23:43:04.637633457Z[Etc/UTC], buildCompletionDate=2025-02-14T23:43:06.421238953Z[Etc/UTC], estimatedCompletionDate=2025-02-14T23:43:23.637623879Z[Etc/UTC], estimatedDuration=19], buildConfig=BuildConfig[buildScript=#!/bin/bash
cd /var/tmp/testing-dir
chmod +x ./gradlew
./gradlew clean test
, dockerImage=dummy-docker-image:latest, commitHashToBuild=8355c4f3cd5d3e0443707d3310206e460e333c6f, assignmentCommitHash=8355c4f3cd5d3e0443707d3310206e460e333c6f, testCommitHash=8355c4f3cd5d3e0443707d3310206e460e333c6f, branch=main, programmingLanguage=JAVA, projectType=PLAIN_GRADLE, scaEnabled=false, sequentialTestRunsEnabled=false, resultPaths=[/var/tmp/testing-dir/**/test-results/test/*.xml], timeoutSeconds=0, assignmentCheckoutPath=null, testCheckoutPath=null, solutionCheckoutPath=null, dockerRunConfig=null], submissionResult=ResultDTO[id=137, completionDate=2025-02-14T23:43:06.404877412Z[Etc/UTC], successful=false, score=7.7, rated=true, submission=SubmissionDTO[id=125, submitted=true, type=MANUAL, exampleSubmission=null, submissionDate=2025-02-14T23:43:04.623230Z, commitHash=8355c4f3cd5d3e0443707d3310206e460e333c6f, buildFailed=false, buildArtifact=false, participation=ParticipationDTO[id=482, testRun=false, type=programming, submissionCount=null, exercise=ParticipationExerciseDTO[id=305, exerciseType=PROGRAMMING, type=programming, assessmentType=AUTOMATIC, dueDate=2025-02-16T23:43:04.425734Z, assessmentDueDate=null, maxPoints=42.0, course=CourseDTO[id=154, accuracyOfScores=1]]], submissionExerciseType=programming, isProcessing=false, buildStartDate=null, estimatedCompletionDate=null], participation=ParticipationDTO[id=482, testRun=false, type=programming, submissionCount=null, exercise=ParticipationExerciseDTO[id=305, exerciseType=PROGRAMMING, type=programming, assessmentType=AUTOMATIC, dueDate=2025-02-16T23:43:04.425734Z, assessmentDueDate=null, maxPoints=42.0, course=CourseDTO[id=154, accuracyOfScores=1]]], feedbacks=[FeedbackDTO[id=147, text=null, detailText=The exercise expects a class with the name Context in the package testpackage. You did not implement the class in the exercise., hasLongFeedbackText=false, reference=null, credits=0.0, positive=false, type=AUTOMATIC, visibility=ALWAYS, testCase=TestCaseDTO[testName=null, id=104]], FeedbackDTO[id=148, text=null, detailText=The exercise expects a class with the name Policy in the package testpackage. You did not implement the class in the exercise., hasLongFeedbackText=false, reference=null, credits=0.0, positive=false, type=AUTOMATIC, visibility=ALWAYS, testCase=TestCaseDTO[testName=null, id=105]], FeedbackDTO[id=149, text=null, detailText=The exercise expects a class with the name SortStrategy in the package testpackage. You did not implement the class in the exercise., hasLongFeedbackText=false, reference=null, credits=0.0, positive=false, type=AUTOMATIC, visibility=ALWAYS, testCase=TestCaseDTO[testName=null, id=106]], FeedbackDTO[id=150, text=null, detailText=The class 'MergeSort' does not implement the interface 'SortStrategy' as expected. Implement the interface and its methods., hasLongFeedbackText=false, reference=null, credits=0.0, positive=false, type=AUTOMATIC, visibility=ALWAYS, testCase=TestCaseDTO[testName=null, id=101]], FeedbackDTO[id=151, text=null, detailText=The exercise expects a class with the name SortStrategy in the package testpackage. You did not implement the class in the exercise., hasLongFeedbackText=false, reference=null, credits=0.0, positive=false, type=AUTOMATIC, visibility=ALWAYS, testCase=TestCaseDTO[testName=null, id=98]], FeedbackDTO[id=152, text=null, detailText=The class 'BubbleSort' does not implement the interface 'SortStrategy' as expected. Implement the interface and its methods., hasLongFeedbackText=false, reference=null, credits=0.0, positive=false, type=AUTOMATIC, visibility=ALWAYS, testCase=TestCaseDTO[testName=null, id=102]], FeedbackDTO[id=153, text=null, detailText=MergeSort does not sort correctly, hasLongFeedbackText=false, reference=null, credits=0.0, positive=false, type=AUTOMATIC, visibility=ALWAYS, testCase=TestCaseDTO[testName=null, id=107]], FeedbackDTO[id=154, text=null, detailText=The class 'Context' was not found within the submission. Make sure to implement it properly., hasLongFeedbackText=false, reference=null, credits=0.0, positive=false, type=AUTOMATIC, visibility=ALWAYS, testCase=TestCaseDTO[testName=null, id=108]], FeedbackDTO[id=155, text=null, detailText=The class 'Context' was not found within the submission. Make sure to implement it properly., hasLongFeedbackText=false, reference=null, credits=0.0, positive=false, type=AUTOMATIC, visibility=ALWAYS, testCase=TestCaseDTO[testName=null, id=109]], FeedbackDTO[id=156, text=null, detailText=The exercise expects a class with the name Policy in the package testpackage. You did not implement the class in the exercise., hasLongFeedbackText=false, reference=null, credits=0.0, positive=false, type=AUTOMATIC, visibility=ALWAYS, testCase=TestCaseDTO[testName=null, id=103]], FeedbackDTO[id=157, text=null, detailText=The exercise expects a class with the name Context in the package testpackage. You did not implement the class in the exercise., hasLongFeedbackText=false, reference=null, credits=0.0, positive=false, type=AUTOMATIC, visibility=ALWAYS, testCase=TestCaseDTO[testName=null, id=99]], FeedbackDTO[id=158, text=null, detailText=The exercise expects a class with the name Policy in the package testpackage. You did not implement the class in the exercise., hasLongFeedbackText=false, reference=null, credits=0.0, positive=false, type=AUTOMATIC, visibility=ALWAYS, testCase=TestCaseDTO[testName=null, id=100]], FeedbackDTO[id=159, text=null, detailText=null, hasLongFeedbackText=false, reference=null, credits=3.230769230769231, positive=true, type=AUTOMATIC, visibility=ALWAYS, testCase=TestCaseDTO[testName=null, id=110]]], assessmentType=AUTOMATIC, hasComplaint=null, exampleResult=null, testCaseCount=13, passedTestCaseCount=1, codeIssueCount=0]], BuildJobQueueItem[id=4851739576588371, name=SHORT495D587A0856D04A9E08BC60D2E08365FB9ETSTEXC-LOCALCIINTSTUDENT1, buildAgent=BuildAgentDTO[name=artemis-build-agent-test, memberAddress=[127.0.0.1]:5703, displayName=artemis-build-agent-test], participationId=485, courseId=155, exerciseId=306, retryCount=0, priority=2, status=FAILED, repositoryInfo=RepositoryInfo[repositoryName=short495d587a0856d04a9e08bc60d2e08365fb9etstexc-localciintstudent1, repositoryType=user, triggeredByPushTo=user, assignmentRepositoryUri=http://localhost:49152/git/SHORT495D587A0856D04A9E08BC60D2E08365FB9ETSTEXC/short495d587a0856d04a9e08bc60d2e08365fb9etstexc-localciintstudent1.git, testRepositoryUri=http://localhost:49152/git/SHORT495D587A0856D04A9E08BC60D2E08365FB9ETSTEXC/short495d587a0856d04a9e08bc60d2e08365fb9etstexc-tests.git, solutionRepositoryUri=null, auxiliaryRepositoryUris=[Ljava.lang.String;@6d930cb6, auxiliaryRepositoryCheckoutDirectories=[Ljava.lang.String;@4a0c0375], jobTimingInfo=JobTimingInfo[submissionDate=2025-02-14T23:43:08.371015915Z[Etc/UTC], buildStartDate=2025-02-14T23:43:08.374658929Z[Etc/UTC], buildCompletionDate=2025-02-14T23:43:09.341007666Z[Etc/UTC], estimatedCompletionDate=2025-02-14T23:43:27.374650503Z[Etc/UTC], estimatedDuration=19], buildConfig=BuildConfig[buildScript=#!/bin/bash
cd /var/tmp/testing-dir
chmod +x ./gradlew
./gradlew clean test
, dockerImage=dummy-docker-image:latest, commitHashToBuild=ebb8aa4dc3625fe07e975266e18313ad871ce864, assignmentCommitHash=9b3a9bd71a0d80e5bbc42204c319ed3d1d4f0d6d, testCommitHash=9b3a9bd71a0d80e5bbc42204c319ed3d1d4f0d6d, branch=main, programmingLanguage=JAVA, projectType=PLAIN_GRADLE, scaEnabled=false, sequentialTestRunsEnabled=false, resultPaths=[/var/tmp/testing-dir/**/test-results/test/*.xml], timeoutSeconds=0, assignmentCheckoutPath=null, testCheckoutPath=null, solutionCheckoutPath=null, dockerRunConfig=null], submissionResult=ResultDTO[id=138, completionDate=2025-02-14T23:43:09.343306574Z[Etc/UTC], successful=false, score=0.0, rated=true, submission=SubmissionDTO[id=127, submitted=true, type=MANUAL, exampleSubmission=null, submissionDate=2025-02-14T23:43:09.343306574Z[Etc/UTC], commitHash=9b3a9bd71a0d80e5bbc42204c319ed3d1d4f0d6d, buildFailed=true, buildArtifact=false, participation=ParticipationDTO[id=485, testRun=false, type=programming, submissionCount=null, exercise=ParticipationExerciseDTO[id=306, exerciseType=PROGRAMMING, type=programming, assessmentType=AUTOMATIC, dueDate=2025-02-16T23:43:08.185273Z, assessmentDueDate=null, maxPoints=42.0, course=CourseDTO[id=155, accuracyOfScores=1]]], submissionExerciseType=programming, isProcessing=false, buildStartDate=null, estimatedCompletionDate=null], participation=ParticipationDTO[id=485, testRun=false, type=programming, submissionCount=null, exercise=ParticipationExerciseDTO[id=306, exerciseType=PROGRAMMING, type=programming, assessmentType=AUTOMATIC, dueDate=2025-02-16T23:43:08.185273Z, assessmentDueDate=null, maxPoints=42.0, course=CourseDTO[id=155, accuracyOfScores=1]]], feedbacks=[], assessmentType=AUTOMATIC, hasComplaint=null, exampleResult=null, testCaseCount=0, passedTestCaseCount=0, codeIssueCount=0]], BuildJobQueueItem[id=4881739576590204, name=SHORT80B5DD0E0D6B304EBB096E9020B949996A1CTSTEXC-LOCALCIINTSTUDENT1, buildAgent=BuildAgentDTO[name=artemis-build-agent-test, memberAddress=[127.0.0.1]:5703, displayName=artemis-build-agent-test], participationId=488, courseId=156, exerciseId=307, retryCount=0, priority=2, status=SUCCESSFUL, repositoryInfo=RepositoryInfo[repositoryName=short80b5dd0e0d6b304ebb096e9020b949996a1ctstexc-localciintstudent1, repositoryType=user, triggeredByPushTo=user, assignmentRepositoryUri=http://localhost:49152/git/SHORT80B5DD0E0D6B304EBB096E9020B949996A1CTSTEXC/short80b5dd0e0d6b304ebb096e9020b949996a1ctstexc-localciintstudent1.git, testRepositoryUri=http://localhost:49152/git/SHORT80B5DD0E0D6B304EBB096E9020B949996A1CTSTEXC/short80b5dd0e0d6b304ebb096e9020b949996a1ctstexc-tests.git, solutionRepositoryUri=null, auxiliaryRepositoryUris=[Ljava.lang.String;@3f67160a, auxiliaryRepositoryCheckoutDirectories=[Ljava.lang.String;@3330b0c5], jobTimingInfo=JobTimingInfo[submissionDate=2025-02-14T23:43:10.204264160Z[Etc/UTC], buildStartDate=2025-02-14T23:43:10.223149139Z[Etc/UTC], buildCompletionDate=2025-02-14T23:43:12.086509109Z[Etc/UTC], estimatedCompletionDate=2025-02-14T23:43:29.223142246Z[Etc/UTC], estimatedDuration=19], buildConfig=BuildConfig[buildScript=#!/bin/bash
cd /var/tmp/testing-dir
chmod +x ./gradlew
./gradlew clean test
, dockerImage=dummy-docker-image:latest, commitHashToBuild=b806a93102242552beed7c01b08b2769731814b3, assignmentCommitHash=b806a93102242552beed7c01b08b2769731814b3, testCommitHash=b806a93102242552beed7c01b08b2769731814b3, branch=main, programmingLanguage=JAVA, projectType=PLAIN_GRADLE, scaEnabled=false, sequentialTestRunsEnabled=false, resultPaths=[/var/tmp/testing-dir/**/test-results/test/*.xml], timeoutSeconds=0, assignmentCheckoutPath=null, testCheckoutPath=null, solutionCheckoutPath=null, dockerRunConfig=null], submissionResult=ResultDTO[id=139, completionDate=2025-02-14T23:43:12.066436124Z[Etc/UTC], successful=false, score=0.0, rated=true, submission=SubmissionDTO[id=128, submitted=true, type=MANUAL, exampleSubmission=null, submissionDate=2025-02-14T23:43:10.192407Z, commitHash=b806a93102242552beed7c01b08b2769731814b3, buildFailed=true, buildArtifact=false, participation=ParticipationDTO[id=488, testRun=false, type=programming, submissionCount=null, exercise=ParticipationExerciseDTO[id=307, exerciseType=PROGRAMMING, type=programming, assessmentType=AUTOMATIC, dueDate=2025-02-16T23:43:09.986646Z, assessmentDueDate=null, maxPoints=42.0, course=CourseDTO[id=156, accuracyOfScores=1]]], submissionExerciseType=programming, isProcessing=false, buildStartDate=null, estimatedCompletionDate=null], participation=ParticipationDTO[id=488, testRun=false, type=programming, submissionCount=null, exercise=ParticipationExerciseDTO[id=307, exerciseType=PROGRAMMING, type=programming, assessmentType=AUTOMATIC, dueDate=2025-02-16T23:43:09.986646Z, assessmentDueDate=null, maxPoints=42.0, course=CourseDTO[id=156, accuracyOfScores=1]]], feedbacks=[], assessmentType=AUTOMATIC, hasComplaint=null, exampleResult=null, testCaseCount=0, passedTestCaseCount=0, codeIssueCount=0]], BuildJobQueueItem[id=4911739576593817, name=SHORT585B2198089880462509B3007867E72DFB7ATSTEXC-LOCALCIINTSTUDENT1, buildAgent=BuildAgentDTO[name=artemis-build-agent-test, memberAddress=[127.0.0.1]:5703, displayName=artemis-build-agent-test], participationId=491, courseId=157, exerciseId=308, retryCount=0, priority=2, status=SUCCESSFUL, repositoryInfo=RepositoryInfo[repositoryName=short585b2198089880462509b3007867e72dfb7atstexc-localciintstudent1, repositoryType=user, triggeredByPushTo=user, assignmentRepositoryUri=http://localhost:49152/git/SHORT585B2198089880462509B3007867E72DFB7ATSTEXC/short585b2198089880462509b3007867e72dfb7atstexc-localciintstudent1.git, testRepositoryUri=http://localhost:49152/git/SHORT585B2198089880462509B3007867E72DFB7ATSTEXC/short585b2198089880462509b3007867e72dfb7atstexc-tests.git, solutionRepositoryUri=null, auxiliaryRepositoryUris=[Ljava.lang.String;@4633fca9, auxiliaryRepositoryCheckoutDirectories=[Ljava.lang.String;@6c8e58b1], jobTimingInfo=JobTimingInfo[submissionDate=2025-02-14T23:43:13.817124706Z[Etc/UTC], buildStartDate=2025-02-14T23:43:13.834335931Z[Etc/UTC], buildCompletionDate=2025-02-14T23:43:15.746259139Z[Etc/UTC], estimatedCompletionDate=2025-02-14T23:43:32.834326082Z[Etc/UTC], estimatedDuration=19], buildConfig=BuildConfig[buildScript=#!/bin/bash
cd /var/tmp/testing-dir
chmod +x ./gradlew
./gradlew clean test
, dockerImage=dummy-docker-image:latest, commitHashToBuild=42077d078a5d5042fe2d4bd8299a990d342fce6e, assignmentCommitHash=42077d078a5d5042fe2d4bd8299a990d342fce6e, testCommitHash=42077d078a5d5042fe2d4bd8299a990d342fce6e, branch=main, programmingLanguage=JAVA, projectType=PLAIN_GRADLE, scaEnabled=false, sequentialTestRunsEnabled=false, resultPaths=[/var/tmp/testing-dir/**/test-results/test/*.xml], timeoutSeconds=0, assignmentCheckoutPath=null, testCheckoutPath=null, solutionCheckoutPath=null, dockerRunConfig=null], submissionResult=ResultDTO[id=140, completionDate=2025-02-14T23:43:15.725343914Z[Etc/UTC], successful=false, score=0.0, rated=true, submission=SubmissionDTO[id=129, submitted=true, type=MANUAL, exampleSubmission=null, submissionDate=2025-02-14T23:43:13.805401Z, commitHash=42077d078a5d5042fe2d4bd8299a990d342fce6e, buildFailed=false, buildArtifact=false, participation=ParticipationDTO[id=491, testRun=false, type=programming, submissionCount=null, exercise=ParticipationExerciseDTO[id=308, exerciseType=PROGRAMMING, type=programming, assessmentType=AUTOMATIC, dueDate=2025-02-16T23:43:13.569213Z, assessmentDueDate=null, maxPoints=42.0, course=CourseDTO[id=157, accuracyOfScores=1]]], submissionExerciseType=programming, isProcessing=false, buildStartDate=null, estimatedCompletionDate=null], participation=ParticipationDTO[id=491, testRun=false, type=programming, submissionCount=null, exercise=ParticipationExerciseDTO[id=308, exerciseType=PROGRAMMING, type=programming, assessmentType=AUTOMATIC, dueDate=2025-02-16T23:43:13.569213Z, assessmentDueDate=null, maxPoints=42.0, course=CourseDTO[id=157, accuracyOfScores=1]]], feedbacks=[FeedbackDTO[id=160, text=null, detailText=Deine Einreichung enthält keine Ausgabe. (67cac2), hasLongFeedbackText=false, reference=null, credits=0.0, positive=false, type=AUTOMATIC, visibility=ALWAYS, testCase=TestCaseDTO[testName=null, id=146]], FeedbackDTO[id=161, text=null, detailText=test `add` failed on ≥ 1 cases:
(0, 0)
Your submission raised an error Failure("TODO add"), hasLongFeedbackText=false, reference=null, credits=0.0, positive=false, type=AUTOMATIC, visibility=ALWAYS, testCase=TestCaseDTO[testName=null, id=149]], FeedbackDTO[id=162, text=null, detailText=test `filter` failed on ≥ 1 cases:
(even, [1; 2; 3; 4])
Your submission raised an error Failure("TODO filter"), hasLongFeedbackText=false, reference=null, credits=0.0, positive=false, type=AUTOMATIC, visibility=ALWAYS, testCase=TestCaseDTO[testName=null, id=148]], FeedbackDTO[id=163, text=null, detailText=Test was not executed., hasLongFeedbackText=false, reference=null, credits=0.0, positive=null, type=AUTOMATIC, visibility=null, testCase=TestCaseDTO[testName=null, id=137]], FeedbackDTO[id=164, text=null, detailText=Test was not executed., hasLongFeedbackText=false, reference=null, credits=0.0, positive=null, type=AUTOMATIC, visibility=null, testCase=TestCaseDTO[testName=null, id=138]], FeedbackDTO[id=165, text=null, detailText=Test was not executed., hasLongFeedbackText=false, reference=null, credits=0.0, positive=null, type=AUTOMATIC, visibility=null, testCase=TestCaseDTO[testName=null, id=139]], FeedbackDTO[id=166, text=null, detailText=Test was not executed., hasLongFeedbackText=false, reference=null, credits=0.0, positive=null, type=AUTOMATIC, visibility=null, testCase=TestCaseDTO[testName=null, id=140]], FeedbackDTO[id=167, text=null, detailText=Test was not executed., hasLongFeedbackText=false, reference=null, credits=0.0, positive=null, type=AUTOMATIC, visibility=null, testCase=TestCaseDTO[testName=null, id=141]], FeedbackDTO[id=168, text=null, detailText=Test was not executed., hasLongFeedbackText=false, reference=null, credits=0.0, positive=null, type=AUTOMATIC, visibility=null, testCase=TestCaseDTO[testName=null, id=142]], FeedbackDTO[id=169, text=null, detailText=Test was not executed., hasLongFeedbackText=false, reference=null, credits=0.0, positive=null, type=AUTOMATIC, visibility=null, testCase=TestCaseDTO[testName=null, id=143]], FeedbackDTO[id=170, text=null, detailText=Test was not executed., hasLongFeedbackText=false, reference=null, credits=0.0, positive=null, type=AUTOMATIC, visibility=null, testCase=TestCaseDTO[testName=null, id=144]], FeedbackDTO[id=171, text=null, detailText=Test was not executed., hasLongFeedbackText=false, reference=null, credits=0.0, positive=null, type=AUTOMATIC, visibility=null, testCase=TestCaseDTO[testName=null, id=145]], FeedbackDTO[id=172, text=null, detailText=Test was not executed., hasLongFeedbackText=false, reference=null, credits=0.0, positive=null, type=AUTOMATIC, visibility=null, testCase=TestCaseDTO[testName=null, id=147]]], assessmentType=AUTOMATIC, hasComplaint=null, exampleResult=null, testCaseCount=13, passedTestCaseCount=0, codeIssueCount=0]], BuildJobQueueItem[id=4941739576597286, name=SHORTFBCBD7BF0E6EB0451A080E80FCB407DC1F12TSTEXC-LOCALCIINTSTUDENT1, buildAgent=BuildAgentDTO[name=artemis-build-agent-test, memberAddress=[127.0.0.1]:5703, displayName=artemis-build-agent-test], participationId=494, courseId=158, exerciseId=309, retryCount=0, priority=2, status=SUCCESSFUL, repositoryInfo=RepositoryInfo[repositoryName=shortfbcbd7bf0e6eb0451a080e80fcb407dc1f12tstexc-localciintstudent1, repositoryType=user, triggeredByPushTo=user, assignmentRepositoryUri=http://localhost:49152/git/SHORTFBCBD7BF0E6EB0451A080E80FCB407DC1F12TSTEXC/shortfbcbd7bf0e6eb0451a080e80fcb407dc1f12tstexc-localciintstudent1.git, testRepositoryUri=http://localhost:49152/git/SHORTFBCBD7BF0E6EB0451A080E80FCB407DC1F12TSTEXC/shortfbcbd7bf0e6eb0451a080e80fcb407dc1f12tstexc-tests.git, solutionRepositoryUri=null, auxiliaryRepositoryUris=[Ljava.lang.String;@6bdec46c, auxiliaryRepositoryCheckoutDirectories=[Ljava.lang.String;@5ddef74a], jobTimingInfo=JobTimingInfo[submissionDate=2025-02-14T23:43:17.286977233Z[Etc/UTC], buildStartDate=2025-02-14T23:43:17.293977347Z[Etc/UTC], buildCompletionDate=2025-02-14T23:43:18.740990762Z[Etc/UTC], estimatedCompletionDate=2025-02-14T23:43:36.293970494Z[Etc/UTC], estimatedDuration=19], buildConfig=BuildConfig[buildScript=#!/bin/bash
cd /var/tmp/testing-dir
chmod +x ./gradlew
./gradlew clean test
, dockerImage=dummy-docker-image:latest, commitHashToBuild=4a1af7e8a64e6505c5fc09b9f81ea41af9fcff44, assignmentCommitHash=4a1af7e8a64e6505c5fc09b9f81ea41af9fcff44, testCommitHash=4a1af7e8a64e6505c5fc09b9f81ea41af9fcff44, branch=main, programmingLanguage=JAVA, projectType=PLAIN_GRADLE, scaEnabled=false, sequentialTestRunsEnabled=false, resultPaths=[/var/tmp/testing-dir/**/test-results/test/*.xml], timeoutSeconds=0, assignmentCheckoutPath=null, testCheckoutPath=null, solutionCheckoutPath=null, dockerRunConfig=null], submissionResult=ResultDTO[id=141, completionDate=2025-02-14T23:43:18.729015138Z[Etc/UTC], successful=false, score=0.0, rated=true, submission=SubmissionDTO[id=130, submitted=true, type=MANUAL, exampleSubmission=null, submissionDate=2025-02-14T23:43:17.272936Z, commitHash=4a1af7e8a64e6505c5fc09b9f81ea41af9fcff44, buildFailed=true, buildArtifact=false, participation=ParticipationDTO[id=494, testRun=false, type=programming, submissionCount=null, exercise=ParticipationExerciseDTO[id=309, exerciseType=PROGRAMMING, type=programming, assessmentType=AUTOMATIC, dueDate=2025-02-16T23:43:17.147218Z, assessmentDueDate=null, maxPoints=42.0, course=CourseDTO[id=158, accuracyOfScores=1]]], submissionExerciseType=programming, isProcessing=false, buildStartDate=null, estimatedCompletionDate=null], participation=ParticipationDTO[id=494, testRun=false, type=programming, submissionCount=null, exercise=ParticipationExerciseDTO[id=309, exerciseType=PROGRAMMING, type=programming, assessmentType=AUTOMATIC, dueDate=2025-02-16T23:43:17.147218Z, assessmentDueDate=null, maxPoints=42.0, course=CourseDTO[id=158, accuracyOfScores=1]]], feedbacks=[], assessmentType=AUTOMATIC, hasComplaint=null, exampleResult=null, testCaseCount=0, passedTestCaseCount=0, codeIssueCount=0]], BuildJobQueueItem[id=4971739576599269, name=SHORT52AD57270517204728083260501A19D262D1TSTEXC-LOCALCIINTSTUDENT1, buildAgent=BuildAgentDTO[name=artemis-build-agent-test, memberAddress=[127.0.0.1]:5703, displayName=artemis-build-agent-test], participationId=497, courseId=159, exerciseId=310, retryCount=0, priority=2, status=SUCCESSFUL, repositoryInfo=RepositoryInfo[repositoryName=short52ad57270517204728083260501a19d262d1tstexc-localciintstudent1, repositoryType=user, triggeredByPushTo=user, assignmentRepositoryUri=http://localhost:49152/git/SHORT52AD57270517204728083260501A19D262D1TSTEXC/short52ad57270517204728083260501a19d262d1tstexc-localciintstudent1.git, testRepositoryUri=http://localhost:49152/git/SHORT52AD57270517204728083260501A19D262D1TSTEXC/short52ad57270517204728083260501a19d262d1tstexc-tests.git, solutionRepositoryUri=null, auxiliaryRepositoryUris=[Ljava.lang.String;@4519eec, auxiliaryRepositoryCheckoutDirectories=[Ljava.lang.String;@1a040507], jobTimingInfo=JobTimingInfo[submissionDate=2025-02-14T23:43:19.269997499Z[Etc/UTC], buildStartDate=2025-02-14T23:43:19.277325895Z[Etc/UTC], buildCompletionDate=2025-02-14T23:43:20.497391524Z[Etc/UTC], estimatedCompletionDate=2025-02-14T23:43:38.277310787Z[Etc/UTC], estimatedDuration=19], buildConfig=BuildConfig[buildScript=#!/bin/bash
cd /var/tmp/testing-dir
chmod +x ./gradlew
./gradlew clean test
, dockerImage=dummy-docker-image:latest, commitHashToBuild=9f4f76247a188e9a0f3516a9fbd60e829d53fb05, assignmentCommitHash=9f4f76247a188e9a0f3516a9fbd60e829d53fb05, testCommitHash=9f4f76247a188e9a0f3516a9fbd60e829d53fb05, branch=main, programmingLanguage=JAVA, projectType=PLAIN_GRADLE, scaEnabled=false, sequentialTestRunsEnabled=false, resultPaths=[/var/tmp/testing-dir/**/test-results/test/*.xml], timeoutSeconds=0, assignmentCheckoutPath=null, testCheckoutPath=null, solutionCheckoutPath=null, dockerRunConfig=null], submissionResult=ResultDTO[id=142, completionDate=2025-02-14T23:43:20.484244187Z[Etc/UTC], successful=false, score=7.7, rated=true, submission=SubmissionDTO[id=131, submitted=true, type=MANUAL, exampleSubmission=null, submissionDate=2025-02-14T23:43:19.265464Z, commitHash=9f4f76247a188e9a0f3516a9fbd60e829d53fb05, buildFailed=false, buildArtifact=false, participation=ParticipationDTO[id=497, testRun=false, type=programming, submissionCount=null, exercise=ParticipationExerciseDTO[id=310, exerciseType=PROGRAMMING, type=programming, assessmentType=AUTOMATIC, dueDate=2025-02-16T23:43:19.182228Z, assessmentDueDate=null, maxPoints=42.0, course=CourseDTO[id=159, accuracyOfScores=1]]], submissionExerciseType=programming, isProcessing=false, buildStartDate=null, estimatedCompletionDate=null], participation=ParticipationDTO[id=497, testRun=false, type=programming, submissionCount=null, exercise=ParticipationExerciseDTO[id=310, exerciseType=PROGRAMMING, type=programming, assessmentType=AUTOMATIC, dueDate=2025-02-16T23:43:19.182228Z, assessmentDueDate=null, maxPoints=42.0, course=CourseDTO[id=159, accuracyOfScores=1]]], feedbacks=[FeedbackDTO[id=173, text=null, detailText=The exercise expects a class with the name Context in the package testpackage. You did not implement the class in the exercise., hasLongFeedbackText=false, reference=null, credits=0.0, positive=false, type=AUTOMATIC, visibility=ALWAYS, testCase=TestCaseDTO[testName=null, id=169]], FeedbackDTO[id=174, text=null, detailText=The exercise expects a class with the name Policy in the package testpackage. You did not implement the class in the exercise., hasLongFeedbackText=false, reference=null, credits=0.0, positive=false, type=AUTOMATIC, visibility=ALWAYS, testCase=TestCaseDTO[testName=null, id=170]], FeedbackDTO[id=175, text=null, detailText=The exercise expects a class with the name SortStrategy in the package testpackage. You did not implement the class in the exercise., hasLongFeedbackText=false, reference=null, credits=0.0, positive=false, type=AUTOMATIC, visibility=ALWAYS, testCase=TestCaseDTO[testName=null, id=171]], FeedbackDTO[id=176, text=null, detailText=The class 'MergeSort' does not implement the interface 'SortStrategy' as expected. Implement the interface and its methods., hasLongFeedbackText=false, reference=null, credits=0.0, positive=false, type=AUTOMATIC, visibility=ALWAYS, testCase=TestCaseDTO[testName=null, id=166]], FeedbackDTO[id=177, text=null, detailText=The exercise expects a class with the name SortStrategy in the package testpackage. You did not implement the class in the exercise., hasLongFeedbackText=false, reference=null, credits=0.0, positive=false, type=AUTOMATIC, visibility=ALWAYS, testCase=TestCaseDTO[testName=null, id=163]], FeedbackDTO[id=178, text=null, detailText=The class 'BubbleSort' does not implement the interface 'SortStrategy' as expected. Implement the interface and its methods., hasLongFeedbackText=false, reference=null, credits=0.0, positive=false, type=AUTOMATIC, visibility=ALWAYS, testCase=TestCaseDTO[testName=null, id=167]], FeedbackDTO[id=179, text=null, detailText=MergeSort does not sort correctly, hasLongFeedbackText=false, reference=null, credits=0.0, positive=false, type=AUTOMATIC, visibility=ALWAYS, testCase=TestCaseDTO[testName=null, id=172]], FeedbackDTO[id=180, text=null, detailText=The class 'Context' was not found within the submission. Make sure to implement it properly., hasLongFeedbackText=false, reference=null, credits=0.0, positive=false, type=AUTOMATIC, visibility=ALWAYS, testCase=TestCaseDTO[testName=null, id=173]], FeedbackDTO[id=181, text=null, detailText=The class 'Context' was not found within the submission. Make sure to implement it properly., hasLongFeedbackText=false, reference=null, credits=0.0, positive=false, type=AUTOMATIC, visibility=ALWAYS, testCase=TestCaseDTO[testName=null, id=174]], FeedbackDTO[id=182, text=null, detailText=The exercise expects a class with the name Policy in the package testpackage. You did not implement the class in the exercise., hasLongFeedbackText=false, reference=null, credits=0.0, positive=false, type=AUTOMATIC, visibility=ALWAYS, testCase=TestCaseDTO[testName=null, id=168]], FeedbackDTO[id=183, text=null, detailText=The exercise expects a class with the name Context in the package testpackage. You did not implement the class in the exercise., hasLongFeedbackText=false, reference=null, credits=0.0, positive=false, type=AUTOMATIC, visibility=ALWAYS, testCase=TestCaseDTO[testName=null, id=164]], FeedbackDTO[id=184, text=null, detailText=The exercise expects a class with the name Policy in the package testpackage. You did not implement the class in the exercise., hasLongFeedbackText=false, reference=null, credits=0.0, positive=false, type=AUTOMATIC, visibility=ALWAYS, testCase=TestCaseDTO[testName=null, id=165]], FeedbackDTO[id=185, text=null, detailText=null, hasLongFeedbackText=false, reference=null, credits=3.230769230769231, positive=true, type=AUTOMATIC, visibility=ALWAYS, testCase=TestCaseDTO[testName=null, id=175]]], assessmentType=AUTOMATIC, hasComplaint=null, exampleResult=null, testCaseCount=13, passedTestCaseCount=1, codeIssueCount=0]], BuildJobQueueItem[id=5001739576601035, name=SHORT582B1BDC0A17704D6D0A46800FC19163DA47TSTEXC-LOCALCIINTSTUDENT1, buildAgent=BuildAgentDTO[name=artemis-build-agent-test, memberAddress=[127.0.0.1]:5703, displayName=artemis-build-agent-test], participationId=500, courseId=160, exerciseId=311, retryCount=0, priority=2, status=SUCCESSFUL, repositoryInfo=RepositoryInfo[repositoryName=short582b1bdc0a17704d6d0a46800fc19163da47tstexc-localciintstudent1, repositoryType=user, triggeredByPushTo=user, assignmentRepositoryUri=http://localhost:49152/git/SHORT582B1BDC0A17704D6D0A46800FC19163DA47TSTEXC/short582b1bdc0a17704d6d0a46800fc19163da47tstexc-localciintstudent1.git, testRepositoryUri=http://localhost:49152/git/SHORT582B1BDC0A17704D6D0A46800FC19163DA47TSTEXC/short582b1bdc0a17704d6d0a46800fc19163da47tstexc-tests.git, solutionRepositoryUri=null, auxiliaryRepositoryUris=[Ljava.lang.String;@7e45f8f, auxiliaryRepositoryCheckoutDirectories=[Ljava.lang.String;@2d2a9c9e], jobTimingInfo=JobTimingInfo[submissionDate=2025-02-14T23:43:21.035120760Z[Etc/UTC], buildStartDate=2025-02-14T23:43:21.040320383Z[Etc/UTC], buildCompletionDate=2025-02-14T23:43:22.581236903Z[Etc/UTC], estimatedCompletionDate=2025-02-14T23:43:40.040312057Z[Etc/UTC], estimatedDuration=19], buildConfig=BuildConfig[buildScript=#!/bin/bash
cd /var/tmp/testing-dir
chmod +x ./gradlew
./gradlew clean test
, dockerImage=dummy-docker-image:latest, commitHashToBuild=887566cf754016f986627cf5c5c365dea16c907f, assignmentCommitHash=887566cf754016f986627cf5c5c365dea16c907f, testCommitHash=6af67146332066e7430917928a4b9b81c43b7c71, branch=main, programmingLanguage=JAVA, projectType=PLAIN_GRADLE, scaEnabled=false, sequentialTestRunsEnabled=false, resultPaths=[/var/tmp/testing-dir/**/test-results/test/*.xml], timeoutSeconds=0, assignmentCheckoutPath=customAssignmentPath, testCheckoutPath=null, solutionCheckoutPath=null, dockerRunConfig=null], submissionResult=ResultDTO[id=143, completionDate=2025-02-14T23:43:22.538158998Z[Etc/UTC], successful=false, score=7.7, rated=true, submission=SubmissionDTO[id=132, submitted=true, type=MANUAL, exampleSubmission=null, submissionDate=2025-02-14T23:43:21.028930Z, commitHash=887566cf754016f986627cf5c5c365dea16c907f, buildFailed=false, buildArtifact=false, participation=ParticipationDTO[id=500, testRun=false, type=programming, submissionCount=null, exercise=ParticipationExerciseDTO[id=311, exerciseType=PROGRAMMING, type=programming, assessmentType=AUTOMATIC, dueDate=2025-02-16T23:43:20.897280Z, assessmentDueDate=null, maxPoints=42.0, course=CourseDTO[id=160, accuracyOfScores=1]]], submissionExerciseType=programming, isProcessing=false, buildStartDate=null, estimatedCompletionDate=null], participation=ParticipationDTO[id=500, testRun=false, type=programming, submissionCount=null, exercise=ParticipationExerciseDTO[id=311, exerciseType=PROGRAMMING, type=programming, assessmentType=AUTOMATIC, dueDate=2025-02-16T23:43:20.897280Z, assessmentDueDate=null, maxPoints=42.0, course=CourseDTO[id=160, accuracyOfScores=1]]], feedbacks=[FeedbackDTO[id=186, text=null, detailText=The exercise expects a class with the name Context in the package testpackage. You did not implement the class in the exercise., hasLongFeedbackText=false, reference=null, credits=0.0, positive=false, type=AUTOMATIC, visibility=ALWAYS, testCase=TestCaseDTO[testName=null, id=182]], FeedbackDTO[id=187, text=null, detailText=The exercise expects a class with the name Policy in the package testpackage. You did not implement the class in the exercise., hasLongFeedbackText=false, reference=null, credits=0.0, positive=false, type=AUTOMATIC, visibility=ALWAYS, testCase=TestCaseDTO[testName=null, id=183]], FeedbackDTO[id=188, text=null, detailText=The exercise expects a class with the name SortStrategy in the package testpackage. You did not implement the class in the exercise., hasLongFeedbackText=false, reference=null, credits=0.0, positive=false, type=AUTOMATIC, visibility=ALWAYS, testCase=TestCaseDTO[testName=null, id=184]], FeedbackDTO[id=189, text=null, detailText=The class 'MergeSort' does not implement the interface 'SortStrategy' as expected. Implement the interface and its methods., hasLongFeedbackText=false, reference=null, credits=0.0, positive=false, type=AUTOMATIC, visibility=ALWAYS, testCase=TestCaseDTO[testName=null, id=179]], FeedbackDTO[id=190, text=null, detailText=The exercise expects a class with the name SortStrategy in the package testpackage. You did not implement the class in the exercise., hasLongFeedbackText=false, reference=null, credits=0.0, positive=false, type=AUTOMATIC, visibility=ALWAYS, testCase=TestCaseDTO[testName=null, id=176]], FeedbackDTO[id=191, text=null, detailText=The class 'BubbleSort' does not implement the interface 'SortStrategy' as expected. Implement the interface and its methods., hasLongFeedbackText=false, reference=null, credits=0.0, positive=false, type=AUTOMATIC, visibility=ALWAYS, testCase=TestCaseDTO[testName=null, id=180]], FeedbackDTO[id=192, text=null, detailText=MergeSort does not sort correctly, hasLongFeedbackText=false, reference=null, credits=0.0, positive=false, type=AUTOMATIC, visibility=ALWAYS, testCase=TestCaseDTO[testName=null, id=185]], FeedbackDTO[id=193, text=null, detailText=The class 'Context' was not found within the submission. Make sure to implement it properly., hasLongFeedbackText=false, reference=null, credits=0.0, positive=false, type=AUTOMATIC, visibility=ALWAYS, testCase=TestCaseDTO[testName=null, id=186]], FeedbackDTO[id=194, text=null, detailText=The class 'Context' was not found within the submission. Make sure to implement it properly., hasLongFeedbackText=false, reference=null, credits=0.0, positive=false, type=AUTOMATIC, visibility=ALWAYS, testCase=TestCaseDTO[testName=null, id=187]], FeedbackDTO[id=195, text=null, detailText=The exercise expects a class with the name Policy in the package testpackage. You did not implement the class in the exercise., hasLongFeedbackText=false, reference=null, credits=0.0, positive=false, type=AUTOMATIC, visibility=ALWAYS, testCase=TestCaseDTO[testName=null, id=181]], FeedbackDTO[id=196, text=null, detailText=The exercise expects a class with the name Context in the package testpackage. You did not implement the class in the exercise., hasLongFeedbackText=false, reference=null, credits=0.0, positive=false, type=AUTOMATIC, visibility=ALWAYS, testCase=TestCaseDTO[testName=null, id=177]], FeedbackDTO[id=197, text=null, detailText=The exercise expects a class with the name Policy in the package testpackage. You did not implement the class in the exercise., hasLongFeedbackText=false, reference=null, credits=0.0, positive=false, type=AUTOMATIC, visibility=ALWAYS, testCase=TestCaseDTO[testName=null, id=178]], FeedbackDTO[id=198, text=null, detailText=null, hasLongFeedbackText=false, reference=null, credits=3.230769230769231, positive=true, type=AUTOMATIC, visibility=ALWAYS, testCase=TestCaseDTO[testName=null, id=188]]], assessmentType=AUTOMATIC, hasComplaint=null, exampleResult=null, testCaseCount=13, passedTestCaseCount=1, codeIssueCount=0]], BuildJobQueueItem[id=5031739576604847, name=SHORT00FA1A240403404C7E097D7007C591BE2AB1TSTEXC-LOCALCIINTSTUDENT1, buildAgent=BuildAgentDTO[name=artemis-build-agent-test, memberAddress=[127.0.0.1]:5703, displayName=artemis-build-agent-test], participationId=503, courseId=161, exerciseId=312, retryCount=0, priority=2, status=FAILED, repositoryInfo=RepositoryInfo[repositoryName=short00fa1a240403404c7e097d7007c591be2ab1tstexc-localciintstudent1, repositoryType=user, triggeredByPushTo=user, assignmentRepositoryUri=http://localhost:49152/git/SHORT00FA1A240403404C7E097D7007C591BE2AB1TSTEXC/short00fa1a240403404c7e097d7007c591be2ab1tstexc-localciintstudent1.git, testRepositoryUri=http://localhost:49152/git/SHORT00FA1A240403404C7E097D7007C591BE2AB1TSTEXC/short00fa1a240403404c7e097d7007c591be2ab1tstexc-tests.git, solutionRepositoryUri=null, auxiliaryRepositoryUris=[Ljava.lang.String;@2504d129, auxiliaryRepositoryCheckoutDirectories=[Ljava.lang.String;@1f12c4b3], jobTimingInfo=JobTimingInfo[submissionDate=2025-02-14T23:43:24.847396156Z[Etc/UTC], buildStartDate=2025-02-14T23:43:24.860457211Z[Etc/UTC], buildCompletionDate=2025-02-14T23:43:26.809353681Z[Etc/UTC], estimatedCompletionDate=2025-02-14T23:43:46.860451490Z[Etc/UTC], estimatedDuration=22], buildConfig=BuildConfig[buildScript=#!/bin/bash
cd /var/tmp/testing-dir
chmod +x ./gradlew
./gradlew clean test
, dockerImage=dummy-docker-image:latest, commitHashToBuild=9690714a509af0a98c6790a7e52ee3574c7ef689, assignmentCommitHash=9690714a509af0a98c6790a7e52ee3574c7ef689, testCommitHash=9690714a509af0a98c6790a7e52ee3574c7ef689, branch=main, programmingLanguage=JAVA, projectType=PLAIN_GRADLE, scaEnabled=false, sequentialTestRunsEnabled=false, resultPaths=[/var/tmp/testing-dir/**/test-results/test/*.xml], timeoutSeconds=0, assignmentCheckoutPath=null, testCheckoutPath=null, solutionCheckoutPath=null, dockerRunConfig=null], submissionResult=ResultDTO[id=144, completionDate=2025-02-14T23:43:26.809483684Z[Etc/UTC], successful=false, score=0.0, rated=true, submission=SubmissionDTO[id=133, submitted=true, type=MANUAL, exampleSubmission=null, submissionDate=2025-02-14T23:43:24.841319Z, commitHash=9690714a509af0a98c6790a7e52ee3574c7ef689, buildFailed=true, buildArtifact=false, participation=ParticipationDTO[id=503, testRun=false, type=programming, submissionCount=null, exercise=ParticipationExerciseDTO[id=312, exerciseType=PROGRAMMING, type=programming, assessmentType=AUTOMATIC, dueDate=2025-02-16T23:43:24.571329Z, assessmentDueDate=null, maxPoints=42.0, course=CourseDTO[id=161, accuracyOfScores=1]]], submissionExerciseType=programming, isProcessing=false, buildStartDate=null, estimatedCompletionDate=null], participation=ParticipationDTO[id=503, testRun=false, type=programming, submissionCount=null, exercise=ParticipationExerciseDTO[id=312, exerciseType=PROGRAMMING, type=programming, assessmentType=AUTOMATIC, dueDate=2025-02-16T23:43:24.571329Z, assessmentDueDate=null, maxPoints=42.0, course=CourseDTO[id=161, accuracyOfScores=1]]], feedbacks=[], assessmentType=AUTOMATIC, hasComplaint=null, exampleResult=null, testCaseCount=0, passedTestCaseCount=0, codeIssueCount=0]]], publicSshKey=ssh-rsa AAAAB3NzaC1yc2EAAAADAQABAAACAQCOPdMsxRE2jFJ/UEa5/LsBxtwzJcrh3/rYBCQvcMeVpiRfhzQPWu7mrt/G2Ew+i+vRloGH9aqKg6dd1liRncao53Zmd/ePxoatXePNhmzTfkCkcSkTUz7B+QMjkoDDV5jwuFPD6mF3JkhuzSi64n9Zy905t4w2IhVcjM2mL3eYNjiCXt6Qpq3Pkt7dM/Ksw1nxnvuiIALuJLB3FTkXkHqq3PJav+9HSq2r6ZaWgekneaGxlQlb+U+Vy3XOuArKAzK8c8i+0bR+AHiTG6ncYXt7ax3U+TdlDTF7OLP3umwaYjs1NBXOHwG42pevvpKn2fqavZZozk+M05jXLx3bq0O7itxfErWc7etky8qYPyyIMF/txQIVLd78+Ze4d7Y60t5MGbXM5cGE6fFif5fEJwgswXD+BrG0cafz1CTatjSKFdvp8Vp4VszXhHDan1PrP6JEFJ5Cc5GDmLRZPCFa3vL9f5qXgf4bkqKN8MYeEujwJE5nMRWoiJVNakix2bcrrneQMBlnYeYZVWXXXUusAQBzl4NgddC1umZpihZkL1b1MffZAUW3EGEXi7KHnllQhkTLLsQ8ntMgbylqaJKStqaXlLvdeRJcEnUuiFCrHEVVbXRFZR7XVDZ02CE5o3MuaRPty8Kh+jRTF3COlAckHwYEJCNNJvXFgb2CNXL4mjzYDw== test@localhost]
    23:43:26.988 | 566 localvc.event-13 | DEBUG | a.p.s.l.SharedQueueManagementService : Build agent updated: null

  Starting logs for StudentExamIntegrationTest > testAssessUnsubmittedStudentExams()
    23:43:27.033 | 370 ool-1-worker-134 | DEBUG | d.t.c.a.a.c.u.util.UserUtilService   : Generate 2 students...
    23:43:27.036 | 370 ool-1-worker-134 | DEBUG | d.t.c.a.a.c.u.util.UserUtilService   : 2 students generated. Generate 1 tutors...
    23:43:27.039 | 370 ool-1-worker-134 | DEBUG | d.t.c.a.a.c.u.util.UserUtilService   : 1 tutors generated. Generate 0 editors...
    23:43:27.040 | 370 ool-1-worker-134 | DEBUG | d.t.c.a.a.c.u.util.UserUtilService   : 0 editors generated. Generate 2 instructors...
    23:43:27.044 | 370 ool-1-worker-134 | DEBUG | d.t.c.a.a.c.u.util.UserUtilService   : 2 instructors generated
    23:43:27.046 | 370 ool-1-worker-134 | DEBUG | d.t.c.a.a.c.u.util.UserUtilService   : Removing 5 users from all courses...
    23:43:27.047 | 370 ool-1-worker-134 | DEBUG | d.t.c.a.a.c.u.util.UserUtilService   : Removing 5 users from all courses. Done
    23:43:27.047 | 370 ool-1-worker-134 | DEBUG | d.t.c.a.a.c.u.util.UserUtilService   : Save 5 users to database...
    23:43:27.061 | 370 ool-1-worker-134 | DEBUG | d.t.c.a.a.c.u.util.UserUtilService   : Save 5 users to database. Done
    23:43:27.177 | 370 ool-1-worker-134 | INFO  | i.z.t.d.l.EmbeddedDatabaseReporter   : JDBC URL to connect to 'dataSource': url='jdbc:h2:tcp://localhost:41063/mem:736625c0-cf5e-400d-aeaa-8a7eabd6262b;USER=sa', scope='StudentExamIntegrationTest#testAssessUnsubmittedStudentExams'
    23:43:27.223 | 370 ool-1-worker-134 | DEBUG | d.t.c.a.a.c.s.f.ApiVersionFilter     : Adding Version to Request POST /api/courses/395/exams/793/generate-student-exams
    23:43:27.223 | 370 ool-1-worker-134 | INFO  | d.t.c.a.a.exam.web.ExamResource      : REST request to generate student exams for exam 793
    23:43:27.230 | 370 ool-1-worker-134 | INFO  | d.t.c.a.a.e.s.ExamDeletionService    : User studexaminstructor1 has requested to delete existing student exams and participations for exam Real exam 1
    23:43:27.231 | 370 ool-1-worker-134 | INFO  | d.t.c.a.a.e.s.ParticipationService   : Request to delete all 0 participations of exercise with id : 1243
    23:43:27.232 | 370 ool-1-worker-134 | INFO  | d.t.c.a.a.e.s.ParticipationService   : Request to delete all 0 participations of exercise with id : 1244
    23:43:27.233 | 370 ool-1-worker-134 | INFO  | d.t.c.a.a.e.s.ParticipationService   : Request to delete all 0 participations of exercise with id : 1245
    23:43:27.234 | 370 ool-1-worker-134 | INFO  | d.t.c.a.a.e.s.ParticipationService   : Request to delete all 0 participations of exercise with id : 1246
    23:43:27.236 | 370 ool-1-worker-134 | INFO  | d.t.c.a.a.e.s.ParticipationService   : Request to delete all 0 participations of exercise with id : 1248
    23:43:27.237 | 370 ool-1-worker-134 | INFO  | d.t.c.a.a.e.s.ParticipationService   : Request to delete all 0 participations of exercise with id : 1247
    23:43:27.238 | 370 ool-1-worker-134 | INFO  | d.t.c.a.a.e.s.ParticipationService   : Request to delete all 0 participations of exercise with id : 1249
    23:43:27.239 | 370 ool-1-worker-134 | INFO  | d.t.c.a.a.e.s.ParticipationService   : Request to delete all 0 participations of exercise with id : 1250
    23:43:27.240 | 370 ool-1-worker-134 | INFO  | d.t.c.a.a.e.s.ParticipationService   : Request to delete all 0 participations of exercise with id : 1251
    23:43:27.241 | 370 ool-1-worker-134 | INFO  | d.t.c.a.a.e.s.ParticipationService   : Request to delete all 0 participations of exercise with id : 1252
    23:43:27.242 | 370 ool-1-worker-134 | INFO  | d.t.c.a.a.e.s.ParticipationService   : Request to delete all 0 participations of exercise with id : 1253
    23:43:27.245 | 370 ool-1-worker-134 | INFO  | d.t.c.a.a.exam.web.ExamResource      : Generated 2 student exams in 21.35ms for exam 793
    23:43:27.279 | 370 ool-1-worker-134 | DEBUG | d.t.c.a.a.c.s.f.ApiVersionFilter     : Adding Version to Request POST /api/courses/395/exams/793/student-exams/start-exercises
    23:43:27.286 | 370 ool-1-worker-134 | DEBUG | d.t.c.a.a.exam.service.ExamService   : Finished combination of template commits for programming exercise ProgrammingExercise{id=1253, templateRepositoryUri='https://version-control.fake.fake/git/SHORT817B5BE60D1E0041740BC3C0577CF9F66DAFT77C/short817b5be60d1e0041740bc3c0577cf9f66daft77c-exercise.git', solutionRepositoryUri='https://version-control.fake.fake/git/SHORT817B5BE60D1E0041740BC3C0577CF9F66DAFT77C/short817b5be60d1e0041740bc3c0577cf9f66daft77c-solution.git', templateBuildPlanId='SHORT817B5BE60D1E0041740BC3C0577CF9F66DAFT77C-BASE', solutionBuildPlanId='SHORT817B5BE60D1E0041740BC3C0577CF9F66DAFT77C-SOLUTION', allowOnlineEditor='null', allowOnlineIde='false', programmingLanguage='JAVA', packageName='de.test'', testCasesChanged='false'}
    23:43:27.286 | 370 ool-1-worker-134 | INFO  | d.t.c.a.a.e.web.StudentExamResource  : REST request to start exercises for student exams of exam 793
    23:43:27.300 | 618 ol-3236-thread-1 | INFO  | d.t.c.a.a.e.s.StudentExamService     : SUCCESS: Start exercise for student exam 329 and exercise 1244 and student studexamstudent2
    23:43:27.310 | 619 ol-3236-thread-2 | INFO  | d.t.c.a.a.e.s.StudentExamService     : SUCCESS: Start exercise for student exam 330 and exercise 1244 and student studexamstudent1
    23:43:27.312 | 618 ol-3236-thread-1 | INFO  | d.t.c.a.a.e.s.StudentExamService     : SUCCESS: Start exercise for student exam 329 and exercise 1245 and student studexamstudent2
    23:43:27.320 | 618 ol-3236-thread-1 | INFO  | d.t.c.a.a.e.s.StudentExamService     : SUCCESS: Start exercise for student exam 329 and exercise 1248 and student studexamstudent2
    23:43:27.320 | 619 ol-3236-thread-2 | INFO  | d.t.c.a.a.e.s.StudentExamService     : SUCCESS: Start exercise for student exam 330 and exercise 1245 and student studexamstudent1
    23:43:27.327 | 619 ol-3236-thread-2 | INFO  | d.t.c.a.a.e.s.StudentExamService     : SUCCESS: Start exercise for student exam 330 and exercise 1248 and student studexamstudent1
    23:43:27.327 | 618 ol-3236-thread-1 | INFO  | d.t.c.a.a.e.s.StudentExamService     : SUCCESS: Start exercise for student exam 329 and exercise 1250 and student studexamstudent2
    23:43:27.336 | 618 ol-3236-thread-1 | INFO  | d.t.c.a.a.e.s.StudentExamService     : SUCCESS: Start exercise for student exam 329 and exercise 1251 and student studexamstudent2
    23:43:27.336 | 619 ol-3236-thread-2 | INFO  | d.t.c.a.a.e.s.StudentExamService     : SUCCESS: Start exercise for student exam 330 and exercise 1249 and student studexamstudent1
    23:43:27.343 | 619 ol-3236-thread-2 | INFO  | d.t.c.a.a.e.s.StudentExamService     : SUCCESS: Start exercise for student exam 330 and exercise 1251 and student studexamstudent1
    23:43:27.343 | 618 ol-3236-thread-1 | INFO  | d.t.c.a.a.e.s.StudentExamService     : SUCCESS: Start exercise for student exam 329 and exercise 1252 and student studexamstudent2
    23:43:27.349 | 618 ol-3236-thread-1 | DEBUG | d.t.c.a.a.p.service.GitService       : Cloning from file:/tmp/exerciseOriginRepo9614507877257240393/ to repos/server-integration-test/studentOriginRepo13111018544606317896
    23:43:27.352 | 619 ol-3236-thread-2 | INFO  | d.t.c.a.a.e.s.StudentExamService     : SUCCESS: Start exercise for student exam 330 and exercise 1252 and student studexamstudent1
    23:43:27.355 | 619 ol-3236-thread-2 | DEBUG | d.t.c.a.a.p.service.GitService       : Cloning from file:/tmp/exerciseOriginRepo9614507877257240393/ to repos/server-integration-test/studentOriginRepo12302529233224345690
    23:43:27.376 | 618 ol-3236-thread-1 | ERROR | .a.a.p.s.j.b.JenkinsBuildPlanService : Pipeline Script not found
java.lang.IllegalArgumentException: Pipeline Script not found
	at de.tum.cit.aet.artemis.programming.service.jenkins.build_plan.JenkinsBuildPlanUtils.replaceScriptParameters(JenkinsBuildPlanUtils.java:22)
	at de.tum.cit.aet.artemis.programming.service.jenkins.build_plan.JenkinsBuildPlanService.updateBuildPlanURLs(JenkinsBuildPlanService.java:245)
	at de.tum.cit.aet.artemis.programming.service.jenkins.build_plan.JenkinsBuildPlanService.copyBuildPlan(JenkinsBuildPlanService.java:293)
	at de.tum.cit.aet.artemis.programming.service.jenkins.JenkinsService.copyBuildPlan(JenkinsService.java:128)
	at java.base/java.lang.invoke.MethodHandle.invokeWithArguments(MethodHandle.java:733)
	at org.mockito.internal.util.reflection.InstrumentationMemberAccessor$Dispatcher$ByteBuddy$oog9jsgw.invokeWithArguments(Unknown Source)
	at org.mockito.internal.util.reflection.InstrumentationMemberAccessor.invoke(InstrumentationMemberAccessor.java:251)
	at org.mockito.internal.util.reflection.ModuleMemberAccessor.invoke(ModuleMemberAccessor.java:55)
	at org.mockito.internal.creation.bytebuddy.MockMethodAdvice.tryInvoke(MockMethodAdvice.java:314)
	at org.mockito.internal.creation.bytebuddy.MockMethodAdvice$RealMethodCall.invoke(MockMethodAdvice.java:234)
	at org.mockito.internal.invocation.InterceptedInvocation.callRealMethod(InterceptedInvocation.java:142)
	at org.mockito.internal.stubbing.answers.CallsRealMethods.answer(CallsRealMethods.java:45)
	at org.mockito.Answers.answer(Answers.java:90)
	at org.mockito.internal.handler.MockHandlerImpl.handle(MockHandlerImpl.java:111)
	at org.mockito.internal.handler.NullResultGuardian.handle(NullResultGuardian.java:29)
	at org.mockito.internal.handler.InvocationNotifierHandler.handle(InvocationNotifierHandler.java:34)
	at org.mockito.internal.creation.bytebuddy.MockMethodInterceptor.doIntercept(MockMethodInterceptor.java:82)
	at org.mockito.internal.creation.bytebuddy.MockMethodAdvice.handle(MockMethodAdvice.java:134)
	at de.tum.cit.aet.artemis.programming.service.jenkins.JenkinsService.copyBuildPlan(JenkinsService.java:126)
	at de.tum.cit.aet.artemis.exercise.service.ParticipationService.copyBuildPlan(ParticipationService.java:518)
	at de.tum.cit.aet.artemis.exercise.service.ParticipationService.startProgrammingParticipation(ParticipationService.java:296)
	at de.tum.cit.aet.artemis.exercise.service.ParticipationService.startProgrammingExercise(ParticipationService.java:265)
	at de.tum.cit.aet.artemis.exercise.service.ParticipationService.startExerciseWithInitializationDate(ParticipationService.java:192)
	at de.tum.cit.aet.artemis.exercise.service.ParticipationService.startExercise(ParticipationService.java:151)
	at de.tum.cit.aet.artemis.exam.service.StudentExamService.setUpExerciseParticipationsAndSubmissionsWithInitializationDate(StudentExamService.java:686)
	at de.tum.cit.aet.artemis.exam.service.StudentExamService.setUpExerciseParticipationsAndSubmissions(StudentExamService.java:800)
	at de.tum.cit.aet.artemis.exam.service.StudentExamService.lambda$startExercises$15(StudentExamService.java:735)
	at java.base/java.util.concurrent.CompletableFuture$AsyncRun.run(CompletableFuture.java:1804)
	at java.base/java.util.concurrent.ThreadPoolExecutor.runWorker(ThreadPoolExecutor.java:1144)
	at java.base/java.util.concurrent.ThreadPoolExecutor$Worker.run(ThreadPoolExecutor.java:642)
	at java.base/java.lang.Thread.run(Thread.java:1583)
    23:43:27.382 | 618 ol-3236-thread-1 | ERROR | .a.a.p.s.j.b.JenkinsBuildPlanService : Pipeline Script not found
java.lang.IllegalArgumentException: Pipeline Script not found
	at de.tum.cit.aet.artemis.programming.service.jenkins.build_plan.JenkinsBuildPlanUtils.replaceScriptParameters(JenkinsBuildPlanUtils.java:29)
	at de.tum.cit.aet.artemis.programming.service.jenkins.build_plan.JenkinsBuildPlanService.updateBuildPlanRepositories(JenkinsBuildPlanService.java:219)
	at de.tum.cit.aet.artemis.programming.service.jenkins.build_plan.JenkinsBuildPlanService.configureBuildPlanForParticipation(JenkinsBuildPlanService.java:196)
	at de.tum.cit.aet.artemis.programming.service.jenkins.JenkinsService.configureBuildPlan(JenkinsService.java:138)
	at java.base/java.lang.invoke.MethodHandle.invokeWithArguments(MethodHandle.java:733)
	at org.mockito.internal.util.reflection.InstrumentationMemberAccessor$Dispatcher$ByteBuddy$oog9jsgw.invokeWithArguments(Unknown Source)
	at org.mockito.internal.util.reflection.InstrumentationMemberAccessor.invoke(InstrumentationMemberAccessor.java:251)
	at org.mockito.internal.util.reflection.ModuleMemberAccessor.invoke(ModuleMemberAccessor.java:55)
	at org.mockito.internal.creation.bytebuddy.MockMethodAdvice.tryInvoke(MockMethodAdvice.java:314)
	at org.mockito.internal.creation.bytebuddy.MockMethodAdvice$RealMethodCall.invoke(MockMethodAdvice.java:234)
	at org.mockito.internal.invocation.InterceptedInvocation.callRealMethod(InterceptedInvocation.java:142)
	at org.mockito.internal.stubbing.answers.CallsRealMethods.answer(CallsRealMethods.java:45)
	at org.mockito.Answers.answer(Answers.java:90)
	at org.mockito.internal.handler.MockHandlerImpl.handle(MockHandlerImpl.java:111)
	at org.mockito.internal.handler.NullResultGuardian.handle(NullResultGuardian.java:29)
	at org.mockito.internal.handler.InvocationNotifierHandler.handle(InvocationNotifierHandler.java:34)
	at org.mockito.internal.creation.bytebuddy.MockMethodInterceptor.doIntercept(MockMethodInterceptor.java:82)
	at org.mockito.internal.creation.bytebuddy.MockMethodAdvice.handle(MockMethodAdvice.java:134)
	at de.tum.cit.aet.artemis.programming.service.jenkins.JenkinsService.configureBuildPlan(JenkinsService.java:138)
	at de.tum.cit.aet.artemis.exercise.service.ParticipationService.configureBuildPlan(ParticipationService.java:532)
	at de.tum.cit.aet.artemis.exercise.service.ParticipationService.startProgrammingParticipation(ParticipationService.java:298)
	at de.tum.cit.aet.artemis.exercise.service.ParticipationService.startProgrammingExercise(ParticipationService.java:265)
	at de.tum.cit.aet.artemis.exercise.service.ParticipationService.startExerciseWithInitializationDate(ParticipationService.java:192)
	at de.tum.cit.aet.artemis.exercise.service.ParticipationService.startExercise(ParticipationService.java:151)
	at de.tum.cit.aet.artemis.exam.service.StudentExamService.setUpExerciseParticipationsAndSubmissionsWithInitializationDate(StudentExamService.java:686)
	at de.tum.cit.aet.artemis.exam.service.StudentExamService.setUpExerciseParticipationsAndSubmissions(StudentExamService.java:800)
	at de.tum.cit.aet.artemis.exam.service.StudentExamService.lambda$startExercises$15(StudentExamService.java:735)
	at java.base/java.util.concurrent.CompletableFuture$AsyncRun.run(CompletableFuture.java:1804)
	at java.base/java.util.concurrent.ThreadPoolExecutor.runWorker(ThreadPoolExecutor.java:1144)
	at java.base/java.util.concurrent.ThreadPoolExecutor$Worker.run(ThreadPoolExecutor.java:642)
	at java.base/java.lang.Thread.run(Thread.java:1583)
    23:43:27.382 | 619 ol-3236-thread-2 | ERROR | .a.a.p.s.j.b.JenkinsBuildPlanService : Pipeline Script not found
java.lang.IllegalArgumentException: Pipeline Script not found
	at de.tum.cit.aet.artemis.programming.service.jenkins.build_plan.JenkinsBuildPlanUtils.replaceScriptParameters(JenkinsBuildPlanUtils.java:22)
	at de.tum.cit.aet.artemis.programming.service.jenkins.build_plan.JenkinsBuildPlanService.updateBuildPlanURLs(JenkinsBuildPlanService.java:245)
	at de.tum.cit.aet.artemis.programming.service.jenkins.build_plan.JenkinsBuildPlanService.copyBuildPlan(JenkinsBuildPlanService.java:293)
	at de.tum.cit.aet.artemis.programming.service.jenkins.JenkinsService.copyBuildPlan(JenkinsService.java:128)
	at java.base/java.lang.invoke.MethodHandle.invokeWithArguments(MethodHandle.java:733)
	at org.mockito.internal.util.reflection.InstrumentationMemberAccessor$Dispatcher$ByteBuddy$oog9jsgw.invokeWithArguments(Unknown Source)
	at org.mockito.internal.util.reflection.InstrumentationMemberAccessor.invoke(InstrumentationMemberAccessor.java:251)
	at org.mockito.internal.util.reflection.ModuleMemberAccessor.invoke(ModuleMemberAccessor.java:55)
	at org.mockito.internal.creation.bytebuddy.MockMethodAdvice.tryInvoke(MockMethodAdvice.java:314)
	at org.mockito.internal.creation.bytebuddy.MockMethodAdvice$RealMethodCall.invoke(MockMethodAdvice.java:234)
	at org.mockito.internal.invocation.InterceptedInvocation.callRealMethod(InterceptedInvocation.java:142)
	at org.mockito.internal.stubbing.answers.CallsRealMethods.answer(CallsRealMethods.java:45)
	at org.mockito.Answers.answer(Answers.java:90)
	at org.mockito.internal.handler.MockHandlerImpl.handle(MockHandlerImpl.java:111)
	at org.mockito.internal.handler.NullResultGuardian.handle(NullResultGuardian.java:29)
	at org.mockito.internal.handler.InvocationNotifierHandler.handle(InvocationNotifierHandler.java:34)
	at org.mockito.internal.creation.bytebuddy.MockMethodInterceptor.doIntercept(MockMethodInterceptor.java:82)
	at org.mockito.internal.creation.bytebuddy.MockMethodAdvice.handle(MockMethodAdvice.java:134)
	at de.tum.cit.aet.artemis.programming.service.jenkins.JenkinsService.copyBuildPlan(JenkinsService.java:126)
	at de.tum.cit.aet.artemis.exercise.service.ParticipationService.copyBuildPlan(ParticipationService.java:518)
	at de.tum.cit.aet.artemis.exercise.service.ParticipationService.startProgrammingParticipation(ParticipationService.java:296)
	at de.tum.cit.aet.artemis.exercise.service.ParticipationService.startProgrammingExercise(ParticipationService.java:265)
	at de.tum.cit.aet.artemis.exercise.service.ParticipationService.startExerciseWithInitializationDate(ParticipationService.java:192)
	at de.tum.cit.aet.artemis.exercise.service.ParticipationService.startExercise(ParticipationService.java:151)
	at de.tum.cit.aet.artemis.exam.service.StudentExamService.setUpExerciseParticipationsAndSubmissionsWithInitializationDate(StudentExamService.java:686)
	at de.tum.cit.aet.artemis.exam.service.StudentExamService.setUpExerciseParticipationsAndSubmissions(StudentExamService.java:800)
	at de.tum.cit.aet.artemis.exam.service.StudentExamService.lambda$startExercises$15(StudentExamService.java:735)
	at java.base/java.util.concurrent.CompletableFuture$AsyncRun.run(CompletableFuture.java:1804)
	at java.base/java.util.concurrent.ThreadPoolExecutor.runWorker(ThreadPoolExecutor.java:1144)
	at java.base/java.util.concurrent.ThreadPoolExecutor$Worker.run(ThreadPoolExecutor.java:642)
	at java.base/java.lang.Thread.run(Thread.java:1583)
    23:43:27.388 | 618 ol-3236-thread-1 | INFO  | d.t.c.a.a.e.s.StudentExamService     : SUCCESS: Start exercise for student exam 329 and exercise 1253 and student studexamstudent2
    23:43:27.388 | 619 ol-3236-thread-2 | ERROR | .a.a.p.s.j.b.JenkinsBuildPlanService : Pipeline Script not found
java.lang.IllegalArgumentException: Pipeline Script not found
	at de.tum.cit.aet.artemis.programming.service.jenkins.build_plan.JenkinsBuildPlanUtils.replaceScriptParameters(JenkinsBuildPlanUtils.java:29)
	at de.tum.cit.aet.artemis.programming.service.jenkins.build_plan.JenkinsBuildPlanService.updateBuildPlanRepositories(JenkinsBuildPlanService.java:219)
	at de.tum.cit.aet.artemis.programming.service.jenkins.build_plan.JenkinsBuildPlanService.configureBuildPlanForParticipation(JenkinsBuildPlanService.java:196)
	at de.tum.cit.aet.artemis.programming.service.jenkins.JenkinsService.configureBuildPlan(JenkinsService.java:138)
	at java.base/java.lang.invoke.MethodHandle.invokeWithArguments(MethodHandle.java:733)
	at org.mockito.internal.util.reflection.InstrumentationMemberAccessor$Dispatcher$ByteBuddy$oog9jsgw.invokeWithArguments(Unknown Source)
	at org.mockito.internal.util.reflection.InstrumentationMemberAccessor.invoke(InstrumentationMemberAccessor.java:251)
	at org.mockito.internal.util.reflection.ModuleMemberAccessor.invoke(ModuleMemberAccessor.java:55)
	at org.mockito.internal.creation.bytebuddy.MockMethodAdvice.tryInvoke(MockMethodAdvice.java:314)
	at org.mockito.internal.creation.bytebuddy.MockMethodAdvice$RealMethodCall.invoke(MockMethodAdvice.java:234)
	at org.mockito.internal.invocation.InterceptedInvocation.callRealMethod(InterceptedInvocation.java:142)
	at org.mockito.internal.stubbing.answers.CallsRealMethods.answer(CallsRealMethods.java:45)
	at org.mockito.Answers.answer(Answers.java:90)
	at org.mockito.internal.handler.MockHandlerImpl.handle(MockHandlerImpl.java:111)
	at org.mockito.internal.handler.NullResultGuardian.handle(NullResultGuardian.java:29)
	at org.mockito.internal.handler.InvocationNotifierHandler.handle(InvocationNotifierHandler.java:34)
	at org.mockito.internal.creation.bytebuddy.MockMethodInterceptor.doIntercept(MockMethodInterceptor.java:82)
	at org.mockito.internal.creation.bytebuddy.MockMethodAdvice.handle(MockMethodAdvice.java:134)
	at de.tum.cit.aet.artemis.programming.service.jenkins.JenkinsService.configureBuildPlan(JenkinsService.java:138)
	at de.tum.cit.aet.artemis.exercise.service.ParticipationService.configureBuildPlan(ParticipationService.java:532)
	at de.tum.cit.aet.artemis.exercise.service.ParticipationService.startProgrammingParticipation(ParticipationService.java:298)
	at de.tum.cit.aet.artemis.exercise.service.ParticipationService.startProgrammingExercise(ParticipationService.java:265)
	at de.tum.cit.aet.artemis.exercise.service.ParticipationService.startExerciseWithInitializationDate(ParticipationService.java:192)
	at de.tum.cit.aet.artemis.exercise.service.ParticipationService.startExercise(ParticipationService.java:151)
	at de.tum.cit.aet.artemis.exam.service.StudentExamService.setUpExerciseParticipationsAndSubmissionsWithInitializationDate(StudentExamService.java:686)
	at de.tum.cit.aet.artemis.exam.service.StudentExamService.setUpExerciseParticipationsAndSubmissions(StudentExamService.java:800)
	at de.tum.cit.aet.artemis.exam.service.StudentExamService.lambda$startExercises$15(StudentExamService.java:735)
	at java.base/java.util.concurrent.CompletableFuture$AsyncRun.run(CompletableFuture.java:1804)
	at java.base/java.util.concurrent.ThreadPoolExecutor.runWorker(ThreadPoolExecutor.java:1144)
	at java.base/java.util.concurrent.ThreadPoolExecutor$Worker.run(ThreadPoolExecutor.java:642)
	at java.base/java.lang.Thread.run(Thread.java:1583)
    23:43:27.394 | 619 ol-3236-thread-2 | INFO  | d.t.c.a.a.e.s.StudentExamService     : SUCCESS: Start exercise for student exam 330 and exercise 1253 and student studexamstudent1
    23:43:27.395 | 370 ool-1-worker-134 | INFO  | d.t.c.a.a.e.web.StudentExamResource  : Generated 14 participations in 115.74ms for student exams of exam 793
    23:43:27.397 | 370 ool-1-worker-134 | DEBUG | d.t.c.a.a.c.s.f.ApiVersionFilter     : Adding Version to Request GET /api/courses/395/exams/793/student-exams/start-exercises/status
    23:43:27.401 | 370 ool-1-worker-134 | DEBUG | d.t.c.a.a.c.s.f.ApiVersionFilter     : Adding Version to Request POST /api/courses/395/exams/793/student-exams/assess-unsubmitted-and-empty-student-exams
    23:43:27.402 | 370 ool-1-worker-134 | INFO  | d.t.c.a.a.e.web.StudentExamResource  : REST request to automatically assess the not submitted student exams of the exam with id 793
    23:43:27.407 | 370 ool-1-worker-134 | DEBUG | .c.s.m.InstanceMessageReceiveService : Received schedule participant score for exercise 1244 and participant 672 (result to be deleted: null)
    23:43:27.407 | 370 ool-1-worker-134 | DEBUG | .a.s.ParticipantScoreScheduleService : Scheduled task for exercise 1244 and participant 672 at 2025-02-14T23:43:27.507189392Z[Etc/UTC].
    23:43:27.410 | 370 ool-1-worker-134 | DEBUG | .c.s.m.InstanceMessageReceiveService : Received schedule participant score for exercise 1244 and participant 672 (result to be deleted: null)
    23:43:27.410 | 370 ool-1-worker-134 | DEBUG | .a.s.ParticipantScoreScheduleService : Scheduled task for exercise 1244 and participant 672 at 2025-02-14T23:43:27.510523920Z[Etc/UTC].
    23:43:27.414 | 370 ool-1-worker-134 | DEBUG | .c.s.m.InstanceMessageReceiveService : Received schedule participant score for exercise 1244 and participant 672 (result to be deleted: null)
    23:43:27.414 | 370 ool-1-worker-134 | DEBUG | .a.s.ParticipantScoreScheduleService : Scheduled task for exercise 1244 and participant 672 at 2025-02-14T23:43:27.514369040Z[Etc/UTC].
    23:43:27.414 | 370 ool-1-worker-134 | DEBUG | .c.s.m.InstanceMessageReceiveService : Received schedule participant score for exercise 1244 and participant 672 (result to be deleted: null)
    23:43:27.414 | 370 ool-1-worker-134 | DEBUG | .a.s.ParticipantScoreScheduleService : Scheduled task for exercise 1244 and participant 672 at 2025-02-14T23:43:27.514991732Z[Etc/UTC].
    23:43:27.419 | 370 ool-1-worker-134 | DEBUG | .c.s.m.InstanceMessageReceiveService : Received schedule participant score for exercise 1244 and participant 672 (result to be deleted: null)
    23:43:27.419 | 370 ool-1-worker-134 | DEBUG | .a.s.ParticipantScoreScheduleService : Scheduled task for exercise 1244 and participant 672 at 2025-02-14T23:43:27.519936072Z[Etc/UTC].
    23:43:27.420 | 370 ool-1-worker-134 | DEBUG | .c.s.m.InstanceMessageReceiveService : Received schedule participant score for exercise 1244 and participant 672 (result to be deleted: null)
    23:43:27.420 | 370 ool-1-worker-134 | DEBUG | .a.s.ParticipantScoreScheduleService : Scheduled task for exercise 1244 and participant 672 at 2025-02-14T23:43:27.520068429Z[Etc/UTC].
    23:43:27.423 | 370 ool-1-worker-134 | DEBUG | .c.s.m.InstanceMessageReceiveService : Received schedule participant score for exercise 1244 and participant 672 (result to be deleted: null)
    23:43:27.423 | 370 ool-1-worker-134 | DEBUG | .a.s.ParticipantScoreScheduleService : Scheduled task for exercise 1244 and participant 672 at 2025-02-14T23:43:27.523871922Z[Etc/UTC].
    23:43:27.424 | 370 ool-1-worker-134 | DEBUG | .c.s.m.InstanceMessageReceiveService : Received schedule participant score for exercise 1248 and participant 672 (result to be deleted: null)
    23:43:27.424 | 370 ool-1-worker-134 | DEBUG | .a.s.ParticipantScoreScheduleService : Scheduled task for exercise 1248 and participant 672 at 2025-02-14T23:43:27.524510002Z[Etc/UTC].
    23:43:27.427 | 370 ool-1-worker-134 | DEBUG | .c.s.m.InstanceMessageReceiveService : Received schedule participant score for exercise 1248 and participant 672 (result to be deleted: null)
    23:43:27.427 | 370 ool-1-worker-134 | DEBUG | .a.s.ParticipantScoreScheduleService : Scheduled task for exercise 1248 and participant 672 at 2025-02-14T23:43:27.527952963Z[Etc/UTC].
    23:43:27.431 | 370 ool-1-worker-134 | DEBUG | .c.s.m.InstanceMessageReceiveService : Received schedule participant score for exercise 1248 and participant 672 (result to be deleted: null)
    23:43:27.431 | 370 ool-1-worker-134 | DEBUG | .a.s.ParticipantScoreScheduleService : Scheduled task for exercise 1248 and participant 672 at 2025-02-14T23:43:27.531838108Z[Etc/UTC].
    23:43:27.432 | 370 ool-1-worker-134 | DEBUG | .c.s.m.InstanceMessageReceiveService : Received schedule participant score for exercise 1248 and participant 672 (result to be deleted: null)
    23:43:27.432 | 370 ool-1-worker-134 | DEBUG | .a.s.ParticipantScoreScheduleService : Scheduled task for exercise 1248 and participant 672 at 2025-02-14T23:43:27.532459006Z[Etc/UTC].
    23:43:27.438 | 370 ool-1-worker-134 | DEBUG | .c.s.m.InstanceMessageReceiveService : Received schedule participant score for exercise 1248 and participant 672 (result to be deleted: null)
    23:43:27.438 | 370 ool-1-worker-134 | DEBUG | .a.s.ParticipantScoreScheduleService : Scheduled task for exercise 1248 and participant 672 at 2025-02-14T23:43:27.538520639Z[Etc/UTC].
    23:43:27.438 | 370 ool-1-worker-134 | DEBUG | .c.s.m.InstanceMessageReceiveService : Received schedule participant score for exercise 1248 and participant 672 (result to be deleted: null)
    23:43:27.438 | 370 ool-1-worker-134 | DEBUG | .a.s.ParticipantScoreScheduleService : Scheduled task for exercise 1248 and participant 672 at 2025-02-14T23:43:27.538642386Z[Etc/UTC].
    23:43:27.442 | 370 ool-1-worker-134 | DEBUG | .c.s.m.InstanceMessageReceiveService : Received schedule participant score for exercise 1248 and participant 672 (result to be deleted: null)
    23:43:27.443 | 370 ool-1-worker-134 | DEBUG | .a.s.ParticipantScoreScheduleService : Scheduled task for exercise 1248 and participant 672 at 2025-02-14T23:43:27.543020301Z[Etc/UTC].
    23:43:27.443 | 370 ool-1-worker-134 | DEBUG | .c.s.m.InstanceMessageReceiveService : Received schedule participant score for exercise 1250 and participant 672 (result to be deleted: null)
    23:43:27.443 | 370 ool-1-worker-134 | DEBUG | .a.s.ParticipantScoreScheduleService : Scheduled task for exercise 1250 and participant 672 at 2025-02-14T23:43:27.543716930Z[Etc/UTC].
    23:43:27.449 | 370 ool-1-worker-134 | DEBUG | .c.s.m.InstanceMessageReceiveService : Received schedule participant score for exercise 1250 and participant 672 (result to be deleted: null)
    23:43:27.449 | 370 ool-1-worker-134 | DEBUG | .a.s.ParticipantScoreScheduleService : Scheduled task for exercise 1250 and participant 672 at 2025-02-14T23:43:27.549985269Z[Etc/UTC].
    23:43:27.455 | 370 ool-1-worker-134 | DEBUG | .c.s.m.InstanceMessageReceiveService : Received schedule participant score for exercise 1250 and participant 672 (result to be deleted: null)
    23:43:27.455 | 370 ool-1-worker-134 | DEBUG | .a.s.ParticipantScoreScheduleService : Scheduled task for exercise 1250 and participant 672 at 2025-02-14T23:43:27.555563392Z[Etc/UTC].
    23:43:27.456 | 370 ool-1-worker-134 | DEBUG | .c.s.m.InstanceMessageReceiveService : Received schedule participant score for exercise 1250 and participant 672 (result to be deleted: null)
    23:43:27.456 | 370 ool-1-worker-134 | DEBUG | .a.s.ParticipantScoreScheduleService : Scheduled task for exercise 1250 and participant 672 at 2025-02-14T23:43:27.556459853Z[Etc/UTC].
    23:43:27.463 | 370 ool-1-worker-134 | DEBUG | .c.s.m.InstanceMessageReceiveService : Received schedule participant score for exercise 1250 and participant 672 (result to be deleted: null)
    23:43:27.463 | 370 ool-1-worker-134 | DEBUG | .a.s.ParticipantScoreScheduleService : Scheduled task for exercise 1250 and participant 672 at 2025-02-14T23:43:27.563543804Z[Etc/UTC].
    23:43:27.463 | 370 ool-1-worker-134 | DEBUG | .c.s.m.InstanceMessageReceiveService : Received schedule participant score for exercise 1250 and participant 672 (result to be deleted: null)
    23:43:27.463 | 370 ool-1-worker-134 | DEBUG | .a.s.ParticipantScoreScheduleService : Scheduled task for exercise 1250 and participant 672 at 2025-02-14T23:43:27.563733588Z[Etc/UTC].
    23:43:27.469 | 370 ool-1-worker-134 | DEBUG | .c.s.m.InstanceMessageReceiveService : Received schedule participant score for exercise 1250 and participant 672 (result to be deleted: null)
    23:43:27.469 | 370 ool-1-worker-134 | DEBUG | .a.s.ParticipantScoreScheduleService : Scheduled task for exercise 1250 and participant 672 at 2025-02-14T23:43:27.569634332Z[Etc/UTC].
    23:43:27.470 | 370 ool-1-worker-134 | DEBUG | .c.s.m.InstanceMessageReceiveService : Received schedule participant score for exercise 1251 and participant 672 (result to be deleted: null)
    23:43:27.470 | 370 ool-1-worker-134 | DEBUG | .a.s.ParticipantScoreScheduleService : Scheduled task for exercise 1251 and participant 672 at 2025-02-14T23:43:27.570617535Z[Etc/UTC].
    23:43:27.477 | 370 ool-1-worker-134 | DEBUG | .c.s.m.InstanceMessageReceiveService : Received schedule participant score for exercise 1251 and participant 672 (result to be deleted: null)
    23:43:27.477 | 370 ool-1-worker-134 | DEBUG | .a.s.ParticipantScoreScheduleService : Scheduled task for exercise 1251 and participant 672 at 2025-02-14T23:43:27.577214668Z[Etc/UTC].
    23:43:27.482 | 370 ool-1-worker-134 | DEBUG | .c.s.m.InstanceMessageReceiveService : Received schedule participant score for exercise 1251 and participant 672 (result to be deleted: null)
    23:43:27.482 | 370 ool-1-worker-134 | DEBUG | .a.s.ParticipantScoreScheduleService : Scheduled task for exercise 1251 and participant 672 at 2025-02-14T23:43:27.582936538Z[Etc/UTC].
    23:43:27.483 | 370 ool-1-worker-134 | DEBUG | .c.s.m.InstanceMessageReceiveService : Received schedule participant score for exercise 1251 and participant 672 (result to be deleted: null)
    23:43:27.483 | 370 ool-1-worker-134 | DEBUG | .a.s.ParticipantScoreScheduleService : Scheduled task for exercise 1251 and participant 672 at 2025-02-14T23:43:27.583814856Z[Etc/UTC].
    23:43:27.490 | 370 ool-1-worker-134 | DEBUG | .c.s.m.InstanceMessageReceiveService : Received schedule participant score for exercise 1251 and participant 672 (result to be deleted: null)
    23:43:27.490 | 370 ool-1-worker-134 | DEBUG | .a.s.ParticipantScoreScheduleService : Scheduled task for exercise 1251 and participant 672 at 2025-02-14T23:43:27.590963627Z[Etc/UTC].
    23:43:27.491 | 370 ool-1-worker-134 | DEBUG | .c.s.m.InstanceMessageReceiveService : Received schedule participant score for exercise 1251 and participant 672 (result to be deleted: null)
    23:43:27.491 | 370 ool-1-worker-134 | DEBUG | .a.s.ParticipantScoreScheduleService : Scheduled task for exercise 1251 and participant 672 at 2025-02-14T23:43:27.591162378Z[Etc/UTC].
    23:43:27.496 | 370 ool-1-worker-134 | DEBUG | .c.s.m.InstanceMessageReceiveService : Received schedule participant score for exercise 1251 and participant 672 (result to be deleted: null)
    23:43:27.496 | 370 ool-1-worker-134 | DEBUG | .a.s.ParticipantScoreScheduleService : Scheduled task for exercise 1251 and participant 672 at 2025-02-14T23:43:27.596584880Z[Etc/UTC].
    23:43:27.497 | 370 ool-1-worker-134 | DEBUG | .c.s.m.InstanceMessageReceiveService : Received schedule participant score for exercise 1252 and participant 672 (result to be deleted: null)
    23:43:27.497 | 370 ool-1-worker-134 | DEBUG | .a.s.ParticipantScoreScheduleService : Scheduled task for exercise 1252 and participant 672 at 2025-02-14T23:43:27.597401863Z[Etc/UTC].
    23:43:27.502 | 370 ool-1-worker-134 | DEBUG | .c.s.m.InstanceMessageReceiveService : Received schedule participant score for exercise 1252 and participant 672 (result to be deleted: null)
    23:43:27.502 | 370 ool-1-worker-134 | DEBUG | .a.s.ParticipantScoreScheduleService : Scheduled task for exercise 1252 and participant 672 at 2025-02-14T23:43:27.602308343Z[Etc/UTC].
    23:43:27.508 | 370 ool-1-worker-134 | DEBUG | .c.s.m.InstanceMessageReceiveService : Received schedule participant score for exercise 1252 and participant 672 (result to be deleted: null)
    23:43:27.508 | 370 ool-1-worker-134 | DEBUG | .a.s.ParticipantScoreScheduleService : Scheduled task for exercise 1252 and participant 672 at 2025-02-14T23:43:27.608066351Z[Etc/UTC].
    23:43:27.508 | 370 ool-1-worker-134 | DEBUG | .c.s.m.InstanceMessageReceiveService : Received schedule participant score for exercise 1252 and participant 672 (result to be deleted: null)
    23:43:27.508 | 370 ool-1-worker-134 | DEBUG | .a.s.ParticipantScoreScheduleService : Scheduled task for exercise 1252 and participant 672 at 2025-02-14T23:43:27.608966901Z[Etc/UTC].
    23:43:27.516 | 370 ool-1-worker-134 | DEBUG | .c.s.m.InstanceMessageReceiveService : Received schedule participant score for exercise 1252 and participant 672 (result to be deleted: null)
    23:43:27.516 | 370 ool-1-worker-134 | DEBUG | .a.s.ParticipantScoreScheduleService : Scheduled task for exercise 1252 and participant 672 at 2025-02-14T23:43:27.616633968Z[Etc/UTC].
    23:43:27.516 | 370 ool-1-worker-134 | DEBUG | .c.s.m.InstanceMessageReceiveService : Received schedule participant score for exercise 1252 and participant 672 (result to be deleted: null)
    23:43:27.516 | 370 ool-1-worker-134 | DEBUG | .a.s.ParticipantScoreScheduleService : Scheduled task for exercise 1252 and participant 672 at 2025-02-14T23:43:27.616801561Z[Etc/UTC].
    23:43:27.522 | 370 ool-1-worker-134 | DEBUG | .c.s.m.InstanceMessageReceiveService : Received schedule participant score for exercise 1252 and participant 672 (result to be deleted: null)
    23:43:27.522 | 370 ool-1-worker-134 | DEBUG | .a.s.ParticipantScoreScheduleService : Scheduled task for exercise 1252 and participant 672 at 2025-02-14T23:43:27.622667770Z[Etc/UTC].
    23:43:27.523 | 327 taskScheduler-2  | DEBUG | .a.s.ParticipantScoreScheduleService : Processing exercise 1244 and participant 672 to update participant scores.
    23:43:27.527 | 370 ool-1-worker-134 | DEBUG | .c.s.m.InstanceMessageReceiveService : Received schedule participant score for exercise 1253 and participant 672 (result to be deleted: null)
    23:43:27.527 | 370 ool-1-worker-134 | DEBUG | .a.s.ParticipantScoreScheduleService : Scheduled task for exercise 1253 and participant 672 at 2025-02-14T23:43:27.627879427Z[Etc/UTC].
    23:43:27.529 | 327 taskScheduler-2  | DEBUG | .a.s.ParticipantScoreScheduleService : Updated participant score 205.
    23:43:27.529 | 327 taskScheduler-2  | DEBUG | .a.s.ParticipantScoreScheduleService : Updating the participant score for exercise 1244 and participant 672 took 6 ms.
    23:43:27.534 | 370 ool-1-worker-134 | DEBUG | .c.s.m.InstanceMessageReceiveService : Received schedule participant score for exercise 1253 and participant 672 (result to be deleted: null)
    23:43:27.534 | 370 ool-1-worker-134 | DEBUG | .a.s.ParticipantScoreScheduleService : Scheduled task for exercise 1253 and participant 672 at 2025-02-14T23:43:27.634198150Z[Etc/UTC].
    23:43:27.539 | 370 ool-1-worker-134 | DEBUG | .c.s.m.InstanceMessageReceiveService : Received schedule participant score for exercise 1253 and participant 672 (result to be deleted: null)
    23:43:27.539 | 370 ool-1-worker-134 | DEBUG | .a.s.ParticipantScoreScheduleService : Scheduled task for exercise 1253 and participant 672 at 2025-02-14T23:43:27.639645148Z[Etc/UTC].
    23:43:27.540 | 370 ool-1-worker-134 | DEBUG | .c.s.m.InstanceMessageReceiveService : Received schedule participant score for exercise 1253 and participant 672 (result to be deleted: null)
    23:43:27.540 | 370 ool-1-worker-134 | DEBUG | .a.s.ParticipantScoreScheduleService : Scheduled task for exercise 1253 and participant 672 at 2025-02-14T23:43:27.640511965Z[Etc/UTC].
    23:43:27.543 | 329 taskScheduler-4  | DEBUG | .a.s.ParticipantScoreScheduleService : Processing exercise 1248 and participant 672 to update participant scores.
    23:43:27.547 | 329 taskScheduler-4  | DEBUG | .a.s.ParticipantScoreScheduleService : Updated participant score 206.
    23:43:27.547 | 329 taskScheduler-4  | DEBUG | .a.s.ParticipantScoreScheduleService : Updating the participant score for exercise 1248 and participant 672 took 4 ms.
    23:43:27.548 | 370 ool-1-worker-134 | DEBUG | .c.s.m.InstanceMessageReceiveService : Received schedule participant score for exercise 1253 and participant 672 (result to be deleted: null)
    23:43:27.548 | 370 ool-1-worker-134 | DEBUG | .a.s.ParticipantScoreScheduleService : Scheduled task for exercise 1253 and participant 672 at 2025-02-14T23:43:27.648744527Z[Etc/UTC].
    23:43:27.548 | 370 ool-1-worker-134 | DEBUG | .c.s.m.InstanceMessageReceiveService : Received schedule participant score for exercise 1253 and participant 672 (result to be deleted: null)
    23:43:27.548 | 370 ool-1-worker-134 | DEBUG | .a.s.ParticipantScoreScheduleService : Scheduled task for exercise 1253 and participant 672 at 2025-02-14T23:43:27.648884307Z[Etc/UTC].
    23:43:27.552 | 370 ool-1-worker-134 | DEBUG | .c.s.m.InstanceMessageReceiveService : Received schedule participant score for exercise 1253 and participant 672 (result to be deleted: null)
    23:43:27.552 | 370 ool-1-worker-134 | DEBUG | .a.s.ParticipantScoreScheduleService : Scheduled task for exercise 1253 and participant 672 at 2025-02-14T23:43:27.652775604Z[Etc/UTC].
    23:43:27.554 | 370 ool-1-worker-134 | DEBUG | .c.s.m.InstanceMessageReceiveService : Received schedule participant score for exercise 1244 and participant 671 (result to be deleted: null)
    23:43:27.554 | 370 ool-1-worker-134 | DEBUG | .a.s.ParticipantScoreScheduleService : Scheduled task for exercise 1244 and participant 671 at 2025-02-14T23:43:27.654767789Z[Etc/UTC].
    23:43:27.559 | 370 ool-1-worker-134 | DEBUG | .c.s.m.InstanceMessageReceiveService : Received schedule participant score for exercise 1244 and participant 671 (result to be deleted: null)
    23:43:27.559 | 370 ool-1-worker-134 | DEBUG | .a.s.ParticipantScoreScheduleService : Scheduled task for exercise 1244 and participant 671 at 2025-02-14T23:43:27.659076394Z[Etc/UTC].
    23:43:27.565 | 370 ool-1-worker-134 | DEBUG | .c.s.m.InstanceMessageReceiveService : Received schedule participant score for exercise 1244 and participant 671 (result to be deleted: null)
    23:43:27.565 | 370 ool-1-worker-134 | DEBUG | .a.s.ParticipantScoreScheduleService : Scheduled task for exercise 1244 and participant 671 at 2025-02-14T23:43:27.665219209Z[Etc/UTC].
    23:43:27.566 | 370 ool-1-worker-134 | DEBUG | .c.s.m.InstanceMessageReceiveService : Received schedule participant score for exercise 1244 and participant 671 (result to be deleted: null)
    23:43:27.566 | 370 ool-1-worker-134 | DEBUG | .a.s.ParticipantScoreScheduleService : Scheduled task for exercise 1244 and participant 671 at 2025-02-14T23:43:27.666083080Z[Etc/UTC].
    23:43:27.569 | 327 taskScheduler-2  | DEBUG | .a.s.ParticipantScoreScheduleService : Processing exercise 1250 and participant 672 to update participant scores.
    23:43:27.575 | 327 taskScheduler-2  | DEBUG | .a.s.ParticipantScoreScheduleService : Updated participant score 207.
    23:43:27.575 | 327 taskScheduler-2  | DEBUG | .a.s.ParticipantScoreScheduleService : Updating the participant score for exercise 1250 and participant 672 took 6 ms.
    23:43:27.576 | 370 ool-1-worker-134 | DEBUG | .c.s.m.InstanceMessageReceiveService : Received schedule participant score for exercise 1244 and participant 671 (result to be deleted: null)
    23:43:27.576 | 370 ool-1-worker-134 | DEBUG | .a.s.ParticipantScoreScheduleService : Scheduled task for exercise 1244 and participant 671 at 2025-02-14T23:43:27.676434103Z[Etc/UTC].
    23:43:27.576 | 370 ool-1-worker-134 | DEBUG | .c.s.m.InstanceMessageReceiveService : Received schedule participant score for exercise 1244 and participant 671 (result to be deleted: null)
    23:43:27.576 | 370 ool-1-worker-134 | DEBUG | .a.s.ParticipantScoreScheduleService : Scheduled task for exercise 1244 and participant 671 at 2025-02-14T23:43:27.676598169Z[Etc/UTC].
    23:43:27.582 | 370 ool-1-worker-134 | DEBUG | .c.s.m.InstanceMessageReceiveService : Received schedule participant score for exercise 1244 and participant 671 (result to be deleted: null)
    23:43:27.582 | 370 ool-1-worker-134 | DEBUG | .a.s.ParticipantScoreScheduleService : Scheduled task for exercise 1244 and participant 671 at 2025-02-14T23:43:27.682511727Z[Etc/UTC].
    23:43:27.583 | 370 ool-1-worker-134 | DEBUG | .c.s.m.InstanceMessageReceiveService : Received schedule participant score for exercise 1248 and participant 671 (result to be deleted: null)
    23:43:27.583 | 370 ool-1-worker-134 | DEBUG | .a.s.ParticipantScoreScheduleService : Scheduled task for exercise 1248 and participant 671 at 2025-02-14T23:43:27.683336275Z[Etc/UTC].
    23:43:27.588 | 370 ool-1-worker-134 | DEBUG | .c.s.m.InstanceMessageReceiveService : Received schedule participant score for exercise 1248 and participant 671 (result to be deleted: null)
    23:43:27.588 | 370 ool-1-worker-134 | DEBUG | .a.s.ParticipantScoreScheduleService : Scheduled task for exercise 1248 and participant 671 at 2025-02-14T23:43:27.688737497Z[Etc/UTC].
    23:43:27.593 | 370 ool-1-worker-134 | DEBUG | .c.s.m.InstanceMessageReceiveService : Received schedule participant score for exercise 1248 and participant 671 (result to be deleted: null)
    23:43:27.594 | 370 ool-1-worker-134 | DEBUG | .a.s.ParticipantScoreScheduleService : Scheduled task for exercise 1248 and participant 671 at 2025-02-14T23:43:27.694035788Z[Etc/UTC].
    23:43:27.594 | 370 ool-1-worker-134 | DEBUG | .c.s.m.InstanceMessageReceiveService : Received schedule participant score for exercise 1248 and participant 671 (result to be deleted: null)
    23:43:27.594 | 370 ool-1-worker-134 | DEBUG | .a.s.ParticipantScoreScheduleService : Scheduled task for exercise 1248 and participant 671 at 2025-02-14T23:43:27.694834588Z[Etc/UTC].
    23:43:27.596 | 329 taskScheduler-4  | DEBUG | .a.s.ParticipantScoreScheduleService : Processing exercise 1251 and participant 672 to update participant scores.
    23:43:27.602 | 370 ool-1-worker-134 | DEBUG | .c.s.m.InstanceMessageReceiveService : Received schedule participant score for exercise 1248 and participant 671 (result to be deleted: null)
    23:43:27.602 | 370 ool-1-worker-134 | DEBUG | .a.s.ParticipantScoreScheduleService : Scheduled task for exercise 1248 and participant 671 at 2025-02-14T23:43:27.702199372Z[Etc/UTC].
    23:43:27.602 | 370 ool-1-worker-134 | DEBUG | .c.s.m.InstanceMessageReceiveService : Received schedule participant score for exercise 1248 and participant 671 (result to be deleted: null)
    23:43:27.602 | 370 ool-1-worker-134 | DEBUG | .a.s.ParticipantScoreScheduleService : Scheduled task for exercise 1248 and participant 671 at 2025-02-14T23:43:27.702348389Z[Etc/UTC].
    23:43:27.604 | 329 taskScheduler-4  | DEBUG | .a.s.ParticipantScoreScheduleService : Updated participant score 208.
    23:43:27.605 | 329 taskScheduler-4  | DEBUG | .a.s.ParticipantScoreScheduleService : Updating the participant score for exercise 1251 and participant 672 took 9 ms.
    23:43:27.608 | 370 ool-1-worker-134 | DEBUG | .c.s.m.InstanceMessageReceiveService : Received schedule participant score for exercise 1248 and participant 671 (result to be deleted: null)
    23:43:27.608 | 370 ool-1-worker-134 | DEBUG | .a.s.ParticipantScoreScheduleService : Scheduled task for exercise 1248 and participant 671 at 2025-02-14T23:43:27.708613172Z[Etc/UTC].
    23:43:27.609 | 370 ool-1-worker-134 | DEBUG | .c.s.m.InstanceMessageReceiveService : Received schedule participant score for exercise 1249 and participant 671 (result to be deleted: null)
    23:43:27.609 | 370 ool-1-worker-134 | DEBUG | .a.s.ParticipantScoreScheduleService : Scheduled task for exercise 1249 and participant 671 at 2025-02-14T23:43:27.709410118Z[Etc/UTC].
    23:43:27.616 | 370 ool-1-worker-134 | DEBUG | .c.s.m.InstanceMessageReceiveService : Received schedule participant score for exercise 1249 and participant 671 (result to be deleted: null)
    23:43:27.616 | 370 ool-1-worker-134 | DEBUG | .a.s.ParticipantScoreScheduleService : Scheduled task for exercise 1249 and participant 671 at 2025-02-14T23:43:27.716463442Z[Etc/UTC].
    23:43:27.621 | 370 ool-1-worker-134 | DEBUG | .c.s.m.InstanceMessageReceiveService : Received schedule participant score for exercise 1249 and participant 671 (result to be deleted: null)
    23:43:27.621 | 370 ool-1-worker-134 | DEBUG | .a.s.ParticipantScoreScheduleService : Scheduled task for exercise 1249 and participant 671 at 2025-02-14T23:43:27.721653611Z[Etc/UTC].
    23:43:27.622 | 370 ool-1-worker-134 | DEBUG | .c.s.m.InstanceMessageReceiveService : Received schedule participant score for exercise 1249 and participant 671 (result to be deleted: null)
    23:43:27.622 | 370 ool-1-worker-134 | DEBUG | .a.s.ParticipantScoreScheduleService : Scheduled task for exercise 1249 and participant 671 at 2025-02-14T23:43:27.722524685Z[Etc/UTC].
    23:43:27.622 | 326 taskScheduler-1  | DEBUG | .a.s.ParticipantScoreScheduleService : Processing exercise 1252 and participant 672 to update participant scores.
    23:43:27.627 | 326 taskScheduler-1  | DEBUG | .a.s.ParticipantScoreScheduleService : Updated participant score 209.
    23:43:27.628 | 326 taskScheduler-1  | DEBUG | .a.s.ParticipantScoreScheduleService : Updating the participant score for exercise 1252 and participant 672 took 6 ms.
    23:43:27.630 | 370 ool-1-worker-134 | DEBUG | .c.s.m.InstanceMessageReceiveService : Received schedule participant score for exercise 1249 and participant 671 (result to be deleted: null)
    23:43:27.630 | 370 ool-1-worker-134 | DEBUG | .a.s.ParticipantScoreScheduleService : Scheduled task for exercise 1249 and participant 671 at 2025-02-14T23:43:27.730285778Z[Etc/UTC].
    23:43:27.630 | 370 ool-1-worker-134 | DEBUG | .c.s.m.InstanceMessageReceiveService : Received schedule participant score for exercise 1249 and participant 671 (result to be deleted: null)
    23:43:27.630 | 370 ool-1-worker-134 | DEBUG | .a.s.ParticipantScoreScheduleService : Scheduled task for exercise 1249 and participant 671 at 2025-02-14T23:43:27.730415690Z[Etc/UTC].
    23:43:27.633 | 370 ool-1-worker-134 | DEBUG | .c.s.m.InstanceMessageReceiveService : Received schedule participant score for exercise 1249 and participant 671 (result to be deleted: null)
    23:43:27.633 | 370 ool-1-worker-134 | DEBUG | .a.s.ParticipantScoreScheduleService : Scheduled task for exercise 1249 and participant 671 at 2025-02-14T23:43:27.733862919Z[Etc/UTC].
    23:43:27.634 | 370 ool-1-worker-134 | DEBUG | .c.s.m.InstanceMessageReceiveService : Received schedule participant score for exercise 1251 and participant 671 (result to be deleted: null)
    23:43:27.634 | 370 ool-1-worker-134 | DEBUG | .a.s.ParticipantScoreScheduleService : Scheduled task for exercise 1251 and participant 671 at 2025-02-14T23:43:27.734501410Z[Etc/UTC].
    23:43:27.637 | 370 ool-1-worker-134 | DEBUG | .c.s.m.InstanceMessageReceiveService : Received schedule participant score for exercise 1251 and participant 671 (result to be deleted: null)
    23:43:27.637 | 370 ool-1-worker-134 | DEBUG | .a.s.ParticipantScoreScheduleService : Scheduled task for exercise 1251 and participant 671 at 2025-02-14T23:43:27.737577917Z[Etc/UTC].
    23:43:27.641 | 370 ool-1-worker-134 | DEBUG | .c.s.m.InstanceMessageReceiveService : Received schedule participant score for exercise 1251 and participant 671 (result to be deleted: null)
    23:43:27.641 | 370 ool-1-worker-134 | DEBUG | .a.s.ParticipantScoreScheduleService : Scheduled task for exercise 1251 and participant 671 at 2025-02-14T23:43:27.741047848Z[Etc/UTC].
    23:43:27.641 | 370 ool-1-worker-134 | DEBUG | .c.s.m.InstanceMessageReceiveService : Received schedule participant score for exercise 1251 and participant 671 (result to be deleted: null)
    23:43:27.641 | 370 ool-1-worker-134 | DEBUG | .a.s.ParticipantScoreScheduleService : Scheduled task for exercise 1251 and participant 671 at 2025-02-14T23:43:27.741682742Z[Etc/UTC].
    23:43:27.646 | 370 ool-1-worker-134 | DEBUG | .c.s.m.InstanceMessageReceiveService : Received schedule participant score for exercise 1251 and participant 671 (result to be deleted: null)
    23:43:27.646 | 370 ool-1-worker-134 | DEBUG | .a.s.ParticipantScoreScheduleService : Scheduled task for exercise 1251 and participant 671 at 2025-02-14T23:43:27.746155984Z[Etc/UTC].
    23:43:27.646 | 370 ool-1-worker-134 | DEBUG | .c.s.m.InstanceMessageReceiveService : Received schedule participant score for exercise 1251 and participant 671 (result to be deleted: null)
    23:43:27.646 | 370 ool-1-worker-134 | DEBUG | .a.s.ParticipantScoreScheduleService : Scheduled task for exercise 1251 and participant 671 at 2025-02-14T23:43:27.746277140Z[Etc/UTC].
    23:43:27.649 | 370 ool-1-worker-134 | DEBUG | .c.s.m.InstanceMessageReceiveService : Received schedule participant score for exercise 1251 and participant 671 (result to be deleted: null)
    23:43:27.649 | 370 ool-1-worker-134 | DEBUG | .a.s.ParticipantScoreScheduleService : Scheduled task for exercise 1251 and participant 671 at 2025-02-14T23:43:27.749673994Z[Etc/UTC].
    23:43:27.650 | 370 ool-1-worker-134 | DEBUG | .c.s.m.InstanceMessageReceiveService : Received schedule participant score for exercise 1252 and participant 671 (result to be deleted: null)
    23:43:27.650 | 370 ool-1-worker-134 | DEBUG | .a.s.ParticipantScoreScheduleService : Scheduled task for exercise 1252 and participant 671 at 2025-02-14T23:43:27.750279163Z[Etc/UTC].
    23:43:27.652 | 329 taskScheduler-4  | DEBUG | .a.s.ParticipantScoreScheduleService : Processing exercise 1253 and participant 672 to update participant scores.
    23:43:27.654 | 370 ool-1-worker-134 | DEBUG | .c.s.m.InstanceMessageReceiveService : Received schedule participant score for exercise 1252 and participant 671 (result to be deleted: null)
    23:43:27.654 | 370 ool-1-worker-134 | DEBUG | .a.s.ParticipantScoreScheduleService : Scheduled task for exercise 1252 and participant 671 at 2025-02-14T23:43:27.754202048Z[Etc/UTC].
    23:43:27.659 | 370 ool-1-worker-134 | DEBUG | .c.s.m.InstanceMessageReceiveService : Received schedule participant score for exercise 1252 and participant 671 (result to be deleted: null)
    23:43:27.659 | 370 ool-1-worker-134 | DEBUG | .a.s.ParticipantScoreScheduleService : Scheduled task for exercise 1252 and participant 671 at 2025-02-14T23:43:27.759202854Z[Etc/UTC].
    23:43:27.659 | 370 ool-1-worker-134 | DEBUG | .c.s.m.InstanceMessageReceiveService : Received schedule participant score for exercise 1252 and participant 671 (result to be deleted: null)
    23:43:27.659 | 370 ool-1-worker-134 | DEBUG | .a.s.ParticipantScoreScheduleService : Scheduled task for exercise 1252 and participant 671 at 2025-02-14T23:43:27.759948174Z[Etc/UTC].
    23:43:27.660 | 329 taskScheduler-4  | DEBUG | .a.s.ParticipantScoreScheduleService : Updated participant score 210.
    23:43:27.661 | 329 taskScheduler-4  | DEBUG | .a.s.ParticipantScoreScheduleService : Updating the participant score for exercise 1253 and participant 672 took 9 ms.
    23:43:27.665 | 370 ool-1-worker-134 | DEBUG | .c.s.m.InstanceMessageReceiveService : Received schedule participant score for exercise 1252 and participant 671 (result to be deleted: null)
    23:43:27.665 | 370 ool-1-worker-134 | DEBUG | .a.s.ParticipantScoreScheduleService : Scheduled task for exercise 1252 and participant 671 at 2025-02-14T23:43:27.765537778Z[Etc/UTC].
    23:43:27.665 | 370 ool-1-worker-134 | DEBUG | .c.s.m.InstanceMessageReceiveService : Received schedule participant score for exercise 1252 and participant 671 (result to be deleted: null)
    23:43:27.665 | 370 ool-1-worker-134 | DEBUG | .a.s.ParticipantScoreScheduleService : Scheduled task for exercise 1252 and participant 671 at 2025-02-14T23:43:27.765660607Z[Etc/UTC].
    23:43:27.669 | 370 ool-1-worker-134 | DEBUG | .c.s.m.InstanceMessageReceiveService : Received schedule participant score for exercise 1252 and participant 671 (result to be deleted: null)
    23:43:27.669 | 370 ool-1-worker-134 | DEBUG | .a.s.ParticipantScoreScheduleService : Scheduled task for exercise 1252 and participant 671 at 2025-02-14T23:43:27.769972718Z[Etc/UTC].
    23:43:27.672 | 370 ool-1-worker-134 | DEBUG | .c.s.m.InstanceMessageReceiveService : Received schedule participant score for exercise 1253 and participant 671 (result to be deleted: null)
    23:43:27.672 | 370 ool-1-worker-134 | DEBUG | .a.s.ParticipantScoreScheduleService : Scheduled task for exercise 1253 and participant 671 at 2025-02-14T23:43:27.772827001Z[Etc/UTC].
    23:43:27.676 | 370 ool-1-worker-134 | DEBUG | .c.s.m.InstanceMessageReceiveService : Received schedule participant score for exercise 1253 and participant 671 (result to be deleted: null)
    23:43:27.676 | 370 ool-1-worker-134 | DEBUG | .a.s.ParticipantScoreScheduleService : Scheduled task for exercise 1253 and participant 671 at 2025-02-14T23:43:27.776588826Z[Etc/UTC].
    23:43:27.680 | 370 ool-1-worker-134 | DEBUG | .c.s.m.InstanceMessageReceiveService : Received schedule participant score for exercise 1253 and participant 671 (result to be deleted: null)
    23:43:27.680 | 370 ool-1-worker-134 | DEBUG | .a.s.ParticipantScoreScheduleService : Scheduled task for exercise 1253 and participant 671 at 2025-02-14T23:43:27.780197706Z[Etc/UTC].
    23:43:27.680 | 370 ool-1-worker-134 | DEBUG | .c.s.m.InstanceMessageReceiveService : Received schedule participant score for exercise 1253 and participant 671 (result to be deleted: null)
    23:43:27.680 | 370 ool-1-worker-134 | DEBUG | .a.s.ParticipantScoreScheduleService : Scheduled task for exercise 1253 and participant 671 at 2025-02-14T23:43:27.780785983Z[Etc/UTC].
    23:43:27.682 | 327 taskScheduler-2  | DEBUG | .a.s.ParticipantScoreScheduleService : Processing exercise 1244 and participant 671 to update participant scores.
    23:43:27.687 | 327 taskScheduler-2  | DEBUG | .a.s.ParticipantScoreScheduleService : Updated participant score 211.
    23:43:27.687 | 327 taskScheduler-2  | DEBUG | .a.s.ParticipantScoreScheduleService : Updating the participant score for exercise 1244 and participant 671 took 5 ms.
    23:43:27.687 | 370 ool-1-worker-134 | DEBUG | .c.s.m.InstanceMessageReceiveService : Received schedule participant score for exercise 1253 and participant 671 (result to be deleted: null)
    23:43:27.687 | 370 ool-1-worker-134 | DEBUG | .a.s.ParticipantScoreScheduleService : Scheduled task for exercise 1253 and participant 671 at 2025-02-14T23:43:27.787758806Z[Etc/UTC].
    23:43:27.687 | 370 ool-1-worker-134 | DEBUG | .c.s.m.InstanceMessageReceiveService : Received schedule participant score for exercise 1253 and participant 671 (result to be deleted: null)
    23:43:27.687 | 370 ool-1-worker-134 | DEBUG | .a.s.ParticipantScoreScheduleService : Scheduled task for exercise 1253 and participant 671 at 2025-02-14T23:43:27.787882276Z[Etc/UTC].
    23:43:27.691 | 370 ool-1-worker-134 | DEBUG | .c.s.m.InstanceMessageReceiveService : Received schedule participant score for exercise 1253 and participant 671 (result to be deleted: null)
    23:43:27.691 | 370 ool-1-worker-134 | DEBUG | .a.s.ParticipantScoreScheduleService : Scheduled task for exercise 1253 and participant 671 at 2025-02-14T23:43:27.791770347Z[Etc/UTC].
    23:43:27.692 | 370 ool-1-worker-134 | INFO  | d.t.c.a.a.e.web.StudentExamResource  : Graded 2 unsubmitted student exams of exam 793
    23:43:27.708 | 329 taskScheduler-4  | DEBUG | .a.s.ParticipantScoreScheduleService : Processing exercise 1248 and participant 671 to update participant scores.
    23:43:27.713 | 329 taskScheduler-4  | DEBUG | .a.s.ParticipantScoreScheduleService : Updated participant score 212.
    23:43:27.713 | 329 taskScheduler-4  | DEBUG | .a.s.ParticipantScoreScheduleService : Updating the participant score for exercise 1248 and participant 671 took 5 ms.

  Starting logs for StudentExamIntegrationTest > testGradedStudentExamSummaryWithoutGradingScaleAsStudentAfterPublishResults()
    23:43:27.757 | 370 ool-1-worker-134 | DEBUG | d.t.c.a.a.c.u.util.UserUtilService   : Generate 2 students...
    23:43:27.761 | 370 ool-1-worker-134 | DEBUG | d.t.c.a.a.c.u.util.UserUtilService   : 2 students generated. Generate 1 tutors...
    23:43:27.764 | 370 ool-1-worker-134 | DEBUG | d.t.c.a.a.c.u.util.UserUtilService   : 1 tutors generated. Generate 0 editors...
    23:43:27.765 | 370 ool-1-worker-134 | DEBUG | d.t.c.a.a.c.u.util.UserUtilService   : 0 editors generated. Generate 2 instructors...
    23:43:27.769 | 370 ool-1-worker-134 | DEBUG | d.t.c.a.a.c.u.util.UserUtilService   : 2 instructors generated
    23:43:27.770 | 370 ool-1-worker-134 | DEBUG | d.t.c.a.a.c.u.util.UserUtilService   : Removing 5 users from all courses...
    23:43:27.771 | 370 ool-1-worker-134 | DEBUG | d.t.c.a.a.c.u.util.UserUtilService   : Removing 5 users from all courses. Done
    23:43:27.771 | 370 ool-1-worker-134 | DEBUG | d.t.c.a.a.c.u.util.UserUtilService   : Save 5 users to database...
    23:43:27.785 | 370 ool-1-worker-134 | DEBUG | d.t.c.a.a.c.u.util.UserUtilService   : Save 5 users to database. Done
    23:43:27.888 | 370 ool-1-worker-134 | INFO  | i.z.t.d.l.EmbeddedDatabaseReporter   : JDBC URL to connect to 'dataSource': url='jdbc:h2:tcp://localhost:41063/mem:736625c0-cf5e-400d-aeaa-8a7eabd6262b;USER=sa', scope='StudentExamIntegrationTest#testGradedStudentExamSummaryWithoutGradingScaleAsStudentAfterPublishResults'
    23:43:27.928 | 370 ool-1-worker-134 | DEBUG | d.t.c.a.a.c.s.f.ApiVersionFilter     : Adding Version to Request POST /api/courses/399/exams/799/generate-student-exams
    23:43:27.928 | 370 ool-1-worker-134 | INFO  | d.t.c.a.a.exam.web.ExamResource      : REST request to generate student exams for exam 799
    23:43:27.934 | 370 ool-1-worker-134 | INFO  | d.t.c.a.a.e.s.ExamDeletionService    : User studexaminstructor1 has requested to delete existing student exams and participations for exam Real exam 1
    23:43:27.935 | 370 ool-1-worker-134 | INFO  | d.t.c.a.a.e.s.ParticipationService   : Request to delete all 0 participations of exercise with id : 1264
    23:43:27.936 | 370 ool-1-worker-134 | INFO  | d.t.c.a.a.e.s.ParticipationService   : Request to delete all 0 participations of exercise with id : 1265
    23:43:27.937 | 370 ool-1-worker-134 | INFO  | d.t.c.a.a.e.s.ParticipationService   : Request to delete all 0 participations of exercise with id : 1266
    23:43:27.938 | 370 ool-1-worker-134 | INFO  | d.t.c.a.a.e.s.ParticipationService   : Request to delete all 0 participations of exercise with id : 1267
    23:43:27.939 | 370 ool-1-worker-134 | INFO  | d.t.c.a.a.e.s.ParticipationService   : Request to delete all 0 participations of exercise with id : 1268
    23:43:27.940 | 370 ool-1-worker-134 | INFO  | d.t.c.a.a.e.s.ParticipationService   : Request to delete all 0 participations of exercise with id : 1269
    23:43:27.941 | 370 ool-1-worker-134 | INFO  | d.t.c.a.a.e.s.ParticipationService   : Request to delete all 0 participations of exercise with id : 1270
    23:43:27.942 | 370 ool-1-worker-134 | INFO  | d.t.c.a.a.e.s.ParticipationService   : Request to delete all 0 participations of exercise with id : 1271
    23:43:27.943 | 370 ool-1-worker-134 | INFO  | d.t.c.a.a.e.s.ParticipationService   : Request to delete all 0 participations of exercise with id : 1272
    23:43:27.944 | 370 ool-1-worker-134 | INFO  | d.t.c.a.a.e.s.ParticipationService   : Request to delete all 0 participations of exercise with id : 1273
    23:43:27.945 | 370 ool-1-worker-134 | INFO  | d.t.c.a.a.e.s.ParticipationService   : Request to delete all 0 participations of exercise with id : 1274
    23:43:27.947 | 370 ool-1-worker-134 | INFO  | d.t.c.a.a.exam.web.ExamResource      : Generated 1 student exams in 19.12ms for exam 799
    23:43:27.964 | 370 ool-1-worker-134 | DEBUG | d.t.c.a.a.c.s.f.ApiVersionFilter     : Adding Version to Request POST /api/courses/399/exams/799/student-exams/start-exercises
    23:43:27.970 | 370 ool-1-worker-134 | DEBUG | d.t.c.a.a.exam.service.ExamService   : Finished combination of template commits for programming exercise ProgrammingExercise{id=1274, templateRepositoryUri='https://version-control.fake.fake/git/SHORT3AA7656B00F36041890A23F0B5F691CFBE3FT5F3/short3aa7656b00f36041890a23f0b5f691cfbe3ft5f3-exercise.git', solutionRepositoryUri='https://version-control.fake.fake/git/SHORT3AA7656B00F36041890A23F0B5F691CFBE3FT5F3/short3aa7656b00f36041890a23f0b5f691cfbe3ft5f3-solution.git', templateBuildPlanId='SHORT3AA7656B00F36041890A23F0B5F691CFBE3FT5F3-BASE', solutionBuildPlanId='SHORT3AA7656B00F36041890A23F0B5F691CFBE3FT5F3-SOLUTION', allowOnlineEditor='null', allowOnlineIde='false', programmingLanguage='JAVA', packageName='de.test'', testCasesChanged='false'}
    23:43:27.971 | 370 ool-1-worker-134 | INFO  | d.t.c.a.a.e.web.StudentExamResource  : REST request to start exercises for student exams of exam 799
    23:43:27.981 | 632 ol-3277-thread-1 | INFO  | d.t.c.a.a.e.s.StudentExamService     : SUCCESS: Start exercise for student exam 336 and exercise 1264 and student studexamstudent1
    23:43:27.992 | 632 ol-3277-thread-1 | INFO  | d.t.c.a.a.e.s.StudentExamService     : SUCCESS: Start exercise for student exam 336 and exercise 1266 and student studexamstudent1
    23:43:27.998 | 632 ol-3277-thread-1 | INFO  | d.t.c.a.a.e.s.StudentExamService     : SUCCESS: Start exercise for student exam 336 and exercise 1269 and student studexamstudent1
    23:43:28.004 | 632 ol-3277-thread-1 | INFO  | d.t.c.a.a.e.s.StudentExamService     : SUCCESS: Start exercise for student exam 336 and exercise 1270 and student studexamstudent1
    23:43:28.010 | 632 ol-3277-thread-1 | INFO  | d.t.c.a.a.e.s.StudentExamService     : SUCCESS: Start exercise for student exam 336 and exercise 1272 and student studexamstudent1
    23:43:28.015 | 632 ol-3277-thread-1 | INFO  | d.t.c.a.a.e.s.StudentExamService     : SUCCESS: Start exercise for student exam 336 and exercise 1273 and student studexamstudent1
    23:43:28.019 | 632 ol-3277-thread-1 | DEBUG | d.t.c.a.a.p.service.GitService       : Cloning from file:/tmp/exerciseOriginRepo13543713279172331633/ to repos/server-integration-test/studentOriginRepo15958389186717519267
    23:43:28.032 | 632 ol-3277-thread-1 | ERROR | .a.a.p.s.j.b.JenkinsBuildPlanService : Pipeline Script not found
java.lang.IllegalArgumentException: Pipeline Script not found
	at de.tum.cit.aet.artemis.programming.service.jenkins.build_plan.JenkinsBuildPlanUtils.replaceScriptParameters(JenkinsBuildPlanUtils.java:22)
	at de.tum.cit.aet.artemis.programming.service.jenkins.build_plan.JenkinsBuildPlanService.updateBuildPlanURLs(JenkinsBuildPlanService.java:245)
	at de.tum.cit.aet.artemis.programming.service.jenkins.build_plan.JenkinsBuildPlanService.copyBuildPlan(JenkinsBuildPlanService.java:293)
	at de.tum.cit.aet.artemis.programming.service.jenkins.JenkinsService.copyBuildPlan(JenkinsService.java:128)
	at java.base/java.lang.invoke.MethodHandle.invokeWithArguments(MethodHandle.java:733)
	at org.mockito.internal.util.reflection.InstrumentationMemberAccessor$Dispatcher$ByteBuddy$oog9jsgw.invokeWithArguments(Unknown Source)
	at org.mockito.internal.util.reflection.InstrumentationMemberAccessor.invoke(InstrumentationMemberAccessor.java:251)
	at org.mockito.internal.util.reflection.ModuleMemberAccessor.invoke(ModuleMemberAccessor.java:55)
	at org.mockito.internal.creation.bytebuddy.MockMethodAdvice.tryInvoke(MockMethodAdvice.java:314)
	at org.mockito.internal.creation.bytebuddy.MockMethodAdvice$RealMethodCall.invoke(MockMethodAdvice.java:234)
	at org.mockito.internal.invocation.InterceptedInvocation.callRealMethod(InterceptedInvocation.java:142)
	at org.mockito.internal.stubbing.answers.CallsRealMethods.answer(CallsRealMethods.java:45)
	at org.mockito.Answers.answer(Answers.java:90)
	at org.mockito.internal.handler.MockHandlerImpl.handle(MockHandlerImpl.java:111)
	at org.mockito.internal.handler.NullResultGuardian.handle(NullResultGuardian.java:29)
	at org.mockito.internal.handler.InvocationNotifierHandler.handle(InvocationNotifierHandler.java:34)
	at org.mockito.internal.creation.bytebuddy.MockMethodInterceptor.doIntercept(MockMethodInterceptor.java:82)
	at org.mockito.internal.creation.bytebuddy.MockMethodAdvice.handle(MockMethodAdvice.java:134)
	at de.tum.cit.aet.artemis.programming.service.jenkins.JenkinsService.copyBuildPlan(JenkinsService.java:126)
	at de.tum.cit.aet.artemis.exercise.service.ParticipationService.copyBuildPlan(ParticipationService.java:518)
	at de.tum.cit.aet.artemis.exercise.service.ParticipationService.startProgrammingParticipation(ParticipationService.java:296)
	at de.tum.cit.aet.artemis.exercise.service.ParticipationService.startProgrammingExercise(ParticipationService.java:265)
	at de.tum.cit.aet.artemis.exercise.service.ParticipationService.startExerciseWithInitializationDate(ParticipationService.java:192)
	at de.tum.cit.aet.artemis.exercise.service.ParticipationService.startExercise(ParticipationService.java:151)
	at de.tum.cit.aet.artemis.exam.service.StudentExamService.setUpExerciseParticipationsAndSubmissionsWithInitializationDate(StudentExamService.java:686)
	at de.tum.cit.aet.artemis.exam.service.StudentExamService.setUpExerciseParticipationsAndSubmissions(StudentExamService.java:800)
	at de.tum.cit.aet.artemis.exam.service.StudentExamService.lambda$startExercises$15(StudentExamService.java:735)
	at java.base/java.util.concurrent.CompletableFuture$AsyncRun.run(CompletableFuture.java:1804)
	at java.base/java.util.concurrent.ThreadPoolExecutor.runWorker(ThreadPoolExecutor.java:1144)
	at java.base/java.util.concurrent.ThreadPoolExecutor$Worker.run(ThreadPoolExecutor.java:642)
	at java.base/java.lang.Thread.run(Thread.java:1583)
    23:43:28.037 | 632 ol-3277-thread-1 | ERROR | .a.a.p.s.j.b.JenkinsBuildPlanService : Pipeline Script not found
java.lang.IllegalArgumentException: Pipeline Script not found
	at de.tum.cit.aet.artemis.programming.service.jenkins.build_plan.JenkinsBuildPlanUtils.replaceScriptParameters(JenkinsBuildPlanUtils.java:29)
	at de.tum.cit.aet.artemis.programming.service.jenkins.build_plan.JenkinsBuildPlanService.updateBuildPlanRepositories(JenkinsBuildPlanService.java:219)
	at de.tum.cit.aet.artemis.programming.service.jenkins.build_plan.JenkinsBuildPlanService.configureBuildPlanForParticipation(JenkinsBuildPlanService.java:196)
	at de.tum.cit.aet.artemis.programming.service.jenkins.JenkinsService.configureBuildPlan(JenkinsService.java:138)
	at java.base/java.lang.invoke.MethodHandle.invokeWithArguments(MethodHandle.java:733)
	at org.mockito.internal.util.reflection.InstrumentationMemberAccessor$Dispatcher$ByteBuddy$oog9jsgw.invokeWithArguments(Unknown Source)
	at org.mockito.internal.util.reflection.InstrumentationMemberAccessor.invoke(InstrumentationMemberAccessor.java:251)
	at org.mockito.internal.util.reflection.ModuleMemberAccessor.invoke(ModuleMemberAccessor.java:55)
	at org.mockito.internal.creation.bytebuddy.MockMethodAdvice.tryInvoke(MockMethodAdvice.java:314)
	at org.mockito.internal.creation.bytebuddy.MockMethodAdvice$RealMethodCall.invoke(MockMethodAdvice.java:234)
	at org.mockito.internal.invocation.InterceptedInvocation.callRealMethod(InterceptedInvocation.java:142)
	at org.mockito.internal.stubbing.answers.CallsRealMethods.answer(CallsRealMethods.java:45)
	at org.mockito.Answers.answer(Answers.java:90)
	at org.mockito.internal.handler.MockHandlerImpl.handle(MockHandlerImpl.java:111)
	at org.mockito.internal.handler.NullResultGuardian.handle(NullResultGuardian.java:29)
	at org.mockito.internal.handler.InvocationNotifierHandler.handle(InvocationNotifierHandler.java:34)
	at org.mockito.internal.creation.bytebuddy.MockMethodInterceptor.doIntercept(MockMethodInterceptor.java:82)
	at org.mockito.internal.creation.bytebuddy.MockMethodAdvice.handle(MockMethodAdvice.java:134)
	at de.tum.cit.aet.artemis.programming.service.jenkins.JenkinsService.configureBuildPlan(JenkinsService.java:138)
	at de.tum.cit.aet.artemis.exercise.service.ParticipationService.configureBuildPlan(ParticipationService.java:532)
	at de.tum.cit.aet.artemis.exercise.service.ParticipationService.startProgrammingParticipation(ParticipationService.java:298)
	at de.tum.cit.aet.artemis.exercise.service.ParticipationService.startProgrammingExercise(ParticipationService.java:265)
	at de.tum.cit.aet.artemis.exercise.service.ParticipationService.startExerciseWithInitializationDate(ParticipationService.java:192)
	at de.tum.cit.aet.artemis.exercise.service.ParticipationService.startExercise(ParticipationService.java:151)
	at de.tum.cit.aet.artemis.exam.service.StudentExamService.setUpExerciseParticipationsAndSubmissionsWithInitializationDate(StudentExamService.java:686)
	at de.tum.cit.aet.artemis.exam.service.StudentExamService.setUpExerciseParticipationsAndSubmissions(StudentExamService.java:800)
	at de.tum.cit.aet.artemis.exam.service.StudentExamService.lambda$startExercises$15(StudentExamService.java:735)
	at java.base/java.util.concurrent.CompletableFuture$AsyncRun.run(CompletableFuture.java:1804)
	at java.base/java.util.concurrent.ThreadPoolExecutor.runWorker(ThreadPoolExecutor.java:1144)
	at java.base/java.util.concurrent.ThreadPoolExecutor$Worker.run(ThreadPoolExecutor.java:642)
	at java.base/java.lang.Thread.run(Thread.java:1583)
    23:43:28.043 | 632 ol-3277-thread-1 | INFO  | d.t.c.a.a.e.s.StudentExamService     : SUCCESS: Start exercise for student exam 336 and exercise 1274 and student studexamstudent1
    23:43:28.044 | 370 ool-1-worker-134 | INFO  | d.t.c.a.a.e.web.StudentExamResource  : Generated 7 participations in 79.31ms for student exams of exam 799
    23:43:28.046 | 370 ool-1-worker-134 | DEBUG | d.t.c.a.a.c.s.f.ApiVersionFilter     : Adding Version to Request GET /api/courses/399/exams/799/student-exams/start-exercises/status
    23:43:28.051 | 370 ool-1-worker-134 | DEBUG | d.t.c.a.a.c.s.f.ApiVersionFilter     : Adding Version to Request GET /api/courses/399/exams/799/student-exams/336/conduction
    23:43:28.053 | 370 ool-1-worker-134 | DEBUG | d.t.c.a.a.e.web.StudentExamResource  : REST request to get the student exam of user studexamstudent1 for exam 799
    23:43:28.059 | 370 ool-1-worker-134 | DEBUG | d.t.c.a.a.e.s.ExamSessionService     : Exam session started
    23:43:28.060 | 370 ool-1-worker-134 | INFO  | d.t.c.a.a.e.web.StudentExamResource  : getStudentExamForConduction done in 8ms for 7 exercises for user studexamstudent1
    23:43:28.065 | 370 ool-1-worker-134 | DEBUG | d.t.c.a.a.c.s.f.ApiVersionFilter     : Adding Version to Request PUT /api/exercises/1264/text-submissions
    23:43:28.065 | 370 ool-1-worker-134 | DEBUG | d.t.c.a.a.t.w.TextSubmissionResource : REST request to update text submission: TextSubmission{id=730, text='New Text', language='null'}
    23:43:28.074 | 370 ool-1-worker-134 | INFO  | d.t.c.a.a.t.w.TextSubmissionResource : handleTextSubmission took 9ms for exercise 1264 and user studexamstudent1
    23:43:28.077 | 370 ool-1-worker-134 | DEBUG | d.t.c.a.a.c.s.f.ApiVersionFilter     : Adding Version to Request PUT /api/exercises/1266/submissions/exam
    23:43:28.080 | 370 ool-1-worker-134 | DEBUG | d.t.c.a.a.q.w.QuizSubmissionResource : REST request to submit QuizSubmission for exam : QuizSubmission{id=731, scoreInPoints='null'}
    23:43:28.090 | 370 ool-1-worker-134 | DEBUG | .a.q.s.AbstractQuizSubmissionService : submit exam quiz finished: QuizSubmission{id=731, scoreInPoints='null'}
    23:43:28.090 | 370 ool-1-worker-134 | INFO  | d.t.c.a.a.q.w.QuizSubmissionResource : submitQuizForExam took 10ms for exercise 1266 and user studexamstudent1
    23:43:28.096 | 370 ool-1-worker-134 | DEBUG | d.t.c.a.a.c.s.f.ApiVersionFilter     : Adding Version to Request PUT /api/exercises/1270/modeling-submissions
    23:43:28.105 | 370 ool-1-worker-134 | INFO  | c.a.a.m.w.ModelingSubmissionResource : save took 8ms for exercise 1270 and user studexamstudent1
    23:43:28.107 | 370 ool-1-worker-134 | DEBUG | d.t.c.a.a.c.s.f.ApiVersionFilter     : Adding Version to Request PUT /api/exercises/1272/text-submissions
    23:43:28.108 | 370 ool-1-worker-134 | DEBUG | d.t.c.a.a.t.w.TextSubmissionResource : REST request to update text submission: TextSubmission{id=734, text='New Text', language='null'}
    23:43:28.116 | 370 ool-1-worker-134 | INFO  | d.t.c.a.a.t.w.TextSubmissionResource : handleTextSubmission took 8ms for exercise 1272 and user studexamstudent1
    23:43:28.118 | 370 ool-1-worker-134 | DEBUG | d.t.c.a.a.c.s.f.ApiVersionFilter     : Adding Version to Request PUT /api/exercises/1273/text-submissions
    23:43:28.119 | 370 ool-1-worker-134 | DEBUG | d.t.c.a.a.t.w.TextSubmissionResource : REST request to update text submission: TextSubmission{id=735, text='New Text', language='null'}
    23:43:28.126 | 370 ool-1-worker-134 | INFO  | d.t.c.a.a.t.w.TextSubmissionResource : handleTextSubmission took 7ms for exercise 1273 and user studexamstudent1
    23:43:28.128 | 370 ool-1-worker-134 | DEBUG | d.t.c.a.a.c.s.f.ApiVersionFilter     : Adding Version to Request POST /api/programming-submissions/1041/trigger-build
    23:43:28.134 | 370 ool-1-worker-134 | DEBUG | d.t.c.a.a.c.s.f.ApiVersionFilter     : Adding Version to Request POST /api/courses/399/exams/799/student-exams/submit
    23:43:28.136 | 370 ool-1-worker-134 | DEBUG | d.t.c.a.a.e.web.StudentExamResource  : REST request to mark the studentExam as submitted : 336
    23:43:28.139 | 370 ool-1-worker-134 | DEBUG | d.t.c.a.a.e.web.StudentExamResource  : Completed input validation for submitStudentExam in 2.44ms
    23:43:28.139 | 370 ool-1-worker-134 | DEBUG | d.t.c.a.a.e.s.StudentExamService     : Submit student exam with id 336
    23:43:28.140 | 370 ool-1-worker-134 | DEBUG | d.t.c.a.a.e.s.StudentExamService     :     Set student exam to submitted in 555µs
    23:43:28.143 | 370 ool-1-worker-134 | DEBUG | d.t.c.a.a.e.s.StudentExamService     :     Potentially save submissions in 2.98ms
    23:43:28.143 | 370 ool-1-worker-134 | DEBUG | d.t.c.a.a.e.s.StudentExamService     :     Lock student repositories in 21µs
    23:43:28.143 | 370 ool-1-worker-134 | INFO  | d.t.c.a.a.e.web.StudentExamResource  : Completed submitStudentExam with 7 exercises for user studexamstudent1 in a total time of 6.21ms
    23:43:28.144 | 370 ool-1-worker-134 | DEBUG | d.t.c.a.a.c.s.f.ApiVersionFilter     : Adding Version to Request GET /api/courses/399/exams/799/student-exams/336/summary
    23:43:28.146 | 370 ool-1-worker-134 | DEBUG | d.t.c.a.a.e.web.StudentExamResource  : REST request to get the student exam of user studexamstudent1 for exam 799
    23:43:28.152 | 370 ool-1-worker-134 | INFO  | d.t.c.a.a.e.web.StudentExamResource  : getStudentExamForSummary done in 7ms for 7 exercises for user studexamstudent1
    23:43:28.159 | 370 ool-1-worker-134 | DEBUG | .c.s.m.InstanceMessageReceiveService : Received schedule participant score for exercise 1264 and participant 671 (result to be deleted: null)
    23:43:28.159 | 370 ool-1-worker-134 | DEBUG | .a.s.ParticipantScoreScheduleService : Scheduled task for exercise 1264 and participant 671 at 2025-02-14T23:43:28.259402909Z[Etc/UTC].
    23:43:28.164 | 370 ool-1-worker-134 | DEBUG | .c.s.m.InstanceMessageReceiveService : Received schedule participant score for exercise 1264 and participant 671 (result to be deleted: null)
    23:43:28.164 | 370 ool-1-worker-134 | DEBUG | .a.s.ParticipantScoreScheduleService : Scheduled task for exercise 1264 and participant 671 at 2025-02-14T23:43:28.264916862Z[Etc/UTC].
    23:43:28.165 | 370 ool-1-worker-134 | DEBUG | .c.s.m.InstanceMessageReceiveService : Received schedule participant score for exercise 1269 and participant 671 (result to be deleted: null)
    23:43:28.165 | 370 ool-1-worker-134 | DEBUG | .a.s.ParticipantScoreScheduleService : Scheduled task for exercise 1269 and participant 671 at 2025-02-14T23:43:28.265481585Z[Etc/UTC].
    23:43:28.168 | 370 ool-1-worker-134 | DEBUG | .c.s.m.InstanceMessageReceiveService : Received schedule participant score for exercise 1269 and participant 671 (result to be deleted: null)
    23:43:28.168 | 370 ool-1-worker-134 | DEBUG | .a.s.ParticipantScoreScheduleService : Scheduled task for exercise 1269 and participant 671 at 2025-02-14T23:43:28.268425575Z[Etc/UTC].
    23:43:28.169 | 370 ool-1-worker-134 | DEBUG | .c.s.m.InstanceMessageReceiveService : Received schedule participant score for exercise 1270 and participant 671 (result to be deleted: null)
    23:43:28.169 | 370 ool-1-worker-134 | DEBUG | .a.s.ParticipantScoreScheduleService : Scheduled task for exercise 1270 and participant 671 at 2025-02-14T23:43:28.269076038Z[Etc/UTC].
    23:43:28.172 | 370 ool-1-worker-134 | DEBUG | .c.s.m.InstanceMessageReceiveService : Received schedule participant score for exercise 1270 and participant 671 (result to be deleted: null)
    23:43:28.172 | 370 ool-1-worker-134 | DEBUG | .a.s.ParticipantScoreScheduleService : Scheduled task for exercise 1270 and participant 671 at 2025-02-14T23:43:28.272046287Z[Etc/UTC].
    23:43:28.172 | 370 ool-1-worker-134 | DEBUG | .c.s.m.InstanceMessageReceiveService : Received schedule participant score for exercise 1272 and participant 671 (result to be deleted: null)
    23:43:28.172 | 370 ool-1-worker-134 | DEBUG | .a.s.ParticipantScoreScheduleService : Scheduled task for exercise 1272 and participant 671 at 2025-02-14T23:43:28.272643942Z[Etc/UTC].
    23:43:28.176 | 370 ool-1-worker-134 | DEBUG | .c.s.m.InstanceMessageReceiveService : Received schedule participant score for exercise 1272 and participant 671 (result to be deleted: null)
    23:43:28.176 | 370 ool-1-worker-134 | DEBUG | .a.s.ParticipantScoreScheduleService : Scheduled task for exercise 1272 and participant 671 at 2025-02-14T23:43:28.276324084Z[Etc/UTC].
    23:43:28.176 | 370 ool-1-worker-134 | DEBUG | .c.s.m.InstanceMessageReceiveService : Received schedule participant score for exercise 1273 and participant 671 (result to be deleted: null)
    23:43:28.176 | 370 ool-1-worker-134 | DEBUG | .a.s.ParticipantScoreScheduleService : Scheduled task for exercise 1273 and participant 671 at 2025-02-14T23:43:28.276896842Z[Etc/UTC].
    23:43:28.180 | 370 ool-1-worker-134 | DEBUG | .c.s.m.InstanceMessageReceiveService : Received schedule participant score for exercise 1273 and participant 671 (result to be deleted: null)
    23:43:28.180 | 370 ool-1-worker-134 | DEBUG | .a.s.ParticipantScoreScheduleService : Scheduled task for exercise 1273 and participant 671 at 2025-02-14T23:43:28.280677102Z[Etc/UTC].
    23:43:28.181 | 370 ool-1-worker-134 | DEBUG | .c.s.m.InstanceMessageReceiveService : Received schedule participant score for exercise 1274 and participant 671 (result to be deleted: null)
    23:43:28.181 | 370 ool-1-worker-134 | DEBUG | .a.s.ParticipantScoreScheduleService : Scheduled task for exercise 1274 and participant 671 at 2025-02-14T23:43:28.281303811Z[Etc/UTC].
    23:43:28.184 | 370 ool-1-worker-134 | DEBUG | .c.s.m.InstanceMessageReceiveService : Received schedule participant score for exercise 1274 and participant 671 (result to be deleted: null)
    23:43:28.185 | 370 ool-1-worker-134 | DEBUG | .a.s.ParticipantScoreScheduleService : Scheduled task for exercise 1274 and participant 671 at 2025-02-14T23:43:28.285003771Z[Etc/UTC].
    23:43:28.186 | 370 ool-1-worker-134 | DEBUG | d.t.c.a.a.c.s.f.ApiVersionFilter     : Adding Version to Request POST /api/courses/399/exams/799/student-exams/evaluate-quiz-exercises
    23:43:28.187 | 370 ool-1-worker-134 | INFO  | d.t.c.a.a.exam.web.ExamResource      : REST request to evaluate quiz exercises of exam 799
    23:43:28.190 | 370 ool-1-worker-134 | DEBUG | d.t.c.a.a.exam.service.ExamService   : Evaluating 2 quiz exercises in exam 799
    23:43:28.190 | 370 ool-1-worker-134 | INFO  | d.t.c.a.a.q.s.QuizResultService      : Starting quiz evaluation for quiz 1266
    23:43:28.201 | 370 ool-1-worker-134 | DEBUG | .c.s.m.InstanceMessageReceiveService : Received schedule participant score for exercise 1266 and participant 671 (result to be deleted: null)
    23:43:28.201 | 370 ool-1-worker-134 | DEBUG | .a.s.ParticipantScoreScheduleService : Scheduled task for exercise 1266 and participant 671 at 2025-02-14T23:43:28.301416067Z[Etc/UTC].
    23:43:28.216 | 370 ool-1-worker-134 | DEBUG | .c.s.m.InstanceMessageReceiveService : Received schedule participant score for exercise 1266 and participant 671 (result to be deleted: null)
    23:43:28.216 | 370 ool-1-worker-134 | DEBUG | .a.s.ParticipantScoreScheduleService : Scheduled task for exercise 1266 and participant 671 at 2025-02-14T23:43:28.316563124Z[Etc/UTC].
    23:43:28.217 | 370 ool-1-worker-134 | INFO  | d.t.c.a.a.q.s.QuizResultService      : Quiz evaluation for quiz 1266 finished after 26.71ms with 1 created results
    23:43:28.217 | 370 ool-1-worker-134 | DEBUG | d.t.c.a.a.q.s.QuizStatisticService   : update statistics with 1 new results
    23:43:28.219 | 370 ool-1-worker-134 | INFO  | d.t.c.a.a.q.s.QuizResultService      : Statistic update for quiz 1266 finished after 29.29ms
    23:43:28.219 | 370 ool-1-worker-134 | INFO  | d.t.c.a.a.q.s.QuizResultService      : Starting quiz evaluation for quiz 1267
    23:43:28.223 | 370 ool-1-worker-134 | INFO  | d.t.c.a.a.q.s.QuizResultService      : Quiz evaluation for quiz 1267 finished after 3.38ms with 0 created results
    23:43:28.223 | 370 ool-1-worker-134 | DEBUG | d.t.c.a.a.q.s.QuizStatisticService   : update statistics with 0 new results
    23:43:28.223 | 370 ool-1-worker-134 | INFO  | d.t.c.a.a.q.s.QuizResultService      : Statistic update for quiz 1267 finished after 4.29ms
    23:43:28.223 | 370 ool-1-worker-134 | DEBUG | d.t.c.a.a.exam.service.ExamService   : Evaluated 2 quiz exercises in exam 799 in 33.64ms
    23:43:28.223 | 370 ool-1-worker-134 | INFO  | d.t.c.a.a.exam.web.ExamResource      : Evaluated 2 quiz exercises of exam 799
    23:43:28.226 | 370 ool-1-worker-134 | DEBUG | d.t.c.a.a.c.s.f.ApiVersionFilter     : Adding Version to Request GET /api/courses/399/exams/799/student-exams/336/grade-summary
    23:43:28.228 | 370 ool-1-worker-134 | DEBUG | d.t.c.a.a.e.web.StudentExamResource  : REST request to get the student exam grades of user with id null for exam 799 by user studexamstudent1
    23:43:28.235 | 370 ool-1-worker-134 | INFO  | d.t.c.a.a.e.web.StudentExamResource  : getStudentExamGradesForSummary done in 8ms for 7 exercises for target user studexamstudent1 by caller user studexamstudent1
    23:43:28.253 | 370 ool-1-worker-134 | DEBUG | d.t.c.a.a.c.s.f.ApiVersionFilter     : Adding Version to Request GET /api/courses/399/exams/799/student-exams/336/conduction
    23:43:28.255 | 370 ool-1-worker-134 | DEBUG | d.t.c.a.a.e.web.StudentExamResource  : REST request to get the student exam of user studexamstudent1 for exam 799
    23:43:28.262 | 370 ool-1-worker-134 | DEBUG | d.t.c.a.a.e.s.ExamSessionService     : Exam session started
    23:43:28.263 | 370 ool-1-worker-134 | INFO  | d.t.c.a.a.e.web.StudentExamResource  : getStudentExamForConduction done in 10ms for 7 exercises for user studexamstudent1
    23:43:28.265 | 328 taskScheduler-3  | DEBUG | .a.s.ParticipantScoreScheduleService : Processing exercise 1264 and participant 671 to update participant scores.
    23:43:28.270 | 329 taskScheduler-4  | DEBUG | .a.s.ParticipantScoreScheduleService : Processing exercise 1269 and participant 671 to update participant scores.
    23:43:28.272 | 327 taskScheduler-2  | DEBUG | .a.s.ParticipantScoreScheduleService : Processing exercise 1270 and participant 671 to update participant scores.
    23:43:28.274 | 370 ool-1-worker-134 | DEBUG | d.t.c.a.a.c.s.f.ApiVersionFilter     : Adding Version to Request DELETE /api/courses/396/exams/794
    23:43:28.274 | 370 ool-1-worker-134 | INFO  | d.t.c.a.a.exam.web.ExamResource      : REST request to delete exam : 794
    23:43:28.276 | 326 taskScheduler-1  | DEBUG | .a.s.ParticipantScoreScheduleService : Processing exercise 1272 and participant 671 to update participant scores.
    23:43:28.279 | 370 ool-1-worker-134 | INFO  | d.t.c.a.a.e.s.ExamDeletionService    : User studexaminstructor1 has requested to delete the exam Real exam 1
    23:43:28.280 | 327 taskScheduler-2  | DEBUG | .a.s.ParticipantScoreScheduleService : Updating the participant score for exercise 1270 and participant 671 took 8 ms.
    23:43:28.280 | 327 taskScheduler-2  | DEBUG | .a.s.ParticipantScoreScheduleService : Processing exercise 1273 and participant 671 to update participant scores.
    23:43:28.281 | 329 taskScheduler-4  | DEBUG | .a.s.ParticipantScoreScheduleService : Updating the participant score for exercise 1269 and participant 671 took 11 ms.
    23:43:28.282 | 328 taskScheduler-3  | DEBUG | .a.s.ParticipantScoreScheduleService : Updating the participant score for exercise 1264 and participant 671 took 17 ms.
    23:43:28.285 | 326 taskScheduler-1  | DEBUG | .a.s.ParticipantScoreScheduleService : Updating the participant score for exercise 1272 and participant 671 took 9 ms.
    23:43:28.285 | 326 taskScheduler-1  | DEBUG | .a.s.ParticipantScoreScheduleService : Processing exercise 1274 and participant 671 to update participant scores.
    23:43:28.289 | 327 taskScheduler-2  | DEBUG | .a.s.ParticipantScoreScheduleService : Updating the participant score for exercise 1273 and participant 671 took 9 ms.
    23:43:28.293 | 326 taskScheduler-1  | DEBUG | .a.s.ParticipantScoreScheduleService : Updating the participant score for exercise 1274 and participant 671 took 8 ms.
    23:43:28.293 | 370 ool-1-worker-134 | INFO  | .c.a.a.c.s.TitleCacheEvictionService : Evicted entry '794' from title cache 'examTitle'
    23:43:28.306 | 566 localvc.event-13 | DEBUG | a.p.s.l.LocalCIQueueWebsocketService : CIBuildJobQueueItem removed from processing jobs: BuildJobQueueItem[id=5061739576605250, name=SHORT62C808EE04ECE040740AF7B0CF3AE5F5BEF2TSTEXC-LOCALCIINTSTUDENT1, buildAgent=BuildAgentDTO[name=artemis-build-agent-test, memberAddress=[127.0.0.1]:5703, displayName=artemis-build-agent-test], participationId=506, courseId=162, exerciseId=313, retryCount=0, priority=2, status=null, repositoryInfo=RepositoryInfo[repositoryName=short62c808ee04ece040740af7b0cf3ae5f5bef2tstexc-localciintstudent1, repositoryType=user, triggeredByPushTo=user, assignmentRepositoryUri=http://localhost:49152/git/SHORT62C808EE04ECE040740AF7B0CF3AE5F5BEF2TSTEXC/short62c808ee04ece040740af7b0cf3ae5f5bef2tstexc-localciintstudent1.git, testRepositoryUri=http://localhost:49152/git/SHORT62C808EE04ECE040740AF7B0CF3AE5F5BEF2TSTEXC/short62c808ee04ece040740af7b0cf3ae5f5bef2tstexc-tests.git, solutionRepositoryUri=null, auxiliaryRepositoryUris=[Ljava.lang.String;@43185d4e, auxiliaryRepositoryCheckoutDirectories=[Ljava.lang.String;@4096519d], jobTimingInfo=JobTimingInfo[submissionDate=2025-02-14T23:43:25.250749866Z[Etc/UTC], buildStartDate=2025-02-14T23:43:26.820713075Z[Etc/UTC], buildCompletionDate=null, estimatedCompletionDate=2025-02-14T23:43:45.820704920Z[Etc/UTC], estimatedDuration=19], buildConfig=BuildConfig[buildScript=#!/bin/bash
cd /var/tmp/testing-dir
chmod +x ./gradlew
./gradlew clean test
, dockerImage=dummy-docker-image:latest, commitHashToBuild=993b6f756e3e52a44d0537d4fa3a5d0e0acdbe89, assignmentCommitHash=993b6f756e3e52a44d0537d4fa3a5d0e0acdbe89, testCommitHash=993b6f756e3e52a44d0537d4fa3a5d0e0acdbe89, branch=main, programmingLanguage=JAVA, projectType=null, scaEnabled=false, sequentialTestRunsEnabled=false, resultPaths=[/var/tmp/testing-dir/**/test-results/test/*.xml], timeoutSeconds=0, assignmentCheckoutPath=null, testCheckoutPath=null, solutionCheckoutPath=null, dockerRunConfig=null], submissionResult=null]
    23:43:28.307 | 566 localvc.event-13 | DEBUG | s.l.LocalCIWebsocketMessagingService : Sending message on topic /topic/admin/running-jobs: []
    23:43:28.307 | 566 localvc.event-13 | DEBUG | s.l.LocalCIWebsocketMessagingService : Sending message on topic /topic/courses/162/running-jobs: []
    23:43:28.312 | 566 localvc.event-13 | DEBUG | p.s.l.LocalCIResultProcessingService : Result of build job with id 5061739576605250 added to queue
    23:43:28.313 | 566 localvc.event-13 | INFO  | p.s.l.LocalCIResultProcessingService : Processing build job result with id 5061739576605250
    23:43:28.313 | 566 localvc.event-13 | DEBUG | p.s.l.LocalCIResultProcessingService : Build jobs waiting in queue: 0
    23:43:28.313 | 566 localvc.event-13 | DEBUG | p.s.l.LocalCIResultProcessingService : Queued build jobs: []
    23:43:28.316 | 329 taskScheduler-4  | DEBUG | .a.s.ParticipantScoreScheduleService : Processing exercise 1266 and participant 671 to update participant scores.
    23:43:28.317 | 566 localvc.event-13 | DEBUG | .s.ProgrammingExerciseGradingService : Received new build result (NEW) for participation 506
    23:43:28.322 | 329 taskScheduler-4  | DEBUG | .a.s.ParticipantScoreScheduleService : Updated participant score 213.
    23:43:28.322 | 329 taskScheduler-4  | DEBUG | .a.s.ParticipantScoreScheduleService : Updating the participant score for exercise 1266 and participant 671 took 6 ms.

  Starting logs for StudentExamIntegrationTest > testGetAllTestRunSubmissionsForExercise_notInstructor()
    23:43:28.334 | 370 ool-1-worker-134 | DEBUG | d.t.c.a.a.c.u.util.UserUtilService   : Generate 2 students...
    23:43:28.338 | 370 ool-1-worker-134 | DEBUG | d.t.c.a.a.c.u.util.UserUtilService   : 2 students generated. Generate 1 tutors...
    23:43:28.341 | 370 ool-1-worker-134 | DEBUG | d.t.c.a.a.c.u.util.UserUtilService   : 1 tutors generated. Generate 0 editors...
    23:43:28.342 | 370 ool-1-worker-134 | DEBUG | d.t.c.a.a.c.u.util.UserUtilService   : 0 editors generated. Generate 2 instructors...
    23:43:28.347 | 370 ool-1-worker-134 | DEBUG | d.t.c.a.a.c.u.util.UserUtilService   : 2 instructors generated
    23:43:28.348 | 370 ool-1-worker-134 | DEBUG | d.t.c.a.a.c.u.util.UserUtilService   : Removing 5 users from all courses...
    23:43:28.349 | 370 ool-1-worker-134 | DEBUG | d.t.c.a.a.c.u.util.UserUtilService   : Removing 5 users from all courses. Done
    23:43:28.349 | 370 ool-1-worker-134 | DEBUG | d.t.c.a.a.c.u.util.UserUtilService   : Save 5 users to database...
    23:43:28.356 | 566 localvc.event-13 | DEBUG | .c.s.m.InstanceMessageReceiveService : Received schedule participant score for exercise 313 and participant 37 (result to be deleted: null)
    23:43:28.356 | 566 localvc.event-13 | DEBUG | .a.s.ParticipantScoreScheduleService : Scheduled task for exercise 313 and participant 37 at 2025-02-14T23:43:28.456730143Z[Etc/UTC].
    23:43:28.358 | 566 localvc.event-13 | DEBUG | .a.a.p.s.ProgrammingMessagingService : Send result to client over websocket. Result: Result{id145, completionDate=2025-02-14T23:43:28.269051286Z[Etc/UTC], successful=false, score=7.7, rated=true, assessmentType=AUTOMATIC, hasComplaint=null, testCaseCount=13, passedTestCaseCount=1, codeIssueCount=0}, Submission: ProgrammingSubmission{commitHash='993b6f756e3e52a44d0537d4fa3a5d0e0acdbe89', buildFailed=false, buildArtifact=false, type=MANUAL}, Participation: ProgrammingExerciseStudentParticipation{id=506, repositoryUri='http://localhost:49152/git/SHORT62C808EE04ECE040740AF7B0CF3AE5F5BEF2TSTEXC/short62c808ee04ece040740af7b0cf3ae5f5bef2tstexc-localciintstudent1.git', buildPlanId='SHORT62C808EE04ECE040740AF7B0CF3AE5F5BEF2TSTEXC-LOCALCIINTSTUDENT1', initializationState='INITIALIZED', initializationDate='2025-02-14T23:43:25.223553Z', individualDueDate=null', presentationScore=null}
    23:43:28.364 | 370 ool-1-worker-134 | DEBUG | d.t.c.a.a.c.u.util.UserUtilService   : Save 5 users to database. Done
    23:43:28.370 | 566 localvc.event-13 | DEBUG | d.t.c.a.a.p.s.BuildLogEntryService   : Saved build logs for build job 5061739576605250 to file /tmp/build-logs/short62c808ee04ece040740af7b0cf3ae5f5bef2/TSTEXC/5061739576605250.log
    23:43:28.371 | 566 localvc.event-13 | DEBUG | a.p.s.l.LocalCIQueueWebsocketService : Build agent updated: BuildAgentInformation[buildAgent=BuildAgentDTO[name=artemis-build-agent-test, memberAddress=[127.0.0.1]:5703, displayName=artemis-build-agent-test], maxNumberOfConcurrentBuildJobs=1, numberOfCurrentBuildJobs=0, runningBuildJobs=[], status=IDLE, recentBuildJobs=[BuildJobQueueItem[id=4621739576562326, name=SHORT43ACF76B02BC1044B80938509D14043FABDETSTEXC-LOCALCIINTSTUDENT1, buildAgent=BuildAgentDTO[name=artemis-build-agent-test, memberAddress=[127.0.0.1]:5703, displayName=artemis-build-agent-test], participationId=462, courseId=147, exerciseId=298, retryCount=0, priority=2, status=SUCCESSFUL, repositoryInfo=RepositoryInfo[repositoryName=short43acf76b02bc1044b80938509d14043fabdetstexc-localciintstudent1, repositoryType=user, triggeredByPushTo=user, assignmentRepositoryUri=http://localhost:49152/git/SHORT43ACF76B02BC1044B80938509D14043FABDETSTEXC/short43acf76b02bc1044b80938509d14043fabdetstexc-localciintstudent1.git, testRepositoryUri=http://localhost:49152/git/SHORT43ACF76B02BC1044B80938509D14043FABDETSTEXC/short43acf76b02bc1044b80938509d14043fabdetstexc-tests.git, solutionRepositoryUri=null, auxiliaryRepositoryUris=[Ljava.lang.String;@1583150d, auxiliaryRepositoryCheckoutDirectories=[Ljava.lang.String;@4a633bf1], jobTimingInfo=JobTimingInfo[submissionDate=2025-02-14T23:42:42.326978596Z[Etc/UTC], buildStartDate=2025-02-14T23:42:42.420147010Z[Etc/UTC], buildCompletionDate=2025-02-14T23:42:45.573855829Z[Etc/UTC], estimatedCompletionDate=2025-02-14T23:43:01.420129377Z[Etc/UTC], estimatedDuration=19], buildConfig=BuildConfig[buildScript=#!/bin/bash
cd /var/tmp/testing-dir
chmod +x ./gradlew
./gradlew clean test
, dockerImage=dummy-docker-image:latest, commitHashToBuild=a9c717ccf7bcbe9531d3eee21dbaeb5aab2ff971, assignmentCommitHash=a9c717ccf7bcbe9531d3eee21dbaeb5aab2ff971, testCommitHash=a9c717ccf7bcbe9531d3eee21dbaeb5aab2ff971, branch=main, programmingLanguage=JAVA, projectType=PLAIN_GRADLE, scaEnabled=false, sequentialTestRunsEnabled=false, resultPaths=[/var/tmp/testing-dir/**/test-results/test/*.xml], timeoutSeconds=0, assignmentCheckoutPath=null, testCheckoutPath=null, solutionCheckoutPath=null, dockerRunConfig=DockerRunConfig[isNetworkDisabled=true, env=[key=value]]], submissionResult=ResultDTO[id=132, completionDate=2025-02-14T23:42:45.519869118Z[Etc/UTC], successful=false, score=7.7, rated=true, submission=SubmissionDTO[id=119, submitted=true, type=MANUAL, exampleSubmission=null, submissionDate=2025-02-14T23:42:42.302762Z, commitHash=a9c717ccf7bcbe9531d3eee21dbaeb5aab2ff971, buildFailed=false, buildArtifact=false, participation=ParticipationDTO[id=462, testRun=false, type=programming, submissionCount=null, exercise=ParticipationExerciseDTO[id=298, exerciseType=PROGRAMMING, type=programming, assessmentType=AUTOMATIC, dueDate=2025-02-16T23:42:41.553955Z, assessmentDueDate=null, maxPoints=42.0, course=CourseDTO[id=147, accuracyOfScores=1]]], submissionExerciseType=programming, isProcessing=false, buildStartDate=null, estimatedCompletionDate=null], participation=ParticipationDTO[id=462, testRun=false, type=programming, submissionCount=null, exercise=ParticipationExerciseDTO[id=298, exerciseType=PROGRAMMING, type=programming, assessmentType=AUTOMATIC, dueDate=2025-02-16T23:42:41.553955Z, assessmentDueDate=null, maxPoints=42.0, course=CourseDTO[id=147, accuracyOfScores=1]]], feedbacks=[FeedbackDTO[id=67, text=null, detailText=The exercise expects a class with the name Context in the package testpackage. You did not implement the class in the exercise., hasLongFeedbackText=false, reference=null, credits=0.0, positive=false, type=AUTOMATIC, visibility=ALWAYS, testCase=TestCaseDTO[testName=null, id=13]], FeedbackDTO[id=68, text=null, detailText=The exercise expects a class with the name Policy in the package testpackage. You did not implement the class in the exercise., hasLongFeedbackText=false, reference=null, credits=0.0, positive=false, type=AUTOMATIC, visibility=ALWAYS, testCase=TestCaseDTO[testName=null, id=14]], FeedbackDTO[id=69, text=null, detailText=The exercise expects a class with the name SortStrategy in the package testpackage. You did not implement the class in the exercise., hasLongFeedbackText=false, reference=null, credits=0.0, positive=false, type=AUTOMATIC, visibility=ALWAYS, testCase=TestCaseDTO[testName=null, id=15]], FeedbackDTO[id=70, text=null, detailText=The class 'MergeSort' does not implement the interface 'SortStrategy' as expected. Implement the interface and its methods., hasLongFeedbackText=false, reference=null, credits=0.0, positive=false, type=AUTOMATIC, visibility=ALWAYS, testCase=TestCaseDTO[testName=null, id=10]], FeedbackDTO[id=71, text=null, detailText=The exercise expects a class with the name SortStrategy in the package testpackage. You did not implement the class in the exercise., hasLongFeedbackText=false, reference=null, credits=0.0, positive=false, type=AUTOMATIC, visibility=ALWAYS, testCase=TestCaseDTO[testName=null, id=7]], FeedbackDTO[id=72, text=null, detailText=The class 'BubbleSort' does not implement the interface 'SortStrategy' as expected. Implement the interface and its methods., hasLongFeedbackText=false, reference=null, credits=0.0, positive=false, type=AUTOMATIC, visibility=ALWAYS, testCase=TestCaseDTO[testName=null, id=11]], FeedbackDTO[id=73, text=null, detailText=MergeSort does not sort correctly, hasLongFeedbackText=false, reference=null, credits=0.0, positive=false, type=AUTOMATIC, visibility=ALWAYS, testCase=TestCaseDTO[testName=null, id=16]], FeedbackDTO[id=74, text=null, detailText=The class 'Context' was not found within the submission. Make sure to implement it properly., hasLongFeedbackText=false, reference=null, credits=0.0, positive=false, type=AUTOMATIC, visibility=ALWAYS, testCase=TestCaseDTO[testName=null, id=17]], FeedbackDTO[id=75, text=null, detailText=The class 'Context' was not found within the submission. Make sure to implement it properly., hasLongFeedbackText=false, reference=null, credits=0.0, positive=false, type=AUTOMATIC, visibility=ALWAYS, testCase=TestCaseDTO[testName=null, id=18]], FeedbackDTO[id=76, text=null, detailText=The exercise expects a class with the name Policy in the package testpackage. You did not implement the class in the exercise., hasLongFeedbackText=false, reference=null, credits=0.0, positive=false, type=AUTOMATIC, visibility=ALWAYS, testCase=TestCaseDTO[testName=null, id=12]], FeedbackDTO[id=77, text=null, detailText=The exercise expects a class with the name Context in the package testpackage. You did not implement the class in the exercise., hasLongFeedbackText=false, reference=null, credits=0.0, positive=false, type=AUTOMATIC, visibility=ALWAYS, testCase=TestCaseDTO[testName=null, id=8]], FeedbackDTO[id=78, text=null, detailText=The exercise expects a class with the name Policy in the package testpackage. You did not implement the class in the exercise., hasLongFeedbackText=false, reference=null, credits=0.0, positive=false, type=AUTOMATIC, visibility=ALWAYS, testCase=TestCaseDTO[testName=null, id=9]], FeedbackDTO[id=79, text=null, detailText=null, hasLongFeedbackText=false, reference=null, credits=3.230769230769231, positive=true, type=AUTOMATIC, visibility=ALWAYS, testCase=TestCaseDTO[testName=null, id=19]]], assessmentType=AUTOMATIC, hasComplaint=null, exampleResult=null, testCaseCount=13, passedTestCaseCount=1, codeIssueCount=0]], BuildJobQueueItem[id=4651739576569330, name=SHORTB06DD3F905F4604F6E085260D83ED657A6DFTSTEXC-LOCALCIINTSTUDENT1, buildAgent=BuildAgentDTO[name=artemis-build-agent-test, memberAddress=[127.0.0.1]:5703, displayName=artemis-build-agent-test], participationId=465, courseId=148, exerciseId=299, retryCount=0, priority=2, status=SUCCESSFUL, repositoryInfo=RepositoryInfo[repositoryName=shortb06dd3f905f4604f6e085260d83ed657a6dftstexc-localciintstudent1, repositoryType=user, triggeredByPushTo=user, assignmentRepositoryUri=http://localhost:49152/git/SHORTB06DD3F905F4604F6E085260D83ED657A6DFTSTEXC/shortb06dd3f905f4604f6e085260d83ed657a6dftstexc-localciintstudent1.git, testRepositoryUri=http://localhost:49152/git/SHORTB06DD3F905F4604F6E085260D83ED657A6DFTSTEXC/shortb06dd3f905f4604f6e085260d83ed657a6dftstexc-tests.git, solutionRepositoryUri=null, auxiliaryRepositoryUris=[Ljava.lang.String;@15e34d76, auxiliaryRepositoryCheckoutDirectories=[Ljava.lang.String;@34262dc4], jobTimingInfo=JobTimingInfo[submissionDate=2025-02-14T23:42:49.330093960Z[Etc/UTC], buildStartDate=2025-02-14T23:42:49.347797345Z[Etc/UTC], buildCompletionDate=2025-02-14T23:42:51.204319751Z[Etc/UTC], estimatedCompletionDate=2025-02-14T23:43:08.347788449Z[Etc/UTC], estimatedDuration=19], buildConfig=BuildConfig[buildScript=#!/bin/bash
cd /var/tmp/testing-dir
chmod +x ./gradlew
./gradlew clean test
, dockerImage=dummy-docker-image:latest, commitHashToBuild=41581fff25954d36cf07586926ee0c77d1003131, assignmentCommitHash=41581fff25954d36cf07586926ee0c77d1003131, testCommitHash=41581fff25954d36cf07586926ee0c77d1003131, branch=main, programmingLanguage=JAVA, projectType=PLAIN_GRADLE, scaEnabled=false, sequentialTestRunsEnabled=false, resultPaths=[/var/tmp/testing-dir/**/test-results/test/*.xml], timeoutSeconds=0, assignmentCheckoutPath=null, testCheckoutPath=null, solutionCheckoutPath=null, dockerRunConfig=null], submissionResult=ResultDTO[id=133, completionDate=2025-02-14T23:42:51.155372920Z[Etc/UTC], successful=false, score=7.7, rated=true, submission=SubmissionDTO[id=120, submitted=true, type=MANUAL, exampleSubmission=null, submissionDate=2025-02-14T23:42:49.321855Z, commitHash=41581fff25954d36cf07586926ee0c77d1003131, buildFailed=false, buildArtifact=false, participation=ParticipationDTO[id=465, testRun=false, type=programming, submissionCount=null, exercise=ParticipationExerciseDTO[id=299, exerciseType=PROGRAMMING, type=programming, assessmentType=AUTOMATIC, dueDate=2025-02-16T23:42:49.163661Z, assessmentDueDate=null, maxPoints=42.0, course=CourseDTO[id=148, accuracyOfScores=1]]], submissionExerciseType=programming, isProcessing=false, buildStartDate=null, estimatedCompletionDate=null], participation=ParticipationDTO[id=465, testRun=false, type=programming, submissionCount=null, exercise=ParticipationExerciseDTO[id=299, exerciseType=PROGRAMMING, type=programming, assessmentType=AUTOMATIC, dueDate=2025-02-16T23:42:49.163661Z, assessmentDueDate=null, maxPoints=42.0, course=CourseDTO[id=148, accuracyOfScores=1]]], feedbacks=[FeedbackDTO[id=80, text=null, detailText=The exercise expects a class with the name Context in the package testpackage. You did not implement the class in the exercise., hasLongFeedbackText=false, reference=null, credits=0.0, positive=false, type=AUTOMATIC, visibility=ALWAYS, testCase=TestCaseDTO[testName=null, id=26]], FeedbackDTO[id=81, text=null, detailText=The exercise expects a class with the name Policy in the package testpackage. You did not implement the class in the exercise., hasLongFeedbackText=false, reference=null, credits=0.0, positive=false, type=AUTOMATIC, visibility=ALWAYS, testCase=TestCaseDTO[testName=null, id=27]], FeedbackDTO[id=82, text=null, detailText=The exercise expects a class with the name SortStrategy in the package testpackage. You did not implement the class in the exercise., hasLongFeedbackText=false, reference=null, credits=0.0, positive=false, type=AUTOMATIC, visibility=ALWAYS, testCase=TestCaseDTO[testName=null, id=28]], FeedbackDTO[id=83, text=null, detailText=The class 'MergeSort' does not implement the interface 'SortStrategy' as expected. Implement the interface and its methods., hasLongFeedbackText=false, reference=null, credits=0.0, positive=false, type=AUTOMATIC, visibility=ALWAYS, testCase=TestCaseDTO[testName=null, id=23]], FeedbackDTO[id=84, text=null, detailText=The exercise expects a class with the name SortStrategy in the package testpackage. You did not implement the class in the exercise., hasLongFeedbackText=false, reference=null, credits=0.0, positive=false, type=AUTOMATIC, visibility=ALWAYS, testCase=TestCaseDTO[testName=null, id=20]], FeedbackDTO[id=85, text=null, detailText=The class 'BubbleSort' does not implement the interface 'SortStrategy' as expected. Implement the interface and its methods., hasLongFeedbackText=false, reference=null, credits=0.0, positive=false, type=AUTOMATIC, visibility=ALWAYS, testCase=TestCaseDTO[testName=null, id=24]], FeedbackDTO[id=86, text=null, detailText=MergeSort does not sort correctly, hasLongFeedbackText=false, reference=null, credits=0.0, positive=false, type=AUTOMATIC, visibility=ALWAYS, testCase=TestCaseDTO[testName=null, id=29]], FeedbackDTO[id=87, text=null, detailText=The class 'Context' was not found within the submission. Make sure to implement it properly., hasLongFeedbackText=false, reference=null, credits=0.0, positive=false, type=AUTOMATIC, visibility=ALWAYS, testCase=TestCaseDTO[testName=null, id=30]], FeedbackDTO[id=88, text=null, detailText=The class 'Context' was not found within the submission. Make sure to implement it properly., hasLongFeedbackText=false, reference=null, credits=0.0, positive=false, type=AUTOMATIC, visibility=ALWAYS, testCase=TestCaseDTO[testName=null, id=31]], FeedbackDTO[id=89, text=null, detailText=The exercise expects a class with the name Policy in the package testpackage. You did not implement the class in the exercise., hasLongFeedbackText=false, reference=null, credits=0.0, positive=false, type=AUTOMATIC, visibility=ALWAYS, testCase=TestCaseDTO[testName=null, id=25]], FeedbackDTO[id=90, text=null, detailText=The exercise expects a class with the name Context in the package testpackage. You did not implement the class in the exercise., hasLongFeedbackText=false, reference=null, credits=0.0, positive=false, type=AUTOMATIC, visibility=ALWAYS, testCase=TestCaseDTO[testName=null, id=21]], FeedbackDTO[id=91, text=null, detailText=The exercise expects a class with the name Policy in the package testpackage. You did not implement the class in the exercise., hasLongFeedbackText=false, reference=null, credits=0.0, positive=false, type=AUTOMATIC, visibility=ALWAYS, testCase=TestCaseDTO[testName=null, id=22]], FeedbackDTO[id=92, text=null, detailText=null, hasLongFeedbackText=false, reference=null, credits=3.230769230769231, positive=true, type=AUTOMATIC, visibility=ALWAYS, testCase=TestCaseDTO[testName=null, id=32]]], assessmentType=AUTOMATIC, hasComplaint=null, exampleResult=null, testCaseCount=13, passedTestCaseCount=1, codeIssueCount=0]], BuildJobQueueItem[id=4681739576573068, name=SHORTBCF65534040390488B0A46605F5F3776B89ATSTEXC-LOCALCIINTSTUDENT1, buildAgent=BuildAgentDTO[name=artemis-build-agent-test, memberAddress=[127.0.0.1]:5703, displayName=artemis-build-agent-test], participationId=468, courseId=149, exerciseId=300, retryCount=0, priority=2, status=SUCCESSFUL, repositoryInfo=RepositoryInfo[repositoryName=shortbcf65534040390488b0a46605f5f3776b89atstexc-localciintstudent1, repositoryType=user, triggeredByPushTo=user, assignmentRepositoryUri=http://localhost:49152/git/SHORTBCF65534040390488B0A46605F5F3776B89ATSTEXC/shortbcf65534040390488b0a46605f5f3776b89atstexc-localciintstudent1.git, testRepositoryUri=http://localhost:49152/git/SHORTBCF65534040390488B0A46605F5F3776B89ATSTEXC/shortbcf65534040390488b0a46605f5f3776b89atstexc-tests.git, solutionRepositoryUri=null, auxiliaryRepositoryUris=[Ljava.lang.String;@39807d30, auxiliaryRepositoryCheckoutDirectories=[Ljava.lang.String;@6a6f6542], jobTimingInfo=JobTimingInfo[submissionDate=2025-02-14T23:42:53.068019209Z[Etc/UTC], buildStartDate=2025-02-14T23:42:53.092867394Z[Etc/UTC], buildCompletionDate=2025-02-14T23:42:55.086950323Z[Etc/UTC], estimatedCompletionDate=2025-02-14T23:43:12.092858828Z[Etc/UTC], estimatedDuration=19], buildConfig=BuildConfig[buildScript=#!/bin/bash
cd /var/tmp/testing-dir
chmod +x ./gradlew
./gradlew clean test
, dockerImage=dummy-docker-image:latest, commitHashToBuild=2d5c0482fc77d3f5ec0841962528a43054e83170, assignmentCommitHash=2d5c0482fc77d3f5ec0841962528a43054e83170, testCommitHash=7477e25d56ce5fee2c938542a7e7ed4ed085d373, branch=main, programmingLanguage=JAVA, projectType=PLAIN_GRADLE, scaEnabled=false, sequentialTestRunsEnabled=false, resultPaths=[/var/tmp/testing-dir/**/test-results/test/*.xml], timeoutSeconds=0, assignmentCheckoutPath=null, testCheckoutPath=null, solutionCheckoutPath=null, dockerRunConfig=null], submissionResult=ResultDTO[id=134, completionDate=2025-02-14T23:42:55.059618627Z[Etc/UTC], successful=false, score=7.7, rated=true, submission=SubmissionDTO[id=121, submitted=true, type=MANUAL, exampleSubmission=null, submissionDate=2025-02-14T23:42:53.048221Z, commitHash=2d5c0482fc77d3f5ec0841962528a43054e83170, buildFailed=false, buildArtifact=false, participation=ParticipationDTO[id=468, testRun=false, type=programming, submissionCount=null, exercise=ParticipationExerciseDTO[id=300, exerciseType=PROGRAMMING, type=programming, assessmentType=AUTOMATIC, dueDate=2025-02-16T23:42:52.873722Z, assessmentDueDate=null, maxPoints=42.0, course=CourseDTO[id=149, accuracyOfScores=1]]], submissionExerciseType=programming, isProcessing=false, buildStartDate=null, estimatedCompletionDate=null], participation=ParticipationDTO[id=468, testRun=false, type=programming, submissionCount=null, exercise=ParticipationExerciseDTO[id=300, exerciseType=PROGRAMMING, type=programming, assessmentType=AUTOMATIC, dueDate=2025-02-16T23:42:52.873722Z, assessmentDueDate=null, maxPoints=42.0, course=CourseDTO[id=149, accuracyOfScores=1]]], feedbacks=[FeedbackDTO[id=93, text=null, detailText=The exercise expects a class with the name Context in the package testpackage. You did not implement the class in the exercise., hasLongFeedbackText=false, reference=null, credits=0.0, positive=false, type=AUTOMATIC, visibility=ALWAYS, testCase=TestCaseDTO[testName=null, id=39]], FeedbackDTO[id=94, text=null, detailText=The exercise expects a class with the name Policy in the package testpackage. You did not implement the class in the exercise., hasLongFeedbackText=false, reference=null, credits=0.0, positive=false, type=AUTOMATIC, visibility=ALWAYS, testCase=TestCaseDTO[testName=null, id=40]], FeedbackDTO[id=95, text=null, detailText=The exercise expects a class with the name SortStrategy in the package testpackage. You did not implement the class in the exercise., hasLongFeedbackText=false, reference=null, credits=0.0, positive=false, type=AUTOMATIC, visibility=ALWAYS, testCase=TestCaseDTO[testName=null, id=41]], FeedbackDTO[id=96, text=null, detailText=The class 'MergeSort' does not implement the interface 'SortStrategy' as expected. Implement the interface and its methods., hasLongFeedbackText=false, reference=null, credits=0.0, positive=false, type=AUTOMATIC, visibility=ALWAYS, testCase=TestCaseDTO[testName=null, id=36]], FeedbackDTO[id=97, text=null, detailText=The exercise expects a class with the name SortStrategy in the package testpackage. You did not implement the class in the exercise., hasLongFeedbackText=false, reference=null, credits=0.0, positive=false, type=AUTOMATIC, visibility=ALWAYS, testCase=TestCaseDTO[testName=null, id=33]], FeedbackDTO[id=98, text=null, detailText=The class 'BubbleSort' does not implement the interface 'SortStrategy' as expected. Implement the interface and its methods., hasLongFeedbackText=false, reference=null, credits=0.0, positive=false, type=AUTOMATIC, visibility=ALWAYS, testCase=TestCaseDTO[testName=null, id=37]], FeedbackDTO[id=99, text=null, detailText=MergeSort does not sort correctly, hasLongFeedbackText=false, reference=null, credits=0.0, positive=false, type=AUTOMATIC, visibility=ALWAYS, testCase=TestCaseDTO[testName=null, id=42]], FeedbackDTO[id=100, text=null, detailText=The class 'Context' was not found within the submission. Make sure to implement it properly., hasLongFeedbackText=false, reference=null, credits=0.0, positive=false, type=AUTOMATIC, visibility=ALWAYS, testCase=TestCaseDTO[testName=null, id=43]], FeedbackDTO[id=101, text=null, detailText=The class 'Context' was not found within the submission. Make sure to implement it properly., hasLongFeedbackText=false, reference=null, credits=0.0, positive=false, type=AUTOMATIC, visibility=ALWAYS, testCase=TestCaseDTO[testName=null, id=44]], FeedbackDTO[id=102, text=null, detailText=The exercise expects a class with the name Policy in the package testpackage. You did not implement the class in the exercise., hasLongFeedbackText=false, reference=null, credits=0.0, positive=false, type=AUTOMATIC, visibility=ALWAYS, testCase=TestCaseDTO[testName=null, id=38]], FeedbackDTO[id=103, text=null, detailText=The exercise expects a class with the name Context in the package testpackage. You did not implement the class in the exercise., hasLongFeedbackText=false, reference=null, credits=0.0, positive=false, type=AUTOMATIC, visibility=ALWAYS, testCase=TestCaseDTO[testName=null, id=34]], FeedbackDTO[id=104, text=null, detailText=The exercise expects a class with the name Policy in the package testpackage. You did not implement the class in the exercise., hasLongFeedbackText=false, reference=null, credits=0.0, positive=false, type=AUTOMATIC, visibility=ALWAYS, testCase=TestCaseDTO[testName=null, id=35]], FeedbackDTO[id=105, text=null, detailText=null, hasLongFeedbackText=false, reference=null, credits=3.230769230769231, positive=true, type=AUTOMATIC, visibility=ALWAYS, testCase=TestCaseDTO[testName=null, id=45]]], assessmentType=AUTOMATIC, hasComplaint=null, exampleResult=null, testCaseCount=13, passedTestCaseCount=1, codeIssueCount=0]], BuildJobQueueItem[id=4741739576577297, name=SHORT88A9A223023E2047B709E4A029FA08BCF2CFTSTEXC-LOCALCIINTSTUDENT1, buildAgent=BuildAgentDTO[name=artemis-build-agent-test, memberAddress=[127.0.0.1]:5703, displayName=artemis-build-agent-test], participationId=474, courseId=151, exerciseId=302, retryCount=0, priority=2, status=SUCCESSFUL, repositoryInfo=RepositoryInfo[repositoryName=short88a9a223023e2047b709e4a029fa08bcf2cftstexc-localciintstudent1, repositoryType=user, triggeredByPushTo=user, assignmentRepositoryUri=http://localhost:49152/git/SHORT88A9A223023E2047B709E4A029FA08BCF2CFTSTEXC/short88a9a223023e2047b709e4a029fa08bcf2cftstexc-localciintstudent1.git, testRepositoryUri=http://localhost:49152/git/SHORT88A9A223023E2047B709E4A029FA08BCF2CFTSTEXC/short88a9a223023e2047b709e4a029fa08bcf2cftstexc-tests.git, solutionRepositoryUri=null, auxiliaryRepositoryUris=[Ljava.lang.String;@65680d84, auxiliaryRepositoryCheckoutDirectories=[Ljava.lang.String;@602544e0], jobTimingInfo=JobTimingInfo[submissionDate=2025-02-14T23:42:57.297342281Z[Etc/UTC], buildStartDate=2025-02-14T23:42:57.308570327Z[Etc/UTC], buildCompletionDate=2025-02-14T23:42:59.047616654Z[Etc/UTC], estimatedCompletionDate=2025-02-14T23:43:16.308558064Z[Etc/UTC], estimatedDuration=19], buildConfig=BuildConfig[buildScript=#!/bin/bash
cd /var/tmp/testing-dir
chmod +x ./gradlew
./gradlew clean test
, dockerImage=dummy-docker-image:latest, commitHashToBuild=736cbea1e46d6849b41266b2bf1cccd3b9ea55b1, assignmentCommitHash=736cbea1e46d6849b41266b2bf1cccd3b9ea55b1, testCommitHash=ea6267edd396a304305339b036512b63e0374c66, branch=main, programmingLanguage=JAVA, projectType=PLAIN_GRADLE, scaEnabled=false, sequentialTestRunsEnabled=false, resultPaths=[/var/tmp/testing-dir/**/test-results/test/*.xml], timeoutSeconds=0, assignmentCheckoutPath=null, testCheckoutPath=null, solutionCheckoutPath=null, dockerRunConfig=null], submissionResult=ResultDTO[id=135, completionDate=2025-02-14T23:42:59.014168821Z[Etc/UTC], successful=false, score=7.7, rated=true, submission=SubmissionDTO[id=123, submitted=true, type=MANUAL, exampleSubmission=null, submissionDate=2025-02-14T23:42:57.278471Z, commitHash=736cbea1e46d6849b41266b2bf1cccd3b9ea55b1, buildFailed=false, buildArtifact=false, participation=ParticipationDTO[id=474, testRun=false, type=programming, submissionCount=null, exercise=ParticipationExerciseDTO[id=302, exerciseType=PROGRAMMING, type=programming, assessmentType=AUTOMATIC, dueDate=2025-02-16T23:42:56.796251Z, assessmentDueDate=null, maxPoints=42.0, course=CourseDTO[id=151, accuracyOfScores=1]]], submissionExerciseType=programming, isProcessing=false, buildStartDate=null, estimatedCompletionDate=null], participation=ParticipationDTO[id=474, testRun=false, type=programming, submissionCount=null, exercise=ParticipationExerciseDTO[id=302, exerciseType=PROGRAMMING, type=programming, assessmentType=AUTOMATIC, dueDate=2025-02-16T23:42:56.796251Z, assessmentDueDate=null, maxPoints=42.0, course=CourseDTO[id=151, accuracyOfScores=1]]], feedbacks=[FeedbackDTO[id=106, text=null, detailText=The exercise expects a class with the name Context in the package testpackage. You did not implement the class in the exercise., hasLongFeedbackText=false, reference=null, credits=0.0, positive=false, type=AUTOMATIC, visibility=ALWAYS, testCase=TestCaseDTO[testName=null, id=65]], FeedbackDTO[id=107, text=null, detailText=The exercise expects a class with the name Policy in the package testpackage. You did not implement the class in the exercise., hasLongFeedbackText=false, reference=null, credits=0.0, positive=false, type=AUTOMATIC, visibility=ALWAYS, testCase=TestCaseDTO[testName=null, id=66]], FeedbackDTO[id=108, text=null, detailText=The exercise expects a class with the name SortStrategy in the package testpackage. You did not implement the class in the exercise., hasLongFeedbackText=false, reference=null, credits=0.0, positive=false, type=AUTOMATIC, visibility=ALWAYS, testCase=TestCaseDTO[testName=null, id=67]], FeedbackDTO[id=109, text=null, detailText=The class 'MergeSort' does not implement the interface 'SortStrategy' as expected. Implement the interface and its methods., hasLongFeedbackText=false, reference=null, credits=0.0, positive=false, type=AUTOMATIC, visibility=ALWAYS, testCase=TestCaseDTO[testName=null, id=62]], FeedbackDTO[id=110, text=null, detailText=The exercise expects a class with the name SortStrategy in the package testpackage. You did not implement the class in the exercise., hasLongFeedbackText=false, reference=null, credits=0.0, positive=false, type=AUTOMATIC, visibility=ALWAYS, testCase=TestCaseDTO[testName=null, id=59]], FeedbackDTO[id=111, text=null, detailText=The class 'BubbleSort' does not implement the interface 'SortStrategy' as expected. Implement the interface and its methods., hasLongFeedbackText=false, reference=null, credits=0.0, positive=false, type=AUTOMATIC, visibility=ALWAYS, testCase=TestCaseDTO[testName=null, id=63]], FeedbackDTO[id=112, text=null, detailText=MergeSort does not sort correctly, hasLongFeedbackText=false, reference=null, credits=0.0, positive=false, type=AUTOMATIC, visibility=ALWAYS, testCase=TestCaseDTO[testName=null, id=68]], FeedbackDTO[id=113, text=null, detailText=The class 'Context' was not found within the submission. Make sure to implement it properly., hasLongFeedbackText=false, reference=null, credits=0.0, positive=false, type=AUTOMATIC, visibility=ALWAYS, testCase=TestCaseDTO[testName=null, id=69]], FeedbackDTO[id=114, text=null, detailText=The class 'Context' was not found within the submission. Make sure to implement it properly., hasLongFeedbackText=false, reference=null, credits=0.0, positive=false, type=AUTOMATIC, visibility=ALWAYS, testCase=TestCaseDTO[testName=null, id=70]], FeedbackDTO[id=115, text=null, detailText=The exercise expects a class with the name Policy in the package testpackage. You did not implement the class in the exercise., hasLongFeedbackText=false, reference=null, credits=0.0, positive=false, type=AUTOMATIC, visibility=ALWAYS, testCase=TestCaseDTO[testName=null, id=64]], FeedbackDTO[id=116, text=null, detailText=The exercise expects a class with the name Context in the package testpackage. You did not implement the class in the exercise., hasLongFeedbackText=false, reference=null, credits=0.0, positive=false, type=AUTOMATIC, visibility=ALWAYS, testCase=TestCaseDTO[testName=null, id=60]], FeedbackDTO[id=117, text=null, detailText=The exercise expects a class with the name Policy in the package testpackage. You did not implement the class in the exercise., hasLongFeedbackText=false, reference=null, credits=0.0, positive=false, type=AUTOMATIC, visibility=ALWAYS, testCase=TestCaseDTO[testName=null, id=61]], FeedbackDTO[id=118, text=null, detailText=null, hasLongFeedbackText=false, reference=null, credits=3.230769230769231, positive=true, type=AUTOMATIC, visibility=ALWAYS, testCase=TestCaseDTO[testName=null, id=71]]], assessmentType=AUTOMATIC, hasComplaint=null, exampleResult=null, testCaseCount=13, passedTestCaseCount=1, codeIssueCount=0]], BuildJobQueueItem[id=4771739576580898, name=SHORT51E611E30D6B60466F0B8BA0AA97F58888C2TSTEXC-LOCALCIINTSTUDENT1, buildAgent=BuildAgentDTO[name=artemis-build-agent-test, memberAddress=[127.0.0.1]:5703, displayName=artemis-build-agent-test], participationId=477, courseId=152, exerciseId=303, retryCount=0, priority=2, status=SUCCESSFUL, repositoryInfo=RepositoryInfo[repositoryName=short51e611e30d6b60466f0b8ba0aa97f58888c2tstexc-localciintstudent1, repositoryType=user, triggeredByPushTo=user, assignmentRepositoryUri=http://localhost:49152/git/SHORT51E611E30D6B60466F0B8BA0AA97F58888C2TSTEXC/short51e611e30d6b60466f0b8ba0aa97f58888c2tstexc-localciintstudent1.git, testRepositoryUri=http://localhost:49152/git/SHORT51E611E30D6B60466F0B8BA0AA97F58888C2TSTEXC/short51e611e30d6b60466f0b8ba0aa97f58888c2tstexc-tests.git, solutionRepositoryUri=null, auxiliaryRepositoryUris=[Ljava.lang.String;@5af6dc29, auxiliaryRepositoryCheckoutDirectories=[Ljava.lang.String;@4b22f740], jobTimingInfo=JobTimingInfo[submissionDate=2025-02-14T23:43:00.898532688Z[Etc/UTC], buildStartDate=2025-02-14T23:43:00.905733056Z[Etc/UTC], buildCompletionDate=2025-02-14T23:43:02.692768910Z[Etc/UTC], estimatedCompletionDate=2025-02-14T23:43:19.905720463Z[Etc/UTC], estimatedDuration=19], buildConfig=BuildConfig[buildScript=#!/bin/bash
cd /var/tmp/testing-dir
chmod +x ./gradlew
./gradlew clean test
, dockerImage=dummy-docker-image:latest, commitHashToBuild=8f3057cbd462f5e3de4e6ba85115f60d8dbb5aea, assignmentCommitHash=8f3057cbd462f5e3de4e6ba85115f60d8dbb5aea, testCommitHash=8f3057cbd462f5e3de4e6ba85115f60d8dbb5aea, branch=main, programmingLanguage=JAVA, projectType=PLAIN_GRADLE, scaEnabled=true, sequentialTestRunsEnabled=false, resultPaths=[/var/tmp/testing-dir/**/test-results/test/*.xml], timeoutSeconds=0, assignmentCheckoutPath=null, testCheckoutPath=null, solutionCheckoutPath=null, dockerRunConfig=null], submissionResult=ResultDTO[id=136, completionDate=2025-02-14T23:43:02.637820510Z[Etc/UTC], successful=false, score=7.7, rated=true, submission=SubmissionDTO[id=124, submitted=true, type=MANUAL, exampleSubmission=null, submissionDate=2025-02-14T23:43:00.886601Z, commitHash=8f3057cbd462f5e3de4e6ba85115f60d8dbb5aea, buildFailed=false, buildArtifact=false, participation=ParticipationDTO[id=477, testRun=false, type=programming, submissionCount=null, exercise=ParticipationExerciseDTO[id=303, exerciseType=PROGRAMMING, type=programming, assessmentType=AUTOMATIC, dueDate=2025-02-16T23:43:00.631824Z, assessmentDueDate=null, maxPoints=42.0, course=CourseDTO[id=152, accuracyOfScores=1]]], submissionExerciseType=programming, isProcessing=false, buildStartDate=null, estimatedCompletionDate=null], participation=ParticipationDTO[id=477, testRun=false, type=programming, submissionCount=null, exercise=ParticipationExerciseDTO[id=303, exerciseType=PROGRAMMING, type=programming, assessmentType=AUTOMATIC, dueDate=2025-02-16T23:43:00.631824Z, assessmentDueDate=null, maxPoints=42.0, course=CourseDTO[id=152, accuracyOfScores=1]]], feedbacks=[FeedbackDTO[id=119, text=null, detailText=The exercise expects a class with the name Context in the package testpackage. You did not implement the class in the exercise., hasLongFeedbackText=false, reference=null, credits=0.0, positive=false, type=AUTOMATIC, visibility=ALWAYS, testCase=TestCaseDTO[testName=null, id=78]], FeedbackDTO[id=120, text=null, detailText=The exercise expects a class with the name Policy in the package testpackage. You did not implement the class in the exercise., hasLongFeedbackText=false, reference=null, credits=0.0, positive=false, type=AUTOMATIC, visibility=ALWAYS, testCase=TestCaseDTO[testName=null, id=79]], FeedbackDTO[id=121, text=null, detailText=The exercise expects a class with the name SortStrategy in the package testpackage. You did not implement the class in the exercise., hasLongFeedbackText=false, reference=null, credits=0.0, positive=false, type=AUTOMATIC, visibility=ALWAYS, testCase=TestCaseDTO[testName=null, id=80]], FeedbackDTO[id=122, text=null, detailText=The class 'MergeSort' does not implement the interface 'SortStrategy' as expected. Implement the interface and its methods., hasLongFeedbackText=false, reference=null, credits=0.0, positive=false, type=AUTOMATIC, visibility=ALWAYS, testCase=TestCaseDTO[testName=null, id=75]], FeedbackDTO[id=123, text=null, detailText=The exercise expects a class with the name SortStrategy in the package testpackage. You did not implement the class in the exercise., hasLongFeedbackText=false, reference=null, credits=0.0, positive=false, type=AUTOMATIC, visibility=ALWAYS, testCase=TestCaseDTO[testName=null, id=72]], FeedbackDTO[id=124, text=null, detailText=The class 'BubbleSort' does not implement the interface 'SortStrategy' as expected. Implement the interface and its methods., hasLongFeedbackText=false, reference=null, credits=0.0, positive=false, type=AUTOMATIC, visibility=ALWAYS, testCase=TestCaseDTO[testName=null, id=76]], FeedbackDTO[id=125, text=null, detailText=MergeSort does not sort correctly, hasLongFeedbackText=false, reference=null, credits=0.0, positive=false, type=AUTOMATIC, visibility=ALWAYS, testCase=TestCaseDTO[testName=null, id=81]], FeedbackDTO[id=126, text=null, detailText=The class 'Context' was not found within the submission. Make sure to implement it properly., hasLongFeedbackText=false, reference=null, credits=0.0, positive=false, type=AUTOMATIC, visibility=ALWAYS, testCase=TestCaseDTO[testName=null, id=82]], FeedbackDTO[id=127, text=null, detailText=The class 'Context' was not found within the submission. Make sure to implement it properly., hasLongFeedbackText=false, reference=null, credits=0.0, positive=false, type=AUTOMATIC, visibility=ALWAYS, testCase=TestCaseDTO[testName=null, id=83]], FeedbackDTO[id=128, text=null, detailText=The exercise expects a class with the name Policy in the package testpackage. You did not implement the class in the exercise., hasLongFeedbackText=false, reference=null, credits=0.0, positive=false, type=AUTOMATIC, visibility=ALWAYS, testCase=TestCaseDTO[testName=null, id=77]], FeedbackDTO[id=129, text=null, detailText=The exercise expects a class with the name Context in the package testpackage. You did not implement the class in the exercise., hasLongFeedbackText=false, reference=null, credits=0.0, positive=false, type=AUTOMATIC, visibility=ALWAYS, testCase=TestCaseDTO[testName=null, id=73]], FeedbackDTO[id=130, text=null, detailText=The exercise expects a class with the name Policy in the package testpackage. You did not implement the class in the exercise., hasLongFeedbackText=false, reference=null, credits=0.0, positive=false, type=AUTOMATIC, visibility=ALWAYS, testCase=TestCaseDTO[testName=null, id=74]], FeedbackDTO[id=131, text=null, detailText=null, hasLongFeedbackText=false, reference=null, credits=3.230769230769231, positive=true, type=AUTOMATIC, visibility=ALWAYS, testCase=TestCaseDTO[testName=null, id=84]], FeedbackDTO[id=132, text=SCAFeedbackIdentifier:Bad Practice, detailText={"filePath":"src/code/Client.java","startLine":6,"endLine":6,"startColumn":1,"endColumn":26,"rule":"UnusedImports","category":"Best Practices","message":"Avoid unused imports such as 'javax.swing.JFrame'","priority":"4"}, hasLongFeedbackText=false, reference=PMD, credits=0.0, positive=false, type=AUTOMATIC, visibility=null, testCase=null], FeedbackDTO[id=133, text=SCAFeedbackIdentifier:Code Style, detailText={"filePath":"src/code/Client.java","startLine":7,"endLine":7,"startColumn":1,"endColumn":19,"rule":"DontImportJavaLang","category":"Code Style","message":"Avoid importing anything from the package java.lang","priority":"4"}, hasLongFeedbackText=false, reference=PMD, credits=0.0, positive=false, type=AUTOMATIC, visibility=null, testCase=null], FeedbackDTO[id=134, text=SCAFeedbackIdentifier:Bad Practice, detailText={"filePath":"src/code/Client.java","startLine":7,"endLine":7,"startColumn":1,"endColumn":19,"rule":"UnusedImports","category":"Best Practices","message":"Avoid unused imports such as 'java.lang'","priority":"4"}, hasLongFeedbackText=false, reference=PMD, credits=0.0, positive=false, type=AUTOMATIC, visibility=null, testCase=null], FeedbackDTO[id=135, text=SCAFeedbackIdentifier:Bad Practice, detailText={"filePath":"src/code/Client.java","startLine":73,"endLine":73,"startColumn":18,"endColumn":27,"rule":"UnusedLocalVariable","category":"Best Practices","message":"Avoid unused local variables such as 'randomDate'.","priority":"3"}, hasLongFeedbackText=false, reference=PMD, credits=0.0, positive=false, type=AUTOMATIC, visibility=null, testCase=null], FeedbackDTO[id=136, text=SCAFeedbackIdentifier:Bad Practice, detailText={"filePath":"src/code/Client.java","startLine":81,"endLine":81,"startColumn":31,"endColumn":53,"rule":"UnusedPrivateMethod","category":"Best Practices","message":"Avoid unused private methods such as 'CreateRandomDatesList()'.","priority":"3"}, hasLongFeedbackText=false, reference=PMD, credits=0.0, positive=false, type=AUTOMATIC, visibility=null, testCase=null], FeedbackDTO[id=137, text=SCAFeedbackIdentifier:Potential Bugs, detailText={"filePath":"src/code/Client.java","startLine":94,"endLine":94,"startColumn":9,"endColumn":9,"rule":"EmptyStatementNotInLoop","category":"Error Prone","message":"An empty statement (semicolon) not part of a loop","priority":"3"}, hasLongFeedbackText=false, reference=PMD, credits=0.0, positive=false, type=AUTOMATIC, visibility=null, testCase=null], FeedbackDTO[id=138, text=SCAFeedbackIdentifier:Potential Bugs, detailText={"filePath":"src/code/Client.java","startLine":94,"endLine":94,"startColumn":10,"endColumn":10,"rule":"EmptyStatementNotInLoop","category":"Error Prone","message":"An empty statement (semicolon) not part of a loop","priority":"3"}, hasLongFeedbackText=false, reference=PMD, credits=0.0, positive=false, type=AUTOMATIC, visibility=null, testCase=null], FeedbackDTO[id=139, text=SCAFeedbackIdentifier:Potential Bugs, detailText={"filePath":"src/code/Client.java","startLine":94,"endLine":94,"startColumn":11,"endColumn":11,"rule":"EmptyStatementNotInLoop","category":"Error Prone","message":"An empty statement (semicolon) not part of a loop","priority":"3"}, hasLongFeedbackText=false, reference=PMD, credits=0.0, positive=false, type=AUTOMATIC, visibility=null, testCase=null], FeedbackDTO[id=140, text=SCAFeedbackIdentifier:Code Style, detailText={"filePath":"src/code/Client.java","startLine":73,"endLine":73,"rule":"DLS_DEAD_LOCAL_STORE","category":"STYLE","message":"Dead store to randomDate in code.Client.createRandomDatesList()","priority":"2"}, hasLongFeedbackText=false, reference=SPOTBUGS, credits=0.0, positive=false, type=AUTOMATIC, visibility=null, testCase=null], FeedbackDTO[id=141, text=SCAFeedbackIdentifier:Bad Practice, detailText={"filePath":"src/code/Client.java","startLine":82,"endLine":95,"rule":"NM_METHOD_NAMING_CONVENTION","category":"BAD_PRACTICE","message":"The method name code.Client.CreateRandomDatesList() doesn't start with a lower case letter","priority":"3"}, hasLongFeedbackText=false, reference=SPOTBUGS, credits=0.0, positive=false, type=AUTOMATIC, visibility=null, testCase=null], FeedbackDTO[id=142, text=SCAFeedbackIdentifier:Performance, detailText={"filePath":"src/code/Client.java","startLine":82,"endLine":95,"rule":"UPM_UNCALLED_PRIVATE_METHOD","category":"PERFORMANCE","message":"Private method code.Client.CreateRandomDatesList() is never called","priority":"2"}, hasLongFeedbackText=false, reference=SPOTBUGS, credits=0.0, positive=false, type=AUTOMATIC, visibility=null, testCase=null], FeedbackDTO[id=143, text=SCAFeedbackIdentifier:Code Style, detailText={"filePath":"src/code/Client.java","startLine":70,"endLine":70,"startColumn":9,"endColumn":9,"rule":"NeedBracesCheck","category":"blocks","message":"'for' construct must use '{}'s.","priority":"error"}, hasLongFeedbackText=false, reference=CHECKSTYLE, credits=0.0, positive=false, type=AUTOMATIC, visibility=null, testCase=null], FeedbackDTO[id=144, text=SCAFeedbackIdentifier:Code Style, detailText={"filePath":"src/code/Client.java","startLine":93,"endLine":93,"startColumn":9,"endColumn":9,"rule":"EmptyStatementCheck","category":"coding","message":"Empty statement.","priority":"error"}, hasLongFeedbackText=false, reference=CHECKSTYLE, credits=0.0, positive=false, type=AUTOMATIC, visibility=null, testCase=null], FeedbackDTO[id=145, text=SCAFeedbackIdentifier:Code Style, detailText={"filePath":"src/code/Client.java","startLine":93,"endLine":93,"startColumn":10,"endColumn":10,"rule":"EmptyStatementCheck","category":"coding","message":"Empty statement.","priority":"error"}, hasLongFeedbackText=false, reference=CHECKSTYLE, credits=0.0, positive=false, type=AUTOMATIC, visibility=null, testCase=null], FeedbackDTO[id=146, text=SCAFeedbackIdentifier:Code Style, detailText={"filePath":"src/code/Client.java","startLine":93,"endLine":93,"startColumn":11,"endColumn":11,"rule":"EmptyStatementCheck","category":"coding","message":"Empty statement.","priority":"error"}, hasLongFeedbackText=false, reference=CHECKSTYLE, credits=0.0, positive=false, type=AUTOMATIC, visibility=null, testCase=null]], assessmentType=AUTOMATIC, hasComplaint=null, exampleResult=null, testCaseCount=13, passedTestCaseCount=1, codeIssueCount=15]], BuildJobQueueItem[id=4821739576584632, name=SHORT433BAC4500363044960B6E10DFA0493471B2TSTEXC-LOCALCIINTSTUDENT1, buildAgent=BuildAgentDTO[name=artemis-build-agent-test, memberAddress=[127.0.0.1]:5703, displayName=artemis-build-agent-test], participationId=482, courseId=154, exerciseId=305, retryCount=0, priority=2, status=SUCCESSFUL, repositoryInfo=RepositoryInfo[repositoryName=short433bac4500363044960b6e10dfa0493471b2tstexc-localciintstudent1, repositoryType=user, triggeredByPushTo=user, assignmentRepositoryUri=http://localhost:49152/git/SHORT433BAC4500363044960B6E10DFA0493471B2TSTEXC/short433bac4500363044960b6e10dfa0493471b2tstexc-localciintstudent1.git, testRepositoryUri=http://localhost:49152/git/SHORT433BAC4500363044960B6E10DFA0493471B2TSTEXC/short433bac4500363044960b6e10dfa0493471b2tstexc-tests.git, solutionRepositoryUri=null, auxiliaryRepositoryUris=[Ljava.lang.String;@6e03d78d, auxiliaryRepositoryCheckoutDirectories=[Ljava.lang.String;@244b9ce9], jobTimingInfo=JobTimingInfo[submissionDate=2025-02-14T23:43:04.632341258Z[Etc/UTC], buildStartDate=2025-02-14T23:43:04.637633457Z[Etc/UTC], buildCompletionDate=2025-02-14T23:43:06.421238953Z[Etc/UTC], estimatedCompletionDate=2025-02-14T23:43:23.637623879Z[Etc/UTC], estimatedDuration=19], buildConfig=BuildConfig[buildScript=#!/bin/bash
cd /var/tmp/testing-dir
chmod +x ./gradlew
./gradlew clean test
, dockerImage=dummy-docker-image:latest, commitHashToBuild=8355c4f3cd5d3e0443707d3310206e460e333c6f, assignmentCommitHash=8355c4f3cd5d3e0443707d3310206e460e333c6f, testCommitHash=8355c4f3cd5d3e0443707d3310206e460e333c6f, branch=main, programmingLanguage=JAVA, projectType=PLAIN_GRADLE, scaEnabled=false, sequentialTestRunsEnabled=false, resultPaths=[/var/tmp/testing-dir/**/test-results/test/*.xml], timeoutSeconds=0, assignmentCheckoutPath=null, testCheckoutPath=null, solutionCheckoutPath=null, dockerRunConfig=null], submissionResult=ResultDTO[id=137, completionDate=2025-02-14T23:43:06.404877412Z[Etc/UTC], successful=false, score=7.7, rated=true, submission=SubmissionDTO[id=125, submitted=true, type=MANUAL, exampleSubmission=null, submissionDate=2025-02-14T23:43:04.623230Z, commitHash=8355c4f3cd5d3e0443707d3310206e460e333c6f, buildFailed=false, buildArtifact=false, participation=ParticipationDTO[id=482, testRun=false, type=programming, submissionCount=null, exercise=ParticipationExerciseDTO[id=305, exerciseType=PROGRAMMING, type=programming, assessmentType=AUTOMATIC, dueDate=2025-02-16T23:43:04.425734Z, assessmentDueDate=null, maxPoints=42.0, course=CourseDTO[id=154, accuracyOfScores=1]]], submissionExerciseType=programming, isProcessing=false, buildStartDate=null, estimatedCompletionDate=null], participation=ParticipationDTO[id=482, testRun=false, type=programming, submissionCount=null, exercise=ParticipationExerciseDTO[id=305, exerciseType=PROGRAMMING, type=programming, assessmentType=AUTOMATIC, dueDate=2025-02-16T23:43:04.425734Z, assessmentDueDate=null, maxPoints=42.0, course=CourseDTO[id=154, accuracyOfScores=1]]], feedbacks=[FeedbackDTO[id=147, text=null, detailText=The exercise expects a class with the name Context in the package testpackage. You did not implement the class in the exercise., hasLongFeedbackText=false, reference=null, credits=0.0, positive=false, type=AUTOMATIC, visibility=ALWAYS, testCase=TestCaseDTO[testName=null, id=104]], FeedbackDTO[id=148, text=null, detailText=The exercise expects a class with the name Policy in the package testpackage. You did not implement the class in the exercise., hasLongFeedbackText=false, reference=null, credits=0.0, positive=false, type=AUTOMATIC, visibility=ALWAYS, testCase=TestCaseDTO[testName=null, id=105]], FeedbackDTO[id=149, text=null, detailText=The exercise expects a class with the name SortStrategy in the package testpackage. You did not implement the class in the exercise., hasLongFeedbackText=false, reference=null, credits=0.0, positive=false, type=AUTOMATIC, visibility=ALWAYS, testCase=TestCaseDTO[testName=null, id=106]], FeedbackDTO[id=150, text=null, detailText=The class 'MergeSort' does not implement the interface 'SortStrategy' as expected. Implement the interface and its methods., hasLongFeedbackText=false, reference=null, credits=0.0, positive=false, type=AUTOMATIC, visibility=ALWAYS, testCase=TestCaseDTO[testName=null, id=101]], FeedbackDTO[id=151, text=null, detailText=The exercise expects a class with the name SortStrategy in the package testpackage. You did not implement the class in the exercise., hasLongFeedbackText=false, reference=null, credits=0.0, positive=false, type=AUTOMATIC, visibility=ALWAYS, testCase=TestCaseDTO[testName=null, id=98]], FeedbackDTO[id=152, text=null, detailText=The class 'BubbleSort' does not implement the interface 'SortStrategy' as expected. Implement the interface and its methods., hasLongFeedbackText=false, reference=null, credits=0.0, positive=false, type=AUTOMATIC, visibility=ALWAYS, testCase=TestCaseDTO[testName=null, id=102]], FeedbackDTO[id=153, text=null, detailText=MergeSort does not sort correctly, hasLongFeedbackText=false, reference=null, credits=0.0, positive=false, type=AUTOMATIC, visibility=ALWAYS, testCase=TestCaseDTO[testName=null, id=107]], FeedbackDTO[id=154, text=null, detailText=The class 'Context' was not found within the submission. Make sure to implement it properly., hasLongFeedbackText=false, reference=null, credits=0.0, positive=false, type=AUTOMATIC, visibility=ALWAYS, testCase=TestCaseDTO[testName=null, id=108]], FeedbackDTO[id=155, text=null, detailText=The class 'Context' was not found within the submission. Make sure to implement it properly., hasLongFeedbackText=false, reference=null, credits=0.0, positive=false, type=AUTOMATIC, visibility=ALWAYS, testCase=TestCaseDTO[testName=null, id=109]], FeedbackDTO[id=156, text=null, detailText=The exercise expects a class with the name Policy in the package testpackage. You did not implement the class in the exercise., hasLongFeedbackText=false, reference=null, credits=0.0, positive=false, type=AUTOMATIC, visibility=ALWAYS, testCase=TestCaseDTO[testName=null, id=103]], FeedbackDTO[id=157, text=null, detailText=The exercise expects a class with the name Context in the package testpackage. You did not implement the class in the exercise., hasLongFeedbackText=false, reference=null, credits=0.0, positive=false, type=AUTOMATIC, visibility=ALWAYS, testCase=TestCaseDTO[testName=null, id=99]], FeedbackDTO[id=158, text=null, detailText=The exercise expects a class with the name Policy in the package testpackage. You did not implement the class in the exercise., hasLongFeedbackText=false, reference=null, credits=0.0, positive=false, type=AUTOMATIC, visibility=ALWAYS, testCase=TestCaseDTO[testName=null, id=100]], FeedbackDTO[id=159, text=null, detailText=null, hasLongFeedbackText=false, reference=null, credits=3.230769230769231, positive=true, type=AUTOMATIC, visibility=ALWAYS, testCase=TestCaseDTO[testName=null, id=110]]], assessmentType=AUTOMATIC, hasComplaint=null, exampleResult=null, testCaseCount=13, passedTestCaseCount=1, codeIssueCount=0]], BuildJobQueueItem[id=4851739576588371, name=SHORT495D587A0856D04A9E08BC60D2E08365FB9ETSTEXC-LOCALCIINTSTUDENT1, buildAgent=BuildAgentDTO[name=artemis-build-agent-test, memberAddress=[127.0.0.1]:5703, displayName=artemis-build-agent-test], participationId=485, courseId=155, exerciseId=306, retryCount=0, priority=2, status=FAILED, repositoryInfo=RepositoryInfo[repositoryName=short495d587a0856d04a9e08bc60d2e08365fb9etstexc-localciintstudent1, repositoryType=user, triggeredByPushTo=user, assignmentRepositoryUri=http://localhost:49152/git/SHORT495D587A0856D04A9E08BC60D2E08365FB9ETSTEXC/short495d587a0856d04a9e08bc60d2e08365fb9etstexc-localciintstudent1.git, testRepositoryUri=http://localhost:49152/git/SHORT495D587A0856D04A9E08BC60D2E08365FB9ETSTEXC/short495d587a0856d04a9e08bc60d2e08365fb9etstexc-tests.git, solutionRepositoryUri=null, auxiliaryRepositoryUris=[Ljava.lang.String;@48301bdd, auxiliaryRepositoryCheckoutDirectories=[Ljava.lang.String;@14f47d6c], jobTimingInfo=JobTimingInfo[submissionDate=2025-02-14T23:43:08.371015915Z[Etc/UTC], buildStartDate=2025-02-14T23:43:08.374658929Z[Etc/UTC], buildCompletionDate=2025-02-14T23:43:09.341007666Z[Etc/UTC], estimatedCompletionDate=2025-02-14T23:43:27.374650503Z[Etc/UTC], estimatedDuration=19], buildConfig=BuildConfig[buildScript=#!/bin/bash
cd /var/tmp/testing-dir
chmod +x ./gradlew
./gradlew clean test
, dockerImage=dummy-docker-image:latest, commitHashToBuild=ebb8aa4dc3625fe07e975266e18313ad871ce864, assignmentCommitHash=9b3a9bd71a0d80e5bbc42204c319ed3d1d4f0d6d, testCommitHash=9b3a9bd71a0d80e5bbc42204c319ed3d1d4f0d6d, branch=main, programmingLanguage=JAVA, projectType=PLAIN_GRADLE, scaEnabled=false, sequentialTestRunsEnabled=false, resultPaths=[/var/tmp/testing-dir/**/test-results/test/*.xml], timeoutSeconds=0, assignmentCheckoutPath=null, testCheckoutPath=null, solutionCheckoutPath=null, dockerRunConfig=null], submissionResult=ResultDTO[id=138, completionDate=2025-02-14T23:43:09.343306574Z[Etc/UTC], successful=false, score=0.0, rated=true, submission=SubmissionDTO[id=127, submitted=true, type=MANUAL, exampleSubmission=null, submissionDate=2025-02-14T23:43:09.343306574Z[Etc/UTC], commitHash=9b3a9bd71a0d80e5bbc42204c319ed3d1d4f0d6d, buildFailed=true, buildArtifact=false, participation=ParticipationDTO[id=485, testRun=false, type=programming, submissionCount=null, exercise=ParticipationExerciseDTO[id=306, exerciseType=PROGRAMMING, type=programming, assessmentType=AUTOMATIC, dueDate=2025-02-16T23:43:08.185273Z, assessmentDueDate=null, maxPoints=42.0, course=CourseDTO[id=155, accuracyOfScores=1]]], submissionExerciseType=programming, isProcessing=false, buildStartDate=null, estimatedCompletionDate=null], participation=ParticipationDTO[id=485, testRun=false, type=programming, submissionCount=null, exercise=ParticipationExerciseDTO[id=306, exerciseType=PROGRAMMING, type=programming, assessmentType=AUTOMATIC, dueDate=2025-02-16T23:43:08.185273Z, assessmentDueDate=null, maxPoints=42.0, course=CourseDTO[id=155, accuracyOfScores=1]]], feedbacks=[], assessmentType=AUTOMATIC, hasComplaint=null, exampleResult=null, testCaseCount=0, passedTestCaseCount=0, codeIssueCount=0]], BuildJobQueueItem[id=4881739576590204, name=SHORT80B5DD0E0D6B304EBB096E9020B949996A1CTSTEXC-LOCALCIINTSTUDENT1, buildAgent=BuildAgentDTO[name=artemis-build-agent-test, memberAddress=[127.0.0.1]:5703, displayName=artemis-build-agent-test], participationId=488, courseId=156, exerciseId=307, retryCount=0, priority=2, status=SUCCESSFUL, repositoryInfo=RepositoryInfo[repositoryName=short80b5dd0e0d6b304ebb096e9020b949996a1ctstexc-localciintstudent1, repositoryType=user, triggeredByPushTo=user, assignmentRepositoryUri=http://localhost:49152/git/SHORT80B5DD0E0D6B304EBB096E9020B949996A1CTSTEXC/short80b5dd0e0d6b304ebb096e9020b949996a1ctstexc-localciintstudent1.git, testRepositoryUri=http://localhost:49152/git/SHORT80B5DD0E0D6B304EBB096E9020B949996A1CTSTEXC/short80b5dd0e0d6b304ebb096e9020b949996a1ctstexc-tests.git, solutionRepositoryUri=null, auxiliaryRepositoryUris=[Ljava.lang.String;@643b7fc0, auxiliaryRepositoryCheckoutDirectories=[Ljava.lang.String;@1cef0b7a], jobTimingInfo=JobTimingInfo[submissionDate=2025-02-14T23:43:10.204264160Z[Etc/UTC], buildStartDate=2025-02-14T23:43:10.223149139Z[Etc/UTC], buildCompletionDate=2025-02-14T23:43:12.086509109Z[Etc/UTC], estimatedCompletionDate=2025-02-14T23:43:29.223142246Z[Etc/UTC], estimatedDuration=19], buildConfig=BuildConfig[buildScript=#!/bin/bash
cd /var/tmp/testing-dir
chmod +x ./gradlew
./gradlew clean test
, dockerImage=dummy-docker-image:latest, commitHashToBuild=b806a93102242552beed7c01b08b2769731814b3, assignmentCommitHash=b806a93102242552beed7c01b08b2769731814b3, testCommitHash=b806a93102242552beed7c01b08b2769731814b3, branch=main, programmingLanguage=JAVA, projectType=PLAIN_GRADLE, scaEnabled=false, sequentialTestRunsEnabled=false, resultPaths=[/var/tmp/testing-dir/**/test-results/test/*.xml], timeoutSeconds=0, assignmentCheckoutPath=null, testCheckoutPath=null, solutionCheckoutPath=null, dockerRunConfig=null], submissionResult=ResultDTO[id=139, completionDate=2025-02-14T23:43:12.066436124Z[Etc/UTC], successful=false, score=0.0, rated=true, submission=SubmissionDTO[id=128, submitted=true, type=MANUAL, exampleSubmission=null, submissionDate=2025-02-14T23:43:10.192407Z, commitHash=b806a93102242552beed7c01b08b2769731814b3, buildFailed=true, buildArtifact=false, participation=ParticipationDTO[id=488, testRun=false, type=programming, submissionCount=null, exercise=ParticipationExerciseDTO[id=307, exerciseType=PROGRAMMING, type=programming, assessmentType=AUTOMATIC, dueDate=2025-02-16T23:43:09.986646Z, assessmentDueDate=null, maxPoints=42.0, course=CourseDTO[id=156, accuracyOfScores=1]]], submissionExerciseType=programming, isProcessing=false, buildStartDate=null, estimatedCompletionDate=null], participation=ParticipationDTO[id=488, testRun=false, type=programming, submissionCount=null, exercise=ParticipationExerciseDTO[id=307, exerciseType=PROGRAMMING, type=programming, assessmentType=AUTOMATIC, dueDate=2025-02-16T23:43:09.986646Z, assessmentDueDate=null, maxPoints=42.0, course=CourseDTO[id=156, accuracyOfScores=1]]], feedbacks=[], assessmentType=AUTOMATIC, hasComplaint=null, exampleResult=null, testCaseCount=0, passedTestCaseCount=0, codeIssueCount=0]], BuildJobQueueItem[id=4911739576593817, name=SHORT585B2198089880462509B3007867E72DFB7ATSTEXC-LOCALCIINTSTUDENT1, buildAgent=BuildAgentDTO[name=artemis-build-agent-test, memberAddress=[127.0.0.1]:5703, displayName=artemis-build-agent-test], participationId=491, courseId=157, exerciseId=308, retryCount=0, priority=2, status=SUCCESSFUL, repositoryInfo=RepositoryInfo[repositoryName=short585b2198089880462509b3007867e72dfb7atstexc-localciintstudent1, repositoryType=user, triggeredByPushTo=user, assignmentRepositoryUri=http://localhost:49152/git/SHORT585B2198089880462509B3007867E72DFB7ATSTEXC/short585b2198089880462509b3007867e72dfb7atstexc-localciintstudent1.git, testRepositoryUri=http://localhost:49152/git/SHORT585B2198089880462509B3007867E72DFB7ATSTEXC/short585b2198089880462509b3007867e72dfb7atstexc-tests.git, solutionRepositoryUri=null, auxiliaryRepositoryUris=[Ljava.lang.String;@54c915c9, auxiliaryRepositoryCheckoutDirectories=[Ljava.lang.String;@63610d21], jobTimingInfo=JobTimingInfo[submissionDate=2025-02-14T23:43:13.817124706Z[Etc/UTC], buildStartDate=2025-02-14T23:43:13.834335931Z[Etc/UTC], buildCompletionDate=2025-02-14T23:43:15.746259139Z[Etc/UTC], estimatedCompletionDate=2025-02-14T23:43:32.834326082Z[Etc/UTC], estimatedDuration=19], buildConfig=BuildConfig[buildScript=#!/bin/bash
cd /var/tmp/testing-dir
chmod +x ./gradlew
./gradlew clean test
, dockerImage=dummy-docker-image:latest, commitHashToBuild=42077d078a5d5042fe2d4bd8299a990d342fce6e, assignmentCommitHash=42077d078a5d5042fe2d4bd8299a990d342fce6e, testCommitHash=42077d078a5d5042fe2d4bd8299a990d342fce6e, branch=main, programmingLanguage=JAVA, projectType=PLAIN_GRADLE, scaEnabled=false, sequentialTestRunsEnabled=false, resultPaths=[/var/tmp/testing-dir/**/test-results/test/*.xml], timeoutSeconds=0, assignmentCheckoutPath=null, testCheckoutPath=null, solutionCheckoutPath=null, dockerRunConfig=null], submissionResult=ResultDTO[id=140, completionDate=2025-02-14T23:43:15.725343914Z[Etc/UTC], successful=false, score=0.0, rated=true, submission=SubmissionDTO[id=129, submitted=true, type=MANUAL, exampleSubmission=null, submissionDate=2025-02-14T23:43:13.805401Z, commitHash=42077d078a5d5042fe2d4bd8299a990d342fce6e, buildFailed=false, buildArtifact=false, participation=ParticipationDTO[id=491, testRun=false, type=programming, submissionCount=null, exercise=ParticipationExerciseDTO[id=308, exerciseType=PROGRAMMING, type=programming, assessmentType=AUTOMATIC, dueDate=2025-02-16T23:43:13.569213Z, assessmentDueDate=null, maxPoints=42.0, course=CourseDTO[id=157, accuracyOfScores=1]]], submissionExerciseType=programming, isProcessing=false, buildStartDate=null, estimatedCompletionDate=null], participation=ParticipationDTO[id=491, testRun=false, type=programming, submissionCount=null, exercise=ParticipationExerciseDTO[id=308, exerciseType=PROGRAMMING, type=programming, assessmentType=AUTOMATIC, dueDate=2025-02-16T23:43:13.569213Z, assessmentDueDate=null, maxPoints=42.0, course=CourseDTO[id=157, accuracyOfScores=1]]], feedbacks=[FeedbackDTO[id=160, text=null, detailText=Deine Einreichung enthält keine Ausgabe. (67cac2), hasLongFeedbackText=false, reference=null, credits=0.0, positive=false, type=AUTOMATIC, visibility=ALWAYS, testCase=TestCaseDTO[testName=null, id=146]], FeedbackDTO[id=161, text=null, detailText=test `add` failed on ≥ 1 cases:
(0, 0)
Your submission raised an error Failure("TODO add"), hasLongFeedbackText=false, reference=null, credits=0.0, positive=false, type=AUTOMATIC, visibility=ALWAYS, testCase=TestCaseDTO[testName=null, id=149]], FeedbackDTO[id=162, text=null, detailText=test `filter` failed on ≥ 1 cases:
(even, [1; 2; 3; 4])
Your submission raised an error Failure("TODO filter"), hasLongFeedbackText=false, reference=null, credits=0.0, positive=false, type=AUTOMATIC, visibility=ALWAYS, testCase=TestCaseDTO[testName=null, id=148]], FeedbackDTO[id=163, text=null, detailText=Test was not executed., hasLongFeedbackText=false, reference=null, credits=0.0, positive=null, type=AUTOMATIC, visibility=null, testCase=TestCaseDTO[testName=null, id=137]], FeedbackDTO[id=164, text=null, detailText=Test was not executed., hasLongFeedbackText=false, reference=null, credits=0.0, positive=null, type=AUTOMATIC, visibility=null, testCase=TestCaseDTO[testName=null, id=138]], FeedbackDTO[id=165, text=null, detailText=Test was not executed., hasLongFeedbackText=false, reference=null, credits=0.0, positive=null, type=AUTOMATIC, visibility=null, testCase=TestCaseDTO[testName=null, id=139]], FeedbackDTO[id=166, text=null, detailText=Test was not executed., hasLongFeedbackText=false, reference=null, credits=0.0, positive=null, type=AUTOMATIC, visibility=null, testCase=TestCaseDTO[testName=null, id=140]], FeedbackDTO[id=167, text=null, detailText=Test was not executed., hasLongFeedbackText=false, reference=null, credits=0.0, positive=null, type=AUTOMATIC, visibility=null, testCase=TestCaseDTO[testName=null, id=141]], FeedbackDTO[id=168, text=null, detailText=Test was not executed., hasLongFeedbackText=false, reference=null, credits=0.0, positive=null, type=AUTOMATIC, visibility=null, testCase=TestCaseDTO[testName=null, id=142]], FeedbackDTO[id=169, text=null, detailText=Test was not executed., hasLongFeedbackText=false, reference=null, credits=0.0, positive=null, type=AUTOMATIC, visibility=null, testCase=TestCaseDTO[testName=null, id=143]], FeedbackDTO[id=170, text=null, detailText=Test was not executed., hasLongFeedbackText=false, reference=null, credits=0.0, positive=null, type=AUTOMATIC, visibility=null, testCase=TestCaseDTO[testName=null, id=144]], FeedbackDTO[id=171, text=null, detailText=Test was not executed., hasLongFeedbackText=false, reference=null, credits=0.0, positive=null, type=AUTOMATIC, visibility=null, testCase=TestCaseDTO[testName=null, id=145]], FeedbackDTO[id=172, text=null, detailText=Test was not executed., hasLongFeedbackText=false, reference=null, credits=0.0, positive=null, type=AUTOMATIC, visibility=null, testCase=TestCaseDTO[testName=null, id=147]]], assessmentType=AUTOMATIC, hasComplaint=null, exampleResult=null, testCaseCount=13, passedTestCaseCount=0, codeIssueCount=0]], BuildJobQueueItem[id=4941739576597286, name=SHORTFBCBD7BF0E6EB0451A080E80FCB407DC1F12TSTEXC-LOCALCIINTSTUDENT1, buildAgent=BuildAgentDTO[name=artemis-build-agent-test, memberAddress=[127.0.0.1]:5703, displayName=artemis-build-agent-test], participationId=494, courseId=158, exerciseId=309, retryCount=0, priority=2, status=SUCCESSFUL, repositoryInfo=RepositoryInfo[repositoryName=shortfbcbd7bf0e6eb0451a080e80fcb407dc1f12tstexc-localciintstudent1, repositoryType=user, triggeredByPushTo=user, assignmentRepositoryUri=http://localhost:49152/git/SHORTFBCBD7BF0E6EB0451A080E80FCB407DC1F12TSTEXC/shortfbcbd7bf0e6eb0451a080e80fcb407dc1f12tstexc-localciintstudent1.git, testRepositoryUri=http://localhost:49152/git/SHORTFBCBD7BF0E6EB0451A080E80FCB407DC1F12TSTEXC/shortfbcbd7bf0e6eb0451a080e80fcb407dc1f12tstexc-tests.git, solutionRepositoryUri=null, auxiliaryRepositoryUris=[Ljava.lang.String;@5c1bbbf2, auxiliaryRepositoryCheckoutDirectories=[Ljava.lang.String;@38cbcfd0], jobTimingInfo=JobTimingInfo[submissionDate=2025-02-14T23:43:17.286977233Z[Etc/UTC], buildStartDate=2025-02-14T23:43:17.293977347Z[Etc/UTC], buildCompletionDate=2025-02-14T23:43:18.740990762Z[Etc/UTC], estimatedCompletionDate=2025-02-14T23:43:36.293970494Z[Etc/UTC], estimatedDuration=19], buildConfig=BuildConfig[buildScript=#!/bin/bash
cd /var/tmp/testing-dir
chmod +x ./gradlew
./gradlew clean test
, dockerImage=dummy-docker-image:latest, commitHashToBuild=4a1af7e8a64e6505c5fc09b9f81ea41af9fcff44, assignmentCommitHash=4a1af7e8a64e6505c5fc09b9f81ea41af9fcff44, testCommitHash=4a1af7e8a64e6505c5fc09b9f81ea41af9fcff44, branch=main, programmingLanguage=JAVA, projectType=PLAIN_GRADLE, scaEnabled=false, sequentialTestRunsEnabled=false, resultPaths=[/var/tmp/testing-dir/**/test-results/test/*.xml], timeoutSeconds=0, assignmentCheckoutPath=null, testCheckoutPath=null, solutionCheckoutPath=null, dockerRunConfig=null], submissionResult=ResultDTO[id=141, completionDate=2025-02-14T23:43:18.729015138Z[Etc/UTC], successful=false, score=0.0, rated=true, submission=SubmissionDTO[id=130, submitted=true, type=MANUAL, exampleSubmission=null, submissionDate=2025-02-14T23:43:17.272936Z, commitHash=4a1af7e8a64e6505c5fc09b9f81ea41af9fcff44, buildFailed=true, buildArtifact=false, participation=ParticipationDTO[id=494, testRun=false, type=programming, submissionCount=null, exercise=ParticipationExerciseDTO[id=309, exerciseType=PROGRAMMING, type=programming, assessmentType=AUTOMATIC, dueDate=2025-02-16T23:43:17.147218Z, assessmentDueDate=null, maxPoints=42.0, course=CourseDTO[id=158, accuracyOfScores=1]]], submissionExerciseType=programming, isProcessing=false, buildStartDate=null, estimatedCompletionDate=null], participation=ParticipationDTO[id=494, testRun=false, type=programming, submissionCount=null, exercise=ParticipationExerciseDTO[id=309, exerciseType=PROGRAMMING, type=programming, assessmentType=AUTOMATIC, dueDate=2025-02-16T23:43:17.147218Z, assessmentDueDate=null, maxPoints=42.0, course=CourseDTO[id=158, accuracyOfScores=1]]], feedbacks=[], assessmentType=AUTOMATIC, hasComplaint=null, exampleResult=null, testCaseCount=0, passedTestCaseCount=0, codeIssueCount=0]], BuildJobQueueItem[id=4971739576599269, name=SHORT52AD57270517204728083260501A19D262D1TSTEXC-LOCALCIINTSTUDENT1, buildAgent=BuildAgentDTO[name=artemis-build-agent-test, memberAddress=[127.0.0.1]:5703, displayName=artemis-build-agent-test], participationId=497, courseId=159, exerciseId=310, retryCount=0, priority=2, status=SUCCESSFUL, repositoryInfo=RepositoryInfo[repositoryName=short52ad57270517204728083260501a19d262d1tstexc-localciintstudent1, repositoryType=user, triggeredByPushTo=user, assignmentRepositoryUri=http://localhost:49152/git/SHORT52AD57270517204728083260501A19D262D1TSTEXC/short52ad57270517204728083260501a19d262d1tstexc-localciintstudent1.git, testRepositoryUri=http://localhost:49152/git/SHORT52AD57270517204728083260501A19D262D1TSTEXC/short52ad57270517204728083260501a19d262d1tstexc-tests.git, solutionRepositoryUri=null, auxiliaryRepositoryUris=[Ljava.lang.String;@2430e25d, auxiliaryRepositoryCheckoutDirectories=[Ljava.lang.String;@4f53ebff], jobTimingInfo=JobTimingInfo[submissionDate=2025-02-14T23:43:19.269997499Z[Etc/UTC], buildStartDate=2025-02-14T23:43:19.277325895Z[Etc/UTC], buildCompletionDate=2025-02-14T23:43:20.497391524Z[Etc/UTC], estimatedCompletionDate=2025-02-14T23:43:38.277310787Z[Etc/UTC], estimatedDuration=19], buildConfig=BuildConfig[buildScript=#!/bin/bash
cd /var/tmp/testing-dir
chmod +x ./gradlew
./gradlew clean test
, dockerImage=dummy-docker-image:latest, commitHashToBuild=9f4f76247a188e9a0f3516a9fbd60e829d53fb05, assignmentCommitHash=9f4f76247a188e9a0f3516a9fbd60e829d53fb05, testCommitHash=9f4f76247a188e9a0f3516a9fbd60e829d53fb05, branch=main, programmingLanguage=JAVA, projectType=PLAIN_GRADLE, scaEnabled=false, sequentialTestRunsEnabled=false, resultPaths=[/var/tmp/testing-dir/**/test-results/test/*.xml], timeoutSeconds=0, assignmentCheckoutPath=null, testCheckoutPath=null, solutionCheckoutPath=null, dockerRunConfig=null], submissionResult=ResultDTO[id=142, completionDate=2025-02-14T23:43:20.484244187Z[Etc/UTC], successful=false, score=7.7, rated=true, submission=SubmissionDTO[id=131, submitted=true, type=MANUAL, exampleSubmission=null, submissionDate=2025-02-14T23:43:19.265464Z, commitHash=9f4f76247a188e9a0f3516a9fbd60e829d53fb05, buildFailed=false, buildArtifact=false, participation=ParticipationDTO[id=497, testRun=false, type=programming, submissionCount=null, exercise=ParticipationExerciseDTO[id=310, exerciseType=PROGRAMMING, type=programming, assessmentType=AUTOMATIC, dueDate=2025-02-16T23:43:19.182228Z, assessmentDueDate=null, maxPoints=42.0, course=CourseDTO[id=159, accuracyOfScores=1]]], submissionExerciseType=programming, isProcessing=false, buildStartDate=null, estimatedCompletionDate=null], participation=ParticipationDTO[id=497, testRun=false, type=programming, submissionCount=null, exercise=ParticipationExerciseDTO[id=310, exerciseType=PROGRAMMING, type=programming, assessmentType=AUTOMATIC, dueDate=2025-02-16T23:43:19.182228Z, assessmentDueDate=null, maxPoints=42.0, course=CourseDTO[id=159, accuracyOfScores=1]]], feedbacks=[FeedbackDTO[id=173, text=null, detailText=The exercise expects a class with the name Context in the package testpackage. You did not implement the class in the exercise., hasLongFeedbackText=false, reference=null, credits=0.0, positive=false, type=AUTOMATIC, visibility=ALWAYS, testCase=TestCaseDTO[testName=null, id=169]], FeedbackDTO[id=174, text=null, detailText=The exercise expects a class with the name Policy in the package testpackage. You did not implement the class in the exercise., hasLongFeedbackText=false, reference=null, credits=0.0, positive=false, type=AUTOMATIC, visibility=ALWAYS, testCase=TestCaseDTO[testName=null, id=170]], FeedbackDTO[id=175, text=null, detailText=The exercise expects a class with the name SortStrategy in the package testpackage. You did not implement the class in the exercise., hasLongFeedbackText=false, reference=null, credits=0.0, positive=false, type=AUTOMATIC, visibility=ALWAYS, testCase=TestCaseDTO[testName=null, id=171]], FeedbackDTO[id=176, text=null, detailText=The class 'MergeSort' does not implement the interface 'SortStrategy' as expected. Implement the interface and its methods., hasLongFeedbackText=false, reference=null, credits=0.0, positive=false, type=AUTOMATIC, visibility=ALWAYS, testCase=TestCaseDTO[testName=null, id=166]], FeedbackDTO[id=177, text=null, detailText=The exercise expects a class with the name SortStrategy in the package testpackage. You did not implement the class in the exercise., hasLongFeedbackText=false, reference=null, credits=0.0, positive=false, type=AUTOMATIC, visibility=ALWAYS, testCase=TestCaseDTO[testName=null, id=163]], FeedbackDTO[id=178, text=null, detailText=The class 'BubbleSort' does not implement the interface 'SortStrategy' as expected. Implement the interface and its methods., hasLongFeedbackText=false, reference=null, credits=0.0, positive=false, type=AUTOMATIC, visibility=ALWAYS, testCase=TestCaseDTO[testName=null, id=167]], FeedbackDTO[id=179, text=null, detailText=MergeSort does not sort correctly, hasLongFeedbackText=false, reference=null, credits=0.0, positive=false, type=AUTOMATIC, visibility=ALWAYS, testCase=TestCaseDTO[testName=null, id=172]], FeedbackDTO[id=180, text=null, detailText=The class 'Context' was not found within the submission. Make sure to implement it properly., hasLongFeedbackText=false, reference=null, credits=0.0, positive=false, type=AUTOMATIC, visibility=ALWAYS, testCase=TestCaseDTO[testName=null, id=173]], FeedbackDTO[id=181, text=null, detailText=The class 'Context' was not found within the submission. Make sure to implement it properly., hasLongFeedbackText=false, reference=null, credits=0.0, positive=false, type=AUTOMATIC, visibility=ALWAYS, testCase=TestCaseDTO[testName=null, id=174]], FeedbackDTO[id=182, text=null, detailText=The exercise expects a class with the name Policy in the package testpackage. You did not implement the class in the exercise., hasLongFeedbackText=false, reference=null, credits=0.0, positive=false, type=AUTOMATIC, visibility=ALWAYS, testCase=TestCaseDTO[testName=null, id=168]], FeedbackDTO[id=183, text=null, detailText=The exercise expects a class with the name Context in the package testpackage. You did not implement the class in the exercise., hasLongFeedbackText=false, reference=null, credits=0.0, positive=false, type=AUTOMATIC, visibility=ALWAYS, testCase=TestCaseDTO[testName=null, id=164]], FeedbackDTO[id=184, text=null, detailText=The exercise expects a class with the name Policy in the package testpackage. You did not implement the class in the exercise., hasLongFeedbackText=false, reference=null, credits=0.0, positive=false, type=AUTOMATIC, visibility=ALWAYS, testCase=TestCaseDTO[testName=null, id=165]], FeedbackDTO[id=185, text=null, detailText=null, hasLongFeedbackText=false, reference=null, credits=3.230769230769231, positive=true, type=AUTOMATIC, visibility=ALWAYS, testCase=TestCaseDTO[testName=null, id=175]]], assessmentType=AUTOMATIC, hasComplaint=null, exampleResult=null, testCaseCount=13, passedTestCaseCount=1, codeIssueCount=0]], BuildJobQueueItem[id=5001739576601035, name=SHORT582B1BDC0A17704D6D0A46800FC19163DA47TSTEXC-LOCALCIINTSTUDENT1, buildAgent=BuildAgentDTO[name=artemis-build-agent-test, memberAddress=[127.0.0.1]:5703, displayName=artemis-build-agent-test], participationId=500, courseId=160, exerciseId=311, retryCount=0, priority=2, status=SUCCESSFUL, repositoryInfo=RepositoryInfo[repositoryName=short582b1bdc0a17704d6d0a46800fc19163da47tstexc-localciintstudent1, repositoryType=user, triggeredByPushTo=user, assignmentRepositoryUri=http://localhost:49152/git/SHORT582B1BDC0A17704D6D0A46800FC19163DA47TSTEXC/short582b1bdc0a17704d6d0a46800fc19163da47tstexc-localciintstudent1.git, testRepositoryUri=http://localhost:49152/git/SHORT582B1BDC0A17704D6D0A46800FC19163DA47TSTEXC/short582b1bdc0a17704d6d0a46800fc19163da47tstexc-tests.git, solutionRepositoryUri=null, auxiliaryRepositoryUris=[Ljava.lang.String;@4e960dcc, auxiliaryRepositoryCheckoutDirectories=[Ljava.lang.String;@28c5fe81], jobTimingInfo=JobTimingInfo[submissionDate=2025-02-14T23:43:21.035120760Z[Etc/UTC], buildStartDate=2025-02-14T23:43:21.040320383Z[Etc/UTC], buildCompletionDate=2025-02-14T23:43:22.581236903Z[Etc/UTC], estimatedCompletionDate=2025-02-14T23:43:40.040312057Z[Etc/UTC], estimatedDuration=19], buildConfig=BuildConfig[buildScript=#!/bin/bash
cd /var/tmp/testing-dir
chmod +x ./gradlew
./gradlew clean test
, dockerImage=dummy-docker-image:latest, commitHashToBuild=887566cf754016f986627cf5c5c365dea16c907f, assignmentCommitHash=887566cf754016f986627cf5c5c365dea16c907f, testCommitHash=6af67146332066e7430917928a4b9b81c43b7c71, branch=main, programmingLanguage=JAVA, projectType=PLAIN_GRADLE, scaEnabled=false, sequentialTestRunsEnabled=false, resultPaths=[/var/tmp/testing-dir/**/test-results/test/*.xml], timeoutSeconds=0, assignmentCheckoutPath=customAssignmentPath, testCheckoutPath=null, solutionCheckoutPath=null, dockerRunConfig=null], submissionResult=ResultDTO[id=143, completionDate=2025-02-14T23:43:22.538158998Z[Etc/UTC], successful=false, score=7.7, rated=true, submission=SubmissionDTO[id=132, submitted=true, type=MANUAL, exampleSubmission=null, submissionDate=2025-02-14T23:43:21.028930Z, commitHash=887566cf754016f986627cf5c5c365dea16c907f, buildFailed=false, buildArtifact=false, participation=ParticipationDTO[id=500, testRun=false, type=programming, submissionCount=null, exercise=ParticipationExerciseDTO[id=311, exerciseType=PROGRAMMING, type=programming, assessmentType=AUTOMATIC, dueDate=2025-02-16T23:43:20.897280Z, assessmentDueDate=null, maxPoints=42.0, course=CourseDTO[id=160, accuracyOfScores=1]]], submissionExerciseType=programming, isProcessing=false, buildStartDate=null, estimatedCompletionDate=null], participation=ParticipationDTO[id=500, testRun=false, type=programming, submissionCount=null, exercise=ParticipationExerciseDTO[id=311, exerciseType=PROGRAMMING, type=programming, assessmentType=AUTOMATIC, dueDate=2025-02-16T23:43:20.897280Z, assessmentDueDate=null, maxPoints=42.0, course=CourseDTO[id=160, accuracyOfScores=1]]], feedbacks=[FeedbackDTO[id=186, text=null, detailText=The exercise expects a class with the name Context in the package testpackage. You did not implement the class in the exercise., hasLongFeedbackText=false, reference=null, credits=0.0, positive=false, type=AUTOMATIC, visibility=ALWAYS, testCase=TestCaseDTO[testName=null, id=182]], FeedbackDTO[id=187, text=null, detailText=The exercise expects a class with the name Policy in the package testpackage. You did not implement the class in the exercise., hasLongFeedbackText=false, reference=null, credits=0.0, positive=false, type=AUTOMATIC, visibility=ALWAYS, testCase=TestCaseDTO[testName=null, id=183]], FeedbackDTO[id=188, text=null, detailText=The exercise expects a class with the name SortStrategy in the package testpackage. You did not implement the class in the exercise., hasLongFeedbackText=false, reference=null, credits=0.0, positive=false, type=AUTOMATIC, visibility=ALWAYS, testCase=TestCaseDTO[testName=null, id=184]], FeedbackDTO[id=189, text=null, detailText=The class 'MergeSort' does not implement the interface 'SortStrategy' as expected. Implement the interface and its methods., hasLongFeedbackText=false, reference=null, credits=0.0, positive=false, type=AUTOMATIC, visibility=ALWAYS, testCase=TestCaseDTO[testName=null, id=179]], FeedbackDTO[id=190, text=null, detailText=The exercise expects a class with the name SortStrategy in the package testpackage. You did not implement the class in the exercise., hasLongFeedbackText=false, reference=null, credits=0.0, positive=false, type=AUTOMATIC, visibility=ALWAYS, testCase=TestCaseDTO[testName=null, id=176]], FeedbackDTO[id=191, text=null, detailText=The class 'BubbleSort' does not implement the interface 'SortStrategy' as expected. Implement the interface and its methods., hasLongFeedbackText=false, reference=null, credits=0.0, positive=false, type=AUTOMATIC, visibility=ALWAYS, testCase=TestCaseDTO[testName=null, id=180]], FeedbackDTO[id=192, text=null, detailText=MergeSort does not sort correctly, hasLongFeedbackText=false, reference=null, credits=0.0, positive=false, type=AUTOMATIC, visibility=ALWAYS, testCase=TestCaseDTO[testName=null, id=185]], FeedbackDTO[id=193, text=null, detailText=The class 'Context' was not found within the submission. Make sure to implement it properly., hasLongFeedbackText=false, reference=null, credits=0.0, positive=false, type=AUTOMATIC, visibility=ALWAYS, testCase=TestCaseDTO[testName=null, id=186]], FeedbackDTO[id=194, text=null, detailText=The class 'Context' was not found within the submission. Make sure to implement it properly., hasLongFeedbackText=false, reference=null, credits=0.0, positive=false, type=AUTOMATIC, visibility=ALWAYS, testCase=TestCaseDTO[testName=null, id=187]], FeedbackDTO[id=195, text=null, detailText=The exercise expects a class with the name Policy in the package testpackage. You did not implement the class in the exercise., hasLongFeedbackText=false, reference=null, credits=0.0, positive=false, type=AUTOMATIC, visibility=ALWAYS, testCase=TestCaseDTO[testName=null, id=181]], FeedbackDTO[id=196, text=null, detailText=The exercise expects a class with the name Context in the package testpackage. You did not implement the class in the exercise., hasLongFeedbackText=false, reference=null, credits=0.0, positive=false, type=AUTOMATIC, visibility=ALWAYS, testCase=TestCaseDTO[testName=null, id=177]], FeedbackDTO[id=197, text=null, detailText=The exercise expects a class with the name Policy in the package testpackage. You did not implement the class in the exercise., hasLongFeedbackText=false, reference=null, credits=0.0, positive=false, type=AUTOMATIC, visibility=ALWAYS, testCase=TestCaseDTO[testName=null, id=178]], FeedbackDTO[id=198, text=null, detailText=null, hasLongFeedbackText=false, reference=null, credits=3.230769230769231, positive=true, type=AUTOMATIC, visibility=ALWAYS, testCase=TestCaseDTO[testName=null, id=188]]], assessmentType=AUTOMATIC, hasComplaint=null, exampleResult=null, testCaseCount=13, passedTestCaseCount=1, codeIssueCount=0]], BuildJobQueueItem[id=5031739576604847, name=SHORT00FA1A240403404C7E097D7007C591BE2AB1TSTEXC-LOCALCIINTSTUDENT1, buildAgent=BuildAgentDTO[name=artemis-build-agent-test, memberAddress=[127.0.0.1]:5703, displayName=artemis-build-agent-test], participationId=503, courseId=161, exerciseId=312, retryCount=0, priority=2, status=FAILED, repositoryInfo=RepositoryInfo[repositoryName=short00fa1a240403404c7e097d7007c591be2ab1tstexc-localciintstudent1, repositoryType=user, triggeredByPushTo=user, assignmentRepositoryUri=http://localhost:49152/git/SHORT00FA1A240403404C7E097D7007C591BE2AB1TSTEXC/short00fa1a240403404c7e097d7007c591be2ab1tstexc-localciintstudent1.git, testRepositoryUri=http://localhost:49152/git/SHORT00FA1A240403404C7E097D7007C591BE2AB1TSTEXC/short00fa1a240403404c7e097d7007c591be2ab1tstexc-tests.git, solutionRepositoryUri=null, auxiliaryRepositoryUris=[Ljava.lang.String;@b44c3ce, auxiliaryRepositoryCheckoutDirectories=[Ljava.lang.String;@5b98dd4a], jobTimingInfo=JobTimingInfo[submissionDate=2025-02-14T23:43:24.847396156Z[Etc/UTC], buildStartDate=2025-02-14T23:43:24.860457211Z[Etc/UTC], buildCompletionDate=2025-02-14T23:43:26.809353681Z[Etc/UTC], estimatedCompletionDate=2025-02-14T23:43:46.860451490Z[Etc/UTC], estimatedDuration=22], buildConfig=BuildConfig[buildScript=#!/bin/bash
cd /var/tmp/testing-dir
chmod +x ./gradlew
./gradlew clean test
, dockerImage=dummy-docker-image:latest, commitHashToBuild=9690714a509af0a98c6790a7e52ee3574c7ef689, assignmentCommitHash=9690714a509af0a98c6790a7e52ee3574c7ef689, testCommitHash=9690714a509af0a98c6790a7e52ee3574c7ef689, branch=main, programmingLanguage=JAVA, projectType=PLAIN_GRADLE, scaEnabled=false, sequentialTestRunsEnabled=false, resultPaths=[/var/tmp/testing-dir/**/test-results/test/*.xml], timeoutSeconds=0, assignmentCheckoutPath=null, testCheckoutPath=null, solutionCheckoutPath=null, dockerRunConfig=null], submissionResult=ResultDTO[id=144, completionDate=2025-02-14T23:43:26.809483684Z[Etc/UTC], successful=false, score=0.0, rated=true, submission=SubmissionDTO[id=133, submitted=true, type=MANUAL, exampleSubmission=null, submissionDate=2025-02-14T23:43:24.841319Z, commitHash=9690714a509af0a98c6790a7e52ee3574c7ef689, buildFailed=true, buildArtifact=false, participation=ParticipationDTO[id=503, testRun=false, type=programming, submissionCount=null, exercise=ParticipationExerciseDTO[id=312, exerciseType=PROGRAMMING, type=programming, assessmentType=AUTOMATIC, dueDate=2025-02-16T23:43:24.571329Z, assessmentDueDate=null, maxPoints=42.0, course=CourseDTO[id=161, accuracyOfScores=1]]], submissionExerciseType=programming, isProcessing=false, buildStartDate=null, estimatedCompletionDate=null], participation=ParticipationDTO[id=503, testRun=false, type=programming, submissionCount=null, exercise=ParticipationExerciseDTO[id=312, exerciseType=PROGRAMMING, type=programming, assessmentType=AUTOMATIC, dueDate=2025-02-16T23:43:24.571329Z, assessmentDueDate=null, maxPoints=42.0, course=CourseDTO[id=161, accuracyOfScores=1]]], feedbacks=[], assessmentType=AUTOMATIC, hasComplaint=null, exampleResult=null, testCaseCount=0, passedTestCaseCount=0, codeIssueCount=0]], BuildJobQueueItem[id=5061739576605250, name=SHORT62C808EE04ECE040740AF7B0CF3AE5F5BEF2TSTEXC-LOCALCIINTSTUDENT1, buildAgent=BuildAgentDTO[name=artemis-build-agent-test, memberAddress=[127.0.0.1]:5703, displayName=artemis-build-agent-test], participationId=506, courseId=162, exerciseId=313, retryCount=0, priority=2, status=SUCCESSFUL, repositoryInfo=RepositoryInfo[repositoryName=short62c808ee04ece040740af7b0cf3ae5f5bef2tstexc-localciintstudent1, repositoryType=user, triggeredByPushTo=user, assignmentRepositoryUri=http://localhost:49152/git/SHORT62C808EE04ECE040740AF7B0CF3AE5F5BEF2TSTEXC/short62c808ee04ece040740af7b0cf3ae5f5bef2tstexc-localciintstudent1.git, testRepositoryUri=http://localhost:49152/git/SHORT62C808EE04ECE040740AF7B0CF3AE5F5BEF2TSTEXC/short62c808ee04ece040740af7b0cf3ae5f5bef2tstexc-tests.git, solutionRepositoryUri=null, auxiliaryRepositoryUris=[Ljava.lang.String;@259e5398, auxiliaryRepositoryCheckoutDirectories=[Ljava.lang.String;@2228905c], jobTimingInfo=JobTimingInfo[submissionDate=2025-02-14T23:43:25.250749866Z[Etc/UTC], buildStartDate=2025-02-14T23:43:26.820713075Z[Etc/UTC], buildCompletionDate=2025-02-14T23:43:28.304236378Z[Etc/UTC], estimatedCompletionDate=2025-02-14T23:43:45.820704920Z[Etc/UTC], estimatedDuration=19], buildConfig=BuildConfig[buildScript=#!/bin/bash
cd /var/tmp/testing-dir
chmod +x ./gradlew
./gradlew clean test
, dockerImage=dummy-docker-image:latest, commitHashToBuild=993b6f756e3e52a44d0537d4fa3a5d0e0acdbe89, assignmentCommitHash=993b6f756e3e52a44d0537d4fa3a5d0e0acdbe89, testCommitHash=993b6f756e3e52a44d0537d4fa3a5d0e0acdbe89, branch=main, programmingLanguage=JAVA, projectType=null, scaEnabled=false, sequentialTestRunsEnabled=false, resultPaths=[/var/tmp/testing-dir/**/test-results/test/*.xml], timeoutSeconds=0, assignmentCheckoutPath=null, testCheckoutPath=null, solutionCheckoutPath=null, dockerRunConfig=null], submissionResult=null]], publicSshKey=ssh-rsa AAAAB3NzaC1yc2EAAAADAQABAAACAQCOPdMsxRE2jFJ/UEa5/LsBxtwzJcrh3/rYBCQvcMeVpiRfhzQPWu7mrt/G2Ew+i+vRloGH9aqKg6dd1liRncao53Zmd/ePxoatXePNhmzTfkCkcSkTUz7B+QMjkoDDV5jwuFPD6mF3JkhuzSi64n9Zy905t4w2IhVcjM2mL3eYNjiCXt6Qpq3Pkt7dM/Ksw1nxnvuiIALuJLB3FTkXkHqq3PJav+9HSq2r6ZaWgekneaGxlQlb+U+Vy3XOuArKAzK8c8i+0bR+AHiTG6ncYXt7ax3U+TdlDTF7OLP3umwaYjs1NBXOHwG42pevvpKn2fqavZZozk+M05jXLx3bq0O7itxfErWc7etky8qYPyyIMF/txQIVLd78+Ze4d7Y60t5MGbXM5cGE6fFif5fEJwgswXD+BrG0cafz1CTatjSKFdvp8Vp4VszXhHDan1PrP6JEFJ5Cc5GDmLRZPCFa3vL9f5qXgf4bkqKN8MYeEujwJE5nMRWoiJVNakix2bcrrneQMBlnYeYZVWXXXUusAQBzl4NgddC1umZpihZkL1b1MffZAUW3EGEXi7KHnllQhkTLLsQ8ntMgbylqaJKStqaXlLvdeRJcEnUuiFCrHEVVbXRFZR7XVDZ02CE5o3MuaRPty8Kh+jRTF3COlAckHwYEJCNNJvXFgb2CNXL4mjzYDw== test@localhost]
    23:43:28.375 | 566 localvc.event-13 | DEBUG | s.l.LocalCIWebsocketMessagingService : Sending message on topic /topic/admin/build-agents: [BuildAgentInformation[buildAgent=BuildAgentDTO[name=artemis-build-agent-test, memberAddress=[127.0.0.1]:5703, displayName=artemis-build-agent-test], maxNumberOfConcurrentBuildJobs=1, numberOfCurrentBuildJobs=0, runningBuildJobs=[], status=IDLE, recentBuildJobs=null, publicSshKey=null]]
    23:43:28.378 | 566 localvc.event-13 | DEBUG | s.l.LocalCIWebsocketMessagingService : Sending message on topic /topic/admin/build-agent/artemis-build-agent-test: BuildAgentInformation[buildAgent=BuildAgentDTO[name=artemis-build-agent-test, memberAddress=[127.0.0.1]:5703, displayName=artemis-build-agent-test], maxNumberOfConcurrentBuildJobs=1, numberOfCurrentBuildJobs=0, runningBuildJobs=[], status=IDLE, recentBuildJobs=[BuildJobQueueItem[id=4621739576562326, name=SHORT43ACF76B02BC1044B80938509D14043FABDETSTEXC-LOCALCIINTSTUDENT1, buildAgent=BuildAgentDTO[name=artemis-build-agent-test, memberAddress=[127.0.0.1]:5703, displayName=artemis-build-agent-test], participationId=462, courseId=147, exerciseId=298, retryCount=0, priority=2, status=SUCCESSFUL, repositoryInfo=RepositoryInfo[repositoryName=short43acf76b02bc1044b80938509d14043fabdetstexc-localciintstudent1, repositoryType=user, triggeredByPushTo=user, assignmentRepositoryUri=http://localhost:49152/git/SHORT43ACF76B02BC1044B80938509D14043FABDETSTEXC/short43acf76b02bc1044b80938509d14043fabdetstexc-localciintstudent1.git, testRepositoryUri=http://localhost:49152/git/SHORT43ACF76B02BC1044B80938509D14043FABDETSTEXC/short43acf76b02bc1044b80938509d14043fabdetstexc-tests.git, solutionRepositoryUri=null, auxiliaryRepositoryUris=[Ljava.lang.String;@45e50005, auxiliaryRepositoryCheckoutDirectories=[Ljava.lang.String;@23a9d295], jobTimingInfo=JobTimingInfo[submissionDate=2025-02-14T23:42:42.326978596Z[Etc/UTC], buildStartDate=2025-02-14T23:42:42.420147010Z[Etc/UTC], buildCompletionDate=2025-02-14T23:42:45.573855829Z[Etc/UTC], estimatedCompletionDate=2025-02-14T23:43:01.420129377Z[Etc/UTC], estimatedDuration=19], buildConfig=BuildConfig[buildScript=#!/bin/bash
cd /var/tmp/testing-dir
chmod +x ./gradlew
./gradlew clean test
, dockerImage=dummy-docker-image:latest, commitHashToBuild=a9c717ccf7bcbe9531d3eee21dbaeb5aab2ff971, assignmentCommitHash=a9c717ccf7bcbe9531d3eee21dbaeb5aab2ff971, testCommitHash=a9c717ccf7bcbe9531d3eee21dbaeb5aab2ff971, branch=main, programmingLanguage=JAVA, projectType=PLAIN_GRADLE, scaEnabled=false, sequentialTestRunsEnabled=false, resultPaths=[/var/tmp/testing-dir/**/test-results/test/*.xml], timeoutSeconds=0, assignmentCheckoutPath=null, testCheckoutPath=null, solutionCheckoutPath=null, dockerRunConfig=DockerRunConfig[isNetworkDisabled=true, env=[key=value]]], submissionResult=ResultDTO[id=132, completionDate=2025-02-14T23:42:45.519869118Z[Etc/UTC], successful=false, score=7.7, rated=true, submission=SubmissionDTO[id=119, submitted=true, type=MANUAL, exampleSubmission=null, submissionDate=2025-02-14T23:42:42.302762Z, commitHash=a9c717ccf7bcbe9531d3eee21dbaeb5aab2ff971, buildFailed=false, buildArtifact=false, participation=ParticipationDTO[id=462, testRun=false, type=programming, submissionCount=null, exercise=ParticipationExerciseDTO[id=298, exerciseType=PROGRAMMING, type=programming, assessmentType=AUTOMATIC, dueDate=2025-02-16T23:42:41.553955Z, assessmentDueDate=null, maxPoints=42.0, course=CourseDTO[id=147, accuracyOfScores=1]]], submissionExerciseType=programming, isProcessing=false, buildStartDate=null, estimatedCompletionDate=null], participation=ParticipationDTO[id=462, testRun=false, type=programming, submissionCount=null, exercise=ParticipationExerciseDTO[id=298, exerciseType=PROGRAMMING, type=programming, assessmentType=AUTOMATIC, dueDate=2025-02-16T23:42:41.553955Z, assessmentDueDate=null, maxPoints=42.0, course=CourseDTO[id=147, accuracyOfScores=1]]], feedbacks=[FeedbackDTO[id=67, text=null, detailText=The exercise expects a class with the name Context in the package testpackage. You did not implement the class in the exercise., hasLongFeedbackText=false, reference=null, credits=0.0, positive=false, type=AUTOMATIC, visibility=ALWAYS, testCase=TestCaseDTO[testName=null, id=13]], FeedbackDTO[id=68, text=null, detailText=The exercise expects a class with the name Policy in the package testpackage. You did not implement the class in the exercise., hasLongFeedbackText=false, reference=null, credits=0.0, positive=false, type=AUTOMATIC, visibility=ALWAYS, testCase=TestCaseDTO[testName=null, id=14]], FeedbackDTO[id=69, text=null, detailText=The exercise expects a class with the name SortStrategy in the package testpackage. You did not implement the class in the exercise., hasLongFeedbackText=false, reference=null, credits=0.0, positive=false, type=AUTOMATIC, visibility=ALWAYS, testCase=TestCaseDTO[testName=null, id=15]], FeedbackDTO[id=70, text=null, detailText=The class 'MergeSort' does not implement the interface 'SortStrategy' as expected. Implement the interface and its methods., hasLongFeedbackText=false, reference=null, credits=0.0, positive=false, type=AUTOMATIC, visibility=ALWAYS, testCase=TestCaseDTO[testName=null, id=10]], FeedbackDTO[id=71, text=null, detailText=The exercise expects a class with the name SortStrategy in the package testpackage. You did not implement the class in the exercise., hasLongFeedbackText=false, reference=null, credits=0.0, positive=false, type=AUTOMATIC, visibility=ALWAYS, testCase=TestCaseDTO[testName=null, id=7]], FeedbackDTO[id=72, text=null, detailText=The class 'BubbleSort' does not implement the interface 'SortStrategy' as expected. Implement the interface and its methods., hasLongFeedbackText=false, reference=null, credits=0.0, positive=false, type=AUTOMATIC, visibility=ALWAYS, testCase=TestCaseDTO[testName=null, id=11]], FeedbackDTO[id=73, text=null, detailText=MergeSort does not sort correctly, hasLongFeedbackText=false, reference=null, credits=0.0, positive=false, type=AUTOMATIC, visibility=ALWAYS, testCase=TestCaseDTO[testName=null, id=16]], FeedbackDTO[id=74, text=null, detailText=The class 'Context' was not found within the submission. Make sure to implement it properly., hasLongFeedbackText=false, reference=null, credits=0.0, positive=false, type=AUTOMATIC, visibility=ALWAYS, testCase=TestCaseDTO[testName=null, id=17]], FeedbackDTO[id=75, text=null, detailText=The class 'Context' was not found within the submission. Make sure to implement it properly., hasLongFeedbackText=false, reference=null, credits=0.0, positive=false, type=AUTOMATIC, visibility=ALWAYS, testCase=TestCaseDTO[testName=null, id=18]], FeedbackDTO[id=76, text=null, detailText=The exercise expects a class with the name Policy in the package testpackage. You did not implement the class in the exercise., hasLongFeedbackText=false, reference=null, credits=0.0, positive=false, type=AUTOMATIC, visibility=ALWAYS, testCase=TestCaseDTO[testName=null, id=12]], FeedbackDTO[id=77, text=null, detailText=The exercise expects a class with the name Context in the package testpackage. You did not implement the class in the exercise., hasLongFeedbackText=false, reference=null, credits=0.0, positive=false, type=AUTOMATIC, visibility=ALWAYS, testCase=TestCaseDTO[testName=null, id=8]], FeedbackDTO[id=78, text=null, detailText=The exercise expects a class with the name Policy in the package testpackage. You did not implement the class in the exercise., hasLongFeedbackText=false, reference=null, credits=0.0, positive=false, type=AUTOMATIC, visibility=ALWAYS, testCase=TestCaseDTO[testName=null, id=9]], FeedbackDTO[id=79, text=null, detailText=null, hasLongFeedbackText=false, reference=null, credits=3.230769230769231, positive=true, type=AUTOMATIC, visibility=ALWAYS, testCase=TestCaseDTO[testName=null, id=19]]], assessmentType=AUTOMATIC, hasComplaint=null, exampleResult=null, testCaseCount=13, passedTestCaseCount=1, codeIssueCount=0]], BuildJobQueueItem[id=4651739576569330, name=SHORTB06DD3F905F4604F6E085260D83ED657A6DFTSTEXC-LOCALCIINTSTUDENT1, buildAgent=BuildAgentDTO[name=artemis-build-agent-test, memberAddress=[127.0.0.1]:5703, displayName=artemis-build-agent-test], participationId=465, courseId=148, exerciseId=299, retryCount=0, priority=2, status=SUCCESSFUL, repositoryInfo=RepositoryInfo[repositoryName=shortb06dd3f905f4604f6e085260d83ed657a6dftstexc-localciintstudent1, repositoryType=user, triggeredByPushTo=user, assignmentRepositoryUri=http://localhost:49152/git/SHORTB06DD3F905F4604F6E085260D83ED657A6DFTSTEXC/shortb06dd3f905f4604f6e085260d83ed657a6dftstexc-localciintstudent1.git, testRepositoryUri=http://localhost:49152/git/SHORTB06DD3F905F4604F6E085260D83ED657A6DFTSTEXC/shortb06dd3f905f4604f6e085260d83ed657a6dftstexc-tests.git, solutionRepositoryUri=null, auxiliaryRepositoryUris=[Ljava.lang.String;@57e9bfc9, auxiliaryRepositoryCheckoutDirectories=[Ljava.lang.String;@41d54cbf], jobTimingInfo=JobTimingInfo[submissionDate=2025-02-14T23:42:49.330093960Z[Etc/UTC], buildStartDate=2025-02-14T23:42:49.347797345Z[Etc/UTC], buildCompletionDate=2025-02-14T23:42:51.204319751Z[Etc/UTC], estimatedCompletionDate=2025-02-14T23:43:08.347788449Z[Etc/UTC], estimatedDuration=19], buildConfig=BuildConfig[buildScript=#!/bin/bash
cd /var/tmp/testing-dir
chmod +x ./gradlew
./gradlew clean test
, dockerImage=dummy-docker-image:latest, commitHashToBuild=41581fff25954d36cf07586926ee0c77d1003131, assignmentCommitHash=41581fff25954d36cf07586926ee0c77d1003131, testCommitHash=41581fff25954d36cf07586926ee0c77d1003131, branch=main, programmingLanguage=JAVA, projectType=PLAIN_GRADLE, scaEnabled=false, sequentialTestRunsEnabled=false, resultPaths=[/var/tmp/testing-dir/**/test-results/test/*.xml], timeoutSeconds=0, assignmentCheckoutPath=null, testCheckoutPath=null, solutionCheckoutPath=null, dockerRunConfig=null], submissionResult=ResultDTO[id=133, completionDate=2025-02-14T23:42:51.155372920Z[Etc/UTC], successful=false, score=7.7, rated=true, submission=SubmissionDTO[id=120, submitted=true, type=MANUAL, exampleSubmission=null, submissionDate=2025-02-14T23:42:49.321855Z, commitHash=41581fff25954d36cf07586926ee0c77d1003131, buildFailed=false, buildArtifact=false, participation=ParticipationDTO[id=465, testRun=false, type=programming, submissionCount=null, exercise=ParticipationExerciseDTO[id=299, exerciseType=PROGRAMMING, type=programming, assessmentType=AUTOMATIC, dueDate=2025-02-16T23:42:49.163661Z, assessmentDueDate=null, maxPoints=42.0, course=CourseDTO[id=148, accuracyOfScores=1]]], submissionExerciseType=programming, isProcessing=false, buildStartDate=null, estimatedCompletionDate=null], participation=ParticipationDTO[id=465, testRun=false, type=programming, submissionCount=null, exercise=ParticipationExerciseDTO[id=299, exerciseType=PROGRAMMING, type=programming, assessmentType=AUTOMATIC, dueDate=2025-02-16T23:42:49.163661Z, assessmentDueDate=null, maxPoints=42.0, course=CourseDTO[id=148, accuracyOfScores=1]]], feedbacks=[FeedbackDTO[id=80, text=null, detailText=The exercise expects a class with the name Context in the package testpackage. You did not implement the class in the exercise., hasLongFeedbackText=false, reference=null, credits=0.0, positive=false, type=AUTOMATIC, visibility=ALWAYS, testCase=TestCaseDTO[testName=null, id=26]], FeedbackDTO[id=81, text=null, detailText=The exercise expects a class with the name Policy in the package testpackage. You did not implement the class in the exercise., hasLongFeedbackText=false, reference=null, credits=0.0, positive=false, type=AUTOMATIC, visibility=ALWAYS, testCase=TestCaseDTO[testName=null, id=27]], FeedbackDTO[id=82, text=null, detailText=The exercise expects a class with the name SortStrategy in the package testpackage. You did not implement the class in the exercise., hasLongFeedbackText=false, reference=null, credits=0.0, positive=false, type=AUTOMATIC, visibility=ALWAYS, testCase=TestCaseDTO[testName=null, id=28]], FeedbackDTO[id=83, text=null, detailText=The class 'MergeSort' does not implement the interface 'SortStrategy' as expected. Implement the interface and its methods., hasLongFeedbackText=false, reference=null, credits=0.0, positive=false, type=AUTOMATIC, visibility=ALWAYS, testCase=TestCaseDTO[testName=null, id=23]], FeedbackDTO[id=84, text=null, detailText=The exercise expects a class with the name SortStrategy in the package testpackage. You did not implement the class in the exercise., hasLongFeedbackText=false, reference=null, credits=0.0, positive=false, type=AUTOMATIC, visibility=ALWAYS, testCase=TestCaseDTO[testName=null, id=20]], FeedbackDTO[id=85, text=null, detailText=The class 'BubbleSort' does not implement the interface 'SortStrategy' as expected. Implement the interface and its methods., hasLongFeedbackText=false, reference=null, credits=0.0, positive=false, type=AUTOMATIC, visibility=ALWAYS, testCase=TestCaseDTO[testName=null, id=24]], FeedbackDTO[id=86, text=null, detailText=MergeSort does not sort correctly, hasLongFeedbackText=false, reference=null, credits=0.0, positive=false, type=AUTOMATIC, visibility=ALWAYS, testCase=TestCaseDTO[testName=null, id=29]], FeedbackDTO[id=87, text=null, detailText=The class 'Context' was not found within the submission. Make sure to implement it properly., hasLongFeedbackText=false, reference=null, credits=0.0, positive=false, type=AUTOMATIC, visibility=ALWAYS, testCase=TestCaseDTO[testName=null, id=30]], FeedbackDTO[id=88, text=null, detailText=The class 'Context' was not found within the submission. Make sure to implement it properly., hasLongFeedbackText=false, reference=null, credits=0.0, positive=false, type=AUTOMATIC, visibility=ALWAYS, testCase=TestCaseDTO[testName=null, id=31]], FeedbackDTO[id=89, text=null, detailText=The exercise expects a class with the name Policy in the package testpackage. You did not implement the class in the exercise., hasLongFeedbackText=false, reference=null, credits=0.0, positive=false, type=AUTOMATIC, visibility=ALWAYS, testCase=TestCaseDTO[testName=null, id=25]], FeedbackDTO[id=90, text=null, detailText=The exercise expects a class with the name Context in the package testpackage. You did not implement the class in the exercise., hasLongFeedbackText=false, reference=null, credits=0.0, positive=false, type=AUTOMATIC, visibility=ALWAYS, testCase=TestCaseDTO[testName=null, id=21]], FeedbackDTO[id=91, text=null, detailText=The exercise expects a class with the name Policy in the package testpackage. You did not implement the class in the exercise., hasLongFeedbackText=false, reference=null, credits=0.0, positive=false, type=AUTOMATIC, visibility=ALWAYS, testCase=TestCaseDTO[testName=null, id=22]], FeedbackDTO[id=92, text=null, detailText=null, hasLongFeedbackText=false, reference=null, credits=3.230769230769231, positive=true, type=AUTOMATIC, visibility=ALWAYS, testCase=TestCaseDTO[testName=null, id=32]]], assessmentType=AUTOMATIC, hasComplaint=null, exampleResult=null, testCaseCount=13, passedTestCaseCount=1, codeIssueCount=0]], BuildJobQueueItem[id=4681739576573068, name=SHORTBCF65534040390488B0A46605F5F3776B89ATSTEXC-LOCALCIINTSTUDENT1, buildAgent=BuildAgentDTO[name=artemis-build-agent-test, memberAddress=[127.0.0.1]:5703, displayName=artemis-build-agent-test], participationId=468, courseId=149, exerciseId=300, retryCount=0, priority=2, status=SUCCESSFUL, repositoryInfo=RepositoryInfo[repositoryName=shortbcf65534040390488b0a46605f5f3776b89atstexc-localciintstudent1, repositoryType=user, triggeredByPushTo=user, assignmentRepositoryUri=http://localhost:49152/git/SHORTBCF65534040390488B0A46605F5F3776B89ATSTEXC/shortbcf65534040390488b0a46605f5f3776b89atstexc-localciintstudent1.git, testRepositoryUri=http://localhost:49152/git/SHORTBCF65534040390488B0A46605F5F3776B89ATSTEXC/shortbcf65534040390488b0a46605f5f3776b89atstexc-tests.git, solutionRepositoryUri=null, auxiliaryRepositoryUris=[Ljava.lang.String;@2c5d99a8, auxiliaryRepositoryCheckoutDirectories=[Ljava.lang.String;@418dcbcc], jobTimingInfo=JobTimingInfo[submissionDate=2025-02-14T23:42:53.068019209Z[Etc/UTC], buildStartDate=2025-02-14T23:42:53.092867394Z[Etc/UTC], buildCompletionDate=2025-02-14T23:42:55.086950323Z[Etc/UTC], estimatedCompletionDate=2025-02-14T23:43:12.092858828Z[Etc/UTC], estimatedDuration=19], buildConfig=BuildConfig[buildScript=#!/bin/bash
cd /var/tmp/testing-dir
chmod +x ./gradlew
./gradlew clean test
, dockerImage=dummy-docker-image:latest, commitHashToBuild=2d5c0482fc77d3f5ec0841962528a43054e83170, assignmentCommitHash=2d5c0482fc77d3f5ec0841962528a43054e83170, testCommitHash=7477e25d56ce5fee2c938542a7e7ed4ed085d373, branch=main, programmingLanguage=JAVA, projectType=PLAIN_GRADLE, scaEnabled=false, sequentialTestRunsEnabled=false, resultPaths=[/var/tmp/testing-dir/**/test-results/test/*.xml], timeoutSeconds=0, assignmentCheckoutPath=null, testCheckoutPath=null, solutionCheckoutPath=null, dockerRunConfig=null], submissionResult=ResultDTO[id=134, completionDate=2025-02-14T23:42:55.059618627Z[Etc/UTC], successful=false, score=7.7, rated=true, submission=SubmissionDTO[id=121, submitted=true, type=MANUAL, exampleSubmission=null, submissionDate=2025-02-14T23:42:53.048221Z, commitHash=2d5c0482fc77d3f5ec0841962528a43054e83170, buildFailed=false, buildArtifact=false, participation=ParticipationDTO[id=468, testRun=false, type=programming, submissionCount=null, exercise=ParticipationExerciseDTO[id=300, exerciseType=PROGRAMMING, type=programming, assessmentType=AUTOMATIC, dueDate=2025-02-16T23:42:52.873722Z, assessmentDueDate=null, maxPoints=42.0, course=CourseDTO[id=149, accuracyOfScores=1]]], submissionExerciseType=programming, isProcessing=false, buildStartDate=null, estimatedCompletionDate=null], participation=ParticipationDTO[id=468, testRun=false, type=programming, submissionCount=null, exercise=ParticipationExerciseDTO[id=300, exerciseType=PROGRAMMING, type=programming, assessmentType=AUTOMATIC, dueDate=2025-02-16T23:42:52.873722Z, assessmentDueDate=null, maxPoints=42.0, course=CourseDTO[id=149, accuracyOfScores=1]]], feedbacks=[FeedbackDTO[id=93, text=null, detailText=The exercise expects a class with the name Context in the package testpackage. You did not implement the class in the exercise., hasLongFeedbackText=false, reference=null, credits=0.0, positive=false, type=AUTOMATIC, visibility=ALWAYS, testCase=TestCaseDTO[testName=null, id=39]], FeedbackDTO[id=94, text=null, detailText=The exercise expects a class with the name Policy in the package testpackage. You did not implement the class in the exercise., hasLongFeedbackText=false, reference=null, credits=0.0, positive=false, type=AUTOMATIC, visibility=ALWAYS, testCase=TestCaseDTO[testName=null, id=40]], FeedbackDTO[id=95, text=null, detailText=The exercise expects a class with the name SortStrategy in the package testpackage. You did not implement the class in the exercise., hasLongFeedbackText=false, reference=null, credits=0.0, positive=false, type=AUTOMATIC, visibility=ALWAYS, testCase=TestCaseDTO[testName=null, id=41]], FeedbackDTO[id=96, text=null, detailText=The class 'MergeSort' does not implement the interface 'SortStrategy' as expected. Implement the interface and its methods., hasLongFeedbackText=false, reference=null, credits=0.0, positive=false, type=AUTOMATIC, visibility=ALWAYS, testCase=TestCaseDTO[testName=null, id=36]], FeedbackDTO[id=97, text=null, detailText=The exercise expects a class with the name SortStrategy in the package testpackage. You did not implement the class in the exercise., hasLongFeedbackText=false, reference=null, credits=0.0, positive=false, type=AUTOMATIC, visibility=ALWAYS, testCase=TestCaseDTO[testName=null, id=33]], FeedbackDTO[id=98, text=null, detailText=The class 'BubbleSort' does not implement the interface 'SortStrategy' as expected. Implement the interface and its methods., hasLongFeedbackText=false, reference=null, credits=0.0, positive=false, type=AUTOMATIC, visibility=ALWAYS, testCase=TestCaseDTO[testName=null, id=37]], FeedbackDTO[id=99, text=null, detailText=MergeSort does not sort correctly, hasLongFeedbackText=false, reference=null, credits=0.0, positive=false, type=AUTOMATIC, visibility=ALWAYS, testCase=TestCaseDTO[testName=null, id=42]], FeedbackDTO[id=100, text=null, detailText=The class 'Context' was not found within the submission. Make sure to implement it properly., hasLongFeedbackText=false, reference=null, credits=0.0, positive=false, type=AUTOMATIC, visibility=ALWAYS, testCase=TestCaseDTO[testName=null, id=43]], FeedbackDTO[id=101, text=null, detailText=The class 'Context' was not found within the submission. Make sure to implement it properly., hasLongFeedbackText=false, reference=null, credits=0.0, positive=false, type=AUTOMATIC, visibility=ALWAYS, testCase=TestCaseDTO[testName=null, id=44]], FeedbackDTO[id=102, text=null, detailText=The exercise expects a class with the name Policy in the package testpackage. You did not implement the class in the exercise., hasLongFeedbackText=false, reference=null, credits=0.0, positive=false, type=AUTOMATIC, visibility=ALWAYS, testCase=TestCaseDTO[testName=null, id=38]], FeedbackDTO[id=103, text=null, detailText=The exercise expects a class with the name Context in the package testpackage. You did not implement the class in the exercise., hasLongFeedbackText=false, reference=null, credits=0.0, positive=false, type=AUTOMATIC, visibility=ALWAYS, testCase=TestCaseDTO[testName=null, id=34]], FeedbackDTO[id=104, text=null, detailText=The exercise expects a class with the name Policy in the package testpackage. You did not implement the class in the exercise., hasLongFeedbackText=false, reference=null, credits=0.0, positive=false, type=AUTOMATIC, visibility=ALWAYS, testCase=TestCaseDTO[testName=null, id=35]], FeedbackDTO[id=105, text=null, detailText=null, hasLongFeedbackText=false, reference=null, credits=3.230769230769231, positive=true, type=AUTOMATIC, visibility=ALWAYS, testCase=TestCaseDTO[testName=null, id=45]]], assessmentType=AUTOMATIC, hasComplaint=null, exampleResult=null, testCaseCount=13, passedTestCaseCount=1, codeIssueCount=0]], BuildJobQueueItem[id=4741739576577297, name=SHORT88A9A223023E2047B709E4A029FA08BCF2CFTSTEXC-LOCALCIINTSTUDENT1, buildAgent=BuildAgentDTO[name=artemis-build-agent-test, memberAddress=[127.0.0.1]:5703, displayName=artemis-build-agent-test], participationId=474, courseId=151, exerciseId=302, retryCount=0, priority=2, status=SUCCESSFUL, repositoryInfo=RepositoryInfo[repositoryName=short88a9a223023e2047b709e4a029fa08bcf2cftstexc-localciintstudent1, repositoryType=user, triggeredByPushTo=user, assignmentRepositoryUri=http://localhost:49152/git/SHORT88A9A223023E2047B709E4A029FA08BCF2CFTSTEXC/short88a9a223023e2047b709e4a029fa08bcf2cftstexc-localciintstudent1.git, testRepositoryUri=http://localhost:49152/git/SHORT88A9A223023E2047B709E4A029FA08BCF2CFTSTEXC/short88a9a223023e2047b709e4a029fa08bcf2cftstexc-tests.git, solutionRepositoryUri=null, auxiliaryRepositoryUris=[Ljava.lang.String;@5b0023c3, auxiliaryRepositoryCheckoutDirectories=[Ljava.lang.String;@30db3ca8], jobTimingInfo=JobTimingInfo[submissionDate=2025-02-14T23:42:57.297342281Z[Etc/UTC], buildStartDate=2025-02-14T23:42:57.308570327Z[Etc/UTC], buildCompletionDate=2025-02-14T23:42:59.047616654Z[Etc/UTC], estimatedCompletionDate=2025-02-14T23:43:16.308558064Z[Etc/UTC], estimatedDuration=19], buildConfig=BuildConfig[buildScript=#!/bin/bash
cd /var/tmp/testing-dir
chmod +x ./gradlew
./gradlew clean test
, dockerImage=dummy-docker-image:latest, commitHashToBuild=736cbea1e46d6849b41266b2bf1cccd3b9ea55b1, assignmentCommitHash=736cbea1e46d6849b41266b2bf1cccd3b9ea55b1, testCommitHash=ea6267edd396a304305339b036512b63e0374c66, branch=main, programmingLanguage=JAVA, projectType=PLAIN_GRADLE, scaEnabled=false, sequentialTestRunsEnabled=false, resultPaths=[/var/tmp/testing-dir/**/test-results/test/*.xml], timeoutSeconds=0, assignmentCheckoutPath=null, testCheckoutPath=null, solutionCheckoutPath=null, dockerRunConfig=null], submissionResult=ResultDTO[id=135, completionDate=2025-02-14T23:42:59.014168821Z[Etc/UTC], successful=false, score=7.7, rated=true, submission=SubmissionDTO[id=123, submitted=true, type=MANUAL, exampleSubmission=null, submissionDate=2025-02-14T23:42:57.278471Z, commitHash=736cbea1e46d6849b41266b2bf1cccd3b9ea55b1, buildFailed=false, buildArtifact=false, participation=ParticipationDTO[id=474, testRun=false, type=programming, submissionCount=null, exercise=ParticipationExerciseDTO[id=302, exerciseType=PROGRAMMING, type=programming, assessmentType=AUTOMATIC, dueDate=2025-02-16T23:42:56.796251Z, assessmentDueDate=null, maxPoints=42.0, course=CourseDTO[id=151, accuracyOfScores=1]]], submissionExerciseType=programming, isProcessing=false, buildStartDate=null, estimatedCompletionDate=null], participation=ParticipationDTO[id=474, testRun=false, type=programming, submissionCount=null, exercise=ParticipationExerciseDTO[id=302, exerciseType=PROGRAMMING, type=programming, assessmentType=AUTOMATIC, dueDate=2025-02-16T23:42:56.796251Z, assessmentDueDate=null, maxPoints=42.0, course=CourseDTO[id=151, accuracyOfScores=1]]], feedbacks=[FeedbackDTO[id=106, text=null, detailText=The exercise expects a class with the name Context in the package testpackage. You did not implement the class in the exercise., hasLongFeedbackText=false, reference=null, credits=0.0, positive=false, type=AUTOMATIC, visibility=ALWAYS, testCase=TestCaseDTO[testName=null, id=65]], FeedbackDTO[id=107, text=null, detailText=The exercise expects a class with the name Policy in the package testpackage. You did not implement the class in the exercise., hasLongFeedbackText=false, reference=null, credits=0.0, positive=false, type=AUTOMATIC, visibility=ALWAYS, testCase=TestCaseDTO[testName=null, id=66]], FeedbackDTO[id=108, text=null, detailText=The exercise expects a class with the name SortStrategy in the package testpackage. You did not implement the class in the exercise., hasLongFeedbackText=false, reference=null, credits=0.0, positive=false, type=AUTOMATIC, visibility=ALWAYS, testCase=TestCaseDTO[testName=null, id=67]], FeedbackDTO[id=109, text=null, detailText=The class 'MergeSort' does not implement the interface 'SortStrategy' as expected. Implement the interface and its methods., hasLongFeedbackText=false, reference=null, credits=0.0, positive=false, type=AUTOMATIC, visibility=ALWAYS, testCase=TestCaseDTO[testName=null, id=62]], FeedbackDTO[id=110, text=null, detailText=The exercise expects a class with the name SortStrategy in the package testpackage. You did not implement the class in the exercise., hasLongFeedbackText=false, reference=null, credits=0.0, positive=false, type=AUTOMATIC, visibility=ALWAYS, testCase=TestCaseDTO[testName=null, id=59]], FeedbackDTO[id=111, text=null, detailText=The class 'BubbleSort' does not implement the interface 'SortStrategy' as expected. Implement the interface and its methods., hasLongFeedbackText=false, reference=null, credits=0.0, positive=false, type=AUTOMATIC, visibility=ALWAYS, testCase=TestCaseDTO[testName=null, id=63]], FeedbackDTO[id=112, text=null, detailText=MergeSort does not sort correctly, hasLongFeedbackText=false, reference=null, credits=0.0, positive=false, type=AUTOMATIC, visibility=ALWAYS, testCase=TestCaseDTO[testName=null, id=68]], FeedbackDTO[id=113, text=null, detailText=The class 'Context' was not found within the submission. Make sure to implement it properly., hasLongFeedbackText=false, reference=null, credits=0.0, positive=false, type=AUTOMATIC, visibility=ALWAYS, testCase=TestCaseDTO[testName=null, id=69]], FeedbackDTO[id=114, text=null, detailText=The class 'Context' was not found within the submission. Make sure to implement it properly., hasLongFeedbackText=false, reference=null, credits=0.0, positive=false, type=AUTOMATIC, visibility=ALWAYS, testCase=TestCaseDTO[testName=null, id=70]], FeedbackDTO[id=115, text=null, detailText=The exercise expects a class with the name Policy in the package testpackage. You did not implement the class in the exercise., hasLongFeedbackText=false, reference=null, credits=0.0, positive=false, type=AUTOMATIC, visibility=ALWAYS, testCase=TestCaseDTO[testName=null, id=64]], FeedbackDTO[id=116, text=null, detailText=The exercise expects a class with the name Context in the package testpackage. You did not implement the class in the exercise., hasLongFeedbackText=false, reference=null, credits=0.0, positive=false, type=AUTOMATIC, visibility=ALWAYS, testCase=TestCaseDTO[testName=null, id=60]], FeedbackDTO[id=117, text=null, detailText=The exercise expects a class with the name Policy in the package testpackage. You did not implement the class in the exercise., hasLongFeedbackText=false, reference=null, credits=0.0, positive=false, type=AUTOMATIC, visibility=ALWAYS, testCase=TestCaseDTO[testName=null, id=61]], FeedbackDTO[id=118, text=null, detailText=null, hasLongFeedbackText=false, reference=null, credits=3.230769230769231, positive=true, type=AUTOMATIC, visibility=ALWAYS, testCase=TestCaseDTO[testName=null, id=71]]], assessmentType=AUTOMATIC, hasComplaint=null, exampleResult=null, testCaseCount=13, passedTestCaseCount=1, codeIssueCount=0]], BuildJobQueueItem[id=4771739576580898, name=SHORT51E611E30D6B60466F0B8BA0AA97F58888C2TSTEXC-LOCALCIINTSTUDENT1, buildAgent=BuildAgentDTO[name=artemis-build-agent-test, memberAddress=[127.0.0.1]:5703, displayName=artemis-build-agent-test], participationId=477, courseId=152, exerciseId=303, retryCount=0, priority=2, status=SUCCESSFUL, repositoryInfo=RepositoryInfo[repositoryName=short51e611e30d6b60466f0b8ba0aa97f58888c2tstexc-localciintstudent1, repositoryType=user, triggeredByPushTo=user, assignmentRepositoryUri=http://localhost:49152/git/SHORT51E611E30D6B60466F0B8BA0AA97F58888C2TSTEXC/short51e611e30d6b60466f0b8ba0aa97f58888c2tstexc-localciintstudent1.git, testRepositoryUri=http://localhost:49152/git/SHORT51E611E30D6B60466F0B8BA0AA97F58888C2TSTEXC/short51e611e30d6b60466f0b8ba0aa97f58888c2tstexc-tests.git, solutionRepositoryUri=null, auxiliaryRepositoryUris=[Ljava.lang.String;@700b63c2, auxiliaryRepositoryCheckoutDirectories=[Ljava.lang.String;@5ff705a4], jobTimingInfo=JobTimingInfo[submissionDate=2025-02-14T23:43:00.898532688Z[Etc/UTC], buildStartDate=2025-02-14T23:43:00.905733056Z[Etc/UTC], buildCompletionDate=2025-02-14T23:43:02.692768910Z[Etc/UTC], estimatedCompletionDate=2025-02-14T23:43:19.905720463Z[Etc/UTC], estimatedDuration=19], buildConfig=BuildConfig[buildScript=#!/bin/bash
cd /var/tmp/testing-dir
chmod +x ./gradlew
./gradlew clean test
, dockerImage=dummy-docker-image:latest, commitHashToBuild=8f3057cbd462f5e3de4e6ba85115f60d8dbb5aea, assignmentCommitHash=8f3057cbd462f5e3de4e6ba85115f60d8dbb5aea, testCommitHash=8f3057cbd462f5e3de4e6ba85115f60d8dbb5aea, branch=main, programmingLanguage=JAVA, projectType=PLAIN_GRADLE, scaEnabled=true, sequentialTestRunsEnabled=false, resultPaths=[/var/tmp/testing-dir/**/test-results/test/*.xml], timeoutSeconds=0, assignmentCheckoutPath=null, testCheckoutPath=null, solutionCheckoutPath=null, dockerRunConfig=null], submissionResult=ResultDTO[id=136, completionDate=2025-02-14T23:43:02.637820510Z[Etc/UTC], successful=false, score=7.7, rated=true, submission=SubmissionDTO[id=124, submitted=true, type=MANUAL, exampleSubmission=null, submissionDate=2025-02-14T23:43:00.886601Z, commitHash=8f3057cbd462f5e3de4e6ba85115f60d8dbb5aea, buildFailed=false, buildArtifact=false, participation=ParticipationDTO[id=477, testRun=false, type=programming, submissionCount=null, exercise=ParticipationExerciseDTO[id=303, exerciseType=PROGRAMMING, type=programming, assessmentType=AUTOMATIC, dueDate=2025-02-16T23:43:00.631824Z, assessmentDueDate=null, maxPoints=42.0, course=CourseDTO[id=152, accuracyOfScores=1]]], submissionExerciseType=programming, isProcessing=false, buildStartDate=null, estimatedCompletionDate=null], participation=ParticipationDTO[id=477, testRun=false, type=programming, submissionCount=null, exercise=ParticipationExerciseDTO[id=303, exerciseType=PROGRAMMING, type=programming, assessmentType=AUTOMATIC, dueDate=2025-02-16T23:43:00.631824Z, assessmentDueDate=null, maxPoints=42.0, course=CourseDTO[id=152, accuracyOfScores=1]]], feedbacks=[FeedbackDTO[id=119, text=null, detailText=The exercise expects a class with the name Context in the package testpackage. You did not implement the class in the exercise., hasLongFeedbackText=false, reference=null, credits=0.0, positive=false, type=AUTOMATIC, visibility=ALWAYS, testCase=TestCaseDTO[testName=null, id=78]], FeedbackDTO[id=120, text=null, detailText=The exercise expects a class with the name Policy in the package testpackage. You did not implement the class in the exercise., hasLongFeedbackText=false, reference=null, credits=0.0, positive=false, type=AUTOMATIC, visibility=ALWAYS, testCase=TestCaseDTO[testName=null, id=79]], FeedbackDTO[id=121, text=null, detailText=The exercise expects a class with the name SortStrategy in the package testpackage. You did not implement the class in the exercise., hasLongFeedbackText=false, reference=null, credits=0.0, positive=false, type=AUTOMATIC, visibility=ALWAYS, testCase=TestCaseDTO[testName=null, id=80]], FeedbackDTO[id=122, text=null, detailText=The class 'MergeSort' does not implement the interface 'SortStrategy' as expected. Implement the interface and its methods., hasLongFeedbackText=false, reference=null, credits=0.0, positive=false, type=AUTOMATIC, visibility=ALWAYS, testCase=TestCaseDTO[testName=null, id=75]], FeedbackDTO[id=123, text=null, detailText=The exercise expects a class with the name SortStrategy in the package testpackage. You did not implement the class in the exercise., hasLongFeedbackText=false, reference=null, credits=0.0, positive=false, type=AUTOMATIC, visibility=ALWAYS, testCase=TestCaseDTO[testName=null, id=72]], FeedbackDTO[id=124, text=null, detailText=The class 'BubbleSort' does not implement the interface 'SortStrategy' as expected. Implement the interface and its methods., hasLongFeedbackText=false, reference=null, credits=0.0, positive=false, type=AUTOMATIC, visibility=ALWAYS, testCase=TestCaseDTO[testName=null, id=76]], FeedbackDTO[id=125, text=null, detailText=MergeSort does not sort correctly, hasLongFeedbackText=false, reference=null, credits=0.0, positive=false, type=AUTOMATIC, visibility=ALWAYS, testCase=TestCaseDTO[testName=null, id=81]], FeedbackDTO[id=126, text=null, detailText=The class 'Context' was not found within the submission. Make sure to implement it properly., hasLongFeedbackText=false, reference=null, credits=0.0, positive=false, type=AUTOMATIC, visibility=ALWAYS, testCase=TestCaseDTO[testName=null, id=82]], FeedbackDTO[id=127, text=null, detailText=The class 'Context' was not found within the submission. Make sure to implement it properly., hasLongFeedbackText=false, reference=null, credits=0.0, positive=false, type=AUTOMATIC, visibility=ALWAYS, testCase=TestCaseDTO[testName=null, id=83]], FeedbackDTO[id=128, text=null, detailText=The exercise expects a class with the name Policy in the package testpackage. You did not implement the class in the exercise., hasLongFeedbackText=false, reference=null, credits=0.0, positive=false, type=AUTOMATIC, visibility=ALWAYS, testCase=TestCaseDTO[testName=null, id=77]], FeedbackDTO[id=129, text=null, detailText=The exercise expects a class with the name Context in the package testpackage. You did not implement the class in the exercise., hasLongFeedbackText=false, reference=null, credits=0.0, positive=false, type=AUTOMATIC, visibility=ALWAYS, testCase=TestCaseDTO[testName=null, id=73]], FeedbackDTO[id=130, text=null, detailText=The exercise expects a class with the name Policy in the package testpackage. You did not implement the class in the exercise., hasLongFeedbackText=false, reference=null, credits=0.0, positive=false, type=AUTOMATIC, visibility=ALWAYS, testCase=TestCaseDTO[testName=null, id=74]], FeedbackDTO[id=131, text=null, detailText=null, hasLongFeedbackText=false, reference=null, credits=3.230769230769231, positive=true, type=AUTOMATIC, visibility=ALWAYS, testCase=TestCaseDTO[testName=null, id=84]], FeedbackDTO[id=132, text=SCAFeedbackIdentifier:Bad Practice, detailText={"filePath":"src/code/Client.java","startLine":6,"endLine":6,"startColumn":1,"endColumn":26,"rule":"UnusedImports","category":"Best Practices","message":"Avoid unused imports such as 'javax.swing.JFrame'","priority":"4"}, hasLongFeedbackText=false, reference=PMD, credits=0.0, positive=false, type=AUTOMATIC, visibility=null, testCase=null], FeedbackDTO[id=133, text=SCAFeedbackIdentifier:Code Style, detailText={"filePath":"src/code/Client.java","startLine":7,"endLine":7,"startColumn":1,"endColumn":19,"rule":"DontImportJavaLang","category":"Code Style","message":"Avoid importing anything from the package java.lang","priority":"4"}, hasLongFeedbackText=false, reference=PMD, credits=0.0, positive=false, type=AUTOMATIC, visibility=null, testCase=null], FeedbackDTO[id=134, text=SCAFeedbackIdentifier:Bad Practice, detailText={"filePath":"src/code/Client.java","startLine":7,"endLine":7,"startColumn":1,"endColumn":19,"rule":"UnusedImports","category":"Best Practices","message":"Avoid unused imports such as 'java.lang'","priority":"4"}, hasLongFeedbackText=false, reference=PMD, credits=0.0, positive=false, type=AUTOMATIC, visibility=null, testCase=null], FeedbackDTO[id=135, text=SCAFeedbackIdentifier:Bad Practice, detailText={"filePath":"src/code/Client.java","startLine":73,"endLine":73,"startColumn":18,"endColumn":27,"rule":"UnusedLocalVariable","category":"Best Practices","message":"Avoid unused local variables such as 'randomDate'.","priority":"3"}, hasLongFeedbackText=false, reference=PMD, credits=0.0, positive=false, type=AUTOMATIC, visibility=null, testCase=null], FeedbackDTO[id=136, text=SCAFeedbackIdentifier:Bad Practice, detailText={"filePath":"src/code/Client.java","startLine":81,"endLine":81,"startColumn":31,"endColumn":53,"rule":"UnusedPrivateMethod","category":"Best Practices","message":"Avoid unused private methods such as 'CreateRandomDatesList()'.","priority":"3"}, hasLongFeedbackText=false, reference=PMD, credits=0.0, positive=false, type=AUTOMATIC, visibility=null, testCase=null], FeedbackDTO[id=137, text=SCAFeedbackIdentifier:Potential Bugs, detailText={"filePath":"src/code/Client.java","startLine":94,"endLine":94,"startColumn":9,"endColumn":9,"rule":"EmptyStatementNotInLoop","category":"Error Prone","message":"An empty statement (semicolon) not part of a loop","priority":"3"}, hasLongFeedbackText=false, reference=PMD, credits=0.0, positive=false, type=AUTOMATIC, visibility=null, testCase=null], FeedbackDTO[id=138, text=SCAFeedbackIdentifier:Potential Bugs, detailText={"filePath":"src/code/Client.java","startLine":94,"endLine":94,"startColumn":10,"endColumn":10,"rule":"EmptyStatementNotInLoop","category":"Error Prone","message":"An empty statement (semicolon) not part of a loop","priority":"3"}, hasLongFeedbackText=false, reference=PMD, credits=0.0, positive=false, type=AUTOMATIC, visibility=null, testCase=null], FeedbackDTO[id=139, text=SCAFeedbackIdentifier:Potential Bugs, detailText={"filePath":"src/code/Client.java","startLine":94,"endLine":94,"startColumn":11,"endColumn":11,"rule":"EmptyStatementNotInLoop","category":"Error Prone","message":"An empty statement (semicolon) not part of a loop","priority":"3"}, hasLongFeedbackText=false, reference=PMD, credits=0.0, positive=false, type=AUTOMATIC, visibility=null, testCase=null], FeedbackDTO[id=140, text=SCAFeedbackIdentifier:Code Style, detailText={"filePath":"src/code/Client.java","startLine":73,"endLine":73,"rule":"DLS_DEAD_LOCAL_STORE","category":"STYLE","message":"Dead store to randomDate in code.Client.createRandomDatesList()","priority":"2"}, hasLongFeedbackText=false, reference=SPOTBUGS, credits=0.0, positive=false, type=AUTOMATIC, visibility=null, testCase=null], FeedbackDTO[id=141, text=SCAFeedbackIdentifier:Bad Practice, detailText={"filePath":"src/code/Client.java","startLine":82,"endLine":95,"rule":"NM_METHOD_NAMING_CONVENTION","category":"BAD_PRACTICE","message":"The method name code.Client.CreateRandomDatesList() doesn't start with a lower case letter","priority":"3"}, hasLongFeedbackText=false, reference=SPOTBUGS, credits=0.0, positive=false, type=AUTOMATIC, visibility=null, testCase=null], FeedbackDTO[id=142, text=SCAFeedbackIdentifier:Performance, detailText={"filePath":"src/code/Client.java","startLine":82,"endLine":95,"rule":"UPM_UNCALLED_PRIVATE_METHOD","category":"PERFORMANCE","message":"Private method code.Client.CreateRandomDatesList() is never called","priority":"2"}, hasLongFeedbackText=false, reference=SPOTBUGS, credits=0.0, positive=false, type=AUTOMATIC, visibility=null, testCase=null], FeedbackDTO[id=143, text=SCAFeedbackIdentifier:Code Style, detailText={"filePath":"src/code/Client.java","startLine":70,"endLine":70,"startColumn":9,"endColumn":9,"rule":"NeedBracesCheck","category":"blocks","message":"'for' construct must use '{}'s.","priority":"error"}, hasLongFeedbackText=false, reference=CHECKSTYLE, credits=0.0, positive=false, type=AUTOMATIC, visibility=null, testCase=null], FeedbackDTO[id=144, text=SCAFeedbackIdentifier:Code Style, detailText={"filePath":"src/code/Client.java","startLine":93,"endLine":93,"startColumn":9,"endColumn":9,"rule":"EmptyStatementCheck","category":"coding","message":"Empty statement.","priority":"error"}, hasLongFeedbackText=false, reference=CHECKSTYLE, credits=0.0, positive=false, type=AUTOMATIC, visibility=null, testCase=null], FeedbackDTO[id=145, text=SCAFeedbackIdentifier:Code Style, detailText={"filePath":"src/code/Client.java","startLine":93,"endLine":93,"startColumn":10,"endColumn":10,"rule":"EmptyStatementCheck","category":"coding","message":"Empty statement.","priority":"error"}, hasLongFeedbackText=false, reference=CHECKSTYLE, credits=0.0, positive=false, type=AUTOMATIC, visibility=null, testCase=null], FeedbackDTO[id=146, text=SCAFeedbackIdentifier:Code Style, detailText={"filePath":"src/code/Client.java","startLine":93,"endLine":93,"startColumn":11,"endColumn":11,"rule":"EmptyStatementCheck","category":"coding","message":"Empty statement.","priority":"error"}, hasLongFeedbackText=false, reference=CHECKSTYLE, credits=0.0, positive=false, type=AUTOMATIC, visibility=null, testCase=null]], assessmentType=AUTOMATIC, hasComplaint=null, exampleResult=null, testCaseCount=13, passedTestCaseCount=1, codeIssueCount=15]], BuildJobQueueItem[id=4821739576584632, name=SHORT433BAC4500363044960B6E10DFA0493471B2TSTEXC-LOCALCIINTSTUDENT1, buildAgent=BuildAgentDTO[name=artemis-build-agent-test, memberAddress=[127.0.0.1]:5703, displayName=artemis-build-agent-test], participationId=482, courseId=154, exerciseId=305, retryCount=0, priority=2, status=SUCCESSFUL, repositoryInfo=RepositoryInfo[repositoryName=short433bac4500363044960b6e10dfa0493471b2tstexc-localciintstudent1, repositoryType=user, triggeredByPushTo=user, assignmentRepositoryUri=http://localhost:49152/git/SHORT433BAC4500363044960B6E10DFA0493471B2TSTEXC/short433bac4500363044960b6e10dfa0493471b2tstexc-localciintstudent1.git, testRepositoryUri=http://localhost:49152/git/SHORT433BAC4500363044960B6E10DFA0493471B2TSTEXC/short433bac4500363044960b6e10dfa0493471b2tstexc-tests.git, solutionRepositoryUri=null, auxiliaryRepositoryUris=[Ljava.lang.String;@5333ba2, auxiliaryRepositoryCheckoutDirectories=[Ljava.lang.String;@6c6479d0], jobTimingInfo=JobTimingInfo[submissionDate=2025-02-14T23:43:04.632341258Z[Etc/UTC], buildStartDate=2025-02-14T23:43:04.637633457Z[Etc/UTC], buildCompletionDate=2025-02-14T23:43:06.421238953Z[Etc/UTC], estimatedCompletionDate=2025-02-14T23:43:23.637623879Z[Etc/UTC], estimatedDuration=19], buildConfig=BuildConfig[buildScript=#!/bin/bash
cd /var/tmp/testing-dir
chmod +x ./gradlew
./gradlew clean test
, dockerImage=dummy-docker-image:latest, commitHashToBuild=8355c4f3cd5d3e0443707d3310206e460e333c6f, assignmentCommitHash=8355c4f3cd5d3e0443707d3310206e460e333c6f, testCommitHash=8355c4f3cd5d3e0443707d3310206e460e333c6f, branch=main, programmingLanguage=JAVA, projectType=PLAIN_GRADLE, scaEnabled=false, sequentialTestRunsEnabled=false, resultPaths=[/var/tmp/testing-dir/**/test-results/test/*.xml], timeoutSeconds=0, assignmentCheckoutPath=null, testCheckoutPath=null, solutionCheckoutPath=null, dockerRunConfig=null], submissionResult=ResultDTO[id=137, completionDate=2025-02-14T23:43:06.404877412Z[Etc/UTC], successful=false, score=7.7, rated=true, submission=SubmissionDTO[id=125, submitted=true, type=MANUAL, exampleSubmission=null, submissionDate=2025-02-14T23:43:04.623230Z, commitHash=8355c4f3cd5d3e0443707d3310206e460e333c6f, buildFailed=false, buildArtifact=false, participation=ParticipationDTO[id=482, testRun=false, type=programming, submissionCount=null, exercise=ParticipationExerciseDTO[id=305, exerciseType=PROGRAMMING, type=programming, assessmentType=AUTOMATIC, dueDate=2025-02-16T23:43:04.425734Z, assessmentDueDate=null, maxPoints=42.0, course=CourseDTO[id=154, accuracyOfScores=1]]], submissionExerciseType=programming, isProcessing=false, buildStartDate=null, estimatedCompletionDate=null], participation=ParticipationDTO[id=482, testRun=false, type=programming, submissionCount=null, exercise=ParticipationExerciseDTO[id=305, exerciseType=PROGRAMMING, type=programming, assessmentType=AUTOMATIC, dueDate=2025-02-16T23:43:04.425734Z, assessmentDueDate=null, maxPoints=42.0, course=CourseDTO[id=154, accuracyOfScores=1]]], feedbacks=[FeedbackDTO[id=147, text=null, detailText=The exercise expects a class with the name Context in the package testpackage. You did not implement the class in the exercise., hasLongFeedbackText=false, reference=null, credits=0.0, positive=false, type=AUTOMATIC, visibility=ALWAYS, testCase=TestCaseDTO[testName=null, id=104]], FeedbackDTO[id=148, text=null, detailText=The exercise expects a class with the name Policy in the package testpackage. You did not implement the class in the exercise., hasLongFeedbackText=false, reference=null, credits=0.0, positive=false, type=AUTOMATIC, visibility=ALWAYS, testCase=TestCaseDTO[testName=null, id=105]], FeedbackDTO[id=149, text=null, detailText=The exercise expects a class with the name SortStrategy in the package testpackage. You did not implement the class in the exercise., hasLongFeedbackText=false, reference=null, credits=0.0, positive=false, type=AUTOMATIC, visibility=ALWAYS, testCase=TestCaseDTO[testName=null, id=106]], FeedbackDTO[id=150, text=null, detailText=The class 'MergeSort' does not implement the interface 'SortStrategy' as expected. Implement the interface and its methods., hasLongFeedbackText=false, reference=null, credits=0.0, positive=false, type=AUTOMATIC, visibility=ALWAYS, testCase=TestCaseDTO[testName=null, id=101]], FeedbackDTO[id=151, text=null, detailText=The exercise expects a class with the name SortStrategy in the package testpackage. You did not implement the class in the exercise., hasLongFeedbackText=false, reference=null, credits=0.0, positive=false, type=AUTOMATIC, visibility=ALWAYS, testCase=TestCaseDTO[testName=null, id=98]], FeedbackDTO[id=152, text=null, detailText=The class 'BubbleSort' does not implement the interface 'SortStrategy' as expected. Implement the interface and its methods., hasLongFeedbackText=false, reference=null, credits=0.0, positive=false, type=AUTOMATIC, visibility=ALWAYS, testCase=TestCaseDTO[testName=null, id=102]], FeedbackDTO[id=153, text=null, detailText=MergeSort does not sort correctly, hasLongFeedbackText=false, reference=null, credits=0.0, positive=false, type=AUTOMATIC, visibility=ALWAYS, testCase=TestCaseDTO[testName=null, id=107]], FeedbackDTO[id=154, text=null, detailText=The class 'Context' was not found within the submission. Make sure to implement it properly., hasLongFeedbackText=false, reference=null, credits=0.0, positive=false, type=AUTOMATIC, visibility=ALWAYS, testCase=TestCaseDTO[testName=null, id=108]], FeedbackDTO[id=155, text=null, detailText=The class 'Context' was not found within the submission. Make sure to implement it properly., hasLongFeedbackText=false, reference=null, credits=0.0, positive=false, type=AUTOMATIC, visibility=ALWAYS, testCase=TestCaseDTO[testName=null, id=109]], FeedbackDTO[id=156, text=null, detailText=The exercise expects a class with the name Policy in the package testpackage. You did not implement the class in the exercise., hasLongFeedbackText=false, reference=null, credits=0.0, positive=false, type=AUTOMATIC, visibility=ALWAYS, testCase=TestCaseDTO[testName=null, id=103]], FeedbackDTO[id=157, text=null, detailText=The exercise expects a class with the name Context in the package testpackage. You did not implement the class in the exercise., hasLongFeedbackText=false, reference=null, credits=0.0, positive=false, type=AUTOMATIC, visibility=ALWAYS, testCase=TestCaseDTO[testName=null, id=99]], FeedbackDTO[id=158, text=null, detailText=The exercise expects a class with the name Policy in the package testpackage. You did not implement the class in the exercise., hasLongFeedbackText=false, reference=null, credits=0.0, positive=false, type=AUTOMATIC, visibility=ALWAYS, testCase=TestCaseDTO[testName=null, id=100]], FeedbackDTO[id=159, text=null, detailText=null, hasLongFeedbackText=false, reference=null, credits=3.230769230769231, positive=true, type=AUTOMATIC, visibility=ALWAYS, testCase=TestCaseDTO[testName=null, id=110]]], assessmentType=AUTOMATIC, hasComplaint=null, exampleResult=null, testCaseCount=13, passedTestCaseCount=1, codeIssueCount=0]], BuildJobQueueItem[id=4851739576588371, name=SHORT495D587A0856D04A9E08BC60D2E08365FB9ETSTEXC-LOCALCIINTSTUDENT1, buildAgent=BuildAgentDTO[name=artemis-build-agent-test, memberAddress=[127.0.0.1]:5703, displayName=artemis-build-agent-test], participationId=485, courseId=155, exerciseId=306, retryCount=0, priority=2, status=FAILED, repositoryInfo=RepositoryInfo[repositoryName=short495d587a0856d04a9e08bc60d2e08365fb9etstexc-localciintstudent1, repositoryType=user, triggeredByPushTo=user, assignmentRepositoryUri=http://localhost:49152/git/SHORT495D587A0856D04A9E08BC60D2E08365FB9ETSTEXC/short495d587a0856d04a9e08bc60d2e08365fb9etstexc-localciintstudent1.git, testRepositoryUri=http://localhost:49152/git/SHORT495D587A0856D04A9E08BC60D2E08365FB9ETSTEXC/short495d587a0856d04a9e08bc60d2e08365fb9etstexc-tests.git, solutionRepositoryUri=null, auxiliaryRepositoryUris=[Ljava.lang.String;@47da12ed, auxiliaryRepositoryCheckoutDirectories=[Ljava.lang.String;@2067f597], jobTimingInfo=JobTimingInfo[submissionDate=2025-02-14T23:43:08.371015915Z[Etc/UTC], buildStartDate=2025-02-14T23:43:08.374658929Z[Etc/UTC], buildCompletionDate=2025-02-14T23:43:09.341007666Z[Etc/UTC], estimatedCompletionDate=2025-02-14T23:43:27.374650503Z[Etc/UTC], estimatedDuration=19], buildConfig=BuildConfig[buildScript=#!/bin/bash
cd /var/tmp/testing-dir
chmod +x ./gradlew
./gradlew clean test
, dockerImage=dummy-docker-image:latest, commitHashToBuild=ebb8aa4dc3625fe07e975266e18313ad871ce864, assignmentCommitHash=9b3a9bd71a0d80e5bbc42204c319ed3d1d4f0d6d, testCommitHash=9b3a9bd71a0d80e5bbc42204c319ed3d1d4f0d6d, branch=main, programmingLanguage=JAVA, projectType=PLAIN_GRADLE, scaEnabled=false, sequentialTestRunsEnabled=false, resultPaths=[/var/tmp/testing-dir/**/test-results/test/*.xml], timeoutSeconds=0, assignmentCheckoutPath=null, testCheckoutPath=null, solutionCheckoutPath=null, dockerRunConfig=null], submissionResult=ResultDTO[id=138, completionDate=2025-02-14T23:43:09.343306574Z[Etc/UTC], successful=false, score=0.0, rated=true, submission=SubmissionDTO[id=127, submitted=true, type=MANUAL, exampleSubmission=null, submissionDate=2025-02-14T23:43:09.343306574Z[Etc/UTC], commitHash=9b3a9bd71a0d80e5bbc42204c319ed3d1d4f0d6d, buildFailed=true, buildArtifact=false, participation=ParticipationDTO[id=485, testRun=false, type=programming, submissionCount=null, exercise=ParticipationExerciseDTO[id=306, exerciseType=PROGRAMMING, type=programming, assessmentType=AUTOMATIC, dueDate=2025-02-16T23:43:08.185273Z, assessmentDueDate=null, maxPoints=42.0, course=CourseDTO[id=155, accuracyOfScores=1]]], submissionExerciseType=programming, isProcessing=false, buildStartDate=null, estimatedCompletionDate=null], participation=ParticipationDTO[id=485, testRun=false, type=programming, submissionCount=null, exercise=ParticipationExerciseDTO[id=306, exerciseType=PROGRAMMING, type=programming, assessmentType=AUTOMATIC, dueDate=2025-02-16T23:43:08.185273Z, assessmentDueDate=null, maxPoints=42.0, course=CourseDTO[id=155, accuracyOfScores=1]]], feedbacks=[], assessmentType=AUTOMATIC, hasComplaint=null, exampleResult=null, testCaseCount=0, passedTestCaseCount=0, codeIssueCount=0]], BuildJobQueueItem[id=4881739576590204, name=SHORT80B5DD0E0D6B304EBB096E9020B949996A1CTSTEXC-LOCALCIINTSTUDENT1, buildAgent=BuildAgentDTO[name=artemis-build-agent-test, memberAddress=[127.0.0.1]:5703, displayName=artemis-build-agent-test], participationId=488, courseId=156, exerciseId=307, retryCount=0, priority=2, status=SUCCESSFUL, repositoryInfo=RepositoryInfo[repositoryName=short80b5dd0e0d6b304ebb096e9020b949996a1ctstexc-localciintstudent1, repositoryType=user, triggeredByPushTo=user, assignmentRepositoryUri=http://localhost:49152/git/SHORT80B5DD0E0D6B304EBB096E9020B949996A1CTSTEXC/short80b5dd0e0d6b304ebb096e9020b949996a1ctstexc-localciintstudent1.git, testRepositoryUri=http://localhost:49152/git/SHORT80B5DD0E0D6B304EBB096E9020B949996A1CTSTEXC/short80b5dd0e0d6b304ebb096e9020b949996a1ctstexc-tests.git, solutionRepositoryUri=null, auxiliaryRepositoryUris=[Ljava.lang.String;@3c152412, auxiliaryRepositoryCheckoutDirectories=[Ljava.lang.String;@73f070b9], jobTimingInfo=JobTimingInfo[submissionDate=2025-02-14T23:43:10.204264160Z[Etc/UTC], buildStartDate=2025-02-14T23:43:10.223149139Z[Etc/UTC], buildCompletionDate=2025-02-14T23:43:12.086509109Z[Etc/UTC], estimatedCompletionDate=2025-02-14T23:43:29.223142246Z[Etc/UTC], estimatedDuration=19], buildConfig=BuildConfig[buildScript=#!/bin/bash
cd /var/tmp/testing-dir
chmod +x ./gradlew
./gradlew clean test
, dockerImage=dummy-docker-image:latest, commitHashToBuild=b806a93102242552beed7c01b08b2769731814b3, assignmentCommitHash=b806a93102242552beed7c01b08b2769731814b3, testCommitHash=b806a93102242552beed7c01b08b2769731814b3, branch=main, programmingLanguage=JAVA, projectType=PLAIN_GRADLE, scaEnabled=false, sequentialTestRunsEnabled=false, resultPaths=[/var/tmp/testing-dir/**/test-results/test/*.xml], timeoutSeconds=0, assignmentCheckoutPath=null, testCheckoutPath=null, solutionCheckoutPath=null, dockerRunConfig=null], submissionResult=ResultDTO[id=139, completionDate=2025-02-14T23:43:12.066436124Z[Etc/UTC], successful=false, score=0.0, rated=true, submission=SubmissionDTO[id=128, submitted=true, type=MANUAL, exampleSubmission=null, submissionDate=2025-02-14T23:43:10.192407Z, commitHash=b806a93102242552beed7c01b08b2769731814b3, buildFailed=true, buildArtifact=false, participation=ParticipationDTO[id=488, testRun=false, type=programming, submissionCount=null, exercise=ParticipationExerciseDTO[id=307, exerciseType=PROGRAMMING, type=programming, assessmentType=AUTOMATIC, dueDate=2025-02-16T23:43:09.986646Z, assessmentDueDate=null, maxPoints=42.0, course=CourseDTO[id=156, accuracyOfScores=1]]], submissionExerciseType=programming, isProcessing=false, buildStartDate=null, estimatedCompletionDate=null], participation=ParticipationDTO[id=488, testRun=false, type=programming, submissionCount=null, exercise=ParticipationExerciseDTO[id=307, exerciseType=PROGRAMMING, type=programming, assessmentType=AUTOMATIC, dueDate=2025-02-16T23:43:09.986646Z, assessmentDueDate=null, maxPoints=42.0, course=CourseDTO[id=156, accuracyOfScores=1]]], feedbacks=[], assessmentType=AUTOMATIC, hasComplaint=null, exampleResult=null, testCaseCount=0, passedTestCaseCount=0, codeIssueCount=0]], BuildJobQueueItem[id=4911739576593817, name=SHORT585B2198089880462509B3007867E72DFB7ATSTEXC-LOCALCIINTSTUDENT1, buildAgent=BuildAgentDTO[name=artemis-build-agent-test, memberAddress=[127.0.0.1]:5703, displayName=artemis-build-agent-test], participationId=491, courseId=157, exerciseId=308, retryCount=0, priority=2, status=SUCCESSFUL, repositoryInfo=RepositoryInfo[repositoryName=short585b2198089880462509b3007867e72dfb7atstexc-localciintstudent1, repositoryType=user, triggeredByPushTo=user, assignmentRepositoryUri=http://localhost:49152/git/SHORT585B2198089880462509B3007867E72DFB7ATSTEXC/short585b2198089880462509b3007867e72dfb7atstexc-localciintstudent1.git, testRepositoryUri=http://localhost:49152/git/SHORT585B2198089880462509B3007867E72DFB7ATSTEXC/short585b2198089880462509b3007867e72dfb7atstexc-tests.git, solutionRepositoryUri=null, auxiliaryRepositoryUris=[Ljava.lang.String;@64aa4950, auxiliaryRepositoryCheckoutDirectories=[Ljava.lang.String;@7bfec31f], jobTimingInfo=JobTimingInfo[submissionDate=2025-02-14T23:43:13.817124706Z[Etc/UTC], buildStartDate=2025-02-14T23:43:13.834335931Z[Etc/UTC], buildCompletionDate=2025-02-14T23:43:15.746259139Z[Etc/UTC], estimatedCompletionDate=2025-02-14T23:43:32.834326082Z[Etc/UTC], estimatedDuration=19], buildConfig=BuildConfig[buildScript=#!/bin/bash
cd /var/tmp/testing-dir
chmod +x ./gradlew
./gradlew clean test
, dockerImage=dummy-docker-image:latest, commitHashToBuild=42077d078a5d5042fe2d4bd8299a990d342fce6e, assignmentCommitHash=42077d078a5d5042fe2d4bd8299a990d342fce6e, testCommitHash=42077d078a5d5042fe2d4bd8299a990d342fce6e, branch=main, programmingLanguage=JAVA, projectType=PLAIN_GRADLE, scaEnabled=false, sequentialTestRunsEnabled=false, resultPaths=[/var/tmp/testing-dir/**/test-results/test/*.xml], timeoutSeconds=0, assignmentCheckoutPath=null, testCheckoutPath=null, solutionCheckoutPath=null, dockerRunConfig=null], submissionResult=ResultDTO[id=140, completionDate=2025-02-14T23:43:15.725343914Z[Etc/UTC], successful=false, score=0.0, rated=true, submission=SubmissionDTO[id=129, submitted=true, type=MANUAL, exampleSubmission=null, submissionDate=2025-02-14T23:43:13.805401Z, commitHash=42077d078a5d5042fe2d4bd8299a990d342fce6e, buildFailed=false, buildArtifact=false, participation=ParticipationDTO[id=491, testRun=false, type=programming, submissionCount=null, exercise=ParticipationExerciseDTO[id=308, exerciseType=PROGRAMMING, type=programming, assessmentType=AUTOMATIC, dueDate=2025-02-16T23:43:13.569213Z, assessmentDueDate=null, maxPoints=42.0, course=CourseDTO[id=157, accuracyOfScores=1]]], submissionExerciseType=programming, isProcessing=false, buildStartDate=null, estimatedCompletionDate=null], participation=ParticipationDTO[id=491, testRun=false, type=programming, submissionCount=null, exercise=ParticipationExerciseDTO[id=308, exerciseType=PROGRAMMING, type=programming, assessmentType=AUTOMATIC, dueDate=2025-02-16T23:43:13.569213Z, assessmentDueDate=null, maxPoints=42.0, course=CourseDTO[id=157, accuracyOfScores=1]]], feedbacks=[FeedbackDTO[id=160, text=null, detailText=Deine Einreichung enthält keine Ausgabe. (67cac2), hasLongFeedbackText=false, reference=null, credits=0.0, positive=false, type=AUTOMATIC, visibility=ALWAYS, testCase=TestCaseDTO[testName=null, id=146]], FeedbackDTO[id=161, text=null, detailText=test `add` failed on ≥ 1 cases:
(0, 0)
Your submission raised an error Failure("TODO add"), hasLongFeedbackText=false, reference=null, credits=0.0, positive=false, type=AUTOMATIC, visibility=ALWAYS, testCase=TestCaseDTO[testName=null, id=149]], FeedbackDTO[id=162, text=null, detailText=test `filter` failed on ≥ 1 cases:
(even, [1; 2; 3; 4])
Your submission raised an error Failure("TODO filter"), hasLongFeedbackText=false, reference=null, credits=0.0, positive=false, type=AUTOMATIC, visibility=ALWAYS, testCase=TestCaseDTO[testName=null, id=148]], FeedbackDTO[id=163, text=null, detailText=Test was not executed., hasLongFeedbackText=false, reference=null, credits=0.0, positive=null, type=AUTOMATIC, visibility=null, testCase=TestCaseDTO[testName=null, id=137]], FeedbackDTO[id=164, text=null, detailText=Test was not executed., hasLongFeedbackText=false, reference=null, credits=0.0, positive=null, type=AUTOMATIC, visibility=null, testCase=TestCaseDTO[testName=null, id=138]], FeedbackDTO[id=165, text=null, detailText=Test was not executed., hasLongFeedbackText=false, reference=null, credits=0.0, positive=null, type=AUTOMATIC, visibility=null, testCase=TestCaseDTO[testName=null, id=139]], FeedbackDTO[id=166, text=null, detailText=Test was not executed., hasLongFeedbackText=false, reference=null, credits=0.0, positive=null, type=AUTOMATIC, visibility=null, testCase=TestCaseDTO[testName=null, id=140]], FeedbackDTO[id=167, text=null, detailText=Test was not executed., hasLongFeedbackText=false, reference=null, credits=0.0, positive=null, type=AUTOMATIC, visibility=null, testCase=TestCaseDTO[testName=null, id=141]], FeedbackDTO[id=168, text=null, detailText=Test was not executed., hasLongFeedbackText=false, reference=null, credits=0.0, positive=null, type=AUTOMATIC, visibility=null, testCase=TestCaseDTO[testName=null, id=142]], FeedbackDTO[id=169, text=null, detailText=Test was not executed., hasLongFeedbackText=false, reference=null, credits=0.0, positive=null, type=AUTOMATIC, visibility=null, testCase=TestCaseDTO[testName=null, id=143]], FeedbackDTO[id=170, text=null, detailText=Test was not executed., hasLongFeedbackText=false, reference=null, credits=0.0, positive=null, type=AUTOMATIC, visibility=null, testCase=TestCaseDTO[testName=null, id=144]], FeedbackDTO[id=171, text=null, detailText=Test was not executed., hasLongFeedbackText=false, reference=null, credits=0.0, positive=null, type=AUTOMATIC, visibility=null, testCase=TestCaseDTO[testName=null, id=145]], FeedbackDTO[id=172, text=null, detailText=Test was not executed., hasLongFeedbackText=false, reference=null, credits=0.0, positive=null, type=AUTOMATIC, visibility=null, testCase=TestCaseDTO[testName=null, id=147]]], assessmentType=AUTOMATIC, hasComplaint=null, exampleResult=null, testCaseCount=13, passedTestCaseCount=0, codeIssueCount=0]], BuildJobQueueItem[id=4941739576597286, name=SHORTFBCBD7BF0E6EB0451A080E80FCB407DC1F12TSTEXC-LOCALCIINTSTUDENT1, buildAgent=BuildAgentDTO[name=artemis-build-agent-test, memberAddress=[127.0.0.1]:5703, displayName=artemis-build-agent-test], participationId=494, courseId=158, exerciseId=309, retryCount=0, priority=2, status=SUCCESSFUL, repositoryInfo=RepositoryInfo[repositoryName=shortfbcbd7bf0e6eb0451a080e80fcb407dc1f12tstexc-localciintstudent1, repositoryType=user, triggeredByPushTo=user, assignmentRepositoryUri=http://localhost:49152/git/SHORTFBCBD7BF0E6EB0451A080E80FCB407DC1F12TSTEXC/shortfbcbd7bf0e6eb0451a080e80fcb407dc1f12tstexc-localciintstudent1.git, testRepositoryUri=http://localhost:49152/git/SHORTFBCBD7BF0E6EB0451A080E80FCB407DC1F12TSTEXC/shortfbcbd7bf0e6eb0451a080e80fcb407dc1f12tstexc-tests.git, solutionRepositoryUri=null, auxiliaryRepositoryUris=[Ljava.lang.String;@6e5e5dc6, auxiliaryRepositoryCheckoutDirectories=[Ljava.lang.String;@1edb9d0c], jobTimingInfo=JobTimingInfo[submissionDate=2025-02-14T23:43:17.286977233Z[Etc/UTC], buildStartDate=2025-02-14T23:43:17.293977347Z[Etc/UTC], buildCompletionDate=2025-02-14T23:43:18.740990762Z[Etc/UTC], estimatedCompletionDate=2025-02-14T23:43:36.293970494Z[Etc/UTC], estimatedDuration=19], buildConfig=BuildConfig[buildScript=#!/bin/bash
cd /var/tmp/testing-dir
chmod +x ./gradlew
./gradlew clean test
, dockerImage=dummy-docker-image:latest, commitHashToBuild=4a1af7e8a64e6505c5fc09b9f81ea41af9fcff44, assignmentCommitHash=4a1af7e8a64e6505c5fc09b9f81ea41af9fcff44, testCommitHash=4a1af7e8a64e6505c5fc09b9f81ea41af9fcff44, branch=main, programmingLanguage=JAVA, projectType=PLAIN_GRADLE, scaEnabled=false, sequentialTestRunsEnabled=false, resultPaths=[/var/tmp/testing-dir/**/test-results/test/*.xml], timeoutSeconds=0, assignmentCheckoutPath=null, testCheckoutPath=null, solutionCheckoutPath=null, dockerRunConfig=null], submissionResult=ResultDTO[id=141, completionDate=2025-02-14T23:43:18.729015138Z[Etc/UTC], successful=false, score=0.0, rated=true, submission=SubmissionDTO[id=130, submitted=true, type=MANUAL, exampleSubmission=null, submissionDate=2025-02-14T23:43:17.272936Z, commitHash=4a1af7e8a64e6505c5fc09b9f81ea41af9fcff44, buildFailed=true, buildArtifact=false, participation=ParticipationDTO[id=494, testRun=false, type=programming, submissionCount=null, exercise=ParticipationExerciseDTO[id=309, exerciseType=PROGRAMMING, type=programming, assessmentType=AUTOMATIC, dueDate=2025-02-16T23:43:17.147218Z, assessmentDueDate=null, maxPoints=42.0, course=CourseDTO[id=158, accuracyOfScores=1]]], submissionExerciseType=programming, isProcessing=false, buildStartDate=null, estimatedCompletionDate=null], participation=ParticipationDTO[id=494, testRun=false, type=programming, submissionCount=null, exercise=ParticipationExerciseDTO[id=309, exerciseType=PROGRAMMING, type=programming, assessmentType=AUTOMATIC, dueDate=2025-02-16T23:43:17.147218Z, assessmentDueDate=null, maxPoints=42.0, course=CourseDTO[id=158, accuracyOfScores=1]]], feedbacks=[], assessmentType=AUTOMATIC, hasComplaint=null, exampleResult=null, testCaseCount=0, passedTestCaseCount=0, codeIssueCount=0]], BuildJobQueueItem[id=4971739576599269, name=SHORT52AD57270517204728083260501A19D262D1TSTEXC-LOCALCIINTSTUDENT1, buildAgent=BuildAgentDTO[name=artemis-build-agent-test, memberAddress=[127.0.0.1]:5703, displayName=artemis-build-agent-test], participationId=497, courseId=159, exerciseId=310, retryCount=0, priority=2, status=SUCCESSFUL, repositoryInfo=RepositoryInfo[repositoryName=short52ad57270517204728083260501a19d262d1tstexc-localciintstudent1, repositoryType=user, triggeredByPushTo=user, assignmentRepositoryUri=http://localhost:49152/git/SHORT52AD57270517204728083260501A19D262D1TSTEXC/short52ad57270517204728083260501a19d262d1tstexc-localciintstudent1.git, testRepositoryUri=http://localhost:49152/git/SHORT52AD57270517204728083260501A19D262D1TSTEXC/short52ad57270517204728083260501a19d262d1tstexc-tests.git, solutionRepositoryUri=null, auxiliaryRepositoryUris=[Ljava.lang.String;@280da74e, auxiliaryRepositoryCheckoutDirectories=[Ljava.lang.String;@25e66f6b], jobTimingInfo=JobTimingInfo[submissionDate=2025-02-14T23:43:19.269997499Z[Etc/UTC], buildStartDate=2025-02-14T23:43:19.277325895Z[Etc/UTC], buildCompletionDate=2025-02-14T23:43:20.497391524Z[Etc/UTC], estimatedCompletionDate=2025-02-14T23:43:38.277310787Z[Etc/UTC], estimatedDuration=19], buildConfig=BuildConfig[buildScript=#!/bin/bash
cd /var/tmp/testing-dir
chmod +x ./gradlew
./gradlew clean test
, dockerImage=dummy-docker-image:latest, commitHashToBuild=9f4f76247a188e9a0f3516a9fbd60e829d53fb05, assignmentCommitHash=9f4f76247a188e9a0f3516a9fbd60e829d53fb05, testCommitHash=9f4f76247a188e9a0f3516a9fbd60e829d53fb05, branch=main, programmingLanguage=JAVA, projectType=PLAIN_GRADLE, scaEnabled=false, sequentialTestRunsEnabled=false, resultPaths=[/var/tmp/testing-dir/**/test-results/test/*.xml], timeoutSeconds=0, assignmentCheckoutPath=null, testCheckoutPath=null, solutionCheckoutPath=null, dockerRunConfig=null], submissionResult=ResultDTO[id=142, completionDate=2025-02-14T23:43:20.484244187Z[Etc/UTC], successful=false, score=7.7, rated=true, submission=SubmissionDTO[id=131, submitted=true, type=MANUAL, exampleSubmission=null, submissionDate=2025-02-14T23:43:19.265464Z, commitHash=9f4f76247a188e9a0f3516a9fbd60e829d53fb05, buildFailed=false, buildArtifact=false, participation=ParticipationDTO[id=497, testRun=false, type=programming, submissionCount=null, exercise=ParticipationExerciseDTO[id=310, exerciseType=PROGRAMMING, type=programming, assessmentType=AUTOMATIC, dueDate=2025-02-16T23:43:19.182228Z, assessmentDueDate=null, maxPoints=42.0, course=CourseDTO[id=159, accuracyOfScores=1]]], submissionExerciseType=programming, isProcessing=false, buildStartDate=null, estimatedCompletionDate=null], participation=ParticipationDTO[id=497, testRun=false, type=programming, submissionCount=null, exercise=ParticipationExerciseDTO[id=310, exerciseType=PROGRAMMING, type=programming, assessmentType=AUTOMATIC, dueDate=2025-02-16T23:43:19.182228Z, assessmentDueDate=null, maxPoints=42.0, course=CourseDTO[id=159, accuracyOfScores=1]]], feedbacks=[FeedbackDTO[id=173, text=null, detailText=The exercise expects a class with the name Context in the package testpackage. You did not implement the class in the exercise., hasLongFeedbackText=false, reference=null, credits=0.0, positive=false, type=AUTOMATIC, visibility=ALWAYS, testCase=TestCaseDTO[testName=null, id=169]], FeedbackDTO[id=174, text=null, detailText=The exercise expects a class with the name Policy in the package testpackage. You did not implement the class in the exercise., hasLongFeedbackText=false, reference=null, credits=0.0, positive=false, type=AUTOMATIC, visibility=ALWAYS, testCase=TestCaseDTO[testName=null, id=170]], FeedbackDTO[id=175, text=null, detailText=The exercise expects a class with the name SortStrategy in the package testpackage. You did not implement the class in the exercise., hasLongFeedbackText=false, reference=null, credits=0.0, positive=false, type=AUTOMATIC, visibility=ALWAYS, testCase=TestCaseDTO[testName=null, id=171]], FeedbackDTO[id=176, text=null, detailText=The class 'MergeSort' does not implement the interface 'SortStrategy' as expected. Implement the interface and its methods., hasLongFeedbackText=false, reference=null, credits=0.0, positive=false, type=AUTOMATIC, visibility=ALWAYS, testCase=TestCaseDTO[testName=null, id=166]], FeedbackDTO[id=177, text=null, detailText=The exercise expects a class with the name SortStrategy in the package testpackage. You did not implement the class in the exercise., hasLongFeedbackText=false, reference=null, credits=0.0, positive=false, type=AUTOMATIC, visibility=ALWAYS, testCase=TestCaseDTO[testName=null, id=163]], FeedbackDTO[id=178, text=null, detailText=The class 'BubbleSort' does not implement the interface 'SortStrategy' as expected. Implement the interface and its methods., hasLongFeedbackText=false, reference=null, credits=0.0, positive=false, type=AUTOMATIC, visibility=ALWAYS, testCase=TestCaseDTO[testName=null, id=167]], FeedbackDTO[id=179, text=null, detailText=MergeSort does not sort correctly, hasLongFeedbackText=false, reference=null, credits=0.0, positive=false, type=AUTOMATIC, visibility=ALWAYS, testCase=TestCaseDTO[testName=null, id=172]], FeedbackDTO[id=180, text=null, detailText=The class 'Context' was not found within the submission. Make sure to implement it properly., hasLongFeedbackText=false, reference=null, credits=0.0, positive=false, type=AUTOMATIC, visibility=ALWAYS, testCase=TestCaseDTO[testName=null, id=173]], FeedbackDTO[id=181, text=null, detailText=The class 'Context' was not found within the submission. Make sure to implement it properly., hasLongFeedbackText=false, reference=null, credits=0.0, positive=false, type=AUTOMATIC, visibility=ALWAYS, testCase=TestCaseDTO[testName=null, id=174]], FeedbackDTO[id=182, text=null, detailText=The exercise expects a class with the name Policy in the package testpackage. You did not implement the class in the exercise., hasLongFeedbackText=false, reference=null, credits=0.0, positive=false, type=AUTOMATIC, visibility=ALWAYS, testCase=TestCaseDTO[testName=null, id=168]], FeedbackDTO[id=183, text=null, detailText=The exercise expects a class with the name Context in the package testpackage. You did not implement the class in the exercise., hasLongFeedbackText=false, reference=null, credits=0.0, positive=false, type=AUTOMATIC, visibility=ALWAYS, testCase=TestCaseDTO[testName=null, id=164]], FeedbackDTO[id=184, text=null, detailText=The exercise expects a class with the name Policy in the package testpackage. You did not implement the class in the exercise., hasLongFeedbackText=false, reference=null, credits=0.0, positive=false, type=AUTOMATIC, visibility=ALWAYS, testCase=TestCaseDTO[testName=null, id=165]], FeedbackDTO[id=185, text=null, detailText=null, hasLongFeedbackText=false, reference=null, credits=3.230769230769231, positive=true, type=AUTOMATIC, visibility=ALWAYS, testCase=TestCaseDTO[testName=null, id=175]]], assessmentType=AUTOMATIC, hasComplaint=null, exampleResult=null, testCaseCount=13, passedTestCaseCount=1, codeIssueCount=0]], BuildJobQueueItem[id=5001739576601035, name=SHORT582B1BDC0A17704D6D0A46800FC19163DA47TSTEXC-LOCALCIINTSTUDENT1, buildAgent=BuildAgentDTO[name=artemis-build-agent-test, memberAddress=[127.0.0.1]:5703, displayName=artemis-build-agent-test], participationId=500, courseId=160, exerciseId=311, retryCount=0, priority=2, status=SUCCESSFUL, repositoryInfo=RepositoryInfo[repositoryName=short582b1bdc0a17704d6d0a46800fc19163da47tstexc-localciintstudent1, repositoryType=user, triggeredByPushTo=user, assignmentRepositoryUri=http://localhost:49152/git/SHORT582B1BDC0A17704D6D0A46800FC19163DA47TSTEXC/short582b1bdc0a17704d6d0a46800fc19163da47tstexc-localciintstudent1.git, testRepositoryUri=http://localhost:49152/git/SHORT582B1BDC0A17704D6D0A46800FC19163DA47TSTEXC/short582b1bdc0a17704d6d0a46800fc19163da47tstexc-tests.git, solutionRepositoryUri=null, auxiliaryRepositoryUris=[Ljava.lang.String;@39caa67c, auxiliaryRepositoryCheckoutDirectories=[Ljava.lang.String;@7bbb6fb4], jobTimingInfo=JobTimingInfo[submissionDate=2025-02-14T23:43:21.035120760Z[Etc/UTC], buildStartDate=2025-02-14T23:43:21.040320383Z[Etc/UTC], buildCompletionDate=2025-02-14T23:43:22.581236903Z[Etc/UTC], estimatedCompletionDate=2025-02-14T23:43:40.040312057Z[Etc/UTC], estimatedDuration=19], buildConfig=BuildConfig[buildScript=#!/bin/bash
cd /var/tmp/testing-dir
chmod +x ./gradlew
./gradlew clean test
, dockerImage=dummy-docker-image:latest, commitHashToBuild=887566cf754016f986627cf5c5c365dea16c907f, assignmentCommitHash=887566cf754016f986627cf5c5c365dea16c907f, testCommitHash=6af67146332066e7430917928a4b9b81c43b7c71, branch=main, programmingLanguage=JAVA, projectType=PLAIN_GRADLE, scaEnabled=false, sequentialTestRunsEnabled=false, resultPaths=[/var/tmp/testing-dir/**/test-results/test/*.xml], timeoutSeconds=0, assignmentCheckoutPath=customAssignmentPath, testCheckoutPath=null, solutionCheckoutPath=null, dockerRunConfig=null], submissionResult=ResultDTO[id=143, completionDate=2025-02-14T23:43:22.538158998Z[Etc/UTC], successful=false, score=7.7, rated=true, submission=SubmissionDTO[id=132, submitted=true, type=MANUAL, exampleSubmission=null, submissionDate=2025-02-14T23:43:21.028930Z, commitHash=887566cf754016f986627cf5c5c365dea16c907f, buildFailed=false, buildArtifact=false, participation=ParticipationDTO[id=500, testRun=false, type=programming, submissionCount=null, exercise=ParticipationExerciseDTO[id=311, exerciseType=PROGRAMMING, type=programming, assessmentType=AUTOMATIC, dueDate=2025-02-16T23:43:20.897280Z, assessmentDueDate=null, maxPoints=42.0, course=CourseDTO[id=160, accuracyOfScores=1]]], submissionExerciseType=programming, isProcessing=false, buildStartDate=null, estimatedCompletionDate=null], participation=ParticipationDTO[id=500, testRun=false, type=programming, submissionCount=null, exercise=ParticipationExerciseDTO[id=311, exerciseType=PROGRAMMING, type=programming, assessmentType=AUTOMATIC, dueDate=2025-02-16T23:43:20.897280Z, assessmentDueDate=null, maxPoints=42.0, course=CourseDTO[id=160, accuracyOfScores=1]]], feedbacks=[FeedbackDTO[id=186, text=null, detailText=The exercise expects a class with the name Context in the package testpackage. You did not implement the class in the exercise., hasLongFeedbackText=false, reference=null, credits=0.0, positive=false, type=AUTOMATIC, visibility=ALWAYS, testCase=TestCaseDTO[testName=null, id=182]], FeedbackDTO[id=187, text=null, detailText=The exercise expects a class with the name Policy in the package testpackage. You did not implement the class in the exercise., hasLongFeedbackText=false, reference=null, credits=0.0, positive=false, type=AUTOMATIC, visibility=ALWAYS, testCase=TestCaseDTO[testName=null, id=183]], FeedbackDTO[id=188, text=null, detailText=The exercise expects a class with the name SortStrategy in the package testpackage. You did not implement the class in the exercise., hasLongFeedbackText=false, reference=null, credits=0.0, positive=false, type=AUTOMATIC, visibility=ALWAYS, testCase=TestCaseDTO[testName=null, id=184]], FeedbackDTO[id=189, text=null, detailText=The class 'MergeSort' does not implement the interface 'SortStrategy' as expected. Implement the interface and its methods., hasLongFeedbackText=false, reference=null, credits=0.0, positive=false, type=AUTOMATIC, visibility=ALWAYS, testCase=TestCaseDTO[testName=null, id=179]], FeedbackDTO[id=190, text=null, detailText=The exercise expects a class with the name SortStrategy in the package testpackage. You did not implement the class in the exercise., hasLongFeedbackText=false, reference=null, credits=0.0, positive=false, type=AUTOMATIC, visibility=ALWAYS, testCase=TestCaseDTO[testName=null, id=176]], FeedbackDTO[id=191, text=null, detailText=The class 'BubbleSort' does not implement the interface 'SortStrategy' as expected. Implement the interface and its methods., hasLongFeedbackText=false, reference=null, credits=0.0, positive=false, type=AUTOMATIC, visibility=ALWAYS, testCase=TestCaseDTO[testName=null, id=180]], FeedbackDTO[id=192, text=null, detailText=MergeSort does not sort correctly, hasLongFeedbackText=false, reference=null, credits=0.0, positive=false, type=AUTOMATIC, visibility=ALWAYS, testCase=TestCaseDTO[testName=null, id=185]], FeedbackDTO[id=193, text=null, detailText=The class 'Context' was not found within the submission. Make sure to implement it properly., hasLongFeedbackText=false, reference=null, credits=0.0, positive=false, type=AUTOMATIC, visibility=ALWAYS, testCase=TestCaseDTO[testName=null, id=186]], FeedbackDTO[id=194, text=null, detailText=The class 'Context' was not found within the submission. Make sure to implement it properly., hasLongFeedbackText=false, reference=null, credits=0.0, positive=false, type=AUTOMATIC, visibility=ALWAYS, testCase=TestCaseDTO[testName=null, id=187]], FeedbackDTO[id=195, text=null, detailText=The exercise expects a class with the name Policy in the package testpackage. You did not implement the class in the exercise., hasLongFeedbackText=false, reference=null, credits=0.0, positive=false, type=AUTOMATIC, visibility=ALWAYS, testCase=TestCaseDTO[testName=null, id=181]], FeedbackDTO[id=196, text=null, detailText=The exercise expects a class with the name Context in the package testpackage. You did not implement the class in the exercise., hasLongFeedbackText=false, reference=null, credits=0.0, positive=false, type=AUTOMATIC, visibility=ALWAYS, testCase=TestCaseDTO[testName=null, id=177]], FeedbackDTO[id=197, text=null, detailText=The exercise expects a class with the name Policy in the package testpackage. You did not implement the class in the exercise., hasLongFeedbackText=false, reference=null, credits=0.0, positive=false, type=AUTOMATIC, visibility=ALWAYS, testCase=TestCaseDTO[testName=null, id=178]], FeedbackDTO[id=198, text=null, detailText=null, hasLongFeedbackText=false, reference=null, credits=3.230769230769231, positive=true, type=AUTOMATIC, visibility=ALWAYS, testCase=TestCaseDTO[testName=null, id=188]]], assessmentType=AUTOMATIC, hasComplaint=null, exampleResult=null, testCaseCount=13, passedTestCaseCount=1, codeIssueCount=0]], BuildJobQueueItem[id=5031739576604847, name=SHORT00FA1A240403404C7E097D7007C591BE2AB1TSTEXC-LOCALCIINTSTUDENT1, buildAgent=BuildAgentDTO[name=artemis-build-agent-test, memberAddress=[127.0.0.1]:5703, displayName=artemis-build-agent-test], participationId=503, courseId=161, exerciseId=312, retryCount=0, priority=2, status=FAILED, repositoryInfo=RepositoryInfo[repositoryName=short00fa1a240403404c7e097d7007c591be2ab1tstexc-localciintstudent1, repositoryType=user, triggeredByPushTo=user, assignmentRepositoryUri=http://localhost:49152/git/SHORT00FA1A240403404C7E097D7007C591BE2AB1TSTEXC/short00fa1a240403404c7e097d7007c591be2ab1tstexc-localciintstudent1.git, testRepositoryUri=http://localhost:49152/git/SHORT00FA1A240403404C7E097D7007C591BE2AB1TSTEXC/short00fa1a240403404c7e097d7007c591be2ab1tstexc-tests.git, solutionRepositoryUri=null, auxiliaryRepositoryUris=[Ljava.lang.String;@3e49805a, auxiliaryRepositoryCheckoutDirectories=[Ljava.lang.String;@28423dcf], jobTimingInfo=JobTimingInfo[submissionDate=2025-02-14T23:43:24.847396156Z[Etc/UTC], buildStartDate=2025-02-14T23:43:24.860457211Z[Etc/UTC], buildCompletionDate=2025-02-14T23:43:26.809353681Z[Etc/UTC], estimatedCompletionDate=2025-02-14T23:43:46.860451490Z[Etc/UTC], estimatedDuration=22], buildConfig=BuildConfig[buildScript=#!/bin/bash
cd /var/tmp/testing-dir
chmod +x ./gradlew
./gradlew clean test
, dockerImage=dummy-docker-image:latest, commitHashToBuild=9690714a509af0a98c6790a7e52ee3574c7ef689, assignmentCommitHash=9690714a509af0a98c6790a7e52ee3574c7ef689, testCommitHash=9690714a509af0a98c6790a7e52ee3574c7ef689, branch=main, programmingLanguage=JAVA, projectType=PLAIN_GRADLE, scaEnabled=false, sequentialTestRunsEnabled=false, resultPaths=[/var/tmp/testing-dir/**/test-results/test/*.xml], timeoutSeconds=0, assignmentCheckoutPath=null, testCheckoutPath=null, solutionCheckoutPath=null, dockerRunConfig=null], submissionResult=ResultDTO[id=144, completionDate=2025-02-14T23:43:26.809483684Z[Etc/UTC], successful=false, score=0.0, rated=true, submission=SubmissionDTO[id=133, submitted=true, type=MANUAL, exampleSubmission=null, submissionDate=2025-02-14T23:43:24.841319Z, commitHash=9690714a509af0a98c6790a7e52ee3574c7ef689, buildFailed=true, buildArtifact=false, participation=ParticipationDTO[id=503, testRun=false, type=programming, submissionCount=null, exercise=ParticipationExerciseDTO[id=312, exerciseType=PROGRAMMING, type=programming, assessmentType=AUTOMATIC, dueDate=2025-02-16T23:43:24.571329Z, assessmentDueDate=null, maxPoints=42.0, course=CourseDTO[id=161, accuracyOfScores=1]]], submissionExerciseType=programming, isProcessing=false, buildStartDate=null, estimatedCompletionDate=null], participation=ParticipationDTO[id=503, testRun=false, type=programming, submissionCount=null, exercise=ParticipationExerciseDTO[id=312, exerciseType=PROGRAMMING, type=programming, assessmentType=AUTOMATIC, dueDate=2025-02-16T23:43:24.571329Z, assessmentDueDate=null, maxPoints=42.0, course=CourseDTO[id=161, accuracyOfScores=1]]], feedbacks=[], assessmentType=AUTOMATIC, hasComplaint=null, exampleResult=null, testCaseCount=0, passedTestCaseCount=0, codeIssueCount=0]], BuildJobQueueItem[id=5061739576605250, name=SHORT62C808EE04ECE040740AF7B0CF3AE5F5BEF2TSTEXC-LOCALCIINTSTUDENT1, buildAgent=BuildAgentDTO[name=artemis-build-agent-test, memberAddress=[127.0.0.1]:5703, displayName=artemis-build-agent-test], participationId=506, courseId=162, exerciseId=313, retryCount=0, priority=2, status=SUCCESSFUL, repositoryInfo=RepositoryInfo[repositoryName=short62c808ee04ece040740af7b0cf3ae5f5bef2tstexc-localciintstudent1, repositoryType=user, triggeredByPushTo=user, assignmentRepositoryUri=http://localhost:49152/git/SHORT62C808EE04ECE040740AF7B0CF3AE5F5BEF2TSTEXC/short62c808ee04ece040740af7b0cf3ae5f5bef2tstexc-localciintstudent1.git, testRepositoryUri=http://localhost:49152/git/SHORT62C808EE04ECE040740AF7B0CF3AE5F5BEF2TSTEXC/short62c808ee04ece040740af7b0cf3ae5f5bef2tstexc-tests.git, solutionRepositoryUri=null, auxiliaryRepositoryUris=[Ljava.lang.String;@44d787fd, auxiliaryRepositoryCheckoutDirectories=[Ljava.lang.String;@64b1861c], jobTimingInfo=JobTimingInfo[submissionDate=2025-02-14T23:43:25.250749866Z[Etc/UTC], buildStartDate=2025-02-14T23:43:26.820713075Z[Etc/UTC], buildCompletionDate=2025-02-14T23:43:28.304236378Z[Etc/UTC], estimatedCompletionDate=2025-02-14T23:43:45.820704920Z[Etc/UTC], estimatedDuration=19], buildConfig=BuildConfig[buildScript=#!/bin/bash
cd /var/tmp/testing-dir
chmod +x ./gradlew
./gradlew clean test
, dockerImage=dummy-docker-image:latest, commitHashToBuild=993b6f756e3e52a44d0537d4fa3a5d0e0acdbe89, assignmentCommitHash=993b6f756e3e52a44d0537d4fa3a5d0e0acdbe89, testCommitHash=993b6f756e3e52a44d0537d4fa3a5d0e0acdbe89, branch=main, programmingLanguage=JAVA, projectType=null, scaEnabled=false, sequentialTestRunsEnabled=false, resultPaths=[/var/tmp/testing-dir/**/test-results/test/*.xml], timeoutSeconds=0, assignmentCheckoutPath=null, testCheckoutPath=null, solutionCheckoutPath=null, dockerRunConfig=null], submissionResult=ResultDTO[id=145, completionDate=2025-02-14T23:43:28.269051286Z[Etc/UTC], successful=false, score=7.7, rated=true, submission=SubmissionDTO[id=134, submitted=true, type=MANUAL, exampleSubmission=null, submissionDate=2025-02-14T23:43:25.241685Z, commitHash=993b6f756e3e52a44d0537d4fa3a5d0e0acdbe89, buildFailed=false, buildArtifact=false, participation=ParticipationDTO[id=506, testRun=false, type=programming, submissionCount=null, exercise=ParticipationExerciseDTO[id=313, exerciseType=PROGRAMMING, type=programming, assessmentType=AUTOMATIC, dueDate=2025-02-16T23:43:24.986721Z, assessmentDueDate=null, maxPoints=42.0, course=CourseDTO[id=162, accuracyOfScores=1]]], submissionExerciseType=programming, isProcessing=false, buildStartDate=null, estimatedCompletionDate=null], participation=ParticipationDTO[id=506, testRun=false, type=programming, submissionCount=null, exercise=ParticipationExerciseDTO[id=313, exerciseType=PROGRAMMING, type=programming, assessmentType=AUTOMATIC, dueDate=2025-02-16T23:43:24.986721Z, assessmentDueDate=null, maxPoints=42.0, course=CourseDTO[id=162, accuracyOfScores=1]]], feedbacks=[FeedbackDTO[id=199, text=null, detailText=The exercise expects a class with the name Context in the package testpackage. You did not implement the class in the exercise., hasLongFeedbackText=false, reference=null, credits=0.0, positive=false, type=AUTOMATIC, visibility=ALWAYS, testCase=TestCaseDTO[testName=null, id=208]], FeedbackDTO[id=200, text=null, detailText=The exercise expects a class with the name Policy in the package testpackage. You did not implement the class in the exercise., hasLongFeedbackText=false, reference=null, credits=0.0, positive=false, type=AUTOMATIC, visibility=ALWAYS, testCase=TestCaseDTO[testName=null, id=209]], FeedbackDTO[id=201, text=null, detailText=The exercise expects a class with the name SortStrategy in the package testpackage. You did not implement the class in the exercise., hasLongFeedbackText=false, reference=null, credits=0.0, positive=false, type=AUTOMATIC, visibility=ALWAYS, testCase=TestCaseDTO[testName=null, id=210]], FeedbackDTO[id=202, text=null, detailText=The class 'MergeSort' does not implement the interface 'SortStrategy' as expected. Implement the interface and its methods., hasLongFeedbackText=false, reference=null, credits=0.0, positive=false, type=AUTOMATIC, visibility=ALWAYS, testCase=TestCaseDTO[testName=null, id=205]], FeedbackDTO[id=203, text=null, detailText=The exercise expects a class with the name SortStrategy in the package testpackage. You did not implement the class in the exercise., hasLongFeedbackText=false, reference=null, credits=0.0, positive=false, type=AUTOMATIC, visibility=ALWAYS, testCase=TestCaseDTO[testName=null, id=202]], FeedbackDTO[id=204, text=null, detailText=The class 'BubbleSort' does not implement the interface 'SortStrategy' as expected. Implement the interface and its methods., hasLongFeedbackText=false, reference=null, credits=0.0, positive=false, type=AUTOMATIC, visibility=ALWAYS, testCase=TestCaseDTO[testName=null, id=206]], FeedbackDTO[id=205, text=null, detailText=MergeSort does not sort correctly, hasLongFeedbackText=false, reference=null, credits=0.0, positive=false, type=AUTOMATIC, visibility=ALWAYS, testCase=TestCaseDTO[testName=null, id=211]], FeedbackDTO[id=206, text=null, detailText=The class 'Context' was not found within the submission. Make sure to implement it properly., hasLongFeedbackText=false, reference=null, credits=0.0, positive=false, type=AUTOMATIC, visibility=ALWAYS, testCase=TestCaseDTO[testName=null, id=212]], FeedbackDTO[id=207, text=null, detailText=The class 'Context' was not found within the submission. Make sure to implement it properly., hasLongFeedbackText=false, reference=null, credits=0.0, positive=false, type=AUTOMATIC, visibility=ALWAYS, testCase=TestCaseDTO[testName=null, id=213]], FeedbackDTO[id=208, text=null, detailText=The exercise expects a class with the name Policy in the package testpackage. You did not implement the class in the exercise., hasLongFeedbackText=false, reference=null, credits=0.0, positive=false, type=AUTOMATIC, visibility=ALWAYS, testCase=TestCaseDTO[testName=null, id=207]], FeedbackDTO[id=209, text=null, detailText=The exercise expects a class with the name Context in the package testpackage. You did not implement the class in the exercise., hasLongFeedbackText=false, reference=null, credits=0.0, positive=false, type=AUTOMATIC, visibility=ALWAYS, testCase=TestCaseDTO[testName=null, id=203]], FeedbackDTO[id=210, text=null, detailText=The exercise expects a class with the name Policy in the package testpackage. You did not implement the class in the exercise., hasLongFeedbackText=false, reference=null, credits=0.0, positive=false, type=AUTOMATIC, visibility=ALWAYS, testCase=TestCaseDTO[testName=null, id=204]], FeedbackDTO[id=211, text=null, detailText=null, hasLongFeedbackText=false, reference=null, credits=3.230769230769231, positive=true, type=AUTOMATIC, visibility=ALWAYS, testCase=TestCaseDTO[testName=null, id=214]]], assessmentType=AUTOMATIC, hasComplaint=null, exampleResult=null, testCaseCount=13, passedTestCaseCount=1, codeIssueCount=0]]], publicSshKey=ssh-rsa AAAAB3NzaC1yc2EAAAADAQABAAACAQCOPdMsxRE2jFJ/UEa5/LsBxtwzJcrh3/rYBCQvcMeVpiRfhzQPWu7mrt/G2Ew+i+vRloGH9aqKg6dd1liRncao53Zmd/ePxoatXePNhmzTfkCkcSkTUz7B+QMjkoDDV5jwuFPD6mF3JkhuzSi64n9Zy905t4w2IhVcjM2mL3eYNjiCXt6Qpq3Pkt7dM/Ksw1nxnvuiIALuJLB3FTkXkHqq3PJav+9HSq2r6ZaWgekneaGxlQlb+U+Vy3XOuArKAzK8c8i+0bR+AHiTG6ncYXt7ax3U+TdlDTF7OLP3umwaYjs1NBXOHwG42pevvpKn2fqavZZozk+M05jXLx3bq0O7itxfErWc7etky8qYPyyIMF/txQIVLd78+Ze4d7Y60t5MGbXM5cGE6fFif5fEJwgswXD+BrG0cafz1CTatjSKFdvp8Vp4VszXhHDan1PrP6JEFJ5Cc5GDmLRZPCFa3vL9f5qXgf4bkqKN8MYeEujwJE5nMRWoiJVNakix2bcrrneQMBlnYeYZVWXXXUusAQBzl4NgddC1umZpihZkL1b1MffZAUW3EGEXi7KHnllQhkTLLsQ8ntMgbylqaJKStqaXlLvdeRJcEnUuiFCrHEVVbXRFZR7XVDZ02CE5o3MuaRPty8Kh+jRTF3COlAckHwYEJCNNJvXFgb2CNXL4mjzYDw== test@localhost]
    23:43:28.385 | 566 localvc.event-13 | DEBUG | a.p.s.l.SharedQueueManagementService : Build agent updated: null
    23:43:28.391 | 566 localvc.event-13 | DEBUG | a.p.s.l.LocalCIQueueWebsocketService : Build agent updated: BuildAgentInformation[buildAgent=BuildAgentDTO[name=artemis-build-agent-test, memberAddress=[127.0.0.1]:5703, displayName=artemis-build-agent-test], maxNumberOfConcurrentBuildJobs=1, numberOfCurrentBuildJobs=0, runningBuildJobs=[], status=IDLE, recentBuildJobs=[BuildJobQueueItem[id=4621739576562326, name=SHORT43ACF76B02BC1044B80938509D14043FABDETSTEXC-LOCALCIINTSTUDENT1, buildAgent=BuildAgentDTO[name=artemis-build-agent-test, memberAddress=[127.0.0.1]:5703, displayName=artemis-build-agent-test], participationId=462, courseId=147, exerciseId=298, retryCount=0, priority=2, status=SUCCESSFUL, repositoryInfo=RepositoryInfo[repositoryName=short43acf76b02bc1044b80938509d14043fabdetstexc-localciintstudent1, repositoryType=user, triggeredByPushTo=user, assignmentRepositoryUri=http://localhost:49152/git/SHORT43ACF76B02BC1044B80938509D14043FABDETSTEXC/short43acf76b02bc1044b80938509d14043fabdetstexc-localciintstudent1.git, testRepositoryUri=http://localhost:49152/git/SHORT43ACF76B02BC1044B80938509D14043FABDETSTEXC/short43acf76b02bc1044b80938509d14043fabdetstexc-tests.git, solutionRepositoryUri=null, auxiliaryRepositoryUris=[Ljava.lang.String;@2f9d6acb, auxiliaryRepositoryCheckoutDirectories=[Ljava.lang.String;@578de8aa], jobTimingInfo=JobTimingInfo[submissionDate=2025-02-14T23:42:42.326978596Z[Etc/UTC], buildStartDate=2025-02-14T23:42:42.420147010Z[Etc/UTC], buildCompletionDate=2025-02-14T23:42:45.573855829Z[Etc/UTC], estimatedCompletionDate=2025-02-14T23:43:01.420129377Z[Etc/UTC], estimatedDuration=19], buildConfig=BuildConfig[buildScript=#!/bin/bash
cd /var/tmp/testing-dir
chmod +x ./gradlew
./gradlew clean test
, dockerImage=dummy-docker-image:latest, commitHashToBuild=a9c717ccf7bcbe9531d3eee21dbaeb5aab2ff971, assignmentCommitHash=a9c717ccf7bcbe9531d3eee21dbaeb5aab2ff971, testCommitHash=a9c717ccf7bcbe9531d3eee21dbaeb5aab2ff971, branch=main, programmingLanguage=JAVA, projectType=PLAIN_GRADLE, scaEnabled=false, sequentialTestRunsEnabled=false, resultPaths=[/var/tmp/testing-dir/**/test-results/test/*.xml], timeoutSeconds=0, assignmentCheckoutPath=null, testCheckoutPath=null, solutionCheckoutPath=null, dockerRunConfig=DockerRunConfig[isNetworkDisabled=true, env=[key=value]]], submissionResult=ResultDTO[id=132, completionDate=2025-02-14T23:42:45.519869118Z[Etc/UTC], successful=false, score=7.7, rated=true, submission=SubmissionDTO[id=119, submitted=true, type=MANUAL, exampleSubmission=null, submissionDate=2025-02-14T23:42:42.302762Z, commitHash=a9c717ccf7bcbe9531d3eee21dbaeb5aab2ff971, buildFailed=false, buildArtifact=false, participation=ParticipationDTO[id=462, testRun=false, type=programming, submissionCount=null, exercise=ParticipationExerciseDTO[id=298, exerciseType=PROGRAMMING, type=programming, assessmentType=AUTOMATIC, dueDate=2025-02-16T23:42:41.553955Z, assessmentDueDate=null, maxPoints=42.0, course=CourseDTO[id=147, accuracyOfScores=1]]], submissionExerciseType=programming, isProcessing=false, buildStartDate=null, estimatedCompletionDate=null], participation=ParticipationDTO[id=462, testRun=false, type=programming, submissionCount=null, exercise=ParticipationExerciseDTO[id=298, exerciseType=PROGRAMMING, type=programming, assessmentType=AUTOMATIC, dueDate=2025-02-16T23:42:41.553955Z, assessmentDueDate=null, maxPoints=42.0, course=CourseDTO[id=147, accuracyOfScores=1]]], feedbacks=[FeedbackDTO[id=67, text=null, detailText=The exercise expects a class with the name Context in the package testpackage. You did not implement the class in the exercise., hasLongFeedbackText=false, reference=null, credits=0.0, positive=false, type=AUTOMATIC, visibility=ALWAYS, testCase=TestCaseDTO[testName=null, id=13]], FeedbackDTO[id=68, text=null, detailText=The exercise expects a class with the name Policy in the package testpackage. You did not implement the class in the exercise., hasLongFeedbackText=false, reference=null, credits=0.0, positive=false, type=AUTOMATIC, visibility=ALWAYS, testCase=TestCaseDTO[testName=null, id=14]], FeedbackDTO[id=69, text=null, detailText=The exercise expects a class with the name SortStrategy in the package testpackage. You did not implement the class in the exercise., hasLongFeedbackText=false, reference=null, credits=0.0, positive=false, type=AUTOMATIC, visibility=ALWAYS, testCase=TestCaseDTO[testName=null, id=15]], FeedbackDTO[id=70, text=null, detailText=The class 'MergeSort' does not implement the interface 'SortStrategy' as expected. Implement the interface and its methods., hasLongFeedbackText=false, reference=null, credits=0.0, positive=false, type=AUTOMATIC, visibility=ALWAYS, testCase=TestCaseDTO[testName=null, id=10]], FeedbackDTO[id=71, text=null, detailText=The exercise expects a class with the name SortStrategy in the package testpackage. You did not implement the class in the exercise., hasLongFeedbackText=false, reference=null, credits=0.0, positive=false, type=AUTOMATIC, visibility=ALWAYS, testCase=TestCaseDTO[testName=null, id=7]], FeedbackDTO[id=72, text=null, detailText=The class 'BubbleSort' does not implement the interface 'SortStrategy' as expected. Implement the interface and its methods., hasLongFeedbackText=false, reference=null, credits=0.0, positive=false, type=AUTOMATIC, visibility=ALWAYS, testCase=TestCaseDTO[testName=null, id=11]], FeedbackDTO[id=73, text=null, detailText=MergeSort does not sort correctly, hasLongFeedbackText=false, reference=null, credits=0.0, positive=false, type=AUTOMATIC, visibility=ALWAYS, testCase=TestCaseDTO[testName=null, id=16]], FeedbackDTO[id=74, text=null, detailText=The class 'Context' was not found within the submission. Make sure to implement it properly., hasLongFeedbackText=false, reference=null, credits=0.0, positive=false, type=AUTOMATIC, visibility=ALWAYS, testCase=TestCaseDTO[testName=null, id=17]], FeedbackDTO[id=75, text=null, detailText=The class 'Context' was not found within the submission. Make sure to implement it properly., hasLongFeedbackText=false, reference=null, credits=0.0, positive=false, type=AUTOMATIC, visibility=ALWAYS, testCase=TestCaseDTO[testName=null, id=18]], FeedbackDTO[id=76, text=null, detailText=The exercise expects a class with the name Policy in the package testpackage. You did not implement the class in the exercise., hasLongFeedbackText=false, reference=null, credits=0.0, positive=false, type=AUTOMATIC, visibility=ALWAYS, testCase=TestCaseDTO[testName=null, id=12]], FeedbackDTO[id=77, text=null, detailText=The exercise expects a class with the name Context in the package testpackage. You did not implement the class in the exercise., hasLongFeedbackText=false, reference=null, credits=0.0, positive=false, type=AUTOMATIC, visibility=ALWAYS, testCase=TestCaseDTO[testName=null, id=8]], FeedbackDTO[id=78, text=null, detailText=The exercise expects a class with the name Policy in the package testpackage. You did not implement the class in the exercise., hasLongFeedbackText=false, reference=null, credits=0.0, positive=false, type=AUTOMATIC, visibility=ALWAYS, testCase=TestCaseDTO[testName=null, id=9]], FeedbackDTO[id=79, text=null, detailText=null, hasLongFeedbackText=false, reference=null, credits=3.230769230769231, positive=true, type=AUTOMATIC, visibility=ALWAYS, testCase=TestCaseDTO[testName=null, id=19]]], assessmentType=AUTOMATIC, hasComplaint=null, exampleResult=null, testCaseCount=13, passedTestCaseCount=1, codeIssueCount=0]], BuildJobQueueItem[id=4651739576569330, name=SHORTB06DD3F905F4604F6E085260D83ED657A6DFTSTEXC-LOCALCIINTSTUDENT1, buildAgent=BuildAgentDTO[name=artemis-build-agent-test, memberAddress=[127.0.0.1]:5703, displayName=artemis-build-agent-test], participationId=465, courseId=148, exerciseId=299, retryCount=0, priority=2, status=SUCCESSFUL, repositoryInfo=RepositoryInfo[repositoryName=shortb06dd3f905f4604f6e085260d83ed657a6dftstexc-localciintstudent1, repositoryType=user, triggeredByPushTo=user, assignmentRepositoryUri=http://localhost:49152/git/SHORTB06DD3F905F4604F6E085260D83ED657A6DFTSTEXC/shortb06dd3f905f4604f6e085260d83ed657a6dftstexc-localciintstudent1.git, testRepositoryUri=http://localhost:49152/git/SHORTB06DD3F905F4604F6E085260D83ED657A6DFTSTEXC/shortb06dd3f905f4604f6e085260d83ed657a6dftstexc-tests.git, solutionRepositoryUri=null, auxiliaryRepositoryUris=[Ljava.lang.String;@3f641521, auxiliaryRepositoryCheckoutDirectories=[Ljava.lang.String;@6d3287cc], jobTimingInfo=JobTimingInfo[submissionDate=2025-02-14T23:42:49.330093960Z[Etc/UTC], buildStartDate=2025-02-14T23:42:49.347797345Z[Etc/UTC], buildCompletionDate=2025-02-14T23:42:51.204319751Z[Etc/UTC], estimatedCompletionDate=2025-02-14T23:43:08.347788449Z[Etc/UTC], estimatedDuration=19], buildConfig=BuildConfig[buildScript=#!/bin/bash
cd /var/tmp/testing-dir
chmod +x ./gradlew
./gradlew clean test
, dockerImage=dummy-docker-image:latest, commitHashToBuild=41581fff25954d36cf07586926ee0c77d1003131, assignmentCommitHash=41581fff25954d36cf07586926ee0c77d1003131, testCommitHash=41581fff25954d36cf07586926ee0c77d1003131, branch=main, programmingLanguage=JAVA, projectType=PLAIN_GRADLE, scaEnabled=false, sequentialTestRunsEnabled=false, resultPaths=[/var/tmp/testing-dir/**/test-results/test/*.xml], timeoutSeconds=0, assignmentCheckoutPath=null, testCheckoutPath=null, solutionCheckoutPath=null, dockerRunConfig=null], submissionResult=ResultDTO[id=133, completionDate=2025-02-14T23:42:51.155372920Z[Etc/UTC], successful=false, score=7.7, rated=true, submission=SubmissionDTO[id=120, submitted=true, type=MANUAL, exampleSubmission=null, submissionDate=2025-02-14T23:42:49.321855Z, commitHash=41581fff25954d36cf07586926ee0c77d1003131, buildFailed=false, buildArtifact=false, participation=ParticipationDTO[id=465, testRun=false, type=programming, submissionCount=null, exercise=ParticipationExerciseDTO[id=299, exerciseType=PROGRAMMING, type=programming, assessmentType=AUTOMATIC, dueDate=2025-02-16T23:42:49.163661Z, assessmentDueDate=null, maxPoints=42.0, course=CourseDTO[id=148, accuracyOfScores=1]]], submissionExerciseType=programming, isProcessing=false, buildStartDate=null, estimatedCompletionDate=null], participation=ParticipationDTO[id=465, testRun=false, type=programming, submissionCount=null, exercise=ParticipationExerciseDTO[id=299, exerciseType=PROGRAMMING, type=programming, assessmentType=AUTOMATIC, dueDate=2025-02-16T23:42:49.163661Z, assessmentDueDate=null, maxPoints=42.0, course=CourseDTO[id=148, accuracyOfScores=1]]], feedbacks=[FeedbackDTO[id=80, text=null, detailText=The exercise expects a class with the name Context in the package testpackage. You did not implement the class in the exercise., hasLongFeedbackText=false, reference=null, credits=0.0, positive=false, type=AUTOMATIC, visibility=ALWAYS, testCase=TestCaseDTO[testName=null, id=26]], FeedbackDTO[id=81, text=null, detailText=The exercise expects a class with the name Policy in the package testpackage. You did not implement the class in the exercise., hasLongFeedbackText=false, reference=null, credits=0.0, positive=false, type=AUTOMATIC, visibility=ALWAYS, testCase=TestCaseDTO[testName=null, id=27]], FeedbackDTO[id=82, text=null, detailText=The exercise expects a class with the name SortStrategy in the package testpackage. You did not implement the class in the exercise., hasLongFeedbackText=false, reference=null, credits=0.0, positive=false, type=AUTOMATIC, visibility=ALWAYS, testCase=TestCaseDTO[testName=null, id=28]], FeedbackDTO[id=83, text=null, detailText=The class 'MergeSort' does not implement the interface 'SortStrategy' as expected. Implement the interface and its methods., hasLongFeedbackText=false, reference=null, credits=0.0, positive=false, type=AUTOMATIC, visibility=ALWAYS, testCase=TestCaseDTO[testName=null, id=23]], FeedbackDTO[id=84, text=null, detailText=The exercise expects a class with the name SortStrategy in the package testpackage. You did not implement the class in the exercise., hasLongFeedbackText=false, reference=null, credits=0.0, positive=false, type=AUTOMATIC, visibility=ALWAYS, testCase=TestCaseDTO[testName=null, id=20]], FeedbackDTO[id=85, text=null, detailText=The class 'BubbleSort' does not implement the interface 'SortStrategy' as expected. Implement the interface and its methods., hasLongFeedbackText=false, reference=null, credits=0.0, positive=false, type=AUTOMATIC, visibility=ALWAYS, testCase=TestCaseDTO[testName=null, id=24]], FeedbackDTO[id=86, text=null, detailText=MergeSort does not sort correctly, hasLongFeedbackText=false, reference=null, credits=0.0, positive=false, type=AUTOMATIC, visibility=ALWAYS, testCase=TestCaseDTO[testName=null, id=29]], FeedbackDTO[id=87, text=null, detailText=The class 'Context' was not found within the submission. Make sure to implement it properly., hasLongFeedbackText=false, reference=null, credits=0.0, positive=false, type=AUTOMATIC, visibility=ALWAYS, testCase=TestCaseDTO[testName=null, id=30]], FeedbackDTO[id=88, text=null, detailText=The class 'Context' was not found within the submission. Make sure to implement it properly., hasLongFeedbackText=false, reference=null, credits=0.0, positive=false, type=AUTOMATIC, visibility=ALWAYS, testCase=TestCaseDTO[testName=null, id=31]], FeedbackDTO[id=89, text=null, detailText=The exercise expects a class with the name Policy in the package testpackage. You did not implement the class in the exercise., hasLongFeedbackText=false, reference=null, credits=0.0, positive=false, type=AUTOMATIC, visibility=ALWAYS, testCase=TestCaseDTO[testName=null, id=25]], FeedbackDTO[id=90, text=null, detailText=The exercise expects a class with the name Context in the package testpackage. You did not implement the class in the exercise., hasLongFeedbackText=false, reference=null, credits=0.0, positive=false, type=AUTOMATIC, visibility=ALWAYS, testCase=TestCaseDTO[testName=null, id=21]], FeedbackDTO[id=91, text=null, detailText=The exercise expects a class with the name Policy in the package testpackage. You did not implement the class in the exercise., hasLongFeedbackText=false, reference=null, credits=0.0, positive=false, type=AUTOMATIC, visibility=ALWAYS, testCase=TestCaseDTO[testName=null, id=22]], FeedbackDTO[id=92, text=null, detailText=null, hasLongFeedbackText=false, reference=null, credits=3.230769230769231, positive=true, type=AUTOMATIC, visibility=ALWAYS, testCase=TestCaseDTO[testName=null, id=32]]], assessmentType=AUTOMATIC, hasComplaint=null, exampleResult=null, testCaseCount=13, passedTestCaseCount=1, codeIssueCount=0]], BuildJobQueueItem[id=4681739576573068, name=SHORTBCF65534040390488B0A46605F5F3776B89ATSTEXC-LOCALCIINTSTUDENT1, buildAgent=BuildAgentDTO[name=artemis-build-agent-test, memberAddress=[127.0.0.1]:5703, displayName=artemis-build-agent-test], participationId=468, courseId=149, exerciseId=300, retryCount=0, priority=2, status=SUCCESSFUL, repositoryInfo=RepositoryInfo[repositoryName=shortbcf65534040390488b0a46605f5f3776b89atstexc-localciintstudent1, repositoryType=user, triggeredByPushTo=user, assignmentRepositoryUri=http://localhost:49152/git/SHORTBCF65534040390488B0A46605F5F3776B89ATSTEXC/shortbcf65534040390488b0a46605f5f3776b89atstexc-localciintstudent1.git, testRepositoryUri=http://localhost:49152/git/SHORTBCF65534040390488B0A46605F5F3776B89ATSTEXC/shortbcf65534040390488b0a46605f5f3776b89atstexc-tests.git, solutionRepositoryUri=null, auxiliaryRepositoryUris=[Ljava.lang.String;@293d6393, auxiliaryRepositoryCheckoutDirectories=[Ljava.lang.String;@114d16a6], jobTimingInfo=JobTimingInfo[submissionDate=2025-02-14T23:42:53.068019209Z[Etc/UTC], buildStartDate=2025-02-14T23:42:53.092867394Z[Etc/UTC], buildCompletionDate=2025-02-14T23:42:55.086950323Z[Etc/UTC], estimatedCompletionDate=2025-02-14T23:43:12.092858828Z[Etc/UTC], estimatedDuration=19], buildConfig=BuildConfig[buildScript=#!/bin/bash
cd /var/tmp/testing-dir
chmod +x ./gradlew
./gradlew clean test
, dockerImage=dummy-docker-image:latest, commitHashToBuild=2d5c0482fc77d3f5ec0841962528a43054e83170, assignmentCommitHash=2d5c0482fc77d3f5ec0841962528a43054e83170, testCommitHash=7477e25d56ce5fee2c938542a7e7ed4ed085d373, branch=main, programmingLanguage=JAVA, projectType=PLAIN_GRADLE, scaEnabled=false, sequentialTestRunsEnabled=false, resultPaths=[/var/tmp/testing-dir/**/test-results/test/*.xml], timeoutSeconds=0, assignmentCheckoutPath=null, testCheckoutPath=null, solutionCheckoutPath=null, dockerRunConfig=null], submissionResult=ResultDTO[id=134, completionDate=2025-02-14T23:42:55.059618627Z[Etc/UTC], successful=false, score=7.7, rated=true, submission=SubmissionDTO[id=121, submitted=true, type=MANUAL, exampleSubmission=null, submissionDate=2025-02-14T23:42:53.048221Z, commitHash=2d5c0482fc77d3f5ec0841962528a43054e83170, buildFailed=false, buildArtifact=false, participation=ParticipationDTO[id=468, testRun=false, type=programming, submissionCount=null, exercise=ParticipationExerciseDTO[id=300, exerciseType=PROGRAMMING, type=programming, assessmentType=AUTOMATIC, dueDate=2025-02-16T23:42:52.873722Z, assessmentDueDate=null, maxPoints=42.0, course=CourseDTO[id=149, accuracyOfScores=1]]], submissionExerciseType=programming, isProcessing=false, buildStartDate=null, estimatedCompletionDate=null], participation=ParticipationDTO[id=468, testRun=false, type=programming, submissionCount=null, exercise=ParticipationExerciseDTO[id=300, exerciseType=PROGRAMMING, type=programming, assessmentType=AUTOMATIC, dueDate=2025-02-16T23:42:52.873722Z, assessmentDueDate=null, maxPoints=42.0, course=CourseDTO[id=149, accuracyOfScores=1]]], feedbacks=[FeedbackDTO[id=93, text=null, detailText=The exercise expects a class with the name Context in the package testpackage. You did not implement the class in the exercise., hasLongFeedbackText=false, reference=null, credits=0.0, positive=false, type=AUTOMATIC, visibility=ALWAYS, testCase=TestCaseDTO[testName=null, id=39]], FeedbackDTO[id=94, text=null, detailText=The exercise expects a class with the name Policy in the package testpackage. You did not implement the class in the exercise., hasLongFeedbackText=false, reference=null, credits=0.0, positive=false, type=AUTOMATIC, visibility=ALWAYS, testCase=TestCaseDTO[testName=null, id=40]], FeedbackDTO[id=95, text=null, detailText=The exercise expects a class with the name SortStrategy in the package testpackage. You did not implement the class in the exercise., hasLongFeedbackText=false, reference=null, credits=0.0, positive=false, type=AUTOMATIC, visibility=ALWAYS, testCase=TestCaseDTO[testName=null, id=41]], FeedbackDTO[id=96, text=null, detailText=The class 'MergeSort' does not implement the interface 'SortStrategy' as expected. Implement the interface and its methods., hasLongFeedbackText=false, reference=null, credits=0.0, positive=false, type=AUTOMATIC, visibility=ALWAYS, testCase=TestCaseDTO[testName=null, id=36]], FeedbackDTO[id=97, text=null, detailText=The exercise expects a class with the name SortStrategy in the package testpackage. You did not implement the class in the exercise., hasLongFeedbackText=false, reference=null, credits=0.0, positive=false, type=AUTOMATIC, visibility=ALWAYS, testCase=TestCaseDTO[testName=null, id=33]], FeedbackDTO[id=98, text=null, detailText=The class 'BubbleSort' does not implement the interface 'SortStrategy' as expected. Implement the interface and its methods., hasLongFeedbackText=false, reference=null, credits=0.0, positive=false, type=AUTOMATIC, visibility=ALWAYS, testCase=TestCaseDTO[testName=null, id=37]], FeedbackDTO[id=99, text=null, detailText=MergeSort does not sort correctly, hasLongFeedbackText=false, reference=null, credits=0.0, positive=false, type=AUTOMATIC, visibility=ALWAYS, testCase=TestCaseDTO[testName=null, id=42]], FeedbackDTO[id=100, text=null, detailText=The class 'Context' was not found within the submission. Make sure to implement it properly., hasLongFeedbackText=false, reference=null, credits=0.0, positive=false, type=AUTOMATIC, visibility=ALWAYS, testCase=TestCaseDTO[testName=null, id=43]], FeedbackDTO[id=101, text=null, detailText=The class 'Context' was not found within the submission. Make sure to implement it properly., hasLongFeedbackText=false, reference=null, credits=0.0, positive=false, type=AUTOMATIC, visibility=ALWAYS, testCase=TestCaseDTO[testName=null, id=44]], FeedbackDTO[id=102, text=null, detailText=The exercise expects a class with the name Policy in the package testpackage. You did not implement the class in the exercise., hasLongFeedbackText=false, reference=null, credits=0.0, positive=false, type=AUTOMATIC, visibility=ALWAYS, testCase=TestCaseDTO[testName=null, id=38]], FeedbackDTO[id=103, text=null, detailText=The exercise expects a class with the name Context in the package testpackage. You did not implement the class in the exercise., hasLongFeedbackText=false, reference=null, credits=0.0, positive=false, type=AUTOMATIC, visibility=ALWAYS, testCase=TestCaseDTO[testName=null, id=34]], FeedbackDTO[id=104, text=null, detailText=The exercise expects a class with the name Policy in the package testpackage. You did not implement the class in the exercise., hasLongFeedbackText=false, reference=null, credits=0.0, positive=false, type=AUTOMATIC, visibility=ALWAYS, testCase=TestCaseDTO[testName=null, id=35]], FeedbackDTO[id=105, text=null, detailText=null, hasLongFeedbackText=false, reference=null, credits=3.230769230769231, positive=true, type=AUTOMATIC, visibility=ALWAYS, testCase=TestCaseDTO[testName=null, id=45]]], assessmentType=AUTOMATIC, hasComplaint=null, exampleResult=null, testCaseCount=13, passedTestCaseCount=1, codeIssueCount=0]], BuildJobQueueItem[id=4741739576577297, name=SHORT88A9A223023E2047B709E4A029FA08BCF2CFTSTEXC-LOCALCIINTSTUDENT1, buildAgent=BuildAgentDTO[name=artemis-build-agent-test, memberAddress=[127.0.0.1]:5703, displayName=artemis-build-agent-test], participationId=474, courseId=151, exerciseId=302, retryCount=0, priority=2, status=SUCCESSFUL, repositoryInfo=RepositoryInfo[repositoryName=short88a9a223023e2047b709e4a029fa08bcf2cftstexc-localciintstudent1, repositoryType=user, triggeredByPushTo=user, assignmentRepositoryUri=http://localhost:49152/git/SHORT88A9A223023E2047B709E4A029FA08BCF2CFTSTEXC/short88a9a223023e2047b709e4a029fa08bcf2cftstexc-localciintstudent1.git, testRepositoryUri=http://localhost:49152/git/SHORT88A9A223023E2047B709E4A029FA08BCF2CFTSTEXC/short88a9a223023e2047b709e4a029fa08bcf2cftstexc-tests.git, solutionRepositoryUri=null, auxiliaryRepositoryUris=[Ljava.lang.String;@e1fd4b3, auxiliaryRepositoryCheckoutDirectories=[Ljava.lang.String;@776a3e5b], jobTimingInfo=JobTimingInfo[submissionDate=2025-02-14T23:42:57.297342281Z[Etc/UTC], buildStartDate=2025-02-14T23:42:57.308570327Z[Etc/UTC], buildCompletionDate=2025-02-14T23:42:59.047616654Z[Etc/UTC], estimatedCompletionDate=2025-02-14T23:43:16.308558064Z[Etc/UTC], estimatedDuration=19], buildConfig=BuildConfig[buildScript=#!/bin/bash
cd /var/tmp/testing-dir
chmod +x ./gradlew
./gradlew clean test
, dockerImage=dummy-docker-image:latest, commitHashToBuild=736cbea1e46d6849b41266b2bf1cccd3b9ea55b1, assignmentCommitHash=736cbea1e46d6849b41266b2bf1cccd3b9ea55b1, testCommitHash=ea6267edd396a304305339b036512b63e0374c66, branch=main, programmingLanguage=JAVA, projectType=PLAIN_GRADLE, scaEnabled=false, sequentialTestRunsEnabled=false, resultPaths=[/var/tmp/testing-dir/**/test-results/test/*.xml], timeoutSeconds=0, assignmentCheckoutPath=null, testCheckoutPath=null, solutionCheckoutPath=null, dockerRunConfig=null], submissionResult=ResultDTO[id=135, completionDate=2025-02-14T23:42:59.014168821Z[Etc/UTC], successful=false, score=7.7, rated=true, submission=SubmissionDTO[id=123, submitted=true, type=MANUAL, exampleSubmission=null, submissionDate=2025-02-14T23:42:57.278471Z, commitHash=736cbea1e46d6849b41266b2bf1cccd3b9ea55b1, buildFailed=false, buildArtifact=false, participation=ParticipationDTO[id=474, testRun=false, type=programming, submissionCount=null, exercise=ParticipationExerciseDTO[id=302, exerciseType=PROGRAMMING, type=programming, assessmentType=AUTOMATIC, dueDate=2025-02-16T23:42:56.796251Z, assessmentDueDate=null, maxPoints=42.0, course=CourseDTO[id=151, accuracyOfScores=1]]], submissionExerciseType=programming, isProcessing=false, buildStartDate=null, estimatedCompletionDate=null], participation=ParticipationDTO[id=474, testRun=false, type=programming, submissionCount=null, exercise=ParticipationExerciseDTO[id=302, exerciseType=PROGRAMMING, type=programming, assessmentType=AUTOMATIC, dueDate=2025-02-16T23:42:56.796251Z, assessmentDueDate=null, maxPoints=42.0, course=CourseDTO[id=151, accuracyOfScores=1]]], feedbacks=[FeedbackDTO[id=106, text=null, detailText=The exercise expects a class with the name Context in the package testpackage. You did not implement the class in the exercise., hasLongFeedbackText=false, reference=null, credits=0.0, positive=false, type=AUTOMATIC, visibility=ALWAYS, testCase=TestCaseDTO[testName=null, id=65]], FeedbackDTO[id=107, text=null, detailText=The exercise expects a class with the name Policy in the package testpackage. You did not implement the class in the exercise., hasLongFeedbackText=false, reference=null, credits=0.0, positive=false, type=AUTOMATIC, visibility=ALWAYS, testCase=TestCaseDTO[testName=null, id=66]], FeedbackDTO[id=108, text=null, detailText=The exercise expects a class with the name SortStrategy in the package testpackage. You did not implement the class in the exercise., hasLongFeedbackText=false, reference=null, credits=0.0, positive=false, type=AUTOMATIC, visibility=ALWAYS, testCase=TestCaseDTO[testName=null, id=67]], FeedbackDTO[id=109, text=null, detailText=The class 'MergeSort' does not implement the interface 'SortStrategy' as expected. Implement the interface and its methods., hasLongFeedbackText=false, reference=null, credits=0.0, positive=false, type=AUTOMATIC, visibility=ALWAYS, testCase=TestCaseDTO[testName=null, id=62]], FeedbackDTO[id=110, text=null, detailText=The exercise expects a class with the name SortStrategy in the package testpackage. You did not implement the class in the exercise., hasLongFeedbackText=false, reference=null, credits=0.0, positive=false, type=AUTOMATIC, visibility=ALWAYS, testCase=TestCaseDTO[testName=null, id=59]], FeedbackDTO[id=111, text=null, detailText=The class 'BubbleSort' does not implement the interface 'SortStrategy' as expected. Implement the interface and its methods., hasLongFeedbackText=false, reference=null, credits=0.0, positive=false, type=AUTOMATIC, visibility=ALWAYS, testCase=TestCaseDTO[testName=null, id=63]], FeedbackDTO[id=112, text=null, detailText=MergeSort does not sort correctly, hasLongFeedbackText=false, reference=null, credits=0.0, positive=false, type=AUTOMATIC, visibility=ALWAYS, testCase=TestCaseDTO[testName=null, id=68]], FeedbackDTO[id=113, text=null, detailText=The class 'Context' was not found within the submission. Make sure to implement it properly., hasLongFeedbackText=false, reference=null, credits=0.0, positive=false, type=AUTOMATIC, visibility=ALWAYS, testCase=TestCaseDTO[testName=null, id=69]], FeedbackDTO[id=114, text=null, detailText=The class 'Context' was not found within the submission. Make sure to implement it properly., hasLongFeedbackText=false, reference=null, credits=0.0, positive=false, type=AUTOMATIC, visibility=ALWAYS, testCase=TestCaseDTO[testName=null, id=70]], FeedbackDTO[id=115, text=null, detailText=The exercise expects a class with the name Policy in the package testpackage. You did not implement the class in the exercise., hasLongFeedbackText=false, reference=null, credits=0.0, positive=false, type=AUTOMATIC, visibility=ALWAYS, testCase=TestCaseDTO[testName=null, id=64]], FeedbackDTO[id=116, text=null, detailText=The exercise expects a class with the name Context in the package testpackage. You did not implement the class in the exercise., hasLongFeedbackText=false, reference=null, credits=0.0, positive=false, type=AUTOMATIC, visibility=ALWAYS, testCase=TestCaseDTO[testName=null, id=60]], FeedbackDTO[id=117, text=null, detailText=The exercise expects a class with the name Policy in the package testpackage. You did not implement the class in the exercise., hasLongFeedbackText=false, reference=null, credits=0.0, positive=false, type=AUTOMATIC, visibility=ALWAYS, testCase=TestCaseDTO[testName=null, id=61]], FeedbackDTO[id=118, text=null, detailText=null, hasLongFeedbackText=false, reference=null, credits=3.230769230769231, positive=true, type=AUTOMATIC, visibility=ALWAYS, testCase=TestCaseDTO[testName=null, id=71]]], assessmentType=AUTOMATIC, hasComplaint=null, exampleResult=null, testCaseCount=13, passedTestCaseCount=1, codeIssueCount=0]], BuildJobQueueItem[id=4771739576580898, name=SHORT51E611E30D6B60466F0B8BA0AA97F58888C2TSTEXC-LOCALCIINTSTUDENT1, buildAgent=BuildAgentDTO[name=artemis-build-agent-test, memberAddress=[127.0.0.1]:5703, displayName=artemis-build-agent-test], participationId=477, courseId=152, exerciseId=303, retryCount=0, priority=2, status=SUCCESSFUL, repositoryInfo=RepositoryInfo[repositoryName=short51e611e30d6b60466f0b8ba0aa97f58888c2tstexc-localciintstudent1, repositoryType=user, triggeredByPushTo=user, assignmentRepositoryUri=http://localhost:49152/git/SHORT51E611E30D6B60466F0B8BA0AA97F58888C2TSTEXC/short51e611e30d6b60466f0b8ba0aa97f58888c2tstexc-localciintstudent1.git, testRepositoryUri=http://localhost:49152/git/SHORT51E611E30D6B60466F0B8BA0AA97F58888C2TSTEXC/short51e611e30d6b60466f0b8ba0aa97f58888c2tstexc-tests.git, solutionRepositoryUri=null, auxiliaryRepositoryUris=[Ljava.lang.String;@3589eade, auxiliaryRepositoryCheckoutDirectories=[Ljava.lang.String;@4c8822ef], jobTimingInfo=JobTimingInfo[submissionDate=2025-02-14T23:43:00.898532688Z[Etc/UTC], buildStartDate=2025-02-14T23:43:00.905733056Z[Etc/UTC], buildCompletionDate=2025-02-14T23:43:02.692768910Z[Etc/UTC], estimatedCompletionDate=2025-02-14T23:43:19.905720463Z[Etc/UTC], estimatedDuration=19], buildConfig=BuildConfig[buildScript=#!/bin/bash
cd /var/tmp/testing-dir
chmod +x ./gradlew
./gradlew clean test
, dockerImage=dummy-docker-image:latest, commitHashToBuild=8f3057cbd462f5e3de4e6ba85115f60d8dbb5aea, assignmentCommitHash=8f3057cbd462f5e3de4e6ba85115f60d8dbb5aea, testCommitHash=8f3057cbd462f5e3de4e6ba85115f60d8dbb5aea, branch=main, programmingLanguage=JAVA, projectType=PLAIN_GRADLE, scaEnabled=true, sequentialTestRunsEnabled=false, resultPaths=[/var/tmp/testing-dir/**/test-results/test/*.xml], timeoutSeconds=0, assignmentCheckoutPath=null, testCheckoutPath=null, solutionCheckoutPath=null, dockerRunConfig=null], submissionResult=ResultDTO[id=136, completionDate=2025-02-14T23:43:02.637820510Z[Etc/UTC], successful=false, score=7.7, rated=true, submission=SubmissionDTO[id=124, submitted=true, type=MANUAL, exampleSubmission=null, submissionDate=2025-02-14T23:43:00.886601Z, commitHash=8f3057cbd462f5e3de4e6ba85115f60d8dbb5aea, buildFailed=false, buildArtifact=false, participation=ParticipationDTO[id=477, testRun=false, type=programming, submissionCount=null, exercise=ParticipationExerciseDTO[id=303, exerciseType=PROGRAMMING, type=programming, assessmentType=AUTOMATIC, dueDate=2025-02-16T23:43:00.631824Z, assessmentDueDate=null, maxPoints=42.0, course=CourseDTO[id=152, accuracyOfScores=1]]], submissionExerciseType=programming, isProcessing=false, buildStartDate=null, estimatedCompletionDate=null], participation=ParticipationDTO[id=477, testRun=false, type=programming, submissionCount=null, exercise=ParticipationExerciseDTO[id=303, exerciseType=PROGRAMMING, type=programming, assessmentType=AUTOMATIC, dueDate=2025-02-16T23:43:00.631824Z, assessmentDueDate=null, maxPoints=42.0, course=CourseDTO[id=152, accuracyOfScores=1]]], feedbacks=[FeedbackDTO[id=119, text=null, detailText=The exercise expects a class with the name Context in the package testpackage. You did not implement the class in the exercise., hasLongFeedbackText=false, reference=null, credits=0.0, positive=false, type=AUTOMATIC, visibility=ALWAYS, testCase=TestCaseDTO[testName=null, id=78]], FeedbackDTO[id=120, text=null, detailText=The exercise expects a class with the name Policy in the package testpackage. You did not implement the class in the exercise., hasLongFeedbackText=false, reference=null, credits=0.0, positive=false, type=AUTOMATIC, visibility=ALWAYS, testCase=TestCaseDTO[testName=null, id=79]], FeedbackDTO[id=121, text=null, detailText=The exercise expects a class with the name SortStrategy in the package testpackage. You did not implement the class in the exercise., hasLongFeedbackText=false, reference=null, credits=0.0, positive=false, type=AUTOMATIC, visibility=ALWAYS, testCase=TestCaseDTO[testName=null, id=80]], FeedbackDTO[id=122, text=null, detailText=The class 'MergeSort' does not implement the interface 'SortStrategy' as expected. Implement the interface and its methods., hasLongFeedbackText=false, reference=null, credits=0.0, positive=false, type=AUTOMATIC, visibility=ALWAYS, testCase=TestCaseDTO[testName=null, id=75]], FeedbackDTO[id=123, text=null, detailText=The exercise expects a class with the name SortStrategy in the package testpackage. You did not implement the class in the exercise., hasLongFeedbackText=false, reference=null, credits=0.0, positive=false, type=AUTOMATIC, visibility=ALWAYS, testCase=TestCaseDTO[testName=null, id=72]], FeedbackDTO[id=124, text=null, detailText=The class 'BubbleSort' does not implement the interface 'SortStrategy' as expected. Implement the interface and its methods., hasLongFeedbackText=false, reference=null, credits=0.0, positive=false, type=AUTOMATIC, visibility=ALWAYS, testCase=TestCaseDTO[testName=null, id=76]], FeedbackDTO[id=125, text=null, detailText=MergeSort does not sort correctly, hasLongFeedbackText=false, reference=null, credits=0.0, positive=false, type=AUTOMATIC, visibility=ALWAYS, testCase=TestCaseDTO[testName=null, id=81]], FeedbackDTO[id=126, text=null, detailText=The class 'Context' was not found within the submission. Make sure to implement it properly., hasLongFeedbackText=false, reference=null, credits=0.0, positive=false, type=AUTOMATIC, visibility=ALWAYS, testCase=TestCaseDTO[testName=null, id=82]], FeedbackDTO[id=127, text=null, detailText=The class 'Context' was not found within the submission. Make sure to implement it properly., hasLongFeedbackText=false, reference=null, credits=0.0, positive=false, type=AUTOMATIC, visibility=ALWAYS, testCase=TestCaseDTO[testName=null, id=83]], FeedbackDTO[id=128, text=null, detailText=The exercise expects a class with the name Policy in the package testpackage. You did not implement the class in the exercise., hasLongFeedbackText=false, reference=null, credits=0.0, positive=false, type=AUTOMATIC, visibility=ALWAYS, testCase=TestCaseDTO[testName=null, id=77]], FeedbackDTO[id=129, text=null, detailText=The exercise expects a class with the name Context in the package testpackage. You did not implement the class in the exercise., hasLongFeedbackText=false, reference=null, credits=0.0, positive=false, type=AUTOMATIC, visibility=ALWAYS, testCase=TestCaseDTO[testName=null, id=73]], FeedbackDTO[id=130, text=null, detailText=The exercise expects a class with the name Policy in the package testpackage. You did not implement the class in the exercise., hasLongFeedbackText=false, reference=null, credits=0.0, positive=false, type=AUTOMATIC, visibility=ALWAYS, testCase=TestCaseDTO[testName=null, id=74]], FeedbackDTO[id=131, text=null, detailText=null, hasLongFeedbackText=false, reference=null, credits=3.230769230769231, positive=true, type=AUTOMATIC, visibility=ALWAYS, testCase=TestCaseDTO[testName=null, id=84]], FeedbackDTO[id=132, text=SCAFeedbackIdentifier:Bad Practice, detailText={"filePath":"src/code/Client.java","startLine":6,"endLine":6,"startColumn":1,"endColumn":26,"rule":"UnusedImports","category":"Best Practices","message":"Avoid unused imports such as 'javax.swing.JFrame'","priority":"4"}, hasLongFeedbackText=false, reference=PMD, credits=0.0, positive=false, type=AUTOMATIC, visibility=null, testCase=null], FeedbackDTO[id=133, text=SCAFeedbackIdentifier:Code Style, detailText={"filePath":"src/code/Client.java","startLine":7,"endLine":7,"startColumn":1,"endColumn":19,"rule":"DontImportJavaLang","category":"Code Style","message":"Avoid importing anything from the package java.lang","priority":"4"}, hasLongFeedbackText=false, reference=PMD, credits=0.0, positive=false, type=AUTOMATIC, visibility=null, testCase=null], FeedbackDTO[id=134, text=SCAFeedbackIdentifier:Bad Practice, detailText={"filePath":"src/code/Client.java","startLine":7,"endLine":7,"startColumn":1,"endColumn":19,"rule":"UnusedImports","category":"Best Practices","message":"Avoid unused imports such as 'java.lang'","priority":"4"}, hasLongFeedbackText=false, reference=PMD, credits=0.0, positive=false, type=AUTOMATIC, visibility=null, testCase=null], FeedbackDTO[id=135, text=SCAFeedbackIdentifier:Bad Practice, detailText={"filePath":"src/code/Client.java","startLine":73,"endLine":73,"startColumn":18,"endColumn":27,"rule":"UnusedLocalVariable","category":"Best Practices","message":"Avoid unused local variables such as 'randomDate'.","priority":"3"}, hasLongFeedbackText=false, reference=PMD, credits=0.0, positive=false, type=AUTOMATIC, visibility=null, testCase=null], FeedbackDTO[id=136, text=SCAFeedbackIdentifier:Bad Practice, detailText={"filePath":"src/code/Client.java","startLine":81,"endLine":81,"startColumn":31,"endColumn":53,"rule":"UnusedPrivateMethod","category":"Best Practices","message":"Avoid unused private methods such as 'CreateRandomDatesList()'.","priority":"3"}, hasLongFeedbackText=false, reference=PMD, credits=0.0, positive=false, type=AUTOMATIC, visibility=null, testCase=null], FeedbackDTO[id=137, text=SCAFeedbackIdentifier:Potential Bugs, detailText={"filePath":"src/code/Client.java","startLine":94,"endLine":94,"startColumn":9,"endColumn":9,"rule":"EmptyStatementNotInLoop","category":"Error Prone","message":"An empty statement (semicolon) not part of a loop","priority":"3"}, hasLongFeedbackText=false, reference=PMD, credits=0.0, positive=false, type=AUTOMATIC, visibility=null, testCase=null], FeedbackDTO[id=138, text=SCAFeedbackIdentifier:Potential Bugs, detailText={"filePath":"src/code/Client.java","startLine":94,"endLine":94,"startColumn":10,"endColumn":10,"rule":"EmptyStatementNotInLoop","category":"Error Prone","message":"An empty statement (semicolon) not part of a loop","priority":"3"}, hasLongFeedbackText=false, reference=PMD, credits=0.0, positive=false, type=AUTOMATIC, visibility=null, testCase=null], FeedbackDTO[id=139, text=SCAFeedbackIdentifier:Potential Bugs, detailText={"filePath":"src/code/Client.java","startLine":94,"endLine":94,"startColumn":11,"endColumn":11,"rule":"EmptyStatementNotInLoop","category":"Error Prone","message":"An empty statement (semicolon) not part of a loop","priority":"3"}, hasLongFeedbackText=false, reference=PMD, credits=0.0, positive=false, type=AUTOMATIC, visibility=null, testCase=null], FeedbackDTO[id=140, text=SCAFeedbackIdentifier:Code Style, detailText={"filePath":"src/code/Client.java","startLine":73,"endLine":73,"rule":"DLS_DEAD_LOCAL_STORE","category":"STYLE","message":"Dead store to randomDate in code.Client.createRandomDatesList()","priority":"2"}, hasLongFeedbackText=false, reference=SPOTBUGS, credits=0.0, positive=false, type=AUTOMATIC, visibility=null, testCase=null], FeedbackDTO[id=141, text=SCAFeedbackIdentifier:Bad Practice, detailText={"filePath":"src/code/Client.java","startLine":82,"endLine":95,"rule":"NM_METHOD_NAMING_CONVENTION","category":"BAD_PRACTICE","message":"The method name code.Client.CreateRandomDatesList() doesn't start with a lower case letter","priority":"3"}, hasLongFeedbackText=false, reference=SPOTBUGS, credits=0.0, positive=false, type=AUTOMATIC, visibility=null, testCase=null], FeedbackDTO[id=142, text=SCAFeedbackIdentifier:Performance, detailText={"filePath":"src/code/Client.java","startLine":82,"endLine":95,"rule":"UPM_UNCALLED_PRIVATE_METHOD","category":"PERFORMANCE","message":"Private method code.Client.CreateRandomDatesList() is never called","priority":"2"}, hasLongFeedbackText=false, reference=SPOTBUGS, credits=0.0, positive=false, type=AUTOMATIC, visibility=null, testCase=null], FeedbackDTO[id=143, text=SCAFeedbackIdentifier:Code Style, detailText={"filePath":"src/code/Client.java","startLine":70,"endLine":70,"startColumn":9,"endColumn":9,"rule":"NeedBracesCheck","category":"blocks","message":"'for' construct must use '{}'s.","priority":"error"}, hasLongFeedbackText=false, reference=CHECKSTYLE, credits=0.0, positive=false, type=AUTOMATIC, visibility=null, testCase=null], FeedbackDTO[id=144, text=SCAFeedbackIdentifier:Code Style, detailText={"filePath":"src/code/Client.java","startLine":93,"endLine":93,"startColumn":9,"endColumn":9,"rule":"EmptyStatementCheck","category":"coding","message":"Empty statement.","priority":"error"}, hasLongFeedbackText=false, reference=CHECKSTYLE, credits=0.0, positive=false, type=AUTOMATIC, visibility=null, testCase=null], FeedbackDTO[id=145, text=SCAFeedbackIdentifier:Code Style, detailText={"filePath":"src/code/Client.java","startLine":93,"endLine":93,"startColumn":10,"endColumn":10,"rule":"EmptyStatementCheck","category":"coding","message":"Empty statement.","priority":"error"}, hasLongFeedbackText=false, reference=CHECKSTYLE, credits=0.0, positive=false, type=AUTOMATIC, visibility=null, testCase=null], FeedbackDTO[id=146, text=SCAFeedbackIdentifier:Code Style, detailText={"filePath":"src/code/Client.java","startLine":93,"endLine":93,"startColumn":11,"endColumn":11,"rule":"EmptyStatementCheck","category":"coding","message":"Empty statement.","priority":"error"}, hasLongFeedbackText=false, reference=CHECKSTYLE, credits=0.0, positive=false, type=AUTOMATIC, visibility=null, testCase=null]], assessmentType=AUTOMATIC, hasComplaint=null, exampleResult=null, testCaseCount=13, passedTestCaseCount=1, codeIssueCount=15]], BuildJobQueueItem[id=4821739576584632, name=SHORT433BAC4500363044960B6E10DFA0493471B2TSTEXC-LOCALCIINTSTUDENT1, buildAgent=BuildAgentDTO[name=artemis-build-agent-test, memberAddress=[127.0.0.1]:5703, displayName=artemis-build-agent-test], participationId=482, courseId=154, exerciseId=305, retryCount=0, priority=2, status=SUCCESSFUL, repositoryInfo=RepositoryInfo[repositoryName=short433bac4500363044960b6e10dfa0493471b2tstexc-localciintstudent1, repositoryType=user, triggeredByPushTo=user, assignmentRepositoryUri=http://localhost:49152/git/SHORT433BAC4500363044960B6E10DFA0493471B2TSTEXC/short433bac4500363044960b6e10dfa0493471b2tstexc-localciintstudent1.git, testRepositoryUri=http://localhost:49152/git/SHORT433BAC4500363044960B6E10DFA0493471B2TSTEXC/short433bac4500363044960b6e10dfa0493471b2tstexc-tests.git, solutionRepositoryUri=null, auxiliaryRepositoryUris=[Ljava.lang.String;@3cc2dd81, auxiliaryRepositoryCheckoutDirectories=[Ljava.lang.String;@1a7cb4a4], jobTimingInfo=JobTimingInfo[submissionDate=2025-02-14T23:43:04.632341258Z[Etc/UTC], buildStartDate=2025-02-14T23:43:04.637633457Z[Etc/UTC], buildCompletionDate=2025-02-14T23:43:06.421238953Z[Etc/UTC], estimatedCompletionDate=2025-02-14T23:43:23.637623879Z[Etc/UTC], estimatedDuration=19], buildConfig=BuildConfig[buildScript=#!/bin/bash
cd /var/tmp/testing-dir
chmod +x ./gradlew
./gradlew clean test
, dockerImage=dummy-docker-image:latest, commitHashToBuild=8355c4f3cd5d3e0443707d3310206e460e333c6f, assignmentCommitHash=8355c4f3cd5d3e0443707d3310206e460e333c6f, testCommitHash=8355c4f3cd5d3e0443707d3310206e460e333c6f, branch=main, programmingLanguage=JAVA, projectType=PLAIN_GRADLE, scaEnabled=false, sequentialTestRunsEnabled=false, resultPaths=[/var/tmp/testing-dir/**/test-results/test/*.xml], timeoutSeconds=0, assignmentCheckoutPath=null, testCheckoutPath=null, solutionCheckoutPath=null, dockerRunConfig=null], submissionResult=ResultDTO[id=137, completionDate=2025-02-14T23:43:06.404877412Z[Etc/UTC], successful=false, score=7.7, rated=true, submission=SubmissionDTO[id=125, submitted=true, type=MANUAL, exampleSubmission=null, submissionDate=2025-02-14T23:43:04.623230Z, commitHash=8355c4f3cd5d3e0443707d3310206e460e333c6f, buildFailed=false, buildArtifact=false, participation=ParticipationDTO[id=482, testRun=false, type=programming, submissionCount=null, exercise=ParticipationExerciseDTO[id=305, exerciseType=PROGRAMMING, type=programming, assessmentType=AUTOMATIC, dueDate=2025-02-16T23:43:04.425734Z, assessmentDueDate=null, maxPoints=42.0, course=CourseDTO[id=154, accuracyOfScores=1]]], submissionExerciseType=programming, isProcessing=false, buildStartDate=null, estimatedCompletionDate=null], participation=ParticipationDTO[id=482, testRun=false, type=programming, submissionCount=null, exercise=ParticipationExerciseDTO[id=305, exerciseType=PROGRAMMING, type=programming, assessmentType=AUTOMATIC, dueDate=2025-02-16T23:43:04.425734Z, assessmentDueDate=null, maxPoints=42.0, course=CourseDTO[id=154, accuracyOfScores=1]]], feedbacks=[FeedbackDTO[id=147, text=null, detailText=The exercise expects a class with the name Context in the package testpackage. You did not implement the class in the exercise., hasLongFeedbackText=false, reference=null, credits=0.0, positive=false, type=AUTOMATIC, visibility=ALWAYS, testCase=TestCaseDTO[testName=null, id=104]], FeedbackDTO[id=148, text=null, detailText=The exercise expects a class with the name Policy in the package testpackage. You did not implement the class in the exercise., hasLongFeedbackText=false, reference=null, credits=0.0, positive=false, type=AUTOMATIC, visibility=ALWAYS, testCase=TestCaseDTO[testName=null, id=105]], FeedbackDTO[id=149, text=null, detailText=The exercise expects a class with the name SortStrategy in the package testpackage. You did not implement the class in the exercise., hasLongFeedbackText=false, reference=null, credits=0.0, positive=false, type=AUTOMATIC, visibility=ALWAYS, testCase=TestCaseDTO[testName=null, id=106]], FeedbackDTO[id=150, text=null, detailText=The class 'MergeSort' does not implement the interface 'SortStrategy' as expected. Implement the interface and its methods., hasLongFeedbackText=false, reference=null, credits=0.0, positive=false, type=AUTOMATIC, visibility=ALWAYS, testCase=TestCaseDTO[testName=null, id=101]], FeedbackDTO[id=151, text=null, detailText=The exercise expects a class with the name SortStrategy in the package testpackage. You did not implement the class in the exercise., hasLongFeedbackText=false, reference=null, credits=0.0, positive=false, type=AUTOMATIC, visibility=ALWAYS, testCase=TestCaseDTO[testName=null, id=98]], FeedbackDTO[id=152, text=null, detailText=The class 'BubbleSort' does not implement the interface 'SortStrategy' as expected. Implement the interface and its methods., hasLongFeedbackText=false, reference=null, credits=0.0, positive=false, type=AUTOMATIC, visibility=ALWAYS, testCase=TestCaseDTO[testName=null, id=102]], FeedbackDTO[id=153, text=null, detailText=MergeSort does not sort correctly, hasLongFeedbackText=false, reference=null, credits=0.0, positive=false, type=AUTOMATIC, visibility=ALWAYS, testCase=TestCaseDTO[testName=null, id=107]], FeedbackDTO[id=154, text=null, detailText=The class 'Context' was not found within the submission. Make sure to implement it properly., hasLongFeedbackText=false, reference=null, credits=0.0, positive=false, type=AUTOMATIC, visibility=ALWAYS, testCase=TestCaseDTO[testName=null, id=108]], FeedbackDTO[id=155, text=null, detailText=The class 'Context' was not found within the submission. Make sure to implement it properly., hasLongFeedbackText=false, reference=null, credits=0.0, positive=false, type=AUTOMATIC, visibility=ALWAYS, testCase=TestCaseDTO[testName=null, id=109]], FeedbackDTO[id=156, text=null, detailText=The exercise expects a class with the name Policy in the package testpackage. You did not implement the class in the exercise., hasLongFeedbackText=false, reference=null, credits=0.0, positive=false, type=AUTOMATIC, visibility=ALWAYS, testCase=TestCaseDTO[testName=null, id=103]], FeedbackDTO[id=157, text=null, detailText=The exercise expects a class with the name Context in the package testpackage. You did not implement the class in the exercise., hasLongFeedbackText=false, reference=null, credits=0.0, positive=false, type=AUTOMATIC, visibility=ALWAYS, testCase=TestCaseDTO[testName=null, id=99]], FeedbackDTO[id=158, text=null, detailText=The exercise expects a class with the name Policy in the package testpackage. You did not implement the class in the exercise., hasLongFeedbackText=false, reference=null, credits=0.0, positive=false, type=AUTOMATIC, visibility=ALWAYS, testCase=TestCaseDTO[testName=null, id=100]], FeedbackDTO[id=159, text=null, detailText=null, hasLongFeedbackText=false, reference=null, credits=3.230769230769231, positive=true, type=AUTOMATIC, visibility=ALWAYS, testCase=TestCaseDTO[testName=null, id=110]]], assessmentType=AUTOMATIC, hasComplaint=null, exampleResult=null, testCaseCount=13, passedTestCaseCount=1, codeIssueCount=0]], BuildJobQueueItem[id=4851739576588371, name=SHORT495D587A0856D04A9E08BC60D2E08365FB9ETSTEXC-LOCALCIINTSTUDENT1, buildAgent=BuildAgentDTO[name=artemis-build-agent-test, memberAddress=[127.0.0.1]:5703, displayName=artemis-build-agent-test], participationId=485, courseId=155, exerciseId=306, retryCount=0, priority=2, status=FAILED, repositoryInfo=RepositoryInfo[repositoryName=short495d587a0856d04a9e08bc60d2e08365fb9etstexc-localciintstudent1, repositoryType=user, triggeredByPushTo=user, assignmentRepositoryUri=http://localhost:49152/git/SHORT495D587A0856D04A9E08BC60D2E08365FB9ETSTEXC/short495d587a0856d04a9e08bc60d2e08365fb9etstexc-localciintstudent1.git, testRepositoryUri=http://localhost:49152/git/SHORT495D587A0856D04A9E08BC60D2E08365FB9ETSTEXC/short495d587a0856d04a9e08bc60d2e08365fb9etstexc-tests.git, solutionRepositoryUri=null, auxiliaryRepositoryUris=[Ljava.lang.String;@6059622f, auxiliaryRepositoryCheckoutDirectories=[Ljava.lang.String;@6dcbab91], jobTimingInfo=JobTimingInfo[submissionDate=2025-02-14T23:43:08.371015915Z[Etc/UTC], buildStartDate=2025-02-14T23:43:08.374658929Z[Etc/UTC], buildCompletionDate=2025-02-14T23:43:09.341007666Z[Etc/UTC], estimatedCompletionDate=2025-02-14T23:43:27.374650503Z[Etc/UTC], estimatedDuration=19], buildConfig=BuildConfig[buildScript=#!/bin/bash
cd /var/tmp/testing-dir
chmod +x ./gradlew
./gradlew clean test
, dockerImage=dummy-docker-image:latest, commitHashToBuild=ebb8aa4dc3625fe07e975266e18313ad871ce864, assignmentCommitHash=9b3a9bd71a0d80e5bbc42204c319ed3d1d4f0d6d, testCommitHash=9b3a9bd71a0d80e5bbc42204c319ed3d1d4f0d6d, branch=main, programmingLanguage=JAVA, projectType=PLAIN_GRADLE, scaEnabled=false, sequentialTestRunsEnabled=false, resultPaths=[/var/tmp/testing-dir/**/test-results/test/*.xml], timeoutSeconds=0, assignmentCheckoutPath=null, testCheckoutPath=null, solutionCheckoutPath=null, dockerRunConfig=null], submissionResult=ResultDTO[id=138, completionDate=2025-02-14T23:43:09.343306574Z[Etc/UTC], successful=false, score=0.0, rated=true, submission=SubmissionDTO[id=127, submitted=true, type=MANUAL, exampleSubmission=null, submissionDate=2025-02-14T23:43:09.343306574Z[Etc/UTC], commitHash=9b3a9bd71a0d80e5bbc42204c319ed3d1d4f0d6d, buildFailed=true, buildArtifact=false, participation=ParticipationDTO[id=485, testRun=false, type=programming, submissionCount=null, exercise=ParticipationExerciseDTO[id=306, exerciseType=PROGRAMMING, type=programming, assessmentType=AUTOMATIC, dueDate=2025-02-16T23:43:08.185273Z, assessmentDueDate=null, maxPoints=42.0, course=CourseDTO[id=155, accuracyOfScores=1]]], submissionExerciseType=programming, isProcessing=false, buildStartDate=null, estimatedCompletionDate=null], participation=ParticipationDTO[id=485, testRun=false, type=programming, submissionCount=null, exercise=ParticipationExerciseDTO[id=306, exerciseType=PROGRAMMING, type=programming, assessmentType=AUTOMATIC, dueDate=2025-02-16T23:43:08.185273Z, assessmentDueDate=null, maxPoints=42.0, course=CourseDTO[id=155, accuracyOfScores=1]]], feedbacks=[], assessmentType=AUTOMATIC, hasComplaint=null, exampleResult=null, testCaseCount=0, passedTestCaseCount=0, codeIssueCount=0]], BuildJobQueueItem[id=4881739576590204, name=SHORT80B5DD0E0D6B304EBB096E9020B949996A1CTSTEXC-LOCALCIINTSTUDENT1, buildAgent=BuildAgentDTO[name=artemis-build-agent-test, memberAddress=[127.0.0.1]:5703, displayName=artemis-build-agent-test], participationId=488, courseId=156, exerciseId=307, retryCount=0, priority=2, status=SUCCESSFUL, repositoryInfo=RepositoryInfo[repositoryName=short80b5dd0e0d6b304ebb096e9020b949996a1ctstexc-localciintstudent1, repositoryType=user, triggeredByPushTo=user, assignmentRepositoryUri=http://localhost:49152/git/SHORT80B5DD0E0D6B304EBB096E9020B949996A1CTSTEXC/short80b5dd0e0d6b304ebb096e9020b949996a1ctstexc-localciintstudent1.git, testRepositoryUri=http://localhost:49152/git/SHORT80B5DD0E0D6B304EBB096E9020B949996A1CTSTEXC/short80b5dd0e0d6b304ebb096e9020b949996a1ctstexc-tests.git, solutionRepositoryUri=null, auxiliaryRepositoryUris=[Ljava.lang.String;@474f5d7c, auxiliaryRepositoryCheckoutDirectories=[Ljava.lang.String;@38e908a5], jobTimingInfo=JobTimingInfo[submissionDate=2025-02-14T23:43:10.204264160Z[Etc/UTC], buildStartDate=2025-02-14T23:43:10.223149139Z[Etc/UTC], buildCompletionDate=2025-02-14T23:43:12.086509109Z[Etc/UTC], estimatedCompletionDate=2025-02-14T23:43:29.223142246Z[Etc/UTC], estimatedDuration=19], buildConfig=BuildConfig[buildScript=#!/bin/bash
cd /var/tmp/testing-dir
chmod +x ./gradlew
./gradlew clean test
, dockerImage=dummy-docker-image:latest, commitHashToBuild=b806a93102242552beed7c01b08b2769731814b3, assignmentCommitHash=b806a93102242552beed7c01b08b2769731814b3, testCommitHash=b806a93102242552beed7c01b08b2769731814b3, branch=main, programmingLanguage=JAVA, projectType=PLAIN_GRADLE, scaEnabled=false, sequentialTestRunsEnabled=false, resultPaths=[/var/tmp/testing-dir/**/test-results/test/*.xml], timeoutSeconds=0, assignmentCheckoutPath=null, testCheckoutPath=null, solutionCheckoutPath=null, dockerRunConfig=null], submissionResult=ResultDTO[id=139, completionDate=2025-02-14T23:43:12.066436124Z[Etc/UTC], successful=false, score=0.0, rated=true, submission=SubmissionDTO[id=128, submitted=true, type=MANUAL, exampleSubmission=null, submissionDate=2025-02-14T23:43:10.192407Z, commitHash=b806a93102242552beed7c01b08b2769731814b3, buildFailed=true, buildArtifact=false, participation=ParticipationDTO[id=488, testRun=false, type=programming, submissionCount=null, exercise=ParticipationExerciseDTO[id=307, exerciseType=PROGRAMMING, type=programming, assessmentType=AUTOMATIC, dueDate=2025-02-16T23:43:09.986646Z, assessmentDueDate=null, maxPoints=42.0, course=CourseDTO[id=156, accuracyOfScores=1]]], submissionExerciseType=programming, isProcessing=false, buildStartDate=null, estimatedCompletionDate=null], participation=ParticipationDTO[id=488, testRun=false, type=programming, submissionCount=null, exercise=ParticipationExerciseDTO[id=307, exerciseType=PROGRAMMING, type=programming, assessmentType=AUTOMATIC, dueDate=2025-02-16T23:43:09.986646Z, assessmentDueDate=null, maxPoints=42.0, course=CourseDTO[id=156, accuracyOfScores=1]]], feedbacks=[], assessmentType=AUTOMATIC, hasComplaint=null, exampleResult=null, testCaseCount=0, passedTestCaseCount=0, codeIssueCount=0]], BuildJobQueueItem[id=4911739576593817, name=SHORT585B2198089880462509B3007867E72DFB7ATSTEXC-LOCALCIINTSTUDENT1, buildAgent=BuildAgentDTO[name=artemis-build-agent-test, memberAddress=[127.0.0.1]:5703, displayName=artemis-build-agent-test], participationId=491, courseId=157, exerciseId=308, retryCount=0, priority=2, status=SUCCESSFUL, repositoryInfo=RepositoryInfo[repositoryName=short585b2198089880462509b3007867e72dfb7atstexc-localciintstudent1, repositoryType=user, triggeredByPushTo=user, assignmentRepositoryUri=http://localhost:49152/git/SHORT585B2198089880462509B3007867E72DFB7ATSTEXC/short585b2198089880462509b3007867e72dfb7atstexc-localciintstudent1.git, testRepositoryUri=http://localhost:49152/git/SHORT585B2198089880462509B3007867E72DFB7ATSTEXC/short585b2198089880462509b3007867e72dfb7atstexc-tests.git, solutionRepositoryUri=null, auxiliaryRepositoryUris=[Ljava.lang.String;@130a4d8d, auxiliaryRepositoryCheckoutDirectories=[Ljava.lang.String;@23adfb5e], jobTimingInfo=JobTimingInfo[submissionDate=2025-02-14T23:43:13.817124706Z[Etc/UTC], buildStartDate=2025-02-14T23:43:13.834335931Z[Etc/UTC], buildCompletionDate=2025-02-14T23:43:15.746259139Z[Etc/UTC], estimatedCompletionDate=2025-02-14T23:43:32.834326082Z[Etc/UTC], estimatedDuration=19], buildConfig=BuildConfig[buildScript=#!/bin/bash
cd /var/tmp/testing-dir
chmod +x ./gradlew
./gradlew clean test
, dockerImage=dummy-docker-image:latest, commitHashToBuild=42077d078a5d5042fe2d4bd8299a990d342fce6e, assignmentCommitHash=42077d078a5d5042fe2d4bd8299a990d342fce6e, testCommitHash=42077d078a5d5042fe2d4bd8299a990d342fce6e, branch=main, programmingLanguage=JAVA, projectType=PLAIN_GRADLE, scaEnabled=false, sequentialTestRunsEnabled=false, resultPaths=[/var/tmp/testing-dir/**/test-results/test/*.xml], timeoutSeconds=0, assignmentCheckoutPath=null, testCheckoutPath=null, solutionCheckoutPath=null, dockerRunConfig=null], submissionResult=ResultDTO[id=140, completionDate=2025-02-14T23:43:15.725343914Z[Etc/UTC], successful=false, score=0.0, rated=true, submission=SubmissionDTO[id=129, submitted=true, type=MANUAL, exampleSubmission=null, submissionDate=2025-02-14T23:43:13.805401Z, commitHash=42077d078a5d5042fe2d4bd8299a990d342fce6e, buildFailed=false, buildArtifact=false, participation=ParticipationDTO[id=491, testRun=false, type=programming, submissionCount=null, exercise=ParticipationExerciseDTO[id=308, exerciseType=PROGRAMMING, type=programming, assessmentType=AUTOMATIC, dueDate=2025-02-16T23:43:13.569213Z, assessmentDueDate=null, maxPoints=42.0, course=CourseDTO[id=157, accuracyOfScores=1]]], submissionExerciseType=programming, isProcessing=false, buildStartDate=null, estimatedCompletionDate=null], participation=ParticipationDTO[id=491, testRun=false, type=programming, submissionCount=null, exercise=ParticipationExerciseDTO[id=308, exerciseType=PROGRAMMING, type=programming, assessmentType=AUTOMATIC, dueDate=2025-02-16T23:43:13.569213Z, assessmentDueDate=null, maxPoints=42.0, course=CourseDTO[id=157, accuracyOfScores=1]]], feedbacks=[FeedbackDTO[id=160, text=null, detailText=Deine Einreichung enthält keine Ausgabe. (67cac2), hasLongFeedbackText=false, reference=null, credits=0.0, positive=false, type=AUTOMATIC, visibility=ALWAYS, testCase=TestCaseDTO[testName=null, id=146]], FeedbackDTO[id=161, text=null, detailText=test `add` failed on ≥ 1 cases:
(0, 0)
Your submission raised an error Failure("TODO add"), hasLongFeedbackText=false, reference=null, credits=0.0, positive=false, type=AUTOMATIC, visibility=ALWAYS, testCase=TestCaseDTO[testName=null, id=149]], FeedbackDTO[id=162, text=null, detailText=test `filter` failed on ≥ 1 cases:
(even, [1; 2; 3; 4])
Your submission raised an error Failure("TODO filter"), hasLongFeedbackText=false, reference=null, credits=0.0, positive=false, type=AUTOMATIC, visibility=ALWAYS, testCase=TestCaseDTO[testName=null, id=148]], FeedbackDTO[id=163, text=null, detailText=Test was not executed., hasLongFeedbackText=false, reference=null, credits=0.0, positive=null, type=AUTOMATIC, visibility=null, testCase=TestCaseDTO[testName=null, id=137]], FeedbackDTO[id=164, text=null, detailText=Test was not executed., hasLongFeedbackText=false, reference=null, credits=0.0, positive=null, type=AUTOMATIC, visibility=null, testCase=TestCaseDTO[testName=null, id=138]], FeedbackDTO[id=165, text=null, detailText=Test was not executed., hasLongFeedbackText=false, reference=null, credits=0.0, positive=null, type=AUTOMATIC, visibility=null, testCase=TestCaseDTO[testName=null, id=139]], FeedbackDTO[id=166, text=null, detailText=Test was not executed., hasLongFeedbackText=false, reference=null, credits=0.0, positive=null, type=AUTOMATIC, visibility=null, testCase=TestCaseDTO[testName=null, id=140]], FeedbackDTO[id=167, text=null, detailText=Test was not executed., hasLongFeedbackText=false, reference=null, credits=0.0, positive=null, type=AUTOMATIC, visibility=null, testCase=TestCaseDTO[testName=null, id=141]], FeedbackDTO[id=168, text=null, detailText=Test was not executed., hasLongFeedbackText=false, reference=null, credits=0.0, positive=null, type=AUTOMATIC, visibility=null, testCase=TestCaseDTO[testName=null, id=142]], FeedbackDTO[id=169, text=null, detailText=Test was not executed., hasLongFeedbackText=false, reference=null, credits=0.0, positive=null, type=AUTOMATIC, visibility=null, testCase=TestCaseDTO[testName=null, id=143]], FeedbackDTO[id=170, text=null, detailText=Test was not executed., hasLongFeedbackText=false, reference=null, credits=0.0, positive=null, type=AUTOMATIC, visibility=null, testCase=TestCaseDTO[testName=null, id=144]], FeedbackDTO[id=171, text=null, detailText=Test was not executed., hasLongFeedbackText=false, reference=null, credits=0.0, positive=null, type=AUTOMATIC, visibility=null, testCase=TestCaseDTO[testName=null, id=145]], FeedbackDTO[id=172, text=null, detailText=Test was not executed., hasLongFeedbackText=false, reference=null, credits=0.0, positive=null, type=AUTOMATIC, visibility=null, testCase=TestCaseDTO[testName=null, id=147]]], assessmentType=AUTOMATIC, hasComplaint=null, exampleResult=null, testCaseCount=13, passedTestCaseCount=0, codeIssueCount=0]], BuildJobQueueItem[id=4941739576597286, name=SHORTFBCBD7BF0E6EB0451A080E80FCB407DC1F12TSTEXC-LOCALCIINTSTUDENT1, buildAgent=BuildAgentDTO[name=artemis-build-agent-test, memberAddress=[127.0.0.1]:5703, displayName=artemis-build-agent-test], participationId=494, courseId=158, exerciseId=309, retryCount=0, priority=2, status=SUCCESSFUL, repositoryInfo=RepositoryInfo[repositoryName=shortfbcbd7bf0e6eb0451a080e80fcb407dc1f12tstexc-localciintstudent1, repositoryType=user, triggeredByPushTo=user, assignmentRepositoryUri=http://localhost:49152/git/SHORTFBCBD7BF0E6EB0451A080E80FCB407DC1F12TSTEXC/shortfbcbd7bf0e6eb0451a080e80fcb407dc1f12tstexc-localciintstudent1.git, testRepositoryUri=http://localhost:49152/git/SHORTFBCBD7BF0E6EB0451A080E80FCB407DC1F12TSTEXC/shortfbcbd7bf0e6eb0451a080e80fcb407dc1f12tstexc-tests.git, solutionRepositoryUri=null, auxiliaryRepositoryUris=[Ljava.lang.String;@1eb4e6ea, auxiliaryRepositoryCheckoutDirectories=[Ljava.lang.String;@6ee879b9], jobTimingInfo=JobTimingInfo[submissionDate=2025-02-14T23:43:17.286977233Z[Etc/UTC], buildStartDate=2025-02-14T23:43:17.293977347Z[Etc/UTC], buildCompletionDate=2025-02-14T23:43:18.740990762Z[Etc/UTC], estimatedCompletionDate=2025-02-14T23:43:36.293970494Z[Etc/UTC], estimatedDuration=19], buildConfig=BuildConfig[buildScript=#!/bin/bash
cd /var/tmp/testing-dir
chmod +x ./gradlew
./gradlew clean test
, dockerImage=dummy-docker-image:latest, commitHashToBuild=4a1af7e8a64e6505c5fc09b9f81ea41af9fcff44, assignmentCommitHash=4a1af7e8a64e6505c5fc09b9f81ea41af9fcff44, testCommitHash=4a1af7e8a64e6505c5fc09b9f81ea41af9fcff44, branch=main, programmingLanguage=JAVA, projectType=PLAIN_GRADLE, scaEnabled=false, sequentialTestRunsEnabled=false, resultPaths=[/var/tmp/testing-dir/**/test-results/test/*.xml], timeoutSeconds=0, assignmentCheckoutPath=null, testCheckoutPath=null, solutionCheckoutPath=null, dockerRunConfig=null], submissionResult=ResultDTO[id=141, completionDate=2025-02-14T23:43:18.729015138Z[Etc/UTC], successful=false, score=0.0, rated=true, submission=SubmissionDTO[id=130, submitted=true, type=MANUAL, exampleSubmission=null, submissionDate=2025-02-14T23:43:17.272936Z, commitHash=4a1af7e8a64e6505c5fc09b9f81ea41af9fcff44, buildFailed=true, buildArtifact=false, participation=ParticipationDTO[id=494, testRun=false, type=programming, submissionCount=null, exercise=ParticipationExerciseDTO[id=309, exerciseType=PROGRAMMING, type=programming, assessmentType=AUTOMATIC, dueDate=2025-02-16T23:43:17.147218Z, assessmentDueDate=null, maxPoints=42.0, course=CourseDTO[id=158, accuracyOfScores=1]]], submissionExerciseType=programming, isProcessing=false, buildStartDate=null, estimatedCompletionDate=null], participation=ParticipationDTO[id=494, testRun=false, type=programming, submissionCount=null, exercise=ParticipationExerciseDTO[id=309, exerciseType=PROGRAMMING, type=programming, assessmentType=AUTOMATIC, dueDate=2025-02-16T23:43:17.147218Z, assessmentDueDate=null, maxPoints=42.0, course=CourseDTO[id=158, accuracyOfScores=1]]], feedbacks=[], assessmentType=AUTOMATIC, hasComplaint=null, exampleResult=null, testCaseCount=0, passedTestCaseCount=0, codeIssueCount=0]], BuildJobQueueItem[id=4971739576599269, name=SHORT52AD57270517204728083260501A19D262D1TSTEXC-LOCALCIINTSTUDENT1, buildAgent=BuildAgentDTO[name=artemis-build-agent-test, memberAddress=[127.0.0.1]:5703, displayName=artemis-build-agent-test], participationId=497, courseId=159, exerciseId=310, retryCount=0, priority=2, status=SUCCESSFUL, repositoryInfo=RepositoryInfo[repositoryName=short52ad57270517204728083260501a19d262d1tstexc-localciintstudent1, repositoryType=user, triggeredByPushTo=user, assignmentRepositoryUri=http://localhost:49152/git/SHORT52AD57270517204728083260501A19D262D1TSTEXC/short52ad57270517204728083260501a19d262d1tstexc-localciintstudent1.git, testRepositoryUri=http://localhost:49152/git/SHORT52AD57270517204728083260501A19D262D1TSTEXC/short52ad57270517204728083260501a19d262d1tstexc-tests.git, solutionRepositoryUri=null, auxiliaryRepositoryUris=[Ljava.lang.String;@2fcf37cc, auxiliaryRepositoryCheckoutDirectories=[Ljava.lang.String;@63f44e60], jobTimingInfo=JobTimingInfo[submissionDate=2025-02-14T23:43:19.269997499Z[Etc/UTC], buildStartDate=2025-02-14T23:43:19.277325895Z[Etc/UTC], buildCompletionDate=2025-02-14T23:43:20.497391524Z[Etc/UTC], estimatedCompletionDate=2025-02-14T23:43:38.277310787Z[Etc/UTC], estimatedDuration=19], buildConfig=BuildConfig[buildScript=#!/bin/bash
cd /var/tmp/testing-dir
chmod +x ./gradlew
./gradlew clean test
, dockerImage=dummy-docker-image:latest, commitHashToBuild=9f4f76247a188e9a0f3516a9fbd60e829d53fb05, assignmentCommitHash=9f4f76247a188e9a0f3516a9fbd60e829d53fb05, testCommitHash=9f4f76247a188e9a0f3516a9fbd60e829d53fb05, branch=main, programmingLanguage=JAVA, projectType=PLAIN_GRADLE, scaEnabled=false, sequentialTestRunsEnabled=false, resultPaths=[/var/tmp/testing-dir/**/test-results/test/*.xml], timeoutSeconds=0, assignmentCheckoutPath=null, testCheckoutPath=null, solutionCheckoutPath=null, dockerRunConfig=null], submissionResult=ResultDTO[id=142, completionDate=2025-02-14T23:43:20.484244187Z[Etc/UTC], successful=false, score=7.7, rated=true, submission=SubmissionDTO[id=131, submitted=true, type=MANUAL, exampleSubmission=null, submissionDate=2025-02-14T23:43:19.265464Z, commitHash=9f4f76247a188e9a0f3516a9fbd60e829d53fb05, buildFailed=false, buildArtifact=false, participation=ParticipationDTO[id=497, testRun=false, type=programming, submissionCount=null, exercise=ParticipationExerciseDTO[id=310, exerciseType=PROGRAMMING, type=programming, assessmentType=AUTOMATIC, dueDate=2025-02-16T23:43:19.182228Z, assessmentDueDate=null, maxPoints=42.0, course=CourseDTO[id=159, accuracyOfScores=1]]], submissionExerciseType=programming, isProcessing=false, buildStartDate=null, estimatedCompletionDate=null], participation=ParticipationDTO[id=497, testRun=false, type=programming, submissionCount=null, exercise=ParticipationExerciseDTO[id=310, exerciseType=PROGRAMMING, type=programming, assessmentType=AUTOMATIC, dueDate=2025-02-16T23:43:19.182228Z, assessmentDueDate=null, maxPoints=42.0, course=CourseDTO[id=159, accuracyOfScores=1]]], feedbacks=[FeedbackDTO[id=173, text=null, detailText=The exercise expects a class with the name Context in the package testpackage. You did not implement the class in the exercise., hasLongFeedbackText=false, reference=null, credits=0.0, positive=false, type=AUTOMATIC, visibility=ALWAYS, testCase=TestCaseDTO[testName=null, id=169]], FeedbackDTO[id=174, text=null, detailText=The exercise expects a class with the name Policy in the package testpackage. You did not implement the class in the exercise., hasLongFeedbackText=false, reference=null, credits=0.0, positive=false, type=AUTOMATIC, visibility=ALWAYS, testCase=TestCaseDTO[testName=null, id=170]], FeedbackDTO[id=175, text=null, detailText=The exercise expects a class with the name SortStrategy in the package testpackage. You did not implement the class in the exercise., hasLongFeedbackText=false, reference=null, credits=0.0, positive=false, type=AUTOMATIC, visibility=ALWAYS, testCase=TestCaseDTO[testName=null, id=171]], FeedbackDTO[id=176, text=null, detailText=The class 'MergeSort' does not implement the interface 'SortStrategy' as expected. Implement the interface and its methods., hasLongFeedbackText=false, reference=null, credits=0.0, positive=false, type=AUTOMATIC, visibility=ALWAYS, testCase=TestCaseDTO[testName=null, id=166]], FeedbackDTO[id=177, text=null, detailText=The exercise expects a class with the name SortStrategy in the package testpackage. You did not implement the class in the exercise., hasLongFeedbackText=false, reference=null, credits=0.0, positive=false, type=AUTOMATIC, visibility=ALWAYS, testCase=TestCaseDTO[testName=null, id=163]], FeedbackDTO[id=178, text=null, detailText=The class 'BubbleSort' does not implement the interface 'SortStrategy' as expected. Implement the interface and its methods., hasLongFeedbackText=false, reference=null, credits=0.0, positive=false, type=AUTOMATIC, visibility=ALWAYS, testCase=TestCaseDTO[testName=null, id=167]], FeedbackDTO[id=179, text=null, detailText=MergeSort does not sort correctly, hasLongFeedbackText=false, reference=null, credits=0.0, positive=false, type=AUTOMATIC, visibility=ALWAYS, testCase=TestCaseDTO[testName=null, id=172]], FeedbackDTO[id=180, text=null, detailText=The class 'Context' was not found within the submission. Make sure to implement it properly., hasLongFeedbackText=false, reference=null, credits=0.0, positive=false, type=AUTOMATIC, visibility=ALWAYS, testCase=TestCaseDTO[testName=null, id=173]], FeedbackDTO[id=181, text=null, detailText=The class 'Context' was not found within the submission. Make sure to implement it properly., hasLongFeedbackText=false, reference=null, credits=0.0, positive=false, type=AUTOMATIC, visibility=ALWAYS, testCase=TestCaseDTO[testName=null, id=174]], FeedbackDTO[id=182, text=null, detailText=The exercise expects a class with the name Policy in the package testpackage. You did not implement the class in the exercise., hasLongFeedbackText=false, reference=null, credits=0.0, positive=false, type=AUTOMATIC, visibility=ALWAYS, testCase=TestCaseDTO[testName=null, id=168]], FeedbackDTO[id=183, text=null, detailText=The exercise expects a class with the name Context in the package testpackage. You did not implement the class in the exercise., hasLongFeedbackText=false, reference=null, credits=0.0, positive=false, type=AUTOMATIC, visibility=ALWAYS, testCase=TestCaseDTO[testName=null, id=164]], FeedbackDTO[id=184, text=null, detailText=The exercise expects a class with the name Policy in the package testpackage. You did not implement the class in the exercise., hasLongFeedbackText=false, reference=null, credits=0.0, positive=false, type=AUTOMATIC, visibility=ALWAYS, testCase=TestCaseDTO[testName=null, id=165]], FeedbackDTO[id=185, text=null, detailText=null, hasLongFeedbackText=false, reference=null, credits=3.230769230769231, positive=true, type=AUTOMATIC, visibility=ALWAYS, testCase=TestCaseDTO[testName=null, id=175]]], assessmentType=AUTOMATIC, hasComplaint=null, exampleResult=null, testCaseCount=13, passedTestCaseCount=1, codeIssueCount=0]], BuildJobQueueItem[id=5001739576601035, name=SHORT582B1BDC0A17704D6D0A46800FC19163DA47TSTEXC-LOCALCIINTSTUDENT1, buildAgent=BuildAgentDTO[name=artemis-build-agent-test, memberAddress=[127.0.0.1]:5703, displayName=artemis-build-agent-test], participationId=500, courseId=160, exerciseId=311, retryCount=0, priority=2, status=SUCCESSFUL, repositoryInfo=RepositoryInfo[repositoryName=short582b1bdc0a17704d6d0a46800fc19163da47tstexc-localciintstudent1, repositoryType=user, triggeredByPushTo=user, assignmentRepositoryUri=http://localhost:49152/git/SHORT582B1BDC0A17704D6D0A46800FC19163DA47TSTEXC/short582b1bdc0a17704d6d0a46800fc19163da47tstexc-localciintstudent1.git, testRepositoryUri=http://localhost:49152/git/SHORT582B1BDC0A17704D6D0A46800FC19163DA47TSTEXC/short582b1bdc0a17704d6d0a46800fc19163da47tstexc-tests.git, solutionRepositoryUri=null, auxiliaryRepositoryUris=[Ljava.lang.String;@5a4e7742, auxiliaryRepositoryCheckoutDirectories=[Ljava.lang.String;@7746e803], jobTimingInfo=JobTimingInfo[submissionDate=2025-02-14T23:43:21.035120760Z[Etc/UTC], buildStartDate=2025-02-14T23:43:21.040320383Z[Etc/UTC], buildCompletionDate=2025-02-14T23:43:22.581236903Z[Etc/UTC], estimatedCompletionDate=2025-02-14T23:43:40.040312057Z[Etc/UTC], estimatedDuration=19], buildConfig=BuildConfig[buildScript=#!/bin/bash
cd /var/tmp/testing-dir
chmod +x ./gradlew
./gradlew clean test
, dockerImage=dummy-docker-image:latest, commitHashToBuild=887566cf754016f986627cf5c5c365dea16c907f, assignmentCommitHash=887566cf754016f986627cf5c5c365dea16c907f, testCommitHash=6af67146332066e7430917928a4b9b81c43b7c71, branch=main, programmingLanguage=JAVA, projectType=PLAIN_GRADLE, scaEnabled=false, sequentialTestRunsEnabled=false, resultPaths=[/var/tmp/testing-dir/**/test-results/test/*.xml], timeoutSeconds=0, assignmentCheckoutPath=customAssignmentPath, testCheckoutPath=null, solutionCheckoutPath=null, dockerRunConfig=null], submissionResult=ResultDTO[id=143, completionDate=2025-02-14T23:43:22.538158998Z[Etc/UTC], successful=false, score=7.7, rated=true, submission=SubmissionDTO[id=132, submitted=true, type=MANUAL, exampleSubmission=null, submissionDate=2025-02-14T23:43:21.028930Z, commitHash=887566cf754016f986627cf5c5c365dea16c907f, buildFailed=false, buildArtifact=false, participation=ParticipationDTO[id=500, testRun=false, type=programming, submissionCount=null, exercise=ParticipationExerciseDTO[id=311, exerciseType=PROGRAMMING, type=programming, assessmentType=AUTOMATIC, dueDate=2025-02-16T23:43:20.897280Z, assessmentDueDate=null, maxPoints=42.0, course=CourseDTO[id=160, accuracyOfScores=1]]], submissionExerciseType=programming, isProcessing=false, buildStartDate=null, estimatedCompletionDate=null], participation=ParticipationDTO[id=500, testRun=false, type=programming, submissionCount=null, exercise=ParticipationExerciseDTO[id=311, exerciseType=PROGRAMMING, type=programming, assessmentType=AUTOMATIC, dueDate=2025-02-16T23:43:20.897280Z, assessmentDueDate=null, maxPoints=42.0, course=CourseDTO[id=160, accuracyOfScores=1]]], feedbacks=[FeedbackDTO[id=186, text=null, detailText=The exercise expects a class with the name Context in the package testpackage. You did not implement the class in the exercise., hasLongFeedbackText=false, reference=null, credits=0.0, positive=false, type=AUTOMATIC, visibility=ALWAYS, testCase=TestCaseDTO[testName=null, id=182]], FeedbackDTO[id=187, text=null, detailText=The exercise expects a class with the name Policy in the package testpackage. You did not implement the class in the exercise., hasLongFeedbackText=false, reference=null, credits=0.0, positive=false, type=AUTOMATIC, visibility=ALWAYS, testCase=TestCaseDTO[testName=null, id=183]], FeedbackDTO[id=188, text=null, detailText=The exercise expects a class with the name SortStrategy in the package testpackage. You did not implement the class in the exercise., hasLongFeedbackText=false, reference=null, credits=0.0, positive=false, type=AUTOMATIC, visibility=ALWAYS, testCase=TestCaseDTO[testName=null, id=184]], FeedbackDTO[id=189, text=null, detailText=The class 'MergeSort' does not implement the interface 'SortStrategy' as expected. Implement the interface and its methods., hasLongFeedbackText=false, reference=null, credits=0.0, positive=false, type=AUTOMATIC, visibility=ALWAYS, testCase=TestCaseDTO[testName=null, id=179]], FeedbackDTO[id=190, text=null, detailText=The exercise expects a class with the name SortStrategy in the package testpackage. You did not implement the class in the exercise., hasLongFeedbackText=false, reference=null, credits=0.0, positive=false, type=AUTOMATIC, visibility=ALWAYS, testCase=TestCaseDTO[testName=null, id=176]], FeedbackDTO[id=191, text=null, detailText=The class 'BubbleSort' does not implement the interface 'SortStrategy' as expected. Implement the interface and its methods., hasLongFeedbackText=false, reference=null, credits=0.0, positive=false, type=AUTOMATIC, visibility=ALWAYS, testCase=TestCaseDTO[testName=null, id=180]], FeedbackDTO[id=192, text=null, detailText=MergeSort does not sort correctly, hasLongFeedbackText=false, reference=null, credits=0.0, positive=false, type=AUTOMATIC, visibility=ALWAYS, testCase=TestCaseDTO[testName=null, id=185]], FeedbackDTO[id=193, text=null, detailText=The class 'Context' was not found within the submission. Make sure to implement it properly., hasLongFeedbackText=false, reference=null, credits=0.0, positive=false, type=AUTOMATIC, visibility=ALWAYS, testCase=TestCaseDTO[testName=null, id=186]], FeedbackDTO[id=194, text=null, detailText=The class 'Context' was not found within the submission. Make sure to implement it properly., hasLongFeedbackText=false, reference=null, credits=0.0, positive=false, type=AUTOMATIC, visibility=ALWAYS, testCase=TestCaseDTO[testName=null, id=187]], FeedbackDTO[id=195, text=null, detailText=The exercise expects a class with the name Policy in the package testpackage. You did not implement the class in the exercise., hasLongFeedbackText=false, reference=null, credits=0.0, positive=false, type=AUTOMATIC, visibility=ALWAYS, testCase=TestCaseDTO[testName=null, id=181]], FeedbackDTO[id=196, text=null, detailText=The exercise expects a class with the name Context in the package testpackage. You did not implement the class in the exercise., hasLongFeedbackText=false, reference=null, credits=0.0, positive=false, type=AUTOMATIC, visibility=ALWAYS, testCase=TestCaseDTO[testName=null, id=177]], FeedbackDTO[id=197, text=null, detailText=The exercise expects a class with the name Policy in the package testpackage. You did not implement the class in the exercise., hasLongFeedbackText=false, reference=null, credits=0.0, positive=false, type=AUTOMATIC, visibility=ALWAYS, testCase=TestCaseDTO[testName=null, id=178]], FeedbackDTO[id=198, text=null, detailText=null, hasLongFeedbackText=false, reference=null, credits=3.230769230769231, positive=true, type=AUTOMATIC, visibility=ALWAYS, testCase=TestCaseDTO[testName=null, id=188]]], assessmentType=AUTOMATIC, hasComplaint=null, exampleResult=null, testCaseCount=13, passedTestCaseCount=1, codeIssueCount=0]], BuildJobQueueItem[id=5031739576604847, name=SHORT00FA1A240403404C7E097D7007C591BE2AB1TSTEXC-LOCALCIINTSTUDENT1, buildAgent=BuildAgentDTO[name=artemis-build-agent-test, memberAddress=[127.0.0.1]:5703, displayName=artemis-build-agent-test], participationId=503, courseId=161, exerciseId=312, retryCount=0, priority=2, status=FAILED, repositoryInfo=RepositoryInfo[repositoryName=short00fa1a240403404c7e097d7007c591be2ab1tstexc-localciintstudent1, repositoryType=user, triggeredByPushTo=user, assignmentRepositoryUri=http://localhost:49152/git/SHORT00FA1A240403404C7E097D7007C591BE2AB1TSTEXC/short00fa1a240403404c7e097d7007c591be2ab1tstexc-localciintstudent1.git, testRepositoryUri=http://localhost:49152/git/SHORT00FA1A240403404C7E097D7007C591BE2AB1TSTEXC/short00fa1a240403404c7e097d7007c591be2ab1tstexc-tests.git, solutionRepositoryUri=null, auxiliaryRepositoryUris=[Ljava.lang.String;@2161c070, auxiliaryRepositoryCheckoutDirectories=[Ljava.lang.String;@60270d72], jobTimingInfo=JobTimingInfo[submissionDate=2025-02-14T23:43:24.847396156Z[Etc/UTC], buildStartDate=2025-02-14T23:43:24.860457211Z[Etc/UTC], buildCompletionDate=2025-02-14T23:43:26.809353681Z[Etc/UTC], estimatedCompletionDate=2025-02-14T23:43:46.860451490Z[Etc/UTC], estimatedDuration=22], buildConfig=BuildConfig[buildScript=#!/bin/bash
cd /var/tmp/testing-dir
chmod +x ./gradlew
./gradlew clean test
, dockerImage=dummy-docker-image:latest, commitHashToBuild=9690714a509af0a98c6790a7e52ee3574c7ef689, assignmentCommitHash=9690714a509af0a98c6790a7e52ee3574c7ef689, testCommitHash=9690714a509af0a98c6790a7e52ee3574c7ef689, branch=main, programmingLanguage=JAVA, projectType=PLAIN_GRADLE, scaEnabled=false, sequentialTestRunsEnabled=false, resultPaths=[/var/tmp/testing-dir/**/test-results/test/*.xml], timeoutSeconds=0, assignmentCheckoutPath=null, testCheckoutPath=null, solutionCheckoutPath=null, dockerRunConfig=null], submissionResult=ResultDTO[id=144, completionDate=2025-02-14T23:43:26.809483684Z[Etc/UTC], successful=false, score=0.0, rated=true, submission=SubmissionDTO[id=133, submitted=true, type=MANUAL, exampleSubmission=null, submissionDate=2025-02-14T23:43:24.841319Z, commitHash=9690714a509af0a98c6790a7e52ee3574c7ef689, buildFailed=true, buildArtifact=false, participation=ParticipationDTO[id=503, testRun=false, type=programming, submissionCount=null, exercise=ParticipationExerciseDTO[id=312, exerciseType=PROGRAMMING, type=programming, assessmentType=AUTOMATIC, dueDate=2025-02-16T23:43:24.571329Z, assessmentDueDate=null, maxPoints=42.0, course=CourseDTO[id=161, accuracyOfScores=1]]], submissionExerciseType=programming, isProcessing=false, buildStartDate=null, estimatedCompletionDate=null], participation=ParticipationDTO[id=503, testRun=false, type=programming, submissionCount=null, exercise=ParticipationExerciseDTO[id=312, exerciseType=PROGRAMMING, type=programming, assessmentType=AUTOMATIC, dueDate=2025-02-16T23:43:24.571329Z, assessmentDueDate=null, maxPoints=42.0, course=CourseDTO[id=161, accuracyOfScores=1]]], feedbacks=[], assessmentType=AUTOMATIC, hasComplaint=null, exampleResult=null, testCaseCount=0, passedTestCaseCount=0, codeIssueCount=0]], BuildJobQueueItem[id=5061739576605250, name=SHORT62C808EE04ECE040740AF7B0CF3AE5F5BEF2TSTEXC-LOCALCIINTSTUDENT1, buildAgent=BuildAgentDTO[name=artemis-build-agent-test, memberAddress=[127.0.0.1]:5703, displayName=artemis-build-agent-test], participationId=506, courseId=162, exerciseId=313, retryCount=0, priority=2, status=SUCCESSFUL, repositoryInfo=RepositoryInfo[repositoryName=short62c808ee04ece040740af7b0cf3ae5f5bef2tstexc-localciintstudent1, repositoryType=user, triggeredByPushTo=user, assignmentRepositoryUri=http://localhost:49152/git/SHORT62C808EE04ECE040740AF7B0CF3AE5F5BEF2TSTEXC/short62c808ee04ece040740af7b0cf3ae5f5bef2tstexc-localciintstudent1.git, testRepositoryUri=http://localhost:49152/git/SHORT62C808EE04ECE040740AF7B0CF3AE5F5BEF2TSTEXC/short62c808ee04ece040740af7b0cf3ae5f5bef2tstexc-tests.git, solutionRepositoryUri=null, auxiliaryRepositoryUris=[Ljava.lang.String;@49fa8253, auxiliaryRepositoryCheckoutDirectories=[Ljava.lang.String;@9bc6d9f], jobTimingInfo=JobTimingInfo[submissionDate=2025-02-14T23:43:25.250749866Z[Etc/UTC], buildStartDate=2025-02-14T23:43:26.820713075Z[Etc/UTC], buildCompletionDate=2025-02-14T23:43:28.304236378Z[Etc/UTC], estimatedCompletionDate=2025-02-14T23:43:45.820704920Z[Etc/UTC], estimatedDuration=19], buildConfig=BuildConfig[buildScript=#!/bin/bash
cd /var/tmp/testing-dir
chmod +x ./gradlew
./gradlew clean test
, dockerImage=dummy-docker-image:latest, commitHashToBuild=993b6f756e3e52a44d0537d4fa3a5d0e0acdbe89, assignmentCommitHash=993b6f756e3e52a44d0537d4fa3a5d0e0acdbe89, testCommitHash=993b6f756e3e52a44d0537d4fa3a5d0e0acdbe89, branch=main, programmingLanguage=JAVA, projectType=null, scaEnabled=false, sequentialTestRunsEnabled=false, resultPaths=[/var/tmp/testing-dir/**/test-results/test/*.xml], timeoutSeconds=0, assignmentCheckoutPath=null, testCheckoutPath=null, solutionCheckoutPath=null, dockerRunConfig=null], submissionResult=ResultDTO[id=145, completionDate=2025-02-14T23:43:28.269051286Z[Etc/UTC], successful=false, score=7.7, rated=true, submission=SubmissionDTO[id=134, submitted=true, type=MANUAL, exampleSubmission=null, submissionDate=2025-02-14T23:43:25.241685Z, commitHash=993b6f756e3e52a44d0537d4fa3a5d0e0acdbe89, buildFailed=false, buildArtifact=false, participation=ParticipationDTO[id=506, testRun=false, type=programming, submissionCount=null, exercise=ParticipationExerciseDTO[id=313, exerciseType=PROGRAMMING, type=programming, assessmentType=AUTOMATIC, dueDate=2025-02-16T23:43:24.986721Z, assessmentDueDate=null, maxPoints=42.0, course=CourseDTO[id=162, accuracyOfScores=1]]], submissionExerciseType=programming, isProcessing=false, buildStartDate=null, estimatedCompletionDate=null], participation=ParticipationDTO[id=506, testRun=false, type=programming, submissionCount=null, exercise=ParticipationExerciseDTO[id=313, exerciseType=PROGRAMMING, type=programming, assessmentType=AUTOMATIC, dueDate=2025-02-16T23:43:24.986721Z, assessmentDueDate=null, maxPoints=42.0, course=CourseDTO[id=162, accuracyOfScores=1]]], feedbacks=[FeedbackDTO[id=199, text=null, detailText=The exercise expects a class with the name Context in the package testpackage. You did not implement the class in the exercise., hasLongFeedbackText=false, reference=null, credits=0.0, positive=false, type=AUTOMATIC, visibility=ALWAYS, testCase=TestCaseDTO[testName=null, id=208]], FeedbackDTO[id=200, text=null, detailText=The exercise expects a class with the name Policy in the package testpackage. You did not implement the class in the exercise., hasLongFeedbackText=false, reference=null, credits=0.0, positive=false, type=AUTOMATIC, visibility=ALWAYS, testCase=TestCaseDTO[testName=null, id=209]], FeedbackDTO[id=201, text=null, detailText=The exercise expects a class with the name SortStrategy in the package testpackage. You did not implement the class in the exercise., hasLongFeedbackText=false, reference=null, credits=0.0, positive=false, type=AUTOMATIC, visibility=ALWAYS, testCase=TestCaseDTO[testName=null, id=210]], FeedbackDTO[id=202, text=null, detailText=The class 'MergeSort' does not implement the interface 'SortStrategy' as expected. Implement the interface and its methods., hasLongFeedbackText=false, reference=null, credits=0.0, positive=false, type=AUTOMATIC, visibility=ALWAYS, testCase=TestCaseDTO[testName=null, id=205]], FeedbackDTO[id=203, text=null, detailText=The exercise expects a class with the name SortStrategy in the package testpackage. You did not implement the class in the exercise., hasLongFeedbackText=false, reference=null, credits=0.0, positive=false, type=AUTOMATIC, visibility=ALWAYS, testCase=TestCaseDTO[testName=null, id=202]], FeedbackDTO[id=204, text=null, detailText=The class 'BubbleSort' does not implement the interface 'SortStrategy' as expected. Implement the interface and its methods., hasLongFeedbackText=false, reference=null, credits=0.0, positive=false, type=AUTOMATIC, visibility=ALWAYS, testCase=TestCaseDTO[testName=null, id=206]], FeedbackDTO[id=205, text=null, detailText=MergeSort does not sort correctly, hasLongFeedbackText=false, reference=null, credits=0.0, positive=false, type=AUTOMATIC, visibility=ALWAYS, testCase=TestCaseDTO[testName=null, id=211]], FeedbackDTO[id=206, text=null, detailText=The class 'Context' was not found within the submission. Make sure to implement it properly., hasLongFeedbackText=false, reference=null, credits=0.0, positive=false, type=AUTOMATIC, visibility=ALWAYS, testCase=TestCaseDTO[testName=null, id=212]], FeedbackDTO[id=207, text=null, detailText=The class 'Context' was not found within the submission. Make sure to implement it properly., hasLongFeedbackText=false, reference=null, credits=0.0, positive=false, type=AUTOMATIC, visibility=ALWAYS, testCase=TestCaseDTO[testName=null, id=213]], FeedbackDTO[id=208, text=null, detailText=The exercise expects a class with the name Policy in the package testpackage. You did not implement the class in the exercise., hasLongFeedbackText=false, reference=null, credits=0.0, positive=false, type=AUTOMATIC, visibility=ALWAYS, testCase=TestCaseDTO[testName=null, id=207]], FeedbackDTO[id=209, text=null, detailText=The exercise expects a class with the name Context in the package testpackage. You did not implement the class in the exercise., hasLongFeedbackText=false, reference=null, credits=0.0, positive=false, type=AUTOMATIC, visibility=ALWAYS, testCase=TestCaseDTO[testName=null, id=203]], FeedbackDTO[id=210, text=null, detailText=The exercise expects a class with the name Policy in the package testpackage. You did not implement the class in the exercise., hasLongFeedbackText=false, reference=null, credits=0.0, positive=false, type=AUTOMATIC, visibility=ALWAYS, testCase=TestCaseDTO[testName=null, id=204]], FeedbackDTO[id=211, text=null, detailText=null, hasLongFeedbackText=false, reference=null, credits=3.230769230769231, positive=true, type=AUTOMATIC, visibility=ALWAYS, testCase=TestCaseDTO[testName=null, id=214]]], assessmentType=AUTOMATIC, hasComplaint=null, exampleResult=null, testCaseCount=13, passedTestCaseCount=1, codeIssueCount=0]]], publicSshKey=ssh-rsa AAAAB3NzaC1yc2EAAAADAQABAAACAQCOPdMsxRE2jFJ/UEa5/LsBxtwzJcrh3/rYBCQvcMeVpiRfhzQPWu7mrt/G2Ew+i+vRloGH9aqKg6dd1liRncao53Zmd/ePxoatXePNhmzTfkCkcSkTUz7B+QMjkoDDV5jwuFPD6mF3JkhuzSi64n9Zy905t4w2IhVcjM2mL3eYNjiCXt6Qpq3Pkt7dM/Ksw1nxnvuiIALuJLB3FTkXkHqq3PJav+9HSq2r6ZaWgekneaGxlQlb+U+Vy3XOuArKAzK8c8i+0bR+AHiTG6ncYXt7ax3U+TdlDTF7OLP3umwaYjs1NBXOHwG42pevvpKn2fqavZZozk+M05jXLx3bq0O7itxfErWc7etky8qYPyyIMF/txQIVLd78+Ze4d7Y60t5MGbXM5cGE6fFif5fEJwgswXD+BrG0cafz1CTatjSKFdvp8Vp4VszXhHDan1PrP6JEFJ5Cc5GDmLRZPCFa3vL9f5qXgf4bkqKN8MYeEujwJE5nMRWoiJVNakix2bcrrneQMBlnYeYZVWXXXUusAQBzl4NgddC1umZpihZkL1b1MffZAUW3EGEXi7KHnllQhkTLLsQ8ntMgbylqaJKStqaXlLvdeRJcEnUuiFCrHEVVbXRFZR7XVDZ02CE5o3MuaRPty8Kh+jRTF3COlAckHwYEJCNNJvXFgb2CNXL4mjzYDw== test@localhost]
    23:43:28.394 | 566 localvc.event-13 | DEBUG | s.l.LocalCIWebsocketMessagingService : Sending message on topic /topic/admin/build-agents: [BuildAgentInformation[buildAgent=BuildAgentDTO[name=artemis-build-agent-test, memberAddress=[127.0.0.1]:5703, displayName=artemis-build-agent-test], maxNumberOfConcurrentBuildJobs=1, numberOfCurrentBuildJobs=0, runningBuildJobs=[], status=IDLE, recentBuildJobs=null, publicSshKey=null]]
    23:43:28.396 | 566 localvc.event-13 | DEBUG | s.l.LocalCIWebsocketMessagingService : Sending message on topic /topic/admin/build-agent/artemis-build-agent-test: BuildAgentInformation[buildAgent=BuildAgentDTO[name=artemis-build-agent-test, memberAddress=[127.0.0.1]:5703, displayName=artemis-build-agent-test], maxNumberOfConcurrentBuildJobs=1, numberOfCurrentBuildJobs=0, runningBuildJobs=[], status=IDLE, recentBuildJobs=[BuildJobQueueItem[id=4621739576562326, name=SHORT43ACF76B02BC1044B80938509D14043FABDETSTEXC-LOCALCIINTSTUDENT1, buildAgent=BuildAgentDTO[name=artemis-build-agent-test, memberAddress=[127.0.0.1]:5703, displayName=artemis-build-agent-test], participationId=462, courseId=147, exerciseId=298, retryCount=0, priority=2, status=SUCCESSFUL, repositoryInfo=RepositoryInfo[repositoryName=short43acf76b02bc1044b80938509d14043fabdetstexc-localciintstudent1, repositoryType=user, triggeredByPushTo=user, assignmentRepositoryUri=http://localhost:49152/git/SHORT43ACF76B02BC1044B80938509D14043FABDETSTEXC/short43acf76b02bc1044b80938509d14043fabdetstexc-localciintstudent1.git, testRepositoryUri=http://localhost:49152/git/SHORT43ACF76B02BC1044B80938509D14043FABDETSTEXC/short43acf76b02bc1044b80938509d14043fabdetstexc-tests.git, solutionRepositoryUri=null, auxiliaryRepositoryUris=[Ljava.lang.String;@6390662c, auxiliaryRepositoryCheckoutDirectories=[Ljava.lang.String;@92a2f54], jobTimingInfo=JobTimingInfo[submissionDate=2025-02-14T23:42:42.326978596Z[Etc/UTC], buildStartDate=2025-02-14T23:42:42.420147010Z[Etc/UTC], buildCompletionDate=2025-02-14T23:42:45.573855829Z[Etc/UTC], estimatedCompletionDate=2025-02-14T23:43:01.420129377Z[Etc/UTC], estimatedDuration=19], buildConfig=BuildConfig[buildScript=#!/bin/bash
cd /var/tmp/testing-dir
chmod +x ./gradlew
./gradlew clean test
, dockerImage=dummy-docker-image:latest, commitHashToBuild=a9c717ccf7bcbe9531d3eee21dbaeb5aab2ff971, assignmentCommitHash=a9c717ccf7bcbe9531d3eee21dbaeb5aab2ff971, testCommitHash=a9c717ccf7bcbe9531d3eee21dbaeb5aab2ff971, branch=main, programmingLanguage=JAVA, projectType=PLAIN_GRADLE, scaEnabled=false, sequentialTestRunsEnabled=false, resultPaths=[/var/tmp/testing-dir/**/test-results/test/*.xml], timeoutSeconds=0, assignmentCheckoutPath=null, testCheckoutPath=null, solutionCheckoutPath=null, dockerRunConfig=DockerRunConfig[isNetworkDisabled=true, env=[key=value]]], submissionResult=ResultDTO[id=132, completionDate=2025-02-14T23:42:45.519869118Z[Etc/UTC], successful=false, score=7.7, rated=true, submission=SubmissionDTO[id=119, submitted=true, type=MANUAL, exampleSubmission=null, submissionDate=2025-02-14T23:42:42.302762Z, commitHash=a9c717ccf7bcbe9531d3eee21dbaeb5aab2ff971, buildFailed=false, buildArtifact=false, participation=ParticipationDTO[id=462, testRun=false, type=programming, submissionCount=null, exercise=ParticipationExerciseDTO[id=298, exerciseType=PROGRAMMING, type=programming, assessmentType=AUTOMATIC, dueDate=2025-02-16T23:42:41.553955Z, assessmentDueDate=null, maxPoints=42.0, course=CourseDTO[id=147, accuracyOfScores=1]]], submissionExerciseType=programming, isProcessing=false, buildStartDate=null, estimatedCompletionDate=null], participation=ParticipationDTO[id=462, testRun=false, type=programming, submissionCount=null, exercise=ParticipationExerciseDTO[id=298, exerciseType=PROGRAMMING, type=programming, assessmentType=AUTOMATIC, dueDate=2025-02-16T23:42:41.553955Z, assessmentDueDate=null, maxPoints=42.0, course=CourseDTO[id=147, accuracyOfScores=1]]], feedbacks=[FeedbackDTO[id=67, text=null, detailText=The exercise expects a class with the name Context in the package testpackage. You did not implement the class in the exercise., hasLongFeedbackText=false, reference=null, credits=0.0, positive=false, type=AUTOMATIC, visibility=ALWAYS, testCase=TestCaseDTO[testName=null, id=13]], FeedbackDTO[id=68, text=null, detailText=The exercise expects a class with the name Policy in the package testpackage. You did not implement the class in the exercise., hasLongFeedbackText=false, reference=null, credits=0.0, positive=false, type=AUTOMATIC, visibility=ALWAYS, testCase=TestCaseDTO[testName=null, id=14]], FeedbackDTO[id=69, text=null, detailText=The exercise expects a class with the name SortStrategy in the package testpackage. You did not implement the class in the exercise., hasLongFeedbackText=false, reference=null, credits=0.0, positive=false, type=AUTOMATIC, visibility=ALWAYS, testCase=TestCaseDTO[testName=null, id=15]], FeedbackDTO[id=70, text=null, detailText=The class 'MergeSort' does not implement the interface 'SortStrategy' as expected. Implement the interface and its methods., hasLongFeedbackText=false, reference=null, credits=0.0, positive=false, type=AUTOMATIC, visibility=ALWAYS, testCase=TestCaseDTO[testName=null, id=10]], FeedbackDTO[id=71, text=null, detailText=The exercise expects a class with the name SortStrategy in the package testpackage. You did not implement the class in the exercise., hasLongFeedbackText=false, reference=null, credits=0.0, positive=false, type=AUTOMATIC, visibility=ALWAYS, testCase=TestCaseDTO[testName=null, id=7]], FeedbackDTO[id=72, text=null, detailText=The class 'BubbleSort' does not implement the interface 'SortStrategy' as expected. Implement the interface and its methods., hasLongFeedbackText=false, reference=null, credits=0.0, positive=false, type=AUTOMATIC, visibility=ALWAYS, testCase=TestCaseDTO[testName=null, id=11]], FeedbackDTO[id=73, text=null, detailText=MergeSort does not sort correctly, hasLongFeedbackText=false, reference=null, credits=0.0, positive=false, type=AUTOMATIC, visibility=ALWAYS, testCase=TestCaseDTO[testName=null, id=16]], FeedbackDTO[id=74, text=null, detailText=The class 'Context' was not found within the submission. Make sure to implement it properly., hasLongFeedbackText=false, reference=null, credits=0.0, positive=false, type=AUTOMATIC, visibility=ALWAYS, testCase=TestCaseDTO[testName=null, id=17]], FeedbackDTO[id=75, text=null, detailText=The class 'Context' was not found within the submission. Make sure to implement it properly., hasLongFeedbackText=false, reference=null, credits=0.0, positive=false, type=AUTOMATIC, visibility=ALWAYS, testCase=TestCaseDTO[testName=null, id=18]], FeedbackDTO[id=76, text=null, detailText=The exercise expects a class with the name Policy in the package testpackage. You did not implement the class in the exercise., hasLongFeedbackText=false, reference=null, credits=0.0, positive=false, type=AUTOMATIC, visibility=ALWAYS, testCase=TestCaseDTO[testName=null, id=12]], FeedbackDTO[id=77, text=null, detailText=The exercise expects a class with the name Context in the package testpackage. You did not implement the class in the exercise., hasLongFeedbackText=false, reference=null, credits=0.0, positive=false, type=AUTOMATIC, visibility=ALWAYS, testCase=TestCaseDTO[testName=null, id=8]], FeedbackDTO[id=78, text=null, detailText=The exercise expects a class with the name Policy in the package testpackage. You did not implement the class in the exercise., hasLongFeedbackText=false, reference=null, credits=0.0, positive=false, type=AUTOMATIC, visibility=ALWAYS, testCase=TestCaseDTO[testName=null, id=9]], FeedbackDTO[id=79, text=null, detailText=null, hasLongFeedbackText=false, reference=null, credits=3.230769230769231, positive=true, type=AUTOMATIC, visibility=ALWAYS, testCase=TestCaseDTO[testName=null, id=19]]], assessmentType=AUTOMATIC, hasComplaint=null, exampleResult=null, testCaseCount=13, passedTestCaseCount=1, codeIssueCount=0]], BuildJobQueueItem[id=4651739576569330, name=SHORTB06DD3F905F4604F6E085260D83ED657A6DFTSTEXC-LOCALCIINTSTUDENT1, buildAgent=BuildAgentDTO[name=artemis-build-agent-test, memberAddress=[127.0.0.1]:5703, displayName=artemis-build-agent-test], participationId=465, courseId=148, exerciseId=299, retryCount=0, priority=2, status=SUCCESSFUL, repositoryInfo=RepositoryInfo[repositoryName=shortb06dd3f905f4604f6e085260d83ed657a6dftstexc-localciintstudent1, repositoryType=user, triggeredByPushTo=user, assignmentRepositoryUri=http://localhost:49152/git/SHORTB06DD3F905F4604F6E085260D83ED657A6DFTSTEXC/shortb06dd3f905f4604f6e085260d83ed657a6dftstexc-localciintstudent1.git, testRepositoryUri=http://localhost:49152/git/SHORTB06DD3F905F4604F6E085260D83ED657A6DFTSTEXC/shortb06dd3f905f4604f6e085260d83ed657a6dftstexc-tests.git, solutionRepositoryUri=null, auxiliaryRepositoryUris=[Ljava.lang.String;@2503b577, auxiliaryRepositoryCheckoutDirectories=[Ljava.lang.String;@77e9daad], jobTimingInfo=JobTimingInfo[submissionDate=2025-02-14T23:42:49.330093960Z[Etc/UTC], buildStartDate=2025-02-14T23:42:49.347797345Z[Etc/UTC], buildCompletionDate=2025-02-14T23:42:51.204319751Z[Etc/UTC], estimatedCompletionDate=2025-02-14T23:43:08.347788449Z[Etc/UTC], estimatedDuration=19], buildConfig=BuildConfig[buildScript=#!/bin/bash
cd /var/tmp/testing-dir
chmod +x ./gradlew
./gradlew clean test
, dockerImage=dummy-docker-image:latest, commitHashToBuild=41581fff25954d36cf07586926ee0c77d1003131, assignmentCommitHash=41581fff25954d36cf07586926ee0c77d1003131, testCommitHash=41581fff25954d36cf07586926ee0c77d1003131, branch=main, programmingLanguage=JAVA, projectType=PLAIN_GRADLE, scaEnabled=false, sequentialTestRunsEnabled=false, resultPaths=[/var/tmp/testing-dir/**/test-results/test/*.xml], timeoutSeconds=0, assignmentCheckoutPath=null, testCheckoutPath=null, solutionCheckoutPath=null, dockerRunConfig=null], submissionResult=ResultDTO[id=133, completionDate=2025-02-14T23:42:51.155372920Z[Etc/UTC], successful=false, score=7.7, rated=true, submission=SubmissionDTO[id=120, submitted=true, type=MANUAL, exampleSubmission=null, submissionDate=2025-02-14T23:42:49.321855Z, commitHash=41581fff25954d36cf07586926ee0c77d1003131, buildFailed=false, buildArtifact=false, participation=ParticipationDTO[id=465, testRun=false, type=programming, submissionCount=null, exercise=ParticipationExerciseDTO[id=299, exerciseType=PROGRAMMING, type=programming, assessmentType=AUTOMATIC, dueDate=2025-02-16T23:42:49.163661Z, assessmentDueDate=null, maxPoints=42.0, course=CourseDTO[id=148, accuracyOfScores=1]]], submissionExerciseType=programming, isProcessing=false, buildStartDate=null, estimatedCompletionDate=null], participation=ParticipationDTO[id=465, testRun=false, type=programming, submissionCount=null, exercise=ParticipationExerciseDTO[id=299, exerciseType=PROGRAMMING, type=programming, assessmentType=AUTOMATIC, dueDate=2025-02-16T23:42:49.163661Z, assessmentDueDate=null, maxPoints=42.0, course=CourseDTO[id=148, accuracyOfScores=1]]], feedbacks=[FeedbackDTO[id=80, text=null, detailText=The exercise expects a class with the name Context in the package testpackage. You did not implement the class in the exercise., hasLongFeedbackText=false, reference=null, credits=0.0, positive=false, type=AUTOMATIC, visibility=ALWAYS, testCase=TestCaseDTO[testName=null, id=26]], FeedbackDTO[id=81, text=null, detailText=The exercise expects a class with the name Policy in the package testpackage. You did not implement the class in the exercise., hasLongFeedbackText=false, reference=null, credits=0.0, positive=false, type=AUTOMATIC, visibility=ALWAYS, testCase=TestCaseDTO[testName=null, id=27]], FeedbackDTO[id=82, text=null, detailText=The exercise expects a class with the name SortStrategy in the package testpackage. You did not implement the class in the exercise., hasLongFeedbackText=false, reference=null, credits=0.0, positive=false, type=AUTOMATIC, visibility=ALWAYS, testCase=TestCaseDTO[testName=null, id=28]], FeedbackDTO[id=83, text=null, detailText=The class 'MergeSort' does not implement the interface 'SortStrategy' as expected. Implement the interface and its methods., hasLongFeedbackText=false, reference=null, credits=0.0, positive=false, type=AUTOMATIC, visibility=ALWAYS, testCase=TestCaseDTO[testName=null, id=23]], FeedbackDTO[id=84, text=null, detailText=The exercise expects a class with the name SortStrategy in the package testpackage. You did not implement the class in the exercise., hasLongFeedbackText=false, reference=null, credits=0.0, positive=false, type=AUTOMATIC, visibility=ALWAYS, testCase=TestCaseDTO[testName=null, id=20]], FeedbackDTO[id=85, text=null, detailText=The class 'BubbleSort' does not implement the interface 'SortStrategy' as expected. Implement the interface and its methods., hasLongFeedbackText=false, reference=null, credits=0.0, positive=false, type=AUTOMATIC, visibility=ALWAYS, testCase=TestCaseDTO[testName=null, id=24]], FeedbackDTO[id=86, text=null, detailText=MergeSort does not sort correctly, hasLongFeedbackText=false, reference=null, credits=0.0, positive=false, type=AUTOMATIC, visibility=ALWAYS, testCase=TestCaseDTO[testName=null, id=29]], FeedbackDTO[id=87, text=null, detailText=The class 'Context' was not found within the submission. Make sure to implement it properly., hasLongFeedbackText=false, reference=null, credits=0.0, positive=false, type=AUTOMATIC, visibility=ALWAYS, testCase=TestCaseDTO[testName=null, id=30]], FeedbackDTO[id=88, text=null, detailText=The class 'Context' was not found within the submission. Make sure to implement it properly., hasLongFeedbackText=false, reference=null, credits=0.0, positive=false, type=AUTOMATIC, visibility=ALWAYS, testCase=TestCaseDTO[testName=null, id=31]], FeedbackDTO[id=89, text=null, detailText=The exercise expects a class with the name Policy in the package testpackage. You did not implement the class in the exercise., hasLongFeedbackText=false, reference=null, credits=0.0, positive=false, type=AUTOMATIC, visibility=ALWAYS, testCase=TestCaseDTO[testName=null, id=25]], FeedbackDTO[id=90, text=null, detailText=The exercise expects a class with the name Context in the package testpackage. You did not implement the class in the exercise., hasLongFeedbackText=false, reference=null, credits=0.0, positive=false, type=AUTOMATIC, visibility=ALWAYS, testCase=TestCaseDTO[testName=null, id=21]], FeedbackDTO[id=91, text=null, detailText=The exercise expects a class with the name Policy in the package testpackage. You did not implement the class in the exercise., hasLongFeedbackText=false, reference=null, credits=0.0, positive=false, type=AUTOMATIC, visibility=ALWAYS, testCase=TestCaseDTO[testName=null, id=22]], FeedbackDTO[id=92, text=null, detailText=null, hasLongFeedbackText=false, reference=null, credits=3.230769230769231, positive=true, type=AUTOMATIC, visibility=ALWAYS, testCase=TestCaseDTO[testName=null, id=32]]], assessmentType=AUTOMATIC, hasComplaint=null, exampleResult=null, testCaseCount=13, passedTestCaseCount=1, codeIssueCount=0]], BuildJobQueueItem[id=4681739576573068, name=SHORTBCF65534040390488B0A46605F5F3776B89ATSTEXC-LOCALCIINTSTUDENT1, buildAgent=BuildAgentDTO[name=artemis-build-agent-test, memberAddress=[127.0.0.1]:5703, displayName=artemis-build-agent-test], participationId=468, courseId=149, exerciseId=300, retryCount=0, priority=2, status=SUCCESSFUL, repositoryInfo=RepositoryInfo[repositoryName=shortbcf65534040390488b0a46605f5f3776b89atstexc-localciintstudent1, repositoryType=user, triggeredByPushTo=user, assignmentRepositoryUri=http://localhost:49152/git/SHORTBCF65534040390488B0A46605F5F3776B89ATSTEXC/shortbcf65534040390488b0a46605f5f3776b89atstexc-localciintstudent1.git, testRepositoryUri=http://localhost:49152/git/SHORTBCF65534040390488B0A46605F5F3776B89ATSTEXC/shortbcf65534040390488b0a46605f5f3776b89atstexc-tests.git, solutionRepositoryUri=null, auxiliaryRepositoryUris=[Ljava.lang.String;@17a8737a, auxiliaryRepositoryCheckoutDirectories=[Ljava.lang.String;@4fa0be54], jobTimingInfo=JobTimingInfo[submissionDate=2025-02-14T23:42:53.068019209Z[Etc/UTC], buildStartDate=2025-02-14T23:42:53.092867394Z[Etc/UTC], buildCompletionDate=2025-02-14T23:42:55.086950323Z[Etc/UTC], estimatedCompletionDate=2025-02-14T23:43:12.092858828Z[Etc/UTC], estimatedDuration=19], buildConfig=BuildConfig[buildScript=#!/bin/bash
cd /var/tmp/testing-dir
chmod +x ./gradlew
./gradlew clean test
, dockerImage=dummy-docker-image:latest, commitHashToBuild=2d5c0482fc77d3f5ec0841962528a43054e83170, assignmentCommitHash=2d5c0482fc77d3f5ec0841962528a43054e83170, testCommitHash=7477e25d56ce5fee2c938542a7e7ed4ed085d373, branch=main, programmingLanguage=JAVA, projectType=PLAIN_GRADLE, scaEnabled=false, sequentialTestRunsEnabled=false, resultPaths=[/var/tmp/testing-dir/**/test-results/test/*.xml], timeoutSeconds=0, assignmentCheckoutPath=null, testCheckoutPath=null, solutionCheckoutPath=null, dockerRunConfig=null], submissionResult=ResultDTO[id=134, completionDate=2025-02-14T23:42:55.059618627Z[Etc/UTC], successful=false, score=7.7, rated=true, submission=SubmissionDTO[id=121, submitted=true, type=MANUAL, exampleSubmission=null, submissionDate=2025-02-14T23:42:53.048221Z, commitHash=2d5c0482fc77d3f5ec0841962528a43054e83170, buildFailed=false, buildArtifact=false, participation=ParticipationDTO[id=468, testRun=false, type=programming, submissionCount=null, exercise=ParticipationExerciseDTO[id=300, exerciseType=PROGRAMMING, type=programming, assessmentType=AUTOMATIC, dueDate=2025-02-16T23:42:52.873722Z, assessmentDueDate=null, maxPoints=42.0, course=CourseDTO[id=149, accuracyOfScores=1]]], submissionExerciseType=programming, isProcessing=false, buildStartDate=null, estimatedCompletionDate=null], participation=ParticipationDTO[id=468, testRun=false, type=programming, submissionCount=null, exercise=ParticipationExerciseDTO[id=300, exerciseType=PROGRAMMING, type=programming, assessmentType=AUTOMATIC, dueDate=2025-02-16T23:42:52.873722Z, assessmentDueDate=null, maxPoints=42.0, course=CourseDTO[id=149, accuracyOfScores=1]]], feedbacks=[FeedbackDTO[id=93, text=null, detailText=The exercise expects a class with the name Context in the package testpackage. You did not implement the class in the exercise., hasLongFeedbackText=false, reference=null, credits=0.0, positive=false, type=AUTOMATIC, visibility=ALWAYS, testCase=TestCaseDTO[testName=null, id=39]], FeedbackDTO[id=94, text=null, detailText=The exercise expects a class with the name Policy in the package testpackage. You did not implement the class in the exercise., hasLongFeedbackText=false, reference=null, credits=0.0, positive=false, type=AUTOMATIC, visibility=ALWAYS, testCase=TestCaseDTO[testName=null, id=40]], FeedbackDTO[id=95, text=null, detailText=The exercise expects a class with the name SortStrategy in the package testpackage. You did not implement the class in the exercise., hasLongFeedbackText=false, reference=null, credits=0.0, positive=false, type=AUTOMATIC, visibility=ALWAYS, testCase=TestCaseDTO[testName=null, id=41]], FeedbackDTO[id=96, text=null, detailText=The class 'MergeSort' does not implement the interface 'SortStrategy' as expected. Implement the interface and its methods., hasLongFeedbackText=false, reference=null, credits=0.0, positive=false, type=AUTOMATIC, visibility=ALWAYS, testCase=TestCaseDTO[testName=null, id=36]], FeedbackDTO[id=97, text=null, detailText=The exercise expects a class with the name SortStrategy in the package testpackage. You did not implement the class in the exercise., hasLongFeedbackText=false, reference=null, credits=0.0, positive=false, type=AUTOMATIC, visibility=ALWAYS, testCase=TestCaseDTO[testName=null, id=33]], FeedbackDTO[id=98, text=null, detailText=The class 'BubbleSort' does not implement the interface 'SortStrategy' as expected. Implement the interface and its methods., hasLongFeedbackText=false, reference=null, credits=0.0, positive=false, type=AUTOMATIC, visibility=ALWAYS, testCase=TestCaseDTO[testName=null, id=37]], FeedbackDTO[id=99, text=null, detailText=MergeSort does not sort correctly, hasLongFeedbackText=false, reference=null, credits=0.0, positive=false, type=AUTOMATIC, visibility=ALWAYS, testCase=TestCaseDTO[testName=null, id=42]], FeedbackDTO[id=100, text=null, detailText=The class 'Context' was not found within the submission. Make sure to implement it properly., hasLongFeedbackText=false, reference=null, credits=0.0, positive=false, type=AUTOMATIC, visibility=ALWAYS, testCase=TestCaseDTO[testName=null, id=43]], FeedbackDTO[id=101, text=null, detailText=The class 'Context' was not found within the submission. Make sure to implement it properly., hasLongFeedbackText=false, reference=null, credits=0.0, positive=false, type=AUTOMATIC, visibility=ALWAYS, testCase=TestCaseDTO[testName=null, id=44]], FeedbackDTO[id=102, text=null, detailText=The exercise expects a class with the name Policy in the package testpackage. You did not implement the class in the exercise., hasLongFeedbackText=false, reference=null, credits=0.0, positive=false, type=AUTOMATIC, visibility=ALWAYS, testCase=TestCaseDTO[testName=null, id=38]], FeedbackDTO[id=103, text=null, detailText=The exercise expects a class with the name Context in the package testpackage. You did not implement the class in the exercise., hasLongFeedbackText=false, reference=null, credits=0.0, positive=false, type=AUTOMATIC, visibility=ALWAYS, testCase=TestCaseDTO[testName=null, id=34]], FeedbackDTO[id=104, text=null, detailText=The exercise expects a class with the name Policy in the package testpackage. You did not implement the class in the exercise., hasLongFeedbackText=false, reference=null, credits=0.0, positive=false, type=AUTOMATIC, visibility=ALWAYS, testCase=TestCaseDTO[testName=null, id=35]], FeedbackDTO[id=105, text=null, detailText=null, hasLongFeedbackText=false, reference=null, credits=3.230769230769231, positive=true, type=AUTOMATIC, visibility=ALWAYS, testCase=TestCaseDTO[testName=null, id=45]]], assessmentType=AUTOMATIC, hasComplaint=null, exampleResult=null, testCaseCount=13, passedTestCaseCount=1, codeIssueCount=0]], BuildJobQueueItem[id=4741739576577297, name=SHORT88A9A223023E2047B709E4A029FA08BCF2CFTSTEXC-LOCALCIINTSTUDENT1, buildAgent=BuildAgentDTO[name=artemis-build-agent-test, memberAddress=[127.0.0.1]:5703, displayName=artemis-build-agent-test], participationId=474, courseId=151, exerciseId=302, retryCount=0, priority=2, status=SUCCESSFUL, repositoryInfo=RepositoryInfo[repositoryName=short88a9a223023e2047b709e4a029fa08bcf2cftstexc-localciintstudent1, repositoryType=user, triggeredByPushTo=user, assignmentRepositoryUri=http://localhost:49152/git/SHORT88A9A223023E2047B709E4A029FA08BCF2CFTSTEXC/short88a9a223023e2047b709e4a029fa08bcf2cftstexc-localciintstudent1.git, testRepositoryUri=http://localhost:49152/git/SHORT88A9A223023E2047B709E4A029FA08BCF2CFTSTEXC/short88a9a223023e2047b709e4a029fa08bcf2cftstexc-tests.git, solutionRepositoryUri=null, auxiliaryRepositoryUris=[Ljava.lang.String;@773002da, auxiliaryRepositoryCheckoutDirectories=[Ljava.lang.String;@4e359223], jobTimingInfo=JobTimingInfo[submissionDate=2025-02-14T23:42:57.297342281Z[Etc/UTC], buildStartDate=2025-02-14T23:42:57.308570327Z[Etc/UTC], buildCompletionDate=2025-02-14T23:42:59.047616654Z[Etc/UTC], estimatedCompletionDate=2025-02-14T23:43:16.308558064Z[Etc/UTC], estimatedDuration=19], buildConfig=BuildConfig[buildScript=#!/bin/bash
cd /var/tmp/testing-dir
chmod +x ./gradlew
./gradlew clean test
, dockerImage=dummy-docker-image:latest, commitHashToBuild=736cbea1e46d6849b41266b2bf1cccd3b9ea55b1, assignmentCommitHash=736cbea1e46d6849b41266b2bf1cccd3b9ea55b1, testCommitHash=ea6267edd396a304305339b036512b63e0374c66, branch=main, programmingLanguage=JAVA, projectType=PLAIN_GRADLE, scaEnabled=false, sequentialTestRunsEnabled=false, resultPaths=[/var/tmp/testing-dir/**/test-results/test/*.xml], timeoutSeconds=0, assignmentCheckoutPath=null, testCheckoutPath=null, solutionCheckoutPath=null, dockerRunConfig=null], submissionResult=ResultDTO[id=135, completionDate=2025-02-14T23:42:59.014168821Z[Etc/UTC], successful=false, score=7.7, rated=true, submission=SubmissionDTO[id=123, submitted=true, type=MANUAL, exampleSubmission=null, submissionDate=2025-02-14T23:42:57.278471Z, commitHash=736cbea1e46d6849b41266b2bf1cccd3b9ea55b1, buildFailed=false, buildArtifact=false, participation=ParticipationDTO[id=474, testRun=false, type=programming, submissionCount=null, exercise=ParticipationExerciseDTO[id=302, exerciseType=PROGRAMMING, type=programming, assessmentType=AUTOMATIC, dueDate=2025-02-16T23:42:56.796251Z, assessmentDueDate=null, maxPoints=42.0, course=CourseDTO[id=151, accuracyOfScores=1]]], submissionExerciseType=programming, isProcessing=false, buildStartDate=null, estimatedCompletionDate=null], participation=ParticipationDTO[id=474, testRun=false, type=programming, submissionCount=null, exercise=ParticipationExerciseDTO[id=302, exerciseType=PROGRAMMING, type=programming, assessmentType=AUTOMATIC, dueDate=2025-02-16T23:42:56.796251Z, assessmentDueDate=null, maxPoints=42.0, course=CourseDTO[id=151, accuracyOfScores=1]]], feedbacks=[FeedbackDTO[id=106, text=null, detailText=The exercise expects a class with the name Context in the package testpackage. You did not implement the class in the exercise., hasLongFeedbackText=false, reference=null, credits=0.0, positive=false, type=AUTOMATIC, visibility=ALWAYS, testCase=TestCaseDTO[testName=null, id=65]], FeedbackDTO[id=107, text=null, detailText=The exercise expects a class with the name Policy in the package testpackage. You did not implement the class in the exercise., hasLongFeedbackText=false, reference=null, credits=0.0, positive=false, type=AUTOMATIC, visibility=ALWAYS, testCase=TestCaseDTO[testName=null, id=66]], FeedbackDTO[id=108, text=null, detailText=The exercise expects a class with the name SortStrategy in the package testpackage. You did not implement the class in the exercise., hasLongFeedbackText=false, reference=null, credits=0.0, positive=false, type=AUTOMATIC, visibility=ALWAYS, testCase=TestCaseDTO[testName=null, id=67]], FeedbackDTO[id=109, text=null, detailText=The class 'MergeSort' does not implement the interface 'SortStrategy' as expected. Implement the interface and its methods., hasLongFeedbackText=false, reference=null, credits=0.0, positive=false, type=AUTOMATIC, visibility=ALWAYS, testCase=TestCaseDTO[testName=null, id=62]], FeedbackDTO[id=110, text=null, detailText=The exercise expects a class with the name SortStrategy in the package testpackage. You did not implement the class in the exercise., hasLongFeedbackText=false, reference=null, credits=0.0, positive=false, type=AUTOMATIC, visibility=ALWAYS, testCase=TestCaseDTO[testName=null, id=59]], FeedbackDTO[id=111, text=null, detailText=The class 'BubbleSort' does not implement the interface 'SortStrategy' as expected. Implement the interface and its methods., hasLongFeedbackText=false, reference=null, credits=0.0, positive=false, type=AUTOMATIC, visibility=ALWAYS, testCase=TestCaseDTO[testName=null, id=63]], FeedbackDTO[id=112, text=null, detailText=MergeSort does not sort correctly, hasLongFeedbackText=false, reference=null, credits=0.0, positive=false, type=AUTOMATIC, visibility=ALWAYS, testCase=TestCaseDTO[testName=null, id=68]], FeedbackDTO[id=113, text=null, detailText=The class 'Context' was not found within the submission. Make sure to implement it properly., hasLongFeedbackText=false, reference=null, credits=0.0, positive=false, type=AUTOMATIC, visibility=ALWAYS, testCase=TestCaseDTO[testName=null, id=69]], FeedbackDTO[id=114, text=null, detailText=The class 'Context' was not found within the submission. Make sure to implement it properly., hasLongFeedbackText=false, reference=null, credits=0.0, positive=false, type=AUTOMATIC, visibility=ALWAYS, testCase=TestCaseDTO[testName=null, id=70]], FeedbackDTO[id=115, text=null, detailText=The exercise expects a class with the name Policy in the package testpackage. You did not implement the class in the exercise., hasLongFeedbackText=false, reference=null, credits=0.0, positive=false, type=AUTOMATIC, visibility=ALWAYS, testCase=TestCaseDTO[testName=null, id=64]], FeedbackDTO[id=116, text=null, detailText=The exercise expects a class with the name Context in the package testpackage. You did not implement the class in the exercise., hasLongFeedbackText=false, reference=null, credits=0.0, positive=false, type=AUTOMATIC, visibility=ALWAYS, testCase=TestCaseDTO[testName=null, id=60]], FeedbackDTO[id=117, text=null, detailText=The exercise expects a class with the name Policy in the package testpackage. You did not implement the class in the exercise., hasLongFeedbackText=false, reference=null, credits=0.0, positive=false, type=AUTOMATIC, visibility=ALWAYS, testCase=TestCaseDTO[testName=null, id=61]], FeedbackDTO[id=118, text=null, detailText=null, hasLongFeedbackText=false, reference=null, credits=3.230769230769231, positive=true, type=AUTOMATIC, visibility=ALWAYS, testCase=TestCaseDTO[testName=null, id=71]]], assessmentType=AUTOMATIC, hasComplaint=null, exampleResult=null, testCaseCount=13, passedTestCaseCount=1, codeIssueCount=0]], BuildJobQueueItem[id=4771739576580898, name=SHORT51E611E30D6B60466F0B8BA0AA97F58888C2TSTEXC-LOCALCIINTSTUDENT1, buildAgent=BuildAgentDTO[name=artemis-build-agent-test, memberAddress=[127.0.0.1]:5703, displayName=artemis-build-agent-test], participationId=477, courseId=152, exerciseId=303, retryCount=0, priority=2, status=SUCCESSFUL, repositoryInfo=RepositoryInfo[repositoryName=short51e611e30d6b60466f0b8ba0aa97f58888c2tstexc-localciintstudent1, repositoryType=user, triggeredByPushTo=user, assignmentRepositoryUri=http://localhost:49152/git/SHORT51E611E30D6B60466F0B8BA0AA97F58888C2TSTEXC/short51e611e30d6b60466f0b8ba0aa97f58888c2tstexc-localciintstudent1.git, testRepositoryUri=http://localhost:49152/git/SHORT51E611E30D6B60466F0B8BA0AA97F58888C2TSTEXC/short51e611e30d6b60466f0b8ba0aa97f58888c2tstexc-tests.git, solutionRepositoryUri=null, auxiliaryRepositoryUris=[Ljava.lang.String;@1ad21b3c, auxiliaryRepositoryCheckoutDirectories=[Ljava.lang.String;@504a542c], jobTimingInfo=JobTimingInfo[submissionDate=2025-02-14T23:43:00.898532688Z[Etc/UTC], buildStartDate=2025-02-14T23:43:00.905733056Z[Etc/UTC], buildCompletionDate=2025-02-14T23:43:02.692768910Z[Etc/UTC], estimatedCompletionDate=2025-02-14T23:43:19.905720463Z[Etc/UTC], estimatedDuration=19], buildConfig=BuildConfig[buildScript=#!/bin/bash
cd /var/tmp/testing-dir
chmod +x ./gradlew
./gradlew clean test
, dockerImage=dummy-docker-image:latest, commitHashToBuild=8f3057cbd462f5e3de4e6ba85115f60d8dbb5aea, assignmentCommitHash=8f3057cbd462f5e3de4e6ba85115f60d8dbb5aea, testCommitHash=8f3057cbd462f5e3de4e6ba85115f60d8dbb5aea, branch=main, programmingLanguage=JAVA, projectType=PLAIN_GRADLE, scaEnabled=true, sequentialTestRunsEnabled=false, resultPaths=[/var/tmp/testing-dir/**/test-results/test/*.xml], timeoutSeconds=0, assignmentCheckoutPath=null, testCheckoutPath=null, solutionCheckoutPath=null, dockerRunConfig=null], submissionResult=ResultDTO[id=136, completionDate=2025-02-14T23:43:02.637820510Z[Etc/UTC], successful=false, score=7.7, rated=true, submission=SubmissionDTO[id=124, submitted=true, type=MANUAL, exampleSubmission=null, submissionDate=2025-02-14T23:43:00.886601Z, commitHash=8f3057cbd462f5e3de4e6ba85115f60d8dbb5aea, buildFailed=false, buildArtifact=false, participation=ParticipationDTO[id=477, testRun=false, type=programming, submissionCount=null, exercise=ParticipationExerciseDTO[id=303, exerciseType=PROGRAMMING, type=programming, assessmentType=AUTOMATIC, dueDate=2025-02-16T23:43:00.631824Z, assessmentDueDate=null, maxPoints=42.0, course=CourseDTO[id=152, accuracyOfScores=1]]], submissionExerciseType=programming, isProcessing=false, buildStartDate=null, estimatedCompletionDate=null], participation=ParticipationDTO[id=477, testRun=false, type=programming, submissionCount=null, exercise=ParticipationExerciseDTO[id=303, exerciseType=PROGRAMMING, type=programming, assessmentType=AUTOMATIC, dueDate=2025-02-16T23:43:00.631824Z, assessmentDueDate=null, maxPoints=42.0, course=CourseDTO[id=152, accuracyOfScores=1]]], feedbacks=[FeedbackDTO[id=119, text=null, detailText=The exercise expects a class with the name Context in the package testpackage. You did not implement the class in the exercise., hasLongFeedbackText=false, reference=null, credits=0.0, positive=false, type=AUTOMATIC, visibility=ALWAYS, testCase=TestCaseDTO[testName=null, id=78]], FeedbackDTO[id=120, text=null, detailText=The exercise expects a class with the name Policy in the package testpackage. You did not implement the class in the exercise., hasLongFeedbackText=false, reference=null, credits=0.0, positive=false, type=AUTOMATIC, visibility=ALWAYS, testCase=TestCaseDTO[testName=null, id=79]], FeedbackDTO[id=121, text=null, detailText=The exercise expects a class with the name SortStrategy in the package testpackage. You did not implement the class in the exercise., hasLongFeedbackText=false, reference=null, credits=0.0, positive=false, type=AUTOMATIC, visibility=ALWAYS, testCase=TestCaseDTO[testName=null, id=80]], FeedbackDTO[id=122, text=null, detailText=The class 'MergeSort' does not implement the interface 'SortStrategy' as expected. Implement the interface and its methods., hasLongFeedbackText=false, reference=null, credits=0.0, positive=false, type=AUTOMATIC, visibility=ALWAYS, testCase=TestCaseDTO[testName=null, id=75]], FeedbackDTO[id=123, text=null, detailText=The exercise expects a class with the name SortStrategy in the package testpackage. You did not implement the class in the exercise., hasLongFeedbackText=false, reference=null, credits=0.0, positive=false, type=AUTOMATIC, visibility=ALWAYS, testCase=TestCaseDTO[testName=null, id=72]], FeedbackDTO[id=124, text=null, detailText=The class 'BubbleSort' does not implement the interface 'SortStrategy' as expected. Implement the interface and its methods., hasLongFeedbackText=false, reference=null, credits=0.0, positive=false, type=AUTOMATIC, visibility=ALWAYS, testCase=TestCaseDTO[testName=null, id=76]], FeedbackDTO[id=125, text=null, detailText=MergeSort does not sort correctly, hasLongFeedbackText=false, reference=null, credits=0.0, positive=false, type=AUTOMATIC, visibility=ALWAYS, testCase=TestCaseDTO[testName=null, id=81]], FeedbackDTO[id=126, text=null, detailText=The class 'Context' was not found within the submission. Make sure to implement it properly., hasLongFeedbackText=false, reference=null, credits=0.0, positive=false, type=AUTOMATIC, visibility=ALWAYS, testCase=TestCaseDTO[testName=null, id=82]], FeedbackDTO[id=127, text=null, detailText=The class 'Context' was not found within the submission. Make sure to implement it properly., hasLongFeedbackText=false, reference=null, credits=0.0, positive=false, type=AUTOMATIC, visibility=ALWAYS, testCase=TestCaseDTO[testName=null, id=83]], FeedbackDTO[id=128, text=null, detailText=The exercise expects a class with the name Policy in the package testpackage. You did not implement the class in the exercise., hasLongFeedbackText=false, reference=null, credits=0.0, positive=false, type=AUTOMATIC, visibility=ALWAYS, testCase=TestCaseDTO[testName=null, id=77]], FeedbackDTO[id=129, text=null, detailText=The exercise expects a class with the name Context in the package testpackage. You did not implement the class in the exercise., hasLongFeedbackText=false, reference=null, credits=0.0, positive=false, type=AUTOMATIC, visibility=ALWAYS, testCase=TestCaseDTO[testName=null, id=73]], FeedbackDTO[id=130, text=null, detailText=The exercise expects a class with the name Policy in the package testpackage. You did not implement the class in the exercise., hasLongFeedbackText=false, reference=null, credits=0.0, positive=false, type=AUTOMATIC, visibility=ALWAYS, testCase=TestCaseDTO[testName=null, id=74]], FeedbackDTO[id=131, text=null, detailText=null, hasLongFeedbackText=false, reference=null, credits=3.230769230769231, positive=true, type=AUTOMATIC, visibility=ALWAYS, testCase=TestCaseDTO[testName=null, id=84]], FeedbackDTO[id=132, text=SCAFeedbackIdentifier:Bad Practice, detailText={"filePath":"src/code/Client.java","startLine":6,"endLine":6,"startColumn":1,"endColumn":26,"rule":"UnusedImports","category":"Best Practices","message":"Avoid unused imports such as 'javax.swing.JFrame'","priority":"4"}, hasLongFeedbackText=false, reference=PMD, credits=0.0, positive=false, type=AUTOMATIC, visibility=null, testCase=null], FeedbackDTO[id=133, text=SCAFeedbackIdentifier:Code Style, detailText={"filePath":"src/code/Client.java","startLine":7,"endLine":7,"startColumn":1,"endColumn":19,"rule":"DontImportJavaLang","category":"Code Style","message":"Avoid importing anything from the package java.lang","priority":"4"}, hasLongFeedbackText=false, reference=PMD, credits=0.0, positive=false, type=AUTOMATIC, visibility=null, testCase=null], FeedbackDTO[id=134, text=SCAFeedbackIdentifier:Bad Practice, detailText={"filePath":"src/code/Client.java","startLine":7,"endLine":7,"startColumn":1,"endColumn":19,"rule":"UnusedImports","category":"Best Practices","message":"Avoid unused imports such as 'java.lang'","priority":"4"}, hasLongFeedbackText=false, reference=PMD, credits=0.0, positive=false, type=AUTOMATIC, visibility=null, testCase=null], FeedbackDTO[id=135, text=SCAFeedbackIdentifier:Bad Practice, detailText={"filePath":"src/code/Client.java","startLine":73,"endLine":73,"startColumn":18,"endColumn":27,"rule":"UnusedLocalVariable","category":"Best Practices","message":"Avoid unused local variables such as 'randomDate'.","priority":"3"}, hasLongFeedbackText=false, reference=PMD, credits=0.0, positive=false, type=AUTOMATIC, visibility=null, testCase=null], FeedbackDTO[id=136, text=SCAFeedbackIdentifier:Bad Practice, detailText={"filePath":"src/code/Client.java","startLine":81,"endLine":81,"startColumn":31,"endColumn":53,"rule":"UnusedPrivateMethod","category":"Best Practices","message":"Avoid unused private methods such as 'CreateRandomDatesList()'.","priority":"3"}, hasLongFeedbackText=false, reference=PMD, credits=0.0, positive=false, type=AUTOMATIC, visibility=null, testCase=null], FeedbackDTO[id=137, text=SCAFeedbackIdentifier:Potential Bugs, detailText={"filePath":"src/code/Client.java","startLine":94,"endLine":94,"startColumn":9,"endColumn":9,"rule":"EmptyStatementNotInLoop","category":"Error Prone","message":"An empty statement (semicolon) not part of a loop","priority":"3"}, hasLongFeedbackText=false, reference=PMD, credits=0.0, positive=false, type=AUTOMATIC, visibility=null, testCase=null], FeedbackDTO[id=138, text=SCAFeedbackIdentifier:Potential Bugs, detailText={"filePath":"src/code/Client.java","startLine":94,"endLine":94,"startColumn":10,"endColumn":10,"rule":"EmptyStatementNotInLoop","category":"Error Prone","message":"An empty statement (semicolon) not part of a loop","priority":"3"}, hasLongFeedbackText=false, reference=PMD, credits=0.0, positive=false, type=AUTOMATIC, visibility=null, testCase=null], FeedbackDTO[id=139, text=SCAFeedbackIdentifier:Potential Bugs, detailText={"filePath":"src/code/Client.java","startLine":94,"endLine":94,"startColumn":11,"endColumn":11,"rule":"EmptyStatementNotInLoop","category":"Error Prone","message":"An empty statement (semicolon) not part of a loop","priority":"3"}, hasLongFeedbackText=false, reference=PMD, credits=0.0, positive=false, type=AUTOMATIC, visibility=null, testCase=null], FeedbackDTO[id=140, text=SCAFeedbackIdentifier:Code Style, detailText={"filePath":"src/code/Client.java","startLine":73,"endLine":73,"rule":"DLS_DEAD_LOCAL_STORE","category":"STYLE","message":"Dead store to randomDate in code.Client.createRandomDatesList()","priority":"2"}, hasLongFeedbackText=false, reference=SPOTBUGS, credits=0.0, positive=false, type=AUTOMATIC, visibility=null, testCase=null], FeedbackDTO[id=141, text=SCAFeedbackIdentifier:Bad Practice, detailText={"filePath":"src/code/Client.java","startLine":82,"endLine":95,"rule":"NM_METHOD_NAMING_CONVENTION","category":"BAD_PRACTICE","message":"The method name code.Client.CreateRandomDatesList() doesn't start with a lower case letter","priority":"3"}, hasLongFeedbackText=false, reference=SPOTBUGS, credits=0.0, positive=false, type=AUTOMATIC, visibility=null, testCase=null], FeedbackDTO[id=142, text=SCAFeedbackIdentifier:Performance, detailText={"filePath":"src/code/Client.java","startLine":82,"endLine":95,"rule":"UPM_UNCALLED_PRIVATE_METHOD","category":"PERFORMANCE","message":"Private method code.Client.CreateRandomDatesList() is never called","priority":"2"}, hasLongFeedbackText=false, reference=SPOTBUGS, credits=0.0, positive=false, type=AUTOMATIC, visibility=null, testCase=null], FeedbackDTO[id=143, text=SCAFeedbackIdentifier:Code Style, detailText={"filePath":"src/code/Client.java","startLine":70,"endLine":70,"startColumn":9,"endColumn":9,"rule":"NeedBracesCheck","category":"blocks","message":"'for' construct must use '{}'s.","priority":"error"}, hasLongFeedbackText=false, reference=CHECKSTYLE, credits=0.0, positive=false, type=AUTOMATIC, visibility=null, testCase=null], FeedbackDTO[id=144, text=SCAFeedbackIdentifier:Code Style, detailText={"filePath":"src/code/Client.java","startLine":93,"endLine":93,"startColumn":9,"endColumn":9,"rule":"EmptyStatementCheck","category":"coding","message":"Empty statement.","priority":"error"}, hasLongFeedbackText=false, reference=CHECKSTYLE, credits=0.0, positive=false, type=AUTOMATIC, visibility=null, testCase=null], FeedbackDTO[id=145, text=SCAFeedbackIdentifier:Code Style, detailText={"filePath":"src/code/Client.java","startLine":93,"endLine":93,"startColumn":10,"endColumn":10,"rule":"EmptyStatementCheck","category":"coding","message":"Empty statement.","priority":"error"}, hasLongFeedbackText=false, reference=CHECKSTYLE, credits=0.0, positive=false, type=AUTOMATIC, visibility=null, testCase=null], FeedbackDTO[id=146, text=SCAFeedbackIdentifier:Code Style, detailText={"filePath":"src/code/Client.java","startLine":93,"endLine":93,"startColumn":11,"endColumn":11,"rule":"EmptyStatementCheck","category":"coding","message":"Empty statement.","priority":"error"}, hasLongFeedbackText=false, reference=CHECKSTYLE, credits=0.0, positive=false, type=AUTOMATIC, visibility=null, testCase=null]], assessmentType=AUTOMATIC, hasComplaint=null, exampleResult=null, testCaseCount=13, passedTestCaseCount=1, codeIssueCount=15]], BuildJobQueueItem[id=4821739576584632, name=SHORT433BAC4500363044960B6E10DFA0493471B2TSTEXC-LOCALCIINTSTUDENT1, buildAgent=BuildAgentDTO[name=artemis-build-agent-test, memberAddress=[127.0.0.1]:5703, displayName=artemis-build-agent-test], participationId=482, courseId=154, exerciseId=305, retryCount=0, priority=2, status=SUCCESSFUL, repositoryInfo=RepositoryInfo[repositoryName=short433bac4500363044960b6e10dfa0493471b2tstexc-localciintstudent1, repositoryType=user, triggeredByPushTo=user, assignmentRepositoryUri=http://localhost:49152/git/SHORT433BAC4500363044960B6E10DFA0493471B2TSTEXC/short433bac4500363044960b6e10dfa0493471b2tstexc-localciintstudent1.git, testRepositoryUri=http://localhost:49152/git/SHORT433BAC4500363044960B6E10DFA0493471B2TSTEXC/short433bac4500363044960b6e10dfa0493471b2tstexc-tests.git, solutionRepositoryUri=null, auxiliaryRepositoryUris=[Ljava.lang.String;@271bba2d, auxiliaryRepositoryCheckoutDirectories=[Ljava.lang.String;@45dd8067], jobTimingInfo=JobTimingInfo[submissionDate=2025-02-14T23:43:04.632341258Z[Etc/UTC], buildStartDate=2025-02-14T23:43:04.637633457Z[Etc/UTC], buildCompletionDate=2025-02-14T23:43:06.421238953Z[Etc/UTC], estimatedCompletionDate=2025-02-14T23:43:23.637623879Z[Etc/UTC], estimatedDuration=19], buildConfig=BuildConfig[buildScript=#!/bin/bash
cd /var/tmp/testing-dir
chmod +x ./gradlew
./gradlew clean test
, dockerImage=dummy-docker-image:latest, commitHashToBuild=8355c4f3cd5d3e0443707d3310206e460e333c6f, assignmentCommitHash=8355c4f3cd5d3e0443707d3310206e460e333c6f, testCommitHash=8355c4f3cd5d3e0443707d3310206e460e333c6f, branch=main, programmingLanguage=JAVA, projectType=PLAIN_GRADLE, scaEnabled=false, sequentialTestRunsEnabled=false, resultPaths=[/var/tmp/testing-dir/**/test-results/test/*.xml], timeoutSeconds=0, assignmentCheckoutPath=null, testCheckoutPath=null, solutionCheckoutPath=null, dockerRunConfig=null], submissionResult=ResultDTO[id=137, completionDate=2025-02-14T23:43:06.404877412Z[Etc/UTC], successful=false, score=7.7, rated=true, submission=SubmissionDTO[id=125, submitted=true, type=MANUAL, exampleSubmission=null, submissionDate=2025-02-14T23:43:04.623230Z, commitHash=8355c4f3cd5d3e0443707d3310206e460e333c6f, buildFailed=false, buildArtifact=false, participation=ParticipationDTO[id=482, testRun=false, type=programming, submissionCount=null, exercise=ParticipationExerciseDTO[id=305, exerciseType=PROGRAMMING, type=programming, assessmentType=AUTOMATIC, dueDate=2025-02-16T23:43:04.425734Z, assessmentDueDate=null, maxPoints=42.0, course=CourseDTO[id=154, accuracyOfScores=1]]], submissionExerciseType=programming, isProcessing=false, buildStartDate=null, estimatedCompletionDate=null], participation=ParticipationDTO[id=482, testRun=false, type=programming, submissionCount=null, exercise=ParticipationExerciseDTO[id=305, exerciseType=PROGRAMMING, type=programming, assessmentType=AUTOMATIC, dueDate=2025-02-16T23:43:04.425734Z, assessmentDueDate=null, maxPoints=42.0, course=CourseDTO[id=154, accuracyOfScores=1]]], feedbacks=[FeedbackDTO[id=147, text=null, detailText=The exercise expects a class with the name Context in the package testpackage. You did not implement the class in the exercise., hasLongFeedbackText=false, reference=null, credits=0.0, positive=false, type=AUTOMATIC, visibility=ALWAYS, testCase=TestCaseDTO[testName=null, id=104]], FeedbackDTO[id=148, text=null, detailText=The exercise expects a class with the name Policy in the package testpackage. You did not implement the class in the exercise., hasLongFeedbackText=false, reference=null, credits=0.0, positive=false, type=AUTOMATIC, visibility=ALWAYS, testCase=TestCaseDTO[testName=null, id=105]], FeedbackDTO[id=149, text=null, detailText=The exercise expects a class with the name SortStrategy in the package testpackage. You did not implement the class in the exercise., hasLongFeedbackText=false, reference=null, credits=0.0, positive=false, type=AUTOMATIC, visibility=ALWAYS, testCase=TestCaseDTO[testName=null, id=106]], FeedbackDTO[id=150, text=null, detailText=The class 'MergeSort' does not implement the interface 'SortStrategy' as expected. Implement the interface and its methods., hasLongFeedbackText=false, reference=null, credits=0.0, positive=false, type=AUTOMATIC, visibility=ALWAYS, testCase=TestCaseDTO[testName=null, id=101]], FeedbackDTO[id=151, text=null, detailText=The exercise expects a class with the name SortStrategy in the package testpackage. You did not implement the class in the exercise., hasLongFeedbackText=false, reference=null, credits=0.0, positive=false, type=AUTOMATIC, visibility=ALWAYS, testCase=TestCaseDTO[testName=null, id=98]], FeedbackDTO[id=152, text=null, detailText=The class 'BubbleSort' does not implement the interface 'SortStrategy' as expected. Implement the interface and its methods., hasLongFeedbackText=false, reference=null, credits=0.0, positive=false, type=AUTOMATIC, visibility=ALWAYS, testCase=TestCaseDTO[testName=null, id=102]], FeedbackDTO[id=153, text=null, detailText=MergeSort does not sort correctly, hasLongFeedbackText=false, reference=null, credits=0.0, positive=false, type=AUTOMATIC, visibility=ALWAYS, testCase=TestCaseDTO[testName=null, id=107]], FeedbackDTO[id=154, text=null, detailText=The class 'Context' was not found within the submission. Make sure to implement it properly., hasLongFeedbackText=false, reference=null, credits=0.0, positive=false, type=AUTOMATIC, visibility=ALWAYS, testCase=TestCaseDTO[testName=null, id=108]], FeedbackDTO[id=155, text=null, detailText=The class 'Context' was not found within the submission. Make sure to implement it properly., hasLongFeedbackText=false, reference=null, credits=0.0, positive=false, type=AUTOMATIC, visibility=ALWAYS, testCase=TestCaseDTO[testName=null, id=109]], FeedbackDTO[id=156, text=null, detailText=The exercise expects a class with the name Policy in the package testpackage. You did not implement the class in the exercise., hasLongFeedbackText=false, reference=null, credits=0.0, positive=false, type=AUTOMATIC, visibility=ALWAYS, testCase=TestCaseDTO[testName=null, id=103]], FeedbackDTO[id=157, text=null, detailText=The exercise expects a class with the name Context in the package testpackage. You did not implement the class in the exercise., hasLongFeedbackText=false, reference=null, credits=0.0, positive=false, type=AUTOMATIC, visibility=ALWAYS, testCase=TestCaseDTO[testName=null, id=99]], FeedbackDTO[id=158, text=null, detailText=The exercise expects a class with the name Policy in the package testpackage. You did not implement the class in the exercise., hasLongFeedbackText=false, reference=null, credits=0.0, positive=false, type=AUTOMATIC, visibility=ALWAYS, testCase=TestCaseDTO[testName=null, id=100]], FeedbackDTO[id=159, text=null, detailText=null, hasLongFeedbackText=false, reference=null, credits=3.230769230769231, positive=true, type=AUTOMATIC, visibility=ALWAYS, testCase=TestCaseDTO[testName=null, id=110]]], assessmentType=AUTOMATIC, hasComplaint=null, exampleResult=null, testCaseCount=13, passedTestCaseCount=1, codeIssueCount=0]], BuildJobQueueItem[id=4851739576588371, name=SHORT495D587A0856D04A9E08BC60D2E08365FB9ETSTEXC-LOCALCIINTSTUDENT1, buildAgent=BuildAgentDTO[name=artemis-build-agent-test, memberAddress=[127.0.0.1]:5703, displayName=artemis-build-agent-test], participationId=485, courseId=155, exerciseId=306, retryCount=0, priority=2, status=FAILED, repositoryInfo=RepositoryInfo[repositoryName=short495d587a0856d04a9e08bc60d2e08365fb9etstexc-localciintstudent1, repositoryType=user, triggeredByPushTo=user, assignmentRepositoryUri=http://localhost:49152/git/SHORT495D587A0856D04A9E08BC60D2E08365FB9ETSTEXC/short495d587a0856d04a9e08bc60d2e08365fb9etstexc-localciintstudent1.git, testRepositoryUri=http://localhost:49152/git/SHORT495D587A0856D04A9E08BC60D2E08365FB9ETSTEXC/short495d587a0856d04a9e08bc60d2e08365fb9etstexc-tests.git, solutionRepositoryUri=null, auxiliaryRepositoryUris=[Ljava.lang.String;@4f5c681b, auxiliaryRepositoryCheckoutDirectories=[Ljava.lang.String;@4d35bee8], jobTimingInfo=JobTimingInfo[submissionDate=2025-02-14T23:43:08.371015915Z[Etc/UTC], buildStartDate=2025-02-14T23:43:08.374658929Z[Etc/UTC], buildCompletionDate=2025-02-14T23:43:09.341007666Z[Etc/UTC], estimatedCompletionDate=2025-02-14T23:43:27.374650503Z[Etc/UTC], estimatedDuration=19], buildConfig=BuildConfig[buildScript=#!/bin/bash
cd /var/tmp/testing-dir
chmod +x ./gradlew
./gradlew clean test
, dockerImage=dummy-docker-image:latest, commitHashToBuild=ebb8aa4dc3625fe07e975266e18313ad871ce864, assignmentCommitHash=9b3a9bd71a0d80e5bbc42204c319ed3d1d4f0d6d, testCommitHash=9b3a9bd71a0d80e5bbc42204c319ed3d1d4f0d6d, branch=main, programmingLanguage=JAVA, projectType=PLAIN_GRADLE, scaEnabled=false, sequentialTestRunsEnabled=false, resultPaths=[/var/tmp/testing-dir/**/test-results/test/*.xml], timeoutSeconds=0, assignmentCheckoutPath=null, testCheckoutPath=null, solutionCheckoutPath=null, dockerRunConfig=null], submissionResult=ResultDTO[id=138, completionDate=2025-02-14T23:43:09.343306574Z[Etc/UTC], successful=false, score=0.0, rated=true, submission=SubmissionDTO[id=127, submitted=true, type=MANUAL, exampleSubmission=null, submissionDate=2025-02-14T23:43:09.343306574Z[Etc/UTC], commitHash=9b3a9bd71a0d80e5bbc42204c319ed3d1d4f0d6d, buildFailed=true, buildArtifact=false, participation=ParticipationDTO[id=485, testRun=false, type=programming, submissionCount=null, exercise=ParticipationExerciseDTO[id=306, exerciseType=PROGRAMMING, type=programming, assessmentType=AUTOMATIC, dueDate=2025-02-16T23:43:08.185273Z, assessmentDueDate=null, maxPoints=42.0, course=CourseDTO[id=155, accuracyOfScores=1]]], submissionExerciseType=programming, isProcessing=false, buildStartDate=null, estimatedCompletionDate=null], participation=ParticipationDTO[id=485, testRun=false, type=programming, submissionCount=null, exercise=ParticipationExerciseDTO[id=306, exerciseType=PROGRAMMING, type=programming, assessmentType=AUTOMATIC, dueDate=2025-02-16T23:43:08.185273Z, assessmentDueDate=null, maxPoints=42.0, course=CourseDTO[id=155, accuracyOfScores=1]]], feedbacks=[], assessmentType=AUTOMATIC, hasComplaint=null, exampleResult=null, testCaseCount=0, passedTestCaseCount=0, codeIssueCount=0]], BuildJobQueueItem[id=4881739576590204, name=SHORT80B5DD0E0D6B304EBB096E9020B949996A1CTSTEXC-LOCALCIINTSTUDENT1, buildAgent=BuildAgentDTO[name=artemis-build-agent-test, memberAddress=[127.0.0.1]:5703, displayName=artemis-build-agent-test], participationId=488, courseId=156, exerciseId=307, retryCount=0, priority=2, status=SUCCESSFUL, repositoryInfo=RepositoryInfo[repositoryName=short80b5dd0e0d6b304ebb096e9020b949996a1ctstexc-localciintstudent1, repositoryType=user, triggeredByPushTo=user, assignmentRepositoryUri=http://localhost:49152/git/SHORT80B5DD0E0D6B304EBB096E9020B949996A1CTSTEXC/short80b5dd0e0d6b304ebb096e9020b949996a1ctstexc-localciintstudent1.git, testRepositoryUri=http://localhost:49152/git/SHORT80B5DD0E0D6B304EBB096E9020B949996A1CTSTEXC/short80b5dd0e0d6b304ebb096e9020b949996a1ctstexc-tests.git, solutionRepositoryUri=null, auxiliaryRepositoryUris=[Ljava.lang.String;@3785bfb1, auxiliaryRepositoryCheckoutDirectories=[Ljava.lang.String;@1e72cf9e], jobTimingInfo=JobTimingInfo[submissionDate=2025-02-14T23:43:10.204264160Z[Etc/UTC], buildStartDate=2025-02-14T23:43:10.223149139Z[Etc/UTC], buildCompletionDate=2025-02-14T23:43:12.086509109Z[Etc/UTC], estimatedCompletionDate=2025-02-14T23:43:29.223142246Z[Etc/UTC], estimatedDuration=19], buildConfig=BuildConfig[buildScript=#!/bin/bash
cd /var/tmp/testing-dir
chmod +x ./gradlew
./gradlew clean test
, dockerImage=dummy-docker-image:latest, commitHashToBuild=b806a93102242552beed7c01b08b2769731814b3, assignmentCommitHash=b806a93102242552beed7c01b08b2769731814b3, testCommitHash=b806a93102242552beed7c01b08b2769731814b3, branch=main, programmingLanguage=JAVA, projectType=PLAIN_GRADLE, scaEnabled=false, sequentialTestRunsEnabled=false, resultPaths=[/var/tmp/testing-dir/**/test-results/test/*.xml], timeoutSeconds=0, assignmentCheckoutPath=null, testCheckoutPath=null, solutionCheckoutPath=null, dockerRunConfig=null], submissionResult=ResultDTO[id=139, completionDate=2025-02-14T23:43:12.066436124Z[Etc/UTC], successful=false, score=0.0, rated=true, submission=SubmissionDTO[id=128, submitted=true, type=MANUAL, exampleSubmission=null, submissionDate=2025-02-14T23:43:10.192407Z, commitHash=b806a93102242552beed7c01b08b2769731814b3, buildFailed=true, buildArtifact=false, participation=ParticipationDTO[id=488, testRun=false, type=programming, submissionCount=null, exercise=ParticipationExerciseDTO[id=307, exerciseType=PROGRAMMING, type=programming, assessmentType=AUTOMATIC, dueDate=2025-02-16T23:43:09.986646Z, assessmentDueDate=null, maxPoints=42.0, course=CourseDTO[id=156, accuracyOfScores=1]]], submissionExerciseType=programming, isProcessing=false, buildStartDate=null, estimatedCompletionDate=null], participation=ParticipationDTO[id=488, testRun=false, type=programming, submissionCount=null, exercise=ParticipationExerciseDTO[id=307, exerciseType=PROGRAMMING, type=programming, assessmentType=AUTOMATIC, dueDate=2025-02-16T23:43:09.986646Z, assessmentDueDate=null, maxPoints=42.0, course=CourseDTO[id=156, accuracyOfScores=1]]], feedbacks=[], assessmentType=AUTOMATIC, hasComplaint=null, exampleResult=null, testCaseCount=0, passedTestCaseCount=0, codeIssueCount=0]], BuildJobQueueItem[id=4911739576593817, name=SHORT585B2198089880462509B3007867E72DFB7ATSTEXC-LOCALCIINTSTUDENT1, buildAgent=BuildAgentDTO[name=artemis-build-agent-test, memberAddress=[127.0.0.1]:5703, displayName=artemis-build-agent-test], participationId=491, courseId=157, exerciseId=308, retryCount=0, priority=2, status=SUCCESSFUL, repositoryInfo=RepositoryInfo[repositoryName=short585b2198089880462509b3007867e72dfb7atstexc-localciintstudent1, repositoryType=user, triggeredByPushTo=user, assignmentRepositoryUri=http://localhost:49152/git/SHORT585B2198089880462509B3007867E72DFB7ATSTEXC/short585b2198089880462509b3007867e72dfb7atstexc-localciintstudent1.git, testRepositoryUri=http://localhost:49152/git/SHORT585B2198089880462509B3007867E72DFB7ATSTEXC/short585b2198089880462509b3007867e72dfb7atstexc-tests.git, solutionRepositoryUri=null, auxiliaryRepositoryUris=[Ljava.lang.String;@32c270fb, auxiliaryRepositoryCheckoutDirectories=[Ljava.lang.String;@52604ab5], jobTimingInfo=JobTimingInfo[submissionDate=2025-02-14T23:43:13.817124706Z[Etc/UTC], buildStartDate=2025-02-14T23:43:13.834335931Z[Etc/UTC], buildCompletionDate=2025-02-14T23:43:15.746259139Z[Etc/UTC], estimatedCompletionDate=2025-02-14T23:43:32.834326082Z[Etc/UTC], estimatedDuration=19], buildConfig=BuildConfig[buildScript=#!/bin/bash
cd /var/tmp/testing-dir
chmod +x ./gradlew
./gradlew clean test
, dockerImage=dummy-docker-image:latest, commitHashToBuild=42077d078a5d5042fe2d4bd8299a990d342fce6e, assignmentCommitHash=42077d078a5d5042fe2d4bd8299a990d342fce6e, testCommitHash=42077d078a5d5042fe2d4bd8299a990d342fce6e, branch=main, programmingLanguage=JAVA, projectType=PLAIN_GRADLE, scaEnabled=false, sequentialTestRunsEnabled=false, resultPaths=[/var/tmp/testing-dir/**/test-results/test/*.xml], timeoutSeconds=0, assignmentCheckoutPath=null, testCheckoutPath=null, solutionCheckoutPath=null, dockerRunConfig=null], submissionResult=ResultDTO[id=140, completionDate=2025-02-14T23:43:15.725343914Z[Etc/UTC], successful=false, score=0.0, rated=true, submission=SubmissionDTO[id=129, submitted=true, type=MANUAL, exampleSubmission=null, submissionDate=2025-02-14T23:43:13.805401Z, commitHash=42077d078a5d5042fe2d4bd8299a990d342fce6e, buildFailed=false, buildArtifact=false, participation=ParticipationDTO[id=491, testRun=false, type=programming, submissionCount=null, exercise=ParticipationExerciseDTO[id=308, exerciseType=PROGRAMMING, type=programming, assessmentType=AUTOMATIC, dueDate=2025-02-16T23:43:13.569213Z, assessmentDueDate=null, maxPoints=42.0, course=CourseDTO[id=157, accuracyOfScores=1]]], submissionExerciseType=programming, isProcessing=false, buildStartDate=null, estimatedCompletionDate=null], participation=ParticipationDTO[id=491, testRun=false, type=programming, submissionCount=null, exercise=ParticipationExerciseDTO[id=308, exerciseType=PROGRAMMING, type=programming, assessmentType=AUTOMATIC, dueDate=2025-02-16T23:43:13.569213Z, assessmentDueDate=null, maxPoints=42.0, course=CourseDTO[id=157, accuracyOfScores=1]]], feedbacks=[FeedbackDTO[id=160, text=null, detailText=Deine Einreichung enthält keine Ausgabe. (67cac2), hasLongFeedbackText=false, reference=null, credits=0.0, positive=false, type=AUTOMATIC, visibility=ALWAYS, testCase=TestCaseDTO[testName=null, id=146]], FeedbackDTO[id=161, text=null, detailText=test `add` failed on ≥ 1 cases:
(0, 0)
Your submission raised an error Failure("TODO add"), hasLongFeedbackText=false, reference=null, credits=0.0, positive=false, type=AUTOMATIC, visibility=ALWAYS, testCase=TestCaseDTO[testName=null, id=149]], FeedbackDTO[id=162, text=null, detailText=test `filter` failed on ≥ 1 cases:
(even, [1; 2; 3; 4])
Your submission raised an error Failure("TODO filter"), hasLongFeedbackText=false, reference=null, credits=0.0, positive=false, type=AUTOMATIC, visibility=ALWAYS, testCase=TestCaseDTO[testName=null, id=148]], FeedbackDTO[id=163, text=null, detailText=Test was not executed., hasLongFeedbackText=false, reference=null, credits=0.0, positive=null, type=AUTOMATIC, visibility=null, testCase=TestCaseDTO[testName=null, id=137]], FeedbackDTO[id=164, text=null, detailText=Test was not executed., hasLongFeedbackText=false, reference=null, credits=0.0, positive=null, type=AUTOMATIC, visibility=null, testCase=TestCaseDTO[testName=null, id=138]], FeedbackDTO[id=165, text=null, detailText=Test was not executed., hasLongFeedbackText=false, reference=null, credits=0.0, positive=null, type=AUTOMATIC, visibility=null, testCase=TestCaseDTO[testName=null, id=139]], FeedbackDTO[id=166, text=null, detailText=Test was not executed., hasLongFeedbackText=false, reference=null, credits=0.0, positive=null, type=AUTOMATIC, visibility=null, testCase=TestCaseDTO[testName=null, id=140]], FeedbackDTO[id=167, text=null, detailText=Test was not executed., hasLongFeedbackText=false, reference=null, credits=0.0, positive=null, type=AUTOMATIC, visibility=null, testCase=TestCaseDTO[testName=null, id=141]], FeedbackDTO[id=168, text=null, detailText=Test was not executed., hasLongFeedbackText=false, reference=null, credits=0.0, positive=null, type=AUTOMATIC, visibility=null, testCase=TestCaseDTO[testName=null, id=142]], FeedbackDTO[id=169, text=null, detailText=Test was not executed., hasLongFeedbackText=false, reference=null, credits=0.0, positive=null, type=AUTOMATIC, visibility=null, testCase=TestCaseDTO[testName=null, id=143]], FeedbackDTO[id=170, text=null, detailText=Test was not executed., hasLongFeedbackText=false, reference=null, credits=0.0, positive=null, type=AUTOMATIC, visibility=null, testCase=TestCaseDTO[testName=null, id=144]], FeedbackDTO[id=171, text=null, detailText=Test was not executed., hasLongFeedbackText=false, reference=null, credits=0.0, positive=null, type=AUTOMATIC, visibility=null, testCase=TestCaseDTO[testName=null, id=145]], FeedbackDTO[id=172, text=null, detailText=Test was not executed., hasLongFeedbackText=false, reference=null, credits=0.0, positive=null, type=AUTOMATIC, visibility=null, testCase=TestCaseDTO[testName=null, id=147]]], assessmentType=AUTOMATIC, hasComplaint=null, exampleResult=null, testCaseCount=13, passedTestCaseCount=0, codeIssueCount=0]], BuildJobQueueItem[id=4941739576597286, name=SHORTFBCBD7BF0E6EB0451A080E80FCB407DC1F12TSTEXC-LOCALCIINTSTUDENT1, buildAgent=BuildAgentDTO[name=artemis-build-agent-test, memberAddress=[127.0.0.1]:5703, displayName=artemis-build-agent-test], participationId=494, courseId=158, exerciseId=309, retryCount=0, priority=2, status=SUCCESSFUL, repositoryInfo=RepositoryInfo[repositoryName=shortfbcbd7bf0e6eb0451a080e80fcb407dc1f12tstexc-localciintstudent1, repositoryType=user, triggeredByPushTo=user, assignmentRepositoryUri=http://localhost:49152/git/SHORTFBCBD7BF0E6EB0451A080E80FCB407DC1F12TSTEXC/shortfbcbd7bf0e6eb0451a080e80fcb407dc1f12tstexc-localciintstudent1.git, testRepositoryUri=http://localhost:49152/git/SHORTFBCBD7BF0E6EB0451A080E80FCB407DC1F12TSTEXC/shortfbcbd7bf0e6eb0451a080e80fcb407dc1f12tstexc-tests.git, solutionRepositoryUri=null, auxiliaryRepositoryUris=[Ljava.lang.String;@48820f7f, auxiliaryRepositoryCheckoutDirectories=[Ljava.lang.String;@408427ce], jobTimingInfo=JobTimingInfo[submissionDate=2025-02-14T23:43:17.286977233Z[Etc/UTC], buildStartDate=2025-02-14T23:43:17.293977347Z[Etc/UTC], buildCompletionDate=2025-02-14T23:43:18.740990762Z[Etc/UTC], estimatedCompletionDate=2025-02-14T23:43:36.293970494Z[Etc/UTC], estimatedDuration=19], buildConfig=BuildConfig[buildScript=#!/bin/bash
cd /var/tmp/testing-dir
chmod +x ./gradlew
./gradlew clean test
, dockerImage=dummy-docker-image:latest, commitHashToBuild=4a1af7e8a64e6505c5fc09b9f81ea41af9fcff44, assignmentCommitHash=4a1af7e8a64e6505c5fc09b9f81ea41af9fcff44, testCommitHash=4a1af7e8a64e6505c5fc09b9f81ea41af9fcff44, branch=main, programmingLanguage=JAVA, projectType=PLAIN_GRADLE, scaEnabled=false, sequentialTestRunsEnabled=false, resultPaths=[/var/tmp/testing-dir/**/test-results/test/*.xml], timeoutSeconds=0, assignmentCheckoutPath=null, testCheckoutPath=null, solutionCheckoutPath=null, dockerRunConfig=null], submissionResult=ResultDTO[id=141, completionDate=2025-02-14T23:43:18.729015138Z[Etc/UTC], successful=false, score=0.0, rated=true, submission=SubmissionDTO[id=130, submitted=true, type=MANUAL, exampleSubmission=null, submissionDate=2025-02-14T23:43:17.272936Z, commitHash=4a1af7e8a64e6505c5fc09b9f81ea41af9fcff44, buildFailed=true, buildArtifact=false, participation=ParticipationDTO[id=494, testRun=false, type=programming, submissionCount=null, exercise=ParticipationExerciseDTO[id=309, exerciseType=PROGRAMMING, type=programming, assessmentType=AUTOMATIC, dueDate=2025-02-16T23:43:17.147218Z, assessmentDueDate=null, maxPoints=42.0, course=CourseDTO[id=158, accuracyOfScores=1]]], submissionExerciseType=programming, isProcessing=false, buildStartDate=null, estimatedCompletionDate=null], participation=ParticipationDTO[id=494, testRun=false, type=programming, submissionCount=null, exercise=ParticipationExerciseDTO[id=309, exerciseType=PROGRAMMING, type=programming, assessmentType=AUTOMATIC, dueDate=2025-02-16T23:43:17.147218Z, assessmentDueDate=null, maxPoints=42.0, course=CourseDTO[id=158, accuracyOfScores=1]]], feedbacks=[], assessmentType=AUTOMATIC, hasComplaint=null, exampleResult=null, testCaseCount=0, passedTestCaseCount=0, codeIssueCount=0]], BuildJobQueueItem[id=4971739576599269, name=SHORT52AD57270517204728083260501A19D262D1TSTEXC-LOCALCIINTSTUDENT1, buildAgent=BuildAgentDTO[name=artemis-build-agent-test, memberAddress=[127.0.0.1]:5703, displayName=artemis-build-agent-test], participationId=497, courseId=159, exerciseId=310, retryCount=0, priority=2, status=SUCCESSFUL, repositoryInfo=RepositoryInfo[repositoryName=short52ad57270517204728083260501a19d262d1tstexc-localciintstudent1, repositoryType=user, triggeredByPushTo=user, assignmentRepositoryUri=http://localhost:49152/git/SHORT52AD57270517204728083260501A19D262D1TSTEXC/short52ad57270517204728083260501a19d262d1tstexc-localciintstudent1.git, testRepositoryUri=http://localhost:49152/git/SHORT52AD57270517204728083260501A19D262D1TSTEXC/short52ad57270517204728083260501a19d262d1tstexc-tests.git, solutionRepositoryUri=null, auxiliaryRepositoryUris=[Ljava.lang.String;@61e0d28d, auxiliaryRepositoryCheckoutDirectories=[Ljava.lang.String;@318519e6], jobTimingInfo=JobTimingInfo[submissionDate=2025-02-14T23:43:19.269997499Z[Etc/UTC], buildStartDate=2025-02-14T23:43:19.277325895Z[Etc/UTC], buildCompletionDate=2025-02-14T23:43:20.497391524Z[Etc/UTC], estimatedCompletionDate=2025-02-14T23:43:38.277310787Z[Etc/UTC], estimatedDuration=19], buildConfig=BuildConfig[buildScript=#!/bin/bash
cd /var/tmp/testing-dir
chmod +x ./gradlew
./gradlew clean test
, dockerImage=dummy-docker-image:latest, commitHashToBuild=9f4f76247a188e9a0f3516a9fbd60e829d53fb05, assignmentCommitHash=9f4f76247a188e9a0f3516a9fbd60e829d53fb05, testCommitHash=9f4f76247a188e9a0f3516a9fbd60e829d53fb05, branch=main, programmingLanguage=JAVA, projectType=PLAIN_GRADLE, scaEnabled=false, sequentialTestRunsEnabled=false, resultPaths=[/var/tmp/testing-dir/**/test-results/test/*.xml], timeoutSeconds=0, assignmentCheckoutPath=null, testCheckoutPath=null, solutionCheckoutPath=null, dockerRunConfig=null], submissionResult=ResultDTO[id=142, completionDate=2025-02-14T23:43:20.484244187Z[Etc/UTC], successful=false, score=7.7, rated=true, submission=SubmissionDTO[id=131, submitted=true, type=MANUAL, exampleSubmission=null, submissionDate=2025-02-14T23:43:19.265464Z, commitHash=9f4f76247a188e9a0f3516a9fbd60e829d53fb05, buildFailed=false, buildArtifact=false, participation=ParticipationDTO[id=497, testRun=false, type=programming, submissionCount=null, exercise=ParticipationExerciseDTO[id=310, exerciseType=PROGRAMMING, type=programming, assessmentType=AUTOMATIC, dueDate=2025-02-16T23:43:19.182228Z, assessmentDueDate=null, maxPoints=42.0, course=CourseDTO[id=159, accuracyOfScores=1]]], submissionExerciseType=programming, isProcessing=false, buildStartDate=null, estimatedCompletionDate=null], participation=ParticipationDTO[id=497, testRun=false, type=programming, submissionCount=null, exercise=ParticipationExerciseDTO[id=310, exerciseType=PROGRAMMING, type=programming, assessmentType=AUTOMATIC, dueDate=2025-02-16T23:43:19.182228Z, assessmentDueDate=null, maxPoints=42.0, course=CourseDTO[id=159, accuracyOfScores=1]]], feedbacks=[FeedbackDTO[id=173, text=null, detailText=The exercise expects a class with the name Context in the package testpackage. You did not implement the class in the exercise., hasLongFeedbackText=false, reference=null, credits=0.0, positive=false, type=AUTOMATIC, visibility=ALWAYS, testCase=TestCaseDTO[testName=null, id=169]], FeedbackDTO[id=174, text=null, detailText=The exercise expects a class with the name Policy in the package testpackage. You did not implement the class in the exercise., hasLongFeedbackText=false, reference=null, credits=0.0, positive=false, type=AUTOMATIC, visibility=ALWAYS, testCase=TestCaseDTO[testName=null, id=170]], FeedbackDTO[id=175, text=null, detailText=The exercise expects a class with the name SortStrategy in the package testpackage. You did not implement the class in the exercise., hasLongFeedbackText=false, reference=null, credits=0.0, positive=false, type=AUTOMATIC, visibility=ALWAYS, testCase=TestCaseDTO[testName=null, id=171]], FeedbackDTO[id=176, text=null, detailText=The class 'MergeSort' does not implement the interface 'SortStrategy' as expected. Implement the interface and its methods., hasLongFeedbackText=false, reference=null, credits=0.0, positive=false, type=AUTOMATIC, visibility=ALWAYS, testCase=TestCaseDTO[testName=null, id=166]], FeedbackDTO[id=177, text=null, detailText=The exercise expects a class with the name SortStrategy in the package testpackage. You did not implement the class in the exercise., hasLongFeedbackText=false, reference=null, credits=0.0, positive=false, type=AUTOMATIC, visibility=ALWAYS, testCase=TestCaseDTO[testName=null, id=163]], FeedbackDTO[id=178, text=null, detailText=The class 'BubbleSort' does not implement the interface 'SortStrategy' as expected. Implement the interface and its methods., hasLongFeedbackText=false, reference=null, credits=0.0, positive=false, type=AUTOMATIC, visibility=ALWAYS, testCase=TestCaseDTO[testName=null, id=167]], FeedbackDTO[id=179, text=null, detailText=MergeSort does not sort correctly, hasLongFeedbackText=false, reference=null, credits=0.0, positive=false, type=AUTOMATIC, visibility=ALWAYS, testCase=TestCaseDTO[testName=null, id=172]], FeedbackDTO[id=180, text=null, detailText=The class 'Context' was not found within the submission. Make sure to implement it properly., hasLongFeedbackText=false, reference=null, credits=0.0, positive=false, type=AUTOMATIC, visibility=ALWAYS, testCase=TestCaseDTO[testName=null, id=173]], FeedbackDTO[id=181, text=null, detailText=The class 'Context' was not found within the submission. Make sure to implement it properly., hasLongFeedbackText=false, reference=null, credits=0.0, positive=false, type=AUTOMATIC, visibility=ALWAYS, testCase=TestCaseDTO[testName=null, id=174]], FeedbackDTO[id=182, text=null, detailText=The exercise expects a class with the name Policy in the package testpackage. You did not implement the class in the exercise., hasLongFeedbackText=false, reference=null, credits=0.0, positive=false, type=AUTOMATIC, visibility=ALWAYS, testCase=TestCaseDTO[testName=null, id=168]], FeedbackDTO[id=183, text=null, detailText=The exercise expects a class with the name Context in the package testpackage. You did not implement the class in the exercise., hasLongFeedbackText=false, reference=null, credits=0.0, positive=false, type=AUTOMATIC, visibility=ALWAYS, testCase=TestCaseDTO[testName=null, id=164]], FeedbackDTO[id=184, text=null, detailText=The exercise expects a class with the name Policy in the package testpackage. You did not implement the class in the exercise., hasLongFeedbackText=false, reference=null, credits=0.0, positive=false, type=AUTOMATIC, visibility=ALWAYS, testCase=TestCaseDTO[testName=null, id=165]], FeedbackDTO[id=185, text=null, detailText=null, hasLongFeedbackText=false, reference=null, credits=3.230769230769231, positive=true, type=AUTOMATIC, visibility=ALWAYS, testCase=TestCaseDTO[testName=null, id=175]]], assessmentType=AUTOMATIC, hasComplaint=null, exampleResult=null, testCaseCount=13, passedTestCaseCount=1, codeIssueCount=0]], BuildJobQueueItem[id=5001739576601035, name=SHORT582B1BDC0A17704D6D0A46800FC19163DA47TSTEXC-LOCALCIINTSTUDENT1, buildAgent=BuildAgentDTO[name=artemis-build-agent-test, memberAddress=[127.0.0.1]:5703, displayName=artemis-build-agent-test], participationId=500, courseId=160, exerciseId=311, retryCount=0, priority=2, status=SUCCESSFUL, repositoryInfo=RepositoryInfo[repositoryName=short582b1bdc0a17704d6d0a46800fc19163da47tstexc-localciintstudent1, repositoryType=user, triggeredByPushTo=user, assignmentRepositoryUri=http://localhost:49152/git/SHORT582B1BDC0A17704D6D0A46800FC19163DA47TSTEXC/short582b1bdc0a17704d6d0a46800fc19163da47tstexc-localciintstudent1.git, testRepositoryUri=http://localhost:49152/git/SHORT582B1BDC0A17704D6D0A46800FC19163DA47TSTEXC/short582b1bdc0a17704d6d0a46800fc19163da47tstexc-tests.git, solutionRepositoryUri=null, auxiliaryRepositoryUris=[Ljava.lang.String;@69a4015e, auxiliaryRepositoryCheckoutDirectories=[Ljava.lang.String;@8ffe1f3], jobTimingInfo=JobTimingInfo[submissionDate=2025-02-14T23:43:21.035120760Z[Etc/UTC], buildStartDate=2025-02-14T23:43:21.040320383Z[Etc/UTC], buildCompletionDate=2025-02-14T23:43:22.581236903Z[Etc/UTC], estimatedCompletionDate=2025-02-14T23:43:40.040312057Z[Etc/UTC], estimatedDuration=19], buildConfig=BuildConfig[buildScript=#!/bin/bash
cd /var/tmp/testing-dir
chmod +x ./gradlew
./gradlew clean test
, dockerImage=dummy-docker-image:latest, commitHashToBuild=887566cf754016f986627cf5c5c365dea16c907f, assignmentCommitHash=887566cf754016f986627cf5c5c365dea16c907f, testCommitHash=6af67146332066e7430917928a4b9b81c43b7c71, branch=main, programmingLanguage=JAVA, projectType=PLAIN_GRADLE, scaEnabled=false, sequentialTestRunsEnabled=false, resultPaths=[/var/tmp/testing-dir/**/test-results/test/*.xml], timeoutSeconds=0, assignmentCheckoutPath=customAssignmentPath, testCheckoutPath=null, solutionCheckoutPath=null, dockerRunConfig=null], submissionResult=ResultDTO[id=143, completionDate=2025-02-14T23:43:22.538158998Z[Etc/UTC], successful=false, score=7.7, rated=true, submission=SubmissionDTO[id=132, submitted=true, type=MANUAL, exampleSubmission=null, submissionDate=2025-02-14T23:43:21.028930Z, commitHash=887566cf754016f986627cf5c5c365dea16c907f, buildFailed=false, buildArtifact=false, participation=ParticipationDTO[id=500, testRun=false, type=programming, submissionCount=null, exercise=ParticipationExerciseDTO[id=311, exerciseType=PROGRAMMING, type=programming, assessmentType=AUTOMATIC, dueDate=2025-02-16T23:43:20.897280Z, assessmentDueDate=null, maxPoints=42.0, course=CourseDTO[id=160, accuracyOfScores=1]]], submissionExerciseType=programming, isProcessing=false, buildStartDate=null, estimatedCompletionDate=null], participation=ParticipationDTO[id=500, testRun=false, type=programming, submissionCount=null, exercise=ParticipationExerciseDTO[id=311, exerciseType=PROGRAMMING, type=programming, assessmentType=AUTOMATIC, dueDate=2025-02-16T23:43:20.897280Z, assessmentDueDate=null, maxPoints=42.0, course=CourseDTO[id=160, accuracyOfScores=1]]], feedbacks=[FeedbackDTO[id=186, text=null, detailText=The exercise expects a class with the name Context in the package testpackage. You did not implement the class in the exercise., hasLongFeedbackText=false, reference=null, credits=0.0, positive=false, type=AUTOMATIC, visibility=ALWAYS, testCase=TestCaseDTO[testName=null, id=182]], FeedbackDTO[id=187, text=null, detailText=The exercise expects a class with the name Policy in the package testpackage. You did not implement the class in the exercise., hasLongFeedbackText=false, reference=null, credits=0.0, positive=false, type=AUTOMATIC, visibility=ALWAYS, testCase=TestCaseDTO[testName=null, id=183]], FeedbackDTO[id=188, text=null, detailText=The exercise expects a class with the name SortStrategy in the package testpackage. You did not implement the class in the exercise., hasLongFeedbackText=false, reference=null, credits=0.0, positive=false, type=AUTOMATIC, visibility=ALWAYS, testCase=TestCaseDTO[testName=null, id=184]], FeedbackDTO[id=189, text=null, detailText=The class 'MergeSort' does not implement the interface 'SortStrategy' as expected. Implement the interface and its methods., hasLongFeedbackText=false, reference=null, credits=0.0, positive=false, type=AUTOMATIC, visibility=ALWAYS, testCase=TestCaseDTO[testName=null, id=179]], FeedbackDTO[id=190, text=null, detailText=The exercise expects a class with the name SortStrategy in the package testpackage. You did not implement the class in the exercise., hasLongFeedbackText=false, reference=null, credits=0.0, positive=false, type=AUTOMATIC, visibility=ALWAYS, testCase=TestCaseDTO[testName=null, id=176]], FeedbackDTO[id=191, text=null, detailText=The class 'BubbleSort' does not implement the interface 'SortStrategy' as expected. Implement the interface and its methods., hasLongFeedbackText=false, reference=null, credits=0.0, positive=false, type=AUTOMATIC, visibility=ALWAYS, testCase=TestCaseDTO[testName=null, id=180]], FeedbackDTO[id=192, text=null, detailText=MergeSort does not sort correctly, hasLongFeedbackText=false, reference=null, credits=0.0, positive=false, type=AUTOMATIC, visibility=ALWAYS, testCase=TestCaseDTO[testName=null, id=185]], FeedbackDTO[id=193, text=null, detailText=The class 'Context' was not found within the submission. Make sure to implement it properly., hasLongFeedbackText=false, reference=null, credits=0.0, positive=false, type=AUTOMATIC, visibility=ALWAYS, testCase=TestCaseDTO[testName=null, id=186]], FeedbackDTO[id=194, text=null, detailText=The class 'Context' was not found within the submission. Make sure to implement it properly., hasLongFeedbackText=false, reference=null, credits=0.0, positive=false, type=AUTOMATIC, visibility=ALWAYS, testCase=TestCaseDTO[testName=null, id=187]], FeedbackDTO[id=195, text=null, detailText=The exercise expects a class with the name Policy in the package testpackage. You did not implement the class in the exercise., hasLongFeedbackText=false, reference=null, credits=0.0, positive=false, type=AUTOMATIC, visibility=ALWAYS, testCase=TestCaseDTO[testName=null, id=181]], FeedbackDTO[id=196, text=null, detailText=The exercise expects a class with the name Context in the package testpackage. You did not implement the class in the exercise., hasLongFeedbackText=false, reference=null, credits=0.0, positive=false, type=AUTOMATIC, visibility=ALWAYS, testCase=TestCaseDTO[testName=null, id=177]], FeedbackDTO[id=197, text=null, detailText=The exercise expects a class with the name Policy in the package testpackage. You did not implement the class in the exercise., hasLongFeedbackText=false, reference=null, credits=0.0, positive=false, type=AUTOMATIC, visibility=ALWAYS, testCase=TestCaseDTO[testName=null, id=178]], FeedbackDTO[id=198, text=null, detailText=null, hasLongFeedbackText=false, reference=null, credits=3.230769230769231, positive=true, type=AUTOMATIC, visibility=ALWAYS, testCase=TestCaseDTO[testName=null, id=188]]], assessmentType=AUTOMATIC, hasComplaint=null, exampleResult=null, testCaseCount=13, passedTestCaseCount=1, codeIssueCount=0]], BuildJobQueueItem[id=5031739576604847, name=SHORT00FA1A240403404C7E097D7007C591BE2AB1TSTEXC-LOCALCIINTSTUDENT1, buildAgent=BuildAgentDTO[name=artemis-build-agent-test, memberAddress=[127.0.0.1]:5703, displayName=artemis-build-agent-test], participationId=503, courseId=161, exerciseId=312, retryCount=0, priority=2, status=FAILED, repositoryInfo=RepositoryInfo[repositoryName=short00fa1a240403404c7e097d7007c591be2ab1tstexc-localciintstudent1, repositoryType=user, triggeredByPushTo=user, assignmentRepositoryUri=http://localhost:49152/git/SHORT00FA1A240403404C7E097D7007C591BE2AB1TSTEXC/short00fa1a240403404c7e097d7007c591be2ab1tstexc-localciintstudent1.git, testRepositoryUri=http://localhost:49152/git/SHORT00FA1A240403404C7E097D7007C591BE2AB1TSTEXC/short00fa1a240403404c7e097d7007c591be2ab1tstexc-tests.git, solutionRepositoryUri=null, auxiliaryRepositoryUris=[Ljava.lang.String;@6f6c3edb, auxiliaryRepositoryCheckoutDirectories=[Ljava.lang.String;@76bf50f9], jobTimingInfo=JobTimingInfo[submissionDate=2025-02-14T23:43:24.847396156Z[Etc/UTC], buildStartDate=2025-02-14T23:43:24.860457211Z[Etc/UTC], buildCompletionDate=2025-02-14T23:43:26.809353681Z[Etc/UTC], estimatedCompletionDate=2025-02-14T23:43:46.860451490Z[Etc/UTC], estimatedDuration=22], buildConfig=BuildConfig[buildScript=#!/bin/bash
cd /var/tmp/testing-dir
chmod +x ./gradlew
./gradlew clean test
, dockerImage=dummy-docker-image:latest, commitHashToBuild=9690714a509af0a98c6790a7e52ee3574c7ef689, assignmentCommitHash=9690714a509af0a98c6790a7e52ee3574c7ef689, testCommitHash=9690714a509af0a98c6790a7e52ee3574c7ef689, branch=main, programmingLanguage=JAVA, projectType=PLAIN_GRADLE, scaEnabled=false, sequentialTestRunsEnabled=false, resultPaths=[/var/tmp/testing-dir/**/test-results/test/*.xml], timeoutSeconds=0, assignmentCheckoutPath=null, testCheckoutPath=null, solutionCheckoutPath=null, dockerRunConfig=null], submissionResult=ResultDTO[id=144, completionDate=2025-02-14T23:43:26.809483684Z[Etc/UTC], successful=false, score=0.0, rated=true, submission=SubmissionDTO[id=133, submitted=true, type=MANUAL, exampleSubmission=null, submissionDate=2025-02-14T23:43:24.841319Z, commitHash=9690714a509af0a98c6790a7e52ee3574c7ef689, buildFailed=true, buildArtifact=false, participation=ParticipationDTO[id=503, testRun=false, type=programming, submissionCount=null, exercise=ParticipationExerciseDTO[id=312, exerciseType=PROGRAMMING, type=programming, assessmentType=AUTOMATIC, dueDate=2025-02-16T23:43:24.571329Z, assessmentDueDate=null, maxPoints=42.0, course=CourseDTO[id=161, accuracyOfScores=1]]], submissionExerciseType=programming, isProcessing=false, buildStartDate=null, estimatedCompletionDate=null], participation=ParticipationDTO[id=503, testRun=false, type=programming, submissionCount=null, exercise=ParticipationExerciseDTO[id=312, exerciseType=PROGRAMMING, type=programming, assessmentType=AUTOMATIC, dueDate=2025-02-16T23:43:24.571329Z, assessmentDueDate=null, maxPoints=42.0, course=CourseDTO[id=161, accuracyOfScores=1]]], feedbacks=[], assessmentType=AUTOMATIC, hasComplaint=null, exampleResult=null, testCaseCount=0, passedTestCaseCount=0, codeIssueCount=0]], BuildJobQueueItem[id=5061739576605250, name=SHORT62C808EE04ECE040740AF7B0CF3AE5F5BEF2TSTEXC-LOCALCIINTSTUDENT1, buildAgent=BuildAgentDTO[name=artemis-build-agent-test, memberAddress=[127.0.0.1]:5703, displayName=artemis-build-agent-test], participationId=506, courseId=162, exerciseId=313, retryCount=0, priority=2, status=SUCCESSFUL, repositoryInfo=RepositoryInfo[repositoryName=short62c808ee04ece040740af7b0cf3ae5f5bef2tstexc-localciintstudent1, repositoryType=user, triggeredByPushTo=user, assignmentRepositoryUri=http://localhost:49152/git/SHORT62C808EE04ECE040740AF7B0CF3AE5F5BEF2TSTEXC/short62c808ee04ece040740af7b0cf3ae5f5bef2tstexc-localciintstudent1.git, testRepositoryUri=http://localhost:49152/git/SHORT62C808EE04ECE040740AF7B0CF3AE5F5BEF2TSTEXC/short62c808ee04ece040740af7b0cf3ae5f5bef2tstexc-tests.git, solutionRepositoryUri=null, auxiliaryRepositoryUris=[Ljava.lang.String;@3f581181, auxiliaryRepositoryCheckoutDirectories=[Ljava.lang.String;@48df8fe0], jobTimingInfo=JobTimingInfo[submissionDate=2025-02-14T23:43:25.250749866Z[Etc/UTC], buildStartDate=2025-02-14T23:43:26.820713075Z[Etc/UTC], buildCompletionDate=2025-02-14T23:43:28.304236378Z[Etc/UTC], estimatedCompletionDate=2025-02-14T23:43:45.820704920Z[Etc/UTC], estimatedDuration=19], buildConfig=BuildConfig[buildScript=#!/bin/bash
cd /var/tmp/testing-dir
chmod +x ./gradlew
./gradlew clean test
, dockerImage=dummy-docker-image:latest, commitHashToBuild=993b6f756e3e52a44d0537d4fa3a5d0e0acdbe89, assignmentCommitHash=993b6f756e3e52a44d0537d4fa3a5d0e0acdbe89, testCommitHash=993b6f756e3e52a44d0537d4fa3a5d0e0acdbe89, branch=main, programmingLanguage=JAVA, projectType=null, scaEnabled=false, sequentialTestRunsEnabled=false, resultPaths=[/var/tmp/testing-dir/**/test-results/test/*.xml], timeoutSeconds=0, assignmentCheckoutPath=null, testCheckoutPath=null, solutionCheckoutPath=null, dockerRunConfig=null], submissionResult=ResultDTO[id=145, completionDate=2025-02-14T23:43:28.269051286Z[Etc/UTC], successful=false, score=7.7, rated=true, submission=SubmissionDTO[id=134, submitted=true, type=MANUAL, exampleSubmission=null, submissionDate=2025-02-14T23:43:25.241685Z, commitHash=993b6f756e3e52a44d0537d4fa3a5d0e0acdbe89, buildFailed=false, buildArtifact=false, participation=ParticipationDTO[id=506, testRun=false, type=programming, submissionCount=null, exercise=ParticipationExerciseDTO[id=313, exerciseType=PROGRAMMING, type=programming, assessmentType=AUTOMATIC, dueDate=2025-02-16T23:43:24.986721Z, assessmentDueDate=null, maxPoints=42.0, course=CourseDTO[id=162, accuracyOfScores=1]]], submissionExerciseType=programming, isProcessing=false, buildStartDate=null, estimatedCompletionDate=null], participation=ParticipationDTO[id=506, testRun=false, type=programming, submissionCount=null, exercise=ParticipationExerciseDTO[id=313, exerciseType=PROGRAMMING, type=programming, assessmentType=AUTOMATIC, dueDate=2025-02-16T23:43:24.986721Z, assessmentDueDate=null, maxPoints=42.0, course=CourseDTO[id=162, accuracyOfScores=1]]], feedbacks=[FeedbackDTO[id=199, text=null, detailText=The exercise expects a class with the name Context in the package testpackage. You did not implement the class in the exercise., hasLongFeedbackText=false, reference=null, credits=0.0, positive=false, type=AUTOMATIC, visibility=ALWAYS, testCase=TestCaseDTO[testName=null, id=208]], FeedbackDTO[id=200, text=null, detailText=The exercise expects a class with the name Policy in the package testpackage. You did not implement the class in the exercise., hasLongFeedbackText=false, reference=null, credits=0.0, positive=false, type=AUTOMATIC, visibility=ALWAYS, testCase=TestCaseDTO[testName=null, id=209]], FeedbackDTO[id=201, text=null, detailText=The exercise expects a class with the name SortStrategy in the package testpackage. You did not implement the class in the exercise., hasLongFeedbackText=false, reference=null, credits=0.0, positive=false, type=AUTOMATIC, visibility=ALWAYS, testCase=TestCaseDTO[testName=null, id=210]], FeedbackDTO[id=202, text=null, detailText=The class 'MergeSort' does not implement the interface 'SortStrategy' as expected. Implement the interface and its methods., hasLongFeedbackText=false, reference=null, credits=0.0, positive=false, type=AUTOMATIC, visibility=ALWAYS, testCase=TestCaseDTO[testName=null, id=205]], FeedbackDTO[id=203, text=null, detailText=The exercise expects a class with the name SortStrategy in the package testpackage. You did not implement the class in the exercise., hasLongFeedbackText=false, reference=null, credits=0.0, positive=false, type=AUTOMATIC, visibility=ALWAYS, testCase=TestCaseDTO[testName=null, id=202]], FeedbackDTO[id=204, text=null, detailText=The class 'BubbleSort' does not implement the interface 'SortStrategy' as expected. Implement the interface and its methods., hasLongFeedbackText=false, reference=null, credits=0.0, positive=false, type=AUTOMATIC, visibility=ALWAYS, testCase=TestCaseDTO[testName=null, id=206]], FeedbackDTO[id=205, text=null, detailText=MergeSort does not sort correctly, hasLongFeedbackText=false, reference=null, credits=0.0, positive=false, type=AUTOMATIC, visibility=ALWAYS, testCase=TestCaseDTO[testName=null, id=211]], FeedbackDTO[id=206, text=null, detailText=The class 'Context' was not found within the submission. Make sure to implement it properly., hasLongFeedbackText=false, reference=null, credits=0.0, positive=false, type=AUTOMATIC, visibility=ALWAYS, testCase=TestCaseDTO[testName=null, id=212]], FeedbackDTO[id=207, text=null, detailText=The class 'Context' was not found within the submission. Make sure to implement it properly., hasLongFeedbackText=false, reference=null, credits=0.0, positive=false, type=AUTOMATIC, visibility=ALWAYS, testCase=TestCaseDTO[testName=null, id=213]], FeedbackDTO[id=208, text=null, detailText=The exercise expects a class with the name Policy in the package testpackage. You did not implement the class in the exercise., hasLongFeedbackText=false, reference=null, credits=0.0, positive=false, type=AUTOMATIC, visibility=ALWAYS, testCase=TestCaseDTO[testName=null, id=207]], FeedbackDTO[id=209, text=null, detailText=The exercise expects a class with the name Context in the package testpackage. You did not implement the class in the exercise., hasLongFeedbackText=false, reference=null, credits=0.0, positive=false, type=AUTOMATIC, visibility=ALWAYS, testCase=TestCaseDTO[testName=null, id=203]], FeedbackDTO[id=210, text=null, detailText=The exercise expects a class with the name Policy in the package testpackage. You did not implement the class in the exercise., hasLongFeedbackText=false, reference=null, credits=0.0, positive=false, type=AUTOMATIC, visibility=ALWAYS, testCase=TestCaseDTO[testName=null, id=204]], FeedbackDTO[id=211, text=null, detailText=null, hasLongFeedbackText=false, reference=null, credits=3.230769230769231, positive=true, type=AUTOMATIC, visibility=ALWAYS, testCase=TestCaseDTO[testName=null, id=214]]], assessmentType=AUTOMATIC, hasComplaint=null, exampleResult=null, testCaseCount=13, passedTestCaseCount=1, codeIssueCount=0]]], publicSshKey=ssh-rsa AAAAB3NzaC1yc2EAAAADAQABAAACAQCOPdMsxRE2jFJ/UEa5/LsBxtwzJcrh3/rYBCQvcMeVpiRfhzQPWu7mrt/G2Ew+i+vRloGH9aqKg6dd1liRncao53Zmd/ePxoatXePNhmzTfkCkcSkTUz7B+QMjkoDDV5jwuFPD6mF3JkhuzSi64n9Zy905t4w2IhVcjM2mL3eYNjiCXt6Qpq3Pkt7dM/Ksw1nxnvuiIALuJLB3FTkXkHqq3PJav+9HSq2r6ZaWgekneaGxlQlb+U+Vy3XOuArKAzK8c8i+0bR+AHiTG6ncYXt7ax3U+TdlDTF7OLP3umwaYjs1NBXOHwG42pevvpKn2fqavZZozk+M05jXLx3bq0O7itxfErWc7etky8qYPyyIMF/txQIVLd78+Ze4d7Y60t5MGbXM5cGE6fFif5fEJwgswXD+BrG0cafz1CTatjSKFdvp8Vp4VszXhHDan1PrP6JEFJ5Cc5GDmLRZPCFa3vL9f5qXgf4bkqKN8MYeEujwJE5nMRWoiJVNakix2bcrrneQMBlnYeYZVWXXXUusAQBzl4NgddC1umZpihZkL1b1MffZAUW3EGEXi7KHnllQhkTLLsQ8ntMgbylqaJKStqaXlLvdeRJcEnUuiFCrHEVVbXRFZR7XVDZ02CE5o3MuaRPty8Kh+jRTF3COlAckHwYEJCNNJvXFgb2CNXL4mjzYDw== test@localhost]
    23:43:28.400 | 566 localvc.event-13 | DEBUG | a.p.s.l.SharedQueueManagementService : Build agent updated: null
    23:43:28.473 | 058 pool-4-thread-1  | INFO  | d.t.c.a.a.p.s.gitlab.GitLabService   : Protecting branch main for Gitlab repository SHORT470149D3066E1047110812108E16C7F803A5TC66/short470149d3066e1047110812108e16c7f803a5tc66-studexamstudent1
    23:43:28.488 | 370 ool-1-worker-134 | INFO  | i.z.t.d.l.EmbeddedDatabaseReporter   : JDBC URL to connect to 'dataSource': url='jdbc:h2:tcp://localhost:41063/mem:736625c0-cf5e-400d-aeaa-8a7eabd6262b;USER=sa', scope='StudentExamIntegrationTest#testGetAllTestRunSubmissionsForExercise_notInstructor'
    23:43:28.514 | 370 ool-1-worker-134 | DEBUG | d.t.c.a.a.c.s.f.ApiVersionFilter     : Adding Version to Request GET /api/exercises/1285/test-run-submissions
    23:43:28.516 | 370 ool-1-worker-134 | WARN  | o.z.p.spring.common.AdviceTraits     : Forbidden: Access Denied

  Starting logs for StudentExamIntegrationTest > testFindAllTestRunsForExam()
    23:43:28.548 | 370 ool-1-worker-134 | DEBUG | d.t.c.a.a.c.u.util.UserUtilService   : Generate 2 students...
    23:43:28.552 | 370 ool-1-worker-134 | DEBUG | d.t.c.a.a.c.u.util.UserUtilService   : 2 students generated. Generate 1 tutors...
    23:43:28.554 | 370 ool-1-worker-134 | DEBUG | d.t.c.a.a.c.u.util.UserUtilService   : 1 tutors generated. Generate 0 editors...
    23:43:28.555 | 370 ool-1-worker-134 | DEBUG | d.t.c.a.a.c.u.util.UserUtilService   : 0 editors generated. Generate 2 instructors...
    23:43:28.558 | 370 ool-1-worker-134 | DEBUG | d.t.c.a.a.c.u.util.UserUtilService   : 2 instructors generated
    23:43:28.559 | 370 ool-1-worker-134 | DEBUG | d.t.c.a.a.c.u.util.UserUtilService   : Removing 5 users from all courses...
    23:43:28.560 | 370 ool-1-worker-134 | DEBUG | d.t.c.a.a.c.u.util.UserUtilService   : Removing 5 users from all courses. Done
    23:43:28.560 | 370 ool-1-worker-134 | DEBUG | d.t.c.a.a.c.u.util.UserUtilService   : Save 5 users to database...
    23:43:28.573 | 370 ool-1-worker-134 | DEBUG | d.t.c.a.a.c.u.util.UserUtilService   : Save 5 users to database. Done
    23:43:28.671 | 370 ool-1-worker-134 | INFO  | i.z.t.d.l.EmbeddedDatabaseReporter   : JDBC URL to connect to 'dataSource': url='jdbc:h2:tcp://localhost:41063/mem:736625c0-cf5e-400d-aeaa-8a7eabd6262b;USER=sa', scope='StudentExamIntegrationTest#testFindAllTestRunsForExam'
    23:43:28.704 | 370 ool-1-worker-134 | DEBUG | PersonalAccessTokenManagementService : Generate secure vcs access token
    23:43:28.729 | 370 ool-1-worker-134 | DEBUG | PersonalAccessTokenManagementService : Generate secure vcs access token
    23:43:28.738 | 370 ool-1-worker-134 | DEBUG | d.t.c.a.a.c.s.f.ApiVersionFilter     : Adding Version to Request GET /api/courses/407/exams/811/test-runs
    23:43:28.739 | 370 ool-1-worker-134 | INFO  | d.t.c.a.a.e.web.StudentExamResource  : REST request to find all test runs for exam 811

  Starting logs for StudentExamIntegrationTest > testGetStudentExamForTestExamForConduction_NoStudentExamFound()
    23:43:28.776 | 370 ool-1-worker-134 | DEBUG | d.t.c.a.a.c.u.util.UserUtilService   : Generate 2 students...
    23:43:28.780 | 370 ool-1-worker-134 | DEBUG | d.t.c.a.a.c.u.util.UserUtilService   : 2 students generated. Generate 1 tutors...
    23:43:28.783 | 370 ool-1-worker-134 | DEBUG | d.t.c.a.a.c.u.util.UserUtilService   : 1 tutors generated. Generate 0 editors...
    23:43:28.784 | 370 ool-1-worker-134 | DEBUG | d.t.c.a.a.c.u.util.UserUtilService   : 0 editors generated. Generate 2 instructors...
    23:43:28.788 | 370 ool-1-worker-134 | DEBUG | d.t.c.a.a.c.u.util.UserUtilService   : 2 instructors generated
    23:43:28.790 | 370 ool-1-worker-134 | DEBUG | d.t.c.a.a.c.u.util.UserUtilService   : Removing 5 users from all courses...
    23:43:28.791 | 370 ool-1-worker-134 | DEBUG | d.t.c.a.a.c.u.util.UserUtilService   : Removing 5 users from all courses. Done
    23:43:28.791 | 370 ool-1-worker-134 | DEBUG | d.t.c.a.a.c.u.util.UserUtilService   : Save 5 users to database...
    23:43:28.808 | 370 ool-1-worker-134 | DEBUG | d.t.c.a.a.c.u.util.UserUtilService   : Save 5 users to database. Done
    23:43:28.926 | 370 ool-1-worker-134 | INFO  | i.z.t.d.l.EmbeddedDatabaseReporter   : JDBC URL to connect to 'dataSource': url='jdbc:h2:tcp://localhost:41063/mem:736625c0-cf5e-400d-aeaa-8a7eabd6262b;USER=sa', scope='StudentExamIntegrationTest#testGetStudentExamForTestExamForConduction_NoStudentExamFound'
    23:43:28.928 | 370 ool-1-worker-134 | DEBUG | d.t.c.a.a.c.s.f.ApiVersionFilter     : Adding Version to Request GET /api/courses/408/exams/814/student-exams/5555/conduction
    23:43:28.930 | 370 ool-1-worker-134 | DEBUG | d.t.c.a.a.e.web.StudentExamResource  : REST request to get the student exam of user studexamstudent1 for exam 814
    23:43:28.932 | 370 ool-1-worker-134 | WARN  | o.z.p.spring.common.AdviceTraits     : Not Found: StudentExam with identifier: "5555" does not exist

  Starting logs for StudentExamIntegrationTest > testStudentExamSummaryAsStudentAfterPublishResults_dontFilter()
    23:43:28.969 | 370 ool-1-worker-134 | DEBUG | d.t.c.a.a.c.u.util.UserUtilService   : Generate 2 students...
    23:43:28.973 | 370 ool-1-worker-134 | DEBUG | d.t.c.a.a.c.u.util.UserUtilService   : 2 students generated. Generate 1 tutors...
    23:43:28.976 | 370 ool-1-worker-134 | DEBUG | d.t.c.a.a.c.u.util.UserUtilService   : 1 tutors generated. Generate 0 editors...
    23:43:28.977 | 370 ool-1-worker-134 | DEBUG | d.t.c.a.a.c.u.util.UserUtilService   : 0 editors generated. Generate 2 instructors...
    23:43:28.981 | 370 ool-1-worker-134 | DEBUG | d.t.c.a.a.c.u.util.UserUtilService   : 2 instructors generated
    23:43:28.983 | 370 ool-1-worker-134 | DEBUG | d.t.c.a.a.c.u.util.UserUtilService   : Removing 5 users from all courses...

Starting logs for PyrisFaqIngestionTest

  Starting logs for PyrisFaqIngestionTest > testDeleteFaqFromPyrisDatabaseWithCourseSettingsEnabled()
    23:43:58.870 | 407 ool-1-worker-171 | DEBUG | d.t.c.a.a.c.u.util.UserUtilService   : Generate 1 students...
    23:43:58.871 | 407 ool-1-worker-171 | DEBUG | d.t.c.a.a.c.u.util.UserUtilService   : 1 students generated. Generate 1 tutors...
    23:43:58.876 | 407 ool-1-worker-171 | DEBUG | d.t.c.a.a.c.u.util.UserUtilService   : 1 tutors generated. Generate 0 editors...
    23:43:58.879 | 407 ool-1-worker-171 | DEBUG | d.t.c.a.a.c.u.util.UserUtilService   : 0 editors generated. Generate 1 instructors...
    23:43:58.881 | 407 ool-1-worker-171 | DEBUG | d.t.c.a.a.c.u.util.UserUtilService   : 1 instructors generated
    23:43:58.887 | 407 ool-1-worker-171 | DEBUG | d.t.c.a.a.c.u.util.UserUtilService   : Removing 3 users from all courses...
    23:43:58.887 | 407 ool-1-worker-171 | DEBUG | d.t.c.a.a.c.u.util.UserUtilService   : Removing 3 users from all courses. Done
    23:43:58.887 | 407 ool-1-worker-171 | DEBUG | d.t.c.a.a.c.u.util.UserUtilService   : Save 3 users to database...
    23:43:58.892 | 407 ool-1-worker-171 | DEBUG | d.t.c.a.a.c.u.util.UserUtilService   : Save 3 users to database. Done
    23:43:58.948 | 407 ool-1-worker-171 | DEBUG | .c.s.m.InstanceMessageReceiveService : Received schedule participant score for exercise 472 and participant 90 (result to be deleted: null)
    23:43:58.948 | 407 ool-1-worker-171 | DEBUG | .a.s.ParticipantScoreScheduleService : Scheduled task for exercise 472 and participant 90 at 2025-02-14T23:43:59.048365170Z[Etc/UTC].
    23:43:58.948 | 407 ool-1-worker-171 | DEBUG | .c.s.m.InstanceMessageReceiveService : Received schedule participant score for exercise 472 and participant 90 (result to be deleted: null)
    23:43:58.948 | 407 ool-1-worker-171 | DEBUG | .a.s.ParticipantScoreScheduleService : Scheduled task for exercise 472 and participant 90 at 2025-02-14T23:43:59.048939742Z[Etc/UTC].
    23:43:58.949 | 407 ool-1-worker-171 | DEBUG | .c.s.m.InstanceMessageReceiveService : Received schedule participant score for exercise 473 and participant 90 (result to be deleted: null)
    23:43:58.949 | 407 ool-1-worker-171 | DEBUG | .a.s.ParticipantScoreScheduleService : Scheduled task for exercise 473 and participant 90 at 2025-02-14T23:43:59.049430738Z[Etc/UTC].
    23:43:58.951 | 407 ool-1-worker-171 | DEBUG | .c.s.m.InstanceMessageReceiveService : Received schedule participant score for exercise 475 and participant 90 (result to be deleted: null)
    23:43:58.951 | 407 ool-1-worker-171 | DEBUG | .a.s.ParticipantScoreScheduleService : Scheduled task for exercise 475 and participant 90 at 2025-02-14T23:43:59.051396995Z[Etc/UTC].
    23:43:58.951 | 407 ool-1-worker-171 | DEBUG | .c.s.m.InstanceMessageReceiveService : Received schedule participant score for exercise 475 and participant 90 (result to be deleted: null)
    23:43:58.951 | 407 ool-1-worker-171 | DEBUG | .a.s.ParticipantScoreScheduleService : Scheduled task for exercise 475 and participant 90 at 2025-02-14T23:43:59.051878212Z[Etc/UTC].
    23:43:58.966 | 407 ool-1-worker-171 | DEBUG | .c.s.m.InstanceMessageReceiveService : Received schedule participant score for exercise 472 and participant 90 (result to be deleted: null)
    23:43:58.966 | 407 ool-1-worker-171 | DEBUG | .a.s.ParticipantScoreScheduleService : Scheduled task for exercise 472 and participant 90 at 2025-02-14T23:43:59.066653089Z[Etc/UTC].
    23:43:58.988 | 407 ool-1-worker-171 | DEBUG | .c.s.m.InstanceMessageReceiveService : Received schedule participant score for exercise 472 and participant 90 (result to be deleted: null)
    23:43:58.988 | 407 ool-1-worker-171 | DEBUG | .a.s.ParticipantScoreScheduleService : Scheduled task for exercise 472 and participant 90 at 2025-02-14T23:43:59.088323268Z[Etc/UTC].
    23:43:59.004 | 407 ool-1-worker-171 | DEBUG | .c.s.m.InstanceMessageReceiveService : Received schedule participant score for exercise 473 and participant 90 (result to be deleted: null)
    23:43:59.004 | 407 ool-1-worker-171 | DEBUG | .a.s.ParticipantScoreScheduleService : Scheduled task for exercise 473 and participant 90 at 2025-02-14T23:43:59.104352905Z[Etc/UTC].
    23:43:59.019 | 407 ool-1-worker-171 | DEBUG | .c.s.m.InstanceMessageReceiveService : Received schedule participant score for exercise 475 and participant 90 (result to be deleted: null)
    23:43:59.019 | 407 ool-1-worker-171 | DEBUG | .a.s.ParticipantScoreScheduleService : Scheduled task for exercise 475 and participant 90 at 2025-02-14T23:43:59.119188135Z[Etc/UTC].
    23:43:59.036 | 407 ool-1-worker-171 | DEBUG | .c.s.m.InstanceMessageReceiveService : Received schedule participant score for exercise 475 and participant 90 (result to be deleted: null)
    23:43:59.036 | 407 ool-1-worker-171 | DEBUG | .a.s.ParticipantScoreScheduleService : Scheduled task for exercise 475 and participant 90 at 2025-02-14T23:43:59.136881434Z[Etc/UTC].
    23:43:59.053 | 407 ool-1-worker-171 | INFO  | i.z.t.d.l.EmbeddedDatabaseReporter   : JDBC URL to connect to 'dataSource': url='jdbc:h2:tcp://localhost:41063/mem:f240edcd-27ce-47a3-b4ab-a6a00c154135;USER=sa', scope='PyrisFaqIngestionTest#testDeleteFaqFromPyrisDatabaseWithCourseSettingsEnabled'

  Starting logs for PyrisFaqIngestionTest > testStageNotDoneKeepsDeletionIngestionJob()
    23:43:59.083 | 407 ool-1-worker-171 | DEBUG | d.t.c.a.a.c.u.util.UserUtilService   : Generate 1 students...
    23:43:59.085 | 407 ool-1-worker-171 | DEBUG | d.t.c.a.a.c.u.util.UserUtilService   : 1 students generated. Generate 1 tutors...
    23:43:59.088 | 407 ool-1-worker-171 | DEBUG | d.t.c.a.a.c.u.util.UserUtilService   : 1 tutors generated. Generate 0 editors...
    23:43:59.089 | 407 ool-1-worker-171 | DEBUG | d.t.c.a.a.c.u.util.UserUtilService   : 0 editors generated. Generate 1 instructors...
    23:43:59.092 | 407 ool-1-worker-171 | DEBUG | d.t.c.a.a.c.u.util.UserUtilService   : 1 instructors generated
    23:43:59.093 | 407 ool-1-worker-171 | DEBUG | d.t.c.a.a.c.u.util.UserUtilService   : Removing 3 users from all courses...
    23:43:59.094 | 407 ool-1-worker-171 | DEBUG | d.t.c.a.a.c.u.util.UserUtilService   : Removing 3 users from all courses. Done
    23:43:59.094 | 407 ool-1-worker-171 | DEBUG | d.t.c.a.a.c.u.util.UserUtilService   : Save 3 users to database...
    23:43:59.100 | 407 ool-1-worker-171 | DEBUG | d.t.c.a.a.c.u.util.UserUtilService   : Save 3 users to database. Done
    23:43:59.129 | 407 ool-1-worker-171 | DEBUG | .c.s.m.InstanceMessageReceiveService : Received schedule participant score for exercise 477 and participant 90 (result to be deleted: null)
    23:43:59.129 | 407 ool-1-worker-171 | DEBUG | .a.s.ParticipantScoreScheduleService : Scheduled task for exercise 477 and participant 90 at 2025-02-14T23:43:59.229911464Z[Etc/UTC].
    23:43:59.130 | 407 ool-1-worker-171 | DEBUG | .c.s.m.InstanceMessageReceiveService : Received schedule participant score for exercise 477 and participant 90 (result to be deleted: null)
    23:43:59.130 | 407 ool-1-worker-171 | DEBUG | .a.s.ParticipantScoreScheduleService : Scheduled task for exercise 477 and participant 90 at 2025-02-14T23:43:59.230418730Z[Etc/UTC].
    23:43:59.130 | 407 ool-1-worker-171 | DEBUG | .c.s.m.InstanceMessageReceiveService : Received schedule participant score for exercise 478 and participant 90 (result to be deleted: null)
    23:43:59.130 | 407 ool-1-worker-171 | DEBUG | .a.s.ParticipantScoreScheduleService : Scheduled task for exercise 478 and participant 90 at 2025-02-14T23:43:59.230877526Z[Etc/UTC].
    23:43:59.131 | 407 ool-1-worker-171 | DEBUG | .c.s.m.InstanceMessageReceiveService : Received schedule participant score for exercise 480 and participant 90 (result to be deleted: null)
    23:43:59.131 | 407 ool-1-worker-171 | DEBUG | .a.s.ParticipantScoreScheduleService : Scheduled task for exercise 480 and participant 90 at 2025-02-14T23:43:59.231829963Z[Etc/UTC].
    23:43:59.132 | 407 ool-1-worker-171 | DEBUG | .c.s.m.InstanceMessageReceiveService : Received schedule participant score for exercise 480 and participant 90 (result to be deleted: null)
    23:43:59.132 | 407 ool-1-worker-171 | DEBUG | .a.s.ParticipantScoreScheduleService : Scheduled task for exercise 480 and participant 90 at 2025-02-14T23:43:59.232322401Z[Etc/UTC].
    23:43:59.139 | 407 ool-1-worker-171 | DEBUG | .c.s.m.InstanceMessageReceiveService : Received schedule participant score for exercise 477 and participant 90 (result to be deleted: null)
    23:43:59.139 | 407 ool-1-worker-171 | DEBUG | .a.s.ParticipantScoreScheduleService : Scheduled task for exercise 477 and participant 90 at 2025-02-14T23:43:59.239494625Z[Etc/UTC].
    23:43:59.147 | 407 ool-1-worker-171 | DEBUG | .c.s.m.InstanceMessageReceiveService : Received schedule participant score for exercise 477 and participant 90 (result to be deleted: null)
    23:43:59.147 | 407 ool-1-worker-171 | DEBUG | .a.s.ParticipantScoreScheduleService : Scheduled task for exercise 477 and participant 90 at 2025-02-14T23:43:59.247379461Z[Etc/UTC].
    23:43:59.154 | 407 ool-1-worker-171 | DEBUG | .c.s.m.InstanceMessageReceiveService : Received schedule participant score for exercise 478 and participant 90 (result to be deleted: null)
    23:43:59.155 | 407 ool-1-worker-171 | DEBUG | .a.s.ParticipantScoreScheduleService : Scheduled task for exercise 478 and participant 90 at 2025-02-14T23:43:59.254998812Z[Etc/UTC].
    23:43:59.162 | 407 ool-1-worker-171 | DEBUG | .c.s.m.InstanceMessageReceiveService : Received schedule participant score for exercise 480 and participant 90 (result to be deleted: null)
    23:43:59.163 | 407 ool-1-worker-171 | DEBUG | .a.s.ParticipantScoreScheduleService : Scheduled task for exercise 480 and participant 90 at 2025-02-14T23:43:59.263018309Z[Etc/UTC].
    23:43:59.170 | 407 ool-1-worker-171 | DEBUG | .c.s.m.InstanceMessageReceiveService : Received schedule participant score for exercise 480 and participant 90 (result to be deleted: null)
    23:43:59.170 | 407 ool-1-worker-171 | DEBUG | .a.s.ParticipantScoreScheduleService : Scheduled task for exercise 480 and participant 90 at 2025-02-14T23:43:59.270649993Z[Etc/UTC].
    23:43:59.193 | 407 ool-1-worker-171 | INFO  | i.z.t.d.l.EmbeddedDatabaseReporter   : JDBC URL to connect to 'dataSource': url='jdbc:h2:tcp://localhost:41063/mem:f240edcd-27ce-47a3-b4ab-a6a00c154135;USER=sa', scope='PyrisFaqIngestionTest#testStageNotDoneKeepsDeletionIngestionJob'
    23:43:59.200 | 407 ool-1-worker-171 | INFO  | d.t.c.a.a.c.s.jwt.TokenProvider      : Invalid JWT token: artemislocal_ase_in_tum_de-unknown-1739576639194-jOxWSiDelR from source bearer
    23:43:59.200 | 407 ool-1-worker-171 | INFO  | d.t.c.a.a.c.s.jwt.TokenProvider      : Invalid JWT token: artemislocal_ase_in_tum_de-unknown-1739576639194-jOxWSiDelR from source bearer
    23:43:59.200 | 407 ool-1-worker-171 | DEBUG | d.t.c.a.a.c.s.f.ApiVersionFilter     : Adding Version to Request POST /api/public/pyris/webhooks/ingestion/faqs/runs/artemislocal_ase_in_tum_de-unknown-1739576639194-jOxWSiDelR/status

  Starting logs for PyrisFaqIngestionTest > testAllStagesDoneRemovesDeletionIngestionJob()
    23:43:59.225 | 407 ool-1-worker-171 | DEBUG | d.t.c.a.a.c.u.util.UserUtilService   : Generate 1 students...
    23:43:59.228 | 407 ool-1-worker-171 | DEBUG | d.t.c.a.a.c.u.util.UserUtilService   : 1 students generated. Generate 1 tutors...
    23:43:59.231 | 407 ool-1-worker-171 | DEBUG | d.t.c.a.a.c.u.util.UserUtilService   : 1 tutors generated. Generate 0 editors...
    23:43:59.232 | 407 ool-1-worker-171 | DEBUG | d.t.c.a.a.c.u.util.UserUtilService   : 0 editors generated. Generate 1 instructors...
    23:43:59.235 | 407 ool-1-worker-171 | DEBUG | d.t.c.a.a.c.u.util.UserUtilService   : 1 instructors generated
    23:43:59.236 | 407 ool-1-worker-171 | DEBUG | d.t.c.a.a.c.u.util.UserUtilService   : Removing 3 users from all courses...
    23:43:59.237 | 407 ool-1-worker-171 | DEBUG | d.t.c.a.a.c.u.util.UserUtilService   : Removing 3 users from all courses. Done
    23:43:59.237 | 407 ool-1-worker-171 | DEBUG | d.t.c.a.a.c.u.util.UserUtilService   : Save 3 users to database...
    23:43:59.240 | 407 ool-1-worker-171 | DEBUG | d.t.c.a.a.c.u.util.UserUtilService   : Save 3 users to database. Done

Finished logs for StudentExamIntegrationTest
    23:43:59.272 | 407 ool-1-worker-171 | DEBUG | .c.s.m.InstanceMessageReceiveService : Received schedule participant score for exercise 482 and participant 90 (result to be deleted: null)
    23:43:59.272 | 407 ool-1-worker-171 | DEBUG | .a.s.ParticipantScoreScheduleService : Scheduled task for exercise 482 and participant 90 at 2025-02-14T23:43:59.372344997Z[Etc/UTC].
    23:43:59.272 | 407 ool-1-worker-171 | DEBUG | .c.s.m.InstanceMessageReceiveService : Received schedule participant score for exercise 482 and participant 90 (result to be deleted: null)
    23:43:59.272 | 407 ool-1-worker-171 | DEBUG | .a.s.ParticipantScoreScheduleService : Scheduled task for exercise 482 and participant 90 at 2025-02-14T23:43:59.372875537Z[Etc/UTC].
    23:43:59.273 | 407 ool-1-worker-171 | DEBUG | .c.s.m.InstanceMessageReceiveService : Received schedule participant score for exercise 483 and participant 90 (result to be deleted: null)
    23:43:59.273 | 407 ool-1-worker-171 | DEBUG | .a.s.ParticipantScoreScheduleService : Scheduled task for exercise 483 and participant 90 at 2025-02-14T23:43:59.373879770Z[Etc/UTC].
    23:43:59.274 | 407 ool-1-worker-171 | DEBUG | .c.s.m.InstanceMessageReceiveService : Received schedule participant score for exercise 485 and participant 90 (result to be deleted: null)
    23:43:59.274 | 407 ool-1-worker-171 | DEBUG | .a.s.ParticipantScoreScheduleService : Scheduled task for exercise 485 and participant 90 at 2025-02-14T23:43:59.374743941Z[Etc/UTC].
    23:43:59.276 | 407 ool-1-worker-171 | DEBUG | .c.s.m.InstanceMessageReceiveService : Received schedule participant score for exercise 485 and participant 90 (result to be deleted: null)
    23:43:59.277 | 407 ool-1-worker-171 | DEBUG | .a.s.ParticipantScoreScheduleService : Scheduled task for exercise 485 and participant 90 at 2025-02-14T23:43:59.377047047Z[Etc/UTC].
    23:43:59.289 | 407 ool-1-worker-171 | DEBUG | .c.s.m.InstanceMessageReceiveService : Received schedule participant score for exercise 482 and participant 90 (result to be deleted: null)
    23:43:59.289 | 407 ool-1-worker-171 | DEBUG | .a.s.ParticipantScoreScheduleService : Scheduled task for exercise 482 and participant 90 at 2025-02-14T23:43:59.389202107Z[Etc/UTC].
    23:43:59.296 | 407 ool-1-worker-171 | DEBUG | .c.s.m.InstanceMessageReceiveService : Received schedule participant score for exercise 482 and participant 90 (result to be deleted: null)
    23:43:59.296 | 407 ool-1-worker-171 | DEBUG | .a.s.ParticipantScoreScheduleService : Scheduled task for exercise 482 and participant 90 at 2025-02-14T23:43:59.396382760Z[Etc/UTC].
    23:43:59.304 | 407 ool-1-worker-171 | DEBUG | .c.s.m.InstanceMessageReceiveService : Received schedule participant score for exercise 483 and participant 90 (result to be deleted: null)
    23:43:59.304 | 407 ool-1-worker-171 | DEBUG | .a.s.ParticipantScoreScheduleService : Scheduled task for exercise 483 and participant 90 at 2025-02-14T23:43:59.404527230Z[Etc/UTC].
    23:43:59.312 | 407 ool-1-worker-171 | DEBUG | .c.s.m.InstanceMessageReceiveService : Received schedule participant score for exercise 485 and participant 90 (result to be deleted: null)
    23:43:59.312 | 407 ool-1-worker-171 | DEBUG | .a.s.ParticipantScoreScheduleService : Scheduled task for exercise 485 and participant 90 at 2025-02-14T23:43:59.412606068Z[Etc/UTC].
    23:43:59.320 | 407 ool-1-worker-171 | DEBUG | .c.s.m.InstanceMessageReceiveService : Received schedule participant score for exercise 485 and participant 90 (result to be deleted: null)
    23:43:59.320 | 407 ool-1-worker-171 | DEBUG | .a.s.ParticipantScoreScheduleService : Scheduled task for exercise 485 and participant 90 at 2025-02-14T23:43:59.420127356Z[Etc/UTC].
    23:43:59.330 | 407 ool-1-worker-171 | INFO  | i.z.t.d.l.EmbeddedDatabaseReporter   : JDBC URL to connect to 'dataSource': url='jdbc:h2:tcp://localhost:41063/mem:f240edcd-27ce-47a3-b4ab-a6a00c154135;USER=sa', scope='PyrisFaqIngestionTest#testAllStagesDoneRemovesDeletionIngestionJob'
    23:43:59.333 | 407 ool-1-worker-171 | INFO  | d.t.c.a.a.c.s.jwt.TokenProvider      : Invalid JWT token: artemislocal_ase_in_tum_de-unknown-1739576639331-HEK0sVcc6y from source bearer
    23:43:59.333 | 407 ool-1-worker-171 | INFO  | d.t.c.a.a.c.s.jwt.TokenProvider      : Invalid JWT token: artemislocal_ase_in_tum_de-unknown-1739576639331-HEK0sVcc6y from source bearer
    23:43:59.333 | 407 ool-1-worker-171 | DEBUG | d.t.c.a.a.c.s.f.ApiVersionFilter     : Adding Version to Request POST /api/public/pyris/webhooks/ingestion/faqs/runs/artemislocal_ase_in_tum_de-unknown-1739576639331-HEK0sVcc6y/status

  Starting logs for PyrisFaqIngestionTest > testAllStagesDoneIngestionStateDone()
    23:43:59.458 | 407 ool-1-worker-171 | DEBUG | d.t.c.a.a.c.u.util.UserUtilService   : Generate 1 students...
    23:43:59.464 | 407 ool-1-worker-171 | DEBUG | d.t.c.a.a.c.u.util.UserUtilService   : 1 students generated. Generate 1 tutors...
    23:43:59.473 | 407 ool-1-worker-171 | DEBUG | d.t.c.a.a.c.u.util.UserUtilService   : 1 tutors generated. Generate 0 editors...
    23:43:59.474 | 407 ool-1-worker-171 | DEBUG | d.t.c.a.a.c.u.util.UserUtilService   : 0 editors generated. Generate 1 instructors...
    23:43:59.481 | 407 ool-1-worker-171 | DEBUG | d.t.c.a.a.c.u.util.UserUtilService   : 1 instructors generated
    23:43:59.488 | 407 ool-1-worker-171 | DEBUG | d.t.c.a.a.c.u.util.UserUtilService   : Removing 3 users from all courses...
    23:43:59.491 | 407 ool-1-worker-171 | DEBUG | d.t.c.a.a.c.u.util.UserUtilService   : Removing 3 users from all courses. Done
    23:43:59.491 | 407 ool-1-worker-171 | DEBUG | d.t.c.a.a.c.u.util.UserUtilService   : Save 3 users to database...
    23:43:59.497 | 407 ool-1-worker-171 | DEBUG | d.t.c.a.a.c.u.util.UserUtilService   : Save 3 users to database. Done
    23:43:59.567 | 407 ool-1-worker-171 | DEBUG | .c.s.m.InstanceMessageReceiveService : Received schedule participant score for exercise 487 and participant 90 (result to be deleted: null)
    23:43:59.567 | 407 ool-1-worker-171 | DEBUG | .a.s.ParticipantScoreScheduleService : Scheduled task for exercise 487 and participant 90 at 2025-02-14T23:43:59.667958005Z[Etc/UTC].
    23:43:59.568 | 407 ool-1-worker-171 | DEBUG | .c.s.m.InstanceMessageReceiveService : Received schedule participant score for exercise 487 and participant 90 (result to be deleted: null)
    23:43:59.568 | 407 ool-1-worker-171 | DEBUG | .a.s.ParticipantScoreScheduleService : Scheduled task for exercise 487 and participant 90 at 2025-02-14T23:43:59.668512239Z[Etc/UTC].
    23:43:59.568 | 407 ool-1-worker-171 | DEBUG | .c.s.m.InstanceMessageReceiveService : Received schedule participant score for exercise 488 and participant 90 (result to be deleted: null)
    23:43:59.568 | 407 ool-1-worker-171 | DEBUG | .a.s.ParticipantScoreScheduleService : Scheduled task for exercise 488 and participant 90 at 2025-02-14T23:43:59.668983087Z[Etc/UTC].
    23:43:59.569 | 407 ool-1-worker-171 | DEBUG | .c.s.m.InstanceMessageReceiveService : Received schedule participant score for exercise 490 and participant 90 (result to be deleted: null)
    23:43:59.569 | 407 ool-1-worker-171 | DEBUG | .a.s.ParticipantScoreScheduleService : Scheduled task for exercise 490 and participant 90 at 2025-02-14T23:43:59.669496755Z[Etc/UTC].
    23:43:59.572 | 407 ool-1-worker-171 | DEBUG | .c.s.m.InstanceMessageReceiveService : Received schedule participant score for exercise 490 and participant 90 (result to be deleted: null)
    23:43:59.572 | 407 ool-1-worker-171 | DEBUG | .a.s.ParticipantScoreScheduleService : Scheduled task for exercise 490 and participant 90 at 2025-02-14T23:43:59.672602247Z[Etc/UTC].
    23:43:59.586 | 407 ool-1-worker-171 | DEBUG | .c.s.m.InstanceMessageReceiveService : Received schedule participant score for exercise 487 and participant 90 (result to be deleted: null)
    23:43:59.586 | 407 ool-1-worker-171 | DEBUG | .a.s.ParticipantScoreScheduleService : Scheduled task for exercise 487 and participant 90 at 2025-02-14T23:43:59.686369294Z[Etc/UTC].
    23:43:59.604 | 407 ool-1-worker-171 | DEBUG | .c.s.m.InstanceMessageReceiveService : Received schedule participant score for exercise 487 and participant 90 (result to be deleted: null)
    23:43:59.604 | 407 ool-1-worker-171 | DEBUG | .a.s.ParticipantScoreScheduleService : Scheduled task for exercise 487 and participant 90 at 2025-02-14T23:43:59.704319312Z[Etc/UTC].
    23:43:59.619 | 407 ool-1-worker-171 | DEBUG | .c.s.m.InstanceMessageReceiveService : Received schedule participant score for exercise 488 and participant 90 (result to be deleted: null)
    23:43:59.619 | 407 ool-1-worker-171 | DEBUG | .a.s.ParticipantScoreScheduleService : Scheduled task for exercise 488 and participant 90 at 2025-02-14T23:43:59.719869635Z[Etc/UTC].
    23:43:59.635 | 407 ool-1-worker-171 | DEBUG | .c.s.m.InstanceMessageReceiveService : Received schedule participant score for exercise 490 and participant 90 (result to be deleted: null)
    23:43:59.635 | 407 ool-1-worker-171 | DEBUG | .a.s.ParticipantScoreScheduleService : Scheduled task for exercise 490 and participant 90 at 2025-02-14T23:43:59.735076254Z[Etc/UTC].
    23:43:59.653 | 407 ool-1-worker-171 | DEBUG | .c.s.m.InstanceMessageReceiveService : Received schedule participant score for exercise 490 and participant 90 (result to be deleted: null)
    23:43:59.653 | 407 ool-1-worker-171 | DEBUG | .a.s.ParticipantScoreScheduleService : Scheduled task for exercise 490 and participant 90 at 2025-02-14T23:43:59.753283095Z[Etc/UTC].
    23:43:59.675 | 407 ool-1-worker-171 | INFO  | i.z.t.d.l.EmbeddedDatabaseReporter   : JDBC URL to connect to 'dataSource': url='jdbc:h2:tcp://localhost:41063/mem:f240edcd-27ce-47a3-b4ab-a6a00c154135;USER=sa', scope='PyrisFaqIngestionTest#testAllStagesDoneIngestionStateDone'
    23:43:59.688 | 407 ool-1-worker-171 | INFO  | d.t.c.a.a.c.s.jwt.TokenProvider      : Invalid JWT token: artemislocal_ase_in_tum_de-unknown-1739576639682-jPGZgKdcor from source bearer
    23:43:59.688 | 407 ool-1-worker-171 | INFO  | d.t.c.a.a.c.s.jwt.TokenProvider      : Invalid JWT token: artemislocal_ase_in_tum_de-unknown-1739576639682-jPGZgKdcor from source bearer
    23:43:59.688 | 407 ool-1-worker-171 | DEBUG | d.t.c.a.a.c.s.f.ApiVersionFilter     : Adding Version to Request POST /api/public/pyris/webhooks/ingestion/faqs/runs/artemislocal_ase_in_tum_de-unknown-1739576639682-jPGZgKdcor/status

  Starting logs for PyrisFaqIngestionTest > testErrorStageRemovesAdditionIngestionJob()
    23:43:59.718 | 407 ool-1-worker-171 | DEBUG | d.t.c.a.a.c.u.util.UserUtilService   : Generate 1 students...
    23:43:59.722 | 407 ool-1-worker-171 | DEBUG | d.t.c.a.a.c.u.util.UserUtilService   : 1 students generated. Generate 1 tutors...
    23:43:59.729 | 407 ool-1-worker-171 | DEBUG | d.t.c.a.a.c.u.util.UserUtilService   : 1 tutors generated. Generate 0 editors...
    23:43:59.731 | 407 ool-1-worker-171 | DEBUG | d.t.c.a.a.c.u.util.UserUtilService   : 0 editors generated. Generate 1 instructors...
    23:43:59.736 | 407 ool-1-worker-171 | DEBUG | d.t.c.a.a.c.u.util.UserUtilService   : 1 instructors generated
    23:43:59.740 | 407 ool-1-worker-171 | DEBUG | d.t.c.a.a.c.u.util.UserUtilService   : Removing 3 users from all courses...
    23:43:59.741 | 407 ool-1-worker-171 | DEBUG | d.t.c.a.a.c.u.util.UserUtilService   : Removing 3 users from all courses. Done
    23:43:59.741 | 407 ool-1-worker-171 | DEBUG | d.t.c.a.a.c.u.util.UserUtilService   : Save 3 users to database...
    23:43:59.746 | 407 ool-1-worker-171 | DEBUG | d.t.c.a.a.c.u.util.UserUtilService   : Save 3 users to database. Done
    23:43:59.802 | 407 ool-1-worker-171 | DEBUG | .c.s.m.InstanceMessageReceiveService : Received schedule participant score for exercise 492 and participant 90 (result to be deleted: null)
    23:43:59.802 | 407 ool-1-worker-171 | DEBUG | .a.s.ParticipantScoreScheduleService : Scheduled task for exercise 492 and participant 90 at 2025-02-14T23:43:59.902572345Z[Etc/UTC].
    23:43:59.805 | 407 ool-1-worker-171 | DEBUG | .c.s.m.InstanceMessageReceiveService : Received schedule participant score for exercise 492 and participant 90 (result to be deleted: null)
    23:43:59.805 | 407 ool-1-worker-171 | DEBUG | .a.s.ParticipantScoreScheduleService : Scheduled task for exercise 492 and participant 90 at 2025-02-14T23:43:59.905605261Z[Etc/UTC].
    23:43:59.806 | 407 ool-1-worker-171 | DEBUG | .c.s.m.InstanceMessageReceiveService : Received schedule participant score for exercise 493 and participant 90 (result to be deleted: null)
    23:43:59.806 | 407 ool-1-worker-171 | DEBUG | .a.s.ParticipantScoreScheduleService : Scheduled task for exercise 493 and participant 90 at 2025-02-14T23:43:59.906079426Z[Etc/UTC].
    23:43:59.806 | 407 ool-1-worker-171 | DEBUG | .c.s.m.InstanceMessageReceiveService : Received schedule participant score for exercise 495 and participant 90 (result to be deleted: null)
    23:43:59.806 | 407 ool-1-worker-171 | DEBUG | .a.s.ParticipantScoreScheduleService : Scheduled task for exercise 495 and participant 90 at 2025-02-14T23:43:59.906574669Z[Etc/UTC].
    23:43:59.806 | 407 ool-1-worker-171 | DEBUG | .c.s.m.InstanceMessageReceiveService : Received schedule participant score for exercise 495 and participant 90 (result to be deleted: null)
    23:43:59.807 | 407 ool-1-worker-171 | DEBUG | .a.s.ParticipantScoreScheduleService : Scheduled task for exercise 495 and participant 90 at 2025-02-14T23:43:59.907021252Z[Etc/UTC].
    23:43:59.824 | 407 ool-1-worker-171 | DEBUG | .c.s.m.InstanceMessageReceiveService : Received schedule participant score for exercise 492 and participant 90 (result to be deleted: null)
    23:43:59.824 | 407 ool-1-worker-171 | DEBUG | .a.s.ParticipantScoreScheduleService : Scheduled task for exercise 492 and participant 90 at 2025-02-14T23:43:59.924350022Z[Etc/UTC].
    23:43:59.840 | 407 ool-1-worker-171 | DEBUG | .c.s.m.InstanceMessageReceiveService : Received schedule participant score for exercise 492 and participant 90 (result to be deleted: null)
    23:43:59.840 | 407 ool-1-worker-171 | DEBUG | .a.s.ParticipantScoreScheduleService : Scheduled task for exercise 492 and participant 90 at 2025-02-14T23:43:59.940271457Z[Etc/UTC].
    23:43:59.851 | 407 ool-1-worker-171 | DEBUG | .c.s.m.InstanceMessageReceiveService : Received schedule participant score for exercise 493 and participant 90 (result to be deleted: null)
    23:43:59.851 | 407 ool-1-worker-171 | DEBUG | .a.s.ParticipantScoreScheduleService : Scheduled task for exercise 493 and participant 90 at 2025-02-14T23:43:59.951880750Z[Etc/UTC].
    23:43:59.860 | 407 ool-1-worker-171 | DEBUG | .c.s.m.InstanceMessageReceiveService : Received schedule participant score for exercise 495 and participant 90 (result to be deleted: null)
    23:43:59.860 | 407 ool-1-worker-171 | DEBUG | .a.s.ParticipantScoreScheduleService : Scheduled task for exercise 495 and participant 90 at 2025-02-14T23:43:59.960147147Z[Etc/UTC].
    23:43:59.867 | 407 ool-1-worker-171 | DEBUG | .c.s.m.InstanceMessageReceiveService : Received schedule participant score for exercise 495 and participant 90 (result to be deleted: null)
    23:43:59.867 | 407 ool-1-worker-171 | DEBUG | .a.s.ParticipantScoreScheduleService : Scheduled task for exercise 495 and participant 90 at 2025-02-14T23:43:59.967419761Z[Etc/UTC].
    23:43:59.882 | 407 ool-1-worker-171 | INFO  | i.z.t.d.l.EmbeddedDatabaseReporter   : JDBC URL to connect to 'dataSource': url='jdbc:h2:tcp://localhost:41063/mem:f240edcd-27ce-47a3-b4ab-a6a00c154135;USER=sa', scope='PyrisFaqIngestionTest#testErrorStageRemovesAdditionIngestionJob'
    23:43:59.887 | 407 ool-1-worker-171 | INFO  | d.t.c.a.a.c.s.jwt.TokenProvider      : Invalid JWT token: artemislocal_ase_in_tum_de-unknown-1739576639885-JgAlIuOebW from source bearer
    23:43:59.887 | 407 ool-1-worker-171 | INFO  | d.t.c.a.a.c.s.jwt.TokenProvider      : Invalid JWT token: artemislocal_ase_in_tum_de-unknown-1739576639885-JgAlIuOebW from source bearer
    23:43:59.887 | 407 ool-1-worker-171 | DEBUG | d.t.c.a.a.c.s.f.ApiVersionFilter     : Adding Version to Request POST /api/public/pyris/webhooks/ingestion/faqs/runs/artemislocal_ase_in_tum_de-unknown-1739576639885-JgAlIuOebW/status

  Starting logs for PyrisFaqIngestionTest > testIngestionJobDone()
    23:43:59.919 | 407 ool-1-worker-171 | DEBUG | d.t.c.a.a.c.u.util.UserUtilService   : Generate 1 students...
    23:43:59.922 | 407 ool-1-worker-171 | DEBUG | d.t.c.a.a.c.u.util.UserUtilService   : 1 students generated. Generate 1 tutors...
    23:43:59.925 | 407 ool-1-worker-171 | DEBUG | d.t.c.a.a.c.u.util.UserUtilService   : 1 tutors generated. Generate 0 editors...
    23:43:59.927 | 407 ool-1-worker-171 | DEBUG | d.t.c.a.a.c.u.util.UserUtilService   : 0 editors generated. Generate 1 instructors...
    23:43:59.929 | 407 ool-1-worker-171 | DEBUG | d.t.c.a.a.c.u.util.UserUtilService   : 1 instructors generated
    23:43:59.931 | 407 ool-1-worker-171 | DEBUG | d.t.c.a.a.c.u.util.UserUtilService   : Removing 3 users from all courses...
    23:43:59.931 | 407 ool-1-worker-171 | DEBUG | d.t.c.a.a.c.u.util.UserUtilService   : Removing 3 users from all courses. Done
    23:43:59.931 | 407 ool-1-worker-171 | DEBUG | d.t.c.a.a.c.u.util.UserUtilService   : Save 3 users to database...
    23:43:59.934 | 407 ool-1-worker-171 | DEBUG | d.t.c.a.a.c.u.util.UserUtilService   : Save 3 users to database. Done
    23:43:59.963 | 407 ool-1-worker-171 | DEBUG | .c.s.m.InstanceMessageReceiveService : Received schedule participant score for exercise 497 and participant 90 (result to be deleted: null)
    23:43:59.963 | 407 ool-1-worker-171 | DEBUG | .a.s.ParticipantScoreScheduleService : Scheduled task for exercise 497 and participant 90 at 2025-02-14T23:44:00.063614795Z[Etc/UTC].
    23:43:59.964 | 407 ool-1-worker-171 | DEBUG | .c.s.m.InstanceMessageReceiveService : Received schedule participant score for exercise 497 and participant 90 (result to be deleted: null)
    23:43:59.964 | 407 ool-1-worker-171 | DEBUG | .a.s.ParticipantScoreScheduleService : Scheduled task for exercise 497 and participant 90 at 2025-02-14T23:44:00.064557703Z[Etc/UTC].
    23:43:59.965 | 407 ool-1-worker-171 | DEBUG | .c.s.m.InstanceMessageReceiveService : Received schedule participant score for exercise 498 and participant 90 (result to be deleted: null)
    23:43:59.965 | 407 ool-1-worker-171 | DEBUG | .a.s.ParticipantScoreScheduleService : Scheduled task for exercise 498 and participant 90 at 2025-02-14T23:44:00.065639521Z[Etc/UTC].
    23:43:59.966 | 407 ool-1-worker-171 | DEBUG | .c.s.m.InstanceMessageReceiveService : Received schedule participant score for exercise 500 and participant 90 (result to be deleted: null)
    23:43:59.966 | 407 ool-1-worker-171 | DEBUG | .a.s.ParticipantScoreScheduleService : Scheduled task for exercise 500 and participant 90 at 2025-02-14T23:44:00.066166123Z[Etc/UTC].
    23:43:59.966 | 407 ool-1-worker-171 | DEBUG | .c.s.m.InstanceMessageReceiveService : Received schedule participant score for exercise 500 and participant 90 (result to be deleted: null)
    23:43:59.966 | 407 ool-1-worker-171 | DEBUG | .a.s.ParticipantScoreScheduleService : Scheduled task for exercise 500 and participant 90 at 2025-02-14T23:44:00.066721038Z[Etc/UTC].
    23:43:59.983 | 407 ool-1-worker-171 | DEBUG | .c.s.m.InstanceMessageReceiveService : Received schedule participant score for exercise 497 and participant 90 (result to be deleted: null)
    23:43:59.983 | 407 ool-1-worker-171 | DEBUG | .a.s.ParticipantScoreScheduleService : Scheduled task for exercise 497 and participant 90 at 2025-02-14T23:44:00.083567328Z[Etc/UTC].
    23:43:59.998 | 407 ool-1-worker-171 | DEBUG | .c.s.m.InstanceMessageReceiveService : Received schedule participant score for exercise 497 and participant 90 (result to be deleted: null)
    23:43:59.998 | 407 ool-1-worker-171 | DEBUG | .a.s.ParticipantScoreScheduleService : Scheduled task for exercise 497 and participant 90 at 2025-02-14T23:44:00.098371570Z[Etc/UTC].
    23:44:00.000 | 614 taskScheduler-3  | DEBUG | .a.s.ParticipantScoreScheduleService : Schedule tasks to process...
    23:44:00.007 | 407 ool-1-worker-171 | DEBUG | .c.s.m.InstanceMessageReceiveService : Received schedule participant score for exercise 498 and participant 90 (result to be deleted: null)
    23:44:00.007 | 407 ool-1-worker-171 | DEBUG | .a.s.ParticipantScoreScheduleService : Scheduled task for exercise 498 and participant 90 at 2025-02-14T23:44:00.107075173Z[Etc/UTC].
    23:44:00.016 | 407 ool-1-worker-171 | DEBUG | .c.s.m.InstanceMessageReceiveService : Received schedule participant score for exercise 500 and participant 90 (result to be deleted: null)
    23:44:00.016 | 407 ool-1-worker-171 | DEBUG | .a.s.ParticipantScoreScheduleService : Scheduled task for exercise 500 and participant 90 at 2025-02-14T23:44:00.116831329Z[Etc/UTC].
    23:44:00.025 | 407 ool-1-worker-171 | DEBUG | .c.s.m.InstanceMessageReceiveService : Received schedule participant score for exercise 500 and participant 90 (result to be deleted: null)
    23:44:00.025 | 407 ool-1-worker-171 | DEBUG | .a.s.ParticipantScoreScheduleService : Scheduled task for exercise 500 and participant 90 at 2025-02-14T23:44:00.125160223Z[Etc/UTC].
    23:44:00.029 | 614 taskScheduler-3  | DEBUG | .a.s.ParticipantScoreScheduleService : Scheduled task for exercise 498 and participant 90 at 2025-02-14T23:44:00.129298222Z[Etc/UTC].
    23:44:00.029 | 614 taskScheduler-3  | DEBUG | .a.s.ParticipantScoreScheduleService : Scheduled task for exercise 500 and participant 90 at 2025-02-14T23:44:00.129326274Z[Etc/UTC].
    23:44:00.029 | 614 taskScheduler-3  | DEBUG | .a.s.ParticipantScoreScheduleService : Scheduled task for exercise 500 and participant 90 at 2025-02-14T23:44:00.129337575Z[Etc/UTC].
    23:44:00.029 | 614 taskScheduler-3  | DEBUG | .a.s.ParticipantScoreScheduleService : Scheduled task for exercise 497 and participant 90 at 2025-02-14T23:44:00.129350008Z[Etc/UTC].
    23:44:00.029 | 614 taskScheduler-3  | DEBUG | .a.s.ParticipantScoreScheduleService : Scheduled task for exercise 497 and participant 90 at 2025-02-14T23:44:00.129358083Z[Etc/UTC].
    23:44:00.029 | 614 taskScheduler-3  | DEBUG | .a.s.ParticipantScoreScheduleService : Processing of 5 results and 0 participant scores.
    23:44:00.036 | 407 ool-1-worker-171 | INFO  | i.z.t.d.l.EmbeddedDatabaseReporter   : JDBC URL to connect to 'dataSource': url='jdbc:h2:tcp://localhost:41063/mem:f240edcd-27ce-47a3-b4ab-a6a00c154135;USER=sa', scope='PyrisFaqIngestionTest#testIngestionJobDone'
    23:44:00.041 | 407 ool-1-worker-171 | INFO  | d.t.c.a.a.c.s.jwt.TokenProvider      : Invalid JWT token: artemislocal_ase_in_tum_de-unknown-1739576640040-G2ofVmmlRR from source bearer
    23:44:00.041 | 407 ool-1-worker-171 | INFO  | d.t.c.a.a.c.s.jwt.TokenProvider      : Invalid JWT token: artemislocal_ase_in_tum_de-unknown-1739576640040-G2ofVmmlRR from source bearer
    23:44:00.042 | 407 ool-1-worker-171 | DEBUG | d.t.c.a.a.c.s.f.ApiVersionFilter     : Adding Version to Request POST /api/public/pyris/webhooks/ingestion/runs/artemislocal_ase_in_tum_de-unknown-1739576640037-yYrsxEz91Y/status
    23:44:00.047 | 407 ool-1-worker-171 | WARN  | o.z.p.spring.common.AdviceTraits     : Conflict: Run ID in URL does not match run ID in request body
    23:44:00.055 | 407 ool-1-worker-171 | INFO  | d.t.c.a.a.c.s.jwt.TokenProvider      : Invalid JWT token: artemislocal_ase_in_tum_de-unknown-1739576640040-G2ofVmmlRR from source bearer
    23:44:00.056 | 407 ool-1-worker-171 | INFO  | d.t.c.a.a.c.s.jwt.TokenProvider      : Invalid JWT token: artemislocal_ase_in_tum_de-unknown-1739576640040-G2ofVmmlRR from source bearer
    23:44:00.056 | 407 ool-1-worker-171 | DEBUG | d.t.c.a.a.c.s.f.ApiVersionFilter     : Adding Version to Request POST /api/public/pyris/webhooks/ingestion/faqs/runs/artemislocal_ase_in_tum_de-unknown-1739576640040-G2ofVmmlRR/status
    23:44:00.060 | 407 ool-1-worker-171 | WARN  | o.z.p.spring.common.AdviceTraits     : Conflict: Run ID is not an ingestion job

  Starting logs for PyrisFaqIngestionTest > testRunIdIngestionJob()
    23:44:00.093 | 407 ool-1-worker-171 | DEBUG | d.t.c.a.a.c.u.util.UserUtilService   : Generate 1 students...
    23:44:00.098 | 407 ool-1-worker-171 | DEBUG | d.t.c.a.a.c.u.util.UserUtilService   : 1 students generated. Generate 1 tutors...
    23:44:00.110 | 407 ool-1-worker-171 | DEBUG | d.t.c.a.a.c.u.util.UserUtilService   : 1 tutors generated. Generate 0 editors...
    23:44:00.111 | 407 ool-1-worker-171 | DEBUG | d.t.c.a.a.c.u.util.UserUtilService   : 0 editors generated. Generate 1 instructors...
    23:44:00.130 | 407 ool-1-worker-171 | DEBUG | d.t.c.a.a.c.u.util.UserUtilService   : 1 instructors generated
    23:44:00.142 | 407 ool-1-worker-171 | DEBUG | d.t.c.a.a.c.u.util.UserUtilService   : Removing 3 users from all courses...
    23:44:00.145 | 407 ool-1-worker-171 | DEBUG | d.t.c.a.a.c.u.util.UserUtilService   : Removing 3 users from all courses. Done
    23:44:00.145 | 407 ool-1-worker-171 | DEBUG | d.t.c.a.a.c.u.util.UserUtilService   : Save 3 users to database...
    23:44:00.156 | 407 ool-1-worker-171 | DEBUG | d.t.c.a.a.c.u.util.UserUtilService   : Save 3 users to database. Done
    23:44:00.211 | 407 ool-1-worker-171 | DEBUG | .c.s.m.InstanceMessageReceiveService : Received schedule participant score for exercise 502 and participant 90 (result to be deleted: null)
    23:44:00.211 | 407 ool-1-worker-171 | DEBUG | .a.s.ParticipantScoreScheduleService : Scheduled task for exercise 502 and participant 90 at 2025-02-14T23:44:00.311808608Z[Etc/UTC].
    23:44:00.213 | 407 ool-1-worker-171 | DEBUG | .c.s.m.InstanceMessageReceiveService : Received schedule participant score for exercise 502 and participant 90 (result to be deleted: null)
    23:44:00.213 | 407 ool-1-worker-171 | DEBUG | .a.s.ParticipantScoreScheduleService : Scheduled task for exercise 502 and participant 90 at 2025-02-14T23:44:00.313334194Z[Etc/UTC].
    23:44:00.213 | 407 ool-1-worker-171 | DEBUG | .c.s.m.InstanceMessageReceiveService : Received schedule participant score for exercise 503 and participant 90 (result to be deleted: null)
    23:44:00.213 | 407 ool-1-worker-171 | DEBUG | .a.s.ParticipantScoreScheduleService : Scheduled task for exercise 503 and participant 90 at 2025-02-14T23:44:00.313963728Z[Etc/UTC].
    23:44:00.216 | 407 ool-1-worker-171 | DEBUG | .c.s.m.InstanceMessageReceiveService : Received schedule participant score for exercise 505 and participant 90 (result to be deleted: null)
    23:44:00.216 | 407 ool-1-worker-171 | DEBUG | .a.s.ParticipantScoreScheduleService : Scheduled task for exercise 505 and participant 90 at 2025-02-14T23:44:00.316214366Z[Etc/UTC].
    23:44:00.217 | 407 ool-1-worker-171 | DEBUG | .c.s.m.InstanceMessageReceiveService : Received schedule participant score for exercise 505 and participant 90 (result to be deleted: null)
    23:44:00.217 | 407 ool-1-worker-171 | DEBUG | .a.s.ParticipantScoreScheduleService : Scheduled task for exercise 505 and participant 90 at 2025-02-14T23:44:00.317368518Z[Etc/UTC].
    23:44:00.233 | 407 ool-1-worker-171 | DEBUG | .c.s.m.InstanceMessageReceiveService : Received schedule participant score for exercise 502 and participant 90 (result to be deleted: null)
    23:44:00.233 | 407 ool-1-worker-171 | DEBUG | .a.s.ParticipantScoreScheduleService : Scheduled task for exercise 502 and participant 90 at 2025-02-14T23:44:00.333973358Z[Etc/UTC].
    23:44:00.255 | 407 ool-1-worker-171 | DEBUG | .c.s.m.InstanceMessageReceiveService : Received schedule participant score for exercise 502 and participant 90 (result to be deleted: null)
    23:44:00.255 | 407 ool-1-worker-171 | DEBUG | .a.s.ParticipantScoreScheduleService : Scheduled task for exercise 502 and participant 90 at 2025-02-14T23:44:00.355263586Z[Etc/UTC].
    23:44:00.275 | 407 ool-1-worker-171 | DEBUG | .c.s.m.InstanceMessageReceiveService : Received schedule participant score for exercise 503 and participant 90 (result to be deleted: null)
    23:44:00.275 | 407 ool-1-worker-171 | DEBUG | .a.s.ParticipantScoreScheduleService : Scheduled task for exercise 503 and participant 90 at 2025-02-14T23:44:00.375119039Z[Etc/UTC].
    23:44:00.294 | 407 ool-1-worker-171 | DEBUG | .c.s.m.InstanceMessageReceiveService : Received schedule participant score for exercise 505 and participant 90 (result to be deleted: null)
    23:44:00.294 | 407 ool-1-worker-171 | DEBUG | .a.s.ParticipantScoreScheduleService : Scheduled task for exercise 505 and participant 90 at 2025-02-14T23:44:00.394951699Z[Etc/UTC].
    23:44:00.305 | 407 ool-1-worker-171 | DEBUG | .c.s.m.InstanceMessageReceiveService : Received schedule participant score for exercise 505 and participant 90 (result to be deleted: null)
    23:44:00.305 | 407 ool-1-worker-171 | DEBUG | .a.s.ParticipantScoreScheduleService : Scheduled task for exercise 505 and participant 90 at 2025-02-14T23:44:00.405483371Z[Etc/UTC].
    23:44:00.318 | 407 ool-1-worker-171 | INFO  | i.z.t.d.l.EmbeddedDatabaseReporter   : JDBC URL to connect to 'dataSource': url='jdbc:h2:tcp://localhost:41063/mem:f240edcd-27ce-47a3-b4ab-a6a00c154135;USER=sa', scope='PyrisFaqIngestionTest#testRunIdIngestionJob'
    23:44:00.322 | 407 ool-1-worker-171 | INFO  | d.t.c.a.a.c.s.jwt.TokenProvider      : Invalid JWT token: artemislocal_ase_in_tum_de-unknown-1739576640320-7SmNuLsWFx from source bearer
    23:44:00.322 | 407 ool-1-worker-171 | INFO  | d.t.c.a.a.c.s.jwt.TokenProvider      : Invalid JWT token: artemislocal_ase_in_tum_de-unknown-1739576640320-7SmNuLsWFx from source bearer
    23:44:00.322 | 407 ool-1-worker-171 | DEBUG | d.t.c.a.a.c.s.f.ApiVersionFilter     : Adding Version to Request POST /api/public/pyris/webhooks/ingestion/runs/artemislocal_ase_in_tum_de-unknown-1739576640320-Vdr0IklIMj/status
    23:44:00.326 | 407 ool-1-worker-171 | WARN  | o.z.p.spring.common.AdviceTraits     : Conflict: Run ID in URL does not match run ID in request body
    23:44:00.328 | 407 ool-1-worker-171 | INFO  | d.t.c.a.a.c.s.jwt.TokenProvider      : Invalid JWT token: artemislocal_ase_in_tum_de-unknown-1739576640320-7SmNuLsWFx from source bearer
    23:44:00.328 | 407 ool-1-worker-171 | INFO  | d.t.c.a.a.c.s.jwt.TokenProvider      : Invalid JWT token: artemislocal_ase_in_tum_de-unknown-1739576640320-7SmNuLsWFx from source bearer
    23:44:00.329 | 407 ool-1-worker-171 | DEBUG | d.t.c.a.a.c.s.f.ApiVersionFilter     : Adding Version to Request POST /api/public/pyris/webhooks/ingestion/faqs/runs/artemislocal_ase_in_tum_de-unknown-1739576640320-7SmNuLsWFx/status
    23:44:00.333 | 407 ool-1-worker-171 | WARN  | o.z.p.spring.common.AdviceTraits     : Conflict: Run ID is not an ingestion job

  Starting logs for PyrisFaqIngestionTest > testStageNotDoneKeepsAdditionIngestionJob()
    23:44:00.386 | 407 ool-1-worker-171 | DEBUG | d.t.c.a.a.c.u.util.UserUtilService   : Generate 1 students...
    23:44:00.392 | 407 ool-1-worker-171 | DEBUG | d.t.c.a.a.c.u.util.UserUtilService   : 1 students generated. Generate 1 tutors...
    23:44:00.398 | 407 ool-1-worker-171 | DEBUG | d.t.c.a.a.c.u.util.UserUtilService   : 1 tutors generated. Generate 0 editors...
    23:44:00.402 | 407 ool-1-worker-171 | DEBUG | d.t.c.a.a.c.u.util.UserUtilService   : 0 editors generated. Generate 1 instructors...
    23:44:00.408 | 407 ool-1-worker-171 | DEBUG | d.t.c.a.a.c.u.util.UserUtilService   : 1 instructors generated
    23:44:00.409 | 407 ool-1-worker-171 | DEBUG | d.t.c.a.a.c.u.util.UserUtilService   : Removing 3 users from all courses...
    23:44:00.410 | 407 ool-1-worker-171 | DEBUG | d.t.c.a.a.c.u.util.UserUtilService   : Removing 3 users from all courses. Done
    23:44:00.410 | 407 ool-1-worker-171 | DEBUG | d.t.c.a.a.c.u.util.UserUtilService   : Save 3 users to database...
    23:44:00.422 | 407 ool-1-worker-171 | DEBUG | d.t.c.a.a.c.u.util.UserUtilService   : Save 3 users to database. Done
    23:44:00.514 | 407 ool-1-worker-171 | DEBUG | .c.s.m.InstanceMessageReceiveService : Received schedule participant score for exercise 507 and participant 90 (result to be deleted: null)
    23:44:00.514 | 407 ool-1-worker-171 | DEBUG | .a.s.ParticipantScoreScheduleService : Scheduled task for exercise 507 and participant 90 at 2025-02-14T23:44:00.614337846Z[Etc/UTC].
    23:44:00.518 | 407 ool-1-worker-171 | DEBUG | .c.s.m.InstanceMessageReceiveService : Received schedule participant score for exercise 507 and participant 90 (result to be deleted: null)
    23:44:00.518 | 407 ool-1-worker-171 | DEBUG | .a.s.ParticipantScoreScheduleService : Scheduled task for exercise 507 and participant 90 at 2025-02-14T23:44:00.618622978Z[Etc/UTC].
    23:44:00.519 | 407 ool-1-worker-171 | DEBUG | .c.s.m.InstanceMessageReceiveService : Received schedule participant score for exercise 508 and participant 90 (result to be deleted: null)
    23:44:00.519 | 407 ool-1-worker-171 | DEBUG | .a.s.ParticipantScoreScheduleService : Scheduled task for exercise 508 and participant 90 at 2025-02-14T23:44:00.619185928Z[Etc/UTC].
    23:44:00.522 | 407 ool-1-worker-171 | DEBUG | .c.s.m.InstanceMessageReceiveService : Received schedule participant score for exercise 510 and participant 90 (result to be deleted: null)
    23:44:00.522 | 407 ool-1-worker-171 | DEBUG | .a.s.ParticipantScoreScheduleService : Scheduled task for exercise 510 and participant 90 at 2025-02-14T23:44:00.622576351Z[Etc/UTC].
    23:44:00.523 | 407 ool-1-worker-171 | DEBUG | .c.s.m.InstanceMessageReceiveService : Received schedule participant score for exercise 510 and participant 90 (result to be deleted: null)
    23:44:00.523 | 407 ool-1-worker-171 | DEBUG | .a.s.ParticipantScoreScheduleService : Scheduled task for exercise 510 and participant 90 at 2025-02-14T23:44:00.623072747Z[Etc/UTC].
    23:44:00.549 | 407 ool-1-worker-171 | DEBUG | .c.s.m.InstanceMessageReceiveService : Received schedule participant score for exercise 507 and participant 90 (result to be deleted: null)
    23:44:00.549 | 407 ool-1-worker-171 | DEBUG | .a.s.ParticipantScoreScheduleService : Scheduled task for exercise 507 and participant 90 at 2025-02-14T23:44:00.649498203Z[Etc/UTC].
    23:44:00.771 | 601 taskScheduler-2  | DEBUG | .a.s.ParticipantScoreScheduleService : Processing exercise 508 and participant 90 to update participant scores.
    23:44:00.772 | 407 ool-1-worker-171 | DEBUG | .c.s.m.InstanceMessageReceiveService : Received schedule participant score for exercise 507 and participant 90 (result to be deleted: null)
    23:44:00.772 | 407 ool-1-worker-171 | DEBUG | .a.s.ParticipantScoreScheduleService : Scheduled task for exercise 507 and participant 90 at 2025-02-14T23:44:00.872796587Z[Etc/UTC].
    23:44:00.774 | 600 taskScheduler-1  | DEBUG | .a.s.ParticipantScoreScheduleService : Processing exercise 510 and participant 90 to update participant scores.
    23:44:00.782 | 407 ool-1-worker-171 | DEBUG | .c.s.m.InstanceMessageReceiveService : Received schedule participant score for exercise 508 and participant 90 (result to be deleted: null)
    23:44:00.782 | 407 ool-1-worker-171 | DEBUG | .a.s.ParticipantScoreScheduleService : Scheduled task for exercise 508 and participant 90 at 2025-02-14T23:44:00.882211697Z[Etc/UTC].
    23:44:00.791 | 407 ool-1-worker-171 | DEBUG | .c.s.m.InstanceMessageReceiveService : Received schedule participant score for exercise 510 and participant 90 (result to be deleted: null)
    23:44:00.791 | 407 ool-1-worker-171 | DEBUG | .a.s.ParticipantScoreScheduleService : Scheduled task for exercise 510 and participant 90 at 2025-02-14T23:44:00.891744537Z[Etc/UTC].
    23:44:00.795 | 601 taskScheduler-2  | DEBUG | .a.s.ParticipantScoreScheduleService : Updating the participant score for exercise 508 and participant 90 took 24 ms.
    23:44:00.797 | 600 taskScheduler-1  | DEBUG | .a.s.ParticipantScoreScheduleService : Updating the participant score for exercise 510 and participant 90 took 23 ms.
    23:44:00.800 | 407 ool-1-worker-171 | DEBUG | .c.s.m.InstanceMessageReceiveService : Received schedule participant score for exercise 510 and participant 90 (result to be deleted: null)
    23:44:00.800 | 407 ool-1-worker-171 | DEBUG | .a.s.ParticipantScoreScheduleService : Scheduled task for exercise 510 and participant 90 at 2025-02-14T23:44:00.900628357Z[Etc/UTC].
    23:44:00.811 | 407 ool-1-worker-171 | INFO  | i.z.t.d.l.EmbeddedDatabaseReporter   : JDBC URL to connect to 'dataSource': url='jdbc:h2:tcp://localhost:41063/mem:f240edcd-27ce-47a3-b4ab-a6a00c154135;USER=sa', scope='PyrisFaqIngestionTest#testStageNotDoneKeepsAdditionIngestionJob'
    23:44:00.817 | 407 ool-1-worker-171 | INFO  | d.t.c.a.a.c.s.jwt.TokenProvider      : Invalid JWT token: artemislocal_ase_in_tum_de-unknown-1739576640815-94c8VmvDXM from source bearer
    23:44:00.817 | 407 ool-1-worker-171 | INFO  | d.t.c.a.a.c.s.jwt.TokenProvider      : Invalid JWT token: artemislocal_ase_in_tum_de-unknown-1739576640815-94c8VmvDXM from source bearer
    23:44:00.817 | 407 ool-1-worker-171 | DEBUG | d.t.c.a.a.c.s.f.ApiVersionFilter     : Adding Version to Request POST /api/public/pyris/webhooks/ingestion/faqs/runs/artemislocal_ase_in_tum_de-unknown-1739576640815-94c8VmvDXM/status

  Starting logs for PyrisFaqIngestionTest > noAutoIngestionWhenFaqIsCreatedAndAutoUpdateEnabled()
    23:44:00.846 | 407 ool-1-worker-171 | DEBUG | d.t.c.a.a.c.u.util.UserUtilService   : Generate 1 students...
    23:44:00.849 | 407 ool-1-worker-171 | DEBUG | d.t.c.a.a.c.u.util.UserUtilService   : 1 students generated. Generate 1 tutors...
    23:44:00.851 | 407 ool-1-worker-171 | DEBUG | d.t.c.a.a.c.u.util.UserUtilService   : 1 tutors generated. Generate 0 editors...
    23:44:00.853 | 407 ool-1-worker-171 | DEBUG | d.t.c.a.a.c.u.util.UserUtilService   : 0 editors generated. Generate 1 instructors...
    23:44:00.856 | 407 ool-1-worker-171 | DEBUG | d.t.c.a.a.c.u.util.UserUtilService   : 1 instructors generated
    23:44:00.857 | 407 ool-1-worker-171 | DEBUG | d.t.c.a.a.c.u.util.UserUtilService   : Removing 3 users from all courses...
    23:44:00.857 | 407 ool-1-worker-171 | DEBUG | d.t.c.a.a.c.u.util.UserUtilService   : Removing 3 users from all courses. Done
    23:44:00.857 | 407 ool-1-worker-171 | DEBUG | d.t.c.a.a.c.u.util.UserUtilService   : Save 3 users to database...
    23:44:00.860 | 407 ool-1-worker-171 | DEBUG | d.t.c.a.a.c.u.util.UserUtilService   : Save 3 users to database. Done
    23:44:00.882 | 614 taskScheduler-3  | DEBUG | .a.s.ParticipantScoreScheduleService : Processing exercise 508 and participant 90 to update participant scores.
    23:44:00.891 | 601 taskScheduler-2  | DEBUG | .a.s.ParticipantScoreScheduleService : Processing exercise 510 and participant 90 to update participant scores.
    23:44:00.894 | 614 taskScheduler-3  | DEBUG | .a.s.ParticipantScoreScheduleService : Updating the participant score for exercise 508 and participant 90 took 12 ms.
    23:44:00.899 | 407 ool-1-worker-171 | DEBUG | .c.s.m.InstanceMessageReceiveService : Received schedule participant score for exercise 512 and participant 90 (result to be deleted: null)
    23:44:00.899 | 407 ool-1-worker-171 | DEBUG | .a.s.ParticipantScoreScheduleService : Scheduled task for exercise 512 and participant 90 at 2025-02-14T23:44:00.999411587Z[Etc/UTC].
    23:44:00.901 | 601 taskScheduler-2  | DEBUG | .a.s.ParticipantScoreScheduleService : Updating the participant score for exercise 510 and participant 90 took 10 ms.
    23:44:00.901 | 407 ool-1-worker-171 | DEBUG | .c.s.m.InstanceMessageReceiveService : Received schedule participant score for exercise 512 and participant 90 (result to be deleted: null)
    23:44:00.902 | 407 ool-1-worker-171 | DEBUG | .a.s.ParticipantScoreScheduleService : Scheduled task for exercise 512 and participant 90 at 2025-02-14T23:44:01.001998222Z[Etc/UTC].
    23:44:00.902 | 407 ool-1-worker-171 | DEBUG | .c.s.m.InstanceMessageReceiveService : Received schedule participant score for exercise 513 and participant 90 (result to be deleted: null)
    23:44:00.902 | 407 ool-1-worker-171 | DEBUG | .a.s.ParticipantScoreScheduleService : Scheduled task for exercise 513 and participant 90 at 2025-02-14T23:44:01.002505969Z[Etc/UTC].
    23:44:00.902 | 407 ool-1-worker-171 | DEBUG | .c.s.m.InstanceMessageReceiveService : Received schedule participant score for exercise 515 and participant 90 (result to be deleted: null)
    23:44:00.903 | 407 ool-1-worker-171 | DEBUG | .a.s.ParticipantScoreScheduleService : Scheduled task for exercise 515 and participant 90 at 2025-02-14T23:44:01.003000821Z[Etc/UTC].
    23:44:00.903 | 407 ool-1-worker-171 | DEBUG | .c.s.m.InstanceMessageReceiveService : Received schedule participant score for exercise 515 and participant 90 (result to be deleted: null)
    23:44:00.903 | 407 ool-1-worker-171 | DEBUG | .a.s.ParticipantScoreScheduleService : Scheduled task for exercise 515 and participant 90 at 2025-02-14T23:44:01.003533926Z[Etc/UTC].
    23:44:00.910 | 407 ool-1-worker-171 | DEBUG | .c.s.m.InstanceMessageReceiveService : Received schedule participant score for exercise 512 and participant 90 (result to be deleted: null)
    23:44:00.910 | 407 ool-1-worker-171 | DEBUG | .a.s.ParticipantScoreScheduleService : Scheduled task for exercise 512 and participant 90 at 2025-02-14T23:44:01.010720199Z[Etc/UTC].
    23:44:00.917 | 407 ool-1-worker-171 | DEBUG | .c.s.m.InstanceMessageReceiveService : Received schedule participant score for exercise 512 and participant 90 (result to be deleted: null)
    23:44:00.917 | 407 ool-1-worker-171 | DEBUG | .a.s.ParticipantScoreScheduleService : Scheduled task for exercise 512 and participant 90 at 2025-02-14T23:44:01.017915509Z[Etc/UTC].
    23:44:00.969 | 407 ool-1-worker-171 | DEBUG | .c.s.m.InstanceMessageReceiveService : Received schedule participant score for exercise 513 and participant 90 (result to be deleted: null)
    23:44:00.969 | 407 ool-1-worker-171 | DEBUG | .a.s.ParticipantScoreScheduleService : Scheduled task for exercise 513 and participant 90 at 2025-02-14T23:44:01.069680786Z[Etc/UTC].
    23:44:00.990 | 407 ool-1-worker-171 | DEBUG | .c.s.m.InstanceMessageReceiveService : Received schedule participant score for exercise 515 and participant 90 (result to be deleted: null)
    23:44:00.990 | 407 ool-1-worker-171 | DEBUG | .a.s.ParticipantScoreScheduleService : Scheduled task for exercise 515 and participant 90 at 2025-02-14T23:44:01.090343394Z[Etc/UTC].
    23:44:01.007 | 407 ool-1-worker-171 | DEBUG | .c.s.m.InstanceMessageReceiveService : Received schedule participant score for exercise 515 and participant 90 (result to be deleted: null)
    23:44:01.007 | 407 ool-1-worker-171 | DEBUG | .a.s.ParticipantScoreScheduleService : Scheduled task for exercise 515 and participant 90 at 2025-02-14T23:44:01.107301242Z[Etc/UTC].
    23:44:01.018 | 615 taskScheduler-4  | DEBUG | .a.s.ParticipantScoreScheduleService : Processing exercise 512 and participant 90 to update participant scores.
    23:44:01.023 | 615 taskScheduler-4  | DEBUG | .a.s.ParticipantScoreScheduleService : Updating the participant score for exercise 512 and participant 90 took 5 ms.
    23:44:01.029 | 407 ool-1-worker-171 | INFO  | i.z.t.d.l.EmbeddedDatabaseReporter   : JDBC URL to connect to 'dataSource': url='jdbc:h2:tcp://localhost:41063/mem:f240edcd-27ce-47a3-b4ab-a6a00c154135;USER=sa', scope='PyrisFaqIngestionTest#noAutoIngestionWhenFaqIsCreatedAndAutoUpdateEnabled'
    23:44:01.054 | 407 ool-1-worker-171 | DEBUG | d.t.c.a.a.c.s.f.ApiVersionFilter     : Adding Version to Request POST /api/courses/349/faqs
    23:44:01.069 | 614 taskScheduler-3  | DEBUG | .a.s.ParticipantScoreScheduleService : Processing exercise 513 and participant 90 to update participant scores.
    23:44:01.072 | 407 ool-1-worker-171 | DEBUG | d.t.c.a.a.c.web.FaqResource          : REST request to save Faq : Faq{id=null, questionTitle='title', questionAnswer='answer', faqState='ACCEPTED}
    23:44:01.079 | 614 taskScheduler-3  | DEBUG | .a.s.ParticipantScoreScheduleService : Updating the participant score for exercise 513 and participant 90 took 10 ms.

  Starting logs for PyrisFaqIngestionTest > testIngestFaqButtonInPyris()
    23:44:01.118 | 407 ool-1-worker-171 | DEBUG | d.t.c.a.a.c.u.util.UserUtilService   : Generate 1 students...
    23:44:01.126 | 407 ool-1-worker-171 | DEBUG | d.t.c.a.a.c.u.util.UserUtilService   : 1 students generated. Generate 1 tutors...
    23:44:01.131 | 407 ool-1-worker-171 | DEBUG | d.t.c.a.a.c.u.util.UserUtilService   : 1 tutors generated. Generate 0 editors...
    23:44:01.133 | 407 ool-1-worker-171 | DEBUG | d.t.c.a.a.c.u.util.UserUtilService   : 0 editors generated. Generate 1 instructors...
    23:44:01.139 | 407 ool-1-worker-171 | DEBUG | d.t.c.a.a.c.u.util.UserUtilService   : 1 instructors generated
    23:44:01.144 | 407 ool-1-worker-171 | DEBUG | d.t.c.a.a.c.u.util.UserUtilService   : Removing 3 users from all courses...
    23:44:01.145 | 407 ool-1-worker-171 | DEBUG | d.t.c.a.a.c.u.util.UserUtilService   : Removing 3 users from all courses. Done
    23:44:01.145 | 407 ool-1-worker-171 | DEBUG | d.t.c.a.a.c.u.util.UserUtilService   : Save 3 users to database...
    23:44:01.154 | 407 ool-1-worker-171 | DEBUG | d.t.c.a.a.c.u.util.UserUtilService   : Save 3 users to database. Done
    23:44:01.207 | 407 ool-1-worker-171 | DEBUG | .c.s.m.InstanceMessageReceiveService : Received schedule participant score for exercise 517 and participant 90 (result to be deleted: null)
    23:44:01.208 | 407 ool-1-worker-171 | DEBUG | .a.s.ParticipantScoreScheduleService : Scheduled task for exercise 517 and participant 90 at 2025-02-14T23:44:01.308016850Z[Etc/UTC].
    23:44:01.208 | 407 ool-1-worker-171 | DEBUG | .c.s.m.InstanceMessageReceiveService : Received schedule participant score for exercise 517 and participant 90 (result to be deleted: null)
    23:44:01.208 | 407 ool-1-worker-171 | DEBUG | .a.s.ParticipantScoreScheduleService : Scheduled task for exercise 517 and participant 90 at 2025-02-14T23:44:01.308608112Z[Etc/UTC].
    23:44:01.209 | 407 ool-1-worker-171 | DEBUG | .c.s.m.InstanceMessageReceiveService : Received schedule participant score for exercise 518 and participant 90 (result to be deleted: null)
    23:44:01.209 | 407 ool-1-worker-171 | DEBUG | .a.s.ParticipantScoreScheduleService : Scheduled task for exercise 518 and participant 90 at 2025-02-14T23:44:01.309147799Z[Etc/UTC].
    23:44:01.209 | 407 ool-1-worker-171 | DEBUG | .c.s.m.InstanceMessageReceiveService : Received schedule participant score for exercise 520 and participant 90 (result to be deleted: null)
    23:44:01.209 | 407 ool-1-worker-171 | DEBUG | .a.s.ParticipantScoreScheduleService : Scheduled task for exercise 520 and participant 90 at 2025-02-14T23:44:01.309619168Z[Etc/UTC].
    23:44:01.210 | 407 ool-1-worker-171 | DEBUG | .c.s.m.InstanceMessageReceiveService : Received schedule participant score for exercise 520 and participant 90 (result to be deleted: null)
    23:44:01.210 | 407 ool-1-worker-171 | DEBUG | .a.s.ParticipantScoreScheduleService : Scheduled task for exercise 520 and participant 90 at 2025-02-14T23:44:01.310153895Z[Etc/UTC].
    23:44:01.217 | 407 ool-1-worker-171 | DEBUG | .c.s.m.InstanceMessageReceiveService : Received schedule participant score for exercise 517 and participant 90 (result to be deleted: null)
    23:44:01.217 | 407 ool-1-worker-171 | DEBUG | .a.s.ParticipantScoreScheduleService : Scheduled task for exercise 517 and participant 90 at 2025-02-14T23:44:01.317539991Z[Etc/UTC].
    23:44:01.224 | 407 ool-1-worker-171 | DEBUG | .c.s.m.InstanceMessageReceiveService : Received schedule participant score for exercise 517 and participant 90 (result to be deleted: null)
    23:44:01.224 | 407 ool-1-worker-171 | DEBUG | .a.s.ParticipantScoreScheduleService : Scheduled task for exercise 517 and participant 90 at 2025-02-14T23:44:01.324808899Z[Etc/UTC].
    23:44:01.233 | 407 ool-1-worker-171 | DEBUG | .c.s.m.InstanceMessageReceiveService : Received schedule participant score for exercise 518 and participant 90 (result to be deleted: null)
    23:44:01.233 | 407 ool-1-worker-171 | DEBUG | .a.s.ParticipantScoreScheduleService : Scheduled task for exercise 518 and participant 90 at 2025-02-14T23:44:01.333446939Z[Etc/UTC].
    23:44:01.241 | 407 ool-1-worker-171 | DEBUG | .c.s.m.InstanceMessageReceiveService : Received schedule participant score for exercise 520 and participant 90 (result to be deleted: null)
    23:44:01.242 | 407 ool-1-worker-171 | DEBUG | .a.s.ParticipantScoreScheduleService : Scheduled task for exercise 520 and participant 90 at 2025-02-14T23:44:01.341993390Z[Etc/UTC].
    23:44:01.249 | 407 ool-1-worker-171 | DEBUG | .c.s.m.InstanceMessageReceiveService : Received schedule participant score for exercise 520 and participant 90 (result to be deleted: null)
    23:44:01.249 | 407 ool-1-worker-171 | DEBUG | .a.s.ParticipantScoreScheduleService : Scheduled task for exercise 520 and participant 90 at 2025-02-14T23:44:01.349944680Z[Etc/UTC].
    23:44:01.261 | 407 ool-1-worker-171 | INFO  | i.z.t.d.l.EmbeddedDatabaseReporter   : JDBC URL to connect to 'dataSource': url='jdbc:h2:tcp://localhost:41063/mem:f240edcd-27ce-47a3-b4ab-a6a00c154135;USER=sa', scope='PyrisFaqIngestionTest#testIngestFaqButtonInPyris'
    23:44:01.264 | 407 ool-1-worker-171 | DEBUG | d.t.c.a.a.c.s.f.ApiVersionFilter     : Adding Version to Request POST /api/courses/351/faqs/ingest

  Starting logs for PyrisFaqIngestionTest > testErrorStageRemovesDeletionIngestionJob()
    23:44:01.288 | 407 ool-1-worker-171 | DEBUG | d.t.c.a.a.c.u.util.UserUtilService   : Generate 1 students...
    23:44:01.291 | 407 ool-1-worker-171 | DEBUG | d.t.c.a.a.c.u.util.UserUtilService   : 1 students generated. Generate 1 tutors...
    23:44:01.294 | 407 ool-1-worker-171 | DEBUG | d.t.c.a.a.c.u.util.UserUtilService   : 1 tutors generated. Generate 0 editors...
    23:44:01.295 | 407 ool-1-worker-171 | DEBUG | d.t.c.a.a.c.u.util.UserUtilService   : 0 editors generated. Generate 1 instructors...
    23:44:01.298 | 407 ool-1-worker-171 | DEBUG | d.t.c.a.a.c.u.util.UserUtilService   : 1 instructors generated
    23:44:01.299 | 407 ool-1-worker-171 | DEBUG | d.t.c.a.a.c.u.util.UserUtilService   : Removing 3 users from all courses...
    23:44:01.299 | 407 ool-1-worker-171 | DEBUG | d.t.c.a.a.c.u.util.UserUtilService   : Removing 3 users from all courses. Done
    23:44:01.299 | 407 ool-1-worker-171 | DEBUG | d.t.c.a.a.c.u.util.UserUtilService   : Save 3 users to database...
    23:44:01.303 | 407 ool-1-worker-171 | DEBUG | d.t.c.a.a.c.u.util.UserUtilService   : Save 3 users to database. Done
    23:44:01.334 | 407 ool-1-worker-171 | DEBUG | .c.s.m.InstanceMessageReceiveService : Received schedule participant score for exercise 522 and participant 90 (result to be deleted: null)
    23:44:01.334 | 407 ool-1-worker-171 | DEBUG | .a.s.ParticipantScoreScheduleService : Scheduled task for exercise 522 and participant 90 at 2025-02-14T23:44:01.434883726Z[Etc/UTC].
    23:44:01.335 | 407 ool-1-worker-171 | DEBUG | .c.s.m.InstanceMessageReceiveService : Received schedule participant score for exercise 522 and participant 90 (result to be deleted: null)
    23:44:01.335 | 407 ool-1-worker-171 | DEBUG | .a.s.ParticipantScoreScheduleService : Scheduled task for exercise 522 and participant 90 at 2025-02-14T23:44:01.435419045Z[Etc/UTC].
    23:44:01.335 | 407 ool-1-worker-171 | DEBUG | .c.s.m.InstanceMessageReceiveService : Received schedule participant score for exercise 523 and participant 90 (result to be deleted: null)
    23:44:01.335 | 407 ool-1-worker-171 | DEBUG | .a.s.ParticipantScoreScheduleService : Scheduled task for exercise 523 and participant 90 at 2025-02-14T23:44:01.435922253Z[Etc/UTC].
    23:44:01.336 | 407 ool-1-worker-171 | DEBUG | .c.s.m.InstanceMessageReceiveService : Received schedule participant score for exercise 525 and participant 90 (result to be deleted: null)
    23:44:01.336 | 407 ool-1-worker-171 | DEBUG | .a.s.ParticipantScoreScheduleService : Scheduled task for exercise 525 and participant 90 at 2025-02-14T23:44:01.436466258Z[Etc/UTC].
    23:44:01.336 | 407 ool-1-worker-171 | DEBUG | .c.s.m.InstanceMessageReceiveService : Received schedule participant score for exercise 525 and participant 90 (result to be deleted: null)
    23:44:01.337 | 407 ool-1-worker-171 | DEBUG | .a.s.ParticipantScoreScheduleService : Scheduled task for exercise 525 and participant 90 at 2025-02-14T23:44:01.437005724Z[Etc/UTC].
    23:44:01.348 | 407 ool-1-worker-171 | DEBUG | .c.s.m.InstanceMessageReceiveService : Received schedule participant score for exercise 522 and participant 90 (result to be deleted: null)
    23:44:01.348 | 407 ool-1-worker-171 | DEBUG | .a.s.ParticipantScoreScheduleService : Scheduled task for exercise 522 and participant 90 at 2025-02-14T23:44:01.448723730Z[Etc/UTC].
    23:44:01.356 | 407 ool-1-worker-171 | DEBUG | .c.s.m.InstanceMessageReceiveService : Received schedule participant score for exercise 522 and participant 90 (result to be deleted: null)
    23:44:01.356 | 407 ool-1-worker-171 | DEBUG | .a.s.ParticipantScoreScheduleService : Scheduled task for exercise 522 and participant 90 at 2025-02-14T23:44:01.456552711Z[Etc/UTC].
    23:44:01.364 | 407 ool-1-worker-171 | DEBUG | .c.s.m.InstanceMessageReceiveService : Received schedule participant score for exercise 523 and participant 90 (result to be deleted: null)
    23:44:01.364 | 407 ool-1-worker-171 | DEBUG | .a.s.ParticipantScoreScheduleService : Scheduled task for exercise 523 and participant 90 at 2025-02-14T23:44:01.464758766Z[Etc/UTC].
    23:44:01.372 | 407 ool-1-worker-171 | DEBUG | .c.s.m.InstanceMessageReceiveService : Received schedule participant score for exercise 525 and participant 90 (result to be deleted: null)
    23:44:01.372 | 407 ool-1-worker-171 | DEBUG | .a.s.ParticipantScoreScheduleService : Scheduled task for exercise 525 and participant 90 at 2025-02-14T23:44:01.472644063Z[Etc/UTC].
    23:44:01.381 | 407 ool-1-worker-171 | DEBUG | .c.s.m.InstanceMessageReceiveService : Received schedule participant score for exercise 525 and participant 90 (result to be deleted: null)
    23:44:01.381 | 407 ool-1-worker-171 | DEBUG | .a.s.ParticipantScoreScheduleService : Scheduled task for exercise 525 and participant 90 at 2025-02-14T23:44:01.481450448Z[Etc/UTC].
    23:44:01.399 | 407 ool-1-worker-171 | INFO  | i.z.t.d.l.EmbeddedDatabaseReporter   : JDBC URL to connect to 'dataSource': url='jdbc:h2:tcp://localhost:41063/mem:f240edcd-27ce-47a3-b4ab-a6a00c154135;USER=sa', scope='PyrisFaqIngestionTest#testErrorStageRemovesDeletionIngestionJob'
    23:44:01.405 | 407 ool-1-worker-171 | INFO  | d.t.c.a.a.c.s.jwt.TokenProvider      : Invalid JWT token: artemislocal_ase_in_tum_de-unknown-1739576641402-nYJixhdreH from source bearer
    23:44:01.405 | 407 ool-1-worker-171 | INFO  | d.t.c.a.a.c.s.jwt.TokenProvider      : Invalid JWT token: artemislocal_ase_in_tum_de-unknown-1739576641402-nYJixhdreH from source bearer
    23:44:01.405 | 407 ool-1-worker-171 | DEBUG | d.t.c.a.a.c.s.f.ApiVersionFilter     : Adding Version to Request POST /api/public/pyris/webhooks/ingestion/faqs/runs/artemislocal_ase_in_tum_de-unknown-1739576641402-nYJixhdreH/status

  Starting logs for PyrisFaqIngestionTest > testAddFaqToPyrisDBAddJobWithCourseSettingsEnabled()
    23:44:01.434 | 407 ool-1-worker-171 | DEBUG | d.t.c.a.a.c.u.util.UserUtilService   : Generate 1 students...
    23:44:01.436 | 407 ool-1-worker-171 | DEBUG | d.t.c.a.a.c.u.util.UserUtilService   : 1 students generated. Generate 1 tutors...
    23:44:01.439 | 407 ool-1-worker-171 | DEBUG | d.t.c.a.a.c.u.util.UserUtilService   : 1 tutors generated. Generate 0 editors...
    23:44:01.440 | 407 ool-1-worker-171 | DEBUG | d.t.c.a.a.c.u.util.UserUtilService   : 0 editors generated. Generate 1 instructors...
    23:44:01.443 | 407 ool-1-worker-171 | DEBUG | d.t.c.a.a.c.u.util.UserUtilService   : 1 instructors generated
    23:44:01.444 | 407 ool-1-worker-171 | DEBUG | d.t.c.a.a.c.u.util.UserUtilService   : Removing 3 users from all courses...
    23:44:01.445 | 407 ool-1-worker-171 | DEBUG | d.t.c.a.a.c.u.util.UserUtilService   : Removing 3 users from all courses. Done
    23:44:01.445 | 407 ool-1-worker-171 | DEBUG | d.t.c.a.a.c.u.util.UserUtilService   : Save 3 users to database...
    23:44:01.448 | 407 ool-1-worker-171 | DEBUG | d.t.c.a.a.c.u.util.UserUtilService   : Save 3 users to database. Done
    23:44:01.478 | 407 ool-1-worker-171 | DEBUG | .c.s.m.InstanceMessageReceiveService : Received schedule participant score for exercise 527 and participant 90 (result to be deleted: null)
    23:44:01.478 | 407 ool-1-worker-171 | DEBUG | .a.s.ParticipantScoreScheduleService : Scheduled task for exercise 527 and participant 90 at 2025-02-14T23:44:01.578768497Z[Etc/UTC].
    23:44:01.479 | 407 ool-1-worker-171 | DEBUG | .c.s.m.InstanceMessageReceiveService : Received schedule participant score for exercise 527 and participant 90 (result to be deleted: null)
    23:44:01.479 | 407 ool-1-worker-171 | DEBUG | .a.s.ParticipantScoreScheduleService : Scheduled task for exercise 527 and participant 90 at 2025-02-14T23:44:01.579325145Z[Etc/UTC].
    23:44:01.479 | 407 ool-1-worker-171 | DEBUG | .c.s.m.InstanceMessageReceiveService : Received schedule participant score for exercise 528 and participant 90 (result to be deleted: null)
    23:44:01.479 | 407 ool-1-worker-171 | DEBUG | .a.s.ParticipantScoreScheduleService : Scheduled task for exercise 528 and participant 90 at 2025-02-14T23:44:01.579828644Z[Etc/UTC].
    23:44:01.480 | 407 ool-1-worker-171 | DEBUG | .c.s.m.InstanceMessageReceiveService : Received schedule participant score for exercise 530 and participant 90 (result to be deleted: null)
    23:44:01.480 | 407 ool-1-worker-171 | DEBUG | .a.s.ParticipantScoreScheduleService : Scheduled task for exercise 530 and participant 90 at 2025-02-14T23:44:01.580350618Z[Etc/UTC].
    23:44:01.480 | 407 ool-1-worker-171 | DEBUG | .c.s.m.InstanceMessageReceiveService : Received schedule participant score for exercise 530 and participant 90 (result to be deleted: null)
    23:44:01.480 | 407 ool-1-worker-171 | DEBUG | .a.s.ParticipantScoreScheduleService : Scheduled task for exercise 530 and participant 90 at 2025-02-14T23:44:01.580833869Z[Etc/UTC].
    23:44:01.490 | 407 ool-1-worker-171 | DEBUG | .c.s.m.InstanceMessageReceiveService : Received schedule participant score for exercise 527 and participant 90 (result to be deleted: null)
    23:44:01.490 | 407 ool-1-worker-171 | DEBUG | .a.s.ParticipantScoreScheduleService : Scheduled task for exercise 527 and participant 90 at 2025-02-14T23:44:01.590424256Z[Etc/UTC].
    23:44:01.503 | 407 ool-1-worker-171 | DEBUG | .c.s.m.InstanceMessageReceiveService : Received schedule participant score for exercise 527 and participant 90 (result to be deleted: null)
    23:44:01.504 | 407 ool-1-worker-171 | DEBUG | .a.s.ParticipantScoreScheduleService : Scheduled task for exercise 527 and participant 90 at 2025-02-14T23:44:01.604038167Z[Etc/UTC].
    23:44:01.521 | 407 ool-1-worker-171 | DEBUG | .c.s.m.InstanceMessageReceiveService : Received schedule participant score for exercise 528 and participant 90 (result to be deleted: null)
    23:44:01.521 | 407 ool-1-worker-171 | DEBUG | .a.s.ParticipantScoreScheduleService : Scheduled task for exercise 528 and participant 90 at 2025-02-14T23:44:01.621400590Z[Etc/UTC].
    23:44:01.535 | 407 ool-1-worker-171 | DEBUG | .c.s.m.InstanceMessageReceiveService : Received schedule participant score for exercise 530 and participant 90 (result to be deleted: null)
    23:44:01.535 | 407 ool-1-worker-171 | DEBUG | .a.s.ParticipantScoreScheduleService : Scheduled task for exercise 530 and participant 90 at 2025-02-14T23:44:01.635968921Z[Etc/UTC].
    23:44:01.543 | 407 ool-1-worker-171 | DEBUG | .c.s.m.InstanceMessageReceiveService : Received schedule participant score for exercise 530 and participant 90 (result to be deleted: null)
    23:44:01.543 | 407 ool-1-worker-171 | DEBUG | .a.s.ParticipantScoreScheduleService : Scheduled task for exercise 530 and participant 90 at 2025-02-14T23:44:01.643921153Z[Etc/UTC].
    23:44:01.554 | 407 ool-1-worker-171 | INFO  | i.z.t.d.l.EmbeddedDatabaseReporter   : JDBC URL to connect to 'dataSource': url='jdbc:h2:tcp://localhost:41063/mem:f240edcd-27ce-47a3-b4ab-a6a00c154135;USER=sa', scope='PyrisFaqIngestionTest#testAddFaqToPyrisDBAddJobWithCourseSettingsEnabled'
    23:44:01.557 | 407 ool-1-worker-171 | DEBUG | d.t.c.a.a.c.s.f.ApiVersionFilter     : Adding Version to Request POST /api/courses/355/faqs/ingest

  Starting logs for PyrisFaqIngestionTest > autoIngestionWhenFaqIsCreatedAndAutoUpdateEnabled()
    23:44:01.577 | 407 ool-1-worker-171 | DEBUG | d.t.c.a.a.c.u.util.UserUtilService   : Generate 1 students...
    23:44:01.580 | 407 ool-1-worker-171 | DEBUG | d.t.c.a.a.c.u.util.UserUtilService   : 1 students generated. Generate 1 tutors...
    23:44:01.582 | 407 ool-1-worker-171 | DEBUG | d.t.c.a.a.c.u.util.UserUtilService   : 1 tutors generated. Generate 0 editors...
    23:44:01.584 | 407 ool-1-worker-171 | DEBUG | d.t.c.a.a.c.u.util.UserUtilService   : 0 editors generated. Generate 1 instructors...
    23:44:01.586 | 407 ool-1-worker-171 | DEBUG | d.t.c.a.a.c.u.util.UserUtilService   : 1 instructors generated
    23:44:01.587 | 407 ool-1-worker-171 | DEBUG | d.t.c.a.a.c.u.util.UserUtilService   : Removing 3 users from all courses...
    23:44:01.588 | 407 ool-1-worker-171 | DEBUG | d.t.c.a.a.c.u.util.UserUtilService   : Removing 3 users from all courses. Done
    23:44:01.588 | 407 ool-1-worker-171 | DEBUG | d.t.c.a.a.c.u.util.UserUtilService   : Save 3 users to database...
    23:44:01.591 | 407 ool-1-worker-171 | DEBUG | d.t.c.a.a.c.u.util.UserUtilService   : Save 3 users to database. Done
    23:44:01.621 | 407 ool-1-worker-171 | DEBUG | .c.s.m.InstanceMessageReceiveService : Received schedule participant score for exercise 532 and participant 90 (result to be deleted: null)
    23:44:01.621 | 407 ool-1-worker-171 | DEBUG | .a.s.ParticipantScoreScheduleService : Scheduled task for exercise 532 and participant 90 at 2025-02-14T23:44:01.721084711Z[Etc/UTC].
    23:44:01.621 | 407 ool-1-worker-171 | DEBUG | .c.s.m.InstanceMessageReceiveService : Received schedule participant score for exercise 532 and participant 90 (result to be deleted: null)
    23:44:01.621 | 407 ool-1-worker-171 | DEBUG | .a.s.ParticipantScoreScheduleService : Scheduled task for exercise 532 and participant 90 at 2025-02-14T23:44:01.721719405Z[Etc/UTC].
    23:44:01.622 | 407 ool-1-worker-171 | DEBUG | .c.s.m.InstanceMessageReceiveService : Received schedule participant score for exercise 533 and participant 90 (result to be deleted: null)
    23:44:01.622 | 407 ool-1-worker-171 | DEBUG | .a.s.ParticipantScoreScheduleService : Scheduled task for exercise 533 and participant 90 at 2025-02-14T23:44:01.722218876Z[Etc/UTC].
    23:44:01.622 | 407 ool-1-worker-171 | DEBUG | .c.s.m.InstanceMessageReceiveService : Received schedule participant score for exercise 535 and participant 90 (result to be deleted: null)
    23:44:01.622 | 407 ool-1-worker-171 | DEBUG | .a.s.ParticipantScoreScheduleService : Scheduled task for exercise 535 and participant 90 at 2025-02-14T23:44:01.722685567Z[Etc/UTC].
    23:44:01.623 | 407 ool-1-worker-171 | DEBUG | .c.s.m.InstanceMessageReceiveService : Received schedule participant score for exercise 535 and participant 90 (result to be deleted: null)
    23:44:01.623 | 407 ool-1-worker-171 | DEBUG | .a.s.ParticipantScoreScheduleService : Scheduled task for exercise 535 and participant 90 at 2025-02-14T23:44:01.723182614Z[Etc/UTC].
    23:44:01.630 | 407 ool-1-worker-171 | DEBUG | .c.s.m.InstanceMessageReceiveService : Received schedule participant score for exercise 532 and participant 90 (result to be deleted: null)
    23:44:01.630 | 407 ool-1-worker-171 | DEBUG | .a.s.ParticipantScoreScheduleService : Scheduled task for exercise 532 and participant 90 at 2025-02-14T23:44:01.730376451Z[Etc/UTC].
    23:44:01.637 | 407 ool-1-worker-171 | DEBUG | .c.s.m.InstanceMessageReceiveService : Received schedule participant score for exercise 532 and participant 90 (result to be deleted: null)
    23:44:01.637 | 407 ool-1-worker-171 | DEBUG | .a.s.ParticipantScoreScheduleService : Scheduled task for exercise 532 and participant 90 at 2025-02-14T23:44:01.737810987Z[Etc/UTC].
    23:44:01.647 | 407 ool-1-worker-171 | DEBUG | .c.s.m.InstanceMessageReceiveService : Received schedule participant score for exercise 533 and participant 90 (result to be deleted: null)
    23:44:01.647 | 407 ool-1-worker-171 | DEBUG | .a.s.ParticipantScoreScheduleService : Scheduled task for exercise 533 and participant 90 at 2025-02-14T23:44:01.747303702Z[Etc/UTC].
    23:44:01.655 | 407 ool-1-worker-171 | DEBUG | .c.s.m.InstanceMessageReceiveService : Received schedule participant score for exercise 535 and participant 90 (result to be deleted: null)
    23:44:01.655 | 407 ool-1-worker-171 | DEBUG | .a.s.ParticipantScoreScheduleService : Scheduled task for exercise 535 and participant 90 at 2025-02-14T23:44:01.755701725Z[Etc/UTC].
    23:44:01.664 | 407 ool-1-worker-171 | DEBUG | .c.s.m.InstanceMessageReceiveService : Received schedule participant score for exercise 535 and participant 90 (result to be deleted: null)
    23:44:01.664 | 407 ool-1-worker-171 | DEBUG | .a.s.ParticipantScoreScheduleService : Scheduled task for exercise 535 and participant 90 at 2025-02-14T23:44:01.764289803Z[Etc/UTC].
    23:44:01.682 | 407 ool-1-worker-171 | INFO  | i.z.t.d.l.EmbeddedDatabaseReporter   : JDBC URL to connect to 'dataSource': url='jdbc:h2:tcp://localhost:41063/mem:f240edcd-27ce-47a3-b4ab-a6a00c154135;USER=sa', scope='PyrisFaqIngestionTest#autoIngestionWhenFaqIsCreatedAndAutoUpdateEnabled'
    23:44:01.690 | 407 ool-1-worker-171 | DEBUG | d.t.c.a.a.c.s.f.ApiVersionFilter     : Adding Version to Request POST /api/courses/357/faqs
    23:44:01.695 | 407 ool-1-worker-171 | DEBUG | d.t.c.a.a.c.web.FaqResource          : REST request to save Faq : Faq{id=null, questionTitle='title', questionAnswer='answer', faqState='ACCEPTED}

  Starting logs for PyrisFaqIngestionTest > testAddSpecificFaqToPyrisDBAddJobWithCourseSettingsEnabled()
    23:44:01.736 | 407 ool-1-worker-171 | DEBUG | d.t.c.a.a.c.u.util.UserUtilService   : Generate 1 students...
    23:44:01.740 | 407 ool-1-worker-171 | DEBUG | d.t.c.a.a.c.u.util.UserUtilService   : 1 students generated. Generate 1 tutors...
    23:44:01.746 | 407 ool-1-worker-171 | DEBUG | d.t.c.a.a.c.u.util.UserUtilService   : 1 tutors generated. Generate 0 editors...
    23:44:01.747 | 407 ool-1-worker-171 | DEBUG | d.t.c.a.a.c.u.util.UserUtilService   : 0 editors generated. Generate 1 instructors...
    23:44:01.750 | 407 ool-1-worker-171 | DEBUG | d.t.c.a.a.c.u.util.UserUtilService   : 1 instructors generated
    23:44:01.751 | 407 ool-1-worker-171 | DEBUG | d.t.c.a.a.c.u.util.UserUtilService   : Removing 3 users from all courses...
    23:44:01.752 | 407 ool-1-worker-171 | DEBUG | d.t.c.a.a.c.u.util.UserUtilService   : Removing 3 users from all courses. Done
    23:44:01.752 | 407 ool-1-worker-171 | DEBUG | d.t.c.a.a.c.u.util.UserUtilService   : Save 3 users to database...
    23:44:01.755 | 407 ool-1-worker-171 | DEBUG | d.t.c.a.a.c.u.util.UserUtilService   : Save 3 users to database. Done
    23:44:01.793 | 407 ool-1-worker-171 | DEBUG | .c.s.m.InstanceMessageReceiveService : Received schedule participant score for exercise 537 and participant 90 (result to be deleted: null)
    23:44:01.793 | 407 ool-1-worker-171 | DEBUG | .a.s.ParticipantScoreScheduleService : Scheduled task for exercise 537 and participant 90 at 2025-02-14T23:44:01.893616931Z[Etc/UTC].
    23:44:01.794 | 407 ool-1-worker-171 | DEBUG | .c.s.m.InstanceMessageReceiveService : Received schedule participant score for exercise 537 and participant 90 (result to be deleted: null)
    23:44:01.794 | 407 ool-1-worker-171 | DEBUG | .a.s.ParticipantScoreScheduleService : Scheduled task for exercise 537 and participant 90 at 2025-02-14T23:44:01.894216830Z[Etc/UTC].
    23:44:01.794 | 407 ool-1-worker-171 | DEBUG | .c.s.m.InstanceMessageReceiveService : Received schedule participant score for exercise 538 and participant 90 (result to be deleted: null)
    23:44:01.794 | 407 ool-1-worker-171 | DEBUG | .a.s.ParticipantScoreScheduleService : Scheduled task for exercise 538 and participant 90 at 2025-02-14T23:44:01.894720479Z[Etc/UTC].
    23:44:01.795 | 407 ool-1-worker-171 | DEBUG | .c.s.m.InstanceMessageReceiveService : Received schedule participant score for exercise 540 and participant 90 (result to be deleted: null)
    23:44:01.795 | 407 ool-1-worker-171 | DEBUG | .a.s.ParticipantScoreScheduleService : Scheduled task for exercise 540 and participant 90 at 2025-02-14T23:44:01.895246540Z[Etc/UTC].
    23:44:01.795 | 407 ool-1-worker-171 | DEBUG | .c.s.m.InstanceMessageReceiveService : Received schedule participant score for exercise 540 and participant 90 (result to be deleted: null)
    23:44:01.795 | 407 ool-1-worker-171 | DEBUG | .a.s.ParticipantScoreScheduleService : Scheduled task for exercise 540 and participant 90 at 2025-02-14T23:44:01.895742596Z[Etc/UTC].
    23:44:01.803 | 407 ool-1-worker-171 | DEBUG | .c.s.m.InstanceMessageReceiveService : Received schedule participant score for exercise 537 and participant 90 (result to be deleted: null)
    23:44:01.804 | 407 ool-1-worker-171 | DEBUG | .a.s.ParticipantScoreScheduleService : Scheduled task for exercise 537 and participant 90 at 2025-02-14T23:44:01.903996279Z[Etc/UTC].
    23:44:01.812 | 407 ool-1-worker-171 | DEBUG | .c.s.m.InstanceMessageReceiveService : Received schedule participant score for exercise 537 and participant 90 (result to be deleted: null)
    23:44:01.812 | 407 ool-1-worker-171 | DEBUG | .a.s.ParticipantScoreScheduleService : Scheduled task for exercise 537 and participant 90 at 2025-02-14T23:44:01.912127455Z[Etc/UTC].
    23:44:01.820 | 407 ool-1-worker-171 | DEBUG | .c.s.m.InstanceMessageReceiveService : Received schedule participant score for exercise 538 and participant 90 (result to be deleted: null)
    23:44:01.821 | 407 ool-1-worker-171 | DEBUG | .a.s.ParticipantScoreScheduleService : Scheduled task for exercise 538 and participant 90 at 2025-02-14T23:44:01.921025441Z[Etc/UTC].
    23:44:01.829 | 407 ool-1-worker-171 | DEBUG | .c.s.m.InstanceMessageReceiveService : Received schedule participant score for exercise 540 and participant 90 (result to be deleted: null)
    23:44:01.829 | 407 ool-1-worker-171 | DEBUG | .a.s.ParticipantScoreScheduleService : Scheduled task for exercise 540 and participant 90 at 2025-02-14T23:44:01.929801308Z[Etc/UTC].
    23:44:01.838 | 407 ool-1-worker-171 | DEBUG | .c.s.m.InstanceMessageReceiveService : Received schedule participant score for exercise 540 and participant 90 (result to be deleted: null)
    23:44:01.838 | 407 ool-1-worker-171 | DEBUG | .a.s.ParticipantScoreScheduleService : Scheduled task for exercise 540 and participant 90 at 2025-02-14T23:44:01.938536601Z[Etc/UTC].
    23:44:01.866 | 407 ool-1-worker-171 | INFO  | i.z.t.d.l.EmbeddedDatabaseReporter   : JDBC URL to connect to 'dataSource': url='jdbc:h2:tcp://localhost:41063/mem:f240edcd-27ce-47a3-b4ab-a6a00c154135;USER=sa', scope='PyrisFaqIngestionTest#testAddSpecificFaqToPyrisDBAddJobWithCourseSettingsEnabled'
    23:44:01.868 | 407 ool-1-worker-171 | DEBUG | d.t.c.a.a.c.s.f.ApiVersionFilter     : Adding Version to Request POST /api/courses/359/faqs/ingest

Finished logs for PyrisFaqIngestionTest
]]></system-out>
  <system-err><![CDATA[]]></system-err>
</testsuite>
