<?xml version="1.0" encoding="UTF-8"?>
<testsuite name="de.tum.cit.aet.artemis.programming.ProgrammingAssessmentIntegrationTest" tests="40" skipped="0" failures="0" errors="0" timestamp="2025-02-14T23:47:27" hostname="fv-az1721-502" time="9.162">
  <properties/>
  <testcase name="testOverrideAssessment_submitSameTutorNoAssessmentDueDatePossible()" classname="de.tum.cit.aet.artemis.programming.ProgrammingAssessmentIntegrationTest" time="0.272"/>
  <testcase name="programmingExerciseManualResult_noManualReviewsAllowed_forbidden()" classname="de.tum.cit.aet.artemis.programming.ProgrammingAssessmentIntegrationTest" time="0.141"/>
  <testcase name="updateManualProgrammingExerciseResult_addFeedbackAfterAutomaticLongFeedback()" classname="de.tum.cit.aet.artemis.programming.ProgrammingAssessmentIntegrationTest" time="0.243"/>
  <testcase name="multipleCorrectionRoundsForExam()" classname="de.tum.cit.aet.artemis.programming.ProgrammingAssessmentIntegrationTest" time="0.607"/>
  <testcase name="createManualProgrammingExerciseResult_resultPropertyMissing()" classname="de.tum.cit.aet.artemis.programming.ProgrammingAssessmentIntegrationTest" time="0.235"/>
  <testcase name="testOverrideAssessment_submitSameTutorPossible()" classname="de.tum.cit.aet.artemis.programming.ProgrammingAssessmentIntegrationTest" time="0.168"/>
  <testcase name="createManualProgrammingExerciseResult_IncludedCompletelyWithoutBonusPointsExercise()" classname="de.tum.cit.aet.artemis.programming.ProgrammingAssessmentIntegrationTest" time="0.478"/>
  <testcase name="createManualProgrammingExerciseResult_withResultOver100Percent()" classname="de.tum.cit.aet.artemis.programming.ProgrammingAssessmentIntegrationTest" time="0.322"/>
  <testcase name="unlockFeedbackRequestAfterAssessment()" classname="de.tum.cit.aet.artemis.programming.ProgrammingAssessmentIntegrationTest" time="0.207"/>
  <testcase name="cancelAssessmentOfOtherTutorAsTutor()" classname="de.tum.cit.aet.artemis.programming.ProgrammingAssessmentIntegrationTest" time="0.364"/>
  <testcase name="testSaveAssessmentNote()" classname="de.tum.cit.aet.artemis.programming.ProgrammingAssessmentIntegrationTest" time="0.194"/>
  <testcase name="overrideProgrammingAssessmentAfterComplaint()" classname="de.tum.cit.aet.artemis.programming.ProgrammingAssessmentIntegrationTest" time="0.435"/>
  <testcase name="updateManualProgrammingExerciseResult()" classname="de.tum.cit.aet.artemis.programming.ProgrammingAssessmentIntegrationTest" time="0.163"/>
  <testcase name="testOverrideAssessment_submitOtherTutorForbidden()" classname="de.tum.cit.aet.artemis.programming.ProgrammingAssessmentIntegrationTest" time="0.115"/>
  <testcase name="createManualProgrammingExerciseResult_resultHasAutomaticFeedback()" classname="de.tum.cit.aet.artemis.programming.ProgrammingAssessmentIntegrationTest" time="0.15"/>
  <testcase name="testOverrideAssessment_submitOtherTutorAfterAssessmentDueDateForbidden()" classname="de.tum.cit.aet.artemis.programming.ProgrammingAssessmentIntegrationTest" time="0.193"/>
  <testcase name="updateAssessmentAfterComplaint_studentHidden()" classname="de.tum.cit.aet.artemis.programming.ProgrammingAssessmentIntegrationTest" time="0.203"/>
  <testcase name="testDeleteResult()" classname="de.tum.cit.aet.artemis.programming.ProgrammingAssessmentIntegrationTest" time="0.289"/>
  <testcase name="cancelAssessmentOfOtherTutorAsInstructor()" classname="de.tum.cit.aet.artemis.programming.ProgrammingAssessmentIntegrationTest" time="0.12"/>
  <testcase name="programmingExerciseManualResult_submissionNotModified()" classname="de.tum.cit.aet.artemis.programming.ProgrammingAssessmentIntegrationTest" time="0.151"/>
  <testcase name="testOverrideAssessment_submitSameTutorAfterAssessmentDueDateForbidden()" classname="de.tum.cit.aet.artemis.programming.ProgrammingAssessmentIntegrationTest" time="0.121"/>
  <testcase name="testOverrideAssessment_submitInstructorAfterAssessmentDueDatePossible()" classname="de.tum.cit.aet.artemis.programming.ProgrammingAssessmentIntegrationTest" time="0.146"/>
  <testcase name="[1] submit=true" classname="de.tum.cit.aet.artemis.programming.ProgrammingAssessmentIntegrationTest" time="0.138"/>
  <testcase name="[2] submit=false" classname="de.tum.cit.aet.artemis.programming.ProgrammingAssessmentIntegrationTest" time="0.142"/>
  <testcase name="updateManualProgrammingExerciseResult_newResult()" classname="de.tum.cit.aet.artemis.programming.ProgrammingAssessmentIntegrationTest" time="0.137"/>
  <testcase name="createManualProgrammingExerciseResult_IncludedCompletelyWithBonusPointsExercise()" classname="de.tum.cit.aet.artemis.programming.ProgrammingAssessmentIntegrationTest" time="0.49"/>
  <testcase name="updateAssessmentAfterComplaint_sameAsAssessor_forbidden()" classname="de.tum.cit.aet.artemis.programming.ProgrammingAssessmentIntegrationTest" time="0.119"/>
  <testcase name="testOverrideAssessment_submitInstructorPossible()" classname="de.tum.cit.aet.artemis.programming.ProgrammingAssessmentIntegrationTest" time="0.195"/>
  <testcase name="updateManualProgrammingExerciseResult_addFeedbackAfterManualLongFeedback()" classname="de.tum.cit.aet.artemis.programming.ProgrammingAssessmentIntegrationTest" time="0.239"/>
  <testcase name="createManualProgrammingExerciseResult_NotIncludedExercise()" classname="de.tum.cit.aet.artemis.programming.ProgrammingAssessmentIntegrationTest" time="0.354"/>
  <testcase name="createManualProgrammingExerciseResult_manualResultsNotAllowed()" classname="de.tum.cit.aet.artemis.programming.ProgrammingAssessmentIntegrationTest" time="0.119"/>
  <testcase name="createManualProgrammingExerciseResult_save()" classname="de.tum.cit.aet.artemis.programming.ProgrammingAssessmentIntegrationTest" time="0.132"/>
  <testcase name="[1] submit=true" classname="de.tum.cit.aet.artemis.programming.ProgrammingAssessmentIntegrationTest" time="0.175"/>
  <testcase name="[2] submit=false" classname="de.tum.cit.aet.artemis.programming.ProgrammingAssessmentIntegrationTest" time="0.195"/>
  <testcase name="createManualProgrammingExerciseResult_IncludedAsBonusExercise()" classname="de.tum.cit.aet.artemis.programming.ProgrammingAssessmentIntegrationTest" time="0.462"/>
  <testcase name="cancelOwnAssessmentAsTutor()" classname="de.tum.cit.aet.artemis.programming.ProgrammingAssessmentIntegrationTest" time="0.173"/>
  <testcase name="createManualProgrammingExerciseResult_submit()" classname="de.tum.cit.aet.artemis.programming.ProgrammingAssessmentIntegrationTest" time="0.175"/>
  <testcase name="updateAssessmentAfterComplaint_automaticAssessment_forbidden()" classname="de.tum.cit.aet.artemis.programming.ProgrammingAssessmentIntegrationTest" time="0.123"/>
  <testcase name="updateAssessmentAfterComplaint_dueDateNotPassed_forbidden()" classname="de.tum.cit.aet.artemis.programming.ProgrammingAssessmentIntegrationTest" time="0.206"/>
  <testcase name="cancelOwnAssessmentAsStudent()" classname="de.tum.cit.aet.artemis.programming.ProgrammingAssessmentIntegrationTest" time="0.177"/>
  <system-out><![CDATA[
Starting logs for ProgrammingAssessmentIntegrationTest

  Starting logs for ProgrammingAssessmentIntegrationTest > testOverrideAssessment_submitSameTutorNoAssessmentDueDatePossible()
    23:47:27.124 | 446 ool-1-worker-210 | DEBUG | d.t.c.a.a.c.u.util.UserUtilService   : Generate 3 students...
    23:47:27.133 | 446 ool-1-worker-210 | DEBUG | d.t.c.a.a.c.u.util.UserUtilService   : 3 students generated. Generate 2 tutors...
    23:47:27.137 | 446 ool-1-worker-210 | DEBUG | d.t.c.a.a.c.u.util.UserUtilService   : 2 tutors generated. Generate 0 editors...
    23:47:27.139 | 446 ool-1-worker-210 | DEBUG | d.t.c.a.a.c.u.util.UserUtilService   : 0 editors generated. Generate 2 instructors...
    23:47:27.141 | 446 ool-1-worker-210 | DEBUG | d.t.c.a.a.c.u.util.UserUtilService   : 2 instructors generated
    23:47:27.144 | 446 ool-1-worker-210 | DEBUG | d.t.c.a.a.c.u.util.UserUtilService   : Removing 1 users from all courses...
    23:47:27.145 | 446 ool-1-worker-210 | DEBUG | d.t.c.a.a.c.u.util.UserUtilService   : Removing 1 users from all courses. Done
    23:47:27.145 | 446 ool-1-worker-210 | DEBUG | d.t.c.a.a.c.u.util.UserUtilService   : Save 7 users to database...
    23:47:27.149 | 446 ool-1-worker-210 | DEBUG | d.t.c.a.a.c.u.util.UserUtilService   : Save 7 users to database. Done
    23:47:27.196 | 446 ool-1-worker-210 | DEBUG | .c.s.m.InstanceMessageReceiveService : Received schedule participant score for exercise 3276 and participant 681 (result to be deleted: null)
    23:47:27.196 | 446 ool-1-worker-210 | DEBUG | .a.s.ParticipantScoreScheduleService : Scheduled task for exercise 3276 and participant 681 at 2025-02-14T23:47:27.296309425Z[Etc/UTC].
    23:47:27.224 | 446 ool-1-worker-210 | DEBUG | .c.s.m.InstanceMessageReceiveService : Received schedule participant score for exercise 3276 and participant 681 (result to be deleted: null)
    23:47:27.224 | 446 ool-1-worker-210 | DEBUG | .a.s.ParticipantScoreScheduleService : Scheduled task for exercise 3276 and participant 681 at 2025-02-14T23:47:27.324624812Z[Etc/UTC].
    23:47:27.233 | 446 ool-1-worker-210 | DEBUG | PersonalAccessTokenManagementService : Generate secure vcs access token
    23:47:27.240 | 446 ool-1-worker-210 | DEBUG | .c.s.m.InstanceMessageReceiveService : Received schedule participant score for exercise 3276 and participant 682 (result to be deleted: null)
    23:47:27.240 | 446 ool-1-worker-210 | DEBUG | .a.s.ParticipantScoreScheduleService : Scheduled task for exercise 3276 and participant 682 at 2025-02-14T23:47:27.340317277Z[Etc/UTC].
    23:47:27.259 | 446 ool-1-worker-210 | DEBUG | .c.s.m.InstanceMessageReceiveService : Received schedule participant score for exercise 3276 and participant 682 (result to be deleted: null)
    23:47:27.259 | 446 ool-1-worker-210 | DEBUG | .a.s.ParticipantScoreScheduleService : Scheduled task for exercise 3276 and participant 682 at 2025-02-14T23:47:27.359508417Z[Etc/UTC].
    23:47:27.291 | 446 ool-1-worker-210 | DEBUG | .c.s.m.InstanceMessageReceiveService : Received schedule participant score for exercise 3276 and participant 682 (result to be deleted: null)
    23:47:27.291 | 446 ool-1-worker-210 | DEBUG | .a.s.ParticipantScoreScheduleService : Scheduled task for exercise 3276 and participant 682 at 2025-02-14T23:47:27.391410042Z[Etc/UTC].
    23:47:27.292 | 446 ool-1-worker-210 | INFO  | i.z.t.d.l.EmbeddedDatabaseReporter   : JDBC URL to connect to 'dataSource': url='jdbc:h2:tcp://localhost:41063/mem:df70fc46-7e57-4cb5-9cd0-c1d90c14afa7;USER=sa', scope='ProgrammingAssessmentIntegrationTest#testOverrideAssessment_submitSameTutorNoAssessmentDueDatePossible'
    23:47:27.300 | 446 ool-1-worker-210 | DEBUG | d.t.c.a.a.c.s.f.ApiVersionFilter     : Adding Version to Request PUT /api/participations/2157/manual-results
    23:47:27.305 | 446 ool-1-worker-210 | DEBUG | .a.p.w.ProgrammingAssessmentResource : REST request to save a new result : Result{id1256, completionDate=2025-02-14T23:47:27.293912449Z, successful=false, score=75.0, rated=true, assessmentType=SEMI_AUTOMATIC, hasComplaint=null, testCaseCount=0, passedTestCaseCount=0, codeIssueCount=0}
    23:47:27.324 | 666 taskScheduler-4  | DEBUG | .a.s.ParticipantScoreScheduleService : Processing exercise 3276 and participant 681 to update participant scores.
    23:47:27.326 | 446 ool-1-worker-210 | DEBUG | .c.s.m.InstanceMessageReceiveService : Received schedule participant score for exercise 3276 and participant 681 (result to be deleted: null)
    23:47:27.326 | 446 ool-1-worker-210 | DEBUG | .a.s.ParticipantScoreScheduleService : Scheduled task for exercise 3276 and participant 681 at 2025-02-14T23:47:27.426930576Z[Etc/UTC].
    23:47:27.341 | 666 taskScheduler-4  | DEBUG | .a.s.ParticipantScoreScheduleService : Updating the participant score for exercise 3276 and participant 681 took 17 ms.
    23:47:27.347 | 446 ool-1-worker-210 | DEBUG | .c.s.m.InstanceMessageReceiveService : Received schedule participant score for exercise 3276 and participant 681 (result to be deleted: null)
    23:47:27.347 | 446 ool-1-worker-210 | DEBUG | .a.s.ParticipantScoreScheduleService : Scheduled task for exercise 3276 and participant 681 at 2025-02-14T23:47:27.447917896Z[Etc/UTC].

  Starting logs for ProgrammingAssessmentIntegrationTest > programmingExerciseManualResult_noManualReviewsAllowed_forbidden()
    23:47:27.389 | 446 ool-1-worker-210 | DEBUG | d.t.c.a.a.c.u.util.UserUtilService   : Generate 3 students...
    23:47:27.404 | 446 ool-1-worker-210 | DEBUG | d.t.c.a.a.c.u.util.UserUtilService   : 3 students generated. Generate 2 tutors...
    23:47:27.408 | 446 ool-1-worker-210 | DEBUG | d.t.c.a.a.c.u.util.UserUtilService   : 2 tutors generated. Generate 0 editors...
    23:47:27.409 | 446 ool-1-worker-210 | DEBUG | d.t.c.a.a.c.u.util.UserUtilService   : 0 editors generated. Generate 2 instructors...
    23:47:27.414 | 446 ool-1-worker-210 | DEBUG | d.t.c.a.a.c.u.util.UserUtilService   : 2 instructors generated
    23:47:27.418 | 446 ool-1-worker-210 | DEBUG | d.t.c.a.a.c.u.util.UserUtilService   : Removing 7 users from all courses...
    23:47:27.419 | 446 ool-1-worker-210 | DEBUG | d.t.c.a.a.c.u.util.UserUtilService   : Removing 7 users from all courses. Done
    23:47:27.419 | 446 ool-1-worker-210 | DEBUG | d.t.c.a.a.c.u.util.UserUtilService   : Save 7 users to database...
    23:47:27.428 | 663 taskScheduler-1  | DEBUG | .a.s.ParticipantScoreScheduleService : Processing exercise 3276 and participant 681 to update participant scores.
    23:47:27.434 | 446 ool-1-worker-210 | DEBUG | d.t.c.a.a.c.u.util.UserUtilService   : Save 7 users to database. Done
    23:47:27.444 | 663 taskScheduler-1  | DEBUG | .a.s.ParticipantScoreScheduleService : Updating the participant score for exercise 3276 and participant 681 took 16 ms.
    23:47:27.462 | 446 ool-1-worker-210 | DEBUG | .c.s.m.InstanceMessageReceiveService : Received schedule participant score for exercise 3277 and participant 681 (result to be deleted: null)
    23:47:27.463 | 446 ool-1-worker-210 | DEBUG | .a.s.ParticipantScoreScheduleService : Scheduled task for exercise 3277 and participant 681 at 2025-02-14T23:47:27.563064538Z[Etc/UTC].
    23:47:27.475 | 446 ool-1-worker-210 | DEBUG | .c.s.m.InstanceMessageReceiveService : Received schedule participant score for exercise 3277 and participant 681 (result to be deleted: null)
    23:47:27.475 | 446 ool-1-worker-210 | DEBUG | .a.s.ParticipantScoreScheduleService : Scheduled task for exercise 3277 and participant 681 at 2025-02-14T23:47:27.575448163Z[Etc/UTC].
    23:47:27.479 | 446 ool-1-worker-210 | DEBUG | PersonalAccessTokenManagementService : Generate secure vcs access token
    23:47:27.481 | 446 ool-1-worker-210 | DEBUG | .c.s.m.InstanceMessageReceiveService : Received schedule participant score for exercise 3277 and participant 682 (result to be deleted: null)
    23:47:27.481 | 446 ool-1-worker-210 | DEBUG | .a.s.ParticipantScoreScheduleService : Scheduled task for exercise 3277 and participant 682 at 2025-02-14T23:47:27.581748793Z[Etc/UTC].
    23:47:27.489 | 446 ool-1-worker-210 | DEBUG | .c.s.m.InstanceMessageReceiveService : Received schedule participant score for exercise 3277 and participant 682 (result to be deleted: null)
    23:47:27.489 | 446 ool-1-worker-210 | DEBUG | .a.s.ParticipantScoreScheduleService : Scheduled task for exercise 3277 and participant 682 at 2025-02-14T23:47:27.589333939Z[Etc/UTC].
    23:47:27.501 | 446 ool-1-worker-210 | DEBUG | .c.s.m.InstanceMessageReceiveService : Received schedule participant score for exercise 3277 and participant 682 (result to be deleted: null)
    23:47:27.502 | 446 ool-1-worker-210 | DEBUG | .a.s.ParticipantScoreScheduleService : Scheduled task for exercise 3277 and participant 682 at 2025-02-14T23:47:27.602039735Z[Etc/UTC].
    23:47:27.502 | 446 ool-1-worker-210 | INFO  | i.z.t.d.l.EmbeddedDatabaseReporter   : JDBC URL to connect to 'dataSource': url='jdbc:h2:tcp://localhost:41063/mem:df70fc46-7e57-4cb5-9cd0-c1d90c14afa7;USER=sa', scope='ProgrammingAssessmentIntegrationTest#programmingExerciseManualResult_noManualReviewsAllowed_forbidden'
    23:47:27.505 | 446 ool-1-worker-210 | DEBUG | d.t.c.a.a.c.s.f.ApiVersionFilter     : Adding Version to Request PUT /api/participations/2162/manual-results
    23:47:27.508 | 446 ool-1-worker-210 | WARN  | o.z.p.spring.common.AdviceTraits     : Forbidden: Access Denied
    23:47:27.510 | 446 ool-1-worker-210 | DEBUG | d.t.c.a.a.c.s.f.ApiVersionFilter     : Adding Version to Request PUT /api/participations/2162/manual-results
    23:47:27.512 | 446 ool-1-worker-210 | WARN  | o.z.p.spring.common.AdviceTraits     : Forbidden: Access Denied

  Starting logs for ProgrammingAssessmentIntegrationTest > updateManualProgrammingExerciseResult_addFeedbackAfterAutomaticLongFeedback()
    23:47:27.526 | 446 ool-1-worker-210 | DEBUG | d.t.c.a.a.c.u.util.UserUtilService   : Generate 3 students...
    23:47:27.531 | 446 ool-1-worker-210 | DEBUG | d.t.c.a.a.c.u.util.UserUtilService   : 3 students generated. Generate 2 tutors...
    23:47:27.535 | 446 ool-1-worker-210 | DEBUG | d.t.c.a.a.c.u.util.UserUtilService   : 2 tutors generated. Generate 0 editors...
    23:47:27.536 | 446 ool-1-worker-210 | DEBUG | d.t.c.a.a.c.u.util.UserUtilService   : 0 editors generated. Generate 2 instructors...
    23:47:27.540 | 446 ool-1-worker-210 | DEBUG | d.t.c.a.a.c.u.util.UserUtilService   : 2 instructors generated
    23:47:27.542 | 446 ool-1-worker-210 | DEBUG | d.t.c.a.a.c.u.util.UserUtilService   : Removing 7 users from all courses...
    23:47:27.544 | 446 ool-1-worker-210 | DEBUG | d.t.c.a.a.c.u.util.UserUtilService   : Removing 7 users from all courses. Done
    23:47:27.544 | 446 ool-1-worker-210 | DEBUG | d.t.c.a.a.c.u.util.UserUtilService   : Save 7 users to database...
    23:47:27.548 | 446 ool-1-worker-210 | DEBUG | d.t.c.a.a.c.u.util.UserUtilService   : Save 7 users to database. Done
    23:47:27.575 | 446 ool-1-worker-210 | DEBUG | .c.s.m.InstanceMessageReceiveService : Received schedule participant score for exercise 3278 and participant 681 (result to be deleted: null)
    23:47:27.575 | 446 ool-1-worker-210 | DEBUG | .a.s.ParticipantScoreScheduleService : Scheduled task for exercise 3278 and participant 681 at 2025-02-14T23:47:27.675658149Z[Etc/UTC].
    23:47:27.588 | 446 ool-1-worker-210 | DEBUG | .c.s.m.InstanceMessageReceiveService : Received schedule participant score for exercise 3278 and participant 681 (result to be deleted: null)
    23:47:27.588 | 446 ool-1-worker-210 | DEBUG | .a.s.ParticipantScoreScheduleService : Scheduled task for exercise 3278 and participant 681 at 2025-02-14T23:47:27.688374003Z[Etc/UTC].
    23:47:27.593 | 446 ool-1-worker-210 | DEBUG | PersonalAccessTokenManagementService : Generate secure vcs access token
    23:47:27.596 | 446 ool-1-worker-210 | DEBUG | .c.s.m.InstanceMessageReceiveService : Received schedule participant score for exercise 3278 and participant 682 (result to be deleted: null)
    23:47:27.596 | 446 ool-1-worker-210 | DEBUG | .a.s.ParticipantScoreScheduleService : Scheduled task for exercise 3278 and participant 682 at 2025-02-14T23:47:27.696154403Z[Etc/UTC].
    23:47:27.604 | 446 ool-1-worker-210 | DEBUG | .c.s.m.InstanceMessageReceiveService : Received schedule participant score for exercise 3278 and participant 682 (result to be deleted: null)
    23:47:27.604 | 446 ool-1-worker-210 | DEBUG | .a.s.ParticipantScoreScheduleService : Scheduled task for exercise 3278 and participant 682 at 2025-02-14T23:47:27.704434265Z[Etc/UTC].
    23:47:27.617 | 446 ool-1-worker-210 | DEBUG | .c.s.m.InstanceMessageReceiveService : Received schedule participant score for exercise 3278 and participant 682 (result to be deleted: null)
    23:47:27.617 | 446 ool-1-worker-210 | DEBUG | .a.s.ParticipantScoreScheduleService : Scheduled task for exercise 3278 and participant 682 at 2025-02-14T23:47:27.717818776Z[Etc/UTC].
    23:47:27.619 | 446 ool-1-worker-210 | INFO  | i.z.t.d.l.EmbeddedDatabaseReporter   : JDBC URL to connect to 'dataSource': url='jdbc:h2:tcp://localhost:41063/mem:df70fc46-7e57-4cb5-9cd0-c1d90c14afa7;USER=sa', scope='ProgrammingAssessmentIntegrationTest#updateManualProgrammingExerciseResult_addFeedbackAfterAutomaticLongFeedback'
    23:47:27.632 | 446 ool-1-worker-210 | DEBUG | PersonalAccessTokenManagementService : Generate secure vcs access token
    23:47:27.650 | 446 ool-1-worker-210 | DEBUG | .c.s.m.InstanceMessageReceiveService : Received schedule participant score for exercise 3278 and participant 682 (result to be deleted: null)
    23:47:27.650 | 446 ool-1-worker-210 | DEBUG | .a.s.ParticipantScoreScheduleService : Scheduled task for exercise 3278 and participant 682 at 2025-02-14T23:47:27.750121879Z[Etc/UTC].
    23:47:27.674 | 446 ool-1-worker-210 | DEBUG | .c.s.m.InstanceMessageReceiveService : Received schedule participant score for exercise 3278 and participant 681 (result to be deleted: null)
    23:47:27.675 | 446 ool-1-worker-210 | DEBUG | .a.s.ParticipantScoreScheduleService : Scheduled task for exercise 3278 and participant 681 at 2025-02-14T23:47:27.775056480Z[Etc/UTC].
    23:47:27.694 | 446 ool-1-worker-210 | DEBUG | .c.s.m.InstanceMessageReceiveService : Received schedule participant score for exercise 3278 and participant 681 (result to be deleted: null)
    23:47:27.694 | 446 ool-1-worker-210 | DEBUG | .a.s.ParticipantScoreScheduleService : Scheduled task for exercise 3278 and participant 681 at 2025-02-14T23:47:27.794490374Z[Etc/UTC].
    23:47:27.696 | 446 ool-1-worker-210 | DEBUG | d.t.c.a.a.c.s.f.ApiVersionFilter     : Adding Version to Request PUT /api/participations/2166/manual-results
    23:47:27.701 | 446 ool-1-worker-210 | DEBUG | .a.p.w.ProgrammingAssessmentResource : REST request to save a new result : Result{id1262, completionDate=null, successful=false, score=2.0, rated=true, assessmentType=SEMI_AUTOMATIC, hasComplaint=null, testCaseCount=0, passedTestCaseCount=0, codeIssueCount=0}
    23:47:27.718 | 446 ool-1-worker-210 | DEBUG | .c.s.m.InstanceMessageReceiveService : Received schedule participant score for exercise 3278 and participant 682 (result to be deleted: null)
    23:47:27.718 | 446 ool-1-worker-210 | DEBUG | .a.s.ParticipantScoreScheduleService : Scheduled task for exercise 3278 and participant 682 at 2025-02-14T23:47:27.818759695Z[Etc/UTC].
    23:47:27.740 | 446 ool-1-worker-210 | DEBUG | .c.s.m.InstanceMessageReceiveService : Received schedule participant score for exercise 3278 and participant 682 (result to be deleted: null)
    23:47:27.740 | 446 ool-1-worker-210 | DEBUG | .a.s.ParticipantScoreScheduleService : Scheduled task for exercise 3278 and participant 682 at 2025-02-14T23:47:27.840384233Z[Etc/UTC].

  Starting logs for ProgrammingAssessmentIntegrationTest > multipleCorrectionRoundsForExam()
    23:47:27.779 | 446 ool-1-worker-210 | DEBUG | d.t.c.a.a.c.u.util.UserUtilService   : Generate 3 students...
    23:47:27.793 | 446 ool-1-worker-210 | DEBUG | d.t.c.a.a.c.u.util.UserUtilService   : 3 students generated. Generate 2 tutors...
    23:47:27.804 | 446 ool-1-worker-210 | DEBUG | d.t.c.a.a.c.u.util.UserUtilService   : 2 tutors generated. Generate 0 editors...
    23:47:27.805 | 446 ool-1-worker-210 | DEBUG | d.t.c.a.a.c.u.util.UserUtilService   : 0 editors generated. Generate 2 instructors...
    23:47:27.812 | 446 ool-1-worker-210 | DEBUG | d.t.c.a.a.c.u.util.UserUtilService   : 2 instructors generated
    23:47:27.815 | 446 ool-1-worker-210 | DEBUG | d.t.c.a.a.c.u.util.UserUtilService   : Removing 7 users from all courses...
    23:47:27.816 | 446 ool-1-worker-210 | DEBUG | d.t.c.a.a.c.u.util.UserUtilService   : Removing 7 users from all courses. Done
    23:47:27.816 | 446 ool-1-worker-210 | DEBUG | d.t.c.a.a.c.u.util.UserUtilService   : Save 7 users to database...
    23:47:27.821 | 446 ool-1-worker-210 | DEBUG | d.t.c.a.a.c.u.util.UserUtilService   : Save 7 users to database. Done
    23:47:27.847 | 446 ool-1-worker-210 | DEBUG | .c.s.m.InstanceMessageReceiveService : Received schedule participant score for exercise 3279 and participant 681 (result to be deleted: null)
    23:47:27.847 | 446 ool-1-worker-210 | DEBUG | .a.s.ParticipantScoreScheduleService : Scheduled task for exercise 3279 and participant 681 at 2025-02-14T23:47:27.947244631Z[Etc/UTC].
    23:47:27.858 | 446 ool-1-worker-210 | DEBUG | .c.s.m.InstanceMessageReceiveService : Received schedule participant score for exercise 3279 and participant 681 (result to be deleted: null)
    23:47:27.858 | 446 ool-1-worker-210 | DEBUG | .a.s.ParticipantScoreScheduleService : Scheduled task for exercise 3279 and participant 681 at 2025-02-14T23:47:27.958907261Z[Etc/UTC].
    23:47:27.862 | 446 ool-1-worker-210 | DEBUG | PersonalAccessTokenManagementService : Generate secure vcs access token
    23:47:27.864 | 446 ool-1-worker-210 | DEBUG | .c.s.m.InstanceMessageReceiveService : Received schedule participant score for exercise 3279 and participant 682 (result to be deleted: null)
    23:47:27.864 | 446 ool-1-worker-210 | DEBUG | .a.s.ParticipantScoreScheduleService : Scheduled task for exercise 3279 and participant 682 at 2025-02-14T23:47:27.964865122Z[Etc/UTC].
    23:47:27.872 | 446 ool-1-worker-210 | DEBUG | .c.s.m.InstanceMessageReceiveService : Received schedule participant score for exercise 3279 and participant 682 (result to be deleted: null)
    23:47:27.872 | 446 ool-1-worker-210 | DEBUG | .a.s.ParticipantScoreScheduleService : Scheduled task for exercise 3279 and participant 682 at 2025-02-14T23:47:27.972509889Z[Etc/UTC].
    23:47:27.885 | 446 ool-1-worker-210 | DEBUG | .c.s.m.InstanceMessageReceiveService : Received schedule participant score for exercise 3279 and participant 682 (result to be deleted: null)
    23:47:27.885 | 446 ool-1-worker-210 | DEBUG | .a.s.ParticipantScoreScheduleService : Scheduled task for exercise 3279 and participant 682 at 2025-02-14T23:47:27.985129173Z[Etc/UTC].
    23:47:27.886 | 446 ool-1-worker-210 | INFO  | i.z.t.d.l.EmbeddedDatabaseReporter   : JDBC URL to connect to 'dataSource': url='jdbc:h2:tcp://localhost:41063/mem:df70fc46-7e57-4cb5-9cd0-c1d90c14afa7;USER=sa', scope='ProgrammingAssessmentIntegrationTest#multipleCorrectionRoundsForExam'
    23:47:27.894 | 446 ool-1-worker-210 | DEBUG | PersonalAccessTokenManagementService : Generate secure vcs access token
    23:47:27.897 | 446 ool-1-worker-210 | DEBUG | .c.s.m.InstanceMessageReceiveService : Received schedule participant score for exercise 3280 and participant 681 (result to be deleted: null)
    23:47:27.897 | 446 ool-1-worker-210 | DEBUG | .a.s.ParticipantScoreScheduleService : Scheduled task for exercise 3280 and participant 681 at 2025-02-14T23:47:27.997592369Z[Etc/UTC].
    23:47:27.909 | 446 ool-1-worker-210 | DEBUG | .c.s.m.InstanceMessageReceiveService : Received schedule participant score for exercise 3280 and participant 681 (result to be deleted: null)
    23:47:27.909 | 446 ool-1-worker-210 | DEBUG | .a.s.ParticipantScoreScheduleService : Scheduled task for exercise 3280 and participant 681 at 2025-02-14T23:47:28.009970483Z[Etc/UTC].
    23:47:27.912 | 446 ool-1-worker-210 | DEBUG | .c.s.m.InstanceMessageReceiveService : Received schedule participant score for exercise 3280 and participant 681 (result to be deleted: null)
    23:47:27.912 | 446 ool-1-worker-210 | DEBUG | .a.s.ParticipantScoreScheduleService : Scheduled task for exercise 3280 and participant 681 at 2025-02-14T23:47:28.012995936Z[Etc/UTC].
    23:47:27.925 | 446 ool-1-worker-210 | DEBUG | .c.s.m.InstanceMessageReceiveService : Received schedule participant score for exercise 3280 and participant 681 (result to be deleted: null)
    23:47:27.925 | 446 ool-1-worker-210 | DEBUG | .a.s.ParticipantScoreScheduleService : Scheduled task for exercise 3280 and participant 681 at 2025-02-14T23:47:28.025085182Z[Etc/UTC].
    23:47:27.927 | 446 ool-1-worker-210 | DEBUG | .c.s.m.InstanceMessageReceiveService : Received schedule participant score for exercise 3280 and participant 681 (result to be deleted: null)
    23:47:27.927 | 446 ool-1-worker-210 | DEBUG | .a.s.ParticipantScoreScheduleService : Scheduled task for exercise 3280 and participant 681 at 2025-02-14T23:47:28.027930608Z[Etc/UTC].
    23:47:27.939 | 446 ool-1-worker-210 | DEBUG | .c.s.m.InstanceMessageReceiveService : Received schedule participant score for exercise 3280 and participant 681 (result to be deleted: null)
    23:47:27.939 | 446 ool-1-worker-210 | DEBUG | .a.s.ParticipantScoreScheduleService : Scheduled task for exercise 3280 and participant 681 at 2025-02-14T23:47:28.039559405Z[Etc/UTC].
    23:47:27.944 | 446 ool-1-worker-210 | DEBUG | d.t.c.a.a.c.s.f.ApiVersionFilter     : Adding Version to Request GET /api/exercises/3280/programming-submission-without-assessment
    23:47:27.946 | 446 ool-1-worker-210 | DEBUG | .a.p.w.ProgrammingSubmissionResource : REST request to get a programming submission without assessment
    23:47:27.959 | 663 taskScheduler-1  | DEBUG | .a.s.ParticipantScoreScheduleService : Processing exercise 3279 and participant 681 to update participant scores.
    23:47:27.965 | 446 ool-1-worker-210 | DEBUG | .c.s.m.InstanceMessageReceiveService : Received schedule participant score for exercise 3280 and participant 681 (result to be deleted: null)
    23:47:27.965 | 446 ool-1-worker-210 | DEBUG | .a.s.ParticipantScoreScheduleService : Scheduled task for exercise 3280 and participant 681 at 2025-02-14T23:47:28.065408342Z[Etc/UTC].
    23:47:27.971 | 663 taskScheduler-1  | DEBUG | .a.s.ParticipantScoreScheduleService : Updated participant score 83.
    23:47:27.977 | 446 ool-1-worker-210 | DEBUG | .c.s.m.InstanceMessageReceiveService : Received schedule participant score for exercise 3280 and participant 681 (result to be deleted: null)
    23:47:27.977 | 446 ool-1-worker-210 | DEBUG | .a.s.ParticipantScoreScheduleService : Scheduled task for exercise 3280 and participant 681 at 2025-02-14T23:47:28.077711907Z[Etc/UTC].
    23:47:27.979 | 663 taskScheduler-1  | DEBUG | .a.s.ParticipantScoreScheduleService : Updating the participant score for exercise 3279 and participant 681 took 20 ms.
    23:47:27.985 | 664 taskScheduler-2  | DEBUG | .a.s.ParticipantScoreScheduleService : Processing exercise 3279 and participant 682 to update participant scores.
    23:47:27.989 | 446 ool-1-worker-210 | DEBUG | .c.s.m.InstanceMessageReceiveService : Received schedule participant score for exercise 3280 and participant 681 (result to be deleted: null)
    23:47:27.989 | 446 ool-1-worker-210 | DEBUG | .a.s.ParticipantScoreScheduleService : Scheduled task for exercise 3280 and participant 681 at 2025-02-14T23:47:28.089164385Z[Etc/UTC].
    23:47:27.989 | 446 ool-1-worker-210 | DEBUG | a.a.p.s.ProgrammingSubmissionService : Assessment locked with result id: 1268 for assessor: programmingassessmenttutor1First programmingassessmenttutor1Last
    23:47:27.996 | 664 taskScheduler-2  | DEBUG | .a.s.ParticipantScoreScheduleService : Updating the participant score for exercise 3279 and participant 682 took 11 ms.
    23:47:28.000 | 446 ool-1-worker-210 | DEBUG | d.t.c.a.a.c.s.f.ApiVersionFilter     : Adding Version to Request GET /api/exercises/3280/programming-submissions
    23:47:28.001 | 446 ool-1-worker-210 | DEBUG | .a.p.w.ProgrammingSubmissionResource : REST request to get all programming submissions
    23:47:28.012 | 446 ool-1-worker-210 | DEBUG | d.t.c.a.a.c.s.f.ApiVersionFilter     : Adding Version to Request PUT /api/participations/2172/manual-results
    23:47:28.012 | 446 ool-1-worker-210 | DEBUG | .a.p.w.ProgrammingAssessmentResource : REST request to save a new result : Result{id1268, completionDate=null, successful=false, score=80.0, rated=true, assessmentType=SEMI_AUTOMATIC, hasComplaint=null, testCaseCount=0, passedTestCaseCount=0, codeIssueCount=0}
    23:47:28.020 | 446 ool-1-worker-210 | DEBUG | .c.s.m.InstanceMessageReceiveService : Received schedule participant score for exercise 3280 and participant 681 (result to be deleted: null)
    23:47:28.020 | 446 ool-1-worker-210 | DEBUG | .a.s.ParticipantScoreScheduleService : Scheduled task for exercise 3280 and participant 681 at 2025-02-14T23:47:28.120522927Z[Etc/UTC].
    23:47:28.030 | 446 ool-1-worker-210 | DEBUG | .c.s.m.InstanceMessageReceiveService : Received schedule participant score for exercise 3280 and participant 681 (result to be deleted: null)
    23:47:28.030 | 446 ool-1-worker-210 | DEBUG | .a.s.ParticipantScoreScheduleService : Scheduled task for exercise 3280 and participant 681 at 2025-02-14T23:47:28.130489574Z[Etc/UTC].
    23:47:28.033 | 446 ool-1-worker-210 | DEBUG | .c.s.m.InstanceMessageReceiveService : Received schedule participant score for exercise 3280 and participant 681 (result to be deleted: null)
    23:47:28.033 | 446 ool-1-worker-210 | DEBUG | .a.s.ParticipantScoreScheduleService : Scheduled task for exercise 3280 and participant 681 at 2025-02-14T23:47:28.133659526Z[Etc/UTC].
    23:47:28.055 | 446 ool-1-worker-210 | DEBUG | d.t.c.a.a.c.s.f.ApiVersionFilter     : Adding Version to Request GET /api/exercises/3280/programming-submissions
    23:47:28.059 | 446 ool-1-worker-210 | DEBUG | .a.p.w.ProgrammingSubmissionResource : REST request to get all programming submissions
    23:47:28.094 | 446 ool-1-worker-210 | DEBUG | .c.s.m.InstanceMessageReceiveService : Received schedule participant score for exercise 3280 and participant 681 (result to be deleted: null)
    23:47:28.094 | 446 ool-1-worker-210 | DEBUG | .a.s.ParticipantScoreScheduleService : Scheduled task for exercise 3280 and participant 681 at 2025-02-14T23:47:28.194786875Z[Etc/UTC].
    23:47:28.103 | 446 ool-1-worker-210 | DEBUG | d.t.c.a.a.c.s.f.ApiVersionFilter     : Adding Version to Request GET /api/exercises/3280/programming-submission-without-assessment
    23:47:28.106 | 446 ool-1-worker-210 | DEBUG | .a.p.w.ProgrammingSubmissionResource : REST request to get a programming submission without assessment
    23:47:28.150 | 446 ool-1-worker-210 | DEBUG | .c.s.m.InstanceMessageReceiveService : Received schedule participant score for exercise 3280 and participant 681 (result to be deleted: null)
    23:47:28.150 | 446 ool-1-worker-210 | DEBUG | .a.s.ParticipantScoreScheduleService : Scheduled task for exercise 3280 and participant 681 at 2025-02-14T23:47:28.250749462Z[Etc/UTC].
    23:47:28.197 | 446 ool-1-worker-210 | DEBUG | .c.s.m.InstanceMessageReceiveService : Received schedule participant score for exercise 3280 and participant 681 (result to be deleted: null)
    23:47:28.197 | 446 ool-1-worker-210 | DEBUG | .a.s.ParticipantScoreScheduleService : Scheduled task for exercise 3280 and participant 681 at 2025-02-14T23:47:28.297480051Z[Etc/UTC].
    23:47:28.228 | 446 ool-1-worker-210 | DEBUG | .c.s.m.InstanceMessageReceiveService : Received schedule participant score for exercise 3280 and participant 681 (result to be deleted: null)
    23:47:28.228 | 446 ool-1-worker-210 | DEBUG | .a.s.ParticipantScoreScheduleService : Scheduled task for exercise 3280 and participant 681 at 2025-02-14T23:47:28.328182961Z[Etc/UTC].
    23:47:28.228 | 446 ool-1-worker-210 | DEBUG | a.a.p.s.ProgrammingSubmissionService : Assessment locked with result id: 1269 for assessor: programmingassessmenttutor1First programmingassessmenttutor1Last
    23:47:28.259 | 446 ool-1-worker-210 | DEBUG | d.t.c.a.a.c.s.f.ApiVersionFilter     : Adding Version to Request PUT /api/participations/2172/manual-results
    23:47:28.260 | 446 ool-1-worker-210 | DEBUG | .a.p.w.ProgrammingAssessmentResource : REST request to save a new result : Result{id1269, completionDate=null, successful=false, score=90.0, rated=true, assessmentType=SEMI_AUTOMATIC, hasComplaint=null, testCaseCount=0, passedTestCaseCount=0, codeIssueCount=0}
    23:47:28.291 | 446 ool-1-worker-210 | DEBUG | .c.s.m.InstanceMessageReceiveService : Received schedule participant score for exercise 3280 and participant 681 (result to be deleted: null)
    23:47:28.291 | 446 ool-1-worker-210 | DEBUG | .a.s.ParticipantScoreScheduleService : Scheduled task for exercise 3280 and participant 681 at 2025-02-14T23:47:28.391661785Z[Etc/UTC].
    23:47:28.314 | 446 ool-1-worker-210 | DEBUG | .c.s.m.InstanceMessageReceiveService : Received schedule participant score for exercise 3280 and participant 681 (result to be deleted: null)
    23:47:28.314 | 446 ool-1-worker-210 | DEBUG | .a.s.ParticipantScoreScheduleService : Scheduled task for exercise 3280 and participant 681 at 2025-02-14T23:47:28.414216999Z[Etc/UTC].
    23:47:28.326 | 446 ool-1-worker-210 | DEBUG | d.t.c.a.a.c.s.f.ApiVersionFilter     : Adding Version to Request GET /api/exercises/3280/programming-submissions
    23:47:28.329 | 446 ool-1-worker-210 | DEBUG | .a.p.w.ProgrammingSubmissionResource : REST request to get all programming submissions
    23:47:28.347 | 446 ool-1-worker-210 | DEBUG | d.t.c.a.a.c.s.f.ApiVersionFilter     : Adding Version to Request GET /api/exercises/3280/programming-submissions
    23:47:28.348 | 446 ool-1-worker-210 | DEBUG | .a.p.w.ProgrammingSubmissionResource : REST request to get all programming submissions

  Starting logs for ProgrammingAssessmentIntegrationTest > createManualProgrammingExerciseResult_resultPropertyMissing()
    23:47:28.394 | 446 ool-1-worker-210 | DEBUG | d.t.c.a.a.c.u.util.UserUtilService   : Generate 3 students...
    23:47:28.406 | 446 ool-1-worker-210 | DEBUG | d.t.c.a.a.c.u.util.UserUtilService   : 3 students generated. Generate 2 tutors...
    23:47:28.413 | 446 ool-1-worker-210 | DEBUG | d.t.c.a.a.c.u.util.UserUtilService   : 2 tutors generated. Generate 0 editors...
    23:47:28.417 | 446 ool-1-worker-210 | DEBUG | d.t.c.a.a.c.u.util.UserUtilService   : 0 editors generated. Generate 2 instructors...
    23:47:28.424 | 446 ool-1-worker-210 | DEBUG | d.t.c.a.a.c.u.util.UserUtilService   : 2 instructors generated
    23:47:28.429 | 446 ool-1-worker-210 | DEBUG | d.t.c.a.a.c.u.util.UserUtilService   : Removing 7 users from all courses...
    23:47:28.430 | 446 ool-1-worker-210 | DEBUG | d.t.c.a.a.c.u.util.UserUtilService   : Removing 7 users from all courses. Done
    23:47:28.430 | 446 ool-1-worker-210 | DEBUG | d.t.c.a.a.c.u.util.UserUtilService   : Save 7 users to database...
    23:47:28.440 | 446 ool-1-worker-210 | DEBUG | d.t.c.a.a.c.u.util.UserUtilService   : Save 7 users to database. Done
    23:47:28.502 | 446 ool-1-worker-210 | DEBUG | .c.s.m.InstanceMessageReceiveService : Received schedule participant score for exercise 3281 and participant 681 (result to be deleted: null)
    23:47:28.502 | 446 ool-1-worker-210 | DEBUG | .a.s.ParticipantScoreScheduleService : Scheduled task for exercise 3281 and participant 681 at 2025-02-14T23:47:28.602177914Z[Etc/UTC].
    23:47:28.526 | 446 ool-1-worker-210 | DEBUG | .c.s.m.InstanceMessageReceiveService : Received schedule participant score for exercise 3281 and participant 681 (result to be deleted: null)
    23:47:28.526 | 446 ool-1-worker-210 | DEBUG | .a.s.ParticipantScoreScheduleService : Scheduled task for exercise 3281 and participant 681 at 2025-02-14T23:47:28.626223328Z[Etc/UTC].
    23:47:28.535 | 446 ool-1-worker-210 | DEBUG | PersonalAccessTokenManagementService : Generate secure vcs access token
    23:47:28.538 | 446 ool-1-worker-210 | DEBUG | .c.s.m.InstanceMessageReceiveService : Received schedule participant score for exercise 3281 and participant 682 (result to be deleted: null)
    23:47:28.538 | 446 ool-1-worker-210 | DEBUG | .a.s.ParticipantScoreScheduleService : Scheduled task for exercise 3281 and participant 682 at 2025-02-14T23:47:28.638454769Z[Etc/UTC].
    23:47:28.554 | 446 ool-1-worker-210 | DEBUG | .c.s.m.InstanceMessageReceiveService : Received schedule participant score for exercise 3281 and participant 682 (result to be deleted: null)
    23:47:28.554 | 446 ool-1-worker-210 | DEBUG | .a.s.ParticipantScoreScheduleService : Scheduled task for exercise 3281 and participant 682 at 2025-02-14T23:47:28.654260455Z[Etc/UTC].
    23:47:28.567 | 446 ool-1-worker-210 | DEBUG | .c.s.m.InstanceMessageReceiveService : Received schedule participant score for exercise 3281 and participant 682 (result to be deleted: null)
    23:47:28.567 | 446 ool-1-worker-210 | DEBUG | .a.s.ParticipantScoreScheduleService : Scheduled task for exercise 3281 and participant 682 at 2025-02-14T23:47:28.667082708Z[Etc/UTC].
    23:47:28.567 | 446 ool-1-worker-210 | INFO  | i.z.t.d.l.EmbeddedDatabaseReporter   : JDBC URL to connect to 'dataSource': url='jdbc:h2:tcp://localhost:41063/mem:df70fc46-7e57-4cb5-9cd0-c1d90c14afa7;USER=sa', scope='ProgrammingAssessmentIntegrationTest#createManualProgrammingExerciseResult_resultPropertyMissing'
    23:47:28.569 | 446 ool-1-worker-210 | DEBUG | d.t.c.a.a.c.s.f.ApiVersionFilter     : Adding Version to Request PUT /api/participations/2176/manual-results
    23:47:28.569 | 446 ool-1-worker-210 | DEBUG | .a.p.w.ProgrammingAssessmentResource : REST request to save a new result : Result{idnull, completionDate=null, successful=null, score=null, rated=null, assessmentType=null, hasComplaint=null, testCaseCount=0, passedTestCaseCount=0, codeIssueCount=0}
    23:47:28.574 | 446 ool-1-worker-210 | ERROR | tech.jhipster.web.util.HeaderUtil    : Entity processing failed, Score is required.
    23:47:28.574 | 446 ool-1-worker-210 | WARN  | o.z.p.spring.common.AdviceTraits     : Bad Request: Score is required.
    23:47:28.576 | 446 ool-1-worker-210 | DEBUG | d.t.c.a.a.c.s.f.ApiVersionFilter     : Adding Version to Request PUT /api/participations/2176/manual-results
    23:47:28.576 | 446 ool-1-worker-210 | DEBUG | .a.p.w.ProgrammingAssessmentResource : REST request to save a new result : Result{idnull, completionDate=null, successful=null, score=null, rated=true, assessmentType=null, hasComplaint=null, testCaseCount=0, passedTestCaseCount=0, codeIssueCount=0}
    23:47:28.582 | 446 ool-1-worker-210 | ERROR | tech.jhipster.web.util.HeaderUtil    : Entity processing failed, Score is required.
    23:47:28.582 | 446 ool-1-worker-210 | WARN  | o.z.p.spring.common.AdviceTraits     : Bad Request: Score is required.
    23:47:28.583 | 446 ool-1-worker-210 | DEBUG | d.t.c.a.a.c.s.f.ApiVersionFilter     : Adding Version to Request PUT /api/participations/2176/manual-results
    23:47:28.587 | 446 ool-1-worker-210 | DEBUG | .a.p.w.ProgrammingAssessmentResource : REST request to save a new result : Result{idnull, completionDate=null, successful=null, score=null, rated=true, assessmentType=null, hasComplaint=null, testCaseCount=0, passedTestCaseCount=0, codeIssueCount=0}
    23:47:28.592 | 446 ool-1-worker-210 | ERROR | tech.jhipster.web.util.HeaderUtil    : Entity processing failed, Score is required.
    23:47:28.592 | 446 ool-1-worker-210 | WARN  | o.z.p.spring.common.AdviceTraits     : Bad Request: Score is required.
    23:47:28.594 | 446 ool-1-worker-210 | DEBUG | d.t.c.a.a.c.s.f.ApiVersionFilter     : Adding Version to Request PUT /api/participations/2176/manual-results
    23:47:28.594 | 446 ool-1-worker-210 | DEBUG | .a.p.w.ProgrammingAssessmentResource : REST request to save a new result : Result{idnull, completionDate=null, successful=null, score=null, rated=true, assessmentType=null, hasComplaint=null, testCaseCount=0, passedTestCaseCount=0, codeIssueCount=0}
    23:47:28.598 | 446 ool-1-worker-210 | ERROR | tech.jhipster.web.util.HeaderUtil    : Entity processing failed, Score is required.
    23:47:28.598 | 446 ool-1-worker-210 | WARN  | o.z.p.spring.common.AdviceTraits     : Bad Request: Score is required.
    23:47:28.601 | 446 ool-1-worker-210 | DEBUG | d.t.c.a.a.c.s.f.ApiVersionFilter     : Adding Version to Request PUT /api/participations/2176/manual-results
    23:47:28.602 | 446 ool-1-worker-210 | DEBUG | .a.p.w.ProgrammingAssessmentResource : REST request to save a new result : Result{idnull, completionDate=null, successful=null, score=null, rated=true, assessmentType=null, hasComplaint=null, testCaseCount=0, passedTestCaseCount=0, codeIssueCount=0}
    23:47:28.605 | 446 ool-1-worker-210 | ERROR | tech.jhipster.web.util.HeaderUtil    : Entity processing failed, Score is required.
    23:47:28.605 | 446 ool-1-worker-210 | WARN  | o.z.p.spring.common.AdviceTraits     : Bad Request: Score is required.

  Starting logs for ProgrammingAssessmentIntegrationTest > testOverrideAssessment_submitSameTutorPossible()
    23:47:28.620 | 446 ool-1-worker-210 | DEBUG | d.t.c.a.a.c.u.util.UserUtilService   : Generate 3 students...
    23:47:28.625 | 446 ool-1-worker-210 | DEBUG | d.t.c.a.a.c.u.util.UserUtilService   : 3 students generated. Generate 2 tutors...
    23:47:28.629 | 446 ool-1-worker-210 | DEBUG | d.t.c.a.a.c.u.util.UserUtilService   : 2 tutors generated. Generate 0 editors...
    23:47:28.630 | 446 ool-1-worker-210 | DEBUG | d.t.c.a.a.c.u.util.UserUtilService   : 0 editors generated. Generate 2 instructors...
    23:47:28.634 | 446 ool-1-worker-210 | DEBUG | d.t.c.a.a.c.u.util.UserUtilService   : 2 instructors generated
    23:47:28.636 | 446 ool-1-worker-210 | DEBUG | d.t.c.a.a.c.u.util.UserUtilService   : Removing 7 users from all courses...
    23:47:28.637 | 446 ool-1-worker-210 | DEBUG | d.t.c.a.a.c.u.util.UserUtilService   : Removing 7 users from all courses. Done
    23:47:28.637 | 446 ool-1-worker-210 | DEBUG | d.t.c.a.a.c.u.util.UserUtilService   : Save 7 users to database...
    23:47:28.642 | 446 ool-1-worker-210 | DEBUG | d.t.c.a.a.c.u.util.UserUtilService   : Save 7 users to database. Done
    23:47:28.678 | 446 ool-1-worker-210 | DEBUG | .c.s.m.InstanceMessageReceiveService : Received schedule participant score for exercise 3282 and participant 681 (result to be deleted: null)
    23:47:28.678 | 446 ool-1-worker-210 | DEBUG | .a.s.ParticipantScoreScheduleService : Scheduled task for exercise 3282 and participant 681 at 2025-02-14T23:47:28.778234449Z[Etc/UTC].
    23:47:28.690 | 446 ool-1-worker-210 | DEBUG | .c.s.m.InstanceMessageReceiveService : Received schedule participant score for exercise 3282 and participant 681 (result to be deleted: null)
    23:47:28.690 | 446 ool-1-worker-210 | DEBUG | .a.s.ParticipantScoreScheduleService : Scheduled task for exercise 3282 and participant 681 at 2025-02-14T23:47:28.790050375Z[Etc/UTC].
    23:47:28.693 | 446 ool-1-worker-210 | DEBUG | PersonalAccessTokenManagementService : Generate secure vcs access token
    23:47:28.696 | 446 ool-1-worker-210 | DEBUG | .c.s.m.InstanceMessageReceiveService : Received schedule participant score for exercise 3282 and participant 682 (result to be deleted: null)
    23:47:28.696 | 446 ool-1-worker-210 | DEBUG | .a.s.ParticipantScoreScheduleService : Scheduled task for exercise 3282 and participant 682 at 2025-02-14T23:47:28.796154219Z[Etc/UTC].
    23:47:28.705 | 446 ool-1-worker-210 | DEBUG | .c.s.m.InstanceMessageReceiveService : Received schedule participant score for exercise 3282 and participant 682 (result to be deleted: null)
    23:47:28.705 | 446 ool-1-worker-210 | DEBUG | .a.s.ParticipantScoreScheduleService : Scheduled task for exercise 3282 and participant 682 at 2025-02-14T23:47:28.805061400Z[Etc/UTC].
    23:47:28.728 | 446 ool-1-worker-210 | DEBUG | .c.s.m.InstanceMessageReceiveService : Received schedule participant score for exercise 3282 and participant 682 (result to be deleted: null)
    23:47:28.729 | 446 ool-1-worker-210 | DEBUG | .a.s.ParticipantScoreScheduleService : Scheduled task for exercise 3282 and participant 682 at 2025-02-14T23:47:28.829066919Z[Etc/UTC].
    23:47:28.736 | 446 ool-1-worker-210 | INFO  | i.z.t.d.l.EmbeddedDatabaseReporter   : JDBC URL to connect to 'dataSource': url='jdbc:h2:tcp://localhost:41063/mem:df70fc46-7e57-4cb5-9cd0-c1d90c14afa7;USER=sa', scope='ProgrammingAssessmentIntegrationTest#testOverrideAssessment_submitSameTutorPossible'
    23:47:28.740 | 446 ool-1-worker-210 | DEBUG | d.t.c.a.a.c.s.f.ApiVersionFilter     : Adding Version to Request PUT /api/participations/2179/manual-results
    23:47:28.741 | 446 ool-1-worker-210 | DEBUG | .a.p.w.ProgrammingAssessmentResource : REST request to save a new result : Result{id1272, completionDate=2025-02-14T23:47:28.737033506Z, successful=false, score=75.0, rated=true, assessmentType=SEMI_AUTOMATIC, hasComplaint=null, testCaseCount=0, passedTestCaseCount=0, codeIssueCount=0}
    23:47:28.750 | 446 ool-1-worker-210 | DEBUG | .c.s.m.InstanceMessageReceiveService : Received schedule participant score for exercise 3282 and participant 681 (result to be deleted: null)
    23:47:28.751 | 446 ool-1-worker-210 | DEBUG | .a.s.ParticipantScoreScheduleService : Scheduled task for exercise 3282 and participant 681 at 2025-02-14T23:47:28.851032604Z[Etc/UTC].
    23:47:28.764 | 446 ool-1-worker-210 | DEBUG | .c.s.m.InstanceMessageReceiveService : Received schedule participant score for exercise 3282 and participant 681 (result to be deleted: null)
    23:47:28.764 | 446 ool-1-worker-210 | DEBUG | .a.s.ParticipantScoreScheduleService : Scheduled task for exercise 3282 and participant 681 at 2025-02-14T23:47:28.864224896Z[Etc/UTC].

  Starting logs for ProgrammingAssessmentIntegrationTest > createManualProgrammingExerciseResult_IncludedCompletelyWithoutBonusPointsExercise()
    23:47:28.790 | 446 ool-1-worker-210 | DEBUG | d.t.c.a.a.c.u.util.UserUtilService   : Generate 3 students...
    23:47:28.798 | 446 ool-1-worker-210 | DEBUG | d.t.c.a.a.c.u.util.UserUtilService   : 3 students generated. Generate 2 tutors...
    23:47:28.804 | 446 ool-1-worker-210 | DEBUG | d.t.c.a.a.c.u.util.UserUtilService   : 2 tutors generated. Generate 0 editors...
    23:47:28.806 | 446 ool-1-worker-210 | DEBUG | d.t.c.a.a.c.u.util.UserUtilService   : 0 editors generated. Generate 2 instructors...
    23:47:28.811 | 446 ool-1-worker-210 | DEBUG | d.t.c.a.a.c.u.util.UserUtilService   : 2 instructors generated
    23:47:28.813 | 446 ool-1-worker-210 | DEBUG | d.t.c.a.a.c.u.util.UserUtilService   : Removing 7 users from all courses...
    23:47:28.814 | 446 ool-1-worker-210 | DEBUG | d.t.c.a.a.c.u.util.UserUtilService   : Removing 7 users from all courses. Done
    23:47:28.814 | 446 ool-1-worker-210 | DEBUG | d.t.c.a.a.c.u.util.UserUtilService   : Save 7 users to database...
    23:47:28.819 | 446 ool-1-worker-210 | DEBUG | d.t.c.a.a.c.u.util.UserUtilService   : Save 7 users to database. Done
    23:47:28.845 | 446 ool-1-worker-210 | DEBUG | .c.s.m.InstanceMessageReceiveService : Received schedule participant score for exercise 3283 and participant 681 (result to be deleted: null)
    23:47:28.845 | 446 ool-1-worker-210 | DEBUG | .a.s.ParticipantScoreScheduleService : Scheduled task for exercise 3283 and participant 681 at 2025-02-14T23:47:28.945159362Z[Etc/UTC].
    23:47:28.856 | 446 ool-1-worker-210 | DEBUG | .c.s.m.InstanceMessageReceiveService : Received schedule participant score for exercise 3283 and participant 681 (result to be deleted: null)
    23:47:28.856 | 446 ool-1-worker-210 | DEBUG | .a.s.ParticipantScoreScheduleService : Scheduled task for exercise 3283 and participant 681 at 2025-02-14T23:47:28.956778851Z[Etc/UTC].
    23:47:28.860 | 446 ool-1-worker-210 | DEBUG | PersonalAccessTokenManagementService : Generate secure vcs access token
    23:47:28.862 | 446 ool-1-worker-210 | DEBUG | .c.s.m.InstanceMessageReceiveService : Received schedule participant score for exercise 3283 and participant 682 (result to be deleted: null)
    23:47:28.862 | 446 ool-1-worker-210 | DEBUG | .a.s.ParticipantScoreScheduleService : Scheduled task for exercise 3283 and participant 682 at 2025-02-14T23:47:28.962589017Z[Etc/UTC].
    23:47:28.869 | 446 ool-1-worker-210 | DEBUG | .c.s.m.InstanceMessageReceiveService : Received schedule participant score for exercise 3283 and participant 682 (result to be deleted: null)
    23:47:28.870 | 446 ool-1-worker-210 | DEBUG | .a.s.ParticipantScoreScheduleService : Scheduled task for exercise 3283 and participant 682 at 2025-02-14T23:47:28.970040664Z[Etc/UTC].
    23:47:28.882 | 446 ool-1-worker-210 | DEBUG | .c.s.m.InstanceMessageReceiveService : Received schedule participant score for exercise 3283 and participant 682 (result to be deleted: null)
    23:47:28.882 | 446 ool-1-worker-210 | DEBUG | .a.s.ParticipantScoreScheduleService : Scheduled task for exercise 3283 and participant 682 at 2025-02-14T23:47:28.982625093Z[Etc/UTC].
    23:47:28.883 | 446 ool-1-worker-210 | INFO  | i.z.t.d.l.EmbeddedDatabaseReporter   : JDBC URL to connect to 'dataSource': url='jdbc:h2:tcp://localhost:41063/mem:df70fc46-7e57-4cb5-9cd0-c1d90c14afa7;USER=sa', scope='ProgrammingAssessmentIntegrationTest#createManualProgrammingExerciseResult_IncludedCompletelyWithoutBonusPointsExercise'
    23:47:28.886 | 446 ool-1-worker-210 | DEBUG | d.t.c.a.a.c.s.f.ApiVersionFilter     : Adding Version to Request PUT /api/participations/2184/manual-results
    23:47:28.887 | 446 ool-1-worker-210 | DEBUG | .a.p.w.ProgrammingAssessmentResource : REST request to save a new result : Result{idnull, completionDate=null, successful=false, score=0.0, rated=true, assessmentType=SEMI_AUTOMATIC, hasComplaint=null, testCaseCount=0, passedTestCaseCount=0, codeIssueCount=0}
    23:47:28.905 | 446 ool-1-worker-210 | DEBUG | .c.s.m.InstanceMessageReceiveService : Received schedule participant score for exercise 3283 and participant 682 (result to be deleted: null)
    23:47:28.905 | 446 ool-1-worker-210 | DEBUG | .a.s.ParticipantScoreScheduleService : Scheduled task for exercise 3283 and participant 682 at 2025-02-14T23:47:29.005332541Z[Etc/UTC].
    23:47:28.920 | 446 ool-1-worker-210 | DEBUG | .c.s.m.InstanceMessageReceiveService : Received schedule participant score for exercise 3283 and participant 682 (result to be deleted: null)
    23:47:28.920 | 446 ool-1-worker-210 | DEBUG | .a.s.ParticipantScoreScheduleService : Scheduled task for exercise 3283 and participant 682 at 2025-02-14T23:47:29.020084222Z[Etc/UTC].
    23:47:28.926 | 446 ool-1-worker-210 | DEBUG | .c.s.m.InstanceMessageReceiveService : Received schedule participant score for exercise 3283 and participant 682 (result to be deleted: null)
    23:47:28.926 | 446 ool-1-worker-210 | DEBUG | .a.s.ParticipantScoreScheduleService : Scheduled task for exercise 3283 and participant 682 at 2025-02-14T23:47:29.026508814Z[Etc/UTC].
    23:47:28.952 | 446 ool-1-worker-210 | DEBUG | d.t.c.a.a.c.s.f.ApiVersionFilter     : Adding Version to Request PUT /api/participations/2184/manual-results
    23:47:28.953 | 446 ool-1-worker-210 | DEBUG | .a.p.w.ProgrammingAssessmentResource : REST request to save a new result : Result{idnull, completionDate=null, successful=false, score=0.0, rated=true, assessmentType=SEMI_AUTOMATIC, hasComplaint=null, testCaseCount=0, passedTestCaseCount=0, codeIssueCount=0}
    23:47:28.956 | 664 taskScheduler-2  | DEBUG | .a.s.ParticipantScoreScheduleService : Processing exercise 3283 and participant 681 to update participant scores.
    23:47:28.968 | 446 ool-1-worker-210 | DEBUG | .c.s.m.InstanceMessageReceiveService : Received schedule participant score for exercise 3283 and participant 682 (result to be deleted: null)
    23:47:28.968 | 446 ool-1-worker-210 | DEBUG | .a.s.ParticipantScoreScheduleService : Scheduled task for exercise 3283 and participant 682 at 2025-02-14T23:47:29.068068520Z[Etc/UTC].
    23:47:28.969 | 664 taskScheduler-2  | DEBUG | .a.s.ParticipantScoreScheduleService : Updated participant score 84.
    23:47:28.972 | 664 taskScheduler-2  | DEBUG | .a.s.ParticipantScoreScheduleService : Updating the participant score for exercise 3283 and participant 681 took 16 ms.
    23:47:28.980 | 446 ool-1-worker-210 | DEBUG | .c.s.m.InstanceMessageReceiveService : Received schedule participant score for exercise 3283 and participant 682 (result to be deleted: null)
    23:47:28.980 | 446 ool-1-worker-210 | DEBUG | .a.s.ParticipantScoreScheduleService : Scheduled task for exercise 3283 and participant 682 at 2025-02-14T23:47:29.080439363Z[Etc/UTC].
    23:47:28.984 | 446 ool-1-worker-210 | DEBUG | .c.s.m.InstanceMessageReceiveService : Received schedule participant score for exercise 3283 and participant 682 (result to be deleted: null)
    23:47:28.984 | 446 ool-1-worker-210 | DEBUG | .a.s.ParticipantScoreScheduleService : Scheduled task for exercise 3283 and participant 682 at 2025-02-14T23:47:29.084301496Z[Etc/UTC].
    23:47:28.995 | 446 ool-1-worker-210 | DEBUG | d.t.c.a.a.c.s.f.ApiVersionFilter     : Adding Version to Request PUT /api/participations/2184/manual-results
    23:47:28.996 | 446 ool-1-worker-210 | DEBUG | .a.p.w.ProgrammingAssessmentResource : REST request to save a new result : Result{idnull, completionDate=null, successful=false, score=0.0, rated=true, assessmentType=SEMI_AUTOMATIC, hasComplaint=null, testCaseCount=0, passedTestCaseCount=0, codeIssueCount=0}
    23:47:29.014 | 446 ool-1-worker-210 | DEBUG | .c.s.m.InstanceMessageReceiveService : Received schedule participant score for exercise 3283 and participant 682 (result to be deleted: null)
    23:47:29.014 | 446 ool-1-worker-210 | DEBUG | .a.s.ParticipantScoreScheduleService : Scheduled task for exercise 3283 and participant 682 at 2025-02-14T23:47:29.114320416Z[Etc/UTC].
    23:47:29.035 | 446 ool-1-worker-210 | DEBUG | .c.s.m.InstanceMessageReceiveService : Received schedule participant score for exercise 3283 and participant 682 (result to be deleted: null)
    23:47:29.035 | 446 ool-1-worker-210 | DEBUG | .a.s.ParticipantScoreScheduleService : Scheduled task for exercise 3283 and participant 682 at 2025-02-14T23:47:29.135098185Z[Etc/UTC].
    23:47:29.041 | 446 ool-1-worker-210 | DEBUG | .c.s.m.InstanceMessageReceiveService : Received schedule participant score for exercise 3283 and participant 682 (result to be deleted: null)
    23:47:29.042 | 446 ool-1-worker-210 | DEBUG | .a.s.ParticipantScoreScheduleService : Scheduled task for exercise 3283 and participant 682 at 2025-02-14T23:47:29.142019172Z[Etc/UTC].
    23:47:29.061 | 446 ool-1-worker-210 | DEBUG | d.t.c.a.a.c.s.f.ApiVersionFilter     : Adding Version to Request PUT /api/participations/2184/manual-results
    23:47:29.064 | 446 ool-1-worker-210 | DEBUG | .a.p.w.ProgrammingAssessmentResource : REST request to save a new result : Result{idnull, completionDate=null, successful=false, score=50.0, rated=true, assessmentType=SEMI_AUTOMATIC, hasComplaint=null, testCaseCount=0, passedTestCaseCount=0, codeIssueCount=0}
    23:47:29.086 | 446 ool-1-worker-210 | DEBUG | .c.s.m.InstanceMessageReceiveService : Received schedule participant score for exercise 3283 and participant 682 (result to be deleted: null)
    23:47:29.086 | 446 ool-1-worker-210 | DEBUG | .a.s.ParticipantScoreScheduleService : Scheduled task for exercise 3283 and participant 682 at 2025-02-14T23:47:29.186563128Z[Etc/UTC].
    23:47:29.111 | 446 ool-1-worker-210 | DEBUG | .c.s.m.InstanceMessageReceiveService : Received schedule participant score for exercise 3283 and participant 682 (result to be deleted: null)
    23:47:29.111 | 446 ool-1-worker-210 | DEBUG | .a.s.ParticipantScoreScheduleService : Scheduled task for exercise 3283 and participant 682 at 2025-02-14T23:47:29.211792339Z[Etc/UTC].
    23:47:29.117 | 446 ool-1-worker-210 | DEBUG | .c.s.m.InstanceMessageReceiveService : Received schedule participant score for exercise 3283 and participant 682 (result to be deleted: null)
    23:47:29.117 | 446 ool-1-worker-210 | DEBUG | .a.s.ParticipantScoreScheduleService : Scheduled task for exercise 3283 and participant 682 at 2025-02-14T23:47:29.217435673Z[Etc/UTC].
    23:47:29.129 | 446 ool-1-worker-210 | DEBUG | d.t.c.a.a.c.s.f.ApiVersionFilter     : Adding Version to Request PUT /api/participations/2184/manual-results
    23:47:29.130 | 446 ool-1-worker-210 | DEBUG | .a.p.w.ProgrammingAssessmentResource : REST request to save a new result : Result{idnull, completionDate=null, successful=true, score=100.0, rated=true, assessmentType=SEMI_AUTOMATIC, hasComplaint=null, testCaseCount=0, passedTestCaseCount=0, codeIssueCount=0}
    23:47:29.141 | 446 ool-1-worker-210 | DEBUG | .c.s.m.InstanceMessageReceiveService : Received schedule participant score for exercise 3283 and participant 682 (result to be deleted: null)
    23:47:29.141 | 446 ool-1-worker-210 | DEBUG | .a.s.ParticipantScoreScheduleService : Scheduled task for exercise 3283 and participant 682 at 2025-02-14T23:47:29.241405666Z[Etc/UTC].
    23:47:29.155 | 446 ool-1-worker-210 | DEBUG | .c.s.m.InstanceMessageReceiveService : Received schedule participant score for exercise 3283 and participant 682 (result to be deleted: null)
    23:47:29.156 | 446 ool-1-worker-210 | DEBUG | .a.s.ParticipantScoreScheduleService : Scheduled task for exercise 3283 and participant 682 at 2025-02-14T23:47:29.256011034Z[Etc/UTC].
    23:47:29.159 | 446 ool-1-worker-210 | DEBUG | .c.s.m.InstanceMessageReceiveService : Received schedule participant score for exercise 3283 and participant 682 (result to be deleted: null)
    23:47:29.159 | 446 ool-1-worker-210 | DEBUG | .a.s.ParticipantScoreScheduleService : Scheduled task for exercise 3283 and participant 682 at 2025-02-14T23:47:29.259710543Z[Etc/UTC].
    23:47:29.183 | 446 ool-1-worker-210 | DEBUG | d.t.c.a.a.c.s.f.ApiVersionFilter     : Adding Version to Request PUT /api/participations/2184/manual-results
    23:47:29.184 | 446 ool-1-worker-210 | DEBUG | .a.p.w.ProgrammingAssessmentResource : REST request to save a new result : Result{idnull, completionDate=null, successful=true, score=100.0, rated=true, assessmentType=SEMI_AUTOMATIC, hasComplaint=null, testCaseCount=0, passedTestCaseCount=0, codeIssueCount=0}
    23:47:29.208 | 446 ool-1-worker-210 | DEBUG | .c.s.m.InstanceMessageReceiveService : Received schedule participant score for exercise 3283 and participant 682 (result to be deleted: null)
    23:47:29.208 | 446 ool-1-worker-210 | DEBUG | .a.s.ParticipantScoreScheduleService : Scheduled task for exercise 3283 and participant 682 at 2025-02-14T23:47:29.308975479Z[Etc/UTC].
    23:47:29.236 | 446 ool-1-worker-210 | DEBUG | .c.s.m.InstanceMessageReceiveService : Received schedule participant score for exercise 3283 and participant 682 (result to be deleted: null)
    23:47:29.236 | 446 ool-1-worker-210 | DEBUG | .a.s.ParticipantScoreScheduleService : Scheduled task for exercise 3283 and participant 682 at 2025-02-14T23:47:29.336710722Z[Etc/UTC].
    23:47:29.245 | 446 ool-1-worker-210 | DEBUG | .c.s.m.InstanceMessageReceiveService : Received schedule participant score for exercise 3283 and participant 682 (result to be deleted: null)
    23:47:29.245 | 446 ool-1-worker-210 | DEBUG | .a.s.ParticipantScoreScheduleService : Scheduled task for exercise 3283 and participant 682 at 2025-02-14T23:47:29.345951167Z[Etc/UTC].

  Starting logs for ProgrammingAssessmentIntegrationTest > createManualProgrammingExerciseResult_withResultOver100Percent()
    23:47:29.270 | 446 ool-1-worker-210 | DEBUG | d.t.c.a.a.c.u.util.UserUtilService   : Generate 3 students...
    23:47:29.281 | 446 ool-1-worker-210 | DEBUG | d.t.c.a.a.c.u.util.UserUtilService   : 3 students generated. Generate 2 tutors...
    23:47:29.290 | 446 ool-1-worker-210 | DEBUG | d.t.c.a.a.c.u.util.UserUtilService   : 2 tutors generated. Generate 0 editors...
    23:47:29.294 | 446 ool-1-worker-210 | DEBUG | d.t.c.a.a.c.u.util.UserUtilService   : 0 editors generated. Generate 2 instructors...
    23:47:29.314 | 446 ool-1-worker-210 | DEBUG | d.t.c.a.a.c.u.util.UserUtilService   : 2 instructors generated
    23:47:29.318 | 446 ool-1-worker-210 | DEBUG | d.t.c.a.a.c.u.util.UserUtilService   : Removing 7 users from all courses...
    23:47:29.319 | 446 ool-1-worker-210 | DEBUG | d.t.c.a.a.c.u.util.UserUtilService   : Removing 7 users from all courses. Done
    23:47:29.319 | 446 ool-1-worker-210 | DEBUG | d.t.c.a.a.c.u.util.UserUtilService   : Save 7 users to database...
    23:47:29.331 | 446 ool-1-worker-210 | DEBUG | d.t.c.a.a.c.u.util.UserUtilService   : Save 7 users to database. Done
    23:47:29.381 | 446 ool-1-worker-210 | DEBUG | .c.s.m.InstanceMessageReceiveService : Received schedule participant score for exercise 3284 and participant 681 (result to be deleted: null)
    23:47:29.381 | 446 ool-1-worker-210 | DEBUG | .a.s.ParticipantScoreScheduleService : Scheduled task for exercise 3284 and participant 681 at 2025-02-14T23:47:29.481891948Z[Etc/UTC].
    23:47:29.393 | 446 ool-1-worker-210 | DEBUG | .c.s.m.InstanceMessageReceiveService : Received schedule participant score for exercise 3284 and participant 681 (result to be deleted: null)
    23:47:29.393 | 446 ool-1-worker-210 | DEBUG | .a.s.ParticipantScoreScheduleService : Scheduled task for exercise 3284 and participant 681 at 2025-02-14T23:47:29.493289173Z[Etc/UTC].
    23:47:29.397 | 446 ool-1-worker-210 | DEBUG | PersonalAccessTokenManagementService : Generate secure vcs access token
    23:47:29.399 | 446 ool-1-worker-210 | DEBUG | .c.s.m.InstanceMessageReceiveService : Received schedule participant score for exercise 3284 and participant 682 (result to be deleted: null)
    23:47:29.399 | 446 ool-1-worker-210 | DEBUG | .a.s.ParticipantScoreScheduleService : Scheduled task for exercise 3284 and participant 682 at 2025-02-14T23:47:29.499834580Z[Etc/UTC].
    23:47:29.407 | 446 ool-1-worker-210 | DEBUG | .c.s.m.InstanceMessageReceiveService : Received schedule participant score for exercise 3284 and participant 682 (result to be deleted: null)
    23:47:29.407 | 446 ool-1-worker-210 | DEBUG | .a.s.ParticipantScoreScheduleService : Scheduled task for exercise 3284 and participant 682 at 2025-02-14T23:47:29.507963660Z[Etc/UTC].
    23:47:29.442 | 446 ool-1-worker-210 | DEBUG | .c.s.m.InstanceMessageReceiveService : Received schedule participant score for exercise 3284 and participant 682 (result to be deleted: null)
    23:47:29.442 | 446 ool-1-worker-210 | DEBUG | .a.s.ParticipantScoreScheduleService : Scheduled task for exercise 3284 and participant 682 at 2025-02-14T23:47:29.542871411Z[Etc/UTC].
    23:47:29.443 | 446 ool-1-worker-210 | INFO  | i.z.t.d.l.EmbeddedDatabaseReporter   : JDBC URL to connect to 'dataSource': url='jdbc:h2:tcp://localhost:41063/mem:df70fc46-7e57-4cb5-9cd0-c1d90c14afa7;USER=sa', scope='ProgrammingAssessmentIntegrationTest#createManualProgrammingExerciseResult_withResultOver100Percent'
    23:47:29.447 | 446 ool-1-worker-210 | DEBUG | d.t.c.a.a.c.s.f.ApiVersionFilter     : Adding Version to Request PUT /api/participations/2188/manual-results
    23:47:29.451 | 446 ool-1-worker-210 | DEBUG | .a.p.w.ProgrammingAssessmentResource : REST request to save a new result : Result{idnull, completionDate=null, successful=true, score=105.0, rated=true, assessmentType=SEMI_AUTOMATIC, hasComplaint=null, testCaseCount=0, passedTestCaseCount=0, codeIssueCount=0}
    23:47:29.475 | 446 ool-1-worker-210 | DEBUG | .c.s.m.InstanceMessageReceiveService : Received schedule participant score for exercise 3284 and participant 682 (result to be deleted: null)
    23:47:29.475 | 446 ool-1-worker-210 | DEBUG | .a.s.ParticipantScoreScheduleService : Scheduled task for exercise 3284 and participant 682 at 2025-02-14T23:47:29.575579670Z[Etc/UTC].
    23:47:29.493 | 664 taskScheduler-2  | DEBUG | .a.s.ParticipantScoreScheduleService : Processing exercise 3284 and participant 681 to update participant scores.
    23:47:29.500 | 664 taskScheduler-2  | DEBUG | .a.s.ParticipantScoreScheduleService : Updated participant score 85.
    23:47:29.500 | 446 ool-1-worker-210 | DEBUG | .c.s.m.InstanceMessageReceiveService : Received schedule participant score for exercise 3284 and participant 682 (result to be deleted: null)
    23:47:29.500 | 446 ool-1-worker-210 | DEBUG | .a.s.ParticipantScoreScheduleService : Scheduled task for exercise 3284 and participant 682 at 2025-02-14T23:47:29.600272531Z[Etc/UTC].
    23:47:29.509 | 664 taskScheduler-2  | DEBUG | .a.s.ParticipantScoreScheduleService : Updating the participant score for exercise 3284 and participant 681 took 16 ms.
    23:47:29.509 | 446 ool-1-worker-210 | DEBUG | .c.s.m.InstanceMessageReceiveService : Received schedule participant score for exercise 3284 and participant 682 (result to be deleted: null)
    23:47:29.509 | 446 ool-1-worker-210 | DEBUG | .a.s.ParticipantScoreScheduleService : Scheduled task for exercise 3284 and participant 682 at 2025-02-14T23:47:29.609897300Z[Etc/UTC].
    23:47:29.531 | 446 ool-1-worker-210 | DEBUG | d.t.c.a.a.c.s.f.ApiVersionFilter     : Adding Version to Request PUT /api/participations/2188/manual-results
    23:47:29.532 | 446 ool-1-worker-210 | DEBUG | .a.p.w.ProgrammingAssessmentResource : REST request to save a new result : Result{idnull, completionDate=null, successful=true, score=110.0, rated=true, assessmentType=SEMI_AUTOMATIC, hasComplaint=null, testCaseCount=0, passedTestCaseCount=0, codeIssueCount=0}
    23:47:29.549 | 446 ool-1-worker-210 | DEBUG | .c.s.m.InstanceMessageReceiveService : Received schedule participant score for exercise 3284 and participant 682 (result to be deleted: null)
    23:47:29.549 | 446 ool-1-worker-210 | DEBUG | .a.s.ParticipantScoreScheduleService : Scheduled task for exercise 3284 and participant 682 at 2025-02-14T23:47:29.649911905Z[Etc/UTC].
    23:47:29.566 | 446 ool-1-worker-210 | DEBUG | .c.s.m.InstanceMessageReceiveService : Received schedule participant score for exercise 3284 and participant 682 (result to be deleted: null)
    23:47:29.566 | 446 ool-1-worker-210 | DEBUG | .a.s.ParticipantScoreScheduleService : Scheduled task for exercise 3284 and participant 682 at 2025-02-14T23:47:29.666508807Z[Etc/UTC].
    23:47:29.569 | 446 ool-1-worker-210 | DEBUG | .c.s.m.InstanceMessageReceiveService : Received schedule participant score for exercise 3284 and participant 682 (result to be deleted: null)
    23:47:29.569 | 446 ool-1-worker-210 | DEBUG | .a.s.ParticipantScoreScheduleService : Scheduled task for exercise 3284 and participant 682 at 2025-02-14T23:47:29.669660034Z[Etc/UTC].

  Starting logs for ProgrammingAssessmentIntegrationTest > unlockFeedbackRequestAfterAssessment()
    23:47:29.595 | 446 ool-1-worker-210 | DEBUG | d.t.c.a.a.c.u.util.UserUtilService   : Generate 3 students...
    23:47:29.600 | 446 ool-1-worker-210 | DEBUG | d.t.c.a.a.c.u.util.UserUtilService   : 3 students generated. Generate 2 tutors...
    23:47:29.604 | 446 ool-1-worker-210 | DEBUG | d.t.c.a.a.c.u.util.UserUtilService   : 2 tutors generated. Generate 0 editors...
    23:47:29.605 | 446 ool-1-worker-210 | DEBUG | d.t.c.a.a.c.u.util.UserUtilService   : 0 editors generated. Generate 2 instructors...
    23:47:29.610 | 446 ool-1-worker-210 | DEBUG | d.t.c.a.a.c.u.util.UserUtilService   : 2 instructors generated
    23:47:29.612 | 446 ool-1-worker-210 | DEBUG | d.t.c.a.a.c.u.util.UserUtilService   : Removing 7 users from all courses...
    23:47:29.615 | 446 ool-1-worker-210 | DEBUG | d.t.c.a.a.c.u.util.UserUtilService   : Removing 7 users from all courses. Done
    23:47:29.615 | 446 ool-1-worker-210 | DEBUG | d.t.c.a.a.c.u.util.UserUtilService   : Save 7 users to database...
    23:47:29.619 | 446 ool-1-worker-210 | DEBUG | d.t.c.a.a.c.u.util.UserUtilService   : Save 7 users to database. Done
    23:47:29.649 | 446 ool-1-worker-210 | DEBUG | .c.s.m.InstanceMessageReceiveService : Received schedule participant score for exercise 3285 and participant 681 (result to be deleted: null)
    23:47:29.649 | 446 ool-1-worker-210 | DEBUG | .a.s.ParticipantScoreScheduleService : Scheduled task for exercise 3285 and participant 681 at 2025-02-14T23:47:29.749741181Z[Etc/UTC].
    23:47:29.678 | 446 ool-1-worker-210 | DEBUG | .c.s.m.InstanceMessageReceiveService : Received schedule participant score for exercise 3285 and participant 681 (result to be deleted: null)
    23:47:29.678 | 446 ool-1-worker-210 | DEBUG | .a.s.ParticipantScoreScheduleService : Scheduled task for exercise 3285 and participant 681 at 2025-02-14T23:47:29.778316272Z[Etc/UTC].
    23:47:29.685 | 446 ool-1-worker-210 | DEBUG | PersonalAccessTokenManagementService : Generate secure vcs access token
    23:47:29.690 | 446 ool-1-worker-210 | DEBUG | .c.s.m.InstanceMessageReceiveService : Received schedule participant score for exercise 3285 and participant 682 (result to be deleted: null)
    23:47:29.690 | 446 ool-1-worker-210 | DEBUG | .a.s.ParticipantScoreScheduleService : Scheduled task for exercise 3285 and participant 682 at 2025-02-14T23:47:29.790677434Z[Etc/UTC].
    23:47:29.706 | 446 ool-1-worker-210 | DEBUG | .c.s.m.InstanceMessageReceiveService : Received schedule participant score for exercise 3285 and participant 682 (result to be deleted: null)
    23:47:29.706 | 446 ool-1-worker-210 | DEBUG | .a.s.ParticipantScoreScheduleService : Scheduled task for exercise 3285 and participant 682 at 2025-02-14T23:47:29.806714863Z[Etc/UTC].
    23:47:29.723 | 446 ool-1-worker-210 | DEBUG | .c.s.m.InstanceMessageReceiveService : Received schedule participant score for exercise 3285 and participant 682 (result to be deleted: null)
    23:47:29.723 | 446 ool-1-worker-210 | DEBUG | .a.s.ParticipantScoreScheduleService : Scheduled task for exercise 3285 and participant 682 at 2025-02-14T23:47:29.823448761Z[Etc/UTC].
    23:47:29.724 | 446 ool-1-worker-210 | INFO  | i.z.t.d.l.EmbeddedDatabaseReporter   : JDBC URL to connect to 'dataSource': url='jdbc:h2:tcp://localhost:41063/mem:df70fc46-7e57-4cb5-9cd0-c1d90c14afa7;USER=sa', scope='ProgrammingAssessmentIntegrationTest#unlockFeedbackRequestAfterAssessment'
    23:47:29.745 | 446 ool-1-worker-210 | DEBUG | .c.s.m.InstanceMessageReceiveService : Received schedule participant score for exercise 3285 and participant 682 (result to be deleted: null)
    23:47:29.745 | 446 ool-1-worker-210 | DEBUG | .a.s.ParticipantScoreScheduleService : Scheduled task for exercise 3285 and participant 682 at 2025-02-14T23:47:29.845914528Z[Etc/UTC].
    23:47:29.748 | 446 ool-1-worker-210 | DEBUG | d.t.c.a.a.c.s.f.ApiVersionFilter     : Adding Version to Request PUT /api/participations/2192/manual-results
    23:47:29.749 | 446 ool-1-worker-210 | DEBUG | .a.p.w.ProgrammingAssessmentResource : REST request to save a new result : Result{id1279, completionDate=null, successful=true, score=100.0, rated=null, assessmentType=SEMI_AUTOMATIC, hasComplaint=null, testCaseCount=0, passedTestCaseCount=0, codeIssueCount=0}
    23:47:29.755 | 446 ool-1-worker-210 | DEBUG | .c.s.m.InstanceMessageReceiveService : Received schedule participant score for exercise 3285 and participant 682 (result to be deleted: null)
    23:47:29.755 | 446 ool-1-worker-210 | DEBUG | .a.s.ParticipantScoreScheduleService : Scheduled task for exercise 3285 and participant 682 at 2025-02-14T23:47:29.855806155Z[Etc/UTC].
    23:47:29.763 | 446 ool-1-worker-210 | DEBUG | .c.s.m.InstanceMessageReceiveService : Received schedule participant score for exercise 3285 and participant 682 (result to be deleted: null)
    23:47:29.763 | 446 ool-1-worker-210 | DEBUG | .a.s.ParticipantScoreScheduleService : Scheduled task for exercise 3285 and participant 682 at 2025-02-14T23:47:29.863148949Z[Etc/UTC].
    23:47:29.765 | 446 ool-1-worker-210 | DEBUG | .c.s.m.InstanceMessageReceiveService : Received schedule participant score for exercise 3285 and participant 682 (result to be deleted: null)
    23:47:29.765 | 446 ool-1-worker-210 | DEBUG | .a.s.ParticipantScoreScheduleService : Scheduled task for exercise 3285 and participant 682 at 2025-02-14T23:47:29.865657748Z[Etc/UTC].
    23:47:29.778 | 666 taskScheduler-4  | DEBUG | .a.s.ParticipantScoreScheduleService : Processing exercise 3285 and participant 681 to update participant scores.
    23:47:29.784 | 666 taskScheduler-4  | DEBUG | .a.s.ParticipantScoreScheduleService : Updated participant score 86.
    23:47:29.789 | 666 taskScheduler-4  | DEBUG | .a.s.ParticipantScoreScheduleService : Updating the participant score for exercise 3285 and participant 681 took 11 ms.

  Starting logs for ProgrammingAssessmentIntegrationTest > cancelAssessmentOfOtherTutorAsTutor()
    23:47:29.810 | 446 ool-1-worker-210 | DEBUG | d.t.c.a.a.c.u.util.UserUtilService   : Generate 3 students...
    23:47:29.816 | 446 ool-1-worker-210 | DEBUG | d.t.c.a.a.c.u.util.UserUtilService   : 3 students generated. Generate 2 tutors...
    23:47:29.819 | 446 ool-1-worker-210 | DEBUG | d.t.c.a.a.c.u.util.UserUtilService   : 2 tutors generated. Generate 0 editors...
    23:47:29.821 | 446 ool-1-worker-210 | DEBUG | d.t.c.a.a.c.u.util.UserUtilService   : 0 editors generated. Generate 2 instructors...
    23:47:29.825 | 446 ool-1-worker-210 | DEBUG | d.t.c.a.a.c.u.util.UserUtilService   : 2 instructors generated
    23:47:29.827 | 446 ool-1-worker-210 | DEBUG | d.t.c.a.a.c.u.util.UserUtilService   : Removing 7 users from all courses...
    23:47:29.829 | 446 ool-1-worker-210 | DEBUG | d.t.c.a.a.c.u.util.UserUtilService   : Removing 7 users from all courses. Done
    23:47:29.829 | 446 ool-1-worker-210 | DEBUG | d.t.c.a.a.c.u.util.UserUtilService   : Save 7 users to database...
    23:47:29.835 | 446 ool-1-worker-210 | DEBUG | d.t.c.a.a.c.u.util.UserUtilService   : Save 7 users to database. Done
    23:47:30.009 | 446 ool-1-worker-210 | DEBUG | .c.s.m.InstanceMessageReceiveService : Received schedule participant score for exercise 3286 and participant 681 (result to be deleted: null)
    23:47:30.009 | 446 ool-1-worker-210 | DEBUG | .a.s.ParticipantScoreScheduleService : Scheduled task for exercise 3286 and participant 681 at 2025-02-14T23:47:30.109256923Z[Etc/UTC].
    23:47:30.041 | 446 ool-1-worker-210 | DEBUG | .c.s.m.InstanceMessageReceiveService : Received schedule participant score for exercise 3286 and participant 681 (result to be deleted: null)
    23:47:30.041 | 446 ool-1-worker-210 | DEBUG | .a.s.ParticipantScoreScheduleService : Scheduled task for exercise 3286 and participant 681 at 2025-02-14T23:47:30.141437268Z[Etc/UTC].
    23:47:30.048 | 446 ool-1-worker-210 | DEBUG | PersonalAccessTokenManagementService : Generate secure vcs access token
    23:47:30.053 | 446 ool-1-worker-210 | DEBUG | .c.s.m.InstanceMessageReceiveService : Received schedule participant score for exercise 3286 and participant 682 (result to be deleted: null)
    23:47:30.054 | 446 ool-1-worker-210 | DEBUG | .a.s.ParticipantScoreScheduleService : Scheduled task for exercise 3286 and participant 682 at 2025-02-14T23:47:30.154022508Z[Etc/UTC].
    23:47:30.072 | 446 ool-1-worker-210 | DEBUG | .c.s.m.InstanceMessageReceiveService : Received schedule participant score for exercise 3286 and participant 682 (result to be deleted: null)
    23:47:30.072 | 446 ool-1-worker-210 | DEBUG | .a.s.ParticipantScoreScheduleService : Scheduled task for exercise 3286 and participant 682 at 2025-02-14T23:47:30.172437070Z[Etc/UTC].
    23:47:30.088 | 116 pool-19-thread-4 | ERROR | d.t.c.a.a.core.service.FileService   : Deleting the file path did not work because it does not exist
    23:47:30.102 | 446 ool-1-worker-210 | DEBUG | .c.s.m.InstanceMessageReceiveService : Received schedule participant score for exercise 3286 and participant 682 (result to be deleted: null)
    23:47:30.102 | 446 ool-1-worker-210 | DEBUG | .a.s.ParticipantScoreScheduleService : Scheduled task for exercise 3286 and participant 682 at 2025-02-14T23:47:30.202899832Z[Etc/UTC].
    23:47:30.104 | 446 ool-1-worker-210 | INFO  | i.z.t.d.l.EmbeddedDatabaseReporter   : JDBC URL to connect to 'dataSource': url='jdbc:h2:tcp://localhost:41063/mem:df70fc46-7e57-4cb5-9cd0-c1d90c14afa7;USER=sa', scope='ProgrammingAssessmentIntegrationTest#cancelAssessmentOfOtherTutorAsTutor'
    23:47:30.127 | 446 ool-1-worker-210 | DEBUG | .c.s.m.InstanceMessageReceiveService : Received schedule participant score for exercise 3286 and participant 681 (result to be deleted: null)
    23:47:30.127 | 446 ool-1-worker-210 | DEBUG | .a.s.ParticipantScoreScheduleService : Scheduled task for exercise 3286 and participant 681 at 2025-02-14T23:47:30.227859009Z[Etc/UTC].
    23:47:30.148 | 446 ool-1-worker-210 | DEBUG | .c.s.m.InstanceMessageReceiveService : Received schedule participant score for exercise 3286 and participant 681 (result to be deleted: null)
    23:47:30.148 | 446 ool-1-worker-210 | DEBUG | .a.s.ParticipantScoreScheduleService : Scheduled task for exercise 3286 and participant 681 at 2025-02-14T23:47:30.248142890Z[Etc/UTC].
    23:47:30.149 | 446 ool-1-worker-210 | DEBUG | d.t.c.a.a.c.s.f.ApiVersionFilter     : Adding Version to Request PUT /api/programming-submissions/1716/cancel-assessment
    23:47:30.150 | 446 ool-1-worker-210 | DEBUG | d.t.c.a.a.a.web.AssessmentResource   : REST request to cancel assessment of submission: 1716
    23:47:30.154 | 446 ool-1-worker-210 | WARN  | o.z.p.spring.common.AdviceTraits     : Forbidden: You are not allowed to access this resource

  Starting logs for ProgrammingAssessmentIntegrationTest > testSaveAssessmentNote()
    23:47:30.167 | 446 ool-1-worker-210 | DEBUG | d.t.c.a.a.c.u.util.UserUtilService   : Generate 3 students...
    23:47:30.170 | 114 pool-19-thread-2 | ERROR | d.t.c.a.a.core.service.FileService   : Deleting the file path did not work because it does not exist
    23:47:30.172 | 446 ool-1-worker-210 | DEBUG | d.t.c.a.a.c.u.util.UserUtilService   : 3 students generated. Generate 2 tutors...
    23:47:30.176 | 446 ool-1-worker-210 | DEBUG | d.t.c.a.a.c.u.util.UserUtilService   : 2 tutors generated. Generate 0 editors...
    23:47:30.177 | 446 ool-1-worker-210 | DEBUG | d.t.c.a.a.c.u.util.UserUtilService   : 0 editors generated. Generate 2 instructors...
    23:47:30.184 | 446 ool-1-worker-210 | DEBUG | d.t.c.a.a.c.u.util.UserUtilService   : 2 instructors generated
    23:47:30.190 | 446 ool-1-worker-210 | DEBUG | d.t.c.a.a.c.u.util.UserUtilService   : Removing 7 users from all courses...
    23:47:30.191 | 446 ool-1-worker-210 | DEBUG | d.t.c.a.a.c.u.util.UserUtilService   : Removing 7 users from all courses. Done
    23:47:30.191 | 446 ool-1-worker-210 | DEBUG | d.t.c.a.a.c.u.util.UserUtilService   : Save 7 users to database...
    23:47:30.196 | 446 ool-1-worker-210 | DEBUG | d.t.c.a.a.c.u.util.UserUtilService   : Save 7 users to database. Done
    23:47:30.222 | 446 ool-1-worker-210 | DEBUG | .c.s.m.InstanceMessageReceiveService : Received schedule participant score for exercise 3287 and participant 681 (result to be deleted: null)
    23:47:30.222 | 446 ool-1-worker-210 | DEBUG | .a.s.ParticipantScoreScheduleService : Scheduled task for exercise 3287 and participant 681 at 2025-02-14T23:47:30.322152303Z[Etc/UTC].
    23:47:30.239 | 446 ool-1-worker-210 | DEBUG | .c.s.m.InstanceMessageReceiveService : Received schedule participant score for exercise 3287 and participant 681 (result to be deleted: null)
    23:47:30.240 | 446 ool-1-worker-210 | DEBUG | .a.s.ParticipantScoreScheduleService : Scheduled task for exercise 3287 and participant 681 at 2025-02-14T23:47:30.340012421Z[Etc/UTC].
    23:47:30.250 | 446 ool-1-worker-210 | DEBUG | PersonalAccessTokenManagementService : Generate secure vcs access token
    23:47:30.256 | 446 ool-1-worker-210 | DEBUG | .c.s.m.InstanceMessageReceiveService : Received schedule participant score for exercise 3287 and participant 682 (result to be deleted: null)
    23:47:30.256 | 446 ool-1-worker-210 | DEBUG | .a.s.ParticipantScoreScheduleService : Scheduled task for exercise 3287 and participant 682 at 2025-02-14T23:47:30.356258820Z[Etc/UTC].
    23:47:30.270 | 446 ool-1-worker-210 | DEBUG | .c.s.m.InstanceMessageReceiveService : Received schedule participant score for exercise 3287 and participant 682 (result to be deleted: null)
    23:47:30.270 | 446 ool-1-worker-210 | DEBUG | .a.s.ParticipantScoreScheduleService : Scheduled task for exercise 3287 and participant 682 at 2025-02-14T23:47:30.370818172Z[Etc/UTC].
    23:47:30.304 | 446 ool-1-worker-210 | DEBUG | .c.s.m.InstanceMessageReceiveService : Received schedule participant score for exercise 3287 and participant 682 (result to be deleted: null)
    23:47:30.304 | 446 ool-1-worker-210 | DEBUG | .a.s.ParticipantScoreScheduleService : Scheduled task for exercise 3287 and participant 682 at 2025-02-14T23:47:30.404342994Z[Etc/UTC].
    23:47:30.308 | 446 ool-1-worker-210 | INFO  | i.z.t.d.l.EmbeddedDatabaseReporter   : JDBC URL to connect to 'dataSource': url='jdbc:h2:tcp://localhost:41063/mem:df70fc46-7e57-4cb5-9cd0-c1d90c14afa7;USER=sa', scope='ProgrammingAssessmentIntegrationTest#testSaveAssessmentNote'
    23:47:30.311 | 446 ool-1-worker-210 | DEBUG | d.t.c.a.a.c.s.f.ApiVersionFilter     : Adding Version to Request PUT /api/participations/2200/manual-results
    23:47:30.313 | 446 ool-1-worker-210 | DEBUG | .a.p.w.ProgrammingAssessmentResource : REST request to save a new result : Result{idnull, completionDate=null, successful=false, score=90.0, rated=true, assessmentType=SEMI_AUTOMATIC, hasComplaint=null, testCaseCount=0, passedTestCaseCount=0, codeIssueCount=0}
    23:47:30.332 | 446 ool-1-worker-210 | DEBUG | .c.s.m.InstanceMessageReceiveService : Received schedule participant score for exercise 3287 and participant 682 (result to be deleted: null)
    23:47:30.332 | 446 ool-1-worker-210 | DEBUG | .a.s.ParticipantScoreScheduleService : Scheduled task for exercise 3287 and participant 682 at 2025-02-14T23:47:30.432926106Z[Etc/UTC].
    23:47:30.340 | 663 taskScheduler-1  | DEBUG | .a.s.ParticipantScoreScheduleService : Processing exercise 3287 and participant 681 to update participant scores.
    23:47:30.343 | 446 ool-1-worker-210 | DEBUG | .c.s.m.InstanceMessageReceiveService : Received schedule participant score for exercise 3287 and participant 682 (result to be deleted: null)
    23:47:30.343 | 446 ool-1-worker-210 | DEBUG | .a.s.ParticipantScoreScheduleService : Scheduled task for exercise 3287 and participant 682 at 2025-02-14T23:47:30.443918095Z[Etc/UTC].
    23:47:30.344 | 663 taskScheduler-1  | DEBUG | .a.s.ParticipantScoreScheduleService : Updated participant score 87.
    23:47:30.350 | 663 taskScheduler-1  | DEBUG | .a.s.ParticipantScoreScheduleService : Updating the participant score for exercise 3287 and participant 681 took 10 ms.

  Starting logs for ProgrammingAssessmentIntegrationTest > overrideProgrammingAssessmentAfterComplaint()
    23:47:30.363 | 446 ool-1-worker-210 | DEBUG | d.t.c.a.a.c.u.util.UserUtilService   : Generate 3 students...
    23:47:30.369 | 446 ool-1-worker-210 | DEBUG | d.t.c.a.a.c.u.util.UserUtilService   : 3 students generated. Generate 2 tutors...
    23:47:30.374 | 446 ool-1-worker-210 | DEBUG | d.t.c.a.a.c.u.util.UserUtilService   : 2 tutors generated. Generate 0 editors...
    23:47:30.375 | 446 ool-1-worker-210 | DEBUG | d.t.c.a.a.c.u.util.UserUtilService   : 0 editors generated. Generate 2 instructors...
    23:47:30.380 | 446 ool-1-worker-210 | DEBUG | d.t.c.a.a.c.u.util.UserUtilService   : 2 instructors generated
    23:47:30.382 | 446 ool-1-worker-210 | DEBUG | d.t.c.a.a.c.u.util.UserUtilService   : Removing 7 users from all courses...
    23:47:30.384 | 446 ool-1-worker-210 | DEBUG | d.t.c.a.a.c.u.util.UserUtilService   : Removing 7 users from all courses. Done
    23:47:30.384 | 446 ool-1-worker-210 | DEBUG | d.t.c.a.a.c.u.util.UserUtilService   : Save 7 users to database...
    23:47:30.393 | 446 ool-1-worker-210 | DEBUG | d.t.c.a.a.c.u.util.UserUtilService   : Save 7 users to database. Done
    23:47:30.420 | 446 ool-1-worker-210 | DEBUG | .c.s.m.InstanceMessageReceiveService : Received schedule participant score for exercise 3288 and participant 681 (result to be deleted: null)
    23:47:30.420 | 446 ool-1-worker-210 | DEBUG | .a.s.ParticipantScoreScheduleService : Scheduled task for exercise 3288 and participant 681 at 2025-02-14T23:47:30.520072198Z[Etc/UTC].
    23:47:30.433 | 446 ool-1-worker-210 | DEBUG | .c.s.m.InstanceMessageReceiveService : Received schedule participant score for exercise 3288 and participant 681 (result to be deleted: null)
    23:47:30.433 | 446 ool-1-worker-210 | DEBUG | .a.s.ParticipantScoreScheduleService : Scheduled task for exercise 3288 and participant 681 at 2025-02-14T23:47:30.533735282Z[Etc/UTC].
    23:47:30.437 | 446 ool-1-worker-210 | DEBUG | PersonalAccessTokenManagementService : Generate secure vcs access token
    23:47:30.440 | 446 ool-1-worker-210 | DEBUG | .c.s.m.InstanceMessageReceiveService : Received schedule participant score for exercise 3288 and participant 682 (result to be deleted: null)
    23:47:30.440 | 446 ool-1-worker-210 | DEBUG | .a.s.ParticipantScoreScheduleService : Scheduled task for exercise 3288 and participant 682 at 2025-02-14T23:47:30.540765643Z[Etc/UTC].
    23:47:30.448 | 446 ool-1-worker-210 | DEBUG | .c.s.m.InstanceMessageReceiveService : Received schedule participant score for exercise 3288 and participant 682 (result to be deleted: null)
    23:47:30.448 | 446 ool-1-worker-210 | DEBUG | .a.s.ParticipantScoreScheduleService : Scheduled task for exercise 3288 and participant 682 at 2025-02-14T23:47:30.548785810Z[Etc/UTC].
    23:47:30.462 | 446 ool-1-worker-210 | DEBUG | .c.s.m.InstanceMessageReceiveService : Received schedule participant score for exercise 3288 and participant 682 (result to be deleted: null)
    23:47:30.462 | 446 ool-1-worker-210 | DEBUG | .a.s.ParticipantScoreScheduleService : Scheduled task for exercise 3288 and participant 682 at 2025-02-14T23:47:30.562095602Z[Etc/UTC].
    23:47:30.463 | 446 ool-1-worker-210 | INFO  | i.z.t.d.l.EmbeddedDatabaseReporter   : JDBC URL to connect to 'dataSource': url='jdbc:h2:tcp://localhost:41063/mem:df70fc46-7e57-4cb5-9cd0-c1d90c14afa7;USER=sa', scope='ProgrammingAssessmentIntegrationTest#overrideProgrammingAssessmentAfterComplaint'
    23:47:30.465 | 446 ool-1-worker-210 | DEBUG | .c.s.m.InstanceMessageReceiveService : Received schedule participant score for exercise 3288 and participant 681 (result to be deleted: null)
    23:47:30.465 | 446 ool-1-worker-210 | DEBUG | .a.s.ParticipantScoreScheduleService : Scheduled task for exercise 3288 and participant 681 at 2025-02-14T23:47:30.565694063Z[Etc/UTC].
    23:47:30.483 | 446 ool-1-worker-210 | DEBUG | .c.s.m.InstanceMessageReceiveService : Received schedule participant score for exercise 3288 and participant 681 (result to be deleted: null)
    23:47:30.483 | 446 ool-1-worker-210 | DEBUG | .a.s.ParticipantScoreScheduleService : Scheduled task for exercise 3288 and participant 681 at 2025-02-14T23:47:30.583711371Z[Etc/UTC].
    23:47:30.487 | 446 ool-1-worker-210 | DEBUG | d.t.c.a.a.c.s.f.ApiVersionFilter     : Adding Version to Request PUT /api/participations/2204/manual-results
    23:47:30.489 | 446 ool-1-worker-210 | DEBUG | .a.p.w.ProgrammingAssessmentResource : REST request to save a new result : Result{idnull, completionDate=null, successful=false, score=40.0, rated=true, assessmentType=SEMI_AUTOMATIC, hasComplaint=null, testCaseCount=0, passedTestCaseCount=0, codeIssueCount=0}
    23:47:30.495 | 446 ool-1-worker-210 | DEBUG | .c.s.m.InstanceMessageReceiveService : Received schedule participant score for exercise 3288 and participant 682 (result to be deleted: null)
    23:47:30.495 | 446 ool-1-worker-210 | DEBUG | .a.s.ParticipantScoreScheduleService : Scheduled task for exercise 3288 and participant 682 at 2025-02-14T23:47:30.595310493Z[Etc/UTC].
    23:47:30.505 | 446 ool-1-worker-210 | DEBUG | .c.s.m.InstanceMessageReceiveService : Received schedule participant score for exercise 3288 and participant 682 (result to be deleted: null)
    23:47:30.505 | 446 ool-1-worker-210 | DEBUG | .a.s.ParticipantScoreScheduleService : Scheduled task for exercise 3288 and participant 682 at 2025-02-14T23:47:30.605937414Z[Etc/UTC].
    23:47:30.508 | 446 ool-1-worker-210 | DEBUG | .c.s.m.InstanceMessageReceiveService : Received schedule participant score for exercise 3288 and participant 682 (result to be deleted: null)
    23:47:30.508 | 446 ool-1-worker-210 | DEBUG | .a.s.ParticipantScoreScheduleService : Scheduled task for exercise 3288 and participant 682 at 2025-02-14T23:47:30.608905620Z[Etc/UTC].
    23:47:30.521 | 446 ool-1-worker-210 | DEBUG | d.t.c.a.a.c.s.f.ApiVersionFilter     : Adding Version to Request PUT /api/participations/2204/manual-results
    23:47:30.522 | 446 ool-1-worker-210 | DEBUG | .a.p.w.ProgrammingAssessmentResource : REST request to save a new result : Result{idnull, completionDate=null, successful=false, score=70.0, rated=true, assessmentType=SEMI_AUTOMATIC, hasComplaint=null, testCaseCount=0, passedTestCaseCount=0, codeIssueCount=0}
    23:47:30.529 | 446 ool-1-worker-210 | DEBUG | .c.s.m.InstanceMessageReceiveService : Received schedule participant score for exercise 3288 and participant 682 (result to be deleted: null)
    23:47:30.530 | 446 ool-1-worker-210 | DEBUG | .a.s.ParticipantScoreScheduleService : Scheduled task for exercise 3288 and participant 682 at 2025-02-14T23:47:30.629997976Z[Etc/UTC].
    23:47:30.538 | 446 ool-1-worker-210 | DEBUG | .c.s.m.InstanceMessageReceiveService : Received schedule participant score for exercise 3288 and participant 682 (result to be deleted: null)
    23:47:30.538 | 446 ool-1-worker-210 | DEBUG | .a.s.ParticipantScoreScheduleService : Scheduled task for exercise 3288 and participant 682 at 2025-02-14T23:47:30.638399133Z[Etc/UTC].
    23:47:30.540 | 446 ool-1-worker-210 | DEBUG | .c.s.m.InstanceMessageReceiveService : Received schedule participant score for exercise 3288 and participant 682 (result to be deleted: null)
    23:47:30.540 | 446 ool-1-worker-210 | DEBUG | .a.s.ParticipantScoreScheduleService : Scheduled task for exercise 3288 and participant 682 at 2025-02-14T23:47:30.640982571Z[Etc/UTC].
    23:47:30.553 | 446 ool-1-worker-210 | DEBUG | d.t.c.a.a.c.s.f.ApiVersionFilter     : Adding Version to Request PUT /api/participations/2204/manual-results
    23:47:30.554 | 446 ool-1-worker-210 | DEBUG | .a.p.w.ProgrammingAssessmentResource : REST request to save a new result : Result{idnull, completionDate=null, successful=true, score=100.0, rated=true, assessmentType=SEMI_AUTOMATIC, hasComplaint=null, testCaseCount=0, passedTestCaseCount=0, codeIssueCount=0}
    23:47:30.563 | 446 ool-1-worker-210 | DEBUG | .c.s.m.InstanceMessageReceiveService : Received schedule participant score for exercise 3288 and participant 682 (result to be deleted: null)
    23:47:30.563 | 446 ool-1-worker-210 | DEBUG | .a.s.ParticipantScoreScheduleService : Scheduled task for exercise 3288 and participant 682 at 2025-02-14T23:47:30.663437416Z[Etc/UTC].
    23:47:30.574 | 446 ool-1-worker-210 | DEBUG | .c.s.m.InstanceMessageReceiveService : Received schedule participant score for exercise 3288 and participant 682 (result to be deleted: null)
    23:47:30.574 | 446 ool-1-worker-210 | DEBUG | .a.s.ParticipantScoreScheduleService : Scheduled task for exercise 3288 and participant 682 at 2025-02-14T23:47:30.674888254Z[Etc/UTC].
    23:47:30.577 | 446 ool-1-worker-210 | DEBUG | .c.s.m.InstanceMessageReceiveService : Received schedule participant score for exercise 3288 and participant 682 (result to be deleted: null)
    23:47:30.577 | 446 ool-1-worker-210 | DEBUG | .a.s.ParticipantScoreScheduleService : Scheduled task for exercise 3288 and participant 682 at 2025-02-14T23:47:30.677810433Z[Etc/UTC].
    23:47:30.583 | 665 taskScheduler-3  | DEBUG | .a.s.ParticipantScoreScheduleService : Processing exercise 3288 and participant 681 to update participant scores.
    23:47:30.587 | 446 ool-1-worker-210 | DEBUG | d.t.c.a.a.c.s.f.ApiVersionFilter     : Adding Version to Request PUT /api/programming-submissions/1721/assessment-after-complaint
    23:47:30.588 | 446 ool-1-worker-210 | DEBUG | .a.p.w.ProgrammingAssessmentResource : REST request to update the assessment of manual result for submission 1721 after complaint.
    23:47:30.592 | 665 taskScheduler-3  | DEBUG | .a.s.ParticipantScoreScheduleService : Updated participant score 88.
    23:47:30.598 | 446 ool-1-worker-210 | DEBUG | .c.s.m.InstanceMessageReceiveService : Received schedule participant score for exercise 3288 and participant 681 (result to be deleted: null)
    23:47:30.599 | 446 ool-1-worker-210 | DEBUG | .a.s.ParticipantScoreScheduleService : Scheduled task for exercise 3288 and participant 681 at 2025-02-14T23:47:30.699012824Z[Etc/UTC].
    23:47:30.601 | 665 taskScheduler-3  | DEBUG | .a.s.ParticipantScoreScheduleService : Updating the participant score for exercise 3288 and participant 681 took 18 ms.
    23:47:30.610 | 446 ool-1-worker-210 | DEBUG | .c.s.m.InstanceMessageReceiveService : Received schedule participant score for exercise 3288 and participant 681 (result to be deleted: null)
    23:47:30.610 | 446 ool-1-worker-210 | DEBUG | .a.s.ParticipantScoreScheduleService : Scheduled task for exercise 3288 and participant 681 at 2025-02-14T23:47:30.710591264Z[Etc/UTC].
    23:47:30.625 | 446 ool-1-worker-210 | DEBUG | .c.s.m.InstanceMessageReceiveService : Received schedule participant score for exercise 3288 and participant 681 (result to be deleted: null)
    23:47:30.625 | 446 ool-1-worker-210 | DEBUG | .a.s.ParticipantScoreScheduleService : Scheduled task for exercise 3288 and participant 681 at 2025-02-14T23:47:30.725458161Z[Etc/UTC].
    23:47:30.646 | 446 ool-1-worker-210 | DEBUG | .c.s.m.InstanceMessageReceiveService : Received schedule participant score for exercise 3288 and participant 681 (result to be deleted: null)
    23:47:30.647 | 446 ool-1-worker-210 | DEBUG | .a.s.ParticipantScoreScheduleService : Scheduled task for exercise 3288 and participant 681 at 2025-02-14T23:47:30.747022557Z[Etc/UTC].
    23:47:30.671 | 446 ool-1-worker-210 | DEBUG | .c.s.m.InstanceMessageReceiveService : Received schedule participant score for exercise 3288 and participant 681 (result to be deleted: null)
    23:47:30.671 | 446 ool-1-worker-210 | DEBUG | .a.s.ParticipantScoreScheduleService : Scheduled task for exercise 3288 and participant 681 at 2025-02-14T23:47:30.771571549Z[Etc/UTC].
    23:47:30.677 | 664 taskScheduler-2  | DEBUG | .a.s.ParticipantScoreScheduleService : Processing exercise 3288 and participant 682 to update participant scores.
    23:47:30.681 | 446 ool-1-worker-210 | DEBUG | d.t.c.a.a.c.s.f.ApiVersionFilter     : Adding Version to Request PUT /api/participations/2204/manual-results
    23:47:30.685 | 446 ool-1-worker-210 | DEBUG | .a.p.w.ProgrammingAssessmentResource : REST request to save a new result : Result{idnull, completionDate=null, successful=false, score=10.0, rated=true, assessmentType=SEMI_AUTOMATIC, hasComplaint=null, testCaseCount=0, passedTestCaseCount=0, codeIssueCount=0}
    23:47:30.688 | 664 taskScheduler-2  | DEBUG | .a.s.ParticipantScoreScheduleService : Updated participant score 89.
    23:47:30.693 | 446 ool-1-worker-210 | DEBUG | .c.s.m.InstanceMessageReceiveService : Received schedule participant score for exercise 3288 and participant 682 (result to be deleted: null)
    23:47:30.693 | 446 ool-1-worker-210 | DEBUG | .a.s.ParticipantScoreScheduleService : Scheduled task for exercise 3288 and participant 682 at 2025-02-14T23:47:30.793335588Z[Etc/UTC].
    23:47:30.697 | 664 taskScheduler-2  | DEBUG | .a.s.ParticipantScoreScheduleService : Updating the participant score for exercise 3288 and participant 682 took 20 ms.
    23:47:30.699 | 663 taskScheduler-1  | DEBUG | .a.s.ParticipantScoreScheduleService : Processing exercise 3288 and participant 681 to update participant scores.
    23:47:30.705 | 663 taskScheduler-1  | DEBUG | .a.s.ParticipantScoreScheduleService : Updated participant score 88.
    23:47:30.709 | 446 ool-1-worker-210 | DEBUG | .c.s.m.InstanceMessageReceiveService : Received schedule participant score for exercise 3288 and participant 682 (result to be deleted: null)
    23:47:30.709 | 446 ool-1-worker-210 | DEBUG | .a.s.ParticipantScoreScheduleService : Scheduled task for exercise 3288 and participant 682 at 2025-02-14T23:47:30.809304739Z[Etc/UTC].
    23:47:30.710 | 663 taskScheduler-1  | DEBUG | .a.s.ParticipantScoreScheduleService : Updating the participant score for exercise 3288 and participant 681 took 11 ms.
    23:47:30.721 | 446 ool-1-worker-210 | DEBUG | .c.s.m.InstanceMessageReceiveService : Received schedule participant score for exercise 3288 and participant 682 (result to be deleted: null)
    23:47:30.721 | 446 ool-1-worker-210 | DEBUG | .a.s.ParticipantScoreScheduleService : Scheduled task for exercise 3288 and participant 682 at 2025-02-14T23:47:30.821315058Z[Etc/UTC].
    23:47:30.747 | 446 ool-1-worker-210 | DEBUG | d.t.c.a.a.c.s.f.ApiVersionFilter     : Adding Version to Request PUT /api/participations/2205/manual-results
    23:47:30.748 | 446 ool-1-worker-210 | DEBUG | .a.p.w.ProgrammingAssessmentResource : REST request to save a new result : Result{id1288, completionDate=2025-02-14T23:47:30.647355Z, successful=false, score=10.0, rated=true, assessmentType=SEMI_AUTOMATIC, hasComplaint=null, testCaseCount=0, passedTestCaseCount=0, codeIssueCount=0}
    23:47:30.758 | 446 ool-1-worker-210 | DEBUG | .c.s.m.InstanceMessageReceiveService : Received schedule participant score for exercise 3288 and participant 681 (result to be deleted: null)
    23:47:30.758 | 446 ool-1-worker-210 | DEBUG | .a.s.ParticipantScoreScheduleService : Scheduled task for exercise 3288 and participant 681 at 2025-02-14T23:47:30.858349274Z[Etc/UTC].
    23:47:30.767 | 446 ool-1-worker-210 | DEBUG | .c.s.m.InstanceMessageReceiveService : Received schedule participant score for exercise 3288 and participant 681 (result to be deleted: null)
    23:47:30.767 | 446 ool-1-worker-210 | DEBUG | .a.s.ParticipantScoreScheduleService : Scheduled task for exercise 3288 and participant 681 at 2025-02-14T23:47:30.867740822Z[Etc/UTC].
    23:47:30.770 | 446 ool-1-worker-210 | DEBUG | .c.s.m.InstanceMessageReceiveService : Received schedule participant score for exercise 3288 and participant 681 (result to be deleted: null)
    23:47:30.770 | 446 ool-1-worker-210 | DEBUG | .a.s.ParticipantScoreScheduleService : Scheduled task for exercise 3288 and participant 681 at 2025-02-14T23:47:30.870736328Z[Etc/UTC].
    23:47:30.771 | 665 taskScheduler-3  | DEBUG | .a.s.ParticipantScoreScheduleService : Processing exercise 3288 and participant 681 to update participant scores.
    23:47:30.775 | 665 taskScheduler-3  | DEBUG | .a.s.ParticipantScoreScheduleService : Participant score 88 is already up-to-date, skipping.
    23:47:30.793 | 666 taskScheduler-4  | DEBUG | .a.s.ParticipantScoreScheduleService : Processing exercise 3288 and participant 682 to update participant scores.

  Starting logs for ProgrammingAssessmentIntegrationTest > updateManualProgrammingExerciseResult()
    23:47:30.801 | 446 ool-1-worker-210 | DEBUG | d.t.c.a.a.c.u.util.UserUtilService   : Generate 3 students...
    23:47:30.806 | 446 ool-1-worker-210 | DEBUG | d.t.c.a.a.c.u.util.UserUtilService   : 3 students generated. Generate 2 tutors...
    23:47:30.809 | 666 taskScheduler-4  | DEBUG | .a.s.ParticipantScoreScheduleService : Updated participant score 89.
    23:47:30.810 | 446 ool-1-worker-210 | DEBUG | d.t.c.a.a.c.u.util.UserUtilService   : 2 tutors generated. Generate 0 editors...
    23:47:30.812 | 446 ool-1-worker-210 | DEBUG | d.t.c.a.a.c.u.util.UserUtilService   : 0 editors generated. Generate 2 instructors...
    23:47:30.815 | 446 ool-1-worker-210 | DEBUG | d.t.c.a.a.c.u.util.UserUtilService   : 2 instructors generated
    23:47:30.818 | 446 ool-1-worker-210 | DEBUG | d.t.c.a.a.c.u.util.UserUtilService   : Removing 7 users from all courses...
    23:47:30.819 | 446 ool-1-worker-210 | DEBUG | d.t.c.a.a.c.u.util.UserUtilService   : Removing 7 users from all courses. Done
    23:47:30.819 | 446 ool-1-worker-210 | DEBUG | d.t.c.a.a.c.u.util.UserUtilService   : Save 7 users to database...
    23:47:30.824 | 446 ool-1-worker-210 | DEBUG | d.t.c.a.a.c.u.util.UserUtilService   : Save 7 users to database. Done
    23:47:30.824 | 666 taskScheduler-4  | DEBUG | .a.s.ParticipantScoreScheduleService : Updating the participant score for exercise 3288 and participant 682 took 31 ms.
    23:47:30.855 | 446 ool-1-worker-210 | DEBUG | .c.s.m.InstanceMessageReceiveService : Received schedule participant score for exercise 3289 and participant 681 (result to be deleted: null)
    23:47:30.855 | 446 ool-1-worker-210 | DEBUG | .a.s.ParticipantScoreScheduleService : Scheduled task for exercise 3289 and participant 681 at 2025-02-14T23:47:30.955806756Z[Etc/UTC].
    23:47:30.867 | 446 ool-1-worker-210 | DEBUG | .c.s.m.InstanceMessageReceiveService : Received schedule participant score for exercise 3289 and participant 681 (result to be deleted: null)
    23:47:30.867 | 446 ool-1-worker-210 | DEBUG | .a.s.ParticipantScoreScheduleService : Scheduled task for exercise 3289 and participant 681 at 2025-02-14T23:47:30.967917513Z[Etc/UTC].
    23:47:30.870 | 664 taskScheduler-2  | DEBUG | .a.s.ParticipantScoreScheduleService : Processing exercise 3288 and participant 681 to update participant scores.
    23:47:30.878 | 664 taskScheduler-2  | DEBUG | .a.s.ParticipantScoreScheduleService : Updated participant score 88.
    23:47:30.879 | 446 ool-1-worker-210 | DEBUG | PersonalAccessTokenManagementService : Generate secure vcs access token
    23:47:30.882 | 446 ool-1-worker-210 | DEBUG | .c.s.m.InstanceMessageReceiveService : Received schedule participant score for exercise 3289 and participant 682 (result to be deleted: null)
    23:47:30.882 | 446 ool-1-worker-210 | DEBUG | .a.s.ParticipantScoreScheduleService : Scheduled task for exercise 3289 and participant 682 at 2025-02-14T23:47:30.982268888Z[Etc/UTC].
    23:47:30.882 | 664 taskScheduler-2  | DEBUG | .a.s.ParticipantScoreScheduleService : Updating the participant score for exercise 3288 and participant 681 took 12 ms.
    23:47:30.889 | 446 ool-1-worker-210 | DEBUG | .c.s.m.InstanceMessageReceiveService : Received schedule participant score for exercise 3289 and participant 682 (result to be deleted: null)
    23:47:30.889 | 446 ool-1-worker-210 | DEBUG | .a.s.ParticipantScoreScheduleService : Scheduled task for exercise 3289 and participant 682 at 2025-02-14T23:47:30.989873069Z[Etc/UTC].
    23:47:30.903 | 446 ool-1-worker-210 | DEBUG | .c.s.m.InstanceMessageReceiveService : Received schedule participant score for exercise 3289 and participant 682 (result to be deleted: null)
    23:47:30.903 | 446 ool-1-worker-210 | DEBUG | .a.s.ParticipantScoreScheduleService : Scheduled task for exercise 3289 and participant 682 at 2025-02-14T23:47:31.003381522Z[Etc/UTC].
    23:47:30.904 | 446 ool-1-worker-210 | INFO  | i.z.t.d.l.EmbeddedDatabaseReporter   : JDBC URL to connect to 'dataSource': url='jdbc:h2:tcp://localhost:41063/mem:df70fc46-7e57-4cb5-9cd0-c1d90c14afa7;USER=sa', scope='ProgrammingAssessmentIntegrationTest#updateManualProgrammingExerciseResult'
    23:47:30.907 | 446 ool-1-worker-210 | DEBUG | PersonalAccessTokenManagementService : Generate secure vcs access token
    23:47:30.911 | 446 ool-1-worker-210 | DEBUG | .c.s.m.InstanceMessageReceiveService : Received schedule participant score for exercise 3289 and participant 682 (result to be deleted: null)
    23:47:30.911 | 446 ool-1-worker-210 | DEBUG | .a.s.ParticipantScoreScheduleService : Scheduled task for exercise 3289 and participant 682 at 2025-02-14T23:47:31.011410926Z[Etc/UTC].
    23:47:30.918 | 446 ool-1-worker-210 | DEBUG | .c.s.m.InstanceMessageReceiveService : Received schedule participant score for exercise 3289 and participant 681 (result to be deleted: null)
    23:47:30.918 | 446 ool-1-worker-210 | DEBUG | .a.s.ParticipantScoreScheduleService : Scheduled task for exercise 3289 and participant 681 at 2025-02-14T23:47:31.018978479Z[Etc/UTC].
    23:47:30.927 | 446 ool-1-worker-210 | DEBUG | .c.s.m.InstanceMessageReceiveService : Received schedule participant score for exercise 3289 and participant 681 (result to be deleted: null)
    23:47:30.927 | 446 ool-1-worker-210 | DEBUG | .a.s.ParticipantScoreScheduleService : Scheduled task for exercise 3289 and participant 681 at 2025-02-14T23:47:31.027373174Z[Etc/UTC].
    23:47:30.929 | 446 ool-1-worker-210 | DEBUG | d.t.c.a.a.c.s.f.ApiVersionFilter     : Adding Version to Request PUT /api/participations/2210/manual-results
    23:47:30.930 | 446 ool-1-worker-210 | DEBUG | .a.p.w.ProgrammingAssessmentResource : REST request to save a new result : Result{id1291, completionDate=null, successful=false, score=2.0, rated=true, assessmentType=SEMI_AUTOMATIC, hasComplaint=null, testCaseCount=0, passedTestCaseCount=0, codeIssueCount=0}
    23:47:30.938 | 446 ool-1-worker-210 | DEBUG | .c.s.m.InstanceMessageReceiveService : Received schedule participant score for exercise 3289 and participant 681 (result to be deleted: null)
    23:47:30.938 | 446 ool-1-worker-210 | DEBUG | .a.s.ParticipantScoreScheduleService : Scheduled task for exercise 3289 and participant 681 at 2025-02-14T23:47:31.038850899Z[Etc/UTC].
    23:47:30.946 | 446 ool-1-worker-210 | DEBUG | .c.s.m.InstanceMessageReceiveService : Received schedule participant score for exercise 3289 and participant 681 (result to be deleted: null)
    23:47:30.946 | 446 ool-1-worker-210 | DEBUG | .a.s.ParticipantScoreScheduleService : Scheduled task for exercise 3289 and participant 681 at 2025-02-14T23:47:31.046390760Z[Etc/UTC].

  Starting logs for ProgrammingAssessmentIntegrationTest > testOverrideAssessment_submitOtherTutorForbidden()
    23:47:30.970 | 446 ool-1-worker-210 | DEBUG | d.t.c.a.a.c.u.util.UserUtilService   : Generate 3 students...
    23:47:30.975 | 446 ool-1-worker-210 | DEBUG | d.t.c.a.a.c.u.util.UserUtilService   : 3 students generated. Generate 2 tutors...
    23:47:30.979 | 446 ool-1-worker-210 | DEBUG | d.t.c.a.a.c.u.util.UserUtilService   : 2 tutors generated. Generate 0 editors...
    23:47:30.980 | 446 ool-1-worker-210 | DEBUG | d.t.c.a.a.c.u.util.UserUtilService   : 0 editors generated. Generate 2 instructors...
    23:47:30.984 | 446 ool-1-worker-210 | DEBUG | d.t.c.a.a.c.u.util.UserUtilService   : 2 instructors generated
    23:47:30.986 | 446 ool-1-worker-210 | DEBUG | d.t.c.a.a.c.u.util.UserUtilService   : Removing 7 users from all courses...
    23:47:30.987 | 446 ool-1-worker-210 | DEBUG | d.t.c.a.a.c.u.util.UserUtilService   : Removing 7 users from all courses. Done
    23:47:30.987 | 446 ool-1-worker-210 | DEBUG | d.t.c.a.a.c.u.util.UserUtilService   : Save 7 users to database...
    23:47:30.992 | 446 ool-1-worker-210 | DEBUG | d.t.c.a.a.c.u.util.UserUtilService   : Save 7 users to database. Done
    23:47:31.018 | 446 ool-1-worker-210 | DEBUG | .c.s.m.InstanceMessageReceiveService : Received schedule participant score for exercise 3290 and participant 681 (result to be deleted: null)
    23:47:31.018 | 446 ool-1-worker-210 | DEBUG | .a.s.ParticipantScoreScheduleService : Scheduled task for exercise 3290 and participant 681 at 2025-02-14T23:47:31.118837472Z[Etc/UTC].
    23:47:31.031 | 446 ool-1-worker-210 | DEBUG | .c.s.m.InstanceMessageReceiveService : Received schedule participant score for exercise 3290 and participant 681 (result to be deleted: null)
    23:47:31.032 | 446 ool-1-worker-210 | DEBUG | .a.s.ParticipantScoreScheduleService : Scheduled task for exercise 3290 and participant 681 at 2025-02-14T23:47:31.132036645Z[Etc/UTC].
    23:47:31.035 | 446 ool-1-worker-210 | DEBUG | PersonalAccessTokenManagementService : Generate secure vcs access token
    23:47:31.038 | 446 ool-1-worker-210 | DEBUG | .c.s.m.InstanceMessageReceiveService : Received schedule participant score for exercise 3290 and participant 682 (result to be deleted: null)
    23:47:31.038 | 446 ool-1-worker-210 | DEBUG | .a.s.ParticipantScoreScheduleService : Scheduled task for exercise 3290 and participant 682 at 2025-02-14T23:47:31.138474661Z[Etc/UTC].
    23:47:31.047 | 446 ool-1-worker-210 | DEBUG | .c.s.m.InstanceMessageReceiveService : Received schedule participant score for exercise 3290 and participant 682 (result to be deleted: null)
    23:47:31.048 | 446 ool-1-worker-210 | DEBUG | .a.s.ParticipantScoreScheduleService : Scheduled task for exercise 3290 and participant 682 at 2025-02-14T23:47:31.148013511Z[Etc/UTC].
    23:47:31.059 | 446 ool-1-worker-210 | DEBUG | .c.s.m.InstanceMessageReceiveService : Received schedule participant score for exercise 3290 and participant 682 (result to be deleted: null)
    23:47:31.059 | 446 ool-1-worker-210 | DEBUG | .a.s.ParticipantScoreScheduleService : Scheduled task for exercise 3290 and participant 682 at 2025-02-14T23:47:31.159633972Z[Etc/UTC].
    23:47:31.060 | 446 ool-1-worker-210 | INFO  | i.z.t.d.l.EmbeddedDatabaseReporter   : JDBC URL to connect to 'dataSource': url='jdbc:h2:tcp://localhost:41063/mem:df70fc46-7e57-4cb5-9cd0-c1d90c14afa7;USER=sa', scope='ProgrammingAssessmentIntegrationTest#testOverrideAssessment_submitOtherTutorForbidden'
    23:47:31.062 | 446 ool-1-worker-210 | DEBUG | d.t.c.a.a.c.s.f.ApiVersionFilter     : Adding Version to Request PUT /api/participations/2213/manual-results
    23:47:31.063 | 446 ool-1-worker-210 | DEBUG | .a.p.w.ProgrammingAssessmentResource : REST request to save a new result : Result{id1292, completionDate=2025-02-14T23:47:31.060605865Z, successful=false, score=75.0, rated=true, assessmentType=SEMI_AUTOMATIC, hasComplaint=null, testCaseCount=0, passedTestCaseCount=0, codeIssueCount=0}
    23:47:31.066 | 446 ool-1-worker-210 | DEBUG | .a.p.w.ProgrammingAssessmentResource : The user programmingassessmenttutor2 is not allowed to override the assessment for the participation 2213 for User programmingassessmenttutor2
    23:47:31.067 | 446 ool-1-worker-210 | WARN  | o.z.p.spring.common.AdviceTraits     : Forbidden: The user is not allowed to override the assessment

  Starting logs for ProgrammingAssessmentIntegrationTest > createManualProgrammingExerciseResult_resultHasAutomaticFeedback()
    23:47:31.083 | 446 ool-1-worker-210 | DEBUG | d.t.c.a.a.c.u.util.UserUtilService   : Generate 3 students...
    23:47:31.089 | 446 ool-1-worker-210 | DEBUG | d.t.c.a.a.c.u.util.UserUtilService   : 3 students generated. Generate 2 tutors...
    23:47:31.092 | 446 ool-1-worker-210 | DEBUG | d.t.c.a.a.c.u.util.UserUtilService   : 2 tutors generated. Generate 0 editors...
    23:47:31.094 | 446 ool-1-worker-210 | DEBUG | d.t.c.a.a.c.u.util.UserUtilService   : 0 editors generated. Generate 2 instructors...
    23:47:31.097 | 446 ool-1-worker-210 | DEBUG | d.t.c.a.a.c.u.util.UserUtilService   : 2 instructors generated
    23:47:31.100 | 446 ool-1-worker-210 | DEBUG | d.t.c.a.a.c.u.util.UserUtilService   : Removing 7 users from all courses...
    23:47:31.101 | 446 ool-1-worker-210 | DEBUG | d.t.c.a.a.c.u.util.UserUtilService   : Removing 7 users from all courses. Done
    23:47:31.101 | 446 ool-1-worker-210 | DEBUG | d.t.c.a.a.c.u.util.UserUtilService   : Save 7 users to database...
    23:47:31.112 | 446 ool-1-worker-210 | DEBUG | d.t.c.a.a.c.u.util.UserUtilService   : Save 7 users to database. Done
    23:47:31.138 | 446 ool-1-worker-210 | DEBUG | .c.s.m.InstanceMessageReceiveService : Received schedule participant score for exercise 3291 and participant 681 (result to be deleted: null)
    23:47:31.138 | 446 ool-1-worker-210 | DEBUG | .a.s.ParticipantScoreScheduleService : Scheduled task for exercise 3291 and participant 681 at 2025-02-14T23:47:31.238333021Z[Etc/UTC].
    23:47:31.150 | 446 ool-1-worker-210 | DEBUG | .c.s.m.InstanceMessageReceiveService : Received schedule participant score for exercise 3291 and participant 681 (result to be deleted: null)
    23:47:31.150 | 446 ool-1-worker-210 | DEBUG | .a.s.ParticipantScoreScheduleService : Scheduled task for exercise 3291 and participant 681 at 2025-02-14T23:47:31.250942086Z[Etc/UTC].
    23:47:31.154 | 446 ool-1-worker-210 | DEBUG | PersonalAccessTokenManagementService : Generate secure vcs access token
    23:47:31.156 | 446 ool-1-worker-210 | DEBUG | .c.s.m.InstanceMessageReceiveService : Received schedule participant score for exercise 3291 and participant 682 (result to be deleted: null)
    23:47:31.156 | 446 ool-1-worker-210 | DEBUG | .a.s.ParticipantScoreScheduleService : Scheduled task for exercise 3291 and participant 682 at 2025-02-14T23:47:31.256782418Z[Etc/UTC].
    23:47:31.164 | 446 ool-1-worker-210 | DEBUG | .c.s.m.InstanceMessageReceiveService : Received schedule participant score for exercise 3291 and participant 682 (result to be deleted: null)
    23:47:31.164 | 446 ool-1-worker-210 | DEBUG | .a.s.ParticipantScoreScheduleService : Scheduled task for exercise 3291 and participant 682 at 2025-02-14T23:47:31.264222273Z[Etc/UTC].
    23:47:31.178 | 446 ool-1-worker-210 | DEBUG | .c.s.m.InstanceMessageReceiveService : Received schedule participant score for exercise 3291 and participant 682 (result to be deleted: null)
    23:47:31.178 | 446 ool-1-worker-210 | DEBUG | .a.s.ParticipantScoreScheduleService : Scheduled task for exercise 3291 and participant 682 at 2025-02-14T23:47:31.278378233Z[Etc/UTC].
    23:47:31.179 | 446 ool-1-worker-210 | INFO  | i.z.t.d.l.EmbeddedDatabaseReporter   : JDBC URL to connect to 'dataSource': url='jdbc:h2:tcp://localhost:41063/mem:df70fc46-7e57-4cb5-9cd0-c1d90c14afa7;USER=sa', scope='ProgrammingAssessmentIntegrationTest#createManualProgrammingExerciseResult_resultHasAutomaticFeedback'
    23:47:31.182 | 446 ool-1-worker-210 | DEBUG | d.t.c.a.a.c.s.f.ApiVersionFilter     : Adding Version to Request PUT /api/participations/2218/manual-results
    23:47:31.183 | 446 ool-1-worker-210 | DEBUG | .a.p.w.ProgrammingAssessmentResource : REST request to save a new result : Result{idnull, completionDate=null, successful=false, score=4.0, rated=true, assessmentType=SEMI_AUTOMATIC, hasComplaint=null, testCaseCount=0, passedTestCaseCount=0, codeIssueCount=0}
    23:47:31.191 | 446 ool-1-worker-210 | DEBUG | .c.s.m.InstanceMessageReceiveService : Received schedule participant score for exercise 3291 and participant 682 (result to be deleted: null)
    23:47:31.191 | 446 ool-1-worker-210 | DEBUG | .a.s.ParticipantScoreScheduleService : Scheduled task for exercise 3291 and participant 682 at 2025-02-14T23:47:31.291247103Z[Etc/UTC].
    23:47:31.206 | 446 ool-1-worker-210 | DEBUG | .c.s.m.InstanceMessageReceiveService : Received schedule participant score for exercise 3291 and participant 682 (result to be deleted: null)
    23:47:31.206 | 446 ool-1-worker-210 | DEBUG | .a.s.ParticipantScoreScheduleService : Scheduled task for exercise 3291 and participant 682 at 2025-02-14T23:47:31.306160205Z[Etc/UTC].
    23:47:31.211 | 446 ool-1-worker-210 | DEBUG | .c.s.m.InstanceMessageReceiveService : Received schedule participant score for exercise 3291 and participant 682 (result to be deleted: null)
    23:47:31.211 | 446 ool-1-worker-210 | DEBUG | .a.s.ParticipantScoreScheduleService : Scheduled task for exercise 3291 and participant 682 at 2025-02-14T23:47:31.311085911Z[Etc/UTC].

  Starting logs for ProgrammingAssessmentIntegrationTest > testOverrideAssessment_submitOtherTutorAfterAssessmentDueDateForbidden()
    23:47:31.240 | 446 ool-1-worker-210 | DEBUG | d.t.c.a.a.c.u.util.UserUtilService   : Generate 3 students...
    23:47:31.245 | 446 ool-1-worker-210 | DEBUG | d.t.c.a.a.c.u.util.UserUtilService   : 3 students generated. Generate 2 tutors...
    23:47:31.249 | 446 ool-1-worker-210 | DEBUG | d.t.c.a.a.c.u.util.UserUtilService   : 2 tutors generated. Generate 0 editors...
    23:47:31.250 | 446 ool-1-worker-210 | DEBUG | d.t.c.a.a.c.u.util.UserUtilService   : 0 editors generated. Generate 2 instructors...
    23:47:31.259 | 446 ool-1-worker-210 | DEBUG | d.t.c.a.a.c.u.util.UserUtilService   : 2 instructors generated
    23:47:31.264 | 446 ool-1-worker-210 | DEBUG | d.t.c.a.a.c.u.util.UserUtilService   : Removing 7 users from all courses...
    23:47:31.265 | 446 ool-1-worker-210 | DEBUG | d.t.c.a.a.c.u.util.UserUtilService   : Removing 7 users from all courses. Done
    23:47:31.265 | 446 ool-1-worker-210 | DEBUG | d.t.c.a.a.c.u.util.UserUtilService   : Save 7 users to database...
    23:47:31.277 | 446 ool-1-worker-210 | DEBUG | d.t.c.a.a.c.u.util.UserUtilService   : Save 7 users to database. Done
    23:47:31.338 | 446 ool-1-worker-210 | DEBUG | .c.s.m.InstanceMessageReceiveService : Received schedule participant score for exercise 3292 and participant 681 (result to be deleted: null)
    23:47:31.338 | 446 ool-1-worker-210 | DEBUG | .a.s.ParticipantScoreScheduleService : Scheduled task for exercise 3292 and participant 681 at 2025-02-14T23:47:31.438948989Z[Etc/UTC].
    23:47:31.379 | 446 ool-1-worker-210 | DEBUG | .c.s.m.InstanceMessageReceiveService : Received schedule participant score for exercise 3292 and participant 681 (result to be deleted: null)
    23:47:31.379 | 446 ool-1-worker-210 | DEBUG | .a.s.ParticipantScoreScheduleService : Scheduled task for exercise 3292 and participant 681 at 2025-02-14T23:47:31.479197419Z[Etc/UTC].
    23:47:31.385 | 446 ool-1-worker-210 | DEBUG | PersonalAccessTokenManagementService : Generate secure vcs access token
    23:47:31.389 | 446 ool-1-worker-210 | DEBUG | .c.s.m.InstanceMessageReceiveService : Received schedule participant score for exercise 3292 and participant 682 (result to be deleted: null)
    23:47:31.389 | 446 ool-1-worker-210 | DEBUG | .a.s.ParticipantScoreScheduleService : Scheduled task for exercise 3292 and participant 682 at 2025-02-14T23:47:31.489434351Z[Etc/UTC].
    23:47:31.397 | 446 ool-1-worker-210 | DEBUG | .c.s.m.InstanceMessageReceiveService : Received schedule participant score for exercise 3292 and participant 682 (result to be deleted: null)
    23:47:31.397 | 446 ool-1-worker-210 | DEBUG | .a.s.ParticipantScoreScheduleService : Scheduled task for exercise 3292 and participant 682 at 2025-02-14T23:47:31.497783141Z[Etc/UTC].
    23:47:31.410 | 446 ool-1-worker-210 | DEBUG | .c.s.m.InstanceMessageReceiveService : Received schedule participant score for exercise 3292 and participant 682 (result to be deleted: null)
    23:47:31.411 | 446 ool-1-worker-210 | DEBUG | .a.s.ParticipantScoreScheduleService : Scheduled task for exercise 3292 and participant 682 at 2025-02-14T23:47:31.511006932Z[Etc/UTC].
    23:47:31.411 | 446 ool-1-worker-210 | INFO  | i.z.t.d.l.EmbeddedDatabaseReporter   : JDBC URL to connect to 'dataSource': url='jdbc:h2:tcp://localhost:41063/mem:df70fc46-7e57-4cb5-9cd0-c1d90c14afa7;USER=sa', scope='ProgrammingAssessmentIntegrationTest#testOverrideAssessment_submitOtherTutorAfterAssessmentDueDateForbidden'
    23:47:31.414 | 446 ool-1-worker-210 | DEBUG | d.t.c.a.a.c.s.f.ApiVersionFilter     : Adding Version to Request PUT /api/participations/2221/manual-results
    23:47:31.415 | 446 ool-1-worker-210 | DEBUG | .a.p.w.ProgrammingAssessmentResource : REST request to save a new result : Result{id1296, completionDate=2025-02-14T23:47:31.412887179Z, successful=false, score=75.0, rated=true, assessmentType=SEMI_AUTOMATIC, hasComplaint=null, testCaseCount=0, passedTestCaseCount=0, codeIssueCount=0}
    23:47:31.419 | 446 ool-1-worker-210 | DEBUG | .a.p.w.ProgrammingAssessmentResource : The user programmingassessmenttutor2 is not allowed to override the assessment for the participation 2221 for User programmingassessmenttutor2
    23:47:31.420 | 446 ool-1-worker-210 | WARN  | o.z.p.spring.common.AdviceTraits     : Forbidden: The user is not allowed to override the assessment

  Starting logs for ProgrammingAssessmentIntegrationTest > updateAssessmentAfterComplaint_studentHidden()
    23:47:31.435 | 446 ool-1-worker-210 | DEBUG | d.t.c.a.a.c.u.util.UserUtilService   : Generate 3 students...
    23:47:31.441 | 446 ool-1-worker-210 | DEBUG | d.t.c.a.a.c.u.util.UserUtilService   : 3 students generated. Generate 2 tutors...
    23:47:31.445 | 446 ool-1-worker-210 | DEBUG | d.t.c.a.a.c.u.util.UserUtilService   : 2 tutors generated. Generate 0 editors...
    23:47:31.446 | 446 ool-1-worker-210 | DEBUG | d.t.c.a.a.c.u.util.UserUtilService   : 0 editors generated. Generate 2 instructors...
    23:47:31.450 | 446 ool-1-worker-210 | DEBUG | d.t.c.a.a.c.u.util.UserUtilService   : 2 instructors generated
    23:47:31.453 | 446 ool-1-worker-210 | DEBUG | d.t.c.a.a.c.u.util.UserUtilService   : Removing 7 users from all courses...
    23:47:31.454 | 446 ool-1-worker-210 | DEBUG | d.t.c.a.a.c.u.util.UserUtilService   : Removing 7 users from all courses. Done
    23:47:31.454 | 446 ool-1-worker-210 | DEBUG | d.t.c.a.a.c.u.util.UserUtilService   : Save 7 users to database...
    23:47:31.459 | 446 ool-1-worker-210 | DEBUG | d.t.c.a.a.c.u.util.UserUtilService   : Save 7 users to database. Done
    23:47:31.485 | 446 ool-1-worker-210 | DEBUG | .c.s.m.InstanceMessageReceiveService : Received schedule participant score for exercise 3293 and participant 681 (result to be deleted: null)
    23:47:31.485 | 446 ool-1-worker-210 | DEBUG | .a.s.ParticipantScoreScheduleService : Scheduled task for exercise 3293 and participant 681 at 2025-02-14T23:47:31.585608009Z[Etc/UTC].
    23:47:31.497 | 446 ool-1-worker-210 | DEBUG | .c.s.m.InstanceMessageReceiveService : Received schedule participant score for exercise 3293 and participant 681 (result to be deleted: null)
    23:47:31.497 | 446 ool-1-worker-210 | DEBUG | .a.s.ParticipantScoreScheduleService : Scheduled task for exercise 3293 and participant 681 at 2025-02-14T23:47:31.597446116Z[Etc/UTC].
    23:47:31.505 | 446 ool-1-worker-210 | DEBUG | PersonalAccessTokenManagementService : Generate secure vcs access token
    23:47:31.510 | 446 ool-1-worker-210 | DEBUG | .c.s.m.InstanceMessageReceiveService : Received schedule participant score for exercise 3293 and participant 682 (result to be deleted: null)
    23:47:31.510 | 446 ool-1-worker-210 | DEBUG | .a.s.ParticipantScoreScheduleService : Scheduled task for exercise 3293 and participant 682 at 2025-02-14T23:47:31.610366813Z[Etc/UTC].
    23:47:31.523 | 446 ool-1-worker-210 | DEBUG | .c.s.m.InstanceMessageReceiveService : Received schedule participant score for exercise 3293 and participant 682 (result to be deleted: null)
    23:47:31.524 | 446 ool-1-worker-210 | DEBUG | .a.s.ParticipantScoreScheduleService : Scheduled task for exercise 3293 and participant 682 at 2025-02-14T23:47:31.624033400Z[Etc/UTC].
    23:47:31.538 | 446 ool-1-worker-210 | DEBUG | .c.s.m.InstanceMessageReceiveService : Received schedule participant score for exercise 3293 and participant 682 (result to be deleted: null)
    23:47:31.538 | 446 ool-1-worker-210 | DEBUG | .a.s.ParticipantScoreScheduleService : Scheduled task for exercise 3293 and participant 682 at 2025-02-14T23:47:31.638465805Z[Etc/UTC].
    23:47:31.539 | 446 ool-1-worker-210 | INFO  | i.z.t.d.l.EmbeddedDatabaseReporter   : JDBC URL to connect to 'dataSource': url='jdbc:h2:tcp://localhost:41063/mem:df70fc46-7e57-4cb5-9cd0-c1d90c14afa7;USER=sa', scope='ProgrammingAssessmentIntegrationTest#updateAssessmentAfterComplaint_studentHidden'
    23:47:31.543 | 446 ool-1-worker-210 | DEBUG | .c.s.m.InstanceMessageReceiveService : Received schedule participant score for exercise 3293 and participant 681 (result to be deleted: null)
    23:47:31.544 | 446 ool-1-worker-210 | DEBUG | .a.s.ParticipantScoreScheduleService : Scheduled task for exercise 3293 and participant 681 at 2025-02-14T23:47:31.644035172Z[Etc/UTC].
    23:47:31.556 | 446 ool-1-worker-210 | DEBUG | .c.s.m.InstanceMessageReceiveService : Received schedule participant score for exercise 3293 and participant 681 (result to be deleted: null)
    23:47:31.556 | 446 ool-1-worker-210 | DEBUG | .a.s.ParticipantScoreScheduleService : Scheduled task for exercise 3293 and participant 681 at 2025-02-14T23:47:31.656642113Z[Etc/UTC].
    23:47:31.560 | 446 ool-1-worker-210 | DEBUG | d.t.c.a.a.c.s.f.ApiVersionFilter     : Adding Version to Request PUT /api/programming-submissions/1733/assessment-after-complaint
    23:47:31.561 | 446 ool-1-worker-210 | DEBUG | .a.p.w.ProgrammingAssessmentResource : REST request to update the assessment of manual result for submission 1733 after complaint.
    23:47:31.571 | 446 ool-1-worker-210 | DEBUG | .c.s.m.InstanceMessageReceiveService : Received schedule participant score for exercise 3293 and participant 681 (result to be deleted: null)
    23:47:31.571 | 446 ool-1-worker-210 | DEBUG | .a.s.ParticipantScoreScheduleService : Scheduled task for exercise 3293 and participant 681 at 2025-02-14T23:47:31.671969107Z[Etc/UTC].
    23:47:31.580 | 446 ool-1-worker-210 | DEBUG | .c.s.m.InstanceMessageReceiveService : Received schedule participant score for exercise 3293 and participant 681 (result to be deleted: null)
    23:47:31.580 | 446 ool-1-worker-210 | DEBUG | .a.s.ParticipantScoreScheduleService : Scheduled task for exercise 3293 and participant 681 at 2025-02-14T23:47:31.680516277Z[Etc/UTC].
    23:47:31.593 | 446 ool-1-worker-210 | DEBUG | .c.s.m.InstanceMessageReceiveService : Received schedule participant score for exercise 3293 and participant 681 (result to be deleted: null)
    23:47:31.593 | 446 ool-1-worker-210 | DEBUG | .a.s.ParticipantScoreScheduleService : Scheduled task for exercise 3293 and participant 681 at 2025-02-14T23:47:31.693519838Z[Etc/UTC].
    23:47:31.601 | 446 ool-1-worker-210 | DEBUG | .c.s.m.InstanceMessageReceiveService : Received schedule participant score for exercise 3293 and participant 681 (result to be deleted: null)
    23:47:31.601 | 446 ool-1-worker-210 | DEBUG | .a.s.ParticipantScoreScheduleService : Scheduled task for exercise 3293 and participant 681 at 2025-02-14T23:47:31.701713118Z[Etc/UTC].
    23:47:31.608 | 446 ool-1-worker-210 | DEBUG | .c.s.m.InstanceMessageReceiveService : Received schedule participant score for exercise 3293 and participant 681 (result to be deleted: null)
    23:47:31.608 | 446 ool-1-worker-210 | DEBUG | .a.s.ParticipantScoreScheduleService : Scheduled task for exercise 3293 and participant 681 at 2025-02-14T23:47:31.708423983Z[Etc/UTC].

  Starting logs for ProgrammingAssessmentIntegrationTest > testDeleteResult()
    23:47:31.639 | 446 ool-1-worker-210 | DEBUG | d.t.c.a.a.c.u.util.UserUtilService   : Generate 3 students...
    23:47:31.646 | 446 ool-1-worker-210 | DEBUG | d.t.c.a.a.c.u.util.UserUtilService   : 3 students generated. Generate 2 tutors...
    23:47:31.651 | 446 ool-1-worker-210 | DEBUG | d.t.c.a.a.c.u.util.UserUtilService   : 2 tutors generated. Generate 0 editors...
    23:47:31.652 | 446 ool-1-worker-210 | DEBUG | d.t.c.a.a.c.u.util.UserUtilService   : 0 editors generated. Generate 2 instructors...
    23:47:31.656 | 446 ool-1-worker-210 | DEBUG | d.t.c.a.a.c.u.util.UserUtilService   : 2 instructors generated
    23:47:31.658 | 446 ool-1-worker-210 | DEBUG | d.t.c.a.a.c.u.util.UserUtilService   : Removing 7 users from all courses...
    23:47:31.659 | 446 ool-1-worker-210 | DEBUG | d.t.c.a.a.c.u.util.UserUtilService   : Removing 7 users from all courses. Done
    23:47:31.659 | 446 ool-1-worker-210 | DEBUG | d.t.c.a.a.c.u.util.UserUtilService   : Save 7 users to database...
    23:47:31.664 | 446 ool-1-worker-210 | DEBUG | d.t.c.a.a.c.u.util.UserUtilService   : Save 7 users to database. Done
    23:47:31.703 | 446 ool-1-worker-210 | DEBUG | .c.s.m.InstanceMessageReceiveService : Received schedule participant score for exercise 3294 and participant 681 (result to be deleted: null)
    23:47:31.703 | 446 ool-1-worker-210 | DEBUG | .a.s.ParticipantScoreScheduleService : Scheduled task for exercise 3294 and participant 681 at 2025-02-14T23:47:31.803298230Z[Etc/UTC].
    23:47:31.727 | 446 ool-1-worker-210 | DEBUG | .c.s.m.InstanceMessageReceiveService : Received schedule participant score for exercise 3294 and participant 681 (result to be deleted: null)
    23:47:31.727 | 446 ool-1-worker-210 | DEBUG | .a.s.ParticipantScoreScheduleService : Scheduled task for exercise 3294 and participant 681 at 2025-02-14T23:47:31.827790457Z[Etc/UTC].
    23:47:31.731 | 446 ool-1-worker-210 | DEBUG | PersonalAccessTokenManagementService : Generate secure vcs access token
    23:47:31.734 | 446 ool-1-worker-210 | DEBUG | .c.s.m.InstanceMessageReceiveService : Received schedule participant score for exercise 3294 and participant 682 (result to be deleted: null)
    23:47:31.734 | 446 ool-1-worker-210 | DEBUG | .a.s.ParticipantScoreScheduleService : Scheduled task for exercise 3294 and participant 682 at 2025-02-14T23:47:31.834177839Z[Etc/UTC].
    23:47:31.741 | 446 ool-1-worker-210 | DEBUG | .c.s.m.InstanceMessageReceiveService : Received schedule participant score for exercise 3294 and participant 682 (result to be deleted: null)
    23:47:31.742 | 446 ool-1-worker-210 | DEBUG | .a.s.ParticipantScoreScheduleService : Scheduled task for exercise 3294 and participant 682 at 2025-02-14T23:47:31.842057214Z[Etc/UTC].
    23:47:31.755 | 446 ool-1-worker-210 | DEBUG | .c.s.m.InstanceMessageReceiveService : Received schedule participant score for exercise 3294 and participant 682 (result to be deleted: null)
    23:47:31.755 | 446 ool-1-worker-210 | DEBUG | .a.s.ParticipantScoreScheduleService : Scheduled task for exercise 3294 and participant 682 at 2025-02-14T23:47:31.855250478Z[Etc/UTC].
    23:47:31.756 | 446 ool-1-worker-210 | INFO  | i.z.t.d.l.EmbeddedDatabaseReporter   : JDBC URL to connect to 'dataSource': url='jdbc:h2:tcp://localhost:41063/mem:df70fc46-7e57-4cb5-9cd0-c1d90c14afa7;USER=sa', scope='ProgrammingAssessmentIntegrationTest#testDeleteResult'
    23:47:31.779 | 446 ool-1-worker-210 | DEBUG | .c.s.m.InstanceMessageReceiveService : Received schedule participant score for exercise 3295 and participant 681 (result to be deleted: null)
    23:47:31.779 | 446 ool-1-worker-210 | DEBUG | .a.s.ParticipantScoreScheduleService : Scheduled task for exercise 3295 and participant 681 at 2025-02-14T23:47:31.879196536Z[Etc/UTC].
    23:47:31.796 | 446 ool-1-worker-210 | DEBUG | .c.s.m.InstanceMessageReceiveService : Received schedule participant score for exercise 3295 and participant 681 (result to be deleted: null)
    23:47:31.796 | 446 ool-1-worker-210 | DEBUG | .a.s.ParticipantScoreScheduleService : Scheduled task for exercise 3295 and participant 681 at 2025-02-14T23:47:31.896139153Z[Etc/UTC].
    23:47:31.827 | 663 taskScheduler-1  | DEBUG | .a.s.ParticipantScoreScheduleService : Processing exercise 3294 and participant 681 to update participant scores.
    23:47:31.829 | 446 ool-1-worker-210 | DEBUG | .c.s.m.InstanceMessageReceiveService : Received schedule participant score for exercise 3295 and participant 681 (result to be deleted: null)
    23:47:31.829 | 446 ool-1-worker-210 | DEBUG | .a.s.ParticipantScoreScheduleService : Scheduled task for exercise 3295 and participant 681 at 2025-02-14T23:47:31.929770664Z[Etc/UTC].
    23:47:31.853 | 663 taskScheduler-1  | DEBUG | .a.s.ParticipantScoreScheduleService : Updated participant score 90.
    23:47:31.855 | 446 ool-1-worker-210 | DEBUG | .c.s.m.InstanceMessageReceiveService : Received schedule participant score for exercise 3295 and participant 681 (result to be deleted: null)
    23:47:31.855 | 446 ool-1-worker-210 | DEBUG | .a.s.ParticipantScoreScheduleService : Scheduled task for exercise 3295 and participant 681 at 2025-02-14T23:47:31.955143653Z[Etc/UTC].
    23:47:31.858 | 665 taskScheduler-3  | DEBUG | .a.s.ParticipantScoreScheduleService : Processing exercise 3294 and participant 682 to update participant scores.
    23:47:31.872 | 663 taskScheduler-1  | DEBUG | .a.s.ParticipantScoreScheduleService : Updating the participant score for exercise 3294 and participant 681 took 45 ms.
    23:47:31.875 | 665 taskScheduler-3  | DEBUG | .a.s.ParticipantScoreScheduleService : Updating the participant score for exercise 3294 and participant 682 took 17 ms.
    23:47:31.887 | 446 ool-1-worker-210 | DEBUG | .c.s.m.InstanceMessageReceiveService : Received schedule participant score for exercise 3295 and participant 681 (result to be deleted: null)
    23:47:31.887 | 446 ool-1-worker-210 | DEBUG | .a.s.ParticipantScoreScheduleService : Scheduled task for exercise 3295 and participant 681 at 2025-02-14T23:47:31.987271970Z[Etc/UTC].
    23:47:31.894 | 446 ool-1-worker-210 | DEBUG | d.t.c.a.a.c.s.f.ApiVersionFilter     : Adding Version to Request DELETE /api/participations/2231/programming-submissions/1736/results/1306
    23:47:31.895 | 446 ool-1-worker-210 | INFO  | d.t.c.a.a.a.web.AssessmentResource   : REST request by user: admin to delete result 1306
    23:47:31.899 | 446 ool-1-worker-210 | DEBUG | d.t.c.a.a.a.service.ResultService    : Delete result references 1306
    23:47:31.912 | 446 ool-1-worker-210 | DEBUG | .c.s.m.InstanceMessageReceiveService : Received schedule participant score for exercise 3295 and participant 681 (result to be deleted: 1306)
    23:47:31.912 | 446 ool-1-worker-210 | DEBUG | .a.s.ParticipantScoreScheduleService : Scheduled task for exercise 3295 and participant 681 at 2025-02-14T23:47:32.012732172Z[Etc/UTC].

  Starting logs for ProgrammingAssessmentIntegrationTest > cancelAssessmentOfOtherTutorAsInstructor()
    23:47:31.927 | 446 ool-1-worker-210 | DEBUG | d.t.c.a.a.c.u.util.UserUtilService   : Generate 3 students...
    23:47:31.931 | 446 ool-1-worker-210 | DEBUG | d.t.c.a.a.c.u.util.UserUtilService   : 3 students generated. Generate 2 tutors...
    23:47:31.935 | 446 ool-1-worker-210 | DEBUG | d.t.c.a.a.c.u.util.UserUtilService   : 2 tutors generated. Generate 0 editors...
    23:47:31.936 | 446 ool-1-worker-210 | DEBUG | d.t.c.a.a.c.u.util.UserUtilService   : 0 editors generated. Generate 2 instructors...
    23:47:31.941 | 446 ool-1-worker-210 | DEBUG | d.t.c.a.a.c.u.util.UserUtilService   : 2 instructors generated
    23:47:31.943 | 446 ool-1-worker-210 | DEBUG | d.t.c.a.a.c.u.util.UserUtilService   : Removing 7 users from all courses...
    23:47:31.944 | 446 ool-1-worker-210 | DEBUG | d.t.c.a.a.c.u.util.UserUtilService   : Removing 7 users from all courses. Done
    23:47:31.944 | 446 ool-1-worker-210 | DEBUG | d.t.c.a.a.c.u.util.UserUtilService   : Save 7 users to database...
    23:47:31.948 | 446 ool-1-worker-210 | DEBUG | d.t.c.a.a.c.u.util.UserUtilService   : Save 7 users to database. Done
    23:47:31.971 | 446 ool-1-worker-210 | DEBUG | .c.s.m.InstanceMessageReceiveService : Received schedule participant score for exercise 3296 and participant 681 (result to be deleted: null)
    23:47:31.972 | 446 ool-1-worker-210 | DEBUG | .a.s.ParticipantScoreScheduleService : Scheduled task for exercise 3296 and participant 681 at 2025-02-14T23:47:32.072036281Z[Etc/UTC].
    23:47:31.984 | 446 ool-1-worker-210 | DEBUG | .c.s.m.InstanceMessageReceiveService : Received schedule participant score for exercise 3296 and participant 681 (result to be deleted: null)
    23:47:31.984 | 446 ool-1-worker-210 | DEBUG | .a.s.ParticipantScoreScheduleService : Scheduled task for exercise 3296 and participant 681 at 2025-02-14T23:47:32.084603668Z[Etc/UTC].
    23:47:31.987 | 446 ool-1-worker-210 | DEBUG | PersonalAccessTokenManagementService : Generate secure vcs access token
    23:47:31.990 | 446 ool-1-worker-210 | DEBUG | .c.s.m.InstanceMessageReceiveService : Received schedule participant score for exercise 3296 and participant 682 (result to be deleted: null)
    23:47:31.990 | 446 ool-1-worker-210 | DEBUG | .a.s.ParticipantScoreScheduleService : Scheduled task for exercise 3296 and participant 682 at 2025-02-14T23:47:32.090119535Z[Etc/UTC].
    23:47:31.997 | 446 ool-1-worker-210 | DEBUG | .c.s.m.InstanceMessageReceiveService : Received schedule participant score for exercise 3296 and participant 682 (result to be deleted: null)
    23:47:31.997 | 446 ool-1-worker-210 | DEBUG | .a.s.ParticipantScoreScheduleService : Scheduled task for exercise 3296 and participant 682 at 2025-02-14T23:47:32.097240225Z[Etc/UTC].
    23:47:32.009 | 446 ool-1-worker-210 | DEBUG | .c.s.m.InstanceMessageReceiveService : Received schedule participant score for exercise 3296 and participant 682 (result to be deleted: null)
    23:47:32.009 | 446 ool-1-worker-210 | DEBUG | .a.s.ParticipantScoreScheduleService : Scheduled task for exercise 3296 and participant 682 at 2025-02-14T23:47:32.109572614Z[Etc/UTC].
    23:47:32.010 | 446 ool-1-worker-210 | INFO  | i.z.t.d.l.EmbeddedDatabaseReporter   : JDBC URL to connect to 'dataSource': url='jdbc:h2:tcp://localhost:41063/mem:df70fc46-7e57-4cb5-9cd0-c1d90c14afa7;USER=sa', scope='ProgrammingAssessmentIntegrationTest#cancelAssessmentOfOtherTutorAsInstructor'
    23:47:32.019 | 446 ool-1-worker-210 | DEBUG | .c.s.m.InstanceMessageReceiveService : Received schedule participant score for exercise 3296 and participant 681 (result to be deleted: null)
    23:47:32.019 | 446 ool-1-worker-210 | DEBUG | .a.s.ParticipantScoreScheduleService : Scheduled task for exercise 3296 and participant 681 at 2025-02-14T23:47:32.119428875Z[Etc/UTC].
    23:47:32.030 | 446 ool-1-worker-210 | DEBUG | .c.s.m.InstanceMessageReceiveService : Received schedule participant score for exercise 3296 and participant 681 (result to be deleted: null)
    23:47:32.030 | 446 ool-1-worker-210 | DEBUG | .a.s.ParticipantScoreScheduleService : Scheduled task for exercise 3296 and participant 681 at 2025-02-14T23:47:32.130543573Z[Etc/UTC].
    23:47:32.031 | 446 ool-1-worker-210 | DEBUG | d.t.c.a.a.c.s.f.ApiVersionFilter     : Adding Version to Request PUT /api/programming-submissions/1739/cancel-assessment
    23:47:32.032 | 446 ool-1-worker-210 | DEBUG | d.t.c.a.a.a.web.AssessmentResource   : REST request to cancel assessment of submission: 1739

  Starting logs for ProgrammingAssessmentIntegrationTest > programmingExerciseManualResult_submissionNotModified()
    23:47:32.047 | 446 ool-1-worker-210 | DEBUG | d.t.c.a.a.c.u.util.UserUtilService   : Generate 3 students...
    23:47:32.052 | 446 ool-1-worker-210 | DEBUG | d.t.c.a.a.c.u.util.UserUtilService   : 3 students generated. Generate 2 tutors...
    23:47:32.056 | 446 ool-1-worker-210 | DEBUG | d.t.c.a.a.c.u.util.UserUtilService   : 2 tutors generated. Generate 0 editors...
    23:47:32.057 | 446 ool-1-worker-210 | DEBUG | d.t.c.a.a.c.u.util.UserUtilService   : 0 editors generated. Generate 2 instructors...
    23:47:32.061 | 446 ool-1-worker-210 | DEBUG | d.t.c.a.a.c.u.util.UserUtilService   : 2 instructors generated
    23:47:32.063 | 446 ool-1-worker-210 | DEBUG | d.t.c.a.a.c.u.util.UserUtilService   : Removing 7 users from all courses...
    23:47:32.064 | 446 ool-1-worker-210 | DEBUG | d.t.c.a.a.c.u.util.UserUtilService   : Removing 7 users from all courses. Done
    23:47:32.064 | 446 ool-1-worker-210 | DEBUG | d.t.c.a.a.c.u.util.UserUtilService   : Save 7 users to database...
    23:47:32.070 | 446 ool-1-worker-210 | DEBUG | d.t.c.a.a.c.u.util.UserUtilService   : Save 7 users to database. Done
    23:47:32.099 | 446 ool-1-worker-210 | DEBUG | .c.s.m.InstanceMessageReceiveService : Received schedule participant score for exercise 3297 and participant 681 (result to be deleted: null)
    23:47:32.099 | 446 ool-1-worker-210 | DEBUG | .a.s.ParticipantScoreScheduleService : Scheduled task for exercise 3297 and participant 681 at 2025-02-14T23:47:32.199495995Z[Etc/UTC].
    23:47:32.111 | 446 ool-1-worker-210 | DEBUG | .c.s.m.InstanceMessageReceiveService : Received schedule participant score for exercise 3297 and participant 681 (result to be deleted: null)
    23:47:32.111 | 446 ool-1-worker-210 | DEBUG | .a.s.ParticipantScoreScheduleService : Scheduled task for exercise 3297 and participant 681 at 2025-02-14T23:47:32.211492839Z[Etc/UTC].
    23:47:32.115 | 446 ool-1-worker-210 | DEBUG | PersonalAccessTokenManagementService : Generate secure vcs access token
    23:47:32.117 | 446 ool-1-worker-210 | DEBUG | .c.s.m.InstanceMessageReceiveService : Received schedule participant score for exercise 3297 and participant 682 (result to be deleted: null)
    23:47:32.117 | 446 ool-1-worker-210 | DEBUG | .a.s.ParticipantScoreScheduleService : Scheduled task for exercise 3297 and participant 682 at 2025-02-14T23:47:32.217276104Z[Etc/UTC].
    23:47:32.131 | 446 ool-1-worker-210 | DEBUG | .c.s.m.InstanceMessageReceiveService : Received schedule participant score for exercise 3297 and participant 682 (result to be deleted: null)
    23:47:32.131 | 446 ool-1-worker-210 | DEBUG | .a.s.ParticipantScoreScheduleService : Scheduled task for exercise 3297 and participant 682 at 2025-02-14T23:47:32.231198208Z[Etc/UTC].
    23:47:32.156 | 446 ool-1-worker-210 | DEBUG | .c.s.m.InstanceMessageReceiveService : Received schedule participant score for exercise 3297 and participant 682 (result to be deleted: null)
    23:47:32.156 | 446 ool-1-worker-210 | DEBUG | .a.s.ParticipantScoreScheduleService : Scheduled task for exercise 3297 and participant 682 at 2025-02-14T23:47:32.256246902Z[Etc/UTC].
    23:47:32.157 | 446 ool-1-worker-210 | INFO  | i.z.t.d.l.EmbeddedDatabaseReporter   : JDBC URL to connect to 'dataSource': url='jdbc:h2:tcp://localhost:41063/mem:df70fc46-7e57-4cb5-9cd0-c1d90c14afa7;USER=sa', scope='ProgrammingAssessmentIntegrationTest#programmingExerciseManualResult_submissionNotModified'
    23:47:32.159 | 446 ool-1-worker-210 | DEBUG | d.t.c.a.a.c.s.f.ApiVersionFilter     : Adding Version to Request PUT /api/participations/2239/manual-results
    23:47:32.160 | 446 ool-1-worker-210 | DEBUG | .a.p.w.ProgrammingAssessmentResource : REST request to save a new result : Result{idnull, completionDate=null, successful=false, score=90.0, rated=true, assessmentType=SEMI_AUTOMATIC, hasComplaint=null, testCaseCount=0, passedTestCaseCount=0, codeIssueCount=0}
    23:47:32.170 | 446 ool-1-worker-210 | DEBUG | .c.s.m.InstanceMessageReceiveService : Received schedule participant score for exercise 3297 and participant 682 (result to be deleted: null)
    23:47:32.170 | 446 ool-1-worker-210 | DEBUG | .a.s.ParticipantScoreScheduleService : Scheduled task for exercise 3297 and participant 682 at 2025-02-14T23:47:32.270127545Z[Etc/UTC].
    23:47:32.180 | 446 ool-1-worker-210 | DEBUG | .c.s.m.InstanceMessageReceiveService : Received schedule participant score for exercise 3297 and participant 682 (result to be deleted: null)
    23:47:32.180 | 446 ool-1-worker-210 | DEBUG | .a.s.ParticipantScoreScheduleService : Scheduled task for exercise 3297 and participant 682 at 2025-02-14T23:47:32.280663665Z[Etc/UTC].

  Starting logs for ProgrammingAssessmentIntegrationTest > testOverrideAssessment_submitSameTutorAfterAssessmentDueDateForbidden()
    23:47:32.199 | 446 ool-1-worker-210 | DEBUG | d.t.c.a.a.c.u.util.UserUtilService   : Generate 3 students...
    23:47:32.203 | 446 ool-1-worker-210 | DEBUG | d.t.c.a.a.c.u.util.UserUtilService   : 3 students generated. Generate 2 tutors...
    23:47:32.206 | 446 ool-1-worker-210 | DEBUG | d.t.c.a.a.c.u.util.UserUtilService   : 2 tutors generated. Generate 0 editors...
    23:47:32.207 | 446 ool-1-worker-210 | DEBUG | d.t.c.a.a.c.u.util.UserUtilService   : 0 editors generated. Generate 2 instructors...
    23:47:32.211 | 446 ool-1-worker-210 | DEBUG | d.t.c.a.a.c.u.util.UserUtilService   : 2 instructors generated
    23:47:32.213 | 446 ool-1-worker-210 | DEBUG | d.t.c.a.a.c.u.util.UserUtilService   : Removing 7 users from all courses...
    23:47:32.215 | 446 ool-1-worker-210 | DEBUG | d.t.c.a.a.c.u.util.UserUtilService   : Removing 7 users from all courses. Done
    23:47:32.215 | 446 ool-1-worker-210 | DEBUG | d.t.c.a.a.c.u.util.UserUtilService   : Save 7 users to database...
    23:47:32.220 | 446 ool-1-worker-210 | DEBUG | d.t.c.a.a.c.u.util.UserUtilService   : Save 7 users to database. Done
    23:47:32.250 | 446 ool-1-worker-210 | DEBUG | .c.s.m.InstanceMessageReceiveService : Received schedule participant score for exercise 3298 and participant 681 (result to be deleted: null)
    23:47:32.250 | 446 ool-1-worker-210 | DEBUG | .a.s.ParticipantScoreScheduleService : Scheduled task for exercise 3298 and participant 681 at 2025-02-14T23:47:32.350273444Z[Etc/UTC].
    23:47:32.268 | 446 ool-1-worker-210 | DEBUG | .c.s.m.InstanceMessageReceiveService : Received schedule participant score for exercise 3298 and participant 681 (result to be deleted: null)
    23:47:32.268 | 446 ool-1-worker-210 | DEBUG | .a.s.ParticipantScoreScheduleService : Scheduled task for exercise 3298 and participant 681 at 2025-02-14T23:47:32.368499564Z[Etc/UTC].
    23:47:32.272 | 446 ool-1-worker-210 | DEBUG | PersonalAccessTokenManagementService : Generate secure vcs access token
    23:47:32.274 | 446 ool-1-worker-210 | DEBUG | .c.s.m.InstanceMessageReceiveService : Received schedule participant score for exercise 3298 and participant 682 (result to be deleted: null)
    23:47:32.274 | 446 ool-1-worker-210 | DEBUG | .a.s.ParticipantScoreScheduleService : Scheduled task for exercise 3298 and participant 682 at 2025-02-14T23:47:32.374462124Z[Etc/UTC].
    23:47:32.282 | 446 ool-1-worker-210 | DEBUG | .c.s.m.InstanceMessageReceiveService : Received schedule participant score for exercise 3298 and participant 682 (result to be deleted: null)
    23:47:32.282 | 446 ool-1-worker-210 | DEBUG | .a.s.ParticipantScoreScheduleService : Scheduled task for exercise 3298 and participant 682 at 2025-02-14T23:47:32.382096823Z[Etc/UTC].
    23:47:32.299 | 446 ool-1-worker-210 | DEBUG | .c.s.m.InstanceMessageReceiveService : Received schedule participant score for exercise 3298 and participant 682 (result to be deleted: null)
    23:47:32.299 | 446 ool-1-worker-210 | DEBUG | .a.s.ParticipantScoreScheduleService : Scheduled task for exercise 3298 and participant 682 at 2025-02-14T23:47:32.399632195Z[Etc/UTC].
    23:47:32.300 | 446 ool-1-worker-210 | INFO  | i.z.t.d.l.EmbeddedDatabaseReporter   : JDBC URL to connect to 'dataSource': url='jdbc:h2:tcp://localhost:41063/mem:df70fc46-7e57-4cb5-9cd0-c1d90c14afa7;USER=sa', scope='ProgrammingAssessmentIntegrationTest#testOverrideAssessment_submitSameTutorAfterAssessmentDueDateForbidden'
    23:47:32.302 | 446 ool-1-worker-210 | DEBUG | d.t.c.a.a.c.s.f.ApiVersionFilter     : Adding Version to Request PUT /api/participations/2242/manual-results
    23:47:32.303 | 446 ool-1-worker-210 | DEBUG | .a.p.w.ProgrammingAssessmentResource : REST request to save a new result : Result{id1314, completionDate=2025-02-14T23:47:32.301293583Z, successful=false, score=75.0, rated=true, assessmentType=SEMI_AUTOMATIC, hasComplaint=null, testCaseCount=0, passedTestCaseCount=0, codeIssueCount=0}
    23:47:32.307 | 446 ool-1-worker-210 | DEBUG | .a.p.w.ProgrammingAssessmentResource : The user programmingassessmenttutor1 is not allowed to override the assessment for the participation 2242 for User programmingassessmenttutor1
    23:47:32.307 | 446 ool-1-worker-210 | WARN  | o.z.p.spring.common.AdviceTraits     : Forbidden: The user is not allowed to override the assessment

  Starting logs for ProgrammingAssessmentIntegrationTest > testOverrideAssessment_submitInstructorAfterAssessmentDueDatePossible()
    23:47:32.324 | 446 ool-1-worker-210 | DEBUG | d.t.c.a.a.c.u.util.UserUtilService   : Generate 3 students...
    23:47:32.329 | 446 ool-1-worker-210 | DEBUG | d.t.c.a.a.c.u.util.UserUtilService   : 3 students generated. Generate 2 tutors...
    23:47:32.333 | 446 ool-1-worker-210 | DEBUG | d.t.c.a.a.c.u.util.UserUtilService   : 2 tutors generated. Generate 0 editors...
    23:47:32.334 | 446 ool-1-worker-210 | DEBUG | d.t.c.a.a.c.u.util.UserUtilService   : 0 editors generated. Generate 2 instructors...
    23:47:32.339 | 446 ool-1-worker-210 | DEBUG | d.t.c.a.a.c.u.util.UserUtilService   : 2 instructors generated
    23:47:32.341 | 446 ool-1-worker-210 | DEBUG | d.t.c.a.a.c.u.util.UserUtilService   : Removing 7 users from all courses...
    23:47:32.342 | 446 ool-1-worker-210 | DEBUG | d.t.c.a.a.c.u.util.UserUtilService   : Removing 7 users from all courses. Done
    23:47:32.342 | 446 ool-1-worker-210 | DEBUG | d.t.c.a.a.c.u.util.UserUtilService   : Save 7 users to database...
    23:47:32.346 | 446 ool-1-worker-210 | DEBUG | d.t.c.a.a.c.u.util.UserUtilService   : Save 7 users to database. Done
    23:47:32.371 | 446 ool-1-worker-210 | DEBUG | .c.s.m.InstanceMessageReceiveService : Received schedule participant score for exercise 3299 and participant 681 (result to be deleted: null)
    23:47:32.371 | 446 ool-1-worker-210 | DEBUG | .a.s.ParticipantScoreScheduleService : Scheduled task for exercise 3299 and participant 681 at 2025-02-14T23:47:32.471771440Z[Etc/UTC].
    23:47:32.384 | 446 ool-1-worker-210 | DEBUG | .c.s.m.InstanceMessageReceiveService : Received schedule participant score for exercise 3299 and participant 681 (result to be deleted: null)
    23:47:32.384 | 446 ool-1-worker-210 | DEBUG | .a.s.ParticipantScoreScheduleService : Scheduled task for exercise 3299 and participant 681 at 2025-02-14T23:47:32.484174010Z[Etc/UTC].
    23:47:32.387 | 446 ool-1-worker-210 | DEBUG | PersonalAccessTokenManagementService : Generate secure vcs access token
    23:47:32.390 | 446 ool-1-worker-210 | DEBUG | .c.s.m.InstanceMessageReceiveService : Received schedule participant score for exercise 3299 and participant 682 (result to be deleted: null)
    23:47:32.390 | 446 ool-1-worker-210 | DEBUG | .a.s.ParticipantScoreScheduleService : Scheduled task for exercise 3299 and participant 682 at 2025-02-14T23:47:32.490129257Z[Etc/UTC].
    23:47:32.397 | 446 ool-1-worker-210 | DEBUG | .c.s.m.InstanceMessageReceiveService : Received schedule participant score for exercise 3299 and participant 682 (result to be deleted: null)
    23:47:32.397 | 446 ool-1-worker-210 | DEBUG | .a.s.ParticipantScoreScheduleService : Scheduled task for exercise 3299 and participant 682 at 2025-02-14T23:47:32.497519098Z[Etc/UTC].
    23:47:32.412 | 446 ool-1-worker-210 | DEBUG | .c.s.m.InstanceMessageReceiveService : Received schedule participant score for exercise 3299 and participant 682 (result to be deleted: null)
    23:47:32.412 | 446 ool-1-worker-210 | DEBUG | .a.s.ParticipantScoreScheduleService : Scheduled task for exercise 3299 and participant 682 at 2025-02-14T23:47:32.512749805Z[Etc/UTC].
    23:47:32.413 | 446 ool-1-worker-210 | INFO  | i.z.t.d.l.EmbeddedDatabaseReporter   : JDBC URL to connect to 'dataSource': url='jdbc:h2:tcp://localhost:41063/mem:df70fc46-7e57-4cb5-9cd0-c1d90c14afa7;USER=sa', scope='ProgrammingAssessmentIntegrationTest#testOverrideAssessment_submitInstructorAfterAssessmentDueDatePossible'
    23:47:32.416 | 446 ool-1-worker-210 | DEBUG | d.t.c.a.a.c.s.f.ApiVersionFilter     : Adding Version to Request PUT /api/participations/2246/manual-results
    23:47:32.417 | 446 ool-1-worker-210 | DEBUG | .a.p.w.ProgrammingAssessmentResource : REST request to save a new result : Result{id1316, completionDate=2025-02-14T23:47:32.414621335Z, successful=false, score=75.0, rated=true, assessmentType=SEMI_AUTOMATIC, hasComplaint=null, testCaseCount=0, passedTestCaseCount=0, codeIssueCount=0}
    23:47:32.428 | 446 ool-1-worker-210 | DEBUG | .c.s.m.InstanceMessageReceiveService : Received schedule participant score for exercise 3299 and participant 681 (result to be deleted: null)
    23:47:32.428 | 446 ool-1-worker-210 | DEBUG | .a.s.ParticipantScoreScheduleService : Scheduled task for exercise 3299 and participant 681 at 2025-02-14T23:47:32.528345800Z[Etc/UTC].
    23:47:32.450 | 446 ool-1-worker-210 | DEBUG | .c.s.m.InstanceMessageReceiveService : Received schedule participant score for exercise 3299 and participant 681 (result to be deleted: null)
    23:47:32.450 | 446 ool-1-worker-210 | DEBUG | .a.s.ParticipantScoreScheduleService : Scheduled task for exercise 3299 and participant 681 at 2025-02-14T23:47:32.550254769Z[Etc/UTC].

  Starting logs for ProgrammingAssessmentIntegrationTest > [1] submit=true
    23:47:32.472 | 446 ool-1-worker-210 | DEBUG | d.t.c.a.a.c.u.util.UserUtilService   : Generate 3 students...
    23:47:32.478 | 446 ool-1-worker-210 | DEBUG | d.t.c.a.a.c.u.util.UserUtilService   : 3 students generated. Generate 2 tutors...
    23:47:32.482 | 446 ool-1-worker-210 | DEBUG | d.t.c.a.a.c.u.util.UserUtilService   : 2 tutors generated. Generate 0 editors...
    23:47:32.484 | 446 ool-1-worker-210 | DEBUG | d.t.c.a.a.c.u.util.UserUtilService   : 0 editors generated. Generate 2 instructors...
    23:47:32.488 | 446 ool-1-worker-210 | DEBUG | d.t.c.a.a.c.u.util.UserUtilService   : 2 instructors generated
    23:47:32.490 | 446 ool-1-worker-210 | DEBUG | d.t.c.a.a.c.u.util.UserUtilService   : Removing 7 users from all courses...
    23:47:32.492 | 446 ool-1-worker-210 | DEBUG | d.t.c.a.a.c.u.util.UserUtilService   : Removing 7 users from all courses. Done
    23:47:32.492 | 446 ool-1-worker-210 | DEBUG | d.t.c.a.a.c.u.util.UserUtilService   : Save 7 users to database...
    23:47:32.497 | 446 ool-1-worker-210 | DEBUG | d.t.c.a.a.c.u.util.UserUtilService   : Save 7 users to database. Done
    23:47:32.524 | 446 ool-1-worker-210 | DEBUG | .c.s.m.InstanceMessageReceiveService : Received schedule participant score for exercise 3300 and participant 681 (result to be deleted: null)
    23:47:32.524 | 446 ool-1-worker-210 | DEBUG | .a.s.ParticipantScoreScheduleService : Scheduled task for exercise 3300 and participant 681 at 2025-02-14T23:47:32.624642628Z[Etc/UTC].
    23:47:32.537 | 446 ool-1-worker-210 | DEBUG | .c.s.m.InstanceMessageReceiveService : Received schedule participant score for exercise 3300 and participant 681 (result to be deleted: null)
    23:47:32.537 | 446 ool-1-worker-210 | DEBUG | .a.s.ParticipantScoreScheduleService : Scheduled task for exercise 3300 and participant 681 at 2025-02-14T23:47:32.637360255Z[Etc/UTC].
    23:47:32.541 | 446 ool-1-worker-210 | DEBUG | PersonalAccessTokenManagementService : Generate secure vcs access token
    23:47:32.544 | 446 ool-1-worker-210 | DEBUG | .c.s.m.InstanceMessageReceiveService : Received schedule participant score for exercise 3300 and participant 682 (result to be deleted: null)
    23:47:32.544 | 446 ool-1-worker-210 | DEBUG | .a.s.ParticipantScoreScheduleService : Scheduled task for exercise 3300 and participant 682 at 2025-02-14T23:47:32.644302222Z[Etc/UTC].
    23:47:32.553 | 446 ool-1-worker-210 | DEBUG | .c.s.m.InstanceMessageReceiveService : Received schedule participant score for exercise 3300 and participant 682 (result to be deleted: null)
    23:47:32.553 | 446 ool-1-worker-210 | DEBUG | .a.s.ParticipantScoreScheduleService : Scheduled task for exercise 3300 and participant 682 at 2025-02-14T23:47:32.653304521Z[Etc/UTC].
    23:47:32.566 | 446 ool-1-worker-210 | DEBUG | .c.s.m.InstanceMessageReceiveService : Received schedule participant score for exercise 3300 and participant 682 (result to be deleted: null)
    23:47:32.566 | 446 ool-1-worker-210 | DEBUG | .a.s.ParticipantScoreScheduleService : Scheduled task for exercise 3300 and participant 682 at 2025-02-14T23:47:32.666589807Z[Etc/UTC].
    23:47:32.567 | 446 ool-1-worker-210 | INFO  | i.z.t.d.l.EmbeddedDatabaseReporter   : JDBC URL to connect to 'dataSource': url='jdbc:h2:tcp://localhost:41063/mem:df70fc46-7e57-4cb5-9cd0-c1d90c14afa7;USER=sa', scope='ProgrammingAssessmentIntegrationTest#shouldKeepExistingLongFeedbackWhenSavingAnAssessment'
    23:47:32.569 | 446 ool-1-worker-210 | DEBUG | d.t.c.a.a.c.s.f.ApiVersionFilter     : Adding Version to Request PUT /api/participations/2251/manual-results
    23:47:32.570 | 446 ool-1-worker-210 | DEBUG | .a.p.w.ProgrammingAssessmentResource : REST request to save a new result : Result{id1320, completionDate=null, successful=false, score=0.0, rated=null, assessmentType=null, hasComplaint=null, testCaseCount=0, passedTestCaseCount=0, codeIssueCount=0}
    23:47:32.577 | 446 ool-1-worker-210 | DEBUG | .c.s.m.InstanceMessageReceiveService : Received schedule participant score for exercise 3300 and participant 682 (result to be deleted: null)
    23:47:32.577 | 446 ool-1-worker-210 | DEBUG | .a.s.ParticipantScoreScheduleService : Scheduled task for exercise 3300 and participant 682 at 2025-02-14T23:47:32.677918324Z[Etc/UTC].
    23:47:32.585 | 446 ool-1-worker-210 | DEBUG | .c.s.m.InstanceMessageReceiveService : Received schedule participant score for exercise 3300 and participant 682 (result to be deleted: null)
    23:47:32.585 | 446 ool-1-worker-210 | DEBUG | .a.s.ParticipantScoreScheduleService : Scheduled task for exercise 3300 and participant 682 at 2025-02-14T23:47:32.685332220Z[Etc/UTC].
    23:47:32.588 | 446 ool-1-worker-210 | DEBUG | .c.s.m.InstanceMessageReceiveService : Received schedule participant score for exercise 3300 and participant 682 (result to be deleted: null)
    23:47:32.588 | 446 ool-1-worker-210 | DEBUG | .a.s.ParticipantScoreScheduleService : Scheduled task for exercise 3300 and participant 682 at 2025-02-14T23:47:32.688057613Z[Etc/UTC].

  Starting logs for ProgrammingAssessmentIntegrationTest > [2] submit=false
    23:47:32.613 | 446 ool-1-worker-210 | DEBUG | d.t.c.a.a.c.u.util.UserUtilService   : Generate 3 students...
    23:47:32.618 | 446 ool-1-worker-210 | DEBUG | d.t.c.a.a.c.u.util.UserUtilService   : 3 students generated. Generate 2 tutors...
    23:47:32.622 | 446 ool-1-worker-210 | DEBUG | d.t.c.a.a.c.u.util.UserUtilService   : 2 tutors generated. Generate 0 editors...
    23:47:32.624 | 446 ool-1-worker-210 | DEBUG | d.t.c.a.a.c.u.util.UserUtilService   : 0 editors generated. Generate 2 instructors...
    23:47:32.628 | 446 ool-1-worker-210 | DEBUG | d.t.c.a.a.c.u.util.UserUtilService   : 2 instructors generated
    23:47:32.630 | 446 ool-1-worker-210 | DEBUG | d.t.c.a.a.c.u.util.UserUtilService   : Removing 7 users from all courses...
    23:47:32.631 | 446 ool-1-worker-210 | DEBUG | d.t.c.a.a.c.u.util.UserUtilService   : Removing 7 users from all courses. Done
    23:47:32.631 | 446 ool-1-worker-210 | DEBUG | d.t.c.a.a.c.u.util.UserUtilService   : Save 7 users to database...
    23:47:32.636 | 446 ool-1-worker-210 | DEBUG | d.t.c.a.a.c.u.util.UserUtilService   : Save 7 users to database. Done
    23:47:32.675 | 446 ool-1-worker-210 | DEBUG | .c.s.m.InstanceMessageReceiveService : Received schedule participant score for exercise 3301 and participant 681 (result to be deleted: null)
    23:47:32.675 | 446 ool-1-worker-210 | DEBUG | .a.s.ParticipantScoreScheduleService : Scheduled task for exercise 3301 and participant 681 at 2025-02-14T23:47:32.775470423Z[Etc/UTC].
    23:47:32.688 | 446 ool-1-worker-210 | DEBUG | .c.s.m.InstanceMessageReceiveService : Received schedule participant score for exercise 3301 and participant 681 (result to be deleted: null)
    23:47:32.688 | 446 ool-1-worker-210 | DEBUG | .a.s.ParticipantScoreScheduleService : Scheduled task for exercise 3301 and participant 681 at 2025-02-14T23:47:32.788072605Z[Etc/UTC].
    23:47:32.692 | 446 ool-1-worker-210 | DEBUG | PersonalAccessTokenManagementService : Generate secure vcs access token
    23:47:32.695 | 446 ool-1-worker-210 | DEBUG | .c.s.m.InstanceMessageReceiveService : Received schedule participant score for exercise 3301 and participant 682 (result to be deleted: null)
    23:47:32.695 | 446 ool-1-worker-210 | DEBUG | .a.s.ParticipantScoreScheduleService : Scheduled task for exercise 3301 and participant 682 at 2025-02-14T23:47:32.795134485Z[Etc/UTC].
    23:47:32.703 | 446 ool-1-worker-210 | DEBUG | .c.s.m.InstanceMessageReceiveService : Received schedule participant score for exercise 3301 and participant 682 (result to be deleted: null)
    23:47:32.703 | 446 ool-1-worker-210 | DEBUG | .a.s.ParticipantScoreScheduleService : Scheduled task for exercise 3301 and participant 682 at 2025-02-14T23:47:32.803447048Z[Etc/UTC].
    23:47:32.717 | 446 ool-1-worker-210 | DEBUG | .c.s.m.InstanceMessageReceiveService : Received schedule participant score for exercise 3301 and participant 682 (result to be deleted: null)
    23:47:32.717 | 446 ool-1-worker-210 | DEBUG | .a.s.ParticipantScoreScheduleService : Scheduled task for exercise 3301 and participant 682 at 2025-02-14T23:47:32.817142559Z[Etc/UTC].
    23:47:32.718 | 446 ool-1-worker-210 | INFO  | i.z.t.d.l.EmbeddedDatabaseReporter   : JDBC URL to connect to 'dataSource': url='jdbc:h2:tcp://localhost:41063/mem:df70fc46-7e57-4cb5-9cd0-c1d90c14afa7;USER=sa', scope='ProgrammingAssessmentIntegrationTest#shouldKeepExistingLongFeedbackWhenSavingAnAssessment'
    23:47:32.720 | 446 ool-1-worker-210 | DEBUG | d.t.c.a.a.c.s.f.ApiVersionFilter     : Adding Version to Request PUT /api/participations/2255/manual-results
    23:47:32.721 | 446 ool-1-worker-210 | DEBUG | .a.p.w.ProgrammingAssessmentResource : REST request to save a new result : Result{id1323, completionDate=null, successful=false, score=0.0, rated=null, assessmentType=null, hasComplaint=null, testCaseCount=0, passedTestCaseCount=0, codeIssueCount=0}
    23:47:32.728 | 446 ool-1-worker-210 | DEBUG | .c.s.m.InstanceMessageReceiveService : Received schedule participant score for exercise 3301 and participant 682 (result to be deleted: null)
    23:47:32.728 | 446 ool-1-worker-210 | DEBUG | .a.s.ParticipantScoreScheduleService : Scheduled task for exercise 3301 and participant 682 at 2025-02-14T23:47:32.828702698Z[Etc/UTC].
    23:47:32.736 | 446 ool-1-worker-210 | DEBUG | .c.s.m.InstanceMessageReceiveService : Received schedule participant score for exercise 3301 and participant 682 (result to be deleted: null)
    23:47:32.736 | 446 ool-1-worker-210 | DEBUG | .a.s.ParticipantScoreScheduleService : Scheduled task for exercise 3301 and participant 682 at 2025-02-14T23:47:32.836877964Z[Etc/UTC].

  Starting logs for ProgrammingAssessmentIntegrationTest > updateManualProgrammingExerciseResult_newResult()
    23:47:32.758 | 446 ool-1-worker-210 | DEBUG | d.t.c.a.a.c.u.util.UserUtilService   : Generate 3 students...
    23:47:32.763 | 446 ool-1-worker-210 | DEBUG | d.t.c.a.a.c.u.util.UserUtilService   : 3 students generated. Generate 2 tutors...
    23:47:32.767 | 446 ool-1-worker-210 | DEBUG | d.t.c.a.a.c.u.util.UserUtilService   : 2 tutors generated. Generate 0 editors...
    23:47:32.769 | 446 ool-1-worker-210 | DEBUG | d.t.c.a.a.c.u.util.UserUtilService   : 0 editors generated. Generate 2 instructors...
    23:47:32.773 | 446 ool-1-worker-210 | DEBUG | d.t.c.a.a.c.u.util.UserUtilService   : 2 instructors generated
    23:47:32.775 | 446 ool-1-worker-210 | DEBUG | d.t.c.a.a.c.u.util.UserUtilService   : Removing 7 users from all courses...
    23:47:32.776 | 446 ool-1-worker-210 | DEBUG | d.t.c.a.a.c.u.util.UserUtilService   : Removing 7 users from all courses. Done
    23:47:32.776 | 446 ool-1-worker-210 | DEBUG | d.t.c.a.a.c.u.util.UserUtilService   : Save 7 users to database...
    23:47:32.782 | 446 ool-1-worker-210 | DEBUG | d.t.c.a.a.c.u.util.UserUtilService   : Save 7 users to database. Done
    23:47:32.811 | 446 ool-1-worker-210 | DEBUG | .c.s.m.InstanceMessageReceiveService : Received schedule participant score for exercise 3302 and participant 681 (result to be deleted: null)
    23:47:32.811 | 446 ool-1-worker-210 | DEBUG | .a.s.ParticipantScoreScheduleService : Scheduled task for exercise 3302 and participant 681 at 2025-02-14T23:47:32.911422976Z[Etc/UTC].
    23:47:32.828 | 446 ool-1-worker-210 | DEBUG | .c.s.m.InstanceMessageReceiveService : Received schedule participant score for exercise 3302 and participant 681 (result to be deleted: null)
    23:47:32.828 | 446 ool-1-worker-210 | DEBUG | .a.s.ParticipantScoreScheduleService : Scheduled task for exercise 3302 and participant 681 at 2025-02-14T23:47:32.928333954Z[Etc/UTC].
    23:47:32.832 | 446 ool-1-worker-210 | DEBUG | PersonalAccessTokenManagementService : Generate secure vcs access token
    23:47:32.835 | 446 ool-1-worker-210 | DEBUG | .c.s.m.InstanceMessageReceiveService : Received schedule participant score for exercise 3302 and participant 682 (result to be deleted: null)
    23:47:32.835 | 446 ool-1-worker-210 | DEBUG | .a.s.ParticipantScoreScheduleService : Scheduled task for exercise 3302 and participant 682 at 2025-02-14T23:47:32.935065168Z[Etc/UTC].
    23:47:32.842 | 446 ool-1-worker-210 | DEBUG | .c.s.m.InstanceMessageReceiveService : Received schedule participant score for exercise 3302 and participant 682 (result to be deleted: null)
    23:47:32.842 | 446 ool-1-worker-210 | DEBUG | .a.s.ParticipantScoreScheduleService : Scheduled task for exercise 3302 and participant 682 at 2025-02-14T23:47:32.942721156Z[Etc/UTC].
    23:47:32.855 | 446 ool-1-worker-210 | DEBUG | .c.s.m.InstanceMessageReceiveService : Received schedule participant score for exercise 3302 and participant 682 (result to be deleted: null)
    23:47:32.855 | 446 ool-1-worker-210 | DEBUG | .a.s.ParticipantScoreScheduleService : Scheduled task for exercise 3302 and participant 682 at 2025-02-14T23:47:32.955895224Z[Etc/UTC].
    23:47:32.856 | 446 ool-1-worker-210 | INFO  | i.z.t.d.l.EmbeddedDatabaseReporter   : JDBC URL to connect to 'dataSource': url='jdbc:h2:tcp://localhost:41063/mem:df70fc46-7e57-4cb5-9cd0-c1d90c14afa7;USER=sa', scope='ProgrammingAssessmentIntegrationTest#updateManualProgrammingExerciseResult_newResult'
    23:47:32.859 | 446 ool-1-worker-210 | DEBUG | PersonalAccessTokenManagementService : Generate secure vcs access token
    23:47:32.864 | 446 ool-1-worker-210 | DEBUG | d.t.c.a.a.c.s.f.ApiVersionFilter     : Adding Version to Request PUT /api/participations/2259/manual-results
    23:47:32.865 | 446 ool-1-worker-210 | DEBUG | .a.p.w.ProgrammingAssessmentResource : REST request to save a new result : Result{idnull, completionDate=null, successful=false, score=77.0, rated=true, assessmentType=SEMI_AUTOMATIC, hasComplaint=null, testCaseCount=0, passedTestCaseCount=0, codeIssueCount=0}
    23:47:32.871 | 446 ool-1-worker-210 | DEBUG | .c.s.m.InstanceMessageReceiveService : Received schedule participant score for exercise 3302 and participant 682 (result to be deleted: null)
    23:47:32.871 | 446 ool-1-worker-210 | DEBUG | .a.s.ParticipantScoreScheduleService : Scheduled task for exercise 3302 and participant 682 at 2025-02-14T23:47:32.971430677Z[Etc/UTC].
    23:47:32.878 | 446 ool-1-worker-210 | DEBUG | .c.s.m.InstanceMessageReceiveService : Received schedule participant score for exercise 3302 and participant 682 (result to be deleted: null)
    23:47:32.878 | 446 ool-1-worker-210 | DEBUG | .a.s.ParticipantScoreScheduleService : Scheduled task for exercise 3302 and participant 682 at 2025-02-14T23:47:32.978748434Z[Etc/UTC].

  Starting logs for ProgrammingAssessmentIntegrationTest > createManualProgrammingExerciseResult_IncludedCompletelyWithBonusPointsExercise()
    23:47:32.897 | 446 ool-1-worker-210 | DEBUG | d.t.c.a.a.c.u.util.UserUtilService   : Generate 3 students...
    23:47:32.903 | 446 ool-1-worker-210 | DEBUG | d.t.c.a.a.c.u.util.UserUtilService   : 3 students generated. Generate 2 tutors...
    23:47:32.906 | 446 ool-1-worker-210 | DEBUG | d.t.c.a.a.c.u.util.UserUtilService   : 2 tutors generated. Generate 0 editors...
    23:47:32.908 | 446 ool-1-worker-210 | DEBUG | d.t.c.a.a.c.u.util.UserUtilService   : 0 editors generated. Generate 2 instructors...
    23:47:32.912 | 446 ool-1-worker-210 | DEBUG | d.t.c.a.a.c.u.util.UserUtilService   : 2 instructors generated
    23:47:32.914 | 446 ool-1-worker-210 | DEBUG | d.t.c.a.a.c.u.util.UserUtilService   : Removing 7 users from all courses...
    23:47:32.915 | 446 ool-1-worker-210 | DEBUG | d.t.c.a.a.c.u.util.UserUtilService   : Removing 7 users from all courses. Done
    23:47:32.915 | 446 ool-1-worker-210 | DEBUG | d.t.c.a.a.c.u.util.UserUtilService   : Save 7 users to database...
    23:47:32.920 | 446 ool-1-worker-210 | DEBUG | d.t.c.a.a.c.u.util.UserUtilService   : Save 7 users to database. Done
    23:47:32.952 | 446 ool-1-worker-210 | DEBUG | .c.s.m.InstanceMessageReceiveService : Received schedule participant score for exercise 3303 and participant 681 (result to be deleted: null)
    23:47:32.952 | 446 ool-1-worker-210 | DEBUG | .a.s.ParticipantScoreScheduleService : Scheduled task for exercise 3303 and participant 681 at 2025-02-14T23:47:33.052769239Z[Etc/UTC].
    23:47:32.975 | 446 ool-1-worker-210 | DEBUG | .c.s.m.InstanceMessageReceiveService : Received schedule participant score for exercise 3303 and participant 681 (result to be deleted: null)
    23:47:32.975 | 446 ool-1-worker-210 | DEBUG | .a.s.ParticipantScoreScheduleService : Scheduled task for exercise 3303 and participant 681 at 2025-02-14T23:47:33.075580938Z[Etc/UTC].
    23:47:32.979 | 446 ool-1-worker-210 | DEBUG | PersonalAccessTokenManagementService : Generate secure vcs access token
    23:47:32.982 | 446 ool-1-worker-210 | DEBUG | .c.s.m.InstanceMessageReceiveService : Received schedule participant score for exercise 3303 and participant 682 (result to be deleted: null)
    23:47:32.982 | 446 ool-1-worker-210 | DEBUG | .a.s.ParticipantScoreScheduleService : Scheduled task for exercise 3303 and participant 682 at 2025-02-14T23:47:33.082360872Z[Etc/UTC].
    23:47:32.990 | 446 ool-1-worker-210 | DEBUG | .c.s.m.InstanceMessageReceiveService : Received schedule participant score for exercise 3303 and participant 682 (result to be deleted: null)
    23:47:32.990 | 446 ool-1-worker-210 | DEBUG | .a.s.ParticipantScoreScheduleService : Scheduled task for exercise 3303 and participant 682 at 2025-02-14T23:47:33.090922840Z[Etc/UTC].
    23:47:33.007 | 446 ool-1-worker-210 | DEBUG | .c.s.m.InstanceMessageReceiveService : Received schedule participant score for exercise 3303 and participant 682 (result to be deleted: null)
    23:47:33.007 | 446 ool-1-worker-210 | DEBUG | .a.s.ParticipantScoreScheduleService : Scheduled task for exercise 3303 and participant 682 at 2025-02-14T23:47:33.107408376Z[Etc/UTC].
    23:47:33.008 | 446 ool-1-worker-210 | INFO  | i.z.t.d.l.EmbeddedDatabaseReporter   : JDBC URL to connect to 'dataSource': url='jdbc:h2:tcp://localhost:41063/mem:df70fc46-7e57-4cb5-9cd0-c1d90c14afa7;USER=sa', scope='ProgrammingAssessmentIntegrationTest#createManualProgrammingExerciseResult_IncludedCompletelyWithBonusPointsExercise'
    23:47:33.010 | 446 ool-1-worker-210 | DEBUG | d.t.c.a.a.c.s.f.ApiVersionFilter     : Adding Version to Request PUT /api/participations/2264/manual-results
    23:47:33.012 | 446 ool-1-worker-210 | DEBUG | .a.p.w.ProgrammingAssessmentResource : REST request to save a new result : Result{idnull, completionDate=null, successful=false, score=0.0, rated=true, assessmentType=SEMI_AUTOMATIC, hasComplaint=null, testCaseCount=0, passedTestCaseCount=0, codeIssueCount=0}
    23:47:33.028 | 446 ool-1-worker-210 | DEBUG | .c.s.m.InstanceMessageReceiveService : Received schedule participant score for exercise 3303 and participant 682 (result to be deleted: null)
    23:47:33.028 | 446 ool-1-worker-210 | DEBUG | .a.s.ParticipantScoreScheduleService : Scheduled task for exercise 3303 and participant 682 at 2025-02-14T23:47:33.128822792Z[Etc/UTC].
    23:47:33.043 | 446 ool-1-worker-210 | DEBUG | .c.s.m.InstanceMessageReceiveService : Received schedule participant score for exercise 3303 and participant 682 (result to be deleted: null)
    23:47:33.043 | 446 ool-1-worker-210 | DEBUG | .a.s.ParticipantScoreScheduleService : Scheduled task for exercise 3303 and participant 682 at 2025-02-14T23:47:33.143420757Z[Etc/UTC].
    23:47:33.051 | 446 ool-1-worker-210 | DEBUG | .c.s.m.InstanceMessageReceiveService : Received schedule participant score for exercise 3303 and participant 682 (result to be deleted: null)
    23:47:33.051 | 446 ool-1-worker-210 | DEBUG | .a.s.ParticipantScoreScheduleService : Scheduled task for exercise 3303 and participant 682 at 2025-02-14T23:47:33.151216956Z[Etc/UTC].
    23:47:33.071 | 446 ool-1-worker-210 | DEBUG | d.t.c.a.a.c.s.f.ApiVersionFilter     : Adding Version to Request PUT /api/participations/2264/manual-results
    23:47:33.072 | 446 ool-1-worker-210 | DEBUG | .a.p.w.ProgrammingAssessmentResource : REST request to save a new result : Result{idnull, completionDate=null, successful=false, score=0.0, rated=true, assessmentType=SEMI_AUTOMATIC, hasComplaint=null, testCaseCount=0, passedTestCaseCount=0, codeIssueCount=0}
    23:47:33.075 | 664 taskScheduler-2  | DEBUG | .a.s.ParticipantScoreScheduleService : Processing exercise 3303 and participant 681 to update participant scores.
    23:47:33.088 | 664 taskScheduler-2  | DEBUG | .a.s.ParticipantScoreScheduleService : Updated participant score 91.
    23:47:33.089 | 446 ool-1-worker-210 | DEBUG | .c.s.m.InstanceMessageReceiveService : Received schedule participant score for exercise 3303 and participant 682 (result to be deleted: null)
    23:47:33.089 | 446 ool-1-worker-210 | DEBUG | .a.s.ParticipantScoreScheduleService : Scheduled task for exercise 3303 and participant 682 at 2025-02-14T23:47:33.189134149Z[Etc/UTC].
    23:47:33.091 | 664 taskScheduler-2  | DEBUG | .a.s.ParticipantScoreScheduleService : Updating the participant score for exercise 3303 and participant 681 took 16 ms.
    23:47:33.099 | 446 ool-1-worker-210 | DEBUG | .c.s.m.InstanceMessageReceiveService : Received schedule participant score for exercise 3303 and participant 682 (result to be deleted: null)
    23:47:33.099 | 446 ool-1-worker-210 | DEBUG | .a.s.ParticipantScoreScheduleService : Scheduled task for exercise 3303 and participant 682 at 2025-02-14T23:47:33.199668876Z[Etc/UTC].
    23:47:33.102 | 446 ool-1-worker-210 | DEBUG | .c.s.m.InstanceMessageReceiveService : Received schedule participant score for exercise 3303 and participant 682 (result to be deleted: null)
    23:47:33.102 | 446 ool-1-worker-210 | DEBUG | .a.s.ParticipantScoreScheduleService : Scheduled task for exercise 3303 and participant 682 at 2025-02-14T23:47:33.202788444Z[Etc/UTC].
    23:47:33.113 | 446 ool-1-worker-210 | DEBUG | d.t.c.a.a.c.s.f.ApiVersionFilter     : Adding Version to Request PUT /api/participations/2264/manual-results
    23:47:33.114 | 446 ool-1-worker-210 | DEBUG | .a.p.w.ProgrammingAssessmentResource : REST request to save a new result : Result{idnull, completionDate=null, successful=false, score=0.0, rated=true, assessmentType=SEMI_AUTOMATIC, hasComplaint=null, testCaseCount=0, passedTestCaseCount=0, codeIssueCount=0}
    23:47:33.122 | 446 ool-1-worker-210 | DEBUG | .c.s.m.InstanceMessageReceiveService : Received schedule participant score for exercise 3303 and participant 682 (result to be deleted: null)
    23:47:33.122 | 446 ool-1-worker-210 | DEBUG | .a.s.ParticipantScoreScheduleService : Scheduled task for exercise 3303 and participant 682 at 2025-02-14T23:47:33.222537735Z[Etc/UTC].
    23:47:33.132 | 446 ool-1-worker-210 | DEBUG | .c.s.m.InstanceMessageReceiveService : Received schedule participant score for exercise 3303 and participant 682 (result to be deleted: null)
    23:47:33.132 | 446 ool-1-worker-210 | DEBUG | .a.s.ParticipantScoreScheduleService : Scheduled task for exercise 3303 and participant 682 at 2025-02-14T23:47:33.232972195Z[Etc/UTC].
    23:47:33.135 | 446 ool-1-worker-210 | DEBUG | .c.s.m.InstanceMessageReceiveService : Received schedule participant score for exercise 3303 and participant 682 (result to be deleted: null)
    23:47:33.135 | 446 ool-1-worker-210 | DEBUG | .a.s.ParticipantScoreScheduleService : Scheduled task for exercise 3303 and participant 682 at 2025-02-14T23:47:33.235589316Z[Etc/UTC].
    23:47:33.145 | 446 ool-1-worker-210 | DEBUG | d.t.c.a.a.c.s.f.ApiVersionFilter     : Adding Version to Request PUT /api/participations/2264/manual-results
    23:47:33.146 | 446 ool-1-worker-210 | DEBUG | .a.p.w.ProgrammingAssessmentResource : REST request to save a new result : Result{idnull, completionDate=null, successful=false, score=50.0, rated=true, assessmentType=SEMI_AUTOMATIC, hasComplaint=null, testCaseCount=0, passedTestCaseCount=0, codeIssueCount=0}
    23:47:33.154 | 446 ool-1-worker-210 | DEBUG | .c.s.m.InstanceMessageReceiveService : Received schedule participant score for exercise 3303 and participant 682 (result to be deleted: null)
    23:47:33.154 | 446 ool-1-worker-210 | DEBUG | .a.s.ParticipantScoreScheduleService : Scheduled task for exercise 3303 and participant 682 at 2025-02-14T23:47:33.254781738Z[Etc/UTC].
    23:47:33.166 | 446 ool-1-worker-210 | DEBUG | .c.s.m.InstanceMessageReceiveService : Received schedule participant score for exercise 3303 and participant 682 (result to be deleted: null)
    23:47:33.166 | 446 ool-1-worker-210 | DEBUG | .a.s.ParticipantScoreScheduleService : Scheduled task for exercise 3303 and participant 682 at 2025-02-14T23:47:33.266862729Z[Etc/UTC].
    23:47:33.169 | 446 ool-1-worker-210 | DEBUG | .c.s.m.InstanceMessageReceiveService : Received schedule participant score for exercise 3303 and participant 682 (result to be deleted: null)
    23:47:33.169 | 446 ool-1-worker-210 | DEBUG | .a.s.ParticipantScoreScheduleService : Scheduled task for exercise 3303 and participant 682 at 2025-02-14T23:47:33.269593932Z[Etc/UTC].
    23:47:33.179 | 446 ool-1-worker-210 | DEBUG | d.t.c.a.a.c.s.f.ApiVersionFilter     : Adding Version to Request PUT /api/participations/2264/manual-results
    23:47:33.181 | 446 ool-1-worker-210 | DEBUG | .a.p.w.ProgrammingAssessmentResource : REST request to save a new result : Result{idnull, completionDate=null, successful=true, score=100.0, rated=true, assessmentType=SEMI_AUTOMATIC, hasComplaint=null, testCaseCount=0, passedTestCaseCount=0, codeIssueCount=0}
    23:47:33.204 | 446 ool-1-worker-210 | DEBUG | .c.s.m.InstanceMessageReceiveService : Received schedule participant score for exercise 3303 and participant 682 (result to be deleted: null)
    23:47:33.205 | 446 ool-1-worker-210 | DEBUG | .a.s.ParticipantScoreScheduleService : Scheduled task for exercise 3303 and participant 682 at 2025-02-14T23:47:33.305048032Z[Etc/UTC].
    23:47:33.221 | 446 ool-1-worker-210 | DEBUG | .c.s.m.InstanceMessageReceiveService : Received schedule participant score for exercise 3303 and participant 682 (result to be deleted: null)
    23:47:33.221 | 446 ool-1-worker-210 | DEBUG | .a.s.ParticipantScoreScheduleService : Scheduled task for exercise 3303 and participant 682 at 2025-02-14T23:47:33.321233417Z[Etc/UTC].
    23:47:33.223 | 446 ool-1-worker-210 | DEBUG | .c.s.m.InstanceMessageReceiveService : Received schedule participant score for exercise 3303 and participant 682 (result to be deleted: null)
    23:47:33.223 | 446 ool-1-worker-210 | DEBUG | .a.s.ParticipantScoreScheduleService : Scheduled task for exercise 3303 and participant 682 at 2025-02-14T23:47:33.323945064Z[Etc/UTC].
    23:47:33.234 | 446 ool-1-worker-210 | DEBUG | d.t.c.a.a.c.s.f.ApiVersionFilter     : Adding Version to Request PUT /api/participations/2264/manual-results
    23:47:33.235 | 446 ool-1-worker-210 | DEBUG | .a.p.w.ProgrammingAssessmentResource : REST request to save a new result : Result{idnull, completionDate=null, successful=true, score=150.0, rated=true, assessmentType=SEMI_AUTOMATIC, hasComplaint=null, testCaseCount=0, passedTestCaseCount=0, codeIssueCount=0}
    23:47:33.243 | 446 ool-1-worker-210 | DEBUG | .c.s.m.InstanceMessageReceiveService : Received schedule participant score for exercise 3303 and participant 682 (result to be deleted: null)
    23:47:33.244 | 446 ool-1-worker-210 | DEBUG | .a.s.ParticipantScoreScheduleService : Scheduled task for exercise 3303 and participant 682 at 2025-02-14T23:47:33.344003945Z[Etc/UTC].
    23:47:33.258 | 446 ool-1-worker-210 | DEBUG | .c.s.m.InstanceMessageReceiveService : Received schedule participant score for exercise 3303 and participant 682 (result to be deleted: null)
    23:47:33.258 | 446 ool-1-worker-210 | DEBUG | .a.s.ParticipantScoreScheduleService : Scheduled task for exercise 3303 and participant 682 at 2025-02-14T23:47:33.358614713Z[Etc/UTC].
    23:47:33.261 | 446 ool-1-worker-210 | DEBUG | .c.s.m.InstanceMessageReceiveService : Received schedule participant score for exercise 3303 and participant 682 (result to be deleted: null)
    23:47:33.261 | 446 ool-1-worker-210 | DEBUG | .a.s.ParticipantScoreScheduleService : Scheduled task for exercise 3303 and participant 682 at 2025-02-14T23:47:33.361233647Z[Etc/UTC].
    23:47:33.274 | 446 ool-1-worker-210 | DEBUG | d.t.c.a.a.c.s.f.ApiVersionFilter     : Adding Version to Request PUT /api/participations/2264/manual-results
    23:47:33.275 | 446 ool-1-worker-210 | DEBUG | .a.p.w.ProgrammingAssessmentResource : REST request to save a new result : Result{idnull, completionDate=null, successful=true, score=200.0, rated=true, assessmentType=SEMI_AUTOMATIC, hasComplaint=null, testCaseCount=0, passedTestCaseCount=0, codeIssueCount=0}
    23:47:33.285 | 446 ool-1-worker-210 | DEBUG | .c.s.m.InstanceMessageReceiveService : Received schedule participant score for exercise 3303 and participant 682 (result to be deleted: null)
    23:47:33.285 | 446 ool-1-worker-210 | DEBUG | .a.s.ParticipantScoreScheduleService : Scheduled task for exercise 3303 and participant 682 at 2025-02-14T23:47:33.385233756Z[Etc/UTC].
    23:47:33.301 | 446 ool-1-worker-210 | DEBUG | .c.s.m.InstanceMessageReceiveService : Received schedule participant score for exercise 3303 and participant 682 (result to be deleted: null)
    23:47:33.301 | 446 ool-1-worker-210 | DEBUG | .a.s.ParticipantScoreScheduleService : Scheduled task for exercise 3303 and participant 682 at 2025-02-14T23:47:33.401367695Z[Etc/UTC].
    23:47:33.304 | 446 ool-1-worker-210 | DEBUG | .c.s.m.InstanceMessageReceiveService : Received schedule participant score for exercise 3303 and participant 682 (result to be deleted: null)
    23:47:33.304 | 446 ool-1-worker-210 | DEBUG | .a.s.ParticipantScoreScheduleService : Scheduled task for exercise 3303 and participant 682 at 2025-02-14T23:47:33.404169230Z[Etc/UTC].
    23:47:33.320 | 446 ool-1-worker-210 | DEBUG | d.t.c.a.a.c.s.f.ApiVersionFilter     : Adding Version to Request PUT /api/participations/2264/manual-results
    23:47:33.321 | 446 ool-1-worker-210 | DEBUG | .a.p.w.ProgrammingAssessmentResource : REST request to save a new result : Result{idnull, completionDate=null, successful=true, score=200.0, rated=true, assessmentType=SEMI_AUTOMATIC, hasComplaint=null, testCaseCount=0, passedTestCaseCount=0, codeIssueCount=0}
    23:47:33.335 | 446 ool-1-worker-210 | DEBUG | .c.s.m.InstanceMessageReceiveService : Received schedule participant score for exercise 3303 and participant 682 (result to be deleted: null)
    23:47:33.335 | 446 ool-1-worker-210 | DEBUG | .a.s.ParticipantScoreScheduleService : Scheduled task for exercise 3303 and participant 682 at 2025-02-14T23:47:33.435209948Z[Etc/UTC].
    23:47:33.354 | 446 ool-1-worker-210 | DEBUG | .c.s.m.InstanceMessageReceiveService : Received schedule participant score for exercise 3303 and participant 682 (result to be deleted: null)
    23:47:33.354 | 446 ool-1-worker-210 | DEBUG | .a.s.ParticipantScoreScheduleService : Scheduled task for exercise 3303 and participant 682 at 2025-02-14T23:47:33.454931027Z[Etc/UTC].
    23:47:33.358 | 446 ool-1-worker-210 | DEBUG | .c.s.m.InstanceMessageReceiveService : Received schedule participant score for exercise 3303 and participant 682 (result to be deleted: null)
    23:47:33.358 | 446 ool-1-worker-210 | DEBUG | .a.s.ParticipantScoreScheduleService : Scheduled task for exercise 3303 and participant 682 at 2025-02-14T23:47:33.458900189Z[Etc/UTC].

  Starting logs for ProgrammingAssessmentIntegrationTest > updateAssessmentAfterComplaint_sameAsAssessor_forbidden()
    23:47:33.389 | 446 ool-1-worker-210 | DEBUG | d.t.c.a.a.c.u.util.UserUtilService   : Generate 3 students...
    23:47:33.395 | 446 ool-1-worker-210 | DEBUG | d.t.c.a.a.c.u.util.UserUtilService   : 3 students generated. Generate 2 tutors...
    23:47:33.399 | 446 ool-1-worker-210 | DEBUG | d.t.c.a.a.c.u.util.UserUtilService   : 2 tutors generated. Generate 0 editors...
    23:47:33.400 | 446 ool-1-worker-210 | DEBUG | d.t.c.a.a.c.u.util.UserUtilService   : 0 editors generated. Generate 2 instructors...
    23:47:33.404 | 446 ool-1-worker-210 | DEBUG | d.t.c.a.a.c.u.util.UserUtilService   : 2 instructors generated
    23:47:33.406 | 446 ool-1-worker-210 | DEBUG | d.t.c.a.a.c.u.util.UserUtilService   : Removing 7 users from all courses...
    23:47:33.407 | 446 ool-1-worker-210 | DEBUG | d.t.c.a.a.c.u.util.UserUtilService   : Removing 7 users from all courses. Done
    23:47:33.407 | 446 ool-1-worker-210 | DEBUG | d.t.c.a.a.c.u.util.UserUtilService   : Save 7 users to database...
    23:47:33.413 | 446 ool-1-worker-210 | DEBUG | d.t.c.a.a.c.u.util.UserUtilService   : Save 7 users to database. Done
    23:47:33.443 | 446 ool-1-worker-210 | DEBUG | .c.s.m.InstanceMessageReceiveService : Received schedule participant score for exercise 3304 and participant 681 (result to be deleted: null)
    23:47:33.443 | 446 ool-1-worker-210 | DEBUG | .a.s.ParticipantScoreScheduleService : Scheduled task for exercise 3304 and participant 681 at 2025-02-14T23:47:33.543286785Z[Etc/UTC].
    23:47:33.455 | 446 ool-1-worker-210 | DEBUG | .c.s.m.InstanceMessageReceiveService : Received schedule participant score for exercise 3304 and participant 681 (result to be deleted: null)
    23:47:33.455 | 446 ool-1-worker-210 | DEBUG | .a.s.ParticipantScoreScheduleService : Scheduled task for exercise 3304 and participant 681 at 2025-02-14T23:47:33.555414924Z[Etc/UTC].
    23:47:33.459 | 446 ool-1-worker-210 | DEBUG | PersonalAccessTokenManagementService : Generate secure vcs access token
    23:47:33.462 | 446 ool-1-worker-210 | DEBUG | .c.s.m.InstanceMessageReceiveService : Received schedule participant score for exercise 3304 and participant 682 (result to be deleted: null)
    23:47:33.462 | 446 ool-1-worker-210 | DEBUG | .a.s.ParticipantScoreScheduleService : Scheduled task for exercise 3304 and participant 682 at 2025-02-14T23:47:33.562094751Z[Etc/UTC].
    23:47:33.469 | 446 ool-1-worker-210 | DEBUG | .c.s.m.InstanceMessageReceiveService : Received schedule participant score for exercise 3304 and participant 682 (result to be deleted: null)
    23:47:33.469 | 446 ool-1-worker-210 | DEBUG | .a.s.ParticipantScoreScheduleService : Scheduled task for exercise 3304 and participant 682 at 2025-02-14T23:47:33.569711856Z[Etc/UTC].
    23:47:33.482 | 446 ool-1-worker-210 | DEBUG | .c.s.m.InstanceMessageReceiveService : Received schedule participant score for exercise 3304 and participant 682 (result to be deleted: null)
    23:47:33.483 | 446 ool-1-worker-210 | DEBUG | .a.s.ParticipantScoreScheduleService : Scheduled task for exercise 3304 and participant 682 at 2025-02-14T23:47:33.583012702Z[Etc/UTC].
    23:47:33.483 | 446 ool-1-worker-210 | INFO  | i.z.t.d.l.EmbeddedDatabaseReporter   : JDBC URL to connect to 'dataSource': url='jdbc:h2:tcp://localhost:41063/mem:df70fc46-7e57-4cb5-9cd0-c1d90c14afa7;USER=sa', scope='ProgrammingAssessmentIntegrationTest#updateAssessmentAfterComplaint_sameAsAssessor_forbidden'
    23:47:33.487 | 446 ool-1-worker-210 | DEBUG | d.t.c.a.a.c.s.f.ApiVersionFilter     : Adding Version to Request PUT /api/programming-submissions/1755/assessment-after-complaint
    23:47:33.488 | 446 ool-1-worker-210 | DEBUG | .a.p.w.ProgrammingAssessmentResource : REST request to update the assessment of manual result for submission 1755 after complaint.
    23:47:33.494 | 446 ool-1-worker-210 | WARN  | o.z.p.spring.common.AdviceTraits     : Forbidden: Insufficient permission for resolving the complaint

  Starting logs for ProgrammingAssessmentIntegrationTest > testOverrideAssessment_submitInstructorPossible()
    23:47:33.511 | 446 ool-1-worker-210 | DEBUG | d.t.c.a.a.c.u.util.UserUtilService   : Generate 3 students...
    23:47:33.516 | 446 ool-1-worker-210 | DEBUG | d.t.c.a.a.c.u.util.UserUtilService   : 3 students generated. Generate 2 tutors...
    23:47:33.520 | 446 ool-1-worker-210 | DEBUG | d.t.c.a.a.c.u.util.UserUtilService   : 2 tutors generated. Generate 0 editors...
    23:47:33.522 | 446 ool-1-worker-210 | DEBUG | d.t.c.a.a.c.u.util.UserUtilService   : 0 editors generated. Generate 2 instructors...
    23:47:33.526 | 446 ool-1-worker-210 | DEBUG | d.t.c.a.a.c.u.util.UserUtilService   : 2 instructors generated
    23:47:33.528 | 446 ool-1-worker-210 | DEBUG | d.t.c.a.a.c.u.util.UserUtilService   : Removing 7 users from all courses...
    23:47:33.529 | 446 ool-1-worker-210 | DEBUG | d.t.c.a.a.c.u.util.UserUtilService   : Removing 7 users from all courses. Done
    23:47:33.529 | 446 ool-1-worker-210 | DEBUG | d.t.c.a.a.c.u.util.UserUtilService   : Save 7 users to database...
    23:47:33.534 | 446 ool-1-worker-210 | DEBUG | d.t.c.a.a.c.u.util.UserUtilService   : Save 7 users to database. Done
    23:47:33.582 | 446 ool-1-worker-210 | DEBUG | .c.s.m.InstanceMessageReceiveService : Received schedule participant score for exercise 3305 and participant 681 (result to be deleted: null)
    23:47:33.582 | 446 ool-1-worker-210 | DEBUG | .a.s.ParticipantScoreScheduleService : Scheduled task for exercise 3305 and participant 681 at 2025-02-14T23:47:33.682456996Z[Etc/UTC].
    23:47:33.607 | 446 ool-1-worker-210 | DEBUG | .c.s.m.InstanceMessageReceiveService : Received schedule participant score for exercise 3305 and participant 681 (result to be deleted: null)
    23:47:33.607 | 446 ool-1-worker-210 | DEBUG | .a.s.ParticipantScoreScheduleService : Scheduled task for exercise 3305 and participant 681 at 2025-02-14T23:47:33.707360811Z[Etc/UTC].
    23:47:33.614 | 446 ool-1-worker-210 | DEBUG | PersonalAccessTokenManagementService : Generate secure vcs access token
    23:47:33.619 | 446 ool-1-worker-210 | DEBUG | .c.s.m.InstanceMessageReceiveService : Received schedule participant score for exercise 3305 and participant 682 (result to be deleted: null)
    23:47:33.619 | 446 ool-1-worker-210 | DEBUG | .a.s.ParticipantScoreScheduleService : Scheduled task for exercise 3305 and participant 682 at 2025-02-14T23:47:33.719646335Z[Etc/UTC].
    23:47:33.634 | 446 ool-1-worker-210 | DEBUG | .c.s.m.InstanceMessageReceiveService : Received schedule participant score for exercise 3305 and participant 682 (result to be deleted: null)
    23:47:33.634 | 446 ool-1-worker-210 | DEBUG | .a.s.ParticipantScoreScheduleService : Scheduled task for exercise 3305 and participant 682 at 2025-02-14T23:47:33.734571269Z[Etc/UTC].
    23:47:33.649 | 446 ool-1-worker-210 | DEBUG | .c.s.m.InstanceMessageReceiveService : Received schedule participant score for exercise 3305 and participant 682 (result to be deleted: null)
    23:47:33.649 | 446 ool-1-worker-210 | DEBUG | .a.s.ParticipantScoreScheduleService : Scheduled task for exercise 3305 and participant 682 at 2025-02-14T23:47:33.749144267Z[Etc/UTC].
    23:47:33.650 | 446 ool-1-worker-210 | INFO  | i.z.t.d.l.EmbeddedDatabaseReporter   : JDBC URL to connect to 'dataSource': url='jdbc:h2:tcp://localhost:41063/mem:df70fc46-7e57-4cb5-9cd0-c1d90c14afa7;USER=sa', scope='ProgrammingAssessmentIntegrationTest#testOverrideAssessment_submitInstructorPossible'
    23:47:33.651 | 446 ool-1-worker-210 | DEBUG | d.t.c.a.a.c.s.f.ApiVersionFilter     : Adding Version to Request PUT /api/participations/2271/manual-results
    23:47:33.653 | 446 ool-1-worker-210 | DEBUG | .a.p.w.ProgrammingAssessmentResource : REST request to save a new result : Result{id1330, completionDate=2025-02-14T23:47:33.650291988Z, successful=false, score=75.0, rated=true, assessmentType=SEMI_AUTOMATIC, hasComplaint=null, testCaseCount=0, passedTestCaseCount=0, codeIssueCount=0}
    23:47:33.661 | 446 ool-1-worker-210 | DEBUG | .c.s.m.InstanceMessageReceiveService : Received schedule participant score for exercise 3305 and participant 681 (result to be deleted: null)
    23:47:33.661 | 446 ool-1-worker-210 | DEBUG | .a.s.ParticipantScoreScheduleService : Scheduled task for exercise 3305 and participant 681 at 2025-02-14T23:47:33.761622869Z[Etc/UTC].
    23:47:33.671 | 446 ool-1-worker-210 | DEBUG | .c.s.m.InstanceMessageReceiveService : Received schedule participant score for exercise 3305 and participant 681 (result to be deleted: null)
    23:47:33.672 | 446 ool-1-worker-210 | DEBUG | .a.s.ParticipantScoreScheduleService : Scheduled task for exercise 3305 and participant 681 at 2025-02-14T23:47:33.772007917Z[Etc/UTC].

  Starting logs for ProgrammingAssessmentIntegrationTest > updateManualProgrammingExerciseResult_addFeedbackAfterManualLongFeedback()
    23:47:33.718 | 446 ool-1-worker-210 | DEBUG | d.t.c.a.a.c.u.util.UserUtilService   : Generate 3 students...
    23:47:33.731 | 446 ool-1-worker-210 | DEBUG | d.t.c.a.a.c.u.util.UserUtilService   : 3 students generated. Generate 2 tutors...
    23:47:33.741 | 446 ool-1-worker-210 | DEBUG | d.t.c.a.a.c.u.util.UserUtilService   : 2 tutors generated. Generate 0 editors...
    23:47:33.742 | 446 ool-1-worker-210 | DEBUG | d.t.c.a.a.c.u.util.UserUtilService   : 0 editors generated. Generate 2 instructors...
    23:47:33.752 | 446 ool-1-worker-210 | DEBUG | d.t.c.a.a.c.u.util.UserUtilService   : 2 instructors generated
    23:47:33.758 | 446 ool-1-worker-210 | DEBUG | d.t.c.a.a.c.u.util.UserUtilService   : Removing 7 users from all courses...
    23:47:33.760 | 446 ool-1-worker-210 | DEBUG | d.t.c.a.a.c.u.util.UserUtilService   : Removing 7 users from all courses. Done
    23:47:33.760 | 446 ool-1-worker-210 | DEBUG | d.t.c.a.a.c.u.util.UserUtilService   : Save 7 users to database...
    23:47:33.768 | 446 ool-1-worker-210 | DEBUG | d.t.c.a.a.c.u.util.UserUtilService   : Save 7 users to database. Done
    23:47:33.795 | 446 ool-1-worker-210 | DEBUG | .c.s.m.InstanceMessageReceiveService : Received schedule participant score for exercise 3306 and participant 681 (result to be deleted: null)
    23:47:33.795 | 446 ool-1-worker-210 | DEBUG | .a.s.ParticipantScoreScheduleService : Scheduled task for exercise 3306 and participant 681 at 2025-02-14T23:47:33.895469666Z[Etc/UTC].
    23:47:33.808 | 446 ool-1-worker-210 | DEBUG | .c.s.m.InstanceMessageReceiveService : Received schedule participant score for exercise 3306 and participant 681 (result to be deleted: null)
    23:47:33.808 | 446 ool-1-worker-210 | DEBUG | .a.s.ParticipantScoreScheduleService : Scheduled task for exercise 3306 and participant 681 at 2025-02-14T23:47:33.908152579Z[Etc/UTC].
    23:47:33.812 | 446 ool-1-worker-210 | DEBUG | PersonalAccessTokenManagementService : Generate secure vcs access token
    23:47:33.815 | 446 ool-1-worker-210 | DEBUG | .c.s.m.InstanceMessageReceiveService : Received schedule participant score for exercise 3306 and participant 682 (result to be deleted: null)
    23:47:33.815 | 446 ool-1-worker-210 | DEBUG | .a.s.ParticipantScoreScheduleService : Scheduled task for exercise 3306 and participant 682 at 2025-02-14T23:47:33.915520947Z[Etc/UTC].
    23:47:33.823 | 446 ool-1-worker-210 | DEBUG | .c.s.m.InstanceMessageReceiveService : Received schedule participant score for exercise 3306 and participant 682 (result to be deleted: null)
    23:47:33.823 | 446 ool-1-worker-210 | DEBUG | .a.s.ParticipantScoreScheduleService : Scheduled task for exercise 3306 and participant 682 at 2025-02-14T23:47:33.923736248Z[Etc/UTC].
    23:47:33.840 | 446 ool-1-worker-210 | DEBUG | .c.s.m.InstanceMessageReceiveService : Received schedule participant score for exercise 3306 and participant 682 (result to be deleted: null)
    23:47:33.840 | 446 ool-1-worker-210 | DEBUG | .a.s.ParticipantScoreScheduleService : Scheduled task for exercise 3306 and participant 682 at 2025-02-14T23:47:33.940758774Z[Etc/UTC].
    23:47:33.841 | 446 ool-1-worker-210 | INFO  | i.z.t.d.l.EmbeddedDatabaseReporter   : JDBC URL to connect to 'dataSource': url='jdbc:h2:tcp://localhost:41063/mem:df70fc46-7e57-4cb5-9cd0-c1d90c14afa7;USER=sa', scope='ProgrammingAssessmentIntegrationTest#updateManualProgrammingExerciseResult_addFeedbackAfterManualLongFeedback'
    23:47:33.846 | 446 ool-1-worker-210 | DEBUG | PersonalAccessTokenManagementService : Generate secure vcs access token
    23:47:33.857 | 446 ool-1-worker-210 | DEBUG | .c.s.m.InstanceMessageReceiveService : Received schedule participant score for exercise 3306 and participant 682 (result to be deleted: null)
    23:47:33.858 | 446 ool-1-worker-210 | DEBUG | .a.s.ParticipantScoreScheduleService : Scheduled task for exercise 3306 and participant 682 at 2025-02-14T23:47:33.958034743Z[Etc/UTC].
    23:47:33.875 | 446 ool-1-worker-210 | DEBUG | .c.s.m.InstanceMessageReceiveService : Received schedule participant score for exercise 3306 and participant 681 (result to be deleted: null)
    23:47:33.875 | 446 ool-1-worker-210 | DEBUG | .a.s.ParticipantScoreScheduleService : Scheduled task for exercise 3306 and participant 681 at 2025-02-14T23:47:33.975463657Z[Etc/UTC].
    23:47:33.888 | 446 ool-1-worker-210 | DEBUG | .c.s.m.InstanceMessageReceiveService : Received schedule participant score for exercise 3306 and participant 681 (result to be deleted: null)
    23:47:33.888 | 446 ool-1-worker-210 | DEBUG | .a.s.ParticipantScoreScheduleService : Scheduled task for exercise 3306 and participant 681 at 2025-02-14T23:47:33.988925152Z[Etc/UTC].
    23:47:33.891 | 446 ool-1-worker-210 | DEBUG | d.t.c.a.a.c.s.f.ApiVersionFilter     : Adding Version to Request PUT /api/participations/2276/manual-results
    23:47:33.893 | 446 ool-1-worker-210 | DEBUG | .a.p.w.ProgrammingAssessmentResource : REST request to save a new result : Result{id1334, completionDate=null, successful=false, score=2.0, rated=true, assessmentType=SEMI_AUTOMATIC, hasComplaint=null, testCaseCount=0, passedTestCaseCount=0, codeIssueCount=0}
    23:47:33.903 | 446 ool-1-worker-210 | DEBUG | .c.s.m.InstanceMessageReceiveService : Received schedule participant score for exercise 3306 and participant 682 (result to be deleted: null)
    23:47:33.903 | 446 ool-1-worker-210 | DEBUG | .a.s.ParticipantScoreScheduleService : Scheduled task for exercise 3306 and participant 682 at 2025-02-14T23:47:34.003889950Z[Etc/UTC].
    23:47:33.920 | 446 ool-1-worker-210 | DEBUG | .c.s.m.InstanceMessageReceiveService : Received schedule participant score for exercise 3306 and participant 682 (result to be deleted: null)
    23:47:33.920 | 446 ool-1-worker-210 | DEBUG | .a.s.ParticipantScoreScheduleService : Scheduled task for exercise 3306 and participant 682 at 2025-02-14T23:47:34.020516648Z[Etc/UTC].

  Starting logs for ProgrammingAssessmentIntegrationTest > createManualProgrammingExerciseResult_NotIncludedExercise()
    23:47:33.957 | 446 ool-1-worker-210 | DEBUG | d.t.c.a.a.c.u.util.UserUtilService   : Generate 3 students...
    23:47:33.971 | 446 ool-1-worker-210 | DEBUG | d.t.c.a.a.c.u.util.UserUtilService   : 3 students generated. Generate 2 tutors...
    23:47:33.980 | 446 ool-1-worker-210 | DEBUG | d.t.c.a.a.c.u.util.UserUtilService   : 2 tutors generated. Generate 0 editors...
    23:47:33.982 | 446 ool-1-worker-210 | DEBUG | d.t.c.a.a.c.u.util.UserUtilService   : 0 editors generated. Generate 2 instructors...
    23:47:33.988 | 446 ool-1-worker-210 | DEBUG | d.t.c.a.a.c.u.util.UserUtilService   : 2 instructors generated
    23:47:33.992 | 446 ool-1-worker-210 | DEBUG | d.t.c.a.a.c.u.util.UserUtilService   : Removing 7 users from all courses...
    23:47:33.995 | 446 ool-1-worker-210 | DEBUG | d.t.c.a.a.c.u.util.UserUtilService   : Removing 7 users from all courses. Done
    23:47:33.995 | 446 ool-1-worker-210 | DEBUG | d.t.c.a.a.c.u.util.UserUtilService   : Save 7 users to database...
    23:47:34.006 | 446 ool-1-worker-210 | DEBUG | d.t.c.a.a.c.u.util.UserUtilService   : Save 7 users to database. Done
    23:47:34.034 | 446 ool-1-worker-210 | DEBUG | .c.s.m.InstanceMessageReceiveService : Received schedule participant score for exercise 3307 and participant 681 (result to be deleted: null)
    23:47:34.034 | 446 ool-1-worker-210 | DEBUG | .a.s.ParticipantScoreScheduleService : Scheduled task for exercise 3307 and participant 681 at 2025-02-14T23:47:34.134309916Z[Etc/UTC].
    23:47:34.047 | 446 ool-1-worker-210 | DEBUG | .c.s.m.InstanceMessageReceiveService : Received schedule participant score for exercise 3307 and participant 681 (result to be deleted: null)
    23:47:34.047 | 446 ool-1-worker-210 | DEBUG | .a.s.ParticipantScoreScheduleService : Scheduled task for exercise 3307 and participant 681 at 2025-02-14T23:47:34.147803871Z[Etc/UTC].
    23:47:34.051 | 446 ool-1-worker-210 | DEBUG | PersonalAccessTokenManagementService : Generate secure vcs access token
    23:47:34.054 | 446 ool-1-worker-210 | DEBUG | .c.s.m.InstanceMessageReceiveService : Received schedule participant score for exercise 3307 and participant 682 (result to be deleted: null)
    23:47:34.054 | 446 ool-1-worker-210 | DEBUG | .a.s.ParticipantScoreScheduleService : Scheduled task for exercise 3307 and participant 682 at 2025-02-14T23:47:34.154518814Z[Etc/UTC].
    23:47:34.062 | 446 ool-1-worker-210 | DEBUG | .c.s.m.InstanceMessageReceiveService : Received schedule participant score for exercise 3307 and participant 682 (result to be deleted: null)
    23:47:34.062 | 446 ool-1-worker-210 | DEBUG | .a.s.ParticipantScoreScheduleService : Scheduled task for exercise 3307 and participant 682 at 2025-02-14T23:47:34.162889204Z[Etc/UTC].
    23:47:34.076 | 446 ool-1-worker-210 | DEBUG | .c.s.m.InstanceMessageReceiveService : Received schedule participant score for exercise 3307 and participant 682 (result to be deleted: null)
    23:47:34.076 | 446 ool-1-worker-210 | DEBUG | .a.s.ParticipantScoreScheduleService : Scheduled task for exercise 3307 and participant 682 at 2025-02-14T23:47:34.176903450Z[Etc/UTC].
    23:47:34.077 | 446 ool-1-worker-210 | INFO  | i.z.t.d.l.EmbeddedDatabaseReporter   : JDBC URL to connect to 'dataSource': url='jdbc:h2:tcp://localhost:41063/mem:df70fc46-7e57-4cb5-9cd0-c1d90c14afa7;USER=sa', scope='ProgrammingAssessmentIntegrationTest#createManualProgrammingExerciseResult_NotIncludedExercise'
    23:47:34.080 | 446 ool-1-worker-210 | DEBUG | d.t.c.a.a.c.s.f.ApiVersionFilter     : Adding Version to Request PUT /api/participations/2281/manual-results
    23:47:34.082 | 446 ool-1-worker-210 | DEBUG | .a.p.w.ProgrammingAssessmentResource : REST request to save a new result : Result{idnull, completionDate=null, successful=false, score=0.0, rated=true, assessmentType=SEMI_AUTOMATIC, hasComplaint=null, testCaseCount=0, passedTestCaseCount=0, codeIssueCount=0}
    23:47:34.089 | 446 ool-1-worker-210 | DEBUG | .c.s.m.InstanceMessageReceiveService : Received schedule participant score for exercise 3307 and participant 682 (result to be deleted: null)
    23:47:34.089 | 446 ool-1-worker-210 | DEBUG | .a.s.ParticipantScoreScheduleService : Scheduled task for exercise 3307 and participant 682 at 2025-02-14T23:47:34.189314185Z[Etc/UTC].
    23:47:34.095 | 446 ool-1-worker-210 | DEBUG | .c.s.m.InstanceMessageReceiveService : Received schedule participant score for exercise 3307 and participant 682 (result to be deleted: null)
    23:47:34.096 | 446 ool-1-worker-210 | DEBUG | .a.s.ParticipantScoreScheduleService : Scheduled task for exercise 3307 and participant 682 at 2025-02-14T23:47:34.195997950Z[Etc/UTC].
    23:47:34.098 | 446 ool-1-worker-210 | DEBUG | .c.s.m.InstanceMessageReceiveService : Received schedule participant score for exercise 3307 and participant 682 (result to be deleted: null)
    23:47:34.098 | 446 ool-1-worker-210 | DEBUG | .a.s.ParticipantScoreScheduleService : Scheduled task for exercise 3307 and participant 682 at 2025-02-14T23:47:34.198602548Z[Etc/UTC].
    23:47:34.112 | 446 ool-1-worker-210 | DEBUG | d.t.c.a.a.c.s.f.ApiVersionFilter     : Adding Version to Request PUT /api/participations/2281/manual-results
    23:47:34.113 | 446 ool-1-worker-210 | DEBUG | .a.p.w.ProgrammingAssessmentResource : REST request to save a new result : Result{idnull, completionDate=null, successful=false, score=0.0, rated=true, assessmentType=SEMI_AUTOMATIC, hasComplaint=null, testCaseCount=0, passedTestCaseCount=0, codeIssueCount=0}
    23:47:34.120 | 446 ool-1-worker-210 | DEBUG | .c.s.m.InstanceMessageReceiveService : Received schedule participant score for exercise 3307 and participant 682 (result to be deleted: null)
    23:47:34.121 | 446 ool-1-worker-210 | DEBUG | .a.s.ParticipantScoreScheduleService : Scheduled task for exercise 3307 and participant 682 at 2025-02-14T23:47:34.221005558Z[Etc/UTC].
    23:47:34.130 | 446 ool-1-worker-210 | DEBUG | .c.s.m.InstanceMessageReceiveService : Received schedule participant score for exercise 3307 and participant 682 (result to be deleted: null)
    23:47:34.130 | 446 ool-1-worker-210 | DEBUG | .a.s.ParticipantScoreScheduleService : Scheduled task for exercise 3307 and participant 682 at 2025-02-14T23:47:34.230706469Z[Etc/UTC].
    23:47:34.133 | 446 ool-1-worker-210 | DEBUG | .c.s.m.InstanceMessageReceiveService : Received schedule participant score for exercise 3307 and participant 682 (result to be deleted: null)
    23:47:34.133 | 446 ool-1-worker-210 | DEBUG | .a.s.ParticipantScoreScheduleService : Scheduled task for exercise 3307 and participant 682 at 2025-02-14T23:47:34.233604654Z[Etc/UTC].
    23:47:34.143 | 446 ool-1-worker-210 | DEBUG | d.t.c.a.a.c.s.f.ApiVersionFilter     : Adding Version to Request PUT /api/participations/2281/manual-results
    23:47:34.145 | 446 ool-1-worker-210 | DEBUG | .a.p.w.ProgrammingAssessmentResource : REST request to save a new result : Result{idnull, completionDate=null, successful=false, score=0.0, rated=true, assessmentType=SEMI_AUTOMATIC, hasComplaint=null, testCaseCount=0, passedTestCaseCount=0, codeIssueCount=0}
    23:47:34.149 | 665 taskScheduler-3  | DEBUG | .a.s.ParticipantScoreScheduleService : Processing exercise 3307 and participant 681 to update participant scores.
    23:47:34.153 | 446 ool-1-worker-210 | DEBUG | .c.s.m.InstanceMessageReceiveService : Received schedule participant score for exercise 3307 and participant 682 (result to be deleted: null)
    23:47:34.153 | 446 ool-1-worker-210 | DEBUG | .a.s.ParticipantScoreScheduleService : Scheduled task for exercise 3307 and participant 682 at 2025-02-14T23:47:34.253768338Z[Etc/UTC].
    23:47:34.156 | 665 taskScheduler-3  | DEBUG | .a.s.ParticipantScoreScheduleService : Updated participant score 92.
    23:47:34.160 | 665 taskScheduler-3  | DEBUG | .a.s.ParticipantScoreScheduleService : Updating the participant score for exercise 3307 and participant 681 took 11 ms.
    23:47:34.167 | 446 ool-1-worker-210 | DEBUG | .c.s.m.InstanceMessageReceiveService : Received schedule participant score for exercise 3307 and participant 682 (result to be deleted: null)
    23:47:34.167 | 446 ool-1-worker-210 | DEBUG | .a.s.ParticipantScoreScheduleService : Scheduled task for exercise 3307 and participant 682 at 2025-02-14T23:47:34.267926152Z[Etc/UTC].
    23:47:34.171 | 446 ool-1-worker-210 | DEBUG | .c.s.m.InstanceMessageReceiveService : Received schedule participant score for exercise 3307 and participant 682 (result to be deleted: null)
    23:47:34.171 | 446 ool-1-worker-210 | DEBUG | .a.s.ParticipantScoreScheduleService : Scheduled task for exercise 3307 and participant 682 at 2025-02-14T23:47:34.271195760Z[Etc/UTC].
    23:47:34.181 | 446 ool-1-worker-210 | DEBUG | d.t.c.a.a.c.s.f.ApiVersionFilter     : Adding Version to Request PUT /api/participations/2281/manual-results
    23:47:34.183 | 446 ool-1-worker-210 | DEBUG | .a.p.w.ProgrammingAssessmentResource : REST request to save a new result : Result{idnull, completionDate=null, successful=false, score=50.0, rated=true, assessmentType=SEMI_AUTOMATIC, hasComplaint=null, testCaseCount=0, passedTestCaseCount=0, codeIssueCount=0}
    23:47:34.192 | 446 ool-1-worker-210 | DEBUG | .c.s.m.InstanceMessageReceiveService : Received schedule participant score for exercise 3307 and participant 682 (result to be deleted: null)
    23:47:34.192 | 446 ool-1-worker-210 | DEBUG | .a.s.ParticipantScoreScheduleService : Scheduled task for exercise 3307 and participant 682 at 2025-02-14T23:47:34.292272256Z[Etc/UTC].
    23:47:34.203 | 446 ool-1-worker-210 | DEBUG | .c.s.m.InstanceMessageReceiveService : Received schedule participant score for exercise 3307 and participant 682 (result to be deleted: null)
    23:47:34.203 | 446 ool-1-worker-210 | DEBUG | .a.s.ParticipantScoreScheduleService : Scheduled task for exercise 3307 and participant 682 at 2025-02-14T23:47:34.303778034Z[Etc/UTC].
    23:47:34.206 | 446 ool-1-worker-210 | DEBUG | .c.s.m.InstanceMessageReceiveService : Received schedule participant score for exercise 3307 and participant 682 (result to be deleted: null)
    23:47:34.206 | 446 ool-1-worker-210 | DEBUG | .a.s.ParticipantScoreScheduleService : Scheduled task for exercise 3307 and participant 682 at 2025-02-14T23:47:34.306910756Z[Etc/UTC].
    23:47:34.217 | 446 ool-1-worker-210 | DEBUG | d.t.c.a.a.c.s.f.ApiVersionFilter     : Adding Version to Request PUT /api/participations/2281/manual-results
    23:47:34.218 | 446 ool-1-worker-210 | DEBUG | .a.p.w.ProgrammingAssessmentResource : REST request to save a new result : Result{idnull, completionDate=null, successful=true, score=100.0, rated=true, assessmentType=SEMI_AUTOMATIC, hasComplaint=null, testCaseCount=0, passedTestCaseCount=0, codeIssueCount=0}
    23:47:34.228 | 446 ool-1-worker-210 | DEBUG | .c.s.m.InstanceMessageReceiveService : Received schedule participant score for exercise 3307 and participant 682 (result to be deleted: null)
    23:47:34.228 | 446 ool-1-worker-210 | DEBUG | .a.s.ParticipantScoreScheduleService : Scheduled task for exercise 3307 and participant 682 at 2025-02-14T23:47:34.328401376Z[Etc/UTC].
    23:47:34.241 | 446 ool-1-worker-210 | DEBUG | .c.s.m.InstanceMessageReceiveService : Received schedule participant score for exercise 3307 and participant 682 (result to be deleted: null)
    23:47:34.241 | 446 ool-1-worker-210 | DEBUG | .a.s.ParticipantScoreScheduleService : Scheduled task for exercise 3307 and participant 682 at 2025-02-14T23:47:34.341381834Z[Etc/UTC].
    23:47:34.243 | 446 ool-1-worker-210 | DEBUG | .c.s.m.InstanceMessageReceiveService : Received schedule participant score for exercise 3307 and participant 682 (result to be deleted: null)
    23:47:34.243 | 446 ool-1-worker-210 | DEBUG | .a.s.ParticipantScoreScheduleService : Scheduled task for exercise 3307 and participant 682 at 2025-02-14T23:47:34.343894059Z[Etc/UTC].
    23:47:34.255 | 446 ool-1-worker-210 | DEBUG | d.t.c.a.a.c.s.f.ApiVersionFilter     : Adding Version to Request PUT /api/participations/2281/manual-results
    23:47:34.256 | 446 ool-1-worker-210 | DEBUG | .a.p.w.ProgrammingAssessmentResource : REST request to save a new result : Result{idnull, completionDate=null, successful=true, score=100.0, rated=true, assessmentType=SEMI_AUTOMATIC, hasComplaint=null, testCaseCount=0, passedTestCaseCount=0, codeIssueCount=0}
    23:47:34.264 | 446 ool-1-worker-210 | DEBUG | .c.s.m.InstanceMessageReceiveService : Received schedule participant score for exercise 3307 and participant 682 (result to be deleted: null)
    23:47:34.264 | 446 ool-1-worker-210 | DEBUG | .a.s.ParticipantScoreScheduleService : Scheduled task for exercise 3307 and participant 682 at 2025-02-14T23:47:34.364566441Z[Etc/UTC].
    23:47:34.280 | 446 ool-1-worker-210 | DEBUG | .c.s.m.InstanceMessageReceiveService : Received schedule participant score for exercise 3307 and participant 682 (result to be deleted: null)
    23:47:34.280 | 446 ool-1-worker-210 | DEBUG | .a.s.ParticipantScoreScheduleService : Scheduled task for exercise 3307 and participant 682 at 2025-02-14T23:47:34.380644778Z[Etc/UTC].
    23:47:34.283 | 446 ool-1-worker-210 | DEBUG | .c.s.m.InstanceMessageReceiveService : Received schedule participant score for exercise 3307 and participant 682 (result to be deleted: null)
    23:47:34.283 | 446 ool-1-worker-210 | DEBUG | .a.s.ParticipantScoreScheduleService : Scheduled task for exercise 3307 and participant 682 at 2025-02-14T23:47:34.383781859Z[Etc/UTC].

  Starting logs for ProgrammingAssessmentIntegrationTest > createManualProgrammingExerciseResult_manualResultsNotAllowed()
    23:47:34.308 | 446 ool-1-worker-210 | DEBUG | d.t.c.a.a.c.u.util.UserUtilService   : Generate 3 students...
    23:47:34.314 | 446 ool-1-worker-210 | DEBUG | d.t.c.a.a.c.u.util.UserUtilService   : 3 students generated. Generate 2 tutors...
    23:47:34.318 | 446 ool-1-worker-210 | DEBUG | d.t.c.a.a.c.u.util.UserUtilService   : 2 tutors generated. Generate 0 editors...
    23:47:34.319 | 446 ool-1-worker-210 | DEBUG | d.t.c.a.a.c.u.util.UserUtilService   : 0 editors generated. Generate 2 instructors...
    23:47:34.323 | 446 ool-1-worker-210 | DEBUG | d.t.c.a.a.c.u.util.UserUtilService   : 2 instructors generated
    23:47:34.326 | 446 ool-1-worker-210 | DEBUG | d.t.c.a.a.c.u.util.UserUtilService   : Removing 7 users from all courses...
    23:47:34.327 | 446 ool-1-worker-210 | DEBUG | d.t.c.a.a.c.u.util.UserUtilService   : Removing 7 users from all courses. Done
    23:47:34.327 | 446 ool-1-worker-210 | DEBUG | d.t.c.a.a.c.u.util.UserUtilService   : Save 7 users to database...
    23:47:34.333 | 446 ool-1-worker-210 | DEBUG | d.t.c.a.a.c.u.util.UserUtilService   : Save 7 users to database. Done
    23:47:34.359 | 446 ool-1-worker-210 | DEBUG | .c.s.m.InstanceMessageReceiveService : Received schedule participant score for exercise 3308 and participant 681 (result to be deleted: null)
    23:47:34.359 | 446 ool-1-worker-210 | DEBUG | .a.s.ParticipantScoreScheduleService : Scheduled task for exercise 3308 and participant 681 at 2025-02-14T23:47:34.459827650Z[Etc/UTC].
    23:47:34.372 | 446 ool-1-worker-210 | DEBUG | .c.s.m.InstanceMessageReceiveService : Received schedule participant score for exercise 3308 and participant 681 (result to be deleted: null)
    23:47:34.372 | 446 ool-1-worker-210 | DEBUG | .a.s.ParticipantScoreScheduleService : Scheduled task for exercise 3308 and participant 681 at 2025-02-14T23:47:34.472740542Z[Etc/UTC].
    23:47:34.376 | 446 ool-1-worker-210 | DEBUG | PersonalAccessTokenManagementService : Generate secure vcs access token
    23:47:34.378 | 446 ool-1-worker-210 | DEBUG | .c.s.m.InstanceMessageReceiveService : Received schedule participant score for exercise 3308 and participant 682 (result to be deleted: null)
    23:47:34.379 | 446 ool-1-worker-210 | DEBUG | .a.s.ParticipantScoreScheduleService : Scheduled task for exercise 3308 and participant 682 at 2025-02-14T23:47:34.478997681Z[Etc/UTC].
    23:47:34.386 | 446 ool-1-worker-210 | DEBUG | .c.s.m.InstanceMessageReceiveService : Received schedule participant score for exercise 3308 and participant 682 (result to be deleted: null)
    23:47:34.386 | 446 ool-1-worker-210 | DEBUG | .a.s.ParticipantScoreScheduleService : Scheduled task for exercise 3308 and participant 682 at 2025-02-14T23:47:34.486747374Z[Etc/UTC].
    23:47:34.398 | 446 ool-1-worker-210 | DEBUG | .c.s.m.InstanceMessageReceiveService : Received schedule participant score for exercise 3308 and participant 682 (result to be deleted: null)
    23:47:34.398 | 446 ool-1-worker-210 | DEBUG | .a.s.ParticipantScoreScheduleService : Scheduled task for exercise 3308 and participant 682 at 2025-02-14T23:47:34.498443837Z[Etc/UTC].
    23:47:34.399 | 446 ool-1-worker-210 | INFO  | i.z.t.d.l.EmbeddedDatabaseReporter   : JDBC URL to connect to 'dataSource': url='jdbc:h2:tcp://localhost:41063/mem:df70fc46-7e57-4cb5-9cd0-c1d90c14afa7;USER=sa', scope='ProgrammingAssessmentIntegrationTest#createManualProgrammingExerciseResult_manualResultsNotAllowed'
    23:47:34.404 | 446 ool-1-worker-210 | DEBUG | PersonalAccessTokenManagementService : Generate secure vcs access token
    23:47:34.408 | 446 ool-1-worker-210 | DEBUG | d.t.c.a.a.c.s.f.ApiVersionFilter     : Adding Version to Request PUT /api/participations/2285/manual-results
    23:47:34.409 | 446 ool-1-worker-210 | DEBUG | .a.p.w.ProgrammingAssessmentResource : REST request to save a new result : Result{idnull, completionDate=null, successful=false, score=90.0, rated=true, assessmentType=SEMI_AUTOMATIC, hasComplaint=null, testCaseCount=0, passedTestCaseCount=0, codeIssueCount=0}
    23:47:34.413 | 446 ool-1-worker-210 | WARN  | o.z.p.spring.common.AdviceTraits     : Forbidden: Creating manual results is disabled for this exercise!

  Starting logs for ProgrammingAssessmentIntegrationTest > createManualProgrammingExerciseResult_save()
    23:47:34.431 | 446 ool-1-worker-210 | DEBUG | d.t.c.a.a.c.u.util.UserUtilService   : Generate 3 students...
    23:47:34.436 | 446 ool-1-worker-210 | DEBUG | d.t.c.a.a.c.u.util.UserUtilService   : 3 students generated. Generate 2 tutors...
    23:47:34.441 | 446 ool-1-worker-210 | DEBUG | d.t.c.a.a.c.u.util.UserUtilService   : 2 tutors generated. Generate 0 editors...
    23:47:34.442 | 446 ool-1-worker-210 | DEBUG | d.t.c.a.a.c.u.util.UserUtilService   : 0 editors generated. Generate 2 instructors...
    23:47:34.446 | 446 ool-1-worker-210 | DEBUG | d.t.c.a.a.c.u.util.UserUtilService   : 2 instructors generated
    23:47:34.448 | 446 ool-1-worker-210 | DEBUG | d.t.c.a.a.c.u.util.UserUtilService   : Removing 7 users from all courses...
    23:47:34.449 | 446 ool-1-worker-210 | DEBUG | d.t.c.a.a.c.u.util.UserUtilService   : Removing 7 users from all courses. Done
    23:47:34.449 | 446 ool-1-worker-210 | DEBUG | d.t.c.a.a.c.u.util.UserUtilService   : Save 7 users to database...
    23:47:34.455 | 446 ool-1-worker-210 | DEBUG | d.t.c.a.a.c.u.util.UserUtilService   : Save 7 users to database. Done
    23:47:34.481 | 446 ool-1-worker-210 | DEBUG | .c.s.m.InstanceMessageReceiveService : Received schedule participant score for exercise 3309 and participant 681 (result to be deleted: null)
    23:47:34.481 | 446 ool-1-worker-210 | DEBUG | .a.s.ParticipantScoreScheduleService : Scheduled task for exercise 3309 and participant 681 at 2025-02-14T23:47:34.581544905Z[Etc/UTC].
    23:47:34.493 | 446 ool-1-worker-210 | DEBUG | .c.s.m.InstanceMessageReceiveService : Received schedule participant score for exercise 3309 and participant 681 (result to be deleted: null)
    23:47:34.493 | 446 ool-1-worker-210 | DEBUG | .a.s.ParticipantScoreScheduleService : Scheduled task for exercise 3309 and participant 681 at 2025-02-14T23:47:34.593984104Z[Etc/UTC].
    23:47:34.497 | 446 ool-1-worker-210 | DEBUG | PersonalAccessTokenManagementService : Generate secure vcs access token
    23:47:34.500 | 446 ool-1-worker-210 | DEBUG | .c.s.m.InstanceMessageReceiveService : Received schedule participant score for exercise 3309 and participant 682 (result to be deleted: null)
    23:47:34.500 | 446 ool-1-worker-210 | DEBUG | .a.s.ParticipantScoreScheduleService : Scheduled task for exercise 3309 and participant 682 at 2025-02-14T23:47:34.600531244Z[Etc/UTC].
    23:47:34.508 | 446 ool-1-worker-210 | DEBUG | .c.s.m.InstanceMessageReceiveService : Received schedule participant score for exercise 3309 and participant 682 (result to be deleted: null)
    23:47:34.508 | 446 ool-1-worker-210 | DEBUG | .a.s.ParticipantScoreScheduleService : Scheduled task for exercise 3309 and participant 682 at 2025-02-14T23:47:34.608591135Z[Etc/UTC].
    23:47:34.521 | 446 ool-1-worker-210 | DEBUG | .c.s.m.InstanceMessageReceiveService : Received schedule participant score for exercise 3309 and participant 682 (result to be deleted: null)
    23:47:34.521 | 446 ool-1-worker-210 | DEBUG | .a.s.ParticipantScoreScheduleService : Scheduled task for exercise 3309 and participant 682 at 2025-02-14T23:47:34.621663123Z[Etc/UTC].
    23:47:34.522 | 446 ool-1-worker-210 | INFO  | i.z.t.d.l.EmbeddedDatabaseReporter   : JDBC URL to connect to 'dataSource': url='jdbc:h2:tcp://localhost:41063/mem:df70fc46-7e57-4cb5-9cd0-c1d90c14afa7;USER=sa', scope='ProgrammingAssessmentIntegrationTest#createManualProgrammingExerciseResult_save'
    23:47:34.524 | 446 ool-1-worker-210 | DEBUG | d.t.c.a.a.c.s.f.ApiVersionFilter     : Adding Version to Request PUT /api/participations/2290/manual-results
    23:47:34.525 | 446 ool-1-worker-210 | DEBUG | .a.p.w.ProgrammingAssessmentResource : REST request to save a new result : Result{idnull, completionDate=null, successful=false, score=90.0, rated=true, assessmentType=SEMI_AUTOMATIC, hasComplaint=null, testCaseCount=0, passedTestCaseCount=0, codeIssueCount=0}
    23:47:34.533 | 446 ool-1-worker-210 | DEBUG | .c.s.m.InstanceMessageReceiveService : Received schedule participant score for exercise 3309 and participant 682 (result to be deleted: null)
    23:47:34.533 | 446 ool-1-worker-210 | DEBUG | .a.s.ParticipantScoreScheduleService : Scheduled task for exercise 3309 and participant 682 at 2025-02-14T23:47:34.633091637Z[Etc/UTC].
    23:47:34.543 | 446 ool-1-worker-210 | DEBUG | .c.s.m.InstanceMessageReceiveService : Received schedule participant score for exercise 3309 and participant 682 (result to be deleted: null)
    23:47:34.543 | 446 ool-1-worker-210 | DEBUG | .a.s.ParticipantScoreScheduleService : Scheduled task for exercise 3309 and participant 682 at 2025-02-14T23:47:34.643967640Z[Etc/UTC].

  Starting logs for ProgrammingAssessmentIntegrationTest > [1] submit=true
    23:47:34.565 | 446 ool-1-worker-210 | DEBUG | d.t.c.a.a.c.u.util.UserUtilService   : Generate 3 students...
    23:47:34.571 | 446 ool-1-worker-210 | DEBUG | d.t.c.a.a.c.u.util.UserUtilService   : 3 students generated. Generate 2 tutors...
    23:47:34.574 | 446 ool-1-worker-210 | DEBUG | d.t.c.a.a.c.u.util.UserUtilService   : 2 tutors generated. Generate 0 editors...
    23:47:34.576 | 446 ool-1-worker-210 | DEBUG | d.t.c.a.a.c.u.util.UserUtilService   : 0 editors generated. Generate 2 instructors...
    23:47:34.580 | 446 ool-1-worker-210 | DEBUG | d.t.c.a.a.c.u.util.UserUtilService   : 2 instructors generated
    23:47:34.582 | 446 ool-1-worker-210 | DEBUG | d.t.c.a.a.c.u.util.UserUtilService   : Removing 7 users from all courses...
    23:47:34.583 | 446 ool-1-worker-210 | DEBUG | d.t.c.a.a.c.u.util.UserUtilService   : Removing 7 users from all courses. Done
    23:47:34.583 | 446 ool-1-worker-210 | DEBUG | d.t.c.a.a.c.u.util.UserUtilService   : Save 7 users to database...
    23:47:34.588 | 446 ool-1-worker-210 | DEBUG | d.t.c.a.a.c.u.util.UserUtilService   : Save 7 users to database. Done
    23:47:34.632 | 446 ool-1-worker-210 | DEBUG | .c.s.m.InstanceMessageReceiveService : Received schedule participant score for exercise 3310 and participant 681 (result to be deleted: null)
    23:47:34.632 | 446 ool-1-worker-210 | DEBUG | .a.s.ParticipantScoreScheduleService : Scheduled task for exercise 3310 and participant 681 at 2025-02-14T23:47:34.732913797Z[Etc/UTC].
    23:47:34.659 | 446 ool-1-worker-210 | DEBUG | .c.s.m.InstanceMessageReceiveService : Received schedule participant score for exercise 3310 and participant 681 (result to be deleted: null)
    23:47:34.659 | 446 ool-1-worker-210 | DEBUG | .a.s.ParticipantScoreScheduleService : Scheduled task for exercise 3310 and participant 681 at 2025-02-14T23:47:34.759425058Z[Etc/UTC].
    23:47:34.669 | 446 ool-1-worker-210 | DEBUG | PersonalAccessTokenManagementService : Generate secure vcs access token
    23:47:34.673 | 446 ool-1-worker-210 | DEBUG | .c.s.m.InstanceMessageReceiveService : Received schedule participant score for exercise 3310 and participant 682 (result to be deleted: null)
    23:47:34.673 | 446 ool-1-worker-210 | DEBUG | .a.s.ParticipantScoreScheduleService : Scheduled task for exercise 3310 and participant 682 at 2025-02-14T23:47:34.773258187Z[Etc/UTC].
    23:47:34.681 | 446 ool-1-worker-210 | DEBUG | .c.s.m.InstanceMessageReceiveService : Received schedule participant score for exercise 3310 and participant 682 (result to be deleted: null)
    23:47:34.681 | 446 ool-1-worker-210 | DEBUG | .a.s.ParticipantScoreScheduleService : Scheduled task for exercise 3310 and participant 682 at 2025-02-14T23:47:34.781729225Z[Etc/UTC].
    23:47:34.694 | 446 ool-1-worker-210 | DEBUG | .c.s.m.InstanceMessageReceiveService : Received schedule participant score for exercise 3310 and participant 682 (result to be deleted: null)
    23:47:34.694 | 446 ool-1-worker-210 | DEBUG | .a.s.ParticipantScoreScheduleService : Scheduled task for exercise 3310 and participant 682 at 2025-02-14T23:47:34.794639361Z[Etc/UTC].
    23:47:34.695 | 446 ool-1-worker-210 | INFO  | i.z.t.d.l.EmbeddedDatabaseReporter   : JDBC URL to connect to 'dataSource': url='jdbc:h2:tcp://localhost:41063/mem:df70fc46-7e57-4cb5-9cd0-c1d90c14afa7;USER=sa', scope='ProgrammingAssessmentIntegrationTest#shouldUpdateUnreferencedLongFeedbackWhenSavingAnAssessment'
    23:47:34.698 | 446 ool-1-worker-210 | DEBUG | d.t.c.a.a.c.s.f.ApiVersionFilter     : Adding Version to Request PUT /api/participations/2294/manual-results
    23:47:34.699 | 446 ool-1-worker-210 | DEBUG | .a.p.w.ProgrammingAssessmentResource : REST request to save a new result : Result{id1343, completionDate=null, successful=false, score=0.0, rated=null, assessmentType=null, hasComplaint=null, testCaseCount=0, passedTestCaseCount=0, codeIssueCount=0}
    23:47:34.708 | 446 ool-1-worker-210 | DEBUG | .c.s.m.InstanceMessageReceiveService : Received schedule participant score for exercise 3310 and participant 682 (result to be deleted: null)
    23:47:34.708 | 446 ool-1-worker-210 | DEBUG | .a.s.ParticipantScoreScheduleService : Scheduled task for exercise 3310 and participant 682 at 2025-02-14T23:47:34.808596540Z[Etc/UTC].
    23:47:34.716 | 446 ool-1-worker-210 | DEBUG | .c.s.m.InstanceMessageReceiveService : Received schedule participant score for exercise 3310 and participant 682 (result to be deleted: null)
    23:47:34.716 | 446 ool-1-worker-210 | DEBUG | .a.s.ParticipantScoreScheduleService : Scheduled task for exercise 3310 and participant 682 at 2025-02-14T23:47:34.816454645Z[Etc/UTC].
    23:47:34.719 | 446 ool-1-worker-210 | DEBUG | .c.s.m.InstanceMessageReceiveService : Received schedule participant score for exercise 3310 and participant 682 (result to be deleted: null)
    23:47:34.719 | 446 ool-1-worker-210 | DEBUG | .a.s.ParticipantScoreScheduleService : Scheduled task for exercise 3310 and participant 682 at 2025-02-14T23:47:34.819319278Z[Etc/UTC].

  Starting logs for ProgrammingAssessmentIntegrationTest > [2] submit=false
    23:47:34.743 | 446 ool-1-worker-210 | DEBUG | d.t.c.a.a.c.u.util.UserUtilService   : Generate 3 students...
    23:47:34.749 | 446 ool-1-worker-210 | DEBUG | d.t.c.a.a.c.u.util.UserUtilService   : 3 students generated. Generate 2 tutors...
    23:47:34.753 | 446 ool-1-worker-210 | DEBUG | d.t.c.a.a.c.u.util.UserUtilService   : 2 tutors generated. Generate 0 editors...
    23:47:34.754 | 446 ool-1-worker-210 | DEBUG | d.t.c.a.a.c.u.util.UserUtilService   : 0 editors generated. Generate 2 instructors...
    23:47:34.758 | 446 ool-1-worker-210 | DEBUG | d.t.c.a.a.c.u.util.UserUtilService   : 2 instructors generated
    23:47:34.760 | 446 ool-1-worker-210 | DEBUG | d.t.c.a.a.c.u.util.UserUtilService   : Removing 7 users from all courses...
    23:47:34.762 | 446 ool-1-worker-210 | DEBUG | d.t.c.a.a.c.u.util.UserUtilService   : Removing 7 users from all courses. Done
    23:47:34.762 | 446 ool-1-worker-210 | DEBUG | d.t.c.a.a.c.u.util.UserUtilService   : Save 7 users to database...
    23:47:34.773 | 446 ool-1-worker-210 | DEBUG | d.t.c.a.a.c.u.util.UserUtilService   : Save 7 users to database. Done
    23:47:34.831 | 446 ool-1-worker-210 | DEBUG | .c.s.m.InstanceMessageReceiveService : Received schedule participant score for exercise 3311 and participant 681 (result to be deleted: null)
    23:47:34.832 | 446 ool-1-worker-210 | DEBUG | .a.s.ParticipantScoreScheduleService : Scheduled task for exercise 3311 and participant 681 at 2025-02-14T23:47:34.932086303Z[Etc/UTC].
    23:47:34.845 | 446 ool-1-worker-210 | DEBUG | .c.s.m.InstanceMessageReceiveService : Received schedule participant score for exercise 3311 and participant 681 (result to be deleted: null)
    23:47:34.845 | 446 ool-1-worker-210 | DEBUG | .a.s.ParticipantScoreScheduleService : Scheduled task for exercise 3311 and participant 681 at 2025-02-14T23:47:34.945853458Z[Etc/UTC].
    23:47:34.850 | 446 ool-1-worker-210 | DEBUG | PersonalAccessTokenManagementService : Generate secure vcs access token
    23:47:34.852 | 446 ool-1-worker-210 | DEBUG | .c.s.m.InstanceMessageReceiveService : Received schedule participant score for exercise 3311 and participant 682 (result to be deleted: null)
    23:47:34.852 | 446 ool-1-worker-210 | DEBUG | .a.s.ParticipantScoreScheduleService : Scheduled task for exercise 3311 and participant 682 at 2025-02-14T23:47:34.952832904Z[Etc/UTC].
    23:47:34.861 | 446 ool-1-worker-210 | DEBUG | .c.s.m.InstanceMessageReceiveService : Received schedule participant score for exercise 3311 and participant 682 (result to be deleted: null)
    23:47:34.861 | 446 ool-1-worker-210 | DEBUG | .a.s.ParticipantScoreScheduleService : Scheduled task for exercise 3311 and participant 682 at 2025-02-14T23:47:34.961588733Z[Etc/UTC].
    23:47:34.878 | 446 ool-1-worker-210 | DEBUG | .c.s.m.InstanceMessageReceiveService : Received schedule participant score for exercise 3311 and participant 682 (result to be deleted: null)
    23:47:34.878 | 446 ool-1-worker-210 | DEBUG | .a.s.ParticipantScoreScheduleService : Scheduled task for exercise 3311 and participant 682 at 2025-02-14T23:47:34.978573719Z[Etc/UTC].
    23:47:34.879 | 446 ool-1-worker-210 | INFO  | i.z.t.d.l.EmbeddedDatabaseReporter   : JDBC URL to connect to 'dataSource': url='jdbc:h2:tcp://localhost:41063/mem:df70fc46-7e57-4cb5-9cd0-c1d90c14afa7;USER=sa', scope='ProgrammingAssessmentIntegrationTest#shouldUpdateUnreferencedLongFeedbackWhenSavingAnAssessment'
    23:47:34.882 | 446 ool-1-worker-210 | DEBUG | d.t.c.a.a.c.s.f.ApiVersionFilter     : Adding Version to Request PUT /api/participations/2298/manual-results
    23:47:34.884 | 446 ool-1-worker-210 | DEBUG | .a.p.w.ProgrammingAssessmentResource : REST request to save a new result : Result{id1346, completionDate=null, successful=false, score=0.0, rated=null, assessmentType=null, hasComplaint=null, testCaseCount=0, passedTestCaseCount=0, codeIssueCount=0}
    23:47:34.902 | 446 ool-1-worker-210 | DEBUG | .c.s.m.InstanceMessageReceiveService : Received schedule participant score for exercise 3311 and participant 682 (result to be deleted: null)
    23:47:34.902 | 446 ool-1-worker-210 | DEBUG | .a.s.ParticipantScoreScheduleService : Scheduled task for exercise 3311 and participant 682 at 2025-02-14T23:47:35.002620334Z[Etc/UTC].
    23:47:34.915 | 446 ool-1-worker-210 | DEBUG | .c.s.m.InstanceMessageReceiveService : Received schedule participant score for exercise 3311 and participant 682 (result to be deleted: null)
    23:47:34.915 | 446 ool-1-worker-210 | DEBUG | .a.s.ParticipantScoreScheduleService : Scheduled task for exercise 3311 and participant 682 at 2025-02-14T23:47:35.015489575Z[Etc/UTC].

  Starting logs for ProgrammingAssessmentIntegrationTest > createManualProgrammingExerciseResult_IncludedAsBonusExercise()
    23:47:34.945 | 446 ool-1-worker-210 | DEBUG | d.t.c.a.a.c.u.util.UserUtilService   : Generate 3 students...
    23:47:34.952 | 446 ool-1-worker-210 | DEBUG | d.t.c.a.a.c.u.util.UserUtilService   : 3 students generated. Generate 2 tutors...
    23:47:34.958 | 446 ool-1-worker-210 | DEBUG | d.t.c.a.a.c.u.util.UserUtilService   : 2 tutors generated. Generate 0 editors...
    23:47:34.959 | 446 ool-1-worker-210 | DEBUG | d.t.c.a.a.c.u.util.UserUtilService   : 0 editors generated. Generate 2 instructors...
    23:47:34.970 | 446 ool-1-worker-210 | DEBUG | d.t.c.a.a.c.u.util.UserUtilService   : 2 instructors generated
    23:47:34.976 | 446 ool-1-worker-210 | DEBUG | d.t.c.a.a.c.u.util.UserUtilService   : Removing 7 users from all courses...
    23:47:34.977 | 446 ool-1-worker-210 | DEBUG | d.t.c.a.a.c.u.util.UserUtilService   : Removing 7 users from all courses. Done
    23:47:34.977 | 446 ool-1-worker-210 | DEBUG | d.t.c.a.a.c.u.util.UserUtilService   : Save 7 users to database...
    23:47:34.992 | 446 ool-1-worker-210 | DEBUG | d.t.c.a.a.c.u.util.UserUtilService   : Save 7 users to database. Done
    23:47:35.042 | 446 ool-1-worker-210 | DEBUG | .c.s.m.InstanceMessageReceiveService : Received schedule participant score for exercise 3312 and participant 681 (result to be deleted: null)
    23:47:35.042 | 446 ool-1-worker-210 | DEBUG | .a.s.ParticipantScoreScheduleService : Scheduled task for exercise 3312 and participant 681 at 2025-02-14T23:47:35.142199632Z[Etc/UTC].
    23:47:35.067 | 446 ool-1-worker-210 | DEBUG | .c.s.m.InstanceMessageReceiveService : Received schedule participant score for exercise 3312 and participant 681 (result to be deleted: null)
    23:47:35.067 | 446 ool-1-worker-210 | DEBUG | .a.s.ParticipantScoreScheduleService : Scheduled task for exercise 3312 and participant 681 at 2025-02-14T23:47:35.167081856Z[Etc/UTC].
    23:47:35.074 | 446 ool-1-worker-210 | DEBUG | PersonalAccessTokenManagementService : Generate secure vcs access token
    23:47:35.081 | 446 ool-1-worker-210 | DEBUG | .c.s.m.InstanceMessageReceiveService : Received schedule participant score for exercise 3312 and participant 682 (result to be deleted: null)
    23:47:35.081 | 446 ool-1-worker-210 | DEBUG | .a.s.ParticipantScoreScheduleService : Scheduled task for exercise 3312 and participant 682 at 2025-02-14T23:47:35.181380482Z[Etc/UTC].
    23:47:35.097 | 446 ool-1-worker-210 | DEBUG | .c.s.m.InstanceMessageReceiveService : Received schedule participant score for exercise 3312 and participant 682 (result to be deleted: null)
    23:47:35.097 | 446 ool-1-worker-210 | DEBUG | .a.s.ParticipantScoreScheduleService : Scheduled task for exercise 3312 and participant 682 at 2025-02-14T23:47:35.197216505Z[Etc/UTC].
    23:47:35.126 | 446 ool-1-worker-210 | DEBUG | .c.s.m.InstanceMessageReceiveService : Received schedule participant score for exercise 3312 and participant 682 (result to be deleted: null)
    23:47:35.126 | 446 ool-1-worker-210 | DEBUG | .a.s.ParticipantScoreScheduleService : Scheduled task for exercise 3312 and participant 682 at 2025-02-14T23:47:35.226323197Z[Etc/UTC].
    23:47:35.127 | 446 ool-1-worker-210 | INFO  | i.z.t.d.l.EmbeddedDatabaseReporter   : JDBC URL to connect to 'dataSource': url='jdbc:h2:tcp://localhost:41063/mem:df70fc46-7e57-4cb5-9cd0-c1d90c14afa7;USER=sa', scope='ProgrammingAssessmentIntegrationTest#createManualProgrammingExerciseResult_IncludedAsBonusExercise'
    23:47:35.132 | 446 ool-1-worker-210 | DEBUG | d.t.c.a.a.c.s.f.ApiVersionFilter     : Adding Version to Request PUT /api/participations/2302/manual-results
    23:47:35.135 | 446 ool-1-worker-210 | DEBUG | .a.p.w.ProgrammingAssessmentResource : REST request to save a new result : Result{idnull, completionDate=null, successful=false, score=0.0, rated=true, assessmentType=SEMI_AUTOMATIC, hasComplaint=null, testCaseCount=0, passedTestCaseCount=0, codeIssueCount=0}
    23:47:35.151 | 446 ool-1-worker-210 | DEBUG | .c.s.m.InstanceMessageReceiveService : Received schedule participant score for exercise 3312 and participant 682 (result to be deleted: null)
    23:47:35.151 | 446 ool-1-worker-210 | DEBUG | .a.s.ParticipantScoreScheduleService : Scheduled task for exercise 3312 and participant 682 at 2025-02-14T23:47:35.251143606Z[Etc/UTC].
    23:47:35.166 | 446 ool-1-worker-210 | DEBUG | .c.s.m.InstanceMessageReceiveService : Received schedule participant score for exercise 3312 and participant 682 (result to be deleted: null)
    23:47:35.166 | 446 ool-1-worker-210 | DEBUG | .a.s.ParticipantScoreScheduleService : Scheduled task for exercise 3312 and participant 682 at 2025-02-14T23:47:35.266689240Z[Etc/UTC].
    23:47:35.167 | 666 taskScheduler-4  | DEBUG | .a.s.ParticipantScoreScheduleService : Processing exercise 3312 and participant 681 to update participant scores.
    23:47:35.171 | 666 taskScheduler-4  | DEBUG | .a.s.ParticipantScoreScheduleService : Updated participant score 93.
    23:47:35.173 | 446 ool-1-worker-210 | DEBUG | .c.s.m.InstanceMessageReceiveService : Received schedule participant score for exercise 3312 and participant 682 (result to be deleted: null)
    23:47:35.173 | 446 ool-1-worker-210 | DEBUG | .a.s.ParticipantScoreScheduleService : Scheduled task for exercise 3312 and participant 682 at 2025-02-14T23:47:35.273787057Z[Etc/UTC].
    23:47:35.177 | 666 taskScheduler-4  | DEBUG | .a.s.ParticipantScoreScheduleService : Updating the participant score for exercise 3312 and participant 681 took 10 ms.
    23:47:35.197 | 446 ool-1-worker-210 | DEBUG | d.t.c.a.a.c.s.f.ApiVersionFilter     : Adding Version to Request PUT /api/participations/2302/manual-results
    23:47:35.198 | 446 ool-1-worker-210 | DEBUG | .a.p.w.ProgrammingAssessmentResource : REST request to save a new result : Result{idnull, completionDate=null, successful=false, score=0.0, rated=true, assessmentType=SEMI_AUTOMATIC, hasComplaint=null, testCaseCount=0, passedTestCaseCount=0, codeIssueCount=0}
    23:47:35.207 | 446 ool-1-worker-210 | DEBUG | .c.s.m.InstanceMessageReceiveService : Received schedule participant score for exercise 3312 and participant 682 (result to be deleted: null)
    23:47:35.207 | 446 ool-1-worker-210 | DEBUG | .a.s.ParticipantScoreScheduleService : Scheduled task for exercise 3312 and participant 682 at 2025-02-14T23:47:35.307222121Z[Etc/UTC].
    23:47:35.216 | 446 ool-1-worker-210 | DEBUG | .c.s.m.InstanceMessageReceiveService : Received schedule participant score for exercise 3312 and participant 682 (result to be deleted: null)
    23:47:35.216 | 446 ool-1-worker-210 | DEBUG | .a.s.ParticipantScoreScheduleService : Scheduled task for exercise 3312 and participant 682 at 2025-02-14T23:47:35.316558733Z[Etc/UTC].
    23:47:35.219 | 446 ool-1-worker-210 | DEBUG | .c.s.m.InstanceMessageReceiveService : Received schedule participant score for exercise 3312 and participant 682 (result to be deleted: null)
    23:47:35.219 | 446 ool-1-worker-210 | DEBUG | .a.s.ParticipantScoreScheduleService : Scheduled task for exercise 3312 and participant 682 at 2025-02-14T23:47:35.319319562Z[Etc/UTC].
    23:47:35.234 | 446 ool-1-worker-210 | DEBUG | d.t.c.a.a.c.s.f.ApiVersionFilter     : Adding Version to Request PUT /api/participations/2302/manual-results
    23:47:35.235 | 446 ool-1-worker-210 | DEBUG | .a.p.w.ProgrammingAssessmentResource : REST request to save a new result : Result{idnull, completionDate=null, successful=false, score=0.0, rated=true, assessmentType=SEMI_AUTOMATIC, hasComplaint=null, testCaseCount=0, passedTestCaseCount=0, codeIssueCount=0}
    23:47:35.243 | 446 ool-1-worker-210 | DEBUG | .c.s.m.InstanceMessageReceiveService : Received schedule participant score for exercise 3312 and participant 682 (result to be deleted: null)
    23:47:35.243 | 446 ool-1-worker-210 | DEBUG | .a.s.ParticipantScoreScheduleService : Scheduled task for exercise 3312 and participant 682 at 2025-02-14T23:47:35.343616915Z[Etc/UTC].
    23:47:35.254 | 446 ool-1-worker-210 | DEBUG | .c.s.m.InstanceMessageReceiveService : Received schedule participant score for exercise 3312 and participant 682 (result to be deleted: null)
    23:47:35.254 | 446 ool-1-worker-210 | DEBUG | .a.s.ParticipantScoreScheduleService : Scheduled task for exercise 3312 and participant 682 at 2025-02-14T23:47:35.354881273Z[Etc/UTC].
    23:47:35.257 | 446 ool-1-worker-210 | DEBUG | .c.s.m.InstanceMessageReceiveService : Received schedule participant score for exercise 3312 and participant 682 (result to be deleted: null)
    23:47:35.258 | 446 ool-1-worker-210 | DEBUG | .a.s.ParticipantScoreScheduleService : Scheduled task for exercise 3312 and participant 682 at 2025-02-14T23:47:35.358020427Z[Etc/UTC].
    23:47:35.270 | 446 ool-1-worker-210 | DEBUG | d.t.c.a.a.c.s.f.ApiVersionFilter     : Adding Version to Request PUT /api/participations/2302/manual-results
    23:47:35.271 | 446 ool-1-worker-210 | DEBUG | .a.p.w.ProgrammingAssessmentResource : REST request to save a new result : Result{idnull, completionDate=null, successful=false, score=50.0, rated=true, assessmentType=SEMI_AUTOMATIC, hasComplaint=null, testCaseCount=0, passedTestCaseCount=0, codeIssueCount=0}
    23:47:35.280 | 446 ool-1-worker-210 | DEBUG | .c.s.m.InstanceMessageReceiveService : Received schedule participant score for exercise 3312 and participant 682 (result to be deleted: null)
    23:47:35.280 | 446 ool-1-worker-210 | DEBUG | .a.s.ParticipantScoreScheduleService : Scheduled task for exercise 3312 and participant 682 at 2025-02-14T23:47:35.380075569Z[Etc/UTC].
    23:47:35.296 | 446 ool-1-worker-210 | DEBUG | .c.s.m.InstanceMessageReceiveService : Received schedule participant score for exercise 3312 and participant 682 (result to be deleted: null)
    23:47:35.296 | 446 ool-1-worker-210 | DEBUG | .a.s.ParticipantScoreScheduleService : Scheduled task for exercise 3312 and participant 682 at 2025-02-14T23:47:35.396278296Z[Etc/UTC].
    23:47:35.299 | 446 ool-1-worker-210 | DEBUG | .c.s.m.InstanceMessageReceiveService : Received schedule participant score for exercise 3312 and participant 682 (result to be deleted: null)
    23:47:35.299 | 446 ool-1-worker-210 | DEBUG | .a.s.ParticipantScoreScheduleService : Scheduled task for exercise 3312 and participant 682 at 2025-02-14T23:47:35.399521214Z[Etc/UTC].
    23:47:35.311 | 446 ool-1-worker-210 | DEBUG | d.t.c.a.a.c.s.f.ApiVersionFilter     : Adding Version to Request PUT /api/participations/2302/manual-results
    23:47:35.312 | 446 ool-1-worker-210 | DEBUG | .a.p.w.ProgrammingAssessmentResource : REST request to save a new result : Result{idnull, completionDate=null, successful=true, score=100.0, rated=true, assessmentType=SEMI_AUTOMATIC, hasComplaint=null, testCaseCount=0, passedTestCaseCount=0, codeIssueCount=0}
    23:47:35.321 | 446 ool-1-worker-210 | DEBUG | .c.s.m.InstanceMessageReceiveService : Received schedule participant score for exercise 3312 and participant 682 (result to be deleted: null)
    23:47:35.321 | 446 ool-1-worker-210 | DEBUG | .a.s.ParticipantScoreScheduleService : Scheduled task for exercise 3312 and participant 682 at 2025-02-14T23:47:35.421079118Z[Etc/UTC].
    23:47:35.335 | 446 ool-1-worker-210 | DEBUG | .c.s.m.InstanceMessageReceiveService : Received schedule participant score for exercise 3312 and participant 682 (result to be deleted: null)
    23:47:35.335 | 446 ool-1-worker-210 | DEBUG | .a.s.ParticipantScoreScheduleService : Scheduled task for exercise 3312 and participant 682 at 2025-02-14T23:47:35.435386721Z[Etc/UTC].
    23:47:35.338 | 446 ool-1-worker-210 | DEBUG | .c.s.m.InstanceMessageReceiveService : Received schedule participant score for exercise 3312 and participant 682 (result to be deleted: null)
    23:47:35.338 | 446 ool-1-worker-210 | DEBUG | .a.s.ParticipantScoreScheduleService : Scheduled task for exercise 3312 and participant 682 at 2025-02-14T23:47:35.438505126Z[Etc/UTC].
    23:47:35.350 | 446 ool-1-worker-210 | DEBUG | d.t.c.a.a.c.s.f.ApiVersionFilter     : Adding Version to Request PUT /api/participations/2302/manual-results
    23:47:35.351 | 446 ool-1-worker-210 | DEBUG | .a.p.w.ProgrammingAssessmentResource : REST request to save a new result : Result{idnull, completionDate=null, successful=true, score=100.0, rated=true, assessmentType=SEMI_AUTOMATIC, hasComplaint=null, testCaseCount=0, passedTestCaseCount=0, codeIssueCount=0}
    23:47:35.360 | 446 ool-1-worker-210 | DEBUG | .c.s.m.InstanceMessageReceiveService : Received schedule participant score for exercise 3312 and participant 682 (result to be deleted: null)
    23:47:35.361 | 446 ool-1-worker-210 | DEBUG | .a.s.ParticipantScoreScheduleService : Scheduled task for exercise 3312 and participant 682 at 2025-02-14T23:47:35.461031517Z[Etc/UTC].
    23:47:35.377 | 446 ool-1-worker-210 | DEBUG | .c.s.m.InstanceMessageReceiveService : Received schedule participant score for exercise 3312 and participant 682 (result to be deleted: null)
    23:47:35.377 | 446 ool-1-worker-210 | DEBUG | .a.s.ParticipantScoreScheduleService : Scheduled task for exercise 3312 and participant 682 at 2025-02-14T23:47:35.477143244Z[Etc/UTC].
    23:47:35.380 | 446 ool-1-worker-210 | DEBUG | .c.s.m.InstanceMessageReceiveService : Received schedule participant score for exercise 3312 and participant 682 (result to be deleted: null)
    23:47:35.380 | 446 ool-1-worker-210 | DEBUG | .a.s.ParticipantScoreScheduleService : Scheduled task for exercise 3312 and participant 682 at 2025-02-14T23:47:35.480422560Z[Etc/UTC].

  Starting logs for ProgrammingAssessmentIntegrationTest > cancelOwnAssessmentAsTutor()
    23:47:35.405 | 446 ool-1-worker-210 | DEBUG | d.t.c.a.a.c.u.util.UserUtilService   : Generate 3 students...
    23:47:35.411 | 446 ool-1-worker-210 | DEBUG | d.t.c.a.a.c.u.util.UserUtilService   : 3 students generated. Generate 2 tutors...
    23:47:35.415 | 446 ool-1-worker-210 | DEBUG | d.t.c.a.a.c.u.util.UserUtilService   : 2 tutors generated. Generate 0 editors...
    23:47:35.416 | 446 ool-1-worker-210 | DEBUG | d.t.c.a.a.c.u.util.UserUtilService   : 0 editors generated. Generate 2 instructors...
    23:47:35.424 | 446 ool-1-worker-210 | DEBUG | d.t.c.a.a.c.u.util.UserUtilService   : 2 instructors generated
    23:47:35.427 | 446 ool-1-worker-210 | DEBUG | d.t.c.a.a.c.u.util.UserUtilService   : Removing 7 users from all courses...
    23:47:35.428 | 446 ool-1-worker-210 | DEBUG | d.t.c.a.a.c.u.util.UserUtilService   : Removing 7 users from all courses. Done
    23:47:35.428 | 446 ool-1-worker-210 | DEBUG | d.t.c.a.a.c.u.util.UserUtilService   : Save 7 users to database...
    23:47:35.435 | 446 ool-1-worker-210 | DEBUG | d.t.c.a.a.c.u.util.UserUtilService   : Save 7 users to database. Done
    23:47:35.465 | 446 ool-1-worker-210 | DEBUG | .c.s.m.InstanceMessageReceiveService : Received schedule participant score for exercise 3313 and participant 681 (result to be deleted: null)
    23:47:35.465 | 446 ool-1-worker-210 | DEBUG | .a.s.ParticipantScoreScheduleService : Scheduled task for exercise 3313 and participant 681 at 2025-02-14T23:47:35.565405428Z[Etc/UTC].
    23:47:35.480 | 446 ool-1-worker-210 | DEBUG | .c.s.m.InstanceMessageReceiveService : Received schedule participant score for exercise 3313 and participant 681 (result to be deleted: null)
    23:47:35.480 | 446 ool-1-worker-210 | DEBUG | .a.s.ParticipantScoreScheduleService : Scheduled task for exercise 3313 and participant 681 at 2025-02-14T23:47:35.580233231Z[Etc/UTC].
    23:47:35.485 | 446 ool-1-worker-210 | DEBUG | PersonalAccessTokenManagementService : Generate secure vcs access token
    23:47:35.487 | 446 ool-1-worker-210 | DEBUG | .c.s.m.InstanceMessageReceiveService : Received schedule participant score for exercise 3313 and participant 682 (result to be deleted: null)
    23:47:35.487 | 446 ool-1-worker-210 | DEBUG | .a.s.ParticipantScoreScheduleService : Scheduled task for exercise 3313 and participant 682 at 2025-02-14T23:47:35.587813318Z[Etc/UTC].
    23:47:35.499 | 446 ool-1-worker-210 | DEBUG | .c.s.m.InstanceMessageReceiveService : Received schedule participant score for exercise 3313 and participant 682 (result to be deleted: null)
    23:47:35.500 | 446 ool-1-worker-210 | DEBUG | .a.s.ParticipantScoreScheduleService : Scheduled task for exercise 3313 and participant 682 at 2025-02-14T23:47:35.600071017Z[Etc/UTC].
    23:47:35.525 | 446 ool-1-worker-210 | DEBUG | .c.s.m.InstanceMessageReceiveService : Received schedule participant score for exercise 3313 and participant 682 (result to be deleted: null)
    23:47:35.525 | 446 ool-1-worker-210 | DEBUG | .a.s.ParticipantScoreScheduleService : Scheduled task for exercise 3313 and participant 682 at 2025-02-14T23:47:35.625660470Z[Etc/UTC].
    23:47:35.527 | 446 ool-1-worker-210 | INFO  | i.z.t.d.l.EmbeddedDatabaseReporter   : JDBC URL to connect to 'dataSource': url='jdbc:h2:tcp://localhost:41063/mem:df70fc46-7e57-4cb5-9cd0-c1d90c14afa7;USER=sa', scope='ProgrammingAssessmentIntegrationTest#cancelOwnAssessmentAsTutor'
    23:47:35.539 | 446 ool-1-worker-210 | DEBUG | .c.s.m.InstanceMessageReceiveService : Received schedule participant score for exercise 3313 and participant 681 (result to be deleted: null)
    23:47:35.539 | 446 ool-1-worker-210 | DEBUG | .a.s.ParticipantScoreScheduleService : Scheduled task for exercise 3313 and participant 681 at 2025-02-14T23:47:35.639654618Z[Etc/UTC].
    23:47:35.558 | 446 ool-1-worker-210 | DEBUG | .c.s.m.InstanceMessageReceiveService : Received schedule participant score for exercise 3313 and participant 681 (result to be deleted: null)
    23:47:35.558 | 446 ool-1-worker-210 | DEBUG | .a.s.ParticipantScoreScheduleService : Scheduled task for exercise 3313 and participant 681 at 2025-02-14T23:47:35.658254203Z[Etc/UTC].
    23:47:35.560 | 446 ool-1-worker-210 | DEBUG | d.t.c.a.a.c.s.f.ApiVersionFilter     : Adding Version to Request PUT /api/programming-submissions/1776/cancel-assessment
    23:47:35.560 | 446 ool-1-worker-210 | DEBUG | d.t.c.a.a.a.web.AssessmentResource   : REST request to cancel assessment of submission: 1776

  Starting logs for ProgrammingAssessmentIntegrationTest > createManualProgrammingExerciseResult_submit()
    23:47:35.581 | 446 ool-1-worker-210 | DEBUG | d.t.c.a.a.c.u.util.UserUtilService   : Generate 3 students...
    23:47:35.595 | 446 ool-1-worker-210 | DEBUG | d.t.c.a.a.c.u.util.UserUtilService   : 3 students generated. Generate 2 tutors...
    23:47:35.602 | 446 ool-1-worker-210 | DEBUG | d.t.c.a.a.c.u.util.UserUtilService   : 2 tutors generated. Generate 0 editors...
    23:47:35.603 | 446 ool-1-worker-210 | DEBUG | d.t.c.a.a.c.u.util.UserUtilService   : 0 editors generated. Generate 2 instructors...
    23:47:35.616 | 446 ool-1-worker-210 | DEBUG | d.t.c.a.a.c.u.util.UserUtilService   : 2 instructors generated
    23:47:35.618 | 446 ool-1-worker-210 | DEBUG | d.t.c.a.a.c.u.util.UserUtilService   : Removing 7 users from all courses...
    23:47:35.620 | 446 ool-1-worker-210 | DEBUG | d.t.c.a.a.c.u.util.UserUtilService   : Removing 7 users from all courses. Done
    23:47:35.620 | 446 ool-1-worker-210 | DEBUG | d.t.c.a.a.c.u.util.UserUtilService   : Save 7 users to database...
    23:47:35.625 | 446 ool-1-worker-210 | DEBUG | d.t.c.a.a.c.u.util.UserUtilService   : Save 7 users to database. Done
    23:47:35.652 | 446 ool-1-worker-210 | DEBUG | .c.s.m.InstanceMessageReceiveService : Received schedule participant score for exercise 3314 and participant 681 (result to be deleted: null)
    23:47:35.652 | 446 ool-1-worker-210 | DEBUG | .a.s.ParticipantScoreScheduleService : Scheduled task for exercise 3314 and participant 681 at 2025-02-14T23:47:35.752311154Z[Etc/UTC].
    23:47:35.664 | 446 ool-1-worker-210 | DEBUG | .c.s.m.InstanceMessageReceiveService : Received schedule participant score for exercise 3314 and participant 681 (result to be deleted: null)
    23:47:35.664 | 446 ool-1-worker-210 | DEBUG | .a.s.ParticipantScoreScheduleService : Scheduled task for exercise 3314 and participant 681 at 2025-02-14T23:47:35.764965183Z[Etc/UTC].
    23:47:35.668 | 446 ool-1-worker-210 | DEBUG | PersonalAccessTokenManagementService : Generate secure vcs access token
    23:47:35.671 | 446 ool-1-worker-210 | DEBUG | .c.s.m.InstanceMessageReceiveService : Received schedule participant score for exercise 3314 and participant 682 (result to be deleted: null)
    23:47:35.671 | 446 ool-1-worker-210 | DEBUG | .a.s.ParticipantScoreScheduleService : Scheduled task for exercise 3314 and participant 682 at 2025-02-14T23:47:35.771223414Z[Etc/UTC].
    23:47:35.679 | 446 ool-1-worker-210 | DEBUG | .c.s.m.InstanceMessageReceiveService : Received schedule participant score for exercise 3314 and participant 682 (result to be deleted: null)
    23:47:35.679 | 446 ool-1-worker-210 | DEBUG | .a.s.ParticipantScoreScheduleService : Scheduled task for exercise 3314 and participant 682 at 2025-02-14T23:47:35.779064738Z[Etc/UTC].
    23:47:35.692 | 446 ool-1-worker-210 | DEBUG | .c.s.m.InstanceMessageReceiveService : Received schedule participant score for exercise 3314 and participant 682 (result to be deleted: null)
    23:47:35.692 | 446 ool-1-worker-210 | DEBUG | .a.s.ParticipantScoreScheduleService : Scheduled task for exercise 3314 and participant 682 at 2025-02-14T23:47:35.792993043Z[Etc/UTC].
    23:47:35.693 | 446 ool-1-worker-210 | INFO  | i.z.t.d.l.EmbeddedDatabaseReporter   : JDBC URL to connect to 'dataSource': url='jdbc:h2:tcp://localhost:41063/mem:df70fc46-7e57-4cb5-9cd0-c1d90c14afa7;USER=sa', scope='ProgrammingAssessmentIntegrationTest#createManualProgrammingExerciseResult_submit'
    23:47:35.695 | 446 ool-1-worker-210 | DEBUG | d.t.c.a.a.c.s.f.ApiVersionFilter     : Adding Version to Request PUT /api/participations/2310/manual-results
    23:47:35.697 | 446 ool-1-worker-210 | DEBUG | .a.p.w.ProgrammingAssessmentResource : REST request to save a new result : Result{idnull, completionDate=null, successful=false, score=90.0, rated=true, assessmentType=SEMI_AUTOMATIC, hasComplaint=null, testCaseCount=0, passedTestCaseCount=0, codeIssueCount=0}
    23:47:35.704 | 446 ool-1-worker-210 | DEBUG | .c.s.m.InstanceMessageReceiveService : Received schedule participant score for exercise 3314 and participant 682 (result to be deleted: null)
    23:47:35.704 | 446 ool-1-worker-210 | DEBUG | .a.s.ParticipantScoreScheduleService : Scheduled task for exercise 3314 and participant 682 at 2025-02-14T23:47:35.804955182Z[Etc/UTC].
    23:47:35.715 | 446 ool-1-worker-210 | DEBUG | .c.s.m.InstanceMessageReceiveService : Received schedule participant score for exercise 3314 and participant 682 (result to be deleted: null)
    23:47:35.715 | 446 ool-1-worker-210 | DEBUG | .a.s.ParticipantScoreScheduleService : Scheduled task for exercise 3314 and participant 682 at 2025-02-14T23:47:35.815578393Z[Etc/UTC].
    23:47:35.718 | 446 ool-1-worker-210 | DEBUG | .c.s.m.InstanceMessageReceiveService : Received schedule participant score for exercise 3314 and participant 682 (result to be deleted: null)
    23:47:35.718 | 446 ool-1-worker-210 | DEBUG | .a.s.ParticipantScoreScheduleService : Scheduled task for exercise 3314 and participant 682 at 2025-02-14T23:47:35.818296543Z[Etc/UTC].
    23:47:35.728 | 446 ool-1-worker-210 | DEBUG | d.t.c.a.a.c.s.f.ApiVersionFilter     : Adding Version to Request GET /api/courses/2529/for-assessment-dashboard
    23:47:35.730 | 446 ool-1-worker-210 | DEBUG | d.t.c.a.a.core.web.CourseResource    : REST request /courses/{courseId}/for-assessment-dashboard
    23:47:35.733 | 446 ool-1-worker-210 | DEBUG | c.a.a.a.s.AssessmentDashboardService : generateStatisticsForExercisesForAssessmentDashboard invoked
    23:47:35.735 | 446 ool-1-worker-210 | DEBUG | c.a.a.a.s.AssessmentDashboardService : Finished >> complaintService.calculateNrOfOpenComplaints all << in 2.59ms
    23:47:35.737 | 446 ool-1-worker-210 | DEBUG | c.a.a.a.s.AssessmentDashboardService : Finished >> assessmentDashboardService.calculateNumberOfSubmissions all << in 1.70ms
    23:47:35.738 | 446 ool-1-worker-210 | DEBUG | c.a.a.a.s.AssessmentDashboardService : Finished >> programmingExerciseRepository.countAssessmentsByExerciseIdSubmitted << call for exercise 3314 in 508µs
    23:47:35.739 | 446 ool-1-worker-210 | DEBUG | c.a.a.a.s.AssessmentDashboardService : Finished >> exampleSubmissionRepository.findAllWithResultByExerciseId << call for course 3314 in 864µs
    23:47:35.739 | 446 ool-1-worker-210 | DEBUG | c.a.a.a.s.AssessmentDashboardService : Finished >> assessmentDashboardLoopIteration << call for exercise 3314 in 6.38ms
    23:47:35.739 | 446 ool-1-worker-210 | DEBUG | c.a.a.a.s.AssessmentDashboardService : Finished >> generateStatisticsForExercisesForAssessmentDashboard << call in 6.39ms

  Starting logs for ProgrammingAssessmentIntegrationTest > updateAssessmentAfterComplaint_automaticAssessment_forbidden()
    23:47:35.759 | 446 ool-1-worker-210 | DEBUG | d.t.c.a.a.c.u.util.UserUtilService   : Generate 3 students...
    23:47:35.764 | 446 ool-1-worker-210 | DEBUG | d.t.c.a.a.c.u.util.UserUtilService   : 3 students generated. Generate 2 tutors...
    23:47:35.768 | 446 ool-1-worker-210 | DEBUG | d.t.c.a.a.c.u.util.UserUtilService   : 2 tutors generated. Generate 0 editors...
    23:47:35.770 | 446 ool-1-worker-210 | DEBUG | d.t.c.a.a.c.u.util.UserUtilService   : 0 editors generated. Generate 2 instructors...
    23:47:35.774 | 446 ool-1-worker-210 | DEBUG | d.t.c.a.a.c.u.util.UserUtilService   : 2 instructors generated
    23:47:35.776 | 446 ool-1-worker-210 | DEBUG | d.t.c.a.a.c.u.util.UserUtilService   : Removing 7 users from all courses...
    23:47:35.778 | 446 ool-1-worker-210 | DEBUG | d.t.c.a.a.c.u.util.UserUtilService   : Removing 7 users from all courses. Done
    23:47:35.778 | 446 ool-1-worker-210 | DEBUG | d.t.c.a.a.c.u.util.UserUtilService   : Save 7 users to database...
    23:47:35.783 | 446 ool-1-worker-210 | DEBUG | d.t.c.a.a.c.u.util.UserUtilService   : Save 7 users to database. Done
    23:47:35.810 | 446 ool-1-worker-210 | DEBUG | .c.s.m.InstanceMessageReceiveService : Received schedule participant score for exercise 3315 and participant 681 (result to be deleted: null)
    23:47:35.810 | 446 ool-1-worker-210 | DEBUG | .a.s.ParticipantScoreScheduleService : Scheduled task for exercise 3315 and participant 681 at 2025-02-14T23:47:35.910751826Z[Etc/UTC].
    23:47:35.823 | 446 ool-1-worker-210 | DEBUG | .c.s.m.InstanceMessageReceiveService : Received schedule participant score for exercise 3315 and participant 681 (result to be deleted: null)
    23:47:35.823 | 446 ool-1-worker-210 | DEBUG | .a.s.ParticipantScoreScheduleService : Scheduled task for exercise 3315 and participant 681 at 2025-02-14T23:47:35.923257338Z[Etc/UTC].
    23:47:35.827 | 446 ool-1-worker-210 | DEBUG | PersonalAccessTokenManagementService : Generate secure vcs access token
    23:47:35.829 | 446 ool-1-worker-210 | DEBUG | .c.s.m.InstanceMessageReceiveService : Received schedule participant score for exercise 3315 and participant 682 (result to be deleted: null)
    23:47:35.829 | 446 ool-1-worker-210 | DEBUG | .a.s.ParticipantScoreScheduleService : Scheduled task for exercise 3315 and participant 682 at 2025-02-14T23:47:35.929757902Z[Etc/UTC].
    23:47:35.838 | 446 ool-1-worker-210 | DEBUG | .c.s.m.InstanceMessageReceiveService : Received schedule participant score for exercise 3315 and participant 682 (result to be deleted: null)
    23:47:35.838 | 446 ool-1-worker-210 | DEBUG | .a.s.ParticipantScoreScheduleService : Scheduled task for exercise 3315 and participant 682 at 2025-02-14T23:47:35.938643974Z[Etc/UTC].
    23:47:35.852 | 446 ool-1-worker-210 | DEBUG | .c.s.m.InstanceMessageReceiveService : Received schedule participant score for exercise 3315 and participant 682 (result to be deleted: null)
    23:47:35.852 | 446 ool-1-worker-210 | DEBUG | .a.s.ParticipantScoreScheduleService : Scheduled task for exercise 3315 and participant 682 at 2025-02-14T23:47:35.952493672Z[Etc/UTC].
    23:47:35.853 | 446 ool-1-worker-210 | INFO  | i.z.t.d.l.EmbeddedDatabaseReporter   : JDBC URL to connect to 'dataSource': url='jdbc:h2:tcp://localhost:41063/mem:df70fc46-7e57-4cb5-9cd0-c1d90c14afa7;USER=sa', scope='ProgrammingAssessmentIntegrationTest#updateAssessmentAfterComplaint_automaticAssessment_forbidden'
    23:47:35.856 | 446 ool-1-worker-210 | DEBUG | d.t.c.a.a.c.s.f.ApiVersionFilter     : Adding Version to Request PUT /api/programming-submissions/1779/assessment-after-complaint
    23:47:35.857 | 446 ool-1-worker-210 | DEBUG | .a.p.w.ProgrammingAssessmentResource : REST request to update the assessment of manual result for submission 1779 after complaint.
    23:47:35.861 | 446 ool-1-worker-210 | WARN  | o.z.p.spring.common.AdviceTraits     : Forbidden: You are not allowed to access this resource

  Starting logs for ProgrammingAssessmentIntegrationTest > updateAssessmentAfterComplaint_dueDateNotPassed_forbidden()
    23:47:35.891 | 446 ool-1-worker-210 | DEBUG | d.t.c.a.a.c.u.util.UserUtilService   : Generate 3 students...
    23:47:35.902 | 446 ool-1-worker-210 | DEBUG | d.t.c.a.a.c.u.util.UserUtilService   : 3 students generated. Generate 2 tutors...
    23:47:35.906 | 446 ool-1-worker-210 | DEBUG | d.t.c.a.a.c.u.util.UserUtilService   : 2 tutors generated. Generate 0 editors...
    23:47:35.908 | 446 ool-1-worker-210 | DEBUG | d.t.c.a.a.c.u.util.UserUtilService   : 0 editors generated. Generate 2 instructors...
    23:47:35.912 | 446 ool-1-worker-210 | DEBUG | d.t.c.a.a.c.u.util.UserUtilService   : 2 instructors generated
    23:47:35.914 | 446 ool-1-worker-210 | DEBUG | d.t.c.a.a.c.u.util.UserUtilService   : Removing 7 users from all courses...
    23:47:35.915 | 446 ool-1-worker-210 | DEBUG | d.t.c.a.a.c.u.util.UserUtilService   : Removing 7 users from all courses. Done
    23:47:35.915 | 446 ool-1-worker-210 | DEBUG | d.t.c.a.a.c.u.util.UserUtilService   : Save 7 users to database...
    23:47:35.921 | 446 ool-1-worker-210 | DEBUG | d.t.c.a.a.c.u.util.UserUtilService   : Save 7 users to database. Done
    23:47:35.952 | 446 ool-1-worker-210 | DEBUG | .c.s.m.InstanceMessageReceiveService : Received schedule participant score for exercise 3316 and participant 681 (result to be deleted: null)
    23:47:35.952 | 446 ool-1-worker-210 | DEBUG | .a.s.ParticipantScoreScheduleService : Scheduled task for exercise 3316 and participant 681 at 2025-02-14T23:47:36.052514305Z[Etc/UTC].
    23:47:35.980 | 446 ool-1-worker-210 | DEBUG | .c.s.m.InstanceMessageReceiveService : Received schedule participant score for exercise 3316 and participant 681 (result to be deleted: null)
    23:47:35.980 | 446 ool-1-worker-210 | DEBUG | .a.s.ParticipantScoreScheduleService : Scheduled task for exercise 3316 and participant 681 at 2025-02-14T23:47:36.080420969Z[Etc/UTC].
    23:47:35.988 | 446 ool-1-worker-210 | DEBUG | PersonalAccessTokenManagementService : Generate secure vcs access token
    23:47:35.993 | 446 ool-1-worker-210 | DEBUG | .c.s.m.InstanceMessageReceiveService : Received schedule participant score for exercise 3316 and participant 682 (result to be deleted: null)
    23:47:35.993 | 446 ool-1-worker-210 | DEBUG | .a.s.ParticipantScoreScheduleService : Scheduled task for exercise 3316 and participant 682 at 2025-02-14T23:47:36.093860443Z[Etc/UTC].
    23:47:36.013 | 446 ool-1-worker-210 | DEBUG | .c.s.m.InstanceMessageReceiveService : Received schedule participant score for exercise 3316 and participant 682 (result to be deleted: null)
    23:47:36.013 | 446 ool-1-worker-210 | DEBUG | .a.s.ParticipantScoreScheduleService : Scheduled task for exercise 3316 and participant 682 at 2025-02-14T23:47:36.113298594Z[Etc/UTC].
    23:47:36.043 | 446 ool-1-worker-210 | DEBUG | .c.s.m.InstanceMessageReceiveService : Received schedule participant score for exercise 3316 and participant 682 (result to be deleted: null)
    23:47:36.044 | 446 ool-1-worker-210 | DEBUG | .a.s.ParticipantScoreScheduleService : Scheduled task for exercise 3316 and participant 682 at 2025-02-14T23:47:36.144050167Z[Etc/UTC].
    23:47:36.045 | 446 ool-1-worker-210 | INFO  | i.z.t.d.l.EmbeddedDatabaseReporter   : JDBC URL to connect to 'dataSource': url='jdbc:h2:tcp://localhost:41063/mem:df70fc46-7e57-4cb5-9cd0-c1d90c14afa7;USER=sa', scope='ProgrammingAssessmentIntegrationTest#updateAssessmentAfterComplaint_dueDateNotPassed_forbidden'
    23:47:36.053 | 446 ool-1-worker-210 | DEBUG | d.t.c.a.a.c.s.f.ApiVersionFilter     : Adding Version to Request PUT /api/programming-submissions/1781/assessment-after-complaint
    23:47:36.054 | 446 ool-1-worker-210 | DEBUG | .a.p.w.ProgrammingAssessmentResource : REST request to update the assessment of manual result for submission 1781 after complaint.
    23:47:36.062 | 446 ool-1-worker-210 | WARN  | o.z.p.spring.common.AdviceTraits     : Forbidden: You are not allowed to access this resource

  Starting logs for ProgrammingAssessmentIntegrationTest > cancelOwnAssessmentAsStudent()
    23:47:36.101 | 446 ool-1-worker-210 | DEBUG | d.t.c.a.a.c.u.util.UserUtilService   : Generate 3 students...
    23:47:36.107 | 446 ool-1-worker-210 | DEBUG | d.t.c.a.a.c.u.util.UserUtilService   : 3 students generated. Generate 2 tutors...
    23:47:36.110 | 446 ool-1-worker-210 | DEBUG | d.t.c.a.a.c.u.util.UserUtilService   : 2 tutors generated. Generate 0 editors...
    23:47:36.112 | 446 ool-1-worker-210 | DEBUG | d.t.c.a.a.c.u.util.UserUtilService   : 0 editors generated. Generate 2 instructors...
    23:47:36.116 | 446 ool-1-worker-210 | DEBUG | d.t.c.a.a.c.u.util.UserUtilService   : 2 instructors generated
    23:47:36.118 | 446 ool-1-worker-210 | DEBUG | d.t.c.a.a.c.u.util.UserUtilService   : Removing 7 users from all courses...
    23:47:36.120 | 446 ool-1-worker-210 | DEBUG | d.t.c.a.a.c.u.util.UserUtilService   : Removing 7 users from all courses. Done
    23:47:36.120 | 446 ool-1-worker-210 | DEBUG | d.t.c.a.a.c.u.util.UserUtilService   : Save 7 users to database...
    23:47:36.125 | 446 ool-1-worker-210 | DEBUG | d.t.c.a.a.c.u.util.UserUtilService   : Save 7 users to database. Done
    23:47:36.152 | 446 ool-1-worker-210 | DEBUG | .c.s.m.InstanceMessageReceiveService : Received schedule participant score for exercise 3317 and participant 681 (result to be deleted: null)
    23:47:36.152 | 446 ool-1-worker-210 | DEBUG | .a.s.ParticipantScoreScheduleService : Scheduled task for exercise 3317 and participant 681 at 2025-02-14T23:47:36.252787946Z[Etc/UTC].
    23:47:36.182 | 446 ool-1-worker-210 | DEBUG | .c.s.m.InstanceMessageReceiveService : Received schedule participant score for exercise 3317 and participant 681 (result to be deleted: null)
    23:47:36.182 | 446 ool-1-worker-210 | DEBUG | .a.s.ParticipantScoreScheduleService : Scheduled task for exercise 3317 and participant 681 at 2025-02-14T23:47:36.282618188Z[Etc/UTC].
    23:47:36.190 | 446 ool-1-worker-210 | DEBUG | PersonalAccessTokenManagementService : Generate secure vcs access token
    23:47:36.193 | 446 ool-1-worker-210 | DEBUG | .c.s.m.InstanceMessageReceiveService : Received schedule participant score for exercise 3317 and participant 682 (result to be deleted: null)
    23:47:36.193 | 446 ool-1-worker-210 | DEBUG | .a.s.ParticipantScoreScheduleService : Scheduled task for exercise 3317 and participant 682 at 2025-02-14T23:47:36.293171917Z[Etc/UTC].
    23:47:36.210 | 446 ool-1-worker-210 | DEBUG | .c.s.m.InstanceMessageReceiveService : Received schedule participant score for exercise 3317 and participant 682 (result to be deleted: null)
    23:47:36.210 | 446 ool-1-worker-210 | DEBUG | .a.s.ParticipantScoreScheduleService : Scheduled task for exercise 3317 and participant 682 at 2025-02-14T23:47:36.310608555Z[Etc/UTC].
    23:47:36.228 | 446 ool-1-worker-210 | DEBUG | .c.s.m.InstanceMessageReceiveService : Received schedule participant score for exercise 3317 and participant 682 (result to be deleted: null)
    23:47:36.228 | 446 ool-1-worker-210 | DEBUG | .a.s.ParticipantScoreScheduleService : Scheduled task for exercise 3317 and participant 682 at 2025-02-14T23:47:36.328320537Z[Etc/UTC].
    23:47:36.229 | 446 ool-1-worker-210 | INFO  | i.z.t.d.l.EmbeddedDatabaseReporter   : JDBC URL to connect to 'dataSource': url='jdbc:h2:tcp://localhost:41063/mem:df70fc46-7e57-4cb5-9cd0-c1d90c14afa7;USER=sa', scope='ProgrammingAssessmentIntegrationTest#cancelOwnAssessmentAsStudent'
    23:47:36.240 | 446 ool-1-worker-210 | DEBUG | .c.s.m.InstanceMessageReceiveService : Received schedule participant score for exercise 3317 and participant 681 (result to be deleted: null)
    23:47:36.240 | 446 ool-1-worker-210 | DEBUG | .a.s.ParticipantScoreScheduleService : Scheduled task for exercise 3317 and participant 681 at 2025-02-14T23:47:36.340463964Z[Etc/UTC].
    23:47:36.253 | 446 ool-1-worker-210 | DEBUG | .c.s.m.InstanceMessageReceiveService : Received schedule participant score for exercise 3317 and participant 681 (result to be deleted: null)
    23:47:36.253 | 446 ool-1-worker-210 | DEBUG | .a.s.ParticipantScoreScheduleService : Scheduled task for exercise 3317 and participant 681 at 2025-02-14T23:47:36.353929617Z[Etc/UTC].
    23:47:36.255 | 446 ool-1-worker-210 | DEBUG | d.t.c.a.a.c.s.f.ApiVersionFilter     : Adding Version to Request PUT /api/programming-submissions/1785/cancel-assessment
    23:47:36.257 | 446 ool-1-worker-210 | WARN  | o.z.p.spring.common.AdviceTraits     : Forbidden: Access Denied

Finished logs for ProgrammingAssessmentIntegrationTest
]]></system-out>
  <system-err><![CDATA[]]></system-err>
</testsuite>
