<?xml version="1.0" encoding="UTF-8"?>
<testsuite name="de.tum.cit.aet.artemis.exam.TestExamIntegrationTest" tests="17" skipped="0" failures="0" errors="0" timestamp="2025-02-14T23:45:43" hostname="fv-az1721-502" time="0.908">
  <properties/>
  <testcase name="testCreateTestExam_asInstructor_attendanceCheckTurnedOn()" classname="de.tum.cit.aet.artemis.exam.TestExamIntegrationTest" time="0.037"/>
  <testcase name="testGenerateMissingStudentExams_testExam()" classname="de.tum.cit.aet.artemis.exam.TestExamIntegrationTest" time="0.076"/>
  <testcase name="testCreateTestExam_asInstructor_badRequestWithWorkingTimeGreaterThanWorkingWindow()" classname="de.tum.cit.aet.artemis.exam.TestExamIntegrationTest" time="0.043"/>
  <testcase name="testCreateTestExam_asInstructor_realExam_CorrectionRoundViolation()" classname="de.tum.cit.aet.artemis.exam.TestExamIntegrationTest" time="0.04"/>
  <testcase name="testGetStudentExamForTestExamForStart_notRegisteredInCourse()" classname="de.tum.cit.aet.artemis.exam.TestExamIntegrationTest" time="0.042"/>
  <testcase name="testGetStudentExamForTestExamForStart_fetchExam_successful()" classname="de.tum.cit.aet.artemis.exam.TestExamIntegrationTest" time="0.041"/>
  <testcase name="testEvaluateQuizExercises_testExam()" classname="de.tum.cit.aet.artemis.exam.TestExamIntegrationTest" time="0.038"/>
  <testcase name="testGenerateStudentExams_testExam()" classname="de.tum.cit.aet.artemis.exam.TestExamIntegrationTest" time="0.037"/>
  <testcase name="testCreateTestExam_asInstructor_badRequestWithWorkingTimeSetToZero()" classname="de.tum.cit.aet.artemis.exam.TestExamIntegrationTest" time="0.036"/>
  <testcase name="testCreateTestExam_asInstructor_testExam_CorrectionRoundViolation()" classname="de.tum.cit.aet.artemis.exam.TestExamIntegrationTest" time="0.049"/>
  <testcase name="testUpdateTestExam_asInstructor_withExamModeChanged()" classname="de.tum.cit.aet.artemis.exam.TestExamIntegrationTest" time="0.101"/>
  <testcase name="testCreateTestExam_asInstructor_withVisibleDateEqualsStartDate()" classname="de.tum.cit.aet.artemis.exam.TestExamIntegrationTest" time="0.114"/>
  <testcase name="testDeleteStudentForTestExam_badRequest()" classname="de.tum.cit.aet.artemis.exam.TestExamIntegrationTest" time="0.069"/>
  <testcase name="testCreateTestExam_asInstructor()" classname="de.tum.cit.aet.artemis.exam.TestExamIntegrationTest" time="0.047"/>
  <testcase name="testGetStudentExamForTestExamForStart_ExamDoesNotBelongToCourse()" classname="de.tum.cit.aet.artemis.exam.TestExamIntegrationTest" time="0.042"/>
  <testcase name="testGetStudentExamForTestExamForStart_tooEarly()" classname="de.tum.cit.aet.artemis.exam.TestExamIntegrationTest" time="0.034"/>
  <testcase name="testGetStudentExamForTestExamForStart_notVisible()" classname="de.tum.cit.aet.artemis.exam.TestExamIntegrationTest" time="0.038"/>
  <system-out><![CDATA[
Starting logs for TestExamIntegrationTest

  Starting logs for TestExamIntegrationTest > testCreateTestExam_asInstructor_attendanceCheckTurnedOn()
    23:45:43.571 | 371 ool-1-worker-135 | DEBUG | d.t.c.a.a.c.u.util.UserUtilService   : Generate 1 students...
    23:45:43.574 | 371 ool-1-worker-135 | DEBUG | d.t.c.a.a.c.u.util.UserUtilService   : 1 students generated. Generate 1 tutors...
    23:45:43.575 | 371 ool-1-worker-135 | DEBUG | d.t.c.a.a.c.u.util.UserUtilService   : 1 tutors generated. Generate 0 editors...
    23:45:43.577 | 371 ool-1-worker-135 | DEBUG | d.t.c.a.a.c.u.util.UserUtilService   : 0 editors generated. Generate 1 instructors...
    23:45:43.579 | 371 ool-1-worker-135 | DEBUG | d.t.c.a.a.c.u.util.UserUtilService   : 1 instructors generated
    23:45:43.580 | 371 ool-1-worker-135 | DEBUG | d.t.c.a.a.c.u.util.UserUtilService   : Removing 1 users from all courses...
    23:45:43.581 | 371 ool-1-worker-135 | DEBUG | d.t.c.a.a.c.u.util.UserUtilService   : Removing 1 users from all courses. Done
    23:45:43.581 | 371 ool-1-worker-135 | DEBUG | d.t.c.a.a.c.u.util.UserUtilService   : Save 3 users to database...
    23:45:43.583 | 371 ool-1-worker-135 | DEBUG | d.t.c.a.a.c.u.util.UserUtilService   : Save 3 users to database. Done
    23:45:43.588 | 371 ool-1-worker-135 | INFO  | i.z.t.d.l.EmbeddedDatabaseReporter   : JDBC URL to connect to 'dataSource': url='jdbc:h2:tcp://localhost:41063/mem:df70fc46-7e57-4cb5-9cd0-c1d90c14afa7;USER=sa', scope='TestExamIntegrationTest#testCreateTestExam_asInstructor_attendanceCheckTurnedOn'
    23:45:43.590 | 371 ool-1-worker-135 | DEBUG | d.t.c.a.a.c.s.f.ApiVersionFilter     : Adding Version to Request POST /api/courses/1571/exams
    23:45:43.593 | 371 ool-1-worker-135 | DEBUG | d.t.c.a.a.exam.web.ExamResource      : REST request to create an exam : de.tum.cit.aet.artemis.exam.domain.Exam@0
    23:45:43.594 | 371 ool-1-worker-135 | ERROR | tech.jhipster.web.util.HeaderUtil    : Entity processing failed, A test exam cannot have attendance check turned on
    23:45:43.594 | 371 ool-1-worker-135 | WARN  | o.z.p.spring.common.AdviceTraits     : Bad Request: A test exam cannot have attendance check turned on

  Starting logs for TestExamIntegrationTest > testGenerateMissingStudentExams_testExam()
    23:45:43.618 | 371 ool-1-worker-135 | DEBUG | d.t.c.a.a.c.u.util.UserUtilService   : Generate 1 students...
    23:45:43.624 | 371 ool-1-worker-135 | DEBUG | d.t.c.a.a.c.u.util.UserUtilService   : 1 students generated. Generate 1 tutors...
    23:45:43.629 | 371 ool-1-worker-135 | DEBUG | d.t.c.a.a.c.u.util.UserUtilService   : 1 tutors generated. Generate 0 editors...
    23:45:43.633 | 371 ool-1-worker-135 | DEBUG | d.t.c.a.a.c.u.util.UserUtilService   : 0 editors generated. Generate 1 instructors...
    23:45:43.636 | 371 ool-1-worker-135 | DEBUG | d.t.c.a.a.c.u.util.UserUtilService   : 1 instructors generated
    23:45:43.639 | 371 ool-1-worker-135 | DEBUG | d.t.c.a.a.c.u.util.UserUtilService   : Removing 3 users from all courses...
    23:45:43.640 | 371 ool-1-worker-135 | DEBUG | d.t.c.a.a.c.u.util.UserUtilService   : Removing 3 users from all courses. Done
    23:45:43.640 | 371 ool-1-worker-135 | DEBUG | d.t.c.a.a.c.u.util.UserUtilService   : Save 3 users to database...
    23:45:43.649 | 371 ool-1-worker-135 | DEBUG | d.t.c.a.a.c.u.util.UserUtilService   : Save 3 users to database. Done
    23:45:43.663 | 371 ool-1-worker-135 | INFO  | i.z.t.d.l.EmbeddedDatabaseReporter   : JDBC URL to connect to 'dataSource': url='jdbc:h2:tcp://localhost:41063/mem:df70fc46-7e57-4cb5-9cd0-c1d90c14afa7;USER=sa', scope='TestExamIntegrationTest#testGenerateMissingStudentExams_testExam'
    23:45:43.664 | 371 ool-1-worker-135 | DEBUG | d.t.c.a.a.c.s.f.ApiVersionFilter     : Adding Version to Request POST /api/courses/1573/exams/198/generate-missing-student-exams
    23:45:43.667 | 371 ool-1-worker-135 | INFO  | d.t.c.a.a.exam.web.ExamResource      : REST request to generate missing student exams for exam 198
    23:45:43.672 | 371 ool-1-worker-135 | ERROR | tech.jhipster.web.util.HeaderUtil    : Entity processing failed, Generate student exams is only allowed for real exams
    23:45:43.672 | 371 ool-1-worker-135 | WARN  | o.z.p.spring.common.AdviceTraits     : Bad Request: Generate student exams is only allowed for real exams

  Starting logs for TestExamIntegrationTest > testCreateTestExam_asInstructor_badRequestWithWorkingTimeGreaterThanWorkingWindow()
    23:45:43.700 | 371 ool-1-worker-135 | DEBUG | d.t.c.a.a.c.u.util.UserUtilService   : Generate 1 students...
    23:45:43.704 | 371 ool-1-worker-135 | DEBUG | d.t.c.a.a.c.u.util.UserUtilService   : 1 students generated. Generate 1 tutors...
    23:45:43.706 | 371 ool-1-worker-135 | DEBUG | d.t.c.a.a.c.u.util.UserUtilService   : 1 tutors generated. Generate 0 editors...
    23:45:43.708 | 371 ool-1-worker-135 | DEBUG | d.t.c.a.a.c.u.util.UserUtilService   : 0 editors generated. Generate 1 instructors...
    23:45:43.710 | 371 ool-1-worker-135 | DEBUG | d.t.c.a.a.c.u.util.UserUtilService   : 1 instructors generated
    23:45:43.712 | 371 ool-1-worker-135 | DEBUG | d.t.c.a.a.c.u.util.UserUtilService   : Removing 3 users from all courses...
    23:45:43.712 | 371 ool-1-worker-135 | DEBUG | d.t.c.a.a.c.u.util.UserUtilService   : Removing 3 users from all courses. Done
    23:45:43.712 | 371 ool-1-worker-135 | DEBUG | d.t.c.a.a.c.u.util.UserUtilService   : Save 3 users to database...
    23:45:43.715 | 371 ool-1-worker-135 | DEBUG | d.t.c.a.a.c.u.util.UserUtilService   : Save 3 users to database. Done
    23:45:43.722 | 371 ool-1-worker-135 | INFO  | i.z.t.d.l.EmbeddedDatabaseReporter   : JDBC URL to connect to 'dataSource': url='jdbc:h2:tcp://localhost:41063/mem:df70fc46-7e57-4cb5-9cd0-c1d90c14afa7;USER=sa', scope='TestExamIntegrationTest#testCreateTestExam_asInstructor_badRequestWithWorkingTimeGreaterThanWorkingWindow'
    23:45:43.723 | 371 ool-1-worker-135 | DEBUG | d.t.c.a.a.c.s.f.ApiVersionFilter     : Adding Version to Request POST /api/courses/1575/exams
    23:45:43.724 | 371 ool-1-worker-135 | DEBUG | d.t.c.a.a.exam.web.ExamResource      : REST request to create an exam : de.tum.cit.aet.artemis.exam.domain.Exam@0
    23:45:43.724 | 371 ool-1-worker-135 | ERROR | tech.jhipster.web.util.HeaderUtil    : Entity processing failed, For TestExams, the working time must be at least 1 and at most the duration of the working window.
    23:45:43.725 | 371 ool-1-worker-135 | WARN  | o.z.p.spring.common.AdviceTraits     : Bad Request: For TestExams, the working time must be at least 1 and at most the duration of the working window.

  Starting logs for TestExamIntegrationTest > testCreateTestExam_asInstructor_realExam_CorrectionRoundViolation()
    23:45:43.737 | 371 ool-1-worker-135 | DEBUG | d.t.c.a.a.c.u.util.UserUtilService   : Generate 1 students...
    23:45:43.740 | 371 ool-1-worker-135 | DEBUG | d.t.c.a.a.c.u.util.UserUtilService   : 1 students generated. Generate 1 tutors...
    23:45:43.743 | 371 ool-1-worker-135 | DEBUG | d.t.c.a.a.c.u.util.UserUtilService   : 1 tutors generated. Generate 0 editors...
    23:45:43.744 | 371 ool-1-worker-135 | DEBUG | d.t.c.a.a.c.u.util.UserUtilService   : 0 editors generated. Generate 1 instructors...
    23:45:43.747 | 371 ool-1-worker-135 | DEBUG | d.t.c.a.a.c.u.util.UserUtilService   : 1 instructors generated
    23:45:43.748 | 371 ool-1-worker-135 | DEBUG | d.t.c.a.a.c.u.util.UserUtilService   : Removing 3 users from all courses...
    23:45:43.749 | 371 ool-1-worker-135 | DEBUG | d.t.c.a.a.c.u.util.UserUtilService   : Removing 3 users from all courses. Done
    23:45:43.749 | 371 ool-1-worker-135 | DEBUG | d.t.c.a.a.c.u.util.UserUtilService   : Save 3 users to database...
    23:45:43.752 | 371 ool-1-worker-135 | DEBUG | d.t.c.a.a.c.u.util.UserUtilService   : Save 3 users to database. Done
    23:45:43.759 | 371 ool-1-worker-135 | INFO  | i.z.t.d.l.EmbeddedDatabaseReporter   : JDBC URL to connect to 'dataSource': url='jdbc:h2:tcp://localhost:41063/mem:df70fc46-7e57-4cb5-9cd0-c1d90c14afa7;USER=sa', scope='TestExamIntegrationTest#testCreateTestExam_asInstructor_realExam_CorrectionRoundViolation'
    23:45:43.760 | 371 ool-1-worker-135 | DEBUG | d.t.c.a.a.c.s.f.ApiVersionFilter     : Adding Version to Request POST /api/courses/1577/exams
    23:45:43.761 | 371 ool-1-worker-135 | DEBUG | d.t.c.a.a.exam.web.ExamResource      : REST request to create an exam : de.tum.cit.aet.artemis.exam.domain.Exam@0
    23:45:43.762 | 371 ool-1-worker-135 | ERROR | tech.jhipster.web.util.HeaderUtil    : Entity processing failed, A realExam has to have either 1 or 2 correction rounds
    23:45:43.762 | 371 ool-1-worker-135 | WARN  | o.z.p.spring.common.AdviceTraits     : Bad Request: A realExam has to have either 1 or 2 correction rounds
    23:45:43.763 | 371 ool-1-worker-135 | DEBUG | d.t.c.a.a.c.s.f.ApiVersionFilter     : Adding Version to Request POST /api/courses/1577/exams
    23:45:43.763 | 371 ool-1-worker-135 | DEBUG | d.t.c.a.a.exam.web.ExamResource      : REST request to create an exam : de.tum.cit.aet.artemis.exam.domain.Exam@0
    23:45:43.764 | 371 ool-1-worker-135 | ERROR | tech.jhipster.web.util.HeaderUtil    : Entity processing failed, A realExam has to have either 1 or 2 correction rounds
    23:45:43.764 | 371 ool-1-worker-135 | WARN  | o.z.p.spring.common.AdviceTraits     : Bad Request: A realExam has to have either 1 or 2 correction rounds

  Starting logs for TestExamIntegrationTest > testGetStudentExamForTestExamForStart_notRegisteredInCourse()
    23:45:43.778 | 371 ool-1-worker-135 | DEBUG | d.t.c.a.a.c.u.util.UserUtilService   : Generate 1 students...
    23:45:43.781 | 371 ool-1-worker-135 | DEBUG | d.t.c.a.a.c.u.util.UserUtilService   : 1 students generated. Generate 1 tutors...
    23:45:43.783 | 371 ool-1-worker-135 | DEBUG | d.t.c.a.a.c.u.util.UserUtilService   : 1 tutors generated. Generate 0 editors...
    23:45:43.785 | 371 ool-1-worker-135 | DEBUG | d.t.c.a.a.c.u.util.UserUtilService   : 0 editors generated. Generate 1 instructors...
    23:45:43.787 | 371 ool-1-worker-135 | DEBUG | d.t.c.a.a.c.u.util.UserUtilService   : 1 instructors generated
    23:45:43.789 | 371 ool-1-worker-135 | DEBUG | d.t.c.a.a.c.u.util.UserUtilService   : Removing 3 users from all courses...
    23:45:43.790 | 371 ool-1-worker-135 | DEBUG | d.t.c.a.a.c.u.util.UserUtilService   : Removing 3 users from all courses. Done
    23:45:43.790 | 371 ool-1-worker-135 | DEBUG | d.t.c.a.a.c.u.util.UserUtilService   : Save 3 users to database...
    23:45:43.793 | 371 ool-1-worker-135 | DEBUG | d.t.c.a.a.c.u.util.UserUtilService   : Save 3 users to database. Done
    23:45:43.801 | 371 ool-1-worker-135 | INFO  | i.z.t.d.l.EmbeddedDatabaseReporter   : JDBC URL to connect to 'dataSource': url='jdbc:h2:tcp://localhost:41063/mem:df70fc46-7e57-4cb5-9cd0-c1d90c14afa7;USER=sa', scope='TestExamIntegrationTest#testGetStudentExamForTestExamForStart_notRegisteredInCourse'
    23:45:43.802 | 371 ool-1-worker-135 | DEBUG | d.t.c.a.a.c.s.f.ApiVersionFilter     : Adding Version to Request GET /api/courses/1579/exams/201/own-student-exam
    23:45:43.804 | 371 ool-1-worker-135 | DEBUG | d.t.c.a.a.exam.web.ExamResource      : REST request to get exam 201 for conduction
    23:45:43.806 | 371 ool-1-worker-135 | WARN  | o.z.p.spring.common.AdviceTraits     : Forbidden: You are not allowed to access the Course with id 1579

  Starting logs for TestExamIntegrationTest > testGetStudentExamForTestExamForStart_fetchExam_successful()
    23:45:43.821 | 371 ool-1-worker-135 | DEBUG | d.t.c.a.a.c.u.util.UserUtilService   : Generate 1 students...
    23:45:43.823 | 371 ool-1-worker-135 | DEBUG | d.t.c.a.a.c.u.util.UserUtilService   : 1 students generated. Generate 1 tutors...
    23:45:43.826 | 371 ool-1-worker-135 | DEBUG | d.t.c.a.a.c.u.util.UserUtilService   : 1 tutors generated. Generate 0 editors...
    23:45:43.827 | 371 ool-1-worker-135 | DEBUG | d.t.c.a.a.c.u.util.UserUtilService   : 0 editors generated. Generate 1 instructors...
    23:45:43.829 | 371 ool-1-worker-135 | DEBUG | d.t.c.a.a.c.u.util.UserUtilService   : 1 instructors generated
    23:45:43.831 | 371 ool-1-worker-135 | DEBUG | d.t.c.a.a.c.u.util.UserUtilService   : Removing 3 users from all courses...
    23:45:43.831 | 371 ool-1-worker-135 | DEBUG | d.t.c.a.a.c.u.util.UserUtilService   : Removing 3 users from all courses. Done
    23:45:43.831 | 371 ool-1-worker-135 | DEBUG | d.t.c.a.a.c.u.util.UserUtilService   : Save 3 users to database...
    23:45:43.834 | 371 ool-1-worker-135 | DEBUG | d.t.c.a.a.c.u.util.UserUtilService   : Save 3 users to database. Done
    23:45:43.840 | 371 ool-1-worker-135 | INFO  | i.z.t.d.l.EmbeddedDatabaseReporter   : JDBC URL to connect to 'dataSource': url='jdbc:h2:tcp://localhost:41063/mem:df70fc46-7e57-4cb5-9cd0-c1d90c14afa7;USER=sa', scope='TestExamIntegrationTest#testGetStudentExamForTestExamForStart_fetchExam_successful'
    23:45:43.845 | 371 ool-1-worker-135 | DEBUG | d.t.c.a.a.c.s.f.ApiVersionFilter     : Adding Version to Request GET /api/courses/1582/exams/203/own-student-exam
    23:45:43.846 | 371 ool-1-worker-135 | DEBUG | d.t.c.a.a.exam.web.ExamResource      : REST request to get exam 203 for conduction

  Starting logs for TestExamIntegrationTest > testEvaluateQuizExercises_testExam()
    23:45:43.862 | 371 ool-1-worker-135 | DEBUG | d.t.c.a.a.c.u.util.UserUtilService   : Generate 1 students...
    23:45:43.864 | 371 ool-1-worker-135 | DEBUG | d.t.c.a.a.c.u.util.UserUtilService   : 1 students generated. Generate 1 tutors...
    23:45:43.867 | 371 ool-1-worker-135 | DEBUG | d.t.c.a.a.c.u.util.UserUtilService   : 1 tutors generated. Generate 0 editors...
    23:45:43.868 | 371 ool-1-worker-135 | DEBUG | d.t.c.a.a.c.u.util.UserUtilService   : 0 editors generated. Generate 1 instructors...
    23:45:43.871 | 371 ool-1-worker-135 | DEBUG | d.t.c.a.a.c.u.util.UserUtilService   : 1 instructors generated
    23:45:43.872 | 371 ool-1-worker-135 | DEBUG | d.t.c.a.a.c.u.util.UserUtilService   : Removing 3 users from all courses...
    23:45:43.873 | 371 ool-1-worker-135 | DEBUG | d.t.c.a.a.c.u.util.UserUtilService   : Removing 3 users from all courses. Done
    23:45:43.873 | 371 ool-1-worker-135 | DEBUG | d.t.c.a.a.c.u.util.UserUtilService   : Save 3 users to database...
    23:45:43.876 | 371 ool-1-worker-135 | DEBUG | d.t.c.a.a.c.u.util.UserUtilService   : Save 3 users to database. Done
    23:45:43.883 | 371 ool-1-worker-135 | INFO  | i.z.t.d.l.EmbeddedDatabaseReporter   : JDBC URL to connect to 'dataSource': url='jdbc:h2:tcp://localhost:41063/mem:df70fc46-7e57-4cb5-9cd0-c1d90c14afa7;USER=sa', scope='TestExamIntegrationTest#testEvaluateQuizExercises_testExam'
    23:45:43.884 | 371 ool-1-worker-135 | DEBUG | d.t.c.a.a.c.s.f.ApiVersionFilter     : Adding Version to Request POST /api/courses/1583/exams/204/student-exams/evaluate-quiz-exercises
    23:45:43.886 | 371 ool-1-worker-135 | INFO  | d.t.c.a.a.exam.web.ExamResource      : REST request to evaluate quiz exercises of exam 204
    23:45:43.889 | 371 ool-1-worker-135 | ERROR | tech.jhipster.web.util.HeaderUtil    : Entity processing failed, There are still exams running, quizzes can only be evaluated once all exams are finished.
    23:45:43.889 | 371 ool-1-worker-135 | WARN  | o.z.p.spring.common.AdviceTraits     : Bad Request: There are still exams running, quizzes can only be evaluated once all exams are finished.

  Starting logs for TestExamIntegrationTest > testGenerateStudentExams_testExam()
    23:45:43.901 | 371 ool-1-worker-135 | DEBUG | d.t.c.a.a.c.u.util.UserUtilService   : Generate 1 students...
    23:45:43.904 | 371 ool-1-worker-135 | DEBUG | d.t.c.a.a.c.u.util.UserUtilService   : 1 students generated. Generate 1 tutors...
    23:45:43.906 | 371 ool-1-worker-135 | DEBUG | d.t.c.a.a.c.u.util.UserUtilService   : 1 tutors generated. Generate 0 editors...
    23:45:43.907 | 371 ool-1-worker-135 | DEBUG | d.t.c.a.a.c.u.util.UserUtilService   : 0 editors generated. Generate 1 instructors...
    23:45:43.910 | 371 ool-1-worker-135 | DEBUG | d.t.c.a.a.c.u.util.UserUtilService   : 1 instructors generated
    23:45:43.911 | 371 ool-1-worker-135 | DEBUG | d.t.c.a.a.c.u.util.UserUtilService   : Removing 3 users from all courses...
    23:45:43.912 | 371 ool-1-worker-135 | DEBUG | d.t.c.a.a.c.u.util.UserUtilService   : Removing 3 users from all courses. Done
    23:45:43.912 | 371 ool-1-worker-135 | DEBUG | d.t.c.a.a.c.u.util.UserUtilService   : Save 3 users to database...
    23:45:43.914 | 371 ool-1-worker-135 | DEBUG | d.t.c.a.a.c.u.util.UserUtilService   : Save 3 users to database. Done
    23:45:43.921 | 371 ool-1-worker-135 | INFO  | i.z.t.d.l.EmbeddedDatabaseReporter   : JDBC URL to connect to 'dataSource': url='jdbc:h2:tcp://localhost:41063/mem:df70fc46-7e57-4cb5-9cd0-c1d90c14afa7;USER=sa', scope='TestExamIntegrationTest#testGenerateStudentExams_testExam'
    23:45:43.922 | 371 ool-1-worker-135 | DEBUG | d.t.c.a.a.c.s.f.ApiVersionFilter     : Adding Version to Request POST /api/courses/1585/exams/205/generate-student-exams
    23:45:43.923 | 371 ool-1-worker-135 | INFO  | d.t.c.a.a.exam.web.ExamResource      : REST request to generate student exams for exam 205
    23:45:43.928 | 371 ool-1-worker-135 | ERROR | tech.jhipster.web.util.HeaderUtil    : Entity processing failed, Generate student exams is only allowed for real exams
    23:45:43.928 | 371 ool-1-worker-135 | WARN  | o.z.p.spring.common.AdviceTraits     : Bad Request: Generate student exams is only allowed for real exams

  Starting logs for TestExamIntegrationTest > testCreateTestExam_asInstructor_badRequestWithWorkingTimeSetToZero()
    23:45:43.940 | 371 ool-1-worker-135 | DEBUG | d.t.c.a.a.c.u.util.UserUtilService   : Generate 1 students...
    23:45:43.943 | 371 ool-1-worker-135 | DEBUG | d.t.c.a.a.c.u.util.UserUtilService   : 1 students generated. Generate 1 tutors...
    23:45:43.945 | 371 ool-1-worker-135 | DEBUG | d.t.c.a.a.c.u.util.UserUtilService   : 1 tutors generated. Generate 0 editors...
    23:45:43.947 | 371 ool-1-worker-135 | DEBUG | d.t.c.a.a.c.u.util.UserUtilService   : 0 editors generated. Generate 1 instructors...
    23:45:43.949 | 371 ool-1-worker-135 | DEBUG | d.t.c.a.a.c.u.util.UserUtilService   : 1 instructors generated
    23:45:43.951 | 371 ool-1-worker-135 | DEBUG | d.t.c.a.a.c.u.util.UserUtilService   : Removing 3 users from all courses...
    23:45:43.951 | 371 ool-1-worker-135 | DEBUG | d.t.c.a.a.c.u.util.UserUtilService   : Removing 3 users from all courses. Done
    23:45:43.951 | 371 ool-1-worker-135 | DEBUG | d.t.c.a.a.c.u.util.UserUtilService   : Save 3 users to database...
    23:45:43.955 | 371 ool-1-worker-135 | DEBUG | d.t.c.a.a.c.u.util.UserUtilService   : Save 3 users to database. Done
    23:45:43.962 | 371 ool-1-worker-135 | INFO  | i.z.t.d.l.EmbeddedDatabaseReporter   : JDBC URL to connect to 'dataSource': url='jdbc:h2:tcp://localhost:41063/mem:df70fc46-7e57-4cb5-9cd0-c1d90c14afa7;USER=sa', scope='TestExamIntegrationTest#testCreateTestExam_asInstructor_badRequestWithWorkingTimeSetToZero'
    23:45:43.963 | 371 ool-1-worker-135 | DEBUG | d.t.c.a.a.c.s.f.ApiVersionFilter     : Adding Version to Request POST /api/courses/1587/exams
    23:45:43.964 | 371 ool-1-worker-135 | DEBUG | d.t.c.a.a.exam.web.ExamResource      : REST request to create an exam : de.tum.cit.aet.artemis.exam.domain.Exam@0
    23:45:43.964 | 371 ool-1-worker-135 | ERROR | tech.jhipster.web.util.HeaderUtil    : Entity processing failed, For TestExams, the working time must be at least 1 and at most the duration of the working window.
    23:45:43.964 | 371 ool-1-worker-135 | WARN  | o.z.p.spring.common.AdviceTraits     : Bad Request: For TestExams, the working time must be at least 1 and at most the duration of the working window.

  Starting logs for TestExamIntegrationTest > testCreateTestExam_asInstructor_testExam_CorrectionRoundViolation()
    23:45:43.978 | 371 ool-1-worker-135 | DEBUG | d.t.c.a.a.c.u.util.UserUtilService   : Generate 1 students...
    23:45:43.982 | 371 ool-1-worker-135 | DEBUG | d.t.c.a.a.c.u.util.UserUtilService   : 1 students generated. Generate 1 tutors...
    23:45:43.987 | 371 ool-1-worker-135 | DEBUG | d.t.c.a.a.c.u.util.UserUtilService   : 1 tutors generated. Generate 0 editors...
    23:45:43.990 | 371 ool-1-worker-135 | DEBUG | d.t.c.a.a.c.u.util.UserUtilService   : 0 editors generated. Generate 1 instructors...
    23:45:43.990 | 566 localvc.event-13 | DEBUG | a.a.b.s.SharedQueueProcessingService : CIBuildJobQueueItem added to queue: BuildJobQueueItem[id=20261739576743984, name=SHORT53C73BE505404043100AC2F00C039353CE8FTSTEXC-LOCALVCCIINTSTUDENT1, buildAgent=BuildAgentDTO[name=null, memberAddress=null, displayName=null], participationId=2026, courseId=991, exerciseId=2608, retryCount=0, priority=1, status=null, repositoryInfo=RepositoryInfo[repositoryName=short53c73be505404043100ac2f00c039353ce8ftstexc-localvcciintstudent1, repositoryType=user, triggeredByPushTo=user, assignmentRepositoryUri=http://localhost:49152/git/SHORT53C73BE505404043100AC2F00C039353CE8FTSTEXC/short53c73be505404043100ac2f00c039353ce8ftstexc-localvcciintstudent1.git, testRepositoryUri=http://localhost:49152/git/SHORT53C73BE505404043100AC2F00C039353CE8FTSTEXC/short53c73be505404043100ac2f00c039353ce8ftstexc-tests.git, solutionRepositoryUri=null, auxiliaryRepositoryUris=[Ljava.lang.String;@451baa2, auxiliaryRepositoryCheckoutDirectories=[Ljava.lang.String;@681196b7], jobTimingInfo=JobTimingInfo[submissionDate=2025-02-14T23:45:43.984518859Z[Etc/UTC], buildStartDate=null, buildCompletionDate=null, estimatedCompletionDate=null, estimatedDuration=19], buildConfig=BuildConfig[buildScript=#!/bin/bash
cd /var/tmp/testing-dir
chmod +x ./gradlew
./gradlew clean test
, dockerImage=dummy-docker-image:latest, commitHashToBuild=3e90ae9fef2e44ffb41451a080bdaa6a44ad6848, assignmentCommitHash=3e90ae9fef2e44ffb41451a080bdaa6a44ad6848, testCommitHash=0582754c87aae13e640312855ce7dbe490ecb50c, branch=main, programmingLanguage=JAVA, projectType=PLAIN_GRADLE, scaEnabled=false, sequentialTestRunsEnabled=false, resultPaths=[/var/tmp/testing-dir/**/test-results/test/*.xml], timeoutSeconds=0, assignmentCheckoutPath=null, testCheckoutPath=null, solutionCheckoutPath=null, dockerRunConfig=null], submissionResult=null]
    23:45:43.991 | 566 localvc.event-13 | DEBUG | a.a.b.s.SharedQueueProcessingService : Current queued items: 1
    23:45:43.991 | 566 localvc.event-13 | DEBUG | a.a.b.s.SharedQueueProcessingService : Currently processing jobs on this node: 0, active threads in Pool: 0, maximum pool size of thread executor : 1
    23:45:43.991 | 566 localvc.event-13 | DEBUG | a.a.b.s.SharedQueueProcessingService : Currently processing jobs on this node: 0, active threads in Pool: 0, maximum pool size of thread executor : 1
    23:45:43.993 | 566 localvc.event-13 | INFO  | a.a.b.s.SharedQueueProcessingService : Processing build job: BuildJobQueueItem[id=20261739576743984, name=SHORT53C73BE505404043100AC2F00C039353CE8FTSTEXC-LOCALVCCIINTSTUDENT1, buildAgent=BuildAgentDTO[name=artemis-build-agent-test, memberAddress=[127.0.0.1]:5703, displayName=artemis-build-agent-test], participationId=2026, courseId=991, exerciseId=2608, retryCount=0, priority=1, status=null, repositoryInfo=RepositoryInfo[repositoryName=short53c73be505404043100ac2f00c039353ce8ftstexc-localvcciintstudent1, repositoryType=user, triggeredByPushTo=user, assignmentRepositoryUri=http://localhost:49152/git/SHORT53C73BE505404043100AC2F00C039353CE8FTSTEXC/short53c73be505404043100ac2f00c039353ce8ftstexc-localvcciintstudent1.git, testRepositoryUri=http://localhost:49152/git/SHORT53C73BE505404043100AC2F00C039353CE8FTSTEXC/short53c73be505404043100ac2f00c039353ce8ftstexc-tests.git, solutionRepositoryUri=null, auxiliaryRepositoryUris=[Ljava.lang.String;@6563dbcc, auxiliaryRepositoryCheckoutDirectories=[Ljava.lang.String;@3c589caf], jobTimingInfo=JobTimingInfo[submissionDate=2025-02-14T23:45:43.984518859Z[Etc/UTC], buildStartDate=2025-02-14T23:45:43.991385682Z[Etc/UTC], buildCompletionDate=null, estimatedCompletionDate=2025-02-14T23:46:02.991380122Z[Etc/UTC], estimatedDuration=19], buildConfig=BuildConfig[buildScript=#!/bin/bash
cd /var/tmp/testing-dir
chmod +x ./gradlew
./gradlew clean test
, dockerImage=dummy-docker-image:latest, commitHashToBuild=3e90ae9fef2e44ffb41451a080bdaa6a44ad6848, assignmentCommitHash=3e90ae9fef2e44ffb41451a080bdaa6a44ad6848, testCommitHash=0582754c87aae13e640312855ce7dbe490ecb50c, branch=main, programmingLanguage=JAVA, projectType=PLAIN_GRADLE, scaEnabled=false, sequentialTestRunsEnabled=false, resultPaths=[/var/tmp/testing-dir/**/test-results/test/*.xml], timeoutSeconds=0, assignmentCheckoutPath=null, testCheckoutPath=null, solutionCheckoutPath=null, dockerRunConfig=null], submissionResult=null]
    23:45:43.996 | 371 ool-1-worker-135 | DEBUG | d.t.c.a.a.c.u.util.UserUtilService   : 1 instructors generated
    23:45:43.998 | 371 ool-1-worker-135 | DEBUG | d.t.c.a.a.c.u.util.UserUtilService   : Removing 3 users from all courses...
    23:45:43.999 | 371 ool-1-worker-135 | DEBUG | d.t.c.a.a.c.u.util.UserUtilService   : Removing 3 users from all courses. Done
    23:45:43.999 | 371 ool-1-worker-135 | DEBUG | d.t.c.a.a.c.u.util.UserUtilService   : Save 3 users to database...
    23:45:44.002 | 371 ool-1-worker-135 | DEBUG | d.t.c.a.a.c.u.util.UserUtilService   : Save 3 users to database. Done
    23:45:44.011 | 371 ool-1-worker-135 | INFO  | i.z.t.d.l.EmbeddedDatabaseReporter   : JDBC URL to connect to 'dataSource': url='jdbc:h2:tcp://localhost:41063/mem:df70fc46-7e57-4cb5-9cd0-c1d90c14afa7;USER=sa', scope='TestExamIntegrationTest#testCreateTestExam_asInstructor_testExam_CorrectionRoundViolation'
    23:45:44.012 | 371 ool-1-worker-135 | DEBUG | d.t.c.a.a.c.s.f.ApiVersionFilter     : Adding Version to Request POST /api/courses/1589/exams
    23:45:44.013 | 371 ool-1-worker-135 | DEBUG | d.t.c.a.a.exam.web.ExamResource      : REST request to create an exam : de.tum.cit.aet.artemis.exam.domain.Exam@0
    23:45:44.014 | 371 ool-1-worker-135 | ERROR | tech.jhipster.web.util.HeaderUtil    : Entity processing failed, A testExam has to have 0 correction rounds
    23:45:44.014 | 371 ool-1-worker-135 | WARN  | o.z.p.spring.common.AdviceTraits     : Bad Request: A testExam has to have 0 correction rounds

  Starting logs for TestExamIntegrationTest > testUpdateTestExam_asInstructor_withExamModeChanged()
    23:45:44.027 | 371 ool-1-worker-135 | DEBUG | d.t.c.a.a.c.u.util.UserUtilService   : Generate 1 students...
    23:45:44.030 | 371 ool-1-worker-135 | DEBUG | d.t.c.a.a.c.u.util.UserUtilService   : 1 students generated. Generate 1 tutors...
    23:45:44.032 | 371 ool-1-worker-135 | DEBUG | d.t.c.a.a.c.u.util.UserUtilService   : 1 tutors generated. Generate 0 editors...
    23:45:44.034 | 371 ool-1-worker-135 | DEBUG | d.t.c.a.a.c.u.util.UserUtilService   : 0 editors generated. Generate 1 instructors...
    23:45:44.038 | 371 ool-1-worker-135 | DEBUG | d.t.c.a.a.c.u.util.UserUtilService   : 1 instructors generated
    23:45:44.040 | 371 ool-1-worker-135 | DEBUG | d.t.c.a.a.c.u.util.UserUtilService   : Removing 3 users from all courses...
    23:45:44.041 | 371 ool-1-worker-135 | DEBUG | d.t.c.a.a.c.u.util.UserUtilService   : Removing 3 users from all courses. Done
    23:45:44.041 | 371 ool-1-worker-135 | DEBUG | d.t.c.a.a.c.u.util.UserUtilService   : Save 3 users to database...
    23:45:44.049 | 371 ool-1-worker-135 | DEBUG | d.t.c.a.a.c.u.util.UserUtilService   : Save 3 users to database. Done
    23:45:44.068 | 371 ool-1-worker-135 | INFO  | i.z.t.d.l.EmbeddedDatabaseReporter   : JDBC URL to connect to 'dataSource': url='jdbc:h2:tcp://localhost:41063/mem:df70fc46-7e57-4cb5-9cd0-c1d90c14afa7;USER=sa', scope='TestExamIntegrationTest#testUpdateTestExam_asInstructor_withExamModeChanged'
    23:45:44.075 | 371 ool-1-worker-135 | DEBUG | d.t.c.a.a.c.s.f.ApiVersionFilter     : Adding Version to Request POST /api/courses/1591/exams
    23:45:44.076 | 371 ool-1-worker-135 | DEBUG | d.t.c.a.a.exam.web.ExamResource      : REST request to create an exam : de.tum.cit.aet.artemis.exam.domain.Exam@0
    23:45:44.095 | 371 ool-1-worker-135 | DEBUG | d.t.c.a.a.c.s.f.ApiVersionFilter     : Adding Version to Request PUT /api/courses/1591/exams
    23:45:44.097 | 371 ool-1-worker-135 | DEBUG | d.t.c.a.a.exam.web.ExamResource      : REST request to update an exam : de.tum.cit.aet.artemis.exam.domain.Exam@d1
    23:45:44.099 | 371 ool-1-worker-135 | WARN  | o.z.p.spring.common.AdviceTraits     : Conflict: The Exam Mode cannot be changed after creation
    23:45:44.101 | 371 ool-1-worker-135 | DEBUG | d.t.c.a.a.c.s.f.ApiVersionFilter     : Adding Version to Request POST /api/courses/1591/exams
    23:45:44.101 | 371 ool-1-worker-135 | DEBUG | d.t.c.a.a.exam.web.ExamResource      : REST request to create an exam : de.tum.cit.aet.artemis.exam.domain.Exam@0
    23:45:44.113 | 371 ool-1-worker-135 | DEBUG | d.t.c.a.a.c.s.f.ApiVersionFilter     : Adding Version to Request PUT /api/courses/1591/exams
    23:45:44.114 | 371 ool-1-worker-135 | DEBUG | d.t.c.a.a.exam.web.ExamResource      : REST request to update an exam : de.tum.cit.aet.artemis.exam.domain.Exam@d2
    23:45:44.116 | 371 ool-1-worker-135 | WARN  | o.z.p.spring.common.AdviceTraits     : Conflict: The Exam Mode cannot be changed after creation

  Starting logs for TestExamIntegrationTest > testCreateTestExam_asInstructor_withVisibleDateEqualsStartDate()
    23:45:44.129 | 371 ool-1-worker-135 | DEBUG | d.t.c.a.a.c.u.util.UserUtilService   : Generate 1 students...
    23:45:44.132 | 371 ool-1-worker-135 | DEBUG | d.t.c.a.a.c.u.util.UserUtilService   : 1 students generated. Generate 1 tutors...
    23:45:44.134 | 371 ool-1-worker-135 | DEBUG | d.t.c.a.a.c.u.util.UserUtilService   : 1 tutors generated. Generate 0 editors...
    23:45:44.136 | 371 ool-1-worker-135 | DEBUG | d.t.c.a.a.c.u.util.UserUtilService   : 0 editors generated. Generate 1 instructors...
    23:45:44.138 | 371 ool-1-worker-135 | DEBUG | d.t.c.a.a.c.u.util.UserUtilService   : 1 instructors generated
    23:45:44.140 | 371 ool-1-worker-135 | DEBUG | d.t.c.a.a.c.u.util.UserUtilService   : Removing 3 users from all courses...
    23:45:44.141 | 371 ool-1-worker-135 | DEBUG | d.t.c.a.a.c.u.util.UserUtilService   : Removing 3 users from all courses. Done
    23:45:44.141 | 371 ool-1-worker-135 | DEBUG | d.t.c.a.a.c.u.util.UserUtilService   : Save 3 users to database...
    23:45:44.144 | 371 ool-1-worker-135 | DEBUG | d.t.c.a.a.c.u.util.UserUtilService   : Save 3 users to database. Done
    23:45:44.152 | 371 ool-1-worker-135 | INFO  | i.z.t.d.l.EmbeddedDatabaseReporter   : JDBC URL to connect to 'dataSource': url='jdbc:h2:tcp://localhost:41063/mem:df70fc46-7e57-4cb5-9cd0-c1d90c14afa7;USER=sa', scope='TestExamIntegrationTest#testCreateTestExam_asInstructor_withVisibleDateEqualsStartDate'
    23:45:44.153 | 371 ool-1-worker-135 | DEBUG | d.t.c.a.a.c.s.f.ApiVersionFilter     : Adding Version to Request POST /api/courses/1593/exams
    23:45:44.154 | 371 ool-1-worker-135 | DEBUG | d.t.c.a.a.exam.web.ExamResource      : REST request to create an exam : de.tum.cit.aet.artemis.exam.domain.Exam@0

  Starting logs for TestExamIntegrationTest > testDeleteStudentForTestExam_badRequest()
    23:45:44.245 | 371 ool-1-worker-135 | DEBUG | d.t.c.a.a.c.u.util.UserUtilService   : Generate 1 students...
    23:45:44.248 | 371 ool-1-worker-135 | DEBUG | d.t.c.a.a.c.u.util.UserUtilService   : 1 students generated. Generate 1 tutors...
    23:45:44.250 | 371 ool-1-worker-135 | DEBUG | d.t.c.a.a.c.u.util.UserUtilService   : 1 tutors generated. Generate 0 editors...
    23:45:44.252 | 371 ool-1-worker-135 | DEBUG | d.t.c.a.a.c.u.util.UserUtilService   : 0 editors generated. Generate 1 instructors...
    23:45:44.254 | 371 ool-1-worker-135 | DEBUG | d.t.c.a.a.c.u.util.UserUtilService   : 1 instructors generated
    23:45:44.256 | 371 ool-1-worker-135 | DEBUG | d.t.c.a.a.c.u.util.UserUtilService   : Removing 3 users from all courses...
    23:45:44.257 | 371 ool-1-worker-135 | DEBUG | d.t.c.a.a.c.u.util.UserUtilService   : Removing 3 users from all courses. Done
    23:45:44.257 | 371 ool-1-worker-135 | DEBUG | d.t.c.a.a.c.u.util.UserUtilService   : Save 3 users to database...
    23:45:44.260 | 371 ool-1-worker-135 | DEBUG | d.t.c.a.a.c.u.util.UserUtilService   : Save 3 users to database. Done
    23:45:44.267 | 371 ool-1-worker-135 | INFO  | i.z.t.d.l.EmbeddedDatabaseReporter   : JDBC URL to connect to 'dataSource': url='jdbc:h2:tcp://localhost:41063/mem:df70fc46-7e57-4cb5-9cd0-c1d90c14afa7;USER=sa', scope='TestExamIntegrationTest#testDeleteStudentForTestExam_badRequest'
    23:45:44.298 | 371 ool-1-worker-135 | DEBUG | d.t.c.a.a.c.s.f.ApiVersionFilter     : Adding Version to Request DELETE /api/courses/1595/exams/214/students/testexamintegrationstudent1
    23:45:44.299 | 371 ool-1-worker-135 | DEBUG | d.t.c.a.a.exam.web.ExamResource      : REST request to remove testexamintegrationstudent1 as student from exam : 214
    23:45:44.303 | 371 ool-1-worker-135 | ERROR | tech.jhipster.web.util.HeaderUtil    : Entity processing failed, Deletion of users is only allowed for real exams
    23:45:44.303 | 371 ool-1-worker-135 | WARN  | o.z.p.spring.common.AdviceTraits     : Bad Request: Deletion of users is only allowed for real exams

  Starting logs for TestExamIntegrationTest > testCreateTestExam_asInstructor()
    23:45:44.313 | 371 ool-1-worker-135 | DEBUG | d.t.c.a.a.c.u.util.UserUtilService   : Generate 1 students...
    23:45:44.315 | 371 ool-1-worker-135 | DEBUG | d.t.c.a.a.c.u.util.UserUtilService   : 1 students generated. Generate 1 tutors...
    23:45:44.318 | 371 ool-1-worker-135 | DEBUG | d.t.c.a.a.c.u.util.UserUtilService   : 1 tutors generated. Generate 0 editors...
    23:45:44.319 | 371 ool-1-worker-135 | DEBUG | d.t.c.a.a.c.u.util.UserUtilService   : 0 editors generated. Generate 1 instructors...
    23:45:44.321 | 371 ool-1-worker-135 | DEBUG | d.t.c.a.a.c.u.util.UserUtilService   : 1 instructors generated
    23:45:44.322 | 371 ool-1-worker-135 | DEBUG | d.t.c.a.a.c.u.util.UserUtilService   : Removing 3 users from all courses...
    23:45:44.322 | 371 ool-1-worker-135 | DEBUG | d.t.c.a.a.c.u.util.UserUtilService   : Removing 3 users from all courses. Done
    23:45:44.322 | 371 ool-1-worker-135 | DEBUG | d.t.c.a.a.c.u.util.UserUtilService   : Save 3 users to database...
    23:45:44.324 | 371 ool-1-worker-135 | DEBUG | d.t.c.a.a.c.u.util.UserUtilService   : Save 3 users to database. Done
    23:45:44.330 | 371 ool-1-worker-135 | INFO  | i.z.t.d.l.EmbeddedDatabaseReporter   : JDBC URL to connect to 'dataSource': url='jdbc:h2:tcp://localhost:41063/mem:df70fc46-7e57-4cb5-9cd0-c1d90c14afa7;USER=sa', scope='TestExamIntegrationTest#testCreateTestExam_asInstructor'
    23:45:44.331 | 371 ool-1-worker-135 | DEBUG | d.t.c.a.a.c.s.f.ApiVersionFilter     : Adding Version to Request POST /api/courses/1597/exams
    23:45:44.331 | 371 ool-1-worker-135 | DEBUG | d.t.c.a.a.exam.web.ExamResource      : REST request to create an exam : de.tum.cit.aet.artemis.exam.domain.Exam@0
    23:45:44.336 | 641 nt.HealthMonitor | INFO  | c.h.i.diagnostics.HealthMonitor      : [127.0.0.1]:5704 [dev] [5.5.0] processors=4, physical.memory.total=15.6G, physical.memory.free=2.0G, swap.space.total=0, swap.space.free=0, heap.memory.used=2.0G, heap.memory.free=1.3G, heap.memory.total=3.2G, heap.memory.max=6.0G, heap.memory.used/total=60.65%, heap.memory.used/max=32.54%, minor.gc.count=176, minor.gc.time=8527ms, major.gc.count=0, major.gc.time=0ms, unknown.gc.count=76, unknown.gc.time=1433ms, load.process=0.00%, load.system=95.58%, load.systemAverage=6.71, thread.count=510, thread.peakCount=512, cluster.timeDiff=0, event.q.size=0, executor.q.async.size=0, executor.q.client.size=0, executor.q.client.query.size=0, executor.q.client.blocking.size=0, executor.q.query.size=0, executor.q.scheduled.size=0, executor.q.io.size=0, executor.q.system.size=0, executor.q.operations.size=0, executor.q.priorityOperation.size=0, operations.completed.count=1850, executor.q.mapLoad.size=0, executor.q.mapLoadAllKeys.size=0, executor.q.cluster.size=0, executor.q.response.size=0, operations.running.count=0, operations.pending.invocations.percentage=0.00%, operations.pending.invocations.count=0, proxy.count=212, clientEndpoint.count=0, connection.active.count=0, client.connection.count=0, connection.count=0
    23:45:44.342 | 371 ool-1-worker-135 | DEBUG | d.t.c.a.a.c.s.f.ApiVersionFilter     : Adding Version to Request GET /api/courses/1597/exams/216
    23:45:44.345 | 371 ool-1-worker-135 | DEBUG | d.t.c.a.a.exam.web.ExamResource      : REST request to get exam : 216

  Starting logs for TestExamIntegrationTest > testGetStudentExamForTestExamForStart_ExamDoesNotBelongToCourse()
    23:45:44.363 | 371 ool-1-worker-135 | DEBUG | d.t.c.a.a.c.u.util.UserUtilService   : Generate 1 students...
    23:45:44.365 | 371 ool-1-worker-135 | DEBUG | d.t.c.a.a.c.u.util.UserUtilService   : 1 students generated. Generate 1 tutors...
    23:45:44.368 | 371 ool-1-worker-135 | DEBUG | d.t.c.a.a.c.u.util.UserUtilService   : 1 tutors generated. Generate 0 editors...
    23:45:44.369 | 371 ool-1-worker-135 | DEBUG | d.t.c.a.a.c.u.util.UserUtilService   : 0 editors generated. Generate 1 instructors...
    23:45:44.371 | 371 ool-1-worker-135 | DEBUG | d.t.c.a.a.c.u.util.UserUtilService   : 1 instructors generated
    23:45:44.372 | 371 ool-1-worker-135 | DEBUG | d.t.c.a.a.c.u.util.UserUtilService   : Removing 3 users from all courses...
    23:45:44.372 | 371 ool-1-worker-135 | DEBUG | d.t.c.a.a.c.u.util.UserUtilService   : Removing 3 users from all courses. Done
    23:45:44.372 | 371 ool-1-worker-135 | DEBUG | d.t.c.a.a.c.u.util.UserUtilService   : Save 3 users to database...
    23:45:44.374 | 371 ool-1-worker-135 | DEBUG | d.t.c.a.a.c.u.util.UserUtilService   : Save 3 users to database. Done
    23:45:44.380 | 371 ool-1-worker-135 | INFO  | i.z.t.d.l.EmbeddedDatabaseReporter   : JDBC URL to connect to 'dataSource': url='jdbc:h2:tcp://localhost:41063/mem:df70fc46-7e57-4cb5-9cd0-c1d90c14afa7;USER=sa', scope='TestExamIntegrationTest#testGetStudentExamForTestExamForStart_ExamDoesNotBelongToCourse'
    23:45:44.383 | 371 ool-1-worker-135 | DEBUG | d.t.c.a.a.c.s.f.ApiVersionFilter     : Adding Version to Request GET /api/courses/1599/exams/218/own-student-exam
    23:45:44.383 | 371 ool-1-worker-135 | DEBUG | d.t.c.a.a.exam.web.ExamResource      : REST request to get exam 218 for conduction
    23:45:44.389 | 371 ool-1-worker-135 | INFO  | d.t.c.a.a.e.s.StudentExamService     : Generated 1 student exam for 373 in 1.23ms for exam 218
    23:45:44.390 | 371 ool-1-worker-135 | WARN  | o.z.p.spring.common.AdviceTraits     : Conflict: Exercise course id does not match the stored course id

  Starting logs for TestExamIntegrationTest > testGetStudentExamForTestExamForStart_tooEarly()
    23:45:44.405 | 371 ool-1-worker-135 | DEBUG | d.t.c.a.a.c.u.util.UserUtilService   : Generate 1 students...
    23:45:44.408 | 371 ool-1-worker-135 | DEBUG | d.t.c.a.a.c.u.util.UserUtilService   : 1 students generated. Generate 1 tutors...
    23:45:44.410 | 371 ool-1-worker-135 | DEBUG | d.t.c.a.a.c.u.util.UserUtilService   : 1 tutors generated. Generate 0 editors...
    23:45:44.411 | 371 ool-1-worker-135 | DEBUG | d.t.c.a.a.c.u.util.UserUtilService   : 0 editors generated. Generate 1 instructors...
    23:45:44.413 | 371 ool-1-worker-135 | DEBUG | d.t.c.a.a.c.u.util.UserUtilService   : 1 instructors generated
    23:45:44.414 | 371 ool-1-worker-135 | DEBUG | d.t.c.a.a.c.u.util.UserUtilService   : Removing 3 users from all courses...
    23:45:44.414 | 371 ool-1-worker-135 | DEBUG | d.t.c.a.a.c.u.util.UserUtilService   : Removing 3 users from all courses. Done
    23:45:44.414 | 371 ool-1-worker-135 | DEBUG | d.t.c.a.a.c.u.util.UserUtilService   : Save 3 users to database...
    23:45:44.416 | 371 ool-1-worker-135 | DEBUG | d.t.c.a.a.c.u.util.UserUtilService   : Save 3 users to database. Done
    23:45:44.422 | 371 ool-1-worker-135 | INFO  | i.z.t.d.l.EmbeddedDatabaseReporter   : JDBC URL to connect to 'dataSource': url='jdbc:h2:tcp://localhost:41063/mem:df70fc46-7e57-4cb5-9cd0-c1d90c14afa7;USER=sa', scope='TestExamIntegrationTest#testGetStudentExamForTestExamForStart_tooEarly'
    23:45:44.424 | 371 ool-1-worker-135 | DEBUG | d.t.c.a.a.c.s.f.ApiVersionFilter     : Adding Version to Request GET /api/courses/1601/exams/220/own-student-exam
    23:45:44.425 | 371 ool-1-worker-135 | DEBUG | d.t.c.a.a.exam.web.ExamResource      : REST request to get exam 220 for conduction
    23:45:44.429 | 371 ool-1-worker-135 | WARN  | o.z.p.spring.common.AdviceTraits     : Forbidden: The exam cannot be started yet. Cannot generate student exam.

  Starting logs for TestExamIntegrationTest > testGetStudentExamForTestExamForStart_notVisible()
    23:45:44.440 | 371 ool-1-worker-135 | DEBUG | d.t.c.a.a.c.u.util.UserUtilService   : Generate 1 students...
    23:45:44.443 | 371 ool-1-worker-135 | DEBUG | d.t.c.a.a.c.u.util.UserUtilService   : 1 students generated. Generate 1 tutors...
    23:45:44.445 | 371 ool-1-worker-135 | DEBUG | d.t.c.a.a.c.u.util.UserUtilService   : 1 tutors generated. Generate 0 editors...
    23:45:44.447 | 371 ool-1-worker-135 | DEBUG | d.t.c.a.a.c.u.util.UserUtilService   : 0 editors generated. Generate 1 instructors...
    23:45:44.449 | 371 ool-1-worker-135 | DEBUG | d.t.c.a.a.c.u.util.UserUtilService   : 1 instructors generated
    23:45:44.451 | 371 ool-1-worker-135 | DEBUG | d.t.c.a.a.c.u.util.UserUtilService   : Removing 3 users from all courses...
    23:45:44.451 | 371 ool-1-worker-135 | DEBUG | d.t.c.a.a.c.u.util.UserUtilService   : Removing 3 users from all courses. Done
    23:45:44.451 | 371 ool-1-worker-135 | DEBUG | d.t.c.a.a.c.u.util.UserUtilService   : Save 3 users to database...
    23:45:44.454 | 371 ool-1-worker-135 | DEBUG | d.t.c.a.a.c.u.util.UserUtilService   : Save 3 users to database. Done
    23:45:44.461 | 371 ool-1-worker-135 | INFO  | i.z.t.d.l.EmbeddedDatabaseReporter   : JDBC URL to connect to 'dataSource': url='jdbc:h2:tcp://localhost:41063/mem:df70fc46-7e57-4cb5-9cd0-c1d90c14afa7;USER=sa', scope='TestExamIntegrationTest#testGetStudentExamForTestExamForStart_notVisible'
    23:45:44.463 | 371 ool-1-worker-135 | DEBUG | d.t.c.a.a.c.s.f.ApiVersionFilter     : Adding Version to Request GET /api/courses/1603/exams/221/own-student-exam
    23:45:44.464 | 371 ool-1-worker-135 | DEBUG | d.t.c.a.a.exam.web.ExamResource      : REST request to get exam 221 for conduction
    23:45:44.466 | 371 ool-1-worker-135 | WARN  | o.z.p.spring.common.AdviceTraits     : Forbidden: You are not allowed to access the Exam with id 221

Finished logs for TestExamIntegrationTest
]]></system-out>
  <system-err><![CDATA[]]></system-err>
</testsuite>
