<?xml version="1.0" encoding="UTF-8"?>
<testsuite name="de.tum.cit.aet.artemis.iris.architecture.IrisRepositoryArchitectureTest" tests="16" skipped="0" failures="0" errors="0" timestamp="2025-02-14T23:39:58" hostname="fv-az1721-502" time="0.198">
  <properties/>
  <testcase name="testNoEntityGraphsOnQueries()" classname="de.tum.cit.aet.artemis.iris.architecture.IrisRepositoryArchitectureTest" time="0.029"/>
  <testcase name="testNoUnusedRepositoryMethods()" classname="de.tum.cit.aet.artemis.iris.architecture.IrisRepositoryArchitectureTest" time="0.021"/>
  <testcase name="testTransactional()" classname="de.tum.cit.aet.artemis.iris.architecture.IrisRepositoryArchitectureTest" time="0.024"/>
  <testcase name="shouldBeInRepositoryPackage()" classname="de.tum.cit.aet.artemis.iris.architecture.IrisRepositoryArchitectureTest" time="0.003"/>
  <testcase name="testRepositoryParamAnnotation()" classname="de.tum.cit.aet.artemis.iris.architecture.IrisRepositoryArchitectureTest" time="0.026"/>
  <testcase name="orElseThrowShouldNotBeCalled()" classname="de.tum.cit.aet.artemis.iris.architecture.IrisRepositoryArchitectureTest" time="0.004"/>
  <testcase name="repositoriesImplementArtemisJpaRepository()" classname="de.tum.cit.aet.artemis.iris.architecture.IrisRepositoryArchitectureTest" time="0.002"/>
  <testcase name="persistenceShouldNotAccessServices()" classname="de.tum.cit.aet.artemis.iris.architecture.IrisRepositoryArchitectureTest" time="0.002"/>
  <testcase name="usedInProductionCode()" classname="de.tum.cit.aet.artemis.iris.architecture.IrisRepositoryArchitectureTest" time="0.021"/>
  <testcase name="shouldBeAnnotatedRepository()" classname="de.tum.cit.aet.artemis.iris.architecture.IrisRepositoryArchitectureTest" time="0.002"/>
  <testcase name="enforceUsageOfTestRepository()" classname="de.tum.cit.aet.artemis.iris.architecture.IrisRepositoryArchitectureTest" time="0.003"/>
  <testcase name="testJPQLStyle()" classname="de.tum.cit.aet.artemis.iris.architecture.IrisRepositoryArchitectureTest" time="0.021"/>
  <testcase name="shouldBeNamedRepository()" classname="de.tum.cit.aet.artemis.iris.architecture.IrisRepositoryArchitectureTest" time="0.003"/>
  <testcase name="enforceStructureOfTestRepositories()" classname="de.tum.cit.aet.artemis.iris.architecture.IrisRepositoryArchitectureTest" time="0.008"/>
  <testcase name="testOnlySpringTransactionalAnnotation()" classname="de.tum.cit.aet.artemis.iris.architecture.IrisRepositoryArchitectureTest" time="0.022"/>
  <testcase name="enforcePrimaryBeanAnnotationOnTestRepositories()" classname="de.tum.cit.aet.artemis.iris.architecture.IrisRepositoryArchitectureTest" time="0.001"/>
  <system-out><![CDATA[
Starting logs for IrisRepositoryArchitectureTest

  Starting logs for IrisRepositoryArchitectureTest > testNoEntityGraphsOnQueries()

  Starting logs for IrisRepositoryArchitectureTest > testNoUnusedRepositoryMethods()

  Starting logs for IrisRepositoryArchitectureTest > testTransactional()

  Starting logs for IrisRepositoryArchitectureTest > shouldBeInRepositoryPackage()

  Starting logs for IrisRepositoryArchitectureTest > testRepositoryParamAnnotation()

  Starting logs for IrisRepositoryArchitectureTest > orElseThrowShouldNotBeCalled()

  Starting logs for IrisRepositoryArchitectureTest > repositoriesImplementArtemisJpaRepository()

  Starting logs for IrisRepositoryArchitectureTest > persistenceShouldNotAccessServices()

  Starting logs for IrisRepositoryArchitectureTest > usedInProductionCode()

  Starting logs for IrisRepositoryArchitectureTest > shouldBeAnnotatedRepository()

  Starting logs for IrisRepositoryArchitectureTest > enforceUsageOfTestRepository()

  Starting logs for IrisRepositoryArchitectureTest > testJPQLStyle()

  Starting logs for IrisRepositoryArchitectureTest > shouldBeNamedRepository()

  Starting logs for IrisRepositoryArchitectureTest > enforceStructureOfTestRepositories()

  Starting logs for IrisRepositoryArchitectureTest > testOnlySpringTransactionalAnnotation()

  Starting logs for IrisRepositoryArchitectureTest > enforcePrimaryBeanAnnotationOnTestRepositories()

Finished logs for IrisRepositoryArchitectureTest
]]></system-out>
  <system-err><![CDATA[]]></system-err>
</testsuite>
