<?xml version="1.0" encoding="UTF-8"?>
<testsuite name="de.tum.cit.aet.artemis.programming.icl.LocalCIResourceIntegrationTest" tests="26" skipped="0" failures="0" errors="0" timestamp="2025-02-14T23:45:01" hostname="fv-az1721-502" time="5.209">
  <properties/>
  <testcase name="testCancelAllRunningBuildJobs()" classname="de.tum.cit.aet.artemis.programming.icl.LocalCIResourceIntegrationTest" time="0.226"/>
  <testcase name="testGetBuildJobStatistics()" classname="de.tum.cit.aet.artemis.programming.icl.LocalCIResourceIntegrationTest" time="0.325"/>
  <testcase name="testGetQueuedBuildJobs_instructorAccessForbidden()" classname="de.tum.cit.aet.artemis.programming.icl.LocalCIResourceIntegrationTest" time="0.268"/>
  <testcase name="testPauseAllBuildAgents()" classname="de.tum.cit.aet.artemis.programming.icl.LocalCIResourceIntegrationTest" time="0.457"/>
  <testcase name="testGetFinishedBuildJobs_returnsSortedJobs()" classname="de.tum.cit.aet.artemis.programming.icl.LocalCIResourceIntegrationTest" time="0.213"/>
  <testcase name="testCancelBuildJobForCourse()" classname="de.tum.cit.aet.artemis.programming.icl.LocalCIResourceIntegrationTest" time="0.155"/>
  <testcase name="testBuildJob()" classname="de.tum.cit.aet.artemis.programming.icl.LocalCIResourceIntegrationTest" time="0.155"/>
  <testcase name="testGetRunningBuildJobsForCourse_returnsJobs()" classname="de.tum.cit.aet.artemis.programming.icl.LocalCIResourceIntegrationTest" time="0.205"/>
  <testcase name="testGetQueuedBuildJobsForCourse_returnsJobs()" classname="de.tum.cit.aet.artemis.programming.icl.LocalCIResourceIntegrationTest" time="0.182"/>
  <testcase name="testGetQueuedBuildJobs_returnsJobs()" classname="de.tum.cit.aet.artemis.programming.icl.LocalCIResourceIntegrationTest" time="0.161"/>
  <testcase name="testGetRunningBuildJobsForCourse_wrongInstructorAccessForbidden()" classname="de.tum.cit.aet.artemis.programming.icl.LocalCIResourceIntegrationTest" time="0.155"/>
  <testcase name="testCancelAllRunningBuildJobsForAgent()" classname="de.tum.cit.aet.artemis.programming.icl.LocalCIResourceIntegrationTest" time="0.121"/>
  <testcase name="testGetBuildAgents_returnsAgents()" classname="de.tum.cit.aet.artemis.programming.icl.LocalCIResourceIntegrationTest" time="0.102"/>
  <testcase name="testCancelAllQueuedBuildJobs()" classname="de.tum.cit.aet.artemis.programming.icl.LocalCIResourceIntegrationTest" time="0.095"/>
  <testcase name="testGetFinishedBuildJobsForCourse_returnsJobs()" classname="de.tum.cit.aet.artemis.programming.icl.LocalCIResourceIntegrationTest" time="0.338"/>
  <testcase name="testGetRunningBuildJobs_returnsJobs()" classname="de.tum.cit.aet.artemis.programming.icl.LocalCIResourceIntegrationTest" time="0.185"/>
  <testcase name="testCancelAllRunningBuildJobsForCourse()" classname="de.tum.cit.aet.artemis.programming.icl.LocalCIResourceIntegrationTest" time="0.168"/>
  <testcase name="testCancelQueuedBuildJob()" classname="de.tum.cit.aet.artemis.programming.icl.LocalCIResourceIntegrationTest" time="0.161"/>
  <testcase name="testGetQueuedBuildJobsForCourse_wrongInstructorAccessForbidden()" classname="de.tum.cit.aet.artemis.programming.icl.LocalCIResourceIntegrationTest" time="0.113"/>
  <testcase name="testGetBuildAgentDetails_returnsAgent()" classname="de.tum.cit.aet.artemis.programming.icl.LocalCIResourceIntegrationTest" time="0.18"/>
  <testcase name="testCancelProcessingBuildJob()" classname="de.tum.cit.aet.artemis.programming.icl.LocalCIResourceIntegrationTest" time="0.147"/>
  <testcase name="testGetBuildLogsForResult()" classname="de.tum.cit.aet.artemis.programming.icl.LocalCIResourceIntegrationTest" time="0.145"/>
  <testcase name="testPauseBuildAgent()" classname="de.tum.cit.aet.artemis.programming.icl.LocalCIResourceIntegrationTest" time="0.386"/>
  <testcase name="testGetBuildAgents_instructorAccessForbidden()" classname="de.tum.cit.aet.artemis.programming.icl.LocalCIResourceIntegrationTest" time="0.096"/>
  <testcase name="testCancelAllQueuedBuildJobsForCourse()" classname="de.tum.cit.aet.artemis.programming.icl.LocalCIResourceIntegrationTest" time="0.165"/>
  <testcase name="testGetFinishedBuildJobs_returnsFilteredJobs()" classname="de.tum.cit.aet.artemis.programming.icl.LocalCIResourceIntegrationTest" time="0.17"/>
  <system-out><![CDATA[
Starting logs for LocalCIResourceIntegrationTest

  Starting logs for LocalCIResourceIntegrationTest > testCancelAllRunningBuildJobs()
    23:45:01.474 | 473 ool-1-worker-237 | DEBUG | d.t.c.a.a.c.u.util.UserUtilService   : Generate 2 students...
    23:45:01.479 | 473 ool-1-worker-237 | DEBUG | d.t.c.a.a.c.u.util.UserUtilService   : 2 students generated. Generate 1 tutors...
    23:45:01.485 | 473 ool-1-worker-237 | DEBUG | d.t.c.a.a.c.u.util.UserUtilService   : 1 tutors generated. Generate 0 editors...
    23:45:01.486 | 473 ool-1-worker-237 | DEBUG | d.t.c.a.a.c.u.util.UserUtilService   : 0 editors generated. Generate 2 instructors...
    23:45:01.493 | 473 ool-1-worker-237 | DEBUG | d.t.c.a.a.c.u.util.UserUtilService   : 2 instructors generated
    23:45:01.502 | 473 ool-1-worker-237 | DEBUG | d.t.c.a.a.c.u.util.UserUtilService   : Removing 1 users from all courses...
    23:45:01.502 | 473 ool-1-worker-237 | DEBUG | d.t.c.a.a.c.u.util.UserUtilService   : Removing 1 users from all courses. Done
    23:45:01.502 | 473 ool-1-worker-237 | DEBUG | d.t.c.a.a.c.u.util.UserUtilService   : Save 5 users to database...
    23:45:01.510 | 473 ool-1-worker-237 | DEBUG | d.t.c.a.a.c.u.util.UserUtilService   : Save 5 users to database. Done
    23:45:01.596 | 565 localvc.event-12 | DEBUG | a.p.s.l.LocalCIQueueWebsocketService : CIBuildJobQueueItem added to processing jobs: BuildJobQueueItem[id=1, name=job1, buildAgent=BuildAgentDTO[name=artemis-build-agent-test, memberAddress=[127.0.0.1]:5703, displayName=], participationId=1, courseId=918, exerciseId=1, retryCount=1, priority=1, status=SUCCESSFUL, repositoryInfo=RepositoryInfo[repositoryName=test, repositoryType=null, triggeredByPushTo=user, assignmentRepositoryUri=test, testRepositoryUri=test, solutionRepositoryUri=test, auxiliaryRepositoryUris=null, auxiliaryRepositoryCheckoutDirectories=null], jobTimingInfo=JobTimingInfo[submissionDate=2025-02-14T23:46:01.591574286Z[Etc/UTC], buildStartDate=2025-02-14T23:47:01.591581069Z[Etc/UTC], buildCompletionDate=2025-02-14T23:48:01.591581400Z[Etc/UTC], estimatedCompletionDate=null, estimatedDuration=20], buildConfig=BuildConfig[buildScript=echo 'test', dockerImage=test, commitHashToBuild=test, assignmentCommitHash=test, testCommitHash=test, branch=test, programmingLanguage=null, projectType=null, scaEnabled=false, sequentialTestRunsEnabled=false, resultPaths=null, timeoutSeconds=0, assignmentCheckoutPath=null, testCheckoutPath=null, solutionCheckoutPath=null, dockerRunConfig=null], submissionResult=null]
    23:45:01.597 | 565 localvc.event-12 | DEBUG | s.l.LocalCIWebsocketMessagingService : Sending message on topic /topic/admin/running-jobs: [BuildJobQueueItem[id=1, name=job1, buildAgent=BuildAgentDTO[name=artemis-build-agent-test, memberAddress=[127.0.0.1]:5703, displayName=], participationId=1, courseId=918, exerciseId=1, retryCount=1, priority=1, status=SUCCESSFUL, repositoryInfo=RepositoryInfo[repositoryName=test, repositoryType=null, triggeredByPushTo=user, assignmentRepositoryUri=, testRepositoryUri=, solutionRepositoryUri=, auxiliaryRepositoryUris=null, auxiliaryRepositoryCheckoutDirectories=null], jobTimingInfo=JobTimingInfo[submissionDate=2025-02-14T23:46:01.591574286Z[Etc/UTC], buildStartDate=2025-02-14T23:47:01.591581069Z[Etc/UTC], buildCompletionDate=2025-02-14T23:48:01.591581400Z[Etc/UTC], estimatedCompletionDate=null, estimatedDuration=20], buildConfig=BuildConfig[buildScript=, dockerImage=, commitHashToBuild=test, assignmentCommitHash=, testCommitHash=, branch=, programmingLanguage=null, projectType=null, scaEnabled=false, sequentialTestRunsEnabled=false, resultPaths=null, timeoutSeconds=0, assignmentCheckoutPath=, testCheckoutPath=, solutionCheckoutPath=, dockerRunConfig=null], submissionResult=null], BuildJobQueueItem[id=2, name=job2, buildAgent=BuildAgentDTO[name=artemis-build-agent-test, memberAddress=[127.0.0.1]:5703, displayName=], participationId=2, courseId=918, exerciseId=1, retryCount=1, priority=2, status=SUCCESSFUL, repositoryInfo=RepositoryInfo[repositoryName=test, repositoryType=null, triggeredByPushTo=user, assignmentRepositoryUri=, testRepositoryUri=, solutionRepositoryUri=, auxiliaryRepositoryUris=null, auxiliaryRepositoryCheckoutDirectories=null], jobTimingInfo=JobTimingInfo[submissionDate=2025-02-14T23:45:01.591584405Z[Etc/UTC], buildStartDate=2025-02-14T23:46:01.591584536Z[Etc/UTC], buildCompletionDate=2025-02-14T23:47:01.591584796Z[Etc/UTC], estimatedCompletionDate=null, estimatedDuration=20], buildConfig=BuildConfig[buildScript=, dockerImage=, commitHashToBuild=test, assignmentCommitHash=, testCommitHash=, branch=, programmingLanguage=null, projectType=null, scaEnabled=false, sequentialTestRunsEnabled=false, resultPaths=null, timeoutSeconds=0, assignmentCheckoutPath=, testCheckoutPath=, solutionCheckoutPath=, dockerRunConfig=null], submissionResult=null]]
    23:45:01.597 | 565 localvc.event-12 | DEBUG | s.l.LocalCIWebsocketMessagingService : Sending message on topic /topic/courses/918/running-jobs: [BuildJobQueueItem[id=1, name=job1, buildAgent=BuildAgentDTO[name=artemis-build-agent-test, memberAddress=[127.0.0.1]:5703, displayName=], participationId=1, courseId=918, exerciseId=1, retryCount=1, priority=1, status=SUCCESSFUL, repositoryInfo=RepositoryInfo[repositoryName=test, repositoryType=null, triggeredByPushTo=user, assignmentRepositoryUri=, testRepositoryUri=, solutionRepositoryUri=, auxiliaryRepositoryUris=null, auxiliaryRepositoryCheckoutDirectories=null], jobTimingInfo=JobTimingInfo[submissionDate=2025-02-14T23:46:01.591574286Z[Etc/UTC], buildStartDate=2025-02-14T23:47:01.591581069Z[Etc/UTC], buildCompletionDate=2025-02-14T23:48:01.591581400Z[Etc/UTC], estimatedCompletionDate=null, estimatedDuration=20], buildConfig=BuildConfig[buildScript=, dockerImage=, commitHashToBuild=test, assignmentCommitHash=, testCommitHash=, branch=, programmingLanguage=null, projectType=null, scaEnabled=false, sequentialTestRunsEnabled=false, resultPaths=null, timeoutSeconds=0, assignmentCheckoutPath=, testCheckoutPath=, solutionCheckoutPath=, dockerRunConfig=null], submissionResult=null], BuildJobQueueItem[id=2, name=job2, buildAgent=BuildAgentDTO[name=artemis-build-agent-test, memberAddress=[127.0.0.1]:5703, displayName=], participationId=2, courseId=918, exerciseId=1, retryCount=1, priority=2, status=SUCCESSFUL, repositoryInfo=RepositoryInfo[repositoryName=test, repositoryType=null, triggeredByPushTo=user, assignmentRepositoryUri=, testRepositoryUri=, solutionRepositoryUri=, auxiliaryRepositoryUris=null, auxiliaryRepositoryCheckoutDirectories=null], jobTimingInfo=JobTimingInfo[submissionDate=2025-02-14T23:45:01.591584405Z[Etc/UTC], buildStartDate=2025-02-14T23:46:01.591584536Z[Etc/UTC], buildCompletionDate=2025-02-14T23:47:01.591584796Z[Etc/UTC], estimatedCompletionDate=null, estimatedDuration=20], buildConfig=BuildConfig[buildScript=, dockerImage=, commitHashToBuild=test, assignmentCommitHash=, testCommitHash=, branch=, programmingLanguage=null, projectType=null, scaEnabled=false, sequentialTestRunsEnabled=false, resultPaths=null, timeoutSeconds=0, assignmentCheckoutPath=, testCheckoutPath=, solutionCheckoutPath=, dockerRunConfig=null], submissionResult=null]]
    23:45:01.599 | 566 localvc.event-13 | DEBUG | a.p.s.l.LocalCIQueueWebsocketService : Build agent updated: BuildAgentInformation[buildAgent=BuildAgentDTO[name=artemis-build-agent-test, memberAddress=[127.0.0.1]:5703, displayName=], maxNumberOfConcurrentBuildJobs=2, numberOfCurrentBuildJobs=1, runningBuildJobs=[BuildJobQueueItem[id=1, name=job1, buildAgent=BuildAgentDTO[name=artemis-build-agent-test, memberAddress=[127.0.0.1]:5703, displayName=], participationId=1, courseId=918, exerciseId=1, retryCount=1, priority=1, status=SUCCESSFUL, repositoryInfo=RepositoryInfo[repositoryName=test, repositoryType=null, triggeredByPushTo=user, assignmentRepositoryUri=test, testRepositoryUri=test, solutionRepositoryUri=test, auxiliaryRepositoryUris=null, auxiliaryRepositoryCheckoutDirectories=null], jobTimingInfo=JobTimingInfo[submissionDate=2025-02-14T23:46:01.591574286Z[Etc/UTC], buildStartDate=2025-02-14T23:47:01.591581069Z[Etc/UTC], buildCompletionDate=2025-02-14T23:48:01.591581400Z[Etc/UTC], estimatedCompletionDate=null, estimatedDuration=20], buildConfig=BuildConfig[buildScript=echo 'test', dockerImage=test, commitHashToBuild=test, assignmentCommitHash=test, testCommitHash=test, branch=test, programmingLanguage=null, projectType=null, scaEnabled=false, sequentialTestRunsEnabled=false, resultPaths=null, timeoutSeconds=0, assignmentCheckoutPath=null, testCheckoutPath=null, solutionCheckoutPath=null, dockerRunConfig=null], submissionResult=null]], status=IDLE, recentBuildJobs=[BuildJobQueueItem[id=2, name=job2, buildAgent=BuildAgentDTO[name=artemis-build-agent-test, memberAddress=[127.0.0.1]:5703, displayName=], participationId=2, courseId=918, exerciseId=1, retryCount=1, priority=2, status=SUCCESSFUL, repositoryInfo=RepositoryInfo[repositoryName=test, repositoryType=null, triggeredByPushTo=user, assignmentRepositoryUri=test, testRepositoryUri=test, solutionRepositoryUri=test, auxiliaryRepositoryUris=null, auxiliaryRepositoryCheckoutDirectories=null], jobTimingInfo=JobTimingInfo[submissionDate=2025-02-14T23:45:01.591584405Z[Etc/UTC], buildStartDate=2025-02-14T23:46:01.591584536Z[Etc/UTC], buildCompletionDate=2025-02-14T23:47:01.591584796Z[Etc/UTC], estimatedCompletionDate=null, estimatedDuration=20], buildConfig=BuildConfig[buildScript=echo 'test', dockerImage=test, commitHashToBuild=test, assignmentCommitHash=test, testCommitHash=test, branch=test, programmingLanguage=null, projectType=null, scaEnabled=false, sequentialTestRunsEnabled=false, resultPaths=null, timeoutSeconds=0, assignmentCheckoutPath=null, testCheckoutPath=null, solutionCheckoutPath=null, dockerRunConfig=null], submissionResult=null]], publicSshKey=null]
    23:45:01.599 | 588 artemis-task-1   | DEBUG | d.t.c.a.a.c.c.w.GzipMessageConverter : Compressed message payload from 1496 to 596 (saved 60.2% payload size)
    23:45:01.599 | 588 artemis-task-1   | DEBUG | d.t.c.a.a.c.c.w.GzipMessageConverter : Compressed message payload from 1496 to 596 (saved 60.2% payload size)
    23:45:01.599 | 566 localvc.event-13 | DEBUG | s.l.LocalCIWebsocketMessagingService : Sending message on topic /topic/admin/build-agents: [BuildAgentInformation[buildAgent=BuildAgentDTO[name=artemis-build-agent-test, memberAddress=[127.0.0.1]:5703, displayName=], maxNumberOfConcurrentBuildJobs=2, numberOfCurrentBuildJobs=1, runningBuildJobs=[BuildJobQueueItem[id=1, name=job1, buildAgent=BuildAgentDTO[name=artemis-build-agent-test, memberAddress=[127.0.0.1]:5703, displayName=], participationId=1, courseId=918, exerciseId=1, retryCount=1, priority=1, status=SUCCESSFUL, repositoryInfo=RepositoryInfo[repositoryName=test, repositoryType=null, triggeredByPushTo=user, assignmentRepositoryUri=, testRepositoryUri=, solutionRepositoryUri=, auxiliaryRepositoryUris=null, auxiliaryRepositoryCheckoutDirectories=null], jobTimingInfo=JobTimingInfo[submissionDate=2025-02-14T23:46:01.591574286Z[Etc/UTC], buildStartDate=2025-02-14T23:47:01.591581069Z[Etc/UTC], buildCompletionDate=2025-02-14T23:48:01.591581400Z[Etc/UTC], estimatedCompletionDate=null, estimatedDuration=20], buildConfig=BuildConfig[buildScript=, dockerImage=, commitHashToBuild=test, assignmentCommitHash=, testCommitHash=, branch=, programmingLanguage=null, projectType=null, scaEnabled=false, sequentialTestRunsEnabled=false, resultPaths=null, timeoutSeconds=0, assignmentCheckoutPath=, testCheckoutPath=, solutionCheckoutPath=, dockerRunConfig=null], submissionResult=null]], status=IDLE, recentBuildJobs=null, publicSshKey=null]]
    23:45:01.600 | 566 localvc.event-13 | DEBUG | s.l.LocalCIWebsocketMessagingService : Sending message on topic /topic/admin/build-agent/artemis-build-agent-test: BuildAgentInformation[buildAgent=BuildAgentDTO[name=artemis-build-agent-test, memberAddress=[127.0.0.1]:5703, displayName=], maxNumberOfConcurrentBuildJobs=2, numberOfCurrentBuildJobs=1, runningBuildJobs=[BuildJobQueueItem[id=1, name=job1, buildAgent=BuildAgentDTO[name=artemis-build-agent-test, memberAddress=[127.0.0.1]:5703, displayName=], participationId=1, courseId=918, exerciseId=1, retryCount=1, priority=1, status=SUCCESSFUL, repositoryInfo=RepositoryInfo[repositoryName=test, repositoryType=null, triggeredByPushTo=user, assignmentRepositoryUri=test, testRepositoryUri=test, solutionRepositoryUri=test, auxiliaryRepositoryUris=null, auxiliaryRepositoryCheckoutDirectories=null], jobTimingInfo=JobTimingInfo[submissionDate=2025-02-14T23:46:01.591574286Z[Etc/UTC], buildStartDate=2025-02-14T23:47:01.591581069Z[Etc/UTC], buildCompletionDate=2025-02-14T23:48:01.591581400Z[Etc/UTC], estimatedCompletionDate=null, estimatedDuration=20], buildConfig=BuildConfig[buildScript=echo 'test', dockerImage=test, commitHashToBuild=test, assignmentCommitHash=test, testCommitHash=test, branch=test, programmingLanguage=null, projectType=null, scaEnabled=false, sequentialTestRunsEnabled=false, resultPaths=null, timeoutSeconds=0, assignmentCheckoutPath=null, testCheckoutPath=null, solutionCheckoutPath=null, dockerRunConfig=null], submissionResult=null]], status=IDLE, recentBuildJobs=[BuildJobQueueItem[id=2, name=job2, buildAgent=BuildAgentDTO[name=artemis-build-agent-test, memberAddress=[127.0.0.1]:5703, displayName=], participationId=2, courseId=918, exerciseId=1, retryCount=1, priority=2, status=SUCCESSFUL, repositoryInfo=RepositoryInfo[repositoryName=test, repositoryType=null, triggeredByPushTo=user, assignmentRepositoryUri=test, testRepositoryUri=test, solutionRepositoryUri=test, auxiliaryRepositoryUris=null, auxiliaryRepositoryCheckoutDirectories=null], jobTimingInfo=JobTimingInfo[submissionDate=2025-02-14T23:45:01.591584405Z[Etc/UTC], buildStartDate=2025-02-14T23:46:01.591584536Z[Etc/UTC], buildCompletionDate=2025-02-14T23:47:01.591584796Z[Etc/UTC], estimatedCompletionDate=null, estimatedDuration=20], buildConfig=BuildConfig[buildScript=echo 'test', dockerImage=test, commitHashToBuild=test, assignmentCommitHash=test, testCommitHash=test, branch=test, programmingLanguage=null, projectType=null, scaEnabled=false, sequentialTestRunsEnabled=false, resultPaths=null, timeoutSeconds=0, assignmentCheckoutPath=null, testCheckoutPath=null, solutionCheckoutPath=null, dockerRunConfig=null], submissionResult=null]], publicSshKey=null]
    23:45:01.600 | 566 localvc.event-13 | DEBUG | a.p.s.l.SharedQueueManagementService : Build agent updated: null
    23:45:01.600 | 565 localvc.event-12 | DEBUG | a.p.s.l.LocalCIQueueWebsocketService : CIBuildJobQueueItem added to processing jobs: BuildJobQueueItem[id=2, name=job2, buildAgent=BuildAgentDTO[name=artemis-build-agent-test, memberAddress=[127.0.0.1]:5703, displayName=], participationId=2, courseId=918, exerciseId=1, retryCount=1, priority=2, status=SUCCESSFUL, repositoryInfo=RepositoryInfo[repositoryName=test, repositoryType=null, triggeredByPushTo=user, assignmentRepositoryUri=test, testRepositoryUri=test, solutionRepositoryUri=test, auxiliaryRepositoryUris=null, auxiliaryRepositoryCheckoutDirectories=null], jobTimingInfo=JobTimingInfo[submissionDate=2025-02-14T23:45:01.591584405Z[Etc/UTC], buildStartDate=2025-02-14T23:46:01.591584536Z[Etc/UTC], buildCompletionDate=2025-02-14T23:47:01.591584796Z[Etc/UTC], estimatedCompletionDate=null, estimatedDuration=20], buildConfig=BuildConfig[buildScript=echo 'test', dockerImage=test, commitHashToBuild=test, assignmentCommitHash=test, testCommitHash=test, branch=test, programmingLanguage=null, projectType=null, scaEnabled=false, sequentialTestRunsEnabled=false, resultPaths=null, timeoutSeconds=0, assignmentCheckoutPath=null, testCheckoutPath=null, solutionCheckoutPath=null, dockerRunConfig=null], submissionResult=null]
    23:45:01.601 | 565 localvc.event-12 | DEBUG | s.l.LocalCIWebsocketMessagingService : Sending message on topic /topic/admin/running-jobs: [BuildJobQueueItem[id=1, name=job1, buildAgent=BuildAgentDTO[name=artemis-build-agent-test, memberAddress=[127.0.0.1]:5703, displayName=], participationId=1, courseId=918, exerciseId=1, retryCount=1, priority=1, status=SUCCESSFUL, repositoryInfo=RepositoryInfo[repositoryName=test, repositoryType=null, triggeredByPushTo=user, assignmentRepositoryUri=, testRepositoryUri=, solutionRepositoryUri=, auxiliaryRepositoryUris=null, auxiliaryRepositoryCheckoutDirectories=null], jobTimingInfo=JobTimingInfo[submissionDate=2025-02-14T23:46:01.591574286Z[Etc/UTC], buildStartDate=2025-02-14T23:47:01.591581069Z[Etc/UTC], buildCompletionDate=2025-02-14T23:48:01.591581400Z[Etc/UTC], estimatedCompletionDate=null, estimatedDuration=20], buildConfig=BuildConfig[buildScript=, dockerImage=, commitHashToBuild=test, assignmentCommitHash=, testCommitHash=, branch=, programmingLanguage=null, projectType=null, scaEnabled=false, sequentialTestRunsEnabled=false, resultPaths=null, timeoutSeconds=0, assignmentCheckoutPath=, testCheckoutPath=, solutionCheckoutPath=, dockerRunConfig=null], submissionResult=null], BuildJobQueueItem[id=2, name=job2, buildAgent=BuildAgentDTO[name=artemis-build-agent-test, memberAddress=[127.0.0.1]:5703, displayName=], participationId=2, courseId=918, exerciseId=1, retryCount=1, priority=2, status=SUCCESSFUL, repositoryInfo=RepositoryInfo[repositoryName=test, repositoryType=null, triggeredByPushTo=user, assignmentRepositoryUri=, testRepositoryUri=, solutionRepositoryUri=, auxiliaryRepositoryUris=null, auxiliaryRepositoryCheckoutDirectories=null], jobTimingInfo=JobTimingInfo[submissionDate=2025-02-14T23:45:01.591584405Z[Etc/UTC], buildStartDate=2025-02-14T23:46:01.591584536Z[Etc/UTC], buildCompletionDate=2025-02-14T23:47:01.591584796Z[Etc/UTC], estimatedCompletionDate=null, estimatedDuration=20], buildConfig=BuildConfig[buildScript=, dockerImage=, commitHashToBuild=test, assignmentCommitHash=, testCommitHash=, branch=, programmingLanguage=null, projectType=null, scaEnabled=false, sequentialTestRunsEnabled=false, resultPaths=null, timeoutSeconds=0, assignmentCheckoutPath=, testCheckoutPath=, solutionCheckoutPath=, dockerRunConfig=null], submissionResult=null]]
    23:45:01.601 | 565 localvc.event-12 | DEBUG | s.l.LocalCIWebsocketMessagingService : Sending message on topic /topic/courses/918/running-jobs: [BuildJobQueueItem[id=1, name=job1, buildAgent=BuildAgentDTO[name=artemis-build-agent-test, memberAddress=[127.0.0.1]:5703, displayName=], participationId=1, courseId=918, exerciseId=1, retryCount=1, priority=1, status=SUCCESSFUL, repositoryInfo=RepositoryInfo[repositoryName=test, repositoryType=null, triggeredByPushTo=user, assignmentRepositoryUri=, testRepositoryUri=, solutionRepositoryUri=, auxiliaryRepositoryUris=null, auxiliaryRepositoryCheckoutDirectories=null], jobTimingInfo=JobTimingInfo[submissionDate=2025-02-14T23:46:01.591574286Z[Etc/UTC], buildStartDate=2025-02-14T23:47:01.591581069Z[Etc/UTC], buildCompletionDate=2025-02-14T23:48:01.591581400Z[Etc/UTC], estimatedCompletionDate=null, estimatedDuration=20], buildConfig=BuildConfig[buildScript=, dockerImage=, commitHashToBuild=test, assignmentCommitHash=, testCommitHash=, branch=, programmingLanguage=null, projectType=null, scaEnabled=false, sequentialTestRunsEnabled=false, resultPaths=null, timeoutSeconds=0, assignmentCheckoutPath=, testCheckoutPath=, solutionCheckoutPath=, dockerRunConfig=null], submissionResult=null], BuildJobQueueItem[id=2, name=job2, buildAgent=BuildAgentDTO[name=artemis-build-agent-test, memberAddress=[127.0.0.1]:5703, displayName=], participationId=2, courseId=918, exerciseId=1, retryCount=1, priority=2, status=SUCCESSFUL, repositoryInfo=RepositoryInfo[repositoryName=test, repositoryType=null, triggeredByPushTo=user, assignmentRepositoryUri=, testRepositoryUri=, solutionRepositoryUri=, auxiliaryRepositoryUris=null, auxiliaryRepositoryCheckoutDirectories=null], jobTimingInfo=JobTimingInfo[submissionDate=2025-02-14T23:45:01.591584405Z[Etc/UTC], buildStartDate=2025-02-14T23:46:01.591584536Z[Etc/UTC], buildCompletionDate=2025-02-14T23:47:01.591584796Z[Etc/UTC], estimatedCompletionDate=null, estimatedDuration=20], buildConfig=BuildConfig[buildScript=, dockerImage=, commitHashToBuild=test, assignmentCommitHash=, testCommitHash=, branch=, programmingLanguage=null, projectType=null, scaEnabled=false, sequentialTestRunsEnabled=false, resultPaths=null, timeoutSeconds=0, assignmentCheckoutPath=, testCheckoutPath=, solutionCheckoutPath=, dockerRunConfig=null], submissionResult=null]]
    23:45:01.601 | 473 ool-1-worker-237 | INFO  | i.z.t.d.l.EmbeddedDatabaseReporter   : JDBC URL to connect to 'dataSource': url='jdbc:h2:tcp://localhost:41063/mem:f240edcd-27ce-47a3-b4ab-a6a00c154135;USER=sa', scope='LocalCIResourceIntegrationTest#testCancelAllRunningBuildJobs'
    23:45:01.602 | 588 artemis-task-1   | DEBUG | d.t.c.a.a.c.c.w.GzipMessageConverter : Compressed message payload from 1038 to 616 (saved 40.7% payload size)
    23:45:01.602 | 588 artemis-task-1   | DEBUG | d.t.c.a.a.c.c.w.GzipMessageConverter : Compressed message payload from 2430 to 792 (saved 67.4% payload size)
    23:45:01.602 | 473 ool-1-worker-237 | DEBUG | d.t.c.a.a.c.s.f.ApiVersionFilter     : Adding Version to Request DELETE /api/admin/cancel-all-running-jobs
    23:45:01.602 | 588 artemis-task-1   | DEBUG | d.t.c.a.a.c.c.w.GzipMessageConverter : Compressed message payload from 1496 to 596 (saved 60.2% payload size)
    23:45:01.602 | 588 artemis-task-1   | DEBUG | d.t.c.a.a.c.c.w.GzipMessageConverter : Compressed message payload from 1496 to 596 (saved 60.2% payload size)
    23:45:01.606 | 473 ool-1-worker-237 | DEBUG | a.a.c.w.a.AdminBuildJobQueueResource : REST request to cancel all running build jobs
    23:45:01.615 | 565 localvc.event-12 | DEBUG | a.p.s.l.LocalCIQueueWebsocketService : CIBuildJobQueueItem removed from processing jobs: BuildJobQueueItem[id=1, name=job1, buildAgent=BuildAgentDTO[name=artemis-build-agent-test, memberAddress=[127.0.0.1]:5703, displayName=], participationId=1, courseId=918, exerciseId=1, retryCount=1, priority=1, status=SUCCESSFUL, repositoryInfo=RepositoryInfo[repositoryName=test, repositoryType=null, triggeredByPushTo=user, assignmentRepositoryUri=test, testRepositoryUri=test, solutionRepositoryUri=test, auxiliaryRepositoryUris=null, auxiliaryRepositoryCheckoutDirectories=null], jobTimingInfo=JobTimingInfo[submissionDate=2025-02-14T23:46:01.591574286Z[Etc/UTC], buildStartDate=2025-02-14T23:47:01.591581069Z[Etc/UTC], buildCompletionDate=2025-02-14T23:48:01.591581400Z[Etc/UTC], estimatedCompletionDate=null, estimatedDuration=20], buildConfig=BuildConfig[buildScript=echo 'test', dockerImage=test, commitHashToBuild=test, assignmentCommitHash=test, testCommitHash=test, branch=test, programmingLanguage=null, projectType=null, scaEnabled=false, sequentialTestRunsEnabled=false, resultPaths=null, timeoutSeconds=0, assignmentCheckoutPath=null, testCheckoutPath=null, solutionCheckoutPath=null, dockerRunConfig=null], submissionResult=null]
    23:45:01.615 | 565 localvc.event-12 | DEBUG | s.l.LocalCIWebsocketMessagingService : Sending message on topic /topic/admin/running-jobs: []
    23:45:01.615 | 565 localvc.event-12 | DEBUG | s.l.LocalCIWebsocketMessagingService : Sending message on topic /topic/courses/918/running-jobs: []
    23:45:01.615 | 565 localvc.event-12 | DEBUG | a.p.s.l.LocalCIQueueWebsocketService : CIBuildJobQueueItem removed from processing jobs: BuildJobQueueItem[id=2, name=job2, buildAgent=BuildAgentDTO[name=artemis-build-agent-test, memberAddress=[127.0.0.1]:5703, displayName=], participationId=2, courseId=918, exerciseId=1, retryCount=1, priority=2, status=SUCCESSFUL, repositoryInfo=RepositoryInfo[repositoryName=test, repositoryType=null, triggeredByPushTo=user, assignmentRepositoryUri=test, testRepositoryUri=test, solutionRepositoryUri=test, auxiliaryRepositoryUris=null, auxiliaryRepositoryCheckoutDirectories=null], jobTimingInfo=JobTimingInfo[submissionDate=2025-02-14T23:45:01.591584405Z[Etc/UTC], buildStartDate=2025-02-14T23:46:01.591584536Z[Etc/UTC], buildCompletionDate=2025-02-14T23:47:01.591584796Z[Etc/UTC], estimatedCompletionDate=null, estimatedDuration=20], buildConfig=BuildConfig[buildScript=echo 'test', dockerImage=test, commitHashToBuild=test, assignmentCommitHash=test, testCommitHash=test, branch=test, programmingLanguage=null, projectType=null, scaEnabled=false, sequentialTestRunsEnabled=false, resultPaths=null, timeoutSeconds=0, assignmentCheckoutPath=null, testCheckoutPath=null, solutionCheckoutPath=null, dockerRunConfig=null], submissionResult=null]
    23:45:01.616 | 565 localvc.event-12 | DEBUG | s.l.LocalCIWebsocketMessagingService : Sending message on topic /topic/admin/running-jobs: []
    23:45:01.618 | 615 taskScheduler-4  | DEBUG | a.a.b.s.SharedQueueProcessingService : Currently processing jobs on this node: 0, active threads in Pool: 0, maximum pool size of thread executor : 1
    23:45:01.618 | 565 localvc.event-12 | DEBUG | s.l.LocalCIWebsocketMessagingService : Sending message on topic /topic/courses/918/running-jobs: []

  Starting logs for LocalCIResourceIntegrationTest > testGetBuildJobStatistics()
    23:45:01.730 | 473 ool-1-worker-237 | DEBUG | d.t.c.a.a.c.u.util.UserUtilService   : Generate 2 students...
    23:45:01.744 | 473 ool-1-worker-237 | DEBUG | d.t.c.a.a.c.u.util.UserUtilService   : 2 students generated. Generate 1 tutors...
    23:45:01.751 | 473 ool-1-worker-237 | DEBUG | d.t.c.a.a.c.u.util.UserUtilService   : 1 tutors generated. Generate 0 editors...
    23:45:01.759 | 473 ool-1-worker-237 | DEBUG | d.t.c.a.a.c.u.util.UserUtilService   : 0 editors generated. Generate 2 instructors...
    23:45:01.769 | 473 ool-1-worker-237 | DEBUG | d.t.c.a.a.c.u.util.UserUtilService   : 2 instructors generated
    23:45:01.775 | 473 ool-1-worker-237 | DEBUG | d.t.c.a.a.c.u.util.UserUtilService   : Removing 4 users from all courses...
    23:45:01.776 | 473 ool-1-worker-237 | DEBUG | d.t.c.a.a.c.u.util.UserUtilService   : Removing 4 users from all courses. Done
    23:45:01.776 | 473 ool-1-worker-237 | DEBUG | d.t.c.a.a.c.u.util.UserUtilService   : Save 5 users to database...
    23:45:01.807 | 473 ool-1-worker-237 | DEBUG | d.t.c.a.a.c.u.util.UserUtilService   : Save 5 users to database. Done
    23:45:01.921 | 565 localvc.event-12 | DEBUG | a.p.s.l.LocalCIQueueWebsocketService : CIBuildJobQueueItem added to processing jobs: BuildJobQueueItem[id=1, name=job1, buildAgent=BuildAgentDTO[name=artemis-build-agent-test, memberAddress=[127.0.0.1]:5703, displayName=], participationId=1, courseId=919, exerciseId=1, retryCount=1, priority=1, status=SUCCESSFUL, repositoryInfo=RepositoryInfo[repositoryName=test, repositoryType=null, triggeredByPushTo=user, assignmentRepositoryUri=test, testRepositoryUri=test, solutionRepositoryUri=test, auxiliaryRepositoryUris=null, auxiliaryRepositoryCheckoutDirectories=null], jobTimingInfo=JobTimingInfo[submissionDate=2025-02-14T23:46:01.918252953Z[Etc/UTC], buildStartDate=2025-02-14T23:47:01.918255337Z[Etc/UTC], buildCompletionDate=2025-02-14T23:48:01.918255788Z[Etc/UTC], estimatedCompletionDate=null, estimatedDuration=20], buildConfig=BuildConfig[buildScript=echo 'test', dockerImage=test, commitHashToBuild=test, assignmentCommitHash=test, testCommitHash=test, branch=test, programmingLanguage=null, projectType=null, scaEnabled=false, sequentialTestRunsEnabled=false, resultPaths=null, timeoutSeconds=0, assignmentCheckoutPath=null, testCheckoutPath=null, solutionCheckoutPath=null, dockerRunConfig=null], submissionResult=null]
    23:45:01.922 | 565 localvc.event-12 | DEBUG | s.l.LocalCIWebsocketMessagingService : Sending message on topic /topic/admin/running-jobs: [BuildJobQueueItem[id=1, name=job1, buildAgent=BuildAgentDTO[name=artemis-build-agent-test, memberAddress=[127.0.0.1]:5703, displayName=], participationId=1, courseId=919, exerciseId=1, retryCount=1, priority=1, status=SUCCESSFUL, repositoryInfo=RepositoryInfo[repositoryName=test, repositoryType=null, triggeredByPushTo=user, assignmentRepositoryUri=, testRepositoryUri=, solutionRepositoryUri=, auxiliaryRepositoryUris=null, auxiliaryRepositoryCheckoutDirectories=null], jobTimingInfo=JobTimingInfo[submissionDate=2025-02-14T23:46:01.918252953Z[Etc/UTC], buildStartDate=2025-02-14T23:47:01.918255337Z[Etc/UTC], buildCompletionDate=2025-02-14T23:48:01.918255788Z[Etc/UTC], estimatedCompletionDate=null, estimatedDuration=20], buildConfig=BuildConfig[buildScript=, dockerImage=, commitHashToBuild=test, assignmentCommitHash=, testCommitHash=, branch=, programmingLanguage=null, projectType=null, scaEnabled=false, sequentialTestRunsEnabled=false, resultPaths=null, timeoutSeconds=0, assignmentCheckoutPath=, testCheckoutPath=, solutionCheckoutPath=, dockerRunConfig=null], submissionResult=null]]
    23:45:01.922 | 565 localvc.event-12 | DEBUG | s.l.LocalCIWebsocketMessagingService : Sending message on topic /topic/courses/919/running-jobs: [BuildJobQueueItem[id=1, name=job1, buildAgent=BuildAgentDTO[name=artemis-build-agent-test, memberAddress=[127.0.0.1]:5703, displayName=], participationId=1, courseId=919, exerciseId=1, retryCount=1, priority=1, status=SUCCESSFUL, repositoryInfo=RepositoryInfo[repositoryName=test, repositoryType=null, triggeredByPushTo=user, assignmentRepositoryUri=, testRepositoryUri=, solutionRepositoryUri=, auxiliaryRepositoryUris=null, auxiliaryRepositoryCheckoutDirectories=null], jobTimingInfo=JobTimingInfo[submissionDate=2025-02-14T23:46:01.918252953Z[Etc/UTC], buildStartDate=2025-02-14T23:47:01.918255337Z[Etc/UTC], buildCompletionDate=2025-02-14T23:48:01.918255788Z[Etc/UTC], estimatedCompletionDate=null, estimatedDuration=20], buildConfig=BuildConfig[buildScript=, dockerImage=, commitHashToBuild=test, assignmentCommitHash=, testCommitHash=, branch=, programmingLanguage=null, projectType=null, scaEnabled=false, sequentialTestRunsEnabled=false, resultPaths=null, timeoutSeconds=0, assignmentCheckoutPath=, testCheckoutPath=, solutionCheckoutPath=, dockerRunConfig=null], submissionResult=null]]
    23:45:01.924 | 588 artemis-task-1   | DEBUG | d.t.c.a.a.c.c.w.GzipMessageConverter : Compressed message payload from 750 to 524 (saved 30.1% payload size)
    23:45:01.924 | 588 artemis-task-1   | DEBUG | d.t.c.a.a.c.c.w.GzipMessageConverter : Compressed message payload from 750 to 524 (saved 30.1% payload size)
    23:45:01.928 | 565 localvc.event-12 | DEBUG | a.p.s.l.LocalCIQueueWebsocketService : CIBuildJobQueueItem added to processing jobs: BuildJobQueueItem[id=2, name=job2, buildAgent=BuildAgentDTO[name=artemis-build-agent-test, memberAddress=[127.0.0.1]:5703, displayName=], participationId=2, courseId=919, exerciseId=1, retryCount=1, priority=2, status=SUCCESSFUL, repositoryInfo=RepositoryInfo[repositoryName=test, repositoryType=null, triggeredByPushTo=user, assignmentRepositoryUri=test, testRepositoryUri=test, solutionRepositoryUri=test, auxiliaryRepositoryUris=null, auxiliaryRepositoryCheckoutDirectories=null], jobTimingInfo=JobTimingInfo[submissionDate=2025-02-14T23:45:01.918257351Z[Etc/UTC], buildStartDate=2025-02-14T23:46:01.918257481Z[Etc/UTC], buildCompletionDate=2025-02-14T23:47:01.918257691Z[Etc/UTC], estimatedCompletionDate=null, estimatedDuration=20], buildConfig=BuildConfig[buildScript=echo 'test', dockerImage=test, commitHashToBuild=test, assignmentCommitHash=test, testCommitHash=test, branch=test, programmingLanguage=null, projectType=null, scaEnabled=false, sequentialTestRunsEnabled=false, resultPaths=null, timeoutSeconds=0, assignmentCheckoutPath=null, testCheckoutPath=null, solutionCheckoutPath=null, dockerRunConfig=null], submissionResult=null]
    23:45:01.928 | 565 localvc.event-12 | DEBUG | s.l.LocalCIWebsocketMessagingService : Sending message on topic /topic/admin/running-jobs: [BuildJobQueueItem[id=1, name=job1, buildAgent=BuildAgentDTO[name=artemis-build-agent-test, memberAddress=[127.0.0.1]:5703, displayName=], participationId=1, courseId=919, exerciseId=1, retryCount=1, priority=1, status=SUCCESSFUL, repositoryInfo=RepositoryInfo[repositoryName=test, repositoryType=null, triggeredByPushTo=user, assignmentRepositoryUri=, testRepositoryUri=, solutionRepositoryUri=, auxiliaryRepositoryUris=null, auxiliaryRepositoryCheckoutDirectories=null], jobTimingInfo=JobTimingInfo[submissionDate=2025-02-14T23:46:01.918252953Z[Etc/UTC], buildStartDate=2025-02-14T23:47:01.918255337Z[Etc/UTC], buildCompletionDate=2025-02-14T23:48:01.918255788Z[Etc/UTC], estimatedCompletionDate=null, estimatedDuration=20], buildConfig=BuildConfig[buildScript=, dockerImage=, commitHashToBuild=test, assignmentCommitHash=, testCommitHash=, branch=, programmingLanguage=null, projectType=null, scaEnabled=false, sequentialTestRunsEnabled=false, resultPaths=null, timeoutSeconds=0, assignmentCheckoutPath=, testCheckoutPath=, solutionCheckoutPath=, dockerRunConfig=null], submissionResult=null], BuildJobQueueItem[id=2, name=job2, buildAgent=BuildAgentDTO[name=artemis-build-agent-test, memberAddress=[127.0.0.1]:5703, displayName=], participationId=2, courseId=919, exerciseId=1, retryCount=1, priority=2, status=SUCCESSFUL, repositoryInfo=RepositoryInfo[repositoryName=test, repositoryType=null, triggeredByPushTo=user, assignmentRepositoryUri=, testRepositoryUri=, solutionRepositoryUri=, auxiliaryRepositoryUris=null, auxiliaryRepositoryCheckoutDirectories=null], jobTimingInfo=JobTimingInfo[submissionDate=2025-02-14T23:45:01.918257351Z[Etc/UTC], buildStartDate=2025-02-14T23:46:01.918257481Z[Etc/UTC], buildCompletionDate=2025-02-14T23:47:01.918257691Z[Etc/UTC], estimatedCompletionDate=null, estimatedDuration=20], buildConfig=BuildConfig[buildScript=, dockerImage=, commitHashToBuild=test, assignmentCommitHash=, testCommitHash=, branch=, programmingLanguage=null, projectType=null, scaEnabled=false, sequentialTestRunsEnabled=false, resultPaths=null, timeoutSeconds=0, assignmentCheckoutPath=, testCheckoutPath=, solutionCheckoutPath=, dockerRunConfig=null], submissionResult=null]]
    23:45:01.928 | 565 localvc.event-12 | DEBUG | s.l.LocalCIWebsocketMessagingService : Sending message on topic /topic/courses/919/running-jobs: [BuildJobQueueItem[id=1, name=job1, buildAgent=BuildAgentDTO[name=artemis-build-agent-test, memberAddress=[127.0.0.1]:5703, displayName=], participationId=1, courseId=919, exerciseId=1, retryCount=1, priority=1, status=SUCCESSFUL, repositoryInfo=RepositoryInfo[repositoryName=test, repositoryType=null, triggeredByPushTo=user, assignmentRepositoryUri=, testRepositoryUri=, solutionRepositoryUri=, auxiliaryRepositoryUris=null, auxiliaryRepositoryCheckoutDirectories=null], jobTimingInfo=JobTimingInfo[submissionDate=2025-02-14T23:46:01.918252953Z[Etc/UTC], buildStartDate=2025-02-14T23:47:01.918255337Z[Etc/UTC], buildCompletionDate=2025-02-14T23:48:01.918255788Z[Etc/UTC], estimatedCompletionDate=null, estimatedDuration=20], buildConfig=BuildConfig[buildScript=, dockerImage=, commitHashToBuild=test, assignmentCommitHash=, testCommitHash=, branch=, programmingLanguage=null, projectType=null, scaEnabled=false, sequentialTestRunsEnabled=false, resultPaths=null, timeoutSeconds=0, assignmentCheckoutPath=, testCheckoutPath=, solutionCheckoutPath=, dockerRunConfig=null], submissionResult=null], BuildJobQueueItem[id=2, name=job2, buildAgent=BuildAgentDTO[name=artemis-build-agent-test, memberAddress=[127.0.0.1]:5703, displayName=], participationId=2, courseId=919, exerciseId=1, retryCount=1, priority=2, status=SUCCESSFUL, repositoryInfo=RepositoryInfo[repositoryName=test, repositoryType=null, triggeredByPushTo=user, assignmentRepositoryUri=, testRepositoryUri=, solutionRepositoryUri=, auxiliaryRepositoryUris=null, auxiliaryRepositoryCheckoutDirectories=null], jobTimingInfo=JobTimingInfo[submissionDate=2025-02-14T23:45:01.918257351Z[Etc/UTC], buildStartDate=2025-02-14T23:46:01.918257481Z[Etc/UTC], buildCompletionDate=2025-02-14T23:47:01.918257691Z[Etc/UTC], estimatedCompletionDate=null, estimatedDuration=20], buildConfig=BuildConfig[buildScript=, dockerImage=, commitHashToBuild=test, assignmentCommitHash=, testCommitHash=, branch=, programmingLanguage=null, projectType=null, scaEnabled=false, sequentialTestRunsEnabled=false, resultPaths=null, timeoutSeconds=0, assignmentCheckoutPath=, testCheckoutPath=, solutionCheckoutPath=, dockerRunConfig=null], submissionResult=null]]
    23:45:01.930 | 588 artemis-task-1   | DEBUG | d.t.c.a.a.c.c.w.GzipMessageConverter : Compressed message payload from 1498 to 596 (saved 60.2% payload size)
    23:45:01.930 | 588 artemis-task-1   | DEBUG | d.t.c.a.a.c.c.w.GzipMessageConverter : Compressed message payload from 1498 to 596 (saved 60.2% payload size)
    23:45:01.939 | 566 localvc.event-13 | DEBUG | a.p.s.l.LocalCIQueueWebsocketService : Build agent added: BuildAgentInformation[buildAgent=BuildAgentDTO[name=artemis-build-agent-test, memberAddress=[127.0.0.1]:5703, displayName=], maxNumberOfConcurrentBuildJobs=2, numberOfCurrentBuildJobs=1, runningBuildJobs=[BuildJobQueueItem[id=1, name=job1, buildAgent=BuildAgentDTO[name=artemis-build-agent-test, memberAddress=[127.0.0.1]:5703, displayName=], participationId=1, courseId=919, exerciseId=1, retryCount=1, priority=1, status=SUCCESSFUL, repositoryInfo=RepositoryInfo[repositoryName=test, repositoryType=null, triggeredByPushTo=user, assignmentRepositoryUri=test, testRepositoryUri=test, solutionRepositoryUri=test, auxiliaryRepositoryUris=null, auxiliaryRepositoryCheckoutDirectories=null], jobTimingInfo=JobTimingInfo[submissionDate=2025-02-14T23:46:01.918252953Z[Etc/UTC], buildStartDate=2025-02-14T23:47:01.918255337Z[Etc/UTC], buildCompletionDate=2025-02-14T23:48:01.918255788Z[Etc/UTC], estimatedCompletionDate=null, estimatedDuration=20], buildConfig=BuildConfig[buildScript=echo 'test', dockerImage=test, commitHashToBuild=test, assignmentCommitHash=test, testCommitHash=test, branch=test, programmingLanguage=null, projectType=null, scaEnabled=false, sequentialTestRunsEnabled=false, resultPaths=null, timeoutSeconds=0, assignmentCheckoutPath=null, testCheckoutPath=null, solutionCheckoutPath=null, dockerRunConfig=null], submissionResult=null]], status=IDLE, recentBuildJobs=[BuildJobQueueItem[id=2, name=job2, buildAgent=BuildAgentDTO[name=artemis-build-agent-test, memberAddress=[127.0.0.1]:5703, displayName=], participationId=2, courseId=919, exerciseId=1, retryCount=1, priority=2, status=SUCCESSFUL, repositoryInfo=RepositoryInfo[repositoryName=test, repositoryType=null, triggeredByPushTo=user, assignmentRepositoryUri=test, testRepositoryUri=test, solutionRepositoryUri=test, auxiliaryRepositoryUris=null, auxiliaryRepositoryCheckoutDirectories=null], jobTimingInfo=JobTimingInfo[submissionDate=2025-02-14T23:45:01.918257351Z[Etc/UTC], buildStartDate=2025-02-14T23:46:01.918257481Z[Etc/UTC], buildCompletionDate=2025-02-14T23:47:01.918257691Z[Etc/UTC], estimatedCompletionDate=null, estimatedDuration=20], buildConfig=BuildConfig[buildScript=echo 'test', dockerImage=test, commitHashToBuild=test, assignmentCommitHash=test, testCommitHash=test, branch=test, programmingLanguage=null, projectType=null, scaEnabled=false, sequentialTestRunsEnabled=false, resultPaths=null, timeoutSeconds=0, assignmentCheckoutPath=null, testCheckoutPath=null, solutionCheckoutPath=null, dockerRunConfig=null], submissionResult=null]], publicSshKey=null]
    23:45:01.940 | 566 localvc.event-13 | DEBUG | s.l.LocalCIWebsocketMessagingService : Sending message on topic /topic/admin/build-agents: [BuildAgentInformation[buildAgent=BuildAgentDTO[name=artemis-build-agent-test, memberAddress=[127.0.0.1]:5703, displayName=], maxNumberOfConcurrentBuildJobs=2, numberOfCurrentBuildJobs=1, runningBuildJobs=[BuildJobQueueItem[id=1, name=job1, buildAgent=BuildAgentDTO[name=artemis-build-agent-test, memberAddress=[127.0.0.1]:5703, displayName=], participationId=1, courseId=919, exerciseId=1, retryCount=1, priority=1, status=SUCCESSFUL, repositoryInfo=RepositoryInfo[repositoryName=test, repositoryType=null, triggeredByPushTo=user, assignmentRepositoryUri=, testRepositoryUri=, solutionRepositoryUri=, auxiliaryRepositoryUris=null, auxiliaryRepositoryCheckoutDirectories=null], jobTimingInfo=JobTimingInfo[submissionDate=2025-02-14T23:46:01.918252953Z[Etc/UTC], buildStartDate=2025-02-14T23:47:01.918255337Z[Etc/UTC], buildCompletionDate=2025-02-14T23:48:01.918255788Z[Etc/UTC], estimatedCompletionDate=null, estimatedDuration=20], buildConfig=BuildConfig[buildScript=, dockerImage=, commitHashToBuild=test, assignmentCommitHash=, testCommitHash=, branch=, programmingLanguage=null, projectType=null, scaEnabled=false, sequentialTestRunsEnabled=false, resultPaths=null, timeoutSeconds=0, assignmentCheckoutPath=, testCheckoutPath=, solutionCheckoutPath=, dockerRunConfig=null], submissionResult=null]], status=IDLE, recentBuildJobs=null, publicSshKey=null]]
    23:45:01.941 | 566 localvc.event-13 | DEBUG | s.l.LocalCIWebsocketMessagingService : Sending message on topic /topic/admin/build-agent/artemis-build-agent-test: BuildAgentInformation[buildAgent=BuildAgentDTO[name=artemis-build-agent-test, memberAddress=[127.0.0.1]:5703, displayName=], maxNumberOfConcurrentBuildJobs=2, numberOfCurrentBuildJobs=1, runningBuildJobs=[BuildJobQueueItem[id=1, name=job1, buildAgent=BuildAgentDTO[name=artemis-build-agent-test, memberAddress=[127.0.0.1]:5703, displayName=], participationId=1, courseId=919, exerciseId=1, retryCount=1, priority=1, status=SUCCESSFUL, repositoryInfo=RepositoryInfo[repositoryName=test, repositoryType=null, triggeredByPushTo=user, assignmentRepositoryUri=test, testRepositoryUri=test, solutionRepositoryUri=test, auxiliaryRepositoryUris=null, auxiliaryRepositoryCheckoutDirectories=null], jobTimingInfo=JobTimingInfo[submissionDate=2025-02-14T23:46:01.918252953Z[Etc/UTC], buildStartDate=2025-02-14T23:47:01.918255337Z[Etc/UTC], buildCompletionDate=2025-02-14T23:48:01.918255788Z[Etc/UTC], estimatedCompletionDate=null, estimatedDuration=20], buildConfig=BuildConfig[buildScript=echo 'test', dockerImage=test, commitHashToBuild=test, assignmentCommitHash=test, testCommitHash=test, branch=test, programmingLanguage=null, projectType=null, scaEnabled=false, sequentialTestRunsEnabled=false, resultPaths=null, timeoutSeconds=0, assignmentCheckoutPath=null, testCheckoutPath=null, solutionCheckoutPath=null, dockerRunConfig=null], submissionResult=null]], status=IDLE, recentBuildJobs=[BuildJobQueueItem[id=2, name=job2, buildAgent=BuildAgentDTO[name=artemis-build-agent-test, memberAddress=[127.0.0.1]:5703, displayName=], participationId=2, courseId=919, exerciseId=1, retryCount=1, priority=2, status=SUCCESSFUL, repositoryInfo=RepositoryInfo[repositoryName=test, repositoryType=null, triggeredByPushTo=user, assignmentRepositoryUri=test, testRepositoryUri=test, solutionRepositoryUri=test, auxiliaryRepositoryUris=null, auxiliaryRepositoryCheckoutDirectories=null], jobTimingInfo=JobTimingInfo[submissionDate=2025-02-14T23:45:01.918257351Z[Etc/UTC], buildStartDate=2025-02-14T23:46:01.918257481Z[Etc/UTC], buildCompletionDate=2025-02-14T23:47:01.918257691Z[Etc/UTC], estimatedCompletionDate=null, estimatedDuration=20], buildConfig=BuildConfig[buildScript=echo 'test', dockerImage=test, commitHashToBuild=test, assignmentCommitHash=test, testCommitHash=test, branch=test, programmingLanguage=null, projectType=null, scaEnabled=false, sequentialTestRunsEnabled=false, resultPaths=null, timeoutSeconds=0, assignmentCheckoutPath=null, testCheckoutPath=null, solutionCheckoutPath=null, dockerRunConfig=null], submissionResult=null]], publicSshKey=null]
    23:45:01.941 | 588 artemis-task-1   | DEBUG | d.t.c.a.a.c.c.w.GzipMessageConverter : Compressed message payload from 1040 to 620 (saved 40.4% payload size)
    23:45:01.941 | 566 localvc.event-13 | DEBUG | a.p.s.l.SharedQueueManagementService : Build agent added: null
    23:45:01.943 | 473 ool-1-worker-237 | INFO  | i.z.t.d.l.EmbeddedDatabaseReporter   : JDBC URL to connect to 'dataSource': url='jdbc:h2:tcp://localhost:41063/mem:f240edcd-27ce-47a3-b4ab-a6a00c154135;USER=sa', scope='LocalCIResourceIntegrationTest#testGetBuildJobStatistics'
    23:45:01.945 | 588 artemis-task-1   | DEBUG | d.t.c.a.a.c.c.w.GzipMessageConverter : Compressed message payload from 2432 to 796 (saved 67.3% payload size)
    23:45:01.948 | 473 ool-1-worker-237 | DEBUG | d.t.c.a.a.c.s.f.ApiVersionFilter     : Adding Version to Request GET /api/admin/build-job-statistics
    23:45:01.950 | 473 ool-1-worker-237 | DEBUG | a.a.c.w.a.AdminBuildJobQueueResource : REST request to get the build job statistics
    23:45:01.966 | 600 taskScheduler-1  | DEBUG | a.a.b.s.SharedQueueProcessingService : Currently processing jobs on this node: 0, active threads in Pool: 0, maximum pool size of thread executor : 1

  Starting logs for LocalCIResourceIntegrationTest > testGetQueuedBuildJobs_instructorAccessForbidden()
    23:45:02.048 | 473 ool-1-worker-237 | DEBUG | d.t.c.a.a.c.u.util.UserUtilService   : Generate 2 students...
    23:45:02.055 | 473 ool-1-worker-237 | DEBUG | d.t.c.a.a.c.u.util.UserUtilService   : 2 students generated. Generate 1 tutors...
    23:45:02.062 | 473 ool-1-worker-237 | DEBUG | d.t.c.a.a.c.u.util.UserUtilService   : 1 tutors generated. Generate 0 editors...
    23:45:02.066 | 473 ool-1-worker-237 | DEBUG | d.t.c.a.a.c.u.util.UserUtilService   : 0 editors generated. Generate 2 instructors...
    23:45:02.076 | 473 ool-1-worker-237 | DEBUG | d.t.c.a.a.c.u.util.UserUtilService   : 2 instructors generated
    23:45:02.077 | 473 ool-1-worker-237 | DEBUG | d.t.c.a.a.c.u.util.UserUtilService   : Removing 4 users from all courses...
    23:45:02.080 | 473 ool-1-worker-237 | DEBUG | d.t.c.a.a.c.u.util.UserUtilService   : Removing 4 users from all courses. Done
    23:45:02.080 | 473 ool-1-worker-237 | DEBUG | d.t.c.a.a.c.u.util.UserUtilService   : Save 5 users to database...
    23:45:02.090 | 473 ool-1-worker-237 | DEBUG | d.t.c.a.a.c.u.util.UserUtilService   : Save 5 users to database. Done
    23:45:02.177 | 566 localvc.event-13 | DEBUG | a.p.s.l.LocalCIQueueWebsocketService : Build agent added: BuildAgentInformation[buildAgent=BuildAgentDTO[name=artemis-build-agent-test, memberAddress=[127.0.0.1]:5703, displayName=], maxNumberOfConcurrentBuildJobs=2, numberOfCurrentBuildJobs=1, runningBuildJobs=[BuildJobQueueItem[id=1, name=job1, buildAgent=BuildAgentDTO[name=artemis-build-agent-test, memberAddress=[127.0.0.1]:5703, displayName=], participationId=1, courseId=920, exerciseId=1, retryCount=1, priority=1, status=SUCCESSFUL, repositoryInfo=RepositoryInfo[repositoryName=test, repositoryType=null, triggeredByPushTo=user, assignmentRepositoryUri=test, testRepositoryUri=test, solutionRepositoryUri=test, auxiliaryRepositoryUris=null, auxiliaryRepositoryCheckoutDirectories=null], jobTimingInfo=JobTimingInfo[submissionDate=2025-02-14T23:46:02.170831950Z[Etc/UTC], buildStartDate=2025-02-14T23:47:02.170834294Z[Etc/UTC], buildCompletionDate=2025-02-14T23:48:02.170834735Z[Etc/UTC], estimatedCompletionDate=null, estimatedDuration=20], buildConfig=BuildConfig[buildScript=echo 'test', dockerImage=test, commitHashToBuild=test, assignmentCommitHash=test, testCommitHash=test, branch=test, programmingLanguage=null, projectType=null, scaEnabled=false, sequentialTestRunsEnabled=false, resultPaths=null, timeoutSeconds=0, assignmentCheckoutPath=null, testCheckoutPath=null, solutionCheckoutPath=null, dockerRunConfig=null], submissionResult=null]], status=IDLE, recentBuildJobs=[BuildJobQueueItem[id=2, name=job2, buildAgent=BuildAgentDTO[name=artemis-build-agent-test, memberAddress=[127.0.0.1]:5703, displayName=], participationId=2, courseId=920, exerciseId=1, retryCount=1, priority=2, status=SUCCESSFUL, repositoryInfo=RepositoryInfo[repositoryName=test, repositoryType=null, triggeredByPushTo=user, assignmentRepositoryUri=test, testRepositoryUri=test, solutionRepositoryUri=test, auxiliaryRepositoryUris=null, auxiliaryRepositoryCheckoutDirectories=null], jobTimingInfo=JobTimingInfo[submissionDate=2025-02-14T23:45:02.170836308Z[Etc/UTC], buildStartDate=2025-02-14T23:46:02.170836418Z[Etc/UTC], buildCompletionDate=2025-02-14T23:47:02.170836618Z[Etc/UTC], estimatedCompletionDate=null, estimatedDuration=20], buildConfig=BuildConfig[buildScript=echo 'test', dockerImage=test, commitHashToBuild=test, assignmentCommitHash=test, testCommitHash=test, branch=test, programmingLanguage=null, projectType=null, scaEnabled=false, sequentialTestRunsEnabled=false, resultPaths=null, timeoutSeconds=0, assignmentCheckoutPath=null, testCheckoutPath=null, solutionCheckoutPath=null, dockerRunConfig=null], submissionResult=null]], publicSshKey=null]
    23:45:02.178 | 566 localvc.event-13 | DEBUG | s.l.LocalCIWebsocketMessagingService : Sending message on topic /topic/admin/build-agents: [BuildAgentInformation[buildAgent=BuildAgentDTO[name=artemis-build-agent-test, memberAddress=[127.0.0.1]:5703, displayName=], maxNumberOfConcurrentBuildJobs=2, numberOfCurrentBuildJobs=1, runningBuildJobs=[BuildJobQueueItem[id=1, name=job1, buildAgent=BuildAgentDTO[name=artemis-build-agent-test, memberAddress=[127.0.0.1]:5703, displayName=], participationId=1, courseId=920, exerciseId=1, retryCount=1, priority=1, status=SUCCESSFUL, repositoryInfo=RepositoryInfo[repositoryName=test, repositoryType=null, triggeredByPushTo=user, assignmentRepositoryUri=, testRepositoryUri=, solutionRepositoryUri=, auxiliaryRepositoryUris=null, auxiliaryRepositoryCheckoutDirectories=null], jobTimingInfo=JobTimingInfo[submissionDate=2025-02-14T23:46:02.170831950Z[Etc/UTC], buildStartDate=2025-02-14T23:47:02.170834294Z[Etc/UTC], buildCompletionDate=2025-02-14T23:48:02.170834735Z[Etc/UTC], estimatedCompletionDate=null, estimatedDuration=20], buildConfig=BuildConfig[buildScript=, dockerImage=, commitHashToBuild=test, assignmentCommitHash=, testCommitHash=, branch=, programmingLanguage=null, projectType=null, scaEnabled=false, sequentialTestRunsEnabled=false, resultPaths=null, timeoutSeconds=0, assignmentCheckoutPath=, testCheckoutPath=, solutionCheckoutPath=, dockerRunConfig=null], submissionResult=null]], status=IDLE, recentBuildJobs=null, publicSshKey=null]]
    23:45:02.178 | 566 localvc.event-13 | DEBUG | s.l.LocalCIWebsocketMessagingService : Sending message on topic /topic/admin/build-agent/artemis-build-agent-test: BuildAgentInformation[buildAgent=BuildAgentDTO[name=artemis-build-agent-test, memberAddress=[127.0.0.1]:5703, displayName=], maxNumberOfConcurrentBuildJobs=2, numberOfCurrentBuildJobs=1, runningBuildJobs=[BuildJobQueueItem[id=1, name=job1, buildAgent=BuildAgentDTO[name=artemis-build-agent-test, memberAddress=[127.0.0.1]:5703, displayName=], participationId=1, courseId=920, exerciseId=1, retryCount=1, priority=1, status=SUCCESSFUL, repositoryInfo=RepositoryInfo[repositoryName=test, repositoryType=null, triggeredByPushTo=user, assignmentRepositoryUri=test, testRepositoryUri=test, solutionRepositoryUri=test, auxiliaryRepositoryUris=null, auxiliaryRepositoryCheckoutDirectories=null], jobTimingInfo=JobTimingInfo[submissionDate=2025-02-14T23:46:02.170831950Z[Etc/UTC], buildStartDate=2025-02-14T23:47:02.170834294Z[Etc/UTC], buildCompletionDate=2025-02-14T23:48:02.170834735Z[Etc/UTC], estimatedCompletionDate=null, estimatedDuration=20], buildConfig=BuildConfig[buildScript=echo 'test', dockerImage=test, commitHashToBuild=test, assignmentCommitHash=test, testCommitHash=test, branch=test, programmingLanguage=null, projectType=null, scaEnabled=false, sequentialTestRunsEnabled=false, resultPaths=null, timeoutSeconds=0, assignmentCheckoutPath=null, testCheckoutPath=null, solutionCheckoutPath=null, dockerRunConfig=null], submissionResult=null]], status=IDLE, recentBuildJobs=[BuildJobQueueItem[id=2, name=job2, buildAgent=BuildAgentDTO[name=artemis-build-agent-test, memberAddress=[127.0.0.1]:5703, displayName=], participationId=2, courseId=920, exerciseId=1, retryCount=1, priority=2, status=SUCCESSFUL, repositoryInfo=RepositoryInfo[repositoryName=test, repositoryType=null, triggeredByPushTo=user, assignmentRepositoryUri=test, testRepositoryUri=test, solutionRepositoryUri=test, auxiliaryRepositoryUris=null, auxiliaryRepositoryCheckoutDirectories=null], jobTimingInfo=JobTimingInfo[submissionDate=2025-02-14T23:45:02.170836308Z[Etc/UTC], buildStartDate=2025-02-14T23:46:02.170836418Z[Etc/UTC], buildCompletionDate=2025-02-14T23:47:02.170836618Z[Etc/UTC], estimatedCompletionDate=null, estimatedDuration=20], buildConfig=BuildConfig[buildScript=echo 'test', dockerImage=test, commitHashToBuild=test, assignmentCommitHash=test, testCommitHash=test, branch=test, programmingLanguage=null, projectType=null, scaEnabled=false, sequentialTestRunsEnabled=false, resultPaths=null, timeoutSeconds=0, assignmentCheckoutPath=null, testCheckoutPath=null, solutionCheckoutPath=null, dockerRunConfig=null], submissionResult=null]], publicSshKey=null]
    23:45:02.178 | 566 localvc.event-13 | DEBUG | a.p.s.l.SharedQueueManagementService : Build agent added: null
    23:45:02.229 | 473 ool-1-worker-237 | INFO  | i.z.t.d.l.EmbeddedDatabaseReporter   : JDBC URL to connect to 'dataSource': url='jdbc:h2:tcp://localhost:41063/mem:f240edcd-27ce-47a3-b4ab-a6a00c154135;USER=sa', scope='LocalCIResourceIntegrationTest#testGetQueuedBuildJobs_instructorAccessForbidden'
    23:45:02.231 | 473 ool-1-worker-237 | WARN  | o.z.p.spring.common.AdviceTraits     : Forbidden: Access Denied
    23:45:02.235 | 565 localvc.event-12 | DEBUG | a.p.s.l.LocalCIQueueWebsocketService : CIBuildJobQueueItem added to processing jobs: BuildJobQueueItem[id=1, name=job1, buildAgent=BuildAgentDTO[name=artemis-build-agent-test, memberAddress=[127.0.0.1]:5703, displayName=], participationId=1, courseId=920, exerciseId=1, retryCount=1, priority=1, status=SUCCESSFUL, repositoryInfo=RepositoryInfo[repositoryName=test, repositoryType=null, triggeredByPushTo=user, assignmentRepositoryUri=test, testRepositoryUri=test, solutionRepositoryUri=test, auxiliaryRepositoryUris=null, auxiliaryRepositoryCheckoutDirectories=null], jobTimingInfo=JobTimingInfo[submissionDate=2025-02-14T23:46:02.170831950Z[Etc/UTC], buildStartDate=2025-02-14T23:47:02.170834294Z[Etc/UTC], buildCompletionDate=2025-02-14T23:48:02.170834735Z[Etc/UTC], estimatedCompletionDate=null, estimatedDuration=20], buildConfig=BuildConfig[buildScript=echo 'test', dockerImage=test, commitHashToBuild=test, assignmentCommitHash=test, testCommitHash=test, branch=test, programmingLanguage=null, projectType=null, scaEnabled=false, sequentialTestRunsEnabled=false, resultPaths=null, timeoutSeconds=0, assignmentCheckoutPath=null, testCheckoutPath=null, solutionCheckoutPath=null, dockerRunConfig=null], submissionResult=null]
    23:45:02.235 | 565 localvc.event-12 | DEBUG | s.l.LocalCIWebsocketMessagingService : Sending message on topic /topic/admin/running-jobs: [BuildJobQueueItem[id=1, name=job1, buildAgent=BuildAgentDTO[name=artemis-build-agent-test, memberAddress=[127.0.0.1]:5703, displayName=], participationId=1, courseId=920, exerciseId=1, retryCount=1, priority=1, status=SUCCESSFUL, repositoryInfo=RepositoryInfo[repositoryName=test, repositoryType=null, triggeredByPushTo=user, assignmentRepositoryUri=, testRepositoryUri=, solutionRepositoryUri=, auxiliaryRepositoryUris=null, auxiliaryRepositoryCheckoutDirectories=null], jobTimingInfo=JobTimingInfo[submissionDate=2025-02-14T23:46:02.170831950Z[Etc/UTC], buildStartDate=2025-02-14T23:47:02.170834294Z[Etc/UTC], buildCompletionDate=2025-02-14T23:48:02.170834735Z[Etc/UTC], estimatedCompletionDate=null, estimatedDuration=20], buildConfig=BuildConfig[buildScript=, dockerImage=, commitHashToBuild=test, assignmentCommitHash=, testCommitHash=, branch=, programmingLanguage=null, projectType=null, scaEnabled=false, sequentialTestRunsEnabled=false, resultPaths=null, timeoutSeconds=0, assignmentCheckoutPath=, testCheckoutPath=, solutionCheckoutPath=, dockerRunConfig=null], submissionResult=null], BuildJobQueueItem[id=2, name=job2, buildAgent=BuildAgentDTO[name=artemis-build-agent-test, memberAddress=[127.0.0.1]:5703, displayName=], participationId=2, courseId=920, exerciseId=1, retryCount=1, priority=2, status=SUCCESSFUL, repositoryInfo=RepositoryInfo[repositoryName=test, repositoryType=null, triggeredByPushTo=user, assignmentRepositoryUri=, testRepositoryUri=, solutionRepositoryUri=, auxiliaryRepositoryUris=null, auxiliaryRepositoryCheckoutDirectories=null], jobTimingInfo=JobTimingInfo[submissionDate=2025-02-14T23:45:02.170836308Z[Etc/UTC], buildStartDate=2025-02-14T23:46:02.170836418Z[Etc/UTC], buildCompletionDate=2025-02-14T23:47:02.170836618Z[Etc/UTC], estimatedCompletionDate=null, estimatedDuration=20], buildConfig=BuildConfig[buildScript=, dockerImage=, commitHashToBuild=test, assignmentCommitHash=, testCommitHash=, branch=, programmingLanguage=null, projectType=null, scaEnabled=false, sequentialTestRunsEnabled=false, resultPaths=null, timeoutSeconds=0, assignmentCheckoutPath=, testCheckoutPath=, solutionCheckoutPath=, dockerRunConfig=null], submissionResult=null]]
    23:45:02.236 | 565 localvc.event-12 | DEBUG | s.l.LocalCIWebsocketMessagingService : Sending message on topic /topic/courses/920/running-jobs: [BuildJobQueueItem[id=1, name=job1, buildAgent=BuildAgentDTO[name=artemis-build-agent-test, memberAddress=[127.0.0.1]:5703, displayName=], participationId=1, courseId=920, exerciseId=1, retryCount=1, priority=1, status=SUCCESSFUL, repositoryInfo=RepositoryInfo[repositoryName=test, repositoryType=null, triggeredByPushTo=user, assignmentRepositoryUri=, testRepositoryUri=, solutionRepositoryUri=, auxiliaryRepositoryUris=null, auxiliaryRepositoryCheckoutDirectories=null], jobTimingInfo=JobTimingInfo[submissionDate=2025-02-14T23:46:02.170831950Z[Etc/UTC], buildStartDate=2025-02-14T23:47:02.170834294Z[Etc/UTC], buildCompletionDate=2025-02-14T23:48:02.170834735Z[Etc/UTC], estimatedCompletionDate=null, estimatedDuration=20], buildConfig=BuildConfig[buildScript=, dockerImage=, commitHashToBuild=test, assignmentCommitHash=, testCommitHash=, branch=, programmingLanguage=null, projectType=null, scaEnabled=false, sequentialTestRunsEnabled=false, resultPaths=null, timeoutSeconds=0, assignmentCheckoutPath=, testCheckoutPath=, solutionCheckoutPath=, dockerRunConfig=null], submissionResult=null], BuildJobQueueItem[id=2, name=job2, buildAgent=BuildAgentDTO[name=artemis-build-agent-test, memberAddress=[127.0.0.1]:5703, displayName=], participationId=2, courseId=920, exerciseId=1, retryCount=1, priority=2, status=SUCCESSFUL, repositoryInfo=RepositoryInfo[repositoryName=test, repositoryType=null, triggeredByPushTo=user, assignmentRepositoryUri=, testRepositoryUri=, solutionRepositoryUri=, auxiliaryRepositoryUris=null, auxiliaryRepositoryCheckoutDirectories=null], jobTimingInfo=JobTimingInfo[submissionDate=2025-02-14T23:45:02.170836308Z[Etc/UTC], buildStartDate=2025-02-14T23:46:02.170836418Z[Etc/UTC], buildCompletionDate=2025-02-14T23:47:02.170836618Z[Etc/UTC], estimatedCompletionDate=null, estimatedDuration=20], buildConfig=BuildConfig[buildScript=, dockerImage=, commitHashToBuild=test, assignmentCommitHash=, testCommitHash=, branch=, programmingLanguage=null, projectType=null, scaEnabled=false, sequentialTestRunsEnabled=false, resultPaths=null, timeoutSeconds=0, assignmentCheckoutPath=, testCheckoutPath=, solutionCheckoutPath=, dockerRunConfig=null], submissionResult=null]]
    23:45:02.238 | 588 artemis-task-1   | DEBUG | d.t.c.a.a.c.c.w.GzipMessageConverter : Compressed message payload from 1039 to 616 (saved 40.7% payload size)
    23:45:02.238 | 588 artemis-task-1   | DEBUG | d.t.c.a.a.c.c.w.GzipMessageConverter : Compressed message payload from 2431 to 792 (saved 67.4% payload size)
    23:45:02.238 | 588 artemis-task-1   | DEBUG | d.t.c.a.a.c.c.w.GzipMessageConverter : Compressed message payload from 1497 to 596 (saved 60.2% payload size)
    23:45:02.239 | 588 artemis-task-1   | DEBUG | d.t.c.a.a.c.c.w.GzipMessageConverter : Compressed message payload from 1497 to 596 (saved 60.2% payload size)
    23:45:02.240 | 565 localvc.event-12 | DEBUG | a.p.s.l.LocalCIQueueWebsocketService : CIBuildJobQueueItem added to processing jobs: BuildJobQueueItem[id=2, name=job2, buildAgent=BuildAgentDTO[name=artemis-build-agent-test, memberAddress=[127.0.0.1]:5703, displayName=], participationId=2, courseId=920, exerciseId=1, retryCount=1, priority=2, status=SUCCESSFUL, repositoryInfo=RepositoryInfo[repositoryName=test, repositoryType=null, triggeredByPushTo=user, assignmentRepositoryUri=test, testRepositoryUri=test, solutionRepositoryUri=test, auxiliaryRepositoryUris=null, auxiliaryRepositoryCheckoutDirectories=null], jobTimingInfo=JobTimingInfo[submissionDate=2025-02-14T23:45:02.170836308Z[Etc/UTC], buildStartDate=2025-02-14T23:46:02.170836418Z[Etc/UTC], buildCompletionDate=2025-02-14T23:47:02.170836618Z[Etc/UTC], estimatedCompletionDate=null, estimatedDuration=20], buildConfig=BuildConfig[buildScript=echo 'test', dockerImage=test, commitHashToBuild=test, assignmentCommitHash=test, testCommitHash=test, branch=test, programmingLanguage=null, projectType=null, scaEnabled=false, sequentialTestRunsEnabled=false, resultPaths=null, timeoutSeconds=0, assignmentCheckoutPath=null, testCheckoutPath=null, solutionCheckoutPath=null, dockerRunConfig=null], submissionResult=null]
    23:45:02.241 | 565 localvc.event-12 | DEBUG | s.l.LocalCIWebsocketMessagingService : Sending message on topic /topic/admin/running-jobs: [BuildJobQueueItem[id=1, name=job1, buildAgent=BuildAgentDTO[name=artemis-build-agent-test, memberAddress=[127.0.0.1]:5703, displayName=], participationId=1, courseId=920, exerciseId=1, retryCount=1, priority=1, status=SUCCESSFUL, repositoryInfo=RepositoryInfo[repositoryName=test, repositoryType=null, triggeredByPushTo=user, assignmentRepositoryUri=, testRepositoryUri=, solutionRepositoryUri=, auxiliaryRepositoryUris=null, auxiliaryRepositoryCheckoutDirectories=null], jobTimingInfo=JobTimingInfo[submissionDate=2025-02-14T23:46:02.170831950Z[Etc/UTC], buildStartDate=2025-02-14T23:47:02.170834294Z[Etc/UTC], buildCompletionDate=2025-02-14T23:48:02.170834735Z[Etc/UTC], estimatedCompletionDate=null, estimatedDuration=20], buildConfig=BuildConfig[buildScript=, dockerImage=, commitHashToBuild=test, assignmentCommitHash=, testCommitHash=, branch=, programmingLanguage=null, projectType=null, scaEnabled=false, sequentialTestRunsEnabled=false, resultPaths=null, timeoutSeconds=0, assignmentCheckoutPath=, testCheckoutPath=, solutionCheckoutPath=, dockerRunConfig=null], submissionResult=null], BuildJobQueueItem[id=2, name=job2, buildAgent=BuildAgentDTO[name=artemis-build-agent-test, memberAddress=[127.0.0.1]:5703, displayName=], participationId=2, courseId=920, exerciseId=1, retryCount=1, priority=2, status=SUCCESSFUL, repositoryInfo=RepositoryInfo[repositoryName=test, repositoryType=null, triggeredByPushTo=user, assignmentRepositoryUri=, testRepositoryUri=, solutionRepositoryUri=, auxiliaryRepositoryUris=null, auxiliaryRepositoryCheckoutDirectories=null], jobTimingInfo=JobTimingInfo[submissionDate=2025-02-14T23:45:02.170836308Z[Etc/UTC], buildStartDate=2025-02-14T23:46:02.170836418Z[Etc/UTC], buildCompletionDate=2025-02-14T23:47:02.170836618Z[Etc/UTC], estimatedCompletionDate=null, estimatedDuration=20], buildConfig=BuildConfig[buildScript=, dockerImage=, commitHashToBuild=test, assignmentCommitHash=, testCommitHash=, branch=, programmingLanguage=null, projectType=null, scaEnabled=false, sequentialTestRunsEnabled=false, resultPaths=null, timeoutSeconds=0, assignmentCheckoutPath=, testCheckoutPath=, solutionCheckoutPath=, dockerRunConfig=null], submissionResult=null]]
    23:45:02.241 | 588 artemis-task-1   | DEBUG | d.t.c.a.a.c.c.w.GzipMessageConverter : Compressed message payload from 1497 to 596 (saved 60.2% payload size)
    23:45:02.241 | 565 localvc.event-12 | DEBUG | s.l.LocalCIWebsocketMessagingService : Sending message on topic /topic/courses/920/running-jobs: [BuildJobQueueItem[id=1, name=job1, buildAgent=BuildAgentDTO[name=artemis-build-agent-test, memberAddress=[127.0.0.1]:5703, displayName=], participationId=1, courseId=920, exerciseId=1, retryCount=1, priority=1, status=SUCCESSFUL, repositoryInfo=RepositoryInfo[repositoryName=test, repositoryType=null, triggeredByPushTo=user, assignmentRepositoryUri=, testRepositoryUri=, solutionRepositoryUri=, auxiliaryRepositoryUris=null, auxiliaryRepositoryCheckoutDirectories=null], jobTimingInfo=JobTimingInfo[submissionDate=2025-02-14T23:46:02.170831950Z[Etc/UTC], buildStartDate=2025-02-14T23:47:02.170834294Z[Etc/UTC], buildCompletionDate=2025-02-14T23:48:02.170834735Z[Etc/UTC], estimatedCompletionDate=null, estimatedDuration=20], buildConfig=BuildConfig[buildScript=, dockerImage=, commitHashToBuild=test, assignmentCommitHash=, testCommitHash=, branch=, programmingLanguage=null, projectType=null, scaEnabled=false, sequentialTestRunsEnabled=false, resultPaths=null, timeoutSeconds=0, assignmentCheckoutPath=, testCheckoutPath=, solutionCheckoutPath=, dockerRunConfig=null], submissionResult=null], BuildJobQueueItem[id=2, name=job2, buildAgent=BuildAgentDTO[name=artemis-build-agent-test, memberAddress=[127.0.0.1]:5703, displayName=], participationId=2, courseId=920, exerciseId=1, retryCount=1, priority=2, status=SUCCESSFUL, repositoryInfo=RepositoryInfo[repositoryName=test, repositoryType=null, triggeredByPushTo=user, assignmentRepositoryUri=, testRepositoryUri=, solutionRepositoryUri=, auxiliaryRepositoryUris=null, auxiliaryRepositoryCheckoutDirectories=null], jobTimingInfo=JobTimingInfo[submissionDate=2025-02-14T23:45:02.170836308Z[Etc/UTC], buildStartDate=2025-02-14T23:46:02.170836418Z[Etc/UTC], buildCompletionDate=2025-02-14T23:47:02.170836618Z[Etc/UTC], estimatedCompletionDate=null, estimatedDuration=20], buildConfig=BuildConfig[buildScript=, dockerImage=, commitHashToBuild=test, assignmentCommitHash=, testCommitHash=, branch=, programmingLanguage=null, projectType=null, scaEnabled=false, sequentialTestRunsEnabled=false, resultPaths=null, timeoutSeconds=0, assignmentCheckoutPath=, testCheckoutPath=, solutionCheckoutPath=, dockerRunConfig=null], submissionResult=null]]
    23:45:02.241 | 588 artemis-task-1   | DEBUG | d.t.c.a.a.c.c.w.GzipMessageConverter : Compressed message payload from 1497 to 596 (saved 60.2% payload size)
    23:45:02.250 | 614 taskScheduler-3  | DEBUG | a.a.b.s.SharedQueueProcessingService : Currently processing jobs on this node: 0, active threads in Pool: 0, maximum pool size of thread executor : 1

  Starting logs for LocalCIResourceIntegrationTest > testPauseAllBuildAgents()
    23:45:02.332 | 473 ool-1-worker-237 | DEBUG | d.t.c.a.a.c.u.util.UserUtilService   : Generate 2 students...
    23:45:02.341 | 473 ool-1-worker-237 | DEBUG | d.t.c.a.a.c.u.util.UserUtilService   : 2 students generated. Generate 1 tutors...
    23:45:02.350 | 473 ool-1-worker-237 | DEBUG | d.t.c.a.a.c.u.util.UserUtilService   : 1 tutors generated. Generate 0 editors...
    23:45:02.358 | 473 ool-1-worker-237 | DEBUG | d.t.c.a.a.c.u.util.UserUtilService   : 0 editors generated. Generate 2 instructors...
    23:45:02.368 | 473 ool-1-worker-237 | DEBUG | d.t.c.a.a.c.u.util.UserUtilService   : 2 instructors generated
    23:45:02.375 | 473 ool-1-worker-237 | DEBUG | d.t.c.a.a.c.u.util.UserUtilService   : Removing 4 users from all courses...
    23:45:02.376 | 473 ool-1-worker-237 | DEBUG | d.t.c.a.a.c.u.util.UserUtilService   : Removing 4 users from all courses. Done
    23:45:02.376 | 473 ool-1-worker-237 | DEBUG | d.t.c.a.a.c.u.util.UserUtilService   : Save 5 users to database...
    23:45:02.395 | 473 ool-1-worker-237 | DEBUG | d.t.c.a.a.c.u.util.UserUtilService   : Save 5 users to database. Done
    23:45:02.475 | 565 localvc.event-12 | DEBUG | a.p.s.l.LocalCIQueueWebsocketService : CIBuildJobQueueItem added to processing jobs: BuildJobQueueItem[id=1, name=job1, buildAgent=BuildAgentDTO[name=artemis-build-agent-test, memberAddress=[127.0.0.1]:5703, displayName=], participationId=1, courseId=921, exerciseId=1, retryCount=1, priority=1, status=SUCCESSFUL, repositoryInfo=RepositoryInfo[repositoryName=test, repositoryType=null, triggeredByPushTo=user, assignmentRepositoryUri=test, testRepositoryUri=test, solutionRepositoryUri=test, auxiliaryRepositoryUris=null, auxiliaryRepositoryCheckoutDirectories=null], jobTimingInfo=JobTimingInfo[submissionDate=2025-02-14T23:46:02.470410033Z[Etc/UTC], buildStartDate=2025-02-14T23:47:02.470412027Z[Etc/UTC], buildCompletionDate=2025-02-14T23:48:02.470412528Z[Etc/UTC], estimatedCompletionDate=null, estimatedDuration=20], buildConfig=BuildConfig[buildScript=echo 'test', dockerImage=test, commitHashToBuild=test, assignmentCommitHash=test, testCommitHash=test, branch=test, programmingLanguage=null, projectType=null, scaEnabled=false, sequentialTestRunsEnabled=false, resultPaths=null, timeoutSeconds=0, assignmentCheckoutPath=null, testCheckoutPath=null, solutionCheckoutPath=null, dockerRunConfig=null], submissionResult=null]
    23:45:02.476 | 565 localvc.event-12 | DEBUG | s.l.LocalCIWebsocketMessagingService : Sending message on topic /topic/admin/running-jobs: [BuildJobQueueItem[id=1, name=job1, buildAgent=BuildAgentDTO[name=artemis-build-agent-test, memberAddress=[127.0.0.1]:5703, displayName=], participationId=1, courseId=921, exerciseId=1, retryCount=1, priority=1, status=SUCCESSFUL, repositoryInfo=RepositoryInfo[repositoryName=test, repositoryType=null, triggeredByPushTo=user, assignmentRepositoryUri=, testRepositoryUri=, solutionRepositoryUri=, auxiliaryRepositoryUris=null, auxiliaryRepositoryCheckoutDirectories=null], jobTimingInfo=JobTimingInfo[submissionDate=2025-02-14T23:46:02.470410033Z[Etc/UTC], buildStartDate=2025-02-14T23:47:02.470412027Z[Etc/UTC], buildCompletionDate=2025-02-14T23:48:02.470412528Z[Etc/UTC], estimatedCompletionDate=null, estimatedDuration=20], buildConfig=BuildConfig[buildScript=, dockerImage=, commitHashToBuild=test, assignmentCommitHash=, testCommitHash=, branch=, programmingLanguage=null, projectType=null, scaEnabled=false, sequentialTestRunsEnabled=false, resultPaths=null, timeoutSeconds=0, assignmentCheckoutPath=, testCheckoutPath=, solutionCheckoutPath=, dockerRunConfig=null], submissionResult=null]]
    23:45:02.476 | 565 localvc.event-12 | DEBUG | s.l.LocalCIWebsocketMessagingService : Sending message on topic /topic/courses/921/running-jobs: [BuildJobQueueItem[id=1, name=job1, buildAgent=BuildAgentDTO[name=artemis-build-agent-test, memberAddress=[127.0.0.1]:5703, displayName=], participationId=1, courseId=921, exerciseId=1, retryCount=1, priority=1, status=SUCCESSFUL, repositoryInfo=RepositoryInfo[repositoryName=test, repositoryType=null, triggeredByPushTo=user, assignmentRepositoryUri=, testRepositoryUri=, solutionRepositoryUri=, auxiliaryRepositoryUris=null, auxiliaryRepositoryCheckoutDirectories=null], jobTimingInfo=JobTimingInfo[submissionDate=2025-02-14T23:46:02.470410033Z[Etc/UTC], buildStartDate=2025-02-14T23:47:02.470412027Z[Etc/UTC], buildCompletionDate=2025-02-14T23:48:02.470412528Z[Etc/UTC], estimatedCompletionDate=null, estimatedDuration=20], buildConfig=BuildConfig[buildScript=, dockerImage=, commitHashToBuild=test, assignmentCommitHash=, testCommitHash=, branch=, programmingLanguage=null, projectType=null, scaEnabled=false, sequentialTestRunsEnabled=false, resultPaths=null, timeoutSeconds=0, assignmentCheckoutPath=, testCheckoutPath=, solutionCheckoutPath=, dockerRunConfig=null], submissionResult=null]]
    23:45:02.478 | 588 artemis-task-1   | DEBUG | d.t.c.a.a.c.c.w.GzipMessageConverter : Compressed message payload from 750 to 520 (saved 30.7% payload size)
    23:45:02.478 | 588 artemis-task-1   | DEBUG | d.t.c.a.a.c.c.w.GzipMessageConverter : Compressed message payload from 750 to 520 (saved 30.7% payload size)
    23:45:02.479 | 566 localvc.event-13 | DEBUG | a.p.s.l.LocalCIQueueWebsocketService : Build agent added: BuildAgentInformation[buildAgent=BuildAgentDTO[name=artemis-build-agent-test, memberAddress=[127.0.0.1]:5703, displayName=], maxNumberOfConcurrentBuildJobs=2, numberOfCurrentBuildJobs=1, runningBuildJobs=[BuildJobQueueItem[id=1, name=job1, buildAgent=BuildAgentDTO[name=artemis-build-agent-test, memberAddress=[127.0.0.1]:5703, displayName=], participationId=1, courseId=921, exerciseId=1, retryCount=1, priority=1, status=SUCCESSFUL, repositoryInfo=RepositoryInfo[repositoryName=test, repositoryType=null, triggeredByPushTo=user, assignmentRepositoryUri=test, testRepositoryUri=test, solutionRepositoryUri=test, auxiliaryRepositoryUris=null, auxiliaryRepositoryCheckoutDirectories=null], jobTimingInfo=JobTimingInfo[submissionDate=2025-02-14T23:46:02.470410033Z[Etc/UTC], buildStartDate=2025-02-14T23:47:02.470412027Z[Etc/UTC], buildCompletionDate=2025-02-14T23:48:02.470412528Z[Etc/UTC], estimatedCompletionDate=null, estimatedDuration=20], buildConfig=BuildConfig[buildScript=echo 'test', dockerImage=test, commitHashToBuild=test, assignmentCommitHash=test, testCommitHash=test, branch=test, programmingLanguage=null, projectType=null, scaEnabled=false, sequentialTestRunsEnabled=false, resultPaths=null, timeoutSeconds=0, assignmentCheckoutPath=null, testCheckoutPath=null, solutionCheckoutPath=null, dockerRunConfig=null], submissionResult=null]], status=IDLE, recentBuildJobs=[BuildJobQueueItem[id=2, name=job2, buildAgent=BuildAgentDTO[name=artemis-build-agent-test, memberAddress=[127.0.0.1]:5703, displayName=], participationId=2, courseId=921, exerciseId=1, retryCount=1, priority=2, status=SUCCESSFUL, repositoryInfo=RepositoryInfo[repositoryName=test, repositoryType=null, triggeredByPushTo=user, assignmentRepositoryUri=test, testRepositoryUri=test, solutionRepositoryUri=test, auxiliaryRepositoryUris=null, auxiliaryRepositoryCheckoutDirectories=null], jobTimingInfo=JobTimingInfo[submissionDate=2025-02-14T23:45:02.470413990Z[Etc/UTC], buildStartDate=2025-02-14T23:46:02.470414111Z[Etc/UTC], buildCompletionDate=2025-02-14T23:47:02.470414341Z[Etc/UTC], estimatedCompletionDate=null, estimatedDuration=20], buildConfig=BuildConfig[buildScript=echo 'test', dockerImage=test, commitHashToBuild=test, assignmentCommitHash=test, testCommitHash=test, branch=test, programmingLanguage=null, projectType=null, scaEnabled=false, sequentialTestRunsEnabled=false, resultPaths=null, timeoutSeconds=0, assignmentCheckoutPath=null, testCheckoutPath=null, solutionCheckoutPath=null, dockerRunConfig=null], submissionResult=null]], publicSshKey=null]
    23:45:02.480 | 566 localvc.event-13 | DEBUG | s.l.LocalCIWebsocketMessagingService : Sending message on topic /topic/admin/build-agents: [BuildAgentInformation[buildAgent=BuildAgentDTO[name=artemis-build-agent-test, memberAddress=[127.0.0.1]:5703, displayName=], maxNumberOfConcurrentBuildJobs=2, numberOfCurrentBuildJobs=1, runningBuildJobs=[BuildJobQueueItem[id=1, name=job1, buildAgent=BuildAgentDTO[name=artemis-build-agent-test, memberAddress=[127.0.0.1]:5703, displayName=], participationId=1, courseId=921, exerciseId=1, retryCount=1, priority=1, status=SUCCESSFUL, repositoryInfo=RepositoryInfo[repositoryName=test, repositoryType=null, triggeredByPushTo=user, assignmentRepositoryUri=, testRepositoryUri=, solutionRepositoryUri=, auxiliaryRepositoryUris=null, auxiliaryRepositoryCheckoutDirectories=null], jobTimingInfo=JobTimingInfo[submissionDate=2025-02-14T23:46:02.470410033Z[Etc/UTC], buildStartDate=2025-02-14T23:47:02.470412027Z[Etc/UTC], buildCompletionDate=2025-02-14T23:48:02.470412528Z[Etc/UTC], estimatedCompletionDate=null, estimatedDuration=20], buildConfig=BuildConfig[buildScript=, dockerImage=, commitHashToBuild=test, assignmentCommitHash=, testCommitHash=, branch=, programmingLanguage=null, projectType=null, scaEnabled=false, sequentialTestRunsEnabled=false, resultPaths=null, timeoutSeconds=0, assignmentCheckoutPath=, testCheckoutPath=, solutionCheckoutPath=, dockerRunConfig=null], submissionResult=null]], status=IDLE, recentBuildJobs=null, publicSshKey=null]]
    23:45:02.480 | 566 localvc.event-13 | DEBUG | s.l.LocalCIWebsocketMessagingService : Sending message on topic /topic/admin/build-agent/artemis-build-agent-test: BuildAgentInformation[buildAgent=BuildAgentDTO[name=artemis-build-agent-test, memberAddress=[127.0.0.1]:5703, displayName=], maxNumberOfConcurrentBuildJobs=2, numberOfCurrentBuildJobs=1, runningBuildJobs=[BuildJobQueueItem[id=1, name=job1, buildAgent=BuildAgentDTO[name=artemis-build-agent-test, memberAddress=[127.0.0.1]:5703, displayName=], participationId=1, courseId=921, exerciseId=1, retryCount=1, priority=1, status=SUCCESSFUL, repositoryInfo=RepositoryInfo[repositoryName=test, repositoryType=null, triggeredByPushTo=user, assignmentRepositoryUri=test, testRepositoryUri=test, solutionRepositoryUri=test, auxiliaryRepositoryUris=null, auxiliaryRepositoryCheckoutDirectories=null], jobTimingInfo=JobTimingInfo[submissionDate=2025-02-14T23:46:02.470410033Z[Etc/UTC], buildStartDate=2025-02-14T23:47:02.470412027Z[Etc/UTC], buildCompletionDate=2025-02-14T23:48:02.470412528Z[Etc/UTC], estimatedCompletionDate=null, estimatedDuration=20], buildConfig=BuildConfig[buildScript=echo 'test', dockerImage=test, commitHashToBuild=test, assignmentCommitHash=test, testCommitHash=test, branch=test, programmingLanguage=null, projectType=null, scaEnabled=false, sequentialTestRunsEnabled=false, resultPaths=null, timeoutSeconds=0, assignmentCheckoutPath=null, testCheckoutPath=null, solutionCheckoutPath=null, dockerRunConfig=null], submissionResult=null]], status=IDLE, recentBuildJobs=[BuildJobQueueItem[id=2, name=job2, buildAgent=BuildAgentDTO[name=artemis-build-agent-test, memberAddress=[127.0.0.1]:5703, displayName=], participationId=2, courseId=921, exerciseId=1, retryCount=1, priority=2, status=SUCCESSFUL, repositoryInfo=RepositoryInfo[repositoryName=test, repositoryType=null, triggeredByPushTo=user, assignmentRepositoryUri=test, testRepositoryUri=test, solutionRepositoryUri=test, auxiliaryRepositoryUris=null, auxiliaryRepositoryCheckoutDirectories=null], jobTimingInfo=JobTimingInfo[submissionDate=2025-02-14T23:45:02.470413990Z[Etc/UTC], buildStartDate=2025-02-14T23:46:02.470414111Z[Etc/UTC], buildCompletionDate=2025-02-14T23:47:02.470414341Z[Etc/UTC], estimatedCompletionDate=null, estimatedDuration=20], buildConfig=BuildConfig[buildScript=echo 'test', dockerImage=test, commitHashToBuild=test, assignmentCommitHash=test, testCommitHash=test, branch=test, programmingLanguage=null, projectType=null, scaEnabled=false, sequentialTestRunsEnabled=false, resultPaths=null, timeoutSeconds=0, assignmentCheckoutPath=null, testCheckoutPath=null, solutionCheckoutPath=null, dockerRunConfig=null], submissionResult=null]], publicSshKey=null]
    23:45:02.480 | 566 localvc.event-13 | DEBUG | a.p.s.l.SharedQueueManagementService : Build agent added: null
    23:45:02.481 | 473 ool-1-worker-237 | INFO  | i.z.t.d.l.EmbeddedDatabaseReporter   : JDBC URL to connect to 'dataSource': url='jdbc:h2:tcp://localhost:41063/mem:f240edcd-27ce-47a3-b4ab-a6a00c154135;USER=sa', scope='LocalCIResourceIntegrationTest#testPauseAllBuildAgents'
    23:45:02.486 | 588 artemis-task-1   | DEBUG | d.t.c.a.a.c.c.w.GzipMessageConverter : Compressed message payload from 1040 to 616 (saved 40.8% payload size)
    23:45:02.486 | 588 artemis-task-1   | DEBUG | d.t.c.a.a.c.c.w.GzipMessageConverter : Compressed message payload from 2431 to 788 (saved 67.6% payload size)
    23:45:02.487 | 565 localvc.event-12 | DEBUG | a.p.s.l.LocalCIQueueWebsocketService : CIBuildJobQueueItem added to processing jobs: BuildJobQueueItem[id=2, name=job2, buildAgent=BuildAgentDTO[name=artemis-build-agent-test, memberAddress=[127.0.0.1]:5703, displayName=], participationId=2, courseId=921, exerciseId=1, retryCount=1, priority=2, status=SUCCESSFUL, repositoryInfo=RepositoryInfo[repositoryName=test, repositoryType=null, triggeredByPushTo=user, assignmentRepositoryUri=test, testRepositoryUri=test, solutionRepositoryUri=test, auxiliaryRepositoryUris=null, auxiliaryRepositoryCheckoutDirectories=null], jobTimingInfo=JobTimingInfo[submissionDate=2025-02-14T23:45:02.470413990Z[Etc/UTC], buildStartDate=2025-02-14T23:46:02.470414111Z[Etc/UTC], buildCompletionDate=2025-02-14T23:47:02.470414341Z[Etc/UTC], estimatedCompletionDate=null, estimatedDuration=20], buildConfig=BuildConfig[buildScript=echo 'test', dockerImage=test, commitHashToBuild=test, assignmentCommitHash=test, testCommitHash=test, branch=test, programmingLanguage=null, projectType=null, scaEnabled=false, sequentialTestRunsEnabled=false, resultPaths=null, timeoutSeconds=0, assignmentCheckoutPath=null, testCheckoutPath=null, solutionCheckoutPath=null, dockerRunConfig=null], submissionResult=null]
    23:45:02.487 | 565 localvc.event-12 | DEBUG | s.l.LocalCIWebsocketMessagingService : Sending message on topic /topic/admin/running-jobs: []
    23:45:02.487 | 565 localvc.event-12 | DEBUG | s.l.LocalCIWebsocketMessagingService : Sending message on topic /topic/courses/921/running-jobs: []
    23:45:02.493 | 473 ool-1-worker-237 | DEBUG | d.t.c.a.a.c.s.f.ApiVersionFilter     : Adding Version to Request PUT /api/admin/agents/pause-all
    23:45:02.494 | 473 ool-1-worker-237 | DEBUG | a.a.c.w.a.AdminBuildJobQueueResource : REST request to pause all agents
    23:45:02.498 | 564 localvc.event-11 | INFO  | a.a.b.s.SharedQueueProcessingService : Pausing build agent with address [127.0.0.1]:5703
    23:45:02.503 | 566 localvc.event-13 | DEBUG | a.p.s.l.LocalCIQueueWebsocketService : Build agent updated: BuildAgentInformation[buildAgent=BuildAgentDTO[name=artemis-build-agent-test, memberAddress=[127.0.0.1]:5703, displayName=artemis-build-agent-test], maxNumberOfConcurrentBuildJobs=1, numberOfCurrentBuildJobs=0, runningBuildJobs=[], status=PAUSED, recentBuildJobs=[BuildJobQueueItem[id=2, name=job2, buildAgent=BuildAgentDTO[name=artemis-build-agent-test, memberAddress=[127.0.0.1]:5703, displayName=], participationId=2, courseId=921, exerciseId=1, retryCount=1, priority=2, status=SUCCESSFUL, repositoryInfo=RepositoryInfo[repositoryName=test, repositoryType=null, triggeredByPushTo=user, assignmentRepositoryUri=test, testRepositoryUri=test, solutionRepositoryUri=test, auxiliaryRepositoryUris=null, auxiliaryRepositoryCheckoutDirectories=null], jobTimingInfo=JobTimingInfo[submissionDate=2025-02-14T23:45:02.470413990Z[Etc/UTC], buildStartDate=2025-02-14T23:46:02.470414111Z[Etc/UTC], buildCompletionDate=2025-02-14T23:47:02.470414341Z[Etc/UTC], estimatedCompletionDate=null, estimatedDuration=20], buildConfig=BuildConfig[buildScript=echo 'test', dockerImage=test, commitHashToBuild=test, assignmentCommitHash=test, testCommitHash=test, branch=test, programmingLanguage=null, projectType=null, scaEnabled=false, sequentialTestRunsEnabled=false, resultPaths=null, timeoutSeconds=0, assignmentCheckoutPath=null, testCheckoutPath=null, solutionCheckoutPath=null, dockerRunConfig=null], submissionResult=null]], publicSshKey=ssh-rsa AAAAB3NzaC1yc2EAAAADAQABAAACAQCOPdMsxRE2jFJ/UEa5/LsBxtwzJcrh3/rYBCQvcMeVpiRfhzQPWu7mrt/G2Ew+i+vRloGH9aqKg6dd1liRncao53Zmd/ePxoatXePNhmzTfkCkcSkTUz7B+QMjkoDDV5jwuFPD6mF3JkhuzSi64n9Zy905t4w2IhVcjM2mL3eYNjiCXt6Qpq3Pkt7dM/Ksw1nxnvuiIALuJLB3FTkXkHqq3PJav+9HSq2r6ZaWgekneaGxlQlb+U+Vy3XOuArKAzK8c8i+0bR+AHiTG6ncYXt7ax3U+TdlDTF7OLP3umwaYjs1NBXOHwG42pevvpKn2fqavZZozk+M05jXLx3bq0O7itxfErWc7etky8qYPyyIMF/txQIVLd78+Ze4d7Y60t5MGbXM5cGE6fFif5fEJwgswXD+BrG0cafz1CTatjSKFdvp8Vp4VszXhHDan1PrP6JEFJ5Cc5GDmLRZPCFa3vL9f5qXgf4bkqKN8MYeEujwJE5nMRWoiJVNakix2bcrrneQMBlnYeYZVWXXXUusAQBzl4NgddC1umZpihZkL1b1MffZAUW3EGEXi7KHnllQhkTLLsQ8ntMgbylqaJKStqaXlLvdeRJcEnUuiFCrHEVVbXRFZR7XVDZ02CE5o3MuaRPty8Kh+jRTF3COlAckHwYEJCNNJvXFgb2CNXL4mjzYDw== test@localhost]
    23:45:02.503 | 566 localvc.event-13 | DEBUG | s.l.LocalCIWebsocketMessagingService : Sending message on topic /topic/admin/build-agents: [BuildAgentInformation[buildAgent=BuildAgentDTO[name=artemis-build-agent-test, memberAddress=[127.0.0.1]:5703, displayName=artemis-build-agent-test], maxNumberOfConcurrentBuildJobs=1, numberOfCurrentBuildJobs=0, runningBuildJobs=[], status=PAUSED, recentBuildJobs=null, publicSshKey=null]]
    23:45:02.504 | 588 artemis-task-1   | DEBUG | d.t.c.a.a.c.c.w.GzipMessageConverter : Compressed message payload from 257 to 236 (saved 8.2% payload size)
    23:45:02.504 | 566 localvc.event-13 | DEBUG | s.l.LocalCIWebsocketMessagingService : Sending message on topic /topic/admin/build-agent/artemis-build-agent-test: BuildAgentInformation[buildAgent=BuildAgentDTO[name=artemis-build-agent-test, memberAddress=[127.0.0.1]:5703, displayName=artemis-build-agent-test], maxNumberOfConcurrentBuildJobs=1, numberOfCurrentBuildJobs=0, runningBuildJobs=[], status=PAUSED, recentBuildJobs=[BuildJobQueueItem[id=2, name=job2, buildAgent=BuildAgentDTO[name=artemis-build-agent-test, memberAddress=[127.0.0.1]:5703, displayName=], participationId=2, courseId=921, exerciseId=1, retryCount=1, priority=2, status=SUCCESSFUL, repositoryInfo=RepositoryInfo[repositoryName=test, repositoryType=null, triggeredByPushTo=user, assignmentRepositoryUri=test, testRepositoryUri=test, solutionRepositoryUri=test, auxiliaryRepositoryUris=null, auxiliaryRepositoryCheckoutDirectories=null], jobTimingInfo=JobTimingInfo[submissionDate=2025-02-14T23:45:02.470413990Z[Etc/UTC], buildStartDate=2025-02-14T23:46:02.470414111Z[Etc/UTC], buildCompletionDate=2025-02-14T23:47:02.470414341Z[Etc/UTC], estimatedCompletionDate=null, estimatedDuration=20], buildConfig=BuildConfig[buildScript=echo 'test', dockerImage=test, commitHashToBuild=test, assignmentCommitHash=test, testCommitHash=test, branch=test, programmingLanguage=null, projectType=null, scaEnabled=false, sequentialTestRunsEnabled=false, resultPaths=null, timeoutSeconds=0, assignmentCheckoutPath=null, testCheckoutPath=null, solutionCheckoutPath=null, dockerRunConfig=null], submissionResult=null]], publicSshKey=ssh-rsa AAAAB3NzaC1yc2EAAAADAQABAAACAQCOPdMsxRE2jFJ/UEa5/LsBxtwzJcrh3/rYBCQvcMeVpiRfhzQPWu7mrt/G2Ew+i+vRloGH9aqKg6dd1liRncao53Zmd/ePxoatXePNhmzTfkCkcSkTUz7B+QMjkoDDV5jwuFPD6mF3JkhuzSi64n9Zy905t4w2IhVcjM2mL3eYNjiCXt6Qpq3Pkt7dM/Ksw1nxnvuiIALuJLB3FTkXkHqq3PJav+9HSq2r6ZaWgekneaGxlQlb+U+Vy3XOuArKAzK8c8i+0bR+AHiTG6ncYXt7ax3U+TdlDTF7OLP3umwaYjs1NBXOHwG42pevvpKn2fqavZZozk+M05jXLx3bq0O7itxfErWc7etky8qYPyyIMF/txQIVLd78+Ze4d7Y60t5MGbXM5cGE6fFif5fEJwgswXD+BrG0cafz1CTatjSKFdvp8Vp4VszXhHDan1PrP6JEFJ5Cc5GDmLRZPCFa3vL9f5qXgf4bkqKN8MYeEujwJE5nMRWoiJVNakix2bcrrneQMBlnYeYZVWXXXUusAQBzl4NgddC1umZpihZkL1b1MffZAUW3EGEXi7KHnllQhkTLLsQ8ntMgbylqaJKStqaXlLvdeRJcEnUuiFCrHEVVbXRFZR7XVDZ02CE5o3MuaRPty8Kh+jRTF3COlAckHwYEJCNNJvXFgb2CNXL4mjzYDw== test@localhost]
    23:45:02.504 | 566 localvc.event-13 | DEBUG | a.p.s.l.SharedQueueManagementService : Build agent updated: null
    23:45:02.504 | 564 localvc.event-11 | INFO  | a.a.b.s.SharedQueueProcessingService : Gracefully cancelling running build jobs
    23:45:02.504 | 564 localvc.event-11 | INFO  | a.a.b.s.SharedQueueProcessingService : No running build jobs to cancel
    23:45:02.505 | 564 localvc.event-11 | INFO  | a.a.b.s.SharedQueueProcessingService : Build agent is already paused
    23:45:02.505 | 564 localvc.event-11 | INFO  | a.a.b.s.SharedQueueProcessingService : Build agent is already paused
    23:45:02.505 | 564 localvc.event-11 | INFO  | a.a.b.s.SharedQueueProcessingService : Build agent is already paused
    23:45:02.505 | 564 localvc.event-11 | INFO  | a.a.b.s.SharedQueueProcessingService : Build agent is already paused
    23:45:02.505 | 588 artemis-task-1   | DEBUG | d.t.c.a.a.c.c.w.GzipMessageConverter : Compressed message payload from 2128 to 1540 (saved 27.6% payload size)
    23:45:02.608 | 473 ool-1-worker-237 | DEBUG | d.t.c.a.a.c.s.f.ApiVersionFilter     : Adding Version to Request PUT /api/admin/agents/resume-all
    23:45:02.609 | 473 ool-1-worker-237 | DEBUG | a.a.c.w.a.AdminBuildJobQueueResource : REST request to resume all agents
    23:45:02.613 | 565 localvc.event-12 | INFO  | a.a.b.s.SharedQueueProcessingService : Resuming build agent with address [127.0.0.1]:5703
    23:45:02.613 | 565 localvc.event-12 | DEBUG | d.t.c.a.a.b.BuildAgentConfiguration  : Using ExecutorService with thread pool size 1.
    23:45:02.613 | 565 localvc.event-12 | DEBUG | d.t.c.a.a.b.BuildAgentConfiguration  : Create bean dockerClient
    23:45:02.615 | 565 localvc.event-12 | DEBUG | d.t.c.a.a.b.BuildAgentConfiguration  : Docker client created with connection URI: unix:///var/run/docker.sock
    23:45:02.615 | 565 localvc.event-12 | INFO  | .t.c.a.a.b.s.BuildAgentDockerService : Start cleanup dangling build containers
    23:45:02.616 | 565 localvc.event-12 | INFO  | .t.c.a.a.b.s.BuildAgentDockerService : Cleanup dangling build containers done
    23:45:02.625 | 601 taskScheduler-2  | DEBUG | a.a.b.s.SharedQueueProcessingService : Currently processing jobs on this node: 0, active threads in Pool: 0, maximum pool size of thread executor : 1
    23:45:02.630 | 565 localvc.event-12 | DEBUG | a.a.b.s.SharedQueueProcessingService : Currently processing jobs on this node: 0, active threads in Pool: 0, maximum pool size of thread executor : 1
    23:45:02.631 | 565 localvc.event-12 | INFO  | a.a.b.s.SharedQueueProcessingService : Build agent is already running
    23:45:02.631 | 565 localvc.event-12 | INFO  | a.a.b.s.SharedQueueProcessingService : Build agent is already running
    23:45:02.631 | 565 localvc.event-12 | INFO  | a.a.b.s.SharedQueueProcessingService : Build agent is already running
    23:45:02.631 | 565 localvc.event-12 | INFO  | a.a.b.s.SharedQueueProcessingService : Build agent is already running
    23:45:02.635 | 566 localvc.event-13 | DEBUG | a.p.s.l.LocalCIQueueWebsocketService : Build agent updated: BuildAgentInformation[buildAgent=BuildAgentDTO[name=artemis-build-agent-test, memberAddress=[127.0.0.1]:5703, displayName=artemis-build-agent-test], maxNumberOfConcurrentBuildJobs=1, numberOfCurrentBuildJobs=0, runningBuildJobs=[], status=IDLE, recentBuildJobs=[BuildJobQueueItem[id=2, name=job2, buildAgent=BuildAgentDTO[name=artemis-build-agent-test, memberAddress=[127.0.0.1]:5703, displayName=], participationId=2, courseId=921, exerciseId=1, retryCount=1, priority=2, status=SUCCESSFUL, repositoryInfo=RepositoryInfo[repositoryName=test, repositoryType=null, triggeredByPushTo=user, assignmentRepositoryUri=test, testRepositoryUri=test, solutionRepositoryUri=test, auxiliaryRepositoryUris=null, auxiliaryRepositoryCheckoutDirectories=null], jobTimingInfo=JobTimingInfo[submissionDate=2025-02-14T23:45:02.470413990Z[Etc/UTC], buildStartDate=2025-02-14T23:46:02.470414111Z[Etc/UTC], buildCompletionDate=2025-02-14T23:47:02.470414341Z[Etc/UTC], estimatedCompletionDate=null, estimatedDuration=20], buildConfig=BuildConfig[buildScript=echo 'test', dockerImage=test, commitHashToBuild=test, assignmentCommitHash=test, testCommitHash=test, branch=test, programmingLanguage=null, projectType=null, scaEnabled=false, sequentialTestRunsEnabled=false, resultPaths=null, timeoutSeconds=0, assignmentCheckoutPath=null, testCheckoutPath=null, solutionCheckoutPath=null, dockerRunConfig=null], submissionResult=null]], publicSshKey=ssh-rsa AAAAB3NzaC1yc2EAAAADAQABAAACAQCOPdMsxRE2jFJ/UEa5/LsBxtwzJcrh3/rYBCQvcMeVpiRfhzQPWu7mrt/G2Ew+i+vRloGH9aqKg6dd1liRncao53Zmd/ePxoatXePNhmzTfkCkcSkTUz7B+QMjkoDDV5jwuFPD6mF3JkhuzSi64n9Zy905t4w2IhVcjM2mL3eYNjiCXt6Qpq3Pkt7dM/Ksw1nxnvuiIALuJLB3FTkXkHqq3PJav+9HSq2r6ZaWgekneaGxlQlb+U+Vy3XOuArKAzK8c8i+0bR+AHiTG6ncYXt7ax3U+TdlDTF7OLP3umwaYjs1NBXOHwG42pevvpKn2fqavZZozk+M05jXLx3bq0O7itxfErWc7etky8qYPyyIMF/txQIVLd78+Ze4d7Y60t5MGbXM5cGE6fFif5fEJwgswXD+BrG0cafz1CTatjSKFdvp8Vp4VszXhHDan1PrP6JEFJ5Cc5GDmLRZPCFa3vL9f5qXgf4bkqKN8MYeEujwJE5nMRWoiJVNakix2bcrrneQMBlnYeYZVWXXXUusAQBzl4NgddC1umZpihZkL1b1MffZAUW3EGEXi7KHnllQhkTLLsQ8ntMgbylqaJKStqaXlLvdeRJcEnUuiFCrHEVVbXRFZR7XVDZ02CE5o3MuaRPty8Kh+jRTF3COlAckHwYEJCNNJvXFgb2CNXL4mjzYDw== test@localhost]
    23:45:02.635 | 566 localvc.event-13 | DEBUG | s.l.LocalCIWebsocketMessagingService : Sending message on topic /topic/admin/build-agents: [BuildAgentInformation[buildAgent=BuildAgentDTO[name=artemis-build-agent-test, memberAddress=[127.0.0.1]:5703, displayName=artemis-build-agent-test], maxNumberOfConcurrentBuildJobs=1, numberOfCurrentBuildJobs=0, runningBuildJobs=[], status=IDLE, recentBuildJobs=null, publicSshKey=null]]
    23:45:02.636 | 566 localvc.event-13 | DEBUG | s.l.LocalCIWebsocketMessagingService : Sending message on topic /topic/admin/build-agent/artemis-build-agent-test: BuildAgentInformation[buildAgent=BuildAgentDTO[name=artemis-build-agent-test, memberAddress=[127.0.0.1]:5703, displayName=artemis-build-agent-test], maxNumberOfConcurrentBuildJobs=1, numberOfCurrentBuildJobs=0, runningBuildJobs=[], status=IDLE, recentBuildJobs=[BuildJobQueueItem[id=2, name=job2, buildAgent=BuildAgentDTO[name=artemis-build-agent-test, memberAddress=[127.0.0.1]:5703, displayName=], participationId=2, courseId=921, exerciseId=1, retryCount=1, priority=2, status=SUCCESSFUL, repositoryInfo=RepositoryInfo[repositoryName=test, repositoryType=null, triggeredByPushTo=user, assignmentRepositoryUri=test, testRepositoryUri=test, solutionRepositoryUri=test, auxiliaryRepositoryUris=null, auxiliaryRepositoryCheckoutDirectories=null], jobTimingInfo=JobTimingInfo[submissionDate=2025-02-14T23:45:02.470413990Z[Etc/UTC], buildStartDate=2025-02-14T23:46:02.470414111Z[Etc/UTC], buildCompletionDate=2025-02-14T23:47:02.470414341Z[Etc/UTC], estimatedCompletionDate=null, estimatedDuration=20], buildConfig=BuildConfig[buildScript=echo 'test', dockerImage=test, commitHashToBuild=test, assignmentCommitHash=test, testCommitHash=test, branch=test, programmingLanguage=null, projectType=null, scaEnabled=false, sequentialTestRunsEnabled=false, resultPaths=null, timeoutSeconds=0, assignmentCheckoutPath=null, testCheckoutPath=null, solutionCheckoutPath=null, dockerRunConfig=null], submissionResult=null]], publicSshKey=ssh-rsa AAAAB3NzaC1yc2EAAAADAQABAAACAQCOPdMsxRE2jFJ/UEa5/LsBxtwzJcrh3/rYBCQvcMeVpiRfhzQPWu7mrt/G2Ew+i+vRloGH9aqKg6dd1liRncao53Zmd/ePxoatXePNhmzTfkCkcSkTUz7B+QMjkoDDV5jwuFPD6mF3JkhuzSi64n9Zy905t4w2IhVcjM2mL3eYNjiCXt6Qpq3Pkt7dM/Ksw1nxnvuiIALuJLB3FTkXkHqq3PJav+9HSq2r6ZaWgekneaGxlQlb+U+Vy3XOuArKAzK8c8i+0bR+AHiTG6ncYXt7ax3U+TdlDTF7OLP3umwaYjs1NBXOHwG42pevvpKn2fqavZZozk+M05jXLx3bq0O7itxfErWc7etky8qYPyyIMF/txQIVLd78+Ze4d7Y60t5MGbXM5cGE6fFif5fEJwgswXD+BrG0cafz1CTatjSKFdvp8Vp4VszXhHDan1PrP6JEFJ5Cc5GDmLRZPCFa3vL9f5qXgf4bkqKN8MYeEujwJE5nMRWoiJVNakix2bcrrneQMBlnYeYZVWXXXUusAQBzl4NgddC1umZpihZkL1b1MffZAUW3EGEXi7KHnllQhkTLLsQ8ntMgbylqaJKStqaXlLvdeRJcEnUuiFCrHEVVbXRFZR7XVDZ02CE5o3MuaRPty8Kh+jRTF3COlAckHwYEJCNNJvXFgb2CNXL4mjzYDw== test@localhost]
    23:45:02.636 | 566 localvc.event-13 | DEBUG | a.p.s.l.SharedQueueManagementService : Build agent updated: null
    23:45:02.641 | 588 artemis-task-1   | DEBUG | d.t.c.a.a.c.c.w.GzipMessageConverter : Compressed message payload from 255 to 232 (saved 9.0% payload size)
    23:45:02.641 | 588 artemis-task-1   | DEBUG | d.t.c.a.a.c.c.w.GzipMessageConverter : Compressed message payload from 2126 to 1540 (saved 27.6% payload size)
    23:45:02.731 | 615 taskScheduler-4  | DEBUG | a.a.b.s.SharedQueueProcessingService : Currently processing jobs on this node: 0, active threads in Pool: 0, maximum pool size of thread executor : 1

  Starting logs for LocalCIResourceIntegrationTest > testGetFinishedBuildJobs_returnsSortedJobs()
    23:45:02.780 | 473 ool-1-worker-237 | DEBUG | d.t.c.a.a.c.u.util.UserUtilService   : Generate 2 students...
    23:45:02.804 | 473 ool-1-worker-237 | DEBUG | d.t.c.a.a.c.u.util.UserUtilService   : 2 students generated. Generate 1 tutors...
    23:45:02.815 | 473 ool-1-worker-237 | DEBUG | d.t.c.a.a.c.u.util.UserUtilService   : 1 tutors generated. Generate 0 editors...
    23:45:02.818 | 473 ool-1-worker-237 | DEBUG | d.t.c.a.a.c.u.util.UserUtilService   : 0 editors generated. Generate 2 instructors...
    23:45:02.825 | 473 ool-1-worker-237 | DEBUG | d.t.c.a.a.c.u.util.UserUtilService   : 2 instructors generated
    23:45:02.829 | 473 ool-1-worker-237 | DEBUG | d.t.c.a.a.c.u.util.UserUtilService   : Removing 4 users from all courses...
    23:45:02.830 | 473 ool-1-worker-237 | DEBUG | d.t.c.a.a.c.u.util.UserUtilService   : Removing 4 users from all courses. Done
    23:45:02.830 | 473 ool-1-worker-237 | DEBUG | d.t.c.a.a.c.u.util.UserUtilService   : Save 5 users to database...
    23:45:02.839 | 473 ool-1-worker-237 | DEBUG | d.t.c.a.a.c.u.util.UserUtilService   : Save 5 users to database. Done
    23:45:02.874 | 565 localvc.event-12 | DEBUG | a.p.s.l.LocalCIQueueWebsocketService : CIBuildJobQueueItem added to processing jobs: BuildJobQueueItem[id=1, name=job1, buildAgent=BuildAgentDTO[name=artemis-build-agent-test, memberAddress=[127.0.0.1]:5703, displayName=], participationId=1, courseId=922, exerciseId=1, retryCount=1, priority=1, status=SUCCESSFUL, repositoryInfo=RepositoryInfo[repositoryName=test, repositoryType=null, triggeredByPushTo=user, assignmentRepositoryUri=test, testRepositoryUri=test, solutionRepositoryUri=test, auxiliaryRepositoryUris=null, auxiliaryRepositoryCheckoutDirectories=null], jobTimingInfo=JobTimingInfo[submissionDate=2025-02-14T23:46:02.871130598Z[Etc/UTC], buildStartDate=2025-02-14T23:47:02.871132081Z[Etc/UTC], buildCompletionDate=2025-02-14T23:48:02.871132492Z[Etc/UTC], estimatedCompletionDate=null, estimatedDuration=20], buildConfig=BuildConfig[buildScript=echo 'test', dockerImage=test, commitHashToBuild=test, assignmentCommitHash=test, testCommitHash=test, branch=test, programmingLanguage=null, projectType=null, scaEnabled=false, sequentialTestRunsEnabled=false, resultPaths=null, timeoutSeconds=0, assignmentCheckoutPath=null, testCheckoutPath=null, solutionCheckoutPath=null, dockerRunConfig=null], submissionResult=null]
    23:45:02.874 | 565 localvc.event-12 | DEBUG | s.l.LocalCIWebsocketMessagingService : Sending message on topic /topic/admin/running-jobs: [BuildJobQueueItem[id=1, name=job1, buildAgent=BuildAgentDTO[name=artemis-build-agent-test, memberAddress=[127.0.0.1]:5703, displayName=], participationId=1, courseId=922, exerciseId=1, retryCount=1, priority=1, status=SUCCESSFUL, repositoryInfo=RepositoryInfo[repositoryName=test, repositoryType=null, triggeredByPushTo=user, assignmentRepositoryUri=, testRepositoryUri=, solutionRepositoryUri=, auxiliaryRepositoryUris=null, auxiliaryRepositoryCheckoutDirectories=null], jobTimingInfo=JobTimingInfo[submissionDate=2025-02-14T23:46:02.871130598Z[Etc/UTC], buildStartDate=2025-02-14T23:47:02.871132081Z[Etc/UTC], buildCompletionDate=2025-02-14T23:48:02.871132492Z[Etc/UTC], estimatedCompletionDate=null, estimatedDuration=20], buildConfig=BuildConfig[buildScript=, dockerImage=, commitHashToBuild=test, assignmentCommitHash=, testCommitHash=, branch=, programmingLanguage=null, projectType=null, scaEnabled=false, sequentialTestRunsEnabled=false, resultPaths=null, timeoutSeconds=0, assignmentCheckoutPath=, testCheckoutPath=, solutionCheckoutPath=, dockerRunConfig=null], submissionResult=null]]
    23:45:02.875 | 565 localvc.event-12 | DEBUG | s.l.LocalCIWebsocketMessagingService : Sending message on topic /topic/courses/922/running-jobs: [BuildJobQueueItem[id=1, name=job1, buildAgent=BuildAgentDTO[name=artemis-build-agent-test, memberAddress=[127.0.0.1]:5703, displayName=], participationId=1, courseId=922, exerciseId=1, retryCount=1, priority=1, status=SUCCESSFUL, repositoryInfo=RepositoryInfo[repositoryName=test, repositoryType=null, triggeredByPushTo=user, assignmentRepositoryUri=, testRepositoryUri=, solutionRepositoryUri=, auxiliaryRepositoryUris=null, auxiliaryRepositoryCheckoutDirectories=null], jobTimingInfo=JobTimingInfo[submissionDate=2025-02-14T23:46:02.871130598Z[Etc/UTC], buildStartDate=2025-02-14T23:47:02.871132081Z[Etc/UTC], buildCompletionDate=2025-02-14T23:48:02.871132492Z[Etc/UTC], estimatedCompletionDate=null, estimatedDuration=20], buildConfig=BuildConfig[buildScript=, dockerImage=, commitHashToBuild=test, assignmentCommitHash=, testCommitHash=, branch=, programmingLanguage=null, projectType=null, scaEnabled=false, sequentialTestRunsEnabled=false, resultPaths=null, timeoutSeconds=0, assignmentCheckoutPath=, testCheckoutPath=, solutionCheckoutPath=, dockerRunConfig=null], submissionResult=null]]
    23:45:02.877 | 588 artemis-task-1   | DEBUG | d.t.c.a.a.c.c.w.GzipMessageConverter : Compressed message payload from 750 to 524 (saved 30.1% payload size)
    23:45:02.877 | 588 artemis-task-1   | DEBUG | d.t.c.a.a.c.c.w.GzipMessageConverter : Compressed message payload from 750 to 524 (saved 30.1% payload size)
    23:45:02.882 | 565 localvc.event-12 | DEBUG | a.p.s.l.LocalCIQueueWebsocketService : CIBuildJobQueueItem added to processing jobs: BuildJobQueueItem[id=2, name=job2, buildAgent=BuildAgentDTO[name=artemis-build-agent-test, memberAddress=[127.0.0.1]:5703, displayName=], participationId=2, courseId=922, exerciseId=1, retryCount=1, priority=2, status=SUCCESSFUL, repositoryInfo=RepositoryInfo[repositoryName=test, repositoryType=null, triggeredByPushTo=user, assignmentRepositoryUri=test, testRepositoryUri=test, solutionRepositoryUri=test, auxiliaryRepositoryUris=null, auxiliaryRepositoryCheckoutDirectories=null], jobTimingInfo=JobTimingInfo[submissionDate=2025-02-14T23:45:02.871133574Z[Etc/UTC], buildStartDate=2025-02-14T23:46:02.871133684Z[Etc/UTC], buildCompletionDate=2025-02-14T23:47:02.871133884Z[Etc/UTC], estimatedCompletionDate=null, estimatedDuration=20], buildConfig=BuildConfig[buildScript=echo 'test', dockerImage=test, commitHashToBuild=test, assignmentCommitHash=test, testCommitHash=test, branch=test, programmingLanguage=null, projectType=null, scaEnabled=false, sequentialTestRunsEnabled=false, resultPaths=null, timeoutSeconds=0, assignmentCheckoutPath=null, testCheckoutPath=null, solutionCheckoutPath=null, dockerRunConfig=null], submissionResult=null]
    23:45:02.882 | 565 localvc.event-12 | DEBUG | s.l.LocalCIWebsocketMessagingService : Sending message on topic /topic/admin/running-jobs: [BuildJobQueueItem[id=1, name=job1, buildAgent=BuildAgentDTO[name=artemis-build-agent-test, memberAddress=[127.0.0.1]:5703, displayName=], participationId=1, courseId=922, exerciseId=1, retryCount=1, priority=1, status=SUCCESSFUL, repositoryInfo=RepositoryInfo[repositoryName=test, repositoryType=null, triggeredByPushTo=user, assignmentRepositoryUri=, testRepositoryUri=, solutionRepositoryUri=, auxiliaryRepositoryUris=null, auxiliaryRepositoryCheckoutDirectories=null], jobTimingInfo=JobTimingInfo[submissionDate=2025-02-14T23:46:02.871130598Z[Etc/UTC], buildStartDate=2025-02-14T23:47:02.871132081Z[Etc/UTC], buildCompletionDate=2025-02-14T23:48:02.871132492Z[Etc/UTC], estimatedCompletionDate=null, estimatedDuration=20], buildConfig=BuildConfig[buildScript=, dockerImage=, commitHashToBuild=test, assignmentCommitHash=, testCommitHash=, branch=, programmingLanguage=null, projectType=null, scaEnabled=false, sequentialTestRunsEnabled=false, resultPaths=null, timeoutSeconds=0, assignmentCheckoutPath=, testCheckoutPath=, solutionCheckoutPath=, dockerRunConfig=null], submissionResult=null], BuildJobQueueItem[id=2, name=job2, buildAgent=BuildAgentDTO[name=artemis-build-agent-test, memberAddress=[127.0.0.1]:5703, displayName=], participationId=2, courseId=922, exerciseId=1, retryCount=1, priority=2, status=SUCCESSFUL, repositoryInfo=RepositoryInfo[repositoryName=test, repositoryType=null, triggeredByPushTo=user, assignmentRepositoryUri=, testRepositoryUri=, solutionRepositoryUri=, auxiliaryRepositoryUris=null, auxiliaryRepositoryCheckoutDirectories=null], jobTimingInfo=JobTimingInfo[submissionDate=2025-02-14T23:45:02.871133574Z[Etc/UTC], buildStartDate=2025-02-14T23:46:02.871133684Z[Etc/UTC], buildCompletionDate=2025-02-14T23:47:02.871133884Z[Etc/UTC], estimatedCompletionDate=null, estimatedDuration=20], buildConfig=BuildConfig[buildScript=, dockerImage=, commitHashToBuild=test, assignmentCommitHash=, testCommitHash=, branch=, programmingLanguage=null, projectType=null, scaEnabled=false, sequentialTestRunsEnabled=false, resultPaths=null, timeoutSeconds=0, assignmentCheckoutPath=, testCheckoutPath=, solutionCheckoutPath=, dockerRunConfig=null], submissionResult=null]]
    23:45:02.883 | 565 localvc.event-12 | DEBUG | s.l.LocalCIWebsocketMessagingService : Sending message on topic /topic/courses/922/running-jobs: [BuildJobQueueItem[id=1, name=job1, buildAgent=BuildAgentDTO[name=artemis-build-agent-test, memberAddress=[127.0.0.1]:5703, displayName=], participationId=1, courseId=922, exerciseId=1, retryCount=1, priority=1, status=SUCCESSFUL, repositoryInfo=RepositoryInfo[repositoryName=test, repositoryType=null, triggeredByPushTo=user, assignmentRepositoryUri=, testRepositoryUri=, solutionRepositoryUri=, auxiliaryRepositoryUris=null, auxiliaryRepositoryCheckoutDirectories=null], jobTimingInfo=JobTimingInfo[submissionDate=2025-02-14T23:46:02.871130598Z[Etc/UTC], buildStartDate=2025-02-14T23:47:02.871132081Z[Etc/UTC], buildCompletionDate=2025-02-14T23:48:02.871132492Z[Etc/UTC], estimatedCompletionDate=null, estimatedDuration=20], buildConfig=BuildConfig[buildScript=, dockerImage=, commitHashToBuild=test, assignmentCommitHash=, testCommitHash=, branch=, programmingLanguage=null, projectType=null, scaEnabled=false, sequentialTestRunsEnabled=false, resultPaths=null, timeoutSeconds=0, assignmentCheckoutPath=, testCheckoutPath=, solutionCheckoutPath=, dockerRunConfig=null], submissionResult=null], BuildJobQueueItem[id=2, name=job2, buildAgent=BuildAgentDTO[name=artemis-build-agent-test, memberAddress=[127.0.0.1]:5703, displayName=], participationId=2, courseId=922, exerciseId=1, retryCount=1, priority=2, status=SUCCESSFUL, repositoryInfo=RepositoryInfo[repositoryName=test, repositoryType=null, triggeredByPushTo=user, assignmentRepositoryUri=, testRepositoryUri=, solutionRepositoryUri=, auxiliaryRepositoryUris=null, auxiliaryRepositoryCheckoutDirectories=null], jobTimingInfo=JobTimingInfo[submissionDate=2025-02-14T23:45:02.871133574Z[Etc/UTC], buildStartDate=2025-02-14T23:46:02.871133684Z[Etc/UTC], buildCompletionDate=2025-02-14T23:47:02.871133884Z[Etc/UTC], estimatedCompletionDate=null, estimatedDuration=20], buildConfig=BuildConfig[buildScript=, dockerImage=, commitHashToBuild=test, assignmentCommitHash=, testCommitHash=, branch=, programmingLanguage=null, projectType=null, scaEnabled=false, sequentialTestRunsEnabled=false, resultPaths=null, timeoutSeconds=0, assignmentCheckoutPath=, testCheckoutPath=, solutionCheckoutPath=, dockerRunConfig=null], submissionResult=null]]
    23:45:02.885 | 588 artemis-task-1   | DEBUG | d.t.c.a.a.c.c.w.GzipMessageConverter : Compressed message payload from 1498 to 596 (saved 60.2% payload size)
    23:45:02.886 | 588 artemis-task-1   | DEBUG | d.t.c.a.a.c.c.w.GzipMessageConverter : Compressed message payload from 1498 to 596 (saved 60.2% payload size)
    23:45:02.889 | 566 localvc.event-13 | DEBUG | a.p.s.l.LocalCIQueueWebsocketService : Build agent added: BuildAgentInformation[buildAgent=BuildAgentDTO[name=artemis-build-agent-test, memberAddress=[127.0.0.1]:5703, displayName=], maxNumberOfConcurrentBuildJobs=2, numberOfCurrentBuildJobs=1, runningBuildJobs=[BuildJobQueueItem[id=1, name=job1, buildAgent=BuildAgentDTO[name=artemis-build-agent-test, memberAddress=[127.0.0.1]:5703, displayName=], participationId=1, courseId=922, exerciseId=1, retryCount=1, priority=1, status=SUCCESSFUL, repositoryInfo=RepositoryInfo[repositoryName=test, repositoryType=null, triggeredByPushTo=user, assignmentRepositoryUri=test, testRepositoryUri=test, solutionRepositoryUri=test, auxiliaryRepositoryUris=null, auxiliaryRepositoryCheckoutDirectories=null], jobTimingInfo=JobTimingInfo[submissionDate=2025-02-14T23:46:02.871130598Z[Etc/UTC], buildStartDate=2025-02-14T23:47:02.871132081Z[Etc/UTC], buildCompletionDate=2025-02-14T23:48:02.871132492Z[Etc/UTC], estimatedCompletionDate=null, estimatedDuration=20], buildConfig=BuildConfig[buildScript=echo 'test', dockerImage=test, commitHashToBuild=test, assignmentCommitHash=test, testCommitHash=test, branch=test, programmingLanguage=null, projectType=null, scaEnabled=false, sequentialTestRunsEnabled=false, resultPaths=null, timeoutSeconds=0, assignmentCheckoutPath=null, testCheckoutPath=null, solutionCheckoutPath=null, dockerRunConfig=null], submissionResult=null]], status=IDLE, recentBuildJobs=[BuildJobQueueItem[id=2, name=job2, buildAgent=BuildAgentDTO[name=artemis-build-agent-test, memberAddress=[127.0.0.1]:5703, displayName=], participationId=2, courseId=922, exerciseId=1, retryCount=1, priority=2, status=SUCCESSFUL, repositoryInfo=RepositoryInfo[repositoryName=test, repositoryType=null, triggeredByPushTo=user, assignmentRepositoryUri=test, testRepositoryUri=test, solutionRepositoryUri=test, auxiliaryRepositoryUris=null, auxiliaryRepositoryCheckoutDirectories=null], jobTimingInfo=JobTimingInfo[submissionDate=2025-02-14T23:45:02.871133574Z[Etc/UTC], buildStartDate=2025-02-14T23:46:02.871133684Z[Etc/UTC], buildCompletionDate=2025-02-14T23:47:02.871133884Z[Etc/UTC], estimatedCompletionDate=null, estimatedDuration=20], buildConfig=BuildConfig[buildScript=echo 'test', dockerImage=test, commitHashToBuild=test, assignmentCommitHash=test, testCommitHash=test, branch=test, programmingLanguage=null, projectType=null, scaEnabled=false, sequentialTestRunsEnabled=false, resultPaths=null, timeoutSeconds=0, assignmentCheckoutPath=null, testCheckoutPath=null, solutionCheckoutPath=null, dockerRunConfig=null], submissionResult=null]], publicSshKey=null]
    23:45:02.889 | 566 localvc.event-13 | DEBUG | s.l.LocalCIWebsocketMessagingService : Sending message on topic /topic/admin/build-agents: [BuildAgentInformation[buildAgent=BuildAgentDTO[name=artemis-build-agent-test, memberAddress=[127.0.0.1]:5703, displayName=], maxNumberOfConcurrentBuildJobs=2, numberOfCurrentBuildJobs=1, runningBuildJobs=[BuildJobQueueItem[id=1, name=job1, buildAgent=BuildAgentDTO[name=artemis-build-agent-test, memberAddress=[127.0.0.1]:5703, displayName=], participationId=1, courseId=922, exerciseId=1, retryCount=1, priority=1, status=SUCCESSFUL, repositoryInfo=RepositoryInfo[repositoryName=test, repositoryType=null, triggeredByPushTo=user, assignmentRepositoryUri=, testRepositoryUri=, solutionRepositoryUri=, auxiliaryRepositoryUris=null, auxiliaryRepositoryCheckoutDirectories=null], jobTimingInfo=JobTimingInfo[submissionDate=2025-02-14T23:46:02.871130598Z[Etc/UTC], buildStartDate=2025-02-14T23:47:02.871132081Z[Etc/UTC], buildCompletionDate=2025-02-14T23:48:02.871132492Z[Etc/UTC], estimatedCompletionDate=null, estimatedDuration=20], buildConfig=BuildConfig[buildScript=, dockerImage=, commitHashToBuild=test, assignmentCommitHash=, testCommitHash=, branch=, programmingLanguage=null, projectType=null, scaEnabled=false, sequentialTestRunsEnabled=false, resultPaths=null, timeoutSeconds=0, assignmentCheckoutPath=, testCheckoutPath=, solutionCheckoutPath=, dockerRunConfig=null], submissionResult=null]], status=IDLE, recentBuildJobs=null, publicSshKey=null]]
    23:45:02.889 | 566 localvc.event-13 | DEBUG | s.l.LocalCIWebsocketMessagingService : Sending message on topic /topic/admin/build-agent/artemis-build-agent-test: BuildAgentInformation[buildAgent=BuildAgentDTO[name=artemis-build-agent-test, memberAddress=[127.0.0.1]:5703, displayName=], maxNumberOfConcurrentBuildJobs=2, numberOfCurrentBuildJobs=1, runningBuildJobs=[BuildJobQueueItem[id=1, name=job1, buildAgent=BuildAgentDTO[name=artemis-build-agent-test, memberAddress=[127.0.0.1]:5703, displayName=], participationId=1, courseId=922, exerciseId=1, retryCount=1, priority=1, status=SUCCESSFUL, repositoryInfo=RepositoryInfo[repositoryName=test, repositoryType=null, triggeredByPushTo=user, assignmentRepositoryUri=test, testRepositoryUri=test, solutionRepositoryUri=test, auxiliaryRepositoryUris=null, auxiliaryRepositoryCheckoutDirectories=null], jobTimingInfo=JobTimingInfo[submissionDate=2025-02-14T23:46:02.871130598Z[Etc/UTC], buildStartDate=2025-02-14T23:47:02.871132081Z[Etc/UTC], buildCompletionDate=2025-02-14T23:48:02.871132492Z[Etc/UTC], estimatedCompletionDate=null, estimatedDuration=20], buildConfig=BuildConfig[buildScript=echo 'test', dockerImage=test, commitHashToBuild=test, assignmentCommitHash=test, testCommitHash=test, branch=test, programmingLanguage=null, projectType=null, scaEnabled=false, sequentialTestRunsEnabled=false, resultPaths=null, timeoutSeconds=0, assignmentCheckoutPath=null, testCheckoutPath=null, solutionCheckoutPath=null, dockerRunConfig=null], submissionResult=null]], status=IDLE, recentBuildJobs=[BuildJobQueueItem[id=2, name=job2, buildAgent=BuildAgentDTO[name=artemis-build-agent-test, memberAddress=[127.0.0.1]:5703, displayName=], participationId=2, courseId=922, exerciseId=1, retryCount=1, priority=2, status=SUCCESSFUL, repositoryInfo=RepositoryInfo[repositoryName=test, repositoryType=null, triggeredByPushTo=user, assignmentRepositoryUri=test, testRepositoryUri=test, solutionRepositoryUri=test, auxiliaryRepositoryUris=null, auxiliaryRepositoryCheckoutDirectories=null], jobTimingInfo=JobTimingInfo[submissionDate=2025-02-14T23:45:02.871133574Z[Etc/UTC], buildStartDate=2025-02-14T23:46:02.871133684Z[Etc/UTC], buildCompletionDate=2025-02-14T23:47:02.871133884Z[Etc/UTC], estimatedCompletionDate=null, estimatedDuration=20], buildConfig=BuildConfig[buildScript=echo 'test', dockerImage=test, commitHashToBuild=test, assignmentCommitHash=test, testCommitHash=test, branch=test, programmingLanguage=null, projectType=null, scaEnabled=false, sequentialTestRunsEnabled=false, resultPaths=null, timeoutSeconds=0, assignmentCheckoutPath=null, testCheckoutPath=null, solutionCheckoutPath=null, dockerRunConfig=null], submissionResult=null]], publicSshKey=null]
    23:45:02.889 | 566 localvc.event-13 | DEBUG | a.p.s.l.SharedQueueManagementService : Build agent added: null
    23:45:02.890 | 588 artemis-task-1   | DEBUG | d.t.c.a.a.c.c.w.GzipMessageConverter : Compressed message payload from 1040 to 620 (saved 40.4% payload size)
    23:45:02.889 | 473 ool-1-worker-237 | INFO  | i.z.t.d.l.EmbeddedDatabaseReporter   : JDBC URL to connect to 'dataSource': url='jdbc:h2:tcp://localhost:41063/mem:f240edcd-27ce-47a3-b4ab-a6a00c154135;USER=sa', scope='LocalCIResourceIntegrationTest#testGetFinishedBuildJobs_returnsSortedJobs'
    23:45:02.891 | 588 artemis-task-1   | DEBUG | d.t.c.a.a.c.c.w.GzipMessageConverter : Compressed message payload from 2432 to 796 (saved 67.3% payload size)
    23:45:02.897 | 473 ool-1-worker-237 | DEBUG | d.t.c.a.a.c.s.f.ApiVersionFilter     : Adding Version to Request GET /api/admin/finished-jobs
    23:45:02.904 | 473 ool-1-worker-237 | DEBUG | a.a.c.w.a.AdminBuildJobQueueResource : REST request to get a page of finished build jobs with build status null, build agent address null, start date null and end date null
    23:45:02.948 | 600 taskScheduler-1  | DEBUG | a.a.b.s.SharedQueueProcessingService : Currently processing jobs on this node: 0, active threads in Pool: 0, maximum pool size of thread executor : 1

  Starting logs for LocalCIResourceIntegrationTest > testCancelBuildJobForCourse()
    23:45:03.005 | 473 ool-1-worker-237 | DEBUG | d.t.c.a.a.c.u.util.UserUtilService   : Generate 2 students...
    23:45:03.010 | 473 ool-1-worker-237 | DEBUG | d.t.c.a.a.c.u.util.UserUtilService   : 2 students generated. Generate 1 tutors...
    23:45:03.018 | 473 ool-1-worker-237 | DEBUG | d.t.c.a.a.c.u.util.UserUtilService   : 1 tutors generated. Generate 0 editors...
    23:45:03.019 | 473 ool-1-worker-237 | DEBUG | d.t.c.a.a.c.u.util.UserUtilService   : 0 editors generated. Generate 2 instructors...
    23:45:03.029 | 473 ool-1-worker-237 | DEBUG | d.t.c.a.a.c.u.util.UserUtilService   : 2 instructors generated
    23:45:03.031 | 473 ool-1-worker-237 | DEBUG | d.t.c.a.a.c.u.util.UserUtilService   : Removing 4 users from all courses...
    23:45:03.033 | 473 ool-1-worker-237 | DEBUG | d.t.c.a.a.c.u.util.UserUtilService   : Removing 4 users from all courses. Done
    23:45:03.033 | 473 ool-1-worker-237 | DEBUG | d.t.c.a.a.c.u.util.UserUtilService   : Save 5 users to database...
    23:45:03.047 | 473 ool-1-worker-237 | DEBUG | d.t.c.a.a.c.u.util.UserUtilService   : Save 5 users to database. Done
    23:45:03.102 | 565 localvc.event-12 | DEBUG | a.p.s.l.LocalCIQueueWebsocketService : CIBuildJobQueueItem added to processing jobs: BuildJobQueueItem[id=1, name=job1, buildAgent=BuildAgentDTO[name=artemis-build-agent-test, memberAddress=[127.0.0.1]:5703, displayName=], participationId=1, courseId=923, exerciseId=1, retryCount=1, priority=1, status=SUCCESSFUL, repositoryInfo=RepositoryInfo[repositoryName=test, repositoryType=null, triggeredByPushTo=user, assignmentRepositoryUri=test, testRepositoryUri=test, solutionRepositoryUri=test, auxiliaryRepositoryUris=null, auxiliaryRepositoryCheckoutDirectories=null], jobTimingInfo=JobTimingInfo[submissionDate=2025-02-14T23:46:03.100358398Z[Etc/UTC], buildStartDate=2025-02-14T23:47:03.100359941Z[Etc/UTC], buildCompletionDate=2025-02-14T23:48:03.100360221Z[Etc/UTC], estimatedCompletionDate=null, estimatedDuration=20], buildConfig=BuildConfig[buildScript=echo 'test', dockerImage=test, commitHashToBuild=test, assignmentCommitHash=test, testCommitHash=test, branch=test, programmingLanguage=null, projectType=null, scaEnabled=false, sequentialTestRunsEnabled=false, resultPaths=null, timeoutSeconds=0, assignmentCheckoutPath=null, testCheckoutPath=null, solutionCheckoutPath=null, dockerRunConfig=null], submissionResult=null]
    23:45:03.103 | 565 localvc.event-12 | DEBUG | s.l.LocalCIWebsocketMessagingService : Sending message on topic /topic/admin/running-jobs: [BuildJobQueueItem[id=1, name=job1, buildAgent=BuildAgentDTO[name=artemis-build-agent-test, memberAddress=[127.0.0.1]:5703, displayName=], participationId=1, courseId=923, exerciseId=1, retryCount=1, priority=1, status=SUCCESSFUL, repositoryInfo=RepositoryInfo[repositoryName=test, repositoryType=null, triggeredByPushTo=user, assignmentRepositoryUri=, testRepositoryUri=, solutionRepositoryUri=, auxiliaryRepositoryUris=null, auxiliaryRepositoryCheckoutDirectories=null], jobTimingInfo=JobTimingInfo[submissionDate=2025-02-14T23:46:03.100358398Z[Etc/UTC], buildStartDate=2025-02-14T23:47:03.100359941Z[Etc/UTC], buildCompletionDate=2025-02-14T23:48:03.100360221Z[Etc/UTC], estimatedCompletionDate=null, estimatedDuration=20], buildConfig=BuildConfig[buildScript=, dockerImage=, commitHashToBuild=test, assignmentCommitHash=, testCommitHash=, branch=, programmingLanguage=null, projectType=null, scaEnabled=false, sequentialTestRunsEnabled=false, resultPaths=null, timeoutSeconds=0, assignmentCheckoutPath=, testCheckoutPath=, solutionCheckoutPath=, dockerRunConfig=null], submissionResult=null]]
    23:45:03.103 | 565 localvc.event-12 | DEBUG | s.l.LocalCIWebsocketMessagingService : Sending message on topic /topic/courses/923/running-jobs: [BuildJobQueueItem[id=1, name=job1, buildAgent=BuildAgentDTO[name=artemis-build-agent-test, memberAddress=[127.0.0.1]:5703, displayName=], participationId=1, courseId=923, exerciseId=1, retryCount=1, priority=1, status=SUCCESSFUL, repositoryInfo=RepositoryInfo[repositoryName=test, repositoryType=null, triggeredByPushTo=user, assignmentRepositoryUri=, testRepositoryUri=, solutionRepositoryUri=, auxiliaryRepositoryUris=null, auxiliaryRepositoryCheckoutDirectories=null], jobTimingInfo=JobTimingInfo[submissionDate=2025-02-14T23:46:03.100358398Z[Etc/UTC], buildStartDate=2025-02-14T23:47:03.100359941Z[Etc/UTC], buildCompletionDate=2025-02-14T23:48:03.100360221Z[Etc/UTC], estimatedCompletionDate=null, estimatedDuration=20], buildConfig=BuildConfig[buildScript=, dockerImage=, commitHashToBuild=test, assignmentCommitHash=, testCommitHash=, branch=, programmingLanguage=null, projectType=null, scaEnabled=false, sequentialTestRunsEnabled=false, resultPaths=null, timeoutSeconds=0, assignmentCheckoutPath=, testCheckoutPath=, solutionCheckoutPath=, dockerRunConfig=null], submissionResult=null]]
    23:45:03.105 | 588 artemis-task-1   | DEBUG | d.t.c.a.a.c.c.w.GzipMessageConverter : Compressed message payload from 750 to 524 (saved 30.1% payload size)
    23:45:03.105 | 588 artemis-task-1   | DEBUG | d.t.c.a.a.c.c.w.GzipMessageConverter : Compressed message payload from 750 to 524 (saved 30.1% payload size)
    23:45:03.106 | 565 localvc.event-12 | DEBUG | a.p.s.l.LocalCIQueueWebsocketService : CIBuildJobQueueItem added to processing jobs: BuildJobQueueItem[id=2, name=job2, buildAgent=BuildAgentDTO[name=artemis-build-agent-test, memberAddress=[127.0.0.1]:5703, displayName=], participationId=2, courseId=923, exerciseId=1, retryCount=1, priority=2, status=SUCCESSFUL, repositoryInfo=RepositoryInfo[repositoryName=test, repositoryType=null, triggeredByPushTo=user, assignmentRepositoryUri=test, testRepositoryUri=test, solutionRepositoryUri=test, auxiliaryRepositoryUris=null, auxiliaryRepositoryCheckoutDirectories=null], jobTimingInfo=JobTimingInfo[submissionDate=2025-02-14T23:45:03.100361294Z[Etc/UTC], buildStartDate=2025-02-14T23:46:03.100361424Z[Etc/UTC], buildCompletionDate=2025-02-14T23:47:03.100361644Z[Etc/UTC], estimatedCompletionDate=null, estimatedDuration=20], buildConfig=BuildConfig[buildScript=echo 'test', dockerImage=test, commitHashToBuild=test, assignmentCommitHash=test, testCommitHash=test, branch=test, programmingLanguage=null, projectType=null, scaEnabled=false, sequentialTestRunsEnabled=false, resultPaths=null, timeoutSeconds=0, assignmentCheckoutPath=null, testCheckoutPath=null, solutionCheckoutPath=null, dockerRunConfig=null], submissionResult=null]
    23:45:03.106 | 565 localvc.event-12 | DEBUG | s.l.LocalCIWebsocketMessagingService : Sending message on topic /topic/admin/running-jobs: [BuildJobQueueItem[id=1, name=job1, buildAgent=BuildAgentDTO[name=artemis-build-agent-test, memberAddress=[127.0.0.1]:5703, displayName=], participationId=1, courseId=923, exerciseId=1, retryCount=1, priority=1, status=SUCCESSFUL, repositoryInfo=RepositoryInfo[repositoryName=test, repositoryType=null, triggeredByPushTo=user, assignmentRepositoryUri=, testRepositoryUri=, solutionRepositoryUri=, auxiliaryRepositoryUris=null, auxiliaryRepositoryCheckoutDirectories=null], jobTimingInfo=JobTimingInfo[submissionDate=2025-02-14T23:46:03.100358398Z[Etc/UTC], buildStartDate=2025-02-14T23:47:03.100359941Z[Etc/UTC], buildCompletionDate=2025-02-14T23:48:03.100360221Z[Etc/UTC], estimatedCompletionDate=null, estimatedDuration=20], buildConfig=BuildConfig[buildScript=, dockerImage=, commitHashToBuild=test, assignmentCommitHash=, testCommitHash=, branch=, programmingLanguage=null, projectType=null, scaEnabled=false, sequentialTestRunsEnabled=false, resultPaths=null, timeoutSeconds=0, assignmentCheckoutPath=, testCheckoutPath=, solutionCheckoutPath=, dockerRunConfig=null], submissionResult=null], BuildJobQueueItem[id=2, name=job2, buildAgent=BuildAgentDTO[name=artemis-build-agent-test, memberAddress=[127.0.0.1]:5703, displayName=], participationId=2, courseId=923, exerciseId=1, retryCount=1, priority=2, status=SUCCESSFUL, repositoryInfo=RepositoryInfo[repositoryName=test, repositoryType=null, triggeredByPushTo=user, assignmentRepositoryUri=, testRepositoryUri=, solutionRepositoryUri=, auxiliaryRepositoryUris=null, auxiliaryRepositoryCheckoutDirectories=null], jobTimingInfo=JobTimingInfo[submissionDate=2025-02-14T23:45:03.100361294Z[Etc/UTC], buildStartDate=2025-02-14T23:46:03.100361424Z[Etc/UTC], buildCompletionDate=2025-02-14T23:47:03.100361644Z[Etc/UTC], estimatedCompletionDate=null, estimatedDuration=20], buildConfig=BuildConfig[buildScript=, dockerImage=, commitHashToBuild=test, assignmentCommitHash=, testCommitHash=, branch=, programmingLanguage=null, projectType=null, scaEnabled=false, sequentialTestRunsEnabled=false, resultPaths=null, timeoutSeconds=0, assignmentCheckoutPath=, testCheckoutPath=, solutionCheckoutPath=, dockerRunConfig=null], submissionResult=null]]
    23:45:03.107 | 588 artemis-task-1   | DEBUG | d.t.c.a.a.c.c.w.GzipMessageConverter : Compressed message payload from 1498 to 592 (saved 60.5% payload size)
    23:45:03.107 | 565 localvc.event-12 | DEBUG | s.l.LocalCIWebsocketMessagingService : Sending message on topic /topic/courses/923/running-jobs: [BuildJobQueueItem[id=1, name=job1, buildAgent=BuildAgentDTO[name=artemis-build-agent-test, memberAddress=[127.0.0.1]:5703, displayName=], participationId=1, courseId=923, exerciseId=1, retryCount=1, priority=1, status=SUCCESSFUL, repositoryInfo=RepositoryInfo[repositoryName=test, repositoryType=null, triggeredByPushTo=user, assignmentRepositoryUri=, testRepositoryUri=, solutionRepositoryUri=, auxiliaryRepositoryUris=null, auxiliaryRepositoryCheckoutDirectories=null], jobTimingInfo=JobTimingInfo[submissionDate=2025-02-14T23:46:03.100358398Z[Etc/UTC], buildStartDate=2025-02-14T23:47:03.100359941Z[Etc/UTC], buildCompletionDate=2025-02-14T23:48:03.100360221Z[Etc/UTC], estimatedCompletionDate=null, estimatedDuration=20], buildConfig=BuildConfig[buildScript=, dockerImage=, commitHashToBuild=test, assignmentCommitHash=, testCommitHash=, branch=, programmingLanguage=null, projectType=null, scaEnabled=false, sequentialTestRunsEnabled=false, resultPaths=null, timeoutSeconds=0, assignmentCheckoutPath=, testCheckoutPath=, solutionCheckoutPath=, dockerRunConfig=null], submissionResult=null], BuildJobQueueItem[id=2, name=job2, buildAgent=BuildAgentDTO[name=artemis-build-agent-test, memberAddress=[127.0.0.1]:5703, displayName=], participationId=2, courseId=923, exerciseId=1, retryCount=1, priority=2, status=SUCCESSFUL, repositoryInfo=RepositoryInfo[repositoryName=test, repositoryType=null, triggeredByPushTo=user, assignmentRepositoryUri=, testRepositoryUri=, solutionRepositoryUri=, auxiliaryRepositoryUris=null, auxiliaryRepositoryCheckoutDirectories=null], jobTimingInfo=JobTimingInfo[submissionDate=2025-02-14T23:45:03.100361294Z[Etc/UTC], buildStartDate=2025-02-14T23:46:03.100361424Z[Etc/UTC], buildCompletionDate=2025-02-14T23:47:03.100361644Z[Etc/UTC], estimatedCompletionDate=null, estimatedDuration=20], buildConfig=BuildConfig[buildScript=, dockerImage=, commitHashToBuild=test, assignmentCommitHash=, testCommitHash=, branch=, programmingLanguage=null, projectType=null, scaEnabled=false, sequentialTestRunsEnabled=false, resultPaths=null, timeoutSeconds=0, assignmentCheckoutPath=, testCheckoutPath=, solutionCheckoutPath=, dockerRunConfig=null], submissionResult=null]]
    23:45:03.107 | 588 artemis-task-1   | DEBUG | d.t.c.a.a.c.c.w.GzipMessageConverter : Compressed message payload from 1498 to 592 (saved 60.5% payload size)
    23:45:03.108 | 566 localvc.event-13 | DEBUG | a.p.s.l.LocalCIQueueWebsocketService : Build agent added: BuildAgentInformation[buildAgent=BuildAgentDTO[name=artemis-build-agent-test, memberAddress=[127.0.0.1]:5703, displayName=], maxNumberOfConcurrentBuildJobs=2, numberOfCurrentBuildJobs=1, runningBuildJobs=[BuildJobQueueItem[id=1, name=job1, buildAgent=BuildAgentDTO[name=artemis-build-agent-test, memberAddress=[127.0.0.1]:5703, displayName=], participationId=1, courseId=923, exerciseId=1, retryCount=1, priority=1, status=SUCCESSFUL, repositoryInfo=RepositoryInfo[repositoryName=test, repositoryType=null, triggeredByPushTo=user, assignmentRepositoryUri=test, testRepositoryUri=test, solutionRepositoryUri=test, auxiliaryRepositoryUris=null, auxiliaryRepositoryCheckoutDirectories=null], jobTimingInfo=JobTimingInfo[submissionDate=2025-02-14T23:46:03.100358398Z[Etc/UTC], buildStartDate=2025-02-14T23:47:03.100359941Z[Etc/UTC], buildCompletionDate=2025-02-14T23:48:03.100360221Z[Etc/UTC], estimatedCompletionDate=null, estimatedDuration=20], buildConfig=BuildConfig[buildScript=echo 'test', dockerImage=test, commitHashToBuild=test, assignmentCommitHash=test, testCommitHash=test, branch=test, programmingLanguage=null, projectType=null, scaEnabled=false, sequentialTestRunsEnabled=false, resultPaths=null, timeoutSeconds=0, assignmentCheckoutPath=null, testCheckoutPath=null, solutionCheckoutPath=null, dockerRunConfig=null], submissionResult=null]], status=IDLE, recentBuildJobs=[BuildJobQueueItem[id=2, name=job2, buildAgent=BuildAgentDTO[name=artemis-build-agent-test, memberAddress=[127.0.0.1]:5703, displayName=], participationId=2, courseId=923, exerciseId=1, retryCount=1, priority=2, status=SUCCESSFUL, repositoryInfo=RepositoryInfo[repositoryName=test, repositoryType=null, triggeredByPushTo=user, assignmentRepositoryUri=test, testRepositoryUri=test, solutionRepositoryUri=test, auxiliaryRepositoryUris=null, auxiliaryRepositoryCheckoutDirectories=null], jobTimingInfo=JobTimingInfo[submissionDate=2025-02-14T23:45:03.100361294Z[Etc/UTC], buildStartDate=2025-02-14T23:46:03.100361424Z[Etc/UTC], buildCompletionDate=2025-02-14T23:47:03.100361644Z[Etc/UTC], estimatedCompletionDate=null, estimatedDuration=20], buildConfig=BuildConfig[buildScript=echo 'test', dockerImage=test, commitHashToBuild=test, assignmentCommitHash=test, testCommitHash=test, branch=test, programmingLanguage=null, projectType=null, scaEnabled=false, sequentialTestRunsEnabled=false, resultPaths=null, timeoutSeconds=0, assignmentCheckoutPath=null, testCheckoutPath=null, solutionCheckoutPath=null, dockerRunConfig=null], submissionResult=null]], publicSshKey=null]
    23:45:03.108 | 473 ool-1-worker-237 | INFO  | i.z.t.d.l.EmbeddedDatabaseReporter   : JDBC URL to connect to 'dataSource': url='jdbc:h2:tcp://localhost:41063/mem:f240edcd-27ce-47a3-b4ab-a6a00c154135;USER=sa', scope='LocalCIResourceIntegrationTest#testCancelBuildJobForCourse'
    23:45:03.108 | 566 localvc.event-13 | DEBUG | s.l.LocalCIWebsocketMessagingService : Sending message on topic /topic/admin/build-agents: [BuildAgentInformation[buildAgent=BuildAgentDTO[name=artemis-build-agent-test, memberAddress=[127.0.0.1]:5703, displayName=], maxNumberOfConcurrentBuildJobs=2, numberOfCurrentBuildJobs=1, runningBuildJobs=[BuildJobQueueItem[id=1, name=job1, buildAgent=BuildAgentDTO[name=artemis-build-agent-test, memberAddress=[127.0.0.1]:5703, displayName=], participationId=1, courseId=923, exerciseId=1, retryCount=1, priority=1, status=SUCCESSFUL, repositoryInfo=RepositoryInfo[repositoryName=test, repositoryType=null, triggeredByPushTo=user, assignmentRepositoryUri=, testRepositoryUri=, solutionRepositoryUri=, auxiliaryRepositoryUris=null, auxiliaryRepositoryCheckoutDirectories=null], jobTimingInfo=JobTimingInfo[submissionDate=2025-02-14T23:46:03.100358398Z[Etc/UTC], buildStartDate=2025-02-14T23:47:03.100359941Z[Etc/UTC], buildCompletionDate=2025-02-14T23:48:03.100360221Z[Etc/UTC], estimatedCompletionDate=null, estimatedDuration=20], buildConfig=BuildConfig[buildScript=, dockerImage=, commitHashToBuild=test, assignmentCommitHash=, testCommitHash=, branch=, programmingLanguage=null, projectType=null, scaEnabled=false, sequentialTestRunsEnabled=false, resultPaths=null, timeoutSeconds=0, assignmentCheckoutPath=, testCheckoutPath=, solutionCheckoutPath=, dockerRunConfig=null], submissionResult=null]], status=IDLE, recentBuildJobs=null, publicSshKey=null]]
    23:45:03.109 | 588 artemis-task-1   | DEBUG | d.t.c.a.a.c.c.w.GzipMessageConverter : Compressed message payload from 1040 to 620 (saved 40.4% payload size)
    23:45:03.109 | 566 localvc.event-13 | DEBUG | s.l.LocalCIWebsocketMessagingService : Sending message on topic /topic/admin/build-agent/artemis-build-agent-test: BuildAgentInformation[buildAgent=BuildAgentDTO[name=artemis-build-agent-test, memberAddress=[127.0.0.1]:5703, displayName=], maxNumberOfConcurrentBuildJobs=2, numberOfCurrentBuildJobs=1, runningBuildJobs=[BuildJobQueueItem[id=1, name=job1, buildAgent=BuildAgentDTO[name=artemis-build-agent-test, memberAddress=[127.0.0.1]:5703, displayName=], participationId=1, courseId=923, exerciseId=1, retryCount=1, priority=1, status=SUCCESSFUL, repositoryInfo=RepositoryInfo[repositoryName=test, repositoryType=null, triggeredByPushTo=user, assignmentRepositoryUri=test, testRepositoryUri=test, solutionRepositoryUri=test, auxiliaryRepositoryUris=null, auxiliaryRepositoryCheckoutDirectories=null], jobTimingInfo=JobTimingInfo[submissionDate=2025-02-14T23:46:03.100358398Z[Etc/UTC], buildStartDate=2025-02-14T23:47:03.100359941Z[Etc/UTC], buildCompletionDate=2025-02-14T23:48:03.100360221Z[Etc/UTC], estimatedCompletionDate=null, estimatedDuration=20], buildConfig=BuildConfig[buildScript=echo 'test', dockerImage=test, commitHashToBuild=test, assignmentCommitHash=test, testCommitHash=test, branch=test, programmingLanguage=null, projectType=null, scaEnabled=false, sequentialTestRunsEnabled=false, resultPaths=null, timeoutSeconds=0, assignmentCheckoutPath=null, testCheckoutPath=null, solutionCheckoutPath=null, dockerRunConfig=null], submissionResult=null]], status=IDLE, recentBuildJobs=[BuildJobQueueItem[id=2, name=job2, buildAgent=BuildAgentDTO[name=artemis-build-agent-test, memberAddress=[127.0.0.1]:5703, displayName=], participationId=2, courseId=923, exerciseId=1, retryCount=1, priority=2, status=SUCCESSFUL, repositoryInfo=RepositoryInfo[repositoryName=test, repositoryType=null, triggeredByPushTo=user, assignmentRepositoryUri=test, testRepositoryUri=test, solutionRepositoryUri=test, auxiliaryRepositoryUris=null, auxiliaryRepositoryCheckoutDirectories=null], jobTimingInfo=JobTimingInfo[submissionDate=2025-02-14T23:45:03.100361294Z[Etc/UTC], buildStartDate=2025-02-14T23:46:03.100361424Z[Etc/UTC], buildCompletionDate=2025-02-14T23:47:03.100361644Z[Etc/UTC], estimatedCompletionDate=null, estimatedDuration=20], buildConfig=BuildConfig[buildScript=echo 'test', dockerImage=test, commitHashToBuild=test, assignmentCommitHash=test, testCommitHash=test, branch=test, programmingLanguage=null, projectType=null, scaEnabled=false, sequentialTestRunsEnabled=false, resultPaths=null, timeoutSeconds=0, assignmentCheckoutPath=null, testCheckoutPath=null, solutionCheckoutPath=null, dockerRunConfig=null], submissionResult=null]], publicSshKey=null]
    23:45:03.109 | 566 localvc.event-13 | DEBUG | a.p.s.l.SharedQueueManagementService : Build agent added: null
    23:45:03.110 | 588 artemis-task-1   | DEBUG | d.t.c.a.a.c.c.w.GzipMessageConverter : Compressed message payload from 2432 to 792 (saved 67.4% payload size)
    23:45:03.112 | 473 ool-1-worker-237 | DEBUG | d.t.c.a.a.c.s.f.ApiVersionFilter     : Adding Version to Request DELETE /api/courses/923/cancel-job/1
    23:45:03.113 | 473 ool-1-worker-237 | DEBUG | .t.c.a.a.p.w.l.BuildJobQueueResource : REST request to cancel the build job for course 923 and with id 1
    23:45:03.118 | 565 localvc.event-12 | DEBUG | a.p.s.l.LocalCIQueueWebsocketService : CIBuildJobQueueItem removed from processing jobs: BuildJobQueueItem[id=1, name=job1, buildAgent=BuildAgentDTO[name=artemis-build-agent-test, memberAddress=[127.0.0.1]:5703, displayName=], participationId=1, courseId=923, exerciseId=1, retryCount=1, priority=1, status=SUCCESSFUL, repositoryInfo=RepositoryInfo[repositoryName=test, repositoryType=null, triggeredByPushTo=user, assignmentRepositoryUri=test, testRepositoryUri=test, solutionRepositoryUri=test, auxiliaryRepositoryUris=null, auxiliaryRepositoryCheckoutDirectories=null], jobTimingInfo=JobTimingInfo[submissionDate=2025-02-14T23:46:03.100358398Z[Etc/UTC], buildStartDate=2025-02-14T23:47:03.100359941Z[Etc/UTC], buildCompletionDate=2025-02-14T23:48:03.100360221Z[Etc/UTC], estimatedCompletionDate=null, estimatedDuration=20], buildConfig=BuildConfig[buildScript=echo 'test', dockerImage=test, commitHashToBuild=test, assignmentCommitHash=test, testCommitHash=test, branch=test, programmingLanguage=null, projectType=null, scaEnabled=false, sequentialTestRunsEnabled=false, resultPaths=null, timeoutSeconds=0, assignmentCheckoutPath=null, testCheckoutPath=null, solutionCheckoutPath=null, dockerRunConfig=null], submissionResult=null]
    23:45:03.118 | 565 localvc.event-12 | DEBUG | s.l.LocalCIWebsocketMessagingService : Sending message on topic /topic/admin/running-jobs: [BuildJobQueueItem[id=2, name=job2, buildAgent=BuildAgentDTO[name=artemis-build-agent-test, memberAddress=[127.0.0.1]:5703, displayName=], participationId=2, courseId=923, exerciseId=1, retryCount=1, priority=2, status=SUCCESSFUL, repositoryInfo=RepositoryInfo[repositoryName=test, repositoryType=null, triggeredByPushTo=user, assignmentRepositoryUri=, testRepositoryUri=, solutionRepositoryUri=, auxiliaryRepositoryUris=null, auxiliaryRepositoryCheckoutDirectories=null], jobTimingInfo=JobTimingInfo[submissionDate=2025-02-14T23:45:03.100361294Z[Etc/UTC], buildStartDate=2025-02-14T23:46:03.100361424Z[Etc/UTC], buildCompletionDate=2025-02-14T23:47:03.100361644Z[Etc/UTC], estimatedCompletionDate=null, estimatedDuration=20], buildConfig=BuildConfig[buildScript=, dockerImage=, commitHashToBuild=test, assignmentCommitHash=, testCommitHash=, branch=, programmingLanguage=null, projectType=null, scaEnabled=false, sequentialTestRunsEnabled=false, resultPaths=null, timeoutSeconds=0, assignmentCheckoutPath=, testCheckoutPath=, solutionCheckoutPath=, dockerRunConfig=null], submissionResult=null]]
    23:45:03.118 | 565 localvc.event-12 | DEBUG | s.l.LocalCIWebsocketMessagingService : Sending message on topic /topic/courses/923/running-jobs: [BuildJobQueueItem[id=2, name=job2, buildAgent=BuildAgentDTO[name=artemis-build-agent-test, memberAddress=[127.0.0.1]:5703, displayName=], participationId=2, courseId=923, exerciseId=1, retryCount=1, priority=2, status=SUCCESSFUL, repositoryInfo=RepositoryInfo[repositoryName=test, repositoryType=null, triggeredByPushTo=user, assignmentRepositoryUri=, testRepositoryUri=, solutionRepositoryUri=, auxiliaryRepositoryUris=null, auxiliaryRepositoryCheckoutDirectories=null], jobTimingInfo=JobTimingInfo[submissionDate=2025-02-14T23:45:03.100361294Z[Etc/UTC], buildStartDate=2025-02-14T23:46:03.100361424Z[Etc/UTC], buildCompletionDate=2025-02-14T23:47:03.100361644Z[Etc/UTC], estimatedCompletionDate=null, estimatedDuration=20], buildConfig=BuildConfig[buildScript=, dockerImage=, commitHashToBuild=test, assignmentCommitHash=, testCommitHash=, branch=, programmingLanguage=null, projectType=null, scaEnabled=false, sequentialTestRunsEnabled=false, resultPaths=null, timeoutSeconds=0, assignmentCheckoutPath=, testCheckoutPath=, solutionCheckoutPath=, dockerRunConfig=null], submissionResult=null]]
    23:45:03.118 | 588 artemis-task-1   | DEBUG | d.t.c.a.a.c.c.w.GzipMessageConverter : Compressed message payload from 750 to 520 (saved 30.7% payload size)
    23:45:03.120 | 588 artemis-task-1   | DEBUG | d.t.c.a.a.c.c.w.GzipMessageConverter : Compressed message payload from 750 to 520 (saved 30.7% payload size)
    23:45:03.121 | 614 taskScheduler-3  | DEBUG | a.a.b.s.SharedQueueProcessingService : Currently processing jobs on this node: 0, active threads in Pool: 0, maximum pool size of thread executor : 1

  Starting logs for LocalCIResourceIntegrationTest > testBuildJob()
    23:45:03.151 | 473 ool-1-worker-237 | DEBUG | d.t.c.a.a.c.u.util.UserUtilService   : Generate 2 students...
    23:45:03.155 | 473 ool-1-worker-237 | DEBUG | d.t.c.a.a.c.u.util.UserUtilService   : 2 students generated. Generate 1 tutors...
    23:45:03.159 | 473 ool-1-worker-237 | DEBUG | d.t.c.a.a.c.u.util.UserUtilService   : 1 tutors generated. Generate 0 editors...
    23:45:03.161 | 473 ool-1-worker-237 | DEBUG | d.t.c.a.a.c.u.util.UserUtilService   : 0 editors generated. Generate 2 instructors...
    23:45:03.167 | 473 ool-1-worker-237 | DEBUG | d.t.c.a.a.c.u.util.UserUtilService   : 2 instructors generated
    23:45:03.169 | 473 ool-1-worker-237 | DEBUG | d.t.c.a.a.c.u.util.UserUtilService   : Removing 4 users from all courses...
    23:45:03.170 | 473 ool-1-worker-237 | DEBUG | d.t.c.a.a.c.u.util.UserUtilService   : Removing 4 users from all courses. Done
    23:45:03.170 | 473 ool-1-worker-237 | DEBUG | d.t.c.a.a.c.u.util.UserUtilService   : Save 5 users to database...
    23:45:03.174 | 473 ool-1-worker-237 | DEBUG | d.t.c.a.a.c.u.util.UserUtilService   : Save 5 users to database. Done
    23:45:03.222 | 565 localvc.event-12 | DEBUG | a.p.s.l.LocalCIQueueWebsocketService : CIBuildJobQueueItem added to processing jobs: BuildJobQueueItem[id=1, name=job1, buildAgent=BuildAgentDTO[name=artemis-build-agent-test, memberAddress=[127.0.0.1]:5703, displayName=], participationId=1, courseId=924, exerciseId=1, retryCount=1, priority=1, status=SUCCESSFUL, repositoryInfo=RepositoryInfo[repositoryName=test, repositoryType=null, triggeredByPushTo=user, assignmentRepositoryUri=test, testRepositoryUri=test, solutionRepositoryUri=test, auxiliaryRepositoryUris=null, auxiliaryRepositoryCheckoutDirectories=null], jobTimingInfo=JobTimingInfo[submissionDate=2025-02-14T23:46:03.218665861Z[Etc/UTC], buildStartDate=2025-02-14T23:47:03.218667344Z[Etc/UTC], buildCompletionDate=2025-02-14T23:48:03.218667645Z[Etc/UTC], estimatedCompletionDate=null, estimatedDuration=20], buildConfig=BuildConfig[buildScript=echo 'test', dockerImage=test, commitHashToBuild=test, assignmentCommitHash=test, testCommitHash=test, branch=test, programmingLanguage=null, projectType=null, scaEnabled=false, sequentialTestRunsEnabled=false, resultPaths=null, timeoutSeconds=0, assignmentCheckoutPath=null, testCheckoutPath=null, solutionCheckoutPath=null, dockerRunConfig=null], submissionResult=null]
    23:45:03.222 | 565 localvc.event-12 | DEBUG | s.l.LocalCIWebsocketMessagingService : Sending message on topic /topic/admin/running-jobs: [BuildJobQueueItem[id=1, name=job1, buildAgent=BuildAgentDTO[name=artemis-build-agent-test, memberAddress=[127.0.0.1]:5703, displayName=], participationId=1, courseId=924, exerciseId=1, retryCount=1, priority=1, status=SUCCESSFUL, repositoryInfo=RepositoryInfo[repositoryName=test, repositoryType=null, triggeredByPushTo=user, assignmentRepositoryUri=, testRepositoryUri=, solutionRepositoryUri=, auxiliaryRepositoryUris=null, auxiliaryRepositoryCheckoutDirectories=null], jobTimingInfo=JobTimingInfo[submissionDate=2025-02-14T23:46:03.218665861Z[Etc/UTC], buildStartDate=2025-02-14T23:47:03.218667344Z[Etc/UTC], buildCompletionDate=2025-02-14T23:48:03.218667645Z[Etc/UTC], estimatedCompletionDate=null, estimatedDuration=20], buildConfig=BuildConfig[buildScript=, dockerImage=, commitHashToBuild=test, assignmentCommitHash=, testCommitHash=, branch=, programmingLanguage=null, projectType=null, scaEnabled=false, sequentialTestRunsEnabled=false, resultPaths=null, timeoutSeconds=0, assignmentCheckoutPath=, testCheckoutPath=, solutionCheckoutPath=, dockerRunConfig=null], submissionResult=null]]
    23:45:03.222 | 565 localvc.event-12 | DEBUG | s.l.LocalCIWebsocketMessagingService : Sending message on topic /topic/courses/924/running-jobs: [BuildJobQueueItem[id=1, name=job1, buildAgent=BuildAgentDTO[name=artemis-build-agent-test, memberAddress=[127.0.0.1]:5703, displayName=], participationId=1, courseId=924, exerciseId=1, retryCount=1, priority=1, status=SUCCESSFUL, repositoryInfo=RepositoryInfo[repositoryName=test, repositoryType=null, triggeredByPushTo=user, assignmentRepositoryUri=, testRepositoryUri=, solutionRepositoryUri=, auxiliaryRepositoryUris=null, auxiliaryRepositoryCheckoutDirectories=null], jobTimingInfo=JobTimingInfo[submissionDate=2025-02-14T23:46:03.218665861Z[Etc/UTC], buildStartDate=2025-02-14T23:47:03.218667344Z[Etc/UTC], buildCompletionDate=2025-02-14T23:48:03.218667645Z[Etc/UTC], estimatedCompletionDate=null, estimatedDuration=20], buildConfig=BuildConfig[buildScript=, dockerImage=, commitHashToBuild=test, assignmentCommitHash=, testCommitHash=, branch=, programmingLanguage=null, projectType=null, scaEnabled=false, sequentialTestRunsEnabled=false, resultPaths=null, timeoutSeconds=0, assignmentCheckoutPath=, testCheckoutPath=, solutionCheckoutPath=, dockerRunConfig=null], submissionResult=null]]
    23:45:03.225 | 588 artemis-task-1   | DEBUG | d.t.c.a.a.c.c.w.GzipMessageConverter : Compressed message payload from 750 to 524 (saved 30.1% payload size)
    23:45:03.225 | 588 artemis-task-1   | DEBUG | d.t.c.a.a.c.c.w.GzipMessageConverter : Compressed message payload from 750 to 524 (saved 30.1% payload size)
    23:45:03.228 | 565 localvc.event-12 | DEBUG | a.p.s.l.LocalCIQueueWebsocketService : CIBuildJobQueueItem added to processing jobs: BuildJobQueueItem[id=2, name=job2, buildAgent=BuildAgentDTO[name=artemis-build-agent-test, memberAddress=[127.0.0.1]:5703, displayName=], participationId=2, courseId=924, exerciseId=1, retryCount=1, priority=2, status=SUCCESSFUL, repositoryInfo=RepositoryInfo[repositoryName=test, repositoryType=null, triggeredByPushTo=user, assignmentRepositoryUri=test, testRepositoryUri=test, solutionRepositoryUri=test, auxiliaryRepositoryUris=null, auxiliaryRepositoryCheckoutDirectories=null], jobTimingInfo=JobTimingInfo[submissionDate=2025-02-14T23:45:03.218668927Z[Etc/UTC], buildStartDate=2025-02-14T23:46:03.218669047Z[Etc/UTC], buildCompletionDate=2025-02-14T23:47:03.218669238Z[Etc/UTC], estimatedCompletionDate=null, estimatedDuration=20], buildConfig=BuildConfig[buildScript=echo 'test', dockerImage=test, commitHashToBuild=test, assignmentCommitHash=test, testCommitHash=test, branch=test, programmingLanguage=null, projectType=null, scaEnabled=false, sequentialTestRunsEnabled=false, resultPaths=null, timeoutSeconds=0, assignmentCheckoutPath=null, testCheckoutPath=null, solutionCheckoutPath=null, dockerRunConfig=null], submissionResult=null]
    23:45:03.228 | 565 localvc.event-12 | DEBUG | s.l.LocalCIWebsocketMessagingService : Sending message on topic /topic/admin/running-jobs: [BuildJobQueueItem[id=1, name=job1, buildAgent=BuildAgentDTO[name=artemis-build-agent-test, memberAddress=[127.0.0.1]:5703, displayName=], participationId=1, courseId=924, exerciseId=1, retryCount=1, priority=1, status=SUCCESSFUL, repositoryInfo=RepositoryInfo[repositoryName=test, repositoryType=null, triggeredByPushTo=user, assignmentRepositoryUri=, testRepositoryUri=, solutionRepositoryUri=, auxiliaryRepositoryUris=null, auxiliaryRepositoryCheckoutDirectories=null], jobTimingInfo=JobTimingInfo[submissionDate=2025-02-14T23:46:03.218665861Z[Etc/UTC], buildStartDate=2025-02-14T23:47:03.218667344Z[Etc/UTC], buildCompletionDate=2025-02-14T23:48:03.218667645Z[Etc/UTC], estimatedCompletionDate=null, estimatedDuration=20], buildConfig=BuildConfig[buildScript=, dockerImage=, commitHashToBuild=test, assignmentCommitHash=, testCommitHash=, branch=, programmingLanguage=null, projectType=null, scaEnabled=false, sequentialTestRunsEnabled=false, resultPaths=null, timeoutSeconds=0, assignmentCheckoutPath=, testCheckoutPath=, solutionCheckoutPath=, dockerRunConfig=null], submissionResult=null], BuildJobQueueItem[id=2, name=job2, buildAgent=BuildAgentDTO[name=artemis-build-agent-test, memberAddress=[127.0.0.1]:5703, displayName=], participationId=2, courseId=924, exerciseId=1, retryCount=1, priority=2, status=SUCCESSFUL, repositoryInfo=RepositoryInfo[repositoryName=test, repositoryType=null, triggeredByPushTo=user, assignmentRepositoryUri=, testRepositoryUri=, solutionRepositoryUri=, auxiliaryRepositoryUris=null, auxiliaryRepositoryCheckoutDirectories=null], jobTimingInfo=JobTimingInfo[submissionDate=2025-02-14T23:45:03.218668927Z[Etc/UTC], buildStartDate=2025-02-14T23:46:03.218669047Z[Etc/UTC], buildCompletionDate=2025-02-14T23:47:03.218669238Z[Etc/UTC], estimatedCompletionDate=null, estimatedDuration=20], buildConfig=BuildConfig[buildScript=, dockerImage=, commitHashToBuild=test, assignmentCommitHash=, testCommitHash=, branch=, programmingLanguage=null, projectType=null, scaEnabled=false, sequentialTestRunsEnabled=false, resultPaths=null, timeoutSeconds=0, assignmentCheckoutPath=, testCheckoutPath=, solutionCheckoutPath=, dockerRunConfig=null], submissionResult=null]]
    23:45:03.228 | 565 localvc.event-12 | DEBUG | s.l.LocalCIWebsocketMessagingService : Sending message on topic /topic/courses/924/running-jobs: [BuildJobQueueItem[id=1, name=job1, buildAgent=BuildAgentDTO[name=artemis-build-agent-test, memberAddress=[127.0.0.1]:5703, displayName=], participationId=1, courseId=924, exerciseId=1, retryCount=1, priority=1, status=SUCCESSFUL, repositoryInfo=RepositoryInfo[repositoryName=test, repositoryType=null, triggeredByPushTo=user, assignmentRepositoryUri=, testRepositoryUri=, solutionRepositoryUri=, auxiliaryRepositoryUris=null, auxiliaryRepositoryCheckoutDirectories=null], jobTimingInfo=JobTimingInfo[submissionDate=2025-02-14T23:46:03.218665861Z[Etc/UTC], buildStartDate=2025-02-14T23:47:03.218667344Z[Etc/UTC], buildCompletionDate=2025-02-14T23:48:03.218667645Z[Etc/UTC], estimatedCompletionDate=null, estimatedDuration=20], buildConfig=BuildConfig[buildScript=, dockerImage=, commitHashToBuild=test, assignmentCommitHash=, testCommitHash=, branch=, programmingLanguage=null, projectType=null, scaEnabled=false, sequentialTestRunsEnabled=false, resultPaths=null, timeoutSeconds=0, assignmentCheckoutPath=, testCheckoutPath=, solutionCheckoutPath=, dockerRunConfig=null], submissionResult=null], BuildJobQueueItem[id=2, name=job2, buildAgent=BuildAgentDTO[name=artemis-build-agent-test, memberAddress=[127.0.0.1]:5703, displayName=], participationId=2, courseId=924, exerciseId=1, retryCount=1, priority=2, status=SUCCESSFUL, repositoryInfo=RepositoryInfo[repositoryName=test, repositoryType=null, triggeredByPushTo=user, assignmentRepositoryUri=, testRepositoryUri=, solutionRepositoryUri=, auxiliaryRepositoryUris=null, auxiliaryRepositoryCheckoutDirectories=null], jobTimingInfo=JobTimingInfo[submissionDate=2025-02-14T23:45:03.218668927Z[Etc/UTC], buildStartDate=2025-02-14T23:46:03.218669047Z[Etc/UTC], buildCompletionDate=2025-02-14T23:47:03.218669238Z[Etc/UTC], estimatedCompletionDate=null, estimatedDuration=20], buildConfig=BuildConfig[buildScript=, dockerImage=, commitHashToBuild=test, assignmentCommitHash=, testCommitHash=, branch=, programmingLanguage=null, projectType=null, scaEnabled=false, sequentialTestRunsEnabled=false, resultPaths=null, timeoutSeconds=0, assignmentCheckoutPath=, testCheckoutPath=, solutionCheckoutPath=, dockerRunConfig=null], submissionResult=null]]
    23:45:03.231 | 588 artemis-task-1   | DEBUG | d.t.c.a.a.c.c.w.GzipMessageConverter : Compressed message payload from 1498 to 596 (saved 60.2% payload size)
    23:45:03.231 | 588 artemis-task-1   | DEBUG | d.t.c.a.a.c.c.w.GzipMessageConverter : Compressed message payload from 1498 to 596 (saved 60.2% payload size)
    23:45:03.231 | 566 localvc.event-13 | DEBUG | a.p.s.l.LocalCIQueueWebsocketService : Build agent added: BuildAgentInformation[buildAgent=BuildAgentDTO[name=artemis-build-agent-test, memberAddress=[127.0.0.1]:5703, displayName=], maxNumberOfConcurrentBuildJobs=2, numberOfCurrentBuildJobs=1, runningBuildJobs=[BuildJobQueueItem[id=1, name=job1, buildAgent=BuildAgentDTO[name=artemis-build-agent-test, memberAddress=[127.0.0.1]:5703, displayName=], participationId=1, courseId=924, exerciseId=1, retryCount=1, priority=1, status=SUCCESSFUL, repositoryInfo=RepositoryInfo[repositoryName=test, repositoryType=null, triggeredByPushTo=user, assignmentRepositoryUri=test, testRepositoryUri=test, solutionRepositoryUri=test, auxiliaryRepositoryUris=null, auxiliaryRepositoryCheckoutDirectories=null], jobTimingInfo=JobTimingInfo[submissionDate=2025-02-14T23:46:03.218665861Z[Etc/UTC], buildStartDate=2025-02-14T23:47:03.218667344Z[Etc/UTC], buildCompletionDate=2025-02-14T23:48:03.218667645Z[Etc/UTC], estimatedCompletionDate=null, estimatedDuration=20], buildConfig=BuildConfig[buildScript=echo 'test', dockerImage=test, commitHashToBuild=test, assignmentCommitHash=test, testCommitHash=test, branch=test, programmingLanguage=null, projectType=null, scaEnabled=false, sequentialTestRunsEnabled=false, resultPaths=null, timeoutSeconds=0, assignmentCheckoutPath=null, testCheckoutPath=null, solutionCheckoutPath=null, dockerRunConfig=null], submissionResult=null]], status=IDLE, recentBuildJobs=[BuildJobQueueItem[id=2, name=job2, buildAgent=BuildAgentDTO[name=artemis-build-agent-test, memberAddress=[127.0.0.1]:5703, displayName=], participationId=2, courseId=924, exerciseId=1, retryCount=1, priority=2, status=SUCCESSFUL, repositoryInfo=RepositoryInfo[repositoryName=test, repositoryType=null, triggeredByPushTo=user, assignmentRepositoryUri=test, testRepositoryUri=test, solutionRepositoryUri=test, auxiliaryRepositoryUris=null, auxiliaryRepositoryCheckoutDirectories=null], jobTimingInfo=JobTimingInfo[submissionDate=2025-02-14T23:45:03.218668927Z[Etc/UTC], buildStartDate=2025-02-14T23:46:03.218669047Z[Etc/UTC], buildCompletionDate=2025-02-14T23:47:03.218669238Z[Etc/UTC], estimatedCompletionDate=null, estimatedDuration=20], buildConfig=BuildConfig[buildScript=echo 'test', dockerImage=test, commitHashToBuild=test, assignmentCommitHash=test, testCommitHash=test, branch=test, programmingLanguage=null, projectType=null, scaEnabled=false, sequentialTestRunsEnabled=false, resultPaths=null, timeoutSeconds=0, assignmentCheckoutPath=null, testCheckoutPath=null, solutionCheckoutPath=null, dockerRunConfig=null], submissionResult=null]], publicSshKey=null]
    23:45:03.231 | 473 ool-1-worker-237 | INFO  | i.z.t.d.l.EmbeddedDatabaseReporter   : JDBC URL to connect to 'dataSource': url='jdbc:h2:tcp://localhost:41063/mem:f240edcd-27ce-47a3-b4ab-a6a00c154135;USER=sa', scope='LocalCIResourceIntegrationTest#testBuildJob'
    23:45:03.232 | 566 localvc.event-13 | DEBUG | s.l.LocalCIWebsocketMessagingService : Sending message on topic /topic/admin/build-agents: [BuildAgentInformation[buildAgent=BuildAgentDTO[name=artemis-build-agent-test, memberAddress=[127.0.0.1]:5703, displayName=], maxNumberOfConcurrentBuildJobs=2, numberOfCurrentBuildJobs=1, runningBuildJobs=[BuildJobQueueItem[id=1, name=job1, buildAgent=BuildAgentDTO[name=artemis-build-agent-test, memberAddress=[127.0.0.1]:5703, displayName=], participationId=1, courseId=924, exerciseId=1, retryCount=1, priority=1, status=SUCCESSFUL, repositoryInfo=RepositoryInfo[repositoryName=test, repositoryType=null, triggeredByPushTo=user, assignmentRepositoryUri=, testRepositoryUri=, solutionRepositoryUri=, auxiliaryRepositoryUris=null, auxiliaryRepositoryCheckoutDirectories=null], jobTimingInfo=JobTimingInfo[submissionDate=2025-02-14T23:46:03.218665861Z[Etc/UTC], buildStartDate=2025-02-14T23:47:03.218667344Z[Etc/UTC], buildCompletionDate=2025-02-14T23:48:03.218667645Z[Etc/UTC], estimatedCompletionDate=null, estimatedDuration=20], buildConfig=BuildConfig[buildScript=, dockerImage=, commitHashToBuild=test, assignmentCommitHash=, testCommitHash=, branch=, programmingLanguage=null, projectType=null, scaEnabled=false, sequentialTestRunsEnabled=false, resultPaths=null, timeoutSeconds=0, assignmentCheckoutPath=, testCheckoutPath=, solutionCheckoutPath=, dockerRunConfig=null], submissionResult=null]], status=IDLE, recentBuildJobs=null, publicSshKey=null]]
    23:45:03.232 | 566 localvc.event-13 | DEBUG | s.l.LocalCIWebsocketMessagingService : Sending message on topic /topic/admin/build-agent/artemis-build-agent-test: BuildAgentInformation[buildAgent=BuildAgentDTO[name=artemis-build-agent-test, memberAddress=[127.0.0.1]:5703, displayName=], maxNumberOfConcurrentBuildJobs=2, numberOfCurrentBuildJobs=1, runningBuildJobs=[BuildJobQueueItem[id=1, name=job1, buildAgent=BuildAgentDTO[name=artemis-build-agent-test, memberAddress=[127.0.0.1]:5703, displayName=], participationId=1, courseId=924, exerciseId=1, retryCount=1, priority=1, status=SUCCESSFUL, repositoryInfo=RepositoryInfo[repositoryName=test, repositoryType=null, triggeredByPushTo=user, assignmentRepositoryUri=test, testRepositoryUri=test, solutionRepositoryUri=test, auxiliaryRepositoryUris=null, auxiliaryRepositoryCheckoutDirectories=null], jobTimingInfo=JobTimingInfo[submissionDate=2025-02-14T23:46:03.218665861Z[Etc/UTC], buildStartDate=2025-02-14T23:47:03.218667344Z[Etc/UTC], buildCompletionDate=2025-02-14T23:48:03.218667645Z[Etc/UTC], estimatedCompletionDate=null, estimatedDuration=20], buildConfig=BuildConfig[buildScript=echo 'test', dockerImage=test, commitHashToBuild=test, assignmentCommitHash=test, testCommitHash=test, branch=test, programmingLanguage=null, projectType=null, scaEnabled=false, sequentialTestRunsEnabled=false, resultPaths=null, timeoutSeconds=0, assignmentCheckoutPath=null, testCheckoutPath=null, solutionCheckoutPath=null, dockerRunConfig=null], submissionResult=null]], status=IDLE, recentBuildJobs=[BuildJobQueueItem[id=2, name=job2, buildAgent=BuildAgentDTO[name=artemis-build-agent-test, memberAddress=[127.0.0.1]:5703, displayName=], participationId=2, courseId=924, exerciseId=1, retryCount=1, priority=2, status=SUCCESSFUL, repositoryInfo=RepositoryInfo[repositoryName=test, repositoryType=null, triggeredByPushTo=user, assignmentRepositoryUri=test, testRepositoryUri=test, solutionRepositoryUri=test, auxiliaryRepositoryUris=null, auxiliaryRepositoryCheckoutDirectories=null], jobTimingInfo=JobTimingInfo[submissionDate=2025-02-14T23:45:03.218668927Z[Etc/UTC], buildStartDate=2025-02-14T23:46:03.218669047Z[Etc/UTC], buildCompletionDate=2025-02-14T23:47:03.218669238Z[Etc/UTC], estimatedCompletionDate=null, estimatedDuration=20], buildConfig=BuildConfig[buildScript=echo 'test', dockerImage=test, commitHashToBuild=test, assignmentCommitHash=test, testCommitHash=test, branch=test, programmingLanguage=null, projectType=null, scaEnabled=false, sequentialTestRunsEnabled=false, resultPaths=null, timeoutSeconds=0, assignmentCheckoutPath=null, testCheckoutPath=null, solutionCheckoutPath=null, dockerRunConfig=null], submissionResult=null]], publicSshKey=null]
    23:45:03.232 | 566 localvc.event-13 | DEBUG | a.p.s.l.SharedQueueManagementService : Build agent added: null
    23:45:03.235 | 588 artemis-task-1   | DEBUG | d.t.c.a.a.c.c.w.GzipMessageConverter : Compressed message payload from 1040 to 620 (saved 40.4% payload size)
    23:45:03.235 | 588 artemis-task-1   | DEBUG | d.t.c.a.a.c.c.w.GzipMessageConverter : Compressed message payload from 2432 to 796 (saved 67.3% payload size)
    23:45:03.245 | 566 localvc.event-13 | DEBUG | s.l.LocalCIWebsocketMessagingService : Sending message on topic /topic/admin/queued-jobs: [BuildJobQueueItem[id=3, name=job3, buildAgent=BuildAgentDTO[name=artemis-build-agent-test, memberAddress=[127.0.0.1]:5703, displayName=], participationId=2, courseId=924, exerciseId=1, retryCount=1, priority=2, status=SUCCESSFUL, repositoryInfo=RepositoryInfo[repositoryName=test, repositoryType=null, triggeredByPushTo=user, assignmentRepositoryUri=, testRepositoryUri=, solutionRepositoryUri=, auxiliaryRepositoryUris=null, auxiliaryRepositoryCheckoutDirectories=null], jobTimingInfo=JobTimingInfo[submissionDate=2025-02-14T23:45:04.231984280Z[Etc/UTC], buildStartDate=null, buildCompletionDate=null, estimatedCompletionDate=null, estimatedDuration=24], buildConfig=BuildConfig[buildScript=, dockerImage=, commitHashToBuild=test, assignmentCommitHash=, testCommitHash=, branch=, programmingLanguage=null, projectType=null, scaEnabled=false, sequentialTestRunsEnabled=false, resultPaths=null, timeoutSeconds=0, assignmentCheckoutPath=, testCheckoutPath=, solutionCheckoutPath=, dockerRunConfig=null], submissionResult=null], BuildJobQueueItem[id=4, name=job4, buildAgent=BuildAgentDTO[name=artemis-build-agent-test, memberAddress=[127.0.0.1]:5703, displayName=], participationId=2, courseId=924, exerciseId=1, retryCount=1, priority=2, status=SUCCESSFUL, repositoryInfo=RepositoryInfo[repositoryName=test, repositoryType=null, triggeredByPushTo=user, assignmentRepositoryUri=, testRepositoryUri=, solutionRepositoryUri=, auxiliaryRepositoryUris=null, auxiliaryRepositoryCheckoutDirectories=null], jobTimingInfo=JobTimingInfo[submissionDate=2025-02-14T23:45:05.231984280Z[Etc/UTC], buildStartDate=null, buildCompletionDate=null, estimatedCompletionDate=null, estimatedDuration=24], buildConfig=BuildConfig[buildScript=, dockerImage=, commitHashToBuild=test, assignmentCommitHash=, testCommitHash=, branch=, programmingLanguage=null, projectType=null, scaEnabled=false, sequentialTestRunsEnabled=false, resultPaths=null, timeoutSeconds=0, assignmentCheckoutPath=, testCheckoutPath=, solutionCheckoutPath=, dockerRunConfig=null], submissionResult=null], BuildJobQueueItem[id=5, name=job5, buildAgent=BuildAgentDTO[name=artemis-build-agent-test, memberAddress=[127.0.0.1]:5703, displayName=], participationId=2, courseId=924, exerciseId=1, retryCount=1, priority=2, status=SUCCESSFUL, repositoryInfo=RepositoryInfo[repositoryName=test, repositoryType=null, triggeredByPushTo=user, assignmentRepositoryUri=, testRepositoryUri=, solutionRepositoryUri=, auxiliaryRepositoryUris=null, auxiliaryRepositoryCheckoutDirectories=null], jobTimingInfo=JobTimingInfo[submissionDate=2025-02-14T23:45:06.231984280Z[Etc/UTC], buildStartDate=null, buildCompletionDate=null, estimatedCompletionDate=null, estimatedDuration=24], buildConfig=BuildConfig[buildScript=, dockerImage=, commitHashToBuild=test, assignmentCommitHash=, testCommitHash=, branch=, programmingLanguage=null, projectType=null, scaEnabled=false, sequentialTestRunsEnabled=false, resultPaths=null, timeoutSeconds=0, assignmentCheckoutPath=, testCheckoutPath=, solutionCheckoutPath=, dockerRunConfig=null], submissionResult=null]]
    23:45:03.246 | 566 localvc.event-13 | DEBUG | s.l.LocalCIWebsocketMessagingService : Sending message on topic /topic/courses/924/queued-jobs: [BuildJobQueueItem[id=3, name=job3, buildAgent=BuildAgentDTO[name=artemis-build-agent-test, memberAddress=[127.0.0.1]:5703, displayName=], participationId=2, courseId=924, exerciseId=1, retryCount=1, priority=2, status=SUCCESSFUL, repositoryInfo=RepositoryInfo[repositoryName=test, repositoryType=null, triggeredByPushTo=user, assignmentRepositoryUri=, testRepositoryUri=, solutionRepositoryUri=, auxiliaryRepositoryUris=null, auxiliaryRepositoryCheckoutDirectories=null], jobTimingInfo=JobTimingInfo[submissionDate=2025-02-14T23:45:04.231984280Z[Etc/UTC], buildStartDate=null, buildCompletionDate=null, estimatedCompletionDate=null, estimatedDuration=24], buildConfig=BuildConfig[buildScript=, dockerImage=, commitHashToBuild=test, assignmentCommitHash=, testCommitHash=, branch=, programmingLanguage=null, projectType=null, scaEnabled=false, sequentialTestRunsEnabled=false, resultPaths=null, timeoutSeconds=0, assignmentCheckoutPath=, testCheckoutPath=, solutionCheckoutPath=, dockerRunConfig=null], submissionResult=null], BuildJobQueueItem[id=4, name=job4, buildAgent=BuildAgentDTO[name=artemis-build-agent-test, memberAddress=[127.0.0.1]:5703, displayName=], participationId=2, courseId=924, exerciseId=1, retryCount=1, priority=2, status=SUCCESSFUL, repositoryInfo=RepositoryInfo[repositoryName=test, repositoryType=null, triggeredByPushTo=user, assignmentRepositoryUri=, testRepositoryUri=, solutionRepositoryUri=, auxiliaryRepositoryUris=null, auxiliaryRepositoryCheckoutDirectories=null], jobTimingInfo=JobTimingInfo[submissionDate=2025-02-14T23:45:05.231984280Z[Etc/UTC], buildStartDate=null, buildCompletionDate=null, estimatedCompletionDate=null, estimatedDuration=24], buildConfig=BuildConfig[buildScript=, dockerImage=, commitHashToBuild=test, assignmentCommitHash=, testCommitHash=, branch=, programmingLanguage=null, projectType=null, scaEnabled=false, sequentialTestRunsEnabled=false, resultPaths=null, timeoutSeconds=0, assignmentCheckoutPath=, testCheckoutPath=, solutionCheckoutPath=, dockerRunConfig=null], submissionResult=null], BuildJobQueueItem[id=5, name=job5, buildAgent=BuildAgentDTO[name=artemis-build-agent-test, memberAddress=[127.0.0.1]:5703, displayName=], participationId=2, courseId=924, exerciseId=1, retryCount=1, priority=2, status=SUCCESSFUL, repositoryInfo=RepositoryInfo[repositoryName=test, repositoryType=null, triggeredByPushTo=user, assignmentRepositoryUri=, testRepositoryUri=, solutionRepositoryUri=, auxiliaryRepositoryUris=null, auxiliaryRepositoryCheckoutDirectories=null], jobTimingInfo=JobTimingInfo[submissionDate=2025-02-14T23:45:06.231984280Z[Etc/UTC], buildStartDate=null, buildCompletionDate=null, estimatedCompletionDate=null, estimatedDuration=24], buildConfig=BuildConfig[buildScript=, dockerImage=, commitHashToBuild=test, assignmentCommitHash=, testCommitHash=, branch=, programmingLanguage=null, projectType=null, scaEnabled=false, sequentialTestRunsEnabled=false, resultPaths=null, timeoutSeconds=0, assignmentCheckoutPath=, testCheckoutPath=, solutionCheckoutPath=, dockerRunConfig=null], submissionResult=null]]
    23:45:03.246 | 588 artemis-task-1   | DEBUG | d.t.c.a.a.c.c.w.GzipMessageConverter : Compressed message payload from 1886 to 532 (saved 71.8% payload size)
    23:45:03.247 | 588 artemis-task-1   | DEBUG | d.t.c.a.a.c.c.w.GzipMessageConverter : Compressed message payload from 1886 to 532 (saved 71.8% payload size)
    23:45:03.247 | 565 localvc.event-12 | DEBUG | a.p.s.l.LocalCIQueueWebsocketService : CIBuildJobQueueItem added to processing jobs: BuildJobQueueItem[id=1, name=job1, buildAgent=BuildAgentDTO[name=artemis-build-agent-test, memberAddress=[127.0.0.1]:5703, displayName=], participationId=1, courseId=924, exerciseId=1, retryCount=1, priority=1, status=SUCCESSFUL, repositoryInfo=RepositoryInfo[repositoryName=test, repositoryType=null, triggeredByPushTo=user, assignmentRepositoryUri=test, testRepositoryUri=test, solutionRepositoryUri=test, auxiliaryRepositoryUris=null, auxiliaryRepositoryCheckoutDirectories=null], jobTimingInfo=JobTimingInfo[submissionDate=2025-02-14T23:45:03.231984280Z[Etc/UTC], buildStartDate=2025-02-14T23:45:03.231984280Z[Etc/UTC], buildCompletionDate=null, estimatedCompletionDate=2025-02-14T23:45:27.231984280Z[Etc/UTC], estimatedDuration=24], buildConfig=BuildConfig[buildScript=echo 'test', dockerImage=test, commitHashToBuild=test, assignmentCommitHash=test, testCommitHash=test, branch=test, programmingLanguage=null, projectType=null, scaEnabled=false, sequentialTestRunsEnabled=false, resultPaths=null, timeoutSeconds=0, assignmentCheckoutPath=null, testCheckoutPath=null, solutionCheckoutPath=null, dockerRunConfig=null], submissionResult=null]
    23:45:03.247 | 565 localvc.event-12 | DEBUG | s.l.LocalCIWebsocketMessagingService : Sending message on topic /topic/admin/running-jobs: [BuildJobQueueItem[id=1, name=job1, buildAgent=BuildAgentDTO[name=artemis-build-agent-test, memberAddress=[127.0.0.1]:5703, displayName=], participationId=1, courseId=924, exerciseId=1, retryCount=1, priority=1, status=SUCCESSFUL, repositoryInfo=RepositoryInfo[repositoryName=test, repositoryType=null, triggeredByPushTo=user, assignmentRepositoryUri=, testRepositoryUri=, solutionRepositoryUri=, auxiliaryRepositoryUris=null, auxiliaryRepositoryCheckoutDirectories=null], jobTimingInfo=JobTimingInfo[submissionDate=2025-02-14T23:45:03.231984280Z[Etc/UTC], buildStartDate=2025-02-14T23:45:03.231984280Z[Etc/UTC], buildCompletionDate=null, estimatedCompletionDate=2025-02-14T23:45:27.231984280Z[Etc/UTC], estimatedDuration=24], buildConfig=BuildConfig[buildScript=, dockerImage=, commitHashToBuild=test, assignmentCommitHash=, testCommitHash=, branch=, programmingLanguage=null, projectType=null, scaEnabled=false, sequentialTestRunsEnabled=false, resultPaths=null, timeoutSeconds=0, assignmentCheckoutPath=, testCheckoutPath=, solutionCheckoutPath=, dockerRunConfig=null], submissionResult=null], BuildJobQueueItem[id=2, name=job2, buildAgent=BuildAgentDTO[name=artemis-build-agent-test, memberAddress=[127.0.0.1]:5703, displayName=], participationId=2, courseId=924, exerciseId=1, retryCount=1, priority=2, status=SUCCESSFUL, repositoryInfo=RepositoryInfo[repositoryName=test, repositoryType=null, triggeredByPushTo=user, assignmentRepositoryUri=, testRepositoryUri=, solutionRepositoryUri=, auxiliaryRepositoryUris=null, auxiliaryRepositoryCheckoutDirectories=null], jobTimingInfo=JobTimingInfo[submissionDate=2025-02-14T23:45:03.231984280Z[Etc/UTC], buildStartDate=2025-02-14T23:45:08.231984280Z[Etc/UTC], buildCompletionDate=null, estimatedCompletionDate=2025-02-14T23:45:32.231984280Z[Etc/UTC], estimatedDuration=24], buildConfig=BuildConfig[buildScript=, dockerImage=, commitHashToBuild=test, assignmentCommitHash=, testCommitHash=, branch=, programmingLanguage=null, projectType=null, scaEnabled=false, sequentialTestRunsEnabled=false, resultPaths=null, timeoutSeconds=0, assignmentCheckoutPath=, testCheckoutPath=, solutionCheckoutPath=, dockerRunConfig=null], submissionResult=null]]
    23:45:03.247 | 565 localvc.event-12 | DEBUG | s.l.LocalCIWebsocketMessagingService : Sending message on topic /topic/courses/924/running-jobs: [BuildJobQueueItem[id=1, name=job1, buildAgent=BuildAgentDTO[name=artemis-build-agent-test, memberAddress=[127.0.0.1]:5703, displayName=], participationId=1, courseId=924, exerciseId=1, retryCount=1, priority=1, status=SUCCESSFUL, repositoryInfo=RepositoryInfo[repositoryName=test, repositoryType=null, triggeredByPushTo=user, assignmentRepositoryUri=, testRepositoryUri=, solutionRepositoryUri=, auxiliaryRepositoryUris=null, auxiliaryRepositoryCheckoutDirectories=null], jobTimingInfo=JobTimingInfo[submissionDate=2025-02-14T23:45:03.231984280Z[Etc/UTC], buildStartDate=2025-02-14T23:45:03.231984280Z[Etc/UTC], buildCompletionDate=null, estimatedCompletionDate=2025-02-14T23:45:27.231984280Z[Etc/UTC], estimatedDuration=24], buildConfig=BuildConfig[buildScript=, dockerImage=, commitHashToBuild=test, assignmentCommitHash=, testCommitHash=, branch=, programmingLanguage=null, projectType=null, scaEnabled=false, sequentialTestRunsEnabled=false, resultPaths=null, timeoutSeconds=0, assignmentCheckoutPath=, testCheckoutPath=, solutionCheckoutPath=, dockerRunConfig=null], submissionResult=null], BuildJobQueueItem[id=2, name=job2, buildAgent=BuildAgentDTO[name=artemis-build-agent-test, memberAddress=[127.0.0.1]:5703, displayName=], participationId=2, courseId=924, exerciseId=1, retryCount=1, priority=2, status=SUCCESSFUL, repositoryInfo=RepositoryInfo[repositoryName=test, repositoryType=null, triggeredByPushTo=user, assignmentRepositoryUri=, testRepositoryUri=, solutionRepositoryUri=, auxiliaryRepositoryUris=null, auxiliaryRepositoryCheckoutDirectories=null], jobTimingInfo=JobTimingInfo[submissionDate=2025-02-14T23:45:03.231984280Z[Etc/UTC], buildStartDate=2025-02-14T23:45:08.231984280Z[Etc/UTC], buildCompletionDate=null, estimatedCompletionDate=2025-02-14T23:45:32.231984280Z[Etc/UTC], estimatedDuration=24], buildConfig=BuildConfig[buildScript=, dockerImage=, commitHashToBuild=test, assignmentCommitHash=, testCommitHash=, branch=, programmingLanguage=null, projectType=null, scaEnabled=false, sequentialTestRunsEnabled=false, resultPaths=null, timeoutSeconds=0, assignmentCheckoutPath=, testCheckoutPath=, solutionCheckoutPath=, dockerRunConfig=null], submissionResult=null]]
    23:45:03.254 | 566 localvc.event-13 | DEBUG | s.l.LocalCIWebsocketMessagingService : Sending message on topic /topic/admin/queued-jobs: [BuildJobQueueItem[id=3, name=job3, buildAgent=BuildAgentDTO[name=artemis-build-agent-test, memberAddress=[127.0.0.1]:5703, displayName=], participationId=2, courseId=924, exerciseId=1, retryCount=1, priority=2, status=SUCCESSFUL, repositoryInfo=RepositoryInfo[repositoryName=test, repositoryType=null, triggeredByPushTo=user, assignmentRepositoryUri=, testRepositoryUri=, solutionRepositoryUri=, auxiliaryRepositoryUris=null, auxiliaryRepositoryCheckoutDirectories=null], jobTimingInfo=JobTimingInfo[submissionDate=2025-02-14T23:45:04.231984280Z[Etc/UTC], buildStartDate=null, buildCompletionDate=null, estimatedCompletionDate=null, estimatedDuration=24], buildConfig=BuildConfig[buildScript=, dockerImage=, commitHashToBuild=test, assignmentCommitHash=, testCommitHash=, branch=, programmingLanguage=null, projectType=null, scaEnabled=false, sequentialTestRunsEnabled=false, resultPaths=null, timeoutSeconds=0, assignmentCheckoutPath=, testCheckoutPath=, solutionCheckoutPath=, dockerRunConfig=null], submissionResult=null], BuildJobQueueItem[id=4, name=job4, buildAgent=BuildAgentDTO[name=artemis-build-agent-test, memberAddress=[127.0.0.1]:5703, displayName=], participationId=2, courseId=924, exerciseId=1, retryCount=1, priority=2, status=SUCCESSFUL, repositoryInfo=RepositoryInfo[repositoryName=test, repositoryType=null, triggeredByPushTo=user, assignmentRepositoryUri=, testRepositoryUri=, solutionRepositoryUri=, auxiliaryRepositoryUris=null, auxiliaryRepositoryCheckoutDirectories=null], jobTimingInfo=JobTimingInfo[submissionDate=2025-02-14T23:45:05.231984280Z[Etc/UTC], buildStartDate=null, buildCompletionDate=null, estimatedCompletionDate=null, estimatedDuration=24], buildConfig=BuildConfig[buildScript=, dockerImage=, commitHashToBuild=test, assignmentCommitHash=, testCommitHash=, branch=, programmingLanguage=null, projectType=null, scaEnabled=false, sequentialTestRunsEnabled=false, resultPaths=null, timeoutSeconds=0, assignmentCheckoutPath=, testCheckoutPath=, solutionCheckoutPath=, dockerRunConfig=null], submissionResult=null], BuildJobQueueItem[id=5, name=job5, buildAgent=BuildAgentDTO[name=artemis-build-agent-test, memberAddress=[127.0.0.1]:5703, displayName=], participationId=2, courseId=924, exerciseId=1, retryCount=1, priority=2, status=SUCCESSFUL, repositoryInfo=RepositoryInfo[repositoryName=test, repositoryType=null, triggeredByPushTo=user, assignmentRepositoryUri=, testRepositoryUri=, solutionRepositoryUri=, auxiliaryRepositoryUris=null, auxiliaryRepositoryCheckoutDirectories=null], jobTimingInfo=JobTimingInfo[submissionDate=2025-02-14T23:45:06.231984280Z[Etc/UTC], buildStartDate=null, buildCompletionDate=null, estimatedCompletionDate=null, estimatedDuration=24], buildConfig=BuildConfig[buildScript=, dockerImage=, commitHashToBuild=test, assignmentCommitHash=, testCommitHash=, branch=, programmingLanguage=null, projectType=null, scaEnabled=false, sequentialTestRunsEnabled=false, resultPaths=null, timeoutSeconds=0, assignmentCheckoutPath=, testCheckoutPath=, solutionCheckoutPath=, dockerRunConfig=null], submissionResult=null]]
    23:45:03.255 | 566 localvc.event-13 | DEBUG | s.l.LocalCIWebsocketMessagingService : Sending message on topic /topic/courses/924/queued-jobs: [BuildJobQueueItem[id=3, name=job3, buildAgent=BuildAgentDTO[name=artemis-build-agent-test, memberAddress=[127.0.0.1]:5703, displayName=], participationId=2, courseId=924, exerciseId=1, retryCount=1, priority=2, status=SUCCESSFUL, repositoryInfo=RepositoryInfo[repositoryName=test, repositoryType=null, triggeredByPushTo=user, assignmentRepositoryUri=, testRepositoryUri=, solutionRepositoryUri=, auxiliaryRepositoryUris=null, auxiliaryRepositoryCheckoutDirectories=null], jobTimingInfo=JobTimingInfo[submissionDate=2025-02-14T23:45:04.231984280Z[Etc/UTC], buildStartDate=null, buildCompletionDate=null, estimatedCompletionDate=null, estimatedDuration=24], buildConfig=BuildConfig[buildScript=, dockerImage=, commitHashToBuild=test, assignmentCommitHash=, testCommitHash=, branch=, programmingLanguage=null, projectType=null, scaEnabled=false, sequentialTestRunsEnabled=false, resultPaths=null, timeoutSeconds=0, assignmentCheckoutPath=, testCheckoutPath=, solutionCheckoutPath=, dockerRunConfig=null], submissionResult=null], BuildJobQueueItem[id=4, name=job4, buildAgent=BuildAgentDTO[name=artemis-build-agent-test, memberAddress=[127.0.0.1]:5703, displayName=], participationId=2, courseId=924, exerciseId=1, retryCount=1, priority=2, status=SUCCESSFUL, repositoryInfo=RepositoryInfo[repositoryName=test, repositoryType=null, triggeredByPushTo=user, assignmentRepositoryUri=, testRepositoryUri=, solutionRepositoryUri=, auxiliaryRepositoryUris=null, auxiliaryRepositoryCheckoutDirectories=null], jobTimingInfo=JobTimingInfo[submissionDate=2025-02-14T23:45:05.231984280Z[Etc/UTC], buildStartDate=null, buildCompletionDate=null, estimatedCompletionDate=null, estimatedDuration=24], buildConfig=BuildConfig[buildScript=, dockerImage=, commitHashToBuild=test, assignmentCommitHash=, testCommitHash=, branch=, programmingLanguage=null, projectType=null, scaEnabled=false, sequentialTestRunsEnabled=false, resultPaths=null, timeoutSeconds=0, assignmentCheckoutPath=, testCheckoutPath=, solutionCheckoutPath=, dockerRunConfig=null], submissionResult=null], BuildJobQueueItem[id=5, name=job5, buildAgent=BuildAgentDTO[name=artemis-build-agent-test, memberAddress=[127.0.0.1]:5703, displayName=], participationId=2, courseId=924, exerciseId=1, retryCount=1, priority=2, status=SUCCESSFUL, repositoryInfo=RepositoryInfo[repositoryName=test, repositoryType=null, triggeredByPushTo=user, assignmentRepositoryUri=, testRepositoryUri=, solutionRepositoryUri=, auxiliaryRepositoryUris=null, auxiliaryRepositoryCheckoutDirectories=null], jobTimingInfo=JobTimingInfo[submissionDate=2025-02-14T23:45:06.231984280Z[Etc/UTC], buildStartDate=null, buildCompletionDate=null, estimatedCompletionDate=null, estimatedDuration=24], buildConfig=BuildConfig[buildScript=, dockerImage=, commitHashToBuild=test, assignmentCommitHash=, testCommitHash=, branch=, programmingLanguage=null, projectType=null, scaEnabled=false, sequentialTestRunsEnabled=false, resultPaths=null, timeoutSeconds=0, assignmentCheckoutPath=, testCheckoutPath=, solutionCheckoutPath=, dockerRunConfig=null], submissionResult=null]]
    23:45:03.255 | 588 artemis-task-1   | DEBUG | d.t.c.a.a.c.c.w.GzipMessageConverter : Compressed message payload from 1500 to 556 (saved 62.9% payload size)
    23:45:03.255 | 588 artemis-task-1   | DEBUG | d.t.c.a.a.c.c.w.GzipMessageConverter : Compressed message payload from 1500 to 556 (saved 62.9% payload size)
    23:45:03.256 | 588 artemis-task-1   | DEBUG | d.t.c.a.a.c.c.w.GzipMessageConverter : Compressed message payload from 1886 to 532 (saved 71.8% payload size)
    23:45:03.256 | 588 artemis-task-1   | DEBUG | d.t.c.a.a.c.c.w.GzipMessageConverter : Compressed message payload from 1886 to 532 (saved 71.8% payload size)
    23:45:03.256 | 473 ool-1-worker-237 | WARN  | a.p.s.l.SharedQueueManagementService : There are more processing jobs than the build agents' capacity. This should not happen. Processing jobs: IMap{name='processingJobs'}, Build agents: IMap{name='buildAgentInformation'}
    23:45:03.259 | 566 localvc.event-13 | DEBUG | s.l.LocalCIWebsocketMessagingService : Sending message on topic /topic/admin/queued-jobs: [BuildJobQueueItem[id=3, name=job3, buildAgent=BuildAgentDTO[name=artemis-build-agent-test, memberAddress=[127.0.0.1]:5703, displayName=], participationId=2, courseId=924, exerciseId=1, retryCount=1, priority=2, status=SUCCESSFUL, repositoryInfo=RepositoryInfo[repositoryName=test, repositoryType=null, triggeredByPushTo=user, assignmentRepositoryUri=, testRepositoryUri=, solutionRepositoryUri=, auxiliaryRepositoryUris=null, auxiliaryRepositoryCheckoutDirectories=null], jobTimingInfo=JobTimingInfo[submissionDate=2025-02-14T23:45:04.231984280Z[Etc/UTC], buildStartDate=null, buildCompletionDate=null, estimatedCompletionDate=null, estimatedDuration=24], buildConfig=BuildConfig[buildScript=, dockerImage=, commitHashToBuild=test, assignmentCommitHash=, testCommitHash=, branch=, programmingLanguage=null, projectType=null, scaEnabled=false, sequentialTestRunsEnabled=false, resultPaths=null, timeoutSeconds=0, assignmentCheckoutPath=, testCheckoutPath=, solutionCheckoutPath=, dockerRunConfig=null], submissionResult=null], BuildJobQueueItem[id=4, name=job4, buildAgent=BuildAgentDTO[name=artemis-build-agent-test, memberAddress=[127.0.0.1]:5703, displayName=], participationId=2, courseId=924, exerciseId=1, retryCount=1, priority=2, status=SUCCESSFUL, repositoryInfo=RepositoryInfo[repositoryName=test, repositoryType=null, triggeredByPushTo=user, assignmentRepositoryUri=, testRepositoryUri=, solutionRepositoryUri=, auxiliaryRepositoryUris=null, auxiliaryRepositoryCheckoutDirectories=null], jobTimingInfo=JobTimingInfo[submissionDate=2025-02-14T23:45:05.231984280Z[Etc/UTC], buildStartDate=null, buildCompletionDate=null, estimatedCompletionDate=null, estimatedDuration=24], buildConfig=BuildConfig[buildScript=, dockerImage=, commitHashToBuild=test, assignmentCommitHash=, testCommitHash=, branch=, programmingLanguage=null, projectType=null, scaEnabled=false, sequentialTestRunsEnabled=false, resultPaths=null, timeoutSeconds=0, assignmentCheckoutPath=, testCheckoutPath=, solutionCheckoutPath=, dockerRunConfig=null], submissionResult=null], BuildJobQueueItem[id=5, name=job5, buildAgent=BuildAgentDTO[name=artemis-build-agent-test, memberAddress=[127.0.0.1]:5703, displayName=], participationId=2, courseId=924, exerciseId=1, retryCount=1, priority=2, status=SUCCESSFUL, repositoryInfo=RepositoryInfo[repositoryName=test, repositoryType=null, triggeredByPushTo=user, assignmentRepositoryUri=, testRepositoryUri=, solutionRepositoryUri=, auxiliaryRepositoryUris=null, auxiliaryRepositoryCheckoutDirectories=null], jobTimingInfo=JobTimingInfo[submissionDate=2025-02-14T23:45:06.231984280Z[Etc/UTC], buildStartDate=null, buildCompletionDate=null, estimatedCompletionDate=null, estimatedDuration=24], buildConfig=BuildConfig[buildScript=, dockerImage=, commitHashToBuild=test, assignmentCommitHash=, testCommitHash=, branch=, programmingLanguage=null, projectType=null, scaEnabled=false, sequentialTestRunsEnabled=false, resultPaths=null, timeoutSeconds=0, assignmentCheckoutPath=, testCheckoutPath=, solutionCheckoutPath=, dockerRunConfig=null], submissionResult=null]]
    23:45:03.259 | 566 localvc.event-13 | DEBUG | s.l.LocalCIWebsocketMessagingService : Sending message on topic /topic/courses/924/queued-jobs: [BuildJobQueueItem[id=3, name=job3, buildAgent=BuildAgentDTO[name=artemis-build-agent-test, memberAddress=[127.0.0.1]:5703, displayName=], participationId=2, courseId=924, exerciseId=1, retryCount=1, priority=2, status=SUCCESSFUL, repositoryInfo=RepositoryInfo[repositoryName=test, repositoryType=null, triggeredByPushTo=user, assignmentRepositoryUri=, testRepositoryUri=, solutionRepositoryUri=, auxiliaryRepositoryUris=null, auxiliaryRepositoryCheckoutDirectories=null], jobTimingInfo=JobTimingInfo[submissionDate=2025-02-14T23:45:04.231984280Z[Etc/UTC], buildStartDate=null, buildCompletionDate=null, estimatedCompletionDate=null, estimatedDuration=24], buildConfig=BuildConfig[buildScript=, dockerImage=, commitHashToBuild=test, assignmentCommitHash=, testCommitHash=, branch=, programmingLanguage=null, projectType=null, scaEnabled=false, sequentialTestRunsEnabled=false, resultPaths=null, timeoutSeconds=0, assignmentCheckoutPath=, testCheckoutPath=, solutionCheckoutPath=, dockerRunConfig=null], submissionResult=null], BuildJobQueueItem[id=4, name=job4, buildAgent=BuildAgentDTO[name=artemis-build-agent-test, memberAddress=[127.0.0.1]:5703, displayName=], participationId=2, courseId=924, exerciseId=1, retryCount=1, priority=2, status=SUCCESSFUL, repositoryInfo=RepositoryInfo[repositoryName=test, repositoryType=null, triggeredByPushTo=user, assignmentRepositoryUri=, testRepositoryUri=, solutionRepositoryUri=, auxiliaryRepositoryUris=null, auxiliaryRepositoryCheckoutDirectories=null], jobTimingInfo=JobTimingInfo[submissionDate=2025-02-14T23:45:05.231984280Z[Etc/UTC], buildStartDate=null, buildCompletionDate=null, estimatedCompletionDate=null, estimatedDuration=24], buildConfig=BuildConfig[buildScript=, dockerImage=, commitHashToBuild=test, assignmentCommitHash=, testCommitHash=, branch=, programmingLanguage=null, projectType=null, scaEnabled=false, sequentialTestRunsEnabled=false, resultPaths=null, timeoutSeconds=0, assignmentCheckoutPath=, testCheckoutPath=, solutionCheckoutPath=, dockerRunConfig=null], submissionResult=null], BuildJobQueueItem[id=5, name=job5, buildAgent=BuildAgentDTO[name=artemis-build-agent-test, memberAddress=[127.0.0.1]:5703, displayName=], participationId=2, courseId=924, exerciseId=1, retryCount=1, priority=2, status=SUCCESSFUL, repositoryInfo=RepositoryInfo[repositoryName=test, repositoryType=null, triggeredByPushTo=user, assignmentRepositoryUri=, testRepositoryUri=, solutionRepositoryUri=, auxiliaryRepositoryUris=null, auxiliaryRepositoryCheckoutDirectories=null], jobTimingInfo=JobTimingInfo[submissionDate=2025-02-14T23:45:06.231984280Z[Etc/UTC], buildStartDate=null, buildCompletionDate=null, estimatedCompletionDate=null, estimatedDuration=24], buildConfig=BuildConfig[buildScript=, dockerImage=, commitHashToBuild=test, assignmentCommitHash=, testCommitHash=, branch=, programmingLanguage=null, projectType=null, scaEnabled=false, sequentialTestRunsEnabled=false, resultPaths=null, timeoutSeconds=0, assignmentCheckoutPath=, testCheckoutPath=, solutionCheckoutPath=, dockerRunConfig=null], submissionResult=null]]
    23:45:03.259 | 566 localvc.event-13 | DEBUG | a.p.s.l.LocalCIQueueWebsocketService : Build agent updated: BuildAgentInformation[buildAgent=BuildAgentDTO[name=artemis-build-agent-test, memberAddress=[127.0.0.1]:5703, displayName=], maxNumberOfConcurrentBuildJobs=2, numberOfCurrentBuildJobs=2, runningBuildJobs=[BuildJobQueueItem[id=1, name=job1, buildAgent=BuildAgentDTO[name=artemis-build-agent-test, memberAddress=[127.0.0.1]:5703, displayName=], participationId=1, courseId=924, exerciseId=1, retryCount=1, priority=1, status=SUCCESSFUL, repositoryInfo=RepositoryInfo[repositoryName=test, repositoryType=null, triggeredByPushTo=user, assignmentRepositoryUri=test, testRepositoryUri=test, solutionRepositoryUri=test, auxiliaryRepositoryUris=null, auxiliaryRepositoryCheckoutDirectories=null], jobTimingInfo=JobTimingInfo[submissionDate=2025-02-14T23:45:03.231984280Z[Etc/UTC], buildStartDate=2025-02-14T23:45:03.231984280Z[Etc/UTC], buildCompletionDate=null, estimatedCompletionDate=2025-02-14T23:45:27.231984280Z[Etc/UTC], estimatedDuration=24], buildConfig=BuildConfig[buildScript=echo 'test', dockerImage=test, commitHashToBuild=test, assignmentCommitHash=test, testCommitHash=test, branch=test, programmingLanguage=null, projectType=null, scaEnabled=false, sequentialTestRunsEnabled=false, resultPaths=null, timeoutSeconds=0, assignmentCheckoutPath=null, testCheckoutPath=null, solutionCheckoutPath=null, dockerRunConfig=null], submissionResult=null], BuildJobQueueItem[id=2, name=job2, buildAgent=BuildAgentDTO[name=artemis-build-agent-test, memberAddress=[127.0.0.1]:5703, displayName=], participationId=2, courseId=924, exerciseId=1, retryCount=1, priority=2, status=SUCCESSFUL, repositoryInfo=RepositoryInfo[repositoryName=test, repositoryType=null, triggeredByPushTo=user, assignmentRepositoryUri=test, testRepositoryUri=test, solutionRepositoryUri=test, auxiliaryRepositoryUris=null, auxiliaryRepositoryCheckoutDirectories=null], jobTimingInfo=JobTimingInfo[submissionDate=2025-02-14T23:45:03.231984280Z[Etc/UTC], buildStartDate=2025-02-14T23:45:08.231984280Z[Etc/UTC], buildCompletionDate=null, estimatedCompletionDate=2025-02-14T23:45:32.231984280Z[Etc/UTC], estimatedDuration=24], buildConfig=BuildConfig[buildScript=echo 'test', dockerImage=test, commitHashToBuild=test, assignmentCommitHash=test, testCommitHash=test, branch=test, programmingLanguage=null, projectType=null, scaEnabled=false, sequentialTestRunsEnabled=false, resultPaths=null, timeoutSeconds=0, assignmentCheckoutPath=null, testCheckoutPath=null, solutionCheckoutPath=null, dockerRunConfig=null], submissionResult=null]], status=ACTIVE, recentBuildJobs=null, publicSshKey=null]
    23:45:03.260 | 566 localvc.event-13 | DEBUG | s.l.LocalCIWebsocketMessagingService : Sending message on topic /topic/admin/build-agents: [BuildAgentInformation[buildAgent=BuildAgentDTO[name=artemis-build-agent-test, memberAddress=[127.0.0.1]:5703, displayName=], maxNumberOfConcurrentBuildJobs=2, numberOfCurrentBuildJobs=2, runningBuildJobs=[BuildJobQueueItem[id=1, name=job1, buildAgent=BuildAgentDTO[name=artemis-build-agent-test, memberAddress=[127.0.0.1]:5703, displayName=], participationId=1, courseId=924, exerciseId=1, retryCount=1, priority=1, status=SUCCESSFUL, repositoryInfo=RepositoryInfo[repositoryName=test, repositoryType=null, triggeredByPushTo=user, assignmentRepositoryUri=, testRepositoryUri=, solutionRepositoryUri=, auxiliaryRepositoryUris=null, auxiliaryRepositoryCheckoutDirectories=null], jobTimingInfo=JobTimingInfo[submissionDate=2025-02-14T23:45:03.231984280Z[Etc/UTC], buildStartDate=2025-02-14T23:45:03.231984280Z[Etc/UTC], buildCompletionDate=null, estimatedCompletionDate=2025-02-14T23:45:27.231984280Z[Etc/UTC], estimatedDuration=24], buildConfig=BuildConfig[buildScript=, dockerImage=, commitHashToBuild=test, assignmentCommitHash=, testCommitHash=, branch=, programmingLanguage=null, projectType=null, scaEnabled=false, sequentialTestRunsEnabled=false, resultPaths=null, timeoutSeconds=0, assignmentCheckoutPath=, testCheckoutPath=, solutionCheckoutPath=, dockerRunConfig=null], submissionResult=null], BuildJobQueueItem[id=2, name=job2, buildAgent=BuildAgentDTO[name=artemis-build-agent-test, memberAddress=[127.0.0.1]:5703, displayName=], participationId=2, courseId=924, exerciseId=1, retryCount=1, priority=2, status=SUCCESSFUL, repositoryInfo=RepositoryInfo[repositoryName=test, repositoryType=null, triggeredByPushTo=user, assignmentRepositoryUri=, testRepositoryUri=, solutionRepositoryUri=, auxiliaryRepositoryUris=null, auxiliaryRepositoryCheckoutDirectories=null], jobTimingInfo=JobTimingInfo[submissionDate=2025-02-14T23:45:03.231984280Z[Etc/UTC], buildStartDate=2025-02-14T23:45:08.231984280Z[Etc/UTC], buildCompletionDate=null, estimatedCompletionDate=2025-02-14T23:45:32.231984280Z[Etc/UTC], estimatedDuration=24], buildConfig=BuildConfig[buildScript=, dockerImage=, commitHashToBuild=test, assignmentCommitHash=, testCommitHash=, branch=, programmingLanguage=null, projectType=null, scaEnabled=false, sequentialTestRunsEnabled=false, resultPaths=null, timeoutSeconds=0, assignmentCheckoutPath=, testCheckoutPath=, solutionCheckoutPath=, dockerRunConfig=null], submissionResult=null]], status=ACTIVE, recentBuildJobs=null, publicSshKey=null]]
    23:45:03.260 | 566 localvc.event-13 | DEBUG | s.l.LocalCIWebsocketMessagingService : Sending message on topic /topic/admin/build-agent/artemis-build-agent-test: BuildAgentInformation[buildAgent=BuildAgentDTO[name=artemis-build-agent-test, memberAddress=[127.0.0.1]:5703, displayName=], maxNumberOfConcurrentBuildJobs=2, numberOfCurrentBuildJobs=2, runningBuildJobs=[BuildJobQueueItem[id=1, name=job1, buildAgent=BuildAgentDTO[name=artemis-build-agent-test, memberAddress=[127.0.0.1]:5703, displayName=], participationId=1, courseId=924, exerciseId=1, retryCount=1, priority=1, status=SUCCESSFUL, repositoryInfo=RepositoryInfo[repositoryName=test, repositoryType=null, triggeredByPushTo=user, assignmentRepositoryUri=test, testRepositoryUri=test, solutionRepositoryUri=test, auxiliaryRepositoryUris=null, auxiliaryRepositoryCheckoutDirectories=null], jobTimingInfo=JobTimingInfo[submissionDate=2025-02-14T23:45:03.231984280Z[Etc/UTC], buildStartDate=2025-02-14T23:45:03.231984280Z[Etc/UTC], buildCompletionDate=null, estimatedCompletionDate=2025-02-14T23:45:27.231984280Z[Etc/UTC], estimatedDuration=24], buildConfig=BuildConfig[buildScript=echo 'test', dockerImage=test, commitHashToBuild=test, assignmentCommitHash=test, testCommitHash=test, branch=test, programmingLanguage=null, projectType=null, scaEnabled=false, sequentialTestRunsEnabled=false, resultPaths=null, timeoutSeconds=0, assignmentCheckoutPath=null, testCheckoutPath=null, solutionCheckoutPath=null, dockerRunConfig=null], submissionResult=null], BuildJobQueueItem[id=2, name=job2, buildAgent=BuildAgentDTO[name=artemis-build-agent-test, memberAddress=[127.0.0.1]:5703, displayName=], participationId=2, courseId=924, exerciseId=1, retryCount=1, priority=2, status=SUCCESSFUL, repositoryInfo=RepositoryInfo[repositoryName=test, repositoryType=null, triggeredByPushTo=user, assignmentRepositoryUri=test, testRepositoryUri=test, solutionRepositoryUri=test, auxiliaryRepositoryUris=null, auxiliaryRepositoryCheckoutDirectories=null], jobTimingInfo=JobTimingInfo[submissionDate=2025-02-14T23:45:03.231984280Z[Etc/UTC], buildStartDate=2025-02-14T23:45:08.231984280Z[Etc/UTC], buildCompletionDate=null, estimatedCompletionDate=2025-02-14T23:45:32.231984280Z[Etc/UTC], estimatedDuration=24], buildConfig=BuildConfig[buildScript=echo 'test', dockerImage=test, commitHashToBuild=test, assignmentCommitHash=test, testCommitHash=test, branch=test, programmingLanguage=null, projectType=null, scaEnabled=false, sequentialTestRunsEnabled=false, resultPaths=null, timeoutSeconds=0, assignmentCheckoutPath=null, testCheckoutPath=null, solutionCheckoutPath=null, dockerRunConfig=null], submissionResult=null]], status=ACTIVE, recentBuildJobs=null, publicSshKey=null]
    23:45:03.260 | 566 localvc.event-13 | DEBUG | a.p.s.l.SharedQueueManagementService : Build agent updated: null
    23:45:03.261 | 601 taskScheduler-2  | DEBUG | a.a.b.s.SharedQueueProcessingService : Currently processing jobs on this node: 0, active threads in Pool: 0, maximum pool size of thread executor : 1
    23:45:03.261 | 588 artemis-task-1   | DEBUG | d.t.c.a.a.c.c.w.GzipMessageConverter : Compressed message payload from 1886 to 532 (saved 71.8% payload size)
    23:45:03.261 | 588 artemis-task-1   | DEBUG | d.t.c.a.a.c.c.w.GzipMessageConverter : Compressed message payload from 1886 to 532 (saved 71.8% payload size)
    23:45:03.262 | 588 artemis-task-1   | DEBUG | d.t.c.a.a.c.c.w.GzipMessageConverter : Compressed message payload from 1850 to 648 (saved 65.0% payload size)
    23:45:03.262 | 588 artemis-task-1   | DEBUG | d.t.c.a.a.c.c.w.GzipMessageConverter : Compressed message payload from 2410 to 752 (saved 68.8% payload size)
    23:45:03.267 | 565 localvc.event-12 | DEBUG | a.p.s.l.LocalCIQueueWebsocketService : CIBuildJobQueueItem added to processing jobs: BuildJobQueueItem[id=2, name=job2, buildAgent=BuildAgentDTO[name=artemis-build-agent-test, memberAddress=[127.0.0.1]:5703, displayName=], participationId=2, courseId=924, exerciseId=1, retryCount=1, priority=2, status=SUCCESSFUL, repositoryInfo=RepositoryInfo[repositoryName=test, repositoryType=null, triggeredByPushTo=user, assignmentRepositoryUri=test, testRepositoryUri=test, solutionRepositoryUri=test, auxiliaryRepositoryUris=null, auxiliaryRepositoryCheckoutDirectories=null], jobTimingInfo=JobTimingInfo[submissionDate=2025-02-14T23:45:03.231984280Z[Etc/UTC], buildStartDate=2025-02-14T23:45:08.231984280Z[Etc/UTC], buildCompletionDate=null, estimatedCompletionDate=2025-02-14T23:45:32.231984280Z[Etc/UTC], estimatedDuration=24], buildConfig=BuildConfig[buildScript=echo 'test', dockerImage=test, commitHashToBuild=test, assignmentCommitHash=test, testCommitHash=test, branch=test, programmingLanguage=null, projectType=null, scaEnabled=false, sequentialTestRunsEnabled=false, resultPaths=null, timeoutSeconds=0, assignmentCheckoutPath=null, testCheckoutPath=null, solutionCheckoutPath=null, dockerRunConfig=null], submissionResult=null]
    23:45:03.267 | 565 localvc.event-12 | DEBUG | s.l.LocalCIWebsocketMessagingService : Sending message on topic /topic/admin/running-jobs: []
    23:45:03.267 | 565 localvc.event-12 | DEBUG | s.l.LocalCIWebsocketMessagingService : Sending message on topic /topic/courses/924/running-jobs: []
    23:45:03.276 | 566 localvc.event-13 | DEBUG | a.a.b.s.SharedQueueProcessingService : CIBuildJobQueueItem removed from queue: BuildJobQueueItem[id=3, name=job3, buildAgent=BuildAgentDTO[name=artemis-build-agent-test, memberAddress=[127.0.0.1]:5703, displayName=], participationId=2, courseId=924, exerciseId=1, retryCount=1, priority=2, status=SUCCESSFUL, repositoryInfo=RepositoryInfo[repositoryName=test, repositoryType=null, triggeredByPushTo=user, assignmentRepositoryUri=test, testRepositoryUri=test, solutionRepositoryUri=test, auxiliaryRepositoryUris=null, auxiliaryRepositoryCheckoutDirectories=null], jobTimingInfo=JobTimingInfo[submissionDate=2025-02-14T23:45:04.231984280Z[Etc/UTC], buildStartDate=null, buildCompletionDate=null, estimatedCompletionDate=null, estimatedDuration=24], buildConfig=BuildConfig[buildScript=echo 'test', dockerImage=test, commitHashToBuild=test, assignmentCommitHash=test, testCommitHash=test, branch=test, programmingLanguage=null, projectType=null, scaEnabled=false, sequentialTestRunsEnabled=false, resultPaths=null, timeoutSeconds=0, assignmentCheckoutPath=null, testCheckoutPath=null, solutionCheckoutPath=null, dockerRunConfig=null], submissionResult=null]
    23:45:03.282 | 566 localvc.event-13 | DEBUG | s.l.LocalCIWebsocketMessagingService : Sending message on topic /topic/admin/queued-jobs: []
    23:45:03.282 | 566 localvc.event-13 | DEBUG | s.l.LocalCIWebsocketMessagingService : Sending message on topic /topic/courses/924/queued-jobs: []
    23:45:03.282 | 566 localvc.event-13 | DEBUG | a.a.b.s.SharedQueueProcessingService : CIBuildJobQueueItem removed from queue: BuildJobQueueItem[id=4, name=job4, buildAgent=BuildAgentDTO[name=artemis-build-agent-test, memberAddress=[127.0.0.1]:5703, displayName=], participationId=2, courseId=924, exerciseId=1, retryCount=1, priority=2, status=SUCCESSFUL, repositoryInfo=RepositoryInfo[repositoryName=test, repositoryType=null, triggeredByPushTo=user, assignmentRepositoryUri=test, testRepositoryUri=test, solutionRepositoryUri=test, auxiliaryRepositoryUris=null, auxiliaryRepositoryCheckoutDirectories=null], jobTimingInfo=JobTimingInfo[submissionDate=2025-02-14T23:45:05.231984280Z[Etc/UTC], buildStartDate=null, buildCompletionDate=null, estimatedCompletionDate=null, estimatedDuration=24], buildConfig=BuildConfig[buildScript=echo 'test', dockerImage=test, commitHashToBuild=test, assignmentCommitHash=test, testCommitHash=test, branch=test, programmingLanguage=null, projectType=null, scaEnabled=false, sequentialTestRunsEnabled=false, resultPaths=null, timeoutSeconds=0, assignmentCheckoutPath=null, testCheckoutPath=null, solutionCheckoutPath=null, dockerRunConfig=null], submissionResult=null]
    23:45:03.283 | 566 localvc.event-13 | DEBUG | s.l.LocalCIWebsocketMessagingService : Sending message on topic /topic/admin/queued-jobs: []
    23:45:03.283 | 566 localvc.event-13 | DEBUG | s.l.LocalCIWebsocketMessagingService : Sending message on topic /topic/courses/924/queued-jobs: []
    23:45:03.283 | 566 localvc.event-13 | DEBUG | a.a.b.s.SharedQueueProcessingService : CIBuildJobQueueItem removed from queue: BuildJobQueueItem[id=5, name=job5, buildAgent=BuildAgentDTO[name=artemis-build-agent-test, memberAddress=[127.0.0.1]:5703, displayName=], participationId=2, courseId=924, exerciseId=1, retryCount=1, priority=2, status=SUCCESSFUL, repositoryInfo=RepositoryInfo[repositoryName=test, repositoryType=null, triggeredByPushTo=user, assignmentRepositoryUri=test, testRepositoryUri=test, solutionRepositoryUri=test, auxiliaryRepositoryUris=null, auxiliaryRepositoryCheckoutDirectories=null], jobTimingInfo=JobTimingInfo[submissionDate=2025-02-14T23:45:06.231984280Z[Etc/UTC], buildStartDate=null, buildCompletionDate=null, estimatedCompletionDate=null, estimatedDuration=24], buildConfig=BuildConfig[buildScript=echo 'test', dockerImage=test, commitHashToBuild=test, assignmentCommitHash=test, testCommitHash=test, branch=test, programmingLanguage=null, projectType=null, scaEnabled=false, sequentialTestRunsEnabled=false, resultPaths=null, timeoutSeconds=0, assignmentCheckoutPath=null, testCheckoutPath=null, solutionCheckoutPath=null, dockerRunConfig=null], submissionResult=null]
    23:45:03.287 | 566 localvc.event-13 | DEBUG | s.l.LocalCIWebsocketMessagingService : Sending message on topic /topic/admin/queued-jobs: []
    23:45:03.287 | 566 localvc.event-13 | DEBUG | s.l.LocalCIWebsocketMessagingService : Sending message on topic /topic/courses/924/queued-jobs: []

  Starting logs for LocalCIResourceIntegrationTest > testGetRunningBuildJobsForCourse_returnsJobs()
    23:45:03.325 | 473 ool-1-worker-237 | DEBUG | d.t.c.a.a.c.u.util.UserUtilService   : Generate 2 students...
    23:45:03.338 | 473 ool-1-worker-237 | DEBUG | d.t.c.a.a.c.u.util.UserUtilService   : 2 students generated. Generate 1 tutors...
    23:45:03.348 | 473 ool-1-worker-237 | DEBUG | d.t.c.a.a.c.u.util.UserUtilService   : 1 tutors generated. Generate 0 editors...
    23:45:03.351 | 473 ool-1-worker-237 | DEBUG | d.t.c.a.a.c.u.util.UserUtilService   : 0 editors generated. Generate 2 instructors...
    23:45:03.365 | 473 ool-1-worker-237 | DEBUG | d.t.c.a.a.c.u.util.UserUtilService   : 2 instructors generated
    23:45:03.367 | 473 ool-1-worker-237 | DEBUG | d.t.c.a.a.c.u.util.UserUtilService   : Removing 4 users from all courses...
    23:45:03.372 | 473 ool-1-worker-237 | DEBUG | d.t.c.a.a.c.u.util.UserUtilService   : Removing 4 users from all courses. Done
    23:45:03.372 | 473 ool-1-worker-237 | DEBUG | d.t.c.a.a.c.u.util.UserUtilService   : Save 5 users to database...
    23:45:03.383 | 473 ool-1-worker-237 | DEBUG | d.t.c.a.a.c.u.util.UserUtilService   : Save 5 users to database. Done
    23:45:03.459 | 565 localvc.event-12 | DEBUG | a.p.s.l.LocalCIQueueWebsocketService : CIBuildJobQueueItem added to processing jobs: BuildJobQueueItem[id=1, name=job1, buildAgent=BuildAgentDTO[name=artemis-build-agent-test, memberAddress=[127.0.0.1]:5703, displayName=], participationId=1, courseId=925, exerciseId=1, retryCount=1, priority=1, status=SUCCESSFUL, repositoryInfo=RepositoryInfo[repositoryName=test, repositoryType=null, triggeredByPushTo=user, assignmentRepositoryUri=test, testRepositoryUri=test, solutionRepositoryUri=test, auxiliaryRepositoryUris=null, auxiliaryRepositoryCheckoutDirectories=null], jobTimingInfo=JobTimingInfo[submissionDate=2025-02-14T23:46:03.449976428Z[Etc/UTC], buildStartDate=2025-02-14T23:47:03.449978261Z[Etc/UTC], buildCompletionDate=2025-02-14T23:48:03.449978832Z[Etc/UTC], estimatedCompletionDate=null, estimatedDuration=20], buildConfig=BuildConfig[buildScript=echo 'test', dockerImage=test, commitHashToBuild=test, assignmentCommitHash=test, testCommitHash=test, branch=test, programmingLanguage=null, projectType=null, scaEnabled=false, sequentialTestRunsEnabled=false, resultPaths=null, timeoutSeconds=0, assignmentCheckoutPath=null, testCheckoutPath=null, solutionCheckoutPath=null, dockerRunConfig=null], submissionResult=null]
    23:45:03.460 | 565 localvc.event-12 | DEBUG | s.l.LocalCIWebsocketMessagingService : Sending message on topic /topic/admin/running-jobs: [BuildJobQueueItem[id=1, name=job1, buildAgent=BuildAgentDTO[name=artemis-build-agent-test, memberAddress=[127.0.0.1]:5703, displayName=], participationId=1, courseId=925, exerciseId=1, retryCount=1, priority=1, status=SUCCESSFUL, repositoryInfo=RepositoryInfo[repositoryName=test, repositoryType=null, triggeredByPushTo=user, assignmentRepositoryUri=, testRepositoryUri=, solutionRepositoryUri=, auxiliaryRepositoryUris=null, auxiliaryRepositoryCheckoutDirectories=null], jobTimingInfo=JobTimingInfo[submissionDate=2025-02-14T23:46:03.449976428Z[Etc/UTC], buildStartDate=2025-02-14T23:47:03.449978261Z[Etc/UTC], buildCompletionDate=2025-02-14T23:48:03.449978832Z[Etc/UTC], estimatedCompletionDate=null, estimatedDuration=20], buildConfig=BuildConfig[buildScript=, dockerImage=, commitHashToBuild=test, assignmentCommitHash=, testCommitHash=, branch=, programmingLanguage=null, projectType=null, scaEnabled=false, sequentialTestRunsEnabled=false, resultPaths=null, timeoutSeconds=0, assignmentCheckoutPath=, testCheckoutPath=, solutionCheckoutPath=, dockerRunConfig=null], submissionResult=null]]
    23:45:03.460 | 565 localvc.event-12 | DEBUG | s.l.LocalCIWebsocketMessagingService : Sending message on topic /topic/courses/925/running-jobs: [BuildJobQueueItem[id=1, name=job1, buildAgent=BuildAgentDTO[name=artemis-build-agent-test, memberAddress=[127.0.0.1]:5703, displayName=], participationId=1, courseId=925, exerciseId=1, retryCount=1, priority=1, status=SUCCESSFUL, repositoryInfo=RepositoryInfo[repositoryName=test, repositoryType=null, triggeredByPushTo=user, assignmentRepositoryUri=, testRepositoryUri=, solutionRepositoryUri=, auxiliaryRepositoryUris=null, auxiliaryRepositoryCheckoutDirectories=null], jobTimingInfo=JobTimingInfo[submissionDate=2025-02-14T23:46:03.449976428Z[Etc/UTC], buildStartDate=2025-02-14T23:47:03.449978261Z[Etc/UTC], buildCompletionDate=2025-02-14T23:48:03.449978832Z[Etc/UTC], estimatedCompletionDate=null, estimatedDuration=20], buildConfig=BuildConfig[buildScript=, dockerImage=, commitHashToBuild=test, assignmentCommitHash=, testCommitHash=, branch=, programmingLanguage=null, projectType=null, scaEnabled=false, sequentialTestRunsEnabled=false, resultPaths=null, timeoutSeconds=0, assignmentCheckoutPath=, testCheckoutPath=, solutionCheckoutPath=, dockerRunConfig=null], submissionResult=null]]
    23:45:03.461 | 566 localvc.event-13 | DEBUG | a.p.s.l.LocalCIQueueWebsocketService : Build agent added: BuildAgentInformation[buildAgent=BuildAgentDTO[name=artemis-build-agent-test, memberAddress=[127.0.0.1]:5703, displayName=], maxNumberOfConcurrentBuildJobs=2, numberOfCurrentBuildJobs=1, runningBuildJobs=[BuildJobQueueItem[id=1, name=job1, buildAgent=BuildAgentDTO[name=artemis-build-agent-test, memberAddress=[127.0.0.1]:5703, displayName=], participationId=1, courseId=925, exerciseId=1, retryCount=1, priority=1, status=SUCCESSFUL, repositoryInfo=RepositoryInfo[repositoryName=test, repositoryType=null, triggeredByPushTo=user, assignmentRepositoryUri=test, testRepositoryUri=test, solutionRepositoryUri=test, auxiliaryRepositoryUris=null, auxiliaryRepositoryCheckoutDirectories=null], jobTimingInfo=JobTimingInfo[submissionDate=2025-02-14T23:46:03.449976428Z[Etc/UTC], buildStartDate=2025-02-14T23:47:03.449978261Z[Etc/UTC], buildCompletionDate=2025-02-14T23:48:03.449978832Z[Etc/UTC], estimatedCompletionDate=null, estimatedDuration=20], buildConfig=BuildConfig[buildScript=echo 'test', dockerImage=test, commitHashToBuild=test, assignmentCommitHash=test, testCommitHash=test, branch=test, programmingLanguage=null, projectType=null, scaEnabled=false, sequentialTestRunsEnabled=false, resultPaths=null, timeoutSeconds=0, assignmentCheckoutPath=null, testCheckoutPath=null, solutionCheckoutPath=null, dockerRunConfig=null], submissionResult=null]], status=IDLE, recentBuildJobs=[BuildJobQueueItem[id=2, name=job2, buildAgent=BuildAgentDTO[name=artemis-build-agent-test, memberAddress=[127.0.0.1]:5703, displayName=], participationId=2, courseId=925, exerciseId=1, retryCount=1, priority=2, status=SUCCESSFUL, repositoryInfo=RepositoryInfo[repositoryName=test, repositoryType=null, triggeredByPushTo=user, assignmentRepositoryUri=test, testRepositoryUri=test, solutionRepositoryUri=test, auxiliaryRepositoryUris=null, auxiliaryRepositoryCheckoutDirectories=null], jobTimingInfo=JobTimingInfo[submissionDate=2025-02-14T23:45:03.449980045Z[Etc/UTC], buildStartDate=2025-02-14T23:46:03.449980175Z[Etc/UTC], buildCompletionDate=2025-02-14T23:47:03.449980395Z[Etc/UTC], estimatedCompletionDate=null, estimatedDuration=20], buildConfig=BuildConfig[buildScript=echo 'test', dockerImage=test, commitHashToBuild=test, assignmentCommitHash=test, testCommitHash=test, branch=test, programmingLanguage=null, projectType=null, scaEnabled=false, sequentialTestRunsEnabled=false, resultPaths=null, timeoutSeconds=0, assignmentCheckoutPath=null, testCheckoutPath=null, solutionCheckoutPath=null, dockerRunConfig=null], submissionResult=null]], publicSshKey=null]
    23:45:03.462 | 566 localvc.event-13 | DEBUG | s.l.LocalCIWebsocketMessagingService : Sending message on topic /topic/admin/build-agents: [BuildAgentInformation[buildAgent=BuildAgentDTO[name=artemis-build-agent-test, memberAddress=[127.0.0.1]:5703, displayName=], maxNumberOfConcurrentBuildJobs=2, numberOfCurrentBuildJobs=1, runningBuildJobs=[BuildJobQueueItem[id=1, name=job1, buildAgent=BuildAgentDTO[name=artemis-build-agent-test, memberAddress=[127.0.0.1]:5703, displayName=], participationId=1, courseId=925, exerciseId=1, retryCount=1, priority=1, status=SUCCESSFUL, repositoryInfo=RepositoryInfo[repositoryName=test, repositoryType=null, triggeredByPushTo=user, assignmentRepositoryUri=, testRepositoryUri=, solutionRepositoryUri=, auxiliaryRepositoryUris=null, auxiliaryRepositoryCheckoutDirectories=null], jobTimingInfo=JobTimingInfo[submissionDate=2025-02-14T23:46:03.449976428Z[Etc/UTC], buildStartDate=2025-02-14T23:47:03.449978261Z[Etc/UTC], buildCompletionDate=2025-02-14T23:48:03.449978832Z[Etc/UTC], estimatedCompletionDate=null, estimatedDuration=20], buildConfig=BuildConfig[buildScript=, dockerImage=, commitHashToBuild=test, assignmentCommitHash=, testCommitHash=, branch=, programmingLanguage=null, projectType=null, scaEnabled=false, sequentialTestRunsEnabled=false, resultPaths=null, timeoutSeconds=0, assignmentCheckoutPath=, testCheckoutPath=, solutionCheckoutPath=, dockerRunConfig=null], submissionResult=null]], status=IDLE, recentBuildJobs=null, publicSshKey=null]]
    23:45:03.462 | 566 localvc.event-13 | DEBUG | s.l.LocalCIWebsocketMessagingService : Sending message on topic /topic/admin/build-agent/artemis-build-agent-test: BuildAgentInformation[buildAgent=BuildAgentDTO[name=artemis-build-agent-test, memberAddress=[127.0.0.1]:5703, displayName=], maxNumberOfConcurrentBuildJobs=2, numberOfCurrentBuildJobs=1, runningBuildJobs=[BuildJobQueueItem[id=1, name=job1, buildAgent=BuildAgentDTO[name=artemis-build-agent-test, memberAddress=[127.0.0.1]:5703, displayName=], participationId=1, courseId=925, exerciseId=1, retryCount=1, priority=1, status=SUCCESSFUL, repositoryInfo=RepositoryInfo[repositoryName=test, repositoryType=null, triggeredByPushTo=user, assignmentRepositoryUri=test, testRepositoryUri=test, solutionRepositoryUri=test, auxiliaryRepositoryUris=null, auxiliaryRepositoryCheckoutDirectories=null], jobTimingInfo=JobTimingInfo[submissionDate=2025-02-14T23:46:03.449976428Z[Etc/UTC], buildStartDate=2025-02-14T23:47:03.449978261Z[Etc/UTC], buildCompletionDate=2025-02-14T23:48:03.449978832Z[Etc/UTC], estimatedCompletionDate=null, estimatedDuration=20], buildConfig=BuildConfig[buildScript=echo 'test', dockerImage=test, commitHashToBuild=test, assignmentCommitHash=test, testCommitHash=test, branch=test, programmingLanguage=null, projectType=null, scaEnabled=false, sequentialTestRunsEnabled=false, resultPaths=null, timeoutSeconds=0, assignmentCheckoutPath=null, testCheckoutPath=null, solutionCheckoutPath=null, dockerRunConfig=null], submissionResult=null]], status=IDLE, recentBuildJobs=[BuildJobQueueItem[id=2, name=job2, buildAgent=BuildAgentDTO[name=artemis-build-agent-test, memberAddress=[127.0.0.1]:5703, displayName=], participationId=2, courseId=925, exerciseId=1, retryCount=1, priority=2, status=SUCCESSFUL, repositoryInfo=RepositoryInfo[repositoryName=test, repositoryType=null, triggeredByPushTo=user, assignmentRepositoryUri=test, testRepositoryUri=test, solutionRepositoryUri=test, auxiliaryRepositoryUris=null, auxiliaryRepositoryCheckoutDirectories=null], jobTimingInfo=JobTimingInfo[submissionDate=2025-02-14T23:45:03.449980045Z[Etc/UTC], buildStartDate=2025-02-14T23:46:03.449980175Z[Etc/UTC], buildCompletionDate=2025-02-14T23:47:03.449980395Z[Etc/UTC], estimatedCompletionDate=null, estimatedDuration=20], buildConfig=BuildConfig[buildScript=echo 'test', dockerImage=test, commitHashToBuild=test, assignmentCommitHash=test, testCommitHash=test, branch=test, programmingLanguage=null, projectType=null, scaEnabled=false, sequentialTestRunsEnabled=false, resultPaths=null, timeoutSeconds=0, assignmentCheckoutPath=null, testCheckoutPath=null, solutionCheckoutPath=null, dockerRunConfig=null], submissionResult=null]], publicSshKey=null]
    23:45:03.462 | 588 artemis-task-1   | DEBUG | d.t.c.a.a.c.c.w.GzipMessageConverter : Compressed message payload from 750 to 524 (saved 30.1% payload size)
    23:45:03.462 | 566 localvc.event-13 | DEBUG | a.p.s.l.SharedQueueManagementService : Build agent added: null
    23:45:03.462 | 588 artemis-task-1   | DEBUG | d.t.c.a.a.c.c.w.GzipMessageConverter : Compressed message payload from 750 to 524 (saved 30.1% payload size)
    23:45:03.462 | 588 artemis-task-1   | DEBUG | d.t.c.a.a.c.c.w.GzipMessageConverter : Compressed message payload from 1040 to 616 (saved 40.8% payload size)
    23:45:03.463 | 588 artemis-task-1   | DEBUG | d.t.c.a.a.c.c.w.GzipMessageConverter : Compressed message payload from 2432 to 796 (saved 67.3% payload size)
    23:45:03.461 | 473 ool-1-worker-237 | INFO  | i.z.t.d.l.EmbeddedDatabaseReporter   : JDBC URL to connect to 'dataSource': url='jdbc:h2:tcp://localhost:41063/mem:f240edcd-27ce-47a3-b4ab-a6a00c154135;USER=sa', scope='LocalCIResourceIntegrationTest#testGetRunningBuildJobsForCourse_returnsJobs'
    23:45:03.467 | 473 ool-1-worker-237 | DEBUG | d.t.c.a.a.c.s.f.ApiVersionFilter     : Adding Version to Request GET /api/courses/925/running-jobs
    23:45:03.467 | 565 localvc.event-12 | DEBUG | a.p.s.l.LocalCIQueueWebsocketService : CIBuildJobQueueItem added to processing jobs: BuildJobQueueItem[id=2, name=job2, buildAgent=BuildAgentDTO[name=artemis-build-agent-test, memberAddress=[127.0.0.1]:5703, displayName=], participationId=2, courseId=925, exerciseId=1, retryCount=1, priority=2, status=SUCCESSFUL, repositoryInfo=RepositoryInfo[repositoryName=test, repositoryType=null, triggeredByPushTo=user, assignmentRepositoryUri=test, testRepositoryUri=test, solutionRepositoryUri=test, auxiliaryRepositoryUris=null, auxiliaryRepositoryCheckoutDirectories=null], jobTimingInfo=JobTimingInfo[submissionDate=2025-02-14T23:45:03.449980045Z[Etc/UTC], buildStartDate=2025-02-14T23:46:03.449980175Z[Etc/UTC], buildCompletionDate=2025-02-14T23:47:03.449980395Z[Etc/UTC], estimatedCompletionDate=null, estimatedDuration=20], buildConfig=BuildConfig[buildScript=echo 'test', dockerImage=test, commitHashToBuild=test, assignmentCommitHash=test, testCommitHash=test, branch=test, programmingLanguage=null, projectType=null, scaEnabled=false, sequentialTestRunsEnabled=false, resultPaths=null, timeoutSeconds=0, assignmentCheckoutPath=null, testCheckoutPath=null, solutionCheckoutPath=null, dockerRunConfig=null], submissionResult=null]
    23:45:03.468 | 565 localvc.event-12 | DEBUG | s.l.LocalCIWebsocketMessagingService : Sending message on topic /topic/admin/running-jobs: [BuildJobQueueItem[id=1, name=job1, buildAgent=BuildAgentDTO[name=artemis-build-agent-test, memberAddress=[127.0.0.1]:5703, displayName=], participationId=1, courseId=925, exerciseId=1, retryCount=1, priority=1, status=SUCCESSFUL, repositoryInfo=RepositoryInfo[repositoryName=test, repositoryType=null, triggeredByPushTo=user, assignmentRepositoryUri=, testRepositoryUri=, solutionRepositoryUri=, auxiliaryRepositoryUris=null, auxiliaryRepositoryCheckoutDirectories=null], jobTimingInfo=JobTimingInfo[submissionDate=2025-02-14T23:46:03.449976428Z[Etc/UTC], buildStartDate=2025-02-14T23:47:03.449978261Z[Etc/UTC], buildCompletionDate=2025-02-14T23:48:03.449978832Z[Etc/UTC], estimatedCompletionDate=null, estimatedDuration=20], buildConfig=BuildConfig[buildScript=, dockerImage=, commitHashToBuild=test, assignmentCommitHash=, testCommitHash=, branch=, programmingLanguage=null, projectType=null, scaEnabled=false, sequentialTestRunsEnabled=false, resultPaths=null, timeoutSeconds=0, assignmentCheckoutPath=, testCheckoutPath=, solutionCheckoutPath=, dockerRunConfig=null], submissionResult=null], BuildJobQueueItem[id=2, name=job2, buildAgent=BuildAgentDTO[name=artemis-build-agent-test, memberAddress=[127.0.0.1]:5703, displayName=], participationId=2, courseId=925, exerciseId=1, retryCount=1, priority=2, status=SUCCESSFUL, repositoryInfo=RepositoryInfo[repositoryName=test, repositoryType=null, triggeredByPushTo=user, assignmentRepositoryUri=, testRepositoryUri=, solutionRepositoryUri=, auxiliaryRepositoryUris=null, auxiliaryRepositoryCheckoutDirectories=null], jobTimingInfo=JobTimingInfo[submissionDate=2025-02-14T23:45:03.449980045Z[Etc/UTC], buildStartDate=2025-02-14T23:46:03.449980175Z[Etc/UTC], buildCompletionDate=2025-02-14T23:47:03.449980395Z[Etc/UTC], estimatedCompletionDate=null, estimatedDuration=20], buildConfig=BuildConfig[buildScript=, dockerImage=, commitHashToBuild=test, assignmentCommitHash=, testCommitHash=, branch=, programmingLanguage=null, projectType=null, scaEnabled=false, sequentialTestRunsEnabled=false, resultPaths=null, timeoutSeconds=0, assignmentCheckoutPath=, testCheckoutPath=, solutionCheckoutPath=, dockerRunConfig=null], submissionResult=null]]
    23:45:03.468 | 565 localvc.event-12 | DEBUG | s.l.LocalCIWebsocketMessagingService : Sending message on topic /topic/courses/925/running-jobs: [BuildJobQueueItem[id=1, name=job1, buildAgent=BuildAgentDTO[name=artemis-build-agent-test, memberAddress=[127.0.0.1]:5703, displayName=], participationId=1, courseId=925, exerciseId=1, retryCount=1, priority=1, status=SUCCESSFUL, repositoryInfo=RepositoryInfo[repositoryName=test, repositoryType=null, triggeredByPushTo=user, assignmentRepositoryUri=, testRepositoryUri=, solutionRepositoryUri=, auxiliaryRepositoryUris=null, auxiliaryRepositoryCheckoutDirectories=null], jobTimingInfo=JobTimingInfo[submissionDate=2025-02-14T23:46:03.449976428Z[Etc/UTC], buildStartDate=2025-02-14T23:47:03.449978261Z[Etc/UTC], buildCompletionDate=2025-02-14T23:48:03.449978832Z[Etc/UTC], estimatedCompletionDate=null, estimatedDuration=20], buildConfig=BuildConfig[buildScript=, dockerImage=, commitHashToBuild=test, assignmentCommitHash=, testCommitHash=, branch=, programmingLanguage=null, projectType=null, scaEnabled=false, sequentialTestRunsEnabled=false, resultPaths=null, timeoutSeconds=0, assignmentCheckoutPath=, testCheckoutPath=, solutionCheckoutPath=, dockerRunConfig=null], submissionResult=null], BuildJobQueueItem[id=2, name=job2, buildAgent=BuildAgentDTO[name=artemis-build-agent-test, memberAddress=[127.0.0.1]:5703, displayName=], participationId=2, courseId=925, exerciseId=1, retryCount=1, priority=2, status=SUCCESSFUL, repositoryInfo=RepositoryInfo[repositoryName=test, repositoryType=null, triggeredByPushTo=user, assignmentRepositoryUri=, testRepositoryUri=, solutionRepositoryUri=, auxiliaryRepositoryUris=null, auxiliaryRepositoryCheckoutDirectories=null], jobTimingInfo=JobTimingInfo[submissionDate=2025-02-14T23:45:03.449980045Z[Etc/UTC], buildStartDate=2025-02-14T23:46:03.449980175Z[Etc/UTC], buildCompletionDate=2025-02-14T23:47:03.449980395Z[Etc/UTC], estimatedCompletionDate=null, estimatedDuration=20], buildConfig=BuildConfig[buildScript=, dockerImage=, commitHashToBuild=test, assignmentCommitHash=, testCommitHash=, branch=, programmingLanguage=null, projectType=null, scaEnabled=false, sequentialTestRunsEnabled=false, resultPaths=null, timeoutSeconds=0, assignmentCheckoutPath=, testCheckoutPath=, solutionCheckoutPath=, dockerRunConfig=null], submissionResult=null]]
    23:45:03.470 | 473 ool-1-worker-237 | DEBUG | .t.c.a.a.p.w.l.BuildJobQueueResource : REST request to get the running build jobs for course 925
    23:45:03.473 | 588 artemis-task-1   | DEBUG | d.t.c.a.a.c.c.w.GzipMessageConverter : Compressed message payload from 1498 to 592 (saved 60.5% payload size)
    23:45:03.473 | 588 artemis-task-1   | DEBUG | d.t.c.a.a.c.c.w.GzipMessageConverter : Compressed message payload from 1498 to 592 (saved 60.5% payload size)
    23:45:03.486 | 615 taskScheduler-4  | DEBUG | a.a.b.s.SharedQueueProcessingService : Currently processing jobs on this node: 0, active threads in Pool: 0, maximum pool size of thread executor : 1

  Starting logs for LocalCIResourceIntegrationTest > testGetQueuedBuildJobsForCourse_returnsJobs()
    23:45:03.543 | 473 ool-1-worker-237 | DEBUG | d.t.c.a.a.c.u.util.UserUtilService   : Generate 2 students...
    23:45:03.552 | 473 ool-1-worker-237 | DEBUG | d.t.c.a.a.c.u.util.UserUtilService   : 2 students generated. Generate 1 tutors...
    23:45:03.559 | 473 ool-1-worker-237 | DEBUG | d.t.c.a.a.c.u.util.UserUtilService   : 1 tutors generated. Generate 0 editors...
    23:45:03.560 | 473 ool-1-worker-237 | DEBUG | d.t.c.a.a.c.u.util.UserUtilService   : 0 editors generated. Generate 2 instructors...
    23:45:03.572 | 473 ool-1-worker-237 | DEBUG | d.t.c.a.a.c.u.util.UserUtilService   : 2 instructors generated
    23:45:03.573 | 473 ool-1-worker-237 | DEBUG | d.t.c.a.a.c.u.util.UserUtilService   : Removing 4 users from all courses...
    23:45:03.576 | 473 ool-1-worker-237 | DEBUG | d.t.c.a.a.c.u.util.UserUtilService   : Removing 4 users from all courses. Done
    23:45:03.576 | 473 ool-1-worker-237 | DEBUG | d.t.c.a.a.c.u.util.UserUtilService   : Save 5 users to database...
    23:45:03.581 | 473 ool-1-worker-237 | DEBUG | d.t.c.a.a.c.u.util.UserUtilService   : Save 5 users to database. Done
    23:45:03.632 | 565 localvc.event-12 | DEBUG | a.p.s.l.LocalCIQueueWebsocketService : CIBuildJobQueueItem added to processing jobs: BuildJobQueueItem[id=1, name=job1, buildAgent=BuildAgentDTO[name=artemis-build-agent-test, memberAddress=[127.0.0.1]:5703, displayName=], participationId=1, courseId=926, exerciseId=1, retryCount=1, priority=1, status=SUCCESSFUL, repositoryInfo=RepositoryInfo[repositoryName=test, repositoryType=null, triggeredByPushTo=user, assignmentRepositoryUri=test, testRepositoryUri=test, solutionRepositoryUri=test, auxiliaryRepositoryUris=null, auxiliaryRepositoryCheckoutDirectories=null], jobTimingInfo=JobTimingInfo[submissionDate=2025-02-14T23:46:03.629861805Z[Etc/UTC], buildStartDate=2025-02-14T23:47:03.629863799Z[Etc/UTC], buildCompletionDate=2025-02-14T23:48:03.629864209Z[Etc/UTC], estimatedCompletionDate=null, estimatedDuration=20], buildConfig=BuildConfig[buildScript=echo 'test', dockerImage=test, commitHashToBuild=test, assignmentCommitHash=test, testCommitHash=test, branch=test, programmingLanguage=null, projectType=null, scaEnabled=false, sequentialTestRunsEnabled=false, resultPaths=null, timeoutSeconds=0, assignmentCheckoutPath=null, testCheckoutPath=null, solutionCheckoutPath=null, dockerRunConfig=null], submissionResult=null]
    23:45:03.633 | 565 localvc.event-12 | DEBUG | s.l.LocalCIWebsocketMessagingService : Sending message on topic /topic/admin/running-jobs: [BuildJobQueueItem[id=1, name=job1, buildAgent=BuildAgentDTO[name=artemis-build-agent-test, memberAddress=[127.0.0.1]:5703, displayName=], participationId=1, courseId=926, exerciseId=1, retryCount=1, priority=1, status=SUCCESSFUL, repositoryInfo=RepositoryInfo[repositoryName=test, repositoryType=null, triggeredByPushTo=user, assignmentRepositoryUri=, testRepositoryUri=, solutionRepositoryUri=, auxiliaryRepositoryUris=null, auxiliaryRepositoryCheckoutDirectories=null], jobTimingInfo=JobTimingInfo[submissionDate=2025-02-14T23:46:03.629861805Z[Etc/UTC], buildStartDate=2025-02-14T23:47:03.629863799Z[Etc/UTC], buildCompletionDate=2025-02-14T23:48:03.629864209Z[Etc/UTC], estimatedCompletionDate=null, estimatedDuration=20], buildConfig=BuildConfig[buildScript=, dockerImage=, commitHashToBuild=test, assignmentCommitHash=, testCommitHash=, branch=, programmingLanguage=null, projectType=null, scaEnabled=false, sequentialTestRunsEnabled=false, resultPaths=null, timeoutSeconds=0, assignmentCheckoutPath=, testCheckoutPath=, solutionCheckoutPath=, dockerRunConfig=null], submissionResult=null]]
    23:45:03.633 | 565 localvc.event-12 | DEBUG | s.l.LocalCIWebsocketMessagingService : Sending message on topic /topic/courses/926/running-jobs: [BuildJobQueueItem[id=1, name=job1, buildAgent=BuildAgentDTO[name=artemis-build-agent-test, memberAddress=[127.0.0.1]:5703, displayName=], participationId=1, courseId=926, exerciseId=1, retryCount=1, priority=1, status=SUCCESSFUL, repositoryInfo=RepositoryInfo[repositoryName=test, repositoryType=null, triggeredByPushTo=user, assignmentRepositoryUri=, testRepositoryUri=, solutionRepositoryUri=, auxiliaryRepositoryUris=null, auxiliaryRepositoryCheckoutDirectories=null], jobTimingInfo=JobTimingInfo[submissionDate=2025-02-14T23:46:03.629861805Z[Etc/UTC], buildStartDate=2025-02-14T23:47:03.629863799Z[Etc/UTC], buildCompletionDate=2025-02-14T23:48:03.629864209Z[Etc/UTC], estimatedCompletionDate=null, estimatedDuration=20], buildConfig=BuildConfig[buildScript=, dockerImage=, commitHashToBuild=test, assignmentCommitHash=, testCommitHash=, branch=, programmingLanguage=null, projectType=null, scaEnabled=false, sequentialTestRunsEnabled=false, resultPaths=null, timeoutSeconds=0, assignmentCheckoutPath=, testCheckoutPath=, solutionCheckoutPath=, dockerRunConfig=null], submissionResult=null]]
    23:45:03.633 | 588 artemis-task-1   | DEBUG | d.t.c.a.a.c.c.w.GzipMessageConverter : Compressed message payload from 750 to 524 (saved 30.1% payload size)
    23:45:03.633 | 588 artemis-task-1   | DEBUG | d.t.c.a.a.c.c.w.GzipMessageConverter : Compressed message payload from 750 to 524 (saved 30.1% payload size)
    23:45:03.635 | 566 localvc.event-13 | DEBUG | a.p.s.l.LocalCIQueueWebsocketService : Build agent added: BuildAgentInformation[buildAgent=BuildAgentDTO[name=artemis-build-agent-test, memberAddress=[127.0.0.1]:5703, displayName=], maxNumberOfConcurrentBuildJobs=2, numberOfCurrentBuildJobs=1, runningBuildJobs=[BuildJobQueueItem[id=1, name=job1, buildAgent=BuildAgentDTO[name=artemis-build-agent-test, memberAddress=[127.0.0.1]:5703, displayName=], participationId=1, courseId=926, exerciseId=1, retryCount=1, priority=1, status=SUCCESSFUL, repositoryInfo=RepositoryInfo[repositoryName=test, repositoryType=null, triggeredByPushTo=user, assignmentRepositoryUri=test, testRepositoryUri=test, solutionRepositoryUri=test, auxiliaryRepositoryUris=null, auxiliaryRepositoryCheckoutDirectories=null], jobTimingInfo=JobTimingInfo[submissionDate=2025-02-14T23:46:03.629861805Z[Etc/UTC], buildStartDate=2025-02-14T23:47:03.629863799Z[Etc/UTC], buildCompletionDate=2025-02-14T23:48:03.629864209Z[Etc/UTC], estimatedCompletionDate=null, estimatedDuration=20], buildConfig=BuildConfig[buildScript=echo 'test', dockerImage=test, commitHashToBuild=test, assignmentCommitHash=test, testCommitHash=test, branch=test, programmingLanguage=null, projectType=null, scaEnabled=false, sequentialTestRunsEnabled=false, resultPaths=null, timeoutSeconds=0, assignmentCheckoutPath=null, testCheckoutPath=null, solutionCheckoutPath=null, dockerRunConfig=null], submissionResult=null]], status=IDLE, recentBuildJobs=[BuildJobQueueItem[id=2, name=job2, buildAgent=BuildAgentDTO[name=artemis-build-agent-test, memberAddress=[127.0.0.1]:5703, displayName=], participationId=2, courseId=926, exerciseId=1, retryCount=1, priority=2, status=SUCCESSFUL, repositoryInfo=RepositoryInfo[repositoryName=test, repositoryType=null, triggeredByPushTo=user, assignmentRepositoryUri=test, testRepositoryUri=test, solutionRepositoryUri=test, auxiliaryRepositoryUris=null, auxiliaryRepositoryCheckoutDirectories=null], jobTimingInfo=JobTimingInfo[submissionDate=2025-02-14T23:45:03.629865331Z[Etc/UTC], buildStartDate=2025-02-14T23:46:03.629865451Z[Etc/UTC], buildCompletionDate=2025-02-14T23:47:03.629865672Z[Etc/UTC], estimatedCompletionDate=null, estimatedDuration=20], buildConfig=BuildConfig[buildScript=echo 'test', dockerImage=test, commitHashToBuild=test, assignmentCommitHash=test, testCommitHash=test, branch=test, programmingLanguage=null, projectType=null, scaEnabled=false, sequentialTestRunsEnabled=false, resultPaths=null, timeoutSeconds=0, assignmentCheckoutPath=null, testCheckoutPath=null, solutionCheckoutPath=null, dockerRunConfig=null], submissionResult=null]], publicSshKey=null]
    23:45:03.636 | 566 localvc.event-13 | DEBUG | s.l.LocalCIWebsocketMessagingService : Sending message on topic /topic/admin/build-agents: [BuildAgentInformation[buildAgent=BuildAgentDTO[name=artemis-build-agent-test, memberAddress=[127.0.0.1]:5703, displayName=], maxNumberOfConcurrentBuildJobs=2, numberOfCurrentBuildJobs=1, runningBuildJobs=[BuildJobQueueItem[id=1, name=job1, buildAgent=BuildAgentDTO[name=artemis-build-agent-test, memberAddress=[127.0.0.1]:5703, displayName=], participationId=1, courseId=926, exerciseId=1, retryCount=1, priority=1, status=SUCCESSFUL, repositoryInfo=RepositoryInfo[repositoryName=test, repositoryType=null, triggeredByPushTo=user, assignmentRepositoryUri=, testRepositoryUri=, solutionRepositoryUri=, auxiliaryRepositoryUris=null, auxiliaryRepositoryCheckoutDirectories=null], jobTimingInfo=JobTimingInfo[submissionDate=2025-02-14T23:46:03.629861805Z[Etc/UTC], buildStartDate=2025-02-14T23:47:03.629863799Z[Etc/UTC], buildCompletionDate=2025-02-14T23:48:03.629864209Z[Etc/UTC], estimatedCompletionDate=null, estimatedDuration=20], buildConfig=BuildConfig[buildScript=, dockerImage=, commitHashToBuild=test, assignmentCommitHash=, testCommitHash=, branch=, programmingLanguage=null, projectType=null, scaEnabled=false, sequentialTestRunsEnabled=false, resultPaths=null, timeoutSeconds=0, assignmentCheckoutPath=, testCheckoutPath=, solutionCheckoutPath=, dockerRunConfig=null], submissionResult=null]], status=IDLE, recentBuildJobs=null, publicSshKey=null]]
    23:45:03.636 | 588 artemis-task-1   | DEBUG | d.t.c.a.a.c.c.w.GzipMessageConverter : Compressed message payload from 1040 to 616 (saved 40.8% payload size)
    23:45:03.636 | 565 localvc.event-12 | DEBUG | a.p.s.l.LocalCIQueueWebsocketService : CIBuildJobQueueItem added to processing jobs: BuildJobQueueItem[id=2, name=job2, buildAgent=BuildAgentDTO[name=artemis-build-agent-test, memberAddress=[127.0.0.1]:5703, displayName=], participationId=2, courseId=926, exerciseId=1, retryCount=1, priority=2, status=SUCCESSFUL, repositoryInfo=RepositoryInfo[repositoryName=test, repositoryType=null, triggeredByPushTo=user, assignmentRepositoryUri=test, testRepositoryUri=test, solutionRepositoryUri=test, auxiliaryRepositoryUris=null, auxiliaryRepositoryCheckoutDirectories=null], jobTimingInfo=JobTimingInfo[submissionDate=2025-02-14T23:45:03.629865331Z[Etc/UTC], buildStartDate=2025-02-14T23:46:03.629865451Z[Etc/UTC], buildCompletionDate=2025-02-14T23:47:03.629865672Z[Etc/UTC], estimatedCompletionDate=null, estimatedDuration=20], buildConfig=BuildConfig[buildScript=echo 'test', dockerImage=test, commitHashToBuild=test, assignmentCommitHash=test, testCommitHash=test, branch=test, programmingLanguage=null, projectType=null, scaEnabled=false, sequentialTestRunsEnabled=false, resultPaths=null, timeoutSeconds=0, assignmentCheckoutPath=null, testCheckoutPath=null, solutionCheckoutPath=null, dockerRunConfig=null], submissionResult=null]
    23:45:03.637 | 565 localvc.event-12 | DEBUG | s.l.LocalCIWebsocketMessagingService : Sending message on topic /topic/admin/running-jobs: [BuildJobQueueItem[id=1, name=job1, buildAgent=BuildAgentDTO[name=artemis-build-agent-test, memberAddress=[127.0.0.1]:5703, displayName=], participationId=1, courseId=926, exerciseId=1, retryCount=1, priority=1, status=SUCCESSFUL, repositoryInfo=RepositoryInfo[repositoryName=test, repositoryType=null, triggeredByPushTo=user, assignmentRepositoryUri=, testRepositoryUri=, solutionRepositoryUri=, auxiliaryRepositoryUris=null, auxiliaryRepositoryCheckoutDirectories=null], jobTimingInfo=JobTimingInfo[submissionDate=2025-02-14T23:46:03.629861805Z[Etc/UTC], buildStartDate=2025-02-14T23:47:03.629863799Z[Etc/UTC], buildCompletionDate=2025-02-14T23:48:03.629864209Z[Etc/UTC], estimatedCompletionDate=null, estimatedDuration=20], buildConfig=BuildConfig[buildScript=, dockerImage=, commitHashToBuild=test, assignmentCommitHash=, testCommitHash=, branch=, programmingLanguage=null, projectType=null, scaEnabled=false, sequentialTestRunsEnabled=false, resultPaths=null, timeoutSeconds=0, assignmentCheckoutPath=, testCheckoutPath=, solutionCheckoutPath=, dockerRunConfig=null], submissionResult=null], BuildJobQueueItem[id=2, name=job2, buildAgent=BuildAgentDTO[name=artemis-build-agent-test, memberAddress=[127.0.0.1]:5703, displayName=], participationId=2, courseId=926, exerciseId=1, retryCount=1, priority=2, status=SUCCESSFUL, repositoryInfo=RepositoryInfo[repositoryName=test, repositoryType=null, triggeredByPushTo=user, assignmentRepositoryUri=, testRepositoryUri=, solutionRepositoryUri=, auxiliaryRepositoryUris=null, auxiliaryRepositoryCheckoutDirectories=null], jobTimingInfo=JobTimingInfo[submissionDate=2025-02-14T23:45:03.629865331Z[Etc/UTC], buildStartDate=2025-02-14T23:46:03.629865451Z[Etc/UTC], buildCompletionDate=2025-02-14T23:47:03.629865672Z[Etc/UTC], estimatedCompletionDate=null, estimatedDuration=20], buildConfig=BuildConfig[buildScript=, dockerImage=, commitHashToBuild=test, assignmentCommitHash=, testCommitHash=, branch=, programmingLanguage=null, projectType=null, scaEnabled=false, sequentialTestRunsEnabled=false, resultPaths=null, timeoutSeconds=0, assignmentCheckoutPath=, testCheckoutPath=, solutionCheckoutPath=, dockerRunConfig=null], submissionResult=null]]
    23:45:03.637 | 588 artemis-task-1   | DEBUG | d.t.c.a.a.c.c.w.GzipMessageConverter : Compressed message payload from 1498 to 592 (saved 60.5% payload size)
    23:45:03.637 | 565 localvc.event-12 | DEBUG | s.l.LocalCIWebsocketMessagingService : Sending message on topic /topic/courses/926/running-jobs: [BuildJobQueueItem[id=1, name=job1, buildAgent=BuildAgentDTO[name=artemis-build-agent-test, memberAddress=[127.0.0.1]:5703, displayName=], participationId=1, courseId=926, exerciseId=1, retryCount=1, priority=1, status=SUCCESSFUL, repositoryInfo=RepositoryInfo[repositoryName=test, repositoryType=null, triggeredByPushTo=user, assignmentRepositoryUri=, testRepositoryUri=, solutionRepositoryUri=, auxiliaryRepositoryUris=null, auxiliaryRepositoryCheckoutDirectories=null], jobTimingInfo=JobTimingInfo[submissionDate=2025-02-14T23:46:03.629861805Z[Etc/UTC], buildStartDate=2025-02-14T23:47:03.629863799Z[Etc/UTC], buildCompletionDate=2025-02-14T23:48:03.629864209Z[Etc/UTC], estimatedCompletionDate=null, estimatedDuration=20], buildConfig=BuildConfig[buildScript=, dockerImage=, commitHashToBuild=test, assignmentCommitHash=, testCommitHash=, branch=, programmingLanguage=null, projectType=null, scaEnabled=false, sequentialTestRunsEnabled=false, resultPaths=null, timeoutSeconds=0, assignmentCheckoutPath=, testCheckoutPath=, solutionCheckoutPath=, dockerRunConfig=null], submissionResult=null], BuildJobQueueItem[id=2, name=job2, buildAgent=BuildAgentDTO[name=artemis-build-agent-test, memberAddress=[127.0.0.1]:5703, displayName=], participationId=2, courseId=926, exerciseId=1, retryCount=1, priority=2, status=SUCCESSFUL, repositoryInfo=RepositoryInfo[repositoryName=test, repositoryType=null, triggeredByPushTo=user, assignmentRepositoryUri=, testRepositoryUri=, solutionRepositoryUri=, auxiliaryRepositoryUris=null, auxiliaryRepositoryCheckoutDirectories=null], jobTimingInfo=JobTimingInfo[submissionDate=2025-02-14T23:45:03.629865331Z[Etc/UTC], buildStartDate=2025-02-14T23:46:03.629865451Z[Etc/UTC], buildCompletionDate=2025-02-14T23:47:03.629865672Z[Etc/UTC], estimatedCompletionDate=null, estimatedDuration=20], buildConfig=BuildConfig[buildScript=, dockerImage=, commitHashToBuild=test, assignmentCommitHash=, testCommitHash=, branch=, programmingLanguage=null, projectType=null, scaEnabled=false, sequentialTestRunsEnabled=false, resultPaths=null, timeoutSeconds=0, assignmentCheckoutPath=, testCheckoutPath=, solutionCheckoutPath=, dockerRunConfig=null], submissionResult=null]]
    23:45:03.638 | 588 artemis-task-1   | DEBUG | d.t.c.a.a.c.c.w.GzipMessageConverter : Compressed message payload from 1498 to 592 (saved 60.5% payload size)
    23:45:03.638 | 566 localvc.event-13 | DEBUG | s.l.LocalCIWebsocketMessagingService : Sending message on topic /topic/admin/build-agent/artemis-build-agent-test: BuildAgentInformation[buildAgent=BuildAgentDTO[name=artemis-build-agent-test, memberAddress=[127.0.0.1]:5703, displayName=], maxNumberOfConcurrentBuildJobs=2, numberOfCurrentBuildJobs=1, runningBuildJobs=[BuildJobQueueItem[id=1, name=job1, buildAgent=BuildAgentDTO[name=artemis-build-agent-test, memberAddress=[127.0.0.1]:5703, displayName=], participationId=1, courseId=926, exerciseId=1, retryCount=1, priority=1, status=SUCCESSFUL, repositoryInfo=RepositoryInfo[repositoryName=test, repositoryType=null, triggeredByPushTo=user, assignmentRepositoryUri=test, testRepositoryUri=test, solutionRepositoryUri=test, auxiliaryRepositoryUris=null, auxiliaryRepositoryCheckoutDirectories=null], jobTimingInfo=JobTimingInfo[submissionDate=2025-02-14T23:46:03.629861805Z[Etc/UTC], buildStartDate=2025-02-14T23:47:03.629863799Z[Etc/UTC], buildCompletionDate=2025-02-14T23:48:03.629864209Z[Etc/UTC], estimatedCompletionDate=null, estimatedDuration=20], buildConfig=BuildConfig[buildScript=echo 'test', dockerImage=test, commitHashToBuild=test, assignmentCommitHash=test, testCommitHash=test, branch=test, programmingLanguage=null, projectType=null, scaEnabled=false, sequentialTestRunsEnabled=false, resultPaths=null, timeoutSeconds=0, assignmentCheckoutPath=null, testCheckoutPath=null, solutionCheckoutPath=null, dockerRunConfig=null], submissionResult=null]], status=IDLE, recentBuildJobs=[BuildJobQueueItem[id=2, name=job2, buildAgent=BuildAgentDTO[name=artemis-build-agent-test, memberAddress=[127.0.0.1]:5703, displayName=], participationId=2, courseId=926, exerciseId=1, retryCount=1, priority=2, status=SUCCESSFUL, repositoryInfo=RepositoryInfo[repositoryName=test, repositoryType=null, triggeredByPushTo=user, assignmentRepositoryUri=test, testRepositoryUri=test, solutionRepositoryUri=test, auxiliaryRepositoryUris=null, auxiliaryRepositoryCheckoutDirectories=null], jobTimingInfo=JobTimingInfo[submissionDate=2025-02-14T23:45:03.629865331Z[Etc/UTC], buildStartDate=2025-02-14T23:46:03.629865451Z[Etc/UTC], buildCompletionDate=2025-02-14T23:47:03.629865672Z[Etc/UTC], estimatedCompletionDate=null, estimatedDuration=20], buildConfig=BuildConfig[buildScript=echo 'test', dockerImage=test, commitHashToBuild=test, assignmentCommitHash=test, testCommitHash=test, branch=test, programmingLanguage=null, projectType=null, scaEnabled=false, sequentialTestRunsEnabled=false, resultPaths=null, timeoutSeconds=0, assignmentCheckoutPath=null, testCheckoutPath=null, solutionCheckoutPath=null, dockerRunConfig=null], submissionResult=null]], publicSshKey=null]
    23:45:03.640 | 473 ool-1-worker-237 | INFO  | i.z.t.d.l.EmbeddedDatabaseReporter   : JDBC URL to connect to 'dataSource': url='jdbc:h2:tcp://localhost:41063/mem:f240edcd-27ce-47a3-b4ab-a6a00c154135;USER=sa', scope='LocalCIResourceIntegrationTest#testGetQueuedBuildJobsForCourse_returnsJobs'
    23:45:03.641 | 473 ool-1-worker-237 | DEBUG | d.t.c.a.a.c.s.f.ApiVersionFilter     : Adding Version to Request GET /api/courses/926/queued-jobs
    23:45:03.642 | 473 ool-1-worker-237 | DEBUG | .t.c.a.a.p.w.l.BuildJobQueueResource : REST request to get the queued build jobs for course 926
    23:45:03.643 | 588 artemis-task-1   | DEBUG | d.t.c.a.a.c.c.w.GzipMessageConverter : Compressed message payload from 2432 to 792 (saved 67.4% payload size)
    23:45:03.647 | 566 localvc.event-13 | DEBUG | a.p.s.l.SharedQueueManagementService : Build agent added: null
    23:45:03.657 | 566 localvc.event-13 | DEBUG | s.l.LocalCIWebsocketMessagingService : Sending message on topic /topic/admin/queued-jobs: [BuildJobQueueItem[id=1, name=job1, buildAgent=BuildAgentDTO[name=artemis-build-agent-test, memberAddress=[127.0.0.1]:5703, displayName=], participationId=1, courseId=926, exerciseId=1, retryCount=1, priority=1, status=SUCCESSFUL, repositoryInfo=RepositoryInfo[repositoryName=test, repositoryType=null, triggeredByPushTo=user, assignmentRepositoryUri=, testRepositoryUri=, solutionRepositoryUri=, auxiliaryRepositoryUris=null, auxiliaryRepositoryCheckoutDirectories=null], jobTimingInfo=JobTimingInfo[submissionDate=2025-02-14T23:46:03.629861805Z[Etc/UTC], buildStartDate=2025-02-14T23:47:03.629863799Z[Etc/UTC], buildCompletionDate=2025-02-14T23:48:03.629864209Z[Etc/UTC], estimatedCompletionDate=null, estimatedDuration=20], buildConfig=BuildConfig[buildScript=, dockerImage=, commitHashToBuild=test, assignmentCommitHash=, testCommitHash=, branch=, programmingLanguage=null, projectType=null, scaEnabled=false, sequentialTestRunsEnabled=false, resultPaths=null, timeoutSeconds=0, assignmentCheckoutPath=, testCheckoutPath=, solutionCheckoutPath=, dockerRunConfig=null], submissionResult=null], BuildJobQueueItem[id=2, name=job2, buildAgent=BuildAgentDTO[name=artemis-build-agent-test, memberAddress=[127.0.0.1]:5703, displayName=], participationId=2, courseId=926, exerciseId=1, retryCount=1, priority=2, status=SUCCESSFUL, repositoryInfo=RepositoryInfo[repositoryName=test, repositoryType=null, triggeredByPushTo=user, assignmentRepositoryUri=, testRepositoryUri=, solutionRepositoryUri=, auxiliaryRepositoryUris=null, auxiliaryRepositoryCheckoutDirectories=null], jobTimingInfo=JobTimingInfo[submissionDate=2025-02-14T23:45:03.629865331Z[Etc/UTC], buildStartDate=2025-02-14T23:46:03.629865451Z[Etc/UTC], buildCompletionDate=2025-02-14T23:47:03.629865672Z[Etc/UTC], estimatedCompletionDate=null, estimatedDuration=20], buildConfig=BuildConfig[buildScript=, dockerImage=, commitHashToBuild=test, assignmentCommitHash=, testCommitHash=, branch=, programmingLanguage=null, projectType=null, scaEnabled=false, sequentialTestRunsEnabled=false, resultPaths=null, timeoutSeconds=0, assignmentCheckoutPath=, testCheckoutPath=, solutionCheckoutPath=, dockerRunConfig=null], submissionResult=null]]
    23:45:03.657 | 566 localvc.event-13 | DEBUG | s.l.LocalCIWebsocketMessagingService : Sending message on topic /topic/courses/926/queued-jobs: [BuildJobQueueItem[id=1, name=job1, buildAgent=BuildAgentDTO[name=artemis-build-agent-test, memberAddress=[127.0.0.1]:5703, displayName=], participationId=1, courseId=926, exerciseId=1, retryCount=1, priority=1, status=SUCCESSFUL, repositoryInfo=RepositoryInfo[repositoryName=test, repositoryType=null, triggeredByPushTo=user, assignmentRepositoryUri=, testRepositoryUri=, solutionRepositoryUri=, auxiliaryRepositoryUris=null, auxiliaryRepositoryCheckoutDirectories=null], jobTimingInfo=JobTimingInfo[submissionDate=2025-02-14T23:46:03.629861805Z[Etc/UTC], buildStartDate=2025-02-14T23:47:03.629863799Z[Etc/UTC], buildCompletionDate=2025-02-14T23:48:03.629864209Z[Etc/UTC], estimatedCompletionDate=null, estimatedDuration=20], buildConfig=BuildConfig[buildScript=, dockerImage=, commitHashToBuild=test, assignmentCommitHash=, testCommitHash=, branch=, programmingLanguage=null, projectType=null, scaEnabled=false, sequentialTestRunsEnabled=false, resultPaths=null, timeoutSeconds=0, assignmentCheckoutPath=, testCheckoutPath=, solutionCheckoutPath=, dockerRunConfig=null], submissionResult=null], BuildJobQueueItem[id=2, name=job2, buildAgent=BuildAgentDTO[name=artemis-build-agent-test, memberAddress=[127.0.0.1]:5703, displayName=], participationId=2, courseId=926, exerciseId=1, retryCount=1, priority=2, status=SUCCESSFUL, repositoryInfo=RepositoryInfo[repositoryName=test, repositoryType=null, triggeredByPushTo=user, assignmentRepositoryUri=, testRepositoryUri=, solutionRepositoryUri=, auxiliaryRepositoryUris=null, auxiliaryRepositoryCheckoutDirectories=null], jobTimingInfo=JobTimingInfo[submissionDate=2025-02-14T23:45:03.629865331Z[Etc/UTC], buildStartDate=2025-02-14T23:46:03.629865451Z[Etc/UTC], buildCompletionDate=2025-02-14T23:47:03.629865672Z[Etc/UTC], estimatedCompletionDate=null, estimatedDuration=20], buildConfig=BuildConfig[buildScript=, dockerImage=, commitHashToBuild=test, assignmentCommitHash=, testCommitHash=, branch=, programmingLanguage=null, projectType=null, scaEnabled=false, sequentialTestRunsEnabled=false, resultPaths=null, timeoutSeconds=0, assignmentCheckoutPath=, testCheckoutPath=, solutionCheckoutPath=, dockerRunConfig=null], submissionResult=null]]
    23:45:03.658 | 588 artemis-task-1   | DEBUG | d.t.c.a.a.c.c.w.GzipMessageConverter : Compressed message payload from 1498 to 592 (saved 60.5% payload size)
    23:45:03.658 | 588 artemis-task-1   | DEBUG | d.t.c.a.a.c.c.w.GzipMessageConverter : Compressed message payload from 1498 to 592 (saved 60.5% payload size)
    23:45:03.658 | 566 localvc.event-13 | DEBUG | s.l.LocalCIWebsocketMessagingService : Sending message on topic /topic/admin/queued-jobs: [BuildJobQueueItem[id=1, name=job1, buildAgent=BuildAgentDTO[name=artemis-build-agent-test, memberAddress=[127.0.0.1]:5703, displayName=], participationId=1, courseId=926, exerciseId=1, retryCount=1, priority=1, status=SUCCESSFUL, repositoryInfo=RepositoryInfo[repositoryName=test, repositoryType=null, triggeredByPushTo=user, assignmentRepositoryUri=, testRepositoryUri=, solutionRepositoryUri=, auxiliaryRepositoryUris=null, auxiliaryRepositoryCheckoutDirectories=null], jobTimingInfo=JobTimingInfo[submissionDate=2025-02-14T23:46:03.629861805Z[Etc/UTC], buildStartDate=2025-02-14T23:47:03.629863799Z[Etc/UTC], buildCompletionDate=2025-02-14T23:48:03.629864209Z[Etc/UTC], estimatedCompletionDate=null, estimatedDuration=20], buildConfig=BuildConfig[buildScript=, dockerImage=, commitHashToBuild=test, assignmentCommitHash=, testCommitHash=, branch=, programmingLanguage=null, projectType=null, scaEnabled=false, sequentialTestRunsEnabled=false, resultPaths=null, timeoutSeconds=0, assignmentCheckoutPath=, testCheckoutPath=, solutionCheckoutPath=, dockerRunConfig=null], submissionResult=null], BuildJobQueueItem[id=2, name=job2, buildAgent=BuildAgentDTO[name=artemis-build-agent-test, memberAddress=[127.0.0.1]:5703, displayName=], participationId=2, courseId=926, exerciseId=1, retryCount=1, priority=2, status=SUCCESSFUL, repositoryInfo=RepositoryInfo[repositoryName=test, repositoryType=null, triggeredByPushTo=user, assignmentRepositoryUri=, testRepositoryUri=, solutionRepositoryUri=, auxiliaryRepositoryUris=null, auxiliaryRepositoryCheckoutDirectories=null], jobTimingInfo=JobTimingInfo[submissionDate=2025-02-14T23:45:03.629865331Z[Etc/UTC], buildStartDate=2025-02-14T23:46:03.629865451Z[Etc/UTC], buildCompletionDate=2025-02-14T23:47:03.629865672Z[Etc/UTC], estimatedCompletionDate=null, estimatedDuration=20], buildConfig=BuildConfig[buildScript=, dockerImage=, commitHashToBuild=test, assignmentCommitHash=, testCommitHash=, branch=, programmingLanguage=null, projectType=null, scaEnabled=false, sequentialTestRunsEnabled=false, resultPaths=null, timeoutSeconds=0, assignmentCheckoutPath=, testCheckoutPath=, solutionCheckoutPath=, dockerRunConfig=null], submissionResult=null]]
    23:45:03.658 | 588 artemis-task-1   | DEBUG | d.t.c.a.a.c.c.w.GzipMessageConverter : Compressed message payload from 1498 to 592 (saved 60.5% payload size)
    23:45:03.663 | 473 ool-1-worker-237 | DEBUG | d.t.c.a.a.c.s.f.ApiVersionFilter     : Adding Version to Request GET /api/courses/926/queued-jobs
    23:45:03.663 | 473 ool-1-worker-237 | DEBUG | .t.c.a.a.p.w.l.BuildJobQueueResource : REST request to get the queued build jobs for course 926
    23:45:03.664 | 566 localvc.event-13 | DEBUG | s.l.LocalCIWebsocketMessagingService : Sending message on topic /topic/courses/926/queued-jobs: [BuildJobQueueItem[id=1, name=job1, buildAgent=BuildAgentDTO[name=artemis-build-agent-test, memberAddress=[127.0.0.1]:5703, displayName=], participationId=1, courseId=926, exerciseId=1, retryCount=1, priority=1, status=SUCCESSFUL, repositoryInfo=RepositoryInfo[repositoryName=test, repositoryType=null, triggeredByPushTo=user, assignmentRepositoryUri=, testRepositoryUri=, solutionRepositoryUri=, auxiliaryRepositoryUris=null, auxiliaryRepositoryCheckoutDirectories=null], jobTimingInfo=JobTimingInfo[submissionDate=2025-02-14T23:46:03.629861805Z[Etc/UTC], buildStartDate=2025-02-14T23:47:03.629863799Z[Etc/UTC], buildCompletionDate=2025-02-14T23:48:03.629864209Z[Etc/UTC], estimatedCompletionDate=null, estimatedDuration=20], buildConfig=BuildConfig[buildScript=, dockerImage=, commitHashToBuild=test, assignmentCommitHash=, testCommitHash=, branch=, programmingLanguage=null, projectType=null, scaEnabled=false, sequentialTestRunsEnabled=false, resultPaths=null, timeoutSeconds=0, assignmentCheckoutPath=, testCheckoutPath=, solutionCheckoutPath=, dockerRunConfig=null], submissionResult=null], BuildJobQueueItem[id=2, name=job2, buildAgent=BuildAgentDTO[name=artemis-build-agent-test, memberAddress=[127.0.0.1]:5703, displayName=], participationId=2, courseId=926, exerciseId=1, retryCount=1, priority=2, status=SUCCESSFUL, repositoryInfo=RepositoryInfo[repositoryName=test, repositoryType=null, triggeredByPushTo=user, assignmentRepositoryUri=, testRepositoryUri=, solutionRepositoryUri=, auxiliaryRepositoryUris=null, auxiliaryRepositoryCheckoutDirectories=null], jobTimingInfo=JobTimingInfo[submissionDate=2025-02-14T23:45:03.629865331Z[Etc/UTC], buildStartDate=2025-02-14T23:46:03.629865451Z[Etc/UTC], buildCompletionDate=2025-02-14T23:47:03.629865672Z[Etc/UTC], estimatedCompletionDate=null, estimatedDuration=20], buildConfig=BuildConfig[buildScript=, dockerImage=, commitHashToBuild=test, assignmentCommitHash=, testCommitHash=, branch=, programmingLanguage=null, projectType=null, scaEnabled=false, sequentialTestRunsEnabled=false, resultPaths=null, timeoutSeconds=0, assignmentCheckoutPath=, testCheckoutPath=, solutionCheckoutPath=, dockerRunConfig=null], submissionResult=null]]
    23:45:03.664 | 588 artemis-task-1   | DEBUG | d.t.c.a.a.c.c.w.GzipMessageConverter : Compressed message payload from 1498 to 592 (saved 60.5% payload size)
    23:45:03.670 | 566 localvc.event-13 | DEBUG | s.l.LocalCIWebsocketMessagingService : Sending message on topic /topic/admin/queued-jobs: []
    23:45:03.670 | 566 localvc.event-13 | DEBUG | s.l.LocalCIWebsocketMessagingService : Sending message on topic /topic/courses/926/queued-jobs: []
    23:45:03.670 | 566 localvc.event-13 | DEBUG | a.a.b.s.SharedQueueProcessingService : CIBuildJobQueueItem removed from queue: BuildJobQueueItem[id=1, name=job1, buildAgent=BuildAgentDTO[name=artemis-build-agent-test, memberAddress=[127.0.0.1]:5703, displayName=], participationId=1, courseId=926, exerciseId=1, retryCount=1, priority=1, status=SUCCESSFUL, repositoryInfo=RepositoryInfo[repositoryName=test, repositoryType=null, triggeredByPushTo=user, assignmentRepositoryUri=test, testRepositoryUri=test, solutionRepositoryUri=test, auxiliaryRepositoryUris=null, auxiliaryRepositoryCheckoutDirectories=null], jobTimingInfo=JobTimingInfo[submissionDate=2025-02-14T23:46:03.629861805Z[Etc/UTC], buildStartDate=2025-02-14T23:47:03.629863799Z[Etc/UTC], buildCompletionDate=2025-02-14T23:48:03.629864209Z[Etc/UTC], estimatedCompletionDate=null, estimatedDuration=20], buildConfig=BuildConfig[buildScript=echo 'test', dockerImage=test, commitHashToBuild=test, assignmentCommitHash=test, testCommitHash=test, branch=test, programmingLanguage=null, projectType=null, scaEnabled=false, sequentialTestRunsEnabled=false, resultPaths=null, timeoutSeconds=0, assignmentCheckoutPath=null, testCheckoutPath=null, solutionCheckoutPath=null, dockerRunConfig=null], submissionResult=null]
    23:45:03.670 | 566 localvc.event-13 | DEBUG | s.l.LocalCIWebsocketMessagingService : Sending message on topic /topic/admin/queued-jobs: []
    23:45:03.670 | 566 localvc.event-13 | DEBUG | s.l.LocalCIWebsocketMessagingService : Sending message on topic /topic/courses/926/queued-jobs: []
    23:45:03.671 | 566 localvc.event-13 | DEBUG | a.a.b.s.SharedQueueProcessingService : CIBuildJobQueueItem removed from queue: BuildJobQueueItem[id=2, name=job2, buildAgent=BuildAgentDTO[name=artemis-build-agent-test, memberAddress=[127.0.0.1]:5703, displayName=], participationId=2, courseId=926, exerciseId=1, retryCount=1, priority=2, status=SUCCESSFUL, repositoryInfo=RepositoryInfo[repositoryName=test, repositoryType=null, triggeredByPushTo=user, assignmentRepositoryUri=test, testRepositoryUri=test, solutionRepositoryUri=test, auxiliaryRepositoryUris=null, auxiliaryRepositoryCheckoutDirectories=null], jobTimingInfo=JobTimingInfo[submissionDate=2025-02-14T23:45:03.629865331Z[Etc/UTC], buildStartDate=2025-02-14T23:46:03.629865451Z[Etc/UTC], buildCompletionDate=2025-02-14T23:47:03.629865672Z[Etc/UTC], estimatedCompletionDate=null, estimatedDuration=20], buildConfig=BuildConfig[buildScript=echo 'test', dockerImage=test, commitHashToBuild=test, assignmentCommitHash=test, testCommitHash=test, branch=test, programmingLanguage=null, projectType=null, scaEnabled=false, sequentialTestRunsEnabled=false, resultPaths=null, timeoutSeconds=0, assignmentCheckoutPath=null, testCheckoutPath=null, solutionCheckoutPath=null, dockerRunConfig=null], submissionResult=null]
    23:45:03.671 | 600 taskScheduler-1  | DEBUG | a.a.b.s.SharedQueueProcessingService : Currently processing jobs on this node: 0, active threads in Pool: 0, maximum pool size of thread executor : 1

  Starting logs for LocalCIResourceIntegrationTest > testGetQueuedBuildJobs_returnsJobs()
    23:45:03.718 | 473 ool-1-worker-237 | DEBUG | d.t.c.a.a.c.u.util.UserUtilService   : Generate 2 students...
    23:45:03.723 | 473 ool-1-worker-237 | DEBUG | d.t.c.a.a.c.u.util.UserUtilService   : 2 students generated. Generate 1 tutors...
    23:45:03.727 | 473 ool-1-worker-237 | DEBUG | d.t.c.a.a.c.u.util.UserUtilService   : 1 tutors generated. Generate 0 editors...
    23:45:03.729 | 473 ool-1-worker-237 | DEBUG | d.t.c.a.a.c.u.util.UserUtilService   : 0 editors generated. Generate 2 instructors...
    23:45:03.733 | 473 ool-1-worker-237 | DEBUG | d.t.c.a.a.c.u.util.UserUtilService   : 2 instructors generated
    23:45:03.734 | 473 ool-1-worker-237 | DEBUG | d.t.c.a.a.c.u.util.UserUtilService   : Removing 4 users from all courses...
    23:45:03.735 | 473 ool-1-worker-237 | DEBUG | d.t.c.a.a.c.u.util.UserUtilService   : Removing 4 users from all courses. Done
    23:45:03.735 | 473 ool-1-worker-237 | DEBUG | d.t.c.a.a.c.u.util.UserUtilService   : Save 5 users to database...
    23:45:03.743 | 473 ool-1-worker-237 | DEBUG | d.t.c.a.a.c.u.util.UserUtilService   : Save 5 users to database. Done
    23:45:03.802 | 565 localvc.event-12 | DEBUG | a.p.s.l.LocalCIQueueWebsocketService : CIBuildJobQueueItem added to processing jobs: BuildJobQueueItem[id=1, name=job1, buildAgent=BuildAgentDTO[name=artemis-build-agent-test, memberAddress=[127.0.0.1]:5703, displayName=], participationId=1, courseId=927, exerciseId=1, retryCount=1, priority=1, status=SUCCESSFUL, repositoryInfo=RepositoryInfo[repositoryName=test, repositoryType=null, triggeredByPushTo=user, assignmentRepositoryUri=test, testRepositoryUri=test, solutionRepositoryUri=test, auxiliaryRepositoryUris=null, auxiliaryRepositoryCheckoutDirectories=null], jobTimingInfo=JobTimingInfo[submissionDate=2025-02-14T23:46:03.797891450Z[Etc/UTC], buildStartDate=2025-02-14T23:47:03.797893384Z[Etc/UTC], buildCompletionDate=2025-02-14T23:48:03.797893714Z[Etc/UTC], estimatedCompletionDate=null, estimatedDuration=20], buildConfig=BuildConfig[buildScript=echo 'test', dockerImage=test, commitHashToBuild=test, assignmentCommitHash=test, testCommitHash=test, branch=test, programmingLanguage=null, projectType=null, scaEnabled=false, sequentialTestRunsEnabled=false, resultPaths=null, timeoutSeconds=0, assignmentCheckoutPath=null, testCheckoutPath=null, solutionCheckoutPath=null, dockerRunConfig=null], submissionResult=null]
    23:45:03.802 | 565 localvc.event-12 | DEBUG | s.l.LocalCIWebsocketMessagingService : Sending message on topic /topic/admin/running-jobs: [BuildJobQueueItem[id=1, name=job1, buildAgent=BuildAgentDTO[name=artemis-build-agent-test, memberAddress=[127.0.0.1]:5703, displayName=], participationId=1, courseId=927, exerciseId=1, retryCount=1, priority=1, status=SUCCESSFUL, repositoryInfo=RepositoryInfo[repositoryName=test, repositoryType=null, triggeredByPushTo=user, assignmentRepositoryUri=, testRepositoryUri=, solutionRepositoryUri=, auxiliaryRepositoryUris=null, auxiliaryRepositoryCheckoutDirectories=null], jobTimingInfo=JobTimingInfo[submissionDate=2025-02-14T23:46:03.797891450Z[Etc/UTC], buildStartDate=2025-02-14T23:47:03.797893384Z[Etc/UTC], buildCompletionDate=2025-02-14T23:48:03.797893714Z[Etc/UTC], estimatedCompletionDate=null, estimatedDuration=20], buildConfig=BuildConfig[buildScript=, dockerImage=, commitHashToBuild=test, assignmentCommitHash=, testCommitHash=, branch=, programmingLanguage=null, projectType=null, scaEnabled=false, sequentialTestRunsEnabled=false, resultPaths=null, timeoutSeconds=0, assignmentCheckoutPath=, testCheckoutPath=, solutionCheckoutPath=, dockerRunConfig=null], submissionResult=null]]
    23:45:03.802 | 565 localvc.event-12 | DEBUG | s.l.LocalCIWebsocketMessagingService : Sending message on topic /topic/courses/927/running-jobs: [BuildJobQueueItem[id=1, name=job1, buildAgent=BuildAgentDTO[name=artemis-build-agent-test, memberAddress=[127.0.0.1]:5703, displayName=], participationId=1, courseId=927, exerciseId=1, retryCount=1, priority=1, status=SUCCESSFUL, repositoryInfo=RepositoryInfo[repositoryName=test, repositoryType=null, triggeredByPushTo=user, assignmentRepositoryUri=, testRepositoryUri=, solutionRepositoryUri=, auxiliaryRepositoryUris=null, auxiliaryRepositoryCheckoutDirectories=null], jobTimingInfo=JobTimingInfo[submissionDate=2025-02-14T23:46:03.797891450Z[Etc/UTC], buildStartDate=2025-02-14T23:47:03.797893384Z[Etc/UTC], buildCompletionDate=2025-02-14T23:48:03.797893714Z[Etc/UTC], estimatedCompletionDate=null, estimatedDuration=20], buildConfig=BuildConfig[buildScript=, dockerImage=, commitHashToBuild=test, assignmentCommitHash=, testCommitHash=, branch=, programmingLanguage=null, projectType=null, scaEnabled=false, sequentialTestRunsEnabled=false, resultPaths=null, timeoutSeconds=0, assignmentCheckoutPath=, testCheckoutPath=, solutionCheckoutPath=, dockerRunConfig=null], submissionResult=null]]
    23:45:03.805 | 588 artemis-task-1   | DEBUG | d.t.c.a.a.c.c.w.GzipMessageConverter : Compressed message payload from 749 to 524 (saved 30.0% payload size)
    23:45:03.805 | 588 artemis-task-1   | DEBUG | d.t.c.a.a.c.c.w.GzipMessageConverter : Compressed message payload from 749 to 524 (saved 30.0% payload size)
    23:45:03.812 | 565 localvc.event-12 | DEBUG | a.p.s.l.LocalCIQueueWebsocketService : CIBuildJobQueueItem added to processing jobs: BuildJobQueueItem[id=2, name=job2, buildAgent=BuildAgentDTO[name=artemis-build-agent-test, memberAddress=[127.0.0.1]:5703, displayName=], participationId=2, courseId=927, exerciseId=1, retryCount=1, priority=2, status=SUCCESSFUL, repositoryInfo=RepositoryInfo[repositoryName=test, repositoryType=null, triggeredByPushTo=user, assignmentRepositoryUri=test, testRepositoryUri=test, solutionRepositoryUri=test, auxiliaryRepositoryUris=null, auxiliaryRepositoryCheckoutDirectories=null], jobTimingInfo=JobTimingInfo[submissionDate=2025-02-14T23:45:03.797895007Z[Etc/UTC], buildStartDate=2025-02-14T23:46:03.797895147Z[Etc/UTC], buildCompletionDate=2025-02-14T23:47:03.797895378Z[Etc/UTC], estimatedCompletionDate=null, estimatedDuration=20], buildConfig=BuildConfig[buildScript=echo 'test', dockerImage=test, commitHashToBuild=test, assignmentCommitHash=test, testCommitHash=test, branch=test, programmingLanguage=null, projectType=null, scaEnabled=false, sequentialTestRunsEnabled=false, resultPaths=null, timeoutSeconds=0, assignmentCheckoutPath=null, testCheckoutPath=null, solutionCheckoutPath=null, dockerRunConfig=null], submissionResult=null]
    23:45:03.812 | 565 localvc.event-12 | DEBUG | s.l.LocalCIWebsocketMessagingService : Sending message on topic /topic/admin/running-jobs: [BuildJobQueueItem[id=1, name=job1, buildAgent=BuildAgentDTO[name=artemis-build-agent-test, memberAddress=[127.0.0.1]:5703, displayName=], participationId=1, courseId=927, exerciseId=1, retryCount=1, priority=1, status=SUCCESSFUL, repositoryInfo=RepositoryInfo[repositoryName=test, repositoryType=null, triggeredByPushTo=user, assignmentRepositoryUri=, testRepositoryUri=, solutionRepositoryUri=, auxiliaryRepositoryUris=null, auxiliaryRepositoryCheckoutDirectories=null], jobTimingInfo=JobTimingInfo[submissionDate=2025-02-14T23:46:03.797891450Z[Etc/UTC], buildStartDate=2025-02-14T23:47:03.797893384Z[Etc/UTC], buildCompletionDate=2025-02-14T23:48:03.797893714Z[Etc/UTC], estimatedCompletionDate=null, estimatedDuration=20], buildConfig=BuildConfig[buildScript=, dockerImage=, commitHashToBuild=test, assignmentCommitHash=, testCommitHash=, branch=, programmingLanguage=null, projectType=null, scaEnabled=false, sequentialTestRunsEnabled=false, resultPaths=null, timeoutSeconds=0, assignmentCheckoutPath=, testCheckoutPath=, solutionCheckoutPath=, dockerRunConfig=null], submissionResult=null], BuildJobQueueItem[id=2, name=job2, buildAgent=BuildAgentDTO[name=artemis-build-agent-test, memberAddress=[127.0.0.1]:5703, displayName=], participationId=2, courseId=927, exerciseId=1, retryCount=1, priority=2, status=SUCCESSFUL, repositoryInfo=RepositoryInfo[repositoryName=test, repositoryType=null, triggeredByPushTo=user, assignmentRepositoryUri=, testRepositoryUri=, solutionRepositoryUri=, auxiliaryRepositoryUris=null, auxiliaryRepositoryCheckoutDirectories=null], jobTimingInfo=JobTimingInfo[submissionDate=2025-02-14T23:45:03.797895007Z[Etc/UTC], buildStartDate=2025-02-14T23:46:03.797895147Z[Etc/UTC], buildCompletionDate=2025-02-14T23:47:03.797895378Z[Etc/UTC], estimatedCompletionDate=null, estimatedDuration=20], buildConfig=BuildConfig[buildScript=, dockerImage=, commitHashToBuild=test, assignmentCommitHash=, testCommitHash=, branch=, programmingLanguage=null, projectType=null, scaEnabled=false, sequentialTestRunsEnabled=false, resultPaths=null, timeoutSeconds=0, assignmentCheckoutPath=, testCheckoutPath=, solutionCheckoutPath=, dockerRunConfig=null], submissionResult=null]]
    23:45:03.812 | 565 localvc.event-12 | DEBUG | s.l.LocalCIWebsocketMessagingService : Sending message on topic /topic/courses/927/running-jobs: [BuildJobQueueItem[id=1, name=job1, buildAgent=BuildAgentDTO[name=artemis-build-agent-test, memberAddress=[127.0.0.1]:5703, displayName=], participationId=1, courseId=927, exerciseId=1, retryCount=1, priority=1, status=SUCCESSFUL, repositoryInfo=RepositoryInfo[repositoryName=test, repositoryType=null, triggeredByPushTo=user, assignmentRepositoryUri=, testRepositoryUri=, solutionRepositoryUri=, auxiliaryRepositoryUris=null, auxiliaryRepositoryCheckoutDirectories=null], jobTimingInfo=JobTimingInfo[submissionDate=2025-02-14T23:46:03.797891450Z[Etc/UTC], buildStartDate=2025-02-14T23:47:03.797893384Z[Etc/UTC], buildCompletionDate=2025-02-14T23:48:03.797893714Z[Etc/UTC], estimatedCompletionDate=null, estimatedDuration=20], buildConfig=BuildConfig[buildScript=, dockerImage=, commitHashToBuild=test, assignmentCommitHash=, testCommitHash=, branch=, programmingLanguage=null, projectType=null, scaEnabled=false, sequentialTestRunsEnabled=false, resultPaths=null, timeoutSeconds=0, assignmentCheckoutPath=, testCheckoutPath=, solutionCheckoutPath=, dockerRunConfig=null], submissionResult=null], BuildJobQueueItem[id=2, name=job2, buildAgent=BuildAgentDTO[name=artemis-build-agent-test, memberAddress=[127.0.0.1]:5703, displayName=], participationId=2, courseId=927, exerciseId=1, retryCount=1, priority=2, status=SUCCESSFUL, repositoryInfo=RepositoryInfo[repositoryName=test, repositoryType=null, triggeredByPushTo=user, assignmentRepositoryUri=, testRepositoryUri=, solutionRepositoryUri=, auxiliaryRepositoryUris=null, auxiliaryRepositoryCheckoutDirectories=null], jobTimingInfo=JobTimingInfo[submissionDate=2025-02-14T23:45:03.797895007Z[Etc/UTC], buildStartDate=2025-02-14T23:46:03.797895147Z[Etc/UTC], buildCompletionDate=2025-02-14T23:47:03.797895378Z[Etc/UTC], estimatedCompletionDate=null, estimatedDuration=20], buildConfig=BuildConfig[buildScript=, dockerImage=, commitHashToBuild=test, assignmentCommitHash=, testCommitHash=, branch=, programmingLanguage=null, projectType=null, scaEnabled=false, sequentialTestRunsEnabled=false, resultPaths=null, timeoutSeconds=0, assignmentCheckoutPath=, testCheckoutPath=, solutionCheckoutPath=, dockerRunConfig=null], submissionResult=null]]
    23:45:03.813 | 588 artemis-task-1   | DEBUG | d.t.c.a.a.c.c.w.GzipMessageConverter : Compressed message payload from 1497 to 592 (saved 60.5% payload size)
    23:45:03.813 | 588 artemis-task-1   | DEBUG | d.t.c.a.a.c.c.w.GzipMessageConverter : Compressed message payload from 1497 to 592 (saved 60.5% payload size)
    23:45:03.815 | 566 localvc.event-13 | DEBUG | a.p.s.l.LocalCIQueueWebsocketService : Build agent added: BuildAgentInformation[buildAgent=BuildAgentDTO[name=artemis-build-agent-test, memberAddress=[127.0.0.1]:5703, displayName=], maxNumberOfConcurrentBuildJobs=2, numberOfCurrentBuildJobs=1, runningBuildJobs=[BuildJobQueueItem[id=1, name=job1, buildAgent=BuildAgentDTO[name=artemis-build-agent-test, memberAddress=[127.0.0.1]:5703, displayName=], participationId=1, courseId=927, exerciseId=1, retryCount=1, priority=1, status=SUCCESSFUL, repositoryInfo=RepositoryInfo[repositoryName=test, repositoryType=null, triggeredByPushTo=user, assignmentRepositoryUri=test, testRepositoryUri=test, solutionRepositoryUri=test, auxiliaryRepositoryUris=null, auxiliaryRepositoryCheckoutDirectories=null], jobTimingInfo=JobTimingInfo[submissionDate=2025-02-14T23:46:03.797891450Z[Etc/UTC], buildStartDate=2025-02-14T23:47:03.797893384Z[Etc/UTC], buildCompletionDate=2025-02-14T23:48:03.797893714Z[Etc/UTC], estimatedCompletionDate=null, estimatedDuration=20], buildConfig=BuildConfig[buildScript=echo 'test', dockerImage=test, commitHashToBuild=test, assignmentCommitHash=test, testCommitHash=test, branch=test, programmingLanguage=null, projectType=null, scaEnabled=false, sequentialTestRunsEnabled=false, resultPaths=null, timeoutSeconds=0, assignmentCheckoutPath=null, testCheckoutPath=null, solutionCheckoutPath=null, dockerRunConfig=null], submissionResult=null]], status=IDLE, recentBuildJobs=[BuildJobQueueItem[id=2, name=job2, buildAgent=BuildAgentDTO[name=artemis-build-agent-test, memberAddress=[127.0.0.1]:5703, displayName=], participationId=2, courseId=927, exerciseId=1, retryCount=1, priority=2, status=SUCCESSFUL, repositoryInfo=RepositoryInfo[repositoryName=test, repositoryType=null, triggeredByPushTo=user, assignmentRepositoryUri=test, testRepositoryUri=test, solutionRepositoryUri=test, auxiliaryRepositoryUris=null, auxiliaryRepositoryCheckoutDirectories=null], jobTimingInfo=JobTimingInfo[submissionDate=2025-02-14T23:45:03.797895007Z[Etc/UTC], buildStartDate=2025-02-14T23:46:03.797895147Z[Etc/UTC], buildCompletionDate=2025-02-14T23:47:03.797895378Z[Etc/UTC], estimatedCompletionDate=null, estimatedDuration=20], buildConfig=BuildConfig[buildScript=echo 'test', dockerImage=test, commitHashToBuild=test, assignmentCommitHash=test, testCommitHash=test, branch=test, programmingLanguage=null, projectType=null, scaEnabled=false, sequentialTestRunsEnabled=false, resultPaths=null, timeoutSeconds=0, assignmentCheckoutPath=null, testCheckoutPath=null, solutionCheckoutPath=null, dockerRunConfig=null], submissionResult=null]], publicSshKey=null]
    23:45:03.816 | 566 localvc.event-13 | DEBUG | s.l.LocalCIWebsocketMessagingService : Sending message on topic /topic/admin/build-agents: [BuildAgentInformation[buildAgent=BuildAgentDTO[name=artemis-build-agent-test, memberAddress=[127.0.0.1]:5703, displayName=], maxNumberOfConcurrentBuildJobs=2, numberOfCurrentBuildJobs=1, runningBuildJobs=[BuildJobQueueItem[id=1, name=job1, buildAgent=BuildAgentDTO[name=artemis-build-agent-test, memberAddress=[127.0.0.1]:5703, displayName=], participationId=1, courseId=927, exerciseId=1, retryCount=1, priority=1, status=SUCCESSFUL, repositoryInfo=RepositoryInfo[repositoryName=test, repositoryType=null, triggeredByPushTo=user, assignmentRepositoryUri=, testRepositoryUri=, solutionRepositoryUri=, auxiliaryRepositoryUris=null, auxiliaryRepositoryCheckoutDirectories=null], jobTimingInfo=JobTimingInfo[submissionDate=2025-02-14T23:46:03.797891450Z[Etc/UTC], buildStartDate=2025-02-14T23:47:03.797893384Z[Etc/UTC], buildCompletionDate=2025-02-14T23:48:03.797893714Z[Etc/UTC], estimatedCompletionDate=null, estimatedDuration=20], buildConfig=BuildConfig[buildScript=, dockerImage=, commitHashToBuild=test, assignmentCommitHash=, testCommitHash=, branch=, programmingLanguage=null, projectType=null, scaEnabled=false, sequentialTestRunsEnabled=false, resultPaths=null, timeoutSeconds=0, assignmentCheckoutPath=, testCheckoutPath=, solutionCheckoutPath=, dockerRunConfig=null], submissionResult=null]], status=IDLE, recentBuildJobs=null, publicSshKey=null]]
    23:45:03.817 | 473 ool-1-worker-237 | INFO  | i.z.t.d.l.EmbeddedDatabaseReporter   : JDBC URL to connect to 'dataSource': url='jdbc:h2:tcp://localhost:41063/mem:f240edcd-27ce-47a3-b4ab-a6a00c154135;USER=sa', scope='LocalCIResourceIntegrationTest#testGetQueuedBuildJobs_returnsJobs'
    23:45:03.817 | 588 artemis-task-1   | DEBUG | d.t.c.a.a.c.c.w.GzipMessageConverter : Compressed message payload from 1039 to 616 (saved 40.7% payload size)
    23:45:03.819 | 566 localvc.event-13 | DEBUG | s.l.LocalCIWebsocketMessagingService : Sending message on topic /topic/admin/build-agent/artemis-build-agent-test: BuildAgentInformation[buildAgent=BuildAgentDTO[name=artemis-build-agent-test, memberAddress=[127.0.0.1]:5703, displayName=], maxNumberOfConcurrentBuildJobs=2, numberOfCurrentBuildJobs=1, runningBuildJobs=[BuildJobQueueItem[id=1, name=job1, buildAgent=BuildAgentDTO[name=artemis-build-agent-test, memberAddress=[127.0.0.1]:5703, displayName=], participationId=1, courseId=927, exerciseId=1, retryCount=1, priority=1, status=SUCCESSFUL, repositoryInfo=RepositoryInfo[repositoryName=test, repositoryType=null, triggeredByPushTo=user, assignmentRepositoryUri=test, testRepositoryUri=test, solutionRepositoryUri=test, auxiliaryRepositoryUris=null, auxiliaryRepositoryCheckoutDirectories=null], jobTimingInfo=JobTimingInfo[submissionDate=2025-02-14T23:46:03.797891450Z[Etc/UTC], buildStartDate=2025-02-14T23:47:03.797893384Z[Etc/UTC], buildCompletionDate=2025-02-14T23:48:03.797893714Z[Etc/UTC], estimatedCompletionDate=null, estimatedDuration=20], buildConfig=BuildConfig[buildScript=echo 'test', dockerImage=test, commitHashToBuild=test, assignmentCommitHash=test, testCommitHash=test, branch=test, programmingLanguage=null, projectType=null, scaEnabled=false, sequentialTestRunsEnabled=false, resultPaths=null, timeoutSeconds=0, assignmentCheckoutPath=null, testCheckoutPath=null, solutionCheckoutPath=null, dockerRunConfig=null], submissionResult=null]], status=IDLE, recentBuildJobs=[BuildJobQueueItem[id=2, name=job2, buildAgent=BuildAgentDTO[name=artemis-build-agent-test, memberAddress=[127.0.0.1]:5703, displayName=], participationId=2, courseId=927, exerciseId=1, retryCount=1, priority=2, status=SUCCESSFUL, repositoryInfo=RepositoryInfo[repositoryName=test, repositoryType=null, triggeredByPushTo=user, assignmentRepositoryUri=test, testRepositoryUri=test, solutionRepositoryUri=test, auxiliaryRepositoryUris=null, auxiliaryRepositoryCheckoutDirectories=null], jobTimingInfo=JobTimingInfo[submissionDate=2025-02-14T23:45:03.797895007Z[Etc/UTC], buildStartDate=2025-02-14T23:46:03.797895147Z[Etc/UTC], buildCompletionDate=2025-02-14T23:47:03.797895378Z[Etc/UTC], estimatedCompletionDate=null, estimatedDuration=20], buildConfig=BuildConfig[buildScript=echo 'test', dockerImage=test, commitHashToBuild=test, assignmentCommitHash=test, testCommitHash=test, branch=test, programmingLanguage=null, projectType=null, scaEnabled=false, sequentialTestRunsEnabled=false, resultPaths=null, timeoutSeconds=0, assignmentCheckoutPath=null, testCheckoutPath=null, solutionCheckoutPath=null, dockerRunConfig=null], submissionResult=null]], publicSshKey=null]
    23:45:03.819 | 566 localvc.event-13 | DEBUG | a.p.s.l.SharedQueueManagementService : Build agent added: null
    23:45:03.819 | 588 artemis-task-1   | DEBUG | d.t.c.a.a.c.c.w.GzipMessageConverter : Compressed message payload from 2431 to 792 (saved 67.4% payload size)
    23:45:03.822 | 473 ool-1-worker-237 | DEBUG | d.t.c.a.a.c.s.f.ApiVersionFilter     : Adding Version to Request GET /api/admin/queued-jobs
    23:45:03.822 | 473 ool-1-worker-237 | DEBUG | a.a.c.w.a.AdminBuildJobQueueResource : REST request to get the queued build jobs
    23:45:03.824 | 566 localvc.event-13 | DEBUG | s.l.LocalCIWebsocketMessagingService : Sending message on topic /topic/admin/queued-jobs: [BuildJobQueueItem[id=1, name=job1, buildAgent=BuildAgentDTO[name=artemis-build-agent-test, memberAddress=[127.0.0.1]:5703, displayName=], participationId=1, courseId=927, exerciseId=1, retryCount=1, priority=1, status=SUCCESSFUL, repositoryInfo=RepositoryInfo[repositoryName=test, repositoryType=null, triggeredByPushTo=user, assignmentRepositoryUri=, testRepositoryUri=, solutionRepositoryUri=, auxiliaryRepositoryUris=null, auxiliaryRepositoryCheckoutDirectories=null], jobTimingInfo=JobTimingInfo[submissionDate=2025-02-14T23:46:03.797891450Z[Etc/UTC], buildStartDate=2025-02-14T23:47:03.797893384Z[Etc/UTC], buildCompletionDate=2025-02-14T23:48:03.797893714Z[Etc/UTC], estimatedCompletionDate=null, estimatedDuration=20], buildConfig=BuildConfig[buildScript=, dockerImage=, commitHashToBuild=test, assignmentCommitHash=, testCommitHash=, branch=, programmingLanguage=null, projectType=null, scaEnabled=false, sequentialTestRunsEnabled=false, resultPaths=null, timeoutSeconds=0, assignmentCheckoutPath=, testCheckoutPath=, solutionCheckoutPath=, dockerRunConfig=null], submissionResult=null], BuildJobQueueItem[id=2, name=job2, buildAgent=BuildAgentDTO[name=artemis-build-agent-test, memberAddress=[127.0.0.1]:5703, displayName=], participationId=2, courseId=927, exerciseId=1, retryCount=1, priority=2, status=SUCCESSFUL, repositoryInfo=RepositoryInfo[repositoryName=test, repositoryType=null, triggeredByPushTo=user, assignmentRepositoryUri=, testRepositoryUri=, solutionRepositoryUri=, auxiliaryRepositoryUris=null, auxiliaryRepositoryCheckoutDirectories=null], jobTimingInfo=JobTimingInfo[submissionDate=2025-02-14T23:45:03.797895007Z[Etc/UTC], buildStartDate=2025-02-14T23:46:03.797895147Z[Etc/UTC], buildCompletionDate=2025-02-14T23:47:03.797895378Z[Etc/UTC], estimatedCompletionDate=null, estimatedDuration=20], buildConfig=BuildConfig[buildScript=, dockerImage=, commitHashToBuild=test, assignmentCommitHash=, testCommitHash=, branch=, programmingLanguage=null, projectType=null, scaEnabled=false, sequentialTestRunsEnabled=false, resultPaths=null, timeoutSeconds=0, assignmentCheckoutPath=, testCheckoutPath=, solutionCheckoutPath=, dockerRunConfig=null], submissionResult=null]]
    23:45:03.824 | 566 localvc.event-13 | DEBUG | s.l.LocalCIWebsocketMessagingService : Sending message on topic /topic/courses/927/queued-jobs: [BuildJobQueueItem[id=1, name=job1, buildAgent=BuildAgentDTO[name=artemis-build-agent-test, memberAddress=[127.0.0.1]:5703, displayName=], participationId=1, courseId=927, exerciseId=1, retryCount=1, priority=1, status=SUCCESSFUL, repositoryInfo=RepositoryInfo[repositoryName=test, repositoryType=null, triggeredByPushTo=user, assignmentRepositoryUri=, testRepositoryUri=, solutionRepositoryUri=, auxiliaryRepositoryUris=null, auxiliaryRepositoryCheckoutDirectories=null], jobTimingInfo=JobTimingInfo[submissionDate=2025-02-14T23:46:03.797891450Z[Etc/UTC], buildStartDate=2025-02-14T23:47:03.797893384Z[Etc/UTC], buildCompletionDate=2025-02-14T23:48:03.797893714Z[Etc/UTC], estimatedCompletionDate=null, estimatedDuration=20], buildConfig=BuildConfig[buildScript=, dockerImage=, commitHashToBuild=test, assignmentCommitHash=, testCommitHash=, branch=, programmingLanguage=null, projectType=null, scaEnabled=false, sequentialTestRunsEnabled=false, resultPaths=null, timeoutSeconds=0, assignmentCheckoutPath=, testCheckoutPath=, solutionCheckoutPath=, dockerRunConfig=null], submissionResult=null], BuildJobQueueItem[id=2, name=job2, buildAgent=BuildAgentDTO[name=artemis-build-agent-test, memberAddress=[127.0.0.1]:5703, displayName=], participationId=2, courseId=927, exerciseId=1, retryCount=1, priority=2, status=SUCCESSFUL, repositoryInfo=RepositoryInfo[repositoryName=test, repositoryType=null, triggeredByPushTo=user, assignmentRepositoryUri=, testRepositoryUri=, solutionRepositoryUri=, auxiliaryRepositoryUris=null, auxiliaryRepositoryCheckoutDirectories=null], jobTimingInfo=JobTimingInfo[submissionDate=2025-02-14T23:45:03.797895007Z[Etc/UTC], buildStartDate=2025-02-14T23:46:03.797895147Z[Etc/UTC], buildCompletionDate=2025-02-14T23:47:03.797895378Z[Etc/UTC], estimatedCompletionDate=null, estimatedDuration=20], buildConfig=BuildConfig[buildScript=, dockerImage=, commitHashToBuild=test, assignmentCommitHash=, testCommitHash=, branch=, programmingLanguage=null, projectType=null, scaEnabled=false, sequentialTestRunsEnabled=false, resultPaths=null, timeoutSeconds=0, assignmentCheckoutPath=, testCheckoutPath=, solutionCheckoutPath=, dockerRunConfig=null], submissionResult=null]]
    23:45:03.825 | 588 artemis-task-1   | DEBUG | d.t.c.a.a.c.c.w.GzipMessageConverter : Compressed message payload from 1497 to 592 (saved 60.5% payload size)
    23:45:03.825 | 588 artemis-task-1   | DEBUG | d.t.c.a.a.c.c.w.GzipMessageConverter : Compressed message payload from 1497 to 592 (saved 60.5% payload size)
    23:45:03.826 | 473 ool-1-worker-237 | DEBUG | d.t.c.a.a.c.s.f.ApiVersionFilter     : Adding Version to Request GET /api/admin/queued-jobs
    23:45:03.826 | 566 localvc.event-13 | DEBUG | s.l.LocalCIWebsocketMessagingService : Sending message on topic /topic/admin/queued-jobs: [BuildJobQueueItem[id=1, name=job1, buildAgent=BuildAgentDTO[name=artemis-build-agent-test, memberAddress=[127.0.0.1]:5703, displayName=], participationId=1, courseId=927, exerciseId=1, retryCount=1, priority=1, status=SUCCESSFUL, repositoryInfo=RepositoryInfo[repositoryName=test, repositoryType=null, triggeredByPushTo=user, assignmentRepositoryUri=, testRepositoryUri=, solutionRepositoryUri=, auxiliaryRepositoryUris=null, auxiliaryRepositoryCheckoutDirectories=null], jobTimingInfo=JobTimingInfo[submissionDate=2025-02-14T23:46:03.797891450Z[Etc/UTC], buildStartDate=2025-02-14T23:47:03.797893384Z[Etc/UTC], buildCompletionDate=2025-02-14T23:48:03.797893714Z[Etc/UTC], estimatedCompletionDate=null, estimatedDuration=20], buildConfig=BuildConfig[buildScript=, dockerImage=, commitHashToBuild=test, assignmentCommitHash=, testCommitHash=, branch=, programmingLanguage=null, projectType=null, scaEnabled=false, sequentialTestRunsEnabled=false, resultPaths=null, timeoutSeconds=0, assignmentCheckoutPath=, testCheckoutPath=, solutionCheckoutPath=, dockerRunConfig=null], submissionResult=null], BuildJobQueueItem[id=2, name=job2, buildAgent=BuildAgentDTO[name=artemis-build-agent-test, memberAddress=[127.0.0.1]:5703, displayName=], participationId=2, courseId=927, exerciseId=1, retryCount=1, priority=2, status=SUCCESSFUL, repositoryInfo=RepositoryInfo[repositoryName=test, repositoryType=null, triggeredByPushTo=user, assignmentRepositoryUri=, testRepositoryUri=, solutionRepositoryUri=, auxiliaryRepositoryUris=null, auxiliaryRepositoryCheckoutDirectories=null], jobTimingInfo=JobTimingInfo[submissionDate=2025-02-14T23:45:03.797895007Z[Etc/UTC], buildStartDate=2025-02-14T23:46:03.797895147Z[Etc/UTC], buildCompletionDate=2025-02-14T23:47:03.797895378Z[Etc/UTC], estimatedCompletionDate=null, estimatedDuration=20], buildConfig=BuildConfig[buildScript=, dockerImage=, commitHashToBuild=test, assignmentCommitHash=, testCommitHash=, branch=, programmingLanguage=null, projectType=null, scaEnabled=false, sequentialTestRunsEnabled=false, resultPaths=null, timeoutSeconds=0, assignmentCheckoutPath=, testCheckoutPath=, solutionCheckoutPath=, dockerRunConfig=null], submissionResult=null]]
    23:45:03.826 | 473 ool-1-worker-237 | DEBUG | a.a.c.w.a.AdminBuildJobQueueResource : REST request to get the queued build jobs
    23:45:03.827 | 566 localvc.event-13 | DEBUG | s.l.LocalCIWebsocketMessagingService : Sending message on topic /topic/courses/927/queued-jobs: [BuildJobQueueItem[id=1, name=job1, buildAgent=BuildAgentDTO[name=artemis-build-agent-test, memberAddress=[127.0.0.1]:5703, displayName=], participationId=1, courseId=927, exerciseId=1, retryCount=1, priority=1, status=SUCCESSFUL, repositoryInfo=RepositoryInfo[repositoryName=test, repositoryType=null, triggeredByPushTo=user, assignmentRepositoryUri=, testRepositoryUri=, solutionRepositoryUri=, auxiliaryRepositoryUris=null, auxiliaryRepositoryCheckoutDirectories=null], jobTimingInfo=JobTimingInfo[submissionDate=2025-02-14T23:46:03.797891450Z[Etc/UTC], buildStartDate=2025-02-14T23:47:03.797893384Z[Etc/UTC], buildCompletionDate=2025-02-14T23:48:03.797893714Z[Etc/UTC], estimatedCompletionDate=null, estimatedDuration=20], buildConfig=BuildConfig[buildScript=, dockerImage=, commitHashToBuild=test, assignmentCommitHash=, testCommitHash=, branch=, programmingLanguage=null, projectType=null, scaEnabled=false, sequentialTestRunsEnabled=false, resultPaths=null, timeoutSeconds=0, assignmentCheckoutPath=, testCheckoutPath=, solutionCheckoutPath=, dockerRunConfig=null], submissionResult=null], BuildJobQueueItem[id=2, name=job2, buildAgent=BuildAgentDTO[name=artemis-build-agent-test, memberAddress=[127.0.0.1]:5703, displayName=], participationId=2, courseId=927, exerciseId=1, retryCount=1, priority=2, status=SUCCESSFUL, repositoryInfo=RepositoryInfo[repositoryName=test, repositoryType=null, triggeredByPushTo=user, assignmentRepositoryUri=, testRepositoryUri=, solutionRepositoryUri=, auxiliaryRepositoryUris=null, auxiliaryRepositoryCheckoutDirectories=null], jobTimingInfo=JobTimingInfo[submissionDate=2025-02-14T23:45:03.797895007Z[Etc/UTC], buildStartDate=2025-02-14T23:46:03.797895147Z[Etc/UTC], buildCompletionDate=2025-02-14T23:47:03.797895378Z[Etc/UTC], estimatedCompletionDate=null, estimatedDuration=20], buildConfig=BuildConfig[buildScript=, dockerImage=, commitHashToBuild=test, assignmentCommitHash=, testCommitHash=, branch=, programmingLanguage=null, projectType=null, scaEnabled=false, sequentialTestRunsEnabled=false, resultPaths=null, timeoutSeconds=0, assignmentCheckoutPath=, testCheckoutPath=, solutionCheckoutPath=, dockerRunConfig=null], submissionResult=null]]
    23:45:03.831 | 588 artemis-task-1   | DEBUG | d.t.c.a.a.c.c.w.GzipMessageConverter : Compressed message payload from 1497 to 592 (saved 60.5% payload size)
    23:45:03.831 | 588 artemis-task-1   | DEBUG | d.t.c.a.a.c.c.w.GzipMessageConverter : Compressed message payload from 1497 to 592 (saved 60.5% payload size)
    23:45:03.831 | 614 taskScheduler-3  | DEBUG | a.a.b.s.SharedQueueProcessingService : Currently processing jobs on this node: 0, active threads in Pool: 0, maximum pool size of thread executor : 1
    23:45:03.832 | 614 taskScheduler-3  | DEBUG | a.a.b.s.SharedQueueProcessingService : Currently processing jobs on this node: 0, active threads in Pool: 0, maximum pool size of thread executor : 1
    23:45:03.836 | 566 localvc.event-13 | DEBUG | a.a.b.s.SharedQueueProcessingService : CIBuildJobQueueItem removed from queue: BuildJobQueueItem[id=1, name=job1, buildAgent=BuildAgentDTO[name=artemis-build-agent-test, memberAddress=[127.0.0.1]:5703, displayName=], participationId=1, courseId=927, exerciseId=1, retryCount=1, priority=1, status=SUCCESSFUL, repositoryInfo=RepositoryInfo[repositoryName=test, repositoryType=null, triggeredByPushTo=user, assignmentRepositoryUri=test, testRepositoryUri=test, solutionRepositoryUri=test, auxiliaryRepositoryUris=null, auxiliaryRepositoryCheckoutDirectories=null], jobTimingInfo=JobTimingInfo[submissionDate=2025-02-14T23:46:03.797891450Z[Etc/UTC], buildStartDate=2025-02-14T23:47:03.797893384Z[Etc/UTC], buildCompletionDate=2025-02-14T23:48:03.797893714Z[Etc/UTC], estimatedCompletionDate=null, estimatedDuration=20], buildConfig=BuildConfig[buildScript=echo 'test', dockerImage=test, commitHashToBuild=test, assignmentCommitHash=test, testCommitHash=test, branch=test, programmingLanguage=null, projectType=null, scaEnabled=false, sequentialTestRunsEnabled=false, resultPaths=null, timeoutSeconds=0, assignmentCheckoutPath=null, testCheckoutPath=null, solutionCheckoutPath=null, dockerRunConfig=null], submissionResult=null]
    23:45:03.837 | 566 localvc.event-13 | DEBUG | s.l.LocalCIWebsocketMessagingService : Sending message on topic /topic/admin/queued-jobs: []
    23:45:03.837 | 566 localvc.event-13 | DEBUG | s.l.LocalCIWebsocketMessagingService : Sending message on topic /topic/courses/927/queued-jobs: []
    23:45:03.837 | 566 localvc.event-13 | DEBUG | a.a.b.s.SharedQueueProcessingService : CIBuildJobQueueItem removed from queue: BuildJobQueueItem[id=2, name=job2, buildAgent=BuildAgentDTO[name=artemis-build-agent-test, memberAddress=[127.0.0.1]:5703, displayName=], participationId=2, courseId=927, exerciseId=1, retryCount=1, priority=2, status=SUCCESSFUL, repositoryInfo=RepositoryInfo[repositoryName=test, repositoryType=null, triggeredByPushTo=user, assignmentRepositoryUri=test, testRepositoryUri=test, solutionRepositoryUri=test, auxiliaryRepositoryUris=null, auxiliaryRepositoryCheckoutDirectories=null], jobTimingInfo=JobTimingInfo[submissionDate=2025-02-14T23:45:03.797895007Z[Etc/UTC], buildStartDate=2025-02-14T23:46:03.797895147Z[Etc/UTC], buildCompletionDate=2025-02-14T23:47:03.797895378Z[Etc/UTC], estimatedCompletionDate=null, estimatedDuration=20], buildConfig=BuildConfig[buildScript=echo 'test', dockerImage=test, commitHashToBuild=test, assignmentCommitHash=test, testCommitHash=test, branch=test, programmingLanguage=null, projectType=null, scaEnabled=false, sequentialTestRunsEnabled=false, resultPaths=null, timeoutSeconds=0, assignmentCheckoutPath=null, testCheckoutPath=null, solutionCheckoutPath=null, dockerRunConfig=null], submissionResult=null]
    23:45:03.838 | 566 localvc.event-13 | DEBUG | s.l.LocalCIWebsocketMessagingService : Sending message on topic /topic/admin/queued-jobs: []
    23:45:03.838 | 566 localvc.event-13 | DEBUG | s.l.LocalCIWebsocketMessagingService : Sending message on topic /topic/courses/927/queued-jobs: []

  Starting logs for LocalCIResourceIntegrationTest > testGetRunningBuildJobsForCourse_wrongInstructorAccessForbidden()
    23:45:03.883 | 473 ool-1-worker-237 | DEBUG | d.t.c.a.a.c.u.util.UserUtilService   : Generate 2 students...
    23:45:03.891 | 473 ool-1-worker-237 | DEBUG | d.t.c.a.a.c.u.util.UserUtilService   : 2 students generated. Generate 1 tutors...
    23:45:03.896 | 473 ool-1-worker-237 | DEBUG | d.t.c.a.a.c.u.util.UserUtilService   : 1 tutors generated. Generate 0 editors...
    23:45:03.901 | 473 ool-1-worker-237 | DEBUG | d.t.c.a.a.c.u.util.UserUtilService   : 0 editors generated. Generate 2 instructors...
    23:45:03.908 | 473 ool-1-worker-237 | DEBUG | d.t.c.a.a.c.u.util.UserUtilService   : 2 instructors generated
    23:45:03.912 | 473 ool-1-worker-237 | DEBUG | d.t.c.a.a.c.u.util.UserUtilService   : Removing 4 users from all courses...
    23:45:03.916 | 473 ool-1-worker-237 | DEBUG | d.t.c.a.a.c.u.util.UserUtilService   : Removing 4 users from all courses. Done
    23:45:03.916 | 473 ool-1-worker-237 | DEBUG | d.t.c.a.a.c.u.util.UserUtilService   : Save 5 users to database...
    23:45:03.923 | 473 ool-1-worker-237 | DEBUG | d.t.c.a.a.c.u.util.UserUtilService   : Save 5 users to database. Done
    23:45:03.979 | 565 localvc.event-12 | DEBUG | a.p.s.l.LocalCIQueueWebsocketService : CIBuildJobQueueItem added to processing jobs: BuildJobQueueItem[id=1, name=job1, buildAgent=BuildAgentDTO[name=artemis-build-agent-test, memberAddress=[127.0.0.1]:5703, displayName=], participationId=1, courseId=928, exerciseId=1, retryCount=1, priority=1, status=SUCCESSFUL, repositoryInfo=RepositoryInfo[repositoryName=test, repositoryType=null, triggeredByPushTo=user, assignmentRepositoryUri=test, testRepositoryUri=test, solutionRepositoryUri=test, auxiliaryRepositoryUris=null, auxiliaryRepositoryCheckoutDirectories=null], jobTimingInfo=JobTimingInfo[submissionDate=2025-02-14T23:46:03.977031777Z[Etc/UTC], buildStartDate=2025-02-14T23:47:03.977033981Z[Etc/UTC], buildCompletionDate=2025-02-14T23:48:03.977034602Z[Etc/UTC], estimatedCompletionDate=null, estimatedDuration=20], buildConfig=BuildConfig[buildScript=echo 'test', dockerImage=test, commitHashToBuild=test, assignmentCommitHash=test, testCommitHash=test, branch=test, programmingLanguage=null, projectType=null, scaEnabled=false, sequentialTestRunsEnabled=false, resultPaths=null, timeoutSeconds=0, assignmentCheckoutPath=null, testCheckoutPath=null, solutionCheckoutPath=null, dockerRunConfig=null], submissionResult=null]
    23:45:03.979 | 565 localvc.event-12 | DEBUG | s.l.LocalCIWebsocketMessagingService : Sending message on topic /topic/admin/running-jobs: [BuildJobQueueItem[id=1, name=job1, buildAgent=BuildAgentDTO[name=artemis-build-agent-test, memberAddress=[127.0.0.1]:5703, displayName=], participationId=1, courseId=928, exerciseId=1, retryCount=1, priority=1, status=SUCCESSFUL, repositoryInfo=RepositoryInfo[repositoryName=test, repositoryType=null, triggeredByPushTo=user, assignmentRepositoryUri=, testRepositoryUri=, solutionRepositoryUri=, auxiliaryRepositoryUris=null, auxiliaryRepositoryCheckoutDirectories=null], jobTimingInfo=JobTimingInfo[submissionDate=2025-02-14T23:46:03.977031777Z[Etc/UTC], buildStartDate=2025-02-14T23:47:03.977033981Z[Etc/UTC], buildCompletionDate=2025-02-14T23:48:03.977034602Z[Etc/UTC], estimatedCompletionDate=null, estimatedDuration=20], buildConfig=BuildConfig[buildScript=, dockerImage=, commitHashToBuild=test, assignmentCommitHash=, testCommitHash=, branch=, programmingLanguage=null, projectType=null, scaEnabled=false, sequentialTestRunsEnabled=false, resultPaths=null, timeoutSeconds=0, assignmentCheckoutPath=, testCheckoutPath=, solutionCheckoutPath=, dockerRunConfig=null], submissionResult=null]]
    23:45:03.979 | 565 localvc.event-12 | DEBUG | s.l.LocalCIWebsocketMessagingService : Sending message on topic /topic/courses/928/running-jobs: [BuildJobQueueItem[id=1, name=job1, buildAgent=BuildAgentDTO[name=artemis-build-agent-test, memberAddress=[127.0.0.1]:5703, displayName=], participationId=1, courseId=928, exerciseId=1, retryCount=1, priority=1, status=SUCCESSFUL, repositoryInfo=RepositoryInfo[repositoryName=test, repositoryType=null, triggeredByPushTo=user, assignmentRepositoryUri=, testRepositoryUri=, solutionRepositoryUri=, auxiliaryRepositoryUris=null, auxiliaryRepositoryCheckoutDirectories=null], jobTimingInfo=JobTimingInfo[submissionDate=2025-02-14T23:46:03.977031777Z[Etc/UTC], buildStartDate=2025-02-14T23:47:03.977033981Z[Etc/UTC], buildCompletionDate=2025-02-14T23:48:03.977034602Z[Etc/UTC], estimatedCompletionDate=null, estimatedDuration=20], buildConfig=BuildConfig[buildScript=, dockerImage=, commitHashToBuild=test, assignmentCommitHash=, testCommitHash=, branch=, programmingLanguage=null, projectType=null, scaEnabled=false, sequentialTestRunsEnabled=false, resultPaths=null, timeoutSeconds=0, assignmentCheckoutPath=, testCheckoutPath=, solutionCheckoutPath=, dockerRunConfig=null], submissionResult=null]]
    23:45:03.980 | 588 artemis-task-1   | DEBUG | d.t.c.a.a.c.c.w.GzipMessageConverter : Compressed message payload from 750 to 528 (saved 29.6% payload size)
    23:45:03.982 | 588 artemis-task-1   | DEBUG | d.t.c.a.a.c.c.w.GzipMessageConverter : Compressed message payload from 750 to 528 (saved 29.6% payload size)
    23:45:03.984 | 565 localvc.event-12 | DEBUG | a.p.s.l.LocalCIQueueWebsocketService : CIBuildJobQueueItem added to processing jobs: BuildJobQueueItem[id=2, name=job2, buildAgent=BuildAgentDTO[name=artemis-build-agent-test, memberAddress=[127.0.0.1]:5703, displayName=], participationId=2, courseId=928, exerciseId=1, retryCount=1, priority=2, status=SUCCESSFUL, repositoryInfo=RepositoryInfo[repositoryName=test, repositoryType=null, triggeredByPushTo=user, assignmentRepositoryUri=test, testRepositoryUri=test, solutionRepositoryUri=test, auxiliaryRepositoryUris=null, auxiliaryRepositoryCheckoutDirectories=null], jobTimingInfo=JobTimingInfo[submissionDate=2025-02-14T23:45:03.977035905Z[Etc/UTC], buildStartDate=2025-02-14T23:46:03.977036035Z[Etc/UTC], buildCompletionDate=2025-02-14T23:47:03.977036276Z[Etc/UTC], estimatedCompletionDate=null, estimatedDuration=20], buildConfig=BuildConfig[buildScript=echo 'test', dockerImage=test, commitHashToBuild=test, assignmentCommitHash=test, testCommitHash=test, branch=test, programmingLanguage=null, projectType=null, scaEnabled=false, sequentialTestRunsEnabled=false, resultPaths=null, timeoutSeconds=0, assignmentCheckoutPath=null, testCheckoutPath=null, solutionCheckoutPath=null, dockerRunConfig=null], submissionResult=null]
    23:45:03.984 | 565 localvc.event-12 | DEBUG | s.l.LocalCIWebsocketMessagingService : Sending message on topic /topic/admin/running-jobs: [BuildJobQueueItem[id=1, name=job1, buildAgent=BuildAgentDTO[name=artemis-build-agent-test, memberAddress=[127.0.0.1]:5703, displayName=], participationId=1, courseId=928, exerciseId=1, retryCount=1, priority=1, status=SUCCESSFUL, repositoryInfo=RepositoryInfo[repositoryName=test, repositoryType=null, triggeredByPushTo=user, assignmentRepositoryUri=, testRepositoryUri=, solutionRepositoryUri=, auxiliaryRepositoryUris=null, auxiliaryRepositoryCheckoutDirectories=null], jobTimingInfo=JobTimingInfo[submissionDate=2025-02-14T23:46:03.977031777Z[Etc/UTC], buildStartDate=2025-02-14T23:47:03.977033981Z[Etc/UTC], buildCompletionDate=2025-02-14T23:48:03.977034602Z[Etc/UTC], estimatedCompletionDate=null, estimatedDuration=20], buildConfig=BuildConfig[buildScript=, dockerImage=, commitHashToBuild=test, assignmentCommitHash=, testCommitHash=, branch=, programmingLanguage=null, projectType=null, scaEnabled=false, sequentialTestRunsEnabled=false, resultPaths=null, timeoutSeconds=0, assignmentCheckoutPath=, testCheckoutPath=, solutionCheckoutPath=, dockerRunConfig=null], submissionResult=null], BuildJobQueueItem[id=2, name=job2, buildAgent=BuildAgentDTO[name=artemis-build-agent-test, memberAddress=[127.0.0.1]:5703, displayName=], participationId=2, courseId=928, exerciseId=1, retryCount=1, priority=2, status=SUCCESSFUL, repositoryInfo=RepositoryInfo[repositoryName=test, repositoryType=null, triggeredByPushTo=user, assignmentRepositoryUri=, testRepositoryUri=, solutionRepositoryUri=, auxiliaryRepositoryUris=null, auxiliaryRepositoryCheckoutDirectories=null], jobTimingInfo=JobTimingInfo[submissionDate=2025-02-14T23:45:03.977035905Z[Etc/UTC], buildStartDate=2025-02-14T23:46:03.977036035Z[Etc/UTC], buildCompletionDate=2025-02-14T23:47:03.977036276Z[Etc/UTC], estimatedCompletionDate=null, estimatedDuration=20], buildConfig=BuildConfig[buildScript=, dockerImage=, commitHashToBuild=test, assignmentCommitHash=, testCommitHash=, branch=, programmingLanguage=null, projectType=null, scaEnabled=false, sequentialTestRunsEnabled=false, resultPaths=null, timeoutSeconds=0, assignmentCheckoutPath=, testCheckoutPath=, solutionCheckoutPath=, dockerRunConfig=null], submissionResult=null]]
    23:45:03.985 | 565 localvc.event-12 | DEBUG | s.l.LocalCIWebsocketMessagingService : Sending message on topic /topic/courses/928/running-jobs: [BuildJobQueueItem[id=1, name=job1, buildAgent=BuildAgentDTO[name=artemis-build-agent-test, memberAddress=[127.0.0.1]:5703, displayName=], participationId=1, courseId=928, exerciseId=1, retryCount=1, priority=1, status=SUCCESSFUL, repositoryInfo=RepositoryInfo[repositoryName=test, repositoryType=null, triggeredByPushTo=user, assignmentRepositoryUri=, testRepositoryUri=, solutionRepositoryUri=, auxiliaryRepositoryUris=null, auxiliaryRepositoryCheckoutDirectories=null], jobTimingInfo=JobTimingInfo[submissionDate=2025-02-14T23:46:03.977031777Z[Etc/UTC], buildStartDate=2025-02-14T23:47:03.977033981Z[Etc/UTC], buildCompletionDate=2025-02-14T23:48:03.977034602Z[Etc/UTC], estimatedCompletionDate=null, estimatedDuration=20], buildConfig=BuildConfig[buildScript=, dockerImage=, commitHashToBuild=test, assignmentCommitHash=, testCommitHash=, branch=, programmingLanguage=null, projectType=null, scaEnabled=false, sequentialTestRunsEnabled=false, resultPaths=null, timeoutSeconds=0, assignmentCheckoutPath=, testCheckoutPath=, solutionCheckoutPath=, dockerRunConfig=null], submissionResult=null], BuildJobQueueItem[id=2, name=job2, buildAgent=BuildAgentDTO[name=artemis-build-agent-test, memberAddress=[127.0.0.1]:5703, displayName=], participationId=2, courseId=928, exerciseId=1, retryCount=1, priority=2, status=SUCCESSFUL, repositoryInfo=RepositoryInfo[repositoryName=test, repositoryType=null, triggeredByPushTo=user, assignmentRepositoryUri=, testRepositoryUri=, solutionRepositoryUri=, auxiliaryRepositoryUris=null, auxiliaryRepositoryCheckoutDirectories=null], jobTimingInfo=JobTimingInfo[submissionDate=2025-02-14T23:45:03.977035905Z[Etc/UTC], buildStartDate=2025-02-14T23:46:03.977036035Z[Etc/UTC], buildCompletionDate=2025-02-14T23:47:03.977036276Z[Etc/UTC], estimatedCompletionDate=null, estimatedDuration=20], buildConfig=BuildConfig[buildScript=, dockerImage=, commitHashToBuild=test, assignmentCommitHash=, testCommitHash=, branch=, programmingLanguage=null, projectType=null, scaEnabled=false, sequentialTestRunsEnabled=false, resultPaths=null, timeoutSeconds=0, assignmentCheckoutPath=, testCheckoutPath=, solutionCheckoutPath=, dockerRunConfig=null], submissionResult=null]]
    23:45:03.987 | 588 artemis-task-1   | DEBUG | d.t.c.a.a.c.c.w.GzipMessageConverter : Compressed message payload from 1498 to 592 (saved 60.5% payload size)
    23:45:03.987 | 588 artemis-task-1   | DEBUG | d.t.c.a.a.c.c.w.GzipMessageConverter : Compressed message payload from 1498 to 592 (saved 60.5% payload size)
    23:45:03.987 | 566 localvc.event-13 | DEBUG | a.p.s.l.LocalCIQueueWebsocketService : Build agent added: BuildAgentInformation[buildAgent=BuildAgentDTO[name=artemis-build-agent-test, memberAddress=[127.0.0.1]:5703, displayName=], maxNumberOfConcurrentBuildJobs=2, numberOfCurrentBuildJobs=1, runningBuildJobs=[BuildJobQueueItem[id=1, name=job1, buildAgent=BuildAgentDTO[name=artemis-build-agent-test, memberAddress=[127.0.0.1]:5703, displayName=], participationId=1, courseId=928, exerciseId=1, retryCount=1, priority=1, status=SUCCESSFUL, repositoryInfo=RepositoryInfo[repositoryName=test, repositoryType=null, triggeredByPushTo=user, assignmentRepositoryUri=test, testRepositoryUri=test, solutionRepositoryUri=test, auxiliaryRepositoryUris=null, auxiliaryRepositoryCheckoutDirectories=null], jobTimingInfo=JobTimingInfo[submissionDate=2025-02-14T23:46:03.977031777Z[Etc/UTC], buildStartDate=2025-02-14T23:47:03.977033981Z[Etc/UTC], buildCompletionDate=2025-02-14T23:48:03.977034602Z[Etc/UTC], estimatedCompletionDate=null, estimatedDuration=20], buildConfig=BuildConfig[buildScript=echo 'test', dockerImage=test, commitHashToBuild=test, assignmentCommitHash=test, testCommitHash=test, branch=test, programmingLanguage=null, projectType=null, scaEnabled=false, sequentialTestRunsEnabled=false, resultPaths=null, timeoutSeconds=0, assignmentCheckoutPath=null, testCheckoutPath=null, solutionCheckoutPath=null, dockerRunConfig=null], submissionResult=null]], status=IDLE, recentBuildJobs=[BuildJobQueueItem[id=2, name=job2, buildAgent=BuildAgentDTO[name=artemis-build-agent-test, memberAddress=[127.0.0.1]:5703, displayName=], participationId=2, courseId=928, exerciseId=1, retryCount=1, priority=2, status=SUCCESSFUL, repositoryInfo=RepositoryInfo[repositoryName=test, repositoryType=null, triggeredByPushTo=user, assignmentRepositoryUri=test, testRepositoryUri=test, solutionRepositoryUri=test, auxiliaryRepositoryUris=null, auxiliaryRepositoryCheckoutDirectories=null], jobTimingInfo=JobTimingInfo[submissionDate=2025-02-14T23:45:03.977035905Z[Etc/UTC], buildStartDate=2025-02-14T23:46:03.977036035Z[Etc/UTC], buildCompletionDate=2025-02-14T23:47:03.977036276Z[Etc/UTC], estimatedCompletionDate=null, estimatedDuration=20], buildConfig=BuildConfig[buildScript=echo 'test', dockerImage=test, commitHashToBuild=test, assignmentCommitHash=test, testCommitHash=test, branch=test, programmingLanguage=null, projectType=null, scaEnabled=false, sequentialTestRunsEnabled=false, resultPaths=null, timeoutSeconds=0, assignmentCheckoutPath=null, testCheckoutPath=null, solutionCheckoutPath=null, dockerRunConfig=null], submissionResult=null]], publicSshKey=null]
    23:45:03.987 | 566 localvc.event-13 | DEBUG | s.l.LocalCIWebsocketMessagingService : Sending message on topic /topic/admin/build-agents: [BuildAgentInformation[buildAgent=BuildAgentDTO[name=artemis-build-agent-test, memberAddress=[127.0.0.1]:5703, displayName=], maxNumberOfConcurrentBuildJobs=2, numberOfCurrentBuildJobs=1, runningBuildJobs=[BuildJobQueueItem[id=1, name=job1, buildAgent=BuildAgentDTO[name=artemis-build-agent-test, memberAddress=[127.0.0.1]:5703, displayName=], participationId=1, courseId=928, exerciseId=1, retryCount=1, priority=1, status=SUCCESSFUL, repositoryInfo=RepositoryInfo[repositoryName=test, repositoryType=null, triggeredByPushTo=user, assignmentRepositoryUri=, testRepositoryUri=, solutionRepositoryUri=, auxiliaryRepositoryUris=null, auxiliaryRepositoryCheckoutDirectories=null], jobTimingInfo=JobTimingInfo[submissionDate=2025-02-14T23:46:03.977031777Z[Etc/UTC], buildStartDate=2025-02-14T23:47:03.977033981Z[Etc/UTC], buildCompletionDate=2025-02-14T23:48:03.977034602Z[Etc/UTC], estimatedCompletionDate=null, estimatedDuration=20], buildConfig=BuildConfig[buildScript=, dockerImage=, commitHashToBuild=test, assignmentCommitHash=, testCommitHash=, branch=, programmingLanguage=null, projectType=null, scaEnabled=false, sequentialTestRunsEnabled=false, resultPaths=null, timeoutSeconds=0, assignmentCheckoutPath=, testCheckoutPath=, solutionCheckoutPath=, dockerRunConfig=null], submissionResult=null]], status=IDLE, recentBuildJobs=null, publicSshKey=null]]
    23:45:03.988 | 566 localvc.event-13 | DEBUG | s.l.LocalCIWebsocketMessagingService : Sending message on topic /topic/admin/build-agent/artemis-build-agent-test: BuildAgentInformation[buildAgent=BuildAgentDTO[name=artemis-build-agent-test, memberAddress=[127.0.0.1]:5703, displayName=], maxNumberOfConcurrentBuildJobs=2, numberOfCurrentBuildJobs=1, runningBuildJobs=[BuildJobQueueItem[id=1, name=job1, buildAgent=BuildAgentDTO[name=artemis-build-agent-test, memberAddress=[127.0.0.1]:5703, displayName=], participationId=1, courseId=928, exerciseId=1, retryCount=1, priority=1, status=SUCCESSFUL, repositoryInfo=RepositoryInfo[repositoryName=test, repositoryType=null, triggeredByPushTo=user, assignmentRepositoryUri=test, testRepositoryUri=test, solutionRepositoryUri=test, auxiliaryRepositoryUris=null, auxiliaryRepositoryCheckoutDirectories=null], jobTimingInfo=JobTimingInfo[submissionDate=2025-02-14T23:46:03.977031777Z[Etc/UTC], buildStartDate=2025-02-14T23:47:03.977033981Z[Etc/UTC], buildCompletionDate=2025-02-14T23:48:03.977034602Z[Etc/UTC], estimatedCompletionDate=null, estimatedDuration=20], buildConfig=BuildConfig[buildScript=echo 'test', dockerImage=test, commitHashToBuild=test, assignmentCommitHash=test, testCommitHash=test, branch=test, programmingLanguage=null, projectType=null, scaEnabled=false, sequentialTestRunsEnabled=false, resultPaths=null, timeoutSeconds=0, assignmentCheckoutPath=null, testCheckoutPath=null, solutionCheckoutPath=null, dockerRunConfig=null], submissionResult=null]], status=IDLE, recentBuildJobs=[BuildJobQueueItem[id=2, name=job2, buildAgent=BuildAgentDTO[name=artemis-build-agent-test, memberAddress=[127.0.0.1]:5703, displayName=], participationId=2, courseId=928, exerciseId=1, retryCount=1, priority=2, status=SUCCESSFUL, repositoryInfo=RepositoryInfo[repositoryName=test, repositoryType=null, triggeredByPushTo=user, assignmentRepositoryUri=test, testRepositoryUri=test, solutionRepositoryUri=test, auxiliaryRepositoryUris=null, auxiliaryRepositoryCheckoutDirectories=null], jobTimingInfo=JobTimingInfo[submissionDate=2025-02-14T23:45:03.977035905Z[Etc/UTC], buildStartDate=2025-02-14T23:46:03.977036035Z[Etc/UTC], buildCompletionDate=2025-02-14T23:47:03.977036276Z[Etc/UTC], estimatedCompletionDate=null, estimatedDuration=20], buildConfig=BuildConfig[buildScript=echo 'test', dockerImage=test, commitHashToBuild=test, assignmentCommitHash=test, testCommitHash=test, branch=test, programmingLanguage=null, projectType=null, scaEnabled=false, sequentialTestRunsEnabled=false, resultPaths=null, timeoutSeconds=0, assignmentCheckoutPath=null, testCheckoutPath=null, solutionCheckoutPath=null, dockerRunConfig=null], submissionResult=null]], publicSshKey=null]
    23:45:03.988 | 566 localvc.event-13 | DEBUG | a.p.s.l.SharedQueueManagementService : Build agent added: null
    23:45:03.989 | 588 artemis-task-1   | DEBUG | d.t.c.a.a.c.c.w.GzipMessageConverter : Compressed message payload from 1040 to 620 (saved 40.4% payload size)
    23:45:03.989 | 588 artemis-task-1   | DEBUG | d.t.c.a.a.c.c.w.GzipMessageConverter : Compressed message payload from 2432 to 792 (saved 67.4% payload size)
    23:45:03.990 | 473 ool-1-worker-237 | INFO  | i.z.t.d.l.EmbeddedDatabaseReporter   : JDBC URL to connect to 'dataSource': url='jdbc:h2:tcp://localhost:41063/mem:f240edcd-27ce-47a3-b4ab-a6a00c154135;USER=sa', scope='LocalCIResourceIntegrationTest#testGetRunningBuildJobsForCourse_wrongInstructorAccessForbidden'
    23:45:03.992 | 473 ool-1-worker-237 | DEBUG | d.t.c.a.a.c.s.f.ApiVersionFilter     : Adding Version to Request GET /api/courses/928/running-jobs
    23:45:03.992 | 473 ool-1-worker-237 | DEBUG | .t.c.a.a.p.w.l.BuildJobQueueResource : REST request to get the running build jobs for course 928
    23:45:03.996 | 473 ool-1-worker-237 | WARN  | o.z.p.spring.common.AdviceTraits     : Forbidden: You are not allowed to access running build jobs of this course!
    23:45:03.997 | 601 taskScheduler-2  | DEBUG | a.a.b.s.SharedQueueProcessingService : Currently processing jobs on this node: 0, active threads in Pool: 0, maximum pool size of thread executor : 1

  Starting logs for LocalCIResourceIntegrationTest > testCancelAllRunningBuildJobsForAgent()
    23:45:04.039 | 473 ool-1-worker-237 | DEBUG | d.t.c.a.a.c.u.util.UserUtilService   : Generate 2 students...
    23:45:04.045 | 473 ool-1-worker-237 | DEBUG | d.t.c.a.a.c.u.util.UserUtilService   : 2 students generated. Generate 1 tutors...
    23:45:04.048 | 473 ool-1-worker-237 | DEBUG | d.t.c.a.a.c.u.util.UserUtilService   : 1 tutors generated. Generate 0 editors...
    23:45:04.049 | 473 ool-1-worker-237 | DEBUG | d.t.c.a.a.c.u.util.UserUtilService   : 0 editors generated. Generate 2 instructors...
    23:45:04.053 | 473 ool-1-worker-237 | DEBUG | d.t.c.a.a.c.u.util.UserUtilService   : 2 instructors generated
    23:45:04.055 | 473 ool-1-worker-237 | DEBUG | d.t.c.a.a.c.u.util.UserUtilService   : Removing 4 users from all courses...
    23:45:04.056 | 473 ool-1-worker-237 | DEBUG | d.t.c.a.a.c.u.util.UserUtilService   : Removing 4 users from all courses. Done
    23:45:04.056 | 473 ool-1-worker-237 | DEBUG | d.t.c.a.a.c.u.util.UserUtilService   : Save 5 users to database...
    23:45:04.060 | 473 ool-1-worker-237 | DEBUG | d.t.c.a.a.c.u.util.UserUtilService   : Save 5 users to database. Done
    23:45:04.097 | 565 localvc.event-12 | DEBUG | a.p.s.l.LocalCIQueueWebsocketService : CIBuildJobQueueItem added to processing jobs: BuildJobQueueItem[id=1, name=job1, buildAgent=BuildAgentDTO[name=artemis-build-agent-test, memberAddress=[127.0.0.1]:5703, displayName=], participationId=1, courseId=929, exerciseId=1, retryCount=1, priority=1, status=SUCCESSFUL, repositoryInfo=RepositoryInfo[repositoryName=test, repositoryType=null, triggeredByPushTo=user, assignmentRepositoryUri=test, testRepositoryUri=test, solutionRepositoryUri=test, auxiliaryRepositoryUris=null, auxiliaryRepositoryCheckoutDirectories=null], jobTimingInfo=JobTimingInfo[submissionDate=2025-02-14T23:46:04.094780529Z[Etc/UTC], buildStartDate=2025-02-14T23:47:04.094782933Z[Etc/UTC], buildCompletionDate=2025-02-14T23:48:04.094783314Z[Etc/UTC], estimatedCompletionDate=null, estimatedDuration=20], buildConfig=BuildConfig[buildScript=echo 'test', dockerImage=test, commitHashToBuild=test, assignmentCommitHash=test, testCommitHash=test, branch=test, programmingLanguage=null, projectType=null, scaEnabled=false, sequentialTestRunsEnabled=false, resultPaths=null, timeoutSeconds=0, assignmentCheckoutPath=null, testCheckoutPath=null, solutionCheckoutPath=null, dockerRunConfig=null], submissionResult=null]
    23:45:04.097 | 565 localvc.event-12 | DEBUG | s.l.LocalCIWebsocketMessagingService : Sending message on topic /topic/admin/running-jobs: [BuildJobQueueItem[id=1, name=job1, buildAgent=BuildAgentDTO[name=artemis-build-agent-test, memberAddress=[127.0.0.1]:5703, displayName=], participationId=1, courseId=929, exerciseId=1, retryCount=1, priority=1, status=SUCCESSFUL, repositoryInfo=RepositoryInfo[repositoryName=test, repositoryType=null, triggeredByPushTo=user, assignmentRepositoryUri=, testRepositoryUri=, solutionRepositoryUri=, auxiliaryRepositoryUris=null, auxiliaryRepositoryCheckoutDirectories=null], jobTimingInfo=JobTimingInfo[submissionDate=2025-02-14T23:46:04.094780529Z[Etc/UTC], buildStartDate=2025-02-14T23:47:04.094782933Z[Etc/UTC], buildCompletionDate=2025-02-14T23:48:04.094783314Z[Etc/UTC], estimatedCompletionDate=null, estimatedDuration=20], buildConfig=BuildConfig[buildScript=, dockerImage=, commitHashToBuild=test, assignmentCommitHash=, testCommitHash=, branch=, programmingLanguage=null, projectType=null, scaEnabled=false, sequentialTestRunsEnabled=false, resultPaths=null, timeoutSeconds=0, assignmentCheckoutPath=, testCheckoutPath=, solutionCheckoutPath=, dockerRunConfig=null], submissionResult=null]]
    23:45:04.098 | 565 localvc.event-12 | DEBUG | s.l.LocalCIWebsocketMessagingService : Sending message on topic /topic/courses/929/running-jobs: [BuildJobQueueItem[id=1, name=job1, buildAgent=BuildAgentDTO[name=artemis-build-agent-test, memberAddress=[127.0.0.1]:5703, displayName=], participationId=1, courseId=929, exerciseId=1, retryCount=1, priority=1, status=SUCCESSFUL, repositoryInfo=RepositoryInfo[repositoryName=test, repositoryType=null, triggeredByPushTo=user, assignmentRepositoryUri=, testRepositoryUri=, solutionRepositoryUri=, auxiliaryRepositoryUris=null, auxiliaryRepositoryCheckoutDirectories=null], jobTimingInfo=JobTimingInfo[submissionDate=2025-02-14T23:46:04.094780529Z[Etc/UTC], buildStartDate=2025-02-14T23:47:04.094782933Z[Etc/UTC], buildCompletionDate=2025-02-14T23:48:04.094783314Z[Etc/UTC], estimatedCompletionDate=null, estimatedDuration=20], buildConfig=BuildConfig[buildScript=, dockerImage=, commitHashToBuild=test, assignmentCommitHash=, testCommitHash=, branch=, programmingLanguage=null, projectType=null, scaEnabled=false, sequentialTestRunsEnabled=false, resultPaths=null, timeoutSeconds=0, assignmentCheckoutPath=, testCheckoutPath=, solutionCheckoutPath=, dockerRunConfig=null], submissionResult=null]]
    23:45:04.099 | 588 artemis-task-1   | DEBUG | d.t.c.a.a.c.c.w.GzipMessageConverter : Compressed message payload from 750 to 528 (saved 29.6% payload size)
    23:45:04.099 | 588 artemis-task-1   | DEBUG | d.t.c.a.a.c.c.w.GzipMessageConverter : Compressed message payload from 750 to 528 (saved 29.6% payload size)
    23:45:04.102 | 473 ool-1-worker-237 | INFO  | i.z.t.d.l.EmbeddedDatabaseReporter   : JDBC URL to connect to 'dataSource': url='jdbc:h2:tcp://localhost:41063/mem:f240edcd-27ce-47a3-b4ab-a6a00c154135;USER=sa', scope='LocalCIResourceIntegrationTest#testCancelAllRunningBuildJobsForAgent'
    23:45:04.102 | 566 localvc.event-13 | DEBUG | a.p.s.l.LocalCIQueueWebsocketService : Build agent added: BuildAgentInformation[buildAgent=BuildAgentDTO[name=artemis-build-agent-test, memberAddress=[127.0.0.1]:5703, displayName=], maxNumberOfConcurrentBuildJobs=2, numberOfCurrentBuildJobs=1, runningBuildJobs=[BuildJobQueueItem[id=1, name=job1, buildAgent=BuildAgentDTO[name=artemis-build-agent-test, memberAddress=[127.0.0.1]:5703, displayName=], participationId=1, courseId=929, exerciseId=1, retryCount=1, priority=1, status=SUCCESSFUL, repositoryInfo=RepositoryInfo[repositoryName=test, repositoryType=null, triggeredByPushTo=user, assignmentRepositoryUri=test, testRepositoryUri=test, solutionRepositoryUri=test, auxiliaryRepositoryUris=null, auxiliaryRepositoryCheckoutDirectories=null], jobTimingInfo=JobTimingInfo[submissionDate=2025-02-14T23:46:04.094780529Z[Etc/UTC], buildStartDate=2025-02-14T23:47:04.094782933Z[Etc/UTC], buildCompletionDate=2025-02-14T23:48:04.094783314Z[Etc/UTC], estimatedCompletionDate=null, estimatedDuration=20], buildConfig=BuildConfig[buildScript=echo 'test', dockerImage=test, commitHashToBuild=test, assignmentCommitHash=test, testCommitHash=test, branch=test, programmingLanguage=null, projectType=null, scaEnabled=false, sequentialTestRunsEnabled=false, resultPaths=null, timeoutSeconds=0, assignmentCheckoutPath=null, testCheckoutPath=null, solutionCheckoutPath=null, dockerRunConfig=null], submissionResult=null]], status=IDLE, recentBuildJobs=[BuildJobQueueItem[id=2, name=job2, buildAgent=BuildAgentDTO[name=artemis-build-agent-test, memberAddress=[127.0.0.1]:5703, displayName=], participationId=2, courseId=929, exerciseId=1, retryCount=1, priority=2, status=SUCCESSFUL, repositoryInfo=RepositoryInfo[repositoryName=test, repositoryType=null, triggeredByPushTo=user, assignmentRepositoryUri=test, testRepositoryUri=test, solutionRepositoryUri=test, auxiliaryRepositoryUris=null, auxiliaryRepositoryCheckoutDirectories=null], jobTimingInfo=JobTimingInfo[submissionDate=2025-02-14T23:45:04.094784436Z[Etc/UTC], buildStartDate=2025-02-14T23:46:04.094784556Z[Etc/UTC], buildCompletionDate=2025-02-14T23:47:04.094784766Z[Etc/UTC], estimatedCompletionDate=null, estimatedDuration=20], buildConfig=BuildConfig[buildScript=echo 'test', dockerImage=test, commitHashToBuild=test, assignmentCommitHash=test, testCommitHash=test, branch=test, programmingLanguage=null, projectType=null, scaEnabled=false, sequentialTestRunsEnabled=false, resultPaths=null, timeoutSeconds=0, assignmentCheckoutPath=null, testCheckoutPath=null, solutionCheckoutPath=null, dockerRunConfig=null], submissionResult=null]], publicSshKey=null]
    23:45:04.102 | 566 localvc.event-13 | DEBUG | s.l.LocalCIWebsocketMessagingService : Sending message on topic /topic/admin/build-agents: [BuildAgentInformation[buildAgent=BuildAgentDTO[name=artemis-build-agent-test, memberAddress=[127.0.0.1]:5703, displayName=], maxNumberOfConcurrentBuildJobs=2, numberOfCurrentBuildJobs=1, runningBuildJobs=[BuildJobQueueItem[id=1, name=job1, buildAgent=BuildAgentDTO[name=artemis-build-agent-test, memberAddress=[127.0.0.1]:5703, displayName=], participationId=1, courseId=929, exerciseId=1, retryCount=1, priority=1, status=SUCCESSFUL, repositoryInfo=RepositoryInfo[repositoryName=test, repositoryType=null, triggeredByPushTo=user, assignmentRepositoryUri=, testRepositoryUri=, solutionRepositoryUri=, auxiliaryRepositoryUris=null, auxiliaryRepositoryCheckoutDirectories=null], jobTimingInfo=JobTimingInfo[submissionDate=2025-02-14T23:46:04.094780529Z[Etc/UTC], buildStartDate=2025-02-14T23:47:04.094782933Z[Etc/UTC], buildCompletionDate=2025-02-14T23:48:04.094783314Z[Etc/UTC], estimatedCompletionDate=null, estimatedDuration=20], buildConfig=BuildConfig[buildScript=, dockerImage=, commitHashToBuild=test, assignmentCommitHash=, testCommitHash=, branch=, programmingLanguage=null, projectType=null, scaEnabled=false, sequentialTestRunsEnabled=false, resultPaths=null, timeoutSeconds=0, assignmentCheckoutPath=, testCheckoutPath=, solutionCheckoutPath=, dockerRunConfig=null], submissionResult=null]], status=IDLE, recentBuildJobs=null, publicSshKey=null]]
    23:45:04.103 | 473 ool-1-worker-237 | DEBUG | d.t.c.a.a.c.s.f.ApiVersionFilter     : Adding Version to Request DELETE /api/admin/cancel-all-running-jobs-for-agent
    23:45:04.103 | 588 artemis-task-1   | DEBUG | d.t.c.a.a.c.c.w.GzipMessageConverter : Compressed message payload from 1040 to 620 (saved 40.4% payload size)
    23:45:04.103 | 473 ool-1-worker-237 | DEBUG | a.a.c.w.a.AdminBuildJobQueueResource : REST request to cancel all running build jobs for agent artemis-build-agent-test
    23:45:04.105 | 566 localvc.event-13 | DEBUG | s.l.LocalCIWebsocketMessagingService : Sending message on topic /topic/admin/build-agent/artemis-build-agent-test: BuildAgentInformation[buildAgent=BuildAgentDTO[name=artemis-build-agent-test, memberAddress=[127.0.0.1]:5703, displayName=], maxNumberOfConcurrentBuildJobs=2, numberOfCurrentBuildJobs=1, runningBuildJobs=[BuildJobQueueItem[id=1, name=job1, buildAgent=BuildAgentDTO[name=artemis-build-agent-test, memberAddress=[127.0.0.1]:5703, displayName=], participationId=1, courseId=929, exerciseId=1, retryCount=1, priority=1, status=SUCCESSFUL, repositoryInfo=RepositoryInfo[repositoryName=test, repositoryType=null, triggeredByPushTo=user, assignmentRepositoryUri=test, testRepositoryUri=test, solutionRepositoryUri=test, auxiliaryRepositoryUris=null, auxiliaryRepositoryCheckoutDirectories=null], jobTimingInfo=JobTimingInfo[submissionDate=2025-02-14T23:46:04.094780529Z[Etc/UTC], buildStartDate=2025-02-14T23:47:04.094782933Z[Etc/UTC], buildCompletionDate=2025-02-14T23:48:04.094783314Z[Etc/UTC], estimatedCompletionDate=null, estimatedDuration=20], buildConfig=BuildConfig[buildScript=echo 'test', dockerImage=test, commitHashToBuild=test, assignmentCommitHash=test, testCommitHash=test, branch=test, programmingLanguage=null, projectType=null, scaEnabled=false, sequentialTestRunsEnabled=false, resultPaths=null, timeoutSeconds=0, assignmentCheckoutPath=null, testCheckoutPath=null, solutionCheckoutPath=null, dockerRunConfig=null], submissionResult=null]], status=IDLE, recentBuildJobs=[BuildJobQueueItem[id=2, name=job2, buildAgent=BuildAgentDTO[name=artemis-build-agent-test, memberAddress=[127.0.0.1]:5703, displayName=], participationId=2, courseId=929, exerciseId=1, retryCount=1, priority=2, status=SUCCESSFUL, repositoryInfo=RepositoryInfo[repositoryName=test, repositoryType=null, triggeredByPushTo=user, assignmentRepositoryUri=test, testRepositoryUri=test, solutionRepositoryUri=test, auxiliaryRepositoryUris=null, auxiliaryRepositoryCheckoutDirectories=null], jobTimingInfo=JobTimingInfo[submissionDate=2025-02-14T23:45:04.094784436Z[Etc/UTC], buildStartDate=2025-02-14T23:46:04.094784556Z[Etc/UTC], buildCompletionDate=2025-02-14T23:47:04.094784766Z[Etc/UTC], estimatedCompletionDate=null, estimatedDuration=20], buildConfig=BuildConfig[buildScript=echo 'test', dockerImage=test, commitHashToBuild=test, assignmentCommitHash=test, testCommitHash=test, branch=test, programmingLanguage=null, projectType=null, scaEnabled=false, sequentialTestRunsEnabled=false, resultPaths=null, timeoutSeconds=0, assignmentCheckoutPath=null, testCheckoutPath=null, solutionCheckoutPath=null, dockerRunConfig=null], submissionResult=null]], publicSshKey=null]
    23:45:04.105 | 566 localvc.event-13 | DEBUG | a.p.s.l.SharedQueueManagementService : Build agent added: null
    23:45:04.105 | 565 localvc.event-12 | DEBUG | a.p.s.l.LocalCIQueueWebsocketService : CIBuildJobQueueItem added to processing jobs: BuildJobQueueItem[id=2, name=job2, buildAgent=BuildAgentDTO[name=artemis-build-agent-test, memberAddress=[127.0.0.1]:5703, displayName=], participationId=2, courseId=929, exerciseId=1, retryCount=1, priority=2, status=SUCCESSFUL, repositoryInfo=RepositoryInfo[repositoryName=test, repositoryType=null, triggeredByPushTo=user, assignmentRepositoryUri=test, testRepositoryUri=test, solutionRepositoryUri=test, auxiliaryRepositoryUris=null, auxiliaryRepositoryCheckoutDirectories=null], jobTimingInfo=JobTimingInfo[submissionDate=2025-02-14T23:45:04.094784436Z[Etc/UTC], buildStartDate=2025-02-14T23:46:04.094784556Z[Etc/UTC], buildCompletionDate=2025-02-14T23:47:04.094784766Z[Etc/UTC], estimatedCompletionDate=null, estimatedDuration=20], buildConfig=BuildConfig[buildScript=echo 'test', dockerImage=test, commitHashToBuild=test, assignmentCommitHash=test, testCommitHash=test, branch=test, programmingLanguage=null, projectType=null, scaEnabled=false, sequentialTestRunsEnabled=false, resultPaths=null, timeoutSeconds=0, assignmentCheckoutPath=null, testCheckoutPath=null, solutionCheckoutPath=null, dockerRunConfig=null], submissionResult=null]
    23:45:04.106 | 588 artemis-task-1   | DEBUG | d.t.c.a.a.c.c.w.GzipMessageConverter : Compressed message payload from 2432 to 796 (saved 67.3% payload size)
    23:45:04.106 | 565 localvc.event-12 | DEBUG | s.l.LocalCIWebsocketMessagingService : Sending message on topic /topic/admin/running-jobs: [BuildJobQueueItem[id=1, name=job1, buildAgent=BuildAgentDTO[name=artemis-build-agent-test, memberAddress=[127.0.0.1]:5703, displayName=], participationId=1, courseId=929, exerciseId=1, retryCount=1, priority=1, status=SUCCESSFUL, repositoryInfo=RepositoryInfo[repositoryName=test, repositoryType=null, triggeredByPushTo=user, assignmentRepositoryUri=, testRepositoryUri=, solutionRepositoryUri=, auxiliaryRepositoryUris=null, auxiliaryRepositoryCheckoutDirectories=null], jobTimingInfo=JobTimingInfo[submissionDate=2025-02-14T23:46:04.094780529Z[Etc/UTC], buildStartDate=2025-02-14T23:47:04.094782933Z[Etc/UTC], buildCompletionDate=2025-02-14T23:48:04.094783314Z[Etc/UTC], estimatedCompletionDate=null, estimatedDuration=20], buildConfig=BuildConfig[buildScript=, dockerImage=, commitHashToBuild=test, assignmentCommitHash=, testCommitHash=, branch=, programmingLanguage=null, projectType=null, scaEnabled=false, sequentialTestRunsEnabled=false, resultPaths=null, timeoutSeconds=0, assignmentCheckoutPath=, testCheckoutPath=, solutionCheckoutPath=, dockerRunConfig=null], submissionResult=null], BuildJobQueueItem[id=2, name=job2, buildAgent=BuildAgentDTO[name=artemis-build-agent-test, memberAddress=[127.0.0.1]:5703, displayName=], participationId=2, courseId=929, exerciseId=1, retryCount=1, priority=2, status=SUCCESSFUL, repositoryInfo=RepositoryInfo[repositoryName=test, repositoryType=null, triggeredByPushTo=user, assignmentRepositoryUri=, testRepositoryUri=, solutionRepositoryUri=, auxiliaryRepositoryUris=null, auxiliaryRepositoryCheckoutDirectories=null], jobTimingInfo=JobTimingInfo[submissionDate=2025-02-14T23:45:04.094784436Z[Etc/UTC], buildStartDate=2025-02-14T23:46:04.094784556Z[Etc/UTC], buildCompletionDate=2025-02-14T23:47:04.094784766Z[Etc/UTC], estimatedCompletionDate=null, estimatedDuration=20], buildConfig=BuildConfig[buildScript=, dockerImage=, commitHashToBuild=test, assignmentCommitHash=, testCommitHash=, branch=, programmingLanguage=null, projectType=null, scaEnabled=false, sequentialTestRunsEnabled=false, resultPaths=null, timeoutSeconds=0, assignmentCheckoutPath=, testCheckoutPath=, solutionCheckoutPath=, dockerRunConfig=null], submissionResult=null]]
    23:45:04.107 | 588 artemis-task-1   | DEBUG | d.t.c.a.a.c.c.w.GzipMessageConverter : Compressed message payload from 1498 to 596 (saved 60.2% payload size)
    23:45:04.109 | 565 localvc.event-12 | DEBUG | s.l.LocalCIWebsocketMessagingService : Sending message on topic /topic/courses/929/running-jobs: [BuildJobQueueItem[id=1, name=job1, buildAgent=BuildAgentDTO[name=artemis-build-agent-test, memberAddress=[127.0.0.1]:5703, displayName=], participationId=1, courseId=929, exerciseId=1, retryCount=1, priority=1, status=SUCCESSFUL, repositoryInfo=RepositoryInfo[repositoryName=test, repositoryType=null, triggeredByPushTo=user, assignmentRepositoryUri=, testRepositoryUri=, solutionRepositoryUri=, auxiliaryRepositoryUris=null, auxiliaryRepositoryCheckoutDirectories=null], jobTimingInfo=JobTimingInfo[submissionDate=2025-02-14T23:46:04.094780529Z[Etc/UTC], buildStartDate=2025-02-14T23:47:04.094782933Z[Etc/UTC], buildCompletionDate=2025-02-14T23:48:04.094783314Z[Etc/UTC], estimatedCompletionDate=null, estimatedDuration=20], buildConfig=BuildConfig[buildScript=, dockerImage=, commitHashToBuild=test, assignmentCommitHash=, testCommitHash=, branch=, programmingLanguage=null, projectType=null, scaEnabled=false, sequentialTestRunsEnabled=false, resultPaths=null, timeoutSeconds=0, assignmentCheckoutPath=, testCheckoutPath=, solutionCheckoutPath=, dockerRunConfig=null], submissionResult=null], BuildJobQueueItem[id=2, name=job2, buildAgent=BuildAgentDTO[name=artemis-build-agent-test, memberAddress=[127.0.0.1]:5703, displayName=], participationId=2, courseId=929, exerciseId=1, retryCount=1, priority=2, status=SUCCESSFUL, repositoryInfo=RepositoryInfo[repositoryName=test, repositoryType=null, triggeredByPushTo=user, assignmentRepositoryUri=, testRepositoryUri=, solutionRepositoryUri=, auxiliaryRepositoryUris=null, auxiliaryRepositoryCheckoutDirectories=null], jobTimingInfo=JobTimingInfo[submissionDate=2025-02-14T23:45:04.094784436Z[Etc/UTC], buildStartDate=2025-02-14T23:46:04.094784556Z[Etc/UTC], buildCompletionDate=2025-02-14T23:47:04.094784766Z[Etc/UTC], estimatedCompletionDate=null, estimatedDuration=20], buildConfig=BuildConfig[buildScript=, dockerImage=, commitHashToBuild=test, assignmentCommitHash=, testCommitHash=, branch=, programmingLanguage=null, projectType=null, scaEnabled=false, sequentialTestRunsEnabled=false, resultPaths=null, timeoutSeconds=0, assignmentCheckoutPath=, testCheckoutPath=, solutionCheckoutPath=, dockerRunConfig=null], submissionResult=null]]
    23:45:04.112 | 588 artemis-task-1   | DEBUG | d.t.c.a.a.c.c.w.GzipMessageConverter : Compressed message payload from 1498 to 596 (saved 60.2% payload size)
    23:45:04.114 | 615 taskScheduler-4  | DEBUG | a.a.b.s.SharedQueueProcessingService : Currently processing jobs on this node: 0, active threads in Pool: 0, maximum pool size of thread executor : 1
    23:45:04.118 | 565 localvc.event-12 | DEBUG | a.p.s.l.LocalCIQueueWebsocketService : CIBuildJobQueueItem removed from processing jobs: BuildJobQueueItem[id=1, name=job1, buildAgent=BuildAgentDTO[name=artemis-build-agent-test, memberAddress=[127.0.0.1]:5703, displayName=], participationId=1, courseId=929, exerciseId=1, retryCount=1, priority=1, status=SUCCESSFUL, repositoryInfo=RepositoryInfo[repositoryName=test, repositoryType=null, triggeredByPushTo=user, assignmentRepositoryUri=test, testRepositoryUri=test, solutionRepositoryUri=test, auxiliaryRepositoryUris=null, auxiliaryRepositoryCheckoutDirectories=null], jobTimingInfo=JobTimingInfo[submissionDate=2025-02-14T23:46:04.094780529Z[Etc/UTC], buildStartDate=2025-02-14T23:47:04.094782933Z[Etc/UTC], buildCompletionDate=2025-02-14T23:48:04.094783314Z[Etc/UTC], estimatedCompletionDate=null, estimatedDuration=20], buildConfig=BuildConfig[buildScript=echo 'test', dockerImage=test, commitHashToBuild=test, assignmentCommitHash=test, testCommitHash=test, branch=test, programmingLanguage=null, projectType=null, scaEnabled=false, sequentialTestRunsEnabled=false, resultPaths=null, timeoutSeconds=0, assignmentCheckoutPath=null, testCheckoutPath=null, solutionCheckoutPath=null, dockerRunConfig=null], submissionResult=null]
    23:45:04.118 | 565 localvc.event-12 | DEBUG | s.l.LocalCIWebsocketMessagingService : Sending message on topic /topic/admin/running-jobs: []
    23:45:04.118 | 565 localvc.event-12 | DEBUG | s.l.LocalCIWebsocketMessagingService : Sending message on topic /topic/courses/929/running-jobs: []
    23:45:04.118 | 565 localvc.event-12 | DEBUG | a.p.s.l.LocalCIQueueWebsocketService : CIBuildJobQueueItem removed from processing jobs: BuildJobQueueItem[id=2, name=job2, buildAgent=BuildAgentDTO[name=artemis-build-agent-test, memberAddress=[127.0.0.1]:5703, displayName=], participationId=2, courseId=929, exerciseId=1, retryCount=1, priority=2, status=SUCCESSFUL, repositoryInfo=RepositoryInfo[repositoryName=test, repositoryType=null, triggeredByPushTo=user, assignmentRepositoryUri=test, testRepositoryUri=test, solutionRepositoryUri=test, auxiliaryRepositoryUris=null, auxiliaryRepositoryCheckoutDirectories=null], jobTimingInfo=JobTimingInfo[submissionDate=2025-02-14T23:45:04.094784436Z[Etc/UTC], buildStartDate=2025-02-14T23:46:04.094784556Z[Etc/UTC], buildCompletionDate=2025-02-14T23:47:04.094784766Z[Etc/UTC], estimatedCompletionDate=null, estimatedDuration=20], buildConfig=BuildConfig[buildScript=echo 'test', dockerImage=test, commitHashToBuild=test, assignmentCommitHash=test, testCommitHash=test, branch=test, programmingLanguage=null, projectType=null, scaEnabled=false, sequentialTestRunsEnabled=false, resultPaths=null, timeoutSeconds=0, assignmentCheckoutPath=null, testCheckoutPath=null, solutionCheckoutPath=null, dockerRunConfig=null], submissionResult=null]
    23:45:04.119 | 565 localvc.event-12 | DEBUG | s.l.LocalCIWebsocketMessagingService : Sending message on topic /topic/admin/running-jobs: []
    23:45:04.119 | 565 localvc.event-12 | DEBUG | s.l.LocalCIWebsocketMessagingService : Sending message on topic /topic/courses/929/running-jobs: []

  Starting logs for LocalCIResourceIntegrationTest > testGetBuildAgents_returnsAgents()
    23:45:04.156 | 473 ool-1-worker-237 | DEBUG | d.t.c.a.a.c.u.util.UserUtilService   : Generate 2 students...
    23:45:04.160 | 473 ool-1-worker-237 | DEBUG | d.t.c.a.a.c.u.util.UserUtilService   : 2 students generated. Generate 1 tutors...
    23:45:04.163 | 473 ool-1-worker-237 | DEBUG | d.t.c.a.a.c.u.util.UserUtilService   : 1 tutors generated. Generate 0 editors...
    23:45:04.164 | 473 ool-1-worker-237 | DEBUG | d.t.c.a.a.c.u.util.UserUtilService   : 0 editors generated. Generate 2 instructors...
    23:45:04.168 | 473 ool-1-worker-237 | DEBUG | d.t.c.a.a.c.u.util.UserUtilService   : 2 instructors generated
    23:45:04.170 | 473 ool-1-worker-237 | DEBUG | d.t.c.a.a.c.u.util.UserUtilService   : Removing 4 users from all courses...
    23:45:04.170 | 473 ool-1-worker-237 | DEBUG | d.t.c.a.a.c.u.util.UserUtilService   : Removing 4 users from all courses. Done
    23:45:04.170 | 473 ool-1-worker-237 | DEBUG | d.t.c.a.a.c.u.util.UserUtilService   : Save 5 users to database...
    23:45:04.175 | 473 ool-1-worker-237 | DEBUG | d.t.c.a.a.c.u.util.UserUtilService   : Save 5 users to database. Done
    23:45:04.209 | 565 localvc.event-12 | DEBUG | a.p.s.l.LocalCIQueueWebsocketService : CIBuildJobQueueItem added to processing jobs: BuildJobQueueItem[id=1, name=job1, buildAgent=BuildAgentDTO[name=artemis-build-agent-test, memberAddress=[127.0.0.1]:5703, displayName=], participationId=1, courseId=930, exerciseId=1, retryCount=1, priority=1, status=SUCCESSFUL, repositoryInfo=RepositoryInfo[repositoryName=test, repositoryType=null, triggeredByPushTo=user, assignmentRepositoryUri=test, testRepositoryUri=test, solutionRepositoryUri=test, auxiliaryRepositoryUris=null, auxiliaryRepositoryCheckoutDirectories=null], jobTimingInfo=JobTimingInfo[submissionDate=2025-02-14T23:46:04.207125039Z[Etc/UTC], buildStartDate=2025-02-14T23:47:04.207126832Z[Etc/UTC], buildCompletionDate=2025-02-14T23:48:04.207127133Z[Etc/UTC], estimatedCompletionDate=null, estimatedDuration=20], buildConfig=BuildConfig[buildScript=echo 'test', dockerImage=test, commitHashToBuild=test, assignmentCommitHash=test, testCommitHash=test, branch=test, programmingLanguage=null, projectType=null, scaEnabled=false, sequentialTestRunsEnabled=false, resultPaths=null, timeoutSeconds=0, assignmentCheckoutPath=null, testCheckoutPath=null, solutionCheckoutPath=null, dockerRunConfig=null], submissionResult=null]
    23:45:04.209 | 565 localvc.event-12 | DEBUG | s.l.LocalCIWebsocketMessagingService : Sending message on topic /topic/admin/running-jobs: [BuildJobQueueItem[id=1, name=job1, buildAgent=BuildAgentDTO[name=artemis-build-agent-test, memberAddress=[127.0.0.1]:5703, displayName=], participationId=1, courseId=930, exerciseId=1, retryCount=1, priority=1, status=SUCCESSFUL, repositoryInfo=RepositoryInfo[repositoryName=test, repositoryType=null, triggeredByPushTo=user, assignmentRepositoryUri=, testRepositoryUri=, solutionRepositoryUri=, auxiliaryRepositoryUris=null, auxiliaryRepositoryCheckoutDirectories=null], jobTimingInfo=JobTimingInfo[submissionDate=2025-02-14T23:46:04.207125039Z[Etc/UTC], buildStartDate=2025-02-14T23:47:04.207126832Z[Etc/UTC], buildCompletionDate=2025-02-14T23:48:04.207127133Z[Etc/UTC], estimatedCompletionDate=null, estimatedDuration=20], buildConfig=BuildConfig[buildScript=, dockerImage=, commitHashToBuild=test, assignmentCommitHash=, testCommitHash=, branch=, programmingLanguage=null, projectType=null, scaEnabled=false, sequentialTestRunsEnabled=false, resultPaths=null, timeoutSeconds=0, assignmentCheckoutPath=, testCheckoutPath=, solutionCheckoutPath=, dockerRunConfig=null], submissionResult=null]]
    23:45:04.210 | 588 artemis-task-1   | DEBUG | d.t.c.a.a.c.c.w.GzipMessageConverter : Compressed message payload from 750 to 524 (saved 30.1% payload size)
    23:45:04.210 | 565 localvc.event-12 | DEBUG | s.l.LocalCIWebsocketMessagingService : Sending message on topic /topic/courses/930/running-jobs: [BuildJobQueueItem[id=1, name=job1, buildAgent=BuildAgentDTO[name=artemis-build-agent-test, memberAddress=[127.0.0.1]:5703, displayName=], participationId=1, courseId=930, exerciseId=1, retryCount=1, priority=1, status=SUCCESSFUL, repositoryInfo=RepositoryInfo[repositoryName=test, repositoryType=null, triggeredByPushTo=user, assignmentRepositoryUri=, testRepositoryUri=, solutionRepositoryUri=, auxiliaryRepositoryUris=null, auxiliaryRepositoryCheckoutDirectories=null], jobTimingInfo=JobTimingInfo[submissionDate=2025-02-14T23:46:04.207125039Z[Etc/UTC], buildStartDate=2025-02-14T23:47:04.207126832Z[Etc/UTC], buildCompletionDate=2025-02-14T23:48:04.207127133Z[Etc/UTC], estimatedCompletionDate=null, estimatedDuration=20], buildConfig=BuildConfig[buildScript=, dockerImage=, commitHashToBuild=test, assignmentCommitHash=, testCommitHash=, branch=, programmingLanguage=null, projectType=null, scaEnabled=false, sequentialTestRunsEnabled=false, resultPaths=null, timeoutSeconds=0, assignmentCheckoutPath=, testCheckoutPath=, solutionCheckoutPath=, dockerRunConfig=null], submissionResult=null]]
    23:45:04.210 | 588 artemis-task-1   | DEBUG | d.t.c.a.a.c.c.w.GzipMessageConverter : Compressed message payload from 750 to 524 (saved 30.1% payload size)
    23:45:04.210 | 566 localvc.event-13 | DEBUG | a.p.s.l.LocalCIQueueWebsocketService : Build agent added: BuildAgentInformation[buildAgent=BuildAgentDTO[name=artemis-build-agent-test, memberAddress=[127.0.0.1]:5703, displayName=], maxNumberOfConcurrentBuildJobs=2, numberOfCurrentBuildJobs=1, runningBuildJobs=[BuildJobQueueItem[id=1, name=job1, buildAgent=BuildAgentDTO[name=artemis-build-agent-test, memberAddress=[127.0.0.1]:5703, displayName=], participationId=1, courseId=930, exerciseId=1, retryCount=1, priority=1, status=SUCCESSFUL, repositoryInfo=RepositoryInfo[repositoryName=test, repositoryType=null, triggeredByPushTo=user, assignmentRepositoryUri=test, testRepositoryUri=test, solutionRepositoryUri=test, auxiliaryRepositoryUris=null, auxiliaryRepositoryCheckoutDirectories=null], jobTimingInfo=JobTimingInfo[submissionDate=2025-02-14T23:46:04.207125039Z[Etc/UTC], buildStartDate=2025-02-14T23:47:04.207126832Z[Etc/UTC], buildCompletionDate=2025-02-14T23:48:04.207127133Z[Etc/UTC], estimatedCompletionDate=null, estimatedDuration=20], buildConfig=BuildConfig[buildScript=echo 'test', dockerImage=test, commitHashToBuild=test, assignmentCommitHash=test, testCommitHash=test, branch=test, programmingLanguage=null, projectType=null, scaEnabled=false, sequentialTestRunsEnabled=false, resultPaths=null, timeoutSeconds=0, assignmentCheckoutPath=null, testCheckoutPath=null, solutionCheckoutPath=null, dockerRunConfig=null], submissionResult=null]], status=IDLE, recentBuildJobs=[BuildJobQueueItem[id=2, name=job2, buildAgent=BuildAgentDTO[name=artemis-build-agent-test, memberAddress=[127.0.0.1]:5703, displayName=], participationId=2, courseId=930, exerciseId=1, retryCount=1, priority=2, status=SUCCESSFUL, repositoryInfo=RepositoryInfo[repositoryName=test, repositoryType=null, triggeredByPushTo=user, assignmentRepositoryUri=test, testRepositoryUri=test, solutionRepositoryUri=test, auxiliaryRepositoryUris=null, auxiliaryRepositoryCheckoutDirectories=null], jobTimingInfo=JobTimingInfo[submissionDate=2025-02-14T23:45:04.207128375Z[Etc/UTC], buildStartDate=2025-02-14T23:46:04.207128505Z[Etc/UTC], buildCompletionDate=2025-02-14T23:47:04.207128696Z[Etc/UTC], estimatedCompletionDate=null, estimatedDuration=20], buildConfig=BuildConfig[buildScript=echo 'test', dockerImage=test, commitHashToBuild=test, assignmentCommitHash=test, testCommitHash=test, branch=test, programmingLanguage=null, projectType=null, scaEnabled=false, sequentialTestRunsEnabled=false, resultPaths=null, timeoutSeconds=0, assignmentCheckoutPath=null, testCheckoutPath=null, solutionCheckoutPath=null, dockerRunConfig=null], submissionResult=null]], publicSshKey=null]
    23:45:04.211 | 566 localvc.event-13 | DEBUG | s.l.LocalCIWebsocketMessagingService : Sending message on topic /topic/admin/build-agents: [BuildAgentInformation[buildAgent=BuildAgentDTO[name=artemis-build-agent-test, memberAddress=[127.0.0.1]:5703, displayName=], maxNumberOfConcurrentBuildJobs=2, numberOfCurrentBuildJobs=1, runningBuildJobs=[BuildJobQueueItem[id=1, name=job1, buildAgent=BuildAgentDTO[name=artemis-build-agent-test, memberAddress=[127.0.0.1]:5703, displayName=], participationId=1, courseId=930, exerciseId=1, retryCount=1, priority=1, status=SUCCESSFUL, repositoryInfo=RepositoryInfo[repositoryName=test, repositoryType=null, triggeredByPushTo=user, assignmentRepositoryUri=, testRepositoryUri=, solutionRepositoryUri=, auxiliaryRepositoryUris=null, auxiliaryRepositoryCheckoutDirectories=null], jobTimingInfo=JobTimingInfo[submissionDate=2025-02-14T23:46:04.207125039Z[Etc/UTC], buildStartDate=2025-02-14T23:47:04.207126832Z[Etc/UTC], buildCompletionDate=2025-02-14T23:48:04.207127133Z[Etc/UTC], estimatedCompletionDate=null, estimatedDuration=20], buildConfig=BuildConfig[buildScript=, dockerImage=, commitHashToBuild=test, assignmentCommitHash=, testCommitHash=, branch=, programmingLanguage=null, projectType=null, scaEnabled=false, sequentialTestRunsEnabled=false, resultPaths=null, timeoutSeconds=0, assignmentCheckoutPath=, testCheckoutPath=, solutionCheckoutPath=, dockerRunConfig=null], submissionResult=null]], status=IDLE, recentBuildJobs=null, publicSshKey=null]]
    23:45:04.211 | 588 artemis-task-1   | DEBUG | d.t.c.a.a.c.c.w.GzipMessageConverter : Compressed message payload from 1040 to 620 (saved 40.4% payload size)
    23:45:04.212 | 473 ool-1-worker-237 | INFO  | i.z.t.d.l.EmbeddedDatabaseReporter   : JDBC URL to connect to 'dataSource': url='jdbc:h2:tcp://localhost:41063/mem:f240edcd-27ce-47a3-b4ab-a6a00c154135;USER=sa', scope='LocalCIResourceIntegrationTest#testGetBuildAgents_returnsAgents'
    23:45:04.212 | 473 ool-1-worker-237 | DEBUG | d.t.c.a.a.c.s.f.ApiVersionFilter     : Adding Version to Request GET /api/admin/build-agents
    23:45:04.214 | 566 localvc.event-13 | DEBUG | s.l.LocalCIWebsocketMessagingService : Sending message on topic /topic/admin/build-agent/artemis-build-agent-test: BuildAgentInformation[buildAgent=BuildAgentDTO[name=artemis-build-agent-test, memberAddress=[127.0.0.1]:5703, displayName=], maxNumberOfConcurrentBuildJobs=2, numberOfCurrentBuildJobs=1, runningBuildJobs=[BuildJobQueueItem[id=1, name=job1, buildAgent=BuildAgentDTO[name=artemis-build-agent-test, memberAddress=[127.0.0.1]:5703, displayName=], participationId=1, courseId=930, exerciseId=1, retryCount=1, priority=1, status=SUCCESSFUL, repositoryInfo=RepositoryInfo[repositoryName=test, repositoryType=null, triggeredByPushTo=user, assignmentRepositoryUri=test, testRepositoryUri=test, solutionRepositoryUri=test, auxiliaryRepositoryUris=null, auxiliaryRepositoryCheckoutDirectories=null], jobTimingInfo=JobTimingInfo[submissionDate=2025-02-14T23:46:04.207125039Z[Etc/UTC], buildStartDate=2025-02-14T23:47:04.207126832Z[Etc/UTC], buildCompletionDate=2025-02-14T23:48:04.207127133Z[Etc/UTC], estimatedCompletionDate=null, estimatedDuration=20], buildConfig=BuildConfig[buildScript=echo 'test', dockerImage=test, commitHashToBuild=test, assignmentCommitHash=test, testCommitHash=test, branch=test, programmingLanguage=null, projectType=null, scaEnabled=false, sequentialTestRunsEnabled=false, resultPaths=null, timeoutSeconds=0, assignmentCheckoutPath=null, testCheckoutPath=null, solutionCheckoutPath=null, dockerRunConfig=null], submissionResult=null]], status=IDLE, recentBuildJobs=[BuildJobQueueItem[id=2, name=job2, buildAgent=BuildAgentDTO[name=artemis-build-agent-test, memberAddress=[127.0.0.1]:5703, displayName=], participationId=2, courseId=930, exerciseId=1, retryCount=1, priority=2, status=SUCCESSFUL, repositoryInfo=RepositoryInfo[repositoryName=test, repositoryType=null, triggeredByPushTo=user, assignmentRepositoryUri=test, testRepositoryUri=test, solutionRepositoryUri=test, auxiliaryRepositoryUris=null, auxiliaryRepositoryCheckoutDirectories=null], jobTimingInfo=JobTimingInfo[submissionDate=2025-02-14T23:45:04.207128375Z[Etc/UTC], buildStartDate=2025-02-14T23:46:04.207128505Z[Etc/UTC], buildCompletionDate=2025-02-14T23:47:04.207128696Z[Etc/UTC], estimatedCompletionDate=null, estimatedDuration=20], buildConfig=BuildConfig[buildScript=echo 'test', dockerImage=test, commitHashToBuild=test, assignmentCommitHash=test, testCommitHash=test, branch=test, programmingLanguage=null, projectType=null, scaEnabled=false, sequentialTestRunsEnabled=false, resultPaths=null, timeoutSeconds=0, assignmentCheckoutPath=null, testCheckoutPath=null, solutionCheckoutPath=null, dockerRunConfig=null], submissionResult=null]], publicSshKey=null]
    23:45:04.214 | 566 localvc.event-13 | DEBUG | a.p.s.l.SharedQueueManagementService : Build agent added: null
    23:45:04.215 | 588 artemis-task-1   | DEBUG | d.t.c.a.a.c.c.w.GzipMessageConverter : Compressed message payload from 2432 to 796 (saved 67.3% payload size)
    23:45:04.215 | 473 ool-1-worker-237 | DEBUG | a.a.c.w.a.AdminBuildJobQueueResource : REST request to get information on available build agents
    23:45:04.217 | 565 localvc.event-12 | DEBUG | a.p.s.l.LocalCIQueueWebsocketService : CIBuildJobQueueItem added to processing jobs: BuildJobQueueItem[id=2, name=job2, buildAgent=BuildAgentDTO[name=artemis-build-agent-test, memberAddress=[127.0.0.1]:5703, displayName=], participationId=2, courseId=930, exerciseId=1, retryCount=1, priority=2, status=SUCCESSFUL, repositoryInfo=RepositoryInfo[repositoryName=test, repositoryType=null, triggeredByPushTo=user, assignmentRepositoryUri=test, testRepositoryUri=test, solutionRepositoryUri=test, auxiliaryRepositoryUris=null, auxiliaryRepositoryCheckoutDirectories=null], jobTimingInfo=JobTimingInfo[submissionDate=2025-02-14T23:45:04.207128375Z[Etc/UTC], buildStartDate=2025-02-14T23:46:04.207128505Z[Etc/UTC], buildCompletionDate=2025-02-14T23:47:04.207128696Z[Etc/UTC], estimatedCompletionDate=null, estimatedDuration=20], buildConfig=BuildConfig[buildScript=echo 'test', dockerImage=test, commitHashToBuild=test, assignmentCommitHash=test, testCommitHash=test, branch=test, programmingLanguage=null, projectType=null, scaEnabled=false, sequentialTestRunsEnabled=false, resultPaths=null, timeoutSeconds=0, assignmentCheckoutPath=null, testCheckoutPath=null, solutionCheckoutPath=null, dockerRunConfig=null], submissionResult=null]
    23:45:04.218 | 565 localvc.event-12 | DEBUG | s.l.LocalCIWebsocketMessagingService : Sending message on topic /topic/admin/running-jobs: [BuildJobQueueItem[id=1, name=job1, buildAgent=BuildAgentDTO[name=artemis-build-agent-test, memberAddress=[127.0.0.1]:5703, displayName=], participationId=1, courseId=930, exerciseId=1, retryCount=1, priority=1, status=SUCCESSFUL, repositoryInfo=RepositoryInfo[repositoryName=test, repositoryType=null, triggeredByPushTo=user, assignmentRepositoryUri=, testRepositoryUri=, solutionRepositoryUri=, auxiliaryRepositoryUris=null, auxiliaryRepositoryCheckoutDirectories=null], jobTimingInfo=JobTimingInfo[submissionDate=2025-02-14T23:46:04.207125039Z[Etc/UTC], buildStartDate=2025-02-14T23:47:04.207126832Z[Etc/UTC], buildCompletionDate=2025-02-14T23:48:04.207127133Z[Etc/UTC], estimatedCompletionDate=null, estimatedDuration=20], buildConfig=BuildConfig[buildScript=, dockerImage=, commitHashToBuild=test, assignmentCommitHash=, testCommitHash=, branch=, programmingLanguage=null, projectType=null, scaEnabled=false, sequentialTestRunsEnabled=false, resultPaths=null, timeoutSeconds=0, assignmentCheckoutPath=, testCheckoutPath=, solutionCheckoutPath=, dockerRunConfig=null], submissionResult=null], BuildJobQueueItem[id=2, name=job2, buildAgent=BuildAgentDTO[name=artemis-build-agent-test, memberAddress=[127.0.0.1]:5703, displayName=], participationId=2, courseId=930, exerciseId=1, retryCount=1, priority=2, status=SUCCESSFUL, repositoryInfo=RepositoryInfo[repositoryName=test, repositoryType=null, triggeredByPushTo=user, assignmentRepositoryUri=, testRepositoryUri=, solutionRepositoryUri=, auxiliaryRepositoryUris=null, auxiliaryRepositoryCheckoutDirectories=null], jobTimingInfo=JobTimingInfo[submissionDate=2025-02-14T23:45:04.207128375Z[Etc/UTC], buildStartDate=2025-02-14T23:46:04.207128505Z[Etc/UTC], buildCompletionDate=2025-02-14T23:47:04.207128696Z[Etc/UTC], estimatedCompletionDate=null, estimatedDuration=20], buildConfig=BuildConfig[buildScript=, dockerImage=, commitHashToBuild=test, assignmentCommitHash=, testCommitHash=, branch=, programmingLanguage=null, projectType=null, scaEnabled=false, sequentialTestRunsEnabled=false, resultPaths=null, timeoutSeconds=0, assignmentCheckoutPath=, testCheckoutPath=, solutionCheckoutPath=, dockerRunConfig=null], submissionResult=null]]
    23:45:04.219 | 588 artemis-task-1   | DEBUG | d.t.c.a.a.c.c.w.GzipMessageConverter : Compressed message payload from 1498 to 596 (saved 60.2% payload size)
    23:45:04.219 | 600 taskScheduler-1  | DEBUG | a.a.b.s.SharedQueueProcessingService : Currently processing jobs on this node: 0, active threads in Pool: 0, maximum pool size of thread executor : 1
    23:45:04.219 | 565 localvc.event-12 | DEBUG | s.l.LocalCIWebsocketMessagingService : Sending message on topic /topic/courses/930/running-jobs: [BuildJobQueueItem[id=1, name=job1, buildAgent=BuildAgentDTO[name=artemis-build-agent-test, memberAddress=[127.0.0.1]:5703, displayName=], participationId=1, courseId=930, exerciseId=1, retryCount=1, priority=1, status=SUCCESSFUL, repositoryInfo=RepositoryInfo[repositoryName=test, repositoryType=null, triggeredByPushTo=user, assignmentRepositoryUri=, testRepositoryUri=, solutionRepositoryUri=, auxiliaryRepositoryUris=null, auxiliaryRepositoryCheckoutDirectories=null], jobTimingInfo=JobTimingInfo[submissionDate=2025-02-14T23:46:04.207125039Z[Etc/UTC], buildStartDate=2025-02-14T23:47:04.207126832Z[Etc/UTC], buildCompletionDate=2025-02-14T23:48:04.207127133Z[Etc/UTC], estimatedCompletionDate=null, estimatedDuration=20], buildConfig=BuildConfig[buildScript=, dockerImage=, commitHashToBuild=test, assignmentCommitHash=, testCommitHash=, branch=, programmingLanguage=null, projectType=null, scaEnabled=false, sequentialTestRunsEnabled=false, resultPaths=null, timeoutSeconds=0, assignmentCheckoutPath=, testCheckoutPath=, solutionCheckoutPath=, dockerRunConfig=null], submissionResult=null], BuildJobQueueItem[id=2, name=job2, buildAgent=BuildAgentDTO[name=artemis-build-agent-test, memberAddress=[127.0.0.1]:5703, displayName=], participationId=2, courseId=930, exerciseId=1, retryCount=1, priority=2, status=SUCCESSFUL, repositoryInfo=RepositoryInfo[repositoryName=test, repositoryType=null, triggeredByPushTo=user, assignmentRepositoryUri=, testRepositoryUri=, solutionRepositoryUri=, auxiliaryRepositoryUris=null, auxiliaryRepositoryCheckoutDirectories=null], jobTimingInfo=JobTimingInfo[submissionDate=2025-02-14T23:45:04.207128375Z[Etc/UTC], buildStartDate=2025-02-14T23:46:04.207128505Z[Etc/UTC], buildCompletionDate=2025-02-14T23:47:04.207128696Z[Etc/UTC], estimatedCompletionDate=null, estimatedDuration=20], buildConfig=BuildConfig[buildScript=, dockerImage=, commitHashToBuild=test, assignmentCommitHash=, testCommitHash=, branch=, programmingLanguage=null, projectType=null, scaEnabled=false, sequentialTestRunsEnabled=false, resultPaths=null, timeoutSeconds=0, assignmentCheckoutPath=, testCheckoutPath=, solutionCheckoutPath=, dockerRunConfig=null], submissionResult=null]]
    23:45:04.219 | 588 artemis-task-1   | DEBUG | d.t.c.a.a.c.c.w.GzipMessageConverter : Compressed message payload from 1498 to 596 (saved 60.2% payload size)

  Starting logs for LocalCIResourceIntegrationTest > testCancelAllQueuedBuildJobs()
    23:45:04.259 | 473 ool-1-worker-237 | DEBUG | d.t.c.a.a.c.u.util.UserUtilService   : Generate 2 students...
    23:45:04.263 | 473 ool-1-worker-237 | DEBUG | d.t.c.a.a.c.u.util.UserUtilService   : 2 students generated. Generate 1 tutors...
    23:45:04.266 | 473 ool-1-worker-237 | DEBUG | d.t.c.a.a.c.u.util.UserUtilService   : 1 tutors generated. Generate 0 editors...
    23:45:04.268 | 473 ool-1-worker-237 | DEBUG | d.t.c.a.a.c.u.util.UserUtilService   : 0 editors generated. Generate 2 instructors...
    23:45:04.272 | 473 ool-1-worker-237 | DEBUG | d.t.c.a.a.c.u.util.UserUtilService   : 2 instructors generated
    23:45:04.273 | 473 ool-1-worker-237 | DEBUG | d.t.c.a.a.c.u.util.UserUtilService   : Removing 4 users from all courses...
    23:45:04.274 | 473 ool-1-worker-237 | DEBUG | d.t.c.a.a.c.u.util.UserUtilService   : Removing 4 users from all courses. Done
    23:45:04.274 | 473 ool-1-worker-237 | DEBUG | d.t.c.a.a.c.u.util.UserUtilService   : Save 5 users to database...
    23:45:04.278 | 473 ool-1-worker-237 | DEBUG | d.t.c.a.a.c.u.util.UserUtilService   : Save 5 users to database. Done
    23:45:04.318 | 565 localvc.event-12 | DEBUG | a.p.s.l.LocalCIQueueWebsocketService : CIBuildJobQueueItem added to processing jobs: BuildJobQueueItem[id=1, name=job1, buildAgent=BuildAgentDTO[name=artemis-build-agent-test, memberAddress=[127.0.0.1]:5703, displayName=], participationId=1, courseId=931, exerciseId=1, retryCount=1, priority=1, status=SUCCESSFUL, repositoryInfo=RepositoryInfo[repositoryName=test, repositoryType=null, triggeredByPushTo=user, assignmentRepositoryUri=test, testRepositoryUri=test, solutionRepositoryUri=test, auxiliaryRepositoryUris=null, auxiliaryRepositoryCheckoutDirectories=null], jobTimingInfo=JobTimingInfo[submissionDate=2025-02-14T23:46:04.313133797Z[Etc/UTC], buildStartDate=2025-02-14T23:47:04.313136051Z[Etc/UTC], buildCompletionDate=2025-02-14T23:48:04.313136372Z[Etc/UTC], estimatedCompletionDate=null, estimatedDuration=20], buildConfig=BuildConfig[buildScript=echo 'test', dockerImage=test, commitHashToBuild=test, assignmentCommitHash=test, testCommitHash=test, branch=test, programmingLanguage=null, projectType=null, scaEnabled=false, sequentialTestRunsEnabled=false, resultPaths=null, timeoutSeconds=0, assignmentCheckoutPath=null, testCheckoutPath=null, solutionCheckoutPath=null, dockerRunConfig=null], submissionResult=null]
    23:45:04.319 | 565 localvc.event-12 | DEBUG | s.l.LocalCIWebsocketMessagingService : Sending message on topic /topic/admin/running-jobs: [BuildJobQueueItem[id=1, name=job1, buildAgent=BuildAgentDTO[name=artemis-build-agent-test, memberAddress=[127.0.0.1]:5703, displayName=], participationId=1, courseId=931, exerciseId=1, retryCount=1, priority=1, status=SUCCESSFUL, repositoryInfo=RepositoryInfo[repositoryName=test, repositoryType=null, triggeredByPushTo=user, assignmentRepositoryUri=, testRepositoryUri=, solutionRepositoryUri=, auxiliaryRepositoryUris=null, auxiliaryRepositoryCheckoutDirectories=null], jobTimingInfo=JobTimingInfo[submissionDate=2025-02-14T23:46:04.313133797Z[Etc/UTC], buildStartDate=2025-02-14T23:47:04.313136051Z[Etc/UTC], buildCompletionDate=2025-02-14T23:48:04.313136372Z[Etc/UTC], estimatedCompletionDate=null, estimatedDuration=20], buildConfig=BuildConfig[buildScript=, dockerImage=, commitHashToBuild=test, assignmentCommitHash=, testCommitHash=, branch=, programmingLanguage=null, projectType=null, scaEnabled=false, sequentialTestRunsEnabled=false, resultPaths=null, timeoutSeconds=0, assignmentCheckoutPath=, testCheckoutPath=, solutionCheckoutPath=, dockerRunConfig=null], submissionResult=null], BuildJobQueueItem[id=2, name=job2, buildAgent=BuildAgentDTO[name=artemis-build-agent-test, memberAddress=[127.0.0.1]:5703, displayName=], participationId=2, courseId=931, exerciseId=1, retryCount=1, priority=2, status=SUCCESSFUL, repositoryInfo=RepositoryInfo[repositoryName=test, repositoryType=null, triggeredByPushTo=user, assignmentRepositoryUri=, testRepositoryUri=, solutionRepositoryUri=, auxiliaryRepositoryUris=null, auxiliaryRepositoryCheckoutDirectories=null], jobTimingInfo=JobTimingInfo[submissionDate=2025-02-14T23:45:04.313139227Z[Etc/UTC], buildStartDate=2025-02-14T23:46:04.313139337Z[Etc/UTC], buildCompletionDate=2025-02-14T23:47:04.313139558Z[Etc/UTC], estimatedCompletionDate=null, estimatedDuration=20], buildConfig=BuildConfig[buildScript=, dockerImage=, commitHashToBuild=test, assignmentCommitHash=, testCommitHash=, branch=, programmingLanguage=null, projectType=null, scaEnabled=false, sequentialTestRunsEnabled=false, resultPaths=null, timeoutSeconds=0, assignmentCheckoutPath=, testCheckoutPath=, solutionCheckoutPath=, dockerRunConfig=null], submissionResult=null]]
    23:45:04.319 | 565 localvc.event-12 | DEBUG | s.l.LocalCIWebsocketMessagingService : Sending message on topic /topic/courses/931/running-jobs: [BuildJobQueueItem[id=1, name=job1, buildAgent=BuildAgentDTO[name=artemis-build-agent-test, memberAddress=[127.0.0.1]:5703, displayName=], participationId=1, courseId=931, exerciseId=1, retryCount=1, priority=1, status=SUCCESSFUL, repositoryInfo=RepositoryInfo[repositoryName=test, repositoryType=null, triggeredByPushTo=user, assignmentRepositoryUri=, testRepositoryUri=, solutionRepositoryUri=, auxiliaryRepositoryUris=null, auxiliaryRepositoryCheckoutDirectories=null], jobTimingInfo=JobTimingInfo[submissionDate=2025-02-14T23:46:04.313133797Z[Etc/UTC], buildStartDate=2025-02-14T23:47:04.313136051Z[Etc/UTC], buildCompletionDate=2025-02-14T23:48:04.313136372Z[Etc/UTC], estimatedCompletionDate=null, estimatedDuration=20], buildConfig=BuildConfig[buildScript=, dockerImage=, commitHashToBuild=test, assignmentCommitHash=, testCommitHash=, branch=, programmingLanguage=null, projectType=null, scaEnabled=false, sequentialTestRunsEnabled=false, resultPaths=null, timeoutSeconds=0, assignmentCheckoutPath=, testCheckoutPath=, solutionCheckoutPath=, dockerRunConfig=null], submissionResult=null], BuildJobQueueItem[id=2, name=job2, buildAgent=BuildAgentDTO[name=artemis-build-agent-test, memberAddress=[127.0.0.1]:5703, displayName=], participationId=2, courseId=931, exerciseId=1, retryCount=1, priority=2, status=SUCCESSFUL, repositoryInfo=RepositoryInfo[repositoryName=test, repositoryType=null, triggeredByPushTo=user, assignmentRepositoryUri=, testRepositoryUri=, solutionRepositoryUri=, auxiliaryRepositoryUris=null, auxiliaryRepositoryCheckoutDirectories=null], jobTimingInfo=JobTimingInfo[submissionDate=2025-02-14T23:45:04.313139227Z[Etc/UTC], buildStartDate=2025-02-14T23:46:04.313139337Z[Etc/UTC], buildCompletionDate=2025-02-14T23:47:04.313139558Z[Etc/UTC], estimatedCompletionDate=null, estimatedDuration=20], buildConfig=BuildConfig[buildScript=, dockerImage=, commitHashToBuild=test, assignmentCommitHash=, testCommitHash=, branch=, programmingLanguage=null, projectType=null, scaEnabled=false, sequentialTestRunsEnabled=false, resultPaths=null, timeoutSeconds=0, assignmentCheckoutPath=, testCheckoutPath=, solutionCheckoutPath=, dockerRunConfig=null], submissionResult=null]]
    23:45:04.321 | 566 localvc.event-13 | DEBUG | a.p.s.l.LocalCIQueueWebsocketService : Build agent added: BuildAgentInformation[buildAgent=BuildAgentDTO[name=artemis-build-agent-test, memberAddress=[127.0.0.1]:5703, displayName=], maxNumberOfConcurrentBuildJobs=2, numberOfCurrentBuildJobs=1, runningBuildJobs=[BuildJobQueueItem[id=1, name=job1, buildAgent=BuildAgentDTO[name=artemis-build-agent-test, memberAddress=[127.0.0.1]:5703, displayName=], participationId=1, courseId=931, exerciseId=1, retryCount=1, priority=1, status=SUCCESSFUL, repositoryInfo=RepositoryInfo[repositoryName=test, repositoryType=null, triggeredByPushTo=user, assignmentRepositoryUri=test, testRepositoryUri=test, solutionRepositoryUri=test, auxiliaryRepositoryUris=null, auxiliaryRepositoryCheckoutDirectories=null], jobTimingInfo=JobTimingInfo[submissionDate=2025-02-14T23:46:04.313133797Z[Etc/UTC], buildStartDate=2025-02-14T23:47:04.313136051Z[Etc/UTC], buildCompletionDate=2025-02-14T23:48:04.313136372Z[Etc/UTC], estimatedCompletionDate=null, estimatedDuration=20], buildConfig=BuildConfig[buildScript=echo 'test', dockerImage=test, commitHashToBuild=test, assignmentCommitHash=test, testCommitHash=test, branch=test, programmingLanguage=null, projectType=null, scaEnabled=false, sequentialTestRunsEnabled=false, resultPaths=null, timeoutSeconds=0, assignmentCheckoutPath=null, testCheckoutPath=null, solutionCheckoutPath=null, dockerRunConfig=null], submissionResult=null]], status=IDLE, recentBuildJobs=[BuildJobQueueItem[id=2, name=job2, buildAgent=BuildAgentDTO[name=artemis-build-agent-test, memberAddress=[127.0.0.1]:5703, displayName=], participationId=2, courseId=931, exerciseId=1, retryCount=1, priority=2, status=SUCCESSFUL, repositoryInfo=RepositoryInfo[repositoryName=test, repositoryType=null, triggeredByPushTo=user, assignmentRepositoryUri=test, testRepositoryUri=test, solutionRepositoryUri=test, auxiliaryRepositoryUris=null, auxiliaryRepositoryCheckoutDirectories=null], jobTimingInfo=JobTimingInfo[submissionDate=2025-02-14T23:45:04.313139227Z[Etc/UTC], buildStartDate=2025-02-14T23:46:04.313139337Z[Etc/UTC], buildCompletionDate=2025-02-14T23:47:04.313139558Z[Etc/UTC], estimatedCompletionDate=null, estimatedDuration=20], buildConfig=BuildConfig[buildScript=echo 'test', dockerImage=test, commitHashToBuild=test, assignmentCommitHash=test, testCommitHash=test, branch=test, programmingLanguage=null, projectType=null, scaEnabled=false, sequentialTestRunsEnabled=false, resultPaths=null, timeoutSeconds=0, assignmentCheckoutPath=null, testCheckoutPath=null, solutionCheckoutPath=null, dockerRunConfig=null], submissionResult=null]], publicSshKey=null]
    23:45:04.321 | 473 ool-1-worker-237 | INFO  | i.z.t.d.l.EmbeddedDatabaseReporter   : JDBC URL to connect to 'dataSource': url='jdbc:h2:tcp://localhost:41063/mem:f240edcd-27ce-47a3-b4ab-a6a00c154135;USER=sa', scope='LocalCIResourceIntegrationTest#testCancelAllQueuedBuildJobs'
    23:45:04.321 | 566 localvc.event-13 | DEBUG | s.l.LocalCIWebsocketMessagingService : Sending message on topic /topic/admin/build-agents: [BuildAgentInformation[buildAgent=BuildAgentDTO[name=artemis-build-agent-test, memberAddress=[127.0.0.1]:5703, displayName=], maxNumberOfConcurrentBuildJobs=2, numberOfCurrentBuildJobs=1, runningBuildJobs=[BuildJobQueueItem[id=1, name=job1, buildAgent=BuildAgentDTO[name=artemis-build-agent-test, memberAddress=[127.0.0.1]:5703, displayName=], participationId=1, courseId=931, exerciseId=1, retryCount=1, priority=1, status=SUCCESSFUL, repositoryInfo=RepositoryInfo[repositoryName=test, repositoryType=null, triggeredByPushTo=user, assignmentRepositoryUri=, testRepositoryUri=, solutionRepositoryUri=, auxiliaryRepositoryUris=null, auxiliaryRepositoryCheckoutDirectories=null], jobTimingInfo=JobTimingInfo[submissionDate=2025-02-14T23:46:04.313133797Z[Etc/UTC], buildStartDate=2025-02-14T23:47:04.313136051Z[Etc/UTC], buildCompletionDate=2025-02-14T23:48:04.313136372Z[Etc/UTC], estimatedCompletionDate=null, estimatedDuration=20], buildConfig=BuildConfig[buildScript=, dockerImage=, commitHashToBuild=test, assignmentCommitHash=, testCommitHash=, branch=, programmingLanguage=null, projectType=null, scaEnabled=false, sequentialTestRunsEnabled=false, resultPaths=null, timeoutSeconds=0, assignmentCheckoutPath=, testCheckoutPath=, solutionCheckoutPath=, dockerRunConfig=null], submissionResult=null]], status=IDLE, recentBuildJobs=null, publicSshKey=null]]
    23:45:04.321 | 566 localvc.event-13 | DEBUG | s.l.LocalCIWebsocketMessagingService : Sending message on topic /topic/admin/build-agent/artemis-build-agent-test: BuildAgentInformation[buildAgent=BuildAgentDTO[name=artemis-build-agent-test, memberAddress=[127.0.0.1]:5703, displayName=], maxNumberOfConcurrentBuildJobs=2, numberOfCurrentBuildJobs=1, runningBuildJobs=[BuildJobQueueItem[id=1, name=job1, buildAgent=BuildAgentDTO[name=artemis-build-agent-test, memberAddress=[127.0.0.1]:5703, displayName=], participationId=1, courseId=931, exerciseId=1, retryCount=1, priority=1, status=SUCCESSFUL, repositoryInfo=RepositoryInfo[repositoryName=test, repositoryType=null, triggeredByPushTo=user, assignmentRepositoryUri=test, testRepositoryUri=test, solutionRepositoryUri=test, auxiliaryRepositoryUris=null, auxiliaryRepositoryCheckoutDirectories=null], jobTimingInfo=JobTimingInfo[submissionDate=2025-02-14T23:46:04.313133797Z[Etc/UTC], buildStartDate=2025-02-14T23:47:04.313136051Z[Etc/UTC], buildCompletionDate=2025-02-14T23:48:04.313136372Z[Etc/UTC], estimatedCompletionDate=null, estimatedDuration=20], buildConfig=BuildConfig[buildScript=echo 'test', dockerImage=test, commitHashToBuild=test, assignmentCommitHash=test, testCommitHash=test, branch=test, programmingLanguage=null, projectType=null, scaEnabled=false, sequentialTestRunsEnabled=false, resultPaths=null, timeoutSeconds=0, assignmentCheckoutPath=null, testCheckoutPath=null, solutionCheckoutPath=null, dockerRunConfig=null], submissionResult=null]], status=IDLE, recentBuildJobs=[BuildJobQueueItem[id=2, name=job2, buildAgent=BuildAgentDTO[name=artemis-build-agent-test, memberAddress=[127.0.0.1]:5703, displayName=], participationId=2, courseId=931, exerciseId=1, retryCount=1, priority=2, status=SUCCESSFUL, repositoryInfo=RepositoryInfo[repositoryName=test, repositoryType=null, triggeredByPushTo=user, assignmentRepositoryUri=test, testRepositoryUri=test, solutionRepositoryUri=test, auxiliaryRepositoryUris=null, auxiliaryRepositoryCheckoutDirectories=null], jobTimingInfo=JobTimingInfo[submissionDate=2025-02-14T23:45:04.313139227Z[Etc/UTC], buildStartDate=2025-02-14T23:46:04.313139337Z[Etc/UTC], buildCompletionDate=2025-02-14T23:47:04.313139558Z[Etc/UTC], estimatedCompletionDate=null, estimatedDuration=20], buildConfig=BuildConfig[buildScript=echo 'test', dockerImage=test, commitHashToBuild=test, assignmentCommitHash=test, testCommitHash=test, branch=test, programmingLanguage=null, projectType=null, scaEnabled=false, sequentialTestRunsEnabled=false, resultPaths=null, timeoutSeconds=0, assignmentCheckoutPath=null, testCheckoutPath=null, solutionCheckoutPath=null, dockerRunConfig=null], submissionResult=null]], publicSshKey=null]
    23:45:04.322 | 566 localvc.event-13 | DEBUG | a.p.s.l.SharedQueueManagementService : Build agent added: null
    23:45:04.322 | 473 ool-1-worker-237 | DEBUG | d.t.c.a.a.c.s.f.ApiVersionFilter     : Adding Version to Request DELETE /api/admin/cancel-all-queued-jobs
    23:45:04.322 | 473 ool-1-worker-237 | DEBUG | a.a.c.w.a.AdminBuildJobQueueResource : REST request to cancel all queued build jobs
    23:45:04.322 | 473 ool-1-worker-237 | DEBUG | a.p.s.l.SharedQueueManagementService : Cancelling all queued build jobs
    23:45:04.325 | 588 artemis-task-1   | DEBUG | d.t.c.a.a.c.c.w.GzipMessageConverter : Compressed message payload from 1498 to 588 (saved 60.7% payload size)
    23:45:04.325 | 473 ool-1-worker-237 | WARN  | a.a.m.OnlyOnceLoggingDenyMeterFilter : Reached the maximum number of URI tags for 'http.server.requests'.
    23:45:04.325 | 588 artemis-task-1   | DEBUG | d.t.c.a.a.c.c.w.GzipMessageConverter : Compressed message payload from 1498 to 588 (saved 60.7% payload size)
    23:45:04.325 | 588 artemis-task-1   | DEBUG | d.t.c.a.a.c.c.w.GzipMessageConverter : Compressed message payload from 1040 to 616 (saved 40.8% payload size)
    23:45:04.326 | 588 artemis-task-1   | DEBUG | d.t.c.a.a.c.c.w.GzipMessageConverter : Compressed message payload from 2432 to 788 (saved 67.6% payload size)
    23:45:04.326 | 614 taskScheduler-3  | DEBUG | a.a.b.s.SharedQueueProcessingService : Currently processing jobs on this node: 0, active threads in Pool: 0, maximum pool size of thread executor : 1
    23:45:04.327 | 565 localvc.event-12 | DEBUG | a.p.s.l.LocalCIQueueWebsocketService : CIBuildJobQueueItem added to processing jobs: BuildJobQueueItem[id=2, name=job2, buildAgent=BuildAgentDTO[name=artemis-build-agent-test, memberAddress=[127.0.0.1]:5703, displayName=], participationId=2, courseId=931, exerciseId=1, retryCount=1, priority=2, status=SUCCESSFUL, repositoryInfo=RepositoryInfo[repositoryName=test, repositoryType=null, triggeredByPushTo=user, assignmentRepositoryUri=test, testRepositoryUri=test, solutionRepositoryUri=test, auxiliaryRepositoryUris=null, auxiliaryRepositoryCheckoutDirectories=null], jobTimingInfo=JobTimingInfo[submissionDate=2025-02-14T23:45:04.313139227Z[Etc/UTC], buildStartDate=2025-02-14T23:46:04.313139337Z[Etc/UTC], buildCompletionDate=2025-02-14T23:47:04.313139558Z[Etc/UTC], estimatedCompletionDate=null, estimatedDuration=20], buildConfig=BuildConfig[buildScript=echo 'test', dockerImage=test, commitHashToBuild=test, assignmentCommitHash=test, testCommitHash=test, branch=test, programmingLanguage=null, projectType=null, scaEnabled=false, sequentialTestRunsEnabled=false, resultPaths=null, timeoutSeconds=0, assignmentCheckoutPath=null, testCheckoutPath=null, solutionCheckoutPath=null, dockerRunConfig=null], submissionResult=null]
    23:45:04.328 | 565 localvc.event-12 | DEBUG | s.l.LocalCIWebsocketMessagingService : Sending message on topic /topic/admin/running-jobs: []
    23:45:04.328 | 565 localvc.event-12 | DEBUG | s.l.LocalCIWebsocketMessagingService : Sending message on topic /topic/courses/931/running-jobs: []

  Starting logs for LocalCIResourceIntegrationTest > testGetFinishedBuildJobsForCourse_returnsJobs()
    23:45:04.365 | 473 ool-1-worker-237 | DEBUG | d.t.c.a.a.c.u.util.UserUtilService   : Generate 2 students...
    23:45:04.374 | 473 ool-1-worker-237 | DEBUG | d.t.c.a.a.c.u.util.UserUtilService   : 2 students generated. Generate 1 tutors...
    23:45:04.378 | 473 ool-1-worker-237 | DEBUG | d.t.c.a.a.c.u.util.UserUtilService   : 1 tutors generated. Generate 0 editors...
    23:45:04.381 | 473 ool-1-worker-237 | DEBUG | d.t.c.a.a.c.u.util.UserUtilService   : 0 editors generated. Generate 2 instructors...
    23:45:04.388 | 473 ool-1-worker-237 | DEBUG | d.t.c.a.a.c.u.util.UserUtilService   : 2 instructors generated
    23:45:04.389 | 473 ool-1-worker-237 | DEBUG | d.t.c.a.a.c.u.util.UserUtilService   : Removing 4 users from all courses...
    23:45:04.393 | 473 ool-1-worker-237 | DEBUG | d.t.c.a.a.c.u.util.UserUtilService   : Removing 4 users from all courses. Done
    23:45:04.393 | 473 ool-1-worker-237 | DEBUG | d.t.c.a.a.c.u.util.UserUtilService   : Save 5 users to database...
    23:45:04.400 | 473 ool-1-worker-237 | DEBUG | d.t.c.a.a.c.u.util.UserUtilService   : Save 5 users to database. Done
    23:45:04.471 | 565 localvc.event-12 | DEBUG | a.p.s.l.LocalCIQueueWebsocketService : CIBuildJobQueueItem added to processing jobs: BuildJobQueueItem[id=1, name=job1, buildAgent=BuildAgentDTO[name=artemis-build-agent-test, memberAddress=[127.0.0.1]:5703, displayName=], participationId=1, courseId=932, exerciseId=1, retryCount=1, priority=1, status=SUCCESSFUL, repositoryInfo=RepositoryInfo[repositoryName=test, repositoryType=null, triggeredByPushTo=user, assignmentRepositoryUri=test, testRepositoryUri=test, solutionRepositoryUri=test, auxiliaryRepositoryUris=null, auxiliaryRepositoryCheckoutDirectories=null], jobTimingInfo=JobTimingInfo[submissionDate=2025-02-14T23:46:04.465896386Z[Etc/UTC], buildStartDate=2025-02-14T23:47:04.465898410Z[Etc/UTC], buildCompletionDate=2025-02-14T23:48:04.465898711Z[Etc/UTC], estimatedCompletionDate=null, estimatedDuration=20], buildConfig=BuildConfig[buildScript=echo 'test', dockerImage=test, commitHashToBuild=test, assignmentCommitHash=test, testCommitHash=test, branch=test, programmingLanguage=null, projectType=null, scaEnabled=false, sequentialTestRunsEnabled=false, resultPaths=null, timeoutSeconds=0, assignmentCheckoutPath=null, testCheckoutPath=null, solutionCheckoutPath=null, dockerRunConfig=null], submissionResult=null]
    23:45:04.471 | 565 localvc.event-12 | DEBUG | s.l.LocalCIWebsocketMessagingService : Sending message on topic /topic/admin/running-jobs: [BuildJobQueueItem[id=1, name=job1, buildAgent=BuildAgentDTO[name=artemis-build-agent-test, memberAddress=[127.0.0.1]:5703, displayName=], participationId=1, courseId=932, exerciseId=1, retryCount=1, priority=1, status=SUCCESSFUL, repositoryInfo=RepositoryInfo[repositoryName=test, repositoryType=null, triggeredByPushTo=user, assignmentRepositoryUri=, testRepositoryUri=, solutionRepositoryUri=, auxiliaryRepositoryUris=null, auxiliaryRepositoryCheckoutDirectories=null], jobTimingInfo=JobTimingInfo[submissionDate=2025-02-14T23:46:04.465896386Z[Etc/UTC], buildStartDate=2025-02-14T23:47:04.465898410Z[Etc/UTC], buildCompletionDate=2025-02-14T23:48:04.465898711Z[Etc/UTC], estimatedCompletionDate=null, estimatedDuration=20], buildConfig=BuildConfig[buildScript=, dockerImage=, commitHashToBuild=test, assignmentCommitHash=, testCommitHash=, branch=, programmingLanguage=null, projectType=null, scaEnabled=false, sequentialTestRunsEnabled=false, resultPaths=null, timeoutSeconds=0, assignmentCheckoutPath=, testCheckoutPath=, solutionCheckoutPath=, dockerRunConfig=null], submissionResult=null], BuildJobQueueItem[id=2, name=job2, buildAgent=BuildAgentDTO[name=artemis-build-agent-test, memberAddress=[127.0.0.1]:5703, displayName=], participationId=2, courseId=932, exerciseId=1, retryCount=1, priority=2, status=SUCCESSFUL, repositoryInfo=RepositoryInfo[repositoryName=test, repositoryType=null, triggeredByPushTo=user, assignmentRepositoryUri=, testRepositoryUri=, solutionRepositoryUri=, auxiliaryRepositoryUris=null, auxiliaryRepositoryCheckoutDirectories=null], jobTimingInfo=JobTimingInfo[submissionDate=2025-02-14T23:45:04.465900063Z[Etc/UTC], buildStartDate=2025-02-14T23:46:04.465900183Z[Etc/UTC], buildCompletionDate=2025-02-14T23:47:04.465900384Z[Etc/UTC], estimatedCompletionDate=null, estimatedDuration=20], buildConfig=BuildConfig[buildScript=, dockerImage=, commitHashToBuild=test, assignmentCommitHash=, testCommitHash=, branch=, programmingLanguage=null, projectType=null, scaEnabled=false, sequentialTestRunsEnabled=false, resultPaths=null, timeoutSeconds=0, assignmentCheckoutPath=, testCheckoutPath=, solutionCheckoutPath=, dockerRunConfig=null], submissionResult=null]]
    23:45:04.472 | 565 localvc.event-12 | DEBUG | s.l.LocalCIWebsocketMessagingService : Sending message on topic /topic/courses/932/running-jobs: [BuildJobQueueItem[id=1, name=job1, buildAgent=BuildAgentDTO[name=artemis-build-agent-test, memberAddress=[127.0.0.1]:5703, displayName=], participationId=1, courseId=932, exerciseId=1, retryCount=1, priority=1, status=SUCCESSFUL, repositoryInfo=RepositoryInfo[repositoryName=test, repositoryType=null, triggeredByPushTo=user, assignmentRepositoryUri=, testRepositoryUri=, solutionRepositoryUri=, auxiliaryRepositoryUris=null, auxiliaryRepositoryCheckoutDirectories=null], jobTimingInfo=JobTimingInfo[submissionDate=2025-02-14T23:46:04.465896386Z[Etc/UTC], buildStartDate=2025-02-14T23:47:04.465898410Z[Etc/UTC], buildCompletionDate=2025-02-14T23:48:04.465898711Z[Etc/UTC], estimatedCompletionDate=null, estimatedDuration=20], buildConfig=BuildConfig[buildScript=, dockerImage=, commitHashToBuild=test, assignmentCommitHash=, testCommitHash=, branch=, programmingLanguage=null, projectType=null, scaEnabled=false, sequentialTestRunsEnabled=false, resultPaths=null, timeoutSeconds=0, assignmentCheckoutPath=, testCheckoutPath=, solutionCheckoutPath=, dockerRunConfig=null], submissionResult=null], BuildJobQueueItem[id=2, name=job2, buildAgent=BuildAgentDTO[name=artemis-build-agent-test, memberAddress=[127.0.0.1]:5703, displayName=], participationId=2, courseId=932, exerciseId=1, retryCount=1, priority=2, status=SUCCESSFUL, repositoryInfo=RepositoryInfo[repositoryName=test, repositoryType=null, triggeredByPushTo=user, assignmentRepositoryUri=, testRepositoryUri=, solutionRepositoryUri=, auxiliaryRepositoryUris=null, auxiliaryRepositoryCheckoutDirectories=null], jobTimingInfo=JobTimingInfo[submissionDate=2025-02-14T23:45:04.465900063Z[Etc/UTC], buildStartDate=2025-02-14T23:46:04.465900183Z[Etc/UTC], buildCompletionDate=2025-02-14T23:47:04.465900384Z[Etc/UTC], estimatedCompletionDate=null, estimatedDuration=20], buildConfig=BuildConfig[buildScript=, dockerImage=, commitHashToBuild=test, assignmentCommitHash=, testCommitHash=, branch=, programmingLanguage=null, projectType=null, scaEnabled=false, sequentialTestRunsEnabled=false, resultPaths=null, timeoutSeconds=0, assignmentCheckoutPath=, testCheckoutPath=, solutionCheckoutPath=, dockerRunConfig=null], submissionResult=null]]
    23:45:04.473 | 566 localvc.event-13 | DEBUG | a.p.s.l.LocalCIQueueWebsocketService : Build agent added: BuildAgentInformation[buildAgent=BuildAgentDTO[name=artemis-build-agent-test, memberAddress=[127.0.0.1]:5703, displayName=], maxNumberOfConcurrentBuildJobs=2, numberOfCurrentBuildJobs=1, runningBuildJobs=[BuildJobQueueItem[id=1, name=job1, buildAgent=BuildAgentDTO[name=artemis-build-agent-test, memberAddress=[127.0.0.1]:5703, displayName=], participationId=1, courseId=932, exerciseId=1, retryCount=1, priority=1, status=SUCCESSFUL, repositoryInfo=RepositoryInfo[repositoryName=test, repositoryType=null, triggeredByPushTo=user, assignmentRepositoryUri=test, testRepositoryUri=test, solutionRepositoryUri=test, auxiliaryRepositoryUris=null, auxiliaryRepositoryCheckoutDirectories=null], jobTimingInfo=JobTimingInfo[submissionDate=2025-02-14T23:46:04.465896386Z[Etc/UTC], buildStartDate=2025-02-14T23:47:04.465898410Z[Etc/UTC], buildCompletionDate=2025-02-14T23:48:04.465898711Z[Etc/UTC], estimatedCompletionDate=null, estimatedDuration=20], buildConfig=BuildConfig[buildScript=echo 'test', dockerImage=test, commitHashToBuild=test, assignmentCommitHash=test, testCommitHash=test, branch=test, programmingLanguage=null, projectType=null, scaEnabled=false, sequentialTestRunsEnabled=false, resultPaths=null, timeoutSeconds=0, assignmentCheckoutPath=null, testCheckoutPath=null, solutionCheckoutPath=null, dockerRunConfig=null], submissionResult=null]], status=IDLE, recentBuildJobs=[BuildJobQueueItem[id=2, name=job2, buildAgent=BuildAgentDTO[name=artemis-build-agent-test, memberAddress=[127.0.0.1]:5703, displayName=], participationId=2, courseId=932, exerciseId=1, retryCount=1, priority=2, status=SUCCESSFUL, repositoryInfo=RepositoryInfo[repositoryName=test, repositoryType=null, triggeredByPushTo=user, assignmentRepositoryUri=test, testRepositoryUri=test, solutionRepositoryUri=test, auxiliaryRepositoryUris=null, auxiliaryRepositoryCheckoutDirectories=null], jobTimingInfo=JobTimingInfo[submissionDate=2025-02-14T23:45:04.465900063Z[Etc/UTC], buildStartDate=2025-02-14T23:46:04.465900183Z[Etc/UTC], buildCompletionDate=2025-02-14T23:47:04.465900384Z[Etc/UTC], estimatedCompletionDate=null, estimatedDuration=20], buildConfig=BuildConfig[buildScript=echo 'test', dockerImage=test, commitHashToBuild=test, assignmentCommitHash=test, testCommitHash=test, branch=test, programmingLanguage=null, projectType=null, scaEnabled=false, sequentialTestRunsEnabled=false, resultPaths=null, timeoutSeconds=0, assignmentCheckoutPath=null, testCheckoutPath=null, solutionCheckoutPath=null, dockerRunConfig=null], submissionResult=null]], publicSshKey=null]
    23:45:04.473 | 473 ool-1-worker-237 | INFO  | i.z.t.d.l.EmbeddedDatabaseReporter   : JDBC URL to connect to 'dataSource': url='jdbc:h2:tcp://localhost:41063/mem:f240edcd-27ce-47a3-b4ab-a6a00c154135;USER=sa', scope='LocalCIResourceIntegrationTest#testGetFinishedBuildJobsForCourse_returnsJobs'
    23:45:04.473 | 566 localvc.event-13 | DEBUG | s.l.LocalCIWebsocketMessagingService : Sending message on topic /topic/admin/build-agents: [BuildAgentInformation[buildAgent=BuildAgentDTO[name=artemis-build-agent-test, memberAddress=[127.0.0.1]:5703, displayName=], maxNumberOfConcurrentBuildJobs=2, numberOfCurrentBuildJobs=1, runningBuildJobs=[BuildJobQueueItem[id=1, name=job1, buildAgent=BuildAgentDTO[name=artemis-build-agent-test, memberAddress=[127.0.0.1]:5703, displayName=], participationId=1, courseId=932, exerciseId=1, retryCount=1, priority=1, status=SUCCESSFUL, repositoryInfo=RepositoryInfo[repositoryName=test, repositoryType=null, triggeredByPushTo=user, assignmentRepositoryUri=, testRepositoryUri=, solutionRepositoryUri=, auxiliaryRepositoryUris=null, auxiliaryRepositoryCheckoutDirectories=null], jobTimingInfo=JobTimingInfo[submissionDate=2025-02-14T23:46:04.465896386Z[Etc/UTC], buildStartDate=2025-02-14T23:47:04.465898410Z[Etc/UTC], buildCompletionDate=2025-02-14T23:48:04.465898711Z[Etc/UTC], estimatedCompletionDate=null, estimatedDuration=20], buildConfig=BuildConfig[buildScript=, dockerImage=, commitHashToBuild=test, assignmentCommitHash=, testCommitHash=, branch=, programmingLanguage=null, projectType=null, scaEnabled=false, sequentialTestRunsEnabled=false, resultPaths=null, timeoutSeconds=0, assignmentCheckoutPath=, testCheckoutPath=, solutionCheckoutPath=, dockerRunConfig=null], submissionResult=null]], status=IDLE, recentBuildJobs=null, publicSshKey=null]]
    23:45:04.473 | 566 localvc.event-13 | DEBUG | s.l.LocalCIWebsocketMessagingService : Sending message on topic /topic/admin/build-agent/artemis-build-agent-test: BuildAgentInformation[buildAgent=BuildAgentDTO[name=artemis-build-agent-test, memberAddress=[127.0.0.1]:5703, displayName=], maxNumberOfConcurrentBuildJobs=2, numberOfCurrentBuildJobs=1, runningBuildJobs=[BuildJobQueueItem[id=1, name=job1, buildAgent=BuildAgentDTO[name=artemis-build-agent-test, memberAddress=[127.0.0.1]:5703, displayName=], participationId=1, courseId=932, exerciseId=1, retryCount=1, priority=1, status=SUCCESSFUL, repositoryInfo=RepositoryInfo[repositoryName=test, repositoryType=null, triggeredByPushTo=user, assignmentRepositoryUri=test, testRepositoryUri=test, solutionRepositoryUri=test, auxiliaryRepositoryUris=null, auxiliaryRepositoryCheckoutDirectories=null], jobTimingInfo=JobTimingInfo[submissionDate=2025-02-14T23:46:04.465896386Z[Etc/UTC], buildStartDate=2025-02-14T23:47:04.465898410Z[Etc/UTC], buildCompletionDate=2025-02-14T23:48:04.465898711Z[Etc/UTC], estimatedCompletionDate=null, estimatedDuration=20], buildConfig=BuildConfig[buildScript=echo 'test', dockerImage=test, commitHashToBuild=test, assignmentCommitHash=test, testCommitHash=test, branch=test, programmingLanguage=null, projectType=null, scaEnabled=false, sequentialTestRunsEnabled=false, resultPaths=null, timeoutSeconds=0, assignmentCheckoutPath=null, testCheckoutPath=null, solutionCheckoutPath=null, dockerRunConfig=null], submissionResult=null]], status=IDLE, recentBuildJobs=[BuildJobQueueItem[id=2, name=job2, buildAgent=BuildAgentDTO[name=artemis-build-agent-test, memberAddress=[127.0.0.1]:5703, displayName=], participationId=2, courseId=932, exerciseId=1, retryCount=1, priority=2, status=SUCCESSFUL, repositoryInfo=RepositoryInfo[repositoryName=test, repositoryType=null, triggeredByPushTo=user, assignmentRepositoryUri=test, testRepositoryUri=test, solutionRepositoryUri=test, auxiliaryRepositoryUris=null, auxiliaryRepositoryCheckoutDirectories=null], jobTimingInfo=JobTimingInfo[submissionDate=2025-02-14T23:45:04.465900063Z[Etc/UTC], buildStartDate=2025-02-14T23:46:04.465900183Z[Etc/UTC], buildCompletionDate=2025-02-14T23:47:04.465900384Z[Etc/UTC], estimatedCompletionDate=null, estimatedDuration=20], buildConfig=BuildConfig[buildScript=echo 'test', dockerImage=test, commitHashToBuild=test, assignmentCommitHash=test, testCommitHash=test, branch=test, programmingLanguage=null, projectType=null, scaEnabled=false, sequentialTestRunsEnabled=false, resultPaths=null, timeoutSeconds=0, assignmentCheckoutPath=null, testCheckoutPath=null, solutionCheckoutPath=null, dockerRunConfig=null], submissionResult=null]], publicSshKey=null]
    23:45:04.474 | 566 localvc.event-13 | DEBUG | a.p.s.l.SharedQueueManagementService : Build agent added: null
    23:45:04.474 | 588 artemis-task-1   | DEBUG | d.t.c.a.a.c.c.w.GzipMessageConverter : Compressed message payload from 1497 to 592 (saved 60.5% payload size)
    23:45:04.475 | 588 artemis-task-1   | DEBUG | d.t.c.a.a.c.c.w.GzipMessageConverter : Compressed message payload from 1497 to 592 (saved 60.5% payload size)
    23:45:04.475 | 588 artemis-task-1   | DEBUG | d.t.c.a.a.c.c.w.GzipMessageConverter : Compressed message payload from 1039 to 616 (saved 40.7% payload size)
    23:45:04.475 | 588 artemis-task-1   | DEBUG | d.t.c.a.a.c.c.w.GzipMessageConverter : Compressed message payload from 2431 to 792 (saved 67.4% payload size)
    23:45:04.555 | 565 localvc.event-12 | DEBUG | a.p.s.l.LocalCIQueueWebsocketService : CIBuildJobQueueItem added to processing jobs: BuildJobQueueItem[id=2, name=job2, buildAgent=BuildAgentDTO[name=artemis-build-agent-test, memberAddress=[127.0.0.1]:5703, displayName=], participationId=2, courseId=932, exerciseId=1, retryCount=1, priority=2, status=SUCCESSFUL, repositoryInfo=RepositoryInfo[repositoryName=test, repositoryType=null, triggeredByPushTo=user, assignmentRepositoryUri=test, testRepositoryUri=test, solutionRepositoryUri=test, auxiliaryRepositoryUris=null, auxiliaryRepositoryCheckoutDirectories=null], jobTimingInfo=JobTimingInfo[submissionDate=2025-02-14T23:45:04.465900063Z[Etc/UTC], buildStartDate=2025-02-14T23:46:04.465900183Z[Etc/UTC], buildCompletionDate=2025-02-14T23:47:04.465900384Z[Etc/UTC], estimatedCompletionDate=null, estimatedDuration=20], buildConfig=BuildConfig[buildScript=echo 'test', dockerImage=test, commitHashToBuild=test, assignmentCommitHash=test, testCommitHash=test, branch=test, programmingLanguage=null, projectType=null, scaEnabled=false, sequentialTestRunsEnabled=false, resultPaths=null, timeoutSeconds=0, assignmentCheckoutPath=null, testCheckoutPath=null, solutionCheckoutPath=null, dockerRunConfig=null], submissionResult=null]
    23:45:04.556 | 473 ool-1-worker-237 | DEBUG | d.t.c.a.a.c.s.f.ApiVersionFilter     : Adding Version to Request GET /api/courses/932/finished-jobs
    23:45:04.558 | 565 localvc.event-12 | DEBUG | s.l.LocalCIWebsocketMessagingService : Sending message on topic /topic/admin/running-jobs: [BuildJobQueueItem[id=1, name=job1, buildAgent=BuildAgentDTO[name=artemis-build-agent-test, memberAddress=[127.0.0.1]:5703, displayName=], participationId=1, courseId=932, exerciseId=1, retryCount=1, priority=1, status=SUCCESSFUL, repositoryInfo=RepositoryInfo[repositoryName=test, repositoryType=null, triggeredByPushTo=user, assignmentRepositoryUri=, testRepositoryUri=, solutionRepositoryUri=, auxiliaryRepositoryUris=null, auxiliaryRepositoryCheckoutDirectories=null], jobTimingInfo=JobTimingInfo[submissionDate=2025-02-14T23:46:04.465896386Z[Etc/UTC], buildStartDate=2025-02-14T23:47:04.465898410Z[Etc/UTC], buildCompletionDate=2025-02-14T23:48:04.465898711Z[Etc/UTC], estimatedCompletionDate=null, estimatedDuration=20], buildConfig=BuildConfig[buildScript=, dockerImage=, commitHashToBuild=test, assignmentCommitHash=, testCommitHash=, branch=, programmingLanguage=null, projectType=null, scaEnabled=false, sequentialTestRunsEnabled=false, resultPaths=null, timeoutSeconds=0, assignmentCheckoutPath=, testCheckoutPath=, solutionCheckoutPath=, dockerRunConfig=null], submissionResult=null], BuildJobQueueItem[id=2, name=job2, buildAgent=BuildAgentDTO[name=artemis-build-agent-test, memberAddress=[127.0.0.1]:5703, displayName=], participationId=2, courseId=932, exerciseId=1, retryCount=1, priority=2, status=SUCCESSFUL, repositoryInfo=RepositoryInfo[repositoryName=test, repositoryType=null, triggeredByPushTo=user, assignmentRepositoryUri=, testRepositoryUri=, solutionRepositoryUri=, auxiliaryRepositoryUris=null, auxiliaryRepositoryCheckoutDirectories=null], jobTimingInfo=JobTimingInfo[submissionDate=2025-02-14T23:45:04.465900063Z[Etc/UTC], buildStartDate=2025-02-14T23:46:04.465900183Z[Etc/UTC], buildCompletionDate=2025-02-14T23:47:04.465900384Z[Etc/UTC], estimatedCompletionDate=null, estimatedDuration=20], buildConfig=BuildConfig[buildScript=, dockerImage=, commitHashToBuild=test, assignmentCommitHash=, testCommitHash=, branch=, programmingLanguage=null, projectType=null, scaEnabled=false, sequentialTestRunsEnabled=false, resultPaths=null, timeoutSeconds=0, assignmentCheckoutPath=, testCheckoutPath=, solutionCheckoutPath=, dockerRunConfig=null], submissionResult=null]]
    23:45:04.559 | 588 artemis-task-1   | DEBUG | d.t.c.a.a.c.c.w.GzipMessageConverter : Compressed message payload from 1497 to 592 (saved 60.5% payload size)
    23:45:04.559 | 565 localvc.event-12 | DEBUG | s.l.LocalCIWebsocketMessagingService : Sending message on topic /topic/courses/932/running-jobs: [BuildJobQueueItem[id=1, name=job1, buildAgent=BuildAgentDTO[name=artemis-build-agent-test, memberAddress=[127.0.0.1]:5703, displayName=], participationId=1, courseId=932, exerciseId=1, retryCount=1, priority=1, status=SUCCESSFUL, repositoryInfo=RepositoryInfo[repositoryName=test, repositoryType=null, triggeredByPushTo=user, assignmentRepositoryUri=, testRepositoryUri=, solutionRepositoryUri=, auxiliaryRepositoryUris=null, auxiliaryRepositoryCheckoutDirectories=null], jobTimingInfo=JobTimingInfo[submissionDate=2025-02-14T23:46:04.465896386Z[Etc/UTC], buildStartDate=2025-02-14T23:47:04.465898410Z[Etc/UTC], buildCompletionDate=2025-02-14T23:48:04.465898711Z[Etc/UTC], estimatedCompletionDate=null, estimatedDuration=20], buildConfig=BuildConfig[buildScript=, dockerImage=, commitHashToBuild=test, assignmentCommitHash=, testCommitHash=, branch=, programmingLanguage=null, projectType=null, scaEnabled=false, sequentialTestRunsEnabled=false, resultPaths=null, timeoutSeconds=0, assignmentCheckoutPath=, testCheckoutPath=, solutionCheckoutPath=, dockerRunConfig=null], submissionResult=null], BuildJobQueueItem[id=2, name=job2, buildAgent=BuildAgentDTO[name=artemis-build-agent-test, memberAddress=[127.0.0.1]:5703, displayName=], participationId=2, courseId=932, exerciseId=1, retryCount=1, priority=2, status=SUCCESSFUL, repositoryInfo=RepositoryInfo[repositoryName=test, repositoryType=null, triggeredByPushTo=user, assignmentRepositoryUri=, testRepositoryUri=, solutionRepositoryUri=, auxiliaryRepositoryUris=null, auxiliaryRepositoryCheckoutDirectories=null], jobTimingInfo=JobTimingInfo[submissionDate=2025-02-14T23:45:04.465900063Z[Etc/UTC], buildStartDate=2025-02-14T23:46:04.465900183Z[Etc/UTC], buildCompletionDate=2025-02-14T23:47:04.465900384Z[Etc/UTC], estimatedCompletionDate=null, estimatedDuration=20], buildConfig=BuildConfig[buildScript=, dockerImage=, commitHashToBuild=test, assignmentCommitHash=, testCommitHash=, branch=, programmingLanguage=null, projectType=null, scaEnabled=false, sequentialTestRunsEnabled=false, resultPaths=null, timeoutSeconds=0, assignmentCheckoutPath=, testCheckoutPath=, solutionCheckoutPath=, dockerRunConfig=null], submissionResult=null]]
    23:45:04.559 | 588 artemis-task-1   | DEBUG | d.t.c.a.a.c.c.w.GzipMessageConverter : Compressed message payload from 1497 to 592 (saved 60.5% payload size)
    23:45:04.577 | 473 ool-1-worker-237 | DEBUG | .t.c.a.a.p.w.l.BuildJobQueueResource : REST request to get the finished build jobs for course 932
    23:45:04.630 | 601 taskScheduler-2  | DEBUG | a.a.b.s.SharedQueueProcessingService : Currently processing jobs on this node: 0, active threads in Pool: 0, maximum pool size of thread executor : 1

  Starting logs for LocalCIResourceIntegrationTest > testGetRunningBuildJobs_returnsJobs()
    23:45:04.733 | 473 ool-1-worker-237 | DEBUG | d.t.c.a.a.c.u.util.UserUtilService   : Generate 2 students...
    23:45:04.746 | 473 ool-1-worker-237 | DEBUG | d.t.c.a.a.c.u.util.UserUtilService   : 2 students generated. Generate 1 tutors...
    23:45:04.752 | 473 ool-1-worker-237 | DEBUG | d.t.c.a.a.c.u.util.UserUtilService   : 1 tutors generated. Generate 0 editors...
    23:45:04.753 | 473 ool-1-worker-237 | DEBUG | d.t.c.a.a.c.u.util.UserUtilService   : 0 editors generated. Generate 2 instructors...
    23:45:04.760 | 473 ool-1-worker-237 | DEBUG | d.t.c.a.a.c.u.util.UserUtilService   : 2 instructors generated
    23:45:04.764 | 473 ool-1-worker-237 | DEBUG | d.t.c.a.a.c.u.util.UserUtilService   : Removing 4 users from all courses...
    23:45:04.765 | 473 ool-1-worker-237 | DEBUG | d.t.c.a.a.c.u.util.UserUtilService   : Removing 4 users from all courses. Done
    23:45:04.765 | 473 ool-1-worker-237 | DEBUG | d.t.c.a.a.c.u.util.UserUtilService   : Save 5 users to database...
    23:45:04.777 | 473 ool-1-worker-237 | DEBUG | d.t.c.a.a.c.u.util.UserUtilService   : Save 5 users to database. Done
    23:45:04.852 | 565 localvc.event-12 | DEBUG | a.p.s.l.LocalCIQueueWebsocketService : CIBuildJobQueueItem added to processing jobs: BuildJobQueueItem[id=1, name=job1, buildAgent=BuildAgentDTO[name=artemis-build-agent-test, memberAddress=[127.0.0.1]:5703, displayName=], participationId=1, courseId=933, exerciseId=1, retryCount=1, priority=1, status=SUCCESSFUL, repositoryInfo=RepositoryInfo[repositoryName=test, repositoryType=null, triggeredByPushTo=user, assignmentRepositoryUri=test, testRepositoryUri=test, solutionRepositoryUri=test, auxiliaryRepositoryUris=null, auxiliaryRepositoryCheckoutDirectories=null], jobTimingInfo=JobTimingInfo[submissionDate=2025-02-14T23:46:04.847996086Z[Etc/UTC], buildStartDate=2025-02-14T23:47:04.848010613Z[Etc/UTC], buildCompletionDate=2025-02-14T23:48:04.848011114Z[Etc/UTC], estimatedCompletionDate=null, estimatedDuration=20], buildConfig=BuildConfig[buildScript=echo 'test', dockerImage=test, commitHashToBuild=test, assignmentCommitHash=test, testCommitHash=test, branch=test, programmingLanguage=null, projectType=null, scaEnabled=false, sequentialTestRunsEnabled=false, resultPaths=null, timeoutSeconds=0, assignmentCheckoutPath=null, testCheckoutPath=null, solutionCheckoutPath=null, dockerRunConfig=null], submissionResult=null]
    23:45:04.852 | 565 localvc.event-12 | DEBUG | s.l.LocalCIWebsocketMessagingService : Sending message on topic /topic/admin/running-jobs: [BuildJobQueueItem[id=1, name=job1, buildAgent=BuildAgentDTO[name=artemis-build-agent-test, memberAddress=[127.0.0.1]:5703, displayName=], participationId=1, courseId=933, exerciseId=1, retryCount=1, priority=1, status=SUCCESSFUL, repositoryInfo=RepositoryInfo[repositoryName=test, repositoryType=null, triggeredByPushTo=user, assignmentRepositoryUri=, testRepositoryUri=, solutionRepositoryUri=, auxiliaryRepositoryUris=null, auxiliaryRepositoryCheckoutDirectories=null], jobTimingInfo=JobTimingInfo[submissionDate=2025-02-14T23:46:04.847996086Z[Etc/UTC], buildStartDate=2025-02-14T23:47:04.848010613Z[Etc/UTC], buildCompletionDate=2025-02-14T23:48:04.848011114Z[Etc/UTC], estimatedCompletionDate=null, estimatedDuration=20], buildConfig=BuildConfig[buildScript=, dockerImage=, commitHashToBuild=test, assignmentCommitHash=, testCommitHash=, branch=, programmingLanguage=null, projectType=null, scaEnabled=false, sequentialTestRunsEnabled=false, resultPaths=null, timeoutSeconds=0, assignmentCheckoutPath=, testCheckoutPath=, solutionCheckoutPath=, dockerRunConfig=null], submissionResult=null]]
    23:45:04.853 | 565 localvc.event-12 | DEBUG | s.l.LocalCIWebsocketMessagingService : Sending message on topic /topic/courses/933/running-jobs: [BuildJobQueueItem[id=1, name=job1, buildAgent=BuildAgentDTO[name=artemis-build-agent-test, memberAddress=[127.0.0.1]:5703, displayName=], participationId=1, courseId=933, exerciseId=1, retryCount=1, priority=1, status=SUCCESSFUL, repositoryInfo=RepositoryInfo[repositoryName=test, repositoryType=null, triggeredByPushTo=user, assignmentRepositoryUri=, testRepositoryUri=, solutionRepositoryUri=, auxiliaryRepositoryUris=null, auxiliaryRepositoryCheckoutDirectories=null], jobTimingInfo=JobTimingInfo[submissionDate=2025-02-14T23:46:04.847996086Z[Etc/UTC], buildStartDate=2025-02-14T23:47:04.848010613Z[Etc/UTC], buildCompletionDate=2025-02-14T23:48:04.848011114Z[Etc/UTC], estimatedCompletionDate=null, estimatedDuration=20], buildConfig=BuildConfig[buildScript=, dockerImage=, commitHashToBuild=test, assignmentCommitHash=, testCommitHash=, branch=, programmingLanguage=null, projectType=null, scaEnabled=false, sequentialTestRunsEnabled=false, resultPaths=null, timeoutSeconds=0, assignmentCheckoutPath=, testCheckoutPath=, solutionCheckoutPath=, dockerRunConfig=null], submissionResult=null]]
    23:45:04.854 | 473 ool-1-worker-237 | INFO  | i.z.t.d.l.EmbeddedDatabaseReporter   : JDBC URL to connect to 'dataSource': url='jdbc:h2:tcp://localhost:41063/mem:f240edcd-27ce-47a3-b4ab-a6a00c154135;USER=sa', scope='LocalCIResourceIntegrationTest#testGetRunningBuildJobs_returnsJobs'
    23:45:04.855 | 566 localvc.event-13 | DEBUG | a.p.s.l.LocalCIQueueWebsocketService : Build agent added: BuildAgentInformation[buildAgent=BuildAgentDTO[name=artemis-build-agent-test, memberAddress=[127.0.0.1]:5703, displayName=], maxNumberOfConcurrentBuildJobs=2, numberOfCurrentBuildJobs=1, runningBuildJobs=[BuildJobQueueItem[id=1, name=job1, buildAgent=BuildAgentDTO[name=artemis-build-agent-test, memberAddress=[127.0.0.1]:5703, displayName=], participationId=1, courseId=933, exerciseId=1, retryCount=1, priority=1, status=SUCCESSFUL, repositoryInfo=RepositoryInfo[repositoryName=test, repositoryType=null, triggeredByPushTo=user, assignmentRepositoryUri=test, testRepositoryUri=test, solutionRepositoryUri=test, auxiliaryRepositoryUris=null, auxiliaryRepositoryCheckoutDirectories=null], jobTimingInfo=JobTimingInfo[submissionDate=2025-02-14T23:46:04.847996086Z[Etc/UTC], buildStartDate=2025-02-14T23:47:04.848010613Z[Etc/UTC], buildCompletionDate=2025-02-14T23:48:04.848011114Z[Etc/UTC], estimatedCompletionDate=null, estimatedDuration=20], buildConfig=BuildConfig[buildScript=echo 'test', dockerImage=test, commitHashToBuild=test, assignmentCommitHash=test, testCommitHash=test, branch=test, programmingLanguage=null, projectType=null, scaEnabled=false, sequentialTestRunsEnabled=false, resultPaths=null, timeoutSeconds=0, assignmentCheckoutPath=null, testCheckoutPath=null, solutionCheckoutPath=null, dockerRunConfig=null], submissionResult=null]], status=IDLE, recentBuildJobs=[BuildJobQueueItem[id=2, name=job2, buildAgent=BuildAgentDTO[name=artemis-build-agent-test, memberAddress=[127.0.0.1]:5703, displayName=], participationId=2, courseId=933, exerciseId=1, retryCount=1, priority=2, status=SUCCESSFUL, repositoryInfo=RepositoryInfo[repositoryName=test, repositoryType=null, triggeredByPushTo=user, assignmentRepositoryUri=test, testRepositoryUri=test, solutionRepositoryUri=test, auxiliaryRepositoryUris=null, auxiliaryRepositoryCheckoutDirectories=null], jobTimingInfo=JobTimingInfo[submissionDate=2025-02-14T23:45:04.848014721Z[Etc/UTC], buildStartDate=2025-02-14T23:46:04.848014871Z[Etc/UTC], buildCompletionDate=2025-02-14T23:47:04.848015121Z[Etc/UTC], estimatedCompletionDate=null, estimatedDuration=20], buildConfig=BuildConfig[buildScript=echo 'test', dockerImage=test, commitHashToBuild=test, assignmentCommitHash=test, testCommitHash=test, branch=test, programmingLanguage=null, projectType=null, scaEnabled=false, sequentialTestRunsEnabled=false, resultPaths=null, timeoutSeconds=0, assignmentCheckoutPath=null, testCheckoutPath=null, solutionCheckoutPath=null, dockerRunConfig=null], submissionResult=null]], publicSshKey=null]
    23:45:04.855 | 566 localvc.event-13 | DEBUG | s.l.LocalCIWebsocketMessagingService : Sending message on topic /topic/admin/build-agents: [BuildAgentInformation[buildAgent=BuildAgentDTO[name=artemis-build-agent-test, memberAddress=[127.0.0.1]:5703, displayName=], maxNumberOfConcurrentBuildJobs=2, numberOfCurrentBuildJobs=1, runningBuildJobs=[BuildJobQueueItem[id=1, name=job1, buildAgent=BuildAgentDTO[name=artemis-build-agent-test, memberAddress=[127.0.0.1]:5703, displayName=], participationId=1, courseId=933, exerciseId=1, retryCount=1, priority=1, status=SUCCESSFUL, repositoryInfo=RepositoryInfo[repositoryName=test, repositoryType=null, triggeredByPushTo=user, assignmentRepositoryUri=, testRepositoryUri=, solutionRepositoryUri=, auxiliaryRepositoryUris=null, auxiliaryRepositoryCheckoutDirectories=null], jobTimingInfo=JobTimingInfo[submissionDate=2025-02-14T23:46:04.847996086Z[Etc/UTC], buildStartDate=2025-02-14T23:47:04.848010613Z[Etc/UTC], buildCompletionDate=2025-02-14T23:48:04.848011114Z[Etc/UTC], estimatedCompletionDate=null, estimatedDuration=20], buildConfig=BuildConfig[buildScript=, dockerImage=, commitHashToBuild=test, assignmentCommitHash=, testCommitHash=, branch=, programmingLanguage=null, projectType=null, scaEnabled=false, sequentialTestRunsEnabled=false, resultPaths=null, timeoutSeconds=0, assignmentCheckoutPath=, testCheckoutPath=, solutionCheckoutPath=, dockerRunConfig=null], submissionResult=null]], status=IDLE, recentBuildJobs=null, publicSshKey=null]]
    23:45:04.855 | 473 ool-1-worker-237 | DEBUG | d.t.c.a.a.c.s.f.ApiVersionFilter     : Adding Version to Request GET /api/admin/running-jobs
    23:45:04.856 | 566 localvc.event-13 | DEBUG | s.l.LocalCIWebsocketMessagingService : Sending message on topic /topic/admin/build-agent/artemis-build-agent-test: BuildAgentInformation[buildAgent=BuildAgentDTO[name=artemis-build-agent-test, memberAddress=[127.0.0.1]:5703, displayName=], maxNumberOfConcurrentBuildJobs=2, numberOfCurrentBuildJobs=1, runningBuildJobs=[BuildJobQueueItem[id=1, name=job1, buildAgent=BuildAgentDTO[name=artemis-build-agent-test, memberAddress=[127.0.0.1]:5703, displayName=], participationId=1, courseId=933, exerciseId=1, retryCount=1, priority=1, status=SUCCESSFUL, repositoryInfo=RepositoryInfo[repositoryName=test, repositoryType=null, triggeredByPushTo=user, assignmentRepositoryUri=test, testRepositoryUri=test, solutionRepositoryUri=test, auxiliaryRepositoryUris=null, auxiliaryRepositoryCheckoutDirectories=null], jobTimingInfo=JobTimingInfo[submissionDate=2025-02-14T23:46:04.847996086Z[Etc/UTC], buildStartDate=2025-02-14T23:47:04.848010613Z[Etc/UTC], buildCompletionDate=2025-02-14T23:48:04.848011114Z[Etc/UTC], estimatedCompletionDate=null, estimatedDuration=20], buildConfig=BuildConfig[buildScript=echo 'test', dockerImage=test, commitHashToBuild=test, assignmentCommitHash=test, testCommitHash=test, branch=test, programmingLanguage=null, projectType=null, scaEnabled=false, sequentialTestRunsEnabled=false, resultPaths=null, timeoutSeconds=0, assignmentCheckoutPath=null, testCheckoutPath=null, solutionCheckoutPath=null, dockerRunConfig=null], submissionResult=null]], status=IDLE, recentBuildJobs=[BuildJobQueueItem[id=2, name=job2, buildAgent=BuildAgentDTO[name=artemis-build-agent-test, memberAddress=[127.0.0.1]:5703, displayName=], participationId=2, courseId=933, exerciseId=1, retryCount=1, priority=2, status=SUCCESSFUL, repositoryInfo=RepositoryInfo[repositoryName=test, repositoryType=null, triggeredByPushTo=user, assignmentRepositoryUri=test, testRepositoryUri=test, solutionRepositoryUri=test, auxiliaryRepositoryUris=null, auxiliaryRepositoryCheckoutDirectories=null], jobTimingInfo=JobTimingInfo[submissionDate=2025-02-14T23:45:04.848014721Z[Etc/UTC], buildStartDate=2025-02-14T23:46:04.848014871Z[Etc/UTC], buildCompletionDate=2025-02-14T23:47:04.848015121Z[Etc/UTC], estimatedCompletionDate=null, estimatedDuration=20], buildConfig=BuildConfig[buildScript=echo 'test', dockerImage=test, commitHashToBuild=test, assignmentCommitHash=test, testCommitHash=test, branch=test, programmingLanguage=null, projectType=null, scaEnabled=false, sequentialTestRunsEnabled=false, resultPaths=null, timeoutSeconds=0, assignmentCheckoutPath=null, testCheckoutPath=null, solutionCheckoutPath=null, dockerRunConfig=null], submissionResult=null]], publicSshKey=null]
    23:45:04.856 | 566 localvc.event-13 | DEBUG | a.p.s.l.SharedQueueManagementService : Build agent added: null
    23:45:04.856 | 473 ool-1-worker-237 | DEBUG | a.a.c.w.a.AdminBuildJobQueueResource : REST request to get the running build jobs
    23:45:04.856 | 588 artemis-task-1   | DEBUG | d.t.c.a.a.c.c.w.GzipMessageConverter : Compressed message payload from 750 to 528 (saved 29.6% payload size)
    23:45:04.857 | 588 artemis-task-1   | DEBUG | d.t.c.a.a.c.c.w.GzipMessageConverter : Compressed message payload from 750 to 528 (saved 29.6% payload size)
    23:45:04.857 | 588 artemis-task-1   | DEBUG | d.t.c.a.a.c.c.w.GzipMessageConverter : Compressed message payload from 1040 to 620 (saved 40.4% payload size)
    23:45:04.857 | 588 artemis-task-1   | DEBUG | d.t.c.a.a.c.c.w.GzipMessageConverter : Compressed message payload from 2432 to 800 (saved 67.1% payload size)
    23:45:04.860 | 565 localvc.event-12 | DEBUG | a.p.s.l.LocalCIQueueWebsocketService : CIBuildJobQueueItem added to processing jobs: BuildJobQueueItem[id=2, name=job2, buildAgent=BuildAgentDTO[name=artemis-build-agent-test, memberAddress=[127.0.0.1]:5703, displayName=], participationId=2, courseId=933, exerciseId=1, retryCount=1, priority=2, status=SUCCESSFUL, repositoryInfo=RepositoryInfo[repositoryName=test, repositoryType=null, triggeredByPushTo=user, assignmentRepositoryUri=test, testRepositoryUri=test, solutionRepositoryUri=test, auxiliaryRepositoryUris=null, auxiliaryRepositoryCheckoutDirectories=null], jobTimingInfo=JobTimingInfo[submissionDate=2025-02-14T23:45:04.848014721Z[Etc/UTC], buildStartDate=2025-02-14T23:46:04.848014871Z[Etc/UTC], buildCompletionDate=2025-02-14T23:47:04.848015121Z[Etc/UTC], estimatedCompletionDate=null, estimatedDuration=20], buildConfig=BuildConfig[buildScript=echo 'test', dockerImage=test, commitHashToBuild=test, assignmentCommitHash=test, testCommitHash=test, branch=test, programmingLanguage=null, projectType=null, scaEnabled=false, sequentialTestRunsEnabled=false, resultPaths=null, timeoutSeconds=0, assignmentCheckoutPath=null, testCheckoutPath=null, solutionCheckoutPath=null, dockerRunConfig=null], submissionResult=null]
    23:45:04.860 | 565 localvc.event-12 | DEBUG | s.l.LocalCIWebsocketMessagingService : Sending message on topic /topic/admin/running-jobs: [BuildJobQueueItem[id=1, name=job1, buildAgent=BuildAgentDTO[name=artemis-build-agent-test, memberAddress=[127.0.0.1]:5703, displayName=], participationId=1, courseId=933, exerciseId=1, retryCount=1, priority=1, status=SUCCESSFUL, repositoryInfo=RepositoryInfo[repositoryName=test, repositoryType=null, triggeredByPushTo=user, assignmentRepositoryUri=, testRepositoryUri=, solutionRepositoryUri=, auxiliaryRepositoryUris=null, auxiliaryRepositoryCheckoutDirectories=null], jobTimingInfo=JobTimingInfo[submissionDate=2025-02-14T23:46:04.847996086Z[Etc/UTC], buildStartDate=2025-02-14T23:47:04.848010613Z[Etc/UTC], buildCompletionDate=2025-02-14T23:48:04.848011114Z[Etc/UTC], estimatedCompletionDate=null, estimatedDuration=20], buildConfig=BuildConfig[buildScript=, dockerImage=, commitHashToBuild=test, assignmentCommitHash=, testCommitHash=, branch=, programmingLanguage=null, projectType=null, scaEnabled=false, sequentialTestRunsEnabled=false, resultPaths=null, timeoutSeconds=0, assignmentCheckoutPath=, testCheckoutPath=, solutionCheckoutPath=, dockerRunConfig=null], submissionResult=null], BuildJobQueueItem[id=2, name=job2, buildAgent=BuildAgentDTO[name=artemis-build-agent-test, memberAddress=[127.0.0.1]:5703, displayName=], participationId=2, courseId=933, exerciseId=1, retryCount=1, priority=2, status=SUCCESSFUL, repositoryInfo=RepositoryInfo[repositoryName=test, repositoryType=null, triggeredByPushTo=user, assignmentRepositoryUri=, testRepositoryUri=, solutionRepositoryUri=, auxiliaryRepositoryUris=null, auxiliaryRepositoryCheckoutDirectories=null], jobTimingInfo=JobTimingInfo[submissionDate=2025-02-14T23:45:04.848014721Z[Etc/UTC], buildStartDate=2025-02-14T23:46:04.848014871Z[Etc/UTC], buildCompletionDate=2025-02-14T23:47:04.848015121Z[Etc/UTC], estimatedCompletionDate=null, estimatedDuration=20], buildConfig=BuildConfig[buildScript=, dockerImage=, commitHashToBuild=test, assignmentCommitHash=, testCommitHash=, branch=, programmingLanguage=null, projectType=null, scaEnabled=false, sequentialTestRunsEnabled=false, resultPaths=null, timeoutSeconds=0, assignmentCheckoutPath=, testCheckoutPath=, solutionCheckoutPath=, dockerRunConfig=null], submissionResult=null]]
    23:45:04.860 | 565 localvc.event-12 | DEBUG | s.l.LocalCIWebsocketMessagingService : Sending message on topic /topic/courses/933/running-jobs: [BuildJobQueueItem[id=1, name=job1, buildAgent=BuildAgentDTO[name=artemis-build-agent-test, memberAddress=[127.0.0.1]:5703, displayName=], participationId=1, courseId=933, exerciseId=1, retryCount=1, priority=1, status=SUCCESSFUL, repositoryInfo=RepositoryInfo[repositoryName=test, repositoryType=null, triggeredByPushTo=user, assignmentRepositoryUri=, testRepositoryUri=, solutionRepositoryUri=, auxiliaryRepositoryUris=null, auxiliaryRepositoryCheckoutDirectories=null], jobTimingInfo=JobTimingInfo[submissionDate=2025-02-14T23:46:04.847996086Z[Etc/UTC], buildStartDate=2025-02-14T23:47:04.848010613Z[Etc/UTC], buildCompletionDate=2025-02-14T23:48:04.848011114Z[Etc/UTC], estimatedCompletionDate=null, estimatedDuration=20], buildConfig=BuildConfig[buildScript=, dockerImage=, commitHashToBuild=test, assignmentCommitHash=, testCommitHash=, branch=, programmingLanguage=null, projectType=null, scaEnabled=false, sequentialTestRunsEnabled=false, resultPaths=null, timeoutSeconds=0, assignmentCheckoutPath=, testCheckoutPath=, solutionCheckoutPath=, dockerRunConfig=null], submissionResult=null], BuildJobQueueItem[id=2, name=job2, buildAgent=BuildAgentDTO[name=artemis-build-agent-test, memberAddress=[127.0.0.1]:5703, displayName=], participationId=2, courseId=933, exerciseId=1, retryCount=1, priority=2, status=SUCCESSFUL, repositoryInfo=RepositoryInfo[repositoryName=test, repositoryType=null, triggeredByPushTo=user, assignmentRepositoryUri=, testRepositoryUri=, solutionRepositoryUri=, auxiliaryRepositoryUris=null, auxiliaryRepositoryCheckoutDirectories=null], jobTimingInfo=JobTimingInfo[submissionDate=2025-02-14T23:45:04.848014721Z[Etc/UTC], buildStartDate=2025-02-14T23:46:04.848014871Z[Etc/UTC], buildCompletionDate=2025-02-14T23:47:04.848015121Z[Etc/UTC], estimatedCompletionDate=null, estimatedDuration=20], buildConfig=BuildConfig[buildScript=, dockerImage=, commitHashToBuild=test, assignmentCommitHash=, testCommitHash=, branch=, programmingLanguage=null, projectType=null, scaEnabled=false, sequentialTestRunsEnabled=false, resultPaths=null, timeoutSeconds=0, assignmentCheckoutPath=, testCheckoutPath=, solutionCheckoutPath=, dockerRunConfig=null], submissionResult=null]]
    23:45:04.863 | 588 artemis-task-1   | DEBUG | d.t.c.a.a.c.c.w.GzipMessageConverter : Compressed message payload from 1498 to 596 (saved 60.2% payload size)
    23:45:04.863 | 588 artemis-task-1   | DEBUG | d.t.c.a.a.c.c.w.GzipMessageConverter : Compressed message payload from 1498 to 596 (saved 60.2% payload size)
    23:45:04.863 | 615 taskScheduler-4  | DEBUG | a.a.b.s.SharedQueueProcessingService : Currently processing jobs on this node: 0, active threads in Pool: 0, maximum pool size of thread executor : 1

  Starting logs for LocalCIResourceIntegrationTest > testCancelAllRunningBuildJobsForCourse()
    23:45:04.913 | 473 ool-1-worker-237 | DEBUG | d.t.c.a.a.c.u.util.UserUtilService   : Generate 2 students...
    23:45:04.925 | 473 ool-1-worker-237 | DEBUG | d.t.c.a.a.c.u.util.UserUtilService   : 2 students generated. Generate 1 tutors...
    23:45:04.930 | 473 ool-1-worker-237 | DEBUG | d.t.c.a.a.c.u.util.UserUtilService   : 1 tutors generated. Generate 0 editors...
    23:45:04.932 | 473 ool-1-worker-237 | DEBUG | d.t.c.a.a.c.u.util.UserUtilService   : 0 editors generated. Generate 2 instructors...
    23:45:04.939 | 473 ool-1-worker-237 | DEBUG | d.t.c.a.a.c.u.util.UserUtilService   : 2 instructors generated
    23:45:04.940 | 473 ool-1-worker-237 | DEBUG | d.t.c.a.a.c.u.util.UserUtilService   : Removing 4 users from all courses...
    23:45:04.944 | 473 ool-1-worker-237 | DEBUG | d.t.c.a.a.c.u.util.UserUtilService   : Removing 4 users from all courses. Done
    23:45:04.944 | 473 ool-1-worker-237 | DEBUG | d.t.c.a.a.c.u.util.UserUtilService   : Save 5 users to database...
    23:45:04.953 | 473 ool-1-worker-237 | DEBUG | d.t.c.a.a.c.u.util.UserUtilService   : Save 5 users to database. Done
    23:45:05.016 | 565 localvc.event-12 | DEBUG | a.p.s.l.LocalCIQueueWebsocketService : CIBuildJobQueueItem added to processing jobs: BuildJobQueueItem[id=1, name=job1, buildAgent=BuildAgentDTO[name=artemis-build-agent-test, memberAddress=[127.0.0.1]:5703, displayName=], participationId=1, courseId=934, exerciseId=1, retryCount=1, priority=1, status=SUCCESSFUL, repositoryInfo=RepositoryInfo[repositoryName=test, repositoryType=null, triggeredByPushTo=user, assignmentRepositoryUri=test, testRepositoryUri=test, solutionRepositoryUri=test, auxiliaryRepositoryUris=null, auxiliaryRepositoryCheckoutDirectories=null], jobTimingInfo=JobTimingInfo[submissionDate=2025-02-14T23:46:05.014819983Z[Etc/UTC], buildStartDate=2025-02-14T23:47:05.014821756Z[Etc/UTC], buildCompletionDate=2025-02-14T23:48:05.014822077Z[Etc/UTC], estimatedCompletionDate=null, estimatedDuration=20], buildConfig=BuildConfig[buildScript=echo 'test', dockerImage=test, commitHashToBuild=test, assignmentCommitHash=test, testCommitHash=test, branch=test, programmingLanguage=null, projectType=null, scaEnabled=false, sequentialTestRunsEnabled=false, resultPaths=null, timeoutSeconds=0, assignmentCheckoutPath=null, testCheckoutPath=null, solutionCheckoutPath=null, dockerRunConfig=null], submissionResult=null]
    23:45:05.017 | 565 localvc.event-12 | DEBUG | s.l.LocalCIWebsocketMessagingService : Sending message on topic /topic/admin/running-jobs: [BuildJobQueueItem[id=1, name=job1, buildAgent=BuildAgentDTO[name=artemis-build-agent-test, memberAddress=[127.0.0.1]:5703, displayName=], participationId=1, courseId=934, exerciseId=1, retryCount=1, priority=1, status=SUCCESSFUL, repositoryInfo=RepositoryInfo[repositoryName=test, repositoryType=null, triggeredByPushTo=user, assignmentRepositoryUri=, testRepositoryUri=, solutionRepositoryUri=, auxiliaryRepositoryUris=null, auxiliaryRepositoryCheckoutDirectories=null], jobTimingInfo=JobTimingInfo[submissionDate=2025-02-14T23:46:05.014819983Z[Etc/UTC], buildStartDate=2025-02-14T23:47:05.014821756Z[Etc/UTC], buildCompletionDate=2025-02-14T23:48:05.014822077Z[Etc/UTC], estimatedCompletionDate=null, estimatedDuration=20], buildConfig=BuildConfig[buildScript=, dockerImage=, commitHashToBuild=test, assignmentCommitHash=, testCommitHash=, branch=, programmingLanguage=null, projectType=null, scaEnabled=false, sequentialTestRunsEnabled=false, resultPaths=null, timeoutSeconds=0, assignmentCheckoutPath=, testCheckoutPath=, solutionCheckoutPath=, dockerRunConfig=null], submissionResult=null]]
    23:45:05.017 | 565 localvc.event-12 | DEBUG | s.l.LocalCIWebsocketMessagingService : Sending message on topic /topic/courses/934/running-jobs: [BuildJobQueueItem[id=1, name=job1, buildAgent=BuildAgentDTO[name=artemis-build-agent-test, memberAddress=[127.0.0.1]:5703, displayName=], participationId=1, courseId=934, exerciseId=1, retryCount=1, priority=1, status=SUCCESSFUL, repositoryInfo=RepositoryInfo[repositoryName=test, repositoryType=null, triggeredByPushTo=user, assignmentRepositoryUri=, testRepositoryUri=, solutionRepositoryUri=, auxiliaryRepositoryUris=null, auxiliaryRepositoryCheckoutDirectories=null], jobTimingInfo=JobTimingInfo[submissionDate=2025-02-14T23:46:05.014819983Z[Etc/UTC], buildStartDate=2025-02-14T23:47:05.014821756Z[Etc/UTC], buildCompletionDate=2025-02-14T23:48:05.014822077Z[Etc/UTC], estimatedCompletionDate=null, estimatedDuration=20], buildConfig=BuildConfig[buildScript=, dockerImage=, commitHashToBuild=test, assignmentCommitHash=, testCommitHash=, branch=, programmingLanguage=null, projectType=null, scaEnabled=false, sequentialTestRunsEnabled=false, resultPaths=null, timeoutSeconds=0, assignmentCheckoutPath=, testCheckoutPath=, solutionCheckoutPath=, dockerRunConfig=null], submissionResult=null]]
    23:45:05.019 | 588 artemis-task-1   | DEBUG | d.t.c.a.a.c.c.w.GzipMessageConverter : Compressed message payload from 750 to 528 (saved 29.6% payload size)
    23:45:05.019 | 588 artemis-task-1   | DEBUG | d.t.c.a.a.c.c.w.GzipMessageConverter : Compressed message payload from 750 to 528 (saved 29.6% payload size)
    23:45:05.019 | 566 localvc.event-13 | DEBUG | a.p.s.l.LocalCIQueueWebsocketService : Build agent added: BuildAgentInformation[buildAgent=BuildAgentDTO[name=artemis-build-agent-test, memberAddress=[127.0.0.1]:5703, displayName=], maxNumberOfConcurrentBuildJobs=2, numberOfCurrentBuildJobs=1, runningBuildJobs=[BuildJobQueueItem[id=1, name=job1, buildAgent=BuildAgentDTO[name=artemis-build-agent-test, memberAddress=[127.0.0.1]:5703, displayName=], participationId=1, courseId=934, exerciseId=1, retryCount=1, priority=1, status=SUCCESSFUL, repositoryInfo=RepositoryInfo[repositoryName=test, repositoryType=null, triggeredByPushTo=user, assignmentRepositoryUri=test, testRepositoryUri=test, solutionRepositoryUri=test, auxiliaryRepositoryUris=null, auxiliaryRepositoryCheckoutDirectories=null], jobTimingInfo=JobTimingInfo[submissionDate=2025-02-14T23:46:05.014819983Z[Etc/UTC], buildStartDate=2025-02-14T23:47:05.014821756Z[Etc/UTC], buildCompletionDate=2025-02-14T23:48:05.014822077Z[Etc/UTC], estimatedCompletionDate=null, estimatedDuration=20], buildConfig=BuildConfig[buildScript=echo 'test', dockerImage=test, commitHashToBuild=test, assignmentCommitHash=test, testCommitHash=test, branch=test, programmingLanguage=null, projectType=null, scaEnabled=false, sequentialTestRunsEnabled=false, resultPaths=null, timeoutSeconds=0, assignmentCheckoutPath=null, testCheckoutPath=null, solutionCheckoutPath=null, dockerRunConfig=null], submissionResult=null]], status=IDLE, recentBuildJobs=[BuildJobQueueItem[id=2, name=job2, buildAgent=BuildAgentDTO[name=artemis-build-agent-test, memberAddress=[127.0.0.1]:5703, displayName=], participationId=2, courseId=934, exerciseId=1, retryCount=1, priority=2, status=SUCCESSFUL, repositoryInfo=RepositoryInfo[repositoryName=test, repositoryType=null, triggeredByPushTo=user, assignmentRepositoryUri=test, testRepositoryUri=test, solutionRepositoryUri=test, auxiliaryRepositoryUris=null, auxiliaryRepositoryCheckoutDirectories=null], jobTimingInfo=JobTimingInfo[submissionDate=2025-02-14T23:45:05.014823169Z[Etc/UTC], buildStartDate=2025-02-14T23:46:05.014823299Z[Etc/UTC], buildCompletionDate=2025-02-14T23:47:05.014823519Z[Etc/UTC], estimatedCompletionDate=null, estimatedDuration=20], buildConfig=BuildConfig[buildScript=echo 'test', dockerImage=test, commitHashToBuild=test, assignmentCommitHash=test, testCommitHash=test, branch=test, programmingLanguage=null, projectType=null, scaEnabled=false, sequentialTestRunsEnabled=false, resultPaths=null, timeoutSeconds=0, assignmentCheckoutPath=null, testCheckoutPath=null, solutionCheckoutPath=null, dockerRunConfig=null], submissionResult=null]], publicSshKey=null]
    23:45:05.019 | 473 ool-1-worker-237 | INFO  | i.z.t.d.l.EmbeddedDatabaseReporter   : JDBC URL to connect to 'dataSource': url='jdbc:h2:tcp://localhost:41063/mem:f240edcd-27ce-47a3-b4ab-a6a00c154135;USER=sa', scope='LocalCIResourceIntegrationTest#testCancelAllRunningBuildJobsForCourse'
    23:45:05.020 | 566 localvc.event-13 | DEBUG | s.l.LocalCIWebsocketMessagingService : Sending message on topic /topic/admin/build-agents: [BuildAgentInformation[buildAgent=BuildAgentDTO[name=artemis-build-agent-test, memberAddress=[127.0.0.1]:5703, displayName=], maxNumberOfConcurrentBuildJobs=2, numberOfCurrentBuildJobs=1, runningBuildJobs=[BuildJobQueueItem[id=1, name=job1, buildAgent=BuildAgentDTO[name=artemis-build-agent-test, memberAddress=[127.0.0.1]:5703, displayName=], participationId=1, courseId=934, exerciseId=1, retryCount=1, priority=1, status=SUCCESSFUL, repositoryInfo=RepositoryInfo[repositoryName=test, repositoryType=null, triggeredByPushTo=user, assignmentRepositoryUri=, testRepositoryUri=, solutionRepositoryUri=, auxiliaryRepositoryUris=null, auxiliaryRepositoryCheckoutDirectories=null], jobTimingInfo=JobTimingInfo[submissionDate=2025-02-14T23:46:05.014819983Z[Etc/UTC], buildStartDate=2025-02-14T23:47:05.014821756Z[Etc/UTC], buildCompletionDate=2025-02-14T23:48:05.014822077Z[Etc/UTC], estimatedCompletionDate=null, estimatedDuration=20], buildConfig=BuildConfig[buildScript=, dockerImage=, commitHashToBuild=test, assignmentCommitHash=, testCommitHash=, branch=, programmingLanguage=null, projectType=null, scaEnabled=false, sequentialTestRunsEnabled=false, resultPaths=null, timeoutSeconds=0, assignmentCheckoutPath=, testCheckoutPath=, solutionCheckoutPath=, dockerRunConfig=null], submissionResult=null]], status=IDLE, recentBuildJobs=null, publicSshKey=null]]
    23:45:05.020 | 566 localvc.event-13 | DEBUG | s.l.LocalCIWebsocketMessagingService : Sending message on topic /topic/admin/build-agent/artemis-build-agent-test: BuildAgentInformation[buildAgent=BuildAgentDTO[name=artemis-build-agent-test, memberAddress=[127.0.0.1]:5703, displayName=], maxNumberOfConcurrentBuildJobs=2, numberOfCurrentBuildJobs=1, runningBuildJobs=[BuildJobQueueItem[id=1, name=job1, buildAgent=BuildAgentDTO[name=artemis-build-agent-test, memberAddress=[127.0.0.1]:5703, displayName=], participationId=1, courseId=934, exerciseId=1, retryCount=1, priority=1, status=SUCCESSFUL, repositoryInfo=RepositoryInfo[repositoryName=test, repositoryType=null, triggeredByPushTo=user, assignmentRepositoryUri=test, testRepositoryUri=test, solutionRepositoryUri=test, auxiliaryRepositoryUris=null, auxiliaryRepositoryCheckoutDirectories=null], jobTimingInfo=JobTimingInfo[submissionDate=2025-02-14T23:46:05.014819983Z[Etc/UTC], buildStartDate=2025-02-14T23:47:05.014821756Z[Etc/UTC], buildCompletionDate=2025-02-14T23:48:05.014822077Z[Etc/UTC], estimatedCompletionDate=null, estimatedDuration=20], buildConfig=BuildConfig[buildScript=echo 'test', dockerImage=test, commitHashToBuild=test, assignmentCommitHash=test, testCommitHash=test, branch=test, programmingLanguage=null, projectType=null, scaEnabled=false, sequentialTestRunsEnabled=false, resultPaths=null, timeoutSeconds=0, assignmentCheckoutPath=null, testCheckoutPath=null, solutionCheckoutPath=null, dockerRunConfig=null], submissionResult=null]], status=IDLE, recentBuildJobs=[BuildJobQueueItem[id=2, name=job2, buildAgent=BuildAgentDTO[name=artemis-build-agent-test, memberAddress=[127.0.0.1]:5703, displayName=], participationId=2, courseId=934, exerciseId=1, retryCount=1, priority=2, status=SUCCESSFUL, repositoryInfo=RepositoryInfo[repositoryName=test, repositoryType=null, triggeredByPushTo=user, assignmentRepositoryUri=test, testRepositoryUri=test, solutionRepositoryUri=test, auxiliaryRepositoryUris=null, auxiliaryRepositoryCheckoutDirectories=null], jobTimingInfo=JobTimingInfo[submissionDate=2025-02-14T23:45:05.014823169Z[Etc/UTC], buildStartDate=2025-02-14T23:46:05.014823299Z[Etc/UTC], buildCompletionDate=2025-02-14T23:47:05.014823519Z[Etc/UTC], estimatedCompletionDate=null, estimatedDuration=20], buildConfig=BuildConfig[buildScript=echo 'test', dockerImage=test, commitHashToBuild=test, assignmentCommitHash=test, testCommitHash=test, branch=test, programmingLanguage=null, projectType=null, scaEnabled=false, sequentialTestRunsEnabled=false, resultPaths=null, timeoutSeconds=0, assignmentCheckoutPath=null, testCheckoutPath=null, solutionCheckoutPath=null, dockerRunConfig=null], submissionResult=null]], publicSshKey=null]
    23:45:05.020 | 566 localvc.event-13 | DEBUG | a.p.s.l.SharedQueueManagementService : Build agent added: null
    23:45:05.021 | 588 artemis-task-1   | DEBUG | d.t.c.a.a.c.c.w.GzipMessageConverter : Compressed message payload from 1040 to 620 (saved 40.4% payload size)
    23:45:05.021 | 473 ool-1-worker-237 | DEBUG | d.t.c.a.a.c.s.f.ApiVersionFilter     : Adding Version to Request DELETE /api/courses/934/cancel-all-running-jobs
    23:45:05.021 | 588 artemis-task-1   | DEBUG | d.t.c.a.a.c.c.w.GzipMessageConverter : Compressed message payload from 2432 to 796 (saved 67.3% payload size)
    23:45:05.022 | 473 ool-1-worker-237 | DEBUG | .t.c.a.a.p.w.l.BuildJobQueueResource : REST request to cancel all running build jobs for course 934
    23:45:05.028 | 565 localvc.event-12 | DEBUG | a.p.s.l.LocalCIQueueWebsocketService : CIBuildJobQueueItem added to processing jobs: BuildJobQueueItem[id=2, name=job2, buildAgent=BuildAgentDTO[name=artemis-build-agent-test, memberAddress=[127.0.0.1]:5703, displayName=], participationId=2, courseId=934, exerciseId=1, retryCount=1, priority=2, status=SUCCESSFUL, repositoryInfo=RepositoryInfo[repositoryName=test, repositoryType=null, triggeredByPushTo=user, assignmentRepositoryUri=test, testRepositoryUri=test, solutionRepositoryUri=test, auxiliaryRepositoryUris=null, auxiliaryRepositoryCheckoutDirectories=null], jobTimingInfo=JobTimingInfo[submissionDate=2025-02-14T23:45:05.014823169Z[Etc/UTC], buildStartDate=2025-02-14T23:46:05.014823299Z[Etc/UTC], buildCompletionDate=2025-02-14T23:47:05.014823519Z[Etc/UTC], estimatedCompletionDate=null, estimatedDuration=20], buildConfig=BuildConfig[buildScript=echo 'test', dockerImage=test, commitHashToBuild=test, assignmentCommitHash=test, testCommitHash=test, branch=test, programmingLanguage=null, projectType=null, scaEnabled=false, sequentialTestRunsEnabled=false, resultPaths=null, timeoutSeconds=0, assignmentCheckoutPath=null, testCheckoutPath=null, solutionCheckoutPath=null, dockerRunConfig=null], submissionResult=null]
    23:45:05.028 | 565 localvc.event-12 | DEBUG | s.l.LocalCIWebsocketMessagingService : Sending message on topic /topic/admin/running-jobs: [BuildJobQueueItem[id=1, name=job1, buildAgent=BuildAgentDTO[name=artemis-build-agent-test, memberAddress=[127.0.0.1]:5703, displayName=], participationId=1, courseId=934, exerciseId=1, retryCount=1, priority=1, status=SUCCESSFUL, repositoryInfo=RepositoryInfo[repositoryName=test, repositoryType=null, triggeredByPushTo=user, assignmentRepositoryUri=, testRepositoryUri=, solutionRepositoryUri=, auxiliaryRepositoryUris=null, auxiliaryRepositoryCheckoutDirectories=null], jobTimingInfo=JobTimingInfo[submissionDate=2025-02-14T23:46:05.014819983Z[Etc/UTC], buildStartDate=2025-02-14T23:47:05.014821756Z[Etc/UTC], buildCompletionDate=2025-02-14T23:48:05.014822077Z[Etc/UTC], estimatedCompletionDate=null, estimatedDuration=20], buildConfig=BuildConfig[buildScript=, dockerImage=, commitHashToBuild=test, assignmentCommitHash=, testCommitHash=, branch=, programmingLanguage=null, projectType=null, scaEnabled=false, sequentialTestRunsEnabled=false, resultPaths=null, timeoutSeconds=0, assignmentCheckoutPath=, testCheckoutPath=, solutionCheckoutPath=, dockerRunConfig=null], submissionResult=null], BuildJobQueueItem[id=2, name=job2, buildAgent=BuildAgentDTO[name=artemis-build-agent-test, memberAddress=[127.0.0.1]:5703, displayName=], participationId=2, courseId=934, exerciseId=1, retryCount=1, priority=2, status=SUCCESSFUL, repositoryInfo=RepositoryInfo[repositoryName=test, repositoryType=null, triggeredByPushTo=user, assignmentRepositoryUri=, testRepositoryUri=, solutionRepositoryUri=, auxiliaryRepositoryUris=null, auxiliaryRepositoryCheckoutDirectories=null], jobTimingInfo=JobTimingInfo[submissionDate=2025-02-14T23:45:05.014823169Z[Etc/UTC], buildStartDate=2025-02-14T23:46:05.014823299Z[Etc/UTC], buildCompletionDate=2025-02-14T23:47:05.014823519Z[Etc/UTC], estimatedCompletionDate=null, estimatedDuration=20], buildConfig=BuildConfig[buildScript=, dockerImage=, commitHashToBuild=test, assignmentCommitHash=, testCommitHash=, branch=, programmingLanguage=null, projectType=null, scaEnabled=false, sequentialTestRunsEnabled=false, resultPaths=null, timeoutSeconds=0, assignmentCheckoutPath=, testCheckoutPath=, solutionCheckoutPath=, dockerRunConfig=null], submissionResult=null]]
    23:45:05.029 | 565 localvc.event-12 | DEBUG | s.l.LocalCIWebsocketMessagingService : Sending message on topic /topic/courses/934/running-jobs: [BuildJobQueueItem[id=1, name=job1, buildAgent=BuildAgentDTO[name=artemis-build-agent-test, memberAddress=[127.0.0.1]:5703, displayName=], participationId=1, courseId=934, exerciseId=1, retryCount=1, priority=1, status=SUCCESSFUL, repositoryInfo=RepositoryInfo[repositoryName=test, repositoryType=null, triggeredByPushTo=user, assignmentRepositoryUri=, testRepositoryUri=, solutionRepositoryUri=, auxiliaryRepositoryUris=null, auxiliaryRepositoryCheckoutDirectories=null], jobTimingInfo=JobTimingInfo[submissionDate=2025-02-14T23:46:05.014819983Z[Etc/UTC], buildStartDate=2025-02-14T23:47:05.014821756Z[Etc/UTC], buildCompletionDate=2025-02-14T23:48:05.014822077Z[Etc/UTC], estimatedCompletionDate=null, estimatedDuration=20], buildConfig=BuildConfig[buildScript=, dockerImage=, commitHashToBuild=test, assignmentCommitHash=, testCommitHash=, branch=, programmingLanguage=null, projectType=null, scaEnabled=false, sequentialTestRunsEnabled=false, resultPaths=null, timeoutSeconds=0, assignmentCheckoutPath=, testCheckoutPath=, solutionCheckoutPath=, dockerRunConfig=null], submissionResult=null], BuildJobQueueItem[id=2, name=job2, buildAgent=BuildAgentDTO[name=artemis-build-agent-test, memberAddress=[127.0.0.1]:5703, displayName=], participationId=2, courseId=934, exerciseId=1, retryCount=1, priority=2, status=SUCCESSFUL, repositoryInfo=RepositoryInfo[repositoryName=test, repositoryType=null, triggeredByPushTo=user, assignmentRepositoryUri=, testRepositoryUri=, solutionRepositoryUri=, auxiliaryRepositoryUris=null, auxiliaryRepositoryCheckoutDirectories=null], jobTimingInfo=JobTimingInfo[submissionDate=2025-02-14T23:45:05.014823169Z[Etc/UTC], buildStartDate=2025-02-14T23:46:05.014823299Z[Etc/UTC], buildCompletionDate=2025-02-14T23:47:05.014823519Z[Etc/UTC], estimatedCompletionDate=null, estimatedDuration=20], buildConfig=BuildConfig[buildScript=, dockerImage=, commitHashToBuild=test, assignmentCommitHash=, testCommitHash=, branch=, programmingLanguage=null, projectType=null, scaEnabled=false, sequentialTestRunsEnabled=false, resultPaths=null, timeoutSeconds=0, assignmentCheckoutPath=, testCheckoutPath=, solutionCheckoutPath=, dockerRunConfig=null], submissionResult=null]]
    23:45:05.029 | 588 artemis-task-1   | DEBUG | d.t.c.a.a.c.c.w.GzipMessageConverter : Compressed message payload from 1498 to 596 (saved 60.2% payload size)
    23:45:05.029 | 588 artemis-task-1   | DEBUG | d.t.c.a.a.c.c.w.GzipMessageConverter : Compressed message payload from 1498 to 596 (saved 60.2% payload size)
    23:45:05.033 | 600 taskScheduler-1  | DEBUG | a.a.b.s.SharedQueueProcessingService : Currently processing jobs on this node: 0, active threads in Pool: 0, maximum pool size of thread executor : 1
    23:45:05.035 | 565 localvc.event-12 | DEBUG | a.p.s.l.LocalCIQueueWebsocketService : CIBuildJobQueueItem removed from processing jobs: BuildJobQueueItem[id=1, name=job1, buildAgent=BuildAgentDTO[name=artemis-build-agent-test, memberAddress=[127.0.0.1]:5703, displayName=], participationId=1, courseId=934, exerciseId=1, retryCount=1, priority=1, status=SUCCESSFUL, repositoryInfo=RepositoryInfo[repositoryName=test, repositoryType=null, triggeredByPushTo=user, assignmentRepositoryUri=test, testRepositoryUri=test, solutionRepositoryUri=test, auxiliaryRepositoryUris=null, auxiliaryRepositoryCheckoutDirectories=null], jobTimingInfo=JobTimingInfo[submissionDate=2025-02-14T23:46:05.014819983Z[Etc/UTC], buildStartDate=2025-02-14T23:47:05.014821756Z[Etc/UTC], buildCompletionDate=2025-02-14T23:48:05.014822077Z[Etc/UTC], estimatedCompletionDate=null, estimatedDuration=20], buildConfig=BuildConfig[buildScript=echo 'test', dockerImage=test, commitHashToBuild=test, assignmentCommitHash=test, testCommitHash=test, branch=test, programmingLanguage=null, projectType=null, scaEnabled=false, sequentialTestRunsEnabled=false, resultPaths=null, timeoutSeconds=0, assignmentCheckoutPath=null, testCheckoutPath=null, solutionCheckoutPath=null, dockerRunConfig=null], submissionResult=null]
    23:45:05.035 | 565 localvc.event-12 | DEBUG | s.l.LocalCIWebsocketMessagingService : Sending message on topic /topic/admin/running-jobs: []
    23:45:05.035 | 565 localvc.event-12 | DEBUG | s.l.LocalCIWebsocketMessagingService : Sending message on topic /topic/courses/934/running-jobs: []
    23:45:05.035 | 565 localvc.event-12 | DEBUG | a.p.s.l.LocalCIQueueWebsocketService : CIBuildJobQueueItem removed from processing jobs: BuildJobQueueItem[id=2, name=job2, buildAgent=BuildAgentDTO[name=artemis-build-agent-test, memberAddress=[127.0.0.1]:5703, displayName=], participationId=2, courseId=934, exerciseId=1, retryCount=1, priority=2, status=SUCCESSFUL, repositoryInfo=RepositoryInfo[repositoryName=test, repositoryType=null, triggeredByPushTo=user, assignmentRepositoryUri=test, testRepositoryUri=test, solutionRepositoryUri=test, auxiliaryRepositoryUris=null, auxiliaryRepositoryCheckoutDirectories=null], jobTimingInfo=JobTimingInfo[submissionDate=2025-02-14T23:45:05.014823169Z[Etc/UTC], buildStartDate=2025-02-14T23:46:05.014823299Z[Etc/UTC], buildCompletionDate=2025-02-14T23:47:05.014823519Z[Etc/UTC], estimatedCompletionDate=null, estimatedDuration=20], buildConfig=BuildConfig[buildScript=echo 'test', dockerImage=test, commitHashToBuild=test, assignmentCommitHash=test, testCommitHash=test, branch=test, programmingLanguage=null, projectType=null, scaEnabled=false, sequentialTestRunsEnabled=false, resultPaths=null, timeoutSeconds=0, assignmentCheckoutPath=null, testCheckoutPath=null, solutionCheckoutPath=null, dockerRunConfig=null], submissionResult=null]
    23:45:05.035 | 565 localvc.event-12 | DEBUG | s.l.LocalCIWebsocketMessagingService : Sending message on topic /topic/admin/running-jobs: []
    23:45:05.041 | 565 localvc.event-12 | DEBUG | s.l.LocalCIWebsocketMessagingService : Sending message on topic /topic/courses/934/running-jobs: []

  Starting logs for LocalCIResourceIntegrationTest > testCancelQueuedBuildJob()
    23:45:05.079 | 473 ool-1-worker-237 | DEBUG | d.t.c.a.a.c.u.util.UserUtilService   : Generate 2 students...
    23:45:05.088 | 473 ool-1-worker-237 | DEBUG | d.t.c.a.a.c.u.util.UserUtilService   : 2 students generated. Generate 1 tutors...
    23:45:05.091 | 473 ool-1-worker-237 | DEBUG | d.t.c.a.a.c.u.util.UserUtilService   : 1 tutors generated. Generate 0 editors...
    23:45:05.093 | 473 ool-1-worker-237 | DEBUG | d.t.c.a.a.c.u.util.UserUtilService   : 0 editors generated. Generate 2 instructors...
    23:45:05.104 | 473 ool-1-worker-237 | DEBUG | d.t.c.a.a.c.u.util.UserUtilService   : 2 instructors generated
    23:45:05.105 | 473 ool-1-worker-237 | DEBUG | d.t.c.a.a.c.u.util.UserUtilService   : Removing 4 users from all courses...
    23:45:05.109 | 473 ool-1-worker-237 | DEBUG | d.t.c.a.a.c.u.util.UserUtilService   : Removing 4 users from all courses. Done
    23:45:05.109 | 473 ool-1-worker-237 | DEBUG | d.t.c.a.a.c.u.util.UserUtilService   : Save 5 users to database...
    23:45:05.114 | 473 ool-1-worker-237 | DEBUG | d.t.c.a.a.c.u.util.UserUtilService   : Save 5 users to database. Done
    23:45:05.193 | 565 localvc.event-12 | DEBUG | a.p.s.l.LocalCIQueueWebsocketService : CIBuildJobQueueItem added to processing jobs: BuildJobQueueItem[id=1, name=job1, buildAgent=BuildAgentDTO[name=artemis-build-agent-test, memberAddress=[127.0.0.1]:5703, displayName=], participationId=1, courseId=935, exerciseId=1, retryCount=1, priority=1, status=SUCCESSFUL, repositoryInfo=RepositoryInfo[repositoryName=test, repositoryType=null, triggeredByPushTo=user, assignmentRepositoryUri=test, testRepositoryUri=test, solutionRepositoryUri=test, auxiliaryRepositoryUris=null, auxiliaryRepositoryCheckoutDirectories=null], jobTimingInfo=JobTimingInfo[submissionDate=2025-02-14T23:46:05.184499636Z[Etc/UTC], buildStartDate=2025-02-14T23:47:05.184501920Z[Etc/UTC], buildCompletionDate=2025-02-14T23:48:05.184502230Z[Etc/UTC], estimatedCompletionDate=null, estimatedDuration=20], buildConfig=BuildConfig[buildScript=echo 'test', dockerImage=test, commitHashToBuild=test, assignmentCommitHash=test, testCommitHash=test, branch=test, programmingLanguage=null, projectType=null, scaEnabled=false, sequentialTestRunsEnabled=false, resultPaths=null, timeoutSeconds=0, assignmentCheckoutPath=null, testCheckoutPath=null, solutionCheckoutPath=null, dockerRunConfig=null], submissionResult=null]
    23:45:05.193 | 565 localvc.event-12 | DEBUG | s.l.LocalCIWebsocketMessagingService : Sending message on topic /topic/admin/running-jobs: [BuildJobQueueItem[id=1, name=job1, buildAgent=BuildAgentDTO[name=artemis-build-agent-test, memberAddress=[127.0.0.1]:5703, displayName=], participationId=1, courseId=935, exerciseId=1, retryCount=1, priority=1, status=SUCCESSFUL, repositoryInfo=RepositoryInfo[repositoryName=test, repositoryType=null, triggeredByPushTo=user, assignmentRepositoryUri=, testRepositoryUri=, solutionRepositoryUri=, auxiliaryRepositoryUris=null, auxiliaryRepositoryCheckoutDirectories=null], jobTimingInfo=JobTimingInfo[submissionDate=2025-02-14T23:46:05.184499636Z[Etc/UTC], buildStartDate=2025-02-14T23:47:05.184501920Z[Etc/UTC], buildCompletionDate=2025-02-14T23:48:05.184502230Z[Etc/UTC], estimatedCompletionDate=null, estimatedDuration=20], buildConfig=BuildConfig[buildScript=, dockerImage=, commitHashToBuild=test, assignmentCommitHash=, testCommitHash=, branch=, programmingLanguage=null, projectType=null, scaEnabled=false, sequentialTestRunsEnabled=false, resultPaths=null, timeoutSeconds=0, assignmentCheckoutPath=, testCheckoutPath=, solutionCheckoutPath=, dockerRunConfig=null], submissionResult=null]]
    23:45:05.193 | 565 localvc.event-12 | DEBUG | s.l.LocalCIWebsocketMessagingService : Sending message on topic /topic/courses/935/running-jobs: [BuildJobQueueItem[id=1, name=job1, buildAgent=BuildAgentDTO[name=artemis-build-agent-test, memberAddress=[127.0.0.1]:5703, displayName=], participationId=1, courseId=935, exerciseId=1, retryCount=1, priority=1, status=SUCCESSFUL, repositoryInfo=RepositoryInfo[repositoryName=test, repositoryType=null, triggeredByPushTo=user, assignmentRepositoryUri=, testRepositoryUri=, solutionRepositoryUri=, auxiliaryRepositoryUris=null, auxiliaryRepositoryCheckoutDirectories=null], jobTimingInfo=JobTimingInfo[submissionDate=2025-02-14T23:46:05.184499636Z[Etc/UTC], buildStartDate=2025-02-14T23:47:05.184501920Z[Etc/UTC], buildCompletionDate=2025-02-14T23:48:05.184502230Z[Etc/UTC], estimatedCompletionDate=null, estimatedDuration=20], buildConfig=BuildConfig[buildScript=, dockerImage=, commitHashToBuild=test, assignmentCommitHash=, testCommitHash=, branch=, programmingLanguage=null, projectType=null, scaEnabled=false, sequentialTestRunsEnabled=false, resultPaths=null, timeoutSeconds=0, assignmentCheckoutPath=, testCheckoutPath=, solutionCheckoutPath=, dockerRunConfig=null], submissionResult=null]]
    23:45:05.196 | 588 artemis-task-1   | DEBUG | d.t.c.a.a.c.c.w.GzipMessageConverter : Compressed message payload from 748 to 528 (saved 29.4% payload size)
    23:45:05.196 | 588 artemis-task-1   | DEBUG | d.t.c.a.a.c.c.w.GzipMessageConverter : Compressed message payload from 748 to 528 (saved 29.4% payload size)
    23:45:05.197 | 566 localvc.event-13 | DEBUG | a.p.s.l.LocalCIQueueWebsocketService : Build agent added: BuildAgentInformation[buildAgent=BuildAgentDTO[name=artemis-build-agent-test, memberAddress=[127.0.0.1]:5703, displayName=], maxNumberOfConcurrentBuildJobs=2, numberOfCurrentBuildJobs=1, runningBuildJobs=[BuildJobQueueItem[id=1, name=job1, buildAgent=BuildAgentDTO[name=artemis-build-agent-test, memberAddress=[127.0.0.1]:5703, displayName=], participationId=1, courseId=935, exerciseId=1, retryCount=1, priority=1, status=SUCCESSFUL, repositoryInfo=RepositoryInfo[repositoryName=test, repositoryType=null, triggeredByPushTo=user, assignmentRepositoryUri=test, testRepositoryUri=test, solutionRepositoryUri=test, auxiliaryRepositoryUris=null, auxiliaryRepositoryCheckoutDirectories=null], jobTimingInfo=JobTimingInfo[submissionDate=2025-02-14T23:46:05.184499636Z[Etc/UTC], buildStartDate=2025-02-14T23:47:05.184501920Z[Etc/UTC], buildCompletionDate=2025-02-14T23:48:05.184502230Z[Etc/UTC], estimatedCompletionDate=null, estimatedDuration=20], buildConfig=BuildConfig[buildScript=echo 'test', dockerImage=test, commitHashToBuild=test, assignmentCommitHash=test, testCommitHash=test, branch=test, programmingLanguage=null, projectType=null, scaEnabled=false, sequentialTestRunsEnabled=false, resultPaths=null, timeoutSeconds=0, assignmentCheckoutPath=null, testCheckoutPath=null, solutionCheckoutPath=null, dockerRunConfig=null], submissionResult=null]], status=IDLE, recentBuildJobs=[BuildJobQueueItem[id=2, name=job2, buildAgent=BuildAgentDTO[name=artemis-build-agent-test, memberAddress=[127.0.0.1]:5703, displayName=], participationId=2, courseId=935, exerciseId=1, retryCount=1, priority=2, status=SUCCESSFUL, repositoryInfo=RepositoryInfo[repositoryName=test, repositoryType=null, triggeredByPushTo=user, assignmentRepositoryUri=test, testRepositoryUri=test, solutionRepositoryUri=test, auxiliaryRepositoryUris=null, auxiliaryRepositoryCheckoutDirectories=null], jobTimingInfo=JobTimingInfo[submissionDate=2025-02-14T23:45:05.184503472Z[Etc/UTC], buildStartDate=2025-02-14T23:46:05.184503593Z[Etc/UTC], buildCompletionDate=2025-02-14T23:47:05.184503813Z[Etc/UTC], estimatedCompletionDate=null, estimatedDuration=20], buildConfig=BuildConfig[buildScript=echo 'test', dockerImage=test, commitHashToBuild=test, assignmentCommitHash=test, testCommitHash=test, branch=test, programmingLanguage=null, projectType=null, scaEnabled=false, sequentialTestRunsEnabled=false, resultPaths=null, timeoutSeconds=0, assignmentCheckoutPath=null, testCheckoutPath=null, solutionCheckoutPath=null, dockerRunConfig=null], submissionResult=null]], publicSshKey=null]
    23:45:05.197 | 473 ool-1-worker-237 | INFO  | i.z.t.d.l.EmbeddedDatabaseReporter   : JDBC URL to connect to 'dataSource': url='jdbc:h2:tcp://localhost:41063/mem:f240edcd-27ce-47a3-b4ab-a6a00c154135;USER=sa', scope='LocalCIResourceIntegrationTest#testCancelQueuedBuildJob'
    23:45:05.197 | 566 localvc.event-13 | DEBUG | s.l.LocalCIWebsocketMessagingService : Sending message on topic /topic/admin/build-agents: [BuildAgentInformation[buildAgent=BuildAgentDTO[name=artemis-build-agent-test, memberAddress=[127.0.0.1]:5703, displayName=], maxNumberOfConcurrentBuildJobs=2, numberOfCurrentBuildJobs=1, runningBuildJobs=[BuildJobQueueItem[id=1, name=job1, buildAgent=BuildAgentDTO[name=artemis-build-agent-test, memberAddress=[127.0.0.1]:5703, displayName=], participationId=1, courseId=935, exerciseId=1, retryCount=1, priority=1, status=SUCCESSFUL, repositoryInfo=RepositoryInfo[repositoryName=test, repositoryType=null, triggeredByPushTo=user, assignmentRepositoryUri=, testRepositoryUri=, solutionRepositoryUri=, auxiliaryRepositoryUris=null, auxiliaryRepositoryCheckoutDirectories=null], jobTimingInfo=JobTimingInfo[submissionDate=2025-02-14T23:46:05.184499636Z[Etc/UTC], buildStartDate=2025-02-14T23:47:05.184501920Z[Etc/UTC], buildCompletionDate=2025-02-14T23:48:05.184502230Z[Etc/UTC], estimatedCompletionDate=null, estimatedDuration=20], buildConfig=BuildConfig[buildScript=, dockerImage=, commitHashToBuild=test, assignmentCommitHash=, testCommitHash=, branch=, programmingLanguage=null, projectType=null, scaEnabled=false, sequentialTestRunsEnabled=false, resultPaths=null, timeoutSeconds=0, assignmentCheckoutPath=, testCheckoutPath=, solutionCheckoutPath=, dockerRunConfig=null], submissionResult=null]], status=IDLE, recentBuildJobs=null, publicSshKey=null]]
    23:45:05.198 | 588 artemis-task-1   | DEBUG | d.t.c.a.a.c.c.w.GzipMessageConverter : Compressed message payload from 1038 to 620 (saved 40.3% payload size)
    23:45:05.198 | 566 localvc.event-13 | DEBUG | s.l.LocalCIWebsocketMessagingService : Sending message on topic /topic/admin/build-agent/artemis-build-agent-test: BuildAgentInformation[buildAgent=BuildAgentDTO[name=artemis-build-agent-test, memberAddress=[127.0.0.1]:5703, displayName=], maxNumberOfConcurrentBuildJobs=2, numberOfCurrentBuildJobs=1, runningBuildJobs=[BuildJobQueueItem[id=1, name=job1, buildAgent=BuildAgentDTO[name=artemis-build-agent-test, memberAddress=[127.0.0.1]:5703, displayName=], participationId=1, courseId=935, exerciseId=1, retryCount=1, priority=1, status=SUCCESSFUL, repositoryInfo=RepositoryInfo[repositoryName=test, repositoryType=null, triggeredByPushTo=user, assignmentRepositoryUri=test, testRepositoryUri=test, solutionRepositoryUri=test, auxiliaryRepositoryUris=null, auxiliaryRepositoryCheckoutDirectories=null], jobTimingInfo=JobTimingInfo[submissionDate=2025-02-14T23:46:05.184499636Z[Etc/UTC], buildStartDate=2025-02-14T23:47:05.184501920Z[Etc/UTC], buildCompletionDate=2025-02-14T23:48:05.184502230Z[Etc/UTC], estimatedCompletionDate=null, estimatedDuration=20], buildConfig=BuildConfig[buildScript=echo 'test', dockerImage=test, commitHashToBuild=test, assignmentCommitHash=test, testCommitHash=test, branch=test, programmingLanguage=null, projectType=null, scaEnabled=false, sequentialTestRunsEnabled=false, resultPaths=null, timeoutSeconds=0, assignmentCheckoutPath=null, testCheckoutPath=null, solutionCheckoutPath=null, dockerRunConfig=null], submissionResult=null]], status=IDLE, recentBuildJobs=[BuildJobQueueItem[id=2, name=job2, buildAgent=BuildAgentDTO[name=artemis-build-agent-test, memberAddress=[127.0.0.1]:5703, displayName=], participationId=2, courseId=935, exerciseId=1, retryCount=1, priority=2, status=SUCCESSFUL, repositoryInfo=RepositoryInfo[repositoryName=test, repositoryType=null, triggeredByPushTo=user, assignmentRepositoryUri=test, testRepositoryUri=test, solutionRepositoryUri=test, auxiliaryRepositoryUris=null, auxiliaryRepositoryCheckoutDirectories=null], jobTimingInfo=JobTimingInfo[submissionDate=2025-02-14T23:45:05.184503472Z[Etc/UTC], buildStartDate=2025-02-14T23:46:05.184503593Z[Etc/UTC], buildCompletionDate=2025-02-14T23:47:05.184503813Z[Etc/UTC], estimatedCompletionDate=null, estimatedDuration=20], buildConfig=BuildConfig[buildScript=echo 'test', dockerImage=test, commitHashToBuild=test, assignmentCommitHash=test, testCommitHash=test, branch=test, programmingLanguage=null, projectType=null, scaEnabled=false, sequentialTestRunsEnabled=false, resultPaths=null, timeoutSeconds=0, assignmentCheckoutPath=null, testCheckoutPath=null, solutionCheckoutPath=null, dockerRunConfig=null], submissionResult=null]], publicSshKey=null]
    23:45:05.198 | 566 localvc.event-13 | DEBUG | a.p.s.l.SharedQueueManagementService : Build agent added: null
    23:45:05.198 | 588 artemis-task-1   | DEBUG | d.t.c.a.a.c.c.w.GzipMessageConverter : Compressed message payload from 2430 to 796 (saved 67.2% payload size)
    23:45:05.199 | 473 ool-1-worker-237 | DEBUG | d.t.c.a.a.c.s.f.ApiVersionFilter     : Adding Version to Request DELETE /api/admin/cancel-job/1
    23:45:05.200 | 566 localvc.event-13 | DEBUG | s.l.LocalCIWebsocketMessagingService : Sending message on topic /topic/admin/queued-jobs: [BuildJobQueueItem[id=1, name=job1, buildAgent=BuildAgentDTO[name=artemis-build-agent-test, memberAddress=[127.0.0.1]:5703, displayName=], participationId=1, courseId=935, exerciseId=1, retryCount=1, priority=1, status=SUCCESSFUL, repositoryInfo=RepositoryInfo[repositoryName=test, repositoryType=null, triggeredByPushTo=user, assignmentRepositoryUri=, testRepositoryUri=, solutionRepositoryUri=, auxiliaryRepositoryUris=null, auxiliaryRepositoryCheckoutDirectories=null], jobTimingInfo=JobTimingInfo[submissionDate=2025-02-14T23:46:05.184499636Z[Etc/UTC], buildStartDate=2025-02-14T23:47:05.184501920Z[Etc/UTC], buildCompletionDate=2025-02-14T23:48:05.184502230Z[Etc/UTC], estimatedCompletionDate=null, estimatedDuration=20], buildConfig=BuildConfig[buildScript=, dockerImage=, commitHashToBuild=test, assignmentCommitHash=, testCommitHash=, branch=, programmingLanguage=null, projectType=null, scaEnabled=false, sequentialTestRunsEnabled=false, resultPaths=null, timeoutSeconds=0, assignmentCheckoutPath=, testCheckoutPath=, solutionCheckoutPath=, dockerRunConfig=null], submissionResult=null]]
    23:45:05.200 | 566 localvc.event-13 | DEBUG | s.l.LocalCIWebsocketMessagingService : Sending message on topic /topic/courses/935/queued-jobs: [BuildJobQueueItem[id=1, name=job1, buildAgent=BuildAgentDTO[name=artemis-build-agent-test, memberAddress=[127.0.0.1]:5703, displayName=], participationId=1, courseId=935, exerciseId=1, retryCount=1, priority=1, status=SUCCESSFUL, repositoryInfo=RepositoryInfo[repositoryName=test, repositoryType=null, triggeredByPushTo=user, assignmentRepositoryUri=, testRepositoryUri=, solutionRepositoryUri=, auxiliaryRepositoryUris=null, auxiliaryRepositoryCheckoutDirectories=null], jobTimingInfo=JobTimingInfo[submissionDate=2025-02-14T23:46:05.184499636Z[Etc/UTC], buildStartDate=2025-02-14T23:47:05.184501920Z[Etc/UTC], buildCompletionDate=2025-02-14T23:48:05.184502230Z[Etc/UTC], estimatedCompletionDate=null, estimatedDuration=20], buildConfig=BuildConfig[buildScript=, dockerImage=, commitHashToBuild=test, assignmentCommitHash=, testCommitHash=, branch=, programmingLanguage=null, projectType=null, scaEnabled=false, sequentialTestRunsEnabled=false, resultPaths=null, timeoutSeconds=0, assignmentCheckoutPath=, testCheckoutPath=, solutionCheckoutPath=, dockerRunConfig=null], submissionResult=null]]
    23:45:05.200 | 473 ool-1-worker-237 | DEBUG | a.a.c.w.a.AdminBuildJobQueueResource : REST request to cancel the build job with id 1
    23:45:05.203 | 565 localvc.event-12 | DEBUG | a.p.s.l.LocalCIQueueWebsocketService : CIBuildJobQueueItem added to processing jobs: BuildJobQueueItem[id=2, name=job2, buildAgent=BuildAgentDTO[name=artemis-build-agent-test, memberAddress=[127.0.0.1]:5703, displayName=], participationId=2, courseId=935, exerciseId=1, retryCount=1, priority=2, status=SUCCESSFUL, repositoryInfo=RepositoryInfo[repositoryName=test, repositoryType=null, triggeredByPushTo=user, assignmentRepositoryUri=test, testRepositoryUri=test, solutionRepositoryUri=test, auxiliaryRepositoryUris=null, auxiliaryRepositoryCheckoutDirectories=null], jobTimingInfo=JobTimingInfo[submissionDate=2025-02-14T23:45:05.184503472Z[Etc/UTC], buildStartDate=2025-02-14T23:46:05.184503593Z[Etc/UTC], buildCompletionDate=2025-02-14T23:47:05.184503813Z[Etc/UTC], estimatedCompletionDate=null, estimatedDuration=20], buildConfig=BuildConfig[buildScript=echo 'test', dockerImage=test, commitHashToBuild=test, assignmentCommitHash=test, testCommitHash=test, branch=test, programmingLanguage=null, projectType=null, scaEnabled=false, sequentialTestRunsEnabled=false, resultPaths=null, timeoutSeconds=0, assignmentCheckoutPath=null, testCheckoutPath=null, solutionCheckoutPath=null, dockerRunConfig=null], submissionResult=null]
    23:45:05.203 | 565 localvc.event-12 | DEBUG | s.l.LocalCIWebsocketMessagingService : Sending message on topic /topic/admin/running-jobs: [BuildJobQueueItem[id=1, name=job1, buildAgent=BuildAgentDTO[name=artemis-build-agent-test, memberAddress=[127.0.0.1]:5703, displayName=], participationId=1, courseId=935, exerciseId=1, retryCount=1, priority=1, status=SUCCESSFUL, repositoryInfo=RepositoryInfo[repositoryName=test, repositoryType=null, triggeredByPushTo=user, assignmentRepositoryUri=, testRepositoryUri=, solutionRepositoryUri=, auxiliaryRepositoryUris=null, auxiliaryRepositoryCheckoutDirectories=null], jobTimingInfo=JobTimingInfo[submissionDate=2025-02-14T23:46:05.184499636Z[Etc/UTC], buildStartDate=2025-02-14T23:47:05.184501920Z[Etc/UTC], buildCompletionDate=2025-02-14T23:48:05.184502230Z[Etc/UTC], estimatedCompletionDate=null, estimatedDuration=20], buildConfig=BuildConfig[buildScript=, dockerImage=, commitHashToBuild=test, assignmentCommitHash=, testCommitHash=, branch=, programmingLanguage=null, projectType=null, scaEnabled=false, sequentialTestRunsEnabled=false, resultPaths=null, timeoutSeconds=0, assignmentCheckoutPath=, testCheckoutPath=, solutionCheckoutPath=, dockerRunConfig=null], submissionResult=null], BuildJobQueueItem[id=2, name=job2, buildAgent=BuildAgentDTO[name=artemis-build-agent-test, memberAddress=[127.0.0.1]:5703, displayName=], participationId=2, courseId=935, exerciseId=1, retryCount=1, priority=2, status=SUCCESSFUL, repositoryInfo=RepositoryInfo[repositoryName=test, repositoryType=null, triggeredByPushTo=user, assignmentRepositoryUri=, testRepositoryUri=, solutionRepositoryUri=, auxiliaryRepositoryUris=null, auxiliaryRepositoryCheckoutDirectories=null], jobTimingInfo=JobTimingInfo[submissionDate=2025-02-14T23:45:05.184503472Z[Etc/UTC], buildStartDate=2025-02-14T23:46:05.184503593Z[Etc/UTC], buildCompletionDate=2025-02-14T23:47:05.184503813Z[Etc/UTC], estimatedCompletionDate=null, estimatedDuration=20], buildConfig=BuildConfig[buildScript=, dockerImage=, commitHashToBuild=test, assignmentCommitHash=, testCommitHash=, branch=, programmingLanguage=null, projectType=null, scaEnabled=false, sequentialTestRunsEnabled=false, resultPaths=null, timeoutSeconds=0, assignmentCheckoutPath=, testCheckoutPath=, solutionCheckoutPath=, dockerRunConfig=null], submissionResult=null]]
    23:45:05.203 | 565 localvc.event-12 | DEBUG | s.l.LocalCIWebsocketMessagingService : Sending message on topic /topic/courses/935/running-jobs: [BuildJobQueueItem[id=1, name=job1, buildAgent=BuildAgentDTO[name=artemis-build-agent-test, memberAddress=[127.0.0.1]:5703, displayName=], participationId=1, courseId=935, exerciseId=1, retryCount=1, priority=1, status=SUCCESSFUL, repositoryInfo=RepositoryInfo[repositoryName=test, repositoryType=null, triggeredByPushTo=user, assignmentRepositoryUri=, testRepositoryUri=, solutionRepositoryUri=, auxiliaryRepositoryUris=null, auxiliaryRepositoryCheckoutDirectories=null], jobTimingInfo=JobTimingInfo[submissionDate=2025-02-14T23:46:05.184499636Z[Etc/UTC], buildStartDate=2025-02-14T23:47:05.184501920Z[Etc/UTC], buildCompletionDate=2025-02-14T23:48:05.184502230Z[Etc/UTC], estimatedCompletionDate=null, estimatedDuration=20], buildConfig=BuildConfig[buildScript=, dockerImage=, commitHashToBuild=test, assignmentCommitHash=, testCommitHash=, branch=, programmingLanguage=null, projectType=null, scaEnabled=false, sequentialTestRunsEnabled=false, resultPaths=null, timeoutSeconds=0, assignmentCheckoutPath=, testCheckoutPath=, solutionCheckoutPath=, dockerRunConfig=null], submissionResult=null], BuildJobQueueItem[id=2, name=job2, buildAgent=BuildAgentDTO[name=artemis-build-agent-test, memberAddress=[127.0.0.1]:5703, displayName=], participationId=2, courseId=935, exerciseId=1, retryCount=1, priority=2, status=SUCCESSFUL, repositoryInfo=RepositoryInfo[repositoryName=test, repositoryType=null, triggeredByPushTo=user, assignmentRepositoryUri=, testRepositoryUri=, solutionRepositoryUri=, auxiliaryRepositoryUris=null, auxiliaryRepositoryCheckoutDirectories=null], jobTimingInfo=JobTimingInfo[submissionDate=2025-02-14T23:45:05.184503472Z[Etc/UTC], buildStartDate=2025-02-14T23:46:05.184503593Z[Etc/UTC], buildCompletionDate=2025-02-14T23:47:05.184503813Z[Etc/UTC], estimatedCompletionDate=null, estimatedDuration=20], buildConfig=BuildConfig[buildScript=, dockerImage=, commitHashToBuild=test, assignmentCommitHash=, testCommitHash=, branch=, programmingLanguage=null, projectType=null, scaEnabled=false, sequentialTestRunsEnabled=false, resultPaths=null, timeoutSeconds=0, assignmentCheckoutPath=, testCheckoutPath=, solutionCheckoutPath=, dockerRunConfig=null], submissionResult=null]]
    23:45:05.206 | 588 artemis-task-1   | DEBUG | d.t.c.a.a.c.c.w.GzipMessageConverter : Compressed message payload from 748 to 528 (saved 29.4% payload size)
    23:45:05.206 | 566 localvc.event-13 | DEBUG | s.l.LocalCIWebsocketMessagingService : Sending message on topic /topic/admin/queued-jobs: []
    23:45:05.206 | 588 artemis-task-1   | DEBUG | d.t.c.a.a.c.c.w.GzipMessageConverter : Compressed message payload from 748 to 528 (saved 29.4% payload size)
    23:45:05.206 | 566 localvc.event-13 | DEBUG | s.l.LocalCIWebsocketMessagingService : Sending message on topic /topic/courses/935/queued-jobs: []
    23:45:05.206 | 588 artemis-task-1   | DEBUG | d.t.c.a.a.c.c.w.GzipMessageConverter : Compressed message payload from 1496 to 588 (saved 60.7% payload size)
    23:45:05.207 | 588 artemis-task-1   | DEBUG | d.t.c.a.a.c.c.w.GzipMessageConverter : Compressed message payload from 1496 to 588 (saved 60.7% payload size)
    23:45:05.208 | 601 taskScheduler-2  | DEBUG | a.a.b.s.SharedQueueProcessingService : Currently processing jobs on this node: 0, active threads in Pool: 0, maximum pool size of thread executor : 1

  Starting logs for LocalCIResourceIntegrationTest > testGetQueuedBuildJobsForCourse_wrongInstructorAccessForbidden()
    23:45:05.237 | 473 ool-1-worker-237 | DEBUG | d.t.c.a.a.c.u.util.UserUtilService   : Generate 2 students...
    23:45:05.241 | 473 ool-1-worker-237 | DEBUG | d.t.c.a.a.c.u.util.UserUtilService   : 2 students generated. Generate 1 tutors...
    23:45:05.243 | 473 ool-1-worker-237 | DEBUG | d.t.c.a.a.c.u.util.UserUtilService   : 1 tutors generated. Generate 0 editors...
    23:45:05.244 | 473 ool-1-worker-237 | DEBUG | d.t.c.a.a.c.u.util.UserUtilService   : 0 editors generated. Generate 2 instructors...
    23:45:05.250 | 473 ool-1-worker-237 | DEBUG | d.t.c.a.a.c.u.util.UserUtilService   : 2 instructors generated
    23:45:05.251 | 473 ool-1-worker-237 | DEBUG | d.t.c.a.a.c.u.util.UserUtilService   : Removing 4 users from all courses...
    23:45:05.252 | 473 ool-1-worker-237 | DEBUG | d.t.c.a.a.c.u.util.UserUtilService   : Removing 4 users from all courses. Done
    23:45:05.252 | 473 ool-1-worker-237 | DEBUG | d.t.c.a.a.c.u.util.UserUtilService   : Save 5 users to database...
    23:45:05.256 | 473 ool-1-worker-237 | DEBUG | d.t.c.a.a.c.u.util.UserUtilService   : Save 5 users to database. Done
    23:45:05.298 | 565 localvc.event-12 | DEBUG | a.p.s.l.LocalCIQueueWebsocketService : CIBuildJobQueueItem added to processing jobs: BuildJobQueueItem[id=1, name=job1, buildAgent=BuildAgentDTO[name=artemis-build-agent-test, memberAddress=[127.0.0.1]:5703, displayName=], participationId=1, courseId=936, exerciseId=1, retryCount=1, priority=1, status=SUCCESSFUL, repositoryInfo=RepositoryInfo[repositoryName=test, repositoryType=null, triggeredByPushTo=user, assignmentRepositoryUri=test, testRepositoryUri=test, solutionRepositoryUri=test, auxiliaryRepositoryUris=null, auxiliaryRepositoryCheckoutDirectories=null], jobTimingInfo=JobTimingInfo[submissionDate=2025-02-14T23:46:05.296355084Z[Etc/UTC], buildStartDate=2025-02-14T23:47:05.296357027Z[Etc/UTC], buildCompletionDate=2025-02-14T23:48:05.296357418Z[Etc/UTC], estimatedCompletionDate=null, estimatedDuration=20], buildConfig=BuildConfig[buildScript=echo 'test', dockerImage=test, commitHashToBuild=test, assignmentCommitHash=test, testCommitHash=test, branch=test, programmingLanguage=null, projectType=null, scaEnabled=false, sequentialTestRunsEnabled=false, resultPaths=null, timeoutSeconds=0, assignmentCheckoutPath=null, testCheckoutPath=null, solutionCheckoutPath=null, dockerRunConfig=null], submissionResult=null]
    23:45:05.298 | 565 localvc.event-12 | DEBUG | s.l.LocalCIWebsocketMessagingService : Sending message on topic /topic/admin/running-jobs: [BuildJobQueueItem[id=1, name=job1, buildAgent=BuildAgentDTO[name=artemis-build-agent-test, memberAddress=[127.0.0.1]:5703, displayName=], participationId=1, courseId=936, exerciseId=1, retryCount=1, priority=1, status=SUCCESSFUL, repositoryInfo=RepositoryInfo[repositoryName=test, repositoryType=null, triggeredByPushTo=user, assignmentRepositoryUri=, testRepositoryUri=, solutionRepositoryUri=, auxiliaryRepositoryUris=null, auxiliaryRepositoryCheckoutDirectories=null], jobTimingInfo=JobTimingInfo[submissionDate=2025-02-14T23:46:05.296355084Z[Etc/UTC], buildStartDate=2025-02-14T23:47:05.296357027Z[Etc/UTC], buildCompletionDate=2025-02-14T23:48:05.296357418Z[Etc/UTC], estimatedCompletionDate=null, estimatedDuration=20], buildConfig=BuildConfig[buildScript=, dockerImage=, commitHashToBuild=test, assignmentCommitHash=, testCommitHash=, branch=, programmingLanguage=null, projectType=null, scaEnabled=false, sequentialTestRunsEnabled=false, resultPaths=null, timeoutSeconds=0, assignmentCheckoutPath=, testCheckoutPath=, solutionCheckoutPath=, dockerRunConfig=null], submissionResult=null]]
    23:45:05.299 | 588 artemis-task-1   | DEBUG | d.t.c.a.a.c.c.w.GzipMessageConverter : Compressed message payload from 750 to 528 (saved 29.6% payload size)
    23:45:05.299 | 565 localvc.event-12 | DEBUG | s.l.LocalCIWebsocketMessagingService : Sending message on topic /topic/courses/936/running-jobs: [BuildJobQueueItem[id=1, name=job1, buildAgent=BuildAgentDTO[name=artemis-build-agent-test, memberAddress=[127.0.0.1]:5703, displayName=], participationId=1, courseId=936, exerciseId=1, retryCount=1, priority=1, status=SUCCESSFUL, repositoryInfo=RepositoryInfo[repositoryName=test, repositoryType=null, triggeredByPushTo=user, assignmentRepositoryUri=, testRepositoryUri=, solutionRepositoryUri=, auxiliaryRepositoryUris=null, auxiliaryRepositoryCheckoutDirectories=null], jobTimingInfo=JobTimingInfo[submissionDate=2025-02-14T23:46:05.296355084Z[Etc/UTC], buildStartDate=2025-02-14T23:47:05.296357027Z[Etc/UTC], buildCompletionDate=2025-02-14T23:48:05.296357418Z[Etc/UTC], estimatedCompletionDate=null, estimatedDuration=20], buildConfig=BuildConfig[buildScript=, dockerImage=, commitHashToBuild=test, assignmentCommitHash=, testCommitHash=, branch=, programmingLanguage=null, projectType=null, scaEnabled=false, sequentialTestRunsEnabled=false, resultPaths=null, timeoutSeconds=0, assignmentCheckoutPath=, testCheckoutPath=, solutionCheckoutPath=, dockerRunConfig=null], submissionResult=null]]
    23:45:05.299 | 588 artemis-task-1   | DEBUG | d.t.c.a.a.c.c.w.GzipMessageConverter : Compressed message payload from 750 to 528 (saved 29.6% payload size)
    23:45:05.302 | 566 localvc.event-13 | DEBUG | a.p.s.l.LocalCIQueueWebsocketService : Build agent added: BuildAgentInformation[buildAgent=BuildAgentDTO[name=artemis-build-agent-test, memberAddress=[127.0.0.1]:5703, displayName=], maxNumberOfConcurrentBuildJobs=2, numberOfCurrentBuildJobs=1, runningBuildJobs=[BuildJobQueueItem[id=1, name=job1, buildAgent=BuildAgentDTO[name=artemis-build-agent-test, memberAddress=[127.0.0.1]:5703, displayName=], participationId=1, courseId=936, exerciseId=1, retryCount=1, priority=1, status=SUCCESSFUL, repositoryInfo=RepositoryInfo[repositoryName=test, repositoryType=null, triggeredByPushTo=user, assignmentRepositoryUri=test, testRepositoryUri=test, solutionRepositoryUri=test, auxiliaryRepositoryUris=null, auxiliaryRepositoryCheckoutDirectories=null], jobTimingInfo=JobTimingInfo[submissionDate=2025-02-14T23:46:05.296355084Z[Etc/UTC], buildStartDate=2025-02-14T23:47:05.296357027Z[Etc/UTC], buildCompletionDate=2025-02-14T23:48:05.296357418Z[Etc/UTC], estimatedCompletionDate=null, estimatedDuration=20], buildConfig=BuildConfig[buildScript=echo 'test', dockerImage=test, commitHashToBuild=test, assignmentCommitHash=test, testCommitHash=test, branch=test, programmingLanguage=null, projectType=null, scaEnabled=false, sequentialTestRunsEnabled=false, resultPaths=null, timeoutSeconds=0, assignmentCheckoutPath=null, testCheckoutPath=null, solutionCheckoutPath=null, dockerRunConfig=null], submissionResult=null]], status=IDLE, recentBuildJobs=[BuildJobQueueItem[id=2, name=job2, buildAgent=BuildAgentDTO[name=artemis-build-agent-test, memberAddress=[127.0.0.1]:5703, displayName=], participationId=2, courseId=936, exerciseId=1, retryCount=1, priority=2, status=SUCCESSFUL, repositoryInfo=RepositoryInfo[repositoryName=test, repositoryType=null, triggeredByPushTo=user, assignmentRepositoryUri=test, testRepositoryUri=test, solutionRepositoryUri=test, auxiliaryRepositoryUris=null, auxiliaryRepositoryCheckoutDirectories=null], jobTimingInfo=JobTimingInfo[submissionDate=2025-02-14T23:45:05.296358860Z[Etc/UTC], buildStartDate=2025-02-14T23:46:05.296358991Z[Etc/UTC], buildCompletionDate=2025-02-14T23:47:05.296359201Z[Etc/UTC], estimatedCompletionDate=null, estimatedDuration=20], buildConfig=BuildConfig[buildScript=echo 'test', dockerImage=test, commitHashToBuild=test, assignmentCommitHash=test, testCommitHash=test, branch=test, programmingLanguage=null, projectType=null, scaEnabled=false, sequentialTestRunsEnabled=false, resultPaths=null, timeoutSeconds=0, assignmentCheckoutPath=null, testCheckoutPath=null, solutionCheckoutPath=null, dockerRunConfig=null], submissionResult=null]], publicSshKey=null]
    23:45:05.303 | 566 localvc.event-13 | DEBUG | s.l.LocalCIWebsocketMessagingService : Sending message on topic /topic/admin/build-agents: [BuildAgentInformation[buildAgent=BuildAgentDTO[name=artemis-build-agent-test, memberAddress=[127.0.0.1]:5703, displayName=], maxNumberOfConcurrentBuildJobs=2, numberOfCurrentBuildJobs=1, runningBuildJobs=[BuildJobQueueItem[id=1, name=job1, buildAgent=BuildAgentDTO[name=artemis-build-agent-test, memberAddress=[127.0.0.1]:5703, displayName=], participationId=1, courseId=936, exerciseId=1, retryCount=1, priority=1, status=SUCCESSFUL, repositoryInfo=RepositoryInfo[repositoryName=test, repositoryType=null, triggeredByPushTo=user, assignmentRepositoryUri=, testRepositoryUri=, solutionRepositoryUri=, auxiliaryRepositoryUris=null, auxiliaryRepositoryCheckoutDirectories=null], jobTimingInfo=JobTimingInfo[submissionDate=2025-02-14T23:46:05.296355084Z[Etc/UTC], buildStartDate=2025-02-14T23:47:05.296357027Z[Etc/UTC], buildCompletionDate=2025-02-14T23:48:05.296357418Z[Etc/UTC], estimatedCompletionDate=null, estimatedDuration=20], buildConfig=BuildConfig[buildScript=, dockerImage=, commitHashToBuild=test, assignmentCommitHash=, testCommitHash=, branch=, programmingLanguage=null, projectType=null, scaEnabled=false, sequentialTestRunsEnabled=false, resultPaths=null, timeoutSeconds=0, assignmentCheckoutPath=, testCheckoutPath=, solutionCheckoutPath=, dockerRunConfig=null], submissionResult=null]], status=IDLE, recentBuildJobs=null, publicSshKey=null]]
    23:45:05.303 | 473 ool-1-worker-237 | INFO  | i.z.t.d.l.EmbeddedDatabaseReporter   : JDBC URL to connect to 'dataSource': url='jdbc:h2:tcp://localhost:41063/mem:f240edcd-27ce-47a3-b4ab-a6a00c154135;USER=sa', scope='LocalCIResourceIntegrationTest#testGetQueuedBuildJobsForCourse_wrongInstructorAccessForbidden'
    23:45:05.303 | 588 artemis-task-1   | DEBUG | d.t.c.a.a.c.c.w.GzipMessageConverter : Compressed message payload from 1040 to 620 (saved 40.4% payload size)
    23:45:05.303 | 566 localvc.event-13 | DEBUG | s.l.LocalCIWebsocketMessagingService : Sending message on topic /topic/admin/build-agent/artemis-build-agent-test: BuildAgentInformation[buildAgent=BuildAgentDTO[name=artemis-build-agent-test, memberAddress=[127.0.0.1]:5703, displayName=], maxNumberOfConcurrentBuildJobs=2, numberOfCurrentBuildJobs=1, runningBuildJobs=[BuildJobQueueItem[id=1, name=job1, buildAgent=BuildAgentDTO[name=artemis-build-agent-test, memberAddress=[127.0.0.1]:5703, displayName=], participationId=1, courseId=936, exerciseId=1, retryCount=1, priority=1, status=SUCCESSFUL, repositoryInfo=RepositoryInfo[repositoryName=test, repositoryType=null, triggeredByPushTo=user, assignmentRepositoryUri=test, testRepositoryUri=test, solutionRepositoryUri=test, auxiliaryRepositoryUris=null, auxiliaryRepositoryCheckoutDirectories=null], jobTimingInfo=JobTimingInfo[submissionDate=2025-02-14T23:46:05.296355084Z[Etc/UTC], buildStartDate=2025-02-14T23:47:05.296357027Z[Etc/UTC], buildCompletionDate=2025-02-14T23:48:05.296357418Z[Etc/UTC], estimatedCompletionDate=null, estimatedDuration=20], buildConfig=BuildConfig[buildScript=echo 'test', dockerImage=test, commitHashToBuild=test, assignmentCommitHash=test, testCommitHash=test, branch=test, programmingLanguage=null, projectType=null, scaEnabled=false, sequentialTestRunsEnabled=false, resultPaths=null, timeoutSeconds=0, assignmentCheckoutPath=null, testCheckoutPath=null, solutionCheckoutPath=null, dockerRunConfig=null], submissionResult=null]], status=IDLE, recentBuildJobs=[BuildJobQueueItem[id=2, name=job2, buildAgent=BuildAgentDTO[name=artemis-build-agent-test, memberAddress=[127.0.0.1]:5703, displayName=], participationId=2, courseId=936, exerciseId=1, retryCount=1, priority=2, status=SUCCESSFUL, repositoryInfo=RepositoryInfo[repositoryName=test, repositoryType=null, triggeredByPushTo=user, assignmentRepositoryUri=test, testRepositoryUri=test, solutionRepositoryUri=test, auxiliaryRepositoryUris=null, auxiliaryRepositoryCheckoutDirectories=null], jobTimingInfo=JobTimingInfo[submissionDate=2025-02-14T23:45:05.296358860Z[Etc/UTC], buildStartDate=2025-02-14T23:46:05.296358991Z[Etc/UTC], buildCompletionDate=2025-02-14T23:47:05.296359201Z[Etc/UTC], estimatedCompletionDate=null, estimatedDuration=20], buildConfig=BuildConfig[buildScript=echo 'test', dockerImage=test, commitHashToBuild=test, assignmentCommitHash=test, testCommitHash=test, branch=test, programmingLanguage=null, projectType=null, scaEnabled=false, sequentialTestRunsEnabled=false, resultPaths=null, timeoutSeconds=0, assignmentCheckoutPath=null, testCheckoutPath=null, solutionCheckoutPath=null, dockerRunConfig=null], submissionResult=null]], publicSshKey=null]
    23:45:05.303 | 588 artemis-task-1   | DEBUG | d.t.c.a.a.c.c.w.GzipMessageConverter : Compressed message payload from 2431 to 792 (saved 67.4% payload size)
    23:45:05.304 | 565 localvc.event-12 | DEBUG | a.p.s.l.LocalCIQueueWebsocketService : CIBuildJobQueueItem added to processing jobs: BuildJobQueueItem[id=2, name=job2, buildAgent=BuildAgentDTO[name=artemis-build-agent-test, memberAddress=[127.0.0.1]:5703, displayName=], participationId=2, courseId=936, exerciseId=1, retryCount=1, priority=2, status=SUCCESSFUL, repositoryInfo=RepositoryInfo[repositoryName=test, repositoryType=null, triggeredByPushTo=user, assignmentRepositoryUri=test, testRepositoryUri=test, solutionRepositoryUri=test, auxiliaryRepositoryUris=null, auxiliaryRepositoryCheckoutDirectories=null], jobTimingInfo=JobTimingInfo[submissionDate=2025-02-14T23:45:05.296358860Z[Etc/UTC], buildStartDate=2025-02-14T23:46:05.296358991Z[Etc/UTC], buildCompletionDate=2025-02-14T23:47:05.296359201Z[Etc/UTC], estimatedCompletionDate=null, estimatedDuration=20], buildConfig=BuildConfig[buildScript=echo 'test', dockerImage=test, commitHashToBuild=test, assignmentCommitHash=test, testCommitHash=test, branch=test, programmingLanguage=null, projectType=null, scaEnabled=false, sequentialTestRunsEnabled=false, resultPaths=null, timeoutSeconds=0, assignmentCheckoutPath=null, testCheckoutPath=null, solutionCheckoutPath=null, dockerRunConfig=null], submissionResult=null]
    23:45:05.304 | 565 localvc.event-12 | DEBUG | s.l.LocalCIWebsocketMessagingService : Sending message on topic /topic/admin/running-jobs: [BuildJobQueueItem[id=1, name=job1, buildAgent=BuildAgentDTO[name=artemis-build-agent-test, memberAddress=[127.0.0.1]:5703, displayName=], participationId=1, courseId=936, exerciseId=1, retryCount=1, priority=1, status=SUCCESSFUL, repositoryInfo=RepositoryInfo[repositoryName=test, repositoryType=null, triggeredByPushTo=user, assignmentRepositoryUri=, testRepositoryUri=, solutionRepositoryUri=, auxiliaryRepositoryUris=null, auxiliaryRepositoryCheckoutDirectories=null], jobTimingInfo=JobTimingInfo[submissionDate=2025-02-14T23:46:05.296355084Z[Etc/UTC], buildStartDate=2025-02-14T23:47:05.296357027Z[Etc/UTC], buildCompletionDate=2025-02-14T23:48:05.296357418Z[Etc/UTC], estimatedCompletionDate=null, estimatedDuration=20], buildConfig=BuildConfig[buildScript=, dockerImage=, commitHashToBuild=test, assignmentCommitHash=, testCommitHash=, branch=, programmingLanguage=null, projectType=null, scaEnabled=false, sequentialTestRunsEnabled=false, resultPaths=null, timeoutSeconds=0, assignmentCheckoutPath=, testCheckoutPath=, solutionCheckoutPath=, dockerRunConfig=null], submissionResult=null], BuildJobQueueItem[id=2, name=job2, buildAgent=BuildAgentDTO[name=artemis-build-agent-test, memberAddress=[127.0.0.1]:5703, displayName=], participationId=2, courseId=936, exerciseId=1, retryCount=1, priority=2, status=SUCCESSFUL, repositoryInfo=RepositoryInfo[repositoryName=test, repositoryType=null, triggeredByPushTo=user, assignmentRepositoryUri=, testRepositoryUri=, solutionRepositoryUri=, auxiliaryRepositoryUris=null, auxiliaryRepositoryCheckoutDirectories=null], jobTimingInfo=JobTimingInfo[submissionDate=2025-02-14T23:45:05.296358860Z[Etc/UTC], buildStartDate=2025-02-14T23:46:05.296358991Z[Etc/UTC], buildCompletionDate=2025-02-14T23:47:05.296359201Z[Etc/UTC], estimatedCompletionDate=null, estimatedDuration=20], buildConfig=BuildConfig[buildScript=, dockerImage=, commitHashToBuild=test, assignmentCommitHash=, testCommitHash=, branch=, programmingLanguage=null, projectType=null, scaEnabled=false, sequentialTestRunsEnabled=false, resultPaths=null, timeoutSeconds=0, assignmentCheckoutPath=, testCheckoutPath=, solutionCheckoutPath=, dockerRunConfig=null], submissionResult=null]]
    23:45:05.304 | 565 localvc.event-12 | DEBUG | s.l.LocalCIWebsocketMessagingService : Sending message on topic /topic/courses/936/running-jobs: [BuildJobQueueItem[id=1, name=job1, buildAgent=BuildAgentDTO[name=artemis-build-agent-test, memberAddress=[127.0.0.1]:5703, displayName=], participationId=1, courseId=936, exerciseId=1, retryCount=1, priority=1, status=SUCCESSFUL, repositoryInfo=RepositoryInfo[repositoryName=test, repositoryType=null, triggeredByPushTo=user, assignmentRepositoryUri=, testRepositoryUri=, solutionRepositoryUri=, auxiliaryRepositoryUris=null, auxiliaryRepositoryCheckoutDirectories=null], jobTimingInfo=JobTimingInfo[submissionDate=2025-02-14T23:46:05.296355084Z[Etc/UTC], buildStartDate=2025-02-14T23:47:05.296357027Z[Etc/UTC], buildCompletionDate=2025-02-14T23:48:05.296357418Z[Etc/UTC], estimatedCompletionDate=null, estimatedDuration=20], buildConfig=BuildConfig[buildScript=, dockerImage=, commitHashToBuild=test, assignmentCommitHash=, testCommitHash=, branch=, programmingLanguage=null, projectType=null, scaEnabled=false, sequentialTestRunsEnabled=false, resultPaths=null, timeoutSeconds=0, assignmentCheckoutPath=, testCheckoutPath=, solutionCheckoutPath=, dockerRunConfig=null], submissionResult=null], BuildJobQueueItem[id=2, name=job2, buildAgent=BuildAgentDTO[name=artemis-build-agent-test, memberAddress=[127.0.0.1]:5703, displayName=], participationId=2, courseId=936, exerciseId=1, retryCount=1, priority=2, status=SUCCESSFUL, repositoryInfo=RepositoryInfo[repositoryName=test, repositoryType=null, triggeredByPushTo=user, assignmentRepositoryUri=, testRepositoryUri=, solutionRepositoryUri=, auxiliaryRepositoryUris=null, auxiliaryRepositoryCheckoutDirectories=null], jobTimingInfo=JobTimingInfo[submissionDate=2025-02-14T23:45:05.296358860Z[Etc/UTC], buildStartDate=2025-02-14T23:46:05.296358991Z[Etc/UTC], buildCompletionDate=2025-02-14T23:47:05.296359201Z[Etc/UTC], estimatedCompletionDate=null, estimatedDuration=20], buildConfig=BuildConfig[buildScript=, dockerImage=, commitHashToBuild=test, assignmentCommitHash=, testCommitHash=, branch=, programmingLanguage=null, projectType=null, scaEnabled=false, sequentialTestRunsEnabled=false, resultPaths=null, timeoutSeconds=0, assignmentCheckoutPath=, testCheckoutPath=, solutionCheckoutPath=, dockerRunConfig=null], submissionResult=null]]
    23:45:05.304 | 566 localvc.event-13 | DEBUG | a.p.s.l.SharedQueueManagementService : Build agent added: null
    23:45:05.305 | 588 artemis-task-1   | DEBUG | d.t.c.a.a.c.c.w.GzipMessageConverter : Compressed message payload from 1497 to 596 (saved 60.2% payload size)
    23:45:05.305 | 588 artemis-task-1   | DEBUG | d.t.c.a.a.c.c.w.GzipMessageConverter : Compressed message payload from 1497 to 596 (saved 60.2% payload size)
    23:45:05.306 | 473 ool-1-worker-237 | DEBUG | d.t.c.a.a.c.s.f.ApiVersionFilter     : Adding Version to Request GET /api/courses/936/queued-jobs
    23:45:05.309 | 473 ool-1-worker-237 | DEBUG | .t.c.a.a.p.w.l.BuildJobQueueResource : REST request to get the queued build jobs for course 936
    23:45:05.311 | 473 ool-1-worker-237 | WARN  | o.z.p.spring.common.AdviceTraits     : Forbidden: You are not allowed to access queued build jobs of this course!
    23:45:05.315 | 614 taskScheduler-3  | DEBUG | a.a.b.s.SharedQueueProcessingService : Currently processing jobs on this node: 0, active threads in Pool: 0, maximum pool size of thread executor : 1

  Starting logs for LocalCIResourceIntegrationTest > testGetBuildAgentDetails_returnsAgent()
    23:45:05.358 | 473 ool-1-worker-237 | DEBUG | d.t.c.a.a.c.u.util.UserUtilService   : Generate 2 students...
    23:45:05.366 | 473 ool-1-worker-237 | DEBUG | d.t.c.a.a.c.u.util.UserUtilService   : 2 students generated. Generate 1 tutors...
    23:45:05.371 | 473 ool-1-worker-237 | DEBUG | d.t.c.a.a.c.u.util.UserUtilService   : 1 tutors generated. Generate 0 editors...
    23:45:05.374 | 473 ool-1-worker-237 | DEBUG | d.t.c.a.a.c.u.util.UserUtilService   : 0 editors generated. Generate 2 instructors...
    23:45:05.382 | 473 ool-1-worker-237 | DEBUG | d.t.c.a.a.c.u.util.UserUtilService   : 2 instructors generated
    23:45:05.385 | 473 ool-1-worker-237 | DEBUG | d.t.c.a.a.c.u.util.UserUtilService   : Removing 4 users from all courses...
    23:45:05.387 | 473 ool-1-worker-237 | DEBUG | d.t.c.a.a.c.u.util.UserUtilService   : Removing 4 users from all courses. Done
    23:45:05.387 | 473 ool-1-worker-237 | DEBUG | d.t.c.a.a.c.u.util.UserUtilService   : Save 5 users to database...
    23:45:05.397 | 473 ool-1-worker-237 | DEBUG | d.t.c.a.a.c.u.util.UserUtilService   : Save 5 users to database. Done
    23:45:05.462 | 565 localvc.event-12 | DEBUG | a.p.s.l.LocalCIQueueWebsocketService : CIBuildJobQueueItem added to processing jobs: BuildJobQueueItem[id=1, name=job1, buildAgent=BuildAgentDTO[name=artemis-build-agent-test, memberAddress=[127.0.0.1]:5703, displayName=], participationId=1, courseId=937, exerciseId=1, retryCount=1, priority=1, status=SUCCESSFUL, repositoryInfo=RepositoryInfo[repositoryName=test, repositoryType=null, triggeredByPushTo=user, assignmentRepositoryUri=test, testRepositoryUri=test, solutionRepositoryUri=test, auxiliaryRepositoryUris=null, auxiliaryRepositoryCheckoutDirectories=null], jobTimingInfo=JobTimingInfo[submissionDate=2025-02-14T23:46:05.458459468Z[Etc/UTC], buildStartDate=2025-02-14T23:47:05.458461462Z[Etc/UTC], buildCompletionDate=2025-02-14T23:48:05.458461883Z[Etc/UTC], estimatedCompletionDate=null, estimatedDuration=20], buildConfig=BuildConfig[buildScript=echo 'test', dockerImage=test, commitHashToBuild=test, assignmentCommitHash=test, testCommitHash=test, branch=test, programmingLanguage=null, projectType=null, scaEnabled=false, sequentialTestRunsEnabled=false, resultPaths=null, timeoutSeconds=0, assignmentCheckoutPath=null, testCheckoutPath=null, solutionCheckoutPath=null, dockerRunConfig=null], submissionResult=null]
    23:45:05.462 | 565 localvc.event-12 | DEBUG | s.l.LocalCIWebsocketMessagingService : Sending message on topic /topic/admin/running-jobs: [BuildJobQueueItem[id=1, name=job1, buildAgent=BuildAgentDTO[name=artemis-build-agent-test, memberAddress=[127.0.0.1]:5703, displayName=], participationId=1, courseId=937, exerciseId=1, retryCount=1, priority=1, status=SUCCESSFUL, repositoryInfo=RepositoryInfo[repositoryName=test, repositoryType=null, triggeredByPushTo=user, assignmentRepositoryUri=, testRepositoryUri=, solutionRepositoryUri=, auxiliaryRepositoryUris=null, auxiliaryRepositoryCheckoutDirectories=null], jobTimingInfo=JobTimingInfo[submissionDate=2025-02-14T23:46:05.458459468Z[Etc/UTC], buildStartDate=2025-02-14T23:47:05.458461462Z[Etc/UTC], buildCompletionDate=2025-02-14T23:48:05.458461883Z[Etc/UTC], estimatedCompletionDate=null, estimatedDuration=20], buildConfig=BuildConfig[buildScript=, dockerImage=, commitHashToBuild=test, assignmentCommitHash=, testCommitHash=, branch=, programmingLanguage=null, projectType=null, scaEnabled=false, sequentialTestRunsEnabled=false, resultPaths=null, timeoutSeconds=0, assignmentCheckoutPath=, testCheckoutPath=, solutionCheckoutPath=, dockerRunConfig=null], submissionResult=null]]
    23:45:05.463 | 565 localvc.event-12 | DEBUG | s.l.LocalCIWebsocketMessagingService : Sending message on topic /topic/courses/937/running-jobs: [BuildJobQueueItem[id=1, name=job1, buildAgent=BuildAgentDTO[name=artemis-build-agent-test, memberAddress=[127.0.0.1]:5703, displayName=], participationId=1, courseId=937, exerciseId=1, retryCount=1, priority=1, status=SUCCESSFUL, repositoryInfo=RepositoryInfo[repositoryName=test, repositoryType=null, triggeredByPushTo=user, assignmentRepositoryUri=, testRepositoryUri=, solutionRepositoryUri=, auxiliaryRepositoryUris=null, auxiliaryRepositoryCheckoutDirectories=null], jobTimingInfo=JobTimingInfo[submissionDate=2025-02-14T23:46:05.458459468Z[Etc/UTC], buildStartDate=2025-02-14T23:47:05.458461462Z[Etc/UTC], buildCompletionDate=2025-02-14T23:48:05.458461883Z[Etc/UTC], estimatedCompletionDate=null, estimatedDuration=20], buildConfig=BuildConfig[buildScript=, dockerImage=, commitHashToBuild=test, assignmentCommitHash=, testCommitHash=, branch=, programmingLanguage=null, projectType=null, scaEnabled=false, sequentialTestRunsEnabled=false, resultPaths=null, timeoutSeconds=0, assignmentCheckoutPath=, testCheckoutPath=, solutionCheckoutPath=, dockerRunConfig=null], submissionResult=null]]
    23:45:05.465 | 588 artemis-task-1   | DEBUG | d.t.c.a.a.c.c.w.GzipMessageConverter : Compressed message payload from 750 to 528 (saved 29.6% payload size)
    23:45:05.465 | 588 artemis-task-1   | DEBUG | d.t.c.a.a.c.c.w.GzipMessageConverter : Compressed message payload from 750 to 528 (saved 29.6% payload size)
    23:45:05.469 | 566 localvc.event-13 | DEBUG | a.p.s.l.LocalCIQueueWebsocketService : Build agent added: BuildAgentInformation[buildAgent=BuildAgentDTO[name=artemis-build-agent-test, memberAddress=[127.0.0.1]:5703, displayName=], maxNumberOfConcurrentBuildJobs=2, numberOfCurrentBuildJobs=1, runningBuildJobs=[BuildJobQueueItem[id=1, name=job1, buildAgent=BuildAgentDTO[name=artemis-build-agent-test, memberAddress=[127.0.0.1]:5703, displayName=], participationId=1, courseId=937, exerciseId=1, retryCount=1, priority=1, status=SUCCESSFUL, repositoryInfo=RepositoryInfo[repositoryName=test, repositoryType=null, triggeredByPushTo=user, assignmentRepositoryUri=test, testRepositoryUri=test, solutionRepositoryUri=test, auxiliaryRepositoryUris=null, auxiliaryRepositoryCheckoutDirectories=null], jobTimingInfo=JobTimingInfo[submissionDate=2025-02-14T23:46:05.458459468Z[Etc/UTC], buildStartDate=2025-02-14T23:47:05.458461462Z[Etc/UTC], buildCompletionDate=2025-02-14T23:48:05.458461883Z[Etc/UTC], estimatedCompletionDate=null, estimatedDuration=20], buildConfig=BuildConfig[buildScript=echo 'test', dockerImage=test, commitHashToBuild=test, assignmentCommitHash=test, testCommitHash=test, branch=test, programmingLanguage=null, projectType=null, scaEnabled=false, sequentialTestRunsEnabled=false, resultPaths=null, timeoutSeconds=0, assignmentCheckoutPath=null, testCheckoutPath=null, solutionCheckoutPath=null, dockerRunConfig=null], submissionResult=null]], status=IDLE, recentBuildJobs=[BuildJobQueueItem[id=2, name=job2, buildAgent=BuildAgentDTO[name=artemis-build-agent-test, memberAddress=[127.0.0.1]:5703, displayName=], participationId=2, courseId=937, exerciseId=1, retryCount=1, priority=2, status=SUCCESSFUL, repositoryInfo=RepositoryInfo[repositoryName=test, repositoryType=null, triggeredByPushTo=user, assignmentRepositoryUri=test, testRepositoryUri=test, solutionRepositoryUri=test, auxiliaryRepositoryUris=null, auxiliaryRepositoryCheckoutDirectories=null], jobTimingInfo=JobTimingInfo[submissionDate=2025-02-14T23:45:05.458462875Z[Etc/UTC], buildStartDate=2025-02-14T23:46:05.458462995Z[Etc/UTC], buildCompletionDate=2025-02-14T23:47:05.458463205Z[Etc/UTC], estimatedCompletionDate=null, estimatedDuration=20], buildConfig=BuildConfig[buildScript=echo 'test', dockerImage=test, commitHashToBuild=test, assignmentCommitHash=test, testCommitHash=test, branch=test, programmingLanguage=null, projectType=null, scaEnabled=false, sequentialTestRunsEnabled=false, resultPaths=null, timeoutSeconds=0, assignmentCheckoutPath=null, testCheckoutPath=null, solutionCheckoutPath=null, dockerRunConfig=null], submissionResult=null]], publicSshKey=null]
    23:45:05.469 | 473 ool-1-worker-237 | INFO  | i.z.t.d.l.EmbeddedDatabaseReporter   : JDBC URL to connect to 'dataSource': url='jdbc:h2:tcp://localhost:41063/mem:f240edcd-27ce-47a3-b4ab-a6a00c154135;USER=sa', scope='LocalCIResourceIntegrationTest#testGetBuildAgentDetails_returnsAgent'
    23:45:05.470 | 566 localvc.event-13 | DEBUG | s.l.LocalCIWebsocketMessagingService : Sending message on topic /topic/admin/build-agents: [BuildAgentInformation[buildAgent=BuildAgentDTO[name=artemis-build-agent-test, memberAddress=[127.0.0.1]:5703, displayName=], maxNumberOfConcurrentBuildJobs=2, numberOfCurrentBuildJobs=1, runningBuildJobs=[BuildJobQueueItem[id=1, name=job1, buildAgent=BuildAgentDTO[name=artemis-build-agent-test, memberAddress=[127.0.0.1]:5703, displayName=], participationId=1, courseId=937, exerciseId=1, retryCount=1, priority=1, status=SUCCESSFUL, repositoryInfo=RepositoryInfo[repositoryName=test, repositoryType=null, triggeredByPushTo=user, assignmentRepositoryUri=, testRepositoryUri=, solutionRepositoryUri=, auxiliaryRepositoryUris=null, auxiliaryRepositoryCheckoutDirectories=null], jobTimingInfo=JobTimingInfo[submissionDate=2025-02-14T23:46:05.458459468Z[Etc/UTC], buildStartDate=2025-02-14T23:47:05.458461462Z[Etc/UTC], buildCompletionDate=2025-02-14T23:48:05.458461883Z[Etc/UTC], estimatedCompletionDate=null, estimatedDuration=20], buildConfig=BuildConfig[buildScript=, dockerImage=, commitHashToBuild=test, assignmentCommitHash=, testCommitHash=, branch=, programmingLanguage=null, projectType=null, scaEnabled=false, sequentialTestRunsEnabled=false, resultPaths=null, timeoutSeconds=0, assignmentCheckoutPath=, testCheckoutPath=, solutionCheckoutPath=, dockerRunConfig=null], submissionResult=null]], status=IDLE, recentBuildJobs=null, publicSshKey=null]]
    23:45:05.470 | 566 localvc.event-13 | DEBUG | s.l.LocalCIWebsocketMessagingService : Sending message on topic /topic/admin/build-agent/artemis-build-agent-test: BuildAgentInformation[buildAgent=BuildAgentDTO[name=artemis-build-agent-test, memberAddress=[127.0.0.1]:5703, displayName=], maxNumberOfConcurrentBuildJobs=2, numberOfCurrentBuildJobs=1, runningBuildJobs=[BuildJobQueueItem[id=1, name=job1, buildAgent=BuildAgentDTO[name=artemis-build-agent-test, memberAddress=[127.0.0.1]:5703, displayName=], participationId=1, courseId=937, exerciseId=1, retryCount=1, priority=1, status=SUCCESSFUL, repositoryInfo=RepositoryInfo[repositoryName=test, repositoryType=null, triggeredByPushTo=user, assignmentRepositoryUri=test, testRepositoryUri=test, solutionRepositoryUri=test, auxiliaryRepositoryUris=null, auxiliaryRepositoryCheckoutDirectories=null], jobTimingInfo=JobTimingInfo[submissionDate=2025-02-14T23:46:05.458459468Z[Etc/UTC], buildStartDate=2025-02-14T23:47:05.458461462Z[Etc/UTC], buildCompletionDate=2025-02-14T23:48:05.458461883Z[Etc/UTC], estimatedCompletionDate=null, estimatedDuration=20], buildConfig=BuildConfig[buildScript=echo 'test', dockerImage=test, commitHashToBuild=test, assignmentCommitHash=test, testCommitHash=test, branch=test, programmingLanguage=null, projectType=null, scaEnabled=false, sequentialTestRunsEnabled=false, resultPaths=null, timeoutSeconds=0, assignmentCheckoutPath=null, testCheckoutPath=null, solutionCheckoutPath=null, dockerRunConfig=null], submissionResult=null]], status=IDLE, recentBuildJobs=[BuildJobQueueItem[id=2, name=job2, buildAgent=BuildAgentDTO[name=artemis-build-agent-test, memberAddress=[127.0.0.1]:5703, displayName=], participationId=2, courseId=937, exerciseId=1, retryCount=1, priority=2, status=SUCCESSFUL, repositoryInfo=RepositoryInfo[repositoryName=test, repositoryType=null, triggeredByPushTo=user, assignmentRepositoryUri=test, testRepositoryUri=test, solutionRepositoryUri=test, auxiliaryRepositoryUris=null, auxiliaryRepositoryCheckoutDirectories=null], jobTimingInfo=JobTimingInfo[submissionDate=2025-02-14T23:45:05.458462875Z[Etc/UTC], buildStartDate=2025-02-14T23:46:05.458462995Z[Etc/UTC], buildCompletionDate=2025-02-14T23:47:05.458463205Z[Etc/UTC], estimatedCompletionDate=null, estimatedDuration=20], buildConfig=BuildConfig[buildScript=echo 'test', dockerImage=test, commitHashToBuild=test, assignmentCommitHash=test, testCommitHash=test, branch=test, programmingLanguage=null, projectType=null, scaEnabled=false, sequentialTestRunsEnabled=false, resultPaths=null, timeoutSeconds=0, assignmentCheckoutPath=null, testCheckoutPath=null, solutionCheckoutPath=null, dockerRunConfig=null], submissionResult=null]], publicSshKey=null]
    23:45:05.470 | 566 localvc.event-13 | DEBUG | a.p.s.l.SharedQueueManagementService : Build agent added: null
    23:45:05.470 | 473 ool-1-worker-237 | DEBUG | d.t.c.a.a.c.s.f.ApiVersionFilter     : Adding Version to Request GET /api/admin/build-agent
    23:45:05.471 | 473 ool-1-worker-237 | DEBUG | a.a.c.w.a.AdminBuildJobQueueResource : REST request to get information on build agent artemis-build-agent-test
    23:45:05.474 | 588 artemis-task-1   | DEBUG | d.t.c.a.a.c.c.w.GzipMessageConverter : Compressed message payload from 1040 to 620 (saved 40.4% payload size)
    23:45:05.474 | 565 localvc.event-12 | DEBUG | a.p.s.l.LocalCIQueueWebsocketService : CIBuildJobQueueItem added to processing jobs: BuildJobQueueItem[id=2, name=job2, buildAgent=BuildAgentDTO[name=artemis-build-agent-test, memberAddress=[127.0.0.1]:5703, displayName=], participationId=2, courseId=937, exerciseId=1, retryCount=1, priority=2, status=SUCCESSFUL, repositoryInfo=RepositoryInfo[repositoryName=test, repositoryType=null, triggeredByPushTo=user, assignmentRepositoryUri=test, testRepositoryUri=test, solutionRepositoryUri=test, auxiliaryRepositoryUris=null, auxiliaryRepositoryCheckoutDirectories=null], jobTimingInfo=JobTimingInfo[submissionDate=2025-02-14T23:45:05.458462875Z[Etc/UTC], buildStartDate=2025-02-14T23:46:05.458462995Z[Etc/UTC], buildCompletionDate=2025-02-14T23:47:05.458463205Z[Etc/UTC], estimatedCompletionDate=null, estimatedDuration=20], buildConfig=BuildConfig[buildScript=echo 'test', dockerImage=test, commitHashToBuild=test, assignmentCommitHash=test, testCommitHash=test, branch=test, programmingLanguage=null, projectType=null, scaEnabled=false, sequentialTestRunsEnabled=false, resultPaths=null, timeoutSeconds=0, assignmentCheckoutPath=null, testCheckoutPath=null, solutionCheckoutPath=null, dockerRunConfig=null], submissionResult=null]
    23:45:05.474 | 588 artemis-task-1   | DEBUG | d.t.c.a.a.c.c.w.GzipMessageConverter : Compressed message payload from 2432 to 796 (saved 67.3% payload size)
    23:45:05.474 | 565 localvc.event-12 | DEBUG | s.l.LocalCIWebsocketMessagingService : Sending message on topic /topic/admin/running-jobs: [BuildJobQueueItem[id=1, name=job1, buildAgent=BuildAgentDTO[name=artemis-build-agent-test, memberAddress=[127.0.0.1]:5703, displayName=], participationId=1, courseId=937, exerciseId=1, retryCount=1, priority=1, status=SUCCESSFUL, repositoryInfo=RepositoryInfo[repositoryName=test, repositoryType=null, triggeredByPushTo=user, assignmentRepositoryUri=, testRepositoryUri=, solutionRepositoryUri=, auxiliaryRepositoryUris=null, auxiliaryRepositoryCheckoutDirectories=null], jobTimingInfo=JobTimingInfo[submissionDate=2025-02-14T23:46:05.458459468Z[Etc/UTC], buildStartDate=2025-02-14T23:47:05.458461462Z[Etc/UTC], buildCompletionDate=2025-02-14T23:48:05.458461883Z[Etc/UTC], estimatedCompletionDate=null, estimatedDuration=20], buildConfig=BuildConfig[buildScript=, dockerImage=, commitHashToBuild=test, assignmentCommitHash=, testCommitHash=, branch=, programmingLanguage=null, projectType=null, scaEnabled=false, sequentialTestRunsEnabled=false, resultPaths=null, timeoutSeconds=0, assignmentCheckoutPath=, testCheckoutPath=, solutionCheckoutPath=, dockerRunConfig=null], submissionResult=null], BuildJobQueueItem[id=2, name=job2, buildAgent=BuildAgentDTO[name=artemis-build-agent-test, memberAddress=[127.0.0.1]:5703, displayName=], participationId=2, courseId=937, exerciseId=1, retryCount=1, priority=2, status=SUCCESSFUL, repositoryInfo=RepositoryInfo[repositoryName=test, repositoryType=null, triggeredByPushTo=user, assignmentRepositoryUri=, testRepositoryUri=, solutionRepositoryUri=, auxiliaryRepositoryUris=null, auxiliaryRepositoryCheckoutDirectories=null], jobTimingInfo=JobTimingInfo[submissionDate=2025-02-14T23:45:05.458462875Z[Etc/UTC], buildStartDate=2025-02-14T23:46:05.458462995Z[Etc/UTC], buildCompletionDate=2025-02-14T23:47:05.458463205Z[Etc/UTC], estimatedCompletionDate=null, estimatedDuration=20], buildConfig=BuildConfig[buildScript=, dockerImage=, commitHashToBuild=test, assignmentCommitHash=, testCommitHash=, branch=, programmingLanguage=null, projectType=null, scaEnabled=false, sequentialTestRunsEnabled=false, resultPaths=null, timeoutSeconds=0, assignmentCheckoutPath=, testCheckoutPath=, solutionCheckoutPath=, dockerRunConfig=null], submissionResult=null]]
    23:45:05.475 | 565 localvc.event-12 | DEBUG | s.l.LocalCIWebsocketMessagingService : Sending message on topic /topic/courses/937/running-jobs: [BuildJobQueueItem[id=1, name=job1, buildAgent=BuildAgentDTO[name=artemis-build-agent-test, memberAddress=[127.0.0.1]:5703, displayName=], participationId=1, courseId=937, exerciseId=1, retryCount=1, priority=1, status=SUCCESSFUL, repositoryInfo=RepositoryInfo[repositoryName=test, repositoryType=null, triggeredByPushTo=user, assignmentRepositoryUri=, testRepositoryUri=, solutionRepositoryUri=, auxiliaryRepositoryUris=null, auxiliaryRepositoryCheckoutDirectories=null], jobTimingInfo=JobTimingInfo[submissionDate=2025-02-14T23:46:05.458459468Z[Etc/UTC], buildStartDate=2025-02-14T23:47:05.458461462Z[Etc/UTC], buildCompletionDate=2025-02-14T23:48:05.458461883Z[Etc/UTC], estimatedCompletionDate=null, estimatedDuration=20], buildConfig=BuildConfig[buildScript=, dockerImage=, commitHashToBuild=test, assignmentCommitHash=, testCommitHash=, branch=, programmingLanguage=null, projectType=null, scaEnabled=false, sequentialTestRunsEnabled=false, resultPaths=null, timeoutSeconds=0, assignmentCheckoutPath=, testCheckoutPath=, solutionCheckoutPath=, dockerRunConfig=null], submissionResult=null], BuildJobQueueItem[id=2, name=job2, buildAgent=BuildAgentDTO[name=artemis-build-agent-test, memberAddress=[127.0.0.1]:5703, displayName=], participationId=2, courseId=937, exerciseId=1, retryCount=1, priority=2, status=SUCCESSFUL, repositoryInfo=RepositoryInfo[repositoryName=test, repositoryType=null, triggeredByPushTo=user, assignmentRepositoryUri=, testRepositoryUri=, solutionRepositoryUri=, auxiliaryRepositoryUris=null, auxiliaryRepositoryCheckoutDirectories=null], jobTimingInfo=JobTimingInfo[submissionDate=2025-02-14T23:45:05.458462875Z[Etc/UTC], buildStartDate=2025-02-14T23:46:05.458462995Z[Etc/UTC], buildCompletionDate=2025-02-14T23:47:05.458463205Z[Etc/UTC], estimatedCompletionDate=null, estimatedDuration=20], buildConfig=BuildConfig[buildScript=, dockerImage=, commitHashToBuild=test, assignmentCommitHash=, testCommitHash=, branch=, programmingLanguage=null, projectType=null, scaEnabled=false, sequentialTestRunsEnabled=false, resultPaths=null, timeoutSeconds=0, assignmentCheckoutPath=, testCheckoutPath=, solutionCheckoutPath=, dockerRunConfig=null], submissionResult=null]]
    23:45:05.475 | 588 artemis-task-1   | DEBUG | d.t.c.a.a.c.c.w.GzipMessageConverter : Compressed message payload from 1498 to 596 (saved 60.2% payload size)
    23:45:05.475 | 588 artemis-task-1   | DEBUG | d.t.c.a.a.c.c.w.GzipMessageConverter : Compressed message payload from 1498 to 596 (saved 60.2% payload size)
    23:45:05.503 | 601 taskScheduler-2  | DEBUG | a.a.b.s.SharedQueueProcessingService : Currently processing jobs on this node: 0, active threads in Pool: 0, maximum pool size of thread executor : 1

  Starting logs for LocalCIResourceIntegrationTest > testCancelProcessingBuildJob()
    23:45:05.545 | 473 ool-1-worker-237 | DEBUG | d.t.c.a.a.c.u.util.UserUtilService   : Generate 2 students...
    23:45:05.552 | 473 ool-1-worker-237 | DEBUG | d.t.c.a.a.c.u.util.UserUtilService   : 2 students generated. Generate 1 tutors...
    23:45:05.559 | 473 ool-1-worker-237 | DEBUG | d.t.c.a.a.c.u.util.UserUtilService   : 1 tutors generated. Generate 0 editors...
    23:45:05.560 | 473 ool-1-worker-237 | DEBUG | d.t.c.a.a.c.u.util.UserUtilService   : 0 editors generated. Generate 2 instructors...
    23:45:05.567 | 473 ool-1-worker-237 | DEBUG | d.t.c.a.a.c.u.util.UserUtilService   : 2 instructors generated
    23:45:05.569 | 473 ool-1-worker-237 | DEBUG | d.t.c.a.a.c.u.util.UserUtilService   : Removing 4 users from all courses...
    23:45:05.570 | 473 ool-1-worker-237 | DEBUG | d.t.c.a.a.c.u.util.UserUtilService   : Removing 4 users from all courses. Done
    23:45:05.570 | 473 ool-1-worker-237 | DEBUG | d.t.c.a.a.c.u.util.UserUtilService   : Save 5 users to database...
    23:45:05.579 | 473 ool-1-worker-237 | DEBUG | d.t.c.a.a.c.u.util.UserUtilService   : Save 5 users to database. Done
    23:45:05.647 | 565 localvc.event-12 | DEBUG | a.p.s.l.LocalCIQueueWebsocketService : CIBuildJobQueueItem added to processing jobs: BuildJobQueueItem[id=1, name=job1, buildAgent=BuildAgentDTO[name=artemis-build-agent-test, memberAddress=[127.0.0.1]:5703, displayName=], participationId=1, courseId=938, exerciseId=1, retryCount=1, priority=1, status=SUCCESSFUL, repositoryInfo=RepositoryInfo[repositoryName=test, repositoryType=null, triggeredByPushTo=user, assignmentRepositoryUri=test, testRepositoryUri=test, solutionRepositoryUri=test, auxiliaryRepositoryUris=null, auxiliaryRepositoryCheckoutDirectories=null], jobTimingInfo=JobTimingInfo[submissionDate=2025-02-14T23:46:05.642127983Z[Etc/UTC], buildStartDate=2025-02-14T23:47:05.642129986Z[Etc/UTC], buildCompletionDate=2025-02-14T23:48:05.642130257Z[Etc/UTC], estimatedCompletionDate=null, estimatedDuration=20], buildConfig=BuildConfig[buildScript=echo 'test', dockerImage=test, commitHashToBuild=test, assignmentCommitHash=test, testCommitHash=test, branch=test, programmingLanguage=null, projectType=null, scaEnabled=false, sequentialTestRunsEnabled=false, resultPaths=null, timeoutSeconds=0, assignmentCheckoutPath=null, testCheckoutPath=null, solutionCheckoutPath=null, dockerRunConfig=null], submissionResult=null]
    23:45:05.647 | 566 localvc.event-13 | DEBUG | a.p.s.l.LocalCIQueueWebsocketService : Build agent added: BuildAgentInformation[buildAgent=BuildAgentDTO[name=artemis-build-agent-test, memberAddress=[127.0.0.1]:5703, displayName=], maxNumberOfConcurrentBuildJobs=2, numberOfCurrentBuildJobs=1, runningBuildJobs=[BuildJobQueueItem[id=1, name=job1, buildAgent=BuildAgentDTO[name=artemis-build-agent-test, memberAddress=[127.0.0.1]:5703, displayName=], participationId=1, courseId=938, exerciseId=1, retryCount=1, priority=1, status=SUCCESSFUL, repositoryInfo=RepositoryInfo[repositoryName=test, repositoryType=null, triggeredByPushTo=user, assignmentRepositoryUri=test, testRepositoryUri=test, solutionRepositoryUri=test, auxiliaryRepositoryUris=null, auxiliaryRepositoryCheckoutDirectories=null], jobTimingInfo=JobTimingInfo[submissionDate=2025-02-14T23:46:05.642127983Z[Etc/UTC], buildStartDate=2025-02-14T23:47:05.642129986Z[Etc/UTC], buildCompletionDate=2025-02-14T23:48:05.642130257Z[Etc/UTC], estimatedCompletionDate=null, estimatedDuration=20], buildConfig=BuildConfig[buildScript=echo 'test', dockerImage=test, commitHashToBuild=test, assignmentCommitHash=test, testCommitHash=test, branch=test, programmingLanguage=null, projectType=null, scaEnabled=false, sequentialTestRunsEnabled=false, resultPaths=null, timeoutSeconds=0, assignmentCheckoutPath=null, testCheckoutPath=null, solutionCheckoutPath=null, dockerRunConfig=null], submissionResult=null]], status=IDLE, recentBuildJobs=[BuildJobQueueItem[id=2, name=job2, buildAgent=BuildAgentDTO[name=artemis-build-agent-test, memberAddress=[127.0.0.1]:5703, displayName=], participationId=2, courseId=938, exerciseId=1, retryCount=1, priority=2, status=SUCCESSFUL, repositoryInfo=RepositoryInfo[repositoryName=test, repositoryType=null, triggeredByPushTo=user, assignmentRepositoryUri=test, testRepositoryUri=test, solutionRepositoryUri=test, auxiliaryRepositoryUris=null, auxiliaryRepositoryCheckoutDirectories=null], jobTimingInfo=JobTimingInfo[submissionDate=2025-02-14T23:45:05.642131309Z[Etc/UTC], buildStartDate=2025-02-14T23:46:05.642131429Z[Etc/UTC], buildCompletionDate=2025-02-14T23:47:05.642131620Z[Etc/UTC], estimatedCompletionDate=null, estimatedDuration=20], buildConfig=BuildConfig[buildScript=echo 'test', dockerImage=test, commitHashToBuild=test, assignmentCommitHash=test, testCommitHash=test, branch=test, programmingLanguage=null, projectType=null, scaEnabled=false, sequentialTestRunsEnabled=false, resultPaths=null, timeoutSeconds=0, assignmentCheckoutPath=null, testCheckoutPath=null, solutionCheckoutPath=null, dockerRunConfig=null], submissionResult=null]], publicSshKey=null]
    23:45:05.647 | 565 localvc.event-12 | DEBUG | s.l.LocalCIWebsocketMessagingService : Sending message on topic /topic/admin/running-jobs: [BuildJobQueueItem[id=1, name=job1, buildAgent=BuildAgentDTO[name=artemis-build-agent-test, memberAddress=[127.0.0.1]:5703, displayName=], participationId=1, courseId=938, exerciseId=1, retryCount=1, priority=1, status=SUCCESSFUL, repositoryInfo=RepositoryInfo[repositoryName=test, repositoryType=null, triggeredByPushTo=user, assignmentRepositoryUri=, testRepositoryUri=, solutionRepositoryUri=, auxiliaryRepositoryUris=null, auxiliaryRepositoryCheckoutDirectories=null], jobTimingInfo=JobTimingInfo[submissionDate=2025-02-14T23:46:05.642127983Z[Etc/UTC], buildStartDate=2025-02-14T23:47:05.642129986Z[Etc/UTC], buildCompletionDate=2025-02-14T23:48:05.642130257Z[Etc/UTC], estimatedCompletionDate=null, estimatedDuration=20], buildConfig=BuildConfig[buildScript=, dockerImage=, commitHashToBuild=test, assignmentCommitHash=, testCommitHash=, branch=, programmingLanguage=null, projectType=null, scaEnabled=false, sequentialTestRunsEnabled=false, resultPaths=null, timeoutSeconds=0, assignmentCheckoutPath=, testCheckoutPath=, solutionCheckoutPath=, dockerRunConfig=null], submissionResult=null], BuildJobQueueItem[id=2, name=job2, buildAgent=BuildAgentDTO[name=artemis-build-agent-test, memberAddress=[127.0.0.1]:5703, displayName=], participationId=2, courseId=938, exerciseId=1, retryCount=1, priority=2, status=SUCCESSFUL, repositoryInfo=RepositoryInfo[repositoryName=test, repositoryType=null, triggeredByPushTo=user, assignmentRepositoryUri=, testRepositoryUri=, solutionRepositoryUri=, auxiliaryRepositoryUris=null, auxiliaryRepositoryCheckoutDirectories=null], jobTimingInfo=JobTimingInfo[submissionDate=2025-02-14T23:45:05.642131309Z[Etc/UTC], buildStartDate=2025-02-14T23:46:05.642131429Z[Etc/UTC], buildCompletionDate=2025-02-14T23:47:05.642131620Z[Etc/UTC], estimatedCompletionDate=null, estimatedDuration=20], buildConfig=BuildConfig[buildScript=, dockerImage=, commitHashToBuild=test, assignmentCommitHash=, testCommitHash=, branch=, programmingLanguage=null, projectType=null, scaEnabled=false, sequentialTestRunsEnabled=false, resultPaths=null, timeoutSeconds=0, assignmentCheckoutPath=, testCheckoutPath=, solutionCheckoutPath=, dockerRunConfig=null], submissionResult=null]]
    23:45:05.648 | 566 localvc.event-13 | DEBUG | s.l.LocalCIWebsocketMessagingService : Sending message on topic /topic/admin/build-agents: [BuildAgentInformation[buildAgent=BuildAgentDTO[name=artemis-build-agent-test, memberAddress=[127.0.0.1]:5703, displayName=], maxNumberOfConcurrentBuildJobs=2, numberOfCurrentBuildJobs=1, runningBuildJobs=[BuildJobQueueItem[id=1, name=job1, buildAgent=BuildAgentDTO[name=artemis-build-agent-test, memberAddress=[127.0.0.1]:5703, displayName=], participationId=1, courseId=938, exerciseId=1, retryCount=1, priority=1, status=SUCCESSFUL, repositoryInfo=RepositoryInfo[repositoryName=test, repositoryType=null, triggeredByPushTo=user, assignmentRepositoryUri=, testRepositoryUri=, solutionRepositoryUri=, auxiliaryRepositoryUris=null, auxiliaryRepositoryCheckoutDirectories=null], jobTimingInfo=JobTimingInfo[submissionDate=2025-02-14T23:46:05.642127983Z[Etc/UTC], buildStartDate=2025-02-14T23:47:05.642129986Z[Etc/UTC], buildCompletionDate=2025-02-14T23:48:05.642130257Z[Etc/UTC], estimatedCompletionDate=null, estimatedDuration=20], buildConfig=BuildConfig[buildScript=, dockerImage=, commitHashToBuild=test, assignmentCommitHash=, testCommitHash=, branch=, programmingLanguage=null, projectType=null, scaEnabled=false, sequentialTestRunsEnabled=false, resultPaths=null, timeoutSeconds=0, assignmentCheckoutPath=, testCheckoutPath=, solutionCheckoutPath=, dockerRunConfig=null], submissionResult=null]], status=IDLE, recentBuildJobs=null, publicSshKey=null]]
    23:45:05.648 | 565 localvc.event-12 | DEBUG | s.l.LocalCIWebsocketMessagingService : Sending message on topic /topic/courses/938/running-jobs: [BuildJobQueueItem[id=1, name=job1, buildAgent=BuildAgentDTO[name=artemis-build-agent-test, memberAddress=[127.0.0.1]:5703, displayName=], participationId=1, courseId=938, exerciseId=1, retryCount=1, priority=1, status=SUCCESSFUL, repositoryInfo=RepositoryInfo[repositoryName=test, repositoryType=null, triggeredByPushTo=user, assignmentRepositoryUri=, testRepositoryUri=, solutionRepositoryUri=, auxiliaryRepositoryUris=null, auxiliaryRepositoryCheckoutDirectories=null], jobTimingInfo=JobTimingInfo[submissionDate=2025-02-14T23:46:05.642127983Z[Etc/UTC], buildStartDate=2025-02-14T23:47:05.642129986Z[Etc/UTC], buildCompletionDate=2025-02-14T23:48:05.642130257Z[Etc/UTC], estimatedCompletionDate=null, estimatedDuration=20], buildConfig=BuildConfig[buildScript=, dockerImage=, commitHashToBuild=test, assignmentCommitHash=, testCommitHash=, branch=, programmingLanguage=null, projectType=null, scaEnabled=false, sequentialTestRunsEnabled=false, resultPaths=null, timeoutSeconds=0, assignmentCheckoutPath=, testCheckoutPath=, solutionCheckoutPath=, dockerRunConfig=null], submissionResult=null], BuildJobQueueItem[id=2, name=job2, buildAgent=BuildAgentDTO[name=artemis-build-agent-test, memberAddress=[127.0.0.1]:5703, displayName=], participationId=2, courseId=938, exerciseId=1, retryCount=1, priority=2, status=SUCCESSFUL, repositoryInfo=RepositoryInfo[repositoryName=test, repositoryType=null, triggeredByPushTo=user, assignmentRepositoryUri=, testRepositoryUri=, solutionRepositoryUri=, auxiliaryRepositoryUris=null, auxiliaryRepositoryCheckoutDirectories=null], jobTimingInfo=JobTimingInfo[submissionDate=2025-02-14T23:45:05.642131309Z[Etc/UTC], buildStartDate=2025-02-14T23:46:05.642131429Z[Etc/UTC], buildCompletionDate=2025-02-14T23:47:05.642131620Z[Etc/UTC], estimatedCompletionDate=null, estimatedDuration=20], buildConfig=BuildConfig[buildScript=, dockerImage=, commitHashToBuild=test, assignmentCommitHash=, testCommitHash=, branch=, programmingLanguage=null, projectType=null, scaEnabled=false, sequentialTestRunsEnabled=false, resultPaths=null, timeoutSeconds=0, assignmentCheckoutPath=, testCheckoutPath=, solutionCheckoutPath=, dockerRunConfig=null], submissionResult=null]]
    23:45:05.648 | 566 localvc.event-13 | DEBUG | s.l.LocalCIWebsocketMessagingService : Sending message on topic /topic/admin/build-agent/artemis-build-agent-test: BuildAgentInformation[buildAgent=BuildAgentDTO[name=artemis-build-agent-test, memberAddress=[127.0.0.1]:5703, displayName=], maxNumberOfConcurrentBuildJobs=2, numberOfCurrentBuildJobs=1, runningBuildJobs=[BuildJobQueueItem[id=1, name=job1, buildAgent=BuildAgentDTO[name=artemis-build-agent-test, memberAddress=[127.0.0.1]:5703, displayName=], participationId=1, courseId=938, exerciseId=1, retryCount=1, priority=1, status=SUCCESSFUL, repositoryInfo=RepositoryInfo[repositoryName=test, repositoryType=null, triggeredByPushTo=user, assignmentRepositoryUri=test, testRepositoryUri=test, solutionRepositoryUri=test, auxiliaryRepositoryUris=null, auxiliaryRepositoryCheckoutDirectories=null], jobTimingInfo=JobTimingInfo[submissionDate=2025-02-14T23:46:05.642127983Z[Etc/UTC], buildStartDate=2025-02-14T23:47:05.642129986Z[Etc/UTC], buildCompletionDate=2025-02-14T23:48:05.642130257Z[Etc/UTC], estimatedCompletionDate=null, estimatedDuration=20], buildConfig=BuildConfig[buildScript=echo 'test', dockerImage=test, commitHashToBuild=test, assignmentCommitHash=test, testCommitHash=test, branch=test, programmingLanguage=null, projectType=null, scaEnabled=false, sequentialTestRunsEnabled=false, resultPaths=null, timeoutSeconds=0, assignmentCheckoutPath=null, testCheckoutPath=null, solutionCheckoutPath=null, dockerRunConfig=null], submissionResult=null]], status=IDLE, recentBuildJobs=[BuildJobQueueItem[id=2, name=job2, buildAgent=BuildAgentDTO[name=artemis-build-agent-test, memberAddress=[127.0.0.1]:5703, displayName=], participationId=2, courseId=938, exerciseId=1, retryCount=1, priority=2, status=SUCCESSFUL, repositoryInfo=RepositoryInfo[repositoryName=test, repositoryType=null, triggeredByPushTo=user, assignmentRepositoryUri=test, testRepositoryUri=test, solutionRepositoryUri=test, auxiliaryRepositoryUris=null, auxiliaryRepositoryCheckoutDirectories=null], jobTimingInfo=JobTimingInfo[submissionDate=2025-02-14T23:45:05.642131309Z[Etc/UTC], buildStartDate=2025-02-14T23:46:05.642131429Z[Etc/UTC], buildCompletionDate=2025-02-14T23:47:05.642131620Z[Etc/UTC], estimatedCompletionDate=null, estimatedDuration=20], buildConfig=BuildConfig[buildScript=echo 'test', dockerImage=test, commitHashToBuild=test, assignmentCommitHash=test, testCommitHash=test, branch=test, programmingLanguage=null, projectType=null, scaEnabled=false, sequentialTestRunsEnabled=false, resultPaths=null, timeoutSeconds=0, assignmentCheckoutPath=null, testCheckoutPath=null, solutionCheckoutPath=null, dockerRunConfig=null], submissionResult=null]], publicSshKey=null]
    23:45:05.648 | 588 artemis-task-1   | DEBUG | d.t.c.a.a.c.c.w.GzipMessageConverter : Compressed message payload from 1497 to 592 (saved 60.5% payload size)
    23:45:05.648 | 588 artemis-task-1   | DEBUG | d.t.c.a.a.c.c.w.GzipMessageConverter : Compressed message payload from 1040 to 616 (saved 40.8% payload size)
    23:45:05.648 | 473 ool-1-worker-237 | INFO  | i.z.t.d.l.EmbeddedDatabaseReporter   : JDBC URL to connect to 'dataSource': url='jdbc:h2:tcp://localhost:41063/mem:f240edcd-27ce-47a3-b4ab-a6a00c154135;USER=sa', scope='LocalCIResourceIntegrationTest#testCancelProcessingBuildJob'
    23:45:05.648 | 588 artemis-task-1   | DEBUG | d.t.c.a.a.c.c.w.GzipMessageConverter : Compressed message payload from 1497 to 592 (saved 60.5% payload size)
    23:45:05.649 | 588 artemis-task-1   | DEBUG | d.t.c.a.a.c.c.w.GzipMessageConverter : Compressed message payload from 2431 to 792 (saved 67.4% payload size)
    23:45:05.649 | 566 localvc.event-13 | DEBUG | a.p.s.l.SharedQueueManagementService : Build agent added: null
    23:45:05.650 | 565 localvc.event-12 | DEBUG | a.p.s.l.LocalCIQueueWebsocketService : CIBuildJobQueueItem added to processing jobs: BuildJobQueueItem[id=2, name=job2, buildAgent=BuildAgentDTO[name=artemis-build-agent-test, memberAddress=[127.0.0.1]:5703, displayName=], participationId=2, courseId=938, exerciseId=1, retryCount=1, priority=2, status=SUCCESSFUL, repositoryInfo=RepositoryInfo[repositoryName=test, repositoryType=null, triggeredByPushTo=user, assignmentRepositoryUri=test, testRepositoryUri=test, solutionRepositoryUri=test, auxiliaryRepositoryUris=null, auxiliaryRepositoryCheckoutDirectories=null], jobTimingInfo=JobTimingInfo[submissionDate=2025-02-14T23:45:05.642131309Z[Etc/UTC], buildStartDate=2025-02-14T23:46:05.642131429Z[Etc/UTC], buildCompletionDate=2025-02-14T23:47:05.642131620Z[Etc/UTC], estimatedCompletionDate=null, estimatedDuration=20], buildConfig=BuildConfig[buildScript=echo 'test', dockerImage=test, commitHashToBuild=test, assignmentCommitHash=test, testCommitHash=test, branch=test, programmingLanguage=null, projectType=null, scaEnabled=false, sequentialTestRunsEnabled=false, resultPaths=null, timeoutSeconds=0, assignmentCheckoutPath=null, testCheckoutPath=null, solutionCheckoutPath=null, dockerRunConfig=null], submissionResult=null]
    23:45:05.650 | 565 localvc.event-12 | DEBUG | s.l.LocalCIWebsocketMessagingService : Sending message on topic /topic/admin/running-jobs: [BuildJobQueueItem[id=1, name=job1, buildAgent=BuildAgentDTO[name=artemis-build-agent-test, memberAddress=[127.0.0.1]:5703, displayName=], participationId=1, courseId=938, exerciseId=1, retryCount=1, priority=1, status=SUCCESSFUL, repositoryInfo=RepositoryInfo[repositoryName=test, repositoryType=null, triggeredByPushTo=user, assignmentRepositoryUri=, testRepositoryUri=, solutionRepositoryUri=, auxiliaryRepositoryUris=null, auxiliaryRepositoryCheckoutDirectories=null], jobTimingInfo=JobTimingInfo[submissionDate=2025-02-14T23:46:05.642127983Z[Etc/UTC], buildStartDate=2025-02-14T23:47:05.642129986Z[Etc/UTC], buildCompletionDate=2025-02-14T23:48:05.642130257Z[Etc/UTC], estimatedCompletionDate=null, estimatedDuration=20], buildConfig=BuildConfig[buildScript=, dockerImage=, commitHashToBuild=test, assignmentCommitHash=, testCommitHash=, branch=, programmingLanguage=null, projectType=null, scaEnabled=false, sequentialTestRunsEnabled=false, resultPaths=null, timeoutSeconds=0, assignmentCheckoutPath=, testCheckoutPath=, solutionCheckoutPath=, dockerRunConfig=null], submissionResult=null], BuildJobQueueItem[id=2, name=job2, buildAgent=BuildAgentDTO[name=artemis-build-agent-test, memberAddress=[127.0.0.1]:5703, displayName=], participationId=2, courseId=938, exerciseId=1, retryCount=1, priority=2, status=SUCCESSFUL, repositoryInfo=RepositoryInfo[repositoryName=test, repositoryType=null, triggeredByPushTo=user, assignmentRepositoryUri=, testRepositoryUri=, solutionRepositoryUri=, auxiliaryRepositoryUris=null, auxiliaryRepositoryCheckoutDirectories=null], jobTimingInfo=JobTimingInfo[submissionDate=2025-02-14T23:45:05.642131309Z[Etc/UTC], buildStartDate=2025-02-14T23:46:05.642131429Z[Etc/UTC], buildCompletionDate=2025-02-14T23:47:05.642131620Z[Etc/UTC], estimatedCompletionDate=null, estimatedDuration=20], buildConfig=BuildConfig[buildScript=, dockerImage=, commitHashToBuild=test, assignmentCommitHash=, testCommitHash=, branch=, programmingLanguage=null, projectType=null, scaEnabled=false, sequentialTestRunsEnabled=false, resultPaths=null, timeoutSeconds=0, assignmentCheckoutPath=, testCheckoutPath=, solutionCheckoutPath=, dockerRunConfig=null], submissionResult=null]]
    23:45:05.651 | 565 localvc.event-12 | DEBUG | s.l.LocalCIWebsocketMessagingService : Sending message on topic /topic/courses/938/running-jobs: [BuildJobQueueItem[id=1, name=job1, buildAgent=BuildAgentDTO[name=artemis-build-agent-test, memberAddress=[127.0.0.1]:5703, displayName=], participationId=1, courseId=938, exerciseId=1, retryCount=1, priority=1, status=SUCCESSFUL, repositoryInfo=RepositoryInfo[repositoryName=test, repositoryType=null, triggeredByPushTo=user, assignmentRepositoryUri=, testRepositoryUri=, solutionRepositoryUri=, auxiliaryRepositoryUris=null, auxiliaryRepositoryCheckoutDirectories=null], jobTimingInfo=JobTimingInfo[submissionDate=2025-02-14T23:46:05.642127983Z[Etc/UTC], buildStartDate=2025-02-14T23:47:05.642129986Z[Etc/UTC], buildCompletionDate=2025-02-14T23:48:05.642130257Z[Etc/UTC], estimatedCompletionDate=null, estimatedDuration=20], buildConfig=BuildConfig[buildScript=, dockerImage=, commitHashToBuild=test, assignmentCommitHash=, testCommitHash=, branch=, programmingLanguage=null, projectType=null, scaEnabled=false, sequentialTestRunsEnabled=false, resultPaths=null, timeoutSeconds=0, assignmentCheckoutPath=, testCheckoutPath=, solutionCheckoutPath=, dockerRunConfig=null], submissionResult=null], BuildJobQueueItem[id=2, name=job2, buildAgent=BuildAgentDTO[name=artemis-build-agent-test, memberAddress=[127.0.0.1]:5703, displayName=], participationId=2, courseId=938, exerciseId=1, retryCount=1, priority=2, status=SUCCESSFUL, repositoryInfo=RepositoryInfo[repositoryName=test, repositoryType=null, triggeredByPushTo=user, assignmentRepositoryUri=, testRepositoryUri=, solutionRepositoryUri=, auxiliaryRepositoryUris=null, auxiliaryRepositoryCheckoutDirectories=null], jobTimingInfo=JobTimingInfo[submissionDate=2025-02-14T23:45:05.642131309Z[Etc/UTC], buildStartDate=2025-02-14T23:46:05.642131429Z[Etc/UTC], buildCompletionDate=2025-02-14T23:47:05.642131620Z[Etc/UTC], estimatedCompletionDate=null, estimatedDuration=20], buildConfig=BuildConfig[buildScript=, dockerImage=, commitHashToBuild=test, assignmentCommitHash=, testCommitHash=, branch=, programmingLanguage=null, projectType=null, scaEnabled=false, sequentialTestRunsEnabled=false, resultPaths=null, timeoutSeconds=0, assignmentCheckoutPath=, testCheckoutPath=, solutionCheckoutPath=, dockerRunConfig=null], submissionResult=null]]
    23:45:05.651 | 473 ool-1-worker-237 | DEBUG | d.t.c.a.a.c.s.f.ApiVersionFilter     : Adding Version to Request DELETE /api/admin/cancel-job/1
    23:45:05.651 | 588 artemis-task-1   | DEBUG | d.t.c.a.a.c.c.w.GzipMessageConverter : Compressed message payload from 1497 to 592 (saved 60.5% payload size)
    23:45:05.651 | 473 ool-1-worker-237 | DEBUG | a.a.c.w.a.AdminBuildJobQueueResource : REST request to cancel the build job with id 1
    23:45:05.654 | 588 artemis-task-1   | DEBUG | d.t.c.a.a.c.c.w.GzipMessageConverter : Compressed message payload from 1497 to 592 (saved 60.5% payload size)
    23:45:05.656 | 600 taskScheduler-1  | DEBUG | a.a.b.s.SharedQueueProcessingService : Currently processing jobs on this node: 0, active threads in Pool: 0, maximum pool size of thread executor : 1
    23:45:05.663 | 565 localvc.event-12 | DEBUG | a.p.s.l.LocalCIQueueWebsocketService : CIBuildJobQueueItem removed from processing jobs: BuildJobQueueItem[id=1, name=job1, buildAgent=BuildAgentDTO[name=artemis-build-agent-test, memberAddress=[127.0.0.1]:5703, displayName=], participationId=1, courseId=938, exerciseId=1, retryCount=1, priority=1, status=SUCCESSFUL, repositoryInfo=RepositoryInfo[repositoryName=test, repositoryType=null, triggeredByPushTo=user, assignmentRepositoryUri=test, testRepositoryUri=test, solutionRepositoryUri=test, auxiliaryRepositoryUris=null, auxiliaryRepositoryCheckoutDirectories=null], jobTimingInfo=JobTimingInfo[submissionDate=2025-02-14T23:46:05.642127983Z[Etc/UTC], buildStartDate=2025-02-14T23:47:05.642129986Z[Etc/UTC], buildCompletionDate=2025-02-14T23:48:05.642130257Z[Etc/UTC], estimatedCompletionDate=null, estimatedDuration=20], buildConfig=BuildConfig[buildScript=echo 'test', dockerImage=test, commitHashToBuild=test, assignmentCommitHash=test, testCommitHash=test, branch=test, programmingLanguage=null, projectType=null, scaEnabled=false, sequentialTestRunsEnabled=false, resultPaths=null, timeoutSeconds=0, assignmentCheckoutPath=null, testCheckoutPath=null, solutionCheckoutPath=null, dockerRunConfig=null], submissionResult=null]
    23:45:05.664 | 565 localvc.event-12 | DEBUG | s.l.LocalCIWebsocketMessagingService : Sending message on topic /topic/admin/running-jobs: []
    23:45:05.664 | 565 localvc.event-12 | DEBUG | s.l.LocalCIWebsocketMessagingService : Sending message on topic /topic/courses/938/running-jobs: []

  Starting logs for LocalCIResourceIntegrationTest > testGetBuildLogsForResult()
    23:45:05.700 | 473 ool-1-worker-237 | DEBUG | d.t.c.a.a.c.u.util.UserUtilService   : Generate 2 students...
    23:45:05.710 | 473 ool-1-worker-237 | DEBUG | d.t.c.a.a.c.u.util.UserUtilService   : 2 students generated. Generate 1 tutors...
    23:45:05.713 | 473 ool-1-worker-237 | DEBUG | d.t.c.a.a.c.u.util.UserUtilService   : 1 tutors generated. Generate 0 editors...
    23:45:05.717 | 473 ool-1-worker-237 | DEBUG | d.t.c.a.a.c.u.util.UserUtilService   : 0 editors generated. Generate 2 instructors...
    23:45:05.724 | 473 ool-1-worker-237 | DEBUG | d.t.c.a.a.c.u.util.UserUtilService   : 2 instructors generated
    23:45:05.725 | 473 ool-1-worker-237 | DEBUG | d.t.c.a.a.c.u.util.UserUtilService   : Removing 4 users from all courses...
    23:45:05.729 | 473 ool-1-worker-237 | DEBUG | d.t.c.a.a.c.u.util.UserUtilService   : Removing 4 users from all courses. Done
    23:45:05.729 | 473 ool-1-worker-237 | DEBUG | d.t.c.a.a.c.u.util.UserUtilService   : Save 5 users to database...
    23:45:05.736 | 473 ool-1-worker-237 | DEBUG | d.t.c.a.a.c.u.util.UserUtilService   : Save 5 users to database. Done
    23:45:05.789 | 565 localvc.event-12 | DEBUG | a.p.s.l.LocalCIQueueWebsocketService : CIBuildJobQueueItem added to processing jobs: BuildJobQueueItem[id=1, name=job1, buildAgent=BuildAgentDTO[name=artemis-build-agent-test, memberAddress=[127.0.0.1]:5703, displayName=], participationId=1, courseId=939, exerciseId=1, retryCount=1, priority=1, status=SUCCESSFUL, repositoryInfo=RepositoryInfo[repositoryName=test, repositoryType=null, triggeredByPushTo=user, assignmentRepositoryUri=test, testRepositoryUri=test, solutionRepositoryUri=test, auxiliaryRepositoryUris=null, auxiliaryRepositoryCheckoutDirectories=null], jobTimingInfo=JobTimingInfo[submissionDate=2025-02-14T23:46:05.786138640Z[Etc/UTC], buildStartDate=2025-02-14T23:47:05.786141125Z[Etc/UTC], buildCompletionDate=2025-02-14T23:48:05.786141736Z[Etc/UTC], estimatedCompletionDate=null, estimatedDuration=20], buildConfig=BuildConfig[buildScript=echo 'test', dockerImage=test, commitHashToBuild=test, assignmentCommitHash=test, testCommitHash=test, branch=test, programmingLanguage=null, projectType=null, scaEnabled=false, sequentialTestRunsEnabled=false, resultPaths=null, timeoutSeconds=0, assignmentCheckoutPath=null, testCheckoutPath=null, solutionCheckoutPath=null, dockerRunConfig=null], submissionResult=null]
    23:45:05.789 | 565 localvc.event-12 | DEBUG | s.l.LocalCIWebsocketMessagingService : Sending message on topic /topic/admin/running-jobs: [BuildJobQueueItem[id=1, name=job1, buildAgent=BuildAgentDTO[name=artemis-build-agent-test, memberAddress=[127.0.0.1]:5703, displayName=], participationId=1, courseId=939, exerciseId=1, retryCount=1, priority=1, status=SUCCESSFUL, repositoryInfo=RepositoryInfo[repositoryName=test, repositoryType=null, triggeredByPushTo=user, assignmentRepositoryUri=, testRepositoryUri=, solutionRepositoryUri=, auxiliaryRepositoryUris=null, auxiliaryRepositoryCheckoutDirectories=null], jobTimingInfo=JobTimingInfo[submissionDate=2025-02-14T23:46:05.786138640Z[Etc/UTC], buildStartDate=2025-02-14T23:47:05.786141125Z[Etc/UTC], buildCompletionDate=2025-02-14T23:48:05.786141736Z[Etc/UTC], estimatedCompletionDate=null, estimatedDuration=20], buildConfig=BuildConfig[buildScript=, dockerImage=, commitHashToBuild=test, assignmentCommitHash=, testCommitHash=, branch=, programmingLanguage=null, projectType=null, scaEnabled=false, sequentialTestRunsEnabled=false, resultPaths=null, timeoutSeconds=0, assignmentCheckoutPath=, testCheckoutPath=, solutionCheckoutPath=, dockerRunConfig=null], submissionResult=null]]
    23:45:05.789 | 565 localvc.event-12 | DEBUG | s.l.LocalCIWebsocketMessagingService : Sending message on topic /topic/courses/939/running-jobs: [BuildJobQueueItem[id=1, name=job1, buildAgent=BuildAgentDTO[name=artemis-build-agent-test, memberAddress=[127.0.0.1]:5703, displayName=], participationId=1, courseId=939, exerciseId=1, retryCount=1, priority=1, status=SUCCESSFUL, repositoryInfo=RepositoryInfo[repositoryName=test, repositoryType=null, triggeredByPushTo=user, assignmentRepositoryUri=, testRepositoryUri=, solutionRepositoryUri=, auxiliaryRepositoryUris=null, auxiliaryRepositoryCheckoutDirectories=null], jobTimingInfo=JobTimingInfo[submissionDate=2025-02-14T23:46:05.786138640Z[Etc/UTC], buildStartDate=2025-02-14T23:47:05.786141125Z[Etc/UTC], buildCompletionDate=2025-02-14T23:48:05.786141736Z[Etc/UTC], estimatedCompletionDate=null, estimatedDuration=20], buildConfig=BuildConfig[buildScript=, dockerImage=, commitHashToBuild=test, assignmentCommitHash=, testCommitHash=, branch=, programmingLanguage=null, projectType=null, scaEnabled=false, sequentialTestRunsEnabled=false, resultPaths=null, timeoutSeconds=0, assignmentCheckoutPath=, testCheckoutPath=, solutionCheckoutPath=, dockerRunConfig=null], submissionResult=null]]
    23:45:05.790 | 588 artemis-task-1   | DEBUG | d.t.c.a.a.c.c.w.GzipMessageConverter : Compressed message payload from 749 to 528 (saved 29.5% payload size)
    23:45:05.790 | 588 artemis-task-1   | DEBUG | d.t.c.a.a.c.c.w.GzipMessageConverter : Compressed message payload from 749 to 528 (saved 29.5% payload size)
    23:45:05.795 | 566 localvc.event-13 | DEBUG | a.p.s.l.LocalCIQueueWebsocketService : Build agent added: BuildAgentInformation[buildAgent=BuildAgentDTO[name=artemis-build-agent-test, memberAddress=[127.0.0.1]:5703, displayName=], maxNumberOfConcurrentBuildJobs=2, numberOfCurrentBuildJobs=1, runningBuildJobs=[BuildJobQueueItem[id=1, name=job1, buildAgent=BuildAgentDTO[name=artemis-build-agent-test, memberAddress=[127.0.0.1]:5703, displayName=], participationId=1, courseId=939, exerciseId=1, retryCount=1, priority=1, status=SUCCESSFUL, repositoryInfo=RepositoryInfo[repositoryName=test, repositoryType=null, triggeredByPushTo=user, assignmentRepositoryUri=test, testRepositoryUri=test, solutionRepositoryUri=test, auxiliaryRepositoryUris=null, auxiliaryRepositoryCheckoutDirectories=null], jobTimingInfo=JobTimingInfo[submissionDate=2025-02-14T23:46:05.786138640Z[Etc/UTC], buildStartDate=2025-02-14T23:47:05.786141125Z[Etc/UTC], buildCompletionDate=2025-02-14T23:48:05.786141736Z[Etc/UTC], estimatedCompletionDate=null, estimatedDuration=20], buildConfig=BuildConfig[buildScript=echo 'test', dockerImage=test, commitHashToBuild=test, assignmentCommitHash=test, testCommitHash=test, branch=test, programmingLanguage=null, projectType=null, scaEnabled=false, sequentialTestRunsEnabled=false, resultPaths=null, timeoutSeconds=0, assignmentCheckoutPath=null, testCheckoutPath=null, solutionCheckoutPath=null, dockerRunConfig=null], submissionResult=null]], status=IDLE, recentBuildJobs=[BuildJobQueueItem[id=2, name=job2, buildAgent=BuildAgentDTO[name=artemis-build-agent-test, memberAddress=[127.0.0.1]:5703, displayName=], participationId=2, courseId=939, exerciseId=1, retryCount=1, priority=2, status=SUCCESSFUL, repositoryInfo=RepositoryInfo[repositoryName=test, repositoryType=null, triggeredByPushTo=user, assignmentRepositoryUri=test, testRepositoryUri=test, solutionRepositoryUri=test, auxiliaryRepositoryUris=null, auxiliaryRepositoryCheckoutDirectories=null], jobTimingInfo=JobTimingInfo[submissionDate=2025-02-14T23:45:05.786142848Z[Etc/UTC], buildStartDate=2025-02-14T23:46:05.786142978Z[Etc/UTC], buildCompletionDate=2025-02-14T23:47:05.786143168Z[Etc/UTC], estimatedCompletionDate=null, estimatedDuration=20], buildConfig=BuildConfig[buildScript=echo 'test', dockerImage=test, commitHashToBuild=test, assignmentCommitHash=test, testCommitHash=test, branch=test, programmingLanguage=null, projectType=null, scaEnabled=false, sequentialTestRunsEnabled=false, resultPaths=null, timeoutSeconds=0, assignmentCheckoutPath=null, testCheckoutPath=null, solutionCheckoutPath=null, dockerRunConfig=null], submissionResult=null]], publicSshKey=null]
    23:45:05.795 | 473 ool-1-worker-237 | INFO  | i.z.t.d.l.EmbeddedDatabaseReporter   : JDBC URL to connect to 'dataSource': url='jdbc:h2:tcp://localhost:41063/mem:f240edcd-27ce-47a3-b4ab-a6a00c154135;USER=sa', scope='LocalCIResourceIntegrationTest#testGetBuildLogsForResult'
    23:45:05.795 | 566 localvc.event-13 | DEBUG | s.l.LocalCIWebsocketMessagingService : Sending message on topic /topic/admin/build-agents: [BuildAgentInformation[buildAgent=BuildAgentDTO[name=artemis-build-agent-test, memberAddress=[127.0.0.1]:5703, displayName=], maxNumberOfConcurrentBuildJobs=2, numberOfCurrentBuildJobs=1, runningBuildJobs=[BuildJobQueueItem[id=1, name=job1, buildAgent=BuildAgentDTO[name=artemis-build-agent-test, memberAddress=[127.0.0.1]:5703, displayName=], participationId=1, courseId=939, exerciseId=1, retryCount=1, priority=1, status=SUCCESSFUL, repositoryInfo=RepositoryInfo[repositoryName=test, repositoryType=null, triggeredByPushTo=user, assignmentRepositoryUri=, testRepositoryUri=, solutionRepositoryUri=, auxiliaryRepositoryUris=null, auxiliaryRepositoryCheckoutDirectories=null], jobTimingInfo=JobTimingInfo[submissionDate=2025-02-14T23:46:05.786138640Z[Etc/UTC], buildStartDate=2025-02-14T23:47:05.786141125Z[Etc/UTC], buildCompletionDate=2025-02-14T23:48:05.786141736Z[Etc/UTC], estimatedCompletionDate=null, estimatedDuration=20], buildConfig=BuildConfig[buildScript=, dockerImage=, commitHashToBuild=test, assignmentCommitHash=, testCommitHash=, branch=, programmingLanguage=null, projectType=null, scaEnabled=false, sequentialTestRunsEnabled=false, resultPaths=null, timeoutSeconds=0, assignmentCheckoutPath=, testCheckoutPath=, solutionCheckoutPath=, dockerRunConfig=null], submissionResult=null]], status=IDLE, recentBuildJobs=null, publicSshKey=null]]
    23:45:05.796 | 566 localvc.event-13 | DEBUG | s.l.LocalCIWebsocketMessagingService : Sending message on topic /topic/admin/build-agent/artemis-build-agent-test: BuildAgentInformation[buildAgent=BuildAgentDTO[name=artemis-build-agent-test, memberAddress=[127.0.0.1]:5703, displayName=], maxNumberOfConcurrentBuildJobs=2, numberOfCurrentBuildJobs=1, runningBuildJobs=[BuildJobQueueItem[id=1, name=job1, buildAgent=BuildAgentDTO[name=artemis-build-agent-test, memberAddress=[127.0.0.1]:5703, displayName=], participationId=1, courseId=939, exerciseId=1, retryCount=1, priority=1, status=SUCCESSFUL, repositoryInfo=RepositoryInfo[repositoryName=test, repositoryType=null, triggeredByPushTo=user, assignmentRepositoryUri=test, testRepositoryUri=test, solutionRepositoryUri=test, auxiliaryRepositoryUris=null, auxiliaryRepositoryCheckoutDirectories=null], jobTimingInfo=JobTimingInfo[submissionDate=2025-02-14T23:46:05.786138640Z[Etc/UTC], buildStartDate=2025-02-14T23:47:05.786141125Z[Etc/UTC], buildCompletionDate=2025-02-14T23:48:05.786141736Z[Etc/UTC], estimatedCompletionDate=null, estimatedDuration=20], buildConfig=BuildConfig[buildScript=echo 'test', dockerImage=test, commitHashToBuild=test, assignmentCommitHash=test, testCommitHash=test, branch=test, programmingLanguage=null, projectType=null, scaEnabled=false, sequentialTestRunsEnabled=false, resultPaths=null, timeoutSeconds=0, assignmentCheckoutPath=null, testCheckoutPath=null, solutionCheckoutPath=null, dockerRunConfig=null], submissionResult=null]], status=IDLE, recentBuildJobs=[BuildJobQueueItem[id=2, name=job2, buildAgent=BuildAgentDTO[name=artemis-build-agent-test, memberAddress=[127.0.0.1]:5703, displayName=], participationId=2, courseId=939, exerciseId=1, retryCount=1, priority=2, status=SUCCESSFUL, repositoryInfo=RepositoryInfo[repositoryName=test, repositoryType=null, triggeredByPushTo=user, assignmentRepositoryUri=test, testRepositoryUri=test, solutionRepositoryUri=test, auxiliaryRepositoryUris=null, auxiliaryRepositoryCheckoutDirectories=null], jobTimingInfo=JobTimingInfo[submissionDate=2025-02-14T23:45:05.786142848Z[Etc/UTC], buildStartDate=2025-02-14T23:46:05.786142978Z[Etc/UTC], buildCompletionDate=2025-02-14T23:47:05.786143168Z[Etc/UTC], estimatedCompletionDate=null, estimatedDuration=20], buildConfig=BuildConfig[buildScript=echo 'test', dockerImage=test, commitHashToBuild=test, assignmentCommitHash=test, testCommitHash=test, branch=test, programmingLanguage=null, projectType=null, scaEnabled=false, sequentialTestRunsEnabled=false, resultPaths=null, timeoutSeconds=0, assignmentCheckoutPath=null, testCheckoutPath=null, solutionCheckoutPath=null, dockerRunConfig=null], submissionResult=null]], publicSshKey=null]
    23:45:05.796 | 566 localvc.event-13 | DEBUG | a.p.s.l.SharedQueueManagementService : Build agent added: null
    23:45:05.796 | 473 ool-1-worker-237 | DEBUG | d.t.c.a.a.p.s.BuildLogEntryService   : Saved build logs for build job 6 to file /tmp/build-logs/short3b5154000be6d045b208f7b0eaa70dde7887/TSTEXC/6.log
    23:45:05.796 | 565 localvc.event-12 | DEBUG | a.p.s.l.LocalCIQueueWebsocketService : CIBuildJobQueueItem added to processing jobs: BuildJobQueueItem[id=2, name=job2, buildAgent=BuildAgentDTO[name=artemis-build-agent-test, memberAddress=[127.0.0.1]:5703, displayName=], participationId=2, courseId=939, exerciseId=1, retryCount=1, priority=2, status=SUCCESSFUL, repositoryInfo=RepositoryInfo[repositoryName=test, repositoryType=null, triggeredByPushTo=user, assignmentRepositoryUri=test, testRepositoryUri=test, solutionRepositoryUri=test, auxiliaryRepositoryUris=null, auxiliaryRepositoryCheckoutDirectories=null], jobTimingInfo=JobTimingInfo[submissionDate=2025-02-14T23:45:05.786142848Z[Etc/UTC], buildStartDate=2025-02-14T23:46:05.786142978Z[Etc/UTC], buildCompletionDate=2025-02-14T23:47:05.786143168Z[Etc/UTC], estimatedCompletionDate=null, estimatedDuration=20], buildConfig=BuildConfig[buildScript=echo 'test', dockerImage=test, commitHashToBuild=test, assignmentCommitHash=test, testCommitHash=test, branch=test, programmingLanguage=null, projectType=null, scaEnabled=false, sequentialTestRunsEnabled=false, resultPaths=null, timeoutSeconds=0, assignmentCheckoutPath=null, testCheckoutPath=null, solutionCheckoutPath=null, dockerRunConfig=null], submissionResult=null]
    23:45:05.796 | 565 localvc.event-12 | DEBUG | s.l.LocalCIWebsocketMessagingService : Sending message on topic /topic/admin/running-jobs: [BuildJobQueueItem[id=1, name=job1, buildAgent=BuildAgentDTO[name=artemis-build-agent-test, memberAddress=[127.0.0.1]:5703, displayName=], participationId=1, courseId=939, exerciseId=1, retryCount=1, priority=1, status=SUCCESSFUL, repositoryInfo=RepositoryInfo[repositoryName=test, repositoryType=null, triggeredByPushTo=user, assignmentRepositoryUri=, testRepositoryUri=, solutionRepositoryUri=, auxiliaryRepositoryUris=null, auxiliaryRepositoryCheckoutDirectories=null], jobTimingInfo=JobTimingInfo[submissionDate=2025-02-14T23:46:05.786138640Z[Etc/UTC], buildStartDate=2025-02-14T23:47:05.786141125Z[Etc/UTC], buildCompletionDate=2025-02-14T23:48:05.786141736Z[Etc/UTC], estimatedCompletionDate=null, estimatedDuration=20], buildConfig=BuildConfig[buildScript=, dockerImage=, commitHashToBuild=test, assignmentCommitHash=, testCommitHash=, branch=, programmingLanguage=null, projectType=null, scaEnabled=false, sequentialTestRunsEnabled=false, resultPaths=null, timeoutSeconds=0, assignmentCheckoutPath=, testCheckoutPath=, solutionCheckoutPath=, dockerRunConfig=null], submissionResult=null], BuildJobQueueItem[id=2, name=job2, buildAgent=BuildAgentDTO[name=artemis-build-agent-test, memberAddress=[127.0.0.1]:5703, displayName=], participationId=2, courseId=939, exerciseId=1, retryCount=1, priority=2, status=SUCCESSFUL, repositoryInfo=RepositoryInfo[repositoryName=test, repositoryType=null, triggeredByPushTo=user, assignmentRepositoryUri=, testRepositoryUri=, solutionRepositoryUri=, auxiliaryRepositoryUris=null, auxiliaryRepositoryCheckoutDirectories=null], jobTimingInfo=JobTimingInfo[submissionDate=2025-02-14T23:45:05.786142848Z[Etc/UTC], buildStartDate=2025-02-14T23:46:05.786142978Z[Etc/UTC], buildCompletionDate=2025-02-14T23:47:05.786143168Z[Etc/UTC], estimatedCompletionDate=null, estimatedDuration=20], buildConfig=BuildConfig[buildScript=, dockerImage=, commitHashToBuild=test, assignmentCommitHash=, testCommitHash=, branch=, programmingLanguage=null, projectType=null, scaEnabled=false, sequentialTestRunsEnabled=false, resultPaths=null, timeoutSeconds=0, assignmentCheckoutPath=, testCheckoutPath=, solutionCheckoutPath=, dockerRunConfig=null], submissionResult=null]]
    23:45:05.797 | 565 localvc.event-12 | DEBUG | s.l.LocalCIWebsocketMessagingService : Sending message on topic /topic/courses/939/running-jobs: [BuildJobQueueItem[id=1, name=job1, buildAgent=BuildAgentDTO[name=artemis-build-agent-test, memberAddress=[127.0.0.1]:5703, displayName=], participationId=1, courseId=939, exerciseId=1, retryCount=1, priority=1, status=SUCCESSFUL, repositoryInfo=RepositoryInfo[repositoryName=test, repositoryType=null, triggeredByPushTo=user, assignmentRepositoryUri=, testRepositoryUri=, solutionRepositoryUri=, auxiliaryRepositoryUris=null, auxiliaryRepositoryCheckoutDirectories=null], jobTimingInfo=JobTimingInfo[submissionDate=2025-02-14T23:46:05.786138640Z[Etc/UTC], buildStartDate=2025-02-14T23:47:05.786141125Z[Etc/UTC], buildCompletionDate=2025-02-14T23:48:05.786141736Z[Etc/UTC], estimatedCompletionDate=null, estimatedDuration=20], buildConfig=BuildConfig[buildScript=, dockerImage=, commitHashToBuild=test, assignmentCommitHash=, testCommitHash=, branch=, programmingLanguage=null, projectType=null, scaEnabled=false, sequentialTestRunsEnabled=false, resultPaths=null, timeoutSeconds=0, assignmentCheckoutPath=, testCheckoutPath=, solutionCheckoutPath=, dockerRunConfig=null], submissionResult=null], BuildJobQueueItem[id=2, name=job2, buildAgent=BuildAgentDTO[name=artemis-build-agent-test, memberAddress=[127.0.0.1]:5703, displayName=], participationId=2, courseId=939, exerciseId=1, retryCount=1, priority=2, status=SUCCESSFUL, repositoryInfo=RepositoryInfo[repositoryName=test, repositoryType=null, triggeredByPushTo=user, assignmentRepositoryUri=, testRepositoryUri=, solutionRepositoryUri=, auxiliaryRepositoryUris=null, auxiliaryRepositoryCheckoutDirectories=null], jobTimingInfo=JobTimingInfo[submissionDate=2025-02-14T23:45:05.786142848Z[Etc/UTC], buildStartDate=2025-02-14T23:46:05.786142978Z[Etc/UTC], buildCompletionDate=2025-02-14T23:47:05.786143168Z[Etc/UTC], estimatedCompletionDate=null, estimatedDuration=20], buildConfig=BuildConfig[buildScript=, dockerImage=, commitHashToBuild=test, assignmentCommitHash=, testCommitHash=, branch=, programmingLanguage=null, projectType=null, scaEnabled=false, sequentialTestRunsEnabled=false, resultPaths=null, timeoutSeconds=0, assignmentCheckoutPath=, testCheckoutPath=, solutionCheckoutPath=, dockerRunConfig=null], submissionResult=null]]
    23:45:05.797 | 473 ool-1-worker-237 | DEBUG | d.t.c.a.a.c.s.f.ApiVersionFilter     : Adding Version to Request GET /api/build-log/6
    23:45:05.800 | 588 artemis-task-1   | DEBUG | d.t.c.a.a.c.c.w.GzipMessageConverter : Compressed message payload from 1039 to 620 (saved 40.3% payload size)
    23:45:05.800 | 588 artemis-task-1   | DEBUG | d.t.c.a.a.c.c.w.GzipMessageConverter : Compressed message payload from 2431 to 796 (saved 67.3% payload size)
    23:45:05.800 | 588 artemis-task-1   | DEBUG | d.t.c.a.a.c.c.w.GzipMessageConverter : Compressed message payload from 1497 to 592 (saved 60.5% payload size)
    23:45:05.800 | 588 artemis-task-1   | DEBUG | d.t.c.a.a.c.c.w.GzipMessageConverter : Compressed message payload from 1497 to 592 (saved 60.5% payload size)
    23:45:05.801 | 473 ool-1-worker-237 | DEBUG | d.t.c.a.a.p.w.l.BuildLogResource     : REST request to get the build log for build job 6
    23:45:05.802 | 473 ool-1-worker-237 | DEBUG | d.t.c.a.a.p.s.BuildLogEntryService   : Retrieved build logs for build job 6 from file /tmp/build-logs/short3b5154000be6d045b208f7b0eaa70dde7887/TSTEXC/6.log
    23:45:05.806 | 615 taskScheduler-4  | DEBUG | a.a.b.s.SharedQueueProcessingService : Currently processing jobs on this node: 0, active threads in Pool: 0, maximum pool size of thread executor : 1

  Starting logs for LocalCIResourceIntegrationTest > testPauseBuildAgent()
    23:45:05.841 | 473 ool-1-worker-237 | DEBUG | d.t.c.a.a.c.u.util.UserUtilService   : Generate 2 students...
    23:45:05.845 | 473 ool-1-worker-237 | DEBUG | d.t.c.a.a.c.u.util.UserUtilService   : 2 students generated. Generate 1 tutors...
    23:45:05.848 | 473 ool-1-worker-237 | DEBUG | d.t.c.a.a.c.u.util.UserUtilService   : 1 tutors generated. Generate 0 editors...
    23:45:05.849 | 473 ool-1-worker-237 | DEBUG | d.t.c.a.a.c.u.util.UserUtilService   : 0 editors generated. Generate 2 instructors...
    23:45:05.853 | 473 ool-1-worker-237 | DEBUG | d.t.c.a.a.c.u.util.UserUtilService   : 2 instructors generated
    23:45:05.855 | 473 ool-1-worker-237 | DEBUG | d.t.c.a.a.c.u.util.UserUtilService   : Removing 4 users from all courses...
    23:45:05.855 | 473 ool-1-worker-237 | DEBUG | d.t.c.a.a.c.u.util.UserUtilService   : Removing 4 users from all courses. Done
    23:45:05.855 | 473 ool-1-worker-237 | DEBUG | d.t.c.a.a.c.u.util.UserUtilService   : Save 5 users to database...
    23:45:05.859 | 473 ool-1-worker-237 | DEBUG | d.t.c.a.a.c.u.util.UserUtilService   : Save 5 users to database. Done
    23:45:05.976 | 565 localvc.event-12 | DEBUG | a.p.s.l.LocalCIQueueWebsocketService : CIBuildJobQueueItem added to processing jobs: BuildJobQueueItem[id=1, name=job1, buildAgent=BuildAgentDTO[name=artemis-build-agent-test, memberAddress=[127.0.0.1]:5703, displayName=], participationId=1, courseId=940, exerciseId=1, retryCount=1, priority=1, status=SUCCESSFUL, repositoryInfo=RepositoryInfo[repositoryName=test, repositoryType=null, triggeredByPushTo=user, assignmentRepositoryUri=test, testRepositoryUri=test, solutionRepositoryUri=test, auxiliaryRepositoryUris=null, auxiliaryRepositoryCheckoutDirectories=null], jobTimingInfo=JobTimingInfo[submissionDate=2025-02-14T23:46:05.972996951Z[Etc/UTC], buildStartDate=2025-02-14T23:47:05.972999656Z[Etc/UTC], buildCompletionDate=2025-02-14T23:48:05.973000067Z[Etc/UTC], estimatedCompletionDate=null, estimatedDuration=20], buildConfig=BuildConfig[buildScript=echo 'test', dockerImage=test, commitHashToBuild=test, assignmentCommitHash=test, testCommitHash=test, branch=test, programmingLanguage=null, projectType=null, scaEnabled=false, sequentialTestRunsEnabled=false, resultPaths=null, timeoutSeconds=0, assignmentCheckoutPath=null, testCheckoutPath=null, solutionCheckoutPath=null, dockerRunConfig=null], submissionResult=null]
    23:45:05.976 | 565 localvc.event-12 | DEBUG | s.l.LocalCIWebsocketMessagingService : Sending message on topic /topic/admin/running-jobs: [BuildJobQueueItem[id=1, name=job1, buildAgent=BuildAgentDTO[name=artemis-build-agent-test, memberAddress=[127.0.0.1]:5703, displayName=], participationId=1, courseId=940, exerciseId=1, retryCount=1, priority=1, status=SUCCESSFUL, repositoryInfo=RepositoryInfo[repositoryName=test, repositoryType=null, triggeredByPushTo=user, assignmentRepositoryUri=, testRepositoryUri=, solutionRepositoryUri=, auxiliaryRepositoryUris=null, auxiliaryRepositoryCheckoutDirectories=null], jobTimingInfo=JobTimingInfo[submissionDate=2025-02-14T23:46:05.972996951Z[Etc/UTC], buildStartDate=2025-02-14T23:47:05.972999656Z[Etc/UTC], buildCompletionDate=2025-02-14T23:48:05.973000067Z[Etc/UTC], estimatedCompletionDate=null, estimatedDuration=20], buildConfig=BuildConfig[buildScript=, dockerImage=, commitHashToBuild=test, assignmentCommitHash=, testCommitHash=, branch=, programmingLanguage=null, projectType=null, scaEnabled=false, sequentialTestRunsEnabled=false, resultPaths=null, timeoutSeconds=0, assignmentCheckoutPath=, testCheckoutPath=, solutionCheckoutPath=, dockerRunConfig=null], submissionResult=null]]
    23:45:05.977 | 565 localvc.event-12 | DEBUG | s.l.LocalCIWebsocketMessagingService : Sending message on topic /topic/courses/940/running-jobs: [BuildJobQueueItem[id=1, name=job1, buildAgent=BuildAgentDTO[name=artemis-build-agent-test, memberAddress=[127.0.0.1]:5703, displayName=], participationId=1, courseId=940, exerciseId=1, retryCount=1, priority=1, status=SUCCESSFUL, repositoryInfo=RepositoryInfo[repositoryName=test, repositoryType=null, triggeredByPushTo=user, assignmentRepositoryUri=, testRepositoryUri=, solutionRepositoryUri=, auxiliaryRepositoryUris=null, auxiliaryRepositoryCheckoutDirectories=null], jobTimingInfo=JobTimingInfo[submissionDate=2025-02-14T23:46:05.972996951Z[Etc/UTC], buildStartDate=2025-02-14T23:47:05.972999656Z[Etc/UTC], buildCompletionDate=2025-02-14T23:48:05.973000067Z[Etc/UTC], estimatedCompletionDate=null, estimatedDuration=20], buildConfig=BuildConfig[buildScript=, dockerImage=, commitHashToBuild=test, assignmentCommitHash=, testCommitHash=, branch=, programmingLanguage=null, projectType=null, scaEnabled=false, sequentialTestRunsEnabled=false, resultPaths=null, timeoutSeconds=0, assignmentCheckoutPath=, testCheckoutPath=, solutionCheckoutPath=, dockerRunConfig=null], submissionResult=null]]
    23:45:05.977 | 588 artemis-task-1   | DEBUG | d.t.c.a.a.c.c.w.GzipMessageConverter : Compressed message payload from 750 to 528 (saved 29.6% payload size)
    23:45:05.977 | 588 artemis-task-1   | DEBUG | d.t.c.a.a.c.c.w.GzipMessageConverter : Compressed message payload from 750 to 528 (saved 29.6% payload size)
    23:45:05.980 | 566 localvc.event-13 | DEBUG | a.p.s.l.LocalCIQueueWebsocketService : Build agent added: BuildAgentInformation[buildAgent=BuildAgentDTO[name=artemis-build-agent-test, memberAddress=[127.0.0.1]:5703, displayName=], maxNumberOfConcurrentBuildJobs=2, numberOfCurrentBuildJobs=1, runningBuildJobs=[BuildJobQueueItem[id=1, name=job1, buildAgent=BuildAgentDTO[name=artemis-build-agent-test, memberAddress=[127.0.0.1]:5703, displayName=], participationId=1, courseId=940, exerciseId=1, retryCount=1, priority=1, status=SUCCESSFUL, repositoryInfo=RepositoryInfo[repositoryName=test, repositoryType=null, triggeredByPushTo=user, assignmentRepositoryUri=test, testRepositoryUri=test, solutionRepositoryUri=test, auxiliaryRepositoryUris=null, auxiliaryRepositoryCheckoutDirectories=null], jobTimingInfo=JobTimingInfo[submissionDate=2025-02-14T23:46:05.972996951Z[Etc/UTC], buildStartDate=2025-02-14T23:47:05.972999656Z[Etc/UTC], buildCompletionDate=2025-02-14T23:48:05.973000067Z[Etc/UTC], estimatedCompletionDate=null, estimatedDuration=20], buildConfig=BuildConfig[buildScript=echo 'test', dockerImage=test, commitHashToBuild=test, assignmentCommitHash=test, testCommitHash=test, branch=test, programmingLanguage=null, projectType=null, scaEnabled=false, sequentialTestRunsEnabled=false, resultPaths=null, timeoutSeconds=0, assignmentCheckoutPath=null, testCheckoutPath=null, solutionCheckoutPath=null, dockerRunConfig=null], submissionResult=null]], status=IDLE, recentBuildJobs=[BuildJobQueueItem[id=2, name=job2, buildAgent=BuildAgentDTO[name=artemis-build-agent-test, memberAddress=[127.0.0.1]:5703, displayName=], participationId=2, courseId=940, exerciseId=1, retryCount=1, priority=2, status=SUCCESSFUL, repositoryInfo=RepositoryInfo[repositoryName=test, repositoryType=null, triggeredByPushTo=user, assignmentRepositoryUri=test, testRepositoryUri=test, solutionRepositoryUri=test, auxiliaryRepositoryUris=null, auxiliaryRepositoryCheckoutDirectories=null], jobTimingInfo=JobTimingInfo[submissionDate=2025-02-14T23:45:05.973001430Z[Etc/UTC], buildStartDate=2025-02-14T23:46:05.973001570Z[Etc/UTC], buildCompletionDate=2025-02-14T23:47:05.973001830Z[Etc/UTC], estimatedCompletionDate=null, estimatedDuration=20], buildConfig=BuildConfig[buildScript=echo 'test', dockerImage=test, commitHashToBuild=test, assignmentCommitHash=test, testCommitHash=test, branch=test, programmingLanguage=null, projectType=null, scaEnabled=false, sequentialTestRunsEnabled=false, resultPaths=null, timeoutSeconds=0, assignmentCheckoutPath=null, testCheckoutPath=null, solutionCheckoutPath=null, dockerRunConfig=null], submissionResult=null]], publicSshKey=null]
    23:45:05.980 | 473 ool-1-worker-237 | INFO  | i.z.t.d.l.EmbeddedDatabaseReporter   : JDBC URL to connect to 'dataSource': url='jdbc:h2:tcp://localhost:41063/mem:f240edcd-27ce-47a3-b4ab-a6a00c154135;USER=sa', scope='LocalCIResourceIntegrationTest#testPauseBuildAgent'
    23:45:05.981 | 566 localvc.event-13 | DEBUG | s.l.LocalCIWebsocketMessagingService : Sending message on topic /topic/admin/build-agents: [BuildAgentInformation[buildAgent=BuildAgentDTO[name=artemis-build-agent-test, memberAddress=[127.0.0.1]:5703, displayName=], maxNumberOfConcurrentBuildJobs=2, numberOfCurrentBuildJobs=1, runningBuildJobs=[BuildJobQueueItem[id=1, name=job1, buildAgent=BuildAgentDTO[name=artemis-build-agent-test, memberAddress=[127.0.0.1]:5703, displayName=], participationId=1, courseId=940, exerciseId=1, retryCount=1, priority=1, status=SUCCESSFUL, repositoryInfo=RepositoryInfo[repositoryName=test, repositoryType=null, triggeredByPushTo=user, assignmentRepositoryUri=, testRepositoryUri=, solutionRepositoryUri=, auxiliaryRepositoryUris=null, auxiliaryRepositoryCheckoutDirectories=null], jobTimingInfo=JobTimingInfo[submissionDate=2025-02-14T23:46:05.972996951Z[Etc/UTC], buildStartDate=2025-02-14T23:47:05.972999656Z[Etc/UTC], buildCompletionDate=2025-02-14T23:48:05.973000067Z[Etc/UTC], estimatedCompletionDate=null, estimatedDuration=20], buildConfig=BuildConfig[buildScript=, dockerImage=, commitHashToBuild=test, assignmentCommitHash=, testCommitHash=, branch=, programmingLanguage=null, projectType=null, scaEnabled=false, sequentialTestRunsEnabled=false, resultPaths=null, timeoutSeconds=0, assignmentCheckoutPath=, testCheckoutPath=, solutionCheckoutPath=, dockerRunConfig=null], submissionResult=null]], status=IDLE, recentBuildJobs=null, publicSshKey=null]]
    23:45:05.983 | 588 artemis-task-1   | DEBUG | d.t.c.a.a.c.c.w.GzipMessageConverter : Compressed message payload from 1040 to 620 (saved 40.4% payload size)
    23:45:05.983 | 566 localvc.event-13 | DEBUG | s.l.LocalCIWebsocketMessagingService : Sending message on topic /topic/admin/build-agent/artemis-build-agent-test: BuildAgentInformation[buildAgent=BuildAgentDTO[name=artemis-build-agent-test, memberAddress=[127.0.0.1]:5703, displayName=], maxNumberOfConcurrentBuildJobs=2, numberOfCurrentBuildJobs=1, runningBuildJobs=[BuildJobQueueItem[id=1, name=job1, buildAgent=BuildAgentDTO[name=artemis-build-agent-test, memberAddress=[127.0.0.1]:5703, displayName=], participationId=1, courseId=940, exerciseId=1, retryCount=1, priority=1, status=SUCCESSFUL, repositoryInfo=RepositoryInfo[repositoryName=test, repositoryType=null, triggeredByPushTo=user, assignmentRepositoryUri=test, testRepositoryUri=test, solutionRepositoryUri=test, auxiliaryRepositoryUris=null, auxiliaryRepositoryCheckoutDirectories=null], jobTimingInfo=JobTimingInfo[submissionDate=2025-02-14T23:46:05.972996951Z[Etc/UTC], buildStartDate=2025-02-14T23:47:05.972999656Z[Etc/UTC], buildCompletionDate=2025-02-14T23:48:05.973000067Z[Etc/UTC], estimatedCompletionDate=null, estimatedDuration=20], buildConfig=BuildConfig[buildScript=echo 'test', dockerImage=test, commitHashToBuild=test, assignmentCommitHash=test, testCommitHash=test, branch=test, programmingLanguage=null, projectType=null, scaEnabled=false, sequentialTestRunsEnabled=false, resultPaths=null, timeoutSeconds=0, assignmentCheckoutPath=null, testCheckoutPath=null, solutionCheckoutPath=null, dockerRunConfig=null], submissionResult=null]], status=IDLE, recentBuildJobs=[BuildJobQueueItem[id=2, name=job2, buildAgent=BuildAgentDTO[name=artemis-build-agent-test, memberAddress=[127.0.0.1]:5703, displayName=], participationId=2, courseId=940, exerciseId=1, retryCount=1, priority=2, status=SUCCESSFUL, repositoryInfo=RepositoryInfo[repositoryName=test, repositoryType=null, triggeredByPushTo=user, assignmentRepositoryUri=test, testRepositoryUri=test, solutionRepositoryUri=test, auxiliaryRepositoryUris=null, auxiliaryRepositoryCheckoutDirectories=null], jobTimingInfo=JobTimingInfo[submissionDate=2025-02-14T23:45:05.973001430Z[Etc/UTC], buildStartDate=2025-02-14T23:46:05.973001570Z[Etc/UTC], buildCompletionDate=2025-02-14T23:47:05.973001830Z[Etc/UTC], estimatedCompletionDate=null, estimatedDuration=20], buildConfig=BuildConfig[buildScript=echo 'test', dockerImage=test, commitHashToBuild=test, assignmentCommitHash=test, testCommitHash=test, branch=test, programmingLanguage=null, projectType=null, scaEnabled=false, sequentialTestRunsEnabled=false, resultPaths=null, timeoutSeconds=0, assignmentCheckoutPath=null, testCheckoutPath=null, solutionCheckoutPath=null, dockerRunConfig=null], submissionResult=null]], publicSshKey=null]
    23:45:05.983 | 566 localvc.event-13 | DEBUG | a.p.s.l.SharedQueueManagementService : Build agent added: null
    23:45:05.985 | 473 ool-1-worker-237 | DEBUG | d.t.c.a.a.c.s.f.ApiVersionFilter     : Adding Version to Request PUT /api/admin/agents/artemis-build-agent-test/pause
    23:45:05.986 | 473 ool-1-worker-237 | DEBUG | a.a.c.w.a.AdminBuildJobQueueResource : REST request to pause agent artemis-build-agent-test
    23:45:05.986 | 564 localvc.event-11 | INFO  | a.a.b.s.SharedQueueProcessingService : Pausing build agent with address [127.0.0.1]:5703
    23:45:05.987 | 565 localvc.event-12 | DEBUG | a.p.s.l.LocalCIQueueWebsocketService : CIBuildJobQueueItem added to processing jobs: BuildJobQueueItem[id=2, name=job2, buildAgent=BuildAgentDTO[name=artemis-build-agent-test, memberAddress=[127.0.0.1]:5703, displayName=], participationId=2, courseId=940, exerciseId=1, retryCount=1, priority=2, status=SUCCESSFUL, repositoryInfo=RepositoryInfo[repositoryName=test, repositoryType=null, triggeredByPushTo=user, assignmentRepositoryUri=test, testRepositoryUri=test, solutionRepositoryUri=test, auxiliaryRepositoryUris=null, auxiliaryRepositoryCheckoutDirectories=null], jobTimingInfo=JobTimingInfo[submissionDate=2025-02-14T23:45:05.973001430Z[Etc/UTC], buildStartDate=2025-02-14T23:46:05.973001570Z[Etc/UTC], buildCompletionDate=2025-02-14T23:47:05.973001830Z[Etc/UTC], estimatedCompletionDate=null, estimatedDuration=20], buildConfig=BuildConfig[buildScript=echo 'test', dockerImage=test, commitHashToBuild=test, assignmentCommitHash=test, testCommitHash=test, branch=test, programmingLanguage=null, projectType=null, scaEnabled=false, sequentialTestRunsEnabled=false, resultPaths=null, timeoutSeconds=0, assignmentCheckoutPath=null, testCheckoutPath=null, solutionCheckoutPath=null, dockerRunConfig=null], submissionResult=null]
    23:45:05.987 | 565 localvc.event-12 | DEBUG | s.l.LocalCIWebsocketMessagingService : Sending message on topic /topic/admin/running-jobs: []
    23:45:05.987 | 565 localvc.event-12 | DEBUG | s.l.LocalCIWebsocketMessagingService : Sending message on topic /topic/courses/940/running-jobs: []
    23:45:05.988 | 588 artemis-task-1   | DEBUG | d.t.c.a.a.c.c.w.GzipMessageConverter : Compressed message payload from 2429 to 792 (saved 67.4% payload size)
    23:45:05.995 | 564 localvc.event-11 | INFO  | a.a.b.s.SharedQueueProcessingService : Gracefully cancelling running build jobs
    23:45:05.995 | 564 localvc.event-11 | INFO  | a.a.b.s.SharedQueueProcessingService : No running build jobs to cancel
    23:45:05.996 | 566 localvc.event-13 | DEBUG | a.p.s.l.LocalCIQueueWebsocketService : Build agent updated: BuildAgentInformation[buildAgent=BuildAgentDTO[name=artemis-build-agent-test, memberAddress=[127.0.0.1]:5703, displayName=artemis-build-agent-test], maxNumberOfConcurrentBuildJobs=1, numberOfCurrentBuildJobs=0, runningBuildJobs=[], status=PAUSED, recentBuildJobs=[BuildJobQueueItem[id=2, name=job2, buildAgent=BuildAgentDTO[name=artemis-build-agent-test, memberAddress=[127.0.0.1]:5703, displayName=], participationId=2, courseId=940, exerciseId=1, retryCount=1, priority=2, status=SUCCESSFUL, repositoryInfo=RepositoryInfo[repositoryName=test, repositoryType=null, triggeredByPushTo=user, assignmentRepositoryUri=test, testRepositoryUri=test, solutionRepositoryUri=test, auxiliaryRepositoryUris=null, auxiliaryRepositoryCheckoutDirectories=null], jobTimingInfo=JobTimingInfo[submissionDate=2025-02-14T23:45:05.973001430Z[Etc/UTC], buildStartDate=2025-02-14T23:46:05.973001570Z[Etc/UTC], buildCompletionDate=2025-02-14T23:47:05.973001830Z[Etc/UTC], estimatedCompletionDate=null, estimatedDuration=20], buildConfig=BuildConfig[buildScript=echo 'test', dockerImage=test, commitHashToBuild=test, assignmentCommitHash=test, testCommitHash=test, branch=test, programmingLanguage=null, projectType=null, scaEnabled=false, sequentialTestRunsEnabled=false, resultPaths=null, timeoutSeconds=0, assignmentCheckoutPath=null, testCheckoutPath=null, solutionCheckoutPath=null, dockerRunConfig=null], submissionResult=null]], publicSshKey=ssh-rsa AAAAB3NzaC1yc2EAAAADAQABAAACAQCOPdMsxRE2jFJ/UEa5/LsBxtwzJcrh3/rYBCQvcMeVpiRfhzQPWu7mrt/G2Ew+i+vRloGH9aqKg6dd1liRncao53Zmd/ePxoatXePNhmzTfkCkcSkTUz7B+QMjkoDDV5jwuFPD6mF3JkhuzSi64n9Zy905t4w2IhVcjM2mL3eYNjiCXt6Qpq3Pkt7dM/Ksw1nxnvuiIALuJLB3FTkXkHqq3PJav+9HSq2r6ZaWgekneaGxlQlb+U+Vy3XOuArKAzK8c8i+0bR+AHiTG6ncYXt7ax3U+TdlDTF7OLP3umwaYjs1NBXOHwG42pevvpKn2fqavZZozk+M05jXLx3bq0O7itxfErWc7etky8qYPyyIMF/txQIVLd78+Ze4d7Y60t5MGbXM5cGE6fFif5fEJwgswXD+BrG0cafz1CTatjSKFdvp8Vp4VszXhHDan1PrP6JEFJ5Cc5GDmLRZPCFa3vL9f5qXgf4bkqKN8MYeEujwJE5nMRWoiJVNakix2bcrrneQMBlnYeYZVWXXXUusAQBzl4NgddC1umZpihZkL1b1MffZAUW3EGEXi7KHnllQhkTLLsQ8ntMgbylqaJKStqaXlLvdeRJcEnUuiFCrHEVVbXRFZR7XVDZ02CE5o3MuaRPty8Kh+jRTF3COlAckHwYEJCNNJvXFgb2CNXL4mjzYDw== test@localhost]
    23:45:05.996 | 564 localvc.event-11 | INFO  | a.a.b.s.SharedQueueProcessingService : Build agent is already paused
    23:45:05.996 | 564 localvc.event-11 | INFO  | a.a.b.s.SharedQueueProcessingService : Build agent is already paused
    23:45:05.996 | 564 localvc.event-11 | INFO  | a.a.b.s.SharedQueueProcessingService : Build agent is already paused
    23:45:05.996 | 564 localvc.event-11 | INFO  | a.a.b.s.SharedQueueProcessingService : Build agent is already paused
    23:45:05.996 | 564 localvc.event-11 | INFO  | a.a.b.s.SharedQueueProcessingService : Build agent is already paused
    23:45:05.996 | 564 localvc.event-11 | INFO  | a.a.b.s.SharedQueueProcessingService : Build agent is already paused
    23:45:05.996 | 564 localvc.event-11 | INFO  | a.a.b.s.SharedQueueProcessingService : Build agent is already paused
    23:45:05.996 | 564 localvc.event-11 | INFO  | a.a.b.s.SharedQueueProcessingService : Build agent is already paused
    23:45:05.996 | 564 localvc.event-11 | INFO  | a.a.b.s.SharedQueueProcessingService : Build agent is already paused
    23:45:05.996 | 564 localvc.event-11 | INFO  | a.a.b.s.SharedQueueProcessingService : Build agent is already paused
    23:45:05.996 | 564 localvc.event-11 | INFO  | a.a.b.s.SharedQueueProcessingService : Build agent is already paused
    23:45:05.996 | 564 localvc.event-11 | INFO  | a.a.b.s.SharedQueueProcessingService : Build agent is already paused
    23:45:05.996 | 564 localvc.event-11 | INFO  | a.a.b.s.SharedQueueProcessingService : Build agent is already paused
    23:45:05.996 | 564 localvc.event-11 | INFO  | a.a.b.s.SharedQueueProcessingService : Build agent is already paused
    23:45:05.996 | 564 localvc.event-11 | INFO  | a.a.b.s.SharedQueueProcessingService : Build agent is already paused
    23:45:05.996 | 564 localvc.event-11 | INFO  | a.a.b.s.SharedQueueProcessingService : Build agent is already paused
    23:45:05.996 | 564 localvc.event-11 | INFO  | a.a.b.s.SharedQueueProcessingService : Build agent is already paused
    23:45:05.996 | 564 localvc.event-11 | INFO  | a.a.b.s.SharedQueueProcessingService : Build agent is already paused
    23:45:05.996 | 564 localvc.event-11 | INFO  | a.a.b.s.SharedQueueProcessingService : Build agent is already paused
    23:45:05.996 | 564 localvc.event-11 | INFO  | a.a.b.s.SharedQueueProcessingService : Build agent is already paused
    23:45:05.996 | 564 localvc.event-11 | INFO  | a.a.b.s.SharedQueueProcessingService : Build agent is already paused
    23:45:05.996 | 564 localvc.event-11 | INFO  | a.a.b.s.SharedQueueProcessingService : Build agent is already paused
    23:45:05.996 | 564 localvc.event-11 | INFO  | a.a.b.s.SharedQueueProcessingService : Build agent is already paused
    23:45:05.996 | 566 localvc.event-13 | DEBUG | s.l.LocalCIWebsocketMessagingService : Sending message on topic /topic/admin/build-agents: [BuildAgentInformation[buildAgent=BuildAgentDTO[name=artemis-build-agent-test, memberAddress=[127.0.0.1]:5703, displayName=artemis-build-agent-test], maxNumberOfConcurrentBuildJobs=1, numberOfCurrentBuildJobs=0, runningBuildJobs=[], status=PAUSED, recentBuildJobs=null, publicSshKey=null]]
    23:45:05.996 | 588 artemis-task-1   | DEBUG | d.t.c.a.a.c.c.w.GzipMessageConverter : Compressed message payload from 257 to 236 (saved 8.2% payload size)
    23:45:05.996 | 566 localvc.event-13 | DEBUG | s.l.LocalCIWebsocketMessagingService : Sending message on topic /topic/admin/build-agent/artemis-build-agent-test: BuildAgentInformation[buildAgent=BuildAgentDTO[name=artemis-build-agent-test, memberAddress=[127.0.0.1]:5703, displayName=artemis-build-agent-test], maxNumberOfConcurrentBuildJobs=1, numberOfCurrentBuildJobs=0, runningBuildJobs=[], status=PAUSED, recentBuildJobs=[BuildJobQueueItem[id=2, name=job2, buildAgent=BuildAgentDTO[name=artemis-build-agent-test, memberAddress=[127.0.0.1]:5703, displayName=], participationId=2, courseId=940, exerciseId=1, retryCount=1, priority=2, status=SUCCESSFUL, repositoryInfo=RepositoryInfo[repositoryName=test, repositoryType=null, triggeredByPushTo=user, assignmentRepositoryUri=test, testRepositoryUri=test, solutionRepositoryUri=test, auxiliaryRepositoryUris=null, auxiliaryRepositoryCheckoutDirectories=null], jobTimingInfo=JobTimingInfo[submissionDate=2025-02-14T23:45:05.973001430Z[Etc/UTC], buildStartDate=2025-02-14T23:46:05.973001570Z[Etc/UTC], buildCompletionDate=2025-02-14T23:47:05.973001830Z[Etc/UTC], estimatedCompletionDate=null, estimatedDuration=20], buildConfig=BuildConfig[buildScript=echo 'test', dockerImage=test, commitHashToBuild=test, assignmentCommitHash=test, testCommitHash=test, branch=test, programmingLanguage=null, projectType=null, scaEnabled=false, sequentialTestRunsEnabled=false, resultPaths=null, timeoutSeconds=0, assignmentCheckoutPath=null, testCheckoutPath=null, solutionCheckoutPath=null, dockerRunConfig=null], submissionResult=null]], publicSshKey=ssh-rsa AAAAB3NzaC1yc2EAAAADAQABAAACAQCOPdMsxRE2jFJ/UEa5/LsBxtwzJcrh3/rYBCQvcMeVpiRfhzQPWu7mrt/G2Ew+i+vRloGH9aqKg6dd1liRncao53Zmd/ePxoatXePNhmzTfkCkcSkTUz7B+QMjkoDDV5jwuFPD6mF3JkhuzSi64n9Zy905t4w2IhVcjM2mL3eYNjiCXt6Qpq3Pkt7dM/Ksw1nxnvuiIALuJLB3FTkXkHqq3PJav+9HSq2r6ZaWgekneaGxlQlb+U+Vy3XOuArKAzK8c8i+0bR+AHiTG6ncYXt7ax3U+TdlDTF7OLP3umwaYjs1NBXOHwG42pevvpKn2fqavZZozk+M05jXLx3bq0O7itxfErWc7etky8qYPyyIMF/txQIVLd78+Ze4d7Y60t5MGbXM5cGE6fFif5fEJwgswXD+BrG0cafz1CTatjSKFdvp8Vp4VszXhHDan1PrP6JEFJ5Cc5GDmLRZPCFa3vL9f5qXgf4bkqKN8MYeEujwJE5nMRWoiJVNakix2bcrrneQMBlnYeYZVWXXXUusAQBzl4NgddC1umZpihZkL1b1MffZAUW3EGEXi7KHnllQhkTLLsQ8ntMgbylqaJKStqaXlLvdeRJcEnUuiFCrHEVVbXRFZR7XVDZ02CE5o3MuaRPty8Kh+jRTF3COlAckHwYEJCNNJvXFgb2CNXL4mjzYDw== test@localhost]
    23:45:05.996 | 566 localvc.event-13 | DEBUG | a.p.s.l.SharedQueueManagementService : Build agent updated: null
    23:45:05.997 | 588 artemis-task-1   | DEBUG | d.t.c.a.a.c.c.w.GzipMessageConverter : Compressed message payload from 2126 to 1540 (saved 27.6% payload size)
    23:45:06.098 | 473 ool-1-worker-237 | DEBUG | d.t.c.a.a.c.s.f.ApiVersionFilter     : Adding Version to Request PUT /api/admin/agents/artemis-build-agent-test/resume
    23:45:06.099 | 473 ool-1-worker-237 | DEBUG | a.a.c.w.a.AdminBuildJobQueueResource : REST request to resume agent artemis-build-agent-test
    23:45:06.102 | 565 localvc.event-12 | INFO  | a.a.b.s.SharedQueueProcessingService : Resuming build agent with address [127.0.0.1]:5703
    23:45:06.102 | 565 localvc.event-12 | DEBUG | d.t.c.a.a.b.BuildAgentConfiguration  : Using ExecutorService with thread pool size 1.
    23:45:06.102 | 565 localvc.event-12 | DEBUG | d.t.c.a.a.b.BuildAgentConfiguration  : Create bean dockerClient
    23:45:06.107 | 565 localvc.event-12 | DEBUG | d.t.c.a.a.b.BuildAgentConfiguration  : Docker client created with connection URI: unix:///var/run/docker.sock
    23:45:06.107 | 565 localvc.event-12 | INFO  | .t.c.a.a.b.s.BuildAgentDockerService : Start cleanup dangling build containers
    23:45:06.107 | 565 localvc.event-12 | INFO  | .t.c.a.a.b.s.BuildAgentDockerService : Cleanup dangling build containers done
    23:45:06.108 | 614 taskScheduler-3  | DEBUG | a.a.b.s.SharedQueueProcessingService : Currently processing jobs on this node: 0, active threads in Pool: 0, maximum pool size of thread executor : 1
    23:45:06.110 | 565 localvc.event-12 | DEBUG | a.a.b.s.SharedQueueProcessingService : Currently processing jobs on this node: 0, active threads in Pool: 0, maximum pool size of thread executor : 1
    23:45:06.110 | 565 localvc.event-12 | INFO  | a.a.b.s.SharedQueueProcessingService : Build agent is already running
    23:45:06.110 | 565 localvc.event-12 | INFO  | a.a.b.s.SharedQueueProcessingService : Build agent is already running
    23:45:06.110 | 565 localvc.event-12 | INFO  | a.a.b.s.SharedQueueProcessingService : Build agent is already running
    23:45:06.110 | 565 localvc.event-12 | INFO  | a.a.b.s.SharedQueueProcessingService : Build agent is already running
    23:45:06.110 | 565 localvc.event-12 | INFO  | a.a.b.s.SharedQueueProcessingService : Build agent is already running
    23:45:06.110 | 565 localvc.event-12 | INFO  | a.a.b.s.SharedQueueProcessingService : Build agent is already running
    23:45:06.110 | 565 localvc.event-12 | INFO  | a.a.b.s.SharedQueueProcessingService : Build agent is already running
    23:45:06.110 | 565 localvc.event-12 | INFO  | a.a.b.s.SharedQueueProcessingService : Build agent is already running
    23:45:06.110 | 565 localvc.event-12 | INFO  | a.a.b.s.SharedQueueProcessingService : Build agent is already running
    23:45:06.110 | 565 localvc.event-12 | INFO  | a.a.b.s.SharedQueueProcessingService : Build agent is already running
    23:45:06.110 | 565 localvc.event-12 | INFO  | a.a.b.s.SharedQueueProcessingService : Build agent is already running
    23:45:06.110 | 565 localvc.event-12 | INFO  | a.a.b.s.SharedQueueProcessingService : Build agent is already running
    23:45:06.110 | 565 localvc.event-12 | INFO  | a.a.b.s.SharedQueueProcessingService : Build agent is already running
    23:45:06.110 | 565 localvc.event-12 | INFO  | a.a.b.s.SharedQueueProcessingService : Build agent is already running
    23:45:06.110 | 565 localvc.event-12 | INFO  | a.a.b.s.SharedQueueProcessingService : Build agent is already running
    23:45:06.110 | 565 localvc.event-12 | INFO  | a.a.b.s.SharedQueueProcessingService : Build agent is already running
    23:45:06.110 | 565 localvc.event-12 | INFO  | a.a.b.s.SharedQueueProcessingService : Build agent is already running
    23:45:06.110 | 565 localvc.event-12 | INFO  | a.a.b.s.SharedQueueProcessingService : Build agent is already running
    23:45:06.110 | 565 localvc.event-12 | INFO  | a.a.b.s.SharedQueueProcessingService : Build agent is already running
    23:45:06.110 | 565 localvc.event-12 | INFO  | a.a.b.s.SharedQueueProcessingService : Build agent is already running
    23:45:06.110 | 565 localvc.event-12 | INFO  | a.a.b.s.SharedQueueProcessingService : Build agent is already running
    23:45:06.110 | 565 localvc.event-12 | INFO  | a.a.b.s.SharedQueueProcessingService : Build agent is already running
    23:45:06.110 | 565 localvc.event-12 | INFO  | a.a.b.s.SharedQueueProcessingService : Build agent is already running
    23:45:06.113 | 566 localvc.event-13 | DEBUG | a.p.s.l.LocalCIQueueWebsocketService : Build agent updated: BuildAgentInformation[buildAgent=BuildAgentDTO[name=artemis-build-agent-test, memberAddress=[127.0.0.1]:5703, displayName=artemis-build-agent-test], maxNumberOfConcurrentBuildJobs=1, numberOfCurrentBuildJobs=0, runningBuildJobs=[], status=IDLE, recentBuildJobs=[BuildJobQueueItem[id=2, name=job2, buildAgent=BuildAgentDTO[name=artemis-build-agent-test, memberAddress=[127.0.0.1]:5703, displayName=], participationId=2, courseId=940, exerciseId=1, retryCount=1, priority=2, status=SUCCESSFUL, repositoryInfo=RepositoryInfo[repositoryName=test, repositoryType=null, triggeredByPushTo=user, assignmentRepositoryUri=test, testRepositoryUri=test, solutionRepositoryUri=test, auxiliaryRepositoryUris=null, auxiliaryRepositoryCheckoutDirectories=null], jobTimingInfo=JobTimingInfo[submissionDate=2025-02-14T23:45:05.973001430Z[Etc/UTC], buildStartDate=2025-02-14T23:46:05.973001570Z[Etc/UTC], buildCompletionDate=2025-02-14T23:47:05.973001830Z[Etc/UTC], estimatedCompletionDate=null, estimatedDuration=20], buildConfig=BuildConfig[buildScript=echo 'test', dockerImage=test, commitHashToBuild=test, assignmentCommitHash=test, testCommitHash=test, branch=test, programmingLanguage=null, projectType=null, scaEnabled=false, sequentialTestRunsEnabled=false, resultPaths=null, timeoutSeconds=0, assignmentCheckoutPath=null, testCheckoutPath=null, solutionCheckoutPath=null, dockerRunConfig=null], submissionResult=null]], publicSshKey=ssh-rsa AAAAB3NzaC1yc2EAAAADAQABAAACAQCOPdMsxRE2jFJ/UEa5/LsBxtwzJcrh3/rYBCQvcMeVpiRfhzQPWu7mrt/G2Ew+i+vRloGH9aqKg6dd1liRncao53Zmd/ePxoatXePNhmzTfkCkcSkTUz7B+QMjkoDDV5jwuFPD6mF3JkhuzSi64n9Zy905t4w2IhVcjM2mL3eYNjiCXt6Qpq3Pkt7dM/Ksw1nxnvuiIALuJLB3FTkXkHqq3PJav+9HSq2r6ZaWgekneaGxlQlb+U+Vy3XOuArKAzK8c8i+0bR+AHiTG6ncYXt7ax3U+TdlDTF7OLP3umwaYjs1NBXOHwG42pevvpKn2fqavZZozk+M05jXLx3bq0O7itxfErWc7etky8qYPyyIMF/txQIVLd78+Ze4d7Y60t5MGbXM5cGE6fFif5fEJwgswXD+BrG0cafz1CTatjSKFdvp8Vp4VszXhHDan1PrP6JEFJ5Cc5GDmLRZPCFa3vL9f5qXgf4bkqKN8MYeEujwJE5nMRWoiJVNakix2bcrrneQMBlnYeYZVWXXXUusAQBzl4NgddC1umZpihZkL1b1MffZAUW3EGEXi7KHnllQhkTLLsQ8ntMgbylqaJKStqaXlLvdeRJcEnUuiFCrHEVVbXRFZR7XVDZ02CE5o3MuaRPty8Kh+jRTF3COlAckHwYEJCNNJvXFgb2CNXL4mjzYDw== test@localhost]
    23:45:06.113 | 566 localvc.event-13 | DEBUG | s.l.LocalCIWebsocketMessagingService : Sending message on topic /topic/admin/build-agents: [BuildAgentInformation[buildAgent=BuildAgentDTO[name=artemis-build-agent-test, memberAddress=[127.0.0.1]:5703, displayName=artemis-build-agent-test], maxNumberOfConcurrentBuildJobs=1, numberOfCurrentBuildJobs=0, runningBuildJobs=[], status=IDLE, recentBuildJobs=null, publicSshKey=null]]
    23:45:06.113 | 588 artemis-task-1   | DEBUG | d.t.c.a.a.c.c.w.GzipMessageConverter : Compressed message payload from 255 to 232 (saved 9.0% payload size)
    23:45:06.113 | 566 localvc.event-13 | DEBUG | s.l.LocalCIWebsocketMessagingService : Sending message on topic /topic/admin/build-agent/artemis-build-agent-test: BuildAgentInformation[buildAgent=BuildAgentDTO[name=artemis-build-agent-test, memberAddress=[127.0.0.1]:5703, displayName=artemis-build-agent-test], maxNumberOfConcurrentBuildJobs=1, numberOfCurrentBuildJobs=0, runningBuildJobs=[], status=IDLE, recentBuildJobs=[BuildJobQueueItem[id=2, name=job2, buildAgent=BuildAgentDTO[name=artemis-build-agent-test, memberAddress=[127.0.0.1]:5703, displayName=], participationId=2, courseId=940, exerciseId=1, retryCount=1, priority=2, status=SUCCESSFUL, repositoryInfo=RepositoryInfo[repositoryName=test, repositoryType=null, triggeredByPushTo=user, assignmentRepositoryUri=test, testRepositoryUri=test, solutionRepositoryUri=test, auxiliaryRepositoryUris=null, auxiliaryRepositoryCheckoutDirectories=null], jobTimingInfo=JobTimingInfo[submissionDate=2025-02-14T23:45:05.973001430Z[Etc/UTC], buildStartDate=2025-02-14T23:46:05.973001570Z[Etc/UTC], buildCompletionDate=2025-02-14T23:47:05.973001830Z[Etc/UTC], estimatedCompletionDate=null, estimatedDuration=20], buildConfig=BuildConfig[buildScript=echo 'test', dockerImage=test, commitHashToBuild=test, assignmentCommitHash=test, testCommitHash=test, branch=test, programmingLanguage=null, projectType=null, scaEnabled=false, sequentialTestRunsEnabled=false, resultPaths=null, timeoutSeconds=0, assignmentCheckoutPath=null, testCheckoutPath=null, solutionCheckoutPath=null, dockerRunConfig=null], submissionResult=null]], publicSshKey=ssh-rsa AAAAB3NzaC1yc2EAAAADAQABAAACAQCOPdMsxRE2jFJ/UEa5/LsBxtwzJcrh3/rYBCQvcMeVpiRfhzQPWu7mrt/G2Ew+i+vRloGH9aqKg6dd1liRncao53Zmd/ePxoatXePNhmzTfkCkcSkTUz7B+QMjkoDDV5jwuFPD6mF3JkhuzSi64n9Zy905t4w2IhVcjM2mL3eYNjiCXt6Qpq3Pkt7dM/Ksw1nxnvuiIALuJLB3FTkXkHqq3PJav+9HSq2r6ZaWgekneaGxlQlb+U+Vy3XOuArKAzK8c8i+0bR+AHiTG6ncYXt7ax3U+TdlDTF7OLP3umwaYjs1NBXOHwG42pevvpKn2fqavZZozk+M05jXLx3bq0O7itxfErWc7etky8qYPyyIMF/txQIVLd78+Ze4d7Y60t5MGbXM5cGE6fFif5fEJwgswXD+BrG0cafz1CTatjSKFdvp8Vp4VszXhHDan1PrP6JEFJ5Cc5GDmLRZPCFa3vL9f5qXgf4bkqKN8MYeEujwJE5nMRWoiJVNakix2bcrrneQMBlnYeYZVWXXXUusAQBzl4NgddC1umZpihZkL1b1MffZAUW3EGEXi7KHnllQhkTLLsQ8ntMgbylqaJKStqaXlLvdeRJcEnUuiFCrHEVVbXRFZR7XVDZ02CE5o3MuaRPty8Kh+jRTF3COlAckHwYEJCNNJvXFgb2CNXL4mjzYDw== test@localhost]
    23:45:06.114 | 588 artemis-task-1   | DEBUG | d.t.c.a.a.c.c.w.GzipMessageConverter : Compressed message payload from 2124 to 1540 (saved 27.5% payload size)
    23:45:06.116 | 566 localvc.event-13 | DEBUG | a.p.s.l.SharedQueueManagementService : Build agent updated: null
    23:45:06.203 | 601 taskScheduler-2  | DEBUG | a.a.b.s.SharedQueueProcessingService : Currently processing jobs on this node: 0, active threads in Pool: 0, maximum pool size of thread executor : 1

  Starting logs for LocalCIResourceIntegrationTest > testGetBuildAgents_instructorAccessForbidden()
    23:45:06.230 | 473 ool-1-worker-237 | DEBUG | d.t.c.a.a.c.u.util.UserUtilService   : Generate 2 students...
    23:45:06.233 | 473 ool-1-worker-237 | DEBUG | d.t.c.a.a.c.u.util.UserUtilService   : 2 students generated. Generate 1 tutors...
    23:45:06.236 | 473 ool-1-worker-237 | DEBUG | d.t.c.a.a.c.u.util.UserUtilService   : 1 tutors generated. Generate 0 editors...
    23:45:06.237 | 473 ool-1-worker-237 | DEBUG | d.t.c.a.a.c.u.util.UserUtilService   : 0 editors generated. Generate 2 instructors...
    23:45:06.241 | 473 ool-1-worker-237 | DEBUG | d.t.c.a.a.c.u.util.UserUtilService   : 2 instructors generated
    23:45:06.242 | 473 ool-1-worker-237 | DEBUG | d.t.c.a.a.c.u.util.UserUtilService   : Removing 4 users from all courses...
    23:45:06.243 | 473 ool-1-worker-237 | DEBUG | d.t.c.a.a.c.u.util.UserUtilService   : Removing 4 users from all courses. Done
    23:45:06.243 | 473 ool-1-worker-237 | DEBUG | d.t.c.a.a.c.u.util.UserUtilService   : Save 5 users to database...
    23:45:06.247 | 473 ool-1-worker-237 | DEBUG | d.t.c.a.a.c.u.util.UserUtilService   : Save 5 users to database. Done
    23:45:06.282 | 565 localvc.event-12 | DEBUG | a.p.s.l.LocalCIQueueWebsocketService : CIBuildJobQueueItem added to processing jobs: BuildJobQueueItem[id=1, name=job1, buildAgent=BuildAgentDTO[name=artemis-build-agent-test, memberAddress=[127.0.0.1]:5703, displayName=], participationId=1, courseId=941, exerciseId=1, retryCount=1, priority=1, status=SUCCESSFUL, repositoryInfo=RepositoryInfo[repositoryName=test, repositoryType=null, triggeredByPushTo=user, assignmentRepositoryUri=test, testRepositoryUri=test, solutionRepositoryUri=test, auxiliaryRepositoryUris=null, auxiliaryRepositoryCheckoutDirectories=null], jobTimingInfo=JobTimingInfo[submissionDate=2025-02-14T23:46:06.279208609Z[Etc/UTC], buildStartDate=2025-02-14T23:47:06.279210252Z[Etc/UTC], buildCompletionDate=2025-02-14T23:48:06.279210712Z[Etc/UTC], estimatedCompletionDate=null, estimatedDuration=20], buildConfig=BuildConfig[buildScript=echo 'test', dockerImage=test, commitHashToBuild=test, assignmentCommitHash=test, testCommitHash=test, branch=test, programmingLanguage=null, projectType=null, scaEnabled=false, sequentialTestRunsEnabled=false, resultPaths=null, timeoutSeconds=0, assignmentCheckoutPath=null, testCheckoutPath=null, solutionCheckoutPath=null, dockerRunConfig=null], submissionResult=null]
    23:45:06.283 | 565 localvc.event-12 | DEBUG | s.l.LocalCIWebsocketMessagingService : Sending message on topic /topic/admin/running-jobs: [BuildJobQueueItem[id=1, name=job1, buildAgent=BuildAgentDTO[name=artemis-build-agent-test, memberAddress=[127.0.0.1]:5703, displayName=], participationId=1, courseId=941, exerciseId=1, retryCount=1, priority=1, status=SUCCESSFUL, repositoryInfo=RepositoryInfo[repositoryName=test, repositoryType=null, triggeredByPushTo=user, assignmentRepositoryUri=, testRepositoryUri=, solutionRepositoryUri=, auxiliaryRepositoryUris=null, auxiliaryRepositoryCheckoutDirectories=null], jobTimingInfo=JobTimingInfo[submissionDate=2025-02-14T23:46:06.279208609Z[Etc/UTC], buildStartDate=2025-02-14T23:47:06.279210252Z[Etc/UTC], buildCompletionDate=2025-02-14T23:48:06.279210712Z[Etc/UTC], estimatedCompletionDate=null, estimatedDuration=20], buildConfig=BuildConfig[buildScript=, dockerImage=, commitHashToBuild=test, assignmentCommitHash=, testCommitHash=, branch=, programmingLanguage=null, projectType=null, scaEnabled=false, sequentialTestRunsEnabled=false, resultPaths=null, timeoutSeconds=0, assignmentCheckoutPath=, testCheckoutPath=, solutionCheckoutPath=, dockerRunConfig=null], submissionResult=null]]
    23:45:06.283 | 565 localvc.event-12 | DEBUG | s.l.LocalCIWebsocketMessagingService : Sending message on topic /topic/courses/941/running-jobs: [BuildJobQueueItem[id=1, name=job1, buildAgent=BuildAgentDTO[name=artemis-build-agent-test, memberAddress=[127.0.0.1]:5703, displayName=], participationId=1, courseId=941, exerciseId=1, retryCount=1, priority=1, status=SUCCESSFUL, repositoryInfo=RepositoryInfo[repositoryName=test, repositoryType=null, triggeredByPushTo=user, assignmentRepositoryUri=, testRepositoryUri=, solutionRepositoryUri=, auxiliaryRepositoryUris=null, auxiliaryRepositoryCheckoutDirectories=null], jobTimingInfo=JobTimingInfo[submissionDate=2025-02-14T23:46:06.279208609Z[Etc/UTC], buildStartDate=2025-02-14T23:47:06.279210252Z[Etc/UTC], buildCompletionDate=2025-02-14T23:48:06.279210712Z[Etc/UTC], estimatedCompletionDate=null, estimatedDuration=20], buildConfig=BuildConfig[buildScript=, dockerImage=, commitHashToBuild=test, assignmentCommitHash=, testCommitHash=, branch=, programmingLanguage=null, projectType=null, scaEnabled=false, sequentialTestRunsEnabled=false, resultPaths=null, timeoutSeconds=0, assignmentCheckoutPath=, testCheckoutPath=, solutionCheckoutPath=, dockerRunConfig=null], submissionResult=null]]
    23:45:06.285 | 588 artemis-task-1   | DEBUG | d.t.c.a.a.c.c.w.GzipMessageConverter : Compressed message payload from 750 to 524 (saved 30.1% payload size)
    23:45:06.285 | 588 artemis-task-1   | DEBUG | d.t.c.a.a.c.c.w.GzipMessageConverter : Compressed message payload from 750 to 524 (saved 30.1% payload size)
    23:45:06.286 | 566 localvc.event-13 | DEBUG | a.p.s.l.LocalCIQueueWebsocketService : Build agent added: BuildAgentInformation[buildAgent=BuildAgentDTO[name=artemis-build-agent-test, memberAddress=[127.0.0.1]:5703, displayName=], maxNumberOfConcurrentBuildJobs=2, numberOfCurrentBuildJobs=1, runningBuildJobs=[BuildJobQueueItem[id=1, name=job1, buildAgent=BuildAgentDTO[name=artemis-build-agent-test, memberAddress=[127.0.0.1]:5703, displayName=], participationId=1, courseId=941, exerciseId=1, retryCount=1, priority=1, status=SUCCESSFUL, repositoryInfo=RepositoryInfo[repositoryName=test, repositoryType=null, triggeredByPushTo=user, assignmentRepositoryUri=test, testRepositoryUri=test, solutionRepositoryUri=test, auxiliaryRepositoryUris=null, auxiliaryRepositoryCheckoutDirectories=null], jobTimingInfo=JobTimingInfo[submissionDate=2025-02-14T23:46:06.279208609Z[Etc/UTC], buildStartDate=2025-02-14T23:47:06.279210252Z[Etc/UTC], buildCompletionDate=2025-02-14T23:48:06.279210712Z[Etc/UTC], estimatedCompletionDate=null, estimatedDuration=20], buildConfig=BuildConfig[buildScript=echo 'test', dockerImage=test, commitHashToBuild=test, assignmentCommitHash=test, testCommitHash=test, branch=test, programmingLanguage=null, projectType=null, scaEnabled=false, sequentialTestRunsEnabled=false, resultPaths=null, timeoutSeconds=0, assignmentCheckoutPath=null, testCheckoutPath=null, solutionCheckoutPath=null, dockerRunConfig=null], submissionResult=null]], status=IDLE, recentBuildJobs=[BuildJobQueueItem[id=2, name=job2, buildAgent=BuildAgentDTO[name=artemis-build-agent-test, memberAddress=[127.0.0.1]:5703, displayName=], participationId=2, courseId=941, exerciseId=1, retryCount=1, priority=2, status=SUCCESSFUL, repositoryInfo=RepositoryInfo[repositoryName=test, repositoryType=null, triggeredByPushTo=user, assignmentRepositoryUri=test, testRepositoryUri=test, solutionRepositoryUri=test, auxiliaryRepositoryUris=null, auxiliaryRepositoryCheckoutDirectories=null], jobTimingInfo=JobTimingInfo[submissionDate=2025-02-14T23:45:06.279211724Z[Etc/UTC], buildStartDate=2025-02-14T23:46:06.279211835Z[Etc/UTC], buildCompletionDate=2025-02-14T23:47:06.279212035Z[Etc/UTC], estimatedCompletionDate=null, estimatedDuration=20], buildConfig=BuildConfig[buildScript=echo 'test', dockerImage=test, commitHashToBuild=test, assignmentCommitHash=test, testCommitHash=test, branch=test, programmingLanguage=null, projectType=null, scaEnabled=false, sequentialTestRunsEnabled=false, resultPaths=null, timeoutSeconds=0, assignmentCheckoutPath=null, testCheckoutPath=null, solutionCheckoutPath=null, dockerRunConfig=null], submissionResult=null]], publicSshKey=null]
    23:45:06.286 | 566 localvc.event-13 | DEBUG | s.l.LocalCIWebsocketMessagingService : Sending message on topic /topic/admin/build-agents: [BuildAgentInformation[buildAgent=BuildAgentDTO[name=artemis-build-agent-test, memberAddress=[127.0.0.1]:5703, displayName=], maxNumberOfConcurrentBuildJobs=2, numberOfCurrentBuildJobs=1, runningBuildJobs=[BuildJobQueueItem[id=1, name=job1, buildAgent=BuildAgentDTO[name=artemis-build-agent-test, memberAddress=[127.0.0.1]:5703, displayName=], participationId=1, courseId=941, exerciseId=1, retryCount=1, priority=1, status=SUCCESSFUL, repositoryInfo=RepositoryInfo[repositoryName=test, repositoryType=null, triggeredByPushTo=user, assignmentRepositoryUri=, testRepositoryUri=, solutionRepositoryUri=, auxiliaryRepositoryUris=null, auxiliaryRepositoryCheckoutDirectories=null], jobTimingInfo=JobTimingInfo[submissionDate=2025-02-14T23:46:06.279208609Z[Etc/UTC], buildStartDate=2025-02-14T23:47:06.279210252Z[Etc/UTC], buildCompletionDate=2025-02-14T23:48:06.279210712Z[Etc/UTC], estimatedCompletionDate=null, estimatedDuration=20], buildConfig=BuildConfig[buildScript=, dockerImage=, commitHashToBuild=test, assignmentCommitHash=, testCommitHash=, branch=, programmingLanguage=null, projectType=null, scaEnabled=false, sequentialTestRunsEnabled=false, resultPaths=null, timeoutSeconds=0, assignmentCheckoutPath=, testCheckoutPath=, solutionCheckoutPath=, dockerRunConfig=null], submissionResult=null]], status=IDLE, recentBuildJobs=null, publicSshKey=null]]
    23:45:06.286 | 588 artemis-task-1   | DEBUG | d.t.c.a.a.c.c.w.GzipMessageConverter : Compressed message payload from 1040 to 616 (saved 40.8% payload size)
    23:45:06.286 | 566 localvc.event-13 | DEBUG | s.l.LocalCIWebsocketMessagingService : Sending message on topic /topic/admin/build-agent/artemis-build-agent-test: BuildAgentInformation[buildAgent=BuildAgentDTO[name=artemis-build-agent-test, memberAddress=[127.0.0.1]:5703, displayName=], maxNumberOfConcurrentBuildJobs=2, numberOfCurrentBuildJobs=1, runningBuildJobs=[BuildJobQueueItem[id=1, name=job1, buildAgent=BuildAgentDTO[name=artemis-build-agent-test, memberAddress=[127.0.0.1]:5703, displayName=], participationId=1, courseId=941, exerciseId=1, retryCount=1, priority=1, status=SUCCESSFUL, repositoryInfo=RepositoryInfo[repositoryName=test, repositoryType=null, triggeredByPushTo=user, assignmentRepositoryUri=test, testRepositoryUri=test, solutionRepositoryUri=test, auxiliaryRepositoryUris=null, auxiliaryRepositoryCheckoutDirectories=null], jobTimingInfo=JobTimingInfo[submissionDate=2025-02-14T23:46:06.279208609Z[Etc/UTC], buildStartDate=2025-02-14T23:47:06.279210252Z[Etc/UTC], buildCompletionDate=2025-02-14T23:48:06.279210712Z[Etc/UTC], estimatedCompletionDate=null, estimatedDuration=20], buildConfig=BuildConfig[buildScript=echo 'test', dockerImage=test, commitHashToBuild=test, assignmentCommitHash=test, testCommitHash=test, branch=test, programmingLanguage=null, projectType=null, scaEnabled=false, sequentialTestRunsEnabled=false, resultPaths=null, timeoutSeconds=0, assignmentCheckoutPath=null, testCheckoutPath=null, solutionCheckoutPath=null, dockerRunConfig=null], submissionResult=null]], status=IDLE, recentBuildJobs=[BuildJobQueueItem[id=2, name=job2, buildAgent=BuildAgentDTO[name=artemis-build-agent-test, memberAddress=[127.0.0.1]:5703, displayName=], participationId=2, courseId=941, exerciseId=1, retryCount=1, priority=2, status=SUCCESSFUL, repositoryInfo=RepositoryInfo[repositoryName=test, repositoryType=null, triggeredByPushTo=user, assignmentRepositoryUri=test, testRepositoryUri=test, solutionRepositoryUri=test, auxiliaryRepositoryUris=null, auxiliaryRepositoryCheckoutDirectories=null], jobTimingInfo=JobTimingInfo[submissionDate=2025-02-14T23:45:06.279211724Z[Etc/UTC], buildStartDate=2025-02-14T23:46:06.279211835Z[Etc/UTC], buildCompletionDate=2025-02-14T23:47:06.279212035Z[Etc/UTC], estimatedCompletionDate=null, estimatedDuration=20], buildConfig=BuildConfig[buildScript=echo 'test', dockerImage=test, commitHashToBuild=test, assignmentCommitHash=test, testCommitHash=test, branch=test, programmingLanguage=null, projectType=null, scaEnabled=false, sequentialTestRunsEnabled=false, resultPaths=null, timeoutSeconds=0, assignmentCheckoutPath=null, testCheckoutPath=null, solutionCheckoutPath=null, dockerRunConfig=null], submissionResult=null]], publicSshKey=null]
    23:45:06.286 | 566 localvc.event-13 | DEBUG | a.p.s.l.SharedQueueManagementService : Build agent added: null
    23:45:06.287 | 588 artemis-task-1   | DEBUG | d.t.c.a.a.c.c.w.GzipMessageConverter : Compressed message payload from 2432 to 792 (saved 67.4% payload size)
    23:45:06.288 | 473 ool-1-worker-237 | INFO  | i.z.t.d.l.EmbeddedDatabaseReporter   : JDBC URL to connect to 'dataSource': url='jdbc:h2:tcp://localhost:41063/mem:f240edcd-27ce-47a3-b4ab-a6a00c154135;USER=sa', scope='LocalCIResourceIntegrationTest#testGetBuildAgents_instructorAccessForbidden'
    23:45:06.289 | 565 localvc.event-12 | DEBUG | a.p.s.l.LocalCIQueueWebsocketService : CIBuildJobQueueItem added to processing jobs: BuildJobQueueItem[id=2, name=job2, buildAgent=BuildAgentDTO[name=artemis-build-agent-test, memberAddress=[127.0.0.1]:5703, displayName=], participationId=2, courseId=941, exerciseId=1, retryCount=1, priority=2, status=SUCCESSFUL, repositoryInfo=RepositoryInfo[repositoryName=test, repositoryType=null, triggeredByPushTo=user, assignmentRepositoryUri=test, testRepositoryUri=test, solutionRepositoryUri=test, auxiliaryRepositoryUris=null, auxiliaryRepositoryCheckoutDirectories=null], jobTimingInfo=JobTimingInfo[submissionDate=2025-02-14T23:45:06.279211724Z[Etc/UTC], buildStartDate=2025-02-14T23:46:06.279211835Z[Etc/UTC], buildCompletionDate=2025-02-14T23:47:06.279212035Z[Etc/UTC], estimatedCompletionDate=null, estimatedDuration=20], buildConfig=BuildConfig[buildScript=echo 'test', dockerImage=test, commitHashToBuild=test, assignmentCommitHash=test, testCommitHash=test, branch=test, programmingLanguage=null, projectType=null, scaEnabled=false, sequentialTestRunsEnabled=false, resultPaths=null, timeoutSeconds=0, assignmentCheckoutPath=null, testCheckoutPath=null, solutionCheckoutPath=null, dockerRunConfig=null], submissionResult=null]
    23:45:06.289 | 565 localvc.event-12 | DEBUG | s.l.LocalCIWebsocketMessagingService : Sending message on topic /topic/admin/running-jobs: [BuildJobQueueItem[id=1, name=job1, buildAgent=BuildAgentDTO[name=artemis-build-agent-test, memberAddress=[127.0.0.1]:5703, displayName=], participationId=1, courseId=941, exerciseId=1, retryCount=1, priority=1, status=SUCCESSFUL, repositoryInfo=RepositoryInfo[repositoryName=test, repositoryType=null, triggeredByPushTo=user, assignmentRepositoryUri=, testRepositoryUri=, solutionRepositoryUri=, auxiliaryRepositoryUris=null, auxiliaryRepositoryCheckoutDirectories=null], jobTimingInfo=JobTimingInfo[submissionDate=2025-02-14T23:46:06.279208609Z[Etc/UTC], buildStartDate=2025-02-14T23:47:06.279210252Z[Etc/UTC], buildCompletionDate=2025-02-14T23:48:06.279210712Z[Etc/UTC], estimatedCompletionDate=null, estimatedDuration=20], buildConfig=BuildConfig[buildScript=, dockerImage=, commitHashToBuild=test, assignmentCommitHash=, testCommitHash=, branch=, programmingLanguage=null, projectType=null, scaEnabled=false, sequentialTestRunsEnabled=false, resultPaths=null, timeoutSeconds=0, assignmentCheckoutPath=, testCheckoutPath=, solutionCheckoutPath=, dockerRunConfig=null], submissionResult=null], BuildJobQueueItem[id=2, name=job2, buildAgent=BuildAgentDTO[name=artemis-build-agent-test, memberAddress=[127.0.0.1]:5703, displayName=], participationId=2, courseId=941, exerciseId=1, retryCount=1, priority=2, status=SUCCESSFUL, repositoryInfo=RepositoryInfo[repositoryName=test, repositoryType=null, triggeredByPushTo=user, assignmentRepositoryUri=, testRepositoryUri=, solutionRepositoryUri=, auxiliaryRepositoryUris=null, auxiliaryRepositoryCheckoutDirectories=null], jobTimingInfo=JobTimingInfo[submissionDate=2025-02-14T23:45:06.279211724Z[Etc/UTC], buildStartDate=2025-02-14T23:46:06.279211835Z[Etc/UTC], buildCompletionDate=2025-02-14T23:47:06.279212035Z[Etc/UTC], estimatedCompletionDate=null, estimatedDuration=20], buildConfig=BuildConfig[buildScript=, dockerImage=, commitHashToBuild=test, assignmentCommitHash=, testCommitHash=, branch=, programmingLanguage=null, projectType=null, scaEnabled=false, sequentialTestRunsEnabled=false, resultPaths=null, timeoutSeconds=0, assignmentCheckoutPath=, testCheckoutPath=, solutionCheckoutPath=, dockerRunConfig=null], submissionResult=null]]
    23:45:06.289 | 565 localvc.event-12 | DEBUG | s.l.LocalCIWebsocketMessagingService : Sending message on topic /topic/courses/941/running-jobs: [BuildJobQueueItem[id=1, name=job1, buildAgent=BuildAgentDTO[name=artemis-build-agent-test, memberAddress=[127.0.0.1]:5703, displayName=], participationId=1, courseId=941, exerciseId=1, retryCount=1, priority=1, status=SUCCESSFUL, repositoryInfo=RepositoryInfo[repositoryName=test, repositoryType=null, triggeredByPushTo=user, assignmentRepositoryUri=, testRepositoryUri=, solutionRepositoryUri=, auxiliaryRepositoryUris=null, auxiliaryRepositoryCheckoutDirectories=null], jobTimingInfo=JobTimingInfo[submissionDate=2025-02-14T23:46:06.279208609Z[Etc/UTC], buildStartDate=2025-02-14T23:47:06.279210252Z[Etc/UTC], buildCompletionDate=2025-02-14T23:48:06.279210712Z[Etc/UTC], estimatedCompletionDate=null, estimatedDuration=20], buildConfig=BuildConfig[buildScript=, dockerImage=, commitHashToBuild=test, assignmentCommitHash=, testCommitHash=, branch=, programmingLanguage=null, projectType=null, scaEnabled=false, sequentialTestRunsEnabled=false, resultPaths=null, timeoutSeconds=0, assignmentCheckoutPath=, testCheckoutPath=, solutionCheckoutPath=, dockerRunConfig=null], submissionResult=null], BuildJobQueueItem[id=2, name=job2, buildAgent=BuildAgentDTO[name=artemis-build-agent-test, memberAddress=[127.0.0.1]:5703, displayName=], participationId=2, courseId=941, exerciseId=1, retryCount=1, priority=2, status=SUCCESSFUL, repositoryInfo=RepositoryInfo[repositoryName=test, repositoryType=null, triggeredByPushTo=user, assignmentRepositoryUri=, testRepositoryUri=, solutionRepositoryUri=, auxiliaryRepositoryUris=null, auxiliaryRepositoryCheckoutDirectories=null], jobTimingInfo=JobTimingInfo[submissionDate=2025-02-14T23:45:06.279211724Z[Etc/UTC], buildStartDate=2025-02-14T23:46:06.279211835Z[Etc/UTC], buildCompletionDate=2025-02-14T23:47:06.279212035Z[Etc/UTC], estimatedCompletionDate=null, estimatedDuration=20], buildConfig=BuildConfig[buildScript=, dockerImage=, commitHashToBuild=test, assignmentCommitHash=, testCommitHash=, branch=, programmingLanguage=null, projectType=null, scaEnabled=false, sequentialTestRunsEnabled=false, resultPaths=null, timeoutSeconds=0, assignmentCheckoutPath=, testCheckoutPath=, solutionCheckoutPath=, dockerRunConfig=null], submissionResult=null]]
    23:45:06.291 | 473 ool-1-worker-237 | WARN  | o.z.p.spring.common.AdviceTraits     : Forbidden: Access Denied
    23:45:06.294 | 588 artemis-task-1   | DEBUG | d.t.c.a.a.c.c.w.GzipMessageConverter : Compressed message payload from 1498 to 592 (saved 60.5% payload size)
    23:45:06.294 | 588 artemis-task-1   | DEBUG | d.t.c.a.a.c.c.w.GzipMessageConverter : Compressed message payload from 1498 to 592 (saved 60.5% payload size)
    23:45:06.296 | 600 taskScheduler-1  | DEBUG | a.a.b.s.SharedQueueProcessingService : Currently processing jobs on this node: 0, active threads in Pool: 0, maximum pool size of thread executor : 1

  Starting logs for LocalCIResourceIntegrationTest > testCancelAllQueuedBuildJobsForCourse()
    23:45:06.346 | 473 ool-1-worker-237 | DEBUG | d.t.c.a.a.c.u.util.UserUtilService   : Generate 2 students...
    23:45:06.353 | 473 ool-1-worker-237 | DEBUG | d.t.c.a.a.c.u.util.UserUtilService   : 2 students generated. Generate 1 tutors...
    23:45:06.357 | 473 ool-1-worker-237 | DEBUG | d.t.c.a.a.c.u.util.UserUtilService   : 1 tutors generated. Generate 0 editors...
    23:45:06.362 | 473 ool-1-worker-237 | DEBUG | d.t.c.a.a.c.u.util.UserUtilService   : 0 editors generated. Generate 2 instructors...
    23:45:06.368 | 473 ool-1-worker-237 | DEBUG | d.t.c.a.a.c.u.util.UserUtilService   : 2 instructors generated
    23:45:06.369 | 473 ool-1-worker-237 | DEBUG | d.t.c.a.a.c.u.util.UserUtilService   : Removing 4 users from all courses...
    23:45:06.375 | 473 ool-1-worker-237 | DEBUG | d.t.c.a.a.c.u.util.UserUtilService   : Removing 4 users from all courses. Done
    23:45:06.375 | 473 ool-1-worker-237 | DEBUG | d.t.c.a.a.c.u.util.UserUtilService   : Save 5 users to database...
    23:45:06.383 | 473 ool-1-worker-237 | DEBUG | d.t.c.a.a.c.u.util.UserUtilService   : Save 5 users to database. Done
    23:45:06.447 | 565 localvc.event-12 | DEBUG | a.p.s.l.LocalCIQueueWebsocketService : CIBuildJobQueueItem added to processing jobs: BuildJobQueueItem[id=1, name=job1, buildAgent=BuildAgentDTO[name=artemis-build-agent-test, memberAddress=[127.0.0.1]:5703, displayName=], participationId=1, courseId=942, exerciseId=1, retryCount=1, priority=1, status=SUCCESSFUL, repositoryInfo=RepositoryInfo[repositoryName=test, repositoryType=null, triggeredByPushTo=user, assignmentRepositoryUri=test, testRepositoryUri=test, solutionRepositoryUri=test, auxiliaryRepositoryUris=null, auxiliaryRepositoryCheckoutDirectories=null], jobTimingInfo=JobTimingInfo[submissionDate=2025-02-14T23:46:06.443167730Z[Etc/UTC], buildStartDate=2025-02-14T23:47:06.443169744Z[Etc/UTC], buildCompletionDate=2025-02-14T23:48:06.443170184Z[Etc/UTC], estimatedCompletionDate=null, estimatedDuration=20], buildConfig=BuildConfig[buildScript=echo 'test', dockerImage=test, commitHashToBuild=test, assignmentCommitHash=test, testCommitHash=test, branch=test, programmingLanguage=null, projectType=null, scaEnabled=false, sequentialTestRunsEnabled=false, resultPaths=null, timeoutSeconds=0, assignmentCheckoutPath=null, testCheckoutPath=null, solutionCheckoutPath=null, dockerRunConfig=null], submissionResult=null]
    23:45:06.447 | 565 localvc.event-12 | DEBUG | s.l.LocalCIWebsocketMessagingService : Sending message on topic /topic/admin/running-jobs: [BuildJobQueueItem[id=1, name=job1, buildAgent=BuildAgentDTO[name=artemis-build-agent-test, memberAddress=[127.0.0.1]:5703, displayName=], participationId=1, courseId=942, exerciseId=1, retryCount=1, priority=1, status=SUCCESSFUL, repositoryInfo=RepositoryInfo[repositoryName=test, repositoryType=null, triggeredByPushTo=user, assignmentRepositoryUri=, testRepositoryUri=, solutionRepositoryUri=, auxiliaryRepositoryUris=null, auxiliaryRepositoryCheckoutDirectories=null], jobTimingInfo=JobTimingInfo[submissionDate=2025-02-14T23:46:06.443167730Z[Etc/UTC], buildStartDate=2025-02-14T23:47:06.443169744Z[Etc/UTC], buildCompletionDate=2025-02-14T23:48:06.443170184Z[Etc/UTC], estimatedCompletionDate=null, estimatedDuration=20], buildConfig=BuildConfig[buildScript=, dockerImage=, commitHashToBuild=test, assignmentCommitHash=, testCommitHash=, branch=, programmingLanguage=null, projectType=null, scaEnabled=false, sequentialTestRunsEnabled=false, resultPaths=null, timeoutSeconds=0, assignmentCheckoutPath=, testCheckoutPath=, solutionCheckoutPath=, dockerRunConfig=null], submissionResult=null]]
    23:45:06.447 | 565 localvc.event-12 | DEBUG | s.l.LocalCIWebsocketMessagingService : Sending message on topic /topic/courses/942/running-jobs: [BuildJobQueueItem[id=1, name=job1, buildAgent=BuildAgentDTO[name=artemis-build-agent-test, memberAddress=[127.0.0.1]:5703, displayName=], participationId=1, courseId=942, exerciseId=1, retryCount=1, priority=1, status=SUCCESSFUL, repositoryInfo=RepositoryInfo[repositoryName=test, repositoryType=null, triggeredByPushTo=user, assignmentRepositoryUri=, testRepositoryUri=, solutionRepositoryUri=, auxiliaryRepositoryUris=null, auxiliaryRepositoryCheckoutDirectories=null], jobTimingInfo=JobTimingInfo[submissionDate=2025-02-14T23:46:06.443167730Z[Etc/UTC], buildStartDate=2025-02-14T23:47:06.443169744Z[Etc/UTC], buildCompletionDate=2025-02-14T23:48:06.443170184Z[Etc/UTC], estimatedCompletionDate=null, estimatedDuration=20], buildConfig=BuildConfig[buildScript=, dockerImage=, commitHashToBuild=test, assignmentCommitHash=, testCommitHash=, branch=, programmingLanguage=null, projectType=null, scaEnabled=false, sequentialTestRunsEnabled=false, resultPaths=null, timeoutSeconds=0, assignmentCheckoutPath=, testCheckoutPath=, solutionCheckoutPath=, dockerRunConfig=null], submissionResult=null]]
    23:45:06.448 | 588 artemis-task-1   | DEBUG | d.t.c.a.a.c.c.w.GzipMessageConverter : Compressed message payload from 749 to 524 (saved 30.0% payload size)
    23:45:06.448 | 588 artemis-task-1   | DEBUG | d.t.c.a.a.c.c.w.GzipMessageConverter : Compressed message payload from 749 to 524 (saved 30.0% payload size)
    23:45:06.449 | 473 ool-1-worker-237 | INFO  | i.z.t.d.l.EmbeddedDatabaseReporter   : JDBC URL to connect to 'dataSource': url='jdbc:h2:tcp://localhost:41063/mem:f240edcd-27ce-47a3-b4ab-a6a00c154135;USER=sa', scope='LocalCIResourceIntegrationTest#testCancelAllQueuedBuildJobsForCourse'
    23:45:06.449 | 566 localvc.event-13 | DEBUG | a.p.s.l.LocalCIQueueWebsocketService : Build agent added: BuildAgentInformation[buildAgent=BuildAgentDTO[name=artemis-build-agent-test, memberAddress=[127.0.0.1]:5703, displayName=], maxNumberOfConcurrentBuildJobs=2, numberOfCurrentBuildJobs=1, runningBuildJobs=[BuildJobQueueItem[id=1, name=job1, buildAgent=BuildAgentDTO[name=artemis-build-agent-test, memberAddress=[127.0.0.1]:5703, displayName=], participationId=1, courseId=942, exerciseId=1, retryCount=1, priority=1, status=SUCCESSFUL, repositoryInfo=RepositoryInfo[repositoryName=test, repositoryType=null, triggeredByPushTo=user, assignmentRepositoryUri=test, testRepositoryUri=test, solutionRepositoryUri=test, auxiliaryRepositoryUris=null, auxiliaryRepositoryCheckoutDirectories=null], jobTimingInfo=JobTimingInfo[submissionDate=2025-02-14T23:46:06.443167730Z[Etc/UTC], buildStartDate=2025-02-14T23:47:06.443169744Z[Etc/UTC], buildCompletionDate=2025-02-14T23:48:06.443170184Z[Etc/UTC], estimatedCompletionDate=null, estimatedDuration=20], buildConfig=BuildConfig[buildScript=echo 'test', dockerImage=test, commitHashToBuild=test, assignmentCommitHash=test, testCommitHash=test, branch=test, programmingLanguage=null, projectType=null, scaEnabled=false, sequentialTestRunsEnabled=false, resultPaths=null, timeoutSeconds=0, assignmentCheckoutPath=null, testCheckoutPath=null, solutionCheckoutPath=null, dockerRunConfig=null], submissionResult=null]], status=IDLE, recentBuildJobs=[BuildJobQueueItem[id=2, name=job2, buildAgent=BuildAgentDTO[name=artemis-build-agent-test, memberAddress=[127.0.0.1]:5703, displayName=], participationId=2, courseId=942, exerciseId=1, retryCount=1, priority=2, status=SUCCESSFUL, repositoryInfo=RepositoryInfo[repositoryName=test, repositoryType=null, triggeredByPushTo=user, assignmentRepositoryUri=test, testRepositoryUri=test, solutionRepositoryUri=test, auxiliaryRepositoryUris=null, auxiliaryRepositoryCheckoutDirectories=null], jobTimingInfo=JobTimingInfo[submissionDate=2025-02-14T23:45:06.443171206Z[Etc/UTC], buildStartDate=2025-02-14T23:46:06.443171307Z[Etc/UTC], buildCompletionDate=2025-02-14T23:47:06.443171517Z[Etc/UTC], estimatedCompletionDate=null, estimatedDuration=20], buildConfig=BuildConfig[buildScript=echo 'test', dockerImage=test, commitHashToBuild=test, assignmentCommitHash=test, testCommitHash=test, branch=test, programmingLanguage=null, projectType=null, scaEnabled=false, sequentialTestRunsEnabled=false, resultPaths=null, timeoutSeconds=0, assignmentCheckoutPath=null, testCheckoutPath=null, solutionCheckoutPath=null, dockerRunConfig=null], submissionResult=null]], publicSshKey=null]
    23:45:06.449 | 566 localvc.event-13 | DEBUG | s.l.LocalCIWebsocketMessagingService : Sending message on topic /topic/admin/build-agents: [BuildAgentInformation[buildAgent=BuildAgentDTO[name=artemis-build-agent-test, memberAddress=[127.0.0.1]:5703, displayName=], maxNumberOfConcurrentBuildJobs=2, numberOfCurrentBuildJobs=1, runningBuildJobs=[BuildJobQueueItem[id=1, name=job1, buildAgent=BuildAgentDTO[name=artemis-build-agent-test, memberAddress=[127.0.0.1]:5703, displayName=], participationId=1, courseId=942, exerciseId=1, retryCount=1, priority=1, status=SUCCESSFUL, repositoryInfo=RepositoryInfo[repositoryName=test, repositoryType=null, triggeredByPushTo=user, assignmentRepositoryUri=, testRepositoryUri=, solutionRepositoryUri=, auxiliaryRepositoryUris=null, auxiliaryRepositoryCheckoutDirectories=null], jobTimingInfo=JobTimingInfo[submissionDate=2025-02-14T23:46:06.443167730Z[Etc/UTC], buildStartDate=2025-02-14T23:47:06.443169744Z[Etc/UTC], buildCompletionDate=2025-02-14T23:48:06.443170184Z[Etc/UTC], estimatedCompletionDate=null, estimatedDuration=20], buildConfig=BuildConfig[buildScript=, dockerImage=, commitHashToBuild=test, assignmentCommitHash=, testCommitHash=, branch=, programmingLanguage=null, projectType=null, scaEnabled=false, sequentialTestRunsEnabled=false, resultPaths=null, timeoutSeconds=0, assignmentCheckoutPath=, testCheckoutPath=, solutionCheckoutPath=, dockerRunConfig=null], submissionResult=null]], status=IDLE, recentBuildJobs=null, publicSshKey=null]]
    23:45:06.449 | 588 artemis-task-1   | DEBUG | d.t.c.a.a.c.c.w.GzipMessageConverter : Compressed message payload from 1039 to 620 (saved 40.3% payload size)
    23:45:06.449 | 566 localvc.event-13 | DEBUG | s.l.LocalCIWebsocketMessagingService : Sending message on topic /topic/admin/build-agent/artemis-build-agent-test: BuildAgentInformation[buildAgent=BuildAgentDTO[name=artemis-build-agent-test, memberAddress=[127.0.0.1]:5703, displayName=], maxNumberOfConcurrentBuildJobs=2, numberOfCurrentBuildJobs=1, runningBuildJobs=[BuildJobQueueItem[id=1, name=job1, buildAgent=BuildAgentDTO[name=artemis-build-agent-test, memberAddress=[127.0.0.1]:5703, displayName=], participationId=1, courseId=942, exerciseId=1, retryCount=1, priority=1, status=SUCCESSFUL, repositoryInfo=RepositoryInfo[repositoryName=test, repositoryType=null, triggeredByPushTo=user, assignmentRepositoryUri=test, testRepositoryUri=test, solutionRepositoryUri=test, auxiliaryRepositoryUris=null, auxiliaryRepositoryCheckoutDirectories=null], jobTimingInfo=JobTimingInfo[submissionDate=2025-02-14T23:46:06.443167730Z[Etc/UTC], buildStartDate=2025-02-14T23:47:06.443169744Z[Etc/UTC], buildCompletionDate=2025-02-14T23:48:06.443170184Z[Etc/UTC], estimatedCompletionDate=null, estimatedDuration=20], buildConfig=BuildConfig[buildScript=echo 'test', dockerImage=test, commitHashToBuild=test, assignmentCommitHash=test, testCommitHash=test, branch=test, programmingLanguage=null, projectType=null, scaEnabled=false, sequentialTestRunsEnabled=false, resultPaths=null, timeoutSeconds=0, assignmentCheckoutPath=null, testCheckoutPath=null, solutionCheckoutPath=null, dockerRunConfig=null], submissionResult=null]], status=IDLE, recentBuildJobs=[BuildJobQueueItem[id=2, name=job2, buildAgent=BuildAgentDTO[name=artemis-build-agent-test, memberAddress=[127.0.0.1]:5703, displayName=], participationId=2, courseId=942, exerciseId=1, retryCount=1, priority=2, status=SUCCESSFUL, repositoryInfo=RepositoryInfo[repositoryName=test, repositoryType=null, triggeredByPushTo=user, assignmentRepositoryUri=test, testRepositoryUri=test, solutionRepositoryUri=test, auxiliaryRepositoryUris=null, auxiliaryRepositoryCheckoutDirectories=null], jobTimingInfo=JobTimingInfo[submissionDate=2025-02-14T23:45:06.443171206Z[Etc/UTC], buildStartDate=2025-02-14T23:46:06.443171307Z[Etc/UTC], buildCompletionDate=2025-02-14T23:47:06.443171517Z[Etc/UTC], estimatedCompletionDate=null, estimatedDuration=20], buildConfig=BuildConfig[buildScript=echo 'test', dockerImage=test, commitHashToBuild=test, assignmentCommitHash=test, testCommitHash=test, branch=test, programmingLanguage=null, projectType=null, scaEnabled=false, sequentialTestRunsEnabled=false, resultPaths=null, timeoutSeconds=0, assignmentCheckoutPath=null, testCheckoutPath=null, solutionCheckoutPath=null, dockerRunConfig=null], submissionResult=null]], publicSshKey=null]
    23:45:06.450 | 566 localvc.event-13 | DEBUG | a.p.s.l.SharedQueueManagementService : Build agent added: null
    23:45:06.450 | 588 artemis-task-1   | DEBUG | d.t.c.a.a.c.c.w.GzipMessageConverter : Compressed message payload from 2431 to 792 (saved 67.4% payload size)
    23:45:06.453 | 473 ool-1-worker-237 | DEBUG | d.t.c.a.a.c.s.f.ApiVersionFilter     : Adding Version to Request DELETE /api/courses/942/cancel-all-queued-jobs
    23:45:06.453 | 566 localvc.event-13 | DEBUG | s.l.LocalCIWebsocketMessagingService : Sending message on topic /topic/admin/queued-jobs: [BuildJobQueueItem[id=1, name=job1, buildAgent=BuildAgentDTO[name=artemis-build-agent-test, memberAddress=[127.0.0.1]:5703, displayName=], participationId=1, courseId=942, exerciseId=1, retryCount=1, priority=1, status=SUCCESSFUL, repositoryInfo=RepositoryInfo[repositoryName=test, repositoryType=null, triggeredByPushTo=user, assignmentRepositoryUri=, testRepositoryUri=, solutionRepositoryUri=, auxiliaryRepositoryUris=null, auxiliaryRepositoryCheckoutDirectories=null], jobTimingInfo=JobTimingInfo[submissionDate=2025-02-14T23:46:06.443167730Z[Etc/UTC], buildStartDate=2025-02-14T23:47:06.443169744Z[Etc/UTC], buildCompletionDate=2025-02-14T23:48:06.443170184Z[Etc/UTC], estimatedCompletionDate=null, estimatedDuration=20], buildConfig=BuildConfig[buildScript=, dockerImage=, commitHashToBuild=test, assignmentCommitHash=, testCommitHash=, branch=, programmingLanguage=null, projectType=null, scaEnabled=false, sequentialTestRunsEnabled=false, resultPaths=null, timeoutSeconds=0, assignmentCheckoutPath=, testCheckoutPath=, solutionCheckoutPath=, dockerRunConfig=null], submissionResult=null], BuildJobQueueItem[id=2, name=job2, buildAgent=BuildAgentDTO[name=artemis-build-agent-test, memberAddress=[127.0.0.1]:5703, displayName=], participationId=2, courseId=942, exerciseId=1, retryCount=1, priority=2, status=SUCCESSFUL, repositoryInfo=RepositoryInfo[repositoryName=test, repositoryType=null, triggeredByPushTo=user, assignmentRepositoryUri=, testRepositoryUri=, solutionRepositoryUri=, auxiliaryRepositoryUris=null, auxiliaryRepositoryCheckoutDirectories=null], jobTimingInfo=JobTimingInfo[submissionDate=2025-02-14T23:45:06.443171206Z[Etc/UTC], buildStartDate=2025-02-14T23:46:06.443171307Z[Etc/UTC], buildCompletionDate=2025-02-14T23:47:06.443171517Z[Etc/UTC], estimatedCompletionDate=null, estimatedDuration=20], buildConfig=BuildConfig[buildScript=, dockerImage=, commitHashToBuild=test, assignmentCommitHash=, testCommitHash=, branch=, programmingLanguage=null, projectType=null, scaEnabled=false, sequentialTestRunsEnabled=false, resultPaths=null, timeoutSeconds=0, assignmentCheckoutPath=, testCheckoutPath=, solutionCheckoutPath=, dockerRunConfig=null], submissionResult=null]]
    23:45:06.454 | 566 localvc.event-13 | DEBUG | s.l.LocalCIWebsocketMessagingService : Sending message on topic /topic/courses/942/queued-jobs: [BuildJobQueueItem[id=1, name=job1, buildAgent=BuildAgentDTO[name=artemis-build-agent-test, memberAddress=[127.0.0.1]:5703, displayName=], participationId=1, courseId=942, exerciseId=1, retryCount=1, priority=1, status=SUCCESSFUL, repositoryInfo=RepositoryInfo[repositoryName=test, repositoryType=null, triggeredByPushTo=user, assignmentRepositoryUri=, testRepositoryUri=, solutionRepositoryUri=, auxiliaryRepositoryUris=null, auxiliaryRepositoryCheckoutDirectories=null], jobTimingInfo=JobTimingInfo[submissionDate=2025-02-14T23:46:06.443167730Z[Etc/UTC], buildStartDate=2025-02-14T23:47:06.443169744Z[Etc/UTC], buildCompletionDate=2025-02-14T23:48:06.443170184Z[Etc/UTC], estimatedCompletionDate=null, estimatedDuration=20], buildConfig=BuildConfig[buildScript=, dockerImage=, commitHashToBuild=test, assignmentCommitHash=, testCommitHash=, branch=, programmingLanguage=null, projectType=null, scaEnabled=false, sequentialTestRunsEnabled=false, resultPaths=null, timeoutSeconds=0, assignmentCheckoutPath=, testCheckoutPath=, solutionCheckoutPath=, dockerRunConfig=null], submissionResult=null], BuildJobQueueItem[id=2, name=job2, buildAgent=BuildAgentDTO[name=artemis-build-agent-test, memberAddress=[127.0.0.1]:5703, displayName=], participationId=2, courseId=942, exerciseId=1, retryCount=1, priority=2, status=SUCCESSFUL, repositoryInfo=RepositoryInfo[repositoryName=test, repositoryType=null, triggeredByPushTo=user, assignmentRepositoryUri=, testRepositoryUri=, solutionRepositoryUri=, auxiliaryRepositoryUris=null, auxiliaryRepositoryCheckoutDirectories=null], jobTimingInfo=JobTimingInfo[submissionDate=2025-02-14T23:45:06.443171206Z[Etc/UTC], buildStartDate=2025-02-14T23:46:06.443171307Z[Etc/UTC], buildCompletionDate=2025-02-14T23:47:06.443171517Z[Etc/UTC], estimatedCompletionDate=null, estimatedDuration=20], buildConfig=BuildConfig[buildScript=, dockerImage=, commitHashToBuild=test, assignmentCommitHash=, testCommitHash=, branch=, programmingLanguage=null, projectType=null, scaEnabled=false, sequentialTestRunsEnabled=false, resultPaths=null, timeoutSeconds=0, assignmentCheckoutPath=, testCheckoutPath=, solutionCheckoutPath=, dockerRunConfig=null], submissionResult=null]]
    23:45:06.454 | 566 localvc.event-13 | DEBUG | s.l.LocalCIWebsocketMessagingService : Sending message on topic /topic/admin/queued-jobs: [BuildJobQueueItem[id=1, name=job1, buildAgent=BuildAgentDTO[name=artemis-build-agent-test, memberAddress=[127.0.0.1]:5703, displayName=], participationId=1, courseId=942, exerciseId=1, retryCount=1, priority=1, status=SUCCESSFUL, repositoryInfo=RepositoryInfo[repositoryName=test, repositoryType=null, triggeredByPushTo=user, assignmentRepositoryUri=, testRepositoryUri=, solutionRepositoryUri=, auxiliaryRepositoryUris=null, auxiliaryRepositoryCheckoutDirectories=null], jobTimingInfo=JobTimingInfo[submissionDate=2025-02-14T23:46:06.443167730Z[Etc/UTC], buildStartDate=2025-02-14T23:47:06.443169744Z[Etc/UTC], buildCompletionDate=2025-02-14T23:48:06.443170184Z[Etc/UTC], estimatedCompletionDate=null, estimatedDuration=20], buildConfig=BuildConfig[buildScript=, dockerImage=, commitHashToBuild=test, assignmentCommitHash=, testCommitHash=, branch=, programmingLanguage=null, projectType=null, scaEnabled=false, sequentialTestRunsEnabled=false, resultPaths=null, timeoutSeconds=0, assignmentCheckoutPath=, testCheckoutPath=, solutionCheckoutPath=, dockerRunConfig=null], submissionResult=null], BuildJobQueueItem[id=2, name=job2, buildAgent=BuildAgentDTO[name=artemis-build-agent-test, memberAddress=[127.0.0.1]:5703, displayName=], participationId=2, courseId=942, exerciseId=1, retryCount=1, priority=2, status=SUCCESSFUL, repositoryInfo=RepositoryInfo[repositoryName=test, repositoryType=null, triggeredByPushTo=user, assignmentRepositoryUri=, testRepositoryUri=, solutionRepositoryUri=, auxiliaryRepositoryUris=null, auxiliaryRepositoryCheckoutDirectories=null], jobTimingInfo=JobTimingInfo[submissionDate=2025-02-14T23:45:06.443171206Z[Etc/UTC], buildStartDate=2025-02-14T23:46:06.443171307Z[Etc/UTC], buildCompletionDate=2025-02-14T23:47:06.443171517Z[Etc/UTC], estimatedCompletionDate=null, estimatedDuration=20], buildConfig=BuildConfig[buildScript=, dockerImage=, commitHashToBuild=test, assignmentCommitHash=, testCommitHash=, branch=, programmingLanguage=null, projectType=null, scaEnabled=false, sequentialTestRunsEnabled=false, resultPaths=null, timeoutSeconds=0, assignmentCheckoutPath=, testCheckoutPath=, solutionCheckoutPath=, dockerRunConfig=null], submissionResult=null]]
    23:45:06.454 | 566 localvc.event-13 | DEBUG | s.l.LocalCIWebsocketMessagingService : Sending message on topic /topic/courses/942/queued-jobs: [BuildJobQueueItem[id=1, name=job1, buildAgent=BuildAgentDTO[name=artemis-build-agent-test, memberAddress=[127.0.0.1]:5703, displayName=], participationId=1, courseId=942, exerciseId=1, retryCount=1, priority=1, status=SUCCESSFUL, repositoryInfo=RepositoryInfo[repositoryName=test, repositoryType=null, triggeredByPushTo=user, assignmentRepositoryUri=, testRepositoryUri=, solutionRepositoryUri=, auxiliaryRepositoryUris=null, auxiliaryRepositoryCheckoutDirectories=null], jobTimingInfo=JobTimingInfo[submissionDate=2025-02-14T23:46:06.443167730Z[Etc/UTC], buildStartDate=2025-02-14T23:47:06.443169744Z[Etc/UTC], buildCompletionDate=2025-02-14T23:48:06.443170184Z[Etc/UTC], estimatedCompletionDate=null, estimatedDuration=20], buildConfig=BuildConfig[buildScript=, dockerImage=, commitHashToBuild=test, assignmentCommitHash=, testCommitHash=, branch=, programmingLanguage=null, projectType=null, scaEnabled=false, sequentialTestRunsEnabled=false, resultPaths=null, timeoutSeconds=0, assignmentCheckoutPath=, testCheckoutPath=, solutionCheckoutPath=, dockerRunConfig=null], submissionResult=null], BuildJobQueueItem[id=2, name=job2, buildAgent=BuildAgentDTO[name=artemis-build-agent-test, memberAddress=[127.0.0.1]:5703, displayName=], participationId=2, courseId=942, exerciseId=1, retryCount=1, priority=2, status=SUCCESSFUL, repositoryInfo=RepositoryInfo[repositoryName=test, repositoryType=null, triggeredByPushTo=user, assignmentRepositoryUri=, testRepositoryUri=, solutionRepositoryUri=, auxiliaryRepositoryUris=null, auxiliaryRepositoryCheckoutDirectories=null], jobTimingInfo=JobTimingInfo[submissionDate=2025-02-14T23:45:06.443171206Z[Etc/UTC], buildStartDate=2025-02-14T23:46:06.443171307Z[Etc/UTC], buildCompletionDate=2025-02-14T23:47:06.443171517Z[Etc/UTC], estimatedCompletionDate=null, estimatedDuration=20], buildConfig=BuildConfig[buildScript=, dockerImage=, commitHashToBuild=test, assignmentCommitHash=, testCommitHash=, branch=, programmingLanguage=null, projectType=null, scaEnabled=false, sequentialTestRunsEnabled=false, resultPaths=null, timeoutSeconds=0, assignmentCheckoutPath=, testCheckoutPath=, solutionCheckoutPath=, dockerRunConfig=null], submissionResult=null]]
    23:45:06.454 | 588 artemis-task-1   | DEBUG | d.t.c.a.a.c.c.w.GzipMessageConverter : Compressed message payload from 1497 to 592 (saved 60.5% payload size)
    23:45:06.455 | 588 artemis-task-1   | DEBUG | d.t.c.a.a.c.c.w.GzipMessageConverter : Compressed message payload from 1497 to 592 (saved 60.5% payload size)
    23:45:06.455 | 588 artemis-task-1   | DEBUG | d.t.c.a.a.c.c.w.GzipMessageConverter : Compressed message payload from 1497 to 592 (saved 60.5% payload size)
    23:45:06.455 | 473 ool-1-worker-237 | DEBUG | .t.c.a.a.p.w.l.BuildJobQueueResource : REST request to cancel all queued build jobs for course 942
    23:45:06.456 | 588 artemis-task-1   | DEBUG | d.t.c.a.a.c.c.w.GzipMessageConverter : Compressed message payload from 1497 to 592 (saved 60.5% payload size)
    23:45:06.456 | 565 localvc.event-12 | DEBUG | a.p.s.l.LocalCIQueueWebsocketService : CIBuildJobQueueItem added to processing jobs: BuildJobQueueItem[id=2, name=job2, buildAgent=BuildAgentDTO[name=artemis-build-agent-test, memberAddress=[127.0.0.1]:5703, displayName=], participationId=2, courseId=942, exerciseId=1, retryCount=1, priority=2, status=SUCCESSFUL, repositoryInfo=RepositoryInfo[repositoryName=test, repositoryType=null, triggeredByPushTo=user, assignmentRepositoryUri=test, testRepositoryUri=test, solutionRepositoryUri=test, auxiliaryRepositoryUris=null, auxiliaryRepositoryCheckoutDirectories=null], jobTimingInfo=JobTimingInfo[submissionDate=2025-02-14T23:45:06.443171206Z[Etc/UTC], buildStartDate=2025-02-14T23:46:06.443171307Z[Etc/UTC], buildCompletionDate=2025-02-14T23:47:06.443171517Z[Etc/UTC], estimatedCompletionDate=null, estimatedDuration=20], buildConfig=BuildConfig[buildScript=echo 'test', dockerImage=test, commitHashToBuild=test, assignmentCommitHash=test, testCommitHash=test, branch=test, programmingLanguage=null, projectType=null, scaEnabled=false, sequentialTestRunsEnabled=false, resultPaths=null, timeoutSeconds=0, assignmentCheckoutPath=null, testCheckoutPath=null, solutionCheckoutPath=null, dockerRunConfig=null], submissionResult=null]
    23:45:06.457 | 565 localvc.event-12 | DEBUG | s.l.LocalCIWebsocketMessagingService : Sending message on topic /topic/admin/running-jobs: [BuildJobQueueItem[id=1, name=job1, buildAgent=BuildAgentDTO[name=artemis-build-agent-test, memberAddress=[127.0.0.1]:5703, displayName=], participationId=1, courseId=942, exerciseId=1, retryCount=1, priority=1, status=SUCCESSFUL, repositoryInfo=RepositoryInfo[repositoryName=test, repositoryType=null, triggeredByPushTo=user, assignmentRepositoryUri=, testRepositoryUri=, solutionRepositoryUri=, auxiliaryRepositoryUris=null, auxiliaryRepositoryCheckoutDirectories=null], jobTimingInfo=JobTimingInfo[submissionDate=2025-02-14T23:46:06.443167730Z[Etc/UTC], buildStartDate=2025-02-14T23:47:06.443169744Z[Etc/UTC], buildCompletionDate=2025-02-14T23:48:06.443170184Z[Etc/UTC], estimatedCompletionDate=null, estimatedDuration=20], buildConfig=BuildConfig[buildScript=, dockerImage=, commitHashToBuild=test, assignmentCommitHash=, testCommitHash=, branch=, programmingLanguage=null, projectType=null, scaEnabled=false, sequentialTestRunsEnabled=false, resultPaths=null, timeoutSeconds=0, assignmentCheckoutPath=, testCheckoutPath=, solutionCheckoutPath=, dockerRunConfig=null], submissionResult=null], BuildJobQueueItem[id=2, name=job2, buildAgent=BuildAgentDTO[name=artemis-build-agent-test, memberAddress=[127.0.0.1]:5703, displayName=], participationId=2, courseId=942, exerciseId=1, retryCount=1, priority=2, status=SUCCESSFUL, repositoryInfo=RepositoryInfo[repositoryName=test, repositoryType=null, triggeredByPushTo=user, assignmentRepositoryUri=, testRepositoryUri=, solutionRepositoryUri=, auxiliaryRepositoryUris=null, auxiliaryRepositoryCheckoutDirectories=null], jobTimingInfo=JobTimingInfo[submissionDate=2025-02-14T23:45:06.443171206Z[Etc/UTC], buildStartDate=2025-02-14T23:46:06.443171307Z[Etc/UTC], buildCompletionDate=2025-02-14T23:47:06.443171517Z[Etc/UTC], estimatedCompletionDate=null, estimatedDuration=20], buildConfig=BuildConfig[buildScript=, dockerImage=, commitHashToBuild=test, assignmentCommitHash=, testCommitHash=, branch=, programmingLanguage=null, projectType=null, scaEnabled=false, sequentialTestRunsEnabled=false, resultPaths=null, timeoutSeconds=0, assignmentCheckoutPath=, testCheckoutPath=, solutionCheckoutPath=, dockerRunConfig=null], submissionResult=null]]
    23:45:06.457 | 565 localvc.event-12 | DEBUG | s.l.LocalCIWebsocketMessagingService : Sending message on topic /topic/courses/942/running-jobs: [BuildJobQueueItem[id=1, name=job1, buildAgent=BuildAgentDTO[name=artemis-build-agent-test, memberAddress=[127.0.0.1]:5703, displayName=], participationId=1, courseId=942, exerciseId=1, retryCount=1, priority=1, status=SUCCESSFUL, repositoryInfo=RepositoryInfo[repositoryName=test, repositoryType=null, triggeredByPushTo=user, assignmentRepositoryUri=, testRepositoryUri=, solutionRepositoryUri=, auxiliaryRepositoryUris=null, auxiliaryRepositoryCheckoutDirectories=null], jobTimingInfo=JobTimingInfo[submissionDate=2025-02-14T23:46:06.443167730Z[Etc/UTC], buildStartDate=2025-02-14T23:47:06.443169744Z[Etc/UTC], buildCompletionDate=2025-02-14T23:48:06.443170184Z[Etc/UTC], estimatedCompletionDate=null, estimatedDuration=20], buildConfig=BuildConfig[buildScript=, dockerImage=, commitHashToBuild=test, assignmentCommitHash=, testCommitHash=, branch=, programmingLanguage=null, projectType=null, scaEnabled=false, sequentialTestRunsEnabled=false, resultPaths=null, timeoutSeconds=0, assignmentCheckoutPath=, testCheckoutPath=, solutionCheckoutPath=, dockerRunConfig=null], submissionResult=null], BuildJobQueueItem[id=2, name=job2, buildAgent=BuildAgentDTO[name=artemis-build-agent-test, memberAddress=[127.0.0.1]:5703, displayName=], participationId=2, courseId=942, exerciseId=1, retryCount=1, priority=2, status=SUCCESSFUL, repositoryInfo=RepositoryInfo[repositoryName=test, repositoryType=null, triggeredByPushTo=user, assignmentRepositoryUri=, testRepositoryUri=, solutionRepositoryUri=, auxiliaryRepositoryUris=null, auxiliaryRepositoryCheckoutDirectories=null], jobTimingInfo=JobTimingInfo[submissionDate=2025-02-14T23:45:06.443171206Z[Etc/UTC], buildStartDate=2025-02-14T23:46:06.443171307Z[Etc/UTC], buildCompletionDate=2025-02-14T23:47:06.443171517Z[Etc/UTC], estimatedCompletionDate=null, estimatedDuration=20], buildConfig=BuildConfig[buildScript=, dockerImage=, commitHashToBuild=test, assignmentCommitHash=, testCommitHash=, branch=, programmingLanguage=null, projectType=null, scaEnabled=false, sequentialTestRunsEnabled=false, resultPaths=null, timeoutSeconds=0, assignmentCheckoutPath=, testCheckoutPath=, solutionCheckoutPath=, dockerRunConfig=null], submissionResult=null]]
    23:45:06.457 | 588 artemis-task-1   | DEBUG | d.t.c.a.a.c.c.w.GzipMessageConverter : Compressed message payload from 1497 to 592 (saved 60.5% payload size)
    23:45:06.457 | 588 artemis-task-1   | DEBUG | d.t.c.a.a.c.c.w.GzipMessageConverter : Compressed message payload from 1497 to 592 (saved 60.5% payload size)
    23:45:06.465 | 615 taskScheduler-4  | DEBUG | a.a.b.s.SharedQueueProcessingService : Currently processing jobs on this node: 0, active threads in Pool: 0, maximum pool size of thread executor : 1
    23:45:06.466 | 566 localvc.event-13 | DEBUG | s.l.LocalCIWebsocketMessagingService : Sending message on topic /topic/admin/queued-jobs: []
    23:45:06.466 | 566 localvc.event-13 | DEBUG | s.l.LocalCIWebsocketMessagingService : Sending message on topic /topic/courses/942/queued-jobs: []
    23:45:06.466 | 566 localvc.event-13 | DEBUG | s.l.LocalCIWebsocketMessagingService : Sending message on topic /topic/admin/queued-jobs: []
    23:45:06.466 | 566 localvc.event-13 | DEBUG | s.l.LocalCIWebsocketMessagingService : Sending message on topic /topic/courses/942/queued-jobs: []

  Starting logs for LocalCIResourceIntegrationTest > testGetFinishedBuildJobs_returnsFilteredJobs()
    23:45:06.509 | 473 ool-1-worker-237 | DEBUG | d.t.c.a.a.c.u.util.UserUtilService   : Generate 2 students...
    23:45:06.518 | 473 ool-1-worker-237 | DEBUG | d.t.c.a.a.c.u.util.UserUtilService   : 2 students generated. Generate 1 tutors...
    23:45:06.522 | 473 ool-1-worker-237 | DEBUG | d.t.c.a.a.c.u.util.UserUtilService   : 1 tutors generated. Generate 0 editors...
    23:45:06.525 | 473 ool-1-worker-237 | DEBUG | d.t.c.a.a.c.u.util.UserUtilService   : 0 editors generated. Generate 2 instructors...
    23:45:06.534 | 473 ool-1-worker-237 | DEBUG | d.t.c.a.a.c.u.util.UserUtilService   : 2 instructors generated
    23:45:06.536 | 473 ool-1-worker-237 | DEBUG | d.t.c.a.a.c.u.util.UserUtilService   : Removing 4 users from all courses...
    23:45:06.537 | 473 ool-1-worker-237 | DEBUG | d.t.c.a.a.c.u.util.UserUtilService   : Removing 4 users from all courses. Done
    23:45:06.537 | 473 ool-1-worker-237 | DEBUG | d.t.c.a.a.c.u.util.UserUtilService   : Save 5 users to database...
    23:45:06.545 | 473 ool-1-worker-237 | DEBUG | d.t.c.a.a.c.u.util.UserUtilService   : Save 5 users to database. Done
    23:45:06.607 | 565 localvc.event-12 | DEBUG | a.p.s.l.LocalCIQueueWebsocketService : CIBuildJobQueueItem added to processing jobs: BuildJobQueueItem[id=1, name=job1, buildAgent=BuildAgentDTO[name=artemis-build-agent-test, memberAddress=[127.0.0.1]:5703, displayName=], participationId=1, courseId=943, exerciseId=1, retryCount=1, priority=1, status=SUCCESSFUL, repositoryInfo=RepositoryInfo[repositoryName=test, repositoryType=null, triggeredByPushTo=user, assignmentRepositoryUri=test, testRepositoryUri=test, solutionRepositoryUri=test, auxiliaryRepositoryUris=null, auxiliaryRepositoryCheckoutDirectories=null], jobTimingInfo=JobTimingInfo[submissionDate=2025-02-14T23:46:06.605829494Z[Etc/UTC], buildStartDate=2025-02-14T23:47:06.605831037Z[Etc/UTC], buildCompletionDate=2025-02-14T23:48:06.605831327Z[Etc/UTC], estimatedCompletionDate=null, estimatedDuration=20], buildConfig=BuildConfig[buildScript=echo 'test', dockerImage=test, commitHashToBuild=test, assignmentCommitHash=test, testCommitHash=test, branch=test, programmingLanguage=null, projectType=null, scaEnabled=false, sequentialTestRunsEnabled=false, resultPaths=null, timeoutSeconds=0, assignmentCheckoutPath=null, testCheckoutPath=null, solutionCheckoutPath=null, dockerRunConfig=null], submissionResult=null]
    23:45:06.608 | 565 localvc.event-12 | DEBUG | s.l.LocalCIWebsocketMessagingService : Sending message on topic /topic/admin/running-jobs: [BuildJobQueueItem[id=1, name=job1, buildAgent=BuildAgentDTO[name=artemis-build-agent-test, memberAddress=[127.0.0.1]:5703, displayName=], participationId=1, courseId=943, exerciseId=1, retryCount=1, priority=1, status=SUCCESSFUL, repositoryInfo=RepositoryInfo[repositoryName=test, repositoryType=null, triggeredByPushTo=user, assignmentRepositoryUri=, testRepositoryUri=, solutionRepositoryUri=, auxiliaryRepositoryUris=null, auxiliaryRepositoryCheckoutDirectories=null], jobTimingInfo=JobTimingInfo[submissionDate=2025-02-14T23:46:06.605829494Z[Etc/UTC], buildStartDate=2025-02-14T23:47:06.605831037Z[Etc/UTC], buildCompletionDate=2025-02-14T23:48:06.605831327Z[Etc/UTC], estimatedCompletionDate=null, estimatedDuration=20], buildConfig=BuildConfig[buildScript=, dockerImage=, commitHashToBuild=test, assignmentCommitHash=, testCommitHash=, branch=, programmingLanguage=null, projectType=null, scaEnabled=false, sequentialTestRunsEnabled=false, resultPaths=null, timeoutSeconds=0, assignmentCheckoutPath=, testCheckoutPath=, solutionCheckoutPath=, dockerRunConfig=null], submissionResult=null]]
    23:45:06.608 | 565 localvc.event-12 | DEBUG | s.l.LocalCIWebsocketMessagingService : Sending message on topic /topic/courses/943/running-jobs: [BuildJobQueueItem[id=1, name=job1, buildAgent=BuildAgentDTO[name=artemis-build-agent-test, memberAddress=[127.0.0.1]:5703, displayName=], participationId=1, courseId=943, exerciseId=1, retryCount=1, priority=1, status=SUCCESSFUL, repositoryInfo=RepositoryInfo[repositoryName=test, repositoryType=null, triggeredByPushTo=user, assignmentRepositoryUri=, testRepositoryUri=, solutionRepositoryUri=, auxiliaryRepositoryUris=null, auxiliaryRepositoryCheckoutDirectories=null], jobTimingInfo=JobTimingInfo[submissionDate=2025-02-14T23:46:06.605829494Z[Etc/UTC], buildStartDate=2025-02-14T23:47:06.605831037Z[Etc/UTC], buildCompletionDate=2025-02-14T23:48:06.605831327Z[Etc/UTC], estimatedCompletionDate=null, estimatedDuration=20], buildConfig=BuildConfig[buildScript=, dockerImage=, commitHashToBuild=test, assignmentCommitHash=, testCommitHash=, branch=, programmingLanguage=null, projectType=null, scaEnabled=false, sequentialTestRunsEnabled=false, resultPaths=null, timeoutSeconds=0, assignmentCheckoutPath=, testCheckoutPath=, solutionCheckoutPath=, dockerRunConfig=null], submissionResult=null]]
    23:45:06.610 | 588 artemis-task-1   | DEBUG | d.t.c.a.a.c.c.w.GzipMessageConverter : Compressed message payload from 750 to 524 (saved 30.1% payload size)
    23:45:06.610 | 588 artemis-task-1   | DEBUG | d.t.c.a.a.c.c.w.GzipMessageConverter : Compressed message payload from 750 to 524 (saved 30.1% payload size)
    23:45:06.611 | 473 ool-1-worker-237 | INFO  | i.z.t.d.l.EmbeddedDatabaseReporter   : JDBC URL to connect to 'dataSource': url='jdbc:h2:tcp://localhost:41063/mem:f240edcd-27ce-47a3-b4ab-a6a00c154135;USER=sa', scope='LocalCIResourceIntegrationTest#testGetFinishedBuildJobs_returnsFilteredJobs'
    23:45:06.613 | 566 localvc.event-13 | DEBUG | a.p.s.l.LocalCIQueueWebsocketService : Build agent added: BuildAgentInformation[buildAgent=BuildAgentDTO[name=artemis-build-agent-test, memberAddress=[127.0.0.1]:5703, displayName=], maxNumberOfConcurrentBuildJobs=2, numberOfCurrentBuildJobs=1, runningBuildJobs=[BuildJobQueueItem[id=1, name=job1, buildAgent=BuildAgentDTO[name=artemis-build-agent-test, memberAddress=[127.0.0.1]:5703, displayName=], participationId=1, courseId=943, exerciseId=1, retryCount=1, priority=1, status=SUCCESSFUL, repositoryInfo=RepositoryInfo[repositoryName=test, repositoryType=null, triggeredByPushTo=user, assignmentRepositoryUri=test, testRepositoryUri=test, solutionRepositoryUri=test, auxiliaryRepositoryUris=null, auxiliaryRepositoryCheckoutDirectories=null], jobTimingInfo=JobTimingInfo[submissionDate=2025-02-14T23:46:06.605829494Z[Etc/UTC], buildStartDate=2025-02-14T23:47:06.605831037Z[Etc/UTC], buildCompletionDate=2025-02-14T23:48:06.605831327Z[Etc/UTC], estimatedCompletionDate=null, estimatedDuration=20], buildConfig=BuildConfig[buildScript=echo 'test', dockerImage=test, commitHashToBuild=test, assignmentCommitHash=test, testCommitHash=test, branch=test, programmingLanguage=null, projectType=null, scaEnabled=false, sequentialTestRunsEnabled=false, resultPaths=null, timeoutSeconds=0, assignmentCheckoutPath=null, testCheckoutPath=null, solutionCheckoutPath=null, dockerRunConfig=null], submissionResult=null]], status=IDLE, recentBuildJobs=[BuildJobQueueItem[id=2, name=job2, buildAgent=BuildAgentDTO[name=artemis-build-agent-test, memberAddress=[127.0.0.1]:5703, displayName=], participationId=2, courseId=943, exerciseId=1, retryCount=1, priority=2, status=SUCCESSFUL, repositoryInfo=RepositoryInfo[repositoryName=test, repositoryType=null, triggeredByPushTo=user, assignmentRepositoryUri=test, testRepositoryUri=test, solutionRepositoryUri=test, auxiliaryRepositoryUris=null, auxiliaryRepositoryCheckoutDirectories=null], jobTimingInfo=JobTimingInfo[submissionDate=2025-02-14T23:45:06.605832279Z[Etc/UTC], buildStartDate=2025-02-14T23:46:06.605832400Z[Etc/UTC], buildCompletionDate=2025-02-14T23:47:06.605832600Z[Etc/UTC], estimatedCompletionDate=null, estimatedDuration=20], buildConfig=BuildConfig[buildScript=echo 'test', dockerImage=test, commitHashToBuild=test, assignmentCommitHash=test, testCommitHash=test, branch=test, programmingLanguage=null, projectType=null, scaEnabled=false, sequentialTestRunsEnabled=false, resultPaths=null, timeoutSeconds=0, assignmentCheckoutPath=null, testCheckoutPath=null, solutionCheckoutPath=null, dockerRunConfig=null], submissionResult=null]], publicSshKey=null]
    23:45:06.613 | 566 localvc.event-13 | DEBUG | s.l.LocalCIWebsocketMessagingService : Sending message on topic /topic/admin/build-agents: [BuildAgentInformation[buildAgent=BuildAgentDTO[name=artemis-build-agent-test, memberAddress=[127.0.0.1]:5703, displayName=], maxNumberOfConcurrentBuildJobs=2, numberOfCurrentBuildJobs=1, runningBuildJobs=[BuildJobQueueItem[id=1, name=job1, buildAgent=BuildAgentDTO[name=artemis-build-agent-test, memberAddress=[127.0.0.1]:5703, displayName=], participationId=1, courseId=943, exerciseId=1, retryCount=1, priority=1, status=SUCCESSFUL, repositoryInfo=RepositoryInfo[repositoryName=test, repositoryType=null, triggeredByPushTo=user, assignmentRepositoryUri=, testRepositoryUri=, solutionRepositoryUri=, auxiliaryRepositoryUris=null, auxiliaryRepositoryCheckoutDirectories=null], jobTimingInfo=JobTimingInfo[submissionDate=2025-02-14T23:46:06.605829494Z[Etc/UTC], buildStartDate=2025-02-14T23:47:06.605831037Z[Etc/UTC], buildCompletionDate=2025-02-14T23:48:06.605831327Z[Etc/UTC], estimatedCompletionDate=null, estimatedDuration=20], buildConfig=BuildConfig[buildScript=, dockerImage=, commitHashToBuild=test, assignmentCommitHash=, testCommitHash=, branch=, programmingLanguage=null, projectType=null, scaEnabled=false, sequentialTestRunsEnabled=false, resultPaths=null, timeoutSeconds=0, assignmentCheckoutPath=, testCheckoutPath=, solutionCheckoutPath=, dockerRunConfig=null], submissionResult=null]], status=IDLE, recentBuildJobs=null, publicSshKey=null]]
    23:45:06.613 | 565 localvc.event-12 | DEBUG | a.p.s.l.LocalCIQueueWebsocketService : CIBuildJobQueueItem added to processing jobs: BuildJobQueueItem[id=2, name=job2, buildAgent=BuildAgentDTO[name=artemis-build-agent-test, memberAddress=[127.0.0.1]:5703, displayName=], participationId=2, courseId=943, exerciseId=1, retryCount=1, priority=2, status=SUCCESSFUL, repositoryInfo=RepositoryInfo[repositoryName=test, repositoryType=null, triggeredByPushTo=user, assignmentRepositoryUri=test, testRepositoryUri=test, solutionRepositoryUri=test, auxiliaryRepositoryUris=null, auxiliaryRepositoryCheckoutDirectories=null], jobTimingInfo=JobTimingInfo[submissionDate=2025-02-14T23:45:06.605832279Z[Etc/UTC], buildStartDate=2025-02-14T23:46:06.605832400Z[Etc/UTC], buildCompletionDate=2025-02-14T23:47:06.605832600Z[Etc/UTC], estimatedCompletionDate=null, estimatedDuration=20], buildConfig=BuildConfig[buildScript=echo 'test', dockerImage=test, commitHashToBuild=test, assignmentCommitHash=test, testCommitHash=test, branch=test, programmingLanguage=null, projectType=null, scaEnabled=false, sequentialTestRunsEnabled=false, resultPaths=null, timeoutSeconds=0, assignmentCheckoutPath=null, testCheckoutPath=null, solutionCheckoutPath=null, dockerRunConfig=null], submissionResult=null]
    23:45:06.613 | 566 localvc.event-13 | DEBUG | s.l.LocalCIWebsocketMessagingService : Sending message on topic /topic/admin/build-agent/artemis-build-agent-test: BuildAgentInformation[buildAgent=BuildAgentDTO[name=artemis-build-agent-test, memberAddress=[127.0.0.1]:5703, displayName=], maxNumberOfConcurrentBuildJobs=2, numberOfCurrentBuildJobs=1, runningBuildJobs=[BuildJobQueueItem[id=1, name=job1, buildAgent=BuildAgentDTO[name=artemis-build-agent-test, memberAddress=[127.0.0.1]:5703, displayName=], participationId=1, courseId=943, exerciseId=1, retryCount=1, priority=1, status=SUCCESSFUL, repositoryInfo=RepositoryInfo[repositoryName=test, repositoryType=null, triggeredByPushTo=user, assignmentRepositoryUri=test, testRepositoryUri=test, solutionRepositoryUri=test, auxiliaryRepositoryUris=null, auxiliaryRepositoryCheckoutDirectories=null], jobTimingInfo=JobTimingInfo[submissionDate=2025-02-14T23:46:06.605829494Z[Etc/UTC], buildStartDate=2025-02-14T23:47:06.605831037Z[Etc/UTC], buildCompletionDate=2025-02-14T23:48:06.605831327Z[Etc/UTC], estimatedCompletionDate=null, estimatedDuration=20], buildConfig=BuildConfig[buildScript=echo 'test', dockerImage=test, commitHashToBuild=test, assignmentCommitHash=test, testCommitHash=test, branch=test, programmingLanguage=null, projectType=null, scaEnabled=false, sequentialTestRunsEnabled=false, resultPaths=null, timeoutSeconds=0, assignmentCheckoutPath=null, testCheckoutPath=null, solutionCheckoutPath=null, dockerRunConfig=null], submissionResult=null]], status=IDLE, recentBuildJobs=[BuildJobQueueItem[id=2, name=job2, buildAgent=BuildAgentDTO[name=artemis-build-agent-test, memberAddress=[127.0.0.1]:5703, displayName=], participationId=2, courseId=943, exerciseId=1, retryCount=1, priority=2, status=SUCCESSFUL, repositoryInfo=RepositoryInfo[repositoryName=test, repositoryType=null, triggeredByPushTo=user, assignmentRepositoryUri=test, testRepositoryUri=test, solutionRepositoryUri=test, auxiliaryRepositoryUris=null, auxiliaryRepositoryCheckoutDirectories=null], jobTimingInfo=JobTimingInfo[submissionDate=2025-02-14T23:45:06.605832279Z[Etc/UTC], buildStartDate=2025-02-14T23:46:06.605832400Z[Etc/UTC], buildCompletionDate=2025-02-14T23:47:06.605832600Z[Etc/UTC], estimatedCompletionDate=null, estimatedDuration=20], buildConfig=BuildConfig[buildScript=echo 'test', dockerImage=test, commitHashToBuild=test, assignmentCommitHash=test, testCommitHash=test, branch=test, programmingLanguage=null, projectType=null, scaEnabled=false, sequentialTestRunsEnabled=false, resultPaths=null, timeoutSeconds=0, assignmentCheckoutPath=null, testCheckoutPath=null, solutionCheckoutPath=null, dockerRunConfig=null], submissionResult=null]], publicSshKey=null]
    23:45:06.614 | 565 localvc.event-12 | DEBUG | s.l.LocalCIWebsocketMessagingService : Sending message on topic /topic/admin/running-jobs: [BuildJobQueueItem[id=1, name=job1, buildAgent=BuildAgentDTO[name=artemis-build-agent-test, memberAddress=[127.0.0.1]:5703, displayName=], participationId=1, courseId=943, exerciseId=1, retryCount=1, priority=1, status=SUCCESSFUL, repositoryInfo=RepositoryInfo[repositoryName=test, repositoryType=null, triggeredByPushTo=user, assignmentRepositoryUri=, testRepositoryUri=, solutionRepositoryUri=, auxiliaryRepositoryUris=null, auxiliaryRepositoryCheckoutDirectories=null], jobTimingInfo=JobTimingInfo[submissionDate=2025-02-14T23:46:06.605829494Z[Etc/UTC], buildStartDate=2025-02-14T23:47:06.605831037Z[Etc/UTC], buildCompletionDate=2025-02-14T23:48:06.605831327Z[Etc/UTC], estimatedCompletionDate=null, estimatedDuration=20], buildConfig=BuildConfig[buildScript=, dockerImage=, commitHashToBuild=test, assignmentCommitHash=, testCommitHash=, branch=, programmingLanguage=null, projectType=null, scaEnabled=false, sequentialTestRunsEnabled=false, resultPaths=null, timeoutSeconds=0, assignmentCheckoutPath=, testCheckoutPath=, solutionCheckoutPath=, dockerRunConfig=null], submissionResult=null], BuildJobQueueItem[id=2, name=job2, buildAgent=BuildAgentDTO[name=artemis-build-agent-test, memberAddress=[127.0.0.1]:5703, displayName=], participationId=2, courseId=943, exerciseId=1, retryCount=1, priority=2, status=SUCCESSFUL, repositoryInfo=RepositoryInfo[repositoryName=test, repositoryType=null, triggeredByPushTo=user, assignmentRepositoryUri=, testRepositoryUri=, solutionRepositoryUri=, auxiliaryRepositoryUris=null, auxiliaryRepositoryCheckoutDirectories=null], jobTimingInfo=JobTimingInfo[submissionDate=2025-02-14T23:45:06.605832279Z[Etc/UTC], buildStartDate=2025-02-14T23:46:06.605832400Z[Etc/UTC], buildCompletionDate=2025-02-14T23:47:06.605832600Z[Etc/UTC], estimatedCompletionDate=null, estimatedDuration=20], buildConfig=BuildConfig[buildScript=, dockerImage=, commitHashToBuild=test, assignmentCommitHash=, testCommitHash=, branch=, programmingLanguage=null, projectType=null, scaEnabled=false, sequentialTestRunsEnabled=false, resultPaths=null, timeoutSeconds=0, assignmentCheckoutPath=, testCheckoutPath=, solutionCheckoutPath=, dockerRunConfig=null], submissionResult=null]]
    23:45:06.614 | 566 localvc.event-13 | DEBUG | a.p.s.l.SharedQueueManagementService : Build agent added: null
    23:45:06.615 | 565 localvc.event-12 | DEBUG | s.l.LocalCIWebsocketMessagingService : Sending message on topic /topic/courses/943/running-jobs: [BuildJobQueueItem[id=1, name=job1, buildAgent=BuildAgentDTO[name=artemis-build-agent-test, memberAddress=[127.0.0.1]:5703, displayName=], participationId=1, courseId=943, exerciseId=1, retryCount=1, priority=1, status=SUCCESSFUL, repositoryInfo=RepositoryInfo[repositoryName=test, repositoryType=null, triggeredByPushTo=user, assignmentRepositoryUri=, testRepositoryUri=, solutionRepositoryUri=, auxiliaryRepositoryUris=null, auxiliaryRepositoryCheckoutDirectories=null], jobTimingInfo=JobTimingInfo[submissionDate=2025-02-14T23:46:06.605829494Z[Etc/UTC], buildStartDate=2025-02-14T23:47:06.605831037Z[Etc/UTC], buildCompletionDate=2025-02-14T23:48:06.605831327Z[Etc/UTC], estimatedCompletionDate=null, estimatedDuration=20], buildConfig=BuildConfig[buildScript=, dockerImage=, commitHashToBuild=test, assignmentCommitHash=, testCommitHash=, branch=, programmingLanguage=null, projectType=null, scaEnabled=false, sequentialTestRunsEnabled=false, resultPaths=null, timeoutSeconds=0, assignmentCheckoutPath=, testCheckoutPath=, solutionCheckoutPath=, dockerRunConfig=null], submissionResult=null], BuildJobQueueItem[id=2, name=job2, buildAgent=BuildAgentDTO[name=artemis-build-agent-test, memberAddress=[127.0.0.1]:5703, displayName=], participationId=2, courseId=943, exerciseId=1, retryCount=1, priority=2, status=SUCCESSFUL, repositoryInfo=RepositoryInfo[repositoryName=test, repositoryType=null, triggeredByPushTo=user, assignmentRepositoryUri=, testRepositoryUri=, solutionRepositoryUri=, auxiliaryRepositoryUris=null, auxiliaryRepositoryCheckoutDirectories=null], jobTimingInfo=JobTimingInfo[submissionDate=2025-02-14T23:45:06.605832279Z[Etc/UTC], buildStartDate=2025-02-14T23:46:06.605832400Z[Etc/UTC], buildCompletionDate=2025-02-14T23:47:06.605832600Z[Etc/UTC], estimatedCompletionDate=null, estimatedDuration=20], buildConfig=BuildConfig[buildScript=, dockerImage=, commitHashToBuild=test, assignmentCommitHash=, testCommitHash=, branch=, programmingLanguage=null, projectType=null, scaEnabled=false, sequentialTestRunsEnabled=false, resultPaths=null, timeoutSeconds=0, assignmentCheckoutPath=, testCheckoutPath=, solutionCheckoutPath=, dockerRunConfig=null], submissionResult=null]]
    23:45:06.621 | 588 artemis-task-1   | DEBUG | d.t.c.a.a.c.c.w.GzipMessageConverter : Compressed message payload from 1040 to 620 (saved 40.4% payload size)
    23:45:06.621 | 588 artemis-task-1   | DEBUG | d.t.c.a.a.c.c.w.GzipMessageConverter : Compressed message payload from 2428 to 792 (saved 67.4% payload size)
    23:45:06.622 | 588 artemis-task-1   | DEBUG | d.t.c.a.a.c.c.w.GzipMessageConverter : Compressed message payload from 1494 to 584 (saved 60.9% payload size)
    23:45:06.622 | 588 artemis-task-1   | DEBUG | d.t.c.a.a.c.c.w.GzipMessageConverter : Compressed message payload from 1494 to 584 (saved 60.9% payload size)
    23:45:06.624 | 473 ool-1-worker-237 | DEBUG | d.t.c.a.a.c.s.f.ApiVersionFilter     : Adding Version to Request GET /api/admin/finished-jobs
    23:45:06.628 | 473 ool-1-worker-237 | DEBUG | a.a.c.w.a.AdminBuildJobQueueResource : REST request to get a page of finished build jobs with build status FAILED, build agent address null, start date 2025-02-15T23:46:56.612164068Z[Etc/UTC] and end date 2025-02-15T23:55:16.612165140Z[Etc/UTC]
    23:45:06.640 | 614 taskScheduler-3  | DEBUG | a.a.b.s.SharedQueueProcessingService : Currently processing jobs on this node: 0, active threads in Pool: 0, maximum pool size of thread executor : 1

Finished logs for LocalCIResourceIntegrationTest
]]></system-out>
  <system-err><![CDATA[]]></system-err>
</testsuite>
