<?xml version="1.0" encoding="UTF-8"?>
<testsuite name="de.tum.cit.aet.artemis.atlas.architecture.AtlasRepositoryArchitectureTest" tests="16" skipped="0" failures="0" errors="0" timestamp="2025-02-14T23:39:17" hostname="fv-az1721-502" time="0.232">
  <properties/>
  <testcase name="testNoEntityGraphsOnQueries()" classname="de.tum.cit.aet.artemis.atlas.architecture.AtlasRepositoryArchitectureTest" time="0.015"/>
  <testcase name="testNoUnusedRepositoryMethods()" classname="de.tum.cit.aet.artemis.atlas.architecture.AtlasRepositoryArchitectureTest" time="0.025"/>
  <testcase name="testTransactional()" classname="de.tum.cit.aet.artemis.atlas.architecture.AtlasRepositoryArchitectureTest" time="0.019"/>
  <testcase name="shouldBeInRepositoryPackage()" classname="de.tum.cit.aet.artemis.atlas.architecture.AtlasRepositoryArchitectureTest" time="0.002"/>
  <testcase name="testRepositoryParamAnnotation()" classname="de.tum.cit.aet.artemis.atlas.architecture.AtlasRepositoryArchitectureTest" time="0.025"/>
  <testcase name="orElseThrowShouldNotBeCalled()" classname="de.tum.cit.aet.artemis.atlas.architecture.AtlasRepositoryArchitectureTest" time="0.017"/>
  <testcase name="repositoriesImplementArtemisJpaRepository()" classname="de.tum.cit.aet.artemis.atlas.architecture.AtlasRepositoryArchitectureTest" time="0.005"/>
  <testcase name="persistenceShouldNotAccessServices()" classname="de.tum.cit.aet.artemis.atlas.architecture.AtlasRepositoryArchitectureTest" time="0.005"/>
  <testcase name="usedInProductionCode()" classname="de.tum.cit.aet.artemis.atlas.architecture.AtlasRepositoryArchitectureTest" time="0.023"/>
  <testcase name="shouldBeAnnotatedRepository()" classname="de.tum.cit.aet.artemis.atlas.architecture.AtlasRepositoryArchitectureTest" time="0.005"/>
  <testcase name="enforceUsageOfTestRepository()" classname="de.tum.cit.aet.artemis.atlas.architecture.AtlasRepositoryArchitectureTest" time="0.008"/>
  <testcase name="testJPQLStyle()" classname="de.tum.cit.aet.artemis.atlas.architecture.AtlasRepositoryArchitectureTest" time="0.028"/>
  <testcase name="shouldBeNamedRepository()" classname="de.tum.cit.aet.artemis.atlas.architecture.AtlasRepositoryArchitectureTest" time="0.007"/>
  <testcase name="enforceStructureOfTestRepositories()" classname="de.tum.cit.aet.artemis.atlas.architecture.AtlasRepositoryArchitectureTest" time="0.01"/>
  <testcase name="testOnlySpringTransactionalAnnotation()" classname="de.tum.cit.aet.artemis.atlas.architecture.AtlasRepositoryArchitectureTest" time="0.025"/>
  <testcase name="enforcePrimaryBeanAnnotationOnTestRepositories()" classname="de.tum.cit.aet.artemis.atlas.architecture.AtlasRepositoryArchitectureTest" time="0.002"/>
  <system-out><![CDATA[
Starting logs for AtlasRepositoryArchitectureTest

  Starting logs for AtlasRepositoryArchitectureTest > testNoEntityGraphsOnQueries()

  Starting logs for AtlasRepositoryArchitectureTest > testNoUnusedRepositoryMethods()

  Starting logs for AtlasRepositoryArchitectureTest > testTransactional()

  Starting logs for AtlasRepositoryArchitectureTest > shouldBeInRepositoryPackage()

  Starting logs for AtlasRepositoryArchitectureTest > testRepositoryParamAnnotation()

  Starting logs for AtlasRepositoryArchitectureTest > orElseThrowShouldNotBeCalled()

  Starting logs for AtlasRepositoryArchitectureTest > repositoriesImplementArtemisJpaRepository()

  Starting logs for AtlasRepositoryArchitectureTest > persistenceShouldNotAccessServices()

  Starting logs for AtlasRepositoryArchitectureTest > usedInProductionCode()

  Starting logs for AtlasRepositoryArchitectureTest > shouldBeAnnotatedRepository()

  Starting logs for AtlasRepositoryArchitectureTest > enforceUsageOfTestRepository()

  Starting logs for AtlasRepositoryArchitectureTest > testJPQLStyle()

  Starting logs for AtlasRepositoryArchitectureTest > shouldBeNamedRepository()

  Starting logs for AtlasRepositoryArchitectureTest > enforceStructureOfTestRepositories()

  Starting logs for AtlasRepositoryArchitectureTest > testOnlySpringTransactionalAnnotation()

  Starting logs for AtlasRepositoryArchitectureTest > enforcePrimaryBeanAnnotationOnTestRepositories()

Finished logs for AtlasRepositoryArchitectureTest
]]></system-out>
  <system-err><![CDATA[]]></system-err>
</testsuite>
