<?xml version="1.0" encoding="UTF-8"?>
<testsuite name="de.tum.cit.aet.artemis.atlas.competency.CourseCompetencyIntegrationTest" tests="15" skipped="0" failures="0" errors="0" timestamp="2025-02-14T23:43:00" hostname="fv-az1721-502" time="1.561">
  <properties/>
  <testcase name="testShouldReturnForbiddenForStudentNotInCourse()" classname="de.tum.cit.aet.artemis.atlas.competency.CourseCompetencyIntegrationTest" time="0.14"/>
  <testcase name="shouldImportAllCompetenciesWithSomeExisting()" classname="de.tum.cit.aet.artemis.atlas.competency.CourseCompetencyIntegrationTest" time="0.091"/>
  <testcase name="getCompetencyRelationsShouldGetRelations()" classname="de.tum.cit.aet.artemis.atlas.competency.CourseCompetencyIntegrationTest" time="0.083"/>
  <testcase name="shouldReturnCompetencyForStudent()" classname="de.tum.cit.aet.artemis.atlas.competency.CourseCompetencyIntegrationTest" time="0.147"/>
  <testcase name="shouldReturnBadRequestForImportFromSameCourse()" classname="de.tum.cit.aet.artemis.atlas.competency.CourseCompetencyIntegrationTest" time="0.096"/>
  <testcase name="testShouldOnlySendUserSpecificData()" classname="de.tum.cit.aet.artemis.atlas.competency.CourseCompetencyIntegrationTest" time="0.088"/>
  <testcase name="shouldReturnCompetenciesForStudentOfCourseFiltered()" classname="de.tum.cit.aet.artemis.atlas.competency.CourseCompetencyIntegrationTest" time="0.052"/>
  <testcase name="shouldImportAllExerciseAndLectureWithCompetency()" classname="de.tum.cit.aet.artemis.atlas.competency.CourseCompetencyIntegrationTest" time="0.13"/>
  <testcase name="shouldReturnForbiddenForUserNotInCourse()" classname="de.tum.cit.aet.artemis.atlas.competency.CourseCompetencyIntegrationTest" time="0.066"/>
  <testcase name="shouldImportAllCompetencies()" classname="de.tum.cit.aet.artemis.atlas.competency.CourseCompetencyIntegrationTest" time="0.121"/>
  <testcase name="shouldReturnCompetenciesForStudentOfCourse()" classname="de.tum.cit.aet.artemis.atlas.competency.CourseCompetencyIntegrationTest" time="0.123"/>
  <testcase name="deleteCompetencyRelationShouldDeleteRelation()" classname="de.tum.cit.aet.artemis.atlas.competency.CourseCompetencyIntegrationTest" time="0.077"/>
  <testcase name="shouldReturnBadRequestForWrongCourse()" classname="de.tum.cit.aet.artemis.atlas.competency.CourseCompetencyIntegrationTest" time="0.071"/>
  <testcase name="shouldReturnForbiddenForInstructorNotInCourse()" classname="de.tum.cit.aet.artemis.atlas.competency.CourseCompetencyIntegrationTest" time="0.067"/>
  <testcase name="shouldImportAllExerciseAndLectureWithCompetencyAndChangeDates()" classname="de.tum.cit.aet.artemis.atlas.competency.CourseCompetencyIntegrationTest" time="0.126"/>
  <system-out><![CDATA[
Starting logs for CourseCompetencyIntegrationTest

  Starting logs for CourseCompetencyIntegrationTest > testShouldReturnForbiddenForStudentNotInCourse()
    23:43:00.957 | 120 Pool-1-worker-35 | DEBUG | d.t.c.a.a.c.u.util.UserUtilService   : Generate 2 students...
    23:43:00.960 | 120 Pool-1-worker-35 | DEBUG | d.t.c.a.a.c.u.util.UserUtilService   : 2 students generated. Generate 1 tutors...
    23:43:00.962 | 120 Pool-1-worker-35 | DEBUG | d.t.c.a.a.c.u.util.UserUtilService   : 1 tutors generated. Generate 1 editors...
    23:43:00.963 | 120 Pool-1-worker-35 | DEBUG | d.t.c.a.a.c.u.util.UserUtilService   : 1 editors generated. Generate 1 instructors...
    23:43:00.965 | 120 Pool-1-worker-35 | DEBUG | d.t.c.a.a.c.u.util.UserUtilService   : 1 instructors generated
    23:43:00.966 | 120 Pool-1-worker-35 | DEBUG | d.t.c.a.a.c.u.util.UserUtilService   : Removing 2 users from all courses...
    23:43:00.967 | 120 Pool-1-worker-35 | DEBUG | d.t.c.a.a.c.u.util.UserUtilService   : Removing 2 users from all courses. Done
    23:43:00.967 | 120 Pool-1-worker-35 | DEBUG | d.t.c.a.a.c.u.util.UserUtilService   : Save 5 users to database...
    23:43:00.969 | 120 Pool-1-worker-35 | DEBUG | d.t.c.a.a.c.u.util.UserUtilService   : Save 5 users to database. Done
    23:43:01.022 | 120 Pool-1-worker-35 | INFO  | i.z.t.d.l.EmbeddedDatabaseReporter   : JDBC URL to connect to 'dataSource': url='jdbc:h2:tcp://localhost:41063/mem:df70fc46-7e57-4cb5-9cd0-c1d90c14afa7;USER=sa', scope='CourseCompetencyIntegrationTest#testShouldReturnForbiddenForStudentNotInCourse'
    23:43:01.026 | 120 Pool-1-worker-35 | DEBUG | d.t.c.a.a.c.s.f.ApiVersionFilter     : Adding Version to Request GET /api/courses/594/course-competencies
    23:43:01.061 | 120 Pool-1-worker-35 | WARN  | o.z.p.spring.common.AdviceTraits     : Forbidden: You are not allowed to access the Course with id 594

  Starting logs for CourseCompetencyIntegrationTest > shouldImportAllCompetenciesWithSomeExisting()
    23:43:01.154 | 120 Pool-1-worker-35 | DEBUG | d.t.c.a.a.c.u.util.UserUtilService   : Generate 2 students...
    23:43:01.162 | 120 Pool-1-worker-35 | DEBUG | d.t.c.a.a.c.u.util.UserUtilService   : 2 students generated. Generate 1 tutors...
    23:43:01.164 | 120 Pool-1-worker-35 | DEBUG | d.t.c.a.a.c.u.util.UserUtilService   : 1 tutors generated. Generate 1 editors...
    23:43:01.166 | 120 Pool-1-worker-35 | DEBUG | d.t.c.a.a.c.u.util.UserUtilService   : 1 editors generated. Generate 1 instructors...
    23:43:01.168 | 120 Pool-1-worker-35 | DEBUG | d.t.c.a.a.c.u.util.UserUtilService   : 1 instructors generated
    23:43:01.169 | 120 Pool-1-worker-35 | DEBUG | d.t.c.a.a.c.u.util.UserUtilService   : Removing 5 users from all courses...
    23:43:01.169 | 120 Pool-1-worker-35 | DEBUG | d.t.c.a.a.c.u.util.UserUtilService   : Removing 5 users from all courses. Done
    23:43:01.169 | 120 Pool-1-worker-35 | DEBUG | d.t.c.a.a.c.u.util.UserUtilService   : Save 5 users to database...
    23:43:01.176 | 120 Pool-1-worker-35 | DEBUG | d.t.c.a.a.c.u.util.UserUtilService   : Save 5 users to database. Done
    23:43:01.199 | 120 Pool-1-worker-35 | INFO  | i.z.t.d.l.EmbeddedDatabaseReporter   : JDBC URL to connect to 'dataSource': url='jdbc:h2:tcp://localhost:41063/mem:df70fc46-7e57-4cb5-9cd0-c1d90c14afa7;USER=sa', scope='CourseCompetencyIntegrationTest#shouldImportAllCompetenciesWithSomeExisting'
    23:43:01.202 | 120 Pool-1-worker-35 | DEBUG | d.t.c.a.a.c.s.f.ApiVersionFilter     : Adding Version to Request POST /api/courses/597/course-competencies/import-all
    23:43:01.205 | 120 Pool-1-worker-35 | INFO  | t.c.a.a.a.w.CourseCompetencyResource : REST request to all course competencies from course Optional[596] into course 597

  Starting logs for CourseCompetencyIntegrationTest > getCompetencyRelationsShouldGetRelations()
    23:43:01.244 | 120 Pool-1-worker-35 | DEBUG | d.t.c.a.a.c.u.util.UserUtilService   : Generate 2 students...
    23:43:01.248 | 120 Pool-1-worker-35 | DEBUG | d.t.c.a.a.c.u.util.UserUtilService   : 2 students generated. Generate 1 tutors...
    23:43:01.250 | 120 Pool-1-worker-35 | DEBUG | d.t.c.a.a.c.u.util.UserUtilService   : 1 tutors generated. Generate 1 editors...
    23:43:01.253 | 120 Pool-1-worker-35 | DEBUG | d.t.c.a.a.c.u.util.UserUtilService   : 1 editors generated. Generate 1 instructors...
    23:43:01.256 | 120 Pool-1-worker-35 | DEBUG | d.t.c.a.a.c.u.util.UserUtilService   : 1 instructors generated
    23:43:01.257 | 120 Pool-1-worker-35 | DEBUG | d.t.c.a.a.c.u.util.UserUtilService   : Removing 5 users from all courses...
    23:43:01.258 | 120 Pool-1-worker-35 | DEBUG | d.t.c.a.a.c.u.util.UserUtilService   : Removing 5 users from all courses. Done
    23:43:01.258 | 120 Pool-1-worker-35 | DEBUG | d.t.c.a.a.c.u.util.UserUtilService   : Save 5 users to database...
    23:43:01.262 | 120 Pool-1-worker-35 | DEBUG | d.t.c.a.a.c.u.util.UserUtilService   : Save 5 users to database. Done
    23:43:01.296 | 120 Pool-1-worker-35 | INFO  | i.z.t.d.l.EmbeddedDatabaseReporter   : JDBC URL to connect to 'dataSource': url='jdbc:h2:tcp://localhost:41063/mem:df70fc46-7e57-4cb5-9cd0-c1d90c14afa7;USER=sa', scope='CourseCompetencyIntegrationTest#getCompetencyRelationsShouldGetRelations'
    23:43:01.303 | 120 Pool-1-worker-35 | DEBUG | d.t.c.a.a.c.s.f.ApiVersionFilter     : Adding Version to Request GET /api/courses/598/course-competencies/relations
    23:43:01.308 | 120 Pool-1-worker-35 | DEBUG | t.c.a.a.a.w.CourseCompetencyResource : REST request to get relations for course: 598

  Starting logs for CourseCompetencyIntegrationTest > shouldReturnCompetencyForStudent()
    23:43:01.328 | 120 Pool-1-worker-35 | DEBUG | d.t.c.a.a.c.u.util.UserUtilService   : Generate 2 students...
    23:43:01.332 | 120 Pool-1-worker-35 | DEBUG | d.t.c.a.a.c.u.util.UserUtilService   : 2 students generated. Generate 1 tutors...
    23:43:01.334 | 120 Pool-1-worker-35 | DEBUG | d.t.c.a.a.c.u.util.UserUtilService   : 1 tutors generated. Generate 1 editors...
    23:43:01.337 | 120 Pool-1-worker-35 | DEBUG | d.t.c.a.a.c.u.util.UserUtilService   : 1 editors generated. Generate 1 instructors...
    23:43:01.340 | 120 Pool-1-worker-35 | DEBUG | d.t.c.a.a.c.u.util.UserUtilService   : 1 instructors generated
    23:43:01.341 | 120 Pool-1-worker-35 | DEBUG | d.t.c.a.a.c.u.util.UserUtilService   : Removing 5 users from all courses...
    23:43:01.342 | 120 Pool-1-worker-35 | DEBUG | d.t.c.a.a.c.u.util.UserUtilService   : Removing 5 users from all courses. Done
    23:43:01.342 | 120 Pool-1-worker-35 | DEBUG | d.t.c.a.a.c.u.util.UserUtilService   : Save 5 users to database...
    23:43:01.348 | 120 Pool-1-worker-35 | DEBUG | d.t.c.a.a.c.u.util.UserUtilService   : Save 5 users to database. Done
    23:43:01.420 | 120 Pool-1-worker-35 | INFO  | i.z.t.d.l.EmbeddedDatabaseReporter   : JDBC URL to connect to 'dataSource': url='jdbc:h2:tcp://localhost:41063/mem:df70fc46-7e57-4cb5-9cd0-c1d90c14afa7;USER=sa', scope='CourseCompetencyIntegrationTest#shouldReturnCompetencyForStudent'
    23:43:01.422 | 120 Pool-1-worker-35 | DEBUG | d.t.c.a.a.c.s.f.ApiVersionFilter     : Adding Version to Request GET /api/courses/600/course-competencies/135
    23:43:01.428 | 120 Pool-1-worker-35 | INFO  | t.c.a.a.a.w.CourseCompetencyResource : REST request to get Competency : 135

  Starting logs for CourseCompetencyIntegrationTest > shouldReturnBadRequestForImportFromSameCourse()
    23:43:01.486 | 120 Pool-1-worker-35 | DEBUG | d.t.c.a.a.c.u.util.UserUtilService   : Generate 2 students...
    23:43:01.494 | 120 Pool-1-worker-35 | DEBUG | d.t.c.a.a.c.u.util.UserUtilService   : 2 students generated. Generate 1 tutors...
    23:43:01.499 | 120 Pool-1-worker-35 | DEBUG | d.t.c.a.a.c.u.util.UserUtilService   : 1 tutors generated. Generate 1 editors...
    23:43:01.505 | 120 Pool-1-worker-35 | DEBUG | d.t.c.a.a.c.u.util.UserUtilService   : 1 editors generated. Generate 1 instructors...
    23:43:01.512 | 120 Pool-1-worker-35 | DEBUG | d.t.c.a.a.c.u.util.UserUtilService   : 1 instructors generated
    23:43:01.515 | 120 Pool-1-worker-35 | DEBUG | d.t.c.a.a.c.u.util.UserUtilService   : Removing 5 users from all courses...
    23:43:01.516 | 120 Pool-1-worker-35 | DEBUG | d.t.c.a.a.c.u.util.UserUtilService   : Removing 5 users from all courses. Done
    23:43:01.516 | 120 Pool-1-worker-35 | DEBUG | d.t.c.a.a.c.u.util.UserUtilService   : Save 5 users to database...
    23:43:01.524 | 120 Pool-1-worker-35 | DEBUG | d.t.c.a.a.c.u.util.UserUtilService   : Save 5 users to database. Done
    23:43:01.553 | 120 Pool-1-worker-35 | INFO  | i.z.t.d.l.EmbeddedDatabaseReporter   : JDBC URL to connect to 'dataSource': url='jdbc:h2:tcp://localhost:41063/mem:df70fc46-7e57-4cb5-9cd0-c1d90c14afa7;USER=sa', scope='CourseCompetencyIntegrationTest#shouldReturnBadRequestForImportFromSameCourse'
    23:43:01.554 | 120 Pool-1-worker-35 | DEBUG | d.t.c.a.a.c.s.f.ApiVersionFilter     : Adding Version to Request POST /api/courses/602/course-competencies/import-all
    23:43:01.556 | 120 Pool-1-worker-35 | INFO  | t.c.a.a.a.w.CourseCompetencyResource : REST request to all course competencies from course Optional[602] into course 602
    23:43:01.557 | 120 Pool-1-worker-35 | ERROR | tech.jhipster.web.util.HeaderUtil    : Entity processing failed, Cannot import from a course into itself
    23:43:01.557 | 120 Pool-1-worker-35 | WARN  | o.z.p.spring.common.AdviceTraits     : Bad Request: Cannot import from a course into itself

  Starting logs for CourseCompetencyIntegrationTest > testShouldOnlySendUserSpecificData()
    23:43:01.576 | 120 Pool-1-worker-35 | DEBUG | d.t.c.a.a.c.u.util.UserUtilService   : Generate 2 students...
    23:43:01.586 | 120 Pool-1-worker-35 | DEBUG | d.t.c.a.a.c.u.util.UserUtilService   : 2 students generated. Generate 1 tutors...
    23:43:01.589 | 120 Pool-1-worker-35 | DEBUG | d.t.c.a.a.c.u.util.UserUtilService   : 1 tutors generated. Generate 1 editors...
    23:43:01.595 | 120 Pool-1-worker-35 | DEBUG | d.t.c.a.a.c.u.util.UserUtilService   : 1 editors generated. Generate 1 instructors...
    23:43:01.600 | 120 Pool-1-worker-35 | DEBUG | d.t.c.a.a.c.u.util.UserUtilService   : 1 instructors generated
    23:43:01.601 | 120 Pool-1-worker-35 | DEBUG | d.t.c.a.a.c.u.util.UserUtilService   : Removing 5 users from all courses...
    23:43:01.602 | 120 Pool-1-worker-35 | DEBUG | d.t.c.a.a.c.u.util.UserUtilService   : Removing 5 users from all courses. Done
    23:43:01.602 | 120 Pool-1-worker-35 | DEBUG | d.t.c.a.a.c.u.util.UserUtilService   : Save 5 users to database...
    23:43:01.606 | 120 Pool-1-worker-35 | DEBUG | d.t.c.a.a.c.u.util.UserUtilService   : Save 5 users to database. Done
    23:43:01.636 | 120 Pool-1-worker-35 | INFO  | i.z.t.d.l.EmbeddedDatabaseReporter   : JDBC URL to connect to 'dataSource': url='jdbc:h2:tcp://localhost:41063/mem:df70fc46-7e57-4cb5-9cd0-c1d90c14afa7;USER=sa', scope='CourseCompetencyIntegrationTest#testShouldOnlySendUserSpecificData'
    23:43:01.641 | 120 Pool-1-worker-35 | DEBUG | d.t.c.a.a.c.s.f.ApiVersionFilter     : Adding Version to Request GET /api/courses/604/course-competencies/137
    23:43:01.643 | 120 Pool-1-worker-35 | INFO  | t.c.a.a.a.w.CourseCompetencyResource : REST request to get Competency : 137

  Starting logs for CourseCompetencyIntegrationTest > shouldReturnCompetenciesForStudentOfCourseFiltered()
    23:43:01.662 | 120 Pool-1-worker-35 | DEBUG | d.t.c.a.a.c.u.util.UserUtilService   : Generate 2 students...
    23:43:01.665 | 120 Pool-1-worker-35 | DEBUG | d.t.c.a.a.c.u.util.UserUtilService   : 2 students generated. Generate 1 tutors...
    23:43:01.667 | 120 Pool-1-worker-35 | DEBUG | d.t.c.a.a.c.u.util.UserUtilService   : 1 tutors generated. Generate 1 editors...
    23:43:01.670 | 120 Pool-1-worker-35 | DEBUG | d.t.c.a.a.c.u.util.UserUtilService   : 1 editors generated. Generate 1 instructors...
    23:43:01.672 | 120 Pool-1-worker-35 | DEBUG | d.t.c.a.a.c.u.util.UserUtilService   : 1 instructors generated
    23:43:01.672 | 120 Pool-1-worker-35 | DEBUG | d.t.c.a.a.c.u.util.UserUtilService   : Removing 5 users from all courses...
    23:43:01.673 | 120 Pool-1-worker-35 | DEBUG | d.t.c.a.a.c.u.util.UserUtilService   : Removing 5 users from all courses. Done
    23:43:01.673 | 120 Pool-1-worker-35 | DEBUG | d.t.c.a.a.c.u.util.UserUtilService   : Save 5 users to database...
    23:43:01.676 | 120 Pool-1-worker-35 | DEBUG | d.t.c.a.a.c.u.util.UserUtilService   : Save 5 users to database. Done
    23:43:01.697 | 120 Pool-1-worker-35 | INFO  | i.z.t.d.l.EmbeddedDatabaseReporter   : JDBC URL to connect to 'dataSource': url='jdbc:h2:tcp://localhost:41063/mem:df70fc46-7e57-4cb5-9cd0-c1d90c14afa7;USER=sa', scope='CourseCompetencyIntegrationTest#shouldReturnCompetenciesForStudentOfCourseFiltered'
    23:43:01.699 | 120 Pool-1-worker-35 | DEBUG | d.t.c.a.a.c.s.f.ApiVersionFilter     : Adding Version to Request GET /api/courses/606/course-competencies
    23:43:01.700 | 120 Pool-1-worker-35 | DEBUG | t.c.a.a.a.w.CourseCompetencyResource : REST request to get competencies for course with id: 606

  Starting logs for CourseCompetencyIntegrationTest > shouldImportAllExerciseAndLectureWithCompetency()
    23:43:01.715 | 120 Pool-1-worker-35 | DEBUG | d.t.c.a.a.c.u.util.UserUtilService   : Generate 2 students...
    23:43:01.718 | 120 Pool-1-worker-35 | DEBUG | d.t.c.a.a.c.u.util.UserUtilService   : 2 students generated. Generate 1 tutors...
    23:43:01.721 | 120 Pool-1-worker-35 | DEBUG | d.t.c.a.a.c.u.util.UserUtilService   : 1 tutors generated. Generate 1 editors...
    23:43:01.723 | 120 Pool-1-worker-35 | DEBUG | d.t.c.a.a.c.u.util.UserUtilService   : 1 editors generated. Generate 1 instructors...
    23:43:01.725 | 120 Pool-1-worker-35 | DEBUG | d.t.c.a.a.c.u.util.UserUtilService   : 1 instructors generated
    23:43:01.726 | 120 Pool-1-worker-35 | DEBUG | d.t.c.a.a.c.u.util.UserUtilService   : Removing 5 users from all courses...
    23:43:01.727 | 120 Pool-1-worker-35 | DEBUG | d.t.c.a.a.c.u.util.UserUtilService   : Removing 5 users from all courses. Done
    23:43:01.727 | 120 Pool-1-worker-35 | DEBUG | d.t.c.a.a.c.u.util.UserUtilService   : Save 5 users to database...
    23:43:01.730 | 120 Pool-1-worker-35 | DEBUG | d.t.c.a.a.c.u.util.UserUtilService   : Save 5 users to database. Done
    23:43:01.756 | 120 Pool-1-worker-35 | INFO  | i.z.t.d.l.EmbeddedDatabaseReporter   : JDBC URL to connect to 'dataSource': url='jdbc:h2:tcp://localhost:41063/mem:df70fc46-7e57-4cb5-9cd0-c1d90c14afa7;USER=sa', scope='CourseCompetencyIntegrationTest#shouldImportAllExerciseAndLectureWithCompetency'
    23:43:01.760 | 120 Pool-1-worker-35 | DEBUG | d.t.c.a.a.c.s.f.ApiVersionFilter     : Adding Version to Request POST /api/courses/609/course-competencies/import-all
    23:43:01.761 | 120 Pool-1-worker-35 | INFO  | t.c.a.a.a.w.CourseCompetencyResource : REST request to all course competencies from course Optional[608] into course 609
    23:43:01.766 | 120 Pool-1-worker-35 | DEBUG | .c.a.a.t.s.TextExerciseImportService : Creating a new Exercise based on exercise TextExercise{id=null, exampleSolution='This is my example solution'}
    23:43:01.766 | 120 Pool-1-worker-35 | DEBUG | .c.a.a.t.s.TextExerciseImportService : Copying the exercise basis from TextExercise{id=null, exampleSolution='This is my example solution'}
    23:43:01.774 | 120 Pool-1-worker-35 | DEBUG | .c.a.a.t.s.TextExerciseImportService : Copying the ExampleSubmissions to new Exercise: TextExercise{id=563, exampleSolution='This is my example solution'}
    23:43:01.778 | 621 artemis-task-1   | DEBUG | .a.a.a.s.c.CompetencyProgressService : Updating competency progress for 0 users.
    23:43:01.781 | 120 Pool-1-worker-35 | ERROR | .a.a.a.s.LearningObjectImportService : Failed to import exercise with title 06c9ecb0-0305-45dc-b1d9-e0a5212dfaf0 together with its competency with id 140
java.util.NoSuchElementException: No value present
	at java.base/java.util.Optional.orElseThrow(Optional.java:377)
	at de.tum.cit.aet.artemis.programming.service.ProgrammingExerciseService.checkIfProjectExists(ProgrammingExerciseService.java:981)
	at de.tum.cit.aet.artemis.programming.service.ProgrammingExerciseImportService.importProgrammingExercise(ProgrammingExerciseImportService.java:291)
	at de.tum.cit.aet.artemis.atlas.service.LearningObjectImportService.importOrLoadProgrammingExercise(LearningObjectImportService.java:258)
	at de.tum.cit.aet.artemis.atlas.service.LearningObjectImportService.importOrLoadExercise(LearningObjectImportService.java:204)
	at de.tum.cit.aet.artemis.atlas.service.LearningObjectImportService.lambda$importOrLoadExercises$0(LearningObjectImportService.java:184)
	at java.base/java.lang.Iterable.forEach(Iterable.java:75)
	at de.tum.cit.aet.artemis.atlas.service.LearningObjectImportService.importOrLoadExercises(LearningObjectImportService.java:182)
	at de.tum.cit.aet.artemis.atlas.service.LearningObjectImportService.importRelatedLearningObjects(LearningObjectImportService.java:161)
	at de.tum.cit.aet.artemis.atlas.service.competency.CourseCompetencyService.importCourseCompetencies(CourseCompetencyService.java:274)
	at de.tum.cit.aet.artemis.atlas.service.competency.CourseCompetencyService.importCourseCompetencies(CourseCompetencyService.java:224)
	at de.tum.cit.aet.artemis.atlas.web.CourseCompetencyResource.importAllCompetenciesFromCourse(CourseCompetencyResource.java:264)
	at java.base/jdk.internal.reflect.DirectMethodHandleAccessor.invoke(DirectMethodHandleAccessor.java:103)
	at java.base/java.lang.reflect.Method.invoke(Method.java:580)
	at org.springframework.aop.support.AopUtils.invokeJoinpointUsingReflection(AopUtils.java:359)
	at org.springframework.aop.framework.ReflectiveMethodInvocation.invokeJoinpoint(ReflectiveMethodInvocation.java:196)
	at org.springframework.aop.framework.ReflectiveMethodInvocation.proceed(ReflectiveMethodInvocation.java:163)
	at org.springframework.aop.aspectj.MethodInvocationProceedingJoinPoint.proceed(MethodInvocationProceedingJoinPoint.java:89)
	at de.tum.cit.aet.artemis.core.security.annotations.EnforceRoleInResourceAspect.around(EnforceRoleInResourceAspect.java:90)
	at java.base/jdk.internal.reflect.DirectMethodHandleAccessor.invoke(DirectMethodHandleAccessor.java:103)
	at java.base/java.lang.reflect.Method.invoke(Method.java:580)
	at org.springframework.aop.aspectj.AbstractAspectJAdvice.invokeAdviceMethodWithGivenArgs(AbstractAspectJAdvice.java:638)
	at org.springframework.aop.aspectj.AbstractAspectJAdvice.invokeAdviceMethod(AbstractAspectJAdvice.java:628)
	at org.springframework.aop.aspectj.AspectJAroundAdvice.invoke(AspectJAroundAdvice.java:71)
	at org.springframework.aop.framework.ReflectiveMethodInvocation.proceed(ReflectiveMethodInvocation.java:173)
	at org.springframework.security.authorization.method.AuthorizationManagerBeforeMethodInterceptor.proceed(AuthorizationManagerBeforeMethodInterceptor.java:268)
	at org.springframework.security.authorization.method.AuthorizationManagerBeforeMethodInterceptor.attemptAuthorization(AuthorizationManagerBeforeMethodInterceptor.java:263)
	at org.springframework.security.authorization.method.AuthorizationManagerBeforeMethodInterceptor.invoke(AuthorizationManagerBeforeMethodInterceptor.java:196)
	at org.springframework.security.config.annotation.method.configuration.DeferringMethodInterceptor.invoke(DeferringMethodInterceptor.java:44)
	at org.springframework.aop.framework.ReflectiveMethodInvocation.proceed(ReflectiveMethodInvocation.java:184)
	at org.springframework.aop.interceptor.ExposeInvocationInterceptor.invoke(ExposeInvocationInterceptor.java:97)
	at org.springframework.aop.framework.ReflectiveMethodInvocation.proceed(ReflectiveMethodInvocation.java:184)
	at org.springframework.aop.framework.CglibAopProxy$DynamicAdvisedInterceptor.intercept(CglibAopProxy.java:727)
	at de.tum.cit.aet.artemis.atlas.web.CourseCompetencyResource$$SpringCGLIB$$0.importAllCompetenciesFromCourse(<generated>)
	at java.base/jdk.internal.reflect.DirectMethodHandleAccessor.invoke(DirectMethodHandleAccessor.java:103)
	at java.base/java.lang.reflect.Method.invoke(Method.java:580)
	at org.springframework.web.method.support.InvocableHandlerMethod.doInvoke(InvocableHandlerMethod.java:257)
	at org.springframework.web.method.support.InvocableHandlerMethod.invokeForRequest(InvocableHandlerMethod.java:190)
	at org.springframework.web.servlet.mvc.method.annotation.ServletInvocableHandlerMethod.invokeAndHandle(ServletInvocableHandlerMethod.java:118)
	at org.springframework.web.servlet.mvc.method.annotation.RequestMappingHandlerAdapter.invokeHandlerMethod(RequestMappingHandlerAdapter.java:986)
	at org.springframework.web.servlet.mvc.method.annotation.RequestMappingHandlerAdapter.handleInternal(RequestMappingHandlerAdapter.java:891)
	at org.springframework.web.servlet.mvc.method.AbstractHandlerMethodAdapter.handle(AbstractHandlerMethodAdapter.java:87)
	at org.springframework.web.servlet.DispatcherServlet.doDispatch(DispatcherServlet.java:1088)
	at org.springframework.web.servlet.DispatcherServlet.doService(DispatcherServlet.java:978)
	at org.springframework.web.servlet.FrameworkServlet.processRequest(FrameworkServlet.java:1014)
	at org.springframework.web.servlet.FrameworkServlet.doPost(FrameworkServlet.java:914)
	at jakarta.servlet.http.HttpServlet.service(HttpServlet.java:547)
	at org.springframework.web.servlet.FrameworkServlet.service(FrameworkServlet.java:885)
	at org.springframework.test.web.servlet.TestDispatcherServlet.service(TestDispatcherServlet.java:72)
	at jakarta.servlet.http.HttpServlet.service(HttpServlet.java:614)
	at org.springframework.mock.web.MockFilterChain$ServletFilterProxy.doFilter(MockFilterChain.java:165)
	at org.springframework.mock.web.MockFilterChain.doFilter(MockFilterChain.java:132)
	at org.springframework.web.filter.OncePerRequestFilter.doFilter(OncePerRequestFilter.java:110)
	at org.springframework.test.web.servlet.setup.MockMvcFilterDecorator.doFilter(MockMvcFilterDecorator.java:162)
	at org.springframework.mock.web.MockFilterChain.doFilter(MockFilterChain.java:132)
	at de.tum.cit.aet.artemis.core.security.filter.ApiVersionFilter.doFilter(ApiVersionFilter.java:55)
	at org.springframework.test.web.servlet.setup.MockMvcFilterDecorator.doFilter(MockMvcFilterDecorator.java:162)
	at org.springframework.mock.web.MockFilterChain.doFilter(MockFilterChain.java:132)
	at io.sentry.spring.jakarta.SentryUserFilter.doFilterInternal(SentryUserFilter.java:56)
	at org.springframework.web.filter.OncePerRequestFilter.doFilter(OncePerRequestFilter.java:116)
	at org.springframework.test.web.servlet.setup.MockMvcFilterDecorator.doFilter(MockMvcFilterDecorator.java:162)
	at org.springframework.mock.web.MockFilterChain.doFilter(MockFilterChain.java:132)
	at org.springframework.web.filter.CompositeFilter$VirtualFilterChain.doFilter(CompositeFilter.java:108)
	at org.springframework.security.web.FilterChainProxy.lambda$doFilterInternal$3(FilterChainProxy.java:231)
	at org.springframework.security.web.ObservationFilterChainDecorator$FilterObservation$SimpleFilterObservation.lambda$wrap$1(ObservationFilterChainDecorator.java:479)
	at org.springframework.security.web.ObservationFilterChainDecorator$AroundFilterObservation$SimpleAroundFilterObservation.lambda$wrap$1(ObservationFilterChainDecorator.java:340)
	at org.springframework.security.web.ObservationFilterChainDecorator.lambda$wrapSecured$0(ObservationFilterChainDecorator.java:82)
	at org.springframework.security.web.ObservationFilterChainDecorator$VirtualFilterChain.doFilter(ObservationFilterChainDecorator.java:128)
	at org.springframework.security.web.access.intercept.AuthorizationFilter.doFilter(AuthorizationFilter.java:101)
	at org.springframework.security.web.ObservationFilterChainDecorator$ObservationFilter.wrapFilter(ObservationFilterChainDecorator.java:240)
	at org.springframework.security.web.ObservationFilterChainDecorator$ObservationFilter.doFilter(ObservationFilterChainDecorator.java:227)
	at org.springframework.security.web.ObservationFilterChainDecorator$VirtualFilterChain.doFilter(ObservationFilterChainDecorator.java:137)
	at org.springframework.security.web.access.ExceptionTranslationFilter.doFilter(ExceptionTranslationFilter.java:126)
	at org.springframework.security.web.access.ExceptionTranslationFilter.doFilter(ExceptionTranslationFilter.java:120)
	at org.springframework.security.web.ObservationFilterChainDecorator$ObservationFilter.wrapFilter(ObservationFilterChainDecorator.java:240)
	at org.springframework.security.web.ObservationFilterChainDecorator$ObservationFilter.doFilter(ObservationFilterChainDecorator.java:227)
	at org.springframework.security.web.ObservationFilterChainDecorator$VirtualFilterChain.doFilter(ObservationFilterChainDecorator.java:137)
	at org.springframework.security.web.session.SessionManagementFilter.doFilter(SessionManagementFilter.java:131)
	at org.springframework.security.web.session.SessionManagementFilter.doFilter(SessionManagementFilter.java:85)
	at org.springframework.security.web.ObservationFilterChainDecorator$ObservationFilter.wrapFilter(ObservationFilterChainDecorator.java:240)
	at org.springframework.security.web.ObservationFilterChainDecorator$ObservationFilter.doFilter(ObservationFilterChainDecorator.java:227)
	at org.springframework.security.web.ObservationFilterChainDecorator$VirtualFilterChain.doFilter(ObservationFilterChainDecorator.java:137)
	at org.springframework.security.web.authentication.AnonymousAuthenticationFilter.doFilter(AnonymousAuthenticationFilter.java:100)
	at org.springframework.security.web.ObservationFilterChainDecorator$ObservationFilter.wrapFilter(ObservationFilterChainDecorator.java:240)
	at org.springframework.security.web.ObservationFilterChainDecorator$ObservationFilter.doFilter(ObservationFilterChainDecorator.java:227)
	at org.springframework.security.web.ObservationFilterChainDecorator$VirtualFilterChain.doFilter(ObservationFilterChainDecorator.java:137)
	at org.springframework.security.web.servletapi.SecurityContextHolderAwareRequestFilter.doFilter(SecurityContextHolderAwareRequestFilter.java:179)
	at org.springframework.security.web.ObservationFilterChainDecorator$ObservationFilter.wrapFilter(ObservationFilterChainDecorator.java:240)
	at org.springframework.security.web.ObservationFilterChainDecorator$ObservationFilter.doFilter(ObservationFilterChainDecorator.java:227)
	at org.springframework.security.web.ObservationFilterChainDecorator$VirtualFilterChain.doFilter(ObservationFilterChainDecorator.java:137)
	at org.springframework.security.web.savedrequest.RequestCacheAwareFilter.doFilter(RequestCacheAwareFilter.java:63)
	at org.springframework.security.web.ObservationFilterChainDecorator$ObservationFilter.wrapFilter(ObservationFilterChainDecorator.java:240)
	at org.springframework.security.web.ObservationFilterChainDecorator$ObservationFilter.doFilter(ObservationFilterChainDecorator.java:227)
	at org.springframework.security.web.ObservationFilterChainDecorator$VirtualFilterChain.doFilter(ObservationFilterChainDecorator.java:137)
	at de.tum.cit.aet.artemis.core.security.filter.SpaWebFilter.doFilterInternal(SpaWebFilter.java:23)
	at org.springframework.web.filter.OncePerRequestFilter.doFilter(OncePerRequestFilter.java:116)
	at org.springframework.security.web.ObservationFilterChainDecorator$ObservationFilter.wrapFilter(ObservationFilterChainDecorator.java:240)
	at org.springframework.security.web.ObservationFilterChainDecorator$ObservationFilter.doFilter(ObservationFilterChainDecorator.java:227)
	at org.springframework.security.web.ObservationFilterChainDecorator$VirtualFilterChain.doFilter(ObservationFilterChainDecorator.java:137)
	at org.springframework.web.filter.OncePerRequestFilter.doFilter(OncePerRequestFilter.java:110)
	at org.springframework.security.web.ObservationFilterChainDecorator$ObservationFilter.wrapFilter(ObservationFilterChainDecorator.java:240)
	at org.springframework.security.web.ObservationFilterChainDecorator$ObservationFilter.doFilter(ObservationFilterChainDecorator.java:227)
	at org.springframework.security.web.ObservationFilterChainDecorator$VirtualFilterChain.doFilter(ObservationFilterChainDecorator.java:137)
	at de.tum.cit.aet.artemis.lti.config.Lti13LaunchFilter.doFilterInternal(Lti13LaunchFilter.java:60)
	at org.springframework.web.filter.OncePerRequestFilter.doFilter(OncePerRequestFilter.java:116)
	at org.springframework.security.web.ObservationFilterChainDecorator$ObservationFilter.wrapFilter(ObservationFilterChainDecorator.java:240)
	at org.springframework.security.web.ObservationFilterChainDecorator$ObservationFilter.doFilter(ObservationFilterChainDecorator.java:227)
	at org.springframework.security.web.ObservationFilterChainDecorator$VirtualFilterChain.doFilter(ObservationFilterChainDecorator.java:137)
	at de.tum.cit.aet.artemis.core.security.jwt.JWTFilter.doFilter(JWTFilter.java:55)
	at org.springframework.security.web.ObservationFilterChainDecorator$ObservationFilter.wrapFilter(ObservationFilterChainDecorator.java:240)
	at org.springframework.security.web.ObservationFilterChainDecorator$ObservationFilter.doFilter(ObservationFilterChainDecorator.java:227)
	at org.springframework.security.web.ObservationFilterChainDecorator$VirtualFilterChain.doFilter(ObservationFilterChainDecorator.java:137)
	at de.tum.cit.aet.artemis.core.security.jwt.JWTFilter.doFilter(JWTFilter.java:55)
	at org.springframework.security.web.ObservationFilterChainDecorator$ObservationFilter.wrapFilter(ObservationFilterChainDecorator.java:240)
	at org.springframework.security.web.ObservationFilterChainDecorator$ObservationFilter.doFilter(ObservationFilterChainDecorator.java:227)
	at org.springframework.security.web.ObservationFilterChainDecorator$VirtualFilterChain.doFilter(ObservationFilterChainDecorator.java:137)
	at org.springframework.web.filter.CorsFilter.doFilterInternal(CorsFilter.java:91)
	at org.springframework.web.filter.OncePerRequestFilter.doFilter(OncePerRequestFilter.java:116)
	at org.springframework.security.web.ObservationFilterChainDecorator$ObservationFilter.wrapFilter(ObservationFilterChainDecorator.java:240)
	at org.springframework.security.web.ObservationFilterChainDecorator$ObservationFilter.doFilter(ObservationFilterChainDecorator.java:227)
	at org.springframework.security.web.ObservationFilterChainDecorator$VirtualFilterChain.doFilter(ObservationFilterChainDecorator.java:137)
	at org.springframework.web.filter.OncePerRequestFilter.doFilter(OncePerRequestFilter.java:110)
	at org.springframework.security.web.ObservationFilterChainDecorator$ObservationFilter.wrapFilter(ObservationFilterChainDecorator.java:240)
	at org.springframework.security.web.ObservationFilterChainDecorator$ObservationFilter.doFilter(ObservationFilterChainDecorator.java:227)
	at org.springframework.security.web.ObservationFilterChainDecorator$VirtualFilterChain.doFilter(ObservationFilterChainDecorator.java:137)
	at uk.ac.ox.ctl.lti13.security.oauth2.client.lti.web.OAuth2AuthorizationRequestRedirectFilter.doFilterInternal(OAuth2AuthorizationRequestRedirectFilter.java:142)
	at org.springframework.web.filter.OncePerRequestFilter.doFilter(OncePerRequestFilter.java:116)
	at org.springframework.security.web.ObservationFilterChainDecorator$ObservationFilter.wrapFilter(ObservationFilterChainDecorator.java:240)
	at org.springframework.security.web.ObservationFilterChainDecorator$ObservationFilter.doFilter(ObservationFilterChainDecorator.java:227)
	at org.springframework.security.web.ObservationFilterChainDecorator$VirtualFilterChain.doFilter(ObservationFilterChainDecorator.java:137)
	at org.springframework.security.web.authentication.logout.LogoutFilter.doFilter(LogoutFilter.java:107)
	at org.springframework.security.web.authentication.logout.LogoutFilter.doFilter(LogoutFilter.java:93)
	at org.springframework.security.web.ObservationFilterChainDecorator$ObservationFilter.wrapFilter(ObservationFilterChainDecorator.java:240)
	at org.springframework.security.web.ObservationFilterChainDecorator$ObservationFilter.doFilter(ObservationFilterChainDecorator.java:227)
	at org.springframework.security.web.ObservationFilterChainDecorator$VirtualFilterChain.doFilter(ObservationFilterChainDecorator.java:137)
	at org.springframework.security.web.header.HeaderWriterFilter.doHeadersAfter(HeaderWriterFilter.java:90)
	at org.springframework.security.web.header.HeaderWriterFilter.doFilterInternal(HeaderWriterFilter.java:75)
	at org.springframework.web.filter.OncePerRequestFilter.doFilter(OncePerRequestFilter.java:116)
	at org.springframework.security.web.ObservationFilterChainDecorator$ObservationFilter.wrapFilter(ObservationFilterChainDecorator.java:240)
	at org.springframework.security.web.ObservationFilterChainDecorator$ObservationFilter.doFilter(ObservationFilterChainDecorator.java:227)
	at org.springframework.security.web.ObservationFilterChainDecorator$VirtualFilterChain.doFilter(ObservationFilterChainDecorator.java:137)
	at org.springframework.security.web.context.SecurityContextHolderFilter.doFilter(SecurityContextHolderFilter.java:82)
	at org.springframework.security.web.context.SecurityContextHolderFilter.doFilter(SecurityContextHolderFilter.java:69)
	at org.springframework.security.web.ObservationFilterChainDecorator$ObservationFilter.wrapFilter(ObservationFilterChainDecorator.java:240)
	at org.springframework.security.web.ObservationFilterChainDecorator$ObservationFilter.doFilter(ObservationFilterChainDecorator.java:227)
	at org.springframework.security.web.ObservationFilterChainDecorator$VirtualFilterChain.doFilter(ObservationFilterChainDecorator.java:137)
	at org.springframework.security.web.context.request.async.WebAsyncManagerIntegrationFilter.doFilterInternal(WebAsyncManagerIntegrationFilter.java:62)
	at org.springframework.web.filter.OncePerRequestFilter.doFilter(OncePerRequestFilter.java:116)
	at org.springframework.security.web.ObservationFilterChainDecorator$ObservationFilter.wrapFilter(ObservationFilterChainDecorator.java:240)
	at org.springframework.security.web.ObservationFilterChainDecorator$ObservationFilter.doFilter(ObservationFilterChainDecorator.java:227)
	at org.springframework.security.web.ObservationFilterChainDecorator$VirtualFilterChain.doFilter(ObservationFilterChainDecorator.java:137)
	at org.springframework.security.web.session.DisableEncodeUrlFilter.doFilterInternal(DisableEncodeUrlFilter.java:42)
	at org.springframework.web.filter.OncePerRequestFilter.doFilter(OncePerRequestFilter.java:116)
	at org.springframework.security.web.ObservationFilterChainDecorator$ObservationFilter.wrapFilter(ObservationFilterChainDecorator.java:240)
	at org.springframework.security.web.ObservationFilterChainDecorator$AroundFilterObservation$SimpleAroundFilterObservation.lambda$wrap$0(ObservationFilterChainDecorator.java:323)
	at org.springframework.security.web.ObservationFilterChainDecorator$ObservationFilter.doFilter(ObservationFilterChainDecorator.java:224)
	at org.springframework.security.web.ObservationFilterChainDecorator$VirtualFilterChain.doFilter(ObservationFilterChainDecorator.java:137)
	at org.springframework.security.web.FilterChainProxy.doFilterInternal(FilterChainProxy.java:233)
	at org.springframework.security.web.FilterChainProxy.doFilter(FilterChainProxy.java:191)
	at org.springframework.web.filter.CompositeFilter$VirtualFilterChain.doFilter(CompositeFilter.java:113)
	at org.springframework.web.servlet.handler.HandlerMappingIntrospector.lambda$createCacheFilter$3(HandlerMappingIntrospector.java:243)
	at org.springframework.web.filter.CompositeFilter$VirtualFilterChain.doFilter(CompositeFilter.java:113)
	at org.springframework.web.filter.CompositeFilter.doFilter(CompositeFilter.java:74)
	at org.springframework.security.config.annotation.web.configuration.WebMvcSecurityConfiguration$CompositeFilterChainProxy.doFilter(WebMvcSecurityConfiguration.java:238)
	at org.springframework.web.filter.DelegatingFilterProxy.invokeDelegate(DelegatingFilterProxy.java:362)
	at org.springframework.web.filter.DelegatingFilterProxy.doFilter(DelegatingFilterProxy.java:278)
	at org.springframework.test.web.servlet.setup.MockMvcFilterDecorator.doFilter(MockMvcFilterDecorator.java:162)
	at org.springframework.mock.web.MockFilterChain.doFilter(MockFilterChain.java:132)
	at org.springframework.web.filter.RequestContextFilter.doFilterInternal(RequestContextFilter.java:100)
	at org.springframework.web.filter.OncePerRequestFilter.doFilter(OncePerRequestFilter.java:116)
	at org.springframework.test.web.servlet.setup.MockMvcFilterDecorator.doFilter(MockMvcFilterDecorator.java:162)
	at org.springframework.mock.web.MockFilterChain.doFilter(MockFilterChain.java:132)
	at org.springframework.web.filter.FormContentFilter.doFilterInternal(FormContentFilter.java:93)
	at org.springframework.web.filter.OncePerRequestFilter.doFilter(OncePerRequestFilter.java:116)
	at org.springframework.test.web.servlet.setup.MockMvcFilterDecorator.doFilter(MockMvcFilterDecorator.java:162)
	at org.springframework.mock.web.MockFilterChain.doFilter(MockFilterChain.java:132)
	at org.springframework.web.filter.ServerHttpObservationFilter.doFilterInternal(ServerHttpObservationFilter.java:114)
	at org.springframework.web.filter.OncePerRequestFilter.doFilter(OncePerRequestFilter.java:116)
	at org.springframework.test.web.servlet.setup.MockMvcFilterDecorator.doFilter(MockMvcFilterDecorator.java:162)
	at org.springframework.mock.web.MockFilterChain.doFilter(MockFilterChain.java:132)
	at io.sentry.spring.jakarta.tracing.SentryTracingFilter.doFilterInternal(SentryTracingFilter.java:91)
	at org.springframework.web.filter.OncePerRequestFilter.doFilter(OncePerRequestFilter.java:116)
	at org.springframework.test.web.servlet.setup.MockMvcFilterDecorator.doFilter(MockMvcFilterDecorator.java:162)
	at org.springframework.mock.web.MockFilterChain.doFilter(MockFilterChain.java:132)
	at org.springframework.web.filter.CharacterEncodingFilter.doFilterInternal(CharacterEncodingFilter.java:201)
	at org.springframework.web.filter.OncePerRequestFilter.doFilter(OncePerRequestFilter.java:116)
	at org.springframework.test.web.servlet.setup.MockMvcFilterDecorator.doFilter(MockMvcFilterDecorator.java:162)
	at org.springframework.mock.web.MockFilterChain.doFilter(MockFilterChain.java:132)
	at io.sentry.spring.jakarta.SentrySpringFilter.doFilterInternal(SentrySpringFilter.java:76)
	at org.springframework.web.filter.OncePerRequestFilter.doFilter(OncePerRequestFilter.java:116)
	at org.springframework.test.web.servlet.setup.MockMvcFilterDecorator.doFilter(MockMvcFilterDecorator.java:162)
	at org.springframework.mock.web.MockFilterChain.doFilter(MockFilterChain.java:132)
	at org.springframework.test.web.servlet.MockMvc.perform(MockMvc.java:201)
	at de.tum.cit.aet.artemis.core.util.RequestUtilService.performMvcRequest(RequestUtilService.java:79)
	at de.tum.cit.aet.artemis.core.util.RequestUtilService.postListWithResponseBody(RequestUtilService.java:255)
	at de.tum.cit.aet.artemis.core.util.RequestUtilService.postListWithResponseBody(RequestUtilService.java:387)
	at de.tum.cit.aet.artemis.atlas.competency.CourseCompetencyIntegrationTest.importAllCall(CourseCompetencyIntegrationTest.java:199)
	at de.tum.cit.aet.artemis.atlas.competency.AbstractCompetencyPrerequisiteIntegrationTest.shouldImportAllExerciseAndLectureWithCompetency(AbstractCompetencyPrerequisiteIntegrationTest.java:556)
	at de.tum.cit.aet.artemis.atlas.competency.CourseCompetencyIntegrationTest.shouldImportAllExerciseAndLectureWithCompetency(CourseCompetencyIntegrationTest.java:217)
	at java.base/jdk.internal.reflect.DirectMethodHandleAccessor.invoke(DirectMethodHandleAccessor.java:103)
	at java.base/java.lang.reflect.Method.invoke(Method.java:580)
	at org.junit.platform.commons.util.ReflectionUtils.invokeMethod(ReflectionUtils.java:767)
	at org.junit.jupiter.engine.execution.MethodInvocation.proceed(MethodInvocation.java:60)
	at org.junit.jupiter.engine.execution.InvocationInterceptorChain$ValidatingInvocation.proceed(InvocationInterceptorChain.java:131)
	at org.junit.jupiter.engine.extension.TimeoutExtension.intercept(TimeoutExtension.java:156)
	at org.junit.jupiter.engine.extension.TimeoutExtension.interceptTestableMethod(TimeoutExtension.java:147)
	at org.junit.jupiter.engine.extension.TimeoutExtension.interceptTestMethod(TimeoutExtension.java:86)
	at org.junit.jupiter.engine.execution.InterceptingExecutableInvoker$ReflectiveInterceptorCall.lambda$ofVoidMethod$0(InterceptingExecutableInvoker.java:103)
	at org.junit.jupiter.engine.execution.InterceptingExecutableInvoker.lambda$invoke$0(InterceptingExecutableInvoker.java:93)
	at org.junit.jupiter.engine.execution.InvocationInterceptorChain$InterceptedInvocation.proceed(InvocationInterceptorChain.java:106)
	at org.junit.jupiter.engine.execution.InvocationInterceptorChain.proceed(InvocationInterceptorChain.java:64)
	at org.junit.jupiter.engine.execution.InvocationInterceptorChain.chainAndInvoke(InvocationInterceptorChain.java:45)
	at org.junit.jupiter.engine.execution.InvocationInterceptorChain.invoke(InvocationInterceptorChain.java:37)
	at org.junit.jupiter.engine.execution.InterceptingExecutableInvoker.invoke(InterceptingExecutableInvoker.java:92)
	at org.junit.jupiter.engine.execution.InterceptingExecutableInvoker.invoke(InterceptingExecutableInvoker.java:86)
	at org.junit.jupiter.engine.descriptor.TestMethodTestDescriptor.lambda$invokeTestMethod$8(TestMethodTestDescriptor.java:217)
	at org.junit.platform.engine.support.hierarchical.ThrowableCollector.execute(ThrowableCollector.java:73)
	at org.junit.jupiter.engine.descriptor.TestMethodTestDescriptor.invokeTestMethod(TestMethodTestDescriptor.java:213)
	at org.junit.jupiter.engine.descriptor.TestMethodTestDescriptor.execute(TestMethodTestDescriptor.java:138)
	at org.junit.jupiter.engine.descriptor.TestMethodTestDescriptor.execute(TestMethodTestDescriptor.java:68)
	at org.junit.platform.engine.support.hierarchical.NodeTestTask.lambda$executeRecursively$6(NodeTestTask.java:156)
	at org.junit.platform.engine.support.hierarchical.ThrowableCollector.execute(ThrowableCollector.java:73)
	at org.junit.platform.engine.support.hierarchical.NodeTestTask.lambda$executeRecursively$8(NodeTestTask.java:146)
	at org.junit.platform.engine.support.hierarchical.Node.around(Node.java:137)
	at org.junit.platform.engine.support.hierarchical.NodeTestTask.lambda$executeRecursively$9(NodeTestTask.java:144)
	at org.junit.platform.engine.support.hierarchical.ThrowableCollector.execute(ThrowableCollector.java:73)
	at org.junit.platform.engine.support.hierarchical.NodeTestTask.executeRecursively(NodeTestTask.java:143)
	at org.junit.platform.engine.support.hierarchical.NodeTestTask.execute(NodeTestTask.java:100)
	at org.junit.platform.engine.support.hierarchical.ForkJoinPoolHierarchicalTestExecutorService$ExclusiveTask.exec(ForkJoinPoolHierarchicalTestExecutorService.java:274)
	at org.junit.platform.engine.support.hierarchical.ForkJoinPoolHierarchicalTestExecutorService$ExclusiveTask.execSync(ForkJoinPoolHierarchicalTestExecutorService.java:247)
	at org.junit.platform.engine.support.hierarchical.ForkJoinPoolHierarchicalTestExecutorService.executeSync(ForkJoinPoolHierarchicalTestExecutorService.java:194)
	at org.junit.platform.engine.support.hierarchical.ForkJoinPoolHierarchicalTestExecutorService.invokeAll(ForkJoinPoolHierarchicalTestExecutorService.java:166)
	at org.junit.platform.engine.support.hierarchical.NodeTestTask.lambda$executeRecursively$6(NodeTestTask.java:160)
	at org.junit.platform.engine.support.hierarchical.ThrowableCollector.execute(ThrowableCollector.java:73)
	at org.junit.platform.engine.support.hierarchical.NodeTestTask.lambda$executeRecursively$8(NodeTestTask.java:146)
	at org.junit.platform.engine.support.hierarchical.Node.around(Node.java:137)
	at org.junit.platform.engine.support.hierarchical.NodeTestTask.lambda$executeRecursively$9(NodeTestTask.java:144)
	at org.junit.platform.engine.support.hierarchical.ThrowableCollector.execute(ThrowableCollector.java:73)
	at org.junit.platform.engine.support.hierarchical.NodeTestTask.executeRecursively(NodeTestTask.java:143)
	at org.junit.platform.engine.support.hierarchical.NodeTestTask.execute(NodeTestTask.java:100)
	at org.junit.platform.engine.support.hierarchical.ForkJoinPoolHierarchicalTestExecutorService$ExclusiveTask.exec(ForkJoinPoolHierarchicalTestExecutorService.java:274)
	at java.base/java.util.concurrent.ForkJoinTask.doExec(ForkJoinTask.java:387)
	at java.base/java.util.concurrent.ForkJoinPool$WorkQueue.topLevelExec(ForkJoinPool.java:1312)
	at java.base/java.util.concurrent.ForkJoinPool.scan(ForkJoinPool.java:1843)
	at java.base/java.util.concurrent.ForkJoinPool.runWorker(ForkJoinPool.java:1808)
	at java.base/java.util.concurrent.ForkJoinWorkerThread.run(ForkJoinWorkerThread.java:188)
    23:43:01.783 | 120 Pool-1-worker-35 | DEBUG | .c.a.a.t.s.TextExerciseImportService : Creating a new Exercise based on exercise TextExercise{id=null, exampleSolution='This is my example solution'}
    23:43:01.783 | 120 Pool-1-worker-35 | DEBUG | .c.a.a.t.s.TextExerciseImportService : Copying the exercise basis from TextExercise{id=null, exampleSolution='This is my example solution'}
    23:43:01.793 | 120 Pool-1-worker-35 | DEBUG | .c.a.a.t.s.TextExerciseImportService : Copying the ExampleSubmissions to new Exercise: TextExercise{id=564, exampleSolution='This is my example solution'}
    23:43:01.795 | 120 Pool-1-worker-35 | DEBUG | d.t.c.a.a.l.s.LectureImportService   : Creating a new Lecture based on lecture Lecture{id=66, title='LectureOne', description='null', visibleDate='null', startDate='null', endDate='null'}
    23:43:01.795 | 120 Pool-1-worker-35 | DEBUG | d.t.c.a.a.l.s.LectureImportService   : Importing attachments from lecture
    23:43:01.800 | 120 Pool-1-worker-35 | DEBUG | t.c.a.a.l.s.LectureUnitImportService : Creating a new LectureUnit from lecture unit de.tum.cit.aet.artemis.lecture.domain.AttachmentUnit@e0
    23:43:01.801 | 120 Pool-1-worker-35 | DEBUG | t.c.a.a.l.s.LectureUnitImportService : Creating a new Attachment from attachment Attachment{id=63, name='TestAttachment', link='/api/files/attachments/attachment-unit/224/test_968187a5.jpg', version='1', uploadDate='2025-02-09T23:43:01.743591Z', releaseDate='2025-02-09T23:43:01.743591Z', attachmentType='FILE'}
    23:43:01.801 | 120 Pool-1-worker-35 | DEBUG | t.c.a.a.l.s.LectureUnitImportService : Copying attachment file from uploads/attachments/attachment-unit/224/test_968187a5.jpg to uploads/attachments/attachment-unit/227
    23:43:01.801 | 120 Pool-1-worker-35 | DEBUG | d.t.c.a.a.core.service.FileService   : Moved File from uploads/attachments/attachment-unit/224/test_968187a5.jpg to uploads/attachments/attachment-unit/227/AttachmentUnit_2025-02-14T23-43-01-801_14613f88.jpg
    23:43:01.804 | 120 Pool-1-worker-35 | DEBUG | t.c.a.a.l.s.LectureUnitImportService : Creating a new LectureUnit from lecture unit de.tum.cit.aet.artemis.lecture.domain.TextUnit@df

  Starting logs for CourseCompetencyIntegrationTest > shouldReturnForbiddenForUserNotInCourse()
    23:43:01.848 | 120 Pool-1-worker-35 | DEBUG | d.t.c.a.a.c.u.util.UserUtilService   : Generate 2 students...
    23:43:01.852 | 120 Pool-1-worker-35 | DEBUG | d.t.c.a.a.c.u.util.UserUtilService   : 2 students generated. Generate 1 tutors...
    23:43:01.854 | 120 Pool-1-worker-35 | DEBUG | d.t.c.a.a.c.u.util.UserUtilService   : 1 tutors generated. Generate 1 editors...
    23:43:01.857 | 120 Pool-1-worker-35 | DEBUG | d.t.c.a.a.c.u.util.UserUtilService   : 1 editors generated. Generate 1 instructors...
    23:43:01.860 | 120 Pool-1-worker-35 | DEBUG | d.t.c.a.a.c.u.util.UserUtilService   : 1 instructors generated
    23:43:01.861 | 120 Pool-1-worker-35 | DEBUG | d.t.c.a.a.c.u.util.UserUtilService   : Removing 5 users from all courses...
    23:43:01.862 | 120 Pool-1-worker-35 | DEBUG | d.t.c.a.a.c.u.util.UserUtilService   : Removing 5 users from all courses. Done
    23:43:01.862 | 120 Pool-1-worker-35 | DEBUG | d.t.c.a.a.c.u.util.UserUtilService   : Save 5 users to database...
    23:43:01.867 | 120 Pool-1-worker-35 | DEBUG | d.t.c.a.a.c.u.util.UserUtilService   : Save 5 users to database. Done
    23:43:01.896 | 120 Pool-1-worker-35 | INFO  | i.z.t.d.l.EmbeddedDatabaseReporter   : JDBC URL to connect to 'dataSource': url='jdbc:h2:tcp://localhost:41063/mem:df70fc46-7e57-4cb5-9cd0-c1d90c14afa7;USER=sa', scope='CourseCompetencyIntegrationTest#shouldReturnForbiddenForUserNotInCourse'
    23:43:01.897 | 120 Pool-1-worker-35 | DEBUG | d.t.c.a.a.c.s.f.ApiVersionFilter     : Adding Version to Request GET /api/courses/610/course-competencies/142
    23:43:01.900 | 120 Pool-1-worker-35 | WARN  | o.z.p.spring.common.AdviceTraits     : Forbidden: You are not allowed to access the Course with id 610

  Starting logs for CourseCompetencyIntegrationTest > shouldImportAllCompetencies()
    23:43:01.917 | 120 Pool-1-worker-35 | DEBUG | d.t.c.a.a.c.u.util.UserUtilService   : Generate 2 students...
    23:43:01.921 | 120 Pool-1-worker-35 | DEBUG | d.t.c.a.a.c.u.util.UserUtilService   : 2 students generated. Generate 1 tutors...
    23:43:01.924 | 120 Pool-1-worker-35 | DEBUG | d.t.c.a.a.c.u.util.UserUtilService   : 1 tutors generated. Generate 1 editors...
    23:43:01.927 | 120 Pool-1-worker-35 | DEBUG | d.t.c.a.a.c.u.util.UserUtilService   : 1 editors generated. Generate 1 instructors...
    23:43:01.929 | 120 Pool-1-worker-35 | DEBUG | d.t.c.a.a.c.u.util.UserUtilService   : 1 instructors generated
    23:43:01.931 | 120 Pool-1-worker-35 | DEBUG | d.t.c.a.a.c.u.util.UserUtilService   : Removing 5 users from all courses...
    23:43:01.931 | 120 Pool-1-worker-35 | DEBUG | d.t.c.a.a.c.u.util.UserUtilService   : Removing 5 users from all courses. Done
    23:43:01.931 | 120 Pool-1-worker-35 | DEBUG | d.t.c.a.a.c.u.util.UserUtilService   : Save 5 users to database...
    23:43:01.936 | 120 Pool-1-worker-35 | DEBUG | d.t.c.a.a.c.u.util.UserUtilService   : Save 5 users to database. Done
    23:43:01.982 | 120 Pool-1-worker-35 | INFO  | i.z.t.d.l.EmbeddedDatabaseReporter   : JDBC URL to connect to 'dataSource': url='jdbc:h2:tcp://localhost:41063/mem:df70fc46-7e57-4cb5-9cd0-c1d90c14afa7;USER=sa', scope='CourseCompetencyIntegrationTest#shouldImportAllCompetencies'
    23:43:01.984 | 120 Pool-1-worker-35 | DEBUG | d.t.c.a.a.c.s.f.ApiVersionFilter     : Adding Version to Request POST /api/courses/612/course-competencies/import-all
    23:43:01.986 | 120 Pool-1-worker-35 | INFO  | t.c.a.a.a.w.CourseCompetencyResource : REST request to all course competencies from course Optional[614] into course 612
    23:43:01.992 | 120 Pool-1-worker-35 | DEBUG | d.t.c.a.a.c.s.f.ApiVersionFilter     : Adding Version to Request POST /api/courses/612/course-competencies/import-all
    23:43:01.994 | 120 Pool-1-worker-35 | INFO  | t.c.a.a.a.w.CourseCompetencyResource : REST request to all course competencies from course Optional[614] into course 612
    23:43:02.006 | 120 Pool-1-worker-35 | DEBUG | d.t.c.a.a.c.s.f.ApiVersionFilter     : Adding Version to Request POST /api/courses/612/course-competencies/import-all
    23:43:02.010 | 120 Pool-1-worker-35 | INFO  | t.c.a.a.a.w.CourseCompetencyResource : REST request to all course competencies from course Optional[614] into course 612

  Starting logs for CourseCompetencyIntegrationTest > shouldReturnCompetenciesForStudentOfCourse()
    23:43:02.050 | 120 Pool-1-worker-35 | DEBUG | d.t.c.a.a.c.u.util.UserUtilService   : Generate 2 students...
    23:43:02.056 | 120 Pool-1-worker-35 | DEBUG | d.t.c.a.a.c.u.util.UserUtilService   : 2 students generated. Generate 1 tutors...
    23:43:02.064 | 120 Pool-1-worker-35 | DEBUG | d.t.c.a.a.c.u.util.UserUtilService   : 1 tutors generated. Generate 1 editors...
    23:43:02.069 | 120 Pool-1-worker-35 | DEBUG | d.t.c.a.a.c.u.util.UserUtilService   : 1 editors generated. Generate 1 instructors...
    23:43:02.075 | 120 Pool-1-worker-35 | DEBUG | d.t.c.a.a.c.u.util.UserUtilService   : 1 instructors generated
    23:43:02.076 | 120 Pool-1-worker-35 | DEBUG | d.t.c.a.a.c.u.util.UserUtilService   : Removing 5 users from all courses...
    23:43:02.077 | 120 Pool-1-worker-35 | DEBUG | d.t.c.a.a.c.u.util.UserUtilService   : Removing 5 users from all courses. Done
    23:43:02.077 | 120 Pool-1-worker-35 | DEBUG | d.t.c.a.a.c.u.util.UserUtilService   : Save 5 users to database...
    23:43:02.085 | 120 Pool-1-worker-35 | DEBUG | d.t.c.a.a.c.u.util.UserUtilService   : Save 5 users to database. Done
    23:43:02.121 | 120 Pool-1-worker-35 | INFO  | i.z.t.d.l.EmbeddedDatabaseReporter   : JDBC URL to connect to 'dataSource': url='jdbc:h2:tcp://localhost:41063/mem:df70fc46-7e57-4cb5-9cd0-c1d90c14afa7;USER=sa', scope='CourseCompetencyIntegrationTest#shouldReturnCompetenciesForStudentOfCourse'
    23:43:02.134 | 120 Pool-1-worker-35 | DEBUG | d.t.c.a.a.c.s.f.ApiVersionFilter     : Adding Version to Request GET /api/courses/615/course-competencies
    23:43:02.136 | 120 Pool-1-worker-35 | DEBUG | t.c.a.a.a.w.CourseCompetencyResource : REST request to get competencies for course with id: 615

  Starting logs for CourseCompetencyIntegrationTest > deleteCompetencyRelationShouldDeleteRelation()
    23:43:02.172 | 120 Pool-1-worker-35 | DEBUG | d.t.c.a.a.c.u.util.UserUtilService   : Generate 2 students...
    23:43:02.177 | 120 Pool-1-worker-35 | DEBUG | d.t.c.a.a.c.u.util.UserUtilService   : 2 students generated. Generate 1 tutors...
    23:43:02.179 | 120 Pool-1-worker-35 | DEBUG | d.t.c.a.a.c.u.util.UserUtilService   : 1 tutors generated. Generate 1 editors...
    23:43:02.182 | 120 Pool-1-worker-35 | DEBUG | d.t.c.a.a.c.u.util.UserUtilService   : 1 editors generated. Generate 1 instructors...
    23:43:02.187 | 120 Pool-1-worker-35 | DEBUG | d.t.c.a.a.c.u.util.UserUtilService   : 1 instructors generated
    23:43:02.188 | 120 Pool-1-worker-35 | DEBUG | d.t.c.a.a.c.u.util.UserUtilService   : Removing 5 users from all courses...
    23:43:02.189 | 120 Pool-1-worker-35 | DEBUG | d.t.c.a.a.c.u.util.UserUtilService   : Removing 5 users from all courses. Done
    23:43:02.189 | 120 Pool-1-worker-35 | DEBUG | d.t.c.a.a.c.u.util.UserUtilService   : Save 5 users to database...
    23:43:02.194 | 120 Pool-1-worker-35 | DEBUG | d.t.c.a.a.c.u.util.UserUtilService   : Save 5 users to database. Done
    23:43:02.224 | 120 Pool-1-worker-35 | INFO  | i.z.t.d.l.EmbeddedDatabaseReporter   : JDBC URL to connect to 'dataSource': url='jdbc:h2:tcp://localhost:41063/mem:df70fc46-7e57-4cb5-9cd0-c1d90c14afa7;USER=sa', scope='CourseCompetencyIntegrationTest#deleteCompetencyRelationShouldDeleteRelation'
    23:43:02.226 | 120 Pool-1-worker-35 | DEBUG | d.t.c.a.a.c.s.f.ApiVersionFilter     : Adding Version to Request DELETE /api/courses/617/course-competencies/relations/11
    23:43:02.229 | 120 Pool-1-worker-35 | INFO  | t.c.a.a.a.w.CourseCompetencyResource : REST request to remove a competency relation: 11

  Starting logs for CourseCompetencyIntegrationTest > shouldReturnBadRequestForWrongCourse()
    23:43:02.249 | 120 Pool-1-worker-35 | DEBUG | d.t.c.a.a.c.u.util.UserUtilService   : Generate 2 students...
    23:43:02.253 | 120 Pool-1-worker-35 | DEBUG | d.t.c.a.a.c.u.util.UserUtilService   : 2 students generated. Generate 1 tutors...
    23:43:02.256 | 120 Pool-1-worker-35 | DEBUG | d.t.c.a.a.c.u.util.UserUtilService   : 1 tutors generated. Generate 1 editors...
    23:43:02.258 | 120 Pool-1-worker-35 | DEBUG | d.t.c.a.a.c.u.util.UserUtilService   : 1 editors generated. Generate 1 instructors...
    23:43:02.261 | 120 Pool-1-worker-35 | DEBUG | d.t.c.a.a.c.u.util.UserUtilService   : 1 instructors generated
    23:43:02.262 | 120 Pool-1-worker-35 | DEBUG | d.t.c.a.a.c.u.util.UserUtilService   : Removing 5 users from all courses...
    23:43:02.263 | 120 Pool-1-worker-35 | DEBUG | d.t.c.a.a.c.u.util.UserUtilService   : Removing 5 users from all courses. Done
    23:43:02.263 | 120 Pool-1-worker-35 | DEBUG | d.t.c.a.a.c.u.util.UserUtilService   : Save 5 users to database...
    23:43:02.267 | 120 Pool-1-worker-35 | DEBUG | d.t.c.a.a.c.u.util.UserUtilService   : Save 5 users to database. Done
    23:43:02.298 | 120 Pool-1-worker-35 | INFO  | i.z.t.d.l.EmbeddedDatabaseReporter   : JDBC URL to connect to 'dataSource': url='jdbc:h2:tcp://localhost:41063/mem:df70fc46-7e57-4cb5-9cd0-c1d90c14afa7;USER=sa', scope='CourseCompetencyIntegrationTest#shouldReturnBadRequestForWrongCourse'
    23:43:02.300 | 120 Pool-1-worker-35 | DEBUG | d.t.c.a.a.c.s.f.ApiVersionFilter     : Adding Version to Request GET /api/courses/620/course-competencies/152
    23:43:02.302 | 120 Pool-1-worker-35 | INFO  | t.c.a.a.a.w.CourseCompetencyResource : REST request to get Competency : 152
    23:43:02.306 | 120 Pool-1-worker-35 | ERROR | tech.jhipster.web.util.HeaderUtil    : Entity processing failed, The course competency does not belong to the correct course
    23:43:02.306 | 120 Pool-1-worker-35 | WARN  | o.z.p.spring.common.AdviceTraits     : Bad Request: The course competency does not belong to the correct course

  Starting logs for CourseCompetencyIntegrationTest > shouldReturnForbiddenForInstructorNotInCourse()
    23:43:02.321 | 120 Pool-1-worker-35 | DEBUG | d.t.c.a.a.c.u.util.UserUtilService   : Generate 2 students...
    23:43:02.325 | 120 Pool-1-worker-35 | DEBUG | d.t.c.a.a.c.u.util.UserUtilService   : 2 students generated. Generate 1 tutors...
    23:43:02.327 | 120 Pool-1-worker-35 | DEBUG | d.t.c.a.a.c.u.util.UserUtilService   : 1 tutors generated. Generate 1 editors...
    23:43:02.330 | 120 Pool-1-worker-35 | DEBUG | d.t.c.a.a.c.u.util.UserUtilService   : 1 editors generated. Generate 1 instructors...
    23:43:02.333 | 120 Pool-1-worker-35 | DEBUG | d.t.c.a.a.c.u.util.UserUtilService   : 1 instructors generated
    23:43:02.334 | 120 Pool-1-worker-35 | DEBUG | d.t.c.a.a.c.u.util.UserUtilService   : Removing 5 users from all courses...
    23:43:02.334 | 120 Pool-1-worker-35 | DEBUG | d.t.c.a.a.c.u.util.UserUtilService   : Removing 5 users from all courses. Done
    23:43:02.334 | 120 Pool-1-worker-35 | DEBUG | d.t.c.a.a.c.u.util.UserUtilService   : Save 5 users to database...
    23:43:02.339 | 120 Pool-1-worker-35 | DEBUG | d.t.c.a.a.c.u.util.UserUtilService   : Save 5 users to database. Done
    23:43:02.370 | 120 Pool-1-worker-35 | INFO  | i.z.t.d.l.EmbeddedDatabaseReporter   : JDBC URL to connect to 'dataSource': url='jdbc:h2:tcp://localhost:41063/mem:df70fc46-7e57-4cb5-9cd0-c1d90c14afa7;USER=sa', scope='CourseCompetencyIntegrationTest#shouldReturnForbiddenForInstructorNotInCourse'
    23:43:02.372 | 120 Pool-1-worker-35 | DEBUG | d.t.c.a.a.c.s.f.ApiVersionFilter     : Adding Version to Request POST /api/courses/621/course-competencies/import-all
    23:43:02.374 | 120 Pool-1-worker-35 | WARN  | o.z.p.spring.common.AdviceTraits     : Forbidden: You are not allowed to access the Course with id 621

  Starting logs for CourseCompetencyIntegrationTest > shouldImportAllExerciseAndLectureWithCompetencyAndChangeDates()
    23:43:02.389 | 120 Pool-1-worker-35 | DEBUG | d.t.c.a.a.c.u.util.UserUtilService   : Generate 2 students...
    23:43:02.394 | 120 Pool-1-worker-35 | DEBUG | d.t.c.a.a.c.u.util.UserUtilService   : 2 students generated. Generate 1 tutors...
    23:43:02.396 | 120 Pool-1-worker-35 | DEBUG | d.t.c.a.a.c.u.util.UserUtilService   : 1 tutors generated. Generate 1 editors...
    23:43:02.399 | 120 Pool-1-worker-35 | DEBUG | d.t.c.a.a.c.u.util.UserUtilService   : 1 editors generated. Generate 1 instructors...
    23:43:02.402 | 120 Pool-1-worker-35 | DEBUG | d.t.c.a.a.c.u.util.UserUtilService   : 1 instructors generated
    23:43:02.403 | 120 Pool-1-worker-35 | DEBUG | d.t.c.a.a.c.u.util.UserUtilService   : Removing 5 users from all courses...
    23:43:02.404 | 120 Pool-1-worker-35 | DEBUG | d.t.c.a.a.c.u.util.UserUtilService   : Removing 5 users from all courses. Done
    23:43:02.404 | 120 Pool-1-worker-35 | DEBUG | d.t.c.a.a.c.u.util.UserUtilService   : Save 5 users to database...
    23:43:02.409 | 120 Pool-1-worker-35 | DEBUG | d.t.c.a.a.c.u.util.UserUtilService   : Save 5 users to database. Done
    23:43:02.440 | 120 Pool-1-worker-35 | INFO  | i.z.t.d.l.EmbeddedDatabaseReporter   : JDBC URL to connect to 'dataSource': url='jdbc:h2:tcp://localhost:41063/mem:df70fc46-7e57-4cb5-9cd0-c1d90c14afa7;USER=sa', scope='CourseCompetencyIntegrationTest#shouldImportAllExerciseAndLectureWithCompetencyAndChangeDates'
    23:43:02.454 | 120 Pool-1-worker-35 | DEBUG | d.t.c.a.a.c.s.f.ApiVersionFilter     : Adding Version to Request POST /api/courses/624/course-competencies/import-all
    23:43:02.456 | 120 Pool-1-worker-35 | INFO  | t.c.a.a.a.w.CourseCompetencyResource : REST request to all course competencies from course Optional[623] into course 624
    23:43:02.461 | 120 Pool-1-worker-35 | DEBUG | .c.a.a.t.s.TextExerciseImportService : Creating a new Exercise based on exercise TextExercise{id=null, exampleSolution='This is my example solution'}
    23:43:02.461 | 120 Pool-1-worker-35 | DEBUG | .c.a.a.t.s.TextExerciseImportService : Copying the exercise basis from TextExercise{id=null, exampleSolution='This is my example solution'}
    23:43:02.471 | 120 Pool-1-worker-35 | DEBUG | .c.a.a.t.s.TextExerciseImportService : Copying the ExampleSubmissions to new Exercise: TextExercise{id=579, exampleSolution='This is my example solution'}
    23:43:02.475 | 120 Pool-1-worker-35 | DEBUG | d.t.c.a.a.l.s.LectureImportService   : Creating a new Lecture based on lecture Lecture{id=74, title='LectureOne', description='null', visibleDate='2022-07-10T14:00Z', startDate='null', endDate='null'}
    23:43:02.475 | 120 Pool-1-worker-35 | DEBUG | d.t.c.a.a.l.s.LectureImportService   : Importing attachments from lecture
    23:43:02.479 | 120 Pool-1-worker-35 | DEBUG | t.c.a.a.l.s.LectureUnitImportService : Creating a new LectureUnit from lecture unit de.tum.cit.aet.artemis.lecture.domain.TextUnit@fe
    23:43:02.692 | 566 localvc.event-13 | DEBUG | a.a.b.s.SharedQueueProcessingService : Build job completed: BuildJobQueueItem[id=4771739576580898, name=SHORT51E611E30D6B60466F0B8BA0AA97F58888C2TSTEXC-LOCALCIINTSTUDENT1, buildAgent=BuildAgentDTO[name=artemis-build-agent-test, memberAddress=[127.0.0.1]:5703, displayName=artemis-build-agent-test], participationId=477, courseId=152, exerciseId=303, retryCount=0, priority=2, status=null, repositoryInfo=RepositoryInfo[repositoryName=short51e611e30d6b60466f0b8ba0aa97f58888c2tstexc-localciintstudent1, repositoryType=user, triggeredByPushTo=user, assignmentRepositoryUri=http://localhost:49152/git/SHORT51E611E30D6B60466F0B8BA0AA97F58888C2TSTEXC/short51e611e30d6b60466f0b8ba0aa97f58888c2tstexc-localciintstudent1.git, testRepositoryUri=http://localhost:49152/git/SHORT51E611E30D6B60466F0B8BA0AA97F58888C2TSTEXC/short51e611e30d6b60466f0b8ba0aa97f58888c2tstexc-tests.git, solutionRepositoryUri=null, auxiliaryRepositoryUris=[Ljava.lang.String;@655f14bf, auxiliaryRepositoryCheckoutDirectories=[Ljava.lang.String;@5fcb6409], jobTimingInfo=JobTimingInfo[submissionDate=2025-02-14T23:43:00.898532688Z[Etc/UTC], buildStartDate=2025-02-14T23:43:00.905733056Z[Etc/UTC], buildCompletionDate=null, estimatedCompletionDate=2025-02-14T23:43:19.905720463Z[Etc/UTC], estimatedDuration=19], buildConfig=BuildConfig[buildScript=#!/bin/bash
cd /var/tmp/testing-dir
chmod +x ./gradlew
./gradlew clean test
, dockerImage=dummy-docker-image:latest, commitHashToBuild=8f3057cbd462f5e3de4e6ba85115f60d8dbb5aea, assignmentCommitHash=8f3057cbd462f5e3de4e6ba85115f60d8dbb5aea, testCommitHash=8f3057cbd462f5e3de4e6ba85115f60d8dbb5aea, branch=main, programmingLanguage=JAVA, projectType=PLAIN_GRADLE, scaEnabled=true, sequentialTestRunsEnabled=false, resultPaths=[/var/tmp/testing-dir/**/test-results/test/*.xml], timeoutSeconds=0, assignmentCheckoutPath=null, testCheckoutPath=null, solutionCheckoutPath=null, dockerRunConfig=null], submissionResult=null]
    23:43:02.700 | 566 localvc.event-13 | DEBUG | a.a.b.s.SharedQueueProcessingService : Currently processing jobs on this node: 0, active threads in Pool: 0, maximum pool size of thread executor : 1
    23:43:02.701 | 566 localvc.event-13 | DEBUG | s.l.LocalCIWebsocketMessagingService : Sending message on topic /topic/admin/queued-jobs: []
    23:43:02.701 | 566 localvc.event-13 | DEBUG | s.l.LocalCIWebsocketMessagingService : Sending message on topic /topic/courses/152/queued-jobs: []
    23:43:02.701 | 566 localvc.event-13 | DEBUG | a.a.b.s.SharedQueueProcessingService : CIBuildJobQueueItem removed from queue: BuildJobQueueItem[id=4771739576580898, name=SHORT51E611E30D6B60466F0B8BA0AA97F58888C2TSTEXC-LOCALCIINTSTUDENT1, buildAgent=BuildAgentDTO[name=null, memberAddress=null, displayName=null], participationId=477, courseId=152, exerciseId=303, retryCount=0, priority=2, status=null, repositoryInfo=RepositoryInfo[repositoryName=short51e611e30d6b60466f0b8ba0aa97f58888c2tstexc-localciintstudent1, repositoryType=user, triggeredByPushTo=user, assignmentRepositoryUri=http://localhost:49152/git/SHORT51E611E30D6B60466F0B8BA0AA97F58888C2TSTEXC/short51e611e30d6b60466f0b8ba0aa97f58888c2tstexc-localciintstudent1.git, testRepositoryUri=http://localhost:49152/git/SHORT51E611E30D6B60466F0B8BA0AA97F58888C2TSTEXC/short51e611e30d6b60466f0b8ba0aa97f58888c2tstexc-tests.git, solutionRepositoryUri=null, auxiliaryRepositoryUris=[Ljava.lang.String;@2628ea99, auxiliaryRepositoryCheckoutDirectories=[Ljava.lang.String;@e70b16f], jobTimingInfo=JobTimingInfo[submissionDate=2025-02-14T23:43:00.898532688Z[Etc/UTC], buildStartDate=null, buildCompletionDate=null, estimatedCompletionDate=null, estimatedDuration=19], buildConfig=BuildConfig[buildScript=#!/bin/bash
cd /var/tmp/testing-dir
chmod +x ./gradlew
./gradlew clean test
, dockerImage=dummy-docker-image:latest, commitHashToBuild=8f3057cbd462f5e3de4e6ba85115f60d8dbb5aea, assignmentCommitHash=8f3057cbd462f5e3de4e6ba85115f60d8dbb5aea, testCommitHash=8f3057cbd462f5e3de4e6ba85115f60d8dbb5aea, branch=main, programmingLanguage=JAVA, projectType=PLAIN_GRADLE, scaEnabled=true, sequentialTestRunsEnabled=false, resultPaths=[/var/tmp/testing-dir/**/test-results/test/*.xml], timeoutSeconds=0, assignmentCheckoutPath=null, testCheckoutPath=null, solutionCheckoutPath=null, dockerRunConfig=null], submissionResult=null]
    23:43:02.701 | 566 localvc.event-13 | DEBUG | s.l.LocalCIWebsocketMessagingService : Sending message on topic /topic/admin/queued-jobs: []
    23:43:02.701 | 566 localvc.event-13 | DEBUG | s.l.LocalCIWebsocketMessagingService : Sending message on topic /topic/courses/152/queued-jobs: []
    23:43:02.702 | 566 localvc.event-13 | DEBUG | a.p.s.l.LocalCIQueueWebsocketService : CIBuildJobQueueItem added to processing jobs: BuildJobQueueItem[id=4771739576580898, name=SHORT51E611E30D6B60466F0B8BA0AA97F58888C2TSTEXC-LOCALCIINTSTUDENT1, buildAgent=BuildAgentDTO[name=artemis-build-agent-test, memberAddress=[127.0.0.1]:5703, displayName=artemis-build-agent-test], participationId=477, courseId=152, exerciseId=303, retryCount=0, priority=2, status=null, repositoryInfo=RepositoryInfo[repositoryName=short51e611e30d6b60466f0b8ba0aa97f58888c2tstexc-localciintstudent1, repositoryType=user, triggeredByPushTo=user, assignmentRepositoryUri=http://localhost:49152/git/SHORT51E611E30D6B60466F0B8BA0AA97F58888C2TSTEXC/short51e611e30d6b60466f0b8ba0aa97f58888c2tstexc-localciintstudent1.git, testRepositoryUri=http://localhost:49152/git/SHORT51E611E30D6B60466F0B8BA0AA97F58888C2TSTEXC/short51e611e30d6b60466f0b8ba0aa97f58888c2tstexc-tests.git, solutionRepositoryUri=null, auxiliaryRepositoryUris=[Ljava.lang.String;@33bf1ccd, auxiliaryRepositoryCheckoutDirectories=[Ljava.lang.String;@384f281c], jobTimingInfo=JobTimingInfo[submissionDate=2025-02-14T23:43:00.898532688Z[Etc/UTC], buildStartDate=2025-02-14T23:43:00.905733056Z[Etc/UTC], buildCompletionDate=null, estimatedCompletionDate=2025-02-14T23:43:19.905720463Z[Etc/UTC], estimatedDuration=19], buildConfig=BuildConfig[buildScript=#!/bin/bash
cd /var/tmp/testing-dir
chmod +x ./gradlew
./gradlew clean test
, dockerImage=dummy-docker-image:latest, commitHashToBuild=8f3057cbd462f5e3de4e6ba85115f60d8dbb5aea, assignmentCommitHash=8f3057cbd462f5e3de4e6ba85115f60d8dbb5aea, testCommitHash=8f3057cbd462f5e3de4e6ba85115f60d8dbb5aea, branch=main, programmingLanguage=JAVA, projectType=PLAIN_GRADLE, scaEnabled=true, sequentialTestRunsEnabled=false, resultPaths=[/var/tmp/testing-dir/**/test-results/test/*.xml], timeoutSeconds=0, assignmentCheckoutPath=null, testCheckoutPath=null, solutionCheckoutPath=null, dockerRunConfig=null], submissionResult=null]
    23:43:02.702 | 566 localvc.event-13 | DEBUG | s.l.LocalCIWebsocketMessagingService : Sending message on topic /topic/admin/running-jobs: []
    23:43:02.702 | 566 localvc.event-13 | DEBUG | s.l.LocalCIWebsocketMessagingService : Sending message on topic /topic/courses/152/running-jobs: []
    23:43:02.705 | 566 localvc.event-13 | DEBUG | a.p.s.l.LocalCIQueueWebsocketService : Build agent updated: BuildAgentInformation[buildAgent=BuildAgentDTO[name=artemis-build-agent-test, memberAddress=[127.0.0.1]:5703, displayName=artemis-build-agent-test], maxNumberOfConcurrentBuildJobs=1, numberOfCurrentBuildJobs=1, runningBuildJobs=[BuildJobQueueItem[id=4771739576580898, name=SHORT51E611E30D6B60466F0B8BA0AA97F58888C2TSTEXC-LOCALCIINTSTUDENT1, buildAgent=BuildAgentDTO[name=artemis-build-agent-test, memberAddress=[127.0.0.1]:5703, displayName=artemis-build-agent-test], participationId=477, courseId=152, exerciseId=303, retryCount=0, priority=2, status=null, repositoryInfo=RepositoryInfo[repositoryName=short51e611e30d6b60466f0b8ba0aa97f58888c2tstexc-localciintstudent1, repositoryType=user, triggeredByPushTo=user, assignmentRepositoryUri=http://localhost:49152/git/SHORT51E611E30D6B60466F0B8BA0AA97F58888C2TSTEXC/short51e611e30d6b60466f0b8ba0aa97f58888c2tstexc-localciintstudent1.git, testRepositoryUri=http://localhost:49152/git/SHORT51E611E30D6B60466F0B8BA0AA97F58888C2TSTEXC/short51e611e30d6b60466f0b8ba0aa97f58888c2tstexc-tests.git, solutionRepositoryUri=null, auxiliaryRepositoryUris=[Ljava.lang.String;@1332a3a, auxiliaryRepositoryCheckoutDirectories=[Ljava.lang.String;@1f9a9c88], jobTimingInfo=JobTimingInfo[submissionDate=2025-02-14T23:43:00.898532688Z[Etc/UTC], buildStartDate=2025-02-14T23:43:00.905733056Z[Etc/UTC], buildCompletionDate=null, estimatedCompletionDate=2025-02-14T23:43:19.905720463Z[Etc/UTC], estimatedDuration=19], buildConfig=BuildConfig[buildScript=#!/bin/bash
cd /var/tmp/testing-dir
chmod +x ./gradlew
./gradlew clean test
, dockerImage=dummy-docker-image:latest, commitHashToBuild=8f3057cbd462f5e3de4e6ba85115f60d8dbb5aea, assignmentCommitHash=8f3057cbd462f5e3de4e6ba85115f60d8dbb5aea, testCommitHash=8f3057cbd462f5e3de4e6ba85115f60d8dbb5aea, branch=main, programmingLanguage=JAVA, projectType=PLAIN_GRADLE, scaEnabled=true, sequentialTestRunsEnabled=false, resultPaths=[/var/tmp/testing-dir/**/test-results/test/*.xml], timeoutSeconds=0, assignmentCheckoutPath=null, testCheckoutPath=null, solutionCheckoutPath=null, dockerRunConfig=null], submissionResult=null]], status=ACTIVE, recentBuildJobs=[BuildJobQueueItem[id=4621739576562326, name=SHORT43ACF76B02BC1044B80938509D14043FABDETSTEXC-LOCALCIINTSTUDENT1, buildAgent=BuildAgentDTO[name=artemis-build-agent-test, memberAddress=[127.0.0.1]:5703, displayName=artemis-build-agent-test], participationId=462, courseId=147, exerciseId=298, retryCount=0, priority=2, status=SUCCESSFUL, repositoryInfo=RepositoryInfo[repositoryName=short43acf76b02bc1044b80938509d14043fabdetstexc-localciintstudent1, repositoryType=user, triggeredByPushTo=user, assignmentRepositoryUri=http://localhost:49152/git/SHORT43ACF76B02BC1044B80938509D14043FABDETSTEXC/short43acf76b02bc1044b80938509d14043fabdetstexc-localciintstudent1.git, testRepositoryUri=http://localhost:49152/git/SHORT43ACF76B02BC1044B80938509D14043FABDETSTEXC/short43acf76b02bc1044b80938509d14043fabdetstexc-tests.git, solutionRepositoryUri=null, auxiliaryRepositoryUris=[Ljava.lang.String;@16cd5d4d, auxiliaryRepositoryCheckoutDirectories=[Ljava.lang.String;@47a2355f], jobTimingInfo=JobTimingInfo[submissionDate=2025-02-14T23:42:42.326978596Z[Etc/UTC], buildStartDate=2025-02-14T23:42:42.420147010Z[Etc/UTC], buildCompletionDate=2025-02-14T23:42:45.573855829Z[Etc/UTC], estimatedCompletionDate=2025-02-14T23:43:01.420129377Z[Etc/UTC], estimatedDuration=19], buildConfig=BuildConfig[buildScript=#!/bin/bash
cd /var/tmp/testing-dir
chmod +x ./gradlew
./gradlew clean test
, dockerImage=dummy-docker-image:latest, commitHashToBuild=a9c717ccf7bcbe9531d3eee21dbaeb5aab2ff971, assignmentCommitHash=a9c717ccf7bcbe9531d3eee21dbaeb5aab2ff971, testCommitHash=a9c717ccf7bcbe9531d3eee21dbaeb5aab2ff971, branch=main, programmingLanguage=JAVA, projectType=PLAIN_GRADLE, scaEnabled=false, sequentialTestRunsEnabled=false, resultPaths=[/var/tmp/testing-dir/**/test-results/test/*.xml], timeoutSeconds=0, assignmentCheckoutPath=null, testCheckoutPath=null, solutionCheckoutPath=null, dockerRunConfig=DockerRunConfig[isNetworkDisabled=true, env=[key=value]]], submissionResult=ResultDTO[id=132, completionDate=2025-02-14T23:42:45.519869118Z[Etc/UTC], successful=false, score=7.7, rated=true, submission=SubmissionDTO[id=119, submitted=true, type=MANUAL, exampleSubmission=null, submissionDate=2025-02-14T23:42:42.302762Z, commitHash=a9c717ccf7bcbe9531d3eee21dbaeb5aab2ff971, buildFailed=false, buildArtifact=false, participation=ParticipationDTO[id=462, testRun=false, type=programming, submissionCount=null, exercise=ParticipationExerciseDTO[id=298, exerciseType=PROGRAMMING, type=programming, assessmentType=AUTOMATIC, dueDate=2025-02-16T23:42:41.553955Z, assessmentDueDate=null, maxPoints=42.0, course=CourseDTO[id=147, accuracyOfScores=1]]], submissionExerciseType=programming, isProcessing=false, buildStartDate=null, estimatedCompletionDate=null], participation=ParticipationDTO[id=462, testRun=false, type=programming, submissionCount=null, exercise=ParticipationExerciseDTO[id=298, exerciseType=PROGRAMMING, type=programming, assessmentType=AUTOMATIC, dueDate=2025-02-16T23:42:41.553955Z, assessmentDueDate=null, maxPoints=42.0, course=CourseDTO[id=147, accuracyOfScores=1]]], feedbacks=[FeedbackDTO[id=67, text=null, detailText=The exercise expects a class with the name Context in the package testpackage. You did not implement the class in the exercise., hasLongFeedbackText=false, reference=null, credits=0.0, positive=false, type=AUTOMATIC, visibility=ALWAYS, testCase=TestCaseDTO[testName=null, id=13]], FeedbackDTO[id=68, text=null, detailText=The exercise expects a class with the name Policy in the package testpackage. You did not implement the class in the exercise., hasLongFeedbackText=false, reference=null, credits=0.0, positive=false, type=AUTOMATIC, visibility=ALWAYS, testCase=TestCaseDTO[testName=null, id=14]], FeedbackDTO[id=69, text=null, detailText=The exercise expects a class with the name SortStrategy in the package testpackage. You did not implement the class in the exercise., hasLongFeedbackText=false, reference=null, credits=0.0, positive=false, type=AUTOMATIC, visibility=ALWAYS, testCase=TestCaseDTO[testName=null, id=15]], FeedbackDTO[id=70, text=null, detailText=The class 'MergeSort' does not implement the interface 'SortStrategy' as expected. Implement the interface and its methods., hasLongFeedbackText=false, reference=null, credits=0.0, positive=false, type=AUTOMATIC, visibility=ALWAYS, testCase=TestCaseDTO[testName=null, id=10]], FeedbackDTO[id=71, text=null, detailText=The exercise expects a class with the name SortStrategy in the package testpackage. You did not implement the class in the exercise., hasLongFeedbackText=false, reference=null, credits=0.0, positive=false, type=AUTOMATIC, visibility=ALWAYS, testCase=TestCaseDTO[testName=null, id=7]], FeedbackDTO[id=72, text=null, detailText=The class 'BubbleSort' does not implement the interface 'SortStrategy' as expected. Implement the interface and its methods., hasLongFeedbackText=false, reference=null, credits=0.0, positive=false, type=AUTOMATIC, visibility=ALWAYS, testCase=TestCaseDTO[testName=null, id=11]], FeedbackDTO[id=73, text=null, detailText=MergeSort does not sort correctly, hasLongFeedbackText=false, reference=null, credits=0.0, positive=false, type=AUTOMATIC, visibility=ALWAYS, testCase=TestCaseDTO[testName=null, id=16]], FeedbackDTO[id=74, text=null, detailText=The class 'Context' was not found within the submission. Make sure to implement it properly., hasLongFeedbackText=false, reference=null, credits=0.0, positive=false, type=AUTOMATIC, visibility=ALWAYS, testCase=TestCaseDTO[testName=null, id=17]], FeedbackDTO[id=75, text=null, detailText=The class 'Context' was not found within the submission. Make sure to implement it properly., hasLongFeedbackText=false, reference=null, credits=0.0, positive=false, type=AUTOMATIC, visibility=ALWAYS, testCase=TestCaseDTO[testName=null, id=18]], FeedbackDTO[id=76, text=null, detailText=The exercise expects a class with the name Policy in the package testpackage. You did not implement the class in the exercise., hasLongFeedbackText=false, reference=null, credits=0.0, positive=false, type=AUTOMATIC, visibility=ALWAYS, testCase=TestCaseDTO[testName=null, id=12]], FeedbackDTO[id=77, text=null, detailText=The exercise expects a class with the name Context in the package testpackage. You did not implement the class in the exercise., hasLongFeedbackText=false, reference=null, credits=0.0, positive=false, type=AUTOMATIC, visibility=ALWAYS, testCase=TestCaseDTO[testName=null, id=8]], FeedbackDTO[id=78, text=null, detailText=The exercise expects a class with the name Policy in the package testpackage. You did not implement the class in the exercise., hasLongFeedbackText=false, reference=null, credits=0.0, positive=false, type=AUTOMATIC, visibility=ALWAYS, testCase=TestCaseDTO[testName=null, id=9]], FeedbackDTO[id=79, text=null, detailText=null, hasLongFeedbackText=false, reference=null, credits=3.230769230769231, positive=true, type=AUTOMATIC, visibility=ALWAYS, testCase=TestCaseDTO[testName=null, id=19]]], assessmentType=AUTOMATIC, hasComplaint=null, exampleResult=null, testCaseCount=13, passedTestCaseCount=1, codeIssueCount=0]], BuildJobQueueItem[id=4651739576569330, name=SHORTB06DD3F905F4604F6E085260D83ED657A6DFTSTEXC-LOCALCIINTSTUDENT1, buildAgent=BuildAgentDTO[name=artemis-build-agent-test, memberAddress=[127.0.0.1]:5703, displayName=artemis-build-agent-test], participationId=465, courseId=148, exerciseId=299, retryCount=0, priority=2, status=SUCCESSFUL, repositoryInfo=RepositoryInfo[repositoryName=shortb06dd3f905f4604f6e085260d83ed657a6dftstexc-localciintstudent1, repositoryType=user, triggeredByPushTo=user, assignmentRepositoryUri=http://localhost:49152/git/SHORTB06DD3F905F4604F6E085260D83ED657A6DFTSTEXC/shortb06dd3f905f4604f6e085260d83ed657a6dftstexc-localciintstudent1.git, testRepositoryUri=http://localhost:49152/git/SHORTB06DD3F905F4604F6E085260D83ED657A6DFTSTEXC/shortb06dd3f905f4604f6e085260d83ed657a6dftstexc-tests.git, solutionRepositoryUri=null, auxiliaryRepositoryUris=[Ljava.lang.String;@5f58a56b, auxiliaryRepositoryCheckoutDirectories=[Ljava.lang.String;@14ed1cd4], jobTimingInfo=JobTimingInfo[submissionDate=2025-02-14T23:42:49.330093960Z[Etc/UTC], buildStartDate=2025-02-14T23:42:49.347797345Z[Etc/UTC], buildCompletionDate=2025-02-14T23:42:51.204319751Z[Etc/UTC], estimatedCompletionDate=2025-02-14T23:43:08.347788449Z[Etc/UTC], estimatedDuration=19], buildConfig=BuildConfig[buildScript=#!/bin/bash
cd /var/tmp/testing-dir
chmod +x ./gradlew
./gradlew clean test
, dockerImage=dummy-docker-image:latest, commitHashToBuild=41581fff25954d36cf07586926ee0c77d1003131, assignmentCommitHash=41581fff25954d36cf07586926ee0c77d1003131, testCommitHash=41581fff25954d36cf07586926ee0c77d1003131, branch=main, programmingLanguage=JAVA, projectType=PLAIN_GRADLE, scaEnabled=false, sequentialTestRunsEnabled=false, resultPaths=[/var/tmp/testing-dir/**/test-results/test/*.xml], timeoutSeconds=0, assignmentCheckoutPath=null, testCheckoutPath=null, solutionCheckoutPath=null, dockerRunConfig=null], submissionResult=ResultDTO[id=133, completionDate=2025-02-14T23:42:51.155372920Z[Etc/UTC], successful=false, score=7.7, rated=true, submission=SubmissionDTO[id=120, submitted=true, type=MANUAL, exampleSubmission=null, submissionDate=2025-02-14T23:42:49.321855Z, commitHash=41581fff25954d36cf07586926ee0c77d1003131, buildFailed=false, buildArtifact=false, participation=ParticipationDTO[id=465, testRun=false, type=programming, submissionCount=null, exercise=ParticipationExerciseDTO[id=299, exerciseType=PROGRAMMING, type=programming, assessmentType=AUTOMATIC, dueDate=2025-02-16T23:42:49.163661Z, assessmentDueDate=null, maxPoints=42.0, course=CourseDTO[id=148, accuracyOfScores=1]]], submissionExerciseType=programming, isProcessing=false, buildStartDate=null, estimatedCompletionDate=null], participation=ParticipationDTO[id=465, testRun=false, type=programming, submissionCount=null, exercise=ParticipationExerciseDTO[id=299, exerciseType=PROGRAMMING, type=programming, assessmentType=AUTOMATIC, dueDate=2025-02-16T23:42:49.163661Z, assessmentDueDate=null, maxPoints=42.0, course=CourseDTO[id=148, accuracyOfScores=1]]], feedbacks=[FeedbackDTO[id=80, text=null, detailText=The exercise expects a class with the name Context in the package testpackage. You did not implement the class in the exercise., hasLongFeedbackText=false, reference=null, credits=0.0, positive=false, type=AUTOMATIC, visibility=ALWAYS, testCase=TestCaseDTO[testName=null, id=26]], FeedbackDTO[id=81, text=null, detailText=The exercise expects a class with the name Policy in the package testpackage. You did not implement the class in the exercise., hasLongFeedbackText=false, reference=null, credits=0.0, positive=false, type=AUTOMATIC, visibility=ALWAYS, testCase=TestCaseDTO[testName=null, id=27]], FeedbackDTO[id=82, text=null, detailText=The exercise expects a class with the name SortStrategy in the package testpackage. You did not implement the class in the exercise., hasLongFeedbackText=false, reference=null, credits=0.0, positive=false, type=AUTOMATIC, visibility=ALWAYS, testCase=TestCaseDTO[testName=null, id=28]], FeedbackDTO[id=83, text=null, detailText=The class 'MergeSort' does not implement the interface 'SortStrategy' as expected. Implement the interface and its methods., hasLongFeedbackText=false, reference=null, credits=0.0, positive=false, type=AUTOMATIC, visibility=ALWAYS, testCase=TestCaseDTO[testName=null, id=23]], FeedbackDTO[id=84, text=null, detailText=The exercise expects a class with the name SortStrategy in the package testpackage. You did not implement the class in the exercise., hasLongFeedbackText=false, reference=null, credits=0.0, positive=false, type=AUTOMATIC, visibility=ALWAYS, testCase=TestCaseDTO[testName=null, id=20]], FeedbackDTO[id=85, text=null, detailText=The class 'BubbleSort' does not implement the interface 'SortStrategy' as expected. Implement the interface and its methods., hasLongFeedbackText=false, reference=null, credits=0.0, positive=false, type=AUTOMATIC, visibility=ALWAYS, testCase=TestCaseDTO[testName=null, id=24]], FeedbackDTO[id=86, text=null, detailText=MergeSort does not sort correctly, hasLongFeedbackText=false, reference=null, credits=0.0, positive=false, type=AUTOMATIC, visibility=ALWAYS, testCase=TestCaseDTO[testName=null, id=29]], FeedbackDTO[id=87, text=null, detailText=The class 'Context' was not found within the submission. Make sure to implement it properly., hasLongFeedbackText=false, reference=null, credits=0.0, positive=false, type=AUTOMATIC, visibility=ALWAYS, testCase=TestCaseDTO[testName=null, id=30]], FeedbackDTO[id=88, text=null, detailText=The class 'Context' was not found within the submission. Make sure to implement it properly., hasLongFeedbackText=false, reference=null, credits=0.0, positive=false, type=AUTOMATIC, visibility=ALWAYS, testCase=TestCaseDTO[testName=null, id=31]], FeedbackDTO[id=89, text=null, detailText=The exercise expects a class with the name Policy in the package testpackage. You did not implement the class in the exercise., hasLongFeedbackText=false, reference=null, credits=0.0, positive=false, type=AUTOMATIC, visibility=ALWAYS, testCase=TestCaseDTO[testName=null, id=25]], FeedbackDTO[id=90, text=null, detailText=The exercise expects a class with the name Context in the package testpackage. You did not implement the class in the exercise., hasLongFeedbackText=false, reference=null, credits=0.0, positive=false, type=AUTOMATIC, visibility=ALWAYS, testCase=TestCaseDTO[testName=null, id=21]], FeedbackDTO[id=91, text=null, detailText=The exercise expects a class with the name Policy in the package testpackage. You did not implement the class in the exercise., hasLongFeedbackText=false, reference=null, credits=0.0, positive=false, type=AUTOMATIC, visibility=ALWAYS, testCase=TestCaseDTO[testName=null, id=22]], FeedbackDTO[id=92, text=null, detailText=null, hasLongFeedbackText=false, reference=null, credits=3.230769230769231, positive=true, type=AUTOMATIC, visibility=ALWAYS, testCase=TestCaseDTO[testName=null, id=32]]], assessmentType=AUTOMATIC, hasComplaint=null, exampleResult=null, testCaseCount=13, passedTestCaseCount=1, codeIssueCount=0]], BuildJobQueueItem[id=4681739576573068, name=SHORTBCF65534040390488B0A46605F5F3776B89ATSTEXC-LOCALCIINTSTUDENT1, buildAgent=BuildAgentDTO[name=artemis-build-agent-test, memberAddress=[127.0.0.1]:5703, displayName=artemis-build-agent-test], participationId=468, courseId=149, exerciseId=300, retryCount=0, priority=2, status=SUCCESSFUL, repositoryInfo=RepositoryInfo[repositoryName=shortbcf65534040390488b0a46605f5f3776b89atstexc-localciintstudent1, repositoryType=user, triggeredByPushTo=user, assignmentRepositoryUri=http://localhost:49152/git/SHORTBCF65534040390488B0A46605F5F3776B89ATSTEXC/shortbcf65534040390488b0a46605f5f3776b89atstexc-localciintstudent1.git, testRepositoryUri=http://localhost:49152/git/SHORTBCF65534040390488B0A46605F5F3776B89ATSTEXC/shortbcf65534040390488b0a46605f5f3776b89atstexc-tests.git, solutionRepositoryUri=null, auxiliaryRepositoryUris=[Ljava.lang.String;@68b60c31, auxiliaryRepositoryCheckoutDirectories=[Ljava.lang.String;@3ee8c4b5], jobTimingInfo=JobTimingInfo[submissionDate=2025-02-14T23:42:53.068019209Z[Etc/UTC], buildStartDate=2025-02-14T23:42:53.092867394Z[Etc/UTC], buildCompletionDate=2025-02-14T23:42:55.086950323Z[Etc/UTC], estimatedCompletionDate=2025-02-14T23:43:12.092858828Z[Etc/UTC], estimatedDuration=19], buildConfig=BuildConfig[buildScript=#!/bin/bash
cd /var/tmp/testing-dir
chmod +x ./gradlew
./gradlew clean test
, dockerImage=dummy-docker-image:latest, commitHashToBuild=2d5c0482fc77d3f5ec0841962528a43054e83170, assignmentCommitHash=2d5c0482fc77d3f5ec0841962528a43054e83170, testCommitHash=7477e25d56ce5fee2c938542a7e7ed4ed085d373, branch=main, programmingLanguage=JAVA, projectType=PLAIN_GRADLE, scaEnabled=false, sequentialTestRunsEnabled=false, resultPaths=[/var/tmp/testing-dir/**/test-results/test/*.xml], timeoutSeconds=0, assignmentCheckoutPath=null, testCheckoutPath=null, solutionCheckoutPath=null, dockerRunConfig=null], submissionResult=ResultDTO[id=134, completionDate=2025-02-14T23:42:55.059618627Z[Etc/UTC], successful=false, score=7.7, rated=true, submission=SubmissionDTO[id=121, submitted=true, type=MANUAL, exampleSubmission=null, submissionDate=2025-02-14T23:42:53.048221Z, commitHash=2d5c0482fc77d3f5ec0841962528a43054e83170, buildFailed=false, buildArtifact=false, participation=ParticipationDTO[id=468, testRun=false, type=programming, submissionCount=null, exercise=ParticipationExerciseDTO[id=300, exerciseType=PROGRAMMING, type=programming, assessmentType=AUTOMATIC, dueDate=2025-02-16T23:42:52.873722Z, assessmentDueDate=null, maxPoints=42.0, course=CourseDTO[id=149, accuracyOfScores=1]]], submissionExerciseType=programming, isProcessing=false, buildStartDate=null, estimatedCompletionDate=null], participation=ParticipationDTO[id=468, testRun=false, type=programming, submissionCount=null, exercise=ParticipationExerciseDTO[id=300, exerciseType=PROGRAMMING, type=programming, assessmentType=AUTOMATIC, dueDate=2025-02-16T23:42:52.873722Z, assessmentDueDate=null, maxPoints=42.0, course=CourseDTO[id=149, accuracyOfScores=1]]], feedbacks=[FeedbackDTO[id=93, text=null, detailText=The exercise expects a class with the name Context in the package testpackage. You did not implement the class in the exercise., hasLongFeedbackText=false, reference=null, credits=0.0, positive=false, type=AUTOMATIC, visibility=ALWAYS, testCase=TestCaseDTO[testName=null, id=39]], FeedbackDTO[id=94, text=null, detailText=The exercise expects a class with the name Policy in the package testpackage. You did not implement the class in the exercise., hasLongFeedbackText=false, reference=null, credits=0.0, positive=false, type=AUTOMATIC, visibility=ALWAYS, testCase=TestCaseDTO[testName=null, id=40]], FeedbackDTO[id=95, text=null, detailText=The exercise expects a class with the name SortStrategy in the package testpackage. You did not implement the class in the exercise., hasLongFeedbackText=false, reference=null, credits=0.0, positive=false, type=AUTOMATIC, visibility=ALWAYS, testCase=TestCaseDTO[testName=null, id=41]], FeedbackDTO[id=96, text=null, detailText=The class 'MergeSort' does not implement the interface 'SortStrategy' as expected. Implement the interface and its methods., hasLongFeedbackText=false, reference=null, credits=0.0, positive=false, type=AUTOMATIC, visibility=ALWAYS, testCase=TestCaseDTO[testName=null, id=36]], FeedbackDTO[id=97, text=null, detailText=The exercise expects a class with the name SortStrategy in the package testpackage. You did not implement the class in the exercise., hasLongFeedbackText=false, reference=null, credits=0.0, positive=false, type=AUTOMATIC, visibility=ALWAYS, testCase=TestCaseDTO[testName=null, id=33]], FeedbackDTO[id=98, text=null, detailText=The class 'BubbleSort' does not implement the interface 'SortStrategy' as expected. Implement the interface and its methods., hasLongFeedbackText=false, reference=null, credits=0.0, positive=false, type=AUTOMATIC, visibility=ALWAYS, testCase=TestCaseDTO[testName=null, id=37]], FeedbackDTO[id=99, text=null, detailText=MergeSort does not sort correctly, hasLongFeedbackText=false, reference=null, credits=0.0, positive=false, type=AUTOMATIC, visibility=ALWAYS, testCase=TestCaseDTO[testName=null, id=42]], FeedbackDTO[id=100, text=null, detailText=The class 'Context' was not found within the submission. Make sure to implement it properly., hasLongFeedbackText=false, reference=null, credits=0.0, positive=false, type=AUTOMATIC, visibility=ALWAYS, testCase=TestCaseDTO[testName=null, id=43]], FeedbackDTO[id=101, text=null, detailText=The class 'Context' was not found within the submission. Make sure to implement it properly., hasLongFeedbackText=false, reference=null, credits=0.0, positive=false, type=AUTOMATIC, visibility=ALWAYS, testCase=TestCaseDTO[testName=null, id=44]], FeedbackDTO[id=102, text=null, detailText=The exercise expects a class with the name Policy in the package testpackage. You did not implement the class in the exercise., hasLongFeedbackText=false, reference=null, credits=0.0, positive=false, type=AUTOMATIC, visibility=ALWAYS, testCase=TestCaseDTO[testName=null, id=38]], FeedbackDTO[id=103, text=null, detailText=The exercise expects a class with the name Context in the package testpackage. You did not implement the class in the exercise., hasLongFeedbackText=false, reference=null, credits=0.0, positive=false, type=AUTOMATIC, visibility=ALWAYS, testCase=TestCaseDTO[testName=null, id=34]], FeedbackDTO[id=104, text=null, detailText=The exercise expects a class with the name Policy in the package testpackage. You did not implement the class in the exercise., hasLongFeedbackText=false, reference=null, credits=0.0, positive=false, type=AUTOMATIC, visibility=ALWAYS, testCase=TestCaseDTO[testName=null, id=35]], FeedbackDTO[id=105, text=null, detailText=null, hasLongFeedbackText=false, reference=null, credits=3.230769230769231, positive=true, type=AUTOMATIC, visibility=ALWAYS, testCase=TestCaseDTO[testName=null, id=45]]], assessmentType=AUTOMATIC, hasComplaint=null, exampleResult=null, testCaseCount=13, passedTestCaseCount=1, codeIssueCount=0]], BuildJobQueueItem[id=4741739576577297, name=SHORT88A9A223023E2047B709E4A029FA08BCF2CFTSTEXC-LOCALCIINTSTUDENT1, buildAgent=BuildAgentDTO[name=artemis-build-agent-test, memberAddress=[127.0.0.1]:5703, displayName=artemis-build-agent-test], participationId=474, courseId=151, exerciseId=302, retryCount=0, priority=2, status=SUCCESSFUL, repositoryInfo=RepositoryInfo[repositoryName=short88a9a223023e2047b709e4a029fa08bcf2cftstexc-localciintstudent1, repositoryType=user, triggeredByPushTo=user, assignmentRepositoryUri=http://localhost:49152/git/SHORT88A9A223023E2047B709E4A029FA08BCF2CFTSTEXC/short88a9a223023e2047b709e4a029fa08bcf2cftstexc-localciintstudent1.git, testRepositoryUri=http://localhost:49152/git/SHORT88A9A223023E2047B709E4A029FA08BCF2CFTSTEXC/short88a9a223023e2047b709e4a029fa08bcf2cftstexc-tests.git, solutionRepositoryUri=null, auxiliaryRepositoryUris=[Ljava.lang.String;@24814dfe, auxiliaryRepositoryCheckoutDirectories=[Ljava.lang.String;@58f6fe06], jobTimingInfo=JobTimingInfo[submissionDate=2025-02-14T23:42:57.297342281Z[Etc/UTC], buildStartDate=2025-02-14T23:42:57.308570327Z[Etc/UTC], buildCompletionDate=2025-02-14T23:42:59.047616654Z[Etc/UTC], estimatedCompletionDate=2025-02-14T23:43:16.308558064Z[Etc/UTC], estimatedDuration=19], buildConfig=BuildConfig[buildScript=#!/bin/bash
cd /var/tmp/testing-dir
chmod +x ./gradlew
./gradlew clean test
, dockerImage=dummy-docker-image:latest, commitHashToBuild=736cbea1e46d6849b41266b2bf1cccd3b9ea55b1, assignmentCommitHash=736cbea1e46d6849b41266b2bf1cccd3b9ea55b1, testCommitHash=ea6267edd396a304305339b036512b63e0374c66, branch=main, programmingLanguage=JAVA, projectType=PLAIN_GRADLE, scaEnabled=false, sequentialTestRunsEnabled=false, resultPaths=[/var/tmp/testing-dir/**/test-results/test/*.xml], timeoutSeconds=0, assignmentCheckoutPath=null, testCheckoutPath=null, solutionCheckoutPath=null, dockerRunConfig=null], submissionResult=ResultDTO[id=135, completionDate=2025-02-14T23:42:59.014168821Z[Etc/UTC], successful=false, score=7.7, rated=true, submission=SubmissionDTO[id=123, submitted=true, type=MANUAL, exampleSubmission=null, submissionDate=2025-02-14T23:42:57.278471Z, commitHash=736cbea1e46d6849b41266b2bf1cccd3b9ea55b1, buildFailed=false, buildArtifact=false, participation=ParticipationDTO[id=474, testRun=false, type=programming, submissionCount=null, exercise=ParticipationExerciseDTO[id=302, exerciseType=PROGRAMMING, type=programming, assessmentType=AUTOMATIC, dueDate=2025-02-16T23:42:56.796251Z, assessmentDueDate=null, maxPoints=42.0, course=CourseDTO[id=151, accuracyOfScores=1]]], submissionExerciseType=programming, isProcessing=false, buildStartDate=null, estimatedCompletionDate=null], participation=ParticipationDTO[id=474, testRun=false, type=programming, submissionCount=null, exercise=ParticipationExerciseDTO[id=302, exerciseType=PROGRAMMING, type=programming, assessmentType=AUTOMATIC, dueDate=2025-02-16T23:42:56.796251Z, assessmentDueDate=null, maxPoints=42.0, course=CourseDTO[id=151, accuracyOfScores=1]]], feedbacks=[FeedbackDTO[id=106, text=null, detailText=The exercise expects a class with the name Context in the package testpackage. You did not implement the class in the exercise., hasLongFeedbackText=false, reference=null, credits=0.0, positive=false, type=AUTOMATIC, visibility=ALWAYS, testCase=TestCaseDTO[testName=null, id=65]], FeedbackDTO[id=107, text=null, detailText=The exercise expects a class with the name Policy in the package testpackage. You did not implement the class in the exercise., hasLongFeedbackText=false, reference=null, credits=0.0, positive=false, type=AUTOMATIC, visibility=ALWAYS, testCase=TestCaseDTO[testName=null, id=66]], FeedbackDTO[id=108, text=null, detailText=The exercise expects a class with the name SortStrategy in the package testpackage. You did not implement the class in the exercise., hasLongFeedbackText=false, reference=null, credits=0.0, positive=false, type=AUTOMATIC, visibility=ALWAYS, testCase=TestCaseDTO[testName=null, id=67]], FeedbackDTO[id=109, text=null, detailText=The class 'MergeSort' does not implement the interface 'SortStrategy' as expected. Implement the interface and its methods., hasLongFeedbackText=false, reference=null, credits=0.0, positive=false, type=AUTOMATIC, visibility=ALWAYS, testCase=TestCaseDTO[testName=null, id=62]], FeedbackDTO[id=110, text=null, detailText=The exercise expects a class with the name SortStrategy in the package testpackage. You did not implement the class in the exercise., hasLongFeedbackText=false, reference=null, credits=0.0, positive=false, type=AUTOMATIC, visibility=ALWAYS, testCase=TestCaseDTO[testName=null, id=59]], FeedbackDTO[id=111, text=null, detailText=The class 'BubbleSort' does not implement the interface 'SortStrategy' as expected. Implement the interface and its methods., hasLongFeedbackText=false, reference=null, credits=0.0, positive=false, type=AUTOMATIC, visibility=ALWAYS, testCase=TestCaseDTO[testName=null, id=63]], FeedbackDTO[id=112, text=null, detailText=MergeSort does not sort correctly, hasLongFeedbackText=false, reference=null, credits=0.0, positive=false, type=AUTOMATIC, visibility=ALWAYS, testCase=TestCaseDTO[testName=null, id=68]], FeedbackDTO[id=113, text=null, detailText=The class 'Context' was not found within the submission. Make sure to implement it properly., hasLongFeedbackText=false, reference=null, credits=0.0, positive=false, type=AUTOMATIC, visibility=ALWAYS, testCase=TestCaseDTO[testName=null, id=69]], FeedbackDTO[id=114, text=null, detailText=The class 'Context' was not found within the submission. Make sure to implement it properly., hasLongFeedbackText=false, reference=null, credits=0.0, positive=false, type=AUTOMATIC, visibility=ALWAYS, testCase=TestCaseDTO[testName=null, id=70]], FeedbackDTO[id=115, text=null, detailText=The exercise expects a class with the name Policy in the package testpackage. You did not implement the class in the exercise., hasLongFeedbackText=false, reference=null, credits=0.0, positive=false, type=AUTOMATIC, visibility=ALWAYS, testCase=TestCaseDTO[testName=null, id=64]], FeedbackDTO[id=116, text=null, detailText=The exercise expects a class with the name Context in the package testpackage. You did not implement the class in the exercise., hasLongFeedbackText=false, reference=null, credits=0.0, positive=false, type=AUTOMATIC, visibility=ALWAYS, testCase=TestCaseDTO[testName=null, id=60]], FeedbackDTO[id=117, text=null, detailText=The exercise expects a class with the name Policy in the package testpackage. You did not implement the class in the exercise., hasLongFeedbackText=false, reference=null, credits=0.0, positive=false, type=AUTOMATIC, visibility=ALWAYS, testCase=TestCaseDTO[testName=null, id=61]], FeedbackDTO[id=118, text=null, detailText=null, hasLongFeedbackText=false, reference=null, credits=3.230769230769231, positive=true, type=AUTOMATIC, visibility=ALWAYS, testCase=TestCaseDTO[testName=null, id=71]]], assessmentType=AUTOMATIC, hasComplaint=null, exampleResult=null, testCaseCount=13, passedTestCaseCount=1, codeIssueCount=0]]], publicSshKey=ssh-rsa AAAAB3NzaC1yc2EAAAADAQABAAACAQCOPdMsxRE2jFJ/UEa5/LsBxtwzJcrh3/rYBCQvcMeVpiRfhzQPWu7mrt/G2Ew+i+vRloGH9aqKg6dd1liRncao53Zmd/ePxoatXePNhmzTfkCkcSkTUz7B+QMjkoDDV5jwuFPD6mF3JkhuzSi64n9Zy905t4w2IhVcjM2mL3eYNjiCXt6Qpq3Pkt7dM/Ksw1nxnvuiIALuJLB3FTkXkHqq3PJav+9HSq2r6ZaWgekneaGxlQlb+U+Vy3XOuArKAzK8c8i+0bR+AHiTG6ncYXt7ax3U+TdlDTF7OLP3umwaYjs1NBXOHwG42pevvpKn2fqavZZozk+M05jXLx3bq0O7itxfErWc7etky8qYPyyIMF/txQIVLd78+Ze4d7Y60t5MGbXM5cGE6fFif5fEJwgswXD+BrG0cafz1CTatjSKFdvp8Vp4VszXhHDan1PrP6JEFJ5Cc5GDmLRZPCFa3vL9f5qXgf4bkqKN8MYeEujwJE5nMRWoiJVNakix2bcrrneQMBlnYeYZVWXXXUusAQBzl4NgddC1umZpihZkL1b1MffZAUW3EGEXi7KHnllQhkTLLsQ8ntMgbylqaJKStqaXlLvdeRJcEnUuiFCrHEVVbXRFZR7XVDZ02CE5o3MuaRPty8Kh+jRTF3COlAckHwYEJCNNJvXFgb2CNXL4mjzYDw== test@localhost]
    23:43:02.707 | 566 localvc.event-13 | DEBUG | s.l.LocalCIWebsocketMessagingService : Sending message on topic /topic/admin/build-agents: [BuildAgentInformation[buildAgent=BuildAgentDTO[name=artemis-build-agent-test, memberAddress=[127.0.0.1]:5703, displayName=artemis-build-agent-test], maxNumberOfConcurrentBuildJobs=1, numberOfCurrentBuildJobs=0, runningBuildJobs=[], status=IDLE, recentBuildJobs=null, publicSshKey=null]]
    23:43:02.711 | 566 localvc.event-13 | DEBUG | s.l.LocalCIWebsocketMessagingService : Sending message on topic /topic/admin/build-agent/artemis-build-agent-test: BuildAgentInformation[buildAgent=BuildAgentDTO[name=artemis-build-agent-test, memberAddress=[127.0.0.1]:5703, displayName=artemis-build-agent-test], maxNumberOfConcurrentBuildJobs=1, numberOfCurrentBuildJobs=0, runningBuildJobs=[], status=IDLE, recentBuildJobs=[BuildJobQueueItem[id=4621739576562326, name=SHORT43ACF76B02BC1044B80938509D14043FABDETSTEXC-LOCALCIINTSTUDENT1, buildAgent=BuildAgentDTO[name=artemis-build-agent-test, memberAddress=[127.0.0.1]:5703, displayName=artemis-build-agent-test], participationId=462, courseId=147, exerciseId=298, retryCount=0, priority=2, status=SUCCESSFUL, repositoryInfo=RepositoryInfo[repositoryName=short43acf76b02bc1044b80938509d14043fabdetstexc-localciintstudent1, repositoryType=user, triggeredByPushTo=user, assignmentRepositoryUri=http://localhost:49152/git/SHORT43ACF76B02BC1044B80938509D14043FABDETSTEXC/short43acf76b02bc1044b80938509d14043fabdetstexc-localciintstudent1.git, testRepositoryUri=http://localhost:49152/git/SHORT43ACF76B02BC1044B80938509D14043FABDETSTEXC/short43acf76b02bc1044b80938509d14043fabdetstexc-tests.git, solutionRepositoryUri=null, auxiliaryRepositoryUris=[Ljava.lang.String;@568c5b21, auxiliaryRepositoryCheckoutDirectories=[Ljava.lang.String;@39658938], jobTimingInfo=JobTimingInfo[submissionDate=2025-02-14T23:42:42.326978596Z[Etc/UTC], buildStartDate=2025-02-14T23:42:42.420147010Z[Etc/UTC], buildCompletionDate=2025-02-14T23:42:45.573855829Z[Etc/UTC], estimatedCompletionDate=2025-02-14T23:43:01.420129377Z[Etc/UTC], estimatedDuration=19], buildConfig=BuildConfig[buildScript=#!/bin/bash
cd /var/tmp/testing-dir
chmod +x ./gradlew
./gradlew clean test
, dockerImage=dummy-docker-image:latest, commitHashToBuild=a9c717ccf7bcbe9531d3eee21dbaeb5aab2ff971, assignmentCommitHash=a9c717ccf7bcbe9531d3eee21dbaeb5aab2ff971, testCommitHash=a9c717ccf7bcbe9531d3eee21dbaeb5aab2ff971, branch=main, programmingLanguage=JAVA, projectType=PLAIN_GRADLE, scaEnabled=false, sequentialTestRunsEnabled=false, resultPaths=[/var/tmp/testing-dir/**/test-results/test/*.xml], timeoutSeconds=0, assignmentCheckoutPath=null, testCheckoutPath=null, solutionCheckoutPath=null, dockerRunConfig=DockerRunConfig[isNetworkDisabled=true, env=[key=value]]], submissionResult=ResultDTO[id=132, completionDate=2025-02-14T23:42:45.519869118Z[Etc/UTC], successful=false, score=7.7, rated=true, submission=SubmissionDTO[id=119, submitted=true, type=MANUAL, exampleSubmission=null, submissionDate=2025-02-14T23:42:42.302762Z, commitHash=a9c717ccf7bcbe9531d3eee21dbaeb5aab2ff971, buildFailed=false, buildArtifact=false, participation=ParticipationDTO[id=462, testRun=false, type=programming, submissionCount=null, exercise=ParticipationExerciseDTO[id=298, exerciseType=PROGRAMMING, type=programming, assessmentType=AUTOMATIC, dueDate=2025-02-16T23:42:41.553955Z, assessmentDueDate=null, maxPoints=42.0, course=CourseDTO[id=147, accuracyOfScores=1]]], submissionExerciseType=programming, isProcessing=false, buildStartDate=null, estimatedCompletionDate=null], participation=ParticipationDTO[id=462, testRun=false, type=programming, submissionCount=null, exercise=ParticipationExerciseDTO[id=298, exerciseType=PROGRAMMING, type=programming, assessmentType=AUTOMATIC, dueDate=2025-02-16T23:42:41.553955Z, assessmentDueDate=null, maxPoints=42.0, course=CourseDTO[id=147, accuracyOfScores=1]]], feedbacks=[FeedbackDTO[id=67, text=null, detailText=The exercise expects a class with the name Context in the package testpackage. You did not implement the class in the exercise., hasLongFeedbackText=false, reference=null, credits=0.0, positive=false, type=AUTOMATIC, visibility=ALWAYS, testCase=TestCaseDTO[testName=null, id=13]], FeedbackDTO[id=68, text=null, detailText=The exercise expects a class with the name Policy in the package testpackage. You did not implement the class in the exercise., hasLongFeedbackText=false, reference=null, credits=0.0, positive=false, type=AUTOMATIC, visibility=ALWAYS, testCase=TestCaseDTO[testName=null, id=14]], FeedbackDTO[id=69, text=null, detailText=The exercise expects a class with the name SortStrategy in the package testpackage. You did not implement the class in the exercise., hasLongFeedbackText=false, reference=null, credits=0.0, positive=false, type=AUTOMATIC, visibility=ALWAYS, testCase=TestCaseDTO[testName=null, id=15]], FeedbackDTO[id=70, text=null, detailText=The class 'MergeSort' does not implement the interface 'SortStrategy' as expected. Implement the interface and its methods., hasLongFeedbackText=false, reference=null, credits=0.0, positive=false, type=AUTOMATIC, visibility=ALWAYS, testCase=TestCaseDTO[testName=null, id=10]], FeedbackDTO[id=71, text=null, detailText=The exercise expects a class with the name SortStrategy in the package testpackage. You did not implement the class in the exercise., hasLongFeedbackText=false, reference=null, credits=0.0, positive=false, type=AUTOMATIC, visibility=ALWAYS, testCase=TestCaseDTO[testName=null, id=7]], FeedbackDTO[id=72, text=null, detailText=The class 'BubbleSort' does not implement the interface 'SortStrategy' as expected. Implement the interface and its methods., hasLongFeedbackText=false, reference=null, credits=0.0, positive=false, type=AUTOMATIC, visibility=ALWAYS, testCase=TestCaseDTO[testName=null, id=11]], FeedbackDTO[id=73, text=null, detailText=MergeSort does not sort correctly, hasLongFeedbackText=false, reference=null, credits=0.0, positive=false, type=AUTOMATIC, visibility=ALWAYS, testCase=TestCaseDTO[testName=null, id=16]], FeedbackDTO[id=74, text=null, detailText=The class 'Context' was not found within the submission. Make sure to implement it properly., hasLongFeedbackText=false, reference=null, credits=0.0, positive=false, type=AUTOMATIC, visibility=ALWAYS, testCase=TestCaseDTO[testName=null, id=17]], FeedbackDTO[id=75, text=null, detailText=The class 'Context' was not found within the submission. Make sure to implement it properly., hasLongFeedbackText=false, reference=null, credits=0.0, positive=false, type=AUTOMATIC, visibility=ALWAYS, testCase=TestCaseDTO[testName=null, id=18]], FeedbackDTO[id=76, text=null, detailText=The exercise expects a class with the name Policy in the package testpackage. You did not implement the class in the exercise., hasLongFeedbackText=false, reference=null, credits=0.0, positive=false, type=AUTOMATIC, visibility=ALWAYS, testCase=TestCaseDTO[testName=null, id=12]], FeedbackDTO[id=77, text=null, detailText=The exercise expects a class with the name Context in the package testpackage. You did not implement the class in the exercise., hasLongFeedbackText=false, reference=null, credits=0.0, positive=false, type=AUTOMATIC, visibility=ALWAYS, testCase=TestCaseDTO[testName=null, id=8]], FeedbackDTO[id=78, text=null, detailText=The exercise expects a class with the name Policy in the package testpackage. You did not implement the class in the exercise., hasLongFeedbackText=false, reference=null, credits=0.0, positive=false, type=AUTOMATIC, visibility=ALWAYS, testCase=TestCaseDTO[testName=null, id=9]], FeedbackDTO[id=79, text=null, detailText=null, hasLongFeedbackText=false, reference=null, credits=3.230769230769231, positive=true, type=AUTOMATIC, visibility=ALWAYS, testCase=TestCaseDTO[testName=null, id=19]]], assessmentType=AUTOMATIC, hasComplaint=null, exampleResult=null, testCaseCount=13, passedTestCaseCount=1, codeIssueCount=0]], BuildJobQueueItem[id=4651739576569330, name=SHORTB06DD3F905F4604F6E085260D83ED657A6DFTSTEXC-LOCALCIINTSTUDENT1, buildAgent=BuildAgentDTO[name=artemis-build-agent-test, memberAddress=[127.0.0.1]:5703, displayName=artemis-build-agent-test], participationId=465, courseId=148, exerciseId=299, retryCount=0, priority=2, status=SUCCESSFUL, repositoryInfo=RepositoryInfo[repositoryName=shortb06dd3f905f4604f6e085260d83ed657a6dftstexc-localciintstudent1, repositoryType=user, triggeredByPushTo=user, assignmentRepositoryUri=http://localhost:49152/git/SHORTB06DD3F905F4604F6E085260D83ED657A6DFTSTEXC/shortb06dd3f905f4604f6e085260d83ed657a6dftstexc-localciintstudent1.git, testRepositoryUri=http://localhost:49152/git/SHORTB06DD3F905F4604F6E085260D83ED657A6DFTSTEXC/shortb06dd3f905f4604f6e085260d83ed657a6dftstexc-tests.git, solutionRepositoryUri=null, auxiliaryRepositoryUris=[Ljava.lang.String;@74e48c77, auxiliaryRepositoryCheckoutDirectories=[Ljava.lang.String;@6c8b3acf], jobTimingInfo=JobTimingInfo[submissionDate=2025-02-14T23:42:49.330093960Z[Etc/UTC], buildStartDate=2025-02-14T23:42:49.347797345Z[Etc/UTC], buildCompletionDate=2025-02-14T23:42:51.204319751Z[Etc/UTC], estimatedCompletionDate=2025-02-14T23:43:08.347788449Z[Etc/UTC], estimatedDuration=19], buildConfig=BuildConfig[buildScript=#!/bin/bash
cd /var/tmp/testing-dir
chmod +x ./gradlew
./gradlew clean test
, dockerImage=dummy-docker-image:latest, commitHashToBuild=41581fff25954d36cf07586926ee0c77d1003131, assignmentCommitHash=41581fff25954d36cf07586926ee0c77d1003131, testCommitHash=41581fff25954d36cf07586926ee0c77d1003131, branch=main, programmingLanguage=JAVA, projectType=PLAIN_GRADLE, scaEnabled=false, sequentialTestRunsEnabled=false, resultPaths=[/var/tmp/testing-dir/**/test-results/test/*.xml], timeoutSeconds=0, assignmentCheckoutPath=null, testCheckoutPath=null, solutionCheckoutPath=null, dockerRunConfig=null], submissionResult=ResultDTO[id=133, completionDate=2025-02-14T23:42:51.155372920Z[Etc/UTC], successful=false, score=7.7, rated=true, submission=SubmissionDTO[id=120, submitted=true, type=MANUAL, exampleSubmission=null, submissionDate=2025-02-14T23:42:49.321855Z, commitHash=41581fff25954d36cf07586926ee0c77d1003131, buildFailed=false, buildArtifact=false, participation=ParticipationDTO[id=465, testRun=false, type=programming, submissionCount=null, exercise=ParticipationExerciseDTO[id=299, exerciseType=PROGRAMMING, type=programming, assessmentType=AUTOMATIC, dueDate=2025-02-16T23:42:49.163661Z, assessmentDueDate=null, maxPoints=42.0, course=CourseDTO[id=148, accuracyOfScores=1]]], submissionExerciseType=programming, isProcessing=false, buildStartDate=null, estimatedCompletionDate=null], participation=ParticipationDTO[id=465, testRun=false, type=programming, submissionCount=null, exercise=ParticipationExerciseDTO[id=299, exerciseType=PROGRAMMING, type=programming, assessmentType=AUTOMATIC, dueDate=2025-02-16T23:42:49.163661Z, assessmentDueDate=null, maxPoints=42.0, course=CourseDTO[id=148, accuracyOfScores=1]]], feedbacks=[FeedbackDTO[id=80, text=null, detailText=The exercise expects a class with the name Context in the package testpackage. You did not implement the class in the exercise., hasLongFeedbackText=false, reference=null, credits=0.0, positive=false, type=AUTOMATIC, visibility=ALWAYS, testCase=TestCaseDTO[testName=null, id=26]], FeedbackDTO[id=81, text=null, detailText=The exercise expects a class with the name Policy in the package testpackage. You did not implement the class in the exercise., hasLongFeedbackText=false, reference=null, credits=0.0, positive=false, type=AUTOMATIC, visibility=ALWAYS, testCase=TestCaseDTO[testName=null, id=27]], FeedbackDTO[id=82, text=null, detailText=The exercise expects a class with the name SortStrategy in the package testpackage. You did not implement the class in the exercise., hasLongFeedbackText=false, reference=null, credits=0.0, positive=false, type=AUTOMATIC, visibility=ALWAYS, testCase=TestCaseDTO[testName=null, id=28]], FeedbackDTO[id=83, text=null, detailText=The class 'MergeSort' does not implement the interface 'SortStrategy' as expected. Implement the interface and its methods., hasLongFeedbackText=false, reference=null, credits=0.0, positive=false, type=AUTOMATIC, visibility=ALWAYS, testCase=TestCaseDTO[testName=null, id=23]], FeedbackDTO[id=84, text=null, detailText=The exercise expects a class with the name SortStrategy in the package testpackage. You did not implement the class in the exercise., hasLongFeedbackText=false, reference=null, credits=0.0, positive=false, type=AUTOMATIC, visibility=ALWAYS, testCase=TestCaseDTO[testName=null, id=20]], FeedbackDTO[id=85, text=null, detailText=The class 'BubbleSort' does not implement the interface 'SortStrategy' as expected. Implement the interface and its methods., hasLongFeedbackText=false, reference=null, credits=0.0, positive=false, type=AUTOMATIC, visibility=ALWAYS, testCase=TestCaseDTO[testName=null, id=24]], FeedbackDTO[id=86, text=null, detailText=MergeSort does not sort correctly, hasLongFeedbackText=false, reference=null, credits=0.0, positive=false, type=AUTOMATIC, visibility=ALWAYS, testCase=TestCaseDTO[testName=null, id=29]], FeedbackDTO[id=87, text=null, detailText=The class 'Context' was not found within the submission. Make sure to implement it properly., hasLongFeedbackText=false, reference=null, credits=0.0, positive=false, type=AUTOMATIC, visibility=ALWAYS, testCase=TestCaseDTO[testName=null, id=30]], FeedbackDTO[id=88, text=null, detailText=The class 'Context' was not found within the submission. Make sure to implement it properly., hasLongFeedbackText=false, reference=null, credits=0.0, positive=false, type=AUTOMATIC, visibility=ALWAYS, testCase=TestCaseDTO[testName=null, id=31]], FeedbackDTO[id=89, text=null, detailText=The exercise expects a class with the name Policy in the package testpackage. You did not implement the class in the exercise., hasLongFeedbackText=false, reference=null, credits=0.0, positive=false, type=AUTOMATIC, visibility=ALWAYS, testCase=TestCaseDTO[testName=null, id=25]], FeedbackDTO[id=90, text=null, detailText=The exercise expects a class with the name Context in the package testpackage. You did not implement the class in the exercise., hasLongFeedbackText=false, reference=null, credits=0.0, positive=false, type=AUTOMATIC, visibility=ALWAYS, testCase=TestCaseDTO[testName=null, id=21]], FeedbackDTO[id=91, text=null, detailText=The exercise expects a class with the name Policy in the package testpackage. You did not implement the class in the exercise., hasLongFeedbackText=false, reference=null, credits=0.0, positive=false, type=AUTOMATIC, visibility=ALWAYS, testCase=TestCaseDTO[testName=null, id=22]], FeedbackDTO[id=92, text=null, detailText=null, hasLongFeedbackText=false, reference=null, credits=3.230769230769231, positive=true, type=AUTOMATIC, visibility=ALWAYS, testCase=TestCaseDTO[testName=null, id=32]]], assessmentType=AUTOMATIC, hasComplaint=null, exampleResult=null, testCaseCount=13, passedTestCaseCount=1, codeIssueCount=0]], BuildJobQueueItem[id=4681739576573068, name=SHORTBCF65534040390488B0A46605F5F3776B89ATSTEXC-LOCALCIINTSTUDENT1, buildAgent=BuildAgentDTO[name=artemis-build-agent-test, memberAddress=[127.0.0.1]:5703, displayName=artemis-build-agent-test], participationId=468, courseId=149, exerciseId=300, retryCount=0, priority=2, status=SUCCESSFUL, repositoryInfo=RepositoryInfo[repositoryName=shortbcf65534040390488b0a46605f5f3776b89atstexc-localciintstudent1, repositoryType=user, triggeredByPushTo=user, assignmentRepositoryUri=http://localhost:49152/git/SHORTBCF65534040390488B0A46605F5F3776B89ATSTEXC/shortbcf65534040390488b0a46605f5f3776b89atstexc-localciintstudent1.git, testRepositoryUri=http://localhost:49152/git/SHORTBCF65534040390488B0A46605F5F3776B89ATSTEXC/shortbcf65534040390488b0a46605f5f3776b89atstexc-tests.git, solutionRepositoryUri=null, auxiliaryRepositoryUris=[Ljava.lang.String;@586a212c, auxiliaryRepositoryCheckoutDirectories=[Ljava.lang.String;@4d534f50], jobTimingInfo=JobTimingInfo[submissionDate=2025-02-14T23:42:53.068019209Z[Etc/UTC], buildStartDate=2025-02-14T23:42:53.092867394Z[Etc/UTC], buildCompletionDate=2025-02-14T23:42:55.086950323Z[Etc/UTC], estimatedCompletionDate=2025-02-14T23:43:12.092858828Z[Etc/UTC], estimatedDuration=19], buildConfig=BuildConfig[buildScript=#!/bin/bash
cd /var/tmp/testing-dir
chmod +x ./gradlew
./gradlew clean test
, dockerImage=dummy-docker-image:latest, commitHashToBuild=2d5c0482fc77d3f5ec0841962528a43054e83170, assignmentCommitHash=2d5c0482fc77d3f5ec0841962528a43054e83170, testCommitHash=7477e25d56ce5fee2c938542a7e7ed4ed085d373, branch=main, programmingLanguage=JAVA, projectType=PLAIN_GRADLE, scaEnabled=false, sequentialTestRunsEnabled=false, resultPaths=[/var/tmp/testing-dir/**/test-results/test/*.xml], timeoutSeconds=0, assignmentCheckoutPath=null, testCheckoutPath=null, solutionCheckoutPath=null, dockerRunConfig=null], submissionResult=ResultDTO[id=134, completionDate=2025-02-14T23:42:55.059618627Z[Etc/UTC], successful=false, score=7.7, rated=true, submission=SubmissionDTO[id=121, submitted=true, type=MANUAL, exampleSubmission=null, submissionDate=2025-02-14T23:42:53.048221Z, commitHash=2d5c0482fc77d3f5ec0841962528a43054e83170, buildFailed=false, buildArtifact=false, participation=ParticipationDTO[id=468, testRun=false, type=programming, submissionCount=null, exercise=ParticipationExerciseDTO[id=300, exerciseType=PROGRAMMING, type=programming, assessmentType=AUTOMATIC, dueDate=2025-02-16T23:42:52.873722Z, assessmentDueDate=null, maxPoints=42.0, course=CourseDTO[id=149, accuracyOfScores=1]]], submissionExerciseType=programming, isProcessing=false, buildStartDate=null, estimatedCompletionDate=null], participation=ParticipationDTO[id=468, testRun=false, type=programming, submissionCount=null, exercise=ParticipationExerciseDTO[id=300, exerciseType=PROGRAMMING, type=programming, assessmentType=AUTOMATIC, dueDate=2025-02-16T23:42:52.873722Z, assessmentDueDate=null, maxPoints=42.0, course=CourseDTO[id=149, accuracyOfScores=1]]], feedbacks=[FeedbackDTO[id=93, text=null, detailText=The exercise expects a class with the name Context in the package testpackage. You did not implement the class in the exercise., hasLongFeedbackText=false, reference=null, credits=0.0, positive=false, type=AUTOMATIC, visibility=ALWAYS, testCase=TestCaseDTO[testName=null, id=39]], FeedbackDTO[id=94, text=null, detailText=The exercise expects a class with the name Policy in the package testpackage. You did not implement the class in the exercise., hasLongFeedbackText=false, reference=null, credits=0.0, positive=false, type=AUTOMATIC, visibility=ALWAYS, testCase=TestCaseDTO[testName=null, id=40]], FeedbackDTO[id=95, text=null, detailText=The exercise expects a class with the name SortStrategy in the package testpackage. You did not implement the class in the exercise., hasLongFeedbackText=false, reference=null, credits=0.0, positive=false, type=AUTOMATIC, visibility=ALWAYS, testCase=TestCaseDTO[testName=null, id=41]], FeedbackDTO[id=96, text=null, detailText=The class 'MergeSort' does not implement the interface 'SortStrategy' as expected. Implement the interface and its methods., hasLongFeedbackText=false, reference=null, credits=0.0, positive=false, type=AUTOMATIC, visibility=ALWAYS, testCase=TestCaseDTO[testName=null, id=36]], FeedbackDTO[id=97, text=null, detailText=The exercise expects a class with the name SortStrategy in the package testpackage. You did not implement the class in the exercise., hasLongFeedbackText=false, reference=null, credits=0.0, positive=false, type=AUTOMATIC, visibility=ALWAYS, testCase=TestCaseDTO[testName=null, id=33]], FeedbackDTO[id=98, text=null, detailText=The class 'BubbleSort' does not implement the interface 'SortStrategy' as expected. Implement the interface and its methods., hasLongFeedbackText=false, reference=null, credits=0.0, positive=false, type=AUTOMATIC, visibility=ALWAYS, testCase=TestCaseDTO[testName=null, id=37]], FeedbackDTO[id=99, text=null, detailText=MergeSort does not sort correctly, hasLongFeedbackText=false, reference=null, credits=0.0, positive=false, type=AUTOMATIC, visibility=ALWAYS, testCase=TestCaseDTO[testName=null, id=42]], FeedbackDTO[id=100, text=null, detailText=The class 'Context' was not found within the submission. Make sure to implement it properly., hasLongFeedbackText=false, reference=null, credits=0.0, positive=false, type=AUTOMATIC, visibility=ALWAYS, testCase=TestCaseDTO[testName=null, id=43]], FeedbackDTO[id=101, text=null, detailText=The class 'Context' was not found within the submission. Make sure to implement it properly., hasLongFeedbackText=false, reference=null, credits=0.0, positive=false, type=AUTOMATIC, visibility=ALWAYS, testCase=TestCaseDTO[testName=null, id=44]], FeedbackDTO[id=102, text=null, detailText=The exercise expects a class with the name Policy in the package testpackage. You did not implement the class in the exercise., hasLongFeedbackText=false, reference=null, credits=0.0, positive=false, type=AUTOMATIC, visibility=ALWAYS, testCase=TestCaseDTO[testName=null, id=38]], FeedbackDTO[id=103, text=null, detailText=The exercise expects a class with the name Context in the package testpackage. You did not implement the class in the exercise., hasLongFeedbackText=false, reference=null, credits=0.0, positive=false, type=AUTOMATIC, visibility=ALWAYS, testCase=TestCaseDTO[testName=null, id=34]], FeedbackDTO[id=104, text=null, detailText=The exercise expects a class with the name Policy in the package testpackage. You did not implement the class in the exercise., hasLongFeedbackText=false, reference=null, credits=0.0, positive=false, type=AUTOMATIC, visibility=ALWAYS, testCase=TestCaseDTO[testName=null, id=35]], FeedbackDTO[id=105, text=null, detailText=null, hasLongFeedbackText=false, reference=null, credits=3.230769230769231, positive=true, type=AUTOMATIC, visibility=ALWAYS, testCase=TestCaseDTO[testName=null, id=45]]], assessmentType=AUTOMATIC, hasComplaint=null, exampleResult=null, testCaseCount=13, passedTestCaseCount=1, codeIssueCount=0]], BuildJobQueueItem[id=4741739576577297, name=SHORT88A9A223023E2047B709E4A029FA08BCF2CFTSTEXC-LOCALCIINTSTUDENT1, buildAgent=BuildAgentDTO[name=artemis-build-agent-test, memberAddress=[127.0.0.1]:5703, displayName=artemis-build-agent-test], participationId=474, courseId=151, exerciseId=302, retryCount=0, priority=2, status=SUCCESSFUL, repositoryInfo=RepositoryInfo[repositoryName=short88a9a223023e2047b709e4a029fa08bcf2cftstexc-localciintstudent1, repositoryType=user, triggeredByPushTo=user, assignmentRepositoryUri=http://localhost:49152/git/SHORT88A9A223023E2047B709E4A029FA08BCF2CFTSTEXC/short88a9a223023e2047b709e4a029fa08bcf2cftstexc-localciintstudent1.git, testRepositoryUri=http://localhost:49152/git/SHORT88A9A223023E2047B709E4A029FA08BCF2CFTSTEXC/short88a9a223023e2047b709e4a029fa08bcf2cftstexc-tests.git, solutionRepositoryUri=null, auxiliaryRepositoryUris=[Ljava.lang.String;@1d84f5b9, auxiliaryRepositoryCheckoutDirectories=[Ljava.lang.String;@286ce984], jobTimingInfo=JobTimingInfo[submissionDate=2025-02-14T23:42:57.297342281Z[Etc/UTC], buildStartDate=2025-02-14T23:42:57.308570327Z[Etc/UTC], buildCompletionDate=2025-02-14T23:42:59.047616654Z[Etc/UTC], estimatedCompletionDate=2025-02-14T23:43:16.308558064Z[Etc/UTC], estimatedDuration=19], buildConfig=BuildConfig[buildScript=#!/bin/bash
cd /var/tmp/testing-dir
chmod +x ./gradlew
./gradlew clean test
, dockerImage=dummy-docker-image:latest, commitHashToBuild=736cbea1e46d6849b41266b2bf1cccd3b9ea55b1, assignmentCommitHash=736cbea1e46d6849b41266b2bf1cccd3b9ea55b1, testCommitHash=ea6267edd396a304305339b036512b63e0374c66, branch=main, programmingLanguage=JAVA, projectType=PLAIN_GRADLE, scaEnabled=false, sequentialTestRunsEnabled=false, resultPaths=[/var/tmp/testing-dir/**/test-results/test/*.xml], timeoutSeconds=0, assignmentCheckoutPath=null, testCheckoutPath=null, solutionCheckoutPath=null, dockerRunConfig=null], submissionResult=ResultDTO[id=135, completionDate=2025-02-14T23:42:59.014168821Z[Etc/UTC], successful=false, score=7.7, rated=true, submission=SubmissionDTO[id=123, submitted=true, type=MANUAL, exampleSubmission=null, submissionDate=2025-02-14T23:42:57.278471Z, commitHash=736cbea1e46d6849b41266b2bf1cccd3b9ea55b1, buildFailed=false, buildArtifact=false, participation=ParticipationDTO[id=474, testRun=false, type=programming, submissionCount=null, exercise=ParticipationExerciseDTO[id=302, exerciseType=PROGRAMMING, type=programming, assessmentType=AUTOMATIC, dueDate=2025-02-16T23:42:56.796251Z, assessmentDueDate=null, maxPoints=42.0, course=CourseDTO[id=151, accuracyOfScores=1]]], submissionExerciseType=programming, isProcessing=false, buildStartDate=null, estimatedCompletionDate=null], participation=ParticipationDTO[id=474, testRun=false, type=programming, submissionCount=null, exercise=ParticipationExerciseDTO[id=302, exerciseType=PROGRAMMING, type=programming, assessmentType=AUTOMATIC, dueDate=2025-02-16T23:42:56.796251Z, assessmentDueDate=null, maxPoints=42.0, course=CourseDTO[id=151, accuracyOfScores=1]]], feedbacks=[FeedbackDTO[id=106, text=null, detailText=The exercise expects a class with the name Context in the package testpackage. You did not implement the class in the exercise., hasLongFeedbackText=false, reference=null, credits=0.0, positive=false, type=AUTOMATIC, visibility=ALWAYS, testCase=TestCaseDTO[testName=null, id=65]], FeedbackDTO[id=107, text=null, detailText=The exercise expects a class with the name Policy in the package testpackage. You did not implement the class in the exercise., hasLongFeedbackText=false, reference=null, credits=0.0, positive=false, type=AUTOMATIC, visibility=ALWAYS, testCase=TestCaseDTO[testName=null, id=66]], FeedbackDTO[id=108, text=null, detailText=The exercise expects a class with the name SortStrategy in the package testpackage. You did not implement the class in the exercise., hasLongFeedbackText=false, reference=null, credits=0.0, positive=false, type=AUTOMATIC, visibility=ALWAYS, testCase=TestCaseDTO[testName=null, id=67]], FeedbackDTO[id=109, text=null, detailText=The class 'MergeSort' does not implement the interface 'SortStrategy' as expected. Implement the interface and its methods., hasLongFeedbackText=false, reference=null, credits=0.0, positive=false, type=AUTOMATIC, visibility=ALWAYS, testCase=TestCaseDTO[testName=null, id=62]], FeedbackDTO[id=110, text=null, detailText=The exercise expects a class with the name SortStrategy in the package testpackage. You did not implement the class in the exercise., hasLongFeedbackText=false, reference=null, credits=0.0, positive=false, type=AUTOMATIC, visibility=ALWAYS, testCase=TestCaseDTO[testName=null, id=59]], FeedbackDTO[id=111, text=null, detailText=The class 'BubbleSort' does not implement the interface 'SortStrategy' as expected. Implement the interface and its methods., hasLongFeedbackText=false, reference=null, credits=0.0, positive=false, type=AUTOMATIC, visibility=ALWAYS, testCase=TestCaseDTO[testName=null, id=63]], FeedbackDTO[id=112, text=null, detailText=MergeSort does not sort correctly, hasLongFeedbackText=false, reference=null, credits=0.0, positive=false, type=AUTOMATIC, visibility=ALWAYS, testCase=TestCaseDTO[testName=null, id=68]], FeedbackDTO[id=113, text=null, detailText=The class 'Context' was not found within the submission. Make sure to implement it properly., hasLongFeedbackText=false, reference=null, credits=0.0, positive=false, type=AUTOMATIC, visibility=ALWAYS, testCase=TestCaseDTO[testName=null, id=69]], FeedbackDTO[id=114, text=null, detailText=The class 'Context' was not found within the submission. Make sure to implement it properly., hasLongFeedbackText=false, reference=null, credits=0.0, positive=false, type=AUTOMATIC, visibility=ALWAYS, testCase=TestCaseDTO[testName=null, id=70]], FeedbackDTO[id=115, text=null, detailText=The exercise expects a class with the name Policy in the package testpackage. You did not implement the class in the exercise., hasLongFeedbackText=false, reference=null, credits=0.0, positive=false, type=AUTOMATIC, visibility=ALWAYS, testCase=TestCaseDTO[testName=null, id=64]], FeedbackDTO[id=116, text=null, detailText=The exercise expects a class with the name Context in the package testpackage. You did not implement the class in the exercise., hasLongFeedbackText=false, reference=null, credits=0.0, positive=false, type=AUTOMATIC, visibility=ALWAYS, testCase=TestCaseDTO[testName=null, id=60]], FeedbackDTO[id=117, text=null, detailText=The exercise expects a class with the name Policy in the package testpackage. You did not implement the class in the exercise., hasLongFeedbackText=false, reference=null, credits=0.0, positive=false, type=AUTOMATIC, visibility=ALWAYS, testCase=TestCaseDTO[testName=null, id=61]], FeedbackDTO[id=118, text=null, detailText=null, hasLongFeedbackText=false, reference=null, credits=3.230769230769231, positive=true, type=AUTOMATIC, visibility=ALWAYS, testCase=TestCaseDTO[testName=null, id=71]]], assessmentType=AUTOMATIC, hasComplaint=null, exampleResult=null, testCaseCount=13, passedTestCaseCount=1, codeIssueCount=0]], BuildJobQueueItem[id=4771739576580898, name=SHORT51E611E30D6B60466F0B8BA0AA97F58888C2TSTEXC-LOCALCIINTSTUDENT1, buildAgent=BuildAgentDTO[name=artemis-build-agent-test, memberAddress=[127.0.0.1]:5703, displayName=artemis-build-agent-test], participationId=477, courseId=152, exerciseId=303, retryCount=0, priority=2, status=SUCCESSFUL, repositoryInfo=RepositoryInfo[repositoryName=short51e611e30d6b60466f0b8ba0aa97f58888c2tstexc-localciintstudent1, repositoryType=user, triggeredByPushTo=user, assignmentRepositoryUri=http://localhost:49152/git/SHORT51E611E30D6B60466F0B8BA0AA97F58888C2TSTEXC/short51e611e30d6b60466f0b8ba0aa97f58888c2tstexc-localciintstudent1.git, testRepositoryUri=http://localhost:49152/git/SHORT51E611E30D6B60466F0B8BA0AA97F58888C2TSTEXC/short51e611e30d6b60466f0b8ba0aa97f58888c2tstexc-tests.git, solutionRepositoryUri=null, auxiliaryRepositoryUris=[Ljava.lang.String;@2106dee4, auxiliaryRepositoryCheckoutDirectories=[Ljava.lang.String;@76f82c5b], jobTimingInfo=JobTimingInfo[submissionDate=2025-02-14T23:43:00.898532688Z[Etc/UTC], buildStartDate=2025-02-14T23:43:00.905733056Z[Etc/UTC], buildCompletionDate=2025-02-14T23:43:02.692768910Z[Etc/UTC], estimatedCompletionDate=2025-02-14T23:43:19.905720463Z[Etc/UTC], estimatedDuration=19], buildConfig=BuildConfig[buildScript=#!/bin/bash
cd /var/tmp/testing-dir
chmod +x ./gradlew
./gradlew clean test
, dockerImage=dummy-docker-image:latest, commitHashToBuild=8f3057cbd462f5e3de4e6ba85115f60d8dbb5aea, assignmentCommitHash=8f3057cbd462f5e3de4e6ba85115f60d8dbb5aea, testCommitHash=8f3057cbd462f5e3de4e6ba85115f60d8dbb5aea, branch=main, programmingLanguage=JAVA, projectType=PLAIN_GRADLE, scaEnabled=true, sequentialTestRunsEnabled=false, resultPaths=[/var/tmp/testing-dir/**/test-results/test/*.xml], timeoutSeconds=0, assignmentCheckoutPath=null, testCheckoutPath=null, solutionCheckoutPath=null, dockerRunConfig=null], submissionResult=null]], publicSshKey=ssh-rsa AAAAB3NzaC1yc2EAAAADAQABAAACAQCOPdMsxRE2jFJ/UEa5/LsBxtwzJcrh3/rYBCQvcMeVpiRfhzQPWu7mrt/G2Ew+i+vRloGH9aqKg6dd1liRncao53Zmd/ePxoatXePNhmzTfkCkcSkTUz7B+QMjkoDDV5jwuFPD6mF3JkhuzSi64n9Zy905t4w2IhVcjM2mL3eYNjiCXt6Qpq3Pkt7dM/Ksw1nxnvuiIALuJLB3FTkXkHqq3PJav+9HSq2r6ZaWgekneaGxlQlb+U+Vy3XOuArKAzK8c8i+0bR+AHiTG6ncYXt7ax3U+TdlDTF7OLP3umwaYjs1NBXOHwG42pevvpKn2fqavZZozk+M05jXLx3bq0O7itxfErWc7etky8qYPyyIMF/txQIVLd78+Ze4d7Y60t5MGbXM5cGE6fFif5fEJwgswXD+BrG0cafz1CTatjSKFdvp8Vp4VszXhHDan1PrP6JEFJ5Cc5GDmLRZPCFa3vL9f5qXgf4bkqKN8MYeEujwJE5nMRWoiJVNakix2bcrrneQMBlnYeYZVWXXXUusAQBzl4NgddC1umZpihZkL1b1MffZAUW3EGEXi7KHnllQhkTLLsQ8ntMgbylqaJKStqaXlLvdeRJcEnUuiFCrHEVVbXRFZR7XVDZ02CE5o3MuaRPty8Kh+jRTF3COlAckHwYEJCNNJvXFgb2CNXL4mjzYDw== test@localhost]
    23:43:02.712 | 566 localvc.event-13 | DEBUG | a.p.s.l.SharedQueueManagementService : Build agent updated: null
    23:43:02.721 | 566 localvc.event-13 | DEBUG | p.s.l.LocalCIResultProcessingService : Result of build job with id 4771739576580898 added to queue
    23:43:02.722 | 566 localvc.event-13 | INFO  | p.s.l.LocalCIResultProcessingService : Processing build job result with id 4771739576580898
    23:43:02.722 | 566 localvc.event-13 | DEBUG | p.s.l.LocalCIResultProcessingService : Build jobs waiting in queue: 0
    23:43:02.722 | 566 localvc.event-13 | DEBUG | p.s.l.LocalCIResultProcessingService : Queued build jobs: []
    23:43:02.724 | 566 localvc.event-13 | DEBUG | .s.ProgrammingExerciseGradingService : Received new build result (NEW) for participation 477
    23:43:02.793 | 566 localvc.event-13 | DEBUG | .c.s.m.InstanceMessageReceiveService : Received schedule participant score for exercise 303 and participant 37 (result to be deleted: null)
    23:43:02.795 | 566 localvc.event-13 | DEBUG | .a.s.ParticipantScoreScheduleService : Scheduled task for exercise 303 and participant 37 at 2025-02-14T23:43:02.895185877Z[Etc/UTC].
    23:43:02.796 | 566 localvc.event-13 | DEBUG | .a.a.p.s.ProgrammingMessagingService : Send result to client over websocket. Result: Result{id136, completionDate=2025-02-14T23:43:02.637820510Z[Etc/UTC], successful=false, score=7.7, rated=true, assessmentType=AUTOMATIC, hasComplaint=null, testCaseCount=13, passedTestCaseCount=1, codeIssueCount=15}, Submission: ProgrammingSubmission{commitHash='8f3057cbd462f5e3de4e6ba85115f60d8dbb5aea', buildFailed=false, buildArtifact=false, type=MANUAL}, Participation: ProgrammingExerciseStudentParticipation{id=477, repositoryUri='http://localhost:49152/git/SHORT51E611E30D6B60466F0B8BA0AA97F58888C2TSTEXC/short51e611e30d6b60466f0b8ba0aa97f58888c2tstexc-localciintstudent1.git', buildPlanId='SHORT51E611E30D6B60466F0B8BA0AA97F58888C2TSTEXC-LOCALCIINTSTUDENT1', initializationState='INITIALIZED', initializationDate='2025-02-14T23:43:00.866766Z', individualDueDate=null', presentationScore=null}
    23:43:02.814 | 566 localvc.event-13 | DEBUG | d.t.c.a.a.p.s.BuildLogEntryService   : Saved build logs for build job 4771739576580898 to file /tmp/build-logs/short51e611e30d6b60466f0b8ba0aa97f58888c2/TSTEXC/4771739576580898.log
    23:43:02.814 | 566 localvc.event-13 | DEBUG | a.p.s.l.LocalCIQueueWebsocketService : CIBuildJobQueueItem removed from processing jobs: BuildJobQueueItem[id=4771739576580898, name=SHORT51E611E30D6B60466F0B8BA0AA97F58888C2TSTEXC-LOCALCIINTSTUDENT1, buildAgent=BuildAgentDTO[name=artemis-build-agent-test, memberAddress=[127.0.0.1]:5703, displayName=artemis-build-agent-test], participationId=477, courseId=152, exerciseId=303, retryCount=0, priority=2, status=null, repositoryInfo=RepositoryInfo[repositoryName=short51e611e30d6b60466f0b8ba0aa97f58888c2tstexc-localciintstudent1, repositoryType=user, triggeredByPushTo=user, assignmentRepositoryUri=http://localhost:49152/git/SHORT51E611E30D6B60466F0B8BA0AA97F58888C2TSTEXC/short51e611e30d6b60466f0b8ba0aa97f58888c2tstexc-localciintstudent1.git, testRepositoryUri=http://localhost:49152/git/SHORT51E611E30D6B60466F0B8BA0AA97F58888C2TSTEXC/short51e611e30d6b60466f0b8ba0aa97f58888c2tstexc-tests.git, solutionRepositoryUri=null, auxiliaryRepositoryUris=[Ljava.lang.String;@4ae80782, auxiliaryRepositoryCheckoutDirectories=[Ljava.lang.String;@71f1353], jobTimingInfo=JobTimingInfo[submissionDate=2025-02-14T23:43:00.898532688Z[Etc/UTC], buildStartDate=2025-02-14T23:43:00.905733056Z[Etc/UTC], buildCompletionDate=null, estimatedCompletionDate=2025-02-14T23:43:19.905720463Z[Etc/UTC], estimatedDuration=19], buildConfig=BuildConfig[buildScript=#!/bin/bash
cd /var/tmp/testing-dir
chmod +x ./gradlew
./gradlew clean test
, dockerImage=dummy-docker-image:latest, commitHashToBuild=8f3057cbd462f5e3de4e6ba85115f60d8dbb5aea, assignmentCommitHash=8f3057cbd462f5e3de4e6ba85115f60d8dbb5aea, testCommitHash=8f3057cbd462f5e3de4e6ba85115f60d8dbb5aea, branch=main, programmingLanguage=JAVA, projectType=PLAIN_GRADLE, scaEnabled=true, sequentialTestRunsEnabled=false, resultPaths=[/var/tmp/testing-dir/**/test-results/test/*.xml], timeoutSeconds=0, assignmentCheckoutPath=null, testCheckoutPath=null, solutionCheckoutPath=null, dockerRunConfig=null], submissionResult=null]
    23:43:02.815 | 566 localvc.event-13 | DEBUG | s.l.LocalCIWebsocketMessagingService : Sending message on topic /topic/admin/running-jobs: []
    23:43:02.821 | 566 localvc.event-13 | DEBUG | s.l.LocalCIWebsocketMessagingService : Sending message on topic /topic/courses/152/running-jobs: []
    23:43:02.822 | 566 localvc.event-13 | DEBUG | a.p.s.l.LocalCIQueueWebsocketService : Build agent updated: BuildAgentInformation[buildAgent=BuildAgentDTO[name=artemis-build-agent-test, memberAddress=[127.0.0.1]:5703, displayName=artemis-build-agent-test], maxNumberOfConcurrentBuildJobs=1, numberOfCurrentBuildJobs=0, runningBuildJobs=[], status=IDLE, recentBuildJobs=[BuildJobQueueItem[id=4621739576562326, name=SHORT43ACF76B02BC1044B80938509D14043FABDETSTEXC-LOCALCIINTSTUDENT1, buildAgent=BuildAgentDTO[name=artemis-build-agent-test, memberAddress=[127.0.0.1]:5703, displayName=artemis-build-agent-test], participationId=462, courseId=147, exerciseId=298, retryCount=0, priority=2, status=SUCCESSFUL, repositoryInfo=RepositoryInfo[repositoryName=short43acf76b02bc1044b80938509d14043fabdetstexc-localciintstudent1, repositoryType=user, triggeredByPushTo=user, assignmentRepositoryUri=http://localhost:49152/git/SHORT43ACF76B02BC1044B80938509D14043FABDETSTEXC/short43acf76b02bc1044b80938509d14043fabdetstexc-localciintstudent1.git, testRepositoryUri=http://localhost:49152/git/SHORT43ACF76B02BC1044B80938509D14043FABDETSTEXC/short43acf76b02bc1044b80938509d14043fabdetstexc-tests.git, solutionRepositoryUri=null, auxiliaryRepositoryUris=[Ljava.lang.String;@48976256, auxiliaryRepositoryCheckoutDirectories=[Ljava.lang.String;@37ed659c], jobTimingInfo=JobTimingInfo[submissionDate=2025-02-14T23:42:42.326978596Z[Etc/UTC], buildStartDate=2025-02-14T23:42:42.420147010Z[Etc/UTC], buildCompletionDate=2025-02-14T23:42:45.573855829Z[Etc/UTC], estimatedCompletionDate=2025-02-14T23:43:01.420129377Z[Etc/UTC], estimatedDuration=19], buildConfig=BuildConfig[buildScript=#!/bin/bash
cd /var/tmp/testing-dir
chmod +x ./gradlew
./gradlew clean test
, dockerImage=dummy-docker-image:latest, commitHashToBuild=a9c717ccf7bcbe9531d3eee21dbaeb5aab2ff971, assignmentCommitHash=a9c717ccf7bcbe9531d3eee21dbaeb5aab2ff971, testCommitHash=a9c717ccf7bcbe9531d3eee21dbaeb5aab2ff971, branch=main, programmingLanguage=JAVA, projectType=PLAIN_GRADLE, scaEnabled=false, sequentialTestRunsEnabled=false, resultPaths=[/var/tmp/testing-dir/**/test-results/test/*.xml], timeoutSeconds=0, assignmentCheckoutPath=null, testCheckoutPath=null, solutionCheckoutPath=null, dockerRunConfig=DockerRunConfig[isNetworkDisabled=true, env=[key=value]]], submissionResult=ResultDTO[id=132, completionDate=2025-02-14T23:42:45.519869118Z[Etc/UTC], successful=false, score=7.7, rated=true, submission=SubmissionDTO[id=119, submitted=true, type=MANUAL, exampleSubmission=null, submissionDate=2025-02-14T23:42:42.302762Z, commitHash=a9c717ccf7bcbe9531d3eee21dbaeb5aab2ff971, buildFailed=false, buildArtifact=false, participation=ParticipationDTO[id=462, testRun=false, type=programming, submissionCount=null, exercise=ParticipationExerciseDTO[id=298, exerciseType=PROGRAMMING, type=programming, assessmentType=AUTOMATIC, dueDate=2025-02-16T23:42:41.553955Z, assessmentDueDate=null, maxPoints=42.0, course=CourseDTO[id=147, accuracyOfScores=1]]], submissionExerciseType=programming, isProcessing=false, buildStartDate=null, estimatedCompletionDate=null], participation=ParticipationDTO[id=462, testRun=false, type=programming, submissionCount=null, exercise=ParticipationExerciseDTO[id=298, exerciseType=PROGRAMMING, type=programming, assessmentType=AUTOMATIC, dueDate=2025-02-16T23:42:41.553955Z, assessmentDueDate=null, maxPoints=42.0, course=CourseDTO[id=147, accuracyOfScores=1]]], feedbacks=[FeedbackDTO[id=67, text=null, detailText=The exercise expects a class with the name Context in the package testpackage. You did not implement the class in the exercise., hasLongFeedbackText=false, reference=null, credits=0.0, positive=false, type=AUTOMATIC, visibility=ALWAYS, testCase=TestCaseDTO[testName=null, id=13]], FeedbackDTO[id=68, text=null, detailText=The exercise expects a class with the name Policy in the package testpackage. You did not implement the class in the exercise., hasLongFeedbackText=false, reference=null, credits=0.0, positive=false, type=AUTOMATIC, visibility=ALWAYS, testCase=TestCaseDTO[testName=null, id=14]], FeedbackDTO[id=69, text=null, detailText=The exercise expects a class with the name SortStrategy in the package testpackage. You did not implement the class in the exercise., hasLongFeedbackText=false, reference=null, credits=0.0, positive=false, type=AUTOMATIC, visibility=ALWAYS, testCase=TestCaseDTO[testName=null, id=15]], FeedbackDTO[id=70, text=null, detailText=The class 'MergeSort' does not implement the interface 'SortStrategy' as expected. Implement the interface and its methods., hasLongFeedbackText=false, reference=null, credits=0.0, positive=false, type=AUTOMATIC, visibility=ALWAYS, testCase=TestCaseDTO[testName=null, id=10]], FeedbackDTO[id=71, text=null, detailText=The exercise expects a class with the name SortStrategy in the package testpackage. You did not implement the class in the exercise., hasLongFeedbackText=false, reference=null, credits=0.0, positive=false, type=AUTOMATIC, visibility=ALWAYS, testCase=TestCaseDTO[testName=null, id=7]], FeedbackDTO[id=72, text=null, detailText=The class 'BubbleSort' does not implement the interface 'SortStrategy' as expected. Implement the interface and its methods., hasLongFeedbackText=false, reference=null, credits=0.0, positive=false, type=AUTOMATIC, visibility=ALWAYS, testCase=TestCaseDTO[testName=null, id=11]], FeedbackDTO[id=73, text=null, detailText=MergeSort does not sort correctly, hasLongFeedbackText=false, reference=null, credits=0.0, positive=false, type=AUTOMATIC, visibility=ALWAYS, testCase=TestCaseDTO[testName=null, id=16]], FeedbackDTO[id=74, text=null, detailText=The class 'Context' was not found within the submission. Make sure to implement it properly., hasLongFeedbackText=false, reference=null, credits=0.0, positive=false, type=AUTOMATIC, visibility=ALWAYS, testCase=TestCaseDTO[testName=null, id=17]], FeedbackDTO[id=75, text=null, detailText=The class 'Context' was not found within the submission. Make sure to implement it properly., hasLongFeedbackText=false, reference=null, credits=0.0, positive=false, type=AUTOMATIC, visibility=ALWAYS, testCase=TestCaseDTO[testName=null, id=18]], FeedbackDTO[id=76, text=null, detailText=The exercise expects a class with the name Policy in the package testpackage. You did not implement the class in the exercise., hasLongFeedbackText=false, reference=null, credits=0.0, positive=false, type=AUTOMATIC, visibility=ALWAYS, testCase=TestCaseDTO[testName=null, id=12]], FeedbackDTO[id=77, text=null, detailText=The exercise expects a class with the name Context in the package testpackage. You did not implement the class in the exercise., hasLongFeedbackText=false, reference=null, credits=0.0, positive=false, type=AUTOMATIC, visibility=ALWAYS, testCase=TestCaseDTO[testName=null, id=8]], FeedbackDTO[id=78, text=null, detailText=The exercise expects a class with the name Policy in the package testpackage. You did not implement the class in the exercise., hasLongFeedbackText=false, reference=null, credits=0.0, positive=false, type=AUTOMATIC, visibility=ALWAYS, testCase=TestCaseDTO[testName=null, id=9]], FeedbackDTO[id=79, text=null, detailText=null, hasLongFeedbackText=false, reference=null, credits=3.230769230769231, positive=true, type=AUTOMATIC, visibility=ALWAYS, testCase=TestCaseDTO[testName=null, id=19]]], assessmentType=AUTOMATIC, hasComplaint=null, exampleResult=null, testCaseCount=13, passedTestCaseCount=1, codeIssueCount=0]], BuildJobQueueItem[id=4651739576569330, name=SHORTB06DD3F905F4604F6E085260D83ED657A6DFTSTEXC-LOCALCIINTSTUDENT1, buildAgent=BuildAgentDTO[name=artemis-build-agent-test, memberAddress=[127.0.0.1]:5703, displayName=artemis-build-agent-test], participationId=465, courseId=148, exerciseId=299, retryCount=0, priority=2, status=SUCCESSFUL, repositoryInfo=RepositoryInfo[repositoryName=shortb06dd3f905f4604f6e085260d83ed657a6dftstexc-localciintstudent1, repositoryType=user, triggeredByPushTo=user, assignmentRepositoryUri=http://localhost:49152/git/SHORTB06DD3F905F4604F6E085260D83ED657A6DFTSTEXC/shortb06dd3f905f4604f6e085260d83ed657a6dftstexc-localciintstudent1.git, testRepositoryUri=http://localhost:49152/git/SHORTB06DD3F905F4604F6E085260D83ED657A6DFTSTEXC/shortb06dd3f905f4604f6e085260d83ed657a6dftstexc-tests.git, solutionRepositoryUri=null, auxiliaryRepositoryUris=[Ljava.lang.String;@65bd97c0, auxiliaryRepositoryCheckoutDirectories=[Ljava.lang.String;@6ab76704], jobTimingInfo=JobTimingInfo[submissionDate=2025-02-14T23:42:49.330093960Z[Etc/UTC], buildStartDate=2025-02-14T23:42:49.347797345Z[Etc/UTC], buildCompletionDate=2025-02-14T23:42:51.204319751Z[Etc/UTC], estimatedCompletionDate=2025-02-14T23:43:08.347788449Z[Etc/UTC], estimatedDuration=19], buildConfig=BuildConfig[buildScript=#!/bin/bash
cd /var/tmp/testing-dir
chmod +x ./gradlew
./gradlew clean test
, dockerImage=dummy-docker-image:latest, commitHashToBuild=41581fff25954d36cf07586926ee0c77d1003131, assignmentCommitHash=41581fff25954d36cf07586926ee0c77d1003131, testCommitHash=41581fff25954d36cf07586926ee0c77d1003131, branch=main, programmingLanguage=JAVA, projectType=PLAIN_GRADLE, scaEnabled=false, sequentialTestRunsEnabled=false, resultPaths=[/var/tmp/testing-dir/**/test-results/test/*.xml], timeoutSeconds=0, assignmentCheckoutPath=null, testCheckoutPath=null, solutionCheckoutPath=null, dockerRunConfig=null], submissionResult=ResultDTO[id=133, completionDate=2025-02-14T23:42:51.155372920Z[Etc/UTC], successful=false, score=7.7, rated=true, submission=SubmissionDTO[id=120, submitted=true, type=MANUAL, exampleSubmission=null, submissionDate=2025-02-14T23:42:49.321855Z, commitHash=41581fff25954d36cf07586926ee0c77d1003131, buildFailed=false, buildArtifact=false, participation=ParticipationDTO[id=465, testRun=false, type=programming, submissionCount=null, exercise=ParticipationExerciseDTO[id=299, exerciseType=PROGRAMMING, type=programming, assessmentType=AUTOMATIC, dueDate=2025-02-16T23:42:49.163661Z, assessmentDueDate=null, maxPoints=42.0, course=CourseDTO[id=148, accuracyOfScores=1]]], submissionExerciseType=programming, isProcessing=false, buildStartDate=null, estimatedCompletionDate=null], participation=ParticipationDTO[id=465, testRun=false, type=programming, submissionCount=null, exercise=ParticipationExerciseDTO[id=299, exerciseType=PROGRAMMING, type=programming, assessmentType=AUTOMATIC, dueDate=2025-02-16T23:42:49.163661Z, assessmentDueDate=null, maxPoints=42.0, course=CourseDTO[id=148, accuracyOfScores=1]]], feedbacks=[FeedbackDTO[id=80, text=null, detailText=The exercise expects a class with the name Context in the package testpackage. You did not implement the class in the exercise., hasLongFeedbackText=false, reference=null, credits=0.0, positive=false, type=AUTOMATIC, visibility=ALWAYS, testCase=TestCaseDTO[testName=null, id=26]], FeedbackDTO[id=81, text=null, detailText=The exercise expects a class with the name Policy in the package testpackage. You did not implement the class in the exercise., hasLongFeedbackText=false, reference=null, credits=0.0, positive=false, type=AUTOMATIC, visibility=ALWAYS, testCase=TestCaseDTO[testName=null, id=27]], FeedbackDTO[id=82, text=null, detailText=The exercise expects a class with the name SortStrategy in the package testpackage. You did not implement the class in the exercise., hasLongFeedbackText=false, reference=null, credits=0.0, positive=false, type=AUTOMATIC, visibility=ALWAYS, testCase=TestCaseDTO[testName=null, id=28]], FeedbackDTO[id=83, text=null, detailText=The class 'MergeSort' does not implement the interface 'SortStrategy' as expected. Implement the interface and its methods., hasLongFeedbackText=false, reference=null, credits=0.0, positive=false, type=AUTOMATIC, visibility=ALWAYS, testCase=TestCaseDTO[testName=null, id=23]], FeedbackDTO[id=84, text=null, detailText=The exercise expects a class with the name SortStrategy in the package testpackage. You did not implement the class in the exercise., hasLongFeedbackText=false, reference=null, credits=0.0, positive=false, type=AUTOMATIC, visibility=ALWAYS, testCase=TestCaseDTO[testName=null, id=20]], FeedbackDTO[id=85, text=null, detailText=The class 'BubbleSort' does not implement the interface 'SortStrategy' as expected. Implement the interface and its methods., hasLongFeedbackText=false, reference=null, credits=0.0, positive=false, type=AUTOMATIC, visibility=ALWAYS, testCase=TestCaseDTO[testName=null, id=24]], FeedbackDTO[id=86, text=null, detailText=MergeSort does not sort correctly, hasLongFeedbackText=false, reference=null, credits=0.0, positive=false, type=AUTOMATIC, visibility=ALWAYS, testCase=TestCaseDTO[testName=null, id=29]], FeedbackDTO[id=87, text=null, detailText=The class 'Context' was not found within the submission. Make sure to implement it properly., hasLongFeedbackText=false, reference=null, credits=0.0, positive=false, type=AUTOMATIC, visibility=ALWAYS, testCase=TestCaseDTO[testName=null, id=30]], FeedbackDTO[id=88, text=null, detailText=The class 'Context' was not found within the submission. Make sure to implement it properly., hasLongFeedbackText=false, reference=null, credits=0.0, positive=false, type=AUTOMATIC, visibility=ALWAYS, testCase=TestCaseDTO[testName=null, id=31]], FeedbackDTO[id=89, text=null, detailText=The exercise expects a class with the name Policy in the package testpackage. You did not implement the class in the exercise., hasLongFeedbackText=false, reference=null, credits=0.0, positive=false, type=AUTOMATIC, visibility=ALWAYS, testCase=TestCaseDTO[testName=null, id=25]], FeedbackDTO[id=90, text=null, detailText=The exercise expects a class with the name Context in the package testpackage. You did not implement the class in the exercise., hasLongFeedbackText=false, reference=null, credits=0.0, positive=false, type=AUTOMATIC, visibility=ALWAYS, testCase=TestCaseDTO[testName=null, id=21]], FeedbackDTO[id=91, text=null, detailText=The exercise expects a class with the name Policy in the package testpackage. You did not implement the class in the exercise., hasLongFeedbackText=false, reference=null, credits=0.0, positive=false, type=AUTOMATIC, visibility=ALWAYS, testCase=TestCaseDTO[testName=null, id=22]], FeedbackDTO[id=92, text=null, detailText=null, hasLongFeedbackText=false, reference=null, credits=3.230769230769231, positive=true, type=AUTOMATIC, visibility=ALWAYS, testCase=TestCaseDTO[testName=null, id=32]]], assessmentType=AUTOMATIC, hasComplaint=null, exampleResult=null, testCaseCount=13, passedTestCaseCount=1, codeIssueCount=0]], BuildJobQueueItem[id=4681739576573068, name=SHORTBCF65534040390488B0A46605F5F3776B89ATSTEXC-LOCALCIINTSTUDENT1, buildAgent=BuildAgentDTO[name=artemis-build-agent-test, memberAddress=[127.0.0.1]:5703, displayName=artemis-build-agent-test], participationId=468, courseId=149, exerciseId=300, retryCount=0, priority=2, status=SUCCESSFUL, repositoryInfo=RepositoryInfo[repositoryName=shortbcf65534040390488b0a46605f5f3776b89atstexc-localciintstudent1, repositoryType=user, triggeredByPushTo=user, assignmentRepositoryUri=http://localhost:49152/git/SHORTBCF65534040390488B0A46605F5F3776B89ATSTEXC/shortbcf65534040390488b0a46605f5f3776b89atstexc-localciintstudent1.git, testRepositoryUri=http://localhost:49152/git/SHORTBCF65534040390488B0A46605F5F3776B89ATSTEXC/shortbcf65534040390488b0a46605f5f3776b89atstexc-tests.git, solutionRepositoryUri=null, auxiliaryRepositoryUris=[Ljava.lang.String;@19c13dd6, auxiliaryRepositoryCheckoutDirectories=[Ljava.lang.String;@45dc6af7], jobTimingInfo=JobTimingInfo[submissionDate=2025-02-14T23:42:53.068019209Z[Etc/UTC], buildStartDate=2025-02-14T23:42:53.092867394Z[Etc/UTC], buildCompletionDate=2025-02-14T23:42:55.086950323Z[Etc/UTC], estimatedCompletionDate=2025-02-14T23:43:12.092858828Z[Etc/UTC], estimatedDuration=19], buildConfig=BuildConfig[buildScript=#!/bin/bash
cd /var/tmp/testing-dir
chmod +x ./gradlew
./gradlew clean test
, dockerImage=dummy-docker-image:latest, commitHashToBuild=2d5c0482fc77d3f5ec0841962528a43054e83170, assignmentCommitHash=2d5c0482fc77d3f5ec0841962528a43054e83170, testCommitHash=7477e25d56ce5fee2c938542a7e7ed4ed085d373, branch=main, programmingLanguage=JAVA, projectType=PLAIN_GRADLE, scaEnabled=false, sequentialTestRunsEnabled=false, resultPaths=[/var/tmp/testing-dir/**/test-results/test/*.xml], timeoutSeconds=0, assignmentCheckoutPath=null, testCheckoutPath=null, solutionCheckoutPath=null, dockerRunConfig=null], submissionResult=ResultDTO[id=134, completionDate=2025-02-14T23:42:55.059618627Z[Etc/UTC], successful=false, score=7.7, rated=true, submission=SubmissionDTO[id=121, submitted=true, type=MANUAL, exampleSubmission=null, submissionDate=2025-02-14T23:42:53.048221Z, commitHash=2d5c0482fc77d3f5ec0841962528a43054e83170, buildFailed=false, buildArtifact=false, participation=ParticipationDTO[id=468, testRun=false, type=programming, submissionCount=null, exercise=ParticipationExerciseDTO[id=300, exerciseType=PROGRAMMING, type=programming, assessmentType=AUTOMATIC, dueDate=2025-02-16T23:42:52.873722Z, assessmentDueDate=null, maxPoints=42.0, course=CourseDTO[id=149, accuracyOfScores=1]]], submissionExerciseType=programming, isProcessing=false, buildStartDate=null, estimatedCompletionDate=null], participation=ParticipationDTO[id=468, testRun=false, type=programming, submissionCount=null, exercise=ParticipationExerciseDTO[id=300, exerciseType=PROGRAMMING, type=programming, assessmentType=AUTOMATIC, dueDate=2025-02-16T23:42:52.873722Z, assessmentDueDate=null, maxPoints=42.0, course=CourseDTO[id=149, accuracyOfScores=1]]], feedbacks=[FeedbackDTO[id=93, text=null, detailText=The exercise expects a class with the name Context in the package testpackage. You did not implement the class in the exercise., hasLongFeedbackText=false, reference=null, credits=0.0, positive=false, type=AUTOMATIC, visibility=ALWAYS, testCase=TestCaseDTO[testName=null, id=39]], FeedbackDTO[id=94, text=null, detailText=The exercise expects a class with the name Policy in the package testpackage. You did not implement the class in the exercise., hasLongFeedbackText=false, reference=null, credits=0.0, positive=false, type=AUTOMATIC, visibility=ALWAYS, testCase=TestCaseDTO[testName=null, id=40]], FeedbackDTO[id=95, text=null, detailText=The exercise expects a class with the name SortStrategy in the package testpackage. You did not implement the class in the exercise., hasLongFeedbackText=false, reference=null, credits=0.0, positive=false, type=AUTOMATIC, visibility=ALWAYS, testCase=TestCaseDTO[testName=null, id=41]], FeedbackDTO[id=96, text=null, detailText=The class 'MergeSort' does not implement the interface 'SortStrategy' as expected. Implement the interface and its methods., hasLongFeedbackText=false, reference=null, credits=0.0, positive=false, type=AUTOMATIC, visibility=ALWAYS, testCase=TestCaseDTO[testName=null, id=36]], FeedbackDTO[id=97, text=null, detailText=The exercise expects a class with the name SortStrategy in the package testpackage. You did not implement the class in the exercise., hasLongFeedbackText=false, reference=null, credits=0.0, positive=false, type=AUTOMATIC, visibility=ALWAYS, testCase=TestCaseDTO[testName=null, id=33]], FeedbackDTO[id=98, text=null, detailText=The class 'BubbleSort' does not implement the interface 'SortStrategy' as expected. Implement the interface and its methods., hasLongFeedbackText=false, reference=null, credits=0.0, positive=false, type=AUTOMATIC, visibility=ALWAYS, testCase=TestCaseDTO[testName=null, id=37]], FeedbackDTO[id=99, text=null, detailText=MergeSort does not sort correctly, hasLongFeedbackText=false, reference=null, credits=0.0, positive=false, type=AUTOMATIC, visibility=ALWAYS, testCase=TestCaseDTO[testName=null, id=42]], FeedbackDTO[id=100, text=null, detailText=The class 'Context' was not found within the submission. Make sure to implement it properly., hasLongFeedbackText=false, reference=null, credits=0.0, positive=false, type=AUTOMATIC, visibility=ALWAYS, testCase=TestCaseDTO[testName=null, id=43]], FeedbackDTO[id=101, text=null, detailText=The class 'Context' was not found within the submission. Make sure to implement it properly., hasLongFeedbackText=false, reference=null, credits=0.0, positive=false, type=AUTOMATIC, visibility=ALWAYS, testCase=TestCaseDTO[testName=null, id=44]], FeedbackDTO[id=102, text=null, detailText=The exercise expects a class with the name Policy in the package testpackage. You did not implement the class in the exercise., hasLongFeedbackText=false, reference=null, credits=0.0, positive=false, type=AUTOMATIC, visibility=ALWAYS, testCase=TestCaseDTO[testName=null, id=38]], FeedbackDTO[id=103, text=null, detailText=The exercise expects a class with the name Context in the package testpackage. You did not implement the class in the exercise., hasLongFeedbackText=false, reference=null, credits=0.0, positive=false, type=AUTOMATIC, visibility=ALWAYS, testCase=TestCaseDTO[testName=null, id=34]], FeedbackDTO[id=104, text=null, detailText=The exercise expects a class with the name Policy in the package testpackage. You did not implement the class in the exercise., hasLongFeedbackText=false, reference=null, credits=0.0, positive=false, type=AUTOMATIC, visibility=ALWAYS, testCase=TestCaseDTO[testName=null, id=35]], FeedbackDTO[id=105, text=null, detailText=null, hasLongFeedbackText=false, reference=null, credits=3.230769230769231, positive=true, type=AUTOMATIC, visibility=ALWAYS, testCase=TestCaseDTO[testName=null, id=45]]], assessmentType=AUTOMATIC, hasComplaint=null, exampleResult=null, testCaseCount=13, passedTestCaseCount=1, codeIssueCount=0]], BuildJobQueueItem[id=4741739576577297, name=SHORT88A9A223023E2047B709E4A029FA08BCF2CFTSTEXC-LOCALCIINTSTUDENT1, buildAgent=BuildAgentDTO[name=artemis-build-agent-test, memberAddress=[127.0.0.1]:5703, displayName=artemis-build-agent-test], participationId=474, courseId=151, exerciseId=302, retryCount=0, priority=2, status=SUCCESSFUL, repositoryInfo=RepositoryInfo[repositoryName=short88a9a223023e2047b709e4a029fa08bcf2cftstexc-localciintstudent1, repositoryType=user, triggeredByPushTo=user, assignmentRepositoryUri=http://localhost:49152/git/SHORT88A9A223023E2047B709E4A029FA08BCF2CFTSTEXC/short88a9a223023e2047b709e4a029fa08bcf2cftstexc-localciintstudent1.git, testRepositoryUri=http://localhost:49152/git/SHORT88A9A223023E2047B709E4A029FA08BCF2CFTSTEXC/short88a9a223023e2047b709e4a029fa08bcf2cftstexc-tests.git, solutionRepositoryUri=null, auxiliaryRepositoryUris=[Ljava.lang.String;@4c56f61b, auxiliaryRepositoryCheckoutDirectories=[Ljava.lang.String;@1d0827d2], jobTimingInfo=JobTimingInfo[submissionDate=2025-02-14T23:42:57.297342281Z[Etc/UTC], buildStartDate=2025-02-14T23:42:57.308570327Z[Etc/UTC], buildCompletionDate=2025-02-14T23:42:59.047616654Z[Etc/UTC], estimatedCompletionDate=2025-02-14T23:43:16.308558064Z[Etc/UTC], estimatedDuration=19], buildConfig=BuildConfig[buildScript=#!/bin/bash
cd /var/tmp/testing-dir
chmod +x ./gradlew
./gradlew clean test
, dockerImage=dummy-docker-image:latest, commitHashToBuild=736cbea1e46d6849b41266b2bf1cccd3b9ea55b1, assignmentCommitHash=736cbea1e46d6849b41266b2bf1cccd3b9ea55b1, testCommitHash=ea6267edd396a304305339b036512b63e0374c66, branch=main, programmingLanguage=JAVA, projectType=PLAIN_GRADLE, scaEnabled=false, sequentialTestRunsEnabled=false, resultPaths=[/var/tmp/testing-dir/**/test-results/test/*.xml], timeoutSeconds=0, assignmentCheckoutPath=null, testCheckoutPath=null, solutionCheckoutPath=null, dockerRunConfig=null], submissionResult=ResultDTO[id=135, completionDate=2025-02-14T23:42:59.014168821Z[Etc/UTC], successful=false, score=7.7, rated=true, submission=SubmissionDTO[id=123, submitted=true, type=MANUAL, exampleSubmission=null, submissionDate=2025-02-14T23:42:57.278471Z, commitHash=736cbea1e46d6849b41266b2bf1cccd3b9ea55b1, buildFailed=false, buildArtifact=false, participation=ParticipationDTO[id=474, testRun=false, type=programming, submissionCount=null, exercise=ParticipationExerciseDTO[id=302, exerciseType=PROGRAMMING, type=programming, assessmentType=AUTOMATIC, dueDate=2025-02-16T23:42:56.796251Z, assessmentDueDate=null, maxPoints=42.0, course=CourseDTO[id=151, accuracyOfScores=1]]], submissionExerciseType=programming, isProcessing=false, buildStartDate=null, estimatedCompletionDate=null], participation=ParticipationDTO[id=474, testRun=false, type=programming, submissionCount=null, exercise=ParticipationExerciseDTO[id=302, exerciseType=PROGRAMMING, type=programming, assessmentType=AUTOMATIC, dueDate=2025-02-16T23:42:56.796251Z, assessmentDueDate=null, maxPoints=42.0, course=CourseDTO[id=151, accuracyOfScores=1]]], feedbacks=[FeedbackDTO[id=106, text=null, detailText=The exercise expects a class with the name Context in the package testpackage. You did not implement the class in the exercise., hasLongFeedbackText=false, reference=null, credits=0.0, positive=false, type=AUTOMATIC, visibility=ALWAYS, testCase=TestCaseDTO[testName=null, id=65]], FeedbackDTO[id=107, text=null, detailText=The exercise expects a class with the name Policy in the package testpackage. You did not implement the class in the exercise., hasLongFeedbackText=false, reference=null, credits=0.0, positive=false, type=AUTOMATIC, visibility=ALWAYS, testCase=TestCaseDTO[testName=null, id=66]], FeedbackDTO[id=108, text=null, detailText=The exercise expects a class with the name SortStrategy in the package testpackage. You did not implement the class in the exercise., hasLongFeedbackText=false, reference=null, credits=0.0, positive=false, type=AUTOMATIC, visibility=ALWAYS, testCase=TestCaseDTO[testName=null, id=67]], FeedbackDTO[id=109, text=null, detailText=The class 'MergeSort' does not implement the interface 'SortStrategy' as expected. Implement the interface and its methods., hasLongFeedbackText=false, reference=null, credits=0.0, positive=false, type=AUTOMATIC, visibility=ALWAYS, testCase=TestCaseDTO[testName=null, id=62]], FeedbackDTO[id=110, text=null, detailText=The exercise expects a class with the name SortStrategy in the package testpackage. You did not implement the class in the exercise., hasLongFeedbackText=false, reference=null, credits=0.0, positive=false, type=AUTOMATIC, visibility=ALWAYS, testCase=TestCaseDTO[testName=null, id=59]], FeedbackDTO[id=111, text=null, detailText=The class 'BubbleSort' does not implement the interface 'SortStrategy' as expected. Implement the interface and its methods., hasLongFeedbackText=false, reference=null, credits=0.0, positive=false, type=AUTOMATIC, visibility=ALWAYS, testCase=TestCaseDTO[testName=null, id=63]], FeedbackDTO[id=112, text=null, detailText=MergeSort does not sort correctly, hasLongFeedbackText=false, reference=null, credits=0.0, positive=false, type=AUTOMATIC, visibility=ALWAYS, testCase=TestCaseDTO[testName=null, id=68]], FeedbackDTO[id=113, text=null, detailText=The class 'Context' was not found within the submission. Make sure to implement it properly., hasLongFeedbackText=false, reference=null, credits=0.0, positive=false, type=AUTOMATIC, visibility=ALWAYS, testCase=TestCaseDTO[testName=null, id=69]], FeedbackDTO[id=114, text=null, detailText=The class 'Context' was not found within the submission. Make sure to implement it properly., hasLongFeedbackText=false, reference=null, credits=0.0, positive=false, type=AUTOMATIC, visibility=ALWAYS, testCase=TestCaseDTO[testName=null, id=70]], FeedbackDTO[id=115, text=null, detailText=The exercise expects a class with the name Policy in the package testpackage. You did not implement the class in the exercise., hasLongFeedbackText=false, reference=null, credits=0.0, positive=false, type=AUTOMATIC, visibility=ALWAYS, testCase=TestCaseDTO[testName=null, id=64]], FeedbackDTO[id=116, text=null, detailText=The exercise expects a class with the name Context in the package testpackage. You did not implement the class in the exercise., hasLongFeedbackText=false, reference=null, credits=0.0, positive=false, type=AUTOMATIC, visibility=ALWAYS, testCase=TestCaseDTO[testName=null, id=60]], FeedbackDTO[id=117, text=null, detailText=The exercise expects a class with the name Policy in the package testpackage. You did not implement the class in the exercise., hasLongFeedbackText=false, reference=null, credits=0.0, positive=false, type=AUTOMATIC, visibility=ALWAYS, testCase=TestCaseDTO[testName=null, id=61]], FeedbackDTO[id=118, text=null, detailText=null, hasLongFeedbackText=false, reference=null, credits=3.230769230769231, positive=true, type=AUTOMATIC, visibility=ALWAYS, testCase=TestCaseDTO[testName=null, id=71]]], assessmentType=AUTOMATIC, hasComplaint=null, exampleResult=null, testCaseCount=13, passedTestCaseCount=1, codeIssueCount=0]], BuildJobQueueItem[id=4771739576580898, name=SHORT51E611E30D6B60466F0B8BA0AA97F58888C2TSTEXC-LOCALCIINTSTUDENT1, buildAgent=BuildAgentDTO[name=artemis-build-agent-test, memberAddress=[127.0.0.1]:5703, displayName=artemis-build-agent-test], participationId=477, courseId=152, exerciseId=303, retryCount=0, priority=2, status=SUCCESSFUL, repositoryInfo=RepositoryInfo[repositoryName=short51e611e30d6b60466f0b8ba0aa97f58888c2tstexc-localciintstudent1, repositoryType=user, triggeredByPushTo=user, assignmentRepositoryUri=http://localhost:49152/git/SHORT51E611E30D6B60466F0B8BA0AA97F58888C2TSTEXC/short51e611e30d6b60466f0b8ba0aa97f58888c2tstexc-localciintstudent1.git, testRepositoryUri=http://localhost:49152/git/SHORT51E611E30D6B60466F0B8BA0AA97F58888C2TSTEXC/short51e611e30d6b60466f0b8ba0aa97f58888c2tstexc-tests.git, solutionRepositoryUri=null, auxiliaryRepositoryUris=[Ljava.lang.String;@db78628, auxiliaryRepositoryCheckoutDirectories=[Ljava.lang.String;@2b9acebb], jobTimingInfo=JobTimingInfo[submissionDate=2025-02-14T23:43:00.898532688Z[Etc/UTC], buildStartDate=2025-02-14T23:43:00.905733056Z[Etc/UTC], buildCompletionDate=2025-02-14T23:43:02.692768910Z[Etc/UTC], estimatedCompletionDate=2025-02-14T23:43:19.905720463Z[Etc/UTC], estimatedDuration=19], buildConfig=BuildConfig[buildScript=#!/bin/bash
cd /var/tmp/testing-dir
chmod +x ./gradlew
./gradlew clean test
, dockerImage=dummy-docker-image:latest, commitHashToBuild=8f3057cbd462f5e3de4e6ba85115f60d8dbb5aea, assignmentCommitHash=8f3057cbd462f5e3de4e6ba85115f60d8dbb5aea, testCommitHash=8f3057cbd462f5e3de4e6ba85115f60d8dbb5aea, branch=main, programmingLanguage=JAVA, projectType=PLAIN_GRADLE, scaEnabled=true, sequentialTestRunsEnabled=false, resultPaths=[/var/tmp/testing-dir/**/test-results/test/*.xml], timeoutSeconds=0, assignmentCheckoutPath=null, testCheckoutPath=null, solutionCheckoutPath=null, dockerRunConfig=null], submissionResult=null]], publicSshKey=ssh-rsa AAAAB3NzaC1yc2EAAAADAQABAAACAQCOPdMsxRE2jFJ/UEa5/LsBxtwzJcrh3/rYBCQvcMeVpiRfhzQPWu7mrt/G2Ew+i+vRloGH9aqKg6dd1liRncao53Zmd/ePxoatXePNhmzTfkCkcSkTUz7B+QMjkoDDV5jwuFPD6mF3JkhuzSi64n9Zy905t4w2IhVcjM2mL3eYNjiCXt6Qpq3Pkt7dM/Ksw1nxnvuiIALuJLB3FTkXkHqq3PJav+9HSq2r6ZaWgekneaGxlQlb+U+Vy3XOuArKAzK8c8i+0bR+AHiTG6ncYXt7ax3U+TdlDTF7OLP3umwaYjs1NBXOHwG42pevvpKn2fqavZZozk+M05jXLx3bq0O7itxfErWc7etky8qYPyyIMF/txQIVLd78+Ze4d7Y60t5MGbXM5cGE6fFif5fEJwgswXD+BrG0cafz1CTatjSKFdvp8Vp4VszXhHDan1PrP6JEFJ5Cc5GDmLRZPCFa3vL9f5qXgf4bkqKN8MYeEujwJE5nMRWoiJVNakix2bcrrneQMBlnYeYZVWXXXUusAQBzl4NgddC1umZpihZkL1b1MffZAUW3EGEXi7KHnllQhkTLLsQ8ntMgbylqaJKStqaXlLvdeRJcEnUuiFCrHEVVbXRFZR7XVDZ02CE5o3MuaRPty8Kh+jRTF3COlAckHwYEJCNNJvXFgb2CNXL4mjzYDw== test@localhost]
    23:43:02.829 | 566 localvc.event-13 | DEBUG | s.l.LocalCIWebsocketMessagingService : Sending message on topic /topic/admin/build-agents: [BuildAgentInformation[buildAgent=BuildAgentDTO[name=artemis-build-agent-test, memberAddress=[127.0.0.1]:5703, displayName=artemis-build-agent-test], maxNumberOfConcurrentBuildJobs=1, numberOfCurrentBuildJobs=0, runningBuildJobs=[], status=IDLE, recentBuildJobs=null, publicSshKey=null]]
    23:43:02.835 | 566 localvc.event-13 | DEBUG | s.l.LocalCIWebsocketMessagingService : Sending message on topic /topic/admin/build-agent/artemis-build-agent-test: BuildAgentInformation[buildAgent=BuildAgentDTO[name=artemis-build-agent-test, memberAddress=[127.0.0.1]:5703, displayName=artemis-build-agent-test], maxNumberOfConcurrentBuildJobs=1, numberOfCurrentBuildJobs=0, runningBuildJobs=[], status=IDLE, recentBuildJobs=[BuildJobQueueItem[id=4621739576562326, name=SHORT43ACF76B02BC1044B80938509D14043FABDETSTEXC-LOCALCIINTSTUDENT1, buildAgent=BuildAgentDTO[name=artemis-build-agent-test, memberAddress=[127.0.0.1]:5703, displayName=artemis-build-agent-test], participationId=462, courseId=147, exerciseId=298, retryCount=0, priority=2, status=SUCCESSFUL, repositoryInfo=RepositoryInfo[repositoryName=short43acf76b02bc1044b80938509d14043fabdetstexc-localciintstudent1, repositoryType=user, triggeredByPushTo=user, assignmentRepositoryUri=http://localhost:49152/git/SHORT43ACF76B02BC1044B80938509D14043FABDETSTEXC/short43acf76b02bc1044b80938509d14043fabdetstexc-localciintstudent1.git, testRepositoryUri=http://localhost:49152/git/SHORT43ACF76B02BC1044B80938509D14043FABDETSTEXC/short43acf76b02bc1044b80938509d14043fabdetstexc-tests.git, solutionRepositoryUri=null, auxiliaryRepositoryUris=[Ljava.lang.String;@3ddac9fb, auxiliaryRepositoryCheckoutDirectories=[Ljava.lang.String;@40c837ed], jobTimingInfo=JobTimingInfo[submissionDate=2025-02-14T23:42:42.326978596Z[Etc/UTC], buildStartDate=2025-02-14T23:42:42.420147010Z[Etc/UTC], buildCompletionDate=2025-02-14T23:42:45.573855829Z[Etc/UTC], estimatedCompletionDate=2025-02-14T23:43:01.420129377Z[Etc/UTC], estimatedDuration=19], buildConfig=BuildConfig[buildScript=#!/bin/bash
cd /var/tmp/testing-dir
chmod +x ./gradlew
./gradlew clean test
, dockerImage=dummy-docker-image:latest, commitHashToBuild=a9c717ccf7bcbe9531d3eee21dbaeb5aab2ff971, assignmentCommitHash=a9c717ccf7bcbe9531d3eee21dbaeb5aab2ff971, testCommitHash=a9c717ccf7bcbe9531d3eee21dbaeb5aab2ff971, branch=main, programmingLanguage=JAVA, projectType=PLAIN_GRADLE, scaEnabled=false, sequentialTestRunsEnabled=false, resultPaths=[/var/tmp/testing-dir/**/test-results/test/*.xml], timeoutSeconds=0, assignmentCheckoutPath=null, testCheckoutPath=null, solutionCheckoutPath=null, dockerRunConfig=DockerRunConfig[isNetworkDisabled=true, env=[key=value]]], submissionResult=ResultDTO[id=132, completionDate=2025-02-14T23:42:45.519869118Z[Etc/UTC], successful=false, score=7.7, rated=true, submission=SubmissionDTO[id=119, submitted=true, type=MANUAL, exampleSubmission=null, submissionDate=2025-02-14T23:42:42.302762Z, commitHash=a9c717ccf7bcbe9531d3eee21dbaeb5aab2ff971, buildFailed=false, buildArtifact=false, participation=ParticipationDTO[id=462, testRun=false, type=programming, submissionCount=null, exercise=ParticipationExerciseDTO[id=298, exerciseType=PROGRAMMING, type=programming, assessmentType=AUTOMATIC, dueDate=2025-02-16T23:42:41.553955Z, assessmentDueDate=null, maxPoints=42.0, course=CourseDTO[id=147, accuracyOfScores=1]]], submissionExerciseType=programming, isProcessing=false, buildStartDate=null, estimatedCompletionDate=null], participation=ParticipationDTO[id=462, testRun=false, type=programming, submissionCount=null, exercise=ParticipationExerciseDTO[id=298, exerciseType=PROGRAMMING, type=programming, assessmentType=AUTOMATIC, dueDate=2025-02-16T23:42:41.553955Z, assessmentDueDate=null, maxPoints=42.0, course=CourseDTO[id=147, accuracyOfScores=1]]], feedbacks=[FeedbackDTO[id=67, text=null, detailText=The exercise expects a class with the name Context in the package testpackage. You did not implement the class in the exercise., hasLongFeedbackText=false, reference=null, credits=0.0, positive=false, type=AUTOMATIC, visibility=ALWAYS, testCase=TestCaseDTO[testName=null, id=13]], FeedbackDTO[id=68, text=null, detailText=The exercise expects a class with the name Policy in the package testpackage. You did not implement the class in the exercise., hasLongFeedbackText=false, reference=null, credits=0.0, positive=false, type=AUTOMATIC, visibility=ALWAYS, testCase=TestCaseDTO[testName=null, id=14]], FeedbackDTO[id=69, text=null, detailText=The exercise expects a class with the name SortStrategy in the package testpackage. You did not implement the class in the exercise., hasLongFeedbackText=false, reference=null, credits=0.0, positive=false, type=AUTOMATIC, visibility=ALWAYS, testCase=TestCaseDTO[testName=null, id=15]], FeedbackDTO[id=70, text=null, detailText=The class 'MergeSort' does not implement the interface 'SortStrategy' as expected. Implement the interface and its methods., hasLongFeedbackText=false, reference=null, credits=0.0, positive=false, type=AUTOMATIC, visibility=ALWAYS, testCase=TestCaseDTO[testName=null, id=10]], FeedbackDTO[id=71, text=null, detailText=The exercise expects a class with the name SortStrategy in the package testpackage. You did not implement the class in the exercise., hasLongFeedbackText=false, reference=null, credits=0.0, positive=false, type=AUTOMATIC, visibility=ALWAYS, testCase=TestCaseDTO[testName=null, id=7]], FeedbackDTO[id=72, text=null, detailText=The class 'BubbleSort' does not implement the interface 'SortStrategy' as expected. Implement the interface and its methods., hasLongFeedbackText=false, reference=null, credits=0.0, positive=false, type=AUTOMATIC, visibility=ALWAYS, testCase=TestCaseDTO[testName=null, id=11]], FeedbackDTO[id=73, text=null, detailText=MergeSort does not sort correctly, hasLongFeedbackText=false, reference=null, credits=0.0, positive=false, type=AUTOMATIC, visibility=ALWAYS, testCase=TestCaseDTO[testName=null, id=16]], FeedbackDTO[id=74, text=null, detailText=The class 'Context' was not found within the submission. Make sure to implement it properly., hasLongFeedbackText=false, reference=null, credits=0.0, positive=false, type=AUTOMATIC, visibility=ALWAYS, testCase=TestCaseDTO[testName=null, id=17]], FeedbackDTO[id=75, text=null, detailText=The class 'Context' was not found within the submission. Make sure to implement it properly., hasLongFeedbackText=false, reference=null, credits=0.0, positive=false, type=AUTOMATIC, visibility=ALWAYS, testCase=TestCaseDTO[testName=null, id=18]], FeedbackDTO[id=76, text=null, detailText=The exercise expects a class with the name Policy in the package testpackage. You did not implement the class in the exercise., hasLongFeedbackText=false, reference=null, credits=0.0, positive=false, type=AUTOMATIC, visibility=ALWAYS, testCase=TestCaseDTO[testName=null, id=12]], FeedbackDTO[id=77, text=null, detailText=The exercise expects a class with the name Context in the package testpackage. You did not implement the class in the exercise., hasLongFeedbackText=false, reference=null, credits=0.0, positive=false, type=AUTOMATIC, visibility=ALWAYS, testCase=TestCaseDTO[testName=null, id=8]], FeedbackDTO[id=78, text=null, detailText=The exercise expects a class with the name Policy in the package testpackage. You did not implement the class in the exercise., hasLongFeedbackText=false, reference=null, credits=0.0, positive=false, type=AUTOMATIC, visibility=ALWAYS, testCase=TestCaseDTO[testName=null, id=9]], FeedbackDTO[id=79, text=null, detailText=null, hasLongFeedbackText=false, reference=null, credits=3.230769230769231, positive=true, type=AUTOMATIC, visibility=ALWAYS, testCase=TestCaseDTO[testName=null, id=19]]], assessmentType=AUTOMATIC, hasComplaint=null, exampleResult=null, testCaseCount=13, passedTestCaseCount=1, codeIssueCount=0]], BuildJobQueueItem[id=4651739576569330, name=SHORTB06DD3F905F4604F6E085260D83ED657A6DFTSTEXC-LOCALCIINTSTUDENT1, buildAgent=BuildAgentDTO[name=artemis-build-agent-test, memberAddress=[127.0.0.1]:5703, displayName=artemis-build-agent-test], participationId=465, courseId=148, exerciseId=299, retryCount=0, priority=2, status=SUCCESSFUL, repositoryInfo=RepositoryInfo[repositoryName=shortb06dd3f905f4604f6e085260d83ed657a6dftstexc-localciintstudent1, repositoryType=user, triggeredByPushTo=user, assignmentRepositoryUri=http://localhost:49152/git/SHORTB06DD3F905F4604F6E085260D83ED657A6DFTSTEXC/shortb06dd3f905f4604f6e085260d83ed657a6dftstexc-localciintstudent1.git, testRepositoryUri=http://localhost:49152/git/SHORTB06DD3F905F4604F6E085260D83ED657A6DFTSTEXC/shortb06dd3f905f4604f6e085260d83ed657a6dftstexc-tests.git, solutionRepositoryUri=null, auxiliaryRepositoryUris=[Ljava.lang.String;@28b8dce2, auxiliaryRepositoryCheckoutDirectories=[Ljava.lang.String;@48f1a825], jobTimingInfo=JobTimingInfo[submissionDate=2025-02-14T23:42:49.330093960Z[Etc/UTC], buildStartDate=2025-02-14T23:42:49.347797345Z[Etc/UTC], buildCompletionDate=2025-02-14T23:42:51.204319751Z[Etc/UTC], estimatedCompletionDate=2025-02-14T23:43:08.347788449Z[Etc/UTC], estimatedDuration=19], buildConfig=BuildConfig[buildScript=#!/bin/bash
cd /var/tmp/testing-dir
chmod +x ./gradlew
./gradlew clean test
, dockerImage=dummy-docker-image:latest, commitHashToBuild=41581fff25954d36cf07586926ee0c77d1003131, assignmentCommitHash=41581fff25954d36cf07586926ee0c77d1003131, testCommitHash=41581fff25954d36cf07586926ee0c77d1003131, branch=main, programmingLanguage=JAVA, projectType=PLAIN_GRADLE, scaEnabled=false, sequentialTestRunsEnabled=false, resultPaths=[/var/tmp/testing-dir/**/test-results/test/*.xml], timeoutSeconds=0, assignmentCheckoutPath=null, testCheckoutPath=null, solutionCheckoutPath=null, dockerRunConfig=null], submissionResult=ResultDTO[id=133, completionDate=2025-02-14T23:42:51.155372920Z[Etc/UTC], successful=false, score=7.7, rated=true, submission=SubmissionDTO[id=120, submitted=true, type=MANUAL, exampleSubmission=null, submissionDate=2025-02-14T23:42:49.321855Z, commitHash=41581fff25954d36cf07586926ee0c77d1003131, buildFailed=false, buildArtifact=false, participation=ParticipationDTO[id=465, testRun=false, type=programming, submissionCount=null, exercise=ParticipationExerciseDTO[id=299, exerciseType=PROGRAMMING, type=programming, assessmentType=AUTOMATIC, dueDate=2025-02-16T23:42:49.163661Z, assessmentDueDate=null, maxPoints=42.0, course=CourseDTO[id=148, accuracyOfScores=1]]], submissionExerciseType=programming, isProcessing=false, buildStartDate=null, estimatedCompletionDate=null], participation=ParticipationDTO[id=465, testRun=false, type=programming, submissionCount=null, exercise=ParticipationExerciseDTO[id=299, exerciseType=PROGRAMMING, type=programming, assessmentType=AUTOMATIC, dueDate=2025-02-16T23:42:49.163661Z, assessmentDueDate=null, maxPoints=42.0, course=CourseDTO[id=148, accuracyOfScores=1]]], feedbacks=[FeedbackDTO[id=80, text=null, detailText=The exercise expects a class with the name Context in the package testpackage. You did not implement the class in the exercise., hasLongFeedbackText=false, reference=null, credits=0.0, positive=false, type=AUTOMATIC, visibility=ALWAYS, testCase=TestCaseDTO[testName=null, id=26]], FeedbackDTO[id=81, text=null, detailText=The exercise expects a class with the name Policy in the package testpackage. You did not implement the class in the exercise., hasLongFeedbackText=false, reference=null, credits=0.0, positive=false, type=AUTOMATIC, visibility=ALWAYS, testCase=TestCaseDTO[testName=null, id=27]], FeedbackDTO[id=82, text=null, detailText=The exercise expects a class with the name SortStrategy in the package testpackage. You did not implement the class in the exercise., hasLongFeedbackText=false, reference=null, credits=0.0, positive=false, type=AUTOMATIC, visibility=ALWAYS, testCase=TestCaseDTO[testName=null, id=28]], FeedbackDTO[id=83, text=null, detailText=The class 'MergeSort' does not implement the interface 'SortStrategy' as expected. Implement the interface and its methods., hasLongFeedbackText=false, reference=null, credits=0.0, positive=false, type=AUTOMATIC, visibility=ALWAYS, testCase=TestCaseDTO[testName=null, id=23]], FeedbackDTO[id=84, text=null, detailText=The exercise expects a class with the name SortStrategy in the package testpackage. You did not implement the class in the exercise., hasLongFeedbackText=false, reference=null, credits=0.0, positive=false, type=AUTOMATIC, visibility=ALWAYS, testCase=TestCaseDTO[testName=null, id=20]], FeedbackDTO[id=85, text=null, detailText=The class 'BubbleSort' does not implement the interface 'SortStrategy' as expected. Implement the interface and its methods., hasLongFeedbackText=false, reference=null, credits=0.0, positive=false, type=AUTOMATIC, visibility=ALWAYS, testCase=TestCaseDTO[testName=null, id=24]], FeedbackDTO[id=86, text=null, detailText=MergeSort does not sort correctly, hasLongFeedbackText=false, reference=null, credits=0.0, positive=false, type=AUTOMATIC, visibility=ALWAYS, testCase=TestCaseDTO[testName=null, id=29]], FeedbackDTO[id=87, text=null, detailText=The class 'Context' was not found within the submission. Make sure to implement it properly., hasLongFeedbackText=false, reference=null, credits=0.0, positive=false, type=AUTOMATIC, visibility=ALWAYS, testCase=TestCaseDTO[testName=null, id=30]], FeedbackDTO[id=88, text=null, detailText=The class 'Context' was not found within the submission. Make sure to implement it properly., hasLongFeedbackText=false, reference=null, credits=0.0, positive=false, type=AUTOMATIC, visibility=ALWAYS, testCase=TestCaseDTO[testName=null, id=31]], FeedbackDTO[id=89, text=null, detailText=The exercise expects a class with the name Policy in the package testpackage. You did not implement the class in the exercise., hasLongFeedbackText=false, reference=null, credits=0.0, positive=false, type=AUTOMATIC, visibility=ALWAYS, testCase=TestCaseDTO[testName=null, id=25]], FeedbackDTO[id=90, text=null, detailText=The exercise expects a class with the name Context in the package testpackage. You did not implement the class in the exercise., hasLongFeedbackText=false, reference=null, credits=0.0, positive=false, type=AUTOMATIC, visibility=ALWAYS, testCase=TestCaseDTO[testName=null, id=21]], FeedbackDTO[id=91, text=null, detailText=The exercise expects a class with the name Policy in the package testpackage. You did not implement the class in the exercise., hasLongFeedbackText=false, reference=null, credits=0.0, positive=false, type=AUTOMATIC, visibility=ALWAYS, testCase=TestCaseDTO[testName=null, id=22]], FeedbackDTO[id=92, text=null, detailText=null, hasLongFeedbackText=false, reference=null, credits=3.230769230769231, positive=true, type=AUTOMATIC, visibility=ALWAYS, testCase=TestCaseDTO[testName=null, id=32]]], assessmentType=AUTOMATIC, hasComplaint=null, exampleResult=null, testCaseCount=13, passedTestCaseCount=1, codeIssueCount=0]], BuildJobQueueItem[id=4681739576573068, name=SHORTBCF65534040390488B0A46605F5F3776B89ATSTEXC-LOCALCIINTSTUDENT1, buildAgent=BuildAgentDTO[name=artemis-build-agent-test, memberAddress=[127.0.0.1]:5703, displayName=artemis-build-agent-test], participationId=468, courseId=149, exerciseId=300, retryCount=0, priority=2, status=SUCCESSFUL, repositoryInfo=RepositoryInfo[repositoryName=shortbcf65534040390488b0a46605f5f3776b89atstexc-localciintstudent1, repositoryType=user, triggeredByPushTo=user, assignmentRepositoryUri=http://localhost:49152/git/SHORTBCF65534040390488B0A46605F5F3776B89ATSTEXC/shortbcf65534040390488b0a46605f5f3776b89atstexc-localciintstudent1.git, testRepositoryUri=http://localhost:49152/git/SHORTBCF65534040390488B0A46605F5F3776B89ATSTEXC/shortbcf65534040390488b0a46605f5f3776b89atstexc-tests.git, solutionRepositoryUri=null, auxiliaryRepositoryUris=[Ljava.lang.String;@238f35d1, auxiliaryRepositoryCheckoutDirectories=[Ljava.lang.String;@22791912], jobTimingInfo=JobTimingInfo[submissionDate=2025-02-14T23:42:53.068019209Z[Etc/UTC], buildStartDate=2025-02-14T23:42:53.092867394Z[Etc/UTC], buildCompletionDate=2025-02-14T23:42:55.086950323Z[Etc/UTC], estimatedCompletionDate=2025-02-14T23:43:12.092858828Z[Etc/UTC], estimatedDuration=19], buildConfig=BuildConfig[buildScript=#!/bin/bash
cd /var/tmp/testing-dir
chmod +x ./gradlew
./gradlew clean test
, dockerImage=dummy-docker-image:latest, commitHashToBuild=2d5c0482fc77d3f5ec0841962528a43054e83170, assignmentCommitHash=2d5c0482fc77d3f5ec0841962528a43054e83170, testCommitHash=7477e25d56ce5fee2c938542a7e7ed4ed085d373, branch=main, programmingLanguage=JAVA, projectType=PLAIN_GRADLE, scaEnabled=false, sequentialTestRunsEnabled=false, resultPaths=[/var/tmp/testing-dir/**/test-results/test/*.xml], timeoutSeconds=0, assignmentCheckoutPath=null, testCheckoutPath=null, solutionCheckoutPath=null, dockerRunConfig=null], submissionResult=ResultDTO[id=134, completionDate=2025-02-14T23:42:55.059618627Z[Etc/UTC], successful=false, score=7.7, rated=true, submission=SubmissionDTO[id=121, submitted=true, type=MANUAL, exampleSubmission=null, submissionDate=2025-02-14T23:42:53.048221Z, commitHash=2d5c0482fc77d3f5ec0841962528a43054e83170, buildFailed=false, buildArtifact=false, participation=ParticipationDTO[id=468, testRun=false, type=programming, submissionCount=null, exercise=ParticipationExerciseDTO[id=300, exerciseType=PROGRAMMING, type=programming, assessmentType=AUTOMATIC, dueDate=2025-02-16T23:42:52.873722Z, assessmentDueDate=null, maxPoints=42.0, course=CourseDTO[id=149, accuracyOfScores=1]]], submissionExerciseType=programming, isProcessing=false, buildStartDate=null, estimatedCompletionDate=null], participation=ParticipationDTO[id=468, testRun=false, type=programming, submissionCount=null, exercise=ParticipationExerciseDTO[id=300, exerciseType=PROGRAMMING, type=programming, assessmentType=AUTOMATIC, dueDate=2025-02-16T23:42:52.873722Z, assessmentDueDate=null, maxPoints=42.0, course=CourseDTO[id=149, accuracyOfScores=1]]], feedbacks=[FeedbackDTO[id=93, text=null, detailText=The exercise expects a class with the name Context in the package testpackage. You did not implement the class in the exercise., hasLongFeedbackText=false, reference=null, credits=0.0, positive=false, type=AUTOMATIC, visibility=ALWAYS, testCase=TestCaseDTO[testName=null, id=39]], FeedbackDTO[id=94, text=null, detailText=The exercise expects a class with the name Policy in the package testpackage. You did not implement the class in the exercise., hasLongFeedbackText=false, reference=null, credits=0.0, positive=false, type=AUTOMATIC, visibility=ALWAYS, testCase=TestCaseDTO[testName=null, id=40]], FeedbackDTO[id=95, text=null, detailText=The exercise expects a class with the name SortStrategy in the package testpackage. You did not implement the class in the exercise., hasLongFeedbackText=false, reference=null, credits=0.0, positive=false, type=AUTOMATIC, visibility=ALWAYS, testCase=TestCaseDTO[testName=null, id=41]], FeedbackDTO[id=96, text=null, detailText=The class 'MergeSort' does not implement the interface 'SortStrategy' as expected. Implement the interface and its methods., hasLongFeedbackText=false, reference=null, credits=0.0, positive=false, type=AUTOMATIC, visibility=ALWAYS, testCase=TestCaseDTO[testName=null, id=36]], FeedbackDTO[id=97, text=null, detailText=The exercise expects a class with the name SortStrategy in the package testpackage. You did not implement the class in the exercise., hasLongFeedbackText=false, reference=null, credits=0.0, positive=false, type=AUTOMATIC, visibility=ALWAYS, testCase=TestCaseDTO[testName=null, id=33]], FeedbackDTO[id=98, text=null, detailText=The class 'BubbleSort' does not implement the interface 'SortStrategy' as expected. Implement the interface and its methods., hasLongFeedbackText=false, reference=null, credits=0.0, positive=false, type=AUTOMATIC, visibility=ALWAYS, testCase=TestCaseDTO[testName=null, id=37]], FeedbackDTO[id=99, text=null, detailText=MergeSort does not sort correctly, hasLongFeedbackText=false, reference=null, credits=0.0, positive=false, type=AUTOMATIC, visibility=ALWAYS, testCase=TestCaseDTO[testName=null, id=42]], FeedbackDTO[id=100, text=null, detailText=The class 'Context' was not found within the submission. Make sure to implement it properly., hasLongFeedbackText=false, reference=null, credits=0.0, positive=false, type=AUTOMATIC, visibility=ALWAYS, testCase=TestCaseDTO[testName=null, id=43]], FeedbackDTO[id=101, text=null, detailText=The class 'Context' was not found within the submission. Make sure to implement it properly., hasLongFeedbackText=false, reference=null, credits=0.0, positive=false, type=AUTOMATIC, visibility=ALWAYS, testCase=TestCaseDTO[testName=null, id=44]], FeedbackDTO[id=102, text=null, detailText=The exercise expects a class with the name Policy in the package testpackage. You did not implement the class in the exercise., hasLongFeedbackText=false, reference=null, credits=0.0, positive=false, type=AUTOMATIC, visibility=ALWAYS, testCase=TestCaseDTO[testName=null, id=38]], FeedbackDTO[id=103, text=null, detailText=The exercise expects a class with the name Context in the package testpackage. You did not implement the class in the exercise., hasLongFeedbackText=false, reference=null, credits=0.0, positive=false, type=AUTOMATIC, visibility=ALWAYS, testCase=TestCaseDTO[testName=null, id=34]], FeedbackDTO[id=104, text=null, detailText=The exercise expects a class with the name Policy in the package testpackage. You did not implement the class in the exercise., hasLongFeedbackText=false, reference=null, credits=0.0, positive=false, type=AUTOMATIC, visibility=ALWAYS, testCase=TestCaseDTO[testName=null, id=35]], FeedbackDTO[id=105, text=null, detailText=null, hasLongFeedbackText=false, reference=null, credits=3.230769230769231, positive=true, type=AUTOMATIC, visibility=ALWAYS, testCase=TestCaseDTO[testName=null, id=45]]], assessmentType=AUTOMATIC, hasComplaint=null, exampleResult=null, testCaseCount=13, passedTestCaseCount=1, codeIssueCount=0]], BuildJobQueueItem[id=4741739576577297, name=SHORT88A9A223023E2047B709E4A029FA08BCF2CFTSTEXC-LOCALCIINTSTUDENT1, buildAgent=BuildAgentDTO[name=artemis-build-agent-test, memberAddress=[127.0.0.1]:5703, displayName=artemis-build-agent-test], participationId=474, courseId=151, exerciseId=302, retryCount=0, priority=2, status=SUCCESSFUL, repositoryInfo=RepositoryInfo[repositoryName=short88a9a223023e2047b709e4a029fa08bcf2cftstexc-localciintstudent1, repositoryType=user, triggeredByPushTo=user, assignmentRepositoryUri=http://localhost:49152/git/SHORT88A9A223023E2047B709E4A029FA08BCF2CFTSTEXC/short88a9a223023e2047b709e4a029fa08bcf2cftstexc-localciintstudent1.git, testRepositoryUri=http://localhost:49152/git/SHORT88A9A223023E2047B709E4A029FA08BCF2CFTSTEXC/short88a9a223023e2047b709e4a029fa08bcf2cftstexc-tests.git, solutionRepositoryUri=null, auxiliaryRepositoryUris=[Ljava.lang.String;@4c489e73, auxiliaryRepositoryCheckoutDirectories=[Ljava.lang.String;@9bdb75f], jobTimingInfo=JobTimingInfo[submissionDate=2025-02-14T23:42:57.297342281Z[Etc/UTC], buildStartDate=2025-02-14T23:42:57.308570327Z[Etc/UTC], buildCompletionDate=2025-02-14T23:42:59.047616654Z[Etc/UTC], estimatedCompletionDate=2025-02-14T23:43:16.308558064Z[Etc/UTC], estimatedDuration=19], buildConfig=BuildConfig[buildScript=#!/bin/bash
cd /var/tmp/testing-dir
chmod +x ./gradlew
./gradlew clean test
, dockerImage=dummy-docker-image:latest, commitHashToBuild=736cbea1e46d6849b41266b2bf1cccd3b9ea55b1, assignmentCommitHash=736cbea1e46d6849b41266b2bf1cccd3b9ea55b1, testCommitHash=ea6267edd396a304305339b036512b63e0374c66, branch=main, programmingLanguage=JAVA, projectType=PLAIN_GRADLE, scaEnabled=false, sequentialTestRunsEnabled=false, resultPaths=[/var/tmp/testing-dir/**/test-results/test/*.xml], timeoutSeconds=0, assignmentCheckoutPath=null, testCheckoutPath=null, solutionCheckoutPath=null, dockerRunConfig=null], submissionResult=ResultDTO[id=135, completionDate=2025-02-14T23:42:59.014168821Z[Etc/UTC], successful=false, score=7.7, rated=true, submission=SubmissionDTO[id=123, submitted=true, type=MANUAL, exampleSubmission=null, submissionDate=2025-02-14T23:42:57.278471Z, commitHash=736cbea1e46d6849b41266b2bf1cccd3b9ea55b1, buildFailed=false, buildArtifact=false, participation=ParticipationDTO[id=474, testRun=false, type=programming, submissionCount=null, exercise=ParticipationExerciseDTO[id=302, exerciseType=PROGRAMMING, type=programming, assessmentType=AUTOMATIC, dueDate=2025-02-16T23:42:56.796251Z, assessmentDueDate=null, maxPoints=42.0, course=CourseDTO[id=151, accuracyOfScores=1]]], submissionExerciseType=programming, isProcessing=false, buildStartDate=null, estimatedCompletionDate=null], participation=ParticipationDTO[id=474, testRun=false, type=programming, submissionCount=null, exercise=ParticipationExerciseDTO[id=302, exerciseType=PROGRAMMING, type=programming, assessmentType=AUTOMATIC, dueDate=2025-02-16T23:42:56.796251Z, assessmentDueDate=null, maxPoints=42.0, course=CourseDTO[id=151, accuracyOfScores=1]]], feedbacks=[FeedbackDTO[id=106, text=null, detailText=The exercise expects a class with the name Context in the package testpackage. You did not implement the class in the exercise., hasLongFeedbackText=false, reference=null, credits=0.0, positive=false, type=AUTOMATIC, visibility=ALWAYS, testCase=TestCaseDTO[testName=null, id=65]], FeedbackDTO[id=107, text=null, detailText=The exercise expects a class with the name Policy in the package testpackage. You did not implement the class in the exercise., hasLongFeedbackText=false, reference=null, credits=0.0, positive=false, type=AUTOMATIC, visibility=ALWAYS, testCase=TestCaseDTO[testName=null, id=66]], FeedbackDTO[id=108, text=null, detailText=The exercise expects a class with the name SortStrategy in the package testpackage. You did not implement the class in the exercise., hasLongFeedbackText=false, reference=null, credits=0.0, positive=false, type=AUTOMATIC, visibility=ALWAYS, testCase=TestCaseDTO[testName=null, id=67]], FeedbackDTO[id=109, text=null, detailText=The class 'MergeSort' does not implement the interface 'SortStrategy' as expected. Implement the interface and its methods., hasLongFeedbackText=false, reference=null, credits=0.0, positive=false, type=AUTOMATIC, visibility=ALWAYS, testCase=TestCaseDTO[testName=null, id=62]], FeedbackDTO[id=110, text=null, detailText=The exercise expects a class with the name SortStrategy in the package testpackage. You did not implement the class in the exercise., hasLongFeedbackText=false, reference=null, credits=0.0, positive=false, type=AUTOMATIC, visibility=ALWAYS, testCase=TestCaseDTO[testName=null, id=59]], FeedbackDTO[id=111, text=null, detailText=The class 'BubbleSort' does not implement the interface 'SortStrategy' as expected. Implement the interface and its methods., hasLongFeedbackText=false, reference=null, credits=0.0, positive=false, type=AUTOMATIC, visibility=ALWAYS, testCase=TestCaseDTO[testName=null, id=63]], FeedbackDTO[id=112, text=null, detailText=MergeSort does not sort correctly, hasLongFeedbackText=false, reference=null, credits=0.0, positive=false, type=AUTOMATIC, visibility=ALWAYS, testCase=TestCaseDTO[testName=null, id=68]], FeedbackDTO[id=113, text=null, detailText=The class 'Context' was not found within the submission. Make sure to implement it properly., hasLongFeedbackText=false, reference=null, credits=0.0, positive=false, type=AUTOMATIC, visibility=ALWAYS, testCase=TestCaseDTO[testName=null, id=69]], FeedbackDTO[id=114, text=null, detailText=The class 'Context' was not found within the submission. Make sure to implement it properly., hasLongFeedbackText=false, reference=null, credits=0.0, positive=false, type=AUTOMATIC, visibility=ALWAYS, testCase=TestCaseDTO[testName=null, id=70]], FeedbackDTO[id=115, text=null, detailText=The exercise expects a class with the name Policy in the package testpackage. You did not implement the class in the exercise., hasLongFeedbackText=false, reference=null, credits=0.0, positive=false, type=AUTOMATIC, visibility=ALWAYS, testCase=TestCaseDTO[testName=null, id=64]], FeedbackDTO[id=116, text=null, detailText=The exercise expects a class with the name Context in the package testpackage. You did not implement the class in the exercise., hasLongFeedbackText=false, reference=null, credits=0.0, positive=false, type=AUTOMATIC, visibility=ALWAYS, testCase=TestCaseDTO[testName=null, id=60]], FeedbackDTO[id=117, text=null, detailText=The exercise expects a class with the name Policy in the package testpackage. You did not implement the class in the exercise., hasLongFeedbackText=false, reference=null, credits=0.0, positive=false, type=AUTOMATIC, visibility=ALWAYS, testCase=TestCaseDTO[testName=null, id=61]], FeedbackDTO[id=118, text=null, detailText=null, hasLongFeedbackText=false, reference=null, credits=3.230769230769231, positive=true, type=AUTOMATIC, visibility=ALWAYS, testCase=TestCaseDTO[testName=null, id=71]]], assessmentType=AUTOMATIC, hasComplaint=null, exampleResult=null, testCaseCount=13, passedTestCaseCount=1, codeIssueCount=0]], BuildJobQueueItem[id=4771739576580898, name=SHORT51E611E30D6B60466F0B8BA0AA97F58888C2TSTEXC-LOCALCIINTSTUDENT1, buildAgent=BuildAgentDTO[name=artemis-build-agent-test, memberAddress=[127.0.0.1]:5703, displayName=artemis-build-agent-test], participationId=477, courseId=152, exerciseId=303, retryCount=0, priority=2, status=SUCCESSFUL, repositoryInfo=RepositoryInfo[repositoryName=short51e611e30d6b60466f0b8ba0aa97f58888c2tstexc-localciintstudent1, repositoryType=user, triggeredByPushTo=user, assignmentRepositoryUri=http://localhost:49152/git/SHORT51E611E30D6B60466F0B8BA0AA97F58888C2TSTEXC/short51e611e30d6b60466f0b8ba0aa97f58888c2tstexc-localciintstudent1.git, testRepositoryUri=http://localhost:49152/git/SHORT51E611E30D6B60466F0B8BA0AA97F58888C2TSTEXC/short51e611e30d6b60466f0b8ba0aa97f58888c2tstexc-tests.git, solutionRepositoryUri=null, auxiliaryRepositoryUris=[Ljava.lang.String;@53c63a04, auxiliaryRepositoryCheckoutDirectories=[Ljava.lang.String;@391d18e7], jobTimingInfo=JobTimingInfo[submissionDate=2025-02-14T23:43:00.898532688Z[Etc/UTC], buildStartDate=2025-02-14T23:43:00.905733056Z[Etc/UTC], buildCompletionDate=2025-02-14T23:43:02.692768910Z[Etc/UTC], estimatedCompletionDate=2025-02-14T23:43:19.905720463Z[Etc/UTC], estimatedDuration=19], buildConfig=BuildConfig[buildScript=#!/bin/bash
cd /var/tmp/testing-dir
chmod +x ./gradlew
./gradlew clean test
, dockerImage=dummy-docker-image:latest, commitHashToBuild=8f3057cbd462f5e3de4e6ba85115f60d8dbb5aea, assignmentCommitHash=8f3057cbd462f5e3de4e6ba85115f60d8dbb5aea, testCommitHash=8f3057cbd462f5e3de4e6ba85115f60d8dbb5aea, branch=main, programmingLanguage=JAVA, projectType=PLAIN_GRADLE, scaEnabled=true, sequentialTestRunsEnabled=false, resultPaths=[/var/tmp/testing-dir/**/test-results/test/*.xml], timeoutSeconds=0, assignmentCheckoutPath=null, testCheckoutPath=null, solutionCheckoutPath=null, dockerRunConfig=null], submissionResult=ResultDTO[id=136, completionDate=2025-02-14T23:43:02.637820510Z[Etc/UTC], successful=false, score=7.7, rated=true, submission=SubmissionDTO[id=124, submitted=true, type=MANUAL, exampleSubmission=null, submissionDate=2025-02-14T23:43:00.886601Z, commitHash=8f3057cbd462f5e3de4e6ba85115f60d8dbb5aea, buildFailed=false, buildArtifact=false, participation=ParticipationDTO[id=477, testRun=false, type=programming, submissionCount=null, exercise=ParticipationExerciseDTO[id=303, exerciseType=PROGRAMMING, type=programming, assessmentType=AUTOMATIC, dueDate=2025-02-16T23:43:00.631824Z, assessmentDueDate=null, maxPoints=42.0, course=CourseDTO[id=152, accuracyOfScores=1]]], submissionExerciseType=programming, isProcessing=false, buildStartDate=null, estimatedCompletionDate=null], participation=ParticipationDTO[id=477, testRun=false, type=programming, submissionCount=null, exercise=ParticipationExerciseDTO[id=303, exerciseType=PROGRAMMING, type=programming, assessmentType=AUTOMATIC, dueDate=2025-02-16T23:43:00.631824Z, assessmentDueDate=null, maxPoints=42.0, course=CourseDTO[id=152, accuracyOfScores=1]]], feedbacks=[FeedbackDTO[id=119, text=null, detailText=The exercise expects a class with the name Context in the package testpackage. You did not implement the class in the exercise., hasLongFeedbackText=false, reference=null, credits=0.0, positive=false, type=AUTOMATIC, visibility=ALWAYS, testCase=TestCaseDTO[testName=null, id=78]], FeedbackDTO[id=120, text=null, detailText=The exercise expects a class with the name Policy in the package testpackage. You did not implement the class in the exercise., hasLongFeedbackText=false, reference=null, credits=0.0, positive=false, type=AUTOMATIC, visibility=ALWAYS, testCase=TestCaseDTO[testName=null, id=79]], FeedbackDTO[id=121, text=null, detailText=The exercise expects a class with the name SortStrategy in the package testpackage. You did not implement the class in the exercise., hasLongFeedbackText=false, reference=null, credits=0.0, positive=false, type=AUTOMATIC, visibility=ALWAYS, testCase=TestCaseDTO[testName=null, id=80]], FeedbackDTO[id=122, text=null, detailText=The class 'MergeSort' does not implement the interface 'SortStrategy' as expected. Implement the interface and its methods., hasLongFeedbackText=false, reference=null, credits=0.0, positive=false, type=AUTOMATIC, visibility=ALWAYS, testCase=TestCaseDTO[testName=null, id=75]], FeedbackDTO[id=123, text=null, detailText=The exercise expects a class with the name SortStrategy in the package testpackage. You did not implement the class in the exercise., hasLongFeedbackText=false, reference=null, credits=0.0, positive=false, type=AUTOMATIC, visibility=ALWAYS, testCase=TestCaseDTO[testName=null, id=72]], FeedbackDTO[id=124, text=null, detailText=The class 'BubbleSort' does not implement the interface 'SortStrategy' as expected. Implement the interface and its methods., hasLongFeedbackText=false, reference=null, credits=0.0, positive=false, type=AUTOMATIC, visibility=ALWAYS, testCase=TestCaseDTO[testName=null, id=76]], FeedbackDTO[id=125, text=null, detailText=MergeSort does not sort correctly, hasLongFeedbackText=false, reference=null, credits=0.0, positive=false, type=AUTOMATIC, visibility=ALWAYS, testCase=TestCaseDTO[testName=null, id=81]], FeedbackDTO[id=126, text=null, detailText=The class 'Context' was not found within the submission. Make sure to implement it properly., hasLongFeedbackText=false, reference=null, credits=0.0, positive=false, type=AUTOMATIC, visibility=ALWAYS, testCase=TestCaseDTO[testName=null, id=82]], FeedbackDTO[id=127, text=null, detailText=The class 'Context' was not found within the submission. Make sure to implement it properly., hasLongFeedbackText=false, reference=null, credits=0.0, positive=false, type=AUTOMATIC, visibility=ALWAYS, testCase=TestCaseDTO[testName=null, id=83]], FeedbackDTO[id=128, text=null, detailText=The exercise expects a class with the name Policy in the package testpackage. You did not implement the class in the exercise., hasLongFeedbackText=false, reference=null, credits=0.0, positive=false, type=AUTOMATIC, visibility=ALWAYS, testCase=TestCaseDTO[testName=null, id=77]], FeedbackDTO[id=129, text=null, detailText=The exercise expects a class with the name Context in the package testpackage. You did not implement the class in the exercise., hasLongFeedbackText=false, reference=null, credits=0.0, positive=false, type=AUTOMATIC, visibility=ALWAYS, testCase=TestCaseDTO[testName=null, id=73]], FeedbackDTO[id=130, text=null, detailText=The exercise expects a class with the name Policy in the package testpackage. You did not implement the class in the exercise., hasLongFeedbackText=false, reference=null, credits=0.0, positive=false, type=AUTOMATIC, visibility=ALWAYS, testCase=TestCaseDTO[testName=null, id=74]], FeedbackDTO[id=131, text=null, detailText=null, hasLongFeedbackText=false, reference=null, credits=3.230769230769231, positive=true, type=AUTOMATIC, visibility=ALWAYS, testCase=TestCaseDTO[testName=null, id=84]], FeedbackDTO[id=132, text=SCAFeedbackIdentifier:Bad Practice, detailText={"filePath":"src/code/Client.java","startLine":6,"endLine":6,"startColumn":1,"endColumn":26,"rule":"UnusedImports","category":"Best Practices","message":"Avoid unused imports such as 'javax.swing.JFrame'","priority":"4"}, hasLongFeedbackText=false, reference=PMD, credits=0.0, positive=false, type=AUTOMATIC, visibility=null, testCase=null], FeedbackDTO[id=133, text=SCAFeedbackIdentifier:Code Style, detailText={"filePath":"src/code/Client.java","startLine":7,"endLine":7,"startColumn":1,"endColumn":19,"rule":"DontImportJavaLang","category":"Code Style","message":"Avoid importing anything from the package java.lang","priority":"4"}, hasLongFeedbackText=false, reference=PMD, credits=0.0, positive=false, type=AUTOMATIC, visibility=null, testCase=null], FeedbackDTO[id=134, text=SCAFeedbackIdentifier:Bad Practice, detailText={"filePath":"src/code/Client.java","startLine":7,"endLine":7,"startColumn":1,"endColumn":19,"rule":"UnusedImports","category":"Best Practices","message":"Avoid unused imports such as 'java.lang'","priority":"4"}, hasLongFeedbackText=false, reference=PMD, credits=0.0, positive=false, type=AUTOMATIC, visibility=null, testCase=null], FeedbackDTO[id=135, text=SCAFeedbackIdentifier:Bad Practice, detailText={"filePath":"src/code/Client.java","startLine":73,"endLine":73,"startColumn":18,"endColumn":27,"rule":"UnusedLocalVariable","category":"Best Practices","message":"Avoid unused local variables such as 'randomDate'.","priority":"3"}, hasLongFeedbackText=false, reference=PMD, credits=0.0, positive=false, type=AUTOMATIC, visibility=null, testCase=null], FeedbackDTO[id=136, text=SCAFeedbackIdentifier:Bad Practice, detailText={"filePath":"src/code/Client.java","startLine":81,"endLine":81,"startColumn":31,"endColumn":53,"rule":"UnusedPrivateMethod","category":"Best Practices","message":"Avoid unused private methods such as 'CreateRandomDatesList()'.","priority":"3"}, hasLongFeedbackText=false, reference=PMD, credits=0.0, positive=false, type=AUTOMATIC, visibility=null, testCase=null], FeedbackDTO[id=137, text=SCAFeedbackIdentifier:Potential Bugs, detailText={"filePath":"src/code/Client.java","startLine":94,"endLine":94,"startColumn":9,"endColumn":9,"rule":"EmptyStatementNotInLoop","category":"Error Prone","message":"An empty statement (semicolon) not part of a loop","priority":"3"}, hasLongFeedbackText=false, reference=PMD, credits=0.0, positive=false, type=AUTOMATIC, visibility=null, testCase=null], FeedbackDTO[id=138, text=SCAFeedbackIdentifier:Potential Bugs, detailText={"filePath":"src/code/Client.java","startLine":94,"endLine":94,"startColumn":10,"endColumn":10,"rule":"EmptyStatementNotInLoop","category":"Error Prone","message":"An empty statement (semicolon) not part of a loop","priority":"3"}, hasLongFeedbackText=false, reference=PMD, credits=0.0, positive=false, type=AUTOMATIC, visibility=null, testCase=null], FeedbackDTO[id=139, text=SCAFeedbackIdentifier:Potential Bugs, detailText={"filePath":"src/code/Client.java","startLine":94,"endLine":94,"startColumn":11,"endColumn":11,"rule":"EmptyStatementNotInLoop","category":"Error Prone","message":"An empty statement (semicolon) not part of a loop","priority":"3"}, hasLongFeedbackText=false, reference=PMD, credits=0.0, positive=false, type=AUTOMATIC, visibility=null, testCase=null], FeedbackDTO[id=140, text=SCAFeedbackIdentifier:Code Style, detailText={"filePath":"src/code/Client.java","startLine":73,"endLine":73,"rule":"DLS_DEAD_LOCAL_STORE","category":"STYLE","message":"Dead store to randomDate in code.Client.createRandomDatesList()","priority":"2"}, hasLongFeedbackText=false, reference=SPOTBUGS, credits=0.0, positive=false, type=AUTOMATIC, visibility=null, testCase=null], FeedbackDTO[id=141, text=SCAFeedbackIdentifier:Bad Practice, detailText={"filePath":"src/code/Client.java","startLine":82,"endLine":95,"rule":"NM_METHOD_NAMING_CONVENTION","category":"BAD_PRACTICE","message":"The method name code.Client.CreateRandomDatesList() doesn't start with a lower case letter","priority":"3"}, hasLongFeedbackText=false, reference=SPOTBUGS, credits=0.0, positive=false, type=AUTOMATIC, visibility=null, testCase=null], FeedbackDTO[id=142, text=SCAFeedbackIdentifier:Performance, detailText={"filePath":"src/code/Client.java","startLine":82,"endLine":95,"rule":"UPM_UNCALLED_PRIVATE_METHOD","category":"PERFORMANCE","message":"Private method code.Client.CreateRandomDatesList() is never called","priority":"2"}, hasLongFeedbackText=false, reference=SPOTBUGS, credits=0.0, positive=false, type=AUTOMATIC, visibility=null, testCase=null], FeedbackDTO[id=143, text=SCAFeedbackIdentifier:Code Style, detailText={"filePath":"src/code/Client.java","startLine":70,"endLine":70,"startColumn":9,"endColumn":9,"rule":"NeedBracesCheck","category":"blocks","message":"'for' construct must use '{}'s.","priority":"error"}, hasLongFeedbackText=false, reference=CHECKSTYLE, credits=0.0, positive=false, type=AUTOMATIC, visibility=null, testCase=null], FeedbackDTO[id=144, text=SCAFeedbackIdentifier:Code Style, detailText={"filePath":"src/code/Client.java","startLine":93,"endLine":93,"startColumn":9,"endColumn":9,"rule":"EmptyStatementCheck","category":"coding","message":"Empty statement.","priority":"error"}, hasLongFeedbackText=false, reference=CHECKSTYLE, credits=0.0, positive=false, type=AUTOMATIC, visibility=null, testCase=null], FeedbackDTO[id=145, text=SCAFeedbackIdentifier:Code Style, detailText={"filePath":"src/code/Client.java","startLine":93,"endLine":93,"startColumn":10,"endColumn":10,"rule":"EmptyStatementCheck","category":"coding","message":"Empty statement.","priority":"error"}, hasLongFeedbackText=false, reference=CHECKSTYLE, credits=0.0, positive=false, type=AUTOMATIC, visibility=null, testCase=null], FeedbackDTO[id=146, text=SCAFeedbackIdentifier:Code Style, detailText={"filePath":"src/code/Client.java","startLine":93,"endLine":93,"startColumn":11,"endColumn":11,"rule":"EmptyStatementCheck","category":"coding","message":"Empty statement.","priority":"error"}, hasLongFeedbackText=false, reference=CHECKSTYLE, credits=0.0, positive=false, type=AUTOMATIC, visibility=null, testCase=null]], assessmentType=AUTOMATIC, hasComplaint=null, exampleResult=null, testCaseCount=13, passedTestCaseCount=1, codeIssueCount=15]]], publicSshKey=ssh-rsa AAAAB3NzaC1yc2EAAAADAQABAAACAQCOPdMsxRE2jFJ/UEa5/LsBxtwzJcrh3/rYBCQvcMeVpiRfhzQPWu7mrt/G2Ew+i+vRloGH9aqKg6dd1liRncao53Zmd/ePxoatXePNhmzTfkCkcSkTUz7B+QMjkoDDV5jwuFPD6mF3JkhuzSi64n9Zy905t4w2IhVcjM2mL3eYNjiCXt6Qpq3Pkt7dM/Ksw1nxnvuiIALuJLB3FTkXkHqq3PJav+9HSq2r6ZaWgekneaGxlQlb+U+Vy3XOuArKAzK8c8i+0bR+AHiTG6ncYXt7ax3U+TdlDTF7OLP3umwaYjs1NBXOHwG42pevvpKn2fqavZZozk+M05jXLx3bq0O7itxfErWc7etky8qYPyyIMF/txQIVLd78+Ze4d7Y60t5MGbXM5cGE6fFif5fEJwgswXD+BrG0cafz1CTatjSKFdvp8Vp4VszXhHDan1PrP6JEFJ5Cc5GDmLRZPCFa3vL9f5qXgf4bkqKN8MYeEujwJE5nMRWoiJVNakix2bcrrneQMBlnYeYZVWXXXUusAQBzl4NgddC1umZpihZkL1b1MffZAUW3EGEXi7KHnllQhkTLLsQ8ntMgbylqaJKStqaXlLvdeRJcEnUuiFCrHEVVbXRFZR7XVDZ02CE5o3MuaRPty8Kh+jRTF3COlAckHwYEJCNNJvXFgb2CNXL4mjzYDw== test@localhost]
    23:43:02.839 | 566 localvc.event-13 | DEBUG | a.p.s.l.SharedQueueManagementService : Build agent updated: null
    23:43:02.845 | 566 localvc.event-13 | DEBUG | a.p.s.l.LocalCIQueueWebsocketService : Build agent updated: BuildAgentInformation[buildAgent=BuildAgentDTO[name=artemis-build-agent-test, memberAddress=[127.0.0.1]:5703, displayName=artemis-build-agent-test], maxNumberOfConcurrentBuildJobs=1, numberOfCurrentBuildJobs=0, runningBuildJobs=[], status=IDLE, recentBuildJobs=[BuildJobQueueItem[id=4621739576562326, name=SHORT43ACF76B02BC1044B80938509D14043FABDETSTEXC-LOCALCIINTSTUDENT1, buildAgent=BuildAgentDTO[name=artemis-build-agent-test, memberAddress=[127.0.0.1]:5703, displayName=artemis-build-agent-test], participationId=462, courseId=147, exerciseId=298, retryCount=0, priority=2, status=SUCCESSFUL, repositoryInfo=RepositoryInfo[repositoryName=short43acf76b02bc1044b80938509d14043fabdetstexc-localciintstudent1, repositoryType=user, triggeredByPushTo=user, assignmentRepositoryUri=http://localhost:49152/git/SHORT43ACF76B02BC1044B80938509D14043FABDETSTEXC/short43acf76b02bc1044b80938509d14043fabdetstexc-localciintstudent1.git, testRepositoryUri=http://localhost:49152/git/SHORT43ACF76B02BC1044B80938509D14043FABDETSTEXC/short43acf76b02bc1044b80938509d14043fabdetstexc-tests.git, solutionRepositoryUri=null, auxiliaryRepositoryUris=[Ljava.lang.String;@554dfc84, auxiliaryRepositoryCheckoutDirectories=[Ljava.lang.String;@37b9fa33], jobTimingInfo=JobTimingInfo[submissionDate=2025-02-14T23:42:42.326978596Z[Etc/UTC], buildStartDate=2025-02-14T23:42:42.420147010Z[Etc/UTC], buildCompletionDate=2025-02-14T23:42:45.573855829Z[Etc/UTC], estimatedCompletionDate=2025-02-14T23:43:01.420129377Z[Etc/UTC], estimatedDuration=19], buildConfig=BuildConfig[buildScript=#!/bin/bash
cd /var/tmp/testing-dir
chmod +x ./gradlew
./gradlew clean test
, dockerImage=dummy-docker-image:latest, commitHashToBuild=a9c717ccf7bcbe9531d3eee21dbaeb5aab2ff971, assignmentCommitHash=a9c717ccf7bcbe9531d3eee21dbaeb5aab2ff971, testCommitHash=a9c717ccf7bcbe9531d3eee21dbaeb5aab2ff971, branch=main, programmingLanguage=JAVA, projectType=PLAIN_GRADLE, scaEnabled=false, sequentialTestRunsEnabled=false, resultPaths=[/var/tmp/testing-dir/**/test-results/test/*.xml], timeoutSeconds=0, assignmentCheckoutPath=null, testCheckoutPath=null, solutionCheckoutPath=null, dockerRunConfig=DockerRunConfig[isNetworkDisabled=true, env=[key=value]]], submissionResult=ResultDTO[id=132, completionDate=2025-02-14T23:42:45.519869118Z[Etc/UTC], successful=false, score=7.7, rated=true, submission=SubmissionDTO[id=119, submitted=true, type=MANUAL, exampleSubmission=null, submissionDate=2025-02-14T23:42:42.302762Z, commitHash=a9c717ccf7bcbe9531d3eee21dbaeb5aab2ff971, buildFailed=false, buildArtifact=false, participation=ParticipationDTO[id=462, testRun=false, type=programming, submissionCount=null, exercise=ParticipationExerciseDTO[id=298, exerciseType=PROGRAMMING, type=programming, assessmentType=AUTOMATIC, dueDate=2025-02-16T23:42:41.553955Z, assessmentDueDate=null, maxPoints=42.0, course=CourseDTO[id=147, accuracyOfScores=1]]], submissionExerciseType=programming, isProcessing=false, buildStartDate=null, estimatedCompletionDate=null], participation=ParticipationDTO[id=462, testRun=false, type=programming, submissionCount=null, exercise=ParticipationExerciseDTO[id=298, exerciseType=PROGRAMMING, type=programming, assessmentType=AUTOMATIC, dueDate=2025-02-16T23:42:41.553955Z, assessmentDueDate=null, maxPoints=42.0, course=CourseDTO[id=147, accuracyOfScores=1]]], feedbacks=[FeedbackDTO[id=67, text=null, detailText=The exercise expects a class with the name Context in the package testpackage. You did not implement the class in the exercise., hasLongFeedbackText=false, reference=null, credits=0.0, positive=false, type=AUTOMATIC, visibility=ALWAYS, testCase=TestCaseDTO[testName=null, id=13]], FeedbackDTO[id=68, text=null, detailText=The exercise expects a class with the name Policy in the package testpackage. You did not implement the class in the exercise., hasLongFeedbackText=false, reference=null, credits=0.0, positive=false, type=AUTOMATIC, visibility=ALWAYS, testCase=TestCaseDTO[testName=null, id=14]], FeedbackDTO[id=69, text=null, detailText=The exercise expects a class with the name SortStrategy in the package testpackage. You did not implement the class in the exercise., hasLongFeedbackText=false, reference=null, credits=0.0, positive=false, type=AUTOMATIC, visibility=ALWAYS, testCase=TestCaseDTO[testName=null, id=15]], FeedbackDTO[id=70, text=null, detailText=The class 'MergeSort' does not implement the interface 'SortStrategy' as expected. Implement the interface and its methods., hasLongFeedbackText=false, reference=null, credits=0.0, positive=false, type=AUTOMATIC, visibility=ALWAYS, testCase=TestCaseDTO[testName=null, id=10]], FeedbackDTO[id=71, text=null, detailText=The exercise expects a class with the name SortStrategy in the package testpackage. You did not implement the class in the exercise., hasLongFeedbackText=false, reference=null, credits=0.0, positive=false, type=AUTOMATIC, visibility=ALWAYS, testCase=TestCaseDTO[testName=null, id=7]], FeedbackDTO[id=72, text=null, detailText=The class 'BubbleSort' does not implement the interface 'SortStrategy' as expected. Implement the interface and its methods., hasLongFeedbackText=false, reference=null, credits=0.0, positive=false, type=AUTOMATIC, visibility=ALWAYS, testCase=TestCaseDTO[testName=null, id=11]], FeedbackDTO[id=73, text=null, detailText=MergeSort does not sort correctly, hasLongFeedbackText=false, reference=null, credits=0.0, positive=false, type=AUTOMATIC, visibility=ALWAYS, testCase=TestCaseDTO[testName=null, id=16]], FeedbackDTO[id=74, text=null, detailText=The class 'Context' was not found within the submission. Make sure to implement it properly., hasLongFeedbackText=false, reference=null, credits=0.0, positive=false, type=AUTOMATIC, visibility=ALWAYS, testCase=TestCaseDTO[testName=null, id=17]], FeedbackDTO[id=75, text=null, detailText=The class 'Context' was not found within the submission. Make sure to implement it properly., hasLongFeedbackText=false, reference=null, credits=0.0, positive=false, type=AUTOMATIC, visibility=ALWAYS, testCase=TestCaseDTO[testName=null, id=18]], FeedbackDTO[id=76, text=null, detailText=The exercise expects a class with the name Policy in the package testpackage. You did not implement the class in the exercise., hasLongFeedbackText=false, reference=null, credits=0.0, positive=false, type=AUTOMATIC, visibility=ALWAYS, testCase=TestCaseDTO[testName=null, id=12]], FeedbackDTO[id=77, text=null, detailText=The exercise expects a class with the name Context in the package testpackage. You did not implement the class in the exercise., hasLongFeedbackText=false, reference=null, credits=0.0, positive=false, type=AUTOMATIC, visibility=ALWAYS, testCase=TestCaseDTO[testName=null, id=8]], FeedbackDTO[id=78, text=null, detailText=The exercise expects a class with the name Policy in the package testpackage. You did not implement the class in the exercise., hasLongFeedbackText=false, reference=null, credits=0.0, positive=false, type=AUTOMATIC, visibility=ALWAYS, testCase=TestCaseDTO[testName=null, id=9]], FeedbackDTO[id=79, text=null, detailText=null, hasLongFeedbackText=false, reference=null, credits=3.230769230769231, positive=true, type=AUTOMATIC, visibility=ALWAYS, testCase=TestCaseDTO[testName=null, id=19]]], assessmentType=AUTOMATIC, hasComplaint=null, exampleResult=null, testCaseCount=13, passedTestCaseCount=1, codeIssueCount=0]], BuildJobQueueItem[id=4651739576569330, name=SHORTB06DD3F905F4604F6E085260D83ED657A6DFTSTEXC-LOCALCIINTSTUDENT1, buildAgent=BuildAgentDTO[name=artemis-build-agent-test, memberAddress=[127.0.0.1]:5703, displayName=artemis-build-agent-test], participationId=465, courseId=148, exerciseId=299, retryCount=0, priority=2, status=SUCCESSFUL, repositoryInfo=RepositoryInfo[repositoryName=shortb06dd3f905f4604f6e085260d83ed657a6dftstexc-localciintstudent1, repositoryType=user, triggeredByPushTo=user, assignmentRepositoryUri=http://localhost:49152/git/SHORTB06DD3F905F4604F6E085260D83ED657A6DFTSTEXC/shortb06dd3f905f4604f6e085260d83ed657a6dftstexc-localciintstudent1.git, testRepositoryUri=http://localhost:49152/git/SHORTB06DD3F905F4604F6E085260D83ED657A6DFTSTEXC/shortb06dd3f905f4604f6e085260d83ed657a6dftstexc-tests.git, solutionRepositoryUri=null, auxiliaryRepositoryUris=[Ljava.lang.String;@66321603, auxiliaryRepositoryCheckoutDirectories=[Ljava.lang.String;@22cd8b4e], jobTimingInfo=JobTimingInfo[submissionDate=2025-02-14T23:42:49.330093960Z[Etc/UTC], buildStartDate=2025-02-14T23:42:49.347797345Z[Etc/UTC], buildCompletionDate=2025-02-14T23:42:51.204319751Z[Etc/UTC], estimatedCompletionDate=2025-02-14T23:43:08.347788449Z[Etc/UTC], estimatedDuration=19], buildConfig=BuildConfig[buildScript=#!/bin/bash
cd /var/tmp/testing-dir
chmod +x ./gradlew
./gradlew clean test
, dockerImage=dummy-docker-image:latest, commitHashToBuild=41581fff25954d36cf07586926ee0c77d1003131, assignmentCommitHash=41581fff25954d36cf07586926ee0c77d1003131, testCommitHash=41581fff25954d36cf07586926ee0c77d1003131, branch=main, programmingLanguage=JAVA, projectType=PLAIN_GRADLE, scaEnabled=false, sequentialTestRunsEnabled=false, resultPaths=[/var/tmp/testing-dir/**/test-results/test/*.xml], timeoutSeconds=0, assignmentCheckoutPath=null, testCheckoutPath=null, solutionCheckoutPath=null, dockerRunConfig=null], submissionResult=ResultDTO[id=133, completionDate=2025-02-14T23:42:51.155372920Z[Etc/UTC], successful=false, score=7.7, rated=true, submission=SubmissionDTO[id=120, submitted=true, type=MANUAL, exampleSubmission=null, submissionDate=2025-02-14T23:42:49.321855Z, commitHash=41581fff25954d36cf07586926ee0c77d1003131, buildFailed=false, buildArtifact=false, participation=ParticipationDTO[id=465, testRun=false, type=programming, submissionCount=null, exercise=ParticipationExerciseDTO[id=299, exerciseType=PROGRAMMING, type=programming, assessmentType=AUTOMATIC, dueDate=2025-02-16T23:42:49.163661Z, assessmentDueDate=null, maxPoints=42.0, course=CourseDTO[id=148, accuracyOfScores=1]]], submissionExerciseType=programming, isProcessing=false, buildStartDate=null, estimatedCompletionDate=null], participation=ParticipationDTO[id=465, testRun=false, type=programming, submissionCount=null, exercise=ParticipationExerciseDTO[id=299, exerciseType=PROGRAMMING, type=programming, assessmentType=AUTOMATIC, dueDate=2025-02-16T23:42:49.163661Z, assessmentDueDate=null, maxPoints=42.0, course=CourseDTO[id=148, accuracyOfScores=1]]], feedbacks=[FeedbackDTO[id=80, text=null, detailText=The exercise expects a class with the name Context in the package testpackage. You did not implement the class in the exercise., hasLongFeedbackText=false, reference=null, credits=0.0, positive=false, type=AUTOMATIC, visibility=ALWAYS, testCase=TestCaseDTO[testName=null, id=26]], FeedbackDTO[id=81, text=null, detailText=The exercise expects a class with the name Policy in the package testpackage. You did not implement the class in the exercise., hasLongFeedbackText=false, reference=null, credits=0.0, positive=false, type=AUTOMATIC, visibility=ALWAYS, testCase=TestCaseDTO[testName=null, id=27]], FeedbackDTO[id=82, text=null, detailText=The exercise expects a class with the name SortStrategy in the package testpackage. You did not implement the class in the exercise., hasLongFeedbackText=false, reference=null, credits=0.0, positive=false, type=AUTOMATIC, visibility=ALWAYS, testCase=TestCaseDTO[testName=null, id=28]], FeedbackDTO[id=83, text=null, detailText=The class 'MergeSort' does not implement the interface 'SortStrategy' as expected. Implement the interface and its methods., hasLongFeedbackText=false, reference=null, credits=0.0, positive=false, type=AUTOMATIC, visibility=ALWAYS, testCase=TestCaseDTO[testName=null, id=23]], FeedbackDTO[id=84, text=null, detailText=The exercise expects a class with the name SortStrategy in the package testpackage. You did not implement the class in the exercise., hasLongFeedbackText=false, reference=null, credits=0.0, positive=false, type=AUTOMATIC, visibility=ALWAYS, testCase=TestCaseDTO[testName=null, id=20]], FeedbackDTO[id=85, text=null, detailText=The class 'BubbleSort' does not implement the interface 'SortStrategy' as expected. Implement the interface and its methods., hasLongFeedbackText=false, reference=null, credits=0.0, positive=false, type=AUTOMATIC, visibility=ALWAYS, testCase=TestCaseDTO[testName=null, id=24]], FeedbackDTO[id=86, text=null, detailText=MergeSort does not sort correctly, hasLongFeedbackText=false, reference=null, credits=0.0, positive=false, type=AUTOMATIC, visibility=ALWAYS, testCase=TestCaseDTO[testName=null, id=29]], FeedbackDTO[id=87, text=null, detailText=The class 'Context' was not found within the submission. Make sure to implement it properly., hasLongFeedbackText=false, reference=null, credits=0.0, positive=false, type=AUTOMATIC, visibility=ALWAYS, testCase=TestCaseDTO[testName=null, id=30]], FeedbackDTO[id=88, text=null, detailText=The class 'Context' was not found within the submission. Make sure to implement it properly., hasLongFeedbackText=false, reference=null, credits=0.0, positive=false, type=AUTOMATIC, visibility=ALWAYS, testCase=TestCaseDTO[testName=null, id=31]], FeedbackDTO[id=89, text=null, detailText=The exercise expects a class with the name Policy in the package testpackage. You did not implement the class in the exercise., hasLongFeedbackText=false, reference=null, credits=0.0, positive=false, type=AUTOMATIC, visibility=ALWAYS, testCase=TestCaseDTO[testName=null, id=25]], FeedbackDTO[id=90, text=null, detailText=The exercise expects a class with the name Context in the package testpackage. You did not implement the class in the exercise., hasLongFeedbackText=false, reference=null, credits=0.0, positive=false, type=AUTOMATIC, visibility=ALWAYS, testCase=TestCaseDTO[testName=null, id=21]], FeedbackDTO[id=91, text=null, detailText=The exercise expects a class with the name Policy in the package testpackage. You did not implement the class in the exercise., hasLongFeedbackText=false, reference=null, credits=0.0, positive=false, type=AUTOMATIC, visibility=ALWAYS, testCase=TestCaseDTO[testName=null, id=22]], FeedbackDTO[id=92, text=null, detailText=null, hasLongFeedbackText=false, reference=null, credits=3.230769230769231, positive=true, type=AUTOMATIC, visibility=ALWAYS, testCase=TestCaseDTO[testName=null, id=32]]], assessmentType=AUTOMATIC, hasComplaint=null, exampleResult=null, testCaseCount=13, passedTestCaseCount=1, codeIssueCount=0]], BuildJobQueueItem[id=4681739576573068, name=SHORTBCF65534040390488B0A46605F5F3776B89ATSTEXC-LOCALCIINTSTUDENT1, buildAgent=BuildAgentDTO[name=artemis-build-agent-test, memberAddress=[127.0.0.1]:5703, displayName=artemis-build-agent-test], participationId=468, courseId=149, exerciseId=300, retryCount=0, priority=2, status=SUCCESSFUL, repositoryInfo=RepositoryInfo[repositoryName=shortbcf65534040390488b0a46605f5f3776b89atstexc-localciintstudent1, repositoryType=user, triggeredByPushTo=user, assignmentRepositoryUri=http://localhost:49152/git/SHORTBCF65534040390488B0A46605F5F3776B89ATSTEXC/shortbcf65534040390488b0a46605f5f3776b89atstexc-localciintstudent1.git, testRepositoryUri=http://localhost:49152/git/SHORTBCF65534040390488B0A46605F5F3776B89ATSTEXC/shortbcf65534040390488b0a46605f5f3776b89atstexc-tests.git, solutionRepositoryUri=null, auxiliaryRepositoryUris=[Ljava.lang.String;@185eea4f, auxiliaryRepositoryCheckoutDirectories=[Ljava.lang.String;@604ef315], jobTimingInfo=JobTimingInfo[submissionDate=2025-02-14T23:42:53.068019209Z[Etc/UTC], buildStartDate=2025-02-14T23:42:53.092867394Z[Etc/UTC], buildCompletionDate=2025-02-14T23:42:55.086950323Z[Etc/UTC], estimatedCompletionDate=2025-02-14T23:43:12.092858828Z[Etc/UTC], estimatedDuration=19], buildConfig=BuildConfig[buildScript=#!/bin/bash
cd /var/tmp/testing-dir
chmod +x ./gradlew
./gradlew clean test
, dockerImage=dummy-docker-image:latest, commitHashToBuild=2d5c0482fc77d3f5ec0841962528a43054e83170, assignmentCommitHash=2d5c0482fc77d3f5ec0841962528a43054e83170, testCommitHash=7477e25d56ce5fee2c938542a7e7ed4ed085d373, branch=main, programmingLanguage=JAVA, projectType=PLAIN_GRADLE, scaEnabled=false, sequentialTestRunsEnabled=false, resultPaths=[/var/tmp/testing-dir/**/test-results/test/*.xml], timeoutSeconds=0, assignmentCheckoutPath=null, testCheckoutPath=null, solutionCheckoutPath=null, dockerRunConfig=null], submissionResult=ResultDTO[id=134, completionDate=2025-02-14T23:42:55.059618627Z[Etc/UTC], successful=false, score=7.7, rated=true, submission=SubmissionDTO[id=121, submitted=true, type=MANUAL, exampleSubmission=null, submissionDate=2025-02-14T23:42:53.048221Z, commitHash=2d5c0482fc77d3f5ec0841962528a43054e83170, buildFailed=false, buildArtifact=false, participation=ParticipationDTO[id=468, testRun=false, type=programming, submissionCount=null, exercise=ParticipationExerciseDTO[id=300, exerciseType=PROGRAMMING, type=programming, assessmentType=AUTOMATIC, dueDate=2025-02-16T23:42:52.873722Z, assessmentDueDate=null, maxPoints=42.0, course=CourseDTO[id=149, accuracyOfScores=1]]], submissionExerciseType=programming, isProcessing=false, buildStartDate=null, estimatedCompletionDate=null], participation=ParticipationDTO[id=468, testRun=false, type=programming, submissionCount=null, exercise=ParticipationExerciseDTO[id=300, exerciseType=PROGRAMMING, type=programming, assessmentType=AUTOMATIC, dueDate=2025-02-16T23:42:52.873722Z, assessmentDueDate=null, maxPoints=42.0, course=CourseDTO[id=149, accuracyOfScores=1]]], feedbacks=[FeedbackDTO[id=93, text=null, detailText=The exercise expects a class with the name Context in the package testpackage. You did not implement the class in the exercise., hasLongFeedbackText=false, reference=null, credits=0.0, positive=false, type=AUTOMATIC, visibility=ALWAYS, testCase=TestCaseDTO[testName=null, id=39]], FeedbackDTO[id=94, text=null, detailText=The exercise expects a class with the name Policy in the package testpackage. You did not implement the class in the exercise., hasLongFeedbackText=false, reference=null, credits=0.0, positive=false, type=AUTOMATIC, visibility=ALWAYS, testCase=TestCaseDTO[testName=null, id=40]], FeedbackDTO[id=95, text=null, detailText=The exercise expects a class with the name SortStrategy in the package testpackage. You did not implement the class in the exercise., hasLongFeedbackText=false, reference=null, credits=0.0, positive=false, type=AUTOMATIC, visibility=ALWAYS, testCase=TestCaseDTO[testName=null, id=41]], FeedbackDTO[id=96, text=null, detailText=The class 'MergeSort' does not implement the interface 'SortStrategy' as expected. Implement the interface and its methods., hasLongFeedbackText=false, reference=null, credits=0.0, positive=false, type=AUTOMATIC, visibility=ALWAYS, testCase=TestCaseDTO[testName=null, id=36]], FeedbackDTO[id=97, text=null, detailText=The exercise expects a class with the name SortStrategy in the package testpackage. You did not implement the class in the exercise., hasLongFeedbackText=false, reference=null, credits=0.0, positive=false, type=AUTOMATIC, visibility=ALWAYS, testCase=TestCaseDTO[testName=null, id=33]], FeedbackDTO[id=98, text=null, detailText=The class 'BubbleSort' does not implement the interface 'SortStrategy' as expected. Implement the interface and its methods., hasLongFeedbackText=false, reference=null, credits=0.0, positive=false, type=AUTOMATIC, visibility=ALWAYS, testCase=TestCaseDTO[testName=null, id=37]], FeedbackDTO[id=99, text=null, detailText=MergeSort does not sort correctly, hasLongFeedbackText=false, reference=null, credits=0.0, positive=false, type=AUTOMATIC, visibility=ALWAYS, testCase=TestCaseDTO[testName=null, id=42]], FeedbackDTO[id=100, text=null, detailText=The class 'Context' was not found within the submission. Make sure to implement it properly., hasLongFeedbackText=false, reference=null, credits=0.0, positive=false, type=AUTOMATIC, visibility=ALWAYS, testCase=TestCaseDTO[testName=null, id=43]], FeedbackDTO[id=101, text=null, detailText=The class 'Context' was not found within the submission. Make sure to implement it properly., hasLongFeedbackText=false, reference=null, credits=0.0, positive=false, type=AUTOMATIC, visibility=ALWAYS, testCase=TestCaseDTO[testName=null, id=44]], FeedbackDTO[id=102, text=null, detailText=The exercise expects a class with the name Policy in the package testpackage. You did not implement the class in the exercise., hasLongFeedbackText=false, reference=null, credits=0.0, positive=false, type=AUTOMATIC, visibility=ALWAYS, testCase=TestCaseDTO[testName=null, id=38]], FeedbackDTO[id=103, text=null, detailText=The exercise expects a class with the name Context in the package testpackage. You did not implement the class in the exercise., hasLongFeedbackText=false, reference=null, credits=0.0, positive=false, type=AUTOMATIC, visibility=ALWAYS, testCase=TestCaseDTO[testName=null, id=34]], FeedbackDTO[id=104, text=null, detailText=The exercise expects a class with the name Policy in the package testpackage. You did not implement the class in the exercise., hasLongFeedbackText=false, reference=null, credits=0.0, positive=false, type=AUTOMATIC, visibility=ALWAYS, testCase=TestCaseDTO[testName=null, id=35]], FeedbackDTO[id=105, text=null, detailText=null, hasLongFeedbackText=false, reference=null, credits=3.230769230769231, positive=true, type=AUTOMATIC, visibility=ALWAYS, testCase=TestCaseDTO[testName=null, id=45]]], assessmentType=AUTOMATIC, hasComplaint=null, exampleResult=null, testCaseCount=13, passedTestCaseCount=1, codeIssueCount=0]], BuildJobQueueItem[id=4741739576577297, name=SHORT88A9A223023E2047B709E4A029FA08BCF2CFTSTEXC-LOCALCIINTSTUDENT1, buildAgent=BuildAgentDTO[name=artemis-build-agent-test, memberAddress=[127.0.0.1]:5703, displayName=artemis-build-agent-test], participationId=474, courseId=151, exerciseId=302, retryCount=0, priority=2, status=SUCCESSFUL, repositoryInfo=RepositoryInfo[repositoryName=short88a9a223023e2047b709e4a029fa08bcf2cftstexc-localciintstudent1, repositoryType=user, triggeredByPushTo=user, assignmentRepositoryUri=http://localhost:49152/git/SHORT88A9A223023E2047B709E4A029FA08BCF2CFTSTEXC/short88a9a223023e2047b709e4a029fa08bcf2cftstexc-localciintstudent1.git, testRepositoryUri=http://localhost:49152/git/SHORT88A9A223023E2047B709E4A029FA08BCF2CFTSTEXC/short88a9a223023e2047b709e4a029fa08bcf2cftstexc-tests.git, solutionRepositoryUri=null, auxiliaryRepositoryUris=[Ljava.lang.String;@16ba6311, auxiliaryRepositoryCheckoutDirectories=[Ljava.lang.String;@58e31d73], jobTimingInfo=JobTimingInfo[submissionDate=2025-02-14T23:42:57.297342281Z[Etc/UTC], buildStartDate=2025-02-14T23:42:57.308570327Z[Etc/UTC], buildCompletionDate=2025-02-14T23:42:59.047616654Z[Etc/UTC], estimatedCompletionDate=2025-02-14T23:43:16.308558064Z[Etc/UTC], estimatedDuration=19], buildConfig=BuildConfig[buildScript=#!/bin/bash
cd /var/tmp/testing-dir
chmod +x ./gradlew
./gradlew clean test
, dockerImage=dummy-docker-image:latest, commitHashToBuild=736cbea1e46d6849b41266b2bf1cccd3b9ea55b1, assignmentCommitHash=736cbea1e46d6849b41266b2bf1cccd3b9ea55b1, testCommitHash=ea6267edd396a304305339b036512b63e0374c66, branch=main, programmingLanguage=JAVA, projectType=PLAIN_GRADLE, scaEnabled=false, sequentialTestRunsEnabled=false, resultPaths=[/var/tmp/testing-dir/**/test-results/test/*.xml], timeoutSeconds=0, assignmentCheckoutPath=null, testCheckoutPath=null, solutionCheckoutPath=null, dockerRunConfig=null], submissionResult=ResultDTO[id=135, completionDate=2025-02-14T23:42:59.014168821Z[Etc/UTC], successful=false, score=7.7, rated=true, submission=SubmissionDTO[id=123, submitted=true, type=MANUAL, exampleSubmission=null, submissionDate=2025-02-14T23:42:57.278471Z, commitHash=736cbea1e46d6849b41266b2bf1cccd3b9ea55b1, buildFailed=false, buildArtifact=false, participation=ParticipationDTO[id=474, testRun=false, type=programming, submissionCount=null, exercise=ParticipationExerciseDTO[id=302, exerciseType=PROGRAMMING, type=programming, assessmentType=AUTOMATIC, dueDate=2025-02-16T23:42:56.796251Z, assessmentDueDate=null, maxPoints=42.0, course=CourseDTO[id=151, accuracyOfScores=1]]], submissionExerciseType=programming, isProcessing=false, buildStartDate=null, estimatedCompletionDate=null], participation=ParticipationDTO[id=474, testRun=false, type=programming, submissionCount=null, exercise=ParticipationExerciseDTO[id=302, exerciseType=PROGRAMMING, type=programming, assessmentType=AUTOMATIC, dueDate=2025-02-16T23:42:56.796251Z, assessmentDueDate=null, maxPoints=42.0, course=CourseDTO[id=151, accuracyOfScores=1]]], feedbacks=[FeedbackDTO[id=106, text=null, detailText=The exercise expects a class with the name Context in the package testpackage. You did not implement the class in the exercise., hasLongFeedbackText=false, reference=null, credits=0.0, positive=false, type=AUTOMATIC, visibility=ALWAYS, testCase=TestCaseDTO[testName=null, id=65]], FeedbackDTO[id=107, text=null, detailText=The exercise expects a class with the name Policy in the package testpackage. You did not implement the class in the exercise., hasLongFeedbackText=false, reference=null, credits=0.0, positive=false, type=AUTOMATIC, visibility=ALWAYS, testCase=TestCaseDTO[testName=null, id=66]], FeedbackDTO[id=108, text=null, detailText=The exercise expects a class with the name SortStrategy in the package testpackage. You did not implement the class in the exercise., hasLongFeedbackText=false, reference=null, credits=0.0, positive=false, type=AUTOMATIC, visibility=ALWAYS, testCase=TestCaseDTO[testName=null, id=67]], FeedbackDTO[id=109, text=null, detailText=The class 'MergeSort' does not implement the interface 'SortStrategy' as expected. Implement the interface and its methods., hasLongFeedbackText=false, reference=null, credits=0.0, positive=false, type=AUTOMATIC, visibility=ALWAYS, testCase=TestCaseDTO[testName=null, id=62]], FeedbackDTO[id=110, text=null, detailText=The exercise expects a class with the name SortStrategy in the package testpackage. You did not implement the class in the exercise., hasLongFeedbackText=false, reference=null, credits=0.0, positive=false, type=AUTOMATIC, visibility=ALWAYS, testCase=TestCaseDTO[testName=null, id=59]], FeedbackDTO[id=111, text=null, detailText=The class 'BubbleSort' does not implement the interface 'SortStrategy' as expected. Implement the interface and its methods., hasLongFeedbackText=false, reference=null, credits=0.0, positive=false, type=AUTOMATIC, visibility=ALWAYS, testCase=TestCaseDTO[testName=null, id=63]], FeedbackDTO[id=112, text=null, detailText=MergeSort does not sort correctly, hasLongFeedbackText=false, reference=null, credits=0.0, positive=false, type=AUTOMATIC, visibility=ALWAYS, testCase=TestCaseDTO[testName=null, id=68]], FeedbackDTO[id=113, text=null, detailText=The class 'Context' was not found within the submission. Make sure to implement it properly., hasLongFeedbackText=false, reference=null, credits=0.0, positive=false, type=AUTOMATIC, visibility=ALWAYS, testCase=TestCaseDTO[testName=null, id=69]], FeedbackDTO[id=114, text=null, detailText=The class 'Context' was not found within the submission. Make sure to implement it properly., hasLongFeedbackText=false, reference=null, credits=0.0, positive=false, type=AUTOMATIC, visibility=ALWAYS, testCase=TestCaseDTO[testName=null, id=70]], FeedbackDTO[id=115, text=null, detailText=The exercise expects a class with the name Policy in the package testpackage. You did not implement the class in the exercise., hasLongFeedbackText=false, reference=null, credits=0.0, positive=false, type=AUTOMATIC, visibility=ALWAYS, testCase=TestCaseDTO[testName=null, id=64]], FeedbackDTO[id=116, text=null, detailText=The exercise expects a class with the name Context in the package testpackage. You did not implement the class in the exercise., hasLongFeedbackText=false, reference=null, credits=0.0, positive=false, type=AUTOMATIC, visibility=ALWAYS, testCase=TestCaseDTO[testName=null, id=60]], FeedbackDTO[id=117, text=null, detailText=The exercise expects a class with the name Policy in the package testpackage. You did not implement the class in the exercise., hasLongFeedbackText=false, reference=null, credits=0.0, positive=false, type=AUTOMATIC, visibility=ALWAYS, testCase=TestCaseDTO[testName=null, id=61]], FeedbackDTO[id=118, text=null, detailText=null, hasLongFeedbackText=false, reference=null, credits=3.230769230769231, positive=true, type=AUTOMATIC, visibility=ALWAYS, testCase=TestCaseDTO[testName=null, id=71]]], assessmentType=AUTOMATIC, hasComplaint=null, exampleResult=null, testCaseCount=13, passedTestCaseCount=1, codeIssueCount=0]], BuildJobQueueItem[id=4771739576580898, name=SHORT51E611E30D6B60466F0B8BA0AA97F58888C2TSTEXC-LOCALCIINTSTUDENT1, buildAgent=BuildAgentDTO[name=artemis-build-agent-test, memberAddress=[127.0.0.1]:5703, displayName=artemis-build-agent-test], participationId=477, courseId=152, exerciseId=303, retryCount=0, priority=2, status=SUCCESSFUL, repositoryInfo=RepositoryInfo[repositoryName=short51e611e30d6b60466f0b8ba0aa97f58888c2tstexc-localciintstudent1, repositoryType=user, triggeredByPushTo=user, assignmentRepositoryUri=http://localhost:49152/git/SHORT51E611E30D6B60466F0B8BA0AA97F58888C2TSTEXC/short51e611e30d6b60466f0b8ba0aa97f58888c2tstexc-localciintstudent1.git, testRepositoryUri=http://localhost:49152/git/SHORT51E611E30D6B60466F0B8BA0AA97F58888C2TSTEXC/short51e611e30d6b60466f0b8ba0aa97f58888c2tstexc-tests.git, solutionRepositoryUri=null, auxiliaryRepositoryUris=[Ljava.lang.String;@378088b2, auxiliaryRepositoryCheckoutDirectories=[Ljava.lang.String;@20c1030c], jobTimingInfo=JobTimingInfo[submissionDate=2025-02-14T23:43:00.898532688Z[Etc/UTC], buildStartDate=2025-02-14T23:43:00.905733056Z[Etc/UTC], buildCompletionDate=2025-02-14T23:43:02.692768910Z[Etc/UTC], estimatedCompletionDate=2025-02-14T23:43:19.905720463Z[Etc/UTC], estimatedDuration=19], buildConfig=BuildConfig[buildScript=#!/bin/bash
cd /var/tmp/testing-dir
chmod +x ./gradlew
./gradlew clean test
, dockerImage=dummy-docker-image:latest, commitHashToBuild=8f3057cbd462f5e3de4e6ba85115f60d8dbb5aea, assignmentCommitHash=8f3057cbd462f5e3de4e6ba85115f60d8dbb5aea, testCommitHash=8f3057cbd462f5e3de4e6ba85115f60d8dbb5aea, branch=main, programmingLanguage=JAVA, projectType=PLAIN_GRADLE, scaEnabled=true, sequentialTestRunsEnabled=false, resultPaths=[/var/tmp/testing-dir/**/test-results/test/*.xml], timeoutSeconds=0, assignmentCheckoutPath=null, testCheckoutPath=null, solutionCheckoutPath=null, dockerRunConfig=null], submissionResult=ResultDTO[id=136, completionDate=2025-02-14T23:43:02.637820510Z[Etc/UTC], successful=false, score=7.7, rated=true, submission=SubmissionDTO[id=124, submitted=true, type=MANUAL, exampleSubmission=null, submissionDate=2025-02-14T23:43:00.886601Z, commitHash=8f3057cbd462f5e3de4e6ba85115f60d8dbb5aea, buildFailed=false, buildArtifact=false, participation=ParticipationDTO[id=477, testRun=false, type=programming, submissionCount=null, exercise=ParticipationExerciseDTO[id=303, exerciseType=PROGRAMMING, type=programming, assessmentType=AUTOMATIC, dueDate=2025-02-16T23:43:00.631824Z, assessmentDueDate=null, maxPoints=42.0, course=CourseDTO[id=152, accuracyOfScores=1]]], submissionExerciseType=programming, isProcessing=false, buildStartDate=null, estimatedCompletionDate=null], participation=ParticipationDTO[id=477, testRun=false, type=programming, submissionCount=null, exercise=ParticipationExerciseDTO[id=303, exerciseType=PROGRAMMING, type=programming, assessmentType=AUTOMATIC, dueDate=2025-02-16T23:43:00.631824Z, assessmentDueDate=null, maxPoints=42.0, course=CourseDTO[id=152, accuracyOfScores=1]]], feedbacks=[FeedbackDTO[id=119, text=null, detailText=The exercise expects a class with the name Context in the package testpackage. You did not implement the class in the exercise., hasLongFeedbackText=false, reference=null, credits=0.0, positive=false, type=AUTOMATIC, visibility=ALWAYS, testCase=TestCaseDTO[testName=null, id=78]], FeedbackDTO[id=120, text=null, detailText=The exercise expects a class with the name Policy in the package testpackage. You did not implement the class in the exercise., hasLongFeedbackText=false, reference=null, credits=0.0, positive=false, type=AUTOMATIC, visibility=ALWAYS, testCase=TestCaseDTO[testName=null, id=79]], FeedbackDTO[id=121, text=null, detailText=The exercise expects a class with the name SortStrategy in the package testpackage. You did not implement the class in the exercise., hasLongFeedbackText=false, reference=null, credits=0.0, positive=false, type=AUTOMATIC, visibility=ALWAYS, testCase=TestCaseDTO[testName=null, id=80]], FeedbackDTO[id=122, text=null, detailText=The class 'MergeSort' does not implement the interface 'SortStrategy' as expected. Implement the interface and its methods., hasLongFeedbackText=false, reference=null, credits=0.0, positive=false, type=AUTOMATIC, visibility=ALWAYS, testCase=TestCaseDTO[testName=null, id=75]], FeedbackDTO[id=123, text=null, detailText=The exercise expects a class with the name SortStrategy in the package testpackage. You did not implement the class in the exercise., hasLongFeedbackText=false, reference=null, credits=0.0, positive=false, type=AUTOMATIC, visibility=ALWAYS, testCase=TestCaseDTO[testName=null, id=72]], FeedbackDTO[id=124, text=null, detailText=The class 'BubbleSort' does not implement the interface 'SortStrategy' as expected. Implement the interface and its methods., hasLongFeedbackText=false, reference=null, credits=0.0, positive=false, type=AUTOMATIC, visibility=ALWAYS, testCase=TestCaseDTO[testName=null, id=76]], FeedbackDTO[id=125, text=null, detailText=MergeSort does not sort correctly, hasLongFeedbackText=false, reference=null, credits=0.0, positive=false, type=AUTOMATIC, visibility=ALWAYS, testCase=TestCaseDTO[testName=null, id=81]], FeedbackDTO[id=126, text=null, detailText=The class 'Context' was not found within the submission. Make sure to implement it properly., hasLongFeedbackText=false, reference=null, credits=0.0, positive=false, type=AUTOMATIC, visibility=ALWAYS, testCase=TestCaseDTO[testName=null, id=82]], FeedbackDTO[id=127, text=null, detailText=The class 'Context' was not found within the submission. Make sure to implement it properly., hasLongFeedbackText=false, reference=null, credits=0.0, positive=false, type=AUTOMATIC, visibility=ALWAYS, testCase=TestCaseDTO[testName=null, id=83]], FeedbackDTO[id=128, text=null, detailText=The exercise expects a class with the name Policy in the package testpackage. You did not implement the class in the exercise., hasLongFeedbackText=false, reference=null, credits=0.0, positive=false, type=AUTOMATIC, visibility=ALWAYS, testCase=TestCaseDTO[testName=null, id=77]], FeedbackDTO[id=129, text=null, detailText=The exercise expects a class with the name Context in the package testpackage. You did not implement the class in the exercise., hasLongFeedbackText=false, reference=null, credits=0.0, positive=false, type=AUTOMATIC, visibility=ALWAYS, testCase=TestCaseDTO[testName=null, id=73]], FeedbackDTO[id=130, text=null, detailText=The exercise expects a class with the name Policy in the package testpackage. You did not implement the class in the exercise., hasLongFeedbackText=false, reference=null, credits=0.0, positive=false, type=AUTOMATIC, visibility=ALWAYS, testCase=TestCaseDTO[testName=null, id=74]], FeedbackDTO[id=131, text=null, detailText=null, hasLongFeedbackText=false, reference=null, credits=3.230769230769231, positive=true, type=AUTOMATIC, visibility=ALWAYS, testCase=TestCaseDTO[testName=null, id=84]], FeedbackDTO[id=132, text=SCAFeedbackIdentifier:Bad Practice, detailText={"filePath":"src/code/Client.java","startLine":6,"endLine":6,"startColumn":1,"endColumn":26,"rule":"UnusedImports","category":"Best Practices","message":"Avoid unused imports such as 'javax.swing.JFrame'","priority":"4"}, hasLongFeedbackText=false, reference=PMD, credits=0.0, positive=false, type=AUTOMATIC, visibility=null, testCase=null], FeedbackDTO[id=133, text=SCAFeedbackIdentifier:Code Style, detailText={"filePath":"src/code/Client.java","startLine":7,"endLine":7,"startColumn":1,"endColumn":19,"rule":"DontImportJavaLang","category":"Code Style","message":"Avoid importing anything from the package java.lang","priority":"4"}, hasLongFeedbackText=false, reference=PMD, credits=0.0, positive=false, type=AUTOMATIC, visibility=null, testCase=null], FeedbackDTO[id=134, text=SCAFeedbackIdentifier:Bad Practice, detailText={"filePath":"src/code/Client.java","startLine":7,"endLine":7,"startColumn":1,"endColumn":19,"rule":"UnusedImports","category":"Best Practices","message":"Avoid unused imports such as 'java.lang'","priority":"4"}, hasLongFeedbackText=false, reference=PMD, credits=0.0, positive=false, type=AUTOMATIC, visibility=null, testCase=null], FeedbackDTO[id=135, text=SCAFeedbackIdentifier:Bad Practice, detailText={"filePath":"src/code/Client.java","startLine":73,"endLine":73,"startColumn":18,"endColumn":27,"rule":"UnusedLocalVariable","category":"Best Practices","message":"Avoid unused local variables such as 'randomDate'.","priority":"3"}, hasLongFeedbackText=false, reference=PMD, credits=0.0, positive=false, type=AUTOMATIC, visibility=null, testCase=null], FeedbackDTO[id=136, text=SCAFeedbackIdentifier:Bad Practice, detailText={"filePath":"src/code/Client.java","startLine":81,"endLine":81,"startColumn":31,"endColumn":53,"rule":"UnusedPrivateMethod","category":"Best Practices","message":"Avoid unused private methods such as 'CreateRandomDatesList()'.","priority":"3"}, hasLongFeedbackText=false, reference=PMD, credits=0.0, positive=false, type=AUTOMATIC, visibility=null, testCase=null], FeedbackDTO[id=137, text=SCAFeedbackIdentifier:Potential Bugs, detailText={"filePath":"src/code/Client.java","startLine":94,"endLine":94,"startColumn":9,"endColumn":9,"rule":"EmptyStatementNotInLoop","category":"Error Prone","message":"An empty statement (semicolon) not part of a loop","priority":"3"}, hasLongFeedbackText=false, reference=PMD, credits=0.0, positive=false, type=AUTOMATIC, visibility=null, testCase=null], FeedbackDTO[id=138, text=SCAFeedbackIdentifier:Potential Bugs, detailText={"filePath":"src/code/Client.java","startLine":94,"endLine":94,"startColumn":10,"endColumn":10,"rule":"EmptyStatementNotInLoop","category":"Error Prone","message":"An empty statement (semicolon) not part of a loop","priority":"3"}, hasLongFeedbackText=false, reference=PMD, credits=0.0, positive=false, type=AUTOMATIC, visibility=null, testCase=null], FeedbackDTO[id=139, text=SCAFeedbackIdentifier:Potential Bugs, detailText={"filePath":"src/code/Client.java","startLine":94,"endLine":94,"startColumn":11,"endColumn":11,"rule":"EmptyStatementNotInLoop","category":"Error Prone","message":"An empty statement (semicolon) not part of a loop","priority":"3"}, hasLongFeedbackText=false, reference=PMD, credits=0.0, positive=false, type=AUTOMATIC, visibility=null, testCase=null], FeedbackDTO[id=140, text=SCAFeedbackIdentifier:Code Style, detailText={"filePath":"src/code/Client.java","startLine":73,"endLine":73,"rule":"DLS_DEAD_LOCAL_STORE","category":"STYLE","message":"Dead store to randomDate in code.Client.createRandomDatesList()","priority":"2"}, hasLongFeedbackText=false, reference=SPOTBUGS, credits=0.0, positive=false, type=AUTOMATIC, visibility=null, testCase=null], FeedbackDTO[id=141, text=SCAFeedbackIdentifier:Bad Practice, detailText={"filePath":"src/code/Client.java","startLine":82,"endLine":95,"rule":"NM_METHOD_NAMING_CONVENTION","category":"BAD_PRACTICE","message":"The method name code.Client.CreateRandomDatesList() doesn't start with a lower case letter","priority":"3"}, hasLongFeedbackText=false, reference=SPOTBUGS, credits=0.0, positive=false, type=AUTOMATIC, visibility=null, testCase=null], FeedbackDTO[id=142, text=SCAFeedbackIdentifier:Performance, detailText={"filePath":"src/code/Client.java","startLine":82,"endLine":95,"rule":"UPM_UNCALLED_PRIVATE_METHOD","category":"PERFORMANCE","message":"Private method code.Client.CreateRandomDatesList() is never called","priority":"2"}, hasLongFeedbackText=false, reference=SPOTBUGS, credits=0.0, positive=false, type=AUTOMATIC, visibility=null, testCase=null], FeedbackDTO[id=143, text=SCAFeedbackIdentifier:Code Style, detailText={"filePath":"src/code/Client.java","startLine":70,"endLine":70,"startColumn":9,"endColumn":9,"rule":"NeedBracesCheck","category":"blocks","message":"'for' construct must use '{}'s.","priority":"error"}, hasLongFeedbackText=false, reference=CHECKSTYLE, credits=0.0, positive=false, type=AUTOMATIC, visibility=null, testCase=null], FeedbackDTO[id=144, text=SCAFeedbackIdentifier:Code Style, detailText={"filePath":"src/code/Client.java","startLine":93,"endLine":93,"startColumn":9,"endColumn":9,"rule":"EmptyStatementCheck","category":"coding","message":"Empty statement.","priority":"error"}, hasLongFeedbackText=false, reference=CHECKSTYLE, credits=0.0, positive=false, type=AUTOMATIC, visibility=null, testCase=null], FeedbackDTO[id=145, text=SCAFeedbackIdentifier:Code Style, detailText={"filePath":"src/code/Client.java","startLine":93,"endLine":93,"startColumn":10,"endColumn":10,"rule":"EmptyStatementCheck","category":"coding","message":"Empty statement.","priority":"error"}, hasLongFeedbackText=false, reference=CHECKSTYLE, credits=0.0, positive=false, type=AUTOMATIC, visibility=null, testCase=null], FeedbackDTO[id=146, text=SCAFeedbackIdentifier:Code Style, detailText={"filePath":"src/code/Client.java","startLine":93,"endLine":93,"startColumn":11,"endColumn":11,"rule":"EmptyStatementCheck","category":"coding","message":"Empty statement.","priority":"error"}, hasLongFeedbackText=false, reference=CHECKSTYLE, credits=0.0, positive=false, type=AUTOMATIC, visibility=null, testCase=null]], assessmentType=AUTOMATIC, hasComplaint=null, exampleResult=null, testCaseCount=13, passedTestCaseCount=1, codeIssueCount=15]]], publicSshKey=ssh-rsa AAAAB3NzaC1yc2EAAAADAQABAAACAQCOPdMsxRE2jFJ/UEa5/LsBxtwzJcrh3/rYBCQvcMeVpiRfhzQPWu7mrt/G2Ew+i+vRloGH9aqKg6dd1liRncao53Zmd/ePxoatXePNhmzTfkCkcSkTUz7B+QMjkoDDV5jwuFPD6mF3JkhuzSi64n9Zy905t4w2IhVcjM2mL3eYNjiCXt6Qpq3Pkt7dM/Ksw1nxnvuiIALuJLB3FTkXkHqq3PJav+9HSq2r6ZaWgekneaGxlQlb+U+Vy3XOuArKAzK8c8i+0bR+AHiTG6ncYXt7ax3U+TdlDTF7OLP3umwaYjs1NBXOHwG42pevvpKn2fqavZZozk+M05jXLx3bq0O7itxfErWc7etky8qYPyyIMF/txQIVLd78+Ze4d7Y60t5MGbXM5cGE6fFif5fEJwgswXD+BrG0cafz1CTatjSKFdvp8Vp4VszXhHDan1PrP6JEFJ5Cc5GDmLRZPCFa3vL9f5qXgf4bkqKN8MYeEujwJE5nMRWoiJVNakix2bcrrneQMBlnYeYZVWXXXUusAQBzl4NgddC1umZpihZkL1b1MffZAUW3EGEXi7KHnllQhkTLLsQ8ntMgbylqaJKStqaXlLvdeRJcEnUuiFCrHEVVbXRFZR7XVDZ02CE5o3MuaRPty8Kh+jRTF3COlAckHwYEJCNNJvXFgb2CNXL4mjzYDw== test@localhost]
    23:43:02.848 | 566 localvc.event-13 | DEBUG | s.l.LocalCIWebsocketMessagingService : Sending message on topic /topic/admin/build-agents: [BuildAgentInformation[buildAgent=BuildAgentDTO[name=artemis-build-agent-test, memberAddress=[127.0.0.1]:5703, displayName=artemis-build-agent-test], maxNumberOfConcurrentBuildJobs=1, numberOfCurrentBuildJobs=0, runningBuildJobs=[], status=IDLE, recentBuildJobs=null, publicSshKey=null]]
    23:43:02.850 | 566 localvc.event-13 | DEBUG | s.l.LocalCIWebsocketMessagingService : Sending message on topic /topic/admin/build-agent/artemis-build-agent-test: BuildAgentInformation[buildAgent=BuildAgentDTO[name=artemis-build-agent-test, memberAddress=[127.0.0.1]:5703, displayName=artemis-build-agent-test], maxNumberOfConcurrentBuildJobs=1, numberOfCurrentBuildJobs=0, runningBuildJobs=[], status=IDLE, recentBuildJobs=[BuildJobQueueItem[id=4621739576562326, name=SHORT43ACF76B02BC1044B80938509D14043FABDETSTEXC-LOCALCIINTSTUDENT1, buildAgent=BuildAgentDTO[name=artemis-build-agent-test, memberAddress=[127.0.0.1]:5703, displayName=artemis-build-agent-test], participationId=462, courseId=147, exerciseId=298, retryCount=0, priority=2, status=SUCCESSFUL, repositoryInfo=RepositoryInfo[repositoryName=short43acf76b02bc1044b80938509d14043fabdetstexc-localciintstudent1, repositoryType=user, triggeredByPushTo=user, assignmentRepositoryUri=http://localhost:49152/git/SHORT43ACF76B02BC1044B80938509D14043FABDETSTEXC/short43acf76b02bc1044b80938509d14043fabdetstexc-localciintstudent1.git, testRepositoryUri=http://localhost:49152/git/SHORT43ACF76B02BC1044B80938509D14043FABDETSTEXC/short43acf76b02bc1044b80938509d14043fabdetstexc-tests.git, solutionRepositoryUri=null, auxiliaryRepositoryUris=[Ljava.lang.String;@169806bb, auxiliaryRepositoryCheckoutDirectories=[Ljava.lang.String;@3ee9ae07], jobTimingInfo=JobTimingInfo[submissionDate=2025-02-14T23:42:42.326978596Z[Etc/UTC], buildStartDate=2025-02-14T23:42:42.420147010Z[Etc/UTC], buildCompletionDate=2025-02-14T23:42:45.573855829Z[Etc/UTC], estimatedCompletionDate=2025-02-14T23:43:01.420129377Z[Etc/UTC], estimatedDuration=19], buildConfig=BuildConfig[buildScript=#!/bin/bash
cd /var/tmp/testing-dir
chmod +x ./gradlew
./gradlew clean test
, dockerImage=dummy-docker-image:latest, commitHashToBuild=a9c717ccf7bcbe9531d3eee21dbaeb5aab2ff971, assignmentCommitHash=a9c717ccf7bcbe9531d3eee21dbaeb5aab2ff971, testCommitHash=a9c717ccf7bcbe9531d3eee21dbaeb5aab2ff971, branch=main, programmingLanguage=JAVA, projectType=PLAIN_GRADLE, scaEnabled=false, sequentialTestRunsEnabled=false, resultPaths=[/var/tmp/testing-dir/**/test-results/test/*.xml], timeoutSeconds=0, assignmentCheckoutPath=null, testCheckoutPath=null, solutionCheckoutPath=null, dockerRunConfig=DockerRunConfig[isNetworkDisabled=true, env=[key=value]]], submissionResult=ResultDTO[id=132, completionDate=2025-02-14T23:42:45.519869118Z[Etc/UTC], successful=false, score=7.7, rated=true, submission=SubmissionDTO[id=119, submitted=true, type=MANUAL, exampleSubmission=null, submissionDate=2025-02-14T23:42:42.302762Z, commitHash=a9c717ccf7bcbe9531d3eee21dbaeb5aab2ff971, buildFailed=false, buildArtifact=false, participation=ParticipationDTO[id=462, testRun=false, type=programming, submissionCount=null, exercise=ParticipationExerciseDTO[id=298, exerciseType=PROGRAMMING, type=programming, assessmentType=AUTOMATIC, dueDate=2025-02-16T23:42:41.553955Z, assessmentDueDate=null, maxPoints=42.0, course=CourseDTO[id=147, accuracyOfScores=1]]], submissionExerciseType=programming, isProcessing=false, buildStartDate=null, estimatedCompletionDate=null], participation=ParticipationDTO[id=462, testRun=false, type=programming, submissionCount=null, exercise=ParticipationExerciseDTO[id=298, exerciseType=PROGRAMMING, type=programming, assessmentType=AUTOMATIC, dueDate=2025-02-16T23:42:41.553955Z, assessmentDueDate=null, maxPoints=42.0, course=CourseDTO[id=147, accuracyOfScores=1]]], feedbacks=[FeedbackDTO[id=67, text=null, detailText=The exercise expects a class with the name Context in the package testpackage. You did not implement the class in the exercise., hasLongFeedbackText=false, reference=null, credits=0.0, positive=false, type=AUTOMATIC, visibility=ALWAYS, testCase=TestCaseDTO[testName=null, id=13]], FeedbackDTO[id=68, text=null, detailText=The exercise expects a class with the name Policy in the package testpackage. You did not implement the class in the exercise., hasLongFeedbackText=false, reference=null, credits=0.0, positive=false, type=AUTOMATIC, visibility=ALWAYS, testCase=TestCaseDTO[testName=null, id=14]], FeedbackDTO[id=69, text=null, detailText=The exercise expects a class with the name SortStrategy in the package testpackage. You did not implement the class in the exercise., hasLongFeedbackText=false, reference=null, credits=0.0, positive=false, type=AUTOMATIC, visibility=ALWAYS, testCase=TestCaseDTO[testName=null, id=15]], FeedbackDTO[id=70, text=null, detailText=The class 'MergeSort' does not implement the interface 'SortStrategy' as expected. Implement the interface and its methods., hasLongFeedbackText=false, reference=null, credits=0.0, positive=false, type=AUTOMATIC, visibility=ALWAYS, testCase=TestCaseDTO[testName=null, id=10]], FeedbackDTO[id=71, text=null, detailText=The exercise expects a class with the name SortStrategy in the package testpackage. You did not implement the class in the exercise., hasLongFeedbackText=false, reference=null, credits=0.0, positive=false, type=AUTOMATIC, visibility=ALWAYS, testCase=TestCaseDTO[testName=null, id=7]], FeedbackDTO[id=72, text=null, detailText=The class 'BubbleSort' does not implement the interface 'SortStrategy' as expected. Implement the interface and its methods., hasLongFeedbackText=false, reference=null, credits=0.0, positive=false, type=AUTOMATIC, visibility=ALWAYS, testCase=TestCaseDTO[testName=null, id=11]], FeedbackDTO[id=73, text=null, detailText=MergeSort does not sort correctly, hasLongFeedbackText=false, reference=null, credits=0.0, positive=false, type=AUTOMATIC, visibility=ALWAYS, testCase=TestCaseDTO[testName=null, id=16]], FeedbackDTO[id=74, text=null, detailText=The class 'Context' was not found within the submission. Make sure to implement it properly., hasLongFeedbackText=false, reference=null, credits=0.0, positive=false, type=AUTOMATIC, visibility=ALWAYS, testCase=TestCaseDTO[testName=null, id=17]], FeedbackDTO[id=75, text=null, detailText=The class 'Context' was not found within the submission. Make sure to implement it properly., hasLongFeedbackText=false, reference=null, credits=0.0, positive=false, type=AUTOMATIC, visibility=ALWAYS, testCase=TestCaseDTO[testName=null, id=18]], FeedbackDTO[id=76, text=null, detailText=The exercise expects a class with the name Policy in the package testpackage. You did not implement the class in the exercise., hasLongFeedbackText=false, reference=null, credits=0.0, positive=false, type=AUTOMATIC, visibility=ALWAYS, testCase=TestCaseDTO[testName=null, id=12]], FeedbackDTO[id=77, text=null, detailText=The exercise expects a class with the name Context in the package testpackage. You did not implement the class in the exercise., hasLongFeedbackText=false, reference=null, credits=0.0, positive=false, type=AUTOMATIC, visibility=ALWAYS, testCase=TestCaseDTO[testName=null, id=8]], FeedbackDTO[id=78, text=null, detailText=The exercise expects a class with the name Policy in the package testpackage. You did not implement the class in the exercise., hasLongFeedbackText=false, reference=null, credits=0.0, positive=false, type=AUTOMATIC, visibility=ALWAYS, testCase=TestCaseDTO[testName=null, id=9]], FeedbackDTO[id=79, text=null, detailText=null, hasLongFeedbackText=false, reference=null, credits=3.230769230769231, positive=true, type=AUTOMATIC, visibility=ALWAYS, testCase=TestCaseDTO[testName=null, id=19]]], assessmentType=AUTOMATIC, hasComplaint=null, exampleResult=null, testCaseCount=13, passedTestCaseCount=1, codeIssueCount=0]], BuildJobQueueItem[id=4651739576569330, name=SHORTB06DD3F905F4604F6E085260D83ED657A6DFTSTEXC-LOCALCIINTSTUDENT1, buildAgent=BuildAgentDTO[name=artemis-build-agent-test, memberAddress=[127.0.0.1]:5703, displayName=artemis-build-agent-test], participationId=465, courseId=148, exerciseId=299, retryCount=0, priority=2, status=SUCCESSFUL, repositoryInfo=RepositoryInfo[repositoryName=shortb06dd3f905f4604f6e085260d83ed657a6dftstexc-localciintstudent1, repositoryType=user, triggeredByPushTo=user, assignmentRepositoryUri=http://localhost:49152/git/SHORTB06DD3F905F4604F6E085260D83ED657A6DFTSTEXC/shortb06dd3f905f4604f6e085260d83ed657a6dftstexc-localciintstudent1.git, testRepositoryUri=http://localhost:49152/git/SHORTB06DD3F905F4604F6E085260D83ED657A6DFTSTEXC/shortb06dd3f905f4604f6e085260d83ed657a6dftstexc-tests.git, solutionRepositoryUri=null, auxiliaryRepositoryUris=[Ljava.lang.String;@69ef561a, auxiliaryRepositoryCheckoutDirectories=[Ljava.lang.String;@3a2f77b4], jobTimingInfo=JobTimingInfo[submissionDate=2025-02-14T23:42:49.330093960Z[Etc/UTC], buildStartDate=2025-02-14T23:42:49.347797345Z[Etc/UTC], buildCompletionDate=2025-02-14T23:42:51.204319751Z[Etc/UTC], estimatedCompletionDate=2025-02-14T23:43:08.347788449Z[Etc/UTC], estimatedDuration=19], buildConfig=BuildConfig[buildScript=#!/bin/bash
cd /var/tmp/testing-dir
chmod +x ./gradlew
./gradlew clean test
, dockerImage=dummy-docker-image:latest, commitHashToBuild=41581fff25954d36cf07586926ee0c77d1003131, assignmentCommitHash=41581fff25954d36cf07586926ee0c77d1003131, testCommitHash=41581fff25954d36cf07586926ee0c77d1003131, branch=main, programmingLanguage=JAVA, projectType=PLAIN_GRADLE, scaEnabled=false, sequentialTestRunsEnabled=false, resultPaths=[/var/tmp/testing-dir/**/test-results/test/*.xml], timeoutSeconds=0, assignmentCheckoutPath=null, testCheckoutPath=null, solutionCheckoutPath=null, dockerRunConfig=null], submissionResult=ResultDTO[id=133, completionDate=2025-02-14T23:42:51.155372920Z[Etc/UTC], successful=false, score=7.7, rated=true, submission=SubmissionDTO[id=120, submitted=true, type=MANUAL, exampleSubmission=null, submissionDate=2025-02-14T23:42:49.321855Z, commitHash=41581fff25954d36cf07586926ee0c77d1003131, buildFailed=false, buildArtifact=false, participation=ParticipationDTO[id=465, testRun=false, type=programming, submissionCount=null, exercise=ParticipationExerciseDTO[id=299, exerciseType=PROGRAMMING, type=programming, assessmentType=AUTOMATIC, dueDate=2025-02-16T23:42:49.163661Z, assessmentDueDate=null, maxPoints=42.0, course=CourseDTO[id=148, accuracyOfScores=1]]], submissionExerciseType=programming, isProcessing=false, buildStartDate=null, estimatedCompletionDate=null], participation=ParticipationDTO[id=465, testRun=false, type=programming, submissionCount=null, exercise=ParticipationExerciseDTO[id=299, exerciseType=PROGRAMMING, type=programming, assessmentType=AUTOMATIC, dueDate=2025-02-16T23:42:49.163661Z, assessmentDueDate=null, maxPoints=42.0, course=CourseDTO[id=148, accuracyOfScores=1]]], feedbacks=[FeedbackDTO[id=80, text=null, detailText=The exercise expects a class with the name Context in the package testpackage. You did not implement the class in the exercise., hasLongFeedbackText=false, reference=null, credits=0.0, positive=false, type=AUTOMATIC, visibility=ALWAYS, testCase=TestCaseDTO[testName=null, id=26]], FeedbackDTO[id=81, text=null, detailText=The exercise expects a class with the name Policy in the package testpackage. You did not implement the class in the exercise., hasLongFeedbackText=false, reference=null, credits=0.0, positive=false, type=AUTOMATIC, visibility=ALWAYS, testCase=TestCaseDTO[testName=null, id=27]], FeedbackDTO[id=82, text=null, detailText=The exercise expects a class with the name SortStrategy in the package testpackage. You did not implement the class in the exercise., hasLongFeedbackText=false, reference=null, credits=0.0, positive=false, type=AUTOMATIC, visibility=ALWAYS, testCase=TestCaseDTO[testName=null, id=28]], FeedbackDTO[id=83, text=null, detailText=The class 'MergeSort' does not implement the interface 'SortStrategy' as expected. Implement the interface and its methods., hasLongFeedbackText=false, reference=null, credits=0.0, positive=false, type=AUTOMATIC, visibility=ALWAYS, testCase=TestCaseDTO[testName=null, id=23]], FeedbackDTO[id=84, text=null, detailText=The exercise expects a class with the name SortStrategy in the package testpackage. You did not implement the class in the exercise., hasLongFeedbackText=false, reference=null, credits=0.0, positive=false, type=AUTOMATIC, visibility=ALWAYS, testCase=TestCaseDTO[testName=null, id=20]], FeedbackDTO[id=85, text=null, detailText=The class 'BubbleSort' does not implement the interface 'SortStrategy' as expected. Implement the interface and its methods., hasLongFeedbackText=false, reference=null, credits=0.0, positive=false, type=AUTOMATIC, visibility=ALWAYS, testCase=TestCaseDTO[testName=null, id=24]], FeedbackDTO[id=86, text=null, detailText=MergeSort does not sort correctly, hasLongFeedbackText=false, reference=null, credits=0.0, positive=false, type=AUTOMATIC, visibility=ALWAYS, testCase=TestCaseDTO[testName=null, id=29]], FeedbackDTO[id=87, text=null, detailText=The class 'Context' was not found within the submission. Make sure to implement it properly., hasLongFeedbackText=false, reference=null, credits=0.0, positive=false, type=AUTOMATIC, visibility=ALWAYS, testCase=TestCaseDTO[testName=null, id=30]], FeedbackDTO[id=88, text=null, detailText=The class 'Context' was not found within the submission. Make sure to implement it properly., hasLongFeedbackText=false, reference=null, credits=0.0, positive=false, type=AUTOMATIC, visibility=ALWAYS, testCase=TestCaseDTO[testName=null, id=31]], FeedbackDTO[id=89, text=null, detailText=The exercise expects a class with the name Policy in the package testpackage. You did not implement the class in the exercise., hasLongFeedbackText=false, reference=null, credits=0.0, positive=false, type=AUTOMATIC, visibility=ALWAYS, testCase=TestCaseDTO[testName=null, id=25]], FeedbackDTO[id=90, text=null, detailText=The exercise expects a class with the name Context in the package testpackage. You did not implement the class in the exercise., hasLongFeedbackText=false, reference=null, credits=0.0, positive=false, type=AUTOMATIC, visibility=ALWAYS, testCase=TestCaseDTO[testName=null, id=21]], FeedbackDTO[id=91, text=null, detailText=The exercise expects a class with the name Policy in the package testpackage. You did not implement the class in the exercise., hasLongFeedbackText=false, reference=null, credits=0.0, positive=false, type=AUTOMATIC, visibility=ALWAYS, testCase=TestCaseDTO[testName=null, id=22]], FeedbackDTO[id=92, text=null, detailText=null, hasLongFeedbackText=false, reference=null, credits=3.230769230769231, positive=true, type=AUTOMATIC, visibility=ALWAYS, testCase=TestCaseDTO[testName=null, id=32]]], assessmentType=AUTOMATIC, hasComplaint=null, exampleResult=null, testCaseCount=13, passedTestCaseCount=1, codeIssueCount=0]], BuildJobQueueItem[id=4681739576573068, name=SHORTBCF65534040390488B0A46605F5F3776B89ATSTEXC-LOCALCIINTSTUDENT1, buildAgent=BuildAgentDTO[name=artemis-build-agent-test, memberAddress=[127.0.0.1]:5703, displayName=artemis-build-agent-test], participationId=468, courseId=149, exerciseId=300, retryCount=0, priority=2, status=SUCCESSFUL, repositoryInfo=RepositoryInfo[repositoryName=shortbcf65534040390488b0a46605f5f3776b89atstexc-localciintstudent1, repositoryType=user, triggeredByPushTo=user, assignmentRepositoryUri=http://localhost:49152/git/SHORTBCF65534040390488B0A46605F5F3776B89ATSTEXC/shortbcf65534040390488b0a46605f5f3776b89atstexc-localciintstudent1.git, testRepositoryUri=http://localhost:49152/git/SHORTBCF65534040390488B0A46605F5F3776B89ATSTEXC/shortbcf65534040390488b0a46605f5f3776b89atstexc-tests.git, solutionRepositoryUri=null, auxiliaryRepositoryUris=[Ljava.lang.String;@6cd40394, auxiliaryRepositoryCheckoutDirectories=[Ljava.lang.String;@1f3e019f], jobTimingInfo=JobTimingInfo[submissionDate=2025-02-14T23:42:53.068019209Z[Etc/UTC], buildStartDate=2025-02-14T23:42:53.092867394Z[Etc/UTC], buildCompletionDate=2025-02-14T23:42:55.086950323Z[Etc/UTC], estimatedCompletionDate=2025-02-14T23:43:12.092858828Z[Etc/UTC], estimatedDuration=19], buildConfig=BuildConfig[buildScript=#!/bin/bash
cd /var/tmp/testing-dir
chmod +x ./gradlew
./gradlew clean test
, dockerImage=dummy-docker-image:latest, commitHashToBuild=2d5c0482fc77d3f5ec0841962528a43054e83170, assignmentCommitHash=2d5c0482fc77d3f5ec0841962528a43054e83170, testCommitHash=7477e25d56ce5fee2c938542a7e7ed4ed085d373, branch=main, programmingLanguage=JAVA, projectType=PLAIN_GRADLE, scaEnabled=false, sequentialTestRunsEnabled=false, resultPaths=[/var/tmp/testing-dir/**/test-results/test/*.xml], timeoutSeconds=0, assignmentCheckoutPath=null, testCheckoutPath=null, solutionCheckoutPath=null, dockerRunConfig=null], submissionResult=ResultDTO[id=134, completionDate=2025-02-14T23:42:55.059618627Z[Etc/UTC], successful=false, score=7.7, rated=true, submission=SubmissionDTO[id=121, submitted=true, type=MANUAL, exampleSubmission=null, submissionDate=2025-02-14T23:42:53.048221Z, commitHash=2d5c0482fc77d3f5ec0841962528a43054e83170, buildFailed=false, buildArtifact=false, participation=ParticipationDTO[id=468, testRun=false, type=programming, submissionCount=null, exercise=ParticipationExerciseDTO[id=300, exerciseType=PROGRAMMING, type=programming, assessmentType=AUTOMATIC, dueDate=2025-02-16T23:42:52.873722Z, assessmentDueDate=null, maxPoints=42.0, course=CourseDTO[id=149, accuracyOfScores=1]]], submissionExerciseType=programming, isProcessing=false, buildStartDate=null, estimatedCompletionDate=null], participation=ParticipationDTO[id=468, testRun=false, type=programming, submissionCount=null, exercise=ParticipationExerciseDTO[id=300, exerciseType=PROGRAMMING, type=programming, assessmentType=AUTOMATIC, dueDate=2025-02-16T23:42:52.873722Z, assessmentDueDate=null, maxPoints=42.0, course=CourseDTO[id=149, accuracyOfScores=1]]], feedbacks=[FeedbackDTO[id=93, text=null, detailText=The exercise expects a class with the name Context in the package testpackage. You did not implement the class in the exercise., hasLongFeedbackText=false, reference=null, credits=0.0, positive=false, type=AUTOMATIC, visibility=ALWAYS, testCase=TestCaseDTO[testName=null, id=39]], FeedbackDTO[id=94, text=null, detailText=The exercise expects a class with the name Policy in the package testpackage. You did not implement the class in the exercise., hasLongFeedbackText=false, reference=null, credits=0.0, positive=false, type=AUTOMATIC, visibility=ALWAYS, testCase=TestCaseDTO[testName=null, id=40]], FeedbackDTO[id=95, text=null, detailText=The exercise expects a class with the name SortStrategy in the package testpackage. You did not implement the class in the exercise., hasLongFeedbackText=false, reference=null, credits=0.0, positive=false, type=AUTOMATIC, visibility=ALWAYS, testCase=TestCaseDTO[testName=null, id=41]], FeedbackDTO[id=96, text=null, detailText=The class 'MergeSort' does not implement the interface 'SortStrategy' as expected. Implement the interface and its methods., hasLongFeedbackText=false, reference=null, credits=0.0, positive=false, type=AUTOMATIC, visibility=ALWAYS, testCase=TestCaseDTO[testName=null, id=36]], FeedbackDTO[id=97, text=null, detailText=The exercise expects a class with the name SortStrategy in the package testpackage. You did not implement the class in the exercise., hasLongFeedbackText=false, reference=null, credits=0.0, positive=false, type=AUTOMATIC, visibility=ALWAYS, testCase=TestCaseDTO[testName=null, id=33]], FeedbackDTO[id=98, text=null, detailText=The class 'BubbleSort' does not implement the interface 'SortStrategy' as expected. Implement the interface and its methods., hasLongFeedbackText=false, reference=null, credits=0.0, positive=false, type=AUTOMATIC, visibility=ALWAYS, testCase=TestCaseDTO[testName=null, id=37]], FeedbackDTO[id=99, text=null, detailText=MergeSort does not sort correctly, hasLongFeedbackText=false, reference=null, credits=0.0, positive=false, type=AUTOMATIC, visibility=ALWAYS, testCase=TestCaseDTO[testName=null, id=42]], FeedbackDTO[id=100, text=null, detailText=The class 'Context' was not found within the submission. Make sure to implement it properly., hasLongFeedbackText=false, reference=null, credits=0.0, positive=false, type=AUTOMATIC, visibility=ALWAYS, testCase=TestCaseDTO[testName=null, id=43]], FeedbackDTO[id=101, text=null, detailText=The class 'Context' was not found within the submission. Make sure to implement it properly., hasLongFeedbackText=false, reference=null, credits=0.0, positive=false, type=AUTOMATIC, visibility=ALWAYS, testCase=TestCaseDTO[testName=null, id=44]], FeedbackDTO[id=102, text=null, detailText=The exercise expects a class with the name Policy in the package testpackage. You did not implement the class in the exercise., hasLongFeedbackText=false, reference=null, credits=0.0, positive=false, type=AUTOMATIC, visibility=ALWAYS, testCase=TestCaseDTO[testName=null, id=38]], FeedbackDTO[id=103, text=null, detailText=The exercise expects a class with the name Context in the package testpackage. You did not implement the class in the exercise., hasLongFeedbackText=false, reference=null, credits=0.0, positive=false, type=AUTOMATIC, visibility=ALWAYS, testCase=TestCaseDTO[testName=null, id=34]], FeedbackDTO[id=104, text=null, detailText=The exercise expects a class with the name Policy in the package testpackage. You did not implement the class in the exercise., hasLongFeedbackText=false, reference=null, credits=0.0, positive=false, type=AUTOMATIC, visibility=ALWAYS, testCase=TestCaseDTO[testName=null, id=35]], FeedbackDTO[id=105, text=null, detailText=null, hasLongFeedbackText=false, reference=null, credits=3.230769230769231, positive=true, type=AUTOMATIC, visibility=ALWAYS, testCase=TestCaseDTO[testName=null, id=45]]], assessmentType=AUTOMATIC, hasComplaint=null, exampleResult=null, testCaseCount=13, passedTestCaseCount=1, codeIssueCount=0]], BuildJobQueueItem[id=4741739576577297, name=SHORT88A9A223023E2047B709E4A029FA08BCF2CFTSTEXC-LOCALCIINTSTUDENT1, buildAgent=BuildAgentDTO[name=artemis-build-agent-test, memberAddress=[127.0.0.1]:5703, displayName=artemis-build-agent-test], participationId=474, courseId=151, exerciseId=302, retryCount=0, priority=2, status=SUCCESSFUL, repositoryInfo=RepositoryInfo[repositoryName=short88a9a223023e2047b709e4a029fa08bcf2cftstexc-localciintstudent1, repositoryType=user, triggeredByPushTo=user, assignmentRepositoryUri=http://localhost:49152/git/SHORT88A9A223023E2047B709E4A029FA08BCF2CFTSTEXC/short88a9a223023e2047b709e4a029fa08bcf2cftstexc-localciintstudent1.git, testRepositoryUri=http://localhost:49152/git/SHORT88A9A223023E2047B709E4A029FA08BCF2CFTSTEXC/short88a9a223023e2047b709e4a029fa08bcf2cftstexc-tests.git, solutionRepositoryUri=null, auxiliaryRepositoryUris=[Ljava.lang.String;@cf2dbe4, auxiliaryRepositoryCheckoutDirectories=[Ljava.lang.String;@4d218f19], jobTimingInfo=JobTimingInfo[submissionDate=2025-02-14T23:42:57.297342281Z[Etc/UTC], buildStartDate=2025-02-14T23:42:57.308570327Z[Etc/UTC], buildCompletionDate=2025-02-14T23:42:59.047616654Z[Etc/UTC], estimatedCompletionDate=2025-02-14T23:43:16.308558064Z[Etc/UTC], estimatedDuration=19], buildConfig=BuildConfig[buildScript=#!/bin/bash
cd /var/tmp/testing-dir
chmod +x ./gradlew
./gradlew clean test
, dockerImage=dummy-docker-image:latest, commitHashToBuild=736cbea1e46d6849b41266b2bf1cccd3b9ea55b1, assignmentCommitHash=736cbea1e46d6849b41266b2bf1cccd3b9ea55b1, testCommitHash=ea6267edd396a304305339b036512b63e0374c66, branch=main, programmingLanguage=JAVA, projectType=PLAIN_GRADLE, scaEnabled=false, sequentialTestRunsEnabled=false, resultPaths=[/var/tmp/testing-dir/**/test-results/test/*.xml], timeoutSeconds=0, assignmentCheckoutPath=null, testCheckoutPath=null, solutionCheckoutPath=null, dockerRunConfig=null], submissionResult=ResultDTO[id=135, completionDate=2025-02-14T23:42:59.014168821Z[Etc/UTC], successful=false, score=7.7, rated=true, submission=SubmissionDTO[id=123, submitted=true, type=MANUAL, exampleSubmission=null, submissionDate=2025-02-14T23:42:57.278471Z, commitHash=736cbea1e46d6849b41266b2bf1cccd3b9ea55b1, buildFailed=false, buildArtifact=false, participation=ParticipationDTO[id=474, testRun=false, type=programming, submissionCount=null, exercise=ParticipationExerciseDTO[id=302, exerciseType=PROGRAMMING, type=programming, assessmentType=AUTOMATIC, dueDate=2025-02-16T23:42:56.796251Z, assessmentDueDate=null, maxPoints=42.0, course=CourseDTO[id=151, accuracyOfScores=1]]], submissionExerciseType=programming, isProcessing=false, buildStartDate=null, estimatedCompletionDate=null], participation=ParticipationDTO[id=474, testRun=false, type=programming, submissionCount=null, exercise=ParticipationExerciseDTO[id=302, exerciseType=PROGRAMMING, type=programming, assessmentType=AUTOMATIC, dueDate=2025-02-16T23:42:56.796251Z, assessmentDueDate=null, maxPoints=42.0, course=CourseDTO[id=151, accuracyOfScores=1]]], feedbacks=[FeedbackDTO[id=106, text=null, detailText=The exercise expects a class with the name Context in the package testpackage. You did not implement the class in the exercise., hasLongFeedbackText=false, reference=null, credits=0.0, positive=false, type=AUTOMATIC, visibility=ALWAYS, testCase=TestCaseDTO[testName=null, id=65]], FeedbackDTO[id=107, text=null, detailText=The exercise expects a class with the name Policy in the package testpackage. You did not implement the class in the exercise., hasLongFeedbackText=false, reference=null, credits=0.0, positive=false, type=AUTOMATIC, visibility=ALWAYS, testCase=TestCaseDTO[testName=null, id=66]], FeedbackDTO[id=108, text=null, detailText=The exercise expects a class with the name SortStrategy in the package testpackage. You did not implement the class in the exercise., hasLongFeedbackText=false, reference=null, credits=0.0, positive=false, type=AUTOMATIC, visibility=ALWAYS, testCase=TestCaseDTO[testName=null, id=67]], FeedbackDTO[id=109, text=null, detailText=The class 'MergeSort' does not implement the interface 'SortStrategy' as expected. Implement the interface and its methods., hasLongFeedbackText=false, reference=null, credits=0.0, positive=false, type=AUTOMATIC, visibility=ALWAYS, testCase=TestCaseDTO[testName=null, id=62]], FeedbackDTO[id=110, text=null, detailText=The exercise expects a class with the name SortStrategy in the package testpackage. You did not implement the class in the exercise., hasLongFeedbackText=false, reference=null, credits=0.0, positive=false, type=AUTOMATIC, visibility=ALWAYS, testCase=TestCaseDTO[testName=null, id=59]], FeedbackDTO[id=111, text=null, detailText=The class 'BubbleSort' does not implement the interface 'SortStrategy' as expected. Implement the interface and its methods., hasLongFeedbackText=false, reference=null, credits=0.0, positive=false, type=AUTOMATIC, visibility=ALWAYS, testCase=TestCaseDTO[testName=null, id=63]], FeedbackDTO[id=112, text=null, detailText=MergeSort does not sort correctly, hasLongFeedbackText=false, reference=null, credits=0.0, positive=false, type=AUTOMATIC, visibility=ALWAYS, testCase=TestCaseDTO[testName=null, id=68]], FeedbackDTO[id=113, text=null, detailText=The class 'Context' was not found within the submission. Make sure to implement it properly., hasLongFeedbackText=false, reference=null, credits=0.0, positive=false, type=AUTOMATIC, visibility=ALWAYS, testCase=TestCaseDTO[testName=null, id=69]], FeedbackDTO[id=114, text=null, detailText=The class 'Context' was not found within the submission. Make sure to implement it properly., hasLongFeedbackText=false, reference=null, credits=0.0, positive=false, type=AUTOMATIC, visibility=ALWAYS, testCase=TestCaseDTO[testName=null, id=70]], FeedbackDTO[id=115, text=null, detailText=The exercise expects a class with the name Policy in the package testpackage. You did not implement the class in the exercise., hasLongFeedbackText=false, reference=null, credits=0.0, positive=false, type=AUTOMATIC, visibility=ALWAYS, testCase=TestCaseDTO[testName=null, id=64]], FeedbackDTO[id=116, text=null, detailText=The exercise expects a class with the name Context in the package testpackage. You did not implement the class in the exercise., hasLongFeedbackText=false, reference=null, credits=0.0, positive=false, type=AUTOMATIC, visibility=ALWAYS, testCase=TestCaseDTO[testName=null, id=60]], FeedbackDTO[id=117, text=null, detailText=The exercise expects a class with the name Policy in the package testpackage. You did not implement the class in the exercise., hasLongFeedbackText=false, reference=null, credits=0.0, positive=false, type=AUTOMATIC, visibility=ALWAYS, testCase=TestCaseDTO[testName=null, id=61]], FeedbackDTO[id=118, text=null, detailText=null, hasLongFeedbackText=false, reference=null, credits=3.230769230769231, positive=true, type=AUTOMATIC, visibility=ALWAYS, testCase=TestCaseDTO[testName=null, id=71]]], assessmentType=AUTOMATIC, hasComplaint=null, exampleResult=null, testCaseCount=13, passedTestCaseCount=1, codeIssueCount=0]], BuildJobQueueItem[id=4771739576580898, name=SHORT51E611E30D6B60466F0B8BA0AA97F58888C2TSTEXC-LOCALCIINTSTUDENT1, buildAgent=BuildAgentDTO[name=artemis-build-agent-test, memberAddress=[127.0.0.1]:5703, displayName=artemis-build-agent-test], participationId=477, courseId=152, exerciseId=303, retryCount=0, priority=2, status=SUCCESSFUL, repositoryInfo=RepositoryInfo[repositoryName=short51e611e30d6b60466f0b8ba0aa97f58888c2tstexc-localciintstudent1, repositoryType=user, triggeredByPushTo=user, assignmentRepositoryUri=http://localhost:49152/git/SHORT51E611E30D6B60466F0B8BA0AA97F58888C2TSTEXC/short51e611e30d6b60466f0b8ba0aa97f58888c2tstexc-localciintstudent1.git, testRepositoryUri=http://localhost:49152/git/SHORT51E611E30D6B60466F0B8BA0AA97F58888C2TSTEXC/short51e611e30d6b60466f0b8ba0aa97f58888c2tstexc-tests.git, solutionRepositoryUri=null, auxiliaryRepositoryUris=[Ljava.lang.String;@125fd8a, auxiliaryRepositoryCheckoutDirectories=[Ljava.lang.String;@6ef836c8], jobTimingInfo=JobTimingInfo[submissionDate=2025-02-14T23:43:00.898532688Z[Etc/UTC], buildStartDate=2025-02-14T23:43:00.905733056Z[Etc/UTC], buildCompletionDate=2025-02-14T23:43:02.692768910Z[Etc/UTC], estimatedCompletionDate=2025-02-14T23:43:19.905720463Z[Etc/UTC], estimatedDuration=19], buildConfig=BuildConfig[buildScript=#!/bin/bash
cd /var/tmp/testing-dir
chmod +x ./gradlew
./gradlew clean test
, dockerImage=dummy-docker-image:latest, commitHashToBuild=8f3057cbd462f5e3de4e6ba85115f60d8dbb5aea, assignmentCommitHash=8f3057cbd462f5e3de4e6ba85115f60d8dbb5aea, testCommitHash=8f3057cbd462f5e3de4e6ba85115f60d8dbb5aea, branch=main, programmingLanguage=JAVA, projectType=PLAIN_GRADLE, scaEnabled=true, sequentialTestRunsEnabled=false, resultPaths=[/var/tmp/testing-dir/**/test-results/test/*.xml], timeoutSeconds=0, assignmentCheckoutPath=null, testCheckoutPath=null, solutionCheckoutPath=null, dockerRunConfig=null], submissionResult=ResultDTO[id=136, completionDate=2025-02-14T23:43:02.637820510Z[Etc/UTC], successful=false, score=7.7, rated=true, submission=SubmissionDTO[id=124, submitted=true, type=MANUAL, exampleSubmission=null, submissionDate=2025-02-14T23:43:00.886601Z, commitHash=8f3057cbd462f5e3de4e6ba85115f60d8dbb5aea, buildFailed=false, buildArtifact=false, participation=ParticipationDTO[id=477, testRun=false, type=programming, submissionCount=null, exercise=ParticipationExerciseDTO[id=303, exerciseType=PROGRAMMING, type=programming, assessmentType=AUTOMATIC, dueDate=2025-02-16T23:43:00.631824Z, assessmentDueDate=null, maxPoints=42.0, course=CourseDTO[id=152, accuracyOfScores=1]]], submissionExerciseType=programming, isProcessing=false, buildStartDate=null, estimatedCompletionDate=null], participation=ParticipationDTO[id=477, testRun=false, type=programming, submissionCount=null, exercise=ParticipationExerciseDTO[id=303, exerciseType=PROGRAMMING, type=programming, assessmentType=AUTOMATIC, dueDate=2025-02-16T23:43:00.631824Z, assessmentDueDate=null, maxPoints=42.0, course=CourseDTO[id=152, accuracyOfScores=1]]], feedbacks=[FeedbackDTO[id=119, text=null, detailText=The exercise expects a class with the name Context in the package testpackage. You did not implement the class in the exercise., hasLongFeedbackText=false, reference=null, credits=0.0, positive=false, type=AUTOMATIC, visibility=ALWAYS, testCase=TestCaseDTO[testName=null, id=78]], FeedbackDTO[id=120, text=null, detailText=The exercise expects a class with the name Policy in the package testpackage. You did not implement the class in the exercise., hasLongFeedbackText=false, reference=null, credits=0.0, positive=false, type=AUTOMATIC, visibility=ALWAYS, testCase=TestCaseDTO[testName=null, id=79]], FeedbackDTO[id=121, text=null, detailText=The exercise expects a class with the name SortStrategy in the package testpackage. You did not implement the class in the exercise., hasLongFeedbackText=false, reference=null, credits=0.0, positive=false, type=AUTOMATIC, visibility=ALWAYS, testCase=TestCaseDTO[testName=null, id=80]], FeedbackDTO[id=122, text=null, detailText=The class 'MergeSort' does not implement the interface 'SortStrategy' as expected. Implement the interface and its methods., hasLongFeedbackText=false, reference=null, credits=0.0, positive=false, type=AUTOMATIC, visibility=ALWAYS, testCase=TestCaseDTO[testName=null, id=75]], FeedbackDTO[id=123, text=null, detailText=The exercise expects a class with the name SortStrategy in the package testpackage. You did not implement the class in the exercise., hasLongFeedbackText=false, reference=null, credits=0.0, positive=false, type=AUTOMATIC, visibility=ALWAYS, testCase=TestCaseDTO[testName=null, id=72]], FeedbackDTO[id=124, text=null, detailText=The class 'BubbleSort' does not implement the interface 'SortStrategy' as expected. Implement the interface and its methods., hasLongFeedbackText=false, reference=null, credits=0.0, positive=false, type=AUTOMATIC, visibility=ALWAYS, testCase=TestCaseDTO[testName=null, id=76]], FeedbackDTO[id=125, text=null, detailText=MergeSort does not sort correctly, hasLongFeedbackText=false, reference=null, credits=0.0, positive=false, type=AUTOMATIC, visibility=ALWAYS, testCase=TestCaseDTO[testName=null, id=81]], FeedbackDTO[id=126, text=null, detailText=The class 'Context' was not found within the submission. Make sure to implement it properly., hasLongFeedbackText=false, reference=null, credits=0.0, positive=false, type=AUTOMATIC, visibility=ALWAYS, testCase=TestCaseDTO[testName=null, id=82]], FeedbackDTO[id=127, text=null, detailText=The class 'Context' was not found within the submission. Make sure to implement it properly., hasLongFeedbackText=false, reference=null, credits=0.0, positive=false, type=AUTOMATIC, visibility=ALWAYS, testCase=TestCaseDTO[testName=null, id=83]], FeedbackDTO[id=128, text=null, detailText=The exercise expects a class with the name Policy in the package testpackage. You did not implement the class in the exercise., hasLongFeedbackText=false, reference=null, credits=0.0, positive=false, type=AUTOMATIC, visibility=ALWAYS, testCase=TestCaseDTO[testName=null, id=77]], FeedbackDTO[id=129, text=null, detailText=The exercise expects a class with the name Context in the package testpackage. You did not implement the class in the exercise., hasLongFeedbackText=false, reference=null, credits=0.0, positive=false, type=AUTOMATIC, visibility=ALWAYS, testCase=TestCaseDTO[testName=null, id=73]], FeedbackDTO[id=130, text=null, detailText=The exercise expects a class with the name Policy in the package testpackage. You did not implement the class in the exercise., hasLongFeedbackText=false, reference=null, credits=0.0, positive=false, type=AUTOMATIC, visibility=ALWAYS, testCase=TestCaseDTO[testName=null, id=74]], FeedbackDTO[id=131, text=null, detailText=null, hasLongFeedbackText=false, reference=null, credits=3.230769230769231, positive=true, type=AUTOMATIC, visibility=ALWAYS, testCase=TestCaseDTO[testName=null, id=84]], FeedbackDTO[id=132, text=SCAFeedbackIdentifier:Bad Practice, detailText={"filePath":"src/code/Client.java","startLine":6,"endLine":6,"startColumn":1,"endColumn":26,"rule":"UnusedImports","category":"Best Practices","message":"Avoid unused imports such as 'javax.swing.JFrame'","priority":"4"}, hasLongFeedbackText=false, reference=PMD, credits=0.0, positive=false, type=AUTOMATIC, visibility=null, testCase=null], FeedbackDTO[id=133, text=SCAFeedbackIdentifier:Code Style, detailText={"filePath":"src/code/Client.java","startLine":7,"endLine":7,"startColumn":1,"endColumn":19,"rule":"DontImportJavaLang","category":"Code Style","message":"Avoid importing anything from the package java.lang","priority":"4"}, hasLongFeedbackText=false, reference=PMD, credits=0.0, positive=false, type=AUTOMATIC, visibility=null, testCase=null], FeedbackDTO[id=134, text=SCAFeedbackIdentifier:Bad Practice, detailText={"filePath":"src/code/Client.java","startLine":7,"endLine":7,"startColumn":1,"endColumn":19,"rule":"UnusedImports","category":"Best Practices","message":"Avoid unused imports such as 'java.lang'","priority":"4"}, hasLongFeedbackText=false, reference=PMD, credits=0.0, positive=false, type=AUTOMATIC, visibility=null, testCase=null], FeedbackDTO[id=135, text=SCAFeedbackIdentifier:Bad Practice, detailText={"filePath":"src/code/Client.java","startLine":73,"endLine":73,"startColumn":18,"endColumn":27,"rule":"UnusedLocalVariable","category":"Best Practices","message":"Avoid unused local variables such as 'randomDate'.","priority":"3"}, hasLongFeedbackText=false, reference=PMD, credits=0.0, positive=false, type=AUTOMATIC, visibility=null, testCase=null], FeedbackDTO[id=136, text=SCAFeedbackIdentifier:Bad Practice, detailText={"filePath":"src/code/Client.java","startLine":81,"endLine":81,"startColumn":31,"endColumn":53,"rule":"UnusedPrivateMethod","category":"Best Practices","message":"Avoid unused private methods such as 'CreateRandomDatesList()'.","priority":"3"}, hasLongFeedbackText=false, reference=PMD, credits=0.0, positive=false, type=AUTOMATIC, visibility=null, testCase=null], FeedbackDTO[id=137, text=SCAFeedbackIdentifier:Potential Bugs, detailText={"filePath":"src/code/Client.java","startLine":94,"endLine":94,"startColumn":9,"endColumn":9,"rule":"EmptyStatementNotInLoop","category":"Error Prone","message":"An empty statement (semicolon) not part of a loop","priority":"3"}, hasLongFeedbackText=false, reference=PMD, credits=0.0, positive=false, type=AUTOMATIC, visibility=null, testCase=null], FeedbackDTO[id=138, text=SCAFeedbackIdentifier:Potential Bugs, detailText={"filePath":"src/code/Client.java","startLine":94,"endLine":94,"startColumn":10,"endColumn":10,"rule":"EmptyStatementNotInLoop","category":"Error Prone","message":"An empty statement (semicolon) not part of a loop","priority":"3"}, hasLongFeedbackText=false, reference=PMD, credits=0.0, positive=false, type=AUTOMATIC, visibility=null, testCase=null], FeedbackDTO[id=139, text=SCAFeedbackIdentifier:Potential Bugs, detailText={"filePath":"src/code/Client.java","startLine":94,"endLine":94,"startColumn":11,"endColumn":11,"rule":"EmptyStatementNotInLoop","category":"Error Prone","message":"An empty statement (semicolon) not part of a loop","priority":"3"}, hasLongFeedbackText=false, reference=PMD, credits=0.0, positive=false, type=AUTOMATIC, visibility=null, testCase=null], FeedbackDTO[id=140, text=SCAFeedbackIdentifier:Code Style, detailText={"filePath":"src/code/Client.java","startLine":73,"endLine":73,"rule":"DLS_DEAD_LOCAL_STORE","category":"STYLE","message":"Dead store to randomDate in code.Client.createRandomDatesList()","priority":"2"}, hasLongFeedbackText=false, reference=SPOTBUGS, credits=0.0, positive=false, type=AUTOMATIC, visibility=null, testCase=null], FeedbackDTO[id=141, text=SCAFeedbackIdentifier:Bad Practice, detailText={"filePath":"src/code/Client.java","startLine":82,"endLine":95,"rule":"NM_METHOD_NAMING_CONVENTION","category":"BAD_PRACTICE","message":"The method name code.Client.CreateRandomDatesList() doesn't start with a lower case letter","priority":"3"}, hasLongFeedbackText=false, reference=SPOTBUGS, credits=0.0, positive=false, type=AUTOMATIC, visibility=null, testCase=null], FeedbackDTO[id=142, text=SCAFeedbackIdentifier:Performance, detailText={"filePath":"src/code/Client.java","startLine":82,"endLine":95,"rule":"UPM_UNCALLED_PRIVATE_METHOD","category":"PERFORMANCE","message":"Private method code.Client.CreateRandomDatesList() is never called","priority":"2"}, hasLongFeedbackText=false, reference=SPOTBUGS, credits=0.0, positive=false, type=AUTOMATIC, visibility=null, testCase=null], FeedbackDTO[id=143, text=SCAFeedbackIdentifier:Code Style, detailText={"filePath":"src/code/Client.java","startLine":70,"endLine":70,"startColumn":9,"endColumn":9,"rule":"NeedBracesCheck","category":"blocks","message":"'for' construct must use '{}'s.","priority":"error"}, hasLongFeedbackText=false, reference=CHECKSTYLE, credits=0.0, positive=false, type=AUTOMATIC, visibility=null, testCase=null], FeedbackDTO[id=144, text=SCAFeedbackIdentifier:Code Style, detailText={"filePath":"src/code/Client.java","startLine":93,"endLine":93,"startColumn":9,"endColumn":9,"rule":"EmptyStatementCheck","category":"coding","message":"Empty statement.","priority":"error"}, hasLongFeedbackText=false, reference=CHECKSTYLE, credits=0.0, positive=false, type=AUTOMATIC, visibility=null, testCase=null], FeedbackDTO[id=145, text=SCAFeedbackIdentifier:Code Style, detailText={"filePath":"src/code/Client.java","startLine":93,"endLine":93,"startColumn":10,"endColumn":10,"rule":"EmptyStatementCheck","category":"coding","message":"Empty statement.","priority":"error"}, hasLongFeedbackText=false, reference=CHECKSTYLE, credits=0.0, positive=false, type=AUTOMATIC, visibility=null, testCase=null], FeedbackDTO[id=146, text=SCAFeedbackIdentifier:Code Style, detailText={"filePath":"src/code/Client.java","startLine":93,"endLine":93,"startColumn":11,"endColumn":11,"rule":"EmptyStatementCheck","category":"coding","message":"Empty statement.","priority":"error"}, hasLongFeedbackText=false, reference=CHECKSTYLE, credits=0.0, positive=false, type=AUTOMATIC, visibility=null, testCase=null]], assessmentType=AUTOMATIC, hasComplaint=null, exampleResult=null, testCaseCount=13, passedTestCaseCount=1, codeIssueCount=15]]], publicSshKey=ssh-rsa AAAAB3NzaC1yc2EAAAADAQABAAACAQCOPdMsxRE2jFJ/UEa5/LsBxtwzJcrh3/rYBCQvcMeVpiRfhzQPWu7mrt/G2Ew+i+vRloGH9aqKg6dd1liRncao53Zmd/ePxoatXePNhmzTfkCkcSkTUz7B+QMjkoDDV5jwuFPD6mF3JkhuzSi64n9Zy905t4w2IhVcjM2mL3eYNjiCXt6Qpq3Pkt7dM/Ksw1nxnvuiIALuJLB3FTkXkHqq3PJav+9HSq2r6ZaWgekneaGxlQlb+U+Vy3XOuArKAzK8c8i+0bR+AHiTG6ncYXt7ax3U+TdlDTF7OLP3umwaYjs1NBXOHwG42pevvpKn2fqavZZozk+M05jXLx3bq0O7itxfErWc7etky8qYPyyIMF/txQIVLd78+Ze4d7Y60t5MGbXM5cGE6fFif5fEJwgswXD+BrG0cafz1CTatjSKFdvp8Vp4VszXhHDan1PrP6JEFJ5Cc5GDmLRZPCFa3vL9f5qXgf4bkqKN8MYeEujwJE5nMRWoiJVNakix2bcrrneQMBlnYeYZVWXXXUusAQBzl4NgddC1umZpihZkL1b1MffZAUW3EGEXi7KHnllQhkTLLsQ8ntMgbylqaJKStqaXlLvdeRJcEnUuiFCrHEVVbXRFZR7XVDZ02CE5o3MuaRPty8Kh+jRTF3COlAckHwYEJCNNJvXFgb2CNXL4mjzYDw== test@localhost]
    23:43:02.853 | 566 localvc.event-13 | DEBUG | a.p.s.l.SharedQueueManagementService : Build agent updated: null
    23:43:03.753 | 664 taskScheduler-2  | DEBUG | .a.s.ParticipantScoreScheduleService : Processing exercise 597 and participant 23 to update participant scores.
    23:43:03.762 | 664 taskScheduler-2  | DEBUG | .a.s.ParticipantScoreScheduleService : Updated participant score 19.
    23:43:03.764 | 664 taskScheduler-2  | DEBUG | .a.a.a.s.c.CompetencyProgressService : Updating competency progress synchronously for 1 users.
    23:43:03.764 | 665 taskScheduler-3  | DEBUG | .a.s.ParticipantScoreScheduleService : Processing exercise 597 and participant 24 to update participant scores.
    23:43:03.779 | 665 taskScheduler-3  | DEBUG | .a.s.ParticipantScoreScheduleService : Updated participant score 20.
    23:43:03.780 | 665 taskScheduler-3  | DEBUG | .a.a.a.s.c.CompetencyProgressService : Updating competency progress synchronously for 1 users.
    23:43:03.791 | 665 taskScheduler-3  | DEBUG | .a.a.a.s.c.CompetencyProgressService : Updated progress for user coursecompetencyintegrationtestteam2student1 in competency 170 to 3.0 / 1.0.
    23:43:03.792 | 665 taskScheduler-3  | DEBUG | .a.s.ParticipantScoreScheduleService : Updating the participant score for exercise 597 and participant 24 took 28 ms.
    23:43:03.792 | 664 taskScheduler-2  | DEBUG | .a.a.a.s.c.CompetencyProgressService : Updated progress for user coursecompetencyintegrationtestteam1student1 in competency 170 to 13.0 / 1.0.
    23:43:03.793 | 664 taskScheduler-2  | DEBUG | .a.s.ParticipantScoreScheduleService : Updating the participant score for exercise 597 and participant 23 took 40 ms.
    23:43:04.200 | 663 taskScheduler-1  | DEBUG | .a.s.ParticipantScoreScheduleService : Processing exercise 598 and participant 87 to update participant scores.
    23:43:04.209 | 666 taskScheduler-4  | DEBUG | .a.s.ParticipantScoreScheduleService : Processing exercise 598 and participant 88 to update participant scores.
    23:43:04.210 | 663 taskScheduler-1  | DEBUG | .a.s.ParticipantScoreScheduleService : Updated participant score 21.
    23:43:04.211 | 663 taskScheduler-1  | DEBUG | .a.a.a.s.c.CompetencyProgressService : Updating competency progress synchronously for 1 users.
    23:43:04.213 | 664 taskScheduler-2  | DEBUG | .a.s.ParticipantScoreScheduleService : Processing exercise 598 and participant 91 to update participant scores.
    23:43:04.220 | 663 taskScheduler-1  | DEBUG | .a.a.a.s.c.CompetencyProgressService : Updated progress for user coursecompetencyintegrationteststudent1 in competency 171 to 13.0 / 1.0.
    23:43:04.222 | 663 taskScheduler-1  | DEBUG | .a.s.ParticipantScoreScheduleService : Updating the participant score for exercise 598 and participant 87 took 22 ms.
    23:43:04.226 | 664 taskScheduler-2  | DEBUG | .a.s.ParticipantScoreScheduleService : Updated participant score 22.
    23:43:04.233 | 666 taskScheduler-4  | DEBUG | .a.s.ParticipantScoreScheduleService : Updated participant score 23.
    23:43:04.234 | 666 taskScheduler-4  | DEBUG | .a.a.a.s.c.CompetencyProgressService : Updating competency progress synchronously for 1 users.
    23:43:04.235 | 664 taskScheduler-2  | DEBUG | .a.a.a.s.c.CompetencyProgressService : Updating competency progress synchronously for 1 users.
    23:43:04.248 | 664 taskScheduler-2  | DEBUG | .a.a.a.s.c.CompetencyProgressService : Updated progress for user coursecompetencyintegrationtestinstructor1 in competency 171 to 25.0 / 1.0.
    23:43:04.251 | 666 taskScheduler-4  | DEBUG | .a.a.a.s.c.CompetencyProgressService : Updated progress for user coursecompetencyintegrationteststudent2 in competency 171 to 3.0 / 1.0.
    23:43:04.255 | 666 taskScheduler-4  | DEBUG | .a.s.ParticipantScoreScheduleService : Updating the participant score for exercise 598 and participant 88 took 46 ms.
    23:43:04.256 | 664 taskScheduler-2  | DEBUG | .a.s.ParticipantScoreScheduleService : Updating the participant score for exercise 598 and participant 91 took 43 ms.
    23:43:04.320 | 641 nt.HealthMonitor | INFO  | c.h.i.diagnostics.HealthMonitor      : [127.0.0.1]:5704 [dev] [5.5.0] processors=4, physical.memory.total=15.6G, physical.memory.free=3.1G, swap.space.total=0, swap.space.free=0, heap.memory.used=2.5G, heap.memory.free=420.5M, heap.memory.total=2.9G, heap.memory.max=6.0G, heap.memory.used/total=85.83%, heap.memory.used/max=41.46%, minor.gc.count=115, minor.gc.time=6222ms, major.gc.count=0, major.gc.time=0ms, unknown.gc.count=52, unknown.gc.time=813ms, load.process=0.00%, load.system=91.65%, load.systemAverage=5.39, thread.count=485, thread.peakCount=498, cluster.timeDiff=0, event.q.size=0, executor.q.async.size=0, executor.q.client.size=0, executor.q.client.query.size=0, executor.q.client.blocking.size=0, executor.q.query.size=0, executor.q.scheduled.size=0, executor.q.io.size=0, executor.q.system.size=0, executor.q.operations.size=0, executor.q.priorityOperation.size=0, operations.completed.count=328, executor.q.mapLoad.size=0, executor.q.mapLoadAllKeys.size=0, executor.q.cluster.size=0, executor.q.response.size=0, operations.running.count=0, operations.pending.invocations.percentage=0.00%, operations.pending.invocations.count=0, proxy.count=206, clientEndpoint.count=0, connection.active.count=0, client.connection.count=0, connection.count=0
    23:43:04.635 | 566 localvc.event-13 | DEBUG | a.a.b.s.SharedQueueProcessingService : CIBuildJobQueueItem added to queue: BuildJobQueueItem[id=4821739576584632, name=SHORT433BAC4500363044960B6E10DFA0493471B2TSTEXC-LOCALCIINTSTUDENT1, buildAgent=BuildAgentDTO[name=null, memberAddress=null, displayName=null], participationId=482, courseId=154, exerciseId=305, retryCount=0, priority=2, status=null, repositoryInfo=RepositoryInfo[repositoryName=short433bac4500363044960b6e10dfa0493471b2tstexc-localciintstudent1, repositoryType=user, triggeredByPushTo=user, assignmentRepositoryUri=http://localhost:49152/git/SHORT433BAC4500363044960B6E10DFA0493471B2TSTEXC/short433bac4500363044960b6e10dfa0493471b2tstexc-localciintstudent1.git, testRepositoryUri=http://localhost:49152/git/SHORT433BAC4500363044960B6E10DFA0493471B2TSTEXC/short433bac4500363044960b6e10dfa0493471b2tstexc-tests.git, solutionRepositoryUri=null, auxiliaryRepositoryUris=[Ljava.lang.String;@3557fdcf, auxiliaryRepositoryCheckoutDirectories=[Ljava.lang.String;@1bb09f42], jobTimingInfo=JobTimingInfo[submissionDate=2025-02-14T23:43:04.632341258Z[Etc/UTC], buildStartDate=null, buildCompletionDate=null, estimatedCompletionDate=null, estimatedDuration=19], buildConfig=BuildConfig[buildScript=#!/bin/bash
cd /var/tmp/testing-dir
chmod +x ./gradlew
./gradlew clean test
, dockerImage=dummy-docker-image:latest, commitHashToBuild=8355c4f3cd5d3e0443707d3310206e460e333c6f, assignmentCommitHash=8355c4f3cd5d3e0443707d3310206e460e333c6f, testCommitHash=8355c4f3cd5d3e0443707d3310206e460e333c6f, branch=main, programmingLanguage=JAVA, projectType=PLAIN_GRADLE, scaEnabled=false, sequentialTestRunsEnabled=false, resultPaths=[/var/tmp/testing-dir/**/test-results/test/*.xml], timeoutSeconds=0, assignmentCheckoutPath=null, testCheckoutPath=null, solutionCheckoutPath=null, dockerRunConfig=null], submissionResult=null]
    23:43:04.637 | 566 localvc.event-13 | DEBUG | a.a.b.s.SharedQueueProcessingService : Current queued items: 1
    23:43:04.637 | 566 localvc.event-13 | DEBUG | a.a.b.s.SharedQueueProcessingService : Currently processing jobs on this node: 0, active threads in Pool: 0, maximum pool size of thread executor : 1
    23:43:04.637 | 566 localvc.event-13 | DEBUG | a.a.b.s.SharedQueueProcessingService : Currently processing jobs on this node: 0, active threads in Pool: 0, maximum pool size of thread executor : 1
    23:43:04.638 | 567 localvc.event-14 | DEBUG | a.p.s.l.LocalCIQueueWebsocketService : CIBuildJobQueueItem added to processing jobs: BuildJobQueueItem[id=4821739576584632, name=SHORT433BAC4500363044960B6E10DFA0493471B2TSTEXC-LOCALCIINTSTUDENT1, buildAgent=BuildAgentDTO[name=artemis-build-agent-test, memberAddress=[127.0.0.1]:5703, displayName=artemis-build-agent-test], participationId=482, courseId=154, exerciseId=305, retryCount=0, priority=2, status=null, repositoryInfo=RepositoryInfo[repositoryName=short433bac4500363044960b6e10dfa0493471b2tstexc-localciintstudent1, repositoryType=user, triggeredByPushTo=user, assignmentRepositoryUri=http://localhost:49152/git/SHORT433BAC4500363044960B6E10DFA0493471B2TSTEXC/short433bac4500363044960b6e10dfa0493471b2tstexc-localciintstudent1.git, testRepositoryUri=http://localhost:49152/git/SHORT433BAC4500363044960B6E10DFA0493471B2TSTEXC/short433bac4500363044960b6e10dfa0493471b2tstexc-tests.git, solutionRepositoryUri=null, auxiliaryRepositoryUris=[Ljava.lang.String;@39b89bf1, auxiliaryRepositoryCheckoutDirectories=[Ljava.lang.String;@3d87081e], jobTimingInfo=JobTimingInfo[submissionDate=2025-02-14T23:43:04.632341258Z[Etc/UTC], buildStartDate=2025-02-14T23:43:04.637633457Z[Etc/UTC], buildCompletionDate=null, estimatedCompletionDate=2025-02-14T23:43:23.637623879Z[Etc/UTC], estimatedDuration=19], buildConfig=BuildConfig[buildScript=#!/bin/bash
cd /var/tmp/testing-dir
chmod +x ./gradlew
./gradlew clean test
, dockerImage=dummy-docker-image:latest, commitHashToBuild=8355c4f3cd5d3e0443707d3310206e460e333c6f, assignmentCommitHash=8355c4f3cd5d3e0443707d3310206e460e333c6f, testCommitHash=8355c4f3cd5d3e0443707d3310206e460e333c6f, branch=main, programmingLanguage=JAVA, projectType=PLAIN_GRADLE, scaEnabled=false, sequentialTestRunsEnabled=false, resultPaths=[/var/tmp/testing-dir/**/test-results/test/*.xml], timeoutSeconds=0, assignmentCheckoutPath=null, testCheckoutPath=null, solutionCheckoutPath=null, dockerRunConfig=null], submissionResult=null]
    23:43:04.638 | 567 localvc.event-14 | DEBUG | s.l.LocalCIWebsocketMessagingService : Sending message on topic /topic/admin/running-jobs: [BuildJobQueueItem[id=4821739576584632, name=SHORT433BAC4500363044960B6E10DFA0493471B2TSTEXC-LOCALCIINTSTUDENT1, buildAgent=BuildAgentDTO[name=artemis-build-agent-test, memberAddress=[127.0.0.1]:5703, displayName=artemis-build-agent-test], participationId=482, courseId=154, exerciseId=305, retryCount=0, priority=2, status=null, repositoryInfo=RepositoryInfo[repositoryName=short433bac4500363044960b6e10dfa0493471b2tstexc-localciintstudent1, repositoryType=user, triggeredByPushTo=user, assignmentRepositoryUri=, testRepositoryUri=, solutionRepositoryUri=, auxiliaryRepositoryUris=null, auxiliaryRepositoryCheckoutDirectories=null], jobTimingInfo=JobTimingInfo[submissionDate=2025-02-14T23:43:04.632341258Z[Etc/UTC], buildStartDate=2025-02-14T23:43:04.637633457Z[Etc/UTC], buildCompletionDate=null, estimatedCompletionDate=2025-02-14T23:43:23.637623879Z[Etc/UTC], estimatedDuration=19], buildConfig=BuildConfig[buildScript=, dockerImage=, commitHashToBuild=8355c4f3cd5d3e0443707d3310206e460e333c6f, assignmentCommitHash=, testCommitHash=, branch=, programmingLanguage=null, projectType=null, scaEnabled=false, sequentialTestRunsEnabled=false, resultPaths=null, timeoutSeconds=0, assignmentCheckoutPath=, testCheckoutPath=, solutionCheckoutPath=, dockerRunConfig=null], submissionResult=null]]
    23:43:04.639 | 567 localvc.event-14 | DEBUG | s.l.LocalCIWebsocketMessagingService : Sending message on topic /topic/courses/154/running-jobs: [BuildJobQueueItem[id=4821739576584632, name=SHORT433BAC4500363044960B6E10DFA0493471B2TSTEXC-LOCALCIINTSTUDENT1, buildAgent=BuildAgentDTO[name=artemis-build-agent-test, memberAddress=[127.0.0.1]:5703, displayName=artemis-build-agent-test], participationId=482, courseId=154, exerciseId=305, retryCount=0, priority=2, status=null, repositoryInfo=RepositoryInfo[repositoryName=short433bac4500363044960b6e10dfa0493471b2tstexc-localciintstudent1, repositoryType=user, triggeredByPushTo=user, assignmentRepositoryUri=, testRepositoryUri=, solutionRepositoryUri=, auxiliaryRepositoryUris=null, auxiliaryRepositoryCheckoutDirectories=null], jobTimingInfo=JobTimingInfo[submissionDate=2025-02-14T23:43:04.632341258Z[Etc/UTC], buildStartDate=2025-02-14T23:43:04.637633457Z[Etc/UTC], buildCompletionDate=null, estimatedCompletionDate=2025-02-14T23:43:23.637623879Z[Etc/UTC], estimatedDuration=19], buildConfig=BuildConfig[buildScript=, dockerImage=, commitHashToBuild=8355c4f3cd5d3e0443707d3310206e460e333c6f, assignmentCommitHash=, testCommitHash=, branch=, programmingLanguage=null, projectType=null, scaEnabled=false, sequentialTestRunsEnabled=false, resultPaths=null, timeoutSeconds=0, assignmentCheckoutPath=, testCheckoutPath=, solutionCheckoutPath=, dockerRunConfig=null], submissionResult=null]]
    23:43:04.651 | 566 localvc.event-13 | INFO  | a.a.b.s.SharedQueueProcessingService : Processing build job: BuildJobQueueItem[id=4821739576584632, name=SHORT433BAC4500363044960B6E10DFA0493471B2TSTEXC-LOCALCIINTSTUDENT1, buildAgent=BuildAgentDTO[name=artemis-build-agent-test, memberAddress=[127.0.0.1]:5703, displayName=artemis-build-agent-test], participationId=482, courseId=154, exerciseId=305, retryCount=0, priority=2, status=null, repositoryInfo=RepositoryInfo[repositoryName=short433bac4500363044960b6e10dfa0493471b2tstexc-localciintstudent1, repositoryType=user, triggeredByPushTo=user, assignmentRepositoryUri=http://localhost:49152/git/SHORT433BAC4500363044960B6E10DFA0493471B2TSTEXC/short433bac4500363044960b6e10dfa0493471b2tstexc-localciintstudent1.git, testRepositoryUri=http://localhost:49152/git/SHORT433BAC4500363044960B6E10DFA0493471B2TSTEXC/short433bac4500363044960b6e10dfa0493471b2tstexc-tests.git, solutionRepositoryUri=null, auxiliaryRepositoryUris=[Ljava.lang.String;@3ffb332b, auxiliaryRepositoryCheckoutDirectories=[Ljava.lang.String;@71374e8d], jobTimingInfo=JobTimingInfo[submissionDate=2025-02-14T23:43:04.632341258Z[Etc/UTC], buildStartDate=2025-02-14T23:43:04.637633457Z[Etc/UTC], buildCompletionDate=null, estimatedCompletionDate=2025-02-14T23:43:23.637623879Z[Etc/UTC], estimatedDuration=19], buildConfig=BuildConfig[buildScript=#!/bin/bash
cd /var/tmp/testing-dir
chmod +x ./gradlew
./gradlew clean test
, dockerImage=dummy-docker-image:latest, commitHashToBuild=8355c4f3cd5d3e0443707d3310206e460e333c6f, assignmentCommitHash=8355c4f3cd5d3e0443707d3310206e460e333c6f, testCommitHash=8355c4f3cd5d3e0443707d3310206e460e333c6f, branch=main, programmingLanguage=JAVA, projectType=PLAIN_GRADLE, scaEnabled=false, sequentialTestRunsEnabled=false, resultPaths=[/var/tmp/testing-dir/**/test-results/test/*.xml], timeoutSeconds=0, assignmentCheckoutPath=null, testCheckoutPath=null, solutionCheckoutPath=null, dockerRunConfig=null], submissionResult=null]
    23:43:04.784 | 665 taskScheduler-3  | DEBUG | .a.s.ParticipantScoreScheduleService : Processing exercise 600 and participant 87 to update participant scores.
    23:43:04.790 | 665 taskScheduler-3  | DEBUG | .a.s.ParticipantScoreScheduleService : Updated participant score 24.
    23:43:04.791 | 665 taskScheduler-3  | DEBUG | .a.a.a.s.c.CompetencyProgressService : Updating competency progress synchronously for 1 users.
    23:43:04.797 | 665 taskScheduler-3  | DEBUG | .a.a.a.s.c.CompetencyProgressService : Updated progress for user coursecompetencyintegrationteststudent1 in competency 172 to 22.0 / 0.75.
    23:43:04.800 | 665 taskScheduler-3  | DEBUG | .a.s.ParticipantScoreScheduleService : Updating the participant score for exercise 600 and participant 87 took 14 ms.

Finished logs for CourseCompetencyIntegrationTest
]]></system-out>
  <system-err><![CDATA[]]></system-err>
</testsuite>
