<?xml version="1.0" encoding="UTF-8"?>
<testsuite name="de.tum.cit.aet.artemis.communication.notification.NotificationSettingsResourceIntegrationTest" tests="5" skipped="0" failures="0" errors="0" timestamp="2025-02-14T23:44:13" hostname="fv-az1721-502" time="0.486">
  <properties/>
  <testcase name="testGetNotificationSettingsForCurrentUserWith_DB_NOT_EMPTY()" classname="de.tum.cit.aet.artemis.communication.notification.NotificationSettingsResourceIntegrationTest" time="0.1"/>
  <testcase name="testGetNotificationSettingsForCurrentUserWith_DB_EMTPY()" classname="de.tum.cit.aet.artemis.communication.notification.NotificationSettingsResourceIntegrationTest" time="0.123"/>
  <testcase name="testLoadMutedConversations()" classname="de.tum.cit.aet.artemis.communication.notification.NotificationSettingsResourceIntegrationTest" time="0.081"/>
  <testcase name="testSaveNotificationSettingsForCurrentUser_OK()" classname="de.tum.cit.aet.artemis.communication.notification.NotificationSettingsResourceIntegrationTest" time="0.108"/>
  <testcase name="testSaveNotificationSettingsForCurrentUser_BAD_REQUEST()" classname="de.tum.cit.aet.artemis.communication.notification.NotificationSettingsResourceIntegrationTest" time="0.057"/>
  <system-out><![CDATA[
Starting logs for NotificationSettingsResourceIntegrationTest

  Starting logs for NotificationSettingsResourceIntegrationTest > testGetNotificationSettingsForCurrentUserWith_DB_NOT_EMPTY()
    23:44:13.109 | 168 Pool-1-worker-61 | DEBUG | d.t.c.a.a.c.u.util.UserUtilService   : Generate 2 students...
    23:44:13.112 | 168 Pool-1-worker-61 | DEBUG | d.t.c.a.a.c.u.util.UserUtilService   : 2 students generated. Generate 1 tutors...
    23:44:13.116 | 168 Pool-1-worker-61 | DEBUG | d.t.c.a.a.c.u.util.UserUtilService   : 1 tutors generated. Generate 1 editors...
    23:44:13.120 | 168 Pool-1-worker-61 | DEBUG | d.t.c.a.a.c.u.util.UserUtilService   : 1 editors generated. Generate 1 instructors...
    23:44:13.122 | 168 Pool-1-worker-61 | DEBUG | d.t.c.a.a.c.u.util.UserUtilService   : 1 instructors generated
    23:44:13.126 | 168 Pool-1-worker-61 | DEBUG | d.t.c.a.a.c.u.util.UserUtilService   : Removing 1 users from all courses...
    23:44:13.127 | 168 Pool-1-worker-61 | DEBUG | d.t.c.a.a.c.u.util.UserUtilService   : Removing 1 users from all courses. Done
    23:44:13.127 | 168 Pool-1-worker-61 | DEBUG | d.t.c.a.a.c.u.util.UserUtilService   : Save 5 users to database...
    23:44:13.134 | 168 Pool-1-worker-61 | DEBUG | d.t.c.a.a.c.u.util.UserUtilService   : Save 5 users to database. Done
    23:44:13.135 | 168 Pool-1-worker-61 | INFO  | i.z.t.d.l.EmbeddedDatabaseReporter   : JDBC URL to connect to 'dataSource': url='jdbc:h2:tcp://localhost:41063/mem:df70fc46-7e57-4cb5-9cd0-c1d90c14afa7;USER=sa', scope='NotificationSettingsResourceIntegrationTest#testGetNotificationSettingsForCurrentUserWith_DB_NOT_EMPTY'
    23:44:13.137 | 168 Pool-1-worker-61 | DEBUG | d.t.c.a.a.c.s.f.ApiVersionFilter     : Adding Version to Request GET /api/notification-settings
    23:44:13.138 | 168 Pool-1-worker-61 | DEBUG | a.a.c.w.NotificationSettingsResource : REST request to get all NotificationSettings for current user User{login='notificationsettingsresourrcestudent1', firstName='notificationsettingsresourrcestudent1First', lastName='notificationsettingsresourrcestudent1Last', email='notificationsettingsresourrcestudent1@test.de', imageUrl='null', activated='true', langKey='en', activationKey='null'}
    23:44:13.151 | 168 Pool-1-worker-61 | INFO  | a.a.c.w.NotificationSettingsResource : Load notification settings for current user done in 13.58ms

  Starting logs for NotificationSettingsResourceIntegrationTest > testGetNotificationSettingsForCurrentUserWith_DB_EMTPY()
    23:44:13.210 | 168 Pool-1-worker-61 | DEBUG | d.t.c.a.a.c.u.util.UserUtilService   : Generate 2 students...
    23:44:13.216 | 168 Pool-1-worker-61 | DEBUG | d.t.c.a.a.c.u.util.UserUtilService   : 2 students generated. Generate 1 tutors...
    23:44:13.222 | 168 Pool-1-worker-61 | DEBUG | d.t.c.a.a.c.u.util.UserUtilService   : 1 tutors generated. Generate 1 editors...
    23:44:13.229 | 168 Pool-1-worker-61 | DEBUG | d.t.c.a.a.c.u.util.UserUtilService   : 1 editors generated. Generate 1 instructors...
    23:44:13.233 | 168 Pool-1-worker-61 | DEBUG | d.t.c.a.a.c.u.util.UserUtilService   : 1 instructors generated
    23:44:13.237 | 168 Pool-1-worker-61 | DEBUG | d.t.c.a.a.c.u.util.UserUtilService   : Removing 5 users from all courses...
    23:44:13.238 | 168 Pool-1-worker-61 | DEBUG | d.t.c.a.a.c.u.util.UserUtilService   : Removing 5 users from all courses. Done
    23:44:13.238 | 168 Pool-1-worker-61 | DEBUG | d.t.c.a.a.c.u.util.UserUtilService   : Save 5 users to database...
    23:44:13.290 | 168 Pool-1-worker-61 | DEBUG | d.t.c.a.a.c.u.util.UserUtilService   : Save 5 users to database. Done
    23:44:13.293 | 168 Pool-1-worker-61 | INFO  | i.z.t.d.l.EmbeddedDatabaseReporter   : JDBC URL to connect to 'dataSource': url='jdbc:h2:tcp://localhost:41063/mem:df70fc46-7e57-4cb5-9cd0-c1d90c14afa7;USER=sa', scope='NotificationSettingsResourceIntegrationTest#testGetNotificationSettingsForCurrentUserWith_DB_EMTPY'
    23:44:13.294 | 168 Pool-1-worker-61 | DEBUG | d.t.c.a.a.c.s.f.ApiVersionFilter     : Adding Version to Request GET /api/notification-settings
    23:44:13.295 | 168 Pool-1-worker-61 | DEBUG | a.a.c.w.NotificationSettingsResource : REST request to get all NotificationSettings for current user User{login='notificationsettingsresourrcestudent1', firstName='notificationsettingsresourrcestudent1First', lastName='notificationsettingsresourrcestudent1Last', email='notificationsettingsresourrcestudent1@test.de', imageUrl='null', activated='true', langKey='en', activationKey='null'}
    23:44:13.295 | 168 Pool-1-worker-61 | INFO  | a.a.c.w.NotificationSettingsResource : Load notification settings for current user done in 932Âµs

  Starting logs for NotificationSettingsResourceIntegrationTest > testLoadMutedConversations()
    23:44:13.333 | 168 Pool-1-worker-61 | DEBUG | d.t.c.a.a.c.u.util.UserUtilService   : Generate 2 students...
    23:44:13.340 | 168 Pool-1-worker-61 | DEBUG | d.t.c.a.a.c.u.util.UserUtilService   : 2 students generated. Generate 1 tutors...
    23:44:13.346 | 168 Pool-1-worker-61 | DEBUG | d.t.c.a.a.c.u.util.UserUtilService   : 1 tutors generated. Generate 1 editors...
    23:44:13.353 | 168 Pool-1-worker-61 | DEBUG | d.t.c.a.a.c.u.util.UserUtilService   : 1 editors generated. Generate 1 instructors...
    23:44:13.356 | 168 Pool-1-worker-61 | DEBUG | d.t.c.a.a.c.u.util.UserUtilService   : 1 instructors generated
    23:44:13.360 | 168 Pool-1-worker-61 | DEBUG | d.t.c.a.a.c.u.util.UserUtilService   : Removing 5 users from all courses...
    23:44:13.364 | 168 Pool-1-worker-61 | DEBUG | d.t.c.a.a.c.u.util.UserUtilService   : Removing 5 users from all courses. Done
    23:44:13.364 | 168 Pool-1-worker-61 | DEBUG | d.t.c.a.a.c.u.util.UserUtilService   : Save 5 users to database...
    23:44:13.371 | 168 Pool-1-worker-61 | DEBUG | d.t.c.a.a.c.u.util.UserUtilService   : Save 5 users to database. Done
    23:44:13.372 | 168 Pool-1-worker-61 | INFO  | i.z.t.d.l.EmbeddedDatabaseReporter   : JDBC URL to connect to 'dataSource': url='jdbc:h2:tcp://localhost:41063/mem:df70fc46-7e57-4cb5-9cd0-c1d90c14afa7;USER=sa', scope='NotificationSettingsResourceIntegrationTest#testLoadMutedConversations'
    23:44:13.382 | 168 Pool-1-worker-61 | DEBUG | d.t.c.a.a.c.s.f.ApiVersionFilter     : Adding Version to Request GET /api/muted-conversations

  Starting logs for NotificationSettingsResourceIntegrationTest > testSaveNotificationSettingsForCurrentUser_OK()
    23:44:13.418 | 168 Pool-1-worker-61 | DEBUG | d.t.c.a.a.c.u.util.UserUtilService   : Generate 2 students...
    23:44:13.426 | 168 Pool-1-worker-61 | DEBUG | d.t.c.a.a.c.u.util.UserUtilService   : 2 students generated. Generate 1 tutors...
    23:44:13.432 | 168 Pool-1-worker-61 | DEBUG | d.t.c.a.a.c.u.util.UserUtilService   : 1 tutors generated. Generate 1 editors...
    23:44:13.437 | 168 Pool-1-worker-61 | DEBUG | d.t.c.a.a.c.u.util.UserUtilService   : 1 editors generated. Generate 1 instructors...
    23:44:13.443 | 168 Pool-1-worker-61 | DEBUG | d.t.c.a.a.c.u.util.UserUtilService   : 1 instructors generated
    23:44:13.445 | 168 Pool-1-worker-61 | DEBUG | d.t.c.a.a.c.u.util.UserUtilService   : Removing 5 users from all courses...
    23:44:13.450 | 168 Pool-1-worker-61 | DEBUG | d.t.c.a.a.c.u.util.UserUtilService   : Removing 5 users from all courses. Done
    23:44:13.450 | 168 Pool-1-worker-61 | DEBUG | d.t.c.a.a.c.u.util.UserUtilService   : Save 5 users to database...
    23:44:13.460 | 168 Pool-1-worker-61 | DEBUG | d.t.c.a.a.c.u.util.UserUtilService   : Save 5 users to database. Done
    23:44:13.461 | 168 Pool-1-worker-61 | INFO  | i.z.t.d.l.EmbeddedDatabaseReporter   : JDBC URL to connect to 'dataSource': url='jdbc:h2:tcp://localhost:41063/mem:df70fc46-7e57-4cb5-9cd0-c1d90c14afa7;USER=sa', scope='NotificationSettingsResourceIntegrationTest#testSaveNotificationSettingsForCurrentUser_OK'
    23:44:13.462 | 168 Pool-1-worker-61 | DEBUG | d.t.c.a.a.c.s.f.ApiVersionFilter     : Adding Version to Request PUT /api/notification-settings
    23:44:13.486 | 168 Pool-1-worker-61 | DEBUG | a.a.c.w.NotificationSettingsResource : REST request to save NotificationSettings : [NotificationSetting{, settingId='notification.lecture-notification.attachment-changes', webapp=true, email=false, push=true, user=User{login='notificationsettingsresourrcestudent1', firstName='notificationsettingsresourrcestudent1First', lastName='notificationsettingsresourrcestudent1Last', email='notificationsettingsresourrcestudent1@test.de', imageUrl='null', activated='true', langKey='en', activationKey='null'}}, NotificationSetting{, settingId='notification.exercise-notification.exercise-open-for-practice', webapp=false, email=false, push=true, user=User{login='notificationsettingsresourrcestudent1', firstName='notificationsettingsresourrcestudent1First', lastName='notificationsettingsresourrcestudent1Last', email='notificationsettingsresourrcestudent1@test.de', imageUrl='null', activated='true', langKey='en', activationKey='null'}}] for current user User{login='notificationsettingsresourrcestudent1', firstName='notificationsettingsresourrcestudent1First', lastName='notificationsettingsresourrcestudent1Last', email='notificationsettingsresourrcestudent1@test.de', imageUrl='null', activated='true', langKey='en', activationKey='null'}

  Starting logs for NotificationSettingsResourceIntegrationTest > testSaveNotificationSettingsForCurrentUser_BAD_REQUEST()
    23:44:13.532 | 168 Pool-1-worker-61 | DEBUG | d.t.c.a.a.c.u.util.UserUtilService   : Generate 2 students...
    23:44:13.539 | 168 Pool-1-worker-61 | DEBUG | d.t.c.a.a.c.u.util.UserUtilService   : 2 students generated. Generate 1 tutors...
    23:44:13.544 | 168 Pool-1-worker-61 | DEBUG | d.t.c.a.a.c.u.util.UserUtilService   : 1 tutors generated. Generate 1 editors...
    23:44:13.548 | 168 Pool-1-worker-61 | DEBUG | d.t.c.a.a.c.u.util.UserUtilService   : 1 editors generated. Generate 1 instructors...
    23:44:13.553 | 168 Pool-1-worker-61 | DEBUG | d.t.c.a.a.c.u.util.UserUtilService   : 1 instructors generated
    23:44:13.554 | 168 Pool-1-worker-61 | DEBUG | d.t.c.a.a.c.u.util.UserUtilService   : Removing 5 users from all courses...
    23:44:13.555 | 168 Pool-1-worker-61 | DEBUG | d.t.c.a.a.c.u.util.UserUtilService   : Removing 5 users from all courses. Done
    23:44:13.555 | 168 Pool-1-worker-61 | DEBUG | d.t.c.a.a.c.u.util.UserUtilService   : Save 5 users to database...
    23:44:13.559 | 168 Pool-1-worker-61 | DEBUG | d.t.c.a.a.c.u.util.UserUtilService   : Save 5 users to database. Done
    23:44:13.560 | 168 Pool-1-worker-61 | INFO  | i.z.t.d.l.EmbeddedDatabaseReporter   : JDBC URL to connect to 'dataSource': url='jdbc:h2:tcp://localhost:41063/mem:df70fc46-7e57-4cb5-9cd0-c1d90c14afa7;USER=sa', scope='NotificationSettingsResourceIntegrationTest#testSaveNotificationSettingsForCurrentUser_BAD_REQUEST'
    23:44:13.561 | 168 Pool-1-worker-61 | DEBUG | d.t.c.a.a.c.s.f.ApiVersionFilter     : Adding Version to Request PUT /api/notification-settings
    23:44:13.561 | 168 Pool-1-worker-61 | WARN  | o.z.p.spring.common.AdviceTraits     : Bad Request: Required request body is missing: public org.springframework.http.ResponseEntity<de.tum.cit.aet.artemis.communication.domain.NotificationSetting[]> de.tum.cit.aet.artemis.communication.web.NotificationSettingsResource.saveNotificationSettingsForCurrentUser(de.tum.cit.aet.artemis.communication.domain.NotificationSetting[])

Finished logs for NotificationSettingsResourceIntegrationTest
]]></system-out>
  <system-err><![CDATA[]]></system-err>
</testsuite>
