<?xml version="1.0" encoding="UTF-8"?>
<testsuite name="de.tum.cit.aet.artemis.core.aspects.EnforceRoleInExerciseTest" tests="117" skipped="0" failures="0" errors="0" timestamp="2025-02-14T23:44:39" hostname="fv-az1721-502" time="10.621">
  <properties/>
  <testcase name="testAsInstructorOfOtherCourse(String, HttpStatus) [1] endpoint=testEnforceAtLeastStudentInExerciseExplicit, expectedStatus=403 FORBIDDEN" classname="de.tum.cit.aet.artemis.core.aspects.EnforceRoleInExerciseTest" time="0.112"/>
  <testcase name="testAsInstructorOfOtherCourse(String, HttpStatus) [2] endpoint=testEnforceAtLeastStudentInExercise, expectedStatus=403 FORBIDDEN" classname="de.tum.cit.aet.artemis.core.aspects.EnforceRoleInExerciseTest" time="0.081"/>
  <testcase name="testAsInstructorOfOtherCourse(String, HttpStatus) [3] endpoint=testEnforceAtLeastTutorInExerciseExplicit, expectedStatus=403 FORBIDDEN" classname="de.tum.cit.aet.artemis.core.aspects.EnforceRoleInExerciseTest" time="0.11"/>
  <testcase name="testAsInstructorOfOtherCourse(String, HttpStatus) [4] endpoint=testEnforceAtLeastTutorInExercise, expectedStatus=403 FORBIDDEN" classname="de.tum.cit.aet.artemis.core.aspects.EnforceRoleInExerciseTest" time="0.094"/>
  <testcase name="testAsInstructorOfOtherCourse(String, HttpStatus) [5] endpoint=testEnforceAtLeastEditorInExerciseExplicit, expectedStatus=403 FORBIDDEN" classname="de.tum.cit.aet.artemis.core.aspects.EnforceRoleInExerciseTest" time="0.065"/>
  <testcase name="testAsInstructorOfOtherCourse(String, HttpStatus) [6] endpoint=testEnforceAtLeastEditorInExercise, expectedStatus=403 FORBIDDEN" classname="de.tum.cit.aet.artemis.core.aspects.EnforceRoleInExerciseTest" time="0.075"/>
  <testcase name="testAsInstructorOfOtherCourse(String, HttpStatus) [7] endpoint=testEnforceAtLeastInstructorInExerciseExplicit, expectedStatus=403 FORBIDDEN" classname="de.tum.cit.aet.artemis.core.aspects.EnforceRoleInExerciseTest" time="0.098"/>
  <testcase name="testAsInstructorOfOtherCourse(String, HttpStatus) [8] endpoint=testEnforceAtLeastInstructorInExercise, expectedStatus=403 FORBIDDEN" classname="de.tum.cit.aet.artemis.core.aspects.EnforceRoleInExerciseTest" time="0.081"/>
  <testcase name="testAsInstructorOfOtherCourse(String, HttpStatus) [9] endpoint=testEnforceRoleInExerciseFieldName, expectedStatus=403 FORBIDDEN" classname="de.tum.cit.aet.artemis.core.aspects.EnforceRoleInExerciseTest" time="0.128"/>
  <testcase name="testAsInstructorOfOtherCourse(String, HttpStatus) [10] endpoint=testEnforceAtLeastStudentInExerciseFieldName, expectedStatus=403 FORBIDDEN" classname="de.tum.cit.aet.artemis.core.aspects.EnforceRoleInExerciseTest" time="0.084"/>
  <testcase name="testAsInstructorOfOtherCourse(String, HttpStatus) [11] endpoint=testEnforceAtLeastTutorInExerciseFieldName, expectedStatus=403 FORBIDDEN" classname="de.tum.cit.aet.artemis.core.aspects.EnforceRoleInExerciseTest" time="0.074"/>
  <testcase name="testAsInstructorOfOtherCourse(String, HttpStatus) [12] endpoint=testEnforceAtLeastEditorInExerciseFieldName, expectedStatus=403 FORBIDDEN" classname="de.tum.cit.aet.artemis.core.aspects.EnforceRoleInExerciseTest" time="0.12"/>
  <testcase name="testAsInstructorOfOtherCourse(String, HttpStatus) [13] endpoint=testEnforceAtLeastInstructorInExerciseFieldName, expectedStatus=403 FORBIDDEN" classname="de.tum.cit.aet.artemis.core.aspects.EnforceRoleInExerciseTest" time="0.095"/>
  <testcase name="testAsAdmin(String, HttpStatus) [1] endpoint=testEnforceAtLeastStudentInExerciseExplicit, expectedStatus=200 OK" classname="de.tum.cit.aet.artemis.core.aspects.EnforceRoleInExerciseTest" time="0.122"/>
  <testcase name="testAsAdmin(String, HttpStatus) [2] endpoint=testEnforceAtLeastStudentInExercise, expectedStatus=200 OK" classname="de.tum.cit.aet.artemis.core.aspects.EnforceRoleInExerciseTest" time="0.072"/>
  <testcase name="testAsAdmin(String, HttpStatus) [3] endpoint=testEnforceAtLeastTutorInExerciseExplicit, expectedStatus=200 OK" classname="de.tum.cit.aet.artemis.core.aspects.EnforceRoleInExerciseTest" time="0.064"/>
  <testcase name="testAsAdmin(String, HttpStatus) [4] endpoint=testEnforceAtLeastTutorInExercise, expectedStatus=200 OK" classname="de.tum.cit.aet.artemis.core.aspects.EnforceRoleInExerciseTest" time="0.072"/>
  <testcase name="testAsAdmin(String, HttpStatus) [5] endpoint=testEnforceAtLeastEditorInExerciseExplicit, expectedStatus=200 OK" classname="de.tum.cit.aet.artemis.core.aspects.EnforceRoleInExerciseTest" time="0.091"/>
  <testcase name="testAsAdmin(String, HttpStatus) [6] endpoint=testEnforceAtLeastEditorInExercise, expectedStatus=200 OK" classname="de.tum.cit.aet.artemis.core.aspects.EnforceRoleInExerciseTest" time="0.11"/>
  <testcase name="testAsAdmin(String, HttpStatus) [7] endpoint=testEnforceAtLeastInstructorInExerciseExplicit, expectedStatus=200 OK" classname="de.tum.cit.aet.artemis.core.aspects.EnforceRoleInExerciseTest" time="0.109"/>
  <testcase name="testAsAdmin(String, HttpStatus) [8] endpoint=testEnforceAtLeastInstructorInExercise, expectedStatus=200 OK" classname="de.tum.cit.aet.artemis.core.aspects.EnforceRoleInExerciseTest" time="0.066"/>
  <testcase name="testAsAdmin(String, HttpStatus) [9] endpoint=testEnforceRoleInExerciseFieldName, expectedStatus=200 OK" classname="de.tum.cit.aet.artemis.core.aspects.EnforceRoleInExerciseTest" time="0.059"/>
  <testcase name="testAsAdmin(String, HttpStatus) [10] endpoint=testEnforceAtLeastStudentInExerciseFieldName, expectedStatus=200 OK" classname="de.tum.cit.aet.artemis.core.aspects.EnforceRoleInExerciseTest" time="0.083"/>
  <testcase name="testAsAdmin(String, HttpStatus) [11] endpoint=testEnforceAtLeastTutorInExerciseFieldName, expectedStatus=200 OK" classname="de.tum.cit.aet.artemis.core.aspects.EnforceRoleInExerciseTest" time="0.124"/>
  <testcase name="testAsAdmin(String, HttpStatus) [12] endpoint=testEnforceAtLeastEditorInExerciseFieldName, expectedStatus=200 OK" classname="de.tum.cit.aet.artemis.core.aspects.EnforceRoleInExerciseTest" time="0.112"/>
  <testcase name="testAsAdmin(String, HttpStatus) [13] endpoint=testEnforceAtLeastInstructorInExerciseFieldName, expectedStatus=200 OK" classname="de.tum.cit.aet.artemis.core.aspects.EnforceRoleInExerciseTest" time="0.061"/>
  <testcase name="testAsStudentOfOther(String, HttpStatus) [1] endpoint=testEnforceAtLeastStudentInExerciseExplicit, expectedStatus=403 FORBIDDEN" classname="de.tum.cit.aet.artemis.core.aspects.EnforceRoleInExerciseTest" time="0.079"/>
  <testcase name="testAsStudentOfOther(String, HttpStatus) [2] endpoint=testEnforceAtLeastStudentInExercise, expectedStatus=403 FORBIDDEN" classname="de.tum.cit.aet.artemis.core.aspects.EnforceRoleInExerciseTest" time="0.064"/>
  <testcase name="testAsStudentOfOther(String, HttpStatus) [3] endpoint=testEnforceAtLeastTutorInExerciseExplicit, expectedStatus=403 FORBIDDEN" classname="de.tum.cit.aet.artemis.core.aspects.EnforceRoleInExerciseTest" time="0.066"/>
  <testcase name="testAsStudentOfOther(String, HttpStatus) [4] endpoint=testEnforceAtLeastTutorInExercise, expectedStatus=403 FORBIDDEN" classname="de.tum.cit.aet.artemis.core.aspects.EnforceRoleInExerciseTest" time="0.065"/>
  <testcase name="testAsStudentOfOther(String, HttpStatus) [5] endpoint=testEnforceAtLeastEditorInExerciseExplicit, expectedStatus=403 FORBIDDEN" classname="de.tum.cit.aet.artemis.core.aspects.EnforceRoleInExerciseTest" time="0.064"/>
  <testcase name="testAsStudentOfOther(String, HttpStatus) [6] endpoint=testEnforceAtLeastEditorInExercise, expectedStatus=403 FORBIDDEN" classname="de.tum.cit.aet.artemis.core.aspects.EnforceRoleInExerciseTest" time="0.072"/>
  <testcase name="testAsStudentOfOther(String, HttpStatus) [7] endpoint=testEnforceAtLeastInstructorInExerciseExplicit, expectedStatus=403 FORBIDDEN" classname="de.tum.cit.aet.artemis.core.aspects.EnforceRoleInExerciseTest" time="0.131"/>
  <testcase name="testAsStudentOfOther(String, HttpStatus) [8] endpoint=testEnforceAtLeastInstructorInExercise, expectedStatus=403 FORBIDDEN" classname="de.tum.cit.aet.artemis.core.aspects.EnforceRoleInExerciseTest" time="0.092"/>
  <testcase name="testAsStudentOfOther(String, HttpStatus) [9] endpoint=testEnforceRoleInExerciseFieldName, expectedStatus=403 FORBIDDEN" classname="de.tum.cit.aet.artemis.core.aspects.EnforceRoleInExerciseTest" time="0.067"/>
  <testcase name="testAsStudentOfOther(String, HttpStatus) [10] endpoint=testEnforceAtLeastStudentInExerciseFieldName, expectedStatus=403 FORBIDDEN" classname="de.tum.cit.aet.artemis.core.aspects.EnforceRoleInExerciseTest" time="0.054"/>
  <testcase name="testAsStudentOfOther(String, HttpStatus) [11] endpoint=testEnforceAtLeastTutorInExerciseFieldName, expectedStatus=403 FORBIDDEN" classname="de.tum.cit.aet.artemis.core.aspects.EnforceRoleInExerciseTest" time="0.069"/>
  <testcase name="testAsStudentOfOther(String, HttpStatus) [12] endpoint=testEnforceAtLeastEditorInExerciseFieldName, expectedStatus=403 FORBIDDEN" classname="de.tum.cit.aet.artemis.core.aspects.EnforceRoleInExerciseTest" time="0.047"/>
  <testcase name="testAsStudentOfOther(String, HttpStatus) [13] endpoint=testEnforceAtLeastInstructorInExerciseFieldName, expectedStatus=403 FORBIDDEN" classname="de.tum.cit.aet.artemis.core.aspects.EnforceRoleInExerciseTest" time="0.081"/>
  <testcase name="testAsEditorOfCourse(String, HttpStatus) [1] endpoint=testEnforceAtLeastStudentInExerciseExplicit, expectedStatus=200 OK" classname="de.tum.cit.aet.artemis.core.aspects.EnforceRoleInExerciseTest" time="0.069"/>
  <testcase name="testAsEditorOfCourse(String, HttpStatus) [2] endpoint=testEnforceAtLeastStudentInExercise, expectedStatus=200 OK" classname="de.tum.cit.aet.artemis.core.aspects.EnforceRoleInExerciseTest" time="0.068"/>
  <testcase name="testAsEditorOfCourse(String, HttpStatus) [3] endpoint=testEnforceAtLeastTutorInExerciseExplicit, expectedStatus=200 OK" classname="de.tum.cit.aet.artemis.core.aspects.EnforceRoleInExerciseTest" time="0.081"/>
  <testcase name="testAsEditorOfCourse(String, HttpStatus) [4] endpoint=testEnforceAtLeastTutorInExercise, expectedStatus=200 OK" classname="de.tum.cit.aet.artemis.core.aspects.EnforceRoleInExerciseTest" time="0.066"/>
  <testcase name="testAsEditorOfCourse(String, HttpStatus) [5] endpoint=testEnforceAtLeastEditorInExerciseExplicit, expectedStatus=200 OK" classname="de.tum.cit.aet.artemis.core.aspects.EnforceRoleInExerciseTest" time="0.087"/>
  <testcase name="testAsEditorOfCourse(String, HttpStatus) [6] endpoint=testEnforceAtLeastEditorInExercise, expectedStatus=200 OK" classname="de.tum.cit.aet.artemis.core.aspects.EnforceRoleInExerciseTest" time="0.157"/>
  <testcase name="testAsEditorOfCourse(String, HttpStatus) [7] endpoint=testEnforceAtLeastInstructorInExerciseExplicit, expectedStatus=403 FORBIDDEN" classname="de.tum.cit.aet.artemis.core.aspects.EnforceRoleInExerciseTest" time="0.089"/>
  <testcase name="testAsEditorOfCourse(String, HttpStatus) [8] endpoint=testEnforceAtLeastInstructorInExercise, expectedStatus=403 FORBIDDEN" classname="de.tum.cit.aet.artemis.core.aspects.EnforceRoleInExerciseTest" time="0.065"/>
  <testcase name="testAsEditorOfCourse(String, HttpStatus) [9] endpoint=testEnforceRoleInExerciseFieldName, expectedStatus=200 OK" classname="de.tum.cit.aet.artemis.core.aspects.EnforceRoleInExerciseTest" time="0.133"/>
  <testcase name="testAsEditorOfCourse(String, HttpStatus) [10] endpoint=testEnforceAtLeastStudentInExerciseFieldName, expectedStatus=200 OK" classname="de.tum.cit.aet.artemis.core.aspects.EnforceRoleInExerciseTest" time="0.065"/>
  <testcase name="testAsEditorOfCourse(String, HttpStatus) [11] endpoint=testEnforceAtLeastTutorInExerciseFieldName, expectedStatus=200 OK" classname="de.tum.cit.aet.artemis.core.aspects.EnforceRoleInExerciseTest" time="0.063"/>
  <testcase name="testAsEditorOfCourse(String, HttpStatus) [12] endpoint=testEnforceAtLeastEditorInExerciseFieldName, expectedStatus=200 OK" classname="de.tum.cit.aet.artemis.core.aspects.EnforceRoleInExerciseTest" time="0.061"/>
  <testcase name="testAsEditorOfCourse(String, HttpStatus) [13] endpoint=testEnforceAtLeastInstructorInExerciseFieldName, expectedStatus=403 FORBIDDEN" classname="de.tum.cit.aet.artemis.core.aspects.EnforceRoleInExerciseTest" time="0.064"/>
  <testcase name="testAsInstructorOfCourse(String, HttpStatus) [1] endpoint=testEnforceAtLeastStudentInExerciseExplicit, expectedStatus=200 OK" classname="de.tum.cit.aet.artemis.core.aspects.EnforceRoleInExerciseTest" time="0.083"/>
  <testcase name="testAsInstructorOfCourse(String, HttpStatus) [2] endpoint=testEnforceAtLeastStudentInExercise, expectedStatus=200 OK" classname="de.tum.cit.aet.artemis.core.aspects.EnforceRoleInExerciseTest" time="0.065"/>
  <testcase name="testAsInstructorOfCourse(String, HttpStatus) [3] endpoint=testEnforceAtLeastTutorInExerciseExplicit, expectedStatus=200 OK" classname="de.tum.cit.aet.artemis.core.aspects.EnforceRoleInExerciseTest" time="0.071"/>
  <testcase name="testAsInstructorOfCourse(String, HttpStatus) [4] endpoint=testEnforceAtLeastTutorInExercise, expectedStatus=200 OK" classname="de.tum.cit.aet.artemis.core.aspects.EnforceRoleInExerciseTest" time="0.071"/>
  <testcase name="testAsInstructorOfCourse(String, HttpStatus) [5] endpoint=testEnforceAtLeastEditorInExerciseExplicit, expectedStatus=200 OK" classname="de.tum.cit.aet.artemis.core.aspects.EnforceRoleInExerciseTest" time="0.07"/>
  <testcase name="testAsInstructorOfCourse(String, HttpStatus) [6] endpoint=testEnforceAtLeastEditorInExercise, expectedStatus=200 OK" classname="de.tum.cit.aet.artemis.core.aspects.EnforceRoleInExerciseTest" time="0.086"/>
  <testcase name="testAsInstructorOfCourse(String, HttpStatus) [7] endpoint=testEnforceAtLeastInstructorInExerciseExplicit, expectedStatus=200 OK" classname="de.tum.cit.aet.artemis.core.aspects.EnforceRoleInExerciseTest" time="0.066"/>
  <testcase name="testAsInstructorOfCourse(String, HttpStatus) [8] endpoint=testEnforceAtLeastInstructorInExercise, expectedStatus=200 OK" classname="de.tum.cit.aet.artemis.core.aspects.EnforceRoleInExerciseTest" time="0.072"/>
  <testcase name="testAsInstructorOfCourse(String, HttpStatus) [9] endpoint=testEnforceRoleInExerciseFieldName, expectedStatus=200 OK" classname="de.tum.cit.aet.artemis.core.aspects.EnforceRoleInExerciseTest" time="0.069"/>
  <testcase name="testAsInstructorOfCourse(String, HttpStatus) [10] endpoint=testEnforceAtLeastStudentInExerciseFieldName, expectedStatus=200 OK" classname="de.tum.cit.aet.artemis.core.aspects.EnforceRoleInExerciseTest" time="0.073"/>
  <testcase name="testAsInstructorOfCourse(String, HttpStatus) [11] endpoint=testEnforceAtLeastTutorInExerciseFieldName, expectedStatus=200 OK" classname="de.tum.cit.aet.artemis.core.aspects.EnforceRoleInExerciseTest" time="0.074"/>
  <testcase name="testAsInstructorOfCourse(String, HttpStatus) [12] endpoint=testEnforceAtLeastEditorInExerciseFieldName, expectedStatus=200 OK" classname="de.tum.cit.aet.artemis.core.aspects.EnforceRoleInExerciseTest" time="0.073"/>
  <testcase name="testAsInstructorOfCourse(String, HttpStatus) [13] endpoint=testEnforceAtLeastInstructorInExerciseFieldName, expectedStatus=200 OK" classname="de.tum.cit.aet.artemis.core.aspects.EnforceRoleInExerciseTest" time="0.094"/>
  <testcase name="testAsTutorOfCourse(String, HttpStatus) [1] endpoint=testEnforceAtLeastStudentInExerciseExplicit, expectedStatus=200 OK" classname="de.tum.cit.aet.artemis.core.aspects.EnforceRoleInExerciseTest" time="0.116"/>
  <testcase name="testAsTutorOfCourse(String, HttpStatus) [2] endpoint=testEnforceAtLeastStudentInExercise, expectedStatus=200 OK" classname="de.tum.cit.aet.artemis.core.aspects.EnforceRoleInExerciseTest" time="0.079"/>
  <testcase name="testAsTutorOfCourse(String, HttpStatus) [3] endpoint=testEnforceAtLeastTutorInExerciseExplicit, expectedStatus=200 OK" classname="de.tum.cit.aet.artemis.core.aspects.EnforceRoleInExerciseTest" time="0.067"/>
  <testcase name="testAsTutorOfCourse(String, HttpStatus) [4] endpoint=testEnforceAtLeastTutorInExercise, expectedStatus=200 OK" classname="de.tum.cit.aet.artemis.core.aspects.EnforceRoleInExerciseTest" time="0.075"/>
  <testcase name="testAsTutorOfCourse(String, HttpStatus) [5] endpoint=testEnforceAtLeastEditorInExerciseExplicit, expectedStatus=403 FORBIDDEN" classname="de.tum.cit.aet.artemis.core.aspects.EnforceRoleInExerciseTest" time="0.079"/>
  <testcase name="testAsTutorOfCourse(String, HttpStatus) [6] endpoint=testEnforceAtLeastEditorInExercise, expectedStatus=403 FORBIDDEN" classname="de.tum.cit.aet.artemis.core.aspects.EnforceRoleInExerciseTest" time="0.072"/>
  <testcase name="testAsTutorOfCourse(String, HttpStatus) [7] endpoint=testEnforceAtLeastInstructorInExerciseExplicit, expectedStatus=403 FORBIDDEN" classname="de.tum.cit.aet.artemis.core.aspects.EnforceRoleInExerciseTest" time="0.078"/>
  <testcase name="testAsTutorOfCourse(String, HttpStatus) [8] endpoint=testEnforceAtLeastInstructorInExercise, expectedStatus=403 FORBIDDEN" classname="de.tum.cit.aet.artemis.core.aspects.EnforceRoleInExerciseTest" time="0.071"/>
  <testcase name="testAsTutorOfCourse(String, HttpStatus) [9] endpoint=testEnforceRoleInExerciseFieldName, expectedStatus=200 OK" classname="de.tum.cit.aet.artemis.core.aspects.EnforceRoleInExerciseTest" time="0.075"/>
  <testcase name="testAsTutorOfCourse(String, HttpStatus) [10] endpoint=testEnforceAtLeastStudentInExerciseFieldName, expectedStatus=200 OK" classname="de.tum.cit.aet.artemis.core.aspects.EnforceRoleInExerciseTest" time="0.068"/>
  <testcase name="testAsTutorOfCourse(String, HttpStatus) [11] endpoint=testEnforceAtLeastTutorInExerciseFieldName, expectedStatus=200 OK" classname="de.tum.cit.aet.artemis.core.aspects.EnforceRoleInExerciseTest" time="0.112"/>
  <testcase name="testAsTutorOfCourse(String, HttpStatus) [12] endpoint=testEnforceAtLeastEditorInExerciseFieldName, expectedStatus=403 FORBIDDEN" classname="de.tum.cit.aet.artemis.core.aspects.EnforceRoleInExerciseTest" time="0.17"/>
  <testcase name="testAsTutorOfCourse(String, HttpStatus) [13] endpoint=testEnforceAtLeastInstructorInExerciseFieldName, expectedStatus=403 FORBIDDEN" classname="de.tum.cit.aet.artemis.core.aspects.EnforceRoleInExerciseTest" time="0.191"/>
  <testcase name="testAsStudentOfCourse(String, HttpStatus) [1] endpoint=testEnforceAtLeastStudentInExerciseExplicit, expectedStatus=200 OK" classname="de.tum.cit.aet.artemis.core.aspects.EnforceRoleInExerciseTest" time="0.146"/>
  <testcase name="testAsStudentOfCourse(String, HttpStatus) [2] endpoint=testEnforceAtLeastStudentInExercise, expectedStatus=200 OK" classname="de.tum.cit.aet.artemis.core.aspects.EnforceRoleInExerciseTest" time="0.113"/>
  <testcase name="testAsStudentOfCourse(String, HttpStatus) [3] endpoint=testEnforceAtLeastTutorInExerciseExplicit, expectedStatus=403 FORBIDDEN" classname="de.tum.cit.aet.artemis.core.aspects.EnforceRoleInExerciseTest" time="0.107"/>
  <testcase name="testAsStudentOfCourse(String, HttpStatus) [4] endpoint=testEnforceAtLeastTutorInExercise, expectedStatus=403 FORBIDDEN" classname="de.tum.cit.aet.artemis.core.aspects.EnforceRoleInExerciseTest" time="0.08"/>
  <testcase name="testAsStudentOfCourse(String, HttpStatus) [5] endpoint=testEnforceAtLeastEditorInExerciseExplicit, expectedStatus=403 FORBIDDEN" classname="de.tum.cit.aet.artemis.core.aspects.EnforceRoleInExerciseTest" time="0.079"/>
  <testcase name="testAsStudentOfCourse(String, HttpStatus) [6] endpoint=testEnforceAtLeastEditorInExercise, expectedStatus=403 FORBIDDEN" classname="de.tum.cit.aet.artemis.core.aspects.EnforceRoleInExerciseTest" time="0.127"/>
  <testcase name="testAsStudentOfCourse(String, HttpStatus) [7] endpoint=testEnforceAtLeastInstructorInExerciseExplicit, expectedStatus=403 FORBIDDEN" classname="de.tum.cit.aet.artemis.core.aspects.EnforceRoleInExerciseTest" time="0.083"/>
  <testcase name="testAsStudentOfCourse(String, HttpStatus) [8] endpoint=testEnforceAtLeastInstructorInExercise, expectedStatus=403 FORBIDDEN" classname="de.tum.cit.aet.artemis.core.aspects.EnforceRoleInExerciseTest" time="0.064"/>
  <testcase name="testAsStudentOfCourse(String, HttpStatus) [9] endpoint=testEnforceRoleInExerciseFieldName, expectedStatus=200 OK" classname="de.tum.cit.aet.artemis.core.aspects.EnforceRoleInExerciseTest" time="0.069"/>
  <testcase name="testAsStudentOfCourse(String, HttpStatus) [10] endpoint=testEnforceAtLeastStudentInExerciseFieldName, expectedStatus=200 OK" classname="de.tum.cit.aet.artemis.core.aspects.EnforceRoleInExerciseTest" time="0.133"/>
  <testcase name="testAsStudentOfCourse(String, HttpStatus) [11] endpoint=testEnforceAtLeastTutorInExerciseFieldName, expectedStatus=403 FORBIDDEN" classname="de.tum.cit.aet.artemis.core.aspects.EnforceRoleInExerciseTest" time="0.141"/>
  <testcase name="testAsStudentOfCourse(String, HttpStatus) [12] endpoint=testEnforceAtLeastEditorInExerciseFieldName, expectedStatus=403 FORBIDDEN" classname="de.tum.cit.aet.artemis.core.aspects.EnforceRoleInExerciseTest" time="0.136"/>
  <testcase name="testAsStudentOfCourse(String, HttpStatus) [13] endpoint=testEnforceAtLeastInstructorInExerciseFieldName, expectedStatus=403 FORBIDDEN" classname="de.tum.cit.aet.artemis.core.aspects.EnforceRoleInExerciseTest" time="0.078"/>
  <testcase name="testAsEditorOfOtherCourse(String, HttpStatus) [1] endpoint=testEnforceAtLeastStudentInExerciseExplicit, expectedStatus=403 FORBIDDEN" classname="de.tum.cit.aet.artemis.core.aspects.EnforceRoleInExerciseTest" time="0.089"/>
  <testcase name="testAsEditorOfOtherCourse(String, HttpStatus) [2] endpoint=testEnforceAtLeastStudentInExercise, expectedStatus=403 FORBIDDEN" classname="de.tum.cit.aet.artemis.core.aspects.EnforceRoleInExerciseTest" time="0.091"/>
  <testcase name="testAsEditorOfOtherCourse(String, HttpStatus) [3] endpoint=testEnforceAtLeastTutorInExerciseExplicit, expectedStatus=403 FORBIDDEN" classname="de.tum.cit.aet.artemis.core.aspects.EnforceRoleInExerciseTest" time="0.068"/>
  <testcase name="testAsEditorOfOtherCourse(String, HttpStatus) [4] endpoint=testEnforceAtLeastTutorInExercise, expectedStatus=403 FORBIDDEN" classname="de.tum.cit.aet.artemis.core.aspects.EnforceRoleInExerciseTest" time="0.081"/>
  <testcase name="testAsEditorOfOtherCourse(String, HttpStatus) [5] endpoint=testEnforceAtLeastEditorInExerciseExplicit, expectedStatus=403 FORBIDDEN" classname="de.tum.cit.aet.artemis.core.aspects.EnforceRoleInExerciseTest" time="0.085"/>
  <testcase name="testAsEditorOfOtherCourse(String, HttpStatus) [6] endpoint=testEnforceAtLeastEditorInExercise, expectedStatus=403 FORBIDDEN" classname="de.tum.cit.aet.artemis.core.aspects.EnforceRoleInExerciseTest" time="0.077"/>
  <testcase name="testAsEditorOfOtherCourse(String, HttpStatus) [7] endpoint=testEnforceAtLeastInstructorInExerciseExplicit, expectedStatus=403 FORBIDDEN" classname="de.tum.cit.aet.artemis.core.aspects.EnforceRoleInExerciseTest" time="0.108"/>
  <testcase name="testAsEditorOfOtherCourse(String, HttpStatus) [8] endpoint=testEnforceAtLeastInstructorInExercise, expectedStatus=403 FORBIDDEN" classname="de.tum.cit.aet.artemis.core.aspects.EnforceRoleInExerciseTest" time="0.13"/>
  <testcase name="testAsEditorOfOtherCourse(String, HttpStatus) [9] endpoint=testEnforceRoleInExerciseFieldName, expectedStatus=403 FORBIDDEN" classname="de.tum.cit.aet.artemis.core.aspects.EnforceRoleInExerciseTest" time="0.071"/>
  <testcase name="testAsEditorOfOtherCourse(String, HttpStatus) [10] endpoint=testEnforceAtLeastStudentInExerciseFieldName, expectedStatus=403 FORBIDDEN" classname="de.tum.cit.aet.artemis.core.aspects.EnforceRoleInExerciseTest" time="0.109"/>
  <testcase name="testAsEditorOfOtherCourse(String, HttpStatus) [11] endpoint=testEnforceAtLeastTutorInExerciseFieldName, expectedStatus=403 FORBIDDEN" classname="de.tum.cit.aet.artemis.core.aspects.EnforceRoleInExerciseTest" time="0.074"/>
  <testcase name="testAsEditorOfOtherCourse(String, HttpStatus) [12] endpoint=testEnforceAtLeastEditorInExerciseFieldName, expectedStatus=403 FORBIDDEN" classname="de.tum.cit.aet.artemis.core.aspects.EnforceRoleInExerciseTest" time="0.068"/>
  <testcase name="testAsEditorOfOtherCourse(String, HttpStatus) [13] endpoint=testEnforceAtLeastInstructorInExerciseFieldName, expectedStatus=403 FORBIDDEN" classname="de.tum.cit.aet.artemis.core.aspects.EnforceRoleInExerciseTest" time="0.064"/>
  <testcase name="testAsTutorOfOtherCourse(String, HttpStatus) [1] endpoint=testEnforceAtLeastStudentInExerciseExplicit, expectedStatus=403 FORBIDDEN" classname="de.tum.cit.aet.artemis.core.aspects.EnforceRoleInExerciseTest" time="0.069"/>
  <testcase name="testAsTutorOfOtherCourse(String, HttpStatus) [2] endpoint=testEnforceAtLeastStudentInExercise, expectedStatus=403 FORBIDDEN" classname="de.tum.cit.aet.artemis.core.aspects.EnforceRoleInExerciseTest" time="0.096"/>
  <testcase name="testAsTutorOfOtherCourse(String, HttpStatus) [3] endpoint=testEnforceAtLeastTutorInExerciseExplicit, expectedStatus=403 FORBIDDEN" classname="de.tum.cit.aet.artemis.core.aspects.EnforceRoleInExerciseTest" time="0.067"/>
  <testcase name="testAsTutorOfOtherCourse(String, HttpStatus) [4] endpoint=testEnforceAtLeastTutorInExercise, expectedStatus=403 FORBIDDEN" classname="de.tum.cit.aet.artemis.core.aspects.EnforceRoleInExerciseTest" time="0.092"/>
  <testcase name="testAsTutorOfOtherCourse(String, HttpStatus) [5] endpoint=testEnforceAtLeastEditorInExerciseExplicit, expectedStatus=403 FORBIDDEN" classname="de.tum.cit.aet.artemis.core.aspects.EnforceRoleInExerciseTest" time="0.091"/>
  <testcase name="testAsTutorOfOtherCourse(String, HttpStatus) [6] endpoint=testEnforceAtLeastEditorInExercise, expectedStatus=403 FORBIDDEN" classname="de.tum.cit.aet.artemis.core.aspects.EnforceRoleInExerciseTest" time="0.084"/>
  <testcase name="testAsTutorOfOtherCourse(String, HttpStatus) [7] endpoint=testEnforceAtLeastInstructorInExerciseExplicit, expectedStatus=403 FORBIDDEN" classname="de.tum.cit.aet.artemis.core.aspects.EnforceRoleInExerciseTest" time="0.084"/>
  <testcase name="testAsTutorOfOtherCourse(String, HttpStatus) [8] endpoint=testEnforceAtLeastInstructorInExercise, expectedStatus=403 FORBIDDEN" classname="de.tum.cit.aet.artemis.core.aspects.EnforceRoleInExerciseTest" time="0.107"/>
  <testcase name="testAsTutorOfOtherCourse(String, HttpStatus) [9] endpoint=testEnforceRoleInExerciseFieldName, expectedStatus=403 FORBIDDEN" classname="de.tum.cit.aet.artemis.core.aspects.EnforceRoleInExerciseTest" time="0.098"/>
  <testcase name="testAsTutorOfOtherCourse(String, HttpStatus) [10] endpoint=testEnforceAtLeastStudentInExerciseFieldName, expectedStatus=403 FORBIDDEN" classname="de.tum.cit.aet.artemis.core.aspects.EnforceRoleInExerciseTest" time="0.145"/>
  <testcase name="testAsTutorOfOtherCourse(String, HttpStatus) [11] endpoint=testEnforceAtLeastTutorInExerciseFieldName, expectedStatus=403 FORBIDDEN" classname="de.tum.cit.aet.artemis.core.aspects.EnforceRoleInExerciseTest" time="0.102"/>
  <testcase name="testAsTutorOfOtherCourse(String, HttpStatus) [12] endpoint=testEnforceAtLeastEditorInExerciseFieldName, expectedStatus=403 FORBIDDEN" classname="de.tum.cit.aet.artemis.core.aspects.EnforceRoleInExerciseTest" time="0.152"/>
  <testcase name="testAsTutorOfOtherCourse(String, HttpStatus) [13] endpoint=testEnforceAtLeastInstructorInExerciseFieldName, expectedStatus=403 FORBIDDEN" classname="de.tum.cit.aet.artemis.core.aspects.EnforceRoleInExerciseTest" time="0.077"/>
  <system-out><![CDATA[
Starting logs for EnforceRoleInExerciseTest

  Starting logs for EnforceRoleInExerciseTest > testAsInstructorOfOtherCourse(String, HttpStatus) [1] endpoint=testEnforceAtLeastStudentInExerciseExplicit, expectedStatus=403 FORBIDDEN
    23:44:39.251 | 194 Pool-1-worker-87 | DEBUG | d.t.c.a.a.c.u.util.UserUtilService   : Generate 1 students...
    23:44:39.253 | 194 Pool-1-worker-87 | DEBUG | d.t.c.a.a.c.u.util.UserUtilService   : 1 students generated. Generate 1 tutors...
    23:44:39.262 | 194 Pool-1-worker-87 | DEBUG | d.t.c.a.a.c.u.util.UserUtilService   : 1 tutors generated. Generate 1 editors...
    23:44:39.269 | 194 Pool-1-worker-87 | DEBUG | d.t.c.a.a.c.u.util.UserUtilService   : 1 editors generated. Generate 1 instructors...
    23:44:39.271 | 194 Pool-1-worker-87 | DEBUG | d.t.c.a.a.c.u.util.UserUtilService   : 1 instructors generated
    23:44:39.278 | 194 Pool-1-worker-87 | DEBUG | d.t.c.a.a.c.u.util.UserUtilService   : Removing 8 users from all courses...
    23:44:39.282 | 194 Pool-1-worker-87 | DEBUG | d.t.c.a.a.c.u.util.UserUtilService   : Removing 8 users from all courses. Done
    23:44:39.282 | 194 Pool-1-worker-87 | DEBUG | d.t.c.a.a.c.u.util.UserUtilService   : Save 4 users to database...
    23:44:39.285 | 194 Pool-1-worker-87 | DEBUG | d.t.c.a.a.c.u.util.UserUtilService   : Save 4 users to database. Done
    23:44:39.324 | 194 Pool-1-worker-87 | INFO  | i.z.t.d.l.EmbeddedDatabaseReporter   : JDBC URL to connect to 'dataSource': url='jdbc:h2:tcp://localhost:41063/mem:df70fc46-7e57-4cb5-9cd0-c1d90c14afa7;USER=sa', scope='EnforceRoleInExerciseTest#testAsInstructorOfOtherCourse'
    23:44:39.325 | 194 Pool-1-worker-87 | DEBUG | d.t.c.a.a.c.s.f.ApiVersionFilter     : Adding Version to Request GET /api/test/testEnforceAtLeastStudentInExerciseExplicit/1602
    23:44:39.330 | 194 Pool-1-worker-87 | WARN  | o.z.p.spring.common.AdviceTraits     : Forbidden: You are not allowed to access the Exercise with id 1602

  Starting logs for EnforceRoleInExerciseTest > testAsInstructorOfOtherCourse(String, HttpStatus) [2] endpoint=testEnforceAtLeastStudentInExercise, expectedStatus=403 FORBIDDEN
    23:44:39.347 | 194 Pool-1-worker-87 | DEBUG | d.t.c.a.a.c.u.util.UserUtilService   : Generate 1 students...
    23:44:39.350 | 194 Pool-1-worker-87 | DEBUG | d.t.c.a.a.c.u.util.UserUtilService   : 1 students generated. Generate 1 tutors...
    23:44:39.353 | 194 Pool-1-worker-87 | DEBUG | d.t.c.a.a.c.u.util.UserUtilService   : 1 tutors generated. Generate 1 editors...
    23:44:39.355 | 194 Pool-1-worker-87 | DEBUG | d.t.c.a.a.c.u.util.UserUtilService   : 1 editors generated. Generate 1 instructors...
    23:44:39.358 | 194 Pool-1-worker-87 | DEBUG | d.t.c.a.a.c.u.util.UserUtilService   : 1 instructors generated
    23:44:39.360 | 194 Pool-1-worker-87 | DEBUG | d.t.c.a.a.c.u.util.UserUtilService   : Removing 8 users from all courses...
    23:44:39.361 | 194 Pool-1-worker-87 | DEBUG | d.t.c.a.a.c.u.util.UserUtilService   : Removing 8 users from all courses. Done
    23:44:39.361 | 194 Pool-1-worker-87 | DEBUG | d.t.c.a.a.c.u.util.UserUtilService   : Save 4 users to database...
    23:44:39.369 | 194 Pool-1-worker-87 | DEBUG | d.t.c.a.a.c.u.util.UserUtilService   : Save 4 users to database. Done
    23:44:39.400 | 194 Pool-1-worker-87 | INFO  | i.z.t.d.l.EmbeddedDatabaseReporter   : JDBC URL to connect to 'dataSource': url='jdbc:h2:tcp://localhost:41063/mem:df70fc46-7e57-4cb5-9cd0-c1d90c14afa7;USER=sa', scope='EnforceRoleInExerciseTest#testAsInstructorOfOtherCourse'
    23:44:39.401 | 194 Pool-1-worker-87 | DEBUG | d.t.c.a.a.c.s.f.ApiVersionFilter     : Adding Version to Request GET /api/test/testEnforceAtLeastStudentInExercise/1603
    23:44:39.404 | 194 Pool-1-worker-87 | WARN  | o.z.p.spring.common.AdviceTraits     : Forbidden: You are not allowed to access the Exercise with id 1603

  Starting logs for EnforceRoleInExerciseTest > testAsInstructorOfOtherCourse(String, HttpStatus) [3] endpoint=testEnforceAtLeastTutorInExerciseExplicit, expectedStatus=403 FORBIDDEN
    23:44:39.438 | 194 Pool-1-worker-87 | DEBUG | d.t.c.a.a.c.u.util.UserUtilService   : Generate 1 students...
    23:44:39.444 | 194 Pool-1-worker-87 | DEBUG | d.t.c.a.a.c.u.util.UserUtilService   : 1 students generated. Generate 1 tutors...
    23:44:39.448 | 194 Pool-1-worker-87 | DEBUG | d.t.c.a.a.c.u.util.UserUtilService   : 1 tutors generated. Generate 1 editors...
    23:44:39.453 | 194 Pool-1-worker-87 | DEBUG | d.t.c.a.a.c.u.util.UserUtilService   : 1 editors generated. Generate 1 instructors...
    23:44:39.458 | 194 Pool-1-worker-87 | DEBUG | d.t.c.a.a.c.u.util.UserUtilService   : 1 instructors generated
    23:44:39.464 | 194 Pool-1-worker-87 | DEBUG | d.t.c.a.a.c.u.util.UserUtilService   : Removing 8 users from all courses...
    23:44:39.465 | 194 Pool-1-worker-87 | DEBUG | d.t.c.a.a.c.u.util.UserUtilService   : Removing 8 users from all courses. Done
    23:44:39.465 | 194 Pool-1-worker-87 | DEBUG | d.t.c.a.a.c.u.util.UserUtilService   : Save 4 users to database...
    23:44:39.471 | 194 Pool-1-worker-87 | DEBUG | d.t.c.a.a.c.u.util.UserUtilService   : Save 4 users to database. Done
    23:44:39.521 | 194 Pool-1-worker-87 | INFO  | i.z.t.d.l.EmbeddedDatabaseReporter   : JDBC URL to connect to 'dataSource': url='jdbc:h2:tcp://localhost:41063/mem:df70fc46-7e57-4cb5-9cd0-c1d90c14afa7;USER=sa', scope='EnforceRoleInExerciseTest#testAsInstructorOfOtherCourse'
    23:44:39.522 | 194 Pool-1-worker-87 | DEBUG | d.t.c.a.a.c.s.f.ApiVersionFilter     : Adding Version to Request GET /api/test/testEnforceAtLeastTutorInExerciseExplicit/1604
    23:44:39.525 | 194 Pool-1-worker-87 | WARN  | o.z.p.spring.common.AdviceTraits     : Forbidden: You are not allowed to access the Exercise with id 1604

  Starting logs for EnforceRoleInExerciseTest > testAsInstructorOfOtherCourse(String, HttpStatus) [4] endpoint=testEnforceAtLeastTutorInExercise, expectedStatus=403 FORBIDDEN
    23:44:39.545 | 194 Pool-1-worker-87 | DEBUG | d.t.c.a.a.c.u.util.UserUtilService   : Generate 1 students...
    23:44:39.550 | 194 Pool-1-worker-87 | DEBUG | d.t.c.a.a.c.u.util.UserUtilService   : 1 students generated. Generate 1 tutors...
    23:44:39.559 | 194 Pool-1-worker-87 | DEBUG | d.t.c.a.a.c.u.util.UserUtilService   : 1 tutors generated. Generate 1 editors...
    23:44:39.563 | 194 Pool-1-worker-87 | DEBUG | d.t.c.a.a.c.u.util.UserUtilService   : 1 editors generated. Generate 1 instructors...
    23:44:39.567 | 194 Pool-1-worker-87 | DEBUG | d.t.c.a.a.c.u.util.UserUtilService   : 1 instructors generated
    23:44:39.572 | 194 Pool-1-worker-87 | DEBUG | d.t.c.a.a.c.u.util.UserUtilService   : Removing 8 users from all courses...
    23:44:39.573 | 194 Pool-1-worker-87 | DEBUG | d.t.c.a.a.c.u.util.UserUtilService   : Removing 8 users from all courses. Done
    23:44:39.573 | 194 Pool-1-worker-87 | DEBUG | d.t.c.a.a.c.u.util.UserUtilService   : Save 4 users to database...
    23:44:39.581 | 194 Pool-1-worker-87 | DEBUG | d.t.c.a.a.c.u.util.UserUtilService   : Save 4 users to database. Done
    23:44:39.617 | 194 Pool-1-worker-87 | INFO  | i.z.t.d.l.EmbeddedDatabaseReporter   : JDBC URL to connect to 'dataSource': url='jdbc:h2:tcp://localhost:41063/mem:df70fc46-7e57-4cb5-9cd0-c1d90c14afa7;USER=sa', scope='EnforceRoleInExerciseTest#testAsInstructorOfOtherCourse'
    23:44:39.618 | 194 Pool-1-worker-87 | DEBUG | d.t.c.a.a.c.s.f.ApiVersionFilter     : Adding Version to Request GET /api/test/testEnforceAtLeastTutorInExercise/1605
    23:44:39.621 | 194 Pool-1-worker-87 | WARN  | o.z.p.spring.common.AdviceTraits     : Forbidden: You are not allowed to access the Exercise with id 1605

  Starting logs for EnforceRoleInExerciseTest > testAsInstructorOfOtherCourse(String, HttpStatus) [5] endpoint=testEnforceAtLeastEditorInExerciseExplicit, expectedStatus=403 FORBIDDEN
    23:44:39.636 | 194 Pool-1-worker-87 | DEBUG | d.t.c.a.a.c.u.util.UserUtilService   : Generate 1 students...
    23:44:39.639 | 194 Pool-1-worker-87 | DEBUG | d.t.c.a.a.c.u.util.UserUtilService   : 1 students generated. Generate 1 tutors...
    23:44:39.642 | 194 Pool-1-worker-87 | DEBUG | d.t.c.a.a.c.u.util.UserUtilService   : 1 tutors generated. Generate 1 editors...
    23:44:39.644 | 194 Pool-1-worker-87 | DEBUG | d.t.c.a.a.c.u.util.UserUtilService   : 1 editors generated. Generate 1 instructors...
    23:44:39.647 | 194 Pool-1-worker-87 | DEBUG | d.t.c.a.a.c.u.util.UserUtilService   : 1 instructors generated
    23:44:39.649 | 194 Pool-1-worker-87 | DEBUG | d.t.c.a.a.c.u.util.UserUtilService   : Removing 8 users from all courses...
    23:44:39.650 | 194 Pool-1-worker-87 | DEBUG | d.t.c.a.a.c.u.util.UserUtilService   : Removing 8 users from all courses. Done
    23:44:39.650 | 194 Pool-1-worker-87 | DEBUG | d.t.c.a.a.c.u.util.UserUtilService   : Save 4 users to database...
    23:44:39.654 | 194 Pool-1-worker-87 | DEBUG | d.t.c.a.a.c.u.util.UserUtilService   : Save 4 users to database. Done
    23:44:39.684 | 194 Pool-1-worker-87 | INFO  | i.z.t.d.l.EmbeddedDatabaseReporter   : JDBC URL to connect to 'dataSource': url='jdbc:h2:tcp://localhost:41063/mem:df70fc46-7e57-4cb5-9cd0-c1d90c14afa7;USER=sa', scope='EnforceRoleInExerciseTest#testAsInstructorOfOtherCourse'
    23:44:39.686 | 194 Pool-1-worker-87 | DEBUG | d.t.c.a.a.c.s.f.ApiVersionFilter     : Adding Version to Request GET /api/test/testEnforceAtLeastEditorInExerciseExplicit/1606
    23:44:39.689 | 194 Pool-1-worker-87 | WARN  | o.z.p.spring.common.AdviceTraits     : Forbidden: You are not allowed to access the Exercise with id 1606

  Starting logs for EnforceRoleInExerciseTest > testAsInstructorOfOtherCourse(String, HttpStatus) [6] endpoint=testEnforceAtLeastEditorInExercise, expectedStatus=403 FORBIDDEN
    23:44:39.702 | 194 Pool-1-worker-87 | DEBUG | d.t.c.a.a.c.u.util.UserUtilService   : Generate 1 students...
    23:44:39.705 | 194 Pool-1-worker-87 | DEBUG | d.t.c.a.a.c.u.util.UserUtilService   : 1 students generated. Generate 1 tutors...
    23:44:39.707 | 194 Pool-1-worker-87 | DEBUG | d.t.c.a.a.c.u.util.UserUtilService   : 1 tutors generated. Generate 1 editors...
    23:44:39.710 | 194 Pool-1-worker-87 | DEBUG | d.t.c.a.a.c.u.util.UserUtilService   : 1 editors generated. Generate 1 instructors...
    23:44:39.713 | 194 Pool-1-worker-87 | DEBUG | d.t.c.a.a.c.u.util.UserUtilService   : 1 instructors generated
    23:44:39.714 | 194 Pool-1-worker-87 | DEBUG | d.t.c.a.a.c.u.util.UserUtilService   : Removing 8 users from all courses...
    23:44:39.715 | 194 Pool-1-worker-87 | DEBUG | d.t.c.a.a.c.u.util.UserUtilService   : Removing 8 users from all courses. Done
    23:44:39.715 | 194 Pool-1-worker-87 | DEBUG | d.t.c.a.a.c.u.util.UserUtilService   : Save 4 users to database...
    23:44:39.719 | 194 Pool-1-worker-87 | DEBUG | d.t.c.a.a.c.u.util.UserUtilService   : Save 4 users to database. Done
    23:44:39.760 | 194 Pool-1-worker-87 | INFO  | i.z.t.d.l.EmbeddedDatabaseReporter   : JDBC URL to connect to 'dataSource': url='jdbc:h2:tcp://localhost:41063/mem:df70fc46-7e57-4cb5-9cd0-c1d90c14afa7;USER=sa', scope='EnforceRoleInExerciseTest#testAsInstructorOfOtherCourse'
    23:44:39.761 | 194 Pool-1-worker-87 | DEBUG | d.t.c.a.a.c.s.f.ApiVersionFilter     : Adding Version to Request GET /api/test/testEnforceAtLeastEditorInExercise/1607
    23:44:39.764 | 194 Pool-1-worker-87 | WARN  | o.z.p.spring.common.AdviceTraits     : Forbidden: You are not allowed to access the Exercise with id 1607

  Starting logs for EnforceRoleInExerciseTest > testAsInstructorOfOtherCourse(String, HttpStatus) [7] endpoint=testEnforceAtLeastInstructorInExerciseExplicit, expectedStatus=403 FORBIDDEN
    23:44:39.780 | 194 Pool-1-worker-87 | DEBUG | d.t.c.a.a.c.u.util.UserUtilService   : Generate 1 students...
    23:44:39.782 | 194 Pool-1-worker-87 | DEBUG | d.t.c.a.a.c.u.util.UserUtilService   : 1 students generated. Generate 1 tutors...
    23:44:39.785 | 194 Pool-1-worker-87 | DEBUG | d.t.c.a.a.c.u.util.UserUtilService   : 1 tutors generated. Generate 1 editors...
    23:44:39.788 | 194 Pool-1-worker-87 | DEBUG | d.t.c.a.a.c.u.util.UserUtilService   : 1 editors generated. Generate 1 instructors...
    23:44:39.793 | 194 Pool-1-worker-87 | DEBUG | d.t.c.a.a.c.u.util.UserUtilService   : 1 instructors generated
    23:44:39.797 | 194 Pool-1-worker-87 | DEBUG | d.t.c.a.a.c.u.util.UserUtilService   : Removing 8 users from all courses...
    23:44:39.799 | 194 Pool-1-worker-87 | DEBUG | d.t.c.a.a.c.u.util.UserUtilService   : Removing 8 users from all courses. Done
    23:44:39.799 | 194 Pool-1-worker-87 | DEBUG | d.t.c.a.a.c.u.util.UserUtilService   : Save 4 users to database...
    23:44:39.806 | 194 Pool-1-worker-87 | DEBUG | d.t.c.a.a.c.u.util.UserUtilService   : Save 4 users to database. Done
    23:44:39.858 | 194 Pool-1-worker-87 | INFO  | i.z.t.d.l.EmbeddedDatabaseReporter   : JDBC URL to connect to 'dataSource': url='jdbc:h2:tcp://localhost:41063/mem:df70fc46-7e57-4cb5-9cd0-c1d90c14afa7;USER=sa', scope='EnforceRoleInExerciseTest#testAsInstructorOfOtherCourse'
    23:44:39.860 | 194 Pool-1-worker-87 | DEBUG | d.t.c.a.a.c.s.f.ApiVersionFilter     : Adding Version to Request GET /api/test/testEnforceAtLeastInstructorInExerciseExplicit/1608
    23:44:39.863 | 194 Pool-1-worker-87 | WARN  | o.z.p.spring.common.AdviceTraits     : Forbidden: You are not allowed to access the Exercise with id 1608

  Starting logs for EnforceRoleInExerciseTest > testAsInstructorOfOtherCourse(String, HttpStatus) [8] endpoint=testEnforceAtLeastInstructorInExercise, expectedStatus=403 FORBIDDEN
    23:44:39.880 | 194 Pool-1-worker-87 | DEBUG | d.t.c.a.a.c.u.util.UserUtilService   : Generate 1 students...
    23:44:39.883 | 194 Pool-1-worker-87 | DEBUG | d.t.c.a.a.c.u.util.UserUtilService   : 1 students generated. Generate 1 tutors...
    23:44:39.885 | 194 Pool-1-worker-87 | DEBUG | d.t.c.a.a.c.u.util.UserUtilService   : 1 tutors generated. Generate 1 editors...
    23:44:39.888 | 194 Pool-1-worker-87 | DEBUG | d.t.c.a.a.c.u.util.UserUtilService   : 1 editors generated. Generate 1 instructors...
    23:44:39.891 | 194 Pool-1-worker-87 | DEBUG | d.t.c.a.a.c.u.util.UserUtilService   : 1 instructors generated
    23:44:39.893 | 194 Pool-1-worker-87 | DEBUG | d.t.c.a.a.c.u.util.UserUtilService   : Removing 8 users from all courses...
    23:44:39.894 | 194 Pool-1-worker-87 | DEBUG | d.t.c.a.a.c.u.util.UserUtilService   : Removing 8 users from all courses. Done
    23:44:39.894 | 194 Pool-1-worker-87 | DEBUG | d.t.c.a.a.c.u.util.UserUtilService   : Save 4 users to database...
    23:44:39.901 | 194 Pool-1-worker-87 | DEBUG | d.t.c.a.a.c.u.util.UserUtilService   : Save 4 users to database. Done
    23:44:39.936 | 194 Pool-1-worker-87 | INFO  | i.z.t.d.l.EmbeddedDatabaseReporter   : JDBC URL to connect to 'dataSource': url='jdbc:h2:tcp://localhost:41063/mem:df70fc46-7e57-4cb5-9cd0-c1d90c14afa7;USER=sa', scope='EnforceRoleInExerciseTest#testAsInstructorOfOtherCourse'
    23:44:39.938 | 194 Pool-1-worker-87 | DEBUG | d.t.c.a.a.c.s.f.ApiVersionFilter     : Adding Version to Request GET /api/test/testEnforceAtLeastInstructorInExercise/1609
    23:44:39.940 | 194 Pool-1-worker-87 | WARN  | o.z.p.spring.common.AdviceTraits     : Forbidden: You are not allowed to access the Exercise with id 1609

  Starting logs for EnforceRoleInExerciseTest > testAsInstructorOfOtherCourse(String, HttpStatus) [9] endpoint=testEnforceRoleInExerciseFieldName, expectedStatus=403 FORBIDDEN
    23:44:39.961 | 194 Pool-1-worker-87 | DEBUG | d.t.c.a.a.c.u.util.UserUtilService   : Generate 1 students...
    23:44:39.963 | 194 Pool-1-worker-87 | DEBUG | d.t.c.a.a.c.u.util.UserUtilService   : 1 students generated. Generate 1 tutors...
    23:44:39.966 | 194 Pool-1-worker-87 | DEBUG | d.t.c.a.a.c.u.util.UserUtilService   : 1 tutors generated. Generate 1 editors...
    23:44:39.970 | 194 Pool-1-worker-87 | DEBUG | d.t.c.a.a.c.u.util.UserUtilService   : 1 editors generated. Generate 1 instructors...
    23:44:39.976 | 194 Pool-1-worker-87 | DEBUG | d.t.c.a.a.c.u.util.UserUtilService   : 1 instructors generated
    23:44:39.981 | 194 Pool-1-worker-87 | DEBUG | d.t.c.a.a.c.u.util.UserUtilService   : Removing 8 users from all courses...
    23:44:39.983 | 194 Pool-1-worker-87 | DEBUG | d.t.c.a.a.c.u.util.UserUtilService   : Removing 8 users from all courses. Done
    23:44:39.983 | 194 Pool-1-worker-87 | DEBUG | d.t.c.a.a.c.u.util.UserUtilService   : Save 4 users to database...
    23:44:39.989 | 194 Pool-1-worker-87 | DEBUG | d.t.c.a.a.c.u.util.UserUtilService   : Save 4 users to database. Done
    23:44:40.056 | 194 Pool-1-worker-87 | INFO  | i.z.t.d.l.EmbeddedDatabaseReporter   : JDBC URL to connect to 'dataSource': url='jdbc:h2:tcp://localhost:41063/mem:df70fc46-7e57-4cb5-9cd0-c1d90c14afa7;USER=sa', scope='EnforceRoleInExerciseTest#testAsInstructorOfOtherCourse'
    23:44:40.057 | 194 Pool-1-worker-87 | DEBUG | d.t.c.a.a.c.s.f.ApiVersionFilter     : Adding Version to Request GET /api/test/testEnforceRoleInExerciseFieldName/1610
    23:44:40.064 | 194 Pool-1-worker-87 | WARN  | o.z.p.spring.common.AdviceTraits     : Forbidden: You are not allowed to access the Exercise with id 1610

  Starting logs for EnforceRoleInExerciseTest > testAsInstructorOfOtherCourse(String, HttpStatus) [10] endpoint=testEnforceAtLeastStudentInExerciseFieldName, expectedStatus=403 FORBIDDEN
    23:44:40.101 | 194 Pool-1-worker-87 | DEBUG | d.t.c.a.a.c.u.util.UserUtilService   : Generate 1 students...
    23:44:40.105 | 194 Pool-1-worker-87 | DEBUG | d.t.c.a.a.c.u.util.UserUtilService   : 1 students generated. Generate 1 tutors...
    23:44:40.108 | 194 Pool-1-worker-87 | DEBUG | d.t.c.a.a.c.u.util.UserUtilService   : 1 tutors generated. Generate 1 editors...
    23:44:40.110 | 194 Pool-1-worker-87 | DEBUG | d.t.c.a.a.c.u.util.UserUtilService   : 1 editors generated. Generate 1 instructors...
    23:44:40.113 | 194 Pool-1-worker-87 | DEBUG | d.t.c.a.a.c.u.util.UserUtilService   : 1 instructors generated
    23:44:40.115 | 194 Pool-1-worker-87 | DEBUG | d.t.c.a.a.c.u.util.UserUtilService   : Removing 8 users from all courses...
    23:44:40.117 | 194 Pool-1-worker-87 | DEBUG | d.t.c.a.a.c.u.util.UserUtilService   : Removing 8 users from all courses. Done
    23:44:40.117 | 194 Pool-1-worker-87 | DEBUG | d.t.c.a.a.c.u.util.UserUtilService   : Save 4 users to database...
    23:44:40.121 | 194 Pool-1-worker-87 | DEBUG | d.t.c.a.a.c.u.util.UserUtilService   : Save 4 users to database. Done
    23:44:40.155 | 194 Pool-1-worker-87 | INFO  | i.z.t.d.l.EmbeddedDatabaseReporter   : JDBC URL to connect to 'dataSource': url='jdbc:h2:tcp://localhost:41063/mem:df70fc46-7e57-4cb5-9cd0-c1d90c14afa7;USER=sa', scope='EnforceRoleInExerciseTest#testAsInstructorOfOtherCourse'
    23:44:40.157 | 194 Pool-1-worker-87 | DEBUG | d.t.c.a.a.c.s.f.ApiVersionFilter     : Adding Version to Request GET /api/test/testEnforceAtLeastStudentInExerciseFieldName/1611
    23:44:40.160 | 194 Pool-1-worker-87 | WARN  | o.z.p.spring.common.AdviceTraits     : Forbidden: You are not allowed to access the Exercise with id 1611

  Starting logs for EnforceRoleInExerciseTest > testAsInstructorOfOtherCourse(String, HttpStatus) [11] endpoint=testEnforceAtLeastTutorInExerciseFieldName, expectedStatus=403 FORBIDDEN
    23:44:40.177 | 194 Pool-1-worker-87 | DEBUG | d.t.c.a.a.c.u.util.UserUtilService   : Generate 1 students...
    23:44:40.180 | 194 Pool-1-worker-87 | DEBUG | d.t.c.a.a.c.u.util.UserUtilService   : 1 students generated. Generate 1 tutors...
    23:44:40.183 | 194 Pool-1-worker-87 | DEBUG | d.t.c.a.a.c.u.util.UserUtilService   : 1 tutors generated. Generate 1 editors...
    23:44:40.186 | 194 Pool-1-worker-87 | DEBUG | d.t.c.a.a.c.u.util.UserUtilService   : 1 editors generated. Generate 1 instructors...
    23:44:40.188 | 194 Pool-1-worker-87 | DEBUG | d.t.c.a.a.c.u.util.UserUtilService   : 1 instructors generated
    23:44:40.190 | 194 Pool-1-worker-87 | DEBUG | d.t.c.a.a.c.u.util.UserUtilService   : Removing 8 users from all courses...
    23:44:40.192 | 194 Pool-1-worker-87 | DEBUG | d.t.c.a.a.c.u.util.UserUtilService   : Removing 8 users from all courses. Done
    23:44:40.192 | 194 Pool-1-worker-87 | DEBUG | d.t.c.a.a.c.u.util.UserUtilService   : Save 4 users to database...
    23:44:40.196 | 194 Pool-1-worker-87 | DEBUG | d.t.c.a.a.c.u.util.UserUtilService   : Save 4 users to database. Done
    23:44:40.227 | 194 Pool-1-worker-87 | INFO  | i.z.t.d.l.EmbeddedDatabaseReporter   : JDBC URL to connect to 'dataSource': url='jdbc:h2:tcp://localhost:41063/mem:df70fc46-7e57-4cb5-9cd0-c1d90c14afa7;USER=sa', scope='EnforceRoleInExerciseTest#testAsInstructorOfOtherCourse'
    23:44:40.228 | 194 Pool-1-worker-87 | DEBUG | d.t.c.a.a.c.s.f.ApiVersionFilter     : Adding Version to Request GET /api/test/testEnforceAtLeastTutorInExerciseFieldName/1612
    23:44:40.233 | 194 Pool-1-worker-87 | WARN  | o.z.p.spring.common.AdviceTraits     : Forbidden: You are not allowed to access the Exercise with id 1612

  Starting logs for EnforceRoleInExerciseTest > testAsInstructorOfOtherCourse(String, HttpStatus) [12] endpoint=testEnforceAtLeastEditorInExerciseFieldName, expectedStatus=403 FORBIDDEN
    23:44:40.258 | 194 Pool-1-worker-87 | DEBUG | d.t.c.a.a.c.u.util.UserUtilService   : Generate 1 students...
    23:44:40.264 | 194 Pool-1-worker-87 | DEBUG | d.t.c.a.a.c.u.util.UserUtilService   : 1 students generated. Generate 1 tutors...
    23:44:40.273 | 194 Pool-1-worker-87 | DEBUG | d.t.c.a.a.c.u.util.UserUtilService   : 1 tutors generated. Generate 1 editors...
    23:44:40.281 | 194 Pool-1-worker-87 | DEBUG | d.t.c.a.a.c.u.util.UserUtilService   : 1 editors generated. Generate 1 instructors...
    23:44:40.285 | 194 Pool-1-worker-87 | DEBUG | d.t.c.a.a.c.u.util.UserUtilService   : 1 instructors generated
    23:44:40.290 | 194 Pool-1-worker-87 | DEBUG | d.t.c.a.a.c.u.util.UserUtilService   : Removing 8 users from all courses...
    23:44:40.291 | 194 Pool-1-worker-87 | DEBUG | d.t.c.a.a.c.u.util.UserUtilService   : Removing 8 users from all courses. Done
    23:44:40.291 | 194 Pool-1-worker-87 | DEBUG | d.t.c.a.a.c.u.util.UserUtilService   : Save 4 users to database...
    23:44:40.309 | 194 Pool-1-worker-87 | DEBUG | d.t.c.a.a.c.u.util.UserUtilService   : Save 4 users to database. Done
    23:44:40.351 | 194 Pool-1-worker-87 | INFO  | i.z.t.d.l.EmbeddedDatabaseReporter   : JDBC URL to connect to 'dataSource': url='jdbc:h2:tcp://localhost:41063/mem:df70fc46-7e57-4cb5-9cd0-c1d90c14afa7;USER=sa', scope='EnforceRoleInExerciseTest#testAsInstructorOfOtherCourse'
    23:44:40.353 | 194 Pool-1-worker-87 | DEBUG | d.t.c.a.a.c.s.f.ApiVersionFilter     : Adding Version to Request GET /api/test/testEnforceAtLeastEditorInExerciseFieldName/1613
    23:44:40.357 | 194 Pool-1-worker-87 | WARN  | o.z.p.spring.common.AdviceTraits     : Forbidden: You are not allowed to access the Exercise with id 1613

  Starting logs for EnforceRoleInExerciseTest > testAsInstructorOfOtherCourse(String, HttpStatus) [13] endpoint=testEnforceAtLeastInstructorInExerciseFieldName, expectedStatus=403 FORBIDDEN
    23:44:40.375 | 194 Pool-1-worker-87 | DEBUG | d.t.c.a.a.c.u.util.UserUtilService   : Generate 1 students...
    23:44:40.378 | 194 Pool-1-worker-87 | DEBUG | d.t.c.a.a.c.u.util.UserUtilService   : 1 students generated. Generate 1 tutors...
    23:44:40.390 | 194 Pool-1-worker-87 | DEBUG | d.t.c.a.a.c.u.util.UserUtilService   : 1 tutors generated. Generate 1 editors...
    23:44:40.399 | 194 Pool-1-worker-87 | DEBUG | d.t.c.a.a.c.u.util.UserUtilService   : 1 editors generated. Generate 1 instructors...
    23:44:40.404 | 194 Pool-1-worker-87 | DEBUG | d.t.c.a.a.c.u.util.UserUtilService   : 1 instructors generated
    23:44:40.408 | 194 Pool-1-worker-87 | DEBUG | d.t.c.a.a.c.u.util.UserUtilService   : Removing 8 users from all courses...
    23:44:40.410 | 194 Pool-1-worker-87 | DEBUG | d.t.c.a.a.c.u.util.UserUtilService   : Removing 8 users from all courses. Done
    23:44:40.410 | 194 Pool-1-worker-87 | DEBUG | d.t.c.a.a.c.u.util.UserUtilService   : Save 4 users to database...
    23:44:40.415 | 194 Pool-1-worker-87 | DEBUG | d.t.c.a.a.c.u.util.UserUtilService   : Save 4 users to database. Done
    23:44:40.447 | 194 Pool-1-worker-87 | INFO  | i.z.t.d.l.EmbeddedDatabaseReporter   : JDBC URL to connect to 'dataSource': url='jdbc:h2:tcp://localhost:41063/mem:df70fc46-7e57-4cb5-9cd0-c1d90c14afa7;USER=sa', scope='EnforceRoleInExerciseTest#testAsInstructorOfOtherCourse'
    23:44:40.448 | 194 Pool-1-worker-87 | DEBUG | d.t.c.a.a.c.s.f.ApiVersionFilter     : Adding Version to Request GET /api/test/testEnforceAtLeastInstructorInExerciseFieldName/1614
    23:44:40.451 | 194 Pool-1-worker-87 | WARN  | o.z.p.spring.common.AdviceTraits     : Forbidden: You are not allowed to access the Exercise with id 1614

  Starting logs for EnforceRoleInExerciseTest > testAsAdmin(String, HttpStatus) [1] endpoint=testEnforceAtLeastStudentInExerciseExplicit, expectedStatus=200 OK
    23:44:40.483 | 194 Pool-1-worker-87 | DEBUG | d.t.c.a.a.c.u.util.UserUtilService   : Generate 1 students...
    23:44:40.489 | 194 Pool-1-worker-87 | DEBUG | d.t.c.a.a.c.u.util.UserUtilService   : 1 students generated. Generate 1 tutors...
    23:44:40.495 | 194 Pool-1-worker-87 | DEBUG | d.t.c.a.a.c.u.util.UserUtilService   : 1 tutors generated. Generate 1 editors...
    23:44:40.540 | 194 Pool-1-worker-87 | DEBUG | d.t.c.a.a.c.u.util.UserUtilService   : 1 editors generated. Generate 1 instructors...
    23:44:40.542 | 194 Pool-1-worker-87 | DEBUG | d.t.c.a.a.c.u.util.UserUtilService   : 1 instructors generated
    23:44:40.544 | 194 Pool-1-worker-87 | DEBUG | d.t.c.a.a.c.u.util.UserUtilService   : Removing 8 users from all courses...
    23:44:40.546 | 194 Pool-1-worker-87 | DEBUG | d.t.c.a.a.c.u.util.UserUtilService   : Removing 8 users from all courses. Done
    23:44:40.546 | 194 Pool-1-worker-87 | DEBUG | d.t.c.a.a.c.u.util.UserUtilService   : Save 4 users to database...
    23:44:40.550 | 194 Pool-1-worker-87 | DEBUG | d.t.c.a.a.c.u.util.UserUtilService   : Save 4 users to database. Done
    23:44:40.581 | 194 Pool-1-worker-87 | INFO  | i.z.t.d.l.EmbeddedDatabaseReporter   : JDBC URL to connect to 'dataSource': url='jdbc:h2:tcp://localhost:41063/mem:df70fc46-7e57-4cb5-9cd0-c1d90c14afa7;USER=sa', scope='EnforceRoleInExerciseTest#testAsAdmin'
    23:44:40.583 | 194 Pool-1-worker-87 | DEBUG | d.t.c.a.a.c.s.f.ApiVersionFilter     : Adding Version to Request GET /api/test/testEnforceAtLeastStudentInExerciseExplicit/1615

  Starting logs for EnforceRoleInExerciseTest > testAsAdmin(String, HttpStatus) [2] endpoint=testEnforceAtLeastStudentInExercise, expectedStatus=200 OK
    23:44:40.605 | 194 Pool-1-worker-87 | DEBUG | d.t.c.a.a.c.u.util.UserUtilService   : Generate 1 students...
    23:44:40.608 | 194 Pool-1-worker-87 | DEBUG | d.t.c.a.a.c.u.util.UserUtilService   : 1 students generated. Generate 1 tutors...
    23:44:40.613 | 194 Pool-1-worker-87 | DEBUG | d.t.c.a.a.c.u.util.UserUtilService   : 1 tutors generated. Generate 1 editors...
    23:44:40.616 | 194 Pool-1-worker-87 | DEBUG | d.t.c.a.a.c.u.util.UserUtilService   : 1 editors generated. Generate 1 instructors...
    23:44:40.619 | 194 Pool-1-worker-87 | DEBUG | d.t.c.a.a.c.u.util.UserUtilService   : 1 instructors generated
    23:44:40.620 | 194 Pool-1-worker-87 | DEBUG | d.t.c.a.a.c.u.util.UserUtilService   : Removing 8 users from all courses...
    23:44:40.622 | 194 Pool-1-worker-87 | DEBUG | d.t.c.a.a.c.u.util.UserUtilService   : Removing 8 users from all courses. Done
    23:44:40.622 | 194 Pool-1-worker-87 | DEBUG | d.t.c.a.a.c.u.util.UserUtilService   : Save 4 users to database...
    23:44:40.625 | 194 Pool-1-worker-87 | DEBUG | d.t.c.a.a.c.u.util.UserUtilService   : Save 4 users to database. Done
    23:44:40.655 | 194 Pool-1-worker-87 | INFO  | i.z.t.d.l.EmbeddedDatabaseReporter   : JDBC URL to connect to 'dataSource': url='jdbc:h2:tcp://localhost:41063/mem:df70fc46-7e57-4cb5-9cd0-c1d90c14afa7;USER=sa', scope='EnforceRoleInExerciseTest#testAsAdmin'
    23:44:40.656 | 194 Pool-1-worker-87 | DEBUG | d.t.c.a.a.c.s.f.ApiVersionFilter     : Adding Version to Request GET /api/test/testEnforceAtLeastStudentInExercise/1616

  Starting logs for EnforceRoleInExerciseTest > testAsAdmin(String, HttpStatus) [3] endpoint=testEnforceAtLeastTutorInExerciseExplicit, expectedStatus=200 OK
    23:44:40.673 | 194 Pool-1-worker-87 | DEBUG | d.t.c.a.a.c.u.util.UserUtilService   : Generate 1 students...
    23:44:40.675 | 194 Pool-1-worker-87 | DEBUG | d.t.c.a.a.c.u.util.UserUtilService   : 1 students generated. Generate 1 tutors...
    23:44:40.678 | 194 Pool-1-worker-87 | DEBUG | d.t.c.a.a.c.u.util.UserUtilService   : 1 tutors generated. Generate 1 editors...
    23:44:40.681 | 194 Pool-1-worker-87 | DEBUG | d.t.c.a.a.c.u.util.UserUtilService   : 1 editors generated. Generate 1 instructors...
    23:44:40.684 | 194 Pool-1-worker-87 | DEBUG | d.t.c.a.a.c.u.util.UserUtilService   : 1 instructors generated
    23:44:40.685 | 194 Pool-1-worker-87 | DEBUG | d.t.c.a.a.c.u.util.UserUtilService   : Removing 8 users from all courses...
    23:44:40.686 | 194 Pool-1-worker-87 | DEBUG | d.t.c.a.a.c.u.util.UserUtilService   : Removing 8 users from all courses. Done
    23:44:40.686 | 194 Pool-1-worker-87 | DEBUG | d.t.c.a.a.c.u.util.UserUtilService   : Save 4 users to database...
    23:44:40.690 | 194 Pool-1-worker-87 | DEBUG | d.t.c.a.a.c.u.util.UserUtilService   : Save 4 users to database. Done
    23:44:40.721 | 194 Pool-1-worker-87 | INFO  | i.z.t.d.l.EmbeddedDatabaseReporter   : JDBC URL to connect to 'dataSource': url='jdbc:h2:tcp://localhost:41063/mem:df70fc46-7e57-4cb5-9cd0-c1d90c14afa7;USER=sa', scope='EnforceRoleInExerciseTest#testAsAdmin'
    23:44:40.723 | 194 Pool-1-worker-87 | DEBUG | d.t.c.a.a.c.s.f.ApiVersionFilter     : Adding Version to Request GET /api/test/testEnforceAtLeastTutorInExerciseExplicit/1617

  Starting logs for EnforceRoleInExerciseTest > testAsAdmin(String, HttpStatus) [4] endpoint=testEnforceAtLeastTutorInExercise, expectedStatus=200 OK
    23:44:40.739 | 194 Pool-1-worker-87 | DEBUG | d.t.c.a.a.c.u.util.UserUtilService   : Generate 1 students...
    23:44:40.741 | 194 Pool-1-worker-87 | DEBUG | d.t.c.a.a.c.u.util.UserUtilService   : 1 students generated. Generate 1 tutors...
    23:44:40.744 | 194 Pool-1-worker-87 | DEBUG | d.t.c.a.a.c.u.util.UserUtilService   : 1 tutors generated. Generate 1 editors...
    23:44:40.747 | 194 Pool-1-worker-87 | DEBUG | d.t.c.a.a.c.u.util.UserUtilService   : 1 editors generated. Generate 1 instructors...
    23:44:40.749 | 194 Pool-1-worker-87 | DEBUG | d.t.c.a.a.c.u.util.UserUtilService   : 1 instructors generated
    23:44:40.751 | 194 Pool-1-worker-87 | DEBUG | d.t.c.a.a.c.u.util.UserUtilService   : Removing 8 users from all courses...
    23:44:40.752 | 194 Pool-1-worker-87 | DEBUG | d.t.c.a.a.c.u.util.UserUtilService   : Removing 8 users from all courses. Done
    23:44:40.752 | 194 Pool-1-worker-87 | DEBUG | d.t.c.a.a.c.u.util.UserUtilService   : Save 4 users to database...
    23:44:40.756 | 194 Pool-1-worker-87 | DEBUG | d.t.c.a.a.c.u.util.UserUtilService   : Save 4 users to database. Done
    23:44:40.786 | 194 Pool-1-worker-87 | INFO  | i.z.t.d.l.EmbeddedDatabaseReporter   : JDBC URL to connect to 'dataSource': url='jdbc:h2:tcp://localhost:41063/mem:df70fc46-7e57-4cb5-9cd0-c1d90c14afa7;USER=sa', scope='EnforceRoleInExerciseTest#testAsAdmin'
    23:44:40.790 | 194 Pool-1-worker-87 | DEBUG | d.t.c.a.a.c.s.f.ApiVersionFilter     : Adding Version to Request GET /api/test/testEnforceAtLeastTutorInExercise/1618

  Starting logs for EnforceRoleInExerciseTest > testAsAdmin(String, HttpStatus) [5] endpoint=testEnforceAtLeastEditorInExerciseExplicit, expectedStatus=200 OK
    23:44:40.812 | 194 Pool-1-worker-87 | DEBUG | d.t.c.a.a.c.u.util.UserUtilService   : Generate 1 students...
    23:44:40.815 | 194 Pool-1-worker-87 | DEBUG | d.t.c.a.a.c.u.util.UserUtilService   : 1 students generated. Generate 1 tutors...
    23:44:40.818 | 194 Pool-1-worker-87 | DEBUG | d.t.c.a.a.c.u.util.UserUtilService   : 1 tutors generated. Generate 1 editors...
    23:44:40.821 | 194 Pool-1-worker-87 | DEBUG | d.t.c.a.a.c.u.util.UserUtilService   : 1 editors generated. Generate 1 instructors...
    23:44:40.824 | 194 Pool-1-worker-87 | DEBUG | d.t.c.a.a.c.u.util.UserUtilService   : 1 instructors generated
    23:44:40.826 | 194 Pool-1-worker-87 | DEBUG | d.t.c.a.a.c.u.util.UserUtilService   : Removing 8 users from all courses...
    23:44:40.827 | 194 Pool-1-worker-87 | DEBUG | d.t.c.a.a.c.u.util.UserUtilService   : Removing 8 users from all courses. Done
    23:44:40.827 | 194 Pool-1-worker-87 | DEBUG | d.t.c.a.a.c.u.util.UserUtilService   : Save 4 users to database...
    23:44:40.830 | 194 Pool-1-worker-87 | DEBUG | d.t.c.a.a.c.u.util.UserUtilService   : Save 4 users to database. Done
    23:44:40.871 | 194 Pool-1-worker-87 | INFO  | i.z.t.d.l.EmbeddedDatabaseReporter   : JDBC URL to connect to 'dataSource': url='jdbc:h2:tcp://localhost:41063/mem:df70fc46-7e57-4cb5-9cd0-c1d90c14afa7;USER=sa', scope='EnforceRoleInExerciseTest#testAsAdmin'
    23:44:40.872 | 194 Pool-1-worker-87 | DEBUG | d.t.c.a.a.c.s.f.ApiVersionFilter     : Adding Version to Request GET /api/test/testEnforceAtLeastEditorInExerciseExplicit/1619

  Starting logs for EnforceRoleInExerciseTest > testAsAdmin(String, HttpStatus) [6] endpoint=testEnforceAtLeastEditorInExercise, expectedStatus=200 OK
    23:44:40.910 | 194 Pool-1-worker-87 | DEBUG | d.t.c.a.a.c.u.util.UserUtilService   : Generate 1 students...
    23:44:40.916 | 194 Pool-1-worker-87 | DEBUG | d.t.c.a.a.c.u.util.UserUtilService   : 1 students generated. Generate 1 tutors...
    23:44:40.922 | 194 Pool-1-worker-87 | DEBUG | d.t.c.a.a.c.u.util.UserUtilService   : 1 tutors generated. Generate 1 editors...
    23:44:40.927 | 194 Pool-1-worker-87 | DEBUG | d.t.c.a.a.c.u.util.UserUtilService   : 1 editors generated. Generate 1 instructors...
    23:44:40.929 | 194 Pool-1-worker-87 | DEBUG | d.t.c.a.a.c.u.util.UserUtilService   : 1 instructors generated
    23:44:40.934 | 194 Pool-1-worker-87 | DEBUG | d.t.c.a.a.c.u.util.UserUtilService   : Removing 8 users from all courses...
    23:44:40.938 | 194 Pool-1-worker-87 | DEBUG | d.t.c.a.a.c.u.util.UserUtilService   : Removing 8 users from all courses. Done
    23:44:40.938 | 194 Pool-1-worker-87 | DEBUG | d.t.c.a.a.c.u.util.UserUtilService   : Save 4 users to database...
    23:44:40.945 | 194 Pool-1-worker-87 | DEBUG | d.t.c.a.a.c.u.util.UserUtilService   : Save 4 users to database. Done
    23:44:40.999 | 194 Pool-1-worker-87 | INFO  | i.z.t.d.l.EmbeddedDatabaseReporter   : JDBC URL to connect to 'dataSource': url='jdbc:h2:tcp://localhost:41063/mem:df70fc46-7e57-4cb5-9cd0-c1d90c14afa7;USER=sa', scope='EnforceRoleInExerciseTest#testAsAdmin'
    23:44:41.001 | 194 Pool-1-worker-87 | DEBUG | d.t.c.a.a.c.s.f.ApiVersionFilter     : Adding Version to Request GET /api/test/testEnforceAtLeastEditorInExercise/1620

  Starting logs for EnforceRoleInExerciseTest > testAsAdmin(String, HttpStatus) [7] endpoint=testEnforceAtLeastInstructorInExerciseExplicit, expectedStatus=200 OK
    23:44:41.019 | 194 Pool-1-worker-87 | DEBUG | d.t.c.a.a.c.u.util.UserUtilService   : Generate 1 students...
    23:44:41.025 | 194 Pool-1-worker-87 | DEBUG | d.t.c.a.a.c.u.util.UserUtilService   : 1 students generated. Generate 1 tutors...
    23:44:41.030 | 194 Pool-1-worker-87 | DEBUG | d.t.c.a.a.c.u.util.UserUtilService   : 1 tutors generated. Generate 1 editors...
    23:44:41.035 | 194 Pool-1-worker-87 | DEBUG | d.t.c.a.a.c.u.util.UserUtilService   : 1 editors generated. Generate 1 instructors...
    23:44:41.037 | 194 Pool-1-worker-87 | DEBUG | d.t.c.a.a.c.u.util.UserUtilService   : 1 instructors generated
    23:44:41.042 | 194 Pool-1-worker-87 | DEBUG | d.t.c.a.a.c.u.util.UserUtilService   : Removing 8 users from all courses...
    23:44:41.045 | 194 Pool-1-worker-87 | DEBUG | d.t.c.a.a.c.u.util.UserUtilService   : Removing 8 users from all courses. Done
    23:44:41.045 | 194 Pool-1-worker-87 | DEBUG | d.t.c.a.a.c.u.util.UserUtilService   : Save 4 users to database...
    23:44:41.052 | 194 Pool-1-worker-87 | DEBUG | d.t.c.a.a.c.u.util.UserUtilService   : Save 4 users to database. Done
    23:44:41.106 | 194 Pool-1-worker-87 | INFO  | i.z.t.d.l.EmbeddedDatabaseReporter   : JDBC URL to connect to 'dataSource': url='jdbc:h2:tcp://localhost:41063/mem:df70fc46-7e57-4cb5-9cd0-c1d90c14afa7;USER=sa', scope='EnforceRoleInExerciseTest#testAsAdmin'
    23:44:41.108 | 194 Pool-1-worker-87 | DEBUG | d.t.c.a.a.c.s.f.ApiVersionFilter     : Adding Version to Request GET /api/test/testEnforceAtLeastInstructorInExerciseExplicit/1621

  Starting logs for EnforceRoleInExerciseTest > testAsAdmin(String, HttpStatus) [8] endpoint=testEnforceAtLeastInstructorInExercise, expectedStatus=200 OK
    23:44:41.129 | 194 Pool-1-worker-87 | DEBUG | d.t.c.a.a.c.u.util.UserUtilService   : Generate 1 students...
    23:44:41.132 | 194 Pool-1-worker-87 | DEBUG | d.t.c.a.a.c.u.util.UserUtilService   : 1 students generated. Generate 1 tutors...
    23:44:41.134 | 194 Pool-1-worker-87 | DEBUG | d.t.c.a.a.c.u.util.UserUtilService   : 1 tutors generated. Generate 1 editors...
    23:44:41.137 | 194 Pool-1-worker-87 | DEBUG | d.t.c.a.a.c.u.util.UserUtilService   : 1 editors generated. Generate 1 instructors...
    23:44:41.139 | 194 Pool-1-worker-87 | DEBUG | d.t.c.a.a.c.u.util.UserUtilService   : 1 instructors generated
    23:44:41.141 | 194 Pool-1-worker-87 | DEBUG | d.t.c.a.a.c.u.util.UserUtilService   : Removing 8 users from all courses...
    23:44:41.142 | 194 Pool-1-worker-87 | DEBUG | d.t.c.a.a.c.u.util.UserUtilService   : Removing 8 users from all courses. Done
    23:44:41.142 | 194 Pool-1-worker-87 | DEBUG | d.t.c.a.a.c.u.util.UserUtilService   : Save 4 users to database...
    23:44:41.146 | 194 Pool-1-worker-87 | DEBUG | d.t.c.a.a.c.u.util.UserUtilService   : Save 4 users to database. Done
    23:44:41.175 | 194 Pool-1-worker-87 | INFO  | i.z.t.d.l.EmbeddedDatabaseReporter   : JDBC URL to connect to 'dataSource': url='jdbc:h2:tcp://localhost:41063/mem:df70fc46-7e57-4cb5-9cd0-c1d90c14afa7;USER=sa', scope='EnforceRoleInExerciseTest#testAsAdmin'
    23:44:41.178 | 194 Pool-1-worker-87 | DEBUG | d.t.c.a.a.c.s.f.ApiVersionFilter     : Adding Version to Request GET /api/test/testEnforceAtLeastInstructorInExercise/1622

  Starting logs for EnforceRoleInExerciseTest > testAsAdmin(String, HttpStatus) [9] endpoint=testEnforceRoleInExerciseFieldName, expectedStatus=200 OK
    23:44:41.197 | 194 Pool-1-worker-87 | DEBUG | d.t.c.a.a.c.u.util.UserUtilService   : Generate 1 students...
    23:44:41.199 | 194 Pool-1-worker-87 | DEBUG | d.t.c.a.a.c.u.util.UserUtilService   : 1 students generated. Generate 1 tutors...
    23:44:41.202 | 194 Pool-1-worker-87 | DEBUG | d.t.c.a.a.c.u.util.UserUtilService   : 1 tutors generated. Generate 1 editors...
    23:44:41.204 | 194 Pool-1-worker-87 | DEBUG | d.t.c.a.a.c.u.util.UserUtilService   : 1 editors generated. Generate 1 instructors...
    23:44:41.207 | 194 Pool-1-worker-87 | DEBUG | d.t.c.a.a.c.u.util.UserUtilService   : 1 instructors generated
    23:44:41.208 | 194 Pool-1-worker-87 | DEBUG | d.t.c.a.a.c.u.util.UserUtilService   : Removing 8 users from all courses...
    23:44:41.209 | 194 Pool-1-worker-87 | DEBUG | d.t.c.a.a.c.u.util.UserUtilService   : Removing 8 users from all courses. Done
    23:44:41.209 | 194 Pool-1-worker-87 | DEBUG | d.t.c.a.a.c.u.util.UserUtilService   : Save 4 users to database...
    23:44:41.212 | 194 Pool-1-worker-87 | DEBUG | d.t.c.a.a.c.u.util.UserUtilService   : Save 4 users to database. Done
    23:44:41.241 | 194 Pool-1-worker-87 | INFO  | i.z.t.d.l.EmbeddedDatabaseReporter   : JDBC URL to connect to 'dataSource': url='jdbc:h2:tcp://localhost:41063/mem:df70fc46-7e57-4cb5-9cd0-c1d90c14afa7;USER=sa', scope='EnforceRoleInExerciseTest#testAsAdmin'
    23:44:41.243 | 194 Pool-1-worker-87 | DEBUG | d.t.c.a.a.c.s.f.ApiVersionFilter     : Adding Version to Request GET /api/test/testEnforceRoleInExerciseFieldName/1623

  Starting logs for EnforceRoleInExerciseTest > testAsAdmin(String, HttpStatus) [10] endpoint=testEnforceAtLeastStudentInExerciseFieldName, expectedStatus=200 OK
    23:44:41.259 | 194 Pool-1-worker-87 | DEBUG | d.t.c.a.a.c.u.util.UserUtilService   : Generate 1 students...
    23:44:41.261 | 194 Pool-1-worker-87 | DEBUG | d.t.c.a.a.c.u.util.UserUtilService   : 1 students generated. Generate 1 tutors...
    23:44:41.264 | 194 Pool-1-worker-87 | DEBUG | d.t.c.a.a.c.u.util.UserUtilService   : 1 tutors generated. Generate 1 editors...
    23:44:41.266 | 194 Pool-1-worker-87 | DEBUG | d.t.c.a.a.c.u.util.UserUtilService   : 1 editors generated. Generate 1 instructors...
    23:44:41.269 | 194 Pool-1-worker-87 | DEBUG | d.t.c.a.a.c.u.util.UserUtilService   : 1 instructors generated
    23:44:41.271 | 194 Pool-1-worker-87 | DEBUG | d.t.c.a.a.c.u.util.UserUtilService   : Removing 8 users from all courses...
    23:44:41.272 | 194 Pool-1-worker-87 | DEBUG | d.t.c.a.a.c.u.util.UserUtilService   : Removing 8 users from all courses. Done
    23:44:41.272 | 194 Pool-1-worker-87 | DEBUG | d.t.c.a.a.c.u.util.UserUtilService   : Save 4 users to database...
    23:44:41.275 | 194 Pool-1-worker-87 | DEBUG | d.t.c.a.a.c.u.util.UserUtilService   : Save 4 users to database. Done
    23:44:41.308 | 194 Pool-1-worker-87 | INFO  | i.z.t.d.l.EmbeddedDatabaseReporter   : JDBC URL to connect to 'dataSource': url='jdbc:h2:tcp://localhost:41063/mem:df70fc46-7e57-4cb5-9cd0-c1d90c14afa7;USER=sa', scope='EnforceRoleInExerciseTest#testAsAdmin'
    23:44:41.310 | 194 Pool-1-worker-87 | DEBUG | d.t.c.a.a.c.s.f.ApiVersionFilter     : Adding Version to Request GET /api/test/testEnforceAtLeastStudentInExerciseFieldName/1624

  Starting logs for EnforceRoleInExerciseTest > testAsAdmin(String, HttpStatus) [11] endpoint=testEnforceAtLeastTutorInExerciseFieldName, expectedStatus=200 OK
    23:44:41.355 | 194 Pool-1-worker-87 | DEBUG | d.t.c.a.a.c.u.util.UserUtilService   : Generate 1 students...
    23:44:41.358 | 194 Pool-1-worker-87 | DEBUG | d.t.c.a.a.c.u.util.UserUtilService   : 1 students generated. Generate 1 tutors...
    23:44:41.363 | 194 Pool-1-worker-87 | DEBUG | d.t.c.a.a.c.u.util.UserUtilService   : 1 tutors generated. Generate 1 editors...
    23:44:41.367 | 194 Pool-1-worker-87 | DEBUG | d.t.c.a.a.c.u.util.UserUtilService   : 1 editors generated. Generate 1 instructors...
    23:44:41.373 | 194 Pool-1-worker-87 | DEBUG | d.t.c.a.a.c.u.util.UserUtilService   : 1 instructors generated
    23:44:41.377 | 194 Pool-1-worker-87 | DEBUG | d.t.c.a.a.c.u.util.UserUtilService   : Removing 8 users from all courses...
    23:44:41.378 | 194 Pool-1-worker-87 | DEBUG | d.t.c.a.a.c.u.util.UserUtilService   : Removing 8 users from all courses. Done
    23:44:41.378 | 194 Pool-1-worker-87 | DEBUG | d.t.c.a.a.c.u.util.UserUtilService   : Save 4 users to database...
    23:44:41.385 | 194 Pool-1-worker-87 | DEBUG | d.t.c.a.a.c.u.util.UserUtilService   : Save 4 users to database. Done
    23:44:41.443 | 194 Pool-1-worker-87 | INFO  | i.z.t.d.l.EmbeddedDatabaseReporter   : JDBC URL to connect to 'dataSource': url='jdbc:h2:tcp://localhost:41063/mem:df70fc46-7e57-4cb5-9cd0-c1d90c14afa7;USER=sa', scope='EnforceRoleInExerciseTest#testAsAdmin'
    23:44:41.447 | 194 Pool-1-worker-87 | DEBUG | d.t.c.a.a.c.s.f.ApiVersionFilter     : Adding Version to Request GET /api/test/testEnforceAtLeastTutorInExerciseFieldName/1625

  Starting logs for EnforceRoleInExerciseTest > testAsAdmin(String, HttpStatus) [12] endpoint=testEnforceAtLeastEditorInExerciseFieldName, expectedStatus=200 OK
    23:44:41.477 | 194 Pool-1-worker-87 | DEBUG | d.t.c.a.a.c.u.util.UserUtilService   : Generate 1 students...
    23:44:41.483 | 194 Pool-1-worker-87 | DEBUG | d.t.c.a.a.c.u.util.UserUtilService   : 1 students generated. Generate 1 tutors...
    23:44:41.487 | 194 Pool-1-worker-87 | DEBUG | d.t.c.a.a.c.u.util.UserUtilService   : 1 tutors generated. Generate 1 editors...
    23:44:41.493 | 194 Pool-1-worker-87 | DEBUG | d.t.c.a.a.c.u.util.UserUtilService   : 1 editors generated. Generate 1 instructors...
    23:44:41.495 | 194 Pool-1-worker-87 | DEBUG | d.t.c.a.a.c.u.util.UserUtilService   : 1 instructors generated
    23:44:41.497 | 194 Pool-1-worker-87 | DEBUG | d.t.c.a.a.c.u.util.UserUtilService   : Removing 8 users from all courses...
    23:44:41.498 | 194 Pool-1-worker-87 | DEBUG | d.t.c.a.a.c.u.util.UserUtilService   : Removing 8 users from all courses. Done
    23:44:41.498 | 194 Pool-1-worker-87 | DEBUG | d.t.c.a.a.c.u.util.UserUtilService   : Save 4 users to database...
    23:44:41.501 | 194 Pool-1-worker-87 | DEBUG | d.t.c.a.a.c.u.util.UserUtilService   : Save 4 users to database. Done
    23:44:41.551 | 194 Pool-1-worker-87 | INFO  | i.z.t.d.l.EmbeddedDatabaseReporter   : JDBC URL to connect to 'dataSource': url='jdbc:h2:tcp://localhost:41063/mem:df70fc46-7e57-4cb5-9cd0-c1d90c14afa7;USER=sa', scope='EnforceRoleInExerciseTest#testAsAdmin'
    23:44:41.553 | 194 Pool-1-worker-87 | DEBUG | d.t.c.a.a.c.s.f.ApiVersionFilter     : Adding Version to Request GET /api/test/testEnforceAtLeastEditorInExerciseFieldName/1626

  Starting logs for EnforceRoleInExerciseTest > testAsAdmin(String, HttpStatus) [13] endpoint=testEnforceAtLeastInstructorInExerciseFieldName, expectedStatus=200 OK
    23:44:41.586 | 194 Pool-1-worker-87 | DEBUG | d.t.c.a.a.c.u.util.UserUtilService   : Generate 1 students...
    23:44:41.588 | 194 Pool-1-worker-87 | DEBUG | d.t.c.a.a.c.u.util.UserUtilService   : 1 students generated. Generate 1 tutors...
    23:44:41.591 | 194 Pool-1-worker-87 | DEBUG | d.t.c.a.a.c.u.util.UserUtilService   : 1 tutors generated. Generate 1 editors...
    23:44:41.593 | 194 Pool-1-worker-87 | DEBUG | d.t.c.a.a.c.u.util.UserUtilService   : 1 editors generated. Generate 1 instructors...
    23:44:41.595 | 194 Pool-1-worker-87 | DEBUG | d.t.c.a.a.c.u.util.UserUtilService   : 1 instructors generated
    23:44:41.597 | 194 Pool-1-worker-87 | DEBUG | d.t.c.a.a.c.u.util.UserUtilService   : Removing 8 users from all courses...
    23:44:41.598 | 194 Pool-1-worker-87 | DEBUG | d.t.c.a.a.c.u.util.UserUtilService   : Removing 8 users from all courses. Done
    23:44:41.598 | 194 Pool-1-worker-87 | DEBUG | d.t.c.a.a.c.u.util.UserUtilService   : Save 4 users to database...
    23:44:41.602 | 194 Pool-1-worker-87 | DEBUG | d.t.c.a.a.c.u.util.UserUtilService   : Save 4 users to database. Done
    23:44:41.630 | 194 Pool-1-worker-87 | INFO  | i.z.t.d.l.EmbeddedDatabaseReporter   : JDBC URL to connect to 'dataSource': url='jdbc:h2:tcp://localhost:41063/mem:df70fc46-7e57-4cb5-9cd0-c1d90c14afa7;USER=sa', scope='EnforceRoleInExerciseTest#testAsAdmin'
    23:44:41.632 | 194 Pool-1-worker-87 | DEBUG | d.t.c.a.a.c.s.f.ApiVersionFilter     : Adding Version to Request GET /api/test/testEnforceAtLeastInstructorInExerciseFieldName/1627

  Starting logs for EnforceRoleInExerciseTest > testAsStudentOfOther(String, HttpStatus) [1] endpoint=testEnforceAtLeastStudentInExerciseExplicit, expectedStatus=403 FORBIDDEN
    23:44:41.650 | 194 Pool-1-worker-87 | DEBUG | d.t.c.a.a.c.u.util.UserUtilService   : Generate 1 students...
    23:44:41.653 | 194 Pool-1-worker-87 | DEBUG | d.t.c.a.a.c.u.util.UserUtilService   : 1 students generated. Generate 1 tutors...
    23:44:41.655 | 194 Pool-1-worker-87 | DEBUG | d.t.c.a.a.c.u.util.UserUtilService   : 1 tutors generated. Generate 1 editors...
    23:44:41.658 | 194 Pool-1-worker-87 | DEBUG | d.t.c.a.a.c.u.util.UserUtilService   : 1 editors generated. Generate 1 instructors...
    23:44:41.661 | 194 Pool-1-worker-87 | DEBUG | d.t.c.a.a.c.u.util.UserUtilService   : 1 instructors generated
    23:44:41.662 | 194 Pool-1-worker-87 | DEBUG | d.t.c.a.a.c.u.util.UserUtilService   : Removing 8 users from all courses...
    23:44:41.663 | 194 Pool-1-worker-87 | DEBUG | d.t.c.a.a.c.u.util.UserUtilService   : Removing 8 users from all courses. Done
    23:44:41.663 | 194 Pool-1-worker-87 | DEBUG | d.t.c.a.a.c.u.util.UserUtilService   : Save 4 users to database...
    23:44:41.667 | 194 Pool-1-worker-87 | DEBUG | d.t.c.a.a.c.u.util.UserUtilService   : Save 4 users to database. Done
    23:44:41.713 | 194 Pool-1-worker-87 | INFO  | i.z.t.d.l.EmbeddedDatabaseReporter   : JDBC URL to connect to 'dataSource': url='jdbc:h2:tcp://localhost:41063/mem:df70fc46-7e57-4cb5-9cd0-c1d90c14afa7;USER=sa', scope='EnforceRoleInExerciseTest#testAsStudentOfOther'
    23:44:41.714 | 194 Pool-1-worker-87 | DEBUG | d.t.c.a.a.c.s.f.ApiVersionFilter     : Adding Version to Request GET /api/test/testEnforceAtLeastStudentInExerciseExplicit/1628
    23:44:41.716 | 194 Pool-1-worker-87 | WARN  | o.z.p.spring.common.AdviceTraits     : Forbidden: You are not allowed to access the Exercise with id 1628

  Starting logs for EnforceRoleInExerciseTest > testAsStudentOfOther(String, HttpStatus) [2] endpoint=testEnforceAtLeastStudentInExercise, expectedStatus=403 FORBIDDEN
    23:44:41.732 | 194 Pool-1-worker-87 | DEBUG | d.t.c.a.a.c.u.util.UserUtilService   : Generate 1 students...
    23:44:41.736 | 194 Pool-1-worker-87 | DEBUG | d.t.c.a.a.c.u.util.UserUtilService   : 1 students generated. Generate 1 tutors...
    23:44:41.738 | 194 Pool-1-worker-87 | DEBUG | d.t.c.a.a.c.u.util.UserUtilService   : 1 tutors generated. Generate 1 editors...
    23:44:41.741 | 194 Pool-1-worker-87 | DEBUG | d.t.c.a.a.c.u.util.UserUtilService   : 1 editors generated. Generate 1 instructors...
    23:44:41.743 | 194 Pool-1-worker-87 | DEBUG | d.t.c.a.a.c.u.util.UserUtilService   : 1 instructors generated
    23:44:41.745 | 194 Pool-1-worker-87 | DEBUG | d.t.c.a.a.c.u.util.UserUtilService   : Removing 8 users from all courses...
    23:44:41.746 | 194 Pool-1-worker-87 | DEBUG | d.t.c.a.a.c.u.util.UserUtilService   : Removing 8 users from all courses. Done
    23:44:41.746 | 194 Pool-1-worker-87 | DEBUG | d.t.c.a.a.c.u.util.UserUtilService   : Save 4 users to database...
    23:44:41.749 | 194 Pool-1-worker-87 | DEBUG | d.t.c.a.a.c.u.util.UserUtilService   : Save 4 users to database. Done
    23:44:41.778 | 194 Pool-1-worker-87 | INFO  | i.z.t.d.l.EmbeddedDatabaseReporter   : JDBC URL to connect to 'dataSource': url='jdbc:h2:tcp://localhost:41063/mem:df70fc46-7e57-4cb5-9cd0-c1d90c14afa7;USER=sa', scope='EnforceRoleInExerciseTest#testAsStudentOfOther'
    23:44:41.779 | 194 Pool-1-worker-87 | DEBUG | d.t.c.a.a.c.s.f.ApiVersionFilter     : Adding Version to Request GET /api/test/testEnforceAtLeastStudentInExercise/1629
    23:44:41.782 | 194 Pool-1-worker-87 | WARN  | o.z.p.spring.common.AdviceTraits     : Forbidden: You are not allowed to access the Exercise with id 1629

  Starting logs for EnforceRoleInExerciseTest > testAsStudentOfOther(String, HttpStatus) [3] endpoint=testEnforceAtLeastTutorInExerciseExplicit, expectedStatus=403 FORBIDDEN
    23:44:41.797 | 194 Pool-1-worker-87 | DEBUG | d.t.c.a.a.c.u.util.UserUtilService   : Generate 1 students...
    23:44:41.800 | 194 Pool-1-worker-87 | DEBUG | d.t.c.a.a.c.u.util.UserUtilService   : 1 students generated. Generate 1 tutors...
    23:44:41.803 | 194 Pool-1-worker-87 | DEBUG | d.t.c.a.a.c.u.util.UserUtilService   : 1 tutors generated. Generate 1 editors...
    23:44:41.805 | 194 Pool-1-worker-87 | DEBUG | d.t.c.a.a.c.u.util.UserUtilService   : 1 editors generated. Generate 1 instructors...
    23:44:41.808 | 194 Pool-1-worker-87 | DEBUG | d.t.c.a.a.c.u.util.UserUtilService   : 1 instructors generated
    23:44:41.810 | 194 Pool-1-worker-87 | DEBUG | d.t.c.a.a.c.u.util.UserUtilService   : Removing 8 users from all courses...
    23:44:41.811 | 194 Pool-1-worker-87 | DEBUG | d.t.c.a.a.c.u.util.UserUtilService   : Removing 8 users from all courses. Done
    23:44:41.811 | 194 Pool-1-worker-87 | DEBUG | d.t.c.a.a.c.u.util.UserUtilService   : Save 4 users to database...
    23:44:41.815 | 194 Pool-1-worker-87 | DEBUG | d.t.c.a.a.c.u.util.UserUtilService   : Save 4 users to database. Done
    23:44:41.846 | 194 Pool-1-worker-87 | INFO  | i.z.t.d.l.EmbeddedDatabaseReporter   : JDBC URL to connect to 'dataSource': url='jdbc:h2:tcp://localhost:41063/mem:df70fc46-7e57-4cb5-9cd0-c1d90c14afa7;USER=sa', scope='EnforceRoleInExerciseTest#testAsStudentOfOther'
    23:44:41.847 | 194 Pool-1-worker-87 | DEBUG | d.t.c.a.a.c.s.f.ApiVersionFilter     : Adding Version to Request GET /api/test/testEnforceAtLeastTutorInExerciseExplicit/1630
    23:44:41.850 | 194 Pool-1-worker-87 | WARN  | o.z.p.spring.common.AdviceTraits     : Forbidden: You are not allowed to access the Exercise with id 1630

  Starting logs for EnforceRoleInExerciseTest > testAsStudentOfOther(String, HttpStatus) [4] endpoint=testEnforceAtLeastTutorInExercise, expectedStatus=403 FORBIDDEN
    23:44:41.864 | 194 Pool-1-worker-87 | DEBUG | d.t.c.a.a.c.u.util.UserUtilService   : Generate 1 students...
    23:44:41.866 | 194 Pool-1-worker-87 | DEBUG | d.t.c.a.a.c.u.util.UserUtilService   : 1 students generated. Generate 1 tutors...
    23:44:41.869 | 194 Pool-1-worker-87 | DEBUG | d.t.c.a.a.c.u.util.UserUtilService   : 1 tutors generated. Generate 1 editors...
    23:44:41.872 | 194 Pool-1-worker-87 | DEBUG | d.t.c.a.a.c.u.util.UserUtilService   : 1 editors generated. Generate 1 instructors...
    23:44:41.875 | 194 Pool-1-worker-87 | DEBUG | d.t.c.a.a.c.u.util.UserUtilService   : 1 instructors generated
    23:44:41.876 | 194 Pool-1-worker-87 | DEBUG | d.t.c.a.a.c.u.util.UserUtilService   : Removing 8 users from all courses...
    23:44:41.878 | 194 Pool-1-worker-87 | DEBUG | d.t.c.a.a.c.u.util.UserUtilService   : Removing 8 users from all courses. Done
    23:44:41.878 | 194 Pool-1-worker-87 | DEBUG | d.t.c.a.a.c.u.util.UserUtilService   : Save 4 users to database...
    23:44:41.881 | 194 Pool-1-worker-87 | DEBUG | d.t.c.a.a.c.u.util.UserUtilService   : Save 4 users to database. Done
    23:44:41.912 | 194 Pool-1-worker-87 | INFO  | i.z.t.d.l.EmbeddedDatabaseReporter   : JDBC URL to connect to 'dataSource': url='jdbc:h2:tcp://localhost:41063/mem:df70fc46-7e57-4cb5-9cd0-c1d90c14afa7;USER=sa', scope='EnforceRoleInExerciseTest#testAsStudentOfOther'
    23:44:41.913 | 194 Pool-1-worker-87 | DEBUG | d.t.c.a.a.c.s.f.ApiVersionFilter     : Adding Version to Request GET /api/test/testEnforceAtLeastTutorInExercise/1631
    23:44:41.915 | 194 Pool-1-worker-87 | WARN  | o.z.p.spring.common.AdviceTraits     : Forbidden: Access Denied

  Starting logs for EnforceRoleInExerciseTest > testAsStudentOfOther(String, HttpStatus) [5] endpoint=testEnforceAtLeastEditorInExerciseExplicit, expectedStatus=403 FORBIDDEN
    23:44:41.930 | 194 Pool-1-worker-87 | DEBUG | d.t.c.a.a.c.u.util.UserUtilService   : Generate 1 students...
    23:44:41.933 | 194 Pool-1-worker-87 | DEBUG | d.t.c.a.a.c.u.util.UserUtilService   : 1 students generated. Generate 1 tutors...
    23:44:41.935 | 194 Pool-1-worker-87 | DEBUG | d.t.c.a.a.c.u.util.UserUtilService   : 1 tutors generated. Generate 1 editors...
    23:44:41.938 | 194 Pool-1-worker-87 | DEBUG | d.t.c.a.a.c.u.util.UserUtilService   : 1 editors generated. Generate 1 instructors...
    23:44:41.941 | 194 Pool-1-worker-87 | DEBUG | d.t.c.a.a.c.u.util.UserUtilService   : 1 instructors generated
    23:44:41.942 | 194 Pool-1-worker-87 | DEBUG | d.t.c.a.a.c.u.util.UserUtilService   : Removing 8 users from all courses...
    23:44:41.944 | 194 Pool-1-worker-87 | DEBUG | d.t.c.a.a.c.u.util.UserUtilService   : Removing 8 users from all courses. Done
    23:44:41.944 | 194 Pool-1-worker-87 | DEBUG | d.t.c.a.a.c.u.util.UserUtilService   : Save 4 users to database...
    23:44:41.947 | 194 Pool-1-worker-87 | DEBUG | d.t.c.a.a.c.u.util.UserUtilService   : Save 4 users to database. Done
    23:44:41.977 | 194 Pool-1-worker-87 | INFO  | i.z.t.d.l.EmbeddedDatabaseReporter   : JDBC URL to connect to 'dataSource': url='jdbc:h2:tcp://localhost:41063/mem:df70fc46-7e57-4cb5-9cd0-c1d90c14afa7;USER=sa', scope='EnforceRoleInExerciseTest#testAsStudentOfOther'
    23:44:41.978 | 194 Pool-1-worker-87 | DEBUG | d.t.c.a.a.c.s.f.ApiVersionFilter     : Adding Version to Request GET /api/test/testEnforceAtLeastEditorInExerciseExplicit/1632
    23:44:41.980 | 194 Pool-1-worker-87 | WARN  | o.z.p.spring.common.AdviceTraits     : Forbidden: You are not allowed to access the Exercise with id 1632

  Starting logs for EnforceRoleInExerciseTest > testAsStudentOfOther(String, HttpStatus) [6] endpoint=testEnforceAtLeastEditorInExercise, expectedStatus=403 FORBIDDEN
    23:44:41.996 | 194 Pool-1-worker-87 | DEBUG | d.t.c.a.a.c.u.util.UserUtilService   : Generate 1 students...
    23:44:41.999 | 194 Pool-1-worker-87 | DEBUG | d.t.c.a.a.c.u.util.UserUtilService   : 1 students generated. Generate 1 tutors...
    23:44:42.002 | 194 Pool-1-worker-87 | DEBUG | d.t.c.a.a.c.u.util.UserUtilService   : 1 tutors generated. Generate 1 editors...
    23:44:42.004 | 194 Pool-1-worker-87 | DEBUG | d.t.c.a.a.c.u.util.UserUtilService   : 1 editors generated. Generate 1 instructors...
    23:44:42.007 | 194 Pool-1-worker-87 | DEBUG | d.t.c.a.a.c.u.util.UserUtilService   : 1 instructors generated
    23:44:42.009 | 194 Pool-1-worker-87 | DEBUG | d.t.c.a.a.c.u.util.UserUtilService   : Removing 8 users from all courses...
    23:44:42.010 | 194 Pool-1-worker-87 | DEBUG | d.t.c.a.a.c.u.util.UserUtilService   : Removing 8 users from all courses. Done
    23:44:42.010 | 194 Pool-1-worker-87 | DEBUG | d.t.c.a.a.c.u.util.UserUtilService   : Save 4 users to database...
    23:44:42.014 | 194 Pool-1-worker-87 | DEBUG | d.t.c.a.a.c.u.util.UserUtilService   : Save 4 users to database. Done
    23:44:42.045 | 194 Pool-1-worker-87 | INFO  | i.z.t.d.l.EmbeddedDatabaseReporter   : JDBC URL to connect to 'dataSource': url='jdbc:h2:tcp://localhost:41063/mem:df70fc46-7e57-4cb5-9cd0-c1d90c14afa7;USER=sa', scope='EnforceRoleInExerciseTest#testAsStudentOfOther'
    23:44:42.046 | 194 Pool-1-worker-87 | DEBUG | d.t.c.a.a.c.s.f.ApiVersionFilter     : Adding Version to Request GET /api/test/testEnforceAtLeastEditorInExercise/1633
    23:44:42.048 | 194 Pool-1-worker-87 | WARN  | o.z.p.spring.common.AdviceTraits     : Forbidden: Access Denied

  Starting logs for EnforceRoleInExerciseTest > testAsStudentOfOther(String, HttpStatus) [7] endpoint=testEnforceAtLeastInstructorInExerciseExplicit, expectedStatus=403 FORBIDDEN
    23:44:42.082 | 194 Pool-1-worker-87 | DEBUG | d.t.c.a.a.c.u.util.UserUtilService   : Generate 1 students...
    23:44:42.084 | 194 Pool-1-worker-87 | DEBUG | d.t.c.a.a.c.u.util.UserUtilService   : 1 students generated. Generate 1 tutors...
    23:44:42.090 | 194 Pool-1-worker-87 | DEBUG | d.t.c.a.a.c.u.util.UserUtilService   : 1 tutors generated. Generate 1 editors...
    23:44:42.096 | 194 Pool-1-worker-87 | DEBUG | d.t.c.a.a.c.u.util.UserUtilService   : 1 editors generated. Generate 1 instructors...
    23:44:42.101 | 194 Pool-1-worker-87 | DEBUG | d.t.c.a.a.c.u.util.UserUtilService   : 1 instructors generated
    23:44:42.103 | 194 Pool-1-worker-87 | DEBUG | d.t.c.a.a.c.u.util.UserUtilService   : Removing 8 users from all courses...
    23:44:42.107 | 194 Pool-1-worker-87 | DEBUG | d.t.c.a.a.c.u.util.UserUtilService   : Removing 8 users from all courses. Done
    23:44:42.107 | 194 Pool-1-worker-87 | DEBUG | d.t.c.a.a.c.u.util.UserUtilService   : Save 4 users to database...
    23:44:42.115 | 194 Pool-1-worker-87 | DEBUG | d.t.c.a.a.c.u.util.UserUtilService   : Save 4 users to database. Done
    23:44:42.173 | 194 Pool-1-worker-87 | INFO  | i.z.t.d.l.EmbeddedDatabaseReporter   : JDBC URL to connect to 'dataSource': url='jdbc:h2:tcp://localhost:41063/mem:df70fc46-7e57-4cb5-9cd0-c1d90c14afa7;USER=sa', scope='EnforceRoleInExerciseTest#testAsStudentOfOther'
    23:44:42.177 | 194 Pool-1-worker-87 | DEBUG | d.t.c.a.a.c.s.f.ApiVersionFilter     : Adding Version to Request GET /api/test/testEnforceAtLeastInstructorInExerciseExplicit/1634
    23:44:42.182 | 194 Pool-1-worker-87 | WARN  | o.z.p.spring.common.AdviceTraits     : Forbidden: You are not allowed to access the Exercise with id 1634

  Starting logs for EnforceRoleInExerciseTest > testAsStudentOfOther(String, HttpStatus) [8] endpoint=testEnforceAtLeastInstructorInExercise, expectedStatus=403 FORBIDDEN
    23:44:42.218 | 194 Pool-1-worker-87 | DEBUG | d.t.c.a.a.c.u.util.UserUtilService   : Generate 1 students...
    23:44:42.223 | 194 Pool-1-worker-87 | DEBUG | d.t.c.a.a.c.u.util.UserUtilService   : 1 students generated. Generate 1 tutors...
    23:44:42.229 | 194 Pool-1-worker-87 | DEBUG | d.t.c.a.a.c.u.util.UserUtilService   : 1 tutors generated. Generate 1 editors...
    23:44:42.233 | 194 Pool-1-worker-87 | DEBUG | d.t.c.a.a.c.u.util.UserUtilService   : 1 editors generated. Generate 1 instructors...
    23:44:42.236 | 194 Pool-1-worker-87 | DEBUG | d.t.c.a.a.c.u.util.UserUtilService   : 1 instructors generated
    23:44:42.237 | 194 Pool-1-worker-87 | DEBUG | d.t.c.a.a.c.u.util.UserUtilService   : Removing 8 users from all courses...
    23:44:42.239 | 194 Pool-1-worker-87 | DEBUG | d.t.c.a.a.c.u.util.UserUtilService   : Removing 8 users from all courses. Done
    23:44:42.239 | 194 Pool-1-worker-87 | DEBUG | d.t.c.a.a.c.u.util.UserUtilService   : Save 4 users to database...
    23:44:42.244 | 194 Pool-1-worker-87 | DEBUG | d.t.c.a.a.c.u.util.UserUtilService   : Save 4 users to database. Done
    23:44:42.281 | 194 Pool-1-worker-87 | INFO  | i.z.t.d.l.EmbeddedDatabaseReporter   : JDBC URL to connect to 'dataSource': url='jdbc:h2:tcp://localhost:41063/mem:df70fc46-7e57-4cb5-9cd0-c1d90c14afa7;USER=sa', scope='EnforceRoleInExerciseTest#testAsStudentOfOther'
    23:44:42.282 | 194 Pool-1-worker-87 | DEBUG | d.t.c.a.a.c.s.f.ApiVersionFilter     : Adding Version to Request GET /api/test/testEnforceAtLeastInstructorInExercise/1635
    23:44:42.284 | 194 Pool-1-worker-87 | WARN  | o.z.p.spring.common.AdviceTraits     : Forbidden: Access Denied

  Starting logs for EnforceRoleInExerciseTest > testAsStudentOfOther(String, HttpStatus) [9] endpoint=testEnforceRoleInExerciseFieldName, expectedStatus=403 FORBIDDEN
    23:44:42.304 | 194 Pool-1-worker-87 | DEBUG | d.t.c.a.a.c.u.util.UserUtilService   : Generate 1 students...
    23:44:42.306 | 194 Pool-1-worker-87 | DEBUG | d.t.c.a.a.c.u.util.UserUtilService   : 1 students generated. Generate 1 tutors...
    23:44:42.309 | 194 Pool-1-worker-87 | DEBUG | d.t.c.a.a.c.u.util.UserUtilService   : 1 tutors generated. Generate 1 editors...
    23:44:42.312 | 194 Pool-1-worker-87 | DEBUG | d.t.c.a.a.c.u.util.UserUtilService   : 1 editors generated. Generate 1 instructors...
    23:44:42.314 | 194 Pool-1-worker-87 | DEBUG | d.t.c.a.a.c.u.util.UserUtilService   : 1 instructors generated
    23:44:42.316 | 194 Pool-1-worker-87 | DEBUG | d.t.c.a.a.c.u.util.UserUtilService   : Removing 8 users from all courses...
    23:44:42.317 | 194 Pool-1-worker-87 | DEBUG | d.t.c.a.a.c.u.util.UserUtilService   : Removing 8 users from all courses. Done
    23:44:42.317 | 194 Pool-1-worker-87 | DEBUG | d.t.c.a.a.c.u.util.UserUtilService   : Save 4 users to database...
    23:44:42.321 | 194 Pool-1-worker-87 | DEBUG | d.t.c.a.a.c.u.util.UserUtilService   : Save 4 users to database. Done
    23:44:42.353 | 194 Pool-1-worker-87 | INFO  | i.z.t.d.l.EmbeddedDatabaseReporter   : JDBC URL to connect to 'dataSource': url='jdbc:h2:tcp://localhost:41063/mem:df70fc46-7e57-4cb5-9cd0-c1d90c14afa7;USER=sa', scope='EnforceRoleInExerciseTest#testAsStudentOfOther'
    23:44:42.355 | 194 Pool-1-worker-87 | DEBUG | d.t.c.a.a.c.s.f.ApiVersionFilter     : Adding Version to Request GET /api/test/testEnforceRoleInExerciseFieldName/1636
    23:44:42.357 | 194 Pool-1-worker-87 | WARN  | o.z.p.spring.common.AdviceTraits     : Forbidden: You are not allowed to access the Exercise with id 1636

  Starting logs for EnforceRoleInExerciseTest > testAsStudentOfOther(String, HttpStatus) [10] endpoint=testEnforceAtLeastStudentInExerciseFieldName, expectedStatus=403 FORBIDDEN
    23:44:42.369 | 194 Pool-1-worker-87 | DEBUG | d.t.c.a.a.c.u.util.UserUtilService   : Generate 1 students...
    23:44:42.371 | 194 Pool-1-worker-87 | DEBUG | d.t.c.a.a.c.u.util.UserUtilService   : 1 students generated. Generate 1 tutors...
    23:44:42.374 | 194 Pool-1-worker-87 | DEBUG | d.t.c.a.a.c.u.util.UserUtilService   : 1 tutors generated. Generate 1 editors...
    23:44:42.376 | 194 Pool-1-worker-87 | DEBUG | d.t.c.a.a.c.u.util.UserUtilService   : 1 editors generated. Generate 1 instructors...
    23:44:42.378 | 194 Pool-1-worker-87 | DEBUG | d.t.c.a.a.c.u.util.UserUtilService   : 1 instructors generated
    23:44:42.380 | 194 Pool-1-worker-87 | DEBUG | d.t.c.a.a.c.u.util.UserUtilService   : Removing 8 users from all courses...
    23:44:42.380 | 194 Pool-1-worker-87 | DEBUG | d.t.c.a.a.c.u.util.UserUtilService   : Removing 8 users from all courses. Done
    23:44:42.380 | 194 Pool-1-worker-87 | DEBUG | d.t.c.a.a.c.u.util.UserUtilService   : Save 4 users to database...
    23:44:42.383 | 194 Pool-1-worker-87 | DEBUG | d.t.c.a.a.c.u.util.UserUtilService   : Save 4 users to database. Done
    23:44:42.407 | 194 Pool-1-worker-87 | INFO  | i.z.t.d.l.EmbeddedDatabaseReporter   : JDBC URL to connect to 'dataSource': url='jdbc:h2:tcp://localhost:41063/mem:df70fc46-7e57-4cb5-9cd0-c1d90c14afa7;USER=sa', scope='EnforceRoleInExerciseTest#testAsStudentOfOther'
    23:44:42.408 | 194 Pool-1-worker-87 | DEBUG | d.t.c.a.a.c.s.f.ApiVersionFilter     : Adding Version to Request GET /api/test/testEnforceAtLeastStudentInExerciseFieldName/1637
    23:44:42.411 | 194 Pool-1-worker-87 | WARN  | o.z.p.spring.common.AdviceTraits     : Forbidden: You are not allowed to access the Exercise with id 1637

  Starting logs for EnforceRoleInExerciseTest > testAsStudentOfOther(String, HttpStatus) [11] endpoint=testEnforceAtLeastTutorInExerciseFieldName, expectedStatus=403 FORBIDDEN
    23:44:42.434 | 194 Pool-1-worker-87 | DEBUG | d.t.c.a.a.c.u.util.UserUtilService   : Generate 1 students...
    23:44:42.436 | 194 Pool-1-worker-87 | DEBUG | d.t.c.a.a.c.u.util.UserUtilService   : 1 students generated. Generate 1 tutors...
    23:44:42.439 | 194 Pool-1-worker-87 | DEBUG | d.t.c.a.a.c.u.util.UserUtilService   : 1 tutors generated. Generate 1 editors...
    23:44:42.442 | 194 Pool-1-worker-87 | DEBUG | d.t.c.a.a.c.u.util.UserUtilService   : 1 editors generated. Generate 1 instructors...
    23:44:42.444 | 194 Pool-1-worker-87 | DEBUG | d.t.c.a.a.c.u.util.UserUtilService   : 1 instructors generated
    23:44:42.446 | 194 Pool-1-worker-87 | DEBUG | d.t.c.a.a.c.u.util.UserUtilService   : Removing 8 users from all courses...
    23:44:42.447 | 194 Pool-1-worker-87 | DEBUG | d.t.c.a.a.c.u.util.UserUtilService   : Removing 8 users from all courses. Done
    23:44:42.447 | 194 Pool-1-worker-87 | DEBUG | d.t.c.a.a.c.u.util.UserUtilService   : Save 4 users to database...
    23:44:42.451 | 194 Pool-1-worker-87 | DEBUG | d.t.c.a.a.c.u.util.UserUtilService   : Save 4 users to database. Done
    23:44:42.481 | 194 Pool-1-worker-87 | INFO  | i.z.t.d.l.EmbeddedDatabaseReporter   : JDBC URL to connect to 'dataSource': url='jdbc:h2:tcp://localhost:41063/mem:df70fc46-7e57-4cb5-9cd0-c1d90c14afa7;USER=sa', scope='EnforceRoleInExerciseTest#testAsStudentOfOther'
    23:44:42.483 | 194 Pool-1-worker-87 | DEBUG | d.t.c.a.a.c.s.f.ApiVersionFilter     : Adding Version to Request GET /api/test/testEnforceAtLeastTutorInExerciseFieldName/1638
    23:44:42.484 | 194 Pool-1-worker-87 | WARN  | o.z.p.spring.common.AdviceTraits     : Forbidden: Access Denied

  Starting logs for EnforceRoleInExerciseTest > testAsStudentOfOther(String, HttpStatus) [12] endpoint=testEnforceAtLeastEditorInExerciseFieldName, expectedStatus=403 FORBIDDEN
    23:44:42.494 | 194 Pool-1-worker-87 | DEBUG | d.t.c.a.a.c.u.util.UserUtilService   : Generate 1 students...
    23:44:42.497 | 194 Pool-1-worker-87 | DEBUG | d.t.c.a.a.c.u.util.UserUtilService   : 1 students generated. Generate 1 tutors...
    23:44:42.499 | 194 Pool-1-worker-87 | DEBUG | d.t.c.a.a.c.u.util.UserUtilService   : 1 tutors generated. Generate 1 editors...
    23:44:42.501 | 194 Pool-1-worker-87 | DEBUG | d.t.c.a.a.c.u.util.UserUtilService   : 1 editors generated. Generate 1 instructors...
    23:44:42.503 | 194 Pool-1-worker-87 | DEBUG | d.t.c.a.a.c.u.util.UserUtilService   : 1 instructors generated
    23:44:42.504 | 194 Pool-1-worker-87 | DEBUG | d.t.c.a.a.c.u.util.UserUtilService   : Removing 8 users from all courses...
    23:44:42.505 | 194 Pool-1-worker-87 | DEBUG | d.t.c.a.a.c.u.util.UserUtilService   : Removing 8 users from all courses. Done
    23:44:42.505 | 194 Pool-1-worker-87 | DEBUG | d.t.c.a.a.c.u.util.UserUtilService   : Save 4 users to database...
    23:44:42.508 | 194 Pool-1-worker-87 | DEBUG | d.t.c.a.a.c.u.util.UserUtilService   : Save 4 users to database. Done
    23:44:42.529 | 194 Pool-1-worker-87 | INFO  | i.z.t.d.l.EmbeddedDatabaseReporter   : JDBC URL to connect to 'dataSource': url='jdbc:h2:tcp://localhost:41063/mem:df70fc46-7e57-4cb5-9cd0-c1d90c14afa7;USER=sa', scope='EnforceRoleInExerciseTest#testAsStudentOfOther'
    23:44:42.530 | 194 Pool-1-worker-87 | DEBUG | d.t.c.a.a.c.s.f.ApiVersionFilter     : Adding Version to Request GET /api/test/testEnforceAtLeastEditorInExerciseFieldName/1639
    23:44:42.531 | 194 Pool-1-worker-87 | WARN  | o.z.p.spring.common.AdviceTraits     : Forbidden: Access Denied

  Starting logs for EnforceRoleInExerciseTest > testAsStudentOfOther(String, HttpStatus) [13] endpoint=testEnforceAtLeastInstructorInExerciseFieldName, expectedStatus=403 FORBIDDEN
    23:44:42.543 | 194 Pool-1-worker-87 | DEBUG | d.t.c.a.a.c.u.util.UserUtilService   : Generate 1 students...
    23:44:42.546 | 194 Pool-1-worker-87 | DEBUG | d.t.c.a.a.c.u.util.UserUtilService   : 1 students generated. Generate 1 tutors...
    23:44:42.548 | 194 Pool-1-worker-87 | DEBUG | d.t.c.a.a.c.u.util.UserUtilService   : 1 tutors generated. Generate 1 editors...
    23:44:42.551 | 194 Pool-1-worker-87 | DEBUG | d.t.c.a.a.c.u.util.UserUtilService   : 1 editors generated. Generate 1 instructors...
    23:44:42.553 | 194 Pool-1-worker-87 | DEBUG | d.t.c.a.a.c.u.util.UserUtilService   : 1 instructors generated
    23:44:42.555 | 194 Pool-1-worker-87 | DEBUG | d.t.c.a.a.c.u.util.UserUtilService   : Removing 8 users from all courses...
    23:44:42.556 | 194 Pool-1-worker-87 | DEBUG | d.t.c.a.a.c.u.util.UserUtilService   : Removing 8 users from all courses. Done
    23:44:42.556 | 194 Pool-1-worker-87 | DEBUG | d.t.c.a.a.c.u.util.UserUtilService   : Save 4 users to database...
    23:44:42.566 | 194 Pool-1-worker-87 | DEBUG | d.t.c.a.a.c.u.util.UserUtilService   : Save 4 users to database. Done
    23:44:42.607 | 194 Pool-1-worker-87 | INFO  | i.z.t.d.l.EmbeddedDatabaseReporter   : JDBC URL to connect to 'dataSource': url='jdbc:h2:tcp://localhost:41063/mem:df70fc46-7e57-4cb5-9cd0-c1d90c14afa7;USER=sa', scope='EnforceRoleInExerciseTest#testAsStudentOfOther'
    23:44:42.609 | 194 Pool-1-worker-87 | DEBUG | d.t.c.a.a.c.s.f.ApiVersionFilter     : Adding Version to Request GET /api/test/testEnforceAtLeastInstructorInExerciseFieldName/1640
    23:44:42.611 | 194 Pool-1-worker-87 | WARN  | o.z.p.spring.common.AdviceTraits     : Forbidden: Access Denied

  Starting logs for EnforceRoleInExerciseTest > testAsEditorOfCourse(String, HttpStatus) [1] endpoint=testEnforceAtLeastStudentInExerciseExplicit, expectedStatus=200 OK
    23:44:42.629 | 194 Pool-1-worker-87 | DEBUG | d.t.c.a.a.c.u.util.UserUtilService   : Generate 1 students...
    23:44:42.632 | 194 Pool-1-worker-87 | DEBUG | d.t.c.a.a.c.u.util.UserUtilService   : 1 students generated. Generate 1 tutors...
    23:44:42.635 | 194 Pool-1-worker-87 | DEBUG | d.t.c.a.a.c.u.util.UserUtilService   : 1 tutors generated. Generate 1 editors...
    23:44:42.638 | 194 Pool-1-worker-87 | DEBUG | d.t.c.a.a.c.u.util.UserUtilService   : 1 editors generated. Generate 1 instructors...
    23:44:42.640 | 194 Pool-1-worker-87 | DEBUG | d.t.c.a.a.c.u.util.UserUtilService   : 1 instructors generated
    23:44:42.642 | 194 Pool-1-worker-87 | DEBUG | d.t.c.a.a.c.u.util.UserUtilService   : Removing 8 users from all courses...
    23:44:42.643 | 194 Pool-1-worker-87 | DEBUG | d.t.c.a.a.c.u.util.UserUtilService   : Removing 8 users from all courses. Done
    23:44:42.643 | 194 Pool-1-worker-87 | DEBUG | d.t.c.a.a.c.u.util.UserUtilService   : Save 4 users to database...
    23:44:42.647 | 194 Pool-1-worker-87 | DEBUG | d.t.c.a.a.c.u.util.UserUtilService   : Save 4 users to database. Done
    23:44:42.681 | 194 Pool-1-worker-87 | INFO  | i.z.t.d.l.EmbeddedDatabaseReporter   : JDBC URL to connect to 'dataSource': url='jdbc:h2:tcp://localhost:41063/mem:df70fc46-7e57-4cb5-9cd0-c1d90c14afa7;USER=sa', scope='EnforceRoleInExerciseTest#testAsEditorOfCourse'
    23:44:42.682 | 194 Pool-1-worker-87 | DEBUG | d.t.c.a.a.c.s.f.ApiVersionFilter     : Adding Version to Request GET /api/test/testEnforceAtLeastStudentInExerciseExplicit/1641

  Starting logs for EnforceRoleInExerciseTest > testAsEditorOfCourse(String, HttpStatus) [2] endpoint=testEnforceAtLeastStudentInExercise, expectedStatus=200 OK
    23:44:42.702 | 194 Pool-1-worker-87 | DEBUG | d.t.c.a.a.c.u.util.UserUtilService   : Generate 1 students...
    23:44:42.705 | 194 Pool-1-worker-87 | DEBUG | d.t.c.a.a.c.u.util.UserUtilService   : 1 students generated. Generate 1 tutors...
    23:44:42.708 | 194 Pool-1-worker-87 | DEBUG | d.t.c.a.a.c.u.util.UserUtilService   : 1 tutors generated. Generate 1 editors...
    23:44:42.710 | 194 Pool-1-worker-87 | DEBUG | d.t.c.a.a.c.u.util.UserUtilService   : 1 editors generated. Generate 1 instructors...
    23:44:42.713 | 194 Pool-1-worker-87 | DEBUG | d.t.c.a.a.c.u.util.UserUtilService   : 1 instructors generated
    23:44:42.715 | 194 Pool-1-worker-87 | DEBUG | d.t.c.a.a.c.u.util.UserUtilService   : Removing 8 users from all courses...
    23:44:42.716 | 194 Pool-1-worker-87 | DEBUG | d.t.c.a.a.c.u.util.UserUtilService   : Removing 8 users from all courses. Done
    23:44:42.716 | 194 Pool-1-worker-87 | DEBUG | d.t.c.a.a.c.u.util.UserUtilService   : Save 4 users to database...
    23:44:42.720 | 194 Pool-1-worker-87 | DEBUG | d.t.c.a.a.c.u.util.UserUtilService   : Save 4 users to database. Done
    23:44:42.753 | 194 Pool-1-worker-87 | INFO  | i.z.t.d.l.EmbeddedDatabaseReporter   : JDBC URL to connect to 'dataSource': url='jdbc:h2:tcp://localhost:41063/mem:df70fc46-7e57-4cb5-9cd0-c1d90c14afa7;USER=sa', scope='EnforceRoleInExerciseTest#testAsEditorOfCourse'
    23:44:42.754 | 194 Pool-1-worker-87 | DEBUG | d.t.c.a.a.c.s.f.ApiVersionFilter     : Adding Version to Request GET /api/test/testEnforceAtLeastStudentInExercise/1642

  Starting logs for EnforceRoleInExerciseTest > testAsEditorOfCourse(String, HttpStatus) [3] endpoint=testEnforceAtLeastTutorInExerciseExplicit, expectedStatus=200 OK
    23:44:42.774 | 194 Pool-1-worker-87 | DEBUG | d.t.c.a.a.c.u.util.UserUtilService   : Generate 1 students...
    23:44:42.781 | 194 Pool-1-worker-87 | DEBUG | d.t.c.a.a.c.u.util.UserUtilService   : 1 students generated. Generate 1 tutors...
    23:44:42.786 | 194 Pool-1-worker-87 | DEBUG | d.t.c.a.a.c.u.util.UserUtilService   : 1 tutors generated. Generate 1 editors...
    23:44:42.790 | 194 Pool-1-worker-87 | DEBUG | d.t.c.a.a.c.u.util.UserUtilService   : 1 editors generated. Generate 1 instructors...
    23:44:42.798 | 194 Pool-1-worker-87 | DEBUG | d.t.c.a.a.c.u.util.UserUtilService   : 1 instructors generated
    23:44:42.800 | 194 Pool-1-worker-87 | DEBUG | d.t.c.a.a.c.u.util.UserUtilService   : Removing 8 users from all courses...
    23:44:42.801 | 194 Pool-1-worker-87 | DEBUG | d.t.c.a.a.c.u.util.UserUtilService   : Removing 8 users from all courses. Done
    23:44:42.801 | 194 Pool-1-worker-87 | DEBUG | d.t.c.a.a.c.u.util.UserUtilService   : Save 4 users to database...
    23:44:42.804 | 194 Pool-1-worker-87 | DEBUG | d.t.c.a.a.c.u.util.UserUtilService   : Save 4 users to database. Done
    23:44:42.837 | 194 Pool-1-worker-87 | INFO  | i.z.t.d.l.EmbeddedDatabaseReporter   : JDBC URL to connect to 'dataSource': url='jdbc:h2:tcp://localhost:41063/mem:df70fc46-7e57-4cb5-9cd0-c1d90c14afa7;USER=sa', scope='EnforceRoleInExerciseTest#testAsEditorOfCourse'
    23:44:42.838 | 194 Pool-1-worker-87 | DEBUG | d.t.c.a.a.c.s.f.ApiVersionFilter     : Adding Version to Request GET /api/test/testEnforceAtLeastTutorInExerciseExplicit/1643

  Starting logs for EnforceRoleInExerciseTest > testAsEditorOfCourse(String, HttpStatus) [4] endpoint=testEnforceAtLeastTutorInExercise, expectedStatus=200 OK
    23:44:42.856 | 194 Pool-1-worker-87 | DEBUG | d.t.c.a.a.c.u.util.UserUtilService   : Generate 1 students...
    23:44:42.859 | 194 Pool-1-worker-87 | DEBUG | d.t.c.a.a.c.u.util.UserUtilService   : 1 students generated. Generate 1 tutors...
    23:44:42.861 | 194 Pool-1-worker-87 | DEBUG | d.t.c.a.a.c.u.util.UserUtilService   : 1 tutors generated. Generate 1 editors...
    23:44:42.864 | 194 Pool-1-worker-87 | DEBUG | d.t.c.a.a.c.u.util.UserUtilService   : 1 editors generated. Generate 1 instructors...
    23:44:42.867 | 194 Pool-1-worker-87 | DEBUG | d.t.c.a.a.c.u.util.UserUtilService   : 1 instructors generated
    23:44:42.868 | 194 Pool-1-worker-87 | DEBUG | d.t.c.a.a.c.u.util.UserUtilService   : Removing 8 users from all courses...
    23:44:42.871 | 194 Pool-1-worker-87 | DEBUG | d.t.c.a.a.c.u.util.UserUtilService   : Removing 8 users from all courses. Done
    23:44:42.871 | 194 Pool-1-worker-87 | DEBUG | d.t.c.a.a.c.u.util.UserUtilService   : Save 4 users to database...
    23:44:42.874 | 194 Pool-1-worker-87 | DEBUG | d.t.c.a.a.c.u.util.UserUtilService   : Save 4 users to database. Done
    23:44:42.906 | 194 Pool-1-worker-87 | INFO  | i.z.t.d.l.EmbeddedDatabaseReporter   : JDBC URL to connect to 'dataSource': url='jdbc:h2:tcp://localhost:41063/mem:df70fc46-7e57-4cb5-9cd0-c1d90c14afa7;USER=sa', scope='EnforceRoleInExerciseTest#testAsEditorOfCourse'
    23:44:42.907 | 194 Pool-1-worker-87 | DEBUG | d.t.c.a.a.c.s.f.ApiVersionFilter     : Adding Version to Request GET /api/test/testEnforceAtLeastTutorInExercise/1644

  Starting logs for EnforceRoleInExerciseTest > testAsEditorOfCourse(String, HttpStatus) [5] endpoint=testEnforceAtLeastEditorInExerciseExplicit, expectedStatus=200 OK
    23:44:42.925 | 194 Pool-1-worker-87 | DEBUG | d.t.c.a.a.c.u.util.UserUtilService   : Generate 1 students...
    23:44:42.928 | 194 Pool-1-worker-87 | DEBUG | d.t.c.a.a.c.u.util.UserUtilService   : 1 students generated. Generate 1 tutors...
    23:44:42.933 | 194 Pool-1-worker-87 | DEBUG | d.t.c.a.a.c.u.util.UserUtilService   : 1 tutors generated. Generate 1 editors...
    23:44:42.938 | 194 Pool-1-worker-87 | DEBUG | d.t.c.a.a.c.u.util.UserUtilService   : 1 editors generated. Generate 1 instructors...
    23:44:42.944 | 194 Pool-1-worker-87 | DEBUG | d.t.c.a.a.c.u.util.UserUtilService   : 1 instructors generated
    23:44:42.949 | 194 Pool-1-worker-87 | DEBUG | d.t.c.a.a.c.u.util.UserUtilService   : Removing 8 users from all courses...
    23:44:42.950 | 194 Pool-1-worker-87 | DEBUG | d.t.c.a.a.c.u.util.UserUtilService   : Removing 8 users from all courses. Done
    23:44:42.950 | 194 Pool-1-worker-87 | DEBUG | d.t.c.a.a.c.u.util.UserUtilService   : Save 4 users to database...
    23:44:42.959 | 194 Pool-1-worker-87 | DEBUG | d.t.c.a.a.c.u.util.UserUtilService   : Save 4 users to database. Done
    23:44:42.995 | 194 Pool-1-worker-87 | INFO  | i.z.t.d.l.EmbeddedDatabaseReporter   : JDBC URL to connect to 'dataSource': url='jdbc:h2:tcp://localhost:41063/mem:df70fc46-7e57-4cb5-9cd0-c1d90c14afa7;USER=sa', scope='EnforceRoleInExerciseTest#testAsEditorOfCourse'
    23:44:42.997 | 194 Pool-1-worker-87 | DEBUG | d.t.c.a.a.c.s.f.ApiVersionFilter     : Adding Version to Request GET /api/test/testEnforceAtLeastEditorInExerciseExplicit/1645

  Starting logs for EnforceRoleInExerciseTest > testAsEditorOfCourse(String, HttpStatus) [6] endpoint=testEnforceAtLeastEditorInExercise, expectedStatus=200 OK
    23:44:43.012 | 194 Pool-1-worker-87 | DEBUG | d.t.c.a.a.c.u.util.UserUtilService   : Generate 1 students...
    23:44:43.015 | 194 Pool-1-worker-87 | DEBUG | d.t.c.a.a.c.u.util.UserUtilService   : 1 students generated. Generate 1 tutors...
    23:44:43.021 | 194 Pool-1-worker-87 | DEBUG | d.t.c.a.a.c.u.util.UserUtilService   : 1 tutors generated. Generate 1 editors...
    23:44:43.027 | 194 Pool-1-worker-87 | DEBUG | d.t.c.a.a.c.u.util.UserUtilService   : 1 editors generated. Generate 1 instructors...
    23:44:43.030 | 194 Pool-1-worker-87 | DEBUG | d.t.c.a.a.c.u.util.UserUtilService   : 1 instructors generated
    23:44:43.034 | 194 Pool-1-worker-87 | DEBUG | d.t.c.a.a.c.u.util.UserUtilService   : Removing 8 users from all courses...
    23:44:43.039 | 194 Pool-1-worker-87 | DEBUG | d.t.c.a.a.c.u.util.UserUtilService   : Removing 8 users from all courses. Done
    23:44:43.039 | 194 Pool-1-worker-87 | DEBUG | d.t.c.a.a.c.u.util.UserUtilService   : Save 4 users to database...
    23:44:43.045 | 194 Pool-1-worker-87 | DEBUG | d.t.c.a.a.c.u.util.UserUtilService   : Save 4 users to database. Done
    23:44:43.139 | 194 Pool-1-worker-87 | INFO  | i.z.t.d.l.EmbeddedDatabaseReporter   : JDBC URL to connect to 'dataSource': url='jdbc:h2:tcp://localhost:41063/mem:df70fc46-7e57-4cb5-9cd0-c1d90c14afa7;USER=sa', scope='EnforceRoleInExerciseTest#testAsEditorOfCourse'
    23:44:43.140 | 194 Pool-1-worker-87 | DEBUG | d.t.c.a.a.c.s.f.ApiVersionFilter     : Adding Version to Request GET /api/test/testEnforceAtLeastEditorInExercise/1646

  Starting logs for EnforceRoleInExerciseTest > testAsEditorOfCourse(String, HttpStatus) [7] endpoint=testEnforceAtLeastInstructorInExerciseExplicit, expectedStatus=403 FORBIDDEN
    23:44:43.182 | 194 Pool-1-worker-87 | DEBUG | d.t.c.a.a.c.u.util.UserUtilService   : Generate 1 students...
    23:44:43.188 | 194 Pool-1-worker-87 | DEBUG | d.t.c.a.a.c.u.util.UserUtilService   : 1 students generated. Generate 1 tutors...
    23:44:43.193 | 194 Pool-1-worker-87 | DEBUG | d.t.c.a.a.c.u.util.UserUtilService   : 1 tutors generated. Generate 1 editors...
    23:44:43.198 | 194 Pool-1-worker-87 | DEBUG | d.t.c.a.a.c.u.util.UserUtilService   : 1 editors generated. Generate 1 instructors...
    23:44:43.201 | 194 Pool-1-worker-87 | DEBUG | d.t.c.a.a.c.u.util.UserUtilService   : 1 instructors generated
    23:44:43.204 | 194 Pool-1-worker-87 | DEBUG | d.t.c.a.a.c.u.util.UserUtilService   : Removing 8 users from all courses...
    23:44:43.205 | 194 Pool-1-worker-87 | DEBUG | d.t.c.a.a.c.u.util.UserUtilService   : Removing 8 users from all courses. Done
    23:44:43.205 | 194 Pool-1-worker-87 | DEBUG | d.t.c.a.a.c.u.util.UserUtilService   : Save 4 users to database...
    23:44:43.209 | 194 Pool-1-worker-87 | DEBUG | d.t.c.a.a.c.u.util.UserUtilService   : Save 4 users to database. Done
    23:44:43.244 | 194 Pool-1-worker-87 | INFO  | i.z.t.d.l.EmbeddedDatabaseReporter   : JDBC URL to connect to 'dataSource': url='jdbc:h2:tcp://localhost:41063/mem:df70fc46-7e57-4cb5-9cd0-c1d90c14afa7;USER=sa', scope='EnforceRoleInExerciseTest#testAsEditorOfCourse'
    23:44:43.246 | 194 Pool-1-worker-87 | DEBUG | d.t.c.a.a.c.s.f.ApiVersionFilter     : Adding Version to Request GET /api/test/testEnforceAtLeastInstructorInExerciseExplicit/1647
    23:44:43.248 | 194 Pool-1-worker-87 | WARN  | o.z.p.spring.common.AdviceTraits     : Forbidden: You are not allowed to access the Exercise with id 1647

  Starting logs for EnforceRoleInExerciseTest > testAsEditorOfCourse(String, HttpStatus) [8] endpoint=testEnforceAtLeastInstructorInExercise, expectedStatus=403 FORBIDDEN
    23:44:43.262 | 194 Pool-1-worker-87 | DEBUG | d.t.c.a.a.c.u.util.UserUtilService   : Generate 1 students...
    23:44:43.265 | 194 Pool-1-worker-87 | DEBUG | d.t.c.a.a.c.u.util.UserUtilService   : 1 students generated. Generate 1 tutors...
    23:44:43.268 | 194 Pool-1-worker-87 | DEBUG | d.t.c.a.a.c.u.util.UserUtilService   : 1 tutors generated. Generate 1 editors...
    23:44:43.271 | 194 Pool-1-worker-87 | DEBUG | d.t.c.a.a.c.u.util.UserUtilService   : 1 editors generated. Generate 1 instructors...
    23:44:43.273 | 194 Pool-1-worker-87 | DEBUG | d.t.c.a.a.c.u.util.UserUtilService   : 1 instructors generated
    23:44:43.275 | 194 Pool-1-worker-87 | DEBUG | d.t.c.a.a.c.u.util.UserUtilService   : Removing 8 users from all courses...
    23:44:43.276 | 194 Pool-1-worker-87 | DEBUG | d.t.c.a.a.c.u.util.UserUtilService   : Removing 8 users from all courses. Done
    23:44:43.276 | 194 Pool-1-worker-87 | DEBUG | d.t.c.a.a.c.u.util.UserUtilService   : Save 4 users to database...
    23:44:43.280 | 194 Pool-1-worker-87 | DEBUG | d.t.c.a.a.c.u.util.UserUtilService   : Save 4 users to database. Done
    23:44:43.311 | 194 Pool-1-worker-87 | INFO  | i.z.t.d.l.EmbeddedDatabaseReporter   : JDBC URL to connect to 'dataSource': url='jdbc:h2:tcp://localhost:41063/mem:df70fc46-7e57-4cb5-9cd0-c1d90c14afa7;USER=sa', scope='EnforceRoleInExerciseTest#testAsEditorOfCourse'
    23:44:43.312 | 194 Pool-1-worker-87 | DEBUG | d.t.c.a.a.c.s.f.ApiVersionFilter     : Adding Version to Request GET /api/test/testEnforceAtLeastInstructorInExercise/1648
    23:44:43.313 | 194 Pool-1-worker-87 | WARN  | o.z.p.spring.common.AdviceTraits     : Forbidden: Access Denied

  Starting logs for EnforceRoleInExerciseTest > testAsEditorOfCourse(String, HttpStatus) [9] endpoint=testEnforceRoleInExerciseFieldName, expectedStatus=200 OK
    23:44:43.391 | 194 Pool-1-worker-87 | DEBUG | d.t.c.a.a.c.u.util.UserUtilService   : Generate 1 students...
    23:44:43.394 | 194 Pool-1-worker-87 | DEBUG | d.t.c.a.a.c.u.util.UserUtilService   : 1 students generated. Generate 1 tutors...
    23:44:43.396 | 194 Pool-1-worker-87 | DEBUG | d.t.c.a.a.c.u.util.UserUtilService   : 1 tutors generated. Generate 1 editors...
    23:44:43.400 | 194 Pool-1-worker-87 | DEBUG | d.t.c.a.a.c.u.util.UserUtilService   : 1 editors generated. Generate 1 instructors...
    23:44:43.405 | 194 Pool-1-worker-87 | DEBUG | d.t.c.a.a.c.u.util.UserUtilService   : 1 instructors generated
    23:44:43.407 | 194 Pool-1-worker-87 | DEBUG | d.t.c.a.a.c.u.util.UserUtilService   : Removing 8 users from all courses...
    23:44:43.408 | 194 Pool-1-worker-87 | DEBUG | d.t.c.a.a.c.u.util.UserUtilService   : Removing 8 users from all courses. Done
    23:44:43.408 | 194 Pool-1-worker-87 | DEBUG | d.t.c.a.a.c.u.util.UserUtilService   : Save 4 users to database...
    23:44:43.411 | 194 Pool-1-worker-87 | DEBUG | d.t.c.a.a.c.u.util.UserUtilService   : Save 4 users to database. Done
    23:44:43.445 | 194 Pool-1-worker-87 | INFO  | i.z.t.d.l.EmbeddedDatabaseReporter   : JDBC URL to connect to 'dataSource': url='jdbc:h2:tcp://localhost:41063/mem:df70fc46-7e57-4cb5-9cd0-c1d90c14afa7;USER=sa', scope='EnforceRoleInExerciseTest#testAsEditorOfCourse'
    23:44:43.447 | 194 Pool-1-worker-87 | DEBUG | d.t.c.a.a.c.s.f.ApiVersionFilter     : Adding Version to Request GET /api/test/testEnforceRoleInExerciseFieldName/1649

  Starting logs for EnforceRoleInExerciseTest > testAsEditorOfCourse(String, HttpStatus) [10] endpoint=testEnforceAtLeastStudentInExerciseFieldName, expectedStatus=200 OK
    23:44:43.466 | 194 Pool-1-worker-87 | DEBUG | d.t.c.a.a.c.u.util.UserUtilService   : Generate 1 students...
    23:44:43.469 | 194 Pool-1-worker-87 | DEBUG | d.t.c.a.a.c.u.util.UserUtilService   : 1 students generated. Generate 1 tutors...
    23:44:43.471 | 194 Pool-1-worker-87 | DEBUG | d.t.c.a.a.c.u.util.UserUtilService   : 1 tutors generated. Generate 1 editors...
    23:44:43.473 | 194 Pool-1-worker-87 | DEBUG | d.t.c.a.a.c.u.util.UserUtilService   : 1 editors generated. Generate 1 instructors...
    23:44:43.477 | 194 Pool-1-worker-87 | DEBUG | d.t.c.a.a.c.u.util.UserUtilService   : 1 instructors generated
    23:44:43.478 | 194 Pool-1-worker-87 | DEBUG | d.t.c.a.a.c.u.util.UserUtilService   : Removing 8 users from all courses...
    23:44:43.479 | 194 Pool-1-worker-87 | DEBUG | d.t.c.a.a.c.u.util.UserUtilService   : Removing 8 users from all courses. Done
    23:44:43.479 | 194 Pool-1-worker-87 | DEBUG | d.t.c.a.a.c.u.util.UserUtilService   : Save 4 users to database...
    23:44:43.482 | 194 Pool-1-worker-87 | DEBUG | d.t.c.a.a.c.u.util.UserUtilService   : Save 4 users to database. Done
    23:44:43.513 | 194 Pool-1-worker-87 | INFO  | i.z.t.d.l.EmbeddedDatabaseReporter   : JDBC URL to connect to 'dataSource': url='jdbc:h2:tcp://localhost:41063/mem:df70fc46-7e57-4cb5-9cd0-c1d90c14afa7;USER=sa', scope='EnforceRoleInExerciseTest#testAsEditorOfCourse'
    23:44:43.515 | 194 Pool-1-worker-87 | DEBUG | d.t.c.a.a.c.s.f.ApiVersionFilter     : Adding Version to Request GET /api/test/testEnforceAtLeastStudentInExerciseFieldName/1650

  Starting logs for EnforceRoleInExerciseTest > testAsEditorOfCourse(String, HttpStatus) [11] endpoint=testEnforceAtLeastTutorInExerciseFieldName, expectedStatus=200 OK
    23:44:43.530 | 194 Pool-1-worker-87 | DEBUG | d.t.c.a.a.c.u.util.UserUtilService   : Generate 1 students...
    23:44:43.533 | 194 Pool-1-worker-87 | DEBUG | d.t.c.a.a.c.u.util.UserUtilService   : 1 students generated. Generate 1 tutors...
    23:44:43.536 | 194 Pool-1-worker-87 | DEBUG | d.t.c.a.a.c.u.util.UserUtilService   : 1 tutors generated. Generate 1 editors...
    23:44:43.538 | 194 Pool-1-worker-87 | DEBUG | d.t.c.a.a.c.u.util.UserUtilService   : 1 editors generated. Generate 1 instructors...
    23:44:43.541 | 194 Pool-1-worker-87 | DEBUG | d.t.c.a.a.c.u.util.UserUtilService   : 1 instructors generated
    23:44:43.542 | 194 Pool-1-worker-87 | DEBUG | d.t.c.a.a.c.u.util.UserUtilService   : Removing 8 users from all courses...
    23:44:43.543 | 194 Pool-1-worker-87 | DEBUG | d.t.c.a.a.c.u.util.UserUtilService   : Removing 8 users from all courses. Done
    23:44:43.543 | 194 Pool-1-worker-87 | DEBUG | d.t.c.a.a.c.u.util.UserUtilService   : Save 4 users to database...
    23:44:43.546 | 194 Pool-1-worker-87 | DEBUG | d.t.c.a.a.c.u.util.UserUtilService   : Save 4 users to database. Done
    23:44:43.576 | 194 Pool-1-worker-87 | INFO  | i.z.t.d.l.EmbeddedDatabaseReporter   : JDBC URL to connect to 'dataSource': url='jdbc:h2:tcp://localhost:41063/mem:df70fc46-7e57-4cb5-9cd0-c1d90c14afa7;USER=sa', scope='EnforceRoleInExerciseTest#testAsEditorOfCourse'
    23:44:43.578 | 194 Pool-1-worker-87 | DEBUG | d.t.c.a.a.c.s.f.ApiVersionFilter     : Adding Version to Request GET /api/test/testEnforceAtLeastTutorInExerciseFieldName/1651

  Starting logs for EnforceRoleInExerciseTest > testAsEditorOfCourse(String, HttpStatus) [12] endpoint=testEnforceAtLeastEditorInExerciseFieldName, expectedStatus=200 OK
    23:44:43.595 | 194 Pool-1-worker-87 | DEBUG | d.t.c.a.a.c.u.util.UserUtilService   : Generate 1 students...
    23:44:43.598 | 194 Pool-1-worker-87 | DEBUG | d.t.c.a.a.c.u.util.UserUtilService   : 1 students generated. Generate 1 tutors...
    23:44:43.600 | 194 Pool-1-worker-87 | DEBUG | d.t.c.a.a.c.u.util.UserUtilService   : 1 tutors generated. Generate 1 editors...
    23:44:43.603 | 194 Pool-1-worker-87 | DEBUG | d.t.c.a.a.c.u.util.UserUtilService   : 1 editors generated. Generate 1 instructors...
    23:44:43.605 | 194 Pool-1-worker-87 | DEBUG | d.t.c.a.a.c.u.util.UserUtilService   : 1 instructors generated
    23:44:43.607 | 194 Pool-1-worker-87 | DEBUG | d.t.c.a.a.c.u.util.UserUtilService   : Removing 8 users from all courses...
    23:44:43.608 | 194 Pool-1-worker-87 | DEBUG | d.t.c.a.a.c.u.util.UserUtilService   : Removing 8 users from all courses. Done
    23:44:43.608 | 194 Pool-1-worker-87 | DEBUG | d.t.c.a.a.c.u.util.UserUtilService   : Save 4 users to database...
    23:44:43.611 | 194 Pool-1-worker-87 | DEBUG | d.t.c.a.a.c.u.util.UserUtilService   : Save 4 users to database. Done
    23:44:43.639 | 194 Pool-1-worker-87 | INFO  | i.z.t.d.l.EmbeddedDatabaseReporter   : JDBC URL to connect to 'dataSource': url='jdbc:h2:tcp://localhost:41063/mem:df70fc46-7e57-4cb5-9cd0-c1d90c14afa7;USER=sa', scope='EnforceRoleInExerciseTest#testAsEditorOfCourse'
    23:44:43.641 | 194 Pool-1-worker-87 | DEBUG | d.t.c.a.a.c.s.f.ApiVersionFilter     : Adding Version to Request GET /api/test/testEnforceAtLeastEditorInExerciseFieldName/1652

  Starting logs for EnforceRoleInExerciseTest > testAsEditorOfCourse(String, HttpStatus) [13] endpoint=testEnforceAtLeastInstructorInExerciseFieldName, expectedStatus=403 FORBIDDEN
    23:44:43.658 | 194 Pool-1-worker-87 | DEBUG | d.t.c.a.a.c.u.util.UserUtilService   : Generate 1 students...
    23:44:43.661 | 194 Pool-1-worker-87 | DEBUG | d.t.c.a.a.c.u.util.UserUtilService   : 1 students generated. Generate 1 tutors...
    23:44:43.663 | 194 Pool-1-worker-87 | DEBUG | d.t.c.a.a.c.u.util.UserUtilService   : 1 tutors generated. Generate 1 editors...
    23:44:43.666 | 194 Pool-1-worker-87 | DEBUG | d.t.c.a.a.c.u.util.UserUtilService   : 1 editors generated. Generate 1 instructors...
    23:44:43.668 | 194 Pool-1-worker-87 | DEBUG | d.t.c.a.a.c.u.util.UserUtilService   : 1 instructors generated
    23:44:43.670 | 194 Pool-1-worker-87 | DEBUG | d.t.c.a.a.c.u.util.UserUtilService   : Removing 8 users from all courses...
    23:44:43.671 | 194 Pool-1-worker-87 | DEBUG | d.t.c.a.a.c.u.util.UserUtilService   : Removing 8 users from all courses. Done
    23:44:43.671 | 194 Pool-1-worker-87 | DEBUG | d.t.c.a.a.c.u.util.UserUtilService   : Save 4 users to database...
    23:44:43.675 | 194 Pool-1-worker-87 | DEBUG | d.t.c.a.a.c.u.util.UserUtilService   : Save 4 users to database. Done
    23:44:43.705 | 194 Pool-1-worker-87 | INFO  | i.z.t.d.l.EmbeddedDatabaseReporter   : JDBC URL to connect to 'dataSource': url='jdbc:h2:tcp://localhost:41063/mem:df70fc46-7e57-4cb5-9cd0-c1d90c14afa7;USER=sa', scope='EnforceRoleInExerciseTest#testAsEditorOfCourse'
    23:44:43.707 | 194 Pool-1-worker-87 | DEBUG | d.t.c.a.a.c.s.f.ApiVersionFilter     : Adding Version to Request GET /api/test/testEnforceAtLeastInstructorInExerciseFieldName/1653
    23:44:43.708 | 194 Pool-1-worker-87 | WARN  | o.z.p.spring.common.AdviceTraits     : Forbidden: Access Denied

  Starting logs for EnforceRoleInExerciseTest > testAsInstructorOfCourse(String, HttpStatus) [1] endpoint=testEnforceAtLeastStudentInExerciseExplicit, expectedStatus=200 OK
    23:44:43.723 | 194 Pool-1-worker-87 | DEBUG | d.t.c.a.a.c.u.util.UserUtilService   : Generate 1 students...
    23:44:43.726 | 194 Pool-1-worker-87 | DEBUG | d.t.c.a.a.c.u.util.UserUtilService   : 1 students generated. Generate 1 tutors...
    23:44:43.728 | 194 Pool-1-worker-87 | DEBUG | d.t.c.a.a.c.u.util.UserUtilService   : 1 tutors generated. Generate 1 editors...
    23:44:43.731 | 194 Pool-1-worker-87 | DEBUG | d.t.c.a.a.c.u.util.UserUtilService   : 1 editors generated. Generate 1 instructors...
    23:44:43.734 | 194 Pool-1-worker-87 | DEBUG | d.t.c.a.a.c.u.util.UserUtilService   : 1 instructors generated
    23:44:43.735 | 194 Pool-1-worker-87 | DEBUG | d.t.c.a.a.c.u.util.UserUtilService   : Removing 8 users from all courses...
    23:44:43.739 | 194 Pool-1-worker-87 | DEBUG | d.t.c.a.a.c.u.util.UserUtilService   : Removing 8 users from all courses. Done
    23:44:43.739 | 194 Pool-1-worker-87 | DEBUG | d.t.c.a.a.c.u.util.UserUtilService   : Save 4 users to database...
    23:44:43.746 | 194 Pool-1-worker-87 | DEBUG | d.t.c.a.a.c.u.util.UserUtilService   : Save 4 users to database. Done
    23:44:43.791 | 194 Pool-1-worker-87 | INFO  | i.z.t.d.l.EmbeddedDatabaseReporter   : JDBC URL to connect to 'dataSource': url='jdbc:h2:tcp://localhost:41063/mem:df70fc46-7e57-4cb5-9cd0-c1d90c14afa7;USER=sa', scope='EnforceRoleInExerciseTest#testAsInstructorOfCourse'
    23:44:43.793 | 194 Pool-1-worker-87 | DEBUG | d.t.c.a.a.c.s.f.ApiVersionFilter     : Adding Version to Request GET /api/test/testEnforceAtLeastStudentInExerciseExplicit/1654

  Starting logs for EnforceRoleInExerciseTest > testAsInstructorOfCourse(String, HttpStatus) [2] endpoint=testEnforceAtLeastStudentInExercise, expectedStatus=200 OK
    23:44:43.808 | 194 Pool-1-worker-87 | DEBUG | d.t.c.a.a.c.u.util.UserUtilService   : Generate 1 students...
    23:44:43.811 | 194 Pool-1-worker-87 | DEBUG | d.t.c.a.a.c.u.util.UserUtilService   : 1 students generated. Generate 1 tutors...
    23:44:43.813 | 194 Pool-1-worker-87 | DEBUG | d.t.c.a.a.c.u.util.UserUtilService   : 1 tutors generated. Generate 1 editors...
    23:44:43.816 | 194 Pool-1-worker-87 | DEBUG | d.t.c.a.a.c.u.util.UserUtilService   : 1 editors generated. Generate 1 instructors...
    23:44:43.818 | 194 Pool-1-worker-87 | DEBUG | d.t.c.a.a.c.u.util.UserUtilService   : 1 instructors generated
    23:44:43.820 | 194 Pool-1-worker-87 | DEBUG | d.t.c.a.a.c.u.util.UserUtilService   : Removing 8 users from all courses...
    23:44:43.821 | 194 Pool-1-worker-87 | DEBUG | d.t.c.a.a.c.u.util.UserUtilService   : Removing 8 users from all courses. Done
    23:44:43.821 | 194 Pool-1-worker-87 | DEBUG | d.t.c.a.a.c.u.util.UserUtilService   : Save 4 users to database...
    23:44:43.825 | 194 Pool-1-worker-87 | DEBUG | d.t.c.a.a.c.u.util.UserUtilService   : Save 4 users to database. Done
    23:44:43.856 | 194 Pool-1-worker-87 | INFO  | i.z.t.d.l.EmbeddedDatabaseReporter   : JDBC URL to connect to 'dataSource': url='jdbc:h2:tcp://localhost:41063/mem:df70fc46-7e57-4cb5-9cd0-c1d90c14afa7;USER=sa', scope='EnforceRoleInExerciseTest#testAsInstructorOfCourse'
    23:44:43.858 | 194 Pool-1-worker-87 | DEBUG | d.t.c.a.a.c.s.f.ApiVersionFilter     : Adding Version to Request GET /api/test/testEnforceAtLeastStudentInExercise/1655

  Starting logs for EnforceRoleInExerciseTest > testAsInstructorOfCourse(String, HttpStatus) [3] endpoint=testEnforceAtLeastTutorInExerciseExplicit, expectedStatus=200 OK
    23:44:43.875 | 194 Pool-1-worker-87 | DEBUG | d.t.c.a.a.c.u.util.UserUtilService   : Generate 1 students...
    23:44:43.878 | 194 Pool-1-worker-87 | DEBUG | d.t.c.a.a.c.u.util.UserUtilService   : 1 students generated. Generate 1 tutors...
    23:44:43.881 | 194 Pool-1-worker-87 | DEBUG | d.t.c.a.a.c.u.util.UserUtilService   : 1 tutors generated. Generate 1 editors...
    23:44:43.884 | 194 Pool-1-worker-87 | DEBUG | d.t.c.a.a.c.u.util.UserUtilService   : 1 editors generated. Generate 1 instructors...
    23:44:43.886 | 194 Pool-1-worker-87 | DEBUG | d.t.c.a.a.c.u.util.UserUtilService   : 1 instructors generated
    23:44:43.888 | 194 Pool-1-worker-87 | DEBUG | d.t.c.a.a.c.u.util.UserUtilService   : Removing 8 users from all courses...
    23:44:43.889 | 194 Pool-1-worker-87 | DEBUG | d.t.c.a.a.c.u.util.UserUtilService   : Removing 8 users from all courses. Done
    23:44:43.889 | 194 Pool-1-worker-87 | DEBUG | d.t.c.a.a.c.u.util.UserUtilService   : Save 4 users to database...
    23:44:43.892 | 194 Pool-1-worker-87 | DEBUG | d.t.c.a.a.c.u.util.UserUtilService   : Save 4 users to database. Done
    23:44:43.925 | 194 Pool-1-worker-87 | INFO  | i.z.t.d.l.EmbeddedDatabaseReporter   : JDBC URL to connect to 'dataSource': url='jdbc:h2:tcp://localhost:41063/mem:df70fc46-7e57-4cb5-9cd0-c1d90c14afa7;USER=sa', scope='EnforceRoleInExerciseTest#testAsInstructorOfCourse'
    23:44:43.926 | 194 Pool-1-worker-87 | DEBUG | d.t.c.a.a.c.s.f.ApiVersionFilter     : Adding Version to Request GET /api/test/testEnforceAtLeastTutorInExerciseExplicit/1656

  Starting logs for EnforceRoleInExerciseTest > testAsInstructorOfCourse(String, HttpStatus) [4] endpoint=testEnforceAtLeastTutorInExercise, expectedStatus=200 OK
    23:44:43.947 | 194 Pool-1-worker-87 | DEBUG | d.t.c.a.a.c.u.util.UserUtilService   : Generate 1 students...
    23:44:43.950 | 194 Pool-1-worker-87 | DEBUG | d.t.c.a.a.c.u.util.UserUtilService   : 1 students generated. Generate 1 tutors...
    23:44:43.952 | 194 Pool-1-worker-87 | DEBUG | d.t.c.a.a.c.u.util.UserUtilService   : 1 tutors generated. Generate 1 editors...
    23:44:43.956 | 194 Pool-1-worker-87 | DEBUG | d.t.c.a.a.c.u.util.UserUtilService   : 1 editors generated. Generate 1 instructors...
    23:44:43.959 | 194 Pool-1-worker-87 | DEBUG | d.t.c.a.a.c.u.util.UserUtilService   : 1 instructors generated
    23:44:43.963 | 194 Pool-1-worker-87 | DEBUG | d.t.c.a.a.c.u.util.UserUtilService   : Removing 8 users from all courses...
    23:44:43.964 | 194 Pool-1-worker-87 | DEBUG | d.t.c.a.a.c.u.util.UserUtilService   : Removing 8 users from all courses. Done
    23:44:43.964 | 194 Pool-1-worker-87 | DEBUG | d.t.c.a.a.c.u.util.UserUtilService   : Save 4 users to database...
    23:44:43.968 | 194 Pool-1-worker-87 | DEBUG | d.t.c.a.a.c.u.util.UserUtilService   : Save 4 users to database. Done
    23:44:44.002 | 194 Pool-1-worker-87 | INFO  | i.z.t.d.l.EmbeddedDatabaseReporter   : JDBC URL to connect to 'dataSource': url='jdbc:h2:tcp://localhost:41063/mem:df70fc46-7e57-4cb5-9cd0-c1d90c14afa7;USER=sa', scope='EnforceRoleInExerciseTest#testAsInstructorOfCourse'
    23:44:44.003 | 194 Pool-1-worker-87 | DEBUG | d.t.c.a.a.c.s.f.ApiVersionFilter     : Adding Version to Request GET /api/test/testEnforceAtLeastTutorInExercise/1657

  Starting logs for EnforceRoleInExerciseTest > testAsInstructorOfCourse(String, HttpStatus) [5] endpoint=testEnforceAtLeastEditorInExerciseExplicit, expectedStatus=200 OK
    23:44:44.022 | 194 Pool-1-worker-87 | DEBUG | d.t.c.a.a.c.u.util.UserUtilService   : Generate 1 students...
    23:44:44.025 | 194 Pool-1-worker-87 | DEBUG | d.t.c.a.a.c.u.util.UserUtilService   : 1 students generated. Generate 1 tutors...
    23:44:44.027 | 194 Pool-1-worker-87 | DEBUG | d.t.c.a.a.c.u.util.UserUtilService   : 1 tutors generated. Generate 1 editors...
    23:44:44.030 | 194 Pool-1-worker-87 | DEBUG | d.t.c.a.a.c.u.util.UserUtilService   : 1 editors generated. Generate 1 instructors...
    23:44:44.033 | 194 Pool-1-worker-87 | DEBUG | d.t.c.a.a.c.u.util.UserUtilService   : 1 instructors generated
    23:44:44.034 | 194 Pool-1-worker-87 | DEBUG | d.t.c.a.a.c.u.util.UserUtilService   : Removing 8 users from all courses...
    23:44:44.036 | 194 Pool-1-worker-87 | DEBUG | d.t.c.a.a.c.u.util.UserUtilService   : Removing 8 users from all courses. Done
    23:44:44.036 | 194 Pool-1-worker-87 | DEBUG | d.t.c.a.a.c.u.util.UserUtilService   : Save 4 users to database...
    23:44:44.039 | 194 Pool-1-worker-87 | DEBUG | d.t.c.a.a.c.u.util.UserUtilService   : Save 4 users to database. Done
    23:44:44.073 | 194 Pool-1-worker-87 | INFO  | i.z.t.d.l.EmbeddedDatabaseReporter   : JDBC URL to connect to 'dataSource': url='jdbc:h2:tcp://localhost:41063/mem:df70fc46-7e57-4cb5-9cd0-c1d90c14afa7;USER=sa', scope='EnforceRoleInExerciseTest#testAsInstructorOfCourse'
    23:44:44.074 | 194 Pool-1-worker-87 | DEBUG | d.t.c.a.a.c.s.f.ApiVersionFilter     : Adding Version to Request GET /api/test/testEnforceAtLeastEditorInExerciseExplicit/1658

  Starting logs for EnforceRoleInExerciseTest > testAsInstructorOfCourse(String, HttpStatus) [6] endpoint=testEnforceAtLeastEditorInExercise, expectedStatus=200 OK
    23:44:44.090 | 194 Pool-1-worker-87 | DEBUG | d.t.c.a.a.c.u.util.UserUtilService   : Generate 1 students...
    23:44:44.093 | 194 Pool-1-worker-87 | DEBUG | d.t.c.a.a.c.u.util.UserUtilService   : 1 students generated. Generate 1 tutors...
    23:44:44.096 | 194 Pool-1-worker-87 | DEBUG | d.t.c.a.a.c.u.util.UserUtilService   : 1 tutors generated. Generate 1 editors...
    23:44:44.098 | 194 Pool-1-worker-87 | DEBUG | d.t.c.a.a.c.u.util.UserUtilService   : 1 editors generated. Generate 1 instructors...
    23:44:44.101 | 194 Pool-1-worker-87 | DEBUG | d.t.c.a.a.c.u.util.UserUtilService   : 1 instructors generated
    23:44:44.103 | 194 Pool-1-worker-87 | DEBUG | d.t.c.a.a.c.u.util.UserUtilService   : Removing 8 users from all courses...
    23:44:44.104 | 194 Pool-1-worker-87 | DEBUG | d.t.c.a.a.c.u.util.UserUtilService   : Removing 8 users from all courses. Done
    23:44:44.104 | 194 Pool-1-worker-87 | DEBUG | d.t.c.a.a.c.u.util.UserUtilService   : Save 4 users to database...
    23:44:44.108 | 194 Pool-1-worker-87 | DEBUG | d.t.c.a.a.c.u.util.UserUtilService   : Save 4 users to database. Done
    23:44:44.157 | 194 Pool-1-worker-87 | INFO  | i.z.t.d.l.EmbeddedDatabaseReporter   : JDBC URL to connect to 'dataSource': url='jdbc:h2:tcp://localhost:41063/mem:df70fc46-7e57-4cb5-9cd0-c1d90c14afa7;USER=sa', scope='EnforceRoleInExerciseTest#testAsInstructorOfCourse'
    23:44:44.158 | 194 Pool-1-worker-87 | DEBUG | d.t.c.a.a.c.s.f.ApiVersionFilter     : Adding Version to Request GET /api/test/testEnforceAtLeastEditorInExercise/1659

  Starting logs for EnforceRoleInExerciseTest > testAsInstructorOfCourse(String, HttpStatus) [7] endpoint=testEnforceAtLeastInstructorInExerciseExplicit, expectedStatus=200 OK
    23:44:44.178 | 194 Pool-1-worker-87 | DEBUG | d.t.c.a.a.c.u.util.UserUtilService   : Generate 1 students...
    23:44:44.181 | 194 Pool-1-worker-87 | DEBUG | d.t.c.a.a.c.u.util.UserUtilService   : 1 students generated. Generate 1 tutors...
    23:44:44.184 | 194 Pool-1-worker-87 | DEBUG | d.t.c.a.a.c.u.util.UserUtilService   : 1 tutors generated. Generate 1 editors...
    23:44:44.187 | 194 Pool-1-worker-87 | DEBUG | d.t.c.a.a.c.u.util.UserUtilService   : 1 editors generated. Generate 1 instructors...
    23:44:44.189 | 194 Pool-1-worker-87 | DEBUG | d.t.c.a.a.c.u.util.UserUtilService   : 1 instructors generated
    23:44:44.191 | 194 Pool-1-worker-87 | DEBUG | d.t.c.a.a.c.u.util.UserUtilService   : Removing 8 users from all courses...
    23:44:44.192 | 194 Pool-1-worker-87 | DEBUG | d.t.c.a.a.c.u.util.UserUtilService   : Removing 8 users from all courses. Done
    23:44:44.192 | 194 Pool-1-worker-87 | DEBUG | d.t.c.a.a.c.u.util.UserUtilService   : Save 4 users to database...
    23:44:44.196 | 194 Pool-1-worker-87 | DEBUG | d.t.c.a.a.c.u.util.UserUtilService   : Save 4 users to database. Done
    23:44:44.228 | 194 Pool-1-worker-87 | INFO  | i.z.t.d.l.EmbeddedDatabaseReporter   : JDBC URL to connect to 'dataSource': url='jdbc:h2:tcp://localhost:41063/mem:df70fc46-7e57-4cb5-9cd0-c1d90c14afa7;USER=sa', scope='EnforceRoleInExerciseTest#testAsInstructorOfCourse'
    23:44:44.229 | 194 Pool-1-worker-87 | DEBUG | d.t.c.a.a.c.s.f.ApiVersionFilter     : Adding Version to Request GET /api/test/testEnforceAtLeastInstructorInExerciseExplicit/1660

  Starting logs for EnforceRoleInExerciseTest > testAsInstructorOfCourse(String, HttpStatus) [8] endpoint=testEnforceAtLeastInstructorInExercise, expectedStatus=200 OK
    23:44:44.246 | 194 Pool-1-worker-87 | DEBUG | d.t.c.a.a.c.u.util.UserUtilService   : Generate 1 students...
    23:44:44.249 | 194 Pool-1-worker-87 | DEBUG | d.t.c.a.a.c.u.util.UserUtilService   : 1 students generated. Generate 1 tutors...
    23:44:44.251 | 194 Pool-1-worker-87 | DEBUG | d.t.c.a.a.c.u.util.UserUtilService   : 1 tutors generated. Generate 1 editors...
    23:44:44.254 | 194 Pool-1-worker-87 | DEBUG | d.t.c.a.a.c.u.util.UserUtilService   : 1 editors generated. Generate 1 instructors...
    23:44:44.256 | 194 Pool-1-worker-87 | DEBUG | d.t.c.a.a.c.u.util.UserUtilService   : 1 instructors generated
    23:44:44.258 | 194 Pool-1-worker-87 | DEBUG | d.t.c.a.a.c.u.util.UserUtilService   : Removing 8 users from all courses...
    23:44:44.259 | 194 Pool-1-worker-87 | DEBUG | d.t.c.a.a.c.u.util.UserUtilService   : Removing 8 users from all courses. Done
    23:44:44.259 | 194 Pool-1-worker-87 | DEBUG | d.t.c.a.a.c.u.util.UserUtilService   : Save 4 users to database...
    23:44:44.263 | 194 Pool-1-worker-87 | DEBUG | d.t.c.a.a.c.u.util.UserUtilService   : Save 4 users to database. Done
    23:44:44.302 | 194 Pool-1-worker-87 | INFO  | i.z.t.d.l.EmbeddedDatabaseReporter   : JDBC URL to connect to 'dataSource': url='jdbc:h2:tcp://localhost:41063/mem:df70fc46-7e57-4cb5-9cd0-c1d90c14afa7;USER=sa', scope='EnforceRoleInExerciseTest#testAsInstructorOfCourse'
    23:44:44.303 | 194 Pool-1-worker-87 | DEBUG | d.t.c.a.a.c.s.f.ApiVersionFilter     : Adding Version to Request GET /api/test/testEnforceAtLeastInstructorInExercise/1661

  Starting logs for EnforceRoleInExerciseTest > testAsInstructorOfCourse(String, HttpStatus) [9] endpoint=testEnforceRoleInExerciseFieldName, expectedStatus=200 OK
    23:44:44.322 | 194 Pool-1-worker-87 | DEBUG | d.t.c.a.a.c.u.util.UserUtilService   : Generate 1 students...
    23:44:44.324 | 194 Pool-1-worker-87 | DEBUG | d.t.c.a.a.c.u.util.UserUtilService   : 1 students generated. Generate 1 tutors...
    23:44:44.327 | 194 Pool-1-worker-87 | DEBUG | d.t.c.a.a.c.u.util.UserUtilService   : 1 tutors generated. Generate 1 editors...
    23:44:44.329 | 194 Pool-1-worker-87 | DEBUG | d.t.c.a.a.c.u.util.UserUtilService   : 1 editors generated. Generate 1 instructors...
    23:44:44.332 | 194 Pool-1-worker-87 | DEBUG | d.t.c.a.a.c.u.util.UserUtilService   : 1 instructors generated
    23:44:44.333 | 641 nt.HealthMonitor | INFO  | c.h.i.diagnostics.HealthMonitor      : [127.0.0.1]:5704 [dev] [5.5.0] processors=4, physical.memory.total=15.6G, physical.memory.free=2.5G, swap.space.total=0, swap.space.free=0, heap.memory.used=2.2G, heap.memory.free=915.7M, heap.memory.total=3.1G, heap.memory.max=6.0G, heap.memory.used/total=71.20%, heap.memory.used/max=36.85%, minor.gc.count=157, minor.gc.time=7650ms, major.gc.count=0, major.gc.time=0ms, unknown.gc.count=68, unknown.gc.time=1180ms, load.process=0.00%, load.system=98.78%, load.systemAverage=6.03, thread.count=487, thread.peakCount=500, cluster.timeDiff=0, event.q.size=0, executor.q.async.size=0, executor.q.client.size=0, executor.q.client.query.size=0, executor.q.client.blocking.size=0, executor.q.query.size=0, executor.q.scheduled.size=0, executor.q.io.size=0, executor.q.system.size=0, executor.q.operations.size=0, executor.q.priorityOperation.size=0, operations.completed.count=1619, executor.q.mapLoad.size=0, executor.q.mapLoadAllKeys.size=0, executor.q.cluster.size=0, executor.q.response.size=0, operations.running.count=0, operations.pending.invocations.percentage=0.00%, operations.pending.invocations.count=0, proxy.count=210, clientEndpoint.count=0, connection.active.count=0, client.connection.count=0, connection.count=0
    23:44:44.334 | 194 Pool-1-worker-87 | DEBUG | d.t.c.a.a.c.u.util.UserUtilService   : Removing 8 users from all courses...
    23:44:44.335 | 194 Pool-1-worker-87 | DEBUG | d.t.c.a.a.c.u.util.UserUtilService   : Removing 8 users from all courses. Done
    23:44:44.335 | 194 Pool-1-worker-87 | DEBUG | d.t.c.a.a.c.u.util.UserUtilService   : Save 4 users to database...
    23:44:44.339 | 194 Pool-1-worker-87 | DEBUG | d.t.c.a.a.c.u.util.UserUtilService   : Save 4 users to database. Done
    23:44:44.372 | 194 Pool-1-worker-87 | INFO  | i.z.t.d.l.EmbeddedDatabaseReporter   : JDBC URL to connect to 'dataSource': url='jdbc:h2:tcp://localhost:41063/mem:df70fc46-7e57-4cb5-9cd0-c1d90c14afa7;USER=sa', scope='EnforceRoleInExerciseTest#testAsInstructorOfCourse'
    23:44:44.374 | 194 Pool-1-worker-87 | DEBUG | d.t.c.a.a.c.s.f.ApiVersionFilter     : Adding Version to Request GET /api/test/testEnforceRoleInExerciseFieldName/1662

  Starting logs for EnforceRoleInExerciseTest > testAsInstructorOfCourse(String, HttpStatus) [10] endpoint=testEnforceAtLeastStudentInExerciseFieldName, expectedStatus=200 OK
    23:44:44.390 | 194 Pool-1-worker-87 | DEBUG | d.t.c.a.a.c.u.util.UserUtilService   : Generate 1 students...
    23:44:44.396 | 194 Pool-1-worker-87 | DEBUG | d.t.c.a.a.c.u.util.UserUtilService   : 1 students generated. Generate 1 tutors...
    23:44:44.399 | 194 Pool-1-worker-87 | DEBUG | d.t.c.a.a.c.u.util.UserUtilService   : 1 tutors generated. Generate 1 editors...
    23:44:44.406 | 194 Pool-1-worker-87 | DEBUG | d.t.c.a.a.c.u.util.UserUtilService   : 1 editors generated. Generate 1 instructors...
    23:44:44.410 | 194 Pool-1-worker-87 | DEBUG | d.t.c.a.a.c.u.util.UserUtilService   : 1 instructors generated
    23:44:44.412 | 194 Pool-1-worker-87 | DEBUG | d.t.c.a.a.c.u.util.UserUtilService   : Removing 8 users from all courses...
    23:44:44.413 | 194 Pool-1-worker-87 | DEBUG | d.t.c.a.a.c.u.util.UserUtilService   : Removing 8 users from all courses. Done
    23:44:44.413 | 194 Pool-1-worker-87 | DEBUG | d.t.c.a.a.c.u.util.UserUtilService   : Save 4 users to database...
    23:44:44.417 | 194 Pool-1-worker-87 | DEBUG | d.t.c.a.a.c.u.util.UserUtilService   : Save 4 users to database. Done
    23:44:44.448 | 194 Pool-1-worker-87 | INFO  | i.z.t.d.l.EmbeddedDatabaseReporter   : JDBC URL to connect to 'dataSource': url='jdbc:h2:tcp://localhost:41063/mem:df70fc46-7e57-4cb5-9cd0-c1d90c14afa7;USER=sa', scope='EnforceRoleInExerciseTest#testAsInstructorOfCourse'
    23:44:44.449 | 194 Pool-1-worker-87 | DEBUG | d.t.c.a.a.c.s.f.ApiVersionFilter     : Adding Version to Request GET /api/test/testEnforceAtLeastStudentInExerciseFieldName/1663

  Starting logs for EnforceRoleInExerciseTest > testAsInstructorOfCourse(String, HttpStatus) [11] endpoint=testEnforceAtLeastTutorInExerciseFieldName, expectedStatus=200 OK
    23:44:44.465 | 194 Pool-1-worker-87 | DEBUG | d.t.c.a.a.c.u.util.UserUtilService   : Generate 1 students...
    23:44:44.468 | 194 Pool-1-worker-87 | DEBUG | d.t.c.a.a.c.u.util.UserUtilService   : 1 students generated. Generate 1 tutors...
    23:44:44.471 | 194 Pool-1-worker-87 | DEBUG | d.t.c.a.a.c.u.util.UserUtilService   : 1 tutors generated. Generate 1 editors...
    23:44:44.473 | 194 Pool-1-worker-87 | DEBUG | d.t.c.a.a.c.u.util.UserUtilService   : 1 editors generated. Generate 1 instructors...
    23:44:44.478 | 194 Pool-1-worker-87 | DEBUG | d.t.c.a.a.c.u.util.UserUtilService   : 1 instructors generated
    23:44:44.480 | 194 Pool-1-worker-87 | DEBUG | d.t.c.a.a.c.u.util.UserUtilService   : Removing 8 users from all courses...
    23:44:44.481 | 194 Pool-1-worker-87 | DEBUG | d.t.c.a.a.c.u.util.UserUtilService   : Removing 8 users from all courses. Done
    23:44:44.481 | 194 Pool-1-worker-87 | DEBUG | d.t.c.a.a.c.u.util.UserUtilService   : Save 4 users to database...
    23:44:44.484 | 194 Pool-1-worker-87 | DEBUG | d.t.c.a.a.c.u.util.UserUtilService   : Save 4 users to database. Done
    23:44:44.517 | 194 Pool-1-worker-87 | INFO  | i.z.t.d.l.EmbeddedDatabaseReporter   : JDBC URL to connect to 'dataSource': url='jdbc:h2:tcp://localhost:41063/mem:df70fc46-7e57-4cb5-9cd0-c1d90c14afa7;USER=sa', scope='EnforceRoleInExerciseTest#testAsInstructorOfCourse'
    23:44:44.519 | 194 Pool-1-worker-87 | DEBUG | d.t.c.a.a.c.s.f.ApiVersionFilter     : Adding Version to Request GET /api/test/testEnforceAtLeastTutorInExerciseFieldName/1664

  Starting logs for EnforceRoleInExerciseTest > testAsInstructorOfCourse(String, HttpStatus) [12] endpoint=testEnforceAtLeastEditorInExerciseFieldName, expectedStatus=200 OK
    23:44:44.546 | 194 Pool-1-worker-87 | DEBUG | d.t.c.a.a.c.u.util.UserUtilService   : Generate 1 students...
    23:44:44.549 | 194 Pool-1-worker-87 | DEBUG | d.t.c.a.a.c.u.util.UserUtilService   : 1 students generated. Generate 1 tutors...
    23:44:44.551 | 194 Pool-1-worker-87 | DEBUG | d.t.c.a.a.c.u.util.UserUtilService   : 1 tutors generated. Generate 1 editors...
    23:44:44.554 | 194 Pool-1-worker-87 | DEBUG | d.t.c.a.a.c.u.util.UserUtilService   : 1 editors generated. Generate 1 instructors...
    23:44:44.557 | 194 Pool-1-worker-87 | DEBUG | d.t.c.a.a.c.u.util.UserUtilService   : 1 instructors generated
    23:44:44.559 | 194 Pool-1-worker-87 | DEBUG | d.t.c.a.a.c.u.util.UserUtilService   : Removing 8 users from all courses...
    23:44:44.560 | 194 Pool-1-worker-87 | DEBUG | d.t.c.a.a.c.u.util.UserUtilService   : Removing 8 users from all courses. Done
    23:44:44.560 | 194 Pool-1-worker-87 | DEBUG | d.t.c.a.a.c.u.util.UserUtilService   : Save 4 users to database...
    23:44:44.566 | 194 Pool-1-worker-87 | DEBUG | d.t.c.a.a.c.u.util.UserUtilService   : Save 4 users to database. Done
    23:44:44.600 | 194 Pool-1-worker-87 | INFO  | i.z.t.d.l.EmbeddedDatabaseReporter   : JDBC URL to connect to 'dataSource': url='jdbc:h2:tcp://localhost:41063/mem:df70fc46-7e57-4cb5-9cd0-c1d90c14afa7;USER=sa', scope='EnforceRoleInExerciseTest#testAsInstructorOfCourse'
    23:44:44.602 | 194 Pool-1-worker-87 | DEBUG | d.t.c.a.a.c.s.f.ApiVersionFilter     : Adding Version to Request GET /api/test/testEnforceAtLeastEditorInExerciseFieldName/1665

  Starting logs for EnforceRoleInExerciseTest > testAsInstructorOfCourse(String, HttpStatus) [13] endpoint=testEnforceAtLeastInstructorInExerciseFieldName, expectedStatus=200 OK
    23:44:44.618 | 194 Pool-1-worker-87 | DEBUG | d.t.c.a.a.c.u.util.UserUtilService   : Generate 1 students...
    23:44:44.621 | 194 Pool-1-worker-87 | DEBUG | d.t.c.a.a.c.u.util.UserUtilService   : 1 students generated. Generate 1 tutors...
    23:44:44.624 | 194 Pool-1-worker-87 | DEBUG | d.t.c.a.a.c.u.util.UserUtilService   : 1 tutors generated. Generate 1 editors...
    23:44:44.627 | 194 Pool-1-worker-87 | DEBUG | d.t.c.a.a.c.u.util.UserUtilService   : 1 editors generated. Generate 1 instructors...
    23:44:44.629 | 194 Pool-1-worker-87 | DEBUG | d.t.c.a.a.c.u.util.UserUtilService   : 1 instructors generated
    23:44:44.631 | 194 Pool-1-worker-87 | DEBUG | d.t.c.a.a.c.u.util.UserUtilService   : Removing 8 users from all courses...
    23:44:44.632 | 194 Pool-1-worker-87 | DEBUG | d.t.c.a.a.c.u.util.UserUtilService   : Removing 8 users from all courses. Done
    23:44:44.632 | 194 Pool-1-worker-87 | DEBUG | d.t.c.a.a.c.u.util.UserUtilService   : Save 4 users to database...
    23:44:44.636 | 194 Pool-1-worker-87 | DEBUG | d.t.c.a.a.c.u.util.UserUtilService   : Save 4 users to database. Done
    23:44:44.688 | 194 Pool-1-worker-87 | INFO  | i.z.t.d.l.EmbeddedDatabaseReporter   : JDBC URL to connect to 'dataSource': url='jdbc:h2:tcp://localhost:41063/mem:df70fc46-7e57-4cb5-9cd0-c1d90c14afa7;USER=sa', scope='EnforceRoleInExerciseTest#testAsInstructorOfCourse'
    23:44:44.689 | 194 Pool-1-worker-87 | DEBUG | d.t.c.a.a.c.s.f.ApiVersionFilter     : Adding Version to Request GET /api/test/testEnforceAtLeastInstructorInExerciseFieldName/1666

  Starting logs for EnforceRoleInExerciseTest > testAsTutorOfCourse(String, HttpStatus) [1] endpoint=testEnforceAtLeastStudentInExerciseExplicit, expectedStatus=200 OK
    23:44:44.728 | 194 Pool-1-worker-87 | DEBUG | d.t.c.a.a.c.u.util.UserUtilService   : Generate 1 students...
    23:44:44.734 | 194 Pool-1-worker-87 | DEBUG | d.t.c.a.a.c.u.util.UserUtilService   : 1 students generated. Generate 1 tutors...
    23:44:44.736 | 194 Pool-1-worker-87 | DEBUG | d.t.c.a.a.c.u.util.UserUtilService   : 1 tutors generated. Generate 1 editors...
    23:44:44.742 | 194 Pool-1-worker-87 | DEBUG | d.t.c.a.a.c.u.util.UserUtilService   : 1 editors generated. Generate 1 instructors...
    23:44:44.748 | 194 Pool-1-worker-87 | DEBUG | d.t.c.a.a.c.u.util.UserUtilService   : 1 instructors generated
    23:44:44.752 | 194 Pool-1-worker-87 | DEBUG | d.t.c.a.a.c.u.util.UserUtilService   : Removing 8 users from all courses...
    23:44:44.753 | 194 Pool-1-worker-87 | DEBUG | d.t.c.a.a.c.u.util.UserUtilService   : Removing 8 users from all courses. Done
    23:44:44.753 | 194 Pool-1-worker-87 | DEBUG | d.t.c.a.a.c.u.util.UserUtilService   : Save 4 users to database...
    23:44:44.760 | 194 Pool-1-worker-87 | DEBUG | d.t.c.a.a.c.u.util.UserUtilService   : Save 4 users to database. Done
    23:44:44.817 | 194 Pool-1-worker-87 | INFO  | i.z.t.d.l.EmbeddedDatabaseReporter   : JDBC URL to connect to 'dataSource': url='jdbc:h2:tcp://localhost:41063/mem:df70fc46-7e57-4cb5-9cd0-c1d90c14afa7;USER=sa', scope='EnforceRoleInExerciseTest#testAsTutorOfCourse'
    23:44:44.819 | 194 Pool-1-worker-87 | DEBUG | d.t.c.a.a.c.s.f.ApiVersionFilter     : Adding Version to Request GET /api/test/testEnforceAtLeastStudentInExerciseExplicit/1667

  Starting logs for EnforceRoleInExerciseTest > testAsTutorOfCourse(String, HttpStatus) [2] endpoint=testEnforceAtLeastStudentInExercise, expectedStatus=200 OK
    23:44:44.835 | 194 Pool-1-worker-87 | DEBUG | d.t.c.a.a.c.u.util.UserUtilService   : Generate 1 students...
    23:44:44.838 | 194 Pool-1-worker-87 | DEBUG | d.t.c.a.a.c.u.util.UserUtilService   : 1 students generated. Generate 1 tutors...
    23:44:44.841 | 194 Pool-1-worker-87 | DEBUG | d.t.c.a.a.c.u.util.UserUtilService   : 1 tutors generated. Generate 1 editors...
    23:44:44.843 | 194 Pool-1-worker-87 | DEBUG | d.t.c.a.a.c.u.util.UserUtilService   : 1 editors generated. Generate 1 instructors...
    23:44:44.846 | 194 Pool-1-worker-87 | DEBUG | d.t.c.a.a.c.u.util.UserUtilService   : 1 instructors generated
    23:44:44.848 | 194 Pool-1-worker-87 | DEBUG | d.t.c.a.a.c.u.util.UserUtilService   : Removing 8 users from all courses...
    23:44:44.849 | 194 Pool-1-worker-87 | DEBUG | d.t.c.a.a.c.u.util.UserUtilService   : Removing 8 users from all courses. Done
    23:44:44.849 | 194 Pool-1-worker-87 | DEBUG | d.t.c.a.a.c.u.util.UserUtilService   : Save 4 users to database...
    23:44:44.853 | 194 Pool-1-worker-87 | DEBUG | d.t.c.a.a.c.u.util.UserUtilService   : Save 4 users to database. Done
    23:44:44.892 | 194 Pool-1-worker-87 | INFO  | i.z.t.d.l.EmbeddedDatabaseReporter   : JDBC URL to connect to 'dataSource': url='jdbc:h2:tcp://localhost:41063/mem:df70fc46-7e57-4cb5-9cd0-c1d90c14afa7;USER=sa', scope='EnforceRoleInExerciseTest#testAsTutorOfCourse'
    23:44:44.893 | 194 Pool-1-worker-87 | DEBUG | d.t.c.a.a.c.s.f.ApiVersionFilter     : Adding Version to Request GET /api/test/testEnforceAtLeastStudentInExercise/1668

  Starting logs for EnforceRoleInExerciseTest > testAsTutorOfCourse(String, HttpStatus) [3] endpoint=testEnforceAtLeastTutorInExerciseExplicit, expectedStatus=200 OK
    23:44:44.917 | 194 Pool-1-worker-87 | DEBUG | d.t.c.a.a.c.u.util.UserUtilService   : Generate 1 students...
    23:44:44.920 | 194 Pool-1-worker-87 | DEBUG | d.t.c.a.a.c.u.util.UserUtilService   : 1 students generated. Generate 1 tutors...
    23:44:44.923 | 194 Pool-1-worker-87 | DEBUG | d.t.c.a.a.c.u.util.UserUtilService   : 1 tutors generated. Generate 1 editors...
    23:44:44.926 | 194 Pool-1-worker-87 | DEBUG | d.t.c.a.a.c.u.util.UserUtilService   : 1 editors generated. Generate 1 instructors...
    23:44:44.928 | 194 Pool-1-worker-87 | DEBUG | d.t.c.a.a.c.u.util.UserUtilService   : 1 instructors generated
    23:44:44.930 | 194 Pool-1-worker-87 | DEBUG | d.t.c.a.a.c.u.util.UserUtilService   : Removing 8 users from all courses...
    23:44:44.931 | 194 Pool-1-worker-87 | DEBUG | d.t.c.a.a.c.u.util.UserUtilService   : Removing 8 users from all courses. Done
    23:44:44.931 | 194 Pool-1-worker-87 | DEBUG | d.t.c.a.a.c.u.util.UserUtilService   : Save 4 users to database...
    23:44:44.935 | 194 Pool-1-worker-87 | DEBUG | d.t.c.a.a.c.u.util.UserUtilService   : Save 4 users to database. Done
    23:44:44.966 | 194 Pool-1-worker-87 | INFO  | i.z.t.d.l.EmbeddedDatabaseReporter   : JDBC URL to connect to 'dataSource': url='jdbc:h2:tcp://localhost:41063/mem:df70fc46-7e57-4cb5-9cd0-c1d90c14afa7;USER=sa', scope='EnforceRoleInExerciseTest#testAsTutorOfCourse'
    23:44:44.967 | 194 Pool-1-worker-87 | DEBUG | d.t.c.a.a.c.s.f.ApiVersionFilter     : Adding Version to Request GET /api/test/testEnforceAtLeastTutorInExerciseExplicit/1669

  Starting logs for EnforceRoleInExerciseTest > testAsTutorOfCourse(String, HttpStatus) [4] endpoint=testEnforceAtLeastTutorInExercise, expectedStatus=200 OK
    23:44:44.986 | 194 Pool-1-worker-87 | DEBUG | d.t.c.a.a.c.u.util.UserUtilService   : Generate 1 students...
    23:44:44.989 | 194 Pool-1-worker-87 | DEBUG | d.t.c.a.a.c.u.util.UserUtilService   : 1 students generated. Generate 1 tutors...
    23:44:44.992 | 194 Pool-1-worker-87 | DEBUG | d.t.c.a.a.c.u.util.UserUtilService   : 1 tutors generated. Generate 1 editors...
    23:44:44.995 | 194 Pool-1-worker-87 | DEBUG | d.t.c.a.a.c.u.util.UserUtilService   : 1 editors generated. Generate 1 instructors...
    23:44:44.998 | 194 Pool-1-worker-87 | DEBUG | d.t.c.a.a.c.u.util.UserUtilService   : 1 instructors generated
    23:44:45.003 | 194 Pool-1-worker-87 | DEBUG | d.t.c.a.a.c.u.util.UserUtilService   : Removing 8 users from all courses...
    23:44:45.005 | 194 Pool-1-worker-87 | DEBUG | d.t.c.a.a.c.u.util.UserUtilService   : Removing 8 users from all courses. Done
    23:44:45.005 | 194 Pool-1-worker-87 | DEBUG | d.t.c.a.a.c.u.util.UserUtilService   : Save 4 users to database...
    23:44:45.011 | 194 Pool-1-worker-87 | DEBUG | d.t.c.a.a.c.u.util.UserUtilService   : Save 4 users to database. Done
    23:44:45.044 | 194 Pool-1-worker-87 | INFO  | i.z.t.d.l.EmbeddedDatabaseReporter   : JDBC URL to connect to 'dataSource': url='jdbc:h2:tcp://localhost:41063/mem:df70fc46-7e57-4cb5-9cd0-c1d90c14afa7;USER=sa', scope='EnforceRoleInExerciseTest#testAsTutorOfCourse'
    23:44:45.046 | 194 Pool-1-worker-87 | DEBUG | d.t.c.a.a.c.s.f.ApiVersionFilter     : Adding Version to Request GET /api/test/testEnforceAtLeastTutorInExercise/1670

  Starting logs for EnforceRoleInExerciseTest > testAsTutorOfCourse(String, HttpStatus) [5] endpoint=testEnforceAtLeastEditorInExerciseExplicit, expectedStatus=403 FORBIDDEN
    23:44:45.063 | 194 Pool-1-worker-87 | DEBUG | d.t.c.a.a.c.u.util.UserUtilService   : Generate 1 students...
    23:44:45.066 | 194 Pool-1-worker-87 | DEBUG | d.t.c.a.a.c.u.util.UserUtilService   : 1 students generated. Generate 1 tutors...
    23:44:45.069 | 194 Pool-1-worker-87 | DEBUG | d.t.c.a.a.c.u.util.UserUtilService   : 1 tutors generated. Generate 1 editors...
    23:44:45.072 | 194 Pool-1-worker-87 | DEBUG | d.t.c.a.a.c.u.util.UserUtilService   : 1 editors generated. Generate 1 instructors...
    23:44:45.074 | 194 Pool-1-worker-87 | DEBUG | d.t.c.a.a.c.u.util.UserUtilService   : 1 instructors generated
    23:44:45.076 | 194 Pool-1-worker-87 | DEBUG | d.t.c.a.a.c.u.util.UserUtilService   : Removing 8 users from all courses...
    23:44:45.077 | 194 Pool-1-worker-87 | DEBUG | d.t.c.a.a.c.u.util.UserUtilService   : Removing 8 users from all courses. Done
    23:44:45.077 | 194 Pool-1-worker-87 | DEBUG | d.t.c.a.a.c.u.util.UserUtilService   : Save 4 users to database...
    23:44:45.082 | 194 Pool-1-worker-87 | DEBUG | d.t.c.a.a.c.u.util.UserUtilService   : Save 4 users to database. Done
    23:44:45.123 | 194 Pool-1-worker-87 | INFO  | i.z.t.d.l.EmbeddedDatabaseReporter   : JDBC URL to connect to 'dataSource': url='jdbc:h2:tcp://localhost:41063/mem:df70fc46-7e57-4cb5-9cd0-c1d90c14afa7;USER=sa', scope='EnforceRoleInExerciseTest#testAsTutorOfCourse'
    23:44:45.125 | 194 Pool-1-worker-87 | DEBUG | d.t.c.a.a.c.s.f.ApiVersionFilter     : Adding Version to Request GET /api/test/testEnforceAtLeastEditorInExerciseExplicit/1671
    23:44:45.127 | 194 Pool-1-worker-87 | WARN  | o.z.p.spring.common.AdviceTraits     : Forbidden: You are not allowed to access the Exercise with id 1671

  Starting logs for EnforceRoleInExerciseTest > testAsTutorOfCourse(String, HttpStatus) [6] endpoint=testEnforceAtLeastEditorInExercise, expectedStatus=403 FORBIDDEN
    23:44:45.143 | 194 Pool-1-worker-87 | DEBUG | d.t.c.a.a.c.u.util.UserUtilService   : Generate 1 students...
    23:44:45.146 | 194 Pool-1-worker-87 | DEBUG | d.t.c.a.a.c.u.util.UserUtilService   : 1 students generated. Generate 1 tutors...
    23:44:45.149 | 194 Pool-1-worker-87 | DEBUG | d.t.c.a.a.c.u.util.UserUtilService   : 1 tutors generated. Generate 1 editors...
    23:44:45.154 | 194 Pool-1-worker-87 | DEBUG | d.t.c.a.a.c.u.util.UserUtilService   : 1 editors generated. Generate 1 instructors...
    23:44:45.159 | 194 Pool-1-worker-87 | DEBUG | d.t.c.a.a.c.u.util.UserUtilService   : 1 instructors generated
    23:44:45.161 | 194 Pool-1-worker-87 | DEBUG | d.t.c.a.a.c.u.util.UserUtilService   : Removing 8 users from all courses...
    23:44:45.162 | 194 Pool-1-worker-87 | DEBUG | d.t.c.a.a.c.u.util.UserUtilService   : Removing 8 users from all courses. Done
    23:44:45.162 | 194 Pool-1-worker-87 | DEBUG | d.t.c.a.a.c.u.util.UserUtilService   : Save 4 users to database...
    23:44:45.166 | 194 Pool-1-worker-87 | DEBUG | d.t.c.a.a.c.u.util.UserUtilService   : Save 4 users to database. Done
    23:44:45.198 | 194 Pool-1-worker-87 | INFO  | i.z.t.d.l.EmbeddedDatabaseReporter   : JDBC URL to connect to 'dataSource': url='jdbc:h2:tcp://localhost:41063/mem:df70fc46-7e57-4cb5-9cd0-c1d90c14afa7;USER=sa', scope='EnforceRoleInExerciseTest#testAsTutorOfCourse'
    23:44:45.199 | 194 Pool-1-worker-87 | DEBUG | d.t.c.a.a.c.s.f.ApiVersionFilter     : Adding Version to Request GET /api/test/testEnforceAtLeastEditorInExercise/1672
    23:44:45.201 | 194 Pool-1-worker-87 | WARN  | o.z.p.spring.common.AdviceTraits     : Forbidden: Access Denied

  Starting logs for EnforceRoleInExerciseTest > testAsTutorOfCourse(String, HttpStatus) [7] endpoint=testEnforceAtLeastInstructorInExerciseExplicit, expectedStatus=403 FORBIDDEN
    23:44:45.218 | 194 Pool-1-worker-87 | DEBUG | d.t.c.a.a.c.u.util.UserUtilService   : Generate 1 students...
    23:44:45.222 | 194 Pool-1-worker-87 | DEBUG | d.t.c.a.a.c.u.util.UserUtilService   : 1 students generated. Generate 1 tutors...
    23:44:45.224 | 194 Pool-1-worker-87 | DEBUG | d.t.c.a.a.c.u.util.UserUtilService   : 1 tutors generated. Generate 1 editors...
    23:44:45.227 | 194 Pool-1-worker-87 | DEBUG | d.t.c.a.a.c.u.util.UserUtilService   : 1 editors generated. Generate 1 instructors...
    23:44:45.230 | 194 Pool-1-worker-87 | DEBUG | d.t.c.a.a.c.u.util.UserUtilService   : 1 instructors generated
    23:44:45.232 | 194 Pool-1-worker-87 | DEBUG | d.t.c.a.a.c.u.util.UserUtilService   : Removing 8 users from all courses...
    23:44:45.233 | 194 Pool-1-worker-87 | DEBUG | d.t.c.a.a.c.u.util.UserUtilService   : Removing 8 users from all courses. Done
    23:44:45.233 | 194 Pool-1-worker-87 | DEBUG | d.t.c.a.a.c.u.util.UserUtilService   : Save 4 users to database...
    23:44:45.237 | 194 Pool-1-worker-87 | DEBUG | d.t.c.a.a.c.u.util.UserUtilService   : Save 4 users to database. Done
    23:44:45.272 | 194 Pool-1-worker-87 | INFO  | i.z.t.d.l.EmbeddedDatabaseReporter   : JDBC URL to connect to 'dataSource': url='jdbc:h2:tcp://localhost:41063/mem:df70fc46-7e57-4cb5-9cd0-c1d90c14afa7;USER=sa', scope='EnforceRoleInExerciseTest#testAsTutorOfCourse'
    23:44:45.279 | 194 Pool-1-worker-87 | DEBUG | d.t.c.a.a.c.s.f.ApiVersionFilter     : Adding Version to Request GET /api/test/testEnforceAtLeastInstructorInExerciseExplicit/1673
    23:44:45.281 | 194 Pool-1-worker-87 | WARN  | o.z.p.spring.common.AdviceTraits     : Forbidden: You are not allowed to access the Exercise with id 1673

  Starting logs for EnforceRoleInExerciseTest > testAsTutorOfCourse(String, HttpStatus) [8] endpoint=testEnforceAtLeastInstructorInExercise, expectedStatus=403 FORBIDDEN
    23:44:45.298 | 194 Pool-1-worker-87 | DEBUG | d.t.c.a.a.c.u.util.UserUtilService   : Generate 1 students...
    23:44:45.301 | 194 Pool-1-worker-87 | DEBUG | d.t.c.a.a.c.u.util.UserUtilService   : 1 students generated. Generate 1 tutors...
    23:44:45.303 | 194 Pool-1-worker-87 | DEBUG | d.t.c.a.a.c.u.util.UserUtilService   : 1 tutors generated. Generate 1 editors...
    23:44:45.306 | 194 Pool-1-worker-87 | DEBUG | d.t.c.a.a.c.u.util.UserUtilService   : 1 editors generated. Generate 1 instructors...
    23:44:45.309 | 194 Pool-1-worker-87 | DEBUG | d.t.c.a.a.c.u.util.UserUtilService   : 1 instructors generated
    23:44:45.310 | 194 Pool-1-worker-87 | DEBUG | d.t.c.a.a.c.u.util.UserUtilService   : Removing 8 users from all courses...
    23:44:45.312 | 194 Pool-1-worker-87 | DEBUG | d.t.c.a.a.c.u.util.UserUtilService   : Removing 8 users from all courses. Done
    23:44:45.312 | 194 Pool-1-worker-87 | DEBUG | d.t.c.a.a.c.u.util.UserUtilService   : Save 4 users to database...
    23:44:45.316 | 194 Pool-1-worker-87 | DEBUG | d.t.c.a.a.c.u.util.UserUtilService   : Save 4 users to database. Done
    23:44:45.346 | 194 Pool-1-worker-87 | INFO  | i.z.t.d.l.EmbeddedDatabaseReporter   : JDBC URL to connect to 'dataSource': url='jdbc:h2:tcp://localhost:41063/mem:df70fc46-7e57-4cb5-9cd0-c1d90c14afa7;USER=sa', scope='EnforceRoleInExerciseTest#testAsTutorOfCourse'
    23:44:45.348 | 194 Pool-1-worker-87 | DEBUG | d.t.c.a.a.c.s.f.ApiVersionFilter     : Adding Version to Request GET /api/test/testEnforceAtLeastInstructorInExercise/1674
    23:44:45.352 | 194 Pool-1-worker-87 | WARN  | o.z.p.spring.common.AdviceTraits     : Forbidden: Access Denied

  Starting logs for EnforceRoleInExerciseTest > testAsTutorOfCourse(String, HttpStatus) [9] endpoint=testEnforceRoleInExerciseFieldName, expectedStatus=200 OK
    23:44:45.371 | 194 Pool-1-worker-87 | DEBUG | d.t.c.a.a.c.u.util.UserUtilService   : Generate 1 students...
    23:44:45.374 | 194 Pool-1-worker-87 | DEBUG | d.t.c.a.a.c.u.util.UserUtilService   : 1 students generated. Generate 1 tutors...
    23:44:45.377 | 194 Pool-1-worker-87 | DEBUG | d.t.c.a.a.c.u.util.UserUtilService   : 1 tutors generated. Generate 1 editors...
    23:44:45.379 | 194 Pool-1-worker-87 | DEBUG | d.t.c.a.a.c.u.util.UserUtilService   : 1 editors generated. Generate 1 instructors...
    23:44:45.382 | 194 Pool-1-worker-87 | DEBUG | d.t.c.a.a.c.u.util.UserUtilService   : 1 instructors generated
    23:44:45.384 | 194 Pool-1-worker-87 | DEBUG | d.t.c.a.a.c.u.util.UserUtilService   : Removing 8 users from all courses...
    23:44:45.385 | 194 Pool-1-worker-87 | DEBUG | d.t.c.a.a.c.u.util.UserUtilService   : Removing 8 users from all courses. Done
    23:44:45.385 | 194 Pool-1-worker-87 | DEBUG | d.t.c.a.a.c.u.util.UserUtilService   : Save 4 users to database...
    23:44:45.388 | 194 Pool-1-worker-87 | DEBUG | d.t.c.a.a.c.u.util.UserUtilService   : Save 4 users to database. Done
    23:44:45.429 | 194 Pool-1-worker-87 | INFO  | i.z.t.d.l.EmbeddedDatabaseReporter   : JDBC URL to connect to 'dataSource': url='jdbc:h2:tcp://localhost:41063/mem:df70fc46-7e57-4cb5-9cd0-c1d90c14afa7;USER=sa', scope='EnforceRoleInExerciseTest#testAsTutorOfCourse'
    23:44:45.431 | 194 Pool-1-worker-87 | DEBUG | d.t.c.a.a.c.s.f.ApiVersionFilter     : Adding Version to Request GET /api/test/testEnforceRoleInExerciseFieldName/1675

  Starting logs for EnforceRoleInExerciseTest > testAsTutorOfCourse(String, HttpStatus) [10] endpoint=testEnforceAtLeastStudentInExerciseFieldName, expectedStatus=200 OK
    23:44:45.450 | 194 Pool-1-worker-87 | DEBUG | d.t.c.a.a.c.u.util.UserUtilService   : Generate 1 students...
    23:44:45.452 | 194 Pool-1-worker-87 | DEBUG | d.t.c.a.a.c.u.util.UserUtilService   : 1 students generated. Generate 1 tutors...
    23:44:45.455 | 194 Pool-1-worker-87 | DEBUG | d.t.c.a.a.c.u.util.UserUtilService   : 1 tutors generated. Generate 1 editors...
    23:44:45.458 | 194 Pool-1-worker-87 | DEBUG | d.t.c.a.a.c.u.util.UserUtilService   : 1 editors generated. Generate 1 instructors...
    23:44:45.460 | 194 Pool-1-worker-87 | DEBUG | d.t.c.a.a.c.u.util.UserUtilService   : 1 instructors generated
    23:44:45.462 | 194 Pool-1-worker-87 | DEBUG | d.t.c.a.a.c.u.util.UserUtilService   : Removing 8 users from all courses...
    23:44:45.463 | 194 Pool-1-worker-87 | DEBUG | d.t.c.a.a.c.u.util.UserUtilService   : Removing 8 users from all courses. Done
    23:44:45.463 | 194 Pool-1-worker-87 | DEBUG | d.t.c.a.a.c.u.util.UserUtilService   : Save 4 users to database...
    23:44:45.468 | 194 Pool-1-worker-87 | DEBUG | d.t.c.a.a.c.u.util.UserUtilService   : Save 4 users to database. Done
    23:44:45.498 | 194 Pool-1-worker-87 | INFO  | i.z.t.d.l.EmbeddedDatabaseReporter   : JDBC URL to connect to 'dataSource': url='jdbc:h2:tcp://localhost:41063/mem:df70fc46-7e57-4cb5-9cd0-c1d90c14afa7;USER=sa', scope='EnforceRoleInExerciseTest#testAsTutorOfCourse'
    23:44:45.499 | 194 Pool-1-worker-87 | DEBUG | d.t.c.a.a.c.s.f.ApiVersionFilter     : Adding Version to Request GET /api/test/testEnforceAtLeastStudentInExerciseFieldName/1676

  Starting logs for EnforceRoleInExerciseTest > testAsTutorOfCourse(String, HttpStatus) [11] endpoint=testEnforceAtLeastTutorInExerciseFieldName, expectedStatus=200 OK
    23:44:45.519 | 194 Pool-1-worker-87 | DEBUG | d.t.c.a.a.c.u.util.UserUtilService   : Generate 1 students...
    23:44:45.522 | 194 Pool-1-worker-87 | DEBUG | d.t.c.a.a.c.u.util.UserUtilService   : 1 students generated. Generate 1 tutors...
    23:44:45.525 | 194 Pool-1-worker-87 | DEBUG | d.t.c.a.a.c.u.util.UserUtilService   : 1 tutors generated. Generate 1 editors...
    23:44:45.527 | 194 Pool-1-worker-87 | DEBUG | d.t.c.a.a.c.u.util.UserUtilService   : 1 editors generated. Generate 1 instructors...
    23:44:45.530 | 194 Pool-1-worker-87 | DEBUG | d.t.c.a.a.c.u.util.UserUtilService   : 1 instructors generated
    23:44:45.532 | 194 Pool-1-worker-87 | DEBUG | d.t.c.a.a.c.u.util.UserUtilService   : Removing 8 users from all courses...
    23:44:45.533 | 194 Pool-1-worker-87 | DEBUG | d.t.c.a.a.c.u.util.UserUtilService   : Removing 8 users from all courses. Done
    23:44:45.533 | 194 Pool-1-worker-87 | DEBUG | d.t.c.a.a.c.u.util.UserUtilService   : Save 4 users to database...
    23:44:45.540 | 194 Pool-1-worker-87 | DEBUG | d.t.c.a.a.c.u.util.UserUtilService   : Save 4 users to database. Done
    23:44:45.599 | 194 Pool-1-worker-87 | INFO  | i.z.t.d.l.EmbeddedDatabaseReporter   : JDBC URL to connect to 'dataSource': url='jdbc:h2:tcp://localhost:41063/mem:df70fc46-7e57-4cb5-9cd0-c1d90c14afa7;USER=sa', scope='EnforceRoleInExerciseTest#testAsTutorOfCourse'
    23:44:45.604 | 194 Pool-1-worker-87 | DEBUG | d.t.c.a.a.c.s.f.ApiVersionFilter     : Adding Version to Request GET /api/test/testEnforceAtLeastTutorInExerciseFieldName/1677

  Starting logs for EnforceRoleInExerciseTest > testAsTutorOfCourse(String, HttpStatus) [12] endpoint=testEnforceAtLeastEditorInExerciseFieldName, expectedStatus=403 FORBIDDEN
    23:44:45.648 | 194 Pool-1-worker-87 | DEBUG | d.t.c.a.a.c.u.util.UserUtilService   : Generate 1 students...
    23:44:45.660 | 194 Pool-1-worker-87 | DEBUG | d.t.c.a.a.c.u.util.UserUtilService   : 1 students generated. Generate 1 tutors...
    23:44:45.666 | 194 Pool-1-worker-87 | DEBUG | d.t.c.a.a.c.u.util.UserUtilService   : 1 tutors generated. Generate 1 editors...
    23:44:45.668 | 194 Pool-1-worker-87 | DEBUG | d.t.c.a.a.c.u.util.UserUtilService   : 1 editors generated. Generate 1 instructors...
    23:44:45.680 | 194 Pool-1-worker-87 | DEBUG | d.t.c.a.a.c.u.util.UserUtilService   : 1 instructors generated
    23:44:45.681 | 194 Pool-1-worker-87 | DEBUG | d.t.c.a.a.c.u.util.UserUtilService   : Removing 8 users from all courses...
    23:44:45.683 | 194 Pool-1-worker-87 | DEBUG | d.t.c.a.a.c.u.util.UserUtilService   : Removing 8 users from all courses. Done
    23:44:45.683 | 194 Pool-1-worker-87 | DEBUG | d.t.c.a.a.c.u.util.UserUtilService   : Save 4 users to database...
    23:44:45.697 | 194 Pool-1-worker-87 | DEBUG | d.t.c.a.a.c.u.util.UserUtilService   : Save 4 users to database. Done
    23:44:45.776 | 194 Pool-1-worker-87 | INFO  | i.z.t.d.l.EmbeddedDatabaseReporter   : JDBC URL to connect to 'dataSource': url='jdbc:h2:tcp://localhost:41063/mem:df70fc46-7e57-4cb5-9cd0-c1d90c14afa7;USER=sa', scope='EnforceRoleInExerciseTest#testAsTutorOfCourse'
    23:44:45.780 | 194 Pool-1-worker-87 | DEBUG | d.t.c.a.a.c.s.f.ApiVersionFilter     : Adding Version to Request GET /api/test/testEnforceAtLeastEditorInExerciseFieldName/1678
    23:44:45.782 | 194 Pool-1-worker-87 | WARN  | o.z.p.spring.common.AdviceTraits     : Forbidden: Access Denied

  Starting logs for EnforceRoleInExerciseTest > testAsTutorOfCourse(String, HttpStatus) [13] endpoint=testEnforceAtLeastInstructorInExerciseFieldName, expectedStatus=403 FORBIDDEN
    23:44:45.822 | 194 Pool-1-worker-87 | DEBUG | d.t.c.a.a.c.u.util.UserUtilService   : Generate 1 students...
    23:44:45.827 | 194 Pool-1-worker-87 | DEBUG | d.t.c.a.a.c.u.util.UserUtilService   : 1 students generated. Generate 1 tutors...
    23:44:45.833 | 194 Pool-1-worker-87 | DEBUG | d.t.c.a.a.c.u.util.UserUtilService   : 1 tutors generated. Generate 1 editors...
    23:44:45.904 | 194 Pool-1-worker-87 | DEBUG | d.t.c.a.a.c.u.util.UserUtilService   : 1 editors generated. Generate 1 instructors...
    23:44:45.909 | 194 Pool-1-worker-87 | DEBUG | d.t.c.a.a.c.u.util.UserUtilService   : 1 instructors generated
    23:44:45.912 | 194 Pool-1-worker-87 | DEBUG | d.t.c.a.a.c.u.util.UserUtilService   : Removing 8 users from all courses...
    23:44:45.915 | 194 Pool-1-worker-87 | DEBUG | d.t.c.a.a.c.u.util.UserUtilService   : Removing 8 users from all courses. Done
    23:44:45.915 | 194 Pool-1-worker-87 | DEBUG | d.t.c.a.a.c.u.util.UserUtilService   : Save 4 users to database...
    23:44:45.921 | 194 Pool-1-worker-87 | DEBUG | d.t.c.a.a.c.u.util.UserUtilService   : Save 4 users to database. Done
    23:44:45.959 | 194 Pool-1-worker-87 | INFO  | i.z.t.d.l.EmbeddedDatabaseReporter   : JDBC URL to connect to 'dataSource': url='jdbc:h2:tcp://localhost:41063/mem:df70fc46-7e57-4cb5-9cd0-c1d90c14afa7;USER=sa', scope='EnforceRoleInExerciseTest#testAsTutorOfCourse'
    23:44:45.962 | 194 Pool-1-worker-87 | DEBUG | d.t.c.a.a.c.s.f.ApiVersionFilter     : Adding Version to Request GET /api/test/testEnforceAtLeastInstructorInExerciseFieldName/1679
    23:44:45.968 | 194 Pool-1-worker-87 | WARN  | o.z.p.spring.common.AdviceTraits     : Forbidden: Access Denied

  Starting logs for EnforceRoleInExerciseTest > testAsStudentOfCourse(String, HttpStatus) [1] endpoint=testEnforceAtLeastStudentInExerciseExplicit, expectedStatus=200 OK
    23:44:46.023 | 194 Pool-1-worker-87 | DEBUG | d.t.c.a.a.c.u.util.UserUtilService   : Generate 1 students...
    23:44:46.026 | 194 Pool-1-worker-87 | DEBUG | d.t.c.a.a.c.u.util.UserUtilService   : 1 students generated. Generate 1 tutors...
    23:44:46.032 | 194 Pool-1-worker-87 | DEBUG | d.t.c.a.a.c.u.util.UserUtilService   : 1 tutors generated. Generate 1 editors...
    23:44:46.037 | 194 Pool-1-worker-87 | DEBUG | d.t.c.a.a.c.u.util.UserUtilService   : 1 editors generated. Generate 1 instructors...
    23:44:46.043 | 194 Pool-1-worker-87 | DEBUG | d.t.c.a.a.c.u.util.UserUtilService   : 1 instructors generated
    23:44:46.047 | 194 Pool-1-worker-87 | DEBUG | d.t.c.a.a.c.u.util.UserUtilService   : Removing 8 users from all courses...
    23:44:46.051 | 194 Pool-1-worker-87 | DEBUG | d.t.c.a.a.c.u.util.UserUtilService   : Removing 8 users from all courses. Done
    23:44:46.051 | 194 Pool-1-worker-87 | DEBUG | d.t.c.a.a.c.u.util.UserUtilService   : Save 4 users to database...
    23:44:46.059 | 194 Pool-1-worker-87 | DEBUG | d.t.c.a.a.c.u.util.UserUtilService   : Save 4 users to database. Done
    23:44:46.125 | 194 Pool-1-worker-87 | INFO  | i.z.t.d.l.EmbeddedDatabaseReporter   : JDBC URL to connect to 'dataSource': url='jdbc:h2:tcp://localhost:41063/mem:df70fc46-7e57-4cb5-9cd0-c1d90c14afa7;USER=sa', scope='EnforceRoleInExerciseTest#testAsStudentOfCourse'
    23:44:46.127 | 194 Pool-1-worker-87 | DEBUG | d.t.c.a.a.c.s.f.ApiVersionFilter     : Adding Version to Request GET /api/test/testEnforceAtLeastStudentInExerciseExplicit/1680

  Starting logs for EnforceRoleInExerciseTest > testAsStudentOfCourse(String, HttpStatus) [2] endpoint=testEnforceAtLeastStudentInExercise, expectedStatus=200 OK
    23:44:46.169 | 194 Pool-1-worker-87 | DEBUG | d.t.c.a.a.c.u.util.UserUtilService   : Generate 1 students...
    23:44:46.175 | 194 Pool-1-worker-87 | DEBUG | d.t.c.a.a.c.u.util.UserUtilService   : 1 students generated. Generate 1 tutors...
    23:44:46.179 | 194 Pool-1-worker-87 | DEBUG | d.t.c.a.a.c.u.util.UserUtilService   : 1 tutors generated. Generate 1 editors...
    23:44:46.184 | 194 Pool-1-worker-87 | DEBUG | d.t.c.a.a.c.u.util.UserUtilService   : 1 editors generated. Generate 1 instructors...
    23:44:46.187 | 194 Pool-1-worker-87 | DEBUG | d.t.c.a.a.c.u.util.UserUtilService   : 1 instructors generated
    23:44:46.188 | 194 Pool-1-worker-87 | DEBUG | d.t.c.a.a.c.u.util.UserUtilService   : Removing 8 users from all courses...
    23:44:46.190 | 194 Pool-1-worker-87 | DEBUG | d.t.c.a.a.c.u.util.UserUtilService   : Removing 8 users from all courses. Done
    23:44:46.190 | 194 Pool-1-worker-87 | DEBUG | d.t.c.a.a.c.u.util.UserUtilService   : Save 4 users to database...
    23:44:46.193 | 194 Pool-1-worker-87 | DEBUG | d.t.c.a.a.c.u.util.UserUtilService   : Save 4 users to database. Done
    23:44:46.247 | 194 Pool-1-worker-87 | INFO  | i.z.t.d.l.EmbeddedDatabaseReporter   : JDBC URL to connect to 'dataSource': url='jdbc:h2:tcp://localhost:41063/mem:df70fc46-7e57-4cb5-9cd0-c1d90c14afa7;USER=sa', scope='EnforceRoleInExerciseTest#testAsStudentOfCourse'
    23:44:46.248 | 194 Pool-1-worker-87 | DEBUG | d.t.c.a.a.c.s.f.ApiVersionFilter     : Adding Version to Request GET /api/test/testEnforceAtLeastStudentInExercise/1681

  Starting logs for EnforceRoleInExerciseTest > testAsStudentOfCourse(String, HttpStatus) [3] endpoint=testEnforceAtLeastTutorInExerciseExplicit, expectedStatus=403 FORBIDDEN
    23:44:46.285 | 194 Pool-1-worker-87 | DEBUG | d.t.c.a.a.c.u.util.UserUtilService   : Generate 1 students...
    23:44:46.290 | 194 Pool-1-worker-87 | DEBUG | d.t.c.a.a.c.u.util.UserUtilService   : 1 students generated. Generate 1 tutors...
    23:44:46.296 | 194 Pool-1-worker-87 | DEBUG | d.t.c.a.a.c.u.util.UserUtilService   : 1 tutors generated. Generate 1 editors...
    23:44:46.302 | 194 Pool-1-worker-87 | DEBUG | d.t.c.a.a.c.u.util.UserUtilService   : 1 editors generated. Generate 1 instructors...
    23:44:46.305 | 194 Pool-1-worker-87 | DEBUG | d.t.c.a.a.c.u.util.UserUtilService   : 1 instructors generated
    23:44:46.306 | 194 Pool-1-worker-87 | DEBUG | d.t.c.a.a.c.u.util.UserUtilService   : Removing 8 users from all courses...
    23:44:46.308 | 194 Pool-1-worker-87 | DEBUG | d.t.c.a.a.c.u.util.UserUtilService   : Removing 8 users from all courses. Done
    23:44:46.308 | 194 Pool-1-worker-87 | DEBUG | d.t.c.a.a.c.u.util.UserUtilService   : Save 4 users to database...
    23:44:46.312 | 194 Pool-1-worker-87 | DEBUG | d.t.c.a.a.c.u.util.UserUtilService   : Save 4 users to database. Done
    23:44:46.362 | 194 Pool-1-worker-87 | INFO  | i.z.t.d.l.EmbeddedDatabaseReporter   : JDBC URL to connect to 'dataSource': url='jdbc:h2:tcp://localhost:41063/mem:df70fc46-7e57-4cb5-9cd0-c1d90c14afa7;USER=sa', scope='EnforceRoleInExerciseTest#testAsStudentOfCourse'
    23:44:46.363 | 194 Pool-1-worker-87 | DEBUG | d.t.c.a.a.c.s.f.ApiVersionFilter     : Adding Version to Request GET /api/test/testEnforceAtLeastTutorInExerciseExplicit/1682
    23:44:46.366 | 194 Pool-1-worker-87 | WARN  | o.z.p.spring.common.AdviceTraits     : Forbidden: You are not allowed to access the Exercise with id 1682

  Starting logs for EnforceRoleInExerciseTest > testAsStudentOfCourse(String, HttpStatus) [4] endpoint=testEnforceAtLeastTutorInExercise, expectedStatus=403 FORBIDDEN
    23:44:46.394 | 194 Pool-1-worker-87 | DEBUG | d.t.c.a.a.c.u.util.UserUtilService   : Generate 1 students...
    23:44:46.396 | 194 Pool-1-worker-87 | DEBUG | d.t.c.a.a.c.u.util.UserUtilService   : 1 students generated. Generate 1 tutors...
    23:44:46.399 | 194 Pool-1-worker-87 | DEBUG | d.t.c.a.a.c.u.util.UserUtilService   : 1 tutors generated. Generate 1 editors...
    23:44:46.402 | 194 Pool-1-worker-87 | DEBUG | d.t.c.a.a.c.u.util.UserUtilService   : 1 editors generated. Generate 1 instructors...
    23:44:46.407 | 194 Pool-1-worker-87 | DEBUG | d.t.c.a.a.c.u.util.UserUtilService   : 1 instructors generated
    23:44:46.408 | 194 Pool-1-worker-87 | DEBUG | d.t.c.a.a.c.u.util.UserUtilService   : Removing 8 users from all courses...
    23:44:46.410 | 194 Pool-1-worker-87 | DEBUG | d.t.c.a.a.c.u.util.UserUtilService   : Removing 8 users from all courses. Done
    23:44:46.410 | 194 Pool-1-worker-87 | DEBUG | d.t.c.a.a.c.u.util.UserUtilService   : Save 4 users to database...
    23:44:46.413 | 194 Pool-1-worker-87 | DEBUG | d.t.c.a.a.c.u.util.UserUtilService   : Save 4 users to database. Done
    23:44:46.451 | 194 Pool-1-worker-87 | INFO  | i.z.t.d.l.EmbeddedDatabaseReporter   : JDBC URL to connect to 'dataSource': url='jdbc:h2:tcp://localhost:41063/mem:df70fc46-7e57-4cb5-9cd0-c1d90c14afa7;USER=sa', scope='EnforceRoleInExerciseTest#testAsStudentOfCourse'
    23:44:46.452 | 194 Pool-1-worker-87 | DEBUG | d.t.c.a.a.c.s.f.ApiVersionFilter     : Adding Version to Request GET /api/test/testEnforceAtLeastTutorInExercise/1683
    23:44:46.453 | 194 Pool-1-worker-87 | WARN  | o.z.p.spring.common.AdviceTraits     : Forbidden: Access Denied

  Starting logs for EnforceRoleInExerciseTest > testAsStudentOfCourse(String, HttpStatus) [5] endpoint=testEnforceAtLeastEditorInExerciseExplicit, expectedStatus=403 FORBIDDEN
    23:44:46.469 | 194 Pool-1-worker-87 | DEBUG | d.t.c.a.a.c.u.util.UserUtilService   : Generate 1 students...
    23:44:46.473 | 194 Pool-1-worker-87 | DEBUG | d.t.c.a.a.c.u.util.UserUtilService   : 1 students generated. Generate 1 tutors...
    23:44:46.477 | 194 Pool-1-worker-87 | DEBUG | d.t.c.a.a.c.u.util.UserUtilService   : 1 tutors generated. Generate 1 editors...
    23:44:46.486 | 194 Pool-1-worker-87 | DEBUG | d.t.c.a.a.c.u.util.UserUtilService   : 1 editors generated. Generate 1 instructors...
    23:44:46.489 | 194 Pool-1-worker-87 | DEBUG | d.t.c.a.a.c.u.util.UserUtilService   : 1 instructors generated
    23:44:46.491 | 194 Pool-1-worker-87 | DEBUG | d.t.c.a.a.c.u.util.UserUtilService   : Removing 8 users from all courses...
    23:44:46.492 | 194 Pool-1-worker-87 | DEBUG | d.t.c.a.a.c.u.util.UserUtilService   : Removing 8 users from all courses. Done
    23:44:46.492 | 194 Pool-1-worker-87 | DEBUG | d.t.c.a.a.c.u.util.UserUtilService   : Save 4 users to database...
    23:44:46.496 | 194 Pool-1-worker-87 | DEBUG | d.t.c.a.a.c.u.util.UserUtilService   : Save 4 users to database. Done
    23:44:46.530 | 194 Pool-1-worker-87 | INFO  | i.z.t.d.l.EmbeddedDatabaseReporter   : JDBC URL to connect to 'dataSource': url='jdbc:h2:tcp://localhost:41063/mem:df70fc46-7e57-4cb5-9cd0-c1d90c14afa7;USER=sa', scope='EnforceRoleInExerciseTest#testAsStudentOfCourse'
    23:44:46.531 | 194 Pool-1-worker-87 | DEBUG | d.t.c.a.a.c.s.f.ApiVersionFilter     : Adding Version to Request GET /api/test/testEnforceAtLeastEditorInExerciseExplicit/1684
    23:44:46.533 | 194 Pool-1-worker-87 | WARN  | o.z.p.spring.common.AdviceTraits     : Forbidden: You are not allowed to access the Exercise with id 1684

  Starting logs for EnforceRoleInExerciseTest > testAsStudentOfCourse(String, HttpStatus) [6] endpoint=testEnforceAtLeastEditorInExercise, expectedStatus=403 FORBIDDEN
    23:44:46.558 | 194 Pool-1-worker-87 | DEBUG | d.t.c.a.a.c.u.util.UserUtilService   : Generate 1 students...
    23:44:46.561 | 194 Pool-1-worker-87 | DEBUG | d.t.c.a.a.c.u.util.UserUtilService   : 1 students generated. Generate 1 tutors...
    23:44:46.566 | 194 Pool-1-worker-87 | DEBUG | d.t.c.a.a.c.u.util.UserUtilService   : 1 tutors generated. Generate 1 editors...
    23:44:46.572 | 194 Pool-1-worker-87 | DEBUG | d.t.c.a.a.c.u.util.UserUtilService   : 1 editors generated. Generate 1 instructors...
    23:44:46.578 | 194 Pool-1-worker-87 | DEBUG | d.t.c.a.a.c.u.util.UserUtilService   : 1 instructors generated
    23:44:46.583 | 194 Pool-1-worker-87 | DEBUG | d.t.c.a.a.c.u.util.UserUtilService   : Removing 8 users from all courses...
    23:44:46.584 | 194 Pool-1-worker-87 | DEBUG | d.t.c.a.a.c.u.util.UserUtilService   : Removing 8 users from all courses. Done
    23:44:46.584 | 194 Pool-1-worker-87 | DEBUG | d.t.c.a.a.c.u.util.UserUtilService   : Save 4 users to database...
    23:44:46.594 | 194 Pool-1-worker-87 | DEBUG | d.t.c.a.a.c.u.util.UserUtilService   : Save 4 users to database. Done
    23:44:46.647 | 194 Pool-1-worker-87 | INFO  | i.z.t.d.l.EmbeddedDatabaseReporter   : JDBC URL to connect to 'dataSource': url='jdbc:h2:tcp://localhost:41063/mem:df70fc46-7e57-4cb5-9cd0-c1d90c14afa7;USER=sa', scope='EnforceRoleInExerciseTest#testAsStudentOfCourse'
    23:44:46.651 | 194 Pool-1-worker-87 | DEBUG | d.t.c.a.a.c.s.f.ApiVersionFilter     : Adding Version to Request GET /api/test/testEnforceAtLeastEditorInExercise/1685
    23:44:46.655 | 194 Pool-1-worker-87 | WARN  | o.z.p.spring.common.AdviceTraits     : Forbidden: Access Denied

  Starting logs for EnforceRoleInExerciseTest > testAsStudentOfCourse(String, HttpStatus) [7] endpoint=testEnforceAtLeastInstructorInExerciseExplicit, expectedStatus=403 FORBIDDEN
    23:44:46.687 | 194 Pool-1-worker-87 | DEBUG | d.t.c.a.a.c.u.util.UserUtilService   : Generate 1 students...
    23:44:46.693 | 194 Pool-1-worker-87 | DEBUG | d.t.c.a.a.c.u.util.UserUtilService   : 1 students generated. Generate 1 tutors...
    23:44:46.698 | 194 Pool-1-worker-87 | DEBUG | d.t.c.a.a.c.u.util.UserUtilService   : 1 tutors generated. Generate 1 editors...
    23:44:46.700 | 194 Pool-1-worker-87 | DEBUG | d.t.c.a.a.c.u.util.UserUtilService   : 1 editors generated. Generate 1 instructors...
    23:44:46.703 | 194 Pool-1-worker-87 | DEBUG | d.t.c.a.a.c.u.util.UserUtilService   : 1 instructors generated
    23:44:46.707 | 194 Pool-1-worker-87 | DEBUG | d.t.c.a.a.c.u.util.UserUtilService   : Removing 8 users from all courses...
    23:44:46.708 | 194 Pool-1-worker-87 | DEBUG | d.t.c.a.a.c.u.util.UserUtilService   : Removing 8 users from all courses. Done
    23:44:46.708 | 194 Pool-1-worker-87 | DEBUG | d.t.c.a.a.c.u.util.UserUtilService   : Save 4 users to database...
    23:44:46.712 | 194 Pool-1-worker-87 | DEBUG | d.t.c.a.a.c.u.util.UserUtilService   : Save 4 users to database. Done
    23:44:46.743 | 194 Pool-1-worker-87 | INFO  | i.z.t.d.l.EmbeddedDatabaseReporter   : JDBC URL to connect to 'dataSource': url='jdbc:h2:tcp://localhost:41063/mem:df70fc46-7e57-4cb5-9cd0-c1d90c14afa7;USER=sa', scope='EnforceRoleInExerciseTest#testAsStudentOfCourse'
    23:44:46.744 | 194 Pool-1-worker-87 | DEBUG | d.t.c.a.a.c.s.f.ApiVersionFilter     : Adding Version to Request GET /api/test/testEnforceAtLeastInstructorInExerciseExplicit/1686
    23:44:46.746 | 194 Pool-1-worker-87 | WARN  | o.z.p.spring.common.AdviceTraits     : Forbidden: You are not allowed to access the Exercise with id 1686

  Starting logs for EnforceRoleInExerciseTest > testAsStudentOfCourse(String, HttpStatus) [8] endpoint=testEnforceAtLeastInstructorInExercise, expectedStatus=403 FORBIDDEN
    23:44:46.762 | 194 Pool-1-worker-87 | DEBUG | d.t.c.a.a.c.u.util.UserUtilService   : Generate 1 students...
    23:44:46.765 | 194 Pool-1-worker-87 | DEBUG | d.t.c.a.a.c.u.util.UserUtilService   : 1 students generated. Generate 1 tutors...
    23:44:46.768 | 194 Pool-1-worker-87 | DEBUG | d.t.c.a.a.c.u.util.UserUtilService   : 1 tutors generated. Generate 1 editors...
    23:44:46.771 | 194 Pool-1-worker-87 | DEBUG | d.t.c.a.a.c.u.util.UserUtilService   : 1 editors generated. Generate 1 instructors...
    23:44:46.773 | 194 Pool-1-worker-87 | DEBUG | d.t.c.a.a.c.u.util.UserUtilService   : 1 instructors generated
    23:44:46.775 | 194 Pool-1-worker-87 | DEBUG | d.t.c.a.a.c.u.util.UserUtilService   : Removing 8 users from all courses...
    23:44:46.776 | 194 Pool-1-worker-87 | DEBUG | d.t.c.a.a.c.u.util.UserUtilService   : Removing 8 users from all courses. Done
    23:44:46.776 | 194 Pool-1-worker-87 | DEBUG | d.t.c.a.a.c.u.util.UserUtilService   : Save 4 users to database...
    23:44:46.780 | 194 Pool-1-worker-87 | DEBUG | d.t.c.a.a.c.u.util.UserUtilService   : Save 4 users to database. Done
    23:44:46.811 | 194 Pool-1-worker-87 | INFO  | i.z.t.d.l.EmbeddedDatabaseReporter   : JDBC URL to connect to 'dataSource': url='jdbc:h2:tcp://localhost:41063/mem:df70fc46-7e57-4cb5-9cd0-c1d90c14afa7;USER=sa', scope='EnforceRoleInExerciseTest#testAsStudentOfCourse'
    23:44:46.813 | 194 Pool-1-worker-87 | DEBUG | d.t.c.a.a.c.s.f.ApiVersionFilter     : Adding Version to Request GET /api/test/testEnforceAtLeastInstructorInExercise/1687
    23:44:46.814 | 194 Pool-1-worker-87 | WARN  | o.z.p.spring.common.AdviceTraits     : Forbidden: Access Denied

  Starting logs for EnforceRoleInExerciseTest > testAsStudentOfCourse(String, HttpStatus) [9] endpoint=testEnforceRoleInExerciseFieldName, expectedStatus=200 OK
    23:44:46.829 | 194 Pool-1-worker-87 | DEBUG | d.t.c.a.a.c.u.util.UserUtilService   : Generate 1 students...
    23:44:46.831 | 194 Pool-1-worker-87 | DEBUG | d.t.c.a.a.c.u.util.UserUtilService   : 1 students generated. Generate 1 tutors...
    23:44:46.834 | 194 Pool-1-worker-87 | DEBUG | d.t.c.a.a.c.u.util.UserUtilService   : 1 tutors generated. Generate 1 editors...
    23:44:46.837 | 194 Pool-1-worker-87 | DEBUG | d.t.c.a.a.c.u.util.UserUtilService   : 1 editors generated. Generate 1 instructors...
    23:44:46.839 | 194 Pool-1-worker-87 | DEBUG | d.t.c.a.a.c.u.util.UserUtilService   : 1 instructors generated
    23:44:46.841 | 194 Pool-1-worker-87 | DEBUG | d.t.c.a.a.c.u.util.UserUtilService   : Removing 8 users from all courses...
    23:44:46.842 | 194 Pool-1-worker-87 | DEBUG | d.t.c.a.a.c.u.util.UserUtilService   : Removing 8 users from all courses. Done
    23:44:46.842 | 194 Pool-1-worker-87 | DEBUG | d.t.c.a.a.c.u.util.UserUtilService   : Save 4 users to database...
    23:44:46.846 | 194 Pool-1-worker-87 | DEBUG | d.t.c.a.a.c.u.util.UserUtilService   : Save 4 users to database. Done
    23:44:46.882 | 194 Pool-1-worker-87 | INFO  | i.z.t.d.l.EmbeddedDatabaseReporter   : JDBC URL to connect to 'dataSource': url='jdbc:h2:tcp://localhost:41063/mem:df70fc46-7e57-4cb5-9cd0-c1d90c14afa7;USER=sa', scope='EnforceRoleInExerciseTest#testAsStudentOfCourse'
    23:44:46.883 | 194 Pool-1-worker-87 | DEBUG | d.t.c.a.a.c.s.f.ApiVersionFilter     : Adding Version to Request GET /api/test/testEnforceRoleInExerciseFieldName/1688

  Starting logs for EnforceRoleInExerciseTest > testAsStudentOfCourse(String, HttpStatus) [10] endpoint=testEnforceAtLeastStudentInExerciseFieldName, expectedStatus=200 OK
    23:44:46.903 | 194 Pool-1-worker-87 | DEBUG | d.t.c.a.a.c.u.util.UserUtilService   : Generate 1 students...
    23:44:46.910 | 194 Pool-1-worker-87 | DEBUG | d.t.c.a.a.c.u.util.UserUtilService   : 1 students generated. Generate 1 tutors...
    23:44:46.918 | 194 Pool-1-worker-87 | DEBUG | d.t.c.a.a.c.u.util.UserUtilService   : 1 tutors generated. Generate 1 editors...
    23:44:46.921 | 194 Pool-1-worker-87 | DEBUG | d.t.c.a.a.c.u.util.UserUtilService   : 1 editors generated. Generate 1 instructors...
    23:44:46.926 | 194 Pool-1-worker-87 | DEBUG | d.t.c.a.a.c.u.util.UserUtilService   : 1 instructors generated
    23:44:46.931 | 194 Pool-1-worker-87 | DEBUG | d.t.c.a.a.c.u.util.UserUtilService   : Removing 8 users from all courses...
    23:44:46.933 | 194 Pool-1-worker-87 | DEBUG | d.t.c.a.a.c.u.util.UserUtilService   : Removing 8 users from all courses. Done
    23:44:46.933 | 194 Pool-1-worker-87 | DEBUG | d.t.c.a.a.c.u.util.UserUtilService   : Save 4 users to database...
    23:44:46.942 | 194 Pool-1-worker-87 | DEBUG | d.t.c.a.a.c.u.util.UserUtilService   : Save 4 users to database. Done
    23:44:47.008 | 194 Pool-1-worker-87 | INFO  | i.z.t.d.l.EmbeddedDatabaseReporter   : JDBC URL to connect to 'dataSource': url='jdbc:h2:tcp://localhost:41063/mem:df70fc46-7e57-4cb5-9cd0-c1d90c14afa7;USER=sa', scope='EnforceRoleInExerciseTest#testAsStudentOfCourse'
    23:44:47.010 | 194 Pool-1-worker-87 | DEBUG | d.t.c.a.a.c.s.f.ApiVersionFilter     : Adding Version to Request GET /api/test/testEnforceAtLeastStudentInExerciseFieldName/1689

  Starting logs for EnforceRoleInExerciseTest > testAsStudentOfCourse(String, HttpStatus) [11] endpoint=testEnforceAtLeastTutorInExerciseFieldName, expectedStatus=403 FORBIDDEN
    23:44:47.055 | 194 Pool-1-worker-87 | DEBUG | d.t.c.a.a.c.u.util.UserUtilService   : Generate 1 students...
    23:44:47.059 | 194 Pool-1-worker-87 | DEBUG | d.t.c.a.a.c.u.util.UserUtilService   : 1 students generated. Generate 1 tutors...
    23:44:47.062 | 194 Pool-1-worker-87 | DEBUG | d.t.c.a.a.c.u.util.UserUtilService   : 1 tutors generated. Generate 1 editors...
    23:44:47.065 | 194 Pool-1-worker-87 | DEBUG | d.t.c.a.a.c.u.util.UserUtilService   : 1 editors generated. Generate 1 instructors...
    23:44:47.074 | 194 Pool-1-worker-87 | DEBUG | d.t.c.a.a.c.u.util.UserUtilService   : 1 instructors generated
    23:44:47.077 | 194 Pool-1-worker-87 | DEBUG | d.t.c.a.a.c.u.util.UserUtilService   : Removing 8 users from all courses...
    23:44:47.080 | 194 Pool-1-worker-87 | DEBUG | d.t.c.a.a.c.u.util.UserUtilService   : Removing 8 users from all courses. Done
    23:44:47.080 | 194 Pool-1-worker-87 | DEBUG | d.t.c.a.a.c.u.util.UserUtilService   : Save 4 users to database...
    23:44:47.088 | 194 Pool-1-worker-87 | DEBUG | d.t.c.a.a.c.u.util.UserUtilService   : Save 4 users to database. Done
    23:44:47.160 | 194 Pool-1-worker-87 | INFO  | i.z.t.d.l.EmbeddedDatabaseReporter   : JDBC URL to connect to 'dataSource': url='jdbc:h2:tcp://localhost:41063/mem:df70fc46-7e57-4cb5-9cd0-c1d90c14afa7;USER=sa', scope='EnforceRoleInExerciseTest#testAsStudentOfCourse'
    23:44:47.164 | 194 Pool-1-worker-87 | DEBUG | d.t.c.a.a.c.s.f.ApiVersionFilter     : Adding Version to Request GET /api/test/testEnforceAtLeastTutorInExerciseFieldName/1690
    23:44:47.166 | 194 Pool-1-worker-87 | WARN  | o.z.p.spring.common.AdviceTraits     : Forbidden: Access Denied

  Starting logs for EnforceRoleInExerciseTest > testAsStudentOfCourse(String, HttpStatus) [12] endpoint=testEnforceAtLeastEditorInExerciseFieldName, expectedStatus=403 FORBIDDEN
    23:44:47.194 | 194 Pool-1-worker-87 | DEBUG | d.t.c.a.a.c.u.util.UserUtilService   : Generate 1 students...
    23:44:47.200 | 194 Pool-1-worker-87 | DEBUG | d.t.c.a.a.c.u.util.UserUtilService   : 1 students generated. Generate 1 tutors...
    23:44:47.206 | 194 Pool-1-worker-87 | DEBUG | d.t.c.a.a.c.u.util.UserUtilService   : 1 tutors generated. Generate 1 editors...
    23:44:47.210 | 194 Pool-1-worker-87 | DEBUG | d.t.c.a.a.c.u.util.UserUtilService   : 1 editors generated. Generate 1 instructors...
    23:44:47.213 | 194 Pool-1-worker-87 | DEBUG | d.t.c.a.a.c.u.util.UserUtilService   : 1 instructors generated
    23:44:47.215 | 194 Pool-1-worker-87 | DEBUG | d.t.c.a.a.c.u.util.UserUtilService   : Removing 8 users from all courses...
    23:44:47.217 | 194 Pool-1-worker-87 | DEBUG | d.t.c.a.a.c.u.util.UserUtilService   : Removing 8 users from all courses. Done
    23:44:47.217 | 194 Pool-1-worker-87 | DEBUG | d.t.c.a.a.c.u.util.UserUtilService   : Save 4 users to database...
    23:44:47.227 | 194 Pool-1-worker-87 | DEBUG | d.t.c.a.a.c.u.util.UserUtilService   : Save 4 users to database. Done
    23:44:47.304 | 194 Pool-1-worker-87 | INFO  | i.z.t.d.l.EmbeddedDatabaseReporter   : JDBC URL to connect to 'dataSource': url='jdbc:h2:tcp://localhost:41063/mem:df70fc46-7e57-4cb5-9cd0-c1d90c14afa7;USER=sa', scope='EnforceRoleInExerciseTest#testAsStudentOfCourse'
    23:44:47.306 | 194 Pool-1-worker-87 | DEBUG | d.t.c.a.a.c.s.f.ApiVersionFilter     : Adding Version to Request GET /api/test/testEnforceAtLeastEditorInExerciseFieldName/1691
    23:44:47.308 | 194 Pool-1-worker-87 | WARN  | o.z.p.spring.common.AdviceTraits     : Forbidden: Access Denied

  Starting logs for EnforceRoleInExerciseTest > testAsStudentOfCourse(String, HttpStatus) [13] endpoint=testEnforceAtLeastInstructorInExerciseFieldName, expectedStatus=403 FORBIDDEN
    23:44:47.328 | 194 Pool-1-worker-87 | DEBUG | d.t.c.a.a.c.u.util.UserUtilService   : Generate 1 students...
    23:44:47.330 | 194 Pool-1-worker-87 | DEBUG | d.t.c.a.a.c.u.util.UserUtilService   : 1 students generated. Generate 1 tutors...
    23:44:47.333 | 194 Pool-1-worker-87 | DEBUG | d.t.c.a.a.c.u.util.UserUtilService   : 1 tutors generated. Generate 1 editors...
    23:44:47.336 | 194 Pool-1-worker-87 | DEBUG | d.t.c.a.a.c.u.util.UserUtilService   : 1 editors generated. Generate 1 instructors...
    23:44:47.339 | 194 Pool-1-worker-87 | DEBUG | d.t.c.a.a.c.u.util.UserUtilService   : 1 instructors generated
    23:44:47.342 | 194 Pool-1-worker-87 | DEBUG | d.t.c.a.a.c.u.util.UserUtilService   : Removing 8 users from all courses...
    23:44:47.343 | 194 Pool-1-worker-87 | DEBUG | d.t.c.a.a.c.u.util.UserUtilService   : Removing 8 users from all courses. Done
    23:44:47.343 | 194 Pool-1-worker-87 | DEBUG | d.t.c.a.a.c.u.util.UserUtilService   : Save 4 users to database...
    23:44:47.348 | 194 Pool-1-worker-87 | DEBUG | d.t.c.a.a.c.u.util.UserUtilService   : Save 4 users to database. Done
    23:44:47.388 | 194 Pool-1-worker-87 | INFO  | i.z.t.d.l.EmbeddedDatabaseReporter   : JDBC URL to connect to 'dataSource': url='jdbc:h2:tcp://localhost:41063/mem:df70fc46-7e57-4cb5-9cd0-c1d90c14afa7;USER=sa', scope='EnforceRoleInExerciseTest#testAsStudentOfCourse'
    23:44:47.390 | 194 Pool-1-worker-87 | DEBUG | d.t.c.a.a.c.s.f.ApiVersionFilter     : Adding Version to Request GET /api/test/testEnforceAtLeastInstructorInExerciseFieldName/1692
    23:44:47.391 | 194 Pool-1-worker-87 | WARN  | o.z.p.spring.common.AdviceTraits     : Forbidden: Access Denied

  Starting logs for EnforceRoleInExerciseTest > testAsEditorOfOtherCourse(String, HttpStatus) [1] endpoint=testEnforceAtLeastStudentInExerciseExplicit, expectedStatus=403 FORBIDDEN
    23:44:47.410 | 194 Pool-1-worker-87 | DEBUG | d.t.c.a.a.c.u.util.UserUtilService   : Generate 1 students...
    23:44:47.413 | 194 Pool-1-worker-87 | DEBUG | d.t.c.a.a.c.u.util.UserUtilService   : 1 students generated. Generate 1 tutors...
    23:44:47.416 | 194 Pool-1-worker-87 | DEBUG | d.t.c.a.a.c.u.util.UserUtilService   : 1 tutors generated. Generate 1 editors...
    23:44:47.418 | 194 Pool-1-worker-87 | DEBUG | d.t.c.a.a.c.u.util.UserUtilService   : 1 editors generated. Generate 1 instructors...
    23:44:47.421 | 194 Pool-1-worker-87 | DEBUG | d.t.c.a.a.c.u.util.UserUtilService   : 1 instructors generated
    23:44:47.423 | 194 Pool-1-worker-87 | DEBUG | d.t.c.a.a.c.u.util.UserUtilService   : Removing 8 users from all courses...
    23:44:47.425 | 194 Pool-1-worker-87 | DEBUG | d.t.c.a.a.c.u.util.UserUtilService   : Removing 8 users from all courses. Done
    23:44:47.425 | 194 Pool-1-worker-87 | DEBUG | d.t.c.a.a.c.u.util.UserUtilService   : Save 4 users to database...
    23:44:47.429 | 194 Pool-1-worker-87 | DEBUG | d.t.c.a.a.c.u.util.UserUtilService   : Save 4 users to database. Done
    23:44:47.468 | 194 Pool-1-worker-87 | INFO  | i.z.t.d.l.EmbeddedDatabaseReporter   : JDBC URL to connect to 'dataSource': url='jdbc:h2:tcp://localhost:41063/mem:df70fc46-7e57-4cb5-9cd0-c1d90c14afa7;USER=sa', scope='EnforceRoleInExerciseTest#testAsEditorOfOtherCourse'
    23:44:47.470 | 194 Pool-1-worker-87 | DEBUG | d.t.c.a.a.c.s.f.ApiVersionFilter     : Adding Version to Request GET /api/test/testEnforceAtLeastStudentInExerciseExplicit/1693
    23:44:47.473 | 194 Pool-1-worker-87 | WARN  | o.z.p.spring.common.AdviceTraits     : Forbidden: You are not allowed to access the Exercise with id 1693

  Starting logs for EnforceRoleInExerciseTest > testAsEditorOfOtherCourse(String, HttpStatus) [2] endpoint=testEnforceAtLeastStudentInExercise, expectedStatus=403 FORBIDDEN
    23:44:47.509 | 194 Pool-1-worker-87 | DEBUG | d.t.c.a.a.c.u.util.UserUtilService   : Generate 1 students...
    23:44:47.512 | 194 Pool-1-worker-87 | DEBUG | d.t.c.a.a.c.u.util.UserUtilService   : 1 students generated. Generate 1 tutors...
    23:44:47.520 | 194 Pool-1-worker-87 | DEBUG | d.t.c.a.a.c.u.util.UserUtilService   : 1 tutors generated. Generate 1 editors...
    23:44:47.524 | 194 Pool-1-worker-87 | DEBUG | d.t.c.a.a.c.u.util.UserUtilService   : 1 editors generated. Generate 1 instructors...
    23:44:47.529 | 194 Pool-1-worker-87 | DEBUG | d.t.c.a.a.c.u.util.UserUtilService   : 1 instructors generated
    23:44:47.533 | 194 Pool-1-worker-87 | DEBUG | d.t.c.a.a.c.u.util.UserUtilService   : Removing 8 users from all courses...
    23:44:47.534 | 194 Pool-1-worker-87 | DEBUG | d.t.c.a.a.c.u.util.UserUtilService   : Removing 8 users from all courses. Done
    23:44:47.534 | 194 Pool-1-worker-87 | DEBUG | d.t.c.a.a.c.u.util.UserUtilService   : Save 4 users to database...
    23:44:47.538 | 194 Pool-1-worker-87 | DEBUG | d.t.c.a.a.c.u.util.UserUtilService   : Save 4 users to database. Done
    23:44:47.575 | 194 Pool-1-worker-87 | INFO  | i.z.t.d.l.EmbeddedDatabaseReporter   : JDBC URL to connect to 'dataSource': url='jdbc:h2:tcp://localhost:41063/mem:df70fc46-7e57-4cb5-9cd0-c1d90c14afa7;USER=sa', scope='EnforceRoleInExerciseTest#testAsEditorOfOtherCourse'
    23:44:47.577 | 194 Pool-1-worker-87 | DEBUG | d.t.c.a.a.c.s.f.ApiVersionFilter     : Adding Version to Request GET /api/test/testEnforceAtLeastStudentInExercise/1694
    23:44:47.579 | 194 Pool-1-worker-87 | WARN  | o.z.p.spring.common.AdviceTraits     : Forbidden: You are not allowed to access the Exercise with id 1694

  Starting logs for EnforceRoleInExerciseTest > testAsEditorOfOtherCourse(String, HttpStatus) [3] endpoint=testEnforceAtLeastTutorInExerciseExplicit, expectedStatus=403 FORBIDDEN
    23:44:47.597 | 194 Pool-1-worker-87 | DEBUG | d.t.c.a.a.c.u.util.UserUtilService   : Generate 1 students...
    23:44:47.600 | 194 Pool-1-worker-87 | DEBUG | d.t.c.a.a.c.u.util.UserUtilService   : 1 students generated. Generate 1 tutors...
    23:44:47.602 | 194 Pool-1-worker-87 | DEBUG | d.t.c.a.a.c.u.util.UserUtilService   : 1 tutors generated. Generate 1 editors...
    23:44:47.605 | 194 Pool-1-worker-87 | DEBUG | d.t.c.a.a.c.u.util.UserUtilService   : 1 editors generated. Generate 1 instructors...
    23:44:47.608 | 194 Pool-1-worker-87 | DEBUG | d.t.c.a.a.c.u.util.UserUtilService   : 1 instructors generated
    23:44:47.610 | 194 Pool-1-worker-87 | DEBUG | d.t.c.a.a.c.u.util.UserUtilService   : Removing 8 users from all courses...
    23:44:47.611 | 194 Pool-1-worker-87 | DEBUG | d.t.c.a.a.c.u.util.UserUtilService   : Removing 8 users from all courses. Done
    23:44:47.611 | 194 Pool-1-worker-87 | DEBUG | d.t.c.a.a.c.u.util.UserUtilService   : Save 4 users to database...
    23:44:47.615 | 194 Pool-1-worker-87 | DEBUG | d.t.c.a.a.c.u.util.UserUtilService   : Save 4 users to database. Done
    23:44:47.647 | 194 Pool-1-worker-87 | INFO  | i.z.t.d.l.EmbeddedDatabaseReporter   : JDBC URL to connect to 'dataSource': url='jdbc:h2:tcp://localhost:41063/mem:df70fc46-7e57-4cb5-9cd0-c1d90c14afa7;USER=sa', scope='EnforceRoleInExerciseTest#testAsEditorOfOtherCourse'
    23:44:47.648 | 194 Pool-1-worker-87 | DEBUG | d.t.c.a.a.c.s.f.ApiVersionFilter     : Adding Version to Request GET /api/test/testEnforceAtLeastTutorInExerciseExplicit/1695
    23:44:47.650 | 194 Pool-1-worker-87 | WARN  | o.z.p.spring.common.AdviceTraits     : Forbidden: You are not allowed to access the Exercise with id 1695

  Starting logs for EnforceRoleInExerciseTest > testAsEditorOfOtherCourse(String, HttpStatus) [4] endpoint=testEnforceAtLeastTutorInExercise, expectedStatus=403 FORBIDDEN
    23:44:47.666 | 194 Pool-1-worker-87 | DEBUG | d.t.c.a.a.c.u.util.UserUtilService   : Generate 1 students...
    23:44:47.669 | 194 Pool-1-worker-87 | DEBUG | d.t.c.a.a.c.u.util.UserUtilService   : 1 students generated. Generate 1 tutors...
    23:44:47.672 | 194 Pool-1-worker-87 | DEBUG | d.t.c.a.a.c.u.util.UserUtilService   : 1 tutors generated. Generate 1 editors...
    23:44:47.675 | 194 Pool-1-worker-87 | DEBUG | d.t.c.a.a.c.u.util.UserUtilService   : 1 editors generated. Generate 1 instructors...
    23:44:47.678 | 194 Pool-1-worker-87 | DEBUG | d.t.c.a.a.c.u.util.UserUtilService   : 1 instructors generated
    23:44:47.680 | 194 Pool-1-worker-87 | DEBUG | d.t.c.a.a.c.u.util.UserUtilService   : Removing 8 users from all courses...
    23:44:47.681 | 194 Pool-1-worker-87 | DEBUG | d.t.c.a.a.c.u.util.UserUtilService   : Removing 8 users from all courses. Done
    23:44:47.681 | 194 Pool-1-worker-87 | DEBUG | d.t.c.a.a.c.u.util.UserUtilService   : Save 4 users to database...
    23:44:47.685 | 194 Pool-1-worker-87 | DEBUG | d.t.c.a.a.c.u.util.UserUtilService   : Save 4 users to database. Done
    23:44:47.721 | 194 Pool-1-worker-87 | INFO  | i.z.t.d.l.EmbeddedDatabaseReporter   : JDBC URL to connect to 'dataSource': url='jdbc:h2:tcp://localhost:41063/mem:df70fc46-7e57-4cb5-9cd0-c1d90c14afa7;USER=sa', scope='EnforceRoleInExerciseTest#testAsEditorOfOtherCourse'
    23:44:47.724 | 194 Pool-1-worker-87 | DEBUG | d.t.c.a.a.c.s.f.ApiVersionFilter     : Adding Version to Request GET /api/test/testEnforceAtLeastTutorInExercise/1696
    23:44:47.728 | 194 Pool-1-worker-87 | WARN  | o.z.p.spring.common.AdviceTraits     : Forbidden: You are not allowed to access the Exercise with id 1696

  Starting logs for EnforceRoleInExerciseTest > testAsEditorOfOtherCourse(String, HttpStatus) [5] endpoint=testEnforceAtLeastEditorInExerciseExplicit, expectedStatus=403 FORBIDDEN
    23:44:47.750 | 194 Pool-1-worker-87 | DEBUG | d.t.c.a.a.c.u.util.UserUtilService   : Generate 1 students...
    23:44:47.752 | 194 Pool-1-worker-87 | DEBUG | d.t.c.a.a.c.u.util.UserUtilService   : 1 students generated. Generate 1 tutors...
    23:44:47.757 | 194 Pool-1-worker-87 | DEBUG | d.t.c.a.a.c.u.util.UserUtilService   : 1 tutors generated. Generate 1 editors...
    23:44:47.759 | 194 Pool-1-worker-87 | DEBUG | d.t.c.a.a.c.u.util.UserUtilService   : 1 editors generated. Generate 1 instructors...
    23:44:47.765 | 194 Pool-1-worker-87 | DEBUG | d.t.c.a.a.c.u.util.UserUtilService   : 1 instructors generated
    23:44:47.769 | 194 Pool-1-worker-87 | DEBUG | d.t.c.a.a.c.u.util.UserUtilService   : Removing 8 users from all courses...
    23:44:47.770 | 194 Pool-1-worker-87 | DEBUG | d.t.c.a.a.c.u.util.UserUtilService   : Removing 8 users from all courses. Done
    23:44:47.770 | 194 Pool-1-worker-87 | DEBUG | d.t.c.a.a.c.u.util.UserUtilService   : Save 4 users to database...
    23:44:47.779 | 194 Pool-1-worker-87 | DEBUG | d.t.c.a.a.c.u.util.UserUtilService   : Save 4 users to database. Done
    23:44:47.817 | 194 Pool-1-worker-87 | INFO  | i.z.t.d.l.EmbeddedDatabaseReporter   : JDBC URL to connect to 'dataSource': url='jdbc:h2:tcp://localhost:41063/mem:df70fc46-7e57-4cb5-9cd0-c1d90c14afa7;USER=sa', scope='EnforceRoleInExerciseTest#testAsEditorOfOtherCourse'
    23:44:47.818 | 194 Pool-1-worker-87 | DEBUG | d.t.c.a.a.c.s.f.ApiVersionFilter     : Adding Version to Request GET /api/test/testEnforceAtLeastEditorInExerciseExplicit/1697
    23:44:47.820 | 194 Pool-1-worker-87 | WARN  | o.z.p.spring.common.AdviceTraits     : Forbidden: You are not allowed to access the Exercise with id 1697

  Starting logs for EnforceRoleInExerciseTest > testAsEditorOfOtherCourse(String, HttpStatus) [6] endpoint=testEnforceAtLeastEditorInExercise, expectedStatus=403 FORBIDDEN
    23:44:47.837 | 194 Pool-1-worker-87 | DEBUG | d.t.c.a.a.c.u.util.UserUtilService   : Generate 1 students...
    23:44:47.840 | 194 Pool-1-worker-87 | DEBUG | d.t.c.a.a.c.u.util.UserUtilService   : 1 students generated. Generate 1 tutors...
    23:44:47.843 | 194 Pool-1-worker-87 | DEBUG | d.t.c.a.a.c.u.util.UserUtilService   : 1 tutors generated. Generate 1 editors...
    23:44:47.846 | 194 Pool-1-worker-87 | DEBUG | d.t.c.a.a.c.u.util.UserUtilService   : 1 editors generated. Generate 1 instructors...
    23:44:47.849 | 194 Pool-1-worker-87 | DEBUG | d.t.c.a.a.c.u.util.UserUtilService   : 1 instructors generated
    23:44:47.850 | 194 Pool-1-worker-87 | DEBUG | d.t.c.a.a.c.u.util.UserUtilService   : Removing 8 users from all courses...
    23:44:47.852 | 194 Pool-1-worker-87 | DEBUG | d.t.c.a.a.c.u.util.UserUtilService   : Removing 8 users from all courses. Done
    23:44:47.852 | 194 Pool-1-worker-87 | DEBUG | d.t.c.a.a.c.u.util.UserUtilService   : Save 4 users to database...
    23:44:47.855 | 194 Pool-1-worker-87 | DEBUG | d.t.c.a.a.c.u.util.UserUtilService   : Save 4 users to database. Done
    23:44:47.895 | 194 Pool-1-worker-87 | INFO  | i.z.t.d.l.EmbeddedDatabaseReporter   : JDBC URL to connect to 'dataSource': url='jdbc:h2:tcp://localhost:41063/mem:df70fc46-7e57-4cb5-9cd0-c1d90c14afa7;USER=sa', scope='EnforceRoleInExerciseTest#testAsEditorOfOtherCourse'
    23:44:47.897 | 194 Pool-1-worker-87 | DEBUG | d.t.c.a.a.c.s.f.ApiVersionFilter     : Adding Version to Request GET /api/test/testEnforceAtLeastEditorInExercise/1698
    23:44:47.899 | 194 Pool-1-worker-87 | WARN  | o.z.p.spring.common.AdviceTraits     : Forbidden: You are not allowed to access the Exercise with id 1698

  Starting logs for EnforceRoleInExerciseTest > testAsEditorOfOtherCourse(String, HttpStatus) [7] endpoint=testEnforceAtLeastInstructorInExerciseExplicit, expectedStatus=403 FORBIDDEN
    23:44:47.916 | 194 Pool-1-worker-87 | DEBUG | d.t.c.a.a.c.u.util.UserUtilService   : Generate 1 students...
    23:44:47.919 | 194 Pool-1-worker-87 | DEBUG | d.t.c.a.a.c.u.util.UserUtilService   : 1 students generated. Generate 1 tutors...
    23:44:47.921 | 194 Pool-1-worker-87 | DEBUG | d.t.c.a.a.c.u.util.UserUtilService   : 1 tutors generated. Generate 1 editors...
    23:44:47.924 | 194 Pool-1-worker-87 | DEBUG | d.t.c.a.a.c.u.util.UserUtilService   : 1 editors generated. Generate 1 instructors...
    23:44:47.927 | 194 Pool-1-worker-87 | DEBUG | d.t.c.a.a.c.u.util.UserUtilService   : 1 instructors generated
    23:44:47.929 | 194 Pool-1-worker-87 | DEBUG | d.t.c.a.a.c.u.util.UserUtilService   : Removing 8 users from all courses...
    23:44:47.931 | 194 Pool-1-worker-87 | DEBUG | d.t.c.a.a.c.u.util.UserUtilService   : Removing 8 users from all courses. Done
    23:44:47.931 | 194 Pool-1-worker-87 | DEBUG | d.t.c.a.a.c.u.util.UserUtilService   : Save 4 users to database...
    23:44:47.935 | 194 Pool-1-worker-87 | DEBUG | d.t.c.a.a.c.u.util.UserUtilService   : Save 4 users to database. Done
    23:44:47.994 | 194 Pool-1-worker-87 | INFO  | i.z.t.d.l.EmbeddedDatabaseReporter   : JDBC URL to connect to 'dataSource': url='jdbc:h2:tcp://localhost:41063/mem:df70fc46-7e57-4cb5-9cd0-c1d90c14afa7;USER=sa', scope='EnforceRoleInExerciseTest#testAsEditorOfOtherCourse'
    23:44:47.995 | 194 Pool-1-worker-87 | DEBUG | d.t.c.a.a.c.s.f.ApiVersionFilter     : Adding Version to Request GET /api/test/testEnforceAtLeastInstructorInExerciseExplicit/1699
    23:44:48.001 | 194 Pool-1-worker-87 | WARN  | o.z.p.spring.common.AdviceTraits     : Forbidden: You are not allowed to access the Exercise with id 1699

  Starting logs for EnforceRoleInExerciseTest > testAsEditorOfOtherCourse(String, HttpStatus) [8] endpoint=testEnforceAtLeastInstructorInExercise, expectedStatus=403 FORBIDDEN
    23:44:48.037 | 194 Pool-1-worker-87 | DEBUG | d.t.c.a.a.c.u.util.UserUtilService   : Generate 1 students...
    23:44:48.044 | 194 Pool-1-worker-87 | DEBUG | d.t.c.a.a.c.u.util.UserUtilService   : 1 students generated. Generate 1 tutors...
    23:44:48.053 | 194 Pool-1-worker-87 | DEBUG | d.t.c.a.a.c.u.util.UserUtilService   : 1 tutors generated. Generate 1 editors...
    23:44:48.063 | 194 Pool-1-worker-87 | DEBUG | d.t.c.a.a.c.u.util.UserUtilService   : 1 editors generated. Generate 1 instructors...
    23:44:48.068 | 194 Pool-1-worker-87 | DEBUG | d.t.c.a.a.c.u.util.UserUtilService   : 1 instructors generated
    23:44:48.069 | 194 Pool-1-worker-87 | DEBUG | d.t.c.a.a.c.u.util.UserUtilService   : Removing 8 users from all courses...
    23:44:48.074 | 194 Pool-1-worker-87 | DEBUG | d.t.c.a.a.c.u.util.UserUtilService   : Removing 8 users from all courses. Done
    23:44:48.074 | 194 Pool-1-worker-87 | DEBUG | d.t.c.a.a.c.u.util.UserUtilService   : Save 4 users to database...
    23:44:48.084 | 194 Pool-1-worker-87 | DEBUG | d.t.c.a.a.c.u.util.UserUtilService   : Save 4 users to database. Done
    23:44:48.139 | 194 Pool-1-worker-87 | INFO  | i.z.t.d.l.EmbeddedDatabaseReporter   : JDBC URL to connect to 'dataSource': url='jdbc:h2:tcp://localhost:41063/mem:df70fc46-7e57-4cb5-9cd0-c1d90c14afa7;USER=sa', scope='EnforceRoleInExerciseTest#testAsEditorOfOtherCourse'
    23:44:48.141 | 194 Pool-1-worker-87 | DEBUG | d.t.c.a.a.c.s.f.ApiVersionFilter     : Adding Version to Request GET /api/test/testEnforceAtLeastInstructorInExercise/1700
    23:44:48.142 | 194 Pool-1-worker-87 | WARN  | o.z.p.spring.common.AdviceTraits     : Forbidden: Access Denied

  Starting logs for EnforceRoleInExerciseTest > testAsEditorOfOtherCourse(String, HttpStatus) [9] endpoint=testEnforceRoleInExerciseFieldName, expectedStatus=403 FORBIDDEN
    23:44:48.159 | 194 Pool-1-worker-87 | DEBUG | d.t.c.a.a.c.u.util.UserUtilService   : Generate 1 students...
    23:44:48.162 | 194 Pool-1-worker-87 | DEBUG | d.t.c.a.a.c.u.util.UserUtilService   : 1 students generated. Generate 1 tutors...
    23:44:48.165 | 194 Pool-1-worker-87 | DEBUG | d.t.c.a.a.c.u.util.UserUtilService   : 1 tutors generated. Generate 1 editors...
    23:44:48.168 | 194 Pool-1-worker-87 | DEBUG | d.t.c.a.a.c.u.util.UserUtilService   : 1 editors generated. Generate 1 instructors...
    23:44:48.170 | 194 Pool-1-worker-87 | DEBUG | d.t.c.a.a.c.u.util.UserUtilService   : 1 instructors generated
    23:44:48.172 | 194 Pool-1-worker-87 | DEBUG | d.t.c.a.a.c.u.util.UserUtilService   : Removing 8 users from all courses...
    23:44:48.174 | 194 Pool-1-worker-87 | DEBUG | d.t.c.a.a.c.u.util.UserUtilService   : Removing 8 users from all courses. Done
    23:44:48.174 | 194 Pool-1-worker-87 | DEBUG | d.t.c.a.a.c.u.util.UserUtilService   : Save 4 users to database...
    23:44:48.178 | 194 Pool-1-worker-87 | DEBUG | d.t.c.a.a.c.u.util.UserUtilService   : Save 4 users to database. Done
    23:44:48.212 | 194 Pool-1-worker-87 | INFO  | i.z.t.d.l.EmbeddedDatabaseReporter   : JDBC URL to connect to 'dataSource': url='jdbc:h2:tcp://localhost:41063/mem:df70fc46-7e57-4cb5-9cd0-c1d90c14afa7;USER=sa', scope='EnforceRoleInExerciseTest#testAsEditorOfOtherCourse'
    23:44:48.213 | 194 Pool-1-worker-87 | DEBUG | d.t.c.a.a.c.s.f.ApiVersionFilter     : Adding Version to Request GET /api/test/testEnforceRoleInExerciseFieldName/1701
    23:44:48.215 | 194 Pool-1-worker-87 | WARN  | o.z.p.spring.common.AdviceTraits     : Forbidden: You are not allowed to access the Exercise with id 1701

  Starting logs for EnforceRoleInExerciseTest > testAsEditorOfOtherCourse(String, HttpStatus) [10] endpoint=testEnforceAtLeastStudentInExerciseFieldName, expectedStatus=403 FORBIDDEN
    23:44:48.242 | 194 Pool-1-worker-87 | DEBUG | d.t.c.a.a.c.u.util.UserUtilService   : Generate 1 students...
    23:44:48.246 | 194 Pool-1-worker-87 | DEBUG | d.t.c.a.a.c.u.util.UserUtilService   : 1 students generated. Generate 1 tutors...
    23:44:48.248 | 194 Pool-1-worker-87 | DEBUG | d.t.c.a.a.c.u.util.UserUtilService   : 1 tutors generated. Generate 1 editors...
    23:44:48.251 | 194 Pool-1-worker-87 | DEBUG | d.t.c.a.a.c.u.util.UserUtilService   : 1 editors generated. Generate 1 instructors...
    23:44:48.254 | 194 Pool-1-worker-87 | DEBUG | d.t.c.a.a.c.u.util.UserUtilService   : 1 instructors generated
    23:44:48.255 | 194 Pool-1-worker-87 | DEBUG | d.t.c.a.a.c.u.util.UserUtilService   : Removing 8 users from all courses...
    23:44:48.257 | 194 Pool-1-worker-87 | DEBUG | d.t.c.a.a.c.u.util.UserUtilService   : Removing 8 users from all courses. Done
    23:44:48.257 | 194 Pool-1-worker-87 | DEBUG | d.t.c.a.a.c.u.util.UserUtilService   : Save 4 users to database...
    23:44:48.260 | 194 Pool-1-worker-87 | DEBUG | d.t.c.a.a.c.u.util.UserUtilService   : Save 4 users to database. Done
    23:44:48.317 | 194 Pool-1-worker-87 | INFO  | i.z.t.d.l.EmbeddedDatabaseReporter   : JDBC URL to connect to 'dataSource': url='jdbc:h2:tcp://localhost:41063/mem:df70fc46-7e57-4cb5-9cd0-c1d90c14afa7;USER=sa', scope='EnforceRoleInExerciseTest#testAsEditorOfOtherCourse'
    23:44:48.319 | 194 Pool-1-worker-87 | DEBUG | d.t.c.a.a.c.s.f.ApiVersionFilter     : Adding Version to Request GET /api/test/testEnforceAtLeastStudentInExerciseFieldName/1702
    23:44:48.321 | 194 Pool-1-worker-87 | WARN  | o.z.p.spring.common.AdviceTraits     : Forbidden: You are not allowed to access the Exercise with id 1702

  Starting logs for EnforceRoleInExerciseTest > testAsEditorOfOtherCourse(String, HttpStatus) [11] endpoint=testEnforceAtLeastTutorInExerciseFieldName, expectedStatus=403 FORBIDDEN
    23:44:48.345 | 194 Pool-1-worker-87 | DEBUG | d.t.c.a.a.c.u.util.UserUtilService   : Generate 1 students...
    23:44:48.348 | 194 Pool-1-worker-87 | DEBUG | d.t.c.a.a.c.u.util.UserUtilService   : 1 students generated. Generate 1 tutors...
    23:44:48.351 | 194 Pool-1-worker-87 | DEBUG | d.t.c.a.a.c.u.util.UserUtilService   : 1 tutors generated. Generate 1 editors...
    23:44:48.353 | 194 Pool-1-worker-87 | DEBUG | d.t.c.a.a.c.u.util.UserUtilService   : 1 editors generated. Generate 1 instructors...
    23:44:48.356 | 194 Pool-1-worker-87 | DEBUG | d.t.c.a.a.c.u.util.UserUtilService   : 1 instructors generated
    23:44:48.358 | 194 Pool-1-worker-87 | DEBUG | d.t.c.a.a.c.u.util.UserUtilService   : Removing 8 users from all courses...
    23:44:48.359 | 194 Pool-1-worker-87 | DEBUG | d.t.c.a.a.c.u.util.UserUtilService   : Removing 8 users from all courses. Done
    23:44:48.359 | 194 Pool-1-worker-87 | DEBUG | d.t.c.a.a.c.u.util.UserUtilService   : Save 4 users to database...
    23:44:48.362 | 194 Pool-1-worker-87 | DEBUG | d.t.c.a.a.c.u.util.UserUtilService   : Save 4 users to database. Done
    23:44:48.403 | 194 Pool-1-worker-87 | INFO  | i.z.t.d.l.EmbeddedDatabaseReporter   : JDBC URL to connect to 'dataSource': url='jdbc:h2:tcp://localhost:41063/mem:df70fc46-7e57-4cb5-9cd0-c1d90c14afa7;USER=sa', scope='EnforceRoleInExerciseTest#testAsEditorOfOtherCourse'
    23:44:48.404 | 194 Pool-1-worker-87 | DEBUG | d.t.c.a.a.c.s.f.ApiVersionFilter     : Adding Version to Request GET /api/test/testEnforceAtLeastTutorInExerciseFieldName/1703
    23:44:48.406 | 194 Pool-1-worker-87 | WARN  | o.z.p.spring.common.AdviceTraits     : Forbidden: You are not allowed to access the Exercise with id 1703

  Starting logs for EnforceRoleInExerciseTest > testAsEditorOfOtherCourse(String, HttpStatus) [12] endpoint=testEnforceAtLeastEditorInExerciseFieldName, expectedStatus=403 FORBIDDEN
    23:44:48.422 | 194 Pool-1-worker-87 | DEBUG | d.t.c.a.a.c.u.util.UserUtilService   : Generate 1 students...
    23:44:48.425 | 194 Pool-1-worker-87 | DEBUG | d.t.c.a.a.c.u.util.UserUtilService   : 1 students generated. Generate 1 tutors...
    23:44:48.428 | 194 Pool-1-worker-87 | DEBUG | d.t.c.a.a.c.u.util.UserUtilService   : 1 tutors generated. Generate 1 editors...
    23:44:48.430 | 194 Pool-1-worker-87 | DEBUG | d.t.c.a.a.c.u.util.UserUtilService   : 1 editors generated. Generate 1 instructors...
    23:44:48.433 | 194 Pool-1-worker-87 | DEBUG | d.t.c.a.a.c.u.util.UserUtilService   : 1 instructors generated
    23:44:48.435 | 194 Pool-1-worker-87 | DEBUG | d.t.c.a.a.c.u.util.UserUtilService   : Removing 8 users from all courses...
    23:44:48.436 | 194 Pool-1-worker-87 | DEBUG | d.t.c.a.a.c.u.util.UserUtilService   : Removing 8 users from all courses. Done
    23:44:48.436 | 194 Pool-1-worker-87 | DEBUG | d.t.c.a.a.c.u.util.UserUtilService   : Save 4 users to database...
    23:44:48.440 | 194 Pool-1-worker-87 | DEBUG | d.t.c.a.a.c.u.util.UserUtilService   : Save 4 users to database. Done
    23:44:48.473 | 194 Pool-1-worker-87 | INFO  | i.z.t.d.l.EmbeddedDatabaseReporter   : JDBC URL to connect to 'dataSource': url='jdbc:h2:tcp://localhost:41063/mem:df70fc46-7e57-4cb5-9cd0-c1d90c14afa7;USER=sa', scope='EnforceRoleInExerciseTest#testAsEditorOfOtherCourse'
    23:44:48.474 | 194 Pool-1-worker-87 | DEBUG | d.t.c.a.a.c.s.f.ApiVersionFilter     : Adding Version to Request GET /api/test/testEnforceAtLeastEditorInExerciseFieldName/1704
    23:44:48.477 | 194 Pool-1-worker-87 | WARN  | o.z.p.spring.common.AdviceTraits     : Forbidden: You are not allowed to access the Exercise with id 1704

  Starting logs for EnforceRoleInExerciseTest > testAsEditorOfOtherCourse(String, HttpStatus) [13] endpoint=testEnforceAtLeastInstructorInExerciseFieldName, expectedStatus=403 FORBIDDEN
    23:44:48.492 | 194 Pool-1-worker-87 | DEBUG | d.t.c.a.a.c.u.util.UserUtilService   : Generate 1 students...
    23:44:48.494 | 194 Pool-1-worker-87 | DEBUG | d.t.c.a.a.c.u.util.UserUtilService   : 1 students generated. Generate 1 tutors...
    23:44:48.497 | 194 Pool-1-worker-87 | DEBUG | d.t.c.a.a.c.u.util.UserUtilService   : 1 tutors generated. Generate 1 editors...
    23:44:48.500 | 194 Pool-1-worker-87 | DEBUG | d.t.c.a.a.c.u.util.UserUtilService   : 1 editors generated. Generate 1 instructors...
    23:44:48.502 | 194 Pool-1-worker-87 | DEBUG | d.t.c.a.a.c.u.util.UserUtilService   : 1 instructors generated
    23:44:48.504 | 194 Pool-1-worker-87 | DEBUG | d.t.c.a.a.c.u.util.UserUtilService   : Removing 8 users from all courses...
    23:44:48.505 | 194 Pool-1-worker-87 | DEBUG | d.t.c.a.a.c.u.util.UserUtilService   : Removing 8 users from all courses. Done
    23:44:48.505 | 194 Pool-1-worker-87 | DEBUG | d.t.c.a.a.c.u.util.UserUtilService   : Save 4 users to database...
    23:44:48.509 | 194 Pool-1-worker-87 | DEBUG | d.t.c.a.a.c.u.util.UserUtilService   : Save 4 users to database. Done
    23:44:48.540 | 194 Pool-1-worker-87 | INFO  | i.z.t.d.l.EmbeddedDatabaseReporter   : JDBC URL to connect to 'dataSource': url='jdbc:h2:tcp://localhost:41063/mem:df70fc46-7e57-4cb5-9cd0-c1d90c14afa7;USER=sa', scope='EnforceRoleInExerciseTest#testAsEditorOfOtherCourse'
    23:44:48.541 | 194 Pool-1-worker-87 | DEBUG | d.t.c.a.a.c.s.f.ApiVersionFilter     : Adding Version to Request GET /api/test/testEnforceAtLeastInstructorInExerciseFieldName/1705
    23:44:48.543 | 194 Pool-1-worker-87 | WARN  | o.z.p.spring.common.AdviceTraits     : Forbidden: Access Denied

  Starting logs for EnforceRoleInExerciseTest > testAsTutorOfOtherCourse(String, HttpStatus) [1] endpoint=testEnforceAtLeastStudentInExerciseExplicit, expectedStatus=403 FORBIDDEN
    23:44:48.560 | 194 Pool-1-worker-87 | DEBUG | d.t.c.a.a.c.u.util.UserUtilService   : Generate 1 students...
    23:44:48.563 | 194 Pool-1-worker-87 | DEBUG | d.t.c.a.a.c.u.util.UserUtilService   : 1 students generated. Generate 1 tutors...
    23:44:48.566 | 194 Pool-1-worker-87 | DEBUG | d.t.c.a.a.c.u.util.UserUtilService   : 1 tutors generated. Generate 1 editors...
    23:44:48.569 | 194 Pool-1-worker-87 | DEBUG | d.t.c.a.a.c.u.util.UserUtilService   : 1 editors generated. Generate 1 instructors...
    23:44:48.571 | 194 Pool-1-worker-87 | DEBUG | d.t.c.a.a.c.u.util.UserUtilService   : 1 instructors generated
    23:44:48.573 | 194 Pool-1-worker-87 | DEBUG | d.t.c.a.a.c.u.util.UserUtilService   : Removing 8 users from all courses...
    23:44:48.575 | 194 Pool-1-worker-87 | DEBUG | d.t.c.a.a.c.u.util.UserUtilService   : Removing 8 users from all courses. Done
    23:44:48.575 | 194 Pool-1-worker-87 | DEBUG | d.t.c.a.a.c.u.util.UserUtilService   : Save 4 users to database...
    23:44:48.579 | 194 Pool-1-worker-87 | DEBUG | d.t.c.a.a.c.u.util.UserUtilService   : Save 4 users to database. Done
    23:44:48.612 | 194 Pool-1-worker-87 | INFO  | i.z.t.d.l.EmbeddedDatabaseReporter   : JDBC URL to connect to 'dataSource': url='jdbc:h2:tcp://localhost:41063/mem:df70fc46-7e57-4cb5-9cd0-c1d90c14afa7;USER=sa', scope='EnforceRoleInExerciseTest#testAsTutorOfOtherCourse'
    23:44:48.613 | 194 Pool-1-worker-87 | DEBUG | d.t.c.a.a.c.s.f.ApiVersionFilter     : Adding Version to Request GET /api/test/testEnforceAtLeastStudentInExerciseExplicit/1706
    23:44:48.616 | 194 Pool-1-worker-87 | WARN  | o.z.p.spring.common.AdviceTraits     : Forbidden: You are not allowed to access the Exercise with id 1706

  Starting logs for EnforceRoleInExerciseTest > testAsTutorOfOtherCourse(String, HttpStatus) [2] endpoint=testEnforceAtLeastStudentInExercise, expectedStatus=403 FORBIDDEN
    23:44:48.633 | 194 Pool-1-worker-87 | DEBUG | d.t.c.a.a.c.u.util.UserUtilService   : Generate 1 students...
    23:44:48.635 | 194 Pool-1-worker-87 | DEBUG | d.t.c.a.a.c.u.util.UserUtilService   : 1 students generated. Generate 1 tutors...
    23:44:48.638 | 194 Pool-1-worker-87 | DEBUG | d.t.c.a.a.c.u.util.UserUtilService   : 1 tutors generated. Generate 1 editors...
    23:44:48.641 | 194 Pool-1-worker-87 | DEBUG | d.t.c.a.a.c.u.util.UserUtilService   : 1 editors generated. Generate 1 instructors...
    23:44:48.643 | 194 Pool-1-worker-87 | DEBUG | d.t.c.a.a.c.u.util.UserUtilService   : 1 instructors generated
    23:44:48.645 | 194 Pool-1-worker-87 | DEBUG | d.t.c.a.a.c.u.util.UserUtilService   : Removing 8 users from all courses...
    23:44:48.646 | 194 Pool-1-worker-87 | DEBUG | d.t.c.a.a.c.u.util.UserUtilService   : Removing 8 users from all courses. Done
    23:44:48.646 | 194 Pool-1-worker-87 | DEBUG | d.t.c.a.a.c.u.util.UserUtilService   : Save 4 users to database...
    23:44:48.650 | 194 Pool-1-worker-87 | DEBUG | d.t.c.a.a.c.u.util.UserUtilService   : Save 4 users to database. Done
    23:44:48.711 | 194 Pool-1-worker-87 | INFO  | i.z.t.d.l.EmbeddedDatabaseReporter   : JDBC URL to connect to 'dataSource': url='jdbc:h2:tcp://localhost:41063/mem:df70fc46-7e57-4cb5-9cd0-c1d90c14afa7;USER=sa', scope='EnforceRoleInExerciseTest#testAsTutorOfOtherCourse'
    23:44:48.713 | 194 Pool-1-worker-87 | DEBUG | d.t.c.a.a.c.s.f.ApiVersionFilter     : Adding Version to Request GET /api/test/testEnforceAtLeastStudentInExercise/1707
    23:44:48.715 | 194 Pool-1-worker-87 | WARN  | o.z.p.spring.common.AdviceTraits     : Forbidden: You are not allowed to access the Exercise with id 1707

  Starting logs for EnforceRoleInExerciseTest > testAsTutorOfOtherCourse(String, HttpStatus) [3] endpoint=testEnforceAtLeastTutorInExerciseExplicit, expectedStatus=403 FORBIDDEN
    23:44:48.730 | 194 Pool-1-worker-87 | DEBUG | d.t.c.a.a.c.u.util.UserUtilService   : Generate 1 students...
    23:44:48.733 | 194 Pool-1-worker-87 | DEBUG | d.t.c.a.a.c.u.util.UserUtilService   : 1 students generated. Generate 1 tutors...
    23:44:48.736 | 194 Pool-1-worker-87 | DEBUG | d.t.c.a.a.c.u.util.UserUtilService   : 1 tutors generated. Generate 1 editors...
    23:44:48.738 | 194 Pool-1-worker-87 | DEBUG | d.t.c.a.a.c.u.util.UserUtilService   : 1 editors generated. Generate 1 instructors...
    23:44:48.741 | 194 Pool-1-worker-87 | DEBUG | d.t.c.a.a.c.u.util.UserUtilService   : 1 instructors generated
    23:44:48.743 | 194 Pool-1-worker-87 | DEBUG | d.t.c.a.a.c.u.util.UserUtilService   : Removing 8 users from all courses...
    23:44:48.744 | 194 Pool-1-worker-87 | DEBUG | d.t.c.a.a.c.u.util.UserUtilService   : Removing 8 users from all courses. Done
    23:44:48.744 | 194 Pool-1-worker-87 | DEBUG | d.t.c.a.a.c.u.util.UserUtilService   : Save 4 users to database...
    23:44:48.748 | 194 Pool-1-worker-87 | DEBUG | d.t.c.a.a.c.u.util.UserUtilService   : Save 4 users to database. Done
    23:44:48.780 | 194 Pool-1-worker-87 | INFO  | i.z.t.d.l.EmbeddedDatabaseReporter   : JDBC URL to connect to 'dataSource': url='jdbc:h2:tcp://localhost:41063/mem:df70fc46-7e57-4cb5-9cd0-c1d90c14afa7;USER=sa', scope='EnforceRoleInExerciseTest#testAsTutorOfOtherCourse'
    23:44:48.782 | 194 Pool-1-worker-87 | DEBUG | d.t.c.a.a.c.s.f.ApiVersionFilter     : Adding Version to Request GET /api/test/testEnforceAtLeastTutorInExerciseExplicit/1708
    23:44:48.784 | 194 Pool-1-worker-87 | WARN  | o.z.p.spring.common.AdviceTraits     : Forbidden: You are not allowed to access the Exercise with id 1708

  Starting logs for EnforceRoleInExerciseTest > testAsTutorOfOtherCourse(String, HttpStatus) [4] endpoint=testEnforceAtLeastTutorInExercise, expectedStatus=403 FORBIDDEN
    23:44:48.801 | 194 Pool-1-worker-87 | DEBUG | d.t.c.a.a.c.u.util.UserUtilService   : Generate 1 students...
    23:44:48.804 | 194 Pool-1-worker-87 | DEBUG | d.t.c.a.a.c.u.util.UserUtilService   : 1 students generated. Generate 1 tutors...
    23:44:48.807 | 194 Pool-1-worker-87 | DEBUG | d.t.c.a.a.c.u.util.UserUtilService   : 1 tutors generated. Generate 1 editors...
    23:44:48.809 | 194 Pool-1-worker-87 | DEBUG | d.t.c.a.a.c.u.util.UserUtilService   : 1 editors generated. Generate 1 instructors...
    23:44:48.812 | 194 Pool-1-worker-87 | DEBUG | d.t.c.a.a.c.u.util.UserUtilService   : 1 instructors generated
    23:44:48.814 | 194 Pool-1-worker-87 | DEBUG | d.t.c.a.a.c.u.util.UserUtilService   : Removing 8 users from all courses...
    23:44:48.815 | 194 Pool-1-worker-87 | DEBUG | d.t.c.a.a.c.u.util.UserUtilService   : Removing 8 users from all courses. Done
    23:44:48.815 | 194 Pool-1-worker-87 | DEBUG | d.t.c.a.a.c.u.util.UserUtilService   : Save 4 users to database...
    23:44:48.819 | 194 Pool-1-worker-87 | DEBUG | d.t.c.a.a.c.u.util.UserUtilService   : Save 4 users to database. Done
    23:44:48.864 | 194 Pool-1-worker-87 | INFO  | i.z.t.d.l.EmbeddedDatabaseReporter   : JDBC URL to connect to 'dataSource': url='jdbc:h2:tcp://localhost:41063/mem:df70fc46-7e57-4cb5-9cd0-c1d90c14afa7;USER=sa', scope='EnforceRoleInExerciseTest#testAsTutorOfOtherCourse'
    23:44:48.865 | 194 Pool-1-worker-87 | DEBUG | d.t.c.a.a.c.s.f.ApiVersionFilter     : Adding Version to Request GET /api/test/testEnforceAtLeastTutorInExercise/1709
    23:44:48.870 | 194 Pool-1-worker-87 | WARN  | o.z.p.spring.common.AdviceTraits     : Forbidden: You are not allowed to access the Exercise with id 1709

  Starting logs for EnforceRoleInExerciseTest > testAsTutorOfOtherCourse(String, HttpStatus) [5] endpoint=testEnforceAtLeastEditorInExerciseExplicit, expectedStatus=403 FORBIDDEN
    23:44:48.898 | 194 Pool-1-worker-87 | DEBUG | d.t.c.a.a.c.u.util.UserUtilService   : Generate 1 students...
    23:44:48.901 | 194 Pool-1-worker-87 | DEBUG | d.t.c.a.a.c.u.util.UserUtilService   : 1 students generated. Generate 1 tutors...
    23:44:48.904 | 194 Pool-1-worker-87 | DEBUG | d.t.c.a.a.c.u.util.UserUtilService   : 1 tutors generated. Generate 1 editors...
    23:44:48.906 | 194 Pool-1-worker-87 | DEBUG | d.t.c.a.a.c.u.util.UserUtilService   : 1 editors generated. Generate 1 instructors...
    23:44:48.909 | 194 Pool-1-worker-87 | DEBUG | d.t.c.a.a.c.u.util.UserUtilService   : 1 instructors generated
    23:44:48.911 | 194 Pool-1-worker-87 | DEBUG | d.t.c.a.a.c.u.util.UserUtilService   : Removing 8 users from all courses...
    23:44:48.912 | 194 Pool-1-worker-87 | DEBUG | d.t.c.a.a.c.u.util.UserUtilService   : Removing 8 users from all courses. Done
    23:44:48.912 | 194 Pool-1-worker-87 | DEBUG | d.t.c.a.a.c.u.util.UserUtilService   : Save 4 users to database...
    23:44:48.916 | 194 Pool-1-worker-87 | DEBUG | d.t.c.a.a.c.u.util.UserUtilService   : Save 4 users to database. Done
    23:44:48.967 | 194 Pool-1-worker-87 | INFO  | i.z.t.d.l.EmbeddedDatabaseReporter   : JDBC URL to connect to 'dataSource': url='jdbc:h2:tcp://localhost:41063/mem:df70fc46-7e57-4cb5-9cd0-c1d90c14afa7;USER=sa', scope='EnforceRoleInExerciseTest#testAsTutorOfOtherCourse'
    23:44:48.968 | 194 Pool-1-worker-87 | DEBUG | d.t.c.a.a.c.s.f.ApiVersionFilter     : Adding Version to Request GET /api/test/testEnforceAtLeastEditorInExerciseExplicit/1710
    23:44:48.971 | 194 Pool-1-worker-87 | WARN  | o.z.p.spring.common.AdviceTraits     : Forbidden: You are not allowed to access the Exercise with id 1710

  Starting logs for EnforceRoleInExerciseTest > testAsTutorOfOtherCourse(String, HttpStatus) [6] endpoint=testEnforceAtLeastEditorInExercise, expectedStatus=403 FORBIDDEN
    23:44:48.989 | 194 Pool-1-worker-87 | DEBUG | d.t.c.a.a.c.u.util.UserUtilService   : Generate 1 students...
    23:44:48.992 | 194 Pool-1-worker-87 | DEBUG | d.t.c.a.a.c.u.util.UserUtilService   : 1 students generated. Generate 1 tutors...
    23:44:48.995 | 194 Pool-1-worker-87 | DEBUG | d.t.c.a.a.c.u.util.UserUtilService   : 1 tutors generated. Generate 1 editors...
    23:44:48.998 | 194 Pool-1-worker-87 | DEBUG | d.t.c.a.a.c.u.util.UserUtilService   : 1 editors generated. Generate 1 instructors...
    23:44:49.000 | 194 Pool-1-worker-87 | DEBUG | d.t.c.a.a.c.u.util.UserUtilService   : 1 instructors generated
    23:44:49.002 | 194 Pool-1-worker-87 | DEBUG | d.t.c.a.a.c.u.util.UserUtilService   : Removing 8 users from all courses...
    23:44:49.004 | 194 Pool-1-worker-87 | DEBUG | d.t.c.a.a.c.u.util.UserUtilService   : Removing 8 users from all courses. Done
    23:44:49.004 | 194 Pool-1-worker-87 | DEBUG | d.t.c.a.a.c.u.util.UserUtilService   : Save 4 users to database...
    23:44:49.008 | 194 Pool-1-worker-87 | DEBUG | d.t.c.a.a.c.u.util.UserUtilService   : Save 4 users to database. Done
    23:44:49.046 | 194 Pool-1-worker-87 | INFO  | i.z.t.d.l.EmbeddedDatabaseReporter   : JDBC URL to connect to 'dataSource': url='jdbc:h2:tcp://localhost:41063/mem:df70fc46-7e57-4cb5-9cd0-c1d90c14afa7;USER=sa', scope='EnforceRoleInExerciseTest#testAsTutorOfOtherCourse'
    23:44:49.047 | 194 Pool-1-worker-87 | DEBUG | d.t.c.a.a.c.s.f.ApiVersionFilter     : Adding Version to Request GET /api/test/testEnforceAtLeastEditorInExercise/1711
    23:44:49.052 | 194 Pool-1-worker-87 | WARN  | o.z.p.spring.common.AdviceTraits     : Forbidden: Access Denied

  Starting logs for EnforceRoleInExerciseTest > testAsTutorOfOtherCourse(String, HttpStatus) [7] endpoint=testEnforceAtLeastInstructorInExerciseExplicit, expectedStatus=403 FORBIDDEN
    23:44:49.083 | 194 Pool-1-worker-87 | DEBUG | d.t.c.a.a.c.u.util.UserUtilService   : Generate 1 students...
    23:44:49.087 | 194 Pool-1-worker-87 | DEBUG | d.t.c.a.a.c.u.util.UserUtilService   : 1 students generated. Generate 1 tutors...
    23:44:49.090 | 194 Pool-1-worker-87 | DEBUG | d.t.c.a.a.c.u.util.UserUtilService   : 1 tutors generated. Generate 1 editors...
    23:44:49.092 | 194 Pool-1-worker-87 | DEBUG | d.t.c.a.a.c.u.util.UserUtilService   : 1 editors generated. Generate 1 instructors...
    23:44:49.095 | 194 Pool-1-worker-87 | DEBUG | d.t.c.a.a.c.u.util.UserUtilService   : 1 instructors generated
    23:44:49.097 | 194 Pool-1-worker-87 | DEBUG | d.t.c.a.a.c.u.util.UserUtilService   : Removing 8 users from all courses...
    23:44:49.099 | 194 Pool-1-worker-87 | DEBUG | d.t.c.a.a.c.u.util.UserUtilService   : Removing 8 users from all courses. Done
    23:44:49.099 | 194 Pool-1-worker-87 | DEBUG | d.t.c.a.a.c.u.util.UserUtilService   : Save 4 users to database...
    23:44:49.104 | 194 Pool-1-worker-87 | DEBUG | d.t.c.a.a.c.u.util.UserUtilService   : Save 4 users to database. Done
    23:44:49.140 | 194 Pool-1-worker-87 | INFO  | i.z.t.d.l.EmbeddedDatabaseReporter   : JDBC URL to connect to 'dataSource': url='jdbc:h2:tcp://localhost:41063/mem:df70fc46-7e57-4cb5-9cd0-c1d90c14afa7;USER=sa', scope='EnforceRoleInExerciseTest#testAsTutorOfOtherCourse'
    23:44:49.141 | 194 Pool-1-worker-87 | DEBUG | d.t.c.a.a.c.s.f.ApiVersionFilter     : Adding Version to Request GET /api/test/testEnforceAtLeastInstructorInExerciseExplicit/1712
    23:44:49.144 | 194 Pool-1-worker-87 | WARN  | o.z.p.spring.common.AdviceTraits     : Forbidden: You are not allowed to access the Exercise with id 1712

  Starting logs for EnforceRoleInExerciseTest > testAsTutorOfOtherCourse(String, HttpStatus) [8] endpoint=testEnforceAtLeastInstructorInExercise, expectedStatus=403 FORBIDDEN
    23:44:49.161 | 194 Pool-1-worker-87 | DEBUG | d.t.c.a.a.c.u.util.UserUtilService   : Generate 1 students...
    23:44:49.164 | 194 Pool-1-worker-87 | DEBUG | d.t.c.a.a.c.u.util.UserUtilService   : 1 students generated. Generate 1 tutors...
    23:44:49.170 | 194 Pool-1-worker-87 | DEBUG | d.t.c.a.a.c.u.util.UserUtilService   : 1 tutors generated. Generate 1 editors...
    23:44:49.175 | 194 Pool-1-worker-87 | DEBUG | d.t.c.a.a.c.u.util.UserUtilService   : 1 editors generated. Generate 1 instructors...
    23:44:49.180 | 194 Pool-1-worker-87 | DEBUG | d.t.c.a.a.c.u.util.UserUtilService   : 1 instructors generated
    23:44:49.185 | 194 Pool-1-worker-87 | DEBUG | d.t.c.a.a.c.u.util.UserUtilService   : Removing 8 users from all courses...
    23:44:49.188 | 194 Pool-1-worker-87 | DEBUG | d.t.c.a.a.c.u.util.UserUtilService   : Removing 8 users from all courses. Done
    23:44:49.188 | 194 Pool-1-worker-87 | DEBUG | d.t.c.a.a.c.u.util.UserUtilService   : Save 4 users to database...
    23:44:49.198 | 194 Pool-1-worker-87 | DEBUG | d.t.c.a.a.c.u.util.UserUtilService   : Save 4 users to database. Done
    23:44:49.250 | 194 Pool-1-worker-87 | INFO  | i.z.t.d.l.EmbeddedDatabaseReporter   : JDBC URL to connect to 'dataSource': url='jdbc:h2:tcp://localhost:41063/mem:df70fc46-7e57-4cb5-9cd0-c1d90c14afa7;USER=sa', scope='EnforceRoleInExerciseTest#testAsTutorOfOtherCourse'
    23:44:49.251 | 194 Pool-1-worker-87 | DEBUG | d.t.c.a.a.c.s.f.ApiVersionFilter     : Adding Version to Request GET /api/test/testEnforceAtLeastInstructorInExercise/1713
    23:44:49.252 | 194 Pool-1-worker-87 | WARN  | o.z.p.spring.common.AdviceTraits     : Forbidden: Access Denied

  Starting logs for EnforceRoleInExerciseTest > testAsTutorOfOtherCourse(String, HttpStatus) [9] endpoint=testEnforceRoleInExerciseFieldName, expectedStatus=403 FORBIDDEN
    23:44:49.269 | 194 Pool-1-worker-87 | DEBUG | d.t.c.a.a.c.u.util.UserUtilService   : Generate 1 students...
    23:44:49.272 | 194 Pool-1-worker-87 | DEBUG | d.t.c.a.a.c.u.util.UserUtilService   : 1 students generated. Generate 1 tutors...
    23:44:49.278 | 194 Pool-1-worker-87 | DEBUG | d.t.c.a.a.c.u.util.UserUtilService   : 1 tutors generated. Generate 1 editors...
    23:44:49.284 | 194 Pool-1-worker-87 | DEBUG | d.t.c.a.a.c.u.util.UserUtilService   : 1 editors generated. Generate 1 instructors...
    23:44:49.291 | 194 Pool-1-worker-87 | DEBUG | d.t.c.a.a.c.u.util.UserUtilService   : 1 instructors generated
    23:44:49.296 | 194 Pool-1-worker-87 | DEBUG | d.t.c.a.a.c.u.util.UserUtilService   : Removing 8 users from all courses...
    23:44:49.297 | 194 Pool-1-worker-87 | DEBUG | d.t.c.a.a.c.u.util.UserUtilService   : Removing 8 users from all courses. Done
    23:44:49.297 | 194 Pool-1-worker-87 | DEBUG | d.t.c.a.a.c.u.util.UserUtilService   : Save 4 users to database...
    23:44:49.307 | 194 Pool-1-worker-87 | DEBUG | d.t.c.a.a.c.u.util.UserUtilService   : Save 4 users to database. Done
    23:44:49.348 | 194 Pool-1-worker-87 | INFO  | i.z.t.d.l.EmbeddedDatabaseReporter   : JDBC URL to connect to 'dataSource': url='jdbc:h2:tcp://localhost:41063/mem:df70fc46-7e57-4cb5-9cd0-c1d90c14afa7;USER=sa', scope='EnforceRoleInExerciseTest#testAsTutorOfOtherCourse'
    23:44:49.349 | 194 Pool-1-worker-87 | DEBUG | d.t.c.a.a.c.s.f.ApiVersionFilter     : Adding Version to Request GET /api/test/testEnforceRoleInExerciseFieldName/1714
    23:44:49.352 | 194 Pool-1-worker-87 | WARN  | o.z.p.spring.common.AdviceTraits     : Forbidden: You are not allowed to access the Exercise with id 1714

  Starting logs for EnforceRoleInExerciseTest > testAsTutorOfOtherCourse(String, HttpStatus) [10] endpoint=testEnforceAtLeastStudentInExerciseFieldName, expectedStatus=403 FORBIDDEN
    23:44:49.374 | 194 Pool-1-worker-87 | DEBUG | d.t.c.a.a.c.u.util.UserUtilService   : Generate 1 students...
    23:44:49.379 | 194 Pool-1-worker-87 | DEBUG | d.t.c.a.a.c.u.util.UserUtilService   : 1 students generated. Generate 1 tutors...
    23:44:49.386 | 194 Pool-1-worker-87 | DEBUG | d.t.c.a.a.c.u.util.UserUtilService   : 1 tutors generated. Generate 1 editors...
    23:44:49.392 | 194 Pool-1-worker-87 | DEBUG | d.t.c.a.a.c.u.util.UserUtilService   : 1 editors generated. Generate 1 instructors...
    23:44:49.397 | 194 Pool-1-worker-87 | DEBUG | d.t.c.a.a.c.u.util.UserUtilService   : 1 instructors generated
    23:44:49.402 | 194 Pool-1-worker-87 | DEBUG | d.t.c.a.a.c.u.util.UserUtilService   : Removing 8 users from all courses...
    23:44:49.404 | 194 Pool-1-worker-87 | DEBUG | d.t.c.a.a.c.u.util.UserUtilService   : Removing 8 users from all courses. Done
    23:44:49.404 | 194 Pool-1-worker-87 | DEBUG | d.t.c.a.a.c.u.util.UserUtilService   : Save 4 users to database...
    23:44:49.414 | 194 Pool-1-worker-87 | DEBUG | d.t.c.a.a.c.u.util.UserUtilService   : Save 4 users to database. Done
    23:44:49.490 | 194 Pool-1-worker-87 | INFO  | i.z.t.d.l.EmbeddedDatabaseReporter   : JDBC URL to connect to 'dataSource': url='jdbc:h2:tcp://localhost:41063/mem:df70fc46-7e57-4cb5-9cd0-c1d90c14afa7;USER=sa', scope='EnforceRoleInExerciseTest#testAsTutorOfOtherCourse'
    23:44:49.492 | 194 Pool-1-worker-87 | DEBUG | d.t.c.a.a.c.s.f.ApiVersionFilter     : Adding Version to Request GET /api/test/testEnforceAtLeastStudentInExerciseFieldName/1715
    23:44:49.496 | 194 Pool-1-worker-87 | WARN  | o.z.p.spring.common.AdviceTraits     : Forbidden: You are not allowed to access the Exercise with id 1715

  Starting logs for EnforceRoleInExerciseTest > testAsTutorOfOtherCourse(String, HttpStatus) [11] endpoint=testEnforceAtLeastTutorInExerciseFieldName, expectedStatus=403 FORBIDDEN
    23:44:49.526 | 194 Pool-1-worker-87 | DEBUG | d.t.c.a.a.c.u.util.UserUtilService   : Generate 1 students...
    23:44:49.534 | 194 Pool-1-worker-87 | DEBUG | d.t.c.a.a.c.u.util.UserUtilService   : 1 students generated. Generate 1 tutors...
    23:44:49.537 | 194 Pool-1-worker-87 | DEBUG | d.t.c.a.a.c.u.util.UserUtilService   : 1 tutors generated. Generate 1 editors...
    23:44:49.543 | 194 Pool-1-worker-87 | DEBUG | d.t.c.a.a.c.u.util.UserUtilService   : 1 editors generated. Generate 1 instructors...
    23:44:49.549 | 194 Pool-1-worker-87 | DEBUG | d.t.c.a.a.c.u.util.UserUtilService   : 1 instructors generated
    23:44:49.554 | 194 Pool-1-worker-87 | DEBUG | d.t.c.a.a.c.u.util.UserUtilService   : Removing 8 users from all courses...
    23:44:49.555 | 194 Pool-1-worker-87 | DEBUG | d.t.c.a.a.c.u.util.UserUtilService   : Removing 8 users from all courses. Done
    23:44:49.555 | 194 Pool-1-worker-87 | DEBUG | d.t.c.a.a.c.u.util.UserUtilService   : Save 4 users to database...
    23:44:49.561 | 194 Pool-1-worker-87 | DEBUG | d.t.c.a.a.c.u.util.UserUtilService   : Save 4 users to database. Done
    23:44:49.597 | 194 Pool-1-worker-87 | INFO  | i.z.t.d.l.EmbeddedDatabaseReporter   : JDBC URL to connect to 'dataSource': url='jdbc:h2:tcp://localhost:41063/mem:df70fc46-7e57-4cb5-9cd0-c1d90c14afa7;USER=sa', scope='EnforceRoleInExerciseTest#testAsTutorOfOtherCourse'
    23:44:49.598 | 194 Pool-1-worker-87 | DEBUG | d.t.c.a.a.c.s.f.ApiVersionFilter     : Adding Version to Request GET /api/test/testEnforceAtLeastTutorInExerciseFieldName/1716
    23:44:49.600 | 194 Pool-1-worker-87 | WARN  | o.z.p.spring.common.AdviceTraits     : Forbidden: You are not allowed to access the Exercise with id 1716

  Starting logs for EnforceRoleInExerciseTest > testAsTutorOfOtherCourse(String, HttpStatus) [12] endpoint=testEnforceAtLeastEditorInExerciseFieldName, expectedStatus=403 FORBIDDEN
    23:44:49.623 | 194 Pool-1-worker-87 | DEBUG | d.t.c.a.a.c.u.util.UserUtilService   : Generate 1 students...
    23:44:49.626 | 194 Pool-1-worker-87 | DEBUG | d.t.c.a.a.c.u.util.UserUtilService   : 1 students generated. Generate 1 tutors...
    23:44:49.629 | 194 Pool-1-worker-87 | DEBUG | d.t.c.a.a.c.u.util.UserUtilService   : 1 tutors generated. Generate 1 editors...
    23:44:49.632 | 194 Pool-1-worker-87 | DEBUG | d.t.c.a.a.c.u.util.UserUtilService   : 1 editors generated. Generate 1 instructors...
    23:44:49.635 | 194 Pool-1-worker-87 | DEBUG | d.t.c.a.a.c.u.util.UserUtilService   : 1 instructors generated
    23:44:49.637 | 194 Pool-1-worker-87 | DEBUG | d.t.c.a.a.c.u.util.UserUtilService   : Removing 8 users from all courses...
    23:44:49.638 | 194 Pool-1-worker-87 | DEBUG | d.t.c.a.a.c.u.util.UserUtilService   : Removing 8 users from all courses. Done
    23:44:49.638 | 194 Pool-1-worker-87 | DEBUG | d.t.c.a.a.c.u.util.UserUtilService   : Save 4 users to database...
    23:44:49.642 | 194 Pool-1-worker-87 | DEBUG | d.t.c.a.a.c.u.util.UserUtilService   : Save 4 users to database. Done
    23:44:49.757 | 194 Pool-1-worker-87 | INFO  | i.z.t.d.l.EmbeddedDatabaseReporter   : JDBC URL to connect to 'dataSource': url='jdbc:h2:tcp://localhost:41063/mem:df70fc46-7e57-4cb5-9cd0-c1d90c14afa7;USER=sa', scope='EnforceRoleInExerciseTest#testAsTutorOfOtherCourse'
    23:44:49.758 | 194 Pool-1-worker-87 | DEBUG | d.t.c.a.a.c.s.f.ApiVersionFilter     : Adding Version to Request GET /api/test/testEnforceAtLeastEditorInExerciseFieldName/1717
    23:44:49.760 | 194 Pool-1-worker-87 | WARN  | o.z.p.spring.common.AdviceTraits     : Forbidden: Access Denied

  Starting logs for EnforceRoleInExerciseTest > testAsTutorOfOtherCourse(String, HttpStatus) [13] endpoint=testEnforceAtLeastInstructorInExerciseFieldName, expectedStatus=403 FORBIDDEN
    23:44:49.777 | 194 Pool-1-worker-87 | DEBUG | d.t.c.a.a.c.u.util.UserUtilService   : Generate 1 students...
    23:44:49.779 | 194 Pool-1-worker-87 | DEBUG | d.t.c.a.a.c.u.util.UserUtilService   : 1 students generated. Generate 1 tutors...
    23:44:49.782 | 194 Pool-1-worker-87 | DEBUG | d.t.c.a.a.c.u.util.UserUtilService   : 1 tutors generated. Generate 1 editors...
    23:44:49.785 | 194 Pool-1-worker-87 | DEBUG | d.t.c.a.a.c.u.util.UserUtilService   : 1 editors generated. Generate 1 instructors...
    23:44:49.788 | 194 Pool-1-worker-87 | DEBUG | d.t.c.a.a.c.u.util.UserUtilService   : 1 instructors generated
    23:44:49.792 | 194 Pool-1-worker-87 | DEBUG | d.t.c.a.a.c.u.util.UserUtilService   : Removing 8 users from all courses...
    23:44:49.794 | 194 Pool-1-worker-87 | DEBUG | d.t.c.a.a.c.u.util.UserUtilService   : Removing 8 users from all courses. Done
    23:44:49.794 | 194 Pool-1-worker-87 | DEBUG | d.t.c.a.a.c.u.util.UserUtilService   : Save 4 users to database...
    23:44:49.799 | 194 Pool-1-worker-87 | DEBUG | d.t.c.a.a.c.u.util.UserUtilService   : Save 4 users to database. Done
    23:44:49.837 | 194 Pool-1-worker-87 | INFO  | i.z.t.d.l.EmbeddedDatabaseReporter   : JDBC URL to connect to 'dataSource': url='jdbc:h2:tcp://localhost:41063/mem:df70fc46-7e57-4cb5-9cd0-c1d90c14afa7;USER=sa', scope='EnforceRoleInExerciseTest#testAsTutorOfOtherCourse'
    23:44:49.838 | 194 Pool-1-worker-87 | DEBUG | d.t.c.a.a.c.s.f.ApiVersionFilter     : Adding Version to Request GET /api/test/testEnforceAtLeastInstructorInExerciseFieldName/1718
    23:44:49.840 | 194 Pool-1-worker-87 | WARN  | o.z.p.spring.common.AdviceTraits     : Forbidden: Access Denied

Finished logs for EnforceRoleInExerciseTest
]]></system-out>
  <system-err><![CDATA[]]></system-err>
</testsuite>
