<?xml version="1.0" encoding="UTF-8"?>
<testsuite name="de.tum.cit.aet.artemis.buildagent.architecture.BuildAgentServiceArchitectureTest" tests="5" skipped="0" failures="0" errors="0" timestamp="2025-02-14T23:39:18" hostname="fv-az1721-502" time="0.215">
  <properties/>
  <testcase name="testCorrectAsyncCalls()" classname="de.tum.cit.aet.artemis.buildagent.architecture.BuildAgentServiceArchitectureTest" time="0.015"/>
  <testcase name="shouldBeNamedService()" classname="de.tum.cit.aet.artemis.buildagent.architecture.BuildAgentServiceArchitectureTest" time="0.003"/>
  <testcase name="testCorrectServiceAnnotation()" classname="de.tum.cit.aet.artemis.buildagent.architecture.BuildAgentServiceArchitectureTest" time="0.016"/>
  <testcase name="shouldBeInServicePackage()" classname="de.tum.cit.aet.artemis.buildagent.architecture.BuildAgentServiceArchitectureTest" time="0.014"/>
  <testcase name="testNoWrongServiceImports()" classname="de.tum.cit.aet.artemis.buildagent.architecture.BuildAgentServiceArchitectureTest" time="0.162"/>
  <system-out><![CDATA[
Starting logs for BuildAgentServiceArchitectureTest

  Starting logs for BuildAgentServiceArchitectureTest > testCorrectAsyncCalls()

  Starting logs for BuildAgentServiceArchitectureTest > shouldBeNamedService()

  Starting logs for BuildAgentServiceArchitectureTest > testCorrectServiceAnnotation()

  Starting logs for BuildAgentServiceArchitectureTest > shouldBeInServicePackage()

  Starting logs for BuildAgentServiceArchitectureTest > testNoWrongServiceImports()

Finished logs for BuildAgentServiceArchitectureTest
]]></system-out>
  <system-err><![CDATA[]]></system-err>
</testsuite>
