<?xml version="1.0" encoding="UTF-8"?>
<testsuite name="de.tum.cit.aet.artemis.core.architecture.CoreCodeStyleArchitectureTest" tests="1" skipped="0" failures="0" errors="0" timestamp="2025-02-14T23:39:34" hostname="fv-az1721-502" time="0.013">
  <properties/>
  <testcase name="testDTOImplementations()" classname="de.tum.cit.aet.artemis.core.architecture.CoreCodeStyleArchitectureTest" time="0.013"/>
  <system-out><![CDATA[
Starting logs for CoreCodeStyleArchitectureTest

  Starting logs for CoreCodeStyleArchitectureTest > testDTOImplementations()
    23:39:34.355 |  27 nPool-1-worker-1 | INFO  | .a.s.a.m.AbstractModuleCodeStyleTest : Current number of DTO classes: 10
    23:39:34.355 |  27 nPool-1-worker-1 | INFO  | .a.s.a.m.AbstractModuleCodeStyleTest : Current DTO classes: [Class <de.tum.cit.aet.artemis.core.dto.AuditingEntityDTO> is no record in (AuditingEntityDTO.java:0), Class <de.tum.cit.aet.artemis.core.dto.CourseManagementOverviewExerciseStatisticsDTO> is no record in (CourseManagementOverviewExerciseStatisticsDTO.java:0), Class <de.tum.cit.aet.artemis.core.dto.SearchResultPageDTO> is no record in (SearchResultPageDTO.java:0), Class <de.tum.cit.aet.artemis.core.dto.StatsForDashboardDTO> is no record in (StatsForDashboardDTO.java:0), Class <de.tum.cit.aet.artemis.core.dto.UserDTO> is no record in (UserDTO.java:0), Class <de.tum.cit.aet.artemis.core.dto.UserPublicInfoDTO> is no record in (UserPublicInfoDTO.java:0), Class <de.tum.cit.aet.artemis.core.dto.pageablesearch.CompetencyPageableSearchDTO> is no record in (CompetencyPageableSearchDTO.java:0), Class <de.tum.cit.aet.artemis.core.dto.pageablesearch.PageableSearchDTO> is no record in (PageableSearchDTO.java:0), Class <de.tum.cit.aet.artemis.core.dto.pageablesearch.SearchTermPageableSearchDTO> is no record in (SearchTermPageableSearchDTO.java:0), Class <de.tum.cit.aet.artemis.core.dto.pageablesearch.UserPageableSearchDTO> is no record in (UserPageableSearchDTO.java:0)]
    23:39:34.360 |  27 nPool-1-worker-1 | INFO  | .a.s.a.m.AbstractModuleCodeStyleTest : Current number of DTOs that do not end with "DTO": 10
    23:39:34.360 |  27 nPool-1-worker-1 | INFO  | .a.s.a.m.AbstractModuleCodeStyleTest : Current DTOs that do not end with "DTO": [Class <de.tum.cit.aet.artemis.core.dto.CourseContentCount> does not have simple name ending with 'DTO' in (CourseContentCount.java:0), Class <de.tum.cit.aet.artemis.core.dto.CourseStatisticsAverageScore> does not have simple name ending with 'DTO' in (CourseStatisticsAverageScore.java:0), Class <de.tum.cit.aet.artemis.core.dto.DueDateStat> does not have simple name ending with 'DTO' in (DueDateStat.java:0), Class <de.tum.cit.aet.artemis.core.dto.LegalDocument> does not have simple name ending with 'DTO' in (LegalDocument.java:0), Class <de.tum.cit.aet.artemis.core.dto.SortingOrder> does not have simple name ending with 'DTO' in (SortingOrder.java:0), Class <de.tum.cit.aet.artemis.core.dto.StatisticsEntry> does not have simple name ending with 'DTO' in (StatisticsEntry.java:0), Class <de.tum.cit.aet.artemis.core.dto.vm.KeyAndPasswordVM> does not have simple name ending with 'DTO' in (KeyAndPasswordVM.java:0), Class <de.tum.cit.aet.artemis.core.dto.vm.LoggerVM> does not have simple name ending with 'DTO' in (LoggerVM.java:0), Class <de.tum.cit.aet.artemis.core.dto.vm.LoginVM> does not have simple name ending with 'DTO' in (LoginVM.java:0), Class <de.tum.cit.aet.artemis.core.dto.vm.ManagedUserVM> does not have simple name ending with 'DTO' in (ManagedUserVM.java:0)]

Finished logs for CoreCodeStyleArchitectureTest
]]></system-out>
  <system-err><![CDATA[]]></system-err>
</testsuite>
