<?xml version="1.0" encoding="UTF-8"?>
<testsuite name="de.tum.cit.aet.artemis.atlas.competency.CourseCompetencyIntegrationTest$GetCompetencyStudentProgress" tests="2" skipped="0" failures="0" errors="0" timestamp="2025-02-14T23:43:04" hostname="fv-az1721-502" time="0.74">
  <properties/>
  <testcase name="getCompetencyStudentProgressShouldReturnProgress()" classname="de.tum.cit.aet.artemis.atlas.competency.CourseCompetencyIntegrationTest$GetCompetencyStudentProgress" time="0.564"/>
  <testcase name="getCompetencyStudentProgressMultipleExercises()" classname="de.tum.cit.aet.artemis.atlas.competency.CourseCompetencyIntegrationTest$GetCompetencyStudentProgress" time="0.175"/>
  <system-out><![CDATA[
Starting logs for GetCompetencyStudentProgress

  Starting logs for GetCompetencyStudentProgress > getCompetencyStudentProgressShouldReturnProgress()
    23:43:04.492 | 120 Pool-1-worker-35 | DEBUG | d.t.c.a.a.c.u.util.UserUtilService   : Generate 2 students...
    23:43:04.499 | 120 Pool-1-worker-35 | DEBUG | d.t.c.a.a.c.u.util.UserUtilService   : 2 students generated. Generate 1 tutors...
    23:43:04.506 | 120 Pool-1-worker-35 | DEBUG | d.t.c.a.a.c.u.util.UserUtilService   : 1 tutors generated. Generate 1 editors...
    23:43:04.518 | 120 Pool-1-worker-35 | DEBUG | d.t.c.a.a.c.u.util.UserUtilService   : 1 editors generated. Generate 1 instructors...
    23:43:04.524 | 120 Pool-1-worker-35 | DEBUG | d.t.c.a.a.c.u.util.UserUtilService   : 1 instructors generated
    23:43:04.525 | 120 Pool-1-worker-35 | DEBUG | d.t.c.a.a.c.u.util.UserUtilService   : Removing 5 users from all courses...
    23:43:04.526 | 120 Pool-1-worker-35 | DEBUG | d.t.c.a.a.c.u.util.UserUtilService   : Removing 5 users from all courses. Done
    23:43:04.526 | 120 Pool-1-worker-35 | DEBUG | d.t.c.a.a.c.u.util.UserUtilService   : Save 5 users to database...
    23:43:04.540 | 120 Pool-1-worker-35 | DEBUG | d.t.c.a.a.c.u.util.UserUtilService   : Save 5 users to database. Done
    23:43:04.632 | 120 Pool-1-worker-35 | INFO  | i.z.t.d.l.EmbeddedDatabaseReporter   : JDBC URL to connect to 'dataSource': url='jdbc:h2:tcp://localhost:41063/mem:df70fc46-7e57-4cb5-9cd0-c1d90c14afa7;USER=sa', scope='GetCompetencyStudentProgress#getCompetencyStudentProgressShouldReturnProgress'
    23:43:04.635 | 566 localvc.event-13 | DEBUG | a.a.b.s.SharedQueueProcessingService : CIBuildJobQueueItem added to queue: BuildJobQueueItem[id=4821739576584632, name=SHORT433BAC4500363044960B6E10DFA0493471B2TSTEXC-LOCALCIINTSTUDENT1, buildAgent=BuildAgentDTO[name=null, memberAddress=null, displayName=null], participationId=482, courseId=154, exerciseId=305, retryCount=0, priority=2, status=null, repositoryInfo=RepositoryInfo[repositoryName=short433bac4500363044960b6e10dfa0493471b2tstexc-localciintstudent1, repositoryType=user, triggeredByPushTo=user, assignmentRepositoryUri=http://localhost:49152/git/SHORT433BAC4500363044960B6E10DFA0493471B2TSTEXC/short433bac4500363044960b6e10dfa0493471b2tstexc-localciintstudent1.git, testRepositoryUri=http://localhost:49152/git/SHORT433BAC4500363044960B6E10DFA0493471B2TSTEXC/short433bac4500363044960b6e10dfa0493471b2tstexc-tests.git, solutionRepositoryUri=null, auxiliaryRepositoryUris=[Ljava.lang.String;@3557fdcf, auxiliaryRepositoryCheckoutDirectories=[Ljava.lang.String;@1bb09f42], jobTimingInfo=JobTimingInfo[submissionDate=2025-02-14T23:43:04.632341258Z[Etc/UTC], buildStartDate=null, buildCompletionDate=null, estimatedCompletionDate=null, estimatedDuration=19], buildConfig=BuildConfig[buildScript=#!/bin/bash
cd /var/tmp/testing-dir
chmod +x ./gradlew
./gradlew clean test
, dockerImage=dummy-docker-image:latest, commitHashToBuild=8355c4f3cd5d3e0443707d3310206e460e333c6f, assignmentCommitHash=8355c4f3cd5d3e0443707d3310206e460e333c6f, testCommitHash=8355c4f3cd5d3e0443707d3310206e460e333c6f, branch=main, programmingLanguage=JAVA, projectType=PLAIN_GRADLE, scaEnabled=false, sequentialTestRunsEnabled=false, resultPaths=[/var/tmp/testing-dir/**/test-results/test/*.xml], timeoutSeconds=0, assignmentCheckoutPath=null, testCheckoutPath=null, solutionCheckoutPath=null, dockerRunConfig=null], submissionResult=null]
    23:43:04.637 | 566 localvc.event-13 | DEBUG | a.a.b.s.SharedQueueProcessingService : Current queued items: 1
    23:43:04.637 | 566 localvc.event-13 | DEBUG | a.a.b.s.SharedQueueProcessingService : Currently processing jobs on this node: 0, active threads in Pool: 0, maximum pool size of thread executor : 1
    23:43:04.637 | 566 localvc.event-13 | DEBUG | a.a.b.s.SharedQueueProcessingService : Currently processing jobs on this node: 0, active threads in Pool: 0, maximum pool size of thread executor : 1
    23:43:04.638 | 567 localvc.event-14 | DEBUG | a.p.s.l.LocalCIQueueWebsocketService : CIBuildJobQueueItem added to processing jobs: BuildJobQueueItem[id=4821739576584632, name=SHORT433BAC4500363044960B6E10DFA0493471B2TSTEXC-LOCALCIINTSTUDENT1, buildAgent=BuildAgentDTO[name=artemis-build-agent-test, memberAddress=[127.0.0.1]:5703, displayName=artemis-build-agent-test], participationId=482, courseId=154, exerciseId=305, retryCount=0, priority=2, status=null, repositoryInfo=RepositoryInfo[repositoryName=short433bac4500363044960b6e10dfa0493471b2tstexc-localciintstudent1, repositoryType=user, triggeredByPushTo=user, assignmentRepositoryUri=http://localhost:49152/git/SHORT433BAC4500363044960B6E10DFA0493471B2TSTEXC/short433bac4500363044960b6e10dfa0493471b2tstexc-localciintstudent1.git, testRepositoryUri=http://localhost:49152/git/SHORT433BAC4500363044960B6E10DFA0493471B2TSTEXC/short433bac4500363044960b6e10dfa0493471b2tstexc-tests.git, solutionRepositoryUri=null, auxiliaryRepositoryUris=[Ljava.lang.String;@39b89bf1, auxiliaryRepositoryCheckoutDirectories=[Ljava.lang.String;@3d87081e], jobTimingInfo=JobTimingInfo[submissionDate=2025-02-14T23:43:04.632341258Z[Etc/UTC], buildStartDate=2025-02-14T23:43:04.637633457Z[Etc/UTC], buildCompletionDate=null, estimatedCompletionDate=2025-02-14T23:43:23.637623879Z[Etc/UTC], estimatedDuration=19], buildConfig=BuildConfig[buildScript=#!/bin/bash
cd /var/tmp/testing-dir
chmod +x ./gradlew
./gradlew clean test
, dockerImage=dummy-docker-image:latest, commitHashToBuild=8355c4f3cd5d3e0443707d3310206e460e333c6f, assignmentCommitHash=8355c4f3cd5d3e0443707d3310206e460e333c6f, testCommitHash=8355c4f3cd5d3e0443707d3310206e460e333c6f, branch=main, programmingLanguage=JAVA, projectType=PLAIN_GRADLE, scaEnabled=false, sequentialTestRunsEnabled=false, resultPaths=[/var/tmp/testing-dir/**/test-results/test/*.xml], timeoutSeconds=0, assignmentCheckoutPath=null, testCheckoutPath=null, solutionCheckoutPath=null, dockerRunConfig=null], submissionResult=null]
    23:43:04.638 | 567 localvc.event-14 | DEBUG | s.l.LocalCIWebsocketMessagingService : Sending message on topic /topic/admin/running-jobs: [BuildJobQueueItem[id=4821739576584632, name=SHORT433BAC4500363044960B6E10DFA0493471B2TSTEXC-LOCALCIINTSTUDENT1, buildAgent=BuildAgentDTO[name=artemis-build-agent-test, memberAddress=[127.0.0.1]:5703, displayName=artemis-build-agent-test], participationId=482, courseId=154, exerciseId=305, retryCount=0, priority=2, status=null, repositoryInfo=RepositoryInfo[repositoryName=short433bac4500363044960b6e10dfa0493471b2tstexc-localciintstudent1, repositoryType=user, triggeredByPushTo=user, assignmentRepositoryUri=, testRepositoryUri=, solutionRepositoryUri=, auxiliaryRepositoryUris=null, auxiliaryRepositoryCheckoutDirectories=null], jobTimingInfo=JobTimingInfo[submissionDate=2025-02-14T23:43:04.632341258Z[Etc/UTC], buildStartDate=2025-02-14T23:43:04.637633457Z[Etc/UTC], buildCompletionDate=null, estimatedCompletionDate=2025-02-14T23:43:23.637623879Z[Etc/UTC], estimatedDuration=19], buildConfig=BuildConfig[buildScript=, dockerImage=, commitHashToBuild=8355c4f3cd5d3e0443707d3310206e460e333c6f, assignmentCommitHash=, testCommitHash=, branch=, programmingLanguage=null, projectType=null, scaEnabled=false, sequentialTestRunsEnabled=false, resultPaths=null, timeoutSeconds=0, assignmentCheckoutPath=, testCheckoutPath=, solutionCheckoutPath=, dockerRunConfig=null], submissionResult=null]]
    23:43:04.639 | 567 localvc.event-14 | DEBUG | s.l.LocalCIWebsocketMessagingService : Sending message on topic /topic/courses/154/running-jobs: [BuildJobQueueItem[id=4821739576584632, name=SHORT433BAC4500363044960B6E10DFA0493471B2TSTEXC-LOCALCIINTSTUDENT1, buildAgent=BuildAgentDTO[name=artemis-build-agent-test, memberAddress=[127.0.0.1]:5703, displayName=artemis-build-agent-test], participationId=482, courseId=154, exerciseId=305, retryCount=0, priority=2, status=null, repositoryInfo=RepositoryInfo[repositoryName=short433bac4500363044960b6e10dfa0493471b2tstexc-localciintstudent1, repositoryType=user, triggeredByPushTo=user, assignmentRepositoryUri=, testRepositoryUri=, solutionRepositoryUri=, auxiliaryRepositoryUris=null, auxiliaryRepositoryCheckoutDirectories=null], jobTimingInfo=JobTimingInfo[submissionDate=2025-02-14T23:43:04.632341258Z[Etc/UTC], buildStartDate=2025-02-14T23:43:04.637633457Z[Etc/UTC], buildCompletionDate=null, estimatedCompletionDate=2025-02-14T23:43:23.637623879Z[Etc/UTC], estimatedDuration=19], buildConfig=BuildConfig[buildScript=, dockerImage=, commitHashToBuild=8355c4f3cd5d3e0443707d3310206e460e333c6f, assignmentCommitHash=, testCommitHash=, branch=, programmingLanguage=null, projectType=null, scaEnabled=false, sequentialTestRunsEnabled=false, resultPaths=null, timeoutSeconds=0, assignmentCheckoutPath=, testCheckoutPath=, solutionCheckoutPath=, dockerRunConfig=null], submissionResult=null]]
    23:43:04.651 | 566 localvc.event-13 | INFO  | a.a.b.s.SharedQueueProcessingService : Processing build job: BuildJobQueueItem[id=4821739576584632, name=SHORT433BAC4500363044960B6E10DFA0493471B2TSTEXC-LOCALCIINTSTUDENT1, buildAgent=BuildAgentDTO[name=artemis-build-agent-test, memberAddress=[127.0.0.1]:5703, displayName=artemis-build-agent-test], participationId=482, courseId=154, exerciseId=305, retryCount=0, priority=2, status=null, repositoryInfo=RepositoryInfo[repositoryName=short433bac4500363044960b6e10dfa0493471b2tstexc-localciintstudent1, repositoryType=user, triggeredByPushTo=user, assignmentRepositoryUri=http://localhost:49152/git/SHORT433BAC4500363044960B6E10DFA0493471B2TSTEXC/short433bac4500363044960b6e10dfa0493471b2tstexc-localciintstudent1.git, testRepositoryUri=http://localhost:49152/git/SHORT433BAC4500363044960B6E10DFA0493471B2TSTEXC/short433bac4500363044960b6e10dfa0493471b2tstexc-tests.git, solutionRepositoryUri=null, auxiliaryRepositoryUris=[Ljava.lang.String;@3ffb332b, auxiliaryRepositoryCheckoutDirectories=[Ljava.lang.String;@71374e8d], jobTimingInfo=JobTimingInfo[submissionDate=2025-02-14T23:43:04.632341258Z[Etc/UTC], buildStartDate=2025-02-14T23:43:04.637633457Z[Etc/UTC], buildCompletionDate=null, estimatedCompletionDate=2025-02-14T23:43:23.637623879Z[Etc/UTC], estimatedDuration=19], buildConfig=BuildConfig[buildScript=#!/bin/bash
cd /var/tmp/testing-dir
chmod +x ./gradlew
./gradlew clean test
, dockerImage=dummy-docker-image:latest, commitHashToBuild=8355c4f3cd5d3e0443707d3310206e460e333c6f, assignmentCommitHash=8355c4f3cd5d3e0443707d3310206e460e333c6f, testCommitHash=8355c4f3cd5d3e0443707d3310206e460e333c6f, branch=main, programmingLanguage=JAVA, projectType=PLAIN_GRADLE, scaEnabled=false, sequentialTestRunsEnabled=false, resultPaths=[/var/tmp/testing-dir/**/test-results/test/*.xml], timeoutSeconds=0, assignmentCheckoutPath=null, testCheckoutPath=null, solutionCheckoutPath=null, dockerRunConfig=null], submissionResult=null]
    23:43:04.654 | 120 Pool-1-worker-35 | DEBUG | .c.s.m.InstanceMessageReceiveService : Received schedule participant score for exercise 600 and participant 87 (result to be deleted: null)
    23:43:04.654 | 120 Pool-1-worker-35 | DEBUG | .a.s.ParticipantScoreScheduleService : Scheduled task for exercise 600 and participant 87 at 2025-02-14T23:43:04.754829403Z[Etc/UTC].
    23:43:04.666 | 120 Pool-1-worker-35 | DEBUG | .c.s.m.InstanceMessageReceiveService : Received schedule participant score for exercise 600 and participant 87 (result to be deleted: null)
    23:43:04.666 | 120 Pool-1-worker-35 | DEBUG | .a.s.ParticipantScoreScheduleService : Scheduled task for exercise 600 and participant 87 at 2025-02-14T23:43:04.766387046Z[Etc/UTC].
    23:43:04.674 | 120 Pool-1-worker-35 | DEBUG | .c.s.m.InstanceMessageReceiveService : Received schedule participant score for exercise 600 and participant 87 (result to be deleted: null)
    23:43:04.674 | 120 Pool-1-worker-35 | DEBUG | .a.s.ParticipantScoreScheduleService : Scheduled task for exercise 600 and participant 87 at 2025-02-14T23:43:04.774741095Z[Etc/UTC].
    23:43:04.684 | 120 Pool-1-worker-35 | DEBUG | .c.s.m.InstanceMessageReceiveService : Received schedule participant score for exercise 600 and participant 87 (result to be deleted: null)
    23:43:04.684 | 120 Pool-1-worker-35 | DEBUG | .a.s.ParticipantScoreScheduleService : Scheduled task for exercise 600 and participant 87 at 2025-02-14T23:43:04.784706188Z[Etc/UTC].
    23:43:04.996 | 120 Pool-1-worker-35 | DEBUG | d.t.c.a.a.c.s.f.ApiVersionFilter     : Adding Version to Request GET /api/courses/645/course-competencies/172/student-progress
    23:43:05.002 | 120 Pool-1-worker-35 | DEBUG | t.c.a.a.a.w.CourseCompetencyResource : REST request to get student progress for competency: 172
    23:43:05.017 | 120 Pool-1-worker-35 | DEBUG | .a.a.a.s.c.CompetencyProgressService : Competency progress has been updated very recently, skipping.
    23:43:05.027 | 120 Pool-1-worker-35 | DEBUG | d.t.c.a.a.c.s.f.ApiVersionFilter     : Adding Version to Request GET /api/courses/645/course-competencies/172/student-progress
    23:43:05.030 | 120 Pool-1-worker-35 | DEBUG | t.c.a.a.a.w.CourseCompetencyResource : REST request to get student progress for competency: 172

  Starting logs for GetCompetencyStudentProgress > getCompetencyStudentProgressMultipleExercises()
    23:43:05.048 | 120 Pool-1-worker-35 | DEBUG | d.t.c.a.a.c.u.util.UserUtilService   : Generate 2 students...
    23:43:05.052 | 120 Pool-1-worker-35 | DEBUG | d.t.c.a.a.c.u.util.UserUtilService   : 2 students generated. Generate 1 tutors...
    23:43:05.055 | 120 Pool-1-worker-35 | DEBUG | d.t.c.a.a.c.u.util.UserUtilService   : 1 tutors generated. Generate 1 editors...
    23:43:05.058 | 120 Pool-1-worker-35 | DEBUG | d.t.c.a.a.c.u.util.UserUtilService   : 1 editors generated. Generate 1 instructors...
    23:43:05.061 | 120 Pool-1-worker-35 | DEBUG | d.t.c.a.a.c.u.util.UserUtilService   : 1 instructors generated
    23:43:05.062 | 120 Pool-1-worker-35 | DEBUG | d.t.c.a.a.c.u.util.UserUtilService   : Removing 5 users from all courses...
    23:43:05.063 | 120 Pool-1-worker-35 | DEBUG | d.t.c.a.a.c.u.util.UserUtilService   : Removing 5 users from all courses. Done
    23:43:05.063 | 120 Pool-1-worker-35 | DEBUG | d.t.c.a.a.c.u.util.UserUtilService   : Save 5 users to database...
    23:43:05.068 | 120 Pool-1-worker-35 | DEBUG | d.t.c.a.a.c.u.util.UserUtilService   : Save 5 users to database. Done
    23:43:05.126 | 120 Pool-1-worker-35 | INFO  | i.z.t.d.l.EmbeddedDatabaseReporter   : JDBC URL to connect to 'dataSource': url='jdbc:h2:tcp://localhost:41063/mem:df70fc46-7e57-4cb5-9cd0-c1d90c14afa7;USER=sa', scope='GetCompetencyStudentProgress#getCompetencyStudentProgressMultipleExercises'
    23:43:05.137 | 120 Pool-1-worker-35 | DEBUG | .c.s.m.InstanceMessageReceiveService : Received schedule participant score for exercise 605 and participant 87 (result to be deleted: null)
    23:43:05.137 | 120 Pool-1-worker-35 | DEBUG | .a.s.ParticipantScoreScheduleService : Cannot schedule task, because the service is not running
    23:43:05.145 | 120 Pool-1-worker-35 | DEBUG | .c.s.m.InstanceMessageReceiveService : Received schedule participant score for exercise 605 and participant 87 (result to be deleted: null)
    23:43:05.145 | 120 Pool-1-worker-35 | DEBUG | .a.s.ParticipantScoreScheduleService : Cannot schedule task, because the service is not running
    23:43:05.155 | 120 Pool-1-worker-35 | DEBUG | .c.s.m.InstanceMessageReceiveService : Received schedule participant score for exercise 607 and participant 87 (result to be deleted: null)
    23:43:05.155 | 120 Pool-1-worker-35 | DEBUG | .a.s.ParticipantScoreScheduleService : Cannot schedule task, because the service is not running
    23:43:05.162 | 120 Pool-1-worker-35 | DEBUG | .c.s.m.InstanceMessageReceiveService : Received schedule participant score for exercise 607 and participant 87 (result to be deleted: null)
    23:43:05.162 | 120 Pool-1-worker-35 | DEBUG | .a.s.ParticipantScoreScheduleService : Cannot schedule task, because the service is not running
    23:43:05.167 | 120 Pool-1-worker-35 | DEBUG | .c.s.m.InstanceMessageReceiveService : Received schedule participant score for exercise 608 and participant 87 (result to be deleted: null)
    23:43:05.167 | 120 Pool-1-worker-35 | DEBUG | .a.s.ParticipantScoreScheduleService : Cannot schedule task, because the service is not running
    23:43:05.177 | 120 Pool-1-worker-35 | DEBUG | .c.s.m.InstanceMessageReceiveService : Received schedule participant score for exercise 608 and participant 87 (result to be deleted: null)
    23:43:05.177 | 120 Pool-1-worker-35 | DEBUG | .a.s.ParticipantScoreScheduleService : Cannot schedule task, because the service is not running
    23:43:05.184 | 120 Pool-1-worker-35 | DEBUG | .c.s.m.InstanceMessageReceiveService : Received schedule participant score for exercise 609 and participant 87 (result to be deleted: null)
    23:43:05.185 | 120 Pool-1-worker-35 | DEBUG | .a.s.ParticipantScoreScheduleService : Cannot schedule task, because the service is not running
    23:43:05.193 | 120 Pool-1-worker-35 | DEBUG | .c.s.m.InstanceMessageReceiveService : Received schedule participant score for exercise 609 and participant 87 (result to be deleted: null)
    23:43:05.193 | 120 Pool-1-worker-35 | DEBUG | .a.s.ParticipantScoreScheduleService : Cannot schedule task, because the service is not running
    23:43:05.197 | 120 Pool-1-worker-35 | DEBUG | d.t.c.a.a.c.s.f.ApiVersionFilter     : Adding Version to Request GET /api/courses/647/course-competencies/173/student-progress
    23:43:05.198 | 120 Pool-1-worker-35 | DEBUG | t.c.a.a.a.w.CourseCompetencyResource : REST request to get student progress for competency: 173
    23:43:05.206 | 120 Pool-1-worker-35 | DEBUG | .a.a.a.s.c.CompetencyProgressService : Updated progress for user coursecompetencyintegrationteststudent1 in competency 173 to 54.0 / 1.3278688524590163.

Finished logs for GetCompetencyStudentProgress
]]></system-out>
  <system-err><![CDATA[]]></system-err>
</testsuite>
