<?xml version="1.0" encoding="UTF-8"?>
<testsuite name="de.tum.cit.aet.artemis.text.AssessmentEventIntegrationTest" tests="7" skipped="0" failures="0" errors="0" timestamp="2025-02-14T23:48:12" hostname="fv-az1721-502" time="0.319">
  <properties/>
  <testcase name="testAddSingleCompleteAssessmentEvent_withNotNullEventId()" classname="de.tum.cit.aet.artemis.text.AssessmentEventIntegrationTest" time="0.045"/>
  <testcase name="testAddSingleCompleteAssessmentEvent_withTutorNotInCourse()" classname="de.tum.cit.aet.artemis.text.AssessmentEventIntegrationTest" time="0.043"/>
  <testcase name="testAddSingleCompleteAssessmentEvent_withExampleSubmission()" classname="de.tum.cit.aet.artemis.text.AssessmentEventIntegrationTest" time="0.052"/>
  <testcase name="testGetNumberOfTutorsInvolvedInAssessingByExerciseAndCourseId()" classname="de.tum.cit.aet.artemis.text.AssessmentEventIntegrationTest" time="0.039"/>
  <testcase name="testAddMultipleCompleteAssessmentEvents()" classname="de.tum.cit.aet.artemis.text.AssessmentEventIntegrationTest" time="0.044"/>
  <testcase name="testGetAllEventsByCourseId()" classname="de.tum.cit.aet.artemis.text.AssessmentEventIntegrationTest" time="0.045"/>
  <testcase name="testAddSingleCompleteAssessmentEvent()" classname="de.tum.cit.aet.artemis.text.AssessmentEventIntegrationTest" time="0.042"/>
  <system-out><![CDATA[
Starting logs for AssessmentEventIntegrationTest

  Starting logs for AssessmentEventIntegrationTest > testAddSingleCompleteAssessmentEvent_withNotNullEventId()
    23:48:12.519 | 199 Pool-1-worker-92 | DEBUG | d.t.c.a.a.c.u.util.UserUtilService   : Generate 0 students...
    23:48:12.520 | 199 Pool-1-worker-92 | DEBUG | d.t.c.a.a.c.u.util.UserUtilService   : 0 students generated. Generate 1 tutors...
    23:48:12.522 | 199 Pool-1-worker-92 | DEBUG | d.t.c.a.a.c.u.util.UserUtilService   : 1 tutors generated. Generate 1 editors...
    23:48:12.524 | 199 Pool-1-worker-92 | DEBUG | d.t.c.a.a.c.u.util.UserUtilService   : 1 editors generated. Generate 1 instructors...
    23:48:12.526 | 199 Pool-1-worker-92 | DEBUG | d.t.c.a.a.c.u.util.UserUtilService   : 1 instructors generated
    23:48:12.529 | 199 Pool-1-worker-92 | DEBUG | d.t.c.a.a.c.u.util.UserUtilService   : Removing 4 users from all courses...
    23:48:12.530 | 199 Pool-1-worker-92 | DEBUG | d.t.c.a.a.c.u.util.UserUtilService   : Removing 4 users from all courses. Done
    23:48:12.530 | 199 Pool-1-worker-92 | DEBUG | d.t.c.a.a.c.u.util.UserUtilService   : Save 3 users to database...
    23:48:12.531 | 199 Pool-1-worker-92 | DEBUG | d.t.c.a.a.c.u.util.UserUtilService   : Save 3 users to database. Done
    23:48:12.545 | 199 Pool-1-worker-92 | INFO  | i.z.t.d.l.EmbeddedDatabaseReporter   : JDBC URL to connect to 'dataSource': url='jdbc:h2:tcp://localhost:41063/mem:df70fc46-7e57-4cb5-9cd0-c1d90c14afa7;USER=sa', scope='AssessmentEventIntegrationTest#testAddSingleCompleteAssessmentEvent_withNotNullEventId'
    23:48:12.547 | 199 Pool-1-worker-92 | DEBUG | d.t.c.a.a.c.s.f.ApiVersionFilter     : Adding Version to Request POST /api/event-insights/text-assessment/events
    23:48:12.549 | 199 Pool-1-worker-92 | DEBUG | .a.a.t.w.TextAssessmentEventResource : REST request to save assessmentEvent : TutorGroup{id=1, userId='731', timestamp=2025-02-14T23:48:12.545422012Z, event='EDIT_AUTOMATIC_FEEDBACK', feedbackType='AUTOMATIC', segmentType='AUTOMATIC', courseId='2977', textExerciseId='3763', submissionId='1866', participationId='3334'}

  Starting logs for AssessmentEventIntegrationTest > testAddSingleCompleteAssessmentEvent_withTutorNotInCourse()
    23:48:12.563 | 199 Pool-1-worker-92 | DEBUG | d.t.c.a.a.c.u.util.UserUtilService   : Generate 0 students...
    23:48:12.565 | 199 Pool-1-worker-92 | DEBUG | d.t.c.a.a.c.u.util.UserUtilService   : 0 students generated. Generate 1 tutors...
    23:48:12.568 | 199 Pool-1-worker-92 | DEBUG | d.t.c.a.a.c.u.util.UserUtilService   : 1 tutors generated. Generate 1 editors...
    23:48:12.570 | 199 Pool-1-worker-92 | DEBUG | d.t.c.a.a.c.u.util.UserUtilService   : 1 editors generated. Generate 1 instructors...
    23:48:12.573 | 199 Pool-1-worker-92 | DEBUG | d.t.c.a.a.c.u.util.UserUtilService   : 1 instructors generated
    23:48:12.575 | 199 Pool-1-worker-92 | DEBUG | d.t.c.a.a.c.u.util.UserUtilService   : Removing 3 users from all courses...
    23:48:12.576 | 199 Pool-1-worker-92 | DEBUG | d.t.c.a.a.c.u.util.UserUtilService   : Removing 3 users from all courses. Done
    23:48:12.576 | 199 Pool-1-worker-92 | DEBUG | d.t.c.a.a.c.u.util.UserUtilService   : Save 3 users to database...
    23:48:12.581 | 199 Pool-1-worker-92 | DEBUG | d.t.c.a.a.c.u.util.UserUtilService   : Save 3 users to database. Done
    23:48:12.592 | 199 Pool-1-worker-92 | INFO  | i.z.t.d.l.EmbeddedDatabaseReporter   : JDBC URL to connect to 'dataSource': url='jdbc:h2:tcp://localhost:41063/mem:df70fc46-7e57-4cb5-9cd0-c1d90c14afa7;USER=sa', scope='AssessmentEventIntegrationTest#testAddSingleCompleteAssessmentEvent_withTutorNotInCourse'
    23:48:12.593 | 199 Pool-1-worker-92 | DEBUG | d.t.c.a.a.c.s.f.ApiVersionFilter     : Adding Version to Request POST /api/event-insights/text-assessment/events
    23:48:12.593 | 199 Pool-1-worker-92 | DEBUG | .a.a.t.w.TextAssessmentEventResource : REST request to save assessmentEvent : TutorGroup{id=null, userId='732', timestamp=2025-02-14T23:48:12.592664971Z, event='EDIT_AUTOMATIC_FEEDBACK', feedbackType='AUTOMATIC', segmentType='AUTOMATIC', courseId='2978', textExerciseId='3764', submissionId='1867', participationId='3335'}

  Starting logs for AssessmentEventIntegrationTest > testAddSingleCompleteAssessmentEvent_withExampleSubmission()
    23:48:12.608 | 199 Pool-1-worker-92 | DEBUG | d.t.c.a.a.c.u.util.UserUtilService   : Generate 0 students...
    23:48:12.609 | 199 Pool-1-worker-92 | DEBUG | d.t.c.a.a.c.u.util.UserUtilService   : 0 students generated. Generate 1 tutors...
    23:48:12.612 | 199 Pool-1-worker-92 | DEBUG | d.t.c.a.a.c.u.util.UserUtilService   : 1 tutors generated. Generate 1 editors...
    23:48:12.615 | 199 Pool-1-worker-92 | DEBUG | d.t.c.a.a.c.u.util.UserUtilService   : 1 editors generated. Generate 1 instructors...
    23:48:12.617 | 199 Pool-1-worker-92 | DEBUG | d.t.c.a.a.c.u.util.UserUtilService   : 1 instructors generated
    23:48:12.620 | 199 Pool-1-worker-92 | DEBUG | d.t.c.a.a.c.u.util.UserUtilService   : Removing 3 users from all courses...
    23:48:12.621 | 199 Pool-1-worker-92 | DEBUG | d.t.c.a.a.c.u.util.UserUtilService   : Removing 3 users from all courses. Done
    23:48:12.621 | 199 Pool-1-worker-92 | DEBUG | d.t.c.a.a.c.u.util.UserUtilService   : Save 3 users to database...
    23:48:12.624 | 199 Pool-1-worker-92 | DEBUG | d.t.c.a.a.c.u.util.UserUtilService   : Save 3 users to database. Done
    23:48:12.636 | 199 Pool-1-worker-92 | INFO  | i.z.t.d.l.EmbeddedDatabaseReporter   : JDBC URL to connect to 'dataSource': url='jdbc:h2:tcp://localhost:41063/mem:df70fc46-7e57-4cb5-9cd0-c1d90c14afa7;USER=sa', scope='AssessmentEventIntegrationTest#testAddSingleCompleteAssessmentEvent_withExampleSubmission'
    23:48:12.637 | 199 Pool-1-worker-92 | DEBUG | d.t.c.a.a.c.s.f.ApiVersionFilter     : Adding Version to Request POST /api/event-insights/text-assessment/events
    23:48:12.638 | 199 Pool-1-worker-92 | DEBUG | .a.a.t.w.TextAssessmentEventResource : REST request to save assessmentEvent : TutorGroup{id=null, userId='731', timestamp=2025-02-14T23:48:12.636871747Z, event='EDIT_AUTOMATIC_FEEDBACK', feedbackType='AUTOMATIC', segmentType='AUTOMATIC', courseId='2979', textExerciseId='3765', submissionId='1868', participationId='3336'}

  Starting logs for AssessmentEventIntegrationTest > testGetNumberOfTutorsInvolvedInAssessingByExerciseAndCourseId()
    23:48:12.661 | 199 Pool-1-worker-92 | DEBUG | d.t.c.a.a.c.u.util.UserUtilService   : Generate 0 students...
    23:48:12.662 | 199 Pool-1-worker-92 | DEBUG | d.t.c.a.a.c.u.util.UserUtilService   : 0 students generated. Generate 1 tutors...
    23:48:12.665 | 199 Pool-1-worker-92 | DEBUG | d.t.c.a.a.c.u.util.UserUtilService   : 1 tutors generated. Generate 1 editors...
    23:48:12.668 | 199 Pool-1-worker-92 | DEBUG | d.t.c.a.a.c.u.util.UserUtilService   : 1 editors generated. Generate 1 instructors...
    23:48:12.671 | 199 Pool-1-worker-92 | DEBUG | d.t.c.a.a.c.u.util.UserUtilService   : 1 instructors generated
    23:48:12.673 | 199 Pool-1-worker-92 | DEBUG | d.t.c.a.a.c.u.util.UserUtilService   : Removing 3 users from all courses...
    23:48:12.674 | 199 Pool-1-worker-92 | DEBUG | d.t.c.a.a.c.u.util.UserUtilService   : Removing 3 users from all courses. Done
    23:48:12.674 | 199 Pool-1-worker-92 | DEBUG | d.t.c.a.a.c.u.util.UserUtilService   : Save 3 users to database...
    23:48:12.676 | 199 Pool-1-worker-92 | DEBUG | d.t.c.a.a.c.u.util.UserUtilService   : Save 3 users to database. Done
    23:48:12.687 | 199 Pool-1-worker-92 | INFO  | i.z.t.d.l.EmbeddedDatabaseReporter   : JDBC URL to connect to 'dataSource': url='jdbc:h2:tcp://localhost:41063/mem:df70fc46-7e57-4cb5-9cd0-c1d90c14afa7;USER=sa', scope='AssessmentEventIntegrationTest#testGetNumberOfTutorsInvolvedInAssessingByExerciseAndCourseId'
    23:48:12.688 | 199 Pool-1-worker-92 | DEBUG | d.t.c.a.a.c.s.f.ApiVersionFilter     : Adding Version to Request GET /api/event-insights/text-assessment/courses/2980/text-exercises/3766/tutors-involved
    23:48:12.690 | 199 Pool-1-worker-92 | DEBUG | .a.a.t.w.TextAssessmentEventResource : REST request to get number of tutors involved : 2

  Starting logs for AssessmentEventIntegrationTest > testAddMultipleCompleteAssessmentEvents()
    23:48:12.700 | 199 Pool-1-worker-92 | DEBUG | d.t.c.a.a.c.u.util.UserUtilService   : Generate 0 students...
    23:48:12.701 | 199 Pool-1-worker-92 | DEBUG | d.t.c.a.a.c.u.util.UserUtilService   : 0 students generated. Generate 1 tutors...
    23:48:12.703 | 199 Pool-1-worker-92 | DEBUG | d.t.c.a.a.c.u.util.UserUtilService   : 1 tutors generated. Generate 1 editors...
    23:48:12.705 | 199 Pool-1-worker-92 | DEBUG | d.t.c.a.a.c.u.util.UserUtilService   : 1 editors generated. Generate 1 instructors...
    23:48:12.708 | 199 Pool-1-worker-92 | DEBUG | d.t.c.a.a.c.u.util.UserUtilService   : 1 instructors generated
    23:48:12.709 | 199 Pool-1-worker-92 | DEBUG | d.t.c.a.a.c.u.util.UserUtilService   : Removing 3 users from all courses...
    23:48:12.709 | 199 Pool-1-worker-92 | DEBUG | d.t.c.a.a.c.u.util.UserUtilService   : Removing 3 users from all courses. Done
    23:48:12.709 | 199 Pool-1-worker-92 | DEBUG | d.t.c.a.a.c.u.util.UserUtilService   : Save 3 users to database...
    23:48:12.711 | 199 Pool-1-worker-92 | DEBUG | d.t.c.a.a.c.u.util.UserUtilService   : Save 3 users to database. Done
    23:48:12.719 | 199 Pool-1-worker-92 | INFO  | i.z.t.d.l.EmbeddedDatabaseReporter   : JDBC URL to connect to 'dataSource': url='jdbc:h2:tcp://localhost:41063/mem:df70fc46-7e57-4cb5-9cd0-c1d90c14afa7;USER=sa', scope='AssessmentEventIntegrationTest#testAddMultipleCompleteAssessmentEvents'
    23:48:12.720 | 199 Pool-1-worker-92 | DEBUG | d.t.c.a.a.c.s.f.ApiVersionFilter     : Adding Version to Request POST /api/event-insights/text-assessment/events
    23:48:12.720 | 199 Pool-1-worker-92 | DEBUG | .a.a.t.w.TextAssessmentEventResource : REST request to save assessmentEvent : TutorGroup{id=null, userId='731', timestamp=2025-02-14T23:48:12.719969233Z, event='EDIT_AUTOMATIC_FEEDBACK', feedbackType='AUTOMATIC', segmentType='AUTOMATIC', courseId='2981', textExerciseId='3767', submissionId='1870', participationId='3338'}
    23:48:12.722 | 199 Pool-1-worker-92 | DEBUG | d.t.c.a.a.c.s.f.ApiVersionFilter     : Adding Version to Request POST /api/event-insights/text-assessment/events
    23:48:12.722 | 199 Pool-1-worker-92 | DEBUG | .a.a.t.w.TextAssessmentEventResource : REST request to save assessmentEvent : TutorGroup{id=null, userId='731', timestamp=2025-02-14T23:48:12.719980935Z, event='DELETE_FEEDBACK', feedbackType='MANUAL', segmentType='AUTOMATIC', courseId='2981', textExerciseId='3767', submissionId='1870', participationId='3338'}
    23:48:12.724 | 199 Pool-1-worker-92 | DEBUG | d.t.c.a.a.c.s.f.ApiVersionFilter     : Adding Version to Request POST /api/event-insights/text-assessment/events
    23:48:12.724 | 199 Pool-1-worker-92 | DEBUG | .a.a.t.w.TextAssessmentEventResource : REST request to save assessmentEvent : TutorGroup{id=null, userId='731', timestamp=2025-02-14T23:48:12.719982417Z, event='ADD_FEEDBACK_AUTOMATICALLY_SELECTED_BLOCK', feedbackType='MANUAL', segmentType='AUTOMATIC', courseId='2981', textExerciseId='3767', submissionId='1870', participationId='3338'}
    23:48:12.725 | 199 Pool-1-worker-92 | DEBUG | d.t.c.a.a.c.s.f.ApiVersionFilter     : Adding Version to Request POST /api/event-insights/text-assessment/events
    23:48:12.725 | 199 Pool-1-worker-92 | DEBUG | .a.a.t.w.TextAssessmentEventResource : REST request to save assessmentEvent : TutorGroup{id=null, userId='731', timestamp=2025-02-14T23:48:12.719983199Z, event='DELETE_FEEDBACK', feedbackType='MANUAL', segmentType='AUTOMATIC', courseId='2981', textExerciseId='3767', submissionId='1870', participationId='3338'}
    23:48:12.727 | 199 Pool-1-worker-92 | DEBUG | d.t.c.a.a.c.s.f.ApiVersionFilter     : Adding Version to Request POST /api/event-insights/text-assessment/events
    23:48:12.727 | 199 Pool-1-worker-92 | DEBUG | .a.a.t.w.TextAssessmentEventResource : REST request to save assessmentEvent : TutorGroup{id=null, userId='731', timestamp=2025-02-14T23:48:12.719984601Z, event='ADD_FEEDBACK_MANUALLY_SELECTED_BLOCK', feedbackType='MANUAL', segmentType='MANUAL', courseId='2981', textExerciseId='3767', submissionId='1870', participationId='3338'}
    23:48:12.729 | 199 Pool-1-worker-92 | DEBUG | d.t.c.a.a.c.s.f.ApiVersionFilter     : Adding Version to Request POST /api/event-insights/text-assessment/events
    23:48:12.730 | 199 Pool-1-worker-92 | DEBUG | .a.a.t.w.TextAssessmentEventResource : REST request to save assessmentEvent : TutorGroup{id=null, userId='731', timestamp=2025-02-14T23:48:12.719985854Z, event='SUBMIT_ASSESSMENT', feedbackType='MANUAL', segmentType='MANUAL', courseId='2981', textExerciseId='3767', submissionId='1870', participationId='3338'}
    23:48:12.731 | 199 Pool-1-worker-92 | DEBUG | d.t.c.a.a.c.s.f.ApiVersionFilter     : Adding Version to Request POST /api/event-insights/text-assessment/events
    23:48:12.732 | 199 Pool-1-worker-92 | DEBUG | .a.a.t.w.TextAssessmentEventResource : REST request to save assessmentEvent : TutorGroup{id=null, userId='731', timestamp=2025-02-14T23:48:12.719987026Z, event='ASSESS_NEXT_SUBMISSION', feedbackType='MANUAL', segmentType='MANUAL', courseId='2981', textExerciseId='3767', submissionId='1870', participationId='3338'}

  Starting logs for AssessmentEventIntegrationTest > testGetAllEventsByCourseId()
    23:48:12.747 | 199 Pool-1-worker-92 | DEBUG | d.t.c.a.a.c.u.util.UserUtilService   : Generate 0 students...
    23:48:12.748 | 199 Pool-1-worker-92 | DEBUG | d.t.c.a.a.c.u.util.UserUtilService   : 0 students generated. Generate 1 tutors...
    23:48:12.751 | 199 Pool-1-worker-92 | DEBUG | d.t.c.a.a.c.u.util.UserUtilService   : 1 tutors generated. Generate 1 editors...
    23:48:12.754 | 199 Pool-1-worker-92 | DEBUG | d.t.c.a.a.c.u.util.UserUtilService   : 1 editors generated. Generate 1 instructors...
    23:48:12.756 | 199 Pool-1-worker-92 | DEBUG | d.t.c.a.a.c.u.util.UserUtilService   : 1 instructors generated
    23:48:12.759 | 199 Pool-1-worker-92 | DEBUG | d.t.c.a.a.c.u.util.UserUtilService   : Removing 3 users from all courses...
    23:48:12.759 | 199 Pool-1-worker-92 | DEBUG | d.t.c.a.a.c.u.util.UserUtilService   : Removing 3 users from all courses. Done
    23:48:12.759 | 199 Pool-1-worker-92 | DEBUG | d.t.c.a.a.c.u.util.UserUtilService   : Save 3 users to database...
    23:48:12.762 | 199 Pool-1-worker-92 | DEBUG | d.t.c.a.a.c.u.util.UserUtilService   : Save 3 users to database. Done
    23:48:12.773 | 199 Pool-1-worker-92 | INFO  | i.z.t.d.l.EmbeddedDatabaseReporter   : JDBC URL to connect to 'dataSource': url='jdbc:h2:tcp://localhost:41063/mem:df70fc46-7e57-4cb5-9cd0-c1d90c14afa7;USER=sa', scope='AssessmentEventIntegrationTest#testGetAllEventsByCourseId'
    23:48:12.774 | 199 Pool-1-worker-92 | DEBUG | d.t.c.a.a.c.s.f.ApiVersionFilter     : Adding Version to Request POST /api/event-insights/text-assessment/events
    23:48:12.775 | 199 Pool-1-worker-92 | DEBUG | .a.a.t.w.TextAssessmentEventResource : REST request to save assessmentEvent : TutorGroup{id=null, userId='7', timestamp=2025-02-14T23:48:12.774216154Z, event='EDIT_AUTOMATIC_FEEDBACK', feedbackType='AUTOMATIC', segmentType='AUTOMATIC', courseId='2982', textExerciseId='3768', submissionId='1871', participationId='3339'}
    23:48:12.778 | 199 Pool-1-worker-92 | DEBUG | d.t.c.a.a.c.s.f.ApiVersionFilter     : Adding Version to Request GET /api/admin/event-insights/text-assessment/events/2982

  Starting logs for AssessmentEventIntegrationTest > testAddSingleCompleteAssessmentEvent()
    23:48:12.794 | 199 Pool-1-worker-92 | DEBUG | d.t.c.a.a.c.u.util.UserUtilService   : Generate 0 students...
    23:48:12.795 | 199 Pool-1-worker-92 | DEBUG | d.t.c.a.a.c.u.util.UserUtilService   : 0 students generated. Generate 1 tutors...
    23:48:12.798 | 199 Pool-1-worker-92 | DEBUG | d.t.c.a.a.c.u.util.UserUtilService   : 1 tutors generated. Generate 1 editors...
    23:48:12.801 | 199 Pool-1-worker-92 | DEBUG | d.t.c.a.a.c.u.util.UserUtilService   : 1 editors generated. Generate 1 instructors...
    23:48:12.804 | 199 Pool-1-worker-92 | DEBUG | d.t.c.a.a.c.u.util.UserUtilService   : 1 instructors generated
    23:48:12.806 | 199 Pool-1-worker-92 | DEBUG | d.t.c.a.a.c.u.util.UserUtilService   : Removing 3 users from all courses...
    23:48:12.807 | 199 Pool-1-worker-92 | DEBUG | d.t.c.a.a.c.u.util.UserUtilService   : Removing 3 users from all courses. Done
    23:48:12.807 | 199 Pool-1-worker-92 | DEBUG | d.t.c.a.a.c.u.util.UserUtilService   : Save 3 users to database...
    23:48:12.810 | 199 Pool-1-worker-92 | DEBUG | d.t.c.a.a.c.u.util.UserUtilService   : Save 3 users to database. Done
    23:48:12.821 | 199 Pool-1-worker-92 | INFO  | i.z.t.d.l.EmbeddedDatabaseReporter   : JDBC URL to connect to 'dataSource': url='jdbc:h2:tcp://localhost:41063/mem:df70fc46-7e57-4cb5-9cd0-c1d90c14afa7;USER=sa', scope='AssessmentEventIntegrationTest#testAddSingleCompleteAssessmentEvent'
    23:48:12.822 | 199 Pool-1-worker-92 | DEBUG | d.t.c.a.a.c.s.f.ApiVersionFilter     : Adding Version to Request POST /api/event-insights/text-assessment/events
    23:48:12.823 | 199 Pool-1-worker-92 | DEBUG | .a.a.t.w.TextAssessmentEventResource : REST request to save assessmentEvent : TutorGroup{id=null, userId='731', timestamp=2025-02-14T23:48:12.821955348Z, event='EDIT_AUTOMATIC_FEEDBACK', feedbackType='AUTOMATIC', segmentType='AUTOMATIC', courseId='2983', textExerciseId='3769', submissionId='1872', participationId='3340'}

Finished logs for AssessmentEventIntegrationTest
]]></system-out>
  <system-err><![CDATA[]]></system-err>
</testsuite>
