<?xml version="1.0" encoding="UTF-8"?>
<testsuite name="de.tum.cit.aet.artemis.assessment.RatingResourceIntegrationTest" tests="16" skipped="0" failures="0" errors="0" timestamp="2025-02-14T23:42:45" hostname="fv-az1721-502" time="1.32">
  <properties/>
  <testcase name="testCreateRating_asUser()" classname="de.tum.cit.aet.artemis.assessment.RatingResourceIntegrationTest" time="0.066"/>
  <testcase name="testGetRating_asUser_Null()" classname="de.tum.cit.aet.artemis.assessment.RatingResourceIntegrationTest" time="0.08"/>
  <testcase name="testGetRatingForInstructorDashboard_asInstructor()" classname="de.tum.cit.aet.artemis.assessment.RatingResourceIntegrationTest" time="0.085"/>
  <testcase name="testGetRating_asUser()" classname="de.tum.cit.aet.artemis.assessment.RatingResourceIntegrationTest" time="0.113"/>
  <testcase name="testGetRatingForInstructorDashboard_asTutor_FORBIDDEN()" classname="de.tum.cit.aet.artemis.assessment.RatingResourceIntegrationTest" time="0.106"/>
  <testcase name="testUpdateRating_asUser()" classname="de.tum.cit.aet.artemis.assessment.RatingResourceIntegrationTest" time="0.096"/>
  <testcase name="testCreateInvalidRating_asUser(int) [1] value=7" classname="de.tum.cit.aet.artemis.assessment.RatingResourceIntegrationTest" time="0.057"/>
  <testcase name="testCreateInvalidRating_asUser(int) [2] value=123" classname="de.tum.cit.aet.artemis.assessment.RatingResourceIntegrationTest" time="0.056"/>
  <testcase name="testCreateInvalidRating_asUser(int) [3] value=-5" classname="de.tum.cit.aet.artemis.assessment.RatingResourceIntegrationTest" time="0.053"/>
  <testcase name="testCreateInvalidRating_asUser(int) [4] value=0" classname="de.tum.cit.aet.artemis.assessment.RatingResourceIntegrationTest" time="0.06"/>
  <testcase name="testUpdateRating_asTutor_FORBIDDEN()" classname="de.tum.cit.aet.artemis.assessment.RatingResourceIntegrationTest" time="0.084"/>
  <testcase name="testUpdateInvalidRating_asUser()" classname="de.tum.cit.aet.artemis.assessment.RatingResourceIntegrationTest" time="0.075"/>
  <testcase name="testGetRatingForInstructorDashboard_asStudent_FORBIDDEN()" classname="de.tum.cit.aet.artemis.assessment.RatingResourceIntegrationTest" time="0.062"/>
  <testcase name="testGetRating_asUser_FORBIDDEN()" classname="de.tum.cit.aet.artemis.assessment.RatingResourceIntegrationTest" time="0.056"/>
  <testcase name="testCreateRating_asTutor_FORBIDDEN()" classname="de.tum.cit.aet.artemis.assessment.RatingResourceIntegrationTest" time="0.091"/>
  <testcase name="testGetRatingForInstructorDashboard_asInstructor_FORBIDDEN()" classname="de.tum.cit.aet.artemis.assessment.RatingResourceIntegrationTest" time="0.144"/>
  <system-out><![CDATA[
Starting logs for RatingResourceIntegrationTest

  Starting logs for RatingResourceIntegrationTest > testCreateRating_asUser()
    23:42:45.342 |  38 Pool-1-worker-12 | DEBUG | d.t.c.a.a.c.u.util.UserUtilService   : Generate 1 students...
    23:42:45.345 |  38 Pool-1-worker-12 | DEBUG | d.t.c.a.a.c.u.util.UserUtilService   : 1 students generated. Generate 1 tutors...
    23:42:45.347 |  38 Pool-1-worker-12 | DEBUG | d.t.c.a.a.c.u.util.UserUtilService   : 1 tutors generated. Generate 0 editors...
    23:42:45.348 |  38 Pool-1-worker-12 | DEBUG | d.t.c.a.a.c.u.util.UserUtilService   : 0 editors generated. Generate 1 instructors...
    23:42:45.350 |  38 Pool-1-worker-12 | DEBUG | d.t.c.a.a.c.u.util.UserUtilService   : 1 instructors generated
    23:42:45.351 |  38 Pool-1-worker-12 | DEBUG | d.t.c.a.a.c.u.util.UserUtilService   : Removing 3 users from all courses...
    23:42:45.352 |  38 Pool-1-worker-12 | DEBUG | d.t.c.a.a.c.u.util.UserUtilService   : Removing 3 users from all courses. Done
    23:42:45.352 |  38 Pool-1-worker-12 | DEBUG | d.t.c.a.a.c.u.util.UserUtilService   : Save 3 users to database...
    23:42:45.354 |  38 Pool-1-worker-12 | DEBUG | d.t.c.a.a.c.u.util.UserUtilService   : Save 3 users to database. Done
    23:42:45.365 |  38 Pool-1-worker-12 | DEBUG | .c.s.m.InstanceMessageReceiveService : Received schedule participant score for exercise 276 and participant 44 (result to be deleted: null)
    23:42:45.365 |  38 Pool-1-worker-12 | DEBUG | .a.s.ParticipantScoreScheduleService : Scheduled task for exercise 276 and participant 44 at 2025-02-14T23:42:45.465712338Z[Etc/UTC].
    23:42:45.370 |  38 Pool-1-worker-12 | DEBUG | .c.s.m.InstanceMessageReceiveService : Received schedule participant score for exercise 276 and participant 44 (result to be deleted: null)
    23:42:45.370 |  38 Pool-1-worker-12 | DEBUG | .a.s.ParticipantScoreScheduleService : Scheduled task for exercise 276 and participant 44 at 2025-02-14T23:42:45.470625571Z[Etc/UTC].
    23:42:45.374 |  38 Pool-1-worker-12 | INFO  | i.z.t.d.l.EmbeddedDatabaseReporter   : JDBC URL to connect to 'dataSource': url='jdbc:h2:tcp://localhost:41063/mem:df70fc46-7e57-4cb5-9cd0-c1d90c14afa7;USER=sa', scope='RatingResourceIntegrationTest#testCreateRating_asUser'
    23:42:45.376 |  38 Pool-1-worker-12 | DEBUG | d.t.c.a.a.c.s.f.ApiVersionFilter     : Adding Version to Request POST /api/results/152/rating/2

  Starting logs for RatingResourceIntegrationTest > testGetRating_asUser_Null()
    23:42:45.407 |  38 Pool-1-worker-12 | DEBUG | d.t.c.a.a.c.u.util.UserUtilService   : Generate 1 students...
    23:42:45.411 |  38 Pool-1-worker-12 | DEBUG | d.t.c.a.a.c.u.util.UserUtilService   : 1 students generated. Generate 1 tutors...
    23:42:45.413 |  38 Pool-1-worker-12 | DEBUG | d.t.c.a.a.c.u.util.UserUtilService   : 1 tutors generated. Generate 0 editors...
    23:42:45.415 |  38 Pool-1-worker-12 | DEBUG | d.t.c.a.a.c.u.util.UserUtilService   : 0 editors generated. Generate 1 instructors...
    23:42:45.418 |  38 Pool-1-worker-12 | DEBUG | d.t.c.a.a.c.u.util.UserUtilService   : 1 instructors generated
    23:42:45.419 |  38 Pool-1-worker-12 | DEBUG | d.t.c.a.a.c.u.util.UserUtilService   : Removing 3 users from all courses...
    23:42:45.420 |  38 Pool-1-worker-12 | DEBUG | d.t.c.a.a.c.u.util.UserUtilService   : Removing 3 users from all courses. Done
    23:42:45.420 |  38 Pool-1-worker-12 | DEBUG | d.t.c.a.a.c.u.util.UserUtilService   : Save 3 users to database...
    23:42:45.428 |  38 Pool-1-worker-12 | DEBUG | d.t.c.a.a.c.u.util.UserUtilService   : Save 3 users to database. Done
    23:42:45.439 |  38 Pool-1-worker-12 | DEBUG | .c.s.m.InstanceMessageReceiveService : Received schedule participant score for exercise 277 and participant 44 (result to be deleted: null)
    23:42:45.439 |  38 Pool-1-worker-12 | DEBUG | .a.s.ParticipantScoreScheduleService : Scheduled task for exercise 277 and participant 44 at 2025-02-14T23:42:45.539090648Z[Etc/UTC].
    23:42:45.443 |  38 Pool-1-worker-12 | DEBUG | .c.s.m.InstanceMessageReceiveService : Received schedule participant score for exercise 277 and participant 44 (result to be deleted: null)
    23:42:45.444 |  38 Pool-1-worker-12 | DEBUG | .a.s.ParticipantScoreScheduleService : Scheduled task for exercise 277 and participant 44 at 2025-02-14T23:42:45.544017046Z[Etc/UTC].
    23:42:45.453 |  38 Pool-1-worker-12 | INFO  | i.z.t.d.l.EmbeddedDatabaseReporter   : JDBC URL to connect to 'dataSource': url='jdbc:h2:tcp://localhost:41063/mem:df70fc46-7e57-4cb5-9cd0-c1d90c14afa7;USER=sa', scope='RatingResourceIntegrationTest#testGetRating_asUser_Null'
    23:42:45.455 |  38 Pool-1-worker-12 | DEBUG | d.t.c.a.a.c.s.f.ApiVersionFilter     : Adding Version to Request GET /api/results/153/rating

  Starting logs for RatingResourceIntegrationTest > testGetRatingForInstructorDashboard_asInstructor()
    23:42:45.491 |  38 Pool-1-worker-12 | DEBUG | d.t.c.a.a.c.u.util.UserUtilService   : Generate 1 students...
    23:42:45.501 |  38 Pool-1-worker-12 | DEBUG | d.t.c.a.a.c.u.util.UserUtilService   : 1 students generated. Generate 1 tutors...
    23:42:45.507 |  38 Pool-1-worker-12 | DEBUG | d.t.c.a.a.c.u.util.UserUtilService   : 1 tutors generated. Generate 0 editors...
    23:42:45.509 |  38 Pool-1-worker-12 | DEBUG | d.t.c.a.a.c.u.util.UserUtilService   : 0 editors generated. Generate 1 instructors...
    23:42:45.513 |  38 Pool-1-worker-12 | DEBUG | d.t.c.a.a.c.u.util.UserUtilService   : 1 instructors generated
    23:42:45.514 |  38 Pool-1-worker-12 | DEBUG | d.t.c.a.a.c.u.util.UserUtilService   : Removing 3 users from all courses...
    23:42:45.515 |  38 Pool-1-worker-12 | DEBUG | d.t.c.a.a.c.u.util.UserUtilService   : Removing 3 users from all courses. Done
    23:42:45.515 |  38 Pool-1-worker-12 | DEBUG | d.t.c.a.a.c.u.util.UserUtilService   : Save 3 users to database...
    23:42:45.519 |  38 Pool-1-worker-12 | DEBUG | d.t.c.a.a.c.u.util.UserUtilService   : Save 3 users to database. Done
    23:42:45.530 |  38 Pool-1-worker-12 | DEBUG | .c.s.m.InstanceMessageReceiveService : Received schedule participant score for exercise 278 and participant 44 (result to be deleted: null)
    23:42:45.530 |  38 Pool-1-worker-12 | DEBUG | .a.s.ParticipantScoreScheduleService : Scheduled task for exercise 278 and participant 44 at 2025-02-14T23:42:45.630277259Z[Etc/UTC].
    23:42:45.535 |  38 Pool-1-worker-12 | DEBUG | .c.s.m.InstanceMessageReceiveService : Received schedule participant score for exercise 278 and participant 44 (result to be deleted: null)
    23:42:45.535 |  38 Pool-1-worker-12 | DEBUG | .a.s.ParticipantScoreScheduleService : Scheduled task for exercise 278 and participant 44 at 2025-02-14T23:42:45.635194048Z[Etc/UTC].
    23:42:45.540 |  38 Pool-1-worker-12 | INFO  | i.z.t.d.l.EmbeddedDatabaseReporter   : JDBC URL to connect to 'dataSource': url='jdbc:h2:tcp://localhost:41063/mem:df70fc46-7e57-4cb5-9cd0-c1d90c14afa7;USER=sa', scope='RatingResourceIntegrationTest#testGetRatingForInstructorDashboard_asInstructor'
    23:42:45.543 |  38 Pool-1-worker-12 | DEBUG | d.t.c.a.a.c.s.f.ApiVersionFilter     : Adding Version to Request GET /api/course/361/rating
    23:42:45.573 | 566 localvc.event-13 | DEBUG | a.a.b.s.SharedQueueProcessingService : Build job completed: BuildJobQueueItem[id=4621739576562326, name=SHORT43ACF76B02BC1044B80938509D14043FABDETSTEXC-LOCALCIINTSTUDENT1, buildAgent=BuildAgentDTO[name=artemis-build-agent-test, memberAddress=[127.0.0.1]:5703, displayName=artemis-build-agent-test], participationId=462, courseId=147, exerciseId=298, retryCount=0, priority=2, status=null, repositoryInfo=RepositoryInfo[repositoryName=short43acf76b02bc1044b80938509d14043fabdetstexc-localciintstudent1, repositoryType=user, triggeredByPushTo=user, assignmentRepositoryUri=http://localhost:49152/git/SHORT43ACF76B02BC1044B80938509D14043FABDETSTEXC/short43acf76b02bc1044b80938509d14043fabdetstexc-localciintstudent1.git, testRepositoryUri=http://localhost:49152/git/SHORT43ACF76B02BC1044B80938509D14043FABDETSTEXC/short43acf76b02bc1044b80938509d14043fabdetstexc-tests.git, solutionRepositoryUri=null, auxiliaryRepositoryUris=[Ljava.lang.String;@4d60a121, auxiliaryRepositoryCheckoutDirectories=[Ljava.lang.String;@7e7965f2], jobTimingInfo=JobTimingInfo[submissionDate=2025-02-14T23:42:42.326978596Z[Etc/UTC], buildStartDate=2025-02-14T23:42:42.420147010Z[Etc/UTC], buildCompletionDate=null, estimatedCompletionDate=2025-02-14T23:43:01.420129377Z[Etc/UTC], estimatedDuration=19], buildConfig=BuildConfig[buildScript=#!/bin/bash
cd /var/tmp/testing-dir
chmod +x ./gradlew
./gradlew clean test
, dockerImage=dummy-docker-image:latest, commitHashToBuild=a9c717ccf7bcbe9531d3eee21dbaeb5aab2ff971, assignmentCommitHash=a9c717ccf7bcbe9531d3eee21dbaeb5aab2ff971, testCommitHash=a9c717ccf7bcbe9531d3eee21dbaeb5aab2ff971, branch=main, programmingLanguage=JAVA, projectType=PLAIN_GRADLE, scaEnabled=false, sequentialTestRunsEnabled=false, resultPaths=[/var/tmp/testing-dir/**/test-results/test/*.xml], timeoutSeconds=0, assignmentCheckoutPath=null, testCheckoutPath=null, solutionCheckoutPath=null, dockerRunConfig=DockerRunConfig[isNetworkDisabled=true, env=[key=value]]], submissionResult=null]

  Starting logs for RatingResourceIntegrationTest > testGetRating_asUser()
    23:42:45.581 |  38 Pool-1-worker-12 | DEBUG | d.t.c.a.a.c.u.util.UserUtilService   : Generate 1 students...
    23:42:45.585 |  38 Pool-1-worker-12 | DEBUG | d.t.c.a.a.c.u.util.UserUtilService   : 1 students generated. Generate 1 tutors...
    23:42:45.592 |  38 Pool-1-worker-12 | DEBUG | d.t.c.a.a.c.u.util.UserUtilService   : 1 tutors generated. Generate 0 editors...
    23:42:45.592 | 564 localvc.event-11 | DEBUG | a.p.s.l.LocalCIQueueWebsocketService : CIBuildJobQueueItem removed from processing jobs: BuildJobQueueItem[id=4621739576562326, name=SHORT43ACF76B02BC1044B80938509D14043FABDETSTEXC-LOCALCIINTSTUDENT1, buildAgent=BuildAgentDTO[name=artemis-build-agent-test, memberAddress=[127.0.0.1]:5703, displayName=artemis-build-agent-test], participationId=462, courseId=147, exerciseId=298, retryCount=0, priority=2, status=null, repositoryInfo=RepositoryInfo[repositoryName=short43acf76b02bc1044b80938509d14043fabdetstexc-localciintstudent1, repositoryType=user, triggeredByPushTo=user, assignmentRepositoryUri=http://localhost:49152/git/SHORT43ACF76B02BC1044B80938509D14043FABDETSTEXC/short43acf76b02bc1044b80938509d14043fabdetstexc-localciintstudent1.git, testRepositoryUri=http://localhost:49152/git/SHORT43ACF76B02BC1044B80938509D14043FABDETSTEXC/short43acf76b02bc1044b80938509d14043fabdetstexc-tests.git, solutionRepositoryUri=null, auxiliaryRepositoryUris=[Ljava.lang.String;@8386019, auxiliaryRepositoryCheckoutDirectories=[Ljava.lang.String;@4df98a60], jobTimingInfo=JobTimingInfo[submissionDate=2025-02-14T23:42:42.326978596Z[Etc/UTC], buildStartDate=2025-02-14T23:42:42.420147010Z[Etc/UTC], buildCompletionDate=null, estimatedCompletionDate=2025-02-14T23:43:01.420129377Z[Etc/UTC], estimatedDuration=19], buildConfig=BuildConfig[buildScript=#!/bin/bash
cd /var/tmp/testing-dir
chmod +x ./gradlew
./gradlew clean test
, dockerImage=dummy-docker-image:latest, commitHashToBuild=a9c717ccf7bcbe9531d3eee21dbaeb5aab2ff971, assignmentCommitHash=a9c717ccf7bcbe9531d3eee21dbaeb5aab2ff971, testCommitHash=a9c717ccf7bcbe9531d3eee21dbaeb5aab2ff971, branch=main, programmingLanguage=JAVA, projectType=PLAIN_GRADLE, scaEnabled=false, sequentialTestRunsEnabled=false, resultPaths=[/var/tmp/testing-dir/**/test-results/test/*.xml], timeoutSeconds=0, assignmentCheckoutPath=null, testCheckoutPath=null, solutionCheckoutPath=null, dockerRunConfig=DockerRunConfig[isNetworkDisabled=true, env=[key=value]]], submissionResult=null]
    23:42:45.593 | 564 localvc.event-11 | DEBUG | s.l.LocalCIWebsocketMessagingService : Sending message on topic /topic/admin/running-jobs: []
    23:42:45.593 | 564 localvc.event-11 | DEBUG | s.l.LocalCIWebsocketMessagingService : Sending message on topic /topic/courses/147/running-jobs: []
    23:42:45.593 |  38 Pool-1-worker-12 | DEBUG | d.t.c.a.a.c.u.util.UserUtilService   : 0 editors generated. Generate 1 instructors...
    23:42:45.598 | 566 localvc.event-13 | DEBUG | a.a.b.s.SharedQueueProcessingService : Currently processing jobs on this node: 0, active threads in Pool: 0, maximum pool size of thread executor : 1
    23:42:45.599 | 566 localvc.event-13 | DEBUG | s.l.LocalCIWebsocketMessagingService : Sending message on topic /topic/admin/queued-jobs: []
    23:42:45.599 | 566 localvc.event-13 | DEBUG | s.l.LocalCIWebsocketMessagingService : Sending message on topic /topic/courses/147/queued-jobs: []
    23:42:45.600 | 566 localvc.event-13 | DEBUG | a.a.b.s.SharedQueueProcessingService : CIBuildJobQueueItem removed from queue: BuildJobQueueItem[id=4621739576562326, name=SHORT43ACF76B02BC1044B80938509D14043FABDETSTEXC-LOCALCIINTSTUDENT1, buildAgent=BuildAgentDTO[name=null, memberAddress=null, displayName=null], participationId=462, courseId=147, exerciseId=298, retryCount=0, priority=2, status=null, repositoryInfo=RepositoryInfo[repositoryName=short43acf76b02bc1044b80938509d14043fabdetstexc-localciintstudent1, repositoryType=user, triggeredByPushTo=user, assignmentRepositoryUri=http://localhost:49152/git/SHORT43ACF76B02BC1044B80938509D14043FABDETSTEXC/short43acf76b02bc1044b80938509d14043fabdetstexc-localciintstudent1.git, testRepositoryUri=http://localhost:49152/git/SHORT43ACF76B02BC1044B80938509D14043FABDETSTEXC/short43acf76b02bc1044b80938509d14043fabdetstexc-tests.git, solutionRepositoryUri=null, auxiliaryRepositoryUris=[Ljava.lang.String;@4c262abe, auxiliaryRepositoryCheckoutDirectories=[Ljava.lang.String;@965528a], jobTimingInfo=JobTimingInfo[submissionDate=2025-02-14T23:42:42.326978596Z[Etc/UTC], buildStartDate=null, buildCompletionDate=null, estimatedCompletionDate=null, estimatedDuration=19], buildConfig=BuildConfig[buildScript=#!/bin/bash
cd /var/tmp/testing-dir
chmod +x ./gradlew
./gradlew clean test
, dockerImage=dummy-docker-image:latest, commitHashToBuild=a9c717ccf7bcbe9531d3eee21dbaeb5aab2ff971, assignmentCommitHash=a9c717ccf7bcbe9531d3eee21dbaeb5aab2ff971, testCommitHash=a9c717ccf7bcbe9531d3eee21dbaeb5aab2ff971, branch=main, programmingLanguage=JAVA, projectType=PLAIN_GRADLE, scaEnabled=false, sequentialTestRunsEnabled=false, resultPaths=[/var/tmp/testing-dir/**/test-results/test/*.xml], timeoutSeconds=0, assignmentCheckoutPath=null, testCheckoutPath=null, solutionCheckoutPath=null, dockerRunConfig=DockerRunConfig[isNetworkDisabled=true, env=[key=value]]], submissionResult=null]
    23:42:45.602 |  38 Pool-1-worker-12 | DEBUG | d.t.c.a.a.c.u.util.UserUtilService   : 1 instructors generated
    23:42:45.602 | 566 localvc.event-13 | DEBUG | a.p.s.l.LocalCIQueueWebsocketService : Build agent updated: BuildAgentInformation[buildAgent=BuildAgentDTO[name=artemis-build-agent-test, memberAddress=[127.0.0.1]:5703, displayName=artemis-build-agent-test], maxNumberOfConcurrentBuildJobs=1, numberOfCurrentBuildJobs=1, runningBuildJobs=[BuildJobQueueItem[id=4621739576562326, name=SHORT43ACF76B02BC1044B80938509D14043FABDETSTEXC-LOCALCIINTSTUDENT1, buildAgent=BuildAgentDTO[name=artemis-build-agent-test, memberAddress=[127.0.0.1]:5703, displayName=artemis-build-agent-test], participationId=462, courseId=147, exerciseId=298, retryCount=0, priority=2, status=null, repositoryInfo=RepositoryInfo[repositoryName=short43acf76b02bc1044b80938509d14043fabdetstexc-localciintstudent1, repositoryType=user, triggeredByPushTo=user, assignmentRepositoryUri=http://localhost:49152/git/SHORT43ACF76B02BC1044B80938509D14043FABDETSTEXC/short43acf76b02bc1044b80938509d14043fabdetstexc-localciintstudent1.git, testRepositoryUri=http://localhost:49152/git/SHORT43ACF76B02BC1044B80938509D14043FABDETSTEXC/short43acf76b02bc1044b80938509d14043fabdetstexc-tests.git, solutionRepositoryUri=null, auxiliaryRepositoryUris=[Ljava.lang.String;@5c48c758, auxiliaryRepositoryCheckoutDirectories=[Ljava.lang.String;@5b81dde7], jobTimingInfo=JobTimingInfo[submissionDate=2025-02-14T23:42:42.326978596Z[Etc/UTC], buildStartDate=2025-02-14T23:42:42.420147010Z[Etc/UTC], buildCompletionDate=null, estimatedCompletionDate=2025-02-14T23:43:01.420129377Z[Etc/UTC], estimatedDuration=19], buildConfig=BuildConfig[buildScript=#!/bin/bash
cd /var/tmp/testing-dir
chmod +x ./gradlew
./gradlew clean test
, dockerImage=dummy-docker-image:latest, commitHashToBuild=a9c717ccf7bcbe9531d3eee21dbaeb5aab2ff971, assignmentCommitHash=a9c717ccf7bcbe9531d3eee21dbaeb5aab2ff971, testCommitHash=a9c717ccf7bcbe9531d3eee21dbaeb5aab2ff971, branch=main, programmingLanguage=JAVA, projectType=PLAIN_GRADLE, scaEnabled=false, sequentialTestRunsEnabled=false, resultPaths=[/var/tmp/testing-dir/**/test-results/test/*.xml], timeoutSeconds=0, assignmentCheckoutPath=null, testCheckoutPath=null, solutionCheckoutPath=null, dockerRunConfig=DockerRunConfig[isNetworkDisabled=true, env=[key=value]]], submissionResult=null]], status=ACTIVE, recentBuildJobs=[], publicSshKey=ssh-rsa AAAAB3NzaC1yc2EAAAADAQABAAACAQCOPdMsxRE2jFJ/UEa5/LsBxtwzJcrh3/rYBCQvcMeVpiRfhzQPWu7mrt/G2Ew+i+vRloGH9aqKg6dd1liRncao53Zmd/ePxoatXePNhmzTfkCkcSkTUz7B+QMjkoDDV5jwuFPD6mF3JkhuzSi64n9Zy905t4w2IhVcjM2mL3eYNjiCXt6Qpq3Pkt7dM/Ksw1nxnvuiIALuJLB3FTkXkHqq3PJav+9HSq2r6ZaWgekneaGxlQlb+U+Vy3XOuArKAzK8c8i+0bR+AHiTG6ncYXt7ax3U+TdlDTF7OLP3umwaYjs1NBXOHwG42pevvpKn2fqavZZozk+M05jXLx3bq0O7itxfErWc7etky8qYPyyIMF/txQIVLd78+Ze4d7Y60t5MGbXM5cGE6fFif5fEJwgswXD+BrG0cafz1CTatjSKFdvp8Vp4VszXhHDan1PrP6JEFJ5Cc5GDmLRZPCFa3vL9f5qXgf4bkqKN8MYeEujwJE5nMRWoiJVNakix2bcrrneQMBlnYeYZVWXXXUusAQBzl4NgddC1umZpihZkL1b1MffZAUW3EGEXi7KHnllQhkTLLsQ8ntMgbylqaJKStqaXlLvdeRJcEnUuiFCrHEVVbXRFZR7XVDZ02CE5o3MuaRPty8Kh+jRTF3COlAckHwYEJCNNJvXFgb2CNXL4mjzYDw== test@localhost]
    23:42:45.603 |  38 Pool-1-worker-12 | DEBUG | d.t.c.a.a.c.u.util.UserUtilService   : Removing 3 users from all courses...
    23:42:45.604 | 566 localvc.event-13 | DEBUG | s.l.LocalCIWebsocketMessagingService : Sending message on topic /topic/admin/build-agents: [BuildAgentInformation[buildAgent=BuildAgentDTO[name=artemis-build-agent-test, memberAddress=[127.0.0.1]:5703, displayName=artemis-build-agent-test], maxNumberOfConcurrentBuildJobs=1, numberOfCurrentBuildJobs=0, runningBuildJobs=[], status=IDLE, recentBuildJobs=null, publicSshKey=null]]
    23:42:45.607 |  38 Pool-1-worker-12 | DEBUG | d.t.c.a.a.c.u.util.UserUtilService   : Removing 3 users from all courses. Done
    23:42:45.607 |  38 Pool-1-worker-12 | DEBUG | d.t.c.a.a.c.u.util.UserUtilService   : Save 3 users to database...
    23:42:45.608 | 566 localvc.event-13 | DEBUG | s.l.LocalCIWebsocketMessagingService : Sending message on topic /topic/admin/build-agent/artemis-build-agent-test: BuildAgentInformation[buildAgent=BuildAgentDTO[name=artemis-build-agent-test, memberAddress=[127.0.0.1]:5703, displayName=artemis-build-agent-test], maxNumberOfConcurrentBuildJobs=1, numberOfCurrentBuildJobs=0, runningBuildJobs=[], status=IDLE, recentBuildJobs=[BuildJobQueueItem[id=4621739576562326, name=SHORT43ACF76B02BC1044B80938509D14043FABDETSTEXC-LOCALCIINTSTUDENT1, buildAgent=BuildAgentDTO[name=artemis-build-agent-test, memberAddress=[127.0.0.1]:5703, displayName=artemis-build-agent-test], participationId=462, courseId=147, exerciseId=298, retryCount=0, priority=2, status=SUCCESSFUL, repositoryInfo=RepositoryInfo[repositoryName=short43acf76b02bc1044b80938509d14043fabdetstexc-localciintstudent1, repositoryType=user, triggeredByPushTo=user, assignmentRepositoryUri=http://localhost:49152/git/SHORT43ACF76B02BC1044B80938509D14043FABDETSTEXC/short43acf76b02bc1044b80938509d14043fabdetstexc-localciintstudent1.git, testRepositoryUri=http://localhost:49152/git/SHORT43ACF76B02BC1044B80938509D14043FABDETSTEXC/short43acf76b02bc1044b80938509d14043fabdetstexc-tests.git, solutionRepositoryUri=null, auxiliaryRepositoryUris=[Ljava.lang.String;@1f35ed5e, auxiliaryRepositoryCheckoutDirectories=[Ljava.lang.String;@4a8e75ba], jobTimingInfo=JobTimingInfo[submissionDate=2025-02-14T23:42:42.326978596Z[Etc/UTC], buildStartDate=2025-02-14T23:42:42.420147010Z[Etc/UTC], buildCompletionDate=2025-02-14T23:42:45.573855829Z[Etc/UTC], estimatedCompletionDate=2025-02-14T23:43:01.420129377Z[Etc/UTC], estimatedDuration=19], buildConfig=BuildConfig[buildScript=#!/bin/bash
cd /var/tmp/testing-dir
chmod +x ./gradlew
./gradlew clean test
, dockerImage=dummy-docker-image:latest, commitHashToBuild=a9c717ccf7bcbe9531d3eee21dbaeb5aab2ff971, assignmentCommitHash=a9c717ccf7bcbe9531d3eee21dbaeb5aab2ff971, testCommitHash=a9c717ccf7bcbe9531d3eee21dbaeb5aab2ff971, branch=main, programmingLanguage=JAVA, projectType=PLAIN_GRADLE, scaEnabled=false, sequentialTestRunsEnabled=false, resultPaths=[/var/tmp/testing-dir/**/test-results/test/*.xml], timeoutSeconds=0, assignmentCheckoutPath=null, testCheckoutPath=null, solutionCheckoutPath=null, dockerRunConfig=DockerRunConfig[isNetworkDisabled=true, env=[key=value]]], submissionResult=null]], publicSshKey=ssh-rsa AAAAB3NzaC1yc2EAAAADAQABAAACAQCOPdMsxRE2jFJ/UEa5/LsBxtwzJcrh3/rYBCQvcMeVpiRfhzQPWu7mrt/G2Ew+i+vRloGH9aqKg6dd1liRncao53Zmd/ePxoatXePNhmzTfkCkcSkTUz7B+QMjkoDDV5jwuFPD6mF3JkhuzSi64n9Zy905t4w2IhVcjM2mL3eYNjiCXt6Qpq3Pkt7dM/Ksw1nxnvuiIALuJLB3FTkXkHqq3PJav+9HSq2r6ZaWgekneaGxlQlb+U+Vy3XOuArKAzK8c8i+0bR+AHiTG6ncYXt7ax3U+TdlDTF7OLP3umwaYjs1NBXOHwG42pevvpKn2fqavZZozk+M05jXLx3bq0O7itxfErWc7etky8qYPyyIMF/txQIVLd78+Ze4d7Y60t5MGbXM5cGE6fFif5fEJwgswXD+BrG0cafz1CTatjSKFdvp8Vp4VszXhHDan1PrP6JEFJ5Cc5GDmLRZPCFa3vL9f5qXgf4bkqKN8MYeEujwJE5nMRWoiJVNakix2bcrrneQMBlnYeYZVWXXXUusAQBzl4NgddC1umZpihZkL1b1MffZAUW3EGEXi7KHnllQhkTLLsQ8ntMgbylqaJKStqaXlLvdeRJcEnUuiFCrHEVVbXRFZR7XVDZ02CE5o3MuaRPty8Kh+jRTF3COlAckHwYEJCNNJvXFgb2CNXL4mjzYDw== test@localhost]
    23:42:45.608 | 566 localvc.event-13 | DEBUG | a.p.s.l.SharedQueueManagementService : Build agent updated: null
    23:42:45.614 |  38 Pool-1-worker-12 | DEBUG | d.t.c.a.a.c.u.util.UserUtilService   : Save 3 users to database. Done
    23:42:45.621 | 566 localvc.event-13 | DEBUG | p.s.l.LocalCIResultProcessingService : Result of build job with id 4621739576562326 added to queue
    23:42:45.622 | 566 localvc.event-13 | INFO  | p.s.l.LocalCIResultProcessingService : Processing build job result with id 4621739576562326
    23:42:45.623 | 566 localvc.event-13 | DEBUG | p.s.l.LocalCIResultProcessingService : Build jobs waiting in queue: 0
    23:42:45.624 | 566 localvc.event-13 | DEBUG | p.s.l.LocalCIResultProcessingService : Queued build jobs: []
    23:42:45.626 | 566 localvc.event-13 | DEBUG | .s.ProgrammingExerciseGradingService : Received new build result (NEW) for participation 462
    23:42:45.635 |  38 Pool-1-worker-12 | DEBUG | .c.s.m.InstanceMessageReceiveService : Received schedule participant score for exercise 279 and participant 44 (result to be deleted: null)
    23:42:45.635 |  38 Pool-1-worker-12 | DEBUG | .a.s.ParticipantScoreScheduleService : Scheduled task for exercise 279 and participant 44 at 2025-02-14T23:42:45.735949636Z[Etc/UTC].
    23:42:45.643 |  38 Pool-1-worker-12 | DEBUG | .c.s.m.InstanceMessageReceiveService : Received schedule participant score for exercise 279 and participant 44 (result to be deleted: null)
    23:42:45.647 |  38 Pool-1-worker-12 | DEBUG | .a.s.ParticipantScoreScheduleService : Scheduled task for exercise 279 and participant 44 at 2025-02-14T23:42:45.747127501Z[Etc/UTC].
    23:42:45.656 |  38 Pool-1-worker-12 | INFO  | i.z.t.d.l.EmbeddedDatabaseReporter   : JDBC URL to connect to 'dataSource': url='jdbc:h2:tcp://localhost:41063/mem:df70fc46-7e57-4cb5-9cd0-c1d90c14afa7;USER=sa', scope='RatingResourceIntegrationTest#testGetRating_asUser'
    23:42:45.662 |  38 Pool-1-worker-12 | DEBUG | d.t.c.a.a.c.s.f.ApiVersionFilter     : Adding Version to Request GET /api/results/155/rating
    23:42:45.685 | 566 localvc.event-13 | DEBUG | .c.s.m.InstanceMessageReceiveService : Received schedule participant score for exercise 298 and participant 37 (result to be deleted: null)
    23:42:45.685 | 566 localvc.event-13 | DEBUG | .a.s.ParticipantScoreScheduleService : Scheduled task for exercise 298 and participant 37 at 2025-02-14T23:42:45.785759785Z[Etc/UTC].

  Starting logs for RatingResourceIntegrationTest > testGetRatingForInstructorDashboard_asTutor_FORBIDDEN()
    23:42:45.690 | 566 localvc.event-13 | DEBUG | .a.a.p.s.ProgrammingMessagingService : Send result to client over websocket. Result: Result{id132, completionDate=2025-02-14T23:42:45.519869118Z[Etc/UTC], successful=false, score=7.7, rated=true, assessmentType=AUTOMATIC, hasComplaint=null, testCaseCount=13, passedTestCaseCount=1, codeIssueCount=0}, Submission: ProgrammingSubmission{commitHash='a9c717ccf7bcbe9531d3eee21dbaeb5aab2ff971', buildFailed=false, buildArtifact=false, type=MANUAL}, Participation: ProgrammingExerciseStudentParticipation{id=462, repositoryUri='http://localhost:49152/git/SHORT43ACF76B02BC1044B80938509D14043FABDETSTEXC/short43acf76b02bc1044b80938509d14043fabdetstexc-localciintstudent1.git', buildPlanId='SHORT43ACF76B02BC1044B80938509D14043FABDETSTEXC-LOCALCIINTSTUDENT1', initializationState='INITIALIZED', initializationDate='2025-02-14T23:42:42.235994Z', individualDueDate=null', presentationScore=null}
    23:42:45.705 |  38 Pool-1-worker-12 | DEBUG | d.t.c.a.a.c.u.util.UserUtilService   : Generate 1 students...
    23:42:45.715 |  38 Pool-1-worker-12 | DEBUG | d.t.c.a.a.c.u.util.UserUtilService   : 1 students generated. Generate 1 tutors...
    23:42:45.720 |  38 Pool-1-worker-12 | DEBUG | d.t.c.a.a.c.u.util.UserUtilService   : 1 tutors generated. Generate 0 editors...
    23:42:45.723 | 566 localvc.event-13 | DEBUG | d.t.c.a.a.p.s.BuildLogEntryService   : Saved build logs for build job 4621739576562326 to file /tmp/build-logs/short43acf76b02bc1044b80938509d14043fabde/TSTEXC/4621739576562326.log
    23:42:45.724 |  38 Pool-1-worker-12 | DEBUG | d.t.c.a.a.c.u.util.UserUtilService   : 0 editors generated. Generate 1 instructors...
    23:42:45.727 |  38 Pool-1-worker-12 | DEBUG | d.t.c.a.a.c.u.util.UserUtilService   : 1 instructors generated
    23:42:45.728 | 566 localvc.event-13 | DEBUG | a.p.s.l.LocalCIQueueWebsocketService : Build agent updated: BuildAgentInformation[buildAgent=BuildAgentDTO[name=artemis-build-agent-test, memberAddress=[127.0.0.1]:5703, displayName=artemis-build-agent-test], maxNumberOfConcurrentBuildJobs=1, numberOfCurrentBuildJobs=0, runningBuildJobs=[], status=IDLE, recentBuildJobs=[BuildJobQueueItem[id=4621739576562326, name=SHORT43ACF76B02BC1044B80938509D14043FABDETSTEXC-LOCALCIINTSTUDENT1, buildAgent=BuildAgentDTO[name=artemis-build-agent-test, memberAddress=[127.0.0.1]:5703, displayName=artemis-build-agent-test], participationId=462, courseId=147, exerciseId=298, retryCount=0, priority=2, status=SUCCESSFUL, repositoryInfo=RepositoryInfo[repositoryName=short43acf76b02bc1044b80938509d14043fabdetstexc-localciintstudent1, repositoryType=user, triggeredByPushTo=user, assignmentRepositoryUri=http://localhost:49152/git/SHORT43ACF76B02BC1044B80938509D14043FABDETSTEXC/short43acf76b02bc1044b80938509d14043fabdetstexc-localciintstudent1.git, testRepositoryUri=http://localhost:49152/git/SHORT43ACF76B02BC1044B80938509D14043FABDETSTEXC/short43acf76b02bc1044b80938509d14043fabdetstexc-tests.git, solutionRepositoryUri=null, auxiliaryRepositoryUris=[Ljava.lang.String;@165fefa4, auxiliaryRepositoryCheckoutDirectories=[Ljava.lang.String;@fe2c4d0], jobTimingInfo=JobTimingInfo[submissionDate=2025-02-14T23:42:42.326978596Z[Etc/UTC], buildStartDate=2025-02-14T23:42:42.420147010Z[Etc/UTC], buildCompletionDate=2025-02-14T23:42:45.573855829Z[Etc/UTC], estimatedCompletionDate=2025-02-14T23:43:01.420129377Z[Etc/UTC], estimatedDuration=19], buildConfig=BuildConfig[buildScript=#!/bin/bash
cd /var/tmp/testing-dir
chmod +x ./gradlew
./gradlew clean test
, dockerImage=dummy-docker-image:latest, commitHashToBuild=a9c717ccf7bcbe9531d3eee21dbaeb5aab2ff971, assignmentCommitHash=a9c717ccf7bcbe9531d3eee21dbaeb5aab2ff971, testCommitHash=a9c717ccf7bcbe9531d3eee21dbaeb5aab2ff971, branch=main, programmingLanguage=JAVA, projectType=PLAIN_GRADLE, scaEnabled=false, sequentialTestRunsEnabled=false, resultPaths=[/var/tmp/testing-dir/**/test-results/test/*.xml], timeoutSeconds=0, assignmentCheckoutPath=null, testCheckoutPath=null, solutionCheckoutPath=null, dockerRunConfig=DockerRunConfig[isNetworkDisabled=true, env=[key=value]]], submissionResult=null]], publicSshKey=ssh-rsa AAAAB3NzaC1yc2EAAAADAQABAAACAQCOPdMsxRE2jFJ/UEa5/LsBxtwzJcrh3/rYBCQvcMeVpiRfhzQPWu7mrt/G2Ew+i+vRloGH9aqKg6dd1liRncao53Zmd/ePxoatXePNhmzTfkCkcSkTUz7B+QMjkoDDV5jwuFPD6mF3JkhuzSi64n9Zy905t4w2IhVcjM2mL3eYNjiCXt6Qpq3Pkt7dM/Ksw1nxnvuiIALuJLB3FTkXkHqq3PJav+9HSq2r6ZaWgekneaGxlQlb+U+Vy3XOuArKAzK8c8i+0bR+AHiTG6ncYXt7ax3U+TdlDTF7OLP3umwaYjs1NBXOHwG42pevvpKn2fqavZZozk+M05jXLx3bq0O7itxfErWc7etky8qYPyyIMF/txQIVLd78+Ze4d7Y60t5MGbXM5cGE6fFif5fEJwgswXD+BrG0cafz1CTatjSKFdvp8Vp4VszXhHDan1PrP6JEFJ5Cc5GDmLRZPCFa3vL9f5qXgf4bkqKN8MYeEujwJE5nMRWoiJVNakix2bcrrneQMBlnYeYZVWXXXUusAQBzl4NgddC1umZpihZkL1b1MffZAUW3EGEXi7KHnllQhkTLLsQ8ntMgbylqaJKStqaXlLvdeRJcEnUuiFCrHEVVbXRFZR7XVDZ02CE5o3MuaRPty8Kh+jRTF3COlAckHwYEJCNNJvXFgb2CNXL4mjzYDw== test@localhost]
    23:42:45.731 |  38 Pool-1-worker-12 | DEBUG | d.t.c.a.a.c.u.util.UserUtilService   : Removing 3 users from all courses...
    23:42:45.732 |  38 Pool-1-worker-12 | DEBUG | d.t.c.a.a.c.u.util.UserUtilService   : Removing 3 users from all courses. Done
    23:42:45.732 |  38 Pool-1-worker-12 | DEBUG | d.t.c.a.a.c.u.util.UserUtilService   : Save 3 users to database...
    23:42:45.741 |  38 Pool-1-worker-12 | DEBUG | d.t.c.a.a.c.u.util.UserUtilService   : Save 3 users to database. Done
    23:42:45.746 | 566 localvc.event-13 | DEBUG | s.l.LocalCIWebsocketMessagingService : Sending message on topic /topic/admin/build-agents: [BuildAgentInformation[buildAgent=BuildAgentDTO[name=artemis-build-agent-test, memberAddress=[127.0.0.1]:5703, displayName=artemis-build-agent-test], maxNumberOfConcurrentBuildJobs=1, numberOfCurrentBuildJobs=0, runningBuildJobs=[], status=IDLE, recentBuildJobs=null, publicSshKey=null]]
    23:42:45.755 | 566 localvc.event-13 | DEBUG | s.l.LocalCIWebsocketMessagingService : Sending message on topic /topic/admin/build-agent/artemis-build-agent-test: BuildAgentInformation[buildAgent=BuildAgentDTO[name=artemis-build-agent-test, memberAddress=[127.0.0.1]:5703, displayName=artemis-build-agent-test], maxNumberOfConcurrentBuildJobs=1, numberOfCurrentBuildJobs=0, runningBuildJobs=[], status=IDLE, recentBuildJobs=[BuildJobQueueItem[id=4621739576562326, name=SHORT43ACF76B02BC1044B80938509D14043FABDETSTEXC-LOCALCIINTSTUDENT1, buildAgent=BuildAgentDTO[name=artemis-build-agent-test, memberAddress=[127.0.0.1]:5703, displayName=artemis-build-agent-test], participationId=462, courseId=147, exerciseId=298, retryCount=0, priority=2, status=SUCCESSFUL, repositoryInfo=RepositoryInfo[repositoryName=short43acf76b02bc1044b80938509d14043fabdetstexc-localciintstudent1, repositoryType=user, triggeredByPushTo=user, assignmentRepositoryUri=http://localhost:49152/git/SHORT43ACF76B02BC1044B80938509D14043FABDETSTEXC/short43acf76b02bc1044b80938509d14043fabdetstexc-localciintstudent1.git, testRepositoryUri=http://localhost:49152/git/SHORT43ACF76B02BC1044B80938509D14043FABDETSTEXC/short43acf76b02bc1044b80938509d14043fabdetstexc-tests.git, solutionRepositoryUri=null, auxiliaryRepositoryUris=[Ljava.lang.String;@53cf2cb4, auxiliaryRepositoryCheckoutDirectories=[Ljava.lang.String;@d40c028], jobTimingInfo=JobTimingInfo[submissionDate=2025-02-14T23:42:42.326978596Z[Etc/UTC], buildStartDate=2025-02-14T23:42:42.420147010Z[Etc/UTC], buildCompletionDate=2025-02-14T23:42:45.573855829Z[Etc/UTC], estimatedCompletionDate=2025-02-14T23:43:01.420129377Z[Etc/UTC], estimatedDuration=19], buildConfig=BuildConfig[buildScript=#!/bin/bash
cd /var/tmp/testing-dir
chmod +x ./gradlew
./gradlew clean test
, dockerImage=dummy-docker-image:latest, commitHashToBuild=a9c717ccf7bcbe9531d3eee21dbaeb5aab2ff971, assignmentCommitHash=a9c717ccf7bcbe9531d3eee21dbaeb5aab2ff971, testCommitHash=a9c717ccf7bcbe9531d3eee21dbaeb5aab2ff971, branch=main, programmingLanguage=JAVA, projectType=PLAIN_GRADLE, scaEnabled=false, sequentialTestRunsEnabled=false, resultPaths=[/var/tmp/testing-dir/**/test-results/test/*.xml], timeoutSeconds=0, assignmentCheckoutPath=null, testCheckoutPath=null, solutionCheckoutPath=null, dockerRunConfig=DockerRunConfig[isNetworkDisabled=true, env=[key=value]]], submissionResult=ResultDTO[id=132, completionDate=2025-02-14T23:42:45.519869118Z[Etc/UTC], successful=false, score=7.7, rated=true, submission=SubmissionDTO[id=119, submitted=true, type=MANUAL, exampleSubmission=null, submissionDate=2025-02-14T23:42:42.302762Z, commitHash=a9c717ccf7bcbe9531d3eee21dbaeb5aab2ff971, buildFailed=false, buildArtifact=false, participation=ParticipationDTO[id=462, testRun=false, type=programming, submissionCount=null, exercise=ParticipationExerciseDTO[id=298, exerciseType=PROGRAMMING, type=programming, assessmentType=AUTOMATIC, dueDate=2025-02-16T23:42:41.553955Z, assessmentDueDate=null, maxPoints=42.0, course=CourseDTO[id=147, accuracyOfScores=1]]], submissionExerciseType=programming, isProcessing=false, buildStartDate=null, estimatedCompletionDate=null], participation=ParticipationDTO[id=462, testRun=false, type=programming, submissionCount=null, exercise=ParticipationExerciseDTO[id=298, exerciseType=PROGRAMMING, type=programming, assessmentType=AUTOMATIC, dueDate=2025-02-16T23:42:41.553955Z, assessmentDueDate=null, maxPoints=42.0, course=CourseDTO[id=147, accuracyOfScores=1]]], feedbacks=[FeedbackDTO[id=67, text=null, detailText=The exercise expects a class with the name Context in the package testpackage. You did not implement the class in the exercise., hasLongFeedbackText=false, reference=null, credits=0.0, positive=false, type=AUTOMATIC, visibility=ALWAYS, testCase=TestCaseDTO[testName=null, id=13]], FeedbackDTO[id=68, text=null, detailText=The exercise expects a class with the name Policy in the package testpackage. You did not implement the class in the exercise., hasLongFeedbackText=false, reference=null, credits=0.0, positive=false, type=AUTOMATIC, visibility=ALWAYS, testCase=TestCaseDTO[testName=null, id=14]], FeedbackDTO[id=69, text=null, detailText=The exercise expects a class with the name SortStrategy in the package testpackage. You did not implement the class in the exercise., hasLongFeedbackText=false, reference=null, credits=0.0, positive=false, type=AUTOMATIC, visibility=ALWAYS, testCase=TestCaseDTO[testName=null, id=15]], FeedbackDTO[id=70, text=null, detailText=The class 'MergeSort' does not implement the interface 'SortStrategy' as expected. Implement the interface and its methods., hasLongFeedbackText=false, reference=null, credits=0.0, positive=false, type=AUTOMATIC, visibility=ALWAYS, testCase=TestCaseDTO[testName=null, id=10]], FeedbackDTO[id=71, text=null, detailText=The exercise expects a class with the name SortStrategy in the package testpackage. You did not implement the class in the exercise., hasLongFeedbackText=false, reference=null, credits=0.0, positive=false, type=AUTOMATIC, visibility=ALWAYS, testCase=TestCaseDTO[testName=null, id=7]], FeedbackDTO[id=72, text=null, detailText=The class 'BubbleSort' does not implement the interface 'SortStrategy' as expected. Implement the interface and its methods., hasLongFeedbackText=false, reference=null, credits=0.0, positive=false, type=AUTOMATIC, visibility=ALWAYS, testCase=TestCaseDTO[testName=null, id=11]], FeedbackDTO[id=73, text=null, detailText=MergeSort does not sort correctly, hasLongFeedbackText=false, reference=null, credits=0.0, positive=false, type=AUTOMATIC, visibility=ALWAYS, testCase=TestCaseDTO[testName=null, id=16]], FeedbackDTO[id=74, text=null, detailText=The class 'Context' was not found within the submission. Make sure to implement it properly., hasLongFeedbackText=false, reference=null, credits=0.0, positive=false, type=AUTOMATIC, visibility=ALWAYS, testCase=TestCaseDTO[testName=null, id=17]], FeedbackDTO[id=75, text=null, detailText=The class 'Context' was not found within the submission. Make sure to implement it properly., hasLongFeedbackText=false, reference=null, credits=0.0, positive=false, type=AUTOMATIC, visibility=ALWAYS, testCase=TestCaseDTO[testName=null, id=18]], FeedbackDTO[id=76, text=null, detailText=The exercise expects a class with the name Policy in the package testpackage. You did not implement the class in the exercise., hasLongFeedbackText=false, reference=null, credits=0.0, positive=false, type=AUTOMATIC, visibility=ALWAYS, testCase=TestCaseDTO[testName=null, id=12]], FeedbackDTO[id=77, text=null, detailText=The exercise expects a class with the name Context in the package testpackage. You did not implement the class in the exercise., hasLongFeedbackText=false, reference=null, credits=0.0, positive=false, type=AUTOMATIC, visibility=ALWAYS, testCase=TestCaseDTO[testName=null, id=8]], FeedbackDTO[id=78, text=null, detailText=The exercise expects a class with the name Policy in the package testpackage. You did not implement the class in the exercise., hasLongFeedbackText=false, reference=null, credits=0.0, positive=false, type=AUTOMATIC, visibility=ALWAYS, testCase=TestCaseDTO[testName=null, id=9]], FeedbackDTO[id=79, text=null, detailText=null, hasLongFeedbackText=false, reference=null, credits=3.230769230769231, positive=true, type=AUTOMATIC, visibility=ALWAYS, testCase=TestCaseDTO[testName=null, id=19]]], assessmentType=AUTOMATIC, hasComplaint=null, exampleResult=null, testCaseCount=13, passedTestCaseCount=1, codeIssueCount=0]]], publicSshKey=ssh-rsa AAAAB3NzaC1yc2EAAAADAQABAAACAQCOPdMsxRE2jFJ/UEa5/LsBxtwzJcrh3/rYBCQvcMeVpiRfhzQPWu7mrt/G2Ew+i+vRloGH9aqKg6dd1liRncao53Zmd/ePxoatXePNhmzTfkCkcSkTUz7B+QMjkoDDV5jwuFPD6mF3JkhuzSi64n9Zy905t4w2IhVcjM2mL3eYNjiCXt6Qpq3Pkt7dM/Ksw1nxnvuiIALuJLB3FTkXkHqq3PJav+9HSq2r6ZaWgekneaGxlQlb+U+Vy3XOuArKAzK8c8i+0bR+AHiTG6ncYXt7ax3U+TdlDTF7OLP3umwaYjs1NBXOHwG42pevvpKn2fqavZZozk+M05jXLx3bq0O7itxfErWc7etky8qYPyyIMF/txQIVLd78+Ze4d7Y60t5MGbXM5cGE6fFif5fEJwgswXD+BrG0cafz1CTatjSKFdvp8Vp4VszXhHDan1PrP6JEFJ5Cc5GDmLRZPCFa3vL9f5qXgf4bkqKN8MYeEujwJE5nMRWoiJVNakix2bcrrneQMBlnYeYZVWXXXUusAQBzl4NgddC1umZpihZkL1b1MffZAUW3EGEXi7KHnllQhkTLLsQ8ntMgbylqaJKStqaXlLvdeRJcEnUuiFCrHEVVbXRFZR7XVDZ02CE5o3MuaRPty8Kh+jRTF3COlAckHwYEJCNNJvXFgb2CNXL4mjzYDw== test@localhost]
    23:42:45.756 | 566 localvc.event-13 | DEBUG | a.p.s.l.SharedQueueManagementService : Build agent updated: null
    23:42:45.764 |  38 Pool-1-worker-12 | DEBUG | .c.s.m.InstanceMessageReceiveService : Received schedule participant score for exercise 280 and participant 44 (result to be deleted: null)
    23:42:45.764 |  38 Pool-1-worker-12 | DEBUG | .a.s.ParticipantScoreScheduleService : Scheduled task for exercise 280 and participant 44 at 2025-02-14T23:42:45.864645305Z[Etc/UTC].
    23:42:45.770 | 566 localvc.event-13 | DEBUG | a.p.s.l.LocalCIQueueWebsocketService : Build agent updated: BuildAgentInformation[buildAgent=BuildAgentDTO[name=artemis-build-agent-test, memberAddress=[127.0.0.1]:5703, displayName=artemis-build-agent-test], maxNumberOfConcurrentBuildJobs=1, numberOfCurrentBuildJobs=0, runningBuildJobs=[], status=IDLE, recentBuildJobs=[BuildJobQueueItem[id=4621739576562326, name=SHORT43ACF76B02BC1044B80938509D14043FABDETSTEXC-LOCALCIINTSTUDENT1, buildAgent=BuildAgentDTO[name=artemis-build-agent-test, memberAddress=[127.0.0.1]:5703, displayName=artemis-build-agent-test], participationId=462, courseId=147, exerciseId=298, retryCount=0, priority=2, status=SUCCESSFUL, repositoryInfo=RepositoryInfo[repositoryName=short43acf76b02bc1044b80938509d14043fabdetstexc-localciintstudent1, repositoryType=user, triggeredByPushTo=user, assignmentRepositoryUri=http://localhost:49152/git/SHORT43ACF76B02BC1044B80938509D14043FABDETSTEXC/short43acf76b02bc1044b80938509d14043fabdetstexc-localciintstudent1.git, testRepositoryUri=http://localhost:49152/git/SHORT43ACF76B02BC1044B80938509D14043FABDETSTEXC/short43acf76b02bc1044b80938509d14043fabdetstexc-tests.git, solutionRepositoryUri=null, auxiliaryRepositoryUris=[Ljava.lang.String;@457c56c6, auxiliaryRepositoryCheckoutDirectories=[Ljava.lang.String;@8ff426], jobTimingInfo=JobTimingInfo[submissionDate=2025-02-14T23:42:42.326978596Z[Etc/UTC], buildStartDate=2025-02-14T23:42:42.420147010Z[Etc/UTC], buildCompletionDate=2025-02-14T23:42:45.573855829Z[Etc/UTC], estimatedCompletionDate=2025-02-14T23:43:01.420129377Z[Etc/UTC], estimatedDuration=19], buildConfig=BuildConfig[buildScript=#!/bin/bash
cd /var/tmp/testing-dir
chmod +x ./gradlew
./gradlew clean test
, dockerImage=dummy-docker-image:latest, commitHashToBuild=a9c717ccf7bcbe9531d3eee21dbaeb5aab2ff971, assignmentCommitHash=a9c717ccf7bcbe9531d3eee21dbaeb5aab2ff971, testCommitHash=a9c717ccf7bcbe9531d3eee21dbaeb5aab2ff971, branch=main, programmingLanguage=JAVA, projectType=PLAIN_GRADLE, scaEnabled=false, sequentialTestRunsEnabled=false, resultPaths=[/var/tmp/testing-dir/**/test-results/test/*.xml], timeoutSeconds=0, assignmentCheckoutPath=null, testCheckoutPath=null, solutionCheckoutPath=null, dockerRunConfig=DockerRunConfig[isNetworkDisabled=true, env=[key=value]]], submissionResult=ResultDTO[id=132, completionDate=2025-02-14T23:42:45.519869118Z[Etc/UTC], successful=false, score=7.7, rated=true, submission=SubmissionDTO[id=119, submitted=true, type=MANUAL, exampleSubmission=null, submissionDate=2025-02-14T23:42:42.302762Z, commitHash=a9c717ccf7bcbe9531d3eee21dbaeb5aab2ff971, buildFailed=false, buildArtifact=false, participation=ParticipationDTO[id=462, testRun=false, type=programming, submissionCount=null, exercise=ParticipationExerciseDTO[id=298, exerciseType=PROGRAMMING, type=programming, assessmentType=AUTOMATIC, dueDate=2025-02-16T23:42:41.553955Z, assessmentDueDate=null, maxPoints=42.0, course=CourseDTO[id=147, accuracyOfScores=1]]], submissionExerciseType=programming, isProcessing=false, buildStartDate=null, estimatedCompletionDate=null], participation=ParticipationDTO[id=462, testRun=false, type=programming, submissionCount=null, exercise=ParticipationExerciseDTO[id=298, exerciseType=PROGRAMMING, type=programming, assessmentType=AUTOMATIC, dueDate=2025-02-16T23:42:41.553955Z, assessmentDueDate=null, maxPoints=42.0, course=CourseDTO[id=147, accuracyOfScores=1]]], feedbacks=[FeedbackDTO[id=67, text=null, detailText=The exercise expects a class with the name Context in the package testpackage. You did not implement the class in the exercise., hasLongFeedbackText=false, reference=null, credits=0.0, positive=false, type=AUTOMATIC, visibility=ALWAYS, testCase=TestCaseDTO[testName=null, id=13]], FeedbackDTO[id=68, text=null, detailText=The exercise expects a class with the name Policy in the package testpackage. You did not implement the class in the exercise., hasLongFeedbackText=false, reference=null, credits=0.0, positive=false, type=AUTOMATIC, visibility=ALWAYS, testCase=TestCaseDTO[testName=null, id=14]], FeedbackDTO[id=69, text=null, detailText=The exercise expects a class with the name SortStrategy in the package testpackage. You did not implement the class in the exercise., hasLongFeedbackText=false, reference=null, credits=0.0, positive=false, type=AUTOMATIC, visibility=ALWAYS, testCase=TestCaseDTO[testName=null, id=15]], FeedbackDTO[id=70, text=null, detailText=The class 'MergeSort' does not implement the interface 'SortStrategy' as expected. Implement the interface and its methods., hasLongFeedbackText=false, reference=null, credits=0.0, positive=false, type=AUTOMATIC, visibility=ALWAYS, testCase=TestCaseDTO[testName=null, id=10]], FeedbackDTO[id=71, text=null, detailText=The exercise expects a class with the name SortStrategy in the package testpackage. You did not implement the class in the exercise., hasLongFeedbackText=false, reference=null, credits=0.0, positive=false, type=AUTOMATIC, visibility=ALWAYS, testCase=TestCaseDTO[testName=null, id=7]], FeedbackDTO[id=72, text=null, detailText=The class 'BubbleSort' does not implement the interface 'SortStrategy' as expected. Implement the interface and its methods., hasLongFeedbackText=false, reference=null, credits=0.0, positive=false, type=AUTOMATIC, visibility=ALWAYS, testCase=TestCaseDTO[testName=null, id=11]], FeedbackDTO[id=73, text=null, detailText=MergeSort does not sort correctly, hasLongFeedbackText=false, reference=null, credits=0.0, positive=false, type=AUTOMATIC, visibility=ALWAYS, testCase=TestCaseDTO[testName=null, id=16]], FeedbackDTO[id=74, text=null, detailText=The class 'Context' was not found within the submission. Make sure to implement it properly., hasLongFeedbackText=false, reference=null, credits=0.0, positive=false, type=AUTOMATIC, visibility=ALWAYS, testCase=TestCaseDTO[testName=null, id=17]], FeedbackDTO[id=75, text=null, detailText=The class 'Context' was not found within the submission. Make sure to implement it properly., hasLongFeedbackText=false, reference=null, credits=0.0, positive=false, type=AUTOMATIC, visibility=ALWAYS, testCase=TestCaseDTO[testName=null, id=18]], FeedbackDTO[id=76, text=null, detailText=The exercise expects a class with the name Policy in the package testpackage. You did not implement the class in the exercise., hasLongFeedbackText=false, reference=null, credits=0.0, positive=false, type=AUTOMATIC, visibility=ALWAYS, testCase=TestCaseDTO[testName=null, id=12]], FeedbackDTO[id=77, text=null, detailText=The exercise expects a class with the name Context in the package testpackage. You did not implement the class in the exercise., hasLongFeedbackText=false, reference=null, credits=0.0, positive=false, type=AUTOMATIC, visibility=ALWAYS, testCase=TestCaseDTO[testName=null, id=8]], FeedbackDTO[id=78, text=null, detailText=The exercise expects a class with the name Policy in the package testpackage. You did not implement the class in the exercise., hasLongFeedbackText=false, reference=null, credits=0.0, positive=false, type=AUTOMATIC, visibility=ALWAYS, testCase=TestCaseDTO[testName=null, id=9]], FeedbackDTO[id=79, text=null, detailText=null, hasLongFeedbackText=false, reference=null, credits=3.230769230769231, positive=true, type=AUTOMATIC, visibility=ALWAYS, testCase=TestCaseDTO[testName=null, id=19]]], assessmentType=AUTOMATIC, hasComplaint=null, exampleResult=null, testCaseCount=13, passedTestCaseCount=1, codeIssueCount=0]]], publicSshKey=ssh-rsa AAAAB3NzaC1yc2EAAAADAQABAAACAQCOPdMsxRE2jFJ/UEa5/LsBxtwzJcrh3/rYBCQvcMeVpiRfhzQPWu7mrt/G2Ew+i+vRloGH9aqKg6dd1liRncao53Zmd/ePxoatXePNhmzTfkCkcSkTUz7B+QMjkoDDV5jwuFPD6mF3JkhuzSi64n9Zy905t4w2IhVcjM2mL3eYNjiCXt6Qpq3Pkt7dM/Ksw1nxnvuiIALuJLB3FTkXkHqq3PJav+9HSq2r6ZaWgekneaGxlQlb+U+Vy3XOuArKAzK8c8i+0bR+AHiTG6ncYXt7ax3U+TdlDTF7OLP3umwaYjs1NBXOHwG42pevvpKn2fqavZZozk+M05jXLx3bq0O7itxfErWc7etky8qYPyyIMF/txQIVLd78+Ze4d7Y60t5MGbXM5cGE6fFif5fEJwgswXD+BrG0cafz1CTatjSKFdvp8Vp4VszXhHDan1PrP6JEFJ5Cc5GDmLRZPCFa3vL9f5qXgf4bkqKN8MYeEujwJE5nMRWoiJVNakix2bcrrneQMBlnYeYZVWXXXUusAQBzl4NgddC1umZpihZkL1b1MffZAUW3EGEXi7KHnllQhkTLLsQ8ntMgbylqaJKStqaXlLvdeRJcEnUuiFCrHEVVbXRFZR7XVDZ02CE5o3MuaRPty8Kh+jRTF3COlAckHwYEJCNNJvXFgb2CNXL4mjzYDw== test@localhost]
    23:42:45.772 | 566 localvc.event-13 | DEBUG | s.l.LocalCIWebsocketMessagingService : Sending message on topic /topic/admin/build-agents: [BuildAgentInformation[buildAgent=BuildAgentDTO[name=artemis-build-agent-test, memberAddress=[127.0.0.1]:5703, displayName=artemis-build-agent-test], maxNumberOfConcurrentBuildJobs=1, numberOfCurrentBuildJobs=0, runningBuildJobs=[], status=IDLE, recentBuildJobs=null, publicSshKey=null]]
    23:42:45.774 | 566 localvc.event-13 | DEBUG | s.l.LocalCIWebsocketMessagingService : Sending message on topic /topic/admin/build-agent/artemis-build-agent-test: BuildAgentInformation[buildAgent=BuildAgentDTO[name=artemis-build-agent-test, memberAddress=[127.0.0.1]:5703, displayName=artemis-build-agent-test], maxNumberOfConcurrentBuildJobs=1, numberOfCurrentBuildJobs=0, runningBuildJobs=[], status=IDLE, recentBuildJobs=[BuildJobQueueItem[id=4621739576562326, name=SHORT43ACF76B02BC1044B80938509D14043FABDETSTEXC-LOCALCIINTSTUDENT1, buildAgent=BuildAgentDTO[name=artemis-build-agent-test, memberAddress=[127.0.0.1]:5703, displayName=artemis-build-agent-test], participationId=462, courseId=147, exerciseId=298, retryCount=0, priority=2, status=SUCCESSFUL, repositoryInfo=RepositoryInfo[repositoryName=short43acf76b02bc1044b80938509d14043fabdetstexc-localciintstudent1, repositoryType=user, triggeredByPushTo=user, assignmentRepositoryUri=http://localhost:49152/git/SHORT43ACF76B02BC1044B80938509D14043FABDETSTEXC/short43acf76b02bc1044b80938509d14043fabdetstexc-localciintstudent1.git, testRepositoryUri=http://localhost:49152/git/SHORT43ACF76B02BC1044B80938509D14043FABDETSTEXC/short43acf76b02bc1044b80938509d14043fabdetstexc-tests.git, solutionRepositoryUri=null, auxiliaryRepositoryUris=[Ljava.lang.String;@c9c58a4, auxiliaryRepositoryCheckoutDirectories=[Ljava.lang.String;@73cdb3d5], jobTimingInfo=JobTimingInfo[submissionDate=2025-02-14T23:42:42.326978596Z[Etc/UTC], buildStartDate=2025-02-14T23:42:42.420147010Z[Etc/UTC], buildCompletionDate=2025-02-14T23:42:45.573855829Z[Etc/UTC], estimatedCompletionDate=2025-02-14T23:43:01.420129377Z[Etc/UTC], estimatedDuration=19], buildConfig=BuildConfig[buildScript=#!/bin/bash
cd /var/tmp/testing-dir
chmod +x ./gradlew
./gradlew clean test
, dockerImage=dummy-docker-image:latest, commitHashToBuild=a9c717ccf7bcbe9531d3eee21dbaeb5aab2ff971, assignmentCommitHash=a9c717ccf7bcbe9531d3eee21dbaeb5aab2ff971, testCommitHash=a9c717ccf7bcbe9531d3eee21dbaeb5aab2ff971, branch=main, programmingLanguage=JAVA, projectType=PLAIN_GRADLE, scaEnabled=false, sequentialTestRunsEnabled=false, resultPaths=[/var/tmp/testing-dir/**/test-results/test/*.xml], timeoutSeconds=0, assignmentCheckoutPath=null, testCheckoutPath=null, solutionCheckoutPath=null, dockerRunConfig=DockerRunConfig[isNetworkDisabled=true, env=[key=value]]], submissionResult=ResultDTO[id=132, completionDate=2025-02-14T23:42:45.519869118Z[Etc/UTC], successful=false, score=7.7, rated=true, submission=SubmissionDTO[id=119, submitted=true, type=MANUAL, exampleSubmission=null, submissionDate=2025-02-14T23:42:42.302762Z, commitHash=a9c717ccf7bcbe9531d3eee21dbaeb5aab2ff971, buildFailed=false, buildArtifact=false, participation=ParticipationDTO[id=462, testRun=false, type=programming, submissionCount=null, exercise=ParticipationExerciseDTO[id=298, exerciseType=PROGRAMMING, type=programming, assessmentType=AUTOMATIC, dueDate=2025-02-16T23:42:41.553955Z, assessmentDueDate=null, maxPoints=42.0, course=CourseDTO[id=147, accuracyOfScores=1]]], submissionExerciseType=programming, isProcessing=false, buildStartDate=null, estimatedCompletionDate=null], participation=ParticipationDTO[id=462, testRun=false, type=programming, submissionCount=null, exercise=ParticipationExerciseDTO[id=298, exerciseType=PROGRAMMING, type=programming, assessmentType=AUTOMATIC, dueDate=2025-02-16T23:42:41.553955Z, assessmentDueDate=null, maxPoints=42.0, course=CourseDTO[id=147, accuracyOfScores=1]]], feedbacks=[FeedbackDTO[id=67, text=null, detailText=The exercise expects a class with the name Context in the package testpackage. You did not implement the class in the exercise., hasLongFeedbackText=false, reference=null, credits=0.0, positive=false, type=AUTOMATIC, visibility=ALWAYS, testCase=TestCaseDTO[testName=null, id=13]], FeedbackDTO[id=68, text=null, detailText=The exercise expects a class with the name Policy in the package testpackage. You did not implement the class in the exercise., hasLongFeedbackText=false, reference=null, credits=0.0, positive=false, type=AUTOMATIC, visibility=ALWAYS, testCase=TestCaseDTO[testName=null, id=14]], FeedbackDTO[id=69, text=null, detailText=The exercise expects a class with the name SortStrategy in the package testpackage. You did not implement the class in the exercise., hasLongFeedbackText=false, reference=null, credits=0.0, positive=false, type=AUTOMATIC, visibility=ALWAYS, testCase=TestCaseDTO[testName=null, id=15]], FeedbackDTO[id=70, text=null, detailText=The class 'MergeSort' does not implement the interface 'SortStrategy' as expected. Implement the interface and its methods., hasLongFeedbackText=false, reference=null, credits=0.0, positive=false, type=AUTOMATIC, visibility=ALWAYS, testCase=TestCaseDTO[testName=null, id=10]], FeedbackDTO[id=71, text=null, detailText=The exercise expects a class with the name SortStrategy in the package testpackage. You did not implement the class in the exercise., hasLongFeedbackText=false, reference=null, credits=0.0, positive=false, type=AUTOMATIC, visibility=ALWAYS, testCase=TestCaseDTO[testName=null, id=7]], FeedbackDTO[id=72, text=null, detailText=The class 'BubbleSort' does not implement the interface 'SortStrategy' as expected. Implement the interface and its methods., hasLongFeedbackText=false, reference=null, credits=0.0, positive=false, type=AUTOMATIC, visibility=ALWAYS, testCase=TestCaseDTO[testName=null, id=11]], FeedbackDTO[id=73, text=null, detailText=MergeSort does not sort correctly, hasLongFeedbackText=false, reference=null, credits=0.0, positive=false, type=AUTOMATIC, visibility=ALWAYS, testCase=TestCaseDTO[testName=null, id=16]], FeedbackDTO[id=74, text=null, detailText=The class 'Context' was not found within the submission. Make sure to implement it properly., hasLongFeedbackText=false, reference=null, credits=0.0, positive=false, type=AUTOMATIC, visibility=ALWAYS, testCase=TestCaseDTO[testName=null, id=17]], FeedbackDTO[id=75, text=null, detailText=The class 'Context' was not found within the submission. Make sure to implement it properly., hasLongFeedbackText=false, reference=null, credits=0.0, positive=false, type=AUTOMATIC, visibility=ALWAYS, testCase=TestCaseDTO[testName=null, id=18]], FeedbackDTO[id=76, text=null, detailText=The exercise expects a class with the name Policy in the package testpackage. You did not implement the class in the exercise., hasLongFeedbackText=false, reference=null, credits=0.0, positive=false, type=AUTOMATIC, visibility=ALWAYS, testCase=TestCaseDTO[testName=null, id=12]], FeedbackDTO[id=77, text=null, detailText=The exercise expects a class with the name Context in the package testpackage. You did not implement the class in the exercise., hasLongFeedbackText=false, reference=null, credits=0.0, positive=false, type=AUTOMATIC, visibility=ALWAYS, testCase=TestCaseDTO[testName=null, id=8]], FeedbackDTO[id=78, text=null, detailText=The exercise expects a class with the name Policy in the package testpackage. You did not implement the class in the exercise., hasLongFeedbackText=false, reference=null, credits=0.0, positive=false, type=AUTOMATIC, visibility=ALWAYS, testCase=TestCaseDTO[testName=null, id=9]], FeedbackDTO[id=79, text=null, detailText=null, hasLongFeedbackText=false, reference=null, credits=3.230769230769231, positive=true, type=AUTOMATIC, visibility=ALWAYS, testCase=TestCaseDTO[testName=null, id=19]]], assessmentType=AUTOMATIC, hasComplaint=null, exampleResult=null, testCaseCount=13, passedTestCaseCount=1, codeIssueCount=0]]], publicSshKey=ssh-rsa AAAAB3NzaC1yc2EAAAADAQABAAACAQCOPdMsxRE2jFJ/UEa5/LsBxtwzJcrh3/rYBCQvcMeVpiRfhzQPWu7mrt/G2Ew+i+vRloGH9aqKg6dd1liRncao53Zmd/ePxoatXePNhmzTfkCkcSkTUz7B+QMjkoDDV5jwuFPD6mF3JkhuzSi64n9Zy905t4w2IhVcjM2mL3eYNjiCXt6Qpq3Pkt7dM/Ksw1nxnvuiIALuJLB3FTkXkHqq3PJav+9HSq2r6ZaWgekneaGxlQlb+U+Vy3XOuArKAzK8c8i+0bR+AHiTG6ncYXt7ax3U+TdlDTF7OLP3umwaYjs1NBXOHwG42pevvpKn2fqavZZozk+M05jXLx3bq0O7itxfErWc7etky8qYPyyIMF/txQIVLd78+Ze4d7Y60t5MGbXM5cGE6fFif5fEJwgswXD+BrG0cafz1CTatjSKFdvp8Vp4VszXhHDan1PrP6JEFJ5Cc5GDmLRZPCFa3vL9f5qXgf4bkqKN8MYeEujwJE5nMRWoiJVNakix2bcrrneQMBlnYeYZVWXXXUusAQBzl4NgddC1umZpihZkL1b1MffZAUW3EGEXi7KHnllQhkTLLsQ8ntMgbylqaJKStqaXlLvdeRJcEnUuiFCrHEVVbXRFZR7XVDZ02CE5o3MuaRPty8Kh+jRTF3COlAckHwYEJCNNJvXFgb2CNXL4mjzYDw== test@localhost]
    23:42:45.776 |  38 Pool-1-worker-12 | DEBUG | .c.s.m.InstanceMessageReceiveService : Received schedule participant score for exercise 280 and participant 44 (result to be deleted: null)
    23:42:45.776 |  38 Pool-1-worker-12 | DEBUG | .a.s.ParticipantScoreScheduleService : Scheduled task for exercise 280 and participant 44 at 2025-02-14T23:42:45.876374058Z[Etc/UTC].
    23:42:45.780 | 566 localvc.event-13 | DEBUG | a.p.s.l.SharedQueueManagementService : Build agent updated: null
    23:42:45.786 |  38 Pool-1-worker-12 | INFO  | i.z.t.d.l.EmbeddedDatabaseReporter   : JDBC URL to connect to 'dataSource': url='jdbc:h2:tcp://localhost:41063/mem:df70fc46-7e57-4cb5-9cd0-c1d90c14afa7;USER=sa', scope='RatingResourceIntegrationTest#testGetRatingForInstructorDashboard_asTutor_FORBIDDEN'
    23:42:45.788 |  38 Pool-1-worker-12 | DEBUG | d.t.c.a.a.c.s.f.ApiVersionFilter     : Adding Version to Request GET /api/course/363/rating
    23:42:45.789 |  38 Pool-1-worker-12 | WARN  | o.z.p.spring.common.AdviceTraits     : Forbidden: Access Denied

  Starting logs for RatingResourceIntegrationTest > testUpdateRating_asUser()
    23:42:45.804 |  38 Pool-1-worker-12 | DEBUG | d.t.c.a.a.c.u.util.UserUtilService   : Generate 1 students...
    23:42:45.807 |  38 Pool-1-worker-12 | DEBUG | d.t.c.a.a.c.u.util.UserUtilService   : 1 students generated. Generate 1 tutors...
    23:42:45.809 |  38 Pool-1-worker-12 | DEBUG | d.t.c.a.a.c.u.util.UserUtilService   : 1 tutors generated. Generate 0 editors...
    23:42:45.811 |  38 Pool-1-worker-12 | DEBUG | d.t.c.a.a.c.u.util.UserUtilService   : 0 editors generated. Generate 1 instructors...
    23:42:45.814 |  38 Pool-1-worker-12 | DEBUG | d.t.c.a.a.c.u.util.UserUtilService   : 1 instructors generated
    23:42:45.815 |  38 Pool-1-worker-12 | DEBUG | d.t.c.a.a.c.u.util.UserUtilService   : Removing 3 users from all courses...
    23:42:45.816 |  38 Pool-1-worker-12 | DEBUG | d.t.c.a.a.c.u.util.UserUtilService   : Removing 3 users from all courses. Done
    23:42:45.816 |  38 Pool-1-worker-12 | DEBUG | d.t.c.a.a.c.u.util.UserUtilService   : Save 3 users to database...
    23:42:45.820 |  38 Pool-1-worker-12 | DEBUG | d.t.c.a.a.c.u.util.UserUtilService   : Save 3 users to database. Done
    23:42:45.842 |  38 Pool-1-worker-12 | DEBUG | .c.s.m.InstanceMessageReceiveService : Received schedule participant score for exercise 281 and participant 44 (result to be deleted: null)
    23:42:45.842 |  38 Pool-1-worker-12 | DEBUG | .a.s.ParticipantScoreScheduleService : Scheduled task for exercise 281 and participant 44 at 2025-02-14T23:42:45.942741614Z[Etc/UTC].
    23:42:45.852 |  38 Pool-1-worker-12 | DEBUG | .c.s.m.InstanceMessageReceiveService : Received schedule participant score for exercise 281 and participant 44 (result to be deleted: null)
    23:42:45.852 |  38 Pool-1-worker-12 | DEBUG | .a.s.ParticipantScoreScheduleService : Scheduled task for exercise 281 and participant 44 at 2025-02-14T23:42:45.952487859Z[Etc/UTC].
    23:42:45.865 |  38 Pool-1-worker-12 | INFO  | i.z.t.d.l.EmbeddedDatabaseReporter   : JDBC URL to connect to 'dataSource': url='jdbc:h2:tcp://localhost:41063/mem:df70fc46-7e57-4cb5-9cd0-c1d90c14afa7;USER=sa', scope='RatingResourceIntegrationTest#testUpdateRating_asUser'
    23:42:45.869 |  38 Pool-1-worker-12 | DEBUG | d.t.c.a.a.c.s.f.ApiVersionFilter     : Adding Version to Request PUT /api/results/157/rating/5

  Starting logs for RatingResourceIntegrationTest > testCreateInvalidRating_asUser(int) [1] value=7
    23:42:45.903 |  38 Pool-1-worker-12 | DEBUG | d.t.c.a.a.c.u.util.UserUtilService   : Generate 1 students...
    23:42:45.906 |  38 Pool-1-worker-12 | DEBUG | d.t.c.a.a.c.u.util.UserUtilService   : 1 students generated. Generate 1 tutors...
    23:42:45.909 |  38 Pool-1-worker-12 | DEBUG | d.t.c.a.a.c.u.util.UserUtilService   : 1 tutors generated. Generate 0 editors...
    23:42:45.910 |  38 Pool-1-worker-12 | DEBUG | d.t.c.a.a.c.u.util.UserUtilService   : 0 editors generated. Generate 1 instructors...
    23:42:45.913 |  38 Pool-1-worker-12 | DEBUG | d.t.c.a.a.c.u.util.UserUtilService   : 1 instructors generated
    23:42:45.914 |  38 Pool-1-worker-12 | DEBUG | d.t.c.a.a.c.u.util.UserUtilService   : Removing 3 users from all courses...
    23:42:45.915 |  38 Pool-1-worker-12 | DEBUG | d.t.c.a.a.c.u.util.UserUtilService   : Removing 3 users from all courses. Done
    23:42:45.915 |  38 Pool-1-worker-12 | DEBUG | d.t.c.a.a.c.u.util.UserUtilService   : Save 3 users to database...
    23:42:45.919 |  38 Pool-1-worker-12 | DEBUG | d.t.c.a.a.c.u.util.UserUtilService   : Save 3 users to database. Done
    23:42:45.930 |  38 Pool-1-worker-12 | DEBUG | .c.s.m.InstanceMessageReceiveService : Received schedule participant score for exercise 282 and participant 44 (result to be deleted: null)
    23:42:45.930 |  38 Pool-1-worker-12 | DEBUG | .a.s.ParticipantScoreScheduleService : Scheduled task for exercise 282 and participant 44 at 2025-02-14T23:42:46.030331597Z[Etc/UTC].
    23:42:45.935 |  38 Pool-1-worker-12 | DEBUG | .c.s.m.InstanceMessageReceiveService : Received schedule participant score for exercise 282 and participant 44 (result to be deleted: null)
    23:42:45.935 |  38 Pool-1-worker-12 | DEBUG | .a.s.ParticipantScoreScheduleService : Scheduled task for exercise 282 and participant 44 at 2025-02-14T23:42:46.035357810Z[Etc/UTC].
    23:42:45.942 |  38 Pool-1-worker-12 | INFO  | i.z.t.d.l.EmbeddedDatabaseReporter   : JDBC URL to connect to 'dataSource': url='jdbc:h2:tcp://localhost:41063/mem:df70fc46-7e57-4cb5-9cd0-c1d90c14afa7;USER=sa', scope='RatingResourceIntegrationTest#testCreateInvalidRating_asUser'
    23:42:45.944 |  38 Pool-1-worker-12 | DEBUG | d.t.c.a.a.c.s.f.ApiVersionFilter     : Adding Version to Request POST /api/results/158/rating/7
    23:42:45.945 |  38 Pool-1-worker-12 | ERROR | tech.jhipster.web.util.HeaderUtil    : Entity processing failed, rating has to be between 1 and 5
    23:42:45.945 |  38 Pool-1-worker-12 | WARN  | o.z.p.spring.common.AdviceTraits     : Bad Request: rating has to be between 1 and 5

  Starting logs for RatingResourceIntegrationTest > testCreateInvalidRating_asUser(int) [2] value=123
    23:42:45.962 |  38 Pool-1-worker-12 | DEBUG | d.t.c.a.a.c.u.util.UserUtilService   : Generate 1 students...
    23:42:45.965 |  38 Pool-1-worker-12 | DEBUG | d.t.c.a.a.c.u.util.UserUtilService   : 1 students generated. Generate 1 tutors...
    23:42:45.968 |  38 Pool-1-worker-12 | DEBUG | d.t.c.a.a.c.u.util.UserUtilService   : 1 tutors generated. Generate 0 editors...
    23:42:45.969 |  38 Pool-1-worker-12 | DEBUG | d.t.c.a.a.c.u.util.UserUtilService   : 0 editors generated. Generate 1 instructors...
    23:42:45.972 |  38 Pool-1-worker-12 | DEBUG | d.t.c.a.a.c.u.util.UserUtilService   : 1 instructors generated
    23:42:45.974 |  38 Pool-1-worker-12 | DEBUG | d.t.c.a.a.c.u.util.UserUtilService   : Removing 3 users from all courses...
    23:42:45.975 |  38 Pool-1-worker-12 | DEBUG | d.t.c.a.a.c.u.util.UserUtilService   : Removing 3 users from all courses. Done
    23:42:45.975 |  38 Pool-1-worker-12 | DEBUG | d.t.c.a.a.c.u.util.UserUtilService   : Save 3 users to database...
    23:42:45.978 |  38 Pool-1-worker-12 | DEBUG | d.t.c.a.a.c.u.util.UserUtilService   : Save 3 users to database. Done
    23:42:45.989 |  38 Pool-1-worker-12 | DEBUG | .c.s.m.InstanceMessageReceiveService : Received schedule participant score for exercise 283 and participant 44 (result to be deleted: null)
    23:42:45.990 |  38 Pool-1-worker-12 | DEBUG | .a.s.ParticipantScoreScheduleService : Scheduled task for exercise 283 and participant 44 at 2025-02-14T23:42:46.090060984Z[Etc/UTC].
    23:42:45.995 |  38 Pool-1-worker-12 | DEBUG | .c.s.m.InstanceMessageReceiveService : Received schedule participant score for exercise 283 and participant 44 (result to be deleted: null)
    23:42:45.995 |  38 Pool-1-worker-12 | DEBUG | .a.s.ParticipantScoreScheduleService : Scheduled task for exercise 283 and participant 44 at 2025-02-14T23:42:46.095212331Z[Etc/UTC].
    23:42:46.000 |  38 Pool-1-worker-12 | INFO  | i.z.t.d.l.EmbeddedDatabaseReporter   : JDBC URL to connect to 'dataSource': url='jdbc:h2:tcp://localhost:41063/mem:df70fc46-7e57-4cb5-9cd0-c1d90c14afa7;USER=sa', scope='RatingResourceIntegrationTest#testCreateInvalidRating_asUser'
    23:42:46.002 |  38 Pool-1-worker-12 | DEBUG | d.t.c.a.a.c.s.f.ApiVersionFilter     : Adding Version to Request POST /api/results/159/rating/123
    23:42:46.003 |  38 Pool-1-worker-12 | ERROR | tech.jhipster.web.util.HeaderUtil    : Entity processing failed, rating has to be between 1 and 5
    23:42:46.003 |  38 Pool-1-worker-12 | WARN  | o.z.p.spring.common.AdviceTraits     : Bad Request: rating has to be between 1 and 5

  Starting logs for RatingResourceIntegrationTest > testCreateInvalidRating_asUser(int) [3] value=-5
    23:42:46.019 |  38 Pool-1-worker-12 | DEBUG | d.t.c.a.a.c.u.util.UserUtilService   : Generate 1 students...
    23:42:46.022 |  38 Pool-1-worker-12 | DEBUG | d.t.c.a.a.c.u.util.UserUtilService   : 1 students generated. Generate 1 tutors...
    23:42:46.025 |  38 Pool-1-worker-12 | DEBUG | d.t.c.a.a.c.u.util.UserUtilService   : 1 tutors generated. Generate 0 editors...
    23:42:46.026 |  38 Pool-1-worker-12 | DEBUG | d.t.c.a.a.c.u.util.UserUtilService   : 0 editors generated. Generate 1 instructors...
    23:42:46.029 |  38 Pool-1-worker-12 | DEBUG | d.t.c.a.a.c.u.util.UserUtilService   : 1 instructors generated
    23:42:46.030 |  38 Pool-1-worker-12 | DEBUG | d.t.c.a.a.c.u.util.UserUtilService   : Removing 3 users from all courses...
    23:42:46.031 |  38 Pool-1-worker-12 | DEBUG | d.t.c.a.a.c.u.util.UserUtilService   : Removing 3 users from all courses. Done
    23:42:46.031 |  38 Pool-1-worker-12 | DEBUG | d.t.c.a.a.c.u.util.UserUtilService   : Save 3 users to database...
    23:42:46.035 |  38 Pool-1-worker-12 | DEBUG | d.t.c.a.a.c.u.util.UserUtilService   : Save 3 users to database. Done
    23:42:46.046 |  38 Pool-1-worker-12 | DEBUG | .c.s.m.InstanceMessageReceiveService : Received schedule participant score for exercise 284 and participant 44 (result to be deleted: null)
    23:42:46.046 |  38 Pool-1-worker-12 | DEBUG | .a.s.ParticipantScoreScheduleService : Scheduled task for exercise 284 and participant 44 at 2025-02-14T23:42:46.146758918Z[Etc/UTC].
    23:42:46.051 |  38 Pool-1-worker-12 | DEBUG | .c.s.m.InstanceMessageReceiveService : Received schedule participant score for exercise 284 and participant 44 (result to be deleted: null)
    23:42:46.051 |  38 Pool-1-worker-12 | DEBUG | .a.s.ParticipantScoreScheduleService : Scheduled task for exercise 284 and participant 44 at 2025-02-14T23:42:46.151669004Z[Etc/UTC].
    23:42:46.057 |  38 Pool-1-worker-12 | INFO  | i.z.t.d.l.EmbeddedDatabaseReporter   : JDBC URL to connect to 'dataSource': url='jdbc:h2:tcp://localhost:41063/mem:df70fc46-7e57-4cb5-9cd0-c1d90c14afa7;USER=sa', scope='RatingResourceIntegrationTest#testCreateInvalidRating_asUser'
    23:42:46.058 |  38 Pool-1-worker-12 | DEBUG | d.t.c.a.a.c.s.f.ApiVersionFilter     : Adding Version to Request POST /api/results/160/rating/-5
    23:42:46.060 |  38 Pool-1-worker-12 | ERROR | tech.jhipster.web.util.HeaderUtil    : Entity processing failed, rating has to be between 1 and 5
    23:42:46.060 |  38 Pool-1-worker-12 | WARN  | o.z.p.spring.common.AdviceTraits     : Bad Request: rating has to be between 1 and 5

  Starting logs for RatingResourceIntegrationTest > testCreateInvalidRating_asUser(int) [4] value=0
    23:42:46.074 |  38 Pool-1-worker-12 | DEBUG | d.t.c.a.a.c.u.util.UserUtilService   : Generate 1 students...
    23:42:46.078 |  38 Pool-1-worker-12 | DEBUG | d.t.c.a.a.c.u.util.UserUtilService   : 1 students generated. Generate 1 tutors...
    23:42:46.080 |  38 Pool-1-worker-12 | DEBUG | d.t.c.a.a.c.u.util.UserUtilService   : 1 tutors generated. Generate 0 editors...
    23:42:46.082 |  38 Pool-1-worker-12 | DEBUG | d.t.c.a.a.c.u.util.UserUtilService   : 0 editors generated. Generate 1 instructors...
    23:42:46.085 |  38 Pool-1-worker-12 | DEBUG | d.t.c.a.a.c.u.util.UserUtilService   : 1 instructors generated
    23:42:46.086 |  38 Pool-1-worker-12 | DEBUG | d.t.c.a.a.c.u.util.UserUtilService   : Removing 3 users from all courses...
    23:42:46.087 |  38 Pool-1-worker-12 | DEBUG | d.t.c.a.a.c.u.util.UserUtilService   : Removing 3 users from all courses. Done
    23:42:46.087 |  38 Pool-1-worker-12 | DEBUG | d.t.c.a.a.c.u.util.UserUtilService   : Save 3 users to database...
    23:42:46.090 |  38 Pool-1-worker-12 | DEBUG | d.t.c.a.a.c.u.util.UserUtilService   : Save 3 users to database. Done
    23:42:46.103 |  38 Pool-1-worker-12 | DEBUG | .c.s.m.InstanceMessageReceiveService : Received schedule participant score for exercise 285 and participant 44 (result to be deleted: null)
    23:42:46.103 |  38 Pool-1-worker-12 | DEBUG | .a.s.ParticipantScoreScheduleService : Scheduled task for exercise 285 and participant 44 at 2025-02-14T23:42:46.203601491Z[Etc/UTC].
    23:42:46.110 |  38 Pool-1-worker-12 | DEBUG | .c.s.m.InstanceMessageReceiveService : Received schedule participant score for exercise 285 and participant 44 (result to be deleted: null)
    23:42:46.110 |  38 Pool-1-worker-12 | DEBUG | .a.s.ParticipantScoreScheduleService : Scheduled task for exercise 285 and participant 44 at 2025-02-14T23:42:46.210789246Z[Etc/UTC].
    23:42:46.116 |  38 Pool-1-worker-12 | INFO  | i.z.t.d.l.EmbeddedDatabaseReporter   : JDBC URL to connect to 'dataSource': url='jdbc:h2:tcp://localhost:41063/mem:df70fc46-7e57-4cb5-9cd0-c1d90c14afa7;USER=sa', scope='RatingResourceIntegrationTest#testCreateInvalidRating_asUser'
    23:42:46.119 |  38 Pool-1-worker-12 | DEBUG | d.t.c.a.a.c.s.f.ApiVersionFilter     : Adding Version to Request POST /api/results/161/rating/0
    23:42:46.120 |  38 Pool-1-worker-12 | ERROR | tech.jhipster.web.util.HeaderUtil    : Entity processing failed, rating has to be between 1 and 5
    23:42:46.120 |  38 Pool-1-worker-12 | WARN  | o.z.p.spring.common.AdviceTraits     : Bad Request: rating has to be between 1 and 5

  Starting logs for RatingResourceIntegrationTest > testUpdateRating_asTutor_FORBIDDEN()
    23:42:46.136 |  38 Pool-1-worker-12 | DEBUG | d.t.c.a.a.c.u.util.UserUtilService   : Generate 1 students...
    23:42:46.139 |  38 Pool-1-worker-12 | DEBUG | d.t.c.a.a.c.u.util.UserUtilService   : 1 students generated. Generate 1 tutors...
    23:42:46.142 |  38 Pool-1-worker-12 | DEBUG | d.t.c.a.a.c.u.util.UserUtilService   : 1 tutors generated. Generate 0 editors...
    23:42:46.143 |  38 Pool-1-worker-12 | DEBUG | d.t.c.a.a.c.u.util.UserUtilService   : 0 editors generated. Generate 1 instructors...
    23:42:46.146 |  38 Pool-1-worker-12 | DEBUG | d.t.c.a.a.c.u.util.UserUtilService   : 1 instructors generated
    23:42:46.147 |  38 Pool-1-worker-12 | DEBUG | d.t.c.a.a.c.u.util.UserUtilService   : Removing 3 users from all courses...
    23:42:46.148 |  38 Pool-1-worker-12 | DEBUG | d.t.c.a.a.c.u.util.UserUtilService   : Removing 3 users from all courses. Done
    23:42:46.148 |  38 Pool-1-worker-12 | DEBUG | d.t.c.a.a.c.u.util.UserUtilService   : Save 3 users to database...
    23:42:46.152 |  38 Pool-1-worker-12 | DEBUG | d.t.c.a.a.c.u.util.UserUtilService   : Save 3 users to database. Done
    23:42:46.164 |  38 Pool-1-worker-12 | DEBUG | .c.s.m.InstanceMessageReceiveService : Received schedule participant score for exercise 286 and participant 44 (result to be deleted: null)
    23:42:46.164 |  38 Pool-1-worker-12 | DEBUG | .a.s.ParticipantScoreScheduleService : Scheduled task for exercise 286 and participant 44 at 2025-02-14T23:42:46.264144896Z[Etc/UTC].
    23:42:46.173 |  38 Pool-1-worker-12 | DEBUG | .c.s.m.InstanceMessageReceiveService : Received schedule participant score for exercise 286 and participant 44 (result to be deleted: null)
    23:42:46.173 |  38 Pool-1-worker-12 | DEBUG | .a.s.ParticipantScoreScheduleService : Scheduled task for exercise 286 and participant 44 at 2025-02-14T23:42:46.273302051Z[Etc/UTC].
    23:42:46.182 |  38 Pool-1-worker-12 | INFO  | i.z.t.d.l.EmbeddedDatabaseReporter   : JDBC URL to connect to 'dataSource': url='jdbc:h2:tcp://localhost:41063/mem:df70fc46-7e57-4cb5-9cd0-c1d90c14afa7;USER=sa', scope='RatingResourceIntegrationTest#testUpdateRating_asTutor_FORBIDDEN'
    23:42:46.187 |  38 Pool-1-worker-12 | DEBUG | d.t.c.a.a.c.s.f.ApiVersionFilter     : Adding Version to Request PUT /api/results/162/rating/5
    23:42:46.193 |  38 Pool-1-worker-12 | WARN  | d.t.c.a.a.a.web.RatingResource       : User ratingresourceintegrationtesttutor1 has tried to access rating for result 162
    23:42:46.194 |  38 Pool-1-worker-12 | WARN  | o.z.p.spring.common.AdviceTraits     : Forbidden: You are not allowed to access this resource

  Starting logs for RatingResourceIntegrationTest > testUpdateInvalidRating_asUser()
    23:42:46.235 |  38 Pool-1-worker-12 | DEBUG | d.t.c.a.a.c.u.util.UserUtilService   : Generate 1 students...
    23:42:46.241 |  38 Pool-1-worker-12 | DEBUG | d.t.c.a.a.c.u.util.UserUtilService   : 1 students generated. Generate 1 tutors...
    23:42:46.244 |  38 Pool-1-worker-12 | DEBUG | d.t.c.a.a.c.u.util.UserUtilService   : 1 tutors generated. Generate 0 editors...
    23:42:46.246 |  38 Pool-1-worker-12 | DEBUG | d.t.c.a.a.c.u.util.UserUtilService   : 0 editors generated. Generate 1 instructors...
    23:42:46.248 |  38 Pool-1-worker-12 | DEBUG | d.t.c.a.a.c.u.util.UserUtilService   : 1 instructors generated
    23:42:46.250 |  38 Pool-1-worker-12 | DEBUG | d.t.c.a.a.c.u.util.UserUtilService   : Removing 3 users from all courses...
    23:42:46.250 |  38 Pool-1-worker-12 | DEBUG | d.t.c.a.a.c.u.util.UserUtilService   : Removing 3 users from all courses. Done
    23:42:46.250 |  38 Pool-1-worker-12 | DEBUG | d.t.c.a.a.c.u.util.UserUtilService   : Save 3 users to database...
    23:42:46.254 |  38 Pool-1-worker-12 | DEBUG | d.t.c.a.a.c.u.util.UserUtilService   : Save 3 users to database. Done
    23:42:46.265 |  38 Pool-1-worker-12 | DEBUG | .c.s.m.InstanceMessageReceiveService : Received schedule participant score for exercise 287 and participant 44 (result to be deleted: null)
    23:42:46.265 |  38 Pool-1-worker-12 | DEBUG | .a.s.ParticipantScoreScheduleService : Scheduled task for exercise 287 and participant 44 at 2025-02-14T23:42:46.365555753Z[Etc/UTC].
    23:42:46.271 |  38 Pool-1-worker-12 | DEBUG | .c.s.m.InstanceMessageReceiveService : Received schedule participant score for exercise 287 and participant 44 (result to be deleted: null)
    23:42:46.272 |  38 Pool-1-worker-12 | DEBUG | .a.s.ParticipantScoreScheduleService : Scheduled task for exercise 287 and participant 44 at 2025-02-14T23:42:46.371996434Z[Etc/UTC].
    23:42:46.282 |  38 Pool-1-worker-12 | INFO  | i.z.t.d.l.EmbeddedDatabaseReporter   : JDBC URL to connect to 'dataSource': url='jdbc:h2:tcp://localhost:41063/mem:df70fc46-7e57-4cb5-9cd0-c1d90c14afa7;USER=sa', scope='RatingResourceIntegrationTest#testUpdateInvalidRating_asUser'
    23:42:46.284 |  38 Pool-1-worker-12 | DEBUG | d.t.c.a.a.c.s.f.ApiVersionFilter     : Adding Version to Request PUT /api/results/163/rating/7
    23:42:46.286 |  38 Pool-1-worker-12 | ERROR | tech.jhipster.web.util.HeaderUtil    : Entity processing failed, rating has to be between 1 and 5
    23:42:46.286 |  38 Pool-1-worker-12 | WARN  | o.z.p.spring.common.AdviceTraits     : Bad Request: rating has to be between 1 and 5

  Starting logs for RatingResourceIntegrationTest > testGetRatingForInstructorDashboard_asStudent_FORBIDDEN()
    23:42:46.302 |  38 Pool-1-worker-12 | DEBUG | d.t.c.a.a.c.u.util.UserUtilService   : Generate 1 students...
    23:42:46.308 |  38 Pool-1-worker-12 | DEBUG | d.t.c.a.a.c.u.util.UserUtilService   : 1 students generated. Generate 1 tutors...
    23:42:46.313 |  38 Pool-1-worker-12 | DEBUG | d.t.c.a.a.c.u.util.UserUtilService   : 1 tutors generated. Generate 0 editors...
    23:42:46.315 |  38 Pool-1-worker-12 | DEBUG | d.t.c.a.a.c.u.util.UserUtilService   : 0 editors generated. Generate 1 instructors...
    23:42:46.321 |  38 Pool-1-worker-12 | DEBUG | d.t.c.a.a.c.u.util.UserUtilService   : 1 instructors generated
    23:42:46.325 |  38 Pool-1-worker-12 | DEBUG | d.t.c.a.a.c.u.util.UserUtilService   : Removing 3 users from all courses...
    23:42:46.326 |  38 Pool-1-worker-12 | DEBUG | d.t.c.a.a.c.u.util.UserUtilService   : Removing 3 users from all courses. Done
    23:42:46.326 |  38 Pool-1-worker-12 | DEBUG | d.t.c.a.a.c.u.util.UserUtilService   : Save 3 users to database...
    23:42:46.330 |  38 Pool-1-worker-12 | DEBUG | d.t.c.a.a.c.u.util.UserUtilService   : Save 3 users to database. Done
    23:42:46.341 |  38 Pool-1-worker-12 | DEBUG | .c.s.m.InstanceMessageReceiveService : Received schedule participant score for exercise 288 and participant 44 (result to be deleted: null)
    23:42:46.341 |  38 Pool-1-worker-12 | DEBUG | .a.s.ParticipantScoreScheduleService : Scheduled task for exercise 288 and participant 44 at 2025-02-14T23:42:46.441260349Z[Etc/UTC].
    23:42:46.345 |  38 Pool-1-worker-12 | DEBUG | .c.s.m.InstanceMessageReceiveService : Received schedule participant score for exercise 288 and participant 44 (result to be deleted: null)
    23:42:46.345 |  38 Pool-1-worker-12 | DEBUG | .a.s.ParticipantScoreScheduleService : Scheduled task for exercise 288 and participant 44 at 2025-02-14T23:42:46.445468086Z[Etc/UTC].
    23:42:46.349 |  38 Pool-1-worker-12 | INFO  | i.z.t.d.l.EmbeddedDatabaseReporter   : JDBC URL to connect to 'dataSource': url='jdbc:h2:tcp://localhost:41063/mem:df70fc46-7e57-4cb5-9cd0-c1d90c14afa7;USER=sa', scope='RatingResourceIntegrationTest#testGetRatingForInstructorDashboard_asStudent_FORBIDDEN'
    23:42:46.350 |  38 Pool-1-worker-12 | DEBUG | d.t.c.a.a.c.s.f.ApiVersionFilter     : Adding Version to Request GET /api/course/371/rating
    23:42:46.351 |  38 Pool-1-worker-12 | WARN  | o.z.p.spring.common.AdviceTraits     : Forbidden: Access Denied

  Starting logs for RatingResourceIntegrationTest > testGetRating_asUser_FORBIDDEN()
    23:42:46.362 |  38 Pool-1-worker-12 | DEBUG | d.t.c.a.a.c.u.util.UserUtilService   : Generate 1 students...
    23:42:46.365 |  38 Pool-1-worker-12 | DEBUG | d.t.c.a.a.c.u.util.UserUtilService   : 1 students generated. Generate 1 tutors...
    23:42:46.368 |  38 Pool-1-worker-12 | DEBUG | d.t.c.a.a.c.u.util.UserUtilService   : 1 tutors generated. Generate 0 editors...
    23:42:46.369 |  38 Pool-1-worker-12 | DEBUG | d.t.c.a.a.c.u.util.UserUtilService   : 0 editors generated. Generate 1 instructors...
    23:42:46.372 |  38 Pool-1-worker-12 | DEBUG | d.t.c.a.a.c.u.util.UserUtilService   : 1 instructors generated
    23:42:46.373 |  38 Pool-1-worker-12 | DEBUG | d.t.c.a.a.c.u.util.UserUtilService   : Removing 3 users from all courses...
    23:42:46.374 |  38 Pool-1-worker-12 | DEBUG | d.t.c.a.a.c.u.util.UserUtilService   : Removing 3 users from all courses. Done
    23:42:46.374 |  38 Pool-1-worker-12 | DEBUG | d.t.c.a.a.c.u.util.UserUtilService   : Save 3 users to database...
    23:42:46.377 |  38 Pool-1-worker-12 | DEBUG | d.t.c.a.a.c.u.util.UserUtilService   : Save 3 users to database. Done
    23:42:46.388 |  38 Pool-1-worker-12 | DEBUG | .c.s.m.InstanceMessageReceiveService : Received schedule participant score for exercise 289 and participant 44 (result to be deleted: null)
    23:42:46.388 |  38 Pool-1-worker-12 | DEBUG | .a.s.ParticipantScoreScheduleService : Scheduled task for exercise 289 and participant 44 at 2025-02-14T23:42:46.488518309Z[Etc/UTC].
    23:42:46.393 |  38 Pool-1-worker-12 | DEBUG | .c.s.m.InstanceMessageReceiveService : Received schedule participant score for exercise 289 and participant 44 (result to be deleted: null)
    23:42:46.393 |  38 Pool-1-worker-12 | DEBUG | .a.s.ParticipantScoreScheduleService : Scheduled task for exercise 289 and participant 44 at 2025-02-14T23:42:46.493655109Z[Etc/UTC].
    23:42:46.399 |  38 Pool-1-worker-12 | INFO  | i.z.t.d.l.EmbeddedDatabaseReporter   : JDBC URL to connect to 'dataSource': url='jdbc:h2:tcp://localhost:41063/mem:df70fc46-7e57-4cb5-9cd0-c1d90c14afa7;USER=sa', scope='RatingResourceIntegrationTest#testGetRating_asUser_FORBIDDEN'
    23:42:46.402 |  38 Pool-1-worker-12 | DEBUG | d.t.c.a.a.c.s.f.ApiVersionFilter     : Adding Version to Request GET /api/results/165/rating
    23:42:46.405 |  38 Pool-1-worker-12 | WARN  | d.t.c.a.a.a.web.RatingResource       : User ratingresourceintegrationtesttutor1 has tried to access rating for result 165
    23:42:46.406 |  38 Pool-1-worker-12 | WARN  | o.z.p.spring.common.AdviceTraits     : Forbidden: You are not allowed to access this resource

  Starting logs for RatingResourceIntegrationTest > testCreateRating_asTutor_FORBIDDEN()
    23:42:46.422 |  38 Pool-1-worker-12 | DEBUG | d.t.c.a.a.c.u.util.UserUtilService   : Generate 1 students...
    23:42:46.425 |  38 Pool-1-worker-12 | DEBUG | d.t.c.a.a.c.u.util.UserUtilService   : 1 students generated. Generate 1 tutors...
    23:42:46.428 |  38 Pool-1-worker-12 | DEBUG | d.t.c.a.a.c.u.util.UserUtilService   : 1 tutors generated. Generate 0 editors...
    23:42:46.429 |  38 Pool-1-worker-12 | DEBUG | d.t.c.a.a.c.u.util.UserUtilService   : 0 editors generated. Generate 1 instructors...
    23:42:46.432 |  38 Pool-1-worker-12 | DEBUG | d.t.c.a.a.c.u.util.UserUtilService   : 1 instructors generated
    23:42:46.433 |  38 Pool-1-worker-12 | DEBUG | d.t.c.a.a.c.u.util.UserUtilService   : Removing 3 users from all courses...
    23:42:46.434 |  38 Pool-1-worker-12 | DEBUG | d.t.c.a.a.c.u.util.UserUtilService   : Removing 3 users from all courses. Done
    23:42:46.434 |  38 Pool-1-worker-12 | DEBUG | d.t.c.a.a.c.u.util.UserUtilService   : Save 3 users to database...
    23:42:46.438 |  38 Pool-1-worker-12 | DEBUG | d.t.c.a.a.c.u.util.UserUtilService   : Save 3 users to database. Done
    23:42:46.460 |  38 Pool-1-worker-12 | DEBUG | .c.s.m.InstanceMessageReceiveService : Received schedule participant score for exercise 290 and participant 44 (result to be deleted: null)
    23:42:46.460 |  38 Pool-1-worker-12 | DEBUG | .a.s.ParticipantScoreScheduleService : Scheduled task for exercise 290 and participant 44 at 2025-02-14T23:42:46.560843966Z[Etc/UTC].
    23:42:46.469 |  38 Pool-1-worker-12 | DEBUG | .c.s.m.InstanceMessageReceiveService : Received schedule participant score for exercise 290 and participant 44 (result to be deleted: null)
    23:42:46.469 |  38 Pool-1-worker-12 | DEBUG | .a.s.ParticipantScoreScheduleService : Scheduled task for exercise 290 and participant 44 at 2025-02-14T23:42:46.569388661Z[Etc/UTC].
    23:42:46.484 |  38 Pool-1-worker-12 | INFO  | i.z.t.d.l.EmbeddedDatabaseReporter   : JDBC URL to connect to 'dataSource': url='jdbc:h2:tcp://localhost:41063/mem:df70fc46-7e57-4cb5-9cd0-c1d90c14afa7;USER=sa', scope='RatingResourceIntegrationTest#testCreateRating_asTutor_FORBIDDEN'
    23:42:46.485 |  38 Pool-1-worker-12 | DEBUG | d.t.c.a.a.c.s.f.ApiVersionFilter     : Adding Version to Request POST /api/results/166/rating/2
    23:42:46.492 |  38 Pool-1-worker-12 | WARN  | d.t.c.a.a.a.web.RatingResource       : User ratingresourceintegrationtesttutor1 has tried to access rating for result 166
    23:42:46.494 |  38 Pool-1-worker-12 | WARN  | o.z.p.spring.common.AdviceTraits     : Forbidden: You are not allowed to access this resource

  Starting logs for RatingResourceIntegrationTest > testGetRatingForInstructorDashboard_asInstructor_FORBIDDEN()
    23:42:46.524 |  38 Pool-1-worker-12 | DEBUG | d.t.c.a.a.c.u.util.UserUtilService   : Generate 1 students...
    23:42:46.530 |  38 Pool-1-worker-12 | DEBUG | d.t.c.a.a.c.u.util.UserUtilService   : 1 students generated. Generate 1 tutors...
    23:42:46.536 |  38 Pool-1-worker-12 | DEBUG | d.t.c.a.a.c.u.util.UserUtilService   : 1 tutors generated. Generate 0 editors...
    23:42:46.537 |  38 Pool-1-worker-12 | DEBUG | d.t.c.a.a.c.u.util.UserUtilService   : 0 editors generated. Generate 1 instructors...
    23:42:46.543 |  38 Pool-1-worker-12 | DEBUG | d.t.c.a.a.c.u.util.UserUtilService   : 1 instructors generated
    23:42:46.548 |  38 Pool-1-worker-12 | DEBUG | d.t.c.a.a.c.u.util.UserUtilService   : Removing 3 users from all courses...
    23:42:46.549 |  38 Pool-1-worker-12 | DEBUG | d.t.c.a.a.c.u.util.UserUtilService   : Removing 3 users from all courses. Done
    23:42:46.549 |  38 Pool-1-worker-12 | DEBUG | d.t.c.a.a.c.u.util.UserUtilService   : Save 3 users to database...
    23:42:46.555 |  38 Pool-1-worker-12 | DEBUG | d.t.c.a.a.c.u.util.UserUtilService   : Save 3 users to database. Done
    23:42:46.566 |  38 Pool-1-worker-12 | DEBUG | .c.s.m.InstanceMessageReceiveService : Received schedule participant score for exercise 291 and participant 44 (result to be deleted: null)
    23:42:46.566 |  38 Pool-1-worker-12 | DEBUG | .a.s.ParticipantScoreScheduleService : Scheduled task for exercise 291 and participant 44 at 2025-02-14T23:42:46.666752821Z[Etc/UTC].
    23:42:46.571 |  38 Pool-1-worker-12 | DEBUG | .c.s.m.InstanceMessageReceiveService : Received schedule participant score for exercise 291 and participant 44 (result to be deleted: null)
    23:42:46.571 |  38 Pool-1-worker-12 | DEBUG | .a.s.ParticipantScoreScheduleService : Scheduled task for exercise 291 and participant 44 at 2025-02-14T23:42:46.671662397Z[Etc/UTC].
    23:42:46.577 |  38 Pool-1-worker-12 | INFO  | i.z.t.d.l.EmbeddedDatabaseReporter   : JDBC URL to connect to 'dataSource': url='jdbc:h2:tcp://localhost:41063/mem:df70fc46-7e57-4cb5-9cd0-c1d90c14afa7;USER=sa', scope='RatingResourceIntegrationTest#testGetRatingForInstructorDashboard_asInstructor_FORBIDDEN'
    23:42:46.579 |  38 Pool-1-worker-12 | DEBUG | d.t.c.a.a.c.s.f.ApiVersionFilter     : Adding Version to Request GET /api/course/374/rating
    23:42:46.582 |  38 Pool-1-worker-12 | WARN  | o.z.p.spring.common.AdviceTraits     : Forbidden: You are not allowed to access the Course with id 374

Finished logs for RatingResourceIntegrationTest
]]></system-out>
  <system-err><![CDATA[]]></system-err>
</testsuite>
