<?xml version="1.0" encoding="UTF-8"?>
<testsuite name="de.tum.cit.aet.artemis.lecture.VideoUnitIntegrationTest" tests="14" skipped="0" failures="0" errors="0" timestamp="2025-02-14T23:47:01" hostname="fv-az1721-502" time="0.776">
  <properties/>
  <testcase name="getVideoUnit_correctId_shouldReturnVideoUnit()" classname="de.tum.cit.aet.artemis.lecture.VideoUnitIntegrationTest" time="0.045"/>
  <testcase name="updateVideoUnit_asInstructor_shouldUpdateVideoUnit()" classname="de.tum.cit.aet.artemis.lecture.VideoUnitIntegrationTest" time="0.084"/>
  <testcase name="createVideoUnit_invalidUrl_shouldReturnBadRequest()" classname="de.tum.cit.aet.artemis.lecture.VideoUnitIntegrationTest" time="0.039"/>
  <testcase name="updateVideoUnit_InstructorNotInCourse_shouldReturnForbidden()" classname="de.tum.cit.aet.artemis.lecture.VideoUnitIntegrationTest" time="0.072"/>
  <testcase name="createVideoUnit_InstructorNotInCourse_shouldReturnForbidden()" classname="de.tum.cit.aet.artemis.lecture.VideoUnitIntegrationTest" time="0.042"/>
  <testcase name="deleteVideoUnit_correctId_shouldDeleteVideoUnit()" classname="de.tum.cit.aet.artemis.lecture.VideoUnitIntegrationTest" time="0.056"/>
  <testcase name="createVideoUnit_withId_shouldReturnBadRequest()" classname="de.tum.cit.aet.artemis.lecture.VideoUnitIntegrationTest" time="0.041"/>
  <testcase name="createVideoUnit_asInstructor_shouldCreateVideoUnit()" classname="de.tum.cit.aet.artemis.lecture.VideoUnitIntegrationTest" time="0.051"/>
  <testcase name="removeLeadingAndTrailingWhitespaces()" classname="de.tum.cit.aet.artemis.lecture.VideoUnitIntegrationTest" time="0.052"/>
  <testcase name="testAll_asTutor()" classname="de.tum.cit.aet.artemis.lecture.VideoUnitIntegrationTest" time="0.046"/>
  <testcase name="updateVideoUnit_withoutLecture_shouldReturnBadRequest()" classname="de.tum.cit.aet.artemis.lecture.VideoUnitIntegrationTest" time="0.048"/>
  <testcase name="testAll_asStudent()" classname="de.tum.cit.aet.artemis.lecture.VideoUnitIntegrationTest" time="0.047"/>
  <testcase name="updateVideoUnit_asInstructor_shouldKeepOrdering()" classname="de.tum.cit.aet.artemis.lecture.VideoUnitIntegrationTest" time="0.066"/>
  <testcase name="updateVideoUnit_noId_shouldReturnBadRequest()" classname="de.tum.cit.aet.artemis.lecture.VideoUnitIntegrationTest" time="0.047"/>
  <system-out><![CDATA[
Starting logs for VideoUnitIntegrationTest

  Starting logs for VideoUnitIntegrationTest > getVideoUnit_correctId_shouldReturnVideoUnit()
    23:47:01.081 | 419 ool-1-worker-183 | DEBUG | d.t.c.a.a.c.u.util.UserUtilService   : Generate 1 students...
    23:47:01.083 | 419 ool-1-worker-183 | DEBUG | d.t.c.a.a.c.u.util.UserUtilService   : 1 students generated. Generate 1 tutors...
    23:47:01.085 | 419 ool-1-worker-183 | DEBUG | d.t.c.a.a.c.u.util.UserUtilService   : 1 tutors generated. Generate 0 editors...
    23:47:01.086 | 419 ool-1-worker-183 | DEBUG | d.t.c.a.a.c.u.util.UserUtilService   : 0 editors generated. Generate 1 instructors...
    23:47:01.088 | 419 ool-1-worker-183 | DEBUG | d.t.c.a.a.c.u.util.UserUtilService   : 1 instructors generated
    23:47:01.090 | 419 ool-1-worker-183 | DEBUG | d.t.c.a.a.c.u.util.UserUtilService   : Removing 4 users from all courses...
    23:47:01.091 | 419 ool-1-worker-183 | DEBUG | d.t.c.a.a.c.u.util.UserUtilService   : Removing 4 users from all courses. Done
    23:47:01.091 | 419 ool-1-worker-183 | DEBUG | d.t.c.a.a.c.u.util.UserUtilService   : Save 3 users to database...
    23:47:01.093 | 419 ool-1-worker-183 | DEBUG | d.t.c.a.a.c.u.util.UserUtilService   : Save 3 users to database. Done
    23:47:01.098 | 419 ool-1-worker-183 | INFO  | i.z.t.d.l.EmbeddedDatabaseReporter   : JDBC URL to connect to 'dataSource': url='jdbc:h2:tcp://localhost:41063/mem:df70fc46-7e57-4cb5-9cd0-c1d90c14afa7;USER=sa', scope='VideoUnitIntegrationTest#getVideoUnit_correctId_shouldReturnVideoUnit'
    23:47:01.105 | 419 ool-1-worker-183 | DEBUG | d.t.c.a.a.c.s.f.ApiVersionFilter     : Adding Version to Request GET /api/lectures/816/video-units/889
    23:47:01.106 | 419 ool-1-worker-183 | DEBUG | d.t.c.a.a.l.web.VideoUnitResource    : REST request to get VideoUnit : 889

  Starting logs for VideoUnitIntegrationTest > updateVideoUnit_asInstructor_shouldUpdateVideoUnit()
    23:47:01.135 | 419 ool-1-worker-183 | DEBUG | d.t.c.a.a.c.u.util.UserUtilService   : Generate 1 students...
    23:47:01.141 | 419 ool-1-worker-183 | DEBUG | d.t.c.a.a.c.u.util.UserUtilService   : 1 students generated. Generate 1 tutors...
    23:47:01.150 | 419 ool-1-worker-183 | DEBUG | d.t.c.a.a.c.u.util.UserUtilService   : 1 tutors generated. Generate 0 editors...
    23:47:01.151 | 419 ool-1-worker-183 | DEBUG | d.t.c.a.a.c.u.util.UserUtilService   : 0 editors generated. Generate 1 instructors...
    23:47:01.157 | 419 ool-1-worker-183 | DEBUG | d.t.c.a.a.c.u.util.UserUtilService   : 1 instructors generated
    23:47:01.162 | 419 ool-1-worker-183 | DEBUG | d.t.c.a.a.c.u.util.UserUtilService   : Removing 3 users from all courses...
    23:47:01.166 | 419 ool-1-worker-183 | DEBUG | d.t.c.a.a.c.u.util.UserUtilService   : Removing 3 users from all courses. Done
    23:47:01.166 | 419 ool-1-worker-183 | DEBUG | d.t.c.a.a.c.u.util.UserUtilService   : Save 3 users to database...
    23:47:01.174 | 419 ool-1-worker-183 | DEBUG | d.t.c.a.a.c.u.util.UserUtilService   : Save 3 users to database. Done
    23:47:01.186 | 419 ool-1-worker-183 | INFO  | i.z.t.d.l.EmbeddedDatabaseReporter   : JDBC URL to connect to 'dataSource': url='jdbc:h2:tcp://localhost:41063/mem:df70fc46-7e57-4cb5-9cd0-c1d90c14afa7;USER=sa', scope='VideoUnitIntegrationTest#updateVideoUnit_asInstructor_shouldUpdateVideoUnit'
    23:47:01.196 | 419 ool-1-worker-183 | DEBUG | d.t.c.a.a.c.s.f.ApiVersionFilter     : Adding Version to Request PUT /api/lectures/817/video-units
    23:47:01.197 | 419 ool-1-worker-183 | DEBUG | d.t.c.a.a.l.web.VideoUnitResource    : REST request to update an video unit : de.tum.cit.aet.artemis.lecture.domain.VideoUnit@37a
    23:47:01.203 | 621 artemis-task-1   | DEBUG | .a.a.a.s.c.CompetencyProgressService : Updating competency progress for 0 users.

  Starting logs for VideoUnitIntegrationTest > createVideoUnit_invalidUrl_shouldReturnBadRequest()
    23:47:01.215 | 419 ool-1-worker-183 | DEBUG | d.t.c.a.a.c.u.util.UserUtilService   : Generate 1 students...
    23:47:01.218 | 419 ool-1-worker-183 | DEBUG | d.t.c.a.a.c.u.util.UserUtilService   : 1 students generated. Generate 1 tutors...
    23:47:01.221 | 419 ool-1-worker-183 | DEBUG | d.t.c.a.a.c.u.util.UserUtilService   : 1 tutors generated. Generate 0 editors...
    23:47:01.222 | 419 ool-1-worker-183 | DEBUG | d.t.c.a.a.c.u.util.UserUtilService   : 0 editors generated. Generate 1 instructors...
    23:47:01.225 | 419 ool-1-worker-183 | DEBUG | d.t.c.a.a.c.u.util.UserUtilService   : 1 instructors generated
    23:47:01.227 | 419 ool-1-worker-183 | DEBUG | d.t.c.a.a.c.u.util.UserUtilService   : Removing 3 users from all courses...
    23:47:01.228 | 419 ool-1-worker-183 | DEBUG | d.t.c.a.a.c.u.util.UserUtilService   : Removing 3 users from all courses. Done
    23:47:01.228 | 419 ool-1-worker-183 | DEBUG | d.t.c.a.a.c.u.util.UserUtilService   : Save 3 users to database...
    23:47:01.231 | 419 ool-1-worker-183 | DEBUG | d.t.c.a.a.c.u.util.UserUtilService   : Save 3 users to database. Done
    23:47:01.240 | 419 ool-1-worker-183 | INFO  | i.z.t.d.l.EmbeddedDatabaseReporter   : JDBC URL to connect to 'dataSource': url='jdbc:h2:tcp://localhost:41063/mem:df70fc46-7e57-4cb5-9cd0-c1d90c14afa7;USER=sa', scope='VideoUnitIntegrationTest#createVideoUnit_invalidUrl_shouldReturnBadRequest'
    23:47:01.241 | 419 ool-1-worker-183 | DEBUG | d.t.c.a.a.c.s.f.ApiVersionFilter     : Adding Version to Request POST /api/lectures/818/video-units
    23:47:01.242 | 419 ool-1-worker-183 | DEBUG | d.t.c.a.a.l.web.VideoUnitResource    : REST request to create VideoUnit : de.tum.cit.aet.artemis.lecture.domain.VideoUnit@0
    23:47:01.243 | 419 ool-1-worker-183 | WARN  | o.z.p.spring.common.AdviceTraits     : Bad Request: HTTP 400 Bad Request

  Starting logs for VideoUnitIntegrationTest > updateVideoUnit_InstructorNotInCourse_shouldReturnForbidden()
    23:47:01.259 | 419 ool-1-worker-183 | DEBUG | d.t.c.a.a.c.u.util.UserUtilService   : Generate 1 students...
    23:47:01.262 | 419 ool-1-worker-183 | DEBUG | d.t.c.a.a.c.u.util.UserUtilService   : 1 students generated. Generate 1 tutors...
    23:47:01.265 | 419 ool-1-worker-183 | DEBUG | d.t.c.a.a.c.u.util.UserUtilService   : 1 tutors generated. Generate 0 editors...
    23:47:01.266 | 419 ool-1-worker-183 | DEBUG | d.t.c.a.a.c.u.util.UserUtilService   : 0 editors generated. Generate 1 instructors...
    23:47:01.269 | 419 ool-1-worker-183 | DEBUG | d.t.c.a.a.c.u.util.UserUtilService   : 1 instructors generated
    23:47:01.271 | 419 ool-1-worker-183 | DEBUG | d.t.c.a.a.c.u.util.UserUtilService   : Removing 3 users from all courses...
    23:47:01.272 | 419 ool-1-worker-183 | DEBUG | d.t.c.a.a.c.u.util.UserUtilService   : Removing 3 users from all courses. Done
    23:47:01.272 | 419 ool-1-worker-183 | DEBUG | d.t.c.a.a.c.u.util.UserUtilService   : Save 3 users to database...
    23:47:01.280 | 419 ool-1-worker-183 | DEBUG | d.t.c.a.a.c.u.util.UserUtilService   : Save 3 users to database. Done
    23:47:01.300 | 419 ool-1-worker-183 | INFO  | i.z.t.d.l.EmbeddedDatabaseReporter   : JDBC URL to connect to 'dataSource': url='jdbc:h2:tcp://localhost:41063/mem:df70fc46-7e57-4cb5-9cd0-c1d90c14afa7;USER=sa', scope='VideoUnitIntegrationTest#updateVideoUnit_InstructorNotInCourse_shouldReturnForbidden'
    23:47:01.314 | 419 ool-1-worker-183 | DEBUG | d.t.c.a.a.c.s.f.ApiVersionFilter     : Adding Version to Request PUT /api/lectures/819/video-units
    23:47:01.316 | 419 ool-1-worker-183 | DEBUG | d.t.c.a.a.l.web.VideoUnitResource    : REST request to update an video unit : de.tum.cit.aet.artemis.lecture.domain.VideoUnit@37b
    23:47:01.319 | 419 ool-1-worker-183 | WARN  | o.z.p.spring.common.AdviceTraits     : Forbidden: You are not allowed to access the Course with id 2300

  Starting logs for VideoUnitIntegrationTest > createVideoUnit_InstructorNotInCourse_shouldReturnForbidden()
    23:47:01.334 | 419 ool-1-worker-183 | DEBUG | d.t.c.a.a.c.u.util.UserUtilService   : Generate 1 students...
    23:47:01.337 | 419 ool-1-worker-183 | DEBUG | d.t.c.a.a.c.u.util.UserUtilService   : 1 students generated. Generate 1 tutors...
    23:47:01.339 | 419 ool-1-worker-183 | DEBUG | d.t.c.a.a.c.u.util.UserUtilService   : 1 tutors generated. Generate 0 editors...
    23:47:01.341 | 419 ool-1-worker-183 | DEBUG | d.t.c.a.a.c.u.util.UserUtilService   : 0 editors generated. Generate 1 instructors...
    23:47:01.343 | 419 ool-1-worker-183 | DEBUG | d.t.c.a.a.c.u.util.UserUtilService   : 1 instructors generated
    23:47:01.345 | 419 ool-1-worker-183 | DEBUG | d.t.c.a.a.c.u.util.UserUtilService   : Removing 3 users from all courses...
    23:47:01.346 | 419 ool-1-worker-183 | DEBUG | d.t.c.a.a.c.u.util.UserUtilService   : Removing 3 users from all courses. Done
    23:47:01.346 | 419 ool-1-worker-183 | DEBUG | d.t.c.a.a.c.u.util.UserUtilService   : Save 3 users to database...
    23:47:01.349 | 419 ool-1-worker-183 | DEBUG | d.t.c.a.a.c.u.util.UserUtilService   : Save 3 users to database. Done
    23:47:01.359 | 419 ool-1-worker-183 | INFO  | i.z.t.d.l.EmbeddedDatabaseReporter   : JDBC URL to connect to 'dataSource': url='jdbc:h2:tcp://localhost:41063/mem:df70fc46-7e57-4cb5-9cd0-c1d90c14afa7;USER=sa', scope='VideoUnitIntegrationTest#createVideoUnit_InstructorNotInCourse_shouldReturnForbidden'
    23:47:01.360 | 419 ool-1-worker-183 | DEBUG | d.t.c.a.a.c.s.f.ApiVersionFilter     : Adding Version to Request POST /api/lectures/820/video-units
    23:47:01.361 | 419 ool-1-worker-183 | DEBUG | d.t.c.a.a.l.web.VideoUnitResource    : REST request to create VideoUnit : de.tum.cit.aet.artemis.lecture.domain.VideoUnit@0
    23:47:01.364 | 419 ool-1-worker-183 | WARN  | o.z.p.spring.common.AdviceTraits     : Forbidden: You are not allowed to access the Course with id 2301

  Starting logs for VideoUnitIntegrationTest > deleteVideoUnit_correctId_shouldDeleteVideoUnit()
    23:47:01.378 | 419 ool-1-worker-183 | DEBUG | d.t.c.a.a.c.u.util.UserUtilService   : Generate 1 students...
    23:47:01.382 | 419 ool-1-worker-183 | DEBUG | d.t.c.a.a.c.u.util.UserUtilService   : 1 students generated. Generate 1 tutors...
    23:47:01.384 | 419 ool-1-worker-183 | DEBUG | d.t.c.a.a.c.u.util.UserUtilService   : 1 tutors generated. Generate 0 editors...
    23:47:01.385 | 419 ool-1-worker-183 | DEBUG | d.t.c.a.a.c.u.util.UserUtilService   : 0 editors generated. Generate 1 instructors...
    23:47:01.388 | 419 ool-1-worker-183 | DEBUG | d.t.c.a.a.c.u.util.UserUtilService   : 1 instructors generated
    23:47:01.390 | 419 ool-1-worker-183 | DEBUG | d.t.c.a.a.c.u.util.UserUtilService   : Removing 3 users from all courses...
    23:47:01.391 | 419 ool-1-worker-183 | DEBUG | d.t.c.a.a.c.u.util.UserUtilService   : Removing 3 users from all courses. Done
    23:47:01.391 | 419 ool-1-worker-183 | DEBUG | d.t.c.a.a.c.u.util.UserUtilService   : Save 3 users to database...
    23:47:01.394 | 419 ool-1-worker-183 | DEBUG | d.t.c.a.a.c.u.util.UserUtilService   : Save 3 users to database. Done
    23:47:01.403 | 419 ool-1-worker-183 | INFO  | i.z.t.d.l.EmbeddedDatabaseReporter   : JDBC URL to connect to 'dataSource': url='jdbc:h2:tcp://localhost:41063/mem:df70fc46-7e57-4cb5-9cd0-c1d90c14afa7;USER=sa', scope='VideoUnitIntegrationTest#deleteVideoUnit_correctId_shouldDeleteVideoUnit'
    23:47:01.413 | 419 ool-1-worker-183 | DEBUG | d.t.c.a.a.c.s.f.ApiVersionFilter     : Adding Version to Request DELETE /api/lectures/821/lecture-units/892
    23:47:01.413 | 419 ool-1-worker-183 | INFO  | d.t.c.a.a.l.web.LectureUnitResource  : REST request to delete lecture unit: 892
    23:47:01.420 | 419 ool-1-worker-183 | DEBUG | d.t.c.a.a.c.s.f.ApiVersionFilter     : Adding Version to Request GET /api/lectures/821/video-units/892
    23:47:01.421 | 419 ool-1-worker-183 | DEBUG | d.t.c.a.a.l.web.VideoUnitResource    : REST request to get VideoUnit : 892
    23:47:01.423 | 621 artemis-task-1   | DEBUG | .a.a.a.s.c.CompetencyProgressService : Updating competency progress for 0 users.
    23:47:01.424 | 419 ool-1-worker-183 | WARN  | o.z.p.spring.common.AdviceTraits     : Not Found: VideoUnit with identifier: "892" does not exist

  Starting logs for VideoUnitIntegrationTest > createVideoUnit_withId_shouldReturnBadRequest()
    23:47:01.436 | 419 ool-1-worker-183 | DEBUG | d.t.c.a.a.c.u.util.UserUtilService   : Generate 1 students...
    23:47:01.440 | 419 ool-1-worker-183 | DEBUG | d.t.c.a.a.c.u.util.UserUtilService   : 1 students generated. Generate 1 tutors...
    23:47:01.442 | 419 ool-1-worker-183 | DEBUG | d.t.c.a.a.c.u.util.UserUtilService   : 1 tutors generated. Generate 0 editors...
    23:47:01.444 | 419 ool-1-worker-183 | DEBUG | d.t.c.a.a.c.u.util.UserUtilService   : 0 editors generated. Generate 1 instructors...
    23:47:01.446 | 419 ool-1-worker-183 | DEBUG | d.t.c.a.a.c.u.util.UserUtilService   : 1 instructors generated
    23:47:01.448 | 419 ool-1-worker-183 | DEBUG | d.t.c.a.a.c.u.util.UserUtilService   : Removing 3 users from all courses...
    23:47:01.449 | 419 ool-1-worker-183 | DEBUG | d.t.c.a.a.c.u.util.UserUtilService   : Removing 3 users from all courses. Done
    23:47:01.449 | 419 ool-1-worker-183 | DEBUG | d.t.c.a.a.c.u.util.UserUtilService   : Save 3 users to database...
    23:47:01.452 | 419 ool-1-worker-183 | DEBUG | d.t.c.a.a.c.u.util.UserUtilService   : Save 3 users to database. Done
    23:47:01.462 | 419 ool-1-worker-183 | INFO  | i.z.t.d.l.EmbeddedDatabaseReporter   : JDBC URL to connect to 'dataSource': url='jdbc:h2:tcp://localhost:41063/mem:df70fc46-7e57-4cb5-9cd0-c1d90c14afa7;USER=sa', scope='VideoUnitIntegrationTest#createVideoUnit_withId_shouldReturnBadRequest'
    23:47:01.464 | 419 ool-1-worker-183 | DEBUG | d.t.c.a.a.c.s.f.ApiVersionFilter     : Adding Version to Request POST /api/lectures/822/video-units
    23:47:01.464 | 419 ool-1-worker-183 | DEBUG | d.t.c.a.a.l.web.VideoUnitResource    : REST request to create VideoUnit : de.tum.cit.aet.artemis.lecture.domain.VideoUnit@63
    23:47:01.465 | 419 ool-1-worker-183 | WARN  | o.z.p.spring.common.AdviceTraits     : Bad Request: HTTP 400 Bad Request

  Starting logs for VideoUnitIntegrationTest > createVideoUnit_asInstructor_shouldCreateVideoUnit()
    23:47:01.480 | 419 ool-1-worker-183 | DEBUG | d.t.c.a.a.c.u.util.UserUtilService   : Generate 1 students...
    23:47:01.483 | 419 ool-1-worker-183 | DEBUG | d.t.c.a.a.c.u.util.UserUtilService   : 1 students generated. Generate 1 tutors...
    23:47:01.485 | 419 ool-1-worker-183 | DEBUG | d.t.c.a.a.c.u.util.UserUtilService   : 1 tutors generated. Generate 0 editors...
    23:47:01.487 | 419 ool-1-worker-183 | DEBUG | d.t.c.a.a.c.u.util.UserUtilService   : 0 editors generated. Generate 1 instructors...
    23:47:01.490 | 419 ool-1-worker-183 | DEBUG | d.t.c.a.a.c.u.util.UserUtilService   : 1 instructors generated
    23:47:01.492 | 419 ool-1-worker-183 | DEBUG | d.t.c.a.a.c.u.util.UserUtilService   : Removing 3 users from all courses...
    23:47:01.492 | 419 ool-1-worker-183 | DEBUG | d.t.c.a.a.c.u.util.UserUtilService   : Removing 3 users from all courses. Done
    23:47:01.492 | 419 ool-1-worker-183 | DEBUG | d.t.c.a.a.c.u.util.UserUtilService   : Save 3 users to database...
    23:47:01.495 | 419 ool-1-worker-183 | DEBUG | d.t.c.a.a.c.u.util.UserUtilService   : Save 3 users to database. Done
    23:47:01.505 | 419 ool-1-worker-183 | INFO  | i.z.t.d.l.EmbeddedDatabaseReporter   : JDBC URL to connect to 'dataSource': url='jdbc:h2:tcp://localhost:41063/mem:df70fc46-7e57-4cb5-9cd0-c1d90c14afa7;USER=sa', scope='VideoUnitIntegrationTest#createVideoUnit_asInstructor_shouldCreateVideoUnit'
    23:47:01.506 | 419 ool-1-worker-183 | DEBUG | d.t.c.a.a.c.s.f.ApiVersionFilter     : Adding Version to Request POST /api/lectures/823/video-units
    23:47:01.507 | 419 ool-1-worker-183 | DEBUG | d.t.c.a.a.l.web.VideoUnitResource    : REST request to create VideoUnit : de.tum.cit.aet.artemis.lecture.domain.VideoUnit@0
    23:47:01.526 | 621 artemis-task-1   | DEBUG | .a.a.a.s.c.CompetencyProgressService : Updating competency progress for 0 users.

  Starting logs for VideoUnitIntegrationTest > removeLeadingAndTrailingWhitespaces()
    23:47:01.532 | 419 ool-1-worker-183 | DEBUG | d.t.c.a.a.c.u.util.UserUtilService   : Generate 1 students...
    23:47:01.535 | 419 ool-1-worker-183 | DEBUG | d.t.c.a.a.c.u.util.UserUtilService   : 1 students generated. Generate 1 tutors...
    23:47:01.538 | 419 ool-1-worker-183 | DEBUG | d.t.c.a.a.c.u.util.UserUtilService   : 1 tutors generated. Generate 0 editors...
    23:47:01.539 | 419 ool-1-worker-183 | DEBUG | d.t.c.a.a.c.u.util.UserUtilService   : 0 editors generated. Generate 1 instructors...
    23:47:01.542 | 419 ool-1-worker-183 | DEBUG | d.t.c.a.a.c.u.util.UserUtilService   : 1 instructors generated
    23:47:01.544 | 419 ool-1-worker-183 | DEBUG | d.t.c.a.a.c.u.util.UserUtilService   : Removing 3 users from all courses...
    23:47:01.545 | 419 ool-1-worker-183 | DEBUG | d.t.c.a.a.c.u.util.UserUtilService   : Removing 3 users from all courses. Done
    23:47:01.545 | 419 ool-1-worker-183 | DEBUG | d.t.c.a.a.c.u.util.UserUtilService   : Save 3 users to database...
    23:47:01.549 | 419 ool-1-worker-183 | DEBUG | d.t.c.a.a.c.u.util.UserUtilService   : Save 3 users to database. Done
    23:47:01.559 | 419 ool-1-worker-183 | INFO  | i.z.t.d.l.EmbeddedDatabaseReporter   : JDBC URL to connect to 'dataSource': url='jdbc:h2:tcp://localhost:41063/mem:df70fc46-7e57-4cb5-9cd0-c1d90c14afa7;USER=sa', scope='VideoUnitIntegrationTest#removeLeadingAndTrailingWhitespaces'
    23:47:01.561 | 419 ool-1-worker-183 | DEBUG | d.t.c.a.a.c.s.f.ApiVersionFilter     : Adding Version to Request POST /api/lectures/824/video-units
    23:47:01.561 | 419 ool-1-worker-183 | DEBUG | d.t.c.a.a.l.web.VideoUnitResource    : REST request to create VideoUnit : de.tum.cit.aet.artemis.lecture.domain.VideoUnit@0
    23:47:01.568 | 419 ool-1-worker-183 | DEBUG | d.t.c.a.a.c.s.f.ApiVersionFilter     : Adding Version to Request PUT /api/lectures/824/video-units
    23:47:01.568 | 419 ool-1-worker-183 | DEBUG | d.t.c.a.a.l.web.VideoUnitResource    : REST request to update an video unit : de.tum.cit.aet.artemis.lecture.domain.VideoUnit@37e

  Starting logs for VideoUnitIntegrationTest > testAll_asTutor()
    23:47:01.586 | 419 ool-1-worker-183 | DEBUG | d.t.c.a.a.c.u.util.UserUtilService   : Generate 1 students...
    23:47:01.589 | 419 ool-1-worker-183 | DEBUG | d.t.c.a.a.c.u.util.UserUtilService   : 1 students generated. Generate 1 tutors...
    23:47:01.592 | 419 ool-1-worker-183 | DEBUG | d.t.c.a.a.c.u.util.UserUtilService   : 1 tutors generated. Generate 0 editors...
    23:47:01.593 | 419 ool-1-worker-183 | DEBUG | d.t.c.a.a.c.u.util.UserUtilService   : 0 editors generated. Generate 1 instructors...
    23:47:01.596 | 419 ool-1-worker-183 | DEBUG | d.t.c.a.a.c.u.util.UserUtilService   : 1 instructors generated
    23:47:01.598 | 419 ool-1-worker-183 | DEBUG | d.t.c.a.a.c.u.util.UserUtilService   : Removing 3 users from all courses...
    23:47:01.599 | 419 ool-1-worker-183 | DEBUG | d.t.c.a.a.c.u.util.UserUtilService   : Removing 3 users from all courses. Done
    23:47:01.599 | 419 ool-1-worker-183 | DEBUG | d.t.c.a.a.c.u.util.UserUtilService   : Save 3 users to database...
    23:47:01.602 | 419 ool-1-worker-183 | DEBUG | d.t.c.a.a.c.u.util.UserUtilService   : Save 3 users to database. Done
    23:47:01.612 | 419 ool-1-worker-183 | INFO  | i.z.t.d.l.EmbeddedDatabaseReporter   : JDBC URL to connect to 'dataSource': url='jdbc:h2:tcp://localhost:41063/mem:df70fc46-7e57-4cb5-9cd0-c1d90c14afa7;USER=sa', scope='VideoUnitIntegrationTest#testAll_asTutor'
    23:47:01.613 | 419 ool-1-worker-183 | DEBUG | d.t.c.a.a.c.s.f.ApiVersionFilter     : Adding Version to Request PUT /api/lectures/825/video-units
    23:47:01.615 | 419 ool-1-worker-183 | WARN  | o.z.p.spring.common.AdviceTraits     : Forbidden: Access Denied
    23:47:01.616 | 419 ool-1-worker-183 | DEBUG | d.t.c.a.a.c.s.f.ApiVersionFilter     : Adding Version to Request POST /api/lectures/825/video-units
    23:47:01.617 | 419 ool-1-worker-183 | WARN  | o.z.p.spring.common.AdviceTraits     : Forbidden: Access Denied
    23:47:01.618 | 419 ool-1-worker-183 | DEBUG | d.t.c.a.a.c.s.f.ApiVersionFilter     : Adding Version to Request GET /api/lectures/825/video-units/0
    23:47:01.619 | 419 ool-1-worker-183 | WARN  | o.z.p.spring.common.AdviceTraits     : Forbidden: Access Denied

  Starting logs for VideoUnitIntegrationTest > updateVideoUnit_withoutLecture_shouldReturnBadRequest()
    23:47:01.635 | 419 ool-1-worker-183 | DEBUG | d.t.c.a.a.c.u.util.UserUtilService   : Generate 1 students...
    23:47:01.638 | 419 ool-1-worker-183 | DEBUG | d.t.c.a.a.c.u.util.UserUtilService   : 1 students generated. Generate 1 tutors...
    23:47:01.641 | 419 ool-1-worker-183 | DEBUG | d.t.c.a.a.c.u.util.UserUtilService   : 1 tutors generated. Generate 0 editors...
    23:47:01.642 | 419 ool-1-worker-183 | DEBUG | d.t.c.a.a.c.u.util.UserUtilService   : 0 editors generated. Generate 1 instructors...
    23:47:01.645 | 419 ool-1-worker-183 | DEBUG | d.t.c.a.a.c.u.util.UserUtilService   : 1 instructors generated
    23:47:01.647 | 419 ool-1-worker-183 | DEBUG | d.t.c.a.a.c.u.util.UserUtilService   : Removing 3 users from all courses...
    23:47:01.648 | 419 ool-1-worker-183 | DEBUG | d.t.c.a.a.c.u.util.UserUtilService   : Removing 3 users from all courses. Done
    23:47:01.648 | 419 ool-1-worker-183 | DEBUG | d.t.c.a.a.c.u.util.UserUtilService   : Save 3 users to database...
    23:47:01.651 | 419 ool-1-worker-183 | DEBUG | d.t.c.a.a.c.u.util.UserUtilService   : Save 3 users to database. Done
    23:47:01.660 | 419 ool-1-worker-183 | INFO  | i.z.t.d.l.EmbeddedDatabaseReporter   : JDBC URL to connect to 'dataSource': url='jdbc:h2:tcp://localhost:41063/mem:df70fc46-7e57-4cb5-9cd0-c1d90c14afa7;USER=sa', scope='VideoUnitIntegrationTest#updateVideoUnit_withoutLecture_shouldReturnBadRequest'
    23:47:01.667 | 419 ool-1-worker-183 | DEBUG | d.t.c.a.a.c.s.f.ApiVersionFilter     : Adding Version to Request PUT /api/lectures/826/video-units
    23:47:01.668 | 419 ool-1-worker-183 | DEBUG | d.t.c.a.a.l.web.VideoUnitResource    : REST request to update an video unit : de.tum.cit.aet.artemis.lecture.domain.VideoUnit@37f
    23:47:01.669 | 419 ool-1-worker-183 | WARN  | o.z.p.spring.common.AdviceTraits     : Bad Request: HTTP 400 Bad Request

  Starting logs for VideoUnitIntegrationTest > testAll_asStudent()
    23:47:01.685 | 419 ool-1-worker-183 | DEBUG | d.t.c.a.a.c.u.util.UserUtilService   : Generate 1 students...
    23:47:01.688 | 419 ool-1-worker-183 | DEBUG | d.t.c.a.a.c.u.util.UserUtilService   : 1 students generated. Generate 1 tutors...
    23:47:01.691 | 419 ool-1-worker-183 | DEBUG | d.t.c.a.a.c.u.util.UserUtilService   : 1 tutors generated. Generate 0 editors...
    23:47:01.692 | 419 ool-1-worker-183 | DEBUG | d.t.c.a.a.c.u.util.UserUtilService   : 0 editors generated. Generate 1 instructors...
    23:47:01.695 | 419 ool-1-worker-183 | DEBUG | d.t.c.a.a.c.u.util.UserUtilService   : 1 instructors generated
    23:47:01.697 | 419 ool-1-worker-183 | DEBUG | d.t.c.a.a.c.u.util.UserUtilService   : Removing 3 users from all courses...
    23:47:01.698 | 419 ool-1-worker-183 | DEBUG | d.t.c.a.a.c.u.util.UserUtilService   : Removing 3 users from all courses. Done
    23:47:01.698 | 419 ool-1-worker-183 | DEBUG | d.t.c.a.a.c.u.util.UserUtilService   : Save 3 users to database...
    23:47:01.701 | 419 ool-1-worker-183 | DEBUG | d.t.c.a.a.c.u.util.UserUtilService   : Save 3 users to database. Done
    23:47:01.711 | 419 ool-1-worker-183 | INFO  | i.z.t.d.l.EmbeddedDatabaseReporter   : JDBC URL to connect to 'dataSource': url='jdbc:h2:tcp://localhost:41063/mem:df70fc46-7e57-4cb5-9cd0-c1d90c14afa7;USER=sa', scope='VideoUnitIntegrationTest#testAll_asStudent'
    23:47:01.712 | 419 ool-1-worker-183 | DEBUG | d.t.c.a.a.c.s.f.ApiVersionFilter     : Adding Version to Request PUT /api/lectures/827/video-units
    23:47:01.713 | 419 ool-1-worker-183 | WARN  | o.z.p.spring.common.AdviceTraits     : Forbidden: Access Denied
    23:47:01.715 | 419 ool-1-worker-183 | DEBUG | d.t.c.a.a.c.s.f.ApiVersionFilter     : Adding Version to Request POST /api/lectures/827/video-units
    23:47:01.716 | 419 ool-1-worker-183 | WARN  | o.z.p.spring.common.AdviceTraits     : Forbidden: Access Denied
    23:47:01.717 | 419 ool-1-worker-183 | DEBUG | d.t.c.a.a.c.s.f.ApiVersionFilter     : Adding Version to Request GET /api/lectures/827/video-units/0
    23:47:01.718 | 419 ool-1-worker-183 | WARN  | o.z.p.spring.common.AdviceTraits     : Forbidden: Access Denied

  Starting logs for VideoUnitIntegrationTest > updateVideoUnit_asInstructor_shouldKeepOrdering()
    23:47:01.745 | 419 ool-1-worker-183 | DEBUG | d.t.c.a.a.c.u.util.UserUtilService   : Generate 1 students...
    23:47:01.748 | 419 ool-1-worker-183 | DEBUG | d.t.c.a.a.c.u.util.UserUtilService   : 1 students generated. Generate 1 tutors...
    23:47:01.751 | 419 ool-1-worker-183 | DEBUG | d.t.c.a.a.c.u.util.UserUtilService   : 1 tutors generated. Generate 0 editors...
    23:47:01.752 | 419 ool-1-worker-183 | DEBUG | d.t.c.a.a.c.u.util.UserUtilService   : 0 editors generated. Generate 1 instructors...
    23:47:01.755 | 419 ool-1-worker-183 | DEBUG | d.t.c.a.a.c.u.util.UserUtilService   : 1 instructors generated
    23:47:01.757 | 419 ool-1-worker-183 | DEBUG | d.t.c.a.a.c.u.util.UserUtilService   : Removing 3 users from all courses...
    23:47:01.758 | 419 ool-1-worker-183 | DEBUG | d.t.c.a.a.c.u.util.UserUtilService   : Removing 3 users from all courses. Done
    23:47:01.758 | 419 ool-1-worker-183 | DEBUG | d.t.c.a.a.c.u.util.UserUtilService   : Save 3 users to database...
    23:47:01.761 | 419 ool-1-worker-183 | DEBUG | d.t.c.a.a.c.u.util.UserUtilService   : Save 3 users to database. Done
    23:47:01.771 | 419 ool-1-worker-183 | INFO  | i.z.t.d.l.EmbeddedDatabaseReporter   : JDBC URL to connect to 'dataSource': url='jdbc:h2:tcp://localhost:41063/mem:df70fc46-7e57-4cb5-9cd0-c1d90c14afa7;USER=sa', scope='VideoUnitIntegrationTest#updateVideoUnit_asInstructor_shouldKeepOrdering'
    23:47:01.782 | 419 ool-1-worker-183 | DEBUG | d.t.c.a.a.c.s.f.ApiVersionFilter     : Adding Version to Request PUT /api/lectures/828/video-units
    23:47:01.783 | 419 ool-1-worker-183 | DEBUG | d.t.c.a.a.l.web.VideoUnitResource    : REST request to update an video unit : de.tum.cit.aet.artemis.lecture.domain.VideoUnit@381

  Starting logs for VideoUnitIntegrationTest > updateVideoUnit_noId_shouldReturnBadRequest()
    23:47:01.808 | 419 ool-1-worker-183 | DEBUG | d.t.c.a.a.c.u.util.UserUtilService   : Generate 1 students...
    23:47:01.811 | 419 ool-1-worker-183 | DEBUG | d.t.c.a.a.c.u.util.UserUtilService   : 1 students generated. Generate 1 tutors...
    23:47:01.814 | 419 ool-1-worker-183 | DEBUG | d.t.c.a.a.c.u.util.UserUtilService   : 1 tutors generated. Generate 0 editors...
    23:47:01.815 | 419 ool-1-worker-183 | DEBUG | d.t.c.a.a.c.u.util.UserUtilService   : 0 editors generated. Generate 1 instructors...
    23:47:01.817 | 419 ool-1-worker-183 | DEBUG | d.t.c.a.a.c.u.util.UserUtilService   : 1 instructors generated
    23:47:01.819 | 419 ool-1-worker-183 | DEBUG | d.t.c.a.a.c.u.util.UserUtilService   : Removing 3 users from all courses...
    23:47:01.820 | 419 ool-1-worker-183 | DEBUG | d.t.c.a.a.c.u.util.UserUtilService   : Removing 3 users from all courses. Done
    23:47:01.820 | 419 ool-1-worker-183 | DEBUG | d.t.c.a.a.c.u.util.UserUtilService   : Save 3 users to database...
    23:47:01.822 | 419 ool-1-worker-183 | DEBUG | d.t.c.a.a.c.u.util.UserUtilService   : Save 3 users to database. Done
    23:47:01.832 | 419 ool-1-worker-183 | INFO  | i.z.t.d.l.EmbeddedDatabaseReporter   : JDBC URL to connect to 'dataSource': url='jdbc:h2:tcp://localhost:41063/mem:df70fc46-7e57-4cb5-9cd0-c1d90c14afa7;USER=sa', scope='VideoUnitIntegrationTest#updateVideoUnit_noId_shouldReturnBadRequest'
    23:47:01.840 | 419 ool-1-worker-183 | DEBUG | d.t.c.a.a.c.s.f.ApiVersionFilter     : Adding Version to Request PUT /api/lectures/829/video-units
    23:47:01.841 | 419 ool-1-worker-183 | DEBUG | d.t.c.a.a.l.web.VideoUnitResource    : REST request to update an video unit : de.tum.cit.aet.artemis.lecture.domain.VideoUnit@0
    23:47:01.842 | 419 ool-1-worker-183 | WARN  | o.z.p.spring.common.AdviceTraits     : Bad Request: HTTP 400 Bad Request

Finished logs for VideoUnitIntegrationTest
]]></system-out>
  <system-err><![CDATA[]]></system-err>
</testsuite>
