<?xml version="1.0" encoding="UTF-8"?>
<testsuite name="de.tum.cit.aet.artemis.iris.IrisSessionActivationIntegrationTest" tests="4" skipped="0" failures="0" errors="0" timestamp="2025-02-14T23:43:50" hostname="fv-az1721-502" time="0.344">
  <properties/>
  <testcase name="createMessageUnauthorized()" classname="de.tum.cit.aet.artemis.iris.IrisSessionActivationIntegrationTest" time="0.064"/>
  <testcase name="createSessionUnauthorized()" classname="de.tum.cit.aet.artemis.iris.IrisSessionActivationIntegrationTest" time="0.118"/>
  <testcase name="getMessagesUnauthorized()" classname="de.tum.cit.aet.artemis.iris.IrisSessionActivationIntegrationTest" time="0.096"/>
  <testcase name="getCurrentSessionUnauthorized()" classname="de.tum.cit.aet.artemis.iris.IrisSessionActivationIntegrationTest" time="0.061"/>
  <system-out><![CDATA[
Starting logs for IrisSessionActivationIntegrationTest

  Starting logs for IrisSessionActivationIntegrationTest > createMessageUnauthorized()
    23:43:50.122 | 403 ool-1-worker-167 | DEBUG | d.t.c.a.a.c.u.util.UserUtilService   : Generate 4 students...
    23:43:50.126 | 403 ool-1-worker-167 | DEBUG | d.t.c.a.a.c.u.util.UserUtilService   : 4 students generated. Generate 0 tutors...
    23:43:50.127 | 403 ool-1-worker-167 | DEBUG | d.t.c.a.a.c.u.util.UserUtilService   : 0 tutors generated. Generate 0 editors...
    23:43:50.129 | 403 ool-1-worker-167 | DEBUG | d.t.c.a.a.c.u.util.UserUtilService   : 0 editors generated. Generate 0 instructors...
    23:43:50.130 | 403 ool-1-worker-167 | DEBUG | d.t.c.a.a.c.u.util.UserUtilService   : 0 instructors generated
    23:43:50.132 | 403 ool-1-worker-167 | DEBUG | d.t.c.a.a.c.u.util.UserUtilService   : Removing 2 users from all courses...
    23:43:50.132 | 403 ool-1-worker-167 | DEBUG | d.t.c.a.a.c.u.util.UserUtilService   : Removing 2 users from all courses. Done
    23:43:50.132 | 403 ool-1-worker-167 | DEBUG | d.t.c.a.a.c.u.util.UserUtilService   : Save 4 users to database...
    23:43:50.135 | 403 ool-1-worker-167 | DEBUG | d.t.c.a.a.c.u.util.UserUtilService   : Save 4 users to database. Done
    23:43:50.156 | 403 ool-1-worker-167 | INFO  | i.z.t.d.l.EmbeddedDatabaseReporter   : JDBC URL to connect to 'dataSource': url='jdbc:h2:tcp://localhost:41063/mem:f240edcd-27ce-47a3-b4ab-a6a00c154135;USER=sa', scope='IrisSessionActivationIntegrationTest#createMessageUnauthorized'
    23:43:50.159 | 403 ool-1-worker-167 | DEBUG | d.t.c.a.a.c.s.f.ApiVersionFilter     : Adding Version to Request POST /api/iris/sessions/44/messages
    23:43:50.166 | 403 ool-1-worker-167 | WARN  | o.z.p.spring.common.AdviceTraits     : Forbidden: The Iris CHAT feature is disabled for this exercise.

  Starting logs for IrisSessionActivationIntegrationTest > createSessionUnauthorized()
    23:43:50.182 | 403 ool-1-worker-167 | DEBUG | d.t.c.a.a.c.u.util.UserUtilService   : Generate 4 students...
    23:43:50.188 | 403 ool-1-worker-167 | DEBUG | d.t.c.a.a.c.u.util.UserUtilService   : 4 students generated. Generate 0 tutors...
    23:43:50.190 | 403 ool-1-worker-167 | DEBUG | d.t.c.a.a.c.u.util.UserUtilService   : 0 tutors generated. Generate 0 editors...
    23:43:50.191 | 403 ool-1-worker-167 | DEBUG | d.t.c.a.a.c.u.util.UserUtilService   : 0 editors generated. Generate 0 instructors...
    23:43:50.192 | 403 ool-1-worker-167 | DEBUG | d.t.c.a.a.c.u.util.UserUtilService   : 0 instructors generated
    23:43:50.193 | 403 ool-1-worker-167 | DEBUG | d.t.c.a.a.c.u.util.UserUtilService   : Removing 4 users from all courses...
    23:43:50.194 | 403 ool-1-worker-167 | DEBUG | d.t.c.a.a.c.u.util.UserUtilService   : Removing 4 users from all courses. Done
    23:43:50.194 | 403 ool-1-worker-167 | DEBUG | d.t.c.a.a.c.u.util.UserUtilService   : Save 4 users to database...
    23:43:50.216 | 403 ool-1-worker-167 | DEBUG | d.t.c.a.a.c.u.util.UserUtilService   : Save 4 users to database. Done
    23:43:50.259 | 403 ool-1-worker-167 | INFO  | i.z.t.d.l.EmbeddedDatabaseReporter   : JDBC URL to connect to 'dataSource': url='jdbc:h2:tcp://localhost:41063/mem:f240edcd-27ce-47a3-b4ab-a6a00c154135;USER=sa', scope='IrisSessionActivationIntegrationTest#createSessionUnauthorized'
    23:43:50.261 | 403 ool-1-worker-167 | DEBUG | d.t.c.a.a.c.s.f.ApiVersionFilter     : Adding Version to Request POST /api/iris/exercise-chat/447/sessions
    23:43:50.277 | 403 ool-1-worker-167 | WARN  | o.z.p.spring.common.AdviceTraits     : Forbidden: The Iris CHAT feature is disabled for this exercise.

  Starting logs for IrisSessionActivationIntegrationTest > getMessagesUnauthorized()
    23:43:50.313 | 403 ool-1-worker-167 | DEBUG | d.t.c.a.a.c.u.util.UserUtilService   : Generate 4 students...
    23:43:50.327 | 403 ool-1-worker-167 | DEBUG | d.t.c.a.a.c.u.util.UserUtilService   : 4 students generated. Generate 0 tutors...
    23:43:50.329 | 403 ool-1-worker-167 | DEBUG | d.t.c.a.a.c.u.util.UserUtilService   : 0 tutors generated. Generate 0 editors...
    23:43:50.331 | 403 ool-1-worker-167 | DEBUG | d.t.c.a.a.c.u.util.UserUtilService   : 0 editors generated. Generate 0 instructors...
    23:43:50.332 | 403 ool-1-worker-167 | DEBUG | d.t.c.a.a.c.u.util.UserUtilService   : 0 instructors generated
    23:43:50.333 | 403 ool-1-worker-167 | DEBUG | d.t.c.a.a.c.u.util.UserUtilService   : Removing 4 users from all courses...
    23:43:50.334 | 403 ool-1-worker-167 | DEBUG | d.t.c.a.a.c.u.util.UserUtilService   : Removing 4 users from all courses. Done
    23:43:50.334 | 403 ool-1-worker-167 | DEBUG | d.t.c.a.a.c.u.util.UserUtilService   : Save 4 users to database...
    23:43:50.338 | 403 ool-1-worker-167 | DEBUG | d.t.c.a.a.c.u.util.UserUtilService   : Save 4 users to database. Done
    23:43:50.358 | 403 ool-1-worker-167 | INFO  | i.z.t.d.l.EmbeddedDatabaseReporter   : JDBC URL to connect to 'dataSource': url='jdbc:h2:tcp://localhost:41063/mem:f240edcd-27ce-47a3-b4ab-a6a00c154135;USER=sa', scope='IrisSessionActivationIntegrationTest#getMessagesUnauthorized'
    23:43:50.369 | 403 ool-1-worker-167 | DEBUG | d.t.c.a.a.c.s.f.ApiVersionFilter     : Adding Version to Request GET /api/iris/sessions/45/messages
    23:43:50.378 | 403 ool-1-worker-167 | WARN  | o.z.p.spring.common.AdviceTraits     : Forbidden: The Iris CHAT feature is disabled for this exercise.

  Starting logs for IrisSessionActivationIntegrationTest > getCurrentSessionUnauthorized()
    23:43:50.399 | 403 ool-1-worker-167 | DEBUG | d.t.c.a.a.c.u.util.UserUtilService   : Generate 4 students...
    23:43:50.406 | 403 ool-1-worker-167 | DEBUG | d.t.c.a.a.c.u.util.UserUtilService   : 4 students generated. Generate 0 tutors...
    23:43:50.407 | 403 ool-1-worker-167 | DEBUG | d.t.c.a.a.c.u.util.UserUtilService   : 0 tutors generated. Generate 0 editors...
    23:43:50.409 | 403 ool-1-worker-167 | DEBUG | d.t.c.a.a.c.u.util.UserUtilService   : 0 editors generated. Generate 0 instructors...
    23:43:50.410 | 403 ool-1-worker-167 | DEBUG | d.t.c.a.a.c.u.util.UserUtilService   : 0 instructors generated
    23:43:50.411 | 403 ool-1-worker-167 | DEBUG | d.t.c.a.a.c.u.util.UserUtilService   : Removing 4 users from all courses...
    23:43:50.412 | 403 ool-1-worker-167 | DEBUG | d.t.c.a.a.c.u.util.UserUtilService   : Removing 4 users from all courses. Done
    23:43:50.412 | 403 ool-1-worker-167 | DEBUG | d.t.c.a.a.c.u.util.UserUtilService   : Save 4 users to database...
    23:43:50.417 | 403 ool-1-worker-167 | DEBUG | d.t.c.a.a.c.u.util.UserUtilService   : Save 4 users to database. Done
    23:43:50.439 | 403 ool-1-worker-167 | INFO  | i.z.t.d.l.EmbeddedDatabaseReporter   : JDBC URL to connect to 'dataSource': url='jdbc:h2:tcp://localhost:41063/mem:f240edcd-27ce-47a3-b4ab-a6a00c154135;USER=sa', scope='IrisSessionActivationIntegrationTest#getCurrentSessionUnauthorized'
    23:43:50.440 | 403 ool-1-worker-167 | DEBUG | d.t.c.a.a.c.s.f.ApiVersionFilter     : Adding Version to Request GET /api/iris/exercise-chat/449/sessions
    23:43:50.445 | 403 ool-1-worker-167 | WARN  | o.z.p.spring.common.AdviceTraits     : Forbidden: The Iris CHAT feature is disabled for this exercise.

Finished logs for IrisSessionActivationIntegrationTest
]]></system-out>
  <system-err><![CDATA[]]></system-err>
</testsuite>
