<?xml version="1.0" encoding="UTF-8"?>
<testsuite name="de.tum.cit.aet.artemis.exam.service.ExamServiceTest$GetStudentExamGradesForSummaryTest" tests="3" skipped="0" failures="0" errors="0" timestamp="2025-02-14T23:45:52" hostname="fv-az1721-502" time="0.192">
  <properties/>
  <testcase name="testThrowsExceptionIfNotPublished()" classname="de.tum.cit.aet.artemis.exam.service.ExamServiceTest$GetStudentExamGradesForSummaryTest" time="0.077"/>
  <testcase name="testDoesNotThrowExceptionForInstructors()" classname="de.tum.cit.aet.artemis.exam.service.ExamServiceTest$GetStudentExamGradesForSummaryTest" time="0.062"/>
  <testcase name="testThrowsExceptionIfNotSubmitted()" classname="de.tum.cit.aet.artemis.exam.service.ExamServiceTest$GetStudentExamGradesForSummaryTest" time="0.045"/>
  <system-out><![CDATA[
Starting logs for GetStudentExamGradesForSummaryTest

  Starting logs for GetStudentExamGradesForSummaryTest > testThrowsExceptionIfNotPublished()
    23:45:52.808 | 374 ool-1-worker-138 | DEBUG | d.t.c.a.a.c.u.util.UserUtilService   : Generate 1 students...
    23:45:52.810 | 374 ool-1-worker-138 | DEBUG | d.t.c.a.a.c.u.util.UserUtilService   : 1 students generated. Generate 0 tutors...
    23:45:52.811 | 374 ool-1-worker-138 | DEBUG | d.t.c.a.a.c.u.util.UserUtilService   : 0 tutors generated. Generate 0 editors...
    23:45:52.812 | 374 ool-1-worker-138 | DEBUG | d.t.c.a.a.c.u.util.UserUtilService   : 0 editors generated. Generate 1 instructors...
    23:45:52.814 | 374 ool-1-worker-138 | DEBUG | d.t.c.a.a.c.u.util.UserUtilService   : 1 instructors generated
    23:45:52.816 | 374 ool-1-worker-138 | DEBUG | d.t.c.a.a.c.u.util.UserUtilService   : Removing 8 users from all courses...
    23:45:52.817 | 374 ool-1-worker-138 | DEBUG | d.t.c.a.a.c.u.util.UserUtilService   : Removing 8 users from all courses. Done
    23:45:52.817 | 374 ool-1-worker-138 | DEBUG | d.t.c.a.a.c.u.util.UserUtilService   : Save 2 users to database...
    23:45:52.818 | 374 ool-1-worker-138 | DEBUG | d.t.c.a.a.c.u.util.UserUtilService   : Save 2 users to database. Done
    23:45:52.820 | 374 ool-1-worker-138 | INFO  | i.z.t.d.l.EmbeddedDatabaseReporter   : JDBC URL to connect to 'dataSource': url='jdbc:h2:tcp://localhost:41063/mem:df70fc46-7e57-4cb5-9cd0-c1d90c14afa7;USER=sa', scope='GetStudentExamGradesForSummaryTest#testThrowsExceptionIfNotPublished'
    23:45:52.822 | 374 ool-1-worker-138 | WARN  | .c.a.a.c.s.TitleCacheEvictionService : Unable to clear title of exercises from exercise group 306: Exercises not initialized

  Starting logs for GetStudentExamGradesForSummaryTest > testDoesNotThrowExceptionForInstructors()
    23:45:52.853 | 374 ool-1-worker-138 | DEBUG | d.t.c.a.a.c.u.util.UserUtilService   : Generate 1 students...
    23:45:52.855 | 374 ool-1-worker-138 | DEBUG | d.t.c.a.a.c.u.util.UserUtilService   : 1 students generated. Generate 0 tutors...
    23:45:52.857 | 374 ool-1-worker-138 | DEBUG | d.t.c.a.a.c.u.util.UserUtilService   : 0 tutors generated. Generate 0 editors...
    23:45:52.859 | 374 ool-1-worker-138 | DEBUG | d.t.c.a.a.c.u.util.UserUtilService   : 0 editors generated. Generate 1 instructors...
    23:45:52.861 | 374 ool-1-worker-138 | DEBUG | d.t.c.a.a.c.u.util.UserUtilService   : 1 instructors generated
    23:45:52.863 | 374 ool-1-worker-138 | DEBUG | d.t.c.a.a.c.u.util.UserUtilService   : Removing 2 users from all courses...
    23:45:52.864 | 374 ool-1-worker-138 | DEBUG | d.t.c.a.a.c.u.util.UserUtilService   : Removing 2 users from all courses. Done
    23:45:52.864 | 374 ool-1-worker-138 | DEBUG | d.t.c.a.a.c.u.util.UserUtilService   : Save 2 users to database...
    23:45:52.868 | 374 ool-1-worker-138 | DEBUG | d.t.c.a.a.c.u.util.UserUtilService   : Save 2 users to database. Done
    23:45:52.870 | 374 ool-1-worker-138 | INFO  | i.z.t.d.l.EmbeddedDatabaseReporter   : JDBC URL to connect to 'dataSource': url='jdbc:h2:tcp://localhost:41063/mem:df70fc46-7e57-4cb5-9cd0-c1d90c14afa7;USER=sa', scope='GetStudentExamGradesForSummaryTest#testDoesNotThrowExceptionForInstructors'
    23:45:52.881 | 374 ool-1-worker-138 | WARN  | .c.a.a.c.s.TitleCacheEvictionService : Unable to clear title of exercises from exercise group 307: Exercises not initialized

  Starting logs for GetStudentExamGradesForSummaryTest > testThrowsExceptionIfNotSubmitted()
    23:45:52.924 | 374 ool-1-worker-138 | DEBUG | d.t.c.a.a.c.u.util.UserUtilService   : Generate 1 students...
    23:45:52.927 | 374 ool-1-worker-138 | DEBUG | d.t.c.a.a.c.u.util.UserUtilService   : 1 students generated. Generate 0 tutors...
    23:45:52.928 | 374 ool-1-worker-138 | DEBUG | d.t.c.a.a.c.u.util.UserUtilService   : 0 tutors generated. Generate 0 editors...
    23:45:52.930 | 374 ool-1-worker-138 | DEBUG | d.t.c.a.a.c.u.util.UserUtilService   : 0 editors generated. Generate 1 instructors...
    23:45:52.932 | 374 ool-1-worker-138 | DEBUG | d.t.c.a.a.c.u.util.UserUtilService   : 1 instructors generated
    23:45:52.933 | 374 ool-1-worker-138 | DEBUG | d.t.c.a.a.c.u.util.UserUtilService   : Removing 2 users from all courses...
    23:45:52.934 | 374 ool-1-worker-138 | DEBUG | d.t.c.a.a.c.u.util.UserUtilService   : Removing 2 users from all courses. Done
    23:45:52.934 | 374 ool-1-worker-138 | DEBUG | d.t.c.a.a.c.u.util.UserUtilService   : Save 2 users to database...
    23:45:52.936 | 374 ool-1-worker-138 | DEBUG | d.t.c.a.a.c.u.util.UserUtilService   : Save 2 users to database. Done
    23:45:52.938 | 374 ool-1-worker-138 | INFO  | i.z.t.d.l.EmbeddedDatabaseReporter   : JDBC URL to connect to 'dataSource': url='jdbc:h2:tcp://localhost:41063/mem:df70fc46-7e57-4cb5-9cd0-c1d90c14afa7;USER=sa', scope='GetStudentExamGradesForSummaryTest#testThrowsExceptionIfNotSubmitted'
    23:45:52.939 | 374 ool-1-worker-138 | WARN  | .c.a.a.c.s.TitleCacheEvictionService : Unable to clear title of exercises from exercise group 308: Exercises not initialized

Finished logs for GetStudentExamGradesForSummaryTest
]]></system-out>
  <system-err><![CDATA[]]></system-err>
</testsuite>
