<?xml version="1.0" encoding="UTF-8"?>
<testsuite name="de.tum.cit.aet.artemis.iris.settings.IrisSettingsIntegrationTest" tests="25" skipped="0" failures="0" errors="0" timestamp="2025-02-14T23:44:04" hostname="fv-az1721-502" time="4.045">
  <properties/>
  <testcase name="getMissingSettingsForProgrammingExercise()" classname="de.tum.cit.aet.artemis.iris.settings.IrisSettingsIntegrationTest" time="0.129"/>
  <testcase name="getProgrammingExerciseSettingsAsUser()" classname="de.tum.cit.aet.artemis.iris.settings.IrisSettingsIntegrationTest" time="0.077"/>
  <testcase name="updateProgrammingExerciseSettings1()" classname="de.tum.cit.aet.artemis.iris.settings.IrisSettingsIntegrationTest" time="0.08"/>
  <testcase name="updateProgrammingExerciseSettings2()" classname="de.tum.cit.aet.artemis.iris.settings.IrisSettingsIntegrationTest" time="0.076"/>
  <testcase name="updateProgrammingExerciseSettings3()" classname="de.tum.cit.aet.artemis.iris.settings.IrisSettingsIntegrationTest" time="0.065"/>
  <testcase name="updateProgrammingExerciseSettings4()" classname="de.tum.cit.aet.artemis.iris.settings.IrisSettingsIntegrationTest" time="0.133"/>
  <testcase name="updateCourseSettingsCategories(List, List, boolean) [1] operations=[COURSE], categories=[[category1]], exerciseEnabled=false" classname="de.tum.cit.aet.artemis.iris.settings.IrisSettingsIntegrationTest" time="0.084"/>
  <testcase name="updateCourseSettingsCategories(List, List, boolean) [2] operations=[COURSE, EXERCISE], categories=[[category1], [category1]], exerciseEnabled=true" classname="de.tum.cit.aet.artemis.iris.settings.IrisSettingsIntegrationTest" time="0.294"/>
  <testcase name="updateCourseSettingsCategories(List, List, boolean) [3] operations=[EXERCISE, COURSE], categories=[[category1], [category1]], exerciseEnabled=true" classname="de.tum.cit.aet.artemis.iris.settings.IrisSettingsIntegrationTest" time="0.297"/>
  <testcase name="updateCourseSettingsCategories(List, List, boolean) [4] operations=[EXERCISE], categories=[[category1]], exerciseEnabled=false" classname="de.tum.cit.aet.artemis.iris.settings.IrisSettingsIntegrationTest" time="0.105"/>
  <testcase name="updateCourseSettingsCategories(List, List, boolean) [5] operations=[EXERCISE, COURSE, EXERCISE], categories=[[category1], [category1], []], exerciseEnabled=false" classname="de.tum.cit.aet.artemis.iris.settings.IrisSettingsIntegrationTest" time="0.198"/>
  <testcase name="updateCourseSettingsCategories(List, List, boolean) [6] operations=[COURSE, EXERCISE, COURSE], categories=[[category1], [category1], []], exerciseEnabled=false" classname="de.tum.cit.aet.artemis.iris.settings.IrisSettingsIntegrationTest" time="0.174"/>
  <testcase name="updateCourseSettingsCategories(List, List, boolean) [7] operations=[EXERCISE, COURSE, EXERCISE], categories=[[category1, category2], [category1], [category2]], exerciseEnabled=false" classname="de.tum.cit.aet.artemis.iris.settings.IrisSettingsIntegrationTest" time="0.474"/>
  <testcase name="updateCourseSettingsCategories(List, List, boolean) [8] operations=[EXERCISE, COURSE, EXERCISE], categories=[[category1, category2], [category1], [category1]], exerciseEnabled=true" classname="de.tum.cit.aet.artemis.iris.settings.IrisSettingsIntegrationTest" time="0.328"/>
  <testcase name="updateCourseSettingsCategories(List, List, boolean) [9] operations=[EXERCISE, COURSE, EXERCISE], categories=[[category1], [category2], [category2]], exerciseEnabled=true" classname="de.tum.cit.aet.artemis.iris.settings.IrisSettingsIntegrationTest" time="0.233"/>
  <testcase name="updateCourseSettingsCategories(List, List, boolean) [10] operations=[COURSE, EXERCISE, COURSE], categories=[[category1, category2], [category1], [category2]], exerciseEnabled=false" classname="de.tum.cit.aet.artemis.iris.settings.IrisSettingsIntegrationTest" time="0.275"/>
  <testcase name="updateCourseSettingsCategories(List, List, boolean) [11] operations=[COURSE, EXERCISE, COURSE], categories=[[category1, category2], [category1], [category1]], exerciseEnabled=true" classname="de.tum.cit.aet.artemis.iris.settings.IrisSettingsIntegrationTest" time="0.13"/>
  <testcase name="getMissingSettingsForCourse()" classname="de.tum.cit.aet.artemis.iris.settings.IrisSettingsIntegrationTest" time="0.108"/>
  <testcase name="getCourseSettings()" classname="de.tum.cit.aet.artemis.iris.settings.IrisSettingsIntegrationTest" time="0.114"/>
  <testcase name="getCourseSettingsAsUser()" classname="de.tum.cit.aet.artemis.iris.settings.IrisSettingsIntegrationTest" time="0.133"/>
  <testcase name="getProgrammingExerciseSettings()" classname="de.tum.cit.aet.artemis.iris.settings.IrisSettingsIntegrationTest" time="0.091"/>
  <testcase name="updateCourseSettings1()" classname="de.tum.cit.aet.artemis.iris.settings.IrisSettingsIntegrationTest" time="0.09"/>
  <testcase name="updateCourseSettings2()" classname="de.tum.cit.aet.artemis.iris.settings.IrisSettingsIntegrationTest" time="0.091"/>
  <testcase name="updateCourseSettings3()" classname="de.tum.cit.aet.artemis.iris.settings.IrisSettingsIntegrationTest" time="0.075"/>
  <testcase name="updateCourseSettings4()" classname="de.tum.cit.aet.artemis.iris.settings.IrisSettingsIntegrationTest" time="0.128"/>
  <system-out><![CDATA[	at org.springframework.web.filter.OncePerRequestFilter.doFilter(OncePerRequestFilter.java:116)
	at org.springframework.test.web.servlet.setup.MockMvcFilterDecorator.doFilter(MockMvcFilterDecorator.java:162)
	at org.springframework.mock.web.MockFilterChain.doFilter(MockFilterChain.java:132)
	at org.springframework.web.filter.FormContentFilter.doFilterInternal(FormContentFilter.java:93)
	at org.springframework.web.filter.OncePerRequestFilter.doFilter(OncePerRequestFilter.java:116)
	at org.springframework.test.web.servlet.setup.MockMvcFilterDecorator.doFilter(MockMvcFilterDecorator.java:162)
	at org.springframework.mock.web.MockFilterChain.doFilter(MockFilterChain.java:132)
	at org.springframework.web.filter.ServerHttpObservationFilter.doFilterInternal(ServerHttpObservationFilter.java:114)
	at org.springframework.web.filter.OncePerRequestFilter.doFilter(OncePerRequestFilter.java:116)
	at org.springframework.test.web.servlet.setup.MockMvcFilterDecorator.doFilter(MockMvcFilterDecorator.java:162)
	at org.springframework.mock.web.MockFilterChain.doFilter(MockFilterChain.java:132)
	at io.sentry.spring.jakarta.tracing.SentryTracingFilter.doFilterInternal(SentryTracingFilter.java:91)
	at org.springframework.web.filter.OncePerRequestFilter.doFilter(OncePerRequestFilter.java:116)
	at org.springframework.test.web.servlet.setup.MockMvcFilterDecorator.doFilter(MockMvcFilterDecorator.java:162)
	at org.springframework.mock.web.MockFilterChain.doFilter(MockFilterChain.java:132)
	at org.springframework.web.filter.CharacterEncodingFilter.doFilterInternal(CharacterEncodingFilter.java:201)
	at org.springframework.web.filter.OncePerRequestFilter.doFilter(OncePerRequestFilter.java:116)
	at org.springframework.test.web.servlet.setup.MockMvcFilterDecorator.doFilter(MockMvcFilterDecorator.java:162)
	at org.springframework.mock.web.MockFilterChain.doFilter(MockFilterChain.java:132)
	at io.sentry.spring.jakarta.SentrySpringFilter.doFilterInternal(SentrySpringFilter.java:76)
	at org.springframework.web.filter.OncePerRequestFilter.doFilter(OncePerRequestFilter.java:116)
	at org.springframework.test.web.servlet.setup.MockMvcFilterDecorator.doFilter(MockMvcFilterDecorator.java:162)
	at org.springframework.mock.web.MockFilterChain.doFilter(MockFilterChain.java:132)
	at org.springframework.test.web.servlet.MockMvc.perform(MockMvc.java:201)
	at de.tum.cit.aet.artemis.core.util.RequestUtilService.performMvcRequest(RequestUtilService.java:79)
	at de.tum.cit.aet.artemis.core.util.RequestUtilService.postWithResponseBodyString(RequestUtilService.java:351)
	at de.tum.cit.aet.artemis.core.util.RequestUtilService.postWithResponseBodyString(RequestUtilService.java:318)
	at de.tum.cit.aet.artemis.core.util.RequestUtilService.postWithResponseBody(RequestUtilService.java:290)
	at de.tum.cit.aet.artemis.core.util.RequestUtilService.postWithResponseBody(RequestUtilService.java:363)
	at de.tum.cit.aet.artemis.core.util.RequestUtilService.postWithResponseBody(RequestUtilService.java:375)
	at de.tum.cit.aet.artemis.communication.ReactionIntegrationTest.testCreateMultipleOwnAnswerPostReaction_internalServerError(ReactionIntegrationTest.java:225)
	at java.base/jdk.internal.reflect.DirectMethodHandleAccessor.invoke(DirectMethodHandleAccessor.java:103)
	at java.base/java.lang.reflect.Method.invoke(Method.java:580)
	at org.junit.platform.commons.util.ReflectionUtils.invokeMethod(ReflectionUtils.java:767)
	at org.junit.jupiter.engine.execution.MethodInvocation.proceed(MethodInvocation.java:60)
	at org.junit.jupiter.engine.execution.InvocationInterceptorChain$ValidatingInvocation.proceed(InvocationInterceptorChain.java:131)
	at org.junit.jupiter.engine.extension.TimeoutExtension.intercept(TimeoutExtension.java:156)
	at org.junit.jupiter.engine.extension.TimeoutExtension.interceptTestableMethod(TimeoutExtension.java:147)
	at org.junit.jupiter.engine.extension.TimeoutExtension.interceptTestMethod(TimeoutExtension.java:86)
	at org.junit.jupiter.engine.execution.InterceptingExecutableInvoker$ReflectiveInterceptorCall.lambda$ofVoidMethod$0(InterceptingExecutableInvoker.java:103)
	at org.junit.jupiter.engine.execution.InterceptingExecutableInvoker.lambda$invoke$0(InterceptingExecutableInvoker.java:93)
	at org.junit.jupiter.engine.execution.InvocationInterceptorChain$InterceptedInvocation.proceed(InvocationInterceptorChain.java:106)
	at org.junit.jupiter.engine.execution.InvocationInterceptorChain.proceed(InvocationInterceptorChain.java:64)
	at org.junit.jupiter.engine.execution.InvocationInterceptorChain.chainAndInvoke(InvocationInterceptorChain.java:45)
	at org.junit.jupiter.engine.execution.InvocationInterceptorChain.invoke(InvocationInterceptorChain.java:37)
	at org.junit.jupiter.engine.execution.InterceptingExecutableInvoker.invoke(InterceptingExecutableInvoker.java:92)
	at org.junit.jupiter.engine.execution.InterceptingExecutableInvoker.invoke(InterceptingExecutableInvoker.java:86)
	at org.junit.jupiter.engine.descriptor.TestMethodTestDescriptor.lambda$invokeTestMethod$8(TestMethodTestDescriptor.java:217)
	at org.junit.platform.engine.support.hierarchical.ThrowableCollector.execute(ThrowableCollector.java:73)
	at org.junit.jupiter.engine.descriptor.TestMethodTestDescriptor.invokeTestMethod(TestMethodTestDescriptor.java:213)
	at org.junit.jupiter.engine.descriptor.TestMethodTestDescriptor.execute(TestMethodTestDescriptor.java:138)
	at org.junit.jupiter.engine.descriptor.TestMethodTestDescriptor.execute(TestMethodTestDescriptor.java:68)
	at org.junit.platform.engine.support.hierarchical.NodeTestTask.lambda$executeRecursively$6(NodeTestTask.java:156)
	at org.junit.platform.engine.support.hierarchical.ThrowableCollector.execute(ThrowableCollector.java:73)
	at org.junit.platform.engine.support.hierarchical.NodeTestTask.lambda$executeRecursively$8(NodeTestTask.java:146)
	at org.junit.platform.engine.support.hierarchical.Node.around(Node.java:137)
	at org.junit.platform.engine.support.hierarchical.NodeTestTask.lambda$executeRecursively$9(NodeTestTask.java:144)
	at org.junit.platform.engine.support.hierarchical.ThrowableCollector.execute(ThrowableCollector.java:73)
	at org.junit.platform.engine.support.hierarchical.NodeTestTask.executeRecursively(NodeTestTask.java:143)
	at org.junit.platform.engine.support.hierarchical.NodeTestTask.execute(NodeTestTask.java:100)
	at org.junit.platform.engine.support.hierarchical.ForkJoinPoolHierarchicalTestExecutorService$ExclusiveTask.exec(ForkJoinPoolHierarchicalTestExecutorService.java:274)
	at org.junit.platform.engine.support.hierarchical.ForkJoinPoolHierarchicalTestExecutorService$ExclusiveTask.execSync(ForkJoinPoolHierarchicalTestExecutorService.java:247)
	at org.junit.platform.engine.support.hierarchical.ForkJoinPoolHierarchicalTestExecutorService.executeSync(ForkJoinPoolHierarchicalTestExecutorService.java:194)
	at org.junit.platform.engine.support.hierarchical.ForkJoinPoolHierarchicalTestExecutorService.invokeAll(ForkJoinPoolHierarchicalTestExecutorService.java:166)
	at org.junit.platform.engine.support.hierarchical.NodeTestTask.lambda$executeRecursively$6(NodeTestTask.java:160)
	at org.junit.platform.engine.support.hierarchical.ThrowableCollector.execute(ThrowableCollector.java:73)
	at org.junit.platform.engine.support.hierarchical.NodeTestTask.lambda$executeRecursively$8(NodeTestTask.java:146)
	at org.junit.platform.engine.support.hierarchical.Node.around(Node.java:137)
	at org.junit.platform.engine.support.hierarchical.NodeTestTask.lambda$executeRecursively$9(NodeTestTask.java:144)
	at org.junit.platform.engine.support.hierarchical.ThrowableCollector.execute(ThrowableCollector.java:73)
	at org.junit.platform.engine.support.hierarchical.NodeTestTask.executeRecursively(NodeTestTask.java:143)
	at org.junit.platform.engine.support.hierarchical.NodeTestTask.execute(NodeTestTask.java:100)
	at org.junit.platform.engine.support.hierarchical.ForkJoinPoolHierarchicalTestExecutorService$ExclusiveTask.exec(ForkJoinPoolHierarchicalTestExecutorService.java:274)
	at java.base/java.util.concurrent.ForkJoinTask.doExec(ForkJoinTask.java:387)
	at java.base/java.util.concurrent.ForkJoinPool$WorkQueue.topLevelExec(ForkJoinPool.java:1312)
	at java.base/java.util.concurrent.ForkJoinPool.scan(ForkJoinPool.java:1843)
	at java.base/java.util.concurrent.ForkJoinPool.runWorker(ForkJoinPool.java:1808)
	at java.base/java.util.concurrent.ForkJoinWorkerThread.run(ForkJoinWorkerThread.java:188)
Caused by: org.hibernate.exception.ConstraintViolationException: could not execute statement [Unique index or primary key violation: "PUBLIC.UNIQUE_ANSWER_POST_REACTION ON PUBLIC.REACTION(EMOJI_ID NULLS FIRST, USER_ID NULLS FIRST, ANSWER_POST_ID NULLS FIRST) VALUES ( /* key:20 */ 'smiley', CAST(204 AS BIGINT), CAST(417 AS BIGINT))"; SQL statement:
insert into reaction (answer_post_id,creation_date,emoji_id,post_id,user_id,id) values (?,?,?,?,?,default) [23505-224]] [insert into reaction (answer_post_id,creation_date,emoji_id,post_id,user_id,id) values (?,?,?,?,?,default)]
	at org.hibernate.exception.internal.SQLExceptionTypeDelegate.convert(SQLExceptionTypeDelegate.java:62)
	at org.hibernate.exception.internal.StandardSQLExceptionConverter.convert(StandardSQLExceptionConverter.java:58)
	at org.hibernate.engine.jdbc.spi.SqlExceptionHelper.convert(SqlExceptionHelper.java:108)
	at org.hibernate.engine.jdbc.internal.ResultSetReturnImpl.executeUpdate(ResultSetReturnImpl.java:197)
	at org.hibernate.id.insert.GetGeneratedKeysDelegate.performInsert(GetGeneratedKeysDelegate.java:107)
	at org.hibernate.engine.jdbc.mutation.internal.MutationExecutorPostInsertSingleTable.execute(MutationExecutorPostInsertSingleTable.java:100)
	at org.hibernate.persister.entity.mutation.InsertCoordinator.doStaticInserts(InsertCoordinator.java:175)
	at org.hibernate.persister.entity.mutation.InsertCoordinator.coordinateInsert(InsertCoordinator.java:113)
	at org.hibernate.persister.entity.AbstractEntityPersister.insert(AbstractEntityPersister.java:2862)
	at org.hibernate.action.internal.EntityIdentityInsertAction.execute(EntityIdentityInsertAction.java:81)
	at org.hibernate.engine.spi.ActionQueue.execute(ActionQueue.java:670)
	at org.hibernate.engine.spi.ActionQueue.addResolvedEntityInsertAction(ActionQueue.java:291)
	at org.hibernate.engine.spi.ActionQueue.addInsertAction(ActionQueue.java:272)
	at org.hibernate.engine.spi.ActionQueue.addAction(ActionQueue.java:322)
	at org.hibernate.event.internal.AbstractSaveEventListener.addInsertAction(AbstractSaveEventListener.java:388)
	at org.hibernate.event.internal.AbstractSaveEventListener.performSaveOrReplicate(AbstractSaveEventListener.java:302)
	at org.hibernate.event.internal.AbstractSaveEventListener.performSave(AbstractSaveEventListener.java:221)
	at org.hibernate.event.internal.AbstractSaveEventListener.saveWithGeneratedId(AbstractSaveEventListener.java:135)
	at org.hibernate.event.internal.DefaultPersistEventListener.entityIsTransient(DefaultPersistEventListener.java:175)
	at org.hibernate.event.internal.DefaultPersistEventListener.persist(DefaultPersistEventListener.java:93)
	at org.hibernate.event.internal.DefaultPersistEventListener.onPersist(DefaultPersistEventListener.java:77)
	at org.hibernate.event.internal.DefaultPersistEventListener.onPersist(DefaultPersistEventListener.java:54)
	at org.hibernate.event.service.internal.EventListenerGroupImpl.fireEventOnEachListener(EventListenerGroupImpl.java:127)
	at org.hibernate.internal.SessionImpl.firePersist(SessionImpl.java:758)
	at org.hibernate.internal.SessionImpl.persist(SessionImpl.java:742)
	at java.base/jdk.internal.reflect.DirectMethodHandleAccessor.invoke(DirectMethodHandleAccessor.java:103)
	at java.base/java.lang.reflect.Method.invoke(Method.java:580)
	at org.springframework.orm.jpa.SharedEntityManagerCreator$SharedEntityManagerInvocationHandler.invoke(SharedEntityManagerCreator.java:320)
	at jdk.proxy3/jdk.proxy3.$Proxy319.persist(Unknown Source)
	at org.springframework.data.jpa.repository.support.SimpleJpaRepository.save(SimpleJpaRepository.java:627)
	at java.base/jdk.internal.reflect.DirectMethodHandleAccessor.invoke(DirectMethodHandleAccessor.java:103)
	at java.base/java.lang.reflect.Method.invoke(Method.java:580)
	at org.springframework.aop.support.AopUtils.invokeJoinpointUsingReflection(AopUtils.java:359)
	at org.springframework.data.repository.core.support.RepositoryMethodInvoker$RepositoryFragmentMethodInvoker.lambda$new$0(RepositoryMethodInvoker.java:277)
	at org.springframework.data.repository.core.support.RepositoryMethodInvoker.doInvoke(RepositoryMethodInvoker.java:170)
	at org.springframework.data.repository.core.support.RepositoryMethodInvoker.invoke(RepositoryMethodInvoker.java:158)
	at org.springframework.data.repository.core.support.RepositoryComposition$RepositoryFragments.invoke(RepositoryComposition.java:515)
	at org.springframework.data.repository.core.support.RepositoryComposition.invoke(RepositoryComposition.java:284)
	at org.springframework.data.repository.core.support.RepositoryFactorySupport$ImplementationMethodExecutionInterceptor.invoke(RepositoryFactorySupport.java:752)
	at org.springframework.aop.framework.ReflectiveMethodInvocation.proceed(ReflectiveMethodInvocation.java:184)
	at org.springframework.data.repository.core.support.QueryExecutorMethodInterceptor.doInvoke(QueryExecutorMethodInterceptor.java:174)
	at org.springframework.data.repository.core.support.QueryExecutorMethodInterceptor.invoke(QueryExecutorMethodInterceptor.java:149)
	at org.springframework.aop.framework.ReflectiveMethodInvocation.proceed(ReflectiveMethodInvocation.java:184)
	at org.springframework.data.projection.DefaultMethodInvokingMethodInterceptor.invoke(DefaultMethodInvokingMethodInterceptor.java:69)
	at org.springframework.aop.framework.ReflectiveMethodInvocation.proceed(ReflectiveMethodInvocation.java:184)
	at org.springframework.transaction.interceptor.TransactionAspectSupport.invokeWithinTransaction(TransactionAspectSupport.java:380)
	at org.springframework.transaction.interceptor.TransactionInterceptor.invoke(TransactionInterceptor.java:119)
	at org.springframework.aop.framework.ReflectiveMethodInvocation.proceed(ReflectiveMethodInvocation.java:184)
	at org.springframework.dao.support.PersistenceExceptionTranslationInterceptor.invoke(PersistenceExceptionTranslationInterceptor.java:138)
	... 233 common frames omitted
Caused by: org.h2.jdbc.JdbcSQLIntegrityConstraintViolationException: Unique index or primary key violation: "PUBLIC.UNIQUE_ANSWER_POST_REACTION ON PUBLIC.REACTION(EMOJI_ID NULLS FIRST, USER_ID NULLS FIRST, ANSWER_POST_ID NULLS FIRST) VALUES ( /* key:20 */ 'smiley', CAST(204 AS BIGINT), CAST(417 AS BIGINT))"; SQL statement:
insert into reaction (answer_post_id,creation_date,emoji_id,post_id,user_id,id) values (?,?,?,?,?,default) [23505-224]
	at org.h2.message.DbException.getJdbcSQLException(DbException.java:520)
	at org.h2.message.DbException.getJdbcSQLException(DbException.java:489)
	at org.h2.message.DbException.get(DbException.java:223)
	at org.h2.message.DbException.get(DbException.java:199)
	at org.h2.index.Index.getDuplicateKeyException(Index.java:527)
	at org.h2.mvstore.db.MVSecondaryIndex.checkUnique(MVSecondaryIndex.java:223)
	at org.h2.mvstore.db.MVSecondaryIndex.add(MVSecondaryIndex.java:184)
	at org.h2.mvstore.db.MVTable.addRow(MVTable.java:519)
	at org.h2.command.dml.Insert.insertRows(Insert.java:174)
	at org.h2.command.dml.Insert.update(Insert.java:135)
	at org.h2.command.CommandContainer.executeUpdateWithGeneratedKeys(CommandContainer.java:242)
	at org.h2.command.CommandContainer.update(CommandContainer.java:163)
	at org.h2.command.Command.executeUpdate(Command.java:256)
	at org.h2.jdbc.JdbcPreparedStatement.executeUpdateInternal(JdbcPreparedStatement.java:216)
	at org.h2.jdbc.JdbcPreparedStatement.executeUpdate(JdbcPreparedStatement.java:174)
	at org.hibernate.engine.jdbc.internal.ResultSetReturnImpl.executeUpdate(ResultSetReturnImpl.java:194)
	... 278 common frames omitted

  Starting logs for ReactionIntegrationTest > testGetPostsForCourse_OrderByVoteCountDESC()
    23:43:59.919 | 139 Pool-1-worker-54 | DEBUG | d.t.c.a.a.c.u.util.UserUtilService   : Generate 5 students...
    23:43:59.930 | 139 Pool-1-worker-54 | DEBUG | d.t.c.a.a.c.u.util.UserUtilService   : 5 students generated. Generate 5 tutors...
    23:43:59.946 | 139 Pool-1-worker-54 | DEBUG | d.t.c.a.a.c.u.util.UserUtilService   : 5 tutors generated. Generate 4 editors...
    23:43:59.959 | 139 Pool-1-worker-54 | DEBUG | d.t.c.a.a.c.u.util.UserUtilService   : 4 editors generated. Generate 4 instructors...
    23:43:59.969 | 139 Pool-1-worker-54 | DEBUG | d.t.c.a.a.c.u.util.UserUtilService   : 4 instructors generated
    23:43:59.971 | 139 Pool-1-worker-54 | DEBUG | d.t.c.a.a.c.u.util.UserUtilService   : Removing 18 users from all courses...
    23:43:59.973 | 139 Pool-1-worker-54 | DEBUG | d.t.c.a.a.c.u.util.UserUtilService   : Removing 18 users from all courses. Done
    23:43:59.973 | 139 Pool-1-worker-54 | DEBUG | d.t.c.a.a.c.u.util.UserUtilService   : Save 18 users to database...
    23:43:59.989 | 139 Pool-1-worker-54 | DEBUG | d.t.c.a.a.c.u.util.UserUtilService   : Save 18 users to database. Done
    23:44:00.000 | 664 taskScheduler-2  | DEBUG | .a.s.ParticipantScoreScheduleService : Schedule tasks to process...
    23:44:00.001 | 664 taskScheduler-2  | DEBUG | .a.s.ParticipantScoreScheduleService : Scheduled task for exercise 772 and participant 107 at 2025-02-14T23:44:00.101426245Z[Etc/UTC].
    23:44:00.001 | 664 taskScheduler-2  | DEBUG | .a.s.ParticipantScoreScheduleService : Scheduled task for exercise 773 and participant 107 at 2025-02-14T23:44:00.101451803Z[Etc/UTC].
    23:44:00.001 | 664 taskScheduler-2  | DEBUG | .a.s.ParticipantScoreScheduleService : Scheduled task for exercise 774 and participant 107 at 2025-02-14T23:44:00.101464076Z[Etc/UTC].
    23:44:00.001 | 664 taskScheduler-2  | DEBUG | .a.s.ParticipantScoreScheduleService : Scheduled task for exercise 983 and participant 125 at 2025-02-14T23:44:00.101473293Z[Etc/UTC].
    23:44:00.001 | 664 taskScheduler-2  | DEBUG | .a.s.ParticipantScoreScheduleService : Scheduled task for exercise 984 and participant 125 at 2025-02-14T23:44:00.101483873Z[Etc/UTC].
    23:44:00.001 | 664 taskScheduler-2  | DEBUG | .a.s.ParticipantScoreScheduleService : Processing of 0 results and 5 participant scores.
    23:44:00.101 | 664 taskScheduler-2  | DEBUG | .a.s.ParticipantScoreScheduleService : Processing exercise 772 and participant 107 to update participant scores.
    23:44:00.106 | 663 taskScheduler-1  | DEBUG | .a.s.ParticipantScoreScheduleService : Processing exercise 773 and participant 107 to update participant scores.
    23:44:00.113 | 666 taskScheduler-4  | DEBUG | .a.s.ParticipantScoreScheduleService : Processing exercise 774 and participant 107 to update participant scores.
    23:44:00.113 | 665 taskScheduler-3  | DEBUG | .a.s.ParticipantScoreScheduleService : Processing exercise 983 and participant 125 to update participant scores.
    23:44:00.121 | 665 taskScheduler-3  | DEBUG | .a.s.ParticipantScoreScheduleService : Deleted participant score 32.
    23:44:00.121 | 663 taskScheduler-1  | DEBUG | .a.s.ParticipantScoreScheduleService : Deleted participant score 30.
    23:44:00.126 | 665 taskScheduler-3  | DEBUG | .a.s.ParticipantScoreScheduleService : Updating the participant score for exercise 983 and participant 125 took 13 ms.
    23:44:00.126 | 665 taskScheduler-3  | DEBUG | .a.s.ParticipantScoreScheduleService : Processing exercise 984 and participant 125 to update participant scores.
    23:44:00.131 | 664 taskScheduler-2  | DEBUG | .a.s.ParticipantScoreScheduleService : Deleted participant score 29.
    23:44:00.132 | 139 Pool-1-worker-54 | INFO  | i.z.t.d.l.EmbeddedDatabaseReporter   : JDBC URL to connect to 'dataSource': url='jdbc:h2:tcp://localhost:41063/mem:df70fc46-7e57-4cb5-9cd0-c1d90c14afa7;USER=sa', scope='ReactionIntegrationTest#testGetPostsForCourse_OrderByVoteCountDESC'
    23:44:00.133 | 664 taskScheduler-2  | DEBUG | .a.a.a.s.c.CompetencyProgressService : Updating competency progress synchronously for 1 users.
    23:44:00.134 | 665 taskScheduler-3  | DEBUG | .a.s.ParticipantScoreScheduleService : Deleted participant score 33.
    23:44:00.135 | 139 Pool-1-worker-54 | DEBUG | d.t.c.a.a.c.s.f.ApiVersionFilter     : Adding Version to Request GET /api/courses/1118/messages
    23:44:00.137 | 665 taskScheduler-3  | DEBUG | .a.s.ParticipantScoreScheduleService : Updating the participant score for exercise 984 and participant 125 took 11 ms.
    23:44:00.139 | 663 taskScheduler-1  | DEBUG | .a.a.a.s.c.CompetencyProgressService : Updating competency progress synchronously for 1 users.
    23:44:00.139 | 666 taskScheduler-4  | DEBUG | .a.s.ParticipantScoreScheduleService : Deleted participant score 31.
    23:44:00.143 | 139 Pool-1-worker-54 | DEBUG | .a.c.r.ConversationMessageRepository : findPostIdsWithSpecification took 5.17ms
    23:44:00.142 | 666 taskScheduler-4  | DEBUG | .a.a.a.s.c.CompetencyProgressService : Updating competency progress synchronously for 1 users.
    23:44:00.152 | 139 Pool-1-worker-54 | DEBUG | .a.c.r.ConversationMessageRepository : findByPostIdsWithEagerRelationships took 7.85ms
    23:44:00.157 | 139 Pool-1-worker-54 | DEBUG | d.t.c.a.a.c.service.PostingService   : userRepository.findUserRolesInCourse done for 4 authors 
    23:44:00.164 | 664 taskScheduler-2  | DEBUG | .a.a.a.s.c.CompetencyProgressService : Updated progress for user learningpathintegrationstudent1 in competency 305 to 25.0 / 1.0.
    23:44:00.164 | 664 taskScheduler-2  | DEBUG | .a.s.ParticipantScoreScheduleService : Updating the participant score for exercise 772 and participant 107 took 63 ms.
    23:44:00.166 | 666 taskScheduler-4  | ERROR | org.hibernate.orm.jdbc.batch         : HHH100501: Exception executing batch [org.h2.jdbc.JdbcBatchUpdateException: Unique index or primary key violation: "PUBLIC.PRIMARY_KEY_1 ON PUBLIC.COMPETENCY_USER(COMPETENCY_ID, USER_ID) VALUES ( /* key:41 */ CAST(305 AS BIGINT), CAST(107 AS BIGINT))"; SQL statement:
insert into competency_user (confidence,confidence_reason,last_modified_date,progress,competency_id,user_id) values (?,?,?,?,?,?) [23505-224]], SQL: insert into competency_user (confidence,confidence_reason,last_modified_date,progress,competency_id,user_id) values (?,?,?,?,?,?)
    23:44:00.166 | 666 taskScheduler-4  | WARN  | o.h.e.jdbc.spi.SqlExceptionHelper    : SQL Error: 23505, SQLState: 23505
    23:44:00.166 | 666 taskScheduler-4  | ERROR | o.h.e.jdbc.spi.SqlExceptionHelper    : Unique index or primary key violation: "PUBLIC.PRIMARY_KEY_1 ON PUBLIC.COMPETENCY_USER(COMPETENCY_ID, USER_ID) VALUES ( /* key:41 */ CAST(305 AS BIGINT), CAST(107 AS BIGINT))"; SQL statement:
insert into competency_user (confidence,confidence_reason,last_modified_date,progress,competency_id,user_id) values (?,?,?,?,?,?) [23505-224]
    23:44:00.168 | 663 taskScheduler-1  | ERROR | org.hibernate.orm.jdbc.batch         : HHH100501: Exception executing batch [org.h2.jdbc.JdbcBatchUpdateException: Unique index or primary key violation: "PUBLIC.PRIMARY_KEY_1 ON PUBLIC.COMPETENCY_USER(COMPETENCY_ID, USER_ID) VALUES ( /* key:41 */ CAST(305 AS BIGINT), CAST(107 AS BIGINT))"; SQL statement:
insert into competency_user (confidence,confidence_reason,last_modified_date,progress,competency_id,user_id) values (?,?,?,?,?,?) [23505-224]], SQL: insert into competency_user (confidence,confidence_reason,last_modified_date,progress,competency_id,user_id) values (?,?,?,?,?,?)
    23:44:00.168 | 663 taskScheduler-1  | WARN  | o.h.e.jdbc.spi.SqlExceptionHelper    : SQL Error: 23505, SQLState: 23505
    23:44:00.168 | 663 taskScheduler-1  | ERROR | o.h.e.jdbc.spi.SqlExceptionHelper    : Unique index or primary key violation: "PUBLIC.PRIMARY_KEY_1 ON PUBLIC.COMPETENCY_USER(COMPETENCY_ID, USER_ID) VALUES ( /* key:41 */ CAST(305 AS BIGINT), CAST(107 AS BIGINT))"; SQL statement:
insert into competency_user (confidence,confidence_reason,last_modified_date,progress,competency_id,user_id) values (?,?,?,?,?,?) [23505-224]
    23:44:00.170 | 663 taskScheduler-1  | DEBUG | .a.a.a.s.c.CompetencyProgressService : Updated progress for user learningpathintegrationstudent1 in competency 305 to 25.0 / 1.0.
    23:44:00.170 | 666 taskScheduler-4  | DEBUG | .a.a.a.s.c.CompetencyProgressService : Updated progress for user learningpathintegrationstudent1 in competency 305 to 25.0 / 1.0.
    23:44:00.171 | 666 taskScheduler-4  | DEBUG | .a.s.ParticipantScoreScheduleService : Updating the participant score for exercise 774 and participant 107 took 58 ms.
    23:44:00.174 | 663 taskScheduler-1  | DEBUG | .a.s.ParticipantScoreScheduleService : Updating the participant score for exercise 773 and participant 107 took 68 ms.
    23:44:00.194 | 139 Pool-1-worker-54 | DEBUG | .a.a.c.w.ConversationMessageResource : /courses/{courseId}/messages finished in 57.52ms for 20 posts with 3 answer posts, 0 reactions, and 0 answer post reactions for user reactionintegrationstudent1

  Starting logs for ReactionIntegrationTest > testDeletePostReactionWithWrongCourseId_badRequest()
    23:44:00.234 | 139 Pool-1-worker-54 | DEBUG | d.t.c.a.a.c.u.util.UserUtilService   : Generate 5 students...
    23:44:00.244 | 139 Pool-1-worker-54 | DEBUG | d.t.c.a.a.c.u.util.UserUtilService   : 5 students generated. Generate 5 tutors...
    23:44:00.252 | 139 Pool-1-worker-54 | DEBUG | d.t.c.a.a.c.u.util.UserUtilService   : 5 tutors generated. Generate 4 editors...
    23:44:00.259 | 139 Pool-1-worker-54 | DEBUG | d.t.c.a.a.c.u.util.UserUtilService   : 4 editors generated. Generate 4 instructors...
    23:44:00.265 | 139 Pool-1-worker-54 | DEBUG | d.t.c.a.a.c.u.util.UserUtilService   : 4 instructors generated
    23:44:00.267 | 139 Pool-1-worker-54 | DEBUG | d.t.c.a.a.c.u.util.UserUtilService   : Removing 18 users from all courses...
    23:44:00.270 | 139 Pool-1-worker-54 | DEBUG | d.t.c.a.a.c.u.util.UserUtilService   : Removing 18 users from all courses. Done
    23:44:00.270 | 139 Pool-1-worker-54 | DEBUG | d.t.c.a.a.c.u.util.UserUtilService   : Save 18 users to database...
    23:44:00.282 | 139 Pool-1-worker-54 | DEBUG | d.t.c.a.a.c.u.util.UserUtilService   : Save 18 users to database. Done
    23:44:00.378 | 139 Pool-1-worker-54 | INFO  | i.z.t.d.l.EmbeddedDatabaseReporter   : JDBC URL to connect to 'dataSource': url='jdbc:h2:tcp://localhost:41063/mem:df70fc46-7e57-4cb5-9cd0-c1d90c14afa7;USER=sa', scope='ReactionIntegrationTest#testDeletePostReactionWithWrongCourseId_badRequest'
    23:44:00.379 | 139 Pool-1-worker-54 | DEBUG | d.t.c.a.a.c.s.f.ApiVersionFilter     : Adding Version to Request DELETE /api/courses/null/postings/reactions/null
    23:44:00.381 | 139 Pool-1-worker-54 | WARN  | o.z.p.spring.common.AdviceTraits     : Bad Request: Method parameter 'courseId': Failed to convert value of type 'java.lang.String' to required type 'java.lang.Long'; For input string: "null"

  Starting logs for ReactionIntegrationTest > testValidateReactionConstraintViolation()
    23:44:00.414 | 139 Pool-1-worker-54 | DEBUG | d.t.c.a.a.c.u.util.UserUtilService   : Generate 5 students...
    23:44:00.422 | 139 Pool-1-worker-54 | DEBUG | d.t.c.a.a.c.u.util.UserUtilService   : 5 students generated. Generate 5 tutors...
    23:44:00.432 | 139 Pool-1-worker-54 | DEBUG | d.t.c.a.a.c.u.util.UserUtilService   : 5 tutors generated. Generate 4 editors...
    23:44:00.439 | 139 Pool-1-worker-54 | DEBUG | d.t.c.a.a.c.u.util.UserUtilService   : 4 editors generated. Generate 4 instructors...
    23:44:00.445 | 139 Pool-1-worker-54 | DEBUG | d.t.c.a.a.c.u.util.UserUtilService   : 4 instructors generated
    23:44:00.447 | 139 Pool-1-worker-54 | DEBUG | d.t.c.a.a.c.u.util.UserUtilService   : Removing 18 users from all courses...
    23:44:00.450 | 139 Pool-1-worker-54 | DEBUG | d.t.c.a.a.c.u.util.UserUtilService   : Removing 18 users from all courses. Done
    23:44:00.450 | 139 Pool-1-worker-54 | DEBUG | d.t.c.a.a.c.u.util.UserUtilService   : Save 18 users to database...
    23:44:00.462 | 139 Pool-1-worker-54 | DEBUG | d.t.c.a.a.c.u.util.UserUtilService   : Save 18 users to database. Done
    23:44:00.555 | 139 Pool-1-worker-54 | INFO  | i.z.t.d.l.EmbeddedDatabaseReporter   : JDBC URL to connect to 'dataSource': url='jdbc:h2:tcp://localhost:41063/mem:df70fc46-7e57-4cb5-9cd0-c1d90c14afa7;USER=sa', scope='ReactionIntegrationTest#testValidateReactionConstraintViolation'
    23:44:00.556 | 139 Pool-1-worker-54 | DEBUG | d.t.c.a.a.c.s.f.ApiVersionFilter     : Adding Version to Request POST /api/courses/1121/postings/reactions
    23:44:00.562 | 139 Pool-1-worker-54 | WARN  | o.z.p.spring.common.AdviceTraits     : Bad Request: Validation failed for argument [1] in public org.springframework.http.ResponseEntity<de.tum.cit.aet.artemis.communication.domain.Reaction> de.tum.cit.aet.artemis.communication.web.ReactionResource.createReaction(java.lang.Long,de.tum.cit.aet.artemis.communication.domain.Reaction) throws java.net.URISyntaxException: [Error in object 'reaction': codes [ReactionConstraints.reaction,ReactionConstraints]; arguments [org.springframework.context.support.DefaultMessageSourceResolvable: codes [reaction]; arguments []; default message []]; default message [{de.tum.cit.aet.artemis.communication.domain.ReactionConstraints}]] 

  Starting logs for ReactionIntegrationTest > [1] courseInformationSharingConfiguration=DISABLED, shouldBeAllowed=false
    23:44:00.821 | 139 Pool-1-worker-54 | DEBUG | d.t.c.a.a.c.u.util.UserUtilService   : Generate 5 students...
    23:44:00.840 | 139 Pool-1-worker-54 | DEBUG | d.t.c.a.a.c.u.util.UserUtilService   : 5 students generated. Generate 5 tutors...
    23:44:00.857 | 139 Pool-1-worker-54 | DEBUG | d.t.c.a.a.c.u.util.UserUtilService   : 5 tutors generated. Generate 4 editors...
    23:44:00.866 | 139 Pool-1-worker-54 | DEBUG | d.t.c.a.a.c.u.util.UserUtilService   : 4 editors generated. Generate 4 instructors...
    23:44:00.879 | 139 Pool-1-worker-54 | DEBUG | d.t.c.a.a.c.u.util.UserUtilService   : 4 instructors generated
    23:44:00.886 | 139 Pool-1-worker-54 | DEBUG | d.t.c.a.a.c.u.util.UserUtilService   : Removing 18 users from all courses...
    23:44:00.889 | 139 Pool-1-worker-54 | DEBUG | d.t.c.a.a.c.u.util.UserUtilService   : Removing 18 users from all courses. Done
    23:44:00.889 | 139 Pool-1-worker-54 | DEBUG | d.t.c.a.a.c.u.util.UserUtilService   : Save 18 users to database...
    23:44:00.915 | 139 Pool-1-worker-54 | DEBUG | d.t.c.a.a.c.u.util.UserUtilService   : Save 18 users to database. Done
    23:44:01.046 | 139 Pool-1-worker-54 | INFO  | i.z.t.d.l.EmbeddedDatabaseReporter   : JDBC URL to connect to 'dataSource': url='jdbc:h2:tcp://localhost:41063/mem:df70fc46-7e57-4cb5-9cd0-c1d90c14afa7;USER=sa', scope='ReactionIntegrationTest#testDeleteOwnAnswerPostReaction'
    23:44:01.052 | 139 Pool-1-worker-54 | DEBUG | d.t.c.a.a.c.s.f.ApiVersionFilter     : Adding Version to Request POST /api/courses/1122/postings/reactions
    23:44:01.088 | 139 Pool-1-worker-54 | DEBUG | d.t.c.a.a.c.s.f.ApiVersionFilter     : Adding Version to Request DELETE /api/courses/1122/postings/reactions/22
    23:44:01.095 | 139 Pool-1-worker-54 | ERROR | tech.jhipster.web.util.HeaderUtil    : Entity processing failed, Communication and messaging is disabled for this course
    23:44:01.095 | 139 Pool-1-worker-54 | WARN  | o.z.p.spring.common.AdviceTraits     : Bad Request: Communication and messaging is disabled for this course

  Starting logs for ReactionIntegrationTest > [2] courseInformationSharingConfiguration=COMMUNICATION_AND_MESSAGING, shouldBeAllowed=true
    23:44:01.129 | 139 Pool-1-worker-54 | DEBUG | d.t.c.a.a.c.u.util.UserUtilService   : Generate 5 students...
    23:44:01.147 | 139 Pool-1-worker-54 | DEBUG | d.t.c.a.a.c.u.util.UserUtilService   : 5 students generated. Generate 5 tutors...
    23:44:01.163 | 139 Pool-1-worker-54 | DEBUG | d.t.c.a.a.c.u.util.UserUtilService   : 5 tutors generated. Generate 4 editors...
    23:44:01.173 | 139 Pool-1-worker-54 | DEBUG | d.t.c.a.a.c.u.util.UserUtilService   : 4 editors generated. Generate 4 instructors...
    23:44:01.181 | 139 Pool-1-worker-54 | DEBUG | d.t.c.a.a.c.u.util.UserUtilService   : 4 instructors generated
    23:44:01.183 | 139 Pool-1-worker-54 | DEBUG | d.t.c.a.a.c.u.util.UserUtilService   : Removing 18 users from all courses...
    23:44:01.186 | 139 Pool-1-worker-54 | DEBUG | d.t.c.a.a.c.u.util.UserUtilService   : Removing 18 users from all courses. Done
    23:44:01.186 | 139 Pool-1-worker-54 | DEBUG | d.t.c.a.a.c.u.util.UserUtilService   : Save 18 users to database...
    23:44:01.199 | 139 Pool-1-worker-54 | DEBUG | d.t.c.a.a.c.u.util.UserUtilService   : Save 18 users to database. Done
    23:44:01.293 | 139 Pool-1-worker-54 | INFO  | i.z.t.d.l.EmbeddedDatabaseReporter   : JDBC URL to connect to 'dataSource': url='jdbc:h2:tcp://localhost:41063/mem:df70fc46-7e57-4cb5-9cd0-c1d90c14afa7;USER=sa', scope='ReactionIntegrationTest#testDeleteOwnAnswerPostReaction'
    23:44:01.294 | 139 Pool-1-worker-54 | DEBUG | d.t.c.a.a.c.s.f.ApiVersionFilter     : Adding Version to Request POST /api/courses/1123/postings/reactions
    23:44:01.307 | 139 Pool-1-worker-54 | DEBUG | d.t.c.a.a.c.s.f.ApiVersionFilter     : Adding Version to Request DELETE /api/courses/1123/postings/reactions/23

  Starting logs for ReactionIntegrationTest > [3] courseInformationSharingConfiguration=COMMUNICATION_ONLY, shouldBeAllowed=true
    23:44:01.332 | 139 Pool-1-worker-54 | DEBUG | d.t.c.a.a.c.u.util.UserUtilService   : Generate 5 students...
    23:44:01.340 | 139 Pool-1-worker-54 | DEBUG | d.t.c.a.a.c.u.util.UserUtilService   : 5 students generated. Generate 5 tutors...
    23:44:01.347 | 139 Pool-1-worker-54 | DEBUG | d.t.c.a.a.c.u.util.UserUtilService   : 5 tutors generated. Generate 4 editors...
    23:44:01.353 | 139 Pool-1-worker-54 | DEBUG | d.t.c.a.a.c.u.util.UserUtilService   : 4 editors generated. Generate 4 instructors...
    23:44:01.360 | 139 Pool-1-worker-54 | DEBUG | d.t.c.a.a.c.u.util.UserUtilService   : 4 instructors generated
    23:44:01.362 | 139 Pool-1-worker-54 | DEBUG | d.t.c.a.a.c.u.util.UserUtilService   : Removing 18 users from all courses...
    23:44:01.364 | 139 Pool-1-worker-54 | DEBUG | d.t.c.a.a.c.u.util.UserUtilService   : Removing 18 users from all courses. Done
    23:44:01.364 | 139 Pool-1-worker-54 | DEBUG | d.t.c.a.a.c.u.util.UserUtilService   : Save 18 users to database...
    23:44:01.380 | 139 Pool-1-worker-54 | DEBUG | d.t.c.a.a.c.u.util.UserUtilService   : Save 18 users to database. Done
    23:44:01.463 | 139 Pool-1-worker-54 | INFO  | i.z.t.d.l.EmbeddedDatabaseReporter   : JDBC URL to connect to 'dataSource': url='jdbc:h2:tcp://localhost:41063/mem:df70fc46-7e57-4cb5-9cd0-c1d90c14afa7;USER=sa', scope='ReactionIntegrationTest#testDeleteOwnAnswerPostReaction'
    23:44:01.467 | 139 Pool-1-worker-54 | DEBUG | d.t.c.a.a.c.s.f.ApiVersionFilter     : Adding Version to Request POST /api/courses/1124/postings/reactions
    23:44:01.491 | 139 Pool-1-worker-54 | DEBUG | d.t.c.a.a.c.s.f.ApiVersionFilter     : Adding Version to Request DELETE /api/courses/1124/postings/reactions/24

  Starting logs for ReactionIntegrationTest > testCreateAnswerPostReactions()
    23:44:01.515 | 139 Pool-1-worker-54 | DEBUG | d.t.c.a.a.c.u.util.UserUtilService   : Generate 5 students...
    23:44:01.522 | 139 Pool-1-worker-54 | DEBUG | d.t.c.a.a.c.u.util.UserUtilService   : 5 students generated. Generate 5 tutors...
    23:44:01.531 | 139 Pool-1-worker-54 | DEBUG | d.t.c.a.a.c.u.util.UserUtilService   : 5 tutors generated. Generate 4 editors...
    23:44:01.537 | 139 Pool-1-worker-54 | DEBUG | d.t.c.a.a.c.u.util.UserUtilService   : 4 editors generated. Generate 4 instructors...
    23:44:01.544 | 139 Pool-1-worker-54 | DEBUG | d.t.c.a.a.c.u.util.UserUtilService   : 4 instructors generated
    23:44:01.545 | 139 Pool-1-worker-54 | DEBUG | d.t.c.a.a.c.u.util.UserUtilService   : Removing 18 users from all courses...
    23:44:01.547 | 139 Pool-1-worker-54 | DEBUG | d.t.c.a.a.c.u.util.UserUtilService   : Removing 18 users from all courses. Done
    23:44:01.547 | 139 Pool-1-worker-54 | DEBUG | d.t.c.a.a.c.u.util.UserUtilService   : Save 18 users to database...
    23:44:01.557 | 139 Pool-1-worker-54 | DEBUG | d.t.c.a.a.c.u.util.UserUtilService   : Save 18 users to database. Done
    23:44:01.674 | 139 Pool-1-worker-54 | INFO  | i.z.t.d.l.EmbeddedDatabaseReporter   : JDBC URL to connect to 'dataSource': url='jdbc:h2:tcp://localhost:41063/mem:df70fc46-7e57-4cb5-9cd0-c1d90c14afa7;USER=sa', scope='ReactionIntegrationTest#testCreateAnswerPostReactions'
    23:44:01.676 | 139 Pool-1-worker-54 | DEBUG | d.t.c.a.a.c.s.f.ApiVersionFilter     : Adding Version to Request POST /api/courses/1125/postings/reactions
    23:44:01.688 | 139 Pool-1-worker-54 | DEBUG | d.t.c.a.a.c.s.f.ApiVersionFilter     : Adding Version to Request POST /api/courses/1125/postings/reactions

  Starting logs for ReactionIntegrationTest > testDeletePostReaction()
    23:44:01.711 | 139 Pool-1-worker-54 | DEBUG | d.t.c.a.a.c.u.util.UserUtilService   : Generate 5 students...
    23:44:01.719 | 139 Pool-1-worker-54 | DEBUG | d.t.c.a.a.c.u.util.UserUtilService   : 5 students generated. Generate 5 tutors...
    23:44:01.726 | 139 Pool-1-worker-54 | DEBUG | d.t.c.a.a.c.u.util.UserUtilService   : 5 tutors generated. Generate 4 editors...
    23:44:01.732 | 139 Pool-1-worker-54 | DEBUG | d.t.c.a.a.c.u.util.UserUtilService   : 4 editors generated. Generate 4 instructors...
    23:44:01.738 | 139 Pool-1-worker-54 | DEBUG | d.t.c.a.a.c.u.util.UserUtilService   : 4 instructors generated
    23:44:01.740 | 139 Pool-1-worker-54 | DEBUG | d.t.c.a.a.c.u.util.UserUtilService   : Removing 18 users from all courses...
    23:44:01.742 | 139 Pool-1-worker-54 | DEBUG | d.t.c.a.a.c.u.util.UserUtilService   : Removing 18 users from all courses. Done
    23:44:01.742 | 139 Pool-1-worker-54 | DEBUG | d.t.c.a.a.c.u.util.UserUtilService   : Save 18 users to database...
    23:44:01.752 | 139 Pool-1-worker-54 | DEBUG | d.t.c.a.a.c.u.util.UserUtilService   : Save 18 users to database. Done
    23:44:01.827 | 139 Pool-1-worker-54 | INFO  | i.z.t.d.l.EmbeddedDatabaseReporter   : JDBC URL to connect to 'dataSource': url='jdbc:h2:tcp://localhost:41063/mem:df70fc46-7e57-4cb5-9cd0-c1d90c14afa7;USER=sa', scope='ReactionIntegrationTest#testDeletePostReaction'
    23:44:01.828 | 139 Pool-1-worker-54 | DEBUG | d.t.c.a.a.c.s.f.ApiVersionFilter     : Adding Version to Request POST /api/courses/1126/postings/reactions
    23:44:01.839 | 139 Pool-1-worker-54 | DEBUG | d.t.c.a.a.c.s.f.ApiVersionFilter     : Adding Version to Request DELETE /api/courses/1126/postings/reactions/27

  Starting logs for ReactionIntegrationTest > testCreateExistingReaction_badRequest()
    23:44:01.861 | 139 Pool-1-worker-54 | DEBUG | d.t.c.a.a.c.u.util.UserUtilService   : Generate 5 students...
    23:44:01.868 | 139 Pool-1-worker-54 | DEBUG | d.t.c.a.a.c.u.util.UserUtilService   : 5 students generated. Generate 5 tutors...
    23:44:01.875 | 139 Pool-1-worker-54 | DEBUG | d.t.c.a.a.c.u.util.UserUtilService   : 5 tutors generated. Generate 4 editors...
    23:44:01.882 | 139 Pool-1-worker-54 | DEBUG | d.t.c.a.a.c.u.util.UserUtilService   : 4 editors generated. Generate 4 instructors...
    23:44:01.888 | 139 Pool-1-worker-54 | DEBUG | d.t.c.a.a.c.u.util.UserUtilService   : 4 instructors generated
    23:44:01.889 | 139 Pool-1-worker-54 | DEBUG | d.t.c.a.a.c.u.util.UserUtilService   : Removing 18 users from all courses...
    23:44:01.892 | 139 Pool-1-worker-54 | DEBUG | d.t.c.a.a.c.u.util.UserUtilService   : Removing 18 users from all courses. Done
    23:44:01.892 | 139 Pool-1-worker-54 | DEBUG | d.t.c.a.a.c.u.util.UserUtilService   : Save 18 users to database...
    23:44:01.916 | 139 Pool-1-worker-54 | DEBUG | d.t.c.a.a.c.u.util.UserUtilService   : Save 18 users to database. Done
    23:44:01.998 | 139 Pool-1-worker-54 | INFO  | i.z.t.d.l.EmbeddedDatabaseReporter   : JDBC URL to connect to 'dataSource': url='jdbc:h2:tcp://localhost:41063/mem:df70fc46-7e57-4cb5-9cd0-c1d90c14afa7;USER=sa', scope='ReactionIntegrationTest#testCreateExistingReaction_badRequest'
    23:44:02.000 | 139 Pool-1-worker-54 | DEBUG | d.t.c.a.a.c.s.f.ApiVersionFilter     : Adding Version to Request POST /api/courses/1127/postings/reactions
    23:44:02.012 | 139 Pool-1-worker-54 | DEBUG | d.t.c.a.a.c.s.f.ApiVersionFilter     : Adding Version to Request POST /api/courses/1127/postings/reactions
    23:44:02.015 | 139 Pool-1-worker-54 | ERROR | tech.jhipster.web.util.HeaderUtil    : Entity processing failed, A new reaction cannot already have an ID
    23:44:02.015 | 139 Pool-1-worker-54 | WARN  | o.z.p.spring.common.AdviceTraits     : Bad Request: A new reaction cannot already have an ID

  Starting logs for ReactionIntegrationTest > [1] courseInformationSharingConfiguration=DISABLED, shouldBeAllowed=false
    23:44:02.037 | 139 Pool-1-worker-54 | DEBUG | d.t.c.a.a.c.u.util.UserUtilService   : Generate 5 students...
    23:44:02.044 | 139 Pool-1-worker-54 | DEBUG | d.t.c.a.a.c.u.util.UserUtilService   : 5 students generated. Generate 5 tutors...
    23:44:02.052 | 139 Pool-1-worker-54 | DEBUG | d.t.c.a.a.c.u.util.UserUtilService   : 5 tutors generated. Generate 4 editors...
    23:44:02.058 | 139 Pool-1-worker-54 | DEBUG | d.t.c.a.a.c.u.util.UserUtilService   : 4 editors generated. Generate 4 instructors...
    23:44:02.065 | 139 Pool-1-worker-54 | DEBUG | d.t.c.a.a.c.u.util.UserUtilService   : 4 instructors generated
    23:44:02.067 | 139 Pool-1-worker-54 | DEBUG | d.t.c.a.a.c.u.util.UserUtilService   : Removing 18 users from all courses...
    23:44:02.070 | 139 Pool-1-worker-54 | DEBUG | d.t.c.a.a.c.u.util.UserUtilService   : Removing 18 users from all courses. Done
    23:44:02.070 | 139 Pool-1-worker-54 | DEBUG | d.t.c.a.a.c.u.util.UserUtilService   : Save 18 users to database...
    23:44:02.081 | 139 Pool-1-worker-54 | DEBUG | d.t.c.a.a.c.u.util.UserUtilService   : Save 18 users to database. Done
    23:44:02.162 | 139 Pool-1-worker-54 | INFO  | i.z.t.d.l.EmbeddedDatabaseReporter   : JDBC URL to connect to 'dataSource': url='jdbc:h2:tcp://localhost:41063/mem:df70fc46-7e57-4cb5-9cd0-c1d90c14afa7;USER=sa', scope='ReactionIntegrationTest#testDeleteOwnPostReaction'
    23:44:02.163 | 139 Pool-1-worker-54 | DEBUG | d.t.c.a.a.c.s.f.ApiVersionFilter     : Adding Version to Request POST /api/courses/1128/postings/reactions
    23:44:02.178 | 139 Pool-1-worker-54 | DEBUG | d.t.c.a.a.c.s.f.ApiVersionFilter     : Adding Version to Request DELETE /api/courses/1128/postings/reactions/29
    23:44:02.182 | 139 Pool-1-worker-54 | ERROR | tech.jhipster.web.util.HeaderUtil    : Entity processing failed, Communication and messaging is disabled for this course
    23:44:02.182 | 139 Pool-1-worker-54 | WARN  | o.z.p.spring.common.AdviceTraits     : Bad Request: Communication and messaging is disabled for this course

  Starting logs for ReactionIntegrationTest > [2] courseInformationSharingConfiguration=COMMUNICATION_AND_MESSAGING, shouldBeAllowed=true
    23:44:02.223 | 139 Pool-1-worker-54 | DEBUG | d.t.c.a.a.c.u.util.UserUtilService   : Generate 5 students...
    23:44:02.236 | 139 Pool-1-worker-54 | DEBUG | d.t.c.a.a.c.u.util.UserUtilService   : 5 students generated. Generate 5 tutors...
    23:44:02.250 | 139 Pool-1-worker-54 | DEBUG | d.t.c.a.a.c.u.util.UserUtilService   : 5 tutors generated. Generate 4 editors...
    23:44:02.256 | 139 Pool-1-worker-54 | DEBUG | d.t.c.a.a.c.u.util.UserUtilService   : 4 editors generated. Generate 4 instructors...
    23:44:02.262 | 139 Pool-1-worker-54 | DEBUG | d.t.c.a.a.c.u.util.UserUtilService   : 4 instructors generated
    23:44:02.264 | 139 Pool-1-worker-54 | DEBUG | d.t.c.a.a.c.u.util.UserUtilService   : Removing 18 users from all courses...
    23:44:02.266 | 139 Pool-1-worker-54 | DEBUG | d.t.c.a.a.c.u.util.UserUtilService   : Removing 18 users from all courses. Done
    23:44:02.266 | 139 Pool-1-worker-54 | DEBUG | d.t.c.a.a.c.u.util.UserUtilService   : Save 18 users to database...
    23:44:02.276 | 139 Pool-1-worker-54 | DEBUG | d.t.c.a.a.c.u.util.UserUtilService   : Save 18 users to database. Done
    23:44:02.359 | 139 Pool-1-worker-54 | INFO  | i.z.t.d.l.EmbeddedDatabaseReporter   : JDBC URL to connect to 'dataSource': url='jdbc:h2:tcp://localhost:41063/mem:df70fc46-7e57-4cb5-9cd0-c1d90c14afa7;USER=sa', scope='ReactionIntegrationTest#testDeleteOwnPostReaction'
    23:44:02.361 | 139 Pool-1-worker-54 | DEBUG | d.t.c.a.a.c.s.f.ApiVersionFilter     : Adding Version to Request POST /api/courses/1129/postings/reactions
    23:44:02.374 | 139 Pool-1-worker-54 | DEBUG | d.t.c.a.a.c.s.f.ApiVersionFilter     : Adding Version to Request DELETE /api/courses/1129/postings/reactions/30

  Starting logs for ReactionIntegrationTest > [3] courseInformationSharingConfiguration=COMMUNICATION_ONLY, shouldBeAllowed=true
    23:44:02.401 | 139 Pool-1-worker-54 | DEBUG | d.t.c.a.a.c.u.util.UserUtilService   : Generate 5 students...
    23:44:02.408 | 139 Pool-1-worker-54 | DEBUG | d.t.c.a.a.c.u.util.UserUtilService   : 5 students generated. Generate 5 tutors...
    23:44:02.415 | 139 Pool-1-worker-54 | DEBUG | d.t.c.a.a.c.u.util.UserUtilService   : 5 tutors generated. Generate 4 editors...
    23:44:02.422 | 139 Pool-1-worker-54 | DEBUG | d.t.c.a.a.c.u.util.UserUtilService   : 4 editors generated. Generate 4 instructors...
    23:44:02.428 | 139 Pool-1-worker-54 | DEBUG | d.t.c.a.a.c.u.util.UserUtilService   : 4 instructors generated
    23:44:02.430 | 139 Pool-1-worker-54 | DEBUG | d.t.c.a.a.c.u.util.UserUtilService   : Removing 18 users from all courses...
    23:44:02.432 | 139 Pool-1-worker-54 | DEBUG | d.t.c.a.a.c.u.util.UserUtilService   : Removing 18 users from all courses. Done
    23:44:02.432 | 139 Pool-1-worker-54 | DEBUG | d.t.c.a.a.c.u.util.UserUtilService   : Save 18 users to database...
    23:44:02.443 | 139 Pool-1-worker-54 | DEBUG | d.t.c.a.a.c.u.util.UserUtilService   : Save 18 users to database. Done
    23:44:02.516 | 139 Pool-1-worker-54 | INFO  | i.z.t.d.l.EmbeddedDatabaseReporter   : JDBC URL to connect to 'dataSource': url='jdbc:h2:tcp://localhost:41063/mem:df70fc46-7e57-4cb5-9cd0-c1d90c14afa7;USER=sa', scope='ReactionIntegrationTest#testDeleteOwnPostReaction'
    23:44:02.517 | 139 Pool-1-worker-54 | DEBUG | d.t.c.a.a.c.s.f.ApiVersionFilter     : Adding Version to Request POST /api/courses/1130/postings/reactions
    23:44:02.532 | 139 Pool-1-worker-54 | DEBUG | d.t.c.a.a.c.s.f.ApiVersionFilter     : Adding Version to Request DELETE /api/courses/1130/postings/reactions/31

  Starting logs for ReactionIntegrationTest > testCreateReactionOnConversationBetweenOtherUsers_forbidden()
    23:44:02.560 | 139 Pool-1-worker-54 | DEBUG | d.t.c.a.a.c.u.util.UserUtilService   : Generate 5 students...
    23:44:02.569 | 139 Pool-1-worker-54 | DEBUG | d.t.c.a.a.c.u.util.UserUtilService   : 5 students generated. Generate 5 tutors...
    23:44:02.578 | 139 Pool-1-worker-54 | DEBUG | d.t.c.a.a.c.u.util.UserUtilService   : 5 tutors generated. Generate 4 editors...
    23:44:02.585 | 139 Pool-1-worker-54 | DEBUG | d.t.c.a.a.c.u.util.UserUtilService   : 4 editors generated. Generate 4 instructors...
    23:44:02.591 | 139 Pool-1-worker-54 | DEBUG | d.t.c.a.a.c.u.util.UserUtilService   : 4 instructors generated
    23:44:02.593 | 139 Pool-1-worker-54 | DEBUG | d.t.c.a.a.c.u.util.UserUtilService   : Removing 18 users from all courses...
    23:44:02.596 | 139 Pool-1-worker-54 | DEBUG | d.t.c.a.a.c.u.util.UserUtilService   : Removing 18 users from all courses. Done
    23:44:02.596 | 139 Pool-1-worker-54 | DEBUG | d.t.c.a.a.c.u.util.UserUtilService   : Save 18 users to database...
    23:44:02.606 | 139 Pool-1-worker-54 | DEBUG | d.t.c.a.a.c.u.util.UserUtilService   : Save 18 users to database. Done
    23:44:02.691 | 139 Pool-1-worker-54 | INFO  | i.z.t.d.l.EmbeddedDatabaseReporter   : JDBC URL to connect to 'dataSource': url='jdbc:h2:tcp://localhost:41063/mem:df70fc46-7e57-4cb5-9cd0-c1d90c14afa7;USER=sa', scope='ReactionIntegrationTest#testCreateReactionOnConversationBetweenOtherUsers_forbidden'
    23:44:02.693 | 139 Pool-1-worker-54 | DEBUG | d.t.c.a.a.c.s.f.ApiVersionFilter     : Adding Version to Request POST /api/courses/1131/postings/reactions
    23:44:02.699 | 139 Pool-1-worker-54 | WARN  | o.z.p.spring.common.AdviceTraits     : Forbidden: User not allowed to access this conversation!

  Starting logs for ReactionIntegrationTest > [1] courseInformationSharingConfiguration=DISABLED, shouldBeAllowed=false
    23:44:02.718 | 139 Pool-1-worker-54 | DEBUG | d.t.c.a.a.c.u.util.UserUtilService   : Generate 5 students...
    23:44:02.725 | 139 Pool-1-worker-54 | DEBUG | d.t.c.a.a.c.u.util.UserUtilService   : 5 students generated. Generate 5 tutors...
    23:44:02.732 | 139 Pool-1-worker-54 | DEBUG | d.t.c.a.a.c.u.util.UserUtilService   : 5 tutors generated. Generate 4 editors...
    23:44:02.739 | 139 Pool-1-worker-54 | DEBUG | d.t.c.a.a.c.u.util.UserUtilService   : 4 editors generated. Generate 4 instructors...
    23:44:02.749 | 139 Pool-1-worker-54 | DEBUG | d.t.c.a.a.c.u.util.UserUtilService   : 4 instructors generated
    23:44:02.750 | 139 Pool-1-worker-54 | DEBUG | d.t.c.a.a.c.u.util.UserUtilService   : Removing 18 users from all courses...
    23:44:02.752 | 139 Pool-1-worker-54 | DEBUG | d.t.c.a.a.c.u.util.UserUtilService   : Removing 18 users from all courses. Done
    23:44:02.752 | 139 Pool-1-worker-54 | DEBUG | d.t.c.a.a.c.u.util.UserUtilService   : Save 18 users to database...
    23:44:02.762 | 139 Pool-1-worker-54 | DEBUG | d.t.c.a.a.c.u.util.UserUtilService   : Save 18 users to database. Done
    23:44:02.838 | 139 Pool-1-worker-54 | INFO  | i.z.t.d.l.EmbeddedDatabaseReporter   : JDBC URL to connect to 'dataSource': url='jdbc:h2:tcp://localhost:41063/mem:df70fc46-7e57-4cb5-9cd0-c1d90c14afa7;USER=sa', scope='ReactionIntegrationTest#testCreateOwnPostReaction'
    23:44:02.843 | 139 Pool-1-worker-54 | DEBUG | d.t.c.a.a.c.s.f.ApiVersionFilter     : Adding Version to Request POST /api/courses/1132/postings/reactions
    23:44:02.851 | 139 Pool-1-worker-54 | ERROR | tech.jhipster.web.util.HeaderUtil    : Entity processing failed, Communication and messaging is disabled for this course
    23:44:02.851 | 139 Pool-1-worker-54 | WARN  | o.z.p.spring.common.AdviceTraits     : Bad Request: Communication and messaging is disabled for this course

  Starting logs for ReactionIntegrationTest > [2] courseInformationSharingConfiguration=COMMUNICATION_AND_MESSAGING, shouldBeAllowed=true
    23:44:02.870 | 139 Pool-1-worker-54 | DEBUG | d.t.c.a.a.c.u.util.UserUtilService   : Generate 5 students...
    23:44:02.880 | 139 Pool-1-worker-54 | DEBUG | d.t.c.a.a.c.u.util.UserUtilService   : 5 students generated. Generate 5 tutors...
    23:44:02.888 | 139 Pool-1-worker-54 | DEBUG | d.t.c.a.a.c.u.util.UserUtilService   : 5 tutors generated. Generate 4 editors...
    23:44:02.896 | 139 Pool-1-worker-54 | DEBUG | d.t.c.a.a.c.u.util.UserUtilService   : 4 editors generated. Generate 4 instructors...
    23:44:02.903 | 139 Pool-1-worker-54 | DEBUG | d.t.c.a.a.c.u.util.UserUtilService   : 4 instructors generated
    23:44:02.907 | 139 Pool-1-worker-54 | DEBUG | d.t.c.a.a.c.u.util.UserUtilService   : Removing 18 users from all courses...
    23:44:02.909 | 139 Pool-1-worker-54 | DEBUG | d.t.c.a.a.c.u.util.UserUtilService   : Removing 18 users from all courses. Done
    23:44:02.909 | 139 Pool-1-worker-54 | DEBUG | d.t.c.a.a.c.u.util.UserUtilService   : Save 18 users to database...
    23:44:02.926 | 139 Pool-1-worker-54 | DEBUG | d.t.c.a.a.c.u.util.UserUtilService   : Save 18 users to database. Done
    23:44:03.070 | 139 Pool-1-worker-54 | INFO  | i.z.t.d.l.EmbeddedDatabaseReporter   : JDBC URL to connect to 'dataSource': url='jdbc:h2:tcp://localhost:41063/mem:df70fc46-7e57-4cb5-9cd0-c1d90c14afa7;USER=sa', scope='ReactionIntegrationTest#testCreateOwnPostReaction'
    23:44:03.075 | 139 Pool-1-worker-54 | DEBUG | d.t.c.a.a.c.s.f.ApiVersionFilter     : Adding Version to Request POST /api/courses/1133/postings/reactions

  Starting logs for ReactionIntegrationTest > [3] courseInformationSharingConfiguration=COMMUNICATION_ONLY, shouldBeAllowed=true
    23:44:03.126 | 139 Pool-1-worker-54 | DEBUG | d.t.c.a.a.c.u.util.UserUtilService   : Generate 5 students...
    23:44:03.135 | 139 Pool-1-worker-54 | DEBUG | d.t.c.a.a.c.u.util.UserUtilService   : 5 students generated. Generate 5 tutors...
    23:44:03.142 | 139 Pool-1-worker-54 | DEBUG | d.t.c.a.a.c.u.util.UserUtilService   : 5 tutors generated. Generate 4 editors...
    23:44:03.149 | 139 Pool-1-worker-54 | DEBUG | d.t.c.a.a.c.u.util.UserUtilService   : 4 editors generated. Generate 4 instructors...
    23:44:03.155 | 139 Pool-1-worker-54 | DEBUG | d.t.c.a.a.c.u.util.UserUtilService   : 4 instructors generated
    23:44:03.157 | 139 Pool-1-worker-54 | DEBUG | d.t.c.a.a.c.u.util.UserUtilService   : Removing 18 users from all courses...
    23:44:03.159 | 139 Pool-1-worker-54 | DEBUG | d.t.c.a.a.c.u.util.UserUtilService   : Removing 18 users from all courses. Done
    23:44:03.159 | 139 Pool-1-worker-54 | DEBUG | d.t.c.a.a.c.u.util.UserUtilService   : Save 18 users to database...
    23:44:03.168 | 139 Pool-1-worker-54 | DEBUG | d.t.c.a.a.c.u.util.UserUtilService   : Save 18 users to database. Done
    23:44:03.244 | 139 Pool-1-worker-54 | INFO  | i.z.t.d.l.EmbeddedDatabaseReporter   : JDBC URL to connect to 'dataSource': url='jdbc:h2:tcp://localhost:41063/mem:df70fc46-7e57-4cb5-9cd0-c1d90c14afa7;USER=sa', scope='ReactionIntegrationTest#testCreateOwnPostReaction'
    23:44:03.249 | 139 Pool-1-worker-54 | DEBUG | d.t.c.a.a.c.s.f.ApiVersionFilter     : Adding Version to Request POST /api/courses/1134/postings/reactions

  Starting logs for ReactionIntegrationTest > testCreateVoteReaction()
    23:44:03.278 | 139 Pool-1-worker-54 | DEBUG | d.t.c.a.a.c.u.util.UserUtilService   : Generate 5 students...
    23:44:03.286 | 139 Pool-1-worker-54 | DEBUG | d.t.c.a.a.c.u.util.UserUtilService   : 5 students generated. Generate 5 tutors...
    23:44:03.293 | 139 Pool-1-worker-54 | DEBUG | d.t.c.a.a.c.u.util.UserUtilService   : 5 tutors generated. Generate 4 editors...
    23:44:03.300 | 139 Pool-1-worker-54 | DEBUG | d.t.c.a.a.c.u.util.UserUtilService   : 4 editors generated. Generate 4 instructors...
    23:44:03.306 | 139 Pool-1-worker-54 | DEBUG | d.t.c.a.a.c.u.util.UserUtilService   : 4 instructors generated
    23:44:03.307 | 139 Pool-1-worker-54 | DEBUG | d.t.c.a.a.c.u.util.UserUtilService   : Removing 18 users from all courses...
    23:44:03.311 | 139 Pool-1-worker-54 | DEBUG | d.t.c.a.a.c.u.util.UserUtilService   : Removing 18 users from all courses. Done
    23:44:03.311 | 139 Pool-1-worker-54 | DEBUG | d.t.c.a.a.c.u.util.UserUtilService   : Save 18 users to database...
    23:44:03.321 | 139 Pool-1-worker-54 | DEBUG | d.t.c.a.a.c.u.util.UserUtilService   : Save 18 users to database. Done
    23:44:03.429 | 139 Pool-1-worker-54 | INFO  | i.z.t.d.l.EmbeddedDatabaseReporter   : JDBC URL to connect to 'dataSource': url='jdbc:h2:tcp://localhost:41063/mem:df70fc46-7e57-4cb5-9cd0-c1d90c14afa7;USER=sa', scope='ReactionIntegrationTest#testCreateVoteReaction'
    23:44:03.430 | 139 Pool-1-worker-54 | DEBUG | d.t.c.a.a.c.s.f.ApiVersionFilter     : Adding Version to Request POST /api/courses/1135/postings/reactions

  Starting logs for ReactionIntegrationTest > [1] courseInformationSharingConfiguration=DISABLED, shouldBeAllowed=false
    23:44:03.468 | 139 Pool-1-worker-54 | DEBUG | d.t.c.a.a.c.u.util.UserUtilService   : Generate 5 students...
    23:44:03.483 | 139 Pool-1-worker-54 | DEBUG | d.t.c.a.a.c.u.util.UserUtilService   : 5 students generated. Generate 5 tutors...
    23:44:03.497 | 139 Pool-1-worker-54 | DEBUG | d.t.c.a.a.c.u.util.UserUtilService   : 5 tutors generated. Generate 4 editors...
    23:44:03.503 | 139 Pool-1-worker-54 | DEBUG | d.t.c.a.a.c.u.util.UserUtilService   : 4 editors generated. Generate 4 instructors...
    23:44:03.510 | 139 Pool-1-worker-54 | DEBUG | d.t.c.a.a.c.u.util.UserUtilService   : 4 instructors generated
    23:44:03.511 | 139 Pool-1-worker-54 | DEBUG | d.t.c.a.a.c.u.util.UserUtilService   : Removing 18 users from all courses...
    23:44:03.513 | 139 Pool-1-worker-54 | DEBUG | d.t.c.a.a.c.u.util.UserUtilService   : Removing 18 users from all courses. Done
    23:44:03.513 | 139 Pool-1-worker-54 | DEBUG | d.t.c.a.a.c.u.util.UserUtilService   : Save 18 users to database...
    23:44:03.523 | 139 Pool-1-worker-54 | DEBUG | d.t.c.a.a.c.u.util.UserUtilService   : Save 18 users to database. Done
    23:44:03.599 | 139 Pool-1-worker-54 | INFO  | i.z.t.d.l.EmbeddedDatabaseReporter   : JDBC URL to connect to 'dataSource': url='jdbc:h2:tcp://localhost:41063/mem:df70fc46-7e57-4cb5-9cd0-c1d90c14afa7;USER=sa', scope='ReactionIntegrationTest#testCreateOwnAnswerPostReaction'
    23:44:03.603 | 139 Pool-1-worker-54 | DEBUG | d.t.c.a.a.c.s.f.ApiVersionFilter     : Adding Version to Request POST /api/courses/1136/postings/reactions
    23:44:03.610 | 139 Pool-1-worker-54 | ERROR | tech.jhipster.web.util.HeaderUtil    : Entity processing failed, Communication and messaging is disabled for this course
    23:44:03.610 | 139 Pool-1-worker-54 | WARN  | o.z.p.spring.common.AdviceTraits     : Bad Request: Communication and messaging is disabled for this course

  Starting logs for ReactionIntegrationTest > [2] courseInformationSharingConfiguration=COMMUNICATION_AND_MESSAGING, shouldBeAllowed=true
    23:44:03.632 | 139 Pool-1-worker-54 | DEBUG | d.t.c.a.a.c.u.util.UserUtilService   : Generate 5 students...
    23:44:03.645 | 139 Pool-1-worker-54 | DEBUG | d.t.c.a.a.c.u.util.UserUtilService   : 5 students generated. Generate 5 tutors...
    23:44:03.652 | 139 Pool-1-worker-54 | DEBUG | d.t.c.a.a.c.u.util.UserUtilService   : 5 tutors generated. Generate 4 editors...
    23:44:03.658 | 139 Pool-1-worker-54 | DEBUG | d.t.c.a.a.c.u.util.UserUtilService   : 4 editors generated. Generate 4 instructors...
    23:44:03.664 | 139 Pool-1-worker-54 | DEBUG | d.t.c.a.a.c.u.util.UserUtilService   : 4 instructors generated
    23:44:03.702 | 139 Pool-1-worker-54 | DEBUG | d.t.c.a.a.c.u.util.UserUtilService   : Removing 18 users from all courses...
    23:44:03.704 | 139 Pool-1-worker-54 | DEBUG | d.t.c.a.a.c.u.util.UserUtilService   : Removing 18 users from all courses. Done
    23:44:03.704 | 139 Pool-1-worker-54 | DEBUG | d.t.c.a.a.c.u.util.UserUtilService   : Save 18 users to database...
    23:44:03.714 | 139 Pool-1-worker-54 | DEBUG | d.t.c.a.a.c.u.util.UserUtilService   : Save 18 users to database. Done
    23:44:03.786 | 139 Pool-1-worker-54 | INFO  | i.z.t.d.l.EmbeddedDatabaseReporter   : JDBC URL to connect to 'dataSource': url='jdbc:h2:tcp://localhost:41063/mem:df70fc46-7e57-4cb5-9cd0-c1d90c14afa7;USER=sa', scope='ReactionIntegrationTest#testCreateOwnAnswerPostReaction'
    23:44:03.790 | 139 Pool-1-worker-54 | DEBUG | d.t.c.a.a.c.s.f.ApiVersionFilter     : Adding Version to Request POST /api/courses/1137/postings/reactions

  Starting logs for ReactionIntegrationTest > [3] courseInformationSharingConfiguration=COMMUNICATION_ONLY, shouldBeAllowed=true
    23:44:03.816 | 139 Pool-1-worker-54 | DEBUG | d.t.c.a.a.c.u.util.UserUtilService   : Generate 5 students...
    23:44:03.823 | 139 Pool-1-worker-54 | DEBUG | d.t.c.a.a.c.u.util.UserUtilService   : 5 students generated. Generate 5 tutors...
    23:44:03.830 | 139 Pool-1-worker-54 | DEBUG | d.t.c.a.a.c.u.util.UserUtilService   : 5 tutors generated. Generate 4 editors...
    23:44:03.836 | 139 Pool-1-worker-54 | DEBUG | d.t.c.a.a.c.u.util.UserUtilService   : 4 editors generated. Generate 4 instructors...
    23:44:03.842 | 139 Pool-1-worker-54 | DEBUG | d.t.c.a.a.c.u.util.UserUtilService   : 4 instructors generated
    23:44:03.844 | 139 Pool-1-worker-54 | DEBUG | d.t.c.a.a.c.u.util.UserUtilService   : Removing 18 users from all courses...
    23:44:03.846 | 139 Pool-1-worker-54 | DEBUG | d.t.c.a.a.c.u.util.UserUtilService   : Removing 18 users from all courses. Done
    23:44:03.846 | 139 Pool-1-worker-54 | DEBUG | d.t.c.a.a.c.u.util.UserUtilService   : Save 18 users to database...
    23:44:03.857 | 139 Pool-1-worker-54 | DEBUG | d.t.c.a.a.c.u.util.UserUtilService   : Save 18 users to database. Done
    23:44:03.929 | 139 Pool-1-worker-54 | INFO  | i.z.t.d.l.EmbeddedDatabaseReporter   : JDBC URL to connect to 'dataSource': url='jdbc:h2:tcp://localhost:41063/mem:df70fc46-7e57-4cb5-9cd0-c1d90c14afa7;USER=sa', scope='ReactionIntegrationTest#testCreateOwnAnswerPostReaction'
    23:44:03.933 | 139 Pool-1-worker-54 | DEBUG | d.t.c.a.a.c.s.f.ApiVersionFilter     : Adding Version to Request POST /api/courses/1138/postings/reactions

  Starting logs for ReactionIntegrationTest > [1] courseInformationSharingConfiguration=DISABLED, shouldBeAllowed=false
    23:44:03.965 | 139 Pool-1-worker-54 | DEBUG | d.t.c.a.a.c.u.util.UserUtilService   : Generate 5 students...
    23:44:03.972 | 139 Pool-1-worker-54 | DEBUG | d.t.c.a.a.c.u.util.UserUtilService   : 5 students generated. Generate 5 tutors...
    23:44:03.981 | 139 Pool-1-worker-54 | DEBUG | d.t.c.a.a.c.u.util.UserUtilService   : 5 tutors generated. Generate 4 editors...
    23:44:03.988 | 139 Pool-1-worker-54 | DEBUG | d.t.c.a.a.c.u.util.UserUtilService   : 4 editors generated. Generate 4 instructors...
    23:44:03.994 | 139 Pool-1-worker-54 | DEBUG | d.t.c.a.a.c.u.util.UserUtilService   : 4 instructors generated
    23:44:03.996 | 139 Pool-1-worker-54 | DEBUG | d.t.c.a.a.c.u.util.UserUtilService   : Removing 18 users from all courses...
    23:44:03.998 | 139 Pool-1-worker-54 | DEBUG | d.t.c.a.a.c.u.util.UserUtilService   : Removing 18 users from all courses. Done
    23:44:03.998 | 139 Pool-1-worker-54 | DEBUG | d.t.c.a.a.c.u.util.UserUtilService   : Save 18 users to database...
    23:44:04.010 | 139 Pool-1-worker-54 | DEBUG | d.t.c.a.a.c.u.util.UserUtilService   : Save 18 users to database. Done
    23:44:04.084 | 139 Pool-1-worker-54 | INFO  | i.z.t.d.l.EmbeddedDatabaseReporter   : JDBC URL to connect to 'dataSource': url='jdbc:h2:tcp://localhost:41063/mem:df70fc46-7e57-4cb5-9cd0-c1d90c14afa7;USER=sa', scope='ReactionIntegrationTest#testCreateOwnPostReactionOnAnotherUsersConversationMessage'
    23:44:04.089 | 139 Pool-1-worker-54 | DEBUG | d.t.c.a.a.c.s.f.ApiVersionFilter     : Adding Version to Request POST /api/courses/1139/postings/reactions
    23:44:04.097 | 139 Pool-1-worker-54 | ERROR | tech.jhipster.web.util.HeaderUtil    : Entity processing failed, Communication and messaging is disabled for this course
    23:44:04.097 | 139 Pool-1-worker-54 | WARN  | o.z.p.spring.common.AdviceTraits     : Bad Request: Communication and messaging is disabled for this course

  Starting logs for ReactionIntegrationTest > [2] courseInformationSharingConfiguration=COMMUNICATION_AND_MESSAGING, shouldBeAllowed=true
    23:44:04.114 | 139 Pool-1-worker-54 | DEBUG | d.t.c.a.a.c.u.util.UserUtilService   : Generate 5 students...
    23:44:04.122 | 139 Pool-1-worker-54 | DEBUG | d.t.c.a.a.c.u.util.UserUtilService   : 5 students generated. Generate 5 tutors...
    23:44:04.129 | 139 Pool-1-worker-54 | DEBUG | d.t.c.a.a.c.u.util.UserUtilService   : 5 tutors generated. Generate 4 editors...
    23:44:04.136 | 139 Pool-1-worker-54 | DEBUG | d.t.c.a.a.c.u.util.UserUtilService   : 4 editors generated. Generate 4 instructors...
    23:44:04.142 | 139 Pool-1-worker-54 | DEBUG | d.t.c.a.a.c.u.util.UserUtilService   : 4 instructors generated
    23:44:04.144 | 139 Pool-1-worker-54 | DEBUG | d.t.c.a.a.c.u.util.UserUtilService   : Removing 18 users from all courses...
    23:44:04.146 | 139 Pool-1-worker-54 | DEBUG | d.t.c.a.a.c.u.util.UserUtilService   : Removing 18 users from all courses. Done
    23:44:04.146 | 139 Pool-1-worker-54 | DEBUG | d.t.c.a.a.c.u.util.UserUtilService   : Save 18 users to database...
    23:44:04.158 | 139 Pool-1-worker-54 | DEBUG | d.t.c.a.a.c.u.util.UserUtilService   : Save 18 users to database. Done
    23:44:04.231 | 139 Pool-1-worker-54 | INFO  | i.z.t.d.l.EmbeddedDatabaseReporter   : JDBC URL to connect to 'dataSource': url='jdbc:h2:tcp://localhost:41063/mem:df70fc46-7e57-4cb5-9cd0-c1d90c14afa7;USER=sa', scope='ReactionIntegrationTest#testCreateOwnPostReactionOnAnotherUsersConversationMessage'
    23:44:04.237 | 139 Pool-1-worker-54 | DEBUG | d.t.c.a.a.c.s.f.ApiVersionFilter     : Adding Version to Request POST /api/courses/1140/postings/reactions

  Starting logs for ReactionIntegrationTest > [3] courseInformationSharingConfiguration=COMMUNICATION_ONLY, shouldBeAllowed=true
    23:44:04.267 | 139 Pool-1-worker-54 | DEBUG | d.t.c.a.a.c.u.util.UserUtilService   : Generate 5 students...
    23:44:04.275 | 139 Pool-1-worker-54 | DEBUG | d.t.c.a.a.c.u.util.UserUtilService   : 5 students generated. Generate 5 tutors...
    23:44:04.282 | 139 Pool-1-worker-54 | DEBUG | d.t.c.a.a.c.u.util.UserUtilService   : 5 tutors generated. Generate 4 editors...
    23:44:04.289 | 139 Pool-1-worker-54 | DEBUG | d.t.c.a.a.c.u.util.UserUtilService   : 4 editors generated. Generate 4 instructors...
    23:44:04.300 | 139 Pool-1-worker-54 | DEBUG | d.t.c.a.a.c.u.util.UserUtilService   : 4 instructors generated
    23:44:04.302 | 139 Pool-1-worker-54 | DEBUG | d.t.c.a.a.c.u.util.UserUtilService   : Removing 18 users from all courses...
    23:44:04.305 | 139 Pool-1-worker-54 | DEBUG | d.t.c.a.a.c.u.util.UserUtilService   : Removing 18 users from all courses. Done
    23:44:04.305 | 139 Pool-1-worker-54 | DEBUG | d.t.c.a.a.c.u.util.UserUtilService   : Save 18 users to database...
    23:44:04.326 | 641 nt.HealthMonitor | INFO  | c.h.i.diagnostics.HealthMonitor      : [127.0.0.1]:5704 [dev] [5.5.0] processors=4, physical.memory.total=15.6G, physical.memory.free=2.7G, swap.space.total=0, swap.space.free=0, heap.memory.used=2.1G, heap.memory.free=931.4M, heap.memory.total=3.0G, heap.memory.max=6.0G, heap.memory.used/total=69.75%, heap.memory.used/max=34.97%, minor.gc.count=142, minor.gc.time=7157ms, major.gc.count=0, major.gc.time=0ms, unknown.gc.count=62, unknown.gc.time=1025ms, load.process=0.00%, load.system=100.00%, load.systemAverage=6.10, thread.count=485, thread.peakCount=500, cluster.timeDiff=0, event.q.size=0, executor.q.async.size=0, executor.q.client.size=0, executor.q.client.query.size=0, executor.q.client.blocking.size=0, executor.q.query.size=0, executor.q.scheduled.size=0, executor.q.io.size=0, executor.q.system.size=0, executor.q.operations.size=0, executor.q.priorityOperation.size=0, operations.completed.count=814, executor.q.mapLoad.size=0, executor.q.mapLoadAllKeys.size=0, executor.q.cluster.size=0, executor.q.response.size=0, operations.running.count=0, operations.pending.invocations.percentage=0.00%, operations.pending.invocations.count=0, proxy.count=208, clientEndpoint.count=0, connection.active.count=0, client.connection.count=0, connection.count=0
    23:44:04.330 | 139 Pool-1-worker-54 | DEBUG | d.t.c.a.a.c.u.util.UserUtilService   : Save 18 users to database. Done
    23:44:04.441 | 139 Pool-1-worker-54 | INFO  | i.z.t.d.l.EmbeddedDatabaseReporter   : JDBC URL to connect to 'dataSource': url='jdbc:h2:tcp://localhost:41063/mem:df70fc46-7e57-4cb5-9cd0-c1d90c14afa7;USER=sa', scope='ReactionIntegrationTest#testCreateOwnPostReactionOnAnotherUsersConversationMessage'
    23:44:04.446 | 139 Pool-1-worker-54 | DEBUG | d.t.c.a.a.c.s.f.ApiVersionFilter     : Adding Version to Request POST /api/courses/1141/postings/reactions

  Starting logs for ReactionIntegrationTest > testGetPostsForCourse_OrderByVoteCountASC()
    23:44:04.475 | 139 Pool-1-worker-54 | DEBUG | d.t.c.a.a.c.u.util.UserUtilService   : Generate 5 students...
    23:44:04.490 | 139 Pool-1-worker-54 | DEBUG | d.t.c.a.a.c.u.util.UserUtilService   : 5 students generated. Generate 5 tutors...
    23:44:04.504 | 139 Pool-1-worker-54 | DEBUG | d.t.c.a.a.c.u.util.UserUtilService   : 5 tutors generated. Generate 4 editors...
    23:44:04.511 | 139 Pool-1-worker-54 | DEBUG | d.t.c.a.a.c.u.util.UserUtilService   : 4 editors generated. Generate 4 instructors...
    23:44:04.518 | 139 Pool-1-worker-54 | DEBUG | d.t.c.a.a.c.u.util.UserUtilService   : 4 instructors generated
    23:44:04.520 | 139 Pool-1-worker-54 | DEBUG | d.t.c.a.a.c.u.util.UserUtilService   : Removing 18 users from all courses...
    23:44:04.522 | 139 Pool-1-worker-54 | DEBUG | d.t.c.a.a.c.u.util.UserUtilService   : Removing 18 users from all courses. Done
    23:44:04.522 | 139 Pool-1-worker-54 | DEBUG | d.t.c.a.a.c.u.util.UserUtilService   : Save 18 users to database...
    23:44:04.548 | 139 Pool-1-worker-54 | DEBUG | d.t.c.a.a.c.u.util.UserUtilService   : Save 18 users to database. Done
    23:44:04.679 | 139 Pool-1-worker-54 | INFO  | i.z.t.d.l.EmbeddedDatabaseReporter   : JDBC URL to connect to 'dataSource': url='jdbc:h2:tcp://localhost:41063/mem:df70fc46-7e57-4cb5-9cd0-c1d90c14afa7;USER=sa', scope='ReactionIntegrationTest#testGetPostsForCourse_OrderByVoteCountASC'
    23:44:04.683 | 139 Pool-1-worker-54 | DEBUG | d.t.c.a.a.c.s.f.ApiVersionFilter     : Adding Version to Request GET /api/courses/1142/messages
    23:44:04.693 | 139 Pool-1-worker-54 | DEBUG | .a.c.r.ConversationMessageRepository : findPostIdsWithSpecification took 4.98ms
    23:44:04.700 | 139 Pool-1-worker-54 | DEBUG | .a.c.r.ConversationMessageRepository : findByPostIdsWithEagerRelationships took 6.64ms
    23:44:04.701 | 139 Pool-1-worker-54 | DEBUG | d.t.c.a.a.c.service.PostingService   : userRepository.findUserRolesInCourse done for 4 authors 
    23:44:04.726 | 139 Pool-1-worker-54 | DEBUG | .a.a.c.w.ConversationMessageResource : /courses/{courseId}/messages finished in 39.04ms for 20 posts with 5 answer posts, 0 reactions, and 0 answer post reactions for user reactionintegrationstudent1

  Starting logs for ReactionIntegrationTest > testCreatePostReactions()
    23:44:04.766 | 139 Pool-1-worker-54 | DEBUG | d.t.c.a.a.c.u.util.UserUtilService   : Generate 5 students...
    23:44:04.776 | 139 Pool-1-worker-54 | DEBUG | d.t.c.a.a.c.u.util.UserUtilService   : 5 students generated. Generate 5 tutors...
    23:44:04.783 | 139 Pool-1-worker-54 | DEBUG | d.t.c.a.a.c.u.util.UserUtilService   : 5 tutors generated. Generate 4 editors...
    23:44:04.790 | 139 Pool-1-worker-54 | DEBUG | d.t.c.a.a.c.u.util.UserUtilService   : 4 editors generated. Generate 4 instructors...
    23:44:04.796 | 139 Pool-1-worker-54 | DEBUG | d.t.c.a.a.c.u.util.UserUtilService   : 4 instructors generated
    23:44:04.797 | 139 Pool-1-worker-54 | DEBUG | d.t.c.a.a.c.u.util.UserUtilService   : Removing 18 users from all courses...
    23:44:04.799 | 139 Pool-1-worker-54 | DEBUG | d.t.c.a.a.c.u.util.UserUtilService   : Removing 18 users from all courses. Done
    23:44:04.799 | 139 Pool-1-worker-54 | DEBUG | d.t.c.a.a.c.u.util.UserUtilService   : Save 18 users to database...
    23:44:04.810 | 139 Pool-1-worker-54 | DEBUG | d.t.c.a.a.c.u.util.UserUtilService   : Save 18 users to database. Done
    23:44:04.996 | 139 Pool-1-worker-54 | INFO  | i.z.t.d.l.EmbeddedDatabaseReporter   : JDBC URL to connect to 'dataSource': url='jdbc:h2:tcp://localhost:41063/mem:df70fc46-7e57-4cb5-9cd0-c1d90c14afa7;USER=sa', scope='ReactionIntegrationTest#testCreatePostReactions'
    23:44:04.999 | 139 Pool-1-worker-54 | DEBUG | d.t.c.a.a.c.s.f.ApiVersionFilter     : Adding Version to Request POST /api/courses/1143/postings/reactions
    23:44:05.022 | 139 Pool-1-worker-54 | DEBUG | d.t.c.a.a.c.s.f.ApiVersionFilter     : Adding Version to Request POST /api/courses/1143/postings/reactions

  Starting logs for ReactionIntegrationTest > testCreateMultipleOwnPostReaction_internalServerError()
    23:44:05.063 | 139 Pool-1-worker-54 | DEBUG | d.t.c.a.a.c.u.util.UserUtilService   : Generate 5 students...
    23:44:05.078 | 139 Pool-1-worker-54 | DEBUG | d.t.c.a.a.c.u.util.UserUtilService   : 5 students generated. Generate 5 tutors...
    23:44:05.092 | 139 Pool-1-worker-54 | DEBUG | d.t.c.a.a.c.u.util.UserUtilService   : 5 tutors generated. Generate 4 editors...
    23:44:05.098 | 139 Pool-1-worker-54 | DEBUG | d.t.c.a.a.c.u.util.UserUtilService   : 4 editors generated. Generate 4 instructors...
    23:44:05.104 | 139 Pool-1-worker-54 | DEBUG | d.t.c.a.a.c.u.util.UserUtilService   : 4 instructors generated
    23:44:05.106 | 139 Pool-1-worker-54 | DEBUG | d.t.c.a.a.c.u.util.UserUtilService   : Removing 18 users from all courses...
    23:44:05.108 | 139 Pool-1-worker-54 | DEBUG | d.t.c.a.a.c.u.util.UserUtilService   : Removing 18 users from all courses. Done
    23:44:05.108 | 139 Pool-1-worker-54 | DEBUG | d.t.c.a.a.c.u.util.UserUtilService   : Save 18 users to database...
    23:44:05.120 | 139 Pool-1-worker-54 | DEBUG | d.t.c.a.a.c.u.util.UserUtilService   : Save 18 users to database. Done
    23:44:05.196 | 139 Pool-1-worker-54 | INFO  | i.z.t.d.l.EmbeddedDatabaseReporter   : JDBC URL to connect to 'dataSource': url='jdbc:h2:tcp://localhost:41063/mem:df70fc46-7e57-4cb5-9cd0-c1d90c14afa7;USER=sa', scope='ReactionIntegrationTest#testCreateMultipleOwnPostReaction_internalServerError'
    23:44:05.198 | 139 Pool-1-worker-54 | DEBUG | d.t.c.a.a.c.s.f.ApiVersionFilter     : Adding Version to Request POST /api/courses/1144/postings/reactions
    23:44:05.210 | 139 Pool-1-worker-54 | DEBUG | d.t.c.a.a.c.s.f.ApiVersionFilter     : Adding Version to Request POST /api/courses/1144/postings/reactions
    23:44:05.214 | 139 Pool-1-worker-54 | WARN  | o.h.e.jdbc.spi.SqlExceptionHelper    : SQL Error: 23505, SQLState: 23505
    23:44:05.214 | 139 Pool-1-worker-54 | ERROR | o.h.e.jdbc.spi.SqlExceptionHelper    : Unique index or primary key violation: "PUBLIC.UNIQUE_POST_REACTION ON PUBLIC.REACTION(EMOJI_ID NULLS FIRST, USER_ID NULLS FIRST, POST_ID NULLS FIRST) VALUES ( /* key:41 */ 'smiley', CAST(204 AS BIGINT), CAST(3265 AS BIGINT))"; SQL statement:
insert into reaction (answer_post_id,creation_date,emoji_id,post_id,user_id,id) values (?,?,?,?,?,default) [23505-224]
    23:44:05.215 | 139 Pool-1-worker-54 | WARN  | d.t.c.a.a.c.web.ReactionResource     : could not execute statement [Unique index or primary key violation: "PUBLIC.UNIQUE_POST_REACTION ON PUBLIC.REACTION(EMOJI_ID NULLS FIRST, USER_ID NULLS FIRST, POST_ID NULLS FIRST) VALUES ( /* key:41 */ 'smiley', CAST(204 AS BIGINT), CAST(3265 AS BIGINT))"; SQL statement:
insert into reaction (answer_post_id,creation_date,emoji_id,post_id,user_id,id) values (?,?,?,?,?,default) [23505-224]] [insert into reaction (answer_post_id,creation_date,emoji_id,post_id,user_id,id) values (?,?,?,?,?,default)]; SQL [insert into reaction (answer_post_id,creation_date,emoji_id,post_id,user_id,id) values (?,?,?,?,?,default)]; constraint ["PUBLIC.UNIQUE_POST_REACTION ON PUBLIC.REACTION(EMOJI_ID NULLS FIRST, USER_ID NULLS FIRST, POST_ID NULLS FIRST) VALUES ( /* key:41 */ 'smiley', CAST(204 AS BIGINT), CAST(3265 AS BIGINT))"; SQL statement:
insert into reaction (answer_post_id,creation_date,emoji_id,post_id,user_id,id) values (?,?,?,?,?,default) [23505-224]]
org.springframework.dao.DataIntegrityViolationException: could not execute statement [Unique index or primary key violation: "PUBLIC.UNIQUE_POST_REACTION ON PUBLIC.REACTION(EMOJI_ID NULLS FIRST, USER_ID NULLS FIRST, POST_ID NULLS FIRST) VALUES ( /* key:41 */ 'smiley', CAST(204 AS BIGINT), CAST(3265 AS BIGINT))"; SQL statement:
insert into reaction (answer_post_id,creation_date,emoji_id,post_id,user_id,id) values (?,?,?,?,?,default) [23505-224]] [insert into reaction (answer_post_id,creation_date,emoji_id,post_id,user_id,id) values (?,?,?,?,?,default)]; SQL [insert into reaction (answer_post_id,creation_date,emoji_id,post_id,user_id,id) values (?,?,?,?,?,default)]; constraint ["PUBLIC.UNIQUE_POST_REACTION ON PUBLIC.REACTION(EMOJI_ID NULLS FIRST, USER_ID NULLS FIRST, POST_ID NULLS FIRST) VALUES ( /* key:41 */ 'smiley', CAST(204 AS BIGINT), CAST(3265 AS BIGINT))"; SQL statement:
insert into reaction (answer_post_id,creation_date,emoji_id,post_id,user_id,id) values (?,?,?,?,?,default) [23505-224]]
	at org.springframework.orm.jpa.vendor.HibernateJpaDialect.convertHibernateAccessException(HibernateJpaDialect.java:290)
	at org.springframework.orm.jpa.vendor.HibernateJpaDialect.translateExceptionIfPossible(HibernateJpaDialect.java:241)
	at org.springframework.orm.jpa.AbstractEntityManagerFactoryBean.translateExceptionIfPossible(AbstractEntityManagerFactoryBean.java:560)
	at org.springframework.dao.support.ChainedPersistenceExceptionTranslator.translateExceptionIfPossible(ChainedPersistenceExceptionTranslator.java:61)
	at org.springframework.dao.support.DataAccessUtils.translateIfNecessary(DataAccessUtils.java:343)
	at org.springframework.dao.support.PersistenceExceptionTranslationInterceptor.invoke(PersistenceExceptionTranslationInterceptor.java:160)
	at org.springframework.aop.framework.ReflectiveMethodInvocation.proceed(ReflectiveMethodInvocation.java:184)
	at org.springframework.data.jpa.repository.support.CrudMethodMetadataPostProcessor$CrudMethodMetadataPopulatingMethodInterceptor.invoke(CrudMethodMetadataPostProcessor.java:165)
	at org.springframework.aop.framework.ReflectiveMethodInvocation.proceed(ReflectiveMethodInvocation.java:184)
	at org.springframework.aop.framework.JdkDynamicAopProxy.invoke(JdkDynamicAopProxy.java:223)
	at jdk.proxy3/jdk.proxy3.$Proxy401.save(Unknown Source)
	at de.tum.cit.aet.artemis.communication.service.ReactionService.createReactionForPost(ReactionService.java:194)
	at de.tum.cit.aet.artemis.communication.service.ReactionService.createReaction(ReactionService.java:91)
	at de.tum.cit.aet.artemis.communication.web.ReactionResource.createReaction(ReactionResource.java:54)
	at java.base/jdk.internal.reflect.DirectMethodHandleAccessor.invoke(DirectMethodHandleAccessor.java:103)
	at java.base/java.lang.reflect.Method.invoke(Method.java:580)
	at org.springframework.aop.support.AopUtils.invokeJoinpointUsingReflection(AopUtils.java:359)
	at org.springframework.aop.framework.ReflectiveMethodInvocation.invokeJoinpoint(ReflectiveMethodInvocation.java:196)
	at org.springframework.aop.framework.ReflectiveMethodInvocation.proceed(ReflectiveMethodInvocation.java:163)
	at org.springframework.security.authorization.method.AuthorizationManagerBeforeMethodInterceptor.proceed(AuthorizationManagerBeforeMethodInterceptor.java:268)
	at org.springframework.security.authorization.method.AuthorizationManagerBeforeMethodInterceptor.attemptAuthorization(AuthorizationManagerBeforeMethodInterceptor.java:263)
	at org.springframework.security.authorization.method.AuthorizationManagerBeforeMethodInterceptor.invoke(AuthorizationManagerBeforeMethodInterceptor.java:196)
	at org.springframework.security.config.annotation.method.configuration.DeferringMethodInterceptor.invoke(DeferringMethodInterceptor.java:44)
	at org.springframework.aop.framework.ReflectiveMethodInvocation.proceed(ReflectiveMethodInvocation.java:184)
	at org.springframework.aop.framework.CglibAopProxy$DynamicAdvisedInterceptor.intercept(CglibAopProxy.java:727)
	at de.tum.cit.aet.artemis.communication.web.ReactionResource$$SpringCGLIB$$0.createReaction(<generated>)
	at java.base/jdk.internal.reflect.DirectMethodHandleAccessor.invoke(DirectMethodHandleAccessor.java:103)
	at java.base/java.lang.reflect.Method.invoke(Method.java:580)
	at org.springframework.web.method.support.InvocableHandlerMethod.doInvoke(InvocableHandlerMethod.java:257)
	at org.springframework.web.method.support.InvocableHandlerMethod.invokeForRequest(InvocableHandlerMethod.java:190)
	at org.springframework.web.servlet.mvc.method.annotation.ServletInvocableHandlerMethod.invokeAndHandle(ServletInvocableHandlerMethod.java:118)
	at org.springframework.web.servlet.mvc.method.annotation.RequestMappingHandlerAdapter.invokeHandlerMethod(RequestMappingHandlerAdapter.java:986)
	at org.springframework.web.servlet.mvc.method.annotation.RequestMappingHandlerAdapter.handleInternal(RequestMappingHandlerAdapter.java:891)
	at org.springframework.web.servlet.mvc.method.AbstractHandlerMethodAdapter.handle(AbstractHandlerMethodAdapter.java:87)
	at org.springframework.web.servlet.DispatcherServlet.doDispatch(DispatcherServlet.java:1088)
	at org.springframework.web.servlet.DispatcherServlet.doService(DispatcherServlet.java:978)
	at org.springframework.web.servlet.FrameworkServlet.processRequest(FrameworkServlet.java:1014)
	at org.springframework.web.servlet.FrameworkServlet.doPost(FrameworkServlet.java:914)
	at jakarta.servlet.http.HttpServlet.service(HttpServlet.java:547)
	at org.springframework.web.servlet.FrameworkServlet.service(FrameworkServlet.java:885)
	at org.springframework.test.web.servlet.TestDispatcherServlet.service(TestDispatcherServlet.java:72)
	at jakarta.servlet.http.HttpServlet.service(HttpServlet.java:614)
	at org.springframework.mock.web.MockFilterChain$ServletFilterProxy.doFilter(MockFilterChain.java:165)
	at org.springframework.mock.web.MockFilterChain.doFilter(MockFilterChain.java:132)
	at org.springframework.web.filter.OncePerRequestFilter.doFilter(OncePerRequestFilter.java:110)
	at org.springframework.test.web.servlet.setup.MockMvcFilterDecorator.doFilter(MockMvcFilterDecorator.java:162)
	at org.springframework.mock.web.MockFilterChain.doFilter(MockFilterChain.java:132)
	at de.tum.cit.aet.artemis.core.security.filter.ApiVersionFilter.doFilter(ApiVersionFilter.java:55)
	at org.springframework.test.web.servlet.setup.MockMvcFilterDecorator.doFilter(MockMvcFilterDecorator.java:162)
	at org.springframework.mock.web.MockFilterChain.doFilter(MockFilterChain.java:132)
	at io.sentry.spring.jakarta.SentryUserFilter.doFilterInternal(SentryUserFilter.java:56)
	at org.springframework.web.filter.OncePerRequestFilter.doFilter(OncePerRequestFilter.java:116)
	at org.springframework.test.web.servlet.setup.MockMvcFilterDecorator.doFilter(MockMvcFilterDecorator.java:162)
	at org.springframework.mock.web.MockFilterChain.doFilter(MockFilterChain.java:132)
	at org.springframework.web.filter.CompositeFilter$VirtualFilterChain.doFilter(CompositeFilter.java:108)
	at org.springframework.security.web.FilterChainProxy.lambda$doFilterInternal$3(FilterChainProxy.java:231)
	at org.springframework.security.web.ObservationFilterChainDecorator$FilterObservation$SimpleFilterObservation.lambda$wrap$1(ObservationFilterChainDecorator.java:479)
	at org.springframework.security.web.ObservationFilterChainDecorator$AroundFilterObservation$SimpleAroundFilterObservation.lambda$wrap$1(ObservationFilterChainDecorator.java:340)
	at org.springframework.security.web.ObservationFilterChainDecorator.lambda$wrapSecured$0(ObservationFilterChainDecorator.java:82)
	at org.springframework.security.web.ObservationFilterChainDecorator$VirtualFilterChain.doFilter(ObservationFilterChainDecorator.java:128)
	at org.springframework.security.web.access.intercept.AuthorizationFilter.doFilter(AuthorizationFilter.java:101)
	at org.springframework.security.web.ObservationFilterChainDecorator$ObservationFilter.wrapFilter(ObservationFilterChainDecorator.java:240)
	at org.springframework.security.web.ObservationFilterChainDecorator$ObservationFilter.doFilter(ObservationFilterChainDecorator.java:227)
	at org.springframework.security.web.ObservationFilterChainDecorator$VirtualFilterChain.doFilter(ObservationFilterChainDecorator.java:137)
	at org.springframework.security.web.access.ExceptionTranslationFilter.doFilter(ExceptionTranslationFilter.java:126)
	at org.springframework.security.web.access.ExceptionTranslationFilter.doFilter(ExceptionTranslationFilter.java:120)
	at org.springframework.security.web.ObservationFilterChainDecorator$ObservationFilter.wrapFilter(ObservationFilterChainDecorator.java:240)
	at org.springframework.security.web.ObservationFilterChainDecorator$ObservationFilter.doFilter(ObservationFilterChainDecorator.java:227)
	at org.springframework.security.web.ObservationFilterChainDecorator$VirtualFilterChain.doFilter(ObservationFilterChainDecorator.java:137)
	at org.springframework.security.web.session.SessionManagementFilter.doFilter(SessionManagementFilter.java:131)
	at org.springframework.security.web.session.SessionManagementFilter.doFilter(SessionManagementFilter.java:85)
	at org.springframework.security.web.ObservationFilterChainDecorator$ObservationFilter.wrapFilter(ObservationFilterChainDecorator.java:240)
	at org.springframework.security.web.ObservationFilterChainDecorator$ObservationFilter.doFilter(ObservationFilterChainDecorator.java:227)
	at org.springframework.security.web.ObservationFilterChainDecorator$VirtualFilterChain.doFilter(ObservationFilterChainDecorator.java:137)
	at org.springframework.security.web.authentication.AnonymousAuthenticationFilter.doFilter(AnonymousAuthenticationFilter.java:100)
	at org.springframework.security.web.ObservationFilterChainDecorator$ObservationFilter.wrapFilter(ObservationFilterChainDecorator.java:240)
	at org.springframework.security.web.ObservationFilterChainDecorator$ObservationFilter.doFilter(ObservationFilterChainDecorator.java:227)
	at org.springframework.security.web.ObservationFilterChainDecorator$VirtualFilterChain.doFilter(ObservationFilterChainDecorator.java:137)
	at org.springframework.security.web.servletapi.SecurityContextHolderAwareRequestFilter.doFilter(SecurityContextHolderAwareRequestFilter.java:179)
	at org.springframework.security.web.ObservationFilterChainDecorator$ObservationFilter.wrapFilter(ObservationFilterChainDecorator.java:240)
	at org.springframework.security.web.ObservationFilterChainDecorator$ObservationFilter.doFilter(ObservationFilterChainDecorator.java:227)
	at org.springframework.security.web.ObservationFilterChainDecorator$VirtualFilterChain.doFilter(ObservationFilterChainDecorator.java:137)
	at org.springframework.security.web.savedrequest.RequestCacheAwareFilter.doFilter(RequestCacheAwareFilter.java:63)
	at org.springframework.security.web.ObservationFilterChainDecorator$ObservationFilter.wrapFilter(ObservationFilterChainDecorator.java:240)
	at org.springframework.security.web.ObservationFilterChainDecorator$ObservationFilter.doFilter(ObservationFilterChainDecorator.java:227)
	at org.springframework.security.web.ObservationFilterChainDecorator$VirtualFilterChain.doFilter(ObservationFilterChainDecorator.java:137)
	at de.tum.cit.aet.artemis.core.security.filter.SpaWebFilter.doFilterInternal(SpaWebFilter.java:23)
	at org.springframework.web.filter.OncePerRequestFilter.doFilter(OncePerRequestFilter.java:116)
	at org.springframework.security.web.ObservationFilterChainDecorator$ObservationFilter.wrapFilter(ObservationFilterChainDecorator.java:240)
	at org.springframework.security.web.ObservationFilterChainDecorator$ObservationFilter.doFilter(ObservationFilterChainDecorator.java:227)
	at org.springframework.security.web.ObservationFilterChainDecorator$VirtualFilterChain.doFilter(ObservationFilterChainDecorator.java:137)
	at org.springframework.web.filter.OncePerRequestFilter.doFilter(OncePerRequestFilter.java:110)
	at org.springframework.security.web.ObservationFilterChainDecorator$ObservationFilter.wrapFilter(ObservationFilterChainDecorator.java:240)
	at org.springframework.security.web.ObservationFilterChainDecorator$ObservationFilter.doFilter(ObservationFilterChainDecorator.java:227)
	at org.springframework.security.web.ObservationFilterChainDecorator$VirtualFilterChain.doFilter(ObservationFilterChainDecorator.java:137)
	at de.tum.cit.aet.artemis.lti.config.Lti13LaunchFilter.doFilterInternal(Lti13LaunchFilter.java:60)
	at org.springframework.web.filter.OncePerRequestFilter.doFilter(OncePerRequestFilter.java:116)
	at org.springframework.security.web.ObservationFilterChainDecorator$ObservationFilter.wrapFilter(ObservationFilterChainDecorator.java:240)
	at org.springframework.security.web.ObservationFilterChainDecorator$ObservationFilter.doFilter(ObservationFilterChainDecorator.java:227)
	at org.springframework.security.web.ObservationFilterChainDecorator$VirtualFilterChain.doFilter(ObservationFilterChainDecorator.java:137)
	at de.tum.cit.aet.artemis.core.security.jwt.JWTFilter.doFilter(JWTFilter.java:55)
	at org.springframework.security.web.ObservationFilterChainDecorator$ObservationFilter.wrapFilter(ObservationFilterChainDecorator.java:240)
	at org.springframework.security.web.ObservationFilterChainDecorator$ObservationFilter.doFilter(ObservationFilterChainDecorator.java:227)
	at org.springframework.security.web.ObservationFilterChainDecorator$VirtualFilterChain.doFilter(ObservationFilterChainDecorator.java:137)
	at de.tum.cit.aet.artemis.core.security.jwt.JWTFilter.doFilter(JWTFilter.java:55)
	at org.springframework.security.web.ObservationFilterChainDecorator$ObservationFilter.wrapFilter(ObservationFilterChainDecorator.java:240)
	at org.springframework.security.web.ObservationFilterChainDecorator$ObservationFilter.doFilter(ObservationFilterChainDecorator.java:227)
	at org.springframework.security.web.ObservationFilterChainDecorator$VirtualFilterChain.doFilter(ObservationFilterChainDecorator.java:137)
	at org.springframework.web.filter.CorsFilter.doFilterInternal(CorsFilter.java:91)
	at org.springframework.web.filter.OncePerRequestFilter.doFilter(OncePerRequestFilter.java:116)
	at org.springframework.security.web.ObservationFilterChainDecorator$ObservationFilter.wrapFilter(ObservationFilterChainDecorator.java:240)
	at org.springframework.security.web.ObservationFilterChainDecorator$ObservationFilter.doFilter(ObservationFilterChainDecorator.java:227)
	at org.springframework.security.web.ObservationFilterChainDecorator$VirtualFilterChain.doFilter(ObservationFilterChainDecorator.java:137)
	at org.springframework.web.filter.OncePerRequestFilter.doFilter(OncePerRequestFilter.java:110)
	at org.springframework.security.web.ObservationFilterChainDecorator$ObservationFilter.wrapFilter(ObservationFilterChainDecorator.java:240)
	at org.springframework.security.web.ObservationFilterChainDecorator$ObservationFilter.doFilter(ObservationFilterChainDecorator.java:227)
	at org.springframework.security.web.ObservationFilterChainDecorator$VirtualFilterChain.doFilter(ObservationFilterChainDecorator.java:137)
	at uk.ac.ox.ctl.lti13.security.oauth2.client.lti.web.OAuth2AuthorizationRequestRedirectFilter.doFilterInternal(OAuth2AuthorizationRequestRedirectFilter.java:142)
	at org.springframework.web.filter.OncePerRequestFilter.doFilter(OncePerRequestFilter.java:116)
	at org.springframework.security.web.ObservationFilterChainDecorator$ObservationFilter.wrapFilter(ObservationFilterChainDecorator.java:240)
	at org.springframework.security.web.ObservationFilterChainDecorator$ObservationFilter.doFilter(ObservationFilterChainDecorator.java:227)
	at org.springframework.security.web.ObservationFilterChainDecorator$VirtualFilterChain.doFilter(ObservationFilterChainDecorator.java:137)
	at org.springframework.security.web.authentication.logout.LogoutFilter.doFilter(LogoutFilter.java:107)
	at org.springframework.security.web.authentication.logout.LogoutFilter.doFilter(LogoutFilter.java:93)
	at org.springframework.security.web.ObservationFilterChainDecorator$ObservationFilter.wrapFilter(ObservationFilterChainDecorator.java:240)
	at org.springframework.security.web.ObservationFilterChainDecorator$ObservationFilter.doFilter(ObservationFilterChainDecorator.java:227)
	at org.springframework.security.web.ObservationFilterChainDecorator$VirtualFilterChain.doFilter(ObservationFilterChainDecorator.java:137)
	at org.springframework.security.web.header.HeaderWriterFilter.doHeadersAfter(HeaderWriterFilter.java:90)
	at org.springframework.security.web.header.HeaderWriterFilter.doFilterInternal(HeaderWriterFilter.java:75)
	at org.springframework.web.filter.OncePerRequestFilter.doFilter(OncePerRequestFilter.java:116)
	at org.springframework.security.web.ObservationFilterChainDecorator$ObservationFilter.wrapFilter(ObservationFilterChainDecorator.java:240)
	at org.springframework.security.web.ObservationFilterChainDecorator$ObservationFilter.doFilter(ObservationFilterChainDecorator.java:227)
	at org.springframework.security.web.ObservationFilterChainDecorator$VirtualFilterChain.doFilter(ObservationFilterChainDecorator.java:137)
	at org.springframework.security.web.context.SecurityContextHolderFilter.doFilter(SecurityContextHolderFilter.java:82)
	at org.springframework.security.web.context.SecurityContextHolderFilter.doFilter(SecurityContextHolderFilter.java:69)
	at org.springframework.security.web.ObservationFilterChainDecorator$ObservationFilter.wrapFilter(ObservationFilterChainDecorator.java:240)
	at org.springframework.security.web.ObservationFilterChainDecorator$ObservationFilter.doFilter(ObservationFilterChainDecorator.java:227)
	at org.springframework.security.web.ObservationFilterChainDecorator$VirtualFilterChain.doFilter(ObservationFilterChainDecorator.java:137)
	at org.springframework.security.web.context.request.async.WebAsyncManagerIntegrationFilter.doFilterInternal(WebAsyncManagerIntegrationFilter.java:62)
	at org.springframework.web.filter.OncePerRequestFilter.doFilter(OncePerRequestFilter.java:116)
	at org.springframework.security.web.ObservationFilterChainDecorator$ObservationFilter.wrapFilter(ObservationFilterChainDecorator.java:240)
	at org.springframework.security.web.ObservationFilterChainDecorator$ObservationFilter.doFilter(ObservationFilterChainDecorator.java:227)
	at org.springframework.security.web.ObservationFilterChainDecorator$VirtualFilterChain.doFilter(ObservationFilterChainDecorator.java:137)
	at org.springframework.security.web.session.DisableEncodeUrlFilter.doFilterInternal(DisableEncodeUrlFilter.java:42)
	at org.springframework.web.filter.OncePerRequestFilter.doFilter(OncePerRequestFilter.java:116)
	at org.springframework.security.web.ObservationFilterChainDecorator$ObservationFilter.wrapFilter(ObservationFilterChainDecorator.java:240)
	at org.springframework.security.web.ObservationFilterChainDecorator$AroundFilterObservation$SimpleAroundFilterObservation.lambda$wrap$0(ObservationFilterChainDecorator.java:323)
	at org.springframework.security.web.ObservationFilterChainDecorator$ObservationFilter.doFilter(ObservationFilterChainDecorator.java:224)
	at org.springframework.security.web.ObservationFilterChainDecorator$VirtualFilterChain.doFilter(ObservationFilterChainDecorator.java:137)
	at org.springframework.security.web.FilterChainProxy.doFilterInternal(FilterChainProxy.java:233)
	at org.springframework.security.web.FilterChainProxy.doFilter(FilterChainProxy.java:191)
	at org.springframework.web.filter.CompositeFilter$VirtualFilterChain.doFilter(CompositeFilter.java:113)
	at org.springframework.web.servlet.handler.HandlerMappingIntrospector.lambda$createCacheFilter$3(HandlerMappingIntrospector.java:243)
	at org.springframework.web.filter.CompositeFilter$VirtualFilterChain.doFilter(CompositeFilter.java:113)
	at org.springframework.web.filter.CompositeFilter.doFilter(CompositeFilter.java:74)
	at org.springframework.security.config.annotation.web.configuration.WebMvcSecurityConfiguration$CompositeFilterChainProxy.doFilter(WebMvcSecurityConfiguration.java:238)
	at org.springframework.web.filter.DelegatingFilterProxy.invokeDelegate(DelegatingFilterProxy.java:362)
	at org.springframework.web.filter.DelegatingFilterProxy.doFilter(DelegatingFilterProxy.java:278)
	at org.springframework.test.web.servlet.setup.MockMvcFilterDecorator.doFilter(MockMvcFilterDecorator.java:162)
	at org.springframework.mock.web.MockFilterChain.doFilter(MockFilterChain.java:132)
	at org.springframework.web.filter.RequestContextFilter.doFilterInternal(RequestContextFilter.java:100)
	at org.springframework.web.filter.OncePerRequestFilter.doFilter(OncePerRequestFilter.java:116)
	at org.springframework.test.web.servlet.setup.MockMvcFilterDecorator.doFilter(MockMvcFilterDecorator.java:162)
	at org.springframework.mock.web.MockFilterChain.doFilter(MockFilterChain.java:132)
	at org.springframework.web.filter.FormContentFilter.doFilterInternal(FormContentFilter.java:93)
	at org.springframework.web.filter.OncePerRequestFilter.doFilter(OncePerRequestFilter.java:116)
	at org.springframework.test.web.servlet.setup.MockMvcFilterDecorator.doFilter(MockMvcFilterDecorator.java:162)
	at org.springframework.mock.web.MockFilterChain.doFilter(MockFilterChain.java:132)
	at org.springframework.web.filter.ServerHttpObservationFilter.doFilterInternal(ServerHttpObservationFilter.java:114)
	at org.springframework.web.filter.OncePerRequestFilter.doFilter(OncePerRequestFilter.java:116)
	at org.springframework.test.web.servlet.setup.MockMvcFilterDecorator.doFilter(MockMvcFilterDecorator.java:162)
	at org.springframework.mock.web.MockFilterChain.doFilter(MockFilterChain.java:132)
	at io.sentry.spring.jakarta.tracing.SentryTracingFilter.doFilterInternal(SentryTracingFilter.java:91)
	at org.springframework.web.filter.OncePerRequestFilter.doFilter(OncePerRequestFilter.java:116)
	at org.springframework.test.web.servlet.setup.MockMvcFilterDecorator.doFilter(MockMvcFilterDecorator.java:162)
	at org.springframework.mock.web.MockFilterChain.doFilter(MockFilterChain.java:132)
	at org.springframework.web.filter.CharacterEncodingFilter.doFilterInternal(CharacterEncodingFilter.java:201)
	at org.springframework.web.filter.OncePerRequestFilter.doFilter(OncePerRequestFilter.java:116)
	at org.springframework.test.web.servlet.setup.MockMvcFilterDecorator.doFilter(MockMvcFilterDecorator.java:162)
	at org.springframework.mock.web.MockFilterChain.doFilter(MockFilterChain.java:132)
	at io.sentry.spring.jakarta.SentrySpringFilter.doFilterInternal(SentrySpringFilter.java:76)
	at org.springframework.web.filter.OncePerRequestFilter.doFilter(OncePerRequestFilter.java:116)
	at org.springframework.test.web.servlet.setup.MockMvcFilterDecorator.doFilter(MockMvcFilterDecorator.java:162)
	at org.springframework.mock.web.MockFilterChain.doFilter(MockFilterChain.java:132)
	at org.springframework.test.web.servlet.MockMvc.perform(MockMvc.java:201)
	at de.tum.cit.aet.artemis.core.util.RequestUtilService.performMvcRequest(RequestUtilService.java:79)
	at de.tum.cit.aet.artemis.core.util.RequestUtilService.postWithResponseBodyString(RequestUtilService.java:351)
	at de.tum.cit.aet.artemis.core.util.RequestUtilService.postWithResponseBodyString(RequestUtilService.java:318)
	at de.tum.cit.aet.artemis.core.util.RequestUtilService.postWithResponseBody(RequestUtilService.java:290)
	at de.tum.cit.aet.artemis.core.util.RequestUtilService.postWithResponseBody(RequestUtilService.java:363)
	at de.tum.cit.aet.artemis.core.util.RequestUtilService.postWithResponseBody(RequestUtilService.java:375)
	at de.tum.cit.aet.artemis.communication.ReactionIntegrationTest.testCreateMultipleOwnPostReaction_internalServerError(ReactionIntegrationTest.java:188)
	at java.base/jdk.internal.reflect.DirectMethodHandleAccessor.invoke(DirectMethodHandleAccessor.java:103)
	at java.base/java.lang.reflect.Method.invoke(Method.java:580)
	at org.junit.platform.commons.util.ReflectionUtils.invokeMethod(ReflectionUtils.java:767)
	at org.junit.jupiter.engine.execution.MethodInvocation.proceed(MethodInvocation.java:60)
	at org.junit.jupiter.engine.execution.InvocationInterceptorChain$ValidatingInvocation.proceed(InvocationInterceptorChain.java:131)
	at org.junit.jupiter.engine.extension.TimeoutExtension.intercept(TimeoutExtension.java:156)
	at org.junit.jupiter.engine.extension.TimeoutExtension.interceptTestableMethod(TimeoutExtension.java:147)
	at org.junit.jupiter.engine.extension.TimeoutExtension.interceptTestMethod(TimeoutExtension.java:86)
	at org.junit.jupiter.engine.execution.InterceptingExecutableInvoker$ReflectiveInterceptorCall.lambda$ofVoidMethod$0(InterceptingExecutableInvoker.java:103)
	at org.junit.jupiter.engine.execution.InterceptingExecutableInvoker.lambda$invoke$0(InterceptingExecutableInvoker.java:93)
	at org.junit.jupiter.engine.execution.InvocationInterceptorChain$InterceptedInvocation.proceed(InvocationInterceptorChain.java:106)
	at org.junit.jupiter.engine.execution.InvocationInterceptorChain.proceed(InvocationInterceptorChain.java:64)
	at org.junit.jupiter.engine.execution.InvocationInterceptorChain.chainAndInvoke(InvocationInterceptorChain.java:45)
	at org.junit.jupiter.engine.execution.InvocationInterceptorChain.invoke(InvocationInterceptorChain.java:37)
	at org.junit.jupiter.engine.execution.InterceptingExecutableInvoker.invoke(InterceptingExecutableInvoker.java:92)
	at org.junit.jupiter.engine.execution.InterceptingExecutableInvoker.invoke(InterceptingExecutableInvoker.java:86)
	at org.junit.jupiter.engine.descriptor.TestMethodTestDescriptor.lambda$invokeTestMethod$8(TestMethodTestDescriptor.java:217)
	at org.junit.platform.engine.support.hierarchical.ThrowableCollector.execute(ThrowableCollector.java:73)
	at org.junit.jupiter.engine.descriptor.TestMethodTestDescriptor.invokeTestMethod(TestMethodTestDescriptor.java:213)
	at org.junit.jupiter.engine.descriptor.TestMethodTestDescriptor.execute(TestMethodTestDescriptor.java:138)
	at org.junit.jupiter.engine.descriptor.TestMethodTestDescriptor.execute(TestMethodTestDescriptor.java:68)
	at org.junit.platform.engine.support.hierarchical.NodeTestTask.lambda$executeRecursively$6(NodeTestTask.java:156)
	at org.junit.platform.engine.support.hierarchical.ThrowableCollector.execute(ThrowableCollector.java:73)
	at org.junit.platform.engine.support.hierarchical.NodeTestTask.lambda$executeRecursively$8(NodeTestTask.java:146)
	at org.junit.platform.engine.support.hierarchical.Node.around(Node.java:137)
	at org.junit.platform.engine.support.hierarchical.NodeTestTask.lambda$executeRecursively$9(NodeTestTask.java:144)
	at org.junit.platform.engine.support.hierarchical.ThrowableCollector.execute(ThrowableCollector.java:73)
	at org.junit.platform.engine.support.hierarchical.NodeTestTask.executeRecursively(NodeTestTask.java:143)
	at org.junit.platform.engine.support.hierarchical.NodeTestTask.execute(NodeTestTask.java:100)
	at org.junit.platform.engine.support.hierarchical.ForkJoinPoolHierarchicalTestExecutorService$ExclusiveTask.exec(ForkJoinPoolHierarchicalTestExecutorService.java:274)
	at org.junit.platform.engine.support.hierarchical.ForkJoinPoolHierarchicalTestExecutorService$ExclusiveTask.execSync(ForkJoinPoolHierarchicalTestExecutorService.java:247)
	at org.junit.platform.engine.support.hierarchical.ForkJoinPoolHierarchicalTestExecutorService.executeSync(ForkJoinPoolHierarchicalTestExecutorService.java:194)
	at org.junit.platform.engine.support.hierarchical.ForkJoinPoolHierarchicalTestExecutorService.invokeAll(ForkJoinPoolHierarchicalTestExecutorService.java:166)
	at org.junit.platform.engine.support.hierarchical.NodeTestTask.lambda$executeRecursively$6(NodeTestTask.java:160)
	at org.junit.platform.engine.support.hierarchical.ThrowableCollector.execute(ThrowableCollector.java:73)
	at org.junit.platform.engine.support.hierarchical.NodeTestTask.lambda$executeRecursively$8(NodeTestTask.java:146)
	at org.junit.platform.engine.support.hierarchical.Node.around(Node.java:137)
	at org.junit.platform.engine.support.hierarchical.NodeTestTask.lambda$executeRecursively$9(NodeTestTask.java:144)
	at org.junit.platform.engine.support.hierarchical.ThrowableCollector.execute(ThrowableCollector.java:73)
	at org.junit.platform.engine.support.hierarchical.NodeTestTask.executeRecursively(NodeTestTask.java:143)
	at org.junit.platform.engine.support.hierarchical.NodeTestTask.execute(NodeTestTask.java:100)
	at org.junit.platform.engine.support.hierarchical.ForkJoinPoolHierarchicalTestExecutorService$ExclusiveTask.exec(ForkJoinPoolHierarchicalTestExecutorService.java:274)
	at java.base/java.util.concurrent.ForkJoinTask.doExec(ForkJoinTask.java:387)
	at java.base/java.util.concurrent.ForkJoinPool$WorkQueue.topLevelExec(ForkJoinPool.java:1312)
	at java.base/java.util.concurrent.ForkJoinPool.scan(ForkJoinPool.java:1843)
	at java.base/java.util.concurrent.ForkJoinPool.runWorker(ForkJoinPool.java:1808)
	at java.base/java.util.concurrent.ForkJoinWorkerThread.run(ForkJoinWorkerThread.java:188)
Caused by: org.hibernate.exception.ConstraintViolationException: could not execute statement [Unique index or primary key violation: "PUBLIC.UNIQUE_POST_REACTION ON PUBLIC.REACTION(EMOJI_ID NULLS FIRST, USER_ID NULLS FIRST, POST_ID NULLS FIRST) VALUES ( /* key:41 */ 'smiley', CAST(204 AS BIGINT), CAST(3265 AS BIGINT))"; SQL statement:
insert into reaction (answer_post_id,creation_date,emoji_id,post_id,user_id,id) values (?,?,?,?,?,default) [23505-224]] [insert into reaction (answer_post_id,creation_date,emoji_id,post_id,user_id,id) values (?,?,?,?,?,default)]
	at org.hibernate.exception.internal.SQLExceptionTypeDelegate.convert(SQLExceptionTypeDelegate.java:62)
	at org.hibernate.exception.internal.StandardSQLExceptionConverter.convert(StandardSQLExceptionConverter.java:58)
	at org.hibernate.engine.jdbc.spi.SqlExceptionHelper.convert(SqlExceptionHelper.java:108)
	at org.hibernate.engine.jdbc.internal.ResultSetReturnImpl.executeUpdate(ResultSetReturnImpl.java:197)
	at org.hibernate.id.insert.GetGeneratedKeysDelegate.performInsert(GetGeneratedKeysDelegate.java:107)
	at org.hibernate.engine.jdbc.mutation.internal.MutationExecutorPostInsertSingleTable.execute(MutationExecutorPostInsertSingleTable.java:100)
	at org.hibernate.persister.entity.mutation.InsertCoordinator.doStaticInserts(InsertCoordinator.java:175)
	at org.hibernate.persister.entity.mutation.InsertCoordinator.coordinateInsert(InsertCoordinator.java:113)
	at org.hibernate.persister.entity.AbstractEntityPersister.insert(AbstractEntityPersister.java:2862)
	at org.hibernate.action.internal.EntityIdentityInsertAction.execute(EntityIdentityInsertAction.java:81)
	at org.hibernate.engine.spi.ActionQueue.execute(ActionQueue.java:670)
	at org.hibernate.engine.spi.ActionQueue.addResolvedEntityInsertAction(ActionQueue.java:291)
	at org.hibernate.engine.spi.ActionQueue.addInsertAction(ActionQueue.java:272)
	at org.hibernate.engine.spi.ActionQueue.addAction(ActionQueue.java:322)
	at org.hibernate.event.internal.AbstractSaveEventListener.addInsertAction(AbstractSaveEventListener.java:388)
	at org.hibernate.event.internal.AbstractSaveEventListener.performSaveOrReplicate(AbstractSaveEventListener.java:302)
	at org.hibernate.event.internal.AbstractSaveEventListener.performSave(AbstractSaveEventListener.java:221)
	at org.hibernate.event.internal.AbstractSaveEventListener.saveWithGeneratedId(AbstractSaveEventListener.java:135)
	at org.hibernate.event.internal.DefaultPersistEventListener.entityIsTransient(DefaultPersistEventListener.java:175)
	at org.hibernate.event.internal.DefaultPersistEventListener.persist(DefaultPersistEventListener.java:93)
	at org.hibernate.event.internal.DefaultPersistEventListener.onPersist(DefaultPersistEventListener.java:77)
	at org.hibernate.event.internal.DefaultPersistEventListener.onPersist(DefaultPersistEventListener.java:54)
	at org.hibernate.event.service.internal.EventListenerGroupImpl.fireEventOnEachListener(EventListenerGroupImpl.java:127)
	at org.hibernate.internal.SessionImpl.firePersist(SessionImpl.java:758)
	at org.hibernate.internal.SessionImpl.persist(SessionImpl.java:742)
	at java.base/jdk.internal.reflect.DirectMethodHandleAccessor.invoke(DirectMethodHandleAccessor.java:103)
	at java.base/java.lang.reflect.Method.invoke(Method.java:580)
	at org.springframework.orm.jpa.SharedEntityManagerCreator$SharedEntityManagerInvocationHandler.invoke(SharedEntityManagerCreator.java:320)
	at jdk.proxy3/jdk.proxy3.$Proxy319.persist(Unknown Source)
	at org.springframework.data.jpa.repository.support.SimpleJpaRepository.save(SimpleJpaRepository.java:627)
	at java.base/jdk.internal.reflect.DirectMethodHandleAccessor.invoke(DirectMethodHandleAccessor.java:103)
	at java.base/java.lang.reflect.Method.invoke(Method.java:580)
	at org.springframework.aop.support.AopUtils.invokeJoinpointUsingReflection(AopUtils.java:359)
	at org.springframework.data.repository.core.support.RepositoryMethodInvoker$RepositoryFragmentMethodInvoker.lambda$new$0(RepositoryMethodInvoker.java:277)
	at org.springframework.data.repository.core.support.RepositoryMethodInvoker.doInvoke(RepositoryMethodInvoker.java:170)
	at org.springframework.data.repository.core.support.RepositoryMethodInvoker.invoke(RepositoryMethodInvoker.java:158)
	at org.springframework.data.repository.core.support.RepositoryComposition$RepositoryFragments.invoke(RepositoryComposition.java:515)
	at org.springframework.data.repository.core.support.RepositoryComposition.invoke(RepositoryComposition.java:284)
	at org.springframework.data.repository.core.support.RepositoryFactorySupport$ImplementationMethodExecutionInterceptor.invoke(RepositoryFactorySupport.java:752)
	at org.springframework.aop.framework.ReflectiveMethodInvocation.proceed(ReflectiveMethodInvocation.java:184)
	at org.springframework.data.repository.core.support.QueryExecutorMethodInterceptor.doInvoke(QueryExecutorMethodInterceptor.java:174)
	at org.springframework.data.repository.core.support.QueryExecutorMethodInterceptor.invoke(QueryExecutorMethodInterceptor.java:149)
	at org.springframework.aop.framework.ReflectiveMethodInvocation.proceed(ReflectiveMethodInvocation.java:184)
	at org.springframework.data.projection.DefaultMethodInvokingMethodInterceptor.invoke(DefaultMethodInvokingMethodInterceptor.java:69)
	at org.springframework.aop.framework.ReflectiveMethodInvocation.proceed(ReflectiveMethodInvocation.java:184)
	at org.springframework.transaction.interceptor.TransactionAspectSupport.invokeWithinTransaction(TransactionAspectSupport.java:380)
	at org.springframework.transaction.interceptor.TransactionInterceptor.invoke(TransactionInterceptor.java:119)
	at org.springframework.aop.framework.ReflectiveMethodInvocation.proceed(ReflectiveMethodInvocation.java:184)
	at org.springframework.dao.support.PersistenceExceptionTranslationInterceptor.invoke(PersistenceExceptionTranslationInterceptor.java:138)
	... 233 common frames omitted
Caused by: org.h2.jdbc.JdbcSQLIntegrityConstraintViolationException: Unique index or primary key violation: "PUBLIC.UNIQUE_POST_REACTION ON PUBLIC.REACTION(EMOJI_ID NULLS FIRST, USER_ID NULLS FIRST, POST_ID NULLS FIRST) VALUES ( /* key:41 */ 'smiley', CAST(204 AS BIGINT), CAST(3265 AS BIGINT))"; SQL statement:
insert into reaction (answer_post_id,creation_date,emoji_id,post_id,user_id,id) values (?,?,?,?,?,default) [23505-224]
	at org.h2.message.DbException.getJdbcSQLException(DbException.java:520)
	at org.h2.message.DbException.getJdbcSQLException(DbException.java:489)
	at org.h2.message.DbException.get(DbException.java:223)
	at org.h2.message.DbException.get(DbException.java:199)
	at org.h2.index.Index.getDuplicateKeyException(Index.java:527)
	at org.h2.mvstore.db.MVSecondaryIndex.checkUnique(MVSecondaryIndex.java:223)
	at org.h2.mvstore.db.MVSecondaryIndex.add(MVSecondaryIndex.java:184)
	at org.h2.mvstore.db.MVTable.addRow(MVTable.java:519)
	at org.h2.command.dml.Insert.insertRows(Insert.java:174)
	at org.h2.command.dml.Insert.update(Insert.java:135)
	at org.h2.command.CommandContainer.executeUpdateWithGeneratedKeys(CommandContainer.java:242)
	at org.h2.command.CommandContainer.update(CommandContainer.java:163)
	at org.h2.command.Command.executeUpdate(Command.java:256)
	at org.h2.jdbc.JdbcPreparedStatement.executeUpdateInternal(JdbcPreparedStatement.java:216)
	at org.h2.jdbc.JdbcPreparedStatement.executeUpdate(JdbcPreparedStatement.java:174)
	at org.hibernate.engine.jdbc.internal.ResultSetReturnImpl.executeUpdate(ResultSetReturnImpl.java:194)
	... 278 common frames omitted

Finished logs for ReactionIntegrationTest

Starting logs for IrisSettingsIntegrationTest

  Starting logs for IrisSettingsIntegrationTest > getMissingSettingsForProgrammingExercise()
    23:44:04.572 | 409 ool-1-worker-173 | DEBUG | d.t.c.a.a.c.u.util.UserUtilService   : Generate 1 students...
    23:44:04.574 | 409 ool-1-worker-173 | DEBUG | d.t.c.a.a.c.u.util.UserUtilService   : 1 students generated. Generate 0 tutors...
    23:44:04.578 | 409 ool-1-worker-173 | DEBUG | d.t.c.a.a.c.u.util.UserUtilService   : 0 tutors generated. Generate 0 editors...
    23:44:04.584 | 409 ool-1-worker-173 | DEBUG | d.t.c.a.a.c.u.util.UserUtilService   : 0 editors generated. Generate 1 instructors...
    23:44:04.588 | 409 ool-1-worker-173 | DEBUG | d.t.c.a.a.c.u.util.UserUtilService   : 1 instructors generated
    23:44:04.592 | 409 ool-1-worker-173 | DEBUG | d.t.c.a.a.c.u.util.UserUtilService   : Removing 3 users from all courses...
    23:44:04.593 | 409 ool-1-worker-173 | DEBUG | d.t.c.a.a.c.u.util.UserUtilService   : Removing 3 users from all courses. Done
    23:44:04.593 | 409 ool-1-worker-173 | DEBUG | d.t.c.a.a.c.u.util.UserUtilService   : Save 2 users to database...
    23:44:04.594 | 409 ool-1-worker-173 | DEBUG | d.t.c.a.a.c.u.util.UserUtilService   : Save 2 users to database. Done
    23:44:04.626 | 409 ool-1-worker-173 | INFO  | i.z.t.d.l.EmbeddedDatabaseReporter   : JDBC URL to connect to 'dataSource': url='jdbc:h2:tcp://localhost:41063/mem:f240edcd-27ce-47a3-b4ab-a6a00c154135;USER=sa', scope='IrisSettingsIntegrationTest#getMissingSettingsForProgrammingExercise'
    23:44:04.630 | 409 ool-1-worker-173 | DEBUG | d.t.c.a.a.c.s.f.ApiVersionFilter     : Adding Version to Request GET /api/exercises/612/raw-iris-settings
    23:44:04.648 | 409 ool-1-worker-173 | DEBUG | d.t.c.a.a.c.s.f.ApiVersionFilter     : Adding Version to Request GET /api/exercises/612/iris-settings

  Starting logs for IrisSettingsIntegrationTest > getProgrammingExerciseSettingsAsUser()
    23:44:04.701 | 409 ool-1-worker-173 | DEBUG | d.t.c.a.a.c.u.util.UserUtilService   : Generate 1 students...
    23:44:04.704 | 409 ool-1-worker-173 | DEBUG | d.t.c.a.a.c.u.util.UserUtilService   : 1 students generated. Generate 0 tutors...
    23:44:04.705 | 409 ool-1-worker-173 | DEBUG | d.t.c.a.a.c.u.util.UserUtilService   : 0 tutors generated. Generate 0 editors...
    23:44:04.707 | 409 ool-1-worker-173 | DEBUG | d.t.c.a.a.c.u.util.UserUtilService   : 0 editors generated. Generate 1 instructors...
    23:44:04.710 | 409 ool-1-worker-173 | DEBUG | d.t.c.a.a.c.u.util.UserUtilService   : 1 instructors generated
    23:44:04.711 | 409 ool-1-worker-173 | DEBUG | d.t.c.a.a.c.u.util.UserUtilService   : Removing 2 users from all courses...
    23:44:04.712 | 409 ool-1-worker-173 | DEBUG | d.t.c.a.a.c.u.util.UserUtilService   : Removing 2 users from all courses. Done
    23:44:04.712 | 409 ool-1-worker-173 | DEBUG | d.t.c.a.a.c.u.util.UserUtilService   : Save 2 users to database...
    23:44:04.716 | 409 ool-1-worker-173 | DEBUG | d.t.c.a.a.c.u.util.UserUtilService   : Save 2 users to database. Done
    23:44:04.742 | 409 ool-1-worker-173 | INFO  | i.z.t.d.l.EmbeddedDatabaseReporter   : JDBC URL to connect to 'dataSource': url='jdbc:h2:tcp://localhost:41063/mem:f240edcd-27ce-47a3-b4ab-a6a00c154135;USER=sa', scope='IrisSettingsIntegrationTest#getProgrammingExerciseSettingsAsUser'
    23:44:04.747 | 409 ool-1-worker-173 | DEBUG | d.t.c.a.a.c.s.f.ApiVersionFilter     : Adding Version to Request GET /api/exercises/614/raw-iris-settings
    23:44:04.748 | 409 ool-1-worker-173 | WARN  | o.z.p.spring.common.AdviceTraits     : Forbidden: Access Denied
    23:44:04.750 | 409 ool-1-worker-173 | DEBUG | d.t.c.a.a.c.s.f.ApiVersionFilter     : Adding Version to Request GET /api/exercises/614/iris-settings

  Starting logs for IrisSettingsIntegrationTest > updateProgrammingExerciseSettings1()
    23:44:04.790 | 409 ool-1-worker-173 | DEBUG | d.t.c.a.a.c.u.util.UserUtilService   : Generate 1 students...
    23:44:04.793 | 409 ool-1-worker-173 | DEBUG | d.t.c.a.a.c.u.util.UserUtilService   : 1 students generated. Generate 0 tutors...
    23:44:04.794 | 409 ool-1-worker-173 | DEBUG | d.t.c.a.a.c.u.util.UserUtilService   : 0 tutors generated. Generate 0 editors...
    23:44:04.796 | 409 ool-1-worker-173 | DEBUG | d.t.c.a.a.c.u.util.UserUtilService   : 0 editors generated. Generate 1 instructors...
    23:44:04.798 | 409 ool-1-worker-173 | DEBUG | d.t.c.a.a.c.u.util.UserUtilService   : 1 instructors generated
    23:44:04.799 | 409 ool-1-worker-173 | DEBUG | d.t.c.a.a.c.u.util.UserUtilService   : Removing 2 users from all courses...
    23:44:04.800 | 409 ool-1-worker-173 | DEBUG | d.t.c.a.a.c.u.util.UserUtilService   : Removing 2 users from all courses. Done
    23:44:04.800 | 409 ool-1-worker-173 | DEBUG | d.t.c.a.a.c.u.util.UserUtilService   : Save 2 users to database...
    23:44:04.802 | 409 ool-1-worker-173 | DEBUG | d.t.c.a.a.c.u.util.UserUtilService   : Save 2 users to database. Done
    23:44:04.827 | 409 ool-1-worker-173 | INFO  | i.z.t.d.l.EmbeddedDatabaseReporter   : JDBC URL to connect to 'dataSource': url='jdbc:h2:tcp://localhost:41063/mem:f240edcd-27ce-47a3-b4ab-a6a00c154135;USER=sa', scope='IrisSettingsIntegrationTest#updateProgrammingExerciseSettings1'
    23:44:04.831 | 409 ool-1-worker-173 | DEBUG | d.t.c.a.a.c.s.f.ApiVersionFilter     : Adding Version to Request GET /api/exercises/616/raw-iris-settings
    23:44:04.837 | 409 ool-1-worker-173 | DEBUG | d.t.c.a.a.c.s.f.ApiVersionFilter     : Adding Version to Request PUT /api/exercises/616/raw-iris-settings
    23:44:04.848 | 409 ool-1-worker-173 | DEBUG | d.t.c.a.a.c.s.f.ApiVersionFilter     : Adding Version to Request GET /api/exercises/616/raw-iris-settings

  Starting logs for IrisSettingsIntegrationTest > updateProgrammingExerciseSettings2()
    23:44:04.864 | 614 taskScheduler-3  | DEBUG | a.a.b.s.SharedQueueProcessingService : Currently processing jobs on this node: 0, active threads in Pool: 0, maximum pool size of thread executor : 1
    23:44:04.867 | 409 ool-1-worker-173 | DEBUG | d.t.c.a.a.c.u.util.UserUtilService   : Generate 1 students...
    23:44:04.870 | 409 ool-1-worker-173 | DEBUG | d.t.c.a.a.c.u.util.UserUtilService   : 1 students generated. Generate 0 tutors...
    23:44:04.872 | 409 ool-1-worker-173 | DEBUG | d.t.c.a.a.c.u.util.UserUtilService   : 0 tutors generated. Generate 0 editors...
    23:44:04.873 | 409 ool-1-worker-173 | DEBUG | d.t.c.a.a.c.u.util.UserUtilService   : 0 editors generated. Generate 1 instructors...
    23:44:04.876 | 409 ool-1-worker-173 | DEBUG | d.t.c.a.a.c.u.util.UserUtilService   : 1 instructors generated
    23:44:04.877 | 409 ool-1-worker-173 | DEBUG | d.t.c.a.a.c.u.util.UserUtilService   : Removing 2 users from all courses...
    23:44:04.877 | 409 ool-1-worker-173 | DEBUG | d.t.c.a.a.c.u.util.UserUtilService   : Removing 2 users from all courses. Done
    23:44:04.877 | 409 ool-1-worker-173 | DEBUG | d.t.c.a.a.c.u.util.UserUtilService   : Save 2 users to database...
    23:44:04.880 | 409 ool-1-worker-173 | DEBUG | d.t.c.a.a.c.u.util.UserUtilService   : Save 2 users to database. Done
    23:44:04.906 | 409 ool-1-worker-173 | INFO  | i.z.t.d.l.EmbeddedDatabaseReporter   : JDBC URL to connect to 'dataSource': url='jdbc:h2:tcp://localhost:41063/mem:f240edcd-27ce-47a3-b4ab-a6a00c154135;USER=sa', scope='IrisSettingsIntegrationTest#updateProgrammingExerciseSettings2'
    23:44:04.911 | 409 ool-1-worker-173 | DEBUG | d.t.c.a.a.c.s.f.ApiVersionFilter     : Adding Version to Request GET /api/exercises/618/raw-iris-settings
    23:44:04.915 | 409 ool-1-worker-173 | DEBUG | d.t.c.a.a.c.s.f.ApiVersionFilter     : Adding Version to Request PUT /api/exercises/618/raw-iris-settings
    23:44:04.923 | 409 ool-1-worker-173 | DEBUG | d.t.c.a.a.c.s.f.ApiVersionFilter     : Adding Version to Request GET /api/exercises/618/raw-iris-settings

  Starting logs for IrisSettingsIntegrationTest > updateProgrammingExerciseSettings3()
    23:44:04.945 | 409 ool-1-worker-173 | DEBUG | d.t.c.a.a.c.u.util.UserUtilService   : Generate 1 students...
    23:44:04.947 | 409 ool-1-worker-173 | DEBUG | d.t.c.a.a.c.u.util.UserUtilService   : 1 students generated. Generate 0 tutors...
    23:44:04.949 | 409 ool-1-worker-173 | DEBUG | d.t.c.a.a.c.u.util.UserUtilService   : 0 tutors generated. Generate 0 editors...
    23:44:04.950 | 409 ool-1-worker-173 | DEBUG | d.t.c.a.a.c.u.util.UserUtilService   : 0 editors generated. Generate 1 instructors...
    23:44:04.953 | 409 ool-1-worker-173 | DEBUG | d.t.c.a.a.c.u.util.UserUtilService   : 1 instructors generated
    23:44:04.954 | 409 ool-1-worker-173 | DEBUG | d.t.c.a.a.c.u.util.UserUtilService   : Removing 2 users from all courses...
    23:44:04.954 | 409 ool-1-worker-173 | DEBUG | d.t.c.a.a.c.u.util.UserUtilService   : Removing 2 users from all courses. Done
    23:44:04.954 | 409 ool-1-worker-173 | DEBUG | d.t.c.a.a.c.u.util.UserUtilService   : Save 2 users to database...
    23:44:04.957 | 409 ool-1-worker-173 | DEBUG | d.t.c.a.a.c.u.util.UserUtilService   : Save 2 users to database. Done
    23:44:04.981 | 409 ool-1-worker-173 | INFO  | i.z.t.d.l.EmbeddedDatabaseReporter   : JDBC URL to connect to 'dataSource': url='jdbc:h2:tcp://localhost:41063/mem:f240edcd-27ce-47a3-b4ab-a6a00c154135;USER=sa', scope='IrisSettingsIntegrationTest#updateProgrammingExerciseSettings3'
    23:44:04.985 | 409 ool-1-worker-173 | DEBUG | d.t.c.a.a.c.s.f.ApiVersionFilter     : Adding Version to Request PUT /api/exercises/620/raw-iris-settings
    23:44:04.991 | 409 ool-1-worker-173 | DEBUG | d.t.c.a.a.c.s.f.ApiVersionFilter     : Adding Version to Request GET /api/exercises/620/raw-iris-settings

  Starting logs for IrisSettingsIntegrationTest > updateProgrammingExerciseSettings4()
    23:44:05.012 | 409 ool-1-worker-173 | DEBUG | d.t.c.a.a.c.u.util.UserUtilService   : Generate 1 students...
    23:44:05.015 | 409 ool-1-worker-173 | DEBUG | d.t.c.a.a.c.u.util.UserUtilService   : 1 students generated. Generate 0 tutors...
    23:44:05.016 | 409 ool-1-worker-173 | DEBUG | d.t.c.a.a.c.u.util.UserUtilService   : 0 tutors generated. Generate 0 editors...
    23:44:05.018 | 409 ool-1-worker-173 | DEBUG | d.t.c.a.a.c.u.util.UserUtilService   : 0 editors generated. Generate 1 instructors...
    23:44:05.024 | 409 ool-1-worker-173 | DEBUG | d.t.c.a.a.c.u.util.UserUtilService   : 1 instructors generated
    23:44:05.029 | 409 ool-1-worker-173 | DEBUG | d.t.c.a.a.c.u.util.UserUtilService   : Removing 2 users from all courses...
    23:44:05.029 | 409 ool-1-worker-173 | DEBUG | d.t.c.a.a.c.u.util.UserUtilService   : Removing 2 users from all courses. Done
    23:44:05.029 | 409 ool-1-worker-173 | DEBUG | d.t.c.a.a.c.u.util.UserUtilService   : Save 2 users to database...
    23:44:05.033 | 409 ool-1-worker-173 | DEBUG | d.t.c.a.a.c.u.util.UserUtilService   : Save 2 users to database. Done
    23:44:05.073 | 409 ool-1-worker-173 | INFO  | i.z.t.d.l.EmbeddedDatabaseReporter   : JDBC URL to connect to 'dataSource': url='jdbc:h2:tcp://localhost:41063/mem:f240edcd-27ce-47a3-b4ab-a6a00c154135;USER=sa', scope='IrisSettingsIntegrationTest#updateProgrammingExerciseSettings4'
    23:44:05.077 | 409 ool-1-worker-173 | DEBUG | d.t.c.a.a.c.s.f.ApiVersionFilter     : Adding Version to Request PUT /api/courses/396/raw-iris-settings
    23:44:05.088 | 409 ool-1-worker-173 | DEBUG | d.t.c.a.a.c.s.f.ApiVersionFilter     : Adding Version to Request GET /api/courses/396/raw-iris-settings
    23:44:05.097 | 409 ool-1-worker-173 | DEBUG | d.t.c.a.a.c.s.f.ApiVersionFilter     : Adding Version to Request PUT /api/exercises/622/raw-iris-settings
    23:44:05.108 | 409 ool-1-worker-173 | DEBUG | d.t.c.a.a.c.s.f.ApiVersionFilter     : Adding Version to Request GET /api/exercises/622/iris-settings

  Starting logs for IrisSettingsIntegrationTest > updateCourseSettingsCategories(List, List, boolean) [1] operations=[COURSE], categories=[[category1]], exerciseEnabled=false
    23:44:05.148 | 409 ool-1-worker-173 | DEBUG | d.t.c.a.a.c.u.util.UserUtilService   : Generate 1 students...
    23:44:05.151 | 409 ool-1-worker-173 | DEBUG | d.t.c.a.a.c.u.util.UserUtilService   : 1 students generated. Generate 0 tutors...
    23:44:05.152 | 409 ool-1-worker-173 | DEBUG | d.t.c.a.a.c.u.util.UserUtilService   : 0 tutors generated. Generate 0 editors...
    23:44:05.154 | 409 ool-1-worker-173 | DEBUG | d.t.c.a.a.c.u.util.UserUtilService   : 0 editors generated. Generate 1 instructors...
    23:44:05.156 | 409 ool-1-worker-173 | DEBUG | d.t.c.a.a.c.u.util.UserUtilService   : 1 instructors generated
    23:44:05.157 | 409 ool-1-worker-173 | DEBUG | d.t.c.a.a.c.u.util.UserUtilService   : Removing 2 users from all courses...
    23:44:05.158 | 409 ool-1-worker-173 | DEBUG | d.t.c.a.a.c.u.util.UserUtilService   : Removing 2 users from all courses. Done
    23:44:05.158 | 409 ool-1-worker-173 | DEBUG | d.t.c.a.a.c.u.util.UserUtilService   : Save 2 users to database...
    23:44:05.160 | 409 ool-1-worker-173 | DEBUG | d.t.c.a.a.c.u.util.UserUtilService   : Save 2 users to database. Done
    23:44:05.186 | 409 ool-1-worker-173 | INFO  | i.z.t.d.l.EmbeddedDatabaseReporter   : JDBC URL to connect to 'dataSource': url='jdbc:h2:tcp://localhost:41063/mem:f240edcd-27ce-47a3-b4ab-a6a00c154135;USER=sa', scope='IrisSettingsIntegrationTest#updateCourseSettingsCategories'
    23:44:05.191 | 409 ool-1-worker-173 | DEBUG | d.t.c.a.a.c.s.f.ApiVersionFilter     : Adding Version to Request GET /api/courses/397/raw-iris-settings
    23:44:05.200 | 409 ool-1-worker-173 | DEBUG | d.t.c.a.a.c.s.f.ApiVersionFilter     : Adding Version to Request PUT /api/courses/397/raw-iris-settings
    23:44:05.210 | 409 ool-1-worker-173 | DEBUG | d.t.c.a.a.c.s.f.ApiVersionFilter     : Adding Version to Request GET /api/exercises/624/raw-iris-settings
    23:44:05.214 | 409 ool-1-worker-173 | DEBUG | d.t.c.a.a.c.s.f.ApiVersionFilter     : Adding Version to Request GET /api/exercises/625/raw-iris-settings

  Starting logs for IrisSettingsIntegrationTest > updateCourseSettingsCategories(List, List, boolean) [2] operations=[COURSE, EXERCISE], categories=[[category1], [category1]], exerciseEnabled=true
    23:44:05.243 | 409 ool-1-worker-173 | DEBUG | d.t.c.a.a.c.u.util.UserUtilService   : Generate 1 students...
    23:44:05.251 | 409 ool-1-worker-173 | DEBUG | d.t.c.a.a.c.u.util.UserUtilService   : 1 students generated. Generate 0 tutors...
    23:44:05.252 | 409 ool-1-worker-173 | DEBUG | d.t.c.a.a.c.u.util.UserUtilService   : 0 tutors generated. Generate 0 editors...
    23:44:05.256 | 409 ool-1-worker-173 | DEBUG | d.t.c.a.a.c.u.util.UserUtilService   : 0 editors generated. Generate 1 instructors...
    23:44:05.269 | 409 ool-1-worker-173 | DEBUG | d.t.c.a.a.c.u.util.UserUtilService   : 1 instructors generated
    23:44:05.270 | 409 ool-1-worker-173 | DEBUG | d.t.c.a.a.c.u.util.UserUtilService   : Removing 2 users from all courses...
    23:44:05.275 | 409 ool-1-worker-173 | DEBUG | d.t.c.a.a.c.u.util.UserUtilService   : Removing 2 users from all courses. Done
    23:44:05.275 | 409 ool-1-worker-173 | DEBUG | d.t.c.a.a.c.u.util.UserUtilService   : Save 2 users to database...
    23:44:05.279 | 409 ool-1-worker-173 | DEBUG | d.t.c.a.a.c.u.util.UserUtilService   : Save 2 users to database. Done
    23:44:05.345 | 409 ool-1-worker-173 | INFO  | i.z.t.d.l.EmbeddedDatabaseReporter   : JDBC URL to connect to 'dataSource': url='jdbc:h2:tcp://localhost:41063/mem:f240edcd-27ce-47a3-b4ab-a6a00c154135;USER=sa', scope='IrisSettingsIntegrationTest#updateCourseSettingsCategories'
    23:44:05.359 | 409 ool-1-worker-173 | DEBUG | d.t.c.a.a.c.s.f.ApiVersionFilter     : Adding Version to Request GET /api/courses/398/raw-iris-settings
    23:44:05.371 | 409 ool-1-worker-173 | DEBUG | d.t.c.a.a.c.s.f.ApiVersionFilter     : Adding Version to Request PUT /api/courses/398/raw-iris-settings
    23:44:05.389 | 409 ool-1-worker-173 | DEBUG | d.t.c.a.a.c.s.f.ApiVersionFilter     : Adding Version to Request PUT /api/programming-exercises
    23:44:05.398 | 409 ool-1-worker-173 | DEBUG | .a.a.p.w.ProgrammingExerciseResource : REST request to update ProgrammingExercise : ProgrammingExercise{id=626, templateRepositoryUri='http://localhost:49152/git/SHORT9C2198AF00E1A048760A6450D0078C2EE56CTSTEXC/short9c2198af00e1a048760a6450d0078c2ee56ctstexc-exercise.git', solutionRepositoryUri='http://localhost:49152/git/SHORT9C2198AF00E1A048760A6450D0078C2EE56CTSTEXC/short9c2198af00e1a048760a6450d0078c2ee56ctstexc-solution.git', templateBuildPlanId='SHORT9C2198AF00E1A048760A6450D0078C2EE56CTSTEXC-BASE', solutionBuildPlanId='SHORT9C2198AF00E1A048760A6450D0078C2EE56CTSTEXC-SOLUTION', allowOnlineEditor='true', allowOnlineIde='false', programmingLanguage='JAVA', packageName='de.test'', testCasesChanged='false'}
    23:44:05.422 | 409 ool-1-worker-173 | INFO  | .c.s.m.InstanceMessageReceiveService : Received schedule update for programming exercise 626
    23:44:05.430 | 409 ool-1-worker-173 | DEBUG | t.c.a.a.e.s.ExerciseLifecycleService : Scheduled 1 Tasks for Exercise "Programming" (#626) to trigger on RELEASE.
    23:44:05.430 | 409 ool-1-worker-173 | DEBUG | s.ProgrammingExerciseScheduleService : Scheduled combining template commits before release date for Programming Exercise "Programming" (#626) for 2025-02-15T23:44:05.282287Z.
    23:44:05.430 | 409 ool-1-worker-173 | DEBUG | t.c.a.a.e.s.ExerciseLifecycleService : Scheduled Task for Exercise "Programming" (#626) to trigger on DUE.
    23:44:05.430 | 409 ool-1-worker-173 | DEBUG | s.ProgrammingExerciseScheduleService : Scheduled lock student repositories after due date for Programming Exercise 'Programming' (#626) for 2025-02-16T23:44:05.282289Z.
    23:44:05.430 | 409 ool-1-worker-173 | DEBUG | t.c.a.a.e.s.ExerciseLifecycleService : Scheduled Task for Exercise "Programming" (#626) to trigger on BUILD_AND_TEST_AFTER_DUE_DATE.
    23:44:05.430 | 409 ool-1-worker-173 | DEBUG | s.ProgrammingExerciseScheduleService : Scheduled build and test for student submissions after due date for Programming Exercise 'Programming' (#626) for 2025-02-19T23:44:05.282291Z.
    23:44:05.432 | 409 ool-1-worker-173 | INFO  | .c.s.m.InstanceMessageReceiveService : Received schedule update for potential Athena exercise 626
    23:44:05.439 | 409 ool-1-worker-173 | INFO  | d.t.c.a.a.e.service.ExerciseService  : User irissettingsintegrationinstructor1 has updated ProgrammingExercise Programming with id 626
    23:44:05.461 | 409 ool-1-worker-173 | DEBUG | d.t.c.a.a.c.s.f.ApiVersionFilter     : Adding Version to Request PUT /api/text-exercises
    23:44:05.461 | 409 ool-1-worker-173 | DEBUG | d.t.c.a.a.t.web.TextExerciseResource : REST request to update TextExercise : TextExercise{id=627, exampleSolution='This is my example solution'}
    23:44:05.482 | 409 ool-1-worker-173 | INFO  | d.t.c.a.a.e.service.ExerciseService  : User irissettingsintegrationinstructor1 has updated TextExercise ef221e26-2447-497e-b244-f134a24c5f2d with id 627
    23:44:05.482 | 409 ool-1-worker-173 | INFO  | .c.s.m.InstanceMessageReceiveService : Received schedule update for potential Athena exercise 627
    23:44:05.493 | 409 ool-1-worker-173 | DEBUG | d.t.c.a.a.c.s.f.ApiVersionFilter     : Adding Version to Request GET /api/exercises/626/raw-iris-settings
    23:44:05.501 | 409 ool-1-worker-173 | DEBUG | d.t.c.a.a.c.s.f.ApiVersionFilter     : Adding Version to Request GET /api/exercises/627/raw-iris-settings

  Starting logs for IrisSettingsIntegrationTest > updateCourseSettingsCategories(List, List, boolean) [3] operations=[EXERCISE, COURSE], categories=[[category1], [category1]], exerciseEnabled=true
    23:44:05.530 | 409 ool-1-worker-173 | DEBUG | d.t.c.a.a.c.u.util.UserUtilService   : Generate 1 students...
    23:44:05.535 | 409 ool-1-worker-173 | DEBUG | d.t.c.a.a.c.u.util.UserUtilService   : 1 students generated. Generate 0 tutors...
    23:44:05.537 | 409 ool-1-worker-173 | DEBUG | d.t.c.a.a.c.u.util.UserUtilService   : 0 tutors generated. Generate 0 editors...
    23:44:05.538 | 409 ool-1-worker-173 | DEBUG | d.t.c.a.a.c.u.util.UserUtilService   : 0 editors generated. Generate 1 instructors...
    23:44:05.541 | 409 ool-1-worker-173 | DEBUG | d.t.c.a.a.c.u.util.UserUtilService   : 1 instructors generated
    23:44:05.542 | 409 ool-1-worker-173 | DEBUG | d.t.c.a.a.c.u.util.UserUtilService   : Removing 2 users from all courses...
    23:44:05.542 | 409 ool-1-worker-173 | DEBUG | d.t.c.a.a.c.u.util.UserUtilService   : Removing 2 users from all courses. Done
    23:44:05.542 | 409 ool-1-worker-173 | DEBUG | d.t.c.a.a.c.u.util.UserUtilService   : Save 2 users to database...
    23:44:05.545 | 409 ool-1-worker-173 | DEBUG | d.t.c.a.a.c.u.util.UserUtilService   : Save 2 users to database. Done
    23:44:05.569 | 409 ool-1-worker-173 | INFO  | i.z.t.d.l.EmbeddedDatabaseReporter   : JDBC URL to connect to 'dataSource': url='jdbc:h2:tcp://localhost:41063/mem:f240edcd-27ce-47a3-b4ab-a6a00c154135;USER=sa', scope='IrisSettingsIntegrationTest#updateCourseSettingsCategories'
    23:44:05.574 | 409 ool-1-worker-173 | DEBUG | d.t.c.a.a.c.s.f.ApiVersionFilter     : Adding Version to Request PUT /api/programming-exercises
    23:44:05.575 | 409 ool-1-worker-173 | DEBUG | .a.a.p.w.ProgrammingExerciseResource : REST request to update ProgrammingExercise : ProgrammingExercise{id=628, templateRepositoryUri='http://localhost:49152/git/SHORT77CFA2500683D04DE808CD9007233E81BE46TSTEXC/short77cfa2500683d04de808cd9007233e81be46tstexc-exercise.git', solutionRepositoryUri='http://localhost:49152/git/SHORT77CFA2500683D04DE808CD9007233E81BE46TSTEXC/short77cfa2500683d04de808cd9007233e81be46tstexc-solution.git', templateBuildPlanId='SHORT77CFA2500683D04DE808CD9007233E81BE46TSTEXC-BASE', solutionBuildPlanId='SHORT77CFA2500683D04DE808CD9007233E81BE46TSTEXC-SOLUTION', allowOnlineEditor='true', allowOnlineIde='false', programmingLanguage='JAVA', packageName='de.test'', testCasesChanged='false'}
    23:44:05.584 | 409 ool-1-worker-173 | INFO  | .c.s.m.InstanceMessageReceiveService : Received schedule update for programming exercise 628
    23:44:05.585 | 409 ool-1-worker-173 | DEBUG | t.c.a.a.e.s.ExerciseLifecycleService : Scheduled 1 Tasks for Exercise "Programming" (#628) to trigger on RELEASE.
    23:44:05.585 | 409 ool-1-worker-173 | DEBUG | s.ProgrammingExerciseScheduleService : Scheduled combining template commits before release date for Programming Exercise "Programming" (#628) for 2025-02-15T23:44:05.545930Z.
    23:44:05.586 | 409 ool-1-worker-173 | DEBUG | t.c.a.a.e.s.ExerciseLifecycleService : Scheduled Task for Exercise "Programming" (#628) to trigger on DUE.
    23:44:05.586 | 409 ool-1-worker-173 | DEBUG | s.ProgrammingExerciseScheduleService : Scheduled lock student repositories after due date for Programming Exercise 'Programming' (#628) for 2025-02-16T23:44:05.545932Z.
    23:44:05.586 | 409 ool-1-worker-173 | DEBUG | t.c.a.a.e.s.ExerciseLifecycleService : Scheduled Task for Exercise "Programming" (#628) to trigger on BUILD_AND_TEST_AFTER_DUE_DATE.
    23:44:05.586 | 409 ool-1-worker-173 | DEBUG | s.ProgrammingExerciseScheduleService : Scheduled build and test for student submissions after due date for Programming Exercise 'Programming' (#628) for 2025-02-19T23:44:05.545934Z.
    23:44:05.587 | 409 ool-1-worker-173 | INFO  | .c.s.m.InstanceMessageReceiveService : Received schedule update for potential Athena exercise 628
    23:44:05.594 | 409 ool-1-worker-173 | INFO  | d.t.c.a.a.e.service.ExerciseService  : User irissettingsintegrationinstructor1 has updated ProgrammingExercise Programming with id 628
    23:44:05.597 | 409 ool-1-worker-173 | DEBUG | d.t.c.a.a.c.s.f.ApiVersionFilter     : Adding Version to Request PUT /api/text-exercises
    23:44:05.597 | 409 ool-1-worker-173 | DEBUG | d.t.c.a.a.t.web.TextExerciseResource : REST request to update TextExercise : TextExercise{id=629, exampleSolution='This is my example solution'}
    23:44:05.608 | 409 ool-1-worker-173 | INFO  | d.t.c.a.a.e.service.ExerciseService  : User irissettingsintegrationinstructor1 has updated TextExercise c7c74c45-a29d-456a-9e46-274f9a16d2f0 with id 629
    23:44:05.609 | 409 ool-1-worker-173 | INFO  | .c.s.m.InstanceMessageReceiveService : Received schedule update for potential Athena exercise 629
    23:44:05.617 | 409 ool-1-worker-173 | DEBUG | d.t.c.a.a.c.s.f.ApiVersionFilter     : Adding Version to Request GET /api/courses/399/raw-iris-settings
    23:44:05.791 | 409 ool-1-worker-173 | DEBUG | d.t.c.a.a.c.s.f.ApiVersionFilter     : Adding Version to Request PUT /api/courses/399/raw-iris-settings
    23:44:05.803 | 409 ool-1-worker-173 | DEBUG | d.t.c.a.a.c.s.f.ApiVersionFilter     : Adding Version to Request GET /api/exercises/628/raw-iris-settings
    23:44:05.808 | 409 ool-1-worker-173 | DEBUG | d.t.c.a.a.c.s.f.ApiVersionFilter     : Adding Version to Request GET /api/exercises/629/raw-iris-settings

  Starting logs for IrisSettingsIntegrationTest > updateCourseSettingsCategories(List, List, boolean) [4] operations=[EXERCISE], categories=[[category1]], exerciseEnabled=false
    23:44:05.830 | 409 ool-1-worker-173 | DEBUG | d.t.c.a.a.c.u.util.UserUtilService   : Generate 1 students...
    23:44:05.832 | 409 ool-1-worker-173 | DEBUG | d.t.c.a.a.c.u.util.UserUtilService   : 1 students generated. Generate 0 tutors...
    23:44:05.834 | 409 ool-1-worker-173 | DEBUG | d.t.c.a.a.c.u.util.UserUtilService   : 0 tutors generated. Generate 0 editors...
    23:44:05.835 | 409 ool-1-worker-173 | DEBUG | d.t.c.a.a.c.u.util.UserUtilService   : 0 editors generated. Generate 1 instructors...
    23:44:05.838 | 409 ool-1-worker-173 | DEBUG | d.t.c.a.a.c.u.util.UserUtilService   : 1 instructors generated
    23:44:05.839 | 409 ool-1-worker-173 | DEBUG | d.t.c.a.a.c.u.util.UserUtilService   : Removing 2 users from all courses...
    23:44:05.840 | 409 ool-1-worker-173 | DEBUG | d.t.c.a.a.c.u.util.UserUtilService   : Removing 2 users from all courses. Done
    23:44:05.840 | 409 ool-1-worker-173 | DEBUG | d.t.c.a.a.c.u.util.UserUtilService   : Save 2 users to database...
    23:44:05.843 | 409 ool-1-worker-173 | DEBUG | d.t.c.a.a.c.u.util.UserUtilService   : Save 2 users to database. Done
    23:44:05.867 | 409 ool-1-worker-173 | INFO  | i.z.t.d.l.EmbeddedDatabaseReporter   : JDBC URL to connect to 'dataSource': url='jdbc:h2:tcp://localhost:41063/mem:f240edcd-27ce-47a3-b4ab-a6a00c154135;USER=sa', scope='IrisSettingsIntegrationTest#updateCourseSettingsCategories'
    23:44:05.873 | 409 ool-1-worker-173 | DEBUG | d.t.c.a.a.c.s.f.ApiVersionFilter     : Adding Version to Request PUT /api/programming-exercises
    23:44:05.874 | 409 ool-1-worker-173 | DEBUG | .a.a.p.w.ProgrammingExerciseResource : REST request to update ProgrammingExercise : ProgrammingExercise{id=630, templateRepositoryUri='http://localhost:49152/git/SHORT3E68D9370657004B39091A004E8F95CD7A35TSTEXC/short3e68d9370657004b39091a004e8f95cd7a35tstexc-exercise.git', solutionRepositoryUri='http://localhost:49152/git/SHORT3E68D9370657004B39091A004E8F95CD7A35TSTEXC/short3e68d9370657004b39091a004e8f95cd7a35tstexc-solution.git', templateBuildPlanId='SHORT3E68D9370657004B39091A004E8F95CD7A35TSTEXC-BASE', solutionBuildPlanId='SHORT3E68D9370657004B39091A004E8F95CD7A35TSTEXC-SOLUTION', allowOnlineEditor='true', allowOnlineIde='false', programmingLanguage='JAVA', packageName='de.test'', testCasesChanged='false'}
    23:44:05.884 | 409 ool-1-worker-173 | INFO  | .c.s.m.InstanceMessageReceiveService : Received schedule update for programming exercise 630
    23:44:05.886 | 409 ool-1-worker-173 | DEBUG | t.c.a.a.e.s.ExerciseLifecycleService : Scheduled 1 Tasks for Exercise "Programming" (#630) to trigger on RELEASE.
    23:44:05.886 | 409 ool-1-worker-173 | DEBUG | s.ProgrammingExerciseScheduleService : Scheduled combining template commits before release date for Programming Exercise "Programming" (#630) for 2025-02-15T23:44:05.844189Z.
    23:44:05.886 | 409 ool-1-worker-173 | DEBUG | t.c.a.a.e.s.ExerciseLifecycleService : Scheduled Task for Exercise "Programming" (#630) to trigger on DUE.
    23:44:05.886 | 409 ool-1-worker-173 | DEBUG | s.ProgrammingExerciseScheduleService : Scheduled lock student repositories after due date for Programming Exercise 'Programming' (#630) for 2025-02-16T23:44:05.844191Z.
    23:44:05.886 | 409 ool-1-worker-173 | DEBUG | t.c.a.a.e.s.ExerciseLifecycleService : Scheduled Task for Exercise "Programming" (#630) to trigger on BUILD_AND_TEST_AFTER_DUE_DATE.
    23:44:05.886 | 409 ool-1-worker-173 | DEBUG | s.ProgrammingExerciseScheduleService : Scheduled build and test for student submissions after due date for Programming Exercise 'Programming' (#630) for 2025-02-19T23:44:05.844193Z.
    23:44:05.887 | 409 ool-1-worker-173 | INFO  | .c.s.m.InstanceMessageReceiveService : Received schedule update for potential Athena exercise 630
    23:44:05.890 | 409 ool-1-worker-173 | INFO  | d.t.c.a.a.e.service.ExerciseService  : User irissettingsintegrationinstructor1 has updated ProgrammingExercise Programming with id 630
    23:44:05.892 | 409 ool-1-worker-173 | DEBUG | d.t.c.a.a.c.s.f.ApiVersionFilter     : Adding Version to Request PUT /api/text-exercises
    23:44:05.893 | 409 ool-1-worker-173 | DEBUG | d.t.c.a.a.t.web.TextExerciseResource : REST request to update TextExercise : TextExercise{id=631, exampleSolution='This is my example solution'}
    23:44:05.902 | 409 ool-1-worker-173 | INFO  | d.t.c.a.a.e.service.ExerciseService  : User irissettingsintegrationinstructor1 has updated TextExercise 3587f7bb-e1e7-4cbc-9953-dce115d38b47 with id 631
    23:44:05.902 | 409 ool-1-worker-173 | INFO  | .c.s.m.InstanceMessageReceiveService : Received schedule update for potential Athena exercise 631
    23:44:05.907 | 409 ool-1-worker-173 | DEBUG | d.t.c.a.a.c.s.f.ApiVersionFilter     : Adding Version to Request GET /api/exercises/630/raw-iris-settings
    23:44:05.911 | 409 ool-1-worker-173 | DEBUG | d.t.c.a.a.c.s.f.ApiVersionFilter     : Adding Version to Request GET /api/exercises/631/raw-iris-settings

  Starting logs for IrisSettingsIntegrationTest > updateCourseSettingsCategories(List, List, boolean) [5] operations=[EXERCISE, COURSE, EXERCISE], categories=[[category1], [category1], []], exerciseEnabled=false
    23:44:05.942 | 409 ool-1-worker-173 | DEBUG | d.t.c.a.a.c.u.util.UserUtilService   : Generate 1 students...
    23:44:05.946 | 409 ool-1-worker-173 | DEBUG | d.t.c.a.a.c.u.util.UserUtilService   : 1 students generated. Generate 0 tutors...
    23:44:05.948 | 409 ool-1-worker-173 | DEBUG | d.t.c.a.a.c.u.util.UserUtilService   : 0 tutors generated. Generate 0 editors...
    23:44:05.949 | 409 ool-1-worker-173 | DEBUG | d.t.c.a.a.c.u.util.UserUtilService   : 0 editors generated. Generate 1 instructors...
    23:44:05.952 | 409 ool-1-worker-173 | DEBUG | d.t.c.a.a.c.u.util.UserUtilService   : 1 instructors generated
    23:44:05.953 | 409 ool-1-worker-173 | DEBUG | d.t.c.a.a.c.u.util.UserUtilService   : Removing 2 users from all courses...
    23:44:05.954 | 409 ool-1-worker-173 | DEBUG | d.t.c.a.a.c.u.util.UserUtilService   : Removing 2 users from all courses. Done
    23:44:05.954 | 409 ool-1-worker-173 | DEBUG | d.t.c.a.a.c.u.util.UserUtilService   : Save 2 users to database...
    23:44:05.956 | 409 ool-1-worker-173 | DEBUG | d.t.c.a.a.c.u.util.UserUtilService   : Save 2 users to database. Done
    23:44:05.982 | 409 ool-1-worker-173 | INFO  | i.z.t.d.l.EmbeddedDatabaseReporter   : JDBC URL to connect to 'dataSource': url='jdbc:h2:tcp://localhost:41063/mem:f240edcd-27ce-47a3-b4ab-a6a00c154135;USER=sa', scope='IrisSettingsIntegrationTest#updateCourseSettingsCategories'
    23:44:05.988 | 409 ool-1-worker-173 | DEBUG | d.t.c.a.a.c.s.f.ApiVersionFilter     : Adding Version to Request PUT /api/programming-exercises
    23:44:05.989 | 409 ool-1-worker-173 | DEBUG | .a.a.p.w.ProgrammingExerciseResource : REST request to update ProgrammingExercise : ProgrammingExercise{id=632, templateRepositoryUri='http://localhost:49152/git/SHORT40ABA4420A118046C20B3C305D4F41FC55F9TSTEXC/short40aba4420a118046c20b3c305d4f41fc55f9tstexc-exercise.git', solutionRepositoryUri='http://localhost:49152/git/SHORT40ABA4420A118046C20B3C305D4F41FC55F9TSTEXC/short40aba4420a118046c20b3c305d4f41fc55f9tstexc-solution.git', templateBuildPlanId='SHORT40ABA4420A118046C20B3C305D4F41FC55F9TSTEXC-BASE', solutionBuildPlanId='SHORT40ABA4420A118046C20B3C305D4F41FC55F9TSTEXC-SOLUTION', allowOnlineEditor='true', allowOnlineIde='false', programmingLanguage='JAVA', packageName='de.test'', testCasesChanged='false'}
    23:44:05.998 | 409 ool-1-worker-173 | INFO  | .c.s.m.InstanceMessageReceiveService : Received schedule update for programming exercise 632
    23:44:06.000 | 409 ool-1-worker-173 | DEBUG | t.c.a.a.e.s.ExerciseLifecycleService : Scheduled 1 Tasks for Exercise "Programming" (#632) to trigger on RELEASE.
    23:44:06.000 | 409 ool-1-worker-173 | DEBUG | s.ProgrammingExerciseScheduleService : Scheduled combining template commits before release date for Programming Exercise "Programming" (#632) for 2025-02-15T23:44:05.957687Z.
    23:44:06.000 | 409 ool-1-worker-173 | DEBUG | t.c.a.a.e.s.ExerciseLifecycleService : Scheduled Task for Exercise "Programming" (#632) to trigger on DUE.
    23:44:06.000 | 409 ool-1-worker-173 | DEBUG | s.ProgrammingExerciseScheduleService : Scheduled lock student repositories after due date for Programming Exercise 'Programming' (#632) for 2025-02-16T23:44:05.957688Z.
    23:44:06.000 | 409 ool-1-worker-173 | DEBUG | t.c.a.a.e.s.ExerciseLifecycleService : Scheduled Task for Exercise "Programming" (#632) to trigger on BUILD_AND_TEST_AFTER_DUE_DATE.
    23:44:06.000 | 409 ool-1-worker-173 | DEBUG | s.ProgrammingExerciseScheduleService : Scheduled build and test for student submissions after due date for Programming Exercise 'Programming' (#632) for 2025-02-19T23:44:05.957691Z.
    23:44:06.001 | 409 ool-1-worker-173 | INFO  | .c.s.m.InstanceMessageReceiveService : Received schedule update for potential Athena exercise 632
    23:44:06.004 | 409 ool-1-worker-173 | INFO  | d.t.c.a.a.e.service.ExerciseService  : User irissettingsintegrationinstructor1 has updated ProgrammingExercise Programming with id 632
    23:44:06.007 | 409 ool-1-worker-173 | DEBUG | d.t.c.a.a.c.s.f.ApiVersionFilter     : Adding Version to Request PUT /api/text-exercises
    23:44:06.008 | 409 ool-1-worker-173 | DEBUG | d.t.c.a.a.t.web.TextExerciseResource : REST request to update TextExercise : TextExercise{id=633, exampleSolution='This is my example solution'}
    23:44:06.018 | 409 ool-1-worker-173 | INFO  | d.t.c.a.a.e.service.ExerciseService  : User irissettingsintegrationinstructor1 has updated TextExercise 26877c0b-332a-4448-81c2-6f02475b77a3 with id 633
    23:44:06.018 | 409 ool-1-worker-173 | INFO  | .c.s.m.InstanceMessageReceiveService : Received schedule update for potential Athena exercise 633
    23:44:06.023 | 409 ool-1-worker-173 | DEBUG | d.t.c.a.a.c.s.f.ApiVersionFilter     : Adding Version to Request GET /api/courses/401/raw-iris-settings
    23:44:06.032 | 409 ool-1-worker-173 | DEBUG | d.t.c.a.a.c.s.f.ApiVersionFilter     : Adding Version to Request PUT /api/courses/401/raw-iris-settings
    23:44:06.062 | 409 ool-1-worker-173 | DEBUG | d.t.c.a.a.c.s.f.ApiVersionFilter     : Adding Version to Request PUT /api/programming-exercises
    23:44:06.064 | 409 ool-1-worker-173 | DEBUG | .a.a.p.w.ProgrammingExerciseResource : REST request to update ProgrammingExercise : ProgrammingExercise{id=632, templateRepositoryUri='http://localhost:49152/git/SHORT40ABA4420A118046C20B3C305D4F41FC55F9TSTEXC/short40aba4420a118046c20b3c305d4f41fc55f9tstexc-exercise.git', solutionRepositoryUri='http://localhost:49152/git/SHORT40ABA4420A118046C20B3C305D4F41FC55F9TSTEXC/short40aba4420a118046c20b3c305d4f41fc55f9tstexc-solution.git', templateBuildPlanId='SHORT40ABA4420A118046C20B3C305D4F41FC55F9TSTEXC-BASE', solutionBuildPlanId='SHORT40ABA4420A118046C20B3C305D4F41FC55F9TSTEXC-SOLUTION', allowOnlineEditor='true', allowOnlineIde='false', programmingLanguage='JAVA', packageName='de.test'', testCasesChanged='false'}
    23:44:06.080 | 409 ool-1-worker-173 | INFO  | .c.s.m.InstanceMessageReceiveService : Received schedule update for programming exercise 632
    23:44:06.086 | 409 ool-1-worker-173 | DEBUG | d.t.c.a.a.c.service.ScheduleService  : Cancelling scheduled task RELEASE for Exercise (#632).
    23:44:06.086 | 409 ool-1-worker-173 | DEBUG | t.c.a.a.e.s.ExerciseLifecycleService : Scheduled 1 Tasks for Exercise "Programming" (#632) to trigger on RELEASE.
    23:44:06.086 | 409 ool-1-worker-173 | DEBUG | s.ProgrammingExerciseScheduleService : Scheduled combining template commits before release date for Programming Exercise "Programming" (#632) for 2025-02-15T23:44:05.957687Z.
    23:44:06.086 | 409 ool-1-worker-173 | DEBUG | d.t.c.a.a.c.service.ScheduleService  : Cancelling scheduled task DUE for Exercise (#632).
    23:44:06.086 | 409 ool-1-worker-173 | DEBUG | t.c.a.a.e.s.ExerciseLifecycleService : Scheduled Task for Exercise "Programming" (#632) to trigger on DUE.
    23:44:06.086 | 409 ool-1-worker-173 | DEBUG | s.ProgrammingExerciseScheduleService : Scheduled lock student repositories after due date for Programming Exercise 'Programming' (#632) for 2025-02-16T23:44:05.957688Z.
    23:44:06.086 | 409 ool-1-worker-173 | DEBUG | d.t.c.a.a.c.service.ScheduleService  : Cancelling scheduled task BUILD_AND_TEST_AFTER_DUE_DATE for Exercise (#632).
    23:44:06.086 | 409 ool-1-worker-173 | DEBUG | t.c.a.a.e.s.ExerciseLifecycleService : Scheduled Task for Exercise "Programming" (#632) to trigger on BUILD_AND_TEST_AFTER_DUE_DATE.
    23:44:06.086 | 409 ool-1-worker-173 | DEBUG | s.ProgrammingExerciseScheduleService : Scheduled build and test for student submissions after due date for Programming Exercise 'Programming' (#632) for 2025-02-19T23:44:05.957691Z.
    23:44:06.088 | 409 ool-1-worker-173 | INFO  | .c.s.m.InstanceMessageReceiveService : Received schedule update for potential Athena exercise 632
    23:44:06.097 | 409 ool-1-worker-173 | INFO  | d.t.c.a.a.e.service.ExerciseService  : User irissettingsintegrationinstructor1 has updated ProgrammingExercise Programming with id 632
    23:44:06.101 | 409 ool-1-worker-173 | DEBUG | d.t.c.a.a.c.s.f.ApiVersionFilter     : Adding Version to Request PUT /api/text-exercises
    23:44:06.101 | 409 ool-1-worker-173 | DEBUG | d.t.c.a.a.t.web.TextExerciseResource : REST request to update TextExercise : TextExercise{id=633, exampleSolution='This is my example solution'}
    23:44:06.106 | 409 ool-1-worker-173 | INFO  | d.t.c.a.a.e.service.ExerciseService  : User irissettingsintegrationinstructor1 has updated TextExercise 26877c0b-332a-4448-81c2-6f02475b77a3 with id 633
    23:44:06.106 | 409 ool-1-worker-173 | INFO  | .c.s.m.InstanceMessageReceiveService : Received schedule update for potential Athena exercise 633
    23:44:06.111 | 409 ool-1-worker-173 | DEBUG | d.t.c.a.a.c.s.f.ApiVersionFilter     : Adding Version to Request GET /api/exercises/632/raw-iris-settings
    23:44:06.116 | 409 ool-1-worker-173 | DEBUG | d.t.c.a.a.c.s.f.ApiVersionFilter     : Adding Version to Request GET /api/exercises/633/raw-iris-settings

  Starting logs for IrisSettingsIntegrationTest > updateCourseSettingsCategories(List, List, boolean) [6] operations=[COURSE, EXERCISE, COURSE], categories=[[category1], [category1], []], exerciseEnabled=false
    23:44:06.137 | 409 ool-1-worker-173 | DEBUG | d.t.c.a.a.c.u.util.UserUtilService   : Generate 1 students...
    23:44:06.140 | 409 ool-1-worker-173 | DEBUG | d.t.c.a.a.c.u.util.UserUtilService   : 1 students generated. Generate 0 tutors...
    23:44:06.141 | 409 ool-1-worker-173 | DEBUG | d.t.c.a.a.c.u.util.UserUtilService   : 0 tutors generated. Generate 0 editors...
    23:44:06.143 | 409 ool-1-worker-173 | DEBUG | d.t.c.a.a.c.u.util.UserUtilService   : 0 editors generated. Generate 1 instructors...
    23:44:06.146 | 409 ool-1-worker-173 | DEBUG | d.t.c.a.a.c.u.util.UserUtilService   : 1 instructors generated
    23:44:06.147 | 409 ool-1-worker-173 | DEBUG | d.t.c.a.a.c.u.util.UserUtilService   : Removing 2 users from all courses...
    23:44:06.148 | 409 ool-1-worker-173 | DEBUG | d.t.c.a.a.c.u.util.UserUtilService   : Removing 2 users from all courses. Done
    23:44:06.148 | 409 ool-1-worker-173 | DEBUG | d.t.c.a.a.c.u.util.UserUtilService   : Save 2 users to database...
    23:44:06.150 | 409 ool-1-worker-173 | DEBUG | d.t.c.a.a.c.u.util.UserUtilService   : Save 2 users to database. Done
    23:44:06.175 | 409 ool-1-worker-173 | INFO  | i.z.t.d.l.EmbeddedDatabaseReporter   : JDBC URL to connect to 'dataSource': url='jdbc:h2:tcp://localhost:41063/mem:f240edcd-27ce-47a3-b4ab-a6a00c154135;USER=sa', scope='IrisSettingsIntegrationTest#updateCourseSettingsCategories'
    23:44:06.180 | 409 ool-1-worker-173 | DEBUG | d.t.c.a.a.c.s.f.ApiVersionFilter     : Adding Version to Request GET /api/courses/402/raw-iris-settings
    23:44:06.187 | 409 ool-1-worker-173 | DEBUG | d.t.c.a.a.c.s.f.ApiVersionFilter     : Adding Version to Request PUT /api/courses/402/raw-iris-settings
    23:44:06.205 | 409 ool-1-worker-173 | DEBUG | d.t.c.a.a.c.s.f.ApiVersionFilter     : Adding Version to Request PUT /api/programming-exercises
    23:44:06.206 | 409 ool-1-worker-173 | DEBUG | .a.a.p.w.ProgrammingExerciseResource : REST request to update ProgrammingExercise : ProgrammingExercise{id=634, templateRepositoryUri='http://localhost:49152/git/SHORTF7684C01068950485509D090AD2D2C035D77TSTEXC/shortf7684c01068950485509d090ad2d2c035d77tstexc-exercise.git', solutionRepositoryUri='http://localhost:49152/git/SHORTF7684C01068950485509D090AD2D2C035D77TSTEXC/shortf7684c01068950485509d090ad2d2c035d77tstexc-solution.git', templateBuildPlanId='SHORTF7684C01068950485509D090AD2D2C035D77TSTEXC-BASE', solutionBuildPlanId='SHORTF7684C01068950485509D090AD2D2C035D77TSTEXC-SOLUTION', allowOnlineEditor='true', allowOnlineIde='false', programmingLanguage='JAVA', packageName='de.test'', testCasesChanged='false'}
    23:44:06.218 | 409 ool-1-worker-173 | INFO  | .c.s.m.InstanceMessageReceiveService : Received schedule update for programming exercise 634
    23:44:06.220 | 409 ool-1-worker-173 | DEBUG | t.c.a.a.e.s.ExerciseLifecycleService : Scheduled 1 Tasks for Exercise "Programming" (#634) to trigger on RELEASE.
    23:44:06.220 | 409 ool-1-worker-173 | DEBUG | s.ProgrammingExerciseScheduleService : Scheduled combining template commits before release date for Programming Exercise "Programming" (#634) for 2025-02-15T23:44:06.151254Z.
    23:44:06.220 | 409 ool-1-worker-173 | DEBUG | t.c.a.a.e.s.ExerciseLifecycleService : Scheduled Task for Exercise "Programming" (#634) to trigger on DUE.
    23:44:06.220 | 409 ool-1-worker-173 | DEBUG | s.ProgrammingExerciseScheduleService : Scheduled lock student repositories after due date for Programming Exercise 'Programming' (#634) for 2025-02-16T23:44:06.151256Z.
    23:44:06.220 | 409 ool-1-worker-173 | DEBUG | t.c.a.a.e.s.ExerciseLifecycleService : Scheduled Task for Exercise "Programming" (#634) to trigger on BUILD_AND_TEST_AFTER_DUE_DATE.
    23:44:06.220 | 409 ool-1-worker-173 | DEBUG | s.ProgrammingExerciseScheduleService : Scheduled build and test for student submissions after due date for Programming Exercise 'Programming' (#634) for 2025-02-19T23:44:06.151258Z.
    23:44:06.222 | 409 ool-1-worker-173 | INFO  | .c.s.m.InstanceMessageReceiveService : Received schedule update for potential Athena exercise 634
    23:44:06.225 | 409 ool-1-worker-173 | INFO  | d.t.c.a.a.e.service.ExerciseService  : User irissettingsintegrationinstructor1 has updated ProgrammingExercise Programming with id 634
    23:44:06.227 | 409 ool-1-worker-173 | DEBUG | d.t.c.a.a.c.s.f.ApiVersionFilter     : Adding Version to Request PUT /api/text-exercises
    23:44:06.228 | 409 ool-1-worker-173 | DEBUG | d.t.c.a.a.t.web.TextExerciseResource : REST request to update TextExercise : TextExercise{id=635, exampleSolution='This is my example solution'}
    23:44:06.237 | 409 ool-1-worker-173 | INFO  | d.t.c.a.a.e.service.ExerciseService  : User irissettingsintegrationinstructor1 has updated TextExercise 8f98576e-7484-42d8-b601-ef8eda40774e with id 635
    23:44:06.237 | 409 ool-1-worker-173 | INFO  | .c.s.m.InstanceMessageReceiveService : Received schedule update for potential Athena exercise 635
    23:44:06.242 | 409 ool-1-worker-173 | DEBUG | d.t.c.a.a.c.s.f.ApiVersionFilter     : Adding Version to Request GET /api/courses/402/raw-iris-settings
    23:44:06.247 | 409 ool-1-worker-173 | DEBUG | d.t.c.a.a.c.s.f.ApiVersionFilter     : Adding Version to Request PUT /api/courses/402/raw-iris-settings
    23:44:06.265 | 409 ool-1-worker-173 | DEBUG | d.t.c.a.a.c.s.f.ApiVersionFilter     : Adding Version to Request GET /api/exercises/634/raw-iris-settings
    23:44:06.278 | 409 ool-1-worker-173 | DEBUG | d.t.c.a.a.c.s.f.ApiVersionFilter     : Adding Version to Request GET /api/exercises/635/raw-iris-settings

  Starting logs for IrisSettingsIntegrationTest > updateCourseSettingsCategories(List, List, boolean) [7] operations=[EXERCISE, COURSE, EXERCISE], categories=[[category1, category2], [category1], [category2]], exerciseEnabled=false
    23:44:06.313 | 409 ool-1-worker-173 | DEBUG | d.t.c.a.a.c.u.util.UserUtilService   : Generate 1 students...
    23:44:06.316 | 409 ool-1-worker-173 | DEBUG | d.t.c.a.a.c.u.util.UserUtilService   : 1 students generated. Generate 0 tutors...
    23:44:06.318 | 409 ool-1-worker-173 | DEBUG | d.t.c.a.a.c.u.util.UserUtilService   : 0 tutors generated. Generate 0 editors...
    23:44:06.319 | 409 ool-1-worker-173 | DEBUG | d.t.c.a.a.c.u.util.UserUtilService   : 0 editors generated. Generate 1 instructors...
    23:44:06.322 | 409 ool-1-worker-173 | DEBUG | d.t.c.a.a.c.u.util.UserUtilService   : 1 instructors generated
    23:44:06.323 | 409 ool-1-worker-173 | DEBUG | d.t.c.a.a.c.u.util.UserUtilService   : Removing 2 users from all courses...
    23:44:06.323 | 409 ool-1-worker-173 | DEBUG | d.t.c.a.a.c.u.util.UserUtilService   : Removing 2 users from all courses. Done
    23:44:06.323 | 409 ool-1-worker-173 | DEBUG | d.t.c.a.a.c.u.util.UserUtilService   : Save 2 users to database...
    23:44:06.326 | 409 ool-1-worker-173 | DEBUG | d.t.c.a.a.c.u.util.UserUtilService   : Save 2 users to database. Done
    23:44:06.350 | 409 ool-1-worker-173 | INFO  | i.z.t.d.l.EmbeddedDatabaseReporter   : JDBC URL to connect to 'dataSource': url='jdbc:h2:tcp://localhost:41063/mem:f240edcd-27ce-47a3-b4ab-a6a00c154135;USER=sa', scope='IrisSettingsIntegrationTest#updateCourseSettingsCategories'
    23:44:06.357 | 409 ool-1-worker-173 | DEBUG | d.t.c.a.a.c.s.f.ApiVersionFilter     : Adding Version to Request PUT /api/programming-exercises
    23:44:06.358 | 409 ool-1-worker-173 | DEBUG | .a.a.p.w.ProgrammingExerciseResource : REST request to update ProgrammingExercise : ProgrammingExercise{id=636, templateRepositoryUri='http://localhost:49152/git/SHORT949C871501E2C042410B9E500E4BD247F5DFTSTEXC/short949c871501e2c042410b9e500e4bd247f5dftstexc-exercise.git', solutionRepositoryUri='http://localhost:49152/git/SHORT949C871501E2C042410B9E500E4BD247F5DFTSTEXC/short949c871501e2c042410b9e500e4bd247f5dftstexc-solution.git', templateBuildPlanId='SHORT949C871501E2C042410B9E500E4BD247F5DFTSTEXC-BASE', solutionBuildPlanId='SHORT949C871501E2C042410B9E500E4BD247F5DFTSTEXC-SOLUTION', allowOnlineEditor='true', allowOnlineIde='false', programmingLanguage='JAVA', packageName='de.test'', testCasesChanged='false'}
    23:44:06.375 | 409 ool-1-worker-173 | INFO  | .c.s.m.InstanceMessageReceiveService : Received schedule update for programming exercise 636
    23:44:06.378 | 409 ool-1-worker-173 | DEBUG | t.c.a.a.e.s.ExerciseLifecycleService : Scheduled 1 Tasks for Exercise "Programming" (#636) to trigger on RELEASE.
    23:44:06.378 | 409 ool-1-worker-173 | DEBUG | s.ProgrammingExerciseScheduleService : Scheduled combining template commits before release date for Programming Exercise "Programming" (#636) for 2025-02-15T23:44:06.326935Z.
    23:44:06.381 | 409 ool-1-worker-173 | DEBUG | t.c.a.a.e.s.ExerciseLifecycleService : Scheduled Task for Exercise "Programming" (#636) to trigger on DUE.
    23:44:06.381 | 409 ool-1-worker-173 | DEBUG | s.ProgrammingExerciseScheduleService : Scheduled lock student repositories after due date for Programming Exercise 'Programming' (#636) for 2025-02-16T23:44:06.326937Z.
    23:44:06.381 | 409 ool-1-worker-173 | DEBUG | t.c.a.a.e.s.ExerciseLifecycleService : Scheduled Task for Exercise "Programming" (#636) to trigger on BUILD_AND_TEST_AFTER_DUE_DATE.
    23:44:06.381 | 409 ool-1-worker-173 | DEBUG | s.ProgrammingExerciseScheduleService : Scheduled build and test for student submissions after due date for Programming Exercise 'Programming' (#636) for 2025-02-19T23:44:06.326940Z.
    23:44:06.541 | 409 ool-1-worker-173 | INFO  | .c.s.m.InstanceMessageReceiveService : Received schedule update for potential Athena exercise 636
    23:44:06.545 | 409 ool-1-worker-173 | INFO  | d.t.c.a.a.e.service.ExerciseService  : User irissettingsintegrationinstructor1 has updated ProgrammingExercise Programming with id 636
    23:44:06.547 | 409 ool-1-worker-173 | DEBUG | d.t.c.a.a.c.s.f.ApiVersionFilter     : Adding Version to Request PUT /api/text-exercises
    23:44:06.548 | 409 ool-1-worker-173 | DEBUG | d.t.c.a.a.t.web.TextExerciseResource : REST request to update TextExercise : TextExercise{id=637, exampleSolution='This is my example solution'}
    23:44:06.716 | 409 ool-1-worker-173 | INFO  | d.t.c.a.a.e.service.ExerciseService  : User irissettingsintegrationinstructor1 has updated TextExercise 41d3d643-019c-4d6f-9574-7b73e6117147 with id 637
    23:44:06.716 | 409 ool-1-worker-173 | INFO  | .c.s.m.InstanceMessageReceiveService : Received schedule update for potential Athena exercise 637
    23:44:06.721 | 409 ool-1-worker-173 | DEBUG | d.t.c.a.a.c.s.f.ApiVersionFilter     : Adding Version to Request GET /api/courses/403/raw-iris-settings
    23:44:06.726 | 409 ool-1-worker-173 | DEBUG | d.t.c.a.a.c.s.f.ApiVersionFilter     : Adding Version to Request PUT /api/courses/403/raw-iris-settings
    23:44:06.738 | 409 ool-1-worker-173 | DEBUG | d.t.c.a.a.c.s.f.ApiVersionFilter     : Adding Version to Request PUT /api/programming-exercises
    23:44:06.739 | 409 ool-1-worker-173 | DEBUG | .a.a.p.w.ProgrammingExerciseResource : REST request to update ProgrammingExercise : ProgrammingExercise{id=636, templateRepositoryUri='http://localhost:49152/git/SHORT949C871501E2C042410B9E500E4BD247F5DFTSTEXC/short949c871501e2c042410b9e500e4bd247f5dftstexc-exercise.git', solutionRepositoryUri='http://localhost:49152/git/SHORT949C871501E2C042410B9E500E4BD247F5DFTSTEXC/short949c871501e2c042410b9e500e4bd247f5dftstexc-solution.git', templateBuildPlanId='SHORT949C871501E2C042410B9E500E4BD247F5DFTSTEXC-BASE', solutionBuildPlanId='SHORT949C871501E2C042410B9E500E4BD247F5DFTSTEXC-SOLUTION', allowOnlineEditor='true', allowOnlineIde='false', programmingLanguage='JAVA', packageName='de.test'', testCasesChanged='false'}
    23:44:06.747 | 409 ool-1-worker-173 | INFO  | .c.s.m.InstanceMessageReceiveService : Received schedule update for programming exercise 636
    23:44:06.749 | 409 ool-1-worker-173 | DEBUG | d.t.c.a.a.c.service.ScheduleService  : Cancelling scheduled task RELEASE for Exercise (#636).
    23:44:06.749 | 409 ool-1-worker-173 | DEBUG | t.c.a.a.e.s.ExerciseLifecycleService : Scheduled 1 Tasks for Exercise "Programming" (#636) to trigger on RELEASE.
    23:44:06.749 | 409 ool-1-worker-173 | DEBUG | s.ProgrammingExerciseScheduleService : Scheduled combining template commits before release date for Programming Exercise "Programming" (#636) for 2025-02-15T23:44:06.326935Z.
    23:44:06.749 | 409 ool-1-worker-173 | DEBUG | d.t.c.a.a.c.service.ScheduleService  : Cancelling scheduled task DUE for Exercise (#636).
    23:44:06.749 | 409 ool-1-worker-173 | DEBUG | t.c.a.a.e.s.ExerciseLifecycleService : Scheduled Task for Exercise "Programming" (#636) to trigger on DUE.
    23:44:06.749 | 409 ool-1-worker-173 | DEBUG | s.ProgrammingExerciseScheduleService : Scheduled lock student repositories after due date for Programming Exercise 'Programming' (#636) for 2025-02-16T23:44:06.326937Z.
    23:44:06.749 | 409 ool-1-worker-173 | DEBUG | d.t.c.a.a.c.service.ScheduleService  : Cancelling scheduled task BUILD_AND_TEST_AFTER_DUE_DATE for Exercise (#636).
    23:44:06.749 | 409 ool-1-worker-173 | DEBUG | t.c.a.a.e.s.ExerciseLifecycleService : Scheduled Task for Exercise "Programming" (#636) to trigger on BUILD_AND_TEST_AFTER_DUE_DATE.
    23:44:06.749 | 409 ool-1-worker-173 | DEBUG | s.ProgrammingExerciseScheduleService : Scheduled build and test for student submissions after due date for Programming Exercise 'Programming' (#636) for 2025-02-19T23:44:06.326940Z.
    23:44:06.750 | 409 ool-1-worker-173 | INFO  | .c.s.m.InstanceMessageReceiveService : Received schedule update for potential Athena exercise 636
    23:44:06.754 | 409 ool-1-worker-173 | INFO  | d.t.c.a.a.e.service.ExerciseService  : User irissettingsintegrationinstructor1 has updated ProgrammingExercise Programming with id 636
    23:44:06.756 | 409 ool-1-worker-173 | DEBUG | d.t.c.a.a.c.s.f.ApiVersionFilter     : Adding Version to Request PUT /api/text-exercises
    23:44:06.757 | 409 ool-1-worker-173 | DEBUG | d.t.c.a.a.t.web.TextExerciseResource : REST request to update TextExercise : TextExercise{id=637, exampleSolution='This is my example solution'}
    23:44:06.761 | 409 ool-1-worker-173 | INFO  | d.t.c.a.a.e.service.ExerciseService  : User irissettingsintegrationinstructor1 has updated TextExercise 41d3d643-019c-4d6f-9574-7b73e6117147 with id 637
    23:44:06.761 | 409 ool-1-worker-173 | INFO  | .c.s.m.InstanceMessageReceiveService : Received schedule update for potential Athena exercise 637
    23:44:06.765 | 409 ool-1-worker-173 | DEBUG | d.t.c.a.a.c.s.f.ApiVersionFilter     : Adding Version to Request GET /api/exercises/636/raw-iris-settings
    23:44:06.770 | 409 ool-1-worker-173 | DEBUG | d.t.c.a.a.c.s.f.ApiVersionFilter     : Adding Version to Request GET /api/exercises/637/raw-iris-settings

  Starting logs for IrisSettingsIntegrationTest > updateCourseSettingsCategories(List, List, boolean) [8] operations=[EXERCISE, COURSE, EXERCISE], categories=[[category1, category2], [category1], [category1]], exerciseEnabled=true
    23:44:06.802 | 409 ool-1-worker-173 | DEBUG | d.t.c.a.a.c.u.util.UserUtilService   : Generate 1 students...
    23:44:06.810 | 409 ool-1-worker-173 | DEBUG | d.t.c.a.a.c.u.util.UserUtilService   : 1 students generated. Generate 0 tutors...
    23:44:06.811 | 409 ool-1-worker-173 | DEBUG | d.t.c.a.a.c.u.util.UserUtilService   : 0 tutors generated. Generate 0 editors...
    23:44:06.812 | 409 ool-1-worker-173 | DEBUG | d.t.c.a.a.c.u.util.UserUtilService   : 0 editors generated. Generate 1 instructors...
    23:44:06.815 | 409 ool-1-worker-173 | DEBUG | d.t.c.a.a.c.u.util.UserUtilService   : 1 instructors generated
    23:44:06.816 | 409 ool-1-worker-173 | DEBUG | d.t.c.a.a.c.u.util.UserUtilService   : Removing 2 users from all courses...
    23:44:06.817 | 409 ool-1-worker-173 | DEBUG | d.t.c.a.a.c.u.util.UserUtilService   : Removing 2 users from all courses. Done
    23:44:06.817 | 409 ool-1-worker-173 | DEBUG | d.t.c.a.a.c.u.util.UserUtilService   : Save 2 users to database...
    23:44:06.820 | 409 ool-1-worker-173 | DEBUG | d.t.c.a.a.c.u.util.UserUtilService   : Save 2 users to database. Done
    23:44:06.844 | 409 ool-1-worker-173 | INFO  | i.z.t.d.l.EmbeddedDatabaseReporter   : JDBC URL to connect to 'dataSource': url='jdbc:h2:tcp://localhost:41063/mem:f240edcd-27ce-47a3-b4ab-a6a00c154135;USER=sa', scope='IrisSettingsIntegrationTest#updateCourseSettingsCategories'
    23:44:06.850 | 409 ool-1-worker-173 | DEBUG | d.t.c.a.a.c.s.f.ApiVersionFilter     : Adding Version to Request PUT /api/programming-exercises
    23:44:06.851 | 409 ool-1-worker-173 | DEBUG | .a.a.p.w.ProgrammingExerciseResource : REST request to update ProgrammingExercise : ProgrammingExercise{id=638, templateRepositoryUri='http://localhost:49152/git/SHORT28CE754B0844604427092F40A584A03CA8D1TSTEXC/short28ce754b0844604427092f40a584a03ca8d1tstexc-exercise.git', solutionRepositoryUri='http://localhost:49152/git/SHORT28CE754B0844604427092F40A584A03CA8D1TSTEXC/short28ce754b0844604427092f40a584a03ca8d1tstexc-solution.git', templateBuildPlanId='SHORT28CE754B0844604427092F40A584A03CA8D1TSTEXC-BASE', solutionBuildPlanId='SHORT28CE754B0844604427092F40A584A03CA8D1TSTEXC-SOLUTION', allowOnlineEditor='true', allowOnlineIde='false', programmingLanguage='JAVA', packageName='de.test'', testCasesChanged='false'}
    23:44:06.896 | 409 ool-1-worker-173 | INFO  | .c.s.m.InstanceMessageReceiveService : Received schedule update for programming exercise 638
    23:44:06.901 | 409 ool-1-worker-173 | DEBUG | t.c.a.a.e.s.ExerciseLifecycleService : Scheduled 1 Tasks for Exercise "Programming" (#638) to trigger on RELEASE.
    23:44:06.901 | 409 ool-1-worker-173 | DEBUG | s.ProgrammingExerciseScheduleService : Scheduled combining template commits before release date for Programming Exercise "Programming" (#638) for 2025-02-15T23:44:06.820894Z.
    23:44:06.901 | 409 ool-1-worker-173 | DEBUG | t.c.a.a.e.s.ExerciseLifecycleService : Scheduled Task for Exercise "Programming" (#638) to trigger on DUE.
    23:44:06.901 | 409 ool-1-worker-173 | DEBUG | s.ProgrammingExerciseScheduleService : Scheduled lock student repositories after due date for Programming Exercise 'Programming' (#638) for 2025-02-16T23:44:06.820897Z.
    23:44:06.901 | 409 ool-1-worker-173 | DEBUG | t.c.a.a.e.s.ExerciseLifecycleService : Scheduled Task for Exercise "Programming" (#638) to trigger on BUILD_AND_TEST_AFTER_DUE_DATE.
    23:44:06.901 | 409 ool-1-worker-173 | DEBUG | s.ProgrammingExerciseScheduleService : Scheduled build and test for student submissions after due date for Programming Exercise 'Programming' (#638) for 2025-02-19T23:44:06.820899Z.
    23:44:06.902 | 409 ool-1-worker-173 | INFO  | .c.s.m.InstanceMessageReceiveService : Received schedule update for potential Athena exercise 638
    23:44:06.907 | 409 ool-1-worker-173 | INFO  | d.t.c.a.a.e.service.ExerciseService  : User irissettingsintegrationinstructor1 has updated ProgrammingExercise Programming with id 638
    23:44:06.919 | 409 ool-1-worker-173 | DEBUG | d.t.c.a.a.c.s.f.ApiVersionFilter     : Adding Version to Request PUT /api/text-exercises
    23:44:06.924 | 409 ool-1-worker-173 | DEBUG | d.t.c.a.a.t.web.TextExerciseResource : REST request to update TextExercise : TextExercise{id=639, exampleSolution='This is my example solution'}
    23:44:06.944 | 409 ool-1-worker-173 | INFO  | d.t.c.a.a.e.service.ExerciseService  : User irissettingsintegrationinstructor1 has updated TextExercise 515b743a-ff6e-415d-8a30-f7c638ce7229 with id 639
    23:44:06.945 | 409 ool-1-worker-173 | INFO  | .c.s.m.InstanceMessageReceiveService : Received schedule update for potential Athena exercise 639
    23:44:06.956 | 409 ool-1-worker-173 | DEBUG | d.t.c.a.a.c.s.f.ApiVersionFilter     : Adding Version to Request GET /api/courses/404/raw-iris-settings
    23:44:06.968 | 409 ool-1-worker-173 | DEBUG | d.t.c.a.a.c.s.f.ApiVersionFilter     : Adding Version to Request PUT /api/courses/404/raw-iris-settings
    23:44:06.999 | 409 ool-1-worker-173 | DEBUG | d.t.c.a.a.c.s.f.ApiVersionFilter     : Adding Version to Request PUT /api/programming-exercises
    23:44:07.002 | 409 ool-1-worker-173 | DEBUG | .a.a.p.w.ProgrammingExerciseResource : REST request to update ProgrammingExercise : ProgrammingExercise{id=638, templateRepositoryUri='http://localhost:49152/git/SHORT28CE754B0844604427092F40A584A03CA8D1TSTEXC/short28ce754b0844604427092f40a584a03ca8d1tstexc-exercise.git', solutionRepositoryUri='http://localhost:49152/git/SHORT28CE754B0844604427092F40A584A03CA8D1TSTEXC/short28ce754b0844604427092f40a584a03ca8d1tstexc-solution.git', templateBuildPlanId='SHORT28CE754B0844604427092F40A584A03CA8D1TSTEXC-BASE', solutionBuildPlanId='SHORT28CE754B0844604427092F40A584A03CA8D1TSTEXC-SOLUTION', allowOnlineEditor='true', allowOnlineIde='false', programmingLanguage='JAVA', packageName='de.test'', testCasesChanged='false'}
    23:44:07.023 | 409 ool-1-worker-173 | INFO  | .c.s.m.InstanceMessageReceiveService : Received schedule update for programming exercise 638
    23:44:07.028 | 409 ool-1-worker-173 | DEBUG | d.t.c.a.a.c.service.ScheduleService  : Cancelling scheduled task RELEASE for Exercise (#638).
    23:44:07.028 | 409 ool-1-worker-173 | DEBUG | t.c.a.a.e.s.ExerciseLifecycleService : Scheduled 1 Tasks for Exercise "Programming" (#638) to trigger on RELEASE.
    23:44:07.028 | 409 ool-1-worker-173 | DEBUG | s.ProgrammingExerciseScheduleService : Scheduled combining template commits before release date for Programming Exercise "Programming" (#638) for 2025-02-15T23:44:06.820894Z.
    23:44:07.028 | 409 ool-1-worker-173 | DEBUG | d.t.c.a.a.c.service.ScheduleService  : Cancelling scheduled task DUE for Exercise (#638).
    23:44:07.028 | 409 ool-1-worker-173 | DEBUG | t.c.a.a.e.s.ExerciseLifecycleService : Scheduled Task for Exercise "Programming" (#638) to trigger on DUE.
    23:44:07.028 | 409 ool-1-worker-173 | DEBUG | s.ProgrammingExerciseScheduleService : Scheduled lock student repositories after due date for Programming Exercise 'Programming' (#638) for 2025-02-16T23:44:06.820897Z.
    23:44:07.028 | 409 ool-1-worker-173 | DEBUG | d.t.c.a.a.c.service.ScheduleService  : Cancelling scheduled task BUILD_AND_TEST_AFTER_DUE_DATE for Exercise (#638).
    23:44:07.028 | 409 ool-1-worker-173 | DEBUG | t.c.a.a.e.s.ExerciseLifecycleService : Scheduled Task for Exercise "Programming" (#638) to trigger on BUILD_AND_TEST_AFTER_DUE_DATE.
    23:44:07.028 | 409 ool-1-worker-173 | DEBUG | s.ProgrammingExerciseScheduleService : Scheduled build and test for student submissions after due date for Programming Exercise 'Programming' (#638) for 2025-02-19T23:44:06.820899Z.
    23:44:07.033 | 409 ool-1-worker-173 | INFO  | .c.s.m.InstanceMessageReceiveService : Received schedule update for potential Athena exercise 638
    23:44:07.039 | 409 ool-1-worker-173 | INFO  | d.t.c.a.a.e.service.ExerciseService  : User irissettingsintegrationinstructor1 has updated ProgrammingExercise Programming with id 638
    23:44:07.044 | 409 ool-1-worker-173 | DEBUG | d.t.c.a.a.c.s.f.ApiVersionFilter     : Adding Version to Request PUT /api/text-exercises
    23:44:07.044 | 409 ool-1-worker-173 | DEBUG | d.t.c.a.a.t.web.TextExerciseResource : REST request to update TextExercise : TextExercise{id=639, exampleSolution='This is my example solution'}
    23:44:07.057 | 409 ool-1-worker-173 | INFO  | d.t.c.a.a.e.service.ExerciseService  : User irissettingsintegrationinstructor1 has updated TextExercise 515b743a-ff6e-415d-8a30-f7c638ce7229 with id 639
    23:44:07.057 | 409 ool-1-worker-173 | INFO  | .c.s.m.InstanceMessageReceiveService : Received schedule update for potential Athena exercise 639
    23:44:07.068 | 409 ool-1-worker-173 | DEBUG | d.t.c.a.a.c.s.f.ApiVersionFilter     : Adding Version to Request GET /api/exercises/638/raw-iris-settings
    23:44:07.077 | 409 ool-1-worker-173 | DEBUG | d.t.c.a.a.c.s.f.ApiVersionFilter     : Adding Version to Request GET /api/exercises/639/raw-iris-settings

  Starting logs for IrisSettingsIntegrationTest > updateCourseSettingsCategories(List, List, boolean) [9] operations=[EXERCISE, COURSE, EXERCISE], categories=[[category1], [category2], [category2]], exerciseEnabled=true
    23:44:07.129 | 409 ool-1-worker-173 | DEBUG | d.t.c.a.a.c.u.util.UserUtilService   : Generate 1 students...
    23:44:07.135 | 409 ool-1-worker-173 | DEBUG | d.t.c.a.a.c.u.util.UserUtilService   : 1 students generated. Generate 0 tutors...
    23:44:07.136 | 409 ool-1-worker-173 | DEBUG | d.t.c.a.a.c.u.util.UserUtilService   : 0 tutors generated. Generate 0 editors...
    23:44:07.140 | 409 ool-1-worker-173 | DEBUG | d.t.c.a.a.c.u.util.UserUtilService   : 0 editors generated. Generate 1 instructors...
    23:44:07.146 | 409 ool-1-worker-173 | DEBUG | d.t.c.a.a.c.u.util.UserUtilService   : 1 instructors generated
    23:44:07.147 | 409 ool-1-worker-173 | DEBUG | d.t.c.a.a.c.u.util.UserUtilService   : Removing 2 users from all courses...
    23:44:07.148 | 409 ool-1-worker-173 | DEBUG | d.t.c.a.a.c.u.util.UserUtilService   : Removing 2 users from all courses. Done
    23:44:07.148 | 409 ool-1-worker-173 | DEBUG | d.t.c.a.a.c.u.util.UserUtilService   : Save 2 users to database...
    23:44:07.154 | 409 ool-1-worker-173 | DEBUG | d.t.c.a.a.c.u.util.UserUtilService   : Save 2 users to database. Done
    23:44:07.214 | 409 ool-1-worker-173 | INFO  | i.z.t.d.l.EmbeddedDatabaseReporter   : JDBC URL to connect to 'dataSource': url='jdbc:h2:tcp://localhost:41063/mem:f240edcd-27ce-47a3-b4ab-a6a00c154135;USER=sa', scope='IrisSettingsIntegrationTest#updateCourseSettingsCategories'
    23:44:07.223 | 409 ool-1-worker-173 | DEBUG | d.t.c.a.a.c.s.f.ApiVersionFilter     : Adding Version to Request PUT /api/programming-exercises
    23:44:07.224 | 409 ool-1-worker-173 | DEBUG | .a.a.p.w.ProgrammingExerciseResource : REST request to update ProgrammingExercise : ProgrammingExercise{id=640, templateRepositoryUri='http://localhost:49152/git/SHORT9951AE1707BB004F08091E3085814D702E47TSTEXC/short9951ae1707bb004f08091e3085814d702e47tstexc-exercise.git', solutionRepositoryUri='http://localhost:49152/git/SHORT9951AE1707BB004F08091E3085814D702E47TSTEXC/short9951ae1707bb004f08091e3085814d702e47tstexc-solution.git', templateBuildPlanId='SHORT9951AE1707BB004F08091E3085814D702E47TSTEXC-BASE', solutionBuildPlanId='SHORT9951AE1707BB004F08091E3085814D702E47TSTEXC-SOLUTION', allowOnlineEditor='true', allowOnlineIde='false', programmingLanguage='JAVA', packageName='de.test'', testCasesChanged='false'}
    23:44:07.233 | 409 ool-1-worker-173 | INFO  | .c.s.m.InstanceMessageReceiveService : Received schedule update for programming exercise 640
    23:44:07.235 | 409 ool-1-worker-173 | DEBUG | t.c.a.a.e.s.ExerciseLifecycleService : Scheduled 1 Tasks for Exercise "Programming" (#640) to trigger on RELEASE.
    23:44:07.235 | 409 ool-1-worker-173 | DEBUG | s.ProgrammingExerciseScheduleService : Scheduled combining template commits before release date for Programming Exercise "Programming" (#640) for 2025-02-15T23:44:07.154795Z.
    23:44:07.235 | 409 ool-1-worker-173 | DEBUG | t.c.a.a.e.s.ExerciseLifecycleService : Scheduled Task for Exercise "Programming" (#640) to trigger on DUE.
    23:44:07.235 | 409 ool-1-worker-173 | DEBUG | s.ProgrammingExerciseScheduleService : Scheduled lock student repositories after due date for Programming Exercise 'Programming' (#640) for 2025-02-16T23:44:07.154797Z.
    23:44:07.235 | 409 ool-1-worker-173 | DEBUG | t.c.a.a.e.s.ExerciseLifecycleService : Scheduled Task for Exercise "Programming" (#640) to trigger on BUILD_AND_TEST_AFTER_DUE_DATE.
    23:44:07.235 | 409 ool-1-worker-173 | DEBUG | s.ProgrammingExerciseScheduleService : Scheduled build and test for student submissions after due date for Programming Exercise 'Programming' (#640) for 2025-02-19T23:44:07.154800Z.
    23:44:07.240 | 409 ool-1-worker-173 | INFO  | .c.s.m.InstanceMessageReceiveService : Received schedule update for potential Athena exercise 640
    23:44:07.247 | 409 ool-1-worker-173 | INFO  | d.t.c.a.a.e.service.ExerciseService  : User irissettingsintegrationinstructor1 has updated ProgrammingExercise Programming with id 640
    23:44:07.253 | 409 ool-1-worker-173 | DEBUG | d.t.c.a.a.c.s.f.ApiVersionFilter     : Adding Version to Request PUT /api/text-exercises
    23:44:07.254 | 409 ool-1-worker-173 | DEBUG | d.t.c.a.a.t.web.TextExerciseResource : REST request to update TextExercise : TextExercise{id=641, exampleSolution='This is my example solution'}
    23:44:07.264 | 409 ool-1-worker-173 | INFO  | d.t.c.a.a.e.service.ExerciseService  : User irissettingsintegrationinstructor1 has updated TextExercise a6600db0-0824-4d6c-a1e2-65bae31ec393 with id 641
    23:44:07.264 | 409 ool-1-worker-173 | INFO  | .c.s.m.InstanceMessageReceiveService : Received schedule update for potential Athena exercise 641
    23:44:07.268 | 409 ool-1-worker-173 | DEBUG | d.t.c.a.a.c.s.f.ApiVersionFilter     : Adding Version to Request GET /api/courses/405/raw-iris-settings
    23:44:07.273 | 409 ool-1-worker-173 | DEBUG | d.t.c.a.a.c.s.f.ApiVersionFilter     : Adding Version to Request PUT /api/courses/405/raw-iris-settings
    23:44:07.284 | 409 ool-1-worker-173 | DEBUG | d.t.c.a.a.c.s.f.ApiVersionFilter     : Adding Version to Request PUT /api/programming-exercises
    23:44:07.285 | 409 ool-1-worker-173 | DEBUG | .a.a.p.w.ProgrammingExerciseResource : REST request to update ProgrammingExercise : ProgrammingExercise{id=640, templateRepositoryUri='http://localhost:49152/git/SHORT9951AE1707BB004F08091E3085814D702E47TSTEXC/short9951ae1707bb004f08091e3085814d702e47tstexc-exercise.git', solutionRepositoryUri='http://localhost:49152/git/SHORT9951AE1707BB004F08091E3085814D702E47TSTEXC/short9951ae1707bb004f08091e3085814d702e47tstexc-solution.git', templateBuildPlanId='SHORT9951AE1707BB004F08091E3085814D702E47TSTEXC-BASE', solutionBuildPlanId='SHORT9951AE1707BB004F08091E3085814D702E47TSTEXC-SOLUTION', allowOnlineEditor='true', allowOnlineIde='false', programmingLanguage='JAVA', packageName='de.test'', testCasesChanged='false'}
    23:44:07.294 | 409 ool-1-worker-173 | INFO  | .c.s.m.InstanceMessageReceiveService : Received schedule update for programming exercise 640
    23:44:07.296 | 409 ool-1-worker-173 | DEBUG | d.t.c.a.a.c.service.ScheduleService  : Cancelling scheduled task RELEASE for Exercise (#640).
    23:44:07.296 | 409 ool-1-worker-173 | DEBUG | t.c.a.a.e.s.ExerciseLifecycleService : Scheduled 1 Tasks for Exercise "Programming" (#640) to trigger on RELEASE.
    23:44:07.296 | 409 ool-1-worker-173 | DEBUG | s.ProgrammingExerciseScheduleService : Scheduled combining template commits before release date for Programming Exercise "Programming" (#640) for 2025-02-15T23:44:07.154795Z.
    23:44:07.296 | 409 ool-1-worker-173 | DEBUG | d.t.c.a.a.c.service.ScheduleService  : Cancelling scheduled task DUE for Exercise (#640).
    23:44:07.296 | 409 ool-1-worker-173 | DEBUG | t.c.a.a.e.s.ExerciseLifecycleService : Scheduled Task for Exercise "Programming" (#640) to trigger on DUE.
    23:44:07.296 | 409 ool-1-worker-173 | DEBUG | s.ProgrammingExerciseScheduleService : Scheduled lock student repositories after due date for Programming Exercise 'Programming' (#640) for 2025-02-16T23:44:07.154797Z.
    23:44:07.296 | 409 ool-1-worker-173 | DEBUG | d.t.c.a.a.c.service.ScheduleService  : Cancelling scheduled task BUILD_AND_TEST_AFTER_DUE_DATE for Exercise (#640).
    23:44:07.296 | 409 ool-1-worker-173 | DEBUG | t.c.a.a.e.s.ExerciseLifecycleService : Scheduled Task for Exercise "Programming" (#640) to trigger on BUILD_AND_TEST_AFTER_DUE_DATE.
    23:44:07.296 | 409 ool-1-worker-173 | DEBUG | s.ProgrammingExerciseScheduleService : Scheduled build and test for student submissions after due date for Programming Exercise 'Programming' (#640) for 2025-02-19T23:44:07.154800Z.
    23:44:07.297 | 409 ool-1-worker-173 | INFO  | .c.s.m.InstanceMessageReceiveService : Received schedule update for potential Athena exercise 640
    23:44:07.301 | 409 ool-1-worker-173 | INFO  | d.t.c.a.a.e.service.ExerciseService  : User irissettingsintegrationinstructor1 has updated ProgrammingExercise Programming with id 640
    23:44:07.303 | 409 ool-1-worker-173 | DEBUG | d.t.c.a.a.c.s.f.ApiVersionFilter     : Adding Version to Request PUT /api/text-exercises
    23:44:07.304 | 409 ool-1-worker-173 | DEBUG | d.t.c.a.a.t.web.TextExerciseResource : REST request to update TextExercise : TextExercise{id=641, exampleSolution='This is my example solution'}
    23:44:07.308 | 409 ool-1-worker-173 | INFO  | d.t.c.a.a.e.service.ExerciseService  : User irissettingsintegrationinstructor1 has updated TextExercise a6600db0-0824-4d6c-a1e2-65bae31ec393 with id 641
    23:44:07.308 | 409 ool-1-worker-173 | INFO  | .c.s.m.InstanceMessageReceiveService : Received schedule update for potential Athena exercise 641
    23:44:07.315 | 409 ool-1-worker-173 | DEBUG | d.t.c.a.a.c.s.f.ApiVersionFilter     : Adding Version to Request GET /api/exercises/640/raw-iris-settings
    23:44:07.323 | 409 ool-1-worker-173 | DEBUG | d.t.c.a.a.c.s.f.ApiVersionFilter     : Adding Version to Request GET /api/exercises/641/raw-iris-settings

  Starting logs for IrisSettingsIntegrationTest > updateCourseSettingsCategories(List, List, boolean) [10] operations=[COURSE, EXERCISE, COURSE], categories=[[category1, category2], [category1], [category2]], exerciseEnabled=false
    23:44:07.365 | 409 ool-1-worker-173 | DEBUG | d.t.c.a.a.c.u.util.UserUtilService   : Generate 1 students...
    23:44:07.372 | 409 ool-1-worker-173 | DEBUG | d.t.c.a.a.c.u.util.UserUtilService   : 1 students generated. Generate 0 tutors...
    23:44:07.375 | 409 ool-1-worker-173 | DEBUG | d.t.c.a.a.c.u.util.UserUtilService   : 0 tutors generated. Generate 0 editors...
    23:44:07.381 | 409 ool-1-worker-173 | DEBUG | d.t.c.a.a.c.u.util.UserUtilService   : 0 editors generated. Generate 1 instructors...
    23:44:07.387 | 409 ool-1-worker-173 | DEBUG | d.t.c.a.a.c.u.util.UserUtilService   : 1 instructors generated
    23:44:07.388 | 409 ool-1-worker-173 | DEBUG | d.t.c.a.a.c.u.util.UserUtilService   : Removing 2 users from all courses...
    23:44:07.389 | 409 ool-1-worker-173 | DEBUG | d.t.c.a.a.c.u.util.UserUtilService   : Removing 2 users from all courses. Done
    23:44:07.389 | 409 ool-1-worker-173 | DEBUG | d.t.c.a.a.c.u.util.UserUtilService   : Save 2 users to database...
    23:44:07.394 | 409 ool-1-worker-173 | DEBUG | d.t.c.a.a.c.u.util.UserUtilService   : Save 2 users to database. Done
    23:44:07.458 | 409 ool-1-worker-173 | INFO  | i.z.t.d.l.EmbeddedDatabaseReporter   : JDBC URL to connect to 'dataSource': url='jdbc:h2:tcp://localhost:41063/mem:f240edcd-27ce-47a3-b4ab-a6a00c154135;USER=sa', scope='IrisSettingsIntegrationTest#updateCourseSettingsCategories'
    23:44:07.468 | 409 ool-1-worker-173 | DEBUG | d.t.c.a.a.c.s.f.ApiVersionFilter     : Adding Version to Request GET /api/courses/406/raw-iris-settings
    23:44:07.477 | 409 ool-1-worker-173 | DEBUG | d.t.c.a.a.c.s.f.ApiVersionFilter     : Adding Version to Request PUT /api/courses/406/raw-iris-settings
    23:44:07.500 | 409 ool-1-worker-173 | DEBUG | d.t.c.a.a.c.s.f.ApiVersionFilter     : Adding Version to Request PUT /api/programming-exercises
    23:44:07.504 | 409 ool-1-worker-173 | DEBUG | .a.a.p.w.ProgrammingExerciseResource : REST request to update ProgrammingExercise : ProgrammingExercise{id=642, templateRepositoryUri='http://localhost:49152/git/SHORT285D43D302F5C04C030AD0B05AF43C5AB6A2TSTEXC/short285d43d302f5c04c030ad0b05af43c5ab6a2tstexc-exercise.git', solutionRepositoryUri='http://localhost:49152/git/SHORT285D43D302F5C04C030AD0B05AF43C5AB6A2TSTEXC/short285d43d302f5c04c030ad0b05af43c5ab6a2tstexc-solution.git', templateBuildPlanId='SHORT285D43D302F5C04C030AD0B05AF43C5AB6A2TSTEXC-BASE', solutionBuildPlanId='SHORT285D43D302F5C04C030AD0B05AF43C5AB6A2TSTEXC-SOLUTION', allowOnlineEditor='true', allowOnlineIde='false', programmingLanguage='JAVA', packageName='de.test'', testCasesChanged='false'}
    23:44:07.522 | 409 ool-1-worker-173 | INFO  | .c.s.m.InstanceMessageReceiveService : Received schedule update for programming exercise 642
    23:44:07.528 | 409 ool-1-worker-173 | DEBUG | t.c.a.a.e.s.ExerciseLifecycleService : Scheduled 1 Tasks for Exercise "Programming" (#642) to trigger on RELEASE.
    23:44:07.528 | 409 ool-1-worker-173 | DEBUG | s.ProgrammingExerciseScheduleService : Scheduled combining template commits before release date for Programming Exercise "Programming" (#642) for 2025-02-15T23:44:07.401170Z.
    23:44:07.528 | 409 ool-1-worker-173 | DEBUG | t.c.a.a.e.s.ExerciseLifecycleService : Scheduled Task for Exercise "Programming" (#642) to trigger on DUE.
    23:44:07.528 | 409 ool-1-worker-173 | DEBUG | s.ProgrammingExerciseScheduleService : Scheduled lock student repositories after due date for Programming Exercise 'Programming' (#642) for 2025-02-16T23:44:07.401173Z.
    23:44:07.528 | 409 ool-1-worker-173 | DEBUG | t.c.a.a.e.s.ExerciseLifecycleService : Scheduled Task for Exercise "Programming" (#642) to trigger on BUILD_AND_TEST_AFTER_DUE_DATE.
    23:44:07.528 | 409 ool-1-worker-173 | DEBUG | s.ProgrammingExerciseScheduleService : Scheduled build and test for student submissions after due date for Programming Exercise 'Programming' (#642) for 2025-02-19T23:44:07.401175Z.
    23:44:07.532 | 409 ool-1-worker-173 | INFO  | .c.s.m.InstanceMessageReceiveService : Received schedule update for potential Athena exercise 642
    23:44:07.539 | 409 ool-1-worker-173 | INFO  | d.t.c.a.a.e.service.ExerciseService  : User irissettingsintegrationinstructor1 has updated ProgrammingExercise Programming with id 642
    23:44:07.547 | 409 ool-1-worker-173 | DEBUG | d.t.c.a.a.c.s.f.ApiVersionFilter     : Adding Version to Request PUT /api/text-exercises
    23:44:07.547 | 409 ool-1-worker-173 | DEBUG | d.t.c.a.a.t.web.TextExerciseResource : REST request to update TextExercise : TextExercise{id=643, exampleSolution='This is my example solution'}
    23:44:07.567 | 409 ool-1-worker-173 | INFO  | d.t.c.a.a.e.service.ExerciseService  : User irissettingsintegrationinstructor1 has updated TextExercise 03e3e715-a169-470e-9ae3-bb7dc933db66 with id 643
    23:44:07.570 | 409 ool-1-worker-173 | INFO  | .c.s.m.InstanceMessageReceiveService : Received schedule update for potential Athena exercise 643
    23:44:07.582 | 409 ool-1-worker-173 | DEBUG | d.t.c.a.a.c.s.f.ApiVersionFilter     : Adding Version to Request GET /api/courses/406/raw-iris-settings
    23:44:07.591 | 409 ool-1-worker-173 | DEBUG | d.t.c.a.a.c.s.f.ApiVersionFilter     : Adding Version to Request PUT /api/courses/406/raw-iris-settings
    23:44:07.612 | 409 ool-1-worker-173 | DEBUG | d.t.c.a.a.c.s.f.ApiVersionFilter     : Adding Version to Request GET /api/exercises/642/raw-iris-settings
    23:44:07.616 | 409 ool-1-worker-173 | DEBUG | d.t.c.a.a.c.s.f.ApiVersionFilter     : Adding Version to Request GET /api/exercises/643/raw-iris-settings

  Starting logs for IrisSettingsIntegrationTest > updateCourseSettingsCategories(List, List, boolean) [11] operations=[COURSE, EXERCISE, COURSE], categories=[[category1, category2], [category1], [category1]], exerciseEnabled=true
    23:44:07.634 | 409 ool-1-worker-173 | DEBUG | d.t.c.a.a.c.u.util.UserUtilService   : Generate 1 students...
    23:44:07.637 | 409 ool-1-worker-173 | DEBUG | d.t.c.a.a.c.u.util.UserUtilService   : 1 students generated. Generate 0 tutors...
    23:44:07.639 | 409 ool-1-worker-173 | DEBUG | d.t.c.a.a.c.u.util.UserUtilService   : 0 tutors generated. Generate 0 editors...
    23:44:07.640 | 409 ool-1-worker-173 | DEBUG | d.t.c.a.a.c.u.util.UserUtilService   : 0 editors generated. Generate 1 instructors...
    23:44:07.642 | 409 ool-1-worker-173 | DEBUG | d.t.c.a.a.c.u.util.UserUtilService   : 1 instructors generated
    23:44:07.644 | 409 ool-1-worker-173 | DEBUG | d.t.c.a.a.c.u.util.UserUtilService   : Removing 2 users from all courses...
    23:44:07.644 | 409 ool-1-worker-173 | DEBUG | d.t.c.a.a.c.u.util.UserUtilService   : Removing 2 users from all courses. Done
    23:44:07.644 | 409 ool-1-worker-173 | DEBUG | d.t.c.a.a.c.u.util.UserUtilService   : Save 2 users to database...
    23:44:07.647 | 409 ool-1-worker-173 | DEBUG | d.t.c.a.a.c.u.util.UserUtilService   : Save 2 users to database. Done
    23:44:07.671 | 409 ool-1-worker-173 | INFO  | i.z.t.d.l.EmbeddedDatabaseReporter   : JDBC URL to connect to 'dataSource': url='jdbc:h2:tcp://localhost:41063/mem:f240edcd-27ce-47a3-b4ab-a6a00c154135;USER=sa', scope='IrisSettingsIntegrationTest#updateCourseSettingsCategories'
    23:44:07.674 | 409 ool-1-worker-173 | DEBUG | d.t.c.a.a.c.s.f.ApiVersionFilter     : Adding Version to Request GET /api/courses/407/raw-iris-settings
    23:44:07.680 | 409 ool-1-worker-173 | DEBUG | d.t.c.a.a.c.s.f.ApiVersionFilter     : Adding Version to Request PUT /api/courses/407/raw-iris-settings
    23:44:07.690 | 409 ool-1-worker-173 | DEBUG | d.t.c.a.a.c.s.f.ApiVersionFilter     : Adding Version to Request PUT /api/programming-exercises
    23:44:07.691 | 409 ool-1-worker-173 | DEBUG | .a.a.p.w.ProgrammingExerciseResource : REST request to update ProgrammingExercise : ProgrammingExercise{id=644, templateRepositoryUri='http://localhost:49152/git/SHORTCA78B85D0B9E204B920A7070B8B4EA95B47FTSTEXC/shortca78b85d0b9e204b920a7070b8b4ea95b47ftstexc-exercise.git', solutionRepositoryUri='http://localhost:49152/git/SHORTCA78B85D0B9E204B920A7070B8B4EA95B47FTSTEXC/shortca78b85d0b9e204b920a7070b8b4ea95b47ftstexc-solution.git', templateBuildPlanId='SHORTCA78B85D0B9E204B920A7070B8B4EA95B47FTSTEXC-BASE', solutionBuildPlanId='SHORTCA78B85D0B9E204B920A7070B8B4EA95B47FTSTEXC-SOLUTION', allowOnlineEditor='true', allowOnlineIde='false', programmingLanguage='JAVA', packageName='de.test'', testCasesChanged='false'}
    23:44:07.700 | 409 ool-1-worker-173 | INFO  | .c.s.m.InstanceMessageReceiveService : Received schedule update for programming exercise 644
    23:44:07.702 | 409 ool-1-worker-173 | DEBUG | t.c.a.a.e.s.ExerciseLifecycleService : Scheduled 1 Tasks for Exercise "Programming" (#644) to trigger on RELEASE.
    23:44:07.702 | 409 ool-1-worker-173 | DEBUG | s.ProgrammingExerciseScheduleService : Scheduled combining template commits before release date for Programming Exercise "Programming" (#644) for 2025-02-15T23:44:07.647778Z.
    23:44:07.702 | 409 ool-1-worker-173 | DEBUG | t.c.a.a.e.s.ExerciseLifecycleService : Scheduled Task for Exercise "Programming" (#644) to trigger on DUE.
    23:44:07.702 | 409 ool-1-worker-173 | DEBUG | s.ProgrammingExerciseScheduleService : Scheduled lock student repositories after due date for Programming Exercise 'Programming' (#644) for 2025-02-16T23:44:07.647780Z.
    23:44:07.702 | 409 ool-1-worker-173 | DEBUG | t.c.a.a.e.s.ExerciseLifecycleService : Scheduled Task for Exercise "Programming" (#644) to trigger on BUILD_AND_TEST_AFTER_DUE_DATE.
    23:44:07.702 | 409 ool-1-worker-173 | DEBUG | s.ProgrammingExerciseScheduleService : Scheduled build and test for student submissions after due date for Programming Exercise 'Programming' (#644) for 2025-02-19T23:44:07.647782Z.
    23:44:07.703 | 409 ool-1-worker-173 | INFO  | .c.s.m.InstanceMessageReceiveService : Received schedule update for potential Athena exercise 644
    23:44:07.707 | 409 ool-1-worker-173 | INFO  | d.t.c.a.a.e.service.ExerciseService  : User irissettingsintegrationinstructor1 has updated ProgrammingExercise Programming with id 644
    23:44:07.709 | 409 ool-1-worker-173 | DEBUG | d.t.c.a.a.c.s.f.ApiVersionFilter     : Adding Version to Request PUT /api/text-exercises
    23:44:07.710 | 409 ool-1-worker-173 | DEBUG | d.t.c.a.a.t.web.TextExerciseResource : REST request to update TextExercise : TextExercise{id=645, exampleSolution='This is my example solution'}
    23:44:07.719 | 409 ool-1-worker-173 | INFO  | d.t.c.a.a.e.service.ExerciseService  : User irissettingsintegrationinstructor1 has updated TextExercise e4efede7-229f-4bfb-8758-74b26670935c with id 645
    23:44:07.720 | 409 ool-1-worker-173 | INFO  | .c.s.m.InstanceMessageReceiveService : Received schedule update for potential Athena exercise 645
    23:44:07.725 | 409 ool-1-worker-173 | DEBUG | d.t.c.a.a.c.s.f.ApiVersionFilter     : Adding Version to Request GET /api/courses/407/raw-iris-settings
    23:44:07.730 | 409 ool-1-worker-173 | DEBUG | d.t.c.a.a.c.s.f.ApiVersionFilter     : Adding Version to Request PUT /api/courses/407/raw-iris-settings
    23:44:07.740 | 409 ool-1-worker-173 | DEBUG | d.t.c.a.a.c.s.f.ApiVersionFilter     : Adding Version to Request GET /api/exercises/644/raw-iris-settings
    23:44:07.745 | 409 ool-1-worker-173 | DEBUG | d.t.c.a.a.c.s.f.ApiVersionFilter     : Adding Version to Request GET /api/exercises/645/raw-iris-settings

  Starting logs for IrisSettingsIntegrationTest > getMissingSettingsForCourse()
    23:44:07.771 | 409 ool-1-worker-173 | DEBUG | d.t.c.a.a.c.u.util.UserUtilService   : Generate 1 students...
    23:44:07.777 | 409 ool-1-worker-173 | DEBUG | d.t.c.a.a.c.u.util.UserUtilService   : 1 students generated. Generate 0 tutors...
    23:44:07.781 | 409 ool-1-worker-173 | DEBUG | d.t.c.a.a.c.u.util.UserUtilService   : 0 tutors generated. Generate 0 editors...
    23:44:07.782 | 409 ool-1-worker-173 | DEBUG | d.t.c.a.a.c.u.util.UserUtilService   : 0 editors generated. Generate 1 instructors...
    23:44:07.788 | 409 ool-1-worker-173 | DEBUG | d.t.c.a.a.c.u.util.UserUtilService   : 1 instructors generated
    23:44:07.789 | 409 ool-1-worker-173 | DEBUG | d.t.c.a.a.c.u.util.UserUtilService   : Removing 2 users from all courses...
    23:44:07.792 | 409 ool-1-worker-173 | DEBUG | d.t.c.a.a.c.u.util.UserUtilService   : Removing 2 users from all courses. Done
    23:44:07.792 | 409 ool-1-worker-173 | DEBUG | d.t.c.a.a.c.u.util.UserUtilService   : Save 2 users to database...
    23:44:07.795 | 409 ool-1-worker-173 | DEBUG | d.t.c.a.a.c.u.util.UserUtilService   : Save 2 users to database. Done
    23:44:07.829 | 409 ool-1-worker-173 | INFO  | i.z.t.d.l.EmbeddedDatabaseReporter   : JDBC URL to connect to 'dataSource': url='jdbc:h2:tcp://localhost:41063/mem:f240edcd-27ce-47a3-b4ab-a6a00c154135;USER=sa', scope='IrisSettingsIntegrationTest#getMissingSettingsForCourse'
    23:44:07.835 | 409 ool-1-worker-173 | DEBUG | d.t.c.a.a.c.s.f.ApiVersionFilter     : Adding Version to Request GET /api/courses/408/raw-iris-settings
    23:44:07.843 | 409 ool-1-worker-173 | DEBUG | d.t.c.a.a.c.s.f.ApiVersionFilter     : Adding Version to Request GET /api/courses/408/iris-settings

  Starting logs for IrisSettingsIntegrationTest > getCourseSettings()
    23:44:07.877 | 409 ool-1-worker-173 | DEBUG | d.t.c.a.a.c.u.util.UserUtilService   : Generate 1 students...
    23:44:07.883 | 409 ool-1-worker-173 | DEBUG | d.t.c.a.a.c.u.util.UserUtilService   : 1 students generated. Generate 0 tutors...
    23:44:07.886 | 409 ool-1-worker-173 | DEBUG | d.t.c.a.a.c.u.util.UserUtilService   : 0 tutors generated. Generate 0 editors...
    23:44:07.888 | 409 ool-1-worker-173 | DEBUG | d.t.c.a.a.c.u.util.UserUtilService   : 0 editors generated. Generate 1 instructors...
    23:44:07.890 | 409 ool-1-worker-173 | DEBUG | d.t.c.a.a.c.u.util.UserUtilService   : 1 instructors generated
    23:44:07.893 | 409 ool-1-worker-173 | DEBUG | d.t.c.a.a.c.u.util.UserUtilService   : Removing 2 users from all courses...
    23:44:07.894 | 409 ool-1-worker-173 | DEBUG | d.t.c.a.a.c.u.util.UserUtilService   : Removing 2 users from all courses. Done
    23:44:07.894 | 409 ool-1-worker-173 | DEBUG | d.t.c.a.a.c.u.util.UserUtilService   : Save 2 users to database...
    23:44:07.896 | 409 ool-1-worker-173 | DEBUG | d.t.c.a.a.c.u.util.UserUtilService   : Save 2 users to database. Done
    23:44:07.922 | 409 ool-1-worker-173 | INFO  | i.z.t.d.l.EmbeddedDatabaseReporter   : JDBC URL to connect to 'dataSource': url='jdbc:h2:tcp://localhost:41063/mem:f240edcd-27ce-47a3-b4ab-a6a00c154135;USER=sa', scope='IrisSettingsIntegrationTest#getCourseSettings'
    23:44:07.927 | 409 ool-1-worker-173 | DEBUG | d.t.c.a.a.c.s.f.ApiVersionFilter     : Adding Version to Request GET /api/courses/409/raw-iris-settings
    23:44:07.931 | 409 ool-1-worker-173 | DEBUG | d.t.c.a.a.c.s.f.ApiVersionFilter     : Adding Version to Request GET /api/courses/409/iris-settings

  Starting logs for IrisSettingsIntegrationTest > getCourseSettingsAsUser()
    23:44:07.990 | 409 ool-1-worker-173 | DEBUG | d.t.c.a.a.c.u.util.UserUtilService   : Generate 1 students...
    23:44:07.993 | 409 ool-1-worker-173 | DEBUG | d.t.c.a.a.c.u.util.UserUtilService   : 1 students generated. Generate 0 tutors...
    23:44:07.994 | 409 ool-1-worker-173 | DEBUG | d.t.c.a.a.c.u.util.UserUtilService   : 0 tutors generated. Generate 0 editors...
    23:44:07.995 | 409 ool-1-worker-173 | DEBUG | d.t.c.a.a.c.u.util.UserUtilService   : 0 editors generated. Generate 1 instructors...
    23:44:07.998 | 409 ool-1-worker-173 | DEBUG | d.t.c.a.a.c.u.util.UserUtilService   : 1 instructors generated
    23:44:07.999 | 409 ool-1-worker-173 | DEBUG | d.t.c.a.a.c.u.util.UserUtilService   : Removing 2 users from all courses...
    23:44:08.003 | 409 ool-1-worker-173 | DEBUG | d.t.c.a.a.c.u.util.UserUtilService   : Removing 2 users from all courses. Done
    23:44:08.003 | 409 ool-1-worker-173 | DEBUG | d.t.c.a.a.c.u.util.UserUtilService   : Save 2 users to database...
    23:44:08.008 | 409 ool-1-worker-173 | DEBUG | d.t.c.a.a.c.u.util.UserUtilService   : Save 2 users to database. Done
    23:44:08.071 | 409 ool-1-worker-173 | INFO  | i.z.t.d.l.EmbeddedDatabaseReporter   : JDBC URL to connect to 'dataSource': url='jdbc:h2:tcp://localhost:41063/mem:f240edcd-27ce-47a3-b4ab-a6a00c154135;USER=sa', scope='IrisSettingsIntegrationTest#getCourseSettingsAsUser'
    23:44:08.077 | 409 ool-1-worker-173 | DEBUG | d.t.c.a.a.c.s.f.ApiVersionFilter     : Adding Version to Request GET /api/courses/410/raw-iris-settings
    23:44:08.079 | 409 ool-1-worker-173 | WARN  | o.z.p.spring.common.AdviceTraits     : Forbidden: Access Denied
    23:44:08.085 | 409 ool-1-worker-173 | DEBUG | d.t.c.a.a.c.s.f.ApiVersionFilter     : Adding Version to Request GET /api/courses/410/iris-settings

  Starting logs for IrisSettingsIntegrationTest > getProgrammingExerciseSettings()
    23:44:08.134 | 409 ool-1-worker-173 | DEBUG | d.t.c.a.a.c.u.util.UserUtilService   : Generate 1 students...
    23:44:08.140 | 409 ool-1-worker-173 | DEBUG | d.t.c.a.a.c.u.util.UserUtilService   : 1 students generated. Generate 0 tutors...
    23:44:08.141 | 409 ool-1-worker-173 | DEBUG | d.t.c.a.a.c.u.util.UserUtilService   : 0 tutors generated. Generate 0 editors...
    23:44:08.145 | 409 ool-1-worker-173 | DEBUG | d.t.c.a.a.c.u.util.UserUtilService   : 0 editors generated. Generate 1 instructors...
    23:44:08.150 | 409 ool-1-worker-173 | DEBUG | d.t.c.a.a.c.u.util.UserUtilService   : 1 instructors generated
    23:44:08.152 | 409 ool-1-worker-173 | DEBUG | d.t.c.a.a.c.u.util.UserUtilService   : Removing 2 users from all courses...
    23:44:08.153 | 409 ool-1-worker-173 | DEBUG | d.t.c.a.a.c.u.util.UserUtilService   : Removing 2 users from all courses. Done
    23:44:08.153 | 409 ool-1-worker-173 | DEBUG | d.t.c.a.a.c.u.util.UserUtilService   : Save 2 users to database...
    23:44:08.156 | 409 ool-1-worker-173 | DEBUG | d.t.c.a.a.c.u.util.UserUtilService   : Save 2 users to database. Done
    23:44:08.185 | 409 ool-1-worker-173 | INFO  | i.z.t.d.l.EmbeddedDatabaseReporter   : JDBC URL to connect to 'dataSource': url='jdbc:h2:tcp://localhost:41063/mem:f240edcd-27ce-47a3-b4ab-a6a00c154135;USER=sa', scope='IrisSettingsIntegrationTest#getProgrammingExerciseSettings'
    23:44:08.189 | 409 ool-1-worker-173 | DEBUG | d.t.c.a.a.c.s.f.ApiVersionFilter     : Adding Version to Request GET /api/exercises/652/raw-iris-settings
    23:44:08.194 | 409 ool-1-worker-173 | DEBUG | d.t.c.a.a.c.s.f.ApiVersionFilter     : Adding Version to Request GET /api/exercises/652/iris-settings

  Starting logs for IrisSettingsIntegrationTest > updateCourseSettings1()
    23:44:08.226 | 409 ool-1-worker-173 | DEBUG | d.t.c.a.a.c.u.util.UserUtilService   : Generate 1 students...
    23:44:08.228 | 409 ool-1-worker-173 | DEBUG | d.t.c.a.a.c.u.util.UserUtilService   : 1 students generated. Generate 0 tutors...
    23:44:08.230 | 409 ool-1-worker-173 | DEBUG | d.t.c.a.a.c.u.util.UserUtilService   : 0 tutors generated. Generate 0 editors...
    23:44:08.231 | 409 ool-1-worker-173 | DEBUG | d.t.c.a.a.c.u.util.UserUtilService   : 0 editors generated. Generate 1 instructors...
    23:44:08.234 | 409 ool-1-worker-173 | DEBUG | d.t.c.a.a.c.u.util.UserUtilService   : 1 instructors generated
    23:44:08.235 | 409 ool-1-worker-173 | DEBUG | d.t.c.a.a.c.u.util.UserUtilService   : Removing 2 users from all courses...
    23:44:08.236 | 409 ool-1-worker-173 | DEBUG | d.t.c.a.a.c.u.util.UserUtilService   : Removing 2 users from all courses. Done
    23:44:08.236 | 409 ool-1-worker-173 | DEBUG | d.t.c.a.a.c.u.util.UserUtilService   : Save 2 users to database...
    23:44:08.239 | 409 ool-1-worker-173 | DEBUG | d.t.c.a.a.c.u.util.UserUtilService   : Save 2 users to database. Done
    23:44:08.275 | 409 ool-1-worker-173 | INFO  | i.z.t.d.l.EmbeddedDatabaseReporter   : JDBC URL to connect to 'dataSource': url='jdbc:h2:tcp://localhost:41063/mem:f240edcd-27ce-47a3-b4ab-a6a00c154135;USER=sa', scope='IrisSettingsIntegrationTest#updateCourseSettings1'
    23:44:08.283 | 409 ool-1-worker-173 | DEBUG | d.t.c.a.a.c.s.f.ApiVersionFilter     : Adding Version to Request GET /api/courses/412/raw-iris-settings
    23:44:08.288 | 409 ool-1-worker-173 | DEBUG | d.t.c.a.a.c.s.f.ApiVersionFilter     : Adding Version to Request PUT /api/courses/412/raw-iris-settings
    23:44:08.293 | 409 ool-1-worker-173 | DEBUG | d.t.c.a.a.c.s.f.ApiVersionFilter     : Adding Version to Request GET /api/courses/412/raw-iris-settings

  Starting logs for IrisSettingsIntegrationTest > updateCourseSettings2()
    23:44:08.319 | 409 ool-1-worker-173 | DEBUG | d.t.c.a.a.c.u.util.UserUtilService   : Generate 1 students...
    23:44:08.322 | 409 ool-1-worker-173 | DEBUG | d.t.c.a.a.c.u.util.UserUtilService   : 1 students generated. Generate 0 tutors...
    23:44:08.323 | 409 ool-1-worker-173 | DEBUG | d.t.c.a.a.c.u.util.UserUtilService   : 0 tutors generated. Generate 0 editors...
    23:44:08.324 | 409 ool-1-worker-173 | DEBUG | d.t.c.a.a.c.u.util.UserUtilService   : 0 editors generated. Generate 1 instructors...
    23:44:08.327 | 409 ool-1-worker-173 | DEBUG | d.t.c.a.a.c.u.util.UserUtilService   : 1 instructors generated
    23:44:08.329 | 409 ool-1-worker-173 | DEBUG | d.t.c.a.a.c.u.util.UserUtilService   : Removing 2 users from all courses...
    23:44:08.329 | 409 ool-1-worker-173 | DEBUG | d.t.c.a.a.c.u.util.UserUtilService   : Removing 2 users from all courses. Done
    23:44:08.329 | 409 ool-1-worker-173 | DEBUG | d.t.c.a.a.c.u.util.UserUtilService   : Save 2 users to database...
    23:44:08.332 | 409 ool-1-worker-173 | DEBUG | d.t.c.a.a.c.u.util.UserUtilService   : Save 2 users to database. Done
    23:44:08.365 | 409 ool-1-worker-173 | INFO  | i.z.t.d.l.EmbeddedDatabaseReporter   : JDBC URL to connect to 'dataSource': url='jdbc:h2:tcp://localhost:41063/mem:f240edcd-27ce-47a3-b4ab-a6a00c154135;USER=sa', scope='IrisSettingsIntegrationTest#updateCourseSettings2'
    23:44:08.369 | 409 ool-1-worker-173 | DEBUG | d.t.c.a.a.c.s.f.ApiVersionFilter     : Adding Version to Request GET /api/courses/413/raw-iris-settings
    23:44:08.375 | 409 ool-1-worker-173 | DEBUG | d.t.c.a.a.c.s.f.ApiVersionFilter     : Adding Version to Request PUT /api/courses/413/raw-iris-settings
    23:44:08.382 | 409 ool-1-worker-173 | DEBUG | d.t.c.a.a.c.s.f.ApiVersionFilter     : Adding Version to Request GET /api/courses/413/raw-iris-settings

  Starting logs for IrisSettingsIntegrationTest > updateCourseSettings3()
    23:44:08.407 | 409 ool-1-worker-173 | DEBUG | d.t.c.a.a.c.u.util.UserUtilService   : Generate 1 students...
    23:44:08.410 | 409 ool-1-worker-173 | DEBUG | d.t.c.a.a.c.u.util.UserUtilService   : 1 students generated. Generate 0 tutors...
    23:44:08.412 | 409 ool-1-worker-173 | DEBUG | d.t.c.a.a.c.u.util.UserUtilService   : 0 tutors generated. Generate 0 editors...
    23:44:08.413 | 409 ool-1-worker-173 | DEBUG | d.t.c.a.a.c.u.util.UserUtilService   : 0 editors generated. Generate 1 instructors...
    23:44:08.416 | 409 ool-1-worker-173 | DEBUG | d.t.c.a.a.c.u.util.UserUtilService   : 1 instructors generated
    23:44:08.417 | 409 ool-1-worker-173 | DEBUG | d.t.c.a.a.c.u.util.UserUtilService   : Removing 2 users from all courses...
    23:44:08.418 | 409 ool-1-worker-173 | DEBUG | d.t.c.a.a.c.u.util.UserUtilService   : Removing 2 users from all courses. Done
    23:44:08.418 | 409 ool-1-worker-173 | DEBUG | d.t.c.a.a.c.u.util.UserUtilService   : Save 2 users to database...
    23:44:08.421 | 409 ool-1-worker-173 | DEBUG | d.t.c.a.a.c.u.util.UserUtilService   : Save 2 users to database. Done
    23:44:08.449 | 409 ool-1-worker-173 | INFO  | i.z.t.d.l.EmbeddedDatabaseReporter   : JDBC URL to connect to 'dataSource': url='jdbc:h2:tcp://localhost:41063/mem:f240edcd-27ce-47a3-b4ab-a6a00c154135;USER=sa', scope='IrisSettingsIntegrationTest#updateCourseSettings3'
    23:44:08.452 | 409 ool-1-worker-173 | DEBUG | d.t.c.a.a.c.s.f.ApiVersionFilter     : Adding Version to Request PUT /api/courses/414/raw-iris-settings
    23:44:08.457 | 409 ool-1-worker-173 | DEBUG | d.t.c.a.a.c.s.f.ApiVersionFilter     : Adding Version to Request GET /api/courses/414/raw-iris-settings

  Starting logs for IrisSettingsIntegrationTest > updateCourseSettings4()
    23:44:08.497 | 409 ool-1-worker-173 | DEBUG | d.t.c.a.a.c.u.util.UserUtilService   : Generate 1 students...
    23:44:08.500 | 409 ool-1-worker-173 | DEBUG | d.t.c.a.a.c.u.util.UserUtilService   : 1 students generated. Generate 0 tutors...
    23:44:08.501 | 409 ool-1-worker-173 | DEBUG | d.t.c.a.a.c.u.util.UserUtilService   : 0 tutors generated. Generate 0 editors...
    23:44:08.503 | 409 ool-1-worker-173 | DEBUG | d.t.c.a.a.c.u.util.UserUtilService   : 0 editors generated. Generate 1 instructors...
    23:44:08.505 | 409 ool-1-worker-173 | DEBUG | d.t.c.a.a.c.u.util.UserUtilService   : 1 instructors generated
    23:44:08.507 | 409 ool-1-worker-173 | DEBUG | d.t.c.a.a.c.u.util.UserUtilService   : Removing 2 users from all courses...
    23:44:08.508 | 409 ool-1-worker-173 | DEBUG | d.t.c.a.a.c.u.util.UserUtilService   : Removing 2 users from all courses. Done
    23:44:08.508 | 409 ool-1-worker-173 | DEBUG | d.t.c.a.a.c.u.util.UserUtilService   : Save 2 users to database...
    23:44:08.510 | 409 ool-1-worker-173 | DEBUG | d.t.c.a.a.c.u.util.UserUtilService   : Save 2 users to database. Done
    23:44:08.541 | 409 ool-1-worker-173 | INFO  | i.z.t.d.l.EmbeddedDatabaseReporter   : JDBC URL to connect to 'dataSource': url='jdbc:h2:tcp://localhost:41063/mem:f240edcd-27ce-47a3-b4ab-a6a00c154135;USER=sa', scope='IrisSettingsIntegrationTest#updateCourseSettings4'
    23:44:08.546 | 409 ool-1-worker-173 | DEBUG | d.t.c.a.a.c.s.f.ApiVersionFilter     : Adding Version to Request GET /api/courses/415/raw-iris-settings
    23:44:08.558 | 409 ool-1-worker-173 | DEBUG | d.t.c.a.a.c.s.f.ApiVersionFilter     : Adding Version to Request PUT /api/courses/415/raw-iris-settings
    23:44:08.574 | 409 ool-1-worker-173 | DEBUG | d.t.c.a.a.c.s.f.ApiVersionFilter     : Adding Version to Request GET /api/courses/415/raw-iris-settings

Finished logs for IrisSettingsIntegrationTest
]]></system-out>
  <system-err><![CDATA[]]></system-err>
</testsuite>
