<?xml version="1.0" encoding="UTF-8"?>
<testsuite name="de.tum.cit.aet.artemis.plagiarism.PlagiarismCaseIntegrationTest" tests="29" skipped="0" failures="0" errors="0" timestamp="2025-02-14T23:47:12" hostname="fv-az1721-502" time="3.45">
  <properties/>
  <testcase name="testSavePlagiarismCaseVerdict_forbidden_tutor()" classname="de.tum.cit.aet.artemis.plagiarism.PlagiarismCaseIntegrationTest" time="0.099"/>
  <testcase name="testNumberOfPlagiarismResultsForExercise_instructorNotInCourse_forbidden()" classname="de.tum.cit.aet.artemis.plagiarism.PlagiarismCaseIntegrationTest" time="0.085"/>
  <testcase name="testSavePlagiarismCaseVerdict_forbidden_editor()" classname="de.tum.cit.aet.artemis.plagiarism.PlagiarismCaseIntegrationTest" time="0.062"/>
  <testcase name="testGetPlagiarismCaseForInstructor()" classname="de.tum.cit.aet.artemis.plagiarism.PlagiarismCaseIntegrationTest" time="0.103"/>
  <testcase name="testNumberOfPlagiarismResultsForExercise_tutor_forbidden()" classname="de.tum.cit.aet.artemis.plagiarism.PlagiarismCaseIntegrationTest" time="0.143"/>
  <testcase name="testGetMultiplePlagiarismCaseInfosForStudent()" classname="de.tum.cit.aet.artemis.plagiarism.PlagiarismCaseIntegrationTest" time="0.198"/>
  <testcase name="testSavePlagiarismCaseVerdict_warning()" classname="de.tum.cit.aet.artemis.plagiarism.PlagiarismCaseIntegrationTest" time="0.152"/>
  <testcase name="testGetPlagiarismCasesForCourseForInstructor()" classname="de.tum.cit.aet.artemis.plagiarism.PlagiarismCaseIntegrationTest" time="0.094"/>
  <testcase name="testNumberOfPlagiarismCasesForExercise_instructor_correct()" classname="de.tum.cit.aet.artemis.plagiarism.PlagiarismCaseIntegrationTest" time="0.105"/>
  <testcase name="testGetPlagiarismCaseInfoReturnsEmptyWithoutPostForStudent()" classname="de.tum.cit.aet.artemis.plagiarism.PlagiarismCaseIntegrationTest" time="0.153"/>
  <testcase name="testGetMultiplePlagiarismCaseInfosForStudent_conflict()" classname="de.tum.cit.aet.artemis.plagiarism.PlagiarismCaseIntegrationTest" time="0.225"/>
  <testcase name="testGetPlagiarismCasesForExamForInstructor_forbidden_editor()" classname="de.tum.cit.aet.artemis.plagiarism.PlagiarismCaseIntegrationTest" time="0.111"/>
  <testcase name="testGetPlagiarismCaseForInstructor_forbidden_tutor()" classname="de.tum.cit.aet.artemis.plagiarism.PlagiarismCaseIntegrationTest" time="0.092"/>
  <testcase name="testSavePlagiarismCaseVerdict_pointDeduction()" classname="de.tum.cit.aet.artemis.plagiarism.PlagiarismCaseIntegrationTest" time="0.146"/>
  <testcase name="testGetPlagiarismCasesForExamForInstructor()" classname="de.tum.cit.aet.artemis.plagiarism.PlagiarismCaseIntegrationTest" time="0.104"/>
  <testcase name="testPlagiarismCase_getStudents()" classname="de.tum.cit.aet.artemis.plagiarism.PlagiarismCaseIntegrationTest" time="0.071"/>
  <testcase name="testSavePlagiarismCaseVerdict_forbidden_student()" classname="de.tum.cit.aet.artemis.plagiarism.PlagiarismCaseIntegrationTest" time="0.134"/>
  <testcase name="testGetPlagiarismCaseInfoWithoutVerdictForExerciseForStudent()" classname="de.tum.cit.aet.artemis.plagiarism.PlagiarismCaseIntegrationTest" time="0.168"/>
  <testcase name="testGetPlagiarismCasesForCourseForInstructor_forbidden_tutor()" classname="de.tum.cit.aet.artemis.plagiarism.PlagiarismCaseIntegrationTest" time="0.171"/>
  <testcase name="testGetPlagiarismCaseForInstructor_forbidden_editor()" classname="de.tum.cit.aet.artemis.plagiarism.PlagiarismCaseIntegrationTest" time="0.118"/>
  <testcase name="testGetPlagiarismCaseForStudent()" classname="de.tum.cit.aet.artemis.plagiarism.PlagiarismCaseIntegrationTest" time="0.134"/>
  <testcase name="testGetPlagiarismCaseForInstructor_forbidden_student()" classname="de.tum.cit.aet.artemis.plagiarism.PlagiarismCaseIntegrationTest" time="0.069"/>
  <testcase name="testGetPlagiarismCasesForCourseForInstructor_forbidden_editor()" classname="de.tum.cit.aet.artemis.plagiarism.PlagiarismCaseIntegrationTest" time="0.07"/>
  <testcase name="testGetPlagiarismCasesForExamForInstructor_wrongCourse()" classname="de.tum.cit.aet.artemis.plagiarism.PlagiarismCaseIntegrationTest" time="0.095"/>
  <testcase name="testGetPlagiarismCasesForExamForInstructor_forbidden_student()" classname="de.tum.cit.aet.artemis.plagiarism.PlagiarismCaseIntegrationTest" time="0.087"/>
  <testcase name="testGetPlagiarismCaseForStudent_forbidden()" classname="de.tum.cit.aet.artemis.plagiarism.PlagiarismCaseIntegrationTest" time="0.092"/>
  <testcase name="testGetPlagiarismCasesForExamForInstructor_forbidden_tutor()" classname="de.tum.cit.aet.artemis.plagiarism.PlagiarismCaseIntegrationTest" time="0.131"/>
  <testcase name="testGetPlagiarismCasesForCourseForInstructor_forbidden_student()" classname="de.tum.cit.aet.artemis.plagiarism.PlagiarismCaseIntegrationTest" time="0.078"/>
  <testcase name="testGetPlagiarismCaseInfoWithVerdictForExerciseForStudent()" classname="de.tum.cit.aet.artemis.plagiarism.PlagiarismCaseIntegrationTest" time="0.097"/>
  <system-out><![CDATA[
Starting logs for PlagiarismCaseIntegrationTest

  Starting logs for PlagiarismCaseIntegrationTest > testSavePlagiarismCaseVerdict_forbidden_tutor()
    23:47:12.757 | 434 ool-1-worker-198 | DEBUG | d.t.c.a.a.c.u.util.UserUtilService   : Generate 10 students...
    23:47:12.764 | 434 ool-1-worker-198 | DEBUG | d.t.c.a.a.c.u.util.UserUtilService   : 10 students generated. Generate 1 tutors...
    23:47:12.766 | 434 ool-1-worker-198 | DEBUG | d.t.c.a.a.c.u.util.UserUtilService   : 1 tutors generated. Generate 1 editors...
    23:47:12.768 | 434 ool-1-worker-198 | DEBUG | d.t.c.a.a.c.u.util.UserUtilService   : 1 editors generated. Generate 1 instructors...
    23:47:12.770 | 434 ool-1-worker-198 | DEBUG | d.t.c.a.a.c.u.util.UserUtilService   : 1 instructors generated
    23:47:12.774 | 434 ool-1-worker-198 | DEBUG | d.t.c.a.a.c.u.util.UserUtilService   : Removing 13 users from all courses...
    23:47:12.776 | 434 ool-1-worker-198 | DEBUG | d.t.c.a.a.c.u.util.UserUtilService   : Removing 13 users from all courses. Done
    23:47:12.776 | 434 ool-1-worker-198 | DEBUG | d.t.c.a.a.c.u.util.UserUtilService   : Save 13 users to database...
    23:47:12.785 | 434 ool-1-worker-198 | DEBUG | d.t.c.a.a.c.u.util.UserUtilService   : Save 13 users to database. Done
    23:47:12.840 | 434 ool-1-worker-198 | INFO  | i.z.t.d.l.EmbeddedDatabaseReporter   : JDBC URL to connect to 'dataSource': url='jdbc:h2:tcp://localhost:41063/mem:df70fc46-7e57-4cb5-9cd0-c1d90c14afa7;USER=sa', scope='PlagiarismCaseIntegrationTest#testSavePlagiarismCaseVerdict_forbidden_tutor'
    23:47:12.842 | 434 ool-1-worker-198 | DEBUG | d.t.c.a.a.c.s.f.ApiVersionFilter     : Adding Version to Request PUT /api/courses/1/plagiarism-cases/1/verdict
    23:47:12.843 | 434 ool-1-worker-198 | WARN  | o.z.p.spring.common.AdviceTraits     : Forbidden: Access Denied

  Starting logs for PlagiarismCaseIntegrationTest > testNumberOfPlagiarismResultsForExercise_instructorNotInCourse_forbidden()
    23:47:12.854 | 434 ool-1-worker-198 | DEBUG | d.t.c.a.a.c.u.util.UserUtilService   : Generate 10 students...
    23:47:12.868 | 434 ool-1-worker-198 | DEBUG | d.t.c.a.a.c.u.util.UserUtilService   : 10 students generated. Generate 1 tutors...
    23:47:12.871 | 434 ool-1-worker-198 | DEBUG | d.t.c.a.a.c.u.util.UserUtilService   : 1 tutors generated. Generate 1 editors...
    23:47:12.874 | 434 ool-1-worker-198 | DEBUG | d.t.c.a.a.c.u.util.UserUtilService   : 1 editors generated. Generate 1 instructors...
    23:47:12.878 | 434 ool-1-worker-198 | DEBUG | d.t.c.a.a.c.u.util.UserUtilService   : 1 instructors generated
    23:47:12.880 | 434 ool-1-worker-198 | DEBUG | d.t.c.a.a.c.u.util.UserUtilService   : Removing 13 users from all courses...
    23:47:12.882 | 434 ool-1-worker-198 | DEBUG | d.t.c.a.a.c.u.util.UserUtilService   : Removing 13 users from all courses. Done
    23:47:12.882 | 434 ool-1-worker-198 | DEBUG | d.t.c.a.a.c.u.util.UserUtilService   : Save 13 users to database...
    23:47:12.903 | 434 ool-1-worker-198 | DEBUG | d.t.c.a.a.c.u.util.UserUtilService   : Save 13 users to database. Done
    23:47:12.921 | 434 ool-1-worker-198 | INFO  | i.z.t.d.l.EmbeddedDatabaseReporter   : JDBC URL to connect to 'dataSource': url='jdbc:h2:tcp://localhost:41063/mem:df70fc46-7e57-4cb5-9cd0-c1d90c14afa7;USER=sa', scope='PlagiarismCaseIntegrationTest#testNumberOfPlagiarismResultsForExercise_instructorNotInCourse_forbidden'
    23:47:12.926 | 434 ool-1-worker-198 | DEBUG | d.t.c.a.a.c.s.f.ApiVersionFilter     : Adding Version to Request GET /api/courses/2402/exercises/3186/plagiarism-cases-count
    23:47:12.926 | 434 ool-1-worker-198 | DEBUG | d.t.c.a.a.p.w.PlagiarismCaseResource : REST request to get number of plagiarism cases for exercise with id: 3186
    23:47:12.928 | 434 ool-1-worker-198 | WARN  | o.z.p.spring.common.AdviceTraits     : Forbidden: Only instructors of this course have access to its plagiarism cases.

  Starting logs for PlagiarismCaseIntegrationTest > testSavePlagiarismCaseVerdict_forbidden_editor()
    23:47:12.941 | 434 ool-1-worker-198 | DEBUG | d.t.c.a.a.c.u.util.UserUtilService   : Generate 10 students...
    23:47:12.955 | 434 ool-1-worker-198 | DEBUG | d.t.c.a.a.c.u.util.UserUtilService   : 10 students generated. Generate 1 tutors...
    23:47:12.957 | 434 ool-1-worker-198 | DEBUG | d.t.c.a.a.c.u.util.UserUtilService   : 1 tutors generated. Generate 1 editors...
    23:47:12.960 | 434 ool-1-worker-198 | DEBUG | d.t.c.a.a.c.u.util.UserUtilService   : 1 editors generated. Generate 1 instructors...
    23:47:12.963 | 434 ool-1-worker-198 | DEBUG | d.t.c.a.a.c.u.util.UserUtilService   : 1 instructors generated
    23:47:12.965 | 434 ool-1-worker-198 | DEBUG | d.t.c.a.a.c.u.util.UserUtilService   : Removing 13 users from all courses...
    23:47:12.966 | 434 ool-1-worker-198 | DEBUG | d.t.c.a.a.c.u.util.UserUtilService   : Removing 13 users from all courses. Done
    23:47:12.966 | 434 ool-1-worker-198 | DEBUG | d.t.c.a.a.c.u.util.UserUtilService   : Save 13 users to database...
    23:47:12.973 | 434 ool-1-worker-198 | DEBUG | d.t.c.a.a.c.u.util.UserUtilService   : Save 13 users to database. Done
    23:47:12.989 | 434 ool-1-worker-198 | INFO  | i.z.t.d.l.EmbeddedDatabaseReporter   : JDBC URL to connect to 'dataSource': url='jdbc:h2:tcp://localhost:41063/mem:df70fc46-7e57-4cb5-9cd0-c1d90c14afa7;USER=sa', scope='PlagiarismCaseIntegrationTest#testSavePlagiarismCaseVerdict_forbidden_editor'
    23:47:12.990 | 434 ool-1-worker-198 | DEBUG | d.t.c.a.a.c.s.f.ApiVersionFilter     : Adding Version to Request PUT /api/courses/1/plagiarism-cases/1/verdict
    23:47:12.990 | 434 ool-1-worker-198 | WARN  | o.z.p.spring.common.AdviceTraits     : Forbidden: Access Denied

  Starting logs for PlagiarismCaseIntegrationTest > testGetPlagiarismCaseForInstructor()
    23:47:13.004 | 434 ool-1-worker-198 | DEBUG | d.t.c.a.a.c.u.util.UserUtilService   : Generate 10 students...
    23:47:13.016 | 434 ool-1-worker-198 | DEBUG | d.t.c.a.a.c.u.util.UserUtilService   : 10 students generated. Generate 1 tutors...
    23:47:13.019 | 434 ool-1-worker-198 | DEBUG | d.t.c.a.a.c.u.util.UserUtilService   : 1 tutors generated. Generate 1 editors...
    23:47:13.022 | 434 ool-1-worker-198 | DEBUG | d.t.c.a.a.c.u.util.UserUtilService   : 1 editors generated. Generate 1 instructors...
    23:47:13.025 | 434 ool-1-worker-198 | DEBUG | d.t.c.a.a.c.u.util.UserUtilService   : 1 instructors generated
    23:47:13.027 | 434 ool-1-worker-198 | DEBUG | d.t.c.a.a.c.u.util.UserUtilService   : Removing 13 users from all courses...
    23:47:13.029 | 434 ool-1-worker-198 | DEBUG | d.t.c.a.a.c.u.util.UserUtilService   : Removing 13 users from all courses. Done
    23:47:13.029 | 434 ool-1-worker-198 | DEBUG | d.t.c.a.a.c.u.util.UserUtilService   : Save 13 users to database...
    23:47:13.038 | 434 ool-1-worker-198 | DEBUG | d.t.c.a.a.c.u.util.UserUtilService   : Save 13 users to database. Done
    23:47:13.060 | 434 ool-1-worker-198 | INFO  | i.z.t.d.l.EmbeddedDatabaseReporter   : JDBC URL to connect to 'dataSource': url='jdbc:h2:tcp://localhost:41063/mem:df70fc46-7e57-4cb5-9cd0-c1d90c14afa7;USER=sa', scope='PlagiarismCaseIntegrationTest#testGetPlagiarismCaseForInstructor'
    23:47:13.061 | 434 ool-1-worker-198 | DEBUG | d.t.c.a.a.c.s.f.ApiVersionFilter     : Adding Version to Request GET /api/courses/2406/plagiarism-cases/184/for-instructor
    23:47:13.062 | 434 ool-1-worker-198 | DEBUG | d.t.c.a.a.p.w.PlagiarismCaseResource : REST request to get plagiarism case for instructor with id: 184

  Starting logs for PlagiarismCaseIntegrationTest > testNumberOfPlagiarismResultsForExercise_tutor_forbidden()
    23:47:13.111 | 434 ool-1-worker-198 | DEBUG | d.t.c.a.a.c.u.util.UserUtilService   : Generate 10 students...
    23:47:13.140 | 434 ool-1-worker-198 | DEBUG | d.t.c.a.a.c.u.util.UserUtilService   : 10 students generated. Generate 1 tutors...
    23:47:13.146 | 434 ool-1-worker-198 | DEBUG | d.t.c.a.a.c.u.util.UserUtilService   : 1 tutors generated. Generate 1 editors...
    23:47:13.152 | 434 ool-1-worker-198 | DEBUG | d.t.c.a.a.c.u.util.UserUtilService   : 1 editors generated. Generate 1 instructors...
    23:47:13.158 | 434 ool-1-worker-198 | DEBUG | d.t.c.a.a.c.u.util.UserUtilService   : 1 instructors generated
    23:47:13.163 | 434 ool-1-worker-198 | DEBUG | d.t.c.a.a.c.u.util.UserUtilService   : Removing 13 users from all courses...
    23:47:13.165 | 434 ool-1-worker-198 | DEBUG | d.t.c.a.a.c.u.util.UserUtilService   : Removing 13 users from all courses. Done
    23:47:13.165 | 434 ool-1-worker-198 | DEBUG | d.t.c.a.a.c.u.util.UserUtilService   : Save 13 users to database...
    23:47:13.187 | 434 ool-1-worker-198 | DEBUG | d.t.c.a.a.c.u.util.UserUtilService   : Save 13 users to database. Done
    23:47:13.227 | 434 ool-1-worker-198 | INFO  | i.z.t.d.l.EmbeddedDatabaseReporter   : JDBC URL to connect to 'dataSource': url='jdbc:h2:tcp://localhost:41063/mem:df70fc46-7e57-4cb5-9cd0-c1d90c14afa7;USER=sa', scope='PlagiarismCaseIntegrationTest#testNumberOfPlagiarismResultsForExercise_tutor_forbidden'
    23:47:13.229 | 434 ool-1-worker-198 | DEBUG | d.t.c.a.a.c.s.f.ApiVersionFilter     : Adding Version to Request GET /api/courses/2408/exercises/3192/plagiarism-cases-count
    23:47:13.233 | 434 ool-1-worker-198 | WARN  | o.z.p.spring.common.AdviceTraits     : Forbidden: Access Denied

  Starting logs for PlagiarismCaseIntegrationTest > testGetMultiplePlagiarismCaseInfosForStudent()
    23:47:13.262 | 434 ool-1-worker-198 | DEBUG | d.t.c.a.a.c.u.util.UserUtilService   : Generate 10 students...
    23:47:13.290 | 434 ool-1-worker-198 | DEBUG | d.t.c.a.a.c.u.util.UserUtilService   : 10 students generated. Generate 1 tutors...
    23:47:13.296 | 434 ool-1-worker-198 | DEBUG | d.t.c.a.a.c.u.util.UserUtilService   : 1 tutors generated. Generate 1 editors...
    23:47:13.302 | 434 ool-1-worker-198 | DEBUG | d.t.c.a.a.c.u.util.UserUtilService   : 1 editors generated. Generate 1 instructors...
    23:47:13.308 | 434 ool-1-worker-198 | DEBUG | d.t.c.a.a.c.u.util.UserUtilService   : 1 instructors generated
    23:47:13.313 | 434 ool-1-worker-198 | DEBUG | d.t.c.a.a.c.u.util.UserUtilService   : Removing 13 users from all courses...
    23:47:13.315 | 434 ool-1-worker-198 | DEBUG | d.t.c.a.a.c.u.util.UserUtilService   : Removing 13 users from all courses. Done
    23:47:13.315 | 434 ool-1-worker-198 | DEBUG | d.t.c.a.a.c.u.util.UserUtilService   : Save 13 users to database...
    23:47:13.335 | 434 ool-1-worker-198 | DEBUG | d.t.c.a.a.c.u.util.UserUtilService   : Save 13 users to database. Done
    23:47:13.398 | 434 ool-1-worker-198 | INFO  | i.z.t.d.l.EmbeddedDatabaseReporter   : JDBC URL to connect to 'dataSource': url='jdbc:h2:tcp://localhost:41063/mem:df70fc46-7e57-4cb5-9cd0-c1d90c14afa7;USER=sa', scope='PlagiarismCaseIntegrationTest#testGetMultiplePlagiarismCaseInfosForStudent'
    23:47:13.399 | 434 ool-1-worker-198 | DEBUG | d.t.c.a.a.c.s.f.ApiVersionFilter     : Adding Version to Request GET /api/courses/2410/plagiarism-cases
    23:47:13.406 | 434 ool-1-worker-198 | DEBUG | d.t.c.a.a.p.w.PlagiarismCaseResource : REST request to all plagiarism cases for student and exercises with ids: [3194, 3195]
    23:47:13.428 | 434 ool-1-worker-198 | DEBUG | d.t.c.a.a.c.s.f.ApiVersionFilter     : Adding Version to Request GET /api/courses/2410/plagiarism-cases
    23:47:13.429 | 434 ool-1-worker-198 | WARN  | o.z.p.spring.common.AdviceTraits     : Bad Request: Required request parameter 'exerciseId' for method parameter type Set is not present
    23:47:13.431 | 434 ool-1-worker-198 | DEBUG | d.t.c.a.a.c.s.f.ApiVersionFilter     : Adding Version to Request GET /api/courses/2410/plagiarism-cases
    23:47:13.432 | 434 ool-1-worker-198 | DEBUG | d.t.c.a.a.p.w.PlagiarismCaseResource : REST request to all plagiarism cases for student and exercises with ids: [3194, 3195]

  Starting logs for PlagiarismCaseIntegrationTest > testSavePlagiarismCaseVerdict_warning()
    23:47:13.456 | 434 ool-1-worker-198 | DEBUG | d.t.c.a.a.c.u.util.UserUtilService   : Generate 10 students...
    23:47:13.477 | 434 ool-1-worker-198 | DEBUG | d.t.c.a.a.c.u.util.UserUtilService   : 10 students generated. Generate 1 tutors...
    23:47:13.481 | 434 ool-1-worker-198 | DEBUG | d.t.c.a.a.c.u.util.UserUtilService   : 1 tutors generated. Generate 1 editors...
    23:47:13.486 | 434 ool-1-worker-198 | DEBUG | d.t.c.a.a.c.u.util.UserUtilService   : 1 editors generated. Generate 1 instructors...
    23:47:13.490 | 434 ool-1-worker-198 | DEBUG | d.t.c.a.a.c.u.util.UserUtilService   : 1 instructors generated
    23:47:13.495 | 434 ool-1-worker-198 | DEBUG | d.t.c.a.a.c.u.util.UserUtilService   : Removing 13 users from all courses...
    23:47:13.498 | 434 ool-1-worker-198 | DEBUG | d.t.c.a.a.c.u.util.UserUtilService   : Removing 13 users from all courses. Done
    23:47:13.498 | 434 ool-1-worker-198 | DEBUG | d.t.c.a.a.c.u.util.UserUtilService   : Save 13 users to database...
    23:47:13.517 | 434 ool-1-worker-198 | DEBUG | d.t.c.a.a.c.u.util.UserUtilService   : Save 13 users to database. Done
    23:47:13.553 | 434 ool-1-worker-198 | INFO  | i.z.t.d.l.EmbeddedDatabaseReporter   : JDBC URL to connect to 'dataSource': url='jdbc:h2:tcp://localhost:41063/mem:df70fc46-7e57-4cb5-9cd0-c1d90c14afa7;USER=sa', scope='PlagiarismCaseIntegrationTest#testSavePlagiarismCaseVerdict_warning'
    23:47:13.554 | 434 ool-1-worker-198 | DEBUG | d.t.c.a.a.c.s.f.ApiVersionFilter     : Adding Version to Request PUT /api/courses/2412/plagiarism-cases/205/verdict
    23:47:13.555 | 434 ool-1-worker-198 | DEBUG | d.t.c.a.a.p.w.PlagiarismCaseResource : REST request to save plagiarism verdict for plagiarism case with id: 205
    23:47:13.567 | 434 ool-1-worker-198 | DEBUG | d.t.c.a.a.c.s.n.MailService          : Sending 'PLAGIARISM_CASE_VERDICT_STUDENT' notification email to 'plagiarismcaseintegrationstudent1@test.de'
    23:47:13.577 | 621 artemis-task-1   | DEBUG | d.t.c.a.a.c.s.n.MailSendingService   : Send email[multipart 'false' and html 'true'] to 'User{login='plagiarismcaseintegrationstudent1', firstName='plagiarismcaseintegrationstudent1First', lastName='plagiarismcaseintegrationstudent1Last', email='plagiarismcaseintegrationstudent1@test.de', imageUrl='null', activated='true', langKey='en', activationKey='null'}' with subject 'Verdict for your plagiarism case'
    23:47:13.577 | 621 artemis-task-1   | INFO  | d.t.c.a.a.c.s.n.MailSendingService   : Sent email with subject 'Verdict for your plagiarism case' to User 'User{login='plagiarismcaseintegrationstudent1', firstName='plagiarismcaseintegrationstudent1First', lastName='plagiarismcaseintegrationstudent1Last', email='plagiarismcaseintegrationstudent1@test.de', imageUrl='null', activated='true', langKey='en', activationKey='null'}'

  Starting logs for PlagiarismCaseIntegrationTest > testGetPlagiarismCasesForCourseForInstructor()
    23:47:13.617 | 434 ool-1-worker-198 | DEBUG | d.t.c.a.a.c.u.util.UserUtilService   : Generate 10 students...
    23:47:13.634 | 434 ool-1-worker-198 | DEBUG | d.t.c.a.a.c.u.util.UserUtilService   : 10 students generated. Generate 1 tutors...
    23:47:13.637 | 434 ool-1-worker-198 | DEBUG | d.t.c.a.a.c.u.util.UserUtilService   : 1 tutors generated. Generate 1 editors...
    23:47:13.640 | 434 ool-1-worker-198 | DEBUG | d.t.c.a.a.c.u.util.UserUtilService   : 1 editors generated. Generate 1 instructors...
    23:47:13.643 | 434 ool-1-worker-198 | DEBUG | d.t.c.a.a.c.u.util.UserUtilService   : 1 instructors generated
    23:47:13.645 | 434 ool-1-worker-198 | DEBUG | d.t.c.a.a.c.u.util.UserUtilService   : Removing 13 users from all courses...
    23:47:13.647 | 434 ool-1-worker-198 | DEBUG | d.t.c.a.a.c.u.util.UserUtilService   : Removing 13 users from all courses. Done
    23:47:13.647 | 434 ool-1-worker-198 | DEBUG | d.t.c.a.a.c.u.util.UserUtilService   : Save 13 users to database...
    23:47:13.656 | 434 ool-1-worker-198 | DEBUG | d.t.c.a.a.c.u.util.UserUtilService   : Save 13 users to database. Done
    23:47:13.677 | 434 ool-1-worker-198 | INFO  | i.z.t.d.l.EmbeddedDatabaseReporter   : JDBC URL to connect to 'dataSource': url='jdbc:h2:tcp://localhost:41063/mem:df70fc46-7e57-4cb5-9cd0-c1d90c14afa7;USER=sa', scope='PlagiarismCaseIntegrationTest#testGetPlagiarismCasesForCourseForInstructor'
    23:47:13.678 | 434 ool-1-worker-198 | DEBUG | d.t.c.a.a.c.s.f.ApiVersionFilter     : Adding Version to Request GET /api/courses/2414/plagiarism-cases/for-instructor
    23:47:13.679 | 434 ool-1-worker-198 | DEBUG | d.t.c.a.a.p.w.PlagiarismCaseResource : REST request to get all plagiarism cases for instructor in course with id: 2414

  Starting logs for PlagiarismCaseIntegrationTest > testNumberOfPlagiarismCasesForExercise_instructor_correct()
    23:47:13.705 | 434 ool-1-worker-198 | DEBUG | d.t.c.a.a.c.u.util.UserUtilService   : Generate 10 students...
    23:47:13.719 | 434 ool-1-worker-198 | DEBUG | d.t.c.a.a.c.u.util.UserUtilService   : 10 students generated. Generate 1 tutors...
    23:47:13.722 | 434 ool-1-worker-198 | DEBUG | d.t.c.a.a.c.u.util.UserUtilService   : 1 tutors generated. Generate 1 editors...
    23:47:13.724 | 434 ool-1-worker-198 | DEBUG | d.t.c.a.a.c.u.util.UserUtilService   : 1 editors generated. Generate 1 instructors...
    23:47:13.727 | 434 ool-1-worker-198 | DEBUG | d.t.c.a.a.c.u.util.UserUtilService   : 1 instructors generated
    23:47:13.729 | 434 ool-1-worker-198 | DEBUG | d.t.c.a.a.c.u.util.UserUtilService   : Removing 13 users from all courses...
    23:47:13.734 | 434 ool-1-worker-198 | DEBUG | d.t.c.a.a.c.u.util.UserUtilService   : Removing 13 users from all courses. Done
    23:47:13.734 | 434 ool-1-worker-198 | DEBUG | d.t.c.a.a.c.u.util.UserUtilService   : Save 13 users to database...
    23:47:13.752 | 434 ool-1-worker-198 | DEBUG | d.t.c.a.a.c.u.util.UserUtilService   : Save 13 users to database. Done
    23:47:13.792 | 434 ool-1-worker-198 | INFO  | i.z.t.d.l.EmbeddedDatabaseReporter   : JDBC URL to connect to 'dataSource': url='jdbc:h2:tcp://localhost:41063/mem:df70fc46-7e57-4cb5-9cd0-c1d90c14afa7;USER=sa', scope='PlagiarismCaseIntegrationTest#testNumberOfPlagiarismCasesForExercise_instructor_correct'
    23:47:13.793 | 434 ool-1-worker-198 | DEBUG | d.t.c.a.a.c.s.f.ApiVersionFilter     : Adding Version to Request GET /api/courses/2416/exercises/3200/plagiarism-cases-count
    23:47:13.793 | 434 ool-1-worker-198 | DEBUG | d.t.c.a.a.p.w.PlagiarismCaseResource : REST request to get number of plagiarism cases for exercise with id: 3200

  Starting logs for PlagiarismCaseIntegrationTest > testGetPlagiarismCaseInfoReturnsEmptyWithoutPostForStudent()
    23:47:13.812 | 434 ool-1-worker-198 | DEBUG | d.t.c.a.a.c.u.util.UserUtilService   : Generate 10 students...
    23:47:13.832 | 434 ool-1-worker-198 | DEBUG | d.t.c.a.a.c.u.util.UserUtilService   : 10 students generated. Generate 1 tutors...
    23:47:13.841 | 434 ool-1-worker-198 | DEBUG | d.t.c.a.a.c.u.util.UserUtilService   : 1 tutors generated. Generate 1 editors...
    23:47:13.844 | 434 ool-1-worker-198 | DEBUG | d.t.c.a.a.c.u.util.UserUtilService   : 1 editors generated. Generate 1 instructors...
    23:47:13.851 | 434 ool-1-worker-198 | DEBUG | d.t.c.a.a.c.u.util.UserUtilService   : 1 instructors generated
    23:47:13.855 | 434 ool-1-worker-198 | DEBUG | d.t.c.a.a.c.u.util.UserUtilService   : Removing 13 users from all courses...
    23:47:13.859 | 434 ool-1-worker-198 | DEBUG | d.t.c.a.a.c.u.util.UserUtilService   : Removing 13 users from all courses. Done
    23:47:13.859 | 434 ool-1-worker-198 | DEBUG | d.t.c.a.a.c.u.util.UserUtilService   : Save 13 users to database...
    23:47:13.880 | 434 ool-1-worker-198 | DEBUG | d.t.c.a.a.c.u.util.UserUtilService   : Save 13 users to database. Done
    23:47:13.930 | 434 ool-1-worker-198 | INFO  | i.z.t.d.l.EmbeddedDatabaseReporter   : JDBC URL to connect to 'dataSource': url='jdbc:h2:tcp://localhost:41063/mem:df70fc46-7e57-4cb5-9cd0-c1d90c14afa7;USER=sa', scope='PlagiarismCaseIntegrationTest#testGetPlagiarismCaseInfoReturnsEmptyWithoutPostForStudent'
    23:47:13.932 | 434 ool-1-worker-198 | DEBUG | d.t.c.a.a.c.s.f.ApiVersionFilter     : Adding Version to Request GET /api/courses/2418/exercises/3202/plagiarism-case
    23:47:13.933 | 434 ool-1-worker-198 | DEBUG | d.t.c.a.a.p.w.PlagiarismCaseResource : REST request to all plagiarism cases for student and exercise with id: 3202

  Starting logs for PlagiarismCaseIntegrationTest > testGetMultiplePlagiarismCaseInfosForStudent_conflict()
    23:47:13.975 | 434 ool-1-worker-198 | DEBUG | d.t.c.a.a.c.u.util.UserUtilService   : Generate 10 students...
    23:47:14.010 | 434 ool-1-worker-198 | DEBUG | d.t.c.a.a.c.u.util.UserUtilService   : 10 students generated. Generate 1 tutors...
    23:47:14.015 | 434 ool-1-worker-198 | DEBUG | d.t.c.a.a.c.u.util.UserUtilService   : 1 tutors generated. Generate 1 editors...
    23:47:14.021 | 434 ool-1-worker-198 | DEBUG | d.t.c.a.a.c.u.util.UserUtilService   : 1 editors generated. Generate 1 instructors...
    23:47:14.027 | 434 ool-1-worker-198 | DEBUG | d.t.c.a.a.c.u.util.UserUtilService   : 1 instructors generated
    23:47:14.029 | 434 ool-1-worker-198 | DEBUG | d.t.c.a.a.c.u.util.UserUtilService   : Removing 13 users from all courses...
    23:47:14.034 | 434 ool-1-worker-198 | DEBUG | d.t.c.a.a.c.u.util.UserUtilService   : Removing 13 users from all courses. Done
    23:47:14.034 | 434 ool-1-worker-198 | DEBUG | d.t.c.a.a.c.u.util.UserUtilService   : Save 13 users to database...
    23:47:14.063 | 434 ool-1-worker-198 | DEBUG | d.t.c.a.a.c.u.util.UserUtilService   : Save 13 users to database. Done
    23:47:14.129 | 434 ool-1-worker-198 | INFO  | i.z.t.d.l.EmbeddedDatabaseReporter   : JDBC URL to connect to 'dataSource': url='jdbc:h2:tcp://localhost:41063/mem:df70fc46-7e57-4cb5-9cd0-c1d90c14afa7;USER=sa', scope='PlagiarismCaseIntegrationTest#testGetMultiplePlagiarismCaseInfosForStudent_conflict'
    23:47:14.134 | 434 ool-1-worker-198 | DEBUG | d.t.c.a.a.c.s.f.ApiVersionFilter     : Adding Version to Request GET /api/courses/2421/plagiarism-cases
    23:47:14.134 | 434 ool-1-worker-198 | DEBUG | d.t.c.a.a.p.w.PlagiarismCaseResource : REST request to all plagiarism cases for student and exercises with ids: [3204, 3205]
    23:47:14.161 | 434 ool-1-worker-198 | DEBUG | d.t.c.a.a.c.s.f.ApiVersionFilter     : Adding Version to Request GET /api/courses/2421/plagiarism-cases
    23:47:14.162 | 434 ool-1-worker-198 | DEBUG | d.t.c.a.a.p.w.PlagiarismCaseResource : REST request to all plagiarism cases for student and exercises with ids: [3204, 3205]
    23:47:14.169 | 434 ool-1-worker-198 | WARN  | o.z.p.spring.common.AdviceTraits     : Conflict: Plagiarism case with id 233 is not related to the given course id 2421

  Starting logs for PlagiarismCaseIntegrationTest > testGetPlagiarismCasesForExamForInstructor_forbidden_editor()
    23:47:14.203 | 434 ool-1-worker-198 | DEBUG | d.t.c.a.a.c.u.util.UserUtilService   : Generate 10 students...
    23:47:14.231 | 434 ool-1-worker-198 | DEBUG | d.t.c.a.a.c.u.util.UserUtilService   : 10 students generated. Generate 1 tutors...
    23:47:14.237 | 434 ool-1-worker-198 | DEBUG | d.t.c.a.a.c.u.util.UserUtilService   : 1 tutors generated. Generate 1 editors...
    23:47:14.243 | 434 ool-1-worker-198 | DEBUG | d.t.c.a.a.c.u.util.UserUtilService   : 1 editors generated. Generate 1 instructors...
    23:47:14.248 | 434 ool-1-worker-198 | DEBUG | d.t.c.a.a.c.u.util.UserUtilService   : 1 instructors generated
    23:47:14.253 | 434 ool-1-worker-198 | DEBUG | d.t.c.a.a.c.u.util.UserUtilService   : Removing 13 users from all courses...
    23:47:14.256 | 434 ool-1-worker-198 | DEBUG | d.t.c.a.a.c.u.util.UserUtilService   : Removing 13 users from all courses. Done
    23:47:14.256 | 434 ool-1-worker-198 | DEBUG | d.t.c.a.a.c.u.util.UserUtilService   : Save 13 users to database...
    23:47:14.269 | 434 ool-1-worker-198 | DEBUG | d.t.c.a.a.c.u.util.UserUtilService   : Save 13 users to database. Done
    23:47:14.291 | 434 ool-1-worker-198 | INFO  | i.z.t.d.l.EmbeddedDatabaseReporter   : JDBC URL to connect to 'dataSource': url='jdbc:h2:tcp://localhost:41063/mem:df70fc46-7e57-4cb5-9cd0-c1d90c14afa7;USER=sa', scope='PlagiarismCaseIntegrationTest#testGetPlagiarismCasesForExamForInstructor_forbidden_editor'
    23:47:14.292 | 434 ool-1-worker-198 | DEBUG | d.t.c.a.a.c.s.f.ApiVersionFilter     : Adding Version to Request GET /api/courses/1/exams/1/plagiarism-cases/for-instructor
    23:47:14.294 | 434 ool-1-worker-198 | WARN  | o.z.p.spring.common.AdviceTraits     : Forbidden: Access Denied

  Starting logs for PlagiarismCaseIntegrationTest > testGetPlagiarismCaseForInstructor_forbidden_tutor()
    23:47:14.308 | 434 ool-1-worker-198 | DEBUG | d.t.c.a.a.c.u.util.UserUtilService   : Generate 10 students...
    23:47:14.322 | 434 ool-1-worker-198 | DEBUG | d.t.c.a.a.c.u.util.UserUtilService   : 10 students generated. Generate 1 tutors...
    23:47:14.328 | 434 ool-1-worker-198 | DEBUG | d.t.c.a.a.c.u.util.UserUtilService   : 1 tutors generated. Generate 1 editors...
    23:47:14.333 | 434 ool-1-worker-198 | DEBUG | d.t.c.a.a.c.u.util.UserUtilService   : 1 editors generated. Generate 1 instructors...
    23:47:14.337 | 434 ool-1-worker-198 | DEBUG | d.t.c.a.a.c.u.util.UserUtilService   : 1 instructors generated
    23:47:14.341 | 434 ool-1-worker-198 | DEBUG | d.t.c.a.a.c.u.util.UserUtilService   : Removing 13 users from all courses...
    23:47:14.343 | 434 ool-1-worker-198 | DEBUG | d.t.c.a.a.c.u.util.UserUtilService   : Removing 13 users from all courses. Done
    23:47:14.343 | 434 ool-1-worker-198 | DEBUG | d.t.c.a.a.c.u.util.UserUtilService   : Save 13 users to database...
    23:47:14.354 | 434 ool-1-worker-198 | DEBUG | d.t.c.a.a.c.u.util.UserUtilService   : Save 13 users to database. Done
    23:47:14.385 | 434 ool-1-worker-198 | INFO  | i.z.t.d.l.EmbeddedDatabaseReporter   : JDBC URL to connect to 'dataSource': url='jdbc:h2:tcp://localhost:41063/mem:df70fc46-7e57-4cb5-9cd0-c1d90c14afa7;USER=sa', scope='PlagiarismCaseIntegrationTest#testGetPlagiarismCaseForInstructor_forbidden_tutor'
    23:47:14.386 | 434 ool-1-worker-198 | DEBUG | d.t.c.a.a.c.s.f.ApiVersionFilter     : Adding Version to Request GET /api/courses/1/plagiarism-cases/1/for-instructor
    23:47:14.387 | 434 ool-1-worker-198 | WARN  | o.z.p.spring.common.AdviceTraits     : Forbidden: Access Denied

  Starting logs for PlagiarismCaseIntegrationTest > testSavePlagiarismCaseVerdict_pointDeduction()
    23:47:14.402 | 434 ool-1-worker-198 | DEBUG | d.t.c.a.a.c.u.util.UserUtilService   : Generate 10 students...
    23:47:14.416 | 434 ool-1-worker-198 | DEBUG | d.t.c.a.a.c.u.util.UserUtilService   : 10 students generated. Generate 1 tutors...
    23:47:14.419 | 434 ool-1-worker-198 | DEBUG | d.t.c.a.a.c.u.util.UserUtilService   : 1 tutors generated. Generate 1 editors...
    23:47:14.422 | 434 ool-1-worker-198 | DEBUG | d.t.c.a.a.c.u.util.UserUtilService   : 1 editors generated. Generate 1 instructors...
    23:47:14.424 | 434 ool-1-worker-198 | DEBUG | d.t.c.a.a.c.u.util.UserUtilService   : 1 instructors generated
    23:47:14.427 | 434 ool-1-worker-198 | DEBUG | d.t.c.a.a.c.u.util.UserUtilService   : Removing 13 users from all courses...
    23:47:14.429 | 434 ool-1-worker-198 | DEBUG | d.t.c.a.a.c.u.util.UserUtilService   : Removing 13 users from all courses. Done
    23:47:14.429 | 434 ool-1-worker-198 | DEBUG | d.t.c.a.a.c.u.util.UserUtilService   : Save 13 users to database...
    23:47:14.438 | 434 ool-1-worker-198 | DEBUG | d.t.c.a.a.c.u.util.UserUtilService   : Save 13 users to database. Done
    23:47:14.477 | 434 ool-1-worker-198 | INFO  | i.z.t.d.l.EmbeddedDatabaseReporter   : JDBC URL to connect to 'dataSource': url='jdbc:h2:tcp://localhost:41063/mem:df70fc46-7e57-4cb5-9cd0-c1d90c14afa7;USER=sa', scope='PlagiarismCaseIntegrationTest#testSavePlagiarismCaseVerdict_pointDeduction'
    23:47:14.478 | 434 ool-1-worker-198 | DEBUG | d.t.c.a.a.c.s.f.ApiVersionFilter     : Adding Version to Request PUT /api/courses/2426/plagiarism-cases/254/verdict
    23:47:14.482 | 434 ool-1-worker-198 | DEBUG | d.t.c.a.a.p.w.PlagiarismCaseResource : REST request to save plagiarism verdict for plagiarism case with id: 254
    23:47:14.502 | 434 ool-1-worker-198 | DEBUG | d.t.c.a.a.c.s.n.MailService          : Sending 'PLAGIARISM_CASE_VERDICT_STUDENT' notification email to 'plagiarismcaseintegrationstudent1@test.de'
    23:47:14.519 | 621 artemis-task-1   | DEBUG | d.t.c.a.a.c.s.n.MailSendingService   : Send email[multipart 'false' and html 'true'] to 'User{login='plagiarismcaseintegrationstudent1', firstName='plagiarismcaseintegrationstudent1First', lastName='plagiarismcaseintegrationstudent1Last', email='plagiarismcaseintegrationstudent1@test.de', imageUrl='null', activated='true', langKey='en', activationKey='null'}' with subject 'Verdict for your plagiarism case'
    23:47:14.519 | 621 artemis-task-1   | INFO  | d.t.c.a.a.c.s.n.MailSendingService   : Sent email with subject 'Verdict for your plagiarism case' to User 'User{login='plagiarismcaseintegrationstudent1', firstName='plagiarismcaseintegrationstudent1First', lastName='plagiarismcaseintegrationstudent1Last', email='plagiarismcaseintegrationstudent1@test.de', imageUrl='null', activated='true', langKey='en', activationKey='null'}'

  Starting logs for PlagiarismCaseIntegrationTest > testGetPlagiarismCasesForExamForInstructor()
    23:47:14.560 | 434 ool-1-worker-198 | DEBUG | d.t.c.a.a.c.u.util.UserUtilService   : Generate 10 students...
    23:47:14.590 | 434 ool-1-worker-198 | DEBUG | d.t.c.a.a.c.u.util.UserUtilService   : 10 students generated. Generate 1 tutors...
    23:47:14.593 | 434 ool-1-worker-198 | DEBUG | d.t.c.a.a.c.u.util.UserUtilService   : 1 tutors generated. Generate 1 editors...
    23:47:14.596 | 434 ool-1-worker-198 | DEBUG | d.t.c.a.a.c.u.util.UserUtilService   : 1 editors generated. Generate 1 instructors...
    23:47:14.598 | 434 ool-1-worker-198 | DEBUG | d.t.c.a.a.c.u.util.UserUtilService   : 1 instructors generated
    23:47:14.600 | 434 ool-1-worker-198 | DEBUG | d.t.c.a.a.c.u.util.UserUtilService   : Removing 13 users from all courses...
    23:47:14.602 | 434 ool-1-worker-198 | DEBUG | d.t.c.a.a.c.u.util.UserUtilService   : Removing 13 users from all courses. Done
    23:47:14.602 | 434 ool-1-worker-198 | DEBUG | d.t.c.a.a.c.u.util.UserUtilService   : Save 13 users to database...
    23:47:14.611 | 434 ool-1-worker-198 | DEBUG | d.t.c.a.a.c.u.util.UserUtilService   : Save 13 users to database. Done
    23:47:14.633 | 434 ool-1-worker-198 | INFO  | i.z.t.d.l.EmbeddedDatabaseReporter   : JDBC URL to connect to 'dataSource': url='jdbc:h2:tcp://localhost:41063/mem:df70fc46-7e57-4cb5-9cd0-c1d90c14afa7;USER=sa', scope='PlagiarismCaseIntegrationTest#testGetPlagiarismCasesForExamForInstructor'
    23:47:14.635 | 434 ool-1-worker-198 | DEBUG | d.t.c.a.a.c.s.f.ApiVersionFilter     : Adding Version to Request GET /api/courses/2429/exams/474/plagiarism-cases/for-instructor
    23:47:14.635 | 434 ool-1-worker-198 | DEBUG | d.t.c.a.a.p.w.PlagiarismCaseResource : REST request to get all plagiarism cases for instructor in exam with id: 474

  Starting logs for PlagiarismCaseIntegrationTest > testPlagiarismCase_getStudents()
    23:47:14.661 | 434 ool-1-worker-198 | DEBUG | d.t.c.a.a.c.u.util.UserUtilService   : Generate 10 students...
    23:47:14.676 | 434 ool-1-worker-198 | DEBUG | d.t.c.a.a.c.u.util.UserUtilService   : 10 students generated. Generate 1 tutors...
    23:47:14.678 | 434 ool-1-worker-198 | DEBUG | d.t.c.a.a.c.u.util.UserUtilService   : 1 tutors generated. Generate 1 editors...
    23:47:14.681 | 434 ool-1-worker-198 | DEBUG | d.t.c.a.a.c.u.util.UserUtilService   : 1 editors generated. Generate 1 instructors...
    23:47:14.684 | 434 ool-1-worker-198 | DEBUG | d.t.c.a.a.c.u.util.UserUtilService   : 1 instructors generated
    23:47:14.686 | 434 ool-1-worker-198 | DEBUG | d.t.c.a.a.c.u.util.UserUtilService   : Removing 13 users from all courses...
    23:47:14.688 | 434 ool-1-worker-198 | DEBUG | d.t.c.a.a.c.u.util.UserUtilService   : Removing 13 users from all courses. Done
    23:47:14.688 | 434 ool-1-worker-198 | DEBUG | d.t.c.a.a.c.u.util.UserUtilService   : Save 13 users to database...
    23:47:14.696 | 434 ool-1-worker-198 | DEBUG | d.t.c.a.a.c.u.util.UserUtilService   : Save 13 users to database. Done
    23:47:14.719 | 434 ool-1-worker-198 | INFO  | i.z.t.d.l.EmbeddedDatabaseReporter   : JDBC URL to connect to 'dataSource': url='jdbc:h2:tcp://localhost:41063/mem:df70fc46-7e57-4cb5-9cd0-c1d90c14afa7;USER=sa', scope='PlagiarismCaseIntegrationTest#testPlagiarismCase_getStudents'

  Starting logs for PlagiarismCaseIntegrationTest > testSavePlagiarismCaseVerdict_forbidden_student()
    23:47:14.734 | 434 ool-1-worker-198 | DEBUG | d.t.c.a.a.c.u.util.UserUtilService   : Generate 10 students...
    23:47:14.755 | 434 ool-1-worker-198 | DEBUG | d.t.c.a.a.c.u.util.UserUtilService   : 10 students generated. Generate 1 tutors...
    23:47:14.759 | 434 ool-1-worker-198 | DEBUG | d.t.c.a.a.c.u.util.UserUtilService   : 1 tutors generated. Generate 1 editors...
    23:47:14.764 | 434 ool-1-worker-198 | DEBUG | d.t.c.a.a.c.u.util.UserUtilService   : 1 editors generated. Generate 1 instructors...
    23:47:14.770 | 434 ool-1-worker-198 | DEBUG | d.t.c.a.a.c.u.util.UserUtilService   : 1 instructors generated
    23:47:14.775 | 434 ool-1-worker-198 | DEBUG | d.t.c.a.a.c.u.util.UserUtilService   : Removing 13 users from all courses...
    23:47:14.777 | 434 ool-1-worker-198 | DEBUG | d.t.c.a.a.c.u.util.UserUtilService   : Removing 13 users from all courses. Done
    23:47:14.777 | 434 ool-1-worker-198 | DEBUG | d.t.c.a.a.c.u.util.UserUtilService   : Save 13 users to database...
    23:47:14.789 | 434 ool-1-worker-198 | DEBUG | d.t.c.a.a.c.u.util.UserUtilService   : Save 13 users to database. Done
    23:47:14.838 | 434 ool-1-worker-198 | INFO  | i.z.t.d.l.EmbeddedDatabaseReporter   : JDBC URL to connect to 'dataSource': url='jdbc:h2:tcp://localhost:41063/mem:df70fc46-7e57-4cb5-9cd0-c1d90c14afa7;USER=sa', scope='PlagiarismCaseIntegrationTest#testSavePlagiarismCaseVerdict_forbidden_student'
    23:47:14.842 | 434 ool-1-worker-198 | DEBUG | d.t.c.a.a.c.s.f.ApiVersionFilter     : Adding Version to Request PUT /api/courses/1/plagiarism-cases/1/verdict
    23:47:14.844 | 434 ool-1-worker-198 | WARN  | o.z.p.spring.common.AdviceTraits     : Forbidden: Access Denied

  Starting logs for PlagiarismCaseIntegrationTest > testGetPlagiarismCaseInfoWithoutVerdictForExerciseForStudent()
    23:47:14.884 | 434 ool-1-worker-198 | DEBUG | d.t.c.a.a.c.u.util.UserUtilService   : Generate 10 students...
    23:47:14.920 | 434 ool-1-worker-198 | DEBUG | d.t.c.a.a.c.u.util.UserUtilService   : 10 students generated. Generate 1 tutors...
    23:47:14.923 | 434 ool-1-worker-198 | DEBUG | d.t.c.a.a.c.u.util.UserUtilService   : 1 tutors generated. Generate 1 editors...
    23:47:14.933 | 434 ool-1-worker-198 | DEBUG | d.t.c.a.a.c.u.util.UserUtilService   : 1 editors generated. Generate 1 instructors...
    23:47:14.939 | 434 ool-1-worker-198 | DEBUG | d.t.c.a.a.c.u.util.UserUtilService   : 1 instructors generated
    23:47:14.945 | 434 ool-1-worker-198 | DEBUG | d.t.c.a.a.c.u.util.UserUtilService   : Removing 13 users from all courses...
    23:47:14.950 | 434 ool-1-worker-198 | DEBUG | d.t.c.a.a.c.u.util.UserUtilService   : Removing 13 users from all courses. Done
    23:47:14.950 | 434 ool-1-worker-198 | DEBUG | d.t.c.a.a.c.u.util.UserUtilService   : Save 13 users to database...
    23:47:14.967 | 434 ool-1-worker-198 | DEBUG | d.t.c.a.a.c.u.util.UserUtilService   : Save 13 users to database. Done
    23:47:14.995 | 434 ool-1-worker-198 | INFO  | i.z.t.d.l.EmbeddedDatabaseReporter   : JDBC URL to connect to 'dataSource': url='jdbc:h2:tcp://localhost:41063/mem:df70fc46-7e57-4cb5-9cd0-c1d90c14afa7;USER=sa', scope='PlagiarismCaseIntegrationTest#testGetPlagiarismCaseInfoWithoutVerdictForExerciseForStudent'
    23:47:15.009 | 434 ool-1-worker-198 | DEBUG | d.t.c.a.a.c.s.f.ApiVersionFilter     : Adding Version to Request GET /api/courses/2434/exercises/3218/plagiarism-case
    23:47:15.013 | 434 ool-1-worker-198 | DEBUG | d.t.c.a.a.p.w.PlagiarismCaseResource : REST request to all plagiarism cases for student and exercise with id: 3218

  Starting logs for PlagiarismCaseIntegrationTest > testGetPlagiarismCasesForCourseForInstructor_forbidden_tutor()
    23:47:15.053 | 434 ool-1-worker-198 | DEBUG | d.t.c.a.a.c.u.util.UserUtilService   : Generate 10 students...
    23:47:15.089 | 434 ool-1-worker-198 | DEBUG | d.t.c.a.a.c.u.util.UserUtilService   : 10 students generated. Generate 1 tutors...
    23:47:15.095 | 434 ool-1-worker-198 | DEBUG | d.t.c.a.a.c.u.util.UserUtilService   : 1 tutors generated. Generate 1 editors...
    23:47:15.101 | 434 ool-1-worker-198 | DEBUG | d.t.c.a.a.c.u.util.UserUtilService   : 1 editors generated. Generate 1 instructors...
    23:47:15.107 | 434 ool-1-worker-198 | DEBUG | d.t.c.a.a.c.u.util.UserUtilService   : 1 instructors generated
    23:47:15.113 | 434 ool-1-worker-198 | DEBUG | d.t.c.a.a.c.u.util.UserUtilService   : Removing 13 users from all courses...
    23:47:15.115 | 434 ool-1-worker-198 | DEBUG | d.t.c.a.a.c.u.util.UserUtilService   : Removing 13 users from all courses. Done
    23:47:15.115 | 434 ool-1-worker-198 | DEBUG | d.t.c.a.a.c.u.util.UserUtilService   : Save 13 users to database...
    23:47:15.135 | 434 ool-1-worker-198 | DEBUG | d.t.c.a.a.c.u.util.UserUtilService   : Save 13 users to database. Done
    23:47:15.188 | 434 ool-1-worker-198 | INFO  | i.z.t.d.l.EmbeddedDatabaseReporter   : JDBC URL to connect to 'dataSource': url='jdbc:h2:tcp://localhost:41063/mem:df70fc46-7e57-4cb5-9cd0-c1d90c14afa7;USER=sa', scope='PlagiarismCaseIntegrationTest#testGetPlagiarismCasesForCourseForInstructor_forbidden_tutor'
    23:47:15.192 | 434 ool-1-worker-198 | DEBUG | d.t.c.a.a.c.s.f.ApiVersionFilter     : Adding Version to Request GET /api/courses/1/plagiarism-cases/for-instructor
    23:47:15.193 | 434 ool-1-worker-198 | WARN  | o.z.p.spring.common.AdviceTraits     : Forbidden: Access Denied

  Starting logs for PlagiarismCaseIntegrationTest > testGetPlagiarismCaseForInstructor_forbidden_editor()
    23:47:15.216 | 434 ool-1-worker-198 | DEBUG | d.t.c.a.a.c.u.util.UserUtilService   : Generate 10 students...
    23:47:15.240 | 434 ool-1-worker-198 | DEBUG | d.t.c.a.a.c.u.util.UserUtilService   : 10 students generated. Generate 1 tutors...
    23:47:15.251 | 434 ool-1-worker-198 | DEBUG | d.t.c.a.a.c.u.util.UserUtilService   : 1 tutors generated. Generate 1 editors...
    23:47:15.256 | 434 ool-1-worker-198 | DEBUG | d.t.c.a.a.c.u.util.UserUtilService   : 1 editors generated. Generate 1 instructors...
    23:47:15.263 | 434 ool-1-worker-198 | DEBUG | d.t.c.a.a.c.u.util.UserUtilService   : 1 instructors generated
    23:47:15.268 | 434 ool-1-worker-198 | DEBUG | d.t.c.a.a.c.u.util.UserUtilService   : Removing 13 users from all courses...
    23:47:15.274 | 434 ool-1-worker-198 | DEBUG | d.t.c.a.a.c.u.util.UserUtilService   : Removing 13 users from all courses. Done
    23:47:15.274 | 434 ool-1-worker-198 | DEBUG | d.t.c.a.a.c.u.util.UserUtilService   : Save 13 users to database...
    23:47:15.288 | 434 ool-1-worker-198 | DEBUG | d.t.c.a.a.c.u.util.UserUtilService   : Save 13 users to database. Done
    23:47:15.319 | 434 ool-1-worker-198 | INFO  | i.z.t.d.l.EmbeddedDatabaseReporter   : JDBC URL to connect to 'dataSource': url='jdbc:h2:tcp://localhost:41063/mem:df70fc46-7e57-4cb5-9cd0-c1d90c14afa7;USER=sa', scope='PlagiarismCaseIntegrationTest#testGetPlagiarismCaseForInstructor_forbidden_editor'
    23:47:15.320 | 434 ool-1-worker-198 | DEBUG | d.t.c.a.a.c.s.f.ApiVersionFilter     : Adding Version to Request GET /api/courses/1/plagiarism-cases/1/for-instructor
    23:47:15.321 | 434 ool-1-worker-198 | WARN  | o.z.p.spring.common.AdviceTraits     : Forbidden: Access Denied

  Starting logs for PlagiarismCaseIntegrationTest > testGetPlagiarismCaseForStudent()
    23:47:15.337 | 434 ool-1-worker-198 | DEBUG | d.t.c.a.a.c.u.util.UserUtilService   : Generate 10 students...
    23:47:15.363 | 434 ool-1-worker-198 | DEBUG | d.t.c.a.a.c.u.util.UserUtilService   : 10 students generated. Generate 1 tutors...
    23:47:15.370 | 434 ool-1-worker-198 | DEBUG | d.t.c.a.a.c.u.util.UserUtilService   : 1 tutors generated. Generate 1 editors...
    23:47:15.378 | 434 ool-1-worker-198 | DEBUG | d.t.c.a.a.c.u.util.UserUtilService   : 1 editors generated. Generate 1 instructors...
    23:47:15.382 | 434 ool-1-worker-198 | DEBUG | d.t.c.a.a.c.u.util.UserUtilService   : 1 instructors generated
    23:47:15.390 | 434 ool-1-worker-198 | DEBUG | d.t.c.a.a.c.u.util.UserUtilService   : Removing 13 users from all courses...
    23:47:15.395 | 434 ool-1-worker-198 | DEBUG | d.t.c.a.a.c.u.util.UserUtilService   : Removing 13 users from all courses. Done
    23:47:15.395 | 434 ool-1-worker-198 | DEBUG | d.t.c.a.a.c.u.util.UserUtilService   : Save 13 users to database...
    23:47:15.411 | 434 ool-1-worker-198 | DEBUG | d.t.c.a.a.c.u.util.UserUtilService   : Save 13 users to database. Done
    23:47:15.447 | 434 ool-1-worker-198 | INFO  | i.z.t.d.l.EmbeddedDatabaseReporter   : JDBC URL to connect to 'dataSource': url='jdbc:h2:tcp://localhost:41063/mem:df70fc46-7e57-4cb5-9cd0-c1d90c14afa7;USER=sa', scope='PlagiarismCaseIntegrationTest#testGetPlagiarismCaseForStudent'
    23:47:15.448 | 434 ool-1-worker-198 | DEBUG | d.t.c.a.a.c.s.f.ApiVersionFilter     : Adding Version to Request GET /api/courses/2440/plagiarism-cases/303/for-student
    23:47:15.449 | 434 ool-1-worker-198 | DEBUG | d.t.c.a.a.p.w.PlagiarismCaseResource : REST request to get plagiarism case for student with id: 303

  Starting logs for PlagiarismCaseIntegrationTest > testGetPlagiarismCaseForInstructor_forbidden_student()
    23:47:15.473 | 434 ool-1-worker-198 | DEBUG | d.t.c.a.a.c.u.util.UserUtilService   : Generate 10 students...
    23:47:15.486 | 434 ool-1-worker-198 | DEBUG | d.t.c.a.a.c.u.util.UserUtilService   : 10 students generated. Generate 1 tutors...
    23:47:15.489 | 434 ool-1-worker-198 | DEBUG | d.t.c.a.a.c.u.util.UserUtilService   : 1 tutors generated. Generate 1 editors...
    23:47:15.492 | 434 ool-1-worker-198 | DEBUG | d.t.c.a.a.c.u.util.UserUtilService   : 1 editors generated. Generate 1 instructors...
    23:47:15.494 | 434 ool-1-worker-198 | DEBUG | d.t.c.a.a.c.u.util.UserUtilService   : 1 instructors generated
    23:47:15.496 | 434 ool-1-worker-198 | DEBUG | d.t.c.a.a.c.u.util.UserUtilService   : Removing 13 users from all courses...
    23:47:15.498 | 434 ool-1-worker-198 | DEBUG | d.t.c.a.a.c.u.util.UserUtilService   : Removing 13 users from all courses. Done
    23:47:15.498 | 434 ool-1-worker-198 | DEBUG | d.t.c.a.a.c.u.util.UserUtilService   : Save 13 users to database...
    23:47:15.506 | 434 ool-1-worker-198 | DEBUG | d.t.c.a.a.c.u.util.UserUtilService   : Save 13 users to database. Done
    23:47:15.527 | 434 ool-1-worker-198 | INFO  | i.z.t.d.l.EmbeddedDatabaseReporter   : JDBC URL to connect to 'dataSource': url='jdbc:h2:tcp://localhost:41063/mem:df70fc46-7e57-4cb5-9cd0-c1d90c14afa7;USER=sa', scope='PlagiarismCaseIntegrationTest#testGetPlagiarismCaseForInstructor_forbidden_student'
    23:47:15.528 | 434 ool-1-worker-198 | DEBUG | d.t.c.a.a.c.s.f.ApiVersionFilter     : Adding Version to Request GET /api/courses/1/plagiarism-cases/1/for-instructor
    23:47:15.529 | 434 ool-1-worker-198 | WARN  | o.z.p.spring.common.AdviceTraits     : Forbidden: Access Denied

  Starting logs for PlagiarismCaseIntegrationTest > testGetPlagiarismCasesForCourseForInstructor_forbidden_editor()
    23:47:15.544 | 434 ool-1-worker-198 | DEBUG | d.t.c.a.a.c.u.util.UserUtilService   : Generate 10 students...
    23:47:15.557 | 434 ool-1-worker-198 | DEBUG | d.t.c.a.a.c.u.util.UserUtilService   : 10 students generated. Generate 1 tutors...
    23:47:15.559 | 434 ool-1-worker-198 | DEBUG | d.t.c.a.a.c.u.util.UserUtilService   : 1 tutors generated. Generate 1 editors...
    23:47:15.562 | 434 ool-1-worker-198 | DEBUG | d.t.c.a.a.c.u.util.UserUtilService   : 1 editors generated. Generate 1 instructors...
    23:47:15.564 | 434 ool-1-worker-198 | DEBUG | d.t.c.a.a.c.u.util.UserUtilService   : 1 instructors generated
    23:47:15.567 | 434 ool-1-worker-198 | DEBUG | d.t.c.a.a.c.u.util.UserUtilService   : Removing 13 users from all courses...
    23:47:15.568 | 434 ool-1-worker-198 | DEBUG | d.t.c.a.a.c.u.util.UserUtilService   : Removing 13 users from all courses. Done
    23:47:15.568 | 434 ool-1-worker-198 | DEBUG | d.t.c.a.a.c.u.util.UserUtilService   : Save 13 users to database...
    23:47:15.577 | 434 ool-1-worker-198 | DEBUG | d.t.c.a.a.c.u.util.UserUtilService   : Save 13 users to database. Done
    23:47:15.599 | 434 ool-1-worker-198 | INFO  | i.z.t.d.l.EmbeddedDatabaseReporter   : JDBC URL to connect to 'dataSource': url='jdbc:h2:tcp://localhost:41063/mem:df70fc46-7e57-4cb5-9cd0-c1d90c14afa7;USER=sa', scope='PlagiarismCaseIntegrationTest#testGetPlagiarismCasesForCourseForInstructor_forbidden_editor'
    23:47:15.600 | 434 ool-1-worker-198 | DEBUG | d.t.c.a.a.c.s.f.ApiVersionFilter     : Adding Version to Request GET /api/courses/1/plagiarism-cases/for-instructor
    23:47:15.602 | 434 ool-1-worker-198 | WARN  | o.z.p.spring.common.AdviceTraits     : Forbidden: Access Denied

  Starting logs for PlagiarismCaseIntegrationTest > testGetPlagiarismCasesForExamForInstructor_wrongCourse()
    23:47:15.616 | 434 ool-1-worker-198 | DEBUG | d.t.c.a.a.c.u.util.UserUtilService   : Generate 10 students...
    23:47:15.630 | 434 ool-1-worker-198 | DEBUG | d.t.c.a.a.c.u.util.UserUtilService   : 10 students generated. Generate 1 tutors...
    23:47:15.633 | 434 ool-1-worker-198 | DEBUG | d.t.c.a.a.c.u.util.UserUtilService   : 1 tutors generated. Generate 1 editors...
    23:47:15.636 | 434 ool-1-worker-198 | DEBUG | d.t.c.a.a.c.u.util.UserUtilService   : 1 editors generated. Generate 1 instructors...
    23:47:15.638 | 434 ool-1-worker-198 | DEBUG | d.t.c.a.a.c.u.util.UserUtilService   : 1 instructors generated
    23:47:15.641 | 434 ool-1-worker-198 | DEBUG | d.t.c.a.a.c.u.util.UserUtilService   : Removing 13 users from all courses...
    23:47:15.642 | 434 ool-1-worker-198 | DEBUG | d.t.c.a.a.c.u.util.UserUtilService   : Removing 13 users from all courses. Done
    23:47:15.642 | 434 ool-1-worker-198 | DEBUG | d.t.c.a.a.c.u.util.UserUtilService   : Save 13 users to database...
    23:47:15.650 | 434 ool-1-worker-198 | DEBUG | d.t.c.a.a.c.u.util.UserUtilService   : Save 13 users to database. Done
    23:47:15.673 | 434 ool-1-worker-198 | INFO  | i.z.t.d.l.EmbeddedDatabaseReporter   : JDBC URL to connect to 'dataSource': url='jdbc:h2:tcp://localhost:41063/mem:df70fc46-7e57-4cb5-9cd0-c1d90c14afa7;USER=sa', scope='PlagiarismCaseIntegrationTest#testGetPlagiarismCasesForExamForInstructor_wrongCourse'
    23:47:15.677 | 434 ool-1-worker-198 | DEBUG | d.t.c.a.a.c.s.f.ApiVersionFilter     : Adding Version to Request GET /api/courses/2446/exams/483/plagiarism-cases/for-instructor
    23:47:15.677 | 434 ool-1-worker-198 | DEBUG | d.t.c.a.a.p.w.PlagiarismCaseResource : REST request to get all plagiarism cases for instructor in exam with id: 483
    23:47:15.679 | 663 taskScheduler-1  | DEBUG | d.t.c.a.a.core.config.MetricsBean    : recalculateMetrics took 22ms
    23:47:15.698 | 434 ool-1-worker-198 | WARN  | o.z.p.spring.common.AdviceTraits     : Conflict: Exam with id 483 is not related to the given course id 2446

  Starting logs for PlagiarismCaseIntegrationTest > testGetPlagiarismCasesForExamForInstructor_forbidden_student()
    23:47:15.714 | 434 ool-1-worker-198 | DEBUG | d.t.c.a.a.c.u.util.UserUtilService   : Generate 10 students...
    23:47:15.730 | 434 ool-1-worker-198 | DEBUG | d.t.c.a.a.c.u.util.UserUtilService   : 10 students generated. Generate 1 tutors...
    23:47:15.732 | 434 ool-1-worker-198 | DEBUG | d.t.c.a.a.c.u.util.UserUtilService   : 1 tutors generated. Generate 1 editors...
    23:47:15.735 | 434 ool-1-worker-198 | DEBUG | d.t.c.a.a.c.u.util.UserUtilService   : 1 editors generated. Generate 1 instructors...
    23:47:15.738 | 434 ool-1-worker-198 | DEBUG | d.t.c.a.a.c.u.util.UserUtilService   : 1 instructors generated
    23:47:15.740 | 434 ool-1-worker-198 | DEBUG | d.t.c.a.a.c.u.util.UserUtilService   : Removing 13 users from all courses...
    23:47:15.743 | 434 ool-1-worker-198 | DEBUG | d.t.c.a.a.c.u.util.UserUtilService   : Removing 13 users from all courses. Done
    23:47:15.743 | 434 ool-1-worker-198 | DEBUG | d.t.c.a.a.c.u.util.UserUtilService   : Save 13 users to database...
    23:47:15.755 | 434 ool-1-worker-198 | DEBUG | d.t.c.a.a.c.u.util.UserUtilService   : Save 13 users to database. Done
    23:47:15.784 | 434 ool-1-worker-198 | INFO  | i.z.t.d.l.EmbeddedDatabaseReporter   : JDBC URL to connect to 'dataSource': url='jdbc:h2:tcp://localhost:41063/mem:df70fc46-7e57-4cb5-9cd0-c1d90c14afa7;USER=sa', scope='PlagiarismCaseIntegrationTest#testGetPlagiarismCasesForExamForInstructor_forbidden_student'
    23:47:15.785 | 434 ool-1-worker-198 | DEBUG | d.t.c.a.a.c.s.f.ApiVersionFilter     : Adding Version to Request GET /api/courses/1/exams/1/plagiarism-cases/for-instructor
    23:47:15.786 | 434 ool-1-worker-198 | WARN  | o.z.p.spring.common.AdviceTraits     : Forbidden: Access Denied

  Starting logs for PlagiarismCaseIntegrationTest > testGetPlagiarismCaseForStudent_forbidden()
    23:47:15.805 | 434 ool-1-worker-198 | DEBUG | d.t.c.a.a.c.u.util.UserUtilService   : Generate 10 students...
    23:47:15.818 | 434 ool-1-worker-198 | DEBUG | d.t.c.a.a.c.u.util.UserUtilService   : 10 students generated. Generate 1 tutors...
    23:47:15.821 | 434 ool-1-worker-198 | DEBUG | d.t.c.a.a.c.u.util.UserUtilService   : 1 tutors generated. Generate 1 editors...
    23:47:15.824 | 434 ool-1-worker-198 | DEBUG | d.t.c.a.a.c.u.util.UserUtilService   : 1 editors generated. Generate 1 instructors...
    23:47:15.826 | 434 ool-1-worker-198 | DEBUG | d.t.c.a.a.c.u.util.UserUtilService   : 1 instructors generated
    23:47:15.828 | 434 ool-1-worker-198 | DEBUG | d.t.c.a.a.c.u.util.UserUtilService   : Removing 13 users from all courses...
    23:47:15.830 | 434 ool-1-worker-198 | DEBUG | d.t.c.a.a.c.u.util.UserUtilService   : Removing 13 users from all courses. Done
    23:47:15.830 | 434 ool-1-worker-198 | DEBUG | d.t.c.a.a.c.u.util.UserUtilService   : Save 13 users to database...
    23:47:15.838 | 434 ool-1-worker-198 | DEBUG | d.t.c.a.a.c.u.util.UserUtilService   : Save 13 users to database. Done
    23:47:15.860 | 434 ool-1-worker-198 | INFO  | i.z.t.d.l.EmbeddedDatabaseReporter   : JDBC URL to connect to 'dataSource': url='jdbc:h2:tcp://localhost:41063/mem:df70fc46-7e57-4cb5-9cd0-c1d90c14afa7;USER=sa', scope='PlagiarismCaseIntegrationTest#testGetPlagiarismCaseForStudent_forbidden'
    23:47:15.868 | 434 ool-1-worker-198 | DEBUG | d.t.c.a.a.c.s.f.ApiVersionFilter     : Adding Version to Request GET /api/courses/2450/plagiarism-cases/338/for-student
    23:47:15.868 | 434 ool-1-worker-198 | DEBUG | d.t.c.a.a.p.w.PlagiarismCaseResource : REST request to get plagiarism case for student with id: 338
    23:47:15.878 | 434 ool-1-worker-198 | WARN  | o.z.p.spring.common.AdviceTraits     : Forbidden: Students only have access to plagiarism cases by which they are affected

  Starting logs for PlagiarismCaseIntegrationTest > testGetPlagiarismCasesForExamForInstructor_forbidden_tutor()
    23:47:15.901 | 434 ool-1-worker-198 | DEBUG | d.t.c.a.a.c.u.util.UserUtilService   : Generate 10 students...
    23:47:15.929 | 434 ool-1-worker-198 | DEBUG | d.t.c.a.a.c.u.util.UserUtilService   : 10 students generated. Generate 1 tutors...
    23:47:15.934 | 434 ool-1-worker-198 | DEBUG | d.t.c.a.a.c.u.util.UserUtilService   : 1 tutors generated. Generate 1 editors...
    23:47:15.939 | 434 ool-1-worker-198 | DEBUG | d.t.c.a.a.c.u.util.UserUtilService   : 1 editors generated. Generate 1 instructors...
    23:47:15.945 | 434 ool-1-worker-198 | DEBUG | d.t.c.a.a.c.u.util.UserUtilService   : 1 instructors generated
    23:47:15.949 | 434 ool-1-worker-198 | DEBUG | d.t.c.a.a.c.u.util.UserUtilService   : Removing 13 users from all courses...
    23:47:15.950 | 434 ool-1-worker-198 | DEBUG | d.t.c.a.a.c.u.util.UserUtilService   : Removing 13 users from all courses. Done
    23:47:15.950 | 434 ool-1-worker-198 | DEBUG | d.t.c.a.a.c.u.util.UserUtilService   : Save 13 users to database...
    23:47:15.962 | 434 ool-1-worker-198 | DEBUG | d.t.c.a.a.c.u.util.UserUtilService   : Save 13 users to database. Done
    23:47:15.999 | 434 ool-1-worker-198 | INFO  | i.z.t.d.l.EmbeddedDatabaseReporter   : JDBC URL to connect to 'dataSource': url='jdbc:h2:tcp://localhost:41063/mem:df70fc46-7e57-4cb5-9cd0-c1d90c14afa7;USER=sa', scope='PlagiarismCaseIntegrationTest#testGetPlagiarismCasesForExamForInstructor_forbidden_tutor'
    23:47:16.006 | 434 ool-1-worker-198 | DEBUG | d.t.c.a.a.c.s.f.ApiVersionFilter     : Adding Version to Request GET /api/courses/1/exams/1/plagiarism-cases/for-instructor
    23:47:16.007 | 434 ool-1-worker-198 | WARN  | o.z.p.spring.common.AdviceTraits     : Forbidden: Access Denied

  Starting logs for PlagiarismCaseIntegrationTest > testGetPlagiarismCasesForCourseForInstructor_forbidden_student()
    23:47:16.029 | 434 ool-1-worker-198 | DEBUG | d.t.c.a.a.c.u.util.UserUtilService   : Generate 10 students...
    23:47:16.043 | 434 ool-1-worker-198 | DEBUG | d.t.c.a.a.c.u.util.UserUtilService   : 10 students generated. Generate 1 tutors...
    23:47:16.046 | 434 ool-1-worker-198 | DEBUG | d.t.c.a.a.c.u.util.UserUtilService   : 1 tutors generated. Generate 1 editors...
    23:47:16.048 | 434 ool-1-worker-198 | DEBUG | d.t.c.a.a.c.u.util.UserUtilService   : 1 editors generated. Generate 1 instructors...
    23:47:16.051 | 434 ool-1-worker-198 | DEBUG | d.t.c.a.a.c.u.util.UserUtilService   : 1 instructors generated
    23:47:16.053 | 434 ool-1-worker-198 | DEBUG | d.t.c.a.a.c.u.util.UserUtilService   : Removing 13 users from all courses...
    23:47:16.055 | 434 ool-1-worker-198 | DEBUG | d.t.c.a.a.c.u.util.UserUtilService   : Removing 13 users from all courses. Done
    23:47:16.055 | 434 ool-1-worker-198 | DEBUG | d.t.c.a.a.c.u.util.UserUtilService   : Save 13 users to database...
    23:47:16.062 | 434 ool-1-worker-198 | DEBUG | d.t.c.a.a.c.u.util.UserUtilService   : Save 13 users to database. Done
    23:47:16.086 | 434 ool-1-worker-198 | INFO  | i.z.t.d.l.EmbeddedDatabaseReporter   : JDBC URL to connect to 'dataSource': url='jdbc:h2:tcp://localhost:41063/mem:df70fc46-7e57-4cb5-9cd0-c1d90c14afa7;USER=sa', scope='PlagiarismCaseIntegrationTest#testGetPlagiarismCasesForCourseForInstructor_forbidden_student'
    23:47:16.087 | 434 ool-1-worker-198 | DEBUG | d.t.c.a.a.c.s.f.ApiVersionFilter     : Adding Version to Request GET /api/courses/1/plagiarism-cases/for-instructor
    23:47:16.089 | 434 ool-1-worker-198 | WARN  | o.z.p.spring.common.AdviceTraits     : Forbidden: Access Denied

  Starting logs for PlagiarismCaseIntegrationTest > testGetPlagiarismCaseInfoWithVerdictForExerciseForStudent()
    23:47:16.109 | 434 ool-1-worker-198 | DEBUG | d.t.c.a.a.c.u.util.UserUtilService   : Generate 10 students...
    23:47:16.131 | 434 ool-1-worker-198 | DEBUG | d.t.c.a.a.c.u.util.UserUtilService   : 10 students generated. Generate 1 tutors...
    23:47:16.133 | 434 ool-1-worker-198 | DEBUG | d.t.c.a.a.c.u.util.UserUtilService   : 1 tutors generated. Generate 1 editors...
    23:47:16.136 | 434 ool-1-worker-198 | DEBUG | d.t.c.a.a.c.u.util.UserUtilService   : 1 editors generated. Generate 1 instructors...
    23:47:16.139 | 434 ool-1-worker-198 | DEBUG | d.t.c.a.a.c.u.util.UserUtilService   : 1 instructors generated
    23:47:16.141 | 434 ool-1-worker-198 | DEBUG | d.t.c.a.a.c.u.util.UserUtilService   : Removing 13 users from all courses...
    23:47:16.143 | 434 ool-1-worker-198 | DEBUG | d.t.c.a.a.c.u.util.UserUtilService   : Removing 13 users from all courses. Done
    23:47:16.143 | 434 ool-1-worker-198 | DEBUG | d.t.c.a.a.c.u.util.UserUtilService   : Save 13 users to database...
    23:47:16.151 | 434 ool-1-worker-198 | DEBUG | d.t.c.a.a.c.u.util.UserUtilService   : Save 13 users to database. Done
    23:47:16.172 | 434 ool-1-worker-198 | INFO  | i.z.t.d.l.EmbeddedDatabaseReporter   : JDBC URL to connect to 'dataSource': url='jdbc:h2:tcp://localhost:41063/mem:df70fc46-7e57-4cb5-9cd0-c1d90c14afa7;USER=sa', scope='PlagiarismCaseIntegrationTest#testGetPlagiarismCaseInfoWithVerdictForExerciseForStudent'
    23:47:16.186 | 434 ool-1-worker-198 | DEBUG | d.t.c.a.a.c.s.f.ApiVersionFilter     : Adding Version to Request GET /api/courses/2456/exercises/3240/plagiarism-case
    23:47:16.187 | 434 ool-1-worker-198 | DEBUG | d.t.c.a.a.p.w.PlagiarismCaseResource : REST request to all plagiarism cases for student and exercise with id: 3240

Finished logs for PlagiarismCaseIntegrationTest
]]></system-out>
  <system-err><![CDATA[]]></system-err>
</testsuite>
