<?xml version="1.0" encoding="UTF-8"?>
<testsuite name="de.tum.cit.aet.artemis.lecture.AttachmentResourceIntegrationTest" tests="11" skipped="0" failures="0" errors="0" timestamp="2025-02-14T23:46:39" hostname="fv-az1721-502" time="0.513">
  <properties/>
  <testcase name="deleteAttachment_notInstructorInACourse()" classname="de.tum.cit.aet.artemis.lecture.AttachmentResourceIntegrationTest" time="0.039"/>
  <testcase name="deleteAttachment_noCourse()" classname="de.tum.cit.aet.artemis.lecture.AttachmentResourceIntegrationTest" time="0.039"/>
  <testcase name="deleteAttachment_noAttachment()" classname="de.tum.cit.aet.artemis.lecture.AttachmentResourceIntegrationTest" time="0.039"/>
  <testcase name="deleteAttachment_connectedToExercise()" classname="de.tum.cit.aet.artemis.lecture.AttachmentResourceIntegrationTest" time="0.035"/>
  <testcase name="createAttachment()" classname="de.tum.cit.aet.artemis.lecture.AttachmentResourceIntegrationTest" time="0.05"/>
  <testcase name="deleteAttachment()" classname="de.tum.cit.aet.artemis.lecture.AttachmentResourceIntegrationTest" time="0.045"/>
  <testcase name="[1] fileUpdate=true" classname="de.tum.cit.aet.artemis.lecture.AttachmentResourceIntegrationTest" time="0.06"/>
  <testcase name="[2] fileUpdate=false" classname="de.tum.cit.aet.artemis.lecture.AttachmentResourceIntegrationTest" time="0.061"/>
  <testcase name="getAttachmentsForLecture()" classname="de.tum.cit.aet.artemis.lecture.AttachmentResourceIntegrationTest" time="0.033"/>
  <testcase name="createAttachment_noFile()" classname="de.tum.cit.aet.artemis.lecture.AttachmentResourceIntegrationTest" time="0.046"/>
  <testcase name="getAttachment()" classname="de.tum.cit.aet.artemis.lecture.AttachmentResourceIntegrationTest" time="0.049"/>
  <system-out><![CDATA[
Starting logs for AttachmentResourceIntegrationTest

  Starting logs for AttachmentResourceIntegrationTest > deleteAttachment_notInstructorInACourse()
    23:46:39.947 | 410 ool-1-worker-174 | DEBUG | d.t.c.a.a.c.u.util.UserUtilService   : Generate 0 students...
    23:46:39.949 | 410 ool-1-worker-174 | DEBUG | d.t.c.a.a.c.u.util.UserUtilService   : 0 students generated. Generate 1 tutors...
    23:46:39.951 | 410 ool-1-worker-174 | DEBUG | d.t.c.a.a.c.u.util.UserUtilService   : 1 tutors generated. Generate 0 editors...
    23:46:39.952 | 410 ool-1-worker-174 | DEBUG | d.t.c.a.a.c.u.util.UserUtilService   : 0 editors generated. Generate 1 instructors...
    23:46:39.954 | 410 ool-1-worker-174 | DEBUG | d.t.c.a.a.c.u.util.UserUtilService   : 1 instructors generated
    23:46:39.956 | 410 ool-1-worker-174 | DEBUG | d.t.c.a.a.c.u.util.UserUtilService   : Removing 5 users from all courses...
    23:46:39.957 | 410 ool-1-worker-174 | DEBUG | d.t.c.a.a.c.u.util.UserUtilService   : Removing 5 users from all courses. Done
    23:46:39.957 | 410 ool-1-worker-174 | DEBUG | d.t.c.a.a.c.u.util.UserUtilService   : Save 2 users to database...
    23:46:39.958 | 410 ool-1-worker-174 | DEBUG | d.t.c.a.a.c.u.util.UserUtilService   : Save 2 users to database. Done
    23:46:39.962 | 410 ool-1-worker-174 | INFO  | i.z.t.d.l.EmbeddedDatabaseReporter   : JDBC URL to connect to 'dataSource': url='jdbc:h2:tcp://localhost:41063/mem:df70fc46-7e57-4cb5-9cd0-c1d90c14afa7;USER=sa', scope='AttachmentResourceIntegrationTest#deleteAttachment_notInstructorInACourse'
    23:46:39.968 | 410 ool-1-worker-174 | DEBUG | d.t.c.a.a.c.s.f.ApiVersionFilter     : Adding Version to Request DELETE /api/attachments/301
    23:46:39.972 | 410 ool-1-worker-174 | WARN  | o.z.p.spring.common.AdviceTraits     : Forbidden: You are not allowed to access the Course with id 2108

  Starting logs for AttachmentResourceIntegrationTest > deleteAttachment_noCourse()
    23:46:39.987 | 410 ool-1-worker-174 | DEBUG | d.t.c.a.a.c.u.util.UserUtilService   : Generate 0 students...
    23:46:39.988 | 410 ool-1-worker-174 | DEBUG | d.t.c.a.a.c.u.util.UserUtilService   : 0 students generated. Generate 1 tutors...
    23:46:39.991 | 410 ool-1-worker-174 | DEBUG | d.t.c.a.a.c.u.util.UserUtilService   : 1 tutors generated. Generate 0 editors...
    23:46:39.993 | 410 ool-1-worker-174 | DEBUG | d.t.c.a.a.c.u.util.UserUtilService   : 0 editors generated. Generate 1 instructors...
    23:46:39.995 | 410 ool-1-worker-174 | DEBUG | d.t.c.a.a.c.u.util.UserUtilService   : 1 instructors generated
    23:46:39.997 | 410 ool-1-worker-174 | DEBUG | d.t.c.a.a.c.u.util.UserUtilService   : Removing 2 users from all courses...
    23:46:39.998 | 410 ool-1-worker-174 | DEBUG | d.t.c.a.a.c.u.util.UserUtilService   : Removing 2 users from all courses. Done
    23:46:39.998 | 410 ool-1-worker-174 | DEBUG | d.t.c.a.a.c.u.util.UserUtilService   : Save 2 users to database...
    23:46:40.003 | 410 ool-1-worker-174 | DEBUG | d.t.c.a.a.c.u.util.UserUtilService   : Save 2 users to database. Done
    23:46:40.006 | 410 ool-1-worker-174 | INFO  | i.z.t.d.l.EmbeddedDatabaseReporter   : JDBC URL to connect to 'dataSource': url='jdbc:h2:tcp://localhost:41063/mem:df70fc46-7e57-4cb5-9cd0-c1d90c14afa7;USER=sa', scope='AttachmentResourceIntegrationTest#deleteAttachment_noCourse'
    23:46:40.011 | 410 ool-1-worker-174 | DEBUG | d.t.c.a.a.c.s.f.ApiVersionFilter     : Adding Version to Request DELETE /api/attachments/302

  Starting logs for AttachmentResourceIntegrationTest > deleteAttachment_noAttachment()
    23:46:40.028 | 410 ool-1-worker-174 | DEBUG | d.t.c.a.a.c.u.util.UserUtilService   : Generate 0 students...
    23:46:40.029 | 396 ool-1-worker-160 | DEBUG | d.t.c.a.a.p.service.GitService       : Cloning from https://version-control.fake.fake/git/SHORT79E366F003324047C208B94035F064C2EFCETSTEXC/short79e366f003324047c208b94035f064c2efcetstexc-progexjenkgitlabteam1.git to /tmp/jplag-repos16632592645214789269/SHORT79E366F003324047C208B94035F064C2EFCETSTEXC/3336-progexjenkgitlabteam1
    23:46:40.030 | 410 ool-1-worker-174 | DEBUG | d.t.c.a.a.c.u.util.UserUtilService   : 0 students generated. Generate 1 tutors...
    23:46:40.038 | 410 ool-1-worker-174 | DEBUG | d.t.c.a.a.c.u.util.UserUtilService   : 1 tutors generated. Generate 0 editors...
    23:46:40.038 | 396 ool-1-worker-160 | ERROR | d.t.c.a.a.p.service.GitService       : Could not delete directory after failed clone: /tmp/jplag-repos16632592645214789269/SHORT79E366F003324047C208B94035F064C2EFCETSTEXC/3336-progexjenkgitlabteam1
    23:46:40.038 | 396 ool-1-worker-160 | ERROR | rogrammingPlagiarismDetectionService : Clone student repository https://version-control.fake.fake/git/SHORT79E366F003324047C208B94035F064C2EFCETSTEXC/short79e366f003324047c208b94035f064c2efcetstexc-progexjenkgitlabteam1.git in exercise 'Programming' did not work as expected: org.eclipse.jgit.api.errors.TransportException: https://version-control.fake.fake/git/SHORT79E366F003324047C208B94035F064C2EFCETSTEXC/short79e366f003324047c208b94035f064c2efcetstexc-progexjenkgitlabteam1.git: cannot open git-upload-pack
    23:46:40.039 | 410 ool-1-worker-174 | DEBUG | d.t.c.a.a.c.u.util.UserUtilService   : 0 editors generated. Generate 1 instructors...
    23:46:40.042 | 410 ool-1-worker-174 | DEBUG | d.t.c.a.a.c.u.util.UserUtilService   : 1 instructors generated
    23:46:40.044 | 410 ool-1-worker-174 | DEBUG | d.t.c.a.a.c.u.util.UserUtilService   : Removing 2 users from all courses...
    23:46:40.044 | 410 ool-1-worker-174 | DEBUG | d.t.c.a.a.c.u.util.UserUtilService   : Removing 2 users from all courses. Done
    23:46:40.044 | 410 ool-1-worker-174 | DEBUG | d.t.c.a.a.c.u.util.UserUtilService   : Save 2 users to database...
    23:46:40.047 | 410 ool-1-worker-174 | DEBUG | d.t.c.a.a.c.u.util.UserUtilService   : Save 2 users to database. Done
    23:46:40.050 | 410 ool-1-worker-174 | INFO  | i.z.t.d.l.EmbeddedDatabaseReporter   : JDBC URL to connect to 'dataSource': url='jdbc:h2:tcp://localhost:41063/mem:df70fc46-7e57-4cb5-9cd0-c1d90c14afa7;USER=sa', scope='AttachmentResourceIntegrationTest#deleteAttachment_noAttachment'
    23:46:40.052 | 410 ool-1-worker-174 | DEBUG | d.t.c.a.a.c.s.f.ApiVersionFilter     : Adding Version to Request DELETE /api/attachments/-1

  Starting logs for AttachmentResourceIntegrationTest > deleteAttachment_connectedToExercise()
    23:46:40.068 | 410 ool-1-worker-174 | DEBUG | d.t.c.a.a.c.u.util.UserUtilService   : Generate 0 students...
    23:46:40.069 | 410 ool-1-worker-174 | DEBUG | d.t.c.a.a.c.u.util.UserUtilService   : 0 students generated. Generate 1 tutors...
    23:46:40.072 | 410 ool-1-worker-174 | DEBUG | d.t.c.a.a.c.u.util.UserUtilService   : 1 tutors generated. Generate 0 editors...
    23:46:40.074 | 410 ool-1-worker-174 | DEBUG | d.t.c.a.a.c.u.util.UserUtilService   : 0 editors generated. Generate 1 instructors...
    23:46:40.077 | 410 ool-1-worker-174 | DEBUG | d.t.c.a.a.c.u.util.UserUtilService   : 1 instructors generated
    23:46:40.079 | 410 ool-1-worker-174 | DEBUG | d.t.c.a.a.c.u.util.UserUtilService   : Removing 2 users from all courses...
    23:46:40.079 | 410 ool-1-worker-174 | DEBUG | d.t.c.a.a.c.u.util.UserUtilService   : Removing 2 users from all courses. Done
    23:46:40.079 | 410 ool-1-worker-174 | DEBUG | d.t.c.a.a.c.u.util.UserUtilService   : Save 2 users to database...
    23:46:40.082 | 410 ool-1-worker-174 | DEBUG | d.t.c.a.a.c.u.util.UserUtilService   : Save 2 users to database. Done
    23:46:40.086 | 410 ool-1-worker-174 | INFO  | i.z.t.d.l.EmbeddedDatabaseReporter   : JDBC URL to connect to 'dataSource': url='jdbc:h2:tcp://localhost:41063/mem:df70fc46-7e57-4cb5-9cd0-c1d90c14afa7;USER=sa', scope='AttachmentResourceIntegrationTest#deleteAttachment_connectedToExercise'
    23:46:40.087 | 410 ool-1-worker-174 | DEBUG | d.t.c.a.a.c.s.f.ApiVersionFilter     : Adding Version to Request DELETE /api/attachments/303
    23:46:40.090 | 410 ool-1-worker-174 | INFO  | d.t.c.a.a.l.web.AttachmentResource   : attachmentresourceintegrationtestinstructor1 deleted attachment with id 303 for exercise Text
    23:46:40.091 | 410 ool-1-worker-174 | INFO  | d.t.c.a.a.core.service.FileService   : Invalidate files cache for uploads/images/temp/example.txt
    23:46:40.094 | 114 pool-19-thread-2 | ERROR | d.t.c.a.a.core.service.FileService   : Deleting the file uploads/images/temp/example.txt did not work because it does not exist

  Starting logs for AttachmentResourceIntegrationTest > createAttachment()
    23:46:40.104 | 410 ool-1-worker-174 | DEBUG | d.t.c.a.a.c.u.util.UserUtilService   : Generate 0 students...
    23:46:40.106 | 410 ool-1-worker-174 | DEBUG | d.t.c.a.a.c.u.util.UserUtilService   : 0 students generated. Generate 1 tutors...
    23:46:40.108 | 410 ool-1-worker-174 | DEBUG | d.t.c.a.a.c.u.util.UserUtilService   : 1 tutors generated. Generate 0 editors...
    23:46:40.110 | 410 ool-1-worker-174 | DEBUG | d.t.c.a.a.c.u.util.UserUtilService   : 0 editors generated. Generate 1 instructors...
    23:46:40.112 | 410 ool-1-worker-174 | DEBUG | d.t.c.a.a.c.u.util.UserUtilService   : 1 instructors generated
    23:46:40.114 | 410 ool-1-worker-174 | DEBUG | d.t.c.a.a.c.u.util.UserUtilService   : Removing 2 users from all courses...
    23:46:40.115 | 410 ool-1-worker-174 | DEBUG | d.t.c.a.a.c.u.util.UserUtilService   : Removing 2 users from all courses. Done
    23:46:40.115 | 410 ool-1-worker-174 | DEBUG | d.t.c.a.a.c.u.util.UserUtilService   : Save 2 users to database...
    23:46:40.117 | 410 ool-1-worker-174 | DEBUG | d.t.c.a.a.c.u.util.UserUtilService   : Save 2 users to database. Done
    23:46:40.121 | 410 ool-1-worker-174 | INFO  | i.z.t.d.l.EmbeddedDatabaseReporter   : JDBC URL to connect to 'dataSource': url='jdbc:h2:tcp://localhost:41063/mem:df70fc46-7e57-4cb5-9cd0-c1d90c14afa7;USER=sa', scope='AttachmentResourceIntegrationTest#createAttachment'
    23:46:40.122 | 410 ool-1-worker-174 | DEBUG | d.t.c.a.a.c.s.f.ApiVersionFilter     : Adding Version to Request POST /api/attachments
    23:46:40.123 | 410 ool-1-worker-174 | DEBUG | d.t.c.a.a.l.web.AttachmentResource   : REST request to save Attachment : Attachment{id=null, name='TestAttachment', link='/api/files/temp/example.txt', version='1', uploadDate='null', releaseDate='null', attachmentType='FILE'}
    23:46:40.128 | 410 ool-1-worker-174 | DEBUG | d.t.c.a.a.c.s.f.ApiVersionFilter     : Adding Version to Request GET /api/files/attachments/lecture/608/TestAttachment.txt
    23:46:40.130 | 410 ool-1-worker-174 | DEBUG | d.t.c.a.a.core.web.FileResource      : REST request to get lecture attachment : TestAttachment.txt

  Starting logs for AttachmentResourceIntegrationTest > deleteAttachment()
    23:46:40.163 | 410 ool-1-worker-174 | DEBUG | d.t.c.a.a.c.u.util.UserUtilService   : Generate 0 students...
    23:46:40.164 | 410 ool-1-worker-174 | DEBUG | d.t.c.a.a.c.u.util.UserUtilService   : 0 students generated. Generate 1 tutors...
    23:46:40.172 | 410 ool-1-worker-174 | DEBUG | d.t.c.a.a.c.u.util.UserUtilService   : 1 tutors generated. Generate 0 editors...
    23:46:40.173 | 410 ool-1-worker-174 | DEBUG | d.t.c.a.a.c.u.util.UserUtilService   : 0 editors generated. Generate 1 instructors...
    23:46:40.176 | 410 ool-1-worker-174 | DEBUG | d.t.c.a.a.c.u.util.UserUtilService   : 1 instructors generated
    23:46:40.178 | 410 ool-1-worker-174 | DEBUG | d.t.c.a.a.c.u.util.UserUtilService   : Removing 2 users from all courses...
    23:46:40.179 | 410 ool-1-worker-174 | DEBUG | d.t.c.a.a.c.u.util.UserUtilService   : Removing 2 users from all courses. Done
    23:46:40.179 | 410 ool-1-worker-174 | DEBUG | d.t.c.a.a.c.u.util.UserUtilService   : Save 2 users to database...
    23:46:40.181 | 410 ool-1-worker-174 | DEBUG | d.t.c.a.a.c.u.util.UserUtilService   : Save 2 users to database. Done
    23:46:40.185 | 410 ool-1-worker-174 | INFO  | i.z.t.d.l.EmbeddedDatabaseReporter   : JDBC URL to connect to 'dataSource': url='jdbc:h2:tcp://localhost:41063/mem:df70fc46-7e57-4cb5-9cd0-c1d90c14afa7;USER=sa', scope='AttachmentResourceIntegrationTest#deleteAttachment'
    23:46:40.186 | 410 ool-1-worker-174 | DEBUG | d.t.c.a.a.c.s.f.ApiVersionFilter     : Adding Version to Request DELETE /api/attachments/305
    23:46:40.189 | 410 ool-1-worker-174 | INFO  | d.t.c.a.a.l.web.AttachmentResource   : attachmentresourceintegrationtestinstructor1 deleted attachment with id 305 for lecture test
    23:46:40.189 | 410 ool-1-worker-174 | INFO  | d.t.c.a.a.core.service.FileService   : Invalidate files cache for uploads/images/temp/example.txt
    23:46:40.191 | 113 pool-19-thread-1 | ERROR | d.t.c.a.a.core.service.FileService   : Deleting the file uploads/images/temp/example.txt did not work because it does not exist

  Starting logs for AttachmentResourceIntegrationTest > [1] fileUpdate=true
    23:46:40.205 | 410 ool-1-worker-174 | DEBUG | d.t.c.a.a.c.u.util.UserUtilService   : Generate 0 students...
    23:46:40.206 | 410 ool-1-worker-174 | DEBUG | d.t.c.a.a.c.u.util.UserUtilService   : 0 students generated. Generate 1 tutors...
    23:46:40.209 | 410 ool-1-worker-174 | DEBUG | d.t.c.a.a.c.u.util.UserUtilService   : 1 tutors generated. Generate 0 editors...
    23:46:40.211 | 410 ool-1-worker-174 | DEBUG | d.t.c.a.a.c.u.util.UserUtilService   : 0 editors generated. Generate 1 instructors...
    23:46:40.213 | 410 ool-1-worker-174 | DEBUG | d.t.c.a.a.c.u.util.UserUtilService   : 1 instructors generated
    23:46:40.215 | 410 ool-1-worker-174 | DEBUG | d.t.c.a.a.c.u.util.UserUtilService   : Removing 2 users from all courses...
    23:46:40.216 | 410 ool-1-worker-174 | DEBUG | d.t.c.a.a.c.u.util.UserUtilService   : Removing 2 users from all courses. Done
    23:46:40.216 | 410 ool-1-worker-174 | DEBUG | d.t.c.a.a.c.u.util.UserUtilService   : Save 2 users to database...
    23:46:40.218 | 410 ool-1-worker-174 | DEBUG | d.t.c.a.a.c.u.util.UserUtilService   : Save 2 users to database. Done
    23:46:40.222 | 410 ool-1-worker-174 | INFO  | i.z.t.d.l.EmbeddedDatabaseReporter   : JDBC URL to connect to 'dataSource': url='jdbc:h2:tcp://localhost:41063/mem:df70fc46-7e57-4cb5-9cd0-c1d90c14afa7;USER=sa', scope='AttachmentResourceIntegrationTest#updateAttachment'
    23:46:40.224 | 410 ool-1-worker-174 | DEBUG | d.t.c.a.a.c.s.f.ApiVersionFilter     : Adding Version to Request PUT /api/attachments/306
    23:46:40.225 | 410 ool-1-worker-174 | DEBUG | d.t.c.a.a.l.web.AttachmentResource   : REST request to update Attachment : Attachment{id=306, name='new name', link='/api/files/temp/example.txt', version='1', uploadDate='null', releaseDate='null', attachmentType='FILE'}
    23:46:40.228 | 114 pool-19-thread-2 | ERROR | d.t.c.a.a.core.service.FileService   : Deleting the file uploads/images/temp/example.txt did not work because it does not exist
    23:46:40.228 | 410 ool-1-worker-174 | INFO  | d.t.c.a.a.core.service.FileService   : Invalidate files cache for uploads/images/temp/example.txt

  Starting logs for AttachmentResourceIntegrationTest > [2] fileUpdate=false
    23:46:40.276 | 410 ool-1-worker-174 | DEBUG | d.t.c.a.a.c.u.util.UserUtilService   : Generate 0 students...
    23:46:40.277 | 410 ool-1-worker-174 | DEBUG | d.t.c.a.a.c.u.util.UserUtilService   : 0 students generated. Generate 1 tutors...
    23:46:40.284 | 410 ool-1-worker-174 | DEBUG | d.t.c.a.a.c.u.util.UserUtilService   : 1 tutors generated. Generate 0 editors...
    23:46:40.285 | 410 ool-1-worker-174 | DEBUG | d.t.c.a.a.c.u.util.UserUtilService   : 0 editors generated. Generate 1 instructors...
    23:46:40.291 | 410 ool-1-worker-174 | DEBUG | d.t.c.a.a.c.u.util.UserUtilService   : 1 instructors generated
    23:46:40.294 | 410 ool-1-worker-174 | DEBUG | d.t.c.a.a.c.u.util.UserUtilService   : Removing 2 users from all courses...
    23:46:40.294 | 410 ool-1-worker-174 | DEBUG | d.t.c.a.a.c.u.util.UserUtilService   : Removing 2 users from all courses. Done
    23:46:40.294 | 410 ool-1-worker-174 | DEBUG | d.t.c.a.a.c.u.util.UserUtilService   : Save 2 users to database...
    23:46:40.297 | 410 ool-1-worker-174 | DEBUG | d.t.c.a.a.c.u.util.UserUtilService   : Save 2 users to database. Done
    23:46:40.301 | 410 ool-1-worker-174 | INFO  | i.z.t.d.l.EmbeddedDatabaseReporter   : JDBC URL to connect to 'dataSource': url='jdbc:h2:tcp://localhost:41063/mem:df70fc46-7e57-4cb5-9cd0-c1d90c14afa7;USER=sa', scope='AttachmentResourceIntegrationTest#updateAttachment'
    23:46:40.303 | 410 ool-1-worker-174 | DEBUG | d.t.c.a.a.c.s.f.ApiVersionFilter     : Adding Version to Request PUT /api/attachments/307
    23:46:40.304 | 410 ool-1-worker-174 | DEBUG | d.t.c.a.a.l.web.AttachmentResource   : REST request to update Attachment : Attachment{id=307, name='new name', link='/api/files/temp/example.txt', version='1', uploadDate='null', releaseDate='null', attachmentType='FILE'}

  Starting logs for AttachmentResourceIntegrationTest > getAttachmentsForLecture()
    23:46:40.329 | 410 ool-1-worker-174 | DEBUG | d.t.c.a.a.c.u.util.UserUtilService   : Generate 0 students...
    23:46:40.330 | 410 ool-1-worker-174 | DEBUG | d.t.c.a.a.c.u.util.UserUtilService   : 0 students generated. Generate 1 tutors...
    23:46:40.333 | 410 ool-1-worker-174 | DEBUG | d.t.c.a.a.c.u.util.UserUtilService   : 1 tutors generated. Generate 0 editors...
    23:46:40.335 | 410 ool-1-worker-174 | DEBUG | d.t.c.a.a.c.u.util.UserUtilService   : 0 editors generated. Generate 1 instructors...
    23:46:40.338 | 410 ool-1-worker-174 | DEBUG | d.t.c.a.a.c.u.util.UserUtilService   : 1 instructors generated
    23:46:40.340 | 410 ool-1-worker-174 | DEBUG | d.t.c.a.a.c.u.util.UserUtilService   : Removing 2 users from all courses...
    23:46:40.340 | 410 ool-1-worker-174 | DEBUG | d.t.c.a.a.c.u.util.UserUtilService   : Removing 2 users from all courses. Done
    23:46:40.340 | 410 ool-1-worker-174 | DEBUG | d.t.c.a.a.c.u.util.UserUtilService   : Save 2 users to database...
    23:46:40.342 | 410 ool-1-worker-174 | DEBUG | d.t.c.a.a.c.u.util.UserUtilService   : Save 2 users to database. Done
    23:46:40.346 | 410 ool-1-worker-174 | INFO  | i.z.t.d.l.EmbeddedDatabaseReporter   : JDBC URL to connect to 'dataSource': url='jdbc:h2:tcp://localhost:41063/mem:df70fc46-7e57-4cb5-9cd0-c1d90c14afa7;USER=sa', scope='AttachmentResourceIntegrationTest#getAttachmentsForLecture'
    23:46:40.347 | 410 ool-1-worker-174 | DEBUG | d.t.c.a.a.c.s.f.ApiVersionFilter     : Adding Version to Request GET /api/lectures/612/attachments
    23:46:40.348 | 410 ool-1-worker-174 | DEBUG | d.t.c.a.a.l.web.AttachmentResource   : REST request to get all attachments for the lecture with id : 612

  Starting logs for AttachmentResourceIntegrationTest > createAttachment_noFile()
    23:46:40.362 | 410 ool-1-worker-174 | DEBUG | d.t.c.a.a.c.u.util.UserUtilService   : Generate 0 students...
    23:46:40.364 | 410 ool-1-worker-174 | DEBUG | d.t.c.a.a.c.u.util.UserUtilService   : 0 students generated. Generate 1 tutors...
    23:46:40.367 | 410 ool-1-worker-174 | DEBUG | d.t.c.a.a.c.u.util.UserUtilService   : 1 tutors generated. Generate 0 editors...
    23:46:40.368 | 410 ool-1-worker-174 | DEBUG | d.t.c.a.a.c.u.util.UserUtilService   : 0 editors generated. Generate 1 instructors...
    23:46:40.371 | 410 ool-1-worker-174 | DEBUG | d.t.c.a.a.c.u.util.UserUtilService   : 1 instructors generated
    23:46:40.373 | 410 ool-1-worker-174 | DEBUG | d.t.c.a.a.c.u.util.UserUtilService   : Removing 2 users from all courses...
    23:46:40.373 | 410 ool-1-worker-174 | DEBUG | d.t.c.a.a.c.u.util.UserUtilService   : Removing 2 users from all courses. Done
    23:46:40.373 | 410 ool-1-worker-174 | DEBUG | d.t.c.a.a.c.u.util.UserUtilService   : Save 2 users to database...
    23:46:40.376 | 410 ool-1-worker-174 | DEBUG | d.t.c.a.a.c.u.util.UserUtilService   : Save 2 users to database. Done
    23:46:40.382 | 410 ool-1-worker-174 | INFO  | i.z.t.d.l.EmbeddedDatabaseReporter   : JDBC URL to connect to 'dataSource': url='jdbc:h2:tcp://localhost:41063/mem:df70fc46-7e57-4cb5-9cd0-c1d90c14afa7;USER=sa', scope='AttachmentResourceIntegrationTest#createAttachment_noFile'
    23:46:40.383 | 410 ool-1-worker-174 | DEBUG | d.t.c.a.a.c.s.f.ApiVersionFilter     : Adding Version to Request POST /api/attachments
    23:46:40.387 | 410 ool-1-worker-174 | WARN  | o.z.p.spring.common.AdviceTraits     : Bad Request: Required part 'file' is not present.

  Starting logs for AttachmentResourceIntegrationTest > getAttachment()
    23:46:40.417 | 410 ool-1-worker-174 | DEBUG | d.t.c.a.a.c.u.util.UserUtilService   : Generate 0 students...
    23:46:40.419 | 410 ool-1-worker-174 | DEBUG | d.t.c.a.a.c.u.util.UserUtilService   : 0 students generated. Generate 1 tutors...
    23:46:40.424 | 410 ool-1-worker-174 | DEBUG | d.t.c.a.a.c.u.util.UserUtilService   : 1 tutors generated. Generate 0 editors...
    23:46:40.426 | 410 ool-1-worker-174 | DEBUG | d.t.c.a.a.c.u.util.UserUtilService   : 0 editors generated. Generate 1 instructors...
    23:46:40.429 | 410 ool-1-worker-174 | DEBUG | d.t.c.a.a.c.u.util.UserUtilService   : 1 instructors generated
    23:46:40.431 | 410 ool-1-worker-174 | DEBUG | d.t.c.a.a.c.u.util.UserUtilService   : Removing 2 users from all courses...
    23:46:40.432 | 410 ool-1-worker-174 | DEBUG | d.t.c.a.a.c.u.util.UserUtilService   : Removing 2 users from all courses. Done
    23:46:40.432 | 410 ool-1-worker-174 | DEBUG | d.t.c.a.a.c.u.util.UserUtilService   : Save 2 users to database...
    23:46:40.439 | 410 ool-1-worker-174 | DEBUG | d.t.c.a.a.c.u.util.UserUtilService   : Save 2 users to database. Done
    23:46:40.443 | 410 ool-1-worker-174 | INFO  | i.z.t.d.l.EmbeddedDatabaseReporter   : JDBC URL to connect to 'dataSource': url='jdbc:h2:tcp://localhost:41063/mem:df70fc46-7e57-4cb5-9cd0-c1d90c14afa7;USER=sa', scope='AttachmentResourceIntegrationTest#getAttachment'
    23:46:40.444 | 410 ool-1-worker-174 | DEBUG | d.t.c.a.a.c.s.f.ApiVersionFilter     : Adding Version to Request GET /api/attachments/309
    23:46:40.445 | 410 ool-1-worker-174 | DEBUG | d.t.c.a.a.l.web.AttachmentResource   : REST request to get Attachment : 309

Finished logs for AttachmentResourceIntegrationTest
]]></system-out>
  <system-err><![CDATA[]]></system-err>
</testsuite>
