<?xml version="1.0" encoding="UTF-8"?>
<testsuite name="de.tum.cit.aet.artemis.core.GuidedTourSettingTest" tests="2" skipped="0" failures="0" errors="0" timestamp="2025-02-14T23:39:34" hostname="fv-az1721-502" time="0.005">
  <properties/>
  <testcase name="testGuidedTourKey()" classname="de.tum.cit.aet.artemis.core.GuidedTourSettingTest" time="0.001"/>
  <testcase name="testGuidedTourStep()" classname="de.tum.cit.aet.artemis.core.GuidedTourSettingTest" time="0.0"/>
  <system-out><![CDATA[
Starting logs for GuidedTourSettingTest

  Starting logs for GuidedTourSettingTest > testGuidedTourKey()

  Starting logs for GuidedTourSettingTest > testGuidedTourStep()

Finished logs for GuidedTourSettingTest
]]></system-out>
  <system-err><![CDATA[]]></system-err>
</testsuite>
