<?xml version="1.0" encoding="UTF-8"?>
<testsuite name="de.tum.cit.aet.artemis.exercise.service.ExerciseDateServiceTest$ExamTest" tests="8" skipped="0" failures="0" errors="0" timestamp="2025-02-14T23:46:02" hostname="fv-az1721-502" time="0.551">
  <properties/>
  <testcase name="[1] ownerOfStudentExam=exercisedateservicestudent1" classname="de.tum.cit.aet.artemis.exercise.service.ExerciseDateServiceTest$ExamTest" time="0.095"/>
  <testcase name="[2] ownerOfStudentExam=exercisedateservicestudent2" classname="de.tum.cit.aet.artemis.exercise.service.ExerciseDateServiceTest$ExamTest" time="0.072"/>
  <testcase name="testExamAssessmentDueDate_reviewPeriodUnset()" classname="de.tum.cit.aet.artemis.exercise.service.ExerciseDateServiceTest$ExamTest" time="0.061"/>
  <testcase name="testExamAssessmentDueDate_resultsPublished()" classname="de.tum.cit.aet.artemis.exercise.service.ExerciseDateServiceTest$ExamTest" time="0.061"/>
  <testcase name="testExamAssessmentDueDate_afterReviewPeriod()" classname="de.tum.cit.aet.artemis.exercise.service.ExerciseDateServiceTest$ExamTest" time="0.058"/>
  <testcase name="testExamExerciseDueDate_workingTimeEnded()" classname="de.tum.cit.aet.artemis.exercise.service.ExerciseDateServiceTest$ExamTest" time="0.064"/>
  <testcase name="testExamAssessmentDueDate_resultsNotPublished()" classname="de.tum.cit.aet.artemis.exercise.service.ExerciseDateServiceTest$ExamTest" time="0.061"/>
  <testcase name="testExamExerciseDueDate_duringRegularWorkingTime()" classname="de.tum.cit.aet.artemis.exercise.service.ExerciseDateServiceTest$ExamTest" time="0.068"/>
  <system-out><![CDATA[
Starting logs for ExamTest

  Starting logs for ExamTest > [1] ownerOfStudentExam=exercisedateservicestudent1
    23:46:02.450 | 383 ool-1-worker-147 | DEBUG | d.t.c.a.a.c.u.util.UserUtilService   : Generate 3 students...
    23:46:02.461 | 383 ool-1-worker-147 | DEBUG | d.t.c.a.a.c.u.util.UserUtilService   : 3 students generated. Generate 2 tutors...
    23:46:02.465 | 383 ool-1-worker-147 | DEBUG | d.t.c.a.a.c.u.util.UserUtilService   : 2 tutors generated. Generate 0 editors...
    23:46:02.469 | 383 ool-1-worker-147 | DEBUG | d.t.c.a.a.c.u.util.UserUtilService   : 0 editors generated. Generate 2 instructors...
    23:46:02.473 | 383 ool-1-worker-147 | DEBUG | d.t.c.a.a.c.u.util.UserUtilService   : 2 instructors generated
    23:46:02.475 | 383 ool-1-worker-147 | DEBUG | d.t.c.a.a.c.u.util.UserUtilService   : Removing 7 users from all courses...
    23:46:02.477 | 383 ool-1-worker-147 | DEBUG | d.t.c.a.a.c.u.util.UserUtilService   : Removing 7 users from all courses. Done
    23:46:02.477 | 383 ool-1-worker-147 | DEBUG | d.t.c.a.a.c.u.util.UserUtilService   : Save 7 users to database...
    23:46:02.482 | 383 ool-1-worker-147 | DEBUG | d.t.c.a.a.c.u.util.UserUtilService   : Save 7 users to database. Done
    23:46:02.511 | 383 ool-1-worker-147 | INFO  | i.z.t.d.l.EmbeddedDatabaseReporter   : JDBC URL to connect to 'dataSource': url='jdbc:h2:tcp://localhost:41063/mem:df70fc46-7e57-4cb5-9cd0-c1d90c14afa7;USER=sa', scope='ExamTest#testExamExerciseDueDate_individualTimeExtension'

  Starting logs for ExamTest > [2] ownerOfStudentExam=exercisedateservicestudent2
    23:46:02.538 | 383 ool-1-worker-147 | DEBUG | d.t.c.a.a.c.u.util.UserUtilService   : Generate 3 students...
    23:46:02.543 | 383 ool-1-worker-147 | DEBUG | d.t.c.a.a.c.u.util.UserUtilService   : 3 students generated. Generate 2 tutors...
    23:46:02.547 | 383 ool-1-worker-147 | DEBUG | d.t.c.a.a.c.u.util.UserUtilService   : 2 tutors generated. Generate 0 editors...
    23:46:02.548 | 383 ool-1-worker-147 | DEBUG | d.t.c.a.a.c.u.util.UserUtilService   : 0 editors generated. Generate 2 instructors...
    23:46:02.552 | 383 ool-1-worker-147 | DEBUG | d.t.c.a.a.c.u.util.UserUtilService   : 2 instructors generated
    23:46:02.554 | 383 ool-1-worker-147 | DEBUG | d.t.c.a.a.c.u.util.UserUtilService   : Removing 7 users from all courses...
    23:46:02.555 | 383 ool-1-worker-147 | DEBUG | d.t.c.a.a.c.u.util.UserUtilService   : Removing 7 users from all courses. Done
    23:46:02.555 | 383 ool-1-worker-147 | DEBUG | d.t.c.a.a.c.u.util.UserUtilService   : Save 7 users to database...
    23:46:02.559 | 383 ool-1-worker-147 | DEBUG | d.t.c.a.a.c.u.util.UserUtilService   : Save 7 users to database. Done
    23:46:02.589 | 383 ool-1-worker-147 | INFO  | i.z.t.d.l.EmbeddedDatabaseReporter   : JDBC URL to connect to 'dataSource': url='jdbc:h2:tcp://localhost:41063/mem:df70fc46-7e57-4cb5-9cd0-c1d90c14afa7;USER=sa', scope='ExamTest#testExamExerciseDueDate_individualTimeExtension'
    23:46:02.606 | 566 localvc.event-13 | DEBUG | s.l.LocalCIWebsocketMessagingService : Sending message on topic /topic/admin/queued-jobs: [BuildJobQueueItem[id=20561739576762602, name=SHORT5092226A034FE04E240897007B42FFE84BAFTSTEXC-LOCALVCCIINTSTUDENT1, buildAgent=BuildAgentDTO[name=null, memberAddress=null, displayName=null], participationId=2056, courseId=1002, exerciseId=2619, retryCount=0, priority=3, status=null, repositoryInfo=RepositoryInfo[repositoryName=short5092226a034fe04e240897007b42ffe84baftstexc-localvcciintstudent1, repositoryType=user, triggeredByPushTo=user, assignmentRepositoryUri=, testRepositoryUri=, solutionRepositoryUri=, auxiliaryRepositoryUris=null, auxiliaryRepositoryCheckoutDirectories=null], jobTimingInfo=JobTimingInfo[submissionDate=2025-02-14T23:46:02.602633177Z[Etc/UTC], buildStartDate=null, buildCompletionDate=null, estimatedCompletionDate=null, estimatedDuration=19], buildConfig=BuildConfig[buildScript=, dockerImage=, commitHashToBuild=null, assignmentCommitHash=, testCommitHash=, branch=, programmingLanguage=null, projectType=null, scaEnabled=false, sequentialTestRunsEnabled=false, resultPaths=null, timeoutSeconds=0, assignmentCheckoutPath=, testCheckoutPath=, solutionCheckoutPath=, dockerRunConfig=null], submissionResult=null]]
    23:46:02.608 | 566 localvc.event-13 | DEBUG | s.l.LocalCIWebsocketMessagingService : Sending message on topic /topic/courses/1002/queued-jobs: [BuildJobQueueItem[id=20561739576762602, name=SHORT5092226A034FE04E240897007B42FFE84BAFTSTEXC-LOCALVCCIINTSTUDENT1, buildAgent=BuildAgentDTO[name=null, memberAddress=null, displayName=null], participationId=2056, courseId=1002, exerciseId=2619, retryCount=0, priority=3, status=null, repositoryInfo=RepositoryInfo[repositoryName=short5092226a034fe04e240897007b42ffe84baftstexc-localvcciintstudent1, repositoryType=user, triggeredByPushTo=user, assignmentRepositoryUri=, testRepositoryUri=, solutionRepositoryUri=, auxiliaryRepositoryUris=null, auxiliaryRepositoryCheckoutDirectories=null], jobTimingInfo=JobTimingInfo[submissionDate=2025-02-14T23:46:02.602633177Z[Etc/UTC], buildStartDate=null, buildCompletionDate=null, estimatedCompletionDate=null, estimatedDuration=19], buildConfig=BuildConfig[buildScript=, dockerImage=, commitHashToBuild=null, assignmentCommitHash=, testCommitHash=, branch=, programmingLanguage=null, projectType=null, scaEnabled=false, sequentialTestRunsEnabled=false, resultPaths=null, timeoutSeconds=0, assignmentCheckoutPath=, testCheckoutPath=, solutionCheckoutPath=, dockerRunConfig=null], submissionResult=null]]

  Starting logs for ExamTest > testExamAssessmentDueDate_reviewPeriodUnset()
    23:46:02.613 | 383 ool-1-worker-147 | DEBUG | d.t.c.a.a.c.u.util.UserUtilService   : Generate 3 students...
    23:46:02.617 | 566 localvc.event-13 | DEBUG | s.l.LocalCIWebsocketMessagingService : Sending message on topic /topic/admin/queued-jobs: []
    23:46:02.617 | 566 localvc.event-13 | DEBUG | s.l.LocalCIWebsocketMessagingService : Sending message on topic /topic/courses/1002/queued-jobs: []
    23:46:02.618 | 383 ool-1-worker-147 | DEBUG | d.t.c.a.a.c.u.util.UserUtilService   : 3 students generated. Generate 2 tutors...
    23:46:02.622 | 383 ool-1-worker-147 | DEBUG | d.t.c.a.a.c.u.util.UserUtilService   : 2 tutors generated. Generate 0 editors...
    23:46:02.623 | 383 ool-1-worker-147 | DEBUG | d.t.c.a.a.c.u.util.UserUtilService   : 0 editors generated. Generate 2 instructors...
    23:46:02.627 | 383 ool-1-worker-147 | DEBUG | d.t.c.a.a.c.u.util.UserUtilService   : 2 instructors generated
    23:46:02.628 | 383 ool-1-worker-147 | DEBUG | d.t.c.a.a.c.u.util.UserUtilService   : Removing 7 users from all courses...
    23:46:02.629 | 383 ool-1-worker-147 | DEBUG | d.t.c.a.a.c.u.util.UserUtilService   : Removing 7 users from all courses. Done
    23:46:02.629 | 383 ool-1-worker-147 | DEBUG | d.t.c.a.a.c.u.util.UserUtilService   : Save 7 users to database...
    23:46:02.634 | 383 ool-1-worker-147 | DEBUG | d.t.c.a.a.c.u.util.UserUtilService   : Save 7 users to database. Done
    23:46:02.660 | 383 ool-1-worker-147 | INFO  | i.z.t.d.l.EmbeddedDatabaseReporter   : JDBC URL to connect to 'dataSource': url='jdbc:h2:tcp://localhost:41063/mem:df70fc46-7e57-4cb5-9cd0-c1d90c14afa7;USER=sa', scope='ExamTest#testExamAssessmentDueDate_reviewPeriodUnset'

  Starting logs for ExamTest > testExamAssessmentDueDate_resultsPublished()
    23:46:02.673 | 383 ool-1-worker-147 | DEBUG | d.t.c.a.a.c.u.util.UserUtilService   : Generate 3 students...
    23:46:02.680 | 383 ool-1-worker-147 | DEBUG | d.t.c.a.a.c.u.util.UserUtilService   : 3 students generated. Generate 2 tutors...
    23:46:02.683 | 383 ool-1-worker-147 | DEBUG | d.t.c.a.a.c.u.util.UserUtilService   : 2 tutors generated. Generate 0 editors...
    23:46:02.685 | 383 ool-1-worker-147 | DEBUG | d.t.c.a.a.c.u.util.UserUtilService   : 0 editors generated. Generate 2 instructors...
    23:46:02.688 | 383 ool-1-worker-147 | DEBUG | d.t.c.a.a.c.u.util.UserUtilService   : 2 instructors generated
    23:46:02.690 | 383 ool-1-worker-147 | DEBUG | d.t.c.a.a.c.u.util.UserUtilService   : Removing 7 users from all courses...
    23:46:02.691 | 383 ool-1-worker-147 | DEBUG | d.t.c.a.a.c.u.util.UserUtilService   : Removing 7 users from all courses. Done
    23:46:02.691 | 383 ool-1-worker-147 | DEBUG | d.t.c.a.a.c.u.util.UserUtilService   : Save 7 users to database...
    23:46:02.695 | 383 ool-1-worker-147 | DEBUG | d.t.c.a.a.c.u.util.UserUtilService   : Save 7 users to database. Done
    23:46:02.723 | 383 ool-1-worker-147 | INFO  | i.z.t.d.l.EmbeddedDatabaseReporter   : JDBC URL to connect to 'dataSource': url='jdbc:h2:tcp://localhost:41063/mem:df70fc46-7e57-4cb5-9cd0-c1d90c14afa7;USER=sa', scope='ExamTest#testExamAssessmentDueDate_resultsPublished'

  Starting logs for ExamTest > testExamAssessmentDueDate_afterReviewPeriod()
    23:46:02.736 | 383 ool-1-worker-147 | DEBUG | d.t.c.a.a.c.u.util.UserUtilService   : Generate 3 students...
    23:46:02.741 | 383 ool-1-worker-147 | DEBUG | d.t.c.a.a.c.u.util.UserUtilService   : 3 students generated. Generate 2 tutors...
    23:46:02.744 | 383 ool-1-worker-147 | DEBUG | d.t.c.a.a.c.u.util.UserUtilService   : 2 tutors generated. Generate 0 editors...
    23:46:02.746 | 383 ool-1-worker-147 | DEBUG | d.t.c.a.a.c.u.util.UserUtilService   : 0 editors generated. Generate 2 instructors...
    23:46:02.749 | 383 ool-1-worker-147 | DEBUG | d.t.c.a.a.c.u.util.UserUtilService   : 2 instructors generated
    23:46:02.751 | 383 ool-1-worker-147 | DEBUG | d.t.c.a.a.c.u.util.UserUtilService   : Removing 7 users from all courses...
    23:46:02.752 | 383 ool-1-worker-147 | DEBUG | d.t.c.a.a.c.u.util.UserUtilService   : Removing 7 users from all courses. Done
    23:46:02.752 | 383 ool-1-worker-147 | DEBUG | d.t.c.a.a.c.u.util.UserUtilService   : Save 7 users to database...
    23:46:02.756 | 383 ool-1-worker-147 | DEBUG | d.t.c.a.a.c.u.util.UserUtilService   : Save 7 users to database. Done
    23:46:02.782 | 383 ool-1-worker-147 | INFO  | i.z.t.d.l.EmbeddedDatabaseReporter   : JDBC URL to connect to 'dataSource': url='jdbc:h2:tcp://localhost:41063/mem:df70fc46-7e57-4cb5-9cd0-c1d90c14afa7;USER=sa', scope='ExamTest#testExamAssessmentDueDate_afterReviewPeriod'

  Starting logs for ExamTest > testExamExerciseDueDate_workingTimeEnded()
    23:46:02.796 | 383 ool-1-worker-147 | DEBUG | d.t.c.a.a.c.u.util.UserUtilService   : Generate 3 students...
    23:46:02.801 | 383 ool-1-worker-147 | DEBUG | d.t.c.a.a.c.u.util.UserUtilService   : 3 students generated. Generate 2 tutors...
    23:46:02.805 | 383 ool-1-worker-147 | DEBUG | d.t.c.a.a.c.u.util.UserUtilService   : 2 tutors generated. Generate 0 editors...
    23:46:02.807 | 383 ool-1-worker-147 | DEBUG | d.t.c.a.a.c.u.util.UserUtilService   : 0 editors generated. Generate 2 instructors...
    23:46:02.810 | 383 ool-1-worker-147 | DEBUG | d.t.c.a.a.c.u.util.UserUtilService   : 2 instructors generated
    23:46:02.812 | 383 ool-1-worker-147 | DEBUG | d.t.c.a.a.c.u.util.UserUtilService   : Removing 7 users from all courses...
    23:46:02.813 | 383 ool-1-worker-147 | DEBUG | d.t.c.a.a.c.u.util.UserUtilService   : Removing 7 users from all courses. Done
    23:46:02.813 | 383 ool-1-worker-147 | DEBUG | d.t.c.a.a.c.u.util.UserUtilService   : Save 7 users to database...
    23:46:02.817 | 383 ool-1-worker-147 | DEBUG | d.t.c.a.a.c.u.util.UserUtilService   : Save 7 users to database. Done
    23:46:02.843 | 383 ool-1-worker-147 | INFO  | i.z.t.d.l.EmbeddedDatabaseReporter   : JDBC URL to connect to 'dataSource': url='jdbc:h2:tcp://localhost:41063/mem:df70fc46-7e57-4cb5-9cd0-c1d90c14afa7;USER=sa', scope='ExamTest#testExamExerciseDueDate_workingTimeEnded'

  Starting logs for ExamTest > testExamAssessmentDueDate_resultsNotPublished()
    23:46:02.862 | 383 ool-1-worker-147 | DEBUG | d.t.c.a.a.c.u.util.UserUtilService   : Generate 3 students...
    23:46:02.867 | 383 ool-1-worker-147 | DEBUG | d.t.c.a.a.c.u.util.UserUtilService   : 3 students generated. Generate 2 tutors...
    23:46:02.871 | 383 ool-1-worker-147 | DEBUG | d.t.c.a.a.c.u.util.UserUtilService   : 2 tutors generated. Generate 0 editors...
    23:46:02.872 | 383 ool-1-worker-147 | DEBUG | d.t.c.a.a.c.u.util.UserUtilService   : 0 editors generated. Generate 2 instructors...
    23:46:02.876 | 383 ool-1-worker-147 | DEBUG | d.t.c.a.a.c.u.util.UserUtilService   : 2 instructors generated
    23:46:02.878 | 383 ool-1-worker-147 | DEBUG | d.t.c.a.a.c.u.util.UserUtilService   : Removing 7 users from all courses...
    23:46:02.879 | 383 ool-1-worker-147 | DEBUG | d.t.c.a.a.c.u.util.UserUtilService   : Removing 7 users from all courses. Done
    23:46:02.879 | 383 ool-1-worker-147 | DEBUG | d.t.c.a.a.c.u.util.UserUtilService   : Save 7 users to database...
    23:46:02.884 | 383 ool-1-worker-147 | DEBUG | d.t.c.a.a.c.u.util.UserUtilService   : Save 7 users to database. Done
    23:46:02.910 | 383 ool-1-worker-147 | INFO  | i.z.t.d.l.EmbeddedDatabaseReporter   : JDBC URL to connect to 'dataSource': url='jdbc:h2:tcp://localhost:41063/mem:df70fc46-7e57-4cb5-9cd0-c1d90c14afa7;USER=sa', scope='ExamTest#testExamAssessmentDueDate_resultsNotPublished'

  Starting logs for ExamTest > testExamExerciseDueDate_duringRegularWorkingTime()
    23:46:02.925 | 383 ool-1-worker-147 | DEBUG | d.t.c.a.a.c.u.util.UserUtilService   : Generate 3 students...
    23:46:02.930 | 383 ool-1-worker-147 | DEBUG | d.t.c.a.a.c.u.util.UserUtilService   : 3 students generated. Generate 2 tutors...
    23:46:02.934 | 383 ool-1-worker-147 | DEBUG | d.t.c.a.a.c.u.util.UserUtilService   : 2 tutors generated. Generate 0 editors...
    23:46:02.935 | 383 ool-1-worker-147 | DEBUG | d.t.c.a.a.c.u.util.UserUtilService   : 0 editors generated. Generate 2 instructors...
    23:46:02.939 | 383 ool-1-worker-147 | DEBUG | d.t.c.a.a.c.u.util.UserUtilService   : 2 instructors generated
    23:46:02.941 | 383 ool-1-worker-147 | DEBUG | d.t.c.a.a.c.u.util.UserUtilService   : Removing 7 users from all courses...
    23:46:02.942 | 383 ool-1-worker-147 | DEBUG | d.t.c.a.a.c.u.util.UserUtilService   : Removing 7 users from all courses. Done
    23:46:02.942 | 383 ool-1-worker-147 | DEBUG | d.t.c.a.a.c.u.util.UserUtilService   : Save 7 users to database...
    23:46:02.948 | 383 ool-1-worker-147 | DEBUG | d.t.c.a.a.c.u.util.UserUtilService   : Save 7 users to database. Done
    23:46:02.956 | 566 localvc.event-13 | DEBUG | s.l.LocalCIWebsocketMessagingService : Sending message on topic /topic/admin/queued-jobs: [BuildJobQueueItem[id=20591739576762951, name=SHORT8B6C061B05725041A90B2AB0F66E0C0032FETSTEXC-LOCALVCCIINTSTUDENT1, buildAgent=BuildAgentDTO[name=null, memberAddress=null, displayName=null], participationId=2059, courseId=1003, exerciseId=2620, retryCount=0, priority=2, status=null, repositoryInfo=RepositoryInfo[repositoryName=short8b6c061b05725041a90b2ab0f66e0c0032fetstexc-localvcciintstudent1, repositoryType=user, triggeredByPushTo=user, assignmentRepositoryUri=, testRepositoryUri=, solutionRepositoryUri=, auxiliaryRepositoryUris=null, auxiliaryRepositoryCheckoutDirectories=null], jobTimingInfo=JobTimingInfo[submissionDate=2025-02-14T23:46:02.951748828Z[Etc/UTC], buildStartDate=null, buildCompletionDate=null, estimatedCompletionDate=null, estimatedDuration=19], buildConfig=BuildConfig[buildScript=, dockerImage=, commitHashToBuild=null, assignmentCommitHash=, testCommitHash=, branch=, programmingLanguage=null, projectType=null, scaEnabled=false, sequentialTestRunsEnabled=false, resultPaths=null, timeoutSeconds=0, assignmentCheckoutPath=, testCheckoutPath=, solutionCheckoutPath=, dockerRunConfig=null], submissionResult=null]]
    23:46:02.956 | 566 localvc.event-13 | DEBUG | s.l.LocalCIWebsocketMessagingService : Sending message on topic /topic/courses/1003/queued-jobs: [BuildJobQueueItem[id=20591739576762951, name=SHORT8B6C061B05725041A90B2AB0F66E0C0032FETSTEXC-LOCALVCCIINTSTUDENT1, buildAgent=BuildAgentDTO[name=null, memberAddress=null, displayName=null], participationId=2059, courseId=1003, exerciseId=2620, retryCount=0, priority=2, status=null, repositoryInfo=RepositoryInfo[repositoryName=short8b6c061b05725041a90b2ab0f66e0c0032fetstexc-localvcciintstudent1, repositoryType=user, triggeredByPushTo=user, assignmentRepositoryUri=, testRepositoryUri=, solutionRepositoryUri=, auxiliaryRepositoryUris=null, auxiliaryRepositoryCheckoutDirectories=null], jobTimingInfo=JobTimingInfo[submissionDate=2025-02-14T23:46:02.951748828Z[Etc/UTC], buildStartDate=null, buildCompletionDate=null, estimatedCompletionDate=null, estimatedDuration=19], buildConfig=BuildConfig[buildScript=, dockerImage=, commitHashToBuild=null, assignmentCommitHash=, testCommitHash=, branch=, programmingLanguage=null, projectType=null, scaEnabled=false, sequentialTestRunsEnabled=false, resultPaths=null, timeoutSeconds=0, assignmentCheckoutPath=, testCheckoutPath=, solutionCheckoutPath=, dockerRunConfig=null], submissionResult=null]]
    23:46:02.962 | 566 localvc.event-13 | DEBUG | s.l.LocalCIWebsocketMessagingService : Sending message on topic /topic/admin/queued-jobs: []
    23:46:02.962 | 566 localvc.event-13 | DEBUG | s.l.LocalCIWebsocketMessagingService : Sending message on topic /topic/courses/1003/queued-jobs: []
    23:46:02.975 | 383 ool-1-worker-147 | INFO  | i.z.t.d.l.EmbeddedDatabaseReporter   : JDBC URL to connect to 'dataSource': url='jdbc:h2:tcp://localhost:41063/mem:df70fc46-7e57-4cb5-9cd0-c1d90c14afa7;USER=sa', scope='ExamTest#testExamExerciseDueDate_duringRegularWorkingTime'

Finished logs for ExamTest
]]></system-out>
  <system-err><![CDATA[]]></system-err>
</testsuite>
