<?xml version="1.0" encoding="UTF-8"?>
<testsuite name="de.tum.cit.aet.artemis.iris.IrisTextExerciseChatMessageIntegrationTest" tests="12" skipped="0" failures="0" errors="0" timestamp="2025-02-14T23:43:50" hostname="fv-az1721-502" time="0.989">
  <properties/>
  <testcase name="sendTwoMessages()" classname="de.tum.cit.aet.artemis.iris.IrisTextExerciseChatMessageIntegrationTest" time="0.184"/>
  <testcase name="sendOneMessage()" classname="de.tum.cit.aet.artemis.iris.IrisTextExerciseChatMessageIntegrationTest" time="0.103"/>
  <testcase name="sendMessageWithoutContent()" classname="de.tum.cit.aet.artemis.iris.IrisTextExerciseChatMessageIntegrationTest" time="0.06"/>
  <testcase name="rateMessageHelpfulNull()" classname="de.tum.cit.aet.artemis.iris.IrisTextExerciseChatMessageIntegrationTest" time="0.081"/>
  <testcase name="rateMessageHelpfulTrue()" classname="de.tum.cit.aet.artemis.iris.IrisTextExerciseChatMessageIntegrationTest" time="0.06"/>
  <testcase name="rateMessageWrongSender()" classname="de.tum.cit.aet.artemis.iris.IrisTextExerciseChatMessageIntegrationTest" time="0.057"/>
  <testcase name="rateMessageHelpfulFalse()" classname="de.tum.cit.aet.artemis.iris.IrisTextExerciseChatMessageIntegrationTest" time="0.054"/>
  <testcase name="sendMessageRateLimitReached()" classname="de.tum.cit.aet.artemis.iris.IrisTextExerciseChatMessageIntegrationTest" time="0.115"/>
  <testcase name="rateMessageWrongSession()" classname="de.tum.cit.aet.artemis.iris.IrisTextExerciseChatMessageIntegrationTest" time="0.047"/>
  <testcase name="sendOneMessageToWrongSession()" classname="de.tum.cit.aet.artemis.iris.IrisTextExerciseChatMessageIntegrationTest" time="0.052"/>
  <testcase name="getMessages()" classname="de.tum.cit.aet.artemis.iris.IrisTextExerciseChatMessageIntegrationTest" time="0.06"/>
  <testcase name="resendMessage()" classname="de.tum.cit.aet.artemis.iris.IrisTextExerciseChatMessageIntegrationTest" time="0.078"/>
  <system-out><![CDATA[
Starting logs for IrisTextExerciseChatMessageIntegrationTest

  Starting logs for IrisTextExerciseChatMessageIntegrationTest > sendTwoMessages()
    23:43:50.506 | 404 ool-1-worker-168 | DEBUG | d.t.c.a.a.c.u.util.UserUtilService   : Generate 2 students...
    23:43:50.511 | 404 ool-1-worker-168 | DEBUG | d.t.c.a.a.c.u.util.UserUtilService   : 2 students generated. Generate 0 tutors...
    23:43:50.513 | 404 ool-1-worker-168 | DEBUG | d.t.c.a.a.c.u.util.UserUtilService   : 0 tutors generated. Generate 0 editors...
    23:43:50.515 | 404 ool-1-worker-168 | DEBUG | d.t.c.a.a.c.u.util.UserUtilService   : 0 editors generated. Generate 0 instructors...
    23:43:50.518 | 404 ool-1-worker-168 | DEBUG | d.t.c.a.a.c.u.util.UserUtilService   : 0 instructors generated
    23:43:50.520 | 404 ool-1-worker-168 | DEBUG | d.t.c.a.a.c.u.util.UserUtilService   : Removing 4 users from all courses...
    23:43:50.521 | 404 ool-1-worker-168 | DEBUG | d.t.c.a.a.c.u.util.UserUtilService   : Removing 4 users from all courses. Done
    23:43:50.521 | 404 ool-1-worker-168 | DEBUG | d.t.c.a.a.c.u.util.UserUtilService   : Save 2 users to database...
    23:43:50.522 | 404 ool-1-worker-168 | DEBUG | d.t.c.a.a.c.u.util.UserUtilService   : Save 2 users to database. Done
    23:43:50.553 | 404 ool-1-worker-168 | INFO  | i.z.t.d.l.EmbeddedDatabaseReporter   : JDBC URL to connect to 'dataSource': url='jdbc:h2:tcp://localhost:41063/mem:f240edcd-27ce-47a3-b4ab-a6a00c154135;USER=sa', scope='IrisTextExerciseChatMessageIntegrationTest#sendTwoMessages'
    23:43:50.564 | 404 ool-1-worker-168 | DEBUG | d.t.c.a.a.c.s.f.ApiVersionFilter     : Adding Version to Request POST /api/iris/sessions/46/messages
    23:43:50.593 | 404 ool-1-worker-168 | DEBUG | d.t.c.a.a.i.s.w.IrisWebsocketService : Sent message to Iris user iristextchatmessageintegrationstudent1 on topic /topic/iris/46: IrisChatWebsocketDTO[type=MESSAGE, message=IrisMessage{id=58, session=IrisTextExerciseChatSession{user=iristextchatmessageintegrationstudent1,exercise=TextExercise{id=450, exampleSolution='This is my example solution'}}, sentAt=2025-02-14T23:43:50.584082Z, helpful=null, sender=USER, content=[IrisMessageContent{message=58, textContent='The smart book jumped over the lazy dog.'}, IrisMessageContent{message=58, textContent='The happy house jumped over the lazy dog.'}, IrisMessageContent{message=58, textContent='The smart computer jumped over the lazy dog.'}], messageDifferentiator=null}, rateLimitInfo=IrisRateLimitInformation[currentMessageCount=0, rateLimit=-1, rateLimitTimeframeHours=0], stages=null, suggestions=null, tokens=null]
    23:43:50.606 | 404 ool-1-worker-168 | DEBUG | d.t.c.a.a.i.s.w.IrisWebsocketService : Sent message to Iris user iristextchatmessageintegrationstudent1 on topic /topic/iris/46: IrisChatWebsocketDTO[type=STATUS, message=null, rateLimitInfo=IrisRateLimitInformation[currentMessageCount=0, rateLimit=-1, rateLimitTimeframeHours=0], stages=[PyrisStageDTO[name=Preparing, weight=10, state=IN_PROGRESS, message=null], PyrisStageDTO[name=Executing pipeline, weight=30, state=NOT_STARTED, message=null]], suggestions=null, tokens=null]
    23:43:50.609 | 404 ool-1-worker-168 | DEBUG | d.t.c.a.a.i.s.w.IrisWebsocketService : Sent message to Iris user iristextchatmessageintegrationstudent1 on topic /topic/iris/46: IrisChatWebsocketDTO[type=STATUS, message=null, rateLimitInfo=IrisRateLimitInformation[currentMessageCount=0, rateLimit=-1, rateLimitTimeframeHours=0], stages=[PyrisStageDTO[name=Preparing, weight=10, state=DONE, message=null], PyrisStageDTO[name=Executing pipeline, weight=30, state=IN_PROGRESS, message=null]], suggestions=null, tokens=null]
    23:43:50.616 | 404 ool-1-worker-168 | INFO  | d.t.c.a.a.c.s.jwt.TokenProvider      : Invalid JWT token: artemislocal_ase_in_tum_de-unknown-1739576630602-ig2VksUZo4 from source bearer
    23:43:50.616 | 404 ool-1-worker-168 | INFO  | d.t.c.a.a.c.s.jwt.TokenProvider      : Invalid JWT token: artemislocal_ase_in_tum_de-unknown-1739576630602-ig2VksUZo4 from source bearer
    23:43:50.617 | 404 ool-1-worker-168 | DEBUG | d.t.c.a.a.c.s.f.ApiVersionFilter     : Adding Version to Request POST /api/public/pyris/pipelines/text-exercise-chat/runs/artemislocal_ase_in_tum_de-unknown-1739576630602-ig2VksUZo4/status
    23:43:50.628 | 404 ool-1-worker-168 | DEBUG | d.t.c.a.a.i.s.w.IrisWebsocketService : Sent message to Iris user iristextchatmessageintegrationstudent1 on topic /topic/iris/46: IrisChatWebsocketDTO[type=MESSAGE, message=IrisMessage{id=59, session=IrisTextExerciseChatSession{user=iristextchatmessageintegrationstudent1,exercise=TextExercise{id=450, exampleSolution='This is my example solution'}}, sentAt=2025-02-14T23:43:50.620900Z, helpful=null, sender=LLM, content=[IrisMessageContent{message=59, textContent='Hello World 1'}], messageDifferentiator=null}, rateLimitInfo=IrisRateLimitInformation[currentMessageCount=0, rateLimit=-1, rateLimitTimeframeHours=0], stages=[PyrisStageDTO[name=Preparing, weight=10, state=DONE, message=null]], suggestions=null, tokens=null]
    23:43:50.631 | 404 ool-1-worker-168 | DEBUG | d.t.c.a.a.c.s.f.ApiVersionFilter     : Adding Version to Request POST /api/iris/sessions/46/messages
    23:43:50.645 | 404 ool-1-worker-168 | DEBUG | d.t.c.a.a.i.s.w.IrisWebsocketService : Sent message to Iris user iristextchatmessageintegrationstudent1 on topic /topic/iris/46: IrisChatWebsocketDTO[type=MESSAGE, message=IrisMessage{id=60, session=IrisTextExerciseChatSession{user=iristextchatmessageintegrationstudent1,exercise=TextExercise{id=450, exampleSolution='This is my example solution'}}, sentAt=2025-02-14T23:43:50.640133Z, helpful=null, sender=USER, content=[IrisMessageContent{message=60, textContent='The sad phone jumped over the lazy dog.'}, IrisMessageContent{message=60, textContent='The angry computer jumped over the lazy dog.'}, IrisMessageContent{message=60, textContent='The smart computer jumped over the lazy dog.'}], messageDifferentiator=null}, rateLimitInfo=IrisRateLimitInformation[currentMessageCount=0, rateLimit=-1, rateLimitTimeframeHours=0], stages=null, suggestions=null, tokens=null]
    23:43:50.651 | 404 ool-1-worker-168 | DEBUG | d.t.c.a.a.i.s.w.IrisWebsocketService : Sent message to Iris user iristextchatmessageintegrationstudent1 on topic /topic/iris/46: IrisChatWebsocketDTO[type=STATUS, message=null, rateLimitInfo=IrisRateLimitInformation[currentMessageCount=0, rateLimit=-1, rateLimitTimeframeHours=0], stages=[PyrisStageDTO[name=Preparing, weight=10, state=IN_PROGRESS, message=null], PyrisStageDTO[name=Executing pipeline, weight=30, state=NOT_STARTED, message=null]], suggestions=null, tokens=null]
    23:43:50.653 | 404 ool-1-worker-168 | DEBUG | d.t.c.a.a.i.s.w.IrisWebsocketService : Sent message to Iris user iristextchatmessageintegrationstudent1 on topic /topic/iris/46: IrisChatWebsocketDTO[type=STATUS, message=null, rateLimitInfo=IrisRateLimitInformation[currentMessageCount=0, rateLimit=-1, rateLimitTimeframeHours=0], stages=[PyrisStageDTO[name=Preparing, weight=10, state=DONE, message=null], PyrisStageDTO[name=Executing pipeline, weight=30, state=IN_PROGRESS, message=null]], suggestions=null, tokens=null]
    23:43:50.656 | 404 ool-1-worker-168 | INFO  | d.t.c.a.a.c.s.jwt.TokenProvider      : Invalid JWT token: artemislocal_ase_in_tum_de-unknown-1739576630650-ObenlXI4GW from source bearer
    23:43:50.656 | 404 ool-1-worker-168 | INFO  | d.t.c.a.a.c.s.jwt.TokenProvider      : Invalid JWT token: artemislocal_ase_in_tum_de-unknown-1739576630650-ObenlXI4GW from source bearer
    23:43:50.656 | 404 ool-1-worker-168 | DEBUG | d.t.c.a.a.c.s.f.ApiVersionFilter     : Adding Version to Request POST /api/public/pyris/pipelines/text-exercise-chat/runs/artemislocal_ase_in_tum_de-unknown-1739576630650-ObenlXI4GW/status
    23:43:50.666 | 404 ool-1-worker-168 | DEBUG | d.t.c.a.a.i.s.w.IrisWebsocketService : Sent message to Iris user iristextchatmessageintegrationstudent1 on topic /topic/iris/46: IrisChatWebsocketDTO[type=MESSAGE, message=IrisMessage{id=61, session=IrisTextExerciseChatSession{user=iristextchatmessageintegrationstudent1,exercise=TextExercise{id=450, exampleSolution='This is my example solution'}}, sentAt=2025-02-14T23:43:50.659440Z, helpful=null, sender=LLM, content=[IrisMessageContent{message=61, textContent='Hello World 2'}], messageDifferentiator=null}, rateLimitInfo=IrisRateLimitInformation[currentMessageCount=0, rateLimit=-1, rateLimitTimeframeHours=0], stages=[PyrisStageDTO[name=Preparing, weight=10, state=DONE, message=null]], suggestions=null, tokens=null]

  Starting logs for IrisTextExerciseChatMessageIntegrationTest > sendOneMessage()
    23:43:50.683 | 404 ool-1-worker-168 | DEBUG | d.t.c.a.a.c.u.util.UserUtilService   : Generate 2 students...
    23:43:50.688 | 404 ool-1-worker-168 | DEBUG | d.t.c.a.a.c.u.util.UserUtilService   : 2 students generated. Generate 0 tutors...
    23:43:50.689 | 404 ool-1-worker-168 | DEBUG | d.t.c.a.a.c.u.util.UserUtilService   : 0 tutors generated. Generate 0 editors...
    23:43:50.691 | 404 ool-1-worker-168 | DEBUG | d.t.c.a.a.c.u.util.UserUtilService   : 0 editors generated. Generate 0 instructors...
    23:43:50.692 | 404 ool-1-worker-168 | DEBUG | d.t.c.a.a.c.u.util.UserUtilService   : 0 instructors generated
    23:43:50.693 | 404 ool-1-worker-168 | DEBUG | d.t.c.a.a.c.u.util.UserUtilService   : Removing 2 users from all courses...
    23:43:50.694 | 404 ool-1-worker-168 | DEBUG | d.t.c.a.a.c.u.util.UserUtilService   : Removing 2 users from all courses. Done
    23:43:50.694 | 404 ool-1-worker-168 | DEBUG | d.t.c.a.a.c.u.util.UserUtilService   : Save 2 users to database...
    23:43:50.701 | 404 ool-1-worker-168 | DEBUG | d.t.c.a.a.c.u.util.UserUtilService   : Save 2 users to database. Done
    23:43:50.723 | 404 ool-1-worker-168 | INFO  | i.z.t.d.l.EmbeddedDatabaseReporter   : JDBC URL to connect to 'dataSource': url='jdbc:h2:tcp://localhost:41063/mem:f240edcd-27ce-47a3-b4ab-a6a00c154135;USER=sa', scope='IrisTextExerciseChatMessageIntegrationTest#sendOneMessage'
    23:43:50.726 | 404 ool-1-worker-168 | DEBUG | d.t.c.a.a.c.s.f.ApiVersionFilter     : Adding Version to Request POST /api/iris/sessions/47/messages
    23:43:50.739 | 404 ool-1-worker-168 | DEBUG | d.t.c.a.a.i.s.w.IrisWebsocketService : Sent message to Iris user iristextchatmessageintegrationstudent1 on topic /topic/iris/47: IrisChatWebsocketDTO[type=MESSAGE, message=IrisMessage{id=62, session=IrisTextExerciseChatSession{user=iristextchatmessageintegrationstudent1,exercise=TextExercise{id=451, exampleSolution='This is my example solution'}}, sentAt=2025-02-14T23:43:50.735729Z, helpful=null, sender=USER, content=[IrisMessageContent{message=62, textContent='The crazy book jumped over the lazy dog.'}, IrisMessageContent{message=62, textContent='The angry house jumped over the lazy dog.'}, IrisMessageContent{message=62, textContent='The beautiful cat jumped over the lazy dog.'}], messageDifferentiator=1453}, rateLimitInfo=IrisRateLimitInformation[currentMessageCount=0, rateLimit=-1, rateLimitTimeframeHours=0], stages=null, suggestions=null, tokens=null]
    23:43:50.745 | 404 ool-1-worker-168 | DEBUG | d.t.c.a.a.i.s.w.IrisWebsocketService : Sent message to Iris user iristextchatmessageintegrationstudent1 on topic /topic/iris/47: IrisChatWebsocketDTO[type=STATUS, message=null, rateLimitInfo=IrisRateLimitInformation[currentMessageCount=0, rateLimit=-1, rateLimitTimeframeHours=0], stages=[PyrisStageDTO[name=Preparing, weight=10, state=IN_PROGRESS, message=null], PyrisStageDTO[name=Executing pipeline, weight=30, state=NOT_STARTED, message=null]], suggestions=null, tokens=null]
    23:43:50.747 | 404 ool-1-worker-168 | DEBUG | d.t.c.a.a.i.s.w.IrisWebsocketService : Sent message to Iris user iristextchatmessageintegrationstudent1 on topic /topic/iris/47: IrisChatWebsocketDTO[type=STATUS, message=null, rateLimitInfo=IrisRateLimitInformation[currentMessageCount=0, rateLimit=-1, rateLimitTimeframeHours=0], stages=[PyrisStageDTO[name=Preparing, weight=10, state=DONE, message=null], PyrisStageDTO[name=Executing pipeline, weight=30, state=IN_PROGRESS, message=null]], suggestions=null, tokens=null]
    23:43:50.749 | 404 ool-1-worker-168 | INFO  | d.t.c.a.a.c.s.jwt.TokenProvider      : Invalid JWT token: artemislocal_ase_in_tum_de-unknown-1739576630743-xsxVPlgyBv from source bearer
    23:43:50.749 | 404 ool-1-worker-168 | INFO  | d.t.c.a.a.c.s.jwt.TokenProvider      : Invalid JWT token: artemislocal_ase_in_tum_de-unknown-1739576630743-xsxVPlgyBv from source bearer
    23:43:50.750 | 404 ool-1-worker-168 | DEBUG | d.t.c.a.a.c.s.f.ApiVersionFilter     : Adding Version to Request POST /api/public/pyris/pipelines/text-exercise-chat/runs/artemislocal_ase_in_tum_de-unknown-1739576630743-xsxVPlgyBv/status
    23:43:50.755 | 404 ool-1-worker-168 | DEBUG | d.t.c.a.a.i.s.w.IrisWebsocketService : Sent message to Iris user iristextchatmessageintegrationstudent1 on topic /topic/iris/47: IrisChatWebsocketDTO[type=MESSAGE, message=IrisMessage{id=63, session=IrisTextExerciseChatSession{user=iristextchatmessageintegrationstudent1,exercise=TextExercise{id=451, exampleSolution='This is my example solution'}}, sentAt=2025-02-14T23:43:50.751908Z, helpful=null, sender=LLM, content=[IrisMessageContent{message=63, textContent='Hello World'}], messageDifferentiator=null}, rateLimitInfo=IrisRateLimitInformation[currentMessageCount=0, rateLimit=-1, rateLimitTimeframeHours=0], stages=[PyrisStageDTO[name=Preparing, weight=10, state=DONE, message=null]], suggestions=null, tokens=null]

  Starting logs for IrisTextExerciseChatMessageIntegrationTest > sendMessageWithoutContent()
    23:43:50.797 | 404 ool-1-worker-168 | DEBUG | d.t.c.a.a.c.u.util.UserUtilService   : Generate 2 students...
    23:43:50.803 | 404 ool-1-worker-168 | DEBUG | d.t.c.a.a.c.u.util.UserUtilService   : 2 students generated. Generate 0 tutors...
    23:43:50.804 | 404 ool-1-worker-168 | DEBUG | d.t.c.a.a.c.u.util.UserUtilService   : 0 tutors generated. Generate 0 editors...
    23:43:50.805 | 404 ool-1-worker-168 | DEBUG | d.t.c.a.a.c.u.util.UserUtilService   : 0 editors generated. Generate 0 instructors...
    23:43:50.807 | 404 ool-1-worker-168 | DEBUG | d.t.c.a.a.c.u.util.UserUtilService   : 0 instructors generated
    23:43:50.808 | 404 ool-1-worker-168 | DEBUG | d.t.c.a.a.c.u.util.UserUtilService   : Removing 2 users from all courses...
    23:43:50.808 | 404 ool-1-worker-168 | DEBUG | d.t.c.a.a.c.u.util.UserUtilService   : Removing 2 users from all courses. Done
    23:43:50.808 | 404 ool-1-worker-168 | DEBUG | d.t.c.a.a.c.u.util.UserUtilService   : Save 2 users to database...
    23:43:50.811 | 404 ool-1-worker-168 | DEBUG | d.t.c.a.a.c.u.util.UserUtilService   : Save 2 users to database. Done
    23:43:50.823 | 404 ool-1-worker-168 | INFO  | i.z.t.d.l.EmbeddedDatabaseReporter   : JDBC URL to connect to 'dataSource': url='jdbc:h2:tcp://localhost:41063/mem:f240edcd-27ce-47a3-b4ab-a6a00c154135;USER=sa', scope='IrisTextExerciseChatMessageIntegrationTest#sendMessageWithoutContent'
    23:43:50.825 | 404 ool-1-worker-168 | DEBUG | d.t.c.a.a.c.s.f.ApiVersionFilter     : Adding Version to Request POST /api/iris/sessions/48/messages
    23:43:50.833 | 404 ool-1-worker-168 | WARN  | o.z.p.spring.common.AdviceTraits     : Bad Request: Message must have at least one content element

  Starting logs for IrisTextExerciseChatMessageIntegrationTest > rateMessageHelpfulNull()
    23:43:50.865 | 404 ool-1-worker-168 | DEBUG | d.t.c.a.a.c.u.util.UserUtilService   : Generate 2 students...
    23:43:50.873 | 404 ool-1-worker-168 | DEBUG | d.t.c.a.a.c.u.util.UserUtilService   : 2 students generated. Generate 0 tutors...
    23:43:50.876 | 404 ool-1-worker-168 | DEBUG | d.t.c.a.a.c.u.util.UserUtilService   : 0 tutors generated. Generate 0 editors...
    23:43:50.877 | 404 ool-1-worker-168 | DEBUG | d.t.c.a.a.c.u.util.UserUtilService   : 0 editors generated. Generate 0 instructors...
    23:43:50.883 | 404 ool-1-worker-168 | DEBUG | d.t.c.a.a.c.u.util.UserUtilService   : 0 instructors generated
    23:43:50.884 | 404 ool-1-worker-168 | DEBUG | d.t.c.a.a.c.u.util.UserUtilService   : Removing 2 users from all courses...
    23:43:50.884 | 404 ool-1-worker-168 | DEBUG | d.t.c.a.a.c.u.util.UserUtilService   : Removing 2 users from all courses. Done
    23:43:50.884 | 404 ool-1-worker-168 | DEBUG | d.t.c.a.a.c.u.util.UserUtilService   : Save 2 users to database...
    23:43:50.890 | 404 ool-1-worker-168 | DEBUG | d.t.c.a.a.c.u.util.UserUtilService   : Save 2 users to database. Done
    23:43:50.907 | 404 ool-1-worker-168 | INFO  | i.z.t.d.l.EmbeddedDatabaseReporter   : JDBC URL to connect to 'dataSource': url='jdbc:h2:tcp://localhost:41063/mem:f240edcd-27ce-47a3-b4ab-a6a00c154135;USER=sa', scope='IrisTextExerciseChatMessageIntegrationTest#rateMessageHelpfulNull'
    23:43:50.913 | 404 ool-1-worker-168 | DEBUG | d.t.c.a.a.c.s.f.ApiVersionFilter     : Adding Version to Request PUT /api/iris/sessions/49/messages/64/helpful

  Starting logs for IrisTextExerciseChatMessageIntegrationTest > rateMessageHelpfulTrue()
    23:43:50.947 | 404 ool-1-worker-168 | DEBUG | d.t.c.a.a.c.u.util.UserUtilService   : Generate 2 students...
    23:43:50.951 | 404 ool-1-worker-168 | DEBUG | d.t.c.a.a.c.u.util.UserUtilService   : 2 students generated. Generate 0 tutors...
    23:43:50.952 | 404 ool-1-worker-168 | DEBUG | d.t.c.a.a.c.u.util.UserUtilService   : 0 tutors generated. Generate 0 editors...
    23:43:50.955 | 404 ool-1-worker-168 | DEBUG | d.t.c.a.a.c.u.util.UserUtilService   : 0 editors generated. Generate 0 instructors...
    23:43:50.956 | 404 ool-1-worker-168 | DEBUG | d.t.c.a.a.c.u.util.UserUtilService   : 0 instructors generated
    23:43:50.957 | 404 ool-1-worker-168 | DEBUG | d.t.c.a.a.c.u.util.UserUtilService   : Removing 2 users from all courses...
    23:43:50.958 | 404 ool-1-worker-168 | DEBUG | d.t.c.a.a.c.u.util.UserUtilService   : Removing 2 users from all courses. Done
    23:43:50.958 | 404 ool-1-worker-168 | DEBUG | d.t.c.a.a.c.u.util.UserUtilService   : Save 2 users to database...
    23:43:50.961 | 404 ool-1-worker-168 | DEBUG | d.t.c.a.a.c.u.util.UserUtilService   : Save 2 users to database. Done
    23:43:50.974 | 404 ool-1-worker-168 | INFO  | i.z.t.d.l.EmbeddedDatabaseReporter   : JDBC URL to connect to 'dataSource': url='jdbc:h2:tcp://localhost:41063/mem:f240edcd-27ce-47a3-b4ab-a6a00c154135;USER=sa', scope='IrisTextExerciseChatMessageIntegrationTest#rateMessageHelpfulTrue'
    23:43:50.980 | 404 ool-1-worker-168 | DEBUG | d.t.c.a.a.c.s.f.ApiVersionFilter     : Adding Version to Request PUT /api/iris/sessions/50/messages/65/helpful

  Starting logs for IrisTextExerciseChatMessageIntegrationTest > rateMessageWrongSender()
    23:43:51.009 | 404 ool-1-worker-168 | DEBUG | d.t.c.a.a.c.u.util.UserUtilService   : Generate 2 students...
    23:43:51.013 | 404 ool-1-worker-168 | DEBUG | d.t.c.a.a.c.u.util.UserUtilService   : 2 students generated. Generate 0 tutors...
    23:43:51.014 | 404 ool-1-worker-168 | DEBUG | d.t.c.a.a.c.u.util.UserUtilService   : 0 tutors generated. Generate 0 editors...
    23:43:51.016 | 404 ool-1-worker-168 | DEBUG | d.t.c.a.a.c.u.util.UserUtilService   : 0 editors generated. Generate 0 instructors...
    23:43:51.017 | 404 ool-1-worker-168 | DEBUG | d.t.c.a.a.c.u.util.UserUtilService   : 0 instructors generated
    23:43:51.018 | 404 ool-1-worker-168 | DEBUG | d.t.c.a.a.c.u.util.UserUtilService   : Removing 2 users from all courses...
    23:43:51.019 | 404 ool-1-worker-168 | DEBUG | d.t.c.a.a.c.u.util.UserUtilService   : Removing 2 users from all courses. Done
    23:43:51.019 | 404 ool-1-worker-168 | DEBUG | d.t.c.a.a.c.u.util.UserUtilService   : Save 2 users to database...
    23:43:51.021 | 404 ool-1-worker-168 | DEBUG | d.t.c.a.a.c.u.util.UserUtilService   : Save 2 users to database. Done
    23:43:51.034 | 404 ool-1-worker-168 | INFO  | i.z.t.d.l.EmbeddedDatabaseReporter   : JDBC URL to connect to 'dataSource': url='jdbc:h2:tcp://localhost:41063/mem:f240edcd-27ce-47a3-b4ab-a6a00c154135;USER=sa', scope='IrisTextExerciseChatMessageIntegrationTest#rateMessageWrongSender'
    23:43:51.039 | 404 ool-1-worker-168 | DEBUG | d.t.c.a.a.c.s.f.ApiVersionFilter     : Adding Version to Request PUT /api/iris/sessions/51/messages/66/helpful
    23:43:51.048 | 404 ool-1-worker-168 | WARN  | o.z.p.spring.common.AdviceTraits     : Bad Request: You can only rate messages sent by Iris

  Starting logs for IrisTextExerciseChatMessageIntegrationTest > rateMessageHelpfulFalse()
    23:43:51.066 | 404 ool-1-worker-168 | DEBUG | d.t.c.a.a.c.u.util.UserUtilService   : Generate 2 students...
    23:43:51.070 | 404 ool-1-worker-168 | DEBUG | d.t.c.a.a.c.u.util.UserUtilService   : 2 students generated. Generate 0 tutors...
    23:43:51.071 | 404 ool-1-worker-168 | DEBUG | d.t.c.a.a.c.u.util.UserUtilService   : 0 tutors generated. Generate 0 editors...
    23:43:51.073 | 404 ool-1-worker-168 | DEBUG | d.t.c.a.a.c.u.util.UserUtilService   : 0 editors generated. Generate 0 instructors...
    23:43:51.074 | 404 ool-1-worker-168 | DEBUG | d.t.c.a.a.c.u.util.UserUtilService   : 0 instructors generated
    23:43:51.075 | 404 ool-1-worker-168 | DEBUG | d.t.c.a.a.c.u.util.UserUtilService   : Removing 2 users from all courses...
    23:43:51.076 | 404 ool-1-worker-168 | DEBUG | d.t.c.a.a.c.u.util.UserUtilService   : Removing 2 users from all courses. Done
    23:43:51.076 | 404 ool-1-worker-168 | DEBUG | d.t.c.a.a.c.u.util.UserUtilService   : Save 2 users to database...
    23:43:51.078 | 404 ool-1-worker-168 | DEBUG | d.t.c.a.a.c.u.util.UserUtilService   : Save 2 users to database. Done
    23:43:51.091 | 404 ool-1-worker-168 | INFO  | i.z.t.d.l.EmbeddedDatabaseReporter   : JDBC URL to connect to 'dataSource': url='jdbc:h2:tcp://localhost:41063/mem:f240edcd-27ce-47a3-b4ab-a6a00c154135;USER=sa', scope='IrisTextExerciseChatMessageIntegrationTest#rateMessageHelpfulFalse'
    23:43:51.096 | 404 ool-1-worker-168 | DEBUG | d.t.c.a.a.c.s.f.ApiVersionFilter     : Adding Version to Request PUT /api/iris/sessions/52/messages/67/helpful

  Starting logs for IrisTextExerciseChatMessageIntegrationTest > sendMessageRateLimitReached()
    23:43:51.133 | 404 ool-1-worker-168 | DEBUG | d.t.c.a.a.c.u.util.UserUtilService   : Generate 2 students...
    23:43:51.139 | 404 ool-1-worker-168 | DEBUG | d.t.c.a.a.c.u.util.UserUtilService   : 2 students generated. Generate 0 tutors...
    23:43:51.144 | 404 ool-1-worker-168 | DEBUG | d.t.c.a.a.c.u.util.UserUtilService   : 0 tutors generated. Generate 0 editors...
    23:43:51.145 | 404 ool-1-worker-168 | DEBUG | d.t.c.a.a.c.u.util.UserUtilService   : 0 editors generated. Generate 0 instructors...
    23:43:51.150 | 404 ool-1-worker-168 | DEBUG | d.t.c.a.a.c.u.util.UserUtilService   : 0 instructors generated
    23:43:51.151 | 404 ool-1-worker-168 | DEBUG | d.t.c.a.a.c.u.util.UserUtilService   : Removing 2 users from all courses...
    23:43:51.151 | 404 ool-1-worker-168 | DEBUG | d.t.c.a.a.c.u.util.UserUtilService   : Removing 2 users from all courses. Done
    23:43:51.151 | 404 ool-1-worker-168 | DEBUG | d.t.c.a.a.c.u.util.UserUtilService   : Save 2 users to database...
    23:43:51.153 | 404 ool-1-worker-168 | DEBUG | d.t.c.a.a.c.u.util.UserUtilService   : Save 2 users to database. Done
    23:43:51.166 | 404 ool-1-worker-168 | INFO  | i.z.t.d.l.EmbeddedDatabaseReporter   : JDBC URL to connect to 'dataSource': url='jdbc:h2:tcp://localhost:41063/mem:f240edcd-27ce-47a3-b4ab-a6a00c154135;USER=sa', scope='IrisTextExerciseChatMessageIntegrationTest#sendMessageRateLimitReached'
    23:43:51.170 | 404 ool-1-worker-168 | DEBUG | d.t.c.a.a.c.s.f.ApiVersionFilter     : Adding Version to Request POST /api/iris/sessions/53/messages
    23:43:51.182 | 404 ool-1-worker-168 | DEBUG | d.t.c.a.a.i.s.w.IrisWebsocketService : Sent message to Iris user iristextchatmessageintegrationstudent2 on topic /topic/iris/53: IrisChatWebsocketDTO[type=MESSAGE, message=IrisMessage{id=68, session=IrisTextExerciseChatSession{user=iristextchatmessageintegrationstudent2,exercise=TextExercise{id=457, exampleSolution='This is my example solution'}}, sentAt=2025-02-14T23:43:51.178635Z, helpful=null, sender=USER, content=[IrisMessageContent{message=68, textContent='The crazy car jumped over the lazy dog.'}, IrisMessageContent{message=68, textContent='The sad phone jumped over the lazy dog.'}, IrisMessageContent{message=68, textContent='The funny phone jumped over the lazy dog.'}], messageDifferentiator=null}, rateLimitInfo=IrisRateLimitInformation[currentMessageCount=0, rateLimit=1, rateLimitTimeframeHours=10], stages=null, suggestions=null, tokens=null]
    23:43:51.189 | 404 ool-1-worker-168 | DEBUG | d.t.c.a.a.i.s.w.IrisWebsocketService : Sent message to Iris user iristextchatmessageintegrationstudent2 on topic /topic/iris/53: IrisChatWebsocketDTO[type=STATUS, message=null, rateLimitInfo=IrisRateLimitInformation[currentMessageCount=0, rateLimit=1, rateLimitTimeframeHours=10], stages=[PyrisStageDTO[name=Preparing, weight=10, state=IN_PROGRESS, message=null], PyrisStageDTO[name=Executing pipeline, weight=30, state=NOT_STARTED, message=null]], suggestions=null, tokens=null]
    23:43:51.191 | 404 ool-1-worker-168 | DEBUG | d.t.c.a.a.i.s.w.IrisWebsocketService : Sent message to Iris user iristextchatmessageintegrationstudent2 on topic /topic/iris/53: IrisChatWebsocketDTO[type=STATUS, message=null, rateLimitInfo=IrisRateLimitInformation[currentMessageCount=0, rateLimit=1, rateLimitTimeframeHours=10], stages=[PyrisStageDTO[name=Preparing, weight=10, state=DONE, message=null], PyrisStageDTO[name=Executing pipeline, weight=30, state=IN_PROGRESS, message=null]], suggestions=null, tokens=null]
    23:43:51.194 | 404 ool-1-worker-168 | INFO  | d.t.c.a.a.c.s.jwt.TokenProvider      : Invalid JWT token: artemislocal_ase_in_tum_de-unknown-1739576631186-QNKxK5yejw from source bearer
    23:43:51.194 | 404 ool-1-worker-168 | INFO  | d.t.c.a.a.c.s.jwt.TokenProvider      : Invalid JWT token: artemislocal_ase_in_tum_de-unknown-1739576631186-QNKxK5yejw from source bearer
    23:43:51.194 | 404 ool-1-worker-168 | DEBUG | d.t.c.a.a.c.s.f.ApiVersionFilter     : Adding Version to Request POST /api/public/pyris/pipelines/text-exercise-chat/runs/artemislocal_ase_in_tum_de-unknown-1739576631186-QNKxK5yejw/status
    23:43:51.200 | 404 ool-1-worker-168 | DEBUG | d.t.c.a.a.i.s.w.IrisWebsocketService : Sent message to Iris user iristextchatmessageintegrationstudent2 on topic /topic/iris/53: IrisChatWebsocketDTO[type=MESSAGE, message=IrisMessage{id=69, session=IrisTextExerciseChatSession{user=iristextchatmessageintegrationstudent2,exercise=TextExercise{id=457, exampleSolution='This is my example solution'}}, sentAt=2025-02-14T23:43:51.196633Z, helpful=null, sender=LLM, content=[IrisMessageContent{message=69, textContent='Hello World'}], messageDifferentiator=null}, rateLimitInfo=IrisRateLimitInformation[currentMessageCount=1, rateLimit=1, rateLimitTimeframeHours=10], stages=[PyrisStageDTO[name=Preparing, weight=10, state=DONE, message=null]], suggestions=null, tokens=null]
    23:43:51.204 | 404 ool-1-worker-168 | DEBUG | d.t.c.a.a.c.s.f.ApiVersionFilter     : Adding Version to Request POST /api/iris/sessions/53/messages
    23:43:51.212 | 404 ool-1-worker-168 | WARN  | o.z.p.spring.common.AdviceTraits     : Too Many Requests: You have exceeded the rate limit of Iris
    23:43:51.216 | 404 ool-1-worker-168 | DEBUG | d.t.c.a.a.c.s.f.ApiVersionFilter     : Adding Version to Request POST /api/iris/sessions/53/messages/69/resend
    23:43:51.223 | 404 ool-1-worker-168 | WARN  | o.z.p.spring.common.AdviceTraits     : Too Many Requests: You have exceeded the rate limit of Iris

  Starting logs for IrisTextExerciseChatMessageIntegrationTest > rateMessageWrongSession()
    23:43:51.243 | 404 ool-1-worker-168 | DEBUG | d.t.c.a.a.c.u.util.UserUtilService   : Generate 2 students...
    23:43:51.247 | 404 ool-1-worker-168 | DEBUG | d.t.c.a.a.c.u.util.UserUtilService   : 2 students generated. Generate 0 tutors...
    23:43:51.248 | 404 ool-1-worker-168 | DEBUG | d.t.c.a.a.c.u.util.UserUtilService   : 0 tutors generated. Generate 0 editors...
    23:43:51.250 | 404 ool-1-worker-168 | DEBUG | d.t.c.a.a.c.u.util.UserUtilService   : 0 editors generated. Generate 0 instructors...
    23:43:51.251 | 404 ool-1-worker-168 | DEBUG | d.t.c.a.a.c.u.util.UserUtilService   : 0 instructors generated
    23:43:51.252 | 404 ool-1-worker-168 | DEBUG | d.t.c.a.a.c.u.util.UserUtilService   : Removing 2 users from all courses...
    23:43:51.253 | 404 ool-1-worker-168 | DEBUG | d.t.c.a.a.c.u.util.UserUtilService   : Removing 2 users from all courses. Done
    23:43:51.253 | 404 ool-1-worker-168 | DEBUG | d.t.c.a.a.c.u.util.UserUtilService   : Save 2 users to database...
    23:43:51.255 | 404 ool-1-worker-168 | DEBUG | d.t.c.a.a.c.u.util.UserUtilService   : Save 2 users to database. Done
    23:43:51.268 | 404 ool-1-worker-168 | INFO  | i.z.t.d.l.EmbeddedDatabaseReporter   : JDBC URL to connect to 'dataSource': url='jdbc:h2:tcp://localhost:41063/mem:f240edcd-27ce-47a3-b4ab-a6a00c154135;USER=sa', scope='IrisTextExerciseChatMessageIntegrationTest#rateMessageWrongSession'
    23:43:51.274 | 404 ool-1-worker-168 | DEBUG | d.t.c.a.a.c.s.f.ApiVersionFilter     : Adding Version to Request PUT /api/iris/sessions/55/messages/71/helpful
    23:43:51.276 | 404 ool-1-worker-168 | WARN  | o.z.p.spring.common.AdviceTraits     : Conflict: The message does not belong to the session

  Starting logs for IrisTextExerciseChatMessageIntegrationTest > sendOneMessageToWrongSession()
    23:43:51.293 | 404 ool-1-worker-168 | DEBUG | d.t.c.a.a.c.u.util.UserUtilService   : Generate 2 students...
    23:43:51.297 | 404 ool-1-worker-168 | DEBUG | d.t.c.a.a.c.u.util.UserUtilService   : 2 students generated. Generate 0 tutors...
    23:43:51.299 | 404 ool-1-worker-168 | DEBUG | d.t.c.a.a.c.u.util.UserUtilService   : 0 tutors generated. Generate 0 editors...
    23:43:51.300 | 404 ool-1-worker-168 | DEBUG | d.t.c.a.a.c.u.util.UserUtilService   : 0 editors generated. Generate 0 instructors...
    23:43:51.301 | 404 ool-1-worker-168 | DEBUG | d.t.c.a.a.c.u.util.UserUtilService   : 0 instructors generated
    23:43:51.303 | 404 ool-1-worker-168 | DEBUG | d.t.c.a.a.c.u.util.UserUtilService   : Removing 2 users from all courses...
    23:43:51.303 | 404 ool-1-worker-168 | DEBUG | d.t.c.a.a.c.u.util.UserUtilService   : Removing 2 users from all courses. Done
    23:43:51.303 | 404 ool-1-worker-168 | DEBUG | d.t.c.a.a.c.u.util.UserUtilService   : Save 2 users to database...
    23:43:51.306 | 404 ool-1-worker-168 | DEBUG | d.t.c.a.a.c.u.util.UserUtilService   : Save 2 users to database. Done
    23:43:51.320 | 404 ool-1-worker-168 | INFO  | i.z.t.d.l.EmbeddedDatabaseReporter   : JDBC URL to connect to 'dataSource': url='jdbc:h2:tcp://localhost:41063/mem:f240edcd-27ce-47a3-b4ab-a6a00c154135;USER=sa', scope='IrisTextExerciseChatMessageIntegrationTest#sendOneMessageToWrongSession'
    23:43:51.323 | 404 ool-1-worker-168 | DEBUG | d.t.c.a.a.c.s.f.ApiVersionFilter     : Adding Version to Request POST /api/iris/sessions/57/messages
    23:43:51.330 | 404 ool-1-worker-168 | WARN  | o.z.p.spring.common.AdviceTraits     : Forbidden: You are not allowed to access the Iris Text Exercise Chat Session with id 57

  Starting logs for IrisTextExerciseChatMessageIntegrationTest > getMessages()
    23:43:51.348 | 404 ool-1-worker-168 | DEBUG | d.t.c.a.a.c.u.util.UserUtilService   : Generate 2 students...
    23:43:51.351 | 404 ool-1-worker-168 | DEBUG | d.t.c.a.a.c.u.util.UserUtilService   : 2 students generated. Generate 0 tutors...
    23:43:51.353 | 404 ool-1-worker-168 | DEBUG | d.t.c.a.a.c.u.util.UserUtilService   : 0 tutors generated. Generate 0 editors...
    23:43:51.354 | 404 ool-1-worker-168 | DEBUG | d.t.c.a.a.c.u.util.UserUtilService   : 0 editors generated. Generate 0 instructors...
    23:43:51.355 | 404 ool-1-worker-168 | DEBUG | d.t.c.a.a.c.u.util.UserUtilService   : 0 instructors generated
    23:43:51.357 | 404 ool-1-worker-168 | DEBUG | d.t.c.a.a.c.u.util.UserUtilService   : Removing 2 users from all courses...
    23:43:51.357 | 404 ool-1-worker-168 | DEBUG | d.t.c.a.a.c.u.util.UserUtilService   : Removing 2 users from all courses. Done
    23:43:51.357 | 404 ool-1-worker-168 | DEBUG | d.t.c.a.a.c.u.util.UserUtilService   : Save 2 users to database...
    23:43:51.359 | 404 ool-1-worker-168 | DEBUG | d.t.c.a.a.c.u.util.UserUtilService   : Save 2 users to database. Done
    23:43:51.373 | 404 ool-1-worker-168 | INFO  | i.z.t.d.l.EmbeddedDatabaseReporter   : JDBC URL to connect to 'dataSource': url='jdbc:h2:tcp://localhost:41063/mem:f240edcd-27ce-47a3-b4ab-a6a00c154135;USER=sa', scope='IrisTextExerciseChatMessageIntegrationTest#getMessages'
    23:43:51.387 | 404 ool-1-worker-168 | DEBUG | d.t.c.a.a.c.s.f.ApiVersionFilter     : Adding Version to Request GET /api/iris/sessions/58/messages

  Starting logs for IrisTextExerciseChatMessageIntegrationTest > resendMessage()
    23:43:51.411 | 404 ool-1-worker-168 | DEBUG | d.t.c.a.a.c.u.util.UserUtilService   : Generate 2 students...
    23:43:51.415 | 404 ool-1-worker-168 | DEBUG | d.t.c.a.a.c.u.util.UserUtilService   : 2 students generated. Generate 0 tutors...
    23:43:51.417 | 404 ool-1-worker-168 | DEBUG | d.t.c.a.a.c.u.util.UserUtilService   : 0 tutors generated. Generate 0 editors...
    23:43:51.418 | 404 ool-1-worker-168 | DEBUG | d.t.c.a.a.c.u.util.UserUtilService   : 0 editors generated. Generate 0 instructors...
    23:43:51.419 | 404 ool-1-worker-168 | DEBUG | d.t.c.a.a.c.u.util.UserUtilService   : 0 instructors generated
    23:43:51.420 | 404 ool-1-worker-168 | DEBUG | d.t.c.a.a.c.u.util.UserUtilService   : Removing 2 users from all courses...
    23:43:51.421 | 404 ool-1-worker-168 | DEBUG | d.t.c.a.a.c.u.util.UserUtilService   : Removing 2 users from all courses. Done
    23:43:51.421 | 404 ool-1-worker-168 | DEBUG | d.t.c.a.a.c.u.util.UserUtilService   : Save 2 users to database...
    23:43:51.423 | 404 ool-1-worker-168 | DEBUG | d.t.c.a.a.c.u.util.UserUtilService   : Save 2 users to database. Done
    23:43:51.436 | 404 ool-1-worker-168 | INFO  | i.z.t.d.l.EmbeddedDatabaseReporter   : JDBC URL to connect to 'dataSource': url='jdbc:h2:tcp://localhost:41063/mem:f240edcd-27ce-47a3-b4ab-a6a00c154135;USER=sa', scope='IrisTextExerciseChatMessageIntegrationTest#resendMessage'
    23:43:51.442 | 404 ool-1-worker-168 | DEBUG | d.t.c.a.a.c.s.f.ApiVersionFilter     : Adding Version to Request POST /api/iris/sessions/59/messages/76/resend
    23:43:51.458 | 404 ool-1-worker-168 | DEBUG | d.t.c.a.a.i.s.w.IrisWebsocketService : Sent message to Iris user iristextchatmessageintegrationstudent1 on topic /topic/iris/59: IrisChatWebsocketDTO[type=STATUS, message=null, rateLimitInfo=IrisRateLimitInformation[currentMessageCount=0, rateLimit=-1, rateLimitTimeframeHours=0], stages=[PyrisStageDTO[name=Preparing, weight=10, state=IN_PROGRESS, message=null], PyrisStageDTO[name=Executing pipeline, weight=30, state=NOT_STARTED, message=null]], suggestions=null, tokens=null]
    23:43:51.459 | 404 ool-1-worker-168 | DEBUG | d.t.c.a.a.i.s.w.IrisWebsocketService : Sent message to Iris user iristextchatmessageintegrationstudent1 on topic /topic/iris/59: IrisChatWebsocketDTO[type=STATUS, message=null, rateLimitInfo=IrisRateLimitInformation[currentMessageCount=0, rateLimit=-1, rateLimitTimeframeHours=0], stages=[PyrisStageDTO[name=Preparing, weight=10, state=DONE, message=null], PyrisStageDTO[name=Executing pipeline, weight=30, state=IN_PROGRESS, message=null]], suggestions=null, tokens=null]
    23:43:51.463 | 404 ool-1-worker-168 | INFO  | d.t.c.a.a.c.s.jwt.TokenProvider      : Invalid JWT token: artemislocal_ase_in_tum_de-unknown-1739576631454-N7WlwZBCyz from source bearer
    23:43:51.464 | 404 ool-1-worker-168 | INFO  | d.t.c.a.a.c.s.jwt.TokenProvider      : Invalid JWT token: artemislocal_ase_in_tum_de-unknown-1739576631454-N7WlwZBCyz from source bearer
    23:43:51.464 | 404 ool-1-worker-168 | DEBUG | d.t.c.a.a.c.s.f.ApiVersionFilter     : Adding Version to Request POST /api/public/pyris/pipelines/text-exercise-chat/runs/artemislocal_ase_in_tum_de-unknown-1739576631454-N7WlwZBCyz/status
    23:43:51.470 | 404 ool-1-worker-168 | DEBUG | d.t.c.a.a.i.s.w.IrisWebsocketService : Sent message to Iris user iristextchatmessageintegrationstudent1 on topic /topic/iris/59: IrisChatWebsocketDTO[type=MESSAGE, message=IrisMessage{id=77, session=IrisTextExerciseChatSession{user=iristextchatmessageintegrationstudent1,exercise=TextExercise{id=461, exampleSolution='This is my example solution'}}, sentAt=2025-02-14T23:43:51.466590Z, helpful=null, sender=LLM, content=[IrisMessageContent{message=77, textContent='Hello World'}], messageDifferentiator=null}, rateLimitInfo=IrisRateLimitInformation[currentMessageCount=0, rateLimit=-1, rateLimitTimeframeHours=0], stages=[PyrisStageDTO[name=Preparing, weight=10, state=DONE, message=null]], suggestions=null, tokens=null]

Finished logs for IrisTextExerciseChatMessageIntegrationTest
]]></system-out>
  <system-err><![CDATA[]]></system-err>
</testsuite>
