<?xml version="1.0" encoding="UTF-8"?>
<testsuite name="de.tum.cit.aet.artemis.programming.ProgrammingSubmissionAndResultGitlabJenkinsIntegrationTest" tests="167" skipped="0" failures="0" errors="0" timestamp="2025-02-14T23:48:49" hostname="fv-az1721-502" time="16.546">
  <properties/>
  <testcase name="shouldExtractBuildLogAnalytics_unsupportedProgrammingLanguage()" classname="de.tum.cit.aet.artemis.programming.ProgrammingSubmissionAndResultGitlabJenkinsIntegrationTest" time="0.103"/>
  <testcase name="shouldExtractBuildLogAnalytics_noSca()" classname="de.tum.cit.aet.artemis.programming.ProgrammingSubmissionAndResultGitlabJenkinsIntegrationTest" time="0.097"/>
  <testcase name="shouldSaveBuildLogsOnStudentParticipationWithoutSubmissionNorResult(ProgrammingLanguage, boolean) [1] programmingLanguage=MATLAB, enableStaticCodeAnalysis=true" classname="de.tum.cit.aet.artemis.programming.ProgrammingSubmissionAndResultGitlabJenkinsIntegrationTest" time="0.1"/>
  <testcase name="shouldSaveBuildLogsOnStudentParticipationWithoutSubmissionNorResult(ProgrammingLanguage, boolean) [2] programmingLanguage=MATLAB, enableStaticCodeAnalysis=false" classname="de.tum.cit.aet.artemis.programming.ProgrammingSubmissionAndResultGitlabJenkinsIntegrationTest" time="0.092"/>
  <testcase name="shouldSaveBuildLogsOnStudentParticipationWithoutSubmissionNorResult(ProgrammingLanguage, boolean) [3] programmingLanguage=TYPESCRIPT, enableStaticCodeAnalysis=true" classname="de.tum.cit.aet.artemis.programming.ProgrammingSubmissionAndResultGitlabJenkinsIntegrationTest" time="0.089"/>
  <testcase name="shouldSaveBuildLogsOnStudentParticipationWithoutSubmissionNorResult(ProgrammingLanguage, boolean) [4] programmingLanguage=TYPESCRIPT, enableStaticCodeAnalysis=false" classname="de.tum.cit.aet.artemis.programming.ProgrammingSubmissionAndResultGitlabJenkinsIntegrationTest" time="0.095"/>
  <testcase name="shouldSaveBuildLogsOnStudentParticipationWithoutSubmissionNorResult(ProgrammingLanguage, boolean) [5] programmingLanguage=RUBY, enableStaticCodeAnalysis=true" classname="de.tum.cit.aet.artemis.programming.ProgrammingSubmissionAndResultGitlabJenkinsIntegrationTest" time="0.094"/>
  <testcase name="shouldSaveBuildLogsOnStudentParticipationWithoutSubmissionNorResult(ProgrammingLanguage, boolean) [6] programmingLanguage=RUBY, enableStaticCodeAnalysis=false" classname="de.tum.cit.aet.artemis.programming.ProgrammingSubmissionAndResultGitlabJenkinsIntegrationTest" time="0.093"/>
  <testcase name="shouldSaveBuildLogsOnStudentParticipationWithoutSubmissionNorResult(ProgrammingLanguage, boolean) [7] programmingLanguage=C, enableStaticCodeAnalysis=true" classname="de.tum.cit.aet.artemis.programming.ProgrammingSubmissionAndResultGitlabJenkinsIntegrationTest" time="0.089"/>
  <testcase name="shouldSaveBuildLogsOnStudentParticipationWithoutSubmissionNorResult(ProgrammingLanguage, boolean) [8] programmingLanguage=C, enableStaticCodeAnalysis=false" classname="de.tum.cit.aet.artemis.programming.ProgrammingSubmissionAndResultGitlabJenkinsIntegrationTest" time="0.09"/>
  <testcase name="shouldSaveBuildLogsOnStudentParticipationWithoutSubmissionNorResult(ProgrammingLanguage, boolean) [9] programmingLanguage=HASKELL, enableStaticCodeAnalysis=true" classname="de.tum.cit.aet.artemis.programming.ProgrammingSubmissionAndResultGitlabJenkinsIntegrationTest" time="0.087"/>
  <testcase name="shouldSaveBuildLogsOnStudentParticipationWithoutSubmissionNorResult(ProgrammingLanguage, boolean) [10] programmingLanguage=HASKELL, enableStaticCodeAnalysis=false" classname="de.tum.cit.aet.artemis.programming.ProgrammingSubmissionAndResultGitlabJenkinsIntegrationTest" time="0.09"/>
  <testcase name="shouldSaveBuildLogsOnStudentParticipationWithoutSubmissionNorResult(ProgrammingLanguage, boolean) [11] programmingLanguage=C_SHARP, enableStaticCodeAnalysis=true" classname="de.tum.cit.aet.artemis.programming.ProgrammingSubmissionAndResultGitlabJenkinsIntegrationTest" time="0.087"/>
  <testcase name="shouldSaveBuildLogsOnStudentParticipationWithoutSubmissionNorResult(ProgrammingLanguage, boolean) [12] programmingLanguage=C_SHARP, enableStaticCodeAnalysis=false" classname="de.tum.cit.aet.artemis.programming.ProgrammingSubmissionAndResultGitlabJenkinsIntegrationTest" time="0.092"/>
  <testcase name="shouldSaveBuildLogsOnStudentParticipationWithoutSubmissionNorResult(ProgrammingLanguage, boolean) [13] programmingLanguage=C_PLUS_PLUS, enableStaticCodeAnalysis=true" classname="de.tum.cit.aet.artemis.programming.ProgrammingSubmissionAndResultGitlabJenkinsIntegrationTest" time="0.092"/>
  <testcase name="shouldSaveBuildLogsOnStudentParticipationWithoutSubmissionNorResult(ProgrammingLanguage, boolean) [14] programmingLanguage=C_PLUS_PLUS, enableStaticCodeAnalysis=false" classname="de.tum.cit.aet.artemis.programming.ProgrammingSubmissionAndResultGitlabJenkinsIntegrationTest" time="0.088"/>
  <testcase name="shouldSaveBuildLogsOnStudentParticipationWithoutSubmissionNorResult(ProgrammingLanguage, boolean) [15] programmingLanguage=EMPTY, enableStaticCodeAnalysis=true" classname="de.tum.cit.aet.artemis.programming.ProgrammingSubmissionAndResultGitlabJenkinsIntegrationTest" time="0.091"/>
  <testcase name="shouldSaveBuildLogsOnStudentParticipationWithoutSubmissionNorResult(ProgrammingLanguage, boolean) [16] programmingLanguage=EMPTY, enableStaticCodeAnalysis=false" classname="de.tum.cit.aet.artemis.programming.ProgrammingSubmissionAndResultGitlabJenkinsIntegrationTest" time="0.102"/>
  <testcase name="shouldSaveBuildLogsOnStudentParticipationWithoutSubmissionNorResult(ProgrammingLanguage, boolean) [17] programmingLanguage=JAVA, enableStaticCodeAnalysis=true" classname="de.tum.cit.aet.artemis.programming.ProgrammingSubmissionAndResultGitlabJenkinsIntegrationTest" time="0.088"/>
  <testcase name="shouldSaveBuildLogsOnStudentParticipationWithoutSubmissionNorResult(ProgrammingLanguage, boolean) [18] programmingLanguage=JAVA, enableStaticCodeAnalysis=false" classname="de.tum.cit.aet.artemis.programming.ProgrammingSubmissionAndResultGitlabJenkinsIntegrationTest" time="0.089"/>
  <testcase name="shouldSaveBuildLogsOnStudentParticipationWithoutSubmissionNorResult(ProgrammingLanguage, boolean) [19] programmingLanguage=JAVASCRIPT, enableStaticCodeAnalysis=true" classname="de.tum.cit.aet.artemis.programming.ProgrammingSubmissionAndResultGitlabJenkinsIntegrationTest" time="0.088"/>
  <testcase name="shouldSaveBuildLogsOnStudentParticipationWithoutSubmissionNorResult(ProgrammingLanguage, boolean) [20] programmingLanguage=JAVASCRIPT, enableStaticCodeAnalysis=false" classname="de.tum.cit.aet.artemis.programming.ProgrammingSubmissionAndResultGitlabJenkinsIntegrationTest" time="0.087"/>
  <testcase name="shouldSaveBuildLogsOnStudentParticipationWithoutSubmissionNorResult(ProgrammingLanguage, boolean) [21] programmingLanguage=VHDL, enableStaticCodeAnalysis=true" classname="de.tum.cit.aet.artemis.programming.ProgrammingSubmissionAndResultGitlabJenkinsIntegrationTest" time="0.088"/>
  <testcase name="shouldSaveBuildLogsOnStudentParticipationWithoutSubmissionNorResult(ProgrammingLanguage, boolean) [22] programmingLanguage=VHDL, enableStaticCodeAnalysis=false" classname="de.tum.cit.aet.artemis.programming.ProgrammingSubmissionAndResultGitlabJenkinsIntegrationTest" time="0.089"/>
  <testcase name="shouldSaveBuildLogsOnStudentParticipationWithoutSubmissionNorResult(ProgrammingLanguage, boolean) [23] programmingLanguage=KOTLIN, enableStaticCodeAnalysis=true" classname="de.tum.cit.aet.artemis.programming.ProgrammingSubmissionAndResultGitlabJenkinsIntegrationTest" time="0.09"/>
  <testcase name="shouldSaveBuildLogsOnStudentParticipationWithoutSubmissionNorResult(ProgrammingLanguage, boolean) [24] programmingLanguage=KOTLIN, enableStaticCodeAnalysis=false" classname="de.tum.cit.aet.artemis.programming.ProgrammingSubmissionAndResultGitlabJenkinsIntegrationTest" time="0.087"/>
  <testcase name="shouldSaveBuildLogsOnStudentParticipationWithoutSubmissionNorResult(ProgrammingLanguage, boolean) [25] programmingLanguage=ASSEMBLER, enableStaticCodeAnalysis=true" classname="de.tum.cit.aet.artemis.programming.ProgrammingSubmissionAndResultGitlabJenkinsIntegrationTest" time="0.09"/>
  <testcase name="shouldSaveBuildLogsOnStudentParticipationWithoutSubmissionNorResult(ProgrammingLanguage, boolean) [26] programmingLanguage=ASSEMBLER, enableStaticCodeAnalysis=false" classname="de.tum.cit.aet.artemis.programming.ProgrammingSubmissionAndResultGitlabJenkinsIntegrationTest" time="0.09"/>
  <testcase name="shouldSaveBuildLogsOnStudentParticipationWithoutSubmissionNorResult(ProgrammingLanguage, boolean) [27] programmingLanguage=BASH, enableStaticCodeAnalysis=true" classname="de.tum.cit.aet.artemis.programming.ProgrammingSubmissionAndResultGitlabJenkinsIntegrationTest" time="0.101"/>
  <testcase name="shouldSaveBuildLogsOnStudentParticipationWithoutSubmissionNorResult(ProgrammingLanguage, boolean) [28] programmingLanguage=BASH, enableStaticCodeAnalysis=false" classname="de.tum.cit.aet.artemis.programming.ProgrammingSubmissionAndResultGitlabJenkinsIntegrationTest" time="0.087"/>
  <testcase name="shouldSaveBuildLogsOnStudentParticipationWithoutSubmissionNorResult(ProgrammingLanguage, boolean) [29] programmingLanguage=SWIFT, enableStaticCodeAnalysis=true" classname="de.tum.cit.aet.artemis.programming.ProgrammingSubmissionAndResultGitlabJenkinsIntegrationTest" time="0.088"/>
  <testcase name="shouldSaveBuildLogsOnStudentParticipationWithoutSubmissionNorResult(ProgrammingLanguage, boolean) [30] programmingLanguage=SWIFT, enableStaticCodeAnalysis=false" classname="de.tum.cit.aet.artemis.programming.ProgrammingSubmissionAndResultGitlabJenkinsIntegrationTest" time="0.089"/>
  <testcase name="shouldSaveBuildLogsOnStudentParticipationWithoutSubmissionNorResult(ProgrammingLanguage, boolean) [31] programmingLanguage=GO, enableStaticCodeAnalysis=true" classname="de.tum.cit.aet.artemis.programming.ProgrammingSubmissionAndResultGitlabJenkinsIntegrationTest" time="0.092"/>
  <testcase name="shouldSaveBuildLogsOnStudentParticipationWithoutSubmissionNorResult(ProgrammingLanguage, boolean) [32] programmingLanguage=GO, enableStaticCodeAnalysis=false" classname="de.tum.cit.aet.artemis.programming.ProgrammingSubmissionAndResultGitlabJenkinsIntegrationTest" time="0.09"/>
  <testcase name="shouldSaveBuildLogsOnStudentParticipationWithoutSubmissionNorResult(ProgrammingLanguage, boolean) [33] programmingLanguage=RUST, enableStaticCodeAnalysis=true" classname="de.tum.cit.aet.artemis.programming.ProgrammingSubmissionAndResultGitlabJenkinsIntegrationTest" time="0.093"/>
  <testcase name="shouldSaveBuildLogsOnStudentParticipationWithoutSubmissionNorResult(ProgrammingLanguage, boolean) [34] programmingLanguage=RUST, enableStaticCodeAnalysis=false" classname="de.tum.cit.aet.artemis.programming.ProgrammingSubmissionAndResultGitlabJenkinsIntegrationTest" time="0.091"/>
  <testcase name="shouldSaveBuildLogsOnStudentParticipationWithoutSubmissionNorResult(ProgrammingLanguage, boolean) [35] programmingLanguage=OCAML, enableStaticCodeAnalysis=true" classname="de.tum.cit.aet.artemis.programming.ProgrammingSubmissionAndResultGitlabJenkinsIntegrationTest" time="0.14"/>
  <testcase name="shouldSaveBuildLogsOnStudentParticipationWithoutSubmissionNorResult(ProgrammingLanguage, boolean) [36] programmingLanguage=OCAML, enableStaticCodeAnalysis=false" classname="de.tum.cit.aet.artemis.programming.ProgrammingSubmissionAndResultGitlabJenkinsIntegrationTest" time="0.119"/>
  <testcase name="shouldSaveBuildLogsOnStudentParticipationWithoutSubmissionNorResult(ProgrammingLanguage, boolean) [37] programmingLanguage=R, enableStaticCodeAnalysis=true" classname="de.tum.cit.aet.artemis.programming.ProgrammingSubmissionAndResultGitlabJenkinsIntegrationTest" time="0.092"/>
  <testcase name="shouldSaveBuildLogsOnStudentParticipationWithoutSubmissionNorResult(ProgrammingLanguage, boolean) [38] programmingLanguage=R, enableStaticCodeAnalysis=false" classname="de.tum.cit.aet.artemis.programming.ProgrammingSubmissionAndResultGitlabJenkinsIntegrationTest" time="0.092"/>
  <testcase name="shouldSaveBuildLogsOnStudentParticipationWithoutSubmissionNorResult(ProgrammingLanguage, boolean) [39] programmingLanguage=PYTHON, enableStaticCodeAnalysis=true" classname="de.tum.cit.aet.artemis.programming.ProgrammingSubmissionAndResultGitlabJenkinsIntegrationTest" time="0.09"/>
  <testcase name="shouldSaveBuildLogsOnStudentParticipationWithoutSubmissionNorResult(ProgrammingLanguage, boolean) [40] programmingLanguage=PYTHON, enableStaticCodeAnalysis=false" classname="de.tum.cit.aet.artemis.programming.ProgrammingSubmissionAndResultGitlabJenkinsIntegrationTest" time="0.088"/>
  <testcase name="shouldExtractBuildLogAnalytics_sca()" classname="de.tum.cit.aet.artemis.programming.ProgrammingSubmissionAndResultGitlabJenkinsIntegrationTest" time="0.079"/>
  <testcase name="shouldCreateGradleFeedback()" classname="de.tum.cit.aet.artemis.programming.ProgrammingSubmissionAndResultGitlabJenkinsIntegrationTest" time="0.086"/>
  <testcase name="shouldReceiveBuildLogsOnNewStudentParticipationResult()" classname="de.tum.cit.aet.artemis.programming.ProgrammingSubmissionAndResultGitlabJenkinsIntegrationTest" time="0.077"/>
  <testcase name="shouldExtractBuildLogAnalytics_noSca_gradle()" classname="de.tum.cit.aet.artemis.programming.ProgrammingSubmissionAndResultGitlabJenkinsIntegrationTest" time="0.076"/>
  <testcase name="shouldSetSubmissionDateForBuildCorrectlyIfOnlyOnePushIsReceived()" classname="de.tum.cit.aet.artemis.programming.ProgrammingSubmissionAndResultGitlabJenkinsIntegrationTest" time="0.106"/>
  <testcase name="shouldSaveBuildLogsOnStudentParticipationWithoutResult(ProgrammingLanguage, boolean, boolean) [1] programmingLanguage=MATLAB, enableStaticCodeAnalysis=true, buildFailed=true" classname="de.tum.cit.aet.artemis.programming.ProgrammingSubmissionAndResultGitlabJenkinsIntegrationTest" time="0.109"/>
  <testcase name="shouldSaveBuildLogsOnStudentParticipationWithoutResult(ProgrammingLanguage, boolean, boolean) [2] programmingLanguage=MATLAB, enableStaticCodeAnalysis=false, buildFailed=true" classname="de.tum.cit.aet.artemis.programming.ProgrammingSubmissionAndResultGitlabJenkinsIntegrationTest" time="0.108"/>
  <testcase name="shouldSaveBuildLogsOnStudentParticipationWithoutResult(ProgrammingLanguage, boolean, boolean) [3] programmingLanguage=MATLAB, enableStaticCodeAnalysis=true, buildFailed=false" classname="de.tum.cit.aet.artemis.programming.ProgrammingSubmissionAndResultGitlabJenkinsIntegrationTest" time="0.108"/>
  <testcase name="shouldSaveBuildLogsOnStudentParticipationWithoutResult(ProgrammingLanguage, boolean, boolean) [4] programmingLanguage=MATLAB, enableStaticCodeAnalysis=false, buildFailed=false" classname="de.tum.cit.aet.artemis.programming.ProgrammingSubmissionAndResultGitlabJenkinsIntegrationTest" time="0.113"/>
  <testcase name="shouldSaveBuildLogsOnStudentParticipationWithoutResult(ProgrammingLanguage, boolean, boolean) [5] programmingLanguage=TYPESCRIPT, enableStaticCodeAnalysis=true, buildFailed=true" classname="de.tum.cit.aet.artemis.programming.ProgrammingSubmissionAndResultGitlabJenkinsIntegrationTest" time="0.116"/>
  <testcase name="shouldSaveBuildLogsOnStudentParticipationWithoutResult(ProgrammingLanguage, boolean, boolean) [6] programmingLanguage=TYPESCRIPT, enableStaticCodeAnalysis=false, buildFailed=true" classname="de.tum.cit.aet.artemis.programming.ProgrammingSubmissionAndResultGitlabJenkinsIntegrationTest" time="0.113"/>
  <testcase name="shouldSaveBuildLogsOnStudentParticipationWithoutResult(ProgrammingLanguage, boolean, boolean) [7] programmingLanguage=TYPESCRIPT, enableStaticCodeAnalysis=true, buildFailed=false" classname="de.tum.cit.aet.artemis.programming.ProgrammingSubmissionAndResultGitlabJenkinsIntegrationTest" time="0.114"/>
  <testcase name="shouldSaveBuildLogsOnStudentParticipationWithoutResult(ProgrammingLanguage, boolean, boolean) [8] programmingLanguage=TYPESCRIPT, enableStaticCodeAnalysis=false, buildFailed=false" classname="de.tum.cit.aet.artemis.programming.ProgrammingSubmissionAndResultGitlabJenkinsIntegrationTest" time="0.11"/>
  <testcase name="shouldSaveBuildLogsOnStudentParticipationWithoutResult(ProgrammingLanguage, boolean, boolean) [9] programmingLanguage=RUBY, enableStaticCodeAnalysis=true, buildFailed=true" classname="de.tum.cit.aet.artemis.programming.ProgrammingSubmissionAndResultGitlabJenkinsIntegrationTest" time="0.119"/>
  <testcase name="shouldSaveBuildLogsOnStudentParticipationWithoutResult(ProgrammingLanguage, boolean, boolean) [10] programmingLanguage=RUBY, enableStaticCodeAnalysis=false, buildFailed=true" classname="de.tum.cit.aet.artemis.programming.ProgrammingSubmissionAndResultGitlabJenkinsIntegrationTest" time="0.114"/>
  <testcase name="shouldSaveBuildLogsOnStudentParticipationWithoutResult(ProgrammingLanguage, boolean, boolean) [11] programmingLanguage=RUBY, enableStaticCodeAnalysis=true, buildFailed=false" classname="de.tum.cit.aet.artemis.programming.ProgrammingSubmissionAndResultGitlabJenkinsIntegrationTest" time="0.112"/>
  <testcase name="shouldSaveBuildLogsOnStudentParticipationWithoutResult(ProgrammingLanguage, boolean, boolean) [12] programmingLanguage=RUBY, enableStaticCodeAnalysis=false, buildFailed=false" classname="de.tum.cit.aet.artemis.programming.ProgrammingSubmissionAndResultGitlabJenkinsIntegrationTest" time="0.116"/>
  <testcase name="shouldSaveBuildLogsOnStudentParticipationWithoutResult(ProgrammingLanguage, boolean, boolean) [13] programmingLanguage=C, enableStaticCodeAnalysis=true, buildFailed=true" classname="de.tum.cit.aet.artemis.programming.ProgrammingSubmissionAndResultGitlabJenkinsIntegrationTest" time="0.118"/>
  <testcase name="shouldSaveBuildLogsOnStudentParticipationWithoutResult(ProgrammingLanguage, boolean, boolean) [14] programmingLanguage=C, enableStaticCodeAnalysis=false, buildFailed=true" classname="de.tum.cit.aet.artemis.programming.ProgrammingSubmissionAndResultGitlabJenkinsIntegrationTest" time="0.115"/>
  <testcase name="shouldSaveBuildLogsOnStudentParticipationWithoutResult(ProgrammingLanguage, boolean, boolean) [15] programmingLanguage=C, enableStaticCodeAnalysis=true, buildFailed=false" classname="de.tum.cit.aet.artemis.programming.ProgrammingSubmissionAndResultGitlabJenkinsIntegrationTest" time="0.112"/>
  <testcase name="shouldSaveBuildLogsOnStudentParticipationWithoutResult(ProgrammingLanguage, boolean, boolean) [16] programmingLanguage=C, enableStaticCodeAnalysis=false, buildFailed=false" classname="de.tum.cit.aet.artemis.programming.ProgrammingSubmissionAndResultGitlabJenkinsIntegrationTest" time="0.108"/>
  <testcase name="shouldSaveBuildLogsOnStudentParticipationWithoutResult(ProgrammingLanguage, boolean, boolean) [17] programmingLanguage=HASKELL, enableStaticCodeAnalysis=true, buildFailed=true" classname="de.tum.cit.aet.artemis.programming.ProgrammingSubmissionAndResultGitlabJenkinsIntegrationTest" time="0.114"/>
  <testcase name="shouldSaveBuildLogsOnStudentParticipationWithoutResult(ProgrammingLanguage, boolean, boolean) [18] programmingLanguage=HASKELL, enableStaticCodeAnalysis=false, buildFailed=true" classname="de.tum.cit.aet.artemis.programming.ProgrammingSubmissionAndResultGitlabJenkinsIntegrationTest" time="0.109"/>
  <testcase name="shouldSaveBuildLogsOnStudentParticipationWithoutResult(ProgrammingLanguage, boolean, boolean) [19] programmingLanguage=HASKELL, enableStaticCodeAnalysis=true, buildFailed=false" classname="de.tum.cit.aet.artemis.programming.ProgrammingSubmissionAndResultGitlabJenkinsIntegrationTest" time="0.108"/>
  <testcase name="shouldSaveBuildLogsOnStudentParticipationWithoutResult(ProgrammingLanguage, boolean, boolean) [20] programmingLanguage=HASKELL, enableStaticCodeAnalysis=false, buildFailed=false" classname="de.tum.cit.aet.artemis.programming.ProgrammingSubmissionAndResultGitlabJenkinsIntegrationTest" time="0.11"/>
  <testcase name="shouldSaveBuildLogsOnStudentParticipationWithoutResult(ProgrammingLanguage, boolean, boolean) [21] programmingLanguage=C_SHARP, enableStaticCodeAnalysis=true, buildFailed=true" classname="de.tum.cit.aet.artemis.programming.ProgrammingSubmissionAndResultGitlabJenkinsIntegrationTest" time="0.115"/>
  <testcase name="shouldSaveBuildLogsOnStudentParticipationWithoutResult(ProgrammingLanguage, boolean, boolean) [22] programmingLanguage=C_SHARP, enableStaticCodeAnalysis=false, buildFailed=true" classname="de.tum.cit.aet.artemis.programming.ProgrammingSubmissionAndResultGitlabJenkinsIntegrationTest" time="0.118"/>
  <testcase name="shouldSaveBuildLogsOnStudentParticipationWithoutResult(ProgrammingLanguage, boolean, boolean) [23] programmingLanguage=C_SHARP, enableStaticCodeAnalysis=true, buildFailed=false" classname="de.tum.cit.aet.artemis.programming.ProgrammingSubmissionAndResultGitlabJenkinsIntegrationTest" time="0.114"/>
  <testcase name="shouldSaveBuildLogsOnStudentParticipationWithoutResult(ProgrammingLanguage, boolean, boolean) [24] programmingLanguage=C_SHARP, enableStaticCodeAnalysis=false, buildFailed=false" classname="de.tum.cit.aet.artemis.programming.ProgrammingSubmissionAndResultGitlabJenkinsIntegrationTest" time="0.114"/>
  <testcase name="shouldSaveBuildLogsOnStudentParticipationWithoutResult(ProgrammingLanguage, boolean, boolean) [25] programmingLanguage=C_PLUS_PLUS, enableStaticCodeAnalysis=true, buildFailed=true" classname="de.tum.cit.aet.artemis.programming.ProgrammingSubmissionAndResultGitlabJenkinsIntegrationTest" time="0.11"/>
  <testcase name="shouldSaveBuildLogsOnStudentParticipationWithoutResult(ProgrammingLanguage, boolean, boolean) [26] programmingLanguage=C_PLUS_PLUS, enableStaticCodeAnalysis=false, buildFailed=true" classname="de.tum.cit.aet.artemis.programming.ProgrammingSubmissionAndResultGitlabJenkinsIntegrationTest" time="0.109"/>
  <testcase name="shouldSaveBuildLogsOnStudentParticipationWithoutResult(ProgrammingLanguage, boolean, boolean) [27] programmingLanguage=C_PLUS_PLUS, enableStaticCodeAnalysis=true, buildFailed=false" classname="de.tum.cit.aet.artemis.programming.ProgrammingSubmissionAndResultGitlabJenkinsIntegrationTest" time="0.116"/>
  <testcase name="shouldSaveBuildLogsOnStudentParticipationWithoutResult(ProgrammingLanguage, boolean, boolean) [28] programmingLanguage=C_PLUS_PLUS, enableStaticCodeAnalysis=false, buildFailed=false" classname="de.tum.cit.aet.artemis.programming.ProgrammingSubmissionAndResultGitlabJenkinsIntegrationTest" time="0.114"/>
  <testcase name="shouldSaveBuildLogsOnStudentParticipationWithoutResult(ProgrammingLanguage, boolean, boolean) [29] programmingLanguage=EMPTY, enableStaticCodeAnalysis=true, buildFailed=true" classname="de.tum.cit.aet.artemis.programming.ProgrammingSubmissionAndResultGitlabJenkinsIntegrationTest" time="0.11"/>
  <testcase name="shouldSaveBuildLogsOnStudentParticipationWithoutResult(ProgrammingLanguage, boolean, boolean) [30] programmingLanguage=EMPTY, enableStaticCodeAnalysis=false, buildFailed=true" classname="de.tum.cit.aet.artemis.programming.ProgrammingSubmissionAndResultGitlabJenkinsIntegrationTest" time="0.143"/>
  <testcase name="shouldSaveBuildLogsOnStudentParticipationWithoutResult(ProgrammingLanguage, boolean, boolean) [31] programmingLanguage=EMPTY, enableStaticCodeAnalysis=true, buildFailed=false" classname="de.tum.cit.aet.artemis.programming.ProgrammingSubmissionAndResultGitlabJenkinsIntegrationTest" time="0.114"/>
  <testcase name="shouldSaveBuildLogsOnStudentParticipationWithoutResult(ProgrammingLanguage, boolean, boolean) [32] programmingLanguage=EMPTY, enableStaticCodeAnalysis=false, buildFailed=false" classname="de.tum.cit.aet.artemis.programming.ProgrammingSubmissionAndResultGitlabJenkinsIntegrationTest" time="0.109"/>
  <testcase name="shouldSaveBuildLogsOnStudentParticipationWithoutResult(ProgrammingLanguage, boolean, boolean) [33] programmingLanguage=JAVA, enableStaticCodeAnalysis=true, buildFailed=true" classname="de.tum.cit.aet.artemis.programming.ProgrammingSubmissionAndResultGitlabJenkinsIntegrationTest" time="0.109"/>
  <testcase name="shouldSaveBuildLogsOnStudentParticipationWithoutResult(ProgrammingLanguage, boolean, boolean) [34] programmingLanguage=JAVA, enableStaticCodeAnalysis=false, buildFailed=true" classname="de.tum.cit.aet.artemis.programming.ProgrammingSubmissionAndResultGitlabJenkinsIntegrationTest" time="0.11"/>
  <testcase name="shouldSaveBuildLogsOnStudentParticipationWithoutResult(ProgrammingLanguage, boolean, boolean) [35] programmingLanguage=JAVA, enableStaticCodeAnalysis=true, buildFailed=false" classname="de.tum.cit.aet.artemis.programming.ProgrammingSubmissionAndResultGitlabJenkinsIntegrationTest" time="0.111"/>
  <testcase name="shouldSaveBuildLogsOnStudentParticipationWithoutResult(ProgrammingLanguage, boolean, boolean) [36] programmingLanguage=JAVA, enableStaticCodeAnalysis=false, buildFailed=false" classname="de.tum.cit.aet.artemis.programming.ProgrammingSubmissionAndResultGitlabJenkinsIntegrationTest" time="0.11"/>
  <testcase name="shouldSaveBuildLogsOnStudentParticipationWithoutResult(ProgrammingLanguage, boolean, boolean) [37] programmingLanguage=JAVASCRIPT, enableStaticCodeAnalysis=true, buildFailed=true" classname="de.tum.cit.aet.artemis.programming.ProgrammingSubmissionAndResultGitlabJenkinsIntegrationTest" time="0.113"/>
  <testcase name="shouldSaveBuildLogsOnStudentParticipationWithoutResult(ProgrammingLanguage, boolean, boolean) [38] programmingLanguage=JAVASCRIPT, enableStaticCodeAnalysis=false, buildFailed=true" classname="de.tum.cit.aet.artemis.programming.ProgrammingSubmissionAndResultGitlabJenkinsIntegrationTest" time="0.111"/>
  <testcase name="shouldSaveBuildLogsOnStudentParticipationWithoutResult(ProgrammingLanguage, boolean, boolean) [39] programmingLanguage=JAVASCRIPT, enableStaticCodeAnalysis=true, buildFailed=false" classname="de.tum.cit.aet.artemis.programming.ProgrammingSubmissionAndResultGitlabJenkinsIntegrationTest" time="0.109"/>
  <testcase name="shouldSaveBuildLogsOnStudentParticipationWithoutResult(ProgrammingLanguage, boolean, boolean) [40] programmingLanguage=JAVASCRIPT, enableStaticCodeAnalysis=false, buildFailed=false" classname="de.tum.cit.aet.artemis.programming.ProgrammingSubmissionAndResultGitlabJenkinsIntegrationTest" time="0.11"/>
  <testcase name="shouldSaveBuildLogsOnStudentParticipationWithoutResult(ProgrammingLanguage, boolean, boolean) [41] programmingLanguage=VHDL, enableStaticCodeAnalysis=true, buildFailed=true" classname="de.tum.cit.aet.artemis.programming.ProgrammingSubmissionAndResultGitlabJenkinsIntegrationTest" time="0.108"/>
  <testcase name="shouldSaveBuildLogsOnStudentParticipationWithoutResult(ProgrammingLanguage, boolean, boolean) [42] programmingLanguage=VHDL, enableStaticCodeAnalysis=false, buildFailed=true" classname="de.tum.cit.aet.artemis.programming.ProgrammingSubmissionAndResultGitlabJenkinsIntegrationTest" time="0.11"/>
  <testcase name="shouldSaveBuildLogsOnStudentParticipationWithoutResult(ProgrammingLanguage, boolean, boolean) [43] programmingLanguage=VHDL, enableStaticCodeAnalysis=true, buildFailed=false" classname="de.tum.cit.aet.artemis.programming.ProgrammingSubmissionAndResultGitlabJenkinsIntegrationTest" time="0.108"/>
  <testcase name="shouldSaveBuildLogsOnStudentParticipationWithoutResult(ProgrammingLanguage, boolean, boolean) [44] programmingLanguage=VHDL, enableStaticCodeAnalysis=false, buildFailed=false" classname="de.tum.cit.aet.artemis.programming.ProgrammingSubmissionAndResultGitlabJenkinsIntegrationTest" time="0.109"/>
  <testcase name="shouldSaveBuildLogsOnStudentParticipationWithoutResult(ProgrammingLanguage, boolean, boolean) [45] programmingLanguage=KOTLIN, enableStaticCodeAnalysis=true, buildFailed=true" classname="de.tum.cit.aet.artemis.programming.ProgrammingSubmissionAndResultGitlabJenkinsIntegrationTest" time="0.11"/>
  <testcase name="shouldSaveBuildLogsOnStudentParticipationWithoutResult(ProgrammingLanguage, boolean, boolean) [46] programmingLanguage=KOTLIN, enableStaticCodeAnalysis=false, buildFailed=true" classname="de.tum.cit.aet.artemis.programming.ProgrammingSubmissionAndResultGitlabJenkinsIntegrationTest" time="0.108"/>
  <testcase name="shouldSaveBuildLogsOnStudentParticipationWithoutResult(ProgrammingLanguage, boolean, boolean) [47] programmingLanguage=KOTLIN, enableStaticCodeAnalysis=true, buildFailed=false" classname="de.tum.cit.aet.artemis.programming.ProgrammingSubmissionAndResultGitlabJenkinsIntegrationTest" time="0.111"/>
  <testcase name="shouldSaveBuildLogsOnStudentParticipationWithoutResult(ProgrammingLanguage, boolean, boolean) [48] programmingLanguage=KOTLIN, enableStaticCodeAnalysis=false, buildFailed=false" classname="de.tum.cit.aet.artemis.programming.ProgrammingSubmissionAndResultGitlabJenkinsIntegrationTest" time="0.11"/>
  <testcase name="shouldSaveBuildLogsOnStudentParticipationWithoutResult(ProgrammingLanguage, boolean, boolean) [49] programmingLanguage=ASSEMBLER, enableStaticCodeAnalysis=true, buildFailed=true" classname="de.tum.cit.aet.artemis.programming.ProgrammingSubmissionAndResultGitlabJenkinsIntegrationTest" time="0.117"/>
  <testcase name="shouldSaveBuildLogsOnStudentParticipationWithoutResult(ProgrammingLanguage, boolean, boolean) [50] programmingLanguage=ASSEMBLER, enableStaticCodeAnalysis=false, buildFailed=true" classname="de.tum.cit.aet.artemis.programming.ProgrammingSubmissionAndResultGitlabJenkinsIntegrationTest" time="0.11"/>
  <testcase name="shouldSaveBuildLogsOnStudentParticipationWithoutResult(ProgrammingLanguage, boolean, boolean) [51] programmingLanguage=ASSEMBLER, enableStaticCodeAnalysis=true, buildFailed=false" classname="de.tum.cit.aet.artemis.programming.ProgrammingSubmissionAndResultGitlabJenkinsIntegrationTest" time="0.108"/>
  <testcase name="shouldSaveBuildLogsOnStudentParticipationWithoutResult(ProgrammingLanguage, boolean, boolean) [52] programmingLanguage=ASSEMBLER, enableStaticCodeAnalysis=false, buildFailed=false" classname="de.tum.cit.aet.artemis.programming.ProgrammingSubmissionAndResultGitlabJenkinsIntegrationTest" time="0.108"/>
  <testcase name="shouldSaveBuildLogsOnStudentParticipationWithoutResult(ProgrammingLanguage, boolean, boolean) [53] programmingLanguage=BASH, enableStaticCodeAnalysis=true, buildFailed=true" classname="de.tum.cit.aet.artemis.programming.ProgrammingSubmissionAndResultGitlabJenkinsIntegrationTest" time="0.11"/>
  <testcase name="shouldSaveBuildLogsOnStudentParticipationWithoutResult(ProgrammingLanguage, boolean, boolean) [54] programmingLanguage=BASH, enableStaticCodeAnalysis=false, buildFailed=true" classname="de.tum.cit.aet.artemis.programming.ProgrammingSubmissionAndResultGitlabJenkinsIntegrationTest" time="0.11"/>
  <testcase name="shouldSaveBuildLogsOnStudentParticipationWithoutResult(ProgrammingLanguage, boolean, boolean) [55] programmingLanguage=BASH, enableStaticCodeAnalysis=true, buildFailed=false" classname="de.tum.cit.aet.artemis.programming.ProgrammingSubmissionAndResultGitlabJenkinsIntegrationTest" time="0.11"/>
  <testcase name="shouldSaveBuildLogsOnStudentParticipationWithoutResult(ProgrammingLanguage, boolean, boolean) [56] programmingLanguage=BASH, enableStaticCodeAnalysis=false, buildFailed=false" classname="de.tum.cit.aet.artemis.programming.ProgrammingSubmissionAndResultGitlabJenkinsIntegrationTest" time="0.111"/>
  <testcase name="shouldSaveBuildLogsOnStudentParticipationWithoutResult(ProgrammingLanguage, boolean, boolean) [57] programmingLanguage=SWIFT, enableStaticCodeAnalysis=true, buildFailed=true" classname="de.tum.cit.aet.artemis.programming.ProgrammingSubmissionAndResultGitlabJenkinsIntegrationTest" time="0.115"/>
  <testcase name="shouldSaveBuildLogsOnStudentParticipationWithoutResult(ProgrammingLanguage, boolean, boolean) [58] programmingLanguage=SWIFT, enableStaticCodeAnalysis=false, buildFailed=true" classname="de.tum.cit.aet.artemis.programming.ProgrammingSubmissionAndResultGitlabJenkinsIntegrationTest" time="0.112"/>
  <testcase name="shouldSaveBuildLogsOnStudentParticipationWithoutResult(ProgrammingLanguage, boolean, boolean) [59] programmingLanguage=SWIFT, enableStaticCodeAnalysis=true, buildFailed=false" classname="de.tum.cit.aet.artemis.programming.ProgrammingSubmissionAndResultGitlabJenkinsIntegrationTest" time="0.109"/>
  <testcase name="shouldSaveBuildLogsOnStudentParticipationWithoutResult(ProgrammingLanguage, boolean, boolean) [60] programmingLanguage=SWIFT, enableStaticCodeAnalysis=false, buildFailed=false" classname="de.tum.cit.aet.artemis.programming.ProgrammingSubmissionAndResultGitlabJenkinsIntegrationTest" time="0.108"/>
  <testcase name="shouldSaveBuildLogsOnStudentParticipationWithoutResult(ProgrammingLanguage, boolean, boolean) [61] programmingLanguage=GO, enableStaticCodeAnalysis=true, buildFailed=true" classname="de.tum.cit.aet.artemis.programming.ProgrammingSubmissionAndResultGitlabJenkinsIntegrationTest" time="0.109"/>
  <testcase name="shouldSaveBuildLogsOnStudentParticipationWithoutResult(ProgrammingLanguage, boolean, boolean) [62] programmingLanguage=GO, enableStaticCodeAnalysis=false, buildFailed=true" classname="de.tum.cit.aet.artemis.programming.ProgrammingSubmissionAndResultGitlabJenkinsIntegrationTest" time="0.109"/>
  <testcase name="shouldSaveBuildLogsOnStudentParticipationWithoutResult(ProgrammingLanguage, boolean, boolean) [63] programmingLanguage=GO, enableStaticCodeAnalysis=true, buildFailed=false" classname="de.tum.cit.aet.artemis.programming.ProgrammingSubmissionAndResultGitlabJenkinsIntegrationTest" time="0.11"/>
  <testcase name="shouldSaveBuildLogsOnStudentParticipationWithoutResult(ProgrammingLanguage, boolean, boolean) [64] programmingLanguage=GO, enableStaticCodeAnalysis=false, buildFailed=false" classname="de.tum.cit.aet.artemis.programming.ProgrammingSubmissionAndResultGitlabJenkinsIntegrationTest" time="0.107"/>
  <testcase name="shouldSaveBuildLogsOnStudentParticipationWithoutResult(ProgrammingLanguage, boolean, boolean) [65] programmingLanguage=RUST, enableStaticCodeAnalysis=true, buildFailed=true" classname="de.tum.cit.aet.artemis.programming.ProgrammingSubmissionAndResultGitlabJenkinsIntegrationTest" time="0.109"/>
  <testcase name="shouldSaveBuildLogsOnStudentParticipationWithoutResult(ProgrammingLanguage, boolean, boolean) [66] programmingLanguage=RUST, enableStaticCodeAnalysis=false, buildFailed=true" classname="de.tum.cit.aet.artemis.programming.ProgrammingSubmissionAndResultGitlabJenkinsIntegrationTest" time="0.107"/>
  <testcase name="shouldSaveBuildLogsOnStudentParticipationWithoutResult(ProgrammingLanguage, boolean, boolean) [67] programmingLanguage=RUST, enableStaticCodeAnalysis=true, buildFailed=false" classname="de.tum.cit.aet.artemis.programming.ProgrammingSubmissionAndResultGitlabJenkinsIntegrationTest" time="0.179"/>
  <testcase name="shouldSaveBuildLogsOnStudentParticipationWithoutResult(ProgrammingLanguage, boolean, boolean) [68] programmingLanguage=RUST, enableStaticCodeAnalysis=false, buildFailed=false" classname="de.tum.cit.aet.artemis.programming.ProgrammingSubmissionAndResultGitlabJenkinsIntegrationTest" time="0.142"/>
  <testcase name="shouldSaveBuildLogsOnStudentParticipationWithoutResult(ProgrammingLanguage, boolean, boolean) [69] programmingLanguage=OCAML, enableStaticCodeAnalysis=true, buildFailed=true" classname="de.tum.cit.aet.artemis.programming.ProgrammingSubmissionAndResultGitlabJenkinsIntegrationTest" time="0.127"/>
  <testcase name="shouldSaveBuildLogsOnStudentParticipationWithoutResult(ProgrammingLanguage, boolean, boolean) [70] programmingLanguage=OCAML, enableStaticCodeAnalysis=false, buildFailed=true" classname="de.tum.cit.aet.artemis.programming.ProgrammingSubmissionAndResultGitlabJenkinsIntegrationTest" time="0.122"/>
  <testcase name="shouldSaveBuildLogsOnStudentParticipationWithoutResult(ProgrammingLanguage, boolean, boolean) [71] programmingLanguage=OCAML, enableStaticCodeAnalysis=true, buildFailed=false" classname="de.tum.cit.aet.artemis.programming.ProgrammingSubmissionAndResultGitlabJenkinsIntegrationTest" time="0.123"/>
  <testcase name="shouldSaveBuildLogsOnStudentParticipationWithoutResult(ProgrammingLanguage, boolean, boolean) [72] programmingLanguage=OCAML, enableStaticCodeAnalysis=false, buildFailed=false" classname="de.tum.cit.aet.artemis.programming.ProgrammingSubmissionAndResultGitlabJenkinsIntegrationTest" time="0.123"/>
  <testcase name="shouldSaveBuildLogsOnStudentParticipationWithoutResult(ProgrammingLanguage, boolean, boolean) [73] programmingLanguage=R, enableStaticCodeAnalysis=true, buildFailed=true" classname="de.tum.cit.aet.artemis.programming.ProgrammingSubmissionAndResultGitlabJenkinsIntegrationTest" time="0.126"/>
  <testcase name="shouldSaveBuildLogsOnStudentParticipationWithoutResult(ProgrammingLanguage, boolean, boolean) [74] programmingLanguage=R, enableStaticCodeAnalysis=false, buildFailed=true" classname="de.tum.cit.aet.artemis.programming.ProgrammingSubmissionAndResultGitlabJenkinsIntegrationTest" time="0.128"/>
  <testcase name="shouldSaveBuildLogsOnStudentParticipationWithoutResult(ProgrammingLanguage, boolean, boolean) [75] programmingLanguage=R, enableStaticCodeAnalysis=true, buildFailed=false" classname="de.tum.cit.aet.artemis.programming.ProgrammingSubmissionAndResultGitlabJenkinsIntegrationTest" time="0.133"/>
  <testcase name="shouldSaveBuildLogsOnStudentParticipationWithoutResult(ProgrammingLanguage, boolean, boolean) [76] programmingLanguage=R, enableStaticCodeAnalysis=false, buildFailed=false" classname="de.tum.cit.aet.artemis.programming.ProgrammingSubmissionAndResultGitlabJenkinsIntegrationTest" time="0.129"/>
  <testcase name="shouldSaveBuildLogsOnStudentParticipationWithoutResult(ProgrammingLanguage, boolean, boolean) [77] programmingLanguage=PYTHON, enableStaticCodeAnalysis=true, buildFailed=true" classname="de.tum.cit.aet.artemis.programming.ProgrammingSubmissionAndResultGitlabJenkinsIntegrationTest" time="0.126"/>
  <testcase name="shouldSaveBuildLogsOnStudentParticipationWithoutResult(ProgrammingLanguage, boolean, boolean) [78] programmingLanguage=PYTHON, enableStaticCodeAnalysis=false, buildFailed=true" classname="de.tum.cit.aet.artemis.programming.ProgrammingSubmissionAndResultGitlabJenkinsIntegrationTest" time="0.128"/>
  <testcase name="shouldSaveBuildLogsOnStudentParticipationWithoutResult(ProgrammingLanguage, boolean, boolean) [79] programmingLanguage=PYTHON, enableStaticCodeAnalysis=true, buildFailed=false" classname="de.tum.cit.aet.artemis.programming.ProgrammingSubmissionAndResultGitlabJenkinsIntegrationTest" time="0.125"/>
  <testcase name="shouldSaveBuildLogsOnStudentParticipationWithoutResult(ProgrammingLanguage, boolean, boolean) [80] programmingLanguage=PYTHON, enableStaticCodeAnalysis=false, buildFailed=false" classname="de.tum.cit.aet.artemis.programming.ProgrammingSubmissionAndResultGitlabJenkinsIntegrationTest" time="0.125"/>
  <testcase name="shouldReturnBadRequestWhenPlanKeyDoesntExist(ProgrammingLanguage, boolean) [1] programmingLanguage=MATLAB, enableStaticCodeAnalysis=true" classname="de.tum.cit.aet.artemis.programming.ProgrammingSubmissionAndResultGitlabJenkinsIntegrationTest" time="0.075"/>
  <testcase name="shouldReturnBadRequestWhenPlanKeyDoesntExist(ProgrammingLanguage, boolean) [2] programmingLanguage=MATLAB, enableStaticCodeAnalysis=false" classname="de.tum.cit.aet.artemis.programming.ProgrammingSubmissionAndResultGitlabJenkinsIntegrationTest" time="0.075"/>
  <testcase name="shouldReturnBadRequestWhenPlanKeyDoesntExist(ProgrammingLanguage, boolean) [3] programmingLanguage=TYPESCRIPT, enableStaticCodeAnalysis=true" classname="de.tum.cit.aet.artemis.programming.ProgrammingSubmissionAndResultGitlabJenkinsIntegrationTest" time="0.071"/>
  <testcase name="shouldReturnBadRequestWhenPlanKeyDoesntExist(ProgrammingLanguage, boolean) [4] programmingLanguage=TYPESCRIPT, enableStaticCodeAnalysis=false" classname="de.tum.cit.aet.artemis.programming.ProgrammingSubmissionAndResultGitlabJenkinsIntegrationTest" time="0.074"/>
  <testcase name="shouldReturnBadRequestWhenPlanKeyDoesntExist(ProgrammingLanguage, boolean) [5] programmingLanguage=RUBY, enableStaticCodeAnalysis=true" classname="de.tum.cit.aet.artemis.programming.ProgrammingSubmissionAndResultGitlabJenkinsIntegrationTest" time="0.1"/>
  <testcase name="shouldReturnBadRequestWhenPlanKeyDoesntExist(ProgrammingLanguage, boolean) [6] programmingLanguage=RUBY, enableStaticCodeAnalysis=false" classname="de.tum.cit.aet.artemis.programming.ProgrammingSubmissionAndResultGitlabJenkinsIntegrationTest" time="0.09"/>
  <testcase name="shouldReturnBadRequestWhenPlanKeyDoesntExist(ProgrammingLanguage, boolean) [7] programmingLanguage=C, enableStaticCodeAnalysis=true" classname="de.tum.cit.aet.artemis.programming.ProgrammingSubmissionAndResultGitlabJenkinsIntegrationTest" time="0.07"/>
  <testcase name="shouldReturnBadRequestWhenPlanKeyDoesntExist(ProgrammingLanguage, boolean) [8] programmingLanguage=C, enableStaticCodeAnalysis=false" classname="de.tum.cit.aet.artemis.programming.ProgrammingSubmissionAndResultGitlabJenkinsIntegrationTest" time="0.137"/>
  <testcase name="shouldReturnBadRequestWhenPlanKeyDoesntExist(ProgrammingLanguage, boolean) [9] programmingLanguage=HASKELL, enableStaticCodeAnalysis=true" classname="de.tum.cit.aet.artemis.programming.ProgrammingSubmissionAndResultGitlabJenkinsIntegrationTest" time="0.078"/>
  <testcase name="shouldReturnBadRequestWhenPlanKeyDoesntExist(ProgrammingLanguage, boolean) [10] programmingLanguage=HASKELL, enableStaticCodeAnalysis=false" classname="de.tum.cit.aet.artemis.programming.ProgrammingSubmissionAndResultGitlabJenkinsIntegrationTest" time="0.066"/>
  <testcase name="shouldReturnBadRequestWhenPlanKeyDoesntExist(ProgrammingLanguage, boolean) [11] programmingLanguage=C_SHARP, enableStaticCodeAnalysis=true" classname="de.tum.cit.aet.artemis.programming.ProgrammingSubmissionAndResultGitlabJenkinsIntegrationTest" time="0.068"/>
  <testcase name="shouldReturnBadRequestWhenPlanKeyDoesntExist(ProgrammingLanguage, boolean) [12] programmingLanguage=C_SHARP, enableStaticCodeAnalysis=false" classname="de.tum.cit.aet.artemis.programming.ProgrammingSubmissionAndResultGitlabJenkinsIntegrationTest" time="0.065"/>
  <testcase name="shouldReturnBadRequestWhenPlanKeyDoesntExist(ProgrammingLanguage, boolean) [13] programmingLanguage=C_PLUS_PLUS, enableStaticCodeAnalysis=true" classname="de.tum.cit.aet.artemis.programming.ProgrammingSubmissionAndResultGitlabJenkinsIntegrationTest" time="0.067"/>
  <testcase name="shouldReturnBadRequestWhenPlanKeyDoesntExist(ProgrammingLanguage, boolean) [14] programmingLanguage=C_PLUS_PLUS, enableStaticCodeAnalysis=false" classname="de.tum.cit.aet.artemis.programming.ProgrammingSubmissionAndResultGitlabJenkinsIntegrationTest" time="0.064"/>
  <testcase name="shouldReturnBadRequestWhenPlanKeyDoesntExist(ProgrammingLanguage, boolean) [15] programmingLanguage=EMPTY, enableStaticCodeAnalysis=true" classname="de.tum.cit.aet.artemis.programming.ProgrammingSubmissionAndResultGitlabJenkinsIntegrationTest" time="0.065"/>
  <testcase name="shouldReturnBadRequestWhenPlanKeyDoesntExist(ProgrammingLanguage, boolean) [16] programmingLanguage=EMPTY, enableStaticCodeAnalysis=false" classname="de.tum.cit.aet.artemis.programming.ProgrammingSubmissionAndResultGitlabJenkinsIntegrationTest" time="0.064"/>
  <testcase name="shouldReturnBadRequestWhenPlanKeyDoesntExist(ProgrammingLanguage, boolean) [17] programmingLanguage=JAVA, enableStaticCodeAnalysis=true" classname="de.tum.cit.aet.artemis.programming.ProgrammingSubmissionAndResultGitlabJenkinsIntegrationTest" time="0.064"/>
  <testcase name="shouldReturnBadRequestWhenPlanKeyDoesntExist(ProgrammingLanguage, boolean) [18] programmingLanguage=JAVA, enableStaticCodeAnalysis=false" classname="de.tum.cit.aet.artemis.programming.ProgrammingSubmissionAndResultGitlabJenkinsIntegrationTest" time="0.066"/>
  <testcase name="shouldReturnBadRequestWhenPlanKeyDoesntExist(ProgrammingLanguage, boolean) [19] programmingLanguage=JAVASCRIPT, enableStaticCodeAnalysis=true" classname="de.tum.cit.aet.artemis.programming.ProgrammingSubmissionAndResultGitlabJenkinsIntegrationTest" time="0.073"/>
  <testcase name="shouldReturnBadRequestWhenPlanKeyDoesntExist(ProgrammingLanguage, boolean) [20] programmingLanguage=JAVASCRIPT, enableStaticCodeAnalysis=false" classname="de.tum.cit.aet.artemis.programming.ProgrammingSubmissionAndResultGitlabJenkinsIntegrationTest" time="0.068"/>
  <testcase name="shouldReturnBadRequestWhenPlanKeyDoesntExist(ProgrammingLanguage, boolean) [21] programmingLanguage=VHDL, enableStaticCodeAnalysis=true" classname="de.tum.cit.aet.artemis.programming.ProgrammingSubmissionAndResultGitlabJenkinsIntegrationTest" time="0.063"/>
  <testcase name="shouldReturnBadRequestWhenPlanKeyDoesntExist(ProgrammingLanguage, boolean) [22] programmingLanguage=VHDL, enableStaticCodeAnalysis=false" classname="de.tum.cit.aet.artemis.programming.ProgrammingSubmissionAndResultGitlabJenkinsIntegrationTest" time="0.064"/>
  <testcase name="shouldReturnBadRequestWhenPlanKeyDoesntExist(ProgrammingLanguage, boolean) [23] programmingLanguage=KOTLIN, enableStaticCodeAnalysis=true" classname="de.tum.cit.aet.artemis.programming.ProgrammingSubmissionAndResultGitlabJenkinsIntegrationTest" time="0.064"/>
  <testcase name="shouldReturnBadRequestWhenPlanKeyDoesntExist(ProgrammingLanguage, boolean) [24] programmingLanguage=KOTLIN, enableStaticCodeAnalysis=false" classname="de.tum.cit.aet.artemis.programming.ProgrammingSubmissionAndResultGitlabJenkinsIntegrationTest" time="0.065"/>
  <testcase name="shouldReturnBadRequestWhenPlanKeyDoesntExist(ProgrammingLanguage, boolean) [25] programmingLanguage=ASSEMBLER, enableStaticCodeAnalysis=true" classname="de.tum.cit.aet.artemis.programming.ProgrammingSubmissionAndResultGitlabJenkinsIntegrationTest" time="0.061"/>
  <testcase name="shouldReturnBadRequestWhenPlanKeyDoesntExist(ProgrammingLanguage, boolean) [26] programmingLanguage=ASSEMBLER, enableStaticCodeAnalysis=false" classname="de.tum.cit.aet.artemis.programming.ProgrammingSubmissionAndResultGitlabJenkinsIntegrationTest" time="0.061"/>
  <testcase name="shouldReturnBadRequestWhenPlanKeyDoesntExist(ProgrammingLanguage, boolean) [27] programmingLanguage=BASH, enableStaticCodeAnalysis=true" classname="de.tum.cit.aet.artemis.programming.ProgrammingSubmissionAndResultGitlabJenkinsIntegrationTest" time="0.066"/>
  <testcase name="shouldReturnBadRequestWhenPlanKeyDoesntExist(ProgrammingLanguage, boolean) [28] programmingLanguage=BASH, enableStaticCodeAnalysis=false" classname="de.tum.cit.aet.artemis.programming.ProgrammingSubmissionAndResultGitlabJenkinsIntegrationTest" time="0.062"/>
  <testcase name="shouldReturnBadRequestWhenPlanKeyDoesntExist(ProgrammingLanguage, boolean) [29] programmingLanguage=SWIFT, enableStaticCodeAnalysis=true" classname="de.tum.cit.aet.artemis.programming.ProgrammingSubmissionAndResultGitlabJenkinsIntegrationTest" time="0.062"/>
  <testcase name="shouldReturnBadRequestWhenPlanKeyDoesntExist(ProgrammingLanguage, boolean) [30] programmingLanguage=SWIFT, enableStaticCodeAnalysis=false" classname="de.tum.cit.aet.artemis.programming.ProgrammingSubmissionAndResultGitlabJenkinsIntegrationTest" time="0.061"/>
  <testcase name="shouldReturnBadRequestWhenPlanKeyDoesntExist(ProgrammingLanguage, boolean) [31] programmingLanguage=GO, enableStaticCodeAnalysis=true" classname="de.tum.cit.aet.artemis.programming.ProgrammingSubmissionAndResultGitlabJenkinsIntegrationTest" time="0.061"/>
  <testcase name="shouldReturnBadRequestWhenPlanKeyDoesntExist(ProgrammingLanguage, boolean) [32] programmingLanguage=GO, enableStaticCodeAnalysis=false" classname="de.tum.cit.aet.artemis.programming.ProgrammingSubmissionAndResultGitlabJenkinsIntegrationTest" time="0.061"/>
  <testcase name="shouldReturnBadRequestWhenPlanKeyDoesntExist(ProgrammingLanguage, boolean) [33] programmingLanguage=RUST, enableStaticCodeAnalysis=true" classname="de.tum.cit.aet.artemis.programming.ProgrammingSubmissionAndResultGitlabJenkinsIntegrationTest" time="0.063"/>
  <testcase name="shouldReturnBadRequestWhenPlanKeyDoesntExist(ProgrammingLanguage, boolean) [34] programmingLanguage=RUST, enableStaticCodeAnalysis=false" classname="de.tum.cit.aet.artemis.programming.ProgrammingSubmissionAndResultGitlabJenkinsIntegrationTest" time="0.062"/>
  <testcase name="shouldReturnBadRequestWhenPlanKeyDoesntExist(ProgrammingLanguage, boolean) [35] programmingLanguage=OCAML, enableStaticCodeAnalysis=true" classname="de.tum.cit.aet.artemis.programming.ProgrammingSubmissionAndResultGitlabJenkinsIntegrationTest" time="0.061"/>
  <testcase name="shouldReturnBadRequestWhenPlanKeyDoesntExist(ProgrammingLanguage, boolean) [36] programmingLanguage=OCAML, enableStaticCodeAnalysis=false" classname="de.tum.cit.aet.artemis.programming.ProgrammingSubmissionAndResultGitlabJenkinsIntegrationTest" time="0.066"/>
  <testcase name="shouldReturnBadRequestWhenPlanKeyDoesntExist(ProgrammingLanguage, boolean) [37] programmingLanguage=R, enableStaticCodeAnalysis=true" classname="de.tum.cit.aet.artemis.programming.ProgrammingSubmissionAndResultGitlabJenkinsIntegrationTest" time="0.062"/>
  <testcase name="shouldReturnBadRequestWhenPlanKeyDoesntExist(ProgrammingLanguage, boolean) [38] programmingLanguage=R, enableStaticCodeAnalysis=false" classname="de.tum.cit.aet.artemis.programming.ProgrammingSubmissionAndResultGitlabJenkinsIntegrationTest" time="0.062"/>
  <testcase name="shouldReturnBadRequestWhenPlanKeyDoesntExist(ProgrammingLanguage, boolean) [39] programmingLanguage=PYTHON, enableStaticCodeAnalysis=true" classname="de.tum.cit.aet.artemis.programming.ProgrammingSubmissionAndResultGitlabJenkinsIntegrationTest" time="0.062"/>
  <testcase name="shouldReturnBadRequestWhenPlanKeyDoesntExist(ProgrammingLanguage, boolean) [40] programmingLanguage=PYTHON, enableStaticCodeAnalysis=false" classname="de.tum.cit.aet.artemis.programming.ProgrammingSubmissionAndResultGitlabJenkinsIntegrationTest" time="0.061"/>
  <system-out><![CDATA[
Starting logs for ProgrammingSubmissionAndResultGitlabJenkinsIntegrationTest

  Starting logs for ProgrammingSubmissionAndResultGitlabJenkinsIntegrationTest > shouldExtractBuildLogAnalytics_unsupportedProgrammingLanguage()
    23:48:49.206 | 463 ool-1-worker-227 | DEBUG | d.t.c.a.a.c.u.util.UserUtilService   : Generate 3 students...
    23:48:49.209 | 463 ool-1-worker-227 | DEBUG | d.t.c.a.a.c.u.util.UserUtilService   : 3 students generated. Generate 2 tutors...
    23:48:49.211 | 463 ool-1-worker-227 | DEBUG | d.t.c.a.a.c.u.util.UserUtilService   : 2 tutors generated. Generate 0 editors...
    23:48:49.212 | 463 ool-1-worker-227 | DEBUG | d.t.c.a.a.c.u.util.UserUtilService   : 0 editors generated. Generate 2 instructors...
    23:48:49.214 | 463 ool-1-worker-227 | DEBUG | d.t.c.a.a.c.u.util.UserUtilService   : 2 instructors generated
    23:48:49.216 | 463 ool-1-worker-227 | DEBUG | d.t.c.a.a.c.u.util.UserUtilService   : Removing 6 users from all courses...
    23:48:49.217 | 463 ool-1-worker-227 | DEBUG | d.t.c.a.a.c.u.util.UserUtilService   : Removing 6 users from all courses. Done
    23:48:49.217 | 463 ool-1-worker-227 | DEBUG | d.t.c.a.a.c.u.util.UserUtilService   : Save 7 users to database...
    23:48:49.220 | 463 ool-1-worker-227 | DEBUG | d.t.c.a.a.c.u.util.UserUtilService   : Save 7 users to database. Done
    23:48:49.239 | 463 ool-1-worker-227 | DEBUG | PersonalAccessTokenManagementService : Generate secure vcs access token
    23:48:49.242 | 463 ool-1-worker-227 | DEBUG | PersonalAccessTokenManagementService : Generate secure vcs access token
    23:48:49.244 | 463 ool-1-worker-227 | INFO  | i.z.t.d.l.EmbeddedDatabaseReporter   : JDBC URL to connect to 'dataSource': url='jdbc:h2:tcp://localhost:41063/mem:736625c0-cf5e-400d-aeaa-8a7eabd6262b;USER=sa', scope='ProgrammingSubmissionAndResultGitlabJenkinsIntegrationTest#shouldExtractBuildLogAnalytics_unsupportedProgrammingLanguage'
    23:48:49.259 | 463 ool-1-worker-227 | DEBUG | PersonalAccessTokenManagementService : Generate secure vcs access token
    23:48:49.266 | 463 ool-1-worker-227 | DEBUG | d.t.c.a.a.c.s.f.ApiVersionFilter     : Adding Version to Request POST /api/public/programming-exercises/new-result
    23:48:49.266 | 463 ool-1-worker-227 | DEBUG | d.t.c.a.a.a.w.o.PublicResultResource : Received result notify (NEW)
    23:48:49.270 | 463 ool-1-worker-227 | INFO  | d.t.c.a.a.a.w.o.PublicResultResource : Artemis received a new result for build plan SHORT54B1EDCD0974F047E809F200E271DB1177D0TSTEXC-PROGSUBRESGITLABJENSTUDENT1
    23:48:49.272 | 463 ool-1-worker-227 | DEBUG | .s.ProgrammingExerciseGradingService : Received new build result (NEW) for participation 3883
    23:48:49.292 | 463 ool-1-worker-227 | DEBUG | .c.s.m.InstanceMessageReceiveService : Received schedule participant score for exercise 3198 and participant 773 (result to be deleted: null)
    23:48:49.293 | 463 ool-1-worker-227 | DEBUG | .a.s.ParticipantScoreScheduleService : Scheduled task for exercise 3198 and participant 773 at 2025-02-14T23:48:49.393012078Z[Etc/UTC].
    23:48:49.293 | 463 ool-1-worker-227 | DEBUG | .a.a.p.s.ProgrammingMessagingService : Send result to client over websocket. Result: Result{id768, completionDate=2025-02-14T23:48:49.261001Z, successful=false, score=0.0, rated=true, assessmentType=AUTOMATIC, hasComplaint=null, testCaseCount=0, passedTestCaseCount=0, codeIssueCount=0}, Submission: ProgrammingSubmission{commitHash='9b3a9bd71a0d80e5bbc42204c319ed3d1d4f0d6d', buildFailed=true, buildArtifact=false, type=MANUAL}, Participation: ProgrammingExerciseStudentParticipation{id=3883, repositoryUri='https://version-control.fake.fake/git/SHORT54B1EDCD0974F047E809F200E271DB1177D0TSTEXC/short54b1edcd0974f047e809f200e271db1177d0tstexc-progsubresgitlabjenstudent1.git', buildPlanId='SHORT54B1EDCD0974F047E809F200E271DB1177D0TSTEXC-PROGSUBRESGITLABJENSTUDENT1', initializationState='INITIALIZED', initializationDate='2025-02-14T23:48:49.258067Z', individualDueDate=null', presentationScore=null}
    23:48:49.296 | 463 ool-1-worker-227 | INFO  | d.t.c.a.a.a.w.o.PublicResultResource : The new result for SHORT54B1EDCD0974F047E809F200E271DB1177D0TSTEXC-PROGSUBRESGITLABJENSTUDENT1 was saved successfully

  Starting logs for ProgrammingSubmissionAndResultGitlabJenkinsIntegrationTest > shouldExtractBuildLogAnalytics_noSca()
    23:48:49.307 | 463 ool-1-worker-227 | DEBUG | d.t.c.a.a.c.u.util.UserUtilService   : Generate 3 students...
    23:48:49.311 | 463 ool-1-worker-227 | DEBUG | d.t.c.a.a.c.u.util.UserUtilService   : 3 students generated. Generate 2 tutors...
    23:48:49.314 | 463 ool-1-worker-227 | DEBUG | d.t.c.a.a.c.u.util.UserUtilService   : 2 tutors generated. Generate 0 editors...
    23:48:49.315 | 463 ool-1-worker-227 | DEBUG | d.t.c.a.a.c.u.util.UserUtilService   : 0 editors generated. Generate 2 instructors...
    23:48:49.318 | 463 ool-1-worker-227 | DEBUG | d.t.c.a.a.c.u.util.UserUtilService   : 2 instructors generated
    23:48:49.319 | 463 ool-1-worker-227 | DEBUG | d.t.c.a.a.c.u.util.UserUtilService   : Removing 7 users from all courses...
    23:48:49.320 | 463 ool-1-worker-227 | DEBUG | d.t.c.a.a.c.u.util.UserUtilService   : Removing 7 users from all courses. Done
    23:48:49.320 | 463 ool-1-worker-227 | DEBUG | d.t.c.a.a.c.u.util.UserUtilService   : Save 7 users to database...
    23:48:49.328 | 463 ool-1-worker-227 | DEBUG | d.t.c.a.a.c.u.util.UserUtilService   : Save 7 users to database. Done
    23:48:49.342 | 463 ool-1-worker-227 | DEBUG | PersonalAccessTokenManagementService : Generate secure vcs access token
    23:48:49.344 | 463 ool-1-worker-227 | DEBUG | PersonalAccessTokenManagementService : Generate secure vcs access token
    23:48:49.346 | 463 ool-1-worker-227 | INFO  | i.z.t.d.l.EmbeddedDatabaseReporter   : JDBC URL to connect to 'dataSource': url='jdbc:h2:tcp://localhost:41063/mem:736625c0-cf5e-400d-aeaa-8a7eabd6262b;USER=sa', scope='ProgrammingSubmissionAndResultGitlabJenkinsIntegrationTest#shouldExtractBuildLogAnalytics_noSca'
    23:48:49.358 | 463 ool-1-worker-227 | DEBUG | PersonalAccessTokenManagementService : Generate secure vcs access token
    23:48:49.361 | 463 ool-1-worker-227 | DEBUG | d.t.c.a.a.c.s.f.ApiVersionFilter     : Adding Version to Request POST /api/public/programming-exercises/new-result
    23:48:49.362 | 463 ool-1-worker-227 | DEBUG | d.t.c.a.a.a.w.o.PublicResultResource : Received result notify (NEW)
    23:48:49.364 | 463 ool-1-worker-227 | INFO  | d.t.c.a.a.a.w.o.PublicResultResource : Artemis received a new result for build plan SHORT533D878D0192C047E60910005F759A5E6EE0TSTEXC-PROGSUBRESGITLABJENSTUDENT1
    23:48:49.365 | 463 ool-1-worker-227 | DEBUG | .s.ProgrammingExerciseGradingService : Received new build result (NEW) for participation 3890
    23:48:49.387 | 463 ool-1-worker-227 | DEBUG | .c.s.m.InstanceMessageReceiveService : Received schedule participant score for exercise 3200 and participant 773 (result to be deleted: null)
    23:48:49.387 | 463 ool-1-worker-227 | DEBUG | .a.s.ParticipantScoreScheduleService : Scheduled task for exercise 3200 and participant 773 at 2025-02-14T23:48:49.487774138Z[Etc/UTC].
    23:48:49.388 | 463 ool-1-worker-227 | DEBUG | .a.a.p.s.ProgrammingMessagingService : Send result to client over websocket. Result: Result{id769, completionDate=2025-02-14T23:48:49.359333300Z, successful=false, score=0.0, rated=true, assessmentType=AUTOMATIC, hasComplaint=null, testCaseCount=0, passedTestCaseCount=0, codeIssueCount=0}, Submission: ProgrammingSubmission{commitHash='9b3a9bd71a0d80e5bbc42204c319ed3d1d4f0d6d', buildFailed=true, buildArtifact=false, type=MANUAL}, Participation: ProgrammingExerciseStudentParticipation{id=3890, repositoryUri='https://version-control.fake.fake/git/SHORT533D878D0192C047E60910005F759A5E6EE0TSTEXC/short533d878d0192c047e60910005f759a5e6ee0tstexc-progsubresgitlabjenstudent1.git', buildPlanId='SHORT533D878D0192C047E60910005F759A5E6EE0TSTEXC-PROGSUBRESGITLABJENSTUDENT1', initializationState='INITIALIZED', initializationDate='2025-02-14T23:48:49.357291Z', individualDueDate=null', presentationScore=null}
    23:48:49.392 | 463 ool-1-worker-227 | INFO  | d.t.c.a.a.a.w.o.PublicResultResource : The new result for SHORT533D878D0192C047E60910005F759A5E6EE0TSTEXC-PROGSUBRESGITLABJENSTUDENT1 was saved successfully

  Starting logs for ProgrammingSubmissionAndResultGitlabJenkinsIntegrationTest > shouldSaveBuildLogsOnStudentParticipationWithoutSubmissionNorResult(ProgrammingLanguage, boolean) [1] programmingLanguage=MATLAB, enableStaticCodeAnalysis=true
    23:48:49.408 | 463 ool-1-worker-227 | DEBUG | d.t.c.a.a.c.u.util.UserUtilService   : Generate 3 students...
    23:48:49.413 | 463 ool-1-worker-227 | DEBUG | d.t.c.a.a.c.u.util.UserUtilService   : 3 students generated. Generate 2 tutors...
    23:48:49.417 | 463 ool-1-worker-227 | DEBUG | d.t.c.a.a.c.u.util.UserUtilService   : 2 tutors generated. Generate 0 editors...
    23:48:49.418 | 463 ool-1-worker-227 | DEBUG | d.t.c.a.a.c.u.util.UserUtilService   : 0 editors generated. Generate 2 instructors...
    23:48:49.422 | 463 ool-1-worker-227 | DEBUG | d.t.c.a.a.c.u.util.UserUtilService   : 2 instructors generated
    23:48:49.423 | 463 ool-1-worker-227 | DEBUG | d.t.c.a.a.c.u.util.UserUtilService   : Removing 7 users from all courses...
    23:48:49.424 | 463 ool-1-worker-227 | DEBUG | d.t.c.a.a.c.u.util.UserUtilService   : Removing 7 users from all courses. Done
    23:48:49.424 | 463 ool-1-worker-227 | DEBUG | d.t.c.a.a.c.u.util.UserUtilService   : Save 7 users to database...
    23:48:49.427 | 463 ool-1-worker-227 | DEBUG | d.t.c.a.a.c.u.util.UserUtilService   : Save 7 users to database. Done
    23:48:49.441 | 463 ool-1-worker-227 | DEBUG | PersonalAccessTokenManagementService : Generate secure vcs access token
    23:48:49.444 | 463 ool-1-worker-227 | DEBUG | PersonalAccessTokenManagementService : Generate secure vcs access token
    23:48:49.445 | 463 ool-1-worker-227 | INFO  | i.z.t.d.l.EmbeddedDatabaseReporter   : JDBC URL to connect to 'dataSource': url='jdbc:h2:tcp://localhost:41063/mem:736625c0-cf5e-400d-aeaa-8a7eabd6262b;USER=sa', scope='ProgrammingSubmissionAndResultGitlabJenkinsIntegrationTest#shouldSaveBuildLogsOnStudentParticipationWithoutSubmissionNorResult'
    23:48:49.457 | 463 ool-1-worker-227 | DEBUG | PersonalAccessTokenManagementService : Generate secure vcs access token
    23:48:49.461 | 463 ool-1-worker-227 | DEBUG | d.t.c.a.a.c.s.f.ApiVersionFilter     : Adding Version to Request POST /api/public/programming-exercises/new-result
    23:48:49.461 | 463 ool-1-worker-227 | DEBUG | d.t.c.a.a.a.w.o.PublicResultResource : Received result notify (NEW)
    23:48:49.463 | 463 ool-1-worker-227 | INFO  | d.t.c.a.a.a.w.o.PublicResultResource : Artemis received a new result for build plan SHORTC10AC7EA0CFB104023090CB0FE8D80B65A36TSTEXC-PROGSUBRESGITLABJENSTUDENT1
    23:48:49.465 | 463 ool-1-worker-227 | DEBUG | .s.ProgrammingExerciseGradingService : Received new build result (NEW) for participation 3897
    23:48:49.468 | 463 ool-1-worker-227 | WARN  | .s.ProgrammingExerciseGradingService : Could not find pending ProgrammingSubmission for Commit Hash 9b3a9bd71a0d80e5bbc42204c319ed3d1d4f0d6d (Participation 3897, Build Plan SHORTC10AC7EA0CFB104023090CB0FE8D80B65A36TSTEXC-PROGSUBRESGITLABJENSTUDENT1). Will create a new one subsequently...
    23:48:49.468 | 463 ool-1-worker-227 | ERROR | .s.ProgrammingExerciseGradingService : Could not retrieve push date for participation 3897 and build plan SHORTC10AC7EA0CFB104023090CB0FE8D80B65A36TSTEXC-PROGSUBRESGITLABJENSTUDENT1
de.tum.cit.aet.artemis.programming.service.gitlab.GitLabException: Could not find build queue date for participation 3897
	at de.tum.cit.aet.artemis.programming.service.gitlab.GitLabService.getPushDate(GitLabService.java:369)
	at de.tum.cit.aet.artemis.programming.service.gitlab.GitLabService.getPushDate(GitLabService.java:358)
	at de.tum.cit.aet.artemis.programming.service.ProgrammingExerciseGradingService.createAndSaveFallbackSubmission(ProgrammingExerciseGradingService.java:286)
	at de.tum.cit.aet.artemis.programming.service.ProgrammingExerciseGradingService.createAndSaveFallbackSubmission(ProgrammingExerciseGradingService.java:272)
	at de.tum.cit.aet.artemis.programming.service.ProgrammingExerciseGradingService.lambda$processNewProgrammingExerciseResult$0(ProgrammingExerciseGradingService.java:177)
	at java.base/java.util.Optional.orElseGet(Optional.java:364)
	at de.tum.cit.aet.artemis.programming.service.ProgrammingExerciseGradingService.processNewProgrammingExerciseResult(ProgrammingExerciseGradingService.java:177)
	at de.tum.cit.aet.artemis.programming.service.ProgrammingExerciseGradingService.processNewProgrammingExerciseResult(ProgrammingExerciseGradingService.java:156)
	at de.tum.cit.aet.artemis.assessment.web.open.PublicResultResource.processNewProgrammingExerciseResult(PublicResultResource.java:113)
	at java.base/jdk.internal.reflect.DirectMethodHandleAccessor.invoke(DirectMethodHandleAccessor.java:103)
	at java.base/java.lang.reflect.Method.invoke(Method.java:580)
	at org.springframework.aop.support.AopUtils.invokeJoinpointUsingReflection(AopUtils.java:359)
	at org.springframework.aop.framework.ReflectiveMethodInvocation.invokeJoinpoint(ReflectiveMethodInvocation.java:196)
	at org.springframework.aop.framework.ReflectiveMethodInvocation.proceed(ReflectiveMethodInvocation.java:163)
	at org.springframework.security.authorization.method.AuthorizationManagerBeforeMethodInterceptor.proceed(AuthorizationManagerBeforeMethodInterceptor.java:268)
	at org.springframework.security.authorization.method.AuthorizationManagerBeforeMethodInterceptor.attemptAuthorization(AuthorizationManagerBeforeMethodInterceptor.java:263)
	at org.springframework.security.authorization.method.AuthorizationManagerBeforeMethodInterceptor.invoke(AuthorizationManagerBeforeMethodInterceptor.java:196)
	at org.springframework.security.config.annotation.method.configuration.DeferringMethodInterceptor.invoke(DeferringMethodInterceptor.java:44)
	at org.springframework.aop.framework.ReflectiveMethodInvocation.proceed(ReflectiveMethodInvocation.java:184)
	at org.springframework.aop.framework.CglibAopProxy$DynamicAdvisedInterceptor.intercept(CglibAopProxy.java:727)
	at de.tum.cit.aet.artemis.assessment.web.open.PublicResultResource$$SpringCGLIB$$0.processNewProgrammingExerciseResult(<generated>)
	at java.base/jdk.internal.reflect.DirectMethodHandleAccessor.invoke(DirectMethodHandleAccessor.java:103)
	at java.base/java.lang.reflect.Method.invoke(Method.java:580)
	at org.springframework.web.method.support.InvocableHandlerMethod.doInvoke(InvocableHandlerMethod.java:257)
	at org.springframework.web.method.support.InvocableHandlerMethod.invokeForRequest(InvocableHandlerMethod.java:190)
	at org.springframework.web.servlet.mvc.method.annotation.ServletInvocableHandlerMethod.invokeAndHandle(ServletInvocableHandlerMethod.java:118)
	at org.springframework.web.servlet.mvc.method.annotation.RequestMappingHandlerAdapter.invokeHandlerMethod(RequestMappingHandlerAdapter.java:986)
	at org.springframework.web.servlet.mvc.method.annotation.RequestMappingHandlerAdapter.handleInternal(RequestMappingHandlerAdapter.java:891)
	at org.springframework.web.servlet.mvc.method.AbstractHandlerMethodAdapter.handle(AbstractHandlerMethodAdapter.java:87)
	at org.springframework.web.servlet.DispatcherServlet.doDispatch(DispatcherServlet.java:1088)
	at org.springframework.web.servlet.DispatcherServlet.doService(DispatcherServlet.java:978)
	at org.springframework.web.servlet.FrameworkServlet.processRequest(FrameworkServlet.java:1014)
	at org.springframework.web.servlet.FrameworkServlet.doPost(FrameworkServlet.java:914)
	at jakarta.servlet.http.HttpServlet.service(HttpServlet.java:547)
	at org.springframework.web.servlet.FrameworkServlet.service(FrameworkServlet.java:885)
	at org.springframework.test.web.servlet.TestDispatcherServlet.service(TestDispatcherServlet.java:72)
	at jakarta.servlet.http.HttpServlet.service(HttpServlet.java:614)
	at org.springframework.mock.web.MockFilterChain$ServletFilterProxy.doFilter(MockFilterChain.java:165)
	at org.springframework.mock.web.MockFilterChain.doFilter(MockFilterChain.java:132)
	at org.springframework.web.filter.OncePerRequestFilter.doFilter(OncePerRequestFilter.java:110)
	at org.springframework.test.web.servlet.setup.MockMvcFilterDecorator.doFilter(MockMvcFilterDecorator.java:162)
	at org.springframework.mock.web.MockFilterChain.doFilter(MockFilterChain.java:132)
	at de.tum.cit.aet.artemis.core.security.filter.ApiVersionFilter.doFilter(ApiVersionFilter.java:55)
	at org.springframework.test.web.servlet.setup.MockMvcFilterDecorator.doFilter(MockMvcFilterDecorator.java:162)
	at org.springframework.mock.web.MockFilterChain.doFilter(MockFilterChain.java:132)
	at io.sentry.spring.jakarta.SentryUserFilter.doFilterInternal(SentryUserFilter.java:56)
	at org.springframework.web.filter.OncePerRequestFilter.doFilter(OncePerRequestFilter.java:116)
	at org.springframework.test.web.servlet.setup.MockMvcFilterDecorator.doFilter(MockMvcFilterDecorator.java:162)
	at org.springframework.mock.web.MockFilterChain.doFilter(MockFilterChain.java:132)
	at org.springframework.web.filter.CompositeFilter$VirtualFilterChain.doFilter(CompositeFilter.java:108)
	at org.springframework.security.web.FilterChainProxy.lambda$doFilterInternal$3(FilterChainProxy.java:231)
	at org.springframework.security.web.ObservationFilterChainDecorator$FilterObservation$SimpleFilterObservation.lambda$wrap$1(ObservationFilterChainDecorator.java:479)
	at org.springframework.security.web.ObservationFilterChainDecorator$AroundFilterObservation$SimpleAroundFilterObservation.lambda$wrap$1(ObservationFilterChainDecorator.java:340)
	at org.springframework.security.web.ObservationFilterChainDecorator.lambda$wrapSecured$0(ObservationFilterChainDecorator.java:82)
	at org.springframework.security.web.ObservationFilterChainDecorator$VirtualFilterChain.doFilter(ObservationFilterChainDecorator.java:128)
	at org.springframework.security.web.access.intercept.AuthorizationFilter.doFilter(AuthorizationFilter.java:101)
	at org.springframework.security.web.ObservationFilterChainDecorator$ObservationFilter.wrapFilter(ObservationFilterChainDecorator.java:240)
	at org.springframework.security.web.ObservationFilterChainDecorator$ObservationFilter.doFilter(ObservationFilterChainDecorator.java:227)
	at org.springframework.security.web.ObservationFilterChainDecorator$VirtualFilterChain.doFilter(ObservationFilterChainDecorator.java:137)
	at org.springframework.security.web.access.ExceptionTranslationFilter.doFilter(ExceptionTranslationFilter.java:126)
	at org.springframework.security.web.access.ExceptionTranslationFilter.doFilter(ExceptionTranslationFilter.java:120)
	at org.springframework.security.web.ObservationFilterChainDecorator$ObservationFilter.wrapFilter(ObservationFilterChainDecorator.java:240)
	at org.springframework.security.web.ObservationFilterChainDecorator$ObservationFilter.doFilter(ObservationFilterChainDecorator.java:227)
	at org.springframework.security.web.ObservationFilterChainDecorator$VirtualFilterChain.doFilter(ObservationFilterChainDecorator.java:137)
	at org.springframework.security.web.session.SessionManagementFilter.doFilter(SessionManagementFilter.java:131)
	at org.springframework.security.web.session.SessionManagementFilter.doFilter(SessionManagementFilter.java:85)
	at org.springframework.security.web.ObservationFilterChainDecorator$ObservationFilter.wrapFilter(ObservationFilterChainDecorator.java:240)
	at org.springframework.security.web.ObservationFilterChainDecorator$ObservationFilter.doFilter(ObservationFilterChainDecorator.java:227)
	at org.springframework.security.web.ObservationFilterChainDecorator$VirtualFilterChain.doFilter(ObservationFilterChainDecorator.java:137)
	at org.springframework.security.web.authentication.AnonymousAuthenticationFilter.doFilter(AnonymousAuthenticationFilter.java:100)
	at org.springframework.security.web.ObservationFilterChainDecorator$ObservationFilter.wrapFilter(ObservationFilterChainDecorator.java:240)
	at org.springframework.security.web.ObservationFilterChainDecorator$ObservationFilter.doFilter(ObservationFilterChainDecorator.java:227)
	at org.springframework.security.web.ObservationFilterChainDecorator$VirtualFilterChain.doFilter(ObservationFilterChainDecorator.java:137)
	at org.springframework.security.web.servletapi.SecurityContextHolderAwareRequestFilter.doFilter(SecurityContextHolderAwareRequestFilter.java:179)
	at org.springframework.security.web.ObservationFilterChainDecorator$ObservationFilter.wrapFilter(ObservationFilterChainDecorator.java:240)
	at org.springframework.security.web.ObservationFilterChainDecorator$ObservationFilter.doFilter(ObservationFilterChainDecorator.java:227)
	at org.springframework.security.web.ObservationFilterChainDecorator$VirtualFilterChain.doFilter(ObservationFilterChainDecorator.java:137)
	at org.springframework.security.web.savedrequest.RequestCacheAwareFilter.doFilter(RequestCacheAwareFilter.java:63)
	at org.springframework.security.web.ObservationFilterChainDecorator$ObservationFilter.wrapFilter(ObservationFilterChainDecorator.java:240)
	at org.springframework.security.web.ObservationFilterChainDecorator$ObservationFilter.doFilter(ObservationFilterChainDecorator.java:227)
	at org.springframework.security.web.ObservationFilterChainDecorator$VirtualFilterChain.doFilter(ObservationFilterChainDecorator.java:137)
	at de.tum.cit.aet.artemis.core.security.filter.SpaWebFilter.doFilterInternal(SpaWebFilter.java:23)
	at org.springframework.web.filter.OncePerRequestFilter.doFilter(OncePerRequestFilter.java:116)
	at org.springframework.security.web.ObservationFilterChainDecorator$ObservationFilter.wrapFilter(ObservationFilterChainDecorator.java:240)
	at org.springframework.security.web.ObservationFilterChainDecorator$ObservationFilter.doFilter(ObservationFilterChainDecorator.java:227)
	at org.springframework.security.web.ObservationFilterChainDecorator$VirtualFilterChain.doFilter(ObservationFilterChainDecorator.java:137)
	at org.springframework.web.filter.OncePerRequestFilter.doFilter(OncePerRequestFilter.java:110)
	at org.springframework.security.web.ObservationFilterChainDecorator$ObservationFilter.wrapFilter(ObservationFilterChainDecorator.java:240)
	at org.springframework.security.web.ObservationFilterChainDecorator$ObservationFilter.doFilter(ObservationFilterChainDecorator.java:227)
	at org.springframework.security.web.ObservationFilterChainDecorator$VirtualFilterChain.doFilter(ObservationFilterChainDecorator.java:137)
	at de.tum.cit.aet.artemis.lti.config.Lti13LaunchFilter.doFilterInternal(Lti13LaunchFilter.java:60)
	at org.springframework.web.filter.OncePerRequestFilter.doFilter(OncePerRequestFilter.java:116)
	at org.springframework.security.web.ObservationFilterChainDecorator$ObservationFilter.wrapFilter(ObservationFilterChainDecorator.java:240)
	at org.springframework.security.web.ObservationFilterChainDecorator$ObservationFilter.doFilter(ObservationFilterChainDecorator.java:227)
	at org.springframework.security.web.ObservationFilterChainDecorator$VirtualFilterChain.doFilter(ObservationFilterChainDecorator.java:137)
	at de.tum.cit.aet.artemis.core.security.jwt.JWTFilter.doFilter(JWTFilter.java:55)
	at org.springframework.security.web.ObservationFilterChainDecorator$ObservationFilter.wrapFilter(ObservationFilterChainDecorator.java:240)
	at org.springframework.security.web.ObservationFilterChainDecorator$ObservationFilter.doFilter(ObservationFilterChainDecorator.java:227)
	at org.springframework.security.web.ObservationFilterChainDecorator$VirtualFilterChain.doFilter(ObservationFilterChainDecorator.java:137)
	at de.tum.cit.aet.artemis.core.security.jwt.JWTFilter.doFilter(JWTFilter.java:55)
	at org.springframework.security.web.ObservationFilterChainDecorator$ObservationFilter.wrapFilter(ObservationFilterChainDecorator.java:240)
	at org.springframework.security.web.ObservationFilterChainDecorator$ObservationFilter.doFilter(ObservationFilterChainDecorator.java:227)
	at org.springframework.security.web.ObservationFilterChainDecorator$VirtualFilterChain.doFilter(ObservationFilterChainDecorator.java:137)
	at org.springframework.web.filter.CorsFilter.doFilterInternal(CorsFilter.java:91)
	at org.springframework.web.filter.OncePerRequestFilter.doFilter(OncePerRequestFilter.java:116)
	at org.springframework.security.web.ObservationFilterChainDecorator$ObservationFilter.wrapFilter(ObservationFilterChainDecorator.java:240)
	at org.springframework.security.web.ObservationFilterChainDecorator$ObservationFilter.doFilter(ObservationFilterChainDecorator.java:227)
	at org.springframework.security.web.ObservationFilterChainDecorator$VirtualFilterChain.doFilter(ObservationFilterChainDecorator.java:137)
	at org.springframework.web.filter.OncePerRequestFilter.doFilter(OncePerRequestFilter.java:110)
	at org.springframework.security.web.ObservationFilterChainDecorator$ObservationFilter.wrapFilter(ObservationFilterChainDecorator.java:240)
	at org.springframework.security.web.ObservationFilterChainDecorator$ObservationFilter.doFilter(ObservationFilterChainDecorator.java:227)
	at org.springframework.security.web.ObservationFilterChainDecorator$VirtualFilterChain.doFilter(ObservationFilterChainDecorator.java:137)
	at uk.ac.ox.ctl.lti13.security.oauth2.client.lti.web.OAuth2AuthorizationRequestRedirectFilter.doFilterInternal(OAuth2AuthorizationRequestRedirectFilter.java:142)
	at org.springframework.web.filter.OncePerRequestFilter.doFilter(OncePerRequestFilter.java:116)
	at org.springframework.security.web.ObservationFilterChainDecorator$ObservationFilter.wrapFilter(ObservationFilterChainDecorator.java:240)
	at org.springframework.security.web.ObservationFilterChainDecorator$ObservationFilter.doFilter(ObservationFilterChainDecorator.java:227)
	at org.springframework.security.web.ObservationFilterChainDecorator$VirtualFilterChain.doFilter(ObservationFilterChainDecorator.java:137)
	at org.springframework.security.web.authentication.logout.LogoutFilter.doFilter(LogoutFilter.java:107)
	at org.springframework.security.web.authentication.logout.LogoutFilter.doFilter(LogoutFilter.java:93)
	at org.springframework.security.web.ObservationFilterChainDecorator$ObservationFilter.wrapFilter(ObservationFilterChainDecorator.java:240)
	at org.springframework.security.web.ObservationFilterChainDecorator$ObservationFilter.doFilter(ObservationFilterChainDecorator.java:227)
	at org.springframework.security.web.ObservationFilterChainDecorator$VirtualFilterChain.doFilter(ObservationFilterChainDecorator.java:137)
	at org.springframework.security.web.header.HeaderWriterFilter.doHeadersAfter(HeaderWriterFilter.java:90)
	at org.springframework.security.web.header.HeaderWriterFilter.doFilterInternal(HeaderWriterFilter.java:75)
	at org.springframework.web.filter.OncePerRequestFilter.doFilter(OncePerRequestFilter.java:116)
	at org.springframework.security.web.ObservationFilterChainDecorator$ObservationFilter.wrapFilter(ObservationFilterChainDecorator.java:240)
	at org.springframework.security.web.ObservationFilterChainDecorator$ObservationFilter.doFilter(ObservationFilterChainDecorator.java:227)
	at org.springframework.security.web.ObservationFilterChainDecorator$VirtualFilterChain.doFilter(ObservationFilterChainDecorator.java:137)
	at org.springframework.security.web.context.SecurityContextHolderFilter.doFilter(SecurityContextHolderFilter.java:82)
	at org.springframework.security.web.context.SecurityContextHolderFilter.doFilter(SecurityContextHolderFilter.java:69)
	at org.springframework.security.web.ObservationFilterChainDecorator$ObservationFilter.wrapFilter(ObservationFilterChainDecorator.java:240)
	at org.springframework.security.web.ObservationFilterChainDecorator$ObservationFilter.doFilter(ObservationFilterChainDecorator.java:227)
	at org.springframework.security.web.ObservationFilterChainDecorator$VirtualFilterChain.doFilter(ObservationFilterChainDecorator.java:137)
	at org.springframework.security.web.context.request.async.WebAsyncManagerIntegrationFilter.doFilterInternal(WebAsyncManagerIntegrationFilter.java:62)
	at org.springframework.web.filter.OncePerRequestFilter.doFilter(OncePerRequestFilter.java:116)
	at org.springframework.security.web.ObservationFilterChainDecorator$ObservationFilter.wrapFilter(ObservationFilterChainDecorator.java:240)
	at org.springframework.security.web.ObservationFilterChainDecorator$ObservationFilter.doFilter(ObservationFilterChainDecorator.java:227)
	at org.springframework.security.web.ObservationFilterChainDecorator$VirtualFilterChain.doFilter(ObservationFilterChainDecorator.java:137)
	at org.springframework.security.web.session.DisableEncodeUrlFilter.doFilterInternal(DisableEncodeUrlFilter.java:42)
	at org.springframework.web.filter.OncePerRequestFilter.doFilter(OncePerRequestFilter.java:116)
	at org.springframework.security.web.ObservationFilterChainDecorator$ObservationFilter.wrapFilter(ObservationFilterChainDecorator.java:240)
	at org.springframework.security.web.ObservationFilterChainDecorator$AroundFilterObservation$SimpleAroundFilterObservation.lambda$wrap$0(ObservationFilterChainDecorator.java:323)
	at org.springframework.security.web.ObservationFilterChainDecorator$ObservationFilter.doFilter(ObservationFilterChainDecorator.java:224)
	at org.springframework.security.web.ObservationFilterChainDecorator$VirtualFilterChain.doFilter(ObservationFilterChainDecorator.java:137)
	at org.springframework.security.web.FilterChainProxy.doFilterInternal(FilterChainProxy.java:233)
	at org.springframework.security.web.FilterChainProxy.doFilter(FilterChainProxy.java:191)
	at org.springframework.web.filter.CompositeFilter$VirtualFilterChain.doFilter(CompositeFilter.java:113)
	at org.springframework.web.servlet.handler.HandlerMappingIntrospector.lambda$createCacheFilter$3(HandlerMappingIntrospector.java:243)
	at org.springframework.web.filter.CompositeFilter$VirtualFilterChain.doFilter(CompositeFilter.java:113)
	at org.springframework.web.filter.CompositeFilter.doFilter(CompositeFilter.java:74)
	at org.springframework.security.config.annotation.web.configuration.WebMvcSecurityConfiguration$CompositeFilterChainProxy.doFilter(WebMvcSecurityConfiguration.java:238)
	at org.springframework.web.filter.DelegatingFilterProxy.invokeDelegate(DelegatingFilterProxy.java:362)
	at org.springframework.web.filter.DelegatingFilterProxy.doFilter(DelegatingFilterProxy.java:278)
	at org.springframework.test.web.servlet.setup.MockMvcFilterDecorator.doFilter(MockMvcFilterDecorator.java:162)
	at org.springframework.mock.web.MockFilterChain.doFilter(MockFilterChain.java:132)
	at org.springframework.web.filter.RequestContextFilter.doFilterInternal(RequestContextFilter.java:100)
	at org.springframework.web.filter.OncePerRequestFilter.doFilter(OncePerRequestFilter.java:116)
	at org.springframework.test.web.servlet.setup.MockMvcFilterDecorator.doFilter(MockMvcFilterDecorator.java:162)
	at org.springframework.mock.web.MockFilterChain.doFilter(MockFilterChain.java:132)
	at org.springframework.web.filter.FormContentFilter.doFilterInternal(FormContentFilter.java:93)
	at org.springframework.web.filter.OncePerRequestFilter.doFilter(OncePerRequestFilter.java:116)
	at org.springframework.test.web.servlet.setup.MockMvcFilterDecorator.doFilter(MockMvcFilterDecorator.java:162)
	at org.springframework.mock.web.MockFilterChain.doFilter(MockFilterChain.java:132)
	at org.springframework.web.filter.ServerHttpObservationFilter.doFilterInternal(ServerHttpObservationFilter.java:114)
	at org.springframework.web.filter.OncePerRequestFilter.doFilter(OncePerRequestFilter.java:116)
	at org.springframework.test.web.servlet.setup.MockMvcFilterDecorator.doFilter(MockMvcFilterDecorator.java:162)
	at org.springframework.mock.web.MockFilterChain.doFilter(MockFilterChain.java:132)
	at io.sentry.spring.jakarta.tracing.SentryTracingFilter.doFilterInternal(SentryTracingFilter.java:91)
	at org.springframework.web.filter.OncePerRequestFilter.doFilter(OncePerRequestFilter.java:116)
	at org.springframework.test.web.servlet.setup.MockMvcFilterDecorator.doFilter(MockMvcFilterDecorator.java:162)
	at org.springframework.mock.web.MockFilterChain.doFilter(MockFilterChain.java:132)
	at org.springframework.web.filter.CharacterEncodingFilter.doFilterInternal(CharacterEncodingFilter.java:201)
	at org.springframework.web.filter.OncePerRequestFilter.doFilter(OncePerRequestFilter.java:116)
	at org.springframework.test.web.servlet.setup.MockMvcFilterDecorator.doFilter(MockMvcFilterDecorator.java:162)
	at org.springframework.mock.web.MockFilterChain.doFilter(MockFilterChain.java:132)
	at io.sentry.spring.jakarta.SentrySpringFilter.doFilterInternal(SentrySpringFilter.java:76)
	at org.springframework.web.filter.OncePerRequestFilter.doFilter(OncePerRequestFilter.java:116)
	at org.springframework.test.web.servlet.setup.MockMvcFilterDecorator.doFilter(MockMvcFilterDecorator.java:162)
	at org.springframework.mock.web.MockFilterChain.doFilter(MockFilterChain.java:132)
	at org.springframework.test.web.servlet.MockMvc.perform(MockMvc.java:201)
	at de.tum.cit.aet.artemis.core.util.RequestUtilService.performMvcRequest(RequestUtilService.java:79)
	at de.tum.cit.aet.artemis.core.util.RequestUtilService.postWithoutLocation(RequestUtilService.java:213)
	at de.tum.cit.aet.artemis.core.util.RequestUtilService.postWithoutLocation(RequestUtilService.java:199)
	at de.tum.cit.aet.artemis.programming.ProgrammingSubmissionAndResultGitlabJenkinsIntegrationTest.postResult(ProgrammingSubmissionAndResultGitlabJenkinsIntegrationTest.java:413)
	at de.tum.cit.aet.artemis.programming.ProgrammingSubmissionAndResultGitlabJenkinsIntegrationTest.shouldSaveBuildLogsOnStudentParticipationWithoutSubmissionNorResult(ProgrammingSubmissionAndResultGitlabJenkinsIntegrationTest.java:338)
	at java.base/jdk.internal.reflect.DirectMethodHandleAccessor.invoke(DirectMethodHandleAccessor.java:103)
	at java.base/java.lang.reflect.Method.invoke(Method.java:580)
	at org.junit.platform.commons.util.ReflectionUtils.invokeMethod(ReflectionUtils.java:767)
	at org.junit.jupiter.engine.execution.MethodInvocation.proceed(MethodInvocation.java:60)
	at org.junit.jupiter.engine.execution.InvocationInterceptorChain$ValidatingInvocation.proceed(InvocationInterceptorChain.java:131)
	at org.junit.jupiter.engine.extension.TimeoutExtension.intercept(TimeoutExtension.java:156)
	at org.junit.jupiter.engine.extension.TimeoutExtension.interceptTestableMethod(TimeoutExtension.java:147)
	at org.junit.jupiter.engine.extension.TimeoutExtension.interceptTestTemplateMethod(TimeoutExtension.java:94)
	at org.junit.jupiter.engine.execution.InterceptingExecutableInvoker$ReflectiveInterceptorCall.lambda$ofVoidMethod$0(InterceptingExecutableInvoker.java:103)
	at org.junit.jupiter.engine.execution.InterceptingExecutableInvoker.lambda$invoke$0(InterceptingExecutableInvoker.java:93)
	at org.junit.jupiter.engine.execution.InvocationInterceptorChain$InterceptedInvocation.proceed(InvocationInterceptorChain.java:106)
	at org.junit.jupiter.engine.execution.InvocationInterceptorChain.proceed(InvocationInterceptorChain.java:64)
	at org.junit.jupiter.engine.execution.InvocationInterceptorChain.chainAndInvoke(InvocationInterceptorChain.java:45)
	at org.junit.jupiter.engine.execution.InvocationInterceptorChain.invoke(InvocationInterceptorChain.java:37)
	at org.junit.jupiter.engine.execution.InterceptingExecutableInvoker.invoke(InterceptingExecutableInvoker.java:92)
	at org.junit.jupiter.engine.execution.InterceptingExecutableInvoker.invoke(InterceptingExecutableInvoker.java:86)
	at org.junit.jupiter.engine.descriptor.TestMethodTestDescriptor.lambda$invokeTestMethod$8(TestMethodTestDescriptor.java:217)
	at org.junit.platform.engine.support.hierarchical.ThrowableCollector.execute(ThrowableCollector.java:73)
	at org.junit.jupiter.engine.descriptor.TestMethodTestDescriptor.invokeTestMethod(TestMethodTestDescriptor.java:213)
	at org.junit.jupiter.engine.descriptor.TestMethodTestDescriptor.execute(TestMethodTestDescriptor.java:138)
	at org.junit.jupiter.engine.descriptor.TestMethodTestDescriptor.execute(TestMethodTestDescriptor.java:68)
	at org.junit.platform.engine.support.hierarchical.NodeTestTask.lambda$executeRecursively$6(NodeTestTask.java:156)
	at org.junit.platform.engine.support.hierarchical.ThrowableCollector.execute(ThrowableCollector.java:73)
	at org.junit.platform.engine.support.hierarchical.NodeTestTask.lambda$executeRecursively$8(NodeTestTask.java:146)
	at org.junit.platform.engine.support.hierarchical.Node.around(Node.java:137)
	at org.junit.platform.engine.support.hierarchical.NodeTestTask.lambda$executeRecursively$9(NodeTestTask.java:144)
	at org.junit.platform.engine.support.hierarchical.ThrowableCollector.execute(ThrowableCollector.java:73)
	at org.junit.platform.engine.support.hierarchical.NodeTestTask.executeRecursively(NodeTestTask.java:143)
	at org.junit.platform.engine.support.hierarchical.NodeTestTask.execute(NodeTestTask.java:100)
	at org.junit.platform.engine.support.hierarchical.ForkJoinPoolHierarchicalTestExecutorService$ExclusiveTask.exec(ForkJoinPoolHierarchicalTestExecutorService.java:274)
	at org.junit.platform.engine.support.hierarchical.ForkJoinPoolHierarchicalTestExecutorService$ExclusiveTask.execSync(ForkJoinPoolHierarchicalTestExecutorService.java:247)
	at org.junit.platform.engine.support.hierarchical.ForkJoinPoolHierarchicalTestExecutorService.submit(ForkJoinPoolHierarchicalTestExecutorService.java:148)
	at org.junit.platform.engine.support.hierarchical.NodeTestTask$DefaultDynamicTestExecutor.execute(NodeTestTask.java:231)
	at org.junit.platform.engine.support.hierarchical.NodeTestTask$DefaultDynamicTestExecutor.execute(NodeTestTask.java:209)
	at org.junit.jupiter.engine.descriptor.TestTemplateTestDescriptor.execute(TestTemplateTestDescriptor.java:141)
	at org.junit.jupiter.engine.descriptor.TestTemplateTestDescriptor.lambda$execute$3(TestTemplateTestDescriptor.java:109)
	at java.base/java.util.stream.ForEachOps$ForEachOp$OfRef.accept(ForEachOps.java:184)
	at java.base/java.util.stream.ReferencePipeline$3$1.accept(ReferencePipeline.java:197)
	at java.base/java.util.stream.ReferencePipeline$2$1.accept(ReferencePipeline.java:179)
	at java.base/java.util.stream.ReferencePipeline$3$1.accept(ReferencePipeline.java:197)
	at java.base/java.util.stream.ForEachOps$ForEachOp$OfRef.accept(ForEachOps.java:184)
	at java.base/java.util.stream.ReferencePipeline$3$1.accept(ReferencePipeline.java:197)
	at java.base/java.util.stream.ForEachOps$ForEachOp$OfRef.accept(ForEachOps.java:184)
	at java.base/java.util.stream.ForEachOps$ForEachOp$OfRef.accept(ForEachOps.java:184)
	at java.base/java.util.stream.ReferencePipeline$3$1.accept(ReferencePipeline.java:197)
	at java.base/java.util.stream.ForEachOps$ForEachOp$OfRef.accept(ForEachOps.java:184)
	at java.base/java.util.Spliterators$ArraySpliterator.forEachRemaining(Spliterators.java:1024)
	at java.base/java.util.stream.ReferencePipeline$Head.forEach(ReferencePipeline.java:762)
	at java.base/java.util.stream.ReferencePipeline$7$1.accept(ReferencePipeline.java:276)
	at java.base/java.util.Iterator.forEachRemaining(Iterator.java:133)
	at java.base/java.util.Spliterators$IteratorSpliterator.forEachRemaining(Spliterators.java:1939)
	at java.base/java.util.stream.AbstractPipeline.copyInto(AbstractPipeline.java:509)
	at java.base/java.util.stream.AbstractPipeline.wrapAndCopyInto(AbstractPipeline.java:499)
	at java.base/java.util.stream.ForEachOps$ForEachOp.evaluateSequential(ForEachOps.java:151)
	at java.base/java.util.stream.ForEachOps$ForEachOp$OfRef.evaluateSequential(ForEachOps.java:174)
	at java.base/java.util.stream.AbstractPipeline.evaluate(AbstractPipeline.java:234)
	at java.base/java.util.stream.ReferencePipeline.forEach(ReferencePipeline.java:596)
	at java.base/java.util.stream.ReferencePipeline$7$1.accept(ReferencePipeline.java:276)
	at java.base/java.util.stream.ReferencePipeline$3$1.accept(ReferencePipeline.java:197)
	at java.base/java.util.stream.ReferencePipeline$3$1.accept(ReferencePipeline.java:197)
	at java.base/java.util.stream.ReferencePipeline$3$1.accept(ReferencePipeline.java:197)
	at java.base/java.util.Spliterators$ArraySpliterator.forEachRemaining(Spliterators.java:1024)
	at java.base/java.util.stream.AbstractPipeline.copyInto(AbstractPipeline.java:509)
	at java.base/java.util.stream.AbstractPipeline.wrapAndCopyInto(AbstractPipeline.java:499)
	at java.base/java.util.stream.ForEachOps$ForEachOp.evaluateSequential(ForEachOps.java:151)
	at java.base/java.util.stream.ForEachOps$ForEachOp$OfRef.evaluateSequential(ForEachOps.java:174)
	at java.base/java.util.stream.AbstractPipeline.evaluate(AbstractPipeline.java:234)
	at java.base/java.util.stream.ReferencePipeline.forEach(ReferencePipeline.java:596)
	at java.base/java.util.stream.ReferencePipeline$7$1.accept(ReferencePipeline.java:276)
	at java.base/java.util.ArrayList$ArrayListSpliterator.forEachRemaining(ArrayList.java:1708)
	at java.base/java.util.stream.AbstractPipeline.copyInto(AbstractPipeline.java:509)
	at java.base/java.util.stream.AbstractPipeline.wrapAndCopyInto(AbstractPipeline.java:499)
	at java.base/java.util.stream.ForEachOps$ForEachOp.evaluateSequential(ForEachOps.java:151)
	at java.base/java.util.stream.ForEachOps$ForEachOp$OfRef.evaluateSequential(ForEachOps.java:174)
	at java.base/java.util.stream.AbstractPipeline.evaluate(AbstractPipeline.java:234)
	at java.base/java.util.stream.ReferencePipeline.forEach(ReferencePipeline.java:596)
	at java.base/java.util.stream.ReferencePipeline$7$1.accept(ReferencePipeline.java:276)
	at java.base/java.util.stream.ReferencePipeline$3$1.accept(ReferencePipeline.java:197)
	at java.base/java.util.stream.ReferencePipeline$3$1.accept(ReferencePipeline.java:197)
	at java.base/java.util.stream.ReferencePipeline$3$1.accept(ReferencePipeline.java:197)
	at java.base/java.util.ArrayList$ArrayListSpliterator.forEachRemaining(ArrayList.java:1708)
	at java.base/java.util.stream.AbstractPipeline.copyInto(AbstractPipeline.java:509)
	at java.base/java.util.stream.AbstractPipeline.wrapAndCopyInto(AbstractPipeline.java:499)
	at java.base/java.util.stream.ForEachOps$ForEachOp.evaluateSequential(ForEachOps.java:151)
	at java.base/java.util.stream.ForEachOps$ForEachOp$OfRef.evaluateSequential(ForEachOps.java:174)
	at java.base/java.util.stream.AbstractPipeline.evaluate(AbstractPipeline.java:234)
	at java.base/java.util.stream.ReferencePipeline.forEach(ReferencePipeline.java:596)
	at java.base/java.util.stream.ReferencePipeline$7$1.accept(ReferencePipeline.java:276)
	at java.base/java.util.ArrayList$ArrayListSpliterator.forEachRemaining(ArrayList.java:1708)
	at java.base/java.util.stream.AbstractPipeline.copyInto(AbstractPipeline.java:509)
	at java.base/java.util.stream.AbstractPipeline.wrapAndCopyInto(AbstractPipeline.java:499)
	at java.base/java.util.stream.ForEachOps$ForEachOp.evaluateSequential(ForEachOps.java:151)
	at java.base/java.util.stream.ForEachOps$ForEachOp$OfRef.evaluateSequential(ForEachOps.java:174)
	at java.base/java.util.stream.AbstractPipeline.evaluate(AbstractPipeline.java:234)
	at java.base/java.util.stream.ReferencePipeline.forEach(ReferencePipeline.java:596)
	at org.junit.jupiter.engine.descriptor.TestTemplateTestDescriptor.execute(TestTemplateTestDescriptor.java:109)
	at org.junit.jupiter.engine.descriptor.TestTemplateTestDescriptor.execute(TestTemplateTestDescriptor.java:43)
	at org.junit.platform.engine.support.hierarchical.NodeTestTask.lambda$executeRecursively$6(NodeTestTask.java:156)
	at org.junit.platform.engine.support.hierarchical.ThrowableCollector.execute(ThrowableCollector.java:73)
	at org.junit.platform.engine.support.hierarchical.NodeTestTask.lambda$executeRecursively$8(NodeTestTask.java:146)
	at org.junit.platform.engine.support.hierarchical.Node.around(Node.java:137)
	at org.junit.platform.engine.support.hierarchical.NodeTestTask.lambda$executeRecursively$9(NodeTestTask.java:144)
	at org.junit.platform.engine.support.hierarchical.ThrowableCollector.execute(ThrowableCollector.java:73)
	at org.junit.platform.engine.support.hierarchical.NodeTestTask.executeRecursively(NodeTestTask.java:143)
	at org.junit.platform.engine.support.hierarchical.NodeTestTask.execute(NodeTestTask.java:100)
	at org.junit.platform.engine.support.hierarchical.ForkJoinPoolHierarchicalTestExecutorService$ExclusiveTask.exec(ForkJoinPoolHierarchicalTestExecutorService.java:274)
	at org.junit.platform.engine.support.hierarchical.ForkJoinPoolHierarchicalTestExecutorService$ExclusiveTask.execSync(ForkJoinPoolHierarchicalTestExecutorService.java:247)
	at org.junit.platform.engine.support.hierarchical.ForkJoinPoolHierarchicalTestExecutorService.executeSync(ForkJoinPoolHierarchicalTestExecutorService.java:194)
	at org.junit.platform.engine.support.hierarchical.ForkJoinPoolHierarchicalTestExecutorService.invokeAll(ForkJoinPoolHierarchicalTestExecutorService.java:166)
	at org.junit.platform.engine.support.hierarchical.NodeTestTask.lambda$executeRecursively$6(NodeTestTask.java:160)
	at org.junit.platform.engine.support.hierarchical.ThrowableCollector.execute(ThrowableCollector.java:73)
	at org.junit.platform.engine.support.hierarchical.NodeTestTask.lambda$executeRecursively$8(NodeTestTask.java:146)
	at org.junit.platform.engine.support.hierarchical.Node.around(Node.java:137)
	at org.junit.platform.engine.support.hierarchical.NodeTestTask.lambda$executeRecursively$9(NodeTestTask.java:144)
	at org.junit.platform.engine.support.hierarchical.ThrowableCollector.execute(ThrowableCollector.java:73)
	at org.junit.platform.engine.support.hierarchical.NodeTestTask.executeRecursively(NodeTestTask.java:143)
	at org.junit.platform.engine.support.hierarchical.NodeTestTask.execute(NodeTestTask.java:100)
	at org.junit.platform.engine.support.hierarchical.ForkJoinPoolHierarchicalTestExecutorService$ExclusiveTask.exec(ForkJoinPoolHierarchicalTestExecutorService.java:274)
	at java.base/java.util.concurrent.ForkJoinTask.doExec(ForkJoinTask.java:387)
	at java.base/java.util.concurrent.ForkJoinPool$WorkQueue.topLevelExec(ForkJoinPool.java:1312)
	at java.base/java.util.concurrent.ForkJoinPool.scan(ForkJoinPool.java:1843)
	at java.base/java.util.concurrent.ForkJoinPool.runWorker(ForkJoinPool.java:1808)
	at java.base/java.util.concurrent.ForkJoinWorkerThread.run(ForkJoinWorkerThread.java:188)
    23:48:49.485 | 463 ool-1-worker-227 | DEBUG | .c.s.m.InstanceMessageReceiveService : Received schedule participant score for exercise 3202 and participant 773 (result to be deleted: null)
    23:48:49.485 | 463 ool-1-worker-227 | DEBUG | .a.s.ParticipantScoreScheduleService : Scheduled task for exercise 3202 and participant 773 at 2025-02-14T23:48:49.585236965Z[Etc/UTC].
    23:48:49.486 | 463 ool-1-worker-227 | DEBUG | .a.a.p.s.ProgrammingMessagingService : Send result to client over websocket. Result: Result{id770, completionDate=2025-02-14T23:48:49.458516600Z, successful=false, score=0.0, rated=true, assessmentType=AUTOMATIC, hasComplaint=null, testCaseCount=0, passedTestCaseCount=0, codeIssueCount=0}, Submission: ProgrammingSubmission{commitHash='9b3a9bd71a0d80e5bbc42204c319ed3d1d4f0d6d', buildFailed=true, buildArtifact=false, type=MANUAL}, Participation: ProgrammingExerciseStudentParticipation{id=3897, repositoryUri='https://version-control.fake.fake/git/SHORTC10AC7EA0CFB104023090CB0FE8D80B65A36TSTEXC/shortc10ac7ea0cfb104023090cb0fe8d80b65a36tstexc-progsubresgitlabjenstudent1.git', buildPlanId='SHORTC10AC7EA0CFB104023090CB0FE8D80B65A36TSTEXC-PROGSUBRESGITLABJENSTUDENT1', initializationState='INITIALIZED', initializationDate='2025-02-14T23:48:49.456863Z', individualDueDate=null', presentationScore=null}
    23:48:49.488 | 463 ool-1-worker-227 | INFO  | d.t.c.a.a.a.w.o.PublicResultResource : The new result for SHORTC10AC7EA0CFB104023090CB0FE8D80B65A36TSTEXC-PROGSUBRESGITLABJENSTUDENT1 was saved successfully
    23:48:49.492 | 463 ool-1-worker-227 | DEBUG | d.t.c.a.a.c.s.f.ApiVersionFilter     : Adding Version to Request GET /api/repository/3897/buildlogs
    23:48:49.493 | 463 ool-1-worker-227 | DEBUG | rammingExerciseParticipationResource : REST request to get build log : 3897

  Starting logs for ProgrammingSubmissionAndResultGitlabJenkinsIntegrationTest > shouldSaveBuildLogsOnStudentParticipationWithoutSubmissionNorResult(ProgrammingLanguage, boolean) [2] programmingLanguage=MATLAB, enableStaticCodeAnalysis=false
    23:48:49.508 | 463 ool-1-worker-227 | DEBUG | d.t.c.a.a.c.u.util.UserUtilService   : Generate 3 students...
    23:48:49.512 | 463 ool-1-worker-227 | DEBUG | d.t.c.a.a.c.u.util.UserUtilService   : 3 students generated. Generate 2 tutors...
    23:48:49.515 | 463 ool-1-worker-227 | DEBUG | d.t.c.a.a.c.u.util.UserUtilService   : 2 tutors generated. Generate 0 editors...
    23:48:49.516 | 463 ool-1-worker-227 | DEBUG | d.t.c.a.a.c.u.util.UserUtilService   : 0 editors generated. Generate 2 instructors...
    23:48:49.519 | 463 ool-1-worker-227 | DEBUG | d.t.c.a.a.c.u.util.UserUtilService   : 2 instructors generated
    23:48:49.521 | 463 ool-1-worker-227 | DEBUG | d.t.c.a.a.c.u.util.UserUtilService   : Removing 7 users from all courses...
    23:48:49.522 | 463 ool-1-worker-227 | DEBUG | d.t.c.a.a.c.u.util.UserUtilService   : Removing 7 users from all courses. Done
    23:48:49.522 | 463 ool-1-worker-227 | DEBUG | d.t.c.a.a.c.u.util.UserUtilService   : Save 7 users to database...
    23:48:49.525 | 463 ool-1-worker-227 | DEBUG | d.t.c.a.a.c.u.util.UserUtilService   : Save 7 users to database. Done
    23:48:49.539 | 463 ool-1-worker-227 | DEBUG | PersonalAccessTokenManagementService : Generate secure vcs access token
    23:48:49.542 | 463 ool-1-worker-227 | DEBUG | PersonalAccessTokenManagementService : Generate secure vcs access token
    23:48:49.544 | 463 ool-1-worker-227 | INFO  | i.z.t.d.l.EmbeddedDatabaseReporter   : JDBC URL to connect to 'dataSource': url='jdbc:h2:tcp://localhost:41063/mem:736625c0-cf5e-400d-aeaa-8a7eabd6262b;USER=sa', scope='ProgrammingSubmissionAndResultGitlabJenkinsIntegrationTest#shouldSaveBuildLogsOnStudentParticipationWithoutSubmissionNorResult'
    23:48:49.556 | 463 ool-1-worker-227 | DEBUG | PersonalAccessTokenManagementService : Generate secure vcs access token
    23:48:49.559 | 463 ool-1-worker-227 | DEBUG | d.t.c.a.a.c.s.f.ApiVersionFilter     : Adding Version to Request POST /api/public/programming-exercises/new-result
    23:48:49.559 | 463 ool-1-worker-227 | DEBUG | d.t.c.a.a.a.w.o.PublicResultResource : Received result notify (NEW)
    23:48:49.561 | 463 ool-1-worker-227 | INFO  | d.t.c.a.a.a.w.o.PublicResultResource : Artemis received a new result for build plan SHORT82E1423D0544C04DAF093DA07D38955AA9D6TSTEXC-PROGSUBRESGITLABJENSTUDENT1
    23:48:49.563 | 463 ool-1-worker-227 | DEBUG | .s.ProgrammingExerciseGradingService : Received new build result (NEW) for participation 3904
    23:48:49.566 | 463 ool-1-worker-227 | WARN  | .s.ProgrammingExerciseGradingService : Could not find pending ProgrammingSubmission for Commit Hash 9b3a9bd71a0d80e5bbc42204c319ed3d1d4f0d6d (Participation 3904, Build Plan SHORT82E1423D0544C04DAF093DA07D38955AA9D6TSTEXC-PROGSUBRESGITLABJENSTUDENT1). Will create a new one subsequently...
    23:48:49.566 | 463 ool-1-worker-227 | ERROR | .s.ProgrammingExerciseGradingService : Could not retrieve push date for participation 3904 and build plan SHORT82E1423D0544C04DAF093DA07D38955AA9D6TSTEXC-PROGSUBRESGITLABJENSTUDENT1
de.tum.cit.aet.artemis.programming.service.gitlab.GitLabException: Could not find build queue date for participation 3904
	at de.tum.cit.aet.artemis.programming.service.gitlab.GitLabService.getPushDate(GitLabService.java:369)
	at de.tum.cit.aet.artemis.programming.service.gitlab.GitLabService.getPushDate(GitLabService.java:358)
	at de.tum.cit.aet.artemis.programming.service.ProgrammingExerciseGradingService.createAndSaveFallbackSubmission(ProgrammingExerciseGradingService.java:286)
	at de.tum.cit.aet.artemis.programming.service.ProgrammingExerciseGradingService.createAndSaveFallbackSubmission(ProgrammingExerciseGradingService.java:272)
	at de.tum.cit.aet.artemis.programming.service.ProgrammingExerciseGradingService.lambda$processNewProgrammingExerciseResult$0(ProgrammingExerciseGradingService.java:177)
	at java.base/java.util.Optional.orElseGet(Optional.java:364)
	at de.tum.cit.aet.artemis.programming.service.ProgrammingExerciseGradingService.processNewProgrammingExerciseResult(ProgrammingExerciseGradingService.java:177)
	at de.tum.cit.aet.artemis.programming.service.ProgrammingExerciseGradingService.processNewProgrammingExerciseResult(ProgrammingExerciseGradingService.java:156)
	at de.tum.cit.aet.artemis.assessment.web.open.PublicResultResource.processNewProgrammingExerciseResult(PublicResultResource.java:113)
	at java.base/jdk.internal.reflect.DirectMethodHandleAccessor.invoke(DirectMethodHandleAccessor.java:103)
	at java.base/java.lang.reflect.Method.invoke(Method.java:580)
	at org.springframework.aop.support.AopUtils.invokeJoinpointUsingReflection(AopUtils.java:359)
	at org.springframework.aop.framework.ReflectiveMethodInvocation.invokeJoinpoint(ReflectiveMethodInvocation.java:196)
	at org.springframework.aop.framework.ReflectiveMethodInvocation.proceed(ReflectiveMethodInvocation.java:163)
	at org.springframework.security.authorization.method.AuthorizationManagerBeforeMethodInterceptor.proceed(AuthorizationManagerBeforeMethodInterceptor.java:268)
	at org.springframework.security.authorization.method.AuthorizationManagerBeforeMethodInterceptor.attemptAuthorization(AuthorizationManagerBeforeMethodInterceptor.java:263)
	at org.springframework.security.authorization.method.AuthorizationManagerBeforeMethodInterceptor.invoke(AuthorizationManagerBeforeMethodInterceptor.java:196)
	at org.springframework.security.config.annotation.method.configuration.DeferringMethodInterceptor.invoke(DeferringMethodInterceptor.java:44)
	at org.springframework.aop.framework.ReflectiveMethodInvocation.proceed(ReflectiveMethodInvocation.java:184)
	at org.springframework.aop.framework.CglibAopProxy$DynamicAdvisedInterceptor.intercept(CglibAopProxy.java:727)
	at de.tum.cit.aet.artemis.assessment.web.open.PublicResultResource$$SpringCGLIB$$0.processNewProgrammingExerciseResult(<generated>)
	at java.base/jdk.internal.reflect.DirectMethodHandleAccessor.invoke(DirectMethodHandleAccessor.java:103)
	at java.base/java.lang.reflect.Method.invoke(Method.java:580)
	at org.springframework.web.method.support.InvocableHandlerMethod.doInvoke(InvocableHandlerMethod.java:257)
	at org.springframework.web.method.support.InvocableHandlerMethod.invokeForRequest(InvocableHandlerMethod.java:190)
	at org.springframework.web.servlet.mvc.method.annotation.ServletInvocableHandlerMethod.invokeAndHandle(ServletInvocableHandlerMethod.java:118)
	at org.springframework.web.servlet.mvc.method.annotation.RequestMappingHandlerAdapter.invokeHandlerMethod(RequestMappingHandlerAdapter.java:986)
	at org.springframework.web.servlet.mvc.method.annotation.RequestMappingHandlerAdapter.handleInternal(RequestMappingHandlerAdapter.java:891)
	at org.springframework.web.servlet.mvc.method.AbstractHandlerMethodAdapter.handle(AbstractHandlerMethodAdapter.java:87)
	at org.springframework.web.servlet.DispatcherServlet.doDispatch(DispatcherServlet.java:1088)
	at org.springframework.web.servlet.DispatcherServlet.doService(DispatcherServlet.java:978)
	at org.springframework.web.servlet.FrameworkServlet.processRequest(FrameworkServlet.java:1014)
	at org.springframework.web.servlet.FrameworkServlet.doPost(FrameworkServlet.java:914)
	at jakarta.servlet.http.HttpServlet.service(HttpServlet.java:547)
	at org.springframework.web.servlet.FrameworkServlet.service(FrameworkServlet.java:885)
	at org.springframework.test.web.servlet.TestDispatcherServlet.service(TestDispatcherServlet.java:72)
	at jakarta.servlet.http.HttpServlet.service(HttpServlet.java:614)
	at org.springframework.mock.web.MockFilterChain$ServletFilterProxy.doFilter(MockFilterChain.java:165)
	at org.springframework.mock.web.MockFilterChain.doFilter(MockFilterChain.java:132)
	at org.springframework.web.filter.OncePerRequestFilter.doFilter(OncePerRequestFilter.java:110)
	at org.springframework.test.web.servlet.setup.MockMvcFilterDecorator.doFilter(MockMvcFilterDecorator.java:162)
	at org.springframework.mock.web.MockFilterChain.doFilter(MockFilterChain.java:132)
	at de.tum.cit.aet.artemis.core.security.filter.ApiVersionFilter.doFilter(ApiVersionFilter.java:55)
	at org.springframework.test.web.servlet.setup.MockMvcFilterDecorator.doFilter(MockMvcFilterDecorator.java:162)
	at org.springframework.mock.web.MockFilterChain.doFilter(MockFilterChain.java:132)
	at io.sentry.spring.jakarta.SentryUserFilter.doFilterInternal(SentryUserFilter.java:56)
	at org.springframework.web.filter.OncePerRequestFilter.doFilter(OncePerRequestFilter.java:116)
	at org.springframework.test.web.servlet.setup.MockMvcFilterDecorator.doFilter(MockMvcFilterDecorator.java:162)
	at org.springframework.mock.web.MockFilterChain.doFilter(MockFilterChain.java:132)
	at org.springframework.web.filter.CompositeFilter$VirtualFilterChain.doFilter(CompositeFilter.java:108)
	at org.springframework.security.web.FilterChainProxy.lambda$doFilterInternal$3(FilterChainProxy.java:231)
	at org.springframework.security.web.ObservationFilterChainDecorator$FilterObservation$SimpleFilterObservation.lambda$wrap$1(ObservationFilterChainDecorator.java:479)
	at org.springframework.security.web.ObservationFilterChainDecorator$AroundFilterObservation$SimpleAroundFilterObservation.lambda$wrap$1(ObservationFilterChainDecorator.java:340)
	at org.springframework.security.web.ObservationFilterChainDecorator.lambda$wrapSecured$0(ObservationFilterChainDecorator.java:82)
	at org.springframework.security.web.ObservationFilterChainDecorator$VirtualFilterChain.doFilter(ObservationFilterChainDecorator.java:128)
	at org.springframework.security.web.access.intercept.AuthorizationFilter.doFilter(AuthorizationFilter.java:101)
	at org.springframework.security.web.ObservationFilterChainDecorator$ObservationFilter.wrapFilter(ObservationFilterChainDecorator.java:240)
	at org.springframework.security.web.ObservationFilterChainDecorator$ObservationFilter.doFilter(ObservationFilterChainDecorator.java:227)
	at org.springframework.security.web.ObservationFilterChainDecorator$VirtualFilterChain.doFilter(ObservationFilterChainDecorator.java:137)
	at org.springframework.security.web.access.ExceptionTranslationFilter.doFilter(ExceptionTranslationFilter.java:126)
	at org.springframework.security.web.access.ExceptionTranslationFilter.doFilter(ExceptionTranslationFilter.java:120)
	at org.springframework.security.web.ObservationFilterChainDecorator$ObservationFilter.wrapFilter(ObservationFilterChainDecorator.java:240)
	at org.springframework.security.web.ObservationFilterChainDecorator$ObservationFilter.doFilter(ObservationFilterChainDecorator.java:227)
	at org.springframework.security.web.ObservationFilterChainDecorator$VirtualFilterChain.doFilter(ObservationFilterChainDecorator.java:137)
	at org.springframework.security.web.session.SessionManagementFilter.doFilter(SessionManagementFilter.java:131)
	at org.springframework.security.web.session.SessionManagementFilter.doFilter(SessionManagementFilter.java:85)
	at org.springframework.security.web.ObservationFilterChainDecorator$ObservationFilter.wrapFilter(ObservationFilterChainDecorator.java:240)
	at org.springframework.security.web.ObservationFilterChainDecorator$ObservationFilter.doFilter(ObservationFilterChainDecorator.java:227)
	at org.springframework.security.web.ObservationFilterChainDecorator$VirtualFilterChain.doFilter(ObservationFilterChainDecorator.java:137)
	at org.springframework.security.web.authentication.AnonymousAuthenticationFilter.doFilter(AnonymousAuthenticationFilter.java:100)
	at org.springframework.security.web.ObservationFilterChainDecorator$ObservationFilter.wrapFilter(ObservationFilterChainDecorator.java:240)
	at org.springframework.security.web.ObservationFilterChainDecorator$ObservationFilter.doFilter(ObservationFilterChainDecorator.java:227)
	at org.springframework.security.web.ObservationFilterChainDecorator$VirtualFilterChain.doFilter(ObservationFilterChainDecorator.java:137)
	at org.springframework.security.web.servletapi.SecurityContextHolderAwareRequestFilter.doFilter(SecurityContextHolderAwareRequestFilter.java:179)
	at org.springframework.security.web.ObservationFilterChainDecorator$ObservationFilter.wrapFilter(ObservationFilterChainDecorator.java:240)
	at org.springframework.security.web.ObservationFilterChainDecorator$ObservationFilter.doFilter(ObservationFilterChainDecorator.java:227)
	at org.springframework.security.web.ObservationFilterChainDecorator$VirtualFilterChain.doFilter(ObservationFilterChainDecorator.java:137)
	at org.springframework.security.web.savedrequest.RequestCacheAwareFilter.doFilter(RequestCacheAwareFilter.java:63)
	at org.springframework.security.web.ObservationFilterChainDecorator$ObservationFilter.wrapFilter(ObservationFilterChainDecorator.java:240)
	at org.springframework.security.web.ObservationFilterChainDecorator$ObservationFilter.doFilter(ObservationFilterChainDecorator.java:227)
	at org.springframework.security.web.ObservationFilterChainDecorator$VirtualFilterChain.doFilter(ObservationFilterChainDecorator.java:137)
	at de.tum.cit.aet.artemis.core.security.filter.SpaWebFilter.doFilterInternal(SpaWebFilter.java:23)
	at org.springframework.web.filter.OncePerRequestFilter.doFilter(OncePerRequestFilter.java:116)
	at org.springframework.security.web.ObservationFilterChainDecorator$ObservationFilter.wrapFilter(ObservationFilterChainDecorator.java:240)
	at org.springframework.security.web.ObservationFilterChainDecorator$ObservationFilter.doFilter(ObservationFilterChainDecorator.java:227)
	at org.springframework.security.web.ObservationFilterChainDecorator$VirtualFilterChain.doFilter(ObservationFilterChainDecorator.java:137)
	at org.springframework.web.filter.OncePerRequestFilter.doFilter(OncePerRequestFilter.java:110)
	at org.springframework.security.web.ObservationFilterChainDecorator$ObservationFilter.wrapFilter(ObservationFilterChainDecorator.java:240)
	at org.springframework.security.web.ObservationFilterChainDecorator$ObservationFilter.doFilter(ObservationFilterChainDecorator.java:227)
	at org.springframework.security.web.ObservationFilterChainDecorator$VirtualFilterChain.doFilter(ObservationFilterChainDecorator.java:137)
	at de.tum.cit.aet.artemis.lti.config.Lti13LaunchFilter.doFilterInternal(Lti13LaunchFilter.java:60)
	at org.springframework.web.filter.OncePerRequestFilter.doFilter(OncePerRequestFilter.java:116)
	at org.springframework.security.web.ObservationFilterChainDecorator$ObservationFilter.wrapFilter(ObservationFilterChainDecorator.java:240)
	at org.springframework.security.web.ObservationFilterChainDecorator$ObservationFilter.doFilter(ObservationFilterChainDecorator.java:227)
	at org.springframework.security.web.ObservationFilterChainDecorator$VirtualFilterChain.doFilter(ObservationFilterChainDecorator.java:137)
	at de.tum.cit.aet.artemis.core.security.jwt.JWTFilter.doFilter(JWTFilter.java:55)
	at org.springframework.security.web.ObservationFilterChainDecorator$ObservationFilter.wrapFilter(ObservationFilterChainDecorator.java:240)
	at org.springframework.security.web.ObservationFilterChainDecorator$ObservationFilter.doFilter(ObservationFilterChainDecorator.java:227)
	at org.springframework.security.web.ObservationFilterChainDecorator$VirtualFilterChain.doFilter(ObservationFilterChainDecorator.java:137)
	at de.tum.cit.aet.artemis.core.security.jwt.JWTFilter.doFilter(JWTFilter.java:55)
	at org.springframework.security.web.ObservationFilterChainDecorator$ObservationFilter.wrapFilter(ObservationFilterChainDecorator.java:240)
	at org.springframework.security.web.ObservationFilterChainDecorator$ObservationFilter.doFilter(ObservationFilterChainDecorator.java:227)
	at org.springframework.security.web.ObservationFilterChainDecorator$VirtualFilterChain.doFilter(ObservationFilterChainDecorator.java:137)
	at org.springframework.web.filter.CorsFilter.doFilterInternal(CorsFilter.java:91)
	at org.springframework.web.filter.OncePerRequestFilter.doFilter(OncePerRequestFilter.java:116)
	at org.springframework.security.web.ObservationFilterChainDecorator$ObservationFilter.wrapFilter(ObservationFilterChainDecorator.java:240)
	at org.springframework.security.web.ObservationFilterChainDecorator$ObservationFilter.doFilter(ObservationFilterChainDecorator.java:227)
	at org.springframework.security.web.ObservationFilterChainDecorator$VirtualFilterChain.doFilter(ObservationFilterChainDecorator.java:137)
	at org.springframework.web.filter.OncePerRequestFilter.doFilter(OncePerRequestFilter.java:110)
	at org.springframework.security.web.ObservationFilterChainDecorator$ObservationFilter.wrapFilter(ObservationFilterChainDecorator.java:240)
	at org.springframework.security.web.ObservationFilterChainDecorator$ObservationFilter.doFilter(ObservationFilterChainDecorator.java:227)
	at org.springframework.security.web.ObservationFilterChainDecorator$VirtualFilterChain.doFilter(ObservationFilterChainDecorator.java:137)
	at uk.ac.ox.ctl.lti13.security.oauth2.client.lti.web.OAuth2AuthorizationRequestRedirectFilter.doFilterInternal(OAuth2AuthorizationRequestRedirectFilter.java:142)
	at org.springframework.web.filter.OncePerRequestFilter.doFilter(OncePerRequestFilter.java:116)
	at org.springframework.security.web.ObservationFilterChainDecorator$ObservationFilter.wrapFilter(ObservationFilterChainDecorator.java:240)
	at org.springframework.security.web.ObservationFilterChainDecorator$ObservationFilter.doFilter(ObservationFilterChainDecorator.java:227)
	at org.springframework.security.web.ObservationFilterChainDecorator$VirtualFilterChain.doFilter(ObservationFilterChainDecorator.java:137)
	at org.springframework.security.web.authentication.logout.LogoutFilter.doFilter(LogoutFilter.java:107)
	at org.springframework.security.web.authentication.logout.LogoutFilter.doFilter(LogoutFilter.java:93)
	at org.springframework.security.web.ObservationFilterChainDecorator$ObservationFilter.wrapFilter(ObservationFilterChainDecorator.java:240)
	at org.springframework.security.web.ObservationFilterChainDecorator$ObservationFilter.doFilter(ObservationFilterChainDecorator.java:227)
	at org.springframework.security.web.ObservationFilterChainDecorator$VirtualFilterChain.doFilter(ObservationFilterChainDecorator.java:137)
	at org.springframework.security.web.header.HeaderWriterFilter.doHeadersAfter(HeaderWriterFilter.java:90)
	at org.springframework.security.web.header.HeaderWriterFilter.doFilterInternal(HeaderWriterFilter.java:75)
	at org.springframework.web.filter.OncePerRequestFilter.doFilter(OncePerRequestFilter.java:116)
	at org.springframework.security.web.ObservationFilterChainDecorator$ObservationFilter.wrapFilter(ObservationFilterChainDecorator.java:240)
	at org.springframework.security.web.ObservationFilterChainDecorator$ObservationFilter.doFilter(ObservationFilterChainDecorator.java:227)
	at org.springframework.security.web.ObservationFilterChainDecorator$VirtualFilterChain.doFilter(ObservationFilterChainDecorator.java:137)
	at org.springframework.security.web.context.SecurityContextHolderFilter.doFilter(SecurityContextHolderFilter.java:82)
	at org.springframework.security.web.context.SecurityContextHolderFilter.doFilter(SecurityContextHolderFilter.java:69)
	at org.springframework.security.web.ObservationFilterChainDecorator$ObservationFilter.wrapFilter(ObservationFilterChainDecorator.java:240)
	at org.springframework.security.web.ObservationFilterChainDecorator$ObservationFilter.doFilter(ObservationFilterChainDecorator.java:227)
	at org.springframework.security.web.ObservationFilterChainDecorator$VirtualFilterChain.doFilter(ObservationFilterChainDecorator.java:137)
	at org.springframework.security.web.context.request.async.WebAsyncManagerIntegrationFilter.doFilterInternal(WebAsyncManagerIntegrationFilter.java:62)
	at org.springframework.web.filter.OncePerRequestFilter.doFilter(OncePerRequestFilter.java:116)
	at org.springframework.security.web.ObservationFilterChainDecorator$ObservationFilter.wrapFilter(ObservationFilterChainDecorator.java:240)
	at org.springframework.security.web.ObservationFilterChainDecorator$ObservationFilter.doFilter(ObservationFilterChainDecorator.java:227)
	at org.springframework.security.web.ObservationFilterChainDecorator$VirtualFilterChain.doFilter(ObservationFilterChainDecorator.java:137)
	at org.springframework.security.web.session.DisableEncodeUrlFilter.doFilterInternal(DisableEncodeUrlFilter.java:42)
	at org.springframework.web.filter.OncePerRequestFilter.doFilter(OncePerRequestFilter.java:116)
	at org.springframework.security.web.ObservationFilterChainDecorator$ObservationFilter.wrapFilter(ObservationFilterChainDecorator.java:240)
	at org.springframework.security.web.ObservationFilterChainDecorator$AroundFilterObservation$SimpleAroundFilterObservation.lambda$wrap$0(ObservationFilterChainDecorator.java:323)
	at org.springframework.security.web.ObservationFilterChainDecorator$ObservationFilter.doFilter(ObservationFilterChainDecorator.java:224)
	at org.springframework.security.web.ObservationFilterChainDecorator$VirtualFilterChain.doFilter(ObservationFilterChainDecorator.java:137)
	at org.springframework.security.web.FilterChainProxy.doFilterInternal(FilterChainProxy.java:233)
	at org.springframework.security.web.FilterChainProxy.doFilter(FilterChainProxy.java:191)
	at org.springframework.web.filter.CompositeFilter$VirtualFilterChain.doFilter(CompositeFilter.java:113)
	at org.springframework.web.servlet.handler.HandlerMappingIntrospector.lambda$createCacheFilter$3(HandlerMappingIntrospector.java:243)
	at org.springframework.web.filter.CompositeFilter$VirtualFilterChain.doFilter(CompositeFilter.java:113)
	at org.springframework.web.filter.CompositeFilter.doFilter(CompositeFilter.java:74)
	at org.springframework.security.config.annotation.web.configuration.WebMvcSecurityConfiguration$CompositeFilterChainProxy.doFilter(WebMvcSecurityConfiguration.java:238)
	at org.springframework.web.filter.DelegatingFilterProxy.invokeDelegate(DelegatingFilterProxy.java:362)
	at org.springframework.web.filter.DelegatingFilterProxy.doFilter(DelegatingFilterProxy.java:278)
	at org.springframework.test.web.servlet.setup.MockMvcFilterDecorator.doFilter(MockMvcFilterDecorator.java:162)
	at org.springframework.mock.web.MockFilterChain.doFilter(MockFilterChain.java:132)
	at org.springframework.web.filter.RequestContextFilter.doFilterInternal(RequestContextFilter.java:100)
	at org.springframework.web.filter.OncePerRequestFilter.doFilter(OncePerRequestFilter.java:116)
	at org.springframework.test.web.servlet.setup.MockMvcFilterDecorator.doFilter(MockMvcFilterDecorator.java:162)
	at org.springframework.mock.web.MockFilterChain.doFilter(MockFilterChain.java:132)
	at org.springframework.web.filter.FormContentFilter.doFilterInternal(FormContentFilter.java:93)
	at org.springframework.web.filter.OncePerRequestFilter.doFilter(OncePerRequestFilter.java:116)
	at org.springframework.test.web.servlet.setup.MockMvcFilterDecorator.doFilter(MockMvcFilterDecorator.java:162)
	at org.springframework.mock.web.MockFilterChain.doFilter(MockFilterChain.java:132)
	at org.springframework.web.filter.ServerHttpObservationFilter.doFilterInternal(ServerHttpObservationFilter.java:114)
	at org.springframework.web.filter.OncePerRequestFilter.doFilter(OncePerRequestFilter.java:116)
	at org.springframework.test.web.servlet.setup.MockMvcFilterDecorator.doFilter(MockMvcFilterDecorator.java:162)
	at org.springframework.mock.web.MockFilterChain.doFilter(MockFilterChain.java:132)
	at io.sentry.spring.jakarta.tracing.SentryTracingFilter.doFilterInternal(SentryTracingFilter.java:91)
	at org.springframework.web.filter.OncePerRequestFilter.doFilter(OncePerRequestFilter.java:116)
	at org.springframework.test.web.servlet.setup.MockMvcFilterDecorator.doFilter(MockMvcFilterDecorator.java:162)
	at org.springframework.mock.web.MockFilterChain.doFilter(MockFilterChain.java:132)
	at org.springframework.web.filter.CharacterEncodingFilter.doFilterInternal(CharacterEncodingFilter.java:201)
	at org.springframework.web.filter.OncePerRequestFilter.doFilter(OncePerRequestFilter.java:116)
	at org.springframework.test.web.servlet.setup.MockMvcFilterDecorator.doFilter(MockMvcFilterDecorator.java:162)
	at org.springframework.mock.web.MockFilterChain.doFilter(MockFilterChain.java:132)
	at io.sentry.spring.jakarta.SentrySpringFilter.doFilterInternal(SentrySpringFilter.java:76)
	at org.springframework.web.filter.OncePerRequestFilter.doFilter(OncePerRequestFilter.java:116)
	at org.springframework.test.web.servlet.setup.MockMvcFilterDecorator.doFilter(MockMvcFilterDecorator.java:162)
	at org.springframework.mock.web.MockFilterChain.doFilter(MockFilterChain.java:132)
	at org.springframework.test.web.servlet.MockMvc.perform(MockMvc.java:201)
	at de.tum.cit.aet.artemis.core.util.RequestUtilService.performMvcRequest(RequestUtilService.java:79)
	at de.tum.cit.aet.artemis.core.util.RequestUtilService.postWithoutLocation(RequestUtilService.java:213)
	at de.tum.cit.aet.artemis.core.util.RequestUtilService.postWithoutLocation(RequestUtilService.java:199)
	at de.tum.cit.aet.artemis.programming.ProgrammingSubmissionAndResultGitlabJenkinsIntegrationTest.postResult(ProgrammingSubmissionAndResultGitlabJenkinsIntegrationTest.java:413)
	at de.tum.cit.aet.artemis.programming.ProgrammingSubmissionAndResultGitlabJenkinsIntegrationTest.shouldSaveBuildLogsOnStudentParticipationWithoutSubmissionNorResult(ProgrammingSubmissionAndResultGitlabJenkinsIntegrationTest.java:338)
	at java.base/jdk.internal.reflect.DirectMethodHandleAccessor.invoke(DirectMethodHandleAccessor.java:103)
	at java.base/java.lang.reflect.Method.invoke(Method.java:580)
	at org.junit.platform.commons.util.ReflectionUtils.invokeMethod(ReflectionUtils.java:767)
	at org.junit.jupiter.engine.execution.MethodInvocation.proceed(MethodInvocation.java:60)
	at org.junit.jupiter.engine.execution.InvocationInterceptorChain$ValidatingInvocation.proceed(InvocationInterceptorChain.java:131)
	at org.junit.jupiter.engine.extension.TimeoutExtension.intercept(TimeoutExtension.java:156)
	at org.junit.jupiter.engine.extension.TimeoutExtension.interceptTestableMethod(TimeoutExtension.java:147)
	at org.junit.jupiter.engine.extension.TimeoutExtension.interceptTestTemplateMethod(TimeoutExtension.java:94)
	at org.junit.jupiter.engine.execution.InterceptingExecutableInvoker$ReflectiveInterceptorCall.lambda$ofVoidMethod$0(InterceptingExecutableInvoker.java:103)
	at org.junit.jupiter.engine.execution.InterceptingExecutableInvoker.lambda$invoke$0(InterceptingExecutableInvoker.java:93)
	at org.junit.jupiter.engine.execution.InvocationInterceptorChain$InterceptedInvocation.proceed(InvocationInterceptorChain.java:106)
	at org.junit.jupiter.engine.execution.InvocationInterceptorChain.proceed(InvocationInterceptorChain.java:64)
	at org.junit.jupiter.engine.execution.InvocationInterceptorChain.chainAndInvoke(InvocationInterceptorChain.java:45)
	at org.junit.jupiter.engine.execution.InvocationInterceptorChain.invoke(InvocationInterceptorChain.java:37)
	at org.junit.jupiter.engine.execution.InterceptingExecutableInvoker.invoke(InterceptingExecutableInvoker.java:92)
	at org.junit.jupiter.engine.execution.InterceptingExecutableInvoker.invoke(InterceptingExecutableInvoker.java:86)
	at org.junit.jupiter.engine.descriptor.TestMethodTestDescriptor.lambda$invokeTestMethod$8(TestMethodTestDescriptor.java:217)
	at org.junit.platform.engine.support.hierarchical.ThrowableCollector.execute(ThrowableCollector.java:73)
	at org.junit.jupiter.engine.descriptor.TestMethodTestDescriptor.invokeTestMethod(TestMethodTestDescriptor.java:213)
	at org.junit.jupiter.engine.descriptor.TestMethodTestDescriptor.execute(TestMethodTestDescriptor.java:138)
	at org.junit.jupiter.engine.descriptor.TestMethodTestDescriptor.execute(TestMethodTestDescriptor.java:68)
	at org.junit.platform.engine.support.hierarchical.NodeTestTask.lambda$executeRecursively$6(NodeTestTask.java:156)
	at org.junit.platform.engine.support.hierarchical.ThrowableCollector.execute(ThrowableCollector.java:73)
	at org.junit.platform.engine.support.hierarchical.NodeTestTask.lambda$executeRecursively$8(NodeTestTask.java:146)
	at org.junit.platform.engine.support.hierarchical.Node.around(Node.java:137)
	at org.junit.platform.engine.support.hierarchical.NodeTestTask.lambda$executeRecursively$9(NodeTestTask.java:144)
	at org.junit.platform.engine.support.hierarchical.ThrowableCollector.execute(ThrowableCollector.java:73)
	at org.junit.platform.engine.support.hierarchical.NodeTestTask.executeRecursively(NodeTestTask.java:143)
	at org.junit.platform.engine.support.hierarchical.NodeTestTask.execute(NodeTestTask.java:100)
	at org.junit.platform.engine.support.hierarchical.ForkJoinPoolHierarchicalTestExecutorService$ExclusiveTask.exec(ForkJoinPoolHierarchicalTestExecutorService.java:274)
	at org.junit.platform.engine.support.hierarchical.ForkJoinPoolHierarchicalTestExecutorService$ExclusiveTask.execSync(ForkJoinPoolHierarchicalTestExecutorService.java:247)
	at org.junit.platform.engine.support.hierarchical.ForkJoinPoolHierarchicalTestExecutorService.submit(ForkJoinPoolHierarchicalTestExecutorService.java:148)
	at org.junit.platform.engine.support.hierarchical.NodeTestTask$DefaultDynamicTestExecutor.execute(NodeTestTask.java:231)
	at org.junit.platform.engine.support.hierarchical.NodeTestTask$DefaultDynamicTestExecutor.execute(NodeTestTask.java:209)
	at org.junit.jupiter.engine.descriptor.TestTemplateTestDescriptor.execute(TestTemplateTestDescriptor.java:141)
	at org.junit.jupiter.engine.descriptor.TestTemplateTestDescriptor.lambda$execute$3(TestTemplateTestDescriptor.java:109)
	at java.base/java.util.stream.ForEachOps$ForEachOp$OfRef.accept(ForEachOps.java:184)
	at java.base/java.util.stream.ReferencePipeline$3$1.accept(ReferencePipeline.java:197)
	at java.base/java.util.stream.ReferencePipeline$2$1.accept(ReferencePipeline.java:179)
	at java.base/java.util.stream.ReferencePipeline$3$1.accept(ReferencePipeline.java:197)
	at java.base/java.util.stream.ForEachOps$ForEachOp$OfRef.accept(ForEachOps.java:184)
	at java.base/java.util.stream.ReferencePipeline$3$1.accept(ReferencePipeline.java:197)
	at java.base/java.util.stream.ForEachOps$ForEachOp$OfRef.accept(ForEachOps.java:184)
	at java.base/java.util.stream.ForEachOps$ForEachOp$OfRef.accept(ForEachOps.java:184)
	at java.base/java.util.stream.ReferencePipeline$3$1.accept(ReferencePipeline.java:197)
	at java.base/java.util.stream.ForEachOps$ForEachOp$OfRef.accept(ForEachOps.java:184)
	at java.base/java.util.Spliterators$ArraySpliterator.forEachRemaining(Spliterators.java:1024)
	at java.base/java.util.stream.ReferencePipeline$Head.forEach(ReferencePipeline.java:762)
	at java.base/java.util.stream.ReferencePipeline$7$1.accept(ReferencePipeline.java:276)
	at java.base/java.util.Iterator.forEachRemaining(Iterator.java:133)
	at java.base/java.util.Spliterators$IteratorSpliterator.forEachRemaining(Spliterators.java:1939)
	at java.base/java.util.stream.AbstractPipeline.copyInto(AbstractPipeline.java:509)
	at java.base/java.util.stream.AbstractPipeline.wrapAndCopyInto(AbstractPipeline.java:499)
	at java.base/java.util.stream.ForEachOps$ForEachOp.evaluateSequential(ForEachOps.java:151)
	at java.base/java.util.stream.ForEachOps$ForEachOp$OfRef.evaluateSequential(ForEachOps.java:174)
	at java.base/java.util.stream.AbstractPipeline.evaluate(AbstractPipeline.java:234)
	at java.base/java.util.stream.ReferencePipeline.forEach(ReferencePipeline.java:596)
	at java.base/java.util.stream.ReferencePipeline$7$1.accept(ReferencePipeline.java:276)
	at java.base/java.util.stream.ReferencePipeline$3$1.accept(ReferencePipeline.java:197)
	at java.base/java.util.stream.ReferencePipeline$3$1.accept(ReferencePipeline.java:197)
	at java.base/java.util.stream.ReferencePipeline$3$1.accept(ReferencePipeline.java:197)
	at java.base/java.util.Spliterators$ArraySpliterator.forEachRemaining(Spliterators.java:1024)
	at java.base/java.util.stream.AbstractPipeline.copyInto(AbstractPipeline.java:509)
	at java.base/java.util.stream.AbstractPipeline.wrapAndCopyInto(AbstractPipeline.java:499)
	at java.base/java.util.stream.ForEachOps$ForEachOp.evaluateSequential(ForEachOps.java:151)
	at java.base/java.util.stream.ForEachOps$ForEachOp$OfRef.evaluateSequential(ForEachOps.java:174)
	at java.base/java.util.stream.AbstractPipeline.evaluate(AbstractPipeline.java:234)
	at java.base/java.util.stream.ReferencePipeline.forEach(ReferencePipeline.java:596)
	at java.base/java.util.stream.ReferencePipeline$7$1.accept(ReferencePipeline.java:276)
	at java.base/java.util.ArrayList$ArrayListSpliterator.forEachRemaining(ArrayList.java:1708)
	at java.base/java.util.stream.AbstractPipeline.copyInto(AbstractPipeline.java:509)
	at java.base/java.util.stream.AbstractPipeline.wrapAndCopyInto(AbstractPipeline.java:499)
	at java.base/java.util.stream.ForEachOps$ForEachOp.evaluateSequential(ForEachOps.java:151)
	at java.base/java.util.stream.ForEachOps$ForEachOp$OfRef.evaluateSequential(ForEachOps.java:174)
	at java.base/java.util.stream.AbstractPipeline.evaluate(AbstractPipeline.java:234)
	at java.base/java.util.stream.ReferencePipeline.forEach(ReferencePipeline.java:596)
	at java.base/java.util.stream.ReferencePipeline$7$1.accept(ReferencePipeline.java:276)
	at java.base/java.util.stream.ReferencePipeline$3$1.accept(ReferencePipeline.java:197)
	at java.base/java.util.stream.ReferencePipeline$3$1.accept(ReferencePipeline.java:197)
	at java.base/java.util.stream.ReferencePipeline$3$1.accept(ReferencePipeline.java:197)
	at java.base/java.util.ArrayList$ArrayListSpliterator.forEachRemaining(ArrayList.java:1708)
	at java.base/java.util.stream.AbstractPipeline.copyInto(AbstractPipeline.java:509)
	at java.base/java.util.stream.AbstractPipeline.wrapAndCopyInto(AbstractPipeline.java:499)
	at java.base/java.util.stream.ForEachOps$ForEachOp.evaluateSequential(ForEachOps.java:151)
	at java.base/java.util.stream.ForEachOps$ForEachOp$OfRef.evaluateSequential(ForEachOps.java:174)
	at java.base/java.util.stream.AbstractPipeline.evaluate(AbstractPipeline.java:234)
	at java.base/java.util.stream.ReferencePipeline.forEach(ReferencePipeline.java:596)
	at java.base/java.util.stream.ReferencePipeline$7$1.accept(ReferencePipeline.java:276)
	at java.base/java.util.ArrayList$ArrayListSpliterator.forEachRemaining(ArrayList.java:1708)
	at java.base/java.util.stream.AbstractPipeline.copyInto(AbstractPipeline.java:509)
	at java.base/java.util.stream.AbstractPipeline.wrapAndCopyInto(AbstractPipeline.java:499)
	at java.base/java.util.stream.ForEachOps$ForEachOp.evaluateSequential(ForEachOps.java:151)
	at java.base/java.util.stream.ForEachOps$ForEachOp$OfRef.evaluateSequential(ForEachOps.java:174)
	at java.base/java.util.stream.AbstractPipeline.evaluate(AbstractPipeline.java:234)
	at java.base/java.util.stream.ReferencePipeline.forEach(ReferencePipeline.java:596)
	at org.junit.jupiter.engine.descriptor.TestTemplateTestDescriptor.execute(TestTemplateTestDescriptor.java:109)
	at org.junit.jupiter.engine.descriptor.TestTemplateTestDescriptor.execute(TestTemplateTestDescriptor.java:43)
	at org.junit.platform.engine.support.hierarchical.NodeTestTask.lambda$executeRecursively$6(NodeTestTask.java:156)
	at org.junit.platform.engine.support.hierarchical.ThrowableCollector.execute(ThrowableCollector.java:73)
	at org.junit.platform.engine.support.hierarchical.NodeTestTask.lambda$executeRecursively$8(NodeTestTask.java:146)
	at org.junit.platform.engine.support.hierarchical.Node.around(Node.java:137)
	at org.junit.platform.engine.support.hierarchical.NodeTestTask.lambda$executeRecursively$9(NodeTestTask.java:144)
	at org.junit.platform.engine.support.hierarchical.ThrowableCollector.execute(ThrowableCollector.java:73)
	at org.junit.platform.engine.support.hierarchical.NodeTestTask.executeRecursively(NodeTestTask.java:143)
	at org.junit.platform.engine.support.hierarchical.NodeTestTask.execute(NodeTestTask.java:100)
	at org.junit.platform.engine.support.hierarchical.ForkJoinPoolHierarchicalTestExecutorService$ExclusiveTask.exec(ForkJoinPoolHierarchicalTestExecutorService.java:274)
	at org.junit.platform.engine.support.hierarchical.ForkJoinPoolHierarchicalTestExecutorService$ExclusiveTask.execSync(ForkJoinPoolHierarchicalTestExecutorService.java:247)
	at org.junit.platform.engine.support.hierarchical.ForkJoinPoolHierarchicalTestExecutorService.executeSync(ForkJoinPoolHierarchicalTestExecutorService.java:194)
	at org.junit.platform.engine.support.hierarchical.ForkJoinPoolHierarchicalTestExecutorService.invokeAll(ForkJoinPoolHierarchicalTestExecutorService.java:166)
	at org.junit.platform.engine.support.hierarchical.NodeTestTask.lambda$executeRecursively$6(NodeTestTask.java:160)
	at org.junit.platform.engine.support.hierarchical.ThrowableCollector.execute(ThrowableCollector.java:73)
	at org.junit.platform.engine.support.hierarchical.NodeTestTask.lambda$executeRecursively$8(NodeTestTask.java:146)
	at org.junit.platform.engine.support.hierarchical.Node.around(Node.java:137)
	at org.junit.platform.engine.support.hierarchical.NodeTestTask.lambda$executeRecursively$9(NodeTestTask.java:144)
	at org.junit.platform.engine.support.hierarchical.ThrowableCollector.execute(ThrowableCollector.java:73)
	at org.junit.platform.engine.support.hierarchical.NodeTestTask.executeRecursively(NodeTestTask.java:143)
	at org.junit.platform.engine.support.hierarchical.NodeTestTask.execute(NodeTestTask.java:100)
	at org.junit.platform.engine.support.hierarchical.ForkJoinPoolHierarchicalTestExecutorService$ExclusiveTask.exec(ForkJoinPoolHierarchicalTestExecutorService.java:274)
	at java.base/java.util.concurrent.ForkJoinTask.doExec(ForkJoinTask.java:387)
	at java.base/java.util.concurrent.ForkJoinPool$WorkQueue.topLevelExec(ForkJoinPool.java:1312)
	at java.base/java.util.concurrent.ForkJoinPool.scan(ForkJoinPool.java:1843)
	at java.base/java.util.concurrent.ForkJoinPool.runWorker(ForkJoinPool.java:1808)
	at java.base/java.util.concurrent.ForkJoinWorkerThread.run(ForkJoinWorkerThread.java:188)
    23:48:49.582 | 463 ool-1-worker-227 | DEBUG | .c.s.m.InstanceMessageReceiveService : Received schedule participant score for exercise 3204 and participant 773 (result to be deleted: null)
    23:48:49.582 | 463 ool-1-worker-227 | DEBUG | .a.s.ParticipantScoreScheduleService : Scheduled task for exercise 3204 and participant 773 at 2025-02-14T23:48:49.682924092Z[Etc/UTC].
    23:48:49.583 | 463 ool-1-worker-227 | DEBUG | .a.a.p.s.ProgrammingMessagingService : Send result to client over websocket. Result: Result{id771, completionDate=2025-02-14T23:48:49.556959900Z, successful=false, score=0.0, rated=true, assessmentType=AUTOMATIC, hasComplaint=null, testCaseCount=0, passedTestCaseCount=0, codeIssueCount=0}, Submission: ProgrammingSubmission{commitHash='9b3a9bd71a0d80e5bbc42204c319ed3d1d4f0d6d', buildFailed=true, buildArtifact=false, type=MANUAL}, Participation: ProgrammingExerciseStudentParticipation{id=3904, repositoryUri='https://version-control.fake.fake/git/SHORT82E1423D0544C04DAF093DA07D38955AA9D6TSTEXC/short82e1423d0544c04daf093da07d38955aa9d6tstexc-progsubresgitlabjenstudent1.git', buildPlanId='SHORT82E1423D0544C04DAF093DA07D38955AA9D6TSTEXC-PROGSUBRESGITLABJENSTUDENT1', initializationState='INITIALIZED', initializationDate='2025-02-14T23:48:49.555237Z', individualDueDate=null', presentationScore=null}
    23:48:49.585 | 463 ool-1-worker-227 | INFO  | d.t.c.a.a.a.w.o.PublicResultResource : The new result for SHORT82E1423D0544C04DAF093DA07D38955AA9D6TSTEXC-PROGSUBRESGITLABJENSTUDENT1 was saved successfully
    23:48:49.589 | 463 ool-1-worker-227 | DEBUG | d.t.c.a.a.c.s.f.ApiVersionFilter     : Adding Version to Request GET /api/repository/3904/buildlogs
    23:48:49.589 | 463 ool-1-worker-227 | DEBUG | rammingExerciseParticipationResource : REST request to get build log : 3904

  Starting logs for ProgrammingSubmissionAndResultGitlabJenkinsIntegrationTest > shouldSaveBuildLogsOnStudentParticipationWithoutSubmissionNorResult(ProgrammingLanguage, boolean) [3] programmingLanguage=TYPESCRIPT, enableStaticCodeAnalysis=true
    23:48:49.601 | 463 ool-1-worker-227 | DEBUG | d.t.c.a.a.c.u.util.UserUtilService   : Generate 3 students...
    23:48:49.605 | 463 ool-1-worker-227 | DEBUG | d.t.c.a.a.c.u.util.UserUtilService   : 3 students generated. Generate 2 tutors...
    23:48:49.608 | 463 ool-1-worker-227 | DEBUG | d.t.c.a.a.c.u.util.UserUtilService   : 2 tutors generated. Generate 0 editors...
    23:48:49.609 | 463 ool-1-worker-227 | DEBUG | d.t.c.a.a.c.u.util.UserUtilService   : 0 editors generated. Generate 2 instructors...
    23:48:49.612 | 463 ool-1-worker-227 | DEBUG | d.t.c.a.a.c.u.util.UserUtilService   : 2 instructors generated
    23:48:49.613 | 463 ool-1-worker-227 | DEBUG | d.t.c.a.a.c.u.util.UserUtilService   : Removing 7 users from all courses...
    23:48:49.614 | 463 ool-1-worker-227 | DEBUG | d.t.c.a.a.c.u.util.UserUtilService   : Removing 7 users from all courses. Done
    23:48:49.614 | 463 ool-1-worker-227 | DEBUG | d.t.c.a.a.c.u.util.UserUtilService   : Save 7 users to database...
    23:48:49.617 | 463 ool-1-worker-227 | DEBUG | d.t.c.a.a.c.u.util.UserUtilService   : Save 7 users to database. Done
    23:48:49.631 | 463 ool-1-worker-227 | DEBUG | PersonalAccessTokenManagementService : Generate secure vcs access token
    23:48:49.634 | 463 ool-1-worker-227 | DEBUG | PersonalAccessTokenManagementService : Generate secure vcs access token
    23:48:49.635 | 463 ool-1-worker-227 | INFO  | i.z.t.d.l.EmbeddedDatabaseReporter   : JDBC URL to connect to 'dataSource': url='jdbc:h2:tcp://localhost:41063/mem:736625c0-cf5e-400d-aeaa-8a7eabd6262b;USER=sa', scope='ProgrammingSubmissionAndResultGitlabJenkinsIntegrationTest#shouldSaveBuildLogsOnStudentParticipationWithoutSubmissionNorResult'
    23:48:49.647 | 463 ool-1-worker-227 | DEBUG | PersonalAccessTokenManagementService : Generate secure vcs access token
    23:48:49.650 | 463 ool-1-worker-227 | DEBUG | d.t.c.a.a.c.s.f.ApiVersionFilter     : Adding Version to Request POST /api/public/programming-exercises/new-result
    23:48:49.651 | 463 ool-1-worker-227 | DEBUG | d.t.c.a.a.a.w.o.PublicResultResource : Received result notify (NEW)
    23:48:49.653 | 463 ool-1-worker-227 | INFO  | d.t.c.a.a.a.w.o.PublicResultResource : Artemis received a new result for build plan SHORT26A41DF10E1140435A0B03807102B01D7B3ATSTEXC-PROGSUBRESGITLABJENSTUDENT1
    23:48:49.654 | 463 ool-1-worker-227 | DEBUG | .s.ProgrammingExerciseGradingService : Received new build result (NEW) for participation 3911
    23:48:49.657 | 463 ool-1-worker-227 | WARN  | .s.ProgrammingExerciseGradingService : Could not find pending ProgrammingSubmission for Commit Hash 9b3a9bd71a0d80e5bbc42204c319ed3d1d4f0d6d (Participation 3911, Build Plan SHORT26A41DF10E1140435A0B03807102B01D7B3ATSTEXC-PROGSUBRESGITLABJENSTUDENT1). Will create a new one subsequently...
    23:48:49.657 | 463 ool-1-worker-227 | ERROR | .s.ProgrammingExerciseGradingService : Could not retrieve push date for participation 3911 and build plan SHORT26A41DF10E1140435A0B03807102B01D7B3ATSTEXC-PROGSUBRESGITLABJENSTUDENT1
de.tum.cit.aet.artemis.programming.service.gitlab.GitLabException: Could not find build queue date for participation 3911
	at de.tum.cit.aet.artemis.programming.service.gitlab.GitLabService.getPushDate(GitLabService.java:369)
	at de.tum.cit.aet.artemis.programming.service.gitlab.GitLabService.getPushDate(GitLabService.java:358)
	at de.tum.cit.aet.artemis.programming.service.ProgrammingExerciseGradingService.createAndSaveFallbackSubmission(ProgrammingExerciseGradingService.java:286)
	at de.tum.cit.aet.artemis.programming.service.ProgrammingExerciseGradingService.createAndSaveFallbackSubmission(ProgrammingExerciseGradingService.java:272)
	at de.tum.cit.aet.artemis.programming.service.ProgrammingExerciseGradingService.lambda$processNewProgrammingExerciseResult$0(ProgrammingExerciseGradingService.java:177)
	at java.base/java.util.Optional.orElseGet(Optional.java:364)
	at de.tum.cit.aet.artemis.programming.service.ProgrammingExerciseGradingService.processNewProgrammingExerciseResult(ProgrammingExerciseGradingService.java:177)
	at de.tum.cit.aet.artemis.programming.service.ProgrammingExerciseGradingService.processNewProgrammingExerciseResult(ProgrammingExerciseGradingService.java:156)
	at de.tum.cit.aet.artemis.assessment.web.open.PublicResultResource.processNewProgrammingExerciseResult(PublicResultResource.java:113)
	at java.base/jdk.internal.reflect.DirectMethodHandleAccessor.invoke(DirectMethodHandleAccessor.java:103)
	at java.base/java.lang.reflect.Method.invoke(Method.java:580)
	at org.springframework.aop.support.AopUtils.invokeJoinpointUsingReflection(AopUtils.java:359)
	at org.springframework.aop.framework.ReflectiveMethodInvocation.invokeJoinpoint(ReflectiveMethodInvocation.java:196)
	at org.springframework.aop.framework.ReflectiveMethodInvocation.proceed(ReflectiveMethodInvocation.java:163)
	at org.springframework.security.authorization.method.AuthorizationManagerBeforeMethodInterceptor.proceed(AuthorizationManagerBeforeMethodInterceptor.java:268)
	at org.springframework.security.authorization.method.AuthorizationManagerBeforeMethodInterceptor.attemptAuthorization(AuthorizationManagerBeforeMethodInterceptor.java:263)
	at org.springframework.security.authorization.method.AuthorizationManagerBeforeMethodInterceptor.invoke(AuthorizationManagerBeforeMethodInterceptor.java:196)
	at org.springframework.security.config.annotation.method.configuration.DeferringMethodInterceptor.invoke(DeferringMethodInterceptor.java:44)
	at org.springframework.aop.framework.ReflectiveMethodInvocation.proceed(ReflectiveMethodInvocation.java:184)
	at org.springframework.aop.framework.CglibAopProxy$DynamicAdvisedInterceptor.intercept(CglibAopProxy.java:727)
	at de.tum.cit.aet.artemis.assessment.web.open.PublicResultResource$$SpringCGLIB$$0.processNewProgrammingExerciseResult(<generated>)
	at java.base/jdk.internal.reflect.DirectMethodHandleAccessor.invoke(DirectMethodHandleAccessor.java:103)
	at java.base/java.lang.reflect.Method.invoke(Method.java:580)
	at org.springframework.web.method.support.InvocableHandlerMethod.doInvoke(InvocableHandlerMethod.java:257)
	at org.springframework.web.method.support.InvocableHandlerMethod.invokeForRequest(InvocableHandlerMethod.java:190)
	at org.springframework.web.servlet.mvc.method.annotation.ServletInvocableHandlerMethod.invokeAndHandle(ServletInvocableHandlerMethod.java:118)
	at org.springframework.web.servlet.mvc.method.annotation.RequestMappingHandlerAdapter.invokeHandlerMethod(RequestMappingHandlerAdapter.java:986)
	at org.springframework.web.servlet.mvc.method.annotation.RequestMappingHandlerAdapter.handleInternal(RequestMappingHandlerAdapter.java:891)
	at org.springframework.web.servlet.mvc.method.AbstractHandlerMethodAdapter.handle(AbstractHandlerMethodAdapter.java:87)
	at org.springframework.web.servlet.DispatcherServlet.doDispatch(DispatcherServlet.java:1088)
	at org.springframework.web.servlet.DispatcherServlet.doService(DispatcherServlet.java:978)
	at org.springframework.web.servlet.FrameworkServlet.processRequest(FrameworkServlet.java:1014)
	at org.springframework.web.servlet.FrameworkServlet.doPost(FrameworkServlet.java:914)
	at jakarta.servlet.http.HttpServlet.service(HttpServlet.java:547)
	at org.springframework.web.servlet.FrameworkServlet.service(FrameworkServlet.java:885)
	at org.springframework.test.web.servlet.TestDispatcherServlet.service(TestDispatcherServlet.java:72)
	at jakarta.servlet.http.HttpServlet.service(HttpServlet.java:614)
	at org.springframework.mock.web.MockFilterChain$ServletFilterProxy.doFilter(MockFilterChain.java:165)
	at org.springframework.mock.web.MockFilterChain.doFilter(MockFilterChain.java:132)
	at org.springframework.web.filter.OncePerRequestFilter.doFilter(OncePerRequestFilter.java:110)
	at org.springframework.test.web.servlet.setup.MockMvcFilterDecorator.doFilter(MockMvcFilterDecorator.java:162)
	at org.springframework.mock.web.MockFilterChain.doFilter(MockFilterChain.java:132)
	at de.tum.cit.aet.artemis.core.security.filter.ApiVersionFilter.doFilter(ApiVersionFilter.java:55)
	at org.springframework.test.web.servlet.setup.MockMvcFilterDecorator.doFilter(MockMvcFilterDecorator.java:162)
	at org.springframework.mock.web.MockFilterChain.doFilter(MockFilterChain.java:132)
	at io.sentry.spring.jakarta.SentryUserFilter.doFilterInternal(SentryUserFilter.java:56)
	at org.springframework.web.filter.OncePerRequestFilter.doFilter(OncePerRequestFilter.java:116)
	at org.springframework.test.web.servlet.setup.MockMvcFilterDecorator.doFilter(MockMvcFilterDecorator.java:162)
	at org.springframework.mock.web.MockFilterChain.doFilter(MockFilterChain.java:132)
	at org.springframework.web.filter.CompositeFilter$VirtualFilterChain.doFilter(CompositeFilter.java:108)
	at org.springframework.security.web.FilterChainProxy.lambda$doFilterInternal$3(FilterChainProxy.java:231)
	at org.springframework.security.web.ObservationFilterChainDecorator$FilterObservation$SimpleFilterObservation.lambda$wrap$1(ObservationFilterChainDecorator.java:479)
	at org.springframework.security.web.ObservationFilterChainDecorator$AroundFilterObservation$SimpleAroundFilterObservation.lambda$wrap$1(ObservationFilterChainDecorator.java:340)
	at org.springframework.security.web.ObservationFilterChainDecorator.lambda$wrapSecured$0(ObservationFilterChainDecorator.java:82)
	at org.springframework.security.web.ObservationFilterChainDecorator$VirtualFilterChain.doFilter(ObservationFilterChainDecorator.java:128)
	at org.springframework.security.web.access.intercept.AuthorizationFilter.doFilter(AuthorizationFilter.java:101)
	at org.springframework.security.web.ObservationFilterChainDecorator$ObservationFilter.wrapFilter(ObservationFilterChainDecorator.java:240)
	at org.springframework.security.web.ObservationFilterChainDecorator$ObservationFilter.doFilter(ObservationFilterChainDecorator.java:227)
	at org.springframework.security.web.ObservationFilterChainDecorator$VirtualFilterChain.doFilter(ObservationFilterChainDecorator.java:137)
	at org.springframework.security.web.access.ExceptionTranslationFilter.doFilter(ExceptionTranslationFilter.java:126)
	at org.springframework.security.web.access.ExceptionTranslationFilter.doFilter(ExceptionTranslationFilter.java:120)
	at org.springframework.security.web.ObservationFilterChainDecorator$ObservationFilter.wrapFilter(ObservationFilterChainDecorator.java:240)
	at org.springframework.security.web.ObservationFilterChainDecorator$ObservationFilter.doFilter(ObservationFilterChainDecorator.java:227)
	at org.springframework.security.web.ObservationFilterChainDecorator$VirtualFilterChain.doFilter(ObservationFilterChainDecorator.java:137)
	at org.springframework.security.web.session.SessionManagementFilter.doFilter(SessionManagementFilter.java:131)
	at org.springframework.security.web.session.SessionManagementFilter.doFilter(SessionManagementFilter.java:85)
	at org.springframework.security.web.ObservationFilterChainDecorator$ObservationFilter.wrapFilter(ObservationFilterChainDecorator.java:240)
	at org.springframework.security.web.ObservationFilterChainDecorator$ObservationFilter.doFilter(ObservationFilterChainDecorator.java:227)
	at org.springframework.security.web.ObservationFilterChainDecorator$VirtualFilterChain.doFilter(ObservationFilterChainDecorator.java:137)
	at org.springframework.security.web.authentication.AnonymousAuthenticationFilter.doFilter(AnonymousAuthenticationFilter.java:100)
	at org.springframework.security.web.ObservationFilterChainDecorator$ObservationFilter.wrapFilter(ObservationFilterChainDecorator.java:240)
	at org.springframework.security.web.ObservationFilterChainDecorator$ObservationFilter.doFilter(ObservationFilterChainDecorator.java:227)
	at org.springframework.security.web.ObservationFilterChainDecorator$VirtualFilterChain.doFilter(ObservationFilterChainDecorator.java:137)
	at org.springframework.security.web.servletapi.SecurityContextHolderAwareRequestFilter.doFilter(SecurityContextHolderAwareRequestFilter.java:179)
	at org.springframework.security.web.ObservationFilterChainDecorator$ObservationFilter.wrapFilter(ObservationFilterChainDecorator.java:240)
	at org.springframework.security.web.ObservationFilterChainDecorator$ObservationFilter.doFilter(ObservationFilterChainDecorator.java:227)
	at org.springframework.security.web.ObservationFilterChainDecorator$VirtualFilterChain.doFilter(ObservationFilterChainDecorator.java:137)
	at org.springframework.security.web.savedrequest.RequestCacheAwareFilter.doFilter(RequestCacheAwareFilter.java:63)
	at org.springframework.security.web.ObservationFilterChainDecorator$ObservationFilter.wrapFilter(ObservationFilterChainDecorator.java:240)
	at org.springframework.security.web.ObservationFilterChainDecorator$ObservationFilter.doFilter(ObservationFilterChainDecorator.java:227)
	at org.springframework.security.web.ObservationFilterChainDecorator$VirtualFilterChain.doFilter(ObservationFilterChainDecorator.java:137)
	at de.tum.cit.aet.artemis.core.security.filter.SpaWebFilter.doFilterInternal(SpaWebFilter.java:23)
	at org.springframework.web.filter.OncePerRequestFilter.doFilter(OncePerRequestFilter.java:116)
	at org.springframework.security.web.ObservationFilterChainDecorator$ObservationFilter.wrapFilter(ObservationFilterChainDecorator.java:240)
	at org.springframework.security.web.ObservationFilterChainDecorator$ObservationFilter.doFilter(ObservationFilterChainDecorator.java:227)
	at org.springframework.security.web.ObservationFilterChainDecorator$VirtualFilterChain.doFilter(ObservationFilterChainDecorator.java:137)
	at org.springframework.web.filter.OncePerRequestFilter.doFilter(OncePerRequestFilter.java:110)
	at org.springframework.security.web.ObservationFilterChainDecorator$ObservationFilter.wrapFilter(ObservationFilterChainDecorator.java:240)
	at org.springframework.security.web.ObservationFilterChainDecorator$ObservationFilter.doFilter(ObservationFilterChainDecorator.java:227)
	at org.springframework.security.web.ObservationFilterChainDecorator$VirtualFilterChain.doFilter(ObservationFilterChainDecorator.java:137)
	at de.tum.cit.aet.artemis.lti.config.Lti13LaunchFilter.doFilterInternal(Lti13LaunchFilter.java:60)
	at org.springframework.web.filter.OncePerRequestFilter.doFilter(OncePerRequestFilter.java:116)
	at org.springframework.security.web.ObservationFilterChainDecorator$ObservationFilter.wrapFilter(ObservationFilterChainDecorator.java:240)
	at org.springframework.security.web.ObservationFilterChainDecorator$ObservationFilter.doFilter(ObservationFilterChainDecorator.java:227)
	at org.springframework.security.web.ObservationFilterChainDecorator$VirtualFilterChain.doFilter(ObservationFilterChainDecorator.java:137)
	at de.tum.cit.aet.artemis.core.security.jwt.JWTFilter.doFilter(JWTFilter.java:55)
	at org.springframework.security.web.ObservationFilterChainDecorator$ObservationFilter.wrapFilter(ObservationFilterChainDecorator.java:240)
	at org.springframework.security.web.ObservationFilterChainDecorator$ObservationFilter.doFilter(ObservationFilterChainDecorator.java:227)
	at org.springframework.security.web.ObservationFilterChainDecorator$VirtualFilterChain.doFilter(ObservationFilterChainDecorator.java:137)
	at de.tum.cit.aet.artemis.core.security.jwt.JWTFilter.doFilter(JWTFilter.java:55)
	at org.springframework.security.web.ObservationFilterChainDecorator$ObservationFilter.wrapFilter(ObservationFilterChainDecorator.java:240)
	at org.springframework.security.web.ObservationFilterChainDecorator$ObservationFilter.doFilter(ObservationFilterChainDecorator.java:227)
	at org.springframework.security.web.ObservationFilterChainDecorator$VirtualFilterChain.doFilter(ObservationFilterChainDecorator.java:137)
	at org.springframework.web.filter.CorsFilter.doFilterInternal(CorsFilter.java:91)
	at org.springframework.web.filter.OncePerRequestFilter.doFilter(OncePerRequestFilter.java:116)
	at org.springframework.security.web.ObservationFilterChainDecorator$ObservationFilter.wrapFilter(ObservationFilterChainDecorator.java:240)
	at org.springframework.security.web.ObservationFilterChainDecorator$ObservationFilter.doFilter(ObservationFilterChainDecorator.java:227)
	at org.springframework.security.web.ObservationFilterChainDecorator$VirtualFilterChain.doFilter(ObservationFilterChainDecorator.java:137)
	at org.springframework.web.filter.OncePerRequestFilter.doFilter(OncePerRequestFilter.java:110)
	at org.springframework.security.web.ObservationFilterChainDecorator$ObservationFilter.wrapFilter(ObservationFilterChainDecorator.java:240)
	at org.springframework.security.web.ObservationFilterChainDecorator$ObservationFilter.doFilter(ObservationFilterChainDecorator.java:227)
	at org.springframework.security.web.ObservationFilterChainDecorator$VirtualFilterChain.doFilter(ObservationFilterChainDecorator.java:137)
	at uk.ac.ox.ctl.lti13.security.oauth2.client.lti.web.OAuth2AuthorizationRequestRedirectFilter.doFilterInternal(OAuth2AuthorizationRequestRedirectFilter.java:142)
	at org.springframework.web.filter.OncePerRequestFilter.doFilter(OncePerRequestFilter.java:116)
	at org.springframework.security.web.ObservationFilterChainDecorator$ObservationFilter.wrapFilter(ObservationFilterChainDecorator.java:240)
	at org.springframework.security.web.ObservationFilterChainDecorator$ObservationFilter.doFilter(ObservationFilterChainDecorator.java:227)
	at org.springframework.security.web.ObservationFilterChainDecorator$VirtualFilterChain.doFilter(ObservationFilterChainDecorator.java:137)
	at org.springframework.security.web.authentication.logout.LogoutFilter.doFilter(LogoutFilter.java:107)
	at org.springframework.security.web.authentication.logout.LogoutFilter.doFilter(LogoutFilter.java:93)
	at org.springframework.security.web.ObservationFilterChainDecorator$ObservationFilter.wrapFilter(ObservationFilterChainDecorator.java:240)
	at org.springframework.security.web.ObservationFilterChainDecorator$ObservationFilter.doFilter(ObservationFilterChainDecorator.java:227)
	at org.springframework.security.web.ObservationFilterChainDecorator$VirtualFilterChain.doFilter(ObservationFilterChainDecorator.java:137)
	at org.springframework.security.web.header.HeaderWriterFilter.doHeadersAfter(HeaderWriterFilter.java:90)
	at org.springframework.security.web.header.HeaderWriterFilter.doFilterInternal(HeaderWriterFilter.java:75)
	at org.springframework.web.filter.OncePerRequestFilter.doFilter(OncePerRequestFilter.java:116)
	at org.springframework.security.web.ObservationFilterChainDecorator$ObservationFilter.wrapFilter(ObservationFilterChainDecorator.java:240)
	at org.springframework.security.web.ObservationFilterChainDecorator$ObservationFilter.doFilter(ObservationFilterChainDecorator.java:227)
	at org.springframework.security.web.ObservationFilterChainDecorator$VirtualFilterChain.doFilter(ObservationFilterChainDecorator.java:137)
	at org.springframework.security.web.context.SecurityContextHolderFilter.doFilter(SecurityContextHolderFilter.java:82)
	at org.springframework.security.web.context.SecurityContextHolderFilter.doFilter(SecurityContextHolderFilter.java:69)
	at org.springframework.security.web.ObservationFilterChainDecorator$ObservationFilter.wrapFilter(ObservationFilterChainDecorator.java:240)
	at org.springframework.security.web.ObservationFilterChainDecorator$ObservationFilter.doFilter(ObservationFilterChainDecorator.java:227)
	at org.springframework.security.web.ObservationFilterChainDecorator$VirtualFilterChain.doFilter(ObservationFilterChainDecorator.java:137)
	at org.springframework.security.web.context.request.async.WebAsyncManagerIntegrationFilter.doFilterInternal(WebAsyncManagerIntegrationFilter.java:62)
	at org.springframework.web.filter.OncePerRequestFilter.doFilter(OncePerRequestFilter.java:116)
	at org.springframework.security.web.ObservationFilterChainDecorator$ObservationFilter.wrapFilter(ObservationFilterChainDecorator.java:240)
	at org.springframework.security.web.ObservationFilterChainDecorator$ObservationFilter.doFilter(ObservationFilterChainDecorator.java:227)
	at org.springframework.security.web.ObservationFilterChainDecorator$VirtualFilterChain.doFilter(ObservationFilterChainDecorator.java:137)
	at org.springframework.security.web.session.DisableEncodeUrlFilter.doFilterInternal(DisableEncodeUrlFilter.java:42)
	at org.springframework.web.filter.OncePerRequestFilter.doFilter(OncePerRequestFilter.java:116)
	at org.springframework.security.web.ObservationFilterChainDecorator$ObservationFilter.wrapFilter(ObservationFilterChainDecorator.java:240)
	at org.springframework.security.web.ObservationFilterChainDecorator$AroundFilterObservation$SimpleAroundFilterObservation.lambda$wrap$0(ObservationFilterChainDecorator.java:323)
	at org.springframework.security.web.ObservationFilterChainDecorator$ObservationFilter.doFilter(ObservationFilterChainDecorator.java:224)
	at org.springframework.security.web.ObservationFilterChainDecorator$VirtualFilterChain.doFilter(ObservationFilterChainDecorator.java:137)
	at org.springframework.security.web.FilterChainProxy.doFilterInternal(FilterChainProxy.java:233)
	at org.springframework.security.web.FilterChainProxy.doFilter(FilterChainProxy.java:191)
	at org.springframework.web.filter.CompositeFilter$VirtualFilterChain.doFilter(CompositeFilter.java:113)
	at org.springframework.web.servlet.handler.HandlerMappingIntrospector.lambda$createCacheFilter$3(HandlerMappingIntrospector.java:243)
	at org.springframework.web.filter.CompositeFilter$VirtualFilterChain.doFilter(CompositeFilter.java:113)
	at org.springframework.web.filter.CompositeFilter.doFilter(CompositeFilter.java:74)
	at org.springframework.security.config.annotation.web.configuration.WebMvcSecurityConfiguration$CompositeFilterChainProxy.doFilter(WebMvcSecurityConfiguration.java:238)
	at org.springframework.web.filter.DelegatingFilterProxy.invokeDelegate(DelegatingFilterProxy.java:362)
	at org.springframework.web.filter.DelegatingFilterProxy.doFilter(DelegatingFilterProxy.java:278)
	at org.springframework.test.web.servlet.setup.MockMvcFilterDecorator.doFilter(MockMvcFilterDecorator.java:162)
	at org.springframework.mock.web.MockFilterChain.doFilter(MockFilterChain.java:132)
	at org.springframework.web.filter.RequestContextFilter.doFilterInternal(RequestContextFilter.java:100)
	at org.springframework.web.filter.OncePerRequestFilter.doFilter(OncePerRequestFilter.java:116)
	at org.springframework.test.web.servlet.setup.MockMvcFilterDecorator.doFilter(MockMvcFilterDecorator.java:162)
	at org.springframework.mock.web.MockFilterChain.doFilter(MockFilterChain.java:132)
	at org.springframework.web.filter.FormContentFilter.doFilterInternal(FormContentFilter.java:93)
	at org.springframework.web.filter.OncePerRequestFilter.doFilter(OncePerRequestFilter.java:116)
	at org.springframework.test.web.servlet.setup.MockMvcFilterDecorator.doFilter(MockMvcFilterDecorator.java:162)
	at org.springframework.mock.web.MockFilterChain.doFilter(MockFilterChain.java:132)
	at org.springframework.web.filter.ServerHttpObservationFilter.doFilterInternal(ServerHttpObservationFilter.java:114)
	at org.springframework.web.filter.OncePerRequestFilter.doFilter(OncePerRequestFilter.java:116)
	at org.springframework.test.web.servlet.setup.MockMvcFilterDecorator.doFilter(MockMvcFilterDecorator.java:162)
	at org.springframework.mock.web.MockFilterChain.doFilter(MockFilterChain.java:132)
	at io.sentry.spring.jakarta.tracing.SentryTracingFilter.doFilterInternal(SentryTracingFilter.java:91)
	at org.springframework.web.filter.OncePerRequestFilter.doFilter(OncePerRequestFilter.java:116)
	at org.springframework.test.web.servlet.setup.MockMvcFilterDecorator.doFilter(MockMvcFilterDecorator.java:162)
	at org.springframework.mock.web.MockFilterChain.doFilter(MockFilterChain.java:132)
	at org.springframework.web.filter.CharacterEncodingFilter.doFilterInternal(CharacterEncodingFilter.java:201)
	at org.springframework.web.filter.OncePerRequestFilter.doFilter(OncePerRequestFilter.java:116)
	at org.springframework.test.web.servlet.setup.MockMvcFilterDecorator.doFilter(MockMvcFilterDecorator.java:162)
	at org.springframework.mock.web.MockFilterChain.doFilter(MockFilterChain.java:132)
	at io.sentry.spring.jakarta.SentrySpringFilter.doFilterInternal(SentrySpringFilter.java:76)
	at org.springframework.web.filter.OncePerRequestFilter.doFilter(OncePerRequestFilter.java:116)
	at org.springframework.test.web.servlet.setup.MockMvcFilterDecorator.doFilter(MockMvcFilterDecorator.java:162)
	at org.springframework.mock.web.MockFilterChain.doFilter(MockFilterChain.java:132)
	at org.springframework.test.web.servlet.MockMvc.perform(MockMvc.java:201)
	at de.tum.cit.aet.artemis.core.util.RequestUtilService.performMvcRequest(RequestUtilService.java:79)
	at de.tum.cit.aet.artemis.core.util.RequestUtilService.postWithoutLocation(RequestUtilService.java:213)
	at de.tum.cit.aet.artemis.core.util.RequestUtilService.postWithoutLocation(RequestUtilService.java:199)
	at de.tum.cit.aet.artemis.programming.ProgrammingSubmissionAndResultGitlabJenkinsIntegrationTest.postResult(ProgrammingSubmissionAndResultGitlabJenkinsIntegrationTest.java:413)
	at de.tum.cit.aet.artemis.programming.ProgrammingSubmissionAndResultGitlabJenkinsIntegrationTest.shouldSaveBuildLogsOnStudentParticipationWithoutSubmissionNorResult(ProgrammingSubmissionAndResultGitlabJenkinsIntegrationTest.java:338)
	at java.base/jdk.internal.reflect.DirectMethodHandleAccessor.invoke(DirectMethodHandleAccessor.java:103)
	at java.base/java.lang.reflect.Method.invoke(Method.java:580)
	at org.junit.platform.commons.util.ReflectionUtils.invokeMethod(ReflectionUtils.java:767)
	at org.junit.jupiter.engine.execution.MethodInvocation.proceed(MethodInvocation.java:60)
	at org.junit.jupiter.engine.execution.InvocationInterceptorChain$ValidatingInvocation.proceed(InvocationInterceptorChain.java:131)
	at org.junit.jupiter.engine.extension.TimeoutExtension.intercept(TimeoutExtension.java:156)
	at org.junit.jupiter.engine.extension.TimeoutExtension.interceptTestableMethod(TimeoutExtension.java:147)
	at org.junit.jupiter.engine.extension.TimeoutExtension.interceptTestTemplateMethod(TimeoutExtension.java:94)
	at org.junit.jupiter.engine.execution.InterceptingExecutableInvoker$ReflectiveInterceptorCall.lambda$ofVoidMethod$0(InterceptingExecutableInvoker.java:103)
	at org.junit.jupiter.engine.execution.InterceptingExecutableInvoker.lambda$invoke$0(InterceptingExecutableInvoker.java:93)
	at org.junit.jupiter.engine.execution.InvocationInterceptorChain$InterceptedInvocation.proceed(InvocationInterceptorChain.java:106)
	at org.junit.jupiter.engine.execution.InvocationInterceptorChain.proceed(InvocationInterceptorChain.java:64)
	at org.junit.jupiter.engine.execution.InvocationInterceptorChain.chainAndInvoke(InvocationInterceptorChain.java:45)
	at org.junit.jupiter.engine.execution.InvocationInterceptorChain.invoke(InvocationInterceptorChain.java:37)
	at org.junit.jupiter.engine.execution.InterceptingExecutableInvoker.invoke(InterceptingExecutableInvoker.java:92)
	at org.junit.jupiter.engine.execution.InterceptingExecutableInvoker.invoke(InterceptingExecutableInvoker.java:86)
	at org.junit.jupiter.engine.descriptor.TestMethodTestDescriptor.lambda$invokeTestMethod$8(TestMethodTestDescriptor.java:217)
	at org.junit.platform.engine.support.hierarchical.ThrowableCollector.execute(ThrowableCollector.java:73)
	at org.junit.jupiter.engine.descriptor.TestMethodTestDescriptor.invokeTestMethod(TestMethodTestDescriptor.java:213)
	at org.junit.jupiter.engine.descriptor.TestMethodTestDescriptor.execute(TestMethodTestDescriptor.java:138)
	at org.junit.jupiter.engine.descriptor.TestMethodTestDescriptor.execute(TestMethodTestDescriptor.java:68)
	at org.junit.platform.engine.support.hierarchical.NodeTestTask.lambda$executeRecursively$6(NodeTestTask.java:156)
	at org.junit.platform.engine.support.hierarchical.ThrowableCollector.execute(ThrowableCollector.java:73)
	at org.junit.platform.engine.support.hierarchical.NodeTestTask.lambda$executeRecursively$8(NodeTestTask.java:146)
	at org.junit.platform.engine.support.hierarchical.Node.around(Node.java:137)
	at org.junit.platform.engine.support.hierarchical.NodeTestTask.lambda$executeRecursively$9(NodeTestTask.java:144)
	at org.junit.platform.engine.support.hierarchical.ThrowableCollector.execute(ThrowableCollector.java:73)
	at org.junit.platform.engine.support.hierarchical.NodeTestTask.executeRecursively(NodeTestTask.java:143)
	at org.junit.platform.engine.support.hierarchical.NodeTestTask.execute(NodeTestTask.java:100)
	at org.junit.platform.engine.support.hierarchical.ForkJoinPoolHierarchicalTestExecutorService$ExclusiveTask.exec(ForkJoinPoolHierarchicalTestExecutorService.java:274)
	at org.junit.platform.engine.support.hierarchical.ForkJoinPoolHierarchicalTestExecutorService$ExclusiveTask.execSync(ForkJoinPoolHierarchicalTestExecutorService.java:247)
	at org.junit.platform.engine.support.hierarchical.ForkJoinPoolHierarchicalTestExecutorService.submit(ForkJoinPoolHierarchicalTestExecutorService.java:148)
	at org.junit.platform.engine.support.hierarchical.NodeTestTask$DefaultDynamicTestExecutor.execute(NodeTestTask.java:231)
	at org.junit.platform.engine.support.hierarchical.NodeTestTask$DefaultDynamicTestExecutor.execute(NodeTestTask.java:209)
	at org.junit.jupiter.engine.descriptor.TestTemplateTestDescriptor.execute(TestTemplateTestDescriptor.java:141)
	at org.junit.jupiter.engine.descriptor.TestTemplateTestDescriptor.lambda$execute$3(TestTemplateTestDescriptor.java:109)
	at java.base/java.util.stream.ForEachOps$ForEachOp$OfRef.accept(ForEachOps.java:184)
	at java.base/java.util.stream.ReferencePipeline$3$1.accept(ReferencePipeline.java:197)
	at java.base/java.util.stream.ReferencePipeline$2$1.accept(ReferencePipeline.java:179)
	at java.base/java.util.stream.ReferencePipeline$3$1.accept(ReferencePipeline.java:197)
	at java.base/java.util.stream.ForEachOps$ForEachOp$OfRef.accept(ForEachOps.java:184)
	at java.base/java.util.stream.ReferencePipeline$3$1.accept(ReferencePipeline.java:197)
	at java.base/java.util.stream.ForEachOps$ForEachOp$OfRef.accept(ForEachOps.java:184)
	at java.base/java.util.stream.ForEachOps$ForEachOp$OfRef.accept(ForEachOps.java:184)
	at java.base/java.util.stream.ReferencePipeline$3$1.accept(ReferencePipeline.java:197)
	at java.base/java.util.stream.ForEachOps$ForEachOp$OfRef.accept(ForEachOps.java:184)
	at java.base/java.util.Spliterators$ArraySpliterator.forEachRemaining(Spliterators.java:1024)
	at java.base/java.util.stream.ReferencePipeline$Head.forEach(ReferencePipeline.java:762)
	at java.base/java.util.stream.ReferencePipeline$7$1.accept(ReferencePipeline.java:276)
	at java.base/java.util.Iterator.forEachRemaining(Iterator.java:133)
	at java.base/java.util.Spliterators$IteratorSpliterator.forEachRemaining(Spliterators.java:1939)
	at java.base/java.util.stream.AbstractPipeline.copyInto(AbstractPipeline.java:509)
	at java.base/java.util.stream.AbstractPipeline.wrapAndCopyInto(AbstractPipeline.java:499)
	at java.base/java.util.stream.ForEachOps$ForEachOp.evaluateSequential(ForEachOps.java:151)
	at java.base/java.util.stream.ForEachOps$ForEachOp$OfRef.evaluateSequential(ForEachOps.java:174)
	at java.base/java.util.stream.AbstractPipeline.evaluate(AbstractPipeline.java:234)
	at java.base/java.util.stream.ReferencePipeline.forEach(ReferencePipeline.java:596)
	at java.base/java.util.stream.ReferencePipeline$7$1.accept(ReferencePipeline.java:276)
	at java.base/java.util.stream.ReferencePipeline$3$1.accept(ReferencePipeline.java:197)
	at java.base/java.util.stream.ReferencePipeline$3$1.accept(ReferencePipeline.java:197)
	at java.base/java.util.stream.ReferencePipeline$3$1.accept(ReferencePipeline.java:197)
	at java.base/java.util.Spliterators$ArraySpliterator.forEachRemaining(Spliterators.java:1024)
	at java.base/java.util.stream.AbstractPipeline.copyInto(AbstractPipeline.java:509)
	at java.base/java.util.stream.AbstractPipeline.wrapAndCopyInto(AbstractPipeline.java:499)
	at java.base/java.util.stream.ForEachOps$ForEachOp.evaluateSequential(ForEachOps.java:151)
	at java.base/java.util.stream.ForEachOps$ForEachOp$OfRef.evaluateSequential(ForEachOps.java:174)
	at java.base/java.util.stream.AbstractPipeline.evaluate(AbstractPipeline.java:234)
	at java.base/java.util.stream.ReferencePipeline.forEach(ReferencePipeline.java:596)
	at java.base/java.util.stream.ReferencePipeline$7$1.accept(ReferencePipeline.java:276)
	at java.base/java.util.ArrayList$ArrayListSpliterator.forEachRemaining(ArrayList.java:1708)
	at java.base/java.util.stream.AbstractPipeline.copyInto(AbstractPipeline.java:509)
	at java.base/java.util.stream.AbstractPipeline.wrapAndCopyInto(AbstractPipeline.java:499)
	at java.base/java.util.stream.ForEachOps$ForEachOp.evaluateSequential(ForEachOps.java:151)
	at java.base/java.util.stream.ForEachOps$ForEachOp$OfRef.evaluateSequential(ForEachOps.java:174)
	at java.base/java.util.stream.AbstractPipeline.evaluate(AbstractPipeline.java:234)
	at java.base/java.util.stream.ReferencePipeline.forEach(ReferencePipeline.java:596)
	at java.base/java.util.stream.ReferencePipeline$7$1.accept(ReferencePipeline.java:276)
	at java.base/java.util.stream.ReferencePipeline$3$1.accept(ReferencePipeline.java:197)
	at java.base/java.util.stream.ReferencePipeline$3$1.accept(ReferencePipeline.java:197)
	at java.base/java.util.stream.ReferencePipeline$3$1.accept(ReferencePipeline.java:197)
	at java.base/java.util.ArrayList$ArrayListSpliterator.forEachRemaining(ArrayList.java:1708)
	at java.base/java.util.stream.AbstractPipeline.copyInto(AbstractPipeline.java:509)
	at java.base/java.util.stream.AbstractPipeline.wrapAndCopyInto(AbstractPipeline.java:499)
	at java.base/java.util.stream.ForEachOps$ForEachOp.evaluateSequential(ForEachOps.java:151)
	at java.base/java.util.stream.ForEachOps$ForEachOp$OfRef.evaluateSequential(ForEachOps.java:174)
	at java.base/java.util.stream.AbstractPipeline.evaluate(AbstractPipeline.java:234)
	at java.base/java.util.stream.ReferencePipeline.forEach(ReferencePipeline.java:596)
	at java.base/java.util.stream.ReferencePipeline$7$1.accept(ReferencePipeline.java:276)
	at java.base/java.util.ArrayList$ArrayListSpliterator.forEachRemaining(ArrayList.java:1708)
	at java.base/java.util.stream.AbstractPipeline.copyInto(AbstractPipeline.java:509)
	at java.base/java.util.stream.AbstractPipeline.wrapAndCopyInto(AbstractPipeline.java:499)
	at java.base/java.util.stream.ForEachOps$ForEachOp.evaluateSequential(ForEachOps.java:151)
	at java.base/java.util.stream.ForEachOps$ForEachOp$OfRef.evaluateSequential(ForEachOps.java:174)
	at java.base/java.util.stream.AbstractPipeline.evaluate(AbstractPipeline.java:234)
	at java.base/java.util.stream.ReferencePipeline.forEach(ReferencePipeline.java:596)
	at org.junit.jupiter.engine.descriptor.TestTemplateTestDescriptor.execute(TestTemplateTestDescriptor.java:109)
	at org.junit.jupiter.engine.descriptor.TestTemplateTestDescriptor.execute(TestTemplateTestDescriptor.java:43)
	at org.junit.platform.engine.support.hierarchical.NodeTestTask.lambda$executeRecursively$6(NodeTestTask.java:156)
	at org.junit.platform.engine.support.hierarchical.ThrowableCollector.execute(ThrowableCollector.java:73)
	at org.junit.platform.engine.support.hierarchical.NodeTestTask.lambda$executeRecursively$8(NodeTestTask.java:146)
	at org.junit.platform.engine.support.hierarchical.Node.around(Node.java:137)
	at org.junit.platform.engine.support.hierarchical.NodeTestTask.lambda$executeRecursively$9(NodeTestTask.java:144)
	at org.junit.platform.engine.support.hierarchical.ThrowableCollector.execute(ThrowableCollector.java:73)
	at org.junit.platform.engine.support.hierarchical.NodeTestTask.executeRecursively(NodeTestTask.java:143)
	at org.junit.platform.engine.support.hierarchical.NodeTestTask.execute(NodeTestTask.java:100)
	at org.junit.platform.engine.support.hierarchical.ForkJoinPoolHierarchicalTestExecutorService$ExclusiveTask.exec(ForkJoinPoolHierarchicalTestExecutorService.java:274)
	at org.junit.platform.engine.support.hierarchical.ForkJoinPoolHierarchicalTestExecutorService$ExclusiveTask.execSync(ForkJoinPoolHierarchicalTestExecutorService.java:247)
	at org.junit.platform.engine.support.hierarchical.ForkJoinPoolHierarchicalTestExecutorService.executeSync(ForkJoinPoolHierarchicalTestExecutorService.java:194)
	at org.junit.platform.engine.support.hierarchical.ForkJoinPoolHierarchicalTestExecutorService.invokeAll(ForkJoinPoolHierarchicalTestExecutorService.java:166)
	at org.junit.platform.engine.support.hierarchical.NodeTestTask.lambda$executeRecursively$6(NodeTestTask.java:160)
	at org.junit.platform.engine.support.hierarchical.ThrowableCollector.execute(ThrowableCollector.java:73)
	at org.junit.platform.engine.support.hierarchical.NodeTestTask.lambda$executeRecursively$8(NodeTestTask.java:146)
	at org.junit.platform.engine.support.hierarchical.Node.around(Node.java:137)
	at org.junit.platform.engine.support.hierarchical.NodeTestTask.lambda$executeRecursively$9(NodeTestTask.java:144)
	at org.junit.platform.engine.support.hierarchical.ThrowableCollector.execute(ThrowableCollector.java:73)
	at org.junit.platform.engine.support.hierarchical.NodeTestTask.executeRecursively(NodeTestTask.java:143)
	at org.junit.platform.engine.support.hierarchical.NodeTestTask.execute(NodeTestTask.java:100)
	at org.junit.platform.engine.support.hierarchical.ForkJoinPoolHierarchicalTestExecutorService$ExclusiveTask.exec(ForkJoinPoolHierarchicalTestExecutorService.java:274)
	at java.base/java.util.concurrent.ForkJoinTask.doExec(ForkJoinTask.java:387)
	at java.base/java.util.concurrent.ForkJoinPool$WorkQueue.topLevelExec(ForkJoinPool.java:1312)
	at java.base/java.util.concurrent.ForkJoinPool.scan(ForkJoinPool.java:1843)
	at java.base/java.util.concurrent.ForkJoinPool.runWorker(ForkJoinPool.java:1808)
	at java.base/java.util.concurrent.ForkJoinWorkerThread.run(ForkJoinWorkerThread.java:188)
    23:48:49.672 | 463 ool-1-worker-227 | DEBUG | .c.s.m.InstanceMessageReceiveService : Received schedule participant score for exercise 3206 and participant 773 (result to be deleted: null)
    23:48:49.673 | 463 ool-1-worker-227 | DEBUG | .a.s.ParticipantScoreScheduleService : Scheduled task for exercise 3206 and participant 773 at 2025-02-14T23:48:49.773013117Z[Etc/UTC].
    23:48:49.673 | 463 ool-1-worker-227 | DEBUG | .a.a.p.s.ProgrammingMessagingService : Send result to client over websocket. Result: Result{id772, completionDate=2025-02-14T23:48:49.648253700Z, successful=false, score=0.0, rated=true, assessmentType=AUTOMATIC, hasComplaint=null, testCaseCount=0, passedTestCaseCount=0, codeIssueCount=0}, Submission: ProgrammingSubmission{commitHash='9b3a9bd71a0d80e5bbc42204c319ed3d1d4f0d6d', buildFailed=true, buildArtifact=false, type=MANUAL}, Participation: ProgrammingExerciseStudentParticipation{id=3911, repositoryUri='https://version-control.fake.fake/git/SHORT26A41DF10E1140435A0B03807102B01D7B3ATSTEXC/short26a41df10e1140435a0b03807102b01d7b3atstexc-progsubresgitlabjenstudent1.git', buildPlanId='SHORT26A41DF10E1140435A0B03807102B01D7B3ATSTEXC-PROGSUBRESGITLABJENSTUDENT1', initializationState='INITIALIZED', initializationDate='2025-02-14T23:48:49.646625Z', individualDueDate=null', presentationScore=null}
    23:48:49.676 | 463 ool-1-worker-227 | INFO  | d.t.c.a.a.a.w.o.PublicResultResource : The new result for SHORT26A41DF10E1140435A0B03807102B01D7B3ATSTEXC-PROGSUBRESGITLABJENSTUDENT1 was saved successfully
    23:48:49.679 | 463 ool-1-worker-227 | DEBUG | d.t.c.a.a.c.s.f.ApiVersionFilter     : Adding Version to Request GET /api/repository/3911/buildlogs
    23:48:49.679 | 463 ool-1-worker-227 | DEBUG | rammingExerciseParticipationResource : REST request to get build log : 3911

  Starting logs for ProgrammingSubmissionAndResultGitlabJenkinsIntegrationTest > shouldSaveBuildLogsOnStudentParticipationWithoutSubmissionNorResult(ProgrammingLanguage, boolean) [4] programmingLanguage=TYPESCRIPT, enableStaticCodeAnalysis=false
    23:48:49.692 | 463 ool-1-worker-227 | DEBUG | d.t.c.a.a.c.u.util.UserUtilService   : Generate 3 students...
    23:48:49.696 | 463 ool-1-worker-227 | DEBUG | d.t.c.a.a.c.u.util.UserUtilService   : 3 students generated. Generate 2 tutors...
    23:48:49.699 | 463 ool-1-worker-227 | DEBUG | d.t.c.a.a.c.u.util.UserUtilService   : 2 tutors generated. Generate 0 editors...
    23:48:49.700 | 463 ool-1-worker-227 | DEBUG | d.t.c.a.a.c.u.util.UserUtilService   : 0 editors generated. Generate 2 instructors...
    23:48:49.703 | 463 ool-1-worker-227 | DEBUG | d.t.c.a.a.c.u.util.UserUtilService   : 2 instructors generated
    23:48:49.704 | 463 ool-1-worker-227 | DEBUG | d.t.c.a.a.c.u.util.UserUtilService   : Removing 7 users from all courses...
    23:48:49.705 | 463 ool-1-worker-227 | DEBUG | d.t.c.a.a.c.u.util.UserUtilService   : Removing 7 users from all courses. Done
    23:48:49.705 | 463 ool-1-worker-227 | DEBUG | d.t.c.a.a.c.u.util.UserUtilService   : Save 7 users to database...
    23:48:49.708 | 463 ool-1-worker-227 | DEBUG | d.t.c.a.a.c.u.util.UserUtilService   : Save 7 users to database. Done
    23:48:49.722 | 463 ool-1-worker-227 | DEBUG | PersonalAccessTokenManagementService : Generate secure vcs access token
    23:48:49.725 | 463 ool-1-worker-227 | DEBUG | PersonalAccessTokenManagementService : Generate secure vcs access token
    23:48:49.727 | 463 ool-1-worker-227 | INFO  | i.z.t.d.l.EmbeddedDatabaseReporter   : JDBC URL to connect to 'dataSource': url='jdbc:h2:tcp://localhost:41063/mem:736625c0-cf5e-400d-aeaa-8a7eabd6262b;USER=sa', scope='ProgrammingSubmissionAndResultGitlabJenkinsIntegrationTest#shouldSaveBuildLogsOnStudentParticipationWithoutSubmissionNorResult'
    23:48:49.739 | 463 ool-1-worker-227 | DEBUG | PersonalAccessTokenManagementService : Generate secure vcs access token
    23:48:49.743 | 463 ool-1-worker-227 | DEBUG | d.t.c.a.a.c.s.f.ApiVersionFilter     : Adding Version to Request POST /api/public/programming-exercises/new-result
    23:48:49.743 | 463 ool-1-worker-227 | DEBUG | d.t.c.a.a.a.w.o.PublicResultResource : Received result notify (NEW)
    23:48:49.745 | 463 ool-1-worker-227 | INFO  | d.t.c.a.a.a.w.o.PublicResultResource : Artemis received a new result for build plan SHORT238A5A9D014F504CC309BAC02EDE1711B74CTSTEXC-PROGSUBRESGITLABJENSTUDENT1
    23:48:49.747 | 463 ool-1-worker-227 | DEBUG | .s.ProgrammingExerciseGradingService : Received new build result (NEW) for participation 3918
    23:48:49.750 | 463 ool-1-worker-227 | WARN  | .s.ProgrammingExerciseGradingService : Could not find pending ProgrammingSubmission for Commit Hash 9b3a9bd71a0d80e5bbc42204c319ed3d1d4f0d6d (Participation 3918, Build Plan SHORT238A5A9D014F504CC309BAC02EDE1711B74CTSTEXC-PROGSUBRESGITLABJENSTUDENT1). Will create a new one subsequently...
    23:48:49.750 | 463 ool-1-worker-227 | ERROR | .s.ProgrammingExerciseGradingService : Could not retrieve push date for participation 3918 and build plan SHORT238A5A9D014F504CC309BAC02EDE1711B74CTSTEXC-PROGSUBRESGITLABJENSTUDENT1
de.tum.cit.aet.artemis.programming.service.gitlab.GitLabException: Could not find build queue date for participation 3918
	at de.tum.cit.aet.artemis.programming.service.gitlab.GitLabService.getPushDate(GitLabService.java:369)
	at de.tum.cit.aet.artemis.programming.service.gitlab.GitLabService.getPushDate(GitLabService.java:358)
	at de.tum.cit.aet.artemis.programming.service.ProgrammingExerciseGradingService.createAndSaveFallbackSubmission(ProgrammingExerciseGradingService.java:286)
	at de.tum.cit.aet.artemis.programming.service.ProgrammingExerciseGradingService.createAndSaveFallbackSubmission(ProgrammingExerciseGradingService.java:272)
	at de.tum.cit.aet.artemis.programming.service.ProgrammingExerciseGradingService.lambda$processNewProgrammingExerciseResult$0(ProgrammingExerciseGradingService.java:177)
	at java.base/java.util.Optional.orElseGet(Optional.java:364)
	at de.tum.cit.aet.artemis.programming.service.ProgrammingExerciseGradingService.processNewProgrammingExerciseResult(ProgrammingExerciseGradingService.java:177)
	at de.tum.cit.aet.artemis.programming.service.ProgrammingExerciseGradingService.processNewProgrammingExerciseResult(ProgrammingExerciseGradingService.java:156)
	at de.tum.cit.aet.artemis.assessment.web.open.PublicResultResource.processNewProgrammingExerciseResult(PublicResultResource.java:113)
	at java.base/jdk.internal.reflect.DirectMethodHandleAccessor.invoke(DirectMethodHandleAccessor.java:103)
	at java.base/java.lang.reflect.Method.invoke(Method.java:580)
	at org.springframework.aop.support.AopUtils.invokeJoinpointUsingReflection(AopUtils.java:359)
	at org.springframework.aop.framework.ReflectiveMethodInvocation.invokeJoinpoint(ReflectiveMethodInvocation.java:196)
	at org.springframework.aop.framework.ReflectiveMethodInvocation.proceed(ReflectiveMethodInvocation.java:163)
	at org.springframework.security.authorization.method.AuthorizationManagerBeforeMethodInterceptor.proceed(AuthorizationManagerBeforeMethodInterceptor.java:268)
	at org.springframework.security.authorization.method.AuthorizationManagerBeforeMethodInterceptor.attemptAuthorization(AuthorizationManagerBeforeMethodInterceptor.java:263)
	at org.springframework.security.authorization.method.AuthorizationManagerBeforeMethodInterceptor.invoke(AuthorizationManagerBeforeMethodInterceptor.java:196)
	at org.springframework.security.config.annotation.method.configuration.DeferringMethodInterceptor.invoke(DeferringMethodInterceptor.java:44)
	at org.springframework.aop.framework.ReflectiveMethodInvocation.proceed(ReflectiveMethodInvocation.java:184)
	at org.springframework.aop.framework.CglibAopProxy$DynamicAdvisedInterceptor.intercept(CglibAopProxy.java:727)
	at de.tum.cit.aet.artemis.assessment.web.open.PublicResultResource$$SpringCGLIB$$0.processNewProgrammingExerciseResult(<generated>)
	at java.base/jdk.internal.reflect.DirectMethodHandleAccessor.invoke(DirectMethodHandleAccessor.java:103)
	at java.base/java.lang.reflect.Method.invoke(Method.java:580)
	at org.springframework.web.method.support.InvocableHandlerMethod.doInvoke(InvocableHandlerMethod.java:257)
	at org.springframework.web.method.support.InvocableHandlerMethod.invokeForRequest(InvocableHandlerMethod.java:190)
	at org.springframework.web.servlet.mvc.method.annotation.ServletInvocableHandlerMethod.invokeAndHandle(ServletInvocableHandlerMethod.java:118)
	at org.springframework.web.servlet.mvc.method.annotation.RequestMappingHandlerAdapter.invokeHandlerMethod(RequestMappingHandlerAdapter.java:986)
	at org.springframework.web.servlet.mvc.method.annotation.RequestMappingHandlerAdapter.handleInternal(RequestMappingHandlerAdapter.java:891)
	at org.springframework.web.servlet.mvc.method.AbstractHandlerMethodAdapter.handle(AbstractHandlerMethodAdapter.java:87)
	at org.springframework.web.servlet.DispatcherServlet.doDispatch(DispatcherServlet.java:1088)
	at org.springframework.web.servlet.DispatcherServlet.doService(DispatcherServlet.java:978)
	at org.springframework.web.servlet.FrameworkServlet.processRequest(FrameworkServlet.java:1014)
	at org.springframework.web.servlet.FrameworkServlet.doPost(FrameworkServlet.java:914)
	at jakarta.servlet.http.HttpServlet.service(HttpServlet.java:547)
	at org.springframework.web.servlet.FrameworkServlet.service(FrameworkServlet.java:885)
	at org.springframework.test.web.servlet.TestDispatcherServlet.service(TestDispatcherServlet.java:72)
	at jakarta.servlet.http.HttpServlet.service(HttpServlet.java:614)
	at org.springframework.mock.web.MockFilterChain$ServletFilterProxy.doFilter(MockFilterChain.java:165)
	at org.springframework.mock.web.MockFilterChain.doFilter(MockFilterChain.java:132)
	at org.springframework.web.filter.OncePerRequestFilter.doFilter(OncePerRequestFilter.java:110)
	at org.springframework.test.web.servlet.setup.MockMvcFilterDecorator.doFilter(MockMvcFilterDecorator.java:162)
	at org.springframework.mock.web.MockFilterChain.doFilter(MockFilterChain.java:132)
	at de.tum.cit.aet.artemis.core.security.filter.ApiVersionFilter.doFilter(ApiVersionFilter.java:55)
	at org.springframework.test.web.servlet.setup.MockMvcFilterDecorator.doFilter(MockMvcFilterDecorator.java:162)
	at org.springframework.mock.web.MockFilterChain.doFilter(MockFilterChain.java:132)
	at io.sentry.spring.jakarta.SentryUserFilter.doFilterInternal(SentryUserFilter.java:56)
	at org.springframework.web.filter.OncePerRequestFilter.doFilter(OncePerRequestFilter.java:116)
	at org.springframework.test.web.servlet.setup.MockMvcFilterDecorator.doFilter(MockMvcFilterDecorator.java:162)
	at org.springframework.mock.web.MockFilterChain.doFilter(MockFilterChain.java:132)
	at org.springframework.web.filter.CompositeFilter$VirtualFilterChain.doFilter(CompositeFilter.java:108)
	at org.springframework.security.web.FilterChainProxy.lambda$doFilterInternal$3(FilterChainProxy.java:231)
	at org.springframework.security.web.ObservationFilterChainDecorator$FilterObservation$SimpleFilterObservation.lambda$wrap$1(ObservationFilterChainDecorator.java:479)
	at org.springframework.security.web.ObservationFilterChainDecorator$AroundFilterObservation$SimpleAroundFilterObservation.lambda$wrap$1(ObservationFilterChainDecorator.java:340)
	at org.springframework.security.web.ObservationFilterChainDecorator.lambda$wrapSecured$0(ObservationFilterChainDecorator.java:82)
	at org.springframework.security.web.ObservationFilterChainDecorator$VirtualFilterChain.doFilter(ObservationFilterChainDecorator.java:128)
	at org.springframework.security.web.access.intercept.AuthorizationFilter.doFilter(AuthorizationFilter.java:101)
	at org.springframework.security.web.ObservationFilterChainDecorator$ObservationFilter.wrapFilter(ObservationFilterChainDecorator.java:240)
	at org.springframework.security.web.ObservationFilterChainDecorator$ObservationFilter.doFilter(ObservationFilterChainDecorator.java:227)
	at org.springframework.security.web.ObservationFilterChainDecorator$VirtualFilterChain.doFilter(ObservationFilterChainDecorator.java:137)
	at org.springframework.security.web.access.ExceptionTranslationFilter.doFilter(ExceptionTranslationFilter.java:126)
	at org.springframework.security.web.access.ExceptionTranslationFilter.doFilter(ExceptionTranslationFilter.java:120)
	at org.springframework.security.web.ObservationFilterChainDecorator$ObservationFilter.wrapFilter(ObservationFilterChainDecorator.java:240)
	at org.springframework.security.web.ObservationFilterChainDecorator$ObservationFilter.doFilter(ObservationFilterChainDecorator.java:227)
	at org.springframework.security.web.ObservationFilterChainDecorator$VirtualFilterChain.doFilter(ObservationFilterChainDecorator.java:137)
	at org.springframework.security.web.session.SessionManagementFilter.doFilter(SessionManagementFilter.java:131)
	at org.springframework.security.web.session.SessionManagementFilter.doFilter(SessionManagementFilter.java:85)
	at org.springframework.security.web.ObservationFilterChainDecorator$ObservationFilter.wrapFilter(ObservationFilterChainDecorator.java:240)
	at org.springframework.security.web.ObservationFilterChainDecorator$ObservationFilter.doFilter(ObservationFilterChainDecorator.java:227)
	at org.springframework.security.web.ObservationFilterChainDecorator$VirtualFilterChain.doFilter(ObservationFilterChainDecorator.java:137)
	at org.springframework.security.web.authentication.AnonymousAuthenticationFilter.doFilter(AnonymousAuthenticationFilter.java:100)
	at org.springframework.security.web.ObservationFilterChainDecorator$ObservationFilter.wrapFilter(ObservationFilterChainDecorator.java:240)
	at org.springframework.security.web.ObservationFilterChainDecorator$ObservationFilter.doFilter(ObservationFilterChainDecorator.java:227)
	at org.springframework.security.web.ObservationFilterChainDecorator$VirtualFilterChain.doFilter(ObservationFilterChainDecorator.java:137)
	at org.springframework.security.web.servletapi.SecurityContextHolderAwareRequestFilter.doFilter(SecurityContextHolderAwareRequestFilter.java:179)
	at org.springframework.security.web.ObservationFilterChainDecorator$ObservationFilter.wrapFilter(ObservationFilterChainDecorator.java:240)
	at org.springframework.security.web.ObservationFilterChainDecorator$ObservationFilter.doFilter(ObservationFilterChainDecorator.java:227)
	at org.springframework.security.web.ObservationFilterChainDecorator$VirtualFilterChain.doFilter(ObservationFilterChainDecorator.java:137)
	at org.springframework.security.web.savedrequest.RequestCacheAwareFilter.doFilter(RequestCacheAwareFilter.java:63)
	at org.springframework.security.web.ObservationFilterChainDecorator$ObservationFilter.wrapFilter(ObservationFilterChainDecorator.java:240)
	at org.springframework.security.web.ObservationFilterChainDecorator$ObservationFilter.doFilter(ObservationFilterChainDecorator.java:227)
	at org.springframework.security.web.ObservationFilterChainDecorator$VirtualFilterChain.doFilter(ObservationFilterChainDecorator.java:137)
	at de.tum.cit.aet.artemis.core.security.filter.SpaWebFilter.doFilterInternal(SpaWebFilter.java:23)
	at org.springframework.web.filter.OncePerRequestFilter.doFilter(OncePerRequestFilter.java:116)
	at org.springframework.security.web.ObservationFilterChainDecorator$ObservationFilter.wrapFilter(ObservationFilterChainDecorator.java:240)
	at org.springframework.security.web.ObservationFilterChainDecorator$ObservationFilter.doFilter(ObservationFilterChainDecorator.java:227)
	at org.springframework.security.web.ObservationFilterChainDecorator$VirtualFilterChain.doFilter(ObservationFilterChainDecorator.java:137)
	at org.springframework.web.filter.OncePerRequestFilter.doFilter(OncePerRequestFilter.java:110)
	at org.springframework.security.web.ObservationFilterChainDecorator$ObservationFilter.wrapFilter(ObservationFilterChainDecorator.java:240)
	at org.springframework.security.web.ObservationFilterChainDecorator$ObservationFilter.doFilter(ObservationFilterChainDecorator.java:227)
	at org.springframework.security.web.ObservationFilterChainDecorator$VirtualFilterChain.doFilter(ObservationFilterChainDecorator.java:137)
	at de.tum.cit.aet.artemis.lti.config.Lti13LaunchFilter.doFilterInternal(Lti13LaunchFilter.java:60)
	at org.springframework.web.filter.OncePerRequestFilter.doFilter(OncePerRequestFilter.java:116)
	at org.springframework.security.web.ObservationFilterChainDecorator$ObservationFilter.wrapFilter(ObservationFilterChainDecorator.java:240)
	at org.springframework.security.web.ObservationFilterChainDecorator$ObservationFilter.doFilter(ObservationFilterChainDecorator.java:227)
	at org.springframework.security.web.ObservationFilterChainDecorator$VirtualFilterChain.doFilter(ObservationFilterChainDecorator.java:137)
	at de.tum.cit.aet.artemis.core.security.jwt.JWTFilter.doFilter(JWTFilter.java:55)
	at org.springframework.security.web.ObservationFilterChainDecorator$ObservationFilter.wrapFilter(ObservationFilterChainDecorator.java:240)
	at org.springframework.security.web.ObservationFilterChainDecorator$ObservationFilter.doFilter(ObservationFilterChainDecorator.java:227)
	at org.springframework.security.web.ObservationFilterChainDecorator$VirtualFilterChain.doFilter(ObservationFilterChainDecorator.java:137)
	at de.tum.cit.aet.artemis.core.security.jwt.JWTFilter.doFilter(JWTFilter.java:55)
	at org.springframework.security.web.ObservationFilterChainDecorator$ObservationFilter.wrapFilter(ObservationFilterChainDecorator.java:240)
	at org.springframework.security.web.ObservationFilterChainDecorator$ObservationFilter.doFilter(ObservationFilterChainDecorator.java:227)
	at org.springframework.security.web.ObservationFilterChainDecorator$VirtualFilterChain.doFilter(ObservationFilterChainDecorator.java:137)
	at org.springframework.web.filter.CorsFilter.doFilterInternal(CorsFilter.java:91)
	at org.springframework.web.filter.OncePerRequestFilter.doFilter(OncePerRequestFilter.java:116)
	at org.springframework.security.web.ObservationFilterChainDecorator$ObservationFilter.wrapFilter(ObservationFilterChainDecorator.java:240)
	at org.springframework.security.web.ObservationFilterChainDecorator$ObservationFilter.doFilter(ObservationFilterChainDecorator.java:227)
	at org.springframework.security.web.ObservationFilterChainDecorator$VirtualFilterChain.doFilter(ObservationFilterChainDecorator.java:137)
	at org.springframework.web.filter.OncePerRequestFilter.doFilter(OncePerRequestFilter.java:110)
	at org.springframework.security.web.ObservationFilterChainDecorator$ObservationFilter.wrapFilter(ObservationFilterChainDecorator.java:240)
	at org.springframework.security.web.ObservationFilterChainDecorator$ObservationFilter.doFilter(ObservationFilterChainDecorator.java:227)
	at org.springframework.security.web.ObservationFilterChainDecorator$VirtualFilterChain.doFilter(ObservationFilterChainDecorator.java:137)
	at uk.ac.ox.ctl.lti13.security.oauth2.client.lti.web.OAuth2AuthorizationRequestRedirectFilter.doFilterInternal(OAuth2AuthorizationRequestRedirectFilter.java:142)
	at org.springframework.web.filter.OncePerRequestFilter.doFilter(OncePerRequestFilter.java:116)
	at org.springframework.security.web.ObservationFilterChainDecorator$ObservationFilter.wrapFilter(ObservationFilterChainDecorator.java:240)
	at org.springframework.security.web.ObservationFilterChainDecorator$ObservationFilter.doFilter(ObservationFilterChainDecorator.java:227)
	at org.springframework.security.web.ObservationFilterChainDecorator$VirtualFilterChain.doFilter(ObservationFilterChainDecorator.java:137)
	at org.springframework.security.web.authentication.logout.LogoutFilter.doFilter(LogoutFilter.java:107)
	at org.springframework.security.web.authentication.logout.LogoutFilter.doFilter(LogoutFilter.java:93)
	at org.springframework.security.web.ObservationFilterChainDecorator$ObservationFilter.wrapFilter(ObservationFilterChainDecorator.java:240)
	at org.springframework.security.web.ObservationFilterChainDecorator$ObservationFilter.doFilter(ObservationFilterChainDecorator.java:227)
	at org.springframework.security.web.ObservationFilterChainDecorator$VirtualFilterChain.doFilter(ObservationFilterChainDecorator.java:137)
	at org.springframework.security.web.header.HeaderWriterFilter.doHeadersAfter(HeaderWriterFilter.java:90)
	at org.springframework.security.web.header.HeaderWriterFilter.doFilterInternal(HeaderWriterFilter.java:75)
	at org.springframework.web.filter.OncePerRequestFilter.doFilter(OncePerRequestFilter.java:116)
	at org.springframework.security.web.ObservationFilterChainDecorator$ObservationFilter.wrapFilter(ObservationFilterChainDecorator.java:240)
	at org.springframework.security.web.ObservationFilterChainDecorator$ObservationFilter.doFilter(ObservationFilterChainDecorator.java:227)
	at org.springframework.security.web.ObservationFilterChainDecorator$VirtualFilterChain.doFilter(ObservationFilterChainDecorator.java:137)
	at org.springframework.security.web.context.SecurityContextHolderFilter.doFilter(SecurityContextHolderFilter.java:82)
	at org.springframework.security.web.context.SecurityContextHolderFilter.doFilter(SecurityContextHolderFilter.java:69)
	at org.springframework.security.web.ObservationFilterChainDecorator$ObservationFilter.wrapFilter(ObservationFilterChainDecorator.java:240)
	at org.springframework.security.web.ObservationFilterChainDecorator$ObservationFilter.doFilter(ObservationFilterChainDecorator.java:227)
	at org.springframework.security.web.ObservationFilterChainDecorator$VirtualFilterChain.doFilter(ObservationFilterChainDecorator.java:137)
	at org.springframework.security.web.context.request.async.WebAsyncManagerIntegrationFilter.doFilterInternal(WebAsyncManagerIntegrationFilter.java:62)
	at org.springframework.web.filter.OncePerRequestFilter.doFilter(OncePerRequestFilter.java:116)
	at org.springframework.security.web.ObservationFilterChainDecorator$ObservationFilter.wrapFilter(ObservationFilterChainDecorator.java:240)
	at org.springframework.security.web.ObservationFilterChainDecorator$ObservationFilter.doFilter(ObservationFilterChainDecorator.java:227)
	at org.springframework.security.web.ObservationFilterChainDecorator$VirtualFilterChain.doFilter(ObservationFilterChainDecorator.java:137)
	at org.springframework.security.web.session.DisableEncodeUrlFilter.doFilterInternal(DisableEncodeUrlFilter.java:42)
	at org.springframework.web.filter.OncePerRequestFilter.doFilter(OncePerRequestFilter.java:116)
	at org.springframework.security.web.ObservationFilterChainDecorator$ObservationFilter.wrapFilter(ObservationFilterChainDecorator.java:240)
	at org.springframework.security.web.ObservationFilterChainDecorator$AroundFilterObservation$SimpleAroundFilterObservation.lambda$wrap$0(ObservationFilterChainDecorator.java:323)
	at org.springframework.security.web.ObservationFilterChainDecorator$ObservationFilter.doFilter(ObservationFilterChainDecorator.java:224)
	at org.springframework.security.web.ObservationFilterChainDecorator$VirtualFilterChain.doFilter(ObservationFilterChainDecorator.java:137)
	at org.springframework.security.web.FilterChainProxy.doFilterInternal(FilterChainProxy.java:233)
	at org.springframework.security.web.FilterChainProxy.doFilter(FilterChainProxy.java:191)
	at org.springframework.web.filter.CompositeFilter$VirtualFilterChain.doFilter(CompositeFilter.java:113)
	at org.springframework.web.servlet.handler.HandlerMappingIntrospector.lambda$createCacheFilter$3(HandlerMappingIntrospector.java:243)
	at org.springframework.web.filter.CompositeFilter$VirtualFilterChain.doFilter(CompositeFilter.java:113)
	at org.springframework.web.filter.CompositeFilter.doFilter(CompositeFilter.java:74)
	at org.springframework.security.config.annotation.web.configuration.WebMvcSecurityConfiguration$CompositeFilterChainProxy.doFilter(WebMvcSecurityConfiguration.java:238)
	at org.springframework.web.filter.DelegatingFilterProxy.invokeDelegate(DelegatingFilterProxy.java:362)
	at org.springframework.web.filter.DelegatingFilterProxy.doFilter(DelegatingFilterProxy.java:278)
	at org.springframework.test.web.servlet.setup.MockMvcFilterDecorator.doFilter(MockMvcFilterDecorator.java:162)
	at org.springframework.mock.web.MockFilterChain.doFilter(MockFilterChain.java:132)
	at org.springframework.web.filter.RequestContextFilter.doFilterInternal(RequestContextFilter.java:100)
	at org.springframework.web.filter.OncePerRequestFilter.doFilter(OncePerRequestFilter.java:116)
	at org.springframework.test.web.servlet.setup.MockMvcFilterDecorator.doFilter(MockMvcFilterDecorator.java:162)
	at org.springframework.mock.web.MockFilterChain.doFilter(MockFilterChain.java:132)
	at org.springframework.web.filter.FormContentFilter.doFilterInternal(FormContentFilter.java:93)
	at org.springframework.web.filter.OncePerRequestFilter.doFilter(OncePerRequestFilter.java:116)
	at org.springframework.test.web.servlet.setup.MockMvcFilterDecorator.doFilter(MockMvcFilterDecorator.java:162)
	at org.springframework.mock.web.MockFilterChain.doFilter(MockFilterChain.java:132)
	at org.springframework.web.filter.ServerHttpObservationFilter.doFilterInternal(ServerHttpObservationFilter.java:114)
	at org.springframework.web.filter.OncePerRequestFilter.doFilter(OncePerRequestFilter.java:116)
	at org.springframework.test.web.servlet.setup.MockMvcFilterDecorator.doFilter(MockMvcFilterDecorator.java:162)
	at org.springframework.mock.web.MockFilterChain.doFilter(MockFilterChain.java:132)
	at io.sentry.spring.jakarta.tracing.SentryTracingFilter.doFilterInternal(SentryTracingFilter.java:91)
	at org.springframework.web.filter.OncePerRequestFilter.doFilter(OncePerRequestFilter.java:116)
	at org.springframework.test.web.servlet.setup.MockMvcFilterDecorator.doFilter(MockMvcFilterDecorator.java:162)
	at org.springframework.mock.web.MockFilterChain.doFilter(MockFilterChain.java:132)
	at org.springframework.web.filter.CharacterEncodingFilter.doFilterInternal(CharacterEncodingFilter.java:201)
	at org.springframework.web.filter.OncePerRequestFilter.doFilter(OncePerRequestFilter.java:116)
	at org.springframework.test.web.servlet.setup.MockMvcFilterDecorator.doFilter(MockMvcFilterDecorator.java:162)
	at org.springframework.mock.web.MockFilterChain.doFilter(MockFilterChain.java:132)
	at io.sentry.spring.jakarta.SentrySpringFilter.doFilterInternal(SentrySpringFilter.java:76)
	at org.springframework.web.filter.OncePerRequestFilter.doFilter(OncePerRequestFilter.java:116)
	at org.springframework.test.web.servlet.setup.MockMvcFilterDecorator.doFilter(MockMvcFilterDecorator.java:162)
	at org.springframework.mock.web.MockFilterChain.doFilter(MockFilterChain.java:132)
	at org.springframework.test.web.servlet.MockMvc.perform(MockMvc.java:201)
	at de.tum.cit.aet.artemis.core.util.RequestUtilService.performMvcRequest(RequestUtilService.java:79)
	at de.tum.cit.aet.artemis.core.util.RequestUtilService.postWithoutLocation(RequestUtilService.java:213)
	at de.tum.cit.aet.artemis.core.util.RequestUtilService.postWithoutLocation(RequestUtilService.java:199)
	at de.tum.cit.aet.artemis.programming.ProgrammingSubmissionAndResultGitlabJenkinsIntegrationTest.postResult(ProgrammingSubmissionAndResultGitlabJenkinsIntegrationTest.java:413)
	at de.tum.cit.aet.artemis.programming.ProgrammingSubmissionAndResultGitlabJenkinsIntegrationTest.shouldSaveBuildLogsOnStudentParticipationWithoutSubmissionNorResult(ProgrammingSubmissionAndResultGitlabJenkinsIntegrationTest.java:338)
	at java.base/jdk.internal.reflect.DirectMethodHandleAccessor.invoke(DirectMethodHandleAccessor.java:103)
	at java.base/java.lang.reflect.Method.invoke(Method.java:580)
	at org.junit.platform.commons.util.ReflectionUtils.invokeMethod(ReflectionUtils.java:767)
	at org.junit.jupiter.engine.execution.MethodInvocation.proceed(MethodInvocation.java:60)
	at org.junit.jupiter.engine.execution.InvocationInterceptorChain$ValidatingInvocation.proceed(InvocationInterceptorChain.java:131)
	at org.junit.jupiter.engine.extension.TimeoutExtension.intercept(TimeoutExtension.java:156)
	at org.junit.jupiter.engine.extension.TimeoutExtension.interceptTestableMethod(TimeoutExtension.java:147)
	at org.junit.jupiter.engine.extension.TimeoutExtension.interceptTestTemplateMethod(TimeoutExtension.java:94)
	at org.junit.jupiter.engine.execution.InterceptingExecutableInvoker$ReflectiveInterceptorCall.lambda$ofVoidMethod$0(InterceptingExecutableInvoker.java:103)
	at org.junit.jupiter.engine.execution.InterceptingExecutableInvoker.lambda$invoke$0(InterceptingExecutableInvoker.java:93)
	at org.junit.jupiter.engine.execution.InvocationInterceptorChain$InterceptedInvocation.proceed(InvocationInterceptorChain.java:106)
	at org.junit.jupiter.engine.execution.InvocationInterceptorChain.proceed(InvocationInterceptorChain.java:64)
	at org.junit.jupiter.engine.execution.InvocationInterceptorChain.chainAndInvoke(InvocationInterceptorChain.java:45)
	at org.junit.jupiter.engine.execution.InvocationInterceptorChain.invoke(InvocationInterceptorChain.java:37)
	at org.junit.jupiter.engine.execution.InterceptingExecutableInvoker.invoke(InterceptingExecutableInvoker.java:92)
	at org.junit.jupiter.engine.execution.InterceptingExecutableInvoker.invoke(InterceptingExecutableInvoker.java:86)
	at org.junit.jupiter.engine.descriptor.TestMethodTestDescriptor.lambda$invokeTestMethod$8(TestMethodTestDescriptor.java:217)
	at org.junit.platform.engine.support.hierarchical.ThrowableCollector.execute(ThrowableCollector.java:73)
	at org.junit.jupiter.engine.descriptor.TestMethodTestDescriptor.invokeTestMethod(TestMethodTestDescriptor.java:213)
	at org.junit.jupiter.engine.descriptor.TestMethodTestDescriptor.execute(TestMethodTestDescriptor.java:138)
	at org.junit.jupiter.engine.descriptor.TestMethodTestDescriptor.execute(TestMethodTestDescriptor.java:68)
	at org.junit.platform.engine.support.hierarchical.NodeTestTask.lambda$executeRecursively$6(NodeTestTask.java:156)
	at org.junit.platform.engine.support.hierarchical.ThrowableCollector.execute(ThrowableCollector.java:73)
	at org.junit.platform.engine.support.hierarchical.NodeTestTask.lambda$executeRecursively$8(NodeTestTask.java:146)
	at org.junit.platform.engine.support.hierarchical.Node.around(Node.java:137)
	at org.junit.platform.engine.support.hierarchical.NodeTestTask.lambda$executeRecursively$9(NodeTestTask.java:144)
	at org.junit.platform.engine.support.hierarchical.ThrowableCollector.execute(ThrowableCollector.java:73)
	at org.junit.platform.engine.support.hierarchical.NodeTestTask.executeRecursively(NodeTestTask.java:143)
	at org.junit.platform.engine.support.hierarchical.NodeTestTask.execute(NodeTestTask.java:100)
	at org.junit.platform.engine.support.hierarchical.ForkJoinPoolHierarchicalTestExecutorService$ExclusiveTask.exec(ForkJoinPoolHierarchicalTestExecutorService.java:274)
	at org.junit.platform.engine.support.hierarchical.ForkJoinPoolHierarchicalTestExecutorService$ExclusiveTask.execSync(ForkJoinPoolHierarchicalTestExecutorService.java:247)
	at org.junit.platform.engine.support.hierarchical.ForkJoinPoolHierarchicalTestExecutorService.submit(ForkJoinPoolHierarchicalTestExecutorService.java:148)
	at org.junit.platform.engine.support.hierarchical.NodeTestTask$DefaultDynamicTestExecutor.execute(NodeTestTask.java:231)
	at org.junit.platform.engine.support.hierarchical.NodeTestTask$DefaultDynamicTestExecutor.execute(NodeTestTask.java:209)
	at org.junit.jupiter.engine.descriptor.TestTemplateTestDescriptor.execute(TestTemplateTestDescriptor.java:141)
	at org.junit.jupiter.engine.descriptor.TestTemplateTestDescriptor.lambda$execute$3(TestTemplateTestDescriptor.java:109)
	at java.base/java.util.stream.ForEachOps$ForEachOp$OfRef.accept(ForEachOps.java:184)
	at java.base/java.util.stream.ReferencePipeline$3$1.accept(ReferencePipeline.java:197)
	at java.base/java.util.stream.ReferencePipeline$2$1.accept(ReferencePipeline.java:179)
	at java.base/java.util.stream.ReferencePipeline$3$1.accept(ReferencePipeline.java:197)
	at java.base/java.util.stream.ForEachOps$ForEachOp$OfRef.accept(ForEachOps.java:184)
	at java.base/java.util.stream.ReferencePipeline$3$1.accept(ReferencePipeline.java:197)
	at java.base/java.util.stream.ForEachOps$ForEachOp$OfRef.accept(ForEachOps.java:184)
	at java.base/java.util.stream.ForEachOps$ForEachOp$OfRef.accept(ForEachOps.java:184)
	at java.base/java.util.stream.ReferencePipeline$3$1.accept(ReferencePipeline.java:197)
	at java.base/java.util.stream.ForEachOps$ForEachOp$OfRef.accept(ForEachOps.java:184)
	at java.base/java.util.Spliterators$ArraySpliterator.forEachRemaining(Spliterators.java:1024)
	at java.base/java.util.stream.ReferencePipeline$Head.forEach(ReferencePipeline.java:762)
	at java.base/java.util.stream.ReferencePipeline$7$1.accept(ReferencePipeline.java:276)
	at java.base/java.util.Iterator.forEachRemaining(Iterator.java:133)
	at java.base/java.util.Spliterators$IteratorSpliterator.forEachRemaining(Spliterators.java:1939)
	at java.base/java.util.stream.AbstractPipeline.copyInto(AbstractPipeline.java:509)
	at java.base/java.util.stream.AbstractPipeline.wrapAndCopyInto(AbstractPipeline.java:499)
	at java.base/java.util.stream.ForEachOps$ForEachOp.evaluateSequential(ForEachOps.java:151)
	at java.base/java.util.stream.ForEachOps$ForEachOp$OfRef.evaluateSequential(ForEachOps.java:174)
	at java.base/java.util.stream.AbstractPipeline.evaluate(AbstractPipeline.java:234)
	at java.base/java.util.stream.ReferencePipeline.forEach(ReferencePipeline.java:596)
	at java.base/java.util.stream.ReferencePipeline$7$1.accept(ReferencePipeline.java:276)
	at java.base/java.util.stream.ReferencePipeline$3$1.accept(ReferencePipeline.java:197)
	at java.base/java.util.stream.ReferencePipeline$3$1.accept(ReferencePipeline.java:197)
	at java.base/java.util.stream.ReferencePipeline$3$1.accept(ReferencePipeline.java:197)
	at java.base/java.util.Spliterators$ArraySpliterator.forEachRemaining(Spliterators.java:1024)
	at java.base/java.util.stream.AbstractPipeline.copyInto(AbstractPipeline.java:509)
	at java.base/java.util.stream.AbstractPipeline.wrapAndCopyInto(AbstractPipeline.java:499)
	at java.base/java.util.stream.ForEachOps$ForEachOp.evaluateSequential(ForEachOps.java:151)
	at java.base/java.util.stream.ForEachOps$ForEachOp$OfRef.evaluateSequential(ForEachOps.java:174)
	at java.base/java.util.stream.AbstractPipeline.evaluate(AbstractPipeline.java:234)
	at java.base/java.util.stream.ReferencePipeline.forEach(ReferencePipeline.java:596)
	at java.base/java.util.stream.ReferencePipeline$7$1.accept(ReferencePipeline.java:276)
	at java.base/java.util.ArrayList$ArrayListSpliterator.forEachRemaining(ArrayList.java:1708)
	at java.base/java.util.stream.AbstractPipeline.copyInto(AbstractPipeline.java:509)
	at java.base/java.util.stream.AbstractPipeline.wrapAndCopyInto(AbstractPipeline.java:499)
	at java.base/java.util.stream.ForEachOps$ForEachOp.evaluateSequential(ForEachOps.java:151)
	at java.base/java.util.stream.ForEachOps$ForEachOp$OfRef.evaluateSequential(ForEachOps.java:174)
	at java.base/java.util.stream.AbstractPipeline.evaluate(AbstractPipeline.java:234)
	at java.base/java.util.stream.ReferencePipeline.forEach(ReferencePipeline.java:596)
	at java.base/java.util.stream.ReferencePipeline$7$1.accept(ReferencePipeline.java:276)
	at java.base/java.util.stream.ReferencePipeline$3$1.accept(ReferencePipeline.java:197)
	at java.base/java.util.stream.ReferencePipeline$3$1.accept(ReferencePipeline.java:197)
	at java.base/java.util.stream.ReferencePipeline$3$1.accept(ReferencePipeline.java:197)
	at java.base/java.util.ArrayList$ArrayListSpliterator.forEachRemaining(ArrayList.java:1708)
	at java.base/java.util.stream.AbstractPipeline.copyInto(AbstractPipeline.java:509)
	at java.base/java.util.stream.AbstractPipeline.wrapAndCopyInto(AbstractPipeline.java:499)
	at java.base/java.util.stream.ForEachOps$ForEachOp.evaluateSequential(ForEachOps.java:151)
	at java.base/java.util.stream.ForEachOps$ForEachOp$OfRef.evaluateSequential(ForEachOps.java:174)
	at java.base/java.util.stream.AbstractPipeline.evaluate(AbstractPipeline.java:234)
	at java.base/java.util.stream.ReferencePipeline.forEach(ReferencePipeline.java:596)
	at java.base/java.util.stream.ReferencePipeline$7$1.accept(ReferencePipeline.java:276)
	at java.base/java.util.ArrayList$ArrayListSpliterator.forEachRemaining(ArrayList.java:1708)
	at java.base/java.util.stream.AbstractPipeline.copyInto(AbstractPipeline.java:509)
	at java.base/java.util.stream.AbstractPipeline.wrapAndCopyInto(AbstractPipeline.java:499)
	at java.base/java.util.stream.ForEachOps$ForEachOp.evaluateSequential(ForEachOps.java:151)
	at java.base/java.util.stream.ForEachOps$ForEachOp$OfRef.evaluateSequential(ForEachOps.java:174)
	at java.base/java.util.stream.AbstractPipeline.evaluate(AbstractPipeline.java:234)
	at java.base/java.util.stream.ReferencePipeline.forEach(ReferencePipeline.java:596)
	at org.junit.jupiter.engine.descriptor.TestTemplateTestDescriptor.execute(TestTemplateTestDescriptor.java:109)
	at org.junit.jupiter.engine.descriptor.TestTemplateTestDescriptor.execute(TestTemplateTestDescriptor.java:43)
	at org.junit.platform.engine.support.hierarchical.NodeTestTask.lambda$executeRecursively$6(NodeTestTask.java:156)
	at org.junit.platform.engine.support.hierarchical.ThrowableCollector.execute(ThrowableCollector.java:73)
	at org.junit.platform.engine.support.hierarchical.NodeTestTask.lambda$executeRecursively$8(NodeTestTask.java:146)
	at org.junit.platform.engine.support.hierarchical.Node.around(Node.java:137)
	at org.junit.platform.engine.support.hierarchical.NodeTestTask.lambda$executeRecursively$9(NodeTestTask.java:144)
	at org.junit.platform.engine.support.hierarchical.ThrowableCollector.execute(ThrowableCollector.java:73)
	at org.junit.platform.engine.support.hierarchical.NodeTestTask.executeRecursively(NodeTestTask.java:143)
	at org.junit.platform.engine.support.hierarchical.NodeTestTask.execute(NodeTestTask.java:100)
	at org.junit.platform.engine.support.hierarchical.ForkJoinPoolHierarchicalTestExecutorService$ExclusiveTask.exec(ForkJoinPoolHierarchicalTestExecutorService.java:274)
	at org.junit.platform.engine.support.hierarchical.ForkJoinPoolHierarchicalTestExecutorService$ExclusiveTask.execSync(ForkJoinPoolHierarchicalTestExecutorService.java:247)
	at org.junit.platform.engine.support.hierarchical.ForkJoinPoolHierarchicalTestExecutorService.executeSync(ForkJoinPoolHierarchicalTestExecutorService.java:194)
	at org.junit.platform.engine.support.hierarchical.ForkJoinPoolHierarchicalTestExecutorService.invokeAll(ForkJoinPoolHierarchicalTestExecutorService.java:166)
	at org.junit.platform.engine.support.hierarchical.NodeTestTask.lambda$executeRecursively$6(NodeTestTask.java:160)
	at org.junit.platform.engine.support.hierarchical.ThrowableCollector.execute(ThrowableCollector.java:73)
	at org.junit.platform.engine.support.hierarchical.NodeTestTask.lambda$executeRecursively$8(NodeTestTask.java:146)
	at org.junit.platform.engine.support.hierarchical.Node.around(Node.java:137)
	at org.junit.platform.engine.support.hierarchical.NodeTestTask.lambda$executeRecursively$9(NodeTestTask.java:144)
	at org.junit.platform.engine.support.hierarchical.ThrowableCollector.execute(ThrowableCollector.java:73)
	at org.junit.platform.engine.support.hierarchical.NodeTestTask.executeRecursively(NodeTestTask.java:143)
	at org.junit.platform.engine.support.hierarchical.NodeTestTask.execute(NodeTestTask.java:100)
	at org.junit.platform.engine.support.hierarchical.ForkJoinPoolHierarchicalTestExecutorService$ExclusiveTask.exec(ForkJoinPoolHierarchicalTestExecutorService.java:274)
	at java.base/java.util.concurrent.ForkJoinTask.doExec(ForkJoinTask.java:387)
	at java.base/java.util.concurrent.ForkJoinPool$WorkQueue.topLevelExec(ForkJoinPool.java:1312)
	at java.base/java.util.concurrent.ForkJoinPool.scan(ForkJoinPool.java:1843)
	at java.base/java.util.concurrent.ForkJoinPool.runWorker(ForkJoinPool.java:1808)
	at java.base/java.util.concurrent.ForkJoinWorkerThread.run(ForkJoinWorkerThread.java:188)
    23:48:49.767 | 463 ool-1-worker-227 | DEBUG | .c.s.m.InstanceMessageReceiveService : Received schedule participant score for exercise 3208 and participant 773 (result to be deleted: null)
    23:48:49.767 | 463 ool-1-worker-227 | DEBUG | .a.s.ParticipantScoreScheduleService : Scheduled task for exercise 3208 and participant 773 at 2025-02-14T23:48:49.867720726Z[Etc/UTC].
    23:48:49.768 | 463 ool-1-worker-227 | DEBUG | .a.a.p.s.ProgrammingMessagingService : Send result to client over websocket. Result: Result{id773, completionDate=2025-02-14T23:48:49.740656400Z, successful=false, score=0.0, rated=true, assessmentType=AUTOMATIC, hasComplaint=null, testCaseCount=0, passedTestCaseCount=0, codeIssueCount=0}, Submission: ProgrammingSubmission{commitHash='9b3a9bd71a0d80e5bbc42204c319ed3d1d4f0d6d', buildFailed=true, buildArtifact=false, type=MANUAL}, Participation: ProgrammingExerciseStudentParticipation{id=3918, repositoryUri='https://version-control.fake.fake/git/SHORT238A5A9D014F504CC309BAC02EDE1711B74CTSTEXC/short238a5a9d014f504cc309bac02ede1711b74ctstexc-progsubresgitlabjenstudent1.git', buildPlanId='SHORT238A5A9D014F504CC309BAC02EDE1711B74CTSTEXC-PROGSUBRESGITLABJENSTUDENT1', initializationState='INITIALIZED', initializationDate='2025-02-14T23:48:49.738906Z', individualDueDate=null', presentationScore=null}
    23:48:49.771 | 463 ool-1-worker-227 | INFO  | d.t.c.a.a.a.w.o.PublicResultResource : The new result for SHORT238A5A9D014F504CC309BAC02EDE1711B74CTSTEXC-PROGSUBRESGITLABJENSTUDENT1 was saved successfully
    23:48:49.774 | 463 ool-1-worker-227 | DEBUG | d.t.c.a.a.c.s.f.ApiVersionFilter     : Adding Version to Request GET /api/repository/3918/buildlogs
    23:48:49.775 | 463 ool-1-worker-227 | DEBUG | rammingExerciseParticipationResource : REST request to get build log : 3918

  Starting logs for ProgrammingSubmissionAndResultGitlabJenkinsIntegrationTest > shouldSaveBuildLogsOnStudentParticipationWithoutSubmissionNorResult(ProgrammingLanguage, boolean) [5] programmingLanguage=RUBY, enableStaticCodeAnalysis=true
    23:48:49.788 | 463 ool-1-worker-227 | DEBUG | d.t.c.a.a.c.u.util.UserUtilService   : Generate 3 students...
    23:48:49.793 | 463 ool-1-worker-227 | DEBUG | d.t.c.a.a.c.u.util.UserUtilService   : 3 students generated. Generate 2 tutors...
    23:48:49.796 | 463 ool-1-worker-227 | DEBUG | d.t.c.a.a.c.u.util.UserUtilService   : 2 tutors generated. Generate 0 editors...
    23:48:49.797 | 463 ool-1-worker-227 | DEBUG | d.t.c.a.a.c.u.util.UserUtilService   : 0 editors generated. Generate 2 instructors...
    23:48:49.800 | 463 ool-1-worker-227 | DEBUG | d.t.c.a.a.c.u.util.UserUtilService   : 2 instructors generated
    23:48:49.801 | 463 ool-1-worker-227 | DEBUG | d.t.c.a.a.c.u.util.UserUtilService   : Removing 7 users from all courses...
    23:48:49.802 | 463 ool-1-worker-227 | DEBUG | d.t.c.a.a.c.u.util.UserUtilService   : Removing 7 users from all courses. Done
    23:48:49.802 | 463 ool-1-worker-227 | DEBUG | d.t.c.a.a.c.u.util.UserUtilService   : Save 7 users to database...
    23:48:49.805 | 463 ool-1-worker-227 | DEBUG | d.t.c.a.a.c.u.util.UserUtilService   : Save 7 users to database. Done
    23:48:49.819 | 463 ool-1-worker-227 | DEBUG | PersonalAccessTokenManagementService : Generate secure vcs access token
    23:48:49.822 | 463 ool-1-worker-227 | DEBUG | PersonalAccessTokenManagementService : Generate secure vcs access token
    23:48:49.824 | 463 ool-1-worker-227 | INFO  | i.z.t.d.l.EmbeddedDatabaseReporter   : JDBC URL to connect to 'dataSource': url='jdbc:h2:tcp://localhost:41063/mem:736625c0-cf5e-400d-aeaa-8a7eabd6262b;USER=sa', scope='ProgrammingSubmissionAndResultGitlabJenkinsIntegrationTest#shouldSaveBuildLogsOnStudentParticipationWithoutSubmissionNorResult'
    23:48:49.837 | 463 ool-1-worker-227 | DEBUG | PersonalAccessTokenManagementService : Generate secure vcs access token
    23:48:49.840 | 463 ool-1-worker-227 | DEBUG | d.t.c.a.a.c.s.f.ApiVersionFilter     : Adding Version to Request POST /api/public/programming-exercises/new-result
    23:48:49.841 | 463 ool-1-worker-227 | DEBUG | d.t.c.a.a.a.w.o.PublicResultResource : Received result notify (NEW)
    23:48:49.843 | 463 ool-1-worker-227 | INFO  | d.t.c.a.a.a.w.o.PublicResultResource : Artemis received a new result for build plan SHORTF6C4B413040A0041C208A9E06FEAFB453C6CTSTEXC-PROGSUBRESGITLABJENSTUDENT1
    23:48:49.844 | 463 ool-1-worker-227 | DEBUG | .s.ProgrammingExerciseGradingService : Received new build result (NEW) for participation 3925
    23:48:49.848 | 463 ool-1-worker-227 | WARN  | .s.ProgrammingExerciseGradingService : Could not find pending ProgrammingSubmission for Commit Hash 9b3a9bd71a0d80e5bbc42204c319ed3d1d4f0d6d (Participation 3925, Build Plan SHORTF6C4B413040A0041C208A9E06FEAFB453C6CTSTEXC-PROGSUBRESGITLABJENSTUDENT1). Will create a new one subsequently...
    23:48:49.848 | 463 ool-1-worker-227 | ERROR | .s.ProgrammingExerciseGradingService : Could not retrieve push date for participation 3925 and build plan SHORTF6C4B413040A0041C208A9E06FEAFB453C6CTSTEXC-PROGSUBRESGITLABJENSTUDENT1
de.tum.cit.aet.artemis.programming.service.gitlab.GitLabException: Could not find build queue date for participation 3925
	at de.tum.cit.aet.artemis.programming.service.gitlab.GitLabService.getPushDate(GitLabService.java:369)
	at de.tum.cit.aet.artemis.programming.service.gitlab.GitLabService.getPushDate(GitLabService.java:358)
	at de.tum.cit.aet.artemis.programming.service.ProgrammingExerciseGradingService.createAndSaveFallbackSubmission(ProgrammingExerciseGradingService.java:286)
	at de.tum.cit.aet.artemis.programming.service.ProgrammingExerciseGradingService.createAndSaveFallbackSubmission(ProgrammingExerciseGradingService.java:272)
	at de.tum.cit.aet.artemis.programming.service.ProgrammingExerciseGradingService.lambda$processNewProgrammingExerciseResult$0(ProgrammingExerciseGradingService.java:177)
	at java.base/java.util.Optional.orElseGet(Optional.java:364)
	at de.tum.cit.aet.artemis.programming.service.ProgrammingExerciseGradingService.processNewProgrammingExerciseResult(ProgrammingExerciseGradingService.java:177)
	at de.tum.cit.aet.artemis.programming.service.ProgrammingExerciseGradingService.processNewProgrammingExerciseResult(ProgrammingExerciseGradingService.java:156)
	at de.tum.cit.aet.artemis.assessment.web.open.PublicResultResource.processNewProgrammingExerciseResult(PublicResultResource.java:113)
	at java.base/jdk.internal.reflect.DirectMethodHandleAccessor.invoke(DirectMethodHandleAccessor.java:103)
	at java.base/java.lang.reflect.Method.invoke(Method.java:580)
	at org.springframework.aop.support.AopUtils.invokeJoinpointUsingReflection(AopUtils.java:359)
	at org.springframework.aop.framework.ReflectiveMethodInvocation.invokeJoinpoint(ReflectiveMethodInvocation.java:196)
	at org.springframework.aop.framework.ReflectiveMethodInvocation.proceed(ReflectiveMethodInvocation.java:163)
	at org.springframework.security.authorization.method.AuthorizationManagerBeforeMethodInterceptor.proceed(AuthorizationManagerBeforeMethodInterceptor.java:268)
	at org.springframework.security.authorization.method.AuthorizationManagerBeforeMethodInterceptor.attemptAuthorization(AuthorizationManagerBeforeMethodInterceptor.java:263)
	at org.springframework.security.authorization.method.AuthorizationManagerBeforeMethodInterceptor.invoke(AuthorizationManagerBeforeMethodInterceptor.java:196)
	at org.springframework.security.config.annotation.method.configuration.DeferringMethodInterceptor.invoke(DeferringMethodInterceptor.java:44)
	at org.springframework.aop.framework.ReflectiveMethodInvocation.proceed(ReflectiveMethodInvocation.java:184)
	at org.springframework.aop.framework.CglibAopProxy$DynamicAdvisedInterceptor.intercept(CglibAopProxy.java:727)
	at de.tum.cit.aet.artemis.assessment.web.open.PublicResultResource$$SpringCGLIB$$0.processNewProgrammingExerciseResult(<generated>)
	at java.base/jdk.internal.reflect.DirectMethodHandleAccessor.invoke(DirectMethodHandleAccessor.java:103)
	at java.base/java.lang.reflect.Method.invoke(Method.java:580)
	at org.springframework.web.method.support.InvocableHandlerMethod.doInvoke(InvocableHandlerMethod.java:257)
	at org.springframework.web.method.support.InvocableHandlerMethod.invokeForRequest(InvocableHandlerMethod.java:190)
	at org.springframework.web.servlet.mvc.method.annotation.ServletInvocableHandlerMethod.invokeAndHandle(ServletInvocableHandlerMethod.java:118)
	at org.springframework.web.servlet.mvc.method.annotation.RequestMappingHandlerAdapter.invokeHandlerMethod(RequestMappingHandlerAdapter.java:986)
	at org.springframework.web.servlet.mvc.method.annotation.RequestMappingHandlerAdapter.handleInternal(RequestMappingHandlerAdapter.java:891)
	at org.springframework.web.servlet.mvc.method.AbstractHandlerMethodAdapter.handle(AbstractHandlerMethodAdapter.java:87)
	at org.springframework.web.servlet.DispatcherServlet.doDispatch(DispatcherServlet.java:1088)
	at org.springframework.web.servlet.DispatcherServlet.doService(DispatcherServlet.java:978)
	at org.springframework.web.servlet.FrameworkServlet.processRequest(FrameworkServlet.java:1014)
	at org.springframework.web.servlet.FrameworkServlet.doPost(FrameworkServlet.java:914)
	at jakarta.servlet.http.HttpServlet.service(HttpServlet.java:547)
	at org.springframework.web.servlet.FrameworkServlet.service(FrameworkServlet.java:885)
	at org.springframework.test.web.servlet.TestDispatcherServlet.service(TestDispatcherServlet.java:72)
	at jakarta.servlet.http.HttpServlet.service(HttpServlet.java:614)
	at org.springframework.mock.web.MockFilterChain$ServletFilterProxy.doFilter(MockFilterChain.java:165)
	at org.springframework.mock.web.MockFilterChain.doFilter(MockFilterChain.java:132)
	at org.springframework.web.filter.OncePerRequestFilter.doFilter(OncePerRequestFilter.java:110)
	at org.springframework.test.web.servlet.setup.MockMvcFilterDecorator.doFilter(MockMvcFilterDecorator.java:162)
	at org.springframework.mock.web.MockFilterChain.doFilter(MockFilterChain.java:132)
	at de.tum.cit.aet.artemis.core.security.filter.ApiVersionFilter.doFilter(ApiVersionFilter.java:55)
	at org.springframework.test.web.servlet.setup.MockMvcFilterDecorator.doFilter(MockMvcFilterDecorator.java:162)
	at org.springframework.mock.web.MockFilterChain.doFilter(MockFilterChain.java:132)
	at io.sentry.spring.jakarta.SentryUserFilter.doFilterInternal(SentryUserFilter.java:56)
	at org.springframework.web.filter.OncePerRequestFilter.doFilter(OncePerRequestFilter.java:116)
	at org.springframework.test.web.servlet.setup.MockMvcFilterDecorator.doFilter(MockMvcFilterDecorator.java:162)
	at org.springframework.mock.web.MockFilterChain.doFilter(MockFilterChain.java:132)
	at org.springframework.web.filter.CompositeFilter$VirtualFilterChain.doFilter(CompositeFilter.java:108)
	at org.springframework.security.web.FilterChainProxy.lambda$doFilterInternal$3(FilterChainProxy.java:231)
	at org.springframework.security.web.ObservationFilterChainDecorator$FilterObservation$SimpleFilterObservation.lambda$wrap$1(ObservationFilterChainDecorator.java:479)
	at org.springframework.security.web.ObservationFilterChainDecorator$AroundFilterObservation$SimpleAroundFilterObservation.lambda$wrap$1(ObservationFilterChainDecorator.java:340)
	at org.springframework.security.web.ObservationFilterChainDecorator.lambda$wrapSecured$0(ObservationFilterChainDecorator.java:82)
	at org.springframework.security.web.ObservationFilterChainDecorator$VirtualFilterChain.doFilter(ObservationFilterChainDecorator.java:128)
	at org.springframework.security.web.access.intercept.AuthorizationFilter.doFilter(AuthorizationFilter.java:101)
	at org.springframework.security.web.ObservationFilterChainDecorator$ObservationFilter.wrapFilter(ObservationFilterChainDecorator.java:240)
	at org.springframework.security.web.ObservationFilterChainDecorator$ObservationFilter.doFilter(ObservationFilterChainDecorator.java:227)
	at org.springframework.security.web.ObservationFilterChainDecorator$VirtualFilterChain.doFilter(ObservationFilterChainDecorator.java:137)
	at org.springframework.security.web.access.ExceptionTranslationFilter.doFilter(ExceptionTranslationFilter.java:126)
	at org.springframework.security.web.access.ExceptionTranslationFilter.doFilter(ExceptionTranslationFilter.java:120)
	at org.springframework.security.web.ObservationFilterChainDecorator$ObservationFilter.wrapFilter(ObservationFilterChainDecorator.java:240)
	at org.springframework.security.web.ObservationFilterChainDecorator$ObservationFilter.doFilter(ObservationFilterChainDecorator.java:227)
	at org.springframework.security.web.ObservationFilterChainDecorator$VirtualFilterChain.doFilter(ObservationFilterChainDecorator.java:137)
	at org.springframework.security.web.session.SessionManagementFilter.doFilter(SessionManagementFilter.java:131)
	at org.springframework.security.web.session.SessionManagementFilter.doFilter(SessionManagementFilter.java:85)
	at org.springframework.security.web.ObservationFilterChainDecorator$ObservationFilter.wrapFilter(ObservationFilterChainDecorator.java:240)
	at org.springframework.security.web.ObservationFilterChainDecorator$ObservationFilter.doFilter(ObservationFilterChainDecorator.java:227)
	at org.springframework.security.web.ObservationFilterChainDecorator$VirtualFilterChain.doFilter(ObservationFilterChainDecorator.java:137)
	at org.springframework.security.web.authentication.AnonymousAuthenticationFilter.doFilter(AnonymousAuthenticationFilter.java:100)
	at org.springframework.security.web.ObservationFilterChainDecorator$ObservationFilter.wrapFilter(ObservationFilterChainDecorator.java:240)
	at org.springframework.security.web.ObservationFilterChainDecorator$ObservationFilter.doFilter(ObservationFilterChainDecorator.java:227)
	at org.springframework.security.web.ObservationFilterChainDecorator$VirtualFilterChain.doFilter(ObservationFilterChainDecorator.java:137)
	at org.springframework.security.web.servletapi.SecurityContextHolderAwareRequestFilter.doFilter(SecurityContextHolderAwareRequestFilter.java:179)
	at org.springframework.security.web.ObservationFilterChainDecorator$ObservationFilter.wrapFilter(ObservationFilterChainDecorator.java:240)
	at org.springframework.security.web.ObservationFilterChainDecorator$ObservationFilter.doFilter(ObservationFilterChainDecorator.java:227)
	at org.springframework.security.web.ObservationFilterChainDecorator$VirtualFilterChain.doFilter(ObservationFilterChainDecorator.java:137)
	at org.springframework.security.web.savedrequest.RequestCacheAwareFilter.doFilter(RequestCacheAwareFilter.java:63)
	at org.springframework.security.web.ObservationFilterChainDecorator$ObservationFilter.wrapFilter(ObservationFilterChainDecorator.java:240)
	at org.springframework.security.web.ObservationFilterChainDecorator$ObservationFilter.doFilter(ObservationFilterChainDecorator.java:227)
	at org.springframework.security.web.ObservationFilterChainDecorator$VirtualFilterChain.doFilter(ObservationFilterChainDecorator.java:137)
	at de.tum.cit.aet.artemis.core.security.filter.SpaWebFilter.doFilterInternal(SpaWebFilter.java:23)
	at org.springframework.web.filter.OncePerRequestFilter.doFilter(OncePerRequestFilter.java:116)
	at org.springframework.security.web.ObservationFilterChainDecorator$ObservationFilter.wrapFilter(ObservationFilterChainDecorator.java:240)
	at org.springframework.security.web.ObservationFilterChainDecorator$ObservationFilter.doFilter(ObservationFilterChainDecorator.java:227)
	at org.springframework.security.web.ObservationFilterChainDecorator$VirtualFilterChain.doFilter(ObservationFilterChainDecorator.java:137)
	at org.springframework.web.filter.OncePerRequestFilter.doFilter(OncePerRequestFilter.java:110)
	at org.springframework.security.web.ObservationFilterChainDecorator$ObservationFilter.wrapFilter(ObservationFilterChainDecorator.java:240)
	at org.springframework.security.web.ObservationFilterChainDecorator$ObservationFilter.doFilter(ObservationFilterChainDecorator.java:227)
	at org.springframework.security.web.ObservationFilterChainDecorator$VirtualFilterChain.doFilter(ObservationFilterChainDecorator.java:137)
	at de.tum.cit.aet.artemis.lti.config.Lti13LaunchFilter.doFilterInternal(Lti13LaunchFilter.java:60)
	at org.springframework.web.filter.OncePerRequestFilter.doFilter(OncePerRequestFilter.java:116)
	at org.springframework.security.web.ObservationFilterChainDecorator$ObservationFilter.wrapFilter(ObservationFilterChainDecorator.java:240)
	at org.springframework.security.web.ObservationFilterChainDecorator$ObservationFilter.doFilter(ObservationFilterChainDecorator.java:227)
	at org.springframework.security.web.ObservationFilterChainDecorator$VirtualFilterChain.doFilter(ObservationFilterChainDecorator.java:137)
	at de.tum.cit.aet.artemis.core.security.jwt.JWTFilter.doFilter(JWTFilter.java:55)
	at org.springframework.security.web.ObservationFilterChainDecorator$ObservationFilter.wrapFilter(ObservationFilterChainDecorator.java:240)
	at org.springframework.security.web.ObservationFilterChainDecorator$ObservationFilter.doFilter(ObservationFilterChainDecorator.java:227)
	at org.springframework.security.web.ObservationFilterChainDecorator$VirtualFilterChain.doFilter(ObservationFilterChainDecorator.java:137)
	at de.tum.cit.aet.artemis.core.security.jwt.JWTFilter.doFilter(JWTFilter.java:55)
	at org.springframework.security.web.ObservationFilterChainDecorator$ObservationFilter.wrapFilter(ObservationFilterChainDecorator.java:240)
	at org.springframework.security.web.ObservationFilterChainDecorator$ObservationFilter.doFilter(ObservationFilterChainDecorator.java:227)
	at org.springframework.security.web.ObservationFilterChainDecorator$VirtualFilterChain.doFilter(ObservationFilterChainDecorator.java:137)
	at org.springframework.web.filter.CorsFilter.doFilterInternal(CorsFilter.java:91)
	at org.springframework.web.filter.OncePerRequestFilter.doFilter(OncePerRequestFilter.java:116)
	at org.springframework.security.web.ObservationFilterChainDecorator$ObservationFilter.wrapFilter(ObservationFilterChainDecorator.java:240)
	at org.springframework.security.web.ObservationFilterChainDecorator$ObservationFilter.doFilter(ObservationFilterChainDecorator.java:227)
	at org.springframework.security.web.ObservationFilterChainDecorator$VirtualFilterChain.doFilter(ObservationFilterChainDecorator.java:137)
	at org.springframework.web.filter.OncePerRequestFilter.doFilter(OncePerRequestFilter.java:110)
	at org.springframework.security.web.ObservationFilterChainDecorator$ObservationFilter.wrapFilter(ObservationFilterChainDecorator.java:240)
	at org.springframework.security.web.ObservationFilterChainDecorator$ObservationFilter.doFilter(ObservationFilterChainDecorator.java:227)
	at org.springframework.security.web.ObservationFilterChainDecorator$VirtualFilterChain.doFilter(ObservationFilterChainDecorator.java:137)
	at uk.ac.ox.ctl.lti13.security.oauth2.client.lti.web.OAuth2AuthorizationRequestRedirectFilter.doFilterInternal(OAuth2AuthorizationRequestRedirectFilter.java:142)
	at org.springframework.web.filter.OncePerRequestFilter.doFilter(OncePerRequestFilter.java:116)
	at org.springframework.security.web.ObservationFilterChainDecorator$ObservationFilter.wrapFilter(ObservationFilterChainDecorator.java:240)
	at org.springframework.security.web.ObservationFilterChainDecorator$ObservationFilter.doFilter(ObservationFilterChainDecorator.java:227)
	at org.springframework.security.web.ObservationFilterChainDecorator$VirtualFilterChain.doFilter(ObservationFilterChainDecorator.java:137)
	at org.springframework.security.web.authentication.logout.LogoutFilter.doFilter(LogoutFilter.java:107)
	at org.springframework.security.web.authentication.logout.LogoutFilter.doFilter(LogoutFilter.java:93)
	at org.springframework.security.web.ObservationFilterChainDecorator$ObservationFilter.wrapFilter(ObservationFilterChainDecorator.java:240)
	at org.springframework.security.web.ObservationFilterChainDecorator$ObservationFilter.doFilter(ObservationFilterChainDecorator.java:227)
	at org.springframework.security.web.ObservationFilterChainDecorator$VirtualFilterChain.doFilter(ObservationFilterChainDecorator.java:137)
	at org.springframework.security.web.header.HeaderWriterFilter.doHeadersAfter(HeaderWriterFilter.java:90)
	at org.springframework.security.web.header.HeaderWriterFilter.doFilterInternal(HeaderWriterFilter.java:75)
	at org.springframework.web.filter.OncePerRequestFilter.doFilter(OncePerRequestFilter.java:116)
	at org.springframework.security.web.ObservationFilterChainDecorator$ObservationFilter.wrapFilter(ObservationFilterChainDecorator.java:240)
	at org.springframework.security.web.ObservationFilterChainDecorator$ObservationFilter.doFilter(ObservationFilterChainDecorator.java:227)
	at org.springframework.security.web.ObservationFilterChainDecorator$VirtualFilterChain.doFilter(ObservationFilterChainDecorator.java:137)
	at org.springframework.security.web.context.SecurityContextHolderFilter.doFilter(SecurityContextHolderFilter.java:82)
	at org.springframework.security.web.context.SecurityContextHolderFilter.doFilter(SecurityContextHolderFilter.java:69)
	at org.springframework.security.web.ObservationFilterChainDecorator$ObservationFilter.wrapFilter(ObservationFilterChainDecorator.java:240)
	at org.springframework.security.web.ObservationFilterChainDecorator$ObservationFilter.doFilter(ObservationFilterChainDecorator.java:227)
	at org.springframework.security.web.ObservationFilterChainDecorator$VirtualFilterChain.doFilter(ObservationFilterChainDecorator.java:137)
	at org.springframework.security.web.context.request.async.WebAsyncManagerIntegrationFilter.doFilterInternal(WebAsyncManagerIntegrationFilter.java:62)
	at org.springframework.web.filter.OncePerRequestFilter.doFilter(OncePerRequestFilter.java:116)
	at org.springframework.security.web.ObservationFilterChainDecorator$ObservationFilter.wrapFilter(ObservationFilterChainDecorator.java:240)
	at org.springframework.security.web.ObservationFilterChainDecorator$ObservationFilter.doFilter(ObservationFilterChainDecorator.java:227)
	at org.springframework.security.web.ObservationFilterChainDecorator$VirtualFilterChain.doFilter(ObservationFilterChainDecorator.java:137)
	at org.springframework.security.web.session.DisableEncodeUrlFilter.doFilterInternal(DisableEncodeUrlFilter.java:42)
	at org.springframework.web.filter.OncePerRequestFilter.doFilter(OncePerRequestFilter.java:116)
	at org.springframework.security.web.ObservationFilterChainDecorator$ObservationFilter.wrapFilter(ObservationFilterChainDecorator.java:240)
	at org.springframework.security.web.ObservationFilterChainDecorator$AroundFilterObservation$SimpleAroundFilterObservation.lambda$wrap$0(ObservationFilterChainDecorator.java:323)
	at org.springframework.security.web.ObservationFilterChainDecorator$ObservationFilter.doFilter(ObservationFilterChainDecorator.java:224)
	at org.springframework.security.web.ObservationFilterChainDecorator$VirtualFilterChain.doFilter(ObservationFilterChainDecorator.java:137)
	at org.springframework.security.web.FilterChainProxy.doFilterInternal(FilterChainProxy.java:233)
	at org.springframework.security.web.FilterChainProxy.doFilter(FilterChainProxy.java:191)
	at org.springframework.web.filter.CompositeFilter$VirtualFilterChain.doFilter(CompositeFilter.java:113)
	at org.springframework.web.servlet.handler.HandlerMappingIntrospector.lambda$createCacheFilter$3(HandlerMappingIntrospector.java:243)
	at org.springframework.web.filter.CompositeFilter$VirtualFilterChain.doFilter(CompositeFilter.java:113)
	at org.springframework.web.filter.CompositeFilter.doFilter(CompositeFilter.java:74)
	at org.springframework.security.config.annotation.web.configuration.WebMvcSecurityConfiguration$CompositeFilterChainProxy.doFilter(WebMvcSecurityConfiguration.java:238)
	at org.springframework.web.filter.DelegatingFilterProxy.invokeDelegate(DelegatingFilterProxy.java:362)
	at org.springframework.web.filter.DelegatingFilterProxy.doFilter(DelegatingFilterProxy.java:278)
	at org.springframework.test.web.servlet.setup.MockMvcFilterDecorator.doFilter(MockMvcFilterDecorator.java:162)
	at org.springframework.mock.web.MockFilterChain.doFilter(MockFilterChain.java:132)
	at org.springframework.web.filter.RequestContextFilter.doFilterInternal(RequestContextFilter.java:100)
	at org.springframework.web.filter.OncePerRequestFilter.doFilter(OncePerRequestFilter.java:116)
	at org.springframework.test.web.servlet.setup.MockMvcFilterDecorator.doFilter(MockMvcFilterDecorator.java:162)
	at org.springframework.mock.web.MockFilterChain.doFilter(MockFilterChain.java:132)
	at org.springframework.web.filter.FormContentFilter.doFilterInternal(FormContentFilter.java:93)
	at org.springframework.web.filter.OncePerRequestFilter.doFilter(OncePerRequestFilter.java:116)
	at org.springframework.test.web.servlet.setup.MockMvcFilterDecorator.doFilter(MockMvcFilterDecorator.java:162)
	at org.springframework.mock.web.MockFilterChain.doFilter(MockFilterChain.java:132)
	at org.springframework.web.filter.ServerHttpObservationFilter.doFilterInternal(ServerHttpObservationFilter.java:114)
	at org.springframework.web.filter.OncePerRequestFilter.doFilter(OncePerRequestFilter.java:116)
	at org.springframework.test.web.servlet.setup.MockMvcFilterDecorator.doFilter(MockMvcFilterDecorator.java:162)
	at org.springframework.mock.web.MockFilterChain.doFilter(MockFilterChain.java:132)
	at io.sentry.spring.jakarta.tracing.SentryTracingFilter.doFilterInternal(SentryTracingFilter.java:91)
	at org.springframework.web.filter.OncePerRequestFilter.doFilter(OncePerRequestFilter.java:116)
	at org.springframework.test.web.servlet.setup.MockMvcFilterDecorator.doFilter(MockMvcFilterDecorator.java:162)
	at org.springframework.mock.web.MockFilterChain.doFilter(MockFilterChain.java:132)
	at org.springframework.web.filter.CharacterEncodingFilter.doFilterInternal(CharacterEncodingFilter.java:201)
	at org.springframework.web.filter.OncePerRequestFilter.doFilter(OncePerRequestFilter.java:116)
	at org.springframework.test.web.servlet.setup.MockMvcFilterDecorator.doFilter(MockMvcFilterDecorator.java:162)
	at org.springframework.mock.web.MockFilterChain.doFilter(MockFilterChain.java:132)
	at io.sentry.spring.jakarta.SentrySpringFilter.doFilterInternal(SentrySpringFilter.java:76)
	at org.springframework.web.filter.OncePerRequestFilter.doFilter(OncePerRequestFilter.java:116)
	at org.springframework.test.web.servlet.setup.MockMvcFilterDecorator.doFilter(MockMvcFilterDecorator.java:162)
	at org.springframework.mock.web.MockFilterChain.doFilter(MockFilterChain.java:132)
	at org.springframework.test.web.servlet.MockMvc.perform(MockMvc.java:201)
	at de.tum.cit.aet.artemis.core.util.RequestUtilService.performMvcRequest(RequestUtilService.java:79)
	at de.tum.cit.aet.artemis.core.util.RequestUtilService.postWithoutLocation(RequestUtilService.java:213)
	at de.tum.cit.aet.artemis.core.util.RequestUtilService.postWithoutLocation(RequestUtilService.java:199)
	at de.tum.cit.aet.artemis.programming.ProgrammingSubmissionAndResultGitlabJenkinsIntegrationTest.postResult(ProgrammingSubmissionAndResultGitlabJenkinsIntegrationTest.java:413)
	at de.tum.cit.aet.artemis.programming.ProgrammingSubmissionAndResultGitlabJenkinsIntegrationTest.shouldSaveBuildLogsOnStudentParticipationWithoutSubmissionNorResult(ProgrammingSubmissionAndResultGitlabJenkinsIntegrationTest.java:338)
	at java.base/jdk.internal.reflect.DirectMethodHandleAccessor.invoke(DirectMethodHandleAccessor.java:103)
	at java.base/java.lang.reflect.Method.invoke(Method.java:580)
	at org.junit.platform.commons.util.ReflectionUtils.invokeMethod(ReflectionUtils.java:767)
	at org.junit.jupiter.engine.execution.MethodInvocation.proceed(MethodInvocation.java:60)
	at org.junit.jupiter.engine.execution.InvocationInterceptorChain$ValidatingInvocation.proceed(InvocationInterceptorChain.java:131)
	at org.junit.jupiter.engine.extension.TimeoutExtension.intercept(TimeoutExtension.java:156)
	at org.junit.jupiter.engine.extension.TimeoutExtension.interceptTestableMethod(TimeoutExtension.java:147)
	at org.junit.jupiter.engine.extension.TimeoutExtension.interceptTestTemplateMethod(TimeoutExtension.java:94)
	at org.junit.jupiter.engine.execution.InterceptingExecutableInvoker$ReflectiveInterceptorCall.lambda$ofVoidMethod$0(InterceptingExecutableInvoker.java:103)
	at org.junit.jupiter.engine.execution.InterceptingExecutableInvoker.lambda$invoke$0(InterceptingExecutableInvoker.java:93)
	at org.junit.jupiter.engine.execution.InvocationInterceptorChain$InterceptedInvocation.proceed(InvocationInterceptorChain.java:106)
	at org.junit.jupiter.engine.execution.InvocationInterceptorChain.proceed(InvocationInterceptorChain.java:64)
	at org.junit.jupiter.engine.execution.InvocationInterceptorChain.chainAndInvoke(InvocationInterceptorChain.java:45)
	at org.junit.jupiter.engine.execution.InvocationInterceptorChain.invoke(InvocationInterceptorChain.java:37)
	at org.junit.jupiter.engine.execution.InterceptingExecutableInvoker.invoke(InterceptingExecutableInvoker.java:92)
	at org.junit.jupiter.engine.execution.InterceptingExecutableInvoker.invoke(InterceptingExecutableInvoker.java:86)
	at org.junit.jupiter.engine.descriptor.TestMethodTestDescriptor.lambda$invokeTestMethod$8(TestMethodTestDescriptor.java:217)
	at org.junit.platform.engine.support.hierarchical.ThrowableCollector.execute(ThrowableCollector.java:73)
	at org.junit.jupiter.engine.descriptor.TestMethodTestDescriptor.invokeTestMethod(TestMethodTestDescriptor.java:213)
	at org.junit.jupiter.engine.descriptor.TestMethodTestDescriptor.execute(TestMethodTestDescriptor.java:138)
	at org.junit.jupiter.engine.descriptor.TestMethodTestDescriptor.execute(TestMethodTestDescriptor.java:68)
	at org.junit.platform.engine.support.hierarchical.NodeTestTask.lambda$executeRecursively$6(NodeTestTask.java:156)
	at org.junit.platform.engine.support.hierarchical.ThrowableCollector.execute(ThrowableCollector.java:73)
	at org.junit.platform.engine.support.hierarchical.NodeTestTask.lambda$executeRecursively$8(NodeTestTask.java:146)
	at org.junit.platform.engine.support.hierarchical.Node.around(Node.java:137)
	at org.junit.platform.engine.support.hierarchical.NodeTestTask.lambda$executeRecursively$9(NodeTestTask.java:144)
	at org.junit.platform.engine.support.hierarchical.ThrowableCollector.execute(ThrowableCollector.java:73)
	at org.junit.platform.engine.support.hierarchical.NodeTestTask.executeRecursively(NodeTestTask.java:143)
	at org.junit.platform.engine.support.hierarchical.NodeTestTask.execute(NodeTestTask.java:100)
	at org.junit.platform.engine.support.hierarchical.ForkJoinPoolHierarchicalTestExecutorService$ExclusiveTask.exec(ForkJoinPoolHierarchicalTestExecutorService.java:274)
	at org.junit.platform.engine.support.hierarchical.ForkJoinPoolHierarchicalTestExecutorService$ExclusiveTask.execSync(ForkJoinPoolHierarchicalTestExecutorService.java:247)
	at org.junit.platform.engine.support.hierarchical.ForkJoinPoolHierarchicalTestExecutorService.submit(ForkJoinPoolHierarchicalTestExecutorService.java:148)
	at org.junit.platform.engine.support.hierarchical.NodeTestTask$DefaultDynamicTestExecutor.execute(NodeTestTask.java:231)
	at org.junit.platform.engine.support.hierarchical.NodeTestTask$DefaultDynamicTestExecutor.execute(NodeTestTask.java:209)
	at org.junit.jupiter.engine.descriptor.TestTemplateTestDescriptor.execute(TestTemplateTestDescriptor.java:141)
	at org.junit.jupiter.engine.descriptor.TestTemplateTestDescriptor.lambda$execute$3(TestTemplateTestDescriptor.java:109)
	at java.base/java.util.stream.ForEachOps$ForEachOp$OfRef.accept(ForEachOps.java:184)
	at java.base/java.util.stream.ReferencePipeline$3$1.accept(ReferencePipeline.java:197)
	at java.base/java.util.stream.ReferencePipeline$2$1.accept(ReferencePipeline.java:179)
	at java.base/java.util.stream.ReferencePipeline$3$1.accept(ReferencePipeline.java:197)
	at java.base/java.util.stream.ForEachOps$ForEachOp$OfRef.accept(ForEachOps.java:184)
	at java.base/java.util.stream.ReferencePipeline$3$1.accept(ReferencePipeline.java:197)
	at java.base/java.util.stream.ForEachOps$ForEachOp$OfRef.accept(ForEachOps.java:184)
	at java.base/java.util.stream.ForEachOps$ForEachOp$OfRef.accept(ForEachOps.java:184)
	at java.base/java.util.stream.ReferencePipeline$3$1.accept(ReferencePipeline.java:197)
	at java.base/java.util.stream.ForEachOps$ForEachOp$OfRef.accept(ForEachOps.java:184)
	at java.base/java.util.Spliterators$ArraySpliterator.forEachRemaining(Spliterators.java:1024)
	at java.base/java.util.stream.ReferencePipeline$Head.forEach(ReferencePipeline.java:762)
	at java.base/java.util.stream.ReferencePipeline$7$1.accept(ReferencePipeline.java:276)
	at java.base/java.util.Iterator.forEachRemaining(Iterator.java:133)
	at java.base/java.util.Spliterators$IteratorSpliterator.forEachRemaining(Spliterators.java:1939)
	at java.base/java.util.stream.AbstractPipeline.copyInto(AbstractPipeline.java:509)
	at java.base/java.util.stream.AbstractPipeline.wrapAndCopyInto(AbstractPipeline.java:499)
	at java.base/java.util.stream.ForEachOps$ForEachOp.evaluateSequential(ForEachOps.java:151)
	at java.base/java.util.stream.ForEachOps$ForEachOp$OfRef.evaluateSequential(ForEachOps.java:174)
	at java.base/java.util.stream.AbstractPipeline.evaluate(AbstractPipeline.java:234)
	at java.base/java.util.stream.ReferencePipeline.forEach(ReferencePipeline.java:596)
	at java.base/java.util.stream.ReferencePipeline$7$1.accept(ReferencePipeline.java:276)
	at java.base/java.util.stream.ReferencePipeline$3$1.accept(ReferencePipeline.java:197)
	at java.base/java.util.stream.ReferencePipeline$3$1.accept(ReferencePipeline.java:197)
	at java.base/java.util.stream.ReferencePipeline$3$1.accept(ReferencePipeline.java:197)
	at java.base/java.util.Spliterators$ArraySpliterator.forEachRemaining(Spliterators.java:1024)
	at java.base/java.util.stream.AbstractPipeline.copyInto(AbstractPipeline.java:509)
	at java.base/java.util.stream.AbstractPipeline.wrapAndCopyInto(AbstractPipeline.java:499)
	at java.base/java.util.stream.ForEachOps$ForEachOp.evaluateSequential(ForEachOps.java:151)
	at java.base/java.util.stream.ForEachOps$ForEachOp$OfRef.evaluateSequential(ForEachOps.java:174)
	at java.base/java.util.stream.AbstractPipeline.evaluate(AbstractPipeline.java:234)
	at java.base/java.util.stream.ReferencePipeline.forEach(ReferencePipeline.java:596)
	at java.base/java.util.stream.ReferencePipeline$7$1.accept(ReferencePipeline.java:276)
	at java.base/java.util.ArrayList$ArrayListSpliterator.forEachRemaining(ArrayList.java:1708)
	at java.base/java.util.stream.AbstractPipeline.copyInto(AbstractPipeline.java:509)
	at java.base/java.util.stream.AbstractPipeline.wrapAndCopyInto(AbstractPipeline.java:499)
	at java.base/java.util.stream.ForEachOps$ForEachOp.evaluateSequential(ForEachOps.java:151)
	at java.base/java.util.stream.ForEachOps$ForEachOp$OfRef.evaluateSequential(ForEachOps.java:174)
	at java.base/java.util.stream.AbstractPipeline.evaluate(AbstractPipeline.java:234)
	at java.base/java.util.stream.ReferencePipeline.forEach(ReferencePipeline.java:596)
	at java.base/java.util.stream.ReferencePipeline$7$1.accept(ReferencePipeline.java:276)
	at java.base/java.util.stream.ReferencePipeline$3$1.accept(ReferencePipeline.java:197)
	at java.base/java.util.stream.ReferencePipeline$3$1.accept(ReferencePipeline.java:197)
	at java.base/java.util.stream.ReferencePipeline$3$1.accept(ReferencePipeline.java:197)
	at java.base/java.util.ArrayList$ArrayListSpliterator.forEachRemaining(ArrayList.java:1708)
	at java.base/java.util.stream.AbstractPipeline.copyInto(AbstractPipeline.java:509)
	at java.base/java.util.stream.AbstractPipeline.wrapAndCopyInto(AbstractPipeline.java:499)
	at java.base/java.util.stream.ForEachOps$ForEachOp.evaluateSequential(ForEachOps.java:151)
	at java.base/java.util.stream.ForEachOps$ForEachOp$OfRef.evaluateSequential(ForEachOps.java:174)
	at java.base/java.util.stream.AbstractPipeline.evaluate(AbstractPipeline.java:234)
	at java.base/java.util.stream.ReferencePipeline.forEach(ReferencePipeline.java:596)
	at java.base/java.util.stream.ReferencePipeline$7$1.accept(ReferencePipeline.java:276)
	at java.base/java.util.ArrayList$ArrayListSpliterator.forEachRemaining(ArrayList.java:1708)
	at java.base/java.util.stream.AbstractPipeline.copyInto(AbstractPipeline.java:509)
	at java.base/java.util.stream.AbstractPipeline.wrapAndCopyInto(AbstractPipeline.java:499)
	at java.base/java.util.stream.ForEachOps$ForEachOp.evaluateSequential(ForEachOps.java:151)
	at java.base/java.util.stream.ForEachOps$ForEachOp$OfRef.evaluateSequential(ForEachOps.java:174)
	at java.base/java.util.stream.AbstractPipeline.evaluate(AbstractPipeline.java:234)
	at java.base/java.util.stream.ReferencePipeline.forEach(ReferencePipeline.java:596)
	at org.junit.jupiter.engine.descriptor.TestTemplateTestDescriptor.execute(TestTemplateTestDescriptor.java:109)
	at org.junit.jupiter.engine.descriptor.TestTemplateTestDescriptor.execute(TestTemplateTestDescriptor.java:43)
	at org.junit.platform.engine.support.hierarchical.NodeTestTask.lambda$executeRecursively$6(NodeTestTask.java:156)
	at org.junit.platform.engine.support.hierarchical.ThrowableCollector.execute(ThrowableCollector.java:73)
	at org.junit.platform.engine.support.hierarchical.NodeTestTask.lambda$executeRecursively$8(NodeTestTask.java:146)
	at org.junit.platform.engine.support.hierarchical.Node.around(Node.java:137)
	at org.junit.platform.engine.support.hierarchical.NodeTestTask.lambda$executeRecursively$9(NodeTestTask.java:144)
	at org.junit.platform.engine.support.hierarchical.ThrowableCollector.execute(ThrowableCollector.java:73)
	at org.junit.platform.engine.support.hierarchical.NodeTestTask.executeRecursively(NodeTestTask.java:143)
	at org.junit.platform.engine.support.hierarchical.NodeTestTask.execute(NodeTestTask.java:100)
	at org.junit.platform.engine.support.hierarchical.ForkJoinPoolHierarchicalTestExecutorService$ExclusiveTask.exec(ForkJoinPoolHierarchicalTestExecutorService.java:274)
	at org.junit.platform.engine.support.hierarchical.ForkJoinPoolHierarchicalTestExecutorService$ExclusiveTask.execSync(ForkJoinPoolHierarchicalTestExecutorService.java:247)
	at org.junit.platform.engine.support.hierarchical.ForkJoinPoolHierarchicalTestExecutorService.executeSync(ForkJoinPoolHierarchicalTestExecutorService.java:194)
	at org.junit.platform.engine.support.hierarchical.ForkJoinPoolHierarchicalTestExecutorService.invokeAll(ForkJoinPoolHierarchicalTestExecutorService.java:166)
	at org.junit.platform.engine.support.hierarchical.NodeTestTask.lambda$executeRecursively$6(NodeTestTask.java:160)
	at org.junit.platform.engine.support.hierarchical.ThrowableCollector.execute(ThrowableCollector.java:73)
	at org.junit.platform.engine.support.hierarchical.NodeTestTask.lambda$executeRecursively$8(NodeTestTask.java:146)
	at org.junit.platform.engine.support.hierarchical.Node.around(Node.java:137)
	at org.junit.platform.engine.support.hierarchical.NodeTestTask.lambda$executeRecursively$9(NodeTestTask.java:144)
	at org.junit.platform.engine.support.hierarchical.ThrowableCollector.execute(ThrowableCollector.java:73)
	at org.junit.platform.engine.support.hierarchical.NodeTestTask.executeRecursively(NodeTestTask.java:143)
	at org.junit.platform.engine.support.hierarchical.NodeTestTask.execute(NodeTestTask.java:100)
	at org.junit.platform.engine.support.hierarchical.ForkJoinPoolHierarchicalTestExecutorService$ExclusiveTask.exec(ForkJoinPoolHierarchicalTestExecutorService.java:274)
	at java.base/java.util.concurrent.ForkJoinTask.doExec(ForkJoinTask.java:387)
	at java.base/java.util.concurrent.ForkJoinPool$WorkQueue.topLevelExec(ForkJoinPool.java:1312)
	at java.base/java.util.concurrent.ForkJoinPool.scan(ForkJoinPool.java:1843)
	at java.base/java.util.concurrent.ForkJoinPool.runWorker(ForkJoinPool.java:1808)
	at java.base/java.util.concurrent.ForkJoinWorkerThread.run(ForkJoinWorkerThread.java:188)
    23:48:49.864 | 463 ool-1-worker-227 | DEBUG | .c.s.m.InstanceMessageReceiveService : Received schedule participant score for exercise 3210 and participant 773 (result to be deleted: null)
    23:48:49.865 | 463 ool-1-worker-227 | DEBUG | .a.s.ParticipantScoreScheduleService : Scheduled task for exercise 3210 and participant 773 at 2025-02-14T23:48:49.965004709Z[Etc/UTC].
    23:48:49.865 | 463 ool-1-worker-227 | DEBUG | .a.a.p.s.ProgrammingMessagingService : Send result to client over websocket. Result: Result{id774, completionDate=2025-02-14T23:48:49.838330500Z, successful=false, score=0.0, rated=true, assessmentType=AUTOMATIC, hasComplaint=null, testCaseCount=0, passedTestCaseCount=0, codeIssueCount=0}, Submission: ProgrammingSubmission{commitHash='9b3a9bd71a0d80e5bbc42204c319ed3d1d4f0d6d', buildFailed=true, buildArtifact=false, type=MANUAL}, Participation: ProgrammingExerciseStudentParticipation{id=3925, repositoryUri='https://version-control.fake.fake/git/SHORTF6C4B413040A0041C208A9E06FEAFB453C6CTSTEXC/shortf6c4b413040a0041c208a9e06feafb453c6ctstexc-progsubresgitlabjenstudent1.git', buildPlanId='SHORTF6C4B413040A0041C208A9E06FEAFB453C6CTSTEXC-PROGSUBRESGITLABJENSTUDENT1', initializationState='INITIALIZED', initializationDate='2025-02-14T23:48:49.836527Z', individualDueDate=null', presentationScore=null}
    23:48:49.868 | 463 ool-1-worker-227 | INFO  | d.t.c.a.a.a.w.o.PublicResultResource : The new result for SHORTF6C4B413040A0041C208A9E06FEAFB453C6CTSTEXC-PROGSUBRESGITLABJENSTUDENT1 was saved successfully
    23:48:49.871 | 463 ool-1-worker-227 | DEBUG | d.t.c.a.a.c.s.f.ApiVersionFilter     : Adding Version to Request GET /api/repository/3925/buildlogs
    23:48:49.871 | 463 ool-1-worker-227 | DEBUG | rammingExerciseParticipationResource : REST request to get build log : 3925

  Starting logs for ProgrammingSubmissionAndResultGitlabJenkinsIntegrationTest > shouldSaveBuildLogsOnStudentParticipationWithoutSubmissionNorResult(ProgrammingLanguage, boolean) [6] programmingLanguage=RUBY, enableStaticCodeAnalysis=false
    23:48:49.884 | 463 ool-1-worker-227 | DEBUG | d.t.c.a.a.c.u.util.UserUtilService   : Generate 3 students...
    23:48:49.888 | 463 ool-1-worker-227 | DEBUG | d.t.c.a.a.c.u.util.UserUtilService   : 3 students generated. Generate 2 tutors...
    23:48:49.891 | 463 ool-1-worker-227 | DEBUG | d.t.c.a.a.c.u.util.UserUtilService   : 2 tutors generated. Generate 0 editors...
    23:48:49.892 | 463 ool-1-worker-227 | DEBUG | d.t.c.a.a.c.u.util.UserUtilService   : 0 editors generated. Generate 2 instructors...
    23:48:49.895 | 463 ool-1-worker-227 | DEBUG | d.t.c.a.a.c.u.util.UserUtilService   : 2 instructors generated
    23:48:49.896 | 463 ool-1-worker-227 | DEBUG | d.t.c.a.a.c.u.util.UserUtilService   : Removing 7 users from all courses...
    23:48:49.897 | 463 ool-1-worker-227 | DEBUG | d.t.c.a.a.c.u.util.UserUtilService   : Removing 7 users from all courses. Done
    23:48:49.897 | 463 ool-1-worker-227 | DEBUG | d.t.c.a.a.c.u.util.UserUtilService   : Save 7 users to database...
    23:48:49.900 | 463 ool-1-worker-227 | DEBUG | d.t.c.a.a.c.u.util.UserUtilService   : Save 7 users to database. Done
    23:48:49.914 | 463 ool-1-worker-227 | DEBUG | PersonalAccessTokenManagementService : Generate secure vcs access token
    23:48:49.917 | 463 ool-1-worker-227 | DEBUG | PersonalAccessTokenManagementService : Generate secure vcs access token
    23:48:49.919 | 463 ool-1-worker-227 | INFO  | i.z.t.d.l.EmbeddedDatabaseReporter   : JDBC URL to connect to 'dataSource': url='jdbc:h2:tcp://localhost:41063/mem:736625c0-cf5e-400d-aeaa-8a7eabd6262b;USER=sa', scope='ProgrammingSubmissionAndResultGitlabJenkinsIntegrationTest#shouldSaveBuildLogsOnStudentParticipationWithoutSubmissionNorResult'
    23:48:49.931 | 463 ool-1-worker-227 | DEBUG | PersonalAccessTokenManagementService : Generate secure vcs access token
    23:48:49.935 | 463 ool-1-worker-227 | DEBUG | d.t.c.a.a.c.s.f.ApiVersionFilter     : Adding Version to Request POST /api/public/programming-exercises/new-result
    23:48:49.935 | 463 ool-1-worker-227 | DEBUG | d.t.c.a.a.a.w.o.PublicResultResource : Received result notify (NEW)
    23:48:49.937 | 463 ool-1-worker-227 | INFO  | d.t.c.a.a.a.w.o.PublicResultResource : Artemis received a new result for build plan SHORT9260DC560DE4D04F190BA5E0FC0BE29EC2E1TSTEXC-PROGSUBRESGITLABJENSTUDENT1
    23:48:49.939 | 463 ool-1-worker-227 | DEBUG | .s.ProgrammingExerciseGradingService : Received new build result (NEW) for participation 3932
    23:48:49.942 | 463 ool-1-worker-227 | WARN  | .s.ProgrammingExerciseGradingService : Could not find pending ProgrammingSubmission for Commit Hash 9b3a9bd71a0d80e5bbc42204c319ed3d1d4f0d6d (Participation 3932, Build Plan SHORT9260DC560DE4D04F190BA5E0FC0BE29EC2E1TSTEXC-PROGSUBRESGITLABJENSTUDENT1). Will create a new one subsequently...
    23:48:49.942 | 463 ool-1-worker-227 | ERROR | .s.ProgrammingExerciseGradingService : Could not retrieve push date for participation 3932 and build plan SHORT9260DC560DE4D04F190BA5E0FC0BE29EC2E1TSTEXC-PROGSUBRESGITLABJENSTUDENT1
de.tum.cit.aet.artemis.programming.service.gitlab.GitLabException: Could not find build queue date for participation 3932
	at de.tum.cit.aet.artemis.programming.service.gitlab.GitLabService.getPushDate(GitLabService.java:369)
	at de.tum.cit.aet.artemis.programming.service.gitlab.GitLabService.getPushDate(GitLabService.java:358)
	at de.tum.cit.aet.artemis.programming.service.ProgrammingExerciseGradingService.createAndSaveFallbackSubmission(ProgrammingExerciseGradingService.java:286)
	at de.tum.cit.aet.artemis.programming.service.ProgrammingExerciseGradingService.createAndSaveFallbackSubmission(ProgrammingExerciseGradingService.java:272)
	at de.tum.cit.aet.artemis.programming.service.ProgrammingExerciseGradingService.lambda$processNewProgrammingExerciseResult$0(ProgrammingExerciseGradingService.java:177)
	at java.base/java.util.Optional.orElseGet(Optional.java:364)
	at de.tum.cit.aet.artemis.programming.service.ProgrammingExerciseGradingService.processNewProgrammingExerciseResult(ProgrammingExerciseGradingService.java:177)
	at de.tum.cit.aet.artemis.programming.service.ProgrammingExerciseGradingService.processNewProgrammingExerciseResult(ProgrammingExerciseGradingService.java:156)
	at de.tum.cit.aet.artemis.assessment.web.open.PublicResultResource.processNewProgrammingExerciseResult(PublicResultResource.java:113)
	at java.base/jdk.internal.reflect.DirectMethodHandleAccessor.invoke(DirectMethodHandleAccessor.java:103)
	at java.base/java.lang.reflect.Method.invoke(Method.java:580)
	at org.springframework.aop.support.AopUtils.invokeJoinpointUsingReflection(AopUtils.java:359)
	at org.springframework.aop.framework.ReflectiveMethodInvocation.invokeJoinpoint(ReflectiveMethodInvocation.java:196)
	at org.springframework.aop.framework.ReflectiveMethodInvocation.proceed(ReflectiveMethodInvocation.java:163)
	at org.springframework.security.authorization.method.AuthorizationManagerBeforeMethodInterceptor.proceed(AuthorizationManagerBeforeMethodInterceptor.java:268)
	at org.springframework.security.authorization.method.AuthorizationManagerBeforeMethodInterceptor.attemptAuthorization(AuthorizationManagerBeforeMethodInterceptor.java:263)
	at org.springframework.security.authorization.method.AuthorizationManagerBeforeMethodInterceptor.invoke(AuthorizationManagerBeforeMethodInterceptor.java:196)
	at org.springframework.security.config.annotation.method.configuration.DeferringMethodInterceptor.invoke(DeferringMethodInterceptor.java:44)
	at org.springframework.aop.framework.ReflectiveMethodInvocation.proceed(ReflectiveMethodInvocation.java:184)
	at org.springframework.aop.framework.CglibAopProxy$DynamicAdvisedInterceptor.intercept(CglibAopProxy.java:727)
	at de.tum.cit.aet.artemis.assessment.web.open.PublicResultResource$$SpringCGLIB$$0.processNewProgrammingExerciseResult(<generated>)
	at java.base/jdk.internal.reflect.DirectMethodHandleAccessor.invoke(DirectMethodHandleAccessor.java:103)
	at java.base/java.lang.reflect.Method.invoke(Method.java:580)
	at org.springframework.web.method.support.InvocableHandlerMethod.doInvoke(InvocableHandlerMethod.java:257)
	at org.springframework.web.method.support.InvocableHandlerMethod.invokeForRequest(InvocableHandlerMethod.java:190)
	at org.springframework.web.servlet.mvc.method.annotation.ServletInvocableHandlerMethod.invokeAndHandle(ServletInvocableHandlerMethod.java:118)
	at org.springframework.web.servlet.mvc.method.annotation.RequestMappingHandlerAdapter.invokeHandlerMethod(RequestMappingHandlerAdapter.java:986)
	at org.springframework.web.servlet.mvc.method.annotation.RequestMappingHandlerAdapter.handleInternal(RequestMappingHandlerAdapter.java:891)
	at org.springframework.web.servlet.mvc.method.AbstractHandlerMethodAdapter.handle(AbstractHandlerMethodAdapter.java:87)
	at org.springframework.web.servlet.DispatcherServlet.doDispatch(DispatcherServlet.java:1088)
	at org.springframework.web.servlet.DispatcherServlet.doService(DispatcherServlet.java:978)
	at org.springframework.web.servlet.FrameworkServlet.processRequest(FrameworkServlet.java:1014)
	at org.springframework.web.servlet.FrameworkServlet.doPost(FrameworkServlet.java:914)
	at jakarta.servlet.http.HttpServlet.service(HttpServlet.java:547)
	at org.springframework.web.servlet.FrameworkServlet.service(FrameworkServlet.java:885)
	at org.springframework.test.web.servlet.TestDispatcherServlet.service(TestDispatcherServlet.java:72)
	at jakarta.servlet.http.HttpServlet.service(HttpServlet.java:614)
	at org.springframework.mock.web.MockFilterChain$ServletFilterProxy.doFilter(MockFilterChain.java:165)
	at org.springframework.mock.web.MockFilterChain.doFilter(MockFilterChain.java:132)
	at org.springframework.web.filter.OncePerRequestFilter.doFilter(OncePerRequestFilter.java:110)
	at org.springframework.test.web.servlet.setup.MockMvcFilterDecorator.doFilter(MockMvcFilterDecorator.java:162)
	at org.springframework.mock.web.MockFilterChain.doFilter(MockFilterChain.java:132)
	at de.tum.cit.aet.artemis.core.security.filter.ApiVersionFilter.doFilter(ApiVersionFilter.java:55)
	at org.springframework.test.web.servlet.setup.MockMvcFilterDecorator.doFilter(MockMvcFilterDecorator.java:162)
	at org.springframework.mock.web.MockFilterChain.doFilter(MockFilterChain.java:132)
	at io.sentry.spring.jakarta.SentryUserFilter.doFilterInternal(SentryUserFilter.java:56)
	at org.springframework.web.filter.OncePerRequestFilter.doFilter(OncePerRequestFilter.java:116)
	at org.springframework.test.web.servlet.setup.MockMvcFilterDecorator.doFilter(MockMvcFilterDecorator.java:162)
	at org.springframework.mock.web.MockFilterChain.doFilter(MockFilterChain.java:132)
	at org.springframework.web.filter.CompositeFilter$VirtualFilterChain.doFilter(CompositeFilter.java:108)
	at org.springframework.security.web.FilterChainProxy.lambda$doFilterInternal$3(FilterChainProxy.java:231)
	at org.springframework.security.web.ObservationFilterChainDecorator$FilterObservation$SimpleFilterObservation.lambda$wrap$1(ObservationFilterChainDecorator.java:479)
	at org.springframework.security.web.ObservationFilterChainDecorator$AroundFilterObservation$SimpleAroundFilterObservation.lambda$wrap$1(ObservationFilterChainDecorator.java:340)
	at org.springframework.security.web.ObservationFilterChainDecorator.lambda$wrapSecured$0(ObservationFilterChainDecorator.java:82)
	at org.springframework.security.web.ObservationFilterChainDecorator$VirtualFilterChain.doFilter(ObservationFilterChainDecorator.java:128)
	at org.springframework.security.web.access.intercept.AuthorizationFilter.doFilter(AuthorizationFilter.java:101)
	at org.springframework.security.web.ObservationFilterChainDecorator$ObservationFilter.wrapFilter(ObservationFilterChainDecorator.java:240)
	at org.springframework.security.web.ObservationFilterChainDecorator$ObservationFilter.doFilter(ObservationFilterChainDecorator.java:227)
	at org.springframework.security.web.ObservationFilterChainDecorator$VirtualFilterChain.doFilter(ObservationFilterChainDecorator.java:137)
	at org.springframework.security.web.access.ExceptionTranslationFilter.doFilter(ExceptionTranslationFilter.java:126)
	at org.springframework.security.web.access.ExceptionTranslationFilter.doFilter(ExceptionTranslationFilter.java:120)
	at org.springframework.security.web.ObservationFilterChainDecorator$ObservationFilter.wrapFilter(ObservationFilterChainDecorator.java:240)
	at org.springframework.security.web.ObservationFilterChainDecorator$ObservationFilter.doFilter(ObservationFilterChainDecorator.java:227)
	at org.springframework.security.web.ObservationFilterChainDecorator$VirtualFilterChain.doFilter(ObservationFilterChainDecorator.java:137)
	at org.springframework.security.web.session.SessionManagementFilter.doFilter(SessionManagementFilter.java:131)
	at org.springframework.security.web.session.SessionManagementFilter.doFilter(SessionManagementFilter.java:85)
	at org.springframework.security.web.ObservationFilterChainDecorator$ObservationFilter.wrapFilter(ObservationFilterChainDecorator.java:240)
	at org.springframework.security.web.ObservationFilterChainDecorator$ObservationFilter.doFilter(ObservationFilterChainDecorator.java:227)
	at org.springframework.security.web.ObservationFilterChainDecorator$VirtualFilterChain.doFilter(ObservationFilterChainDecorator.java:137)
	at org.springframework.security.web.authentication.AnonymousAuthenticationFilter.doFilter(AnonymousAuthenticationFilter.java:100)
	at org.springframework.security.web.ObservationFilterChainDecorator$ObservationFilter.wrapFilter(ObservationFilterChainDecorator.java:240)
	at org.springframework.security.web.ObservationFilterChainDecorator$ObservationFilter.doFilter(ObservationFilterChainDecorator.java:227)
	at org.springframework.security.web.ObservationFilterChainDecorator$VirtualFilterChain.doFilter(ObservationFilterChainDecorator.java:137)
	at org.springframework.security.web.servletapi.SecurityContextHolderAwareRequestFilter.doFilter(SecurityContextHolderAwareRequestFilter.java:179)
	at org.springframework.security.web.ObservationFilterChainDecorator$ObservationFilter.wrapFilter(ObservationFilterChainDecorator.java:240)
	at org.springframework.security.web.ObservationFilterChainDecorator$ObservationFilter.doFilter(ObservationFilterChainDecorator.java:227)
	at org.springframework.security.web.ObservationFilterChainDecorator$VirtualFilterChain.doFilter(ObservationFilterChainDecorator.java:137)
	at org.springframework.security.web.savedrequest.RequestCacheAwareFilter.doFilter(RequestCacheAwareFilter.java:63)
	at org.springframework.security.web.ObservationFilterChainDecorator$ObservationFilter.wrapFilter(ObservationFilterChainDecorator.java:240)
	at org.springframework.security.web.ObservationFilterChainDecorator$ObservationFilter.doFilter(ObservationFilterChainDecorator.java:227)
	at org.springframework.security.web.ObservationFilterChainDecorator$VirtualFilterChain.doFilter(ObservationFilterChainDecorator.java:137)
	at de.tum.cit.aet.artemis.core.security.filter.SpaWebFilter.doFilterInternal(SpaWebFilter.java:23)
	at org.springframework.web.filter.OncePerRequestFilter.doFilter(OncePerRequestFilter.java:116)
	at org.springframework.security.web.ObservationFilterChainDecorator$ObservationFilter.wrapFilter(ObservationFilterChainDecorator.java:240)
	at org.springframework.security.web.ObservationFilterChainDecorator$ObservationFilter.doFilter(ObservationFilterChainDecorator.java:227)
	at org.springframework.security.web.ObservationFilterChainDecorator$VirtualFilterChain.doFilter(ObservationFilterChainDecorator.java:137)
	at org.springframework.web.filter.OncePerRequestFilter.doFilter(OncePerRequestFilter.java:110)
	at org.springframework.security.web.ObservationFilterChainDecorator$ObservationFilter.wrapFilter(ObservationFilterChainDecorator.java:240)
	at org.springframework.security.web.ObservationFilterChainDecorator$ObservationFilter.doFilter(ObservationFilterChainDecorator.java:227)
	at org.springframework.security.web.ObservationFilterChainDecorator$VirtualFilterChain.doFilter(ObservationFilterChainDecorator.java:137)
	at de.tum.cit.aet.artemis.lti.config.Lti13LaunchFilter.doFilterInternal(Lti13LaunchFilter.java:60)
	at org.springframework.web.filter.OncePerRequestFilter.doFilter(OncePerRequestFilter.java:116)
	at org.springframework.security.web.ObservationFilterChainDecorator$ObservationFilter.wrapFilter(ObservationFilterChainDecorator.java:240)
	at org.springframework.security.web.ObservationFilterChainDecorator$ObservationFilter.doFilter(ObservationFilterChainDecorator.java:227)
	at org.springframework.security.web.ObservationFilterChainDecorator$VirtualFilterChain.doFilter(ObservationFilterChainDecorator.java:137)
	at de.tum.cit.aet.artemis.core.security.jwt.JWTFilter.doFilter(JWTFilter.java:55)
	at org.springframework.security.web.ObservationFilterChainDecorator$ObservationFilter.wrapFilter(ObservationFilterChainDecorator.java:240)
	at org.springframework.security.web.ObservationFilterChainDecorator$ObservationFilter.doFilter(ObservationFilterChainDecorator.java:227)
	at org.springframework.security.web.ObservationFilterChainDecorator$VirtualFilterChain.doFilter(ObservationFilterChainDecorator.java:137)
	at de.tum.cit.aet.artemis.core.security.jwt.JWTFilter.doFilter(JWTFilter.java:55)
	at org.springframework.security.web.ObservationFilterChainDecorator$ObservationFilter.wrapFilter(ObservationFilterChainDecorator.java:240)
	at org.springframework.security.web.ObservationFilterChainDecorator$ObservationFilter.doFilter(ObservationFilterChainDecorator.java:227)
	at org.springframework.security.web.ObservationFilterChainDecorator$VirtualFilterChain.doFilter(ObservationFilterChainDecorator.java:137)
	at org.springframework.web.filter.CorsFilter.doFilterInternal(CorsFilter.java:91)
	at org.springframework.web.filter.OncePerRequestFilter.doFilter(OncePerRequestFilter.java:116)
	at org.springframework.security.web.ObservationFilterChainDecorator$ObservationFilter.wrapFilter(ObservationFilterChainDecorator.java:240)
	at org.springframework.security.web.ObservationFilterChainDecorator$ObservationFilter.doFilter(ObservationFilterChainDecorator.java:227)
	at org.springframework.security.web.ObservationFilterChainDecorator$VirtualFilterChain.doFilter(ObservationFilterChainDecorator.java:137)
	at org.springframework.web.filter.OncePerRequestFilter.doFilter(OncePerRequestFilter.java:110)
	at org.springframework.security.web.ObservationFilterChainDecorator$ObservationFilter.wrapFilter(ObservationFilterChainDecorator.java:240)
	at org.springframework.security.web.ObservationFilterChainDecorator$ObservationFilter.doFilter(ObservationFilterChainDecorator.java:227)
	at org.springframework.security.web.ObservationFilterChainDecorator$VirtualFilterChain.doFilter(ObservationFilterChainDecorator.java:137)
	at uk.ac.ox.ctl.lti13.security.oauth2.client.lti.web.OAuth2AuthorizationRequestRedirectFilter.doFilterInternal(OAuth2AuthorizationRequestRedirectFilter.java:142)
	at org.springframework.web.filter.OncePerRequestFilter.doFilter(OncePerRequestFilter.java:116)
	at org.springframework.security.web.ObservationFilterChainDecorator$ObservationFilter.wrapFilter(ObservationFilterChainDecorator.java:240)
	at org.springframework.security.web.ObservationFilterChainDecorator$ObservationFilter.doFilter(ObservationFilterChainDecorator.java:227)
	at org.springframework.security.web.ObservationFilterChainDecorator$VirtualFilterChain.doFilter(ObservationFilterChainDecorator.java:137)
	at org.springframework.security.web.authentication.logout.LogoutFilter.doFilter(LogoutFilter.java:107)
	at org.springframework.security.web.authentication.logout.LogoutFilter.doFilter(LogoutFilter.java:93)
	at org.springframework.security.web.ObservationFilterChainDecorator$ObservationFilter.wrapFilter(ObservationFilterChainDecorator.java:240)
	at org.springframework.security.web.ObservationFilterChainDecorator$ObservationFilter.doFilter(ObservationFilterChainDecorator.java:227)
	at org.springframework.security.web.ObservationFilterChainDecorator$VirtualFilterChain.doFilter(ObservationFilterChainDecorator.java:137)
	at org.springframework.security.web.header.HeaderWriterFilter.doHeadersAfter(HeaderWriterFilter.java:90)
	at org.springframework.security.web.header.HeaderWriterFilter.doFilterInternal(HeaderWriterFilter.java:75)
	at org.springframework.web.filter.OncePerRequestFilter.doFilter(OncePerRequestFilter.java:116)
	at org.springframework.security.web.ObservationFilterChainDecorator$ObservationFilter.wrapFilter(ObservationFilterChainDecorator.java:240)
	at org.springframework.security.web.ObservationFilterChainDecorator$ObservationFilter.doFilter(ObservationFilterChainDecorator.java:227)
	at org.springframework.security.web.ObservationFilterChainDecorator$VirtualFilterChain.doFilter(ObservationFilterChainDecorator.java:137)
	at org.springframework.security.web.context.SecurityContextHolderFilter.doFilter(SecurityContextHolderFilter.java:82)
	at org.springframework.security.web.context.SecurityContextHolderFilter.doFilter(SecurityContextHolderFilter.java:69)
	at org.springframework.security.web.ObservationFilterChainDecorator$ObservationFilter.wrapFilter(ObservationFilterChainDecorator.java:240)
	at org.springframework.security.web.ObservationFilterChainDecorator$ObservationFilter.doFilter(ObservationFilterChainDecorator.java:227)
	at org.springframework.security.web.ObservationFilterChainDecorator$VirtualFilterChain.doFilter(ObservationFilterChainDecorator.java:137)
	at org.springframework.security.web.context.request.async.WebAsyncManagerIntegrationFilter.doFilterInternal(WebAsyncManagerIntegrationFilter.java:62)
	at org.springframework.web.filter.OncePerRequestFilter.doFilter(OncePerRequestFilter.java:116)
	at org.springframework.security.web.ObservationFilterChainDecorator$ObservationFilter.wrapFilter(ObservationFilterChainDecorator.java:240)
	at org.springframework.security.web.ObservationFilterChainDecorator$ObservationFilter.doFilter(ObservationFilterChainDecorator.java:227)
	at org.springframework.security.web.ObservationFilterChainDecorator$VirtualFilterChain.doFilter(ObservationFilterChainDecorator.java:137)
	at org.springframework.security.web.session.DisableEncodeUrlFilter.doFilterInternal(DisableEncodeUrlFilter.java:42)
	at org.springframework.web.filter.OncePerRequestFilter.doFilter(OncePerRequestFilter.java:116)
	at org.springframework.security.web.ObservationFilterChainDecorator$ObservationFilter.wrapFilter(ObservationFilterChainDecorator.java:240)
	at org.springframework.security.web.ObservationFilterChainDecorator$AroundFilterObservation$SimpleAroundFilterObservation.lambda$wrap$0(ObservationFilterChainDecorator.java:323)
	at org.springframework.security.web.ObservationFilterChainDecorator$ObservationFilter.doFilter(ObservationFilterChainDecorator.java:224)
	at org.springframework.security.web.ObservationFilterChainDecorator$VirtualFilterChain.doFilter(ObservationFilterChainDecorator.java:137)
	at org.springframework.security.web.FilterChainProxy.doFilterInternal(FilterChainProxy.java:233)
	at org.springframework.security.web.FilterChainProxy.doFilter(FilterChainProxy.java:191)
	at org.springframework.web.filter.CompositeFilter$VirtualFilterChain.doFilter(CompositeFilter.java:113)
	at org.springframework.web.servlet.handler.HandlerMappingIntrospector.lambda$createCacheFilter$3(HandlerMappingIntrospector.java:243)
	at org.springframework.web.filter.CompositeFilter$VirtualFilterChain.doFilter(CompositeFilter.java:113)
	at org.springframework.web.filter.CompositeFilter.doFilter(CompositeFilter.java:74)
	at org.springframework.security.config.annotation.web.configuration.WebMvcSecurityConfiguration$CompositeFilterChainProxy.doFilter(WebMvcSecurityConfiguration.java:238)
	at org.springframework.web.filter.DelegatingFilterProxy.invokeDelegate(DelegatingFilterProxy.java:362)
	at org.springframework.web.filter.DelegatingFilterProxy.doFilter(DelegatingFilterProxy.java:278)
	at org.springframework.test.web.servlet.setup.MockMvcFilterDecorator.doFilter(MockMvcFilterDecorator.java:162)
	at org.springframework.mock.web.MockFilterChain.doFilter(MockFilterChain.java:132)
	at org.springframework.web.filter.RequestContextFilter.doFilterInternal(RequestContextFilter.java:100)
	at org.springframework.web.filter.OncePerRequestFilter.doFilter(OncePerRequestFilter.java:116)
	at org.springframework.test.web.servlet.setup.MockMvcFilterDecorator.doFilter(MockMvcFilterDecorator.java:162)
	at org.springframework.mock.web.MockFilterChain.doFilter(MockFilterChain.java:132)
	at org.springframework.web.filter.FormContentFilter.doFilterInternal(FormContentFilter.java:93)
	at org.springframework.web.filter.OncePerRequestFilter.doFilter(OncePerRequestFilter.java:116)
	at org.springframework.test.web.servlet.setup.MockMvcFilterDecorator.doFilter(MockMvcFilterDecorator.java:162)
	at org.springframework.mock.web.MockFilterChain.doFilter(MockFilterChain.java:132)
	at org.springframework.web.filter.ServerHttpObservationFilter.doFilterInternal(ServerHttpObservationFilter.java:114)
	at org.springframework.web.filter.OncePerRequestFilter.doFilter(OncePerRequestFilter.java:116)
	at org.springframework.test.web.servlet.setup.MockMvcFilterDecorator.doFilter(MockMvcFilterDecorator.java:162)
	at org.springframework.mock.web.MockFilterChain.doFilter(MockFilterChain.java:132)
	at io.sentry.spring.jakarta.tracing.SentryTracingFilter.doFilterInternal(SentryTracingFilter.java:91)
	at org.springframework.web.filter.OncePerRequestFilter.doFilter(OncePerRequestFilter.java:116)
	at org.springframework.test.web.servlet.setup.MockMvcFilterDecorator.doFilter(MockMvcFilterDecorator.java:162)
	at org.springframework.mock.web.MockFilterChain.doFilter(MockFilterChain.java:132)
	at org.springframework.web.filter.CharacterEncodingFilter.doFilterInternal(CharacterEncodingFilter.java:201)
	at org.springframework.web.filter.OncePerRequestFilter.doFilter(OncePerRequestFilter.java:116)
	at org.springframework.test.web.servlet.setup.MockMvcFilterDecorator.doFilter(MockMvcFilterDecorator.java:162)
	at org.springframework.mock.web.MockFilterChain.doFilter(MockFilterChain.java:132)
	at io.sentry.spring.jakarta.SentrySpringFilter.doFilterInternal(SentrySpringFilter.java:76)
	at org.springframework.web.filter.OncePerRequestFilter.doFilter(OncePerRequestFilter.java:116)
	at org.springframework.test.web.servlet.setup.MockMvcFilterDecorator.doFilter(MockMvcFilterDecorator.java:162)
	at org.springframework.mock.web.MockFilterChain.doFilter(MockFilterChain.java:132)
	at org.springframework.test.web.servlet.MockMvc.perform(MockMvc.java:201)
	at de.tum.cit.aet.artemis.core.util.RequestUtilService.performMvcRequest(RequestUtilService.java:79)
	at de.tum.cit.aet.artemis.core.util.RequestUtilService.postWithoutLocation(RequestUtilService.java:213)
	at de.tum.cit.aet.artemis.core.util.RequestUtilService.postWithoutLocation(RequestUtilService.java:199)
	at de.tum.cit.aet.artemis.programming.ProgrammingSubmissionAndResultGitlabJenkinsIntegrationTest.postResult(ProgrammingSubmissionAndResultGitlabJenkinsIntegrationTest.java:413)
	at de.tum.cit.aet.artemis.programming.ProgrammingSubmissionAndResultGitlabJenkinsIntegrationTest.shouldSaveBuildLogsOnStudentParticipationWithoutSubmissionNorResult(ProgrammingSubmissionAndResultGitlabJenkinsIntegrationTest.java:338)
	at java.base/jdk.internal.reflect.DirectMethodHandleAccessor.invoke(DirectMethodHandleAccessor.java:103)
	at java.base/java.lang.reflect.Method.invoke(Method.java:580)
	at org.junit.platform.commons.util.ReflectionUtils.invokeMethod(ReflectionUtils.java:767)
	at org.junit.jupiter.engine.execution.MethodInvocation.proceed(MethodInvocation.java:60)
	at org.junit.jupiter.engine.execution.InvocationInterceptorChain$ValidatingInvocation.proceed(InvocationInterceptorChain.java:131)
	at org.junit.jupiter.engine.extension.TimeoutExtension.intercept(TimeoutExtension.java:156)
	at org.junit.jupiter.engine.extension.TimeoutExtension.interceptTestableMethod(TimeoutExtension.java:147)
	at org.junit.jupiter.engine.extension.TimeoutExtension.interceptTestTemplateMethod(TimeoutExtension.java:94)
	at org.junit.jupiter.engine.execution.InterceptingExecutableInvoker$ReflectiveInterceptorCall.lambda$ofVoidMethod$0(InterceptingExecutableInvoker.java:103)
	at org.junit.jupiter.engine.execution.InterceptingExecutableInvoker.lambda$invoke$0(InterceptingExecutableInvoker.java:93)
	at org.junit.jupiter.engine.execution.InvocationInterceptorChain$InterceptedInvocation.proceed(InvocationInterceptorChain.java:106)
	at org.junit.jupiter.engine.execution.InvocationInterceptorChain.proceed(InvocationInterceptorChain.java:64)
	at org.junit.jupiter.engine.execution.InvocationInterceptorChain.chainAndInvoke(InvocationInterceptorChain.java:45)
	at org.junit.jupiter.engine.execution.InvocationInterceptorChain.invoke(InvocationInterceptorChain.java:37)
	at org.junit.jupiter.engine.execution.InterceptingExecutableInvoker.invoke(InterceptingExecutableInvoker.java:92)
	at org.junit.jupiter.engine.execution.InterceptingExecutableInvoker.invoke(InterceptingExecutableInvoker.java:86)
	at org.junit.jupiter.engine.descriptor.TestMethodTestDescriptor.lambda$invokeTestMethod$8(TestMethodTestDescriptor.java:217)
	at org.junit.platform.engine.support.hierarchical.ThrowableCollector.execute(ThrowableCollector.java:73)
	at org.junit.jupiter.engine.descriptor.TestMethodTestDescriptor.invokeTestMethod(TestMethodTestDescriptor.java:213)
	at org.junit.jupiter.engine.descriptor.TestMethodTestDescriptor.execute(TestMethodTestDescriptor.java:138)
	at org.junit.jupiter.engine.descriptor.TestMethodTestDescriptor.execute(TestMethodTestDescriptor.java:68)
	at org.junit.platform.engine.support.hierarchical.NodeTestTask.lambda$executeRecursively$6(NodeTestTask.java:156)
	at org.junit.platform.engine.support.hierarchical.ThrowableCollector.execute(ThrowableCollector.java:73)
	at org.junit.platform.engine.support.hierarchical.NodeTestTask.lambda$executeRecursively$8(NodeTestTask.java:146)
	at org.junit.platform.engine.support.hierarchical.Node.around(Node.java:137)
	at org.junit.platform.engine.support.hierarchical.NodeTestTask.lambda$executeRecursively$9(NodeTestTask.java:144)
	at org.junit.platform.engine.support.hierarchical.ThrowableCollector.execute(ThrowableCollector.java:73)
	at org.junit.platform.engine.support.hierarchical.NodeTestTask.executeRecursively(NodeTestTask.java:143)
	at org.junit.platform.engine.support.hierarchical.NodeTestTask.execute(NodeTestTask.java:100)
	at org.junit.platform.engine.support.hierarchical.ForkJoinPoolHierarchicalTestExecutorService$ExclusiveTask.exec(ForkJoinPoolHierarchicalTestExecutorService.java:274)
	at org.junit.platform.engine.support.hierarchical.ForkJoinPoolHierarchicalTestExecutorService$ExclusiveTask.execSync(ForkJoinPoolHierarchicalTestExecutorService.java:247)
	at org.junit.platform.engine.support.hierarchical.ForkJoinPoolHierarchicalTestExecutorService.submit(ForkJoinPoolHierarchicalTestExecutorService.java:148)
	at org.junit.platform.engine.support.hierarchical.NodeTestTask$DefaultDynamicTestExecutor.execute(NodeTestTask.java:231)
	at org.junit.platform.engine.support.hierarchical.NodeTestTask$DefaultDynamicTestExecutor.execute(NodeTestTask.java:209)
	at org.junit.jupiter.engine.descriptor.TestTemplateTestDescriptor.execute(TestTemplateTestDescriptor.java:141)
	at org.junit.jupiter.engine.descriptor.TestTemplateTestDescriptor.lambda$execute$3(TestTemplateTestDescriptor.java:109)
	at java.base/java.util.stream.ForEachOps$ForEachOp$OfRef.accept(ForEachOps.java:184)
	at java.base/java.util.stream.ReferencePipeline$3$1.accept(ReferencePipeline.java:197)
	at java.base/java.util.stream.ReferencePipeline$2$1.accept(ReferencePipeline.java:179)
	at java.base/java.util.stream.ReferencePipeline$3$1.accept(ReferencePipeline.java:197)
	at java.base/java.util.stream.ForEachOps$ForEachOp$OfRef.accept(ForEachOps.java:184)
	at java.base/java.util.stream.ReferencePipeline$3$1.accept(ReferencePipeline.java:197)
	at java.base/java.util.stream.ForEachOps$ForEachOp$OfRef.accept(ForEachOps.java:184)
	at java.base/java.util.stream.ForEachOps$ForEachOp$OfRef.accept(ForEachOps.java:184)
	at java.base/java.util.stream.ReferencePipeline$3$1.accept(ReferencePipeline.java:197)
	at java.base/java.util.stream.ForEachOps$ForEachOp$OfRef.accept(ForEachOps.java:184)
	at java.base/java.util.Spliterators$ArraySpliterator.forEachRemaining(Spliterators.java:1024)
	at java.base/java.util.stream.ReferencePipeline$Head.forEach(ReferencePipeline.java:762)
	at java.base/java.util.stream.ReferencePipeline$7$1.accept(ReferencePipeline.java:276)
	at java.base/java.util.Iterator.forEachRemaining(Iterator.java:133)
	at java.base/java.util.Spliterators$IteratorSpliterator.forEachRemaining(Spliterators.java:1939)
	at java.base/java.util.stream.AbstractPipeline.copyInto(AbstractPipeline.java:509)
	at java.base/java.util.stream.AbstractPipeline.wrapAndCopyInto(AbstractPipeline.java:499)
	at java.base/java.util.stream.ForEachOps$ForEachOp.evaluateSequential(ForEachOps.java:151)
	at java.base/java.util.stream.ForEachOps$ForEachOp$OfRef.evaluateSequential(ForEachOps.java:174)
	at java.base/java.util.stream.AbstractPipeline.evaluate(AbstractPipeline.java:234)
	at java.base/java.util.stream.ReferencePipeline.forEach(ReferencePipeline.java:596)
	at java.base/java.util.stream.ReferencePipeline$7$1.accept(ReferencePipeline.java:276)
	at java.base/java.util.stream.ReferencePipeline$3$1.accept(ReferencePipeline.java:197)
	at java.base/java.util.stream.ReferencePipeline$3$1.accept(ReferencePipeline.java:197)
	at java.base/java.util.stream.ReferencePipeline$3$1.accept(ReferencePipeline.java:197)
	at java.base/java.util.Spliterators$ArraySpliterator.forEachRemaining(Spliterators.java:1024)
	at java.base/java.util.stream.AbstractPipeline.copyInto(AbstractPipeline.java:509)
	at java.base/java.util.stream.AbstractPipeline.wrapAndCopyInto(AbstractPipeline.java:499)
	at java.base/java.util.stream.ForEachOps$ForEachOp.evaluateSequential(ForEachOps.java:151)
	at java.base/java.util.stream.ForEachOps$ForEachOp$OfRef.evaluateSequential(ForEachOps.java:174)
	at java.base/java.util.stream.AbstractPipeline.evaluate(AbstractPipeline.java:234)
	at java.base/java.util.stream.ReferencePipeline.forEach(ReferencePipeline.java:596)
	at java.base/java.util.stream.ReferencePipeline$7$1.accept(ReferencePipeline.java:276)
	at java.base/java.util.ArrayList$ArrayListSpliterator.forEachRemaining(ArrayList.java:1708)
	at java.base/java.util.stream.AbstractPipeline.copyInto(AbstractPipeline.java:509)
	at java.base/java.util.stream.AbstractPipeline.wrapAndCopyInto(AbstractPipeline.java:499)
	at java.base/java.util.stream.ForEachOps$ForEachOp.evaluateSequential(ForEachOps.java:151)
	at java.base/java.util.stream.ForEachOps$ForEachOp$OfRef.evaluateSequential(ForEachOps.java:174)
	at java.base/java.util.stream.AbstractPipeline.evaluate(AbstractPipeline.java:234)
	at java.base/java.util.stream.ReferencePipeline.forEach(ReferencePipeline.java:596)
	at java.base/java.util.stream.ReferencePipeline$7$1.accept(ReferencePipeline.java:276)
	at java.base/java.util.stream.ReferencePipeline$3$1.accept(ReferencePipeline.java:197)
	at java.base/java.util.stream.ReferencePipeline$3$1.accept(ReferencePipeline.java:197)
	at java.base/java.util.stream.ReferencePipeline$3$1.accept(ReferencePipeline.java:197)
	at java.base/java.util.ArrayList$ArrayListSpliterator.forEachRemaining(ArrayList.java:1708)
	at java.base/java.util.stream.AbstractPipeline.copyInto(AbstractPipeline.java:509)
	at java.base/java.util.stream.AbstractPipeline.wrapAndCopyInto(AbstractPipeline.java:499)
	at java.base/java.util.stream.ForEachOps$ForEachOp.evaluateSequential(ForEachOps.java:151)
	at java.base/java.util.stream.ForEachOps$ForEachOp$OfRef.evaluateSequential(ForEachOps.java:174)
	at java.base/java.util.stream.AbstractPipeline.evaluate(AbstractPipeline.java:234)
	at java.base/java.util.stream.ReferencePipeline.forEach(ReferencePipeline.java:596)
	at java.base/java.util.stream.ReferencePipeline$7$1.accept(ReferencePipeline.java:276)
	at java.base/java.util.ArrayList$ArrayListSpliterator.forEachRemaining(ArrayList.java:1708)
	at java.base/java.util.stream.AbstractPipeline.copyInto(AbstractPipeline.java:509)
	at java.base/java.util.stream.AbstractPipeline.wrapAndCopyInto(AbstractPipeline.java:499)
	at java.base/java.util.stream.ForEachOps$ForEachOp.evaluateSequential(ForEachOps.java:151)
	at java.base/java.util.stream.ForEachOps$ForEachOp$OfRef.evaluateSequential(ForEachOps.java:174)
	at java.base/java.util.stream.AbstractPipeline.evaluate(AbstractPipeline.java:234)
	at java.base/java.util.stream.ReferencePipeline.forEach(ReferencePipeline.java:596)
	at org.junit.jupiter.engine.descriptor.TestTemplateTestDescriptor.execute(TestTemplateTestDescriptor.java:109)
	at org.junit.jupiter.engine.descriptor.TestTemplateTestDescriptor.execute(TestTemplateTestDescriptor.java:43)
	at org.junit.platform.engine.support.hierarchical.NodeTestTask.lambda$executeRecursively$6(NodeTestTask.java:156)
	at org.junit.platform.engine.support.hierarchical.ThrowableCollector.execute(ThrowableCollector.java:73)
	at org.junit.platform.engine.support.hierarchical.NodeTestTask.lambda$executeRecursively$8(NodeTestTask.java:146)
	at org.junit.platform.engine.support.hierarchical.Node.around(Node.java:137)
	at org.junit.platform.engine.support.hierarchical.NodeTestTask.lambda$executeRecursively$9(NodeTestTask.java:144)
	at org.junit.platform.engine.support.hierarchical.ThrowableCollector.execute(ThrowableCollector.java:73)
	at org.junit.platform.engine.support.hierarchical.NodeTestTask.executeRecursively(NodeTestTask.java:143)
	at org.junit.platform.engine.support.hierarchical.NodeTestTask.execute(NodeTestTask.java:100)
	at org.junit.platform.engine.support.hierarchical.ForkJoinPoolHierarchicalTestExecutorService$ExclusiveTask.exec(ForkJoinPoolHierarchicalTestExecutorService.java:274)
	at org.junit.platform.engine.support.hierarchical.ForkJoinPoolHierarchicalTestExecutorService$ExclusiveTask.execSync(ForkJoinPoolHierarchicalTestExecutorService.java:247)
	at org.junit.platform.engine.support.hierarchical.ForkJoinPoolHierarchicalTestExecutorService.executeSync(ForkJoinPoolHierarchicalTestExecutorService.java:194)
	at org.junit.platform.engine.support.hierarchical.ForkJoinPoolHierarchicalTestExecutorService.invokeAll(ForkJoinPoolHierarchicalTestExecutorService.java:166)
	at org.junit.platform.engine.support.hierarchical.NodeTestTask.lambda$executeRecursively$6(NodeTestTask.java:160)
	at org.junit.platform.engine.support.hierarchical.ThrowableCollector.execute(ThrowableCollector.java:73)
	at org.junit.platform.engine.support.hierarchical.NodeTestTask.lambda$executeRecursively$8(NodeTestTask.java:146)
	at org.junit.platform.engine.support.hierarchical.Node.around(Node.java:137)
	at org.junit.platform.engine.support.hierarchical.NodeTestTask.lambda$executeRecursively$9(NodeTestTask.java:144)
	at org.junit.platform.engine.support.hierarchical.ThrowableCollector.execute(ThrowableCollector.java:73)
	at org.junit.platform.engine.support.hierarchical.NodeTestTask.executeRecursively(NodeTestTask.java:143)
	at org.junit.platform.engine.support.hierarchical.NodeTestTask.execute(NodeTestTask.java:100)
	at org.junit.platform.engine.support.hierarchical.ForkJoinPoolHierarchicalTestExecutorService$ExclusiveTask.exec(ForkJoinPoolHierarchicalTestExecutorService.java:274)
	at java.base/java.util.concurrent.ForkJoinTask.doExec(ForkJoinTask.java:387)
	at java.base/java.util.concurrent.ForkJoinPool$WorkQueue.topLevelExec(ForkJoinPool.java:1312)
	at java.base/java.util.concurrent.ForkJoinPool.scan(ForkJoinPool.java:1843)
	at java.base/java.util.concurrent.ForkJoinPool.runWorker(ForkJoinPool.java:1808)
	at java.base/java.util.concurrent.ForkJoinWorkerThread.run(ForkJoinWorkerThread.java:188)
    23:48:49.959 | 463 ool-1-worker-227 | DEBUG | .c.s.m.InstanceMessageReceiveService : Received schedule participant score for exercise 3212 and participant 773 (result to be deleted: null)
    23:48:49.959 | 463 ool-1-worker-227 | DEBUG | .a.s.ParticipantScoreScheduleService : Scheduled task for exercise 3212 and participant 773 at 2025-02-14T23:48:50.059061323Z[Etc/UTC].
    23:48:49.960 | 463 ool-1-worker-227 | DEBUG | .a.a.p.s.ProgrammingMessagingService : Send result to client over websocket. Result: Result{id775, completionDate=2025-02-14T23:48:49.932589300Z, successful=false, score=0.0, rated=true, assessmentType=AUTOMATIC, hasComplaint=null, testCaseCount=0, passedTestCaseCount=0, codeIssueCount=0}, Submission: ProgrammingSubmission{commitHash='9b3a9bd71a0d80e5bbc42204c319ed3d1d4f0d6d', buildFailed=true, buildArtifact=false, type=MANUAL}, Participation: ProgrammingExerciseStudentParticipation{id=3932, repositoryUri='https://version-control.fake.fake/git/SHORT9260DC560DE4D04F190BA5E0FC0BE29EC2E1TSTEXC/short9260dc560de4d04f190ba5e0fc0be29ec2e1tstexc-progsubresgitlabjenstudent1.git', buildPlanId='SHORT9260DC560DE4D04F190BA5E0FC0BE29EC2E1TSTEXC-PROGSUBRESGITLABJENSTUDENT1', initializationState='INITIALIZED', initializationDate='2025-02-14T23:48:49.930772Z', individualDueDate=null', presentationScore=null}
    23:48:49.962 | 463 ool-1-worker-227 | INFO  | d.t.c.a.a.a.w.o.PublicResultResource : The new result for SHORT9260DC560DE4D04F190BA5E0FC0BE29EC2E1TSTEXC-PROGSUBRESGITLABJENSTUDENT1 was saved successfully
    23:48:49.965 | 463 ool-1-worker-227 | DEBUG | d.t.c.a.a.c.s.f.ApiVersionFilter     : Adding Version to Request GET /api/repository/3932/buildlogs
    23:48:49.965 | 463 ool-1-worker-227 | DEBUG | rammingExerciseParticipationResource : REST request to get build log : 3932

  Starting logs for ProgrammingSubmissionAndResultGitlabJenkinsIntegrationTest > shouldSaveBuildLogsOnStudentParticipationWithoutSubmissionNorResult(ProgrammingLanguage, boolean) [7] programmingLanguage=C, enableStaticCodeAnalysis=true
    23:48:49.978 | 463 ool-1-worker-227 | DEBUG | d.t.c.a.a.c.u.util.UserUtilService   : Generate 3 students...
    23:48:49.983 | 463 ool-1-worker-227 | DEBUG | d.t.c.a.a.c.u.util.UserUtilService   : 3 students generated. Generate 2 tutors...
    23:48:49.986 | 463 ool-1-worker-227 | DEBUG | d.t.c.a.a.c.u.util.UserUtilService   : 2 tutors generated. Generate 0 editors...
    23:48:49.987 | 463 ool-1-worker-227 | DEBUG | d.t.c.a.a.c.u.util.UserUtilService   : 0 editors generated. Generate 2 instructors...
    23:48:49.990 | 463 ool-1-worker-227 | DEBUG | d.t.c.a.a.c.u.util.UserUtilService   : 2 instructors generated
    23:48:49.991 | 463 ool-1-worker-227 | DEBUG | d.t.c.a.a.c.u.util.UserUtilService   : Removing 7 users from all courses...
    23:48:49.992 | 463 ool-1-worker-227 | DEBUG | d.t.c.a.a.c.u.util.UserUtilService   : Removing 7 users from all courses. Done
    23:48:49.992 | 463 ool-1-worker-227 | DEBUG | d.t.c.a.a.c.u.util.UserUtilService   : Save 7 users to database...
    23:48:49.995 | 463 ool-1-worker-227 | DEBUG | d.t.c.a.a.c.u.util.UserUtilService   : Save 7 users to database. Done
    23:48:50.008 | 463 ool-1-worker-227 | DEBUG | PersonalAccessTokenManagementService : Generate secure vcs access token
    23:48:50.011 | 463 ool-1-worker-227 | DEBUG | PersonalAccessTokenManagementService : Generate secure vcs access token
    23:48:50.013 | 463 ool-1-worker-227 | INFO  | i.z.t.d.l.EmbeddedDatabaseReporter   : JDBC URL to connect to 'dataSource': url='jdbc:h2:tcp://localhost:41063/mem:736625c0-cf5e-400d-aeaa-8a7eabd6262b;USER=sa', scope='ProgrammingSubmissionAndResultGitlabJenkinsIntegrationTest#shouldSaveBuildLogsOnStudentParticipationWithoutSubmissionNorResult'
    23:48:50.024 | 463 ool-1-worker-227 | DEBUG | PersonalAccessTokenManagementService : Generate secure vcs access token
    23:48:50.028 | 463 ool-1-worker-227 | DEBUG | d.t.c.a.a.c.s.f.ApiVersionFilter     : Adding Version to Request POST /api/public/programming-exercises/new-result
    23:48:50.028 | 463 ool-1-worker-227 | DEBUG | d.t.c.a.a.a.w.o.PublicResultResource : Received result notify (NEW)
    23:48:50.030 | 463 ool-1-worker-227 | INFO  | d.t.c.a.a.a.w.o.PublicResultResource : Artemis received a new result for build plan SHORT9FDA731E0187C0455E0BDE50C9F870D3BAB8TSTEXC-PROGSUBRESGITLABJENSTUDENT1
    23:48:50.031 | 463 ool-1-worker-227 | DEBUG | .s.ProgrammingExerciseGradingService : Received new build result (NEW) for participation 3939
    23:48:50.034 | 463 ool-1-worker-227 | WARN  | .s.ProgrammingExerciseGradingService : Could not find pending ProgrammingSubmission for Commit Hash 9b3a9bd71a0d80e5bbc42204c319ed3d1d4f0d6d (Participation 3939, Build Plan SHORT9FDA731E0187C0455E0BDE50C9F870D3BAB8TSTEXC-PROGSUBRESGITLABJENSTUDENT1). Will create a new one subsequently...
    23:48:50.034 | 463 ool-1-worker-227 | ERROR | .s.ProgrammingExerciseGradingService : Could not retrieve push date for participation 3939 and build plan SHORT9FDA731E0187C0455E0BDE50C9F870D3BAB8TSTEXC-PROGSUBRESGITLABJENSTUDENT1
de.tum.cit.aet.artemis.programming.service.gitlab.GitLabException: Could not find build queue date for participation 3939
	at de.tum.cit.aet.artemis.programming.service.gitlab.GitLabService.getPushDate(GitLabService.java:369)
	at de.tum.cit.aet.artemis.programming.service.gitlab.GitLabService.getPushDate(GitLabService.java:358)
	at de.tum.cit.aet.artemis.programming.service.ProgrammingExerciseGradingService.createAndSaveFallbackSubmission(ProgrammingExerciseGradingService.java:286)
	at de.tum.cit.aet.artemis.programming.service.ProgrammingExerciseGradingService.createAndSaveFallbackSubmission(ProgrammingExerciseGradingService.java:272)
	at de.tum.cit.aet.artemis.programming.service.ProgrammingExerciseGradingService.lambda$processNewProgrammingExerciseResult$0(ProgrammingExerciseGradingService.java:177)
	at java.base/java.util.Optional.orElseGet(Optional.java:364)
	at de.tum.cit.aet.artemis.programming.service.ProgrammingExerciseGradingService.processNewProgrammingExerciseResult(ProgrammingExerciseGradingService.java:177)
	at de.tum.cit.aet.artemis.programming.service.ProgrammingExerciseGradingService.processNewProgrammingExerciseResult(ProgrammingExerciseGradingService.java:156)
	at de.tum.cit.aet.artemis.assessment.web.open.PublicResultResource.processNewProgrammingExerciseResult(PublicResultResource.java:113)
	at java.base/jdk.internal.reflect.DirectMethodHandleAccessor.invoke(DirectMethodHandleAccessor.java:103)
	at java.base/java.lang.reflect.Method.invoke(Method.java:580)
	at org.springframework.aop.support.AopUtils.invokeJoinpointUsingReflection(AopUtils.java:359)
	at org.springframework.aop.framework.ReflectiveMethodInvocation.invokeJoinpoint(ReflectiveMethodInvocation.java:196)
	at org.springframework.aop.framework.ReflectiveMethodInvocation.proceed(ReflectiveMethodInvocation.java:163)
	at org.springframework.security.authorization.method.AuthorizationManagerBeforeMethodInterceptor.proceed(AuthorizationManagerBeforeMethodInterceptor.java:268)
	at org.springframework.security.authorization.method.AuthorizationManagerBeforeMethodInterceptor.attemptAuthorization(AuthorizationManagerBeforeMethodInterceptor.java:263)
	at org.springframework.security.authorization.method.AuthorizationManagerBeforeMethodInterceptor.invoke(AuthorizationManagerBeforeMethodInterceptor.java:196)
	at org.springframework.security.config.annotation.method.configuration.DeferringMethodInterceptor.invoke(DeferringMethodInterceptor.java:44)
	at org.springframework.aop.framework.ReflectiveMethodInvocation.proceed(ReflectiveMethodInvocation.java:184)
	at org.springframework.aop.framework.CglibAopProxy$DynamicAdvisedInterceptor.intercept(CglibAopProxy.java:727)
	at de.tum.cit.aet.artemis.assessment.web.open.PublicResultResource$$SpringCGLIB$$0.processNewProgrammingExerciseResult(<generated>)
	at java.base/jdk.internal.reflect.DirectMethodHandleAccessor.invoke(DirectMethodHandleAccessor.java:103)
	at java.base/java.lang.reflect.Method.invoke(Method.java:580)
	at org.springframework.web.method.support.InvocableHandlerMethod.doInvoke(InvocableHandlerMethod.java:257)
	at org.springframework.web.method.support.InvocableHandlerMethod.invokeForRequest(InvocableHandlerMethod.java:190)
	at org.springframework.web.servlet.mvc.method.annotation.ServletInvocableHandlerMethod.invokeAndHandle(ServletInvocableHandlerMethod.java:118)
	at org.springframework.web.servlet.mvc.method.annotation.RequestMappingHandlerAdapter.invokeHandlerMethod(RequestMappingHandlerAdapter.java:986)
	at org.springframework.web.servlet.mvc.method.annotation.RequestMappingHandlerAdapter.handleInternal(RequestMappingHandlerAdapter.java:891)
	at org.springframework.web.servlet.mvc.method.AbstractHandlerMethodAdapter.handle(AbstractHandlerMethodAdapter.java:87)
	at org.springframework.web.servlet.DispatcherServlet.doDispatch(DispatcherServlet.java:1088)
	at org.springframework.web.servlet.DispatcherServlet.doService(DispatcherServlet.java:978)
	at org.springframework.web.servlet.FrameworkServlet.processRequest(FrameworkServlet.java:1014)
	at org.springframework.web.servlet.FrameworkServlet.doPost(FrameworkServlet.java:914)
	at jakarta.servlet.http.HttpServlet.service(HttpServlet.java:547)
	at org.springframework.web.servlet.FrameworkServlet.service(FrameworkServlet.java:885)
	at org.springframework.test.web.servlet.TestDispatcherServlet.service(TestDispatcherServlet.java:72)
	at jakarta.servlet.http.HttpServlet.service(HttpServlet.java:614)
	at org.springframework.mock.web.MockFilterChain$ServletFilterProxy.doFilter(MockFilterChain.java:165)
	at org.springframework.mock.web.MockFilterChain.doFilter(MockFilterChain.java:132)
	at org.springframework.web.filter.OncePerRequestFilter.doFilter(OncePerRequestFilter.java:110)
	at org.springframework.test.web.servlet.setup.MockMvcFilterDecorator.doFilter(MockMvcFilterDecorator.java:162)
	at org.springframework.mock.web.MockFilterChain.doFilter(MockFilterChain.java:132)
	at de.tum.cit.aet.artemis.core.security.filter.ApiVersionFilter.doFilter(ApiVersionFilter.java:55)
	at org.springframework.test.web.servlet.setup.MockMvcFilterDecorator.doFilter(MockMvcFilterDecorator.java:162)
	at org.springframework.mock.web.MockFilterChain.doFilter(MockFilterChain.java:132)
	at io.sentry.spring.jakarta.SentryUserFilter.doFilterInternal(SentryUserFilter.java:56)
	at org.springframework.web.filter.OncePerRequestFilter.doFilter(OncePerRequestFilter.java:116)
	at org.springframework.test.web.servlet.setup.MockMvcFilterDecorator.doFilter(MockMvcFilterDecorator.java:162)
	at org.springframework.mock.web.MockFilterChain.doFilter(MockFilterChain.java:132)
	at org.springframework.web.filter.CompositeFilter$VirtualFilterChain.doFilter(CompositeFilter.java:108)
	at org.springframework.security.web.FilterChainProxy.lambda$doFilterInternal$3(FilterChainProxy.java:231)
	at org.springframework.security.web.ObservationFilterChainDecorator$FilterObservation$SimpleFilterObservation.lambda$wrap$1(ObservationFilterChainDecorator.java:479)
	at org.springframework.security.web.ObservationFilterChainDecorator$AroundFilterObservation$SimpleAroundFilterObservation.lambda$wrap$1(ObservationFilterChainDecorator.java:340)
	at org.springframework.security.web.ObservationFilterChainDecorator.lambda$wrapSecured$0(ObservationFilterChainDecorator.java:82)
	at org.springframework.security.web.ObservationFilterChainDecorator$VirtualFilterChain.doFilter(ObservationFilterChainDecorator.java:128)
	at org.springframework.security.web.access.intercept.AuthorizationFilter.doFilter(AuthorizationFilter.java:101)
	at org.springframework.security.web.ObservationFilterChainDecorator$ObservationFilter.wrapFilter(ObservationFilterChainDecorator.java:240)
	at org.springframework.security.web.ObservationFilterChainDecorator$ObservationFilter.doFilter(ObservationFilterChainDecorator.java:227)
	at org.springframework.security.web.ObservationFilterChainDecorator$VirtualFilterChain.doFilter(ObservationFilterChainDecorator.java:137)
	at org.springframework.security.web.access.ExceptionTranslationFilter.doFilter(ExceptionTranslationFilter.java:126)
	at org.springframework.security.web.access.ExceptionTranslationFilter.doFilter(ExceptionTranslationFilter.java:120)
	at org.springframework.security.web.ObservationFilterChainDecorator$ObservationFilter.wrapFilter(ObservationFilterChainDecorator.java:240)
	at org.springframework.security.web.ObservationFilterChainDecorator$ObservationFilter.doFilter(ObservationFilterChainDecorator.java:227)
	at org.springframework.security.web.ObservationFilterChainDecorator$VirtualFilterChain.doFilter(ObservationFilterChainDecorator.java:137)
	at org.springframework.security.web.session.SessionManagementFilter.doFilter(SessionManagementFilter.java:131)
	at org.springframework.security.web.session.SessionManagementFilter.doFilter(SessionManagementFilter.java:85)
	at org.springframework.security.web.ObservationFilterChainDecorator$ObservationFilter.wrapFilter(ObservationFilterChainDecorator.java:240)
	at org.springframework.security.web.ObservationFilterChainDecorator$ObservationFilter.doFilter(ObservationFilterChainDecorator.java:227)
	at org.springframework.security.web.ObservationFilterChainDecorator$VirtualFilterChain.doFilter(ObservationFilterChainDecorator.java:137)
	at org.springframework.security.web.authentication.AnonymousAuthenticationFilter.doFilter(AnonymousAuthenticationFilter.java:100)
	at org.springframework.security.web.ObservationFilterChainDecorator$ObservationFilter.wrapFilter(ObservationFilterChainDecorator.java:240)
	at org.springframework.security.web.ObservationFilterChainDecorator$ObservationFilter.doFilter(ObservationFilterChainDecorator.java:227)
	at org.springframework.security.web.ObservationFilterChainDecorator$VirtualFilterChain.doFilter(ObservationFilterChainDecorator.java:137)
	at org.springframework.security.web.servletapi.SecurityContextHolderAwareRequestFilter.doFilter(SecurityContextHolderAwareRequestFilter.java:179)
	at org.springframework.security.web.ObservationFilterChainDecorator$ObservationFilter.wrapFilter(ObservationFilterChainDecorator.java:240)
	at org.springframework.security.web.ObservationFilterChainDecorator$ObservationFilter.doFilter(ObservationFilterChainDecorator.java:227)
	at org.springframework.security.web.ObservationFilterChainDecorator$VirtualFilterChain.doFilter(ObservationFilterChainDecorator.java:137)
	at org.springframework.security.web.savedrequest.RequestCacheAwareFilter.doFilter(RequestCacheAwareFilter.java:63)
	at org.springframework.security.web.ObservationFilterChainDecorator$ObservationFilter.wrapFilter(ObservationFilterChainDecorator.java:240)
	at org.springframework.security.web.ObservationFilterChainDecorator$ObservationFilter.doFilter(ObservationFilterChainDecorator.java:227)
	at org.springframework.security.web.ObservationFilterChainDecorator$VirtualFilterChain.doFilter(ObservationFilterChainDecorator.java:137)
	at de.tum.cit.aet.artemis.core.security.filter.SpaWebFilter.doFilterInternal(SpaWebFilter.java:23)
	at org.springframework.web.filter.OncePerRequestFilter.doFilter(OncePerRequestFilter.java:116)
	at org.springframework.security.web.ObservationFilterChainDecorator$ObservationFilter.wrapFilter(ObservationFilterChainDecorator.java:240)
	at org.springframework.security.web.ObservationFilterChainDecorator$ObservationFilter.doFilter(ObservationFilterChainDecorator.java:227)
	at org.springframework.security.web.ObservationFilterChainDecorator$VirtualFilterChain.doFilter(ObservationFilterChainDecorator.java:137)
	at org.springframework.web.filter.OncePerRequestFilter.doFilter(OncePerRequestFilter.java:110)
	at org.springframework.security.web.ObservationFilterChainDecorator$ObservationFilter.wrapFilter(ObservationFilterChainDecorator.java:240)
	at org.springframework.security.web.ObservationFilterChainDecorator$ObservationFilter.doFilter(ObservationFilterChainDecorator.java:227)
	at org.springframework.security.web.ObservationFilterChainDecorator$VirtualFilterChain.doFilter(ObservationFilterChainDecorator.java:137)
	at de.tum.cit.aet.artemis.lti.config.Lti13LaunchFilter.doFilterInternal(Lti13LaunchFilter.java:60)
	at org.springframework.web.filter.OncePerRequestFilter.doFilter(OncePerRequestFilter.java:116)
	at org.springframework.security.web.ObservationFilterChainDecorator$ObservationFilter.wrapFilter(ObservationFilterChainDecorator.java:240)
	at org.springframework.security.web.ObservationFilterChainDecorator$ObservationFilter.doFilter(ObservationFilterChainDecorator.java:227)
	at org.springframework.security.web.ObservationFilterChainDecorator$VirtualFilterChain.doFilter(ObservationFilterChainDecorator.java:137)
	at de.tum.cit.aet.artemis.core.security.jwt.JWTFilter.doFilter(JWTFilter.java:55)
	at org.springframework.security.web.ObservationFilterChainDecorator$ObservationFilter.wrapFilter(ObservationFilterChainDecorator.java:240)
	at org.springframework.security.web.ObservationFilterChainDecorator$ObservationFilter.doFilter(ObservationFilterChainDecorator.java:227)
	at org.springframework.security.web.ObservationFilterChainDecorator$VirtualFilterChain.doFilter(ObservationFilterChainDecorator.java:137)
	at de.tum.cit.aet.artemis.core.security.jwt.JWTFilter.doFilter(JWTFilter.java:55)
	at org.springframework.security.web.ObservationFilterChainDecorator$ObservationFilter.wrapFilter(ObservationFilterChainDecorator.java:240)
	at org.springframework.security.web.ObservationFilterChainDecorator$ObservationFilter.doFilter(ObservationFilterChainDecorator.java:227)
	at org.springframework.security.web.ObservationFilterChainDecorator$VirtualFilterChain.doFilter(ObservationFilterChainDecorator.java:137)
	at org.springframework.web.filter.CorsFilter.doFilterInternal(CorsFilter.java:91)
	at org.springframework.web.filter.OncePerRequestFilter.doFilter(OncePerRequestFilter.java:116)
	at org.springframework.security.web.ObservationFilterChainDecorator$ObservationFilter.wrapFilter(ObservationFilterChainDecorator.java:240)
	at org.springframework.security.web.ObservationFilterChainDecorator$ObservationFilter.doFilter(ObservationFilterChainDecorator.java:227)
	at org.springframework.security.web.ObservationFilterChainDecorator$VirtualFilterChain.doFilter(ObservationFilterChainDecorator.java:137)
	at org.springframework.web.filter.OncePerRequestFilter.doFilter(OncePerRequestFilter.java:110)
	at org.springframework.security.web.ObservationFilterChainDecorator$ObservationFilter.wrapFilter(ObservationFilterChainDecorator.java:240)
	at org.springframework.security.web.ObservationFilterChainDecorator$ObservationFilter.doFilter(ObservationFilterChainDecorator.java:227)
	at org.springframework.security.web.ObservationFilterChainDecorator$VirtualFilterChain.doFilter(ObservationFilterChainDecorator.java:137)
	at uk.ac.ox.ctl.lti13.security.oauth2.client.lti.web.OAuth2AuthorizationRequestRedirectFilter.doFilterInternal(OAuth2AuthorizationRequestRedirectFilter.java:142)
	at org.springframework.web.filter.OncePerRequestFilter.doFilter(OncePerRequestFilter.java:116)
	at org.springframework.security.web.ObservationFilterChainDecorator$ObservationFilter.wrapFilter(ObservationFilterChainDecorator.java:240)
	at org.springframework.security.web.ObservationFilterChainDecorator$ObservationFilter.doFilter(ObservationFilterChainDecorator.java:227)
	at org.springframework.security.web.ObservationFilterChainDecorator$VirtualFilterChain.doFilter(ObservationFilterChainDecorator.java:137)
	at org.springframework.security.web.authentication.logout.LogoutFilter.doFilter(LogoutFilter.java:107)
	at org.springframework.security.web.authentication.logout.LogoutFilter.doFilter(LogoutFilter.java:93)
	at org.springframework.security.web.ObservationFilterChainDecorator$ObservationFilter.wrapFilter(ObservationFilterChainDecorator.java:240)
	at org.springframework.security.web.ObservationFilterChainDecorator$ObservationFilter.doFilter(ObservationFilterChainDecorator.java:227)
	at org.springframework.security.web.ObservationFilterChainDecorator$VirtualFilterChain.doFilter(ObservationFilterChainDecorator.java:137)
	at org.springframework.security.web.header.HeaderWriterFilter.doHeadersAfter(HeaderWriterFilter.java:90)
	at org.springframework.security.web.header.HeaderWriterFilter.doFilterInternal(HeaderWriterFilter.java:75)
	at org.springframework.web.filter.OncePerRequestFilter.doFilter(OncePerRequestFilter.java:116)
	at org.springframework.security.web.ObservationFilterChainDecorator$ObservationFilter.wrapFilter(ObservationFilterChainDecorator.java:240)
	at org.springframework.security.web.ObservationFilterChainDecorator$ObservationFilter.doFilter(ObservationFilterChainDecorator.java:227)
	at org.springframework.security.web.ObservationFilterChainDecorator$VirtualFilterChain.doFilter(ObservationFilterChainDecorator.java:137)
	at org.springframework.security.web.context.SecurityContextHolderFilter.doFilter(SecurityContextHolderFilter.java:82)
	at org.springframework.security.web.context.SecurityContextHolderFilter.doFilter(SecurityContextHolderFilter.java:69)
	at org.springframework.security.web.ObservationFilterChainDecorator$ObservationFilter.wrapFilter(ObservationFilterChainDecorator.java:240)
	at org.springframework.security.web.ObservationFilterChainDecorator$ObservationFilter.doFilter(ObservationFilterChainDecorator.java:227)
	at org.springframework.security.web.ObservationFilterChainDecorator$VirtualFilterChain.doFilter(ObservationFilterChainDecorator.java:137)
	at org.springframework.security.web.context.request.async.WebAsyncManagerIntegrationFilter.doFilterInternal(WebAsyncManagerIntegrationFilter.java:62)
	at org.springframework.web.filter.OncePerRequestFilter.doFilter(OncePerRequestFilter.java:116)
	at org.springframework.security.web.ObservationFilterChainDecorator$ObservationFilter.wrapFilter(ObservationFilterChainDecorator.java:240)
	at org.springframework.security.web.ObservationFilterChainDecorator$ObservationFilter.doFilter(ObservationFilterChainDecorator.java:227)
	at org.springframework.security.web.ObservationFilterChainDecorator$VirtualFilterChain.doFilter(ObservationFilterChainDecorator.java:137)
	at org.springframework.security.web.session.DisableEncodeUrlFilter.doFilterInternal(DisableEncodeUrlFilter.java:42)
	at org.springframework.web.filter.OncePerRequestFilter.doFilter(OncePerRequestFilter.java:116)
	at org.springframework.security.web.ObservationFilterChainDecorator$ObservationFilter.wrapFilter(ObservationFilterChainDecorator.java:240)
	at org.springframework.security.web.ObservationFilterChainDecorator$AroundFilterObservation$SimpleAroundFilterObservation.lambda$wrap$0(ObservationFilterChainDecorator.java:323)
	at org.springframework.security.web.ObservationFilterChainDecorator$ObservationFilter.doFilter(ObservationFilterChainDecorator.java:224)
	at org.springframework.security.web.ObservationFilterChainDecorator$VirtualFilterChain.doFilter(ObservationFilterChainDecorator.java:137)
	at org.springframework.security.web.FilterChainProxy.doFilterInternal(FilterChainProxy.java:233)
	at org.springframework.security.web.FilterChainProxy.doFilter(FilterChainProxy.java:191)
	at org.springframework.web.filter.CompositeFilter$VirtualFilterChain.doFilter(CompositeFilter.java:113)
	at org.springframework.web.servlet.handler.HandlerMappingIntrospector.lambda$createCacheFilter$3(HandlerMappingIntrospector.java:243)
	at org.springframework.web.filter.CompositeFilter$VirtualFilterChain.doFilter(CompositeFilter.java:113)
	at org.springframework.web.filter.CompositeFilter.doFilter(CompositeFilter.java:74)
	at org.springframework.security.config.annotation.web.configuration.WebMvcSecurityConfiguration$CompositeFilterChainProxy.doFilter(WebMvcSecurityConfiguration.java:238)
	at org.springframework.web.filter.DelegatingFilterProxy.invokeDelegate(DelegatingFilterProxy.java:362)
	at org.springframework.web.filter.DelegatingFilterProxy.doFilter(DelegatingFilterProxy.java:278)
	at org.springframework.test.web.servlet.setup.MockMvcFilterDecorator.doFilter(MockMvcFilterDecorator.java:162)
	at org.springframework.mock.web.MockFilterChain.doFilter(MockFilterChain.java:132)
	at org.springframework.web.filter.RequestContextFilter.doFilterInternal(RequestContextFilter.java:100)
	at org.springframework.web.filter.OncePerRequestFilter.doFilter(OncePerRequestFilter.java:116)
	at org.springframework.test.web.servlet.setup.MockMvcFilterDecorator.doFilter(MockMvcFilterDecorator.java:162)
	at org.springframework.mock.web.MockFilterChain.doFilter(MockFilterChain.java:132)
	at org.springframework.web.filter.FormContentFilter.doFilterInternal(FormContentFilter.java:93)
	at org.springframework.web.filter.OncePerRequestFilter.doFilter(OncePerRequestFilter.java:116)
	at org.springframework.test.web.servlet.setup.MockMvcFilterDecorator.doFilter(MockMvcFilterDecorator.java:162)
	at org.springframework.mock.web.MockFilterChain.doFilter(MockFilterChain.java:132)
	at org.springframework.web.filter.ServerHttpObservationFilter.doFilterInternal(ServerHttpObservationFilter.java:114)
	at org.springframework.web.filter.OncePerRequestFilter.doFilter(OncePerRequestFilter.java:116)
	at org.springframework.test.web.servlet.setup.MockMvcFilterDecorator.doFilter(MockMvcFilterDecorator.java:162)
	at org.springframework.mock.web.MockFilterChain.doFilter(MockFilterChain.java:132)
	at io.sentry.spring.jakarta.tracing.SentryTracingFilter.doFilterInternal(SentryTracingFilter.java:91)
	at org.springframework.web.filter.OncePerRequestFilter.doFilter(OncePerRequestFilter.java:116)
	at org.springframework.test.web.servlet.setup.MockMvcFilterDecorator.doFilter(MockMvcFilterDecorator.java:162)
	at org.springframework.mock.web.MockFilterChain.doFilter(MockFilterChain.java:132)
	at org.springframework.web.filter.CharacterEncodingFilter.doFilterInternal(CharacterEncodingFilter.java:201)
	at org.springframework.web.filter.OncePerRequestFilter.doFilter(OncePerRequestFilter.java:116)
	at org.springframework.test.web.servlet.setup.MockMvcFilterDecorator.doFilter(MockMvcFilterDecorator.java:162)
	at org.springframework.mock.web.MockFilterChain.doFilter(MockFilterChain.java:132)
	at io.sentry.spring.jakarta.SentrySpringFilter.doFilterInternal(SentrySpringFilter.java:76)
	at org.springframework.web.filter.OncePerRequestFilter.doFilter(OncePerRequestFilter.java:116)
	at org.springframework.test.web.servlet.setup.MockMvcFilterDecorator.doFilter(MockMvcFilterDecorator.java:162)
	at org.springframework.mock.web.MockFilterChain.doFilter(MockFilterChain.java:132)
	at org.springframework.test.web.servlet.MockMvc.perform(MockMvc.java:201)
	at de.tum.cit.aet.artemis.core.util.RequestUtilService.performMvcRequest(RequestUtilService.java:79)
	at de.tum.cit.aet.artemis.core.util.RequestUtilService.postWithoutLocation(RequestUtilService.java:213)
	at de.tum.cit.aet.artemis.core.util.RequestUtilService.postWithoutLocation(RequestUtilService.java:199)
	at de.tum.cit.aet.artemis.programming.ProgrammingSubmissionAndResultGitlabJenkinsIntegrationTest.postResult(ProgrammingSubmissionAndResultGitlabJenkinsIntegrationTest.java:413)
	at de.tum.cit.aet.artemis.programming.ProgrammingSubmissionAndResultGitlabJenkinsIntegrationTest.shouldSaveBuildLogsOnStudentParticipationWithoutSubmissionNorResult(ProgrammingSubmissionAndResultGitlabJenkinsIntegrationTest.java:338)
	at java.base/jdk.internal.reflect.DirectMethodHandleAccessor.invoke(DirectMethodHandleAccessor.java:103)
	at java.base/java.lang.reflect.Method.invoke(Method.java:580)
	at org.junit.platform.commons.util.ReflectionUtils.invokeMethod(ReflectionUtils.java:767)
	at org.junit.jupiter.engine.execution.MethodInvocation.proceed(MethodInvocation.java:60)
	at org.junit.jupiter.engine.execution.InvocationInterceptorChain$ValidatingInvocation.proceed(InvocationInterceptorChain.java:131)
	at org.junit.jupiter.engine.extension.TimeoutExtension.intercept(TimeoutExtension.java:156)
	at org.junit.jupiter.engine.extension.TimeoutExtension.interceptTestableMethod(TimeoutExtension.java:147)
	at org.junit.jupiter.engine.extension.TimeoutExtension.interceptTestTemplateMethod(TimeoutExtension.java:94)
	at org.junit.jupiter.engine.execution.InterceptingExecutableInvoker$ReflectiveInterceptorCall.lambda$ofVoidMethod$0(InterceptingExecutableInvoker.java:103)
	at org.junit.jupiter.engine.execution.InterceptingExecutableInvoker.lambda$invoke$0(InterceptingExecutableInvoker.java:93)
	at org.junit.jupiter.engine.execution.InvocationInterceptorChain$InterceptedInvocation.proceed(InvocationInterceptorChain.java:106)
	at org.junit.jupiter.engine.execution.InvocationInterceptorChain.proceed(InvocationInterceptorChain.java:64)
	at org.junit.jupiter.engine.execution.InvocationInterceptorChain.chainAndInvoke(InvocationInterceptorChain.java:45)
	at org.junit.jupiter.engine.execution.InvocationInterceptorChain.invoke(InvocationInterceptorChain.java:37)
	at org.junit.jupiter.engine.execution.InterceptingExecutableInvoker.invoke(InterceptingExecutableInvoker.java:92)
	at org.junit.jupiter.engine.execution.InterceptingExecutableInvoker.invoke(InterceptingExecutableInvoker.java:86)
	at org.junit.jupiter.engine.descriptor.TestMethodTestDescriptor.lambda$invokeTestMethod$8(TestMethodTestDescriptor.java:217)
	at org.junit.platform.engine.support.hierarchical.ThrowableCollector.execute(ThrowableCollector.java:73)
	at org.junit.jupiter.engine.descriptor.TestMethodTestDescriptor.invokeTestMethod(TestMethodTestDescriptor.java:213)
	at org.junit.jupiter.engine.descriptor.TestMethodTestDescriptor.execute(TestMethodTestDescriptor.java:138)
	at org.junit.jupiter.engine.descriptor.TestMethodTestDescriptor.execute(TestMethodTestDescriptor.java:68)
	at org.junit.platform.engine.support.hierarchical.NodeTestTask.lambda$executeRecursively$6(NodeTestTask.java:156)
	at org.junit.platform.engine.support.hierarchical.ThrowableCollector.execute(ThrowableCollector.java:73)
	at org.junit.platform.engine.support.hierarchical.NodeTestTask.lambda$executeRecursively$8(NodeTestTask.java:146)
	at org.junit.platform.engine.support.hierarchical.Node.around(Node.java:137)
	at org.junit.platform.engine.support.hierarchical.NodeTestTask.lambda$executeRecursively$9(NodeTestTask.java:144)
	at org.junit.platform.engine.support.hierarchical.ThrowableCollector.execute(ThrowableCollector.java:73)
	at org.junit.platform.engine.support.hierarchical.NodeTestTask.executeRecursively(NodeTestTask.java:143)
	at org.junit.platform.engine.support.hierarchical.NodeTestTask.execute(NodeTestTask.java:100)
	at org.junit.platform.engine.support.hierarchical.ForkJoinPoolHierarchicalTestExecutorService$ExclusiveTask.exec(ForkJoinPoolHierarchicalTestExecutorService.java:274)
	at org.junit.platform.engine.support.hierarchical.ForkJoinPoolHierarchicalTestExecutorService$ExclusiveTask.execSync(ForkJoinPoolHierarchicalTestExecutorService.java:247)
	at org.junit.platform.engine.support.hierarchical.ForkJoinPoolHierarchicalTestExecutorService.submit(ForkJoinPoolHierarchicalTestExecutorService.java:148)
	at org.junit.platform.engine.support.hierarchical.NodeTestTask$DefaultDynamicTestExecutor.execute(NodeTestTask.java:231)
	at org.junit.platform.engine.support.hierarchical.NodeTestTask$DefaultDynamicTestExecutor.execute(NodeTestTask.java:209)
	at org.junit.jupiter.engine.descriptor.TestTemplateTestDescriptor.execute(TestTemplateTestDescriptor.java:141)
	at org.junit.jupiter.engine.descriptor.TestTemplateTestDescriptor.lambda$execute$3(TestTemplateTestDescriptor.java:109)
	at java.base/java.util.stream.ForEachOps$ForEachOp$OfRef.accept(ForEachOps.java:184)
	at java.base/java.util.stream.ReferencePipeline$3$1.accept(ReferencePipeline.java:197)
	at java.base/java.util.stream.ReferencePipeline$2$1.accept(ReferencePipeline.java:179)
	at java.base/java.util.stream.ReferencePipeline$3$1.accept(ReferencePipeline.java:197)
	at java.base/java.util.stream.ForEachOps$ForEachOp$OfRef.accept(ForEachOps.java:184)
	at java.base/java.util.stream.ReferencePipeline$3$1.accept(ReferencePipeline.java:197)
	at java.base/java.util.stream.ForEachOps$ForEachOp$OfRef.accept(ForEachOps.java:184)
	at java.base/java.util.stream.ForEachOps$ForEachOp$OfRef.accept(ForEachOps.java:184)
	at java.base/java.util.stream.ReferencePipeline$3$1.accept(ReferencePipeline.java:197)
	at java.base/java.util.stream.ForEachOps$ForEachOp$OfRef.accept(ForEachOps.java:184)
	at java.base/java.util.Spliterators$ArraySpliterator.forEachRemaining(Spliterators.java:1024)
	at java.base/java.util.stream.ReferencePipeline$Head.forEach(ReferencePipeline.java:762)
	at java.base/java.util.stream.ReferencePipeline$7$1.accept(ReferencePipeline.java:276)
	at java.base/java.util.Iterator.forEachRemaining(Iterator.java:133)
	at java.base/java.util.Spliterators$IteratorSpliterator.forEachRemaining(Spliterators.java:1939)
	at java.base/java.util.stream.AbstractPipeline.copyInto(AbstractPipeline.java:509)
	at java.base/java.util.stream.AbstractPipeline.wrapAndCopyInto(AbstractPipeline.java:499)
	at java.base/java.util.stream.ForEachOps$ForEachOp.evaluateSequential(ForEachOps.java:151)
	at java.base/java.util.stream.ForEachOps$ForEachOp$OfRef.evaluateSequential(ForEachOps.java:174)
	at java.base/java.util.stream.AbstractPipeline.evaluate(AbstractPipeline.java:234)
	at java.base/java.util.stream.ReferencePipeline.forEach(ReferencePipeline.java:596)
	at java.base/java.util.stream.ReferencePipeline$7$1.accept(ReferencePipeline.java:276)
	at java.base/java.util.stream.ReferencePipeline$3$1.accept(ReferencePipeline.java:197)
	at java.base/java.util.stream.ReferencePipeline$3$1.accept(ReferencePipeline.java:197)
	at java.base/java.util.stream.ReferencePipeline$3$1.accept(ReferencePipeline.java:197)
	at java.base/java.util.Spliterators$ArraySpliterator.forEachRemaining(Spliterators.java:1024)
	at java.base/java.util.stream.AbstractPipeline.copyInto(AbstractPipeline.java:509)
	at java.base/java.util.stream.AbstractPipeline.wrapAndCopyInto(AbstractPipeline.java:499)
	at java.base/java.util.stream.ForEachOps$ForEachOp.evaluateSequential(ForEachOps.java:151)
	at java.base/java.util.stream.ForEachOps$ForEachOp$OfRef.evaluateSequential(ForEachOps.java:174)
	at java.base/java.util.stream.AbstractPipeline.evaluate(AbstractPipeline.java:234)
	at java.base/java.util.stream.ReferencePipeline.forEach(ReferencePipeline.java:596)
	at java.base/java.util.stream.ReferencePipeline$7$1.accept(ReferencePipeline.java:276)
	at java.base/java.util.ArrayList$ArrayListSpliterator.forEachRemaining(ArrayList.java:1708)
	at java.base/java.util.stream.AbstractPipeline.copyInto(AbstractPipeline.java:509)
	at java.base/java.util.stream.AbstractPipeline.wrapAndCopyInto(AbstractPipeline.java:499)
	at java.base/java.util.stream.ForEachOps$ForEachOp.evaluateSequential(ForEachOps.java:151)
	at java.base/java.util.stream.ForEachOps$ForEachOp$OfRef.evaluateSequential(ForEachOps.java:174)
	at java.base/java.util.stream.AbstractPipeline.evaluate(AbstractPipeline.java:234)
	at java.base/java.util.stream.ReferencePipeline.forEach(ReferencePipeline.java:596)
	at java.base/java.util.stream.ReferencePipeline$7$1.accept(ReferencePipeline.java:276)
	at java.base/java.util.stream.ReferencePipeline$3$1.accept(ReferencePipeline.java:197)
	at java.base/java.util.stream.ReferencePipeline$3$1.accept(ReferencePipeline.java:197)
	at java.base/java.util.stream.ReferencePipeline$3$1.accept(ReferencePipeline.java:197)
	at java.base/java.util.ArrayList$ArrayListSpliterator.forEachRemaining(ArrayList.java:1708)
	at java.base/java.util.stream.AbstractPipeline.copyInto(AbstractPipeline.java:509)
	at java.base/java.util.stream.AbstractPipeline.wrapAndCopyInto(AbstractPipeline.java:499)
	at java.base/java.util.stream.ForEachOps$ForEachOp.evaluateSequential(ForEachOps.java:151)
	at java.base/java.util.stream.ForEachOps$ForEachOp$OfRef.evaluateSequential(ForEachOps.java:174)
	at java.base/java.util.stream.AbstractPipeline.evaluate(AbstractPipeline.java:234)
	at java.base/java.util.stream.ReferencePipeline.forEach(ReferencePipeline.java:596)
	at java.base/java.util.stream.ReferencePipeline$7$1.accept(ReferencePipeline.java:276)
	at java.base/java.util.ArrayList$ArrayListSpliterator.forEachRemaining(ArrayList.java:1708)
	at java.base/java.util.stream.AbstractPipeline.copyInto(AbstractPipeline.java:509)
	at java.base/java.util.stream.AbstractPipeline.wrapAndCopyInto(AbstractPipeline.java:499)
	at java.base/java.util.stream.ForEachOps$ForEachOp.evaluateSequential(ForEachOps.java:151)
	at java.base/java.util.stream.ForEachOps$ForEachOp$OfRef.evaluateSequential(ForEachOps.java:174)
	at java.base/java.util.stream.AbstractPipeline.evaluate(AbstractPipeline.java:234)
	at java.base/java.util.stream.ReferencePipeline.forEach(ReferencePipeline.java:596)
	at org.junit.jupiter.engine.descriptor.TestTemplateTestDescriptor.execute(TestTemplateTestDescriptor.java:109)
	at org.junit.jupiter.engine.descriptor.TestTemplateTestDescriptor.execute(TestTemplateTestDescriptor.java:43)
	at org.junit.platform.engine.support.hierarchical.NodeTestTask.lambda$executeRecursively$6(NodeTestTask.java:156)
	at org.junit.platform.engine.support.hierarchical.ThrowableCollector.execute(ThrowableCollector.java:73)
	at org.junit.platform.engine.support.hierarchical.NodeTestTask.lambda$executeRecursively$8(NodeTestTask.java:146)
	at org.junit.platform.engine.support.hierarchical.Node.around(Node.java:137)
	at org.junit.platform.engine.support.hierarchical.NodeTestTask.lambda$executeRecursively$9(NodeTestTask.java:144)
	at org.junit.platform.engine.support.hierarchical.ThrowableCollector.execute(ThrowableCollector.java:73)
	at org.junit.platform.engine.support.hierarchical.NodeTestTask.executeRecursively(NodeTestTask.java:143)
	at org.junit.platform.engine.support.hierarchical.NodeTestTask.execute(NodeTestTask.java:100)
	at org.junit.platform.engine.support.hierarchical.ForkJoinPoolHierarchicalTestExecutorService$ExclusiveTask.exec(ForkJoinPoolHierarchicalTestExecutorService.java:274)
	at org.junit.platform.engine.support.hierarchical.ForkJoinPoolHierarchicalTestExecutorService$ExclusiveTask.execSync(ForkJoinPoolHierarchicalTestExecutorService.java:247)
	at org.junit.platform.engine.support.hierarchical.ForkJoinPoolHierarchicalTestExecutorService.executeSync(ForkJoinPoolHierarchicalTestExecutorService.java:194)
	at org.junit.platform.engine.support.hierarchical.ForkJoinPoolHierarchicalTestExecutorService.invokeAll(ForkJoinPoolHierarchicalTestExecutorService.java:166)
	at org.junit.platform.engine.support.hierarchical.NodeTestTask.lambda$executeRecursively$6(NodeTestTask.java:160)
	at org.junit.platform.engine.support.hierarchical.ThrowableCollector.execute(ThrowableCollector.java:73)
	at org.junit.platform.engine.support.hierarchical.NodeTestTask.lambda$executeRecursively$8(NodeTestTask.java:146)
	at org.junit.platform.engine.support.hierarchical.Node.around(Node.java:137)
	at org.junit.platform.engine.support.hierarchical.NodeTestTask.lambda$executeRecursively$9(NodeTestTask.java:144)
	at org.junit.platform.engine.support.hierarchical.ThrowableCollector.execute(ThrowableCollector.java:73)
	at org.junit.platform.engine.support.hierarchical.NodeTestTask.executeRecursively(NodeTestTask.java:143)
	at org.junit.platform.engine.support.hierarchical.NodeTestTask.execute(NodeTestTask.java:100)
	at org.junit.platform.engine.support.hierarchical.ForkJoinPoolHierarchicalTestExecutorService$ExclusiveTask.exec(ForkJoinPoolHierarchicalTestExecutorService.java:274)
	at java.base/java.util.concurrent.ForkJoinTask.doExec(ForkJoinTask.java:387)
	at java.base/java.util.concurrent.ForkJoinPool$WorkQueue.topLevelExec(ForkJoinPool.java:1312)
	at java.base/java.util.concurrent.ForkJoinPool.scan(ForkJoinPool.java:1843)
	at java.base/java.util.concurrent.ForkJoinPool.runWorker(ForkJoinPool.java:1808)
	at java.base/java.util.concurrent.ForkJoinWorkerThread.run(ForkJoinWorkerThread.java:188)
    23:48:50.050 | 463 ool-1-worker-227 | DEBUG | .c.s.m.InstanceMessageReceiveService : Received schedule participant score for exercise 3214 and participant 773 (result to be deleted: null)
    23:48:50.050 | 463 ool-1-worker-227 | DEBUG | .a.s.ParticipantScoreScheduleService : Scheduled task for exercise 3214 and participant 773 at 2025-02-14T23:48:50.150421448Z[Etc/UTC].
    23:48:50.051 | 463 ool-1-worker-227 | DEBUG | .a.a.p.s.ProgrammingMessagingService : Send result to client over websocket. Result: Result{id776, completionDate=2025-02-14T23:48:50.025548200Z, successful=false, score=0.0, rated=true, assessmentType=AUTOMATIC, hasComplaint=null, testCaseCount=0, passedTestCaseCount=0, codeIssueCount=0}, Submission: ProgrammingSubmission{commitHash='9b3a9bd71a0d80e5bbc42204c319ed3d1d4f0d6d', buildFailed=true, buildArtifact=false, type=MANUAL}, Participation: ProgrammingExerciseStudentParticipation{id=3939, repositoryUri='https://version-control.fake.fake/git/SHORT9FDA731E0187C0455E0BDE50C9F870D3BAB8TSTEXC/short9fda731e0187c0455e0bde50c9f870d3bab8tstexc-progsubresgitlabjenstudent1.git', buildPlanId='SHORT9FDA731E0187C0455E0BDE50C9F870D3BAB8TSTEXC-PROGSUBRESGITLABJENSTUDENT1', initializationState='INITIALIZED', initializationDate='2025-02-14T23:48:50.023904Z', individualDueDate=null', presentationScore=null}
    23:48:50.053 | 463 ool-1-worker-227 | INFO  | d.t.c.a.a.a.w.o.PublicResultResource : The new result for SHORT9FDA731E0187C0455E0BDE50C9F870D3BAB8TSTEXC-PROGSUBRESGITLABJENSTUDENT1 was saved successfully
    23:48:50.056 | 463 ool-1-worker-227 | DEBUG | d.t.c.a.a.c.s.f.ApiVersionFilter     : Adding Version to Request GET /api/repository/3939/buildlogs
    23:48:50.056 | 463 ool-1-worker-227 | DEBUG | rammingExerciseParticipationResource : REST request to get build log : 3939

  Starting logs for ProgrammingSubmissionAndResultGitlabJenkinsIntegrationTest > shouldSaveBuildLogsOnStudentParticipationWithoutSubmissionNorResult(ProgrammingLanguage, boolean) [8] programmingLanguage=C, enableStaticCodeAnalysis=false
    23:48:50.068 | 463 ool-1-worker-227 | DEBUG | d.t.c.a.a.c.u.util.UserUtilService   : Generate 3 students...
    23:48:50.072 | 463 ool-1-worker-227 | DEBUG | d.t.c.a.a.c.u.util.UserUtilService   : 3 students generated. Generate 2 tutors...
    23:48:50.075 | 463 ool-1-worker-227 | DEBUG | d.t.c.a.a.c.u.util.UserUtilService   : 2 tutors generated. Generate 0 editors...
    23:48:50.077 | 463 ool-1-worker-227 | DEBUG | d.t.c.a.a.c.u.util.UserUtilService   : 0 editors generated. Generate 2 instructors...
    23:48:50.080 | 463 ool-1-worker-227 | DEBUG | d.t.c.a.a.c.u.util.UserUtilService   : 2 instructors generated
    23:48:50.081 | 463 ool-1-worker-227 | DEBUG | d.t.c.a.a.c.u.util.UserUtilService   : Removing 7 users from all courses...
    23:48:50.082 | 463 ool-1-worker-227 | DEBUG | d.t.c.a.a.c.u.util.UserUtilService   : Removing 7 users from all courses. Done
    23:48:50.082 | 463 ool-1-worker-227 | DEBUG | d.t.c.a.a.c.u.util.UserUtilService   : Save 7 users to database...
    23:48:50.085 | 463 ool-1-worker-227 | DEBUG | d.t.c.a.a.c.u.util.UserUtilService   : Save 7 users to database. Done
    23:48:50.098 | 463 ool-1-worker-227 | DEBUG | PersonalAccessTokenManagementService : Generate secure vcs access token
    23:48:50.101 | 463 ool-1-worker-227 | DEBUG | PersonalAccessTokenManagementService : Generate secure vcs access token
    23:48:50.103 | 463 ool-1-worker-227 | INFO  | i.z.t.d.l.EmbeddedDatabaseReporter   : JDBC URL to connect to 'dataSource': url='jdbc:h2:tcp://localhost:41063/mem:736625c0-cf5e-400d-aeaa-8a7eabd6262b;USER=sa', scope='ProgrammingSubmissionAndResultGitlabJenkinsIntegrationTest#shouldSaveBuildLogsOnStudentParticipationWithoutSubmissionNorResult'
    23:48:50.114 | 463 ool-1-worker-227 | DEBUG | PersonalAccessTokenManagementService : Generate secure vcs access token
    23:48:50.117 | 463 ool-1-worker-227 | DEBUG | d.t.c.a.a.c.s.f.ApiVersionFilter     : Adding Version to Request POST /api/public/programming-exercises/new-result
    23:48:50.118 | 463 ool-1-worker-227 | DEBUG | d.t.c.a.a.a.w.o.PublicResultResource : Received result notify (NEW)
    23:48:50.120 | 463 ool-1-worker-227 | INFO  | d.t.c.a.a.a.w.o.PublicResultResource : Artemis received a new result for build plan SHORTFFAC073D0F16E04E4C0B3D6061775D73AD82TSTEXC-PROGSUBRESGITLABJENSTUDENT1
    23:48:50.122 | 463 ool-1-worker-227 | DEBUG | .s.ProgrammingExerciseGradingService : Received new build result (NEW) for participation 3946
    23:48:50.125 | 463 ool-1-worker-227 | WARN  | .s.ProgrammingExerciseGradingService : Could not find pending ProgrammingSubmission for Commit Hash 9b3a9bd71a0d80e5bbc42204c319ed3d1d4f0d6d (Participation 3946, Build Plan SHORTFFAC073D0F16E04E4C0B3D6061775D73AD82TSTEXC-PROGSUBRESGITLABJENSTUDENT1). Will create a new one subsequently...
    23:48:50.125 | 463 ool-1-worker-227 | ERROR | .s.ProgrammingExerciseGradingService : Could not retrieve push date for participation 3946 and build plan SHORTFFAC073D0F16E04E4C0B3D6061775D73AD82TSTEXC-PROGSUBRESGITLABJENSTUDENT1
de.tum.cit.aet.artemis.programming.service.gitlab.GitLabException: Could not find build queue date for participation 3946
	at de.tum.cit.aet.artemis.programming.service.gitlab.GitLabService.getPushDate(GitLabService.java:369)
	at de.tum.cit.aet.artemis.programming.service.gitlab.GitLabService.getPushDate(GitLabService.java:358)
	at de.tum.cit.aet.artemis.programming.service.ProgrammingExerciseGradingService.createAndSaveFallbackSubmission(ProgrammingExerciseGradingService.java:286)
	at de.tum.cit.aet.artemis.programming.service.ProgrammingExerciseGradingService.createAndSaveFallbackSubmission(ProgrammingExerciseGradingService.java:272)
	at de.tum.cit.aet.artemis.programming.service.ProgrammingExerciseGradingService.lambda$processNewProgrammingExerciseResult$0(ProgrammingExerciseGradingService.java:177)
	at java.base/java.util.Optional.orElseGet(Optional.java:364)
	at de.tum.cit.aet.artemis.programming.service.ProgrammingExerciseGradingService.processNewProgrammingExerciseResult(ProgrammingExerciseGradingService.java:177)
	at de.tum.cit.aet.artemis.programming.service.ProgrammingExerciseGradingService.processNewProgrammingExerciseResult(ProgrammingExerciseGradingService.java:156)
	at de.tum.cit.aet.artemis.assessment.web.open.PublicResultResource.processNewProgrammingExerciseResult(PublicResultResource.java:113)
	at java.base/jdk.internal.reflect.DirectMethodHandleAccessor.invoke(DirectMethodHandleAccessor.java:103)
	at java.base/java.lang.reflect.Method.invoke(Method.java:580)
	at org.springframework.aop.support.AopUtils.invokeJoinpointUsingReflection(AopUtils.java:359)
	at org.springframework.aop.framework.ReflectiveMethodInvocation.invokeJoinpoint(ReflectiveMethodInvocation.java:196)
	at org.springframework.aop.framework.ReflectiveMethodInvocation.proceed(ReflectiveMethodInvocation.java:163)
	at org.springframework.security.authorization.method.AuthorizationManagerBeforeMethodInterceptor.proceed(AuthorizationManagerBeforeMethodInterceptor.java:268)
	at org.springframework.security.authorization.method.AuthorizationManagerBeforeMethodInterceptor.attemptAuthorization(AuthorizationManagerBeforeMethodInterceptor.java:263)
	at org.springframework.security.authorization.method.AuthorizationManagerBeforeMethodInterceptor.invoke(AuthorizationManagerBeforeMethodInterceptor.java:196)
	at org.springframework.security.config.annotation.method.configuration.DeferringMethodInterceptor.invoke(DeferringMethodInterceptor.java:44)
	at org.springframework.aop.framework.ReflectiveMethodInvocation.proceed(ReflectiveMethodInvocation.java:184)
	at org.springframework.aop.framework.CglibAopProxy$DynamicAdvisedInterceptor.intercept(CglibAopProxy.java:727)
	at de.tum.cit.aet.artemis.assessment.web.open.PublicResultResource$$SpringCGLIB$$0.processNewProgrammingExerciseResult(<generated>)
	at java.base/jdk.internal.reflect.DirectMethodHandleAccessor.invoke(DirectMethodHandleAccessor.java:103)
	at java.base/java.lang.reflect.Method.invoke(Method.java:580)
	at org.springframework.web.method.support.InvocableHandlerMethod.doInvoke(InvocableHandlerMethod.java:257)
	at org.springframework.web.method.support.InvocableHandlerMethod.invokeForRequest(InvocableHandlerMethod.java:190)
	at org.springframework.web.servlet.mvc.method.annotation.ServletInvocableHandlerMethod.invokeAndHandle(ServletInvocableHandlerMethod.java:118)
	at org.springframework.web.servlet.mvc.method.annotation.RequestMappingHandlerAdapter.invokeHandlerMethod(RequestMappingHandlerAdapter.java:986)
	at org.springframework.web.servlet.mvc.method.annotation.RequestMappingHandlerAdapter.handleInternal(RequestMappingHandlerAdapter.java:891)
	at org.springframework.web.servlet.mvc.method.AbstractHandlerMethodAdapter.handle(AbstractHandlerMethodAdapter.java:87)
	at org.springframework.web.servlet.DispatcherServlet.doDispatch(DispatcherServlet.java:1088)
	at org.springframework.web.servlet.DispatcherServlet.doService(DispatcherServlet.java:978)
	at org.springframework.web.servlet.FrameworkServlet.processRequest(FrameworkServlet.java:1014)
	at org.springframework.web.servlet.FrameworkServlet.doPost(FrameworkServlet.java:914)
	at jakarta.servlet.http.HttpServlet.service(HttpServlet.java:547)
	at org.springframework.web.servlet.FrameworkServlet.service(FrameworkServlet.java:885)
	at org.springframework.test.web.servlet.TestDispatcherServlet.service(TestDispatcherServlet.java:72)
	at jakarta.servlet.http.HttpServlet.service(HttpServlet.java:614)
	at org.springframework.mock.web.MockFilterChain$ServletFilterProxy.doFilter(MockFilterChain.java:165)
	at org.springframework.mock.web.MockFilterChain.doFilter(MockFilterChain.java:132)
	at org.springframework.web.filter.OncePerRequestFilter.doFilter(OncePerRequestFilter.java:110)
	at org.springframework.test.web.servlet.setup.MockMvcFilterDecorator.doFilter(MockMvcFilterDecorator.java:162)
	at org.springframework.mock.web.MockFilterChain.doFilter(MockFilterChain.java:132)
	at de.tum.cit.aet.artemis.core.security.filter.ApiVersionFilter.doFilter(ApiVersionFilter.java:55)
	at org.springframework.test.web.servlet.setup.MockMvcFilterDecorator.doFilter(MockMvcFilterDecorator.java:162)
	at org.springframework.mock.web.MockFilterChain.doFilter(MockFilterChain.java:132)
	at io.sentry.spring.jakarta.SentryUserFilter.doFilterInternal(SentryUserFilter.java:56)
	at org.springframework.web.filter.OncePerRequestFilter.doFilter(OncePerRequestFilter.java:116)
	at org.springframework.test.web.servlet.setup.MockMvcFilterDecorator.doFilter(MockMvcFilterDecorator.java:162)
	at org.springframework.mock.web.MockFilterChain.doFilter(MockFilterChain.java:132)
	at org.springframework.web.filter.CompositeFilter$VirtualFilterChain.doFilter(CompositeFilter.java:108)
	at org.springframework.security.web.FilterChainProxy.lambda$doFilterInternal$3(FilterChainProxy.java:231)
	at org.springframework.security.web.ObservationFilterChainDecorator$FilterObservation$SimpleFilterObservation.lambda$wrap$1(ObservationFilterChainDecorator.java:479)
	at org.springframework.security.web.ObservationFilterChainDecorator$AroundFilterObservation$SimpleAroundFilterObservation.lambda$wrap$1(ObservationFilterChainDecorator.java:340)
	at org.springframework.security.web.ObservationFilterChainDecorator.lambda$wrapSecured$0(ObservationFilterChainDecorator.java:82)
	at org.springframework.security.web.ObservationFilterChainDecorator$VirtualFilterChain.doFilter(ObservationFilterChainDecorator.java:128)
	at org.springframework.security.web.access.intercept.AuthorizationFilter.doFilter(AuthorizationFilter.java:101)
	at org.springframework.security.web.ObservationFilterChainDecorator$ObservationFilter.wrapFilter(ObservationFilterChainDecorator.java:240)
	at org.springframework.security.web.ObservationFilterChainDecorator$ObservationFilter.doFilter(ObservationFilterChainDecorator.java:227)
	at org.springframework.security.web.ObservationFilterChainDecorator$VirtualFilterChain.doFilter(ObservationFilterChainDecorator.java:137)
	at org.springframework.security.web.access.ExceptionTranslationFilter.doFilter(ExceptionTranslationFilter.java:126)
	at org.springframework.security.web.access.ExceptionTranslationFilter.doFilter(ExceptionTranslationFilter.java:120)
	at org.springframework.security.web.ObservationFilterChainDecorator$ObservationFilter.wrapFilter(ObservationFilterChainDecorator.java:240)
	at org.springframework.security.web.ObservationFilterChainDecorator$ObservationFilter.doFilter(ObservationFilterChainDecorator.java:227)
	at org.springframework.security.web.ObservationFilterChainDecorator$VirtualFilterChain.doFilter(ObservationFilterChainDecorator.java:137)
	at org.springframework.security.web.session.SessionManagementFilter.doFilter(SessionManagementFilter.java:131)
	at org.springframework.security.web.session.SessionManagementFilter.doFilter(SessionManagementFilter.java:85)
	at org.springframework.security.web.ObservationFilterChainDecorator$ObservationFilter.wrapFilter(ObservationFilterChainDecorator.java:240)
	at org.springframework.security.web.ObservationFilterChainDecorator$ObservationFilter.doFilter(ObservationFilterChainDecorator.java:227)
	at org.springframework.security.web.ObservationFilterChainDecorator$VirtualFilterChain.doFilter(ObservationFilterChainDecorator.java:137)
	at org.springframework.security.web.authentication.AnonymousAuthenticationFilter.doFilter(AnonymousAuthenticationFilter.java:100)
	at org.springframework.security.web.ObservationFilterChainDecorator$ObservationFilter.wrapFilter(ObservationFilterChainDecorator.java:240)
	at org.springframework.security.web.ObservationFilterChainDecorator$ObservationFilter.doFilter(ObservationFilterChainDecorator.java:227)
	at org.springframework.security.web.ObservationFilterChainDecorator$VirtualFilterChain.doFilter(ObservationFilterChainDecorator.java:137)
	at org.springframework.security.web.servletapi.SecurityContextHolderAwareRequestFilter.doFilter(SecurityContextHolderAwareRequestFilter.java:179)
	at org.springframework.security.web.ObservationFilterChainDecorator$ObservationFilter.wrapFilter(ObservationFilterChainDecorator.java:240)
	at org.springframework.security.web.ObservationFilterChainDecorator$ObservationFilter.doFilter(ObservationFilterChainDecorator.java:227)
	at org.springframework.security.web.ObservationFilterChainDecorator$VirtualFilterChain.doFilter(ObservationFilterChainDecorator.java:137)
	at org.springframework.security.web.savedrequest.RequestCacheAwareFilter.doFilter(RequestCacheAwareFilter.java:63)
	at org.springframework.security.web.ObservationFilterChainDecorator$ObservationFilter.wrapFilter(ObservationFilterChainDecorator.java:240)
	at org.springframework.security.web.ObservationFilterChainDecorator$ObservationFilter.doFilter(ObservationFilterChainDecorator.java:227)
	at org.springframework.security.web.ObservationFilterChainDecorator$VirtualFilterChain.doFilter(ObservationFilterChainDecorator.java:137)
	at de.tum.cit.aet.artemis.core.security.filter.SpaWebFilter.doFilterInternal(SpaWebFilter.java:23)
	at org.springframework.web.filter.OncePerRequestFilter.doFilter(OncePerRequestFilter.java:116)
	at org.springframework.security.web.ObservationFilterChainDecorator$ObservationFilter.wrapFilter(ObservationFilterChainDecorator.java:240)
	at org.springframework.security.web.ObservationFilterChainDecorator$ObservationFilter.doFilter(ObservationFilterChainDecorator.java:227)
	at org.springframework.security.web.ObservationFilterChainDecorator$VirtualFilterChain.doFilter(ObservationFilterChainDecorator.java:137)
	at org.springframework.web.filter.OncePerRequestFilter.doFilter(OncePerRequestFilter.java:110)
	at org.springframework.security.web.ObservationFilterChainDecorator$ObservationFilter.wrapFilter(ObservationFilterChainDecorator.java:240)
	at org.springframework.security.web.ObservationFilterChainDecorator$ObservationFilter.doFilter(ObservationFilterChainDecorator.java:227)
	at org.springframework.security.web.ObservationFilterChainDecorator$VirtualFilterChain.doFilter(ObservationFilterChainDecorator.java:137)
	at de.tum.cit.aet.artemis.lti.config.Lti13LaunchFilter.doFilterInternal(Lti13LaunchFilter.java:60)
	at org.springframework.web.filter.OncePerRequestFilter.doFilter(OncePerRequestFilter.java:116)
	at org.springframework.security.web.ObservationFilterChainDecorator$ObservationFilter.wrapFilter(ObservationFilterChainDecorator.java:240)
	at org.springframework.security.web.ObservationFilterChainDecorator$ObservationFilter.doFilter(ObservationFilterChainDecorator.java:227)
	at org.springframework.security.web.ObservationFilterChainDecorator$VirtualFilterChain.doFilter(ObservationFilterChainDecorator.java:137)
	at de.tum.cit.aet.artemis.core.security.jwt.JWTFilter.doFilter(JWTFilter.java:55)
	at org.springframework.security.web.ObservationFilterChainDecorator$ObservationFilter.wrapFilter(ObservationFilterChainDecorator.java:240)
	at org.springframework.security.web.ObservationFilterChainDecorator$ObservationFilter.doFilter(ObservationFilterChainDecorator.java:227)
	at org.springframework.security.web.ObservationFilterChainDecorator$VirtualFilterChain.doFilter(ObservationFilterChainDecorator.java:137)
	at de.tum.cit.aet.artemis.core.security.jwt.JWTFilter.doFilter(JWTFilter.java:55)
	at org.springframework.security.web.ObservationFilterChainDecorator$ObservationFilter.wrapFilter(ObservationFilterChainDecorator.java:240)
	at org.springframework.security.web.ObservationFilterChainDecorator$ObservationFilter.doFilter(ObservationFilterChainDecorator.java:227)
	at org.springframework.security.web.ObservationFilterChainDecorator$VirtualFilterChain.doFilter(ObservationFilterChainDecorator.java:137)
	at org.springframework.web.filter.CorsFilter.doFilterInternal(CorsFilter.java:91)
	at org.springframework.web.filter.OncePerRequestFilter.doFilter(OncePerRequestFilter.java:116)
	at org.springframework.security.web.ObservationFilterChainDecorator$ObservationFilter.wrapFilter(ObservationFilterChainDecorator.java:240)
	at org.springframework.security.web.ObservationFilterChainDecorator$ObservationFilter.doFilter(ObservationFilterChainDecorator.java:227)
	at org.springframework.security.web.ObservationFilterChainDecorator$VirtualFilterChain.doFilter(ObservationFilterChainDecorator.java:137)
	at org.springframework.web.filter.OncePerRequestFilter.doFilter(OncePerRequestFilter.java:110)
	at org.springframework.security.web.ObservationFilterChainDecorator$ObservationFilter.wrapFilter(ObservationFilterChainDecorator.java:240)
	at org.springframework.security.web.ObservationFilterChainDecorator$ObservationFilter.doFilter(ObservationFilterChainDecorator.java:227)
	at org.springframework.security.web.ObservationFilterChainDecorator$VirtualFilterChain.doFilter(ObservationFilterChainDecorator.java:137)
	at uk.ac.ox.ctl.lti13.security.oauth2.client.lti.web.OAuth2AuthorizationRequestRedirectFilter.doFilterInternal(OAuth2AuthorizationRequestRedirectFilter.java:142)
	at org.springframework.web.filter.OncePerRequestFilter.doFilter(OncePerRequestFilter.java:116)
	at org.springframework.security.web.ObservationFilterChainDecorator$ObservationFilter.wrapFilter(ObservationFilterChainDecorator.java:240)
	at org.springframework.security.web.ObservationFilterChainDecorator$ObservationFilter.doFilter(ObservationFilterChainDecorator.java:227)
	at org.springframework.security.web.ObservationFilterChainDecorator$VirtualFilterChain.doFilter(ObservationFilterChainDecorator.java:137)
	at org.springframework.security.web.authentication.logout.LogoutFilter.doFilter(LogoutFilter.java:107)
	at org.springframework.security.web.authentication.logout.LogoutFilter.doFilter(LogoutFilter.java:93)
	at org.springframework.security.web.ObservationFilterChainDecorator$ObservationFilter.wrapFilter(ObservationFilterChainDecorator.java:240)
	at org.springframework.security.web.ObservationFilterChainDecorator$ObservationFilter.doFilter(ObservationFilterChainDecorator.java:227)
	at org.springframework.security.web.ObservationFilterChainDecorator$VirtualFilterChain.doFilter(ObservationFilterChainDecorator.java:137)
	at org.springframework.security.web.header.HeaderWriterFilter.doHeadersAfter(HeaderWriterFilter.java:90)
	at org.springframework.security.web.header.HeaderWriterFilter.doFilterInternal(HeaderWriterFilter.java:75)
	at org.springframework.web.filter.OncePerRequestFilter.doFilter(OncePerRequestFilter.java:116)
	at org.springframework.security.web.ObservationFilterChainDecorator$ObservationFilter.wrapFilter(ObservationFilterChainDecorator.java:240)
	at org.springframework.security.web.ObservationFilterChainDecorator$ObservationFilter.doFilter(ObservationFilterChainDecorator.java:227)
	at org.springframework.security.web.ObservationFilterChainDecorator$VirtualFilterChain.doFilter(ObservationFilterChainDecorator.java:137)
	at org.springframework.security.web.context.SecurityContextHolderFilter.doFilter(SecurityContextHolderFilter.java:82)
	at org.springframework.security.web.context.SecurityContextHolderFilter.doFilter(SecurityContextHolderFilter.java:69)
	at org.springframework.security.web.ObservationFilterChainDecorator$ObservationFilter.wrapFilter(ObservationFilterChainDecorator.java:240)
	at org.springframework.security.web.ObservationFilterChainDecorator$ObservationFilter.doFilter(ObservationFilterChainDecorator.java:227)
	at org.springframework.security.web.ObservationFilterChainDecorator$VirtualFilterChain.doFilter(ObservationFilterChainDecorator.java:137)
	at org.springframework.security.web.context.request.async.WebAsyncManagerIntegrationFilter.doFilterInternal(WebAsyncManagerIntegrationFilter.java:62)
	at org.springframework.web.filter.OncePerRequestFilter.doFilter(OncePerRequestFilter.java:116)
	at org.springframework.security.web.ObservationFilterChainDecorator$ObservationFilter.wrapFilter(ObservationFilterChainDecorator.java:240)
	at org.springframework.security.web.ObservationFilterChainDecorator$ObservationFilter.doFilter(ObservationFilterChainDecorator.java:227)
	at org.springframework.security.web.ObservationFilterChainDecorator$VirtualFilterChain.doFilter(ObservationFilterChainDecorator.java:137)
	at org.springframework.security.web.session.DisableEncodeUrlFilter.doFilterInternal(DisableEncodeUrlFilter.java:42)
	at org.springframework.web.filter.OncePerRequestFilter.doFilter(OncePerRequestFilter.java:116)
	at org.springframework.security.web.ObservationFilterChainDecorator$ObservationFilter.wrapFilter(ObservationFilterChainDecorator.java:240)
	at org.springframework.security.web.ObservationFilterChainDecorator$AroundFilterObservation$SimpleAroundFilterObservation.lambda$wrap$0(ObservationFilterChainDecorator.java:323)
	at org.springframework.security.web.ObservationFilterChainDecorator$ObservationFilter.doFilter(ObservationFilterChainDecorator.java:224)
	at org.springframework.security.web.ObservationFilterChainDecorator$VirtualFilterChain.doFilter(ObservationFilterChainDecorator.java:137)
	at org.springframework.security.web.FilterChainProxy.doFilterInternal(FilterChainProxy.java:233)
	at org.springframework.security.web.FilterChainProxy.doFilter(FilterChainProxy.java:191)
	at org.springframework.web.filter.CompositeFilter$VirtualFilterChain.doFilter(CompositeFilter.java:113)
	at org.springframework.web.servlet.handler.HandlerMappingIntrospector.lambda$createCacheFilter$3(HandlerMappingIntrospector.java:243)
	at org.springframework.web.filter.CompositeFilter$VirtualFilterChain.doFilter(CompositeFilter.java:113)
	at org.springframework.web.filter.CompositeFilter.doFilter(CompositeFilter.java:74)
	at org.springframework.security.config.annotation.web.configuration.WebMvcSecurityConfiguration$CompositeFilterChainProxy.doFilter(WebMvcSecurityConfiguration.java:238)
	at org.springframework.web.filter.DelegatingFilterProxy.invokeDelegate(DelegatingFilterProxy.java:362)
	at org.springframework.web.filter.DelegatingFilterProxy.doFilter(DelegatingFilterProxy.java:278)
	at org.springframework.test.web.servlet.setup.MockMvcFilterDecorator.doFilter(MockMvcFilterDecorator.java:162)
	at org.springframework.mock.web.MockFilterChain.doFilter(MockFilterChain.java:132)
	at org.springframework.web.filter.RequestContextFilter.doFilterInternal(RequestContextFilter.java:100)
	at org.springframework.web.filter.OncePerRequestFilter.doFilter(OncePerRequestFilter.java:116)
	at org.springframework.test.web.servlet.setup.MockMvcFilterDecorator.doFilter(MockMvcFilterDecorator.java:162)
	at org.springframework.mock.web.MockFilterChain.doFilter(MockFilterChain.java:132)
	at org.springframework.web.filter.FormContentFilter.doFilterInternal(FormContentFilter.java:93)
	at org.springframework.web.filter.OncePerRequestFilter.doFilter(OncePerRequestFilter.java:116)
	at org.springframework.test.web.servlet.setup.MockMvcFilterDecorator.doFilter(MockMvcFilterDecorator.java:162)
	at org.springframework.mock.web.MockFilterChain.doFilter(MockFilterChain.java:132)
	at org.springframework.web.filter.ServerHttpObservationFilter.doFilterInternal(ServerHttpObservationFilter.java:114)
	at org.springframework.web.filter.OncePerRequestFilter.doFilter(OncePerRequestFilter.java:116)
	at org.springframework.test.web.servlet.setup.MockMvcFilterDecorator.doFilter(MockMvcFilterDecorator.java:162)
	at org.springframework.mock.web.MockFilterChain.doFilter(MockFilterChain.java:132)
	at io.sentry.spring.jakarta.tracing.SentryTracingFilter.doFilterInternal(SentryTracingFilter.java:91)
	at org.springframework.web.filter.OncePerRequestFilter.doFilter(OncePerRequestFilter.java:116)
	at org.springframework.test.web.servlet.setup.MockMvcFilterDecorator.doFilter(MockMvcFilterDecorator.java:162)
	at org.springframework.mock.web.MockFilterChain.doFilter(MockFilterChain.java:132)
	at org.springframework.web.filter.CharacterEncodingFilter.doFilterInternal(CharacterEncodingFilter.java:201)
	at org.springframework.web.filter.OncePerRequestFilter.doFilter(OncePerRequestFilter.java:116)
	at org.springframework.test.web.servlet.setup.MockMvcFilterDecorator.doFilter(MockMvcFilterDecorator.java:162)
	at org.springframework.mock.web.MockFilterChain.doFilter(MockFilterChain.java:132)
	at io.sentry.spring.jakarta.SentrySpringFilter.doFilterInternal(SentrySpringFilter.java:76)
	at org.springframework.web.filter.OncePerRequestFilter.doFilter(OncePerRequestFilter.java:116)
	at org.springframework.test.web.servlet.setup.MockMvcFilterDecorator.doFilter(MockMvcFilterDecorator.java:162)
	at org.springframework.mock.web.MockFilterChain.doFilter(MockFilterChain.java:132)
	at org.springframework.test.web.servlet.MockMvc.perform(MockMvc.java:201)
	at de.tum.cit.aet.artemis.core.util.RequestUtilService.performMvcRequest(RequestUtilService.java:79)
	at de.tum.cit.aet.artemis.core.util.RequestUtilService.postWithoutLocation(RequestUtilService.java:213)
	at de.tum.cit.aet.artemis.core.util.RequestUtilService.postWithoutLocation(RequestUtilService.java:199)
	at de.tum.cit.aet.artemis.programming.ProgrammingSubmissionAndResultGitlabJenkinsIntegrationTest.postResult(ProgrammingSubmissionAndResultGitlabJenkinsIntegrationTest.java:413)
	at de.tum.cit.aet.artemis.programming.ProgrammingSubmissionAndResultGitlabJenkinsIntegrationTest.shouldSaveBuildLogsOnStudentParticipationWithoutSubmissionNorResult(ProgrammingSubmissionAndResultGitlabJenkinsIntegrationTest.java:338)
	at java.base/jdk.internal.reflect.DirectMethodHandleAccessor.invoke(DirectMethodHandleAccessor.java:103)
	at java.base/java.lang.reflect.Method.invoke(Method.java:580)
	at org.junit.platform.commons.util.ReflectionUtils.invokeMethod(ReflectionUtils.java:767)
	at org.junit.jupiter.engine.execution.MethodInvocation.proceed(MethodInvocation.java:60)
	at org.junit.jupiter.engine.execution.InvocationInterceptorChain$ValidatingInvocation.proceed(InvocationInterceptorChain.java:131)
	at org.junit.jupiter.engine.extension.TimeoutExtension.intercept(TimeoutExtension.java:156)
	at org.junit.jupiter.engine.extension.TimeoutExtension.interceptTestableMethod(TimeoutExtension.java:147)
	at org.junit.jupiter.engine.extension.TimeoutExtension.interceptTestTemplateMethod(TimeoutExtension.java:94)
	at org.junit.jupiter.engine.execution.InterceptingExecutableInvoker$ReflectiveInterceptorCall.lambda$ofVoidMethod$0(InterceptingExecutableInvoker.java:103)
	at org.junit.jupiter.engine.execution.InterceptingExecutableInvoker.lambda$invoke$0(InterceptingExecutableInvoker.java:93)
	at org.junit.jupiter.engine.execution.InvocationInterceptorChain$InterceptedInvocation.proceed(InvocationInterceptorChain.java:106)
	at org.junit.jupiter.engine.execution.InvocationInterceptorChain.proceed(InvocationInterceptorChain.java:64)
	at org.junit.jupiter.engine.execution.InvocationInterceptorChain.chainAndInvoke(InvocationInterceptorChain.java:45)
	at org.junit.jupiter.engine.execution.InvocationInterceptorChain.invoke(InvocationInterceptorChain.java:37)
	at org.junit.jupiter.engine.execution.InterceptingExecutableInvoker.invoke(InterceptingExecutableInvoker.java:92)
	at org.junit.jupiter.engine.execution.InterceptingExecutableInvoker.invoke(InterceptingExecutableInvoker.java:86)
	at org.junit.jupiter.engine.descriptor.TestMethodTestDescriptor.lambda$invokeTestMethod$8(TestMethodTestDescriptor.java:217)
	at org.junit.platform.engine.support.hierarchical.ThrowableCollector.execute(ThrowableCollector.java:73)
	at org.junit.jupiter.engine.descriptor.TestMethodTestDescriptor.invokeTestMethod(TestMethodTestDescriptor.java:213)
	at org.junit.jupiter.engine.descriptor.TestMethodTestDescriptor.execute(TestMethodTestDescriptor.java:138)
	at org.junit.jupiter.engine.descriptor.TestMethodTestDescriptor.execute(TestMethodTestDescriptor.java:68)
	at org.junit.platform.engine.support.hierarchical.NodeTestTask.lambda$executeRecursively$6(NodeTestTask.java:156)
	at org.junit.platform.engine.support.hierarchical.ThrowableCollector.execute(ThrowableCollector.java:73)
	at org.junit.platform.engine.support.hierarchical.NodeTestTask.lambda$executeRecursively$8(NodeTestTask.java:146)
	at org.junit.platform.engine.support.hierarchical.Node.around(Node.java:137)
	at org.junit.platform.engine.support.hierarchical.NodeTestTask.lambda$executeRecursively$9(NodeTestTask.java:144)
	at org.junit.platform.engine.support.hierarchical.ThrowableCollector.execute(ThrowableCollector.java:73)
	at org.junit.platform.engine.support.hierarchical.NodeTestTask.executeRecursively(NodeTestTask.java:143)
	at org.junit.platform.engine.support.hierarchical.NodeTestTask.execute(NodeTestTask.java:100)
	at org.junit.platform.engine.support.hierarchical.ForkJoinPoolHierarchicalTestExecutorService$ExclusiveTask.exec(ForkJoinPoolHierarchicalTestExecutorService.java:274)
	at org.junit.platform.engine.support.hierarchical.ForkJoinPoolHierarchicalTestExecutorService$ExclusiveTask.execSync(ForkJoinPoolHierarchicalTestExecutorService.java:247)
	at org.junit.platform.engine.support.hierarchical.ForkJoinPoolHierarchicalTestExecutorService.submit(ForkJoinPoolHierarchicalTestExecutorService.java:148)
	at org.junit.platform.engine.support.hierarchical.NodeTestTask$DefaultDynamicTestExecutor.execute(NodeTestTask.java:231)
	at org.junit.platform.engine.support.hierarchical.NodeTestTask$DefaultDynamicTestExecutor.execute(NodeTestTask.java:209)
	at org.junit.jupiter.engine.descriptor.TestTemplateTestDescriptor.execute(TestTemplateTestDescriptor.java:141)
	at org.junit.jupiter.engine.descriptor.TestTemplateTestDescriptor.lambda$execute$3(TestTemplateTestDescriptor.java:109)
	at java.base/java.util.stream.ForEachOps$ForEachOp$OfRef.accept(ForEachOps.java:184)
	at java.base/java.util.stream.ReferencePipeline$3$1.accept(ReferencePipeline.java:197)
	at java.base/java.util.stream.ReferencePipeline$2$1.accept(ReferencePipeline.java:179)
	at java.base/java.util.stream.ReferencePipeline$3$1.accept(ReferencePipeline.java:197)
	at java.base/java.util.stream.ForEachOps$ForEachOp$OfRef.accept(ForEachOps.java:184)
	at java.base/java.util.stream.ReferencePipeline$3$1.accept(ReferencePipeline.java:197)
	at java.base/java.util.stream.ForEachOps$ForEachOp$OfRef.accept(ForEachOps.java:184)
	at java.base/java.util.stream.ForEachOps$ForEachOp$OfRef.accept(ForEachOps.java:184)
	at java.base/java.util.stream.ReferencePipeline$3$1.accept(ReferencePipeline.java:197)
	at java.base/java.util.stream.ForEachOps$ForEachOp$OfRef.accept(ForEachOps.java:184)
	at java.base/java.util.Spliterators$ArraySpliterator.forEachRemaining(Spliterators.java:1024)
	at java.base/java.util.stream.ReferencePipeline$Head.forEach(ReferencePipeline.java:762)
	at java.base/java.util.stream.ReferencePipeline$7$1.accept(ReferencePipeline.java:276)
	at java.base/java.util.Iterator.forEachRemaining(Iterator.java:133)
	at java.base/java.util.Spliterators$IteratorSpliterator.forEachRemaining(Spliterators.java:1939)
	at java.base/java.util.stream.AbstractPipeline.copyInto(AbstractPipeline.java:509)
	at java.base/java.util.stream.AbstractPipeline.wrapAndCopyInto(AbstractPipeline.java:499)
	at java.base/java.util.stream.ForEachOps$ForEachOp.evaluateSequential(ForEachOps.java:151)
	at java.base/java.util.stream.ForEachOps$ForEachOp$OfRef.evaluateSequential(ForEachOps.java:174)
	at java.base/java.util.stream.AbstractPipeline.evaluate(AbstractPipeline.java:234)
	at java.base/java.util.stream.ReferencePipeline.forEach(ReferencePipeline.java:596)
	at java.base/java.util.stream.ReferencePipeline$7$1.accept(ReferencePipeline.java:276)
	at java.base/java.util.stream.ReferencePipeline$3$1.accept(ReferencePipeline.java:197)
	at java.base/java.util.stream.ReferencePipeline$3$1.accept(ReferencePipeline.java:197)
	at java.base/java.util.stream.ReferencePipeline$3$1.accept(ReferencePipeline.java:197)
	at java.base/java.util.Spliterators$ArraySpliterator.forEachRemaining(Spliterators.java:1024)
	at java.base/java.util.stream.AbstractPipeline.copyInto(AbstractPipeline.java:509)
	at java.base/java.util.stream.AbstractPipeline.wrapAndCopyInto(AbstractPipeline.java:499)
	at java.base/java.util.stream.ForEachOps$ForEachOp.evaluateSequential(ForEachOps.java:151)
	at java.base/java.util.stream.ForEachOps$ForEachOp$OfRef.evaluateSequential(ForEachOps.java:174)
	at java.base/java.util.stream.AbstractPipeline.evaluate(AbstractPipeline.java:234)
	at java.base/java.util.stream.ReferencePipeline.forEach(ReferencePipeline.java:596)
	at java.base/java.util.stream.ReferencePipeline$7$1.accept(ReferencePipeline.java:276)
	at java.base/java.util.ArrayList$ArrayListSpliterator.forEachRemaining(ArrayList.java:1708)
	at java.base/java.util.stream.AbstractPipeline.copyInto(AbstractPipeline.java:509)
	at java.base/java.util.stream.AbstractPipeline.wrapAndCopyInto(AbstractPipeline.java:499)
	at java.base/java.util.stream.ForEachOps$ForEachOp.evaluateSequential(ForEachOps.java:151)
	at java.base/java.util.stream.ForEachOps$ForEachOp$OfRef.evaluateSequential(ForEachOps.java:174)
	at java.base/java.util.stream.AbstractPipeline.evaluate(AbstractPipeline.java:234)
	at java.base/java.util.stream.ReferencePipeline.forEach(ReferencePipeline.java:596)
	at java.base/java.util.stream.ReferencePipeline$7$1.accept(ReferencePipeline.java:276)
	at java.base/java.util.stream.ReferencePipeline$3$1.accept(ReferencePipeline.java:197)
	at java.base/java.util.stream.ReferencePipeline$3$1.accept(ReferencePipeline.java:197)
	at java.base/java.util.stream.ReferencePipeline$3$1.accept(ReferencePipeline.java:197)
	at java.base/java.util.ArrayList$ArrayListSpliterator.forEachRemaining(ArrayList.java:1708)
	at java.base/java.util.stream.AbstractPipeline.copyInto(AbstractPipeline.java:509)
	at java.base/java.util.stream.AbstractPipeline.wrapAndCopyInto(AbstractPipeline.java:499)
	at java.base/java.util.stream.ForEachOps$ForEachOp.evaluateSequential(ForEachOps.java:151)
	at java.base/java.util.stream.ForEachOps$ForEachOp$OfRef.evaluateSequential(ForEachOps.java:174)
	at java.base/java.util.stream.AbstractPipeline.evaluate(AbstractPipeline.java:234)
	at java.base/java.util.stream.ReferencePipeline.forEach(ReferencePipeline.java:596)
	at java.base/java.util.stream.ReferencePipeline$7$1.accept(ReferencePipeline.java:276)
	at java.base/java.util.ArrayList$ArrayListSpliterator.forEachRemaining(ArrayList.java:1708)
	at java.base/java.util.stream.AbstractPipeline.copyInto(AbstractPipeline.java:509)
	at java.base/java.util.stream.AbstractPipeline.wrapAndCopyInto(AbstractPipeline.java:499)
	at java.base/java.util.stream.ForEachOps$ForEachOp.evaluateSequential(ForEachOps.java:151)
	at java.base/java.util.stream.ForEachOps$ForEachOp$OfRef.evaluateSequential(ForEachOps.java:174)
	at java.base/java.util.stream.AbstractPipeline.evaluate(AbstractPipeline.java:234)
	at java.base/java.util.stream.ReferencePipeline.forEach(ReferencePipeline.java:596)
	at org.junit.jupiter.engine.descriptor.TestTemplateTestDescriptor.execute(TestTemplateTestDescriptor.java:109)
	at org.junit.jupiter.engine.descriptor.TestTemplateTestDescriptor.execute(TestTemplateTestDescriptor.java:43)
	at org.junit.platform.engine.support.hierarchical.NodeTestTask.lambda$executeRecursively$6(NodeTestTask.java:156)
	at org.junit.platform.engine.support.hierarchical.ThrowableCollector.execute(ThrowableCollector.java:73)
	at org.junit.platform.engine.support.hierarchical.NodeTestTask.lambda$executeRecursively$8(NodeTestTask.java:146)
	at org.junit.platform.engine.support.hierarchical.Node.around(Node.java:137)
	at org.junit.platform.engine.support.hierarchical.NodeTestTask.lambda$executeRecursively$9(NodeTestTask.java:144)
	at org.junit.platform.engine.support.hierarchical.ThrowableCollector.execute(ThrowableCollector.java:73)
	at org.junit.platform.engine.support.hierarchical.NodeTestTask.executeRecursively(NodeTestTask.java:143)
	at org.junit.platform.engine.support.hierarchical.NodeTestTask.execute(NodeTestTask.java:100)
	at org.junit.platform.engine.support.hierarchical.ForkJoinPoolHierarchicalTestExecutorService$ExclusiveTask.exec(ForkJoinPoolHierarchicalTestExecutorService.java:274)
	at org.junit.platform.engine.support.hierarchical.ForkJoinPoolHierarchicalTestExecutorService$ExclusiveTask.execSync(ForkJoinPoolHierarchicalTestExecutorService.java:247)
	at org.junit.platform.engine.support.hierarchical.ForkJoinPoolHierarchicalTestExecutorService.executeSync(ForkJoinPoolHierarchicalTestExecutorService.java:194)
	at org.junit.platform.engine.support.hierarchical.ForkJoinPoolHierarchicalTestExecutorService.invokeAll(ForkJoinPoolHierarchicalTestExecutorService.java:166)
	at org.junit.platform.engine.support.hierarchical.NodeTestTask.lambda$executeRecursively$6(NodeTestTask.java:160)
	at org.junit.platform.engine.support.hierarchical.ThrowableCollector.execute(ThrowableCollector.java:73)
	at org.junit.platform.engine.support.hierarchical.NodeTestTask.lambda$executeRecursively$8(NodeTestTask.java:146)
	at org.junit.platform.engine.support.hierarchical.Node.around(Node.java:137)
	at org.junit.platform.engine.support.hierarchical.NodeTestTask.lambda$executeRecursively$9(NodeTestTask.java:144)
	at org.junit.platform.engine.support.hierarchical.ThrowableCollector.execute(ThrowableCollector.java:73)
	at org.junit.platform.engine.support.hierarchical.NodeTestTask.executeRecursively(NodeTestTask.java:143)
	at org.junit.platform.engine.support.hierarchical.NodeTestTask.execute(NodeTestTask.java:100)
	at org.junit.platform.engine.support.hierarchical.ForkJoinPoolHierarchicalTestExecutorService$ExclusiveTask.exec(ForkJoinPoolHierarchicalTestExecutorService.java:274)
	at java.base/java.util.concurrent.ForkJoinTask.doExec(ForkJoinTask.java:387)
	at java.base/java.util.concurrent.ForkJoinPool$WorkQueue.topLevelExec(ForkJoinPool.java:1312)
	at java.base/java.util.concurrent.ForkJoinPool.scan(ForkJoinPool.java:1843)
	at java.base/java.util.concurrent.ForkJoinPool.runWorker(ForkJoinPool.java:1808)
	at java.base/java.util.concurrent.ForkJoinWorkerThread.run(ForkJoinWorkerThread.java:188)
    23:48:50.141 | 463 ool-1-worker-227 | DEBUG | .c.s.m.InstanceMessageReceiveService : Received schedule participant score for exercise 3216 and participant 773 (result to be deleted: null)
    23:48:50.141 | 463 ool-1-worker-227 | DEBUG | .a.s.ParticipantScoreScheduleService : Scheduled task for exercise 3216 and participant 773 at 2025-02-14T23:48:50.241287450Z[Etc/UTC].
    23:48:50.142 | 463 ool-1-worker-227 | DEBUG | .a.a.p.s.ProgrammingMessagingService : Send result to client over websocket. Result: Result{id777, completionDate=2025-02-14T23:48:50.115354300Z, successful=false, score=0.0, rated=true, assessmentType=AUTOMATIC, hasComplaint=null, testCaseCount=0, passedTestCaseCount=0, codeIssueCount=0}, Submission: ProgrammingSubmission{commitHash='9b3a9bd71a0d80e5bbc42204c319ed3d1d4f0d6d', buildFailed=true, buildArtifact=false, type=MANUAL}, Participation: ProgrammingExerciseStudentParticipation{id=3946, repositoryUri='https://version-control.fake.fake/git/SHORTFFAC073D0F16E04E4C0B3D6061775D73AD82TSTEXC/shortffac073d0f16e04e4c0b3d6061775d73ad82tstexc-progsubresgitlabjenstudent1.git', buildPlanId='SHORTFFAC073D0F16E04E4C0B3D6061775D73AD82TSTEXC-PROGSUBRESGITLABJENSTUDENT1', initializationState='INITIALIZED', initializationDate='2025-02-14T23:48:50.113698Z', individualDueDate=null', presentationScore=null}
    23:48:50.144 | 463 ool-1-worker-227 | INFO  | d.t.c.a.a.a.w.o.PublicResultResource : The new result for SHORTFFAC073D0F16E04E4C0B3D6061775D73AD82TSTEXC-PROGSUBRESGITLABJENSTUDENT1 was saved successfully
    23:48:50.146 | 463 ool-1-worker-227 | DEBUG | d.t.c.a.a.c.s.f.ApiVersionFilter     : Adding Version to Request GET /api/repository/3946/buildlogs
    23:48:50.147 | 463 ool-1-worker-227 | DEBUG | rammingExerciseParticipationResource : REST request to get build log : 3946

  Starting logs for ProgrammingSubmissionAndResultGitlabJenkinsIntegrationTest > shouldSaveBuildLogsOnStudentParticipationWithoutSubmissionNorResult(ProgrammingLanguage, boolean) [9] programmingLanguage=HASKELL, enableStaticCodeAnalysis=true
    23:48:50.159 | 463 ool-1-worker-227 | DEBUG | d.t.c.a.a.c.u.util.UserUtilService   : Generate 3 students...
    23:48:50.163 | 463 ool-1-worker-227 | DEBUG | d.t.c.a.a.c.u.util.UserUtilService   : 3 students generated. Generate 2 tutors...
    23:48:50.166 | 463 ool-1-worker-227 | DEBUG | d.t.c.a.a.c.u.util.UserUtilService   : 2 tutors generated. Generate 0 editors...
    23:48:50.167 | 463 ool-1-worker-227 | DEBUG | d.t.c.a.a.c.u.util.UserUtilService   : 0 editors generated. Generate 2 instructors...
    23:48:50.170 | 463 ool-1-worker-227 | DEBUG | d.t.c.a.a.c.u.util.UserUtilService   : 2 instructors generated
    23:48:50.171 | 463 ool-1-worker-227 | DEBUG | d.t.c.a.a.c.u.util.UserUtilService   : Removing 7 users from all courses...
    23:48:50.172 | 463 ool-1-worker-227 | DEBUG | d.t.c.a.a.c.u.util.UserUtilService   : Removing 7 users from all courses. Done
    23:48:50.172 | 463 ool-1-worker-227 | DEBUG | d.t.c.a.a.c.u.util.UserUtilService   : Save 7 users to database...
    23:48:50.175 | 463 ool-1-worker-227 | DEBUG | d.t.c.a.a.c.u.util.UserUtilService   : Save 7 users to database. Done
    23:48:50.188 | 463 ool-1-worker-227 | DEBUG | PersonalAccessTokenManagementService : Generate secure vcs access token
    23:48:50.191 | 463 ool-1-worker-227 | DEBUG | PersonalAccessTokenManagementService : Generate secure vcs access token
    23:48:50.193 | 463 ool-1-worker-227 | INFO  | i.z.t.d.l.EmbeddedDatabaseReporter   : JDBC URL to connect to 'dataSource': url='jdbc:h2:tcp://localhost:41063/mem:736625c0-cf5e-400d-aeaa-8a7eabd6262b;USER=sa', scope='ProgrammingSubmissionAndResultGitlabJenkinsIntegrationTest#shouldSaveBuildLogsOnStudentParticipationWithoutSubmissionNorResult'
    23:48:50.204 | 463 ool-1-worker-227 | DEBUG | PersonalAccessTokenManagementService : Generate secure vcs access token
    23:48:50.207 | 463 ool-1-worker-227 | DEBUG | d.t.c.a.a.c.s.f.ApiVersionFilter     : Adding Version to Request POST /api/public/programming-exercises/new-result
    23:48:50.207 | 463 ool-1-worker-227 | DEBUG | d.t.c.a.a.a.w.o.PublicResultResource : Received result notify (NEW)
    23:48:50.209 | 463 ool-1-worker-227 | INFO  | d.t.c.a.a.a.w.o.PublicResultResource : Artemis received a new result for build plan SHORTD170B07003A560406B0ACE60EE56DD1F3543TSTEXC-PROGSUBRESGITLABJENSTUDENT1
    23:48:50.210 | 463 ool-1-worker-227 | DEBUG | .s.ProgrammingExerciseGradingService : Received new build result (NEW) for participation 3953
    23:48:50.213 | 463 ool-1-worker-227 | WARN  | .s.ProgrammingExerciseGradingService : Could not find pending ProgrammingSubmission for Commit Hash 9b3a9bd71a0d80e5bbc42204c319ed3d1d4f0d6d (Participation 3953, Build Plan SHORTD170B07003A560406B0ACE60EE56DD1F3543TSTEXC-PROGSUBRESGITLABJENSTUDENT1). Will create a new one subsequently...
    23:48:50.213 | 463 ool-1-worker-227 | ERROR | .s.ProgrammingExerciseGradingService : Could not retrieve push date for participation 3953 and build plan SHORTD170B07003A560406B0ACE60EE56DD1F3543TSTEXC-PROGSUBRESGITLABJENSTUDENT1
de.tum.cit.aet.artemis.programming.service.gitlab.GitLabException: Could not find build queue date for participation 3953
	at de.tum.cit.aet.artemis.programming.service.gitlab.GitLabService.getPushDate(GitLabService.java:369)
	at de.tum.cit.aet.artemis.programming.service.gitlab.GitLabService.getPushDate(GitLabService.java:358)
	at de.tum.cit.aet.artemis.programming.service.ProgrammingExerciseGradingService.createAndSaveFallbackSubmission(ProgrammingExerciseGradingService.java:286)
	at de.tum.cit.aet.artemis.programming.service.ProgrammingExerciseGradingService.createAndSaveFallbackSubmission(ProgrammingExerciseGradingService.java:272)
	at de.tum.cit.aet.artemis.programming.service.ProgrammingExerciseGradingService.lambda$processNewProgrammingExerciseResult$0(ProgrammingExerciseGradingService.java:177)
	at java.base/java.util.Optional.orElseGet(Optional.java:364)
	at de.tum.cit.aet.artemis.programming.service.ProgrammingExerciseGradingService.processNewProgrammingExerciseResult(ProgrammingExerciseGradingService.java:177)
	at de.tum.cit.aet.artemis.programming.service.ProgrammingExerciseGradingService.processNewProgrammingExerciseResult(ProgrammingExerciseGradingService.java:156)
	at de.tum.cit.aet.artemis.assessment.web.open.PublicResultResource.processNewProgrammingExerciseResult(PublicResultResource.java:113)
	at java.base/jdk.internal.reflect.DirectMethodHandleAccessor.invoke(DirectMethodHandleAccessor.java:103)
	at java.base/java.lang.reflect.Method.invoke(Method.java:580)
	at org.springframework.aop.support.AopUtils.invokeJoinpointUsingReflection(AopUtils.java:359)
	at org.springframework.aop.framework.ReflectiveMethodInvocation.invokeJoinpoint(ReflectiveMethodInvocation.java:196)
	at org.springframework.aop.framework.ReflectiveMethodInvocation.proceed(ReflectiveMethodInvocation.java:163)
	at org.springframework.security.authorization.method.AuthorizationManagerBeforeMethodInterceptor.proceed(AuthorizationManagerBeforeMethodInterceptor.java:268)
	at org.springframework.security.authorization.method.AuthorizationManagerBeforeMethodInterceptor.attemptAuthorization(AuthorizationManagerBeforeMethodInterceptor.java:263)
	at org.springframework.security.authorization.method.AuthorizationManagerBeforeMethodInterceptor.invoke(AuthorizationManagerBeforeMethodInterceptor.java:196)
	at org.springframework.security.config.annotation.method.configuration.DeferringMethodInterceptor.invoke(DeferringMethodInterceptor.java:44)
	at org.springframework.aop.framework.ReflectiveMethodInvocation.proceed(ReflectiveMethodInvocation.java:184)
	at org.springframework.aop.framework.CglibAopProxy$DynamicAdvisedInterceptor.intercept(CglibAopProxy.java:727)
	at de.tum.cit.aet.artemis.assessment.web.open.PublicResultResource$$SpringCGLIB$$0.processNewProgrammingExerciseResult(<generated>)
	at java.base/jdk.internal.reflect.DirectMethodHandleAccessor.invoke(DirectMethodHandleAccessor.java:103)
	at java.base/java.lang.reflect.Method.invoke(Method.java:580)
	at org.springframework.web.method.support.InvocableHandlerMethod.doInvoke(InvocableHandlerMethod.java:257)
	at org.springframework.web.method.support.InvocableHandlerMethod.invokeForRequest(InvocableHandlerMethod.java:190)
	at org.springframework.web.servlet.mvc.method.annotation.ServletInvocableHandlerMethod.invokeAndHandle(ServletInvocableHandlerMethod.java:118)
	at org.springframework.web.servlet.mvc.method.annotation.RequestMappingHandlerAdapter.invokeHandlerMethod(RequestMappingHandlerAdapter.java:986)
	at org.springframework.web.servlet.mvc.method.annotation.RequestMappingHandlerAdapter.handleInternal(RequestMappingHandlerAdapter.java:891)
	at org.springframework.web.servlet.mvc.method.AbstractHandlerMethodAdapter.handle(AbstractHandlerMethodAdapter.java:87)
	at org.springframework.web.servlet.DispatcherServlet.doDispatch(DispatcherServlet.java:1088)
	at org.springframework.web.servlet.DispatcherServlet.doService(DispatcherServlet.java:978)
	at org.springframework.web.servlet.FrameworkServlet.processRequest(FrameworkServlet.java:1014)
	at org.springframework.web.servlet.FrameworkServlet.doPost(FrameworkServlet.java:914)
	at jakarta.servlet.http.HttpServlet.service(HttpServlet.java:547)
	at org.springframework.web.servlet.FrameworkServlet.service(FrameworkServlet.java:885)
	at org.springframework.test.web.servlet.TestDispatcherServlet.service(TestDispatcherServlet.java:72)
	at jakarta.servlet.http.HttpServlet.service(HttpServlet.java:614)
	at org.springframework.mock.web.MockFilterChain$ServletFilterProxy.doFilter(MockFilterChain.java:165)
	at org.springframework.mock.web.MockFilterChain.doFilter(MockFilterChain.java:132)
	at org.springframework.web.filter.OncePerRequestFilter.doFilter(OncePerRequestFilter.java:110)
	at org.springframework.test.web.servlet.setup.MockMvcFilterDecorator.doFilter(MockMvcFilterDecorator.java:162)
	at org.springframework.mock.web.MockFilterChain.doFilter(MockFilterChain.java:132)
	at de.tum.cit.aet.artemis.core.security.filter.ApiVersionFilter.doFilter(ApiVersionFilter.java:55)
	at org.springframework.test.web.servlet.setup.MockMvcFilterDecorator.doFilter(MockMvcFilterDecorator.java:162)
	at org.springframework.mock.web.MockFilterChain.doFilter(MockFilterChain.java:132)
	at io.sentry.spring.jakarta.SentryUserFilter.doFilterInternal(SentryUserFilter.java:56)
	at org.springframework.web.filter.OncePerRequestFilter.doFilter(OncePerRequestFilter.java:116)
	at org.springframework.test.web.servlet.setup.MockMvcFilterDecorator.doFilter(MockMvcFilterDecorator.java:162)
	at org.springframework.mock.web.MockFilterChain.doFilter(MockFilterChain.java:132)
	at org.springframework.web.filter.CompositeFilter$VirtualFilterChain.doFilter(CompositeFilter.java:108)
	at org.springframework.security.web.FilterChainProxy.lambda$doFilterInternal$3(FilterChainProxy.java:231)
	at org.springframework.security.web.ObservationFilterChainDecorator$FilterObservation$SimpleFilterObservation.lambda$wrap$1(ObservationFilterChainDecorator.java:479)
	at org.springframework.security.web.ObservationFilterChainDecorator$AroundFilterObservation$SimpleAroundFilterObservation.lambda$wrap$1(ObservationFilterChainDecorator.java:340)
	at org.springframework.security.web.ObservationFilterChainDecorator.lambda$wrapSecured$0(ObservationFilterChainDecorator.java:82)
	at org.springframework.security.web.ObservationFilterChainDecorator$VirtualFilterChain.doFilter(ObservationFilterChainDecorator.java:128)
	at org.springframework.security.web.access.intercept.AuthorizationFilter.doFilter(AuthorizationFilter.java:101)
	at org.springframework.security.web.ObservationFilterChainDecorator$ObservationFilter.wrapFilter(ObservationFilterChainDecorator.java:240)
	at org.springframework.security.web.ObservationFilterChainDecorator$ObservationFilter.doFilter(ObservationFilterChainDecorator.java:227)
	at org.springframework.security.web.ObservationFilterChainDecorator$VirtualFilterChain.doFilter(ObservationFilterChainDecorator.java:137)
	at org.springframework.security.web.access.ExceptionTranslationFilter.doFilter(ExceptionTranslationFilter.java:126)
	at org.springframework.security.web.access.ExceptionTranslationFilter.doFilter(ExceptionTranslationFilter.java:120)
	at org.springframework.security.web.ObservationFilterChainDecorator$ObservationFilter.wrapFilter(ObservationFilterChainDecorator.java:240)
	at org.springframework.security.web.ObservationFilterChainDecorator$ObservationFilter.doFilter(ObservationFilterChainDecorator.java:227)
	at org.springframework.security.web.ObservationFilterChainDecorator$VirtualFilterChain.doFilter(ObservationFilterChainDecorator.java:137)
	at org.springframework.security.web.session.SessionManagementFilter.doFilter(SessionManagementFilter.java:131)
	at org.springframework.security.web.session.SessionManagementFilter.doFilter(SessionManagementFilter.java:85)
	at org.springframework.security.web.ObservationFilterChainDecorator$ObservationFilter.wrapFilter(ObservationFilterChainDecorator.java:240)
	at org.springframework.security.web.ObservationFilterChainDecorator$ObservationFilter.doFilter(ObservationFilterChainDecorator.java:227)
	at org.springframework.security.web.ObservationFilterChainDecorator$VirtualFilterChain.doFilter(ObservationFilterChainDecorator.java:137)
	at org.springframework.security.web.authentication.AnonymousAuthenticationFilter.doFilter(AnonymousAuthenticationFilter.java:100)
	at org.springframework.security.web.ObservationFilterChainDecorator$ObservationFilter.wrapFilter(ObservationFilterChainDecorator.java:240)
	at org.springframework.security.web.ObservationFilterChainDecorator$ObservationFilter.doFilter(ObservationFilterChainDecorator.java:227)
	at org.springframework.security.web.ObservationFilterChainDecorator$VirtualFilterChain.doFilter(ObservationFilterChainDecorator.java:137)
	at org.springframework.security.web.servletapi.SecurityContextHolderAwareRequestFilter.doFilter(SecurityContextHolderAwareRequestFilter.java:179)
	at org.springframework.security.web.ObservationFilterChainDecorator$ObservationFilter.wrapFilter(ObservationFilterChainDecorator.java:240)
	at org.springframework.security.web.ObservationFilterChainDecorator$ObservationFilter.doFilter(ObservationFilterChainDecorator.java:227)
	at org.springframework.security.web.ObservationFilterChainDecorator$VirtualFilterChain.doFilter(ObservationFilterChainDecorator.java:137)
	at org.springframework.security.web.savedrequest.RequestCacheAwareFilter.doFilter(RequestCacheAwareFilter.java:63)
	at org.springframework.security.web.ObservationFilterChainDecorator$ObservationFilter.wrapFilter(ObservationFilterChainDecorator.java:240)
	at org.springframework.security.web.ObservationFilterChainDecorator$ObservationFilter.doFilter(ObservationFilterChainDecorator.java:227)
	at org.springframework.security.web.ObservationFilterChainDecorator$VirtualFilterChain.doFilter(ObservationFilterChainDecorator.java:137)
	at de.tum.cit.aet.artemis.core.security.filter.SpaWebFilter.doFilterInternal(SpaWebFilter.java:23)
	at org.springframework.web.filter.OncePerRequestFilter.doFilter(OncePerRequestFilter.java:116)
	at org.springframework.security.web.ObservationFilterChainDecorator$ObservationFilter.wrapFilter(ObservationFilterChainDecorator.java:240)
	at org.springframework.security.web.ObservationFilterChainDecorator$ObservationFilter.doFilter(ObservationFilterChainDecorator.java:227)
	at org.springframework.security.web.ObservationFilterChainDecorator$VirtualFilterChain.doFilter(ObservationFilterChainDecorator.java:137)
	at org.springframework.web.filter.OncePerRequestFilter.doFilter(OncePerRequestFilter.java:110)
	at org.springframework.security.web.ObservationFilterChainDecorator$ObservationFilter.wrapFilter(ObservationFilterChainDecorator.java:240)
	at org.springframework.security.web.ObservationFilterChainDecorator$ObservationFilter.doFilter(ObservationFilterChainDecorator.java:227)
	at org.springframework.security.web.ObservationFilterChainDecorator$VirtualFilterChain.doFilter(ObservationFilterChainDecorator.java:137)
	at de.tum.cit.aet.artemis.lti.config.Lti13LaunchFilter.doFilterInternal(Lti13LaunchFilter.java:60)
	at org.springframework.web.filter.OncePerRequestFilter.doFilter(OncePerRequestFilter.java:116)
	at org.springframework.security.web.ObservationFilterChainDecorator$ObservationFilter.wrapFilter(ObservationFilterChainDecorator.java:240)
	at org.springframework.security.web.ObservationFilterChainDecorator$ObservationFilter.doFilter(ObservationFilterChainDecorator.java:227)
	at org.springframework.security.web.ObservationFilterChainDecorator$VirtualFilterChain.doFilter(ObservationFilterChainDecorator.java:137)
	at de.tum.cit.aet.artemis.core.security.jwt.JWTFilter.doFilter(JWTFilter.java:55)
	at org.springframework.security.web.ObservationFilterChainDecorator$ObservationFilter.wrapFilter(ObservationFilterChainDecorator.java:240)
	at org.springframework.security.web.ObservationFilterChainDecorator$ObservationFilter.doFilter(ObservationFilterChainDecorator.java:227)
	at org.springframework.security.web.ObservationFilterChainDecorator$VirtualFilterChain.doFilter(ObservationFilterChainDecorator.java:137)
	at de.tum.cit.aet.artemis.core.security.jwt.JWTFilter.doFilter(JWTFilter.java:55)
	at org.springframework.security.web.ObservationFilterChainDecorator$ObservationFilter.wrapFilter(ObservationFilterChainDecorator.java:240)
	at org.springframework.security.web.ObservationFilterChainDecorator$ObservationFilter.doFilter(ObservationFilterChainDecorator.java:227)
	at org.springframework.security.web.ObservationFilterChainDecorator$VirtualFilterChain.doFilter(ObservationFilterChainDecorator.java:137)
	at org.springframework.web.filter.CorsFilter.doFilterInternal(CorsFilter.java:91)
	at org.springframework.web.filter.OncePerRequestFilter.doFilter(OncePerRequestFilter.java:116)
	at org.springframework.security.web.ObservationFilterChainDecorator$ObservationFilter.wrapFilter(ObservationFilterChainDecorator.java:240)
	at org.springframework.security.web.ObservationFilterChainDecorator$ObservationFilter.doFilter(ObservationFilterChainDecorator.java:227)
	at org.springframework.security.web.ObservationFilterChainDecorator$VirtualFilterChain.doFilter(ObservationFilterChainDecorator.java:137)
	at org.springframework.web.filter.OncePerRequestFilter.doFilter(OncePerRequestFilter.java:110)
	at org.springframework.security.web.ObservationFilterChainDecorator$ObservationFilter.wrapFilter(ObservationFilterChainDecorator.java:240)
	at org.springframework.security.web.ObservationFilterChainDecorator$ObservationFilter.doFilter(ObservationFilterChainDecorator.java:227)
	at org.springframework.security.web.ObservationFilterChainDecorator$VirtualFilterChain.doFilter(ObservationFilterChainDecorator.java:137)
	at uk.ac.ox.ctl.lti13.security.oauth2.client.lti.web.OAuth2AuthorizationRequestRedirectFilter.doFilterInternal(OAuth2AuthorizationRequestRedirectFilter.java:142)
	at org.springframework.web.filter.OncePerRequestFilter.doFilter(OncePerRequestFilter.java:116)
	at org.springframework.security.web.ObservationFilterChainDecorator$ObservationFilter.wrapFilter(ObservationFilterChainDecorator.java:240)
	at org.springframework.security.web.ObservationFilterChainDecorator$ObservationFilter.doFilter(ObservationFilterChainDecorator.java:227)
	at org.springframework.security.web.ObservationFilterChainDecorator$VirtualFilterChain.doFilter(ObservationFilterChainDecorator.java:137)
	at org.springframework.security.web.authentication.logout.LogoutFilter.doFilter(LogoutFilter.java:107)
	at org.springframework.security.web.authentication.logout.LogoutFilter.doFilter(LogoutFilter.java:93)
	at org.springframework.security.web.ObservationFilterChainDecorator$ObservationFilter.wrapFilter(ObservationFilterChainDecorator.java:240)
	at org.springframework.security.web.ObservationFilterChainDecorator$ObservationFilter.doFilter(ObservationFilterChainDecorator.java:227)
	at org.springframework.security.web.ObservationFilterChainDecorator$VirtualFilterChain.doFilter(ObservationFilterChainDecorator.java:137)
	at org.springframework.security.web.header.HeaderWriterFilter.doHeadersAfter(HeaderWriterFilter.java:90)
	at org.springframework.security.web.header.HeaderWriterFilter.doFilterInternal(HeaderWriterFilter.java:75)
	at org.springframework.web.filter.OncePerRequestFilter.doFilter(OncePerRequestFilter.java:116)
	at org.springframework.security.web.ObservationFilterChainDecorator$ObservationFilter.wrapFilter(ObservationFilterChainDecorator.java:240)
	at org.springframework.security.web.ObservationFilterChainDecorator$ObservationFilter.doFilter(ObservationFilterChainDecorator.java:227)
	at org.springframework.security.web.ObservationFilterChainDecorator$VirtualFilterChain.doFilter(ObservationFilterChainDecorator.java:137)
	at org.springframework.security.web.context.SecurityContextHolderFilter.doFilter(SecurityContextHolderFilter.java:82)
	at org.springframework.security.web.context.SecurityContextHolderFilter.doFilter(SecurityContextHolderFilter.java:69)
	at org.springframework.security.web.ObservationFilterChainDecorator$ObservationFilter.wrapFilter(ObservationFilterChainDecorator.java:240)
	at org.springframework.security.web.ObservationFilterChainDecorator$ObservationFilter.doFilter(ObservationFilterChainDecorator.java:227)
	at org.springframework.security.web.ObservationFilterChainDecorator$VirtualFilterChain.doFilter(ObservationFilterChainDecorator.java:137)
	at org.springframework.security.web.context.request.async.WebAsyncManagerIntegrationFilter.doFilterInternal(WebAsyncManagerIntegrationFilter.java:62)
	at org.springframework.web.filter.OncePerRequestFilter.doFilter(OncePerRequestFilter.java:116)
	at org.springframework.security.web.ObservationFilterChainDecorator$ObservationFilter.wrapFilter(ObservationFilterChainDecorator.java:240)
	at org.springframework.security.web.ObservationFilterChainDecorator$ObservationFilter.doFilter(ObservationFilterChainDecorator.java:227)
	at org.springframework.security.web.ObservationFilterChainDecorator$VirtualFilterChain.doFilter(ObservationFilterChainDecorator.java:137)
	at org.springframework.security.web.session.DisableEncodeUrlFilter.doFilterInternal(DisableEncodeUrlFilter.java:42)
	at org.springframework.web.filter.OncePerRequestFilter.doFilter(OncePerRequestFilter.java:116)
	at org.springframework.security.web.ObservationFilterChainDecorator$ObservationFilter.wrapFilter(ObservationFilterChainDecorator.java:240)
	at org.springframework.security.web.ObservationFilterChainDecorator$AroundFilterObservation$SimpleAroundFilterObservation.lambda$wrap$0(ObservationFilterChainDecorator.java:323)
	at org.springframework.security.web.ObservationFilterChainDecorator$ObservationFilter.doFilter(ObservationFilterChainDecorator.java:224)
	at org.springframework.security.web.ObservationFilterChainDecorator$VirtualFilterChain.doFilter(ObservationFilterChainDecorator.java:137)
	at org.springframework.security.web.FilterChainProxy.doFilterInternal(FilterChainProxy.java:233)
	at org.springframework.security.web.FilterChainProxy.doFilter(FilterChainProxy.java:191)
	at org.springframework.web.filter.CompositeFilter$VirtualFilterChain.doFilter(CompositeFilter.java:113)
	at org.springframework.web.servlet.handler.HandlerMappingIntrospector.lambda$createCacheFilter$3(HandlerMappingIntrospector.java:243)
	at org.springframework.web.filter.CompositeFilter$VirtualFilterChain.doFilter(CompositeFilter.java:113)
	at org.springframework.web.filter.CompositeFilter.doFilter(CompositeFilter.java:74)
	at org.springframework.security.config.annotation.web.configuration.WebMvcSecurityConfiguration$CompositeFilterChainProxy.doFilter(WebMvcSecurityConfiguration.java:238)
	at org.springframework.web.filter.DelegatingFilterProxy.invokeDelegate(DelegatingFilterProxy.java:362)
	at org.springframework.web.filter.DelegatingFilterProxy.doFilter(DelegatingFilterProxy.java:278)
	at org.springframework.test.web.servlet.setup.MockMvcFilterDecorator.doFilter(MockMvcFilterDecorator.java:162)
	at org.springframework.mock.web.MockFilterChain.doFilter(MockFilterChain.java:132)
	at org.springframework.web.filter.RequestContextFilter.doFilterInternal(RequestContextFilter.java:100)
	at org.springframework.web.filter.OncePerRequestFilter.doFilter(OncePerRequestFilter.java:116)
	at org.springframework.test.web.servlet.setup.MockMvcFilterDecorator.doFilter(MockMvcFilterDecorator.java:162)
	at org.springframework.mock.web.MockFilterChain.doFilter(MockFilterChain.java:132)
	at org.springframework.web.filter.FormContentFilter.doFilterInternal(FormContentFilter.java:93)
	at org.springframework.web.filter.OncePerRequestFilter.doFilter(OncePerRequestFilter.java:116)
	at org.springframework.test.web.servlet.setup.MockMvcFilterDecorator.doFilter(MockMvcFilterDecorator.java:162)
	at org.springframework.mock.web.MockFilterChain.doFilter(MockFilterChain.java:132)
	at org.springframework.web.filter.ServerHttpObservationFilter.doFilterInternal(ServerHttpObservationFilter.java:114)
	at org.springframework.web.filter.OncePerRequestFilter.doFilter(OncePerRequestFilter.java:116)
	at org.springframework.test.web.servlet.setup.MockMvcFilterDecorator.doFilter(MockMvcFilterDecorator.java:162)
	at org.springframework.mock.web.MockFilterChain.doFilter(MockFilterChain.java:132)
	at io.sentry.spring.jakarta.tracing.SentryTracingFilter.doFilterInternal(SentryTracingFilter.java:91)
	at org.springframework.web.filter.OncePerRequestFilter.doFilter(OncePerRequestFilter.java:116)
	at org.springframework.test.web.servlet.setup.MockMvcFilterDecorator.doFilter(MockMvcFilterDecorator.java:162)
	at org.springframework.mock.web.MockFilterChain.doFilter(MockFilterChain.java:132)
	at org.springframework.web.filter.CharacterEncodingFilter.doFilterInternal(CharacterEncodingFilter.java:201)
	at org.springframework.web.filter.OncePerRequestFilter.doFilter(OncePerRequestFilter.java:116)
	at org.springframework.test.web.servlet.setup.MockMvcFilterDecorator.doFilter(MockMvcFilterDecorator.java:162)
	at org.springframework.mock.web.MockFilterChain.doFilter(MockFilterChain.java:132)
	at io.sentry.spring.jakarta.SentrySpringFilter.doFilterInternal(SentrySpringFilter.java:76)
	at org.springframework.web.filter.OncePerRequestFilter.doFilter(OncePerRequestFilter.java:116)
	at org.springframework.test.web.servlet.setup.MockMvcFilterDecorator.doFilter(MockMvcFilterDecorator.java:162)
	at org.springframework.mock.web.MockFilterChain.doFilter(MockFilterChain.java:132)
	at org.springframework.test.web.servlet.MockMvc.perform(MockMvc.java:201)
	at de.tum.cit.aet.artemis.core.util.RequestUtilService.performMvcRequest(RequestUtilService.java:79)
	at de.tum.cit.aet.artemis.core.util.RequestUtilService.postWithoutLocation(RequestUtilService.java:213)
	at de.tum.cit.aet.artemis.core.util.RequestUtilService.postWithoutLocation(RequestUtilService.java:199)
	at de.tum.cit.aet.artemis.programming.ProgrammingSubmissionAndResultGitlabJenkinsIntegrationTest.postResult(ProgrammingSubmissionAndResultGitlabJenkinsIntegrationTest.java:413)
	at de.tum.cit.aet.artemis.programming.ProgrammingSubmissionAndResultGitlabJenkinsIntegrationTest.shouldSaveBuildLogsOnStudentParticipationWithoutSubmissionNorResult(ProgrammingSubmissionAndResultGitlabJenkinsIntegrationTest.java:338)
	at java.base/jdk.internal.reflect.DirectMethodHandleAccessor.invoke(DirectMethodHandleAccessor.java:103)
	at java.base/java.lang.reflect.Method.invoke(Method.java:580)
	at org.junit.platform.commons.util.ReflectionUtils.invokeMethod(ReflectionUtils.java:767)
	at org.junit.jupiter.engine.execution.MethodInvocation.proceed(MethodInvocation.java:60)
	at org.junit.jupiter.engine.execution.InvocationInterceptorChain$ValidatingInvocation.proceed(InvocationInterceptorChain.java:131)
	at org.junit.jupiter.engine.extension.TimeoutExtension.intercept(TimeoutExtension.java:156)
	at org.junit.jupiter.engine.extension.TimeoutExtension.interceptTestableMethod(TimeoutExtension.java:147)
	at org.junit.jupiter.engine.extension.TimeoutExtension.interceptTestTemplateMethod(TimeoutExtension.java:94)
	at org.junit.jupiter.engine.execution.InterceptingExecutableInvoker$ReflectiveInterceptorCall.lambda$ofVoidMethod$0(InterceptingExecutableInvoker.java:103)
	at org.junit.jupiter.engine.execution.InterceptingExecutableInvoker.lambda$invoke$0(InterceptingExecutableInvoker.java:93)
	at org.junit.jupiter.engine.execution.InvocationInterceptorChain$InterceptedInvocation.proceed(InvocationInterceptorChain.java:106)
	at org.junit.jupiter.engine.execution.InvocationInterceptorChain.proceed(InvocationInterceptorChain.java:64)
	at org.junit.jupiter.engine.execution.InvocationInterceptorChain.chainAndInvoke(InvocationInterceptorChain.java:45)
	at org.junit.jupiter.engine.execution.InvocationInterceptorChain.invoke(InvocationInterceptorChain.java:37)
	at org.junit.jupiter.engine.execution.InterceptingExecutableInvoker.invoke(InterceptingExecutableInvoker.java:92)
	at org.junit.jupiter.engine.execution.InterceptingExecutableInvoker.invoke(InterceptingExecutableInvoker.java:86)
	at org.junit.jupiter.engine.descriptor.TestMethodTestDescriptor.lambda$invokeTestMethod$8(TestMethodTestDescriptor.java:217)
	at org.junit.platform.engine.support.hierarchical.ThrowableCollector.execute(ThrowableCollector.java:73)
	at org.junit.jupiter.engine.descriptor.TestMethodTestDescriptor.invokeTestMethod(TestMethodTestDescriptor.java:213)
	at org.junit.jupiter.engine.descriptor.TestMethodTestDescriptor.execute(TestMethodTestDescriptor.java:138)
	at org.junit.jupiter.engine.descriptor.TestMethodTestDescriptor.execute(TestMethodTestDescriptor.java:68)
	at org.junit.platform.engine.support.hierarchical.NodeTestTask.lambda$executeRecursively$6(NodeTestTask.java:156)
	at org.junit.platform.engine.support.hierarchical.ThrowableCollector.execute(ThrowableCollector.java:73)
	at org.junit.platform.engine.support.hierarchical.NodeTestTask.lambda$executeRecursively$8(NodeTestTask.java:146)
	at org.junit.platform.engine.support.hierarchical.Node.around(Node.java:137)
	at org.junit.platform.engine.support.hierarchical.NodeTestTask.lambda$executeRecursively$9(NodeTestTask.java:144)
	at org.junit.platform.engine.support.hierarchical.ThrowableCollector.execute(ThrowableCollector.java:73)
	at org.junit.platform.engine.support.hierarchical.NodeTestTask.executeRecursively(NodeTestTask.java:143)
	at org.junit.platform.engine.support.hierarchical.NodeTestTask.execute(NodeTestTask.java:100)
	at org.junit.platform.engine.support.hierarchical.ForkJoinPoolHierarchicalTestExecutorService$ExclusiveTask.exec(ForkJoinPoolHierarchicalTestExecutorService.java:274)
	at org.junit.platform.engine.support.hierarchical.ForkJoinPoolHierarchicalTestExecutorService$ExclusiveTask.execSync(ForkJoinPoolHierarchicalTestExecutorService.java:247)
	at org.junit.platform.engine.support.hierarchical.ForkJoinPoolHierarchicalTestExecutorService.submit(ForkJoinPoolHierarchicalTestExecutorService.java:148)
	at org.junit.platform.engine.support.hierarchical.NodeTestTask$DefaultDynamicTestExecutor.execute(NodeTestTask.java:231)
	at org.junit.platform.engine.support.hierarchical.NodeTestTask$DefaultDynamicTestExecutor.execute(NodeTestTask.java:209)
	at org.junit.jupiter.engine.descriptor.TestTemplateTestDescriptor.execute(TestTemplateTestDescriptor.java:141)
	at org.junit.jupiter.engine.descriptor.TestTemplateTestDescriptor.lambda$execute$3(TestTemplateTestDescriptor.java:109)
	at java.base/java.util.stream.ForEachOps$ForEachOp$OfRef.accept(ForEachOps.java:184)
	at java.base/java.util.stream.ReferencePipeline$3$1.accept(ReferencePipeline.java:197)
	at java.base/java.util.stream.ReferencePipeline$2$1.accept(ReferencePipeline.java:179)
	at java.base/java.util.stream.ReferencePipeline$3$1.accept(ReferencePipeline.java:197)
	at java.base/java.util.stream.ForEachOps$ForEachOp$OfRef.accept(ForEachOps.java:184)
	at java.base/java.util.stream.ReferencePipeline$3$1.accept(ReferencePipeline.java:197)
	at java.base/java.util.stream.ForEachOps$ForEachOp$OfRef.accept(ForEachOps.java:184)
	at java.base/java.util.stream.ForEachOps$ForEachOp$OfRef.accept(ForEachOps.java:184)
	at java.base/java.util.stream.ReferencePipeline$3$1.accept(ReferencePipeline.java:197)
	at java.base/java.util.stream.ForEachOps$ForEachOp$OfRef.accept(ForEachOps.java:184)
	at java.base/java.util.Spliterators$ArraySpliterator.forEachRemaining(Spliterators.java:1024)
	at java.base/java.util.stream.ReferencePipeline$Head.forEach(ReferencePipeline.java:762)
	at java.base/java.util.stream.ReferencePipeline$7$1.accept(ReferencePipeline.java:276)
	at java.base/java.util.Iterator.forEachRemaining(Iterator.java:133)
	at java.base/java.util.Spliterators$IteratorSpliterator.forEachRemaining(Spliterators.java:1939)
	at java.base/java.util.stream.AbstractPipeline.copyInto(AbstractPipeline.java:509)
	at java.base/java.util.stream.AbstractPipeline.wrapAndCopyInto(AbstractPipeline.java:499)
	at java.base/java.util.stream.ForEachOps$ForEachOp.evaluateSequential(ForEachOps.java:151)
	at java.base/java.util.stream.ForEachOps$ForEachOp$OfRef.evaluateSequential(ForEachOps.java:174)
	at java.base/java.util.stream.AbstractPipeline.evaluate(AbstractPipeline.java:234)
	at java.base/java.util.stream.ReferencePipeline.forEach(ReferencePipeline.java:596)
	at java.base/java.util.stream.ReferencePipeline$7$1.accept(ReferencePipeline.java:276)
	at java.base/java.util.stream.ReferencePipeline$3$1.accept(ReferencePipeline.java:197)
	at java.base/java.util.stream.ReferencePipeline$3$1.accept(ReferencePipeline.java:197)
	at java.base/java.util.stream.ReferencePipeline$3$1.accept(ReferencePipeline.java:197)
	at java.base/java.util.Spliterators$ArraySpliterator.forEachRemaining(Spliterators.java:1024)
	at java.base/java.util.stream.AbstractPipeline.copyInto(AbstractPipeline.java:509)
	at java.base/java.util.stream.AbstractPipeline.wrapAndCopyInto(AbstractPipeline.java:499)
	at java.base/java.util.stream.ForEachOps$ForEachOp.evaluateSequential(ForEachOps.java:151)
	at java.base/java.util.stream.ForEachOps$ForEachOp$OfRef.evaluateSequential(ForEachOps.java:174)
	at java.base/java.util.stream.AbstractPipeline.evaluate(AbstractPipeline.java:234)
	at java.base/java.util.stream.ReferencePipeline.forEach(ReferencePipeline.java:596)
	at java.base/java.util.stream.ReferencePipeline$7$1.accept(ReferencePipeline.java:276)
	at java.base/java.util.ArrayList$ArrayListSpliterator.forEachRemaining(ArrayList.java:1708)
	at java.base/java.util.stream.AbstractPipeline.copyInto(AbstractPipeline.java:509)
	at java.base/java.util.stream.AbstractPipeline.wrapAndCopyInto(AbstractPipeline.java:499)
	at java.base/java.util.stream.ForEachOps$ForEachOp.evaluateSequential(ForEachOps.java:151)
	at java.base/java.util.stream.ForEachOps$ForEachOp$OfRef.evaluateSequential(ForEachOps.java:174)
	at java.base/java.util.stream.AbstractPipeline.evaluate(AbstractPipeline.java:234)
	at java.base/java.util.stream.ReferencePipeline.forEach(ReferencePipeline.java:596)
	at java.base/java.util.stream.ReferencePipeline$7$1.accept(ReferencePipeline.java:276)
	at java.base/java.util.stream.ReferencePipeline$3$1.accept(ReferencePipeline.java:197)
	at java.base/java.util.stream.ReferencePipeline$3$1.accept(ReferencePipeline.java:197)
	at java.base/java.util.stream.ReferencePipeline$3$1.accept(ReferencePipeline.java:197)
	at java.base/java.util.ArrayList$ArrayListSpliterator.forEachRemaining(ArrayList.java:1708)
	at java.base/java.util.stream.AbstractPipeline.copyInto(AbstractPipeline.java:509)
	at java.base/java.util.stream.AbstractPipeline.wrapAndCopyInto(AbstractPipeline.java:499)
	at java.base/java.util.stream.ForEachOps$ForEachOp.evaluateSequential(ForEachOps.java:151)
	at java.base/java.util.stream.ForEachOps$ForEachOp$OfRef.evaluateSequential(ForEachOps.java:174)
	at java.base/java.util.stream.AbstractPipeline.evaluate(AbstractPipeline.java:234)
	at java.base/java.util.stream.ReferencePipeline.forEach(ReferencePipeline.java:596)
	at java.base/java.util.stream.ReferencePipeline$7$1.accept(ReferencePipeline.java:276)
	at java.base/java.util.ArrayList$ArrayListSpliterator.forEachRemaining(ArrayList.java:1708)
	at java.base/java.util.stream.AbstractPipeline.copyInto(AbstractPipeline.java:509)
	at java.base/java.util.stream.AbstractPipeline.wrapAndCopyInto(AbstractPipeline.java:499)
	at java.base/java.util.stream.ForEachOps$ForEachOp.evaluateSequential(ForEachOps.java:151)
	at java.base/java.util.stream.ForEachOps$ForEachOp$OfRef.evaluateSequential(ForEachOps.java:174)
	at java.base/java.util.stream.AbstractPipeline.evaluate(AbstractPipeline.java:234)
	at java.base/java.util.stream.ReferencePipeline.forEach(ReferencePipeline.java:596)
	at org.junit.jupiter.engine.descriptor.TestTemplateTestDescriptor.execute(TestTemplateTestDescriptor.java:109)
	at org.junit.jupiter.engine.descriptor.TestTemplateTestDescriptor.execute(TestTemplateTestDescriptor.java:43)
	at org.junit.platform.engine.support.hierarchical.NodeTestTask.lambda$executeRecursively$6(NodeTestTask.java:156)
	at org.junit.platform.engine.support.hierarchical.ThrowableCollector.execute(ThrowableCollector.java:73)
	at org.junit.platform.engine.support.hierarchical.NodeTestTask.lambda$executeRecursively$8(NodeTestTask.java:146)
	at org.junit.platform.engine.support.hierarchical.Node.around(Node.java:137)
	at org.junit.platform.engine.support.hierarchical.NodeTestTask.lambda$executeRecursively$9(NodeTestTask.java:144)
	at org.junit.platform.engine.support.hierarchical.ThrowableCollector.execute(ThrowableCollector.java:73)
	at org.junit.platform.engine.support.hierarchical.NodeTestTask.executeRecursively(NodeTestTask.java:143)
	at org.junit.platform.engine.support.hierarchical.NodeTestTask.execute(NodeTestTask.java:100)
	at org.junit.platform.engine.support.hierarchical.ForkJoinPoolHierarchicalTestExecutorService$ExclusiveTask.exec(ForkJoinPoolHierarchicalTestExecutorService.java:274)
	at org.junit.platform.engine.support.hierarchical.ForkJoinPoolHierarchicalTestExecutorService$ExclusiveTask.execSync(ForkJoinPoolHierarchicalTestExecutorService.java:247)
	at org.junit.platform.engine.support.hierarchical.ForkJoinPoolHierarchicalTestExecutorService.executeSync(ForkJoinPoolHierarchicalTestExecutorService.java:194)
	at org.junit.platform.engine.support.hierarchical.ForkJoinPoolHierarchicalTestExecutorService.invokeAll(ForkJoinPoolHierarchicalTestExecutorService.java:166)
	at org.junit.platform.engine.support.hierarchical.NodeTestTask.lambda$executeRecursively$6(NodeTestTask.java:160)
	at org.junit.platform.engine.support.hierarchical.ThrowableCollector.execute(ThrowableCollector.java:73)
	at org.junit.platform.engine.support.hierarchical.NodeTestTask.lambda$executeRecursively$8(NodeTestTask.java:146)
	at org.junit.platform.engine.support.hierarchical.Node.around(Node.java:137)
	at org.junit.platform.engine.support.hierarchical.NodeTestTask.lambda$executeRecursively$9(NodeTestTask.java:144)
	at org.junit.platform.engine.support.hierarchical.ThrowableCollector.execute(ThrowableCollector.java:73)
	at org.junit.platform.engine.support.hierarchical.NodeTestTask.executeRecursively(NodeTestTask.java:143)
	at org.junit.platform.engine.support.hierarchical.NodeTestTask.execute(NodeTestTask.java:100)
	at org.junit.platform.engine.support.hierarchical.ForkJoinPoolHierarchicalTestExecutorService$ExclusiveTask.exec(ForkJoinPoolHierarchicalTestExecutorService.java:274)
	at java.base/java.util.concurrent.ForkJoinTask.doExec(ForkJoinTask.java:387)
	at java.base/java.util.concurrent.ForkJoinPool$WorkQueue.topLevelExec(ForkJoinPool.java:1312)
	at java.base/java.util.concurrent.ForkJoinPool.scan(ForkJoinPool.java:1843)
	at java.base/java.util.concurrent.ForkJoinPool.runWorker(ForkJoinPool.java:1808)
	at java.base/java.util.concurrent.ForkJoinWorkerThread.run(ForkJoinWorkerThread.java:188)
    23:48:50.229 | 463 ool-1-worker-227 | DEBUG | .c.s.m.InstanceMessageReceiveService : Received schedule participant score for exercise 3218 and participant 773 (result to be deleted: null)
    23:48:50.229 | 463 ool-1-worker-227 | DEBUG | .a.s.ParticipantScoreScheduleService : Scheduled task for exercise 3218 and participant 773 at 2025-02-14T23:48:50.329203462Z[Etc/UTC].
    23:48:50.229 | 463 ool-1-worker-227 | DEBUG | .a.a.p.s.ProgrammingMessagingService : Send result to client over websocket. Result: Result{id778, completionDate=2025-02-14T23:48:50.204948700Z, successful=false, score=0.0, rated=true, assessmentType=AUTOMATIC, hasComplaint=null, testCaseCount=0, passedTestCaseCount=0, codeIssueCount=0}, Submission: ProgrammingSubmission{commitHash='9b3a9bd71a0d80e5bbc42204c319ed3d1d4f0d6d', buildFailed=true, buildArtifact=false, type=MANUAL}, Participation: ProgrammingExerciseStudentParticipation{id=3953, repositoryUri='https://version-control.fake.fake/git/SHORTD170B07003A560406B0ACE60EE56DD1F3543TSTEXC/shortd170b07003a560406b0ace60ee56dd1f3543tstexc-progsubresgitlabjenstudent1.git', buildPlanId='SHORTD170B07003A560406B0ACE60EE56DD1F3543TSTEXC-PROGSUBRESGITLABJENSTUDENT1', initializationState='INITIALIZED', initializationDate='2025-02-14T23:48:50.203346Z', individualDueDate=null', presentationScore=null}
    23:48:50.232 | 463 ool-1-worker-227 | INFO  | d.t.c.a.a.a.w.o.PublicResultResource : The new result for SHORTD170B07003A560406B0ACE60EE56DD1F3543TSTEXC-PROGSUBRESGITLABJENSTUDENT1 was saved successfully
    23:48:50.234 | 463 ool-1-worker-227 | DEBUG | d.t.c.a.a.c.s.f.ApiVersionFilter     : Adding Version to Request GET /api/repository/3953/buildlogs
    23:48:50.235 | 463 ool-1-worker-227 | DEBUG | rammingExerciseParticipationResource : REST request to get build log : 3953

  Starting logs for ProgrammingSubmissionAndResultGitlabJenkinsIntegrationTest > shouldSaveBuildLogsOnStudentParticipationWithoutSubmissionNorResult(ProgrammingLanguage, boolean) [10] programmingLanguage=HASKELL, enableStaticCodeAnalysis=false
    23:48:50.247 | 463 ool-1-worker-227 | DEBUG | d.t.c.a.a.c.u.util.UserUtilService   : Generate 3 students...
    23:48:50.251 | 463 ool-1-worker-227 | DEBUG | d.t.c.a.a.c.u.util.UserUtilService   : 3 students generated. Generate 2 tutors...
    23:48:50.254 | 463 ool-1-worker-227 | DEBUG | d.t.c.a.a.c.u.util.UserUtilService   : 2 tutors generated. Generate 0 editors...
    23:48:50.255 | 463 ool-1-worker-227 | DEBUG | d.t.c.a.a.c.u.util.UserUtilService   : 0 editors generated. Generate 2 instructors...
    23:48:50.258 | 463 ool-1-worker-227 | DEBUG | d.t.c.a.a.c.u.util.UserUtilService   : 2 instructors generated
    23:48:50.259 | 463 ool-1-worker-227 | DEBUG | d.t.c.a.a.c.u.util.UserUtilService   : Removing 7 users from all courses...
    23:48:50.260 | 463 ool-1-worker-227 | DEBUG | d.t.c.a.a.c.u.util.UserUtilService   : Removing 7 users from all courses. Done
    23:48:50.260 | 463 ool-1-worker-227 | DEBUG | d.t.c.a.a.c.u.util.UserUtilService   : Save 7 users to database...
    23:48:50.264 | 463 ool-1-worker-227 | DEBUG | d.t.c.a.a.c.u.util.UserUtilService   : Save 7 users to database. Done
    23:48:50.279 | 463 ool-1-worker-227 | DEBUG | PersonalAccessTokenManagementService : Generate secure vcs access token
    23:48:50.282 | 463 ool-1-worker-227 | DEBUG | PersonalAccessTokenManagementService : Generate secure vcs access token
    23:48:50.284 | 463 ool-1-worker-227 | INFO  | i.z.t.d.l.EmbeddedDatabaseReporter   : JDBC URL to connect to 'dataSource': url='jdbc:h2:tcp://localhost:41063/mem:736625c0-cf5e-400d-aeaa-8a7eabd6262b;USER=sa', scope='ProgrammingSubmissionAndResultGitlabJenkinsIntegrationTest#shouldSaveBuildLogsOnStudentParticipationWithoutSubmissionNorResult'
    23:48:50.295 | 463 ool-1-worker-227 | DEBUG | PersonalAccessTokenManagementService : Generate secure vcs access token
    23:48:50.298 | 463 ool-1-worker-227 | DEBUG | d.t.c.a.a.c.s.f.ApiVersionFilter     : Adding Version to Request POST /api/public/programming-exercises/new-result
    23:48:50.298 | 463 ool-1-worker-227 | DEBUG | d.t.c.a.a.a.w.o.PublicResultResource : Received result notify (NEW)
    23:48:50.300 | 463 ool-1-worker-227 | INFO  | d.t.c.a.a.a.w.o.PublicResultResource : Artemis received a new result for build plan SHORTA1371FA101988049130A6EB0AFF2229448DETSTEXC-PROGSUBRESGITLABJENSTUDENT1
    23:48:50.302 | 463 ool-1-worker-227 | DEBUG | .s.ProgrammingExerciseGradingService : Received new build result (NEW) for participation 3960
    23:48:50.304 | 463 ool-1-worker-227 | WARN  | .s.ProgrammingExerciseGradingService : Could not find pending ProgrammingSubmission for Commit Hash 9b3a9bd71a0d80e5bbc42204c319ed3d1d4f0d6d (Participation 3960, Build Plan SHORTA1371FA101988049130A6EB0AFF2229448DETSTEXC-PROGSUBRESGITLABJENSTUDENT1). Will create a new one subsequently...
    23:48:50.305 | 463 ool-1-worker-227 | ERROR | .s.ProgrammingExerciseGradingService : Could not retrieve push date for participation 3960 and build plan SHORTA1371FA101988049130A6EB0AFF2229448DETSTEXC-PROGSUBRESGITLABJENSTUDENT1
de.tum.cit.aet.artemis.programming.service.gitlab.GitLabException: Could not find build queue date for participation 3960
	at de.tum.cit.aet.artemis.programming.service.gitlab.GitLabService.getPushDate(GitLabService.java:369)
	at de.tum.cit.aet.artemis.programming.service.gitlab.GitLabService.getPushDate(GitLabService.java:358)
	at de.tum.cit.aet.artemis.programming.service.ProgrammingExerciseGradingService.createAndSaveFallbackSubmission(ProgrammingExerciseGradingService.java:286)
	at de.tum.cit.aet.artemis.programming.service.ProgrammingExerciseGradingService.createAndSaveFallbackSubmission(ProgrammingExerciseGradingService.java:272)
	at de.tum.cit.aet.artemis.programming.service.ProgrammingExerciseGradingService.lambda$processNewProgrammingExerciseResult$0(ProgrammingExerciseGradingService.java:177)
	at java.base/java.util.Optional.orElseGet(Optional.java:364)
	at de.tum.cit.aet.artemis.programming.service.ProgrammingExerciseGradingService.processNewProgrammingExerciseResult(ProgrammingExerciseGradingService.java:177)
	at de.tum.cit.aet.artemis.programming.service.ProgrammingExerciseGradingService.processNewProgrammingExerciseResult(ProgrammingExerciseGradingService.java:156)
	at de.tum.cit.aet.artemis.assessment.web.open.PublicResultResource.processNewProgrammingExerciseResult(PublicResultResource.java:113)
	at java.base/jdk.internal.reflect.DirectMethodHandleAccessor.invoke(DirectMethodHandleAccessor.java:103)
	at java.base/java.lang.reflect.Method.invoke(Method.java:580)
	at org.springframework.aop.support.AopUtils.invokeJoinpointUsingReflection(AopUtils.java:359)
	at org.springframework.aop.framework.ReflectiveMethodInvocation.invokeJoinpoint(ReflectiveMethodInvocation.java:196)
	at org.springframework.aop.framework.ReflectiveMethodInvocation.proceed(ReflectiveMethodInvocation.java:163)
	at org.springframework.security.authorization.method.AuthorizationManagerBeforeMethodInterceptor.proceed(AuthorizationManagerBeforeMethodInterceptor.java:268)
	at org.springframework.security.authorization.method.AuthorizationManagerBeforeMethodInterceptor.attemptAuthorization(AuthorizationManagerBeforeMethodInterceptor.java:263)
	at org.springframework.security.authorization.method.AuthorizationManagerBeforeMethodInterceptor.invoke(AuthorizationManagerBeforeMethodInterceptor.java:196)
	at org.springframework.security.config.annotation.method.configuration.DeferringMethodInterceptor.invoke(DeferringMethodInterceptor.java:44)
	at org.springframework.aop.framework.ReflectiveMethodInvocation.proceed(ReflectiveMethodInvocation.java:184)
	at org.springframework.aop.framework.CglibAopProxy$DynamicAdvisedInterceptor.intercept(CglibAopProxy.java:727)
	at de.tum.cit.aet.artemis.assessment.web.open.PublicResultResource$$SpringCGLIB$$0.processNewProgrammingExerciseResult(<generated>)
	at java.base/jdk.internal.reflect.DirectMethodHandleAccessor.invoke(DirectMethodHandleAccessor.java:103)
	at java.base/java.lang.reflect.Method.invoke(Method.java:580)
	at org.springframework.web.method.support.InvocableHandlerMethod.doInvoke(InvocableHandlerMethod.java:257)
	at org.springframework.web.method.support.InvocableHandlerMethod.invokeForRequest(InvocableHandlerMethod.java:190)
	at org.springframework.web.servlet.mvc.method.annotation.ServletInvocableHandlerMethod.invokeAndHandle(ServletInvocableHandlerMethod.java:118)
	at org.springframework.web.servlet.mvc.method.annotation.RequestMappingHandlerAdapter.invokeHandlerMethod(RequestMappingHandlerAdapter.java:986)
	at org.springframework.web.servlet.mvc.method.annotation.RequestMappingHandlerAdapter.handleInternal(RequestMappingHandlerAdapter.java:891)
	at org.springframework.web.servlet.mvc.method.AbstractHandlerMethodAdapter.handle(AbstractHandlerMethodAdapter.java:87)
	at org.springframework.web.servlet.DispatcherServlet.doDispatch(DispatcherServlet.java:1088)
	at org.springframework.web.servlet.DispatcherServlet.doService(DispatcherServlet.java:978)
	at org.springframework.web.servlet.FrameworkServlet.processRequest(FrameworkServlet.java:1014)
	at org.springframework.web.servlet.FrameworkServlet.doPost(FrameworkServlet.java:914)
	at jakarta.servlet.http.HttpServlet.service(HttpServlet.java:547)
	at org.springframework.web.servlet.FrameworkServlet.service(FrameworkServlet.java:885)
	at org.springframework.test.web.servlet.TestDispatcherServlet.service(TestDispatcherServlet.java:72)
	at jakarta.servlet.http.HttpServlet.service(HttpServlet.java:614)
	at org.springframework.mock.web.MockFilterChain$ServletFilterProxy.doFilter(MockFilterChain.java:165)
	at org.springframework.mock.web.MockFilterChain.doFilter(MockFilterChain.java:132)
	at org.springframework.web.filter.OncePerRequestFilter.doFilter(OncePerRequestFilter.java:110)
	at org.springframework.test.web.servlet.setup.MockMvcFilterDecorator.doFilter(MockMvcFilterDecorator.java:162)
	at org.springframework.mock.web.MockFilterChain.doFilter(MockFilterChain.java:132)
	at de.tum.cit.aet.artemis.core.security.filter.ApiVersionFilter.doFilter(ApiVersionFilter.java:55)
	at org.springframework.test.web.servlet.setup.MockMvcFilterDecorator.doFilter(MockMvcFilterDecorator.java:162)
	at org.springframework.mock.web.MockFilterChain.doFilter(MockFilterChain.java:132)
	at io.sentry.spring.jakarta.SentryUserFilter.doFilterInternal(SentryUserFilter.java:56)
	at org.springframework.web.filter.OncePerRequestFilter.doFilter(OncePerRequestFilter.java:116)
	at org.springframework.test.web.servlet.setup.MockMvcFilterDecorator.doFilter(MockMvcFilterDecorator.java:162)
	at org.springframework.mock.web.MockFilterChain.doFilter(MockFilterChain.java:132)
	at org.springframework.web.filter.CompositeFilter$VirtualFilterChain.doFilter(CompositeFilter.java:108)
	at org.springframework.security.web.FilterChainProxy.lambda$doFilterInternal$3(FilterChainProxy.java:231)
	at org.springframework.security.web.ObservationFilterChainDecorator$FilterObservation$SimpleFilterObservation.lambda$wrap$1(ObservationFilterChainDecorator.java:479)
	at org.springframework.security.web.ObservationFilterChainDecorator$AroundFilterObservation$SimpleAroundFilterObservation.lambda$wrap$1(ObservationFilterChainDecorator.java:340)
	at org.springframework.security.web.ObservationFilterChainDecorator.lambda$wrapSecured$0(ObservationFilterChainDecorator.java:82)
	at org.springframework.security.web.ObservationFilterChainDecorator$VirtualFilterChain.doFilter(ObservationFilterChainDecorator.java:128)
	at org.springframework.security.web.access.intercept.AuthorizationFilter.doFilter(AuthorizationFilter.java:101)
	at org.springframework.security.web.ObservationFilterChainDecorator$ObservationFilter.wrapFilter(ObservationFilterChainDecorator.java:240)
	at org.springframework.security.web.ObservationFilterChainDecorator$ObservationFilter.doFilter(ObservationFilterChainDecorator.java:227)
	at org.springframework.security.web.ObservationFilterChainDecorator$VirtualFilterChain.doFilter(ObservationFilterChainDecorator.java:137)
	at org.springframework.security.web.access.ExceptionTranslationFilter.doFilter(ExceptionTranslationFilter.java:126)
	at org.springframework.security.web.access.ExceptionTranslationFilter.doFilter(ExceptionTranslationFilter.java:120)
	at org.springframework.security.web.ObservationFilterChainDecorator$ObservationFilter.wrapFilter(ObservationFilterChainDecorator.java:240)
	at org.springframework.security.web.ObservationFilterChainDecorator$ObservationFilter.doFilter(ObservationFilterChainDecorator.java:227)
	at org.springframework.security.web.ObservationFilterChainDecorator$VirtualFilterChain.doFilter(ObservationFilterChainDecorator.java:137)
	at org.springframework.security.web.session.SessionManagementFilter.doFilter(SessionManagementFilter.java:131)
	at org.springframework.security.web.session.SessionManagementFilter.doFilter(SessionManagementFilter.java:85)
	at org.springframework.security.web.ObservationFilterChainDecorator$ObservationFilter.wrapFilter(ObservationFilterChainDecorator.java:240)
	at org.springframework.security.web.ObservationFilterChainDecorator$ObservationFilter.doFilter(ObservationFilterChainDecorator.java:227)
	at org.springframework.security.web.ObservationFilterChainDecorator$VirtualFilterChain.doFilter(ObservationFilterChainDecorator.java:137)
	at org.springframework.security.web.authentication.AnonymousAuthenticationFilter.doFilter(AnonymousAuthenticationFilter.java:100)
	at org.springframework.security.web.ObservationFilterChainDecorator$ObservationFilter.wrapFilter(ObservationFilterChainDecorator.java:240)
	at org.springframework.security.web.ObservationFilterChainDecorator$ObservationFilter.doFilter(ObservationFilterChainDecorator.java:227)
	at org.springframework.security.web.ObservationFilterChainDecorator$VirtualFilterChain.doFilter(ObservationFilterChainDecorator.java:137)
	at org.springframework.security.web.servletapi.SecurityContextHolderAwareRequestFilter.doFilter(SecurityContextHolderAwareRequestFilter.java:179)
	at org.springframework.security.web.ObservationFilterChainDecorator$ObservationFilter.wrapFilter(ObservationFilterChainDecorator.java:240)
	at org.springframework.security.web.ObservationFilterChainDecorator$ObservationFilter.doFilter(ObservationFilterChainDecorator.java:227)
	at org.springframework.security.web.ObservationFilterChainDecorator$VirtualFilterChain.doFilter(ObservationFilterChainDecorator.java:137)
	at org.springframework.security.web.savedrequest.RequestCacheAwareFilter.doFilter(RequestCacheAwareFilter.java:63)
	at org.springframework.security.web.ObservationFilterChainDecorator$ObservationFilter.wrapFilter(ObservationFilterChainDecorator.java:240)
	at org.springframework.security.web.ObservationFilterChainDecorator$ObservationFilter.doFilter(ObservationFilterChainDecorator.java:227)
	at org.springframework.security.web.ObservationFilterChainDecorator$VirtualFilterChain.doFilter(ObservationFilterChainDecorator.java:137)
	at de.tum.cit.aet.artemis.core.security.filter.SpaWebFilter.doFilterInternal(SpaWebFilter.java:23)
	at org.springframework.web.filter.OncePerRequestFilter.doFilter(OncePerRequestFilter.java:116)
	at org.springframework.security.web.ObservationFilterChainDecorator$ObservationFilter.wrapFilter(ObservationFilterChainDecorator.java:240)
	at org.springframework.security.web.ObservationFilterChainDecorator$ObservationFilter.doFilter(ObservationFilterChainDecorator.java:227)
	at org.springframework.security.web.ObservationFilterChainDecorator$VirtualFilterChain.doFilter(ObservationFilterChainDecorator.java:137)
	at org.springframework.web.filter.OncePerRequestFilter.doFilter(OncePerRequestFilter.java:110)
	at org.springframework.security.web.ObservationFilterChainDecorator$ObservationFilter.wrapFilter(ObservationFilterChainDecorator.java:240)
	at org.springframework.security.web.ObservationFilterChainDecorator$ObservationFilter.doFilter(ObservationFilterChainDecorator.java:227)
	at org.springframework.security.web.ObservationFilterChainDecorator$VirtualFilterChain.doFilter(ObservationFilterChainDecorator.java:137)
	at de.tum.cit.aet.artemis.lti.config.Lti13LaunchFilter.doFilterInternal(Lti13LaunchFilter.java:60)
	at org.springframework.web.filter.OncePerRequestFilter.doFilter(OncePerRequestFilter.java:116)
	at org.springframework.security.web.ObservationFilterChainDecorator$ObservationFilter.wrapFilter(ObservationFilterChainDecorator.java:240)
	at org.springframework.security.web.ObservationFilterChainDecorator$ObservationFilter.doFilter(ObservationFilterChainDecorator.java:227)
	at org.springframework.security.web.ObservationFilterChainDecorator$VirtualFilterChain.doFilter(ObservationFilterChainDecorator.java:137)
	at de.tum.cit.aet.artemis.core.security.jwt.JWTFilter.doFilter(JWTFilter.java:55)
	at org.springframework.security.web.ObservationFilterChainDecorator$ObservationFilter.wrapFilter(ObservationFilterChainDecorator.java:240)
	at org.springframework.security.web.ObservationFilterChainDecorator$ObservationFilter.doFilter(ObservationFilterChainDecorator.java:227)
	at org.springframework.security.web.ObservationFilterChainDecorator$VirtualFilterChain.doFilter(ObservationFilterChainDecorator.java:137)
	at de.tum.cit.aet.artemis.core.security.jwt.JWTFilter.doFilter(JWTFilter.java:55)
	at org.springframework.security.web.ObservationFilterChainDecorator$ObservationFilter.wrapFilter(ObservationFilterChainDecorator.java:240)
	at org.springframework.security.web.ObservationFilterChainDecorator$ObservationFilter.doFilter(ObservationFilterChainDecorator.java:227)
	at org.springframework.security.web.ObservationFilterChainDecorator$VirtualFilterChain.doFilter(ObservationFilterChainDecorator.java:137)
	at org.springframework.web.filter.CorsFilter.doFilterInternal(CorsFilter.java:91)
	at org.springframework.web.filter.OncePerRequestFilter.doFilter(OncePerRequestFilter.java:116)
	at org.springframework.security.web.ObservationFilterChainDecorator$ObservationFilter.wrapFilter(ObservationFilterChainDecorator.java:240)
	at org.springframework.security.web.ObservationFilterChainDecorator$ObservationFilter.doFilter(ObservationFilterChainDecorator.java:227)
	at org.springframework.security.web.ObservationFilterChainDecorator$VirtualFilterChain.doFilter(ObservationFilterChainDecorator.java:137)
	at org.springframework.web.filter.OncePerRequestFilter.doFilter(OncePerRequestFilter.java:110)
	at org.springframework.security.web.ObservationFilterChainDecorator$ObservationFilter.wrapFilter(ObservationFilterChainDecorator.java:240)
	at org.springframework.security.web.ObservationFilterChainDecorator$ObservationFilter.doFilter(ObservationFilterChainDecorator.java:227)
	at org.springframework.security.web.ObservationFilterChainDecorator$VirtualFilterChain.doFilter(ObservationFilterChainDecorator.java:137)
	at uk.ac.ox.ctl.lti13.security.oauth2.client.lti.web.OAuth2AuthorizationRequestRedirectFilter.doFilterInternal(OAuth2AuthorizationRequestRedirectFilter.java:142)
	at org.springframework.web.filter.OncePerRequestFilter.doFilter(OncePerRequestFilter.java:116)
	at org.springframework.security.web.ObservationFilterChainDecorator$ObservationFilter.wrapFilter(ObservationFilterChainDecorator.java:240)
	at org.springframework.security.web.ObservationFilterChainDecorator$ObservationFilter.doFilter(ObservationFilterChainDecorator.java:227)
	at org.springframework.security.web.ObservationFilterChainDecorator$VirtualFilterChain.doFilter(ObservationFilterChainDecorator.java:137)
	at org.springframework.security.web.authentication.logout.LogoutFilter.doFilter(LogoutFilter.java:107)
	at org.springframework.security.web.authentication.logout.LogoutFilter.doFilter(LogoutFilter.java:93)
	at org.springframework.security.web.ObservationFilterChainDecorator$ObservationFilter.wrapFilter(ObservationFilterChainDecorator.java:240)
	at org.springframework.security.web.ObservationFilterChainDecorator$ObservationFilter.doFilter(ObservationFilterChainDecorator.java:227)
	at org.springframework.security.web.ObservationFilterChainDecorator$VirtualFilterChain.doFilter(ObservationFilterChainDecorator.java:137)
	at org.springframework.security.web.header.HeaderWriterFilter.doHeadersAfter(HeaderWriterFilter.java:90)
	at org.springframework.security.web.header.HeaderWriterFilter.doFilterInternal(HeaderWriterFilter.java:75)
	at org.springframework.web.filter.OncePerRequestFilter.doFilter(OncePerRequestFilter.java:116)
	at org.springframework.security.web.ObservationFilterChainDecorator$ObservationFilter.wrapFilter(ObservationFilterChainDecorator.java:240)
	at org.springframework.security.web.ObservationFilterChainDecorator$ObservationFilter.doFilter(ObservationFilterChainDecorator.java:227)
	at org.springframework.security.web.ObservationFilterChainDecorator$VirtualFilterChain.doFilter(ObservationFilterChainDecorator.java:137)
	at org.springframework.security.web.context.SecurityContextHolderFilter.doFilter(SecurityContextHolderFilter.java:82)
	at org.springframework.security.web.context.SecurityContextHolderFilter.doFilter(SecurityContextHolderFilter.java:69)
	at org.springframework.security.web.ObservationFilterChainDecorator$ObservationFilter.wrapFilter(ObservationFilterChainDecorator.java:240)
	at org.springframework.security.web.ObservationFilterChainDecorator$ObservationFilter.doFilter(ObservationFilterChainDecorator.java:227)
	at org.springframework.security.web.ObservationFilterChainDecorator$VirtualFilterChain.doFilter(ObservationFilterChainDecorator.java:137)
	at org.springframework.security.web.context.request.async.WebAsyncManagerIntegrationFilter.doFilterInternal(WebAsyncManagerIntegrationFilter.java:62)
	at org.springframework.web.filter.OncePerRequestFilter.doFilter(OncePerRequestFilter.java:116)
	at org.springframework.security.web.ObservationFilterChainDecorator$ObservationFilter.wrapFilter(ObservationFilterChainDecorator.java:240)
	at org.springframework.security.web.ObservationFilterChainDecorator$ObservationFilter.doFilter(ObservationFilterChainDecorator.java:227)
	at org.springframework.security.web.ObservationFilterChainDecorator$VirtualFilterChain.doFilter(ObservationFilterChainDecorator.java:137)
	at org.springframework.security.web.session.DisableEncodeUrlFilter.doFilterInternal(DisableEncodeUrlFilter.java:42)
	at org.springframework.web.filter.OncePerRequestFilter.doFilter(OncePerRequestFilter.java:116)
	at org.springframework.security.web.ObservationFilterChainDecorator$ObservationFilter.wrapFilter(ObservationFilterChainDecorator.java:240)
	at org.springframework.security.web.ObservationFilterChainDecorator$AroundFilterObservation$SimpleAroundFilterObservation.lambda$wrap$0(ObservationFilterChainDecorator.java:323)
	at org.springframework.security.web.ObservationFilterChainDecorator$ObservationFilter.doFilter(ObservationFilterChainDecorator.java:224)
	at org.springframework.security.web.ObservationFilterChainDecorator$VirtualFilterChain.doFilter(ObservationFilterChainDecorator.java:137)
	at org.springframework.security.web.FilterChainProxy.doFilterInternal(FilterChainProxy.java:233)
	at org.springframework.security.web.FilterChainProxy.doFilter(FilterChainProxy.java:191)
	at org.springframework.web.filter.CompositeFilter$VirtualFilterChain.doFilter(CompositeFilter.java:113)
	at org.springframework.web.servlet.handler.HandlerMappingIntrospector.lambda$createCacheFilter$3(HandlerMappingIntrospector.java:243)
	at org.springframework.web.filter.CompositeFilter$VirtualFilterChain.doFilter(CompositeFilter.java:113)
	at org.springframework.web.filter.CompositeFilter.doFilter(CompositeFilter.java:74)
	at org.springframework.security.config.annotation.web.configuration.WebMvcSecurityConfiguration$CompositeFilterChainProxy.doFilter(WebMvcSecurityConfiguration.java:238)
	at org.springframework.web.filter.DelegatingFilterProxy.invokeDelegate(DelegatingFilterProxy.java:362)
	at org.springframework.web.filter.DelegatingFilterProxy.doFilter(DelegatingFilterProxy.java:278)
	at org.springframework.test.web.servlet.setup.MockMvcFilterDecorator.doFilter(MockMvcFilterDecorator.java:162)
	at org.springframework.mock.web.MockFilterChain.doFilter(MockFilterChain.java:132)
	at org.springframework.web.filter.RequestContextFilter.doFilterInternal(RequestContextFilter.java:100)
	at org.springframework.web.filter.OncePerRequestFilter.doFilter(OncePerRequestFilter.java:116)
	at org.springframework.test.web.servlet.setup.MockMvcFilterDecorator.doFilter(MockMvcFilterDecorator.java:162)
	at org.springframework.mock.web.MockFilterChain.doFilter(MockFilterChain.java:132)
	at org.springframework.web.filter.FormContentFilter.doFilterInternal(FormContentFilter.java:93)
	at org.springframework.web.filter.OncePerRequestFilter.doFilter(OncePerRequestFilter.java:116)
	at org.springframework.test.web.servlet.setup.MockMvcFilterDecorator.doFilter(MockMvcFilterDecorator.java:162)
	at org.springframework.mock.web.MockFilterChain.doFilter(MockFilterChain.java:132)
	at org.springframework.web.filter.ServerHttpObservationFilter.doFilterInternal(ServerHttpObservationFilter.java:114)
	at org.springframework.web.filter.OncePerRequestFilter.doFilter(OncePerRequestFilter.java:116)
	at org.springframework.test.web.servlet.setup.MockMvcFilterDecorator.doFilter(MockMvcFilterDecorator.java:162)
	at org.springframework.mock.web.MockFilterChain.doFilter(MockFilterChain.java:132)
	at io.sentry.spring.jakarta.tracing.SentryTracingFilter.doFilterInternal(SentryTracingFilter.java:91)
	at org.springframework.web.filter.OncePerRequestFilter.doFilter(OncePerRequestFilter.java:116)
	at org.springframework.test.web.servlet.setup.MockMvcFilterDecorator.doFilter(MockMvcFilterDecorator.java:162)
	at org.springframework.mock.web.MockFilterChain.doFilter(MockFilterChain.java:132)
	at org.springframework.web.filter.CharacterEncodingFilter.doFilterInternal(CharacterEncodingFilter.java:201)
	at org.springframework.web.filter.OncePerRequestFilter.doFilter(OncePerRequestFilter.java:116)
	at org.springframework.test.web.servlet.setup.MockMvcFilterDecorator.doFilter(MockMvcFilterDecorator.java:162)
	at org.springframework.mock.web.MockFilterChain.doFilter(MockFilterChain.java:132)
	at io.sentry.spring.jakarta.SentrySpringFilter.doFilterInternal(SentrySpringFilter.java:76)
	at org.springframework.web.filter.OncePerRequestFilter.doFilter(OncePerRequestFilter.java:116)
	at org.springframework.test.web.servlet.setup.MockMvcFilterDecorator.doFilter(MockMvcFilterDecorator.java:162)
	at org.springframework.mock.web.MockFilterChain.doFilter(MockFilterChain.java:132)
	at org.springframework.test.web.servlet.MockMvc.perform(MockMvc.java:201)
	at de.tum.cit.aet.artemis.core.util.RequestUtilService.performMvcRequest(RequestUtilService.java:79)
	at de.tum.cit.aet.artemis.core.util.RequestUtilService.postWithoutLocation(RequestUtilService.java:213)
	at de.tum.cit.aet.artemis.core.util.RequestUtilService.postWithoutLocation(RequestUtilService.java:199)
	at de.tum.cit.aet.artemis.programming.ProgrammingSubmissionAndResultGitlabJenkinsIntegrationTest.postResult(ProgrammingSubmissionAndResultGitlabJenkinsIntegrationTest.java:413)
	at de.tum.cit.aet.artemis.programming.ProgrammingSubmissionAndResultGitlabJenkinsIntegrationTest.shouldSaveBuildLogsOnStudentParticipationWithoutSubmissionNorResult(ProgrammingSubmissionAndResultGitlabJenkinsIntegrationTest.java:338)
	at java.base/jdk.internal.reflect.DirectMethodHandleAccessor.invoke(DirectMethodHandleAccessor.java:103)
	at java.base/java.lang.reflect.Method.invoke(Method.java:580)
	at org.junit.platform.commons.util.ReflectionUtils.invokeMethod(ReflectionUtils.java:767)
	at org.junit.jupiter.engine.execution.MethodInvocation.proceed(MethodInvocation.java:60)
	at org.junit.jupiter.engine.execution.InvocationInterceptorChain$ValidatingInvocation.proceed(InvocationInterceptorChain.java:131)
	at org.junit.jupiter.engine.extension.TimeoutExtension.intercept(TimeoutExtension.java:156)
	at org.junit.jupiter.engine.extension.TimeoutExtension.interceptTestableMethod(TimeoutExtension.java:147)
	at org.junit.jupiter.engine.extension.TimeoutExtension.interceptTestTemplateMethod(TimeoutExtension.java:94)
	at org.junit.jupiter.engine.execution.InterceptingExecutableInvoker$ReflectiveInterceptorCall.lambda$ofVoidMethod$0(InterceptingExecutableInvoker.java:103)
	at org.junit.jupiter.engine.execution.InterceptingExecutableInvoker.lambda$invoke$0(InterceptingExecutableInvoker.java:93)
	at org.junit.jupiter.engine.execution.InvocationInterceptorChain$InterceptedInvocation.proceed(InvocationInterceptorChain.java:106)
	at org.junit.jupiter.engine.execution.InvocationInterceptorChain.proceed(InvocationInterceptorChain.java:64)
	at org.junit.jupiter.engine.execution.InvocationInterceptorChain.chainAndInvoke(InvocationInterceptorChain.java:45)
	at org.junit.jupiter.engine.execution.InvocationInterceptorChain.invoke(InvocationInterceptorChain.java:37)
	at org.junit.jupiter.engine.execution.InterceptingExecutableInvoker.invoke(InterceptingExecutableInvoker.java:92)
	at org.junit.jupiter.engine.execution.InterceptingExecutableInvoker.invoke(InterceptingExecutableInvoker.java:86)
	at org.junit.jupiter.engine.descriptor.TestMethodTestDescriptor.lambda$invokeTestMethod$8(TestMethodTestDescriptor.java:217)
	at org.junit.platform.engine.support.hierarchical.ThrowableCollector.execute(ThrowableCollector.java:73)
	at org.junit.jupiter.engine.descriptor.TestMethodTestDescriptor.invokeTestMethod(TestMethodTestDescriptor.java:213)
	at org.junit.jupiter.engine.descriptor.TestMethodTestDescriptor.execute(TestMethodTestDescriptor.java:138)
	at org.junit.jupiter.engine.descriptor.TestMethodTestDescriptor.execute(TestMethodTestDescriptor.java:68)
	at org.junit.platform.engine.support.hierarchical.NodeTestTask.lambda$executeRecursively$6(NodeTestTask.java:156)
	at org.junit.platform.engine.support.hierarchical.ThrowableCollector.execute(ThrowableCollector.java:73)
	at org.junit.platform.engine.support.hierarchical.NodeTestTask.lambda$executeRecursively$8(NodeTestTask.java:146)
	at org.junit.platform.engine.support.hierarchical.Node.around(Node.java:137)
	at org.junit.platform.engine.support.hierarchical.NodeTestTask.lambda$executeRecursively$9(NodeTestTask.java:144)
	at org.junit.platform.engine.support.hierarchical.ThrowableCollector.execute(ThrowableCollector.java:73)
	at org.junit.platform.engine.support.hierarchical.NodeTestTask.executeRecursively(NodeTestTask.java:143)
	at org.junit.platform.engine.support.hierarchical.NodeTestTask.execute(NodeTestTask.java:100)
	at org.junit.platform.engine.support.hierarchical.ForkJoinPoolHierarchicalTestExecutorService$ExclusiveTask.exec(ForkJoinPoolHierarchicalTestExecutorService.java:274)
	at org.junit.platform.engine.support.hierarchical.ForkJoinPoolHierarchicalTestExecutorService$ExclusiveTask.execSync(ForkJoinPoolHierarchicalTestExecutorService.java:247)
	at org.junit.platform.engine.support.hierarchical.ForkJoinPoolHierarchicalTestExecutorService.submit(ForkJoinPoolHierarchicalTestExecutorService.java:148)
	at org.junit.platform.engine.support.hierarchical.NodeTestTask$DefaultDynamicTestExecutor.execute(NodeTestTask.java:231)
	at org.junit.platform.engine.support.hierarchical.NodeTestTask$DefaultDynamicTestExecutor.execute(NodeTestTask.java:209)
	at org.junit.jupiter.engine.descriptor.TestTemplateTestDescriptor.execute(TestTemplateTestDescriptor.java:141)
	at org.junit.jupiter.engine.descriptor.TestTemplateTestDescriptor.lambda$execute$3(TestTemplateTestDescriptor.java:109)
	at java.base/java.util.stream.ForEachOps$ForEachOp$OfRef.accept(ForEachOps.java:184)
	at java.base/java.util.stream.ReferencePipeline$3$1.accept(ReferencePipeline.java:197)
	at java.base/java.util.stream.ReferencePipeline$2$1.accept(ReferencePipeline.java:179)
	at java.base/java.util.stream.ReferencePipeline$3$1.accept(ReferencePipeline.java:197)
	at java.base/java.util.stream.ForEachOps$ForEachOp$OfRef.accept(ForEachOps.java:184)
	at java.base/java.util.stream.ReferencePipeline$3$1.accept(ReferencePipeline.java:197)
	at java.base/java.util.stream.ForEachOps$ForEachOp$OfRef.accept(ForEachOps.java:184)
	at java.base/java.util.stream.ForEachOps$ForEachOp$OfRef.accept(ForEachOps.java:184)
	at java.base/java.util.stream.ReferencePipeline$3$1.accept(ReferencePipeline.java:197)
	at java.base/java.util.stream.ForEachOps$ForEachOp$OfRef.accept(ForEachOps.java:184)
	at java.base/java.util.Spliterators$ArraySpliterator.forEachRemaining(Spliterators.java:1024)
	at java.base/java.util.stream.ReferencePipeline$Head.forEach(ReferencePipeline.java:762)
	at java.base/java.util.stream.ReferencePipeline$7$1.accept(ReferencePipeline.java:276)
	at java.base/java.util.Iterator.forEachRemaining(Iterator.java:133)
	at java.base/java.util.Spliterators$IteratorSpliterator.forEachRemaining(Spliterators.java:1939)
	at java.base/java.util.stream.AbstractPipeline.copyInto(AbstractPipeline.java:509)
	at java.base/java.util.stream.AbstractPipeline.wrapAndCopyInto(AbstractPipeline.java:499)
	at java.base/java.util.stream.ForEachOps$ForEachOp.evaluateSequential(ForEachOps.java:151)
	at java.base/java.util.stream.ForEachOps$ForEachOp$OfRef.evaluateSequential(ForEachOps.java:174)
	at java.base/java.util.stream.AbstractPipeline.evaluate(AbstractPipeline.java:234)
	at java.base/java.util.stream.ReferencePipeline.forEach(ReferencePipeline.java:596)
	at java.base/java.util.stream.ReferencePipeline$7$1.accept(ReferencePipeline.java:276)
	at java.base/java.util.stream.ReferencePipeline$3$1.accept(ReferencePipeline.java:197)
	at java.base/java.util.stream.ReferencePipeline$3$1.accept(ReferencePipeline.java:197)
	at java.base/java.util.stream.ReferencePipeline$3$1.accept(ReferencePipeline.java:197)
	at java.base/java.util.Spliterators$ArraySpliterator.forEachRemaining(Spliterators.java:1024)
	at java.base/java.util.stream.AbstractPipeline.copyInto(AbstractPipeline.java:509)
	at java.base/java.util.stream.AbstractPipeline.wrapAndCopyInto(AbstractPipeline.java:499)
	at java.base/java.util.stream.ForEachOps$ForEachOp.evaluateSequential(ForEachOps.java:151)
	at java.base/java.util.stream.ForEachOps$ForEachOp$OfRef.evaluateSequential(ForEachOps.java:174)
	at java.base/java.util.stream.AbstractPipeline.evaluate(AbstractPipeline.java:234)
	at java.base/java.util.stream.ReferencePipeline.forEach(ReferencePipeline.java:596)
	at java.base/java.util.stream.ReferencePipeline$7$1.accept(ReferencePipeline.java:276)
	at java.base/java.util.ArrayList$ArrayListSpliterator.forEachRemaining(ArrayList.java:1708)
	at java.base/java.util.stream.AbstractPipeline.copyInto(AbstractPipeline.java:509)
	at java.base/java.util.stream.AbstractPipeline.wrapAndCopyInto(AbstractPipeline.java:499)
	at java.base/java.util.stream.ForEachOps$ForEachOp.evaluateSequential(ForEachOps.java:151)
	at java.base/java.util.stream.ForEachOps$ForEachOp$OfRef.evaluateSequential(ForEachOps.java:174)
	at java.base/java.util.stream.AbstractPipeline.evaluate(AbstractPipeline.java:234)
	at java.base/java.util.stream.ReferencePipeline.forEach(ReferencePipeline.java:596)
	at java.base/java.util.stream.ReferencePipeline$7$1.accept(ReferencePipeline.java:276)
	at java.base/java.util.stream.ReferencePipeline$3$1.accept(ReferencePipeline.java:197)
	at java.base/java.util.stream.ReferencePipeline$3$1.accept(ReferencePipeline.java:197)
	at java.base/java.util.stream.ReferencePipeline$3$1.accept(ReferencePipeline.java:197)
	at java.base/java.util.ArrayList$ArrayListSpliterator.forEachRemaining(ArrayList.java:1708)
	at java.base/java.util.stream.AbstractPipeline.copyInto(AbstractPipeline.java:509)
	at java.base/java.util.stream.AbstractPipeline.wrapAndCopyInto(AbstractPipeline.java:499)
	at java.base/java.util.stream.ForEachOps$ForEachOp.evaluateSequential(ForEachOps.java:151)
	at java.base/java.util.stream.ForEachOps$ForEachOp$OfRef.evaluateSequential(ForEachOps.java:174)
	at java.base/java.util.stream.AbstractPipeline.evaluate(AbstractPipeline.java:234)
	at java.base/java.util.stream.ReferencePipeline.forEach(ReferencePipeline.java:596)
	at java.base/java.util.stream.ReferencePipeline$7$1.accept(ReferencePipeline.java:276)
	at java.base/java.util.ArrayList$ArrayListSpliterator.forEachRemaining(ArrayList.java:1708)
	at java.base/java.util.stream.AbstractPipeline.copyInto(AbstractPipeline.java:509)
	at java.base/java.util.stream.AbstractPipeline.wrapAndCopyInto(AbstractPipeline.java:499)
	at java.base/java.util.stream.ForEachOps$ForEachOp.evaluateSequential(ForEachOps.java:151)
	at java.base/java.util.stream.ForEachOps$ForEachOp$OfRef.evaluateSequential(ForEachOps.java:174)
	at java.base/java.util.stream.AbstractPipeline.evaluate(AbstractPipeline.java:234)
	at java.base/java.util.stream.ReferencePipeline.forEach(ReferencePipeline.java:596)
	at org.junit.jupiter.engine.descriptor.TestTemplateTestDescriptor.execute(TestTemplateTestDescriptor.java:109)
	at org.junit.jupiter.engine.descriptor.TestTemplateTestDescriptor.execute(TestTemplateTestDescriptor.java:43)
	at org.junit.platform.engine.support.hierarchical.NodeTestTask.lambda$executeRecursively$6(NodeTestTask.java:156)
	at org.junit.platform.engine.support.hierarchical.ThrowableCollector.execute(ThrowableCollector.java:73)
	at org.junit.platform.engine.support.hierarchical.NodeTestTask.lambda$executeRecursively$8(NodeTestTask.java:146)
	at org.junit.platform.engine.support.hierarchical.Node.around(Node.java:137)
	at org.junit.platform.engine.support.hierarchical.NodeTestTask.lambda$executeRecursively$9(NodeTestTask.java:144)
	at org.junit.platform.engine.support.hierarchical.ThrowableCollector.execute(ThrowableCollector.java:73)
	at org.junit.platform.engine.support.hierarchical.NodeTestTask.executeRecursively(NodeTestTask.java:143)
	at org.junit.platform.engine.support.hierarchical.NodeTestTask.execute(NodeTestTask.java:100)
	at org.junit.platform.engine.support.hierarchical.ForkJoinPoolHierarchicalTestExecutorService$ExclusiveTask.exec(ForkJoinPoolHierarchicalTestExecutorService.java:274)
	at org.junit.platform.engine.support.hierarchical.ForkJoinPoolHierarchicalTestExecutorService$ExclusiveTask.execSync(ForkJoinPoolHierarchicalTestExecutorService.java:247)
	at org.junit.platform.engine.support.hierarchical.ForkJoinPoolHierarchicalTestExecutorService.executeSync(ForkJoinPoolHierarchicalTestExecutorService.java:194)
	at org.junit.platform.engine.support.hierarchical.ForkJoinPoolHierarchicalTestExecutorService.invokeAll(ForkJoinPoolHierarchicalTestExecutorService.java:166)
	at org.junit.platform.engine.support.hierarchical.NodeTestTask.lambda$executeRecursively$6(NodeTestTask.java:160)
	at org.junit.platform.engine.support.hierarchical.ThrowableCollector.execute(ThrowableCollector.java:73)
	at org.junit.platform.engine.support.hierarchical.NodeTestTask.lambda$executeRecursively$8(NodeTestTask.java:146)
	at org.junit.platform.engine.support.hierarchical.Node.around(Node.java:137)
	at org.junit.platform.engine.support.hierarchical.NodeTestTask.lambda$executeRecursively$9(NodeTestTask.java:144)
	at org.junit.platform.engine.support.hierarchical.ThrowableCollector.execute(ThrowableCollector.java:73)
	at org.junit.platform.engine.support.hierarchical.NodeTestTask.executeRecursively(NodeTestTask.java:143)
	at org.junit.platform.engine.support.hierarchical.NodeTestTask.execute(NodeTestTask.java:100)
	at org.junit.platform.engine.support.hierarchical.ForkJoinPoolHierarchicalTestExecutorService$ExclusiveTask.exec(ForkJoinPoolHierarchicalTestExecutorService.java:274)
	at java.base/java.util.concurrent.ForkJoinTask.doExec(ForkJoinTask.java:387)
	at java.base/java.util.concurrent.ForkJoinPool$WorkQueue.topLevelExec(ForkJoinPool.java:1312)
	at java.base/java.util.concurrent.ForkJoinPool.scan(ForkJoinPool.java:1843)
	at java.base/java.util.concurrent.ForkJoinPool.runWorker(ForkJoinPool.java:1808)
	at java.base/java.util.concurrent.ForkJoinWorkerThread.run(ForkJoinWorkerThread.java:188)
    23:48:50.320 | 463 ool-1-worker-227 | DEBUG | .c.s.m.InstanceMessageReceiveService : Received schedule participant score for exercise 3220 and participant 773 (result to be deleted: null)
    23:48:50.320 | 463 ool-1-worker-227 | DEBUG | .a.s.ParticipantScoreScheduleService : Scheduled task for exercise 3220 and participant 773 at 2025-02-14T23:48:50.420678211Z[Etc/UTC].
    23:48:50.321 | 463 ool-1-worker-227 | DEBUG | .a.a.p.s.ProgrammingMessagingService : Send result to client over websocket. Result: Result{id779, completionDate=2025-02-14T23:48:50.296237500Z, successful=false, score=0.0, rated=true, assessmentType=AUTOMATIC, hasComplaint=null, testCaseCount=0, passedTestCaseCount=0, codeIssueCount=0}, Submission: ProgrammingSubmission{commitHash='9b3a9bd71a0d80e5bbc42204c319ed3d1d4f0d6d', buildFailed=true, buildArtifact=false, type=MANUAL}, Participation: ProgrammingExerciseStudentParticipation{id=3960, repositoryUri='https://version-control.fake.fake/git/SHORTA1371FA101988049130A6EB0AFF2229448DETSTEXC/shorta1371fa101988049130a6eb0aff2229448detstexc-progsubresgitlabjenstudent1.git', buildPlanId='SHORTA1371FA101988049130A6EB0AFF2229448DETSTEXC-PROGSUBRESGITLABJENSTUDENT1', initializationState='INITIALIZED', initializationDate='2025-02-14T23:48:50.294621Z', individualDueDate=null', presentationScore=null}
    23:48:50.323 | 463 ool-1-worker-227 | INFO  | d.t.c.a.a.a.w.o.PublicResultResource : The new result for SHORTA1371FA101988049130A6EB0AFF2229448DETSTEXC-PROGSUBRESGITLABJENSTUDENT1 was saved successfully
    23:48:50.326 | 463 ool-1-worker-227 | DEBUG | d.t.c.a.a.c.s.f.ApiVersionFilter     : Adding Version to Request GET /api/repository/3960/buildlogs
    23:48:50.327 | 463 ool-1-worker-227 | DEBUG | rammingExerciseParticipationResource : REST request to get build log : 3960

  Starting logs for ProgrammingSubmissionAndResultGitlabJenkinsIntegrationTest > shouldSaveBuildLogsOnStudentParticipationWithoutSubmissionNorResult(ProgrammingLanguage, boolean) [11] programmingLanguage=C_SHARP, enableStaticCodeAnalysis=true
    23:48:50.338 | 463 ool-1-worker-227 | DEBUG | d.t.c.a.a.c.u.util.UserUtilService   : Generate 3 students...
    23:48:50.342 | 463 ool-1-worker-227 | DEBUG | d.t.c.a.a.c.u.util.UserUtilService   : 3 students generated. Generate 2 tutors...
    23:48:50.345 | 463 ool-1-worker-227 | DEBUG | d.t.c.a.a.c.u.util.UserUtilService   : 2 tutors generated. Generate 0 editors...
    23:48:50.347 | 463 ool-1-worker-227 | DEBUG | d.t.c.a.a.c.u.util.UserUtilService   : 0 editors generated. Generate 2 instructors...
    23:48:50.350 | 463 ool-1-worker-227 | DEBUG | d.t.c.a.a.c.u.util.UserUtilService   : 2 instructors generated
    23:48:50.351 | 463 ool-1-worker-227 | DEBUG | d.t.c.a.a.c.u.util.UserUtilService   : Removing 7 users from all courses...
    23:48:50.351 | 463 ool-1-worker-227 | DEBUG | d.t.c.a.a.c.u.util.UserUtilService   : Removing 7 users from all courses. Done
    23:48:50.352 | 463 ool-1-worker-227 | DEBUG | d.t.c.a.a.c.u.util.UserUtilService   : Save 7 users to database...
    23:48:50.355 | 463 ool-1-worker-227 | DEBUG | d.t.c.a.a.c.u.util.UserUtilService   : Save 7 users to database. Done
    23:48:50.368 | 463 ool-1-worker-227 | DEBUG | PersonalAccessTokenManagementService : Generate secure vcs access token
    23:48:50.371 | 463 ool-1-worker-227 | DEBUG | PersonalAccessTokenManagementService : Generate secure vcs access token
    23:48:50.372 | 463 ool-1-worker-227 | INFO  | i.z.t.d.l.EmbeddedDatabaseReporter   : JDBC URL to connect to 'dataSource': url='jdbc:h2:tcp://localhost:41063/mem:736625c0-cf5e-400d-aeaa-8a7eabd6262b;USER=sa', scope='ProgrammingSubmissionAndResultGitlabJenkinsIntegrationTest#shouldSaveBuildLogsOnStudentParticipationWithoutSubmissionNorResult'
    23:48:50.384 | 463 ool-1-worker-227 | DEBUG | PersonalAccessTokenManagementService : Generate secure vcs access token
    23:48:50.387 | 463 ool-1-worker-227 | DEBUG | d.t.c.a.a.c.s.f.ApiVersionFilter     : Adding Version to Request POST /api/public/programming-exercises/new-result
    23:48:50.387 | 463 ool-1-worker-227 | DEBUG | d.t.c.a.a.a.w.o.PublicResultResource : Received result notify (NEW)
    23:48:50.389 | 463 ool-1-worker-227 | INFO  | d.t.c.a.a.a.w.o.PublicResultResource : Artemis received a new result for build plan SHORTCCEFF2A309FFE04B930919009F46DD0A515BTSTEXC-PROGSUBRESGITLABJENSTUDENT1
    23:48:50.391 | 463 ool-1-worker-227 | DEBUG | .s.ProgrammingExerciseGradingService : Received new build result (NEW) for participation 3967
    23:48:50.393 | 463 ool-1-worker-227 | WARN  | .s.ProgrammingExerciseGradingService : Could not find pending ProgrammingSubmission for Commit Hash 9b3a9bd71a0d80e5bbc42204c319ed3d1d4f0d6d (Participation 3967, Build Plan SHORTCCEFF2A309FFE04B930919009F46DD0A515BTSTEXC-PROGSUBRESGITLABJENSTUDENT1). Will create a new one subsequently...
    23:48:50.394 | 463 ool-1-worker-227 | ERROR | .s.ProgrammingExerciseGradingService : Could not retrieve push date for participation 3967 and build plan SHORTCCEFF2A309FFE04B930919009F46DD0A515BTSTEXC-PROGSUBRESGITLABJENSTUDENT1
de.tum.cit.aet.artemis.programming.service.gitlab.GitLabException: Could not find build queue date for participation 3967
	at de.tum.cit.aet.artemis.programming.service.gitlab.GitLabService.getPushDate(GitLabService.java:369)
	at de.tum.cit.aet.artemis.programming.service.gitlab.GitLabService.getPushDate(GitLabService.java:358)
	at de.tum.cit.aet.artemis.programming.service.ProgrammingExerciseGradingService.createAndSaveFallbackSubmission(ProgrammingExerciseGradingService.java:286)
	at de.tum.cit.aet.artemis.programming.service.ProgrammingExerciseGradingService.createAndSaveFallbackSubmission(ProgrammingExerciseGradingService.java:272)
	at de.tum.cit.aet.artemis.programming.service.ProgrammingExerciseGradingService.lambda$processNewProgrammingExerciseResult$0(ProgrammingExerciseGradingService.java:177)
	at java.base/java.util.Optional.orElseGet(Optional.java:364)
	at de.tum.cit.aet.artemis.programming.service.ProgrammingExerciseGradingService.processNewProgrammingExerciseResult(ProgrammingExerciseGradingService.java:177)
	at de.tum.cit.aet.artemis.programming.service.ProgrammingExerciseGradingService.processNewProgrammingExerciseResult(ProgrammingExerciseGradingService.java:156)
	at de.tum.cit.aet.artemis.assessment.web.open.PublicResultResource.processNewProgrammingExerciseResult(PublicResultResource.java:113)
	at java.base/jdk.internal.reflect.DirectMethodHandleAccessor.invoke(DirectMethodHandleAccessor.java:103)
	at java.base/java.lang.reflect.Method.invoke(Method.java:580)
	at org.springframework.aop.support.AopUtils.invokeJoinpointUsingReflection(AopUtils.java:359)
	at org.springframework.aop.framework.ReflectiveMethodInvocation.invokeJoinpoint(ReflectiveMethodInvocation.java:196)
	at org.springframework.aop.framework.ReflectiveMethodInvocation.proceed(ReflectiveMethodInvocation.java:163)
	at org.springframework.security.authorization.method.AuthorizationManagerBeforeMethodInterceptor.proceed(AuthorizationManagerBeforeMethodInterceptor.java:268)
	at org.springframework.security.authorization.method.AuthorizationManagerBeforeMethodInterceptor.attemptAuthorization(AuthorizationManagerBeforeMethodInterceptor.java:263)
	at org.springframework.security.authorization.method.AuthorizationManagerBeforeMethodInterceptor.invoke(AuthorizationManagerBeforeMethodInterceptor.java:196)
	at org.springframework.security.config.annotation.method.configuration.DeferringMethodInterceptor.invoke(DeferringMethodInterceptor.java:44)
	at org.springframework.aop.framework.ReflectiveMethodInvocation.proceed(ReflectiveMethodInvocation.java:184)
	at org.springframework.aop.framework.CglibAopProxy$DynamicAdvisedInterceptor.intercept(CglibAopProxy.java:727)
	at de.tum.cit.aet.artemis.assessment.web.open.PublicResultResource$$SpringCGLIB$$0.processNewProgrammingExerciseResult(<generated>)
	at java.base/jdk.internal.reflect.DirectMethodHandleAccessor.invoke(DirectMethodHandleAccessor.java:103)
	at java.base/java.lang.reflect.Method.invoke(Method.java:580)
	at org.springframework.web.method.support.InvocableHandlerMethod.doInvoke(InvocableHandlerMethod.java:257)
	at org.springframework.web.method.support.InvocableHandlerMethod.invokeForRequest(InvocableHandlerMethod.java:190)
	at org.springframework.web.servlet.mvc.method.annotation.ServletInvocableHandlerMethod.invokeAndHandle(ServletInvocableHandlerMethod.java:118)
	at org.springframework.web.servlet.mvc.method.annotation.RequestMappingHandlerAdapter.invokeHandlerMethod(RequestMappingHandlerAdapter.java:986)
	at org.springframework.web.servlet.mvc.method.annotation.RequestMappingHandlerAdapter.handleInternal(RequestMappingHandlerAdapter.java:891)
	at org.springframework.web.servlet.mvc.method.AbstractHandlerMethodAdapter.handle(AbstractHandlerMethodAdapter.java:87)
	at org.springframework.web.servlet.DispatcherServlet.doDispatch(DispatcherServlet.java:1088)
	at org.springframework.web.servlet.DispatcherServlet.doService(DispatcherServlet.java:978)
	at org.springframework.web.servlet.FrameworkServlet.processRequest(FrameworkServlet.java:1014)
	at org.springframework.web.servlet.FrameworkServlet.doPost(FrameworkServlet.java:914)
	at jakarta.servlet.http.HttpServlet.service(HttpServlet.java:547)
	at org.springframework.web.servlet.FrameworkServlet.service(FrameworkServlet.java:885)
	at org.springframework.test.web.servlet.TestDispatcherServlet.service(TestDispatcherServlet.java:72)
	at jakarta.servlet.http.HttpServlet.service(HttpServlet.java:614)
	at org.springframework.mock.web.MockFilterChain$ServletFilterProxy.doFilter(MockFilterChain.java:165)
	at org.springframework.mock.web.MockFilterChain.doFilter(MockFilterChain.java:132)
	at org.springframework.web.filter.OncePerRequestFilter.doFilter(OncePerRequestFilter.java:110)
	at org.springframework.test.web.servlet.setup.MockMvcFilterDecorator.doFilter(MockMvcFilterDecorator.java:162)
	at org.springframework.mock.web.MockFilterChain.doFilter(MockFilterChain.java:132)
	at de.tum.cit.aet.artemis.core.security.filter.ApiVersionFilter.doFilter(ApiVersionFilter.java:55)
	at org.springframework.test.web.servlet.setup.MockMvcFilterDecorator.doFilter(MockMvcFilterDecorator.java:162)
	at org.springframework.mock.web.MockFilterChain.doFilter(MockFilterChain.java:132)
	at io.sentry.spring.jakarta.SentryUserFilter.doFilterInternal(SentryUserFilter.java:56)
	at org.springframework.web.filter.OncePerRequestFilter.doFilter(OncePerRequestFilter.java:116)
	at org.springframework.test.web.servlet.setup.MockMvcFilterDecorator.doFilter(MockMvcFilterDecorator.java:162)
	at org.springframework.mock.web.MockFilterChain.doFilter(MockFilterChain.java:132)
	at org.springframework.web.filter.CompositeFilter$VirtualFilterChain.doFilter(CompositeFilter.java:108)
	at org.springframework.security.web.FilterChainProxy.lambda$doFilterInternal$3(FilterChainProxy.java:231)
	at org.springframework.security.web.ObservationFilterChainDecorator$FilterObservation$SimpleFilterObservation.lambda$wrap$1(ObservationFilterChainDecorator.java:479)
	at org.springframework.security.web.ObservationFilterChainDecorator$AroundFilterObservation$SimpleAroundFilterObservation.lambda$wrap$1(ObservationFilterChainDecorator.java:340)
	at org.springframework.security.web.ObservationFilterChainDecorator.lambda$wrapSecured$0(ObservationFilterChainDecorator.java:82)
	at org.springframework.security.web.ObservationFilterChainDecorator$VirtualFilterChain.doFilter(ObservationFilterChainDecorator.java:128)
	at org.springframework.security.web.access.intercept.AuthorizationFilter.doFilter(AuthorizationFilter.java:101)
	at org.springframework.security.web.ObservationFilterChainDecorator$ObservationFilter.wrapFilter(ObservationFilterChainDecorator.java:240)
	at org.springframework.security.web.ObservationFilterChainDecorator$ObservationFilter.doFilter(ObservationFilterChainDecorator.java:227)
	at org.springframework.security.web.ObservationFilterChainDecorator$VirtualFilterChain.doFilter(ObservationFilterChainDecorator.java:137)
	at org.springframework.security.web.access.ExceptionTranslationFilter.doFilter(ExceptionTranslationFilter.java:126)
	at org.springframework.security.web.access.ExceptionTranslationFilter.doFilter(ExceptionTranslationFilter.java:120)
	at org.springframework.security.web.ObservationFilterChainDecorator$ObservationFilter.wrapFilter(ObservationFilterChainDecorator.java:240)
	at org.springframework.security.web.ObservationFilterChainDecorator$ObservationFilter.doFilter(ObservationFilterChainDecorator.java:227)
	at org.springframework.security.web.ObservationFilterChainDecorator$VirtualFilterChain.doFilter(ObservationFilterChainDecorator.java:137)
	at org.springframework.security.web.session.SessionManagementFilter.doFilter(SessionManagementFilter.java:131)
	at org.springframework.security.web.session.SessionManagementFilter.doFilter(SessionManagementFilter.java:85)
	at org.springframework.security.web.ObservationFilterChainDecorator$ObservationFilter.wrapFilter(ObservationFilterChainDecorator.java:240)
	at org.springframework.security.web.ObservationFilterChainDecorator$ObservationFilter.doFilter(ObservationFilterChainDecorator.java:227)
	at org.springframework.security.web.ObservationFilterChainDecorator$VirtualFilterChain.doFilter(ObservationFilterChainDecorator.java:137)
	at org.springframework.security.web.authentication.AnonymousAuthenticationFilter.doFilter(AnonymousAuthenticationFilter.java:100)
	at org.springframework.security.web.ObservationFilterChainDecorator$ObservationFilter.wrapFilter(ObservationFilterChainDecorator.java:240)
	at org.springframework.security.web.ObservationFilterChainDecorator$ObservationFilter.doFilter(ObservationFilterChainDecorator.java:227)
	at org.springframework.security.web.ObservationFilterChainDecorator$VirtualFilterChain.doFilter(ObservationFilterChainDecorator.java:137)
	at org.springframework.security.web.servletapi.SecurityContextHolderAwareRequestFilter.doFilter(SecurityContextHolderAwareRequestFilter.java:179)
	at org.springframework.security.web.ObservationFilterChainDecorator$ObservationFilter.wrapFilter(ObservationFilterChainDecorator.java:240)
	at org.springframework.security.web.ObservationFilterChainDecorator$ObservationFilter.doFilter(ObservationFilterChainDecorator.java:227)
	at org.springframework.security.web.ObservationFilterChainDecorator$VirtualFilterChain.doFilter(ObservationFilterChainDecorator.java:137)
	at org.springframework.security.web.savedrequest.RequestCacheAwareFilter.doFilter(RequestCacheAwareFilter.java:63)
	at org.springframework.security.web.ObservationFilterChainDecorator$ObservationFilter.wrapFilter(ObservationFilterChainDecorator.java:240)
	at org.springframework.security.web.ObservationFilterChainDecorator$ObservationFilter.doFilter(ObservationFilterChainDecorator.java:227)
	at org.springframework.security.web.ObservationFilterChainDecorator$VirtualFilterChain.doFilter(ObservationFilterChainDecorator.java:137)
	at de.tum.cit.aet.artemis.core.security.filter.SpaWebFilter.doFilterInternal(SpaWebFilter.java:23)
	at org.springframework.web.filter.OncePerRequestFilter.doFilter(OncePerRequestFilter.java:116)
	at org.springframework.security.web.ObservationFilterChainDecorator$ObservationFilter.wrapFilter(ObservationFilterChainDecorator.java:240)
	at org.springframework.security.web.ObservationFilterChainDecorator$ObservationFilter.doFilter(ObservationFilterChainDecorator.java:227)
	at org.springframework.security.web.ObservationFilterChainDecorator$VirtualFilterChain.doFilter(ObservationFilterChainDecorator.java:137)
	at org.springframework.web.filter.OncePerRequestFilter.doFilter(OncePerRequestFilter.java:110)
	at org.springframework.security.web.ObservationFilterChainDecorator$ObservationFilter.wrapFilter(ObservationFilterChainDecorator.java:240)
	at org.springframework.security.web.ObservationFilterChainDecorator$ObservationFilter.doFilter(ObservationFilterChainDecorator.java:227)
	at org.springframework.security.web.ObservationFilterChainDecorator$VirtualFilterChain.doFilter(ObservationFilterChainDecorator.java:137)
	at de.tum.cit.aet.artemis.lti.config.Lti13LaunchFilter.doFilterInternal(Lti13LaunchFilter.java:60)
	at org.springframework.web.filter.OncePerRequestFilter.doFilter(OncePerRequestFilter.java:116)
	at org.springframework.security.web.ObservationFilterChainDecorator$ObservationFilter.wrapFilter(ObservationFilterChainDecorator.java:240)
	at org.springframework.security.web.ObservationFilterChainDecorator$ObservationFilter.doFilter(ObservationFilterChainDecorator.java:227)
	at org.springframework.security.web.ObservationFilterChainDecorator$VirtualFilterChain.doFilter(ObservationFilterChainDecorator.java:137)
	at de.tum.cit.aet.artemis.core.security.jwt.JWTFilter.doFilter(JWTFilter.java:55)
	at org.springframework.security.web.ObservationFilterChainDecorator$ObservationFilter.wrapFilter(ObservationFilterChainDecorator.java:240)
	at org.springframework.security.web.ObservationFilterChainDecorator$ObservationFilter.doFilter(ObservationFilterChainDecorator.java:227)
	at org.springframework.security.web.ObservationFilterChainDecorator$VirtualFilterChain.doFilter(ObservationFilterChainDecorator.java:137)
	at de.tum.cit.aet.artemis.core.security.jwt.JWTFilter.doFilter(JWTFilter.java:55)
	at org.springframework.security.web.ObservationFilterChainDecorator$ObservationFilter.wrapFilter(ObservationFilterChainDecorator.java:240)
	at org.springframework.security.web.ObservationFilterChainDecorator$ObservationFilter.doFilter(ObservationFilterChainDecorator.java:227)
	at org.springframework.security.web.ObservationFilterChainDecorator$VirtualFilterChain.doFilter(ObservationFilterChainDecorator.java:137)
	at org.springframework.web.filter.CorsFilter.doFilterInternal(CorsFilter.java:91)
	at org.springframework.web.filter.OncePerRequestFilter.doFilter(OncePerRequestFilter.java:116)
	at org.springframework.security.web.ObservationFilterChainDecorator$ObservationFilter.wrapFilter(ObservationFilterChainDecorator.java:240)
	at org.springframework.security.web.ObservationFilterChainDecorator$ObservationFilter.doFilter(ObservationFilterChainDecorator.java:227)
	at org.springframework.security.web.ObservationFilterChainDecorator$VirtualFilterChain.doFilter(ObservationFilterChainDecorator.java:137)
	at org.springframework.web.filter.OncePerRequestFilter.doFilter(OncePerRequestFilter.java:110)
	at org.springframework.security.web.ObservationFilterChainDecorator$ObservationFilter.wrapFilter(ObservationFilterChainDecorator.java:240)
	at org.springframework.security.web.ObservationFilterChainDecorator$ObservationFilter.doFilter(ObservationFilterChainDecorator.java:227)
	at org.springframework.security.web.ObservationFilterChainDecorator$VirtualFilterChain.doFilter(ObservationFilterChainDecorator.java:137)
	at uk.ac.ox.ctl.lti13.security.oauth2.client.lti.web.OAuth2AuthorizationRequestRedirectFilter.doFilterInternal(OAuth2AuthorizationRequestRedirectFilter.java:142)
	at org.springframework.web.filter.OncePerRequestFilter.doFilter(OncePerRequestFilter.java:116)
	at org.springframework.security.web.ObservationFilterChainDecorator$ObservationFilter.wrapFilter(ObservationFilterChainDecorator.java:240)
	at org.springframework.security.web.ObservationFilterChainDecorator$ObservationFilter.doFilter(ObservationFilterChainDecorator.java:227)
	at org.springframework.security.web.ObservationFilterChainDecorator$VirtualFilterChain.doFilter(ObservationFilterChainDecorator.java:137)
	at org.springframework.security.web.authentication.logout.LogoutFilter.doFilter(LogoutFilter.java:107)
	at org.springframework.security.web.authentication.logout.LogoutFilter.doFilter(LogoutFilter.java:93)
	at org.springframework.security.web.ObservationFilterChainDecorator$ObservationFilter.wrapFilter(ObservationFilterChainDecorator.java:240)
	at org.springframework.security.web.ObservationFilterChainDecorator$ObservationFilter.doFilter(ObservationFilterChainDecorator.java:227)
	at org.springframework.security.web.ObservationFilterChainDecorator$VirtualFilterChain.doFilter(ObservationFilterChainDecorator.java:137)
	at org.springframework.security.web.header.HeaderWriterFilter.doHeadersAfter(HeaderWriterFilter.java:90)
	at org.springframework.security.web.header.HeaderWriterFilter.doFilterInternal(HeaderWriterFilter.java:75)
	at org.springframework.web.filter.OncePerRequestFilter.doFilter(OncePerRequestFilter.java:116)
	at org.springframework.security.web.ObservationFilterChainDecorator$ObservationFilter.wrapFilter(ObservationFilterChainDecorator.java:240)
	at org.springframework.security.web.ObservationFilterChainDecorator$ObservationFilter.doFilter(ObservationFilterChainDecorator.java:227)
	at org.springframework.security.web.ObservationFilterChainDecorator$VirtualFilterChain.doFilter(ObservationFilterChainDecorator.java:137)
	at org.springframework.security.web.context.SecurityContextHolderFilter.doFilter(SecurityContextHolderFilter.java:82)
	at org.springframework.security.web.context.SecurityContextHolderFilter.doFilter(SecurityContextHolderFilter.java:69)
	at org.springframework.security.web.ObservationFilterChainDecorator$ObservationFilter.wrapFilter(ObservationFilterChainDecorator.java:240)
	at org.springframework.security.web.ObservationFilterChainDecorator$ObservationFilter.doFilter(ObservationFilterChainDecorator.java:227)
	at org.springframework.security.web.ObservationFilterChainDecorator$VirtualFilterChain.doFilter(ObservationFilterChainDecorator.java:137)
	at org.springframework.security.web.context.request.async.WebAsyncManagerIntegrationFilter.doFilterInternal(WebAsyncManagerIntegrationFilter.java:62)
	at org.springframework.web.filter.OncePerRequestFilter.doFilter(OncePerRequestFilter.java:116)
	at org.springframework.security.web.ObservationFilterChainDecorator$ObservationFilter.wrapFilter(ObservationFilterChainDecorator.java:240)
	at org.springframework.security.web.ObservationFilterChainDecorator$ObservationFilter.doFilter(ObservationFilterChainDecorator.java:227)
	at org.springframework.security.web.ObservationFilterChainDecorator$VirtualFilterChain.doFilter(ObservationFilterChainDecorator.java:137)
	at org.springframework.security.web.session.DisableEncodeUrlFilter.doFilterInternal(DisableEncodeUrlFilter.java:42)
	at org.springframework.web.filter.OncePerRequestFilter.doFilter(OncePerRequestFilter.java:116)
	at org.springframework.security.web.ObservationFilterChainDecorator$ObservationFilter.wrapFilter(ObservationFilterChainDecorator.java:240)
	at org.springframework.security.web.ObservationFilterChainDecorator$AroundFilterObservation$SimpleAroundFilterObservation.lambda$wrap$0(ObservationFilterChainDecorator.java:323)
	at org.springframework.security.web.ObservationFilterChainDecorator$ObservationFilter.doFilter(ObservationFilterChainDecorator.java:224)
	at org.springframework.security.web.ObservationFilterChainDecorator$VirtualFilterChain.doFilter(ObservationFilterChainDecorator.java:137)
	at org.springframework.security.web.FilterChainProxy.doFilterInternal(FilterChainProxy.java:233)
	at org.springframework.security.web.FilterChainProxy.doFilter(FilterChainProxy.java:191)
	at org.springframework.web.filter.CompositeFilter$VirtualFilterChain.doFilter(CompositeFilter.java:113)
	at org.springframework.web.servlet.handler.HandlerMappingIntrospector.lambda$createCacheFilter$3(HandlerMappingIntrospector.java:243)
	at org.springframework.web.filter.CompositeFilter$VirtualFilterChain.doFilter(CompositeFilter.java:113)
	at org.springframework.web.filter.CompositeFilter.doFilter(CompositeFilter.java:74)
	at org.springframework.security.config.annotation.web.configuration.WebMvcSecurityConfiguration$CompositeFilterChainProxy.doFilter(WebMvcSecurityConfiguration.java:238)
	at org.springframework.web.filter.DelegatingFilterProxy.invokeDelegate(DelegatingFilterProxy.java:362)
	at org.springframework.web.filter.DelegatingFilterProxy.doFilter(DelegatingFilterProxy.java:278)
	at org.springframework.test.web.servlet.setup.MockMvcFilterDecorator.doFilter(MockMvcFilterDecorator.java:162)
	at org.springframework.mock.web.MockFilterChain.doFilter(MockFilterChain.java:132)
	at org.springframework.web.filter.RequestContextFilter.doFilterInternal(RequestContextFilter.java:100)
	at org.springframework.web.filter.OncePerRequestFilter.doFilter(OncePerRequestFilter.java:116)
	at org.springframework.test.web.servlet.setup.MockMvcFilterDecorator.doFilter(MockMvcFilterDecorator.java:162)
	at org.springframework.mock.web.MockFilterChain.doFilter(MockFilterChain.java:132)
	at org.springframework.web.filter.FormContentFilter.doFilterInternal(FormContentFilter.java:93)
	at org.springframework.web.filter.OncePerRequestFilter.doFilter(OncePerRequestFilter.java:116)
	at org.springframework.test.web.servlet.setup.MockMvcFilterDecorator.doFilter(MockMvcFilterDecorator.java:162)
	at org.springframework.mock.web.MockFilterChain.doFilter(MockFilterChain.java:132)
	at org.springframework.web.filter.ServerHttpObservationFilter.doFilterInternal(ServerHttpObservationFilter.java:114)
	at org.springframework.web.filter.OncePerRequestFilter.doFilter(OncePerRequestFilter.java:116)
	at org.springframework.test.web.servlet.setup.MockMvcFilterDecorator.doFilter(MockMvcFilterDecorator.java:162)
	at org.springframework.mock.web.MockFilterChain.doFilter(MockFilterChain.java:132)
	at io.sentry.spring.jakarta.tracing.SentryTracingFilter.doFilterInternal(SentryTracingFilter.java:91)
	at org.springframework.web.filter.OncePerRequestFilter.doFilter(OncePerRequestFilter.java:116)
	at org.springframework.test.web.servlet.setup.MockMvcFilterDecorator.doFilter(MockMvcFilterDecorator.java:162)
	at org.springframework.mock.web.MockFilterChain.doFilter(MockFilterChain.java:132)
	at org.springframework.web.filter.CharacterEncodingFilter.doFilterInternal(CharacterEncodingFilter.java:201)
	at org.springframework.web.filter.OncePerRequestFilter.doFilter(OncePerRequestFilter.java:116)
	at org.springframework.test.web.servlet.setup.MockMvcFilterDecorator.doFilter(MockMvcFilterDecorator.java:162)
	at org.springframework.mock.web.MockFilterChain.doFilter(MockFilterChain.java:132)
	at io.sentry.spring.jakarta.SentrySpringFilter.doFilterInternal(SentrySpringFilter.java:76)
	at org.springframework.web.filter.OncePerRequestFilter.doFilter(OncePerRequestFilter.java:116)
	at org.springframework.test.web.servlet.setup.MockMvcFilterDecorator.doFilter(MockMvcFilterDecorator.java:162)
	at org.springframework.mock.web.MockFilterChain.doFilter(MockFilterChain.java:132)
	at org.springframework.test.web.servlet.MockMvc.perform(MockMvc.java:201)
	at de.tum.cit.aet.artemis.core.util.RequestUtilService.performMvcRequest(RequestUtilService.java:79)
	at de.tum.cit.aet.artemis.core.util.RequestUtilService.postWithoutLocation(RequestUtilService.java:213)
	at de.tum.cit.aet.artemis.core.util.RequestUtilService.postWithoutLocation(RequestUtilService.java:199)
	at de.tum.cit.aet.artemis.programming.ProgrammingSubmissionAndResultGitlabJenkinsIntegrationTest.postResult(ProgrammingSubmissionAndResultGitlabJenkinsIntegrationTest.java:413)
	at de.tum.cit.aet.artemis.programming.ProgrammingSubmissionAndResultGitlabJenkinsIntegrationTest.shouldSaveBuildLogsOnStudentParticipationWithoutSubmissionNorResult(ProgrammingSubmissionAndResultGitlabJenkinsIntegrationTest.java:338)
	at java.base/jdk.internal.reflect.DirectMethodHandleAccessor.invoke(DirectMethodHandleAccessor.java:103)
	at java.base/java.lang.reflect.Method.invoke(Method.java:580)
	at org.junit.platform.commons.util.ReflectionUtils.invokeMethod(ReflectionUtils.java:767)
	at org.junit.jupiter.engine.execution.MethodInvocation.proceed(MethodInvocation.java:60)
	at org.junit.jupiter.engine.execution.InvocationInterceptorChain$ValidatingInvocation.proceed(InvocationInterceptorChain.java:131)
	at org.junit.jupiter.engine.extension.TimeoutExtension.intercept(TimeoutExtension.java:156)
	at org.junit.jupiter.engine.extension.TimeoutExtension.interceptTestableMethod(TimeoutExtension.java:147)
	at org.junit.jupiter.engine.extension.TimeoutExtension.interceptTestTemplateMethod(TimeoutExtension.java:94)
	at org.junit.jupiter.engine.execution.InterceptingExecutableInvoker$ReflectiveInterceptorCall.lambda$ofVoidMethod$0(InterceptingExecutableInvoker.java:103)
	at org.junit.jupiter.engine.execution.InterceptingExecutableInvoker.lambda$invoke$0(InterceptingExecutableInvoker.java:93)
	at org.junit.jupiter.engine.execution.InvocationInterceptorChain$InterceptedInvocation.proceed(InvocationInterceptorChain.java:106)
	at org.junit.jupiter.engine.execution.InvocationInterceptorChain.proceed(InvocationInterceptorChain.java:64)
	at org.junit.jupiter.engine.execution.InvocationInterceptorChain.chainAndInvoke(InvocationInterceptorChain.java:45)
	at org.junit.jupiter.engine.execution.InvocationInterceptorChain.invoke(InvocationInterceptorChain.java:37)
	at org.junit.jupiter.engine.execution.InterceptingExecutableInvoker.invoke(InterceptingExecutableInvoker.java:92)
	at org.junit.jupiter.engine.execution.InterceptingExecutableInvoker.invoke(InterceptingExecutableInvoker.java:86)
	at org.junit.jupiter.engine.descriptor.TestMethodTestDescriptor.lambda$invokeTestMethod$8(TestMethodTestDescriptor.java:217)
	at org.junit.platform.engine.support.hierarchical.ThrowableCollector.execute(ThrowableCollector.java:73)
	at org.junit.jupiter.engine.descriptor.TestMethodTestDescriptor.invokeTestMethod(TestMethodTestDescriptor.java:213)
	at org.junit.jupiter.engine.descriptor.TestMethodTestDescriptor.execute(TestMethodTestDescriptor.java:138)
	at org.junit.jupiter.engine.descriptor.TestMethodTestDescriptor.execute(TestMethodTestDescriptor.java:68)
	at org.junit.platform.engine.support.hierarchical.NodeTestTask.lambda$executeRecursively$6(NodeTestTask.java:156)
	at org.junit.platform.engine.support.hierarchical.ThrowableCollector.execute(ThrowableCollector.java:73)
	at org.junit.platform.engine.support.hierarchical.NodeTestTask.lambda$executeRecursively$8(NodeTestTask.java:146)
	at org.junit.platform.engine.support.hierarchical.Node.around(Node.java:137)
	at org.junit.platform.engine.support.hierarchical.NodeTestTask.lambda$executeRecursively$9(NodeTestTask.java:144)
	at org.junit.platform.engine.support.hierarchical.ThrowableCollector.execute(ThrowableCollector.java:73)
	at org.junit.platform.engine.support.hierarchical.NodeTestTask.executeRecursively(NodeTestTask.java:143)
	at org.junit.platform.engine.support.hierarchical.NodeTestTask.execute(NodeTestTask.java:100)
	at org.junit.platform.engine.support.hierarchical.ForkJoinPoolHierarchicalTestExecutorService$ExclusiveTask.exec(ForkJoinPoolHierarchicalTestExecutorService.java:274)
	at org.junit.platform.engine.support.hierarchical.ForkJoinPoolHierarchicalTestExecutorService$ExclusiveTask.execSync(ForkJoinPoolHierarchicalTestExecutorService.java:247)
	at org.junit.platform.engine.support.hierarchical.ForkJoinPoolHierarchicalTestExecutorService.submit(ForkJoinPoolHierarchicalTestExecutorService.java:148)
	at org.junit.platform.engine.support.hierarchical.NodeTestTask$DefaultDynamicTestExecutor.execute(NodeTestTask.java:231)
	at org.junit.platform.engine.support.hierarchical.NodeTestTask$DefaultDynamicTestExecutor.execute(NodeTestTask.java:209)
	at org.junit.jupiter.engine.descriptor.TestTemplateTestDescriptor.execute(TestTemplateTestDescriptor.java:141)
	at org.junit.jupiter.engine.descriptor.TestTemplateTestDescriptor.lambda$execute$3(TestTemplateTestDescriptor.java:109)
	at java.base/java.util.stream.ForEachOps$ForEachOp$OfRef.accept(ForEachOps.java:184)
	at java.base/java.util.stream.ReferencePipeline$3$1.accept(ReferencePipeline.java:197)
	at java.base/java.util.stream.ReferencePipeline$2$1.accept(ReferencePipeline.java:179)
	at java.base/java.util.stream.ReferencePipeline$3$1.accept(ReferencePipeline.java:197)
	at java.base/java.util.stream.ForEachOps$ForEachOp$OfRef.accept(ForEachOps.java:184)
	at java.base/java.util.stream.ReferencePipeline$3$1.accept(ReferencePipeline.java:197)
	at java.base/java.util.stream.ForEachOps$ForEachOp$OfRef.accept(ForEachOps.java:184)
	at java.base/java.util.stream.ForEachOps$ForEachOp$OfRef.accept(ForEachOps.java:184)
	at java.base/java.util.stream.ReferencePipeline$3$1.accept(ReferencePipeline.java:197)
	at java.base/java.util.stream.ForEachOps$ForEachOp$OfRef.accept(ForEachOps.java:184)
	at java.base/java.util.Spliterators$ArraySpliterator.forEachRemaining(Spliterators.java:1024)
	at java.base/java.util.stream.ReferencePipeline$Head.forEach(ReferencePipeline.java:762)
	at java.base/java.util.stream.ReferencePipeline$7$1.accept(ReferencePipeline.java:276)
	at java.base/java.util.Iterator.forEachRemaining(Iterator.java:133)
	at java.base/java.util.Spliterators$IteratorSpliterator.forEachRemaining(Spliterators.java:1939)
	at java.base/java.util.stream.AbstractPipeline.copyInto(AbstractPipeline.java:509)
	at java.base/java.util.stream.AbstractPipeline.wrapAndCopyInto(AbstractPipeline.java:499)
	at java.base/java.util.stream.ForEachOps$ForEachOp.evaluateSequential(ForEachOps.java:151)
	at java.base/java.util.stream.ForEachOps$ForEachOp$OfRef.evaluateSequential(ForEachOps.java:174)
	at java.base/java.util.stream.AbstractPipeline.evaluate(AbstractPipeline.java:234)
	at java.base/java.util.stream.ReferencePipeline.forEach(ReferencePipeline.java:596)
	at java.base/java.util.stream.ReferencePipeline$7$1.accept(ReferencePipeline.java:276)
	at java.base/java.util.stream.ReferencePipeline$3$1.accept(ReferencePipeline.java:197)
	at java.base/java.util.stream.ReferencePipeline$3$1.accept(ReferencePipeline.java:197)
	at java.base/java.util.stream.ReferencePipeline$3$1.accept(ReferencePipeline.java:197)
	at java.base/java.util.Spliterators$ArraySpliterator.forEachRemaining(Spliterators.java:1024)
	at java.base/java.util.stream.AbstractPipeline.copyInto(AbstractPipeline.java:509)
	at java.base/java.util.stream.AbstractPipeline.wrapAndCopyInto(AbstractPipeline.java:499)
	at java.base/java.util.stream.ForEachOps$ForEachOp.evaluateSequential(ForEachOps.java:151)
	at java.base/java.util.stream.ForEachOps$ForEachOp$OfRef.evaluateSequential(ForEachOps.java:174)
	at java.base/java.util.stream.AbstractPipeline.evaluate(AbstractPipeline.java:234)
	at java.base/java.util.stream.ReferencePipeline.forEach(ReferencePipeline.java:596)
	at java.base/java.util.stream.ReferencePipeline$7$1.accept(ReferencePipeline.java:276)
	at java.base/java.util.ArrayList$ArrayListSpliterator.forEachRemaining(ArrayList.java:1708)
	at java.base/java.util.stream.AbstractPipeline.copyInto(AbstractPipeline.java:509)
	at java.base/java.util.stream.AbstractPipeline.wrapAndCopyInto(AbstractPipeline.java:499)
	at java.base/java.util.stream.ForEachOps$ForEachOp.evaluateSequential(ForEachOps.java:151)
	at java.base/java.util.stream.ForEachOps$ForEachOp$OfRef.evaluateSequential(ForEachOps.java:174)
	at java.base/java.util.stream.AbstractPipeline.evaluate(AbstractPipeline.java:234)
	at java.base/java.util.stream.ReferencePipeline.forEach(ReferencePipeline.java:596)
	at java.base/java.util.stream.ReferencePipeline$7$1.accept(ReferencePipeline.java:276)
	at java.base/java.util.stream.ReferencePipeline$3$1.accept(ReferencePipeline.java:197)
	at java.base/java.util.stream.ReferencePipeline$3$1.accept(ReferencePipeline.java:197)
	at java.base/java.util.stream.ReferencePipeline$3$1.accept(ReferencePipeline.java:197)
	at java.base/java.util.ArrayList$ArrayListSpliterator.forEachRemaining(ArrayList.java:1708)
	at java.base/java.util.stream.AbstractPipeline.copyInto(AbstractPipeline.java:509)
	at java.base/java.util.stream.AbstractPipeline.wrapAndCopyInto(AbstractPipeline.java:499)
	at java.base/java.util.stream.ForEachOps$ForEachOp.evaluateSequential(ForEachOps.java:151)
	at java.base/java.util.stream.ForEachOps$ForEachOp$OfRef.evaluateSequential(ForEachOps.java:174)
	at java.base/java.util.stream.AbstractPipeline.evaluate(AbstractPipeline.java:234)
	at java.base/java.util.stream.ReferencePipeline.forEach(ReferencePipeline.java:596)
	at java.base/java.util.stream.ReferencePipeline$7$1.accept(ReferencePipeline.java:276)
	at java.base/java.util.ArrayList$ArrayListSpliterator.forEachRemaining(ArrayList.java:1708)
	at java.base/java.util.stream.AbstractPipeline.copyInto(AbstractPipeline.java:509)
	at java.base/java.util.stream.AbstractPipeline.wrapAndCopyInto(AbstractPipeline.java:499)
	at java.base/java.util.stream.ForEachOps$ForEachOp.evaluateSequential(ForEachOps.java:151)
	at java.base/java.util.stream.ForEachOps$ForEachOp$OfRef.evaluateSequential(ForEachOps.java:174)
	at java.base/java.util.stream.AbstractPipeline.evaluate(AbstractPipeline.java:234)
	at java.base/java.util.stream.ReferencePipeline.forEach(ReferencePipeline.java:596)
	at org.junit.jupiter.engine.descriptor.TestTemplateTestDescriptor.execute(TestTemplateTestDescriptor.java:109)
	at org.junit.jupiter.engine.descriptor.TestTemplateTestDescriptor.execute(TestTemplateTestDescriptor.java:43)
	at org.junit.platform.engine.support.hierarchical.NodeTestTask.lambda$executeRecursively$6(NodeTestTask.java:156)
	at org.junit.platform.engine.support.hierarchical.ThrowableCollector.execute(ThrowableCollector.java:73)
	at org.junit.platform.engine.support.hierarchical.NodeTestTask.lambda$executeRecursively$8(NodeTestTask.java:146)
	at org.junit.platform.engine.support.hierarchical.Node.around(Node.java:137)
	at org.junit.platform.engine.support.hierarchical.NodeTestTask.lambda$executeRecursively$9(NodeTestTask.java:144)
	at org.junit.platform.engine.support.hierarchical.ThrowableCollector.execute(ThrowableCollector.java:73)
	at org.junit.platform.engine.support.hierarchical.NodeTestTask.executeRecursively(NodeTestTask.java:143)
	at org.junit.platform.engine.support.hierarchical.NodeTestTask.execute(NodeTestTask.java:100)
	at org.junit.platform.engine.support.hierarchical.ForkJoinPoolHierarchicalTestExecutorService$ExclusiveTask.exec(ForkJoinPoolHierarchicalTestExecutorService.java:274)
	at org.junit.platform.engine.support.hierarchical.ForkJoinPoolHierarchicalTestExecutorService$ExclusiveTask.execSync(ForkJoinPoolHierarchicalTestExecutorService.java:247)
	at org.junit.platform.engine.support.hierarchical.ForkJoinPoolHierarchicalTestExecutorService.executeSync(ForkJoinPoolHierarchicalTestExecutorService.java:194)
	at org.junit.platform.engine.support.hierarchical.ForkJoinPoolHierarchicalTestExecutorService.invokeAll(ForkJoinPoolHierarchicalTestExecutorService.java:166)
	at org.junit.platform.engine.support.hierarchical.NodeTestTask.lambda$executeRecursively$6(NodeTestTask.java:160)
	at org.junit.platform.engine.support.hierarchical.ThrowableCollector.execute(ThrowableCollector.java:73)
	at org.junit.platform.engine.support.hierarchical.NodeTestTask.lambda$executeRecursively$8(NodeTestTask.java:146)
	at org.junit.platform.engine.support.hierarchical.Node.around(Node.java:137)
	at org.junit.platform.engine.support.hierarchical.NodeTestTask.lambda$executeRecursively$9(NodeTestTask.java:144)
	at org.junit.platform.engine.support.hierarchical.ThrowableCollector.execute(ThrowableCollector.java:73)
	at org.junit.platform.engine.support.hierarchical.NodeTestTask.executeRecursively(NodeTestTask.java:143)
	at org.junit.platform.engine.support.hierarchical.NodeTestTask.execute(NodeTestTask.java:100)
	at org.junit.platform.engine.support.hierarchical.ForkJoinPoolHierarchicalTestExecutorService$ExclusiveTask.exec(ForkJoinPoolHierarchicalTestExecutorService.java:274)
	at java.base/java.util.concurrent.ForkJoinTask.doExec(ForkJoinTask.java:387)
	at java.base/java.util.concurrent.ForkJoinPool$WorkQueue.topLevelExec(ForkJoinPool.java:1312)
	at java.base/java.util.concurrent.ForkJoinPool.scan(ForkJoinPool.java:1843)
	at java.base/java.util.concurrent.ForkJoinPool.runWorker(ForkJoinPool.java:1808)
	at java.base/java.util.concurrent.ForkJoinWorkerThread.run(ForkJoinWorkerThread.java:188)
    23:48:50.409 | 463 ool-1-worker-227 | DEBUG | .c.s.m.InstanceMessageReceiveService : Received schedule participant score for exercise 3222 and participant 773 (result to be deleted: null)
    23:48:50.409 | 463 ool-1-worker-227 | DEBUG | .a.s.ParticipantScoreScheduleService : Scheduled task for exercise 3222 and participant 773 at 2025-02-14T23:48:50.509864102Z[Etc/UTC].
    23:48:50.410 | 463 ool-1-worker-227 | DEBUG | .a.a.p.s.ProgrammingMessagingService : Send result to client over websocket. Result: Result{id780, completionDate=2025-02-14T23:48:50.385122Z, successful=false, score=0.0, rated=true, assessmentType=AUTOMATIC, hasComplaint=null, testCaseCount=0, passedTestCaseCount=0, codeIssueCount=0}, Submission: ProgrammingSubmission{commitHash='9b3a9bd71a0d80e5bbc42204c319ed3d1d4f0d6d', buildFailed=true, buildArtifact=false, type=MANUAL}, Participation: ProgrammingExerciseStudentParticipation{id=3967, repositoryUri='https://version-control.fake.fake/git/SHORTCCEFF2A309FFE04B930919009F46DD0A515BTSTEXC/shortcceff2a309ffe04b930919009f46dd0a515btstexc-progsubresgitlabjenstudent1.git', buildPlanId='SHORTCCEFF2A309FFE04B930919009F46DD0A515BTSTEXC-PROGSUBRESGITLABJENSTUDENT1', initializationState='INITIALIZED', initializationDate='2025-02-14T23:48:50.383514Z', individualDueDate=null', presentationScore=null}
    23:48:50.412 | 463 ool-1-worker-227 | INFO  | d.t.c.a.a.a.w.o.PublicResultResource : The new result for SHORTCCEFF2A309FFE04B930919009F46DD0A515BTSTEXC-PROGSUBRESGITLABJENSTUDENT1 was saved successfully
    23:48:50.415 | 463 ool-1-worker-227 | DEBUG | d.t.c.a.a.c.s.f.ApiVersionFilter     : Adding Version to Request GET /api/repository/3967/buildlogs
    23:48:50.416 | 463 ool-1-worker-227 | DEBUG | rammingExerciseParticipationResource : REST request to get build log : 3967

  Starting logs for ProgrammingSubmissionAndResultGitlabJenkinsIntegrationTest > shouldSaveBuildLogsOnStudentParticipationWithoutSubmissionNorResult(ProgrammingLanguage, boolean) [12] programmingLanguage=C_SHARP, enableStaticCodeAnalysis=false
    23:48:50.427 | 463 ool-1-worker-227 | DEBUG | d.t.c.a.a.c.u.util.UserUtilService   : Generate 3 students...
    23:48:50.431 | 463 ool-1-worker-227 | DEBUG | d.t.c.a.a.c.u.util.UserUtilService   : 3 students generated. Generate 2 tutors...
    23:48:50.434 | 463 ool-1-worker-227 | DEBUG | d.t.c.a.a.c.u.util.UserUtilService   : 2 tutors generated. Generate 0 editors...
    23:48:50.435 | 463 ool-1-worker-227 | DEBUG | d.t.c.a.a.c.u.util.UserUtilService   : 0 editors generated. Generate 2 instructors...
    23:48:50.438 | 463 ool-1-worker-227 | DEBUG | d.t.c.a.a.c.u.util.UserUtilService   : 2 instructors generated
    23:48:50.439 | 463 ool-1-worker-227 | DEBUG | d.t.c.a.a.c.u.util.UserUtilService   : Removing 7 users from all courses...
    23:48:50.440 | 463 ool-1-worker-227 | DEBUG | d.t.c.a.a.c.u.util.UserUtilService   : Removing 7 users from all courses. Done
    23:48:50.440 | 463 ool-1-worker-227 | DEBUG | d.t.c.a.a.c.u.util.UserUtilService   : Save 7 users to database...
    23:48:50.443 | 463 ool-1-worker-227 | DEBUG | d.t.c.a.a.c.u.util.UserUtilService   : Save 7 users to database. Done
    23:48:50.457 | 463 ool-1-worker-227 | DEBUG | PersonalAccessTokenManagementService : Generate secure vcs access token
    23:48:50.460 | 463 ool-1-worker-227 | DEBUG | PersonalAccessTokenManagementService : Generate secure vcs access token
    23:48:50.461 | 463 ool-1-worker-227 | INFO  | i.z.t.d.l.EmbeddedDatabaseReporter   : JDBC URL to connect to 'dataSource': url='jdbc:h2:tcp://localhost:41063/mem:736625c0-cf5e-400d-aeaa-8a7eabd6262b;USER=sa', scope='ProgrammingSubmissionAndResultGitlabJenkinsIntegrationTest#shouldSaveBuildLogsOnStudentParticipationWithoutSubmissionNorResult'
    23:48:50.476 | 463 ool-1-worker-227 | DEBUG | PersonalAccessTokenManagementService : Generate secure vcs access token
    23:48:50.479 | 463 ool-1-worker-227 | DEBUG | d.t.c.a.a.c.s.f.ApiVersionFilter     : Adding Version to Request POST /api/public/programming-exercises/new-result
    23:48:50.479 | 463 ool-1-worker-227 | DEBUG | d.t.c.a.a.a.w.o.PublicResultResource : Received result notify (NEW)
    23:48:50.481 | 463 ool-1-worker-227 | INFO  | d.t.c.a.a.a.w.o.PublicResultResource : Artemis received a new result for build plan SHORTD79FCC200BB8F046EF08E160143469789F6BTSTEXC-PROGSUBRESGITLABJENSTUDENT1
    23:48:50.482 | 463 ool-1-worker-227 | DEBUG | .s.ProgrammingExerciseGradingService : Received new build result (NEW) for participation 3974
    23:48:50.485 | 463 ool-1-worker-227 | WARN  | .s.ProgrammingExerciseGradingService : Could not find pending ProgrammingSubmission for Commit Hash 9b3a9bd71a0d80e5bbc42204c319ed3d1d4f0d6d (Participation 3974, Build Plan SHORTD79FCC200BB8F046EF08E160143469789F6BTSTEXC-PROGSUBRESGITLABJENSTUDENT1). Will create a new one subsequently...
    23:48:50.485 | 463 ool-1-worker-227 | ERROR | .s.ProgrammingExerciseGradingService : Could not retrieve push date for participation 3974 and build plan SHORTD79FCC200BB8F046EF08E160143469789F6BTSTEXC-PROGSUBRESGITLABJENSTUDENT1
de.tum.cit.aet.artemis.programming.service.gitlab.GitLabException: Could not find build queue date for participation 3974
	at de.tum.cit.aet.artemis.programming.service.gitlab.GitLabService.getPushDate(GitLabService.java:369)
	at de.tum.cit.aet.artemis.programming.service.gitlab.GitLabService.getPushDate(GitLabService.java:358)
	at de.tum.cit.aet.artemis.programming.service.ProgrammingExerciseGradingService.createAndSaveFallbackSubmission(ProgrammingExerciseGradingService.java:286)
	at de.tum.cit.aet.artemis.programming.service.ProgrammingExerciseGradingService.createAndSaveFallbackSubmission(ProgrammingExerciseGradingService.java:272)
	at de.tum.cit.aet.artemis.programming.service.ProgrammingExerciseGradingService.lambda$processNewProgrammingExerciseResult$0(ProgrammingExerciseGradingService.java:177)
	at java.base/java.util.Optional.orElseGet(Optional.java:364)
	at de.tum.cit.aet.artemis.programming.service.ProgrammingExerciseGradingService.processNewProgrammingExerciseResult(ProgrammingExerciseGradingService.java:177)
	at de.tum.cit.aet.artemis.programming.service.ProgrammingExerciseGradingService.processNewProgrammingExerciseResult(ProgrammingExerciseGradingService.java:156)
	at de.tum.cit.aet.artemis.assessment.web.open.PublicResultResource.processNewProgrammingExerciseResult(PublicResultResource.java:113)
	at java.base/jdk.internal.reflect.DirectMethodHandleAccessor.invoke(DirectMethodHandleAccessor.java:103)
	at java.base/java.lang.reflect.Method.invoke(Method.java:580)
	at org.springframework.aop.support.AopUtils.invokeJoinpointUsingReflection(AopUtils.java:359)
	at org.springframework.aop.framework.ReflectiveMethodInvocation.invokeJoinpoint(ReflectiveMethodInvocation.java:196)
	at org.springframework.aop.framework.ReflectiveMethodInvocation.proceed(ReflectiveMethodInvocation.java:163)
	at org.springframework.security.authorization.method.AuthorizationManagerBeforeMethodInterceptor.proceed(AuthorizationManagerBeforeMethodInterceptor.java:268)
	at org.springframework.security.authorization.method.AuthorizationManagerBeforeMethodInterceptor.attemptAuthorization(AuthorizationManagerBeforeMethodInterceptor.java:263)
	at org.springframework.security.authorization.method.AuthorizationManagerBeforeMethodInterceptor.invoke(AuthorizationManagerBeforeMethodInterceptor.java:196)
	at org.springframework.security.config.annotation.method.configuration.DeferringMethodInterceptor.invoke(DeferringMethodInterceptor.java:44)
	at org.springframework.aop.framework.ReflectiveMethodInvocation.proceed(ReflectiveMethodInvocation.java:184)
	at org.springframework.aop.framework.CglibAopProxy$DynamicAdvisedInterceptor.intercept(CglibAopProxy.java:727)
	at de.tum.cit.aet.artemis.assessment.web.open.PublicResultResource$$SpringCGLIB$$0.processNewProgrammingExerciseResult(<generated>)
	at java.base/jdk.internal.reflect.DirectMethodHandleAccessor.invoke(DirectMethodHandleAccessor.java:103)
	at java.base/java.lang.reflect.Method.invoke(Method.java:580)
	at org.springframework.web.method.support.InvocableHandlerMethod.doInvoke(InvocableHandlerMethod.java:257)
	at org.springframework.web.method.support.InvocableHandlerMethod.invokeForRequest(InvocableHandlerMethod.java:190)
	at org.springframework.web.servlet.mvc.method.annotation.ServletInvocableHandlerMethod.invokeAndHandle(ServletInvocableHandlerMethod.java:118)
	at org.springframework.web.servlet.mvc.method.annotation.RequestMappingHandlerAdapter.invokeHandlerMethod(RequestMappingHandlerAdapter.java:986)
	at org.springframework.web.servlet.mvc.method.annotation.RequestMappingHandlerAdapter.handleInternal(RequestMappingHandlerAdapter.java:891)
	at org.springframework.web.servlet.mvc.method.AbstractHandlerMethodAdapter.handle(AbstractHandlerMethodAdapter.java:87)
	at org.springframework.web.servlet.DispatcherServlet.doDispatch(DispatcherServlet.java:1088)
	at org.springframework.web.servlet.DispatcherServlet.doService(DispatcherServlet.java:978)
	at org.springframework.web.servlet.FrameworkServlet.processRequest(FrameworkServlet.java:1014)
	at org.springframework.web.servlet.FrameworkServlet.doPost(FrameworkServlet.java:914)
	at jakarta.servlet.http.HttpServlet.service(HttpServlet.java:547)
	at org.springframework.web.servlet.FrameworkServlet.service(FrameworkServlet.java:885)
	at org.springframework.test.web.servlet.TestDispatcherServlet.service(TestDispatcherServlet.java:72)
	at jakarta.servlet.http.HttpServlet.service(HttpServlet.java:614)
	at org.springframework.mock.web.MockFilterChain$ServletFilterProxy.doFilter(MockFilterChain.java:165)
	at org.springframework.mock.web.MockFilterChain.doFilter(MockFilterChain.java:132)
	at org.springframework.web.filter.OncePerRequestFilter.doFilter(OncePerRequestFilter.java:110)
	at org.springframework.test.web.servlet.setup.MockMvcFilterDecorator.doFilter(MockMvcFilterDecorator.java:162)
	at org.springframework.mock.web.MockFilterChain.doFilter(MockFilterChain.java:132)
	at de.tum.cit.aet.artemis.core.security.filter.ApiVersionFilter.doFilter(ApiVersionFilter.java:55)
	at org.springframework.test.web.servlet.setup.MockMvcFilterDecorator.doFilter(MockMvcFilterDecorator.java:162)
	at org.springframework.mock.web.MockFilterChain.doFilter(MockFilterChain.java:132)
	at io.sentry.spring.jakarta.SentryUserFilter.doFilterInternal(SentryUserFilter.java:56)
	at org.springframework.web.filter.OncePerRequestFilter.doFilter(OncePerRequestFilter.java:116)
	at org.springframework.test.web.servlet.setup.MockMvcFilterDecorator.doFilter(MockMvcFilterDecorator.java:162)
	at org.springframework.mock.web.MockFilterChain.doFilter(MockFilterChain.java:132)
	at org.springframework.web.filter.CompositeFilter$VirtualFilterChain.doFilter(CompositeFilter.java:108)
	at org.springframework.security.web.FilterChainProxy.lambda$doFilterInternal$3(FilterChainProxy.java:231)
	at org.springframework.security.web.ObservationFilterChainDecorator$FilterObservation$SimpleFilterObservation.lambda$wrap$1(ObservationFilterChainDecorator.java:479)
	at org.springframework.security.web.ObservationFilterChainDecorator$AroundFilterObservation$SimpleAroundFilterObservation.lambda$wrap$1(ObservationFilterChainDecorator.java:340)
	at org.springframework.security.web.ObservationFilterChainDecorator.lambda$wrapSecured$0(ObservationFilterChainDecorator.java:82)
	at org.springframework.security.web.ObservationFilterChainDecorator$VirtualFilterChain.doFilter(ObservationFilterChainDecorator.java:128)
	at org.springframework.security.web.access.intercept.AuthorizationFilter.doFilter(AuthorizationFilter.java:101)
	at org.springframework.security.web.ObservationFilterChainDecorator$ObservationFilter.wrapFilter(ObservationFilterChainDecorator.java:240)
	at org.springframework.security.web.ObservationFilterChainDecorator$ObservationFilter.doFilter(ObservationFilterChainDecorator.java:227)
	at org.springframework.security.web.ObservationFilterChainDecorator$VirtualFilterChain.doFilter(ObservationFilterChainDecorator.java:137)
	at org.springframework.security.web.access.ExceptionTranslationFilter.doFilter(ExceptionTranslationFilter.java:126)
	at org.springframework.security.web.access.ExceptionTranslationFilter.doFilter(ExceptionTranslationFilter.java:120)
	at org.springframework.security.web.ObservationFilterChainDecorator$ObservationFilter.wrapFilter(ObservationFilterChainDecorator.java:240)
	at org.springframework.security.web.ObservationFilterChainDecorator$ObservationFilter.doFilter(ObservationFilterChainDecorator.java:227)
	at org.springframework.security.web.ObservationFilterChainDecorator$VirtualFilterChain.doFilter(ObservationFilterChainDecorator.java:137)
	at org.springframework.security.web.session.SessionManagementFilter.doFilter(SessionManagementFilter.java:131)
	at org.springframework.security.web.session.SessionManagementFilter.doFilter(SessionManagementFilter.java:85)
	at org.springframework.security.web.ObservationFilterChainDecorator$ObservationFilter.wrapFilter(ObservationFilterChainDecorator.java:240)
	at org.springframework.security.web.ObservationFilterChainDecorator$ObservationFilter.doFilter(ObservationFilterChainDecorator.java:227)
	at org.springframework.security.web.ObservationFilterChainDecorator$VirtualFilterChain.doFilter(ObservationFilterChainDecorator.java:137)
	at org.springframework.security.web.authentication.AnonymousAuthenticationFilter.doFilter(AnonymousAuthenticationFilter.java:100)
	at org.springframework.security.web.ObservationFilterChainDecorator$ObservationFilter.wrapFilter(ObservationFilterChainDecorator.java:240)
	at org.springframework.security.web.ObservationFilterChainDecorator$ObservationFilter.doFilter(ObservationFilterChainDecorator.java:227)
	at org.springframework.security.web.ObservationFilterChainDecorator$VirtualFilterChain.doFilter(ObservationFilterChainDecorator.java:137)
	at org.springframework.security.web.servletapi.SecurityContextHolderAwareRequestFilter.doFilter(SecurityContextHolderAwareRequestFilter.java:179)
	at org.springframework.security.web.ObservationFilterChainDecorator$ObservationFilter.wrapFilter(ObservationFilterChainDecorator.java:240)
	at org.springframework.security.web.ObservationFilterChainDecorator$ObservationFilter.doFilter(ObservationFilterChainDecorator.java:227)
	at org.springframework.security.web.ObservationFilterChainDecorator$VirtualFilterChain.doFilter(ObservationFilterChainDecorator.java:137)
	at org.springframework.security.web.savedrequest.RequestCacheAwareFilter.doFilter(RequestCacheAwareFilter.java:63)
	at org.springframework.security.web.ObservationFilterChainDecorator$ObservationFilter.wrapFilter(ObservationFilterChainDecorator.java:240)
	at org.springframework.security.web.ObservationFilterChainDecorator$ObservationFilter.doFilter(ObservationFilterChainDecorator.java:227)
	at org.springframework.security.web.ObservationFilterChainDecorator$VirtualFilterChain.doFilter(ObservationFilterChainDecorator.java:137)
	at de.tum.cit.aet.artemis.core.security.filter.SpaWebFilter.doFilterInternal(SpaWebFilter.java:23)
	at org.springframework.web.filter.OncePerRequestFilter.doFilter(OncePerRequestFilter.java:116)
	at org.springframework.security.web.ObservationFilterChainDecorator$ObservationFilter.wrapFilter(ObservationFilterChainDecorator.java:240)
	at org.springframework.security.web.ObservationFilterChainDecorator$ObservationFilter.doFilter(ObservationFilterChainDecorator.java:227)
	at org.springframework.security.web.ObservationFilterChainDecorator$VirtualFilterChain.doFilter(ObservationFilterChainDecorator.java:137)
	at org.springframework.web.filter.OncePerRequestFilter.doFilter(OncePerRequestFilter.java:110)
	at org.springframework.security.web.ObservationFilterChainDecorator$ObservationFilter.wrapFilter(ObservationFilterChainDecorator.java:240)
	at org.springframework.security.web.ObservationFilterChainDecorator$ObservationFilter.doFilter(ObservationFilterChainDecorator.java:227)
	at org.springframework.security.web.ObservationFilterChainDecorator$VirtualFilterChain.doFilter(ObservationFilterChainDecorator.java:137)
	at de.tum.cit.aet.artemis.lti.config.Lti13LaunchFilter.doFilterInternal(Lti13LaunchFilter.java:60)
	at org.springframework.web.filter.OncePerRequestFilter.doFilter(OncePerRequestFilter.java:116)
	at org.springframework.security.web.ObservationFilterChainDecorator$ObservationFilter.wrapFilter(ObservationFilterChainDecorator.java:240)
	at org.springframework.security.web.ObservationFilterChainDecorator$ObservationFilter.doFilter(ObservationFilterChainDecorator.java:227)
	at org.springframework.security.web.ObservationFilterChainDecorator$VirtualFilterChain.doFilter(ObservationFilterChainDecorator.java:137)
	at de.tum.cit.aet.artemis.core.security.jwt.JWTFilter.doFilter(JWTFilter.java:55)
	at org.springframework.security.web.ObservationFilterChainDecorator$ObservationFilter.wrapFilter(ObservationFilterChainDecorator.java:240)
	at org.springframework.security.web.ObservationFilterChainDecorator$ObservationFilter.doFilter(ObservationFilterChainDecorator.java:227)
	at org.springframework.security.web.ObservationFilterChainDecorator$VirtualFilterChain.doFilter(ObservationFilterChainDecorator.java:137)
	at de.tum.cit.aet.artemis.core.security.jwt.JWTFilter.doFilter(JWTFilter.java:55)
	at org.springframework.security.web.ObservationFilterChainDecorator$ObservationFilter.wrapFilter(ObservationFilterChainDecorator.java:240)
	at org.springframework.security.web.ObservationFilterChainDecorator$ObservationFilter.doFilter(ObservationFilterChainDecorator.java:227)
	at org.springframework.security.web.ObservationFilterChainDecorator$VirtualFilterChain.doFilter(ObservationFilterChainDecorator.java:137)
	at org.springframework.web.filter.CorsFilter.doFilterInternal(CorsFilter.java:91)
	at org.springframework.web.filter.OncePerRequestFilter.doFilter(OncePerRequestFilter.java:116)
	at org.springframework.security.web.ObservationFilterChainDecorator$ObservationFilter.wrapFilter(ObservationFilterChainDecorator.java:240)
	at org.springframework.security.web.ObservationFilterChainDecorator$ObservationFilter.doFilter(ObservationFilterChainDecorator.java:227)
	at org.springframework.security.web.ObservationFilterChainDecorator$VirtualFilterChain.doFilter(ObservationFilterChainDecorator.java:137)
	at org.springframework.web.filter.OncePerRequestFilter.doFilter(OncePerRequestFilter.java:110)
	at org.springframework.security.web.ObservationFilterChainDecorator$ObservationFilter.wrapFilter(ObservationFilterChainDecorator.java:240)
	at org.springframework.security.web.ObservationFilterChainDecorator$ObservationFilter.doFilter(ObservationFilterChainDecorator.java:227)
	at org.springframework.security.web.ObservationFilterChainDecorator$VirtualFilterChain.doFilter(ObservationFilterChainDecorator.java:137)
	at uk.ac.ox.ctl.lti13.security.oauth2.client.lti.web.OAuth2AuthorizationRequestRedirectFilter.doFilterInternal(OAuth2AuthorizationRequestRedirectFilter.java:142)
	at org.springframework.web.filter.OncePerRequestFilter.doFilter(OncePerRequestFilter.java:116)
	at org.springframework.security.web.ObservationFilterChainDecorator$ObservationFilter.wrapFilter(ObservationFilterChainDecorator.java:240)
	at org.springframework.security.web.ObservationFilterChainDecorator$ObservationFilter.doFilter(ObservationFilterChainDecorator.java:227)
	at org.springframework.security.web.ObservationFilterChainDecorator$VirtualFilterChain.doFilter(ObservationFilterChainDecorator.java:137)
	at org.springframework.security.web.authentication.logout.LogoutFilter.doFilter(LogoutFilter.java:107)
	at org.springframework.security.web.authentication.logout.LogoutFilter.doFilter(LogoutFilter.java:93)
	at org.springframework.security.web.ObservationFilterChainDecorator$ObservationFilter.wrapFilter(ObservationFilterChainDecorator.java:240)
	at org.springframework.security.web.ObservationFilterChainDecorator$ObservationFilter.doFilter(ObservationFilterChainDecorator.java:227)
	at org.springframework.security.web.ObservationFilterChainDecorator$VirtualFilterChain.doFilter(ObservationFilterChainDecorator.java:137)
	at org.springframework.security.web.header.HeaderWriterFilter.doHeadersAfter(HeaderWriterFilter.java:90)
	at org.springframework.security.web.header.HeaderWriterFilter.doFilterInternal(HeaderWriterFilter.java:75)
	at org.springframework.web.filter.OncePerRequestFilter.doFilter(OncePerRequestFilter.java:116)
	at org.springframework.security.web.ObservationFilterChainDecorator$ObservationFilter.wrapFilter(ObservationFilterChainDecorator.java:240)
	at org.springframework.security.web.ObservationFilterChainDecorator$ObservationFilter.doFilter(ObservationFilterChainDecorator.java:227)
	at org.springframework.security.web.ObservationFilterChainDecorator$VirtualFilterChain.doFilter(ObservationFilterChainDecorator.java:137)
	at org.springframework.security.web.context.SecurityContextHolderFilter.doFilter(SecurityContextHolderFilter.java:82)
	at org.springframework.security.web.context.SecurityContextHolderFilter.doFilter(SecurityContextHolderFilter.java:69)
	at org.springframework.security.web.ObservationFilterChainDecorator$ObservationFilter.wrapFilter(ObservationFilterChainDecorator.java:240)
	at org.springframework.security.web.ObservationFilterChainDecorator$ObservationFilter.doFilter(ObservationFilterChainDecorator.java:227)
	at org.springframework.security.web.ObservationFilterChainDecorator$VirtualFilterChain.doFilter(ObservationFilterChainDecorator.java:137)
	at org.springframework.security.web.context.request.async.WebAsyncManagerIntegrationFilter.doFilterInternal(WebAsyncManagerIntegrationFilter.java:62)
	at org.springframework.web.filter.OncePerRequestFilter.doFilter(OncePerRequestFilter.java:116)
	at org.springframework.security.web.ObservationFilterChainDecorator$ObservationFilter.wrapFilter(ObservationFilterChainDecorator.java:240)
	at org.springframework.security.web.ObservationFilterChainDecorator$ObservationFilter.doFilter(ObservationFilterChainDecorator.java:227)
	at org.springframework.security.web.ObservationFilterChainDecorator$VirtualFilterChain.doFilter(ObservationFilterChainDecorator.java:137)
	at org.springframework.security.web.session.DisableEncodeUrlFilter.doFilterInternal(DisableEncodeUrlFilter.java:42)
	at org.springframework.web.filter.OncePerRequestFilter.doFilter(OncePerRequestFilter.java:116)
	at org.springframework.security.web.ObservationFilterChainDecorator$ObservationFilter.wrapFilter(ObservationFilterChainDecorator.java:240)
	at org.springframework.security.web.ObservationFilterChainDecorator$AroundFilterObservation$SimpleAroundFilterObservation.lambda$wrap$0(ObservationFilterChainDecorator.java:323)
	at org.springframework.security.web.ObservationFilterChainDecorator$ObservationFilter.doFilter(ObservationFilterChainDecorator.java:224)
	at org.springframework.security.web.ObservationFilterChainDecorator$VirtualFilterChain.doFilter(ObservationFilterChainDecorator.java:137)
	at org.springframework.security.web.FilterChainProxy.doFilterInternal(FilterChainProxy.java:233)
	at org.springframework.security.web.FilterChainProxy.doFilter(FilterChainProxy.java:191)
	at org.springframework.web.filter.CompositeFilter$VirtualFilterChain.doFilter(CompositeFilter.java:113)
	at org.springframework.web.servlet.handler.HandlerMappingIntrospector.lambda$createCacheFilter$3(HandlerMappingIntrospector.java:243)
	at org.springframework.web.filter.CompositeFilter$VirtualFilterChain.doFilter(CompositeFilter.java:113)
	at org.springframework.web.filter.CompositeFilter.doFilter(CompositeFilter.java:74)
	at org.springframework.security.config.annotation.web.configuration.WebMvcSecurityConfiguration$CompositeFilterChainProxy.doFilter(WebMvcSecurityConfiguration.java:238)
	at org.springframework.web.filter.DelegatingFilterProxy.invokeDelegate(DelegatingFilterProxy.java:362)
	at org.springframework.web.filter.DelegatingFilterProxy.doFilter(DelegatingFilterProxy.java:278)
	at org.springframework.test.web.servlet.setup.MockMvcFilterDecorator.doFilter(MockMvcFilterDecorator.java:162)
	at org.springframework.mock.web.MockFilterChain.doFilter(MockFilterChain.java:132)
	at org.springframework.web.filter.RequestContextFilter.doFilterInternal(RequestContextFilter.java:100)
	at org.springframework.web.filter.OncePerRequestFilter.doFilter(OncePerRequestFilter.java:116)
	at org.springframework.test.web.servlet.setup.MockMvcFilterDecorator.doFilter(MockMvcFilterDecorator.java:162)
	at org.springframework.mock.web.MockFilterChain.doFilter(MockFilterChain.java:132)
	at org.springframework.web.filter.FormContentFilter.doFilterInternal(FormContentFilter.java:93)
	at org.springframework.web.filter.OncePerRequestFilter.doFilter(OncePerRequestFilter.java:116)
	at org.springframework.test.web.servlet.setup.MockMvcFilterDecorator.doFilter(MockMvcFilterDecorator.java:162)
	at org.springframework.mock.web.MockFilterChain.doFilter(MockFilterChain.java:132)
	at org.springframework.web.filter.ServerHttpObservationFilter.doFilterInternal(ServerHttpObservationFilter.java:114)
	at org.springframework.web.filter.OncePerRequestFilter.doFilter(OncePerRequestFilter.java:116)
	at org.springframework.test.web.servlet.setup.MockMvcFilterDecorator.doFilter(MockMvcFilterDecorator.java:162)
	at org.springframework.mock.web.MockFilterChain.doFilter(MockFilterChain.java:132)
	at io.sentry.spring.jakarta.tracing.SentryTracingFilter.doFilterInternal(SentryTracingFilter.java:91)
	at org.springframework.web.filter.OncePerRequestFilter.doFilter(OncePerRequestFilter.java:116)
	at org.springframework.test.web.servlet.setup.MockMvcFilterDecorator.doFilter(MockMvcFilterDecorator.java:162)
	at org.springframework.mock.web.MockFilterChain.doFilter(MockFilterChain.java:132)
	at org.springframework.web.filter.CharacterEncodingFilter.doFilterInternal(CharacterEncodingFilter.java:201)
	at org.springframework.web.filter.OncePerRequestFilter.doFilter(OncePerRequestFilter.java:116)
	at org.springframework.test.web.servlet.setup.MockMvcFilterDecorator.doFilter(MockMvcFilterDecorator.java:162)
	at org.springframework.mock.web.MockFilterChain.doFilter(MockFilterChain.java:132)
	at io.sentry.spring.jakarta.SentrySpringFilter.doFilterInternal(SentrySpringFilter.java:76)
	at org.springframework.web.filter.OncePerRequestFilter.doFilter(OncePerRequestFilter.java:116)
	at org.springframework.test.web.servlet.setup.MockMvcFilterDecorator.doFilter(MockMvcFilterDecorator.java:162)
	at org.springframework.mock.web.MockFilterChain.doFilter(MockFilterChain.java:132)
	at org.springframework.test.web.servlet.MockMvc.perform(MockMvc.java:201)
	at de.tum.cit.aet.artemis.core.util.RequestUtilService.performMvcRequest(RequestUtilService.java:79)
	at de.tum.cit.aet.artemis.core.util.RequestUtilService.postWithoutLocation(RequestUtilService.java:213)
	at de.tum.cit.aet.artemis.core.util.RequestUtilService.postWithoutLocation(RequestUtilService.java:199)
	at de.tum.cit.aet.artemis.programming.ProgrammingSubmissionAndResultGitlabJenkinsIntegrationTest.postResult(ProgrammingSubmissionAndResultGitlabJenkinsIntegrationTest.java:413)
	at de.tum.cit.aet.artemis.programming.ProgrammingSubmissionAndResultGitlabJenkinsIntegrationTest.shouldSaveBuildLogsOnStudentParticipationWithoutSubmissionNorResult(ProgrammingSubmissionAndResultGitlabJenkinsIntegrationTest.java:338)
	at java.base/jdk.internal.reflect.DirectMethodHandleAccessor.invoke(DirectMethodHandleAccessor.java:103)
	at java.base/java.lang.reflect.Method.invoke(Method.java:580)
	at org.junit.platform.commons.util.ReflectionUtils.invokeMethod(ReflectionUtils.java:767)
	at org.junit.jupiter.engine.execution.MethodInvocation.proceed(MethodInvocation.java:60)
	at org.junit.jupiter.engine.execution.InvocationInterceptorChain$ValidatingInvocation.proceed(InvocationInterceptorChain.java:131)
	at org.junit.jupiter.engine.extension.TimeoutExtension.intercept(TimeoutExtension.java:156)
	at org.junit.jupiter.engine.extension.TimeoutExtension.interceptTestableMethod(TimeoutExtension.java:147)
	at org.junit.jupiter.engine.extension.TimeoutExtension.interceptTestTemplateMethod(TimeoutExtension.java:94)
	at org.junit.jupiter.engine.execution.InterceptingExecutableInvoker$ReflectiveInterceptorCall.lambda$ofVoidMethod$0(InterceptingExecutableInvoker.java:103)
	at org.junit.jupiter.engine.execution.InterceptingExecutableInvoker.lambda$invoke$0(InterceptingExecutableInvoker.java:93)
	at org.junit.jupiter.engine.execution.InvocationInterceptorChain$InterceptedInvocation.proceed(InvocationInterceptorChain.java:106)
	at org.junit.jupiter.engine.execution.InvocationInterceptorChain.proceed(InvocationInterceptorChain.java:64)
	at org.junit.jupiter.engine.execution.InvocationInterceptorChain.chainAndInvoke(InvocationInterceptorChain.java:45)
	at org.junit.jupiter.engine.execution.InvocationInterceptorChain.invoke(InvocationInterceptorChain.java:37)
	at org.junit.jupiter.engine.execution.InterceptingExecutableInvoker.invoke(InterceptingExecutableInvoker.java:92)
	at org.junit.jupiter.engine.execution.InterceptingExecutableInvoker.invoke(InterceptingExecutableInvoker.java:86)
	at org.junit.jupiter.engine.descriptor.TestMethodTestDescriptor.lambda$invokeTestMethod$8(TestMethodTestDescriptor.java:217)
	at org.junit.platform.engine.support.hierarchical.ThrowableCollector.execute(ThrowableCollector.java:73)
	at org.junit.jupiter.engine.descriptor.TestMethodTestDescriptor.invokeTestMethod(TestMethodTestDescriptor.java:213)
	at org.junit.jupiter.engine.descriptor.TestMethodTestDescriptor.execute(TestMethodTestDescriptor.java:138)
	at org.junit.jupiter.engine.descriptor.TestMethodTestDescriptor.execute(TestMethodTestDescriptor.java:68)
	at org.junit.platform.engine.support.hierarchical.NodeTestTask.lambda$executeRecursively$6(NodeTestTask.java:156)
	at org.junit.platform.engine.support.hierarchical.ThrowableCollector.execute(ThrowableCollector.java:73)
	at org.junit.platform.engine.support.hierarchical.NodeTestTask.lambda$executeRecursively$8(NodeTestTask.java:146)
	at org.junit.platform.engine.support.hierarchical.Node.around(Node.java:137)
	at org.junit.platform.engine.support.hierarchical.NodeTestTask.lambda$executeRecursively$9(NodeTestTask.java:144)
	at org.junit.platform.engine.support.hierarchical.ThrowableCollector.execute(ThrowableCollector.java:73)
	at org.junit.platform.engine.support.hierarchical.NodeTestTask.executeRecursively(NodeTestTask.java:143)
	at org.junit.platform.engine.support.hierarchical.NodeTestTask.execute(NodeTestTask.java:100)
	at org.junit.platform.engine.support.hierarchical.ForkJoinPoolHierarchicalTestExecutorService$ExclusiveTask.exec(ForkJoinPoolHierarchicalTestExecutorService.java:274)
	at org.junit.platform.engine.support.hierarchical.ForkJoinPoolHierarchicalTestExecutorService$ExclusiveTask.execSync(ForkJoinPoolHierarchicalTestExecutorService.java:247)
	at org.junit.platform.engine.support.hierarchical.ForkJoinPoolHierarchicalTestExecutorService.submit(ForkJoinPoolHierarchicalTestExecutorService.java:148)
	at org.junit.platform.engine.support.hierarchical.NodeTestTask$DefaultDynamicTestExecutor.execute(NodeTestTask.java:231)
	at org.junit.platform.engine.support.hierarchical.NodeTestTask$DefaultDynamicTestExecutor.execute(NodeTestTask.java:209)
	at org.junit.jupiter.engine.descriptor.TestTemplateTestDescriptor.execute(TestTemplateTestDescriptor.java:141)
	at org.junit.jupiter.engine.descriptor.TestTemplateTestDescriptor.lambda$execute$3(TestTemplateTestDescriptor.java:109)
	at java.base/java.util.stream.ForEachOps$ForEachOp$OfRef.accept(ForEachOps.java:184)
	at java.base/java.util.stream.ReferencePipeline$3$1.accept(ReferencePipeline.java:197)
	at java.base/java.util.stream.ReferencePipeline$2$1.accept(ReferencePipeline.java:179)
	at java.base/java.util.stream.ReferencePipeline$3$1.accept(ReferencePipeline.java:197)
	at java.base/java.util.stream.ForEachOps$ForEachOp$OfRef.accept(ForEachOps.java:184)
	at java.base/java.util.stream.ReferencePipeline$3$1.accept(ReferencePipeline.java:197)
	at java.base/java.util.stream.ForEachOps$ForEachOp$OfRef.accept(ForEachOps.java:184)
	at java.base/java.util.stream.ForEachOps$ForEachOp$OfRef.accept(ForEachOps.java:184)
	at java.base/java.util.stream.ReferencePipeline$3$1.accept(ReferencePipeline.java:197)
	at java.base/java.util.stream.ForEachOps$ForEachOp$OfRef.accept(ForEachOps.java:184)
	at java.base/java.util.Spliterators$ArraySpliterator.forEachRemaining(Spliterators.java:1024)
	at java.base/java.util.stream.ReferencePipeline$Head.forEach(ReferencePipeline.java:762)
	at java.base/java.util.stream.ReferencePipeline$7$1.accept(ReferencePipeline.java:276)
	at java.base/java.util.Iterator.forEachRemaining(Iterator.java:133)
	at java.base/java.util.Spliterators$IteratorSpliterator.forEachRemaining(Spliterators.java:1939)
	at java.base/java.util.stream.AbstractPipeline.copyInto(AbstractPipeline.java:509)
	at java.base/java.util.stream.AbstractPipeline.wrapAndCopyInto(AbstractPipeline.java:499)
	at java.base/java.util.stream.ForEachOps$ForEachOp.evaluateSequential(ForEachOps.java:151)
	at java.base/java.util.stream.ForEachOps$ForEachOp$OfRef.evaluateSequential(ForEachOps.java:174)
	at java.base/java.util.stream.AbstractPipeline.evaluate(AbstractPipeline.java:234)
	at java.base/java.util.stream.ReferencePipeline.forEach(ReferencePipeline.java:596)
	at java.base/java.util.stream.ReferencePipeline$7$1.accept(ReferencePipeline.java:276)
	at java.base/java.util.stream.ReferencePipeline$3$1.accept(ReferencePipeline.java:197)
	at java.base/java.util.stream.ReferencePipeline$3$1.accept(ReferencePipeline.java:197)
	at java.base/java.util.stream.ReferencePipeline$3$1.accept(ReferencePipeline.java:197)
	at java.base/java.util.Spliterators$ArraySpliterator.forEachRemaining(Spliterators.java:1024)
	at java.base/java.util.stream.AbstractPipeline.copyInto(AbstractPipeline.java:509)
	at java.base/java.util.stream.AbstractPipeline.wrapAndCopyInto(AbstractPipeline.java:499)
	at java.base/java.util.stream.ForEachOps$ForEachOp.evaluateSequential(ForEachOps.java:151)
	at java.base/java.util.stream.ForEachOps$ForEachOp$OfRef.evaluateSequential(ForEachOps.java:174)
	at java.base/java.util.stream.AbstractPipeline.evaluate(AbstractPipeline.java:234)
	at java.base/java.util.stream.ReferencePipeline.forEach(ReferencePipeline.java:596)
	at java.base/java.util.stream.ReferencePipeline$7$1.accept(ReferencePipeline.java:276)
	at java.base/java.util.ArrayList$ArrayListSpliterator.forEachRemaining(ArrayList.java:1708)
	at java.base/java.util.stream.AbstractPipeline.copyInto(AbstractPipeline.java:509)
	at java.base/java.util.stream.AbstractPipeline.wrapAndCopyInto(AbstractPipeline.java:499)
	at java.base/java.util.stream.ForEachOps$ForEachOp.evaluateSequential(ForEachOps.java:151)
	at java.base/java.util.stream.ForEachOps$ForEachOp$OfRef.evaluateSequential(ForEachOps.java:174)
	at java.base/java.util.stream.AbstractPipeline.evaluate(AbstractPipeline.java:234)
	at java.base/java.util.stream.ReferencePipeline.forEach(ReferencePipeline.java:596)
	at java.base/java.util.stream.ReferencePipeline$7$1.accept(ReferencePipeline.java:276)
	at java.base/java.util.stream.ReferencePipeline$3$1.accept(ReferencePipeline.java:197)
	at java.base/java.util.stream.ReferencePipeline$3$1.accept(ReferencePipeline.java:197)
	at java.base/java.util.stream.ReferencePipeline$3$1.accept(ReferencePipeline.java:197)
	at java.base/java.util.ArrayList$ArrayListSpliterator.forEachRemaining(ArrayList.java:1708)
	at java.base/java.util.stream.AbstractPipeline.copyInto(AbstractPipeline.java:509)
	at java.base/java.util.stream.AbstractPipeline.wrapAndCopyInto(AbstractPipeline.java:499)
	at java.base/java.util.stream.ForEachOps$ForEachOp.evaluateSequential(ForEachOps.java:151)
	at java.base/java.util.stream.ForEachOps$ForEachOp$OfRef.evaluateSequential(ForEachOps.java:174)
	at java.base/java.util.stream.AbstractPipeline.evaluate(AbstractPipeline.java:234)
	at java.base/java.util.stream.ReferencePipeline.forEach(ReferencePipeline.java:596)
	at java.base/java.util.stream.ReferencePipeline$7$1.accept(ReferencePipeline.java:276)
	at java.base/java.util.ArrayList$ArrayListSpliterator.forEachRemaining(ArrayList.java:1708)
	at java.base/java.util.stream.AbstractPipeline.copyInto(AbstractPipeline.java:509)
	at java.base/java.util.stream.AbstractPipeline.wrapAndCopyInto(AbstractPipeline.java:499)
	at java.base/java.util.stream.ForEachOps$ForEachOp.evaluateSequential(ForEachOps.java:151)
	at java.base/java.util.stream.ForEachOps$ForEachOp$OfRef.evaluateSequential(ForEachOps.java:174)
	at java.base/java.util.stream.AbstractPipeline.evaluate(AbstractPipeline.java:234)
	at java.base/java.util.stream.ReferencePipeline.forEach(ReferencePipeline.java:596)
	at org.junit.jupiter.engine.descriptor.TestTemplateTestDescriptor.execute(TestTemplateTestDescriptor.java:109)
	at org.junit.jupiter.engine.descriptor.TestTemplateTestDescriptor.execute(TestTemplateTestDescriptor.java:43)
	at org.junit.platform.engine.support.hierarchical.NodeTestTask.lambda$executeRecursively$6(NodeTestTask.java:156)
	at org.junit.platform.engine.support.hierarchical.ThrowableCollector.execute(ThrowableCollector.java:73)
	at org.junit.platform.engine.support.hierarchical.NodeTestTask.lambda$executeRecursively$8(NodeTestTask.java:146)
	at org.junit.platform.engine.support.hierarchical.Node.around(Node.java:137)
	at org.junit.platform.engine.support.hierarchical.NodeTestTask.lambda$executeRecursively$9(NodeTestTask.java:144)
	at org.junit.platform.engine.support.hierarchical.ThrowableCollector.execute(ThrowableCollector.java:73)
	at org.junit.platform.engine.support.hierarchical.NodeTestTask.executeRecursively(NodeTestTask.java:143)
	at org.junit.platform.engine.support.hierarchical.NodeTestTask.execute(NodeTestTask.java:100)
	at org.junit.platform.engine.support.hierarchical.ForkJoinPoolHierarchicalTestExecutorService$ExclusiveTask.exec(ForkJoinPoolHierarchicalTestExecutorService.java:274)
	at org.junit.platform.engine.support.hierarchical.ForkJoinPoolHierarchicalTestExecutorService$ExclusiveTask.execSync(ForkJoinPoolHierarchicalTestExecutorService.java:247)
	at org.junit.platform.engine.support.hierarchical.ForkJoinPoolHierarchicalTestExecutorService.executeSync(ForkJoinPoolHierarchicalTestExecutorService.java:194)
	at org.junit.platform.engine.support.hierarchical.ForkJoinPoolHierarchicalTestExecutorService.invokeAll(ForkJoinPoolHierarchicalTestExecutorService.java:166)
	at org.junit.platform.engine.support.hierarchical.NodeTestTask.lambda$executeRecursively$6(NodeTestTask.java:160)
	at org.junit.platform.engine.support.hierarchical.ThrowableCollector.execute(ThrowableCollector.java:73)
	at org.junit.platform.engine.support.hierarchical.NodeTestTask.lambda$executeRecursively$8(NodeTestTask.java:146)
	at org.junit.platform.engine.support.hierarchical.Node.around(Node.java:137)
	at org.junit.platform.engine.support.hierarchical.NodeTestTask.lambda$executeRecursively$9(NodeTestTask.java:144)
	at org.junit.platform.engine.support.hierarchical.ThrowableCollector.execute(ThrowableCollector.java:73)
	at org.junit.platform.engine.support.hierarchical.NodeTestTask.executeRecursively(NodeTestTask.java:143)
	at org.junit.platform.engine.support.hierarchical.NodeTestTask.execute(NodeTestTask.java:100)
	at org.junit.platform.engine.support.hierarchical.ForkJoinPoolHierarchicalTestExecutorService$ExclusiveTask.exec(ForkJoinPoolHierarchicalTestExecutorService.java:274)
	at java.base/java.util.concurrent.ForkJoinTask.doExec(ForkJoinTask.java:387)
	at java.base/java.util.concurrent.ForkJoinPool$WorkQueue.topLevelExec(ForkJoinPool.java:1312)
	at java.base/java.util.concurrent.ForkJoinPool.scan(ForkJoinPool.java:1843)
	at java.base/java.util.concurrent.ForkJoinPool.runWorker(ForkJoinPool.java:1808)
	at java.base/java.util.concurrent.ForkJoinWorkerThread.run(ForkJoinWorkerThread.java:188)
    23:48:50.501 | 463 ool-1-worker-227 | DEBUG | .c.s.m.InstanceMessageReceiveService : Received schedule participant score for exercise 3224 and participant 773 (result to be deleted: null)
    23:48:50.501 | 463 ool-1-worker-227 | DEBUG | .a.s.ParticipantScoreScheduleService : Scheduled task for exercise 3224 and participant 773 at 2025-02-14T23:48:50.601830327Z[Etc/UTC].
    23:48:50.502 | 463 ool-1-worker-227 | DEBUG | .a.a.p.s.ProgrammingMessagingService : Send result to client over websocket. Result: Result{id781, completionDate=2025-02-14T23:48:50.477082300Z, successful=false, score=0.0, rated=true, assessmentType=AUTOMATIC, hasComplaint=null, testCaseCount=0, passedTestCaseCount=0, codeIssueCount=0}, Submission: ProgrammingSubmission{commitHash='9b3a9bd71a0d80e5bbc42204c319ed3d1d4f0d6d', buildFailed=true, buildArtifact=false, type=MANUAL}, Participation: ProgrammingExerciseStudentParticipation{id=3974, repositoryUri='https://version-control.fake.fake/git/SHORTD79FCC200BB8F046EF08E160143469789F6BTSTEXC/shortd79fcc200bb8f046ef08e160143469789f6btstexc-progsubresgitlabjenstudent1.git', buildPlanId='SHORTD79FCC200BB8F046EF08E160143469789F6BTSTEXC-PROGSUBRESGITLABJENSTUDENT1', initializationState='INITIALIZED', initializationDate='2025-02-14T23:48:50.475277Z', individualDueDate=null', presentationScore=null}
    23:48:50.505 | 463 ool-1-worker-227 | INFO  | d.t.c.a.a.a.w.o.PublicResultResource : The new result for SHORTD79FCC200BB8F046EF08E160143469789F6BTSTEXC-PROGSUBRESGITLABJENSTUDENT1 was saved successfully
    23:48:50.508 | 463 ool-1-worker-227 | DEBUG | d.t.c.a.a.c.s.f.ApiVersionFilter     : Adding Version to Request GET /api/repository/3974/buildlogs
    23:48:50.508 | 463 ool-1-worker-227 | DEBUG | rammingExerciseParticipationResource : REST request to get build log : 3974

  Starting logs for ProgrammingSubmissionAndResultGitlabJenkinsIntegrationTest > shouldSaveBuildLogsOnStudentParticipationWithoutSubmissionNorResult(ProgrammingLanguage, boolean) [13] programmingLanguage=C_PLUS_PLUS, enableStaticCodeAnalysis=true
    23:48:50.522 | 463 ool-1-worker-227 | DEBUG | d.t.c.a.a.c.u.util.UserUtilService   : Generate 3 students...
    23:48:50.526 | 463 ool-1-worker-227 | DEBUG | d.t.c.a.a.c.u.util.UserUtilService   : 3 students generated. Generate 2 tutors...
    23:48:50.529 | 463 ool-1-worker-227 | DEBUG | d.t.c.a.a.c.u.util.UserUtilService   : 2 tutors generated. Generate 0 editors...
    23:48:50.530 | 463 ool-1-worker-227 | DEBUG | d.t.c.a.a.c.u.util.UserUtilService   : 0 editors generated. Generate 2 instructors...
    23:48:50.533 | 463 ool-1-worker-227 | DEBUG | d.t.c.a.a.c.u.util.UserUtilService   : 2 instructors generated
    23:48:50.534 | 463 ool-1-worker-227 | DEBUG | d.t.c.a.a.c.u.util.UserUtilService   : Removing 7 users from all courses...
    23:48:50.535 | 463 ool-1-worker-227 | DEBUG | d.t.c.a.a.c.u.util.UserUtilService   : Removing 7 users from all courses. Done
    23:48:50.535 | 463 ool-1-worker-227 | DEBUG | d.t.c.a.a.c.u.util.UserUtilService   : Save 7 users to database...
    23:48:50.538 | 463 ool-1-worker-227 | DEBUG | d.t.c.a.a.c.u.util.UserUtilService   : Save 7 users to database. Done
    23:48:50.552 | 463 ool-1-worker-227 | DEBUG | PersonalAccessTokenManagementService : Generate secure vcs access token
    23:48:50.555 | 463 ool-1-worker-227 | DEBUG | PersonalAccessTokenManagementService : Generate secure vcs access token
    23:48:50.557 | 463 ool-1-worker-227 | INFO  | i.z.t.d.l.EmbeddedDatabaseReporter   : JDBC URL to connect to 'dataSource': url='jdbc:h2:tcp://localhost:41063/mem:736625c0-cf5e-400d-aeaa-8a7eabd6262b;USER=sa', scope='ProgrammingSubmissionAndResultGitlabJenkinsIntegrationTest#shouldSaveBuildLogsOnStudentParticipationWithoutSubmissionNorResult'
    23:48:50.569 | 463 ool-1-worker-227 | DEBUG | PersonalAccessTokenManagementService : Generate secure vcs access token
    23:48:50.572 | 463 ool-1-worker-227 | DEBUG | d.t.c.a.a.c.s.f.ApiVersionFilter     : Adding Version to Request POST /api/public/programming-exercises/new-result
    23:48:50.572 | 463 ool-1-worker-227 | DEBUG | d.t.c.a.a.a.w.o.PublicResultResource : Received result notify (NEW)
    23:48:50.574 | 463 ool-1-worker-227 | INFO  | d.t.c.a.a.a.w.o.PublicResultResource : Artemis received a new result for build plan SHORTEDB6C2E403C5004BAC08D69053446FE23919TSTEXC-PROGSUBRESGITLABJENSTUDENT1
    23:48:50.576 | 463 ool-1-worker-227 | DEBUG | .s.ProgrammingExerciseGradingService : Received new build result (NEW) for participation 3981
    23:48:50.579 | 463 ool-1-worker-227 | WARN  | .s.ProgrammingExerciseGradingService : Could not find pending ProgrammingSubmission for Commit Hash 9b3a9bd71a0d80e5bbc42204c319ed3d1d4f0d6d (Participation 3981, Build Plan SHORTEDB6C2E403C5004BAC08D69053446FE23919TSTEXC-PROGSUBRESGITLABJENSTUDENT1). Will create a new one subsequently...
    23:48:50.580 | 463 ool-1-worker-227 | ERROR | .s.ProgrammingExerciseGradingService : Could not retrieve push date for participation 3981 and build plan SHORTEDB6C2E403C5004BAC08D69053446FE23919TSTEXC-PROGSUBRESGITLABJENSTUDENT1
de.tum.cit.aet.artemis.programming.service.gitlab.GitLabException: Could not find build queue date for participation 3981
	at de.tum.cit.aet.artemis.programming.service.gitlab.GitLabService.getPushDate(GitLabService.java:369)
	at de.tum.cit.aet.artemis.programming.service.gitlab.GitLabService.getPushDate(GitLabService.java:358)
	at de.tum.cit.aet.artemis.programming.service.ProgrammingExerciseGradingService.createAndSaveFallbackSubmission(ProgrammingExerciseGradingService.java:286)
	at de.tum.cit.aet.artemis.programming.service.ProgrammingExerciseGradingService.createAndSaveFallbackSubmission(ProgrammingExerciseGradingService.java:272)
	at de.tum.cit.aet.artemis.programming.service.ProgrammingExerciseGradingService.lambda$processNewProgrammingExerciseResult$0(ProgrammingExerciseGradingService.java:177)
	at java.base/java.util.Optional.orElseGet(Optional.java:364)
	at de.tum.cit.aet.artemis.programming.service.ProgrammingExerciseGradingService.processNewProgrammingExerciseResult(ProgrammingExerciseGradingService.java:177)
	at de.tum.cit.aet.artemis.programming.service.ProgrammingExerciseGradingService.processNewProgrammingExerciseResult(ProgrammingExerciseGradingService.java:156)
	at de.tum.cit.aet.artemis.assessment.web.open.PublicResultResource.processNewProgrammingExerciseResult(PublicResultResource.java:113)
	at java.base/jdk.internal.reflect.DirectMethodHandleAccessor.invoke(DirectMethodHandleAccessor.java:103)
	at java.base/java.lang.reflect.Method.invoke(Method.java:580)
	at org.springframework.aop.support.AopUtils.invokeJoinpointUsingReflection(AopUtils.java:359)
	at org.springframework.aop.framework.ReflectiveMethodInvocation.invokeJoinpoint(ReflectiveMethodInvocation.java:196)
	at org.springframework.aop.framework.ReflectiveMethodInvocation.proceed(ReflectiveMethodInvocation.java:163)
	at org.springframework.security.authorization.method.AuthorizationManagerBeforeMethodInterceptor.proceed(AuthorizationManagerBeforeMethodInterceptor.java:268)
	at org.springframework.security.authorization.method.AuthorizationManagerBeforeMethodInterceptor.attemptAuthorization(AuthorizationManagerBeforeMethodInterceptor.java:263)
	at org.springframework.security.authorization.method.AuthorizationManagerBeforeMethodInterceptor.invoke(AuthorizationManagerBeforeMethodInterceptor.java:196)
	at org.springframework.security.config.annotation.method.configuration.DeferringMethodInterceptor.invoke(DeferringMethodInterceptor.java:44)
	at org.springframework.aop.framework.ReflectiveMethodInvocation.proceed(ReflectiveMethodInvocation.java:184)
	at org.springframework.aop.framework.CglibAopProxy$DynamicAdvisedInterceptor.intercept(CglibAopProxy.java:727)
	at de.tum.cit.aet.artemis.assessment.web.open.PublicResultResource$$SpringCGLIB$$0.processNewProgrammingExerciseResult(<generated>)
	at java.base/jdk.internal.reflect.DirectMethodHandleAccessor.invoke(DirectMethodHandleAccessor.java:103)
	at java.base/java.lang.reflect.Method.invoke(Method.java:580)
	at org.springframework.web.method.support.InvocableHandlerMethod.doInvoke(InvocableHandlerMethod.java:257)
	at org.springframework.web.method.support.InvocableHandlerMethod.invokeForRequest(InvocableHandlerMethod.java:190)
	at org.springframework.web.servlet.mvc.method.annotation.ServletInvocableHandlerMethod.invokeAndHandle(ServletInvocableHandlerMethod.java:118)
	at org.springframework.web.servlet.mvc.method.annotation.RequestMappingHandlerAdapter.invokeHandlerMethod(RequestMappingHandlerAdapter.java:986)
	at org.springframework.web.servlet.mvc.method.annotation.RequestMappingHandlerAdapter.handleInternal(RequestMappingHandlerAdapter.java:891)
	at org.springframework.web.servlet.mvc.method.AbstractHandlerMethodAdapter.handle(AbstractHandlerMethodAdapter.java:87)
	at org.springframework.web.servlet.DispatcherServlet.doDispatch(DispatcherServlet.java:1088)
	at org.springframework.web.servlet.DispatcherServlet.doService(DispatcherServlet.java:978)
	at org.springframework.web.servlet.FrameworkServlet.processRequest(FrameworkServlet.java:1014)
	at org.springframework.web.servlet.FrameworkServlet.doPost(FrameworkServlet.java:914)
	at jakarta.servlet.http.HttpServlet.service(HttpServlet.java:547)
	at org.springframework.web.servlet.FrameworkServlet.service(FrameworkServlet.java:885)
	at org.springframework.test.web.servlet.TestDispatcherServlet.service(TestDispatcherServlet.java:72)
	at jakarta.servlet.http.HttpServlet.service(HttpServlet.java:614)
	at org.springframework.mock.web.MockFilterChain$ServletFilterProxy.doFilter(MockFilterChain.java:165)
	at org.springframework.mock.web.MockFilterChain.doFilter(MockFilterChain.java:132)
	at org.springframework.web.filter.OncePerRequestFilter.doFilter(OncePerRequestFilter.java:110)
	at org.springframework.test.web.servlet.setup.MockMvcFilterDecorator.doFilter(MockMvcFilterDecorator.java:162)
	at org.springframework.mock.web.MockFilterChain.doFilter(MockFilterChain.java:132)
	at de.tum.cit.aet.artemis.core.security.filter.ApiVersionFilter.doFilter(ApiVersionFilter.java:55)
	at org.springframework.test.web.servlet.setup.MockMvcFilterDecorator.doFilter(MockMvcFilterDecorator.java:162)
	at org.springframework.mock.web.MockFilterChain.doFilter(MockFilterChain.java:132)
	at io.sentry.spring.jakarta.SentryUserFilter.doFilterInternal(SentryUserFilter.java:56)
	at org.springframework.web.filter.OncePerRequestFilter.doFilter(OncePerRequestFilter.java:116)
	at org.springframework.test.web.servlet.setup.MockMvcFilterDecorator.doFilter(MockMvcFilterDecorator.java:162)
	at org.springframework.mock.web.MockFilterChain.doFilter(MockFilterChain.java:132)
	at org.springframework.web.filter.CompositeFilter$VirtualFilterChain.doFilter(CompositeFilter.java:108)
	at org.springframework.security.web.FilterChainProxy.lambda$doFilterInternal$3(FilterChainProxy.java:231)
	at org.springframework.security.web.ObservationFilterChainDecorator$FilterObservation$SimpleFilterObservation.lambda$wrap$1(ObservationFilterChainDecorator.java:479)
	at org.springframework.security.web.ObservationFilterChainDecorator$AroundFilterObservation$SimpleAroundFilterObservation.lambda$wrap$1(ObservationFilterChainDecorator.java:340)
	at org.springframework.security.web.ObservationFilterChainDecorator.lambda$wrapSecured$0(ObservationFilterChainDecorator.java:82)
	at org.springframework.security.web.ObservationFilterChainDecorator$VirtualFilterChain.doFilter(ObservationFilterChainDecorator.java:128)
	at org.springframework.security.web.access.intercept.AuthorizationFilter.doFilter(AuthorizationFilter.java:101)
	at org.springframework.security.web.ObservationFilterChainDecorator$ObservationFilter.wrapFilter(ObservationFilterChainDecorator.java:240)
	at org.springframework.security.web.ObservationFilterChainDecorator$ObservationFilter.doFilter(ObservationFilterChainDecorator.java:227)
	at org.springframework.security.web.ObservationFilterChainDecorator$VirtualFilterChain.doFilter(ObservationFilterChainDecorator.java:137)
	at org.springframework.security.web.access.ExceptionTranslationFilter.doFilter(ExceptionTranslationFilter.java:126)
	at org.springframework.security.web.access.ExceptionTranslationFilter.doFilter(ExceptionTranslationFilter.java:120)
	at org.springframework.security.web.ObservationFilterChainDecorator$ObservationFilter.wrapFilter(ObservationFilterChainDecorator.java:240)
	at org.springframework.security.web.ObservationFilterChainDecorator$ObservationFilter.doFilter(ObservationFilterChainDecorator.java:227)
	at org.springframework.security.web.ObservationFilterChainDecorator$VirtualFilterChain.doFilter(ObservationFilterChainDecorator.java:137)
	at org.springframework.security.web.session.SessionManagementFilter.doFilter(SessionManagementFilter.java:131)
	at org.springframework.security.web.session.SessionManagementFilter.doFilter(SessionManagementFilter.java:85)
	at org.springframework.security.web.ObservationFilterChainDecorator$ObservationFilter.wrapFilter(ObservationFilterChainDecorator.java:240)
	at org.springframework.security.web.ObservationFilterChainDecorator$ObservationFilter.doFilter(ObservationFilterChainDecorator.java:227)
	at org.springframework.security.web.ObservationFilterChainDecorator$VirtualFilterChain.doFilter(ObservationFilterChainDecorator.java:137)
	at org.springframework.security.web.authentication.AnonymousAuthenticationFilter.doFilter(AnonymousAuthenticationFilter.java:100)
	at org.springframework.security.web.ObservationFilterChainDecorator$ObservationFilter.wrapFilter(ObservationFilterChainDecorator.java:240)
	at org.springframework.security.web.ObservationFilterChainDecorator$ObservationFilter.doFilter(ObservationFilterChainDecorator.java:227)
	at org.springframework.security.web.ObservationFilterChainDecorator$VirtualFilterChain.doFilter(ObservationFilterChainDecorator.java:137)
	at org.springframework.security.web.servletapi.SecurityContextHolderAwareRequestFilter.doFilter(SecurityContextHolderAwareRequestFilter.java:179)
	at org.springframework.security.web.ObservationFilterChainDecorator$ObservationFilter.wrapFilter(ObservationFilterChainDecorator.java:240)
	at org.springframework.security.web.ObservationFilterChainDecorator$ObservationFilter.doFilter(ObservationFilterChainDecorator.java:227)
	at org.springframework.security.web.ObservationFilterChainDecorator$VirtualFilterChain.doFilter(ObservationFilterChainDecorator.java:137)
	at org.springframework.security.web.savedrequest.RequestCacheAwareFilter.doFilter(RequestCacheAwareFilter.java:63)
	at org.springframework.security.web.ObservationFilterChainDecorator$ObservationFilter.wrapFilter(ObservationFilterChainDecorator.java:240)
	at org.springframework.security.web.ObservationFilterChainDecorator$ObservationFilter.doFilter(ObservationFilterChainDecorator.java:227)
	at org.springframework.security.web.ObservationFilterChainDecorator$VirtualFilterChain.doFilter(ObservationFilterChainDecorator.java:137)
	at de.tum.cit.aet.artemis.core.security.filter.SpaWebFilter.doFilterInternal(SpaWebFilter.java:23)
	at org.springframework.web.filter.OncePerRequestFilter.doFilter(OncePerRequestFilter.java:116)
	at org.springframework.security.web.ObservationFilterChainDecorator$ObservationFilter.wrapFilter(ObservationFilterChainDecorator.java:240)
	at org.springframework.security.web.ObservationFilterChainDecorator$ObservationFilter.doFilter(ObservationFilterChainDecorator.java:227)
	at org.springframework.security.web.ObservationFilterChainDecorator$VirtualFilterChain.doFilter(ObservationFilterChainDecorator.java:137)
	at org.springframework.web.filter.OncePerRequestFilter.doFilter(OncePerRequestFilter.java:110)
	at org.springframework.security.web.ObservationFilterChainDecorator$ObservationFilter.wrapFilter(ObservationFilterChainDecorator.java:240)
	at org.springframework.security.web.ObservationFilterChainDecorator$ObservationFilter.doFilter(ObservationFilterChainDecorator.java:227)
	at org.springframework.security.web.ObservationFilterChainDecorator$VirtualFilterChain.doFilter(ObservationFilterChainDecorator.java:137)
	at de.tum.cit.aet.artemis.lti.config.Lti13LaunchFilter.doFilterInternal(Lti13LaunchFilter.java:60)
	at org.springframework.web.filter.OncePerRequestFilter.doFilter(OncePerRequestFilter.java:116)
	at org.springframework.security.web.ObservationFilterChainDecorator$ObservationFilter.wrapFilter(ObservationFilterChainDecorator.java:240)
	at org.springframework.security.web.ObservationFilterChainDecorator$ObservationFilter.doFilter(ObservationFilterChainDecorator.java:227)
	at org.springframework.security.web.ObservationFilterChainDecorator$VirtualFilterChain.doFilter(ObservationFilterChainDecorator.java:137)
	at de.tum.cit.aet.artemis.core.security.jwt.JWTFilter.doFilter(JWTFilter.java:55)
	at org.springframework.security.web.ObservationFilterChainDecorator$ObservationFilter.wrapFilter(ObservationFilterChainDecorator.java:240)
	at org.springframework.security.web.ObservationFilterChainDecorator$ObservationFilter.doFilter(ObservationFilterChainDecorator.java:227)
	at org.springframework.security.web.ObservationFilterChainDecorator$VirtualFilterChain.doFilter(ObservationFilterChainDecorator.java:137)
	at de.tum.cit.aet.artemis.core.security.jwt.JWTFilter.doFilter(JWTFilter.java:55)
	at org.springframework.security.web.ObservationFilterChainDecorator$ObservationFilter.wrapFilter(ObservationFilterChainDecorator.java:240)
	at org.springframework.security.web.ObservationFilterChainDecorator$ObservationFilter.doFilter(ObservationFilterChainDecorator.java:227)
	at org.springframework.security.web.ObservationFilterChainDecorator$VirtualFilterChain.doFilter(ObservationFilterChainDecorator.java:137)
	at org.springframework.web.filter.CorsFilter.doFilterInternal(CorsFilter.java:91)
	at org.springframework.web.filter.OncePerRequestFilter.doFilter(OncePerRequestFilter.java:116)
	at org.springframework.security.web.ObservationFilterChainDecorator$ObservationFilter.wrapFilter(ObservationFilterChainDecorator.java:240)
	at org.springframework.security.web.ObservationFilterChainDecorator$ObservationFilter.doFilter(ObservationFilterChainDecorator.java:227)
	at org.springframework.security.web.ObservationFilterChainDecorator$VirtualFilterChain.doFilter(ObservationFilterChainDecorator.java:137)
	at org.springframework.web.filter.OncePerRequestFilter.doFilter(OncePerRequestFilter.java:110)
	at org.springframework.security.web.ObservationFilterChainDecorator$ObservationFilter.wrapFilter(ObservationFilterChainDecorator.java:240)
	at org.springframework.security.web.ObservationFilterChainDecorator$ObservationFilter.doFilter(ObservationFilterChainDecorator.java:227)
	at org.springframework.security.web.ObservationFilterChainDecorator$VirtualFilterChain.doFilter(ObservationFilterChainDecorator.java:137)
	at uk.ac.ox.ctl.lti13.security.oauth2.client.lti.web.OAuth2AuthorizationRequestRedirectFilter.doFilterInternal(OAuth2AuthorizationRequestRedirectFilter.java:142)
	at org.springframework.web.filter.OncePerRequestFilter.doFilter(OncePerRequestFilter.java:116)
	at org.springframework.security.web.ObservationFilterChainDecorator$ObservationFilter.wrapFilter(ObservationFilterChainDecorator.java:240)
	at org.springframework.security.web.ObservationFilterChainDecorator$ObservationFilter.doFilter(ObservationFilterChainDecorator.java:227)
	at org.springframework.security.web.ObservationFilterChainDecorator$VirtualFilterChain.doFilter(ObservationFilterChainDecorator.java:137)
	at org.springframework.security.web.authentication.logout.LogoutFilter.doFilter(LogoutFilter.java:107)
	at org.springframework.security.web.authentication.logout.LogoutFilter.doFilter(LogoutFilter.java:93)
	at org.springframework.security.web.ObservationFilterChainDecorator$ObservationFilter.wrapFilter(ObservationFilterChainDecorator.java:240)
	at org.springframework.security.web.ObservationFilterChainDecorator$ObservationFilter.doFilter(ObservationFilterChainDecorator.java:227)
	at org.springframework.security.web.ObservationFilterChainDecorator$VirtualFilterChain.doFilter(ObservationFilterChainDecorator.java:137)
	at org.springframework.security.web.header.HeaderWriterFilter.doHeadersAfter(HeaderWriterFilter.java:90)
	at org.springframework.security.web.header.HeaderWriterFilter.doFilterInternal(HeaderWriterFilter.java:75)
	at org.springframework.web.filter.OncePerRequestFilter.doFilter(OncePerRequestFilter.java:116)
	at org.springframework.security.web.ObservationFilterChainDecorator$ObservationFilter.wrapFilter(ObservationFilterChainDecorator.java:240)
	at org.springframework.security.web.ObservationFilterChainDecorator$ObservationFilter.doFilter(ObservationFilterChainDecorator.java:227)
	at org.springframework.security.web.ObservationFilterChainDecorator$VirtualFilterChain.doFilter(ObservationFilterChainDecorator.java:137)
	at org.springframework.security.web.context.SecurityContextHolderFilter.doFilter(SecurityContextHolderFilter.java:82)
	at org.springframework.security.web.context.SecurityContextHolderFilter.doFilter(SecurityContextHolderFilter.java:69)
	at org.springframework.security.web.ObservationFilterChainDecorator$ObservationFilter.wrapFilter(ObservationFilterChainDecorator.java:240)
	at org.springframework.security.web.ObservationFilterChainDecorator$ObservationFilter.doFilter(ObservationFilterChainDecorator.java:227)
	at org.springframework.security.web.ObservationFilterChainDecorator$VirtualFilterChain.doFilter(ObservationFilterChainDecorator.java:137)
	at org.springframework.security.web.context.request.async.WebAsyncManagerIntegrationFilter.doFilterInternal(WebAsyncManagerIntegrationFilter.java:62)
	at org.springframework.web.filter.OncePerRequestFilter.doFilter(OncePerRequestFilter.java:116)
	at org.springframework.security.web.ObservationFilterChainDecorator$ObservationFilter.wrapFilter(ObservationFilterChainDecorator.java:240)
	at org.springframework.security.web.ObservationFilterChainDecorator$ObservationFilter.doFilter(ObservationFilterChainDecorator.java:227)
	at org.springframework.security.web.ObservationFilterChainDecorator$VirtualFilterChain.doFilter(ObservationFilterChainDecorator.java:137)
	at org.springframework.security.web.session.DisableEncodeUrlFilter.doFilterInternal(DisableEncodeUrlFilter.java:42)
	at org.springframework.web.filter.OncePerRequestFilter.doFilter(OncePerRequestFilter.java:116)
	at org.springframework.security.web.ObservationFilterChainDecorator$ObservationFilter.wrapFilter(ObservationFilterChainDecorator.java:240)
	at org.springframework.security.web.ObservationFilterChainDecorator$AroundFilterObservation$SimpleAroundFilterObservation.lambda$wrap$0(ObservationFilterChainDecorator.java:323)
	at org.springframework.security.web.ObservationFilterChainDecorator$ObservationFilter.doFilter(ObservationFilterChainDecorator.java:224)
	at org.springframework.security.web.ObservationFilterChainDecorator$VirtualFilterChain.doFilter(ObservationFilterChainDecorator.java:137)
	at org.springframework.security.web.FilterChainProxy.doFilterInternal(FilterChainProxy.java:233)
	at org.springframework.security.web.FilterChainProxy.doFilter(FilterChainProxy.java:191)
	at org.springframework.web.filter.CompositeFilter$VirtualFilterChain.doFilter(CompositeFilter.java:113)
	at org.springframework.web.servlet.handler.HandlerMappingIntrospector.lambda$createCacheFilter$3(HandlerMappingIntrospector.java:243)
	at org.springframework.web.filter.CompositeFilter$VirtualFilterChain.doFilter(CompositeFilter.java:113)
	at org.springframework.web.filter.CompositeFilter.doFilter(CompositeFilter.java:74)
	at org.springframework.security.config.annotation.web.configuration.WebMvcSecurityConfiguration$CompositeFilterChainProxy.doFilter(WebMvcSecurityConfiguration.java:238)
	at org.springframework.web.filter.DelegatingFilterProxy.invokeDelegate(DelegatingFilterProxy.java:362)
	at org.springframework.web.filter.DelegatingFilterProxy.doFilter(DelegatingFilterProxy.java:278)
	at org.springframework.test.web.servlet.setup.MockMvcFilterDecorator.doFilter(MockMvcFilterDecorator.java:162)
	at org.springframework.mock.web.MockFilterChain.doFilter(MockFilterChain.java:132)
	at org.springframework.web.filter.RequestContextFilter.doFilterInternal(RequestContextFilter.java:100)
	at org.springframework.web.filter.OncePerRequestFilter.doFilter(OncePerRequestFilter.java:116)
	at org.springframework.test.web.servlet.setup.MockMvcFilterDecorator.doFilter(MockMvcFilterDecorator.java:162)
	at org.springframework.mock.web.MockFilterChain.doFilter(MockFilterChain.java:132)
	at org.springframework.web.filter.FormContentFilter.doFilterInternal(FormContentFilter.java:93)
	at org.springframework.web.filter.OncePerRequestFilter.doFilter(OncePerRequestFilter.java:116)
	at org.springframework.test.web.servlet.setup.MockMvcFilterDecorator.doFilter(MockMvcFilterDecorator.java:162)
	at org.springframework.mock.web.MockFilterChain.doFilter(MockFilterChain.java:132)
	at org.springframework.web.filter.ServerHttpObservationFilter.doFilterInternal(ServerHttpObservationFilter.java:114)
	at org.springframework.web.filter.OncePerRequestFilter.doFilter(OncePerRequestFilter.java:116)
	at org.springframework.test.web.servlet.setup.MockMvcFilterDecorator.doFilter(MockMvcFilterDecorator.java:162)
	at org.springframework.mock.web.MockFilterChain.doFilter(MockFilterChain.java:132)
	at io.sentry.spring.jakarta.tracing.SentryTracingFilter.doFilterInternal(SentryTracingFilter.java:91)
	at org.springframework.web.filter.OncePerRequestFilter.doFilter(OncePerRequestFilter.java:116)
	at org.springframework.test.web.servlet.setup.MockMvcFilterDecorator.doFilter(MockMvcFilterDecorator.java:162)
	at org.springframework.mock.web.MockFilterChain.doFilter(MockFilterChain.java:132)
	at org.springframework.web.filter.CharacterEncodingFilter.doFilterInternal(CharacterEncodingFilter.java:201)
	at org.springframework.web.filter.OncePerRequestFilter.doFilter(OncePerRequestFilter.java:116)
	at org.springframework.test.web.servlet.setup.MockMvcFilterDecorator.doFilter(MockMvcFilterDecorator.java:162)
	at org.springframework.mock.web.MockFilterChain.doFilter(MockFilterChain.java:132)
	at io.sentry.spring.jakarta.SentrySpringFilter.doFilterInternal(SentrySpringFilter.java:76)
	at org.springframework.web.filter.OncePerRequestFilter.doFilter(OncePerRequestFilter.java:116)
	at org.springframework.test.web.servlet.setup.MockMvcFilterDecorator.doFilter(MockMvcFilterDecorator.java:162)
	at org.springframework.mock.web.MockFilterChain.doFilter(MockFilterChain.java:132)
	at org.springframework.test.web.servlet.MockMvc.perform(MockMvc.java:201)
	at de.tum.cit.aet.artemis.core.util.RequestUtilService.performMvcRequest(RequestUtilService.java:79)
	at de.tum.cit.aet.artemis.core.util.RequestUtilService.postWithoutLocation(RequestUtilService.java:213)
	at de.tum.cit.aet.artemis.core.util.RequestUtilService.postWithoutLocation(RequestUtilService.java:199)
	at de.tum.cit.aet.artemis.programming.ProgrammingSubmissionAndResultGitlabJenkinsIntegrationTest.postResult(ProgrammingSubmissionAndResultGitlabJenkinsIntegrationTest.java:413)
	at de.tum.cit.aet.artemis.programming.ProgrammingSubmissionAndResultGitlabJenkinsIntegrationTest.shouldSaveBuildLogsOnStudentParticipationWithoutSubmissionNorResult(ProgrammingSubmissionAndResultGitlabJenkinsIntegrationTest.java:338)
	at java.base/jdk.internal.reflect.DirectMethodHandleAccessor.invoke(DirectMethodHandleAccessor.java:103)
	at java.base/java.lang.reflect.Method.invoke(Method.java:580)
	at org.junit.platform.commons.util.ReflectionUtils.invokeMethod(ReflectionUtils.java:767)
	at org.junit.jupiter.engine.execution.MethodInvocation.proceed(MethodInvocation.java:60)
	at org.junit.jupiter.engine.execution.InvocationInterceptorChain$ValidatingInvocation.proceed(InvocationInterceptorChain.java:131)
	at org.junit.jupiter.engine.extension.TimeoutExtension.intercept(TimeoutExtension.java:156)
	at org.junit.jupiter.engine.extension.TimeoutExtension.interceptTestableMethod(TimeoutExtension.java:147)
	at org.junit.jupiter.engine.extension.TimeoutExtension.interceptTestTemplateMethod(TimeoutExtension.java:94)
	at org.junit.jupiter.engine.execution.InterceptingExecutableInvoker$ReflectiveInterceptorCall.lambda$ofVoidMethod$0(InterceptingExecutableInvoker.java:103)
	at org.junit.jupiter.engine.execution.InterceptingExecutableInvoker.lambda$invoke$0(InterceptingExecutableInvoker.java:93)
	at org.junit.jupiter.engine.execution.InvocationInterceptorChain$InterceptedInvocation.proceed(InvocationInterceptorChain.java:106)
	at org.junit.jupiter.engine.execution.InvocationInterceptorChain.proceed(InvocationInterceptorChain.java:64)
	at org.junit.jupiter.engine.execution.InvocationInterceptorChain.chainAndInvoke(InvocationInterceptorChain.java:45)
	at org.junit.jupiter.engine.execution.InvocationInterceptorChain.invoke(InvocationInterceptorChain.java:37)
	at org.junit.jupiter.engine.execution.InterceptingExecutableInvoker.invoke(InterceptingExecutableInvoker.java:92)
	at org.junit.jupiter.engine.execution.InterceptingExecutableInvoker.invoke(InterceptingExecutableInvoker.java:86)
	at org.junit.jupiter.engine.descriptor.TestMethodTestDescriptor.lambda$invokeTestMethod$8(TestMethodTestDescriptor.java:217)
	at org.junit.platform.engine.support.hierarchical.ThrowableCollector.execute(ThrowableCollector.java:73)
	at org.junit.jupiter.engine.descriptor.TestMethodTestDescriptor.invokeTestMethod(TestMethodTestDescriptor.java:213)
	at org.junit.jupiter.engine.descriptor.TestMethodTestDescriptor.execute(TestMethodTestDescriptor.java:138)
	at org.junit.jupiter.engine.descriptor.TestMethodTestDescriptor.execute(TestMethodTestDescriptor.java:68)
	at org.junit.platform.engine.support.hierarchical.NodeTestTask.lambda$executeRecursively$6(NodeTestTask.java:156)
	at org.junit.platform.engine.support.hierarchical.ThrowableCollector.execute(ThrowableCollector.java:73)
	at org.junit.platform.engine.support.hierarchical.NodeTestTask.lambda$executeRecursively$8(NodeTestTask.java:146)
	at org.junit.platform.engine.support.hierarchical.Node.around(Node.java:137)
	at org.junit.platform.engine.support.hierarchical.NodeTestTask.lambda$executeRecursively$9(NodeTestTask.java:144)
	at org.junit.platform.engine.support.hierarchical.ThrowableCollector.execute(ThrowableCollector.java:73)
	at org.junit.platform.engine.support.hierarchical.NodeTestTask.executeRecursively(NodeTestTask.java:143)
	at org.junit.platform.engine.support.hierarchical.NodeTestTask.execute(NodeTestTask.java:100)
	at org.junit.platform.engine.support.hierarchical.ForkJoinPoolHierarchicalTestExecutorService$ExclusiveTask.exec(ForkJoinPoolHierarchicalTestExecutorService.java:274)
	at org.junit.platform.engine.support.hierarchical.ForkJoinPoolHierarchicalTestExecutorService$ExclusiveTask.execSync(ForkJoinPoolHierarchicalTestExecutorService.java:247)
	at org.junit.platform.engine.support.hierarchical.ForkJoinPoolHierarchicalTestExecutorService.submit(ForkJoinPoolHierarchicalTestExecutorService.java:148)
	at org.junit.platform.engine.support.hierarchical.NodeTestTask$DefaultDynamicTestExecutor.execute(NodeTestTask.java:231)
	at org.junit.platform.engine.support.hierarchical.NodeTestTask$DefaultDynamicTestExecutor.execute(NodeTestTask.java:209)
	at org.junit.jupiter.engine.descriptor.TestTemplateTestDescriptor.execute(TestTemplateTestDescriptor.java:141)
	at org.junit.jupiter.engine.descriptor.TestTemplateTestDescriptor.lambda$execute$3(TestTemplateTestDescriptor.java:109)
	at java.base/java.util.stream.ForEachOps$ForEachOp$OfRef.accept(ForEachOps.java:184)
	at java.base/java.util.stream.ReferencePipeline$3$1.accept(ReferencePipeline.java:197)
	at java.base/java.util.stream.ReferencePipeline$2$1.accept(ReferencePipeline.java:179)
	at java.base/java.util.stream.ReferencePipeline$3$1.accept(ReferencePipeline.java:197)
	at java.base/java.util.stream.ForEachOps$ForEachOp$OfRef.accept(ForEachOps.java:184)
	at java.base/java.util.stream.ReferencePipeline$3$1.accept(ReferencePipeline.java:197)
	at java.base/java.util.stream.ForEachOps$ForEachOp$OfRef.accept(ForEachOps.java:184)
	at java.base/java.util.stream.ForEachOps$ForEachOp$OfRef.accept(ForEachOps.java:184)
	at java.base/java.util.stream.ReferencePipeline$3$1.accept(ReferencePipeline.java:197)
	at java.base/java.util.stream.ForEachOps$ForEachOp$OfRef.accept(ForEachOps.java:184)
	at java.base/java.util.Spliterators$ArraySpliterator.forEachRemaining(Spliterators.java:1024)
	at java.base/java.util.stream.ReferencePipeline$Head.forEach(ReferencePipeline.java:762)
	at java.base/java.util.stream.ReferencePipeline$7$1.accept(ReferencePipeline.java:276)
	at java.base/java.util.Iterator.forEachRemaining(Iterator.java:133)
	at java.base/java.util.Spliterators$IteratorSpliterator.forEachRemaining(Spliterators.java:1939)
	at java.base/java.util.stream.AbstractPipeline.copyInto(AbstractPipeline.java:509)
	at java.base/java.util.stream.AbstractPipeline.wrapAndCopyInto(AbstractPipeline.java:499)
	at java.base/java.util.stream.ForEachOps$ForEachOp.evaluateSequential(ForEachOps.java:151)
	at java.base/java.util.stream.ForEachOps$ForEachOp$OfRef.evaluateSequential(ForEachOps.java:174)
	at java.base/java.util.stream.AbstractPipeline.evaluate(AbstractPipeline.java:234)
	at java.base/java.util.stream.ReferencePipeline.forEach(ReferencePipeline.java:596)
	at java.base/java.util.stream.ReferencePipeline$7$1.accept(ReferencePipeline.java:276)
	at java.base/java.util.stream.ReferencePipeline$3$1.accept(ReferencePipeline.java:197)
	at java.base/java.util.stream.ReferencePipeline$3$1.accept(ReferencePipeline.java:197)
	at java.base/java.util.stream.ReferencePipeline$3$1.accept(ReferencePipeline.java:197)
	at java.base/java.util.Spliterators$ArraySpliterator.forEachRemaining(Spliterators.java:1024)
	at java.base/java.util.stream.AbstractPipeline.copyInto(AbstractPipeline.java:509)
	at java.base/java.util.stream.AbstractPipeline.wrapAndCopyInto(AbstractPipeline.java:499)
	at java.base/java.util.stream.ForEachOps$ForEachOp.evaluateSequential(ForEachOps.java:151)
	at java.base/java.util.stream.ForEachOps$ForEachOp$OfRef.evaluateSequential(ForEachOps.java:174)
	at java.base/java.util.stream.AbstractPipeline.evaluate(AbstractPipeline.java:234)
	at java.base/java.util.stream.ReferencePipeline.forEach(ReferencePipeline.java:596)
	at java.base/java.util.stream.ReferencePipeline$7$1.accept(ReferencePipeline.java:276)
	at java.base/java.util.ArrayList$ArrayListSpliterator.forEachRemaining(ArrayList.java:1708)
	at java.base/java.util.stream.AbstractPipeline.copyInto(AbstractPipeline.java:509)
	at java.base/java.util.stream.AbstractPipeline.wrapAndCopyInto(AbstractPipeline.java:499)
	at java.base/java.util.stream.ForEachOps$ForEachOp.evaluateSequential(ForEachOps.java:151)
	at java.base/java.util.stream.ForEachOps$ForEachOp$OfRef.evaluateSequential(ForEachOps.java:174)
	at java.base/java.util.stream.AbstractPipeline.evaluate(AbstractPipeline.java:234)
	at java.base/java.util.stream.ReferencePipeline.forEach(ReferencePipeline.java:596)
	at java.base/java.util.stream.ReferencePipeline$7$1.accept(ReferencePipeline.java:276)
	at java.base/java.util.stream.ReferencePipeline$3$1.accept(ReferencePipeline.java:197)
	at java.base/java.util.stream.ReferencePipeline$3$1.accept(ReferencePipeline.java:197)
	at java.base/java.util.stream.ReferencePipeline$3$1.accept(ReferencePipeline.java:197)
	at java.base/java.util.ArrayList$ArrayListSpliterator.forEachRemaining(ArrayList.java:1708)
	at java.base/java.util.stream.AbstractPipeline.copyInto(AbstractPipeline.java:509)
	at java.base/java.util.stream.AbstractPipeline.wrapAndCopyInto(AbstractPipeline.java:499)
	at java.base/java.util.stream.ForEachOps$ForEachOp.evaluateSequential(ForEachOps.java:151)
	at java.base/java.util.stream.ForEachOps$ForEachOp$OfRef.evaluateSequential(ForEachOps.java:174)
	at java.base/java.util.stream.AbstractPipeline.evaluate(AbstractPipeline.java:234)
	at java.base/java.util.stream.ReferencePipeline.forEach(ReferencePipeline.java:596)
	at java.base/java.util.stream.ReferencePipeline$7$1.accept(ReferencePipeline.java:276)
	at java.base/java.util.ArrayList$ArrayListSpliterator.forEachRemaining(ArrayList.java:1708)
	at java.base/java.util.stream.AbstractPipeline.copyInto(AbstractPipeline.java:509)
	at java.base/java.util.stream.AbstractPipeline.wrapAndCopyInto(AbstractPipeline.java:499)
	at java.base/java.util.stream.ForEachOps$ForEachOp.evaluateSequential(ForEachOps.java:151)
	at java.base/java.util.stream.ForEachOps$ForEachOp$OfRef.evaluateSequential(ForEachOps.java:174)
	at java.base/java.util.stream.AbstractPipeline.evaluate(AbstractPipeline.java:234)
	at java.base/java.util.stream.ReferencePipeline.forEach(ReferencePipeline.java:596)
	at org.junit.jupiter.engine.descriptor.TestTemplateTestDescriptor.execute(TestTemplateTestDescriptor.java:109)
	at org.junit.jupiter.engine.descriptor.TestTemplateTestDescriptor.execute(TestTemplateTestDescriptor.java:43)
	at org.junit.platform.engine.support.hierarchical.NodeTestTask.lambda$executeRecursively$6(NodeTestTask.java:156)
	at org.junit.platform.engine.support.hierarchical.ThrowableCollector.execute(ThrowableCollector.java:73)
	at org.junit.platform.engine.support.hierarchical.NodeTestTask.lambda$executeRecursively$8(NodeTestTask.java:146)
	at org.junit.platform.engine.support.hierarchical.Node.around(Node.java:137)
	at org.junit.platform.engine.support.hierarchical.NodeTestTask.lambda$executeRecursively$9(NodeTestTask.java:144)
	at org.junit.platform.engine.support.hierarchical.ThrowableCollector.execute(ThrowableCollector.java:73)
	at org.junit.platform.engine.support.hierarchical.NodeTestTask.executeRecursively(NodeTestTask.java:143)
	at org.junit.platform.engine.support.hierarchical.NodeTestTask.execute(NodeTestTask.java:100)
	at org.junit.platform.engine.support.hierarchical.ForkJoinPoolHierarchicalTestExecutorService$ExclusiveTask.exec(ForkJoinPoolHierarchicalTestExecutorService.java:274)
	at org.junit.platform.engine.support.hierarchical.ForkJoinPoolHierarchicalTestExecutorService$ExclusiveTask.execSync(ForkJoinPoolHierarchicalTestExecutorService.java:247)
	at org.junit.platform.engine.support.hierarchical.ForkJoinPoolHierarchicalTestExecutorService.executeSync(ForkJoinPoolHierarchicalTestExecutorService.java:194)
	at org.junit.platform.engine.support.hierarchical.ForkJoinPoolHierarchicalTestExecutorService.invokeAll(ForkJoinPoolHierarchicalTestExecutorService.java:166)
	at org.junit.platform.engine.support.hierarchical.NodeTestTask.lambda$executeRecursively$6(NodeTestTask.java:160)
	at org.junit.platform.engine.support.hierarchical.ThrowableCollector.execute(ThrowableCollector.java:73)
	at org.junit.platform.engine.support.hierarchical.NodeTestTask.lambda$executeRecursively$8(NodeTestTask.java:146)
	at org.junit.platform.engine.support.hierarchical.Node.around(Node.java:137)
	at org.junit.platform.engine.support.hierarchical.NodeTestTask.lambda$executeRecursively$9(NodeTestTask.java:144)
	at org.junit.platform.engine.support.hierarchical.ThrowableCollector.execute(ThrowableCollector.java:73)
	at org.junit.platform.engine.support.hierarchical.NodeTestTask.executeRecursively(NodeTestTask.java:143)
	at org.junit.platform.engine.support.hierarchical.NodeTestTask.execute(NodeTestTask.java:100)
	at org.junit.platform.engine.support.hierarchical.ForkJoinPoolHierarchicalTestExecutorService$ExclusiveTask.exec(ForkJoinPoolHierarchicalTestExecutorService.java:274)
	at java.base/java.util.concurrent.ForkJoinTask.doExec(ForkJoinTask.java:387)
	at java.base/java.util.concurrent.ForkJoinPool$WorkQueue.topLevelExec(ForkJoinPool.java:1312)
	at java.base/java.util.concurrent.ForkJoinPool.scan(ForkJoinPool.java:1843)
	at java.base/java.util.concurrent.ForkJoinPool.runWorker(ForkJoinPool.java:1808)
	at java.base/java.util.concurrent.ForkJoinWorkerThread.run(ForkJoinWorkerThread.java:188)
    23:48:50.595 | 463 ool-1-worker-227 | DEBUG | .c.s.m.InstanceMessageReceiveService : Received schedule participant score for exercise 3226 and participant 773 (result to be deleted: null)
    23:48:50.596 | 463 ool-1-worker-227 | DEBUG | .a.s.ParticipantScoreScheduleService : Scheduled task for exercise 3226 and participant 773 at 2025-02-14T23:48:50.695998249Z[Etc/UTC].
    23:48:50.596 | 463 ool-1-worker-227 | DEBUG | .a.a.p.s.ProgrammingMessagingService : Send result to client over websocket. Result: Result{id782, completionDate=2025-02-14T23:48:50.569895700Z, successful=false, score=0.0, rated=true, assessmentType=AUTOMATIC, hasComplaint=null, testCaseCount=0, passedTestCaseCount=0, codeIssueCount=0}, Submission: ProgrammingSubmission{commitHash='9b3a9bd71a0d80e5bbc42204c319ed3d1d4f0d6d', buildFailed=true, buildArtifact=false, type=MANUAL}, Participation: ProgrammingExerciseStudentParticipation{id=3981, repositoryUri='https://version-control.fake.fake/git/SHORTEDB6C2E403C5004BAC08D69053446FE23919TSTEXC/shortedb6c2e403c5004bac08d69053446fe23919tstexc-progsubresgitlabjenstudent1.git', buildPlanId='SHORTEDB6C2E403C5004BAC08D69053446FE23919TSTEXC-PROGSUBRESGITLABJENSTUDENT1', initializationState='INITIALIZED', initializationDate='2025-02-14T23:48:50.568137Z', individualDueDate=null', presentationScore=null}
    23:48:50.599 | 463 ool-1-worker-227 | INFO  | d.t.c.a.a.a.w.o.PublicResultResource : The new result for SHORTEDB6C2E403C5004BAC08D69053446FE23919TSTEXC-PROGSUBRESGITLABJENSTUDENT1 was saved successfully
    23:48:50.602 | 463 ool-1-worker-227 | DEBUG | d.t.c.a.a.c.s.f.ApiVersionFilter     : Adding Version to Request GET /api/repository/3981/buildlogs
    23:48:50.602 | 463 ool-1-worker-227 | DEBUG | rammingExerciseParticipationResource : REST request to get build log : 3981

  Starting logs for ProgrammingSubmissionAndResultGitlabJenkinsIntegrationTest > shouldSaveBuildLogsOnStudentParticipationWithoutSubmissionNorResult(ProgrammingLanguage, boolean) [14] programmingLanguage=C_PLUS_PLUS, enableStaticCodeAnalysis=false
    23:48:50.614 | 463 ool-1-worker-227 | DEBUG | d.t.c.a.a.c.u.util.UserUtilService   : Generate 3 students...
    23:48:50.618 | 463 ool-1-worker-227 | DEBUG | d.t.c.a.a.c.u.util.UserUtilService   : 3 students generated. Generate 2 tutors...
    23:48:50.621 | 463 ool-1-worker-227 | DEBUG | d.t.c.a.a.c.u.util.UserUtilService   : 2 tutors generated. Generate 0 editors...
    23:48:50.622 | 463 ool-1-worker-227 | DEBUG | d.t.c.a.a.c.u.util.UserUtilService   : 0 editors generated. Generate 2 instructors...
    23:48:50.625 | 463 ool-1-worker-227 | DEBUG | d.t.c.a.a.c.u.util.UserUtilService   : 2 instructors generated
    23:48:50.626 | 463 ool-1-worker-227 | DEBUG | d.t.c.a.a.c.u.util.UserUtilService   : Removing 7 users from all courses...
    23:48:50.627 | 463 ool-1-worker-227 | DEBUG | d.t.c.a.a.c.u.util.UserUtilService   : Removing 7 users from all courses. Done
    23:48:50.627 | 463 ool-1-worker-227 | DEBUG | d.t.c.a.a.c.u.util.UserUtilService   : Save 7 users to database...
    23:48:50.630 | 463 ool-1-worker-227 | DEBUG | d.t.c.a.a.c.u.util.UserUtilService   : Save 7 users to database. Done
    23:48:50.643 | 463 ool-1-worker-227 | DEBUG | PersonalAccessTokenManagementService : Generate secure vcs access token
    23:48:50.646 | 463 ool-1-worker-227 | DEBUG | PersonalAccessTokenManagementService : Generate secure vcs access token
    23:48:50.648 | 463 ool-1-worker-227 | INFO  | i.z.t.d.l.EmbeddedDatabaseReporter   : JDBC URL to connect to 'dataSource': url='jdbc:h2:tcp://localhost:41063/mem:736625c0-cf5e-400d-aeaa-8a7eabd6262b;USER=sa', scope='ProgrammingSubmissionAndResultGitlabJenkinsIntegrationTest#shouldSaveBuildLogsOnStudentParticipationWithoutSubmissionNorResult'
    23:48:50.659 | 463 ool-1-worker-227 | DEBUG | PersonalAccessTokenManagementService : Generate secure vcs access token
    23:48:50.662 | 463 ool-1-worker-227 | DEBUG | d.t.c.a.a.c.s.f.ApiVersionFilter     : Adding Version to Request POST /api/public/programming-exercises/new-result
    23:48:50.663 | 463 ool-1-worker-227 | DEBUG | d.t.c.a.a.a.w.o.PublicResultResource : Received result notify (NEW)
    23:48:50.665 | 463 ool-1-worker-227 | INFO  | d.t.c.a.a.a.w.o.PublicResultResource : Artemis received a new result for build plan SHORT94437EBC0E03004F510905805DCF7D86AFD1TSTEXC-PROGSUBRESGITLABJENSTUDENT1
    23:48:50.666 | 463 ool-1-worker-227 | DEBUG | .s.ProgrammingExerciseGradingService : Received new build result (NEW) for participation 3988
    23:48:50.668 | 463 ool-1-worker-227 | WARN  | .s.ProgrammingExerciseGradingService : Could not find pending ProgrammingSubmission for Commit Hash 9b3a9bd71a0d80e5bbc42204c319ed3d1d4f0d6d (Participation 3988, Build Plan SHORT94437EBC0E03004F510905805DCF7D86AFD1TSTEXC-PROGSUBRESGITLABJENSTUDENT1). Will create a new one subsequently...
    23:48:50.669 | 463 ool-1-worker-227 | ERROR | .s.ProgrammingExerciseGradingService : Could not retrieve push date for participation 3988 and build plan SHORT94437EBC0E03004F510905805DCF7D86AFD1TSTEXC-PROGSUBRESGITLABJENSTUDENT1
de.tum.cit.aet.artemis.programming.service.gitlab.GitLabException: Could not find build queue date for participation 3988
	at de.tum.cit.aet.artemis.programming.service.gitlab.GitLabService.getPushDate(GitLabService.java:369)
	at de.tum.cit.aet.artemis.programming.service.gitlab.GitLabService.getPushDate(GitLabService.java:358)
	at de.tum.cit.aet.artemis.programming.service.ProgrammingExerciseGradingService.createAndSaveFallbackSubmission(ProgrammingExerciseGradingService.java:286)
	at de.tum.cit.aet.artemis.programming.service.ProgrammingExerciseGradingService.createAndSaveFallbackSubmission(ProgrammingExerciseGradingService.java:272)
	at de.tum.cit.aet.artemis.programming.service.ProgrammingExerciseGradingService.lambda$processNewProgrammingExerciseResult$0(ProgrammingExerciseGradingService.java:177)
	at java.base/java.util.Optional.orElseGet(Optional.java:364)
	at de.tum.cit.aet.artemis.programming.service.ProgrammingExerciseGradingService.processNewProgrammingExerciseResult(ProgrammingExerciseGradingService.java:177)
	at de.tum.cit.aet.artemis.programming.service.ProgrammingExerciseGradingService.processNewProgrammingExerciseResult(ProgrammingExerciseGradingService.java:156)
	at de.tum.cit.aet.artemis.assessment.web.open.PublicResultResource.processNewProgrammingExerciseResult(PublicResultResource.java:113)
	at java.base/jdk.internal.reflect.DirectMethodHandleAccessor.invoke(DirectMethodHandleAccessor.java:103)
	at java.base/java.lang.reflect.Method.invoke(Method.java:580)
	at org.springframework.aop.support.AopUtils.invokeJoinpointUsingReflection(AopUtils.java:359)
	at org.springframework.aop.framework.ReflectiveMethodInvocation.invokeJoinpoint(ReflectiveMethodInvocation.java:196)
	at org.springframework.aop.framework.ReflectiveMethodInvocation.proceed(ReflectiveMethodInvocation.java:163)
	at org.springframework.security.authorization.method.AuthorizationManagerBeforeMethodInterceptor.proceed(AuthorizationManagerBeforeMethodInterceptor.java:268)
	at org.springframework.security.authorization.method.AuthorizationManagerBeforeMethodInterceptor.attemptAuthorization(AuthorizationManagerBeforeMethodInterceptor.java:263)
	at org.springframework.security.authorization.method.AuthorizationManagerBeforeMethodInterceptor.invoke(AuthorizationManagerBeforeMethodInterceptor.java:196)
	at org.springframework.security.config.annotation.method.configuration.DeferringMethodInterceptor.invoke(DeferringMethodInterceptor.java:44)
	at org.springframework.aop.framework.ReflectiveMethodInvocation.proceed(ReflectiveMethodInvocation.java:184)
	at org.springframework.aop.framework.CglibAopProxy$DynamicAdvisedInterceptor.intercept(CglibAopProxy.java:727)
	at de.tum.cit.aet.artemis.assessment.web.open.PublicResultResource$$SpringCGLIB$$0.processNewProgrammingExerciseResult(<generated>)
	at java.base/jdk.internal.reflect.DirectMethodHandleAccessor.invoke(DirectMethodHandleAccessor.java:103)
	at java.base/java.lang.reflect.Method.invoke(Method.java:580)
	at org.springframework.web.method.support.InvocableHandlerMethod.doInvoke(InvocableHandlerMethod.java:257)
	at org.springframework.web.method.support.InvocableHandlerMethod.invokeForRequest(InvocableHandlerMethod.java:190)
	at org.springframework.web.servlet.mvc.method.annotation.ServletInvocableHandlerMethod.invokeAndHandle(ServletInvocableHandlerMethod.java:118)
	at org.springframework.web.servlet.mvc.method.annotation.RequestMappingHandlerAdapter.invokeHandlerMethod(RequestMappingHandlerAdapter.java:986)
	at org.springframework.web.servlet.mvc.method.annotation.RequestMappingHandlerAdapter.handleInternal(RequestMappingHandlerAdapter.java:891)
	at org.springframework.web.servlet.mvc.method.AbstractHandlerMethodAdapter.handle(AbstractHandlerMethodAdapter.java:87)
	at org.springframework.web.servlet.DispatcherServlet.doDispatch(DispatcherServlet.java:1088)
	at org.springframework.web.servlet.DispatcherServlet.doService(DispatcherServlet.java:978)
	at org.springframework.web.servlet.FrameworkServlet.processRequest(FrameworkServlet.java:1014)
	at org.springframework.web.servlet.FrameworkServlet.doPost(FrameworkServlet.java:914)
	at jakarta.servlet.http.HttpServlet.service(HttpServlet.java:547)
	at org.springframework.web.servlet.FrameworkServlet.service(FrameworkServlet.java:885)
	at org.springframework.test.web.servlet.TestDispatcherServlet.service(TestDispatcherServlet.java:72)
	at jakarta.servlet.http.HttpServlet.service(HttpServlet.java:614)
	at org.springframework.mock.web.MockFilterChain$ServletFilterProxy.doFilter(MockFilterChain.java:165)
	at org.springframework.mock.web.MockFilterChain.doFilter(MockFilterChain.java:132)
	at org.springframework.web.filter.OncePerRequestFilter.doFilter(OncePerRequestFilter.java:110)
	at org.springframework.test.web.servlet.setup.MockMvcFilterDecorator.doFilter(MockMvcFilterDecorator.java:162)
	at org.springframework.mock.web.MockFilterChain.doFilter(MockFilterChain.java:132)
	at de.tum.cit.aet.artemis.core.security.filter.ApiVersionFilter.doFilter(ApiVersionFilter.java:55)
	at org.springframework.test.web.servlet.setup.MockMvcFilterDecorator.doFilter(MockMvcFilterDecorator.java:162)
	at org.springframework.mock.web.MockFilterChain.doFilter(MockFilterChain.java:132)
	at io.sentry.spring.jakarta.SentryUserFilter.doFilterInternal(SentryUserFilter.java:56)
	at org.springframework.web.filter.OncePerRequestFilter.doFilter(OncePerRequestFilter.java:116)
	at org.springframework.test.web.servlet.setup.MockMvcFilterDecorator.doFilter(MockMvcFilterDecorator.java:162)
	at org.springframework.mock.web.MockFilterChain.doFilter(MockFilterChain.java:132)
	at org.springframework.web.filter.CompositeFilter$VirtualFilterChain.doFilter(CompositeFilter.java:108)
	at org.springframework.security.web.FilterChainProxy.lambda$doFilterInternal$3(FilterChainProxy.java:231)
	at org.springframework.security.web.ObservationFilterChainDecorator$FilterObservation$SimpleFilterObservation.lambda$wrap$1(ObservationFilterChainDecorator.java:479)
	at org.springframework.security.web.ObservationFilterChainDecorator$AroundFilterObservation$SimpleAroundFilterObservation.lambda$wrap$1(ObservationFilterChainDecorator.java:340)
	at org.springframework.security.web.ObservationFilterChainDecorator.lambda$wrapSecured$0(ObservationFilterChainDecorator.java:82)
	at org.springframework.security.web.ObservationFilterChainDecorator$VirtualFilterChain.doFilter(ObservationFilterChainDecorator.java:128)
	at org.springframework.security.web.access.intercept.AuthorizationFilter.doFilter(AuthorizationFilter.java:101)
	at org.springframework.security.web.ObservationFilterChainDecorator$ObservationFilter.wrapFilter(ObservationFilterChainDecorator.java:240)
	at org.springframework.security.web.ObservationFilterChainDecorator$ObservationFilter.doFilter(ObservationFilterChainDecorator.java:227)
	at org.springframework.security.web.ObservationFilterChainDecorator$VirtualFilterChain.doFilter(ObservationFilterChainDecorator.java:137)
	at org.springframework.security.web.access.ExceptionTranslationFilter.doFilter(ExceptionTranslationFilter.java:126)
	at org.springframework.security.web.access.ExceptionTranslationFilter.doFilter(ExceptionTranslationFilter.java:120)
	at org.springframework.security.web.ObservationFilterChainDecorator$ObservationFilter.wrapFilter(ObservationFilterChainDecorator.java:240)
	at org.springframework.security.web.ObservationFilterChainDecorator$ObservationFilter.doFilter(ObservationFilterChainDecorator.java:227)
	at org.springframework.security.web.ObservationFilterChainDecorator$VirtualFilterChain.doFilter(ObservationFilterChainDecorator.java:137)
	at org.springframework.security.web.session.SessionManagementFilter.doFilter(SessionManagementFilter.java:131)
	at org.springframework.security.web.session.SessionManagementFilter.doFilter(SessionManagementFilter.java:85)
	at org.springframework.security.web.ObservationFilterChainDecorator$ObservationFilter.wrapFilter(ObservationFilterChainDecorator.java:240)
	at org.springframework.security.web.ObservationFilterChainDecorator$ObservationFilter.doFilter(ObservationFilterChainDecorator.java:227)
	at org.springframework.security.web.ObservationFilterChainDecorator$VirtualFilterChain.doFilter(ObservationFilterChainDecorator.java:137)
	at org.springframework.security.web.authentication.AnonymousAuthenticationFilter.doFilter(AnonymousAuthenticationFilter.java:100)
	at org.springframework.security.web.ObservationFilterChainDecorator$ObservationFilter.wrapFilter(ObservationFilterChainDecorator.java:240)
	at org.springframework.security.web.ObservationFilterChainDecorator$ObservationFilter.doFilter(ObservationFilterChainDecorator.java:227)
	at org.springframework.security.web.ObservationFilterChainDecorator$VirtualFilterChain.doFilter(ObservationFilterChainDecorator.java:137)
	at org.springframework.security.web.servletapi.SecurityContextHolderAwareRequestFilter.doFilter(SecurityContextHolderAwareRequestFilter.java:179)
	at org.springframework.security.web.ObservationFilterChainDecorator$ObservationFilter.wrapFilter(ObservationFilterChainDecorator.java:240)
	at org.springframework.security.web.ObservationFilterChainDecorator$ObservationFilter.doFilter(ObservationFilterChainDecorator.java:227)
	at org.springframework.security.web.ObservationFilterChainDecorator$VirtualFilterChain.doFilter(ObservationFilterChainDecorator.java:137)
	at org.springframework.security.web.savedrequest.RequestCacheAwareFilter.doFilter(RequestCacheAwareFilter.java:63)
	at org.springframework.security.web.ObservationFilterChainDecorator$ObservationFilter.wrapFilter(ObservationFilterChainDecorator.java:240)
	at org.springframework.security.web.ObservationFilterChainDecorator$ObservationFilter.doFilter(ObservationFilterChainDecorator.java:227)
	at org.springframework.security.web.ObservationFilterChainDecorator$VirtualFilterChain.doFilter(ObservationFilterChainDecorator.java:137)
	at de.tum.cit.aet.artemis.core.security.filter.SpaWebFilter.doFilterInternal(SpaWebFilter.java:23)
	at org.springframework.web.filter.OncePerRequestFilter.doFilter(OncePerRequestFilter.java:116)
	at org.springframework.security.web.ObservationFilterChainDecorator$ObservationFilter.wrapFilter(ObservationFilterChainDecorator.java:240)
	at org.springframework.security.web.ObservationFilterChainDecorator$ObservationFilter.doFilter(ObservationFilterChainDecorator.java:227)
	at org.springframework.security.web.ObservationFilterChainDecorator$VirtualFilterChain.doFilter(ObservationFilterChainDecorator.java:137)
	at org.springframework.web.filter.OncePerRequestFilter.doFilter(OncePerRequestFilter.java:110)
	at org.springframework.security.web.ObservationFilterChainDecorator$ObservationFilter.wrapFilter(ObservationFilterChainDecorator.java:240)
	at org.springframework.security.web.ObservationFilterChainDecorator$ObservationFilter.doFilter(ObservationFilterChainDecorator.java:227)
	at org.springframework.security.web.ObservationFilterChainDecorator$VirtualFilterChain.doFilter(ObservationFilterChainDecorator.java:137)
	at de.tum.cit.aet.artemis.lti.config.Lti13LaunchFilter.doFilterInternal(Lti13LaunchFilter.java:60)
	at org.springframework.web.filter.OncePerRequestFilter.doFilter(OncePerRequestFilter.java:116)
	at org.springframework.security.web.ObservationFilterChainDecorator$ObservationFilter.wrapFilter(ObservationFilterChainDecorator.java:240)
	at org.springframework.security.web.ObservationFilterChainDecorator$ObservationFilter.doFilter(ObservationFilterChainDecorator.java:227)
	at org.springframework.security.web.ObservationFilterChainDecorator$VirtualFilterChain.doFilter(ObservationFilterChainDecorator.java:137)
	at de.tum.cit.aet.artemis.core.security.jwt.JWTFilter.doFilter(JWTFilter.java:55)
	at org.springframework.security.web.ObservationFilterChainDecorator$ObservationFilter.wrapFilter(ObservationFilterChainDecorator.java:240)
	at org.springframework.security.web.ObservationFilterChainDecorator$ObservationFilter.doFilter(ObservationFilterChainDecorator.java:227)
	at org.springframework.security.web.ObservationFilterChainDecorator$VirtualFilterChain.doFilter(ObservationFilterChainDecorator.java:137)
	at de.tum.cit.aet.artemis.core.security.jwt.JWTFilter.doFilter(JWTFilter.java:55)
	at org.springframework.security.web.ObservationFilterChainDecorator$ObservationFilter.wrapFilter(ObservationFilterChainDecorator.java:240)
	at org.springframework.security.web.ObservationFilterChainDecorator$ObservationFilter.doFilter(ObservationFilterChainDecorator.java:227)
	at org.springframework.security.web.ObservationFilterChainDecorator$VirtualFilterChain.doFilter(ObservationFilterChainDecorator.java:137)
	at org.springframework.web.filter.CorsFilter.doFilterInternal(CorsFilter.java:91)
	at org.springframework.web.filter.OncePerRequestFilter.doFilter(OncePerRequestFilter.java:116)
	at org.springframework.security.web.ObservationFilterChainDecorator$ObservationFilter.wrapFilter(ObservationFilterChainDecorator.java:240)
	at org.springframework.security.web.ObservationFilterChainDecorator$ObservationFilter.doFilter(ObservationFilterChainDecorator.java:227)
	at org.springframework.security.web.ObservationFilterChainDecorator$VirtualFilterChain.doFilter(ObservationFilterChainDecorator.java:137)
	at org.springframework.web.filter.OncePerRequestFilter.doFilter(OncePerRequestFilter.java:110)
	at org.springframework.security.web.ObservationFilterChainDecorator$ObservationFilter.wrapFilter(ObservationFilterChainDecorator.java:240)
	at org.springframework.security.web.ObservationFilterChainDecorator$ObservationFilter.doFilter(ObservationFilterChainDecorator.java:227)
	at org.springframework.security.web.ObservationFilterChainDecorator$VirtualFilterChain.doFilter(ObservationFilterChainDecorator.java:137)
	at uk.ac.ox.ctl.lti13.security.oauth2.client.lti.web.OAuth2AuthorizationRequestRedirectFilter.doFilterInternal(OAuth2AuthorizationRequestRedirectFilter.java:142)
	at org.springframework.web.filter.OncePerRequestFilter.doFilter(OncePerRequestFilter.java:116)
	at org.springframework.security.web.ObservationFilterChainDecorator$ObservationFilter.wrapFilter(ObservationFilterChainDecorator.java:240)
	at org.springframework.security.web.ObservationFilterChainDecorator$ObservationFilter.doFilter(ObservationFilterChainDecorator.java:227)
	at org.springframework.security.web.ObservationFilterChainDecorator$VirtualFilterChain.doFilter(ObservationFilterChainDecorator.java:137)
	at org.springframework.security.web.authentication.logout.LogoutFilter.doFilter(LogoutFilter.java:107)
	at org.springframework.security.web.authentication.logout.LogoutFilter.doFilter(LogoutFilter.java:93)
	at org.springframework.security.web.ObservationFilterChainDecorator$ObservationFilter.wrapFilter(ObservationFilterChainDecorator.java:240)
	at org.springframework.security.web.ObservationFilterChainDecorator$ObservationFilter.doFilter(ObservationFilterChainDecorator.java:227)
	at org.springframework.security.web.ObservationFilterChainDecorator$VirtualFilterChain.doFilter(ObservationFilterChainDecorator.java:137)
	at org.springframework.security.web.header.HeaderWriterFilter.doHeadersAfter(HeaderWriterFilter.java:90)
	at org.springframework.security.web.header.HeaderWriterFilter.doFilterInternal(HeaderWriterFilter.java:75)
	at org.springframework.web.filter.OncePerRequestFilter.doFilter(OncePerRequestFilter.java:116)
	at org.springframework.security.web.ObservationFilterChainDecorator$ObservationFilter.wrapFilter(ObservationFilterChainDecorator.java:240)
	at org.springframework.security.web.ObservationFilterChainDecorator$ObservationFilter.doFilter(ObservationFilterChainDecorator.java:227)
	at org.springframework.security.web.ObservationFilterChainDecorator$VirtualFilterChain.doFilter(ObservationFilterChainDecorator.java:137)
	at org.springframework.security.web.context.SecurityContextHolderFilter.doFilter(SecurityContextHolderFilter.java:82)
	at org.springframework.security.web.context.SecurityContextHolderFilter.doFilter(SecurityContextHolderFilter.java:69)
	at org.springframework.security.web.ObservationFilterChainDecorator$ObservationFilter.wrapFilter(ObservationFilterChainDecorator.java:240)
	at org.springframework.security.web.ObservationFilterChainDecorator$ObservationFilter.doFilter(ObservationFilterChainDecorator.java:227)
	at org.springframework.security.web.ObservationFilterChainDecorator$VirtualFilterChain.doFilter(ObservationFilterChainDecorator.java:137)
	at org.springframework.security.web.context.request.async.WebAsyncManagerIntegrationFilter.doFilterInternal(WebAsyncManagerIntegrationFilter.java:62)
	at org.springframework.web.filter.OncePerRequestFilter.doFilter(OncePerRequestFilter.java:116)
	at org.springframework.security.web.ObservationFilterChainDecorator$ObservationFilter.wrapFilter(ObservationFilterChainDecorator.java:240)
	at org.springframework.security.web.ObservationFilterChainDecorator$ObservationFilter.doFilter(ObservationFilterChainDecorator.java:227)
	at org.springframework.security.web.ObservationFilterChainDecorator$VirtualFilterChain.doFilter(ObservationFilterChainDecorator.java:137)
	at org.springframework.security.web.session.DisableEncodeUrlFilter.doFilterInternal(DisableEncodeUrlFilter.java:42)
	at org.springframework.web.filter.OncePerRequestFilter.doFilter(OncePerRequestFilter.java:116)
	at org.springframework.security.web.ObservationFilterChainDecorator$ObservationFilter.wrapFilter(ObservationFilterChainDecorator.java:240)
	at org.springframework.security.web.ObservationFilterChainDecorator$AroundFilterObservation$SimpleAroundFilterObservation.lambda$wrap$0(ObservationFilterChainDecorator.java:323)
	at org.springframework.security.web.ObservationFilterChainDecorator$ObservationFilter.doFilter(ObservationFilterChainDecorator.java:224)
	at org.springframework.security.web.ObservationFilterChainDecorator$VirtualFilterChain.doFilter(ObservationFilterChainDecorator.java:137)
	at org.springframework.security.web.FilterChainProxy.doFilterInternal(FilterChainProxy.java:233)
	at org.springframework.security.web.FilterChainProxy.doFilter(FilterChainProxy.java:191)
	at org.springframework.web.filter.CompositeFilter$VirtualFilterChain.doFilter(CompositeFilter.java:113)
	at org.springframework.web.servlet.handler.HandlerMappingIntrospector.lambda$createCacheFilter$3(HandlerMappingIntrospector.java:243)
	at org.springframework.web.filter.CompositeFilter$VirtualFilterChain.doFilter(CompositeFilter.java:113)
	at org.springframework.web.filter.CompositeFilter.doFilter(CompositeFilter.java:74)
	at org.springframework.security.config.annotation.web.configuration.WebMvcSecurityConfiguration$CompositeFilterChainProxy.doFilter(WebMvcSecurityConfiguration.java:238)
	at org.springframework.web.filter.DelegatingFilterProxy.invokeDelegate(DelegatingFilterProxy.java:362)
	at org.springframework.web.filter.DelegatingFilterProxy.doFilter(DelegatingFilterProxy.java:278)
	at org.springframework.test.web.servlet.setup.MockMvcFilterDecorator.doFilter(MockMvcFilterDecorator.java:162)
	at org.springframework.mock.web.MockFilterChain.doFilter(MockFilterChain.java:132)
	at org.springframework.web.filter.RequestContextFilter.doFilterInternal(RequestContextFilter.java:100)
	at org.springframework.web.filter.OncePerRequestFilter.doFilter(OncePerRequestFilter.java:116)
	at org.springframework.test.web.servlet.setup.MockMvcFilterDecorator.doFilter(MockMvcFilterDecorator.java:162)
	at org.springframework.mock.web.MockFilterChain.doFilter(MockFilterChain.java:132)
	at org.springframework.web.filter.FormContentFilter.doFilterInternal(FormContentFilter.java:93)
	at org.springframework.web.filter.OncePerRequestFilter.doFilter(OncePerRequestFilter.java:116)
	at org.springframework.test.web.servlet.setup.MockMvcFilterDecorator.doFilter(MockMvcFilterDecorator.java:162)
	at org.springframework.mock.web.MockFilterChain.doFilter(MockFilterChain.java:132)
	at org.springframework.web.filter.ServerHttpObservationFilter.doFilterInternal(ServerHttpObservationFilter.java:114)
	at org.springframework.web.filter.OncePerRequestFilter.doFilter(OncePerRequestFilter.java:116)
	at org.springframework.test.web.servlet.setup.MockMvcFilterDecorator.doFilter(MockMvcFilterDecorator.java:162)
	at org.springframework.mock.web.MockFilterChain.doFilter(MockFilterChain.java:132)
	at io.sentry.spring.jakarta.tracing.SentryTracingFilter.doFilterInternal(SentryTracingFilter.java:91)
	at org.springframework.web.filter.OncePerRequestFilter.doFilter(OncePerRequestFilter.java:116)
	at org.springframework.test.web.servlet.setup.MockMvcFilterDecorator.doFilter(MockMvcFilterDecorator.java:162)
	at org.springframework.mock.web.MockFilterChain.doFilter(MockFilterChain.java:132)
	at org.springframework.web.filter.CharacterEncodingFilter.doFilterInternal(CharacterEncodingFilter.java:201)
	at org.springframework.web.filter.OncePerRequestFilter.doFilter(OncePerRequestFilter.java:116)
	at org.springframework.test.web.servlet.setup.MockMvcFilterDecorator.doFilter(MockMvcFilterDecorator.java:162)
	at org.springframework.mock.web.MockFilterChain.doFilter(MockFilterChain.java:132)
	at io.sentry.spring.jakarta.SentrySpringFilter.doFilterInternal(SentrySpringFilter.java:76)
	at org.springframework.web.filter.OncePerRequestFilter.doFilter(OncePerRequestFilter.java:116)
	at org.springframework.test.web.servlet.setup.MockMvcFilterDecorator.doFilter(MockMvcFilterDecorator.java:162)
	at org.springframework.mock.web.MockFilterChain.doFilter(MockFilterChain.java:132)
	at org.springframework.test.web.servlet.MockMvc.perform(MockMvc.java:201)
	at de.tum.cit.aet.artemis.core.util.RequestUtilService.performMvcRequest(RequestUtilService.java:79)
	at de.tum.cit.aet.artemis.core.util.RequestUtilService.postWithoutLocation(RequestUtilService.java:213)
	at de.tum.cit.aet.artemis.core.util.RequestUtilService.postWithoutLocation(RequestUtilService.java:199)
	at de.tum.cit.aet.artemis.programming.ProgrammingSubmissionAndResultGitlabJenkinsIntegrationTest.postResult(ProgrammingSubmissionAndResultGitlabJenkinsIntegrationTest.java:413)
	at de.tum.cit.aet.artemis.programming.ProgrammingSubmissionAndResultGitlabJenkinsIntegrationTest.shouldSaveBuildLogsOnStudentParticipationWithoutSubmissionNorResult(ProgrammingSubmissionAndResultGitlabJenkinsIntegrationTest.java:338)
	at java.base/jdk.internal.reflect.DirectMethodHandleAccessor.invoke(DirectMethodHandleAccessor.java:103)
	at java.base/java.lang.reflect.Method.invoke(Method.java:580)
	at org.junit.platform.commons.util.ReflectionUtils.invokeMethod(ReflectionUtils.java:767)
	at org.junit.jupiter.engine.execution.MethodInvocation.proceed(MethodInvocation.java:60)
	at org.junit.jupiter.engine.execution.InvocationInterceptorChain$ValidatingInvocation.proceed(InvocationInterceptorChain.java:131)
	at org.junit.jupiter.engine.extension.TimeoutExtension.intercept(TimeoutExtension.java:156)
	at org.junit.jupiter.engine.extension.TimeoutExtension.interceptTestableMethod(TimeoutExtension.java:147)
	at org.junit.jupiter.engine.extension.TimeoutExtension.interceptTestTemplateMethod(TimeoutExtension.java:94)
	at org.junit.jupiter.engine.execution.InterceptingExecutableInvoker$ReflectiveInterceptorCall.lambda$ofVoidMethod$0(InterceptingExecutableInvoker.java:103)
	at org.junit.jupiter.engine.execution.InterceptingExecutableInvoker.lambda$invoke$0(InterceptingExecutableInvoker.java:93)
	at org.junit.jupiter.engine.execution.InvocationInterceptorChain$InterceptedInvocation.proceed(InvocationInterceptorChain.java:106)
	at org.junit.jupiter.engine.execution.InvocationInterceptorChain.proceed(InvocationInterceptorChain.java:64)
	at org.junit.jupiter.engine.execution.InvocationInterceptorChain.chainAndInvoke(InvocationInterceptorChain.java:45)
	at org.junit.jupiter.engine.execution.InvocationInterceptorChain.invoke(InvocationInterceptorChain.java:37)
	at org.junit.jupiter.engine.execution.InterceptingExecutableInvoker.invoke(InterceptingExecutableInvoker.java:92)
	at org.junit.jupiter.engine.execution.InterceptingExecutableInvoker.invoke(InterceptingExecutableInvoker.java:86)
	at org.junit.jupiter.engine.descriptor.TestMethodTestDescriptor.lambda$invokeTestMethod$8(TestMethodTestDescriptor.java:217)
	at org.junit.platform.engine.support.hierarchical.ThrowableCollector.execute(ThrowableCollector.java:73)
	at org.junit.jupiter.engine.descriptor.TestMethodTestDescriptor.invokeTestMethod(TestMethodTestDescriptor.java:213)
	at org.junit.jupiter.engine.descriptor.TestMethodTestDescriptor.execute(TestMethodTestDescriptor.java:138)
	at org.junit.jupiter.engine.descriptor.TestMethodTestDescriptor.execute(TestMethodTestDescriptor.java:68)
	at org.junit.platform.engine.support.hierarchical.NodeTestTask.lambda$executeRecursively$6(NodeTestTask.java:156)
	at org.junit.platform.engine.support.hierarchical.ThrowableCollector.execute(ThrowableCollector.java:73)
	at org.junit.platform.engine.support.hierarchical.NodeTestTask.lambda$executeRecursively$8(NodeTestTask.java:146)
	at org.junit.platform.engine.support.hierarchical.Node.around(Node.java:137)
	at org.junit.platform.engine.support.hierarchical.NodeTestTask.lambda$executeRecursively$9(NodeTestTask.java:144)
	at org.junit.platform.engine.support.hierarchical.ThrowableCollector.execute(ThrowableCollector.java:73)
	at org.junit.platform.engine.support.hierarchical.NodeTestTask.executeRecursively(NodeTestTask.java:143)
	at org.junit.platform.engine.support.hierarchical.NodeTestTask.execute(NodeTestTask.java:100)
	at org.junit.platform.engine.support.hierarchical.ForkJoinPoolHierarchicalTestExecutorService$ExclusiveTask.exec(ForkJoinPoolHierarchicalTestExecutorService.java:274)
	at org.junit.platform.engine.support.hierarchical.ForkJoinPoolHierarchicalTestExecutorService$ExclusiveTask.execSync(ForkJoinPoolHierarchicalTestExecutorService.java:247)
	at org.junit.platform.engine.support.hierarchical.ForkJoinPoolHierarchicalTestExecutorService.submit(ForkJoinPoolHierarchicalTestExecutorService.java:148)
	at org.junit.platform.engine.support.hierarchical.NodeTestTask$DefaultDynamicTestExecutor.execute(NodeTestTask.java:231)
	at org.junit.platform.engine.support.hierarchical.NodeTestTask$DefaultDynamicTestExecutor.execute(NodeTestTask.java:209)
	at org.junit.jupiter.engine.descriptor.TestTemplateTestDescriptor.execute(TestTemplateTestDescriptor.java:141)
	at org.junit.jupiter.engine.descriptor.TestTemplateTestDescriptor.lambda$execute$3(TestTemplateTestDescriptor.java:109)
	at java.base/java.util.stream.ForEachOps$ForEachOp$OfRef.accept(ForEachOps.java:184)
	at java.base/java.util.stream.ReferencePipeline$3$1.accept(ReferencePipeline.java:197)
	at java.base/java.util.stream.ReferencePipeline$2$1.accept(ReferencePipeline.java:179)
	at java.base/java.util.stream.ReferencePipeline$3$1.accept(ReferencePipeline.java:197)
	at java.base/java.util.stream.ForEachOps$ForEachOp$OfRef.accept(ForEachOps.java:184)
	at java.base/java.util.stream.ReferencePipeline$3$1.accept(ReferencePipeline.java:197)
	at java.base/java.util.stream.ForEachOps$ForEachOp$OfRef.accept(ForEachOps.java:184)
	at java.base/java.util.stream.ForEachOps$ForEachOp$OfRef.accept(ForEachOps.java:184)
	at java.base/java.util.stream.ReferencePipeline$3$1.accept(ReferencePipeline.java:197)
	at java.base/java.util.stream.ForEachOps$ForEachOp$OfRef.accept(ForEachOps.java:184)
	at java.base/java.util.Spliterators$ArraySpliterator.forEachRemaining(Spliterators.java:1024)
	at java.base/java.util.stream.ReferencePipeline$Head.forEach(ReferencePipeline.java:762)
	at java.base/java.util.stream.ReferencePipeline$7$1.accept(ReferencePipeline.java:276)
	at java.base/java.util.Iterator.forEachRemaining(Iterator.java:133)
	at java.base/java.util.Spliterators$IteratorSpliterator.forEachRemaining(Spliterators.java:1939)
	at java.base/java.util.stream.AbstractPipeline.copyInto(AbstractPipeline.java:509)
	at java.base/java.util.stream.AbstractPipeline.wrapAndCopyInto(AbstractPipeline.java:499)
	at java.base/java.util.stream.ForEachOps$ForEachOp.evaluateSequential(ForEachOps.java:151)
	at java.base/java.util.stream.ForEachOps$ForEachOp$OfRef.evaluateSequential(ForEachOps.java:174)
	at java.base/java.util.stream.AbstractPipeline.evaluate(AbstractPipeline.java:234)
	at java.base/java.util.stream.ReferencePipeline.forEach(ReferencePipeline.java:596)
	at java.base/java.util.stream.ReferencePipeline$7$1.accept(ReferencePipeline.java:276)
	at java.base/java.util.stream.ReferencePipeline$3$1.accept(ReferencePipeline.java:197)
	at java.base/java.util.stream.ReferencePipeline$3$1.accept(ReferencePipeline.java:197)
	at java.base/java.util.stream.ReferencePipeline$3$1.accept(ReferencePipeline.java:197)
	at java.base/java.util.Spliterators$ArraySpliterator.forEachRemaining(Spliterators.java:1024)
	at java.base/java.util.stream.AbstractPipeline.copyInto(AbstractPipeline.java:509)
	at java.base/java.util.stream.AbstractPipeline.wrapAndCopyInto(AbstractPipeline.java:499)
	at java.base/java.util.stream.ForEachOps$ForEachOp.evaluateSequential(ForEachOps.java:151)
	at java.base/java.util.stream.ForEachOps$ForEachOp$OfRef.evaluateSequential(ForEachOps.java:174)
	at java.base/java.util.stream.AbstractPipeline.evaluate(AbstractPipeline.java:234)
	at java.base/java.util.stream.ReferencePipeline.forEach(ReferencePipeline.java:596)
	at java.base/java.util.stream.ReferencePipeline$7$1.accept(ReferencePipeline.java:276)
	at java.base/java.util.ArrayList$ArrayListSpliterator.forEachRemaining(ArrayList.java:1708)
	at java.base/java.util.stream.AbstractPipeline.copyInto(AbstractPipeline.java:509)
	at java.base/java.util.stream.AbstractPipeline.wrapAndCopyInto(AbstractPipeline.java:499)
	at java.base/java.util.stream.ForEachOps$ForEachOp.evaluateSequential(ForEachOps.java:151)
	at java.base/java.util.stream.ForEachOps$ForEachOp$OfRef.evaluateSequential(ForEachOps.java:174)
	at java.base/java.util.stream.AbstractPipeline.evaluate(AbstractPipeline.java:234)
	at java.base/java.util.stream.ReferencePipeline.forEach(ReferencePipeline.java:596)
	at java.base/java.util.stream.ReferencePipeline$7$1.accept(ReferencePipeline.java:276)
	at java.base/java.util.stream.ReferencePipeline$3$1.accept(ReferencePipeline.java:197)
	at java.base/java.util.stream.ReferencePipeline$3$1.accept(ReferencePipeline.java:197)
	at java.base/java.util.stream.ReferencePipeline$3$1.accept(ReferencePipeline.java:197)
	at java.base/java.util.ArrayList$ArrayListSpliterator.forEachRemaining(ArrayList.java:1708)
	at java.base/java.util.stream.AbstractPipeline.copyInto(AbstractPipeline.java:509)
	at java.base/java.util.stream.AbstractPipeline.wrapAndCopyInto(AbstractPipeline.java:499)
	at java.base/java.util.stream.ForEachOps$ForEachOp.evaluateSequential(ForEachOps.java:151)
	at java.base/java.util.stream.ForEachOps$ForEachOp$OfRef.evaluateSequential(ForEachOps.java:174)
	at java.base/java.util.stream.AbstractPipeline.evaluate(AbstractPipeline.java:234)
	at java.base/java.util.stream.ReferencePipeline.forEach(ReferencePipeline.java:596)
	at java.base/java.util.stream.ReferencePipeline$7$1.accept(ReferencePipeline.java:276)
	at java.base/java.util.ArrayList$ArrayListSpliterator.forEachRemaining(ArrayList.java:1708)
	at java.base/java.util.stream.AbstractPipeline.copyInto(AbstractPipeline.java:509)
	at java.base/java.util.stream.AbstractPipeline.wrapAndCopyInto(AbstractPipeline.java:499)
	at java.base/java.util.stream.ForEachOps$ForEachOp.evaluateSequential(ForEachOps.java:151)
	at java.base/java.util.stream.ForEachOps$ForEachOp$OfRef.evaluateSequential(ForEachOps.java:174)
	at java.base/java.util.stream.AbstractPipeline.evaluate(AbstractPipeline.java:234)
	at java.base/java.util.stream.ReferencePipeline.forEach(ReferencePipeline.java:596)
	at org.junit.jupiter.engine.descriptor.TestTemplateTestDescriptor.execute(TestTemplateTestDescriptor.java:109)
	at org.junit.jupiter.engine.descriptor.TestTemplateTestDescriptor.execute(TestTemplateTestDescriptor.java:43)
	at org.junit.platform.engine.support.hierarchical.NodeTestTask.lambda$executeRecursively$6(NodeTestTask.java:156)
	at org.junit.platform.engine.support.hierarchical.ThrowableCollector.execute(ThrowableCollector.java:73)
	at org.junit.platform.engine.support.hierarchical.NodeTestTask.lambda$executeRecursively$8(NodeTestTask.java:146)
	at org.junit.platform.engine.support.hierarchical.Node.around(Node.java:137)
	at org.junit.platform.engine.support.hierarchical.NodeTestTask.lambda$executeRecursively$9(NodeTestTask.java:144)
	at org.junit.platform.engine.support.hierarchical.ThrowableCollector.execute(ThrowableCollector.java:73)
	at org.junit.platform.engine.support.hierarchical.NodeTestTask.executeRecursively(NodeTestTask.java:143)
	at org.junit.platform.engine.support.hierarchical.NodeTestTask.execute(NodeTestTask.java:100)
	at org.junit.platform.engine.support.hierarchical.ForkJoinPoolHierarchicalTestExecutorService$ExclusiveTask.exec(ForkJoinPoolHierarchicalTestExecutorService.java:274)
	at org.junit.platform.engine.support.hierarchical.ForkJoinPoolHierarchicalTestExecutorService$ExclusiveTask.execSync(ForkJoinPoolHierarchicalTestExecutorService.java:247)
	at org.junit.platform.engine.support.hierarchical.ForkJoinPoolHierarchicalTestExecutorService.executeSync(ForkJoinPoolHierarchicalTestExecutorService.java:194)
	at org.junit.platform.engine.support.hierarchical.ForkJoinPoolHierarchicalTestExecutorService.invokeAll(ForkJoinPoolHierarchicalTestExecutorService.java:166)
	at org.junit.platform.engine.support.hierarchical.NodeTestTask.lambda$executeRecursively$6(NodeTestTask.java:160)
	at org.junit.platform.engine.support.hierarchical.ThrowableCollector.execute(ThrowableCollector.java:73)
	at org.junit.platform.engine.support.hierarchical.NodeTestTask.lambda$executeRecursively$8(NodeTestTask.java:146)
	at org.junit.platform.engine.support.hierarchical.Node.around(Node.java:137)
	at org.junit.platform.engine.support.hierarchical.NodeTestTask.lambda$executeRecursively$9(NodeTestTask.java:144)
	at org.junit.platform.engine.support.hierarchical.ThrowableCollector.execute(ThrowableCollector.java:73)
	at org.junit.platform.engine.support.hierarchical.NodeTestTask.executeRecursively(NodeTestTask.java:143)
	at org.junit.platform.engine.support.hierarchical.NodeTestTask.execute(NodeTestTask.java:100)
	at org.junit.platform.engine.support.hierarchical.ForkJoinPoolHierarchicalTestExecutorService$ExclusiveTask.exec(ForkJoinPoolHierarchicalTestExecutorService.java:274)
	at java.base/java.util.concurrent.ForkJoinTask.doExec(ForkJoinTask.java:387)
	at java.base/java.util.concurrent.ForkJoinPool$WorkQueue.topLevelExec(ForkJoinPool.java:1312)
	at java.base/java.util.concurrent.ForkJoinPool.scan(ForkJoinPool.java:1843)
	at java.base/java.util.concurrent.ForkJoinPool.runWorker(ForkJoinPool.java:1808)
	at java.base/java.util.concurrent.ForkJoinWorkerThread.run(ForkJoinWorkerThread.java:188)
    23:48:50.685 | 463 ool-1-worker-227 | DEBUG | .c.s.m.InstanceMessageReceiveService : Received schedule participant score for exercise 3228 and participant 773 (result to be deleted: null)
    23:48:50.685 | 463 ool-1-worker-227 | DEBUG | .a.s.ParticipantScoreScheduleService : Scheduled task for exercise 3228 and participant 773 at 2025-02-14T23:48:50.785177567Z[Etc/UTC].
    23:48:50.686 | 463 ool-1-worker-227 | DEBUG | .a.a.p.s.ProgrammingMessagingService : Send result to client over websocket. Result: Result{id783, completionDate=2025-02-14T23:48:50.660640Z, successful=false, score=0.0, rated=true, assessmentType=AUTOMATIC, hasComplaint=null, testCaseCount=0, passedTestCaseCount=0, codeIssueCount=0}, Submission: ProgrammingSubmission{commitHash='9b3a9bd71a0d80e5bbc42204c319ed3d1d4f0d6d', buildFailed=true, buildArtifact=false, type=MANUAL}, Participation: ProgrammingExerciseStudentParticipation{id=3988, repositoryUri='https://version-control.fake.fake/git/SHORT94437EBC0E03004F510905805DCF7D86AFD1TSTEXC/short94437ebc0e03004f510905805dcf7d86afd1tstexc-progsubresgitlabjenstudent1.git', buildPlanId='SHORT94437EBC0E03004F510905805DCF7D86AFD1TSTEXC-PROGSUBRESGITLABJENSTUDENT1', initializationState='INITIALIZED', initializationDate='2025-02-14T23:48:50.658994Z', individualDueDate=null', presentationScore=null}
    23:48:50.688 | 463 ool-1-worker-227 | INFO  | d.t.c.a.a.a.w.o.PublicResultResource : The new result for SHORT94437EBC0E03004F510905805DCF7D86AFD1TSTEXC-PROGSUBRESGITLABJENSTUDENT1 was saved successfully
    23:48:50.691 | 463 ool-1-worker-227 | DEBUG | d.t.c.a.a.c.s.f.ApiVersionFilter     : Adding Version to Request GET /api/repository/3988/buildlogs
    23:48:50.691 | 463 ool-1-worker-227 | DEBUG | rammingExerciseParticipationResource : REST request to get build log : 3988

  Starting logs for ProgrammingSubmissionAndResultGitlabJenkinsIntegrationTest > shouldSaveBuildLogsOnStudentParticipationWithoutSubmissionNorResult(ProgrammingLanguage, boolean) [15] programmingLanguage=EMPTY, enableStaticCodeAnalysis=true
    23:48:50.703 | 463 ool-1-worker-227 | DEBUG | d.t.c.a.a.c.u.util.UserUtilService   : Generate 3 students...
    23:48:50.707 | 463 ool-1-worker-227 | DEBUG | d.t.c.a.a.c.u.util.UserUtilService   : 3 students generated. Generate 2 tutors...
    23:48:50.710 | 463 ool-1-worker-227 | DEBUG | d.t.c.a.a.c.u.util.UserUtilService   : 2 tutors generated. Generate 0 editors...
    23:48:50.711 | 463 ool-1-worker-227 | DEBUG | d.t.c.a.a.c.u.util.UserUtilService   : 0 editors generated. Generate 2 instructors...
    23:48:50.714 | 463 ool-1-worker-227 | DEBUG | d.t.c.a.a.c.u.util.UserUtilService   : 2 instructors generated
    23:48:50.715 | 463 ool-1-worker-227 | DEBUG | d.t.c.a.a.c.u.util.UserUtilService   : Removing 7 users from all courses...
    23:48:50.716 | 463 ool-1-worker-227 | DEBUG | d.t.c.a.a.c.u.util.UserUtilService   : Removing 7 users from all courses. Done
    23:48:50.716 | 463 ool-1-worker-227 | DEBUG | d.t.c.a.a.c.u.util.UserUtilService   : Save 7 users to database...
    23:48:50.719 | 463 ool-1-worker-227 | DEBUG | d.t.c.a.a.c.u.util.UserUtilService   : Save 7 users to database. Done
    23:48:50.733 | 463 ool-1-worker-227 | DEBUG | PersonalAccessTokenManagementService : Generate secure vcs access token
    23:48:50.735 | 463 ool-1-worker-227 | DEBUG | PersonalAccessTokenManagementService : Generate secure vcs access token
    23:48:50.737 | 463 ool-1-worker-227 | INFO  | i.z.t.d.l.EmbeddedDatabaseReporter   : JDBC URL to connect to 'dataSource': url='jdbc:h2:tcp://localhost:41063/mem:736625c0-cf5e-400d-aeaa-8a7eabd6262b;USER=sa', scope='ProgrammingSubmissionAndResultGitlabJenkinsIntegrationTest#shouldSaveBuildLogsOnStudentParticipationWithoutSubmissionNorResult'
    23:48:50.749 | 463 ool-1-worker-227 | DEBUG | PersonalAccessTokenManagementService : Generate secure vcs access token
    23:48:50.752 | 463 ool-1-worker-227 | DEBUG | d.t.c.a.a.c.s.f.ApiVersionFilter     : Adding Version to Request POST /api/public/programming-exercises/new-result
    23:48:50.752 | 463 ool-1-worker-227 | DEBUG | d.t.c.a.a.a.w.o.PublicResultResource : Received result notify (NEW)
    23:48:50.754 | 463 ool-1-worker-227 | INFO  | d.t.c.a.a.a.w.o.PublicResultResource : Artemis received a new result for build plan SHORT306E90A00CF46049010A1D10E623423C6B80TSTEXC-PROGSUBRESGITLABJENSTUDENT1
    23:48:50.756 | 463 ool-1-worker-227 | DEBUG | .s.ProgrammingExerciseGradingService : Received new build result (NEW) for participation 3995
    23:48:50.758 | 463 ool-1-worker-227 | WARN  | .s.ProgrammingExerciseGradingService : Could not find pending ProgrammingSubmission for Commit Hash 9b3a9bd71a0d80e5bbc42204c319ed3d1d4f0d6d (Participation 3995, Build Plan SHORT306E90A00CF46049010A1D10E623423C6B80TSTEXC-PROGSUBRESGITLABJENSTUDENT1). Will create a new one subsequently...
    23:48:50.759 | 463 ool-1-worker-227 | ERROR | .s.ProgrammingExerciseGradingService : Could not retrieve push date for participation 3995 and build plan SHORT306E90A00CF46049010A1D10E623423C6B80TSTEXC-PROGSUBRESGITLABJENSTUDENT1
de.tum.cit.aet.artemis.programming.service.gitlab.GitLabException: Could not find build queue date for participation 3995
	at de.tum.cit.aet.artemis.programming.service.gitlab.GitLabService.getPushDate(GitLabService.java:369)
	at de.tum.cit.aet.artemis.programming.service.gitlab.GitLabService.getPushDate(GitLabService.java:358)
	at de.tum.cit.aet.artemis.programming.service.ProgrammingExerciseGradingService.createAndSaveFallbackSubmission(ProgrammingExerciseGradingService.java:286)
	at de.tum.cit.aet.artemis.programming.service.ProgrammingExerciseGradingService.createAndSaveFallbackSubmission(ProgrammingExerciseGradingService.java:272)
	at de.tum.cit.aet.artemis.programming.service.ProgrammingExerciseGradingService.lambda$processNewProgrammingExerciseResult$0(ProgrammingExerciseGradingService.java:177)
	at java.base/java.util.Optional.orElseGet(Optional.java:364)
	at de.tum.cit.aet.artemis.programming.service.ProgrammingExerciseGradingService.processNewProgrammingExerciseResult(ProgrammingExerciseGradingService.java:177)
	at de.tum.cit.aet.artemis.programming.service.ProgrammingExerciseGradingService.processNewProgrammingExerciseResult(ProgrammingExerciseGradingService.java:156)
	at de.tum.cit.aet.artemis.assessment.web.open.PublicResultResource.processNewProgrammingExerciseResult(PublicResultResource.java:113)
	at java.base/jdk.internal.reflect.DirectMethodHandleAccessor.invoke(DirectMethodHandleAccessor.java:103)
	at java.base/java.lang.reflect.Method.invoke(Method.java:580)
	at org.springframework.aop.support.AopUtils.invokeJoinpointUsingReflection(AopUtils.java:359)
	at org.springframework.aop.framework.ReflectiveMethodInvocation.invokeJoinpoint(ReflectiveMethodInvocation.java:196)
	at org.springframework.aop.framework.ReflectiveMethodInvocation.proceed(ReflectiveMethodInvocation.java:163)
	at org.springframework.security.authorization.method.AuthorizationManagerBeforeMethodInterceptor.proceed(AuthorizationManagerBeforeMethodInterceptor.java:268)
	at org.springframework.security.authorization.method.AuthorizationManagerBeforeMethodInterceptor.attemptAuthorization(AuthorizationManagerBeforeMethodInterceptor.java:263)
	at org.springframework.security.authorization.method.AuthorizationManagerBeforeMethodInterceptor.invoke(AuthorizationManagerBeforeMethodInterceptor.java:196)
	at org.springframework.security.config.annotation.method.configuration.DeferringMethodInterceptor.invoke(DeferringMethodInterceptor.java:44)
	at org.springframework.aop.framework.ReflectiveMethodInvocation.proceed(ReflectiveMethodInvocation.java:184)
	at org.springframework.aop.framework.CglibAopProxy$DynamicAdvisedInterceptor.intercept(CglibAopProxy.java:727)
	at de.tum.cit.aet.artemis.assessment.web.open.PublicResultResource$$SpringCGLIB$$0.processNewProgrammingExerciseResult(<generated>)
	at java.base/jdk.internal.reflect.DirectMethodHandleAccessor.invoke(DirectMethodHandleAccessor.java:103)
	at java.base/java.lang.reflect.Method.invoke(Method.java:580)
	at org.springframework.web.method.support.InvocableHandlerMethod.doInvoke(InvocableHandlerMethod.java:257)
	at org.springframework.web.method.support.InvocableHandlerMethod.invokeForRequest(InvocableHandlerMethod.java:190)
	at org.springframework.web.servlet.mvc.method.annotation.ServletInvocableHandlerMethod.invokeAndHandle(ServletInvocableHandlerMethod.java:118)
	at org.springframework.web.servlet.mvc.method.annotation.RequestMappingHandlerAdapter.invokeHandlerMethod(RequestMappingHandlerAdapter.java:986)
	at org.springframework.web.servlet.mvc.method.annotation.RequestMappingHandlerAdapter.handleInternal(RequestMappingHandlerAdapter.java:891)
	at org.springframework.web.servlet.mvc.method.AbstractHandlerMethodAdapter.handle(AbstractHandlerMethodAdapter.java:87)
	at org.springframework.web.servlet.DispatcherServlet.doDispatch(DispatcherServlet.java:1088)
	at org.springframework.web.servlet.DispatcherServlet.doService(DispatcherServlet.java:978)
	at org.springframework.web.servlet.FrameworkServlet.processRequest(FrameworkServlet.java:1014)
	at org.springframework.web.servlet.FrameworkServlet.doPost(FrameworkServlet.java:914)
	at jakarta.servlet.http.HttpServlet.service(HttpServlet.java:547)
	at org.springframework.web.servlet.FrameworkServlet.service(FrameworkServlet.java:885)
	at org.springframework.test.web.servlet.TestDispatcherServlet.service(TestDispatcherServlet.java:72)
	at jakarta.servlet.http.HttpServlet.service(HttpServlet.java:614)
	at org.springframework.mock.web.MockFilterChain$ServletFilterProxy.doFilter(MockFilterChain.java:165)
	at org.springframework.mock.web.MockFilterChain.doFilter(MockFilterChain.java:132)
	at org.springframework.web.filter.OncePerRequestFilter.doFilter(OncePerRequestFilter.java:110)
	at org.springframework.test.web.servlet.setup.MockMvcFilterDecorator.doFilter(MockMvcFilterDecorator.java:162)
	at org.springframework.mock.web.MockFilterChain.doFilter(MockFilterChain.java:132)
	at de.tum.cit.aet.artemis.core.security.filter.ApiVersionFilter.doFilter(ApiVersionFilter.java:55)
	at org.springframework.test.web.servlet.setup.MockMvcFilterDecorator.doFilter(MockMvcFilterDecorator.java:162)
	at org.springframework.mock.web.MockFilterChain.doFilter(MockFilterChain.java:132)
	at io.sentry.spring.jakarta.SentryUserFilter.doFilterInternal(SentryUserFilter.java:56)
	at org.springframework.web.filter.OncePerRequestFilter.doFilter(OncePerRequestFilter.java:116)
	at org.springframework.test.web.servlet.setup.MockMvcFilterDecorator.doFilter(MockMvcFilterDecorator.java:162)
	at org.springframework.mock.web.MockFilterChain.doFilter(MockFilterChain.java:132)
	at org.springframework.web.filter.CompositeFilter$VirtualFilterChain.doFilter(CompositeFilter.java:108)
	at org.springframework.security.web.FilterChainProxy.lambda$doFilterInternal$3(FilterChainProxy.java:231)
	at org.springframework.security.web.ObservationFilterChainDecorator$FilterObservation$SimpleFilterObservation.lambda$wrap$1(ObservationFilterChainDecorator.java:479)
	at org.springframework.security.web.ObservationFilterChainDecorator$AroundFilterObservation$SimpleAroundFilterObservation.lambda$wrap$1(ObservationFilterChainDecorator.java:340)
	at org.springframework.security.web.ObservationFilterChainDecorator.lambda$wrapSecured$0(ObservationFilterChainDecorator.java:82)
	at org.springframework.security.web.ObservationFilterChainDecorator$VirtualFilterChain.doFilter(ObservationFilterChainDecorator.java:128)
	at org.springframework.security.web.access.intercept.AuthorizationFilter.doFilter(AuthorizationFilter.java:101)
	at org.springframework.security.web.ObservationFilterChainDecorator$ObservationFilter.wrapFilter(ObservationFilterChainDecorator.java:240)
	at org.springframework.security.web.ObservationFilterChainDecorator$ObservationFilter.doFilter(ObservationFilterChainDecorator.java:227)
	at org.springframework.security.web.ObservationFilterChainDecorator$VirtualFilterChain.doFilter(ObservationFilterChainDecorator.java:137)
	at org.springframework.security.web.access.ExceptionTranslationFilter.doFilter(ExceptionTranslationFilter.java:126)
	at org.springframework.security.web.access.ExceptionTranslationFilter.doFilter(ExceptionTranslationFilter.java:120)
	at org.springframework.security.web.ObservationFilterChainDecorator$ObservationFilter.wrapFilter(ObservationFilterChainDecorator.java:240)
	at org.springframework.security.web.ObservationFilterChainDecorator$ObservationFilter.doFilter(ObservationFilterChainDecorator.java:227)
	at org.springframework.security.web.ObservationFilterChainDecorator$VirtualFilterChain.doFilter(ObservationFilterChainDecorator.java:137)
	at org.springframework.security.web.session.SessionManagementFilter.doFilter(SessionManagementFilter.java:131)
	at org.springframework.security.web.session.SessionManagementFilter.doFilter(SessionManagementFilter.java:85)
	at org.springframework.security.web.ObservationFilterChainDecorator$ObservationFilter.wrapFilter(ObservationFilterChainDecorator.java:240)
	at org.springframework.security.web.ObservationFilterChainDecorator$ObservationFilter.doFilter(ObservationFilterChainDecorator.java:227)
	at org.springframework.security.web.ObservationFilterChainDecorator$VirtualFilterChain.doFilter(ObservationFilterChainDecorator.java:137)
	at org.springframework.security.web.authentication.AnonymousAuthenticationFilter.doFilter(AnonymousAuthenticationFilter.java:100)
	at org.springframework.security.web.ObservationFilterChainDecorator$ObservationFilter.wrapFilter(ObservationFilterChainDecorator.java:240)
	at org.springframework.security.web.ObservationFilterChainDecorator$ObservationFilter.doFilter(ObservationFilterChainDecorator.java:227)
	at org.springframework.security.web.ObservationFilterChainDecorator$VirtualFilterChain.doFilter(ObservationFilterChainDecorator.java:137)
	at org.springframework.security.web.servletapi.SecurityContextHolderAwareRequestFilter.doFilter(SecurityContextHolderAwareRequestFilter.java:179)
	at org.springframework.security.web.ObservationFilterChainDecorator$ObservationFilter.wrapFilter(ObservationFilterChainDecorator.java:240)
	at org.springframework.security.web.ObservationFilterChainDecorator$ObservationFilter.doFilter(ObservationFilterChainDecorator.java:227)
	at org.springframework.security.web.ObservationFilterChainDecorator$VirtualFilterChain.doFilter(ObservationFilterChainDecorator.java:137)
	at org.springframework.security.web.savedrequest.RequestCacheAwareFilter.doFilter(RequestCacheAwareFilter.java:63)
	at org.springframework.security.web.ObservationFilterChainDecorator$ObservationFilter.wrapFilter(ObservationFilterChainDecorator.java:240)
	at org.springframework.security.web.ObservationFilterChainDecorator$ObservationFilter.doFilter(ObservationFilterChainDecorator.java:227)
	at org.springframework.security.web.ObservationFilterChainDecorator$VirtualFilterChain.doFilter(ObservationFilterChainDecorator.java:137)
	at de.tum.cit.aet.artemis.core.security.filter.SpaWebFilter.doFilterInternal(SpaWebFilter.java:23)
	at org.springframework.web.filter.OncePerRequestFilter.doFilter(OncePerRequestFilter.java:116)
	at org.springframework.security.web.ObservationFilterChainDecorator$ObservationFilter.wrapFilter(ObservationFilterChainDecorator.java:240)
	at org.springframework.security.web.ObservationFilterChainDecorator$ObservationFilter.doFilter(ObservationFilterChainDecorator.java:227)
	at org.springframework.security.web.ObservationFilterChainDecorator$VirtualFilterChain.doFilter(ObservationFilterChainDecorator.java:137)
	at org.springframework.web.filter.OncePerRequestFilter.doFilter(OncePerRequestFilter.java:110)
	at org.springframework.security.web.ObservationFilterChainDecorator$ObservationFilter.wrapFilter(ObservationFilterChainDecorator.java:240)
	at org.springframework.security.web.ObservationFilterChainDecorator$ObservationFilter.doFilter(ObservationFilterChainDecorator.java:227)
	at org.springframework.security.web.ObservationFilterChainDecorator$VirtualFilterChain.doFilter(ObservationFilterChainDecorator.java:137)
	at de.tum.cit.aet.artemis.lti.config.Lti13LaunchFilter.doFilterInternal(Lti13LaunchFilter.java:60)
	at org.springframework.web.filter.OncePerRequestFilter.doFilter(OncePerRequestFilter.java:116)
	at org.springframework.security.web.ObservationFilterChainDecorator$ObservationFilter.wrapFilter(ObservationFilterChainDecorator.java:240)
	at org.springframework.security.web.ObservationFilterChainDecorator$ObservationFilter.doFilter(ObservationFilterChainDecorator.java:227)
	at org.springframework.security.web.ObservationFilterChainDecorator$VirtualFilterChain.doFilter(ObservationFilterChainDecorator.java:137)
	at de.tum.cit.aet.artemis.core.security.jwt.JWTFilter.doFilter(JWTFilter.java:55)
	at org.springframework.security.web.ObservationFilterChainDecorator$ObservationFilter.wrapFilter(ObservationFilterChainDecorator.java:240)
	at org.springframework.security.web.ObservationFilterChainDecorator$ObservationFilter.doFilter(ObservationFilterChainDecorator.java:227)
	at org.springframework.security.web.ObservationFilterChainDecorator$VirtualFilterChain.doFilter(ObservationFilterChainDecorator.java:137)
	at de.tum.cit.aet.artemis.core.security.jwt.JWTFilter.doFilter(JWTFilter.java:55)
	at org.springframework.security.web.ObservationFilterChainDecorator$ObservationFilter.wrapFilter(ObservationFilterChainDecorator.java:240)
	at org.springframework.security.web.ObservationFilterChainDecorator$ObservationFilter.doFilter(ObservationFilterChainDecorator.java:227)
	at org.springframework.security.web.ObservationFilterChainDecorator$VirtualFilterChain.doFilter(ObservationFilterChainDecorator.java:137)
	at org.springframework.web.filter.CorsFilter.doFilterInternal(CorsFilter.java:91)
	at org.springframework.web.filter.OncePerRequestFilter.doFilter(OncePerRequestFilter.java:116)
	at org.springframework.security.web.ObservationFilterChainDecorator$ObservationFilter.wrapFilter(ObservationFilterChainDecorator.java:240)
	at org.springframework.security.web.ObservationFilterChainDecorator$ObservationFilter.doFilter(ObservationFilterChainDecorator.java:227)
	at org.springframework.security.web.ObservationFilterChainDecorator$VirtualFilterChain.doFilter(ObservationFilterChainDecorator.java:137)
	at org.springframework.web.filter.OncePerRequestFilter.doFilter(OncePerRequestFilter.java:110)
	at org.springframework.security.web.ObservationFilterChainDecorator$ObservationFilter.wrapFilter(ObservationFilterChainDecorator.java:240)
	at org.springframework.security.web.ObservationFilterChainDecorator$ObservationFilter.doFilter(ObservationFilterChainDecorator.java:227)
	at org.springframework.security.web.ObservationFilterChainDecorator$VirtualFilterChain.doFilter(ObservationFilterChainDecorator.java:137)
	at uk.ac.ox.ctl.lti13.security.oauth2.client.lti.web.OAuth2AuthorizationRequestRedirectFilter.doFilterInternal(OAuth2AuthorizationRequestRedirectFilter.java:142)
	at org.springframework.web.filter.OncePerRequestFilter.doFilter(OncePerRequestFilter.java:116)
	at org.springframework.security.web.ObservationFilterChainDecorator$ObservationFilter.wrapFilter(ObservationFilterChainDecorator.java:240)
	at org.springframework.security.web.ObservationFilterChainDecorator$ObservationFilter.doFilter(ObservationFilterChainDecorator.java:227)
	at org.springframework.security.web.ObservationFilterChainDecorator$VirtualFilterChain.doFilter(ObservationFilterChainDecorator.java:137)
	at org.springframework.security.web.authentication.logout.LogoutFilter.doFilter(LogoutFilter.java:107)
	at org.springframework.security.web.authentication.logout.LogoutFilter.doFilter(LogoutFilter.java:93)
	at org.springframework.security.web.ObservationFilterChainDecorator$ObservationFilter.wrapFilter(ObservationFilterChainDecorator.java:240)
	at org.springframework.security.web.ObservationFilterChainDecorator$ObservationFilter.doFilter(ObservationFilterChainDecorator.java:227)
	at org.springframework.security.web.ObservationFilterChainDecorator$VirtualFilterChain.doFilter(ObservationFilterChainDecorator.java:137)
	at org.springframework.security.web.header.HeaderWriterFilter.doHeadersAfter(HeaderWriterFilter.java:90)
	at org.springframework.security.web.header.HeaderWriterFilter.doFilterInternal(HeaderWriterFilter.java:75)
	at org.springframework.web.filter.OncePerRequestFilter.doFilter(OncePerRequestFilter.java:116)
	at org.springframework.security.web.ObservationFilterChainDecorator$ObservationFilter.wrapFilter(ObservationFilterChainDecorator.java:240)
	at org.springframework.security.web.ObservationFilterChainDecorator$ObservationFilter.doFilter(ObservationFilterChainDecorator.java:227)
	at org.springframework.security.web.ObservationFilterChainDecorator$VirtualFilterChain.doFilter(ObservationFilterChainDecorator.java:137)
	at org.springframework.security.web.context.SecurityContextHolderFilter.doFilter(SecurityContextHolderFilter.java:82)
	at org.springframework.security.web.context.SecurityContextHolderFilter.doFilter(SecurityContextHolderFilter.java:69)
	at org.springframework.security.web.ObservationFilterChainDecorator$ObservationFilter.wrapFilter(ObservationFilterChainDecorator.java:240)
	at org.springframework.security.web.ObservationFilterChainDecorator$ObservationFilter.doFilter(ObservationFilterChainDecorator.java:227)
	at org.springframework.security.web.ObservationFilterChainDecorator$VirtualFilterChain.doFilter(ObservationFilterChainDecorator.java:137)
	at org.springframework.security.web.context.request.async.WebAsyncManagerIntegrationFilter.doFilterInternal(WebAsyncManagerIntegrationFilter.java:62)
	at org.springframework.web.filter.OncePerRequestFilter.doFilter(OncePerRequestFilter.java:116)
	at org.springframework.security.web.ObservationFilterChainDecorator$ObservationFilter.wrapFilter(ObservationFilterChainDecorator.java:240)
	at org.springframework.security.web.ObservationFilterChainDecorator$ObservationFilter.doFilter(ObservationFilterChainDecorator.java:227)
	at org.springframework.security.web.ObservationFilterChainDecorator$VirtualFilterChain.doFilter(ObservationFilterChainDecorator.java:137)
	at org.springframework.security.web.session.DisableEncodeUrlFilter.doFilterInternal(DisableEncodeUrlFilter.java:42)
	at org.springframework.web.filter.OncePerRequestFilter.doFilter(OncePerRequestFilter.java:116)
	at org.springframework.security.web.ObservationFilterChainDecorator$ObservationFilter.wrapFilter(ObservationFilterChainDecorator.java:240)
	at org.springframework.security.web.ObservationFilterChainDecorator$AroundFilterObservation$SimpleAroundFilterObservation.lambda$wrap$0(ObservationFilterChainDecorator.java:323)
	at org.springframework.security.web.ObservationFilterChainDecorator$ObservationFilter.doFilter(ObservationFilterChainDecorator.java:224)
	at org.springframework.security.web.ObservationFilterChainDecorator$VirtualFilterChain.doFilter(ObservationFilterChainDecorator.java:137)
	at org.springframework.security.web.FilterChainProxy.doFilterInternal(FilterChainProxy.java:233)
	at org.springframework.security.web.FilterChainProxy.doFilter(FilterChainProxy.java:191)
	at org.springframework.web.filter.CompositeFilter$VirtualFilterChain.doFilter(CompositeFilter.java:113)
	at org.springframework.web.servlet.handler.HandlerMappingIntrospector.lambda$createCacheFilter$3(HandlerMappingIntrospector.java:243)
	at org.springframework.web.filter.CompositeFilter$VirtualFilterChain.doFilter(CompositeFilter.java:113)
	at org.springframework.web.filter.CompositeFilter.doFilter(CompositeFilter.java:74)
	at org.springframework.security.config.annotation.web.configuration.WebMvcSecurityConfiguration$CompositeFilterChainProxy.doFilter(WebMvcSecurityConfiguration.java:238)
	at org.springframework.web.filter.DelegatingFilterProxy.invokeDelegate(DelegatingFilterProxy.java:362)
	at org.springframework.web.filter.DelegatingFilterProxy.doFilter(DelegatingFilterProxy.java:278)
	at org.springframework.test.web.servlet.setup.MockMvcFilterDecorator.doFilter(MockMvcFilterDecorator.java:162)
	at org.springframework.mock.web.MockFilterChain.doFilter(MockFilterChain.java:132)
	at org.springframework.web.filter.RequestContextFilter.doFilterInternal(RequestContextFilter.java:100)
	at org.springframework.web.filter.OncePerRequestFilter.doFilter(OncePerRequestFilter.java:116)
	at org.springframework.test.web.servlet.setup.MockMvcFilterDecorator.doFilter(MockMvcFilterDecorator.java:162)
	at org.springframework.mock.web.MockFilterChain.doFilter(MockFilterChain.java:132)
	at org.springframework.web.filter.FormContentFilter.doFilterInternal(FormContentFilter.java:93)
	at org.springframework.web.filter.OncePerRequestFilter.doFilter(OncePerRequestFilter.java:116)
	at org.springframework.test.web.servlet.setup.MockMvcFilterDecorator.doFilter(MockMvcFilterDecorator.java:162)
	at org.springframework.mock.web.MockFilterChain.doFilter(MockFilterChain.java:132)
	at org.springframework.web.filter.ServerHttpObservationFilter.doFilterInternal(ServerHttpObservationFilter.java:114)
	at org.springframework.web.filter.OncePerRequestFilter.doFilter(OncePerRequestFilter.java:116)
	at org.springframework.test.web.servlet.setup.MockMvcFilterDecorator.doFilter(MockMvcFilterDecorator.java:162)
	at org.springframework.mock.web.MockFilterChain.doFilter(MockFilterChain.java:132)
	at io.sentry.spring.jakarta.tracing.SentryTracingFilter.doFilterInternal(SentryTracingFilter.java:91)
	at org.springframework.web.filter.OncePerRequestFilter.doFilter(OncePerRequestFilter.java:116)
	at org.springframework.test.web.servlet.setup.MockMvcFilterDecorator.doFilter(MockMvcFilterDecorator.java:162)
	at org.springframework.mock.web.MockFilterChain.doFilter(MockFilterChain.java:132)
	at org.springframework.web.filter.CharacterEncodingFilter.doFilterInternal(CharacterEncodingFilter.java:201)
	at org.springframework.web.filter.OncePerRequestFilter.doFilter(OncePerRequestFilter.java:116)
	at org.springframework.test.web.servlet.setup.MockMvcFilterDecorator.doFilter(MockMvcFilterDecorator.java:162)
	at org.springframework.mock.web.MockFilterChain.doFilter(MockFilterChain.java:132)
	at io.sentry.spring.jakarta.SentrySpringFilter.doFilterInternal(SentrySpringFilter.java:76)
	at org.springframework.web.filter.OncePerRequestFilter.doFilter(OncePerRequestFilter.java:116)
	at org.springframework.test.web.servlet.setup.MockMvcFilterDecorator.doFilter(MockMvcFilterDecorator.java:162)
	at org.springframework.mock.web.MockFilterChain.doFilter(MockFilterChain.java:132)
	at org.springframework.test.web.servlet.MockMvc.perform(MockMvc.java:201)
	at de.tum.cit.aet.artemis.core.util.RequestUtilService.performMvcRequest(RequestUtilService.java:79)
	at de.tum.cit.aet.artemis.core.util.RequestUtilService.postWithoutLocation(RequestUtilService.java:213)
	at de.tum.cit.aet.artemis.core.util.RequestUtilService.postWithoutLocation(RequestUtilService.java:199)
	at de.tum.cit.aet.artemis.programming.ProgrammingSubmissionAndResultGitlabJenkinsIntegrationTest.postResult(ProgrammingSubmissionAndResultGitlabJenkinsIntegrationTest.java:413)
	at de.tum.cit.aet.artemis.programming.ProgrammingSubmissionAndResultGitlabJenkinsIntegrationTest.shouldSaveBuildLogsOnStudentParticipationWithoutSubmissionNorResult(ProgrammingSubmissionAndResultGitlabJenkinsIntegrationTest.java:338)
	at java.base/jdk.internal.reflect.DirectMethodHandleAccessor.invoke(DirectMethodHandleAccessor.java:103)
	at java.base/java.lang.reflect.Method.invoke(Method.java:580)
	at org.junit.platform.commons.util.ReflectionUtils.invokeMethod(ReflectionUtils.java:767)
	at org.junit.jupiter.engine.execution.MethodInvocation.proceed(MethodInvocation.java:60)
	at org.junit.jupiter.engine.execution.InvocationInterceptorChain$ValidatingInvocation.proceed(InvocationInterceptorChain.java:131)
	at org.junit.jupiter.engine.extension.TimeoutExtension.intercept(TimeoutExtension.java:156)
	at org.junit.jupiter.engine.extension.TimeoutExtension.interceptTestableMethod(TimeoutExtension.java:147)
	at org.junit.jupiter.engine.extension.TimeoutExtension.interceptTestTemplateMethod(TimeoutExtension.java:94)
	at org.junit.jupiter.engine.execution.InterceptingExecutableInvoker$ReflectiveInterceptorCall.lambda$ofVoidMethod$0(InterceptingExecutableInvoker.java:103)
	at org.junit.jupiter.engine.execution.InterceptingExecutableInvoker.lambda$invoke$0(InterceptingExecutableInvoker.java:93)
	at org.junit.jupiter.engine.execution.InvocationInterceptorChain$InterceptedInvocation.proceed(InvocationInterceptorChain.java:106)
	at org.junit.jupiter.engine.execution.InvocationInterceptorChain.proceed(InvocationInterceptorChain.java:64)
	at org.junit.jupiter.engine.execution.InvocationInterceptorChain.chainAndInvoke(InvocationInterceptorChain.java:45)
	at org.junit.jupiter.engine.execution.InvocationInterceptorChain.invoke(InvocationInterceptorChain.java:37)
	at org.junit.jupiter.engine.execution.InterceptingExecutableInvoker.invoke(InterceptingExecutableInvoker.java:92)
	at org.junit.jupiter.engine.execution.InterceptingExecutableInvoker.invoke(InterceptingExecutableInvoker.java:86)
	at org.junit.jupiter.engine.descriptor.TestMethodTestDescriptor.lambda$invokeTestMethod$8(TestMethodTestDescriptor.java:217)
	at org.junit.platform.engine.support.hierarchical.ThrowableCollector.execute(ThrowableCollector.java:73)
	at org.junit.jupiter.engine.descriptor.TestMethodTestDescriptor.invokeTestMethod(TestMethodTestDescriptor.java:213)
	at org.junit.jupiter.engine.descriptor.TestMethodTestDescriptor.execute(TestMethodTestDescriptor.java:138)
	at org.junit.jupiter.engine.descriptor.TestMethodTestDescriptor.execute(TestMethodTestDescriptor.java:68)
	at org.junit.platform.engine.support.hierarchical.NodeTestTask.lambda$executeRecursively$6(NodeTestTask.java:156)
	at org.junit.platform.engine.support.hierarchical.ThrowableCollector.execute(ThrowableCollector.java:73)
	at org.junit.platform.engine.support.hierarchical.NodeTestTask.lambda$executeRecursively$8(NodeTestTask.java:146)
	at org.junit.platform.engine.support.hierarchical.Node.around(Node.java:137)
	at org.junit.platform.engine.support.hierarchical.NodeTestTask.lambda$executeRecursively$9(NodeTestTask.java:144)
	at org.junit.platform.engine.support.hierarchical.ThrowableCollector.execute(ThrowableCollector.java:73)
	at org.junit.platform.engine.support.hierarchical.NodeTestTask.executeRecursively(NodeTestTask.java:143)
	at org.junit.platform.engine.support.hierarchical.NodeTestTask.execute(NodeTestTask.java:100)
	at org.junit.platform.engine.support.hierarchical.ForkJoinPoolHierarchicalTestExecutorService$ExclusiveTask.exec(ForkJoinPoolHierarchicalTestExecutorService.java:274)
	at org.junit.platform.engine.support.hierarchical.ForkJoinPoolHierarchicalTestExecutorService$ExclusiveTask.execSync(ForkJoinPoolHierarchicalTestExecutorService.java:247)
	at org.junit.platform.engine.support.hierarchical.ForkJoinPoolHierarchicalTestExecutorService.submit(ForkJoinPoolHierarchicalTestExecutorService.java:148)
	at org.junit.platform.engine.support.hierarchical.NodeTestTask$DefaultDynamicTestExecutor.execute(NodeTestTask.java:231)
	at org.junit.platform.engine.support.hierarchical.NodeTestTask$DefaultDynamicTestExecutor.execute(NodeTestTask.java:209)
	at org.junit.jupiter.engine.descriptor.TestTemplateTestDescriptor.execute(TestTemplateTestDescriptor.java:141)
	at org.junit.jupiter.engine.descriptor.TestTemplateTestDescriptor.lambda$execute$3(TestTemplateTestDescriptor.java:109)
	at java.base/java.util.stream.ForEachOps$ForEachOp$OfRef.accept(ForEachOps.java:184)
	at java.base/java.util.stream.ReferencePipeline$3$1.accept(ReferencePipeline.java:197)
	at java.base/java.util.stream.ReferencePipeline$2$1.accept(ReferencePipeline.java:179)
	at java.base/java.util.stream.ReferencePipeline$3$1.accept(ReferencePipeline.java:197)
	at java.base/java.util.stream.ForEachOps$ForEachOp$OfRef.accept(ForEachOps.java:184)
	at java.base/java.util.stream.ReferencePipeline$3$1.accept(ReferencePipeline.java:197)
	at java.base/java.util.stream.ForEachOps$ForEachOp$OfRef.accept(ForEachOps.java:184)
	at java.base/java.util.stream.ForEachOps$ForEachOp$OfRef.accept(ForEachOps.java:184)
	at java.base/java.util.stream.ReferencePipeline$3$1.accept(ReferencePipeline.java:197)
	at java.base/java.util.stream.ForEachOps$ForEachOp$OfRef.accept(ForEachOps.java:184)
	at java.base/java.util.Spliterators$ArraySpliterator.forEachRemaining(Spliterators.java:1024)
	at java.base/java.util.stream.ReferencePipeline$Head.forEach(ReferencePipeline.java:762)
	at java.base/java.util.stream.ReferencePipeline$7$1.accept(ReferencePipeline.java:276)
	at java.base/java.util.Iterator.forEachRemaining(Iterator.java:133)
	at java.base/java.util.Spliterators$IteratorSpliterator.forEachRemaining(Spliterators.java:1939)
	at java.base/java.util.stream.AbstractPipeline.copyInto(AbstractPipeline.java:509)
	at java.base/java.util.stream.AbstractPipeline.wrapAndCopyInto(AbstractPipeline.java:499)
	at java.base/java.util.stream.ForEachOps$ForEachOp.evaluateSequential(ForEachOps.java:151)
	at java.base/java.util.stream.ForEachOps$ForEachOp$OfRef.evaluateSequential(ForEachOps.java:174)
	at java.base/java.util.stream.AbstractPipeline.evaluate(AbstractPipeline.java:234)
	at java.base/java.util.stream.ReferencePipeline.forEach(ReferencePipeline.java:596)
	at java.base/java.util.stream.ReferencePipeline$7$1.accept(ReferencePipeline.java:276)
	at java.base/java.util.stream.ReferencePipeline$3$1.accept(ReferencePipeline.java:197)
	at java.base/java.util.stream.ReferencePipeline$3$1.accept(ReferencePipeline.java:197)
	at java.base/java.util.stream.ReferencePipeline$3$1.accept(ReferencePipeline.java:197)
	at java.base/java.util.Spliterators$ArraySpliterator.forEachRemaining(Spliterators.java:1024)
	at java.base/java.util.stream.AbstractPipeline.copyInto(AbstractPipeline.java:509)
	at java.base/java.util.stream.AbstractPipeline.wrapAndCopyInto(AbstractPipeline.java:499)
	at java.base/java.util.stream.ForEachOps$ForEachOp.evaluateSequential(ForEachOps.java:151)
	at java.base/java.util.stream.ForEachOps$ForEachOp$OfRef.evaluateSequential(ForEachOps.java:174)
	at java.base/java.util.stream.AbstractPipeline.evaluate(AbstractPipeline.java:234)
	at java.base/java.util.stream.ReferencePipeline.forEach(ReferencePipeline.java:596)
	at java.base/java.util.stream.ReferencePipeline$7$1.accept(ReferencePipeline.java:276)
	at java.base/java.util.ArrayList$ArrayListSpliterator.forEachRemaining(ArrayList.java:1708)
	at java.base/java.util.stream.AbstractPipeline.copyInto(AbstractPipeline.java:509)
	at java.base/java.util.stream.AbstractPipeline.wrapAndCopyInto(AbstractPipeline.java:499)
	at java.base/java.util.stream.ForEachOps$ForEachOp.evaluateSequential(ForEachOps.java:151)
	at java.base/java.util.stream.ForEachOps$ForEachOp$OfRef.evaluateSequential(ForEachOps.java:174)
	at java.base/java.util.stream.AbstractPipeline.evaluate(AbstractPipeline.java:234)
	at java.base/java.util.stream.ReferencePipeline.forEach(ReferencePipeline.java:596)
	at java.base/java.util.stream.ReferencePipeline$7$1.accept(ReferencePipeline.java:276)
	at java.base/java.util.stream.ReferencePipeline$3$1.accept(ReferencePipeline.java:197)
	at java.base/java.util.stream.ReferencePipeline$3$1.accept(ReferencePipeline.java:197)
	at java.base/java.util.stream.ReferencePipeline$3$1.accept(ReferencePipeline.java:197)
	at java.base/java.util.ArrayList$ArrayListSpliterator.forEachRemaining(ArrayList.java:1708)
	at java.base/java.util.stream.AbstractPipeline.copyInto(AbstractPipeline.java:509)
	at java.base/java.util.stream.AbstractPipeline.wrapAndCopyInto(AbstractPipeline.java:499)
	at java.base/java.util.stream.ForEachOps$ForEachOp.evaluateSequential(ForEachOps.java:151)
	at java.base/java.util.stream.ForEachOps$ForEachOp$OfRef.evaluateSequential(ForEachOps.java:174)
	at java.base/java.util.stream.AbstractPipeline.evaluate(AbstractPipeline.java:234)
	at java.base/java.util.stream.ReferencePipeline.forEach(ReferencePipeline.java:596)
	at java.base/java.util.stream.ReferencePipeline$7$1.accept(ReferencePipeline.java:276)
	at java.base/java.util.ArrayList$ArrayListSpliterator.forEachRemaining(ArrayList.java:1708)
	at java.base/java.util.stream.AbstractPipeline.copyInto(AbstractPipeline.java:509)
	at java.base/java.util.stream.AbstractPipeline.wrapAndCopyInto(AbstractPipeline.java:499)
	at java.base/java.util.stream.ForEachOps$ForEachOp.evaluateSequential(ForEachOps.java:151)
	at java.base/java.util.stream.ForEachOps$ForEachOp$OfRef.evaluateSequential(ForEachOps.java:174)
	at java.base/java.util.stream.AbstractPipeline.evaluate(AbstractPipeline.java:234)
	at java.base/java.util.stream.ReferencePipeline.forEach(ReferencePipeline.java:596)
	at org.junit.jupiter.engine.descriptor.TestTemplateTestDescriptor.execute(TestTemplateTestDescriptor.java:109)
	at org.junit.jupiter.engine.descriptor.TestTemplateTestDescriptor.execute(TestTemplateTestDescriptor.java:43)
	at org.junit.platform.engine.support.hierarchical.NodeTestTask.lambda$executeRecursively$6(NodeTestTask.java:156)
	at org.junit.platform.engine.support.hierarchical.ThrowableCollector.execute(ThrowableCollector.java:73)
	at org.junit.platform.engine.support.hierarchical.NodeTestTask.lambda$executeRecursively$8(NodeTestTask.java:146)
	at org.junit.platform.engine.support.hierarchical.Node.around(Node.java:137)
	at org.junit.platform.engine.support.hierarchical.NodeTestTask.lambda$executeRecursively$9(NodeTestTask.java:144)
	at org.junit.platform.engine.support.hierarchical.ThrowableCollector.execute(ThrowableCollector.java:73)
	at org.junit.platform.engine.support.hierarchical.NodeTestTask.executeRecursively(NodeTestTask.java:143)
	at org.junit.platform.engine.support.hierarchical.NodeTestTask.execute(NodeTestTask.java:100)
	at org.junit.platform.engine.support.hierarchical.ForkJoinPoolHierarchicalTestExecutorService$ExclusiveTask.exec(ForkJoinPoolHierarchicalTestExecutorService.java:274)
	at org.junit.platform.engine.support.hierarchical.ForkJoinPoolHierarchicalTestExecutorService$ExclusiveTask.execSync(ForkJoinPoolHierarchicalTestExecutorService.java:247)
	at org.junit.platform.engine.support.hierarchical.ForkJoinPoolHierarchicalTestExecutorService.executeSync(ForkJoinPoolHierarchicalTestExecutorService.java:194)
	at org.junit.platform.engine.support.hierarchical.ForkJoinPoolHierarchicalTestExecutorService.invokeAll(ForkJoinPoolHierarchicalTestExecutorService.java:166)
	at org.junit.platform.engine.support.hierarchical.NodeTestTask.lambda$executeRecursively$6(NodeTestTask.java:160)
	at org.junit.platform.engine.support.hierarchical.ThrowableCollector.execute(ThrowableCollector.java:73)
	at org.junit.platform.engine.support.hierarchical.NodeTestTask.lambda$executeRecursively$8(NodeTestTask.java:146)
	at org.junit.platform.engine.support.hierarchical.Node.around(Node.java:137)
	at org.junit.platform.engine.support.hierarchical.NodeTestTask.lambda$executeRecursively$9(NodeTestTask.java:144)
	at org.junit.platform.engine.support.hierarchical.ThrowableCollector.execute(ThrowableCollector.java:73)
	at org.junit.platform.engine.support.hierarchical.NodeTestTask.executeRecursively(NodeTestTask.java:143)
	at org.junit.platform.engine.support.hierarchical.NodeTestTask.execute(NodeTestTask.java:100)
	at org.junit.platform.engine.support.hierarchical.ForkJoinPoolHierarchicalTestExecutorService$ExclusiveTask.exec(ForkJoinPoolHierarchicalTestExecutorService.java:274)
	at java.base/java.util.concurrent.ForkJoinTask.doExec(ForkJoinTask.java:387)
	at java.base/java.util.concurrent.ForkJoinPool$WorkQueue.topLevelExec(ForkJoinPool.java:1312)
	at java.base/java.util.concurrent.ForkJoinPool.scan(ForkJoinPool.java:1843)
	at java.base/java.util.concurrent.ForkJoinPool.runWorker(ForkJoinPool.java:1808)
	at java.base/java.util.concurrent.ForkJoinWorkerThread.run(ForkJoinWorkerThread.java:188)
    23:48:50.776 | 463 ool-1-worker-227 | DEBUG | .c.s.m.InstanceMessageReceiveService : Received schedule participant score for exercise 3230 and participant 773 (result to be deleted: null)
    23:48:50.776 | 463 ool-1-worker-227 | DEBUG | .a.s.ParticipantScoreScheduleService : Scheduled task for exercise 3230 and participant 773 at 2025-02-14T23:48:50.876345054Z[Etc/UTC].
    23:48:50.777 | 463 ool-1-worker-227 | DEBUG | .a.a.p.s.ProgrammingMessagingService : Send result to client over websocket. Result: Result{id784, completionDate=2025-02-14T23:48:50.750116300Z, successful=false, score=0.0, rated=true, assessmentType=AUTOMATIC, hasComplaint=null, testCaseCount=0, passedTestCaseCount=0, codeIssueCount=0}, Submission: ProgrammingSubmission{commitHash='9b3a9bd71a0d80e5bbc42204c319ed3d1d4f0d6d', buildFailed=true, buildArtifact=false, type=MANUAL}, Participation: ProgrammingExerciseStudentParticipation{id=3995, repositoryUri='https://version-control.fake.fake/git/SHORT306E90A00CF46049010A1D10E623423C6B80TSTEXC/short306e90a00cf46049010a1d10e623423c6b80tstexc-progsubresgitlabjenstudent1.git', buildPlanId='SHORT306E90A00CF46049010A1D10E623423C6B80TSTEXC-PROGSUBRESGITLABJENSTUDENT1', initializationState='INITIALIZED', initializationDate='2025-02-14T23:48:50.748363Z', individualDueDate=null', presentationScore=null}
    23:48:50.779 | 463 ool-1-worker-227 | INFO  | d.t.c.a.a.a.w.o.PublicResultResource : The new result for SHORT306E90A00CF46049010A1D10E623423C6B80TSTEXC-PROGSUBRESGITLABJENSTUDENT1 was saved successfully
    23:48:50.782 | 463 ool-1-worker-227 | DEBUG | d.t.c.a.a.c.s.f.ApiVersionFilter     : Adding Version to Request GET /api/repository/3995/buildlogs
    23:48:50.783 | 463 ool-1-worker-227 | DEBUG | rammingExerciseParticipationResource : REST request to get build log : 3995

  Starting logs for ProgrammingSubmissionAndResultGitlabJenkinsIntegrationTest > shouldSaveBuildLogsOnStudentParticipationWithoutSubmissionNorResult(ProgrammingLanguage, boolean) [16] programmingLanguage=EMPTY, enableStaticCodeAnalysis=false
    23:48:50.795 | 463 ool-1-worker-227 | DEBUG | d.t.c.a.a.c.u.util.UserUtilService   : Generate 3 students...
    23:48:50.799 | 463 ool-1-worker-227 | DEBUG | d.t.c.a.a.c.u.util.UserUtilService   : 3 students generated. Generate 2 tutors...
    23:48:50.802 | 463 ool-1-worker-227 | DEBUG | d.t.c.a.a.c.u.util.UserUtilService   : 2 tutors generated. Generate 0 editors...
    23:48:50.803 | 463 ool-1-worker-227 | DEBUG | d.t.c.a.a.c.u.util.UserUtilService   : 0 editors generated. Generate 2 instructors...
    23:48:50.807 | 463 ool-1-worker-227 | DEBUG | d.t.c.a.a.c.u.util.UserUtilService   : 2 instructors generated
    23:48:50.808 | 463 ool-1-worker-227 | DEBUG | d.t.c.a.a.c.u.util.UserUtilService   : Removing 7 users from all courses...
    23:48:50.809 | 463 ool-1-worker-227 | DEBUG | d.t.c.a.a.c.u.util.UserUtilService   : Removing 7 users from all courses. Done
    23:48:50.809 | 463 ool-1-worker-227 | DEBUG | d.t.c.a.a.c.u.util.UserUtilService   : Save 7 users to database...
    23:48:50.813 | 463 ool-1-worker-227 | DEBUG | d.t.c.a.a.c.u.util.UserUtilService   : Save 7 users to database. Done
    23:48:50.831 | 463 ool-1-worker-227 | DEBUG | PersonalAccessTokenManagementService : Generate secure vcs access token
    23:48:50.834 | 463 ool-1-worker-227 | DEBUG | PersonalAccessTokenManagementService : Generate secure vcs access token
    23:48:50.836 | 463 ool-1-worker-227 | INFO  | i.z.t.d.l.EmbeddedDatabaseReporter   : JDBC URL to connect to 'dataSource': url='jdbc:h2:tcp://localhost:41063/mem:736625c0-cf5e-400d-aeaa-8a7eabd6262b;USER=sa', scope='ProgrammingSubmissionAndResultGitlabJenkinsIntegrationTest#shouldSaveBuildLogsOnStudentParticipationWithoutSubmissionNorResult'
    23:48:50.848 | 463 ool-1-worker-227 | DEBUG | PersonalAccessTokenManagementService : Generate secure vcs access token
    23:48:50.852 | 463 ool-1-worker-227 | DEBUG | d.t.c.a.a.c.s.f.ApiVersionFilter     : Adding Version to Request POST /api/public/programming-exercises/new-result
    23:48:50.853 | 463 ool-1-worker-227 | DEBUG | d.t.c.a.a.a.w.o.PublicResultResource : Received result notify (NEW)
    23:48:50.856 | 463 ool-1-worker-227 | INFO  | d.t.c.a.a.a.w.o.PublicResultResource : Artemis received a new result for build plan SHORT0ED32E8F019B704F6C0BAD108482C65811E5TSTEXC-PROGSUBRESGITLABJENSTUDENT1
    23:48:50.857 | 463 ool-1-worker-227 | DEBUG | .s.ProgrammingExerciseGradingService : Received new build result (NEW) for participation 4002
    23:48:50.861 | 463 ool-1-worker-227 | WARN  | .s.ProgrammingExerciseGradingService : Could not find pending ProgrammingSubmission for Commit Hash 9b3a9bd71a0d80e5bbc42204c319ed3d1d4f0d6d (Participation 4002, Build Plan SHORT0ED32E8F019B704F6C0BAD108482C65811E5TSTEXC-PROGSUBRESGITLABJENSTUDENT1). Will create a new one subsequently...
    23:48:50.861 | 463 ool-1-worker-227 | ERROR | .s.ProgrammingExerciseGradingService : Could not retrieve push date for participation 4002 and build plan SHORT0ED32E8F019B704F6C0BAD108482C65811E5TSTEXC-PROGSUBRESGITLABJENSTUDENT1
de.tum.cit.aet.artemis.programming.service.gitlab.GitLabException: Could not find build queue date for participation 4002
	at de.tum.cit.aet.artemis.programming.service.gitlab.GitLabService.getPushDate(GitLabService.java:369)
	at de.tum.cit.aet.artemis.programming.service.gitlab.GitLabService.getPushDate(GitLabService.java:358)
	at de.tum.cit.aet.artemis.programming.service.ProgrammingExerciseGradingService.createAndSaveFallbackSubmission(ProgrammingExerciseGradingService.java:286)
	at de.tum.cit.aet.artemis.programming.service.ProgrammingExerciseGradingService.createAndSaveFallbackSubmission(ProgrammingExerciseGradingService.java:272)
	at de.tum.cit.aet.artemis.programming.service.ProgrammingExerciseGradingService.lambda$processNewProgrammingExerciseResult$0(ProgrammingExerciseGradingService.java:177)
	at java.base/java.util.Optional.orElseGet(Optional.java:364)
	at de.tum.cit.aet.artemis.programming.service.ProgrammingExerciseGradingService.processNewProgrammingExerciseResult(ProgrammingExerciseGradingService.java:177)
	at de.tum.cit.aet.artemis.programming.service.ProgrammingExerciseGradingService.processNewProgrammingExerciseResult(ProgrammingExerciseGradingService.java:156)
	at de.tum.cit.aet.artemis.assessment.web.open.PublicResultResource.processNewProgrammingExerciseResult(PublicResultResource.java:113)
	at java.base/jdk.internal.reflect.DirectMethodHandleAccessor.invoke(DirectMethodHandleAccessor.java:103)
	at java.base/java.lang.reflect.Method.invoke(Method.java:580)
	at org.springframework.aop.support.AopUtils.invokeJoinpointUsingReflection(AopUtils.java:359)
	at org.springframework.aop.framework.ReflectiveMethodInvocation.invokeJoinpoint(ReflectiveMethodInvocation.java:196)
	at org.springframework.aop.framework.ReflectiveMethodInvocation.proceed(ReflectiveMethodInvocation.java:163)
	at org.springframework.security.authorization.method.AuthorizationManagerBeforeMethodInterceptor.proceed(AuthorizationManagerBeforeMethodInterceptor.java:268)
	at org.springframework.security.authorization.method.AuthorizationManagerBeforeMethodInterceptor.attemptAuthorization(AuthorizationManagerBeforeMethodInterceptor.java:263)
	at org.springframework.security.authorization.method.AuthorizationManagerBeforeMethodInterceptor.invoke(AuthorizationManagerBeforeMethodInterceptor.java:196)
	at org.springframework.security.config.annotation.method.configuration.DeferringMethodInterceptor.invoke(DeferringMethodInterceptor.java:44)
	at org.springframework.aop.framework.ReflectiveMethodInvocation.proceed(ReflectiveMethodInvocation.java:184)
	at org.springframework.aop.framework.CglibAopProxy$DynamicAdvisedInterceptor.intercept(CglibAopProxy.java:727)
	at de.tum.cit.aet.artemis.assessment.web.open.PublicResultResource$$SpringCGLIB$$0.processNewProgrammingExerciseResult(<generated>)
	at java.base/jdk.internal.reflect.DirectMethodHandleAccessor.invoke(DirectMethodHandleAccessor.java:103)
	at java.base/java.lang.reflect.Method.invoke(Method.java:580)
	at org.springframework.web.method.support.InvocableHandlerMethod.doInvoke(InvocableHandlerMethod.java:257)
	at org.springframework.web.method.support.InvocableHandlerMethod.invokeForRequest(InvocableHandlerMethod.java:190)
	at org.springframework.web.servlet.mvc.method.annotation.ServletInvocableHandlerMethod.invokeAndHandle(ServletInvocableHandlerMethod.java:118)
	at org.springframework.web.servlet.mvc.method.annotation.RequestMappingHandlerAdapter.invokeHandlerMethod(RequestMappingHandlerAdapter.java:986)
	at org.springframework.web.servlet.mvc.method.annotation.RequestMappingHandlerAdapter.handleInternal(RequestMappingHandlerAdapter.java:891)
	at org.springframework.web.servlet.mvc.method.AbstractHandlerMethodAdapter.handle(AbstractHandlerMethodAdapter.java:87)
	at org.springframework.web.servlet.DispatcherServlet.doDispatch(DispatcherServlet.java:1088)
	at org.springframework.web.servlet.DispatcherServlet.doService(DispatcherServlet.java:978)
	at org.springframework.web.servlet.FrameworkServlet.processRequest(FrameworkServlet.java:1014)
	at org.springframework.web.servlet.FrameworkServlet.doPost(FrameworkServlet.java:914)
	at jakarta.servlet.http.HttpServlet.service(HttpServlet.java:547)
	at org.springframework.web.servlet.FrameworkServlet.service(FrameworkServlet.java:885)
	at org.springframework.test.web.servlet.TestDispatcherServlet.service(TestDispatcherServlet.java:72)
	at jakarta.servlet.http.HttpServlet.service(HttpServlet.java:614)
	at org.springframework.mock.web.MockFilterChain$ServletFilterProxy.doFilter(MockFilterChain.java:165)
	at org.springframework.mock.web.MockFilterChain.doFilter(MockFilterChain.java:132)
	at org.springframework.web.filter.OncePerRequestFilter.doFilter(OncePerRequestFilter.java:110)
	at org.springframework.test.web.servlet.setup.MockMvcFilterDecorator.doFilter(MockMvcFilterDecorator.java:162)
	at org.springframework.mock.web.MockFilterChain.doFilter(MockFilterChain.java:132)
	at de.tum.cit.aet.artemis.core.security.filter.ApiVersionFilter.doFilter(ApiVersionFilter.java:55)
	at org.springframework.test.web.servlet.setup.MockMvcFilterDecorator.doFilter(MockMvcFilterDecorator.java:162)
	at org.springframework.mock.web.MockFilterChain.doFilter(MockFilterChain.java:132)
	at io.sentry.spring.jakarta.SentryUserFilter.doFilterInternal(SentryUserFilter.java:56)
	at org.springframework.web.filter.OncePerRequestFilter.doFilter(OncePerRequestFilter.java:116)
	at org.springframework.test.web.servlet.setup.MockMvcFilterDecorator.doFilter(MockMvcFilterDecorator.java:162)
	at org.springframework.mock.web.MockFilterChain.doFilter(MockFilterChain.java:132)
	at org.springframework.web.filter.CompositeFilter$VirtualFilterChain.doFilter(CompositeFilter.java:108)
	at org.springframework.security.web.FilterChainProxy.lambda$doFilterInternal$3(FilterChainProxy.java:231)
	at org.springframework.security.web.ObservationFilterChainDecorator$FilterObservation$SimpleFilterObservation.lambda$wrap$1(ObservationFilterChainDecorator.java:479)
	at org.springframework.security.web.ObservationFilterChainDecorator$AroundFilterObservation$SimpleAroundFilterObservation.lambda$wrap$1(ObservationFilterChainDecorator.java:340)
	at org.springframework.security.web.ObservationFilterChainDecorator.lambda$wrapSecured$0(ObservationFilterChainDecorator.java:82)
	at org.springframework.security.web.ObservationFilterChainDecorator$VirtualFilterChain.doFilter(ObservationFilterChainDecorator.java:128)
	at org.springframework.security.web.access.intercept.AuthorizationFilter.doFilter(AuthorizationFilter.java:101)
	at org.springframework.security.web.ObservationFilterChainDecorator$ObservationFilter.wrapFilter(ObservationFilterChainDecorator.java:240)
	at org.springframework.security.web.ObservationFilterChainDecorator$ObservationFilter.doFilter(ObservationFilterChainDecorator.java:227)
	at org.springframework.security.web.ObservationFilterChainDecorator$VirtualFilterChain.doFilter(ObservationFilterChainDecorator.java:137)
	at org.springframework.security.web.access.ExceptionTranslationFilter.doFilter(ExceptionTranslationFilter.java:126)
	at org.springframework.security.web.access.ExceptionTranslationFilter.doFilter(ExceptionTranslationFilter.java:120)
	at org.springframework.security.web.ObservationFilterChainDecorator$ObservationFilter.wrapFilter(ObservationFilterChainDecorator.java:240)
	at org.springframework.security.web.ObservationFilterChainDecorator$ObservationFilter.doFilter(ObservationFilterChainDecorator.java:227)
	at org.springframework.security.web.ObservationFilterChainDecorator$VirtualFilterChain.doFilter(ObservationFilterChainDecorator.java:137)
	at org.springframework.security.web.session.SessionManagementFilter.doFilter(SessionManagementFilter.java:131)
	at org.springframework.security.web.session.SessionManagementFilter.doFilter(SessionManagementFilter.java:85)
	at org.springframework.security.web.ObservationFilterChainDecorator$ObservationFilter.wrapFilter(ObservationFilterChainDecorator.java:240)
	at org.springframework.security.web.ObservationFilterChainDecorator$ObservationFilter.doFilter(ObservationFilterChainDecorator.java:227)
	at org.springframework.security.web.ObservationFilterChainDecorator$VirtualFilterChain.doFilter(ObservationFilterChainDecorator.java:137)
	at org.springframework.security.web.authentication.AnonymousAuthenticationFilter.doFilter(AnonymousAuthenticationFilter.java:100)
	at org.springframework.security.web.ObservationFilterChainDecorator$ObservationFilter.wrapFilter(ObservationFilterChainDecorator.java:240)
	at org.springframework.security.web.ObservationFilterChainDecorator$ObservationFilter.doFilter(ObservationFilterChainDecorator.java:227)
	at org.springframework.security.web.ObservationFilterChainDecorator$VirtualFilterChain.doFilter(ObservationFilterChainDecorator.java:137)
	at org.springframework.security.web.servletapi.SecurityContextHolderAwareRequestFilter.doFilter(SecurityContextHolderAwareRequestFilter.java:179)
	at org.springframework.security.web.ObservationFilterChainDecorator$ObservationFilter.wrapFilter(ObservationFilterChainDecorator.java:240)
	at org.springframework.security.web.ObservationFilterChainDecorator$ObservationFilter.doFilter(ObservationFilterChainDecorator.java:227)
	at org.springframework.security.web.ObservationFilterChainDecorator$VirtualFilterChain.doFilter(ObservationFilterChainDecorator.java:137)
	at org.springframework.security.web.savedrequest.RequestCacheAwareFilter.doFilter(RequestCacheAwareFilter.java:63)
	at org.springframework.security.web.ObservationFilterChainDecorator$ObservationFilter.wrapFilter(ObservationFilterChainDecorator.java:240)
	at org.springframework.security.web.ObservationFilterChainDecorator$ObservationFilter.doFilter(ObservationFilterChainDecorator.java:227)
	at org.springframework.security.web.ObservationFilterChainDecorator$VirtualFilterChain.doFilter(ObservationFilterChainDecorator.java:137)
	at de.tum.cit.aet.artemis.core.security.filter.SpaWebFilter.doFilterInternal(SpaWebFilter.java:23)
	at org.springframework.web.filter.OncePerRequestFilter.doFilter(OncePerRequestFilter.java:116)
	at org.springframework.security.web.ObservationFilterChainDecorator$ObservationFilter.wrapFilter(ObservationFilterChainDecorator.java:240)
	at org.springframework.security.web.ObservationFilterChainDecorator$ObservationFilter.doFilter(ObservationFilterChainDecorator.java:227)
	at org.springframework.security.web.ObservationFilterChainDecorator$VirtualFilterChain.doFilter(ObservationFilterChainDecorator.java:137)
	at org.springframework.web.filter.OncePerRequestFilter.doFilter(OncePerRequestFilter.java:110)
	at org.springframework.security.web.ObservationFilterChainDecorator$ObservationFilter.wrapFilter(ObservationFilterChainDecorator.java:240)
	at org.springframework.security.web.ObservationFilterChainDecorator$ObservationFilter.doFilter(ObservationFilterChainDecorator.java:227)
	at org.springframework.security.web.ObservationFilterChainDecorator$VirtualFilterChain.doFilter(ObservationFilterChainDecorator.java:137)
	at de.tum.cit.aet.artemis.lti.config.Lti13LaunchFilter.doFilterInternal(Lti13LaunchFilter.java:60)
	at org.springframework.web.filter.OncePerRequestFilter.doFilter(OncePerRequestFilter.java:116)
	at org.springframework.security.web.ObservationFilterChainDecorator$ObservationFilter.wrapFilter(ObservationFilterChainDecorator.java:240)
	at org.springframework.security.web.ObservationFilterChainDecorator$ObservationFilter.doFilter(ObservationFilterChainDecorator.java:227)
	at org.springframework.security.web.ObservationFilterChainDecorator$VirtualFilterChain.doFilter(ObservationFilterChainDecorator.java:137)
	at de.tum.cit.aet.artemis.core.security.jwt.JWTFilter.doFilter(JWTFilter.java:55)
	at org.springframework.security.web.ObservationFilterChainDecorator$ObservationFilter.wrapFilter(ObservationFilterChainDecorator.java:240)
	at org.springframework.security.web.ObservationFilterChainDecorator$ObservationFilter.doFilter(ObservationFilterChainDecorator.java:227)
	at org.springframework.security.web.ObservationFilterChainDecorator$VirtualFilterChain.doFilter(ObservationFilterChainDecorator.java:137)
	at de.tum.cit.aet.artemis.core.security.jwt.JWTFilter.doFilter(JWTFilter.java:55)
	at org.springframework.security.web.ObservationFilterChainDecorator$ObservationFilter.wrapFilter(ObservationFilterChainDecorator.java:240)
	at org.springframework.security.web.ObservationFilterChainDecorator$ObservationFilter.doFilter(ObservationFilterChainDecorator.java:227)
	at org.springframework.security.web.ObservationFilterChainDecorator$VirtualFilterChain.doFilter(ObservationFilterChainDecorator.java:137)
	at org.springframework.web.filter.CorsFilter.doFilterInternal(CorsFilter.java:91)
	at org.springframework.web.filter.OncePerRequestFilter.doFilter(OncePerRequestFilter.java:116)
	at org.springframework.security.web.ObservationFilterChainDecorator$ObservationFilter.wrapFilter(ObservationFilterChainDecorator.java:240)
	at org.springframework.security.web.ObservationFilterChainDecorator$ObservationFilter.doFilter(ObservationFilterChainDecorator.java:227)
	at org.springframework.security.web.ObservationFilterChainDecorator$VirtualFilterChain.doFilter(ObservationFilterChainDecorator.java:137)
	at org.springframework.web.filter.OncePerRequestFilter.doFilter(OncePerRequestFilter.java:110)
	at org.springframework.security.web.ObservationFilterChainDecorator$ObservationFilter.wrapFilter(ObservationFilterChainDecorator.java:240)
	at org.springframework.security.web.ObservationFilterChainDecorator$ObservationFilter.doFilter(ObservationFilterChainDecorator.java:227)
	at org.springframework.security.web.ObservationFilterChainDecorator$VirtualFilterChain.doFilter(ObservationFilterChainDecorator.java:137)
	at uk.ac.ox.ctl.lti13.security.oauth2.client.lti.web.OAuth2AuthorizationRequestRedirectFilter.doFilterInternal(OAuth2AuthorizationRequestRedirectFilter.java:142)
	at org.springframework.web.filter.OncePerRequestFilter.doFilter(OncePerRequestFilter.java:116)
	at org.springframework.security.web.ObservationFilterChainDecorator$ObservationFilter.wrapFilter(ObservationFilterChainDecorator.java:240)
	at org.springframework.security.web.ObservationFilterChainDecorator$ObservationFilter.doFilter(ObservationFilterChainDecorator.java:227)
	at org.springframework.security.web.ObservationFilterChainDecorator$VirtualFilterChain.doFilter(ObservationFilterChainDecorator.java:137)
	at org.springframework.security.web.authentication.logout.LogoutFilter.doFilter(LogoutFilter.java:107)
	at org.springframework.security.web.authentication.logout.LogoutFilter.doFilter(LogoutFilter.java:93)
	at org.springframework.security.web.ObservationFilterChainDecorator$ObservationFilter.wrapFilter(ObservationFilterChainDecorator.java:240)
	at org.springframework.security.web.ObservationFilterChainDecorator$ObservationFilter.doFilter(ObservationFilterChainDecorator.java:227)
	at org.springframework.security.web.ObservationFilterChainDecorator$VirtualFilterChain.doFilter(ObservationFilterChainDecorator.java:137)
	at org.springframework.security.web.header.HeaderWriterFilter.doHeadersAfter(HeaderWriterFilter.java:90)
	at org.springframework.security.web.header.HeaderWriterFilter.doFilterInternal(HeaderWriterFilter.java:75)
	at org.springframework.web.filter.OncePerRequestFilter.doFilter(OncePerRequestFilter.java:116)
	at org.springframework.security.web.ObservationFilterChainDecorator$ObservationFilter.wrapFilter(ObservationFilterChainDecorator.java:240)
	at org.springframework.security.web.ObservationFilterChainDecorator$ObservationFilter.doFilter(ObservationFilterChainDecorator.java:227)
	at org.springframework.security.web.ObservationFilterChainDecorator$VirtualFilterChain.doFilter(ObservationFilterChainDecorator.java:137)
	at org.springframework.security.web.context.SecurityContextHolderFilter.doFilter(SecurityContextHolderFilter.java:82)
	at org.springframework.security.web.context.SecurityContextHolderFilter.doFilter(SecurityContextHolderFilter.java:69)
	at org.springframework.security.web.ObservationFilterChainDecorator$ObservationFilter.wrapFilter(ObservationFilterChainDecorator.java:240)
	at org.springframework.security.web.ObservationFilterChainDecorator$ObservationFilter.doFilter(ObservationFilterChainDecorator.java:227)
	at org.springframework.security.web.ObservationFilterChainDecorator$VirtualFilterChain.doFilter(ObservationFilterChainDecorator.java:137)
	at org.springframework.security.web.context.request.async.WebAsyncManagerIntegrationFilter.doFilterInternal(WebAsyncManagerIntegrationFilter.java:62)
	at org.springframework.web.filter.OncePerRequestFilter.doFilter(OncePerRequestFilter.java:116)
	at org.springframework.security.web.ObservationFilterChainDecorator$ObservationFilter.wrapFilter(ObservationFilterChainDecorator.java:240)
	at org.springframework.security.web.ObservationFilterChainDecorator$ObservationFilter.doFilter(ObservationFilterChainDecorator.java:227)
	at org.springframework.security.web.ObservationFilterChainDecorator$VirtualFilterChain.doFilter(ObservationFilterChainDecorator.java:137)
	at org.springframework.security.web.session.DisableEncodeUrlFilter.doFilterInternal(DisableEncodeUrlFilter.java:42)
	at org.springframework.web.filter.OncePerRequestFilter.doFilter(OncePerRequestFilter.java:116)
	at org.springframework.security.web.ObservationFilterChainDecorator$ObservationFilter.wrapFilter(ObservationFilterChainDecorator.java:240)
	at org.springframework.security.web.ObservationFilterChainDecorator$AroundFilterObservation$SimpleAroundFilterObservation.lambda$wrap$0(ObservationFilterChainDecorator.java:323)
	at org.springframework.security.web.ObservationFilterChainDecorator$ObservationFilter.doFilter(ObservationFilterChainDecorator.java:224)
	at org.springframework.security.web.ObservationFilterChainDecorator$VirtualFilterChain.doFilter(ObservationFilterChainDecorator.java:137)
	at org.springframework.security.web.FilterChainProxy.doFilterInternal(FilterChainProxy.java:233)
	at org.springframework.security.web.FilterChainProxy.doFilter(FilterChainProxy.java:191)
	at org.springframework.web.filter.CompositeFilter$VirtualFilterChain.doFilter(CompositeFilter.java:113)
	at org.springframework.web.servlet.handler.HandlerMappingIntrospector.lambda$createCacheFilter$3(HandlerMappingIntrospector.java:243)
	at org.springframework.web.filter.CompositeFilter$VirtualFilterChain.doFilter(CompositeFilter.java:113)
	at org.springframework.web.filter.CompositeFilter.doFilter(CompositeFilter.java:74)
	at org.springframework.security.config.annotation.web.configuration.WebMvcSecurityConfiguration$CompositeFilterChainProxy.doFilter(WebMvcSecurityConfiguration.java:238)
	at org.springframework.web.filter.DelegatingFilterProxy.invokeDelegate(DelegatingFilterProxy.java:362)
	at org.springframework.web.filter.DelegatingFilterProxy.doFilter(DelegatingFilterProxy.java:278)
	at org.springframework.test.web.servlet.setup.MockMvcFilterDecorator.doFilter(MockMvcFilterDecorator.java:162)
	at org.springframework.mock.web.MockFilterChain.doFilter(MockFilterChain.java:132)
	at org.springframework.web.filter.RequestContextFilter.doFilterInternal(RequestContextFilter.java:100)
	at org.springframework.web.filter.OncePerRequestFilter.doFilter(OncePerRequestFilter.java:116)
	at org.springframework.test.web.servlet.setup.MockMvcFilterDecorator.doFilter(MockMvcFilterDecorator.java:162)
	at org.springframework.mock.web.MockFilterChain.doFilter(MockFilterChain.java:132)
	at org.springframework.web.filter.FormContentFilter.doFilterInternal(FormContentFilter.java:93)
	at org.springframework.web.filter.OncePerRequestFilter.doFilter(OncePerRequestFilter.java:116)
	at org.springframework.test.web.servlet.setup.MockMvcFilterDecorator.doFilter(MockMvcFilterDecorator.java:162)
	at org.springframework.mock.web.MockFilterChain.doFilter(MockFilterChain.java:132)
	at org.springframework.web.filter.ServerHttpObservationFilter.doFilterInternal(ServerHttpObservationFilter.java:114)
	at org.springframework.web.filter.OncePerRequestFilter.doFilter(OncePerRequestFilter.java:116)
	at org.springframework.test.web.servlet.setup.MockMvcFilterDecorator.doFilter(MockMvcFilterDecorator.java:162)
	at org.springframework.mock.web.MockFilterChain.doFilter(MockFilterChain.java:132)
	at io.sentry.spring.jakarta.tracing.SentryTracingFilter.doFilterInternal(SentryTracingFilter.java:91)
	at org.springframework.web.filter.OncePerRequestFilter.doFilter(OncePerRequestFilter.java:116)
	at org.springframework.test.web.servlet.setup.MockMvcFilterDecorator.doFilter(MockMvcFilterDecorator.java:162)
	at org.springframework.mock.web.MockFilterChain.doFilter(MockFilterChain.java:132)
	at org.springframework.web.filter.CharacterEncodingFilter.doFilterInternal(CharacterEncodingFilter.java:201)
	at org.springframework.web.filter.OncePerRequestFilter.doFilter(OncePerRequestFilter.java:116)
	at org.springframework.test.web.servlet.setup.MockMvcFilterDecorator.doFilter(MockMvcFilterDecorator.java:162)
	at org.springframework.mock.web.MockFilterChain.doFilter(MockFilterChain.java:132)
	at io.sentry.spring.jakarta.SentrySpringFilter.doFilterInternal(SentrySpringFilter.java:76)
	at org.springframework.web.filter.OncePerRequestFilter.doFilter(OncePerRequestFilter.java:116)
	at org.springframework.test.web.servlet.setup.MockMvcFilterDecorator.doFilter(MockMvcFilterDecorator.java:162)
	at org.springframework.mock.web.MockFilterChain.doFilter(MockFilterChain.java:132)
	at org.springframework.test.web.servlet.MockMvc.perform(MockMvc.java:201)
	at de.tum.cit.aet.artemis.core.util.RequestUtilService.performMvcRequest(RequestUtilService.java:79)
	at de.tum.cit.aet.artemis.core.util.RequestUtilService.postWithoutLocation(RequestUtilService.java:213)
	at de.tum.cit.aet.artemis.core.util.RequestUtilService.postWithoutLocation(RequestUtilService.java:199)
	at de.tum.cit.aet.artemis.programming.ProgrammingSubmissionAndResultGitlabJenkinsIntegrationTest.postResult(ProgrammingSubmissionAndResultGitlabJenkinsIntegrationTest.java:413)
	at de.tum.cit.aet.artemis.programming.ProgrammingSubmissionAndResultGitlabJenkinsIntegrationTest.shouldSaveBuildLogsOnStudentParticipationWithoutSubmissionNorResult(ProgrammingSubmissionAndResultGitlabJenkinsIntegrationTest.java:338)
	at java.base/jdk.internal.reflect.DirectMethodHandleAccessor.invoke(DirectMethodHandleAccessor.java:103)
	at java.base/java.lang.reflect.Method.invoke(Method.java:580)
	at org.junit.platform.commons.util.ReflectionUtils.invokeMethod(ReflectionUtils.java:767)
	at org.junit.jupiter.engine.execution.MethodInvocation.proceed(MethodInvocation.java:60)
	at org.junit.jupiter.engine.execution.InvocationInterceptorChain$ValidatingInvocation.proceed(InvocationInterceptorChain.java:131)
	at org.junit.jupiter.engine.extension.TimeoutExtension.intercept(TimeoutExtension.java:156)
	at org.junit.jupiter.engine.extension.TimeoutExtension.interceptTestableMethod(TimeoutExtension.java:147)
	at org.junit.jupiter.engine.extension.TimeoutExtension.interceptTestTemplateMethod(TimeoutExtension.java:94)
	at org.junit.jupiter.engine.execution.InterceptingExecutableInvoker$ReflectiveInterceptorCall.lambda$ofVoidMethod$0(InterceptingExecutableInvoker.java:103)
	at org.junit.jupiter.engine.execution.InterceptingExecutableInvoker.lambda$invoke$0(InterceptingExecutableInvoker.java:93)
	at org.junit.jupiter.engine.execution.InvocationInterceptorChain$InterceptedInvocation.proceed(InvocationInterceptorChain.java:106)
	at org.junit.jupiter.engine.execution.InvocationInterceptorChain.proceed(InvocationInterceptorChain.java:64)
	at org.junit.jupiter.engine.execution.InvocationInterceptorChain.chainAndInvoke(InvocationInterceptorChain.java:45)
	at org.junit.jupiter.engine.execution.InvocationInterceptorChain.invoke(InvocationInterceptorChain.java:37)
	at org.junit.jupiter.engine.execution.InterceptingExecutableInvoker.invoke(InterceptingExecutableInvoker.java:92)
	at org.junit.jupiter.engine.execution.InterceptingExecutableInvoker.invoke(InterceptingExecutableInvoker.java:86)
	at org.junit.jupiter.engine.descriptor.TestMethodTestDescriptor.lambda$invokeTestMethod$8(TestMethodTestDescriptor.java:217)
	at org.junit.platform.engine.support.hierarchical.ThrowableCollector.execute(ThrowableCollector.java:73)
	at org.junit.jupiter.engine.descriptor.TestMethodTestDescriptor.invokeTestMethod(TestMethodTestDescriptor.java:213)
	at org.junit.jupiter.engine.descriptor.TestMethodTestDescriptor.execute(TestMethodTestDescriptor.java:138)
	at org.junit.jupiter.engine.descriptor.TestMethodTestDescriptor.execute(TestMethodTestDescriptor.java:68)
	at org.junit.platform.engine.support.hierarchical.NodeTestTask.lambda$executeRecursively$6(NodeTestTask.java:156)
	at org.junit.platform.engine.support.hierarchical.ThrowableCollector.execute(ThrowableCollector.java:73)
	at org.junit.platform.engine.support.hierarchical.NodeTestTask.lambda$executeRecursively$8(NodeTestTask.java:146)
	at org.junit.platform.engine.support.hierarchical.Node.around(Node.java:137)
	at org.junit.platform.engine.support.hierarchical.NodeTestTask.lambda$executeRecursively$9(NodeTestTask.java:144)
	at org.junit.platform.engine.support.hierarchical.ThrowableCollector.execute(ThrowableCollector.java:73)
	at org.junit.platform.engine.support.hierarchical.NodeTestTask.executeRecursively(NodeTestTask.java:143)
	at org.junit.platform.engine.support.hierarchical.NodeTestTask.execute(NodeTestTask.java:100)
	at org.junit.platform.engine.support.hierarchical.ForkJoinPoolHierarchicalTestExecutorService$ExclusiveTask.exec(ForkJoinPoolHierarchicalTestExecutorService.java:274)
	at org.junit.platform.engine.support.hierarchical.ForkJoinPoolHierarchicalTestExecutorService$ExclusiveTask.execSync(ForkJoinPoolHierarchicalTestExecutorService.java:247)
	at org.junit.platform.engine.support.hierarchical.ForkJoinPoolHierarchicalTestExecutorService.submit(ForkJoinPoolHierarchicalTestExecutorService.java:148)
	at org.junit.platform.engine.support.hierarchical.NodeTestTask$DefaultDynamicTestExecutor.execute(NodeTestTask.java:231)
	at org.junit.platform.engine.support.hierarchical.NodeTestTask$DefaultDynamicTestExecutor.execute(NodeTestTask.java:209)
	at org.junit.jupiter.engine.descriptor.TestTemplateTestDescriptor.execute(TestTemplateTestDescriptor.java:141)
	at org.junit.jupiter.engine.descriptor.TestTemplateTestDescriptor.lambda$execute$3(TestTemplateTestDescriptor.java:109)
	at java.base/java.util.stream.ForEachOps$ForEachOp$OfRef.accept(ForEachOps.java:184)
	at java.base/java.util.stream.ReferencePipeline$3$1.accept(ReferencePipeline.java:197)
	at java.base/java.util.stream.ReferencePipeline$2$1.accept(ReferencePipeline.java:179)
	at java.base/java.util.stream.ReferencePipeline$3$1.accept(ReferencePipeline.java:197)
	at java.base/java.util.stream.ForEachOps$ForEachOp$OfRef.accept(ForEachOps.java:184)
	at java.base/java.util.stream.ReferencePipeline$3$1.accept(ReferencePipeline.java:197)
	at java.base/java.util.stream.ForEachOps$ForEachOp$OfRef.accept(ForEachOps.java:184)
	at java.base/java.util.stream.ForEachOps$ForEachOp$OfRef.accept(ForEachOps.java:184)
	at java.base/java.util.stream.ReferencePipeline$3$1.accept(ReferencePipeline.java:197)
	at java.base/java.util.stream.ForEachOps$ForEachOp$OfRef.accept(ForEachOps.java:184)
	at java.base/java.util.Spliterators$ArraySpliterator.forEachRemaining(Spliterators.java:1024)
	at java.base/java.util.stream.ReferencePipeline$Head.forEach(ReferencePipeline.java:762)
	at java.base/java.util.stream.ReferencePipeline$7$1.accept(ReferencePipeline.java:276)
	at java.base/java.util.Iterator.forEachRemaining(Iterator.java:133)
	at java.base/java.util.Spliterators$IteratorSpliterator.forEachRemaining(Spliterators.java:1939)
	at java.base/java.util.stream.AbstractPipeline.copyInto(AbstractPipeline.java:509)
	at java.base/java.util.stream.AbstractPipeline.wrapAndCopyInto(AbstractPipeline.java:499)
	at java.base/java.util.stream.ForEachOps$ForEachOp.evaluateSequential(ForEachOps.java:151)
	at java.base/java.util.stream.ForEachOps$ForEachOp$OfRef.evaluateSequential(ForEachOps.java:174)
	at java.base/java.util.stream.AbstractPipeline.evaluate(AbstractPipeline.java:234)
	at java.base/java.util.stream.ReferencePipeline.forEach(ReferencePipeline.java:596)
	at java.base/java.util.stream.ReferencePipeline$7$1.accept(ReferencePipeline.java:276)
	at java.base/java.util.stream.ReferencePipeline$3$1.accept(ReferencePipeline.java:197)
	at java.base/java.util.stream.ReferencePipeline$3$1.accept(ReferencePipeline.java:197)
	at java.base/java.util.stream.ReferencePipeline$3$1.accept(ReferencePipeline.java:197)
	at java.base/java.util.Spliterators$ArraySpliterator.forEachRemaining(Spliterators.java:1024)
	at java.base/java.util.stream.AbstractPipeline.copyInto(AbstractPipeline.java:509)
	at java.base/java.util.stream.AbstractPipeline.wrapAndCopyInto(AbstractPipeline.java:499)
	at java.base/java.util.stream.ForEachOps$ForEachOp.evaluateSequential(ForEachOps.java:151)
	at java.base/java.util.stream.ForEachOps$ForEachOp$OfRef.evaluateSequential(ForEachOps.java:174)
	at java.base/java.util.stream.AbstractPipeline.evaluate(AbstractPipeline.java:234)
	at java.base/java.util.stream.ReferencePipeline.forEach(ReferencePipeline.java:596)
	at java.base/java.util.stream.ReferencePipeline$7$1.accept(ReferencePipeline.java:276)
	at java.base/java.util.ArrayList$ArrayListSpliterator.forEachRemaining(ArrayList.java:1708)
	at java.base/java.util.stream.AbstractPipeline.copyInto(AbstractPipeline.java:509)
	at java.base/java.util.stream.AbstractPipeline.wrapAndCopyInto(AbstractPipeline.java:499)
	at java.base/java.util.stream.ForEachOps$ForEachOp.evaluateSequential(ForEachOps.java:151)
	at java.base/java.util.stream.ForEachOps$ForEachOp$OfRef.evaluateSequential(ForEachOps.java:174)
	at java.base/java.util.stream.AbstractPipeline.evaluate(AbstractPipeline.java:234)
	at java.base/java.util.stream.ReferencePipeline.forEach(ReferencePipeline.java:596)
	at java.base/java.util.stream.ReferencePipeline$7$1.accept(ReferencePipeline.java:276)
	at java.base/java.util.stream.ReferencePipeline$3$1.accept(ReferencePipeline.java:197)
	at java.base/java.util.stream.ReferencePipeline$3$1.accept(ReferencePipeline.java:197)
	at java.base/java.util.stream.ReferencePipeline$3$1.accept(ReferencePipeline.java:197)
	at java.base/java.util.ArrayList$ArrayListSpliterator.forEachRemaining(ArrayList.java:1708)
	at java.base/java.util.stream.AbstractPipeline.copyInto(AbstractPipeline.java:509)
	at java.base/java.util.stream.AbstractPipeline.wrapAndCopyInto(AbstractPipeline.java:499)
	at java.base/java.util.stream.ForEachOps$ForEachOp.evaluateSequential(ForEachOps.java:151)
	at java.base/java.util.stream.ForEachOps$ForEachOp$OfRef.evaluateSequential(ForEachOps.java:174)
	at java.base/java.util.stream.AbstractPipeline.evaluate(AbstractPipeline.java:234)
	at java.base/java.util.stream.ReferencePipeline.forEach(ReferencePipeline.java:596)
	at java.base/java.util.stream.ReferencePipeline$7$1.accept(ReferencePipeline.java:276)
	at java.base/java.util.ArrayList$ArrayListSpliterator.forEachRemaining(ArrayList.java:1708)
	at java.base/java.util.stream.AbstractPipeline.copyInto(AbstractPipeline.java:509)
	at java.base/java.util.stream.AbstractPipeline.wrapAndCopyInto(AbstractPipeline.java:499)
	at java.base/java.util.stream.ForEachOps$ForEachOp.evaluateSequential(ForEachOps.java:151)
	at java.base/java.util.stream.ForEachOps$ForEachOp$OfRef.evaluateSequential(ForEachOps.java:174)
	at java.base/java.util.stream.AbstractPipeline.evaluate(AbstractPipeline.java:234)
	at java.base/java.util.stream.ReferencePipeline.forEach(ReferencePipeline.java:596)
	at org.junit.jupiter.engine.descriptor.TestTemplateTestDescriptor.execute(TestTemplateTestDescriptor.java:109)
	at org.junit.jupiter.engine.descriptor.TestTemplateTestDescriptor.execute(TestTemplateTestDescriptor.java:43)
	at org.junit.platform.engine.support.hierarchical.NodeTestTask.lambda$executeRecursively$6(NodeTestTask.java:156)
	at org.junit.platform.engine.support.hierarchical.ThrowableCollector.execute(ThrowableCollector.java:73)
	at org.junit.platform.engine.support.hierarchical.NodeTestTask.lambda$executeRecursively$8(NodeTestTask.java:146)
	at org.junit.platform.engine.support.hierarchical.Node.around(Node.java:137)
	at org.junit.platform.engine.support.hierarchical.NodeTestTask.lambda$executeRecursively$9(NodeTestTask.java:144)
	at org.junit.platform.engine.support.hierarchical.ThrowableCollector.execute(ThrowableCollector.java:73)
	at org.junit.platform.engine.support.hierarchical.NodeTestTask.executeRecursively(NodeTestTask.java:143)
	at org.junit.platform.engine.support.hierarchical.NodeTestTask.execute(NodeTestTask.java:100)
	at org.junit.platform.engine.support.hierarchical.ForkJoinPoolHierarchicalTestExecutorService$ExclusiveTask.exec(ForkJoinPoolHierarchicalTestExecutorService.java:274)
	at org.junit.platform.engine.support.hierarchical.ForkJoinPoolHierarchicalTestExecutorService$ExclusiveTask.execSync(ForkJoinPoolHierarchicalTestExecutorService.java:247)
	at org.junit.platform.engine.support.hierarchical.ForkJoinPoolHierarchicalTestExecutorService.executeSync(ForkJoinPoolHierarchicalTestExecutorService.java:194)
	at org.junit.platform.engine.support.hierarchical.ForkJoinPoolHierarchicalTestExecutorService.invokeAll(ForkJoinPoolHierarchicalTestExecutorService.java:166)
	at org.junit.platform.engine.support.hierarchical.NodeTestTask.lambda$executeRecursively$6(NodeTestTask.java:160)
	at org.junit.platform.engine.support.hierarchical.ThrowableCollector.execute(ThrowableCollector.java:73)
	at org.junit.platform.engine.support.hierarchical.NodeTestTask.lambda$executeRecursively$8(NodeTestTask.java:146)
	at org.junit.platform.engine.support.hierarchical.Node.around(Node.java:137)
	at org.junit.platform.engine.support.hierarchical.NodeTestTask.lambda$executeRecursively$9(NodeTestTask.java:144)
	at org.junit.platform.engine.support.hierarchical.ThrowableCollector.execute(ThrowableCollector.java:73)
	at org.junit.platform.engine.support.hierarchical.NodeTestTask.executeRecursively(NodeTestTask.java:143)
	at org.junit.platform.engine.support.hierarchical.NodeTestTask.execute(NodeTestTask.java:100)
	at org.junit.platform.engine.support.hierarchical.ForkJoinPoolHierarchicalTestExecutorService$ExclusiveTask.exec(ForkJoinPoolHierarchicalTestExecutorService.java:274)
	at java.base/java.util.concurrent.ForkJoinTask.doExec(ForkJoinTask.java:387)
	at java.base/java.util.concurrent.ForkJoinPool$WorkQueue.topLevelExec(ForkJoinPool.java:1312)
	at java.base/java.util.concurrent.ForkJoinPool.scan(ForkJoinPool.java:1843)
	at java.base/java.util.concurrent.ForkJoinPool.runWorker(ForkJoinPool.java:1808)
	at java.base/java.util.concurrent.ForkJoinWorkerThread.run(ForkJoinWorkerThread.java:188)
    23:48:50.879 | 463 ool-1-worker-227 | DEBUG | .c.s.m.InstanceMessageReceiveService : Received schedule participant score for exercise 3232 and participant 773 (result to be deleted: null)
    23:48:50.880 | 463 ool-1-worker-227 | DEBUG | .a.s.ParticipantScoreScheduleService : Scheduled task for exercise 3232 and participant 773 at 2025-02-14T23:48:50.980005929Z[Etc/UTC].
    23:48:50.880 | 463 ool-1-worker-227 | DEBUG | .a.a.p.s.ProgrammingMessagingService : Send result to client over websocket. Result: Result{id785, completionDate=2025-02-14T23:48:50.849569600Z, successful=false, score=0.0, rated=true, assessmentType=AUTOMATIC, hasComplaint=null, testCaseCount=0, passedTestCaseCount=0, codeIssueCount=0}, Submission: ProgrammingSubmission{commitHash='9b3a9bd71a0d80e5bbc42204c319ed3d1d4f0d6d', buildFailed=true, buildArtifact=false, type=MANUAL}, Participation: ProgrammingExerciseStudentParticipation{id=4002, repositoryUri='https://version-control.fake.fake/git/SHORT0ED32E8F019B704F6C0BAD108482C65811E5TSTEXC/short0ed32e8f019b704f6c0bad108482c65811e5tstexc-progsubresgitlabjenstudent1.git', buildPlanId='SHORT0ED32E8F019B704F6C0BAD108482C65811E5TSTEXC-PROGSUBRESGITLABJENSTUDENT1', initializationState='INITIALIZED', initializationDate='2025-02-14T23:48:50.847809Z', individualDueDate=null', presentationScore=null}
    23:48:50.883 | 463 ool-1-worker-227 | INFO  | d.t.c.a.a.a.w.o.PublicResultResource : The new result for SHORT0ED32E8F019B704F6C0BAD108482C65811E5TSTEXC-PROGSUBRESGITLABJENSTUDENT1 was saved successfully
    23:48:50.885 | 463 ool-1-worker-227 | DEBUG | d.t.c.a.a.c.s.f.ApiVersionFilter     : Adding Version to Request GET /api/repository/4002/buildlogs
    23:48:50.886 | 463 ool-1-worker-227 | DEBUG | rammingExerciseParticipationResource : REST request to get build log : 4002

  Starting logs for ProgrammingSubmissionAndResultGitlabJenkinsIntegrationTest > shouldSaveBuildLogsOnStudentParticipationWithoutSubmissionNorResult(ProgrammingLanguage, boolean) [17] programmingLanguage=JAVA, enableStaticCodeAnalysis=true
    23:48:50.898 | 463 ool-1-worker-227 | DEBUG | d.t.c.a.a.c.u.util.UserUtilService   : Generate 3 students...
    23:48:50.902 | 463 ool-1-worker-227 | DEBUG | d.t.c.a.a.c.u.util.UserUtilService   : 3 students generated. Generate 2 tutors...
    23:48:50.905 | 463 ool-1-worker-227 | DEBUG | d.t.c.a.a.c.u.util.UserUtilService   : 2 tutors generated. Generate 0 editors...
    23:48:50.906 | 463 ool-1-worker-227 | DEBUG | d.t.c.a.a.c.u.util.UserUtilService   : 0 editors generated. Generate 2 instructors...
    23:48:50.909 | 463 ool-1-worker-227 | DEBUG | d.t.c.a.a.c.u.util.UserUtilService   : 2 instructors generated
    23:48:50.910 | 463 ool-1-worker-227 | DEBUG | d.t.c.a.a.c.u.util.UserUtilService   : Removing 7 users from all courses...
    23:48:50.911 | 463 ool-1-worker-227 | DEBUG | d.t.c.a.a.c.u.util.UserUtilService   : Removing 7 users from all courses. Done
    23:48:50.911 | 463 ool-1-worker-227 | DEBUG | d.t.c.a.a.c.u.util.UserUtilService   : Save 7 users to database...
    23:48:50.914 | 463 ool-1-worker-227 | DEBUG | d.t.c.a.a.c.u.util.UserUtilService   : Save 7 users to database. Done
    23:48:50.927 | 463 ool-1-worker-227 | DEBUG | PersonalAccessTokenManagementService : Generate secure vcs access token
    23:48:50.930 | 463 ool-1-worker-227 | DEBUG | PersonalAccessTokenManagementService : Generate secure vcs access token
    23:48:50.932 | 463 ool-1-worker-227 | INFO  | i.z.t.d.l.EmbeddedDatabaseReporter   : JDBC URL to connect to 'dataSource': url='jdbc:h2:tcp://localhost:41063/mem:736625c0-cf5e-400d-aeaa-8a7eabd6262b;USER=sa', scope='ProgrammingSubmissionAndResultGitlabJenkinsIntegrationTest#shouldSaveBuildLogsOnStudentParticipationWithoutSubmissionNorResult'
    23:48:50.943 | 463 ool-1-worker-227 | DEBUG | PersonalAccessTokenManagementService : Generate secure vcs access token
    23:48:50.946 | 463 ool-1-worker-227 | DEBUG | d.t.c.a.a.c.s.f.ApiVersionFilter     : Adding Version to Request POST /api/public/programming-exercises/new-result
    23:48:50.947 | 463 ool-1-worker-227 | DEBUG | d.t.c.a.a.a.w.o.PublicResultResource : Received result notify (NEW)
    23:48:50.948 | 463 ool-1-worker-227 | INFO  | d.t.c.a.a.a.w.o.PublicResultResource : Artemis received a new result for build plan SHORTDF20484007C1E044F80B5850B4D21F604054TSTEXC-PROGSUBRESGITLABJENSTUDENT1
    23:48:50.950 | 463 ool-1-worker-227 | DEBUG | .s.ProgrammingExerciseGradingService : Received new build result (NEW) for participation 4009
    23:48:50.952 | 463 ool-1-worker-227 | WARN  | .s.ProgrammingExerciseGradingService : Could not find pending ProgrammingSubmission for Commit Hash 9b3a9bd71a0d80e5bbc42204c319ed3d1d4f0d6d (Participation 4009, Build Plan SHORTDF20484007C1E044F80B5850B4D21F604054TSTEXC-PROGSUBRESGITLABJENSTUDENT1). Will create a new one subsequently...
    23:48:50.952 | 463 ool-1-worker-227 | ERROR | .s.ProgrammingExerciseGradingService : Could not retrieve push date for participation 4009 and build plan SHORTDF20484007C1E044F80B5850B4D21F604054TSTEXC-PROGSUBRESGITLABJENSTUDENT1
de.tum.cit.aet.artemis.programming.service.gitlab.GitLabException: Could not find build queue date for participation 4009
	at de.tum.cit.aet.artemis.programming.service.gitlab.GitLabService.getPushDate(GitLabService.java:369)
	at de.tum.cit.aet.artemis.programming.service.gitlab.GitLabService.getPushDate(GitLabService.java:358)
	at de.tum.cit.aet.artemis.programming.service.ProgrammingExerciseGradingService.createAndSaveFallbackSubmission(ProgrammingExerciseGradingService.java:286)
	at de.tum.cit.aet.artemis.programming.service.ProgrammingExerciseGradingService.createAndSaveFallbackSubmission(ProgrammingExerciseGradingService.java:272)
	at de.tum.cit.aet.artemis.programming.service.ProgrammingExerciseGradingService.lambda$processNewProgrammingExerciseResult$0(ProgrammingExerciseGradingService.java:177)
	at java.base/java.util.Optional.orElseGet(Optional.java:364)
	at de.tum.cit.aet.artemis.programming.service.ProgrammingExerciseGradingService.processNewProgrammingExerciseResult(ProgrammingExerciseGradingService.java:177)
	at de.tum.cit.aet.artemis.programming.service.ProgrammingExerciseGradingService.processNewProgrammingExerciseResult(ProgrammingExerciseGradingService.java:156)
	at de.tum.cit.aet.artemis.assessment.web.open.PublicResultResource.processNewProgrammingExerciseResult(PublicResultResource.java:113)
	at java.base/jdk.internal.reflect.DirectMethodHandleAccessor.invoke(DirectMethodHandleAccessor.java:103)
	at java.base/java.lang.reflect.Method.invoke(Method.java:580)
	at org.springframework.aop.support.AopUtils.invokeJoinpointUsingReflection(AopUtils.java:359)
	at org.springframework.aop.framework.ReflectiveMethodInvocation.invokeJoinpoint(ReflectiveMethodInvocation.java:196)
	at org.springframework.aop.framework.ReflectiveMethodInvocation.proceed(ReflectiveMethodInvocation.java:163)
	at org.springframework.security.authorization.method.AuthorizationManagerBeforeMethodInterceptor.proceed(AuthorizationManagerBeforeMethodInterceptor.java:268)
	at org.springframework.security.authorization.method.AuthorizationManagerBeforeMethodInterceptor.attemptAuthorization(AuthorizationManagerBeforeMethodInterceptor.java:263)
	at org.springframework.security.authorization.method.AuthorizationManagerBeforeMethodInterceptor.invoke(AuthorizationManagerBeforeMethodInterceptor.java:196)
	at org.springframework.security.config.annotation.method.configuration.DeferringMethodInterceptor.invoke(DeferringMethodInterceptor.java:44)
	at org.springframework.aop.framework.ReflectiveMethodInvocation.proceed(ReflectiveMethodInvocation.java:184)
	at org.springframework.aop.framework.CglibAopProxy$DynamicAdvisedInterceptor.intercept(CglibAopProxy.java:727)
	at de.tum.cit.aet.artemis.assessment.web.open.PublicResultResource$$SpringCGLIB$$0.processNewProgrammingExerciseResult(<generated>)
	at java.base/jdk.internal.reflect.DirectMethodHandleAccessor.invoke(DirectMethodHandleAccessor.java:103)
	at java.base/java.lang.reflect.Method.invoke(Method.java:580)
	at org.springframework.web.method.support.InvocableHandlerMethod.doInvoke(InvocableHandlerMethod.java:257)
	at org.springframework.web.method.support.InvocableHandlerMethod.invokeForRequest(InvocableHandlerMethod.java:190)
	at org.springframework.web.servlet.mvc.method.annotation.ServletInvocableHandlerMethod.invokeAndHandle(ServletInvocableHandlerMethod.java:118)
	at org.springframework.web.servlet.mvc.method.annotation.RequestMappingHandlerAdapter.invokeHandlerMethod(RequestMappingHandlerAdapter.java:986)
	at org.springframework.web.servlet.mvc.method.annotation.RequestMappingHandlerAdapter.handleInternal(RequestMappingHandlerAdapter.java:891)
	at org.springframework.web.servlet.mvc.method.AbstractHandlerMethodAdapter.handle(AbstractHandlerMethodAdapter.java:87)
	at org.springframework.web.servlet.DispatcherServlet.doDispatch(DispatcherServlet.java:1088)
	at org.springframework.web.servlet.DispatcherServlet.doService(DispatcherServlet.java:978)
	at org.springframework.web.servlet.FrameworkServlet.processRequest(FrameworkServlet.java:1014)
	at org.springframework.web.servlet.FrameworkServlet.doPost(FrameworkServlet.java:914)
	at jakarta.servlet.http.HttpServlet.service(HttpServlet.java:547)
	at org.springframework.web.servlet.FrameworkServlet.service(FrameworkServlet.java:885)
	at org.springframework.test.web.servlet.TestDispatcherServlet.service(TestDispatcherServlet.java:72)
	at jakarta.servlet.http.HttpServlet.service(HttpServlet.java:614)
	at org.springframework.mock.web.MockFilterChain$ServletFilterProxy.doFilter(MockFilterChain.java:165)
	at org.springframework.mock.web.MockFilterChain.doFilter(MockFilterChain.java:132)
	at org.springframework.web.filter.OncePerRequestFilter.doFilter(OncePerRequestFilter.java:110)
	at org.springframework.test.web.servlet.setup.MockMvcFilterDecorator.doFilter(MockMvcFilterDecorator.java:162)
	at org.springframework.mock.web.MockFilterChain.doFilter(MockFilterChain.java:132)
	at de.tum.cit.aet.artemis.core.security.filter.ApiVersionFilter.doFilter(ApiVersionFilter.java:55)
	at org.springframework.test.web.servlet.setup.MockMvcFilterDecorator.doFilter(MockMvcFilterDecorator.java:162)
	at org.springframework.mock.web.MockFilterChain.doFilter(MockFilterChain.java:132)
	at io.sentry.spring.jakarta.SentryUserFilter.doFilterInternal(SentryUserFilter.java:56)
	at org.springframework.web.filter.OncePerRequestFilter.doFilter(OncePerRequestFilter.java:116)
	at org.springframework.test.web.servlet.setup.MockMvcFilterDecorator.doFilter(MockMvcFilterDecorator.java:162)
	at org.springframework.mock.web.MockFilterChain.doFilter(MockFilterChain.java:132)
	at org.springframework.web.filter.CompositeFilter$VirtualFilterChain.doFilter(CompositeFilter.java:108)
	at org.springframework.security.web.FilterChainProxy.lambda$doFilterInternal$3(FilterChainProxy.java:231)
	at org.springframework.security.web.ObservationFilterChainDecorator$FilterObservation$SimpleFilterObservation.lambda$wrap$1(ObservationFilterChainDecorator.java:479)
	at org.springframework.security.web.ObservationFilterChainDecorator$AroundFilterObservation$SimpleAroundFilterObservation.lambda$wrap$1(ObservationFilterChainDecorator.java:340)
	at org.springframework.security.web.ObservationFilterChainDecorator.lambda$wrapSecured$0(ObservationFilterChainDecorator.java:82)
	at org.springframework.security.web.ObservationFilterChainDecorator$VirtualFilterChain.doFilter(ObservationFilterChainDecorator.java:128)
	at org.springframework.security.web.access.intercept.AuthorizationFilter.doFilter(AuthorizationFilter.java:101)
	at org.springframework.security.web.ObservationFilterChainDecorator$ObservationFilter.wrapFilter(ObservationFilterChainDecorator.java:240)
	at org.springframework.security.web.ObservationFilterChainDecorator$ObservationFilter.doFilter(ObservationFilterChainDecorator.java:227)
	at org.springframework.security.web.ObservationFilterChainDecorator$VirtualFilterChain.doFilter(ObservationFilterChainDecorator.java:137)
	at org.springframework.security.web.access.ExceptionTranslationFilter.doFilter(ExceptionTranslationFilter.java:126)
	at org.springframework.security.web.access.ExceptionTranslationFilter.doFilter(ExceptionTranslationFilter.java:120)
	at org.springframework.security.web.ObservationFilterChainDecorator$ObservationFilter.wrapFilter(ObservationFilterChainDecorator.java:240)
	at org.springframework.security.web.ObservationFilterChainDecorator$ObservationFilter.doFilter(ObservationFilterChainDecorator.java:227)
	at org.springframework.security.web.ObservationFilterChainDecorator$VirtualFilterChain.doFilter(ObservationFilterChainDecorator.java:137)
	at org.springframework.security.web.session.SessionManagementFilter.doFilter(SessionManagementFilter.java:131)
	at org.springframework.security.web.session.SessionManagementFilter.doFilter(SessionManagementFilter.java:85)
	at org.springframework.security.web.ObservationFilterChainDecorator$ObservationFilter.wrapFilter(ObservationFilterChainDecorator.java:240)
	at org.springframework.security.web.ObservationFilterChainDecorator$ObservationFilter.doFilter(ObservationFilterChainDecorator.java:227)
	at org.springframework.security.web.ObservationFilterChainDecorator$VirtualFilterChain.doFilter(ObservationFilterChainDecorator.java:137)
	at org.springframework.security.web.authentication.AnonymousAuthenticationFilter.doFilter(AnonymousAuthenticationFilter.java:100)
	at org.springframework.security.web.ObservationFilterChainDecorator$ObservationFilter.wrapFilter(ObservationFilterChainDecorator.java:240)
	at org.springframework.security.web.ObservationFilterChainDecorator$ObservationFilter.doFilter(ObservationFilterChainDecorator.java:227)
	at org.springframework.security.web.ObservationFilterChainDecorator$VirtualFilterChain.doFilter(ObservationFilterChainDecorator.java:137)
	at org.springframework.security.web.servletapi.SecurityContextHolderAwareRequestFilter.doFilter(SecurityContextHolderAwareRequestFilter.java:179)
	at org.springframework.security.web.ObservationFilterChainDecorator$ObservationFilter.wrapFilter(ObservationFilterChainDecorator.java:240)
	at org.springframework.security.web.ObservationFilterChainDecorator$ObservationFilter.doFilter(ObservationFilterChainDecorator.java:227)
	at org.springframework.security.web.ObservationFilterChainDecorator$VirtualFilterChain.doFilter(ObservationFilterChainDecorator.java:137)
	at org.springframework.security.web.savedrequest.RequestCacheAwareFilter.doFilter(RequestCacheAwareFilter.java:63)
	at org.springframework.security.web.ObservationFilterChainDecorator$ObservationFilter.wrapFilter(ObservationFilterChainDecorator.java:240)
	at org.springframework.security.web.ObservationFilterChainDecorator$ObservationFilter.doFilter(ObservationFilterChainDecorator.java:227)
	at org.springframework.security.web.ObservationFilterChainDecorator$VirtualFilterChain.doFilter(ObservationFilterChainDecorator.java:137)
	at de.tum.cit.aet.artemis.core.security.filter.SpaWebFilter.doFilterInternal(SpaWebFilter.java:23)
	at org.springframework.web.filter.OncePerRequestFilter.doFilter(OncePerRequestFilter.java:116)
	at org.springframework.security.web.ObservationFilterChainDecorator$ObservationFilter.wrapFilter(ObservationFilterChainDecorator.java:240)
	at org.springframework.security.web.ObservationFilterChainDecorator$ObservationFilter.doFilter(ObservationFilterChainDecorator.java:227)
	at org.springframework.security.web.ObservationFilterChainDecorator$VirtualFilterChain.doFilter(ObservationFilterChainDecorator.java:137)
	at org.springframework.web.filter.OncePerRequestFilter.doFilter(OncePerRequestFilter.java:110)
	at org.springframework.security.web.ObservationFilterChainDecorator$ObservationFilter.wrapFilter(ObservationFilterChainDecorator.java:240)
	at org.springframework.security.web.ObservationFilterChainDecorator$ObservationFilter.doFilter(ObservationFilterChainDecorator.java:227)
	at org.springframework.security.web.ObservationFilterChainDecorator$VirtualFilterChain.doFilter(ObservationFilterChainDecorator.java:137)
	at de.tum.cit.aet.artemis.lti.config.Lti13LaunchFilter.doFilterInternal(Lti13LaunchFilter.java:60)
	at org.springframework.web.filter.OncePerRequestFilter.doFilter(OncePerRequestFilter.java:116)
	at org.springframework.security.web.ObservationFilterChainDecorator$ObservationFilter.wrapFilter(ObservationFilterChainDecorator.java:240)
	at org.springframework.security.web.ObservationFilterChainDecorator$ObservationFilter.doFilter(ObservationFilterChainDecorator.java:227)
	at org.springframework.security.web.ObservationFilterChainDecorator$VirtualFilterChain.doFilter(ObservationFilterChainDecorator.java:137)
	at de.tum.cit.aet.artemis.core.security.jwt.JWTFilter.doFilter(JWTFilter.java:55)
	at org.springframework.security.web.ObservationFilterChainDecorator$ObservationFilter.wrapFilter(ObservationFilterChainDecorator.java:240)
	at org.springframework.security.web.ObservationFilterChainDecorator$ObservationFilter.doFilter(ObservationFilterChainDecorator.java:227)
	at org.springframework.security.web.ObservationFilterChainDecorator$VirtualFilterChain.doFilter(ObservationFilterChainDecorator.java:137)
	at de.tum.cit.aet.artemis.core.security.jwt.JWTFilter.doFilter(JWTFilter.java:55)
	at org.springframework.security.web.ObservationFilterChainDecorator$ObservationFilter.wrapFilter(ObservationFilterChainDecorator.java:240)
	at org.springframework.security.web.ObservationFilterChainDecorator$ObservationFilter.doFilter(ObservationFilterChainDecorator.java:227)
	at org.springframework.security.web.ObservationFilterChainDecorator$VirtualFilterChain.doFilter(ObservationFilterChainDecorator.java:137)
	at org.springframework.web.filter.CorsFilter.doFilterInternal(CorsFilter.java:91)
	at org.springframework.web.filter.OncePerRequestFilter.doFilter(OncePerRequestFilter.java:116)
	at org.springframework.security.web.ObservationFilterChainDecorator$ObservationFilter.wrapFilter(ObservationFilterChainDecorator.java:240)
	at org.springframework.security.web.ObservationFilterChainDecorator$ObservationFilter.doFilter(ObservationFilterChainDecorator.java:227)
	at org.springframework.security.web.ObservationFilterChainDecorator$VirtualFilterChain.doFilter(ObservationFilterChainDecorator.java:137)
	at org.springframework.web.filter.OncePerRequestFilter.doFilter(OncePerRequestFilter.java:110)
	at org.springframework.security.web.ObservationFilterChainDecorator$ObservationFilter.wrapFilter(ObservationFilterChainDecorator.java:240)
	at org.springframework.security.web.ObservationFilterChainDecorator$ObservationFilter.doFilter(ObservationFilterChainDecorator.java:227)
	at org.springframework.security.web.ObservationFilterChainDecorator$VirtualFilterChain.doFilter(ObservationFilterChainDecorator.java:137)
	at uk.ac.ox.ctl.lti13.security.oauth2.client.lti.web.OAuth2AuthorizationRequestRedirectFilter.doFilterInternal(OAuth2AuthorizationRequestRedirectFilter.java:142)
	at org.springframework.web.filter.OncePerRequestFilter.doFilter(OncePerRequestFilter.java:116)
	at org.springframework.security.web.ObservationFilterChainDecorator$ObservationFilter.wrapFilter(ObservationFilterChainDecorator.java:240)
	at org.springframework.security.web.ObservationFilterChainDecorator$ObservationFilter.doFilter(ObservationFilterChainDecorator.java:227)
	at org.springframework.security.web.ObservationFilterChainDecorator$VirtualFilterChain.doFilter(ObservationFilterChainDecorator.java:137)
	at org.springframework.security.web.authentication.logout.LogoutFilter.doFilter(LogoutFilter.java:107)
	at org.springframework.security.web.authentication.logout.LogoutFilter.doFilter(LogoutFilter.java:93)
	at org.springframework.security.web.ObservationFilterChainDecorator$ObservationFilter.wrapFilter(ObservationFilterChainDecorator.java:240)
	at org.springframework.security.web.ObservationFilterChainDecorator$ObservationFilter.doFilter(ObservationFilterChainDecorator.java:227)
	at org.springframework.security.web.ObservationFilterChainDecorator$VirtualFilterChain.doFilter(ObservationFilterChainDecorator.java:137)
	at org.springframework.security.web.header.HeaderWriterFilter.doHeadersAfter(HeaderWriterFilter.java:90)
	at org.springframework.security.web.header.HeaderWriterFilter.doFilterInternal(HeaderWriterFilter.java:75)
	at org.springframework.web.filter.OncePerRequestFilter.doFilter(OncePerRequestFilter.java:116)
	at org.springframework.security.web.ObservationFilterChainDecorator$ObservationFilter.wrapFilter(ObservationFilterChainDecorator.java:240)
	at org.springframework.security.web.ObservationFilterChainDecorator$ObservationFilter.doFilter(ObservationFilterChainDecorator.java:227)
	at org.springframework.security.web.ObservationFilterChainDecorator$VirtualFilterChain.doFilter(ObservationFilterChainDecorator.java:137)
	at org.springframework.security.web.context.SecurityContextHolderFilter.doFilter(SecurityContextHolderFilter.java:82)
	at org.springframework.security.web.context.SecurityContextHolderFilter.doFilter(SecurityContextHolderFilter.java:69)
	at org.springframework.security.web.ObservationFilterChainDecorator$ObservationFilter.wrapFilter(ObservationFilterChainDecorator.java:240)
	at org.springframework.security.web.ObservationFilterChainDecorator$ObservationFilter.doFilter(ObservationFilterChainDecorator.java:227)
	at org.springframework.security.web.ObservationFilterChainDecorator$VirtualFilterChain.doFilter(ObservationFilterChainDecorator.java:137)
	at org.springframework.security.web.context.request.async.WebAsyncManagerIntegrationFilter.doFilterInternal(WebAsyncManagerIntegrationFilter.java:62)
	at org.springframework.web.filter.OncePerRequestFilter.doFilter(OncePerRequestFilter.java:116)
	at org.springframework.security.web.ObservationFilterChainDecorator$ObservationFilter.wrapFilter(ObservationFilterChainDecorator.java:240)
	at org.springframework.security.web.ObservationFilterChainDecorator$ObservationFilter.doFilter(ObservationFilterChainDecorator.java:227)
	at org.springframework.security.web.ObservationFilterChainDecorator$VirtualFilterChain.doFilter(ObservationFilterChainDecorator.java:137)
	at org.springframework.security.web.session.DisableEncodeUrlFilter.doFilterInternal(DisableEncodeUrlFilter.java:42)
	at org.springframework.web.filter.OncePerRequestFilter.doFilter(OncePerRequestFilter.java:116)
	at org.springframework.security.web.ObservationFilterChainDecorator$ObservationFilter.wrapFilter(ObservationFilterChainDecorator.java:240)
	at org.springframework.security.web.ObservationFilterChainDecorator$AroundFilterObservation$SimpleAroundFilterObservation.lambda$wrap$0(ObservationFilterChainDecorator.java:323)
	at org.springframework.security.web.ObservationFilterChainDecorator$ObservationFilter.doFilter(ObservationFilterChainDecorator.java:224)
	at org.springframework.security.web.ObservationFilterChainDecorator$VirtualFilterChain.doFilter(ObservationFilterChainDecorator.java:137)
	at org.springframework.security.web.FilterChainProxy.doFilterInternal(FilterChainProxy.java:233)
	at org.springframework.security.web.FilterChainProxy.doFilter(FilterChainProxy.java:191)
	at org.springframework.web.filter.CompositeFilter$VirtualFilterChain.doFilter(CompositeFilter.java:113)
	at org.springframework.web.servlet.handler.HandlerMappingIntrospector.lambda$createCacheFilter$3(HandlerMappingIntrospector.java:243)
	at org.springframework.web.filter.CompositeFilter$VirtualFilterChain.doFilter(CompositeFilter.java:113)
	at org.springframework.web.filter.CompositeFilter.doFilter(CompositeFilter.java:74)
	at org.springframework.security.config.annotation.web.configuration.WebMvcSecurityConfiguration$CompositeFilterChainProxy.doFilter(WebMvcSecurityConfiguration.java:238)
	at org.springframework.web.filter.DelegatingFilterProxy.invokeDelegate(DelegatingFilterProxy.java:362)
	at org.springframework.web.filter.DelegatingFilterProxy.doFilter(DelegatingFilterProxy.java:278)
	at org.springframework.test.web.servlet.setup.MockMvcFilterDecorator.doFilter(MockMvcFilterDecorator.java:162)
	at org.springframework.mock.web.MockFilterChain.doFilter(MockFilterChain.java:132)
	at org.springframework.web.filter.RequestContextFilter.doFilterInternal(RequestContextFilter.java:100)
	at org.springframework.web.filter.OncePerRequestFilter.doFilter(OncePerRequestFilter.java:116)
	at org.springframework.test.web.servlet.setup.MockMvcFilterDecorator.doFilter(MockMvcFilterDecorator.java:162)
	at org.springframework.mock.web.MockFilterChain.doFilter(MockFilterChain.java:132)
	at org.springframework.web.filter.FormContentFilter.doFilterInternal(FormContentFilter.java:93)
	at org.springframework.web.filter.OncePerRequestFilter.doFilter(OncePerRequestFilter.java:116)
	at org.springframework.test.web.servlet.setup.MockMvcFilterDecorator.doFilter(MockMvcFilterDecorator.java:162)
	at org.springframework.mock.web.MockFilterChain.doFilter(MockFilterChain.java:132)
	at org.springframework.web.filter.ServerHttpObservationFilter.doFilterInternal(ServerHttpObservationFilter.java:114)
	at org.springframework.web.filter.OncePerRequestFilter.doFilter(OncePerRequestFilter.java:116)
	at org.springframework.test.web.servlet.setup.MockMvcFilterDecorator.doFilter(MockMvcFilterDecorator.java:162)
	at org.springframework.mock.web.MockFilterChain.doFilter(MockFilterChain.java:132)
	at io.sentry.spring.jakarta.tracing.SentryTracingFilter.doFilterInternal(SentryTracingFilter.java:91)
	at org.springframework.web.filter.OncePerRequestFilter.doFilter(OncePerRequestFilter.java:116)
	at org.springframework.test.web.servlet.setup.MockMvcFilterDecorator.doFilter(MockMvcFilterDecorator.java:162)
	at org.springframework.mock.web.MockFilterChain.doFilter(MockFilterChain.java:132)
	at org.springframework.web.filter.CharacterEncodingFilter.doFilterInternal(CharacterEncodingFilter.java:201)
	at org.springframework.web.filter.OncePerRequestFilter.doFilter(OncePerRequestFilter.java:116)
	at org.springframework.test.web.servlet.setup.MockMvcFilterDecorator.doFilter(MockMvcFilterDecorator.java:162)
	at org.springframework.mock.web.MockFilterChain.doFilter(MockFilterChain.java:132)
	at io.sentry.spring.jakarta.SentrySpringFilter.doFilterInternal(SentrySpringFilter.java:76)
	at org.springframework.web.filter.OncePerRequestFilter.doFilter(OncePerRequestFilter.java:116)
	at org.springframework.test.web.servlet.setup.MockMvcFilterDecorator.doFilter(MockMvcFilterDecorator.java:162)
	at org.springframework.mock.web.MockFilterChain.doFilter(MockFilterChain.java:132)
	at org.springframework.test.web.servlet.MockMvc.perform(MockMvc.java:201)
	at de.tum.cit.aet.artemis.core.util.RequestUtilService.performMvcRequest(RequestUtilService.java:79)
	at de.tum.cit.aet.artemis.core.util.RequestUtilService.postWithoutLocation(RequestUtilService.java:213)
	at de.tum.cit.aet.artemis.core.util.RequestUtilService.postWithoutLocation(RequestUtilService.java:199)
	at de.tum.cit.aet.artemis.programming.ProgrammingSubmissionAndResultGitlabJenkinsIntegrationTest.postResult(ProgrammingSubmissionAndResultGitlabJenkinsIntegrationTest.java:413)
	at de.tum.cit.aet.artemis.programming.ProgrammingSubmissionAndResultGitlabJenkinsIntegrationTest.shouldSaveBuildLogsOnStudentParticipationWithoutSubmissionNorResult(ProgrammingSubmissionAndResultGitlabJenkinsIntegrationTest.java:338)
	at java.base/jdk.internal.reflect.DirectMethodHandleAccessor.invoke(DirectMethodHandleAccessor.java:103)
	at java.base/java.lang.reflect.Method.invoke(Method.java:580)
	at org.junit.platform.commons.util.ReflectionUtils.invokeMethod(ReflectionUtils.java:767)
	at org.junit.jupiter.engine.execution.MethodInvocation.proceed(MethodInvocation.java:60)
	at org.junit.jupiter.engine.execution.InvocationInterceptorChain$ValidatingInvocation.proceed(InvocationInterceptorChain.java:131)
	at org.junit.jupiter.engine.extension.TimeoutExtension.intercept(TimeoutExtension.java:156)
	at org.junit.jupiter.engine.extension.TimeoutExtension.interceptTestableMethod(TimeoutExtension.java:147)
	at org.junit.jupiter.engine.extension.TimeoutExtension.interceptTestTemplateMethod(TimeoutExtension.java:94)
	at org.junit.jupiter.engine.execution.InterceptingExecutableInvoker$ReflectiveInterceptorCall.lambda$ofVoidMethod$0(InterceptingExecutableInvoker.java:103)
	at org.junit.jupiter.engine.execution.InterceptingExecutableInvoker.lambda$invoke$0(InterceptingExecutableInvoker.java:93)
	at org.junit.jupiter.engine.execution.InvocationInterceptorChain$InterceptedInvocation.proceed(InvocationInterceptorChain.java:106)
	at org.junit.jupiter.engine.execution.InvocationInterceptorChain.proceed(InvocationInterceptorChain.java:64)
	at org.junit.jupiter.engine.execution.InvocationInterceptorChain.chainAndInvoke(InvocationInterceptorChain.java:45)
	at org.junit.jupiter.engine.execution.InvocationInterceptorChain.invoke(InvocationInterceptorChain.java:37)
	at org.junit.jupiter.engine.execution.InterceptingExecutableInvoker.invoke(InterceptingExecutableInvoker.java:92)
	at org.junit.jupiter.engine.execution.InterceptingExecutableInvoker.invoke(InterceptingExecutableInvoker.java:86)
	at org.junit.jupiter.engine.descriptor.TestMethodTestDescriptor.lambda$invokeTestMethod$8(TestMethodTestDescriptor.java:217)
	at org.junit.platform.engine.support.hierarchical.ThrowableCollector.execute(ThrowableCollector.java:73)
	at org.junit.jupiter.engine.descriptor.TestMethodTestDescriptor.invokeTestMethod(TestMethodTestDescriptor.java:213)
	at org.junit.jupiter.engine.descriptor.TestMethodTestDescriptor.execute(TestMethodTestDescriptor.java:138)
	at org.junit.jupiter.engine.descriptor.TestMethodTestDescriptor.execute(TestMethodTestDescriptor.java:68)
	at org.junit.platform.engine.support.hierarchical.NodeTestTask.lambda$executeRecursively$6(NodeTestTask.java:156)
	at org.junit.platform.engine.support.hierarchical.ThrowableCollector.execute(ThrowableCollector.java:73)
	at org.junit.platform.engine.support.hierarchical.NodeTestTask.lambda$executeRecursively$8(NodeTestTask.java:146)
	at org.junit.platform.engine.support.hierarchical.Node.around(Node.java:137)
	at org.junit.platform.engine.support.hierarchical.NodeTestTask.lambda$executeRecursively$9(NodeTestTask.java:144)
	at org.junit.platform.engine.support.hierarchical.ThrowableCollector.execute(ThrowableCollector.java:73)
	at org.junit.platform.engine.support.hierarchical.NodeTestTask.executeRecursively(NodeTestTask.java:143)
	at org.junit.platform.engine.support.hierarchical.NodeTestTask.execute(NodeTestTask.java:100)
	at org.junit.platform.engine.support.hierarchical.ForkJoinPoolHierarchicalTestExecutorService$ExclusiveTask.exec(ForkJoinPoolHierarchicalTestExecutorService.java:274)
	at org.junit.platform.engine.support.hierarchical.ForkJoinPoolHierarchicalTestExecutorService$ExclusiveTask.execSync(ForkJoinPoolHierarchicalTestExecutorService.java:247)
	at org.junit.platform.engine.support.hierarchical.ForkJoinPoolHierarchicalTestExecutorService.submit(ForkJoinPoolHierarchicalTestExecutorService.java:148)
	at org.junit.platform.engine.support.hierarchical.NodeTestTask$DefaultDynamicTestExecutor.execute(NodeTestTask.java:231)
	at org.junit.platform.engine.support.hierarchical.NodeTestTask$DefaultDynamicTestExecutor.execute(NodeTestTask.java:209)
	at org.junit.jupiter.engine.descriptor.TestTemplateTestDescriptor.execute(TestTemplateTestDescriptor.java:141)
	at org.junit.jupiter.engine.descriptor.TestTemplateTestDescriptor.lambda$execute$3(TestTemplateTestDescriptor.java:109)
	at java.base/java.util.stream.ForEachOps$ForEachOp$OfRef.accept(ForEachOps.java:184)
	at java.base/java.util.stream.ReferencePipeline$3$1.accept(ReferencePipeline.java:197)
	at java.base/java.util.stream.ReferencePipeline$2$1.accept(ReferencePipeline.java:179)
	at java.base/java.util.stream.ReferencePipeline$3$1.accept(ReferencePipeline.java:197)
	at java.base/java.util.stream.ForEachOps$ForEachOp$OfRef.accept(ForEachOps.java:184)
	at java.base/java.util.stream.ReferencePipeline$3$1.accept(ReferencePipeline.java:197)
	at java.base/java.util.stream.ForEachOps$ForEachOp$OfRef.accept(ForEachOps.java:184)
	at java.base/java.util.stream.ForEachOps$ForEachOp$OfRef.accept(ForEachOps.java:184)
	at java.base/java.util.stream.ReferencePipeline$3$1.accept(ReferencePipeline.java:197)
	at java.base/java.util.stream.ForEachOps$ForEachOp$OfRef.accept(ForEachOps.java:184)
	at java.base/java.util.Spliterators$ArraySpliterator.forEachRemaining(Spliterators.java:1024)
	at java.base/java.util.stream.ReferencePipeline$Head.forEach(ReferencePipeline.java:762)
	at java.base/java.util.stream.ReferencePipeline$7$1.accept(ReferencePipeline.java:276)
	at java.base/java.util.Iterator.forEachRemaining(Iterator.java:133)
	at java.base/java.util.Spliterators$IteratorSpliterator.forEachRemaining(Spliterators.java:1939)
	at java.base/java.util.stream.AbstractPipeline.copyInto(AbstractPipeline.java:509)
	at java.base/java.util.stream.AbstractPipeline.wrapAndCopyInto(AbstractPipeline.java:499)
	at java.base/java.util.stream.ForEachOps$ForEachOp.evaluateSequential(ForEachOps.java:151)
	at java.base/java.util.stream.ForEachOps$ForEachOp$OfRef.evaluateSequential(ForEachOps.java:174)
	at java.base/java.util.stream.AbstractPipeline.evaluate(AbstractPipeline.java:234)
	at java.base/java.util.stream.ReferencePipeline.forEach(ReferencePipeline.java:596)
	at java.base/java.util.stream.ReferencePipeline$7$1.accept(ReferencePipeline.java:276)
	at java.base/java.util.stream.ReferencePipeline$3$1.accept(ReferencePipeline.java:197)
	at java.base/java.util.stream.ReferencePipeline$3$1.accept(ReferencePipeline.java:197)
	at java.base/java.util.stream.ReferencePipeline$3$1.accept(ReferencePipeline.java:197)
	at java.base/java.util.Spliterators$ArraySpliterator.forEachRemaining(Spliterators.java:1024)
	at java.base/java.util.stream.AbstractPipeline.copyInto(AbstractPipeline.java:509)
	at java.base/java.util.stream.AbstractPipeline.wrapAndCopyInto(AbstractPipeline.java:499)
	at java.base/java.util.stream.ForEachOps$ForEachOp.evaluateSequential(ForEachOps.java:151)
	at java.base/java.util.stream.ForEachOps$ForEachOp$OfRef.evaluateSequential(ForEachOps.java:174)
	at java.base/java.util.stream.AbstractPipeline.evaluate(AbstractPipeline.java:234)
	at java.base/java.util.stream.ReferencePipeline.forEach(ReferencePipeline.java:596)
	at java.base/java.util.stream.ReferencePipeline$7$1.accept(ReferencePipeline.java:276)
	at java.base/java.util.ArrayList$ArrayListSpliterator.forEachRemaining(ArrayList.java:1708)
	at java.base/java.util.stream.AbstractPipeline.copyInto(AbstractPipeline.java:509)
	at java.base/java.util.stream.AbstractPipeline.wrapAndCopyInto(AbstractPipeline.java:499)
	at java.base/java.util.stream.ForEachOps$ForEachOp.evaluateSequential(ForEachOps.java:151)
	at java.base/java.util.stream.ForEachOps$ForEachOp$OfRef.evaluateSequential(ForEachOps.java:174)
	at java.base/java.util.stream.AbstractPipeline.evaluate(AbstractPipeline.java:234)
	at java.base/java.util.stream.ReferencePipeline.forEach(ReferencePipeline.java:596)
	at java.base/java.util.stream.ReferencePipeline$7$1.accept(ReferencePipeline.java:276)
	at java.base/java.util.stream.ReferencePipeline$3$1.accept(ReferencePipeline.java:197)
	at java.base/java.util.stream.ReferencePipeline$3$1.accept(ReferencePipeline.java:197)
	at java.base/java.util.stream.ReferencePipeline$3$1.accept(ReferencePipeline.java:197)
	at java.base/java.util.ArrayList$ArrayListSpliterator.forEachRemaining(ArrayList.java:1708)
	at java.base/java.util.stream.AbstractPipeline.copyInto(AbstractPipeline.java:509)
	at java.base/java.util.stream.AbstractPipeline.wrapAndCopyInto(AbstractPipeline.java:499)
	at java.base/java.util.stream.ForEachOps$ForEachOp.evaluateSequential(ForEachOps.java:151)
	at java.base/java.util.stream.ForEachOps$ForEachOp$OfRef.evaluateSequential(ForEachOps.java:174)
	at java.base/java.util.stream.AbstractPipeline.evaluate(AbstractPipeline.java:234)
	at java.base/java.util.stream.ReferencePipeline.forEach(ReferencePipeline.java:596)
	at java.base/java.util.stream.ReferencePipeline$7$1.accept(ReferencePipeline.java:276)
	at java.base/java.util.ArrayList$ArrayListSpliterator.forEachRemaining(ArrayList.java:1708)
	at java.base/java.util.stream.AbstractPipeline.copyInto(AbstractPipeline.java:509)
	at java.base/java.util.stream.AbstractPipeline.wrapAndCopyInto(AbstractPipeline.java:499)
	at java.base/java.util.stream.ForEachOps$ForEachOp.evaluateSequential(ForEachOps.java:151)
	at java.base/java.util.stream.ForEachOps$ForEachOp$OfRef.evaluateSequential(ForEachOps.java:174)
	at java.base/java.util.stream.AbstractPipeline.evaluate(AbstractPipeline.java:234)
	at java.base/java.util.stream.ReferencePipeline.forEach(ReferencePipeline.java:596)
	at org.junit.jupiter.engine.descriptor.TestTemplateTestDescriptor.execute(TestTemplateTestDescriptor.java:109)
	at org.junit.jupiter.engine.descriptor.TestTemplateTestDescriptor.execute(TestTemplateTestDescriptor.java:43)
	at org.junit.platform.engine.support.hierarchical.NodeTestTask.lambda$executeRecursively$6(NodeTestTask.java:156)
	at org.junit.platform.engine.support.hierarchical.ThrowableCollector.execute(ThrowableCollector.java:73)
	at org.junit.platform.engine.support.hierarchical.NodeTestTask.lambda$executeRecursively$8(NodeTestTask.java:146)
	at org.junit.platform.engine.support.hierarchical.Node.around(Node.java:137)
	at org.junit.platform.engine.support.hierarchical.NodeTestTask.lambda$executeRecursively$9(NodeTestTask.java:144)
	at org.junit.platform.engine.support.hierarchical.ThrowableCollector.execute(ThrowableCollector.java:73)
	at org.junit.platform.engine.support.hierarchical.NodeTestTask.executeRecursively(NodeTestTask.java:143)
	at org.junit.platform.engine.support.hierarchical.NodeTestTask.execute(NodeTestTask.java:100)
	at org.junit.platform.engine.support.hierarchical.ForkJoinPoolHierarchicalTestExecutorService$ExclusiveTask.exec(ForkJoinPoolHierarchicalTestExecutorService.java:274)
	at org.junit.platform.engine.support.hierarchical.ForkJoinPoolHierarchicalTestExecutorService$ExclusiveTask.execSync(ForkJoinPoolHierarchicalTestExecutorService.java:247)
	at org.junit.platform.engine.support.hierarchical.ForkJoinPoolHierarchicalTestExecutorService.executeSync(ForkJoinPoolHierarchicalTestExecutorService.java:194)
	at org.junit.platform.engine.support.hierarchical.ForkJoinPoolHierarchicalTestExecutorService.invokeAll(ForkJoinPoolHierarchicalTestExecutorService.java:166)
	at org.junit.platform.engine.support.hierarchical.NodeTestTask.lambda$executeRecursively$6(NodeTestTask.java:160)
	at org.junit.platform.engine.support.hierarchical.ThrowableCollector.execute(ThrowableCollector.java:73)
	at org.junit.platform.engine.support.hierarchical.NodeTestTask.lambda$executeRecursively$8(NodeTestTask.java:146)
	at org.junit.platform.engine.support.hierarchical.Node.around(Node.java:137)
	at org.junit.platform.engine.support.hierarchical.NodeTestTask.lambda$executeRecursively$9(NodeTestTask.java:144)
	at org.junit.platform.engine.support.hierarchical.ThrowableCollector.execute(ThrowableCollector.java:73)
	at org.junit.platform.engine.support.hierarchical.NodeTestTask.executeRecursively(NodeTestTask.java:143)
	at org.junit.platform.engine.support.hierarchical.NodeTestTask.execute(NodeTestTask.java:100)
	at org.junit.platform.engine.support.hierarchical.ForkJoinPoolHierarchicalTestExecutorService$ExclusiveTask.exec(ForkJoinPoolHierarchicalTestExecutorService.java:274)
	at java.base/java.util.concurrent.ForkJoinTask.doExec(ForkJoinTask.java:387)
	at java.base/java.util.concurrent.ForkJoinPool$WorkQueue.topLevelExec(ForkJoinPool.java:1312)
	at java.base/java.util.concurrent.ForkJoinPool.scan(ForkJoinPool.java:1843)
	at java.base/java.util.concurrent.ForkJoinPool.runWorker(ForkJoinPool.java:1808)
	at java.base/java.util.concurrent.ForkJoinWorkerThread.run(ForkJoinWorkerThread.java:188)
    23:48:50.968 | 463 ool-1-worker-227 | DEBUG | .c.s.m.InstanceMessageReceiveService : Received schedule participant score for exercise 3234 and participant 773 (result to be deleted: null)
    23:48:50.968 | 463 ool-1-worker-227 | DEBUG | .a.s.ParticipantScoreScheduleService : Scheduled task for exercise 3234 and participant 773 at 2025-02-14T23:48:51.068809948Z[Etc/UTC].
    23:48:50.969 | 463 ool-1-worker-227 | DEBUG | .a.a.p.s.ProgrammingMessagingService : Send result to client over websocket. Result: Result{id786, completionDate=2025-02-14T23:48:50.944377700Z, successful=false, score=0.0, rated=true, assessmentType=AUTOMATIC, hasComplaint=null, testCaseCount=0, passedTestCaseCount=0, codeIssueCount=0}, Submission: ProgrammingSubmission{commitHash='9b3a9bd71a0d80e5bbc42204c319ed3d1d4f0d6d', buildFailed=true, buildArtifact=false, type=MANUAL}, Participation: ProgrammingExerciseStudentParticipation{id=4009, repositoryUri='https://version-control.fake.fake/git/SHORTDF20484007C1E044F80B5850B4D21F604054TSTEXC/shortdf20484007c1e044f80b5850b4d21f604054tstexc-progsubresgitlabjenstudent1.git', buildPlanId='SHORTDF20484007C1E044F80B5850B4D21F604054TSTEXC-PROGSUBRESGITLABJENSTUDENT1', initializationState='INITIALIZED', initializationDate='2025-02-14T23:48:50.942740Z', individualDueDate=null', presentationScore=null}
    23:48:50.971 | 463 ool-1-worker-227 | INFO  | d.t.c.a.a.a.w.o.PublicResultResource : The new result for SHORTDF20484007C1E044F80B5850B4D21F604054TSTEXC-PROGSUBRESGITLABJENSTUDENT1 was saved successfully
    23:48:50.974 | 463 ool-1-worker-227 | DEBUG | d.t.c.a.a.c.s.f.ApiVersionFilter     : Adding Version to Request GET /api/repository/4009/buildlogs
    23:48:50.975 | 463 ool-1-worker-227 | DEBUG | rammingExerciseParticipationResource : REST request to get build log : 4009

  Starting logs for ProgrammingSubmissionAndResultGitlabJenkinsIntegrationTest > shouldSaveBuildLogsOnStudentParticipationWithoutSubmissionNorResult(ProgrammingLanguage, boolean) [18] programmingLanguage=JAVA, enableStaticCodeAnalysis=false
    23:48:50.987 | 463 ool-1-worker-227 | DEBUG | d.t.c.a.a.c.u.util.UserUtilService   : Generate 3 students...
    23:48:50.991 | 463 ool-1-worker-227 | DEBUG | d.t.c.a.a.c.u.util.UserUtilService   : 3 students generated. Generate 2 tutors...
    23:48:50.994 | 463 ool-1-worker-227 | DEBUG | d.t.c.a.a.c.u.util.UserUtilService   : 2 tutors generated. Generate 0 editors...
    23:48:50.996 | 463 ool-1-worker-227 | DEBUG | d.t.c.a.a.c.u.util.UserUtilService   : 0 editors generated. Generate 2 instructors...
    23:48:50.999 | 463 ool-1-worker-227 | DEBUG | d.t.c.a.a.c.u.util.UserUtilService   : 2 instructors generated
    23:48:51.000 | 463 ool-1-worker-227 | DEBUG | d.t.c.a.a.c.u.util.UserUtilService   : Removing 7 users from all courses...
    23:48:51.000 | 463 ool-1-worker-227 | DEBUG | d.t.c.a.a.c.u.util.UserUtilService   : Removing 7 users from all courses. Done
    23:48:51.000 | 463 ool-1-worker-227 | DEBUG | d.t.c.a.a.c.u.util.UserUtilService   : Save 7 users to database...
    23:48:51.004 | 463 ool-1-worker-227 | DEBUG | d.t.c.a.a.c.u.util.UserUtilService   : Save 7 users to database. Done
    23:48:51.017 | 463 ool-1-worker-227 | DEBUG | PersonalAccessTokenManagementService : Generate secure vcs access token
    23:48:51.020 | 463 ool-1-worker-227 | DEBUG | PersonalAccessTokenManagementService : Generate secure vcs access token
    23:48:51.022 | 463 ool-1-worker-227 | INFO  | i.z.t.d.l.EmbeddedDatabaseReporter   : JDBC URL to connect to 'dataSource': url='jdbc:h2:tcp://localhost:41063/mem:736625c0-cf5e-400d-aeaa-8a7eabd6262b;USER=sa', scope='ProgrammingSubmissionAndResultGitlabJenkinsIntegrationTest#shouldSaveBuildLogsOnStudentParticipationWithoutSubmissionNorResult'
    23:48:51.033 | 463 ool-1-worker-227 | DEBUG | PersonalAccessTokenManagementService : Generate secure vcs access token
    23:48:51.037 | 463 ool-1-worker-227 | DEBUG | d.t.c.a.a.c.s.f.ApiVersionFilter     : Adding Version to Request POST /api/public/programming-exercises/new-result
    23:48:51.037 | 463 ool-1-worker-227 | DEBUG | d.t.c.a.a.a.w.o.PublicResultResource : Received result notify (NEW)
    23:48:51.039 | 463 ool-1-worker-227 | INFO  | d.t.c.a.a.a.w.o.PublicResultResource : Artemis received a new result for build plan SHORT011F3EDB0AD8804D0909E200B1B66163A473TSTEXC-PROGSUBRESGITLABJENSTUDENT1
    23:48:51.040 | 463 ool-1-worker-227 | DEBUG | .s.ProgrammingExerciseGradingService : Received new build result (NEW) for participation 4016
    23:48:51.042 | 463 ool-1-worker-227 | WARN  | .s.ProgrammingExerciseGradingService : Could not find pending ProgrammingSubmission for Commit Hash 9b3a9bd71a0d80e5bbc42204c319ed3d1d4f0d6d (Participation 4016, Build Plan SHORT011F3EDB0AD8804D0909E200B1B66163A473TSTEXC-PROGSUBRESGITLABJENSTUDENT1). Will create a new one subsequently...
    23:48:51.043 | 463 ool-1-worker-227 | ERROR | .s.ProgrammingExerciseGradingService : Could not retrieve push date for participation 4016 and build plan SHORT011F3EDB0AD8804D0909E200B1B66163A473TSTEXC-PROGSUBRESGITLABJENSTUDENT1
de.tum.cit.aet.artemis.programming.service.gitlab.GitLabException: Could not find build queue date for participation 4016
	at de.tum.cit.aet.artemis.programming.service.gitlab.GitLabService.getPushDate(GitLabService.java:369)
	at de.tum.cit.aet.artemis.programming.service.gitlab.GitLabService.getPushDate(GitLabService.java:358)
	at de.tum.cit.aet.artemis.programming.service.ProgrammingExerciseGradingService.createAndSaveFallbackSubmission(ProgrammingExerciseGradingService.java:286)
	at de.tum.cit.aet.artemis.programming.service.ProgrammingExerciseGradingService.createAndSaveFallbackSubmission(ProgrammingExerciseGradingService.java:272)
	at de.tum.cit.aet.artemis.programming.service.ProgrammingExerciseGradingService.lambda$processNewProgrammingExerciseResult$0(ProgrammingExerciseGradingService.java:177)
	at java.base/java.util.Optional.orElseGet(Optional.java:364)
	at de.tum.cit.aet.artemis.programming.service.ProgrammingExerciseGradingService.processNewProgrammingExerciseResult(ProgrammingExerciseGradingService.java:177)
	at de.tum.cit.aet.artemis.programming.service.ProgrammingExerciseGradingService.processNewProgrammingExerciseResult(ProgrammingExerciseGradingService.java:156)
	at de.tum.cit.aet.artemis.assessment.web.open.PublicResultResource.processNewProgrammingExerciseResult(PublicResultResource.java:113)
	at java.base/jdk.internal.reflect.DirectMethodHandleAccessor.invoke(DirectMethodHandleAccessor.java:103)
	at java.base/java.lang.reflect.Method.invoke(Method.java:580)
	at org.springframework.aop.support.AopUtils.invokeJoinpointUsingReflection(AopUtils.java:359)
	at org.springframework.aop.framework.ReflectiveMethodInvocation.invokeJoinpoint(ReflectiveMethodInvocation.java:196)
	at org.springframework.aop.framework.ReflectiveMethodInvocation.proceed(ReflectiveMethodInvocation.java:163)
	at org.springframework.security.authorization.method.AuthorizationManagerBeforeMethodInterceptor.proceed(AuthorizationManagerBeforeMethodInterceptor.java:268)
	at org.springframework.security.authorization.method.AuthorizationManagerBeforeMethodInterceptor.attemptAuthorization(AuthorizationManagerBeforeMethodInterceptor.java:263)
	at org.springframework.security.authorization.method.AuthorizationManagerBeforeMethodInterceptor.invoke(AuthorizationManagerBeforeMethodInterceptor.java:196)
	at org.springframework.security.config.annotation.method.configuration.DeferringMethodInterceptor.invoke(DeferringMethodInterceptor.java:44)
	at org.springframework.aop.framework.ReflectiveMethodInvocation.proceed(ReflectiveMethodInvocation.java:184)
	at org.springframework.aop.framework.CglibAopProxy$DynamicAdvisedInterceptor.intercept(CglibAopProxy.java:727)
	at de.tum.cit.aet.artemis.assessment.web.open.PublicResultResource$$SpringCGLIB$$0.processNewProgrammingExerciseResult(<generated>)
	at java.base/jdk.internal.reflect.DirectMethodHandleAccessor.invoke(DirectMethodHandleAccessor.java:103)
	at java.base/java.lang.reflect.Method.invoke(Method.java:580)
	at org.springframework.web.method.support.InvocableHandlerMethod.doInvoke(InvocableHandlerMethod.java:257)
	at org.springframework.web.method.support.InvocableHandlerMethod.invokeForRequest(InvocableHandlerMethod.java:190)
	at org.springframework.web.servlet.mvc.method.annotation.ServletInvocableHandlerMethod.invokeAndHandle(ServletInvocableHandlerMethod.java:118)
	at org.springframework.web.servlet.mvc.method.annotation.RequestMappingHandlerAdapter.invokeHandlerMethod(RequestMappingHandlerAdapter.java:986)
	at org.springframework.web.servlet.mvc.method.annotation.RequestMappingHandlerAdapter.handleInternal(RequestMappingHandlerAdapter.java:891)
	at org.springframework.web.servlet.mvc.method.AbstractHandlerMethodAdapter.handle(AbstractHandlerMethodAdapter.java:87)
	at org.springframework.web.servlet.DispatcherServlet.doDispatch(DispatcherServlet.java:1088)
	at org.springframework.web.servlet.DispatcherServlet.doService(DispatcherServlet.java:978)
	at org.springframework.web.servlet.FrameworkServlet.processRequest(FrameworkServlet.java:1014)
	at org.springframework.web.servlet.FrameworkServlet.doPost(FrameworkServlet.java:914)
	at jakarta.servlet.http.HttpServlet.service(HttpServlet.java:547)
	at org.springframework.web.servlet.FrameworkServlet.service(FrameworkServlet.java:885)
	at org.springframework.test.web.servlet.TestDispatcherServlet.service(TestDispatcherServlet.java:72)
	at jakarta.servlet.http.HttpServlet.service(HttpServlet.java:614)
	at org.springframework.mock.web.MockFilterChain$ServletFilterProxy.doFilter(MockFilterChain.java:165)
	at org.springframework.mock.web.MockFilterChain.doFilter(MockFilterChain.java:132)
	at org.springframework.web.filter.OncePerRequestFilter.doFilter(OncePerRequestFilter.java:110)
	at org.springframework.test.web.servlet.setup.MockMvcFilterDecorator.doFilter(MockMvcFilterDecorator.java:162)
	at org.springframework.mock.web.MockFilterChain.doFilter(MockFilterChain.java:132)
	at de.tum.cit.aet.artemis.core.security.filter.ApiVersionFilter.doFilter(ApiVersionFilter.java:55)
	at org.springframework.test.web.servlet.setup.MockMvcFilterDecorator.doFilter(MockMvcFilterDecorator.java:162)
	at org.springframework.mock.web.MockFilterChain.doFilter(MockFilterChain.java:132)
	at io.sentry.spring.jakarta.SentryUserFilter.doFilterInternal(SentryUserFilter.java:56)
	at org.springframework.web.filter.OncePerRequestFilter.doFilter(OncePerRequestFilter.java:116)
	at org.springframework.test.web.servlet.setup.MockMvcFilterDecorator.doFilter(MockMvcFilterDecorator.java:162)
	at org.springframework.mock.web.MockFilterChain.doFilter(MockFilterChain.java:132)
	at org.springframework.web.filter.CompositeFilter$VirtualFilterChain.doFilter(CompositeFilter.java:108)
	at org.springframework.security.web.FilterChainProxy.lambda$doFilterInternal$3(FilterChainProxy.java:231)
	at org.springframework.security.web.ObservationFilterChainDecorator$FilterObservation$SimpleFilterObservation.lambda$wrap$1(ObservationFilterChainDecorator.java:479)
	at org.springframework.security.web.ObservationFilterChainDecorator$AroundFilterObservation$SimpleAroundFilterObservation.lambda$wrap$1(ObservationFilterChainDecorator.java:340)
	at org.springframework.security.web.ObservationFilterChainDecorator.lambda$wrapSecured$0(ObservationFilterChainDecorator.java:82)
	at org.springframework.security.web.ObservationFilterChainDecorator$VirtualFilterChain.doFilter(ObservationFilterChainDecorator.java:128)
	at org.springframework.security.web.access.intercept.AuthorizationFilter.doFilter(AuthorizationFilter.java:101)
	at org.springframework.security.web.ObservationFilterChainDecorator$ObservationFilter.wrapFilter(ObservationFilterChainDecorator.java:240)
	at org.springframework.security.web.ObservationFilterChainDecorator$ObservationFilter.doFilter(ObservationFilterChainDecorator.java:227)
	at org.springframework.security.web.ObservationFilterChainDecorator$VirtualFilterChain.doFilter(ObservationFilterChainDecorator.java:137)
	at org.springframework.security.web.access.ExceptionTranslationFilter.doFilter(ExceptionTranslationFilter.java:126)
	at org.springframework.security.web.access.ExceptionTranslationFilter.doFilter(ExceptionTranslationFilter.java:120)
	at org.springframework.security.web.ObservationFilterChainDecorator$ObservationFilter.wrapFilter(ObservationFilterChainDecorator.java:240)
	at org.springframework.security.web.ObservationFilterChainDecorator$ObservationFilter.doFilter(ObservationFilterChainDecorator.java:227)
	at org.springframework.security.web.ObservationFilterChainDecorator$VirtualFilterChain.doFilter(ObservationFilterChainDecorator.java:137)
	at org.springframework.security.web.session.SessionManagementFilter.doFilter(SessionManagementFilter.java:131)
	at org.springframework.security.web.session.SessionManagementFilter.doFilter(SessionManagementFilter.java:85)
	at org.springframework.security.web.ObservationFilterChainDecorator$ObservationFilter.wrapFilter(ObservationFilterChainDecorator.java:240)
	at org.springframework.security.web.ObservationFilterChainDecorator$ObservationFilter.doFilter(ObservationFilterChainDecorator.java:227)
	at org.springframework.security.web.ObservationFilterChainDecorator$VirtualFilterChain.doFilter(ObservationFilterChainDecorator.java:137)
	at org.springframework.security.web.authentication.AnonymousAuthenticationFilter.doFilter(AnonymousAuthenticationFilter.java:100)
	at org.springframework.security.web.ObservationFilterChainDecorator$ObservationFilter.wrapFilter(ObservationFilterChainDecorator.java:240)
	at org.springframework.security.web.ObservationFilterChainDecorator$ObservationFilter.doFilter(ObservationFilterChainDecorator.java:227)
	at org.springframework.security.web.ObservationFilterChainDecorator$VirtualFilterChain.doFilter(ObservationFilterChainDecorator.java:137)
	at org.springframework.security.web.servletapi.SecurityContextHolderAwareRequestFilter.doFilter(SecurityContextHolderAwareRequestFilter.java:179)
	at org.springframework.security.web.ObservationFilterChainDecorator$ObservationFilter.wrapFilter(ObservationFilterChainDecorator.java:240)
	at org.springframework.security.web.ObservationFilterChainDecorator$ObservationFilter.doFilter(ObservationFilterChainDecorator.java:227)
	at org.springframework.security.web.ObservationFilterChainDecorator$VirtualFilterChain.doFilter(ObservationFilterChainDecorator.java:137)
	at org.springframework.security.web.savedrequest.RequestCacheAwareFilter.doFilter(RequestCacheAwareFilter.java:63)
	at org.springframework.security.web.ObservationFilterChainDecorator$ObservationFilter.wrapFilter(ObservationFilterChainDecorator.java:240)
	at org.springframework.security.web.ObservationFilterChainDecorator$ObservationFilter.doFilter(ObservationFilterChainDecorator.java:227)
	at org.springframework.security.web.ObservationFilterChainDecorator$VirtualFilterChain.doFilter(ObservationFilterChainDecorator.java:137)
	at de.tum.cit.aet.artemis.core.security.filter.SpaWebFilter.doFilterInternal(SpaWebFilter.java:23)
	at org.springframework.web.filter.OncePerRequestFilter.doFilter(OncePerRequestFilter.java:116)
	at org.springframework.security.web.ObservationFilterChainDecorator$ObservationFilter.wrapFilter(ObservationFilterChainDecorator.java:240)
	at org.springframework.security.web.ObservationFilterChainDecorator$ObservationFilter.doFilter(ObservationFilterChainDecorator.java:227)
	at org.springframework.security.web.ObservationFilterChainDecorator$VirtualFilterChain.doFilter(ObservationFilterChainDecorator.java:137)
	at org.springframework.web.filter.OncePerRequestFilter.doFilter(OncePerRequestFilter.java:110)
	at org.springframework.security.web.ObservationFilterChainDecorator$ObservationFilter.wrapFilter(ObservationFilterChainDecorator.java:240)
	at org.springframework.security.web.ObservationFilterChainDecorator$ObservationFilter.doFilter(ObservationFilterChainDecorator.java:227)
	at org.springframework.security.web.ObservationFilterChainDecorator$VirtualFilterChain.doFilter(ObservationFilterChainDecorator.java:137)
	at de.tum.cit.aet.artemis.lti.config.Lti13LaunchFilter.doFilterInternal(Lti13LaunchFilter.java:60)
	at org.springframework.web.filter.OncePerRequestFilter.doFilter(OncePerRequestFilter.java:116)
	at org.springframework.security.web.ObservationFilterChainDecorator$ObservationFilter.wrapFilter(ObservationFilterChainDecorator.java:240)
	at org.springframework.security.web.ObservationFilterChainDecorator$ObservationFilter.doFilter(ObservationFilterChainDecorator.java:227)
	at org.springframework.security.web.ObservationFilterChainDecorator$VirtualFilterChain.doFilter(ObservationFilterChainDecorator.java:137)
	at de.tum.cit.aet.artemis.core.security.jwt.JWTFilter.doFilter(JWTFilter.java:55)
	at org.springframework.security.web.ObservationFilterChainDecorator$ObservationFilter.wrapFilter(ObservationFilterChainDecorator.java:240)
	at org.springframework.security.web.ObservationFilterChainDecorator$ObservationFilter.doFilter(ObservationFilterChainDecorator.java:227)
	at org.springframework.security.web.ObservationFilterChainDecorator$VirtualFilterChain.doFilter(ObservationFilterChainDecorator.java:137)
	at de.tum.cit.aet.artemis.core.security.jwt.JWTFilter.doFilter(JWTFilter.java:55)
	at org.springframework.security.web.ObservationFilterChainDecorator$ObservationFilter.wrapFilter(ObservationFilterChainDecorator.java:240)
	at org.springframework.security.web.ObservationFilterChainDecorator$ObservationFilter.doFilter(ObservationFilterChainDecorator.java:227)
	at org.springframework.security.web.ObservationFilterChainDecorator$VirtualFilterChain.doFilter(ObservationFilterChainDecorator.java:137)
	at org.springframework.web.filter.CorsFilter.doFilterInternal(CorsFilter.java:91)
	at org.springframework.web.filter.OncePerRequestFilter.doFilter(OncePerRequestFilter.java:116)
	at org.springframework.security.web.ObservationFilterChainDecorator$ObservationFilter.wrapFilter(ObservationFilterChainDecorator.java:240)
	at org.springframework.security.web.ObservationFilterChainDecorator$ObservationFilter.doFilter(ObservationFilterChainDecorator.java:227)
	at org.springframework.security.web.ObservationFilterChainDecorator$VirtualFilterChain.doFilter(ObservationFilterChainDecorator.java:137)
	at org.springframework.web.filter.OncePerRequestFilter.doFilter(OncePerRequestFilter.java:110)
	at org.springframework.security.web.ObservationFilterChainDecorator$ObservationFilter.wrapFilter(ObservationFilterChainDecorator.java:240)
	at org.springframework.security.web.ObservationFilterChainDecorator$ObservationFilter.doFilter(ObservationFilterChainDecorator.java:227)
	at org.springframework.security.web.ObservationFilterChainDecorator$VirtualFilterChain.doFilter(ObservationFilterChainDecorator.java:137)
	at uk.ac.ox.ctl.lti13.security.oauth2.client.lti.web.OAuth2AuthorizationRequestRedirectFilter.doFilterInternal(OAuth2AuthorizationRequestRedirectFilter.java:142)
	at org.springframework.web.filter.OncePerRequestFilter.doFilter(OncePerRequestFilter.java:116)
	at org.springframework.security.web.ObservationFilterChainDecorator$ObservationFilter.wrapFilter(ObservationFilterChainDecorator.java:240)
	at org.springframework.security.web.ObservationFilterChainDecorator$ObservationFilter.doFilter(ObservationFilterChainDecorator.java:227)
	at org.springframework.security.web.ObservationFilterChainDecorator$VirtualFilterChain.doFilter(ObservationFilterChainDecorator.java:137)
	at org.springframework.security.web.authentication.logout.LogoutFilter.doFilter(LogoutFilter.java:107)
	at org.springframework.security.web.authentication.logout.LogoutFilter.doFilter(LogoutFilter.java:93)
	at org.springframework.security.web.ObservationFilterChainDecorator$ObservationFilter.wrapFilter(ObservationFilterChainDecorator.java:240)
	at org.springframework.security.web.ObservationFilterChainDecorator$ObservationFilter.doFilter(ObservationFilterChainDecorator.java:227)
	at org.springframework.security.web.ObservationFilterChainDecorator$VirtualFilterChain.doFilter(ObservationFilterChainDecorator.java:137)
	at org.springframework.security.web.header.HeaderWriterFilter.doHeadersAfter(HeaderWriterFilter.java:90)
	at org.springframework.security.web.header.HeaderWriterFilter.doFilterInternal(HeaderWriterFilter.java:75)
	at org.springframework.web.filter.OncePerRequestFilter.doFilter(OncePerRequestFilter.java:116)
	at org.springframework.security.web.ObservationFilterChainDecorator$ObservationFilter.wrapFilter(ObservationFilterChainDecorator.java:240)
	at org.springframework.security.web.ObservationFilterChainDecorator$ObservationFilter.doFilter(ObservationFilterChainDecorator.java:227)
	at org.springframework.security.web.ObservationFilterChainDecorator$VirtualFilterChain.doFilter(ObservationFilterChainDecorator.java:137)
	at org.springframework.security.web.context.SecurityContextHolderFilter.doFilter(SecurityContextHolderFilter.java:82)
	at org.springframework.security.web.context.SecurityContextHolderFilter.doFilter(SecurityContextHolderFilter.java:69)
	at org.springframework.security.web.ObservationFilterChainDecorator$ObservationFilter.wrapFilter(ObservationFilterChainDecorator.java:240)
	at org.springframework.security.web.ObservationFilterChainDecorator$ObservationFilter.doFilter(ObservationFilterChainDecorator.java:227)
	at org.springframework.security.web.ObservationFilterChainDecorator$VirtualFilterChain.doFilter(ObservationFilterChainDecorator.java:137)
	at org.springframework.security.web.context.request.async.WebAsyncManagerIntegrationFilter.doFilterInternal(WebAsyncManagerIntegrationFilter.java:62)
	at org.springframework.web.filter.OncePerRequestFilter.doFilter(OncePerRequestFilter.java:116)
	at org.springframework.security.web.ObservationFilterChainDecorator$ObservationFilter.wrapFilter(ObservationFilterChainDecorator.java:240)
	at org.springframework.security.web.ObservationFilterChainDecorator$ObservationFilter.doFilter(ObservationFilterChainDecorator.java:227)
	at org.springframework.security.web.ObservationFilterChainDecorator$VirtualFilterChain.doFilter(ObservationFilterChainDecorator.java:137)
	at org.springframework.security.web.session.DisableEncodeUrlFilter.doFilterInternal(DisableEncodeUrlFilter.java:42)
	at org.springframework.web.filter.OncePerRequestFilter.doFilter(OncePerRequestFilter.java:116)
	at org.springframework.security.web.ObservationFilterChainDecorator$ObservationFilter.wrapFilter(ObservationFilterChainDecorator.java:240)
	at org.springframework.security.web.ObservationFilterChainDecorator$AroundFilterObservation$SimpleAroundFilterObservation.lambda$wrap$0(ObservationFilterChainDecorator.java:323)
	at org.springframework.security.web.ObservationFilterChainDecorator$ObservationFilter.doFilter(ObservationFilterChainDecorator.java:224)
	at org.springframework.security.web.ObservationFilterChainDecorator$VirtualFilterChain.doFilter(ObservationFilterChainDecorator.java:137)
	at org.springframework.security.web.FilterChainProxy.doFilterInternal(FilterChainProxy.java:233)
	at org.springframework.security.web.FilterChainProxy.doFilter(FilterChainProxy.java:191)
	at org.springframework.web.filter.CompositeFilter$VirtualFilterChain.doFilter(CompositeFilter.java:113)
	at org.springframework.web.servlet.handler.HandlerMappingIntrospector.lambda$createCacheFilter$3(HandlerMappingIntrospector.java:243)
	at org.springframework.web.filter.CompositeFilter$VirtualFilterChain.doFilter(CompositeFilter.java:113)
	at org.springframework.web.filter.CompositeFilter.doFilter(CompositeFilter.java:74)
	at org.springframework.security.config.annotation.web.configuration.WebMvcSecurityConfiguration$CompositeFilterChainProxy.doFilter(WebMvcSecurityConfiguration.java:238)
	at org.springframework.web.filter.DelegatingFilterProxy.invokeDelegate(DelegatingFilterProxy.java:362)
	at org.springframework.web.filter.DelegatingFilterProxy.doFilter(DelegatingFilterProxy.java:278)
	at org.springframework.test.web.servlet.setup.MockMvcFilterDecorator.doFilter(MockMvcFilterDecorator.java:162)
	at org.springframework.mock.web.MockFilterChain.doFilter(MockFilterChain.java:132)
	at org.springframework.web.filter.RequestContextFilter.doFilterInternal(RequestContextFilter.java:100)
	at org.springframework.web.filter.OncePerRequestFilter.doFilter(OncePerRequestFilter.java:116)
	at org.springframework.test.web.servlet.setup.MockMvcFilterDecorator.doFilter(MockMvcFilterDecorator.java:162)
	at org.springframework.mock.web.MockFilterChain.doFilter(MockFilterChain.java:132)
	at org.springframework.web.filter.FormContentFilter.doFilterInternal(FormContentFilter.java:93)
	at org.springframework.web.filter.OncePerRequestFilter.doFilter(OncePerRequestFilter.java:116)
	at org.springframework.test.web.servlet.setup.MockMvcFilterDecorator.doFilter(MockMvcFilterDecorator.java:162)
	at org.springframework.mock.web.MockFilterChain.doFilter(MockFilterChain.java:132)
	at org.springframework.web.filter.ServerHttpObservationFilter.doFilterInternal(ServerHttpObservationFilter.java:114)
	at org.springframework.web.filter.OncePerRequestFilter.doFilter(OncePerRequestFilter.java:116)
	at org.springframework.test.web.servlet.setup.MockMvcFilterDecorator.doFilter(MockMvcFilterDecorator.java:162)
	at org.springframework.mock.web.MockFilterChain.doFilter(MockFilterChain.java:132)
	at io.sentry.spring.jakarta.tracing.SentryTracingFilter.doFilterInternal(SentryTracingFilter.java:91)
	at org.springframework.web.filter.OncePerRequestFilter.doFilter(OncePerRequestFilter.java:116)
	at org.springframework.test.web.servlet.setup.MockMvcFilterDecorator.doFilter(MockMvcFilterDecorator.java:162)
	at org.springframework.mock.web.MockFilterChain.doFilter(MockFilterChain.java:132)
	at org.springframework.web.filter.CharacterEncodingFilter.doFilterInternal(CharacterEncodingFilter.java:201)
	at org.springframework.web.filter.OncePerRequestFilter.doFilter(OncePerRequestFilter.java:116)
	at org.springframework.test.web.servlet.setup.MockMvcFilterDecorator.doFilter(MockMvcFilterDecorator.java:162)
	at org.springframework.mock.web.MockFilterChain.doFilter(MockFilterChain.java:132)
	at io.sentry.spring.jakarta.SentrySpringFilter.doFilterInternal(SentrySpringFilter.java:76)
	at org.springframework.web.filter.OncePerRequestFilter.doFilter(OncePerRequestFilter.java:116)
	at org.springframework.test.web.servlet.setup.MockMvcFilterDecorator.doFilter(MockMvcFilterDecorator.java:162)
	at org.springframework.mock.web.MockFilterChain.doFilter(MockFilterChain.java:132)
	at org.springframework.test.web.servlet.MockMvc.perform(MockMvc.java:201)
	at de.tum.cit.aet.artemis.core.util.RequestUtilService.performMvcRequest(RequestUtilService.java:79)
	at de.tum.cit.aet.artemis.core.util.RequestUtilService.postWithoutLocation(RequestUtilService.java:213)
	at de.tum.cit.aet.artemis.core.util.RequestUtilService.postWithoutLocation(RequestUtilService.java:199)
	at de.tum.cit.aet.artemis.programming.ProgrammingSubmissionAndResultGitlabJenkinsIntegrationTest.postResult(ProgrammingSubmissionAndResultGitlabJenkinsIntegrationTest.java:413)
	at de.tum.cit.aet.artemis.programming.ProgrammingSubmissionAndResultGitlabJenkinsIntegrationTest.shouldSaveBuildLogsOnStudentParticipationWithoutSubmissionNorResult(ProgrammingSubmissionAndResultGitlabJenkinsIntegrationTest.java:338)
	at java.base/jdk.internal.reflect.DirectMethodHandleAccessor.invoke(DirectMethodHandleAccessor.java:103)
	at java.base/java.lang.reflect.Method.invoke(Method.java:580)
	at org.junit.platform.commons.util.ReflectionUtils.invokeMethod(ReflectionUtils.java:767)
	at org.junit.jupiter.engine.execution.MethodInvocation.proceed(MethodInvocation.java:60)
	at org.junit.jupiter.engine.execution.InvocationInterceptorChain$ValidatingInvocation.proceed(InvocationInterceptorChain.java:131)
	at org.junit.jupiter.engine.extension.TimeoutExtension.intercept(TimeoutExtension.java:156)
	at org.junit.jupiter.engine.extension.TimeoutExtension.interceptTestableMethod(TimeoutExtension.java:147)
	at org.junit.jupiter.engine.extension.TimeoutExtension.interceptTestTemplateMethod(TimeoutExtension.java:94)
	at org.junit.jupiter.engine.execution.InterceptingExecutableInvoker$ReflectiveInterceptorCall.lambda$ofVoidMethod$0(InterceptingExecutableInvoker.java:103)
	at org.junit.jupiter.engine.execution.InterceptingExecutableInvoker.lambda$invoke$0(InterceptingExecutableInvoker.java:93)
	at org.junit.jupiter.engine.execution.InvocationInterceptorChain$InterceptedInvocation.proceed(InvocationInterceptorChain.java:106)
	at org.junit.jupiter.engine.execution.InvocationInterceptorChain.proceed(InvocationInterceptorChain.java:64)
	at org.junit.jupiter.engine.execution.InvocationInterceptorChain.chainAndInvoke(InvocationInterceptorChain.java:45)
	at org.junit.jupiter.engine.execution.InvocationInterceptorChain.invoke(InvocationInterceptorChain.java:37)
	at org.junit.jupiter.engine.execution.InterceptingExecutableInvoker.invoke(InterceptingExecutableInvoker.java:92)
	at org.junit.jupiter.engine.execution.InterceptingExecutableInvoker.invoke(InterceptingExecutableInvoker.java:86)
	at org.junit.jupiter.engine.descriptor.TestMethodTestDescriptor.lambda$invokeTestMethod$8(TestMethodTestDescriptor.java:217)
	at org.junit.platform.engine.support.hierarchical.ThrowableCollector.execute(ThrowableCollector.java:73)
	at org.junit.jupiter.engine.descriptor.TestMethodTestDescriptor.invokeTestMethod(TestMethodTestDescriptor.java:213)
	at org.junit.jupiter.engine.descriptor.TestMethodTestDescriptor.execute(TestMethodTestDescriptor.java:138)
	at org.junit.jupiter.engine.descriptor.TestMethodTestDescriptor.execute(TestMethodTestDescriptor.java:68)
	at org.junit.platform.engine.support.hierarchical.NodeTestTask.lambda$executeRecursively$6(NodeTestTask.java:156)
	at org.junit.platform.engine.support.hierarchical.ThrowableCollector.execute(ThrowableCollector.java:73)
	at org.junit.platform.engine.support.hierarchical.NodeTestTask.lambda$executeRecursively$8(NodeTestTask.java:146)
	at org.junit.platform.engine.support.hierarchical.Node.around(Node.java:137)
	at org.junit.platform.engine.support.hierarchical.NodeTestTask.lambda$executeRecursively$9(NodeTestTask.java:144)
	at org.junit.platform.engine.support.hierarchical.ThrowableCollector.execute(ThrowableCollector.java:73)
	at org.junit.platform.engine.support.hierarchical.NodeTestTask.executeRecursively(NodeTestTask.java:143)
	at org.junit.platform.engine.support.hierarchical.NodeTestTask.execute(NodeTestTask.java:100)
	at org.junit.platform.engine.support.hierarchical.ForkJoinPoolHierarchicalTestExecutorService$ExclusiveTask.exec(ForkJoinPoolHierarchicalTestExecutorService.java:274)
	at org.junit.platform.engine.support.hierarchical.ForkJoinPoolHierarchicalTestExecutorService$ExclusiveTask.execSync(ForkJoinPoolHierarchicalTestExecutorService.java:247)
	at org.junit.platform.engine.support.hierarchical.ForkJoinPoolHierarchicalTestExecutorService.submit(ForkJoinPoolHierarchicalTestExecutorService.java:148)
	at org.junit.platform.engine.support.hierarchical.NodeTestTask$DefaultDynamicTestExecutor.execute(NodeTestTask.java:231)
	at org.junit.platform.engine.support.hierarchical.NodeTestTask$DefaultDynamicTestExecutor.execute(NodeTestTask.java:209)
	at org.junit.jupiter.engine.descriptor.TestTemplateTestDescriptor.execute(TestTemplateTestDescriptor.java:141)
	at org.junit.jupiter.engine.descriptor.TestTemplateTestDescriptor.lambda$execute$3(TestTemplateTestDescriptor.java:109)
	at java.base/java.util.stream.ForEachOps$ForEachOp$OfRef.accept(ForEachOps.java:184)
	at java.base/java.util.stream.ReferencePipeline$3$1.accept(ReferencePipeline.java:197)
	at java.base/java.util.stream.ReferencePipeline$2$1.accept(ReferencePipeline.java:179)
	at java.base/java.util.stream.ReferencePipeline$3$1.accept(ReferencePipeline.java:197)
	at java.base/java.util.stream.ForEachOps$ForEachOp$OfRef.accept(ForEachOps.java:184)
	at java.base/java.util.stream.ReferencePipeline$3$1.accept(ReferencePipeline.java:197)
	at java.base/java.util.stream.ForEachOps$ForEachOp$OfRef.accept(ForEachOps.java:184)
	at java.base/java.util.stream.ForEachOps$ForEachOp$OfRef.accept(ForEachOps.java:184)
	at java.base/java.util.stream.ReferencePipeline$3$1.accept(ReferencePipeline.java:197)
	at java.base/java.util.stream.ForEachOps$ForEachOp$OfRef.accept(ForEachOps.java:184)
	at java.base/java.util.Spliterators$ArraySpliterator.forEachRemaining(Spliterators.java:1024)
	at java.base/java.util.stream.ReferencePipeline$Head.forEach(ReferencePipeline.java:762)
	at java.base/java.util.stream.ReferencePipeline$7$1.accept(ReferencePipeline.java:276)
	at java.base/java.util.Iterator.forEachRemaining(Iterator.java:133)
	at java.base/java.util.Spliterators$IteratorSpliterator.forEachRemaining(Spliterators.java:1939)
	at java.base/java.util.stream.AbstractPipeline.copyInto(AbstractPipeline.java:509)
	at java.base/java.util.stream.AbstractPipeline.wrapAndCopyInto(AbstractPipeline.java:499)
	at java.base/java.util.stream.ForEachOps$ForEachOp.evaluateSequential(ForEachOps.java:151)
	at java.base/java.util.stream.ForEachOps$ForEachOp$OfRef.evaluateSequential(ForEachOps.java:174)
	at java.base/java.util.stream.AbstractPipeline.evaluate(AbstractPipeline.java:234)
	at java.base/java.util.stream.ReferencePipeline.forEach(ReferencePipeline.java:596)
	at java.base/java.util.stream.ReferencePipeline$7$1.accept(ReferencePipeline.java:276)
	at java.base/java.util.stream.ReferencePipeline$3$1.accept(ReferencePipeline.java:197)
	at java.base/java.util.stream.ReferencePipeline$3$1.accept(ReferencePipeline.java:197)
	at java.base/java.util.stream.ReferencePipeline$3$1.accept(ReferencePipeline.java:197)
	at java.base/java.util.Spliterators$ArraySpliterator.forEachRemaining(Spliterators.java:1024)
	at java.base/java.util.stream.AbstractPipeline.copyInto(AbstractPipeline.java:509)
	at java.base/java.util.stream.AbstractPipeline.wrapAndCopyInto(AbstractPipeline.java:499)
	at java.base/java.util.stream.ForEachOps$ForEachOp.evaluateSequential(ForEachOps.java:151)
	at java.base/java.util.stream.ForEachOps$ForEachOp$OfRef.evaluateSequential(ForEachOps.java:174)
	at java.base/java.util.stream.AbstractPipeline.evaluate(AbstractPipeline.java:234)
	at java.base/java.util.stream.ReferencePipeline.forEach(ReferencePipeline.java:596)
	at java.base/java.util.stream.ReferencePipeline$7$1.accept(ReferencePipeline.java:276)
	at java.base/java.util.ArrayList$ArrayListSpliterator.forEachRemaining(ArrayList.java:1708)
	at java.base/java.util.stream.AbstractPipeline.copyInto(AbstractPipeline.java:509)
	at java.base/java.util.stream.AbstractPipeline.wrapAndCopyInto(AbstractPipeline.java:499)
	at java.base/java.util.stream.ForEachOps$ForEachOp.evaluateSequential(ForEachOps.java:151)
	at java.base/java.util.stream.ForEachOps$ForEachOp$OfRef.evaluateSequential(ForEachOps.java:174)
	at java.base/java.util.stream.AbstractPipeline.evaluate(AbstractPipeline.java:234)
	at java.base/java.util.stream.ReferencePipeline.forEach(ReferencePipeline.java:596)
	at java.base/java.util.stream.ReferencePipeline$7$1.accept(ReferencePipeline.java:276)
	at java.base/java.util.stream.ReferencePipeline$3$1.accept(ReferencePipeline.java:197)
	at java.base/java.util.stream.ReferencePipeline$3$1.accept(ReferencePipeline.java:197)
	at java.base/java.util.stream.ReferencePipeline$3$1.accept(ReferencePipeline.java:197)
	at java.base/java.util.ArrayList$ArrayListSpliterator.forEachRemaining(ArrayList.java:1708)
	at java.base/java.util.stream.AbstractPipeline.copyInto(AbstractPipeline.java:509)
	at java.base/java.util.stream.AbstractPipeline.wrapAndCopyInto(AbstractPipeline.java:499)
	at java.base/java.util.stream.ForEachOps$ForEachOp.evaluateSequential(ForEachOps.java:151)
	at java.base/java.util.stream.ForEachOps$ForEachOp$OfRef.evaluateSequential(ForEachOps.java:174)
	at java.base/java.util.stream.AbstractPipeline.evaluate(AbstractPipeline.java:234)
	at java.base/java.util.stream.ReferencePipeline.forEach(ReferencePipeline.java:596)
	at java.base/java.util.stream.ReferencePipeline$7$1.accept(ReferencePipeline.java:276)
	at java.base/java.util.ArrayList$ArrayListSpliterator.forEachRemaining(ArrayList.java:1708)
	at java.base/java.util.stream.AbstractPipeline.copyInto(AbstractPipeline.java:509)
	at java.base/java.util.stream.AbstractPipeline.wrapAndCopyInto(AbstractPipeline.java:499)
	at java.base/java.util.stream.ForEachOps$ForEachOp.evaluateSequential(ForEachOps.java:151)
	at java.base/java.util.stream.ForEachOps$ForEachOp$OfRef.evaluateSequential(ForEachOps.java:174)
	at java.base/java.util.stream.AbstractPipeline.evaluate(AbstractPipeline.java:234)
	at java.base/java.util.stream.ReferencePipeline.forEach(ReferencePipeline.java:596)
	at org.junit.jupiter.engine.descriptor.TestTemplateTestDescriptor.execute(TestTemplateTestDescriptor.java:109)
	at org.junit.jupiter.engine.descriptor.TestTemplateTestDescriptor.execute(TestTemplateTestDescriptor.java:43)
	at org.junit.platform.engine.support.hierarchical.NodeTestTask.lambda$executeRecursively$6(NodeTestTask.java:156)
	at org.junit.platform.engine.support.hierarchical.ThrowableCollector.execute(ThrowableCollector.java:73)
	at org.junit.platform.engine.support.hierarchical.NodeTestTask.lambda$executeRecursively$8(NodeTestTask.java:146)
	at org.junit.platform.engine.support.hierarchical.Node.around(Node.java:137)
	at org.junit.platform.engine.support.hierarchical.NodeTestTask.lambda$executeRecursively$9(NodeTestTask.java:144)
	at org.junit.platform.engine.support.hierarchical.ThrowableCollector.execute(ThrowableCollector.java:73)
	at org.junit.platform.engine.support.hierarchical.NodeTestTask.executeRecursively(NodeTestTask.java:143)
	at org.junit.platform.engine.support.hierarchical.NodeTestTask.execute(NodeTestTask.java:100)
	at org.junit.platform.engine.support.hierarchical.ForkJoinPoolHierarchicalTestExecutorService$ExclusiveTask.exec(ForkJoinPoolHierarchicalTestExecutorService.java:274)
	at org.junit.platform.engine.support.hierarchical.ForkJoinPoolHierarchicalTestExecutorService$ExclusiveTask.execSync(ForkJoinPoolHierarchicalTestExecutorService.java:247)
	at org.junit.platform.engine.support.hierarchical.ForkJoinPoolHierarchicalTestExecutorService.executeSync(ForkJoinPoolHierarchicalTestExecutorService.java:194)
	at org.junit.platform.engine.support.hierarchical.ForkJoinPoolHierarchicalTestExecutorService.invokeAll(ForkJoinPoolHierarchicalTestExecutorService.java:166)
	at org.junit.platform.engine.support.hierarchical.NodeTestTask.lambda$executeRecursively$6(NodeTestTask.java:160)
	at org.junit.platform.engine.support.hierarchical.ThrowableCollector.execute(ThrowableCollector.java:73)
	at org.junit.platform.engine.support.hierarchical.NodeTestTask.lambda$executeRecursively$8(NodeTestTask.java:146)
	at org.junit.platform.engine.support.hierarchical.Node.around(Node.java:137)
	at org.junit.platform.engine.support.hierarchical.NodeTestTask.lambda$executeRecursively$9(NodeTestTask.java:144)
	at org.junit.platform.engine.support.hierarchical.ThrowableCollector.execute(ThrowableCollector.java:73)
	at org.junit.platform.engine.support.hierarchical.NodeTestTask.executeRecursively(NodeTestTask.java:143)
	at org.junit.platform.engine.support.hierarchical.NodeTestTask.execute(NodeTestTask.java:100)
	at org.junit.platform.engine.support.hierarchical.ForkJoinPoolHierarchicalTestExecutorService$ExclusiveTask.exec(ForkJoinPoolHierarchicalTestExecutorService.java:274)
	at java.base/java.util.concurrent.ForkJoinTask.doExec(ForkJoinTask.java:387)
	at java.base/java.util.concurrent.ForkJoinPool$WorkQueue.topLevelExec(ForkJoinPool.java:1312)
	at java.base/java.util.concurrent.ForkJoinPool.scan(ForkJoinPool.java:1843)
	at java.base/java.util.concurrent.ForkJoinPool.runWorker(ForkJoinPool.java:1808)
	at java.base/java.util.concurrent.ForkJoinWorkerThread.run(ForkJoinWorkerThread.java:188)
    23:48:51.059 | 463 ool-1-worker-227 | DEBUG | .c.s.m.InstanceMessageReceiveService : Received schedule participant score for exercise 3236 and participant 773 (result to be deleted: null)
    23:48:51.059 | 463 ool-1-worker-227 | DEBUG | .a.s.ParticipantScoreScheduleService : Scheduled task for exercise 3236 and participant 773 at 2025-02-14T23:48:51.159540709Z[Etc/UTC].
    23:48:51.060 | 463 ool-1-worker-227 | DEBUG | .a.a.p.s.ProgrammingMessagingService : Send result to client over websocket. Result: Result{id787, completionDate=2025-02-14T23:48:51.034750500Z, successful=false, score=0.0, rated=true, assessmentType=AUTOMATIC, hasComplaint=null, testCaseCount=0, passedTestCaseCount=0, codeIssueCount=0}, Submission: ProgrammingSubmission{commitHash='9b3a9bd71a0d80e5bbc42204c319ed3d1d4f0d6d', buildFailed=true, buildArtifact=false, type=MANUAL}, Participation: ProgrammingExerciseStudentParticipation{id=4016, repositoryUri='https://version-control.fake.fake/git/SHORT011F3EDB0AD8804D0909E200B1B66163A473TSTEXC/short011f3edb0ad8804d0909e200b1b66163a473tstexc-progsubresgitlabjenstudent1.git', buildPlanId='SHORT011F3EDB0AD8804D0909E200B1B66163A473TSTEXC-PROGSUBRESGITLABJENSTUDENT1', initializationState='INITIALIZED', initializationDate='2025-02-14T23:48:51.033125Z', individualDueDate=null', presentationScore=null}
    23:48:51.062 | 463 ool-1-worker-227 | INFO  | d.t.c.a.a.a.w.o.PublicResultResource : The new result for SHORT011F3EDB0AD8804D0909E200B1B66163A473TSTEXC-PROGSUBRESGITLABJENSTUDENT1 was saved successfully
    23:48:51.065 | 463 ool-1-worker-227 | DEBUG | d.t.c.a.a.c.s.f.ApiVersionFilter     : Adding Version to Request GET /api/repository/4016/buildlogs
    23:48:51.065 | 463 ool-1-worker-227 | DEBUG | rammingExerciseParticipationResource : REST request to get build log : 4016

  Starting logs for ProgrammingSubmissionAndResultGitlabJenkinsIntegrationTest > shouldSaveBuildLogsOnStudentParticipationWithoutSubmissionNorResult(ProgrammingLanguage, boolean) [19] programmingLanguage=JAVASCRIPT, enableStaticCodeAnalysis=true
    23:48:51.078 | 463 ool-1-worker-227 | DEBUG | d.t.c.a.a.c.u.util.UserUtilService   : Generate 3 students...
    23:48:51.082 | 463 ool-1-worker-227 | DEBUG | d.t.c.a.a.c.u.util.UserUtilService   : 3 students generated. Generate 2 tutors...
    23:48:51.085 | 463 ool-1-worker-227 | DEBUG | d.t.c.a.a.c.u.util.UserUtilService   : 2 tutors generated. Generate 0 editors...
    23:48:51.086 | 463 ool-1-worker-227 | DEBUG | d.t.c.a.a.c.u.util.UserUtilService   : 0 editors generated. Generate 2 instructors...
    23:48:51.089 | 463 ool-1-worker-227 | DEBUG | d.t.c.a.a.c.u.util.UserUtilService   : 2 instructors generated
    23:48:51.090 | 463 ool-1-worker-227 | DEBUG | d.t.c.a.a.c.u.util.UserUtilService   : Removing 7 users from all courses...
    23:48:51.091 | 463 ool-1-worker-227 | DEBUG | d.t.c.a.a.c.u.util.UserUtilService   : Removing 7 users from all courses. Done
    23:48:51.091 | 463 ool-1-worker-227 | DEBUG | d.t.c.a.a.c.u.util.UserUtilService   : Save 7 users to database...
    23:48:51.094 | 463 ool-1-worker-227 | DEBUG | d.t.c.a.a.c.u.util.UserUtilService   : Save 7 users to database. Done
    23:48:51.108 | 463 ool-1-worker-227 | DEBUG | PersonalAccessTokenManagementService : Generate secure vcs access token
    23:48:51.111 | 463 ool-1-worker-227 | DEBUG | PersonalAccessTokenManagementService : Generate secure vcs access token
    23:48:51.113 | 463 ool-1-worker-227 | INFO  | i.z.t.d.l.EmbeddedDatabaseReporter   : JDBC URL to connect to 'dataSource': url='jdbc:h2:tcp://localhost:41063/mem:736625c0-cf5e-400d-aeaa-8a7eabd6262b;USER=sa', scope='ProgrammingSubmissionAndResultGitlabJenkinsIntegrationTest#shouldSaveBuildLogsOnStudentParticipationWithoutSubmissionNorResult'
    23:48:51.124 | 463 ool-1-worker-227 | DEBUG | PersonalAccessTokenManagementService : Generate secure vcs access token
    23:48:51.127 | 463 ool-1-worker-227 | DEBUG | d.t.c.a.a.c.s.f.ApiVersionFilter     : Adding Version to Request POST /api/public/programming-exercises/new-result
    23:48:51.128 | 463 ool-1-worker-227 | DEBUG | d.t.c.a.a.a.w.o.PublicResultResource : Received result notify (NEW)
    23:48:51.129 | 463 ool-1-worker-227 | INFO  | d.t.c.a.a.a.w.o.PublicResultResource : Artemis received a new result for build plan SHORT153476D505B9004AD308D78056E6689405A0TSTEXC-PROGSUBRESGITLABJENSTUDENT1
    23:48:51.131 | 463 ool-1-worker-227 | DEBUG | .s.ProgrammingExerciseGradingService : Received new build result (NEW) for participation 4023
    23:48:51.133 | 463 ool-1-worker-227 | WARN  | .s.ProgrammingExerciseGradingService : Could not find pending ProgrammingSubmission for Commit Hash 9b3a9bd71a0d80e5bbc42204c319ed3d1d4f0d6d (Participation 4023, Build Plan SHORT153476D505B9004AD308D78056E6689405A0TSTEXC-PROGSUBRESGITLABJENSTUDENT1). Will create a new one subsequently...
    23:48:51.133 | 463 ool-1-worker-227 | ERROR | .s.ProgrammingExerciseGradingService : Could not retrieve push date for participation 4023 and build plan SHORT153476D505B9004AD308D78056E6689405A0TSTEXC-PROGSUBRESGITLABJENSTUDENT1
de.tum.cit.aet.artemis.programming.service.gitlab.GitLabException: Could not find build queue date for participation 4023
	at de.tum.cit.aet.artemis.programming.service.gitlab.GitLabService.getPushDate(GitLabService.java:369)
	at de.tum.cit.aet.artemis.programming.service.gitlab.GitLabService.getPushDate(GitLabService.java:358)
	at de.tum.cit.aet.artemis.programming.service.ProgrammingExerciseGradingService.createAndSaveFallbackSubmission(ProgrammingExerciseGradingService.java:286)
	at de.tum.cit.aet.artemis.programming.service.ProgrammingExerciseGradingService.createAndSaveFallbackSubmission(ProgrammingExerciseGradingService.java:272)
	at de.tum.cit.aet.artemis.programming.service.ProgrammingExerciseGradingService.lambda$processNewProgrammingExerciseResult$0(ProgrammingExerciseGradingService.java:177)
	at java.base/java.util.Optional.orElseGet(Optional.java:364)
	at de.tum.cit.aet.artemis.programming.service.ProgrammingExerciseGradingService.processNewProgrammingExerciseResult(ProgrammingExerciseGradingService.java:177)
	at de.tum.cit.aet.artemis.programming.service.ProgrammingExerciseGradingService.processNewProgrammingExerciseResult(ProgrammingExerciseGradingService.java:156)
	at de.tum.cit.aet.artemis.assessment.web.open.PublicResultResource.processNewProgrammingExerciseResult(PublicResultResource.java:113)
	at java.base/jdk.internal.reflect.DirectMethodHandleAccessor.invoke(DirectMethodHandleAccessor.java:103)
	at java.base/java.lang.reflect.Method.invoke(Method.java:580)
	at org.springframework.aop.support.AopUtils.invokeJoinpointUsingReflection(AopUtils.java:359)
	at org.springframework.aop.framework.ReflectiveMethodInvocation.invokeJoinpoint(ReflectiveMethodInvocation.java:196)
	at org.springframework.aop.framework.ReflectiveMethodInvocation.proceed(ReflectiveMethodInvocation.java:163)
	at org.springframework.security.authorization.method.AuthorizationManagerBeforeMethodInterceptor.proceed(AuthorizationManagerBeforeMethodInterceptor.java:268)
	at org.springframework.security.authorization.method.AuthorizationManagerBeforeMethodInterceptor.attemptAuthorization(AuthorizationManagerBeforeMethodInterceptor.java:263)
	at org.springframework.security.authorization.method.AuthorizationManagerBeforeMethodInterceptor.invoke(AuthorizationManagerBeforeMethodInterceptor.java:196)
	at org.springframework.security.config.annotation.method.configuration.DeferringMethodInterceptor.invoke(DeferringMethodInterceptor.java:44)
	at org.springframework.aop.framework.ReflectiveMethodInvocation.proceed(ReflectiveMethodInvocation.java:184)
	at org.springframework.aop.framework.CglibAopProxy$DynamicAdvisedInterceptor.intercept(CglibAopProxy.java:727)
	at de.tum.cit.aet.artemis.assessment.web.open.PublicResultResource$$SpringCGLIB$$0.processNewProgrammingExerciseResult(<generated>)
	at java.base/jdk.internal.reflect.DirectMethodHandleAccessor.invoke(DirectMethodHandleAccessor.java:103)
	at java.base/java.lang.reflect.Method.invoke(Method.java:580)
	at org.springframework.web.method.support.InvocableHandlerMethod.doInvoke(InvocableHandlerMethod.java:257)
	at org.springframework.web.method.support.InvocableHandlerMethod.invokeForRequest(InvocableHandlerMethod.java:190)
	at org.springframework.web.servlet.mvc.method.annotation.ServletInvocableHandlerMethod.invokeAndHandle(ServletInvocableHandlerMethod.java:118)
	at org.springframework.web.servlet.mvc.method.annotation.RequestMappingHandlerAdapter.invokeHandlerMethod(RequestMappingHandlerAdapter.java:986)
	at org.springframework.web.servlet.mvc.method.annotation.RequestMappingHandlerAdapter.handleInternal(RequestMappingHandlerAdapter.java:891)
	at org.springframework.web.servlet.mvc.method.AbstractHandlerMethodAdapter.handle(AbstractHandlerMethodAdapter.java:87)
	at org.springframework.web.servlet.DispatcherServlet.doDispatch(DispatcherServlet.java:1088)
	at org.springframework.web.servlet.DispatcherServlet.doService(DispatcherServlet.java:978)
	at org.springframework.web.servlet.FrameworkServlet.processRequest(FrameworkServlet.java:1014)
	at org.springframework.web.servlet.FrameworkServlet.doPost(FrameworkServlet.java:914)
	at jakarta.servlet.http.HttpServlet.service(HttpServlet.java:547)
	at org.springframework.web.servlet.FrameworkServlet.service(FrameworkServlet.java:885)
	at org.springframework.test.web.servlet.TestDispatcherServlet.service(TestDispatcherServlet.java:72)
	at jakarta.servlet.http.HttpServlet.service(HttpServlet.java:614)
	at org.springframework.mock.web.MockFilterChain$ServletFilterProxy.doFilter(MockFilterChain.java:165)
	at org.springframework.mock.web.MockFilterChain.doFilter(MockFilterChain.java:132)
	at org.springframework.web.filter.OncePerRequestFilter.doFilter(OncePerRequestFilter.java:110)
	at org.springframework.test.web.servlet.setup.MockMvcFilterDecorator.doFilter(MockMvcFilterDecorator.java:162)
	at org.springframework.mock.web.MockFilterChain.doFilter(MockFilterChain.java:132)
	at de.tum.cit.aet.artemis.core.security.filter.ApiVersionFilter.doFilter(ApiVersionFilter.java:55)
	at org.springframework.test.web.servlet.setup.MockMvcFilterDecorator.doFilter(MockMvcFilterDecorator.java:162)
	at org.springframework.mock.web.MockFilterChain.doFilter(MockFilterChain.java:132)
	at io.sentry.spring.jakarta.SentryUserFilter.doFilterInternal(SentryUserFilter.java:56)
	at org.springframework.web.filter.OncePerRequestFilter.doFilter(OncePerRequestFilter.java:116)
	at org.springframework.test.web.servlet.setup.MockMvcFilterDecorator.doFilter(MockMvcFilterDecorator.java:162)
	at org.springframework.mock.web.MockFilterChain.doFilter(MockFilterChain.java:132)
	at org.springframework.web.filter.CompositeFilter$VirtualFilterChain.doFilter(CompositeFilter.java:108)
	at org.springframework.security.web.FilterChainProxy.lambda$doFilterInternal$3(FilterChainProxy.java:231)
	at org.springframework.security.web.ObservationFilterChainDecorator$FilterObservation$SimpleFilterObservation.lambda$wrap$1(ObservationFilterChainDecorator.java:479)
	at org.springframework.security.web.ObservationFilterChainDecorator$AroundFilterObservation$SimpleAroundFilterObservation.lambda$wrap$1(ObservationFilterChainDecorator.java:340)
	at org.springframework.security.web.ObservationFilterChainDecorator.lambda$wrapSecured$0(ObservationFilterChainDecorator.java:82)
	at org.springframework.security.web.ObservationFilterChainDecorator$VirtualFilterChain.doFilter(ObservationFilterChainDecorator.java:128)
	at org.springframework.security.web.access.intercept.AuthorizationFilter.doFilter(AuthorizationFilter.java:101)
	at org.springframework.security.web.ObservationFilterChainDecorator$ObservationFilter.wrapFilter(ObservationFilterChainDecorator.java:240)
	at org.springframework.security.web.ObservationFilterChainDecorator$ObservationFilter.doFilter(ObservationFilterChainDecorator.java:227)
	at org.springframework.security.web.ObservationFilterChainDecorator$VirtualFilterChain.doFilter(ObservationFilterChainDecorator.java:137)
	at org.springframework.security.web.access.ExceptionTranslationFilter.doFilter(ExceptionTranslationFilter.java:126)
	at org.springframework.security.web.access.ExceptionTranslationFilter.doFilter(ExceptionTranslationFilter.java:120)
	at org.springframework.security.web.ObservationFilterChainDecorator$ObservationFilter.wrapFilter(ObservationFilterChainDecorator.java:240)
	at org.springframework.security.web.ObservationFilterChainDecorator$ObservationFilter.doFilter(ObservationFilterChainDecorator.java:227)
	at org.springframework.security.web.ObservationFilterChainDecorator$VirtualFilterChain.doFilter(ObservationFilterChainDecorator.java:137)
	at org.springframework.security.web.session.SessionManagementFilter.doFilter(SessionManagementFilter.java:131)
	at org.springframework.security.web.session.SessionManagementFilter.doFilter(SessionManagementFilter.java:85)
	at org.springframework.security.web.ObservationFilterChainDecorator$ObservationFilter.wrapFilter(ObservationFilterChainDecorator.java:240)
	at org.springframework.security.web.ObservationFilterChainDecorator$ObservationFilter.doFilter(ObservationFilterChainDecorator.java:227)
	at org.springframework.security.web.ObservationFilterChainDecorator$VirtualFilterChain.doFilter(ObservationFilterChainDecorator.java:137)
	at org.springframework.security.web.authentication.AnonymousAuthenticationFilter.doFilter(AnonymousAuthenticationFilter.java:100)
	at org.springframework.security.web.ObservationFilterChainDecorator$ObservationFilter.wrapFilter(ObservationFilterChainDecorator.java:240)
	at org.springframework.security.web.ObservationFilterChainDecorator$ObservationFilter.doFilter(ObservationFilterChainDecorator.java:227)
	at org.springframework.security.web.ObservationFilterChainDecorator$VirtualFilterChain.doFilter(ObservationFilterChainDecorator.java:137)
	at org.springframework.security.web.servletapi.SecurityContextHolderAwareRequestFilter.doFilter(SecurityContextHolderAwareRequestFilter.java:179)
	at org.springframework.security.web.ObservationFilterChainDecorator$ObservationFilter.wrapFilter(ObservationFilterChainDecorator.java:240)
	at org.springframework.security.web.ObservationFilterChainDecorator$ObservationFilter.doFilter(ObservationFilterChainDecorator.java:227)
	at org.springframework.security.web.ObservationFilterChainDecorator$VirtualFilterChain.doFilter(ObservationFilterChainDecorator.java:137)
	at org.springframework.security.web.savedrequest.RequestCacheAwareFilter.doFilter(RequestCacheAwareFilter.java:63)
	at org.springframework.security.web.ObservationFilterChainDecorator$ObservationFilter.wrapFilter(ObservationFilterChainDecorator.java:240)
	at org.springframework.security.web.ObservationFilterChainDecorator$ObservationFilter.doFilter(ObservationFilterChainDecorator.java:227)
	at org.springframework.security.web.ObservationFilterChainDecorator$VirtualFilterChain.doFilter(ObservationFilterChainDecorator.java:137)
	at de.tum.cit.aet.artemis.core.security.filter.SpaWebFilter.doFilterInternal(SpaWebFilter.java:23)
	at org.springframework.web.filter.OncePerRequestFilter.doFilter(OncePerRequestFilter.java:116)
	at org.springframework.security.web.ObservationFilterChainDecorator$ObservationFilter.wrapFilter(ObservationFilterChainDecorator.java:240)
	at org.springframework.security.web.ObservationFilterChainDecorator$ObservationFilter.doFilter(ObservationFilterChainDecorator.java:227)
	at org.springframework.security.web.ObservationFilterChainDecorator$VirtualFilterChain.doFilter(ObservationFilterChainDecorator.java:137)
	at org.springframework.web.filter.OncePerRequestFilter.doFilter(OncePerRequestFilter.java:110)
	at org.springframework.security.web.ObservationFilterChainDecorator$ObservationFilter.wrapFilter(ObservationFilterChainDecorator.java:240)
	at org.springframework.security.web.ObservationFilterChainDecorator$ObservationFilter.doFilter(ObservationFilterChainDecorator.java:227)
	at org.springframework.security.web.ObservationFilterChainDecorator$VirtualFilterChain.doFilter(ObservationFilterChainDecorator.java:137)
	at de.tum.cit.aet.artemis.lti.config.Lti13LaunchFilter.doFilterInternal(Lti13LaunchFilter.java:60)
	at org.springframework.web.filter.OncePerRequestFilter.doFilter(OncePerRequestFilter.java:116)
	at org.springframework.security.web.ObservationFilterChainDecorator$ObservationFilter.wrapFilter(ObservationFilterChainDecorator.java:240)
	at org.springframework.security.web.ObservationFilterChainDecorator$ObservationFilter.doFilter(ObservationFilterChainDecorator.java:227)
	at org.springframework.security.web.ObservationFilterChainDecorator$VirtualFilterChain.doFilter(ObservationFilterChainDecorator.java:137)
	at de.tum.cit.aet.artemis.core.security.jwt.JWTFilter.doFilter(JWTFilter.java:55)
	at org.springframework.security.web.ObservationFilterChainDecorator$ObservationFilter.wrapFilter(ObservationFilterChainDecorator.java:240)
	at org.springframework.security.web.ObservationFilterChainDecorator$ObservationFilter.doFilter(ObservationFilterChainDecorator.java:227)
	at org.springframework.security.web.ObservationFilterChainDecorator$VirtualFilterChain.doFilter(ObservationFilterChainDecorator.java:137)
	at de.tum.cit.aet.artemis.core.security.jwt.JWTFilter.doFilter(JWTFilter.java:55)
	at org.springframework.security.web.ObservationFilterChainDecorator$ObservationFilter.wrapFilter(ObservationFilterChainDecorator.java:240)
	at org.springframework.security.web.ObservationFilterChainDecorator$ObservationFilter.doFilter(ObservationFilterChainDecorator.java:227)
	at org.springframework.security.web.ObservationFilterChainDecorator$VirtualFilterChain.doFilter(ObservationFilterChainDecorator.java:137)
	at org.springframework.web.filter.CorsFilter.doFilterInternal(CorsFilter.java:91)
	at org.springframework.web.filter.OncePerRequestFilter.doFilter(OncePerRequestFilter.java:116)
	at org.springframework.security.web.ObservationFilterChainDecorator$ObservationFilter.wrapFilter(ObservationFilterChainDecorator.java:240)
	at org.springframework.security.web.ObservationFilterChainDecorator$ObservationFilter.doFilter(ObservationFilterChainDecorator.java:227)
	at org.springframework.security.web.ObservationFilterChainDecorator$VirtualFilterChain.doFilter(ObservationFilterChainDecorator.java:137)
	at org.springframework.web.filter.OncePerRequestFilter.doFilter(OncePerRequestFilter.java:110)
	at org.springframework.security.web.ObservationFilterChainDecorator$ObservationFilter.wrapFilter(ObservationFilterChainDecorator.java:240)
	at org.springframework.security.web.ObservationFilterChainDecorator$ObservationFilter.doFilter(ObservationFilterChainDecorator.java:227)
	at org.springframework.security.web.ObservationFilterChainDecorator$VirtualFilterChain.doFilter(ObservationFilterChainDecorator.java:137)
	at uk.ac.ox.ctl.lti13.security.oauth2.client.lti.web.OAuth2AuthorizationRequestRedirectFilter.doFilterInternal(OAuth2AuthorizationRequestRedirectFilter.java:142)
	at org.springframework.web.filter.OncePerRequestFilter.doFilter(OncePerRequestFilter.java:116)
	at org.springframework.security.web.ObservationFilterChainDecorator$ObservationFilter.wrapFilter(ObservationFilterChainDecorator.java:240)
	at org.springframework.security.web.ObservationFilterChainDecorator$ObservationFilter.doFilter(ObservationFilterChainDecorator.java:227)
	at org.springframework.security.web.ObservationFilterChainDecorator$VirtualFilterChain.doFilter(ObservationFilterChainDecorator.java:137)
	at org.springframework.security.web.authentication.logout.LogoutFilter.doFilter(LogoutFilter.java:107)
	at org.springframework.security.web.authentication.logout.LogoutFilter.doFilter(LogoutFilter.java:93)
	at org.springframework.security.web.ObservationFilterChainDecorator$ObservationFilter.wrapFilter(ObservationFilterChainDecorator.java:240)
	at org.springframework.security.web.ObservationFilterChainDecorator$ObservationFilter.doFilter(ObservationFilterChainDecorator.java:227)
	at org.springframework.security.web.ObservationFilterChainDecorator$VirtualFilterChain.doFilter(ObservationFilterChainDecorator.java:137)
	at org.springframework.security.web.header.HeaderWriterFilter.doHeadersAfter(HeaderWriterFilter.java:90)
	at org.springframework.security.web.header.HeaderWriterFilter.doFilterInternal(HeaderWriterFilter.java:75)
	at org.springframework.web.filter.OncePerRequestFilter.doFilter(OncePerRequestFilter.java:116)
	at org.springframework.security.web.ObservationFilterChainDecorator$ObservationFilter.wrapFilter(ObservationFilterChainDecorator.java:240)
	at org.springframework.security.web.ObservationFilterChainDecorator$ObservationFilter.doFilter(ObservationFilterChainDecorator.java:227)
	at org.springframework.security.web.ObservationFilterChainDecorator$VirtualFilterChain.doFilter(ObservationFilterChainDecorator.java:137)
	at org.springframework.security.web.context.SecurityContextHolderFilter.doFilter(SecurityContextHolderFilter.java:82)
	at org.springframework.security.web.context.SecurityContextHolderFilter.doFilter(SecurityContextHolderFilter.java:69)
	at org.springframework.security.web.ObservationFilterChainDecorator$ObservationFilter.wrapFilter(ObservationFilterChainDecorator.java:240)
	at org.springframework.security.web.ObservationFilterChainDecorator$ObservationFilter.doFilter(ObservationFilterChainDecorator.java:227)
	at org.springframework.security.web.ObservationFilterChainDecorator$VirtualFilterChain.doFilter(ObservationFilterChainDecorator.java:137)
	at org.springframework.security.web.context.request.async.WebAsyncManagerIntegrationFilter.doFilterInternal(WebAsyncManagerIntegrationFilter.java:62)
	at org.springframework.web.filter.OncePerRequestFilter.doFilter(OncePerRequestFilter.java:116)
	at org.springframework.security.web.ObservationFilterChainDecorator$ObservationFilter.wrapFilter(ObservationFilterChainDecorator.java:240)
	at org.springframework.security.web.ObservationFilterChainDecorator$ObservationFilter.doFilter(ObservationFilterChainDecorator.java:227)
	at org.springframework.security.web.ObservationFilterChainDecorator$VirtualFilterChain.doFilter(ObservationFilterChainDecorator.java:137)
	at org.springframework.security.web.session.DisableEncodeUrlFilter.doFilterInternal(DisableEncodeUrlFilter.java:42)
	at org.springframework.web.filter.OncePerRequestFilter.doFilter(OncePerRequestFilter.java:116)
	at org.springframework.security.web.ObservationFilterChainDecorator$ObservationFilter.wrapFilter(ObservationFilterChainDecorator.java:240)
	at org.springframework.security.web.ObservationFilterChainDecorator$AroundFilterObservation$SimpleAroundFilterObservation.lambda$wrap$0(ObservationFilterChainDecorator.java:323)
	at org.springframework.security.web.ObservationFilterChainDecorator$ObservationFilter.doFilter(ObservationFilterChainDecorator.java:224)
	at org.springframework.security.web.ObservationFilterChainDecorator$VirtualFilterChain.doFilter(ObservationFilterChainDecorator.java:137)
	at org.springframework.security.web.FilterChainProxy.doFilterInternal(FilterChainProxy.java:233)
	at org.springframework.security.web.FilterChainProxy.doFilter(FilterChainProxy.java:191)
	at org.springframework.web.filter.CompositeFilter$VirtualFilterChain.doFilter(CompositeFilter.java:113)
	at org.springframework.web.servlet.handler.HandlerMappingIntrospector.lambda$createCacheFilter$3(HandlerMappingIntrospector.java:243)
	at org.springframework.web.filter.CompositeFilter$VirtualFilterChain.doFilter(CompositeFilter.java:113)
	at org.springframework.web.filter.CompositeFilter.doFilter(CompositeFilter.java:74)
	at org.springframework.security.config.annotation.web.configuration.WebMvcSecurityConfiguration$CompositeFilterChainProxy.doFilter(WebMvcSecurityConfiguration.java:238)
	at org.springframework.web.filter.DelegatingFilterProxy.invokeDelegate(DelegatingFilterProxy.java:362)
	at org.springframework.web.filter.DelegatingFilterProxy.doFilter(DelegatingFilterProxy.java:278)
	at org.springframework.test.web.servlet.setup.MockMvcFilterDecorator.doFilter(MockMvcFilterDecorator.java:162)
	at org.springframework.mock.web.MockFilterChain.doFilter(MockFilterChain.java:132)
	at org.springframework.web.filter.RequestContextFilter.doFilterInternal(RequestContextFilter.java:100)
	at org.springframework.web.filter.OncePerRequestFilter.doFilter(OncePerRequestFilter.java:116)
	at org.springframework.test.web.servlet.setup.MockMvcFilterDecorator.doFilter(MockMvcFilterDecorator.java:162)
	at org.springframework.mock.web.MockFilterChain.doFilter(MockFilterChain.java:132)
	at org.springframework.web.filter.FormContentFilter.doFilterInternal(FormContentFilter.java:93)
	at org.springframework.web.filter.OncePerRequestFilter.doFilter(OncePerRequestFilter.java:116)
	at org.springframework.test.web.servlet.setup.MockMvcFilterDecorator.doFilter(MockMvcFilterDecorator.java:162)
	at org.springframework.mock.web.MockFilterChain.doFilter(MockFilterChain.java:132)
	at org.springframework.web.filter.ServerHttpObservationFilter.doFilterInternal(ServerHttpObservationFilter.java:114)
	at org.springframework.web.filter.OncePerRequestFilter.doFilter(OncePerRequestFilter.java:116)
	at org.springframework.test.web.servlet.setup.MockMvcFilterDecorator.doFilter(MockMvcFilterDecorator.java:162)
	at org.springframework.mock.web.MockFilterChain.doFilter(MockFilterChain.java:132)
	at io.sentry.spring.jakarta.tracing.SentryTracingFilter.doFilterInternal(SentryTracingFilter.java:91)
	at org.springframework.web.filter.OncePerRequestFilter.doFilter(OncePerRequestFilter.java:116)
	at org.springframework.test.web.servlet.setup.MockMvcFilterDecorator.doFilter(MockMvcFilterDecorator.java:162)
	at org.springframework.mock.web.MockFilterChain.doFilter(MockFilterChain.java:132)
	at org.springframework.web.filter.CharacterEncodingFilter.doFilterInternal(CharacterEncodingFilter.java:201)
	at org.springframework.web.filter.OncePerRequestFilter.doFilter(OncePerRequestFilter.java:116)
	at org.springframework.test.web.servlet.setup.MockMvcFilterDecorator.doFilter(MockMvcFilterDecorator.java:162)
	at org.springframework.mock.web.MockFilterChain.doFilter(MockFilterChain.java:132)
	at io.sentry.spring.jakarta.SentrySpringFilter.doFilterInternal(SentrySpringFilter.java:76)
	at org.springframework.web.filter.OncePerRequestFilter.doFilter(OncePerRequestFilter.java:116)
	at org.springframework.test.web.servlet.setup.MockMvcFilterDecorator.doFilter(MockMvcFilterDecorator.java:162)
	at org.springframework.mock.web.MockFilterChain.doFilter(MockFilterChain.java:132)
	at org.springframework.test.web.servlet.MockMvc.perform(MockMvc.java:201)
	at de.tum.cit.aet.artemis.core.util.RequestUtilService.performMvcRequest(RequestUtilService.java:79)
	at de.tum.cit.aet.artemis.core.util.RequestUtilService.postWithoutLocation(RequestUtilService.java:213)
	at de.tum.cit.aet.artemis.core.util.RequestUtilService.postWithoutLocation(RequestUtilService.java:199)
	at de.tum.cit.aet.artemis.programming.ProgrammingSubmissionAndResultGitlabJenkinsIntegrationTest.postResult(ProgrammingSubmissionAndResultGitlabJenkinsIntegrationTest.java:413)
	at de.tum.cit.aet.artemis.programming.ProgrammingSubmissionAndResultGitlabJenkinsIntegrationTest.shouldSaveBuildLogsOnStudentParticipationWithoutSubmissionNorResult(ProgrammingSubmissionAndResultGitlabJenkinsIntegrationTest.java:338)
	at java.base/jdk.internal.reflect.DirectMethodHandleAccessor.invoke(DirectMethodHandleAccessor.java:103)
	at java.base/java.lang.reflect.Method.invoke(Method.java:580)
	at org.junit.platform.commons.util.ReflectionUtils.invokeMethod(ReflectionUtils.java:767)
	at org.junit.jupiter.engine.execution.MethodInvocation.proceed(MethodInvocation.java:60)
	at org.junit.jupiter.engine.execution.InvocationInterceptorChain$ValidatingInvocation.proceed(InvocationInterceptorChain.java:131)
	at org.junit.jupiter.engine.extension.TimeoutExtension.intercept(TimeoutExtension.java:156)
	at org.junit.jupiter.engine.extension.TimeoutExtension.interceptTestableMethod(TimeoutExtension.java:147)
	at org.junit.jupiter.engine.extension.TimeoutExtension.interceptTestTemplateMethod(TimeoutExtension.java:94)
	at org.junit.jupiter.engine.execution.InterceptingExecutableInvoker$ReflectiveInterceptorCall.lambda$ofVoidMethod$0(InterceptingExecutableInvoker.java:103)
	at org.junit.jupiter.engine.execution.InterceptingExecutableInvoker.lambda$invoke$0(InterceptingExecutableInvoker.java:93)
	at org.junit.jupiter.engine.execution.InvocationInterceptorChain$InterceptedInvocation.proceed(InvocationInterceptorChain.java:106)
	at org.junit.jupiter.engine.execution.InvocationInterceptorChain.proceed(InvocationInterceptorChain.java:64)
	at org.junit.jupiter.engine.execution.InvocationInterceptorChain.chainAndInvoke(InvocationInterceptorChain.java:45)
	at org.junit.jupiter.engine.execution.InvocationInterceptorChain.invoke(InvocationInterceptorChain.java:37)
	at org.junit.jupiter.engine.execution.InterceptingExecutableInvoker.invoke(InterceptingExecutableInvoker.java:92)
	at org.junit.jupiter.engine.execution.InterceptingExecutableInvoker.invoke(InterceptingExecutableInvoker.java:86)
	at org.junit.jupiter.engine.descriptor.TestMethodTestDescriptor.lambda$invokeTestMethod$8(TestMethodTestDescriptor.java:217)
	at org.junit.platform.engine.support.hierarchical.ThrowableCollector.execute(ThrowableCollector.java:73)
	at org.junit.jupiter.engine.descriptor.TestMethodTestDescriptor.invokeTestMethod(TestMethodTestDescriptor.java:213)
	at org.junit.jupiter.engine.descriptor.TestMethodTestDescriptor.execute(TestMethodTestDescriptor.java:138)
	at org.junit.jupiter.engine.descriptor.TestMethodTestDescriptor.execute(TestMethodTestDescriptor.java:68)
	at org.junit.platform.engine.support.hierarchical.NodeTestTask.lambda$executeRecursively$6(NodeTestTask.java:156)
	at org.junit.platform.engine.support.hierarchical.ThrowableCollector.execute(ThrowableCollector.java:73)
	at org.junit.platform.engine.support.hierarchical.NodeTestTask.lambda$executeRecursively$8(NodeTestTask.java:146)
	at org.junit.platform.engine.support.hierarchical.Node.around(Node.java:137)
	at org.junit.platform.engine.support.hierarchical.NodeTestTask.lambda$executeRecursively$9(NodeTestTask.java:144)
	at org.junit.platform.engine.support.hierarchical.ThrowableCollector.execute(ThrowableCollector.java:73)
	at org.junit.platform.engine.support.hierarchical.NodeTestTask.executeRecursively(NodeTestTask.java:143)
	at org.junit.platform.engine.support.hierarchical.NodeTestTask.execute(NodeTestTask.java:100)
	at org.junit.platform.engine.support.hierarchical.ForkJoinPoolHierarchicalTestExecutorService$ExclusiveTask.exec(ForkJoinPoolHierarchicalTestExecutorService.java:274)
	at org.junit.platform.engine.support.hierarchical.ForkJoinPoolHierarchicalTestExecutorService$ExclusiveTask.execSync(ForkJoinPoolHierarchicalTestExecutorService.java:247)
	at org.junit.platform.engine.support.hierarchical.ForkJoinPoolHierarchicalTestExecutorService.submit(ForkJoinPoolHierarchicalTestExecutorService.java:148)
	at org.junit.platform.engine.support.hierarchical.NodeTestTask$DefaultDynamicTestExecutor.execute(NodeTestTask.java:231)
	at org.junit.platform.engine.support.hierarchical.NodeTestTask$DefaultDynamicTestExecutor.execute(NodeTestTask.java:209)
	at org.junit.jupiter.engine.descriptor.TestTemplateTestDescriptor.execute(TestTemplateTestDescriptor.java:141)
	at org.junit.jupiter.engine.descriptor.TestTemplateTestDescriptor.lambda$execute$3(TestTemplateTestDescriptor.java:109)
	at java.base/java.util.stream.ForEachOps$ForEachOp$OfRef.accept(ForEachOps.java:184)
	at java.base/java.util.stream.ReferencePipeline$3$1.accept(ReferencePipeline.java:197)
	at java.base/java.util.stream.ReferencePipeline$2$1.accept(ReferencePipeline.java:179)
	at java.base/java.util.stream.ReferencePipeline$3$1.accept(ReferencePipeline.java:197)
	at java.base/java.util.stream.ForEachOps$ForEachOp$OfRef.accept(ForEachOps.java:184)
	at java.base/java.util.stream.ReferencePipeline$3$1.accept(ReferencePipeline.java:197)
	at java.base/java.util.stream.ForEachOps$ForEachOp$OfRef.accept(ForEachOps.java:184)
	at java.base/java.util.stream.ForEachOps$ForEachOp$OfRef.accept(ForEachOps.java:184)
	at java.base/java.util.stream.ReferencePipeline$3$1.accept(ReferencePipeline.java:197)
	at java.base/java.util.stream.ForEachOps$ForEachOp$OfRef.accept(ForEachOps.java:184)
	at java.base/java.util.Spliterators$ArraySpliterator.forEachRemaining(Spliterators.java:1024)
	at java.base/java.util.stream.ReferencePipeline$Head.forEach(ReferencePipeline.java:762)
	at java.base/java.util.stream.ReferencePipeline$7$1.accept(ReferencePipeline.java:276)
	at java.base/java.util.Iterator.forEachRemaining(Iterator.java:133)
	at java.base/java.util.Spliterators$IteratorSpliterator.forEachRemaining(Spliterators.java:1939)
	at java.base/java.util.stream.AbstractPipeline.copyInto(AbstractPipeline.java:509)
	at java.base/java.util.stream.AbstractPipeline.wrapAndCopyInto(AbstractPipeline.java:499)
	at java.base/java.util.stream.ForEachOps$ForEachOp.evaluateSequential(ForEachOps.java:151)
	at java.base/java.util.stream.ForEachOps$ForEachOp$OfRef.evaluateSequential(ForEachOps.java:174)
	at java.base/java.util.stream.AbstractPipeline.evaluate(AbstractPipeline.java:234)
	at java.base/java.util.stream.ReferencePipeline.forEach(ReferencePipeline.java:596)
	at java.base/java.util.stream.ReferencePipeline$7$1.accept(ReferencePipeline.java:276)
	at java.base/java.util.stream.ReferencePipeline$3$1.accept(ReferencePipeline.java:197)
	at java.base/java.util.stream.ReferencePipeline$3$1.accept(ReferencePipeline.java:197)
	at java.base/java.util.stream.ReferencePipeline$3$1.accept(ReferencePipeline.java:197)
	at java.base/java.util.Spliterators$ArraySpliterator.forEachRemaining(Spliterators.java:1024)
	at java.base/java.util.stream.AbstractPipeline.copyInto(AbstractPipeline.java:509)
	at java.base/java.util.stream.AbstractPipeline.wrapAndCopyInto(AbstractPipeline.java:499)
	at java.base/java.util.stream.ForEachOps$ForEachOp.evaluateSequential(ForEachOps.java:151)
	at java.base/java.util.stream.ForEachOps$ForEachOp$OfRef.evaluateSequential(ForEachOps.java:174)
	at java.base/java.util.stream.AbstractPipeline.evaluate(AbstractPipeline.java:234)
	at java.base/java.util.stream.ReferencePipeline.forEach(ReferencePipeline.java:596)
	at java.base/java.util.stream.ReferencePipeline$7$1.accept(ReferencePipeline.java:276)
	at java.base/java.util.ArrayList$ArrayListSpliterator.forEachRemaining(ArrayList.java:1708)
	at java.base/java.util.stream.AbstractPipeline.copyInto(AbstractPipeline.java:509)
	at java.base/java.util.stream.AbstractPipeline.wrapAndCopyInto(AbstractPipeline.java:499)
	at java.base/java.util.stream.ForEachOps$ForEachOp.evaluateSequential(ForEachOps.java:151)
	at java.base/java.util.stream.ForEachOps$ForEachOp$OfRef.evaluateSequential(ForEachOps.java:174)
	at java.base/java.util.stream.AbstractPipeline.evaluate(AbstractPipeline.java:234)
	at java.base/java.util.stream.ReferencePipeline.forEach(ReferencePipeline.java:596)
	at java.base/java.util.stream.ReferencePipeline$7$1.accept(ReferencePipeline.java:276)
	at java.base/java.util.stream.ReferencePipeline$3$1.accept(ReferencePipeline.java:197)
	at java.base/java.util.stream.ReferencePipeline$3$1.accept(ReferencePipeline.java:197)
	at java.base/java.util.stream.ReferencePipeline$3$1.accept(ReferencePipeline.java:197)
	at java.base/java.util.ArrayList$ArrayListSpliterator.forEachRemaining(ArrayList.java:1708)
	at java.base/java.util.stream.AbstractPipeline.copyInto(AbstractPipeline.java:509)
	at java.base/java.util.stream.AbstractPipeline.wrapAndCopyInto(AbstractPipeline.java:499)
	at java.base/java.util.stream.ForEachOps$ForEachOp.evaluateSequential(ForEachOps.java:151)
	at java.base/java.util.stream.ForEachOps$ForEachOp$OfRef.evaluateSequential(ForEachOps.java:174)
	at java.base/java.util.stream.AbstractPipeline.evaluate(AbstractPipeline.java:234)
	at java.base/java.util.stream.ReferencePipeline.forEach(ReferencePipeline.java:596)
	at java.base/java.util.stream.ReferencePipeline$7$1.accept(ReferencePipeline.java:276)
	at java.base/java.util.ArrayList$ArrayListSpliterator.forEachRemaining(ArrayList.java:1708)
	at java.base/java.util.stream.AbstractPipeline.copyInto(AbstractPipeline.java:509)
	at java.base/java.util.stream.AbstractPipeline.wrapAndCopyInto(AbstractPipeline.java:499)
	at java.base/java.util.stream.ForEachOps$ForEachOp.evaluateSequential(ForEachOps.java:151)
	at java.base/java.util.stream.ForEachOps$ForEachOp$OfRef.evaluateSequential(ForEachOps.java:174)
	at java.base/java.util.stream.AbstractPipeline.evaluate(AbstractPipeline.java:234)
	at java.base/java.util.stream.ReferencePipeline.forEach(ReferencePipeline.java:596)
	at org.junit.jupiter.engine.descriptor.TestTemplateTestDescriptor.execute(TestTemplateTestDescriptor.java:109)
	at org.junit.jupiter.engine.descriptor.TestTemplateTestDescriptor.execute(TestTemplateTestDescriptor.java:43)
	at org.junit.platform.engine.support.hierarchical.NodeTestTask.lambda$executeRecursively$6(NodeTestTask.java:156)
	at org.junit.platform.engine.support.hierarchical.ThrowableCollector.execute(ThrowableCollector.java:73)
	at org.junit.platform.engine.support.hierarchical.NodeTestTask.lambda$executeRecursively$8(NodeTestTask.java:146)
	at org.junit.platform.engine.support.hierarchical.Node.around(Node.java:137)
	at org.junit.platform.engine.support.hierarchical.NodeTestTask.lambda$executeRecursively$9(NodeTestTask.java:144)
	at org.junit.platform.engine.support.hierarchical.ThrowableCollector.execute(ThrowableCollector.java:73)
	at org.junit.platform.engine.support.hierarchical.NodeTestTask.executeRecursively(NodeTestTask.java:143)
	at org.junit.platform.engine.support.hierarchical.NodeTestTask.execute(NodeTestTask.java:100)
	at org.junit.platform.engine.support.hierarchical.ForkJoinPoolHierarchicalTestExecutorService$ExclusiveTask.exec(ForkJoinPoolHierarchicalTestExecutorService.java:274)
	at org.junit.platform.engine.support.hierarchical.ForkJoinPoolHierarchicalTestExecutorService$ExclusiveTask.execSync(ForkJoinPoolHierarchicalTestExecutorService.java:247)
	at org.junit.platform.engine.support.hierarchical.ForkJoinPoolHierarchicalTestExecutorService.executeSync(ForkJoinPoolHierarchicalTestExecutorService.java:194)
	at org.junit.platform.engine.support.hierarchical.ForkJoinPoolHierarchicalTestExecutorService.invokeAll(ForkJoinPoolHierarchicalTestExecutorService.java:166)
	at org.junit.platform.engine.support.hierarchical.NodeTestTask.lambda$executeRecursively$6(NodeTestTask.java:160)
	at org.junit.platform.engine.support.hierarchical.ThrowableCollector.execute(ThrowableCollector.java:73)
	at org.junit.platform.engine.support.hierarchical.NodeTestTask.lambda$executeRecursively$8(NodeTestTask.java:146)
	at org.junit.platform.engine.support.hierarchical.Node.around(Node.java:137)
	at org.junit.platform.engine.support.hierarchical.NodeTestTask.lambda$executeRecursively$9(NodeTestTask.java:144)
	at org.junit.platform.engine.support.hierarchical.ThrowableCollector.execute(ThrowableCollector.java:73)
	at org.junit.platform.engine.support.hierarchical.NodeTestTask.executeRecursively(NodeTestTask.java:143)
	at org.junit.platform.engine.support.hierarchical.NodeTestTask.execute(NodeTestTask.java:100)
	at org.junit.platform.engine.support.hierarchical.ForkJoinPoolHierarchicalTestExecutorService$ExclusiveTask.exec(ForkJoinPoolHierarchicalTestExecutorService.java:274)
	at java.base/java.util.concurrent.ForkJoinTask.doExec(ForkJoinTask.java:387)
	at java.base/java.util.concurrent.ForkJoinPool$WorkQueue.topLevelExec(ForkJoinPool.java:1312)
	at java.base/java.util.concurrent.ForkJoinPool.scan(ForkJoinPool.java:1843)
	at java.base/java.util.concurrent.ForkJoinPool.runWorker(ForkJoinPool.java:1808)
	at java.base/java.util.concurrent.ForkJoinWorkerThread.run(ForkJoinWorkerThread.java:188)
    23:48:51.149 | 463 ool-1-worker-227 | DEBUG | .c.s.m.InstanceMessageReceiveService : Received schedule participant score for exercise 3238 and participant 773 (result to be deleted: null)
    23:48:51.149 | 463 ool-1-worker-227 | DEBUG | .a.s.ParticipantScoreScheduleService : Scheduled task for exercise 3238 and participant 773 at 2025-02-14T23:48:51.249586744Z[Etc/UTC].
    23:48:51.150 | 463 ool-1-worker-227 | DEBUG | .a.a.p.s.ProgrammingMessagingService : Send result to client over websocket. Result: Result{id788, completionDate=2025-02-14T23:48:51.125467Z, successful=false, score=0.0, rated=true, assessmentType=AUTOMATIC, hasComplaint=null, testCaseCount=0, passedTestCaseCount=0, codeIssueCount=0}, Submission: ProgrammingSubmission{commitHash='9b3a9bd71a0d80e5bbc42204c319ed3d1d4f0d6d', buildFailed=true, buildArtifact=false, type=MANUAL}, Participation: ProgrammingExerciseStudentParticipation{id=4023, repositoryUri='https://version-control.fake.fake/git/SHORT153476D505B9004AD308D78056E6689405A0TSTEXC/short153476d505b9004ad308d78056e6689405a0tstexc-progsubresgitlabjenstudent1.git', buildPlanId='SHORT153476D505B9004AD308D78056E6689405A0TSTEXC-PROGSUBRESGITLABJENSTUDENT1', initializationState='INITIALIZED', initializationDate='2025-02-14T23:48:51.123806Z', individualDueDate=null', presentationScore=null}
    23:48:51.152 | 463 ool-1-worker-227 | INFO  | d.t.c.a.a.a.w.o.PublicResultResource : The new result for SHORT153476D505B9004AD308D78056E6689405A0TSTEXC-PROGSUBRESGITLABJENSTUDENT1 was saved successfully
    23:48:51.155 | 463 ool-1-worker-227 | DEBUG | d.t.c.a.a.c.s.f.ApiVersionFilter     : Adding Version to Request GET /api/repository/4023/buildlogs
    23:48:51.155 | 463 ool-1-worker-227 | DEBUG | rammingExerciseParticipationResource : REST request to get build log : 4023

  Starting logs for ProgrammingSubmissionAndResultGitlabJenkinsIntegrationTest > shouldSaveBuildLogsOnStudentParticipationWithoutSubmissionNorResult(ProgrammingLanguage, boolean) [20] programmingLanguage=JAVASCRIPT, enableStaticCodeAnalysis=false
    23:48:51.167 | 463 ool-1-worker-227 | DEBUG | d.t.c.a.a.c.u.util.UserUtilService   : Generate 3 students...
    23:48:51.171 | 463 ool-1-worker-227 | DEBUG | d.t.c.a.a.c.u.util.UserUtilService   : 3 students generated. Generate 2 tutors...
    23:48:51.174 | 463 ool-1-worker-227 | DEBUG | d.t.c.a.a.c.u.util.UserUtilService   : 2 tutors generated. Generate 0 editors...
    23:48:51.175 | 463 ool-1-worker-227 | DEBUG | d.t.c.a.a.c.u.util.UserUtilService   : 0 editors generated. Generate 2 instructors...
    23:48:51.178 | 463 ool-1-worker-227 | DEBUG | d.t.c.a.a.c.u.util.UserUtilService   : 2 instructors generated
    23:48:51.180 | 463 ool-1-worker-227 | DEBUG | d.t.c.a.a.c.u.util.UserUtilService   : Removing 7 users from all courses...
    23:48:51.180 | 463 ool-1-worker-227 | DEBUG | d.t.c.a.a.c.u.util.UserUtilService   : Removing 7 users from all courses. Done
    23:48:51.180 | 463 ool-1-worker-227 | DEBUG | d.t.c.a.a.c.u.util.UserUtilService   : Save 7 users to database...
    23:48:51.183 | 463 ool-1-worker-227 | DEBUG | d.t.c.a.a.c.u.util.UserUtilService   : Save 7 users to database. Done
    23:48:51.197 | 463 ool-1-worker-227 | DEBUG | PersonalAccessTokenManagementService : Generate secure vcs access token
    23:48:51.199 | 463 ool-1-worker-227 | DEBUG | PersonalAccessTokenManagementService : Generate secure vcs access token
    23:48:51.201 | 463 ool-1-worker-227 | INFO  | i.z.t.d.l.EmbeddedDatabaseReporter   : JDBC URL to connect to 'dataSource': url='jdbc:h2:tcp://localhost:41063/mem:736625c0-cf5e-400d-aeaa-8a7eabd6262b;USER=sa', scope='ProgrammingSubmissionAndResultGitlabJenkinsIntegrationTest#shouldSaveBuildLogsOnStudentParticipationWithoutSubmissionNorResult'
    23:48:51.213 | 463 ool-1-worker-227 | DEBUG | PersonalAccessTokenManagementService : Generate secure vcs access token
    23:48:51.216 | 463 ool-1-worker-227 | DEBUG | d.t.c.a.a.c.s.f.ApiVersionFilter     : Adding Version to Request POST /api/public/programming-exercises/new-result
    23:48:51.216 | 463 ool-1-worker-227 | DEBUG | d.t.c.a.a.a.w.o.PublicResultResource : Received result notify (NEW)
    23:48:51.218 | 463 ool-1-worker-227 | INFO  | d.t.c.a.a.a.w.o.PublicResultResource : Artemis received a new result for build plan SHORT96DD532A0D4C404C0809D84083FC59710821TSTEXC-PROGSUBRESGITLABJENSTUDENT1
    23:48:51.219 | 463 ool-1-worker-227 | DEBUG | .s.ProgrammingExerciseGradingService : Received new build result (NEW) for participation 4030
    23:48:51.221 | 463 ool-1-worker-227 | WARN  | .s.ProgrammingExerciseGradingService : Could not find pending ProgrammingSubmission for Commit Hash 9b3a9bd71a0d80e5bbc42204c319ed3d1d4f0d6d (Participation 4030, Build Plan SHORT96DD532A0D4C404C0809D84083FC59710821TSTEXC-PROGSUBRESGITLABJENSTUDENT1). Will create a new one subsequently...
    23:48:51.222 | 463 ool-1-worker-227 | ERROR | .s.ProgrammingExerciseGradingService : Could not retrieve push date for participation 4030 and build plan SHORT96DD532A0D4C404C0809D84083FC59710821TSTEXC-PROGSUBRESGITLABJENSTUDENT1
de.tum.cit.aet.artemis.programming.service.gitlab.GitLabException: Could not find build queue date for participation 4030
	at de.tum.cit.aet.artemis.programming.service.gitlab.GitLabService.getPushDate(GitLabService.java:369)
	at de.tum.cit.aet.artemis.programming.service.gitlab.GitLabService.getPushDate(GitLabService.java:358)
	at de.tum.cit.aet.artemis.programming.service.ProgrammingExerciseGradingService.createAndSaveFallbackSubmission(ProgrammingExerciseGradingService.java:286)
	at de.tum.cit.aet.artemis.programming.service.ProgrammingExerciseGradingService.createAndSaveFallbackSubmission(ProgrammingExerciseGradingService.java:272)
	at de.tum.cit.aet.artemis.programming.service.ProgrammingExerciseGradingService.lambda$processNewProgrammingExerciseResult$0(ProgrammingExerciseGradingService.java:177)
	at java.base/java.util.Optional.orElseGet(Optional.java:364)
	at de.tum.cit.aet.artemis.programming.service.ProgrammingExerciseGradingService.processNewProgrammingExerciseResult(ProgrammingExerciseGradingService.java:177)
	at de.tum.cit.aet.artemis.programming.service.ProgrammingExerciseGradingService.processNewProgrammingExerciseResult(ProgrammingExerciseGradingService.java:156)
	at de.tum.cit.aet.artemis.assessment.web.open.PublicResultResource.processNewProgrammingExerciseResult(PublicResultResource.java:113)
	at java.base/jdk.internal.reflect.DirectMethodHandleAccessor.invoke(DirectMethodHandleAccessor.java:103)
	at java.base/java.lang.reflect.Method.invoke(Method.java:580)
	at org.springframework.aop.support.AopUtils.invokeJoinpointUsingReflection(AopUtils.java:359)
	at org.springframework.aop.framework.ReflectiveMethodInvocation.invokeJoinpoint(ReflectiveMethodInvocation.java:196)
	at org.springframework.aop.framework.ReflectiveMethodInvocation.proceed(ReflectiveMethodInvocation.java:163)
	at org.springframework.security.authorization.method.AuthorizationManagerBeforeMethodInterceptor.proceed(AuthorizationManagerBeforeMethodInterceptor.java:268)
	at org.springframework.security.authorization.method.AuthorizationManagerBeforeMethodInterceptor.attemptAuthorization(AuthorizationManagerBeforeMethodInterceptor.java:263)
	at org.springframework.security.authorization.method.AuthorizationManagerBeforeMethodInterceptor.invoke(AuthorizationManagerBeforeMethodInterceptor.java:196)
	at org.springframework.security.config.annotation.method.configuration.DeferringMethodInterceptor.invoke(DeferringMethodInterceptor.java:44)
	at org.springframework.aop.framework.ReflectiveMethodInvocation.proceed(ReflectiveMethodInvocation.java:184)
	at org.springframework.aop.framework.CglibAopProxy$DynamicAdvisedInterceptor.intercept(CglibAopProxy.java:727)
	at de.tum.cit.aet.artemis.assessment.web.open.PublicResultResource$$SpringCGLIB$$0.processNewProgrammingExerciseResult(<generated>)
	at java.base/jdk.internal.reflect.DirectMethodHandleAccessor.invoke(DirectMethodHandleAccessor.java:103)
	at java.base/java.lang.reflect.Method.invoke(Method.java:580)
	at org.springframework.web.method.support.InvocableHandlerMethod.doInvoke(InvocableHandlerMethod.java:257)
	at org.springframework.web.method.support.InvocableHandlerMethod.invokeForRequest(InvocableHandlerMethod.java:190)
	at org.springframework.web.servlet.mvc.method.annotation.ServletInvocableHandlerMethod.invokeAndHandle(ServletInvocableHandlerMethod.java:118)
	at org.springframework.web.servlet.mvc.method.annotation.RequestMappingHandlerAdapter.invokeHandlerMethod(RequestMappingHandlerAdapter.java:986)
	at org.springframework.web.servlet.mvc.method.annotation.RequestMappingHandlerAdapter.handleInternal(RequestMappingHandlerAdapter.java:891)
	at org.springframework.web.servlet.mvc.method.AbstractHandlerMethodAdapter.handle(AbstractHandlerMethodAdapter.java:87)
	at org.springframework.web.servlet.DispatcherServlet.doDispatch(DispatcherServlet.java:1088)
	at org.springframework.web.servlet.DispatcherServlet.doService(DispatcherServlet.java:978)
	at org.springframework.web.servlet.FrameworkServlet.processRequest(FrameworkServlet.java:1014)
	at org.springframework.web.servlet.FrameworkServlet.doPost(FrameworkServlet.java:914)
	at jakarta.servlet.http.HttpServlet.service(HttpServlet.java:547)
	at org.springframework.web.servlet.FrameworkServlet.service(FrameworkServlet.java:885)
	at org.springframework.test.web.servlet.TestDispatcherServlet.service(TestDispatcherServlet.java:72)
	at jakarta.servlet.http.HttpServlet.service(HttpServlet.java:614)
	at org.springframework.mock.web.MockFilterChain$ServletFilterProxy.doFilter(MockFilterChain.java:165)
	at org.springframework.mock.web.MockFilterChain.doFilter(MockFilterChain.java:132)
	at org.springframework.web.filter.OncePerRequestFilter.doFilter(OncePerRequestFilter.java:110)
	at org.springframework.test.web.servlet.setup.MockMvcFilterDecorator.doFilter(MockMvcFilterDecorator.java:162)
	at org.springframework.mock.web.MockFilterChain.doFilter(MockFilterChain.java:132)
	at de.tum.cit.aet.artemis.core.security.filter.ApiVersionFilter.doFilter(ApiVersionFilter.java:55)
	at org.springframework.test.web.servlet.setup.MockMvcFilterDecorator.doFilter(MockMvcFilterDecorator.java:162)
	at org.springframework.mock.web.MockFilterChain.doFilter(MockFilterChain.java:132)
	at io.sentry.spring.jakarta.SentryUserFilter.doFilterInternal(SentryUserFilter.java:56)
	at org.springframework.web.filter.OncePerRequestFilter.doFilter(OncePerRequestFilter.java:116)
	at org.springframework.test.web.servlet.setup.MockMvcFilterDecorator.doFilter(MockMvcFilterDecorator.java:162)
	at org.springframework.mock.web.MockFilterChain.doFilter(MockFilterChain.java:132)
	at org.springframework.web.filter.CompositeFilter$VirtualFilterChain.doFilter(CompositeFilter.java:108)
	at org.springframework.security.web.FilterChainProxy.lambda$doFilterInternal$3(FilterChainProxy.java:231)
	at org.springframework.security.web.ObservationFilterChainDecorator$FilterObservation$SimpleFilterObservation.lambda$wrap$1(ObservationFilterChainDecorator.java:479)
	at org.springframework.security.web.ObservationFilterChainDecorator$AroundFilterObservation$SimpleAroundFilterObservation.lambda$wrap$1(ObservationFilterChainDecorator.java:340)
	at org.springframework.security.web.ObservationFilterChainDecorator.lambda$wrapSecured$0(ObservationFilterChainDecorator.java:82)
	at org.springframework.security.web.ObservationFilterChainDecorator$VirtualFilterChain.doFilter(ObservationFilterChainDecorator.java:128)
	at org.springframework.security.web.access.intercept.AuthorizationFilter.doFilter(AuthorizationFilter.java:101)
	at org.springframework.security.web.ObservationFilterChainDecorator$ObservationFilter.wrapFilter(ObservationFilterChainDecorator.java:240)
	at org.springframework.security.web.ObservationFilterChainDecorator$ObservationFilter.doFilter(ObservationFilterChainDecorator.java:227)
	at org.springframework.security.web.ObservationFilterChainDecorator$VirtualFilterChain.doFilter(ObservationFilterChainDecorator.java:137)
	at org.springframework.security.web.access.ExceptionTranslationFilter.doFilter(ExceptionTranslationFilter.java:126)
	at org.springframework.security.web.access.ExceptionTranslationFilter.doFilter(ExceptionTranslationFilter.java:120)
	at org.springframework.security.web.ObservationFilterChainDecorator$ObservationFilter.wrapFilter(ObservationFilterChainDecorator.java:240)
	at org.springframework.security.web.ObservationFilterChainDecorator$ObservationFilter.doFilter(ObservationFilterChainDecorator.java:227)
	at org.springframework.security.web.ObservationFilterChainDecorator$VirtualFilterChain.doFilter(ObservationFilterChainDecorator.java:137)
	at org.springframework.security.web.session.SessionManagementFilter.doFilter(SessionManagementFilter.java:131)
	at org.springframework.security.web.session.SessionManagementFilter.doFilter(SessionManagementFilter.java:85)
	at org.springframework.security.web.ObservationFilterChainDecorator$ObservationFilter.wrapFilter(ObservationFilterChainDecorator.java:240)
	at org.springframework.security.web.ObservationFilterChainDecorator$ObservationFilter.doFilter(ObservationFilterChainDecorator.java:227)
	at org.springframework.security.web.ObservationFilterChainDecorator$VirtualFilterChain.doFilter(ObservationFilterChainDecorator.java:137)
	at org.springframework.security.web.authentication.AnonymousAuthenticationFilter.doFilter(AnonymousAuthenticationFilter.java:100)
	at org.springframework.security.web.ObservationFilterChainDecorator$ObservationFilter.wrapFilter(ObservationFilterChainDecorator.java:240)
	at org.springframework.security.web.ObservationFilterChainDecorator$ObservationFilter.doFilter(ObservationFilterChainDecorator.java:227)
	at org.springframework.security.web.ObservationFilterChainDecorator$VirtualFilterChain.doFilter(ObservationFilterChainDecorator.java:137)
	at org.springframework.security.web.servletapi.SecurityContextHolderAwareRequestFilter.doFilter(SecurityContextHolderAwareRequestFilter.java:179)
	at org.springframework.security.web.ObservationFilterChainDecorator$ObservationFilter.wrapFilter(ObservationFilterChainDecorator.java:240)
	at org.springframework.security.web.ObservationFilterChainDecorator$ObservationFilter.doFilter(ObservationFilterChainDecorator.java:227)
	at org.springframework.security.web.ObservationFilterChainDecorator$VirtualFilterChain.doFilter(ObservationFilterChainDecorator.java:137)
	at org.springframework.security.web.savedrequest.RequestCacheAwareFilter.doFilter(RequestCacheAwareFilter.java:63)
	at org.springframework.security.web.ObservationFilterChainDecorator$ObservationFilter.wrapFilter(ObservationFilterChainDecorator.java:240)
	at org.springframework.security.web.ObservationFilterChainDecorator$ObservationFilter.doFilter(ObservationFilterChainDecorator.java:227)
	at org.springframework.security.web.ObservationFilterChainDecorator$VirtualFilterChain.doFilter(ObservationFilterChainDecorator.java:137)
	at de.tum.cit.aet.artemis.core.security.filter.SpaWebFilter.doFilterInternal(SpaWebFilter.java:23)
	at org.springframework.web.filter.OncePerRequestFilter.doFilter(OncePerRequestFilter.java:116)
	at org.springframework.security.web.ObservationFilterChainDecorator$ObservationFilter.wrapFilter(ObservationFilterChainDecorator.java:240)
	at org.springframework.security.web.ObservationFilterChainDecorator$ObservationFilter.doFilter(ObservationFilterChainDecorator.java:227)
	at org.springframework.security.web.ObservationFilterChainDecorator$VirtualFilterChain.doFilter(ObservationFilterChainDecorator.java:137)
	at org.springframework.web.filter.OncePerRequestFilter.doFilter(OncePerRequestFilter.java:110)
	at org.springframework.security.web.ObservationFilterChainDecorator$ObservationFilter.wrapFilter(ObservationFilterChainDecorator.java:240)
	at org.springframework.security.web.ObservationFilterChainDecorator$ObservationFilter.doFilter(ObservationFilterChainDecorator.java:227)
	at org.springframework.security.web.ObservationFilterChainDecorator$VirtualFilterChain.doFilter(ObservationFilterChainDecorator.java:137)
	at de.tum.cit.aet.artemis.lti.config.Lti13LaunchFilter.doFilterInternal(Lti13LaunchFilter.java:60)
	at org.springframework.web.filter.OncePerRequestFilter.doFilter(OncePerRequestFilter.java:116)
	at org.springframework.security.web.ObservationFilterChainDecorator$ObservationFilter.wrapFilter(ObservationFilterChainDecorator.java:240)
	at org.springframework.security.web.ObservationFilterChainDecorator$ObservationFilter.doFilter(ObservationFilterChainDecorator.java:227)
	at org.springframework.security.web.ObservationFilterChainDecorator$VirtualFilterChain.doFilter(ObservationFilterChainDecorator.java:137)
	at de.tum.cit.aet.artemis.core.security.jwt.JWTFilter.doFilter(JWTFilter.java:55)
	at org.springframework.security.web.ObservationFilterChainDecorator$ObservationFilter.wrapFilter(ObservationFilterChainDecorator.java:240)
	at org.springframework.security.web.ObservationFilterChainDecorator$ObservationFilter.doFilter(ObservationFilterChainDecorator.java:227)
	at org.springframework.security.web.ObservationFilterChainDecorator$VirtualFilterChain.doFilter(ObservationFilterChainDecorator.java:137)
	at de.tum.cit.aet.artemis.core.security.jwt.JWTFilter.doFilter(JWTFilter.java:55)
	at org.springframework.security.web.ObservationFilterChainDecorator$ObservationFilter.wrapFilter(ObservationFilterChainDecorator.java:240)
	at org.springframework.security.web.ObservationFilterChainDecorator$ObservationFilter.doFilter(ObservationFilterChainDecorator.java:227)
	at org.springframework.security.web.ObservationFilterChainDecorator$VirtualFilterChain.doFilter(ObservationFilterChainDecorator.java:137)
	at org.springframework.web.filter.CorsFilter.doFilterInternal(CorsFilter.java:91)
	at org.springframework.web.filter.OncePerRequestFilter.doFilter(OncePerRequestFilter.java:116)
	at org.springframework.security.web.ObservationFilterChainDecorator$ObservationFilter.wrapFilter(ObservationFilterChainDecorator.java:240)
	at org.springframework.security.web.ObservationFilterChainDecorator$ObservationFilter.doFilter(ObservationFilterChainDecorator.java:227)
	at org.springframework.security.web.ObservationFilterChainDecorator$VirtualFilterChain.doFilter(ObservationFilterChainDecorator.java:137)
	at org.springframework.web.filter.OncePerRequestFilter.doFilter(OncePerRequestFilter.java:110)
	at org.springframework.security.web.ObservationFilterChainDecorator$ObservationFilter.wrapFilter(ObservationFilterChainDecorator.java:240)
	at org.springframework.security.web.ObservationFilterChainDecorator$ObservationFilter.doFilter(ObservationFilterChainDecorator.java:227)
	at org.springframework.security.web.ObservationFilterChainDecorator$VirtualFilterChain.doFilter(ObservationFilterChainDecorator.java:137)
	at uk.ac.ox.ctl.lti13.security.oauth2.client.lti.web.OAuth2AuthorizationRequestRedirectFilter.doFilterInternal(OAuth2AuthorizationRequestRedirectFilter.java:142)
	at org.springframework.web.filter.OncePerRequestFilter.doFilter(OncePerRequestFilter.java:116)
	at org.springframework.security.web.ObservationFilterChainDecorator$ObservationFilter.wrapFilter(ObservationFilterChainDecorator.java:240)
	at org.springframework.security.web.ObservationFilterChainDecorator$ObservationFilter.doFilter(ObservationFilterChainDecorator.java:227)
	at org.springframework.security.web.ObservationFilterChainDecorator$VirtualFilterChain.doFilter(ObservationFilterChainDecorator.java:137)
	at org.springframework.security.web.authentication.logout.LogoutFilter.doFilter(LogoutFilter.java:107)
	at org.springframework.security.web.authentication.logout.LogoutFilter.doFilter(LogoutFilter.java:93)
	at org.springframework.security.web.ObservationFilterChainDecorator$ObservationFilter.wrapFilter(ObservationFilterChainDecorator.java:240)
	at org.springframework.security.web.ObservationFilterChainDecorator$ObservationFilter.doFilter(ObservationFilterChainDecorator.java:227)
	at org.springframework.security.web.ObservationFilterChainDecorator$VirtualFilterChain.doFilter(ObservationFilterChainDecorator.java:137)
	at org.springframework.security.web.header.HeaderWriterFilter.doHeadersAfter(HeaderWriterFilter.java:90)
	at org.springframework.security.web.header.HeaderWriterFilter.doFilterInternal(HeaderWriterFilter.java:75)
	at org.springframework.web.filter.OncePerRequestFilter.doFilter(OncePerRequestFilter.java:116)
	at org.springframework.security.web.ObservationFilterChainDecorator$ObservationFilter.wrapFilter(ObservationFilterChainDecorator.java:240)
	at org.springframework.security.web.ObservationFilterChainDecorator$ObservationFilter.doFilter(ObservationFilterChainDecorator.java:227)
	at org.springframework.security.web.ObservationFilterChainDecorator$VirtualFilterChain.doFilter(ObservationFilterChainDecorator.java:137)
	at org.springframework.security.web.context.SecurityContextHolderFilter.doFilter(SecurityContextHolderFilter.java:82)
	at org.springframework.security.web.context.SecurityContextHolderFilter.doFilter(SecurityContextHolderFilter.java:69)
	at org.springframework.security.web.ObservationFilterChainDecorator$ObservationFilter.wrapFilter(ObservationFilterChainDecorator.java:240)
	at org.springframework.security.web.ObservationFilterChainDecorator$ObservationFilter.doFilter(ObservationFilterChainDecorator.java:227)
	at org.springframework.security.web.ObservationFilterChainDecorator$VirtualFilterChain.doFilter(ObservationFilterChainDecorator.java:137)
	at org.springframework.security.web.context.request.async.WebAsyncManagerIntegrationFilter.doFilterInternal(WebAsyncManagerIntegrationFilter.java:62)
	at org.springframework.web.filter.OncePerRequestFilter.doFilter(OncePerRequestFilter.java:116)
	at org.springframework.security.web.ObservationFilterChainDecorator$ObservationFilter.wrapFilter(ObservationFilterChainDecorator.java:240)
	at org.springframework.security.web.ObservationFilterChainDecorator$ObservationFilter.doFilter(ObservationFilterChainDecorator.java:227)
	at org.springframework.security.web.ObservationFilterChainDecorator$VirtualFilterChain.doFilter(ObservationFilterChainDecorator.java:137)
	at org.springframework.security.web.session.DisableEncodeUrlFilter.doFilterInternal(DisableEncodeUrlFilter.java:42)
	at org.springframework.web.filter.OncePerRequestFilter.doFilter(OncePerRequestFilter.java:116)
	at org.springframework.security.web.ObservationFilterChainDecorator$ObservationFilter.wrapFilter(ObservationFilterChainDecorator.java:240)
	at org.springframework.security.web.ObservationFilterChainDecorator$AroundFilterObservation$SimpleAroundFilterObservation.lambda$wrap$0(ObservationFilterChainDecorator.java:323)
	at org.springframework.security.web.ObservationFilterChainDecorator$ObservationFilter.doFilter(ObservationFilterChainDecorator.java:224)
	at org.springframework.security.web.ObservationFilterChainDecorator$VirtualFilterChain.doFilter(ObservationFilterChainDecorator.java:137)
	at org.springframework.security.web.FilterChainProxy.doFilterInternal(FilterChainProxy.java:233)
	at org.springframework.security.web.FilterChainProxy.doFilter(FilterChainProxy.java:191)
	at org.springframework.web.filter.CompositeFilter$VirtualFilterChain.doFilter(CompositeFilter.java:113)
	at org.springframework.web.servlet.handler.HandlerMappingIntrospector.lambda$createCacheFilter$3(HandlerMappingIntrospector.java:243)
	at org.springframework.web.filter.CompositeFilter$VirtualFilterChain.doFilter(CompositeFilter.java:113)
	at org.springframework.web.filter.CompositeFilter.doFilter(CompositeFilter.java:74)
	at org.springframework.security.config.annotation.web.configuration.WebMvcSecurityConfiguration$CompositeFilterChainProxy.doFilter(WebMvcSecurityConfiguration.java:238)
	at org.springframework.web.filter.DelegatingFilterProxy.invokeDelegate(DelegatingFilterProxy.java:362)
	at org.springframework.web.filter.DelegatingFilterProxy.doFilter(DelegatingFilterProxy.java:278)
	at org.springframework.test.web.servlet.setup.MockMvcFilterDecorator.doFilter(MockMvcFilterDecorator.java:162)
	at org.springframework.mock.web.MockFilterChain.doFilter(MockFilterChain.java:132)
	at org.springframework.web.filter.RequestContextFilter.doFilterInternal(RequestContextFilter.java:100)
	at org.springframework.web.filter.OncePerRequestFilter.doFilter(OncePerRequestFilter.java:116)
	at org.springframework.test.web.servlet.setup.MockMvcFilterDecorator.doFilter(MockMvcFilterDecorator.java:162)
	at org.springframework.mock.web.MockFilterChain.doFilter(MockFilterChain.java:132)
	at org.springframework.web.filter.FormContentFilter.doFilterInternal(FormContentFilter.java:93)
	at org.springframework.web.filter.OncePerRequestFilter.doFilter(OncePerRequestFilter.java:116)
	at org.springframework.test.web.servlet.setup.MockMvcFilterDecorator.doFilter(MockMvcFilterDecorator.java:162)
	at org.springframework.mock.web.MockFilterChain.doFilter(MockFilterChain.java:132)
	at org.springframework.web.filter.ServerHttpObservationFilter.doFilterInternal(ServerHttpObservationFilter.java:114)
	at org.springframework.web.filter.OncePerRequestFilter.doFilter(OncePerRequestFilter.java:116)
	at org.springframework.test.web.servlet.setup.MockMvcFilterDecorator.doFilter(MockMvcFilterDecorator.java:162)
	at org.springframework.mock.web.MockFilterChain.doFilter(MockFilterChain.java:132)
	at io.sentry.spring.jakarta.tracing.SentryTracingFilter.doFilterInternal(SentryTracingFilter.java:91)
	at org.springframework.web.filter.OncePerRequestFilter.doFilter(OncePerRequestFilter.java:116)
	at org.springframework.test.web.servlet.setup.MockMvcFilterDecorator.doFilter(MockMvcFilterDecorator.java:162)
	at org.springframework.mock.web.MockFilterChain.doFilter(MockFilterChain.java:132)
	at org.springframework.web.filter.CharacterEncodingFilter.doFilterInternal(CharacterEncodingFilter.java:201)
	at org.springframework.web.filter.OncePerRequestFilter.doFilter(OncePerRequestFilter.java:116)
	at org.springframework.test.web.servlet.setup.MockMvcFilterDecorator.doFilter(MockMvcFilterDecorator.java:162)
	at org.springframework.mock.web.MockFilterChain.doFilter(MockFilterChain.java:132)
	at io.sentry.spring.jakarta.SentrySpringFilter.doFilterInternal(SentrySpringFilter.java:76)
	at org.springframework.web.filter.OncePerRequestFilter.doFilter(OncePerRequestFilter.java:116)
	at org.springframework.test.web.servlet.setup.MockMvcFilterDecorator.doFilter(MockMvcFilterDecorator.java:162)
	at org.springframework.mock.web.MockFilterChain.doFilter(MockFilterChain.java:132)
	at org.springframework.test.web.servlet.MockMvc.perform(MockMvc.java:201)
	at de.tum.cit.aet.artemis.core.util.RequestUtilService.performMvcRequest(RequestUtilService.java:79)
	at de.tum.cit.aet.artemis.core.util.RequestUtilService.postWithoutLocation(RequestUtilService.java:213)
	at de.tum.cit.aet.artemis.core.util.RequestUtilService.postWithoutLocation(RequestUtilService.java:199)
	at de.tum.cit.aet.artemis.programming.ProgrammingSubmissionAndResultGitlabJenkinsIntegrationTest.postResult(ProgrammingSubmissionAndResultGitlabJenkinsIntegrationTest.java:413)
	at de.tum.cit.aet.artemis.programming.ProgrammingSubmissionAndResultGitlabJenkinsIntegrationTest.shouldSaveBuildLogsOnStudentParticipationWithoutSubmissionNorResult(ProgrammingSubmissionAndResultGitlabJenkinsIntegrationTest.java:338)
	at java.base/jdk.internal.reflect.DirectMethodHandleAccessor.invoke(DirectMethodHandleAccessor.java:103)
	at java.base/java.lang.reflect.Method.invoke(Method.java:580)
	at org.junit.platform.commons.util.ReflectionUtils.invokeMethod(ReflectionUtils.java:767)
	at org.junit.jupiter.engine.execution.MethodInvocation.proceed(MethodInvocation.java:60)
	at org.junit.jupiter.engine.execution.InvocationInterceptorChain$ValidatingInvocation.proceed(InvocationInterceptorChain.java:131)
	at org.junit.jupiter.engine.extension.TimeoutExtension.intercept(TimeoutExtension.java:156)
	at org.junit.jupiter.engine.extension.TimeoutExtension.interceptTestableMethod(TimeoutExtension.java:147)
	at org.junit.jupiter.engine.extension.TimeoutExtension.interceptTestTemplateMethod(TimeoutExtension.java:94)
	at org.junit.jupiter.engine.execution.InterceptingExecutableInvoker$ReflectiveInterceptorCall.lambda$ofVoidMethod$0(InterceptingExecutableInvoker.java:103)
	at org.junit.jupiter.engine.execution.InterceptingExecutableInvoker.lambda$invoke$0(InterceptingExecutableInvoker.java:93)
	at org.junit.jupiter.engine.execution.InvocationInterceptorChain$InterceptedInvocation.proceed(InvocationInterceptorChain.java:106)
	at org.junit.jupiter.engine.execution.InvocationInterceptorChain.proceed(InvocationInterceptorChain.java:64)
	at org.junit.jupiter.engine.execution.InvocationInterceptorChain.chainAndInvoke(InvocationInterceptorChain.java:45)
	at org.junit.jupiter.engine.execution.InvocationInterceptorChain.invoke(InvocationInterceptorChain.java:37)
	at org.junit.jupiter.engine.execution.InterceptingExecutableInvoker.invoke(InterceptingExecutableInvoker.java:92)
	at org.junit.jupiter.engine.execution.InterceptingExecutableInvoker.invoke(InterceptingExecutableInvoker.java:86)
	at org.junit.jupiter.engine.descriptor.TestMethodTestDescriptor.lambda$invokeTestMethod$8(TestMethodTestDescriptor.java:217)
	at org.junit.platform.engine.support.hierarchical.ThrowableCollector.execute(ThrowableCollector.java:73)
	at org.junit.jupiter.engine.descriptor.TestMethodTestDescriptor.invokeTestMethod(TestMethodTestDescriptor.java:213)
	at org.junit.jupiter.engine.descriptor.TestMethodTestDescriptor.execute(TestMethodTestDescriptor.java:138)
	at org.junit.jupiter.engine.descriptor.TestMethodTestDescriptor.execute(TestMethodTestDescriptor.java:68)
	at org.junit.platform.engine.support.hierarchical.NodeTestTask.lambda$executeRecursively$6(NodeTestTask.java:156)
	at org.junit.platform.engine.support.hierarchical.ThrowableCollector.execute(ThrowableCollector.java:73)
	at org.junit.platform.engine.support.hierarchical.NodeTestTask.lambda$executeRecursively$8(NodeTestTask.java:146)
	at org.junit.platform.engine.support.hierarchical.Node.around(Node.java:137)
	at org.junit.platform.engine.support.hierarchical.NodeTestTask.lambda$executeRecursively$9(NodeTestTask.java:144)
	at org.junit.platform.engine.support.hierarchical.ThrowableCollector.execute(ThrowableCollector.java:73)
	at org.junit.platform.engine.support.hierarchical.NodeTestTask.executeRecursively(NodeTestTask.java:143)
	at org.junit.platform.engine.support.hierarchical.NodeTestTask.execute(NodeTestTask.java:100)
	at org.junit.platform.engine.support.hierarchical.ForkJoinPoolHierarchicalTestExecutorService$ExclusiveTask.exec(ForkJoinPoolHierarchicalTestExecutorService.java:274)
	at org.junit.platform.engine.support.hierarchical.ForkJoinPoolHierarchicalTestExecutorService$ExclusiveTask.execSync(ForkJoinPoolHierarchicalTestExecutorService.java:247)
	at org.junit.platform.engine.support.hierarchical.ForkJoinPoolHierarchicalTestExecutorService.submit(ForkJoinPoolHierarchicalTestExecutorService.java:148)
	at org.junit.platform.engine.support.hierarchical.NodeTestTask$DefaultDynamicTestExecutor.execute(NodeTestTask.java:231)
	at org.junit.platform.engine.support.hierarchical.NodeTestTask$DefaultDynamicTestExecutor.execute(NodeTestTask.java:209)
	at org.junit.jupiter.engine.descriptor.TestTemplateTestDescriptor.execute(TestTemplateTestDescriptor.java:141)
	at org.junit.jupiter.engine.descriptor.TestTemplateTestDescriptor.lambda$execute$3(TestTemplateTestDescriptor.java:109)
	at java.base/java.util.stream.ForEachOps$ForEachOp$OfRef.accept(ForEachOps.java:184)
	at java.base/java.util.stream.ReferencePipeline$3$1.accept(ReferencePipeline.java:197)
	at java.base/java.util.stream.ReferencePipeline$2$1.accept(ReferencePipeline.java:179)
	at java.base/java.util.stream.ReferencePipeline$3$1.accept(ReferencePipeline.java:197)
	at java.base/java.util.stream.ForEachOps$ForEachOp$OfRef.accept(ForEachOps.java:184)
	at java.base/java.util.stream.ReferencePipeline$3$1.accept(ReferencePipeline.java:197)
	at java.base/java.util.stream.ForEachOps$ForEachOp$OfRef.accept(ForEachOps.java:184)
	at java.base/java.util.stream.ForEachOps$ForEachOp$OfRef.accept(ForEachOps.java:184)
	at java.base/java.util.stream.ReferencePipeline$3$1.accept(ReferencePipeline.java:197)
	at java.base/java.util.stream.ForEachOps$ForEachOp$OfRef.accept(ForEachOps.java:184)
	at java.base/java.util.Spliterators$ArraySpliterator.forEachRemaining(Spliterators.java:1024)
	at java.base/java.util.stream.ReferencePipeline$Head.forEach(ReferencePipeline.java:762)
	at java.base/java.util.stream.ReferencePipeline$7$1.accept(ReferencePipeline.java:276)
	at java.base/java.util.Iterator.forEachRemaining(Iterator.java:133)
	at java.base/java.util.Spliterators$IteratorSpliterator.forEachRemaining(Spliterators.java:1939)
	at java.base/java.util.stream.AbstractPipeline.copyInto(AbstractPipeline.java:509)
	at java.base/java.util.stream.AbstractPipeline.wrapAndCopyInto(AbstractPipeline.java:499)
	at java.base/java.util.stream.ForEachOps$ForEachOp.evaluateSequential(ForEachOps.java:151)
	at java.base/java.util.stream.ForEachOps$ForEachOp$OfRef.evaluateSequential(ForEachOps.java:174)
	at java.base/java.util.stream.AbstractPipeline.evaluate(AbstractPipeline.java:234)
	at java.base/java.util.stream.ReferencePipeline.forEach(ReferencePipeline.java:596)
	at java.base/java.util.stream.ReferencePipeline$7$1.accept(ReferencePipeline.java:276)
	at java.base/java.util.stream.ReferencePipeline$3$1.accept(ReferencePipeline.java:197)
	at java.base/java.util.stream.ReferencePipeline$3$1.accept(ReferencePipeline.java:197)
	at java.base/java.util.stream.ReferencePipeline$3$1.accept(ReferencePipeline.java:197)
	at java.base/java.util.Spliterators$ArraySpliterator.forEachRemaining(Spliterators.java:1024)
	at java.base/java.util.stream.AbstractPipeline.copyInto(AbstractPipeline.java:509)
	at java.base/java.util.stream.AbstractPipeline.wrapAndCopyInto(AbstractPipeline.java:499)
	at java.base/java.util.stream.ForEachOps$ForEachOp.evaluateSequential(ForEachOps.java:151)
	at java.base/java.util.stream.ForEachOps$ForEachOp$OfRef.evaluateSequential(ForEachOps.java:174)
	at java.base/java.util.stream.AbstractPipeline.evaluate(AbstractPipeline.java:234)
	at java.base/java.util.stream.ReferencePipeline.forEach(ReferencePipeline.java:596)
	at java.base/java.util.stream.ReferencePipeline$7$1.accept(ReferencePipeline.java:276)
	at java.base/java.util.ArrayList$ArrayListSpliterator.forEachRemaining(ArrayList.java:1708)
	at java.base/java.util.stream.AbstractPipeline.copyInto(AbstractPipeline.java:509)
	at java.base/java.util.stream.AbstractPipeline.wrapAndCopyInto(AbstractPipeline.java:499)
	at java.base/java.util.stream.ForEachOps$ForEachOp.evaluateSequential(ForEachOps.java:151)
	at java.base/java.util.stream.ForEachOps$ForEachOp$OfRef.evaluateSequential(ForEachOps.java:174)
	at java.base/java.util.stream.AbstractPipeline.evaluate(AbstractPipeline.java:234)
	at java.base/java.util.stream.ReferencePipeline.forEach(ReferencePipeline.java:596)
	at java.base/java.util.stream.ReferencePipeline$7$1.accept(ReferencePipeline.java:276)
	at java.base/java.util.stream.ReferencePipeline$3$1.accept(ReferencePipeline.java:197)
	at java.base/java.util.stream.ReferencePipeline$3$1.accept(ReferencePipeline.java:197)
	at java.base/java.util.stream.ReferencePipeline$3$1.accept(ReferencePipeline.java:197)
	at java.base/java.util.ArrayList$ArrayListSpliterator.forEachRemaining(ArrayList.java:1708)
	at java.base/java.util.stream.AbstractPipeline.copyInto(AbstractPipeline.java:509)
	at java.base/java.util.stream.AbstractPipeline.wrapAndCopyInto(AbstractPipeline.java:499)
	at java.base/java.util.stream.ForEachOps$ForEachOp.evaluateSequential(ForEachOps.java:151)
	at java.base/java.util.stream.ForEachOps$ForEachOp$OfRef.evaluateSequential(ForEachOps.java:174)
	at java.base/java.util.stream.AbstractPipeline.evaluate(AbstractPipeline.java:234)
	at java.base/java.util.stream.ReferencePipeline.forEach(ReferencePipeline.java:596)
	at java.base/java.util.stream.ReferencePipeline$7$1.accept(ReferencePipeline.java:276)
	at java.base/java.util.ArrayList$ArrayListSpliterator.forEachRemaining(ArrayList.java:1708)
	at java.base/java.util.stream.AbstractPipeline.copyInto(AbstractPipeline.java:509)
	at java.base/java.util.stream.AbstractPipeline.wrapAndCopyInto(AbstractPipeline.java:499)
	at java.base/java.util.stream.ForEachOps$ForEachOp.evaluateSequential(ForEachOps.java:151)
	at java.base/java.util.stream.ForEachOps$ForEachOp$OfRef.evaluateSequential(ForEachOps.java:174)
	at java.base/java.util.stream.AbstractPipeline.evaluate(AbstractPipeline.java:234)
	at java.base/java.util.stream.ReferencePipeline.forEach(ReferencePipeline.java:596)
	at org.junit.jupiter.engine.descriptor.TestTemplateTestDescriptor.execute(TestTemplateTestDescriptor.java:109)
	at org.junit.jupiter.engine.descriptor.TestTemplateTestDescriptor.execute(TestTemplateTestDescriptor.java:43)
	at org.junit.platform.engine.support.hierarchical.NodeTestTask.lambda$executeRecursively$6(NodeTestTask.java:156)
	at org.junit.platform.engine.support.hierarchical.ThrowableCollector.execute(ThrowableCollector.java:73)
	at org.junit.platform.engine.support.hierarchical.NodeTestTask.lambda$executeRecursively$8(NodeTestTask.java:146)
	at org.junit.platform.engine.support.hierarchical.Node.around(Node.java:137)
	at org.junit.platform.engine.support.hierarchical.NodeTestTask.lambda$executeRecursively$9(NodeTestTask.java:144)
	at org.junit.platform.engine.support.hierarchical.ThrowableCollector.execute(ThrowableCollector.java:73)
	at org.junit.platform.engine.support.hierarchical.NodeTestTask.executeRecursively(NodeTestTask.java:143)
	at org.junit.platform.engine.support.hierarchical.NodeTestTask.execute(NodeTestTask.java:100)
	at org.junit.platform.engine.support.hierarchical.ForkJoinPoolHierarchicalTestExecutorService$ExclusiveTask.exec(ForkJoinPoolHierarchicalTestExecutorService.java:274)
	at org.junit.platform.engine.support.hierarchical.ForkJoinPoolHierarchicalTestExecutorService$ExclusiveTask.execSync(ForkJoinPoolHierarchicalTestExecutorService.java:247)
	at org.junit.platform.engine.support.hierarchical.ForkJoinPoolHierarchicalTestExecutorService.executeSync(ForkJoinPoolHierarchicalTestExecutorService.java:194)
	at org.junit.platform.engine.support.hierarchical.ForkJoinPoolHierarchicalTestExecutorService.invokeAll(ForkJoinPoolHierarchicalTestExecutorService.java:166)
	at org.junit.platform.engine.support.hierarchical.NodeTestTask.lambda$executeRecursively$6(NodeTestTask.java:160)
	at org.junit.platform.engine.support.hierarchical.ThrowableCollector.execute(ThrowableCollector.java:73)
	at org.junit.platform.engine.support.hierarchical.NodeTestTask.lambda$executeRecursively$8(NodeTestTask.java:146)
	at org.junit.platform.engine.support.hierarchical.Node.around(Node.java:137)
	at org.junit.platform.engine.support.hierarchical.NodeTestTask.lambda$executeRecursively$9(NodeTestTask.java:144)
	at org.junit.platform.engine.support.hierarchical.ThrowableCollector.execute(ThrowableCollector.java:73)
	at org.junit.platform.engine.support.hierarchical.NodeTestTask.executeRecursively(NodeTestTask.java:143)
	at org.junit.platform.engine.support.hierarchical.NodeTestTask.execute(NodeTestTask.java:100)
	at org.junit.platform.engine.support.hierarchical.ForkJoinPoolHierarchicalTestExecutorService$ExclusiveTask.exec(ForkJoinPoolHierarchicalTestExecutorService.java:274)
	at java.base/java.util.concurrent.ForkJoinTask.doExec(ForkJoinTask.java:387)
	at java.base/java.util.concurrent.ForkJoinPool$WorkQueue.topLevelExec(ForkJoinPool.java:1312)
	at java.base/java.util.concurrent.ForkJoinPool.scan(ForkJoinPool.java:1843)
	at java.base/java.util.concurrent.ForkJoinPool.runWorker(ForkJoinPool.java:1808)
	at java.base/java.util.concurrent.ForkJoinWorkerThread.run(ForkJoinWorkerThread.java:188)
    23:48:51.237 | 463 ool-1-worker-227 | DEBUG | .c.s.m.InstanceMessageReceiveService : Received schedule participant score for exercise 3240 and participant 773 (result to be deleted: null)
    23:48:51.237 | 463 ool-1-worker-227 | DEBUG | .a.s.ParticipantScoreScheduleService : Scheduled task for exercise 3240 and participant 773 at 2025-02-14T23:48:51.337971390Z[Etc/UTC].
    23:48:51.238 | 463 ool-1-worker-227 | DEBUG | .a.a.p.s.ProgrammingMessagingService : Send result to client over websocket. Result: Result{id789, completionDate=2025-02-14T23:48:51.213850Z, successful=false, score=0.0, rated=true, assessmentType=AUTOMATIC, hasComplaint=null, testCaseCount=0, passedTestCaseCount=0, codeIssueCount=0}, Submission: ProgrammingSubmission{commitHash='9b3a9bd71a0d80e5bbc42204c319ed3d1d4f0d6d', buildFailed=true, buildArtifact=false, type=MANUAL}, Participation: ProgrammingExerciseStudentParticipation{id=4030, repositoryUri='https://version-control.fake.fake/git/SHORT96DD532A0D4C404C0809D84083FC59710821TSTEXC/short96dd532a0d4c404c0809d84083fc59710821tstexc-progsubresgitlabjenstudent1.git', buildPlanId='SHORT96DD532A0D4C404C0809D84083FC59710821TSTEXC-PROGSUBRESGITLABJENSTUDENT1', initializationState='INITIALIZED', initializationDate='2025-02-14T23:48:51.212218Z', individualDueDate=null', presentationScore=null}
    23:48:51.240 | 463 ool-1-worker-227 | INFO  | d.t.c.a.a.a.w.o.PublicResultResource : The new result for SHORT96DD532A0D4C404C0809D84083FC59710821TSTEXC-PROGSUBRESGITLABJENSTUDENT1 was saved successfully
    23:48:51.243 | 463 ool-1-worker-227 | DEBUG | d.t.c.a.a.c.s.f.ApiVersionFilter     : Adding Version to Request GET /api/repository/4030/buildlogs
    23:48:51.244 | 463 ool-1-worker-227 | DEBUG | rammingExerciseParticipationResource : REST request to get build log : 4030

  Starting logs for ProgrammingSubmissionAndResultGitlabJenkinsIntegrationTest > shouldSaveBuildLogsOnStudentParticipationWithoutSubmissionNorResult(ProgrammingLanguage, boolean) [21] programmingLanguage=VHDL, enableStaticCodeAnalysis=true
    23:48:51.256 | 463 ool-1-worker-227 | DEBUG | d.t.c.a.a.c.u.util.UserUtilService   : Generate 3 students...
    23:48:51.260 | 463 ool-1-worker-227 | DEBUG | d.t.c.a.a.c.u.util.UserUtilService   : 3 students generated. Generate 2 tutors...
    23:48:51.262 | 463 ool-1-worker-227 | DEBUG | d.t.c.a.a.c.u.util.UserUtilService   : 2 tutors generated. Generate 0 editors...
    23:48:51.264 | 463 ool-1-worker-227 | DEBUG | d.t.c.a.a.c.u.util.UserUtilService   : 0 editors generated. Generate 2 instructors...
    23:48:51.267 | 463 ool-1-worker-227 | DEBUG | d.t.c.a.a.c.u.util.UserUtilService   : 2 instructors generated
    23:48:51.268 | 463 ool-1-worker-227 | DEBUG | d.t.c.a.a.c.u.util.UserUtilService   : Removing 7 users from all courses...
    23:48:51.268 | 463 ool-1-worker-227 | DEBUG | d.t.c.a.a.c.u.util.UserUtilService   : Removing 7 users from all courses. Done
    23:48:51.269 | 463 ool-1-worker-227 | DEBUG | d.t.c.a.a.c.u.util.UserUtilService   : Save 7 users to database...
    23:48:51.272 | 463 ool-1-worker-227 | DEBUG | d.t.c.a.a.c.u.util.UserUtilService   : Save 7 users to database. Done
    23:48:51.286 | 463 ool-1-worker-227 | DEBUG | PersonalAccessTokenManagementService : Generate secure vcs access token
    23:48:51.288 | 463 ool-1-worker-227 | DEBUG | PersonalAccessTokenManagementService : Generate secure vcs access token
    23:48:51.290 | 463 ool-1-worker-227 | INFO  | i.z.t.d.l.EmbeddedDatabaseReporter   : JDBC URL to connect to 'dataSource': url='jdbc:h2:tcp://localhost:41063/mem:736625c0-cf5e-400d-aeaa-8a7eabd6262b;USER=sa', scope='ProgrammingSubmissionAndResultGitlabJenkinsIntegrationTest#shouldSaveBuildLogsOnStudentParticipationWithoutSubmissionNorResult'
    23:48:51.302 | 463 ool-1-worker-227 | DEBUG | PersonalAccessTokenManagementService : Generate secure vcs access token
    23:48:51.305 | 463 ool-1-worker-227 | DEBUG | d.t.c.a.a.c.s.f.ApiVersionFilter     : Adding Version to Request POST /api/public/programming-exercises/new-result
    23:48:51.305 | 463 ool-1-worker-227 | DEBUG | d.t.c.a.a.a.w.o.PublicResultResource : Received result notify (NEW)
    23:48:51.307 | 463 ool-1-worker-227 | INFO  | d.t.c.a.a.a.w.o.PublicResultResource : Artemis received a new result for build plan SHORTFA4A0BD001E3E041430964D058E2D5099FD3TSTEXC-PROGSUBRESGITLABJENSTUDENT1
    23:48:51.308 | 463 ool-1-worker-227 | DEBUG | .s.ProgrammingExerciseGradingService : Received new build result (NEW) for participation 4037
    23:48:51.310 | 463 ool-1-worker-227 | WARN  | .s.ProgrammingExerciseGradingService : Could not find pending ProgrammingSubmission for Commit Hash 9b3a9bd71a0d80e5bbc42204c319ed3d1d4f0d6d (Participation 4037, Build Plan SHORTFA4A0BD001E3E041430964D058E2D5099FD3TSTEXC-PROGSUBRESGITLABJENSTUDENT1). Will create a new one subsequently...
    23:48:51.311 | 463 ool-1-worker-227 | ERROR | .s.ProgrammingExerciseGradingService : Could not retrieve push date for participation 4037 and build plan SHORTFA4A0BD001E3E041430964D058E2D5099FD3TSTEXC-PROGSUBRESGITLABJENSTUDENT1
de.tum.cit.aet.artemis.programming.service.gitlab.GitLabException: Could not find build queue date for participation 4037
	at de.tum.cit.aet.artemis.programming.service.gitlab.GitLabService.getPushDate(GitLabService.java:369)
	at de.tum.cit.aet.artemis.programming.service.gitlab.GitLabService.getPushDate(GitLabService.java:358)
	at de.tum.cit.aet.artemis.programming.service.ProgrammingExerciseGradingService.createAndSaveFallbackSubmission(ProgrammingExerciseGradingService.java:286)
	at de.tum.cit.aet.artemis.programming.service.ProgrammingExerciseGradingService.createAndSaveFallbackSubmission(ProgrammingExerciseGradingService.java:272)
	at de.tum.cit.aet.artemis.programming.service.ProgrammingExerciseGradingService.lambda$processNewProgrammingExerciseResult$0(ProgrammingExerciseGradingService.java:177)
	at java.base/java.util.Optional.orElseGet(Optional.java:364)
	at de.tum.cit.aet.artemis.programming.service.ProgrammingExerciseGradingService.processNewProgrammingExerciseResult(ProgrammingExerciseGradingService.java:177)
	at de.tum.cit.aet.artemis.programming.service.ProgrammingExerciseGradingService.processNewProgrammingExerciseResult(ProgrammingExerciseGradingService.java:156)
	at de.tum.cit.aet.artemis.assessment.web.open.PublicResultResource.processNewProgrammingExerciseResult(PublicResultResource.java:113)
	at java.base/jdk.internal.reflect.DirectMethodHandleAccessor.invoke(DirectMethodHandleAccessor.java:103)
	at java.base/java.lang.reflect.Method.invoke(Method.java:580)
	at org.springframework.aop.support.AopUtils.invokeJoinpointUsingReflection(AopUtils.java:359)
	at org.springframework.aop.framework.ReflectiveMethodInvocation.invokeJoinpoint(ReflectiveMethodInvocation.java:196)
	at org.springframework.aop.framework.ReflectiveMethodInvocation.proceed(ReflectiveMethodInvocation.java:163)
	at org.springframework.security.authorization.method.AuthorizationManagerBeforeMethodInterceptor.proceed(AuthorizationManagerBeforeMethodInterceptor.java:268)
	at org.springframework.security.authorization.method.AuthorizationManagerBeforeMethodInterceptor.attemptAuthorization(AuthorizationManagerBeforeMethodInterceptor.java:263)
	at org.springframework.security.authorization.method.AuthorizationManagerBeforeMethodInterceptor.invoke(AuthorizationManagerBeforeMethodInterceptor.java:196)
	at org.springframework.security.config.annotation.method.configuration.DeferringMethodInterceptor.invoke(DeferringMethodInterceptor.java:44)
	at org.springframework.aop.framework.ReflectiveMethodInvocation.proceed(ReflectiveMethodInvocation.java:184)
	at org.springframework.aop.framework.CglibAopProxy$DynamicAdvisedInterceptor.intercept(CglibAopProxy.java:727)
	at de.tum.cit.aet.artemis.assessment.web.open.PublicResultResource$$SpringCGLIB$$0.processNewProgrammingExerciseResult(<generated>)
	at java.base/jdk.internal.reflect.DirectMethodHandleAccessor.invoke(DirectMethodHandleAccessor.java:103)
	at java.base/java.lang.reflect.Method.invoke(Method.java:580)
	at org.springframework.web.method.support.InvocableHandlerMethod.doInvoke(InvocableHandlerMethod.java:257)
	at org.springframework.web.method.support.InvocableHandlerMethod.invokeForRequest(InvocableHandlerMethod.java:190)
	at org.springframework.web.servlet.mvc.method.annotation.ServletInvocableHandlerMethod.invokeAndHandle(ServletInvocableHandlerMethod.java:118)
	at org.springframework.web.servlet.mvc.method.annotation.RequestMappingHandlerAdapter.invokeHandlerMethod(RequestMappingHandlerAdapter.java:986)
	at org.springframework.web.servlet.mvc.method.annotation.RequestMappingHandlerAdapter.handleInternal(RequestMappingHandlerAdapter.java:891)
	at org.springframework.web.servlet.mvc.method.AbstractHandlerMethodAdapter.handle(AbstractHandlerMethodAdapter.java:87)
	at org.springframework.web.servlet.DispatcherServlet.doDispatch(DispatcherServlet.java:1088)
	at org.springframework.web.servlet.DispatcherServlet.doService(DispatcherServlet.java:978)
	at org.springframework.web.servlet.FrameworkServlet.processRequest(FrameworkServlet.java:1014)
	at org.springframework.web.servlet.FrameworkServlet.doPost(FrameworkServlet.java:914)
	at jakarta.servlet.http.HttpServlet.service(HttpServlet.java:547)
	at org.springframework.web.servlet.FrameworkServlet.service(FrameworkServlet.java:885)
	at org.springframework.test.web.servlet.TestDispatcherServlet.service(TestDispatcherServlet.java:72)
	at jakarta.servlet.http.HttpServlet.service(HttpServlet.java:614)
	at org.springframework.mock.web.MockFilterChain$ServletFilterProxy.doFilter(MockFilterChain.java:165)
	at org.springframework.mock.web.MockFilterChain.doFilter(MockFilterChain.java:132)
	at org.springframework.web.filter.OncePerRequestFilter.doFilter(OncePerRequestFilter.java:110)
	at org.springframework.test.web.servlet.setup.MockMvcFilterDecorator.doFilter(MockMvcFilterDecorator.java:162)
	at org.springframework.mock.web.MockFilterChain.doFilter(MockFilterChain.java:132)
	at de.tum.cit.aet.artemis.core.security.filter.ApiVersionFilter.doFilter(ApiVersionFilter.java:55)
	at org.springframework.test.web.servlet.setup.MockMvcFilterDecorator.doFilter(MockMvcFilterDecorator.java:162)
	at org.springframework.mock.web.MockFilterChain.doFilter(MockFilterChain.java:132)
	at io.sentry.spring.jakarta.SentryUserFilter.doFilterInternal(SentryUserFilter.java:56)
	at org.springframework.web.filter.OncePerRequestFilter.doFilter(OncePerRequestFilter.java:116)
	at org.springframework.test.web.servlet.setup.MockMvcFilterDecorator.doFilter(MockMvcFilterDecorator.java:162)
	at org.springframework.mock.web.MockFilterChain.doFilter(MockFilterChain.java:132)
	at org.springframework.web.filter.CompositeFilter$VirtualFilterChain.doFilter(CompositeFilter.java:108)
	at org.springframework.security.web.FilterChainProxy.lambda$doFilterInternal$3(FilterChainProxy.java:231)
	at org.springframework.security.web.ObservationFilterChainDecorator$FilterObservation$SimpleFilterObservation.lambda$wrap$1(ObservationFilterChainDecorator.java:479)
	at org.springframework.security.web.ObservationFilterChainDecorator$AroundFilterObservation$SimpleAroundFilterObservation.lambda$wrap$1(ObservationFilterChainDecorator.java:340)
	at org.springframework.security.web.ObservationFilterChainDecorator.lambda$wrapSecured$0(ObservationFilterChainDecorator.java:82)
	at org.springframework.security.web.ObservationFilterChainDecorator$VirtualFilterChain.doFilter(ObservationFilterChainDecorator.java:128)
	at org.springframework.security.web.access.intercept.AuthorizationFilter.doFilter(AuthorizationFilter.java:101)
	at org.springframework.security.web.ObservationFilterChainDecorator$ObservationFilter.wrapFilter(ObservationFilterChainDecorator.java:240)
	at org.springframework.security.web.ObservationFilterChainDecorator$ObservationFilter.doFilter(ObservationFilterChainDecorator.java:227)
	at org.springframework.security.web.ObservationFilterChainDecorator$VirtualFilterChain.doFilter(ObservationFilterChainDecorator.java:137)
	at org.springframework.security.web.access.ExceptionTranslationFilter.doFilter(ExceptionTranslationFilter.java:126)
	at org.springframework.security.web.access.ExceptionTranslationFilter.doFilter(ExceptionTranslationFilter.java:120)
	at org.springframework.security.web.ObservationFilterChainDecorator$ObservationFilter.wrapFilter(ObservationFilterChainDecorator.java:240)
	at org.springframework.security.web.ObservationFilterChainDecorator$ObservationFilter.doFilter(ObservationFilterChainDecorator.java:227)
	at org.springframework.security.web.ObservationFilterChainDecorator$VirtualFilterChain.doFilter(ObservationFilterChainDecorator.java:137)
	at org.springframework.security.web.session.SessionManagementFilter.doFilter(SessionManagementFilter.java:131)
	at org.springframework.security.web.session.SessionManagementFilter.doFilter(SessionManagementFilter.java:85)
	at org.springframework.security.web.ObservationFilterChainDecorator$ObservationFilter.wrapFilter(ObservationFilterChainDecorator.java:240)
	at org.springframework.security.web.ObservationFilterChainDecorator$ObservationFilter.doFilter(ObservationFilterChainDecorator.java:227)
	at org.springframework.security.web.ObservationFilterChainDecorator$VirtualFilterChain.doFilter(ObservationFilterChainDecorator.java:137)
	at org.springframework.security.web.authentication.AnonymousAuthenticationFilter.doFilter(AnonymousAuthenticationFilter.java:100)
	at org.springframework.security.web.ObservationFilterChainDecorator$ObservationFilter.wrapFilter(ObservationFilterChainDecorator.java:240)
	at org.springframework.security.web.ObservationFilterChainDecorator$ObservationFilter.doFilter(ObservationFilterChainDecorator.java:227)
	at org.springframework.security.web.ObservationFilterChainDecorator$VirtualFilterChain.doFilter(ObservationFilterChainDecorator.java:137)
	at org.springframework.security.web.servletapi.SecurityContextHolderAwareRequestFilter.doFilter(SecurityContextHolderAwareRequestFilter.java:179)
	at org.springframework.security.web.ObservationFilterChainDecorator$ObservationFilter.wrapFilter(ObservationFilterChainDecorator.java:240)
	at org.springframework.security.web.ObservationFilterChainDecorator$ObservationFilter.doFilter(ObservationFilterChainDecorator.java:227)
	at org.springframework.security.web.ObservationFilterChainDecorator$VirtualFilterChain.doFilter(ObservationFilterChainDecorator.java:137)
	at org.springframework.security.web.savedrequest.RequestCacheAwareFilter.doFilter(RequestCacheAwareFilter.java:63)
	at org.springframework.security.web.ObservationFilterChainDecorator$ObservationFilter.wrapFilter(ObservationFilterChainDecorator.java:240)
	at org.springframework.security.web.ObservationFilterChainDecorator$ObservationFilter.doFilter(ObservationFilterChainDecorator.java:227)
	at org.springframework.security.web.ObservationFilterChainDecorator$VirtualFilterChain.doFilter(ObservationFilterChainDecorator.java:137)
	at de.tum.cit.aet.artemis.core.security.filter.SpaWebFilter.doFilterInternal(SpaWebFilter.java:23)
	at org.springframework.web.filter.OncePerRequestFilter.doFilter(OncePerRequestFilter.java:116)
	at org.springframework.security.web.ObservationFilterChainDecorator$ObservationFilter.wrapFilter(ObservationFilterChainDecorator.java:240)
	at org.springframework.security.web.ObservationFilterChainDecorator$ObservationFilter.doFilter(ObservationFilterChainDecorator.java:227)
	at org.springframework.security.web.ObservationFilterChainDecorator$VirtualFilterChain.doFilter(ObservationFilterChainDecorator.java:137)
	at org.springframework.web.filter.OncePerRequestFilter.doFilter(OncePerRequestFilter.java:110)
	at org.springframework.security.web.ObservationFilterChainDecorator$ObservationFilter.wrapFilter(ObservationFilterChainDecorator.java:240)
	at org.springframework.security.web.ObservationFilterChainDecorator$ObservationFilter.doFilter(ObservationFilterChainDecorator.java:227)
	at org.springframework.security.web.ObservationFilterChainDecorator$VirtualFilterChain.doFilter(ObservationFilterChainDecorator.java:137)
	at de.tum.cit.aet.artemis.lti.config.Lti13LaunchFilter.doFilterInternal(Lti13LaunchFilter.java:60)
	at org.springframework.web.filter.OncePerRequestFilter.doFilter(OncePerRequestFilter.java:116)
	at org.springframework.security.web.ObservationFilterChainDecorator$ObservationFilter.wrapFilter(ObservationFilterChainDecorator.java:240)
	at org.springframework.security.web.ObservationFilterChainDecorator$ObservationFilter.doFilter(ObservationFilterChainDecorator.java:227)
	at org.springframework.security.web.ObservationFilterChainDecorator$VirtualFilterChain.doFilter(ObservationFilterChainDecorator.java:137)
	at de.tum.cit.aet.artemis.core.security.jwt.JWTFilter.doFilter(JWTFilter.java:55)
	at org.springframework.security.web.ObservationFilterChainDecorator$ObservationFilter.wrapFilter(ObservationFilterChainDecorator.java:240)
	at org.springframework.security.web.ObservationFilterChainDecorator$ObservationFilter.doFilter(ObservationFilterChainDecorator.java:227)
	at org.springframework.security.web.ObservationFilterChainDecorator$VirtualFilterChain.doFilter(ObservationFilterChainDecorator.java:137)
	at de.tum.cit.aet.artemis.core.security.jwt.JWTFilter.doFilter(JWTFilter.java:55)
	at org.springframework.security.web.ObservationFilterChainDecorator$ObservationFilter.wrapFilter(ObservationFilterChainDecorator.java:240)
	at org.springframework.security.web.ObservationFilterChainDecorator$ObservationFilter.doFilter(ObservationFilterChainDecorator.java:227)
	at org.springframework.security.web.ObservationFilterChainDecorator$VirtualFilterChain.doFilter(ObservationFilterChainDecorator.java:137)
	at org.springframework.web.filter.CorsFilter.doFilterInternal(CorsFilter.java:91)
	at org.springframework.web.filter.OncePerRequestFilter.doFilter(OncePerRequestFilter.java:116)
	at org.springframework.security.web.ObservationFilterChainDecorator$ObservationFilter.wrapFilter(ObservationFilterChainDecorator.java:240)
	at org.springframework.security.web.ObservationFilterChainDecorator$ObservationFilter.doFilter(ObservationFilterChainDecorator.java:227)
	at org.springframework.security.web.ObservationFilterChainDecorator$VirtualFilterChain.doFilter(ObservationFilterChainDecorator.java:137)
	at org.springframework.web.filter.OncePerRequestFilter.doFilter(OncePerRequestFilter.java:110)
	at org.springframework.security.web.ObservationFilterChainDecorator$ObservationFilter.wrapFilter(ObservationFilterChainDecorator.java:240)
	at org.springframework.security.web.ObservationFilterChainDecorator$ObservationFilter.doFilter(ObservationFilterChainDecorator.java:227)
	at org.springframework.security.web.ObservationFilterChainDecorator$VirtualFilterChain.doFilter(ObservationFilterChainDecorator.java:137)
	at uk.ac.ox.ctl.lti13.security.oauth2.client.lti.web.OAuth2AuthorizationRequestRedirectFilter.doFilterInternal(OAuth2AuthorizationRequestRedirectFilter.java:142)
	at org.springframework.web.filter.OncePerRequestFilter.doFilter(OncePerRequestFilter.java:116)
	at org.springframework.security.web.ObservationFilterChainDecorator$ObservationFilter.wrapFilter(ObservationFilterChainDecorator.java:240)
	at org.springframework.security.web.ObservationFilterChainDecorator$ObservationFilter.doFilter(ObservationFilterChainDecorator.java:227)
	at org.springframework.security.web.ObservationFilterChainDecorator$VirtualFilterChain.doFilter(ObservationFilterChainDecorator.java:137)
	at org.springframework.security.web.authentication.logout.LogoutFilter.doFilter(LogoutFilter.java:107)
	at org.springframework.security.web.authentication.logout.LogoutFilter.doFilter(LogoutFilter.java:93)
	at org.springframework.security.web.ObservationFilterChainDecorator$ObservationFilter.wrapFilter(ObservationFilterChainDecorator.java:240)
	at org.springframework.security.web.ObservationFilterChainDecorator$ObservationFilter.doFilter(ObservationFilterChainDecorator.java:227)
	at org.springframework.security.web.ObservationFilterChainDecorator$VirtualFilterChain.doFilter(ObservationFilterChainDecorator.java:137)
	at org.springframework.security.web.header.HeaderWriterFilter.doHeadersAfter(HeaderWriterFilter.java:90)
	at org.springframework.security.web.header.HeaderWriterFilter.doFilterInternal(HeaderWriterFilter.java:75)
	at org.springframework.web.filter.OncePerRequestFilter.doFilter(OncePerRequestFilter.java:116)
	at org.springframework.security.web.ObservationFilterChainDecorator$ObservationFilter.wrapFilter(ObservationFilterChainDecorator.java:240)
	at org.springframework.security.web.ObservationFilterChainDecorator$ObservationFilter.doFilter(ObservationFilterChainDecorator.java:227)
	at org.springframework.security.web.ObservationFilterChainDecorator$VirtualFilterChain.doFilter(ObservationFilterChainDecorator.java:137)
	at org.springframework.security.web.context.SecurityContextHolderFilter.doFilter(SecurityContextHolderFilter.java:82)
	at org.springframework.security.web.context.SecurityContextHolderFilter.doFilter(SecurityContextHolderFilter.java:69)
	at org.springframework.security.web.ObservationFilterChainDecorator$ObservationFilter.wrapFilter(ObservationFilterChainDecorator.java:240)
	at org.springframework.security.web.ObservationFilterChainDecorator$ObservationFilter.doFilter(ObservationFilterChainDecorator.java:227)
	at org.springframework.security.web.ObservationFilterChainDecorator$VirtualFilterChain.doFilter(ObservationFilterChainDecorator.java:137)
	at org.springframework.security.web.context.request.async.WebAsyncManagerIntegrationFilter.doFilterInternal(WebAsyncManagerIntegrationFilter.java:62)
	at org.springframework.web.filter.OncePerRequestFilter.doFilter(OncePerRequestFilter.java:116)
	at org.springframework.security.web.ObservationFilterChainDecorator$ObservationFilter.wrapFilter(ObservationFilterChainDecorator.java:240)
	at org.springframework.security.web.ObservationFilterChainDecorator$ObservationFilter.doFilter(ObservationFilterChainDecorator.java:227)
	at org.springframework.security.web.ObservationFilterChainDecorator$VirtualFilterChain.doFilter(ObservationFilterChainDecorator.java:137)
	at org.springframework.security.web.session.DisableEncodeUrlFilter.doFilterInternal(DisableEncodeUrlFilter.java:42)
	at org.springframework.web.filter.OncePerRequestFilter.doFilter(OncePerRequestFilter.java:116)
	at org.springframework.security.web.ObservationFilterChainDecorator$ObservationFilter.wrapFilter(ObservationFilterChainDecorator.java:240)
	at org.springframework.security.web.ObservationFilterChainDecorator$AroundFilterObservation$SimpleAroundFilterObservation.lambda$wrap$0(ObservationFilterChainDecorator.java:323)
	at org.springframework.security.web.ObservationFilterChainDecorator$ObservationFilter.doFilter(ObservationFilterChainDecorator.java:224)
	at org.springframework.security.web.ObservationFilterChainDecorator$VirtualFilterChain.doFilter(ObservationFilterChainDecorator.java:137)
	at org.springframework.security.web.FilterChainProxy.doFilterInternal(FilterChainProxy.java:233)
	at org.springframework.security.web.FilterChainProxy.doFilter(FilterChainProxy.java:191)
	at org.springframework.web.filter.CompositeFilter$VirtualFilterChain.doFilter(CompositeFilter.java:113)
	at org.springframework.web.servlet.handler.HandlerMappingIntrospector.lambda$createCacheFilter$3(HandlerMappingIntrospector.java:243)
	at org.springframework.web.filter.CompositeFilter$VirtualFilterChain.doFilter(CompositeFilter.java:113)
	at org.springframework.web.filter.CompositeFilter.doFilter(CompositeFilter.java:74)
	at org.springframework.security.config.annotation.web.configuration.WebMvcSecurityConfiguration$CompositeFilterChainProxy.doFilter(WebMvcSecurityConfiguration.java:238)
	at org.springframework.web.filter.DelegatingFilterProxy.invokeDelegate(DelegatingFilterProxy.java:362)
	at org.springframework.web.filter.DelegatingFilterProxy.doFilter(DelegatingFilterProxy.java:278)
	at org.springframework.test.web.servlet.setup.MockMvcFilterDecorator.doFilter(MockMvcFilterDecorator.java:162)
	at org.springframework.mock.web.MockFilterChain.doFilter(MockFilterChain.java:132)
	at org.springframework.web.filter.RequestContextFilter.doFilterInternal(RequestContextFilter.java:100)
	at org.springframework.web.filter.OncePerRequestFilter.doFilter(OncePerRequestFilter.java:116)
	at org.springframework.test.web.servlet.setup.MockMvcFilterDecorator.doFilter(MockMvcFilterDecorator.java:162)
	at org.springframework.mock.web.MockFilterChain.doFilter(MockFilterChain.java:132)
	at org.springframework.web.filter.FormContentFilter.doFilterInternal(FormContentFilter.java:93)
	at org.springframework.web.filter.OncePerRequestFilter.doFilter(OncePerRequestFilter.java:116)
	at org.springframework.test.web.servlet.setup.MockMvcFilterDecorator.doFilter(MockMvcFilterDecorator.java:162)
	at org.springframework.mock.web.MockFilterChain.doFilter(MockFilterChain.java:132)
	at org.springframework.web.filter.ServerHttpObservationFilter.doFilterInternal(ServerHttpObservationFilter.java:114)
	at org.springframework.web.filter.OncePerRequestFilter.doFilter(OncePerRequestFilter.java:116)
	at org.springframework.test.web.servlet.setup.MockMvcFilterDecorator.doFilter(MockMvcFilterDecorator.java:162)
	at org.springframework.mock.web.MockFilterChain.doFilter(MockFilterChain.java:132)
	at io.sentry.spring.jakarta.tracing.SentryTracingFilter.doFilterInternal(SentryTracingFilter.java:91)
	at org.springframework.web.filter.OncePerRequestFilter.doFilter(OncePerRequestFilter.java:116)
	at org.springframework.test.web.servlet.setup.MockMvcFilterDecorator.doFilter(MockMvcFilterDecorator.java:162)
	at org.springframework.mock.web.MockFilterChain.doFilter(MockFilterChain.java:132)
	at org.springframework.web.filter.CharacterEncodingFilter.doFilterInternal(CharacterEncodingFilter.java:201)
	at org.springframework.web.filter.OncePerRequestFilter.doFilter(OncePerRequestFilter.java:116)
	at org.springframework.test.web.servlet.setup.MockMvcFilterDecorator.doFilter(MockMvcFilterDecorator.java:162)
	at org.springframework.mock.web.MockFilterChain.doFilter(MockFilterChain.java:132)
	at io.sentry.spring.jakarta.SentrySpringFilter.doFilterInternal(SentrySpringFilter.java:76)
	at org.springframework.web.filter.OncePerRequestFilter.doFilter(OncePerRequestFilter.java:116)
	at org.springframework.test.web.servlet.setup.MockMvcFilterDecorator.doFilter(MockMvcFilterDecorator.java:162)
	at org.springframework.mock.web.MockFilterChain.doFilter(MockFilterChain.java:132)
	at org.springframework.test.web.servlet.MockMvc.perform(MockMvc.java:201)
	at de.tum.cit.aet.artemis.core.util.RequestUtilService.performMvcRequest(RequestUtilService.java:79)
	at de.tum.cit.aet.artemis.core.util.RequestUtilService.postWithoutLocation(RequestUtilService.java:213)
	at de.tum.cit.aet.artemis.core.util.RequestUtilService.postWithoutLocation(RequestUtilService.java:199)
	at de.tum.cit.aet.artemis.programming.ProgrammingSubmissionAndResultGitlabJenkinsIntegrationTest.postResult(ProgrammingSubmissionAndResultGitlabJenkinsIntegrationTest.java:413)
	at de.tum.cit.aet.artemis.programming.ProgrammingSubmissionAndResultGitlabJenkinsIntegrationTest.shouldSaveBuildLogsOnStudentParticipationWithoutSubmissionNorResult(ProgrammingSubmissionAndResultGitlabJenkinsIntegrationTest.java:338)
	at java.base/jdk.internal.reflect.DirectMethodHandleAccessor.invoke(DirectMethodHandleAccessor.java:103)
	at java.base/java.lang.reflect.Method.invoke(Method.java:580)
	at org.junit.platform.commons.util.ReflectionUtils.invokeMethod(ReflectionUtils.java:767)
	at org.junit.jupiter.engine.execution.MethodInvocation.proceed(MethodInvocation.java:60)
	at org.junit.jupiter.engine.execution.InvocationInterceptorChain$ValidatingInvocation.proceed(InvocationInterceptorChain.java:131)
	at org.junit.jupiter.engine.extension.TimeoutExtension.intercept(TimeoutExtension.java:156)
	at org.junit.jupiter.engine.extension.TimeoutExtension.interceptTestableMethod(TimeoutExtension.java:147)
	at org.junit.jupiter.engine.extension.TimeoutExtension.interceptTestTemplateMethod(TimeoutExtension.java:94)
	at org.junit.jupiter.engine.execution.InterceptingExecutableInvoker$ReflectiveInterceptorCall.lambda$ofVoidMethod$0(InterceptingExecutableInvoker.java:103)
	at org.junit.jupiter.engine.execution.InterceptingExecutableInvoker.lambda$invoke$0(InterceptingExecutableInvoker.java:93)
	at org.junit.jupiter.engine.execution.InvocationInterceptorChain$InterceptedInvocation.proceed(InvocationInterceptorChain.java:106)
	at org.junit.jupiter.engine.execution.InvocationInterceptorChain.proceed(InvocationInterceptorChain.java:64)
	at org.junit.jupiter.engine.execution.InvocationInterceptorChain.chainAndInvoke(InvocationInterceptorChain.java:45)
	at org.junit.jupiter.engine.execution.InvocationInterceptorChain.invoke(InvocationInterceptorChain.java:37)
	at org.junit.jupiter.engine.execution.InterceptingExecutableInvoker.invoke(InterceptingExecutableInvoker.java:92)
	at org.junit.jupiter.engine.execution.InterceptingExecutableInvoker.invoke(InterceptingExecutableInvoker.java:86)
	at org.junit.jupiter.engine.descriptor.TestMethodTestDescriptor.lambda$invokeTestMethod$8(TestMethodTestDescriptor.java:217)
	at org.junit.platform.engine.support.hierarchical.ThrowableCollector.execute(ThrowableCollector.java:73)
	at org.junit.jupiter.engine.descriptor.TestMethodTestDescriptor.invokeTestMethod(TestMethodTestDescriptor.java:213)
	at org.junit.jupiter.engine.descriptor.TestMethodTestDescriptor.execute(TestMethodTestDescriptor.java:138)
	at org.junit.jupiter.engine.descriptor.TestMethodTestDescriptor.execute(TestMethodTestDescriptor.java:68)
	at org.junit.platform.engine.support.hierarchical.NodeTestTask.lambda$executeRecursively$6(NodeTestTask.java:156)
	at org.junit.platform.engine.support.hierarchical.ThrowableCollector.execute(ThrowableCollector.java:73)
	at org.junit.platform.engine.support.hierarchical.NodeTestTask.lambda$executeRecursively$8(NodeTestTask.java:146)
	at org.junit.platform.engine.support.hierarchical.Node.around(Node.java:137)
	at org.junit.platform.engine.support.hierarchical.NodeTestTask.lambda$executeRecursively$9(NodeTestTask.java:144)
	at org.junit.platform.engine.support.hierarchical.ThrowableCollector.execute(ThrowableCollector.java:73)
	at org.junit.platform.engine.support.hierarchical.NodeTestTask.executeRecursively(NodeTestTask.java:143)
	at org.junit.platform.engine.support.hierarchical.NodeTestTask.execute(NodeTestTask.java:100)
	at org.junit.platform.engine.support.hierarchical.ForkJoinPoolHierarchicalTestExecutorService$ExclusiveTask.exec(ForkJoinPoolHierarchicalTestExecutorService.java:274)
	at org.junit.platform.engine.support.hierarchical.ForkJoinPoolHierarchicalTestExecutorService$ExclusiveTask.execSync(ForkJoinPoolHierarchicalTestExecutorService.java:247)
	at org.junit.platform.engine.support.hierarchical.ForkJoinPoolHierarchicalTestExecutorService.submit(ForkJoinPoolHierarchicalTestExecutorService.java:148)
	at org.junit.platform.engine.support.hierarchical.NodeTestTask$DefaultDynamicTestExecutor.execute(NodeTestTask.java:231)
	at org.junit.platform.engine.support.hierarchical.NodeTestTask$DefaultDynamicTestExecutor.execute(NodeTestTask.java:209)
	at org.junit.jupiter.engine.descriptor.TestTemplateTestDescriptor.execute(TestTemplateTestDescriptor.java:141)
	at org.junit.jupiter.engine.descriptor.TestTemplateTestDescriptor.lambda$execute$3(TestTemplateTestDescriptor.java:109)
	at java.base/java.util.stream.ForEachOps$ForEachOp$OfRef.accept(ForEachOps.java:184)
	at java.base/java.util.stream.ReferencePipeline$3$1.accept(ReferencePipeline.java:197)
	at java.base/java.util.stream.ReferencePipeline$2$1.accept(ReferencePipeline.java:179)
	at java.base/java.util.stream.ReferencePipeline$3$1.accept(ReferencePipeline.java:197)
	at java.base/java.util.stream.ForEachOps$ForEachOp$OfRef.accept(ForEachOps.java:184)
	at java.base/java.util.stream.ReferencePipeline$3$1.accept(ReferencePipeline.java:197)
	at java.base/java.util.stream.ForEachOps$ForEachOp$OfRef.accept(ForEachOps.java:184)
	at java.base/java.util.stream.ForEachOps$ForEachOp$OfRef.accept(ForEachOps.java:184)
	at java.base/java.util.stream.ReferencePipeline$3$1.accept(ReferencePipeline.java:197)
	at java.base/java.util.stream.ForEachOps$ForEachOp$OfRef.accept(ForEachOps.java:184)
	at java.base/java.util.Spliterators$ArraySpliterator.forEachRemaining(Spliterators.java:1024)
	at java.base/java.util.stream.ReferencePipeline$Head.forEach(ReferencePipeline.java:762)
	at java.base/java.util.stream.ReferencePipeline$7$1.accept(ReferencePipeline.java:276)
	at java.base/java.util.Iterator.forEachRemaining(Iterator.java:133)
	at java.base/java.util.Spliterators$IteratorSpliterator.forEachRemaining(Spliterators.java:1939)
	at java.base/java.util.stream.AbstractPipeline.copyInto(AbstractPipeline.java:509)
	at java.base/java.util.stream.AbstractPipeline.wrapAndCopyInto(AbstractPipeline.java:499)
	at java.base/java.util.stream.ForEachOps$ForEachOp.evaluateSequential(ForEachOps.java:151)
	at java.base/java.util.stream.ForEachOps$ForEachOp$OfRef.evaluateSequential(ForEachOps.java:174)
	at java.base/java.util.stream.AbstractPipeline.evaluate(AbstractPipeline.java:234)
	at java.base/java.util.stream.ReferencePipeline.forEach(ReferencePipeline.java:596)
	at java.base/java.util.stream.ReferencePipeline$7$1.accept(ReferencePipeline.java:276)
	at java.base/java.util.stream.ReferencePipeline$3$1.accept(ReferencePipeline.java:197)
	at java.base/java.util.stream.ReferencePipeline$3$1.accept(ReferencePipeline.java:197)
	at java.base/java.util.stream.ReferencePipeline$3$1.accept(ReferencePipeline.java:197)
	at java.base/java.util.Spliterators$ArraySpliterator.forEachRemaining(Spliterators.java:1024)
	at java.base/java.util.stream.AbstractPipeline.copyInto(AbstractPipeline.java:509)
	at java.base/java.util.stream.AbstractPipeline.wrapAndCopyInto(AbstractPipeline.java:499)
	at java.base/java.util.stream.ForEachOps$ForEachOp.evaluateSequential(ForEachOps.java:151)
	at java.base/java.util.stream.ForEachOps$ForEachOp$OfRef.evaluateSequential(ForEachOps.java:174)
	at java.base/java.util.stream.AbstractPipeline.evaluate(AbstractPipeline.java:234)
	at java.base/java.util.stream.ReferencePipeline.forEach(ReferencePipeline.java:596)
	at java.base/java.util.stream.ReferencePipeline$7$1.accept(ReferencePipeline.java:276)
	at java.base/java.util.ArrayList$ArrayListSpliterator.forEachRemaining(ArrayList.java:1708)
	at java.base/java.util.stream.AbstractPipeline.copyInto(AbstractPipeline.java:509)
	at java.base/java.util.stream.AbstractPipeline.wrapAndCopyInto(AbstractPipeline.java:499)
	at java.base/java.util.stream.ForEachOps$ForEachOp.evaluateSequential(ForEachOps.java:151)
	at java.base/java.util.stream.ForEachOps$ForEachOp$OfRef.evaluateSequential(ForEachOps.java:174)
	at java.base/java.util.stream.AbstractPipeline.evaluate(AbstractPipeline.java:234)
	at java.base/java.util.stream.ReferencePipeline.forEach(ReferencePipeline.java:596)
	at java.base/java.util.stream.ReferencePipeline$7$1.accept(ReferencePipeline.java:276)
	at java.base/java.util.stream.ReferencePipeline$3$1.accept(ReferencePipeline.java:197)
	at java.base/java.util.stream.ReferencePipeline$3$1.accept(ReferencePipeline.java:197)
	at java.base/java.util.stream.ReferencePipeline$3$1.accept(ReferencePipeline.java:197)
	at java.base/java.util.ArrayList$ArrayListSpliterator.forEachRemaining(ArrayList.java:1708)
	at java.base/java.util.stream.AbstractPipeline.copyInto(AbstractPipeline.java:509)
	at java.base/java.util.stream.AbstractPipeline.wrapAndCopyInto(AbstractPipeline.java:499)
	at java.base/java.util.stream.ForEachOps$ForEachOp.evaluateSequential(ForEachOps.java:151)
	at java.base/java.util.stream.ForEachOps$ForEachOp$OfRef.evaluateSequential(ForEachOps.java:174)
	at java.base/java.util.stream.AbstractPipeline.evaluate(AbstractPipeline.java:234)
	at java.base/java.util.stream.ReferencePipeline.forEach(ReferencePipeline.java:596)
	at java.base/java.util.stream.ReferencePipeline$7$1.accept(ReferencePipeline.java:276)
	at java.base/java.util.ArrayList$ArrayListSpliterator.forEachRemaining(ArrayList.java:1708)
	at java.base/java.util.stream.AbstractPipeline.copyInto(AbstractPipeline.java:509)
	at java.base/java.util.stream.AbstractPipeline.wrapAndCopyInto(AbstractPipeline.java:499)
	at java.base/java.util.stream.ForEachOps$ForEachOp.evaluateSequential(ForEachOps.java:151)
	at java.base/java.util.stream.ForEachOps$ForEachOp$OfRef.evaluateSequential(ForEachOps.java:174)
	at java.base/java.util.stream.AbstractPipeline.evaluate(AbstractPipeline.java:234)
	at java.base/java.util.stream.ReferencePipeline.forEach(ReferencePipeline.java:596)
	at org.junit.jupiter.engine.descriptor.TestTemplateTestDescriptor.execute(TestTemplateTestDescriptor.java:109)
	at org.junit.jupiter.engine.descriptor.TestTemplateTestDescriptor.execute(TestTemplateTestDescriptor.java:43)
	at org.junit.platform.engine.support.hierarchical.NodeTestTask.lambda$executeRecursively$6(NodeTestTask.java:156)
	at org.junit.platform.engine.support.hierarchical.ThrowableCollector.execute(ThrowableCollector.java:73)
	at org.junit.platform.engine.support.hierarchical.NodeTestTask.lambda$executeRecursively$8(NodeTestTask.java:146)
	at org.junit.platform.engine.support.hierarchical.Node.around(Node.java:137)
	at org.junit.platform.engine.support.hierarchical.NodeTestTask.lambda$executeRecursively$9(NodeTestTask.java:144)
	at org.junit.platform.engine.support.hierarchical.ThrowableCollector.execute(ThrowableCollector.java:73)
	at org.junit.platform.engine.support.hierarchical.NodeTestTask.executeRecursively(NodeTestTask.java:143)
	at org.junit.platform.engine.support.hierarchical.NodeTestTask.execute(NodeTestTask.java:100)
	at org.junit.platform.engine.support.hierarchical.ForkJoinPoolHierarchicalTestExecutorService$ExclusiveTask.exec(ForkJoinPoolHierarchicalTestExecutorService.java:274)
	at org.junit.platform.engine.support.hierarchical.ForkJoinPoolHierarchicalTestExecutorService$ExclusiveTask.execSync(ForkJoinPoolHierarchicalTestExecutorService.java:247)
	at org.junit.platform.engine.support.hierarchical.ForkJoinPoolHierarchicalTestExecutorService.executeSync(ForkJoinPoolHierarchicalTestExecutorService.java:194)
	at org.junit.platform.engine.support.hierarchical.ForkJoinPoolHierarchicalTestExecutorService.invokeAll(ForkJoinPoolHierarchicalTestExecutorService.java:166)
	at org.junit.platform.engine.support.hierarchical.NodeTestTask.lambda$executeRecursively$6(NodeTestTask.java:160)
	at org.junit.platform.engine.support.hierarchical.ThrowableCollector.execute(ThrowableCollector.java:73)
	at org.junit.platform.engine.support.hierarchical.NodeTestTask.lambda$executeRecursively$8(NodeTestTask.java:146)
	at org.junit.platform.engine.support.hierarchical.Node.around(Node.java:137)
	at org.junit.platform.engine.support.hierarchical.NodeTestTask.lambda$executeRecursively$9(NodeTestTask.java:144)
	at org.junit.platform.engine.support.hierarchical.ThrowableCollector.execute(ThrowableCollector.java:73)
	at org.junit.platform.engine.support.hierarchical.NodeTestTask.executeRecursively(NodeTestTask.java:143)
	at org.junit.platform.engine.support.hierarchical.NodeTestTask.execute(NodeTestTask.java:100)
	at org.junit.platform.engine.support.hierarchical.ForkJoinPoolHierarchicalTestExecutorService$ExclusiveTask.exec(ForkJoinPoolHierarchicalTestExecutorService.java:274)
	at java.base/java.util.concurrent.ForkJoinTask.doExec(ForkJoinTask.java:387)
	at java.base/java.util.concurrent.ForkJoinPool$WorkQueue.topLevelExec(ForkJoinPool.java:1312)
	at java.base/java.util.concurrent.ForkJoinPool.scan(ForkJoinPool.java:1843)
	at java.base/java.util.concurrent.ForkJoinPool.runWorker(ForkJoinPool.java:1808)
	at java.base/java.util.concurrent.ForkJoinWorkerThread.run(ForkJoinWorkerThread.java:188)
    23:48:51.327 | 463 ool-1-worker-227 | DEBUG | .c.s.m.InstanceMessageReceiveService : Received schedule participant score for exercise 3242 and participant 773 (result to be deleted: null)
    23:48:51.327 | 463 ool-1-worker-227 | DEBUG | .a.s.ParticipantScoreScheduleService : Scheduled task for exercise 3242 and participant 773 at 2025-02-14T23:48:51.427246427Z[Etc/UTC].
    23:48:51.328 | 463 ool-1-worker-227 | DEBUG | .a.a.p.s.ProgrammingMessagingService : Send result to client over websocket. Result: Result{id790, completionDate=2025-02-14T23:48:51.302858Z, successful=false, score=0.0, rated=true, assessmentType=AUTOMATIC, hasComplaint=null, testCaseCount=0, passedTestCaseCount=0, codeIssueCount=0}, Submission: ProgrammingSubmission{commitHash='9b3a9bd71a0d80e5bbc42204c319ed3d1d4f0d6d', buildFailed=true, buildArtifact=false, type=MANUAL}, Participation: ProgrammingExerciseStudentParticipation{id=4037, repositoryUri='https://version-control.fake.fake/git/SHORTFA4A0BD001E3E041430964D058E2D5099FD3TSTEXC/shortfa4a0bd001e3e041430964d058e2d5099fd3tstexc-progsubresgitlabjenstudent1.git', buildPlanId='SHORTFA4A0BD001E3E041430964D058E2D5099FD3TSTEXC-PROGSUBRESGITLABJENSTUDENT1', initializationState='INITIALIZED', initializationDate='2025-02-14T23:48:51.301232Z', individualDueDate=null', presentationScore=null}
    23:48:51.330 | 463 ool-1-worker-227 | INFO  | d.t.c.a.a.a.w.o.PublicResultResource : The new result for SHORTFA4A0BD001E3E041430964D058E2D5099FD3TSTEXC-PROGSUBRESGITLABJENSTUDENT1 was saved successfully
    23:48:51.333 | 463 ool-1-worker-227 | DEBUG | d.t.c.a.a.c.s.f.ApiVersionFilter     : Adding Version to Request GET /api/repository/4037/buildlogs
    23:48:51.333 | 463 ool-1-worker-227 | DEBUG | rammingExerciseParticipationResource : REST request to get build log : 4037

  Starting logs for ProgrammingSubmissionAndResultGitlabJenkinsIntegrationTest > shouldSaveBuildLogsOnStudentParticipationWithoutSubmissionNorResult(ProgrammingLanguage, boolean) [22] programmingLanguage=VHDL, enableStaticCodeAnalysis=false
    23:48:51.345 | 463 ool-1-worker-227 | DEBUG | d.t.c.a.a.c.u.util.UserUtilService   : Generate 3 students...
    23:48:51.349 | 463 ool-1-worker-227 | DEBUG | d.t.c.a.a.c.u.util.UserUtilService   : 3 students generated. Generate 2 tutors...
    23:48:51.352 | 463 ool-1-worker-227 | DEBUG | d.t.c.a.a.c.u.util.UserUtilService   : 2 tutors generated. Generate 0 editors...
    23:48:51.353 | 463 ool-1-worker-227 | DEBUG | d.t.c.a.a.c.u.util.UserUtilService   : 0 editors generated. Generate 2 instructors...
    23:48:51.356 | 463 ool-1-worker-227 | DEBUG | d.t.c.a.a.c.u.util.UserUtilService   : 2 instructors generated
    23:48:51.357 | 463 ool-1-worker-227 | DEBUG | d.t.c.a.a.c.u.util.UserUtilService   : Removing 7 users from all courses...
    23:48:51.358 | 463 ool-1-worker-227 | DEBUG | d.t.c.a.a.c.u.util.UserUtilService   : Removing 7 users from all courses. Done
    23:48:51.358 | 463 ool-1-worker-227 | DEBUG | d.t.c.a.a.c.u.util.UserUtilService   : Save 7 users to database...
    23:48:51.361 | 463 ool-1-worker-227 | DEBUG | d.t.c.a.a.c.u.util.UserUtilService   : Save 7 users to database. Done
    23:48:51.374 | 463 ool-1-worker-227 | DEBUG | PersonalAccessTokenManagementService : Generate secure vcs access token
    23:48:51.377 | 463 ool-1-worker-227 | DEBUG | PersonalAccessTokenManagementService : Generate secure vcs access token
    23:48:51.379 | 463 ool-1-worker-227 | INFO  | i.z.t.d.l.EmbeddedDatabaseReporter   : JDBC URL to connect to 'dataSource': url='jdbc:h2:tcp://localhost:41063/mem:736625c0-cf5e-400d-aeaa-8a7eabd6262b;USER=sa', scope='ProgrammingSubmissionAndResultGitlabJenkinsIntegrationTest#shouldSaveBuildLogsOnStudentParticipationWithoutSubmissionNorResult'
    23:48:51.391 | 463 ool-1-worker-227 | DEBUG | PersonalAccessTokenManagementService : Generate secure vcs access token
    23:48:51.394 | 463 ool-1-worker-227 | DEBUG | d.t.c.a.a.c.s.f.ApiVersionFilter     : Adding Version to Request POST /api/public/programming-exercises/new-result
    23:48:51.394 | 463 ool-1-worker-227 | DEBUG | d.t.c.a.a.a.w.o.PublicResultResource : Received result notify (NEW)
    23:48:51.396 | 463 ool-1-worker-227 | INFO  | d.t.c.a.a.a.w.o.PublicResultResource : Artemis received a new result for build plan SHORT7989377A02E3A0448B088D50DFDF9C27A312TSTEXC-PROGSUBRESGITLABJENSTUDENT1
    23:48:51.397 | 463 ool-1-worker-227 | DEBUG | .s.ProgrammingExerciseGradingService : Received new build result (NEW) for participation 4044
    23:48:51.399 | 463 ool-1-worker-227 | WARN  | .s.ProgrammingExerciseGradingService : Could not find pending ProgrammingSubmission for Commit Hash 9b3a9bd71a0d80e5bbc42204c319ed3d1d4f0d6d (Participation 4044, Build Plan SHORT7989377A02E3A0448B088D50DFDF9C27A312TSTEXC-PROGSUBRESGITLABJENSTUDENT1). Will create a new one subsequently...
    23:48:51.400 | 463 ool-1-worker-227 | ERROR | .s.ProgrammingExerciseGradingService : Could not retrieve push date for participation 4044 and build plan SHORT7989377A02E3A0448B088D50DFDF9C27A312TSTEXC-PROGSUBRESGITLABJENSTUDENT1
de.tum.cit.aet.artemis.programming.service.gitlab.GitLabException: Could not find build queue date for participation 4044
	at de.tum.cit.aet.artemis.programming.service.gitlab.GitLabService.getPushDate(GitLabService.java:369)
	at de.tum.cit.aet.artemis.programming.service.gitlab.GitLabService.getPushDate(GitLabService.java:358)
	at de.tum.cit.aet.artemis.programming.service.ProgrammingExerciseGradingService.createAndSaveFallbackSubmission(ProgrammingExerciseGradingService.java:286)
	at de.tum.cit.aet.artemis.programming.service.ProgrammingExerciseGradingService.createAndSaveFallbackSubmission(ProgrammingExerciseGradingService.java:272)
	at de.tum.cit.aet.artemis.programming.service.ProgrammingExerciseGradingService.lambda$processNewProgrammingExerciseResult$0(ProgrammingExerciseGradingService.java:177)
	at java.base/java.util.Optional.orElseGet(Optional.java:364)
	at de.tum.cit.aet.artemis.programming.service.ProgrammingExerciseGradingService.processNewProgrammingExerciseResult(ProgrammingExerciseGradingService.java:177)
	at de.tum.cit.aet.artemis.programming.service.ProgrammingExerciseGradingService.processNewProgrammingExerciseResult(ProgrammingExerciseGradingService.java:156)
	at de.tum.cit.aet.artemis.assessment.web.open.PublicResultResource.processNewProgrammingExerciseResult(PublicResultResource.java:113)
	at java.base/jdk.internal.reflect.DirectMethodHandleAccessor.invoke(DirectMethodHandleAccessor.java:103)
	at java.base/java.lang.reflect.Method.invoke(Method.java:580)
	at org.springframework.aop.support.AopUtils.invokeJoinpointUsingReflection(AopUtils.java:359)
	at org.springframework.aop.framework.ReflectiveMethodInvocation.invokeJoinpoint(ReflectiveMethodInvocation.java:196)
	at org.springframework.aop.framework.ReflectiveMethodInvocation.proceed(ReflectiveMethodInvocation.java:163)
	at org.springframework.security.authorization.method.AuthorizationManagerBeforeMethodInterceptor.proceed(AuthorizationManagerBeforeMethodInterceptor.java:268)
	at org.springframework.security.authorization.method.AuthorizationManagerBeforeMethodInterceptor.attemptAuthorization(AuthorizationManagerBeforeMethodInterceptor.java:263)
	at org.springframework.security.authorization.method.AuthorizationManagerBeforeMethodInterceptor.invoke(AuthorizationManagerBeforeMethodInterceptor.java:196)
	at org.springframework.security.config.annotation.method.configuration.DeferringMethodInterceptor.invoke(DeferringMethodInterceptor.java:44)
	at org.springframework.aop.framework.ReflectiveMethodInvocation.proceed(ReflectiveMethodInvocation.java:184)
	at org.springframework.aop.framework.CglibAopProxy$DynamicAdvisedInterceptor.intercept(CglibAopProxy.java:727)
	at de.tum.cit.aet.artemis.assessment.web.open.PublicResultResource$$SpringCGLIB$$0.processNewProgrammingExerciseResult(<generated>)
	at java.base/jdk.internal.reflect.DirectMethodHandleAccessor.invoke(DirectMethodHandleAccessor.java:103)
	at java.base/java.lang.reflect.Method.invoke(Method.java:580)
	at org.springframework.web.method.support.InvocableHandlerMethod.doInvoke(InvocableHandlerMethod.java:257)
	at org.springframework.web.method.support.InvocableHandlerMethod.invokeForRequest(InvocableHandlerMethod.java:190)
	at org.springframework.web.servlet.mvc.method.annotation.ServletInvocableHandlerMethod.invokeAndHandle(ServletInvocableHandlerMethod.java:118)
	at org.springframework.web.servlet.mvc.method.annotation.RequestMappingHandlerAdapter.invokeHandlerMethod(RequestMappingHandlerAdapter.java:986)
	at org.springframework.web.servlet.mvc.method.annotation.RequestMappingHandlerAdapter.handleInternal(RequestMappingHandlerAdapter.java:891)
	at org.springframework.web.servlet.mvc.method.AbstractHandlerMethodAdapter.handle(AbstractHandlerMethodAdapter.java:87)
	at org.springframework.web.servlet.DispatcherServlet.doDispatch(DispatcherServlet.java:1088)
	at org.springframework.web.servlet.DispatcherServlet.doService(DispatcherServlet.java:978)
	at org.springframework.web.servlet.FrameworkServlet.processRequest(FrameworkServlet.java:1014)
	at org.springframework.web.servlet.FrameworkServlet.doPost(FrameworkServlet.java:914)
	at jakarta.servlet.http.HttpServlet.service(HttpServlet.java:547)
	at org.springframework.web.servlet.FrameworkServlet.service(FrameworkServlet.java:885)
	at org.springframework.test.web.servlet.TestDispatcherServlet.service(TestDispatcherServlet.java:72)
	at jakarta.servlet.http.HttpServlet.service(HttpServlet.java:614)
	at org.springframework.mock.web.MockFilterChain$ServletFilterProxy.doFilter(MockFilterChain.java:165)
	at org.springframework.mock.web.MockFilterChain.doFilter(MockFilterChain.java:132)
	at org.springframework.web.filter.OncePerRequestFilter.doFilter(OncePerRequestFilter.java:110)
	at org.springframework.test.web.servlet.setup.MockMvcFilterDecorator.doFilter(MockMvcFilterDecorator.java:162)
	at org.springframework.mock.web.MockFilterChain.doFilter(MockFilterChain.java:132)
	at de.tum.cit.aet.artemis.core.security.filter.ApiVersionFilter.doFilter(ApiVersionFilter.java:55)
	at org.springframework.test.web.servlet.setup.MockMvcFilterDecorator.doFilter(MockMvcFilterDecorator.java:162)
	at org.springframework.mock.web.MockFilterChain.doFilter(MockFilterChain.java:132)
	at io.sentry.spring.jakarta.SentryUserFilter.doFilterInternal(SentryUserFilter.java:56)
	at org.springframework.web.filter.OncePerRequestFilter.doFilter(OncePerRequestFilter.java:116)
	at org.springframework.test.web.servlet.setup.MockMvcFilterDecorator.doFilter(MockMvcFilterDecorator.java:162)
	at org.springframework.mock.web.MockFilterChain.doFilter(MockFilterChain.java:132)
	at org.springframework.web.filter.CompositeFilter$VirtualFilterChain.doFilter(CompositeFilter.java:108)
	at org.springframework.security.web.FilterChainProxy.lambda$doFilterInternal$3(FilterChainProxy.java:231)
	at org.springframework.security.web.ObservationFilterChainDecorator$FilterObservation$SimpleFilterObservation.lambda$wrap$1(ObservationFilterChainDecorator.java:479)
	at org.springframework.security.web.ObservationFilterChainDecorator$AroundFilterObservation$SimpleAroundFilterObservation.lambda$wrap$1(ObservationFilterChainDecorator.java:340)
	at org.springframework.security.web.ObservationFilterChainDecorator.lambda$wrapSecured$0(ObservationFilterChainDecorator.java:82)
	at org.springframework.security.web.ObservationFilterChainDecorator$VirtualFilterChain.doFilter(ObservationFilterChainDecorator.java:128)
	at org.springframework.security.web.access.intercept.AuthorizationFilter.doFilter(AuthorizationFilter.java:101)
	at org.springframework.security.web.ObservationFilterChainDecorator$ObservationFilter.wrapFilter(ObservationFilterChainDecorator.java:240)
	at org.springframework.security.web.ObservationFilterChainDecorator$ObservationFilter.doFilter(ObservationFilterChainDecorator.java:227)
	at org.springframework.security.web.ObservationFilterChainDecorator$VirtualFilterChain.doFilter(ObservationFilterChainDecorator.java:137)
	at org.springframework.security.web.access.ExceptionTranslationFilter.doFilter(ExceptionTranslationFilter.java:126)
	at org.springframework.security.web.access.ExceptionTranslationFilter.doFilter(ExceptionTranslationFilter.java:120)
	at org.springframework.security.web.ObservationFilterChainDecorator$ObservationFilter.wrapFilter(ObservationFilterChainDecorator.java:240)
	at org.springframework.security.web.ObservationFilterChainDecorator$ObservationFilter.doFilter(ObservationFilterChainDecorator.java:227)
	at org.springframework.security.web.ObservationFilterChainDecorator$VirtualFilterChain.doFilter(ObservationFilterChainDecorator.java:137)
	at org.springframework.security.web.session.SessionManagementFilter.doFilter(SessionManagementFilter.java:131)
	at org.springframework.security.web.session.SessionManagementFilter.doFilter(SessionManagementFilter.java:85)
	at org.springframework.security.web.ObservationFilterChainDecorator$ObservationFilter.wrapFilter(ObservationFilterChainDecorator.java:240)
	at org.springframework.security.web.ObservationFilterChainDecorator$ObservationFilter.doFilter(ObservationFilterChainDecorator.java:227)
	at org.springframework.security.web.ObservationFilterChainDecorator$VirtualFilterChain.doFilter(ObservationFilterChainDecorator.java:137)
	at org.springframework.security.web.authentication.AnonymousAuthenticationFilter.doFilter(AnonymousAuthenticationFilter.java:100)
	at org.springframework.security.web.ObservationFilterChainDecorator$ObservationFilter.wrapFilter(ObservationFilterChainDecorator.java:240)
	at org.springframework.security.web.ObservationFilterChainDecorator$ObservationFilter.doFilter(ObservationFilterChainDecorator.java:227)
	at org.springframework.security.web.ObservationFilterChainDecorator$VirtualFilterChain.doFilter(ObservationFilterChainDecorator.java:137)
	at org.springframework.security.web.servletapi.SecurityContextHolderAwareRequestFilter.doFilter(SecurityContextHolderAwareRequestFilter.java:179)
	at org.springframework.security.web.ObservationFilterChainDecorator$ObservationFilter.wrapFilter(ObservationFilterChainDecorator.java:240)
	at org.springframework.security.web.ObservationFilterChainDecorator$ObservationFilter.doFilter(ObservationFilterChainDecorator.java:227)
	at org.springframework.security.web.ObservationFilterChainDecorator$VirtualFilterChain.doFilter(ObservationFilterChainDecorator.java:137)
	at org.springframework.security.web.savedrequest.RequestCacheAwareFilter.doFilter(RequestCacheAwareFilter.java:63)
	at org.springframework.security.web.ObservationFilterChainDecorator$ObservationFilter.wrapFilter(ObservationFilterChainDecorator.java:240)
	at org.springframework.security.web.ObservationFilterChainDecorator$ObservationFilter.doFilter(ObservationFilterChainDecorator.java:227)
	at org.springframework.security.web.ObservationFilterChainDecorator$VirtualFilterChain.doFilter(ObservationFilterChainDecorator.java:137)
	at de.tum.cit.aet.artemis.core.security.filter.SpaWebFilter.doFilterInternal(SpaWebFilter.java:23)
	at org.springframework.web.filter.OncePerRequestFilter.doFilter(OncePerRequestFilter.java:116)
	at org.springframework.security.web.ObservationFilterChainDecorator$ObservationFilter.wrapFilter(ObservationFilterChainDecorator.java:240)
	at org.springframework.security.web.ObservationFilterChainDecorator$ObservationFilter.doFilter(ObservationFilterChainDecorator.java:227)
	at org.springframework.security.web.ObservationFilterChainDecorator$VirtualFilterChain.doFilter(ObservationFilterChainDecorator.java:137)
	at org.springframework.web.filter.OncePerRequestFilter.doFilter(OncePerRequestFilter.java:110)
	at org.springframework.security.web.ObservationFilterChainDecorator$ObservationFilter.wrapFilter(ObservationFilterChainDecorator.java:240)
	at org.springframework.security.web.ObservationFilterChainDecorator$ObservationFilter.doFilter(ObservationFilterChainDecorator.java:227)
	at org.springframework.security.web.ObservationFilterChainDecorator$VirtualFilterChain.doFilter(ObservationFilterChainDecorator.java:137)
	at de.tum.cit.aet.artemis.lti.config.Lti13LaunchFilter.doFilterInternal(Lti13LaunchFilter.java:60)
	at org.springframework.web.filter.OncePerRequestFilter.doFilter(OncePerRequestFilter.java:116)
	at org.springframework.security.web.ObservationFilterChainDecorator$ObservationFilter.wrapFilter(ObservationFilterChainDecorator.java:240)
	at org.springframework.security.web.ObservationFilterChainDecorator$ObservationFilter.doFilter(ObservationFilterChainDecorator.java:227)
	at org.springframework.security.web.ObservationFilterChainDecorator$VirtualFilterChain.doFilter(ObservationFilterChainDecorator.java:137)
	at de.tum.cit.aet.artemis.core.security.jwt.JWTFilter.doFilter(JWTFilter.java:55)
	at org.springframework.security.web.ObservationFilterChainDecorator$ObservationFilter.wrapFilter(ObservationFilterChainDecorator.java:240)
	at org.springframework.security.web.ObservationFilterChainDecorator$ObservationFilter.doFilter(ObservationFilterChainDecorator.java:227)
	at org.springframework.security.web.ObservationFilterChainDecorator$VirtualFilterChain.doFilter(ObservationFilterChainDecorator.java:137)
	at de.tum.cit.aet.artemis.core.security.jwt.JWTFilter.doFilter(JWTFilter.java:55)
	at org.springframework.security.web.ObservationFilterChainDecorator$ObservationFilter.wrapFilter(ObservationFilterChainDecorator.java:240)
	at org.springframework.security.web.ObservationFilterChainDecorator$ObservationFilter.doFilter(ObservationFilterChainDecorator.java:227)
	at org.springframework.security.web.ObservationFilterChainDecorator$VirtualFilterChain.doFilter(ObservationFilterChainDecorator.java:137)
	at org.springframework.web.filter.CorsFilter.doFilterInternal(CorsFilter.java:91)
	at org.springframework.web.filter.OncePerRequestFilter.doFilter(OncePerRequestFilter.java:116)
	at org.springframework.security.web.ObservationFilterChainDecorator$ObservationFilter.wrapFilter(ObservationFilterChainDecorator.java:240)
	at org.springframework.security.web.ObservationFilterChainDecorator$ObservationFilter.doFilter(ObservationFilterChainDecorator.java:227)
	at org.springframework.security.web.ObservationFilterChainDecorator$VirtualFilterChain.doFilter(ObservationFilterChainDecorator.java:137)
	at org.springframework.web.filter.OncePerRequestFilter.doFilter(OncePerRequestFilter.java:110)
	at org.springframework.security.web.ObservationFilterChainDecorator$ObservationFilter.wrapFilter(ObservationFilterChainDecorator.java:240)
	at org.springframework.security.web.ObservationFilterChainDecorator$ObservationFilter.doFilter(ObservationFilterChainDecorator.java:227)
	at org.springframework.security.web.ObservationFilterChainDecorator$VirtualFilterChain.doFilter(ObservationFilterChainDecorator.java:137)
	at uk.ac.ox.ctl.lti13.security.oauth2.client.lti.web.OAuth2AuthorizationRequestRedirectFilter.doFilterInternal(OAuth2AuthorizationRequestRedirectFilter.java:142)
	at org.springframework.web.filter.OncePerRequestFilter.doFilter(OncePerRequestFilter.java:116)
	at org.springframework.security.web.ObservationFilterChainDecorator$ObservationFilter.wrapFilter(ObservationFilterChainDecorator.java:240)
	at org.springframework.security.web.ObservationFilterChainDecorator$ObservationFilter.doFilter(ObservationFilterChainDecorator.java:227)
	at org.springframework.security.web.ObservationFilterChainDecorator$VirtualFilterChain.doFilter(ObservationFilterChainDecorator.java:137)
	at org.springframework.security.web.authentication.logout.LogoutFilter.doFilter(LogoutFilter.java:107)
	at org.springframework.security.web.authentication.logout.LogoutFilter.doFilter(LogoutFilter.java:93)
	at org.springframework.security.web.ObservationFilterChainDecorator$ObservationFilter.wrapFilter(ObservationFilterChainDecorator.java:240)
	at org.springframework.security.web.ObservationFilterChainDecorator$ObservationFilter.doFilter(ObservationFilterChainDecorator.java:227)
	at org.springframework.security.web.ObservationFilterChainDecorator$VirtualFilterChain.doFilter(ObservationFilterChainDecorator.java:137)
	at org.springframework.security.web.header.HeaderWriterFilter.doHeadersAfter(HeaderWriterFilter.java:90)
	at org.springframework.security.web.header.HeaderWriterFilter.doFilterInternal(HeaderWriterFilter.java:75)
	at org.springframework.web.filter.OncePerRequestFilter.doFilter(OncePerRequestFilter.java:116)
	at org.springframework.security.web.ObservationFilterChainDecorator$ObservationFilter.wrapFilter(ObservationFilterChainDecorator.java:240)
	at org.springframework.security.web.ObservationFilterChainDecorator$ObservationFilter.doFilter(ObservationFilterChainDecorator.java:227)
	at org.springframework.security.web.ObservationFilterChainDecorator$VirtualFilterChain.doFilter(ObservationFilterChainDecorator.java:137)
	at org.springframework.security.web.context.SecurityContextHolderFilter.doFilter(SecurityContextHolderFilter.java:82)
	at org.springframework.security.web.context.SecurityContextHolderFilter.doFilter(SecurityContextHolderFilter.java:69)
	at org.springframework.security.web.ObservationFilterChainDecorator$ObservationFilter.wrapFilter(ObservationFilterChainDecorator.java:240)
	at org.springframework.security.web.ObservationFilterChainDecorator$ObservationFilter.doFilter(ObservationFilterChainDecorator.java:227)
	at org.springframework.security.web.ObservationFilterChainDecorator$VirtualFilterChain.doFilter(ObservationFilterChainDecorator.java:137)
	at org.springframework.security.web.context.request.async.WebAsyncManagerIntegrationFilter.doFilterInternal(WebAsyncManagerIntegrationFilter.java:62)
	at org.springframework.web.filter.OncePerRequestFilter.doFilter(OncePerRequestFilter.java:116)
	at org.springframework.security.web.ObservationFilterChainDecorator$ObservationFilter.wrapFilter(ObservationFilterChainDecorator.java:240)
	at org.springframework.security.web.ObservationFilterChainDecorator$ObservationFilter.doFilter(ObservationFilterChainDecorator.java:227)
	at org.springframework.security.web.ObservationFilterChainDecorator$VirtualFilterChain.doFilter(ObservationFilterChainDecorator.java:137)
	at org.springframework.security.web.session.DisableEncodeUrlFilter.doFilterInternal(DisableEncodeUrlFilter.java:42)
	at org.springframework.web.filter.OncePerRequestFilter.doFilter(OncePerRequestFilter.java:116)
	at org.springframework.security.web.ObservationFilterChainDecorator$ObservationFilter.wrapFilter(ObservationFilterChainDecorator.java:240)
	at org.springframework.security.web.ObservationFilterChainDecorator$AroundFilterObservation$SimpleAroundFilterObservation.lambda$wrap$0(ObservationFilterChainDecorator.java:323)
	at org.springframework.security.web.ObservationFilterChainDecorator$ObservationFilter.doFilter(ObservationFilterChainDecorator.java:224)
	at org.springframework.security.web.ObservationFilterChainDecorator$VirtualFilterChain.doFilter(ObservationFilterChainDecorator.java:137)
	at org.springframework.security.web.FilterChainProxy.doFilterInternal(FilterChainProxy.java:233)
	at org.springframework.security.web.FilterChainProxy.doFilter(FilterChainProxy.java:191)
	at org.springframework.web.filter.CompositeFilter$VirtualFilterChain.doFilter(CompositeFilter.java:113)
	at org.springframework.web.servlet.handler.HandlerMappingIntrospector.lambda$createCacheFilter$3(HandlerMappingIntrospector.java:243)
	at org.springframework.web.filter.CompositeFilter$VirtualFilterChain.doFilter(CompositeFilter.java:113)
	at org.springframework.web.filter.CompositeFilter.doFilter(CompositeFilter.java:74)
	at org.springframework.security.config.annotation.web.configuration.WebMvcSecurityConfiguration$CompositeFilterChainProxy.doFilter(WebMvcSecurityConfiguration.java:238)
	at org.springframework.web.filter.DelegatingFilterProxy.invokeDelegate(DelegatingFilterProxy.java:362)
	at org.springframework.web.filter.DelegatingFilterProxy.doFilter(DelegatingFilterProxy.java:278)
	at org.springframework.test.web.servlet.setup.MockMvcFilterDecorator.doFilter(MockMvcFilterDecorator.java:162)
	at org.springframework.mock.web.MockFilterChain.doFilter(MockFilterChain.java:132)
	at org.springframework.web.filter.RequestContextFilter.doFilterInternal(RequestContextFilter.java:100)
	at org.springframework.web.filter.OncePerRequestFilter.doFilter(OncePerRequestFilter.java:116)
	at org.springframework.test.web.servlet.setup.MockMvcFilterDecorator.doFilter(MockMvcFilterDecorator.java:162)
	at org.springframework.mock.web.MockFilterChain.doFilter(MockFilterChain.java:132)
	at org.springframework.web.filter.FormContentFilter.doFilterInternal(FormContentFilter.java:93)
	at org.springframework.web.filter.OncePerRequestFilter.doFilter(OncePerRequestFilter.java:116)
	at org.springframework.test.web.servlet.setup.MockMvcFilterDecorator.doFilter(MockMvcFilterDecorator.java:162)
	at org.springframework.mock.web.MockFilterChain.doFilter(MockFilterChain.java:132)
	at org.springframework.web.filter.ServerHttpObservationFilter.doFilterInternal(ServerHttpObservationFilter.java:114)
	at org.springframework.web.filter.OncePerRequestFilter.doFilter(OncePerRequestFilter.java:116)
	at org.springframework.test.web.servlet.setup.MockMvcFilterDecorator.doFilter(MockMvcFilterDecorator.java:162)
	at org.springframework.mock.web.MockFilterChain.doFilter(MockFilterChain.java:132)
	at io.sentry.spring.jakarta.tracing.SentryTracingFilter.doFilterInternal(SentryTracingFilter.java:91)
	at org.springframework.web.filter.OncePerRequestFilter.doFilter(OncePerRequestFilter.java:116)
	at org.springframework.test.web.servlet.setup.MockMvcFilterDecorator.doFilter(MockMvcFilterDecorator.java:162)
	at org.springframework.mock.web.MockFilterChain.doFilter(MockFilterChain.java:132)
	at org.springframework.web.filter.CharacterEncodingFilter.doFilterInternal(CharacterEncodingFilter.java:201)
	at org.springframework.web.filter.OncePerRequestFilter.doFilter(OncePerRequestFilter.java:116)
	at org.springframework.test.web.servlet.setup.MockMvcFilterDecorator.doFilter(MockMvcFilterDecorator.java:162)
	at org.springframework.mock.web.MockFilterChain.doFilter(MockFilterChain.java:132)
	at io.sentry.spring.jakarta.SentrySpringFilter.doFilterInternal(SentrySpringFilter.java:76)
	at org.springframework.web.filter.OncePerRequestFilter.doFilter(OncePerRequestFilter.java:116)
	at org.springframework.test.web.servlet.setup.MockMvcFilterDecorator.doFilter(MockMvcFilterDecorator.java:162)
	at org.springframework.mock.web.MockFilterChain.doFilter(MockFilterChain.java:132)
	at org.springframework.test.web.servlet.MockMvc.perform(MockMvc.java:201)
	at de.tum.cit.aet.artemis.core.util.RequestUtilService.performMvcRequest(RequestUtilService.java:79)
	at de.tum.cit.aet.artemis.core.util.RequestUtilService.postWithoutLocation(RequestUtilService.java:213)
	at de.tum.cit.aet.artemis.core.util.RequestUtilService.postWithoutLocation(RequestUtilService.java:199)
	at de.tum.cit.aet.artemis.programming.ProgrammingSubmissionAndResultGitlabJenkinsIntegrationTest.postResult(ProgrammingSubmissionAndResultGitlabJenkinsIntegrationTest.java:413)
	at de.tum.cit.aet.artemis.programming.ProgrammingSubmissionAndResultGitlabJenkinsIntegrationTest.shouldSaveBuildLogsOnStudentParticipationWithoutSubmissionNorResult(ProgrammingSubmissionAndResultGitlabJenkinsIntegrationTest.java:338)
	at java.base/jdk.internal.reflect.DirectMethodHandleAccessor.invoke(DirectMethodHandleAccessor.java:103)
	at java.base/java.lang.reflect.Method.invoke(Method.java:580)
	at org.junit.platform.commons.util.ReflectionUtils.invokeMethod(ReflectionUtils.java:767)
	at org.junit.jupiter.engine.execution.MethodInvocation.proceed(MethodInvocation.java:60)
	at org.junit.jupiter.engine.execution.InvocationInterceptorChain$ValidatingInvocation.proceed(InvocationInterceptorChain.java:131)
	at org.junit.jupiter.engine.extension.TimeoutExtension.intercept(TimeoutExtension.java:156)
	at org.junit.jupiter.engine.extension.TimeoutExtension.interceptTestableMethod(TimeoutExtension.java:147)
	at org.junit.jupiter.engine.extension.TimeoutExtension.interceptTestTemplateMethod(TimeoutExtension.java:94)
	at org.junit.jupiter.engine.execution.InterceptingExecutableInvoker$ReflectiveInterceptorCall.lambda$ofVoidMethod$0(InterceptingExecutableInvoker.java:103)
	at org.junit.jupiter.engine.execution.InterceptingExecutableInvoker.lambda$invoke$0(InterceptingExecutableInvoker.java:93)
	at org.junit.jupiter.engine.execution.InvocationInterceptorChain$InterceptedInvocation.proceed(InvocationInterceptorChain.java:106)
	at org.junit.jupiter.engine.execution.InvocationInterceptorChain.proceed(InvocationInterceptorChain.java:64)
	at org.junit.jupiter.engine.execution.InvocationInterceptorChain.chainAndInvoke(InvocationInterceptorChain.java:45)
	at org.junit.jupiter.engine.execution.InvocationInterceptorChain.invoke(InvocationInterceptorChain.java:37)
	at org.junit.jupiter.engine.execution.InterceptingExecutableInvoker.invoke(InterceptingExecutableInvoker.java:92)
	at org.junit.jupiter.engine.execution.InterceptingExecutableInvoker.invoke(InterceptingExecutableInvoker.java:86)
	at org.junit.jupiter.engine.descriptor.TestMethodTestDescriptor.lambda$invokeTestMethod$8(TestMethodTestDescriptor.java:217)
	at org.junit.platform.engine.support.hierarchical.ThrowableCollector.execute(ThrowableCollector.java:73)
	at org.junit.jupiter.engine.descriptor.TestMethodTestDescriptor.invokeTestMethod(TestMethodTestDescriptor.java:213)
	at org.junit.jupiter.engine.descriptor.TestMethodTestDescriptor.execute(TestMethodTestDescriptor.java:138)
	at org.junit.jupiter.engine.descriptor.TestMethodTestDescriptor.execute(TestMethodTestDescriptor.java:68)
	at org.junit.platform.engine.support.hierarchical.NodeTestTask.lambda$executeRecursively$6(NodeTestTask.java:156)
	at org.junit.platform.engine.support.hierarchical.ThrowableCollector.execute(ThrowableCollector.java:73)
	at org.junit.platform.engine.support.hierarchical.NodeTestTask.lambda$executeRecursively$8(NodeTestTask.java:146)
	at org.junit.platform.engine.support.hierarchical.Node.around(Node.java:137)
	at org.junit.platform.engine.support.hierarchical.NodeTestTask.lambda$executeRecursively$9(NodeTestTask.java:144)
	at org.junit.platform.engine.support.hierarchical.ThrowableCollector.execute(ThrowableCollector.java:73)
	at org.junit.platform.engine.support.hierarchical.NodeTestTask.executeRecursively(NodeTestTask.java:143)
	at org.junit.platform.engine.support.hierarchical.NodeTestTask.execute(NodeTestTask.java:100)
	at org.junit.platform.engine.support.hierarchical.ForkJoinPoolHierarchicalTestExecutorService$ExclusiveTask.exec(ForkJoinPoolHierarchicalTestExecutorService.java:274)
	at org.junit.platform.engine.support.hierarchical.ForkJoinPoolHierarchicalTestExecutorService$ExclusiveTask.execSync(ForkJoinPoolHierarchicalTestExecutorService.java:247)
	at org.junit.platform.engine.support.hierarchical.ForkJoinPoolHierarchicalTestExecutorService.submit(ForkJoinPoolHierarchicalTestExecutorService.java:148)
	at org.junit.platform.engine.support.hierarchical.NodeTestTask$DefaultDynamicTestExecutor.execute(NodeTestTask.java:231)
	at org.junit.platform.engine.support.hierarchical.NodeTestTask$DefaultDynamicTestExecutor.execute(NodeTestTask.java:209)
	at org.junit.jupiter.engine.descriptor.TestTemplateTestDescriptor.execute(TestTemplateTestDescriptor.java:141)
	at org.junit.jupiter.engine.descriptor.TestTemplateTestDescriptor.lambda$execute$3(TestTemplateTestDescriptor.java:109)
	at java.base/java.util.stream.ForEachOps$ForEachOp$OfRef.accept(ForEachOps.java:184)
	at java.base/java.util.stream.ReferencePipeline$3$1.accept(ReferencePipeline.java:197)
	at java.base/java.util.stream.ReferencePipeline$2$1.accept(ReferencePipeline.java:179)
	at java.base/java.util.stream.ReferencePipeline$3$1.accept(ReferencePipeline.java:197)
	at java.base/java.util.stream.ForEachOps$ForEachOp$OfRef.accept(ForEachOps.java:184)
	at java.base/java.util.stream.ReferencePipeline$3$1.accept(ReferencePipeline.java:197)
	at java.base/java.util.stream.ForEachOps$ForEachOp$OfRef.accept(ForEachOps.java:184)
	at java.base/java.util.stream.ForEachOps$ForEachOp$OfRef.accept(ForEachOps.java:184)
	at java.base/java.util.stream.ReferencePipeline$3$1.accept(ReferencePipeline.java:197)
	at java.base/java.util.stream.ForEachOps$ForEachOp$OfRef.accept(ForEachOps.java:184)
	at java.base/java.util.Spliterators$ArraySpliterator.forEachRemaining(Spliterators.java:1024)
	at java.base/java.util.stream.ReferencePipeline$Head.forEach(ReferencePipeline.java:762)
	at java.base/java.util.stream.ReferencePipeline$7$1.accept(ReferencePipeline.java:276)
	at java.base/java.util.Iterator.forEachRemaining(Iterator.java:133)
	at java.base/java.util.Spliterators$IteratorSpliterator.forEachRemaining(Spliterators.java:1939)
	at java.base/java.util.stream.AbstractPipeline.copyInto(AbstractPipeline.java:509)
	at java.base/java.util.stream.AbstractPipeline.wrapAndCopyInto(AbstractPipeline.java:499)
	at java.base/java.util.stream.ForEachOps$ForEachOp.evaluateSequential(ForEachOps.java:151)
	at java.base/java.util.stream.ForEachOps$ForEachOp$OfRef.evaluateSequential(ForEachOps.java:174)
	at java.base/java.util.stream.AbstractPipeline.evaluate(AbstractPipeline.java:234)
	at java.base/java.util.stream.ReferencePipeline.forEach(ReferencePipeline.java:596)
	at java.base/java.util.stream.ReferencePipeline$7$1.accept(ReferencePipeline.java:276)
	at java.base/java.util.stream.ReferencePipeline$3$1.accept(ReferencePipeline.java:197)
	at java.base/java.util.stream.ReferencePipeline$3$1.accept(ReferencePipeline.java:197)
	at java.base/java.util.stream.ReferencePipeline$3$1.accept(ReferencePipeline.java:197)
	at java.base/java.util.Spliterators$ArraySpliterator.forEachRemaining(Spliterators.java:1024)
	at java.base/java.util.stream.AbstractPipeline.copyInto(AbstractPipeline.java:509)
	at java.base/java.util.stream.AbstractPipeline.wrapAndCopyInto(AbstractPipeline.java:499)
	at java.base/java.util.stream.ForEachOps$ForEachOp.evaluateSequential(ForEachOps.java:151)
	at java.base/java.util.stream.ForEachOps$ForEachOp$OfRef.evaluateSequential(ForEachOps.java:174)
	at java.base/java.util.stream.AbstractPipeline.evaluate(AbstractPipeline.java:234)
	at java.base/java.util.stream.ReferencePipeline.forEach(ReferencePipeline.java:596)
	at java.base/java.util.stream.ReferencePipeline$7$1.accept(ReferencePipeline.java:276)
	at java.base/java.util.ArrayList$ArrayListSpliterator.forEachRemaining(ArrayList.java:1708)
	at java.base/java.util.stream.AbstractPipeline.copyInto(AbstractPipeline.java:509)
	at java.base/java.util.stream.AbstractPipeline.wrapAndCopyInto(AbstractPipeline.java:499)
	at java.base/java.util.stream.ForEachOps$ForEachOp.evaluateSequential(ForEachOps.java:151)
	at java.base/java.util.stream.ForEachOps$ForEachOp$OfRef.evaluateSequential(ForEachOps.java:174)
	at java.base/java.util.stream.AbstractPipeline.evaluate(AbstractPipeline.java:234)
	at java.base/java.util.stream.ReferencePipeline.forEach(ReferencePipeline.java:596)
	at java.base/java.util.stream.ReferencePipeline$7$1.accept(ReferencePipeline.java:276)
	at java.base/java.util.stream.ReferencePipeline$3$1.accept(ReferencePipeline.java:197)
	at java.base/java.util.stream.ReferencePipeline$3$1.accept(ReferencePipeline.java:197)
	at java.base/java.util.stream.ReferencePipeline$3$1.accept(ReferencePipeline.java:197)
	at java.base/java.util.ArrayList$ArrayListSpliterator.forEachRemaining(ArrayList.java:1708)
	at java.base/java.util.stream.AbstractPipeline.copyInto(AbstractPipeline.java:509)
	at java.base/java.util.stream.AbstractPipeline.wrapAndCopyInto(AbstractPipeline.java:499)
	at java.base/java.util.stream.ForEachOps$ForEachOp.evaluateSequential(ForEachOps.java:151)
	at java.base/java.util.stream.ForEachOps$ForEachOp$OfRef.evaluateSequential(ForEachOps.java:174)
	at java.base/java.util.stream.AbstractPipeline.evaluate(AbstractPipeline.java:234)
	at java.base/java.util.stream.ReferencePipeline.forEach(ReferencePipeline.java:596)
	at java.base/java.util.stream.ReferencePipeline$7$1.accept(ReferencePipeline.java:276)
	at java.base/java.util.ArrayList$ArrayListSpliterator.forEachRemaining(ArrayList.java:1708)
	at java.base/java.util.stream.AbstractPipeline.copyInto(AbstractPipeline.java:509)
	at java.base/java.util.stream.AbstractPipeline.wrapAndCopyInto(AbstractPipeline.java:499)
	at java.base/java.util.stream.ForEachOps$ForEachOp.evaluateSequential(ForEachOps.java:151)
	at java.base/java.util.stream.ForEachOps$ForEachOp$OfRef.evaluateSequential(ForEachOps.java:174)
	at java.base/java.util.stream.AbstractPipeline.evaluate(AbstractPipeline.java:234)
	at java.base/java.util.stream.ReferencePipeline.forEach(ReferencePipeline.java:596)
	at org.junit.jupiter.engine.descriptor.TestTemplateTestDescriptor.execute(TestTemplateTestDescriptor.java:109)
	at org.junit.jupiter.engine.descriptor.TestTemplateTestDescriptor.execute(TestTemplateTestDescriptor.java:43)
	at org.junit.platform.engine.support.hierarchical.NodeTestTask.lambda$executeRecursively$6(NodeTestTask.java:156)
	at org.junit.platform.engine.support.hierarchical.ThrowableCollector.execute(ThrowableCollector.java:73)
	at org.junit.platform.engine.support.hierarchical.NodeTestTask.lambda$executeRecursively$8(NodeTestTask.java:146)
	at org.junit.platform.engine.support.hierarchical.Node.around(Node.java:137)
	at org.junit.platform.engine.support.hierarchical.NodeTestTask.lambda$executeRecursively$9(NodeTestTask.java:144)
	at org.junit.platform.engine.support.hierarchical.ThrowableCollector.execute(ThrowableCollector.java:73)
	at org.junit.platform.engine.support.hierarchical.NodeTestTask.executeRecursively(NodeTestTask.java:143)
	at org.junit.platform.engine.support.hierarchical.NodeTestTask.execute(NodeTestTask.java:100)
	at org.junit.platform.engine.support.hierarchical.ForkJoinPoolHierarchicalTestExecutorService$ExclusiveTask.exec(ForkJoinPoolHierarchicalTestExecutorService.java:274)
	at org.junit.platform.engine.support.hierarchical.ForkJoinPoolHierarchicalTestExecutorService$ExclusiveTask.execSync(ForkJoinPoolHierarchicalTestExecutorService.java:247)
	at org.junit.platform.engine.support.hierarchical.ForkJoinPoolHierarchicalTestExecutorService.executeSync(ForkJoinPoolHierarchicalTestExecutorService.java:194)
	at org.junit.platform.engine.support.hierarchical.ForkJoinPoolHierarchicalTestExecutorService.invokeAll(ForkJoinPoolHierarchicalTestExecutorService.java:166)
	at org.junit.platform.engine.support.hierarchical.NodeTestTask.lambda$executeRecursively$6(NodeTestTask.java:160)
	at org.junit.platform.engine.support.hierarchical.ThrowableCollector.execute(ThrowableCollector.java:73)
	at org.junit.platform.engine.support.hierarchical.NodeTestTask.lambda$executeRecursively$8(NodeTestTask.java:146)
	at org.junit.platform.engine.support.hierarchical.Node.around(Node.java:137)
	at org.junit.platform.engine.support.hierarchical.NodeTestTask.lambda$executeRecursively$9(NodeTestTask.java:144)
	at org.junit.platform.engine.support.hierarchical.ThrowableCollector.execute(ThrowableCollector.java:73)
	at org.junit.platform.engine.support.hierarchical.NodeTestTask.executeRecursively(NodeTestTask.java:143)
	at org.junit.platform.engine.support.hierarchical.NodeTestTask.execute(NodeTestTask.java:100)
	at org.junit.platform.engine.support.hierarchical.ForkJoinPoolHierarchicalTestExecutorService$ExclusiveTask.exec(ForkJoinPoolHierarchicalTestExecutorService.java:274)
	at java.base/java.util.concurrent.ForkJoinTask.doExec(ForkJoinTask.java:387)
	at java.base/java.util.concurrent.ForkJoinPool$WorkQueue.topLevelExec(ForkJoinPool.java:1312)
	at java.base/java.util.concurrent.ForkJoinPool.scan(ForkJoinPool.java:1843)
	at java.base/java.util.concurrent.ForkJoinPool.runWorker(ForkJoinPool.java:1808)
	at java.base/java.util.concurrent.ForkJoinWorkerThread.run(ForkJoinWorkerThread.java:188)
    23:48:51.416 | 463 ool-1-worker-227 | DEBUG | .c.s.m.InstanceMessageReceiveService : Received schedule participant score for exercise 3244 and participant 773 (result to be deleted: null)
    23:48:51.416 | 463 ool-1-worker-227 | DEBUG | .a.s.ParticipantScoreScheduleService : Scheduled task for exercise 3244 and participant 773 at 2025-02-14T23:48:51.516782460Z[Etc/UTC].
    23:48:51.417 | 463 ool-1-worker-227 | DEBUG | .a.a.p.s.ProgrammingMessagingService : Send result to client over websocket. Result: Result{id791, completionDate=2025-02-14T23:48:51.391813300Z, successful=false, score=0.0, rated=true, assessmentType=AUTOMATIC, hasComplaint=null, testCaseCount=0, passedTestCaseCount=0, codeIssueCount=0}, Submission: ProgrammingSubmission{commitHash='9b3a9bd71a0d80e5bbc42204c319ed3d1d4f0d6d', buildFailed=true, buildArtifact=false, type=MANUAL}, Participation: ProgrammingExerciseStudentParticipation{id=4044, repositoryUri='https://version-control.fake.fake/git/SHORT7989377A02E3A0448B088D50DFDF9C27A312TSTEXC/short7989377a02e3a0448b088d50dfdf9c27a312tstexc-progsubresgitlabjenstudent1.git', buildPlanId='SHORT7989377A02E3A0448B088D50DFDF9C27A312TSTEXC-PROGSUBRESGITLABJENSTUDENT1', initializationState='INITIALIZED', initializationDate='2025-02-14T23:48:51.390154Z', individualDueDate=null', presentationScore=null}
    23:48:51.419 | 463 ool-1-worker-227 | INFO  | d.t.c.a.a.a.w.o.PublicResultResource : The new result for SHORT7989377A02E3A0448B088D50DFDF9C27A312TSTEXC-PROGSUBRESGITLABJENSTUDENT1 was saved successfully
    23:48:51.422 | 463 ool-1-worker-227 | DEBUG | d.t.c.a.a.c.s.f.ApiVersionFilter     : Adding Version to Request GET /api/repository/4044/buildlogs
    23:48:51.423 | 463 ool-1-worker-227 | DEBUG | rammingExerciseParticipationResource : REST request to get build log : 4044

  Starting logs for ProgrammingSubmissionAndResultGitlabJenkinsIntegrationTest > shouldSaveBuildLogsOnStudentParticipationWithoutSubmissionNorResult(ProgrammingLanguage, boolean) [23] programmingLanguage=KOTLIN, enableStaticCodeAnalysis=true
    23:48:51.435 | 463 ool-1-worker-227 | DEBUG | d.t.c.a.a.c.u.util.UserUtilService   : Generate 3 students...
    23:48:51.439 | 463 ool-1-worker-227 | DEBUG | d.t.c.a.a.c.u.util.UserUtilService   : 3 students generated. Generate 2 tutors...
    23:48:51.442 | 463 ool-1-worker-227 | DEBUG | d.t.c.a.a.c.u.util.UserUtilService   : 2 tutors generated. Generate 0 editors...
    23:48:51.443 | 463 ool-1-worker-227 | DEBUG | d.t.c.a.a.c.u.util.UserUtilService   : 0 editors generated. Generate 2 instructors...
    23:48:51.446 | 463 ool-1-worker-227 | DEBUG | d.t.c.a.a.c.u.util.UserUtilService   : 2 instructors generated
    23:48:51.447 | 463 ool-1-worker-227 | DEBUG | d.t.c.a.a.c.u.util.UserUtilService   : Removing 7 users from all courses...
    23:48:51.448 | 463 ool-1-worker-227 | DEBUG | d.t.c.a.a.c.u.util.UserUtilService   : Removing 7 users from all courses. Done
    23:48:51.448 | 463 ool-1-worker-227 | DEBUG | d.t.c.a.a.c.u.util.UserUtilService   : Save 7 users to database...
    23:48:51.451 | 463 ool-1-worker-227 | DEBUG | d.t.c.a.a.c.u.util.UserUtilService   : Save 7 users to database. Done
    23:48:51.465 | 463 ool-1-worker-227 | DEBUG | PersonalAccessTokenManagementService : Generate secure vcs access token
    23:48:51.468 | 463 ool-1-worker-227 | DEBUG | PersonalAccessTokenManagementService : Generate secure vcs access token
    23:48:51.469 | 463 ool-1-worker-227 | INFO  | i.z.t.d.l.EmbeddedDatabaseReporter   : JDBC URL to connect to 'dataSource': url='jdbc:h2:tcp://localhost:41063/mem:736625c0-cf5e-400d-aeaa-8a7eabd6262b;USER=sa', scope='ProgrammingSubmissionAndResultGitlabJenkinsIntegrationTest#shouldSaveBuildLogsOnStudentParticipationWithoutSubmissionNorResult'
    23:48:51.482 | 463 ool-1-worker-227 | DEBUG | PersonalAccessTokenManagementService : Generate secure vcs access token
    23:48:51.485 | 463 ool-1-worker-227 | DEBUG | d.t.c.a.a.c.s.f.ApiVersionFilter     : Adding Version to Request POST /api/public/programming-exercises/new-result
    23:48:51.485 | 463 ool-1-worker-227 | DEBUG | d.t.c.a.a.a.w.o.PublicResultResource : Received result notify (NEW)
    23:48:51.487 | 463 ool-1-worker-227 | INFO  | d.t.c.a.a.a.w.o.PublicResultResource : Artemis received a new result for build plan SHORT1447AF070D2E6044020B9630C6CE3FD93C62TSTEXC-PROGSUBRESGITLABJENSTUDENT1
    23:48:51.489 | 463 ool-1-worker-227 | DEBUG | .s.ProgrammingExerciseGradingService : Received new build result (NEW) for participation 4051
    23:48:51.491 | 463 ool-1-worker-227 | WARN  | .s.ProgrammingExerciseGradingService : Could not find pending ProgrammingSubmission for Commit Hash 9b3a9bd71a0d80e5bbc42204c319ed3d1d4f0d6d (Participation 4051, Build Plan SHORT1447AF070D2E6044020B9630C6CE3FD93C62TSTEXC-PROGSUBRESGITLABJENSTUDENT1). Will create a new one subsequently...
    23:48:51.492 | 463 ool-1-worker-227 | ERROR | .s.ProgrammingExerciseGradingService : Could not retrieve push date for participation 4051 and build plan SHORT1447AF070D2E6044020B9630C6CE3FD93C62TSTEXC-PROGSUBRESGITLABJENSTUDENT1
de.tum.cit.aet.artemis.programming.service.gitlab.GitLabException: Could not find build queue date for participation 4051
	at de.tum.cit.aet.artemis.programming.service.gitlab.GitLabService.getPushDate(GitLabService.java:369)
	at de.tum.cit.aet.artemis.programming.service.gitlab.GitLabService.getPushDate(GitLabService.java:358)
	at de.tum.cit.aet.artemis.programming.service.ProgrammingExerciseGradingService.createAndSaveFallbackSubmission(ProgrammingExerciseGradingService.java:286)
	at de.tum.cit.aet.artemis.programming.service.ProgrammingExerciseGradingService.createAndSaveFallbackSubmission(ProgrammingExerciseGradingService.java:272)
	at de.tum.cit.aet.artemis.programming.service.ProgrammingExerciseGradingService.lambda$processNewProgrammingExerciseResult$0(ProgrammingExerciseGradingService.java:177)
	at java.base/java.util.Optional.orElseGet(Optional.java:364)
	at de.tum.cit.aet.artemis.programming.service.ProgrammingExerciseGradingService.processNewProgrammingExerciseResult(ProgrammingExerciseGradingService.java:177)
	at de.tum.cit.aet.artemis.programming.service.ProgrammingExerciseGradingService.processNewProgrammingExerciseResult(ProgrammingExerciseGradingService.java:156)
	at de.tum.cit.aet.artemis.assessment.web.open.PublicResultResource.processNewProgrammingExerciseResult(PublicResultResource.java:113)
	at java.base/jdk.internal.reflect.DirectMethodHandleAccessor.invoke(DirectMethodHandleAccessor.java:103)
	at java.base/java.lang.reflect.Method.invoke(Method.java:580)
	at org.springframework.aop.support.AopUtils.invokeJoinpointUsingReflection(AopUtils.java:359)
	at org.springframework.aop.framework.ReflectiveMethodInvocation.invokeJoinpoint(ReflectiveMethodInvocation.java:196)
	at org.springframework.aop.framework.ReflectiveMethodInvocation.proceed(ReflectiveMethodInvocation.java:163)
	at org.springframework.security.authorization.method.AuthorizationManagerBeforeMethodInterceptor.proceed(AuthorizationManagerBeforeMethodInterceptor.java:268)
	at org.springframework.security.authorization.method.AuthorizationManagerBeforeMethodInterceptor.attemptAuthorization(AuthorizationManagerBeforeMethodInterceptor.java:263)
	at org.springframework.security.authorization.method.AuthorizationManagerBeforeMethodInterceptor.invoke(AuthorizationManagerBeforeMethodInterceptor.java:196)
	at org.springframework.security.config.annotation.method.configuration.DeferringMethodInterceptor.invoke(DeferringMethodInterceptor.java:44)
	at org.springframework.aop.framework.ReflectiveMethodInvocation.proceed(ReflectiveMethodInvocation.java:184)
	at org.springframework.aop.framework.CglibAopProxy$DynamicAdvisedInterceptor.intercept(CglibAopProxy.java:727)
	at de.tum.cit.aet.artemis.assessment.web.open.PublicResultResource$$SpringCGLIB$$0.processNewProgrammingExerciseResult(<generated>)
	at java.base/jdk.internal.reflect.DirectMethodHandleAccessor.invoke(DirectMethodHandleAccessor.java:103)
	at java.base/java.lang.reflect.Method.invoke(Method.java:580)
	at org.springframework.web.method.support.InvocableHandlerMethod.doInvoke(InvocableHandlerMethod.java:257)
	at org.springframework.web.method.support.InvocableHandlerMethod.invokeForRequest(InvocableHandlerMethod.java:190)
	at org.springframework.web.servlet.mvc.method.annotation.ServletInvocableHandlerMethod.invokeAndHandle(ServletInvocableHandlerMethod.java:118)
	at org.springframework.web.servlet.mvc.method.annotation.RequestMappingHandlerAdapter.invokeHandlerMethod(RequestMappingHandlerAdapter.java:986)
	at org.springframework.web.servlet.mvc.method.annotation.RequestMappingHandlerAdapter.handleInternal(RequestMappingHandlerAdapter.java:891)
	at org.springframework.web.servlet.mvc.method.AbstractHandlerMethodAdapter.handle(AbstractHandlerMethodAdapter.java:87)
	at org.springframework.web.servlet.DispatcherServlet.doDispatch(DispatcherServlet.java:1088)
	at org.springframework.web.servlet.DispatcherServlet.doService(DispatcherServlet.java:978)
	at org.springframework.web.servlet.FrameworkServlet.processRequest(FrameworkServlet.java:1014)
	at org.springframework.web.servlet.FrameworkServlet.doPost(FrameworkServlet.java:914)
	at jakarta.servlet.http.HttpServlet.service(HttpServlet.java:547)
	at org.springframework.web.servlet.FrameworkServlet.service(FrameworkServlet.java:885)
	at org.springframework.test.web.servlet.TestDispatcherServlet.service(TestDispatcherServlet.java:72)
	at jakarta.servlet.http.HttpServlet.service(HttpServlet.java:614)
	at org.springframework.mock.web.MockFilterChain$ServletFilterProxy.doFilter(MockFilterChain.java:165)
	at org.springframework.mock.web.MockFilterChain.doFilter(MockFilterChain.java:132)
	at org.springframework.web.filter.OncePerRequestFilter.doFilter(OncePerRequestFilter.java:110)
	at org.springframework.test.web.servlet.setup.MockMvcFilterDecorator.doFilter(MockMvcFilterDecorator.java:162)
	at org.springframework.mock.web.MockFilterChain.doFilter(MockFilterChain.java:132)
	at de.tum.cit.aet.artemis.core.security.filter.ApiVersionFilter.doFilter(ApiVersionFilter.java:55)
	at org.springframework.test.web.servlet.setup.MockMvcFilterDecorator.doFilter(MockMvcFilterDecorator.java:162)
	at org.springframework.mock.web.MockFilterChain.doFilter(MockFilterChain.java:132)
	at io.sentry.spring.jakarta.SentryUserFilter.doFilterInternal(SentryUserFilter.java:56)
	at org.springframework.web.filter.OncePerRequestFilter.doFilter(OncePerRequestFilter.java:116)
	at org.springframework.test.web.servlet.setup.MockMvcFilterDecorator.doFilter(MockMvcFilterDecorator.java:162)
	at org.springframework.mock.web.MockFilterChain.doFilter(MockFilterChain.java:132)
	at org.springframework.web.filter.CompositeFilter$VirtualFilterChain.doFilter(CompositeFilter.java:108)
	at org.springframework.security.web.FilterChainProxy.lambda$doFilterInternal$3(FilterChainProxy.java:231)
	at org.springframework.security.web.ObservationFilterChainDecorator$FilterObservation$SimpleFilterObservation.lambda$wrap$1(ObservationFilterChainDecorator.java:479)
	at org.springframework.security.web.ObservationFilterChainDecorator$AroundFilterObservation$SimpleAroundFilterObservation.lambda$wrap$1(ObservationFilterChainDecorator.java:340)
	at org.springframework.security.web.ObservationFilterChainDecorator.lambda$wrapSecured$0(ObservationFilterChainDecorator.java:82)
	at org.springframework.security.web.ObservationFilterChainDecorator$VirtualFilterChain.doFilter(ObservationFilterChainDecorator.java:128)
	at org.springframework.security.web.access.intercept.AuthorizationFilter.doFilter(AuthorizationFilter.java:101)
	at org.springframework.security.web.ObservationFilterChainDecorator$ObservationFilter.wrapFilter(ObservationFilterChainDecorator.java:240)
	at org.springframework.security.web.ObservationFilterChainDecorator$ObservationFilter.doFilter(ObservationFilterChainDecorator.java:227)
	at org.springframework.security.web.ObservationFilterChainDecorator$VirtualFilterChain.doFilter(ObservationFilterChainDecorator.java:137)
	at org.springframework.security.web.access.ExceptionTranslationFilter.doFilter(ExceptionTranslationFilter.java:126)
	at org.springframework.security.web.access.ExceptionTranslationFilter.doFilter(ExceptionTranslationFilter.java:120)
	at org.springframework.security.web.ObservationFilterChainDecorator$ObservationFilter.wrapFilter(ObservationFilterChainDecorator.java:240)
	at org.springframework.security.web.ObservationFilterChainDecorator$ObservationFilter.doFilter(ObservationFilterChainDecorator.java:227)
	at org.springframework.security.web.ObservationFilterChainDecorator$VirtualFilterChain.doFilter(ObservationFilterChainDecorator.java:137)
	at org.springframework.security.web.session.SessionManagementFilter.doFilter(SessionManagementFilter.java:131)
	at org.springframework.security.web.session.SessionManagementFilter.doFilter(SessionManagementFilter.java:85)
	at org.springframework.security.web.ObservationFilterChainDecorator$ObservationFilter.wrapFilter(ObservationFilterChainDecorator.java:240)
	at org.springframework.security.web.ObservationFilterChainDecorator$ObservationFilter.doFilter(ObservationFilterChainDecorator.java:227)
	at org.springframework.security.web.ObservationFilterChainDecorator$VirtualFilterChain.doFilter(ObservationFilterChainDecorator.java:137)
	at org.springframework.security.web.authentication.AnonymousAuthenticationFilter.doFilter(AnonymousAuthenticationFilter.java:100)
	at org.springframework.security.web.ObservationFilterChainDecorator$ObservationFilter.wrapFilter(ObservationFilterChainDecorator.java:240)
	at org.springframework.security.web.ObservationFilterChainDecorator$ObservationFilter.doFilter(ObservationFilterChainDecorator.java:227)
	at org.springframework.security.web.ObservationFilterChainDecorator$VirtualFilterChain.doFilter(ObservationFilterChainDecorator.java:137)
	at org.springframework.security.web.servletapi.SecurityContextHolderAwareRequestFilter.doFilter(SecurityContextHolderAwareRequestFilter.java:179)
	at org.springframework.security.web.ObservationFilterChainDecorator$ObservationFilter.wrapFilter(ObservationFilterChainDecorator.java:240)
	at org.springframework.security.web.ObservationFilterChainDecorator$ObservationFilter.doFilter(ObservationFilterChainDecorator.java:227)
	at org.springframework.security.web.ObservationFilterChainDecorator$VirtualFilterChain.doFilter(ObservationFilterChainDecorator.java:137)
	at org.springframework.security.web.savedrequest.RequestCacheAwareFilter.doFilter(RequestCacheAwareFilter.java:63)
	at org.springframework.security.web.ObservationFilterChainDecorator$ObservationFilter.wrapFilter(ObservationFilterChainDecorator.java:240)
	at org.springframework.security.web.ObservationFilterChainDecorator$ObservationFilter.doFilter(ObservationFilterChainDecorator.java:227)
	at org.springframework.security.web.ObservationFilterChainDecorator$VirtualFilterChain.doFilter(ObservationFilterChainDecorator.java:137)
	at de.tum.cit.aet.artemis.core.security.filter.SpaWebFilter.doFilterInternal(SpaWebFilter.java:23)
	at org.springframework.web.filter.OncePerRequestFilter.doFilter(OncePerRequestFilter.java:116)
	at org.springframework.security.web.ObservationFilterChainDecorator$ObservationFilter.wrapFilter(ObservationFilterChainDecorator.java:240)
	at org.springframework.security.web.ObservationFilterChainDecorator$ObservationFilter.doFilter(ObservationFilterChainDecorator.java:227)
	at org.springframework.security.web.ObservationFilterChainDecorator$VirtualFilterChain.doFilter(ObservationFilterChainDecorator.java:137)
	at org.springframework.web.filter.OncePerRequestFilter.doFilter(OncePerRequestFilter.java:110)
	at org.springframework.security.web.ObservationFilterChainDecorator$ObservationFilter.wrapFilter(ObservationFilterChainDecorator.java:240)
	at org.springframework.security.web.ObservationFilterChainDecorator$ObservationFilter.doFilter(ObservationFilterChainDecorator.java:227)
	at org.springframework.security.web.ObservationFilterChainDecorator$VirtualFilterChain.doFilter(ObservationFilterChainDecorator.java:137)
	at de.tum.cit.aet.artemis.lti.config.Lti13LaunchFilter.doFilterInternal(Lti13LaunchFilter.java:60)
	at org.springframework.web.filter.OncePerRequestFilter.doFilter(OncePerRequestFilter.java:116)
	at org.springframework.security.web.ObservationFilterChainDecorator$ObservationFilter.wrapFilter(ObservationFilterChainDecorator.java:240)
	at org.springframework.security.web.ObservationFilterChainDecorator$ObservationFilter.doFilter(ObservationFilterChainDecorator.java:227)
	at org.springframework.security.web.ObservationFilterChainDecorator$VirtualFilterChain.doFilter(ObservationFilterChainDecorator.java:137)
	at de.tum.cit.aet.artemis.core.security.jwt.JWTFilter.doFilter(JWTFilter.java:55)
	at org.springframework.security.web.ObservationFilterChainDecorator$ObservationFilter.wrapFilter(ObservationFilterChainDecorator.java:240)
	at org.springframework.security.web.ObservationFilterChainDecorator$ObservationFilter.doFilter(ObservationFilterChainDecorator.java:227)
	at org.springframework.security.web.ObservationFilterChainDecorator$VirtualFilterChain.doFilter(ObservationFilterChainDecorator.java:137)
	at de.tum.cit.aet.artemis.core.security.jwt.JWTFilter.doFilter(JWTFilter.java:55)
	at org.springframework.security.web.ObservationFilterChainDecorator$ObservationFilter.wrapFilter(ObservationFilterChainDecorator.java:240)
	at org.springframework.security.web.ObservationFilterChainDecorator$ObservationFilter.doFilter(ObservationFilterChainDecorator.java:227)
	at org.springframework.security.web.ObservationFilterChainDecorator$VirtualFilterChain.doFilter(ObservationFilterChainDecorator.java:137)
	at org.springframework.web.filter.CorsFilter.doFilterInternal(CorsFilter.java:91)
	at org.springframework.web.filter.OncePerRequestFilter.doFilter(OncePerRequestFilter.java:116)
	at org.springframework.security.web.ObservationFilterChainDecorator$ObservationFilter.wrapFilter(ObservationFilterChainDecorator.java:240)
	at org.springframework.security.web.ObservationFilterChainDecorator$ObservationFilter.doFilter(ObservationFilterChainDecorator.java:227)
	at org.springframework.security.web.ObservationFilterChainDecorator$VirtualFilterChain.doFilter(ObservationFilterChainDecorator.java:137)
	at org.springframework.web.filter.OncePerRequestFilter.doFilter(OncePerRequestFilter.java:110)
	at org.springframework.security.web.ObservationFilterChainDecorator$ObservationFilter.wrapFilter(ObservationFilterChainDecorator.java:240)
	at org.springframework.security.web.ObservationFilterChainDecorator$ObservationFilter.doFilter(ObservationFilterChainDecorator.java:227)
	at org.springframework.security.web.ObservationFilterChainDecorator$VirtualFilterChain.doFilter(ObservationFilterChainDecorator.java:137)
	at uk.ac.ox.ctl.lti13.security.oauth2.client.lti.web.OAuth2AuthorizationRequestRedirectFilter.doFilterInternal(OAuth2AuthorizationRequestRedirectFilter.java:142)
	at org.springframework.web.filter.OncePerRequestFilter.doFilter(OncePerRequestFilter.java:116)
	at org.springframework.security.web.ObservationFilterChainDecorator$ObservationFilter.wrapFilter(ObservationFilterChainDecorator.java:240)
	at org.springframework.security.web.ObservationFilterChainDecorator$ObservationFilter.doFilter(ObservationFilterChainDecorator.java:227)
	at org.springframework.security.web.ObservationFilterChainDecorator$VirtualFilterChain.doFilter(ObservationFilterChainDecorator.java:137)
	at org.springframework.security.web.authentication.logout.LogoutFilter.doFilter(LogoutFilter.java:107)
	at org.springframework.security.web.authentication.logout.LogoutFilter.doFilter(LogoutFilter.java:93)
	at org.springframework.security.web.ObservationFilterChainDecorator$ObservationFilter.wrapFilter(ObservationFilterChainDecorator.java:240)
	at org.springframework.security.web.ObservationFilterChainDecorator$ObservationFilter.doFilter(ObservationFilterChainDecorator.java:227)
	at org.springframework.security.web.ObservationFilterChainDecorator$VirtualFilterChain.doFilter(ObservationFilterChainDecorator.java:137)
	at org.springframework.security.web.header.HeaderWriterFilter.doHeadersAfter(HeaderWriterFilter.java:90)
	at org.springframework.security.web.header.HeaderWriterFilter.doFilterInternal(HeaderWriterFilter.java:75)
	at org.springframework.web.filter.OncePerRequestFilter.doFilter(OncePerRequestFilter.java:116)
	at org.springframework.security.web.ObservationFilterChainDecorator$ObservationFilter.wrapFilter(ObservationFilterChainDecorator.java:240)
	at org.springframework.security.web.ObservationFilterChainDecorator$ObservationFilter.doFilter(ObservationFilterChainDecorator.java:227)
	at org.springframework.security.web.ObservationFilterChainDecorator$VirtualFilterChain.doFilter(ObservationFilterChainDecorator.java:137)
	at org.springframework.security.web.context.SecurityContextHolderFilter.doFilter(SecurityContextHolderFilter.java:82)
	at org.springframework.security.web.context.SecurityContextHolderFilter.doFilter(SecurityContextHolderFilter.java:69)
	at org.springframework.security.web.ObservationFilterChainDecorator$ObservationFilter.wrapFilter(ObservationFilterChainDecorator.java:240)
	at org.springframework.security.web.ObservationFilterChainDecorator$ObservationFilter.doFilter(ObservationFilterChainDecorator.java:227)
	at org.springframework.security.web.ObservationFilterChainDecorator$VirtualFilterChain.doFilter(ObservationFilterChainDecorator.java:137)
	at org.springframework.security.web.context.request.async.WebAsyncManagerIntegrationFilter.doFilterInternal(WebAsyncManagerIntegrationFilter.java:62)
	at org.springframework.web.filter.OncePerRequestFilter.doFilter(OncePerRequestFilter.java:116)
	at org.springframework.security.web.ObservationFilterChainDecorator$ObservationFilter.wrapFilter(ObservationFilterChainDecorator.java:240)
	at org.springframework.security.web.ObservationFilterChainDecorator$ObservationFilter.doFilter(ObservationFilterChainDecorator.java:227)
	at org.springframework.security.web.ObservationFilterChainDecorator$VirtualFilterChain.doFilter(ObservationFilterChainDecorator.java:137)
	at org.springframework.security.web.session.DisableEncodeUrlFilter.doFilterInternal(DisableEncodeUrlFilter.java:42)
	at org.springframework.web.filter.OncePerRequestFilter.doFilter(OncePerRequestFilter.java:116)
	at org.springframework.security.web.ObservationFilterChainDecorator$ObservationFilter.wrapFilter(ObservationFilterChainDecorator.java:240)
	at org.springframework.security.web.ObservationFilterChainDecorator$AroundFilterObservation$SimpleAroundFilterObservation.lambda$wrap$0(ObservationFilterChainDecorator.java:323)
	at org.springframework.security.web.ObservationFilterChainDecorator$ObservationFilter.doFilter(ObservationFilterChainDecorator.java:224)
	at org.springframework.security.web.ObservationFilterChainDecorator$VirtualFilterChain.doFilter(ObservationFilterChainDecorator.java:137)
	at org.springframework.security.web.FilterChainProxy.doFilterInternal(FilterChainProxy.java:233)
	at org.springframework.security.web.FilterChainProxy.doFilter(FilterChainProxy.java:191)
	at org.springframework.web.filter.CompositeFilter$VirtualFilterChain.doFilter(CompositeFilter.java:113)
	at org.springframework.web.servlet.handler.HandlerMappingIntrospector.lambda$createCacheFilter$3(HandlerMappingIntrospector.java:243)
	at org.springframework.web.filter.CompositeFilter$VirtualFilterChain.doFilter(CompositeFilter.java:113)
	at org.springframework.web.filter.CompositeFilter.doFilter(CompositeFilter.java:74)
	at org.springframework.security.config.annotation.web.configuration.WebMvcSecurityConfiguration$CompositeFilterChainProxy.doFilter(WebMvcSecurityConfiguration.java:238)
	at org.springframework.web.filter.DelegatingFilterProxy.invokeDelegate(DelegatingFilterProxy.java:362)
	at org.springframework.web.filter.DelegatingFilterProxy.doFilter(DelegatingFilterProxy.java:278)
	at org.springframework.test.web.servlet.setup.MockMvcFilterDecorator.doFilter(MockMvcFilterDecorator.java:162)
	at org.springframework.mock.web.MockFilterChain.doFilter(MockFilterChain.java:132)
	at org.springframework.web.filter.RequestContextFilter.doFilterInternal(RequestContextFilter.java:100)
	at org.springframework.web.filter.OncePerRequestFilter.doFilter(OncePerRequestFilter.java:116)
	at org.springframework.test.web.servlet.setup.MockMvcFilterDecorator.doFilter(MockMvcFilterDecorator.java:162)
	at org.springframework.mock.web.MockFilterChain.doFilter(MockFilterChain.java:132)
	at org.springframework.web.filter.FormContentFilter.doFilterInternal(FormContentFilter.java:93)
	at org.springframework.web.filter.OncePerRequestFilter.doFilter(OncePerRequestFilter.java:116)
	at org.springframework.test.web.servlet.setup.MockMvcFilterDecorator.doFilter(MockMvcFilterDecorator.java:162)
	at org.springframework.mock.web.MockFilterChain.doFilter(MockFilterChain.java:132)
	at org.springframework.web.filter.ServerHttpObservationFilter.doFilterInternal(ServerHttpObservationFilter.java:114)
	at org.springframework.web.filter.OncePerRequestFilter.doFilter(OncePerRequestFilter.java:116)
	at org.springframework.test.web.servlet.setup.MockMvcFilterDecorator.doFilter(MockMvcFilterDecorator.java:162)
	at org.springframework.mock.web.MockFilterChain.doFilter(MockFilterChain.java:132)
	at io.sentry.spring.jakarta.tracing.SentryTracingFilter.doFilterInternal(SentryTracingFilter.java:91)
	at org.springframework.web.filter.OncePerRequestFilter.doFilter(OncePerRequestFilter.java:116)
	at org.springframework.test.web.servlet.setup.MockMvcFilterDecorator.doFilter(MockMvcFilterDecorator.java:162)
	at org.springframework.mock.web.MockFilterChain.doFilter(MockFilterChain.java:132)
	at org.springframework.web.filter.CharacterEncodingFilter.doFilterInternal(CharacterEncodingFilter.java:201)
	at org.springframework.web.filter.OncePerRequestFilter.doFilter(OncePerRequestFilter.java:116)
	at org.springframework.test.web.servlet.setup.MockMvcFilterDecorator.doFilter(MockMvcFilterDecorator.java:162)
	at org.springframework.mock.web.MockFilterChain.doFilter(MockFilterChain.java:132)
	at io.sentry.spring.jakarta.SentrySpringFilter.doFilterInternal(SentrySpringFilter.java:76)
	at org.springframework.web.filter.OncePerRequestFilter.doFilter(OncePerRequestFilter.java:116)
	at org.springframework.test.web.servlet.setup.MockMvcFilterDecorator.doFilter(MockMvcFilterDecorator.java:162)
	at org.springframework.mock.web.MockFilterChain.doFilter(MockFilterChain.java:132)
	at org.springframework.test.web.servlet.MockMvc.perform(MockMvc.java:201)
	at de.tum.cit.aet.artemis.core.util.RequestUtilService.performMvcRequest(RequestUtilService.java:79)
	at de.tum.cit.aet.artemis.core.util.RequestUtilService.postWithoutLocation(RequestUtilService.java:213)
	at de.tum.cit.aet.artemis.core.util.RequestUtilService.postWithoutLocation(RequestUtilService.java:199)
	at de.tum.cit.aet.artemis.programming.ProgrammingSubmissionAndResultGitlabJenkinsIntegrationTest.postResult(ProgrammingSubmissionAndResultGitlabJenkinsIntegrationTest.java:413)
	at de.tum.cit.aet.artemis.programming.ProgrammingSubmissionAndResultGitlabJenkinsIntegrationTest.shouldSaveBuildLogsOnStudentParticipationWithoutSubmissionNorResult(ProgrammingSubmissionAndResultGitlabJenkinsIntegrationTest.java:338)
	at java.base/jdk.internal.reflect.DirectMethodHandleAccessor.invoke(DirectMethodHandleAccessor.java:103)
	at java.base/java.lang.reflect.Method.invoke(Method.java:580)
	at org.junit.platform.commons.util.ReflectionUtils.invokeMethod(ReflectionUtils.java:767)
	at org.junit.jupiter.engine.execution.MethodInvocation.proceed(MethodInvocation.java:60)
	at org.junit.jupiter.engine.execution.InvocationInterceptorChain$ValidatingInvocation.proceed(InvocationInterceptorChain.java:131)
	at org.junit.jupiter.engine.extension.TimeoutExtension.intercept(TimeoutExtension.java:156)
	at org.junit.jupiter.engine.extension.TimeoutExtension.interceptTestableMethod(TimeoutExtension.java:147)
	at org.junit.jupiter.engine.extension.TimeoutExtension.interceptTestTemplateMethod(TimeoutExtension.java:94)
	at org.junit.jupiter.engine.execution.InterceptingExecutableInvoker$ReflectiveInterceptorCall.lambda$ofVoidMethod$0(InterceptingExecutableInvoker.java:103)
	at org.junit.jupiter.engine.execution.InterceptingExecutableInvoker.lambda$invoke$0(InterceptingExecutableInvoker.java:93)
	at org.junit.jupiter.engine.execution.InvocationInterceptorChain$InterceptedInvocation.proceed(InvocationInterceptorChain.java:106)
	at org.junit.jupiter.engine.execution.InvocationInterceptorChain.proceed(InvocationInterceptorChain.java:64)
	at org.junit.jupiter.engine.execution.InvocationInterceptorChain.chainAndInvoke(InvocationInterceptorChain.java:45)
	at org.junit.jupiter.engine.execution.InvocationInterceptorChain.invoke(InvocationInterceptorChain.java:37)
	at org.junit.jupiter.engine.execution.InterceptingExecutableInvoker.invoke(InterceptingExecutableInvoker.java:92)
	at org.junit.jupiter.engine.execution.InterceptingExecutableInvoker.invoke(InterceptingExecutableInvoker.java:86)
	at org.junit.jupiter.engine.descriptor.TestMethodTestDescriptor.lambda$invokeTestMethod$8(TestMethodTestDescriptor.java:217)
	at org.junit.platform.engine.support.hierarchical.ThrowableCollector.execute(ThrowableCollector.java:73)
	at org.junit.jupiter.engine.descriptor.TestMethodTestDescriptor.invokeTestMethod(TestMethodTestDescriptor.java:213)
	at org.junit.jupiter.engine.descriptor.TestMethodTestDescriptor.execute(TestMethodTestDescriptor.java:138)
	at org.junit.jupiter.engine.descriptor.TestMethodTestDescriptor.execute(TestMethodTestDescriptor.java:68)
	at org.junit.platform.engine.support.hierarchical.NodeTestTask.lambda$executeRecursively$6(NodeTestTask.java:156)
	at org.junit.platform.engine.support.hierarchical.ThrowableCollector.execute(ThrowableCollector.java:73)
	at org.junit.platform.engine.support.hierarchical.NodeTestTask.lambda$executeRecursively$8(NodeTestTask.java:146)
	at org.junit.platform.engine.support.hierarchical.Node.around(Node.java:137)
	at org.junit.platform.engine.support.hierarchical.NodeTestTask.lambda$executeRecursively$9(NodeTestTask.java:144)
	at org.junit.platform.engine.support.hierarchical.ThrowableCollector.execute(ThrowableCollector.java:73)
	at org.junit.platform.engine.support.hierarchical.NodeTestTask.executeRecursively(NodeTestTask.java:143)
	at org.junit.platform.engine.support.hierarchical.NodeTestTask.execute(NodeTestTask.java:100)
	at org.junit.platform.engine.support.hierarchical.ForkJoinPoolHierarchicalTestExecutorService$ExclusiveTask.exec(ForkJoinPoolHierarchicalTestExecutorService.java:274)
	at org.junit.platform.engine.support.hierarchical.ForkJoinPoolHierarchicalTestExecutorService$ExclusiveTask.execSync(ForkJoinPoolHierarchicalTestExecutorService.java:247)
	at org.junit.platform.engine.support.hierarchical.ForkJoinPoolHierarchicalTestExecutorService.submit(ForkJoinPoolHierarchicalTestExecutorService.java:148)
	at org.junit.platform.engine.support.hierarchical.NodeTestTask$DefaultDynamicTestExecutor.execute(NodeTestTask.java:231)
	at org.junit.platform.engine.support.hierarchical.NodeTestTask$DefaultDynamicTestExecutor.execute(NodeTestTask.java:209)
	at org.junit.jupiter.engine.descriptor.TestTemplateTestDescriptor.execute(TestTemplateTestDescriptor.java:141)
	at org.junit.jupiter.engine.descriptor.TestTemplateTestDescriptor.lambda$execute$3(TestTemplateTestDescriptor.java:109)
	at java.base/java.util.stream.ForEachOps$ForEachOp$OfRef.accept(ForEachOps.java:184)
	at java.base/java.util.stream.ReferencePipeline$3$1.accept(ReferencePipeline.java:197)
	at java.base/java.util.stream.ReferencePipeline$2$1.accept(ReferencePipeline.java:179)
	at java.base/java.util.stream.ReferencePipeline$3$1.accept(ReferencePipeline.java:197)
	at java.base/java.util.stream.ForEachOps$ForEachOp$OfRef.accept(ForEachOps.java:184)
	at java.base/java.util.stream.ReferencePipeline$3$1.accept(ReferencePipeline.java:197)
	at java.base/java.util.stream.ForEachOps$ForEachOp$OfRef.accept(ForEachOps.java:184)
	at java.base/java.util.stream.ForEachOps$ForEachOp$OfRef.accept(ForEachOps.java:184)
	at java.base/java.util.stream.ReferencePipeline$3$1.accept(ReferencePipeline.java:197)
	at java.base/java.util.stream.ForEachOps$ForEachOp$OfRef.accept(ForEachOps.java:184)
	at java.base/java.util.Spliterators$ArraySpliterator.forEachRemaining(Spliterators.java:1024)
	at java.base/java.util.stream.ReferencePipeline$Head.forEach(ReferencePipeline.java:762)
	at java.base/java.util.stream.ReferencePipeline$7$1.accept(ReferencePipeline.java:276)
	at java.base/java.util.Iterator.forEachRemaining(Iterator.java:133)
	at java.base/java.util.Spliterators$IteratorSpliterator.forEachRemaining(Spliterators.java:1939)
	at java.base/java.util.stream.AbstractPipeline.copyInto(AbstractPipeline.java:509)
	at java.base/java.util.stream.AbstractPipeline.wrapAndCopyInto(AbstractPipeline.java:499)
	at java.base/java.util.stream.ForEachOps$ForEachOp.evaluateSequential(ForEachOps.java:151)
	at java.base/java.util.stream.ForEachOps$ForEachOp$OfRef.evaluateSequential(ForEachOps.java:174)
	at java.base/java.util.stream.AbstractPipeline.evaluate(AbstractPipeline.java:234)
	at java.base/java.util.stream.ReferencePipeline.forEach(ReferencePipeline.java:596)
	at java.base/java.util.stream.ReferencePipeline$7$1.accept(ReferencePipeline.java:276)
	at java.base/java.util.stream.ReferencePipeline$3$1.accept(ReferencePipeline.java:197)
	at java.base/java.util.stream.ReferencePipeline$3$1.accept(ReferencePipeline.java:197)
	at java.base/java.util.stream.ReferencePipeline$3$1.accept(ReferencePipeline.java:197)
	at java.base/java.util.Spliterators$ArraySpliterator.forEachRemaining(Spliterators.java:1024)
	at java.base/java.util.stream.AbstractPipeline.copyInto(AbstractPipeline.java:509)
	at java.base/java.util.stream.AbstractPipeline.wrapAndCopyInto(AbstractPipeline.java:499)
	at java.base/java.util.stream.ForEachOps$ForEachOp.evaluateSequential(ForEachOps.java:151)
	at java.base/java.util.stream.ForEachOps$ForEachOp$OfRef.evaluateSequential(ForEachOps.java:174)
	at java.base/java.util.stream.AbstractPipeline.evaluate(AbstractPipeline.java:234)
	at java.base/java.util.stream.ReferencePipeline.forEach(ReferencePipeline.java:596)
	at java.base/java.util.stream.ReferencePipeline$7$1.accept(ReferencePipeline.java:276)
	at java.base/java.util.ArrayList$ArrayListSpliterator.forEachRemaining(ArrayList.java:1708)
	at java.base/java.util.stream.AbstractPipeline.copyInto(AbstractPipeline.java:509)
	at java.base/java.util.stream.AbstractPipeline.wrapAndCopyInto(AbstractPipeline.java:499)
	at java.base/java.util.stream.ForEachOps$ForEachOp.evaluateSequential(ForEachOps.java:151)
	at java.base/java.util.stream.ForEachOps$ForEachOp$OfRef.evaluateSequential(ForEachOps.java:174)
	at java.base/java.util.stream.AbstractPipeline.evaluate(AbstractPipeline.java:234)
	at java.base/java.util.stream.ReferencePipeline.forEach(ReferencePipeline.java:596)
	at java.base/java.util.stream.ReferencePipeline$7$1.accept(ReferencePipeline.java:276)
	at java.base/java.util.stream.ReferencePipeline$3$1.accept(ReferencePipeline.java:197)
	at java.base/java.util.stream.ReferencePipeline$3$1.accept(ReferencePipeline.java:197)
	at java.base/java.util.stream.ReferencePipeline$3$1.accept(ReferencePipeline.java:197)
	at java.base/java.util.ArrayList$ArrayListSpliterator.forEachRemaining(ArrayList.java:1708)
	at java.base/java.util.stream.AbstractPipeline.copyInto(AbstractPipeline.java:509)
	at java.base/java.util.stream.AbstractPipeline.wrapAndCopyInto(AbstractPipeline.java:499)
	at java.base/java.util.stream.ForEachOps$ForEachOp.evaluateSequential(ForEachOps.java:151)
	at java.base/java.util.stream.ForEachOps$ForEachOp$OfRef.evaluateSequential(ForEachOps.java:174)
	at java.base/java.util.stream.AbstractPipeline.evaluate(AbstractPipeline.java:234)
	at java.base/java.util.stream.ReferencePipeline.forEach(ReferencePipeline.java:596)
	at java.base/java.util.stream.ReferencePipeline$7$1.accept(ReferencePipeline.java:276)
	at java.base/java.util.ArrayList$ArrayListSpliterator.forEachRemaining(ArrayList.java:1708)
	at java.base/java.util.stream.AbstractPipeline.copyInto(AbstractPipeline.java:509)
	at java.base/java.util.stream.AbstractPipeline.wrapAndCopyInto(AbstractPipeline.java:499)
	at java.base/java.util.stream.ForEachOps$ForEachOp.evaluateSequential(ForEachOps.java:151)
	at java.base/java.util.stream.ForEachOps$ForEachOp$OfRef.evaluateSequential(ForEachOps.java:174)
	at java.base/java.util.stream.AbstractPipeline.evaluate(AbstractPipeline.java:234)
	at java.base/java.util.stream.ReferencePipeline.forEach(ReferencePipeline.java:596)
	at org.junit.jupiter.engine.descriptor.TestTemplateTestDescriptor.execute(TestTemplateTestDescriptor.java:109)
	at org.junit.jupiter.engine.descriptor.TestTemplateTestDescriptor.execute(TestTemplateTestDescriptor.java:43)
	at org.junit.platform.engine.support.hierarchical.NodeTestTask.lambda$executeRecursively$6(NodeTestTask.java:156)
	at org.junit.platform.engine.support.hierarchical.ThrowableCollector.execute(ThrowableCollector.java:73)
	at org.junit.platform.engine.support.hierarchical.NodeTestTask.lambda$executeRecursively$8(NodeTestTask.java:146)
	at org.junit.platform.engine.support.hierarchical.Node.around(Node.java:137)
	at org.junit.platform.engine.support.hierarchical.NodeTestTask.lambda$executeRecursively$9(NodeTestTask.java:144)
	at org.junit.platform.engine.support.hierarchical.ThrowableCollector.execute(ThrowableCollector.java:73)
	at org.junit.platform.engine.support.hierarchical.NodeTestTask.executeRecursively(NodeTestTask.java:143)
	at org.junit.platform.engine.support.hierarchical.NodeTestTask.execute(NodeTestTask.java:100)
	at org.junit.platform.engine.support.hierarchical.ForkJoinPoolHierarchicalTestExecutorService$ExclusiveTask.exec(ForkJoinPoolHierarchicalTestExecutorService.java:274)
	at org.junit.platform.engine.support.hierarchical.ForkJoinPoolHierarchicalTestExecutorService$ExclusiveTask.execSync(ForkJoinPoolHierarchicalTestExecutorService.java:247)
	at org.junit.platform.engine.support.hierarchical.ForkJoinPoolHierarchicalTestExecutorService.executeSync(ForkJoinPoolHierarchicalTestExecutorService.java:194)
	at org.junit.platform.engine.support.hierarchical.ForkJoinPoolHierarchicalTestExecutorService.invokeAll(ForkJoinPoolHierarchicalTestExecutorService.java:166)
	at org.junit.platform.engine.support.hierarchical.NodeTestTask.lambda$executeRecursively$6(NodeTestTask.java:160)
	at org.junit.platform.engine.support.hierarchical.ThrowableCollector.execute(ThrowableCollector.java:73)
	at org.junit.platform.engine.support.hierarchical.NodeTestTask.lambda$executeRecursively$8(NodeTestTask.java:146)
	at org.junit.platform.engine.support.hierarchical.Node.around(Node.java:137)
	at org.junit.platform.engine.support.hierarchical.NodeTestTask.lambda$executeRecursively$9(NodeTestTask.java:144)
	at org.junit.platform.engine.support.hierarchical.ThrowableCollector.execute(ThrowableCollector.java:73)
	at org.junit.platform.engine.support.hierarchical.NodeTestTask.executeRecursively(NodeTestTask.java:143)
	at org.junit.platform.engine.support.hierarchical.NodeTestTask.execute(NodeTestTask.java:100)
	at org.junit.platform.engine.support.hierarchical.ForkJoinPoolHierarchicalTestExecutorService$ExclusiveTask.exec(ForkJoinPoolHierarchicalTestExecutorService.java:274)
	at java.base/java.util.concurrent.ForkJoinTask.doExec(ForkJoinTask.java:387)
	at java.base/java.util.concurrent.ForkJoinPool$WorkQueue.topLevelExec(ForkJoinPool.java:1312)
	at java.base/java.util.concurrent.ForkJoinPool.scan(ForkJoinPool.java:1843)
	at java.base/java.util.concurrent.ForkJoinPool.runWorker(ForkJoinPool.java:1808)
	at java.base/java.util.concurrent.ForkJoinWorkerThread.run(ForkJoinWorkerThread.java:188)
    23:48:51.508 | 463 ool-1-worker-227 | DEBUG | .c.s.m.InstanceMessageReceiveService : Received schedule participant score for exercise 3246 and participant 773 (result to be deleted: null)
    23:48:51.508 | 463 ool-1-worker-227 | DEBUG | .a.s.ParticipantScoreScheduleService : Scheduled task for exercise 3246 and participant 773 at 2025-02-14T23:48:51.608476819Z[Etc/UTC].
    23:48:51.509 | 463 ool-1-worker-227 | DEBUG | .a.a.p.s.ProgrammingMessagingService : Send result to client over websocket. Result: Result{id792, completionDate=2025-02-14T23:48:51.482917300Z, successful=false, score=0.0, rated=true, assessmentType=AUTOMATIC, hasComplaint=null, testCaseCount=0, passedTestCaseCount=0, codeIssueCount=0}, Submission: ProgrammingSubmission{commitHash='9b3a9bd71a0d80e5bbc42204c319ed3d1d4f0d6d', buildFailed=true, buildArtifact=false, type=MANUAL}, Participation: ProgrammingExerciseStudentParticipation{id=4051, repositoryUri='https://version-control.fake.fake/git/SHORT1447AF070D2E6044020B9630C6CE3FD93C62TSTEXC/short1447af070d2e6044020b9630c6ce3fd93c62tstexc-progsubresgitlabjenstudent1.git', buildPlanId='SHORT1447AF070D2E6044020B9630C6CE3FD93C62TSTEXC-PROGSUBRESGITLABJENSTUDENT1', initializationState='INITIALIZED', initializationDate='2025-02-14T23:48:51.481215Z', individualDueDate=null', presentationScore=null}
    23:48:51.511 | 463 ool-1-worker-227 | INFO  | d.t.c.a.a.a.w.o.PublicResultResource : The new result for SHORT1447AF070D2E6044020B9630C6CE3FD93C62TSTEXC-PROGSUBRESGITLABJENSTUDENT1 was saved successfully
    23:48:51.514 | 463 ool-1-worker-227 | DEBUG | d.t.c.a.a.c.s.f.ApiVersionFilter     : Adding Version to Request GET /api/repository/4051/buildlogs
    23:48:51.514 | 463 ool-1-worker-227 | DEBUG | rammingExerciseParticipationResource : REST request to get build log : 4051

  Starting logs for ProgrammingSubmissionAndResultGitlabJenkinsIntegrationTest > shouldSaveBuildLogsOnStudentParticipationWithoutSubmissionNorResult(ProgrammingLanguage, boolean) [24] programmingLanguage=KOTLIN, enableStaticCodeAnalysis=false
    23:48:51.526 | 463 ool-1-worker-227 | DEBUG | d.t.c.a.a.c.u.util.UserUtilService   : Generate 3 students...
    23:48:51.530 | 463 ool-1-worker-227 | DEBUG | d.t.c.a.a.c.u.util.UserUtilService   : 3 students generated. Generate 2 tutors...
    23:48:51.533 | 463 ool-1-worker-227 | DEBUG | d.t.c.a.a.c.u.util.UserUtilService   : 2 tutors generated. Generate 0 editors...
    23:48:51.534 | 463 ool-1-worker-227 | DEBUG | d.t.c.a.a.c.u.util.UserUtilService   : 0 editors generated. Generate 2 instructors...
    23:48:51.537 | 463 ool-1-worker-227 | DEBUG | d.t.c.a.a.c.u.util.UserUtilService   : 2 instructors generated
    23:48:51.538 | 463 ool-1-worker-227 | DEBUG | d.t.c.a.a.c.u.util.UserUtilService   : Removing 7 users from all courses...
    23:48:51.539 | 463 ool-1-worker-227 | DEBUG | d.t.c.a.a.c.u.util.UserUtilService   : Removing 7 users from all courses. Done
    23:48:51.539 | 463 ool-1-worker-227 | DEBUG | d.t.c.a.a.c.u.util.UserUtilService   : Save 7 users to database...
    23:48:51.542 | 463 ool-1-worker-227 | DEBUG | d.t.c.a.a.c.u.util.UserUtilService   : Save 7 users to database. Done
    23:48:51.556 | 463 ool-1-worker-227 | DEBUG | PersonalAccessTokenManagementService : Generate secure vcs access token
    23:48:51.558 | 463 ool-1-worker-227 | DEBUG | PersonalAccessTokenManagementService : Generate secure vcs access token
    23:48:51.560 | 463 ool-1-worker-227 | INFO  | i.z.t.d.l.EmbeddedDatabaseReporter   : JDBC URL to connect to 'dataSource': url='jdbc:h2:tcp://localhost:41063/mem:736625c0-cf5e-400d-aeaa-8a7eabd6262b;USER=sa', scope='ProgrammingSubmissionAndResultGitlabJenkinsIntegrationTest#shouldSaveBuildLogsOnStudentParticipationWithoutSubmissionNorResult'
    23:48:51.571 | 463 ool-1-worker-227 | DEBUG | PersonalAccessTokenManagementService : Generate secure vcs access token
    23:48:51.575 | 463 ool-1-worker-227 | DEBUG | d.t.c.a.a.c.s.f.ApiVersionFilter     : Adding Version to Request POST /api/public/programming-exercises/new-result
    23:48:51.575 | 463 ool-1-worker-227 | DEBUG | d.t.c.a.a.a.w.o.PublicResultResource : Received result notify (NEW)
    23:48:51.577 | 463 ool-1-worker-227 | INFO  | d.t.c.a.a.a.w.o.PublicResultResource : Artemis received a new result for build plan SHORTF18A1707064C50430F0AAB409531B1DDE576TSTEXC-PROGSUBRESGITLABJENSTUDENT1
    23:48:51.578 | 463 ool-1-worker-227 | DEBUG | .s.ProgrammingExerciseGradingService : Received new build result (NEW) for participation 4058
    23:48:51.581 | 463 ool-1-worker-227 | WARN  | .s.ProgrammingExerciseGradingService : Could not find pending ProgrammingSubmission for Commit Hash 9b3a9bd71a0d80e5bbc42204c319ed3d1d4f0d6d (Participation 4058, Build Plan SHORTF18A1707064C50430F0AAB409531B1DDE576TSTEXC-PROGSUBRESGITLABJENSTUDENT1). Will create a new one subsequently...
    23:48:51.581 | 463 ool-1-worker-227 | ERROR | .s.ProgrammingExerciseGradingService : Could not retrieve push date for participation 4058 and build plan SHORTF18A1707064C50430F0AAB409531B1DDE576TSTEXC-PROGSUBRESGITLABJENSTUDENT1
de.tum.cit.aet.artemis.programming.service.gitlab.GitLabException: Could not find build queue date for participation 4058
	at de.tum.cit.aet.artemis.programming.service.gitlab.GitLabService.getPushDate(GitLabService.java:369)
	at de.tum.cit.aet.artemis.programming.service.gitlab.GitLabService.getPushDate(GitLabService.java:358)
	at de.tum.cit.aet.artemis.programming.service.ProgrammingExerciseGradingService.createAndSaveFallbackSubmission(ProgrammingExerciseGradingService.java:286)
	at de.tum.cit.aet.artemis.programming.service.ProgrammingExerciseGradingService.createAndSaveFallbackSubmission(ProgrammingExerciseGradingService.java:272)
	at de.tum.cit.aet.artemis.programming.service.ProgrammingExerciseGradingService.lambda$processNewProgrammingExerciseResult$0(ProgrammingExerciseGradingService.java:177)
	at java.base/java.util.Optional.orElseGet(Optional.java:364)
	at de.tum.cit.aet.artemis.programming.service.ProgrammingExerciseGradingService.processNewProgrammingExerciseResult(ProgrammingExerciseGradingService.java:177)
	at de.tum.cit.aet.artemis.programming.service.ProgrammingExerciseGradingService.processNewProgrammingExerciseResult(ProgrammingExerciseGradingService.java:156)
	at de.tum.cit.aet.artemis.assessment.web.open.PublicResultResource.processNewProgrammingExerciseResult(PublicResultResource.java:113)
	at java.base/jdk.internal.reflect.DirectMethodHandleAccessor.invoke(DirectMethodHandleAccessor.java:103)
	at java.base/java.lang.reflect.Method.invoke(Method.java:580)
	at org.springframework.aop.support.AopUtils.invokeJoinpointUsingReflection(AopUtils.java:359)
	at org.springframework.aop.framework.ReflectiveMethodInvocation.invokeJoinpoint(ReflectiveMethodInvocation.java:196)
	at org.springframework.aop.framework.ReflectiveMethodInvocation.proceed(ReflectiveMethodInvocation.java:163)
	at org.springframework.security.authorization.method.AuthorizationManagerBeforeMethodInterceptor.proceed(AuthorizationManagerBeforeMethodInterceptor.java:268)
	at org.springframework.security.authorization.method.AuthorizationManagerBeforeMethodInterceptor.attemptAuthorization(AuthorizationManagerBeforeMethodInterceptor.java:263)
	at org.springframework.security.authorization.method.AuthorizationManagerBeforeMethodInterceptor.invoke(AuthorizationManagerBeforeMethodInterceptor.java:196)
	at org.springframework.security.config.annotation.method.configuration.DeferringMethodInterceptor.invoke(DeferringMethodInterceptor.java:44)
	at org.springframework.aop.framework.ReflectiveMethodInvocation.proceed(ReflectiveMethodInvocation.java:184)
	at org.springframework.aop.framework.CglibAopProxy$DynamicAdvisedInterceptor.intercept(CglibAopProxy.java:727)
	at de.tum.cit.aet.artemis.assessment.web.open.PublicResultResource$$SpringCGLIB$$0.processNewProgrammingExerciseResult(<generated>)
	at java.base/jdk.internal.reflect.DirectMethodHandleAccessor.invoke(DirectMethodHandleAccessor.java:103)
	at java.base/java.lang.reflect.Method.invoke(Method.java:580)
	at org.springframework.web.method.support.InvocableHandlerMethod.doInvoke(InvocableHandlerMethod.java:257)
	at org.springframework.web.method.support.InvocableHandlerMethod.invokeForRequest(InvocableHandlerMethod.java:190)
	at org.springframework.web.servlet.mvc.method.annotation.ServletInvocableHandlerMethod.invokeAndHandle(ServletInvocableHandlerMethod.java:118)
	at org.springframework.web.servlet.mvc.method.annotation.RequestMappingHandlerAdapter.invokeHandlerMethod(RequestMappingHandlerAdapter.java:986)
	at org.springframework.web.servlet.mvc.method.annotation.RequestMappingHandlerAdapter.handleInternal(RequestMappingHandlerAdapter.java:891)
	at org.springframework.web.servlet.mvc.method.AbstractHandlerMethodAdapter.handle(AbstractHandlerMethodAdapter.java:87)
	at org.springframework.web.servlet.DispatcherServlet.doDispatch(DispatcherServlet.java:1088)
	at org.springframework.web.servlet.DispatcherServlet.doService(DispatcherServlet.java:978)
	at org.springframework.web.servlet.FrameworkServlet.processRequest(FrameworkServlet.java:1014)
	at org.springframework.web.servlet.FrameworkServlet.doPost(FrameworkServlet.java:914)
	at jakarta.servlet.http.HttpServlet.service(HttpServlet.java:547)
	at org.springframework.web.servlet.FrameworkServlet.service(FrameworkServlet.java:885)
	at org.springframework.test.web.servlet.TestDispatcherServlet.service(TestDispatcherServlet.java:72)
	at jakarta.servlet.http.HttpServlet.service(HttpServlet.java:614)
	at org.springframework.mock.web.MockFilterChain$ServletFilterProxy.doFilter(MockFilterChain.java:165)
	at org.springframework.mock.web.MockFilterChain.doFilter(MockFilterChain.java:132)
	at org.springframework.web.filter.OncePerRequestFilter.doFilter(OncePerRequestFilter.java:110)
	at org.springframework.test.web.servlet.setup.MockMvcFilterDecorator.doFilter(MockMvcFilterDecorator.java:162)
	at org.springframework.mock.web.MockFilterChain.doFilter(MockFilterChain.java:132)
	at de.tum.cit.aet.artemis.core.security.filter.ApiVersionFilter.doFilter(ApiVersionFilter.java:55)
	at org.springframework.test.web.servlet.setup.MockMvcFilterDecorator.doFilter(MockMvcFilterDecorator.java:162)
	at org.springframework.mock.web.MockFilterChain.doFilter(MockFilterChain.java:132)
	at io.sentry.spring.jakarta.SentryUserFilter.doFilterInternal(SentryUserFilter.java:56)
	at org.springframework.web.filter.OncePerRequestFilter.doFilter(OncePerRequestFilter.java:116)
	at org.springframework.test.web.servlet.setup.MockMvcFilterDecorator.doFilter(MockMvcFilterDecorator.java:162)
	at org.springframework.mock.web.MockFilterChain.doFilter(MockFilterChain.java:132)
	at org.springframework.web.filter.CompositeFilter$VirtualFilterChain.doFilter(CompositeFilter.java:108)
	at org.springframework.security.web.FilterChainProxy.lambda$doFilterInternal$3(FilterChainProxy.java:231)
	at org.springframework.security.web.ObservationFilterChainDecorator$FilterObservation$SimpleFilterObservation.lambda$wrap$1(ObservationFilterChainDecorator.java:479)
	at org.springframework.security.web.ObservationFilterChainDecorator$AroundFilterObservation$SimpleAroundFilterObservation.lambda$wrap$1(ObservationFilterChainDecorator.java:340)
	at org.springframework.security.web.ObservationFilterChainDecorator.lambda$wrapSecured$0(ObservationFilterChainDecorator.java:82)
	at org.springframework.security.web.ObservationFilterChainDecorator$VirtualFilterChain.doFilter(ObservationFilterChainDecorator.java:128)
	at org.springframework.security.web.access.intercept.AuthorizationFilter.doFilter(AuthorizationFilter.java:101)
	at org.springframework.security.web.ObservationFilterChainDecorator$ObservationFilter.wrapFilter(ObservationFilterChainDecorator.java:240)
	at org.springframework.security.web.ObservationFilterChainDecorator$ObservationFilter.doFilter(ObservationFilterChainDecorator.java:227)
	at org.springframework.security.web.ObservationFilterChainDecorator$VirtualFilterChain.doFilter(ObservationFilterChainDecorator.java:137)
	at org.springframework.security.web.access.ExceptionTranslationFilter.doFilter(ExceptionTranslationFilter.java:126)
	at org.springframework.security.web.access.ExceptionTranslationFilter.doFilter(ExceptionTranslationFilter.java:120)
	at org.springframework.security.web.ObservationFilterChainDecorator$ObservationFilter.wrapFilter(ObservationFilterChainDecorator.java:240)
	at org.springframework.security.web.ObservationFilterChainDecorator$ObservationFilter.doFilter(ObservationFilterChainDecorator.java:227)
	at org.springframework.security.web.ObservationFilterChainDecorator$VirtualFilterChain.doFilter(ObservationFilterChainDecorator.java:137)
	at org.springframework.security.web.session.SessionManagementFilter.doFilter(SessionManagementFilter.java:131)
	at org.springframework.security.web.session.SessionManagementFilter.doFilter(SessionManagementFilter.java:85)
	at org.springframework.security.web.ObservationFilterChainDecorator$ObservationFilter.wrapFilter(ObservationFilterChainDecorator.java:240)
	at org.springframework.security.web.ObservationFilterChainDecorator$ObservationFilter.doFilter(ObservationFilterChainDecorator.java:227)
	at org.springframework.security.web.ObservationFilterChainDecorator$VirtualFilterChain.doFilter(ObservationFilterChainDecorator.java:137)
	at org.springframework.security.web.authentication.AnonymousAuthenticationFilter.doFilter(AnonymousAuthenticationFilter.java:100)
	at org.springframework.security.web.ObservationFilterChainDecorator$ObservationFilter.wrapFilter(ObservationFilterChainDecorator.java:240)
	at org.springframework.security.web.ObservationFilterChainDecorator$ObservationFilter.doFilter(ObservationFilterChainDecorator.java:227)
	at org.springframework.security.web.ObservationFilterChainDecorator$VirtualFilterChain.doFilter(ObservationFilterChainDecorator.java:137)
	at org.springframework.security.web.servletapi.SecurityContextHolderAwareRequestFilter.doFilter(SecurityContextHolderAwareRequestFilter.java:179)
	at org.springframework.security.web.ObservationFilterChainDecorator$ObservationFilter.wrapFilter(ObservationFilterChainDecorator.java:240)
	at org.springframework.security.web.ObservationFilterChainDecorator$ObservationFilter.doFilter(ObservationFilterChainDecorator.java:227)
	at org.springframework.security.web.ObservationFilterChainDecorator$VirtualFilterChain.doFilter(ObservationFilterChainDecorator.java:137)
	at org.springframework.security.web.savedrequest.RequestCacheAwareFilter.doFilter(RequestCacheAwareFilter.java:63)
	at org.springframework.security.web.ObservationFilterChainDecorator$ObservationFilter.wrapFilter(ObservationFilterChainDecorator.java:240)
	at org.springframework.security.web.ObservationFilterChainDecorator$ObservationFilter.doFilter(ObservationFilterChainDecorator.java:227)
	at org.springframework.security.web.ObservationFilterChainDecorator$VirtualFilterChain.doFilter(ObservationFilterChainDecorator.java:137)
	at de.tum.cit.aet.artemis.core.security.filter.SpaWebFilter.doFilterInternal(SpaWebFilter.java:23)
	at org.springframework.web.filter.OncePerRequestFilter.doFilter(OncePerRequestFilter.java:116)
	at org.springframework.security.web.ObservationFilterChainDecorator$ObservationFilter.wrapFilter(ObservationFilterChainDecorator.java:240)
	at org.springframework.security.web.ObservationFilterChainDecorator$ObservationFilter.doFilter(ObservationFilterChainDecorator.java:227)
	at org.springframework.security.web.ObservationFilterChainDecorator$VirtualFilterChain.doFilter(ObservationFilterChainDecorator.java:137)
	at org.springframework.web.filter.OncePerRequestFilter.doFilter(OncePerRequestFilter.java:110)
	at org.springframework.security.web.ObservationFilterChainDecorator$ObservationFilter.wrapFilter(ObservationFilterChainDecorator.java:240)
	at org.springframework.security.web.ObservationFilterChainDecorator$ObservationFilter.doFilter(ObservationFilterChainDecorator.java:227)
	at org.springframework.security.web.ObservationFilterChainDecorator$VirtualFilterChain.doFilter(ObservationFilterChainDecorator.java:137)
	at de.tum.cit.aet.artemis.lti.config.Lti13LaunchFilter.doFilterInternal(Lti13LaunchFilter.java:60)
	at org.springframework.web.filter.OncePerRequestFilter.doFilter(OncePerRequestFilter.java:116)
	at org.springframework.security.web.ObservationFilterChainDecorator$ObservationFilter.wrapFilter(ObservationFilterChainDecorator.java:240)
	at org.springframework.security.web.ObservationFilterChainDecorator$ObservationFilter.doFilter(ObservationFilterChainDecorator.java:227)
	at org.springframework.security.web.ObservationFilterChainDecorator$VirtualFilterChain.doFilter(ObservationFilterChainDecorator.java:137)
	at de.tum.cit.aet.artemis.core.security.jwt.JWTFilter.doFilter(JWTFilter.java:55)
	at org.springframework.security.web.ObservationFilterChainDecorator$ObservationFilter.wrapFilter(ObservationFilterChainDecorator.java:240)
	at org.springframework.security.web.ObservationFilterChainDecorator$ObservationFilter.doFilter(ObservationFilterChainDecorator.java:227)
	at org.springframework.security.web.ObservationFilterChainDecorator$VirtualFilterChain.doFilter(ObservationFilterChainDecorator.java:137)
	at de.tum.cit.aet.artemis.core.security.jwt.JWTFilter.doFilter(JWTFilter.java:55)
	at org.springframework.security.web.ObservationFilterChainDecorator$ObservationFilter.wrapFilter(ObservationFilterChainDecorator.java:240)
	at org.springframework.security.web.ObservationFilterChainDecorator$ObservationFilter.doFilter(ObservationFilterChainDecorator.java:227)
	at org.springframework.security.web.ObservationFilterChainDecorator$VirtualFilterChain.doFilter(ObservationFilterChainDecorator.java:137)
	at org.springframework.web.filter.CorsFilter.doFilterInternal(CorsFilter.java:91)
	at org.springframework.web.filter.OncePerRequestFilter.doFilter(OncePerRequestFilter.java:116)
	at org.springframework.security.web.ObservationFilterChainDecorator$ObservationFilter.wrapFilter(ObservationFilterChainDecorator.java:240)
	at org.springframework.security.web.ObservationFilterChainDecorator$ObservationFilter.doFilter(ObservationFilterChainDecorator.java:227)
	at org.springframework.security.web.ObservationFilterChainDecorator$VirtualFilterChain.doFilter(ObservationFilterChainDecorator.java:137)
	at org.springframework.web.filter.OncePerRequestFilter.doFilter(OncePerRequestFilter.java:110)
	at org.springframework.security.web.ObservationFilterChainDecorator$ObservationFilter.wrapFilter(ObservationFilterChainDecorator.java:240)
	at org.springframework.security.web.ObservationFilterChainDecorator$ObservationFilter.doFilter(ObservationFilterChainDecorator.java:227)
	at org.springframework.security.web.ObservationFilterChainDecorator$VirtualFilterChain.doFilter(ObservationFilterChainDecorator.java:137)
	at uk.ac.ox.ctl.lti13.security.oauth2.client.lti.web.OAuth2AuthorizationRequestRedirectFilter.doFilterInternal(OAuth2AuthorizationRequestRedirectFilter.java:142)
	at org.springframework.web.filter.OncePerRequestFilter.doFilter(OncePerRequestFilter.java:116)
	at org.springframework.security.web.ObservationFilterChainDecorator$ObservationFilter.wrapFilter(ObservationFilterChainDecorator.java:240)
	at org.springframework.security.web.ObservationFilterChainDecorator$ObservationFilter.doFilter(ObservationFilterChainDecorator.java:227)
	at org.springframework.security.web.ObservationFilterChainDecorator$VirtualFilterChain.doFilter(ObservationFilterChainDecorator.java:137)
	at org.springframework.security.web.authentication.logout.LogoutFilter.doFilter(LogoutFilter.java:107)
	at org.springframework.security.web.authentication.logout.LogoutFilter.doFilter(LogoutFilter.java:93)
	at org.springframework.security.web.ObservationFilterChainDecorator$ObservationFilter.wrapFilter(ObservationFilterChainDecorator.java:240)
	at org.springframework.security.web.ObservationFilterChainDecorator$ObservationFilter.doFilter(ObservationFilterChainDecorator.java:227)
	at org.springframework.security.web.ObservationFilterChainDecorator$VirtualFilterChain.doFilter(ObservationFilterChainDecorator.java:137)
	at org.springframework.security.web.header.HeaderWriterFilter.doHeadersAfter(HeaderWriterFilter.java:90)
	at org.springframework.security.web.header.HeaderWriterFilter.doFilterInternal(HeaderWriterFilter.java:75)
	at org.springframework.web.filter.OncePerRequestFilter.doFilter(OncePerRequestFilter.java:116)
	at org.springframework.security.web.ObservationFilterChainDecorator$ObservationFilter.wrapFilter(ObservationFilterChainDecorator.java:240)
	at org.springframework.security.web.ObservationFilterChainDecorator$ObservationFilter.doFilter(ObservationFilterChainDecorator.java:227)
	at org.springframework.security.web.ObservationFilterChainDecorator$VirtualFilterChain.doFilter(ObservationFilterChainDecorator.java:137)
	at org.springframework.security.web.context.SecurityContextHolderFilter.doFilter(SecurityContextHolderFilter.java:82)
	at org.springframework.security.web.context.SecurityContextHolderFilter.doFilter(SecurityContextHolderFilter.java:69)
	at org.springframework.security.web.ObservationFilterChainDecorator$ObservationFilter.wrapFilter(ObservationFilterChainDecorator.java:240)
	at org.springframework.security.web.ObservationFilterChainDecorator$ObservationFilter.doFilter(ObservationFilterChainDecorator.java:227)
	at org.springframework.security.web.ObservationFilterChainDecorator$VirtualFilterChain.doFilter(ObservationFilterChainDecorator.java:137)
	at org.springframework.security.web.context.request.async.WebAsyncManagerIntegrationFilter.doFilterInternal(WebAsyncManagerIntegrationFilter.java:62)
	at org.springframework.web.filter.OncePerRequestFilter.doFilter(OncePerRequestFilter.java:116)
	at org.springframework.security.web.ObservationFilterChainDecorator$ObservationFilter.wrapFilter(ObservationFilterChainDecorator.java:240)
	at org.springframework.security.web.ObservationFilterChainDecorator$ObservationFilter.doFilter(ObservationFilterChainDecorator.java:227)
	at org.springframework.security.web.ObservationFilterChainDecorator$VirtualFilterChain.doFilter(ObservationFilterChainDecorator.java:137)
	at org.springframework.security.web.session.DisableEncodeUrlFilter.doFilterInternal(DisableEncodeUrlFilter.java:42)
	at org.springframework.web.filter.OncePerRequestFilter.doFilter(OncePerRequestFilter.java:116)
	at org.springframework.security.web.ObservationFilterChainDecorator$ObservationFilter.wrapFilter(ObservationFilterChainDecorator.java:240)
	at org.springframework.security.web.ObservationFilterChainDecorator$AroundFilterObservation$SimpleAroundFilterObservation.lambda$wrap$0(ObservationFilterChainDecorator.java:323)
	at org.springframework.security.web.ObservationFilterChainDecorator$ObservationFilter.doFilter(ObservationFilterChainDecorator.java:224)
	at org.springframework.security.web.ObservationFilterChainDecorator$VirtualFilterChain.doFilter(ObservationFilterChainDecorator.java:137)
	at org.springframework.security.web.FilterChainProxy.doFilterInternal(FilterChainProxy.java:233)
	at org.springframework.security.web.FilterChainProxy.doFilter(FilterChainProxy.java:191)
	at org.springframework.web.filter.CompositeFilter$VirtualFilterChain.doFilter(CompositeFilter.java:113)
	at org.springframework.web.servlet.handler.HandlerMappingIntrospector.lambda$createCacheFilter$3(HandlerMappingIntrospector.java:243)
	at org.springframework.web.filter.CompositeFilter$VirtualFilterChain.doFilter(CompositeFilter.java:113)
	at org.springframework.web.filter.CompositeFilter.doFilter(CompositeFilter.java:74)
	at org.springframework.security.config.annotation.web.configuration.WebMvcSecurityConfiguration$CompositeFilterChainProxy.doFilter(WebMvcSecurityConfiguration.java:238)
	at org.springframework.web.filter.DelegatingFilterProxy.invokeDelegate(DelegatingFilterProxy.java:362)
	at org.springframework.web.filter.DelegatingFilterProxy.doFilter(DelegatingFilterProxy.java:278)
	at org.springframework.test.web.servlet.setup.MockMvcFilterDecorator.doFilter(MockMvcFilterDecorator.java:162)
	at org.springframework.mock.web.MockFilterChain.doFilter(MockFilterChain.java:132)
	at org.springframework.web.filter.RequestContextFilter.doFilterInternal(RequestContextFilter.java:100)
	at org.springframework.web.filter.OncePerRequestFilter.doFilter(OncePerRequestFilter.java:116)
	at org.springframework.test.web.servlet.setup.MockMvcFilterDecorator.doFilter(MockMvcFilterDecorator.java:162)
	at org.springframework.mock.web.MockFilterChain.doFilter(MockFilterChain.java:132)
	at org.springframework.web.filter.FormContentFilter.doFilterInternal(FormContentFilter.java:93)
	at org.springframework.web.filter.OncePerRequestFilter.doFilter(OncePerRequestFilter.java:116)
	at org.springframework.test.web.servlet.setup.MockMvcFilterDecorator.doFilter(MockMvcFilterDecorator.java:162)
	at org.springframework.mock.web.MockFilterChain.doFilter(MockFilterChain.java:132)
	at org.springframework.web.filter.ServerHttpObservationFilter.doFilterInternal(ServerHttpObservationFilter.java:114)
	at org.springframework.web.filter.OncePerRequestFilter.doFilter(OncePerRequestFilter.java:116)
	at org.springframework.test.web.servlet.setup.MockMvcFilterDecorator.doFilter(MockMvcFilterDecorator.java:162)
	at org.springframework.mock.web.MockFilterChain.doFilter(MockFilterChain.java:132)
	at io.sentry.spring.jakarta.tracing.SentryTracingFilter.doFilterInternal(SentryTracingFilter.java:91)
	at org.springframework.web.filter.OncePerRequestFilter.doFilter(OncePerRequestFilter.java:116)
	at org.springframework.test.web.servlet.setup.MockMvcFilterDecorator.doFilter(MockMvcFilterDecorator.java:162)
	at org.springframework.mock.web.MockFilterChain.doFilter(MockFilterChain.java:132)
	at org.springframework.web.filter.CharacterEncodingFilter.doFilterInternal(CharacterEncodingFilter.java:201)
	at org.springframework.web.filter.OncePerRequestFilter.doFilter(OncePerRequestFilter.java:116)
	at org.springframework.test.web.servlet.setup.MockMvcFilterDecorator.doFilter(MockMvcFilterDecorator.java:162)
	at org.springframework.mock.web.MockFilterChain.doFilter(MockFilterChain.java:132)
	at io.sentry.spring.jakarta.SentrySpringFilter.doFilterInternal(SentrySpringFilter.java:76)
	at org.springframework.web.filter.OncePerRequestFilter.doFilter(OncePerRequestFilter.java:116)
	at org.springframework.test.web.servlet.setup.MockMvcFilterDecorator.doFilter(MockMvcFilterDecorator.java:162)
	at org.springframework.mock.web.MockFilterChain.doFilter(MockFilterChain.java:132)
	at org.springframework.test.web.servlet.MockMvc.perform(MockMvc.java:201)
	at de.tum.cit.aet.artemis.core.util.RequestUtilService.performMvcRequest(RequestUtilService.java:79)
	at de.tum.cit.aet.artemis.core.util.RequestUtilService.postWithoutLocation(RequestUtilService.java:213)
	at de.tum.cit.aet.artemis.core.util.RequestUtilService.postWithoutLocation(RequestUtilService.java:199)
	at de.tum.cit.aet.artemis.programming.ProgrammingSubmissionAndResultGitlabJenkinsIntegrationTest.postResult(ProgrammingSubmissionAndResultGitlabJenkinsIntegrationTest.java:413)
	at de.tum.cit.aet.artemis.programming.ProgrammingSubmissionAndResultGitlabJenkinsIntegrationTest.shouldSaveBuildLogsOnStudentParticipationWithoutSubmissionNorResult(ProgrammingSubmissionAndResultGitlabJenkinsIntegrationTest.java:338)
	at java.base/jdk.internal.reflect.DirectMethodHandleAccessor.invoke(DirectMethodHandleAccessor.java:103)
	at java.base/java.lang.reflect.Method.invoke(Method.java:580)
	at org.junit.platform.commons.util.ReflectionUtils.invokeMethod(ReflectionUtils.java:767)
	at org.junit.jupiter.engine.execution.MethodInvocation.proceed(MethodInvocation.java:60)
	at org.junit.jupiter.engine.execution.InvocationInterceptorChain$ValidatingInvocation.proceed(InvocationInterceptorChain.java:131)
	at org.junit.jupiter.engine.extension.TimeoutExtension.intercept(TimeoutExtension.java:156)
	at org.junit.jupiter.engine.extension.TimeoutExtension.interceptTestableMethod(TimeoutExtension.java:147)
	at org.junit.jupiter.engine.extension.TimeoutExtension.interceptTestTemplateMethod(TimeoutExtension.java:94)
	at org.junit.jupiter.engine.execution.InterceptingExecutableInvoker$ReflectiveInterceptorCall.lambda$ofVoidMethod$0(InterceptingExecutableInvoker.java:103)
	at org.junit.jupiter.engine.execution.InterceptingExecutableInvoker.lambda$invoke$0(InterceptingExecutableInvoker.java:93)
	at org.junit.jupiter.engine.execution.InvocationInterceptorChain$InterceptedInvocation.proceed(InvocationInterceptorChain.java:106)
	at org.junit.jupiter.engine.execution.InvocationInterceptorChain.proceed(InvocationInterceptorChain.java:64)
	at org.junit.jupiter.engine.execution.InvocationInterceptorChain.chainAndInvoke(InvocationInterceptorChain.java:45)
	at org.junit.jupiter.engine.execution.InvocationInterceptorChain.invoke(InvocationInterceptorChain.java:37)
	at org.junit.jupiter.engine.execution.InterceptingExecutableInvoker.invoke(InterceptingExecutableInvoker.java:92)
	at org.junit.jupiter.engine.execution.InterceptingExecutableInvoker.invoke(InterceptingExecutableInvoker.java:86)
	at org.junit.jupiter.engine.descriptor.TestMethodTestDescriptor.lambda$invokeTestMethod$8(TestMethodTestDescriptor.java:217)
	at org.junit.platform.engine.support.hierarchical.ThrowableCollector.execute(ThrowableCollector.java:73)
	at org.junit.jupiter.engine.descriptor.TestMethodTestDescriptor.invokeTestMethod(TestMethodTestDescriptor.java:213)
	at org.junit.jupiter.engine.descriptor.TestMethodTestDescriptor.execute(TestMethodTestDescriptor.java:138)
	at org.junit.jupiter.engine.descriptor.TestMethodTestDescriptor.execute(TestMethodTestDescriptor.java:68)
	at org.junit.platform.engine.support.hierarchical.NodeTestTask.lambda$executeRecursively$6(NodeTestTask.java:156)
	at org.junit.platform.engine.support.hierarchical.ThrowableCollector.execute(ThrowableCollector.java:73)
	at org.junit.platform.engine.support.hierarchical.NodeTestTask.lambda$executeRecursively$8(NodeTestTask.java:146)
	at org.junit.platform.engine.support.hierarchical.Node.around(Node.java:137)
	at org.junit.platform.engine.support.hierarchical.NodeTestTask.lambda$executeRecursively$9(NodeTestTask.java:144)
	at org.junit.platform.engine.support.hierarchical.ThrowableCollector.execute(ThrowableCollector.java:73)
	at org.junit.platform.engine.support.hierarchical.NodeTestTask.executeRecursively(NodeTestTask.java:143)
	at org.junit.platform.engine.support.hierarchical.NodeTestTask.execute(NodeTestTask.java:100)
	at org.junit.platform.engine.support.hierarchical.ForkJoinPoolHierarchicalTestExecutorService$ExclusiveTask.exec(ForkJoinPoolHierarchicalTestExecutorService.java:274)
	at org.junit.platform.engine.support.hierarchical.ForkJoinPoolHierarchicalTestExecutorService$ExclusiveTask.execSync(ForkJoinPoolHierarchicalTestExecutorService.java:247)
	at org.junit.platform.engine.support.hierarchical.ForkJoinPoolHierarchicalTestExecutorService.submit(ForkJoinPoolHierarchicalTestExecutorService.java:148)
	at org.junit.platform.engine.support.hierarchical.NodeTestTask$DefaultDynamicTestExecutor.execute(NodeTestTask.java:231)
	at org.junit.platform.engine.support.hierarchical.NodeTestTask$DefaultDynamicTestExecutor.execute(NodeTestTask.java:209)
	at org.junit.jupiter.engine.descriptor.TestTemplateTestDescriptor.execute(TestTemplateTestDescriptor.java:141)
	at org.junit.jupiter.engine.descriptor.TestTemplateTestDescriptor.lambda$execute$3(TestTemplateTestDescriptor.java:109)
	at java.base/java.util.stream.ForEachOps$ForEachOp$OfRef.accept(ForEachOps.java:184)
	at java.base/java.util.stream.ReferencePipeline$3$1.accept(ReferencePipeline.java:197)
	at java.base/java.util.stream.ReferencePipeline$2$1.accept(ReferencePipeline.java:179)
	at java.base/java.util.stream.ReferencePipeline$3$1.accept(ReferencePipeline.java:197)
	at java.base/java.util.stream.ForEachOps$ForEachOp$OfRef.accept(ForEachOps.java:184)
	at java.base/java.util.stream.ReferencePipeline$3$1.accept(ReferencePipeline.java:197)
	at java.base/java.util.stream.ForEachOps$ForEachOp$OfRef.accept(ForEachOps.java:184)
	at java.base/java.util.stream.ForEachOps$ForEachOp$OfRef.accept(ForEachOps.java:184)
	at java.base/java.util.stream.ReferencePipeline$3$1.accept(ReferencePipeline.java:197)
	at java.base/java.util.stream.ForEachOps$ForEachOp$OfRef.accept(ForEachOps.java:184)
	at java.base/java.util.Spliterators$ArraySpliterator.forEachRemaining(Spliterators.java:1024)
	at java.base/java.util.stream.ReferencePipeline$Head.forEach(ReferencePipeline.java:762)
	at java.base/java.util.stream.ReferencePipeline$7$1.accept(ReferencePipeline.java:276)
	at java.base/java.util.Iterator.forEachRemaining(Iterator.java:133)
	at java.base/java.util.Spliterators$IteratorSpliterator.forEachRemaining(Spliterators.java:1939)
	at java.base/java.util.stream.AbstractPipeline.copyInto(AbstractPipeline.java:509)
	at java.base/java.util.stream.AbstractPipeline.wrapAndCopyInto(AbstractPipeline.java:499)
	at java.base/java.util.stream.ForEachOps$ForEachOp.evaluateSequential(ForEachOps.java:151)
	at java.base/java.util.stream.ForEachOps$ForEachOp$OfRef.evaluateSequential(ForEachOps.java:174)
	at java.base/java.util.stream.AbstractPipeline.evaluate(AbstractPipeline.java:234)
	at java.base/java.util.stream.ReferencePipeline.forEach(ReferencePipeline.java:596)
	at java.base/java.util.stream.ReferencePipeline$7$1.accept(ReferencePipeline.java:276)
	at java.base/java.util.stream.ReferencePipeline$3$1.accept(ReferencePipeline.java:197)
	at java.base/java.util.stream.ReferencePipeline$3$1.accept(ReferencePipeline.java:197)
	at java.base/java.util.stream.ReferencePipeline$3$1.accept(ReferencePipeline.java:197)
	at java.base/java.util.Spliterators$ArraySpliterator.forEachRemaining(Spliterators.java:1024)
	at java.base/java.util.stream.AbstractPipeline.copyInto(AbstractPipeline.java:509)
	at java.base/java.util.stream.AbstractPipeline.wrapAndCopyInto(AbstractPipeline.java:499)
	at java.base/java.util.stream.ForEachOps$ForEachOp.evaluateSequential(ForEachOps.java:151)
	at java.base/java.util.stream.ForEachOps$ForEachOp$OfRef.evaluateSequential(ForEachOps.java:174)
	at java.base/java.util.stream.AbstractPipeline.evaluate(AbstractPipeline.java:234)
	at java.base/java.util.stream.ReferencePipeline.forEach(ReferencePipeline.java:596)
	at java.base/java.util.stream.ReferencePipeline$7$1.accept(ReferencePipeline.java:276)
	at java.base/java.util.ArrayList$ArrayListSpliterator.forEachRemaining(ArrayList.java:1708)
	at java.base/java.util.stream.AbstractPipeline.copyInto(AbstractPipeline.java:509)
	at java.base/java.util.stream.AbstractPipeline.wrapAndCopyInto(AbstractPipeline.java:499)
	at java.base/java.util.stream.ForEachOps$ForEachOp.evaluateSequential(ForEachOps.java:151)
	at java.base/java.util.stream.ForEachOps$ForEachOp$OfRef.evaluateSequential(ForEachOps.java:174)
	at java.base/java.util.stream.AbstractPipeline.evaluate(AbstractPipeline.java:234)
	at java.base/java.util.stream.ReferencePipeline.forEach(ReferencePipeline.java:596)
	at java.base/java.util.stream.ReferencePipeline$7$1.accept(ReferencePipeline.java:276)
	at java.base/java.util.stream.ReferencePipeline$3$1.accept(ReferencePipeline.java:197)
	at java.base/java.util.stream.ReferencePipeline$3$1.accept(ReferencePipeline.java:197)
	at java.base/java.util.stream.ReferencePipeline$3$1.accept(ReferencePipeline.java:197)
	at java.base/java.util.ArrayList$ArrayListSpliterator.forEachRemaining(ArrayList.java:1708)
	at java.base/java.util.stream.AbstractPipeline.copyInto(AbstractPipeline.java:509)
	at java.base/java.util.stream.AbstractPipeline.wrapAndCopyInto(AbstractPipeline.java:499)
	at java.base/java.util.stream.ForEachOps$ForEachOp.evaluateSequential(ForEachOps.java:151)
	at java.base/java.util.stream.ForEachOps$ForEachOp$OfRef.evaluateSequential(ForEachOps.java:174)
	at java.base/java.util.stream.AbstractPipeline.evaluate(AbstractPipeline.java:234)
	at java.base/java.util.stream.ReferencePipeline.forEach(ReferencePipeline.java:596)
	at java.base/java.util.stream.ReferencePipeline$7$1.accept(ReferencePipeline.java:276)
	at java.base/java.util.ArrayList$ArrayListSpliterator.forEachRemaining(ArrayList.java:1708)
	at java.base/java.util.stream.AbstractPipeline.copyInto(AbstractPipeline.java:509)
	at java.base/java.util.stream.AbstractPipeline.wrapAndCopyInto(AbstractPipeline.java:499)
	at java.base/java.util.stream.ForEachOps$ForEachOp.evaluateSequential(ForEachOps.java:151)
	at java.base/java.util.stream.ForEachOps$ForEachOp$OfRef.evaluateSequential(ForEachOps.java:174)
	at java.base/java.util.stream.AbstractPipeline.evaluate(AbstractPipeline.java:234)
	at java.base/java.util.stream.ReferencePipeline.forEach(ReferencePipeline.java:596)
	at org.junit.jupiter.engine.descriptor.TestTemplateTestDescriptor.execute(TestTemplateTestDescriptor.java:109)
	at org.junit.jupiter.engine.descriptor.TestTemplateTestDescriptor.execute(TestTemplateTestDescriptor.java:43)
	at org.junit.platform.engine.support.hierarchical.NodeTestTask.lambda$executeRecursively$6(NodeTestTask.java:156)
	at org.junit.platform.engine.support.hierarchical.ThrowableCollector.execute(ThrowableCollector.java:73)
	at org.junit.platform.engine.support.hierarchical.NodeTestTask.lambda$executeRecursively$8(NodeTestTask.java:146)
	at org.junit.platform.engine.support.hierarchical.Node.around(Node.java:137)
	at org.junit.platform.engine.support.hierarchical.NodeTestTask.lambda$executeRecursively$9(NodeTestTask.java:144)
	at org.junit.platform.engine.support.hierarchical.ThrowableCollector.execute(ThrowableCollector.java:73)
	at org.junit.platform.engine.support.hierarchical.NodeTestTask.executeRecursively(NodeTestTask.java:143)
	at org.junit.platform.engine.support.hierarchical.NodeTestTask.execute(NodeTestTask.java:100)
	at org.junit.platform.engine.support.hierarchical.ForkJoinPoolHierarchicalTestExecutorService$ExclusiveTask.exec(ForkJoinPoolHierarchicalTestExecutorService.java:274)
	at org.junit.platform.engine.support.hierarchical.ForkJoinPoolHierarchicalTestExecutorService$ExclusiveTask.execSync(ForkJoinPoolHierarchicalTestExecutorService.java:247)
	at org.junit.platform.engine.support.hierarchical.ForkJoinPoolHierarchicalTestExecutorService.executeSync(ForkJoinPoolHierarchicalTestExecutorService.java:194)
	at org.junit.platform.engine.support.hierarchical.ForkJoinPoolHierarchicalTestExecutorService.invokeAll(ForkJoinPoolHierarchicalTestExecutorService.java:166)
	at org.junit.platform.engine.support.hierarchical.NodeTestTask.lambda$executeRecursively$6(NodeTestTask.java:160)
	at org.junit.platform.engine.support.hierarchical.ThrowableCollector.execute(ThrowableCollector.java:73)
	at org.junit.platform.engine.support.hierarchical.NodeTestTask.lambda$executeRecursively$8(NodeTestTask.java:146)
	at org.junit.platform.engine.support.hierarchical.Node.around(Node.java:137)
	at org.junit.platform.engine.support.hierarchical.NodeTestTask.lambda$executeRecursively$9(NodeTestTask.java:144)
	at org.junit.platform.engine.support.hierarchical.ThrowableCollector.execute(ThrowableCollector.java:73)
	at org.junit.platform.engine.support.hierarchical.NodeTestTask.executeRecursively(NodeTestTask.java:143)
	at org.junit.platform.engine.support.hierarchical.NodeTestTask.execute(NodeTestTask.java:100)
	at org.junit.platform.engine.support.hierarchical.ForkJoinPoolHierarchicalTestExecutorService$ExclusiveTask.exec(ForkJoinPoolHierarchicalTestExecutorService.java:274)
	at java.base/java.util.concurrent.ForkJoinTask.doExec(ForkJoinTask.java:387)
	at java.base/java.util.concurrent.ForkJoinPool$WorkQueue.topLevelExec(ForkJoinPool.java:1312)
	at java.base/java.util.concurrent.ForkJoinPool.scan(ForkJoinPool.java:1843)
	at java.base/java.util.concurrent.ForkJoinPool.runWorker(ForkJoinPool.java:1808)
	at java.base/java.util.concurrent.ForkJoinWorkerThread.run(ForkJoinWorkerThread.java:188)
    23:48:51.597 | 463 ool-1-worker-227 | DEBUG | .c.s.m.InstanceMessageReceiveService : Received schedule participant score for exercise 3248 and participant 773 (result to be deleted: null)
    23:48:51.597 | 463 ool-1-worker-227 | DEBUG | .a.s.ParticipantScoreScheduleService : Scheduled task for exercise 3248 and participant 773 at 2025-02-14T23:48:51.697591096Z[Etc/UTC].
    23:48:51.598 | 463 ool-1-worker-227 | DEBUG | .a.a.p.s.ProgrammingMessagingService : Send result to client over websocket. Result: Result{id793, completionDate=2025-02-14T23:48:51.572684500Z, successful=false, score=0.0, rated=true, assessmentType=AUTOMATIC, hasComplaint=null, testCaseCount=0, passedTestCaseCount=0, codeIssueCount=0}, Submission: ProgrammingSubmission{commitHash='9b3a9bd71a0d80e5bbc42204c319ed3d1d4f0d6d', buildFailed=true, buildArtifact=false, type=MANUAL}, Participation: ProgrammingExerciseStudentParticipation{id=4058, repositoryUri='https://version-control.fake.fake/git/SHORTF18A1707064C50430F0AAB409531B1DDE576TSTEXC/shortf18a1707064c50430f0aab409531b1dde576tstexc-progsubresgitlabjenstudent1.git', buildPlanId='SHORTF18A1707064C50430F0AAB409531B1DDE576TSTEXC-PROGSUBRESGITLABJENSTUDENT1', initializationState='INITIALIZED', initializationDate='2025-02-14T23:48:51.571047Z', individualDueDate=null', presentationScore=null}
    23:48:51.600 | 463 ool-1-worker-227 | INFO  | d.t.c.a.a.a.w.o.PublicResultResource : The new result for SHORTF18A1707064C50430F0AAB409531B1DDE576TSTEXC-PROGSUBRESGITLABJENSTUDENT1 was saved successfully
    23:48:51.603 | 463 ool-1-worker-227 | DEBUG | d.t.c.a.a.c.s.f.ApiVersionFilter     : Adding Version to Request GET /api/repository/4058/buildlogs
    23:48:51.603 | 463 ool-1-worker-227 | DEBUG | rammingExerciseParticipationResource : REST request to get build log : 4058

  Starting logs for ProgrammingSubmissionAndResultGitlabJenkinsIntegrationTest > shouldSaveBuildLogsOnStudentParticipationWithoutSubmissionNorResult(ProgrammingLanguage, boolean) [25] programmingLanguage=ASSEMBLER, enableStaticCodeAnalysis=true
    23:48:51.615 | 463 ool-1-worker-227 | DEBUG | d.t.c.a.a.c.u.util.UserUtilService   : Generate 3 students...
    23:48:51.619 | 463 ool-1-worker-227 | DEBUG | d.t.c.a.a.c.u.util.UserUtilService   : 3 students generated. Generate 2 tutors...
    23:48:51.622 | 463 ool-1-worker-227 | DEBUG | d.t.c.a.a.c.u.util.UserUtilService   : 2 tutors generated. Generate 0 editors...
    23:48:51.623 | 463 ool-1-worker-227 | DEBUG | d.t.c.a.a.c.u.util.UserUtilService   : 0 editors generated. Generate 2 instructors...
    23:48:51.626 | 463 ool-1-worker-227 | DEBUG | d.t.c.a.a.c.u.util.UserUtilService   : 2 instructors generated
    23:48:51.627 | 463 ool-1-worker-227 | DEBUG | d.t.c.a.a.c.u.util.UserUtilService   : Removing 7 users from all courses...
    23:48:51.628 | 463 ool-1-worker-227 | DEBUG | d.t.c.a.a.c.u.util.UserUtilService   : Removing 7 users from all courses. Done
    23:48:51.628 | 463 ool-1-worker-227 | DEBUG | d.t.c.a.a.c.u.util.UserUtilService   : Save 7 users to database...
    23:48:51.631 | 463 ool-1-worker-227 | DEBUG | d.t.c.a.a.c.u.util.UserUtilService   : Save 7 users to database. Done
    23:48:51.645 | 463 ool-1-worker-227 | DEBUG | PersonalAccessTokenManagementService : Generate secure vcs access token
    23:48:51.647 | 463 ool-1-worker-227 | DEBUG | PersonalAccessTokenManagementService : Generate secure vcs access token
    23:48:51.649 | 463 ool-1-worker-227 | INFO  | i.z.t.d.l.EmbeddedDatabaseReporter   : JDBC URL to connect to 'dataSource': url='jdbc:h2:tcp://localhost:41063/mem:736625c0-cf5e-400d-aeaa-8a7eabd6262b;USER=sa', scope='ProgrammingSubmissionAndResultGitlabJenkinsIntegrationTest#shouldSaveBuildLogsOnStudentParticipationWithoutSubmissionNorResult'
    23:48:51.661 | 463 ool-1-worker-227 | DEBUG | PersonalAccessTokenManagementService : Generate secure vcs access token
    23:48:51.664 | 463 ool-1-worker-227 | DEBUG | d.t.c.a.a.c.s.f.ApiVersionFilter     : Adding Version to Request POST /api/public/programming-exercises/new-result
    23:48:51.664 | 463 ool-1-worker-227 | DEBUG | d.t.c.a.a.a.w.o.PublicResultResource : Received result notify (NEW)
    23:48:51.667 | 463 ool-1-worker-227 | INFO  | d.t.c.a.a.a.w.o.PublicResultResource : Artemis received a new result for build plan SHORTDC1D5CBA09955042690855303217CB228D7CTSTEXC-PROGSUBRESGITLABJENSTUDENT1
    23:48:51.669 | 463 ool-1-worker-227 | DEBUG | .s.ProgrammingExerciseGradingService : Received new build result (NEW) for participation 4065
    23:48:51.672 | 463 ool-1-worker-227 | WARN  | .s.ProgrammingExerciseGradingService : Could not find pending ProgrammingSubmission for Commit Hash 9b3a9bd71a0d80e5bbc42204c319ed3d1d4f0d6d (Participation 4065, Build Plan SHORTDC1D5CBA09955042690855303217CB228D7CTSTEXC-PROGSUBRESGITLABJENSTUDENT1). Will create a new one subsequently...
    23:48:51.672 | 463 ool-1-worker-227 | ERROR | .s.ProgrammingExerciseGradingService : Could not retrieve push date for participation 4065 and build plan SHORTDC1D5CBA09955042690855303217CB228D7CTSTEXC-PROGSUBRESGITLABJENSTUDENT1
de.tum.cit.aet.artemis.programming.service.gitlab.GitLabException: Could not find build queue date for participation 4065
	at de.tum.cit.aet.artemis.programming.service.gitlab.GitLabService.getPushDate(GitLabService.java:369)
	at de.tum.cit.aet.artemis.programming.service.gitlab.GitLabService.getPushDate(GitLabService.java:358)
	at de.tum.cit.aet.artemis.programming.service.ProgrammingExerciseGradingService.createAndSaveFallbackSubmission(ProgrammingExerciseGradingService.java:286)
	at de.tum.cit.aet.artemis.programming.service.ProgrammingExerciseGradingService.createAndSaveFallbackSubmission(ProgrammingExerciseGradingService.java:272)
	at de.tum.cit.aet.artemis.programming.service.ProgrammingExerciseGradingService.lambda$processNewProgrammingExerciseResult$0(ProgrammingExerciseGradingService.java:177)
	at java.base/java.util.Optional.orElseGet(Optional.java:364)
	at de.tum.cit.aet.artemis.programming.service.ProgrammingExerciseGradingService.processNewProgrammingExerciseResult(ProgrammingExerciseGradingService.java:177)
	at de.tum.cit.aet.artemis.programming.service.ProgrammingExerciseGradingService.processNewProgrammingExerciseResult(ProgrammingExerciseGradingService.java:156)
	at de.tum.cit.aet.artemis.assessment.web.open.PublicResultResource.processNewProgrammingExerciseResult(PublicResultResource.java:113)
	at java.base/jdk.internal.reflect.DirectMethodHandleAccessor.invoke(DirectMethodHandleAccessor.java:103)
	at java.base/java.lang.reflect.Method.invoke(Method.java:580)
	at org.springframework.aop.support.AopUtils.invokeJoinpointUsingReflection(AopUtils.java:359)
	at org.springframework.aop.framework.ReflectiveMethodInvocation.invokeJoinpoint(ReflectiveMethodInvocation.java:196)
	at org.springframework.aop.framework.ReflectiveMethodInvocation.proceed(ReflectiveMethodInvocation.java:163)
	at org.springframework.security.authorization.method.AuthorizationManagerBeforeMethodInterceptor.proceed(AuthorizationManagerBeforeMethodInterceptor.java:268)
	at org.springframework.security.authorization.method.AuthorizationManagerBeforeMethodInterceptor.attemptAuthorization(AuthorizationManagerBeforeMethodInterceptor.java:263)
	at org.springframework.security.authorization.method.AuthorizationManagerBeforeMethodInterceptor.invoke(AuthorizationManagerBeforeMethodInterceptor.java:196)
	at org.springframework.security.config.annotation.method.configuration.DeferringMethodInterceptor.invoke(DeferringMethodInterceptor.java:44)
	at org.springframework.aop.framework.ReflectiveMethodInvocation.proceed(ReflectiveMethodInvocation.java:184)
	at org.springframework.aop.framework.CglibAopProxy$DynamicAdvisedInterceptor.intercept(CglibAopProxy.java:727)
	at de.tum.cit.aet.artemis.assessment.web.open.PublicResultResource$$SpringCGLIB$$0.processNewProgrammingExerciseResult(<generated>)
	at java.base/jdk.internal.reflect.DirectMethodHandleAccessor.invoke(DirectMethodHandleAccessor.java:103)
	at java.base/java.lang.reflect.Method.invoke(Method.java:580)
	at org.springframework.web.method.support.InvocableHandlerMethod.doInvoke(InvocableHandlerMethod.java:257)
	at org.springframework.web.method.support.InvocableHandlerMethod.invokeForRequest(InvocableHandlerMethod.java:190)
	at org.springframework.web.servlet.mvc.method.annotation.ServletInvocableHandlerMethod.invokeAndHandle(ServletInvocableHandlerMethod.java:118)
	at org.springframework.web.servlet.mvc.method.annotation.RequestMappingHandlerAdapter.invokeHandlerMethod(RequestMappingHandlerAdapter.java:986)
	at org.springframework.web.servlet.mvc.method.annotation.RequestMappingHandlerAdapter.handleInternal(RequestMappingHandlerAdapter.java:891)
	at org.springframework.web.servlet.mvc.method.AbstractHandlerMethodAdapter.handle(AbstractHandlerMethodAdapter.java:87)
	at org.springframework.web.servlet.DispatcherServlet.doDispatch(DispatcherServlet.java:1088)
	at org.springframework.web.servlet.DispatcherServlet.doService(DispatcherServlet.java:978)
	at org.springframework.web.servlet.FrameworkServlet.processRequest(FrameworkServlet.java:1014)
	at org.springframework.web.servlet.FrameworkServlet.doPost(FrameworkServlet.java:914)
	at jakarta.servlet.http.HttpServlet.service(HttpServlet.java:547)
	at org.springframework.web.servlet.FrameworkServlet.service(FrameworkServlet.java:885)
	at org.springframework.test.web.servlet.TestDispatcherServlet.service(TestDispatcherServlet.java:72)
	at jakarta.servlet.http.HttpServlet.service(HttpServlet.java:614)
	at org.springframework.mock.web.MockFilterChain$ServletFilterProxy.doFilter(MockFilterChain.java:165)
	at org.springframework.mock.web.MockFilterChain.doFilter(MockFilterChain.java:132)
	at org.springframework.web.filter.OncePerRequestFilter.doFilter(OncePerRequestFilter.java:110)
	at org.springframework.test.web.servlet.setup.MockMvcFilterDecorator.doFilter(MockMvcFilterDecorator.java:162)
	at org.springframework.mock.web.MockFilterChain.doFilter(MockFilterChain.java:132)
	at de.tum.cit.aet.artemis.core.security.filter.ApiVersionFilter.doFilter(ApiVersionFilter.java:55)
	at org.springframework.test.web.servlet.setup.MockMvcFilterDecorator.doFilter(MockMvcFilterDecorator.java:162)
	at org.springframework.mock.web.MockFilterChain.doFilter(MockFilterChain.java:132)
	at io.sentry.spring.jakarta.SentryUserFilter.doFilterInternal(SentryUserFilter.java:56)
	at org.springframework.web.filter.OncePerRequestFilter.doFilter(OncePerRequestFilter.java:116)
	at org.springframework.test.web.servlet.setup.MockMvcFilterDecorator.doFilter(MockMvcFilterDecorator.java:162)
	at org.springframework.mock.web.MockFilterChain.doFilter(MockFilterChain.java:132)
	at org.springframework.web.filter.CompositeFilter$VirtualFilterChain.doFilter(CompositeFilter.java:108)
	at org.springframework.security.web.FilterChainProxy.lambda$doFilterInternal$3(FilterChainProxy.java:231)
	at org.springframework.security.web.ObservationFilterChainDecorator$FilterObservation$SimpleFilterObservation.lambda$wrap$1(ObservationFilterChainDecorator.java:479)
	at org.springframework.security.web.ObservationFilterChainDecorator$AroundFilterObservation$SimpleAroundFilterObservation.lambda$wrap$1(ObservationFilterChainDecorator.java:340)
	at org.springframework.security.web.ObservationFilterChainDecorator.lambda$wrapSecured$0(ObservationFilterChainDecorator.java:82)
	at org.springframework.security.web.ObservationFilterChainDecorator$VirtualFilterChain.doFilter(ObservationFilterChainDecorator.java:128)
	at org.springframework.security.web.access.intercept.AuthorizationFilter.doFilter(AuthorizationFilter.java:101)
	at org.springframework.security.web.ObservationFilterChainDecorator$ObservationFilter.wrapFilter(ObservationFilterChainDecorator.java:240)
	at org.springframework.security.web.ObservationFilterChainDecorator$ObservationFilter.doFilter(ObservationFilterChainDecorator.java:227)
	at org.springframework.security.web.ObservationFilterChainDecorator$VirtualFilterChain.doFilter(ObservationFilterChainDecorator.java:137)
	at org.springframework.security.web.access.ExceptionTranslationFilter.doFilter(ExceptionTranslationFilter.java:126)
	at org.springframework.security.web.access.ExceptionTranslationFilter.doFilter(ExceptionTranslationFilter.java:120)
	at org.springframework.security.web.ObservationFilterChainDecorator$ObservationFilter.wrapFilter(ObservationFilterChainDecorator.java:240)
	at org.springframework.security.web.ObservationFilterChainDecorator$ObservationFilter.doFilter(ObservationFilterChainDecorator.java:227)
	at org.springframework.security.web.ObservationFilterChainDecorator$VirtualFilterChain.doFilter(ObservationFilterChainDecorator.java:137)
	at org.springframework.security.web.session.SessionManagementFilter.doFilter(SessionManagementFilter.java:131)
	at org.springframework.security.web.session.SessionManagementFilter.doFilter(SessionManagementFilter.java:85)
	at org.springframework.security.web.ObservationFilterChainDecorator$ObservationFilter.wrapFilter(ObservationFilterChainDecorator.java:240)
	at org.springframework.security.web.ObservationFilterChainDecorator$ObservationFilter.doFilter(ObservationFilterChainDecorator.java:227)
	at org.springframework.security.web.ObservationFilterChainDecorator$VirtualFilterChain.doFilter(ObservationFilterChainDecorator.java:137)
	at org.springframework.security.web.authentication.AnonymousAuthenticationFilter.doFilter(AnonymousAuthenticationFilter.java:100)
	at org.springframework.security.web.ObservationFilterChainDecorator$ObservationFilter.wrapFilter(ObservationFilterChainDecorator.java:240)
	at org.springframework.security.web.ObservationFilterChainDecorator$ObservationFilter.doFilter(ObservationFilterChainDecorator.java:227)
	at org.springframework.security.web.ObservationFilterChainDecorator$VirtualFilterChain.doFilter(ObservationFilterChainDecorator.java:137)
	at org.springframework.security.web.servletapi.SecurityContextHolderAwareRequestFilter.doFilter(SecurityContextHolderAwareRequestFilter.java:179)
	at org.springframework.security.web.ObservationFilterChainDecorator$ObservationFilter.wrapFilter(ObservationFilterChainDecorator.java:240)
	at org.springframework.security.web.ObservationFilterChainDecorator$ObservationFilter.doFilter(ObservationFilterChainDecorator.java:227)
	at org.springframework.security.web.ObservationFilterChainDecorator$VirtualFilterChain.doFilter(ObservationFilterChainDecorator.java:137)
	at org.springframework.security.web.savedrequest.RequestCacheAwareFilter.doFilter(RequestCacheAwareFilter.java:63)
	at org.springframework.security.web.ObservationFilterChainDecorator$ObservationFilter.wrapFilter(ObservationFilterChainDecorator.java:240)
	at org.springframework.security.web.ObservationFilterChainDecorator$ObservationFilter.doFilter(ObservationFilterChainDecorator.java:227)
	at org.springframework.security.web.ObservationFilterChainDecorator$VirtualFilterChain.doFilter(ObservationFilterChainDecorator.java:137)
	at de.tum.cit.aet.artemis.core.security.filter.SpaWebFilter.doFilterInternal(SpaWebFilter.java:23)
	at org.springframework.web.filter.OncePerRequestFilter.doFilter(OncePerRequestFilter.java:116)
	at org.springframework.security.web.ObservationFilterChainDecorator$ObservationFilter.wrapFilter(ObservationFilterChainDecorator.java:240)
	at org.springframework.security.web.ObservationFilterChainDecorator$ObservationFilter.doFilter(ObservationFilterChainDecorator.java:227)
	at org.springframework.security.web.ObservationFilterChainDecorator$VirtualFilterChain.doFilter(ObservationFilterChainDecorator.java:137)
	at org.springframework.web.filter.OncePerRequestFilter.doFilter(OncePerRequestFilter.java:110)
	at org.springframework.security.web.ObservationFilterChainDecorator$ObservationFilter.wrapFilter(ObservationFilterChainDecorator.java:240)
	at org.springframework.security.web.ObservationFilterChainDecorator$ObservationFilter.doFilter(ObservationFilterChainDecorator.java:227)
	at org.springframework.security.web.ObservationFilterChainDecorator$VirtualFilterChain.doFilter(ObservationFilterChainDecorator.java:137)
	at de.tum.cit.aet.artemis.lti.config.Lti13LaunchFilter.doFilterInternal(Lti13LaunchFilter.java:60)
	at org.springframework.web.filter.OncePerRequestFilter.doFilter(OncePerRequestFilter.java:116)
	at org.springframework.security.web.ObservationFilterChainDecorator$ObservationFilter.wrapFilter(ObservationFilterChainDecorator.java:240)
	at org.springframework.security.web.ObservationFilterChainDecorator$ObservationFilter.doFilter(ObservationFilterChainDecorator.java:227)
	at org.springframework.security.web.ObservationFilterChainDecorator$VirtualFilterChain.doFilter(ObservationFilterChainDecorator.java:137)
	at de.tum.cit.aet.artemis.core.security.jwt.JWTFilter.doFilter(JWTFilter.java:55)
	at org.springframework.security.web.ObservationFilterChainDecorator$ObservationFilter.wrapFilter(ObservationFilterChainDecorator.java:240)
	at org.springframework.security.web.ObservationFilterChainDecorator$ObservationFilter.doFilter(ObservationFilterChainDecorator.java:227)
	at org.springframework.security.web.ObservationFilterChainDecorator$VirtualFilterChain.doFilter(ObservationFilterChainDecorator.java:137)
	at de.tum.cit.aet.artemis.core.security.jwt.JWTFilter.doFilter(JWTFilter.java:55)
	at org.springframework.security.web.ObservationFilterChainDecorator$ObservationFilter.wrapFilter(ObservationFilterChainDecorator.java:240)
	at org.springframework.security.web.ObservationFilterChainDecorator$ObservationFilter.doFilter(ObservationFilterChainDecorator.java:227)
	at org.springframework.security.web.ObservationFilterChainDecorator$VirtualFilterChain.doFilter(ObservationFilterChainDecorator.java:137)
	at org.springframework.web.filter.CorsFilter.doFilterInternal(CorsFilter.java:91)
	at org.springframework.web.filter.OncePerRequestFilter.doFilter(OncePerRequestFilter.java:116)
	at org.springframework.security.web.ObservationFilterChainDecorator$ObservationFilter.wrapFilter(ObservationFilterChainDecorator.java:240)
	at org.springframework.security.web.ObservationFilterChainDecorator$ObservationFilter.doFilter(ObservationFilterChainDecorator.java:227)
	at org.springframework.security.web.ObservationFilterChainDecorator$VirtualFilterChain.doFilter(ObservationFilterChainDecorator.java:137)
	at org.springframework.web.filter.OncePerRequestFilter.doFilter(OncePerRequestFilter.java:110)
	at org.springframework.security.web.ObservationFilterChainDecorator$ObservationFilter.wrapFilter(ObservationFilterChainDecorator.java:240)
	at org.springframework.security.web.ObservationFilterChainDecorator$ObservationFilter.doFilter(ObservationFilterChainDecorator.java:227)
	at org.springframework.security.web.ObservationFilterChainDecorator$VirtualFilterChain.doFilter(ObservationFilterChainDecorator.java:137)
	at uk.ac.ox.ctl.lti13.security.oauth2.client.lti.web.OAuth2AuthorizationRequestRedirectFilter.doFilterInternal(OAuth2AuthorizationRequestRedirectFilter.java:142)
	at org.springframework.web.filter.OncePerRequestFilter.doFilter(OncePerRequestFilter.java:116)
	at org.springframework.security.web.ObservationFilterChainDecorator$ObservationFilter.wrapFilter(ObservationFilterChainDecorator.java:240)
	at org.springframework.security.web.ObservationFilterChainDecorator$ObservationFilter.doFilter(ObservationFilterChainDecorator.java:227)
	at org.springframework.security.web.ObservationFilterChainDecorator$VirtualFilterChain.doFilter(ObservationFilterChainDecorator.java:137)
	at org.springframework.security.web.authentication.logout.LogoutFilter.doFilter(LogoutFilter.java:107)
	at org.springframework.security.web.authentication.logout.LogoutFilter.doFilter(LogoutFilter.java:93)
	at org.springframework.security.web.ObservationFilterChainDecorator$ObservationFilter.wrapFilter(ObservationFilterChainDecorator.java:240)
	at org.springframework.security.web.ObservationFilterChainDecorator$ObservationFilter.doFilter(ObservationFilterChainDecorator.java:227)
	at org.springframework.security.web.ObservationFilterChainDecorator$VirtualFilterChain.doFilter(ObservationFilterChainDecorator.java:137)
	at org.springframework.security.web.header.HeaderWriterFilter.doHeadersAfter(HeaderWriterFilter.java:90)
	at org.springframework.security.web.header.HeaderWriterFilter.doFilterInternal(HeaderWriterFilter.java:75)
	at org.springframework.web.filter.OncePerRequestFilter.doFilter(OncePerRequestFilter.java:116)
	at org.springframework.security.web.ObservationFilterChainDecorator$ObservationFilter.wrapFilter(ObservationFilterChainDecorator.java:240)
	at org.springframework.security.web.ObservationFilterChainDecorator$ObservationFilter.doFilter(ObservationFilterChainDecorator.java:227)
	at org.springframework.security.web.ObservationFilterChainDecorator$VirtualFilterChain.doFilter(ObservationFilterChainDecorator.java:137)
	at org.springframework.security.web.context.SecurityContextHolderFilter.doFilter(SecurityContextHolderFilter.java:82)
	at org.springframework.security.web.context.SecurityContextHolderFilter.doFilter(SecurityContextHolderFilter.java:69)
	at org.springframework.security.web.ObservationFilterChainDecorator$ObservationFilter.wrapFilter(ObservationFilterChainDecorator.java:240)
	at org.springframework.security.web.ObservationFilterChainDecorator$ObservationFilter.doFilter(ObservationFilterChainDecorator.java:227)
	at org.springframework.security.web.ObservationFilterChainDecorator$VirtualFilterChain.doFilter(ObservationFilterChainDecorator.java:137)
	at org.springframework.security.web.context.request.async.WebAsyncManagerIntegrationFilter.doFilterInternal(WebAsyncManagerIntegrationFilter.java:62)
	at org.springframework.web.filter.OncePerRequestFilter.doFilter(OncePerRequestFilter.java:116)
	at org.springframework.security.web.ObservationFilterChainDecorator$ObservationFilter.wrapFilter(ObservationFilterChainDecorator.java:240)
	at org.springframework.security.web.ObservationFilterChainDecorator$ObservationFilter.doFilter(ObservationFilterChainDecorator.java:227)
	at org.springframework.security.web.ObservationFilterChainDecorator$VirtualFilterChain.doFilter(ObservationFilterChainDecorator.java:137)
	at org.springframework.security.web.session.DisableEncodeUrlFilter.doFilterInternal(DisableEncodeUrlFilter.java:42)
	at org.springframework.web.filter.OncePerRequestFilter.doFilter(OncePerRequestFilter.java:116)
	at org.springframework.security.web.ObservationFilterChainDecorator$ObservationFilter.wrapFilter(ObservationFilterChainDecorator.java:240)
	at org.springframework.security.web.ObservationFilterChainDecorator$AroundFilterObservation$SimpleAroundFilterObservation.lambda$wrap$0(ObservationFilterChainDecorator.java:323)
	at org.springframework.security.web.ObservationFilterChainDecorator$ObservationFilter.doFilter(ObservationFilterChainDecorator.java:224)
	at org.springframework.security.web.ObservationFilterChainDecorator$VirtualFilterChain.doFilter(ObservationFilterChainDecorator.java:137)
	at org.springframework.security.web.FilterChainProxy.doFilterInternal(FilterChainProxy.java:233)
	at org.springframework.security.web.FilterChainProxy.doFilter(FilterChainProxy.java:191)
	at org.springframework.web.filter.CompositeFilter$VirtualFilterChain.doFilter(CompositeFilter.java:113)
	at org.springframework.web.servlet.handler.HandlerMappingIntrospector.lambda$createCacheFilter$3(HandlerMappingIntrospector.java:243)
	at org.springframework.web.filter.CompositeFilter$VirtualFilterChain.doFilter(CompositeFilter.java:113)
	at org.springframework.web.filter.CompositeFilter.doFilter(CompositeFilter.java:74)
	at org.springframework.security.config.annotation.web.configuration.WebMvcSecurityConfiguration$CompositeFilterChainProxy.doFilter(WebMvcSecurityConfiguration.java:238)
	at org.springframework.web.filter.DelegatingFilterProxy.invokeDelegate(DelegatingFilterProxy.java:362)
	at org.springframework.web.filter.DelegatingFilterProxy.doFilter(DelegatingFilterProxy.java:278)
	at org.springframework.test.web.servlet.setup.MockMvcFilterDecorator.doFilter(MockMvcFilterDecorator.java:162)
	at org.springframework.mock.web.MockFilterChain.doFilter(MockFilterChain.java:132)
	at org.springframework.web.filter.RequestContextFilter.doFilterInternal(RequestContextFilter.java:100)
	at org.springframework.web.filter.OncePerRequestFilter.doFilter(OncePerRequestFilter.java:116)
	at org.springframework.test.web.servlet.setup.MockMvcFilterDecorator.doFilter(MockMvcFilterDecorator.java:162)
	at org.springframework.mock.web.MockFilterChain.doFilter(MockFilterChain.java:132)
	at org.springframework.web.filter.FormContentFilter.doFilterInternal(FormContentFilter.java:93)
	at org.springframework.web.filter.OncePerRequestFilter.doFilter(OncePerRequestFilter.java:116)
	at org.springframework.test.web.servlet.setup.MockMvcFilterDecorator.doFilter(MockMvcFilterDecorator.java:162)
	at org.springframework.mock.web.MockFilterChain.doFilter(MockFilterChain.java:132)
	at org.springframework.web.filter.ServerHttpObservationFilter.doFilterInternal(ServerHttpObservationFilter.java:114)
	at org.springframework.web.filter.OncePerRequestFilter.doFilter(OncePerRequestFilter.java:116)
	at org.springframework.test.web.servlet.setup.MockMvcFilterDecorator.doFilter(MockMvcFilterDecorator.java:162)
	at org.springframework.mock.web.MockFilterChain.doFilter(MockFilterChain.java:132)
	at io.sentry.spring.jakarta.tracing.SentryTracingFilter.doFilterInternal(SentryTracingFilter.java:91)
	at org.springframework.web.filter.OncePerRequestFilter.doFilter(OncePerRequestFilter.java:116)
	at org.springframework.test.web.servlet.setup.MockMvcFilterDecorator.doFilter(MockMvcFilterDecorator.java:162)
	at org.springframework.mock.web.MockFilterChain.doFilter(MockFilterChain.java:132)
	at org.springframework.web.filter.CharacterEncodingFilter.doFilterInternal(CharacterEncodingFilter.java:201)
	at org.springframework.web.filter.OncePerRequestFilter.doFilter(OncePerRequestFilter.java:116)
	at org.springframework.test.web.servlet.setup.MockMvcFilterDecorator.doFilter(MockMvcFilterDecorator.java:162)
	at org.springframework.mock.web.MockFilterChain.doFilter(MockFilterChain.java:132)
	at io.sentry.spring.jakarta.SentrySpringFilter.doFilterInternal(SentrySpringFilter.java:76)
	at org.springframework.web.filter.OncePerRequestFilter.doFilter(OncePerRequestFilter.java:116)
	at org.springframework.test.web.servlet.setup.MockMvcFilterDecorator.doFilter(MockMvcFilterDecorator.java:162)
	at org.springframework.mock.web.MockFilterChain.doFilter(MockFilterChain.java:132)
	at org.springframework.test.web.servlet.MockMvc.perform(MockMvc.java:201)
	at de.tum.cit.aet.artemis.core.util.RequestUtilService.performMvcRequest(RequestUtilService.java:79)
	at de.tum.cit.aet.artemis.core.util.RequestUtilService.postWithoutLocation(RequestUtilService.java:213)
	at de.tum.cit.aet.artemis.core.util.RequestUtilService.postWithoutLocation(RequestUtilService.java:199)
	at de.tum.cit.aet.artemis.programming.ProgrammingSubmissionAndResultGitlabJenkinsIntegrationTest.postResult(ProgrammingSubmissionAndResultGitlabJenkinsIntegrationTest.java:413)
	at de.tum.cit.aet.artemis.programming.ProgrammingSubmissionAndResultGitlabJenkinsIntegrationTest.shouldSaveBuildLogsOnStudentParticipationWithoutSubmissionNorResult(ProgrammingSubmissionAndResultGitlabJenkinsIntegrationTest.java:338)
	at java.base/jdk.internal.reflect.DirectMethodHandleAccessor.invoke(DirectMethodHandleAccessor.java:103)
	at java.base/java.lang.reflect.Method.invoke(Method.java:580)
	at org.junit.platform.commons.util.ReflectionUtils.invokeMethod(ReflectionUtils.java:767)
	at org.junit.jupiter.engine.execution.MethodInvocation.proceed(MethodInvocation.java:60)
	at org.junit.jupiter.engine.execution.InvocationInterceptorChain$ValidatingInvocation.proceed(InvocationInterceptorChain.java:131)
	at org.junit.jupiter.engine.extension.TimeoutExtension.intercept(TimeoutExtension.java:156)
	at org.junit.jupiter.engine.extension.TimeoutExtension.interceptTestableMethod(TimeoutExtension.java:147)
	at org.junit.jupiter.engine.extension.TimeoutExtension.interceptTestTemplateMethod(TimeoutExtension.java:94)
	at org.junit.jupiter.engine.execution.InterceptingExecutableInvoker$ReflectiveInterceptorCall.lambda$ofVoidMethod$0(InterceptingExecutableInvoker.java:103)
	at org.junit.jupiter.engine.execution.InterceptingExecutableInvoker.lambda$invoke$0(InterceptingExecutableInvoker.java:93)
	at org.junit.jupiter.engine.execution.InvocationInterceptorChain$InterceptedInvocation.proceed(InvocationInterceptorChain.java:106)
	at org.junit.jupiter.engine.execution.InvocationInterceptorChain.proceed(InvocationInterceptorChain.java:64)
	at org.junit.jupiter.engine.execution.InvocationInterceptorChain.chainAndInvoke(InvocationInterceptorChain.java:45)
	at org.junit.jupiter.engine.execution.InvocationInterceptorChain.invoke(InvocationInterceptorChain.java:37)
	at org.junit.jupiter.engine.execution.InterceptingExecutableInvoker.invoke(InterceptingExecutableInvoker.java:92)
	at org.junit.jupiter.engine.execution.InterceptingExecutableInvoker.invoke(InterceptingExecutableInvoker.java:86)
	at org.junit.jupiter.engine.descriptor.TestMethodTestDescriptor.lambda$invokeTestMethod$8(TestMethodTestDescriptor.java:217)
	at org.junit.platform.engine.support.hierarchical.ThrowableCollector.execute(ThrowableCollector.java:73)
	at org.junit.jupiter.engine.descriptor.TestMethodTestDescriptor.invokeTestMethod(TestMethodTestDescriptor.java:213)
	at org.junit.jupiter.engine.descriptor.TestMethodTestDescriptor.execute(TestMethodTestDescriptor.java:138)
	at org.junit.jupiter.engine.descriptor.TestMethodTestDescriptor.execute(TestMethodTestDescriptor.java:68)
	at org.junit.platform.engine.support.hierarchical.NodeTestTask.lambda$executeRecursively$6(NodeTestTask.java:156)
	at org.junit.platform.engine.support.hierarchical.ThrowableCollector.execute(ThrowableCollector.java:73)
	at org.junit.platform.engine.support.hierarchical.NodeTestTask.lambda$executeRecursively$8(NodeTestTask.java:146)
	at org.junit.platform.engine.support.hierarchical.Node.around(Node.java:137)
	at org.junit.platform.engine.support.hierarchical.NodeTestTask.lambda$executeRecursively$9(NodeTestTask.java:144)
	at org.junit.platform.engine.support.hierarchical.ThrowableCollector.execute(ThrowableCollector.java:73)
	at org.junit.platform.engine.support.hierarchical.NodeTestTask.executeRecursively(NodeTestTask.java:143)
	at org.junit.platform.engine.support.hierarchical.NodeTestTask.execute(NodeTestTask.java:100)
	at org.junit.platform.engine.support.hierarchical.ForkJoinPoolHierarchicalTestExecutorService$ExclusiveTask.exec(ForkJoinPoolHierarchicalTestExecutorService.java:274)
	at org.junit.platform.engine.support.hierarchical.ForkJoinPoolHierarchicalTestExecutorService$ExclusiveTask.execSync(ForkJoinPoolHierarchicalTestExecutorService.java:247)
	at org.junit.platform.engine.support.hierarchical.ForkJoinPoolHierarchicalTestExecutorService.submit(ForkJoinPoolHierarchicalTestExecutorService.java:148)
	at org.junit.platform.engine.support.hierarchical.NodeTestTask$DefaultDynamicTestExecutor.execute(NodeTestTask.java:231)
	at org.junit.platform.engine.support.hierarchical.NodeTestTask$DefaultDynamicTestExecutor.execute(NodeTestTask.java:209)
	at org.junit.jupiter.engine.descriptor.TestTemplateTestDescriptor.execute(TestTemplateTestDescriptor.java:141)
	at org.junit.jupiter.engine.descriptor.TestTemplateTestDescriptor.lambda$execute$3(TestTemplateTestDescriptor.java:109)
	at java.base/java.util.stream.ForEachOps$ForEachOp$OfRef.accept(ForEachOps.java:184)
	at java.base/java.util.stream.ReferencePipeline$3$1.accept(ReferencePipeline.java:197)
	at java.base/java.util.stream.ReferencePipeline$2$1.accept(ReferencePipeline.java:179)
	at java.base/java.util.stream.ReferencePipeline$3$1.accept(ReferencePipeline.java:197)
	at java.base/java.util.stream.ForEachOps$ForEachOp$OfRef.accept(ForEachOps.java:184)
	at java.base/java.util.stream.ReferencePipeline$3$1.accept(ReferencePipeline.java:197)
	at java.base/java.util.stream.ForEachOps$ForEachOp$OfRef.accept(ForEachOps.java:184)
	at java.base/java.util.stream.ForEachOps$ForEachOp$OfRef.accept(ForEachOps.java:184)
	at java.base/java.util.stream.ReferencePipeline$3$1.accept(ReferencePipeline.java:197)
	at java.base/java.util.stream.ForEachOps$ForEachOp$OfRef.accept(ForEachOps.java:184)
	at java.base/java.util.Spliterators$ArraySpliterator.forEachRemaining(Spliterators.java:1024)
	at java.base/java.util.stream.ReferencePipeline$Head.forEach(ReferencePipeline.java:762)
	at java.base/java.util.stream.ReferencePipeline$7$1.accept(ReferencePipeline.java:276)
	at java.base/java.util.Iterator.forEachRemaining(Iterator.java:133)
	at java.base/java.util.Spliterators$IteratorSpliterator.forEachRemaining(Spliterators.java:1939)
	at java.base/java.util.stream.AbstractPipeline.copyInto(AbstractPipeline.java:509)
	at java.base/java.util.stream.AbstractPipeline.wrapAndCopyInto(AbstractPipeline.java:499)
	at java.base/java.util.stream.ForEachOps$ForEachOp.evaluateSequential(ForEachOps.java:151)
	at java.base/java.util.stream.ForEachOps$ForEachOp$OfRef.evaluateSequential(ForEachOps.java:174)
	at java.base/java.util.stream.AbstractPipeline.evaluate(AbstractPipeline.java:234)
	at java.base/java.util.stream.ReferencePipeline.forEach(ReferencePipeline.java:596)
	at java.base/java.util.stream.ReferencePipeline$7$1.accept(ReferencePipeline.java:276)
	at java.base/java.util.stream.ReferencePipeline$3$1.accept(ReferencePipeline.java:197)
	at java.base/java.util.stream.ReferencePipeline$3$1.accept(ReferencePipeline.java:197)
	at java.base/java.util.stream.ReferencePipeline$3$1.accept(ReferencePipeline.java:197)
	at java.base/java.util.Spliterators$ArraySpliterator.forEachRemaining(Spliterators.java:1024)
	at java.base/java.util.stream.AbstractPipeline.copyInto(AbstractPipeline.java:509)
	at java.base/java.util.stream.AbstractPipeline.wrapAndCopyInto(AbstractPipeline.java:499)
	at java.base/java.util.stream.ForEachOps$ForEachOp.evaluateSequential(ForEachOps.java:151)
	at java.base/java.util.stream.ForEachOps$ForEachOp$OfRef.evaluateSequential(ForEachOps.java:174)
	at java.base/java.util.stream.AbstractPipeline.evaluate(AbstractPipeline.java:234)
	at java.base/java.util.stream.ReferencePipeline.forEach(ReferencePipeline.java:596)
	at java.base/java.util.stream.ReferencePipeline$7$1.accept(ReferencePipeline.java:276)
	at java.base/java.util.ArrayList$ArrayListSpliterator.forEachRemaining(ArrayList.java:1708)
	at java.base/java.util.stream.AbstractPipeline.copyInto(AbstractPipeline.java:509)
	at java.base/java.util.stream.AbstractPipeline.wrapAndCopyInto(AbstractPipeline.java:499)
	at java.base/java.util.stream.ForEachOps$ForEachOp.evaluateSequential(ForEachOps.java:151)
	at java.base/java.util.stream.ForEachOps$ForEachOp$OfRef.evaluateSequential(ForEachOps.java:174)
	at java.base/java.util.stream.AbstractPipeline.evaluate(AbstractPipeline.java:234)
	at java.base/java.util.stream.ReferencePipeline.forEach(ReferencePipeline.java:596)
	at java.base/java.util.stream.ReferencePipeline$7$1.accept(ReferencePipeline.java:276)
	at java.base/java.util.stream.ReferencePipeline$3$1.accept(ReferencePipeline.java:197)
	at java.base/java.util.stream.ReferencePipeline$3$1.accept(ReferencePipeline.java:197)
	at java.base/java.util.stream.ReferencePipeline$3$1.accept(ReferencePipeline.java:197)
	at java.base/java.util.ArrayList$ArrayListSpliterator.forEachRemaining(ArrayList.java:1708)
	at java.base/java.util.stream.AbstractPipeline.copyInto(AbstractPipeline.java:509)
	at java.base/java.util.stream.AbstractPipeline.wrapAndCopyInto(AbstractPipeline.java:499)
	at java.base/java.util.stream.ForEachOps$ForEachOp.evaluateSequential(ForEachOps.java:151)
	at java.base/java.util.stream.ForEachOps$ForEachOp$OfRef.evaluateSequential(ForEachOps.java:174)
	at java.base/java.util.stream.AbstractPipeline.evaluate(AbstractPipeline.java:234)
	at java.base/java.util.stream.ReferencePipeline.forEach(ReferencePipeline.java:596)
	at java.base/java.util.stream.ReferencePipeline$7$1.accept(ReferencePipeline.java:276)
	at java.base/java.util.ArrayList$ArrayListSpliterator.forEachRemaining(ArrayList.java:1708)
	at java.base/java.util.stream.AbstractPipeline.copyInto(AbstractPipeline.java:509)
	at java.base/java.util.stream.AbstractPipeline.wrapAndCopyInto(AbstractPipeline.java:499)
	at java.base/java.util.stream.ForEachOps$ForEachOp.evaluateSequential(ForEachOps.java:151)
	at java.base/java.util.stream.ForEachOps$ForEachOp$OfRef.evaluateSequential(ForEachOps.java:174)
	at java.base/java.util.stream.AbstractPipeline.evaluate(AbstractPipeline.java:234)
	at java.base/java.util.stream.ReferencePipeline.forEach(ReferencePipeline.java:596)
	at org.junit.jupiter.engine.descriptor.TestTemplateTestDescriptor.execute(TestTemplateTestDescriptor.java:109)
	at org.junit.jupiter.engine.descriptor.TestTemplateTestDescriptor.execute(TestTemplateTestDescriptor.java:43)
	at org.junit.platform.engine.support.hierarchical.NodeTestTask.lambda$executeRecursively$6(NodeTestTask.java:156)
	at org.junit.platform.engine.support.hierarchical.ThrowableCollector.execute(ThrowableCollector.java:73)
	at org.junit.platform.engine.support.hierarchical.NodeTestTask.lambda$executeRecursively$8(NodeTestTask.java:146)
	at org.junit.platform.engine.support.hierarchical.Node.around(Node.java:137)
	at org.junit.platform.engine.support.hierarchical.NodeTestTask.lambda$executeRecursively$9(NodeTestTask.java:144)
	at org.junit.platform.engine.support.hierarchical.ThrowableCollector.execute(ThrowableCollector.java:73)
	at org.junit.platform.engine.support.hierarchical.NodeTestTask.executeRecursively(NodeTestTask.java:143)
	at org.junit.platform.engine.support.hierarchical.NodeTestTask.execute(NodeTestTask.java:100)
	at org.junit.platform.engine.support.hierarchical.ForkJoinPoolHierarchicalTestExecutorService$ExclusiveTask.exec(ForkJoinPoolHierarchicalTestExecutorService.java:274)
	at org.junit.platform.engine.support.hierarchical.ForkJoinPoolHierarchicalTestExecutorService$ExclusiveTask.execSync(ForkJoinPoolHierarchicalTestExecutorService.java:247)
	at org.junit.platform.engine.support.hierarchical.ForkJoinPoolHierarchicalTestExecutorService.executeSync(ForkJoinPoolHierarchicalTestExecutorService.java:194)
	at org.junit.platform.engine.support.hierarchical.ForkJoinPoolHierarchicalTestExecutorService.invokeAll(ForkJoinPoolHierarchicalTestExecutorService.java:166)
	at org.junit.platform.engine.support.hierarchical.NodeTestTask.lambda$executeRecursively$6(NodeTestTask.java:160)
	at org.junit.platform.engine.support.hierarchical.ThrowableCollector.execute(ThrowableCollector.java:73)
	at org.junit.platform.engine.support.hierarchical.NodeTestTask.lambda$executeRecursively$8(NodeTestTask.java:146)
	at org.junit.platform.engine.support.hierarchical.Node.around(Node.java:137)
	at org.junit.platform.engine.support.hierarchical.NodeTestTask.lambda$executeRecursively$9(NodeTestTask.java:144)
	at org.junit.platform.engine.support.hierarchical.ThrowableCollector.execute(ThrowableCollector.java:73)
	at org.junit.platform.engine.support.hierarchical.NodeTestTask.executeRecursively(NodeTestTask.java:143)
	at org.junit.platform.engine.support.hierarchical.NodeTestTask.execute(NodeTestTask.java:100)
	at org.junit.platform.engine.support.hierarchical.ForkJoinPoolHierarchicalTestExecutorService$ExclusiveTask.exec(ForkJoinPoolHierarchicalTestExecutorService.java:274)
	at java.base/java.util.concurrent.ForkJoinTask.doExec(ForkJoinTask.java:387)
	at java.base/java.util.concurrent.ForkJoinPool$WorkQueue.topLevelExec(ForkJoinPool.java:1312)
	at java.base/java.util.concurrent.ForkJoinPool.scan(ForkJoinPool.java:1843)
	at java.base/java.util.concurrent.ForkJoinPool.runWorker(ForkJoinPool.java:1808)
	at java.base/java.util.concurrent.ForkJoinWorkerThread.run(ForkJoinWorkerThread.java:188)
    23:48:51.689 | 463 ool-1-worker-227 | DEBUG | .c.s.m.InstanceMessageReceiveService : Received schedule participant score for exercise 3250 and participant 773 (result to be deleted: null)
    23:48:51.689 | 463 ool-1-worker-227 | DEBUG | .a.s.ParticipantScoreScheduleService : Scheduled task for exercise 3250 and participant 773 at 2025-02-14T23:48:51.789285976Z[Etc/UTC].
    23:48:51.690 | 463 ool-1-worker-227 | DEBUG | .a.a.p.s.ProgrammingMessagingService : Send result to client over websocket. Result: Result{id794, completionDate=2025-02-14T23:48:51.661826600Z, successful=false, score=0.0, rated=true, assessmentType=AUTOMATIC, hasComplaint=null, testCaseCount=0, passedTestCaseCount=0, codeIssueCount=0}, Submission: ProgrammingSubmission{commitHash='9b3a9bd71a0d80e5bbc42204c319ed3d1d4f0d6d', buildFailed=true, buildArtifact=false, type=MANUAL}, Participation: ProgrammingExerciseStudentParticipation{id=4065, repositoryUri='https://version-control.fake.fake/git/SHORTDC1D5CBA09955042690855303217CB228D7CTSTEXC/shortdc1d5cba09955042690855303217cb228d7ctstexc-progsubresgitlabjenstudent1.git', buildPlanId='SHORTDC1D5CBA09955042690855303217CB228D7CTSTEXC-PROGSUBRESGITLABJENSTUDENT1', initializationState='INITIALIZED', initializationDate='2025-02-14T23:48:51.660176Z', individualDueDate=null', presentationScore=null}
    23:48:51.692 | 463 ool-1-worker-227 | INFO  | d.t.c.a.a.a.w.o.PublicResultResource : The new result for SHORTDC1D5CBA09955042690855303217CB228D7CTSTEXC-PROGSUBRESGITLABJENSTUDENT1 was saved successfully
    23:48:51.695 | 463 ool-1-worker-227 | DEBUG | d.t.c.a.a.c.s.f.ApiVersionFilter     : Adding Version to Request GET /api/repository/4065/buildlogs
    23:48:51.695 | 463 ool-1-worker-227 | DEBUG | rammingExerciseParticipationResource : REST request to get build log : 4065

  Starting logs for ProgrammingSubmissionAndResultGitlabJenkinsIntegrationTest > shouldSaveBuildLogsOnStudentParticipationWithoutSubmissionNorResult(ProgrammingLanguage, boolean) [26] programmingLanguage=ASSEMBLER, enableStaticCodeAnalysis=false
    23:48:51.707 | 463 ool-1-worker-227 | DEBUG | d.t.c.a.a.c.u.util.UserUtilService   : Generate 3 students...
    23:48:51.711 | 463 ool-1-worker-227 | DEBUG | d.t.c.a.a.c.u.util.UserUtilService   : 3 students generated. Generate 2 tutors...
    23:48:51.714 | 463 ool-1-worker-227 | DEBUG | d.t.c.a.a.c.u.util.UserUtilService   : 2 tutors generated. Generate 0 editors...
    23:48:51.715 | 463 ool-1-worker-227 | DEBUG | d.t.c.a.a.c.u.util.UserUtilService   : 0 editors generated. Generate 2 instructors...
    23:48:51.718 | 463 ool-1-worker-227 | DEBUG | d.t.c.a.a.c.u.util.UserUtilService   : 2 instructors generated
    23:48:51.719 | 463 ool-1-worker-227 | DEBUG | d.t.c.a.a.c.u.util.UserUtilService   : Removing 7 users from all courses...
    23:48:51.720 | 463 ool-1-worker-227 | DEBUG | d.t.c.a.a.c.u.util.UserUtilService   : Removing 7 users from all courses. Done
    23:48:51.720 | 463 ool-1-worker-227 | DEBUG | d.t.c.a.a.c.u.util.UserUtilService   : Save 7 users to database...
    23:48:51.723 | 463 ool-1-worker-227 | DEBUG | d.t.c.a.a.c.u.util.UserUtilService   : Save 7 users to database. Done
    23:48:51.736 | 463 ool-1-worker-227 | DEBUG | PersonalAccessTokenManagementService : Generate secure vcs access token
    23:48:51.739 | 463 ool-1-worker-227 | DEBUG | PersonalAccessTokenManagementService : Generate secure vcs access token
    23:48:51.741 | 463 ool-1-worker-227 | INFO  | i.z.t.d.l.EmbeddedDatabaseReporter   : JDBC URL to connect to 'dataSource': url='jdbc:h2:tcp://localhost:41063/mem:736625c0-cf5e-400d-aeaa-8a7eabd6262b;USER=sa', scope='ProgrammingSubmissionAndResultGitlabJenkinsIntegrationTest#shouldSaveBuildLogsOnStudentParticipationWithoutSubmissionNorResult'
    23:48:51.752 | 463 ool-1-worker-227 | DEBUG | PersonalAccessTokenManagementService : Generate secure vcs access token
    23:48:51.755 | 463 ool-1-worker-227 | DEBUG | d.t.c.a.a.c.s.f.ApiVersionFilter     : Adding Version to Request POST /api/public/programming-exercises/new-result
    23:48:51.755 | 463 ool-1-worker-227 | DEBUG | d.t.c.a.a.a.w.o.PublicResultResource : Received result notify (NEW)
    23:48:51.757 | 463 ool-1-worker-227 | INFO  | d.t.c.a.a.a.w.o.PublicResultResource : Artemis received a new result for build plan SHORT315209820F99C04DB90A2060FA1B7A76B919TSTEXC-PROGSUBRESGITLABJENSTUDENT1
    23:48:51.759 | 463 ool-1-worker-227 | DEBUG | .s.ProgrammingExerciseGradingService : Received new build result (NEW) for participation 4072
    23:48:51.761 | 463 ool-1-worker-227 | WARN  | .s.ProgrammingExerciseGradingService : Could not find pending ProgrammingSubmission for Commit Hash 9b3a9bd71a0d80e5bbc42204c319ed3d1d4f0d6d (Participation 4072, Build Plan SHORT315209820F99C04DB90A2060FA1B7A76B919TSTEXC-PROGSUBRESGITLABJENSTUDENT1). Will create a new one subsequently...
    23:48:51.762 | 463 ool-1-worker-227 | ERROR | .s.ProgrammingExerciseGradingService : Could not retrieve push date for participation 4072 and build plan SHORT315209820F99C04DB90A2060FA1B7A76B919TSTEXC-PROGSUBRESGITLABJENSTUDENT1
de.tum.cit.aet.artemis.programming.service.gitlab.GitLabException: Could not find build queue date for participation 4072
	at de.tum.cit.aet.artemis.programming.service.gitlab.GitLabService.getPushDate(GitLabService.java:369)
	at de.tum.cit.aet.artemis.programming.service.gitlab.GitLabService.getPushDate(GitLabService.java:358)
	at de.tum.cit.aet.artemis.programming.service.ProgrammingExerciseGradingService.createAndSaveFallbackSubmission(ProgrammingExerciseGradingService.java:286)
	at de.tum.cit.aet.artemis.programming.service.ProgrammingExerciseGradingService.createAndSaveFallbackSubmission(ProgrammingExerciseGradingService.java:272)
	at de.tum.cit.aet.artemis.programming.service.ProgrammingExerciseGradingService.lambda$processNewProgrammingExerciseResult$0(ProgrammingExerciseGradingService.java:177)
	at java.base/java.util.Optional.orElseGet(Optional.java:364)
	at de.tum.cit.aet.artemis.programming.service.ProgrammingExerciseGradingService.processNewProgrammingExerciseResult(ProgrammingExerciseGradingService.java:177)
	at de.tum.cit.aet.artemis.programming.service.ProgrammingExerciseGradingService.processNewProgrammingExerciseResult(ProgrammingExerciseGradingService.java:156)
	at de.tum.cit.aet.artemis.assessment.web.open.PublicResultResource.processNewProgrammingExerciseResult(PublicResultResource.java:113)
	at java.base/jdk.internal.reflect.DirectMethodHandleAccessor.invoke(DirectMethodHandleAccessor.java:103)
	at java.base/java.lang.reflect.Method.invoke(Method.java:580)
	at org.springframework.aop.support.AopUtils.invokeJoinpointUsingReflection(AopUtils.java:359)
	at org.springframework.aop.framework.ReflectiveMethodInvocation.invokeJoinpoint(ReflectiveMethodInvocation.java:196)
	at org.springframework.aop.framework.ReflectiveMethodInvocation.proceed(ReflectiveMethodInvocation.java:163)
	at org.springframework.security.authorization.method.AuthorizationManagerBeforeMethodInterceptor.proceed(AuthorizationManagerBeforeMethodInterceptor.java:268)
	at org.springframework.security.authorization.method.AuthorizationManagerBeforeMethodInterceptor.attemptAuthorization(AuthorizationManagerBeforeMethodInterceptor.java:263)
	at org.springframework.security.authorization.method.AuthorizationManagerBeforeMethodInterceptor.invoke(AuthorizationManagerBeforeMethodInterceptor.java:196)
	at org.springframework.security.config.annotation.method.configuration.DeferringMethodInterceptor.invoke(DeferringMethodInterceptor.java:44)
	at org.springframework.aop.framework.ReflectiveMethodInvocation.proceed(ReflectiveMethodInvocation.java:184)
	at org.springframework.aop.framework.CglibAopProxy$DynamicAdvisedInterceptor.intercept(CglibAopProxy.java:727)
	at de.tum.cit.aet.artemis.assessment.web.open.PublicResultResource$$SpringCGLIB$$0.processNewProgrammingExerciseResult(<generated>)
	at java.base/jdk.internal.reflect.DirectMethodHandleAccessor.invoke(DirectMethodHandleAccessor.java:103)
	at java.base/java.lang.reflect.Method.invoke(Method.java:580)
	at org.springframework.web.method.support.InvocableHandlerMethod.doInvoke(InvocableHandlerMethod.java:257)
	at org.springframework.web.method.support.InvocableHandlerMethod.invokeForRequest(InvocableHandlerMethod.java:190)
	at org.springframework.web.servlet.mvc.method.annotation.ServletInvocableHandlerMethod.invokeAndHandle(ServletInvocableHandlerMethod.java:118)
	at org.springframework.web.servlet.mvc.method.annotation.RequestMappingHandlerAdapter.invokeHandlerMethod(RequestMappingHandlerAdapter.java:986)
	at org.springframework.web.servlet.mvc.method.annotation.RequestMappingHandlerAdapter.handleInternal(RequestMappingHandlerAdapter.java:891)
	at org.springframework.web.servlet.mvc.method.AbstractHandlerMethodAdapter.handle(AbstractHandlerMethodAdapter.java:87)
	at org.springframework.web.servlet.DispatcherServlet.doDispatch(DispatcherServlet.java:1088)
	at org.springframework.web.servlet.DispatcherServlet.doService(DispatcherServlet.java:978)
	at org.springframework.web.servlet.FrameworkServlet.processRequest(FrameworkServlet.java:1014)
	at org.springframework.web.servlet.FrameworkServlet.doPost(FrameworkServlet.java:914)
	at jakarta.servlet.http.HttpServlet.service(HttpServlet.java:547)
	at org.springframework.web.servlet.FrameworkServlet.service(FrameworkServlet.java:885)
	at org.springframework.test.web.servlet.TestDispatcherServlet.service(TestDispatcherServlet.java:72)
	at jakarta.servlet.http.HttpServlet.service(HttpServlet.java:614)
	at org.springframework.mock.web.MockFilterChain$ServletFilterProxy.doFilter(MockFilterChain.java:165)
	at org.springframework.mock.web.MockFilterChain.doFilter(MockFilterChain.java:132)
	at org.springframework.web.filter.OncePerRequestFilter.doFilter(OncePerRequestFilter.java:110)
	at org.springframework.test.web.servlet.setup.MockMvcFilterDecorator.doFilter(MockMvcFilterDecorator.java:162)
	at org.springframework.mock.web.MockFilterChain.doFilter(MockFilterChain.java:132)
	at de.tum.cit.aet.artemis.core.security.filter.ApiVersionFilter.doFilter(ApiVersionFilter.java:55)
	at org.springframework.test.web.servlet.setup.MockMvcFilterDecorator.doFilter(MockMvcFilterDecorator.java:162)
	at org.springframework.mock.web.MockFilterChain.doFilter(MockFilterChain.java:132)
	at io.sentry.spring.jakarta.SentryUserFilter.doFilterInternal(SentryUserFilter.java:56)
	at org.springframework.web.filter.OncePerRequestFilter.doFilter(OncePerRequestFilter.java:116)
	at org.springframework.test.web.servlet.setup.MockMvcFilterDecorator.doFilter(MockMvcFilterDecorator.java:162)
	at org.springframework.mock.web.MockFilterChain.doFilter(MockFilterChain.java:132)
	at org.springframework.web.filter.CompositeFilter$VirtualFilterChain.doFilter(CompositeFilter.java:108)
	at org.springframework.security.web.FilterChainProxy.lambda$doFilterInternal$3(FilterChainProxy.java:231)
	at org.springframework.security.web.ObservationFilterChainDecorator$FilterObservation$SimpleFilterObservation.lambda$wrap$1(ObservationFilterChainDecorator.java:479)
	at org.springframework.security.web.ObservationFilterChainDecorator$AroundFilterObservation$SimpleAroundFilterObservation.lambda$wrap$1(ObservationFilterChainDecorator.java:340)
	at org.springframework.security.web.ObservationFilterChainDecorator.lambda$wrapSecured$0(ObservationFilterChainDecorator.java:82)
	at org.springframework.security.web.ObservationFilterChainDecorator$VirtualFilterChain.doFilter(ObservationFilterChainDecorator.java:128)
	at org.springframework.security.web.access.intercept.AuthorizationFilter.doFilter(AuthorizationFilter.java:101)
	at org.springframework.security.web.ObservationFilterChainDecorator$ObservationFilter.wrapFilter(ObservationFilterChainDecorator.java:240)
	at org.springframework.security.web.ObservationFilterChainDecorator$ObservationFilter.doFilter(ObservationFilterChainDecorator.java:227)
	at org.springframework.security.web.ObservationFilterChainDecorator$VirtualFilterChain.doFilter(ObservationFilterChainDecorator.java:137)
	at org.springframework.security.web.access.ExceptionTranslationFilter.doFilter(ExceptionTranslationFilter.java:126)
	at org.springframework.security.web.access.ExceptionTranslationFilter.doFilter(ExceptionTranslationFilter.java:120)
	at org.springframework.security.web.ObservationFilterChainDecorator$ObservationFilter.wrapFilter(ObservationFilterChainDecorator.java:240)
	at org.springframework.security.web.ObservationFilterChainDecorator$ObservationFilter.doFilter(ObservationFilterChainDecorator.java:227)
	at org.springframework.security.web.ObservationFilterChainDecorator$VirtualFilterChain.doFilter(ObservationFilterChainDecorator.java:137)
	at org.springframework.security.web.session.SessionManagementFilter.doFilter(SessionManagementFilter.java:131)
	at org.springframework.security.web.session.SessionManagementFilter.doFilter(SessionManagementFilter.java:85)
	at org.springframework.security.web.ObservationFilterChainDecorator$ObservationFilter.wrapFilter(ObservationFilterChainDecorator.java:240)
	at org.springframework.security.web.ObservationFilterChainDecorator$ObservationFilter.doFilter(ObservationFilterChainDecorator.java:227)
	at org.springframework.security.web.ObservationFilterChainDecorator$VirtualFilterChain.doFilter(ObservationFilterChainDecorator.java:137)
	at org.springframework.security.web.authentication.AnonymousAuthenticationFilter.doFilter(AnonymousAuthenticationFilter.java:100)
	at org.springframework.security.web.ObservationFilterChainDecorator$ObservationFilter.wrapFilter(ObservationFilterChainDecorator.java:240)
	at org.springframework.security.web.ObservationFilterChainDecorator$ObservationFilter.doFilter(ObservationFilterChainDecorator.java:227)
	at org.springframework.security.web.ObservationFilterChainDecorator$VirtualFilterChain.doFilter(ObservationFilterChainDecorator.java:137)
	at org.springframework.security.web.servletapi.SecurityContextHolderAwareRequestFilter.doFilter(SecurityContextHolderAwareRequestFilter.java:179)
	at org.springframework.security.web.ObservationFilterChainDecorator$ObservationFilter.wrapFilter(ObservationFilterChainDecorator.java:240)
	at org.springframework.security.web.ObservationFilterChainDecorator$ObservationFilter.doFilter(ObservationFilterChainDecorator.java:227)
	at org.springframework.security.web.ObservationFilterChainDecorator$VirtualFilterChain.doFilter(ObservationFilterChainDecorator.java:137)
	at org.springframework.security.web.savedrequest.RequestCacheAwareFilter.doFilter(RequestCacheAwareFilter.java:63)
	at org.springframework.security.web.ObservationFilterChainDecorator$ObservationFilter.wrapFilter(ObservationFilterChainDecorator.java:240)
	at org.springframework.security.web.ObservationFilterChainDecorator$ObservationFilter.doFilter(ObservationFilterChainDecorator.java:227)
	at org.springframework.security.web.ObservationFilterChainDecorator$VirtualFilterChain.doFilter(ObservationFilterChainDecorator.java:137)
	at de.tum.cit.aet.artemis.core.security.filter.SpaWebFilter.doFilterInternal(SpaWebFilter.java:23)
	at org.springframework.web.filter.OncePerRequestFilter.doFilter(OncePerRequestFilter.java:116)
	at org.springframework.security.web.ObservationFilterChainDecorator$ObservationFilter.wrapFilter(ObservationFilterChainDecorator.java:240)
	at org.springframework.security.web.ObservationFilterChainDecorator$ObservationFilter.doFilter(ObservationFilterChainDecorator.java:227)
	at org.springframework.security.web.ObservationFilterChainDecorator$VirtualFilterChain.doFilter(ObservationFilterChainDecorator.java:137)
	at org.springframework.web.filter.OncePerRequestFilter.doFilter(OncePerRequestFilter.java:110)
	at org.springframework.security.web.ObservationFilterChainDecorator$ObservationFilter.wrapFilter(ObservationFilterChainDecorator.java:240)
	at org.springframework.security.web.ObservationFilterChainDecorator$ObservationFilter.doFilter(ObservationFilterChainDecorator.java:227)
	at org.springframework.security.web.ObservationFilterChainDecorator$VirtualFilterChain.doFilter(ObservationFilterChainDecorator.java:137)
	at de.tum.cit.aet.artemis.lti.config.Lti13LaunchFilter.doFilterInternal(Lti13LaunchFilter.java:60)
	at org.springframework.web.filter.OncePerRequestFilter.doFilter(OncePerRequestFilter.java:116)
	at org.springframework.security.web.ObservationFilterChainDecorator$ObservationFilter.wrapFilter(ObservationFilterChainDecorator.java:240)
	at org.springframework.security.web.ObservationFilterChainDecorator$ObservationFilter.doFilter(ObservationFilterChainDecorator.java:227)
	at org.springframework.security.web.ObservationFilterChainDecorator$VirtualFilterChain.doFilter(ObservationFilterChainDecorator.java:137)
	at de.tum.cit.aet.artemis.core.security.jwt.JWTFilter.doFilter(JWTFilter.java:55)
	at org.springframework.security.web.ObservationFilterChainDecorator$ObservationFilter.wrapFilter(ObservationFilterChainDecorator.java:240)
	at org.springframework.security.web.ObservationFilterChainDecorator$ObservationFilter.doFilter(ObservationFilterChainDecorator.java:227)
	at org.springframework.security.web.ObservationFilterChainDecorator$VirtualFilterChain.doFilter(ObservationFilterChainDecorator.java:137)
	at de.tum.cit.aet.artemis.core.security.jwt.JWTFilter.doFilter(JWTFilter.java:55)
	at org.springframework.security.web.ObservationFilterChainDecorator$ObservationFilter.wrapFilter(ObservationFilterChainDecorator.java:240)
	at org.springframework.security.web.ObservationFilterChainDecorator$ObservationFilter.doFilter(ObservationFilterChainDecorator.java:227)
	at org.springframework.security.web.ObservationFilterChainDecorator$VirtualFilterChain.doFilter(ObservationFilterChainDecorator.java:137)
	at org.springframework.web.filter.CorsFilter.doFilterInternal(CorsFilter.java:91)
	at org.springframework.web.filter.OncePerRequestFilter.doFilter(OncePerRequestFilter.java:116)
	at org.springframework.security.web.ObservationFilterChainDecorator$ObservationFilter.wrapFilter(ObservationFilterChainDecorator.java:240)
	at org.springframework.security.web.ObservationFilterChainDecorator$ObservationFilter.doFilter(ObservationFilterChainDecorator.java:227)
	at org.springframework.security.web.ObservationFilterChainDecorator$VirtualFilterChain.doFilter(ObservationFilterChainDecorator.java:137)
	at org.springframework.web.filter.OncePerRequestFilter.doFilter(OncePerRequestFilter.java:110)
	at org.springframework.security.web.ObservationFilterChainDecorator$ObservationFilter.wrapFilter(ObservationFilterChainDecorator.java:240)
	at org.springframework.security.web.ObservationFilterChainDecorator$ObservationFilter.doFilter(ObservationFilterChainDecorator.java:227)
	at org.springframework.security.web.ObservationFilterChainDecorator$VirtualFilterChain.doFilter(ObservationFilterChainDecorator.java:137)
	at uk.ac.ox.ctl.lti13.security.oauth2.client.lti.web.OAuth2AuthorizationRequestRedirectFilter.doFilterInternal(OAuth2AuthorizationRequestRedirectFilter.java:142)
	at org.springframework.web.filter.OncePerRequestFilter.doFilter(OncePerRequestFilter.java:116)
	at org.springframework.security.web.ObservationFilterChainDecorator$ObservationFilter.wrapFilter(ObservationFilterChainDecorator.java:240)
	at org.springframework.security.web.ObservationFilterChainDecorator$ObservationFilter.doFilter(ObservationFilterChainDecorator.java:227)
	at org.springframework.security.web.ObservationFilterChainDecorator$VirtualFilterChain.doFilter(ObservationFilterChainDecorator.java:137)
	at org.springframework.security.web.authentication.logout.LogoutFilter.doFilter(LogoutFilter.java:107)
	at org.springframework.security.web.authentication.logout.LogoutFilter.doFilter(LogoutFilter.java:93)
	at org.springframework.security.web.ObservationFilterChainDecorator$ObservationFilter.wrapFilter(ObservationFilterChainDecorator.java:240)
	at org.springframework.security.web.ObservationFilterChainDecorator$ObservationFilter.doFilter(ObservationFilterChainDecorator.java:227)
	at org.springframework.security.web.ObservationFilterChainDecorator$VirtualFilterChain.doFilter(ObservationFilterChainDecorator.java:137)
	at org.springframework.security.web.header.HeaderWriterFilter.doHeadersAfter(HeaderWriterFilter.java:90)
	at org.springframework.security.web.header.HeaderWriterFilter.doFilterInternal(HeaderWriterFilter.java:75)
	at org.springframework.web.filter.OncePerRequestFilter.doFilter(OncePerRequestFilter.java:116)
	at org.springframework.security.web.ObservationFilterChainDecorator$ObservationFilter.wrapFilter(ObservationFilterChainDecorator.java:240)
	at org.springframework.security.web.ObservationFilterChainDecorator$ObservationFilter.doFilter(ObservationFilterChainDecorator.java:227)
	at org.springframework.security.web.ObservationFilterChainDecorator$VirtualFilterChain.doFilter(ObservationFilterChainDecorator.java:137)
	at org.springframework.security.web.context.SecurityContextHolderFilter.doFilter(SecurityContextHolderFilter.java:82)
	at org.springframework.security.web.context.SecurityContextHolderFilter.doFilter(SecurityContextHolderFilter.java:69)
	at org.springframework.security.web.ObservationFilterChainDecorator$ObservationFilter.wrapFilter(ObservationFilterChainDecorator.java:240)
	at org.springframework.security.web.ObservationFilterChainDecorator$ObservationFilter.doFilter(ObservationFilterChainDecorator.java:227)
	at org.springframework.security.web.ObservationFilterChainDecorator$VirtualFilterChain.doFilter(ObservationFilterChainDecorator.java:137)
	at org.springframework.security.web.context.request.async.WebAsyncManagerIntegrationFilter.doFilterInternal(WebAsyncManagerIntegrationFilter.java:62)
	at org.springframework.web.filter.OncePerRequestFilter.doFilter(OncePerRequestFilter.java:116)
	at org.springframework.security.web.ObservationFilterChainDecorator$ObservationFilter.wrapFilter(ObservationFilterChainDecorator.java:240)
	at org.springframework.security.web.ObservationFilterChainDecorator$ObservationFilter.doFilter(ObservationFilterChainDecorator.java:227)
	at org.springframework.security.web.ObservationFilterChainDecorator$VirtualFilterChain.doFilter(ObservationFilterChainDecorator.java:137)
	at org.springframework.security.web.session.DisableEncodeUrlFilter.doFilterInternal(DisableEncodeUrlFilter.java:42)
	at org.springframework.web.filter.OncePerRequestFilter.doFilter(OncePerRequestFilter.java:116)
	at org.springframework.security.web.ObservationFilterChainDecorator$ObservationFilter.wrapFilter(ObservationFilterChainDecorator.java:240)
	at org.springframework.security.web.ObservationFilterChainDecorator$AroundFilterObservation$SimpleAroundFilterObservation.lambda$wrap$0(ObservationFilterChainDecorator.java:323)
	at org.springframework.security.web.ObservationFilterChainDecorator$ObservationFilter.doFilter(ObservationFilterChainDecorator.java:224)
	at org.springframework.security.web.ObservationFilterChainDecorator$VirtualFilterChain.doFilter(ObservationFilterChainDecorator.java:137)
	at org.springframework.security.web.FilterChainProxy.doFilterInternal(FilterChainProxy.java:233)
	at org.springframework.security.web.FilterChainProxy.doFilter(FilterChainProxy.java:191)
	at org.springframework.web.filter.CompositeFilter$VirtualFilterChain.doFilter(CompositeFilter.java:113)
	at org.springframework.web.servlet.handler.HandlerMappingIntrospector.lambda$createCacheFilter$3(HandlerMappingIntrospector.java:243)
	at org.springframework.web.filter.CompositeFilter$VirtualFilterChain.doFilter(CompositeFilter.java:113)
	at org.springframework.web.filter.CompositeFilter.doFilter(CompositeFilter.java:74)
	at org.springframework.security.config.annotation.web.configuration.WebMvcSecurityConfiguration$CompositeFilterChainProxy.doFilter(WebMvcSecurityConfiguration.java:238)
	at org.springframework.web.filter.DelegatingFilterProxy.invokeDelegate(DelegatingFilterProxy.java:362)
	at org.springframework.web.filter.DelegatingFilterProxy.doFilter(DelegatingFilterProxy.java:278)
	at org.springframework.test.web.servlet.setup.MockMvcFilterDecorator.doFilter(MockMvcFilterDecorator.java:162)
	at org.springframework.mock.web.MockFilterChain.doFilter(MockFilterChain.java:132)
	at org.springframework.web.filter.RequestContextFilter.doFilterInternal(RequestContextFilter.java:100)
	at org.springframework.web.filter.OncePerRequestFilter.doFilter(OncePerRequestFilter.java:116)
	at org.springframework.test.web.servlet.setup.MockMvcFilterDecorator.doFilter(MockMvcFilterDecorator.java:162)
	at org.springframework.mock.web.MockFilterChain.doFilter(MockFilterChain.java:132)
	at org.springframework.web.filter.FormContentFilter.doFilterInternal(FormContentFilter.java:93)
	at org.springframework.web.filter.OncePerRequestFilter.doFilter(OncePerRequestFilter.java:116)
	at org.springframework.test.web.servlet.setup.MockMvcFilterDecorator.doFilter(MockMvcFilterDecorator.java:162)
	at org.springframework.mock.web.MockFilterChain.doFilter(MockFilterChain.java:132)
	at org.springframework.web.filter.ServerHttpObservationFilter.doFilterInternal(ServerHttpObservationFilter.java:114)
	at org.springframework.web.filter.OncePerRequestFilter.doFilter(OncePerRequestFilter.java:116)
	at org.springframework.test.web.servlet.setup.MockMvcFilterDecorator.doFilter(MockMvcFilterDecorator.java:162)
	at org.springframework.mock.web.MockFilterChain.doFilter(MockFilterChain.java:132)
	at io.sentry.spring.jakarta.tracing.SentryTracingFilter.doFilterInternal(SentryTracingFilter.java:91)
	at org.springframework.web.filter.OncePerRequestFilter.doFilter(OncePerRequestFilter.java:116)
	at org.springframework.test.web.servlet.setup.MockMvcFilterDecorator.doFilter(MockMvcFilterDecorator.java:162)
	at org.springframework.mock.web.MockFilterChain.doFilter(MockFilterChain.java:132)
	at org.springframework.web.filter.CharacterEncodingFilter.doFilterInternal(CharacterEncodingFilter.java:201)
	at org.springframework.web.filter.OncePerRequestFilter.doFilter(OncePerRequestFilter.java:116)
	at org.springframework.test.web.servlet.setup.MockMvcFilterDecorator.doFilter(MockMvcFilterDecorator.java:162)
	at org.springframework.mock.web.MockFilterChain.doFilter(MockFilterChain.java:132)
	at io.sentry.spring.jakarta.SentrySpringFilter.doFilterInternal(SentrySpringFilter.java:76)
	at org.springframework.web.filter.OncePerRequestFilter.doFilter(OncePerRequestFilter.java:116)
	at org.springframework.test.web.servlet.setup.MockMvcFilterDecorator.doFilter(MockMvcFilterDecorator.java:162)
	at org.springframework.mock.web.MockFilterChain.doFilter(MockFilterChain.java:132)
	at org.springframework.test.web.servlet.MockMvc.perform(MockMvc.java:201)
	at de.tum.cit.aet.artemis.core.util.RequestUtilService.performMvcRequest(RequestUtilService.java:79)
	at de.tum.cit.aet.artemis.core.util.RequestUtilService.postWithoutLocation(RequestUtilService.java:213)
	at de.tum.cit.aet.artemis.core.util.RequestUtilService.postWithoutLocation(RequestUtilService.java:199)
	at de.tum.cit.aet.artemis.programming.ProgrammingSubmissionAndResultGitlabJenkinsIntegrationTest.postResult(ProgrammingSubmissionAndResultGitlabJenkinsIntegrationTest.java:413)
	at de.tum.cit.aet.artemis.programming.ProgrammingSubmissionAndResultGitlabJenkinsIntegrationTest.shouldSaveBuildLogsOnStudentParticipationWithoutSubmissionNorResult(ProgrammingSubmissionAndResultGitlabJenkinsIntegrationTest.java:338)
	at java.base/jdk.internal.reflect.DirectMethodHandleAccessor.invoke(DirectMethodHandleAccessor.java:103)
	at java.base/java.lang.reflect.Method.invoke(Method.java:580)
	at org.junit.platform.commons.util.ReflectionUtils.invokeMethod(ReflectionUtils.java:767)
	at org.junit.jupiter.engine.execution.MethodInvocation.proceed(MethodInvocation.java:60)
	at org.junit.jupiter.engine.execution.InvocationInterceptorChain$ValidatingInvocation.proceed(InvocationInterceptorChain.java:131)
	at org.junit.jupiter.engine.extension.TimeoutExtension.intercept(TimeoutExtension.java:156)
	at org.junit.jupiter.engine.extension.TimeoutExtension.interceptTestableMethod(TimeoutExtension.java:147)
	at org.junit.jupiter.engine.extension.TimeoutExtension.interceptTestTemplateMethod(TimeoutExtension.java:94)
	at org.junit.jupiter.engine.execution.InterceptingExecutableInvoker$ReflectiveInterceptorCall.lambda$ofVoidMethod$0(InterceptingExecutableInvoker.java:103)
	at org.junit.jupiter.engine.execution.InterceptingExecutableInvoker.lambda$invoke$0(InterceptingExecutableInvoker.java:93)
	at org.junit.jupiter.engine.execution.InvocationInterceptorChain$InterceptedInvocation.proceed(InvocationInterceptorChain.java:106)
	at org.junit.jupiter.engine.execution.InvocationInterceptorChain.proceed(InvocationInterceptorChain.java:64)
	at org.junit.jupiter.engine.execution.InvocationInterceptorChain.chainAndInvoke(InvocationInterceptorChain.java:45)
	at org.junit.jupiter.engine.execution.InvocationInterceptorChain.invoke(InvocationInterceptorChain.java:37)
	at org.junit.jupiter.engine.execution.InterceptingExecutableInvoker.invoke(InterceptingExecutableInvoker.java:92)
	at org.junit.jupiter.engine.execution.InterceptingExecutableInvoker.invoke(InterceptingExecutableInvoker.java:86)
	at org.junit.jupiter.engine.descriptor.TestMethodTestDescriptor.lambda$invokeTestMethod$8(TestMethodTestDescriptor.java:217)
	at org.junit.platform.engine.support.hierarchical.ThrowableCollector.execute(ThrowableCollector.java:73)
	at org.junit.jupiter.engine.descriptor.TestMethodTestDescriptor.invokeTestMethod(TestMethodTestDescriptor.java:213)
	at org.junit.jupiter.engine.descriptor.TestMethodTestDescriptor.execute(TestMethodTestDescriptor.java:138)
	at org.junit.jupiter.engine.descriptor.TestMethodTestDescriptor.execute(TestMethodTestDescriptor.java:68)
	at org.junit.platform.engine.support.hierarchical.NodeTestTask.lambda$executeRecursively$6(NodeTestTask.java:156)
	at org.junit.platform.engine.support.hierarchical.ThrowableCollector.execute(ThrowableCollector.java:73)
	at org.junit.platform.engine.support.hierarchical.NodeTestTask.lambda$executeRecursively$8(NodeTestTask.java:146)
	at org.junit.platform.engine.support.hierarchical.Node.around(Node.java:137)
	at org.junit.platform.engine.support.hierarchical.NodeTestTask.lambda$executeRecursively$9(NodeTestTask.java:144)
	at org.junit.platform.engine.support.hierarchical.ThrowableCollector.execute(ThrowableCollector.java:73)
	at org.junit.platform.engine.support.hierarchical.NodeTestTask.executeRecursively(NodeTestTask.java:143)
	at org.junit.platform.engine.support.hierarchical.NodeTestTask.execute(NodeTestTask.java:100)
	at org.junit.platform.engine.support.hierarchical.ForkJoinPoolHierarchicalTestExecutorService$ExclusiveTask.exec(ForkJoinPoolHierarchicalTestExecutorService.java:274)
	at org.junit.platform.engine.support.hierarchical.ForkJoinPoolHierarchicalTestExecutorService$ExclusiveTask.execSync(ForkJoinPoolHierarchicalTestExecutorService.java:247)
	at org.junit.platform.engine.support.hierarchical.ForkJoinPoolHierarchicalTestExecutorService.submit(ForkJoinPoolHierarchicalTestExecutorService.java:148)
	at org.junit.platform.engine.support.hierarchical.NodeTestTask$DefaultDynamicTestExecutor.execute(NodeTestTask.java:231)
	at org.junit.platform.engine.support.hierarchical.NodeTestTask$DefaultDynamicTestExecutor.execute(NodeTestTask.java:209)
	at org.junit.jupiter.engine.descriptor.TestTemplateTestDescriptor.execute(TestTemplateTestDescriptor.java:141)
	at org.junit.jupiter.engine.descriptor.TestTemplateTestDescriptor.lambda$execute$3(TestTemplateTestDescriptor.java:109)
	at java.base/java.util.stream.ForEachOps$ForEachOp$OfRef.accept(ForEachOps.java:184)
	at java.base/java.util.stream.ReferencePipeline$3$1.accept(ReferencePipeline.java:197)
	at java.base/java.util.stream.ReferencePipeline$2$1.accept(ReferencePipeline.java:179)
	at java.base/java.util.stream.ReferencePipeline$3$1.accept(ReferencePipeline.java:197)
	at java.base/java.util.stream.ForEachOps$ForEachOp$OfRef.accept(ForEachOps.java:184)
	at java.base/java.util.stream.ReferencePipeline$3$1.accept(ReferencePipeline.java:197)
	at java.base/java.util.stream.ForEachOps$ForEachOp$OfRef.accept(ForEachOps.java:184)
	at java.base/java.util.stream.ForEachOps$ForEachOp$OfRef.accept(ForEachOps.java:184)
	at java.base/java.util.stream.ReferencePipeline$3$1.accept(ReferencePipeline.java:197)
	at java.base/java.util.stream.ForEachOps$ForEachOp$OfRef.accept(ForEachOps.java:184)
	at java.base/java.util.Spliterators$ArraySpliterator.forEachRemaining(Spliterators.java:1024)
	at java.base/java.util.stream.ReferencePipeline$Head.forEach(ReferencePipeline.java:762)
	at java.base/java.util.stream.ReferencePipeline$7$1.accept(ReferencePipeline.java:276)
	at java.base/java.util.Iterator.forEachRemaining(Iterator.java:133)
	at java.base/java.util.Spliterators$IteratorSpliterator.forEachRemaining(Spliterators.java:1939)
	at java.base/java.util.stream.AbstractPipeline.copyInto(AbstractPipeline.java:509)
	at java.base/java.util.stream.AbstractPipeline.wrapAndCopyInto(AbstractPipeline.java:499)
	at java.base/java.util.stream.ForEachOps$ForEachOp.evaluateSequential(ForEachOps.java:151)
	at java.base/java.util.stream.ForEachOps$ForEachOp$OfRef.evaluateSequential(ForEachOps.java:174)
	at java.base/java.util.stream.AbstractPipeline.evaluate(AbstractPipeline.java:234)
	at java.base/java.util.stream.ReferencePipeline.forEach(ReferencePipeline.java:596)
	at java.base/java.util.stream.ReferencePipeline$7$1.accept(ReferencePipeline.java:276)
	at java.base/java.util.stream.ReferencePipeline$3$1.accept(ReferencePipeline.java:197)
	at java.base/java.util.stream.ReferencePipeline$3$1.accept(ReferencePipeline.java:197)
	at java.base/java.util.stream.ReferencePipeline$3$1.accept(ReferencePipeline.java:197)
	at java.base/java.util.Spliterators$ArraySpliterator.forEachRemaining(Spliterators.java:1024)
	at java.base/java.util.stream.AbstractPipeline.copyInto(AbstractPipeline.java:509)
	at java.base/java.util.stream.AbstractPipeline.wrapAndCopyInto(AbstractPipeline.java:499)
	at java.base/java.util.stream.ForEachOps$ForEachOp.evaluateSequential(ForEachOps.java:151)
	at java.base/java.util.stream.ForEachOps$ForEachOp$OfRef.evaluateSequential(ForEachOps.java:174)
	at java.base/java.util.stream.AbstractPipeline.evaluate(AbstractPipeline.java:234)
	at java.base/java.util.stream.ReferencePipeline.forEach(ReferencePipeline.java:596)
	at java.base/java.util.stream.ReferencePipeline$7$1.accept(ReferencePipeline.java:276)
	at java.base/java.util.ArrayList$ArrayListSpliterator.forEachRemaining(ArrayList.java:1708)
	at java.base/java.util.stream.AbstractPipeline.copyInto(AbstractPipeline.java:509)
	at java.base/java.util.stream.AbstractPipeline.wrapAndCopyInto(AbstractPipeline.java:499)
	at java.base/java.util.stream.ForEachOps$ForEachOp.evaluateSequential(ForEachOps.java:151)
	at java.base/java.util.stream.ForEachOps$ForEachOp$OfRef.evaluateSequential(ForEachOps.java:174)
	at java.base/java.util.stream.AbstractPipeline.evaluate(AbstractPipeline.java:234)
	at java.base/java.util.stream.ReferencePipeline.forEach(ReferencePipeline.java:596)
	at java.base/java.util.stream.ReferencePipeline$7$1.accept(ReferencePipeline.java:276)
	at java.base/java.util.stream.ReferencePipeline$3$1.accept(ReferencePipeline.java:197)
	at java.base/java.util.stream.ReferencePipeline$3$1.accept(ReferencePipeline.java:197)
	at java.base/java.util.stream.ReferencePipeline$3$1.accept(ReferencePipeline.java:197)
	at java.base/java.util.ArrayList$ArrayListSpliterator.forEachRemaining(ArrayList.java:1708)
	at java.base/java.util.stream.AbstractPipeline.copyInto(AbstractPipeline.java:509)
	at java.base/java.util.stream.AbstractPipeline.wrapAndCopyInto(AbstractPipeline.java:499)
	at java.base/java.util.stream.ForEachOps$ForEachOp.evaluateSequential(ForEachOps.java:151)
	at java.base/java.util.stream.ForEachOps$ForEachOp$OfRef.evaluateSequential(ForEachOps.java:174)
	at java.base/java.util.stream.AbstractPipeline.evaluate(AbstractPipeline.java:234)
	at java.base/java.util.stream.ReferencePipeline.forEach(ReferencePipeline.java:596)
	at java.base/java.util.stream.ReferencePipeline$7$1.accept(ReferencePipeline.java:276)
	at java.base/java.util.ArrayList$ArrayListSpliterator.forEachRemaining(ArrayList.java:1708)
	at java.base/java.util.stream.AbstractPipeline.copyInto(AbstractPipeline.java:509)
	at java.base/java.util.stream.AbstractPipeline.wrapAndCopyInto(AbstractPipeline.java:499)
	at java.base/java.util.stream.ForEachOps$ForEachOp.evaluateSequential(ForEachOps.java:151)
	at java.base/java.util.stream.ForEachOps$ForEachOp$OfRef.evaluateSequential(ForEachOps.java:174)
	at java.base/java.util.stream.AbstractPipeline.evaluate(AbstractPipeline.java:234)
	at java.base/java.util.stream.ReferencePipeline.forEach(ReferencePipeline.java:596)
	at org.junit.jupiter.engine.descriptor.TestTemplateTestDescriptor.execute(TestTemplateTestDescriptor.java:109)
	at org.junit.jupiter.engine.descriptor.TestTemplateTestDescriptor.execute(TestTemplateTestDescriptor.java:43)
	at org.junit.platform.engine.support.hierarchical.NodeTestTask.lambda$executeRecursively$6(NodeTestTask.java:156)
	at org.junit.platform.engine.support.hierarchical.ThrowableCollector.execute(ThrowableCollector.java:73)
	at org.junit.platform.engine.support.hierarchical.NodeTestTask.lambda$executeRecursively$8(NodeTestTask.java:146)
	at org.junit.platform.engine.support.hierarchical.Node.around(Node.java:137)
	at org.junit.platform.engine.support.hierarchical.NodeTestTask.lambda$executeRecursively$9(NodeTestTask.java:144)
	at org.junit.platform.engine.support.hierarchical.ThrowableCollector.execute(ThrowableCollector.java:73)
	at org.junit.platform.engine.support.hierarchical.NodeTestTask.executeRecursively(NodeTestTask.java:143)
	at org.junit.platform.engine.support.hierarchical.NodeTestTask.execute(NodeTestTask.java:100)
	at org.junit.platform.engine.support.hierarchical.ForkJoinPoolHierarchicalTestExecutorService$ExclusiveTask.exec(ForkJoinPoolHierarchicalTestExecutorService.java:274)
	at org.junit.platform.engine.support.hierarchical.ForkJoinPoolHierarchicalTestExecutorService$ExclusiveTask.execSync(ForkJoinPoolHierarchicalTestExecutorService.java:247)
	at org.junit.platform.engine.support.hierarchical.ForkJoinPoolHierarchicalTestExecutorService.executeSync(ForkJoinPoolHierarchicalTestExecutorService.java:194)
	at org.junit.platform.engine.support.hierarchical.ForkJoinPoolHierarchicalTestExecutorService.invokeAll(ForkJoinPoolHierarchicalTestExecutorService.java:166)
	at org.junit.platform.engine.support.hierarchical.NodeTestTask.lambda$executeRecursively$6(NodeTestTask.java:160)
	at org.junit.platform.engine.support.hierarchical.ThrowableCollector.execute(ThrowableCollector.java:73)
	at org.junit.platform.engine.support.hierarchical.NodeTestTask.lambda$executeRecursively$8(NodeTestTask.java:146)
	at org.junit.platform.engine.support.hierarchical.Node.around(Node.java:137)
	at org.junit.platform.engine.support.hierarchical.NodeTestTask.lambda$executeRecursively$9(NodeTestTask.java:144)
	at org.junit.platform.engine.support.hierarchical.ThrowableCollector.execute(ThrowableCollector.java:73)
	at org.junit.platform.engine.support.hierarchical.NodeTestTask.executeRecursively(NodeTestTask.java:143)
	at org.junit.platform.engine.support.hierarchical.NodeTestTask.execute(NodeTestTask.java:100)
	at org.junit.platform.engine.support.hierarchical.ForkJoinPoolHierarchicalTestExecutorService$ExclusiveTask.exec(ForkJoinPoolHierarchicalTestExecutorService.java:274)
	at java.base/java.util.concurrent.ForkJoinTask.doExec(ForkJoinTask.java:387)
	at java.base/java.util.concurrent.ForkJoinPool$WorkQueue.topLevelExec(ForkJoinPool.java:1312)
	at java.base/java.util.concurrent.ForkJoinPool.scan(ForkJoinPool.java:1843)
	at java.base/java.util.concurrent.ForkJoinPool.runWorker(ForkJoinPool.java:1808)
	at java.base/java.util.concurrent.ForkJoinWorkerThread.run(ForkJoinWorkerThread.java:188)
    23:48:51.778 | 463 ool-1-worker-227 | DEBUG | .c.s.m.InstanceMessageReceiveService : Received schedule participant score for exercise 3252 and participant 773 (result to be deleted: null)
    23:48:51.778 | 463 ool-1-worker-227 | DEBUG | .a.s.ParticipantScoreScheduleService : Scheduled task for exercise 3252 and participant 773 at 2025-02-14T23:48:51.878478498Z[Etc/UTC].
    23:48:51.779 | 463 ool-1-worker-227 | DEBUG | .a.a.p.s.ProgrammingMessagingService : Send result to client over websocket. Result: Result{id795, completionDate=2025-02-14T23:48:51.753409400Z, successful=false, score=0.0, rated=true, assessmentType=AUTOMATIC, hasComplaint=null, testCaseCount=0, passedTestCaseCount=0, codeIssueCount=0}, Submission: ProgrammingSubmission{commitHash='9b3a9bd71a0d80e5bbc42204c319ed3d1d4f0d6d', buildFailed=true, buildArtifact=false, type=MANUAL}, Participation: ProgrammingExerciseStudentParticipation{id=4072, repositoryUri='https://version-control.fake.fake/git/SHORT315209820F99C04DB90A2060FA1B7A76B919TSTEXC/short315209820f99c04db90a2060fa1b7a76b919tstexc-progsubresgitlabjenstudent1.git', buildPlanId='SHORT315209820F99C04DB90A2060FA1B7A76B919TSTEXC-PROGSUBRESGITLABJENSTUDENT1', initializationState='INITIALIZED', initializationDate='2025-02-14T23:48:51.751758Z', individualDueDate=null', presentationScore=null}
    23:48:51.781 | 463 ool-1-worker-227 | INFO  | d.t.c.a.a.a.w.o.PublicResultResource : The new result for SHORT315209820F99C04DB90A2060FA1B7A76B919TSTEXC-PROGSUBRESGITLABJENSTUDENT1 was saved successfully
    23:48:51.785 | 463 ool-1-worker-227 | DEBUG | d.t.c.a.a.c.s.f.ApiVersionFilter     : Adding Version to Request GET /api/repository/4072/buildlogs
    23:48:51.785 | 463 ool-1-worker-227 | DEBUG | rammingExerciseParticipationResource : REST request to get build log : 4072

  Starting logs for ProgrammingSubmissionAndResultGitlabJenkinsIntegrationTest > shouldSaveBuildLogsOnStudentParticipationWithoutSubmissionNorResult(ProgrammingLanguage, boolean) [27] programmingLanguage=BASH, enableStaticCodeAnalysis=true
    23:48:51.798 | 463 ool-1-worker-227 | DEBUG | d.t.c.a.a.c.u.util.UserUtilService   : Generate 3 students...
    23:48:51.802 | 463 ool-1-worker-227 | DEBUG | d.t.c.a.a.c.u.util.UserUtilService   : 3 students generated. Generate 2 tutors...
    23:48:51.805 | 463 ool-1-worker-227 | DEBUG | d.t.c.a.a.c.u.util.UserUtilService   : 2 tutors generated. Generate 0 editors...
    23:48:51.806 | 463 ool-1-worker-227 | DEBUG | d.t.c.a.a.c.u.util.UserUtilService   : 0 editors generated. Generate 2 instructors...
    23:48:51.809 | 463 ool-1-worker-227 | DEBUG | d.t.c.a.a.c.u.util.UserUtilService   : 2 instructors generated
    23:48:51.810 | 463 ool-1-worker-227 | DEBUG | d.t.c.a.a.c.u.util.UserUtilService   : Removing 7 users from all courses...
    23:48:51.811 | 463 ool-1-worker-227 | DEBUG | d.t.c.a.a.c.u.util.UserUtilService   : Removing 7 users from all courses. Done
    23:48:51.811 | 463 ool-1-worker-227 | DEBUG | d.t.c.a.a.c.u.util.UserUtilService   : Save 7 users to database...
    23:48:51.814 | 463 ool-1-worker-227 | DEBUG | d.t.c.a.a.c.u.util.UserUtilService   : Save 7 users to database. Done
    23:48:51.827 | 463 ool-1-worker-227 | DEBUG | PersonalAccessTokenManagementService : Generate secure vcs access token
    23:48:51.830 | 463 ool-1-worker-227 | DEBUG | PersonalAccessTokenManagementService : Generate secure vcs access token
    23:48:51.832 | 463 ool-1-worker-227 | INFO  | i.z.t.d.l.EmbeddedDatabaseReporter   : JDBC URL to connect to 'dataSource': url='jdbc:h2:tcp://localhost:41063/mem:736625c0-cf5e-400d-aeaa-8a7eabd6262b;USER=sa', scope='ProgrammingSubmissionAndResultGitlabJenkinsIntegrationTest#shouldSaveBuildLogsOnStudentParticipationWithoutSubmissionNorResult'
    23:48:51.843 | 463 ool-1-worker-227 | DEBUG | PersonalAccessTokenManagementService : Generate secure vcs access token
    23:48:51.846 | 463 ool-1-worker-227 | DEBUG | d.t.c.a.a.c.s.f.ApiVersionFilter     : Adding Version to Request POST /api/public/programming-exercises/new-result
    23:48:51.847 | 463 ool-1-worker-227 | DEBUG | d.t.c.a.a.a.w.o.PublicResultResource : Received result notify (NEW)
    23:48:51.849 | 463 ool-1-worker-227 | INFO  | d.t.c.a.a.a.w.o.PublicResultResource : Artemis received a new result for build plan SHORTB907FA5804DD0041AB08BFE053EA785D3EC9TSTEXC-PROGSUBRESGITLABJENSTUDENT1
    23:48:51.851 | 463 ool-1-worker-227 | DEBUG | .s.ProgrammingExerciseGradingService : Received new build result (NEW) for participation 4079
    23:48:51.854 | 463 ool-1-worker-227 | WARN  | .s.ProgrammingExerciseGradingService : Could not find pending ProgrammingSubmission for Commit Hash 9b3a9bd71a0d80e5bbc42204c319ed3d1d4f0d6d (Participation 4079, Build Plan SHORTB907FA5804DD0041AB08BFE053EA785D3EC9TSTEXC-PROGSUBRESGITLABJENSTUDENT1). Will create a new one subsequently...
    23:48:51.854 | 463 ool-1-worker-227 | ERROR | .s.ProgrammingExerciseGradingService : Could not retrieve push date for participation 4079 and build plan SHORTB907FA5804DD0041AB08BFE053EA785D3EC9TSTEXC-PROGSUBRESGITLABJENSTUDENT1
de.tum.cit.aet.artemis.programming.service.gitlab.GitLabException: Could not find build queue date for participation 4079
	at de.tum.cit.aet.artemis.programming.service.gitlab.GitLabService.getPushDate(GitLabService.java:369)
	at de.tum.cit.aet.artemis.programming.service.gitlab.GitLabService.getPushDate(GitLabService.java:358)
	at de.tum.cit.aet.artemis.programming.service.ProgrammingExerciseGradingService.createAndSaveFallbackSubmission(ProgrammingExerciseGradingService.java:286)
	at de.tum.cit.aet.artemis.programming.service.ProgrammingExerciseGradingService.createAndSaveFallbackSubmission(ProgrammingExerciseGradingService.java:272)
	at de.tum.cit.aet.artemis.programming.service.ProgrammingExerciseGradingService.lambda$processNewProgrammingExerciseResult$0(ProgrammingExerciseGradingService.java:177)
	at java.base/java.util.Optional.orElseGet(Optional.java:364)
	at de.tum.cit.aet.artemis.programming.service.ProgrammingExerciseGradingService.processNewProgrammingExerciseResult(ProgrammingExerciseGradingService.java:177)
	at de.tum.cit.aet.artemis.programming.service.ProgrammingExerciseGradingService.processNewProgrammingExerciseResult(ProgrammingExerciseGradingService.java:156)
	at de.tum.cit.aet.artemis.assessment.web.open.PublicResultResource.processNewProgrammingExerciseResult(PublicResultResource.java:113)
	at java.base/jdk.internal.reflect.DirectMethodHandleAccessor.invoke(DirectMethodHandleAccessor.java:103)
	at java.base/java.lang.reflect.Method.invoke(Method.java:580)
	at org.springframework.aop.support.AopUtils.invokeJoinpointUsingReflection(AopUtils.java:359)
	at org.springframework.aop.framework.ReflectiveMethodInvocation.invokeJoinpoint(ReflectiveMethodInvocation.java:196)
	at org.springframework.aop.framework.ReflectiveMethodInvocation.proceed(ReflectiveMethodInvocation.java:163)
	at org.springframework.security.authorization.method.AuthorizationManagerBeforeMethodInterceptor.proceed(AuthorizationManagerBeforeMethodInterceptor.java:268)
	at org.springframework.security.authorization.method.AuthorizationManagerBeforeMethodInterceptor.attemptAuthorization(AuthorizationManagerBeforeMethodInterceptor.java:263)
	at org.springframework.security.authorization.method.AuthorizationManagerBeforeMethodInterceptor.invoke(AuthorizationManagerBeforeMethodInterceptor.java:196)
	at org.springframework.security.config.annotation.method.configuration.DeferringMethodInterceptor.invoke(DeferringMethodInterceptor.java:44)
	at org.springframework.aop.framework.ReflectiveMethodInvocation.proceed(ReflectiveMethodInvocation.java:184)
	at org.springframework.aop.framework.CglibAopProxy$DynamicAdvisedInterceptor.intercept(CglibAopProxy.java:727)
	at de.tum.cit.aet.artemis.assessment.web.open.PublicResultResource$$SpringCGLIB$$0.processNewProgrammingExerciseResult(<generated>)
	at java.base/jdk.internal.reflect.DirectMethodHandleAccessor.invoke(DirectMethodHandleAccessor.java:103)
	at java.base/java.lang.reflect.Method.invoke(Method.java:580)
	at org.springframework.web.method.support.InvocableHandlerMethod.doInvoke(InvocableHandlerMethod.java:257)
	at org.springframework.web.method.support.InvocableHandlerMethod.invokeForRequest(InvocableHandlerMethod.java:190)
	at org.springframework.web.servlet.mvc.method.annotation.ServletInvocableHandlerMethod.invokeAndHandle(ServletInvocableHandlerMethod.java:118)
	at org.springframework.web.servlet.mvc.method.annotation.RequestMappingHandlerAdapter.invokeHandlerMethod(RequestMappingHandlerAdapter.java:986)
	at org.springframework.web.servlet.mvc.method.annotation.RequestMappingHandlerAdapter.handleInternal(RequestMappingHandlerAdapter.java:891)
	at org.springframework.web.servlet.mvc.method.AbstractHandlerMethodAdapter.handle(AbstractHandlerMethodAdapter.java:87)
	at org.springframework.web.servlet.DispatcherServlet.doDispatch(DispatcherServlet.java:1088)
	at org.springframework.web.servlet.DispatcherServlet.doService(DispatcherServlet.java:978)
	at org.springframework.web.servlet.FrameworkServlet.processRequest(FrameworkServlet.java:1014)
	at org.springframework.web.servlet.FrameworkServlet.doPost(FrameworkServlet.java:914)
	at jakarta.servlet.http.HttpServlet.service(HttpServlet.java:547)
	at org.springframework.web.servlet.FrameworkServlet.service(FrameworkServlet.java:885)
	at org.springframework.test.web.servlet.TestDispatcherServlet.service(TestDispatcherServlet.java:72)
	at jakarta.servlet.http.HttpServlet.service(HttpServlet.java:614)
	at org.springframework.mock.web.MockFilterChain$ServletFilterProxy.doFilter(MockFilterChain.java:165)
	at org.springframework.mock.web.MockFilterChain.doFilter(MockFilterChain.java:132)
	at org.springframework.web.filter.OncePerRequestFilter.doFilter(OncePerRequestFilter.java:110)
	at org.springframework.test.web.servlet.setup.MockMvcFilterDecorator.doFilter(MockMvcFilterDecorator.java:162)
	at org.springframework.mock.web.MockFilterChain.doFilter(MockFilterChain.java:132)
	at de.tum.cit.aet.artemis.core.security.filter.ApiVersionFilter.doFilter(ApiVersionFilter.java:55)
	at org.springframework.test.web.servlet.setup.MockMvcFilterDecorator.doFilter(MockMvcFilterDecorator.java:162)
	at org.springframework.mock.web.MockFilterChain.doFilter(MockFilterChain.java:132)
	at io.sentry.spring.jakarta.SentryUserFilter.doFilterInternal(SentryUserFilter.java:56)
	at org.springframework.web.filter.OncePerRequestFilter.doFilter(OncePerRequestFilter.java:116)
	at org.springframework.test.web.servlet.setup.MockMvcFilterDecorator.doFilter(MockMvcFilterDecorator.java:162)
	at org.springframework.mock.web.MockFilterChain.doFilter(MockFilterChain.java:132)
	at org.springframework.web.filter.CompositeFilter$VirtualFilterChain.doFilter(CompositeFilter.java:108)
	at org.springframework.security.web.FilterChainProxy.lambda$doFilterInternal$3(FilterChainProxy.java:231)
	at org.springframework.security.web.ObservationFilterChainDecorator$FilterObservation$SimpleFilterObservation.lambda$wrap$1(ObservationFilterChainDecorator.java:479)
	at org.springframework.security.web.ObservationFilterChainDecorator$AroundFilterObservation$SimpleAroundFilterObservation.lambda$wrap$1(ObservationFilterChainDecorator.java:340)
	at org.springframework.security.web.ObservationFilterChainDecorator.lambda$wrapSecured$0(ObservationFilterChainDecorator.java:82)
	at org.springframework.security.web.ObservationFilterChainDecorator$VirtualFilterChain.doFilter(ObservationFilterChainDecorator.java:128)
	at org.springframework.security.web.access.intercept.AuthorizationFilter.doFilter(AuthorizationFilter.java:101)
	at org.springframework.security.web.ObservationFilterChainDecorator$ObservationFilter.wrapFilter(ObservationFilterChainDecorator.java:240)
	at org.springframework.security.web.ObservationFilterChainDecorator$ObservationFilter.doFilter(ObservationFilterChainDecorator.java:227)
	at org.springframework.security.web.ObservationFilterChainDecorator$VirtualFilterChain.doFilter(ObservationFilterChainDecorator.java:137)
	at org.springframework.security.web.access.ExceptionTranslationFilter.doFilter(ExceptionTranslationFilter.java:126)
	at org.springframework.security.web.access.ExceptionTranslationFilter.doFilter(ExceptionTranslationFilter.java:120)
	at org.springframework.security.web.ObservationFilterChainDecorator$ObservationFilter.wrapFilter(ObservationFilterChainDecorator.java:240)
	at org.springframework.security.web.ObservationFilterChainDecorator$ObservationFilter.doFilter(ObservationFilterChainDecorator.java:227)
	at org.springframework.security.web.ObservationFilterChainDecorator$VirtualFilterChain.doFilter(ObservationFilterChainDecorator.java:137)
	at org.springframework.security.web.session.SessionManagementFilter.doFilter(SessionManagementFilter.java:131)
	at org.springframework.security.web.session.SessionManagementFilter.doFilter(SessionManagementFilter.java:85)
	at org.springframework.security.web.ObservationFilterChainDecorator$ObservationFilter.wrapFilter(ObservationFilterChainDecorator.java:240)
	at org.springframework.security.web.ObservationFilterChainDecorator$ObservationFilter.doFilter(ObservationFilterChainDecorator.java:227)
	at org.springframework.security.web.ObservationFilterChainDecorator$VirtualFilterChain.doFilter(ObservationFilterChainDecorator.java:137)
	at org.springframework.security.web.authentication.AnonymousAuthenticationFilter.doFilter(AnonymousAuthenticationFilter.java:100)
	at org.springframework.security.web.ObservationFilterChainDecorator$ObservationFilter.wrapFilter(ObservationFilterChainDecorator.java:240)
	at org.springframework.security.web.ObservationFilterChainDecorator$ObservationFilter.doFilter(ObservationFilterChainDecorator.java:227)
	at org.springframework.security.web.ObservationFilterChainDecorator$VirtualFilterChain.doFilter(ObservationFilterChainDecorator.java:137)
	at org.springframework.security.web.servletapi.SecurityContextHolderAwareRequestFilter.doFilter(SecurityContextHolderAwareRequestFilter.java:179)
	at org.springframework.security.web.ObservationFilterChainDecorator$ObservationFilter.wrapFilter(ObservationFilterChainDecorator.java:240)
	at org.springframework.security.web.ObservationFilterChainDecorator$ObservationFilter.doFilter(ObservationFilterChainDecorator.java:227)
	at org.springframework.security.web.ObservationFilterChainDecorator$VirtualFilterChain.doFilter(ObservationFilterChainDecorator.java:137)
	at org.springframework.security.web.savedrequest.RequestCacheAwareFilter.doFilter(RequestCacheAwareFilter.java:63)
	at org.springframework.security.web.ObservationFilterChainDecorator$ObservationFilter.wrapFilter(ObservationFilterChainDecorator.java:240)
	at org.springframework.security.web.ObservationFilterChainDecorator$ObservationFilter.doFilter(ObservationFilterChainDecorator.java:227)
	at org.springframework.security.web.ObservationFilterChainDecorator$VirtualFilterChain.doFilter(ObservationFilterChainDecorator.java:137)
	at de.tum.cit.aet.artemis.core.security.filter.SpaWebFilter.doFilterInternal(SpaWebFilter.java:23)
	at org.springframework.web.filter.OncePerRequestFilter.doFilter(OncePerRequestFilter.java:116)
	at org.springframework.security.web.ObservationFilterChainDecorator$ObservationFilter.wrapFilter(ObservationFilterChainDecorator.java:240)
	at org.springframework.security.web.ObservationFilterChainDecorator$ObservationFilter.doFilter(ObservationFilterChainDecorator.java:227)
	at org.springframework.security.web.ObservationFilterChainDecorator$VirtualFilterChain.doFilter(ObservationFilterChainDecorator.java:137)
	at org.springframework.web.filter.OncePerRequestFilter.doFilter(OncePerRequestFilter.java:110)
	at org.springframework.security.web.ObservationFilterChainDecorator$ObservationFilter.wrapFilter(ObservationFilterChainDecorator.java:240)
	at org.springframework.security.web.ObservationFilterChainDecorator$ObservationFilter.doFilter(ObservationFilterChainDecorator.java:227)
	at org.springframework.security.web.ObservationFilterChainDecorator$VirtualFilterChain.doFilter(ObservationFilterChainDecorator.java:137)
	at de.tum.cit.aet.artemis.lti.config.Lti13LaunchFilter.doFilterInternal(Lti13LaunchFilter.java:60)
	at org.springframework.web.filter.OncePerRequestFilter.doFilter(OncePerRequestFilter.java:116)
	at org.springframework.security.web.ObservationFilterChainDecorator$ObservationFilter.wrapFilter(ObservationFilterChainDecorator.java:240)
	at org.springframework.security.web.ObservationFilterChainDecorator$ObservationFilter.doFilter(ObservationFilterChainDecorator.java:227)
	at org.springframework.security.web.ObservationFilterChainDecorator$VirtualFilterChain.doFilter(ObservationFilterChainDecorator.java:137)
	at de.tum.cit.aet.artemis.core.security.jwt.JWTFilter.doFilter(JWTFilter.java:55)
	at org.springframework.security.web.ObservationFilterChainDecorator$ObservationFilter.wrapFilter(ObservationFilterChainDecorator.java:240)
	at org.springframework.security.web.ObservationFilterChainDecorator$ObservationFilter.doFilter(ObservationFilterChainDecorator.java:227)
	at org.springframework.security.web.ObservationFilterChainDecorator$VirtualFilterChain.doFilter(ObservationFilterChainDecorator.java:137)
	at de.tum.cit.aet.artemis.core.security.jwt.JWTFilter.doFilter(JWTFilter.java:55)
	at org.springframework.security.web.ObservationFilterChainDecorator$ObservationFilter.wrapFilter(ObservationFilterChainDecorator.java:240)
	at org.springframework.security.web.ObservationFilterChainDecorator$ObservationFilter.doFilter(ObservationFilterChainDecorator.java:227)
	at org.springframework.security.web.ObservationFilterChainDecorator$VirtualFilterChain.doFilter(ObservationFilterChainDecorator.java:137)
	at org.springframework.web.filter.CorsFilter.doFilterInternal(CorsFilter.java:91)
	at org.springframework.web.filter.OncePerRequestFilter.doFilter(OncePerRequestFilter.java:116)
	at org.springframework.security.web.ObservationFilterChainDecorator$ObservationFilter.wrapFilter(ObservationFilterChainDecorator.java:240)
	at org.springframework.security.web.ObservationFilterChainDecorator$ObservationFilter.doFilter(ObservationFilterChainDecorator.java:227)
	at org.springframework.security.web.ObservationFilterChainDecorator$VirtualFilterChain.doFilter(ObservationFilterChainDecorator.java:137)
	at org.springframework.web.filter.OncePerRequestFilter.doFilter(OncePerRequestFilter.java:110)
	at org.springframework.security.web.ObservationFilterChainDecorator$ObservationFilter.wrapFilter(ObservationFilterChainDecorator.java:240)
	at org.springframework.security.web.ObservationFilterChainDecorator$ObservationFilter.doFilter(ObservationFilterChainDecorator.java:227)
	at org.springframework.security.web.ObservationFilterChainDecorator$VirtualFilterChain.doFilter(ObservationFilterChainDecorator.java:137)
	at uk.ac.ox.ctl.lti13.security.oauth2.client.lti.web.OAuth2AuthorizationRequestRedirectFilter.doFilterInternal(OAuth2AuthorizationRequestRedirectFilter.java:142)
	at org.springframework.web.filter.OncePerRequestFilter.doFilter(OncePerRequestFilter.java:116)
	at org.springframework.security.web.ObservationFilterChainDecorator$ObservationFilter.wrapFilter(ObservationFilterChainDecorator.java:240)
	at org.springframework.security.web.ObservationFilterChainDecorator$ObservationFilter.doFilter(ObservationFilterChainDecorator.java:227)
	at org.springframework.security.web.ObservationFilterChainDecorator$VirtualFilterChain.doFilter(ObservationFilterChainDecorator.java:137)
	at org.springframework.security.web.authentication.logout.LogoutFilter.doFilter(LogoutFilter.java:107)
	at org.springframework.security.web.authentication.logout.LogoutFilter.doFilter(LogoutFilter.java:93)
	at org.springframework.security.web.ObservationFilterChainDecorator$ObservationFilter.wrapFilter(ObservationFilterChainDecorator.java:240)
	at org.springframework.security.web.ObservationFilterChainDecorator$ObservationFilter.doFilter(ObservationFilterChainDecorator.java:227)
	at org.springframework.security.web.ObservationFilterChainDecorator$VirtualFilterChain.doFilter(ObservationFilterChainDecorator.java:137)
	at org.springframework.security.web.header.HeaderWriterFilter.doHeadersAfter(HeaderWriterFilter.java:90)
	at org.springframework.security.web.header.HeaderWriterFilter.doFilterInternal(HeaderWriterFilter.java:75)
	at org.springframework.web.filter.OncePerRequestFilter.doFilter(OncePerRequestFilter.java:116)
	at org.springframework.security.web.ObservationFilterChainDecorator$ObservationFilter.wrapFilter(ObservationFilterChainDecorator.java:240)
	at org.springframework.security.web.ObservationFilterChainDecorator$ObservationFilter.doFilter(ObservationFilterChainDecorator.java:227)
	at org.springframework.security.web.ObservationFilterChainDecorator$VirtualFilterChain.doFilter(ObservationFilterChainDecorator.java:137)
	at org.springframework.security.web.context.SecurityContextHolderFilter.doFilter(SecurityContextHolderFilter.java:82)
	at org.springframework.security.web.context.SecurityContextHolderFilter.doFilter(SecurityContextHolderFilter.java:69)
	at org.springframework.security.web.ObservationFilterChainDecorator$ObservationFilter.wrapFilter(ObservationFilterChainDecorator.java:240)
	at org.springframework.security.web.ObservationFilterChainDecorator$ObservationFilter.doFilter(ObservationFilterChainDecorator.java:227)
	at org.springframework.security.web.ObservationFilterChainDecorator$VirtualFilterChain.doFilter(ObservationFilterChainDecorator.java:137)
	at org.springframework.security.web.context.request.async.WebAsyncManagerIntegrationFilter.doFilterInternal(WebAsyncManagerIntegrationFilter.java:62)
	at org.springframework.web.filter.OncePerRequestFilter.doFilter(OncePerRequestFilter.java:116)
	at org.springframework.security.web.ObservationFilterChainDecorator$ObservationFilter.wrapFilter(ObservationFilterChainDecorator.java:240)
	at org.springframework.security.web.ObservationFilterChainDecorator$ObservationFilter.doFilter(ObservationFilterChainDecorator.java:227)
	at org.springframework.security.web.ObservationFilterChainDecorator$VirtualFilterChain.doFilter(ObservationFilterChainDecorator.java:137)
	at org.springframework.security.web.session.DisableEncodeUrlFilter.doFilterInternal(DisableEncodeUrlFilter.java:42)
	at org.springframework.web.filter.OncePerRequestFilter.doFilter(OncePerRequestFilter.java:116)
	at org.springframework.security.web.ObservationFilterChainDecorator$ObservationFilter.wrapFilter(ObservationFilterChainDecorator.java:240)
	at org.springframework.security.web.ObservationFilterChainDecorator$AroundFilterObservation$SimpleAroundFilterObservation.lambda$wrap$0(ObservationFilterChainDecorator.java:323)
	at org.springframework.security.web.ObservationFilterChainDecorator$ObservationFilter.doFilter(ObservationFilterChainDecorator.java:224)
	at org.springframework.security.web.ObservationFilterChainDecorator$VirtualFilterChain.doFilter(ObservationFilterChainDecorator.java:137)
	at org.springframework.security.web.FilterChainProxy.doFilterInternal(FilterChainProxy.java:233)
	at org.springframework.security.web.FilterChainProxy.doFilter(FilterChainProxy.java:191)
	at org.springframework.web.filter.CompositeFilter$VirtualFilterChain.doFilter(CompositeFilter.java:113)
	at org.springframework.web.servlet.handler.HandlerMappingIntrospector.lambda$createCacheFilter$3(HandlerMappingIntrospector.java:243)
	at org.springframework.web.filter.CompositeFilter$VirtualFilterChain.doFilter(CompositeFilter.java:113)
	at org.springframework.web.filter.CompositeFilter.doFilter(CompositeFilter.java:74)
	at org.springframework.security.config.annotation.web.configuration.WebMvcSecurityConfiguration$CompositeFilterChainProxy.doFilter(WebMvcSecurityConfiguration.java:238)
	at org.springframework.web.filter.DelegatingFilterProxy.invokeDelegate(DelegatingFilterProxy.java:362)
	at org.springframework.web.filter.DelegatingFilterProxy.doFilter(DelegatingFilterProxy.java:278)
	at org.springframework.test.web.servlet.setup.MockMvcFilterDecorator.doFilter(MockMvcFilterDecorator.java:162)
	at org.springframework.mock.web.MockFilterChain.doFilter(MockFilterChain.java:132)
	at org.springframework.web.filter.RequestContextFilter.doFilterInternal(RequestContextFilter.java:100)
	at org.springframework.web.filter.OncePerRequestFilter.doFilter(OncePerRequestFilter.java:116)
	at org.springframework.test.web.servlet.setup.MockMvcFilterDecorator.doFilter(MockMvcFilterDecorator.java:162)
	at org.springframework.mock.web.MockFilterChain.doFilter(MockFilterChain.java:132)
	at org.springframework.web.filter.FormContentFilter.doFilterInternal(FormContentFilter.java:93)
	at org.springframework.web.filter.OncePerRequestFilter.doFilter(OncePerRequestFilter.java:116)
	at org.springframework.test.web.servlet.setup.MockMvcFilterDecorator.doFilter(MockMvcFilterDecorator.java:162)
	at org.springframework.mock.web.MockFilterChain.doFilter(MockFilterChain.java:132)
	at org.springframework.web.filter.ServerHttpObservationFilter.doFilterInternal(ServerHttpObservationFilter.java:114)
	at org.springframework.web.filter.OncePerRequestFilter.doFilter(OncePerRequestFilter.java:116)
	at org.springframework.test.web.servlet.setup.MockMvcFilterDecorator.doFilter(MockMvcFilterDecorator.java:162)
	at org.springframework.mock.web.MockFilterChain.doFilter(MockFilterChain.java:132)
	at io.sentry.spring.jakarta.tracing.SentryTracingFilter.doFilterInternal(SentryTracingFilter.java:91)
	at org.springframework.web.filter.OncePerRequestFilter.doFilter(OncePerRequestFilter.java:116)
	at org.springframework.test.web.servlet.setup.MockMvcFilterDecorator.doFilter(MockMvcFilterDecorator.java:162)
	at org.springframework.mock.web.MockFilterChain.doFilter(MockFilterChain.java:132)
	at org.springframework.web.filter.CharacterEncodingFilter.doFilterInternal(CharacterEncodingFilter.java:201)
	at org.springframework.web.filter.OncePerRequestFilter.doFilter(OncePerRequestFilter.java:116)
	at org.springframework.test.web.servlet.setup.MockMvcFilterDecorator.doFilter(MockMvcFilterDecorator.java:162)
	at org.springframework.mock.web.MockFilterChain.doFilter(MockFilterChain.java:132)
	at io.sentry.spring.jakarta.SentrySpringFilter.doFilterInternal(SentrySpringFilter.java:76)
	at org.springframework.web.filter.OncePerRequestFilter.doFilter(OncePerRequestFilter.java:116)
	at org.springframework.test.web.servlet.setup.MockMvcFilterDecorator.doFilter(MockMvcFilterDecorator.java:162)
	at org.springframework.mock.web.MockFilterChain.doFilter(MockFilterChain.java:132)
	at org.springframework.test.web.servlet.MockMvc.perform(MockMvc.java:201)
	at de.tum.cit.aet.artemis.core.util.RequestUtilService.performMvcRequest(RequestUtilService.java:79)
	at de.tum.cit.aet.artemis.core.util.RequestUtilService.postWithoutLocation(RequestUtilService.java:213)
	at de.tum.cit.aet.artemis.core.util.RequestUtilService.postWithoutLocation(RequestUtilService.java:199)
	at de.tum.cit.aet.artemis.programming.ProgrammingSubmissionAndResultGitlabJenkinsIntegrationTest.postResult(ProgrammingSubmissionAndResultGitlabJenkinsIntegrationTest.java:413)
	at de.tum.cit.aet.artemis.programming.ProgrammingSubmissionAndResultGitlabJenkinsIntegrationTest.shouldSaveBuildLogsOnStudentParticipationWithoutSubmissionNorResult(ProgrammingSubmissionAndResultGitlabJenkinsIntegrationTest.java:338)
	at java.base/jdk.internal.reflect.DirectMethodHandleAccessor.invoke(DirectMethodHandleAccessor.java:103)
	at java.base/java.lang.reflect.Method.invoke(Method.java:580)
	at org.junit.platform.commons.util.ReflectionUtils.invokeMethod(ReflectionUtils.java:767)
	at org.junit.jupiter.engine.execution.MethodInvocation.proceed(MethodInvocation.java:60)
	at org.junit.jupiter.engine.execution.InvocationInterceptorChain$ValidatingInvocation.proceed(InvocationInterceptorChain.java:131)
	at org.junit.jupiter.engine.extension.TimeoutExtension.intercept(TimeoutExtension.java:156)
	at org.junit.jupiter.engine.extension.TimeoutExtension.interceptTestableMethod(TimeoutExtension.java:147)
	at org.junit.jupiter.engine.extension.TimeoutExtension.interceptTestTemplateMethod(TimeoutExtension.java:94)
	at org.junit.jupiter.engine.execution.InterceptingExecutableInvoker$ReflectiveInterceptorCall.lambda$ofVoidMethod$0(InterceptingExecutableInvoker.java:103)
	at org.junit.jupiter.engine.execution.InterceptingExecutableInvoker.lambda$invoke$0(InterceptingExecutableInvoker.java:93)
	at org.junit.jupiter.engine.execution.InvocationInterceptorChain$InterceptedInvocation.proceed(InvocationInterceptorChain.java:106)
	at org.junit.jupiter.engine.execution.InvocationInterceptorChain.proceed(InvocationInterceptorChain.java:64)
	at org.junit.jupiter.engine.execution.InvocationInterceptorChain.chainAndInvoke(InvocationInterceptorChain.java:45)
	at org.junit.jupiter.engine.execution.InvocationInterceptorChain.invoke(InvocationInterceptorChain.java:37)
	at org.junit.jupiter.engine.execution.InterceptingExecutableInvoker.invoke(InterceptingExecutableInvoker.java:92)
	at org.junit.jupiter.engine.execution.InterceptingExecutableInvoker.invoke(InterceptingExecutableInvoker.java:86)
	at org.junit.jupiter.engine.descriptor.TestMethodTestDescriptor.lambda$invokeTestMethod$8(TestMethodTestDescriptor.java:217)
	at org.junit.platform.engine.support.hierarchical.ThrowableCollector.execute(ThrowableCollector.java:73)
	at org.junit.jupiter.engine.descriptor.TestMethodTestDescriptor.invokeTestMethod(TestMethodTestDescriptor.java:213)
	at org.junit.jupiter.engine.descriptor.TestMethodTestDescriptor.execute(TestMethodTestDescriptor.java:138)
	at org.junit.jupiter.engine.descriptor.TestMethodTestDescriptor.execute(TestMethodTestDescriptor.java:68)
	at org.junit.platform.engine.support.hierarchical.NodeTestTask.lambda$executeRecursively$6(NodeTestTask.java:156)
	at org.junit.platform.engine.support.hierarchical.ThrowableCollector.execute(ThrowableCollector.java:73)
	at org.junit.platform.engine.support.hierarchical.NodeTestTask.lambda$executeRecursively$8(NodeTestTask.java:146)
	at org.junit.platform.engine.support.hierarchical.Node.around(Node.java:137)
	at org.junit.platform.engine.support.hierarchical.NodeTestTask.lambda$executeRecursively$9(NodeTestTask.java:144)
	at org.junit.platform.engine.support.hierarchical.ThrowableCollector.execute(ThrowableCollector.java:73)
	at org.junit.platform.engine.support.hierarchical.NodeTestTask.executeRecursively(NodeTestTask.java:143)
	at org.junit.platform.engine.support.hierarchical.NodeTestTask.execute(NodeTestTask.java:100)
	at org.junit.platform.engine.support.hierarchical.ForkJoinPoolHierarchicalTestExecutorService$ExclusiveTask.exec(ForkJoinPoolHierarchicalTestExecutorService.java:274)
	at org.junit.platform.engine.support.hierarchical.ForkJoinPoolHierarchicalTestExecutorService$ExclusiveTask.execSync(ForkJoinPoolHierarchicalTestExecutorService.java:247)
	at org.junit.platform.engine.support.hierarchical.ForkJoinPoolHierarchicalTestExecutorService.submit(ForkJoinPoolHierarchicalTestExecutorService.java:148)
	at org.junit.platform.engine.support.hierarchical.NodeTestTask$DefaultDynamicTestExecutor.execute(NodeTestTask.java:231)
	at org.junit.platform.engine.support.hierarchical.NodeTestTask$DefaultDynamicTestExecutor.execute(NodeTestTask.java:209)
	at org.junit.jupiter.engine.descriptor.TestTemplateTestDescriptor.execute(TestTemplateTestDescriptor.java:141)
	at org.junit.jupiter.engine.descriptor.TestTemplateTestDescriptor.lambda$execute$3(TestTemplateTestDescriptor.java:109)
	at java.base/java.util.stream.ForEachOps$ForEachOp$OfRef.accept(ForEachOps.java:184)
	at java.base/java.util.stream.ReferencePipeline$3$1.accept(ReferencePipeline.java:197)
	at java.base/java.util.stream.ReferencePipeline$2$1.accept(ReferencePipeline.java:179)
	at java.base/java.util.stream.ReferencePipeline$3$1.accept(ReferencePipeline.java:197)
	at java.base/java.util.stream.ForEachOps$ForEachOp$OfRef.accept(ForEachOps.java:184)
	at java.base/java.util.stream.ReferencePipeline$3$1.accept(ReferencePipeline.java:197)
	at java.base/java.util.stream.ForEachOps$ForEachOp$OfRef.accept(ForEachOps.java:184)
	at java.base/java.util.stream.ForEachOps$ForEachOp$OfRef.accept(ForEachOps.java:184)
	at java.base/java.util.stream.ReferencePipeline$3$1.accept(ReferencePipeline.java:197)
	at java.base/java.util.stream.ForEachOps$ForEachOp$OfRef.accept(ForEachOps.java:184)
	at java.base/java.util.Spliterators$ArraySpliterator.forEachRemaining(Spliterators.java:1024)
	at java.base/java.util.stream.ReferencePipeline$Head.forEach(ReferencePipeline.java:762)
	at java.base/java.util.stream.ReferencePipeline$7$1.accept(ReferencePipeline.java:276)
	at java.base/java.util.Iterator.forEachRemaining(Iterator.java:133)
	at java.base/java.util.Spliterators$IteratorSpliterator.forEachRemaining(Spliterators.java:1939)
	at java.base/java.util.stream.AbstractPipeline.copyInto(AbstractPipeline.java:509)
	at java.base/java.util.stream.AbstractPipeline.wrapAndCopyInto(AbstractPipeline.java:499)
	at java.base/java.util.stream.ForEachOps$ForEachOp.evaluateSequential(ForEachOps.java:151)
	at java.base/java.util.stream.ForEachOps$ForEachOp$OfRef.evaluateSequential(ForEachOps.java:174)
	at java.base/java.util.stream.AbstractPipeline.evaluate(AbstractPipeline.java:234)
	at java.base/java.util.stream.ReferencePipeline.forEach(ReferencePipeline.java:596)
	at java.base/java.util.stream.ReferencePipeline$7$1.accept(ReferencePipeline.java:276)
	at java.base/java.util.stream.ReferencePipeline$3$1.accept(ReferencePipeline.java:197)
	at java.base/java.util.stream.ReferencePipeline$3$1.accept(ReferencePipeline.java:197)
	at java.base/java.util.stream.ReferencePipeline$3$1.accept(ReferencePipeline.java:197)
	at java.base/java.util.Spliterators$ArraySpliterator.forEachRemaining(Spliterators.java:1024)
	at java.base/java.util.stream.AbstractPipeline.copyInto(AbstractPipeline.java:509)
	at java.base/java.util.stream.AbstractPipeline.wrapAndCopyInto(AbstractPipeline.java:499)
	at java.base/java.util.stream.ForEachOps$ForEachOp.evaluateSequential(ForEachOps.java:151)
	at java.base/java.util.stream.ForEachOps$ForEachOp$OfRef.evaluateSequential(ForEachOps.java:174)
	at java.base/java.util.stream.AbstractPipeline.evaluate(AbstractPipeline.java:234)
	at java.base/java.util.stream.ReferencePipeline.forEach(ReferencePipeline.java:596)
	at java.base/java.util.stream.ReferencePipeline$7$1.accept(ReferencePipeline.java:276)
	at java.base/java.util.ArrayList$ArrayListSpliterator.forEachRemaining(ArrayList.java:1708)
	at java.base/java.util.stream.AbstractPipeline.copyInto(AbstractPipeline.java:509)
	at java.base/java.util.stream.AbstractPipeline.wrapAndCopyInto(AbstractPipeline.java:499)
	at java.base/java.util.stream.ForEachOps$ForEachOp.evaluateSequential(ForEachOps.java:151)
	at java.base/java.util.stream.ForEachOps$ForEachOp$OfRef.evaluateSequential(ForEachOps.java:174)
	at java.base/java.util.stream.AbstractPipeline.evaluate(AbstractPipeline.java:234)
	at java.base/java.util.stream.ReferencePipeline.forEach(ReferencePipeline.java:596)
	at java.base/java.util.stream.ReferencePipeline$7$1.accept(ReferencePipeline.java:276)
	at java.base/java.util.stream.ReferencePipeline$3$1.accept(ReferencePipeline.java:197)
	at java.base/java.util.stream.ReferencePipeline$3$1.accept(ReferencePipeline.java:197)
	at java.base/java.util.stream.ReferencePipeline$3$1.accept(ReferencePipeline.java:197)
	at java.base/java.util.ArrayList$ArrayListSpliterator.forEachRemaining(ArrayList.java:1708)
	at java.base/java.util.stream.AbstractPipeline.copyInto(AbstractPipeline.java:509)
	at java.base/java.util.stream.AbstractPipeline.wrapAndCopyInto(AbstractPipeline.java:499)
	at java.base/java.util.stream.ForEachOps$ForEachOp.evaluateSequential(ForEachOps.java:151)
	at java.base/java.util.stream.ForEachOps$ForEachOp$OfRef.evaluateSequential(ForEachOps.java:174)
	at java.base/java.util.stream.AbstractPipeline.evaluate(AbstractPipeline.java:234)
	at java.base/java.util.stream.ReferencePipeline.forEach(ReferencePipeline.java:596)
	at java.base/java.util.stream.ReferencePipeline$7$1.accept(ReferencePipeline.java:276)
	at java.base/java.util.ArrayList$ArrayListSpliterator.forEachRemaining(ArrayList.java:1708)
	at java.base/java.util.stream.AbstractPipeline.copyInto(AbstractPipeline.java:509)
	at java.base/java.util.stream.AbstractPipeline.wrapAndCopyInto(AbstractPipeline.java:499)
	at java.base/java.util.stream.ForEachOps$ForEachOp.evaluateSequential(ForEachOps.java:151)
	at java.base/java.util.stream.ForEachOps$ForEachOp$OfRef.evaluateSequential(ForEachOps.java:174)
	at java.base/java.util.stream.AbstractPipeline.evaluate(AbstractPipeline.java:234)
	at java.base/java.util.stream.ReferencePipeline.forEach(ReferencePipeline.java:596)
	at org.junit.jupiter.engine.descriptor.TestTemplateTestDescriptor.execute(TestTemplateTestDescriptor.java:109)
	at org.junit.jupiter.engine.descriptor.TestTemplateTestDescriptor.execute(TestTemplateTestDescriptor.java:43)
	at org.junit.platform.engine.support.hierarchical.NodeTestTask.lambda$executeRecursively$6(NodeTestTask.java:156)
	at org.junit.platform.engine.support.hierarchical.ThrowableCollector.execute(ThrowableCollector.java:73)
	at org.junit.platform.engine.support.hierarchical.NodeTestTask.lambda$executeRecursively$8(NodeTestTask.java:146)
	at org.junit.platform.engine.support.hierarchical.Node.around(Node.java:137)
	at org.junit.platform.engine.support.hierarchical.NodeTestTask.lambda$executeRecursively$9(NodeTestTask.java:144)
	at org.junit.platform.engine.support.hierarchical.ThrowableCollector.execute(ThrowableCollector.java:73)
	at org.junit.platform.engine.support.hierarchical.NodeTestTask.executeRecursively(NodeTestTask.java:143)
	at org.junit.platform.engine.support.hierarchical.NodeTestTask.execute(NodeTestTask.java:100)
	at org.junit.platform.engine.support.hierarchical.ForkJoinPoolHierarchicalTestExecutorService$ExclusiveTask.exec(ForkJoinPoolHierarchicalTestExecutorService.java:274)
	at org.junit.platform.engine.support.hierarchical.ForkJoinPoolHierarchicalTestExecutorService$ExclusiveTask.execSync(ForkJoinPoolHierarchicalTestExecutorService.java:247)
	at org.junit.platform.engine.support.hierarchical.ForkJoinPoolHierarchicalTestExecutorService.executeSync(ForkJoinPoolHierarchicalTestExecutorService.java:194)
	at org.junit.platform.engine.support.hierarchical.ForkJoinPoolHierarchicalTestExecutorService.invokeAll(ForkJoinPoolHierarchicalTestExecutorService.java:166)
	at org.junit.platform.engine.support.hierarchical.NodeTestTask.lambda$executeRecursively$6(NodeTestTask.java:160)
	at org.junit.platform.engine.support.hierarchical.ThrowableCollector.execute(ThrowableCollector.java:73)
	at org.junit.platform.engine.support.hierarchical.NodeTestTask.lambda$executeRecursively$8(NodeTestTask.java:146)
	at org.junit.platform.engine.support.hierarchical.Node.around(Node.java:137)
	at org.junit.platform.engine.support.hierarchical.NodeTestTask.lambda$executeRecursively$9(NodeTestTask.java:144)
	at org.junit.platform.engine.support.hierarchical.ThrowableCollector.execute(ThrowableCollector.java:73)
	at org.junit.platform.engine.support.hierarchical.NodeTestTask.executeRecursively(NodeTestTask.java:143)
	at org.junit.platform.engine.support.hierarchical.NodeTestTask.execute(NodeTestTask.java:100)
	at org.junit.platform.engine.support.hierarchical.ForkJoinPoolHierarchicalTestExecutorService$ExclusiveTask.exec(ForkJoinPoolHierarchicalTestExecutorService.java:274)
	at java.base/java.util.concurrent.ForkJoinTask.doExec(ForkJoinTask.java:387)
	at java.base/java.util.concurrent.ForkJoinPool$WorkQueue.topLevelExec(ForkJoinPool.java:1312)
	at java.base/java.util.concurrent.ForkJoinPool.scan(ForkJoinPool.java:1843)
	at java.base/java.util.concurrent.ForkJoinPool.runWorker(ForkJoinPool.java:1808)
	at java.base/java.util.concurrent.ForkJoinWorkerThread.run(ForkJoinWorkerThread.java:188)
    23:48:51.878 | 463 ool-1-worker-227 | DEBUG | .c.s.m.InstanceMessageReceiveService : Received schedule participant score for exercise 3254 and participant 773 (result to be deleted: null)
    23:48:51.878 | 463 ool-1-worker-227 | DEBUG | .a.s.ParticipantScoreScheduleService : Scheduled task for exercise 3254 and participant 773 at 2025-02-14T23:48:51.978899372Z[Etc/UTC].
    23:48:51.879 | 463 ool-1-worker-227 | DEBUG | .a.a.p.s.ProgrammingMessagingService : Send result to client over websocket. Result: Result{id796, completionDate=2025-02-14T23:48:51.844176500Z, successful=false, score=0.0, rated=true, assessmentType=AUTOMATIC, hasComplaint=null, testCaseCount=0, passedTestCaseCount=0, codeIssueCount=0}, Submission: ProgrammingSubmission{commitHash='9b3a9bd71a0d80e5bbc42204c319ed3d1d4f0d6d', buildFailed=true, buildArtifact=false, type=MANUAL}, Participation: ProgrammingExerciseStudentParticipation{id=4079, repositoryUri='https://version-control.fake.fake/git/SHORTB907FA5804DD0041AB08BFE053EA785D3EC9TSTEXC/shortb907fa5804dd0041ab08bfe053ea785d3ec9tstexc-progsubresgitlabjenstudent1.git', buildPlanId='SHORTB907FA5804DD0041AB08BFE053EA785D3EC9TSTEXC-PROGSUBRESGITLABJENSTUDENT1', initializationState='INITIALIZED', initializationDate='2025-02-14T23:48:51.842561Z', individualDueDate=null', presentationScore=null}
    23:48:51.882 | 463 ool-1-worker-227 | INFO  | d.t.c.a.a.a.w.o.PublicResultResource : The new result for SHORTB907FA5804DD0041AB08BFE053EA785D3EC9TSTEXC-PROGSUBRESGITLABJENSTUDENT1 was saved successfully
    23:48:51.886 | 463 ool-1-worker-227 | DEBUG | d.t.c.a.a.c.s.f.ApiVersionFilter     : Adding Version to Request GET /api/repository/4079/buildlogs
    23:48:51.887 | 463 ool-1-worker-227 | DEBUG | rammingExerciseParticipationResource : REST request to get build log : 4079

  Starting logs for ProgrammingSubmissionAndResultGitlabJenkinsIntegrationTest > shouldSaveBuildLogsOnStudentParticipationWithoutSubmissionNorResult(ProgrammingLanguage, boolean) [28] programmingLanguage=BASH, enableStaticCodeAnalysis=false
    23:48:51.901 | 463 ool-1-worker-227 | DEBUG | d.t.c.a.a.c.u.util.UserUtilService   : Generate 3 students...
    23:48:51.905 | 463 ool-1-worker-227 | DEBUG | d.t.c.a.a.c.u.util.UserUtilService   : 3 students generated. Generate 2 tutors...
    23:48:51.908 | 463 ool-1-worker-227 | DEBUG | d.t.c.a.a.c.u.util.UserUtilService   : 2 tutors generated. Generate 0 editors...
    23:48:51.909 | 463 ool-1-worker-227 | DEBUG | d.t.c.a.a.c.u.util.UserUtilService   : 0 editors generated. Generate 2 instructors...
    23:48:51.912 | 463 ool-1-worker-227 | DEBUG | d.t.c.a.a.c.u.util.UserUtilService   : 2 instructors generated
    23:48:51.913 | 463 ool-1-worker-227 | DEBUG | d.t.c.a.a.c.u.util.UserUtilService   : Removing 7 users from all courses...
    23:48:51.914 | 463 ool-1-worker-227 | DEBUG | d.t.c.a.a.c.u.util.UserUtilService   : Removing 7 users from all courses. Done
    23:48:51.914 | 463 ool-1-worker-227 | DEBUG | d.t.c.a.a.c.u.util.UserUtilService   : Save 7 users to database...
    23:48:51.917 | 463 ool-1-worker-227 | DEBUG | d.t.c.a.a.c.u.util.UserUtilService   : Save 7 users to database. Done
    23:48:51.930 | 463 ool-1-worker-227 | DEBUG | PersonalAccessTokenManagementService : Generate secure vcs access token
    23:48:51.933 | 463 ool-1-worker-227 | DEBUG | PersonalAccessTokenManagementService : Generate secure vcs access token
    23:48:51.934 | 463 ool-1-worker-227 | INFO  | i.z.t.d.l.EmbeddedDatabaseReporter   : JDBC URL to connect to 'dataSource': url='jdbc:h2:tcp://localhost:41063/mem:736625c0-cf5e-400d-aeaa-8a7eabd6262b;USER=sa', scope='ProgrammingSubmissionAndResultGitlabJenkinsIntegrationTest#shouldSaveBuildLogsOnStudentParticipationWithoutSubmissionNorResult'
    23:48:51.946 | 463 ool-1-worker-227 | DEBUG | PersonalAccessTokenManagementService : Generate secure vcs access token
    23:48:51.949 | 463 ool-1-worker-227 | DEBUG | d.t.c.a.a.c.s.f.ApiVersionFilter     : Adding Version to Request POST /api/public/programming-exercises/new-result
    23:48:51.949 | 463 ool-1-worker-227 | DEBUG | d.t.c.a.a.a.w.o.PublicResultResource : Received result notify (NEW)
    23:48:51.951 | 463 ool-1-worker-227 | INFO  | d.t.c.a.a.a.w.o.PublicResultResource : Artemis received a new result for build plan SHORT71F6BE800B87D049B809EBC0A47D4CC396E1TSTEXC-PROGSUBRESGITLABJENSTUDENT1
    23:48:51.952 | 463 ool-1-worker-227 | DEBUG | .s.ProgrammingExerciseGradingService : Received new build result (NEW) for participation 4086
    23:48:51.955 | 463 ool-1-worker-227 | WARN  | .s.ProgrammingExerciseGradingService : Could not find pending ProgrammingSubmission for Commit Hash 9b3a9bd71a0d80e5bbc42204c319ed3d1d4f0d6d (Participation 4086, Build Plan SHORT71F6BE800B87D049B809EBC0A47D4CC396E1TSTEXC-PROGSUBRESGITLABJENSTUDENT1). Will create a new one subsequently...
    23:48:51.955 | 463 ool-1-worker-227 | ERROR | .s.ProgrammingExerciseGradingService : Could not retrieve push date for participation 4086 and build plan SHORT71F6BE800B87D049B809EBC0A47D4CC396E1TSTEXC-PROGSUBRESGITLABJENSTUDENT1
de.tum.cit.aet.artemis.programming.service.gitlab.GitLabException: Could not find build queue date for participation 4086
	at de.tum.cit.aet.artemis.programming.service.gitlab.GitLabService.getPushDate(GitLabService.java:369)
	at de.tum.cit.aet.artemis.programming.service.gitlab.GitLabService.getPushDate(GitLabService.java:358)
	at de.tum.cit.aet.artemis.programming.service.ProgrammingExerciseGradingService.createAndSaveFallbackSubmission(ProgrammingExerciseGradingService.java:286)
	at de.tum.cit.aet.artemis.programming.service.ProgrammingExerciseGradingService.createAndSaveFallbackSubmission(ProgrammingExerciseGradingService.java:272)
	at de.tum.cit.aet.artemis.programming.service.ProgrammingExerciseGradingService.lambda$processNewProgrammingExerciseResult$0(ProgrammingExerciseGradingService.java:177)
	at java.base/java.util.Optional.orElseGet(Optional.java:364)
	at de.tum.cit.aet.artemis.programming.service.ProgrammingExerciseGradingService.processNewProgrammingExerciseResult(ProgrammingExerciseGradingService.java:177)
	at de.tum.cit.aet.artemis.programming.service.ProgrammingExerciseGradingService.processNewProgrammingExerciseResult(ProgrammingExerciseGradingService.java:156)
	at de.tum.cit.aet.artemis.assessment.web.open.PublicResultResource.processNewProgrammingExerciseResult(PublicResultResource.java:113)
	at java.base/jdk.internal.reflect.DirectMethodHandleAccessor.invoke(DirectMethodHandleAccessor.java:103)
	at java.base/java.lang.reflect.Method.invoke(Method.java:580)
	at org.springframework.aop.support.AopUtils.invokeJoinpointUsingReflection(AopUtils.java:359)
	at org.springframework.aop.framework.ReflectiveMethodInvocation.invokeJoinpoint(ReflectiveMethodInvocation.java:196)
	at org.springframework.aop.framework.ReflectiveMethodInvocation.proceed(ReflectiveMethodInvocation.java:163)
	at org.springframework.security.authorization.method.AuthorizationManagerBeforeMethodInterceptor.proceed(AuthorizationManagerBeforeMethodInterceptor.java:268)
	at org.springframework.security.authorization.method.AuthorizationManagerBeforeMethodInterceptor.attemptAuthorization(AuthorizationManagerBeforeMethodInterceptor.java:263)
	at org.springframework.security.authorization.method.AuthorizationManagerBeforeMethodInterceptor.invoke(AuthorizationManagerBeforeMethodInterceptor.java:196)
	at org.springframework.security.config.annotation.method.configuration.DeferringMethodInterceptor.invoke(DeferringMethodInterceptor.java:44)
	at org.springframework.aop.framework.ReflectiveMethodInvocation.proceed(ReflectiveMethodInvocation.java:184)
	at org.springframework.aop.framework.CglibAopProxy$DynamicAdvisedInterceptor.intercept(CglibAopProxy.java:727)
	at de.tum.cit.aet.artemis.assessment.web.open.PublicResultResource$$SpringCGLIB$$0.processNewProgrammingExerciseResult(<generated>)
	at java.base/jdk.internal.reflect.DirectMethodHandleAccessor.invoke(DirectMethodHandleAccessor.java:103)
	at java.base/java.lang.reflect.Method.invoke(Method.java:580)
	at org.springframework.web.method.support.InvocableHandlerMethod.doInvoke(InvocableHandlerMethod.java:257)
	at org.springframework.web.method.support.InvocableHandlerMethod.invokeForRequest(InvocableHandlerMethod.java:190)
	at org.springframework.web.servlet.mvc.method.annotation.ServletInvocableHandlerMethod.invokeAndHandle(ServletInvocableHandlerMethod.java:118)
	at org.springframework.web.servlet.mvc.method.annotation.RequestMappingHandlerAdapter.invokeHandlerMethod(RequestMappingHandlerAdapter.java:986)
	at org.springframework.web.servlet.mvc.method.annotation.RequestMappingHandlerAdapter.handleInternal(RequestMappingHandlerAdapter.java:891)
	at org.springframework.web.servlet.mvc.method.AbstractHandlerMethodAdapter.handle(AbstractHandlerMethodAdapter.java:87)
	at org.springframework.web.servlet.DispatcherServlet.doDispatch(DispatcherServlet.java:1088)
	at org.springframework.web.servlet.DispatcherServlet.doService(DispatcherServlet.java:978)
	at org.springframework.web.servlet.FrameworkServlet.processRequest(FrameworkServlet.java:1014)
	at org.springframework.web.servlet.FrameworkServlet.doPost(FrameworkServlet.java:914)
	at jakarta.servlet.http.HttpServlet.service(HttpServlet.java:547)
	at org.springframework.web.servlet.FrameworkServlet.service(FrameworkServlet.java:885)
	at org.springframework.test.web.servlet.TestDispatcherServlet.service(TestDispatcherServlet.java:72)
	at jakarta.servlet.http.HttpServlet.service(HttpServlet.java:614)
	at org.springframework.mock.web.MockFilterChain$ServletFilterProxy.doFilter(MockFilterChain.java:165)
	at org.springframework.mock.web.MockFilterChain.doFilter(MockFilterChain.java:132)
	at org.springframework.web.filter.OncePerRequestFilter.doFilter(OncePerRequestFilter.java:110)
	at org.springframework.test.web.servlet.setup.MockMvcFilterDecorator.doFilter(MockMvcFilterDecorator.java:162)
	at org.springframework.mock.web.MockFilterChain.doFilter(MockFilterChain.java:132)
	at de.tum.cit.aet.artemis.core.security.filter.ApiVersionFilter.doFilter(ApiVersionFilter.java:55)
	at org.springframework.test.web.servlet.setup.MockMvcFilterDecorator.doFilter(MockMvcFilterDecorator.java:162)
	at org.springframework.mock.web.MockFilterChain.doFilter(MockFilterChain.java:132)
	at io.sentry.spring.jakarta.SentryUserFilter.doFilterInternal(SentryUserFilter.java:56)
	at org.springframework.web.filter.OncePerRequestFilter.doFilter(OncePerRequestFilter.java:116)
	at org.springframework.test.web.servlet.setup.MockMvcFilterDecorator.doFilter(MockMvcFilterDecorator.java:162)
	at org.springframework.mock.web.MockFilterChain.doFilter(MockFilterChain.java:132)
	at org.springframework.web.filter.CompositeFilter$VirtualFilterChain.doFilter(CompositeFilter.java:108)
	at org.springframework.security.web.FilterChainProxy.lambda$doFilterInternal$3(FilterChainProxy.java:231)
	at org.springframework.security.web.ObservationFilterChainDecorator$FilterObservation$SimpleFilterObservation.lambda$wrap$1(ObservationFilterChainDecorator.java:479)
	at org.springframework.security.web.ObservationFilterChainDecorator$AroundFilterObservation$SimpleAroundFilterObservation.lambda$wrap$1(ObservationFilterChainDecorator.java:340)
	at org.springframework.security.web.ObservationFilterChainDecorator.lambda$wrapSecured$0(ObservationFilterChainDecorator.java:82)
	at org.springframework.security.web.ObservationFilterChainDecorator$VirtualFilterChain.doFilter(ObservationFilterChainDecorator.java:128)
	at org.springframework.security.web.access.intercept.AuthorizationFilter.doFilter(AuthorizationFilter.java:101)
	at org.springframework.security.web.ObservationFilterChainDecorator$ObservationFilter.wrapFilter(ObservationFilterChainDecorator.java:240)
	at org.springframework.security.web.ObservationFilterChainDecorator$ObservationFilter.doFilter(ObservationFilterChainDecorator.java:227)
	at org.springframework.security.web.ObservationFilterChainDecorator$VirtualFilterChain.doFilter(ObservationFilterChainDecorator.java:137)
	at org.springframework.security.web.access.ExceptionTranslationFilter.doFilter(ExceptionTranslationFilter.java:126)
	at org.springframework.security.web.access.ExceptionTranslationFilter.doFilter(ExceptionTranslationFilter.java:120)
	at org.springframework.security.web.ObservationFilterChainDecorator$ObservationFilter.wrapFilter(ObservationFilterChainDecorator.java:240)
	at org.springframework.security.web.ObservationFilterChainDecorator$ObservationFilter.doFilter(ObservationFilterChainDecorator.java:227)
	at org.springframework.security.web.ObservationFilterChainDecorator$VirtualFilterChain.doFilter(ObservationFilterChainDecorator.java:137)
	at org.springframework.security.web.session.SessionManagementFilter.doFilter(SessionManagementFilter.java:131)
	at org.springframework.security.web.session.SessionManagementFilter.doFilter(SessionManagementFilter.java:85)
	at org.springframework.security.web.ObservationFilterChainDecorator$ObservationFilter.wrapFilter(ObservationFilterChainDecorator.java:240)
	at org.springframework.security.web.ObservationFilterChainDecorator$ObservationFilter.doFilter(ObservationFilterChainDecorator.java:227)
	at org.springframework.security.web.ObservationFilterChainDecorator$VirtualFilterChain.doFilter(ObservationFilterChainDecorator.java:137)
	at org.springframework.security.web.authentication.AnonymousAuthenticationFilter.doFilter(AnonymousAuthenticationFilter.java:100)
	at org.springframework.security.web.ObservationFilterChainDecorator$ObservationFilter.wrapFilter(ObservationFilterChainDecorator.java:240)
	at org.springframework.security.web.ObservationFilterChainDecorator$ObservationFilter.doFilter(ObservationFilterChainDecorator.java:227)
	at org.springframework.security.web.ObservationFilterChainDecorator$VirtualFilterChain.doFilter(ObservationFilterChainDecorator.java:137)
	at org.springframework.security.web.servletapi.SecurityContextHolderAwareRequestFilter.doFilter(SecurityContextHolderAwareRequestFilter.java:179)
	at org.springframework.security.web.ObservationFilterChainDecorator$ObservationFilter.wrapFilter(ObservationFilterChainDecorator.java:240)
	at org.springframework.security.web.ObservationFilterChainDecorator$ObservationFilter.doFilter(ObservationFilterChainDecorator.java:227)
	at org.springframework.security.web.ObservationFilterChainDecorator$VirtualFilterChain.doFilter(ObservationFilterChainDecorator.java:137)
	at org.springframework.security.web.savedrequest.RequestCacheAwareFilter.doFilter(RequestCacheAwareFilter.java:63)
	at org.springframework.security.web.ObservationFilterChainDecorator$ObservationFilter.wrapFilter(ObservationFilterChainDecorator.java:240)
	at org.springframework.security.web.ObservationFilterChainDecorator$ObservationFilter.doFilter(ObservationFilterChainDecorator.java:227)
	at org.springframework.security.web.ObservationFilterChainDecorator$VirtualFilterChain.doFilter(ObservationFilterChainDecorator.java:137)
	at de.tum.cit.aet.artemis.core.security.filter.SpaWebFilter.doFilterInternal(SpaWebFilter.java:23)
	at org.springframework.web.filter.OncePerRequestFilter.doFilter(OncePerRequestFilter.java:116)
	at org.springframework.security.web.ObservationFilterChainDecorator$ObservationFilter.wrapFilter(ObservationFilterChainDecorator.java:240)
	at org.springframework.security.web.ObservationFilterChainDecorator$ObservationFilter.doFilter(ObservationFilterChainDecorator.java:227)
	at org.springframework.security.web.ObservationFilterChainDecorator$VirtualFilterChain.doFilter(ObservationFilterChainDecorator.java:137)
	at org.springframework.web.filter.OncePerRequestFilter.doFilter(OncePerRequestFilter.java:110)
	at org.springframework.security.web.ObservationFilterChainDecorator$ObservationFilter.wrapFilter(ObservationFilterChainDecorator.java:240)
	at org.springframework.security.web.ObservationFilterChainDecorator$ObservationFilter.doFilter(ObservationFilterChainDecorator.java:227)
	at org.springframework.security.web.ObservationFilterChainDecorator$VirtualFilterChain.doFilter(ObservationFilterChainDecorator.java:137)
	at de.tum.cit.aet.artemis.lti.config.Lti13LaunchFilter.doFilterInternal(Lti13LaunchFilter.java:60)
	at org.springframework.web.filter.OncePerRequestFilter.doFilter(OncePerRequestFilter.java:116)
	at org.springframework.security.web.ObservationFilterChainDecorator$ObservationFilter.wrapFilter(ObservationFilterChainDecorator.java:240)
	at org.springframework.security.web.ObservationFilterChainDecorator$ObservationFilter.doFilter(ObservationFilterChainDecorator.java:227)
	at org.springframework.security.web.ObservationFilterChainDecorator$VirtualFilterChain.doFilter(ObservationFilterChainDecorator.java:137)
	at de.tum.cit.aet.artemis.core.security.jwt.JWTFilter.doFilter(JWTFilter.java:55)
	at org.springframework.security.web.ObservationFilterChainDecorator$ObservationFilter.wrapFilter(ObservationFilterChainDecorator.java:240)
	at org.springframework.security.web.ObservationFilterChainDecorator$ObservationFilter.doFilter(ObservationFilterChainDecorator.java:227)
	at org.springframework.security.web.ObservationFilterChainDecorator$VirtualFilterChain.doFilter(ObservationFilterChainDecorator.java:137)
	at de.tum.cit.aet.artemis.core.security.jwt.JWTFilter.doFilter(JWTFilter.java:55)
	at org.springframework.security.web.ObservationFilterChainDecorator$ObservationFilter.wrapFilter(ObservationFilterChainDecorator.java:240)
	at org.springframework.security.web.ObservationFilterChainDecorator$ObservationFilter.doFilter(ObservationFilterChainDecorator.java:227)
	at org.springframework.security.web.ObservationFilterChainDecorator$VirtualFilterChain.doFilter(ObservationFilterChainDecorator.java:137)
	at org.springframework.web.filter.CorsFilter.doFilterInternal(CorsFilter.java:91)
	at org.springframework.web.filter.OncePerRequestFilter.doFilter(OncePerRequestFilter.java:116)
	at org.springframework.security.web.ObservationFilterChainDecorator$ObservationFilter.wrapFilter(ObservationFilterChainDecorator.java:240)
	at org.springframework.security.web.ObservationFilterChainDecorator$ObservationFilter.doFilter(ObservationFilterChainDecorator.java:227)
	at org.springframework.security.web.ObservationFilterChainDecorator$VirtualFilterChain.doFilter(ObservationFilterChainDecorator.java:137)
	at org.springframework.web.filter.OncePerRequestFilter.doFilter(OncePerRequestFilter.java:110)
	at org.springframework.security.web.ObservationFilterChainDecorator$ObservationFilter.wrapFilter(ObservationFilterChainDecorator.java:240)
	at org.springframework.security.web.ObservationFilterChainDecorator$ObservationFilter.doFilter(ObservationFilterChainDecorator.java:227)
	at org.springframework.security.web.ObservationFilterChainDecorator$VirtualFilterChain.doFilter(ObservationFilterChainDecorator.java:137)
	at uk.ac.ox.ctl.lti13.security.oauth2.client.lti.web.OAuth2AuthorizationRequestRedirectFilter.doFilterInternal(OAuth2AuthorizationRequestRedirectFilter.java:142)
	at org.springframework.web.filter.OncePerRequestFilter.doFilter(OncePerRequestFilter.java:116)
	at org.springframework.security.web.ObservationFilterChainDecorator$ObservationFilter.wrapFilter(ObservationFilterChainDecorator.java:240)
	at org.springframework.security.web.ObservationFilterChainDecorator$ObservationFilter.doFilter(ObservationFilterChainDecorator.java:227)
	at org.springframework.security.web.ObservationFilterChainDecorator$VirtualFilterChain.doFilter(ObservationFilterChainDecorator.java:137)
	at org.springframework.security.web.authentication.logout.LogoutFilter.doFilter(LogoutFilter.java:107)
	at org.springframework.security.web.authentication.logout.LogoutFilter.doFilter(LogoutFilter.java:93)
	at org.springframework.security.web.ObservationFilterChainDecorator$ObservationFilter.wrapFilter(ObservationFilterChainDecorator.java:240)
	at org.springframework.security.web.ObservationFilterChainDecorator$ObservationFilter.doFilter(ObservationFilterChainDecorator.java:227)
	at org.springframework.security.web.ObservationFilterChainDecorator$VirtualFilterChain.doFilter(ObservationFilterChainDecorator.java:137)
	at org.springframework.security.web.header.HeaderWriterFilter.doHeadersAfter(HeaderWriterFilter.java:90)
	at org.springframework.security.web.header.HeaderWriterFilter.doFilterInternal(HeaderWriterFilter.java:75)
	at org.springframework.web.filter.OncePerRequestFilter.doFilter(OncePerRequestFilter.java:116)
	at org.springframework.security.web.ObservationFilterChainDecorator$ObservationFilter.wrapFilter(ObservationFilterChainDecorator.java:240)
	at org.springframework.security.web.ObservationFilterChainDecorator$ObservationFilter.doFilter(ObservationFilterChainDecorator.java:227)
	at org.springframework.security.web.ObservationFilterChainDecorator$VirtualFilterChain.doFilter(ObservationFilterChainDecorator.java:137)
	at org.springframework.security.web.context.SecurityContextHolderFilter.doFilter(SecurityContextHolderFilter.java:82)
	at org.springframework.security.web.context.SecurityContextHolderFilter.doFilter(SecurityContextHolderFilter.java:69)
	at org.springframework.security.web.ObservationFilterChainDecorator$ObservationFilter.wrapFilter(ObservationFilterChainDecorator.java:240)
	at org.springframework.security.web.ObservationFilterChainDecorator$ObservationFilter.doFilter(ObservationFilterChainDecorator.java:227)
	at org.springframework.security.web.ObservationFilterChainDecorator$VirtualFilterChain.doFilter(ObservationFilterChainDecorator.java:137)
	at org.springframework.security.web.context.request.async.WebAsyncManagerIntegrationFilter.doFilterInternal(WebAsyncManagerIntegrationFilter.java:62)
	at org.springframework.web.filter.OncePerRequestFilter.doFilter(OncePerRequestFilter.java:116)
	at org.springframework.security.web.ObservationFilterChainDecorator$ObservationFilter.wrapFilter(ObservationFilterChainDecorator.java:240)
	at org.springframework.security.web.ObservationFilterChainDecorator$ObservationFilter.doFilter(ObservationFilterChainDecorator.java:227)
	at org.springframework.security.web.ObservationFilterChainDecorator$VirtualFilterChain.doFilter(ObservationFilterChainDecorator.java:137)
	at org.springframework.security.web.session.DisableEncodeUrlFilter.doFilterInternal(DisableEncodeUrlFilter.java:42)
	at org.springframework.web.filter.OncePerRequestFilter.doFilter(OncePerRequestFilter.java:116)
	at org.springframework.security.web.ObservationFilterChainDecorator$ObservationFilter.wrapFilter(ObservationFilterChainDecorator.java:240)
	at org.springframework.security.web.ObservationFilterChainDecorator$AroundFilterObservation$SimpleAroundFilterObservation.lambda$wrap$0(ObservationFilterChainDecorator.java:323)
	at org.springframework.security.web.ObservationFilterChainDecorator$ObservationFilter.doFilter(ObservationFilterChainDecorator.java:224)
	at org.springframework.security.web.ObservationFilterChainDecorator$VirtualFilterChain.doFilter(ObservationFilterChainDecorator.java:137)
	at org.springframework.security.web.FilterChainProxy.doFilterInternal(FilterChainProxy.java:233)
	at org.springframework.security.web.FilterChainProxy.doFilter(FilterChainProxy.java:191)
	at org.springframework.web.filter.CompositeFilter$VirtualFilterChain.doFilter(CompositeFilter.java:113)
	at org.springframework.web.servlet.handler.HandlerMappingIntrospector.lambda$createCacheFilter$3(HandlerMappingIntrospector.java:243)
	at org.springframework.web.filter.CompositeFilter$VirtualFilterChain.doFilter(CompositeFilter.java:113)
	at org.springframework.web.filter.CompositeFilter.doFilter(CompositeFilter.java:74)
	at org.springframework.security.config.annotation.web.configuration.WebMvcSecurityConfiguration$CompositeFilterChainProxy.doFilter(WebMvcSecurityConfiguration.java:238)
	at org.springframework.web.filter.DelegatingFilterProxy.invokeDelegate(DelegatingFilterProxy.java:362)
	at org.springframework.web.filter.DelegatingFilterProxy.doFilter(DelegatingFilterProxy.java:278)
	at org.springframework.test.web.servlet.setup.MockMvcFilterDecorator.doFilter(MockMvcFilterDecorator.java:162)
	at org.springframework.mock.web.MockFilterChain.doFilter(MockFilterChain.java:132)
	at org.springframework.web.filter.RequestContextFilter.doFilterInternal(RequestContextFilter.java:100)
	at org.springframework.web.filter.OncePerRequestFilter.doFilter(OncePerRequestFilter.java:116)
	at org.springframework.test.web.servlet.setup.MockMvcFilterDecorator.doFilter(MockMvcFilterDecorator.java:162)
	at org.springframework.mock.web.MockFilterChain.doFilter(MockFilterChain.java:132)
	at org.springframework.web.filter.FormContentFilter.doFilterInternal(FormContentFilter.java:93)
	at org.springframework.web.filter.OncePerRequestFilter.doFilter(OncePerRequestFilter.java:116)
	at org.springframework.test.web.servlet.setup.MockMvcFilterDecorator.doFilter(MockMvcFilterDecorator.java:162)
	at org.springframework.mock.web.MockFilterChain.doFilter(MockFilterChain.java:132)
	at org.springframework.web.filter.ServerHttpObservationFilter.doFilterInternal(ServerHttpObservationFilter.java:114)
	at org.springframework.web.filter.OncePerRequestFilter.doFilter(OncePerRequestFilter.java:116)
	at org.springframework.test.web.servlet.setup.MockMvcFilterDecorator.doFilter(MockMvcFilterDecorator.java:162)
	at org.springframework.mock.web.MockFilterChain.doFilter(MockFilterChain.java:132)
	at io.sentry.spring.jakarta.tracing.SentryTracingFilter.doFilterInternal(SentryTracingFilter.java:91)
	at org.springframework.web.filter.OncePerRequestFilter.doFilter(OncePerRequestFilter.java:116)
	at org.springframework.test.web.servlet.setup.MockMvcFilterDecorator.doFilter(MockMvcFilterDecorator.java:162)
	at org.springframework.mock.web.MockFilterChain.doFilter(MockFilterChain.java:132)
	at org.springframework.web.filter.CharacterEncodingFilter.doFilterInternal(CharacterEncodingFilter.java:201)
	at org.springframework.web.filter.OncePerRequestFilter.doFilter(OncePerRequestFilter.java:116)
	at org.springframework.test.web.servlet.setup.MockMvcFilterDecorator.doFilter(MockMvcFilterDecorator.java:162)
	at org.springframework.mock.web.MockFilterChain.doFilter(MockFilterChain.java:132)
	at io.sentry.spring.jakarta.SentrySpringFilter.doFilterInternal(SentrySpringFilter.java:76)
	at org.springframework.web.filter.OncePerRequestFilter.doFilter(OncePerRequestFilter.java:116)
	at org.springframework.test.web.servlet.setup.MockMvcFilterDecorator.doFilter(MockMvcFilterDecorator.java:162)
	at org.springframework.mock.web.MockFilterChain.doFilter(MockFilterChain.java:132)
	at org.springframework.test.web.servlet.MockMvc.perform(MockMvc.java:201)
	at de.tum.cit.aet.artemis.core.util.RequestUtilService.performMvcRequest(RequestUtilService.java:79)
	at de.tum.cit.aet.artemis.core.util.RequestUtilService.postWithoutLocation(RequestUtilService.java:213)
	at de.tum.cit.aet.artemis.core.util.RequestUtilService.postWithoutLocation(RequestUtilService.java:199)
	at de.tum.cit.aet.artemis.programming.ProgrammingSubmissionAndResultGitlabJenkinsIntegrationTest.postResult(ProgrammingSubmissionAndResultGitlabJenkinsIntegrationTest.java:413)
	at de.tum.cit.aet.artemis.programming.ProgrammingSubmissionAndResultGitlabJenkinsIntegrationTest.shouldSaveBuildLogsOnStudentParticipationWithoutSubmissionNorResult(ProgrammingSubmissionAndResultGitlabJenkinsIntegrationTest.java:338)
	at java.base/jdk.internal.reflect.DirectMethodHandleAccessor.invoke(DirectMethodHandleAccessor.java:103)
	at java.base/java.lang.reflect.Method.invoke(Method.java:580)
	at org.junit.platform.commons.util.ReflectionUtils.invokeMethod(ReflectionUtils.java:767)
	at org.junit.jupiter.engine.execution.MethodInvocation.proceed(MethodInvocation.java:60)
	at org.junit.jupiter.engine.execution.InvocationInterceptorChain$ValidatingInvocation.proceed(InvocationInterceptorChain.java:131)
	at org.junit.jupiter.engine.extension.TimeoutExtension.intercept(TimeoutExtension.java:156)
	at org.junit.jupiter.engine.extension.TimeoutExtension.interceptTestableMethod(TimeoutExtension.java:147)
	at org.junit.jupiter.engine.extension.TimeoutExtension.interceptTestTemplateMethod(TimeoutExtension.java:94)
	at org.junit.jupiter.engine.execution.InterceptingExecutableInvoker$ReflectiveInterceptorCall.lambda$ofVoidMethod$0(InterceptingExecutableInvoker.java:103)
	at org.junit.jupiter.engine.execution.InterceptingExecutableInvoker.lambda$invoke$0(InterceptingExecutableInvoker.java:93)
	at org.junit.jupiter.engine.execution.InvocationInterceptorChain$InterceptedInvocation.proceed(InvocationInterceptorChain.java:106)
	at org.junit.jupiter.engine.execution.InvocationInterceptorChain.proceed(InvocationInterceptorChain.java:64)
	at org.junit.jupiter.engine.execution.InvocationInterceptorChain.chainAndInvoke(InvocationInterceptorChain.java:45)
	at org.junit.jupiter.engine.execution.InvocationInterceptorChain.invoke(InvocationInterceptorChain.java:37)
	at org.junit.jupiter.engine.execution.InterceptingExecutableInvoker.invoke(InterceptingExecutableInvoker.java:92)
	at org.junit.jupiter.engine.execution.InterceptingExecutableInvoker.invoke(InterceptingExecutableInvoker.java:86)
	at org.junit.jupiter.engine.descriptor.TestMethodTestDescriptor.lambda$invokeTestMethod$8(TestMethodTestDescriptor.java:217)
	at org.junit.platform.engine.support.hierarchical.ThrowableCollector.execute(ThrowableCollector.java:73)
	at org.junit.jupiter.engine.descriptor.TestMethodTestDescriptor.invokeTestMethod(TestMethodTestDescriptor.java:213)
	at org.junit.jupiter.engine.descriptor.TestMethodTestDescriptor.execute(TestMethodTestDescriptor.java:138)
	at org.junit.jupiter.engine.descriptor.TestMethodTestDescriptor.execute(TestMethodTestDescriptor.java:68)
	at org.junit.platform.engine.support.hierarchical.NodeTestTask.lambda$executeRecursively$6(NodeTestTask.java:156)
	at org.junit.platform.engine.support.hierarchical.ThrowableCollector.execute(ThrowableCollector.java:73)
	at org.junit.platform.engine.support.hierarchical.NodeTestTask.lambda$executeRecursively$8(NodeTestTask.java:146)
	at org.junit.platform.engine.support.hierarchical.Node.around(Node.java:137)
	at org.junit.platform.engine.support.hierarchical.NodeTestTask.lambda$executeRecursively$9(NodeTestTask.java:144)
	at org.junit.platform.engine.support.hierarchical.ThrowableCollector.execute(ThrowableCollector.java:73)
	at org.junit.platform.engine.support.hierarchical.NodeTestTask.executeRecursively(NodeTestTask.java:143)
	at org.junit.platform.engine.support.hierarchical.NodeTestTask.execute(NodeTestTask.java:100)
	at org.junit.platform.engine.support.hierarchical.ForkJoinPoolHierarchicalTestExecutorService$ExclusiveTask.exec(ForkJoinPoolHierarchicalTestExecutorService.java:274)
	at org.junit.platform.engine.support.hierarchical.ForkJoinPoolHierarchicalTestExecutorService$ExclusiveTask.execSync(ForkJoinPoolHierarchicalTestExecutorService.java:247)
	at org.junit.platform.engine.support.hierarchical.ForkJoinPoolHierarchicalTestExecutorService.submit(ForkJoinPoolHierarchicalTestExecutorService.java:148)
	at org.junit.platform.engine.support.hierarchical.NodeTestTask$DefaultDynamicTestExecutor.execute(NodeTestTask.java:231)
	at org.junit.platform.engine.support.hierarchical.NodeTestTask$DefaultDynamicTestExecutor.execute(NodeTestTask.java:209)
	at org.junit.jupiter.engine.descriptor.TestTemplateTestDescriptor.execute(TestTemplateTestDescriptor.java:141)
	at org.junit.jupiter.engine.descriptor.TestTemplateTestDescriptor.lambda$execute$3(TestTemplateTestDescriptor.java:109)
	at java.base/java.util.stream.ForEachOps$ForEachOp$OfRef.accept(ForEachOps.java:184)
	at java.base/java.util.stream.ReferencePipeline$3$1.accept(ReferencePipeline.java:197)
	at java.base/java.util.stream.ReferencePipeline$2$1.accept(ReferencePipeline.java:179)
	at java.base/java.util.stream.ReferencePipeline$3$1.accept(ReferencePipeline.java:197)
	at java.base/java.util.stream.ForEachOps$ForEachOp$OfRef.accept(ForEachOps.java:184)
	at java.base/java.util.stream.ReferencePipeline$3$1.accept(ReferencePipeline.java:197)
	at java.base/java.util.stream.ForEachOps$ForEachOp$OfRef.accept(ForEachOps.java:184)
	at java.base/java.util.stream.ForEachOps$ForEachOp$OfRef.accept(ForEachOps.java:184)
	at java.base/java.util.stream.ReferencePipeline$3$1.accept(ReferencePipeline.java:197)
	at java.base/java.util.stream.ForEachOps$ForEachOp$OfRef.accept(ForEachOps.java:184)
	at java.base/java.util.Spliterators$ArraySpliterator.forEachRemaining(Spliterators.java:1024)
	at java.base/java.util.stream.ReferencePipeline$Head.forEach(ReferencePipeline.java:762)
	at java.base/java.util.stream.ReferencePipeline$7$1.accept(ReferencePipeline.java:276)
	at java.base/java.util.Iterator.forEachRemaining(Iterator.java:133)
	at java.base/java.util.Spliterators$IteratorSpliterator.forEachRemaining(Spliterators.java:1939)
	at java.base/java.util.stream.AbstractPipeline.copyInto(AbstractPipeline.java:509)
	at java.base/java.util.stream.AbstractPipeline.wrapAndCopyInto(AbstractPipeline.java:499)
	at java.base/java.util.stream.ForEachOps$ForEachOp.evaluateSequential(ForEachOps.java:151)
	at java.base/java.util.stream.ForEachOps$ForEachOp$OfRef.evaluateSequential(ForEachOps.java:174)
	at java.base/java.util.stream.AbstractPipeline.evaluate(AbstractPipeline.java:234)
	at java.base/java.util.stream.ReferencePipeline.forEach(ReferencePipeline.java:596)
	at java.base/java.util.stream.ReferencePipeline$7$1.accept(ReferencePipeline.java:276)
	at java.base/java.util.stream.ReferencePipeline$3$1.accept(ReferencePipeline.java:197)
	at java.base/java.util.stream.ReferencePipeline$3$1.accept(ReferencePipeline.java:197)
	at java.base/java.util.stream.ReferencePipeline$3$1.accept(ReferencePipeline.java:197)
	at java.base/java.util.Spliterators$ArraySpliterator.forEachRemaining(Spliterators.java:1024)
	at java.base/java.util.stream.AbstractPipeline.copyInto(AbstractPipeline.java:509)
	at java.base/java.util.stream.AbstractPipeline.wrapAndCopyInto(AbstractPipeline.java:499)
	at java.base/java.util.stream.ForEachOps$ForEachOp.evaluateSequential(ForEachOps.java:151)
	at java.base/java.util.stream.ForEachOps$ForEachOp$OfRef.evaluateSequential(ForEachOps.java:174)
	at java.base/java.util.stream.AbstractPipeline.evaluate(AbstractPipeline.java:234)
	at java.base/java.util.stream.ReferencePipeline.forEach(ReferencePipeline.java:596)
	at java.base/java.util.stream.ReferencePipeline$7$1.accept(ReferencePipeline.java:276)
	at java.base/java.util.ArrayList$ArrayListSpliterator.forEachRemaining(ArrayList.java:1708)
	at java.base/java.util.stream.AbstractPipeline.copyInto(AbstractPipeline.java:509)
	at java.base/java.util.stream.AbstractPipeline.wrapAndCopyInto(AbstractPipeline.java:499)
	at java.base/java.util.stream.ForEachOps$ForEachOp.evaluateSequential(ForEachOps.java:151)
	at java.base/java.util.stream.ForEachOps$ForEachOp$OfRef.evaluateSequential(ForEachOps.java:174)
	at java.base/java.util.stream.AbstractPipeline.evaluate(AbstractPipeline.java:234)
	at java.base/java.util.stream.ReferencePipeline.forEach(ReferencePipeline.java:596)
	at java.base/java.util.stream.ReferencePipeline$7$1.accept(ReferencePipeline.java:276)
	at java.base/java.util.stream.ReferencePipeline$3$1.accept(ReferencePipeline.java:197)
	at java.base/java.util.stream.ReferencePipeline$3$1.accept(ReferencePipeline.java:197)
	at java.base/java.util.stream.ReferencePipeline$3$1.accept(ReferencePipeline.java:197)
	at java.base/java.util.ArrayList$ArrayListSpliterator.forEachRemaining(ArrayList.java:1708)
	at java.base/java.util.stream.AbstractPipeline.copyInto(AbstractPipeline.java:509)
	at java.base/java.util.stream.AbstractPipeline.wrapAndCopyInto(AbstractPipeline.java:499)
	at java.base/java.util.stream.ForEachOps$ForEachOp.evaluateSequential(ForEachOps.java:151)
	at java.base/java.util.stream.ForEachOps$ForEachOp$OfRef.evaluateSequential(ForEachOps.java:174)
	at java.base/java.util.stream.AbstractPipeline.evaluate(AbstractPipeline.java:234)
	at java.base/java.util.stream.ReferencePipeline.forEach(ReferencePipeline.java:596)
	at java.base/java.util.stream.ReferencePipeline$7$1.accept(ReferencePipeline.java:276)
	at java.base/java.util.ArrayList$ArrayListSpliterator.forEachRemaining(ArrayList.java:1708)
	at java.base/java.util.stream.AbstractPipeline.copyInto(AbstractPipeline.java:509)
	at java.base/java.util.stream.AbstractPipeline.wrapAndCopyInto(AbstractPipeline.java:499)
	at java.base/java.util.stream.ForEachOps$ForEachOp.evaluateSequential(ForEachOps.java:151)
	at java.base/java.util.stream.ForEachOps$ForEachOp$OfRef.evaluateSequential(ForEachOps.java:174)
	at java.base/java.util.stream.AbstractPipeline.evaluate(AbstractPipeline.java:234)
	at java.base/java.util.stream.ReferencePipeline.forEach(ReferencePipeline.java:596)
	at org.junit.jupiter.engine.descriptor.TestTemplateTestDescriptor.execute(TestTemplateTestDescriptor.java:109)
	at org.junit.jupiter.engine.descriptor.TestTemplateTestDescriptor.execute(TestTemplateTestDescriptor.java:43)
	at org.junit.platform.engine.support.hierarchical.NodeTestTask.lambda$executeRecursively$6(NodeTestTask.java:156)
	at org.junit.platform.engine.support.hierarchical.ThrowableCollector.execute(ThrowableCollector.java:73)
	at org.junit.platform.engine.support.hierarchical.NodeTestTask.lambda$executeRecursively$8(NodeTestTask.java:146)
	at org.junit.platform.engine.support.hierarchical.Node.around(Node.java:137)
	at org.junit.platform.engine.support.hierarchical.NodeTestTask.lambda$executeRecursively$9(NodeTestTask.java:144)
	at org.junit.platform.engine.support.hierarchical.ThrowableCollector.execute(ThrowableCollector.java:73)
	at org.junit.platform.engine.support.hierarchical.NodeTestTask.executeRecursively(NodeTestTask.java:143)
	at org.junit.platform.engine.support.hierarchical.NodeTestTask.execute(NodeTestTask.java:100)
	at org.junit.platform.engine.support.hierarchical.ForkJoinPoolHierarchicalTestExecutorService$ExclusiveTask.exec(ForkJoinPoolHierarchicalTestExecutorService.java:274)
	at org.junit.platform.engine.support.hierarchical.ForkJoinPoolHierarchicalTestExecutorService$ExclusiveTask.execSync(ForkJoinPoolHierarchicalTestExecutorService.java:247)
	at org.junit.platform.engine.support.hierarchical.ForkJoinPoolHierarchicalTestExecutorService.executeSync(ForkJoinPoolHierarchicalTestExecutorService.java:194)
	at org.junit.platform.engine.support.hierarchical.ForkJoinPoolHierarchicalTestExecutorService.invokeAll(ForkJoinPoolHierarchicalTestExecutorService.java:166)
	at org.junit.platform.engine.support.hierarchical.NodeTestTask.lambda$executeRecursively$6(NodeTestTask.java:160)
	at org.junit.platform.engine.support.hierarchical.ThrowableCollector.execute(ThrowableCollector.java:73)
	at org.junit.platform.engine.support.hierarchical.NodeTestTask.lambda$executeRecursively$8(NodeTestTask.java:146)
	at org.junit.platform.engine.support.hierarchical.Node.around(Node.java:137)
	at org.junit.platform.engine.support.hierarchical.NodeTestTask.lambda$executeRecursively$9(NodeTestTask.java:144)
	at org.junit.platform.engine.support.hierarchical.ThrowableCollector.execute(ThrowableCollector.java:73)
	at org.junit.platform.engine.support.hierarchical.NodeTestTask.executeRecursively(NodeTestTask.java:143)
	at org.junit.platform.engine.support.hierarchical.NodeTestTask.execute(NodeTestTask.java:100)
	at org.junit.platform.engine.support.hierarchical.ForkJoinPoolHierarchicalTestExecutorService$ExclusiveTask.exec(ForkJoinPoolHierarchicalTestExecutorService.java:274)
	at java.base/java.util.concurrent.ForkJoinTask.doExec(ForkJoinTask.java:387)
	at java.base/java.util.concurrent.ForkJoinPool$WorkQueue.topLevelExec(ForkJoinPool.java:1312)
	at java.base/java.util.concurrent.ForkJoinPool.scan(ForkJoinPool.java:1843)
	at java.base/java.util.concurrent.ForkJoinPool.runWorker(ForkJoinPool.java:1808)
	at java.base/java.util.concurrent.ForkJoinWorkerThread.run(ForkJoinWorkerThread.java:188)
    23:48:51.971 | 463 ool-1-worker-227 | DEBUG | .c.s.m.InstanceMessageReceiveService : Received schedule participant score for exercise 3256 and participant 773 (result to be deleted: null)
    23:48:51.971 | 463 ool-1-worker-227 | DEBUG | .a.s.ParticipantScoreScheduleService : Scheduled task for exercise 3256 and participant 773 at 2025-02-14T23:48:52.071435611Z[Etc/UTC].
    23:48:51.972 | 463 ool-1-worker-227 | DEBUG | .a.a.p.s.ProgrammingMessagingService : Send result to client over websocket. Result: Result{id797, completionDate=2025-02-14T23:48:51.946966200Z, successful=false, score=0.0, rated=true, assessmentType=AUTOMATIC, hasComplaint=null, testCaseCount=0, passedTestCaseCount=0, codeIssueCount=0}, Submission: ProgrammingSubmission{commitHash='9b3a9bd71a0d80e5bbc42204c319ed3d1d4f0d6d', buildFailed=true, buildArtifact=false, type=MANUAL}, Participation: ProgrammingExerciseStudentParticipation{id=4086, repositoryUri='https://version-control.fake.fake/git/SHORT71F6BE800B87D049B809EBC0A47D4CC396E1TSTEXC/short71f6be800b87d049b809ebc0a47d4cc396e1tstexc-progsubresgitlabjenstudent1.git', buildPlanId='SHORT71F6BE800B87D049B809EBC0A47D4CC396E1TSTEXC-PROGSUBRESGITLABJENSTUDENT1', initializationState='INITIALIZED', initializationDate='2025-02-14T23:48:51.945348Z', individualDueDate=null', presentationScore=null}
    23:48:51.974 | 463 ool-1-worker-227 | INFO  | d.t.c.a.a.a.w.o.PublicResultResource : The new result for SHORT71F6BE800B87D049B809EBC0A47D4CC396E1TSTEXC-PROGSUBRESGITLABJENSTUDENT1 was saved successfully
    23:48:51.977 | 463 ool-1-worker-227 | DEBUG | d.t.c.a.a.c.s.f.ApiVersionFilter     : Adding Version to Request GET /api/repository/4086/buildlogs
    23:48:51.977 | 463 ool-1-worker-227 | DEBUG | rammingExerciseParticipationResource : REST request to get build log : 4086

  Starting logs for ProgrammingSubmissionAndResultGitlabJenkinsIntegrationTest > shouldSaveBuildLogsOnStudentParticipationWithoutSubmissionNorResult(ProgrammingLanguage, boolean) [29] programmingLanguage=SWIFT, enableStaticCodeAnalysis=true
    23:48:51.989 | 463 ool-1-worker-227 | DEBUG | d.t.c.a.a.c.u.util.UserUtilService   : Generate 3 students...
    23:48:51.993 | 463 ool-1-worker-227 | DEBUG | d.t.c.a.a.c.u.util.UserUtilService   : 3 students generated. Generate 2 tutors...
    23:48:51.996 | 463 ool-1-worker-227 | DEBUG | d.t.c.a.a.c.u.util.UserUtilService   : 2 tutors generated. Generate 0 editors...
    23:48:51.997 | 463 ool-1-worker-227 | DEBUG | d.t.c.a.a.c.u.util.UserUtilService   : 0 editors generated. Generate 2 instructors...
    23:48:52.000 | 463 ool-1-worker-227 | DEBUG | d.t.c.a.a.c.u.util.UserUtilService   : 2 instructors generated
    23:48:52.001 | 463 ool-1-worker-227 | DEBUG | d.t.c.a.a.c.u.util.UserUtilService   : Removing 7 users from all courses...
    23:48:52.002 | 463 ool-1-worker-227 | DEBUG | d.t.c.a.a.c.u.util.UserUtilService   : Removing 7 users from all courses. Done
    23:48:52.002 | 463 ool-1-worker-227 | DEBUG | d.t.c.a.a.c.u.util.UserUtilService   : Save 7 users to database...
    23:48:52.005 | 463 ool-1-worker-227 | DEBUG | d.t.c.a.a.c.u.util.UserUtilService   : Save 7 users to database. Done
    23:48:52.018 | 463 ool-1-worker-227 | DEBUG | PersonalAccessTokenManagementService : Generate secure vcs access token
    23:48:52.021 | 463 ool-1-worker-227 | DEBUG | PersonalAccessTokenManagementService : Generate secure vcs access token
    23:48:52.022 | 463 ool-1-worker-227 | INFO  | i.z.t.d.l.EmbeddedDatabaseReporter   : JDBC URL to connect to 'dataSource': url='jdbc:h2:tcp://localhost:41063/mem:736625c0-cf5e-400d-aeaa-8a7eabd6262b;USER=sa', scope='ProgrammingSubmissionAndResultGitlabJenkinsIntegrationTest#shouldSaveBuildLogsOnStudentParticipationWithoutSubmissionNorResult'
    23:48:52.034 | 463 ool-1-worker-227 | DEBUG | PersonalAccessTokenManagementService : Generate secure vcs access token
    23:48:52.037 | 463 ool-1-worker-227 | DEBUG | d.t.c.a.a.c.s.f.ApiVersionFilter     : Adding Version to Request POST /api/public/programming-exercises/new-result
    23:48:52.037 | 463 ool-1-worker-227 | DEBUG | d.t.c.a.a.a.w.o.PublicResultResource : Received result notify (NEW)
    23:48:52.039 | 463 ool-1-worker-227 | INFO  | d.t.c.a.a.a.w.o.PublicResultResource : Artemis received a new result for build plan SHORTA9CD9E81032AF048670AA1E019AA9E39CBE8TSTEXC-PROGSUBRESGITLABJENSTUDENT1
    23:48:52.040 | 463 ool-1-worker-227 | DEBUG | .s.ProgrammingExerciseGradingService : Received new build result (NEW) for participation 4093
    23:48:52.043 | 463 ool-1-worker-227 | WARN  | .s.ProgrammingExerciseGradingService : Could not find pending ProgrammingSubmission for Commit Hash 9b3a9bd71a0d80e5bbc42204c319ed3d1d4f0d6d (Participation 4093, Build Plan SHORTA9CD9E81032AF048670AA1E019AA9E39CBE8TSTEXC-PROGSUBRESGITLABJENSTUDENT1). Will create a new one subsequently...
    23:48:52.043 | 463 ool-1-worker-227 | ERROR | .s.ProgrammingExerciseGradingService : Could not retrieve push date for participation 4093 and build plan SHORTA9CD9E81032AF048670AA1E019AA9E39CBE8TSTEXC-PROGSUBRESGITLABJENSTUDENT1
de.tum.cit.aet.artemis.programming.service.gitlab.GitLabException: Could not find build queue date for participation 4093
	at de.tum.cit.aet.artemis.programming.service.gitlab.GitLabService.getPushDate(GitLabService.java:369)
	at de.tum.cit.aet.artemis.programming.service.gitlab.GitLabService.getPushDate(GitLabService.java:358)
	at de.tum.cit.aet.artemis.programming.service.ProgrammingExerciseGradingService.createAndSaveFallbackSubmission(ProgrammingExerciseGradingService.java:286)
	at de.tum.cit.aet.artemis.programming.service.ProgrammingExerciseGradingService.createAndSaveFallbackSubmission(ProgrammingExerciseGradingService.java:272)
	at de.tum.cit.aet.artemis.programming.service.ProgrammingExerciseGradingService.lambda$processNewProgrammingExerciseResult$0(ProgrammingExerciseGradingService.java:177)
	at java.base/java.util.Optional.orElseGet(Optional.java:364)
	at de.tum.cit.aet.artemis.programming.service.ProgrammingExerciseGradingService.processNewProgrammingExerciseResult(ProgrammingExerciseGradingService.java:177)
	at de.tum.cit.aet.artemis.programming.service.ProgrammingExerciseGradingService.processNewProgrammingExerciseResult(ProgrammingExerciseGradingService.java:156)
	at de.tum.cit.aet.artemis.assessment.web.open.PublicResultResource.processNewProgrammingExerciseResult(PublicResultResource.java:113)
	at java.base/jdk.internal.reflect.DirectMethodHandleAccessor.invoke(DirectMethodHandleAccessor.java:103)
	at java.base/java.lang.reflect.Method.invoke(Method.java:580)
	at org.springframework.aop.support.AopUtils.invokeJoinpointUsingReflection(AopUtils.java:359)
	at org.springframework.aop.framework.ReflectiveMethodInvocation.invokeJoinpoint(ReflectiveMethodInvocation.java:196)
	at org.springframework.aop.framework.ReflectiveMethodInvocation.proceed(ReflectiveMethodInvocation.java:163)
	at org.springframework.security.authorization.method.AuthorizationManagerBeforeMethodInterceptor.proceed(AuthorizationManagerBeforeMethodInterceptor.java:268)
	at org.springframework.security.authorization.method.AuthorizationManagerBeforeMethodInterceptor.attemptAuthorization(AuthorizationManagerBeforeMethodInterceptor.java:263)
	at org.springframework.security.authorization.method.AuthorizationManagerBeforeMethodInterceptor.invoke(AuthorizationManagerBeforeMethodInterceptor.java:196)
	at org.springframework.security.config.annotation.method.configuration.DeferringMethodInterceptor.invoke(DeferringMethodInterceptor.java:44)
	at org.springframework.aop.framework.ReflectiveMethodInvocation.proceed(ReflectiveMethodInvocation.java:184)
	at org.springframework.aop.framework.CglibAopProxy$DynamicAdvisedInterceptor.intercept(CglibAopProxy.java:727)
	at de.tum.cit.aet.artemis.assessment.web.open.PublicResultResource$$SpringCGLIB$$0.processNewProgrammingExerciseResult(<generated>)
	at java.base/jdk.internal.reflect.DirectMethodHandleAccessor.invoke(DirectMethodHandleAccessor.java:103)
	at java.base/java.lang.reflect.Method.invoke(Method.java:580)
	at org.springframework.web.method.support.InvocableHandlerMethod.doInvoke(InvocableHandlerMethod.java:257)
	at org.springframework.web.method.support.InvocableHandlerMethod.invokeForRequest(InvocableHandlerMethod.java:190)
	at org.springframework.web.servlet.mvc.method.annotation.ServletInvocableHandlerMethod.invokeAndHandle(ServletInvocableHandlerMethod.java:118)
	at org.springframework.web.servlet.mvc.method.annotation.RequestMappingHandlerAdapter.invokeHandlerMethod(RequestMappingHandlerAdapter.java:986)
	at org.springframework.web.servlet.mvc.method.annotation.RequestMappingHandlerAdapter.handleInternal(RequestMappingHandlerAdapter.java:891)
	at org.springframework.web.servlet.mvc.method.AbstractHandlerMethodAdapter.handle(AbstractHandlerMethodAdapter.java:87)
	at org.springframework.web.servlet.DispatcherServlet.doDispatch(DispatcherServlet.java:1088)
	at org.springframework.web.servlet.DispatcherServlet.doService(DispatcherServlet.java:978)
	at org.springframework.web.servlet.FrameworkServlet.processRequest(FrameworkServlet.java:1014)
	at org.springframework.web.servlet.FrameworkServlet.doPost(FrameworkServlet.java:914)
	at jakarta.servlet.http.HttpServlet.service(HttpServlet.java:547)
	at org.springframework.web.servlet.FrameworkServlet.service(FrameworkServlet.java:885)
	at org.springframework.test.web.servlet.TestDispatcherServlet.service(TestDispatcherServlet.java:72)
	at jakarta.servlet.http.HttpServlet.service(HttpServlet.java:614)
	at org.springframework.mock.web.MockFilterChain$ServletFilterProxy.doFilter(MockFilterChain.java:165)
	at org.springframework.mock.web.MockFilterChain.doFilter(MockFilterChain.java:132)
	at org.springframework.web.filter.OncePerRequestFilter.doFilter(OncePerRequestFilter.java:110)
	at org.springframework.test.web.servlet.setup.MockMvcFilterDecorator.doFilter(MockMvcFilterDecorator.java:162)
	at org.springframework.mock.web.MockFilterChain.doFilter(MockFilterChain.java:132)
	at de.tum.cit.aet.artemis.core.security.filter.ApiVersionFilter.doFilter(ApiVersionFilter.java:55)
	at org.springframework.test.web.servlet.setup.MockMvcFilterDecorator.doFilter(MockMvcFilterDecorator.java:162)
	at org.springframework.mock.web.MockFilterChain.doFilter(MockFilterChain.java:132)
	at io.sentry.spring.jakarta.SentryUserFilter.doFilterInternal(SentryUserFilter.java:56)
	at org.springframework.web.filter.OncePerRequestFilter.doFilter(OncePerRequestFilter.java:116)
	at org.springframework.test.web.servlet.setup.MockMvcFilterDecorator.doFilter(MockMvcFilterDecorator.java:162)
	at org.springframework.mock.web.MockFilterChain.doFilter(MockFilterChain.java:132)
	at org.springframework.web.filter.CompositeFilter$VirtualFilterChain.doFilter(CompositeFilter.java:108)
	at org.springframework.security.web.FilterChainProxy.lambda$doFilterInternal$3(FilterChainProxy.java:231)
	at org.springframework.security.web.ObservationFilterChainDecorator$FilterObservation$SimpleFilterObservation.lambda$wrap$1(ObservationFilterChainDecorator.java:479)
	at org.springframework.security.web.ObservationFilterChainDecorator$AroundFilterObservation$SimpleAroundFilterObservation.lambda$wrap$1(ObservationFilterChainDecorator.java:340)
	at org.springframework.security.web.ObservationFilterChainDecorator.lambda$wrapSecured$0(ObservationFilterChainDecorator.java:82)
	at org.springframework.security.web.ObservationFilterChainDecorator$VirtualFilterChain.doFilter(ObservationFilterChainDecorator.java:128)
	at org.springframework.security.web.access.intercept.AuthorizationFilter.doFilter(AuthorizationFilter.java:101)
	at org.springframework.security.web.ObservationFilterChainDecorator$ObservationFilter.wrapFilter(ObservationFilterChainDecorator.java:240)
	at org.springframework.security.web.ObservationFilterChainDecorator$ObservationFilter.doFilter(ObservationFilterChainDecorator.java:227)
	at org.springframework.security.web.ObservationFilterChainDecorator$VirtualFilterChain.doFilter(ObservationFilterChainDecorator.java:137)
	at org.springframework.security.web.access.ExceptionTranslationFilter.doFilter(ExceptionTranslationFilter.java:126)
	at org.springframework.security.web.access.ExceptionTranslationFilter.doFilter(ExceptionTranslationFilter.java:120)
	at org.springframework.security.web.ObservationFilterChainDecorator$ObservationFilter.wrapFilter(ObservationFilterChainDecorator.java:240)
	at org.springframework.security.web.ObservationFilterChainDecorator$ObservationFilter.doFilter(ObservationFilterChainDecorator.java:227)
	at org.springframework.security.web.ObservationFilterChainDecorator$VirtualFilterChain.doFilter(ObservationFilterChainDecorator.java:137)
	at org.springframework.security.web.session.SessionManagementFilter.doFilter(SessionManagementFilter.java:131)
	at org.springframework.security.web.session.SessionManagementFilter.doFilter(SessionManagementFilter.java:85)
	at org.springframework.security.web.ObservationFilterChainDecorator$ObservationFilter.wrapFilter(ObservationFilterChainDecorator.java:240)
	at org.springframework.security.web.ObservationFilterChainDecorator$ObservationFilter.doFilter(ObservationFilterChainDecorator.java:227)
	at org.springframework.security.web.ObservationFilterChainDecorator$VirtualFilterChain.doFilter(ObservationFilterChainDecorator.java:137)
	at org.springframework.security.web.authentication.AnonymousAuthenticationFilter.doFilter(AnonymousAuthenticationFilter.java:100)
	at org.springframework.security.web.ObservationFilterChainDecorator$ObservationFilter.wrapFilter(ObservationFilterChainDecorator.java:240)
	at org.springframework.security.web.ObservationFilterChainDecorator$ObservationFilter.doFilter(ObservationFilterChainDecorator.java:227)
	at org.springframework.security.web.ObservationFilterChainDecorator$VirtualFilterChain.doFilter(ObservationFilterChainDecorator.java:137)
	at org.springframework.security.web.servletapi.SecurityContextHolderAwareRequestFilter.doFilter(SecurityContextHolderAwareRequestFilter.java:179)
	at org.springframework.security.web.ObservationFilterChainDecorator$ObservationFilter.wrapFilter(ObservationFilterChainDecorator.java:240)
	at org.springframework.security.web.ObservationFilterChainDecorator$ObservationFilter.doFilter(ObservationFilterChainDecorator.java:227)
	at org.springframework.security.web.ObservationFilterChainDecorator$VirtualFilterChain.doFilter(ObservationFilterChainDecorator.java:137)
	at org.springframework.security.web.savedrequest.RequestCacheAwareFilter.doFilter(RequestCacheAwareFilter.java:63)
	at org.springframework.security.web.ObservationFilterChainDecorator$ObservationFilter.wrapFilter(ObservationFilterChainDecorator.java:240)
	at org.springframework.security.web.ObservationFilterChainDecorator$ObservationFilter.doFilter(ObservationFilterChainDecorator.java:227)
	at org.springframework.security.web.ObservationFilterChainDecorator$VirtualFilterChain.doFilter(ObservationFilterChainDecorator.java:137)
	at de.tum.cit.aet.artemis.core.security.filter.SpaWebFilter.doFilterInternal(SpaWebFilter.java:23)
	at org.springframework.web.filter.OncePerRequestFilter.doFilter(OncePerRequestFilter.java:116)
	at org.springframework.security.web.ObservationFilterChainDecorator$ObservationFilter.wrapFilter(ObservationFilterChainDecorator.java:240)
	at org.springframework.security.web.ObservationFilterChainDecorator$ObservationFilter.doFilter(ObservationFilterChainDecorator.java:227)
	at org.springframework.security.web.ObservationFilterChainDecorator$VirtualFilterChain.doFilter(ObservationFilterChainDecorator.java:137)
	at org.springframework.web.filter.OncePerRequestFilter.doFilter(OncePerRequestFilter.java:110)
	at org.springframework.security.web.ObservationFilterChainDecorator$ObservationFilter.wrapFilter(ObservationFilterChainDecorator.java:240)
	at org.springframework.security.web.ObservationFilterChainDecorator$ObservationFilter.doFilter(ObservationFilterChainDecorator.java:227)
	at org.springframework.security.web.ObservationFilterChainDecorator$VirtualFilterChain.doFilter(ObservationFilterChainDecorator.java:137)
	at de.tum.cit.aet.artemis.lti.config.Lti13LaunchFilter.doFilterInternal(Lti13LaunchFilter.java:60)
	at org.springframework.web.filter.OncePerRequestFilter.doFilter(OncePerRequestFilter.java:116)
	at org.springframework.security.web.ObservationFilterChainDecorator$ObservationFilter.wrapFilter(ObservationFilterChainDecorator.java:240)
	at org.springframework.security.web.ObservationFilterChainDecorator$ObservationFilter.doFilter(ObservationFilterChainDecorator.java:227)
	at org.springframework.security.web.ObservationFilterChainDecorator$VirtualFilterChain.doFilter(ObservationFilterChainDecorator.java:137)
	at de.tum.cit.aet.artemis.core.security.jwt.JWTFilter.doFilter(JWTFilter.java:55)
	at org.springframework.security.web.ObservationFilterChainDecorator$ObservationFilter.wrapFilter(ObservationFilterChainDecorator.java:240)
	at org.springframework.security.web.ObservationFilterChainDecorator$ObservationFilter.doFilter(ObservationFilterChainDecorator.java:227)
	at org.springframework.security.web.ObservationFilterChainDecorator$VirtualFilterChain.doFilter(ObservationFilterChainDecorator.java:137)
	at de.tum.cit.aet.artemis.core.security.jwt.JWTFilter.doFilter(JWTFilter.java:55)
	at org.springframework.security.web.ObservationFilterChainDecorator$ObservationFilter.wrapFilter(ObservationFilterChainDecorator.java:240)
	at org.springframework.security.web.ObservationFilterChainDecorator$ObservationFilter.doFilter(ObservationFilterChainDecorator.java:227)
	at org.springframework.security.web.ObservationFilterChainDecorator$VirtualFilterChain.doFilter(ObservationFilterChainDecorator.java:137)
	at org.springframework.web.filter.CorsFilter.doFilterInternal(CorsFilter.java:91)
	at org.springframework.web.filter.OncePerRequestFilter.doFilter(OncePerRequestFilter.java:116)
	at org.springframework.security.web.ObservationFilterChainDecorator$ObservationFilter.wrapFilter(ObservationFilterChainDecorator.java:240)
	at org.springframework.security.web.ObservationFilterChainDecorator$ObservationFilter.doFilter(ObservationFilterChainDecorator.java:227)
	at org.springframework.security.web.ObservationFilterChainDecorator$VirtualFilterChain.doFilter(ObservationFilterChainDecorator.java:137)
	at org.springframework.web.filter.OncePerRequestFilter.doFilter(OncePerRequestFilter.java:110)
	at org.springframework.security.web.ObservationFilterChainDecorator$ObservationFilter.wrapFilter(ObservationFilterChainDecorator.java:240)
	at org.springframework.security.web.ObservationFilterChainDecorator$ObservationFilter.doFilter(ObservationFilterChainDecorator.java:227)
	at org.springframework.security.web.ObservationFilterChainDecorator$VirtualFilterChain.doFilter(ObservationFilterChainDecorator.java:137)
	at uk.ac.ox.ctl.lti13.security.oauth2.client.lti.web.OAuth2AuthorizationRequestRedirectFilter.doFilterInternal(OAuth2AuthorizationRequestRedirectFilter.java:142)
	at org.springframework.web.filter.OncePerRequestFilter.doFilter(OncePerRequestFilter.java:116)
	at org.springframework.security.web.ObservationFilterChainDecorator$ObservationFilter.wrapFilter(ObservationFilterChainDecorator.java:240)
	at org.springframework.security.web.ObservationFilterChainDecorator$ObservationFilter.doFilter(ObservationFilterChainDecorator.java:227)
	at org.springframework.security.web.ObservationFilterChainDecorator$VirtualFilterChain.doFilter(ObservationFilterChainDecorator.java:137)
	at org.springframework.security.web.authentication.logout.LogoutFilter.doFilter(LogoutFilter.java:107)
	at org.springframework.security.web.authentication.logout.LogoutFilter.doFilter(LogoutFilter.java:93)
	at org.springframework.security.web.ObservationFilterChainDecorator$ObservationFilter.wrapFilter(ObservationFilterChainDecorator.java:240)
	at org.springframework.security.web.ObservationFilterChainDecorator$ObservationFilter.doFilter(ObservationFilterChainDecorator.java:227)
	at org.springframework.security.web.ObservationFilterChainDecorator$VirtualFilterChain.doFilter(ObservationFilterChainDecorator.java:137)
	at org.springframework.security.web.header.HeaderWriterFilter.doHeadersAfter(HeaderWriterFilter.java:90)
	at org.springframework.security.web.header.HeaderWriterFilter.doFilterInternal(HeaderWriterFilter.java:75)
	at org.springframework.web.filter.OncePerRequestFilter.doFilter(OncePerRequestFilter.java:116)
	at org.springframework.security.web.ObservationFilterChainDecorator$ObservationFilter.wrapFilter(ObservationFilterChainDecorator.java:240)
	at org.springframework.security.web.ObservationFilterChainDecorator$ObservationFilter.doFilter(ObservationFilterChainDecorator.java:227)
	at org.springframework.security.web.ObservationFilterChainDecorator$VirtualFilterChain.doFilter(ObservationFilterChainDecorator.java:137)
	at org.springframework.security.web.context.SecurityContextHolderFilter.doFilter(SecurityContextHolderFilter.java:82)
	at org.springframework.security.web.context.SecurityContextHolderFilter.doFilter(SecurityContextHolderFilter.java:69)
	at org.springframework.security.web.ObservationFilterChainDecorator$ObservationFilter.wrapFilter(ObservationFilterChainDecorator.java:240)
	at org.springframework.security.web.ObservationFilterChainDecorator$ObservationFilter.doFilter(ObservationFilterChainDecorator.java:227)
	at org.springframework.security.web.ObservationFilterChainDecorator$VirtualFilterChain.doFilter(ObservationFilterChainDecorator.java:137)
	at org.springframework.security.web.context.request.async.WebAsyncManagerIntegrationFilter.doFilterInternal(WebAsyncManagerIntegrationFilter.java:62)
	at org.springframework.web.filter.OncePerRequestFilter.doFilter(OncePerRequestFilter.java:116)
	at org.springframework.security.web.ObservationFilterChainDecorator$ObservationFilter.wrapFilter(ObservationFilterChainDecorator.java:240)
	at org.springframework.security.web.ObservationFilterChainDecorator$ObservationFilter.doFilter(ObservationFilterChainDecorator.java:227)
	at org.springframework.security.web.ObservationFilterChainDecorator$VirtualFilterChain.doFilter(ObservationFilterChainDecorator.java:137)
	at org.springframework.security.web.session.DisableEncodeUrlFilter.doFilterInternal(DisableEncodeUrlFilter.java:42)
	at org.springframework.web.filter.OncePerRequestFilter.doFilter(OncePerRequestFilter.java:116)
	at org.springframework.security.web.ObservationFilterChainDecorator$ObservationFilter.wrapFilter(ObservationFilterChainDecorator.java:240)
	at org.springframework.security.web.ObservationFilterChainDecorator$AroundFilterObservation$SimpleAroundFilterObservation.lambda$wrap$0(ObservationFilterChainDecorator.java:323)
	at org.springframework.security.web.ObservationFilterChainDecorator$ObservationFilter.doFilter(ObservationFilterChainDecorator.java:224)
	at org.springframework.security.web.ObservationFilterChainDecorator$VirtualFilterChain.doFilter(ObservationFilterChainDecorator.java:137)
	at org.springframework.security.web.FilterChainProxy.doFilterInternal(FilterChainProxy.java:233)
	at org.springframework.security.web.FilterChainProxy.doFilter(FilterChainProxy.java:191)
	at org.springframework.web.filter.CompositeFilter$VirtualFilterChain.doFilter(CompositeFilter.java:113)
	at org.springframework.web.servlet.handler.HandlerMappingIntrospector.lambda$createCacheFilter$3(HandlerMappingIntrospector.java:243)
	at org.springframework.web.filter.CompositeFilter$VirtualFilterChain.doFilter(CompositeFilter.java:113)
	at org.springframework.web.filter.CompositeFilter.doFilter(CompositeFilter.java:74)
	at org.springframework.security.config.annotation.web.configuration.WebMvcSecurityConfiguration$CompositeFilterChainProxy.doFilter(WebMvcSecurityConfiguration.java:238)
	at org.springframework.web.filter.DelegatingFilterProxy.invokeDelegate(DelegatingFilterProxy.java:362)
	at org.springframework.web.filter.DelegatingFilterProxy.doFilter(DelegatingFilterProxy.java:278)
	at org.springframework.test.web.servlet.setup.MockMvcFilterDecorator.doFilter(MockMvcFilterDecorator.java:162)
	at org.springframework.mock.web.MockFilterChain.doFilter(MockFilterChain.java:132)
	at org.springframework.web.filter.RequestContextFilter.doFilterInternal(RequestContextFilter.java:100)
	at org.springframework.web.filter.OncePerRequestFilter.doFilter(OncePerRequestFilter.java:116)
	at org.springframework.test.web.servlet.setup.MockMvcFilterDecorator.doFilter(MockMvcFilterDecorator.java:162)
	at org.springframework.mock.web.MockFilterChain.doFilter(MockFilterChain.java:132)
	at org.springframework.web.filter.FormContentFilter.doFilterInternal(FormContentFilter.java:93)
	at org.springframework.web.filter.OncePerRequestFilter.doFilter(OncePerRequestFilter.java:116)
	at org.springframework.test.web.servlet.setup.MockMvcFilterDecorator.doFilter(MockMvcFilterDecorator.java:162)
	at org.springframework.mock.web.MockFilterChain.doFilter(MockFilterChain.java:132)
	at org.springframework.web.filter.ServerHttpObservationFilter.doFilterInternal(ServerHttpObservationFilter.java:114)
	at org.springframework.web.filter.OncePerRequestFilter.doFilter(OncePerRequestFilter.java:116)
	at org.springframework.test.web.servlet.setup.MockMvcFilterDecorator.doFilter(MockMvcFilterDecorator.java:162)
	at org.springframework.mock.web.MockFilterChain.doFilter(MockFilterChain.java:132)
	at io.sentry.spring.jakarta.tracing.SentryTracingFilter.doFilterInternal(SentryTracingFilter.java:91)
	at org.springframework.web.filter.OncePerRequestFilter.doFilter(OncePerRequestFilter.java:116)
	at org.springframework.test.web.servlet.setup.MockMvcFilterDecorator.doFilter(MockMvcFilterDecorator.java:162)
	at org.springframework.mock.web.MockFilterChain.doFilter(MockFilterChain.java:132)
	at org.springframework.web.filter.CharacterEncodingFilter.doFilterInternal(CharacterEncodingFilter.java:201)
	at org.springframework.web.filter.OncePerRequestFilter.doFilter(OncePerRequestFilter.java:116)
	at org.springframework.test.web.servlet.setup.MockMvcFilterDecorator.doFilter(MockMvcFilterDecorator.java:162)
	at org.springframework.mock.web.MockFilterChain.doFilter(MockFilterChain.java:132)
	at io.sentry.spring.jakarta.SentrySpringFilter.doFilterInternal(SentrySpringFilter.java:76)
	at org.springframework.web.filter.OncePerRequestFilter.doFilter(OncePerRequestFilter.java:116)
	at org.springframework.test.web.servlet.setup.MockMvcFilterDecorator.doFilter(MockMvcFilterDecorator.java:162)
	at org.springframework.mock.web.MockFilterChain.doFilter(MockFilterChain.java:132)
	at org.springframework.test.web.servlet.MockMvc.perform(MockMvc.java:201)
	at de.tum.cit.aet.artemis.core.util.RequestUtilService.performMvcRequest(RequestUtilService.java:79)
	at de.tum.cit.aet.artemis.core.util.RequestUtilService.postWithoutLocation(RequestUtilService.java:213)
	at de.tum.cit.aet.artemis.core.util.RequestUtilService.postWithoutLocation(RequestUtilService.java:199)
	at de.tum.cit.aet.artemis.programming.ProgrammingSubmissionAndResultGitlabJenkinsIntegrationTest.postResult(ProgrammingSubmissionAndResultGitlabJenkinsIntegrationTest.java:413)
	at de.tum.cit.aet.artemis.programming.ProgrammingSubmissionAndResultGitlabJenkinsIntegrationTest.shouldSaveBuildLogsOnStudentParticipationWithoutSubmissionNorResult(ProgrammingSubmissionAndResultGitlabJenkinsIntegrationTest.java:338)
	at java.base/jdk.internal.reflect.DirectMethodHandleAccessor.invoke(DirectMethodHandleAccessor.java:103)
	at java.base/java.lang.reflect.Method.invoke(Method.java:580)
	at org.junit.platform.commons.util.ReflectionUtils.invokeMethod(ReflectionUtils.java:767)
	at org.junit.jupiter.engine.execution.MethodInvocation.proceed(MethodInvocation.java:60)
	at org.junit.jupiter.engine.execution.InvocationInterceptorChain$ValidatingInvocation.proceed(InvocationInterceptorChain.java:131)
	at org.junit.jupiter.engine.extension.TimeoutExtension.intercept(TimeoutExtension.java:156)
	at org.junit.jupiter.engine.extension.TimeoutExtension.interceptTestableMethod(TimeoutExtension.java:147)
	at org.junit.jupiter.engine.extension.TimeoutExtension.interceptTestTemplateMethod(TimeoutExtension.java:94)
	at org.junit.jupiter.engine.execution.InterceptingExecutableInvoker$ReflectiveInterceptorCall.lambda$ofVoidMethod$0(InterceptingExecutableInvoker.java:103)
	at org.junit.jupiter.engine.execution.InterceptingExecutableInvoker.lambda$invoke$0(InterceptingExecutableInvoker.java:93)
	at org.junit.jupiter.engine.execution.InvocationInterceptorChain$InterceptedInvocation.proceed(InvocationInterceptorChain.java:106)
	at org.junit.jupiter.engine.execution.InvocationInterceptorChain.proceed(InvocationInterceptorChain.java:64)
	at org.junit.jupiter.engine.execution.InvocationInterceptorChain.chainAndInvoke(InvocationInterceptorChain.java:45)
	at org.junit.jupiter.engine.execution.InvocationInterceptorChain.invoke(InvocationInterceptorChain.java:37)
	at org.junit.jupiter.engine.execution.InterceptingExecutableInvoker.invoke(InterceptingExecutableInvoker.java:92)
	at org.junit.jupiter.engine.execution.InterceptingExecutableInvoker.invoke(InterceptingExecutableInvoker.java:86)
	at org.junit.jupiter.engine.descriptor.TestMethodTestDescriptor.lambda$invokeTestMethod$8(TestMethodTestDescriptor.java:217)
	at org.junit.platform.engine.support.hierarchical.ThrowableCollector.execute(ThrowableCollector.java:73)
	at org.junit.jupiter.engine.descriptor.TestMethodTestDescriptor.invokeTestMethod(TestMethodTestDescriptor.java:213)
	at org.junit.jupiter.engine.descriptor.TestMethodTestDescriptor.execute(TestMethodTestDescriptor.java:138)
	at org.junit.jupiter.engine.descriptor.TestMethodTestDescriptor.execute(TestMethodTestDescriptor.java:68)
	at org.junit.platform.engine.support.hierarchical.NodeTestTask.lambda$executeRecursively$6(NodeTestTask.java:156)
	at org.junit.platform.engine.support.hierarchical.ThrowableCollector.execute(ThrowableCollector.java:73)
	at org.junit.platform.engine.support.hierarchical.NodeTestTask.lambda$executeRecursively$8(NodeTestTask.java:146)
	at org.junit.platform.engine.support.hierarchical.Node.around(Node.java:137)
	at org.junit.platform.engine.support.hierarchical.NodeTestTask.lambda$executeRecursively$9(NodeTestTask.java:144)
	at org.junit.platform.engine.support.hierarchical.ThrowableCollector.execute(ThrowableCollector.java:73)
	at org.junit.platform.engine.support.hierarchical.NodeTestTask.executeRecursively(NodeTestTask.java:143)
	at org.junit.platform.engine.support.hierarchical.NodeTestTask.execute(NodeTestTask.java:100)
	at org.junit.platform.engine.support.hierarchical.ForkJoinPoolHierarchicalTestExecutorService$ExclusiveTask.exec(ForkJoinPoolHierarchicalTestExecutorService.java:274)
	at org.junit.platform.engine.support.hierarchical.ForkJoinPoolHierarchicalTestExecutorService$ExclusiveTask.execSync(ForkJoinPoolHierarchicalTestExecutorService.java:247)
	at org.junit.platform.engine.support.hierarchical.ForkJoinPoolHierarchicalTestExecutorService.submit(ForkJoinPoolHierarchicalTestExecutorService.java:148)
	at org.junit.platform.engine.support.hierarchical.NodeTestTask$DefaultDynamicTestExecutor.execute(NodeTestTask.java:231)
	at org.junit.platform.engine.support.hierarchical.NodeTestTask$DefaultDynamicTestExecutor.execute(NodeTestTask.java:209)
	at org.junit.jupiter.engine.descriptor.TestTemplateTestDescriptor.execute(TestTemplateTestDescriptor.java:141)
	at org.junit.jupiter.engine.descriptor.TestTemplateTestDescriptor.lambda$execute$3(TestTemplateTestDescriptor.java:109)
	at java.base/java.util.stream.ForEachOps$ForEachOp$OfRef.accept(ForEachOps.java:184)
	at java.base/java.util.stream.ReferencePipeline$3$1.accept(ReferencePipeline.java:197)
	at java.base/java.util.stream.ReferencePipeline$2$1.accept(ReferencePipeline.java:179)
	at java.base/java.util.stream.ReferencePipeline$3$1.accept(ReferencePipeline.java:197)
	at java.base/java.util.stream.ForEachOps$ForEachOp$OfRef.accept(ForEachOps.java:184)
	at java.base/java.util.stream.ReferencePipeline$3$1.accept(ReferencePipeline.java:197)
	at java.base/java.util.stream.ForEachOps$ForEachOp$OfRef.accept(ForEachOps.java:184)
	at java.base/java.util.stream.ForEachOps$ForEachOp$OfRef.accept(ForEachOps.java:184)
	at java.base/java.util.stream.ReferencePipeline$3$1.accept(ReferencePipeline.java:197)
	at java.base/java.util.stream.ForEachOps$ForEachOp$OfRef.accept(ForEachOps.java:184)
	at java.base/java.util.Spliterators$ArraySpliterator.forEachRemaining(Spliterators.java:1024)
	at java.base/java.util.stream.ReferencePipeline$Head.forEach(ReferencePipeline.java:762)
	at java.base/java.util.stream.ReferencePipeline$7$1.accept(ReferencePipeline.java:276)
	at java.base/java.util.Iterator.forEachRemaining(Iterator.java:133)
	at java.base/java.util.Spliterators$IteratorSpliterator.forEachRemaining(Spliterators.java:1939)
	at java.base/java.util.stream.AbstractPipeline.copyInto(AbstractPipeline.java:509)
	at java.base/java.util.stream.AbstractPipeline.wrapAndCopyInto(AbstractPipeline.java:499)
	at java.base/java.util.stream.ForEachOps$ForEachOp.evaluateSequential(ForEachOps.java:151)
	at java.base/java.util.stream.ForEachOps$ForEachOp$OfRef.evaluateSequential(ForEachOps.java:174)
	at java.base/java.util.stream.AbstractPipeline.evaluate(AbstractPipeline.java:234)
	at java.base/java.util.stream.ReferencePipeline.forEach(ReferencePipeline.java:596)
	at java.base/java.util.stream.ReferencePipeline$7$1.accept(ReferencePipeline.java:276)
	at java.base/java.util.stream.ReferencePipeline$3$1.accept(ReferencePipeline.java:197)
	at java.base/java.util.stream.ReferencePipeline$3$1.accept(ReferencePipeline.java:197)
	at java.base/java.util.stream.ReferencePipeline$3$1.accept(ReferencePipeline.java:197)
	at java.base/java.util.Spliterators$ArraySpliterator.forEachRemaining(Spliterators.java:1024)
	at java.base/java.util.stream.AbstractPipeline.copyInto(AbstractPipeline.java:509)
	at java.base/java.util.stream.AbstractPipeline.wrapAndCopyInto(AbstractPipeline.java:499)
	at java.base/java.util.stream.ForEachOps$ForEachOp.evaluateSequential(ForEachOps.java:151)
	at java.base/java.util.stream.ForEachOps$ForEachOp$OfRef.evaluateSequential(ForEachOps.java:174)
	at java.base/java.util.stream.AbstractPipeline.evaluate(AbstractPipeline.java:234)
	at java.base/java.util.stream.ReferencePipeline.forEach(ReferencePipeline.java:596)
	at java.base/java.util.stream.ReferencePipeline$7$1.accept(ReferencePipeline.java:276)
	at java.base/java.util.ArrayList$ArrayListSpliterator.forEachRemaining(ArrayList.java:1708)
	at java.base/java.util.stream.AbstractPipeline.copyInto(AbstractPipeline.java:509)
	at java.base/java.util.stream.AbstractPipeline.wrapAndCopyInto(AbstractPipeline.java:499)
	at java.base/java.util.stream.ForEachOps$ForEachOp.evaluateSequential(ForEachOps.java:151)
	at java.base/java.util.stream.ForEachOps$ForEachOp$OfRef.evaluateSequential(ForEachOps.java:174)
	at java.base/java.util.stream.AbstractPipeline.evaluate(AbstractPipeline.java:234)
	at java.base/java.util.stream.ReferencePipeline.forEach(ReferencePipeline.java:596)
	at java.base/java.util.stream.ReferencePipeline$7$1.accept(ReferencePipeline.java:276)
	at java.base/java.util.stream.ReferencePipeline$3$1.accept(ReferencePipeline.java:197)
	at java.base/java.util.stream.ReferencePipeline$3$1.accept(ReferencePipeline.java:197)
	at java.base/java.util.stream.ReferencePipeline$3$1.accept(ReferencePipeline.java:197)
	at java.base/java.util.ArrayList$ArrayListSpliterator.forEachRemaining(ArrayList.java:1708)
	at java.base/java.util.stream.AbstractPipeline.copyInto(AbstractPipeline.java:509)
	at java.base/java.util.stream.AbstractPipeline.wrapAndCopyInto(AbstractPipeline.java:499)
	at java.base/java.util.stream.ForEachOps$ForEachOp.evaluateSequential(ForEachOps.java:151)
	at java.base/java.util.stream.ForEachOps$ForEachOp$OfRef.evaluateSequential(ForEachOps.java:174)
	at java.base/java.util.stream.AbstractPipeline.evaluate(AbstractPipeline.java:234)
	at java.base/java.util.stream.ReferencePipeline.forEach(ReferencePipeline.java:596)
	at java.base/java.util.stream.ReferencePipeline$7$1.accept(ReferencePipeline.java:276)
	at java.base/java.util.ArrayList$ArrayListSpliterator.forEachRemaining(ArrayList.java:1708)
	at java.base/java.util.stream.AbstractPipeline.copyInto(AbstractPipeline.java:509)
	at java.base/java.util.stream.AbstractPipeline.wrapAndCopyInto(AbstractPipeline.java:499)
	at java.base/java.util.stream.ForEachOps$ForEachOp.evaluateSequential(ForEachOps.java:151)
	at java.base/java.util.stream.ForEachOps$ForEachOp$OfRef.evaluateSequential(ForEachOps.java:174)
	at java.base/java.util.stream.AbstractPipeline.evaluate(AbstractPipeline.java:234)
	at java.base/java.util.stream.ReferencePipeline.forEach(ReferencePipeline.java:596)
	at org.junit.jupiter.engine.descriptor.TestTemplateTestDescriptor.execute(TestTemplateTestDescriptor.java:109)
	at org.junit.jupiter.engine.descriptor.TestTemplateTestDescriptor.execute(TestTemplateTestDescriptor.java:43)
	at org.junit.platform.engine.support.hierarchical.NodeTestTask.lambda$executeRecursively$6(NodeTestTask.java:156)
	at org.junit.platform.engine.support.hierarchical.ThrowableCollector.execute(ThrowableCollector.java:73)
	at org.junit.platform.engine.support.hierarchical.NodeTestTask.lambda$executeRecursively$8(NodeTestTask.java:146)
	at org.junit.platform.engine.support.hierarchical.Node.around(Node.java:137)
	at org.junit.platform.engine.support.hierarchical.NodeTestTask.lambda$executeRecursively$9(NodeTestTask.java:144)
	at org.junit.platform.engine.support.hierarchical.ThrowableCollector.execute(ThrowableCollector.java:73)
	at org.junit.platform.engine.support.hierarchical.NodeTestTask.executeRecursively(NodeTestTask.java:143)
	at org.junit.platform.engine.support.hierarchical.NodeTestTask.execute(NodeTestTask.java:100)
	at org.junit.platform.engine.support.hierarchical.ForkJoinPoolHierarchicalTestExecutorService$ExclusiveTask.exec(ForkJoinPoolHierarchicalTestExecutorService.java:274)
	at org.junit.platform.engine.support.hierarchical.ForkJoinPoolHierarchicalTestExecutorService$ExclusiveTask.execSync(ForkJoinPoolHierarchicalTestExecutorService.java:247)
	at org.junit.platform.engine.support.hierarchical.ForkJoinPoolHierarchicalTestExecutorService.executeSync(ForkJoinPoolHierarchicalTestExecutorService.java:194)
	at org.junit.platform.engine.support.hierarchical.ForkJoinPoolHierarchicalTestExecutorService.invokeAll(ForkJoinPoolHierarchicalTestExecutorService.java:166)
	at org.junit.platform.engine.support.hierarchical.NodeTestTask.lambda$executeRecursively$6(NodeTestTask.java:160)
	at org.junit.platform.engine.support.hierarchical.ThrowableCollector.execute(ThrowableCollector.java:73)
	at org.junit.platform.engine.support.hierarchical.NodeTestTask.lambda$executeRecursively$8(NodeTestTask.java:146)
	at org.junit.platform.engine.support.hierarchical.Node.around(Node.java:137)
	at org.junit.platform.engine.support.hierarchical.NodeTestTask.lambda$executeRecursively$9(NodeTestTask.java:144)
	at org.junit.platform.engine.support.hierarchical.ThrowableCollector.execute(ThrowableCollector.java:73)
	at org.junit.platform.engine.support.hierarchical.NodeTestTask.executeRecursively(NodeTestTask.java:143)
	at org.junit.platform.engine.support.hierarchical.NodeTestTask.execute(NodeTestTask.java:100)
	at org.junit.platform.engine.support.hierarchical.ForkJoinPoolHierarchicalTestExecutorService$ExclusiveTask.exec(ForkJoinPoolHierarchicalTestExecutorService.java:274)
	at java.base/java.util.concurrent.ForkJoinTask.doExec(ForkJoinTask.java:387)
	at java.base/java.util.concurrent.ForkJoinPool$WorkQueue.topLevelExec(ForkJoinPool.java:1312)
	at java.base/java.util.concurrent.ForkJoinPool.scan(ForkJoinPool.java:1843)
	at java.base/java.util.concurrent.ForkJoinPool.runWorker(ForkJoinPool.java:1808)
	at java.base/java.util.concurrent.ForkJoinWorkerThread.run(ForkJoinWorkerThread.java:188)
    23:48:52.059 | 463 ool-1-worker-227 | DEBUG | .c.s.m.InstanceMessageReceiveService : Received schedule participant score for exercise 3258 and participant 773 (result to be deleted: null)
    23:48:52.059 | 463 ool-1-worker-227 | DEBUG | .a.s.ParticipantScoreScheduleService : Scheduled task for exercise 3258 and participant 773 at 2025-02-14T23:48:52.159701235Z[Etc/UTC].
    23:48:52.060 | 463 ool-1-worker-227 | DEBUG | .a.a.p.s.ProgrammingMessagingService : Send result to client over websocket. Result: Result{id798, completionDate=2025-02-14T23:48:52.035048200Z, successful=false, score=0.0, rated=true, assessmentType=AUTOMATIC, hasComplaint=null, testCaseCount=0, passedTestCaseCount=0, codeIssueCount=0}, Submission: ProgrammingSubmission{commitHash='9b3a9bd71a0d80e5bbc42204c319ed3d1d4f0d6d', buildFailed=true, buildArtifact=false, type=MANUAL}, Participation: ProgrammingExerciseStudentParticipation{id=4093, repositoryUri='https://version-control.fake.fake/git/SHORTA9CD9E81032AF048670AA1E019AA9E39CBE8TSTEXC/shorta9cd9e81032af048670aa1e019aa9e39cbe8tstexc-progsubresgitlabjenstudent1.git', buildPlanId='SHORTA9CD9E81032AF048670AA1E019AA9E39CBE8TSTEXC-PROGSUBRESGITLABJENSTUDENT1', initializationState='INITIALIZED', initializationDate='2025-02-14T23:48:52.033437Z', individualDueDate=null', presentationScore=null}
    23:48:52.062 | 463 ool-1-worker-227 | INFO  | d.t.c.a.a.a.w.o.PublicResultResource : The new result for SHORTA9CD9E81032AF048670AA1E019AA9E39CBE8TSTEXC-PROGSUBRESGITLABJENSTUDENT1 was saved successfully
    23:48:52.065 | 463 ool-1-worker-227 | DEBUG | d.t.c.a.a.c.s.f.ApiVersionFilter     : Adding Version to Request GET /api/repository/4093/buildlogs
    23:48:52.066 | 463 ool-1-worker-227 | DEBUG | rammingExerciseParticipationResource : REST request to get build log : 4093

  Starting logs for ProgrammingSubmissionAndResultGitlabJenkinsIntegrationTest > shouldSaveBuildLogsOnStudentParticipationWithoutSubmissionNorResult(ProgrammingLanguage, boolean) [30] programmingLanguage=SWIFT, enableStaticCodeAnalysis=false
    23:48:52.079 | 463 ool-1-worker-227 | DEBUG | d.t.c.a.a.c.u.util.UserUtilService   : Generate 3 students...
    23:48:52.083 | 463 ool-1-worker-227 | DEBUG | d.t.c.a.a.c.u.util.UserUtilService   : 3 students generated. Generate 2 tutors...
    23:48:52.086 | 463 ool-1-worker-227 | DEBUG | d.t.c.a.a.c.u.util.UserUtilService   : 2 tutors generated. Generate 0 editors...
    23:48:52.087 | 463 ool-1-worker-227 | DEBUG | d.t.c.a.a.c.u.util.UserUtilService   : 0 editors generated. Generate 2 instructors...
    23:48:52.090 | 463 ool-1-worker-227 | DEBUG | d.t.c.a.a.c.u.util.UserUtilService   : 2 instructors generated
    23:48:52.091 | 463 ool-1-worker-227 | DEBUG | d.t.c.a.a.c.u.util.UserUtilService   : Removing 7 users from all courses...
    23:48:52.092 | 463 ool-1-worker-227 | DEBUG | d.t.c.a.a.c.u.util.UserUtilService   : Removing 7 users from all courses. Done
    23:48:52.092 | 463 ool-1-worker-227 | DEBUG | d.t.c.a.a.c.u.util.UserUtilService   : Save 7 users to database...
    23:48:52.095 | 463 ool-1-worker-227 | DEBUG | d.t.c.a.a.c.u.util.UserUtilService   : Save 7 users to database. Done
    23:48:52.108 | 463 ool-1-worker-227 | DEBUG | PersonalAccessTokenManagementService : Generate secure vcs access token
    23:48:52.111 | 463 ool-1-worker-227 | DEBUG | PersonalAccessTokenManagementService : Generate secure vcs access token
    23:48:52.113 | 463 ool-1-worker-227 | INFO  | i.z.t.d.l.EmbeddedDatabaseReporter   : JDBC URL to connect to 'dataSource': url='jdbc:h2:tcp://localhost:41063/mem:736625c0-cf5e-400d-aeaa-8a7eabd6262b;USER=sa', scope='ProgrammingSubmissionAndResultGitlabJenkinsIntegrationTest#shouldSaveBuildLogsOnStudentParticipationWithoutSubmissionNorResult'
    23:48:52.124 | 463 ool-1-worker-227 | DEBUG | PersonalAccessTokenManagementService : Generate secure vcs access token
    23:48:52.127 | 463 ool-1-worker-227 | DEBUG | d.t.c.a.a.c.s.f.ApiVersionFilter     : Adding Version to Request POST /api/public/programming-exercises/new-result
    23:48:52.128 | 463 ool-1-worker-227 | DEBUG | d.t.c.a.a.a.w.o.PublicResultResource : Received result notify (NEW)
    23:48:52.129 | 463 ool-1-worker-227 | INFO  | d.t.c.a.a.a.w.o.PublicResultResource : Artemis received a new result for build plan SHORT0FEA7CFD0977B04202095FD0D12F2C9999BFTSTEXC-PROGSUBRESGITLABJENSTUDENT1
    23:48:52.131 | 463 ool-1-worker-227 | DEBUG | .s.ProgrammingExerciseGradingService : Received new build result (NEW) for participation 4100
    23:48:52.133 | 463 ool-1-worker-227 | WARN  | .s.ProgrammingExerciseGradingService : Could not find pending ProgrammingSubmission for Commit Hash 9b3a9bd71a0d80e5bbc42204c319ed3d1d4f0d6d (Participation 4100, Build Plan SHORT0FEA7CFD0977B04202095FD0D12F2C9999BFTSTEXC-PROGSUBRESGITLABJENSTUDENT1). Will create a new one subsequently...
    23:48:52.134 | 463 ool-1-worker-227 | ERROR | .s.ProgrammingExerciseGradingService : Could not retrieve push date for participation 4100 and build plan SHORT0FEA7CFD0977B04202095FD0D12F2C9999BFTSTEXC-PROGSUBRESGITLABJENSTUDENT1
de.tum.cit.aet.artemis.programming.service.gitlab.GitLabException: Could not find build queue date for participation 4100
	at de.tum.cit.aet.artemis.programming.service.gitlab.GitLabService.getPushDate(GitLabService.java:369)
	at de.tum.cit.aet.artemis.programming.service.gitlab.GitLabService.getPushDate(GitLabService.java:358)
	at de.tum.cit.aet.artemis.programming.service.ProgrammingExerciseGradingService.createAndSaveFallbackSubmission(ProgrammingExerciseGradingService.java:286)
	at de.tum.cit.aet.artemis.programming.service.ProgrammingExerciseGradingService.createAndSaveFallbackSubmission(ProgrammingExerciseGradingService.java:272)
	at de.tum.cit.aet.artemis.programming.service.ProgrammingExerciseGradingService.lambda$processNewProgrammingExerciseResult$0(ProgrammingExerciseGradingService.java:177)
	at java.base/java.util.Optional.orElseGet(Optional.java:364)
	at de.tum.cit.aet.artemis.programming.service.ProgrammingExerciseGradingService.processNewProgrammingExerciseResult(ProgrammingExerciseGradingService.java:177)
	at de.tum.cit.aet.artemis.programming.service.ProgrammingExerciseGradingService.processNewProgrammingExerciseResult(ProgrammingExerciseGradingService.java:156)
	at de.tum.cit.aet.artemis.assessment.web.open.PublicResultResource.processNewProgrammingExerciseResult(PublicResultResource.java:113)
	at java.base/jdk.internal.reflect.DirectMethodHandleAccessor.invoke(DirectMethodHandleAccessor.java:103)
	at java.base/java.lang.reflect.Method.invoke(Method.java:580)
	at org.springframework.aop.support.AopUtils.invokeJoinpointUsingReflection(AopUtils.java:359)
	at org.springframework.aop.framework.ReflectiveMethodInvocation.invokeJoinpoint(ReflectiveMethodInvocation.java:196)
	at org.springframework.aop.framework.ReflectiveMethodInvocation.proceed(ReflectiveMethodInvocation.java:163)
	at org.springframework.security.authorization.method.AuthorizationManagerBeforeMethodInterceptor.proceed(AuthorizationManagerBeforeMethodInterceptor.java:268)
	at org.springframework.security.authorization.method.AuthorizationManagerBeforeMethodInterceptor.attemptAuthorization(AuthorizationManagerBeforeMethodInterceptor.java:263)
	at org.springframework.security.authorization.method.AuthorizationManagerBeforeMethodInterceptor.invoke(AuthorizationManagerBeforeMethodInterceptor.java:196)
	at org.springframework.security.config.annotation.method.configuration.DeferringMethodInterceptor.invoke(DeferringMethodInterceptor.java:44)
	at org.springframework.aop.framework.ReflectiveMethodInvocation.proceed(ReflectiveMethodInvocation.java:184)
	at org.springframework.aop.framework.CglibAopProxy$DynamicAdvisedInterceptor.intercept(CglibAopProxy.java:727)
	at de.tum.cit.aet.artemis.assessment.web.open.PublicResultResource$$SpringCGLIB$$0.processNewProgrammingExerciseResult(<generated>)
	at java.base/jdk.internal.reflect.DirectMethodHandleAccessor.invoke(DirectMethodHandleAccessor.java:103)
	at java.base/java.lang.reflect.Method.invoke(Method.java:580)
	at org.springframework.web.method.support.InvocableHandlerMethod.doInvoke(InvocableHandlerMethod.java:257)
	at org.springframework.web.method.support.InvocableHandlerMethod.invokeForRequest(InvocableHandlerMethod.java:190)
	at org.springframework.web.servlet.mvc.method.annotation.ServletInvocableHandlerMethod.invokeAndHandle(ServletInvocableHandlerMethod.java:118)
	at org.springframework.web.servlet.mvc.method.annotation.RequestMappingHandlerAdapter.invokeHandlerMethod(RequestMappingHandlerAdapter.java:986)
	at org.springframework.web.servlet.mvc.method.annotation.RequestMappingHandlerAdapter.handleInternal(RequestMappingHandlerAdapter.java:891)
	at org.springframework.web.servlet.mvc.method.AbstractHandlerMethodAdapter.handle(AbstractHandlerMethodAdapter.java:87)
	at org.springframework.web.servlet.DispatcherServlet.doDispatch(DispatcherServlet.java:1088)
	at org.springframework.web.servlet.DispatcherServlet.doService(DispatcherServlet.java:978)
	at org.springframework.web.servlet.FrameworkServlet.processRequest(FrameworkServlet.java:1014)
	at org.springframework.web.servlet.FrameworkServlet.doPost(FrameworkServlet.java:914)
	at jakarta.servlet.http.HttpServlet.service(HttpServlet.java:547)
	at org.springframework.web.servlet.FrameworkServlet.service(FrameworkServlet.java:885)
	at org.springframework.test.web.servlet.TestDispatcherServlet.service(TestDispatcherServlet.java:72)
	at jakarta.servlet.http.HttpServlet.service(HttpServlet.java:614)
	at org.springframework.mock.web.MockFilterChain$ServletFilterProxy.doFilter(MockFilterChain.java:165)
	at org.springframework.mock.web.MockFilterChain.doFilter(MockFilterChain.java:132)
	at org.springframework.web.filter.OncePerRequestFilter.doFilter(OncePerRequestFilter.java:110)
	at org.springframework.test.web.servlet.setup.MockMvcFilterDecorator.doFilter(MockMvcFilterDecorator.java:162)
	at org.springframework.mock.web.MockFilterChain.doFilter(MockFilterChain.java:132)
	at de.tum.cit.aet.artemis.core.security.filter.ApiVersionFilter.doFilter(ApiVersionFilter.java:55)
	at org.springframework.test.web.servlet.setup.MockMvcFilterDecorator.doFilter(MockMvcFilterDecorator.java:162)
	at org.springframework.mock.web.MockFilterChain.doFilter(MockFilterChain.java:132)
	at io.sentry.spring.jakarta.SentryUserFilter.doFilterInternal(SentryUserFilter.java:56)
	at org.springframework.web.filter.OncePerRequestFilter.doFilter(OncePerRequestFilter.java:116)
	at org.springframework.test.web.servlet.setup.MockMvcFilterDecorator.doFilter(MockMvcFilterDecorator.java:162)
	at org.springframework.mock.web.MockFilterChain.doFilter(MockFilterChain.java:132)
	at org.springframework.web.filter.CompositeFilter$VirtualFilterChain.doFilter(CompositeFilter.java:108)
	at org.springframework.security.web.FilterChainProxy.lambda$doFilterInternal$3(FilterChainProxy.java:231)
	at org.springframework.security.web.ObservationFilterChainDecorator$FilterObservation$SimpleFilterObservation.lambda$wrap$1(ObservationFilterChainDecorator.java:479)
	at org.springframework.security.web.ObservationFilterChainDecorator$AroundFilterObservation$SimpleAroundFilterObservation.lambda$wrap$1(ObservationFilterChainDecorator.java:340)
	at org.springframework.security.web.ObservationFilterChainDecorator.lambda$wrapSecured$0(ObservationFilterChainDecorator.java:82)
	at org.springframework.security.web.ObservationFilterChainDecorator$VirtualFilterChain.doFilter(ObservationFilterChainDecorator.java:128)
	at org.springframework.security.web.access.intercept.AuthorizationFilter.doFilter(AuthorizationFilter.java:101)
	at org.springframework.security.web.ObservationFilterChainDecorator$ObservationFilter.wrapFilter(ObservationFilterChainDecorator.java:240)
	at org.springframework.security.web.ObservationFilterChainDecorator$ObservationFilter.doFilter(ObservationFilterChainDecorator.java:227)
	at org.springframework.security.web.ObservationFilterChainDecorator$VirtualFilterChain.doFilter(ObservationFilterChainDecorator.java:137)
	at org.springframework.security.web.access.ExceptionTranslationFilter.doFilter(ExceptionTranslationFilter.java:126)
	at org.springframework.security.web.access.ExceptionTranslationFilter.doFilter(ExceptionTranslationFilter.java:120)
	at org.springframework.security.web.ObservationFilterChainDecorator$ObservationFilter.wrapFilter(ObservationFilterChainDecorator.java:240)
	at org.springframework.security.web.ObservationFilterChainDecorator$ObservationFilter.doFilter(ObservationFilterChainDecorator.java:227)
	at org.springframework.security.web.ObservationFilterChainDecorator$VirtualFilterChain.doFilter(ObservationFilterChainDecorator.java:137)
	at org.springframework.security.web.session.SessionManagementFilter.doFilter(SessionManagementFilter.java:131)
	at org.springframework.security.web.session.SessionManagementFilter.doFilter(SessionManagementFilter.java:85)
	at org.springframework.security.web.ObservationFilterChainDecorator$ObservationFilter.wrapFilter(ObservationFilterChainDecorator.java:240)
	at org.springframework.security.web.ObservationFilterChainDecorator$ObservationFilter.doFilter(ObservationFilterChainDecorator.java:227)
	at org.springframework.security.web.ObservationFilterChainDecorator$VirtualFilterChain.doFilter(ObservationFilterChainDecorator.java:137)
	at org.springframework.security.web.authentication.AnonymousAuthenticationFilter.doFilter(AnonymousAuthenticationFilter.java:100)
	at org.springframework.security.web.ObservationFilterChainDecorator$ObservationFilter.wrapFilter(ObservationFilterChainDecorator.java:240)
	at org.springframework.security.web.ObservationFilterChainDecorator$ObservationFilter.doFilter(ObservationFilterChainDecorator.java:227)
	at org.springframework.security.web.ObservationFilterChainDecorator$VirtualFilterChain.doFilter(ObservationFilterChainDecorator.java:137)
	at org.springframework.security.web.servletapi.SecurityContextHolderAwareRequestFilter.doFilter(SecurityContextHolderAwareRequestFilter.java:179)
	at org.springframework.security.web.ObservationFilterChainDecorator$ObservationFilter.wrapFilter(ObservationFilterChainDecorator.java:240)
	at org.springframework.security.web.ObservationFilterChainDecorator$ObservationFilter.doFilter(ObservationFilterChainDecorator.java:227)
	at org.springframework.security.web.ObservationFilterChainDecorator$VirtualFilterChain.doFilter(ObservationFilterChainDecorator.java:137)
	at org.springframework.security.web.savedrequest.RequestCacheAwareFilter.doFilter(RequestCacheAwareFilter.java:63)
	at org.springframework.security.web.ObservationFilterChainDecorator$ObservationFilter.wrapFilter(ObservationFilterChainDecorator.java:240)
	at org.springframework.security.web.ObservationFilterChainDecorator$ObservationFilter.doFilter(ObservationFilterChainDecorator.java:227)
	at org.springframework.security.web.ObservationFilterChainDecorator$VirtualFilterChain.doFilter(ObservationFilterChainDecorator.java:137)
	at de.tum.cit.aet.artemis.core.security.filter.SpaWebFilter.doFilterInternal(SpaWebFilter.java:23)
	at org.springframework.web.filter.OncePerRequestFilter.doFilter(OncePerRequestFilter.java:116)
	at org.springframework.security.web.ObservationFilterChainDecorator$ObservationFilter.wrapFilter(ObservationFilterChainDecorator.java:240)
	at org.springframework.security.web.ObservationFilterChainDecorator$ObservationFilter.doFilter(ObservationFilterChainDecorator.java:227)
	at org.springframework.security.web.ObservationFilterChainDecorator$VirtualFilterChain.doFilter(ObservationFilterChainDecorator.java:137)
	at org.springframework.web.filter.OncePerRequestFilter.doFilter(OncePerRequestFilter.java:110)
	at org.springframework.security.web.ObservationFilterChainDecorator$ObservationFilter.wrapFilter(ObservationFilterChainDecorator.java:240)
	at org.springframework.security.web.ObservationFilterChainDecorator$ObservationFilter.doFilter(ObservationFilterChainDecorator.java:227)
	at org.springframework.security.web.ObservationFilterChainDecorator$VirtualFilterChain.doFilter(ObservationFilterChainDecorator.java:137)
	at de.tum.cit.aet.artemis.lti.config.Lti13LaunchFilter.doFilterInternal(Lti13LaunchFilter.java:60)
	at org.springframework.web.filter.OncePerRequestFilter.doFilter(OncePerRequestFilter.java:116)
	at org.springframework.security.web.ObservationFilterChainDecorator$ObservationFilter.wrapFilter(ObservationFilterChainDecorator.java:240)
	at org.springframework.security.web.ObservationFilterChainDecorator$ObservationFilter.doFilter(ObservationFilterChainDecorator.java:227)
	at org.springframework.security.web.ObservationFilterChainDecorator$VirtualFilterChain.doFilter(ObservationFilterChainDecorator.java:137)
	at de.tum.cit.aet.artemis.core.security.jwt.JWTFilter.doFilter(JWTFilter.java:55)
	at org.springframework.security.web.ObservationFilterChainDecorator$ObservationFilter.wrapFilter(ObservationFilterChainDecorator.java:240)
	at org.springframework.security.web.ObservationFilterChainDecorator$ObservationFilter.doFilter(ObservationFilterChainDecorator.java:227)
	at org.springframework.security.web.ObservationFilterChainDecorator$VirtualFilterChain.doFilter(ObservationFilterChainDecorator.java:137)
	at de.tum.cit.aet.artemis.core.security.jwt.JWTFilter.doFilter(JWTFilter.java:55)
	at org.springframework.security.web.ObservationFilterChainDecorator$ObservationFilter.wrapFilter(ObservationFilterChainDecorator.java:240)
	at org.springframework.security.web.ObservationFilterChainDecorator$ObservationFilter.doFilter(ObservationFilterChainDecorator.java:227)
	at org.springframework.security.web.ObservationFilterChainDecorator$VirtualFilterChain.doFilter(ObservationFilterChainDecorator.java:137)
	at org.springframework.web.filter.CorsFilter.doFilterInternal(CorsFilter.java:91)
	at org.springframework.web.filter.OncePerRequestFilter.doFilter(OncePerRequestFilter.java:116)
	at org.springframework.security.web.ObservationFilterChainDecorator$ObservationFilter.wrapFilter(ObservationFilterChainDecorator.java:240)
	at org.springframework.security.web.ObservationFilterChainDecorator$ObservationFilter.doFilter(ObservationFilterChainDecorator.java:227)
	at org.springframework.security.web.ObservationFilterChainDecorator$VirtualFilterChain.doFilter(ObservationFilterChainDecorator.java:137)
	at org.springframework.web.filter.OncePerRequestFilter.doFilter(OncePerRequestFilter.java:110)
	at org.springframework.security.web.ObservationFilterChainDecorator$ObservationFilter.wrapFilter(ObservationFilterChainDecorator.java:240)
	at org.springframework.security.web.ObservationFilterChainDecorator$ObservationFilter.doFilter(ObservationFilterChainDecorator.java:227)
	at org.springframework.security.web.ObservationFilterChainDecorator$VirtualFilterChain.doFilter(ObservationFilterChainDecorator.java:137)
	at uk.ac.ox.ctl.lti13.security.oauth2.client.lti.web.OAuth2AuthorizationRequestRedirectFilter.doFilterInternal(OAuth2AuthorizationRequestRedirectFilter.java:142)
	at org.springframework.web.filter.OncePerRequestFilter.doFilter(OncePerRequestFilter.java:116)
	at org.springframework.security.web.ObservationFilterChainDecorator$ObservationFilter.wrapFilter(ObservationFilterChainDecorator.java:240)
	at org.springframework.security.web.ObservationFilterChainDecorator$ObservationFilter.doFilter(ObservationFilterChainDecorator.java:227)
	at org.springframework.security.web.ObservationFilterChainDecorator$VirtualFilterChain.doFilter(ObservationFilterChainDecorator.java:137)
	at org.springframework.security.web.authentication.logout.LogoutFilter.doFilter(LogoutFilter.java:107)
	at org.springframework.security.web.authentication.logout.LogoutFilter.doFilter(LogoutFilter.java:93)
	at org.springframework.security.web.ObservationFilterChainDecorator$ObservationFilter.wrapFilter(ObservationFilterChainDecorator.java:240)
	at org.springframework.security.web.ObservationFilterChainDecorator$ObservationFilter.doFilter(ObservationFilterChainDecorator.java:227)
	at org.springframework.security.web.ObservationFilterChainDecorator$VirtualFilterChain.doFilter(ObservationFilterChainDecorator.java:137)
	at org.springframework.security.web.header.HeaderWriterFilter.doHeadersAfter(HeaderWriterFilter.java:90)
	at org.springframework.security.web.header.HeaderWriterFilter.doFilterInternal(HeaderWriterFilter.java:75)
	at org.springframework.web.filter.OncePerRequestFilter.doFilter(OncePerRequestFilter.java:116)
	at org.springframework.security.web.ObservationFilterChainDecorator$ObservationFilter.wrapFilter(ObservationFilterChainDecorator.java:240)
	at org.springframework.security.web.ObservationFilterChainDecorator$ObservationFilter.doFilter(ObservationFilterChainDecorator.java:227)
	at org.springframework.security.web.ObservationFilterChainDecorator$VirtualFilterChain.doFilter(ObservationFilterChainDecorator.java:137)
	at org.springframework.security.web.context.SecurityContextHolderFilter.doFilter(SecurityContextHolderFilter.java:82)
	at org.springframework.security.web.context.SecurityContextHolderFilter.doFilter(SecurityContextHolderFilter.java:69)
	at org.springframework.security.web.ObservationFilterChainDecorator$ObservationFilter.wrapFilter(ObservationFilterChainDecorator.java:240)
	at org.springframework.security.web.ObservationFilterChainDecorator$ObservationFilter.doFilter(ObservationFilterChainDecorator.java:227)
	at org.springframework.security.web.ObservationFilterChainDecorator$VirtualFilterChain.doFilter(ObservationFilterChainDecorator.java:137)
	at org.springframework.security.web.context.request.async.WebAsyncManagerIntegrationFilter.doFilterInternal(WebAsyncManagerIntegrationFilter.java:62)
	at org.springframework.web.filter.OncePerRequestFilter.doFilter(OncePerRequestFilter.java:116)
	at org.springframework.security.web.ObservationFilterChainDecorator$ObservationFilter.wrapFilter(ObservationFilterChainDecorator.java:240)
	at org.springframework.security.web.ObservationFilterChainDecorator$ObservationFilter.doFilter(ObservationFilterChainDecorator.java:227)
	at org.springframework.security.web.ObservationFilterChainDecorator$VirtualFilterChain.doFilter(ObservationFilterChainDecorator.java:137)
	at org.springframework.security.web.session.DisableEncodeUrlFilter.doFilterInternal(DisableEncodeUrlFilter.java:42)
	at org.springframework.web.filter.OncePerRequestFilter.doFilter(OncePerRequestFilter.java:116)
	at org.springframework.security.web.ObservationFilterChainDecorator$ObservationFilter.wrapFilter(ObservationFilterChainDecorator.java:240)
	at org.springframework.security.web.ObservationFilterChainDecorator$AroundFilterObservation$SimpleAroundFilterObservation.lambda$wrap$0(ObservationFilterChainDecorator.java:323)
	at org.springframework.security.web.ObservationFilterChainDecorator$ObservationFilter.doFilter(ObservationFilterChainDecorator.java:224)
	at org.springframework.security.web.ObservationFilterChainDecorator$VirtualFilterChain.doFilter(ObservationFilterChainDecorator.java:137)
	at org.springframework.security.web.FilterChainProxy.doFilterInternal(FilterChainProxy.java:233)
	at org.springframework.security.web.FilterChainProxy.doFilter(FilterChainProxy.java:191)
	at org.springframework.web.filter.CompositeFilter$VirtualFilterChain.doFilter(CompositeFilter.java:113)
	at org.springframework.web.servlet.handler.HandlerMappingIntrospector.lambda$createCacheFilter$3(HandlerMappingIntrospector.java:243)
	at org.springframework.web.filter.CompositeFilter$VirtualFilterChain.doFilter(CompositeFilter.java:113)
	at org.springframework.web.filter.CompositeFilter.doFilter(CompositeFilter.java:74)
	at org.springframework.security.config.annotation.web.configuration.WebMvcSecurityConfiguration$CompositeFilterChainProxy.doFilter(WebMvcSecurityConfiguration.java:238)
	at org.springframework.web.filter.DelegatingFilterProxy.invokeDelegate(DelegatingFilterProxy.java:362)
	at org.springframework.web.filter.DelegatingFilterProxy.doFilter(DelegatingFilterProxy.java:278)
	at org.springframework.test.web.servlet.setup.MockMvcFilterDecorator.doFilter(MockMvcFilterDecorator.java:162)
	at org.springframework.mock.web.MockFilterChain.doFilter(MockFilterChain.java:132)
	at org.springframework.web.filter.RequestContextFilter.doFilterInternal(RequestContextFilter.java:100)
	at org.springframework.web.filter.OncePerRequestFilter.doFilter(OncePerRequestFilter.java:116)
	at org.springframework.test.web.servlet.setup.MockMvcFilterDecorator.doFilter(MockMvcFilterDecorator.java:162)
	at org.springframework.mock.web.MockFilterChain.doFilter(MockFilterChain.java:132)
	at org.springframework.web.filter.FormContentFilter.doFilterInternal(FormContentFilter.java:93)
	at org.springframework.web.filter.OncePerRequestFilter.doFilter(OncePerRequestFilter.java:116)
	at org.springframework.test.web.servlet.setup.MockMvcFilterDecorator.doFilter(MockMvcFilterDecorator.java:162)
	at org.springframework.mock.web.MockFilterChain.doFilter(MockFilterChain.java:132)
	at org.springframework.web.filter.ServerHttpObservationFilter.doFilterInternal(ServerHttpObservationFilter.java:114)
	at org.springframework.web.filter.OncePerRequestFilter.doFilter(OncePerRequestFilter.java:116)
	at org.springframework.test.web.servlet.setup.MockMvcFilterDecorator.doFilter(MockMvcFilterDecorator.java:162)
	at org.springframework.mock.web.MockFilterChain.doFilter(MockFilterChain.java:132)
	at io.sentry.spring.jakarta.tracing.SentryTracingFilter.doFilterInternal(SentryTracingFilter.java:91)
	at org.springframework.web.filter.OncePerRequestFilter.doFilter(OncePerRequestFilter.java:116)
	at org.springframework.test.web.servlet.setup.MockMvcFilterDecorator.doFilter(MockMvcFilterDecorator.java:162)
	at org.springframework.mock.web.MockFilterChain.doFilter(MockFilterChain.java:132)
	at org.springframework.web.filter.CharacterEncodingFilter.doFilterInternal(CharacterEncodingFilter.java:201)
	at org.springframework.web.filter.OncePerRequestFilter.doFilter(OncePerRequestFilter.java:116)
	at org.springframework.test.web.servlet.setup.MockMvcFilterDecorator.doFilter(MockMvcFilterDecorator.java:162)
	at org.springframework.mock.web.MockFilterChain.doFilter(MockFilterChain.java:132)
	at io.sentry.spring.jakarta.SentrySpringFilter.doFilterInternal(SentrySpringFilter.java:76)
	at org.springframework.web.filter.OncePerRequestFilter.doFilter(OncePerRequestFilter.java:116)
	at org.springframework.test.web.servlet.setup.MockMvcFilterDecorator.doFilter(MockMvcFilterDecorator.java:162)
	at org.springframework.mock.web.MockFilterChain.doFilter(MockFilterChain.java:132)
	at org.springframework.test.web.servlet.MockMvc.perform(MockMvc.java:201)
	at de.tum.cit.aet.artemis.core.util.RequestUtilService.performMvcRequest(RequestUtilService.java:79)
	at de.tum.cit.aet.artemis.core.util.RequestUtilService.postWithoutLocation(RequestUtilService.java:213)
	at de.tum.cit.aet.artemis.core.util.RequestUtilService.postWithoutLocation(RequestUtilService.java:199)
	at de.tum.cit.aet.artemis.programming.ProgrammingSubmissionAndResultGitlabJenkinsIntegrationTest.postResult(ProgrammingSubmissionAndResultGitlabJenkinsIntegrationTest.java:413)
	at de.tum.cit.aet.artemis.programming.ProgrammingSubmissionAndResultGitlabJenkinsIntegrationTest.shouldSaveBuildLogsOnStudentParticipationWithoutSubmissionNorResult(ProgrammingSubmissionAndResultGitlabJenkinsIntegrationTest.java:338)
	at java.base/jdk.internal.reflect.DirectMethodHandleAccessor.invoke(DirectMethodHandleAccessor.java:103)
	at java.base/java.lang.reflect.Method.invoke(Method.java:580)
	at org.junit.platform.commons.util.ReflectionUtils.invokeMethod(ReflectionUtils.java:767)
	at org.junit.jupiter.engine.execution.MethodInvocation.proceed(MethodInvocation.java:60)
	at org.junit.jupiter.engine.execution.InvocationInterceptorChain$ValidatingInvocation.proceed(InvocationInterceptorChain.java:131)
	at org.junit.jupiter.engine.extension.TimeoutExtension.intercept(TimeoutExtension.java:156)
	at org.junit.jupiter.engine.extension.TimeoutExtension.interceptTestableMethod(TimeoutExtension.java:147)
	at org.junit.jupiter.engine.extension.TimeoutExtension.interceptTestTemplateMethod(TimeoutExtension.java:94)
	at org.junit.jupiter.engine.execution.InterceptingExecutableInvoker$ReflectiveInterceptorCall.lambda$ofVoidMethod$0(InterceptingExecutableInvoker.java:103)
	at org.junit.jupiter.engine.execution.InterceptingExecutableInvoker.lambda$invoke$0(InterceptingExecutableInvoker.java:93)
	at org.junit.jupiter.engine.execution.InvocationInterceptorChain$InterceptedInvocation.proceed(InvocationInterceptorChain.java:106)
	at org.junit.jupiter.engine.execution.InvocationInterceptorChain.proceed(InvocationInterceptorChain.java:64)
	at org.junit.jupiter.engine.execution.InvocationInterceptorChain.chainAndInvoke(InvocationInterceptorChain.java:45)
	at org.junit.jupiter.engine.execution.InvocationInterceptorChain.invoke(InvocationInterceptorChain.java:37)
	at org.junit.jupiter.engine.execution.InterceptingExecutableInvoker.invoke(InterceptingExecutableInvoker.java:92)
	at org.junit.jupiter.engine.execution.InterceptingExecutableInvoker.invoke(InterceptingExecutableInvoker.java:86)
	at org.junit.jupiter.engine.descriptor.TestMethodTestDescriptor.lambda$invokeTestMethod$8(TestMethodTestDescriptor.java:217)
	at org.junit.platform.engine.support.hierarchical.ThrowableCollector.execute(ThrowableCollector.java:73)
	at org.junit.jupiter.engine.descriptor.TestMethodTestDescriptor.invokeTestMethod(TestMethodTestDescriptor.java:213)
	at org.junit.jupiter.engine.descriptor.TestMethodTestDescriptor.execute(TestMethodTestDescriptor.java:138)
	at org.junit.jupiter.engine.descriptor.TestMethodTestDescriptor.execute(TestMethodTestDescriptor.java:68)
	at org.junit.platform.engine.support.hierarchical.NodeTestTask.lambda$executeRecursively$6(NodeTestTask.java:156)
	at org.junit.platform.engine.support.hierarchical.ThrowableCollector.execute(ThrowableCollector.java:73)
	at org.junit.platform.engine.support.hierarchical.NodeTestTask.lambda$executeRecursively$8(NodeTestTask.java:146)
	at org.junit.platform.engine.support.hierarchical.Node.around(Node.java:137)
	at org.junit.platform.engine.support.hierarchical.NodeTestTask.lambda$executeRecursively$9(NodeTestTask.java:144)
	at org.junit.platform.engine.support.hierarchical.ThrowableCollector.execute(ThrowableCollector.java:73)
	at org.junit.platform.engine.support.hierarchical.NodeTestTask.executeRecursively(NodeTestTask.java:143)
	at org.junit.platform.engine.support.hierarchical.NodeTestTask.execute(NodeTestTask.java:100)
	at org.junit.platform.engine.support.hierarchical.ForkJoinPoolHierarchicalTestExecutorService$ExclusiveTask.exec(ForkJoinPoolHierarchicalTestExecutorService.java:274)
	at org.junit.platform.engine.support.hierarchical.ForkJoinPoolHierarchicalTestExecutorService$ExclusiveTask.execSync(ForkJoinPoolHierarchicalTestExecutorService.java:247)
	at org.junit.platform.engine.support.hierarchical.ForkJoinPoolHierarchicalTestExecutorService.submit(ForkJoinPoolHierarchicalTestExecutorService.java:148)
	at org.junit.platform.engine.support.hierarchical.NodeTestTask$DefaultDynamicTestExecutor.execute(NodeTestTask.java:231)
	at org.junit.platform.engine.support.hierarchical.NodeTestTask$DefaultDynamicTestExecutor.execute(NodeTestTask.java:209)
	at org.junit.jupiter.engine.descriptor.TestTemplateTestDescriptor.execute(TestTemplateTestDescriptor.java:141)
	at org.junit.jupiter.engine.descriptor.TestTemplateTestDescriptor.lambda$execute$3(TestTemplateTestDescriptor.java:109)
	at java.base/java.util.stream.ForEachOps$ForEachOp$OfRef.accept(ForEachOps.java:184)
	at java.base/java.util.stream.ReferencePipeline$3$1.accept(ReferencePipeline.java:197)
	at java.base/java.util.stream.ReferencePipeline$2$1.accept(ReferencePipeline.java:179)
	at java.base/java.util.stream.ReferencePipeline$3$1.accept(ReferencePipeline.java:197)
	at java.base/java.util.stream.ForEachOps$ForEachOp$OfRef.accept(ForEachOps.java:184)
	at java.base/java.util.stream.ReferencePipeline$3$1.accept(ReferencePipeline.java:197)
	at java.base/java.util.stream.ForEachOps$ForEachOp$OfRef.accept(ForEachOps.java:184)
	at java.base/java.util.stream.ForEachOps$ForEachOp$OfRef.accept(ForEachOps.java:184)
	at java.base/java.util.stream.ReferencePipeline$3$1.accept(ReferencePipeline.java:197)
	at java.base/java.util.stream.ForEachOps$ForEachOp$OfRef.accept(ForEachOps.java:184)
	at java.base/java.util.Spliterators$ArraySpliterator.forEachRemaining(Spliterators.java:1024)
	at java.base/java.util.stream.ReferencePipeline$Head.forEach(ReferencePipeline.java:762)
	at java.base/java.util.stream.ReferencePipeline$7$1.accept(ReferencePipeline.java:276)
	at java.base/java.util.Iterator.forEachRemaining(Iterator.java:133)
	at java.base/java.util.Spliterators$IteratorSpliterator.forEachRemaining(Spliterators.java:1939)
	at java.base/java.util.stream.AbstractPipeline.copyInto(AbstractPipeline.java:509)
	at java.base/java.util.stream.AbstractPipeline.wrapAndCopyInto(AbstractPipeline.java:499)
	at java.base/java.util.stream.ForEachOps$ForEachOp.evaluateSequential(ForEachOps.java:151)
	at java.base/java.util.stream.ForEachOps$ForEachOp$OfRef.evaluateSequential(ForEachOps.java:174)
	at java.base/java.util.stream.AbstractPipeline.evaluate(AbstractPipeline.java:234)
	at java.base/java.util.stream.ReferencePipeline.forEach(ReferencePipeline.java:596)
	at java.base/java.util.stream.ReferencePipeline$7$1.accept(ReferencePipeline.java:276)
	at java.base/java.util.stream.ReferencePipeline$3$1.accept(ReferencePipeline.java:197)
	at java.base/java.util.stream.ReferencePipeline$3$1.accept(ReferencePipeline.java:197)
	at java.base/java.util.stream.ReferencePipeline$3$1.accept(ReferencePipeline.java:197)
	at java.base/java.util.Spliterators$ArraySpliterator.forEachRemaining(Spliterators.java:1024)
	at java.base/java.util.stream.AbstractPipeline.copyInto(AbstractPipeline.java:509)
	at java.base/java.util.stream.AbstractPipeline.wrapAndCopyInto(AbstractPipeline.java:499)
	at java.base/java.util.stream.ForEachOps$ForEachOp.evaluateSequential(ForEachOps.java:151)
	at java.base/java.util.stream.ForEachOps$ForEachOp$OfRef.evaluateSequential(ForEachOps.java:174)
	at java.base/java.util.stream.AbstractPipeline.evaluate(AbstractPipeline.java:234)
	at java.base/java.util.stream.ReferencePipeline.forEach(ReferencePipeline.java:596)
	at java.base/java.util.stream.ReferencePipeline$7$1.accept(ReferencePipeline.java:276)
	at java.base/java.util.ArrayList$ArrayListSpliterator.forEachRemaining(ArrayList.java:1708)
	at java.base/java.util.stream.AbstractPipeline.copyInto(AbstractPipeline.java:509)
	at java.base/java.util.stream.AbstractPipeline.wrapAndCopyInto(AbstractPipeline.java:499)
	at java.base/java.util.stream.ForEachOps$ForEachOp.evaluateSequential(ForEachOps.java:151)
	at java.base/java.util.stream.ForEachOps$ForEachOp$OfRef.evaluateSequential(ForEachOps.java:174)
	at java.base/java.util.stream.AbstractPipeline.evaluate(AbstractPipeline.java:234)
	at java.base/java.util.stream.ReferencePipeline.forEach(ReferencePipeline.java:596)
	at java.base/java.util.stream.ReferencePipeline$7$1.accept(ReferencePipeline.java:276)
	at java.base/java.util.stream.ReferencePipeline$3$1.accept(ReferencePipeline.java:197)
	at java.base/java.util.stream.ReferencePipeline$3$1.accept(ReferencePipeline.java:197)
	at java.base/java.util.stream.ReferencePipeline$3$1.accept(ReferencePipeline.java:197)
	at java.base/java.util.ArrayList$ArrayListSpliterator.forEachRemaining(ArrayList.java:1708)
	at java.base/java.util.stream.AbstractPipeline.copyInto(AbstractPipeline.java:509)
	at java.base/java.util.stream.AbstractPipeline.wrapAndCopyInto(AbstractPipeline.java:499)
	at java.base/java.util.stream.ForEachOps$ForEachOp.evaluateSequential(ForEachOps.java:151)
	at java.base/java.util.stream.ForEachOps$ForEachOp$OfRef.evaluateSequential(ForEachOps.java:174)
	at java.base/java.util.stream.AbstractPipeline.evaluate(AbstractPipeline.java:234)
	at java.base/java.util.stream.ReferencePipeline.forEach(ReferencePipeline.java:596)
	at java.base/java.util.stream.ReferencePipeline$7$1.accept(ReferencePipeline.java:276)
	at java.base/java.util.ArrayList$ArrayListSpliterator.forEachRemaining(ArrayList.java:1708)
	at java.base/java.util.stream.AbstractPipeline.copyInto(AbstractPipeline.java:509)
	at java.base/java.util.stream.AbstractPipeline.wrapAndCopyInto(AbstractPipeline.java:499)
	at java.base/java.util.stream.ForEachOps$ForEachOp.evaluateSequential(ForEachOps.java:151)
	at java.base/java.util.stream.ForEachOps$ForEachOp$OfRef.evaluateSequential(ForEachOps.java:174)
	at java.base/java.util.stream.AbstractPipeline.evaluate(AbstractPipeline.java:234)
	at java.base/java.util.stream.ReferencePipeline.forEach(ReferencePipeline.java:596)
	at org.junit.jupiter.engine.descriptor.TestTemplateTestDescriptor.execute(TestTemplateTestDescriptor.java:109)
	at org.junit.jupiter.engine.descriptor.TestTemplateTestDescriptor.execute(TestTemplateTestDescriptor.java:43)
	at org.junit.platform.engine.support.hierarchical.NodeTestTask.lambda$executeRecursively$6(NodeTestTask.java:156)
	at org.junit.platform.engine.support.hierarchical.ThrowableCollector.execute(ThrowableCollector.java:73)
	at org.junit.platform.engine.support.hierarchical.NodeTestTask.lambda$executeRecursively$8(NodeTestTask.java:146)
	at org.junit.platform.engine.support.hierarchical.Node.around(Node.java:137)
	at org.junit.platform.engine.support.hierarchical.NodeTestTask.lambda$executeRecursively$9(NodeTestTask.java:144)
	at org.junit.platform.engine.support.hierarchical.ThrowableCollector.execute(ThrowableCollector.java:73)
	at org.junit.platform.engine.support.hierarchical.NodeTestTask.executeRecursively(NodeTestTask.java:143)
	at org.junit.platform.engine.support.hierarchical.NodeTestTask.execute(NodeTestTask.java:100)
	at org.junit.platform.engine.support.hierarchical.ForkJoinPoolHierarchicalTestExecutorService$ExclusiveTask.exec(ForkJoinPoolHierarchicalTestExecutorService.java:274)
	at org.junit.platform.engine.support.hierarchical.ForkJoinPoolHierarchicalTestExecutorService$ExclusiveTask.execSync(ForkJoinPoolHierarchicalTestExecutorService.java:247)
	at org.junit.platform.engine.support.hierarchical.ForkJoinPoolHierarchicalTestExecutorService.executeSync(ForkJoinPoolHierarchicalTestExecutorService.java:194)
	at org.junit.platform.engine.support.hierarchical.ForkJoinPoolHierarchicalTestExecutorService.invokeAll(ForkJoinPoolHierarchicalTestExecutorService.java:166)
	at org.junit.platform.engine.support.hierarchical.NodeTestTask.lambda$executeRecursively$6(NodeTestTask.java:160)
	at org.junit.platform.engine.support.hierarchical.ThrowableCollector.execute(ThrowableCollector.java:73)
	at org.junit.platform.engine.support.hierarchical.NodeTestTask.lambda$executeRecursively$8(NodeTestTask.java:146)
	at org.junit.platform.engine.support.hierarchical.Node.around(Node.java:137)
	at org.junit.platform.engine.support.hierarchical.NodeTestTask.lambda$executeRecursively$9(NodeTestTask.java:144)
	at org.junit.platform.engine.support.hierarchical.ThrowableCollector.execute(ThrowableCollector.java:73)
	at org.junit.platform.engine.support.hierarchical.NodeTestTask.executeRecursively(NodeTestTask.java:143)
	at org.junit.platform.engine.support.hierarchical.NodeTestTask.execute(NodeTestTask.java:100)
	at org.junit.platform.engine.support.hierarchical.ForkJoinPoolHierarchicalTestExecutorService$ExclusiveTask.exec(ForkJoinPoolHierarchicalTestExecutorService.java:274)
	at java.base/java.util.concurrent.ForkJoinTask.doExec(ForkJoinTask.java:387)
	at java.base/java.util.concurrent.ForkJoinPool$WorkQueue.topLevelExec(ForkJoinPool.java:1312)
	at java.base/java.util.concurrent.ForkJoinPool.scan(ForkJoinPool.java:1843)
	at java.base/java.util.concurrent.ForkJoinPool.runWorker(ForkJoinPool.java:1808)
	at java.base/java.util.concurrent.ForkJoinWorkerThread.run(ForkJoinWorkerThread.java:188)
    23:48:52.150 | 463 ool-1-worker-227 | DEBUG | .c.s.m.InstanceMessageReceiveService : Received schedule participant score for exercise 3260 and participant 773 (result to be deleted: null)
    23:48:52.150 | 463 ool-1-worker-227 | DEBUG | .a.s.ParticipantScoreScheduleService : Scheduled task for exercise 3260 and participant 773 at 2025-02-14T23:48:52.250888848Z[Etc/UTC].
    23:48:52.152 | 463 ool-1-worker-227 | DEBUG | .a.a.p.s.ProgrammingMessagingService : Send result to client over websocket. Result: Result{id799, completionDate=2025-02-14T23:48:52.125336200Z, successful=false, score=0.0, rated=true, assessmentType=AUTOMATIC, hasComplaint=null, testCaseCount=0, passedTestCaseCount=0, codeIssueCount=0}, Submission: ProgrammingSubmission{commitHash='9b3a9bd71a0d80e5bbc42204c319ed3d1d4f0d6d', buildFailed=true, buildArtifact=false, type=MANUAL}, Participation: ProgrammingExerciseStudentParticipation{id=4100, repositoryUri='https://version-control.fake.fake/git/SHORT0FEA7CFD0977B04202095FD0D12F2C9999BFTSTEXC/short0fea7cfd0977b04202095fd0d12f2c9999bftstexc-progsubresgitlabjenstudent1.git', buildPlanId='SHORT0FEA7CFD0977B04202095FD0D12F2C9999BFTSTEXC-PROGSUBRESGITLABJENSTUDENT1', initializationState='INITIALIZED', initializationDate='2025-02-14T23:48:52.123708Z', individualDueDate=null', presentationScore=null}
    23:48:52.154 | 463 ool-1-worker-227 | INFO  | d.t.c.a.a.a.w.o.PublicResultResource : The new result for SHORT0FEA7CFD0977B04202095FD0D12F2C9999BFTSTEXC-PROGSUBRESGITLABJENSTUDENT1 was saved successfully
    23:48:52.157 | 463 ool-1-worker-227 | DEBUG | d.t.c.a.a.c.s.f.ApiVersionFilter     : Adding Version to Request GET /api/repository/4100/buildlogs
    23:48:52.157 | 463 ool-1-worker-227 | DEBUG | rammingExerciseParticipationResource : REST request to get build log : 4100

  Starting logs for ProgrammingSubmissionAndResultGitlabJenkinsIntegrationTest > shouldSaveBuildLogsOnStudentParticipationWithoutSubmissionNorResult(ProgrammingLanguage, boolean) [31] programmingLanguage=GO, enableStaticCodeAnalysis=true
    23:48:52.170 | 463 ool-1-worker-227 | DEBUG | d.t.c.a.a.c.u.util.UserUtilService   : Generate 3 students...
    23:48:52.174 | 463 ool-1-worker-227 | DEBUG | d.t.c.a.a.c.u.util.UserUtilService   : 3 students generated. Generate 2 tutors...
    23:48:52.177 | 463 ool-1-worker-227 | DEBUG | d.t.c.a.a.c.u.util.UserUtilService   : 2 tutors generated. Generate 0 editors...
    23:48:52.178 | 463 ool-1-worker-227 | DEBUG | d.t.c.a.a.c.u.util.UserUtilService   : 0 editors generated. Generate 2 instructors...
    23:48:52.181 | 463 ool-1-worker-227 | DEBUG | d.t.c.a.a.c.u.util.UserUtilService   : 2 instructors generated
    23:48:52.182 | 463 ool-1-worker-227 | DEBUG | d.t.c.a.a.c.u.util.UserUtilService   : Removing 7 users from all courses...
    23:48:52.183 | 463 ool-1-worker-227 | DEBUG | d.t.c.a.a.c.u.util.UserUtilService   : Removing 7 users from all courses. Done
    23:48:52.183 | 463 ool-1-worker-227 | DEBUG | d.t.c.a.a.c.u.util.UserUtilService   : Save 7 users to database...
    23:48:52.186 | 463 ool-1-worker-227 | DEBUG | d.t.c.a.a.c.u.util.UserUtilService   : Save 7 users to database. Done
    23:48:52.200 | 463 ool-1-worker-227 | DEBUG | PersonalAccessTokenManagementService : Generate secure vcs access token
    23:48:52.203 | 463 ool-1-worker-227 | DEBUG | PersonalAccessTokenManagementService : Generate secure vcs access token
    23:48:52.204 | 463 ool-1-worker-227 | INFO  | i.z.t.d.l.EmbeddedDatabaseReporter   : JDBC URL to connect to 'dataSource': url='jdbc:h2:tcp://localhost:41063/mem:736625c0-cf5e-400d-aeaa-8a7eabd6262b;USER=sa', scope='ProgrammingSubmissionAndResultGitlabJenkinsIntegrationTest#shouldSaveBuildLogsOnStudentParticipationWithoutSubmissionNorResult'
    23:48:52.216 | 463 ool-1-worker-227 | DEBUG | PersonalAccessTokenManagementService : Generate secure vcs access token
    23:48:52.219 | 463 ool-1-worker-227 | DEBUG | d.t.c.a.a.c.s.f.ApiVersionFilter     : Adding Version to Request POST /api/public/programming-exercises/new-result
    23:48:52.220 | 463 ool-1-worker-227 | DEBUG | d.t.c.a.a.a.w.o.PublicResultResource : Received result notify (NEW)
    23:48:52.222 | 463 ool-1-worker-227 | INFO  | d.t.c.a.a.a.w.o.PublicResultResource : Artemis received a new result for build plan SHORTA523FB81052DA041EC0B1480C84CE47B0C5ATSTEXC-PROGSUBRESGITLABJENSTUDENT1
    23:48:52.224 | 463 ool-1-worker-227 | DEBUG | .s.ProgrammingExerciseGradingService : Received new build result (NEW) for participation 4107
    23:48:52.227 | 463 ool-1-worker-227 | WARN  | .s.ProgrammingExerciseGradingService : Could not find pending ProgrammingSubmission for Commit Hash 9b3a9bd71a0d80e5bbc42204c319ed3d1d4f0d6d (Participation 4107, Build Plan SHORTA523FB81052DA041EC0B1480C84CE47B0C5ATSTEXC-PROGSUBRESGITLABJENSTUDENT1). Will create a new one subsequently...
    23:48:52.227 | 463 ool-1-worker-227 | ERROR | .s.ProgrammingExerciseGradingService : Could not retrieve push date for participation 4107 and build plan SHORTA523FB81052DA041EC0B1480C84CE47B0C5ATSTEXC-PROGSUBRESGITLABJENSTUDENT1
de.tum.cit.aet.artemis.programming.service.gitlab.GitLabException: Could not find build queue date for participation 4107
	at de.tum.cit.aet.artemis.programming.service.gitlab.GitLabService.getPushDate(GitLabService.java:369)
	at de.tum.cit.aet.artemis.programming.service.gitlab.GitLabService.getPushDate(GitLabService.java:358)
	at de.tum.cit.aet.artemis.programming.service.ProgrammingExerciseGradingService.createAndSaveFallbackSubmission(ProgrammingExerciseGradingService.java:286)
	at de.tum.cit.aet.artemis.programming.service.ProgrammingExerciseGradingService.createAndSaveFallbackSubmission(ProgrammingExerciseGradingService.java:272)
	at de.tum.cit.aet.artemis.programming.service.ProgrammingExerciseGradingService.lambda$processNewProgrammingExerciseResult$0(ProgrammingExerciseGradingService.java:177)
	at java.base/java.util.Optional.orElseGet(Optional.java:364)
	at de.tum.cit.aet.artemis.programming.service.ProgrammingExerciseGradingService.processNewProgrammingExerciseResult(ProgrammingExerciseGradingService.java:177)
	at de.tum.cit.aet.artemis.programming.service.ProgrammingExerciseGradingService.processNewProgrammingExerciseResult(ProgrammingExerciseGradingService.java:156)
	at de.tum.cit.aet.artemis.assessment.web.open.PublicResultResource.processNewProgrammingExerciseResult(PublicResultResource.java:113)
	at java.base/jdk.internal.reflect.DirectMethodHandleAccessor.invoke(DirectMethodHandleAccessor.java:103)
	at java.base/java.lang.reflect.Method.invoke(Method.java:580)
	at org.springframework.aop.support.AopUtils.invokeJoinpointUsingReflection(AopUtils.java:359)
	at org.springframework.aop.framework.ReflectiveMethodInvocation.invokeJoinpoint(ReflectiveMethodInvocation.java:196)
	at org.springframework.aop.framework.ReflectiveMethodInvocation.proceed(ReflectiveMethodInvocation.java:163)
	at org.springframework.security.authorization.method.AuthorizationManagerBeforeMethodInterceptor.proceed(AuthorizationManagerBeforeMethodInterceptor.java:268)
	at org.springframework.security.authorization.method.AuthorizationManagerBeforeMethodInterceptor.attemptAuthorization(AuthorizationManagerBeforeMethodInterceptor.java:263)
	at org.springframework.security.authorization.method.AuthorizationManagerBeforeMethodInterceptor.invoke(AuthorizationManagerBeforeMethodInterceptor.java:196)
	at org.springframework.security.config.annotation.method.configuration.DeferringMethodInterceptor.invoke(DeferringMethodInterceptor.java:44)
	at org.springframework.aop.framework.ReflectiveMethodInvocation.proceed(ReflectiveMethodInvocation.java:184)
	at org.springframework.aop.framework.CglibAopProxy$DynamicAdvisedInterceptor.intercept(CglibAopProxy.java:727)
	at de.tum.cit.aet.artemis.assessment.web.open.PublicResultResource$$SpringCGLIB$$0.processNewProgrammingExerciseResult(<generated>)
	at java.base/jdk.internal.reflect.DirectMethodHandleAccessor.invoke(DirectMethodHandleAccessor.java:103)
	at java.base/java.lang.reflect.Method.invoke(Method.java:580)
	at org.springframework.web.method.support.InvocableHandlerMethod.doInvoke(InvocableHandlerMethod.java:257)
	at org.springframework.web.method.support.InvocableHandlerMethod.invokeForRequest(InvocableHandlerMethod.java:190)
	at org.springframework.web.servlet.mvc.method.annotation.ServletInvocableHandlerMethod.invokeAndHandle(ServletInvocableHandlerMethod.java:118)
	at org.springframework.web.servlet.mvc.method.annotation.RequestMappingHandlerAdapter.invokeHandlerMethod(RequestMappingHandlerAdapter.java:986)
	at org.springframework.web.servlet.mvc.method.annotation.RequestMappingHandlerAdapter.handleInternal(RequestMappingHandlerAdapter.java:891)
	at org.springframework.web.servlet.mvc.method.AbstractHandlerMethodAdapter.handle(AbstractHandlerMethodAdapter.java:87)
	at org.springframework.web.servlet.DispatcherServlet.doDispatch(DispatcherServlet.java:1088)
	at org.springframework.web.servlet.DispatcherServlet.doService(DispatcherServlet.java:978)
	at org.springframework.web.servlet.FrameworkServlet.processRequest(FrameworkServlet.java:1014)
	at org.springframework.web.servlet.FrameworkServlet.doPost(FrameworkServlet.java:914)
	at jakarta.servlet.http.HttpServlet.service(HttpServlet.java:547)
	at org.springframework.web.servlet.FrameworkServlet.service(FrameworkServlet.java:885)
	at org.springframework.test.web.servlet.TestDispatcherServlet.service(TestDispatcherServlet.java:72)
	at jakarta.servlet.http.HttpServlet.service(HttpServlet.java:614)
	at org.springframework.mock.web.MockFilterChain$ServletFilterProxy.doFilter(MockFilterChain.java:165)
	at org.springframework.mock.web.MockFilterChain.doFilter(MockFilterChain.java:132)
	at org.springframework.web.filter.OncePerRequestFilter.doFilter(OncePerRequestFilter.java:110)
	at org.springframework.test.web.servlet.setup.MockMvcFilterDecorator.doFilter(MockMvcFilterDecorator.java:162)
	at org.springframework.mock.web.MockFilterChain.doFilter(MockFilterChain.java:132)
	at de.tum.cit.aet.artemis.core.security.filter.ApiVersionFilter.doFilter(ApiVersionFilter.java:55)
	at org.springframework.test.web.servlet.setup.MockMvcFilterDecorator.doFilter(MockMvcFilterDecorator.java:162)
	at org.springframework.mock.web.MockFilterChain.doFilter(MockFilterChain.java:132)
	at io.sentry.spring.jakarta.SentryUserFilter.doFilterInternal(SentryUserFilter.java:56)
	at org.springframework.web.filter.OncePerRequestFilter.doFilter(OncePerRequestFilter.java:116)
	at org.springframework.test.web.servlet.setup.MockMvcFilterDecorator.doFilter(MockMvcFilterDecorator.java:162)
	at org.springframework.mock.web.MockFilterChain.doFilter(MockFilterChain.java:132)
	at org.springframework.web.filter.CompositeFilter$VirtualFilterChain.doFilter(CompositeFilter.java:108)
	at org.springframework.security.web.FilterChainProxy.lambda$doFilterInternal$3(FilterChainProxy.java:231)
	at org.springframework.security.web.ObservationFilterChainDecorator$FilterObservation$SimpleFilterObservation.lambda$wrap$1(ObservationFilterChainDecorator.java:479)
	at org.springframework.security.web.ObservationFilterChainDecorator$AroundFilterObservation$SimpleAroundFilterObservation.lambda$wrap$1(ObservationFilterChainDecorator.java:340)
	at org.springframework.security.web.ObservationFilterChainDecorator.lambda$wrapSecured$0(ObservationFilterChainDecorator.java:82)
	at org.springframework.security.web.ObservationFilterChainDecorator$VirtualFilterChain.doFilter(ObservationFilterChainDecorator.java:128)
	at org.springframework.security.web.access.intercept.AuthorizationFilter.doFilter(AuthorizationFilter.java:101)
	at org.springframework.security.web.ObservationFilterChainDecorator$ObservationFilter.wrapFilter(ObservationFilterChainDecorator.java:240)
	at org.springframework.security.web.ObservationFilterChainDecorator$ObservationFilter.doFilter(ObservationFilterChainDecorator.java:227)
	at org.springframework.security.web.ObservationFilterChainDecorator$VirtualFilterChain.doFilter(ObservationFilterChainDecorator.java:137)
	at org.springframework.security.web.access.ExceptionTranslationFilter.doFilter(ExceptionTranslationFilter.java:126)
	at org.springframework.security.web.access.ExceptionTranslationFilter.doFilter(ExceptionTranslationFilter.java:120)
	at org.springframework.security.web.ObservationFilterChainDecorator$ObservationFilter.wrapFilter(ObservationFilterChainDecorator.java:240)
	at org.springframework.security.web.ObservationFilterChainDecorator$ObservationFilter.doFilter(ObservationFilterChainDecorator.java:227)
	at org.springframework.security.web.ObservationFilterChainDecorator$VirtualFilterChain.doFilter(ObservationFilterChainDecorator.java:137)
	at org.springframework.security.web.session.SessionManagementFilter.doFilter(SessionManagementFilter.java:131)
	at org.springframework.security.web.session.SessionManagementFilter.doFilter(SessionManagementFilter.java:85)
	at org.springframework.security.web.ObservationFilterChainDecorator$ObservationFilter.wrapFilter(ObservationFilterChainDecorator.java:240)
	at org.springframework.security.web.ObservationFilterChainDecorator$ObservationFilter.doFilter(ObservationFilterChainDecorator.java:227)
	at org.springframework.security.web.ObservationFilterChainDecorator$VirtualFilterChain.doFilter(ObservationFilterChainDecorator.java:137)
	at org.springframework.security.web.authentication.AnonymousAuthenticationFilter.doFilter(AnonymousAuthenticationFilter.java:100)
	at org.springframework.security.web.ObservationFilterChainDecorator$ObservationFilter.wrapFilter(ObservationFilterChainDecorator.java:240)
	at org.springframework.security.web.ObservationFilterChainDecorator$ObservationFilter.doFilter(ObservationFilterChainDecorator.java:227)
	at org.springframework.security.web.ObservationFilterChainDecorator$VirtualFilterChain.doFilter(ObservationFilterChainDecorator.java:137)
	at org.springframework.security.web.servletapi.SecurityContextHolderAwareRequestFilter.doFilter(SecurityContextHolderAwareRequestFilter.java:179)
	at org.springframework.security.web.ObservationFilterChainDecorator$ObservationFilter.wrapFilter(ObservationFilterChainDecorator.java:240)
	at org.springframework.security.web.ObservationFilterChainDecorator$ObservationFilter.doFilter(ObservationFilterChainDecorator.java:227)
	at org.springframework.security.web.ObservationFilterChainDecorator$VirtualFilterChain.doFilter(ObservationFilterChainDecorator.java:137)
	at org.springframework.security.web.savedrequest.RequestCacheAwareFilter.doFilter(RequestCacheAwareFilter.java:63)
	at org.springframework.security.web.ObservationFilterChainDecorator$ObservationFilter.wrapFilter(ObservationFilterChainDecorator.java:240)
	at org.springframework.security.web.ObservationFilterChainDecorator$ObservationFilter.doFilter(ObservationFilterChainDecorator.java:227)
	at org.springframework.security.web.ObservationFilterChainDecorator$VirtualFilterChain.doFilter(ObservationFilterChainDecorator.java:137)
	at de.tum.cit.aet.artemis.core.security.filter.SpaWebFilter.doFilterInternal(SpaWebFilter.java:23)
	at org.springframework.web.filter.OncePerRequestFilter.doFilter(OncePerRequestFilter.java:116)
	at org.springframework.security.web.ObservationFilterChainDecorator$ObservationFilter.wrapFilter(ObservationFilterChainDecorator.java:240)
	at org.springframework.security.web.ObservationFilterChainDecorator$ObservationFilter.doFilter(ObservationFilterChainDecorator.java:227)
	at org.springframework.security.web.ObservationFilterChainDecorator$VirtualFilterChain.doFilter(ObservationFilterChainDecorator.java:137)
	at org.springframework.web.filter.OncePerRequestFilter.doFilter(OncePerRequestFilter.java:110)
	at org.springframework.security.web.ObservationFilterChainDecorator$ObservationFilter.wrapFilter(ObservationFilterChainDecorator.java:240)
	at org.springframework.security.web.ObservationFilterChainDecorator$ObservationFilter.doFilter(ObservationFilterChainDecorator.java:227)
	at org.springframework.security.web.ObservationFilterChainDecorator$VirtualFilterChain.doFilter(ObservationFilterChainDecorator.java:137)
	at de.tum.cit.aet.artemis.lti.config.Lti13LaunchFilter.doFilterInternal(Lti13LaunchFilter.java:60)
	at org.springframework.web.filter.OncePerRequestFilter.doFilter(OncePerRequestFilter.java:116)
	at org.springframework.security.web.ObservationFilterChainDecorator$ObservationFilter.wrapFilter(ObservationFilterChainDecorator.java:240)
	at org.springframework.security.web.ObservationFilterChainDecorator$ObservationFilter.doFilter(ObservationFilterChainDecorator.java:227)
	at org.springframework.security.web.ObservationFilterChainDecorator$VirtualFilterChain.doFilter(ObservationFilterChainDecorator.java:137)
	at de.tum.cit.aet.artemis.core.security.jwt.JWTFilter.doFilter(JWTFilter.java:55)
	at org.springframework.security.web.ObservationFilterChainDecorator$ObservationFilter.wrapFilter(ObservationFilterChainDecorator.java:240)
	at org.springframework.security.web.ObservationFilterChainDecorator$ObservationFilter.doFilter(ObservationFilterChainDecorator.java:227)
	at org.springframework.security.web.ObservationFilterChainDecorator$VirtualFilterChain.doFilter(ObservationFilterChainDecorator.java:137)
	at de.tum.cit.aet.artemis.core.security.jwt.JWTFilter.doFilter(JWTFilter.java:55)
	at org.springframework.security.web.ObservationFilterChainDecorator$ObservationFilter.wrapFilter(ObservationFilterChainDecorator.java:240)
	at org.springframework.security.web.ObservationFilterChainDecorator$ObservationFilter.doFilter(ObservationFilterChainDecorator.java:227)
	at org.springframework.security.web.ObservationFilterChainDecorator$VirtualFilterChain.doFilter(ObservationFilterChainDecorator.java:137)
	at org.springframework.web.filter.CorsFilter.doFilterInternal(CorsFilter.java:91)
	at org.springframework.web.filter.OncePerRequestFilter.doFilter(OncePerRequestFilter.java:116)
	at org.springframework.security.web.ObservationFilterChainDecorator$ObservationFilter.wrapFilter(ObservationFilterChainDecorator.java:240)
	at org.springframework.security.web.ObservationFilterChainDecorator$ObservationFilter.doFilter(ObservationFilterChainDecorator.java:227)
	at org.springframework.security.web.ObservationFilterChainDecorator$VirtualFilterChain.doFilter(ObservationFilterChainDecorator.java:137)
	at org.springframework.web.filter.OncePerRequestFilter.doFilter(OncePerRequestFilter.java:110)
	at org.springframework.security.web.ObservationFilterChainDecorator$ObservationFilter.wrapFilter(ObservationFilterChainDecorator.java:240)
	at org.springframework.security.web.ObservationFilterChainDecorator$ObservationFilter.doFilter(ObservationFilterChainDecorator.java:227)
	at org.springframework.security.web.ObservationFilterChainDecorator$VirtualFilterChain.doFilter(ObservationFilterChainDecorator.java:137)
	at uk.ac.ox.ctl.lti13.security.oauth2.client.lti.web.OAuth2AuthorizationRequestRedirectFilter.doFilterInternal(OAuth2AuthorizationRequestRedirectFilter.java:142)
	at org.springframework.web.filter.OncePerRequestFilter.doFilter(OncePerRequestFilter.java:116)
	at org.springframework.security.web.ObservationFilterChainDecorator$ObservationFilter.wrapFilter(ObservationFilterChainDecorator.java:240)
	at org.springframework.security.web.ObservationFilterChainDecorator$ObservationFilter.doFilter(ObservationFilterChainDecorator.java:227)
	at org.springframework.security.web.ObservationFilterChainDecorator$VirtualFilterChain.doFilter(ObservationFilterChainDecorator.java:137)
	at org.springframework.security.web.authentication.logout.LogoutFilter.doFilter(LogoutFilter.java:107)
	at org.springframework.security.web.authentication.logout.LogoutFilter.doFilter(LogoutFilter.java:93)
	at org.springframework.security.web.ObservationFilterChainDecorator$ObservationFilter.wrapFilter(ObservationFilterChainDecorator.java:240)
	at org.springframework.security.web.ObservationFilterChainDecorator$ObservationFilter.doFilter(ObservationFilterChainDecorator.java:227)
	at org.springframework.security.web.ObservationFilterChainDecorator$VirtualFilterChain.doFilter(ObservationFilterChainDecorator.java:137)
	at org.springframework.security.web.header.HeaderWriterFilter.doHeadersAfter(HeaderWriterFilter.java:90)
	at org.springframework.security.web.header.HeaderWriterFilter.doFilterInternal(HeaderWriterFilter.java:75)
	at org.springframework.web.filter.OncePerRequestFilter.doFilter(OncePerRequestFilter.java:116)
	at org.springframework.security.web.ObservationFilterChainDecorator$ObservationFilter.wrapFilter(ObservationFilterChainDecorator.java:240)
	at org.springframework.security.web.ObservationFilterChainDecorator$ObservationFilter.doFilter(ObservationFilterChainDecorator.java:227)
	at org.springframework.security.web.ObservationFilterChainDecorator$VirtualFilterChain.doFilter(ObservationFilterChainDecorator.java:137)
	at org.springframework.security.web.context.SecurityContextHolderFilter.doFilter(SecurityContextHolderFilter.java:82)
	at org.springframework.security.web.context.SecurityContextHolderFilter.doFilter(SecurityContextHolderFilter.java:69)
	at org.springframework.security.web.ObservationFilterChainDecorator$ObservationFilter.wrapFilter(ObservationFilterChainDecorator.java:240)
	at org.springframework.security.web.ObservationFilterChainDecorator$ObservationFilter.doFilter(ObservationFilterChainDecorator.java:227)
	at org.springframework.security.web.ObservationFilterChainDecorator$VirtualFilterChain.doFilter(ObservationFilterChainDecorator.java:137)
	at org.springframework.security.web.context.request.async.WebAsyncManagerIntegrationFilter.doFilterInternal(WebAsyncManagerIntegrationFilter.java:62)
	at org.springframework.web.filter.OncePerRequestFilter.doFilter(OncePerRequestFilter.java:116)
	at org.springframework.security.web.ObservationFilterChainDecorator$ObservationFilter.wrapFilter(ObservationFilterChainDecorator.java:240)
	at org.springframework.security.web.ObservationFilterChainDecorator$ObservationFilter.doFilter(ObservationFilterChainDecorator.java:227)
	at org.springframework.security.web.ObservationFilterChainDecorator$VirtualFilterChain.doFilter(ObservationFilterChainDecorator.java:137)
	at org.springframework.security.web.session.DisableEncodeUrlFilter.doFilterInternal(DisableEncodeUrlFilter.java:42)
	at org.springframework.web.filter.OncePerRequestFilter.doFilter(OncePerRequestFilter.java:116)
	at org.springframework.security.web.ObservationFilterChainDecorator$ObservationFilter.wrapFilter(ObservationFilterChainDecorator.java:240)
	at org.springframework.security.web.ObservationFilterChainDecorator$AroundFilterObservation$SimpleAroundFilterObservation.lambda$wrap$0(ObservationFilterChainDecorator.java:323)
	at org.springframework.security.web.ObservationFilterChainDecorator$ObservationFilter.doFilter(ObservationFilterChainDecorator.java:224)
	at org.springframework.security.web.ObservationFilterChainDecorator$VirtualFilterChain.doFilter(ObservationFilterChainDecorator.java:137)
	at org.springframework.security.web.FilterChainProxy.doFilterInternal(FilterChainProxy.java:233)
	at org.springframework.security.web.FilterChainProxy.doFilter(FilterChainProxy.java:191)
	at org.springframework.web.filter.CompositeFilter$VirtualFilterChain.doFilter(CompositeFilter.java:113)
	at org.springframework.web.servlet.handler.HandlerMappingIntrospector.lambda$createCacheFilter$3(HandlerMappingIntrospector.java:243)
	at org.springframework.web.filter.CompositeFilter$VirtualFilterChain.doFilter(CompositeFilter.java:113)
	at org.springframework.web.filter.CompositeFilter.doFilter(CompositeFilter.java:74)
	at org.springframework.security.config.annotation.web.configuration.WebMvcSecurityConfiguration$CompositeFilterChainProxy.doFilter(WebMvcSecurityConfiguration.java:238)
	at org.springframework.web.filter.DelegatingFilterProxy.invokeDelegate(DelegatingFilterProxy.java:362)
	at org.springframework.web.filter.DelegatingFilterProxy.doFilter(DelegatingFilterProxy.java:278)
	at org.springframework.test.web.servlet.setup.MockMvcFilterDecorator.doFilter(MockMvcFilterDecorator.java:162)
	at org.springframework.mock.web.MockFilterChain.doFilter(MockFilterChain.java:132)
	at org.springframework.web.filter.RequestContextFilter.doFilterInternal(RequestContextFilter.java:100)
	at org.springframework.web.filter.OncePerRequestFilter.doFilter(OncePerRequestFilter.java:116)
	at org.springframework.test.web.servlet.setup.MockMvcFilterDecorator.doFilter(MockMvcFilterDecorator.java:162)
	at org.springframework.mock.web.MockFilterChain.doFilter(MockFilterChain.java:132)
	at org.springframework.web.filter.FormContentFilter.doFilterInternal(FormContentFilter.java:93)
	at org.springframework.web.filter.OncePerRequestFilter.doFilter(OncePerRequestFilter.java:116)
	at org.springframework.test.web.servlet.setup.MockMvcFilterDecorator.doFilter(MockMvcFilterDecorator.java:162)
	at org.springframework.mock.web.MockFilterChain.doFilter(MockFilterChain.java:132)
	at org.springframework.web.filter.ServerHttpObservationFilter.doFilterInternal(ServerHttpObservationFilter.java:114)
	at org.springframework.web.filter.OncePerRequestFilter.doFilter(OncePerRequestFilter.java:116)
	at org.springframework.test.web.servlet.setup.MockMvcFilterDecorator.doFilter(MockMvcFilterDecorator.java:162)
	at org.springframework.mock.web.MockFilterChain.doFilter(MockFilterChain.java:132)
	at io.sentry.spring.jakarta.tracing.SentryTracingFilter.doFilterInternal(SentryTracingFilter.java:91)
	at org.springframework.web.filter.OncePerRequestFilter.doFilter(OncePerRequestFilter.java:116)
	at org.springframework.test.web.servlet.setup.MockMvcFilterDecorator.doFilter(MockMvcFilterDecorator.java:162)
	at org.springframework.mock.web.MockFilterChain.doFilter(MockFilterChain.java:132)
	at org.springframework.web.filter.CharacterEncodingFilter.doFilterInternal(CharacterEncodingFilter.java:201)
	at org.springframework.web.filter.OncePerRequestFilter.doFilter(OncePerRequestFilter.java:116)
	at org.springframework.test.web.servlet.setup.MockMvcFilterDecorator.doFilter(MockMvcFilterDecorator.java:162)
	at org.springframework.mock.web.MockFilterChain.doFilter(MockFilterChain.java:132)
	at io.sentry.spring.jakarta.SentrySpringFilter.doFilterInternal(SentrySpringFilter.java:76)
	at org.springframework.web.filter.OncePerRequestFilter.doFilter(OncePerRequestFilter.java:116)
	at org.springframework.test.web.servlet.setup.MockMvcFilterDecorator.doFilter(MockMvcFilterDecorator.java:162)
	at org.springframework.mock.web.MockFilterChain.doFilter(MockFilterChain.java:132)
	at org.springframework.test.web.servlet.MockMvc.perform(MockMvc.java:201)
	at de.tum.cit.aet.artemis.core.util.RequestUtilService.performMvcRequest(RequestUtilService.java:79)
	at de.tum.cit.aet.artemis.core.util.RequestUtilService.postWithoutLocation(RequestUtilService.java:213)
	at de.tum.cit.aet.artemis.core.util.RequestUtilService.postWithoutLocation(RequestUtilService.java:199)
	at de.tum.cit.aet.artemis.programming.ProgrammingSubmissionAndResultGitlabJenkinsIntegrationTest.postResult(ProgrammingSubmissionAndResultGitlabJenkinsIntegrationTest.java:413)
	at de.tum.cit.aet.artemis.programming.ProgrammingSubmissionAndResultGitlabJenkinsIntegrationTest.shouldSaveBuildLogsOnStudentParticipationWithoutSubmissionNorResult(ProgrammingSubmissionAndResultGitlabJenkinsIntegrationTest.java:338)
	at java.base/jdk.internal.reflect.DirectMethodHandleAccessor.invoke(DirectMethodHandleAccessor.java:103)
	at java.base/java.lang.reflect.Method.invoke(Method.java:580)
	at org.junit.platform.commons.util.ReflectionUtils.invokeMethod(ReflectionUtils.java:767)
	at org.junit.jupiter.engine.execution.MethodInvocation.proceed(MethodInvocation.java:60)
	at org.junit.jupiter.engine.execution.InvocationInterceptorChain$ValidatingInvocation.proceed(InvocationInterceptorChain.java:131)
	at org.junit.jupiter.engine.extension.TimeoutExtension.intercept(TimeoutExtension.java:156)
	at org.junit.jupiter.engine.extension.TimeoutExtension.interceptTestableMethod(TimeoutExtension.java:147)
	at org.junit.jupiter.engine.extension.TimeoutExtension.interceptTestTemplateMethod(TimeoutExtension.java:94)
	at org.junit.jupiter.engine.execution.InterceptingExecutableInvoker$ReflectiveInterceptorCall.lambda$ofVoidMethod$0(InterceptingExecutableInvoker.java:103)
	at org.junit.jupiter.engine.execution.InterceptingExecutableInvoker.lambda$invoke$0(InterceptingExecutableInvoker.java:93)
	at org.junit.jupiter.engine.execution.InvocationInterceptorChain$InterceptedInvocation.proceed(InvocationInterceptorChain.java:106)
	at org.junit.jupiter.engine.execution.InvocationInterceptorChain.proceed(InvocationInterceptorChain.java:64)
	at org.junit.jupiter.engine.execution.InvocationInterceptorChain.chainAndInvoke(InvocationInterceptorChain.java:45)
	at org.junit.jupiter.engine.execution.InvocationInterceptorChain.invoke(InvocationInterceptorChain.java:37)
	at org.junit.jupiter.engine.execution.InterceptingExecutableInvoker.invoke(InterceptingExecutableInvoker.java:92)
	at org.junit.jupiter.engine.execution.InterceptingExecutableInvoker.invoke(InterceptingExecutableInvoker.java:86)
	at org.junit.jupiter.engine.descriptor.TestMethodTestDescriptor.lambda$invokeTestMethod$8(TestMethodTestDescriptor.java:217)
	at org.junit.platform.engine.support.hierarchical.ThrowableCollector.execute(ThrowableCollector.java:73)
	at org.junit.jupiter.engine.descriptor.TestMethodTestDescriptor.invokeTestMethod(TestMethodTestDescriptor.java:213)
	at org.junit.jupiter.engine.descriptor.TestMethodTestDescriptor.execute(TestMethodTestDescriptor.java:138)
	at org.junit.jupiter.engine.descriptor.TestMethodTestDescriptor.execute(TestMethodTestDescriptor.java:68)
	at org.junit.platform.engine.support.hierarchical.NodeTestTask.lambda$executeRecursively$6(NodeTestTask.java:156)
	at org.junit.platform.engine.support.hierarchical.ThrowableCollector.execute(ThrowableCollector.java:73)
	at org.junit.platform.engine.support.hierarchical.NodeTestTask.lambda$executeRecursively$8(NodeTestTask.java:146)
	at org.junit.platform.engine.support.hierarchical.Node.around(Node.java:137)
	at org.junit.platform.engine.support.hierarchical.NodeTestTask.lambda$executeRecursively$9(NodeTestTask.java:144)
	at org.junit.platform.engine.support.hierarchical.ThrowableCollector.execute(ThrowableCollector.java:73)
	at org.junit.platform.engine.support.hierarchical.NodeTestTask.executeRecursively(NodeTestTask.java:143)
	at org.junit.platform.engine.support.hierarchical.NodeTestTask.execute(NodeTestTask.java:100)
	at org.junit.platform.engine.support.hierarchical.ForkJoinPoolHierarchicalTestExecutorService$ExclusiveTask.exec(ForkJoinPoolHierarchicalTestExecutorService.java:274)
	at org.junit.platform.engine.support.hierarchical.ForkJoinPoolHierarchicalTestExecutorService$ExclusiveTask.execSync(ForkJoinPoolHierarchicalTestExecutorService.java:247)
	at org.junit.platform.engine.support.hierarchical.ForkJoinPoolHierarchicalTestExecutorService.submit(ForkJoinPoolHierarchicalTestExecutorService.java:148)
	at org.junit.platform.engine.support.hierarchical.NodeTestTask$DefaultDynamicTestExecutor.execute(NodeTestTask.java:231)
	at org.junit.platform.engine.support.hierarchical.NodeTestTask$DefaultDynamicTestExecutor.execute(NodeTestTask.java:209)
	at org.junit.jupiter.engine.descriptor.TestTemplateTestDescriptor.execute(TestTemplateTestDescriptor.java:141)
	at org.junit.jupiter.engine.descriptor.TestTemplateTestDescriptor.lambda$execute$3(TestTemplateTestDescriptor.java:109)
	at java.base/java.util.stream.ForEachOps$ForEachOp$OfRef.accept(ForEachOps.java:184)
	at java.base/java.util.stream.ReferencePipeline$3$1.accept(ReferencePipeline.java:197)
	at java.base/java.util.stream.ReferencePipeline$2$1.accept(ReferencePipeline.java:179)
	at java.base/java.util.stream.ReferencePipeline$3$1.accept(ReferencePipeline.java:197)
	at java.base/java.util.stream.ForEachOps$ForEachOp$OfRef.accept(ForEachOps.java:184)
	at java.base/java.util.stream.ReferencePipeline$3$1.accept(ReferencePipeline.java:197)
	at java.base/java.util.stream.ForEachOps$ForEachOp$OfRef.accept(ForEachOps.java:184)
	at java.base/java.util.stream.ForEachOps$ForEachOp$OfRef.accept(ForEachOps.java:184)
	at java.base/java.util.stream.ReferencePipeline$3$1.accept(ReferencePipeline.java:197)
	at java.base/java.util.stream.ForEachOps$ForEachOp$OfRef.accept(ForEachOps.java:184)
	at java.base/java.util.Spliterators$ArraySpliterator.forEachRemaining(Spliterators.java:1024)
	at java.base/java.util.stream.ReferencePipeline$Head.forEach(ReferencePipeline.java:762)
	at java.base/java.util.stream.ReferencePipeline$7$1.accept(ReferencePipeline.java:276)
	at java.base/java.util.Iterator.forEachRemaining(Iterator.java:133)
	at java.base/java.util.Spliterators$IteratorSpliterator.forEachRemaining(Spliterators.java:1939)
	at java.base/java.util.stream.AbstractPipeline.copyInto(AbstractPipeline.java:509)
	at java.base/java.util.stream.AbstractPipeline.wrapAndCopyInto(AbstractPipeline.java:499)
	at java.base/java.util.stream.ForEachOps$ForEachOp.evaluateSequential(ForEachOps.java:151)
	at java.base/java.util.stream.ForEachOps$ForEachOp$OfRef.evaluateSequential(ForEachOps.java:174)
	at java.base/java.util.stream.AbstractPipeline.evaluate(AbstractPipeline.java:234)
	at java.base/java.util.stream.ReferencePipeline.forEach(ReferencePipeline.java:596)
	at java.base/java.util.stream.ReferencePipeline$7$1.accept(ReferencePipeline.java:276)
	at java.base/java.util.stream.ReferencePipeline$3$1.accept(ReferencePipeline.java:197)
	at java.base/java.util.stream.ReferencePipeline$3$1.accept(ReferencePipeline.java:197)
	at java.base/java.util.stream.ReferencePipeline$3$1.accept(ReferencePipeline.java:197)
	at java.base/java.util.Spliterators$ArraySpliterator.forEachRemaining(Spliterators.java:1024)
	at java.base/java.util.stream.AbstractPipeline.copyInto(AbstractPipeline.java:509)
	at java.base/java.util.stream.AbstractPipeline.wrapAndCopyInto(AbstractPipeline.java:499)
	at java.base/java.util.stream.ForEachOps$ForEachOp.evaluateSequential(ForEachOps.java:151)
	at java.base/java.util.stream.ForEachOps$ForEachOp$OfRef.evaluateSequential(ForEachOps.java:174)
	at java.base/java.util.stream.AbstractPipeline.evaluate(AbstractPipeline.java:234)
	at java.base/java.util.stream.ReferencePipeline.forEach(ReferencePipeline.java:596)
	at java.base/java.util.stream.ReferencePipeline$7$1.accept(ReferencePipeline.java:276)
	at java.base/java.util.ArrayList$ArrayListSpliterator.forEachRemaining(ArrayList.java:1708)
	at java.base/java.util.stream.AbstractPipeline.copyInto(AbstractPipeline.java:509)
	at java.base/java.util.stream.AbstractPipeline.wrapAndCopyInto(AbstractPipeline.java:499)
	at java.base/java.util.stream.ForEachOps$ForEachOp.evaluateSequential(ForEachOps.java:151)
	at java.base/java.util.stream.ForEachOps$ForEachOp$OfRef.evaluateSequential(ForEachOps.java:174)
	at java.base/java.util.stream.AbstractPipeline.evaluate(AbstractPipeline.java:234)
	at java.base/java.util.stream.ReferencePipeline.forEach(ReferencePipeline.java:596)
	at java.base/java.util.stream.ReferencePipeline$7$1.accept(ReferencePipeline.java:276)
	at java.base/java.util.stream.ReferencePipeline$3$1.accept(ReferencePipeline.java:197)
	at java.base/java.util.stream.ReferencePipeline$3$1.accept(ReferencePipeline.java:197)
	at java.base/java.util.stream.ReferencePipeline$3$1.accept(ReferencePipeline.java:197)
	at java.base/java.util.ArrayList$ArrayListSpliterator.forEachRemaining(ArrayList.java:1708)
	at java.base/java.util.stream.AbstractPipeline.copyInto(AbstractPipeline.java:509)
	at java.base/java.util.stream.AbstractPipeline.wrapAndCopyInto(AbstractPipeline.java:499)
	at java.base/java.util.stream.ForEachOps$ForEachOp.evaluateSequential(ForEachOps.java:151)
	at java.base/java.util.stream.ForEachOps$ForEachOp$OfRef.evaluateSequential(ForEachOps.java:174)
	at java.base/java.util.stream.AbstractPipeline.evaluate(AbstractPipeline.java:234)
	at java.base/java.util.stream.ReferencePipeline.forEach(ReferencePipeline.java:596)
	at java.base/java.util.stream.ReferencePipeline$7$1.accept(ReferencePipeline.java:276)
	at java.base/java.util.ArrayList$ArrayListSpliterator.forEachRemaining(ArrayList.java:1708)
	at java.base/java.util.stream.AbstractPipeline.copyInto(AbstractPipeline.java:509)
	at java.base/java.util.stream.AbstractPipeline.wrapAndCopyInto(AbstractPipeline.java:499)
	at java.base/java.util.stream.ForEachOps$ForEachOp.evaluateSequential(ForEachOps.java:151)
	at java.base/java.util.stream.ForEachOps$ForEachOp$OfRef.evaluateSequential(ForEachOps.java:174)
	at java.base/java.util.stream.AbstractPipeline.evaluate(AbstractPipeline.java:234)
	at java.base/java.util.stream.ReferencePipeline.forEach(ReferencePipeline.java:596)
	at org.junit.jupiter.engine.descriptor.TestTemplateTestDescriptor.execute(TestTemplateTestDescriptor.java:109)
	at org.junit.jupiter.engine.descriptor.TestTemplateTestDescriptor.execute(TestTemplateTestDescriptor.java:43)
	at org.junit.platform.engine.support.hierarchical.NodeTestTask.lambda$executeRecursively$6(NodeTestTask.java:156)
	at org.junit.platform.engine.support.hierarchical.ThrowableCollector.execute(ThrowableCollector.java:73)
	at org.junit.platform.engine.support.hierarchical.NodeTestTask.lambda$executeRecursively$8(NodeTestTask.java:146)
	at org.junit.platform.engine.support.hierarchical.Node.around(Node.java:137)
	at org.junit.platform.engine.support.hierarchical.NodeTestTask.lambda$executeRecursively$9(NodeTestTask.java:144)
	at org.junit.platform.engine.support.hierarchical.ThrowableCollector.execute(ThrowableCollector.java:73)
	at org.junit.platform.engine.support.hierarchical.NodeTestTask.executeRecursively(NodeTestTask.java:143)
	at org.junit.platform.engine.support.hierarchical.NodeTestTask.execute(NodeTestTask.java:100)
	at org.junit.platform.engine.support.hierarchical.ForkJoinPoolHierarchicalTestExecutorService$ExclusiveTask.exec(ForkJoinPoolHierarchicalTestExecutorService.java:274)
	at org.junit.platform.engine.support.hierarchical.ForkJoinPoolHierarchicalTestExecutorService$ExclusiveTask.execSync(ForkJoinPoolHierarchicalTestExecutorService.java:247)
	at org.junit.platform.engine.support.hierarchical.ForkJoinPoolHierarchicalTestExecutorService.executeSync(ForkJoinPoolHierarchicalTestExecutorService.java:194)
	at org.junit.platform.engine.support.hierarchical.ForkJoinPoolHierarchicalTestExecutorService.invokeAll(ForkJoinPoolHierarchicalTestExecutorService.java:166)
	at org.junit.platform.engine.support.hierarchical.NodeTestTask.lambda$executeRecursively$6(NodeTestTask.java:160)
	at org.junit.platform.engine.support.hierarchical.ThrowableCollector.execute(ThrowableCollector.java:73)
	at org.junit.platform.engine.support.hierarchical.NodeTestTask.lambda$executeRecursively$8(NodeTestTask.java:146)
	at org.junit.platform.engine.support.hierarchical.Node.around(Node.java:137)
	at org.junit.platform.engine.support.hierarchical.NodeTestTask.lambda$executeRecursively$9(NodeTestTask.java:144)
	at org.junit.platform.engine.support.hierarchical.ThrowableCollector.execute(ThrowableCollector.java:73)
	at org.junit.platform.engine.support.hierarchical.NodeTestTask.executeRecursively(NodeTestTask.java:143)
	at org.junit.platform.engine.support.hierarchical.NodeTestTask.execute(NodeTestTask.java:100)
	at org.junit.platform.engine.support.hierarchical.ForkJoinPoolHierarchicalTestExecutorService$ExclusiveTask.exec(ForkJoinPoolHierarchicalTestExecutorService.java:274)
	at java.base/java.util.concurrent.ForkJoinTask.doExec(ForkJoinTask.java:387)
	at java.base/java.util.concurrent.ForkJoinPool$WorkQueue.topLevelExec(ForkJoinPool.java:1312)
	at java.base/java.util.concurrent.ForkJoinPool.scan(ForkJoinPool.java:1843)
	at java.base/java.util.concurrent.ForkJoinPool.runWorker(ForkJoinPool.java:1808)
	at java.base/java.util.concurrent.ForkJoinWorkerThread.run(ForkJoinWorkerThread.java:188)
    23:48:52.244 | 463 ool-1-worker-227 | DEBUG | .c.s.m.InstanceMessageReceiveService : Received schedule participant score for exercise 3262 and participant 773 (result to be deleted: null)
    23:48:52.244 | 463 ool-1-worker-227 | DEBUG | .a.s.ParticipantScoreScheduleService : Scheduled task for exercise 3262 and participant 773 at 2025-02-14T23:48:52.344345764Z[Etc/UTC].
    23:48:52.245 | 463 ool-1-worker-227 | DEBUG | .a.a.p.s.ProgrammingMessagingService : Send result to client over websocket. Result: Result{id800, completionDate=2025-02-14T23:48:52.217264200Z, successful=false, score=0.0, rated=true, assessmentType=AUTOMATIC, hasComplaint=null, testCaseCount=0, passedTestCaseCount=0, codeIssueCount=0}, Submission: ProgrammingSubmission{commitHash='9b3a9bd71a0d80e5bbc42204c319ed3d1d4f0d6d', buildFailed=true, buildArtifact=false, type=MANUAL}, Participation: ProgrammingExerciseStudentParticipation{id=4107, repositoryUri='https://version-control.fake.fake/git/SHORTA523FB81052DA041EC0B1480C84CE47B0C5ATSTEXC/shorta523fb81052da041ec0b1480c84ce47b0c5atstexc-progsubresgitlabjenstudent1.git', buildPlanId='SHORTA523FB81052DA041EC0B1480C84CE47B0C5ATSTEXC-PROGSUBRESGITLABJENSTUDENT1', initializationState='INITIALIZED', initializationDate='2025-02-14T23:48:52.215616Z', individualDueDate=null', presentationScore=null}
    23:48:52.247 | 463 ool-1-worker-227 | INFO  | d.t.c.a.a.a.w.o.PublicResultResource : The new result for SHORTA523FB81052DA041EC0B1480C84CE47B0C5ATSTEXC-PROGSUBRESGITLABJENSTUDENT1 was saved successfully
    23:48:52.250 | 463 ool-1-worker-227 | DEBUG | d.t.c.a.a.c.s.f.ApiVersionFilter     : Adding Version to Request GET /api/repository/4107/buildlogs
    23:48:52.250 | 463 ool-1-worker-227 | DEBUG | rammingExerciseParticipationResource : REST request to get build log : 4107

  Starting logs for ProgrammingSubmissionAndResultGitlabJenkinsIntegrationTest > shouldSaveBuildLogsOnStudentParticipationWithoutSubmissionNorResult(ProgrammingLanguage, boolean) [32] programmingLanguage=GO, enableStaticCodeAnalysis=false
    23:48:52.263 | 463 ool-1-worker-227 | DEBUG | d.t.c.a.a.c.u.util.UserUtilService   : Generate 3 students...
    23:48:52.267 | 463 ool-1-worker-227 | DEBUG | d.t.c.a.a.c.u.util.UserUtilService   : 3 students generated. Generate 2 tutors...
    23:48:52.270 | 463 ool-1-worker-227 | DEBUG | d.t.c.a.a.c.u.util.UserUtilService   : 2 tutors generated. Generate 0 editors...
    23:48:52.271 | 463 ool-1-worker-227 | DEBUG | d.t.c.a.a.c.u.util.UserUtilService   : 0 editors generated. Generate 2 instructors...
    23:48:52.274 | 463 ool-1-worker-227 | DEBUG | d.t.c.a.a.c.u.util.UserUtilService   : 2 instructors generated
    23:48:52.276 | 463 ool-1-worker-227 | DEBUG | d.t.c.a.a.c.u.util.UserUtilService   : Removing 7 users from all courses...
    23:48:52.277 | 463 ool-1-worker-227 | DEBUG | d.t.c.a.a.c.u.util.UserUtilService   : Removing 7 users from all courses. Done
    23:48:52.277 | 463 ool-1-worker-227 | DEBUG | d.t.c.a.a.c.u.util.UserUtilService   : Save 7 users to database...
    23:48:52.280 | 463 ool-1-worker-227 | DEBUG | d.t.c.a.a.c.u.util.UserUtilService   : Save 7 users to database. Done
    23:48:52.293 | 463 ool-1-worker-227 | DEBUG | PersonalAccessTokenManagementService : Generate secure vcs access token
    23:48:52.296 | 463 ool-1-worker-227 | DEBUG | PersonalAccessTokenManagementService : Generate secure vcs access token
    23:48:52.297 | 463 ool-1-worker-227 | INFO  | i.z.t.d.l.EmbeddedDatabaseReporter   : JDBC URL to connect to 'dataSource': url='jdbc:h2:tcp://localhost:41063/mem:736625c0-cf5e-400d-aeaa-8a7eabd6262b;USER=sa', scope='ProgrammingSubmissionAndResultGitlabJenkinsIntegrationTest#shouldSaveBuildLogsOnStudentParticipationWithoutSubmissionNorResult'
    23:48:52.309 | 463 ool-1-worker-227 | DEBUG | PersonalAccessTokenManagementService : Generate secure vcs access token
    23:48:52.312 | 463 ool-1-worker-227 | DEBUG | d.t.c.a.a.c.s.f.ApiVersionFilter     : Adding Version to Request POST /api/public/programming-exercises/new-result
    23:48:52.312 | 463 ool-1-worker-227 | DEBUG | d.t.c.a.a.a.w.o.PublicResultResource : Received result notify (NEW)
    23:48:52.314 | 463 ool-1-worker-227 | INFO  | d.t.c.a.a.a.w.o.PublicResultResource : Artemis received a new result for build plan SHORT69264549068CD046EB0B20F01AC55D5B13C8TSTEXC-PROGSUBRESGITLABJENSTUDENT1
    23:48:52.316 | 463 ool-1-worker-227 | DEBUG | .s.ProgrammingExerciseGradingService : Received new build result (NEW) for participation 4114
    23:48:52.318 | 463 ool-1-worker-227 | WARN  | .s.ProgrammingExerciseGradingService : Could not find pending ProgrammingSubmission for Commit Hash 9b3a9bd71a0d80e5bbc42204c319ed3d1d4f0d6d (Participation 4114, Build Plan SHORT69264549068CD046EB0B20F01AC55D5B13C8TSTEXC-PROGSUBRESGITLABJENSTUDENT1). Will create a new one subsequently...
    23:48:52.319 | 463 ool-1-worker-227 | ERROR | .s.ProgrammingExerciseGradingService : Could not retrieve push date for participation 4114 and build plan SHORT69264549068CD046EB0B20F01AC55D5B13C8TSTEXC-PROGSUBRESGITLABJENSTUDENT1
de.tum.cit.aet.artemis.programming.service.gitlab.GitLabException: Could not find build queue date for participation 4114
	at de.tum.cit.aet.artemis.programming.service.gitlab.GitLabService.getPushDate(GitLabService.java:369)
	at de.tum.cit.aet.artemis.programming.service.gitlab.GitLabService.getPushDate(GitLabService.java:358)
	at de.tum.cit.aet.artemis.programming.service.ProgrammingExerciseGradingService.createAndSaveFallbackSubmission(ProgrammingExerciseGradingService.java:286)
	at de.tum.cit.aet.artemis.programming.service.ProgrammingExerciseGradingService.createAndSaveFallbackSubmission(ProgrammingExerciseGradingService.java:272)
	at de.tum.cit.aet.artemis.programming.service.ProgrammingExerciseGradingService.lambda$processNewProgrammingExerciseResult$0(ProgrammingExerciseGradingService.java:177)
	at java.base/java.util.Optional.orElseGet(Optional.java:364)
	at de.tum.cit.aet.artemis.programming.service.ProgrammingExerciseGradingService.processNewProgrammingExerciseResult(ProgrammingExerciseGradingService.java:177)
	at de.tum.cit.aet.artemis.programming.service.ProgrammingExerciseGradingService.processNewProgrammingExerciseResult(ProgrammingExerciseGradingService.java:156)
	at de.tum.cit.aet.artemis.assessment.web.open.PublicResultResource.processNewProgrammingExerciseResult(PublicResultResource.java:113)
	at java.base/jdk.internal.reflect.DirectMethodHandleAccessor.invoke(DirectMethodHandleAccessor.java:103)
	at java.base/java.lang.reflect.Method.invoke(Method.java:580)
	at org.springframework.aop.support.AopUtils.invokeJoinpointUsingReflection(AopUtils.java:359)
	at org.springframework.aop.framework.ReflectiveMethodInvocation.invokeJoinpoint(ReflectiveMethodInvocation.java:196)
	at org.springframework.aop.framework.ReflectiveMethodInvocation.proceed(ReflectiveMethodInvocation.java:163)
	at org.springframework.security.authorization.method.AuthorizationManagerBeforeMethodInterceptor.proceed(AuthorizationManagerBeforeMethodInterceptor.java:268)
	at org.springframework.security.authorization.method.AuthorizationManagerBeforeMethodInterceptor.attemptAuthorization(AuthorizationManagerBeforeMethodInterceptor.java:263)
	at org.springframework.security.authorization.method.AuthorizationManagerBeforeMethodInterceptor.invoke(AuthorizationManagerBeforeMethodInterceptor.java:196)
	at org.springframework.security.config.annotation.method.configuration.DeferringMethodInterceptor.invoke(DeferringMethodInterceptor.java:44)
	at org.springframework.aop.framework.ReflectiveMethodInvocation.proceed(ReflectiveMethodInvocation.java:184)
	at org.springframework.aop.framework.CglibAopProxy$DynamicAdvisedInterceptor.intercept(CglibAopProxy.java:727)
	at de.tum.cit.aet.artemis.assessment.web.open.PublicResultResource$$SpringCGLIB$$0.processNewProgrammingExerciseResult(<generated>)
	at java.base/jdk.internal.reflect.DirectMethodHandleAccessor.invoke(DirectMethodHandleAccessor.java:103)
	at java.base/java.lang.reflect.Method.invoke(Method.java:580)
	at org.springframework.web.method.support.InvocableHandlerMethod.doInvoke(InvocableHandlerMethod.java:257)
	at org.springframework.web.method.support.InvocableHandlerMethod.invokeForRequest(InvocableHandlerMethod.java:190)
	at org.springframework.web.servlet.mvc.method.annotation.ServletInvocableHandlerMethod.invokeAndHandle(ServletInvocableHandlerMethod.java:118)
	at org.springframework.web.servlet.mvc.method.annotation.RequestMappingHandlerAdapter.invokeHandlerMethod(RequestMappingHandlerAdapter.java:986)
	at org.springframework.web.servlet.mvc.method.annotation.RequestMappingHandlerAdapter.handleInternal(RequestMappingHandlerAdapter.java:891)
	at org.springframework.web.servlet.mvc.method.AbstractHandlerMethodAdapter.handle(AbstractHandlerMethodAdapter.java:87)
	at org.springframework.web.servlet.DispatcherServlet.doDispatch(DispatcherServlet.java:1088)
	at org.springframework.web.servlet.DispatcherServlet.doService(DispatcherServlet.java:978)
	at org.springframework.web.servlet.FrameworkServlet.processRequest(FrameworkServlet.java:1014)
	at org.springframework.web.servlet.FrameworkServlet.doPost(FrameworkServlet.java:914)
	at jakarta.servlet.http.HttpServlet.service(HttpServlet.java:547)
	at org.springframework.web.servlet.FrameworkServlet.service(FrameworkServlet.java:885)
	at org.springframework.test.web.servlet.TestDispatcherServlet.service(TestDispatcherServlet.java:72)
	at jakarta.servlet.http.HttpServlet.service(HttpServlet.java:614)
	at org.springframework.mock.web.MockFilterChain$ServletFilterProxy.doFilter(MockFilterChain.java:165)
	at org.springframework.mock.web.MockFilterChain.doFilter(MockFilterChain.java:132)
	at org.springframework.web.filter.OncePerRequestFilter.doFilter(OncePerRequestFilter.java:110)
	at org.springframework.test.web.servlet.setup.MockMvcFilterDecorator.doFilter(MockMvcFilterDecorator.java:162)
	at org.springframework.mock.web.MockFilterChain.doFilter(MockFilterChain.java:132)
	at de.tum.cit.aet.artemis.core.security.filter.ApiVersionFilter.doFilter(ApiVersionFilter.java:55)
	at org.springframework.test.web.servlet.setup.MockMvcFilterDecorator.doFilter(MockMvcFilterDecorator.java:162)
	at org.springframework.mock.web.MockFilterChain.doFilter(MockFilterChain.java:132)
	at io.sentry.spring.jakarta.SentryUserFilter.doFilterInternal(SentryUserFilter.java:56)
	at org.springframework.web.filter.OncePerRequestFilter.doFilter(OncePerRequestFilter.java:116)
	at org.springframework.test.web.servlet.setup.MockMvcFilterDecorator.doFilter(MockMvcFilterDecorator.java:162)
	at org.springframework.mock.web.MockFilterChain.doFilter(MockFilterChain.java:132)
	at org.springframework.web.filter.CompositeFilter$VirtualFilterChain.doFilter(CompositeFilter.java:108)
	at org.springframework.security.web.FilterChainProxy.lambda$doFilterInternal$3(FilterChainProxy.java:231)
	at org.springframework.security.web.ObservationFilterChainDecorator$FilterObservation$SimpleFilterObservation.lambda$wrap$1(ObservationFilterChainDecorator.java:479)
	at org.springframework.security.web.ObservationFilterChainDecorator$AroundFilterObservation$SimpleAroundFilterObservation.lambda$wrap$1(ObservationFilterChainDecorator.java:340)
	at org.springframework.security.web.ObservationFilterChainDecorator.lambda$wrapSecured$0(ObservationFilterChainDecorator.java:82)
	at org.springframework.security.web.ObservationFilterChainDecorator$VirtualFilterChain.doFilter(ObservationFilterChainDecorator.java:128)
	at org.springframework.security.web.access.intercept.AuthorizationFilter.doFilter(AuthorizationFilter.java:101)
	at org.springframework.security.web.ObservationFilterChainDecorator$ObservationFilter.wrapFilter(ObservationFilterChainDecorator.java:240)
	at org.springframework.security.web.ObservationFilterChainDecorator$ObservationFilter.doFilter(ObservationFilterChainDecorator.java:227)
	at org.springframework.security.web.ObservationFilterChainDecorator$VirtualFilterChain.doFilter(ObservationFilterChainDecorator.java:137)
	at org.springframework.security.web.access.ExceptionTranslationFilter.doFilter(ExceptionTranslationFilter.java:126)
	at org.springframework.security.web.access.ExceptionTranslationFilter.doFilter(ExceptionTranslationFilter.java:120)
	at org.springframework.security.web.ObservationFilterChainDecorator$ObservationFilter.wrapFilter(ObservationFilterChainDecorator.java:240)
	at org.springframework.security.web.ObservationFilterChainDecorator$ObservationFilter.doFilter(ObservationFilterChainDecorator.java:227)
	at org.springframework.security.web.ObservationFilterChainDecorator$VirtualFilterChain.doFilter(ObservationFilterChainDecorator.java:137)
	at org.springframework.security.web.session.SessionManagementFilter.doFilter(SessionManagementFilter.java:131)
	at org.springframework.security.web.session.SessionManagementFilter.doFilter(SessionManagementFilter.java:85)
	at org.springframework.security.web.ObservationFilterChainDecorator$ObservationFilter.wrapFilter(ObservationFilterChainDecorator.java:240)
	at org.springframework.security.web.ObservationFilterChainDecorator$ObservationFilter.doFilter(ObservationFilterChainDecorator.java:227)
	at org.springframework.security.web.ObservationFilterChainDecorator$VirtualFilterChain.doFilter(ObservationFilterChainDecorator.java:137)
	at org.springframework.security.web.authentication.AnonymousAuthenticationFilter.doFilter(AnonymousAuthenticationFilter.java:100)
	at org.springframework.security.web.ObservationFilterChainDecorator$ObservationFilter.wrapFilter(ObservationFilterChainDecorator.java:240)
	at org.springframework.security.web.ObservationFilterChainDecorator$ObservationFilter.doFilter(ObservationFilterChainDecorator.java:227)
	at org.springframework.security.web.ObservationFilterChainDecorator$VirtualFilterChain.doFilter(ObservationFilterChainDecorator.java:137)
	at org.springframework.security.web.servletapi.SecurityContextHolderAwareRequestFilter.doFilter(SecurityContextHolderAwareRequestFilter.java:179)
	at org.springframework.security.web.ObservationFilterChainDecorator$ObservationFilter.wrapFilter(ObservationFilterChainDecorator.java:240)
	at org.springframework.security.web.ObservationFilterChainDecorator$ObservationFilter.doFilter(ObservationFilterChainDecorator.java:227)
	at org.springframework.security.web.ObservationFilterChainDecorator$VirtualFilterChain.doFilter(ObservationFilterChainDecorator.java:137)
	at org.springframework.security.web.savedrequest.RequestCacheAwareFilter.doFilter(RequestCacheAwareFilter.java:63)
	at org.springframework.security.web.ObservationFilterChainDecorator$ObservationFilter.wrapFilter(ObservationFilterChainDecorator.java:240)
	at org.springframework.security.web.ObservationFilterChainDecorator$ObservationFilter.doFilter(ObservationFilterChainDecorator.java:227)
	at org.springframework.security.web.ObservationFilterChainDecorator$VirtualFilterChain.doFilter(ObservationFilterChainDecorator.java:137)
	at de.tum.cit.aet.artemis.core.security.filter.SpaWebFilter.doFilterInternal(SpaWebFilter.java:23)
	at org.springframework.web.filter.OncePerRequestFilter.doFilter(OncePerRequestFilter.java:116)
	at org.springframework.security.web.ObservationFilterChainDecorator$ObservationFilter.wrapFilter(ObservationFilterChainDecorator.java:240)
	at org.springframework.security.web.ObservationFilterChainDecorator$ObservationFilter.doFilter(ObservationFilterChainDecorator.java:227)
	at org.springframework.security.web.ObservationFilterChainDecorator$VirtualFilterChain.doFilter(ObservationFilterChainDecorator.java:137)
	at org.springframework.web.filter.OncePerRequestFilter.doFilter(OncePerRequestFilter.java:110)
	at org.springframework.security.web.ObservationFilterChainDecorator$ObservationFilter.wrapFilter(ObservationFilterChainDecorator.java:240)
	at org.springframework.security.web.ObservationFilterChainDecorator$ObservationFilter.doFilter(ObservationFilterChainDecorator.java:227)
	at org.springframework.security.web.ObservationFilterChainDecorator$VirtualFilterChain.doFilter(ObservationFilterChainDecorator.java:137)
	at de.tum.cit.aet.artemis.lti.config.Lti13LaunchFilter.doFilterInternal(Lti13LaunchFilter.java:60)
	at org.springframework.web.filter.OncePerRequestFilter.doFilter(OncePerRequestFilter.java:116)
	at org.springframework.security.web.ObservationFilterChainDecorator$ObservationFilter.wrapFilter(ObservationFilterChainDecorator.java:240)
	at org.springframework.security.web.ObservationFilterChainDecorator$ObservationFilter.doFilter(ObservationFilterChainDecorator.java:227)
	at org.springframework.security.web.ObservationFilterChainDecorator$VirtualFilterChain.doFilter(ObservationFilterChainDecorator.java:137)
	at de.tum.cit.aet.artemis.core.security.jwt.JWTFilter.doFilter(JWTFilter.java:55)
	at org.springframework.security.web.ObservationFilterChainDecorator$ObservationFilter.wrapFilter(ObservationFilterChainDecorator.java:240)
	at org.springframework.security.web.ObservationFilterChainDecorator$ObservationFilter.doFilter(ObservationFilterChainDecorator.java:227)
	at org.springframework.security.web.ObservationFilterChainDecorator$VirtualFilterChain.doFilter(ObservationFilterChainDecorator.java:137)
	at de.tum.cit.aet.artemis.core.security.jwt.JWTFilter.doFilter(JWTFilter.java:55)
	at org.springframework.security.web.ObservationFilterChainDecorator$ObservationFilter.wrapFilter(ObservationFilterChainDecorator.java:240)
	at org.springframework.security.web.ObservationFilterChainDecorator$ObservationFilter.doFilter(ObservationFilterChainDecorator.java:227)
	at org.springframework.security.web.ObservationFilterChainDecorator$VirtualFilterChain.doFilter(ObservationFilterChainDecorator.java:137)
	at org.springframework.web.filter.CorsFilter.doFilterInternal(CorsFilter.java:91)
	at org.springframework.web.filter.OncePerRequestFilter.doFilter(OncePerRequestFilter.java:116)
	at org.springframework.security.web.ObservationFilterChainDecorator$ObservationFilter.wrapFilter(ObservationFilterChainDecorator.java:240)
	at org.springframework.security.web.ObservationFilterChainDecorator$ObservationFilter.doFilter(ObservationFilterChainDecorator.java:227)
	at org.springframework.security.web.ObservationFilterChainDecorator$VirtualFilterChain.doFilter(ObservationFilterChainDecorator.java:137)
	at org.springframework.web.filter.OncePerRequestFilter.doFilter(OncePerRequestFilter.java:110)
	at org.springframework.security.web.ObservationFilterChainDecorator$ObservationFilter.wrapFilter(ObservationFilterChainDecorator.java:240)
	at org.springframework.security.web.ObservationFilterChainDecorator$ObservationFilter.doFilter(ObservationFilterChainDecorator.java:227)
	at org.springframework.security.web.ObservationFilterChainDecorator$VirtualFilterChain.doFilter(ObservationFilterChainDecorator.java:137)
	at uk.ac.ox.ctl.lti13.security.oauth2.client.lti.web.OAuth2AuthorizationRequestRedirectFilter.doFilterInternal(OAuth2AuthorizationRequestRedirectFilter.java:142)
	at org.springframework.web.filter.OncePerRequestFilter.doFilter(OncePerRequestFilter.java:116)
	at org.springframework.security.web.ObservationFilterChainDecorator$ObservationFilter.wrapFilter(ObservationFilterChainDecorator.java:240)
	at org.springframework.security.web.ObservationFilterChainDecorator$ObservationFilter.doFilter(ObservationFilterChainDecorator.java:227)
	at org.springframework.security.web.ObservationFilterChainDecorator$VirtualFilterChain.doFilter(ObservationFilterChainDecorator.java:137)
	at org.springframework.security.web.authentication.logout.LogoutFilter.doFilter(LogoutFilter.java:107)
	at org.springframework.security.web.authentication.logout.LogoutFilter.doFilter(LogoutFilter.java:93)
	at org.springframework.security.web.ObservationFilterChainDecorator$ObservationFilter.wrapFilter(ObservationFilterChainDecorator.java:240)
	at org.springframework.security.web.ObservationFilterChainDecorator$ObservationFilter.doFilter(ObservationFilterChainDecorator.java:227)
	at org.springframework.security.web.ObservationFilterChainDecorator$VirtualFilterChain.doFilter(ObservationFilterChainDecorator.java:137)
	at org.springframework.security.web.header.HeaderWriterFilter.doHeadersAfter(HeaderWriterFilter.java:90)
	at org.springframework.security.web.header.HeaderWriterFilter.doFilterInternal(HeaderWriterFilter.java:75)
	at org.springframework.web.filter.OncePerRequestFilter.doFilter(OncePerRequestFilter.java:116)
	at org.springframework.security.web.ObservationFilterChainDecorator$ObservationFilter.wrapFilter(ObservationFilterChainDecorator.java:240)
	at org.springframework.security.web.ObservationFilterChainDecorator$ObservationFilter.doFilter(ObservationFilterChainDecorator.java:227)
	at org.springframework.security.web.ObservationFilterChainDecorator$VirtualFilterChain.doFilter(ObservationFilterChainDecorator.java:137)
	at org.springframework.security.web.context.SecurityContextHolderFilter.doFilter(SecurityContextHolderFilter.java:82)
	at org.springframework.security.web.context.SecurityContextHolderFilter.doFilter(SecurityContextHolderFilter.java:69)
	at org.springframework.security.web.ObservationFilterChainDecorator$ObservationFilter.wrapFilter(ObservationFilterChainDecorator.java:240)
	at org.springframework.security.web.ObservationFilterChainDecorator$ObservationFilter.doFilter(ObservationFilterChainDecorator.java:227)
	at org.springframework.security.web.ObservationFilterChainDecorator$VirtualFilterChain.doFilter(ObservationFilterChainDecorator.java:137)
	at org.springframework.security.web.context.request.async.WebAsyncManagerIntegrationFilter.doFilterInternal(WebAsyncManagerIntegrationFilter.java:62)
	at org.springframework.web.filter.OncePerRequestFilter.doFilter(OncePerRequestFilter.java:116)
	at org.springframework.security.web.ObservationFilterChainDecorator$ObservationFilter.wrapFilter(ObservationFilterChainDecorator.java:240)
	at org.springframework.security.web.ObservationFilterChainDecorator$ObservationFilter.doFilter(ObservationFilterChainDecorator.java:227)
	at org.springframework.security.web.ObservationFilterChainDecorator$VirtualFilterChain.doFilter(ObservationFilterChainDecorator.java:137)
	at org.springframework.security.web.session.DisableEncodeUrlFilter.doFilterInternal(DisableEncodeUrlFilter.java:42)
	at org.springframework.web.filter.OncePerRequestFilter.doFilter(OncePerRequestFilter.java:116)
	at org.springframework.security.web.ObservationFilterChainDecorator$ObservationFilter.wrapFilter(ObservationFilterChainDecorator.java:240)
	at org.springframework.security.web.ObservationFilterChainDecorator$AroundFilterObservation$SimpleAroundFilterObservation.lambda$wrap$0(ObservationFilterChainDecorator.java:323)
	at org.springframework.security.web.ObservationFilterChainDecorator$ObservationFilter.doFilter(ObservationFilterChainDecorator.java:224)
	at org.springframework.security.web.ObservationFilterChainDecorator$VirtualFilterChain.doFilter(ObservationFilterChainDecorator.java:137)
	at org.springframework.security.web.FilterChainProxy.doFilterInternal(FilterChainProxy.java:233)
	at org.springframework.security.web.FilterChainProxy.doFilter(FilterChainProxy.java:191)
	at org.springframework.web.filter.CompositeFilter$VirtualFilterChain.doFilter(CompositeFilter.java:113)
	at org.springframework.web.servlet.handler.HandlerMappingIntrospector.lambda$createCacheFilter$3(HandlerMappingIntrospector.java:243)
	at org.springframework.web.filter.CompositeFilter$VirtualFilterChain.doFilter(CompositeFilter.java:113)
	at org.springframework.web.filter.CompositeFilter.doFilter(CompositeFilter.java:74)
	at org.springframework.security.config.annotation.web.configuration.WebMvcSecurityConfiguration$CompositeFilterChainProxy.doFilter(WebMvcSecurityConfiguration.java:238)
	at org.springframework.web.filter.DelegatingFilterProxy.invokeDelegate(DelegatingFilterProxy.java:362)
	at org.springframework.web.filter.DelegatingFilterProxy.doFilter(DelegatingFilterProxy.java:278)
	at org.springframework.test.web.servlet.setup.MockMvcFilterDecorator.doFilter(MockMvcFilterDecorator.java:162)
	at org.springframework.mock.web.MockFilterChain.doFilter(MockFilterChain.java:132)
	at org.springframework.web.filter.RequestContextFilter.doFilterInternal(RequestContextFilter.java:100)
	at org.springframework.web.filter.OncePerRequestFilter.doFilter(OncePerRequestFilter.java:116)
	at org.springframework.test.web.servlet.setup.MockMvcFilterDecorator.doFilter(MockMvcFilterDecorator.java:162)
	at org.springframework.mock.web.MockFilterChain.doFilter(MockFilterChain.java:132)
	at org.springframework.web.filter.FormContentFilter.doFilterInternal(FormContentFilter.java:93)
	at org.springframework.web.filter.OncePerRequestFilter.doFilter(OncePerRequestFilter.java:116)
	at org.springframework.test.web.servlet.setup.MockMvcFilterDecorator.doFilter(MockMvcFilterDecorator.java:162)
	at org.springframework.mock.web.MockFilterChain.doFilter(MockFilterChain.java:132)
	at org.springframework.web.filter.ServerHttpObservationFilter.doFilterInternal(ServerHttpObservationFilter.java:114)
	at org.springframework.web.filter.OncePerRequestFilter.doFilter(OncePerRequestFilter.java:116)
	at org.springframework.test.web.servlet.setup.MockMvcFilterDecorator.doFilter(MockMvcFilterDecorator.java:162)
	at org.springframework.mock.web.MockFilterChain.doFilter(MockFilterChain.java:132)
	at io.sentry.spring.jakarta.tracing.SentryTracingFilter.doFilterInternal(SentryTracingFilter.java:91)
	at org.springframework.web.filter.OncePerRequestFilter.doFilter(OncePerRequestFilter.java:116)
	at org.springframework.test.web.servlet.setup.MockMvcFilterDecorator.doFilter(MockMvcFilterDecorator.java:162)
	at org.springframework.mock.web.MockFilterChain.doFilter(MockFilterChain.java:132)
	at org.springframework.web.filter.CharacterEncodingFilter.doFilterInternal(CharacterEncodingFilter.java:201)
	at org.springframework.web.filter.OncePerRequestFilter.doFilter(OncePerRequestFilter.java:116)
	at org.springframework.test.web.servlet.setup.MockMvcFilterDecorator.doFilter(MockMvcFilterDecorator.java:162)
	at org.springframework.mock.web.MockFilterChain.doFilter(MockFilterChain.java:132)
	at io.sentry.spring.jakarta.SentrySpringFilter.doFilterInternal(SentrySpringFilter.java:76)
	at org.springframework.web.filter.OncePerRequestFilter.doFilter(OncePerRequestFilter.java:116)
	at org.springframework.test.web.servlet.setup.MockMvcFilterDecorator.doFilter(MockMvcFilterDecorator.java:162)
	at org.springframework.mock.web.MockFilterChain.doFilter(MockFilterChain.java:132)
	at org.springframework.test.web.servlet.MockMvc.perform(MockMvc.java:201)
	at de.tum.cit.aet.artemis.core.util.RequestUtilService.performMvcRequest(RequestUtilService.java:79)
	at de.tum.cit.aet.artemis.core.util.RequestUtilService.postWithoutLocation(RequestUtilService.java:213)
	at de.tum.cit.aet.artemis.core.util.RequestUtilService.postWithoutLocation(RequestUtilService.java:199)
	at de.tum.cit.aet.artemis.programming.ProgrammingSubmissionAndResultGitlabJenkinsIntegrationTest.postResult(ProgrammingSubmissionAndResultGitlabJenkinsIntegrationTest.java:413)
	at de.tum.cit.aet.artemis.programming.ProgrammingSubmissionAndResultGitlabJenkinsIntegrationTest.shouldSaveBuildLogsOnStudentParticipationWithoutSubmissionNorResult(ProgrammingSubmissionAndResultGitlabJenkinsIntegrationTest.java:338)
	at java.base/jdk.internal.reflect.DirectMethodHandleAccessor.invoke(DirectMethodHandleAccessor.java:103)
	at java.base/java.lang.reflect.Method.invoke(Method.java:580)
	at org.junit.platform.commons.util.ReflectionUtils.invokeMethod(ReflectionUtils.java:767)
	at org.junit.jupiter.engine.execution.MethodInvocation.proceed(MethodInvocation.java:60)
	at org.junit.jupiter.engine.execution.InvocationInterceptorChain$ValidatingInvocation.proceed(InvocationInterceptorChain.java:131)
	at org.junit.jupiter.engine.extension.TimeoutExtension.intercept(TimeoutExtension.java:156)
	at org.junit.jupiter.engine.extension.TimeoutExtension.interceptTestableMethod(TimeoutExtension.java:147)
	at org.junit.jupiter.engine.extension.TimeoutExtension.interceptTestTemplateMethod(TimeoutExtension.java:94)
	at org.junit.jupiter.engine.execution.InterceptingExecutableInvoker$ReflectiveInterceptorCall.lambda$ofVoidMethod$0(InterceptingExecutableInvoker.java:103)
	at org.junit.jupiter.engine.execution.InterceptingExecutableInvoker.lambda$invoke$0(InterceptingExecutableInvoker.java:93)
	at org.junit.jupiter.engine.execution.InvocationInterceptorChain$InterceptedInvocation.proceed(InvocationInterceptorChain.java:106)
	at org.junit.jupiter.engine.execution.InvocationInterceptorChain.proceed(InvocationInterceptorChain.java:64)
	at org.junit.jupiter.engine.execution.InvocationInterceptorChain.chainAndInvoke(InvocationInterceptorChain.java:45)
	at org.junit.jupiter.engine.execution.InvocationInterceptorChain.invoke(InvocationInterceptorChain.java:37)
	at org.junit.jupiter.engine.execution.InterceptingExecutableInvoker.invoke(InterceptingExecutableInvoker.java:92)
	at org.junit.jupiter.engine.execution.InterceptingExecutableInvoker.invoke(InterceptingExecutableInvoker.java:86)
	at org.junit.jupiter.engine.descriptor.TestMethodTestDescriptor.lambda$invokeTestMethod$8(TestMethodTestDescriptor.java:217)
	at org.junit.platform.engine.support.hierarchical.ThrowableCollector.execute(ThrowableCollector.java:73)
	at org.junit.jupiter.engine.descriptor.TestMethodTestDescriptor.invokeTestMethod(TestMethodTestDescriptor.java:213)
	at org.junit.jupiter.engine.descriptor.TestMethodTestDescriptor.execute(TestMethodTestDescriptor.java:138)
	at org.junit.jupiter.engine.descriptor.TestMethodTestDescriptor.execute(TestMethodTestDescriptor.java:68)
	at org.junit.platform.engine.support.hierarchical.NodeTestTask.lambda$executeRecursively$6(NodeTestTask.java:156)
	at org.junit.platform.engine.support.hierarchical.ThrowableCollector.execute(ThrowableCollector.java:73)
	at org.junit.platform.engine.support.hierarchical.NodeTestTask.lambda$executeRecursively$8(NodeTestTask.java:146)
	at org.junit.platform.engine.support.hierarchical.Node.around(Node.java:137)
	at org.junit.platform.engine.support.hierarchical.NodeTestTask.lambda$executeRecursively$9(NodeTestTask.java:144)
	at org.junit.platform.engine.support.hierarchical.ThrowableCollector.execute(ThrowableCollector.java:73)
	at org.junit.platform.engine.support.hierarchical.NodeTestTask.executeRecursively(NodeTestTask.java:143)
	at org.junit.platform.engine.support.hierarchical.NodeTestTask.execute(NodeTestTask.java:100)
	at org.junit.platform.engine.support.hierarchical.ForkJoinPoolHierarchicalTestExecutorService$ExclusiveTask.exec(ForkJoinPoolHierarchicalTestExecutorService.java:274)
	at org.junit.platform.engine.support.hierarchical.ForkJoinPoolHierarchicalTestExecutorService$ExclusiveTask.execSync(ForkJoinPoolHierarchicalTestExecutorService.java:247)
	at org.junit.platform.engine.support.hierarchical.ForkJoinPoolHierarchicalTestExecutorService.submit(ForkJoinPoolHierarchicalTestExecutorService.java:148)
	at org.junit.platform.engine.support.hierarchical.NodeTestTask$DefaultDynamicTestExecutor.execute(NodeTestTask.java:231)
	at org.junit.platform.engine.support.hierarchical.NodeTestTask$DefaultDynamicTestExecutor.execute(NodeTestTask.java:209)
	at org.junit.jupiter.engine.descriptor.TestTemplateTestDescriptor.execute(TestTemplateTestDescriptor.java:141)
	at org.junit.jupiter.engine.descriptor.TestTemplateTestDescriptor.lambda$execute$3(TestTemplateTestDescriptor.java:109)
	at java.base/java.util.stream.ForEachOps$ForEachOp$OfRef.accept(ForEachOps.java:184)
	at java.base/java.util.stream.ReferencePipeline$3$1.accept(ReferencePipeline.java:197)
	at java.base/java.util.stream.ReferencePipeline$2$1.accept(ReferencePipeline.java:179)
	at java.base/java.util.stream.ReferencePipeline$3$1.accept(ReferencePipeline.java:197)
	at java.base/java.util.stream.ForEachOps$ForEachOp$OfRef.accept(ForEachOps.java:184)
	at java.base/java.util.stream.ReferencePipeline$3$1.accept(ReferencePipeline.java:197)
	at java.base/java.util.stream.ForEachOps$ForEachOp$OfRef.accept(ForEachOps.java:184)
	at java.base/java.util.stream.ForEachOps$ForEachOp$OfRef.accept(ForEachOps.java:184)
	at java.base/java.util.stream.ReferencePipeline$3$1.accept(ReferencePipeline.java:197)
	at java.base/java.util.stream.ForEachOps$ForEachOp$OfRef.accept(ForEachOps.java:184)
	at java.base/java.util.Spliterators$ArraySpliterator.forEachRemaining(Spliterators.java:1024)
	at java.base/java.util.stream.ReferencePipeline$Head.forEach(ReferencePipeline.java:762)
	at java.base/java.util.stream.ReferencePipeline$7$1.accept(ReferencePipeline.java:276)
	at java.base/java.util.Iterator.forEachRemaining(Iterator.java:133)
	at java.base/java.util.Spliterators$IteratorSpliterator.forEachRemaining(Spliterators.java:1939)
	at java.base/java.util.stream.AbstractPipeline.copyInto(AbstractPipeline.java:509)
	at java.base/java.util.stream.AbstractPipeline.wrapAndCopyInto(AbstractPipeline.java:499)
	at java.base/java.util.stream.ForEachOps$ForEachOp.evaluateSequential(ForEachOps.java:151)
	at java.base/java.util.stream.ForEachOps$ForEachOp$OfRef.evaluateSequential(ForEachOps.java:174)
	at java.base/java.util.stream.AbstractPipeline.evaluate(AbstractPipeline.java:234)
	at java.base/java.util.stream.ReferencePipeline.forEach(ReferencePipeline.java:596)
	at java.base/java.util.stream.ReferencePipeline$7$1.accept(ReferencePipeline.java:276)
	at java.base/java.util.stream.ReferencePipeline$3$1.accept(ReferencePipeline.java:197)
	at java.base/java.util.stream.ReferencePipeline$3$1.accept(ReferencePipeline.java:197)
	at java.base/java.util.stream.ReferencePipeline$3$1.accept(ReferencePipeline.java:197)
	at java.base/java.util.Spliterators$ArraySpliterator.forEachRemaining(Spliterators.java:1024)
	at java.base/java.util.stream.AbstractPipeline.copyInto(AbstractPipeline.java:509)
	at java.base/java.util.stream.AbstractPipeline.wrapAndCopyInto(AbstractPipeline.java:499)
	at java.base/java.util.stream.ForEachOps$ForEachOp.evaluateSequential(ForEachOps.java:151)
	at java.base/java.util.stream.ForEachOps$ForEachOp$OfRef.evaluateSequential(ForEachOps.java:174)
	at java.base/java.util.stream.AbstractPipeline.evaluate(AbstractPipeline.java:234)
	at java.base/java.util.stream.ReferencePipeline.forEach(ReferencePipeline.java:596)
	at java.base/java.util.stream.ReferencePipeline$7$1.accept(ReferencePipeline.java:276)
	at java.base/java.util.ArrayList$ArrayListSpliterator.forEachRemaining(ArrayList.java:1708)
	at java.base/java.util.stream.AbstractPipeline.copyInto(AbstractPipeline.java:509)
	at java.base/java.util.stream.AbstractPipeline.wrapAndCopyInto(AbstractPipeline.java:499)
	at java.base/java.util.stream.ForEachOps$ForEachOp.evaluateSequential(ForEachOps.java:151)
	at java.base/java.util.stream.ForEachOps$ForEachOp$OfRef.evaluateSequential(ForEachOps.java:174)
	at java.base/java.util.stream.AbstractPipeline.evaluate(AbstractPipeline.java:234)
	at java.base/java.util.stream.ReferencePipeline.forEach(ReferencePipeline.java:596)
	at java.base/java.util.stream.ReferencePipeline$7$1.accept(ReferencePipeline.java:276)
	at java.base/java.util.stream.ReferencePipeline$3$1.accept(ReferencePipeline.java:197)
	at java.base/java.util.stream.ReferencePipeline$3$1.accept(ReferencePipeline.java:197)
	at java.base/java.util.stream.ReferencePipeline$3$1.accept(ReferencePipeline.java:197)
	at java.base/java.util.ArrayList$ArrayListSpliterator.forEachRemaining(ArrayList.java:1708)
	at java.base/java.util.stream.AbstractPipeline.copyInto(AbstractPipeline.java:509)
	at java.base/java.util.stream.AbstractPipeline.wrapAndCopyInto(AbstractPipeline.java:499)
	at java.base/java.util.stream.ForEachOps$ForEachOp.evaluateSequential(ForEachOps.java:151)
	at java.base/java.util.stream.ForEachOps$ForEachOp$OfRef.evaluateSequential(ForEachOps.java:174)
	at java.base/java.util.stream.AbstractPipeline.evaluate(AbstractPipeline.java:234)
	at java.base/java.util.stream.ReferencePipeline.forEach(ReferencePipeline.java:596)
	at java.base/java.util.stream.ReferencePipeline$7$1.accept(ReferencePipeline.java:276)
	at java.base/java.util.ArrayList$ArrayListSpliterator.forEachRemaining(ArrayList.java:1708)
	at java.base/java.util.stream.AbstractPipeline.copyInto(AbstractPipeline.java:509)
	at java.base/java.util.stream.AbstractPipeline.wrapAndCopyInto(AbstractPipeline.java:499)
	at java.base/java.util.stream.ForEachOps$ForEachOp.evaluateSequential(ForEachOps.java:151)
	at java.base/java.util.stream.ForEachOps$ForEachOp$OfRef.evaluateSequential(ForEachOps.java:174)
	at java.base/java.util.stream.AbstractPipeline.evaluate(AbstractPipeline.java:234)
	at java.base/java.util.stream.ReferencePipeline.forEach(ReferencePipeline.java:596)
	at org.junit.jupiter.engine.descriptor.TestTemplateTestDescriptor.execute(TestTemplateTestDescriptor.java:109)
	at org.junit.jupiter.engine.descriptor.TestTemplateTestDescriptor.execute(TestTemplateTestDescriptor.java:43)
	at org.junit.platform.engine.support.hierarchical.NodeTestTask.lambda$executeRecursively$6(NodeTestTask.java:156)
	at org.junit.platform.engine.support.hierarchical.ThrowableCollector.execute(ThrowableCollector.java:73)
	at org.junit.platform.engine.support.hierarchical.NodeTestTask.lambda$executeRecursively$8(NodeTestTask.java:146)
	at org.junit.platform.engine.support.hierarchical.Node.around(Node.java:137)
	at org.junit.platform.engine.support.hierarchical.NodeTestTask.lambda$executeRecursively$9(NodeTestTask.java:144)
	at org.junit.platform.engine.support.hierarchical.ThrowableCollector.execute(ThrowableCollector.java:73)
	at org.junit.platform.engine.support.hierarchical.NodeTestTask.executeRecursively(NodeTestTask.java:143)
	at org.junit.platform.engine.support.hierarchical.NodeTestTask.execute(NodeTestTask.java:100)
	at org.junit.platform.engine.support.hierarchical.ForkJoinPoolHierarchicalTestExecutorService$ExclusiveTask.exec(ForkJoinPoolHierarchicalTestExecutorService.java:274)
	at org.junit.platform.engine.support.hierarchical.ForkJoinPoolHierarchicalTestExecutorService$ExclusiveTask.execSync(ForkJoinPoolHierarchicalTestExecutorService.java:247)
	at org.junit.platform.engine.support.hierarchical.ForkJoinPoolHierarchicalTestExecutorService.executeSync(ForkJoinPoolHierarchicalTestExecutorService.java:194)
	at org.junit.platform.engine.support.hierarchical.ForkJoinPoolHierarchicalTestExecutorService.invokeAll(ForkJoinPoolHierarchicalTestExecutorService.java:166)
	at org.junit.platform.engine.support.hierarchical.NodeTestTask.lambda$executeRecursively$6(NodeTestTask.java:160)
	at org.junit.platform.engine.support.hierarchical.ThrowableCollector.execute(ThrowableCollector.java:73)
	at org.junit.platform.engine.support.hierarchical.NodeTestTask.lambda$executeRecursively$8(NodeTestTask.java:146)
	at org.junit.platform.engine.support.hierarchical.Node.around(Node.java:137)
	at org.junit.platform.engine.support.hierarchical.NodeTestTask.lambda$executeRecursively$9(NodeTestTask.java:144)
	at org.junit.platform.engine.support.hierarchical.ThrowableCollector.execute(ThrowableCollector.java:73)
	at org.junit.platform.engine.support.hierarchical.NodeTestTask.executeRecursively(NodeTestTask.java:143)
	at org.junit.platform.engine.support.hierarchical.NodeTestTask.execute(NodeTestTask.java:100)
	at org.junit.platform.engine.support.hierarchical.ForkJoinPoolHierarchicalTestExecutorService$ExclusiveTask.exec(ForkJoinPoolHierarchicalTestExecutorService.java:274)
	at java.base/java.util.concurrent.ForkJoinTask.doExec(ForkJoinTask.java:387)
	at java.base/java.util.concurrent.ForkJoinPool$WorkQueue.topLevelExec(ForkJoinPool.java:1312)
	at java.base/java.util.concurrent.ForkJoinPool.scan(ForkJoinPool.java:1843)
	at java.base/java.util.concurrent.ForkJoinPool.runWorker(ForkJoinPool.java:1808)
	at java.base/java.util.concurrent.ForkJoinWorkerThread.run(ForkJoinWorkerThread.java:188)
    23:48:52.335 | 463 ool-1-worker-227 | DEBUG | .c.s.m.InstanceMessageReceiveService : Received schedule participant score for exercise 3264 and participant 773 (result to be deleted: null)
    23:48:52.335 | 463 ool-1-worker-227 | DEBUG | .a.s.ParticipantScoreScheduleService : Scheduled task for exercise 3264 and participant 773 at 2025-02-14T23:48:52.435725506Z[Etc/UTC].
    23:48:52.336 | 463 ool-1-worker-227 | DEBUG | .a.a.p.s.ProgrammingMessagingService : Send result to client over websocket. Result: Result{id801, completionDate=2025-02-14T23:48:52.309880700Z, successful=false, score=0.0, rated=true, assessmentType=AUTOMATIC, hasComplaint=null, testCaseCount=0, passedTestCaseCount=0, codeIssueCount=0}, Submission: ProgrammingSubmission{commitHash='9b3a9bd71a0d80e5bbc42204c319ed3d1d4f0d6d', buildFailed=true, buildArtifact=false, type=MANUAL}, Participation: ProgrammingExerciseStudentParticipation{id=4114, repositoryUri='https://version-control.fake.fake/git/SHORT69264549068CD046EB0B20F01AC55D5B13C8TSTEXC/short69264549068cd046eb0b20f01ac55d5b13c8tstexc-progsubresgitlabjenstudent1.git', buildPlanId='SHORT69264549068CD046EB0B20F01AC55D5B13C8TSTEXC-PROGSUBRESGITLABJENSTUDENT1', initializationState='INITIALIZED', initializationDate='2025-02-14T23:48:52.308279Z', individualDueDate=null', presentationScore=null}
    23:48:52.338 | 463 ool-1-worker-227 | INFO  | d.t.c.a.a.a.w.o.PublicResultResource : The new result for SHORT69264549068CD046EB0B20F01AC55D5B13C8TSTEXC-PROGSUBRESGITLABJENSTUDENT1 was saved successfully
    23:48:52.342 | 463 ool-1-worker-227 | DEBUG | d.t.c.a.a.c.s.f.ApiVersionFilter     : Adding Version to Request GET /api/repository/4114/buildlogs
    23:48:52.342 | 463 ool-1-worker-227 | DEBUG | rammingExerciseParticipationResource : REST request to get build log : 4114

  Starting logs for ProgrammingSubmissionAndResultGitlabJenkinsIntegrationTest > shouldSaveBuildLogsOnStudentParticipationWithoutSubmissionNorResult(ProgrammingLanguage, boolean) [33] programmingLanguage=RUST, enableStaticCodeAnalysis=true
    23:48:52.355 | 463 ool-1-worker-227 | DEBUG | d.t.c.a.a.c.u.util.UserUtilService   : Generate 3 students...
    23:48:52.359 | 463 ool-1-worker-227 | DEBUG | d.t.c.a.a.c.u.util.UserUtilService   : 3 students generated. Generate 2 tutors...
    23:48:52.362 | 463 ool-1-worker-227 | DEBUG | d.t.c.a.a.c.u.util.UserUtilService   : 2 tutors generated. Generate 0 editors...
    23:48:52.363 | 463 ool-1-worker-227 | DEBUG | d.t.c.a.a.c.u.util.UserUtilService   : 0 editors generated. Generate 2 instructors...
    23:48:52.366 | 463 ool-1-worker-227 | DEBUG | d.t.c.a.a.c.u.util.UserUtilService   : 2 instructors generated
    23:48:52.367 | 463 ool-1-worker-227 | DEBUG | d.t.c.a.a.c.u.util.UserUtilService   : Removing 7 users from all courses...
    23:48:52.368 | 463 ool-1-worker-227 | DEBUG | d.t.c.a.a.c.u.util.UserUtilService   : Removing 7 users from all courses. Done
    23:48:52.368 | 463 ool-1-worker-227 | DEBUG | d.t.c.a.a.c.u.util.UserUtilService   : Save 7 users to database...
    23:48:52.371 | 463 ool-1-worker-227 | DEBUG | d.t.c.a.a.c.u.util.UserUtilService   : Save 7 users to database. Done
    23:48:52.386 | 463 ool-1-worker-227 | DEBUG | PersonalAccessTokenManagementService : Generate secure vcs access token
    23:48:52.389 | 463 ool-1-worker-227 | DEBUG | PersonalAccessTokenManagementService : Generate secure vcs access token
    23:48:52.390 | 463 ool-1-worker-227 | INFO  | i.z.t.d.l.EmbeddedDatabaseReporter   : JDBC URL to connect to 'dataSource': url='jdbc:h2:tcp://localhost:41063/mem:736625c0-cf5e-400d-aeaa-8a7eabd6262b;USER=sa', scope='ProgrammingSubmissionAndResultGitlabJenkinsIntegrationTest#shouldSaveBuildLogsOnStudentParticipationWithoutSubmissionNorResult'
    23:48:52.402 | 463 ool-1-worker-227 | DEBUG | PersonalAccessTokenManagementService : Generate secure vcs access token
    23:48:52.406 | 463 ool-1-worker-227 | DEBUG | d.t.c.a.a.c.s.f.ApiVersionFilter     : Adding Version to Request POST /api/public/programming-exercises/new-result
    23:48:52.407 | 463 ool-1-worker-227 | DEBUG | d.t.c.a.a.a.w.o.PublicResultResource : Received result notify (NEW)
    23:48:52.409 | 463 ool-1-worker-227 | INFO  | d.t.c.a.a.a.w.o.PublicResultResource : Artemis received a new result for build plan SHORT52B131BD0EE0F04ACF082920A2F37F34CFF3TSTEXC-PROGSUBRESGITLABJENSTUDENT1
    23:48:52.410 | 463 ool-1-worker-227 | DEBUG | .s.ProgrammingExerciseGradingService : Received new build result (NEW) for participation 4121
    23:48:52.413 | 463 ool-1-worker-227 | WARN  | .s.ProgrammingExerciseGradingService : Could not find pending ProgrammingSubmission for Commit Hash 9b3a9bd71a0d80e5bbc42204c319ed3d1d4f0d6d (Participation 4121, Build Plan SHORT52B131BD0EE0F04ACF082920A2F37F34CFF3TSTEXC-PROGSUBRESGITLABJENSTUDENT1). Will create a new one subsequently...
    23:48:52.413 | 463 ool-1-worker-227 | ERROR | .s.ProgrammingExerciseGradingService : Could not retrieve push date for participation 4121 and build plan SHORT52B131BD0EE0F04ACF082920A2F37F34CFF3TSTEXC-PROGSUBRESGITLABJENSTUDENT1
de.tum.cit.aet.artemis.programming.service.gitlab.GitLabException: Could not find build queue date for participation 4121
	at de.tum.cit.aet.artemis.programming.service.gitlab.GitLabService.getPushDate(GitLabService.java:369)
	at de.tum.cit.aet.artemis.programming.service.gitlab.GitLabService.getPushDate(GitLabService.java:358)
	at de.tum.cit.aet.artemis.programming.service.ProgrammingExerciseGradingService.createAndSaveFallbackSubmission(ProgrammingExerciseGradingService.java:286)
	at de.tum.cit.aet.artemis.programming.service.ProgrammingExerciseGradingService.createAndSaveFallbackSubmission(ProgrammingExerciseGradingService.java:272)
	at de.tum.cit.aet.artemis.programming.service.ProgrammingExerciseGradingService.lambda$processNewProgrammingExerciseResult$0(ProgrammingExerciseGradingService.java:177)
	at java.base/java.util.Optional.orElseGet(Optional.java:364)
	at de.tum.cit.aet.artemis.programming.service.ProgrammingExerciseGradingService.processNewProgrammingExerciseResult(ProgrammingExerciseGradingService.java:177)
	at de.tum.cit.aet.artemis.programming.service.ProgrammingExerciseGradingService.processNewProgrammingExerciseResult(ProgrammingExerciseGradingService.java:156)
	at de.tum.cit.aet.artemis.assessment.web.open.PublicResultResource.processNewProgrammingExerciseResult(PublicResultResource.java:113)
	at java.base/jdk.internal.reflect.DirectMethodHandleAccessor.invoke(DirectMethodHandleAccessor.java:103)
	at java.base/java.lang.reflect.Method.invoke(Method.java:580)
	at org.springframework.aop.support.AopUtils.invokeJoinpointUsingReflection(AopUtils.java:359)
	at org.springframework.aop.framework.ReflectiveMethodInvocation.invokeJoinpoint(ReflectiveMethodInvocation.java:196)
	at org.springframework.aop.framework.ReflectiveMethodInvocation.proceed(ReflectiveMethodInvocation.java:163)
	at org.springframework.security.authorization.method.AuthorizationManagerBeforeMethodInterceptor.proceed(AuthorizationManagerBeforeMethodInterceptor.java:268)
	at org.springframework.security.authorization.method.AuthorizationManagerBeforeMethodInterceptor.attemptAuthorization(AuthorizationManagerBeforeMethodInterceptor.java:263)
	at org.springframework.security.authorization.method.AuthorizationManagerBeforeMethodInterceptor.invoke(AuthorizationManagerBeforeMethodInterceptor.java:196)
	at org.springframework.security.config.annotation.method.configuration.DeferringMethodInterceptor.invoke(DeferringMethodInterceptor.java:44)
	at org.springframework.aop.framework.ReflectiveMethodInvocation.proceed(ReflectiveMethodInvocation.java:184)
	at org.springframework.aop.framework.CglibAopProxy$DynamicAdvisedInterceptor.intercept(CglibAopProxy.java:727)
	at de.tum.cit.aet.artemis.assessment.web.open.PublicResultResource$$SpringCGLIB$$0.processNewProgrammingExerciseResult(<generated>)
	at java.base/jdk.internal.reflect.DirectMethodHandleAccessor.invoke(DirectMethodHandleAccessor.java:103)
	at java.base/java.lang.reflect.Method.invoke(Method.java:580)
	at org.springframework.web.method.support.InvocableHandlerMethod.doInvoke(InvocableHandlerMethod.java:257)
	at org.springframework.web.method.support.InvocableHandlerMethod.invokeForRequest(InvocableHandlerMethod.java:190)
	at org.springframework.web.servlet.mvc.method.annotation.ServletInvocableHandlerMethod.invokeAndHandle(ServletInvocableHandlerMethod.java:118)
	at org.springframework.web.servlet.mvc.method.annotation.RequestMappingHandlerAdapter.invokeHandlerMethod(RequestMappingHandlerAdapter.java:986)
	at org.springframework.web.servlet.mvc.method.annotation.RequestMappingHandlerAdapter.handleInternal(RequestMappingHandlerAdapter.java:891)
	at org.springframework.web.servlet.mvc.method.AbstractHandlerMethodAdapter.handle(AbstractHandlerMethodAdapter.java:87)
	at org.springframework.web.servlet.DispatcherServlet.doDispatch(DispatcherServlet.java:1088)
	at org.springframework.web.servlet.DispatcherServlet.doService(DispatcherServlet.java:978)
	at org.springframework.web.servlet.FrameworkServlet.processRequest(FrameworkServlet.java:1014)
	at org.springframework.web.servlet.FrameworkServlet.doPost(FrameworkServlet.java:914)
	at jakarta.servlet.http.HttpServlet.service(HttpServlet.java:547)
	at org.springframework.web.servlet.FrameworkServlet.service(FrameworkServlet.java:885)
	at org.springframework.test.web.servlet.TestDispatcherServlet.service(TestDispatcherServlet.java:72)
	at jakarta.servlet.http.HttpServlet.service(HttpServlet.java:614)
	at org.springframework.mock.web.MockFilterChain$ServletFilterProxy.doFilter(MockFilterChain.java:165)
	at org.springframework.mock.web.MockFilterChain.doFilter(MockFilterChain.java:132)
	at org.springframework.web.filter.OncePerRequestFilter.doFilter(OncePerRequestFilter.java:110)
	at org.springframework.test.web.servlet.setup.MockMvcFilterDecorator.doFilter(MockMvcFilterDecorator.java:162)
	at org.springframework.mock.web.MockFilterChain.doFilter(MockFilterChain.java:132)
	at de.tum.cit.aet.artemis.core.security.filter.ApiVersionFilter.doFilter(ApiVersionFilter.java:55)
	at org.springframework.test.web.servlet.setup.MockMvcFilterDecorator.doFilter(MockMvcFilterDecorator.java:162)
	at org.springframework.mock.web.MockFilterChain.doFilter(MockFilterChain.java:132)
	at io.sentry.spring.jakarta.SentryUserFilter.doFilterInternal(SentryUserFilter.java:56)
	at org.springframework.web.filter.OncePerRequestFilter.doFilter(OncePerRequestFilter.java:116)
	at org.springframework.test.web.servlet.setup.MockMvcFilterDecorator.doFilter(MockMvcFilterDecorator.java:162)
	at org.springframework.mock.web.MockFilterChain.doFilter(MockFilterChain.java:132)
	at org.springframework.web.filter.CompositeFilter$VirtualFilterChain.doFilter(CompositeFilter.java:108)
	at org.springframework.security.web.FilterChainProxy.lambda$doFilterInternal$3(FilterChainProxy.java:231)
	at org.springframework.security.web.ObservationFilterChainDecorator$FilterObservation$SimpleFilterObservation.lambda$wrap$1(ObservationFilterChainDecorator.java:479)
	at org.springframework.security.web.ObservationFilterChainDecorator$AroundFilterObservation$SimpleAroundFilterObservation.lambda$wrap$1(ObservationFilterChainDecorator.java:340)
	at org.springframework.security.web.ObservationFilterChainDecorator.lambda$wrapSecured$0(ObservationFilterChainDecorator.java:82)
	at org.springframework.security.web.ObservationFilterChainDecorator$VirtualFilterChain.doFilter(ObservationFilterChainDecorator.java:128)
	at org.springframework.security.web.access.intercept.AuthorizationFilter.doFilter(AuthorizationFilter.java:101)
	at org.springframework.security.web.ObservationFilterChainDecorator$ObservationFilter.wrapFilter(ObservationFilterChainDecorator.java:240)
	at org.springframework.security.web.ObservationFilterChainDecorator$ObservationFilter.doFilter(ObservationFilterChainDecorator.java:227)
	at org.springframework.security.web.ObservationFilterChainDecorator$VirtualFilterChain.doFilter(ObservationFilterChainDecorator.java:137)
	at org.springframework.security.web.access.ExceptionTranslationFilter.doFilter(ExceptionTranslationFilter.java:126)
	at org.springframework.security.web.access.ExceptionTranslationFilter.doFilter(ExceptionTranslationFilter.java:120)
	at org.springframework.security.web.ObservationFilterChainDecorator$ObservationFilter.wrapFilter(ObservationFilterChainDecorator.java:240)
	at org.springframework.security.web.ObservationFilterChainDecorator$ObservationFilter.doFilter(ObservationFilterChainDecorator.java:227)
	at org.springframework.security.web.ObservationFilterChainDecorator$VirtualFilterChain.doFilter(ObservationFilterChainDecorator.java:137)
	at org.springframework.security.web.session.SessionManagementFilter.doFilter(SessionManagementFilter.java:131)
	at org.springframework.security.web.session.SessionManagementFilter.doFilter(SessionManagementFilter.java:85)
	at org.springframework.security.web.ObservationFilterChainDecorator$ObservationFilter.wrapFilter(ObservationFilterChainDecorator.java:240)
	at org.springframework.security.web.ObservationFilterChainDecorator$ObservationFilter.doFilter(ObservationFilterChainDecorator.java:227)
	at org.springframework.security.web.ObservationFilterChainDecorator$VirtualFilterChain.doFilter(ObservationFilterChainDecorator.java:137)
	at org.springframework.security.web.authentication.AnonymousAuthenticationFilter.doFilter(AnonymousAuthenticationFilter.java:100)
	at org.springframework.security.web.ObservationFilterChainDecorator$ObservationFilter.wrapFilter(ObservationFilterChainDecorator.java:240)
	at org.springframework.security.web.ObservationFilterChainDecorator$ObservationFilter.doFilter(ObservationFilterChainDecorator.java:227)
	at org.springframework.security.web.ObservationFilterChainDecorator$VirtualFilterChain.doFilter(ObservationFilterChainDecorator.java:137)
	at org.springframework.security.web.servletapi.SecurityContextHolderAwareRequestFilter.doFilter(SecurityContextHolderAwareRequestFilter.java:179)
	at org.springframework.security.web.ObservationFilterChainDecorator$ObservationFilter.wrapFilter(ObservationFilterChainDecorator.java:240)
	at org.springframework.security.web.ObservationFilterChainDecorator$ObservationFilter.doFilter(ObservationFilterChainDecorator.java:227)
	at org.springframework.security.web.ObservationFilterChainDecorator$VirtualFilterChain.doFilter(ObservationFilterChainDecorator.java:137)
	at org.springframework.security.web.savedrequest.RequestCacheAwareFilter.doFilter(RequestCacheAwareFilter.java:63)
	at org.springframework.security.web.ObservationFilterChainDecorator$ObservationFilter.wrapFilter(ObservationFilterChainDecorator.java:240)
	at org.springframework.security.web.ObservationFilterChainDecorator$ObservationFilter.doFilter(ObservationFilterChainDecorator.java:227)
	at org.springframework.security.web.ObservationFilterChainDecorator$VirtualFilterChain.doFilter(ObservationFilterChainDecorator.java:137)
	at de.tum.cit.aet.artemis.core.security.filter.SpaWebFilter.doFilterInternal(SpaWebFilter.java:23)
	at org.springframework.web.filter.OncePerRequestFilter.doFilter(OncePerRequestFilter.java:116)
	at org.springframework.security.web.ObservationFilterChainDecorator$ObservationFilter.wrapFilter(ObservationFilterChainDecorator.java:240)
	at org.springframework.security.web.ObservationFilterChainDecorator$ObservationFilter.doFilter(ObservationFilterChainDecorator.java:227)
	at org.springframework.security.web.ObservationFilterChainDecorator$VirtualFilterChain.doFilter(ObservationFilterChainDecorator.java:137)
	at org.springframework.web.filter.OncePerRequestFilter.doFilter(OncePerRequestFilter.java:110)
	at org.springframework.security.web.ObservationFilterChainDecorator$ObservationFilter.wrapFilter(ObservationFilterChainDecorator.java:240)
	at org.springframework.security.web.ObservationFilterChainDecorator$ObservationFilter.doFilter(ObservationFilterChainDecorator.java:227)
	at org.springframework.security.web.ObservationFilterChainDecorator$VirtualFilterChain.doFilter(ObservationFilterChainDecorator.java:137)
	at de.tum.cit.aet.artemis.lti.config.Lti13LaunchFilter.doFilterInternal(Lti13LaunchFilter.java:60)
	at org.springframework.web.filter.OncePerRequestFilter.doFilter(OncePerRequestFilter.java:116)
	at org.springframework.security.web.ObservationFilterChainDecorator$ObservationFilter.wrapFilter(ObservationFilterChainDecorator.java:240)
	at org.springframework.security.web.ObservationFilterChainDecorator$ObservationFilter.doFilter(ObservationFilterChainDecorator.java:227)
	at org.springframework.security.web.ObservationFilterChainDecorator$VirtualFilterChain.doFilter(ObservationFilterChainDecorator.java:137)
	at de.tum.cit.aet.artemis.core.security.jwt.JWTFilter.doFilter(JWTFilter.java:55)
	at org.springframework.security.web.ObservationFilterChainDecorator$ObservationFilter.wrapFilter(ObservationFilterChainDecorator.java:240)
	at org.springframework.security.web.ObservationFilterChainDecorator$ObservationFilter.doFilter(ObservationFilterChainDecorator.java:227)
	at org.springframework.security.web.ObservationFilterChainDecorator$VirtualFilterChain.doFilter(ObservationFilterChainDecorator.java:137)
	at de.tum.cit.aet.artemis.core.security.jwt.JWTFilter.doFilter(JWTFilter.java:55)
	at org.springframework.security.web.ObservationFilterChainDecorator$ObservationFilter.wrapFilter(ObservationFilterChainDecorator.java:240)
	at org.springframework.security.web.ObservationFilterChainDecorator$ObservationFilter.doFilter(ObservationFilterChainDecorator.java:227)
	at org.springframework.security.web.ObservationFilterChainDecorator$VirtualFilterChain.doFilter(ObservationFilterChainDecorator.java:137)
	at org.springframework.web.filter.CorsFilter.doFilterInternal(CorsFilter.java:91)
	at org.springframework.web.filter.OncePerRequestFilter.doFilter(OncePerRequestFilter.java:116)
	at org.springframework.security.web.ObservationFilterChainDecorator$ObservationFilter.wrapFilter(ObservationFilterChainDecorator.java:240)
	at org.springframework.security.web.ObservationFilterChainDecorator$ObservationFilter.doFilter(ObservationFilterChainDecorator.java:227)
	at org.springframework.security.web.ObservationFilterChainDecorator$VirtualFilterChain.doFilter(ObservationFilterChainDecorator.java:137)
	at org.springframework.web.filter.OncePerRequestFilter.doFilter(OncePerRequestFilter.java:110)
	at org.springframework.security.web.ObservationFilterChainDecorator$ObservationFilter.wrapFilter(ObservationFilterChainDecorator.java:240)
	at org.springframework.security.web.ObservationFilterChainDecorator$ObservationFilter.doFilter(ObservationFilterChainDecorator.java:227)
	at org.springframework.security.web.ObservationFilterChainDecorator$VirtualFilterChain.doFilter(ObservationFilterChainDecorator.java:137)
	at uk.ac.ox.ctl.lti13.security.oauth2.client.lti.web.OAuth2AuthorizationRequestRedirectFilter.doFilterInternal(OAuth2AuthorizationRequestRedirectFilter.java:142)
	at org.springframework.web.filter.OncePerRequestFilter.doFilter(OncePerRequestFilter.java:116)
	at org.springframework.security.web.ObservationFilterChainDecorator$ObservationFilter.wrapFilter(ObservationFilterChainDecorator.java:240)
	at org.springframework.security.web.ObservationFilterChainDecorator$ObservationFilter.doFilter(ObservationFilterChainDecorator.java:227)
	at org.springframework.security.web.ObservationFilterChainDecorator$VirtualFilterChain.doFilter(ObservationFilterChainDecorator.java:137)
	at org.springframework.security.web.authentication.logout.LogoutFilter.doFilter(LogoutFilter.java:107)
	at org.springframework.security.web.authentication.logout.LogoutFilter.doFilter(LogoutFilter.java:93)
	at org.springframework.security.web.ObservationFilterChainDecorator$ObservationFilter.wrapFilter(ObservationFilterChainDecorator.java:240)
	at org.springframework.security.web.ObservationFilterChainDecorator$ObservationFilter.doFilter(ObservationFilterChainDecorator.java:227)
	at org.springframework.security.web.ObservationFilterChainDecorator$VirtualFilterChain.doFilter(ObservationFilterChainDecorator.java:137)
	at org.springframework.security.web.header.HeaderWriterFilter.doHeadersAfter(HeaderWriterFilter.java:90)
	at org.springframework.security.web.header.HeaderWriterFilter.doFilterInternal(HeaderWriterFilter.java:75)
	at org.springframework.web.filter.OncePerRequestFilter.doFilter(OncePerRequestFilter.java:116)
	at org.springframework.security.web.ObservationFilterChainDecorator$ObservationFilter.wrapFilter(ObservationFilterChainDecorator.java:240)
	at org.springframework.security.web.ObservationFilterChainDecorator$ObservationFilter.doFilter(ObservationFilterChainDecorator.java:227)
	at org.springframework.security.web.ObservationFilterChainDecorator$VirtualFilterChain.doFilter(ObservationFilterChainDecorator.java:137)
	at org.springframework.security.web.context.SecurityContextHolderFilter.doFilter(SecurityContextHolderFilter.java:82)
	at org.springframework.security.web.context.SecurityContextHolderFilter.doFilter(SecurityContextHolderFilter.java:69)
	at org.springframework.security.web.ObservationFilterChainDecorator$ObservationFilter.wrapFilter(ObservationFilterChainDecorator.java:240)
	at org.springframework.security.web.ObservationFilterChainDecorator$ObservationFilter.doFilter(ObservationFilterChainDecorator.java:227)
	at org.springframework.security.web.ObservationFilterChainDecorator$VirtualFilterChain.doFilter(ObservationFilterChainDecorator.java:137)
	at org.springframework.security.web.context.request.async.WebAsyncManagerIntegrationFilter.doFilterInternal(WebAsyncManagerIntegrationFilter.java:62)
	at org.springframework.web.filter.OncePerRequestFilter.doFilter(OncePerRequestFilter.java:116)
	at org.springframework.security.web.ObservationFilterChainDecorator$ObservationFilter.wrapFilter(ObservationFilterChainDecorator.java:240)
	at org.springframework.security.web.ObservationFilterChainDecorator$ObservationFilter.doFilter(ObservationFilterChainDecorator.java:227)
	at org.springframework.security.web.ObservationFilterChainDecorator$VirtualFilterChain.doFilter(ObservationFilterChainDecorator.java:137)
	at org.springframework.security.web.session.DisableEncodeUrlFilter.doFilterInternal(DisableEncodeUrlFilter.java:42)
	at org.springframework.web.filter.OncePerRequestFilter.doFilter(OncePerRequestFilter.java:116)
	at org.springframework.security.web.ObservationFilterChainDecorator$ObservationFilter.wrapFilter(ObservationFilterChainDecorator.java:240)
	at org.springframework.security.web.ObservationFilterChainDecorator$AroundFilterObservation$SimpleAroundFilterObservation.lambda$wrap$0(ObservationFilterChainDecorator.java:323)
	at org.springframework.security.web.ObservationFilterChainDecorator$ObservationFilter.doFilter(ObservationFilterChainDecorator.java:224)
	at org.springframework.security.web.ObservationFilterChainDecorator$VirtualFilterChain.doFilter(ObservationFilterChainDecorator.java:137)
	at org.springframework.security.web.FilterChainProxy.doFilterInternal(FilterChainProxy.java:233)
	at org.springframework.security.web.FilterChainProxy.doFilter(FilterChainProxy.java:191)
	at org.springframework.web.filter.CompositeFilter$VirtualFilterChain.doFilter(CompositeFilter.java:113)
	at org.springframework.web.servlet.handler.HandlerMappingIntrospector.lambda$createCacheFilter$3(HandlerMappingIntrospector.java:243)
	at org.springframework.web.filter.CompositeFilter$VirtualFilterChain.doFilter(CompositeFilter.java:113)
	at org.springframework.web.filter.CompositeFilter.doFilter(CompositeFilter.java:74)
	at org.springframework.security.config.annotation.web.configuration.WebMvcSecurityConfiguration$CompositeFilterChainProxy.doFilter(WebMvcSecurityConfiguration.java:238)
	at org.springframework.web.filter.DelegatingFilterProxy.invokeDelegate(DelegatingFilterProxy.java:362)
	at org.springframework.web.filter.DelegatingFilterProxy.doFilter(DelegatingFilterProxy.java:278)
	at org.springframework.test.web.servlet.setup.MockMvcFilterDecorator.doFilter(MockMvcFilterDecorator.java:162)
	at org.springframework.mock.web.MockFilterChain.doFilter(MockFilterChain.java:132)
	at org.springframework.web.filter.RequestContextFilter.doFilterInternal(RequestContextFilter.java:100)
	at org.springframework.web.filter.OncePerRequestFilter.doFilter(OncePerRequestFilter.java:116)
	at org.springframework.test.web.servlet.setup.MockMvcFilterDecorator.doFilter(MockMvcFilterDecorator.java:162)
	at org.springframework.mock.web.MockFilterChain.doFilter(MockFilterChain.java:132)
	at org.springframework.web.filter.FormContentFilter.doFilterInternal(FormContentFilter.java:93)
	at org.springframework.web.filter.OncePerRequestFilter.doFilter(OncePerRequestFilter.java:116)
	at org.springframework.test.web.servlet.setup.MockMvcFilterDecorator.doFilter(MockMvcFilterDecorator.java:162)
	at org.springframework.mock.web.MockFilterChain.doFilter(MockFilterChain.java:132)
	at org.springframework.web.filter.ServerHttpObservationFilter.doFilterInternal(ServerHttpObservationFilter.java:114)
	at org.springframework.web.filter.OncePerRequestFilter.doFilter(OncePerRequestFilter.java:116)
	at org.springframework.test.web.servlet.setup.MockMvcFilterDecorator.doFilter(MockMvcFilterDecorator.java:162)
	at org.springframework.mock.web.MockFilterChain.doFilter(MockFilterChain.java:132)
	at io.sentry.spring.jakarta.tracing.SentryTracingFilter.doFilterInternal(SentryTracingFilter.java:91)
	at org.springframework.web.filter.OncePerRequestFilter.doFilter(OncePerRequestFilter.java:116)
	at org.springframework.test.web.servlet.setup.MockMvcFilterDecorator.doFilter(MockMvcFilterDecorator.java:162)
	at org.springframework.mock.web.MockFilterChain.doFilter(MockFilterChain.java:132)
	at org.springframework.web.filter.CharacterEncodingFilter.doFilterInternal(CharacterEncodingFilter.java:201)
	at org.springframework.web.filter.OncePerRequestFilter.doFilter(OncePerRequestFilter.java:116)
	at org.springframework.test.web.servlet.setup.MockMvcFilterDecorator.doFilter(MockMvcFilterDecorator.java:162)
	at org.springframework.mock.web.MockFilterChain.doFilter(MockFilterChain.java:132)
	at io.sentry.spring.jakarta.SentrySpringFilter.doFilterInternal(SentrySpringFilter.java:76)
	at org.springframework.web.filter.OncePerRequestFilter.doFilter(OncePerRequestFilter.java:116)
	at org.springframework.test.web.servlet.setup.MockMvcFilterDecorator.doFilter(MockMvcFilterDecorator.java:162)
	at org.springframework.mock.web.MockFilterChain.doFilter(MockFilterChain.java:132)
	at org.springframework.test.web.servlet.MockMvc.perform(MockMvc.java:201)
	at de.tum.cit.aet.artemis.core.util.RequestUtilService.performMvcRequest(RequestUtilService.java:79)
	at de.tum.cit.aet.artemis.core.util.RequestUtilService.postWithoutLocation(RequestUtilService.java:213)
	at de.tum.cit.aet.artemis.core.util.RequestUtilService.postWithoutLocation(RequestUtilService.java:199)
	at de.tum.cit.aet.artemis.programming.ProgrammingSubmissionAndResultGitlabJenkinsIntegrationTest.postResult(ProgrammingSubmissionAndResultGitlabJenkinsIntegrationTest.java:413)
	at de.tum.cit.aet.artemis.programming.ProgrammingSubmissionAndResultGitlabJenkinsIntegrationTest.shouldSaveBuildLogsOnStudentParticipationWithoutSubmissionNorResult(ProgrammingSubmissionAndResultGitlabJenkinsIntegrationTest.java:338)
	at java.base/jdk.internal.reflect.DirectMethodHandleAccessor.invoke(DirectMethodHandleAccessor.java:103)
	at java.base/java.lang.reflect.Method.invoke(Method.java:580)
	at org.junit.platform.commons.util.ReflectionUtils.invokeMethod(ReflectionUtils.java:767)
	at org.junit.jupiter.engine.execution.MethodInvocation.proceed(MethodInvocation.java:60)
	at org.junit.jupiter.engine.execution.InvocationInterceptorChain$ValidatingInvocation.proceed(InvocationInterceptorChain.java:131)
	at org.junit.jupiter.engine.extension.TimeoutExtension.intercept(TimeoutExtension.java:156)
	at org.junit.jupiter.engine.extension.TimeoutExtension.interceptTestableMethod(TimeoutExtension.java:147)
	at org.junit.jupiter.engine.extension.TimeoutExtension.interceptTestTemplateMethod(TimeoutExtension.java:94)
	at org.junit.jupiter.engine.execution.InterceptingExecutableInvoker$ReflectiveInterceptorCall.lambda$ofVoidMethod$0(InterceptingExecutableInvoker.java:103)
	at org.junit.jupiter.engine.execution.InterceptingExecutableInvoker.lambda$invoke$0(InterceptingExecutableInvoker.java:93)
	at org.junit.jupiter.engine.execution.InvocationInterceptorChain$InterceptedInvocation.proceed(InvocationInterceptorChain.java:106)
	at org.junit.jupiter.engine.execution.InvocationInterceptorChain.proceed(InvocationInterceptorChain.java:64)
	at org.junit.jupiter.engine.execution.InvocationInterceptorChain.chainAndInvoke(InvocationInterceptorChain.java:45)
	at org.junit.jupiter.engine.execution.InvocationInterceptorChain.invoke(InvocationInterceptorChain.java:37)
	at org.junit.jupiter.engine.execution.InterceptingExecutableInvoker.invoke(InterceptingExecutableInvoker.java:92)
	at org.junit.jupiter.engine.execution.InterceptingExecutableInvoker.invoke(InterceptingExecutableInvoker.java:86)
	at org.junit.jupiter.engine.descriptor.TestMethodTestDescriptor.lambda$invokeTestMethod$8(TestMethodTestDescriptor.java:217)
	at org.junit.platform.engine.support.hierarchical.ThrowableCollector.execute(ThrowableCollector.java:73)
	at org.junit.jupiter.engine.descriptor.TestMethodTestDescriptor.invokeTestMethod(TestMethodTestDescriptor.java:213)
	at org.junit.jupiter.engine.descriptor.TestMethodTestDescriptor.execute(TestMethodTestDescriptor.java:138)
	at org.junit.jupiter.engine.descriptor.TestMethodTestDescriptor.execute(TestMethodTestDescriptor.java:68)
	at org.junit.platform.engine.support.hierarchical.NodeTestTask.lambda$executeRecursively$6(NodeTestTask.java:156)
	at org.junit.platform.engine.support.hierarchical.ThrowableCollector.execute(ThrowableCollector.java:73)
	at org.junit.platform.engine.support.hierarchical.NodeTestTask.lambda$executeRecursively$8(NodeTestTask.java:146)
	at org.junit.platform.engine.support.hierarchical.Node.around(Node.java:137)
	at org.junit.platform.engine.support.hierarchical.NodeTestTask.lambda$executeRecursively$9(NodeTestTask.java:144)
	at org.junit.platform.engine.support.hierarchical.ThrowableCollector.execute(ThrowableCollector.java:73)
	at org.junit.platform.engine.support.hierarchical.NodeTestTask.executeRecursively(NodeTestTask.java:143)
	at org.junit.platform.engine.support.hierarchical.NodeTestTask.execute(NodeTestTask.java:100)
	at org.junit.platform.engine.support.hierarchical.ForkJoinPoolHierarchicalTestExecutorService$ExclusiveTask.exec(ForkJoinPoolHierarchicalTestExecutorService.java:274)
	at org.junit.platform.engine.support.hierarchical.ForkJoinPoolHierarchicalTestExecutorService$ExclusiveTask.execSync(ForkJoinPoolHierarchicalTestExecutorService.java:247)
	at org.junit.platform.engine.support.hierarchical.ForkJoinPoolHierarchicalTestExecutorService.submit(ForkJoinPoolHierarchicalTestExecutorService.java:148)
	at org.junit.platform.engine.support.hierarchical.NodeTestTask$DefaultDynamicTestExecutor.execute(NodeTestTask.java:231)
	at org.junit.platform.engine.support.hierarchical.NodeTestTask$DefaultDynamicTestExecutor.execute(NodeTestTask.java:209)
	at org.junit.jupiter.engine.descriptor.TestTemplateTestDescriptor.execute(TestTemplateTestDescriptor.java:141)
	at org.junit.jupiter.engine.descriptor.TestTemplateTestDescriptor.lambda$execute$3(TestTemplateTestDescriptor.java:109)
	at java.base/java.util.stream.ForEachOps$ForEachOp$OfRef.accept(ForEachOps.java:184)
	at java.base/java.util.stream.ReferencePipeline$3$1.accept(ReferencePipeline.java:197)
	at java.base/java.util.stream.ReferencePipeline$2$1.accept(ReferencePipeline.java:179)
	at java.base/java.util.stream.ReferencePipeline$3$1.accept(ReferencePipeline.java:197)
	at java.base/java.util.stream.ForEachOps$ForEachOp$OfRef.accept(ForEachOps.java:184)
	at java.base/java.util.stream.ReferencePipeline$3$1.accept(ReferencePipeline.java:197)
	at java.base/java.util.stream.ForEachOps$ForEachOp$OfRef.accept(ForEachOps.java:184)
	at java.base/java.util.stream.ForEachOps$ForEachOp$OfRef.accept(ForEachOps.java:184)
	at java.base/java.util.stream.ReferencePipeline$3$1.accept(ReferencePipeline.java:197)
	at java.base/java.util.stream.ForEachOps$ForEachOp$OfRef.accept(ForEachOps.java:184)
	at java.base/java.util.Spliterators$ArraySpliterator.forEachRemaining(Spliterators.java:1024)
	at java.base/java.util.stream.ReferencePipeline$Head.forEach(ReferencePipeline.java:762)
	at java.base/java.util.stream.ReferencePipeline$7$1.accept(ReferencePipeline.java:276)
	at java.base/java.util.Iterator.forEachRemaining(Iterator.java:133)
	at java.base/java.util.Spliterators$IteratorSpliterator.forEachRemaining(Spliterators.java:1939)
	at java.base/java.util.stream.AbstractPipeline.copyInto(AbstractPipeline.java:509)
	at java.base/java.util.stream.AbstractPipeline.wrapAndCopyInto(AbstractPipeline.java:499)
	at java.base/java.util.stream.ForEachOps$ForEachOp.evaluateSequential(ForEachOps.java:151)
	at java.base/java.util.stream.ForEachOps$ForEachOp$OfRef.evaluateSequential(ForEachOps.java:174)
	at java.base/java.util.stream.AbstractPipeline.evaluate(AbstractPipeline.java:234)
	at java.base/java.util.stream.ReferencePipeline.forEach(ReferencePipeline.java:596)
	at java.base/java.util.stream.ReferencePipeline$7$1.accept(ReferencePipeline.java:276)
	at java.base/java.util.stream.ReferencePipeline$3$1.accept(ReferencePipeline.java:197)
	at java.base/java.util.stream.ReferencePipeline$3$1.accept(ReferencePipeline.java:197)
	at java.base/java.util.stream.ReferencePipeline$3$1.accept(ReferencePipeline.java:197)
	at java.base/java.util.Spliterators$ArraySpliterator.forEachRemaining(Spliterators.java:1024)
	at java.base/java.util.stream.AbstractPipeline.copyInto(AbstractPipeline.java:509)
	at java.base/java.util.stream.AbstractPipeline.wrapAndCopyInto(AbstractPipeline.java:499)
	at java.base/java.util.stream.ForEachOps$ForEachOp.evaluateSequential(ForEachOps.java:151)
	at java.base/java.util.stream.ForEachOps$ForEachOp$OfRef.evaluateSequential(ForEachOps.java:174)
	at java.base/java.util.stream.AbstractPipeline.evaluate(AbstractPipeline.java:234)
	at java.base/java.util.stream.ReferencePipeline.forEach(ReferencePipeline.java:596)
	at java.base/java.util.stream.ReferencePipeline$7$1.accept(ReferencePipeline.java:276)
	at java.base/java.util.ArrayList$ArrayListSpliterator.forEachRemaining(ArrayList.java:1708)
	at java.base/java.util.stream.AbstractPipeline.copyInto(AbstractPipeline.java:509)
	at java.base/java.util.stream.AbstractPipeline.wrapAndCopyInto(AbstractPipeline.java:499)
	at java.base/java.util.stream.ForEachOps$ForEachOp.evaluateSequential(ForEachOps.java:151)
	at java.base/java.util.stream.ForEachOps$ForEachOp$OfRef.evaluateSequential(ForEachOps.java:174)
	at java.base/java.util.stream.AbstractPipeline.evaluate(AbstractPipeline.java:234)
	at java.base/java.util.stream.ReferencePipeline.forEach(ReferencePipeline.java:596)
	at java.base/java.util.stream.ReferencePipeline$7$1.accept(ReferencePipeline.java:276)
	at java.base/java.util.stream.ReferencePipeline$3$1.accept(ReferencePipeline.java:197)
	at java.base/java.util.stream.ReferencePipeline$3$1.accept(ReferencePipeline.java:197)
	at java.base/java.util.stream.ReferencePipeline$3$1.accept(ReferencePipeline.java:197)
	at java.base/java.util.ArrayList$ArrayListSpliterator.forEachRemaining(ArrayList.java:1708)
	at java.base/java.util.stream.AbstractPipeline.copyInto(AbstractPipeline.java:509)
	at java.base/java.util.stream.AbstractPipeline.wrapAndCopyInto(AbstractPipeline.java:499)
	at java.base/java.util.stream.ForEachOps$ForEachOp.evaluateSequential(ForEachOps.java:151)
	at java.base/java.util.stream.ForEachOps$ForEachOp$OfRef.evaluateSequential(ForEachOps.java:174)
	at java.base/java.util.stream.AbstractPipeline.evaluate(AbstractPipeline.java:234)
	at java.base/java.util.stream.ReferencePipeline.forEach(ReferencePipeline.java:596)
	at java.base/java.util.stream.ReferencePipeline$7$1.accept(ReferencePipeline.java:276)
	at java.base/java.util.ArrayList$ArrayListSpliterator.forEachRemaining(ArrayList.java:1708)
	at java.base/java.util.stream.AbstractPipeline.copyInto(AbstractPipeline.java:509)
	at java.base/java.util.stream.AbstractPipeline.wrapAndCopyInto(AbstractPipeline.java:499)
	at java.base/java.util.stream.ForEachOps$ForEachOp.evaluateSequential(ForEachOps.java:151)
	at java.base/java.util.stream.ForEachOps$ForEachOp$OfRef.evaluateSequential(ForEachOps.java:174)
	at java.base/java.util.stream.AbstractPipeline.evaluate(AbstractPipeline.java:234)
	at java.base/java.util.stream.ReferencePipeline.forEach(ReferencePipeline.java:596)
	at org.junit.jupiter.engine.descriptor.TestTemplateTestDescriptor.execute(TestTemplateTestDescriptor.java:109)
	at org.junit.jupiter.engine.descriptor.TestTemplateTestDescriptor.execute(TestTemplateTestDescriptor.java:43)
	at org.junit.platform.engine.support.hierarchical.NodeTestTask.lambda$executeRecursively$6(NodeTestTask.java:156)
	at org.junit.platform.engine.support.hierarchical.ThrowableCollector.execute(ThrowableCollector.java:73)
	at org.junit.platform.engine.support.hierarchical.NodeTestTask.lambda$executeRecursively$8(NodeTestTask.java:146)
	at org.junit.platform.engine.support.hierarchical.Node.around(Node.java:137)
	at org.junit.platform.engine.support.hierarchical.NodeTestTask.lambda$executeRecursively$9(NodeTestTask.java:144)
	at org.junit.platform.engine.support.hierarchical.ThrowableCollector.execute(ThrowableCollector.java:73)
	at org.junit.platform.engine.support.hierarchical.NodeTestTask.executeRecursively(NodeTestTask.java:143)
	at org.junit.platform.engine.support.hierarchical.NodeTestTask.execute(NodeTestTask.java:100)
	at org.junit.platform.engine.support.hierarchical.ForkJoinPoolHierarchicalTestExecutorService$ExclusiveTask.exec(ForkJoinPoolHierarchicalTestExecutorService.java:274)
	at org.junit.platform.engine.support.hierarchical.ForkJoinPoolHierarchicalTestExecutorService$ExclusiveTask.execSync(ForkJoinPoolHierarchicalTestExecutorService.java:247)
	at org.junit.platform.engine.support.hierarchical.ForkJoinPoolHierarchicalTestExecutorService.executeSync(ForkJoinPoolHierarchicalTestExecutorService.java:194)
	at org.junit.platform.engine.support.hierarchical.ForkJoinPoolHierarchicalTestExecutorService.invokeAll(ForkJoinPoolHierarchicalTestExecutorService.java:166)
	at org.junit.platform.engine.support.hierarchical.NodeTestTask.lambda$executeRecursively$6(NodeTestTask.java:160)
	at org.junit.platform.engine.support.hierarchical.ThrowableCollector.execute(ThrowableCollector.java:73)
	at org.junit.platform.engine.support.hierarchical.NodeTestTask.lambda$executeRecursively$8(NodeTestTask.java:146)
	at org.junit.platform.engine.support.hierarchical.Node.around(Node.java:137)
	at org.junit.platform.engine.support.hierarchical.NodeTestTask.lambda$executeRecursively$9(NodeTestTask.java:144)
	at org.junit.platform.engine.support.hierarchical.ThrowableCollector.execute(ThrowableCollector.java:73)
	at org.junit.platform.engine.support.hierarchical.NodeTestTask.executeRecursively(NodeTestTask.java:143)
	at org.junit.platform.engine.support.hierarchical.NodeTestTask.execute(NodeTestTask.java:100)
	at org.junit.platform.engine.support.hierarchical.ForkJoinPoolHierarchicalTestExecutorService$ExclusiveTask.exec(ForkJoinPoolHierarchicalTestExecutorService.java:274)
	at java.base/java.util.concurrent.ForkJoinTask.doExec(ForkJoinTask.java:387)
	at java.base/java.util.concurrent.ForkJoinPool$WorkQueue.topLevelExec(ForkJoinPool.java:1312)
	at java.base/java.util.concurrent.ForkJoinPool.scan(ForkJoinPool.java:1843)
	at java.base/java.util.concurrent.ForkJoinPool.runWorker(ForkJoinPool.java:1808)
	at java.base/java.util.concurrent.ForkJoinWorkerThread.run(ForkJoinWorkerThread.java:188)
    23:48:52.430 | 463 ool-1-worker-227 | DEBUG | .c.s.m.InstanceMessageReceiveService : Received schedule participant score for exercise 3266 and participant 773 (result to be deleted: null)
    23:48:52.430 | 463 ool-1-worker-227 | DEBUG | .a.s.ParticipantScoreScheduleService : Scheduled task for exercise 3266 and participant 773 at 2025-02-14T23:48:52.530286641Z[Etc/UTC].
    23:48:52.431 | 463 ool-1-worker-227 | DEBUG | .a.a.p.s.ProgrammingMessagingService : Send result to client over websocket. Result: Result{id802, completionDate=2025-02-14T23:48:52.403850600Z, successful=false, score=0.0, rated=true, assessmentType=AUTOMATIC, hasComplaint=null, testCaseCount=0, passedTestCaseCount=0, codeIssueCount=0}, Submission: ProgrammingSubmission{commitHash='9b3a9bd71a0d80e5bbc42204c319ed3d1d4f0d6d', buildFailed=true, buildArtifact=false, type=MANUAL}, Participation: ProgrammingExerciseStudentParticipation{id=4121, repositoryUri='https://version-control.fake.fake/git/SHORT52B131BD0EE0F04ACF082920A2F37F34CFF3TSTEXC/short52b131bd0ee0f04acf082920a2f37f34cff3tstexc-progsubresgitlabjenstudent1.git', buildPlanId='SHORT52B131BD0EE0F04ACF082920A2F37F34CFF3TSTEXC-PROGSUBRESGITLABJENSTUDENT1', initializationState='INITIALIZED', initializationDate='2025-02-14T23:48:52.402134Z', individualDueDate=null', presentationScore=null}
    23:48:52.433 | 463 ool-1-worker-227 | INFO  | d.t.c.a.a.a.w.o.PublicResultResource : The new result for SHORT52B131BD0EE0F04ACF082920A2F37F34CFF3TSTEXC-PROGSUBRESGITLABJENSTUDENT1 was saved successfully
    23:48:52.436 | 463 ool-1-worker-227 | DEBUG | d.t.c.a.a.c.s.f.ApiVersionFilter     : Adding Version to Request GET /api/repository/4121/buildlogs
    23:48:52.437 | 463 ool-1-worker-227 | DEBUG | rammingExerciseParticipationResource : REST request to get build log : 4121

  Starting logs for ProgrammingSubmissionAndResultGitlabJenkinsIntegrationTest > shouldSaveBuildLogsOnStudentParticipationWithoutSubmissionNorResult(ProgrammingLanguage, boolean) [34] programmingLanguage=RUST, enableStaticCodeAnalysis=false
    23:48:52.450 | 463 ool-1-worker-227 | DEBUG | d.t.c.a.a.c.u.util.UserUtilService   : Generate 3 students...
    23:48:52.454 | 463 ool-1-worker-227 | DEBUG | d.t.c.a.a.c.u.util.UserUtilService   : 3 students generated. Generate 2 tutors...
    23:48:52.457 | 463 ool-1-worker-227 | DEBUG | d.t.c.a.a.c.u.util.UserUtilService   : 2 tutors generated. Generate 0 editors...
    23:48:52.459 | 463 ool-1-worker-227 | DEBUG | d.t.c.a.a.c.u.util.UserUtilService   : 0 editors generated. Generate 2 instructors...
    23:48:52.462 | 463 ool-1-worker-227 | DEBUG | d.t.c.a.a.c.u.util.UserUtilService   : 2 instructors generated
    23:48:52.463 | 463 ool-1-worker-227 | DEBUG | d.t.c.a.a.c.u.util.UserUtilService   : Removing 7 users from all courses...
    23:48:52.464 | 463 ool-1-worker-227 | DEBUG | d.t.c.a.a.c.u.util.UserUtilService   : Removing 7 users from all courses. Done
    23:48:52.464 | 463 ool-1-worker-227 | DEBUG | d.t.c.a.a.c.u.util.UserUtilService   : Save 7 users to database...
    23:48:52.467 | 463 ool-1-worker-227 | DEBUG | d.t.c.a.a.c.u.util.UserUtilService   : Save 7 users to database. Done
    23:48:52.481 | 463 ool-1-worker-227 | DEBUG | PersonalAccessTokenManagementService : Generate secure vcs access token
    23:48:52.484 | 463 ool-1-worker-227 | DEBUG | PersonalAccessTokenManagementService : Generate secure vcs access token
    23:48:52.486 | 463 ool-1-worker-227 | INFO  | i.z.t.d.l.EmbeddedDatabaseReporter   : JDBC URL to connect to 'dataSource': url='jdbc:h2:tcp://localhost:41063/mem:736625c0-cf5e-400d-aeaa-8a7eabd6262b;USER=sa', scope='ProgrammingSubmissionAndResultGitlabJenkinsIntegrationTest#shouldSaveBuildLogsOnStudentParticipationWithoutSubmissionNorResult'
    23:48:52.497 | 463 ool-1-worker-227 | DEBUG | PersonalAccessTokenManagementService : Generate secure vcs access token
    23:48:52.501 | 463 ool-1-worker-227 | DEBUG | d.t.c.a.a.c.s.f.ApiVersionFilter     : Adding Version to Request POST /api/public/programming-exercises/new-result
    23:48:52.501 | 463 ool-1-worker-227 | DEBUG | d.t.c.a.a.a.w.o.PublicResultResource : Received result notify (NEW)
    23:48:52.503 | 463 ool-1-worker-227 | INFO  | d.t.c.a.a.a.w.o.PublicResultResource : Artemis received a new result for build plan SHORT50BD220C0FFC404124097B902680DFA4C139TSTEXC-PROGSUBRESGITLABJENSTUDENT1
    23:48:52.504 | 463 ool-1-worker-227 | DEBUG | .s.ProgrammingExerciseGradingService : Received new build result (NEW) for participation 4128
    23:48:52.507 | 463 ool-1-worker-227 | WARN  | .s.ProgrammingExerciseGradingService : Could not find pending ProgrammingSubmission for Commit Hash 9b3a9bd71a0d80e5bbc42204c319ed3d1d4f0d6d (Participation 4128, Build Plan SHORT50BD220C0FFC404124097B902680DFA4C139TSTEXC-PROGSUBRESGITLABJENSTUDENT1). Will create a new one subsequently...
    23:48:52.507 | 463 ool-1-worker-227 | ERROR | .s.ProgrammingExerciseGradingService : Could not retrieve push date for participation 4128 and build plan SHORT50BD220C0FFC404124097B902680DFA4C139TSTEXC-PROGSUBRESGITLABJENSTUDENT1
de.tum.cit.aet.artemis.programming.service.gitlab.GitLabException: Could not find build queue date for participation 4128
	at de.tum.cit.aet.artemis.programming.service.gitlab.GitLabService.getPushDate(GitLabService.java:369)
	at de.tum.cit.aet.artemis.programming.service.gitlab.GitLabService.getPushDate(GitLabService.java:358)
	at de.tum.cit.aet.artemis.programming.service.ProgrammingExerciseGradingService.createAndSaveFallbackSubmission(ProgrammingExerciseGradingService.java:286)
	at de.tum.cit.aet.artemis.programming.service.ProgrammingExerciseGradingService.createAndSaveFallbackSubmission(ProgrammingExerciseGradingService.java:272)
	at de.tum.cit.aet.artemis.programming.service.ProgrammingExerciseGradingService.lambda$processNewProgrammingExerciseResult$0(ProgrammingExerciseGradingService.java:177)
	at java.base/java.util.Optional.orElseGet(Optional.java:364)
	at de.tum.cit.aet.artemis.programming.service.ProgrammingExerciseGradingService.processNewProgrammingExerciseResult(ProgrammingExerciseGradingService.java:177)
	at de.tum.cit.aet.artemis.programming.service.ProgrammingExerciseGradingService.processNewProgrammingExerciseResult(ProgrammingExerciseGradingService.java:156)
	at de.tum.cit.aet.artemis.assessment.web.open.PublicResultResource.processNewProgrammingExerciseResult(PublicResultResource.java:113)
	at java.base/jdk.internal.reflect.DirectMethodHandleAccessor.invoke(DirectMethodHandleAccessor.java:103)
	at java.base/java.lang.reflect.Method.invoke(Method.java:580)
	at org.springframework.aop.support.AopUtils.invokeJoinpointUsingReflection(AopUtils.java:359)
	at org.springframework.aop.framework.ReflectiveMethodInvocation.invokeJoinpoint(ReflectiveMethodInvocation.java:196)
	at org.springframework.aop.framework.ReflectiveMethodInvocation.proceed(ReflectiveMethodInvocation.java:163)
	at org.springframework.security.authorization.method.AuthorizationManagerBeforeMethodInterceptor.proceed(AuthorizationManagerBeforeMethodInterceptor.java:268)
	at org.springframework.security.authorization.method.AuthorizationManagerBeforeMethodInterceptor.attemptAuthorization(AuthorizationManagerBeforeMethodInterceptor.java:263)
	at org.springframework.security.authorization.method.AuthorizationManagerBeforeMethodInterceptor.invoke(AuthorizationManagerBeforeMethodInterceptor.java:196)
	at org.springframework.security.config.annotation.method.configuration.DeferringMethodInterceptor.invoke(DeferringMethodInterceptor.java:44)
	at org.springframework.aop.framework.ReflectiveMethodInvocation.proceed(ReflectiveMethodInvocation.java:184)
	at org.springframework.aop.framework.CglibAopProxy$DynamicAdvisedInterceptor.intercept(CglibAopProxy.java:727)
	at de.tum.cit.aet.artemis.assessment.web.open.PublicResultResource$$SpringCGLIB$$0.processNewProgrammingExerciseResult(<generated>)
	at java.base/jdk.internal.reflect.DirectMethodHandleAccessor.invoke(DirectMethodHandleAccessor.java:103)
	at java.base/java.lang.reflect.Method.invoke(Method.java:580)
	at org.springframework.web.method.support.InvocableHandlerMethod.doInvoke(InvocableHandlerMethod.java:257)
	at org.springframework.web.method.support.InvocableHandlerMethod.invokeForRequest(InvocableHandlerMethod.java:190)
	at org.springframework.web.servlet.mvc.method.annotation.ServletInvocableHandlerMethod.invokeAndHandle(ServletInvocableHandlerMethod.java:118)
	at org.springframework.web.servlet.mvc.method.annotation.RequestMappingHandlerAdapter.invokeHandlerMethod(RequestMappingHandlerAdapter.java:986)
	at org.springframework.web.servlet.mvc.method.annotation.RequestMappingHandlerAdapter.handleInternal(RequestMappingHandlerAdapter.java:891)
	at org.springframework.web.servlet.mvc.method.AbstractHandlerMethodAdapter.handle(AbstractHandlerMethodAdapter.java:87)
	at org.springframework.web.servlet.DispatcherServlet.doDispatch(DispatcherServlet.java:1088)
	at org.springframework.web.servlet.DispatcherServlet.doService(DispatcherServlet.java:978)
	at org.springframework.web.servlet.FrameworkServlet.processRequest(FrameworkServlet.java:1014)
	at org.springframework.web.servlet.FrameworkServlet.doPost(FrameworkServlet.java:914)
	at jakarta.servlet.http.HttpServlet.service(HttpServlet.java:547)
	at org.springframework.web.servlet.FrameworkServlet.service(FrameworkServlet.java:885)
	at org.springframework.test.web.servlet.TestDispatcherServlet.service(TestDispatcherServlet.java:72)
	at jakarta.servlet.http.HttpServlet.service(HttpServlet.java:614)
	at org.springframework.mock.web.MockFilterChain$ServletFilterProxy.doFilter(MockFilterChain.java:165)
	at org.springframework.mock.web.MockFilterChain.doFilter(MockFilterChain.java:132)
	at org.springframework.web.filter.OncePerRequestFilter.doFilter(OncePerRequestFilter.java:110)
	at org.springframework.test.web.servlet.setup.MockMvcFilterDecorator.doFilter(MockMvcFilterDecorator.java:162)
	at org.springframework.mock.web.MockFilterChain.doFilter(MockFilterChain.java:132)
	at de.tum.cit.aet.artemis.core.security.filter.ApiVersionFilter.doFilter(ApiVersionFilter.java:55)
	at org.springframework.test.web.servlet.setup.MockMvcFilterDecorator.doFilter(MockMvcFilterDecorator.java:162)
	at org.springframework.mock.web.MockFilterChain.doFilter(MockFilterChain.java:132)
	at io.sentry.spring.jakarta.SentryUserFilter.doFilterInternal(SentryUserFilter.java:56)
	at org.springframework.web.filter.OncePerRequestFilter.doFilter(OncePerRequestFilter.java:116)
	at org.springframework.test.web.servlet.setup.MockMvcFilterDecorator.doFilter(MockMvcFilterDecorator.java:162)
	at org.springframework.mock.web.MockFilterChain.doFilter(MockFilterChain.java:132)
	at org.springframework.web.filter.CompositeFilter$VirtualFilterChain.doFilter(CompositeFilter.java:108)
	at org.springframework.security.web.FilterChainProxy.lambda$doFilterInternal$3(FilterChainProxy.java:231)
	at org.springframework.security.web.ObservationFilterChainDecorator$FilterObservation$SimpleFilterObservation.lambda$wrap$1(ObservationFilterChainDecorator.java:479)
	at org.springframework.security.web.ObservationFilterChainDecorator$AroundFilterObservation$SimpleAroundFilterObservation.lambda$wrap$1(ObservationFilterChainDecorator.java:340)
	at org.springframework.security.web.ObservationFilterChainDecorator.lambda$wrapSecured$0(ObservationFilterChainDecorator.java:82)
	at org.springframework.security.web.ObservationFilterChainDecorator$VirtualFilterChain.doFilter(ObservationFilterChainDecorator.java:128)
	at org.springframework.security.web.access.intercept.AuthorizationFilter.doFilter(AuthorizationFilter.java:101)
	at org.springframework.security.web.ObservationFilterChainDecorator$ObservationFilter.wrapFilter(ObservationFilterChainDecorator.java:240)
	at org.springframework.security.web.ObservationFilterChainDecorator$ObservationFilter.doFilter(ObservationFilterChainDecorator.java:227)
	at org.springframework.security.web.ObservationFilterChainDecorator$VirtualFilterChain.doFilter(ObservationFilterChainDecorator.java:137)
	at org.springframework.security.web.access.ExceptionTranslationFilter.doFilter(ExceptionTranslationFilter.java:126)
	at org.springframework.security.web.access.ExceptionTranslationFilter.doFilter(ExceptionTranslationFilter.java:120)
	at org.springframework.security.web.ObservationFilterChainDecorator$ObservationFilter.wrapFilter(ObservationFilterChainDecorator.java:240)
	at org.springframework.security.web.ObservationFilterChainDecorator$ObservationFilter.doFilter(ObservationFilterChainDecorator.java:227)
	at org.springframework.security.web.ObservationFilterChainDecorator$VirtualFilterChain.doFilter(ObservationFilterChainDecorator.java:137)
	at org.springframework.security.web.session.SessionManagementFilter.doFilter(SessionManagementFilter.java:131)
	at org.springframework.security.web.session.SessionManagementFilter.doFilter(SessionManagementFilter.java:85)
	at org.springframework.security.web.ObservationFilterChainDecorator$ObservationFilter.wrapFilter(ObservationFilterChainDecorator.java:240)
	at org.springframework.security.web.ObservationFilterChainDecorator$ObservationFilter.doFilter(ObservationFilterChainDecorator.java:227)
	at org.springframework.security.web.ObservationFilterChainDecorator$VirtualFilterChain.doFilter(ObservationFilterChainDecorator.java:137)
	at org.springframework.security.web.authentication.AnonymousAuthenticationFilter.doFilter(AnonymousAuthenticationFilter.java:100)
	at org.springframework.security.web.ObservationFilterChainDecorator$ObservationFilter.wrapFilter(ObservationFilterChainDecorator.java:240)
	at org.springframework.security.web.ObservationFilterChainDecorator$ObservationFilter.doFilter(ObservationFilterChainDecorator.java:227)
	at org.springframework.security.web.ObservationFilterChainDecorator$VirtualFilterChain.doFilter(ObservationFilterChainDecorator.java:137)
	at org.springframework.security.web.servletapi.SecurityContextHolderAwareRequestFilter.doFilter(SecurityContextHolderAwareRequestFilter.java:179)
	at org.springframework.security.web.ObservationFilterChainDecorator$ObservationFilter.wrapFilter(ObservationFilterChainDecorator.java:240)
	at org.springframework.security.web.ObservationFilterChainDecorator$ObservationFilter.doFilter(ObservationFilterChainDecorator.java:227)
	at org.springframework.security.web.ObservationFilterChainDecorator$VirtualFilterChain.doFilter(ObservationFilterChainDecorator.java:137)
	at org.springframework.security.web.savedrequest.RequestCacheAwareFilter.doFilter(RequestCacheAwareFilter.java:63)
	at org.springframework.security.web.ObservationFilterChainDecorator$ObservationFilter.wrapFilter(ObservationFilterChainDecorator.java:240)
	at org.springframework.security.web.ObservationFilterChainDecorator$ObservationFilter.doFilter(ObservationFilterChainDecorator.java:227)
	at org.springframework.security.web.ObservationFilterChainDecorator$VirtualFilterChain.doFilter(ObservationFilterChainDecorator.java:137)
	at de.tum.cit.aet.artemis.core.security.filter.SpaWebFilter.doFilterInternal(SpaWebFilter.java:23)
	at org.springframework.web.filter.OncePerRequestFilter.doFilter(OncePerRequestFilter.java:116)
	at org.springframework.security.web.ObservationFilterChainDecorator$ObservationFilter.wrapFilter(ObservationFilterChainDecorator.java:240)
	at org.springframework.security.web.ObservationFilterChainDecorator$ObservationFilter.doFilter(ObservationFilterChainDecorator.java:227)
	at org.springframework.security.web.ObservationFilterChainDecorator$VirtualFilterChain.doFilter(ObservationFilterChainDecorator.java:137)
	at org.springframework.web.filter.OncePerRequestFilter.doFilter(OncePerRequestFilter.java:110)
	at org.springframework.security.web.ObservationFilterChainDecorator$ObservationFilter.wrapFilter(ObservationFilterChainDecorator.java:240)
	at org.springframework.security.web.ObservationFilterChainDecorator$ObservationFilter.doFilter(ObservationFilterChainDecorator.java:227)
	at org.springframework.security.web.ObservationFilterChainDecorator$VirtualFilterChain.doFilter(ObservationFilterChainDecorator.java:137)
	at de.tum.cit.aet.artemis.lti.config.Lti13LaunchFilter.doFilterInternal(Lti13LaunchFilter.java:60)
	at org.springframework.web.filter.OncePerRequestFilter.doFilter(OncePerRequestFilter.java:116)
	at org.springframework.security.web.ObservationFilterChainDecorator$ObservationFilter.wrapFilter(ObservationFilterChainDecorator.java:240)
	at org.springframework.security.web.ObservationFilterChainDecorator$ObservationFilter.doFilter(ObservationFilterChainDecorator.java:227)
	at org.springframework.security.web.ObservationFilterChainDecorator$VirtualFilterChain.doFilter(ObservationFilterChainDecorator.java:137)
	at de.tum.cit.aet.artemis.core.security.jwt.JWTFilter.doFilter(JWTFilter.java:55)
	at org.springframework.security.web.ObservationFilterChainDecorator$ObservationFilter.wrapFilter(ObservationFilterChainDecorator.java:240)
	at org.springframework.security.web.ObservationFilterChainDecorator$ObservationFilter.doFilter(ObservationFilterChainDecorator.java:227)
	at org.springframework.security.web.ObservationFilterChainDecorator$VirtualFilterChain.doFilter(ObservationFilterChainDecorator.java:137)
	at de.tum.cit.aet.artemis.core.security.jwt.JWTFilter.doFilter(JWTFilter.java:55)
	at org.springframework.security.web.ObservationFilterChainDecorator$ObservationFilter.wrapFilter(ObservationFilterChainDecorator.java:240)
	at org.springframework.security.web.ObservationFilterChainDecorator$ObservationFilter.doFilter(ObservationFilterChainDecorator.java:227)
	at org.springframework.security.web.ObservationFilterChainDecorator$VirtualFilterChain.doFilter(ObservationFilterChainDecorator.java:137)
	at org.springframework.web.filter.CorsFilter.doFilterInternal(CorsFilter.java:91)
	at org.springframework.web.filter.OncePerRequestFilter.doFilter(OncePerRequestFilter.java:116)
	at org.springframework.security.web.ObservationFilterChainDecorator$ObservationFilter.wrapFilter(ObservationFilterChainDecorator.java:240)
	at org.springframework.security.web.ObservationFilterChainDecorator$ObservationFilter.doFilter(ObservationFilterChainDecorator.java:227)
	at org.springframework.security.web.ObservationFilterChainDecorator$VirtualFilterChain.doFilter(ObservationFilterChainDecorator.java:137)
	at org.springframework.web.filter.OncePerRequestFilter.doFilter(OncePerRequestFilter.java:110)
	at org.springframework.security.web.ObservationFilterChainDecorator$ObservationFilter.wrapFilter(ObservationFilterChainDecorator.java:240)
	at org.springframework.security.web.ObservationFilterChainDecorator$ObservationFilter.doFilter(ObservationFilterChainDecorator.java:227)
	at org.springframework.security.web.ObservationFilterChainDecorator$VirtualFilterChain.doFilter(ObservationFilterChainDecorator.java:137)
	at uk.ac.ox.ctl.lti13.security.oauth2.client.lti.web.OAuth2AuthorizationRequestRedirectFilter.doFilterInternal(OAuth2AuthorizationRequestRedirectFilter.java:142)
	at org.springframework.web.filter.OncePerRequestFilter.doFilter(OncePerRequestFilter.java:116)
	at org.springframework.security.web.ObservationFilterChainDecorator$ObservationFilter.wrapFilter(ObservationFilterChainDecorator.java:240)
	at org.springframework.security.web.ObservationFilterChainDecorator$ObservationFilter.doFilter(ObservationFilterChainDecorator.java:227)
	at org.springframework.security.web.ObservationFilterChainDecorator$VirtualFilterChain.doFilter(ObservationFilterChainDecorator.java:137)
	at org.springframework.security.web.authentication.logout.LogoutFilter.doFilter(LogoutFilter.java:107)
	at org.springframework.security.web.authentication.logout.LogoutFilter.doFilter(LogoutFilter.java:93)
	at org.springframework.security.web.ObservationFilterChainDecorator$ObservationFilter.wrapFilter(ObservationFilterChainDecorator.java:240)
	at org.springframework.security.web.ObservationFilterChainDecorator$ObservationFilter.doFilter(ObservationFilterChainDecorator.java:227)
	at org.springframework.security.web.ObservationFilterChainDecorator$VirtualFilterChain.doFilter(ObservationFilterChainDecorator.java:137)
	at org.springframework.security.web.header.HeaderWriterFilter.doHeadersAfter(HeaderWriterFilter.java:90)
	at org.springframework.security.web.header.HeaderWriterFilter.doFilterInternal(HeaderWriterFilter.java:75)
	at org.springframework.web.filter.OncePerRequestFilter.doFilter(OncePerRequestFilter.java:116)
	at org.springframework.security.web.ObservationFilterChainDecorator$ObservationFilter.wrapFilter(ObservationFilterChainDecorator.java:240)
	at org.springframework.security.web.ObservationFilterChainDecorator$ObservationFilter.doFilter(ObservationFilterChainDecorator.java:227)
	at org.springframework.security.web.ObservationFilterChainDecorator$VirtualFilterChain.doFilter(ObservationFilterChainDecorator.java:137)
	at org.springframework.security.web.context.SecurityContextHolderFilter.doFilter(SecurityContextHolderFilter.java:82)
	at org.springframework.security.web.context.SecurityContextHolderFilter.doFilter(SecurityContextHolderFilter.java:69)
	at org.springframework.security.web.ObservationFilterChainDecorator$ObservationFilter.wrapFilter(ObservationFilterChainDecorator.java:240)
	at org.springframework.security.web.ObservationFilterChainDecorator$ObservationFilter.doFilter(ObservationFilterChainDecorator.java:227)
	at org.springframework.security.web.ObservationFilterChainDecorator$VirtualFilterChain.doFilter(ObservationFilterChainDecorator.java:137)
	at org.springframework.security.web.context.request.async.WebAsyncManagerIntegrationFilter.doFilterInternal(WebAsyncManagerIntegrationFilter.java:62)
	at org.springframework.web.filter.OncePerRequestFilter.doFilter(OncePerRequestFilter.java:116)
	at org.springframework.security.web.ObservationFilterChainDecorator$ObservationFilter.wrapFilter(ObservationFilterChainDecorator.java:240)
	at org.springframework.security.web.ObservationFilterChainDecorator$ObservationFilter.doFilter(ObservationFilterChainDecorator.java:227)
	at org.springframework.security.web.ObservationFilterChainDecorator$VirtualFilterChain.doFilter(ObservationFilterChainDecorator.java:137)
	at org.springframework.security.web.session.DisableEncodeUrlFilter.doFilterInternal(DisableEncodeUrlFilter.java:42)
	at org.springframework.web.filter.OncePerRequestFilter.doFilter(OncePerRequestFilter.java:116)
	at org.springframework.security.web.ObservationFilterChainDecorator$ObservationFilter.wrapFilter(ObservationFilterChainDecorator.java:240)
	at org.springframework.security.web.ObservationFilterChainDecorator$AroundFilterObservation$SimpleAroundFilterObservation.lambda$wrap$0(ObservationFilterChainDecorator.java:323)
	at org.springframework.security.web.ObservationFilterChainDecorator$ObservationFilter.doFilter(ObservationFilterChainDecorator.java:224)
	at org.springframework.security.web.ObservationFilterChainDecorator$VirtualFilterChain.doFilter(ObservationFilterChainDecorator.java:137)
	at org.springframework.security.web.FilterChainProxy.doFilterInternal(FilterChainProxy.java:233)
	at org.springframework.security.web.FilterChainProxy.doFilter(FilterChainProxy.java:191)
	at org.springframework.web.filter.CompositeFilter$VirtualFilterChain.doFilter(CompositeFilter.java:113)
	at org.springframework.web.servlet.handler.HandlerMappingIntrospector.lambda$createCacheFilter$3(HandlerMappingIntrospector.java:243)
	at org.springframework.web.filter.CompositeFilter$VirtualFilterChain.doFilter(CompositeFilter.java:113)
	at org.springframework.web.filter.CompositeFilter.doFilter(CompositeFilter.java:74)
	at org.springframework.security.config.annotation.web.configuration.WebMvcSecurityConfiguration$CompositeFilterChainProxy.doFilter(WebMvcSecurityConfiguration.java:238)
	at org.springframework.web.filter.DelegatingFilterProxy.invokeDelegate(DelegatingFilterProxy.java:362)
	at org.springframework.web.filter.DelegatingFilterProxy.doFilter(DelegatingFilterProxy.java:278)
	at org.springframework.test.web.servlet.setup.MockMvcFilterDecorator.doFilter(MockMvcFilterDecorator.java:162)
	at org.springframework.mock.web.MockFilterChain.doFilter(MockFilterChain.java:132)
	at org.springframework.web.filter.RequestContextFilter.doFilterInternal(RequestContextFilter.java:100)
	at org.springframework.web.filter.OncePerRequestFilter.doFilter(OncePerRequestFilter.java:116)
	at org.springframework.test.web.servlet.setup.MockMvcFilterDecorator.doFilter(MockMvcFilterDecorator.java:162)
	at org.springframework.mock.web.MockFilterChain.doFilter(MockFilterChain.java:132)
	at org.springframework.web.filter.FormContentFilter.doFilterInternal(FormContentFilter.java:93)
	at org.springframework.web.filter.OncePerRequestFilter.doFilter(OncePerRequestFilter.java:116)
	at org.springframework.test.web.servlet.setup.MockMvcFilterDecorator.doFilter(MockMvcFilterDecorator.java:162)
	at org.springframework.mock.web.MockFilterChain.doFilter(MockFilterChain.java:132)
	at org.springframework.web.filter.ServerHttpObservationFilter.doFilterInternal(ServerHttpObservationFilter.java:114)
	at org.springframework.web.filter.OncePerRequestFilter.doFilter(OncePerRequestFilter.java:116)
	at org.springframework.test.web.servlet.setup.MockMvcFilterDecorator.doFilter(MockMvcFilterDecorator.java:162)
	at org.springframework.mock.web.MockFilterChain.doFilter(MockFilterChain.java:132)
	at io.sentry.spring.jakarta.tracing.SentryTracingFilter.doFilterInternal(SentryTracingFilter.java:91)
	at org.springframework.web.filter.OncePerRequestFilter.doFilter(OncePerRequestFilter.java:116)
	at org.springframework.test.web.servlet.setup.MockMvcFilterDecorator.doFilter(MockMvcFilterDecorator.java:162)
	at org.springframework.mock.web.MockFilterChain.doFilter(MockFilterChain.java:132)
	at org.springframework.web.filter.CharacterEncodingFilter.doFilterInternal(CharacterEncodingFilter.java:201)
	at org.springframework.web.filter.OncePerRequestFilter.doFilter(OncePerRequestFilter.java:116)
	at org.springframework.test.web.servlet.setup.MockMvcFilterDecorator.doFilter(MockMvcFilterDecorator.java:162)
	at org.springframework.mock.web.MockFilterChain.doFilter(MockFilterChain.java:132)
	at io.sentry.spring.jakarta.SentrySpringFilter.doFilterInternal(SentrySpringFilter.java:76)
	at org.springframework.web.filter.OncePerRequestFilter.doFilter(OncePerRequestFilter.java:116)
	at org.springframework.test.web.servlet.setup.MockMvcFilterDecorator.doFilter(MockMvcFilterDecorator.java:162)
	at org.springframework.mock.web.MockFilterChain.doFilter(MockFilterChain.java:132)
	at org.springframework.test.web.servlet.MockMvc.perform(MockMvc.java:201)
	at de.tum.cit.aet.artemis.core.util.RequestUtilService.performMvcRequest(RequestUtilService.java:79)
	at de.tum.cit.aet.artemis.core.util.RequestUtilService.postWithoutLocation(RequestUtilService.java:213)
	at de.tum.cit.aet.artemis.core.util.RequestUtilService.postWithoutLocation(RequestUtilService.java:199)
	at de.tum.cit.aet.artemis.programming.ProgrammingSubmissionAndResultGitlabJenkinsIntegrationTest.postResult(ProgrammingSubmissionAndResultGitlabJenkinsIntegrationTest.java:413)
	at de.tum.cit.aet.artemis.programming.ProgrammingSubmissionAndResultGitlabJenkinsIntegrationTest.shouldSaveBuildLogsOnStudentParticipationWithoutSubmissionNorResult(ProgrammingSubmissionAndResultGitlabJenkinsIntegrationTest.java:338)
	at java.base/jdk.internal.reflect.DirectMethodHandleAccessor.invoke(DirectMethodHandleAccessor.java:103)
	at java.base/java.lang.reflect.Method.invoke(Method.java:580)
	at org.junit.platform.commons.util.ReflectionUtils.invokeMethod(ReflectionUtils.java:767)
	at org.junit.jupiter.engine.execution.MethodInvocation.proceed(MethodInvocation.java:60)
	at org.junit.jupiter.engine.execution.InvocationInterceptorChain$ValidatingInvocation.proceed(InvocationInterceptorChain.java:131)
	at org.junit.jupiter.engine.extension.TimeoutExtension.intercept(TimeoutExtension.java:156)
	at org.junit.jupiter.engine.extension.TimeoutExtension.interceptTestableMethod(TimeoutExtension.java:147)
	at org.junit.jupiter.engine.extension.TimeoutExtension.interceptTestTemplateMethod(TimeoutExtension.java:94)
	at org.junit.jupiter.engine.execution.InterceptingExecutableInvoker$ReflectiveInterceptorCall.lambda$ofVoidMethod$0(InterceptingExecutableInvoker.java:103)
	at org.junit.jupiter.engine.execution.InterceptingExecutableInvoker.lambda$invoke$0(InterceptingExecutableInvoker.java:93)
	at org.junit.jupiter.engine.execution.InvocationInterceptorChain$InterceptedInvocation.proceed(InvocationInterceptorChain.java:106)
	at org.junit.jupiter.engine.execution.InvocationInterceptorChain.proceed(InvocationInterceptorChain.java:64)
	at org.junit.jupiter.engine.execution.InvocationInterceptorChain.chainAndInvoke(InvocationInterceptorChain.java:45)
	at org.junit.jupiter.engine.execution.InvocationInterceptorChain.invoke(InvocationInterceptorChain.java:37)
	at org.junit.jupiter.engine.execution.InterceptingExecutableInvoker.invoke(InterceptingExecutableInvoker.java:92)
	at org.junit.jupiter.engine.execution.InterceptingExecutableInvoker.invoke(InterceptingExecutableInvoker.java:86)
	at org.junit.jupiter.engine.descriptor.TestMethodTestDescriptor.lambda$invokeTestMethod$8(TestMethodTestDescriptor.java:217)
	at org.junit.platform.engine.support.hierarchical.ThrowableCollector.execute(ThrowableCollector.java:73)
	at org.junit.jupiter.engine.descriptor.TestMethodTestDescriptor.invokeTestMethod(TestMethodTestDescriptor.java:213)
	at org.junit.jupiter.engine.descriptor.TestMethodTestDescriptor.execute(TestMethodTestDescriptor.java:138)
	at org.junit.jupiter.engine.descriptor.TestMethodTestDescriptor.execute(TestMethodTestDescriptor.java:68)
	at org.junit.platform.engine.support.hierarchical.NodeTestTask.lambda$executeRecursively$6(NodeTestTask.java:156)
	at org.junit.platform.engine.support.hierarchical.ThrowableCollector.execute(ThrowableCollector.java:73)
	at org.junit.platform.engine.support.hierarchical.NodeTestTask.lambda$executeRecursively$8(NodeTestTask.java:146)
	at org.junit.platform.engine.support.hierarchical.Node.around(Node.java:137)
	at org.junit.platform.engine.support.hierarchical.NodeTestTask.lambda$executeRecursively$9(NodeTestTask.java:144)
	at org.junit.platform.engine.support.hierarchical.ThrowableCollector.execute(ThrowableCollector.java:73)
	at org.junit.platform.engine.support.hierarchical.NodeTestTask.executeRecursively(NodeTestTask.java:143)
	at org.junit.platform.engine.support.hierarchical.NodeTestTask.execute(NodeTestTask.java:100)
	at org.junit.platform.engine.support.hierarchical.ForkJoinPoolHierarchicalTestExecutorService$ExclusiveTask.exec(ForkJoinPoolHierarchicalTestExecutorService.java:274)
	at org.junit.platform.engine.support.hierarchical.ForkJoinPoolHierarchicalTestExecutorService$ExclusiveTask.execSync(ForkJoinPoolHierarchicalTestExecutorService.java:247)
	at org.junit.platform.engine.support.hierarchical.ForkJoinPoolHierarchicalTestExecutorService.submit(ForkJoinPoolHierarchicalTestExecutorService.java:148)
	at org.junit.platform.engine.support.hierarchical.NodeTestTask$DefaultDynamicTestExecutor.execute(NodeTestTask.java:231)
	at org.junit.platform.engine.support.hierarchical.NodeTestTask$DefaultDynamicTestExecutor.execute(NodeTestTask.java:209)
	at org.junit.jupiter.engine.descriptor.TestTemplateTestDescriptor.execute(TestTemplateTestDescriptor.java:141)
	at org.junit.jupiter.engine.descriptor.TestTemplateTestDescriptor.lambda$execute$3(TestTemplateTestDescriptor.java:109)
	at java.base/java.util.stream.ForEachOps$ForEachOp$OfRef.accept(ForEachOps.java:184)
	at java.base/java.util.stream.ReferencePipeline$3$1.accept(ReferencePipeline.java:197)
	at java.base/java.util.stream.ReferencePipeline$2$1.accept(ReferencePipeline.java:179)
	at java.base/java.util.stream.ReferencePipeline$3$1.accept(ReferencePipeline.java:197)
	at java.base/java.util.stream.ForEachOps$ForEachOp$OfRef.accept(ForEachOps.java:184)
	at java.base/java.util.stream.ReferencePipeline$3$1.accept(ReferencePipeline.java:197)
	at java.base/java.util.stream.ForEachOps$ForEachOp$OfRef.accept(ForEachOps.java:184)
	at java.base/java.util.stream.ForEachOps$ForEachOp$OfRef.accept(ForEachOps.java:184)
	at java.base/java.util.stream.ReferencePipeline$3$1.accept(ReferencePipeline.java:197)
	at java.base/java.util.stream.ForEachOps$ForEachOp$OfRef.accept(ForEachOps.java:184)
	at java.base/java.util.Spliterators$ArraySpliterator.forEachRemaining(Spliterators.java:1024)
	at java.base/java.util.stream.ReferencePipeline$Head.forEach(ReferencePipeline.java:762)
	at java.base/java.util.stream.ReferencePipeline$7$1.accept(ReferencePipeline.java:276)
	at java.base/java.util.Iterator.forEachRemaining(Iterator.java:133)
	at java.base/java.util.Spliterators$IteratorSpliterator.forEachRemaining(Spliterators.java:1939)
	at java.base/java.util.stream.AbstractPipeline.copyInto(AbstractPipeline.java:509)
	at java.base/java.util.stream.AbstractPipeline.wrapAndCopyInto(AbstractPipeline.java:499)
	at java.base/java.util.stream.ForEachOps$ForEachOp.evaluateSequential(ForEachOps.java:151)
	at java.base/java.util.stream.ForEachOps$ForEachOp$OfRef.evaluateSequential(ForEachOps.java:174)
	at java.base/java.util.stream.AbstractPipeline.evaluate(AbstractPipeline.java:234)
	at java.base/java.util.stream.ReferencePipeline.forEach(ReferencePipeline.java:596)
	at java.base/java.util.stream.ReferencePipeline$7$1.accept(ReferencePipeline.java:276)
	at java.base/java.util.stream.ReferencePipeline$3$1.accept(ReferencePipeline.java:197)
	at java.base/java.util.stream.ReferencePipeline$3$1.accept(ReferencePipeline.java:197)
	at java.base/java.util.stream.ReferencePipeline$3$1.accept(ReferencePipeline.java:197)
	at java.base/java.util.Spliterators$ArraySpliterator.forEachRemaining(Spliterators.java:1024)
	at java.base/java.util.stream.AbstractPipeline.copyInto(AbstractPipeline.java:509)
	at java.base/java.util.stream.AbstractPipeline.wrapAndCopyInto(AbstractPipeline.java:499)
	at java.base/java.util.stream.ForEachOps$ForEachOp.evaluateSequential(ForEachOps.java:151)
	at java.base/java.util.stream.ForEachOps$ForEachOp$OfRef.evaluateSequential(ForEachOps.java:174)
	at java.base/java.util.stream.AbstractPipeline.evaluate(AbstractPipeline.java:234)
	at java.base/java.util.stream.ReferencePipeline.forEach(ReferencePipeline.java:596)
	at java.base/java.util.stream.ReferencePipeline$7$1.accept(ReferencePipeline.java:276)
	at java.base/java.util.ArrayList$ArrayListSpliterator.forEachRemaining(ArrayList.java:1708)
	at java.base/java.util.stream.AbstractPipeline.copyInto(AbstractPipeline.java:509)
	at java.base/java.util.stream.AbstractPipeline.wrapAndCopyInto(AbstractPipeline.java:499)
	at java.base/java.util.stream.ForEachOps$ForEachOp.evaluateSequential(ForEachOps.java:151)
	at java.base/java.util.stream.ForEachOps$ForEachOp$OfRef.evaluateSequential(ForEachOps.java:174)
	at java.base/java.util.stream.AbstractPipeline.evaluate(AbstractPipeline.java:234)
	at java.base/java.util.stream.ReferencePipeline.forEach(ReferencePipeline.java:596)
	at java.base/java.util.stream.ReferencePipeline$7$1.accept(ReferencePipeline.java:276)
	at java.base/java.util.stream.ReferencePipeline$3$1.accept(ReferencePipeline.java:197)
	at java.base/java.util.stream.ReferencePipeline$3$1.accept(ReferencePipeline.java:197)
	at java.base/java.util.stream.ReferencePipeline$3$1.accept(ReferencePipeline.java:197)
	at java.base/java.util.ArrayList$ArrayListSpliterator.forEachRemaining(ArrayList.java:1708)
	at java.base/java.util.stream.AbstractPipeline.copyInto(AbstractPipeline.java:509)
	at java.base/java.util.stream.AbstractPipeline.wrapAndCopyInto(AbstractPipeline.java:499)
	at java.base/java.util.stream.ForEachOps$ForEachOp.evaluateSequential(ForEachOps.java:151)
	at java.base/java.util.stream.ForEachOps$ForEachOp$OfRef.evaluateSequential(ForEachOps.java:174)
	at java.base/java.util.stream.AbstractPipeline.evaluate(AbstractPipeline.java:234)
	at java.base/java.util.stream.ReferencePipeline.forEach(ReferencePipeline.java:596)
	at java.base/java.util.stream.ReferencePipeline$7$1.accept(ReferencePipeline.java:276)
	at java.base/java.util.ArrayList$ArrayListSpliterator.forEachRemaining(ArrayList.java:1708)
	at java.base/java.util.stream.AbstractPipeline.copyInto(AbstractPipeline.java:509)
	at java.base/java.util.stream.AbstractPipeline.wrapAndCopyInto(AbstractPipeline.java:499)
	at java.base/java.util.stream.ForEachOps$ForEachOp.evaluateSequential(ForEachOps.java:151)
	at java.base/java.util.stream.ForEachOps$ForEachOp$OfRef.evaluateSequential(ForEachOps.java:174)
	at java.base/java.util.stream.AbstractPipeline.evaluate(AbstractPipeline.java:234)
	at java.base/java.util.stream.ReferencePipeline.forEach(ReferencePipeline.java:596)
	at org.junit.jupiter.engine.descriptor.TestTemplateTestDescriptor.execute(TestTemplateTestDescriptor.java:109)
	at org.junit.jupiter.engine.descriptor.TestTemplateTestDescriptor.execute(TestTemplateTestDescriptor.java:43)
	at org.junit.platform.engine.support.hierarchical.NodeTestTask.lambda$executeRecursively$6(NodeTestTask.java:156)
	at org.junit.platform.engine.support.hierarchical.ThrowableCollector.execute(ThrowableCollector.java:73)
	at org.junit.platform.engine.support.hierarchical.NodeTestTask.lambda$executeRecursively$8(NodeTestTask.java:146)
	at org.junit.platform.engine.support.hierarchical.Node.around(Node.java:137)
	at org.junit.platform.engine.support.hierarchical.NodeTestTask.lambda$executeRecursively$9(NodeTestTask.java:144)
	at org.junit.platform.engine.support.hierarchical.ThrowableCollector.execute(ThrowableCollector.java:73)
	at org.junit.platform.engine.support.hierarchical.NodeTestTask.executeRecursively(NodeTestTask.java:143)
	at org.junit.platform.engine.support.hierarchical.NodeTestTask.execute(NodeTestTask.java:100)
	at org.junit.platform.engine.support.hierarchical.ForkJoinPoolHierarchicalTestExecutorService$ExclusiveTask.exec(ForkJoinPoolHierarchicalTestExecutorService.java:274)
	at org.junit.platform.engine.support.hierarchical.ForkJoinPoolHierarchicalTestExecutorService$ExclusiveTask.execSync(ForkJoinPoolHierarchicalTestExecutorService.java:247)
	at org.junit.platform.engine.support.hierarchical.ForkJoinPoolHierarchicalTestExecutorService.executeSync(ForkJoinPoolHierarchicalTestExecutorService.java:194)
	at org.junit.platform.engine.support.hierarchical.ForkJoinPoolHierarchicalTestExecutorService.invokeAll(ForkJoinPoolHierarchicalTestExecutorService.java:166)
	at org.junit.platform.engine.support.hierarchical.NodeTestTask.lambda$executeRecursively$6(NodeTestTask.java:160)
	at org.junit.platform.engine.support.hierarchical.ThrowableCollector.execute(ThrowableCollector.java:73)
	at org.junit.platform.engine.support.hierarchical.NodeTestTask.lambda$executeRecursively$8(NodeTestTask.java:146)
	at org.junit.platform.engine.support.hierarchical.Node.around(Node.java:137)
	at org.junit.platform.engine.support.hierarchical.NodeTestTask.lambda$executeRecursively$9(NodeTestTask.java:144)
	at org.junit.platform.engine.support.hierarchical.ThrowableCollector.execute(ThrowableCollector.java:73)
	at org.junit.platform.engine.support.hierarchical.NodeTestTask.executeRecursively(NodeTestTask.java:143)
	at org.junit.platform.engine.support.hierarchical.NodeTestTask.execute(NodeTestTask.java:100)
	at org.junit.platform.engine.support.hierarchical.ForkJoinPoolHierarchicalTestExecutorService$ExclusiveTask.exec(ForkJoinPoolHierarchicalTestExecutorService.java:274)
	at java.base/java.util.concurrent.ForkJoinTask.doExec(ForkJoinTask.java:387)
	at java.base/java.util.concurrent.ForkJoinPool$WorkQueue.topLevelExec(ForkJoinPool.java:1312)
	at java.base/java.util.concurrent.ForkJoinPool.scan(ForkJoinPool.java:1843)
	at java.base/java.util.concurrent.ForkJoinPool.runWorker(ForkJoinPool.java:1808)
	at java.base/java.util.concurrent.ForkJoinWorkerThread.run(ForkJoinWorkerThread.java:188)
    23:48:52.524 | 463 ool-1-worker-227 | DEBUG | .c.s.m.InstanceMessageReceiveService : Received schedule participant score for exercise 3268 and participant 773 (result to be deleted: null)
    23:48:52.524 | 463 ool-1-worker-227 | DEBUG | .a.s.ParticipantScoreScheduleService : Scheduled task for exercise 3268 and participant 773 at 2025-02-14T23:48:52.624387949Z[Etc/UTC].
    23:48:52.525 | 463 ool-1-worker-227 | DEBUG | .a.a.p.s.ProgrammingMessagingService : Send result to client over websocket. Result: Result{id803, completionDate=2025-02-14T23:48:52.498753300Z, successful=false, score=0.0, rated=true, assessmentType=AUTOMATIC, hasComplaint=null, testCaseCount=0, passedTestCaseCount=0, codeIssueCount=0}, Submission: ProgrammingSubmission{commitHash='9b3a9bd71a0d80e5bbc42204c319ed3d1d4f0d6d', buildFailed=true, buildArtifact=false, type=MANUAL}, Participation: ProgrammingExerciseStudentParticipation{id=4128, repositoryUri='https://version-control.fake.fake/git/SHORT50BD220C0FFC404124097B902680DFA4C139TSTEXC/short50bd220c0ffc404124097b902680dfa4c139tstexc-progsubresgitlabjenstudent1.git', buildPlanId='SHORT50BD220C0FFC404124097B902680DFA4C139TSTEXC-PROGSUBRESGITLABJENSTUDENT1', initializationState='INITIALIZED', initializationDate='2025-02-14T23:48:52.497061Z', individualDueDate=null', presentationScore=null}
    23:48:52.527 | 463 ool-1-worker-227 | INFO  | d.t.c.a.a.a.w.o.PublicResultResource : The new result for SHORT50BD220C0FFC404124097B902680DFA4C139TSTEXC-PROGSUBRESGITLABJENSTUDENT1 was saved successfully
    23:48:52.530 | 463 ool-1-worker-227 | DEBUG | d.t.c.a.a.c.s.f.ApiVersionFilter     : Adding Version to Request GET /api/repository/4128/buildlogs
    23:48:52.530 | 463 ool-1-worker-227 | DEBUG | rammingExerciseParticipationResource : REST request to get build log : 4128

  Starting logs for ProgrammingSubmissionAndResultGitlabJenkinsIntegrationTest > shouldSaveBuildLogsOnStudentParticipationWithoutSubmissionNorResult(ProgrammingLanguage, boolean) [35] programmingLanguage=OCAML, enableStaticCodeAnalysis=true
    23:48:52.542 | 463 ool-1-worker-227 | DEBUG | d.t.c.a.a.c.u.util.UserUtilService   : Generate 3 students...
    23:48:52.546 | 463 ool-1-worker-227 | DEBUG | d.t.c.a.a.c.u.util.UserUtilService   : 3 students generated. Generate 2 tutors...
    23:48:52.549 | 463 ool-1-worker-227 | DEBUG | d.t.c.a.a.c.u.util.UserUtilService   : 2 tutors generated. Generate 0 editors...
    23:48:52.550 | 463 ool-1-worker-227 | DEBUG | d.t.c.a.a.c.u.util.UserUtilService   : 0 editors generated. Generate 2 instructors...
    23:48:52.553 | 463 ool-1-worker-227 | DEBUG | d.t.c.a.a.c.u.util.UserUtilService   : 2 instructors generated
    23:48:52.555 | 463 ool-1-worker-227 | DEBUG | d.t.c.a.a.c.u.util.UserUtilService   : Removing 7 users from all courses...
    23:48:52.555 | 463 ool-1-worker-227 | DEBUG | d.t.c.a.a.c.u.util.UserUtilService   : Removing 7 users from all courses. Done
    23:48:52.555 | 463 ool-1-worker-227 | DEBUG | d.t.c.a.a.c.u.util.UserUtilService   : Save 7 users to database...
    23:48:52.558 | 463 ool-1-worker-227 | DEBUG | d.t.c.a.a.c.u.util.UserUtilService   : Save 7 users to database. Done
    23:48:52.600 | 463 ool-1-worker-227 | DEBUG | PersonalAccessTokenManagementService : Generate secure vcs access token
    23:48:52.603 | 463 ool-1-worker-227 | DEBUG | PersonalAccessTokenManagementService : Generate secure vcs access token
    23:48:52.604 | 463 ool-1-worker-227 | INFO  | i.z.t.d.l.EmbeddedDatabaseReporter   : JDBC URL to connect to 'dataSource': url='jdbc:h2:tcp://localhost:41063/mem:736625c0-cf5e-400d-aeaa-8a7eabd6262b;USER=sa', scope='ProgrammingSubmissionAndResultGitlabJenkinsIntegrationTest#shouldSaveBuildLogsOnStudentParticipationWithoutSubmissionNorResult'
    23:48:52.621 | 463 ool-1-worker-227 | DEBUG | PersonalAccessTokenManagementService : Generate secure vcs access token
    23:48:52.624 | 463 ool-1-worker-227 | DEBUG | d.t.c.a.a.c.s.f.ApiVersionFilter     : Adding Version to Request POST /api/public/programming-exercises/new-result
    23:48:52.624 | 463 ool-1-worker-227 | DEBUG | d.t.c.a.a.a.w.o.PublicResultResource : Received result notify (NEW)
    23:48:52.627 | 463 ool-1-worker-227 | INFO  | d.t.c.a.a.a.w.o.PublicResultResource : Artemis received a new result for build plan SHORT43EF60870D33D043290A377031210B4F987ETSTEXC-PROGSUBRESGITLABJENSTUDENT1
    23:48:52.628 | 463 ool-1-worker-227 | DEBUG | .s.ProgrammingExerciseGradingService : Received new build result (NEW) for participation 4135
    23:48:52.632 | 463 ool-1-worker-227 | WARN  | .s.ProgrammingExerciseGradingService : Could not find pending ProgrammingSubmission for Commit Hash 9b3a9bd71a0d80e5bbc42204c319ed3d1d4f0d6d (Participation 4135, Build Plan SHORT43EF60870D33D043290A377031210B4F987ETSTEXC-PROGSUBRESGITLABJENSTUDENT1). Will create a new one subsequently...
    23:48:52.633 | 463 ool-1-worker-227 | ERROR | .s.ProgrammingExerciseGradingService : Could not retrieve push date for participation 4135 and build plan SHORT43EF60870D33D043290A377031210B4F987ETSTEXC-PROGSUBRESGITLABJENSTUDENT1
de.tum.cit.aet.artemis.programming.service.gitlab.GitLabException: Could not find build queue date for participation 4135
	at de.tum.cit.aet.artemis.programming.service.gitlab.GitLabService.getPushDate(GitLabService.java:369)
	at de.tum.cit.aet.artemis.programming.service.gitlab.GitLabService.getPushDate(GitLabService.java:358)
	at de.tum.cit.aet.artemis.programming.service.ProgrammingExerciseGradingService.createAndSaveFallbackSubmission(ProgrammingExerciseGradingService.java:286)
	at de.tum.cit.aet.artemis.programming.service.ProgrammingExerciseGradingService.createAndSaveFallbackSubmission(ProgrammingExerciseGradingService.java:272)
	at de.tum.cit.aet.artemis.programming.service.ProgrammingExerciseGradingService.lambda$processNewProgrammingExerciseResult$0(ProgrammingExerciseGradingService.java:177)
	at java.base/java.util.Optional.orElseGet(Optional.java:364)
	at de.tum.cit.aet.artemis.programming.service.ProgrammingExerciseGradingService.processNewProgrammingExerciseResult(ProgrammingExerciseGradingService.java:177)
	at de.tum.cit.aet.artemis.programming.service.ProgrammingExerciseGradingService.processNewProgrammingExerciseResult(ProgrammingExerciseGradingService.java:156)
	at de.tum.cit.aet.artemis.assessment.web.open.PublicResultResource.processNewProgrammingExerciseResult(PublicResultResource.java:113)
	at java.base/jdk.internal.reflect.DirectMethodHandleAccessor.invoke(DirectMethodHandleAccessor.java:103)
	at java.base/java.lang.reflect.Method.invoke(Method.java:580)
	at org.springframework.aop.support.AopUtils.invokeJoinpointUsingReflection(AopUtils.java:359)
	at org.springframework.aop.framework.ReflectiveMethodInvocation.invokeJoinpoint(ReflectiveMethodInvocation.java:196)
	at org.springframework.aop.framework.ReflectiveMethodInvocation.proceed(ReflectiveMethodInvocation.java:163)
	at org.springframework.security.authorization.method.AuthorizationManagerBeforeMethodInterceptor.proceed(AuthorizationManagerBeforeMethodInterceptor.java:268)
	at org.springframework.security.authorization.method.AuthorizationManagerBeforeMethodInterceptor.attemptAuthorization(AuthorizationManagerBeforeMethodInterceptor.java:263)
	at org.springframework.security.authorization.method.AuthorizationManagerBeforeMethodInterceptor.invoke(AuthorizationManagerBeforeMethodInterceptor.java:196)
	at org.springframework.security.config.annotation.method.configuration.DeferringMethodInterceptor.invoke(DeferringMethodInterceptor.java:44)
	at org.springframework.aop.framework.ReflectiveMethodInvocation.proceed(ReflectiveMethodInvocation.java:184)
	at org.springframework.aop.framework.CglibAopProxy$DynamicAdvisedInterceptor.intercept(CglibAopProxy.java:727)
	at de.tum.cit.aet.artemis.assessment.web.open.PublicResultResource$$SpringCGLIB$$0.processNewProgrammingExerciseResult(<generated>)
	at java.base/jdk.internal.reflect.DirectMethodHandleAccessor.invoke(DirectMethodHandleAccessor.java:103)
	at java.base/java.lang.reflect.Method.invoke(Method.java:580)
	at org.springframework.web.method.support.InvocableHandlerMethod.doInvoke(InvocableHandlerMethod.java:257)
	at org.springframework.web.method.support.InvocableHandlerMethod.invokeForRequest(InvocableHandlerMethod.java:190)
	at org.springframework.web.servlet.mvc.method.annotation.ServletInvocableHandlerMethod.invokeAndHandle(ServletInvocableHandlerMethod.java:118)
	at org.springframework.web.servlet.mvc.method.annotation.RequestMappingHandlerAdapter.invokeHandlerMethod(RequestMappingHandlerAdapter.java:986)
	at org.springframework.web.servlet.mvc.method.annotation.RequestMappingHandlerAdapter.handleInternal(RequestMappingHandlerAdapter.java:891)
	at org.springframework.web.servlet.mvc.method.AbstractHandlerMethodAdapter.handle(AbstractHandlerMethodAdapter.java:87)
	at org.springframework.web.servlet.DispatcherServlet.doDispatch(DispatcherServlet.java:1088)
	at org.springframework.web.servlet.DispatcherServlet.doService(DispatcherServlet.java:978)
	at org.springframework.web.servlet.FrameworkServlet.processRequest(FrameworkServlet.java:1014)
	at org.springframework.web.servlet.FrameworkServlet.doPost(FrameworkServlet.java:914)
	at jakarta.servlet.http.HttpServlet.service(HttpServlet.java:547)
	at org.springframework.web.servlet.FrameworkServlet.service(FrameworkServlet.java:885)
	at org.springframework.test.web.servlet.TestDispatcherServlet.service(TestDispatcherServlet.java:72)
	at jakarta.servlet.http.HttpServlet.service(HttpServlet.java:614)
	at org.springframework.mock.web.MockFilterChain$ServletFilterProxy.doFilter(MockFilterChain.java:165)
	at org.springframework.mock.web.MockFilterChain.doFilter(MockFilterChain.java:132)
	at org.springframework.web.filter.OncePerRequestFilter.doFilter(OncePerRequestFilter.java:110)
	at org.springframework.test.web.servlet.setup.MockMvcFilterDecorator.doFilter(MockMvcFilterDecorator.java:162)
	at org.springframework.mock.web.MockFilterChain.doFilter(MockFilterChain.java:132)
	at de.tum.cit.aet.artemis.core.security.filter.ApiVersionFilter.doFilter(ApiVersionFilter.java:55)
	at org.springframework.test.web.servlet.setup.MockMvcFilterDecorator.doFilter(MockMvcFilterDecorator.java:162)
	at org.springframework.mock.web.MockFilterChain.doFilter(MockFilterChain.java:132)
	at io.sentry.spring.jakarta.SentryUserFilter.doFilterInternal(SentryUserFilter.java:56)
	at org.springframework.web.filter.OncePerRequestFilter.doFilter(OncePerRequestFilter.java:116)
	at org.springframework.test.web.servlet.setup.MockMvcFilterDecorator.doFilter(MockMvcFilterDecorator.java:162)
	at org.springframework.mock.web.MockFilterChain.doFilter(MockFilterChain.java:132)
	at org.springframework.web.filter.CompositeFilter$VirtualFilterChain.doFilter(CompositeFilter.java:108)
	at org.springframework.security.web.FilterChainProxy.lambda$doFilterInternal$3(FilterChainProxy.java:231)
	at org.springframework.security.web.ObservationFilterChainDecorator$FilterObservation$SimpleFilterObservation.lambda$wrap$1(ObservationFilterChainDecorator.java:479)
	at org.springframework.security.web.ObservationFilterChainDecorator$AroundFilterObservation$SimpleAroundFilterObservation.lambda$wrap$1(ObservationFilterChainDecorator.java:340)
	at org.springframework.security.web.ObservationFilterChainDecorator.lambda$wrapSecured$0(ObservationFilterChainDecorator.java:82)
	at org.springframework.security.web.ObservationFilterChainDecorator$VirtualFilterChain.doFilter(ObservationFilterChainDecorator.java:128)
	at org.springframework.security.web.access.intercept.AuthorizationFilter.doFilter(AuthorizationFilter.java:101)
	at org.springframework.security.web.ObservationFilterChainDecorator$ObservationFilter.wrapFilter(ObservationFilterChainDecorator.java:240)
	at org.springframework.security.web.ObservationFilterChainDecorator$ObservationFilter.doFilter(ObservationFilterChainDecorator.java:227)
	at org.springframework.security.web.ObservationFilterChainDecorator$VirtualFilterChain.doFilter(ObservationFilterChainDecorator.java:137)
	at org.springframework.security.web.access.ExceptionTranslationFilter.doFilter(ExceptionTranslationFilter.java:126)
	at org.springframework.security.web.access.ExceptionTranslationFilter.doFilter(ExceptionTranslationFilter.java:120)
	at org.springframework.security.web.ObservationFilterChainDecorator$ObservationFilter.wrapFilter(ObservationFilterChainDecorator.java:240)
	at org.springframework.security.web.ObservationFilterChainDecorator$ObservationFilter.doFilter(ObservationFilterChainDecorator.java:227)
	at org.springframework.security.web.ObservationFilterChainDecorator$VirtualFilterChain.doFilter(ObservationFilterChainDecorator.java:137)
	at org.springframework.security.web.session.SessionManagementFilter.doFilter(SessionManagementFilter.java:131)
	at org.springframework.security.web.session.SessionManagementFilter.doFilter(SessionManagementFilter.java:85)
	at org.springframework.security.web.ObservationFilterChainDecorator$ObservationFilter.wrapFilter(ObservationFilterChainDecorator.java:240)
	at org.springframework.security.web.ObservationFilterChainDecorator$ObservationFilter.doFilter(ObservationFilterChainDecorator.java:227)
	at org.springframework.security.web.ObservationFilterChainDecorator$VirtualFilterChain.doFilter(ObservationFilterChainDecorator.java:137)
	at org.springframework.security.web.authentication.AnonymousAuthenticationFilter.doFilter(AnonymousAuthenticationFilter.java:100)
	at org.springframework.security.web.ObservationFilterChainDecorator$ObservationFilter.wrapFilter(ObservationFilterChainDecorator.java:240)
	at org.springframework.security.web.ObservationFilterChainDecorator$ObservationFilter.doFilter(ObservationFilterChainDecorator.java:227)
	at org.springframework.security.web.ObservationFilterChainDecorator$VirtualFilterChain.doFilter(ObservationFilterChainDecorator.java:137)
	at org.springframework.security.web.servletapi.SecurityContextHolderAwareRequestFilter.doFilter(SecurityContextHolderAwareRequestFilter.java:179)
	at org.springframework.security.web.ObservationFilterChainDecorator$ObservationFilter.wrapFilter(ObservationFilterChainDecorator.java:240)
	at org.springframework.security.web.ObservationFilterChainDecorator$ObservationFilter.doFilter(ObservationFilterChainDecorator.java:227)
	at org.springframework.security.web.ObservationFilterChainDecorator$VirtualFilterChain.doFilter(ObservationFilterChainDecorator.java:137)
	at org.springframework.security.web.savedrequest.RequestCacheAwareFilter.doFilter(RequestCacheAwareFilter.java:63)
	at org.springframework.security.web.ObservationFilterChainDecorator$ObservationFilter.wrapFilter(ObservationFilterChainDecorator.java:240)
	at org.springframework.security.web.ObservationFilterChainDecorator$ObservationFilter.doFilter(ObservationFilterChainDecorator.java:227)
	at org.springframework.security.web.ObservationFilterChainDecorator$VirtualFilterChain.doFilter(ObservationFilterChainDecorator.java:137)
	at de.tum.cit.aet.artemis.core.security.filter.SpaWebFilter.doFilterInternal(SpaWebFilter.java:23)
	at org.springframework.web.filter.OncePerRequestFilter.doFilter(OncePerRequestFilter.java:116)
	at org.springframework.security.web.ObservationFilterChainDecorator$ObservationFilter.wrapFilter(ObservationFilterChainDecorator.java:240)
	at org.springframework.security.web.ObservationFilterChainDecorator$ObservationFilter.doFilter(ObservationFilterChainDecorator.java:227)
	at org.springframework.security.web.ObservationFilterChainDecorator$VirtualFilterChain.doFilter(ObservationFilterChainDecorator.java:137)
	at org.springframework.web.filter.OncePerRequestFilter.doFilter(OncePerRequestFilter.java:110)
	at org.springframework.security.web.ObservationFilterChainDecorator$ObservationFilter.wrapFilter(ObservationFilterChainDecorator.java:240)
	at org.springframework.security.web.ObservationFilterChainDecorator$ObservationFilter.doFilter(ObservationFilterChainDecorator.java:227)
	at org.springframework.security.web.ObservationFilterChainDecorator$VirtualFilterChain.doFilter(ObservationFilterChainDecorator.java:137)
	at de.tum.cit.aet.artemis.lti.config.Lti13LaunchFilter.doFilterInternal(Lti13LaunchFilter.java:60)
	at org.springframework.web.filter.OncePerRequestFilter.doFilter(OncePerRequestFilter.java:116)
	at org.springframework.security.web.ObservationFilterChainDecorator$ObservationFilter.wrapFilter(ObservationFilterChainDecorator.java:240)
	at org.springframework.security.web.ObservationFilterChainDecorator$ObservationFilter.doFilter(ObservationFilterChainDecorator.java:227)
	at org.springframework.security.web.ObservationFilterChainDecorator$VirtualFilterChain.doFilter(ObservationFilterChainDecorator.java:137)
	at de.tum.cit.aet.artemis.core.security.jwt.JWTFilter.doFilter(JWTFilter.java:55)
	at org.springframework.security.web.ObservationFilterChainDecorator$ObservationFilter.wrapFilter(ObservationFilterChainDecorator.java:240)
	at org.springframework.security.web.ObservationFilterChainDecorator$ObservationFilter.doFilter(ObservationFilterChainDecorator.java:227)
	at org.springframework.security.web.ObservationFilterChainDecorator$VirtualFilterChain.doFilter(ObservationFilterChainDecorator.java:137)
	at de.tum.cit.aet.artemis.core.security.jwt.JWTFilter.doFilter(JWTFilter.java:55)
	at org.springframework.security.web.ObservationFilterChainDecorator$ObservationFilter.wrapFilter(ObservationFilterChainDecorator.java:240)
	at org.springframework.security.web.ObservationFilterChainDecorator$ObservationFilter.doFilter(ObservationFilterChainDecorator.java:227)
	at org.springframework.security.web.ObservationFilterChainDecorator$VirtualFilterChain.doFilter(ObservationFilterChainDecorator.java:137)
	at org.springframework.web.filter.CorsFilter.doFilterInternal(CorsFilter.java:91)
	at org.springframework.web.filter.OncePerRequestFilter.doFilter(OncePerRequestFilter.java:116)
	at org.springframework.security.web.ObservationFilterChainDecorator$ObservationFilter.wrapFilter(ObservationFilterChainDecorator.java:240)
	at org.springframework.security.web.ObservationFilterChainDecorator$ObservationFilter.doFilter(ObservationFilterChainDecorator.java:227)
	at org.springframework.security.web.ObservationFilterChainDecorator$VirtualFilterChain.doFilter(ObservationFilterChainDecorator.java:137)
	at org.springframework.web.filter.OncePerRequestFilter.doFilter(OncePerRequestFilter.java:110)
	at org.springframework.security.web.ObservationFilterChainDecorator$ObservationFilter.wrapFilter(ObservationFilterChainDecorator.java:240)
	at org.springframework.security.web.ObservationFilterChainDecorator$ObservationFilter.doFilter(ObservationFilterChainDecorator.java:227)
	at org.springframework.security.web.ObservationFilterChainDecorator$VirtualFilterChain.doFilter(ObservationFilterChainDecorator.java:137)
	at uk.ac.ox.ctl.lti13.security.oauth2.client.lti.web.OAuth2AuthorizationRequestRedirectFilter.doFilterInternal(OAuth2AuthorizationRequestRedirectFilter.java:142)
	at org.springframework.web.filter.OncePerRequestFilter.doFilter(OncePerRequestFilter.java:116)
	at org.springframework.security.web.ObservationFilterChainDecorator$ObservationFilter.wrapFilter(ObservationFilterChainDecorator.java:240)
	at org.springframework.security.web.ObservationFilterChainDecorator$ObservationFilter.doFilter(ObservationFilterChainDecorator.java:227)
	at org.springframework.security.web.ObservationFilterChainDecorator$VirtualFilterChain.doFilter(ObservationFilterChainDecorator.java:137)
	at org.springframework.security.web.authentication.logout.LogoutFilter.doFilter(LogoutFilter.java:107)
	at org.springframework.security.web.authentication.logout.LogoutFilter.doFilter(LogoutFilter.java:93)
	at org.springframework.security.web.ObservationFilterChainDecorator$ObservationFilter.wrapFilter(ObservationFilterChainDecorator.java:240)
	at org.springframework.security.web.ObservationFilterChainDecorator$ObservationFilter.doFilter(ObservationFilterChainDecorator.java:227)
	at org.springframework.security.web.ObservationFilterChainDecorator$VirtualFilterChain.doFilter(ObservationFilterChainDecorator.java:137)
	at org.springframework.security.web.header.HeaderWriterFilter.doHeadersAfter(HeaderWriterFilter.java:90)
	at org.springframework.security.web.header.HeaderWriterFilter.doFilterInternal(HeaderWriterFilter.java:75)
	at org.springframework.web.filter.OncePerRequestFilter.doFilter(OncePerRequestFilter.java:116)
	at org.springframework.security.web.ObservationFilterChainDecorator$ObservationFilter.wrapFilter(ObservationFilterChainDecorator.java:240)
	at org.springframework.security.web.ObservationFilterChainDecorator$ObservationFilter.doFilter(ObservationFilterChainDecorator.java:227)
	at org.springframework.security.web.ObservationFilterChainDecorator$VirtualFilterChain.doFilter(ObservationFilterChainDecorator.java:137)
	at org.springframework.security.web.context.SecurityContextHolderFilter.doFilter(SecurityContextHolderFilter.java:82)
	at org.springframework.security.web.context.SecurityContextHolderFilter.doFilter(SecurityContextHolderFilter.java:69)
	at org.springframework.security.web.ObservationFilterChainDecorator$ObservationFilter.wrapFilter(ObservationFilterChainDecorator.java:240)
	at org.springframework.security.web.ObservationFilterChainDecorator$ObservationFilter.doFilter(ObservationFilterChainDecorator.java:227)
	at org.springframework.security.web.ObservationFilterChainDecorator$VirtualFilterChain.doFilter(ObservationFilterChainDecorator.java:137)
	at org.springframework.security.web.context.request.async.WebAsyncManagerIntegrationFilter.doFilterInternal(WebAsyncManagerIntegrationFilter.java:62)
	at org.springframework.web.filter.OncePerRequestFilter.doFilter(OncePerRequestFilter.java:116)
	at org.springframework.security.web.ObservationFilterChainDecorator$ObservationFilter.wrapFilter(ObservationFilterChainDecorator.java:240)
	at org.springframework.security.web.ObservationFilterChainDecorator$ObservationFilter.doFilter(ObservationFilterChainDecorator.java:227)
	at org.springframework.security.web.ObservationFilterChainDecorator$VirtualFilterChain.doFilter(ObservationFilterChainDecorator.java:137)
	at org.springframework.security.web.session.DisableEncodeUrlFilter.doFilterInternal(DisableEncodeUrlFilter.java:42)
	at org.springframework.web.filter.OncePerRequestFilter.doFilter(OncePerRequestFilter.java:116)
	at org.springframework.security.web.ObservationFilterChainDecorator$ObservationFilter.wrapFilter(ObservationFilterChainDecorator.java:240)
	at org.springframework.security.web.ObservationFilterChainDecorator$AroundFilterObservation$SimpleAroundFilterObservation.lambda$wrap$0(ObservationFilterChainDecorator.java:323)
	at org.springframework.security.web.ObservationFilterChainDecorator$ObservationFilter.doFilter(ObservationFilterChainDecorator.java:224)
	at org.springframework.security.web.ObservationFilterChainDecorator$VirtualFilterChain.doFilter(ObservationFilterChainDecorator.java:137)
	at org.springframework.security.web.FilterChainProxy.doFilterInternal(FilterChainProxy.java:233)
	at org.springframework.security.web.FilterChainProxy.doFilter(FilterChainProxy.java:191)
	at org.springframework.web.filter.CompositeFilter$VirtualFilterChain.doFilter(CompositeFilter.java:113)
	at org.springframework.web.servlet.handler.HandlerMappingIntrospector.lambda$createCacheFilter$3(HandlerMappingIntrospector.java:243)
	at org.springframework.web.filter.CompositeFilter$VirtualFilterChain.doFilter(CompositeFilter.java:113)
	at org.springframework.web.filter.CompositeFilter.doFilter(CompositeFilter.java:74)
	at org.springframework.security.config.annotation.web.configuration.WebMvcSecurityConfiguration$CompositeFilterChainProxy.doFilter(WebMvcSecurityConfiguration.java:238)
	at org.springframework.web.filter.DelegatingFilterProxy.invokeDelegate(DelegatingFilterProxy.java:362)
	at org.springframework.web.filter.DelegatingFilterProxy.doFilter(DelegatingFilterProxy.java:278)
	at org.springframework.test.web.servlet.setup.MockMvcFilterDecorator.doFilter(MockMvcFilterDecorator.java:162)
	at org.springframework.mock.web.MockFilterChain.doFilter(MockFilterChain.java:132)
	at org.springframework.web.filter.RequestContextFilter.doFilterInternal(RequestContextFilter.java:100)
	at org.springframework.web.filter.OncePerRequestFilter.doFilter(OncePerRequestFilter.java:116)
	at org.springframework.test.web.servlet.setup.MockMvcFilterDecorator.doFilter(MockMvcFilterDecorator.java:162)
	at org.springframework.mock.web.MockFilterChain.doFilter(MockFilterChain.java:132)
	at org.springframework.web.filter.FormContentFilter.doFilterInternal(FormContentFilter.java:93)
	at org.springframework.web.filter.OncePerRequestFilter.doFilter(OncePerRequestFilter.java:116)
	at org.springframework.test.web.servlet.setup.MockMvcFilterDecorator.doFilter(MockMvcFilterDecorator.java:162)
	at org.springframework.mock.web.MockFilterChain.doFilter(MockFilterChain.java:132)
	at org.springframework.web.filter.ServerHttpObservationFilter.doFilterInternal(ServerHttpObservationFilter.java:114)
	at org.springframework.web.filter.OncePerRequestFilter.doFilter(OncePerRequestFilter.java:116)
	at org.springframework.test.web.servlet.setup.MockMvcFilterDecorator.doFilter(MockMvcFilterDecorator.java:162)
	at org.springframework.mock.web.MockFilterChain.doFilter(MockFilterChain.java:132)
	at io.sentry.spring.jakarta.tracing.SentryTracingFilter.doFilterInternal(SentryTracingFilter.java:91)
	at org.springframework.web.filter.OncePerRequestFilter.doFilter(OncePerRequestFilter.java:116)
	at org.springframework.test.web.servlet.setup.MockMvcFilterDecorator.doFilter(MockMvcFilterDecorator.java:162)
	at org.springframework.mock.web.MockFilterChain.doFilter(MockFilterChain.java:132)
	at org.springframework.web.filter.CharacterEncodingFilter.doFilterInternal(CharacterEncodingFilter.java:201)
	at org.springframework.web.filter.OncePerRequestFilter.doFilter(OncePerRequestFilter.java:116)
	at org.springframework.test.web.servlet.setup.MockMvcFilterDecorator.doFilter(MockMvcFilterDecorator.java:162)
	at org.springframework.mock.web.MockFilterChain.doFilter(MockFilterChain.java:132)
	at io.sentry.spring.jakarta.SentrySpringFilter.doFilterInternal(SentrySpringFilter.java:76)
	at org.springframework.web.filter.OncePerRequestFilter.doFilter(OncePerRequestFilter.java:116)
	at org.springframework.test.web.servlet.setup.MockMvcFilterDecorator.doFilter(MockMvcFilterDecorator.java:162)
	at org.springframework.mock.web.MockFilterChain.doFilter(MockFilterChain.java:132)
	at org.springframework.test.web.servlet.MockMvc.perform(MockMvc.java:201)
	at de.tum.cit.aet.artemis.core.util.RequestUtilService.performMvcRequest(RequestUtilService.java:79)
	at de.tum.cit.aet.artemis.core.util.RequestUtilService.postWithoutLocation(RequestUtilService.java:213)
	at de.tum.cit.aet.artemis.core.util.RequestUtilService.postWithoutLocation(RequestUtilService.java:199)
	at de.tum.cit.aet.artemis.programming.ProgrammingSubmissionAndResultGitlabJenkinsIntegrationTest.postResult(ProgrammingSubmissionAndResultGitlabJenkinsIntegrationTest.java:413)
	at de.tum.cit.aet.artemis.programming.ProgrammingSubmissionAndResultGitlabJenkinsIntegrationTest.shouldSaveBuildLogsOnStudentParticipationWithoutSubmissionNorResult(ProgrammingSubmissionAndResultGitlabJenkinsIntegrationTest.java:338)
	at java.base/jdk.internal.reflect.DirectMethodHandleAccessor.invoke(DirectMethodHandleAccessor.java:103)
	at java.base/java.lang.reflect.Method.invoke(Method.java:580)
	at org.junit.platform.commons.util.ReflectionUtils.invokeMethod(ReflectionUtils.java:767)
	at org.junit.jupiter.engine.execution.MethodInvocation.proceed(MethodInvocation.java:60)
	at org.junit.jupiter.engine.execution.InvocationInterceptorChain$ValidatingInvocation.proceed(InvocationInterceptorChain.java:131)
	at org.junit.jupiter.engine.extension.TimeoutExtension.intercept(TimeoutExtension.java:156)
	at org.junit.jupiter.engine.extension.TimeoutExtension.interceptTestableMethod(TimeoutExtension.java:147)
	at org.junit.jupiter.engine.extension.TimeoutExtension.interceptTestTemplateMethod(TimeoutExtension.java:94)
	at org.junit.jupiter.engine.execution.InterceptingExecutableInvoker$ReflectiveInterceptorCall.lambda$ofVoidMethod$0(InterceptingExecutableInvoker.java:103)
	at org.junit.jupiter.engine.execution.InterceptingExecutableInvoker.lambda$invoke$0(InterceptingExecutableInvoker.java:93)
	at org.junit.jupiter.engine.execution.InvocationInterceptorChain$InterceptedInvocation.proceed(InvocationInterceptorChain.java:106)
	at org.junit.jupiter.engine.execution.InvocationInterceptorChain.proceed(InvocationInterceptorChain.java:64)
	at org.junit.jupiter.engine.execution.InvocationInterceptorChain.chainAndInvoke(InvocationInterceptorChain.java:45)
	at org.junit.jupiter.engine.execution.InvocationInterceptorChain.invoke(InvocationInterceptorChain.java:37)
	at org.junit.jupiter.engine.execution.InterceptingExecutableInvoker.invoke(InterceptingExecutableInvoker.java:92)
	at org.junit.jupiter.engine.execution.InterceptingExecutableInvoker.invoke(InterceptingExecutableInvoker.java:86)
	at org.junit.jupiter.engine.descriptor.TestMethodTestDescriptor.lambda$invokeTestMethod$8(TestMethodTestDescriptor.java:217)
	at org.junit.platform.engine.support.hierarchical.ThrowableCollector.execute(ThrowableCollector.java:73)
	at org.junit.jupiter.engine.descriptor.TestMethodTestDescriptor.invokeTestMethod(TestMethodTestDescriptor.java:213)
	at org.junit.jupiter.engine.descriptor.TestMethodTestDescriptor.execute(TestMethodTestDescriptor.java:138)
	at org.junit.jupiter.engine.descriptor.TestMethodTestDescriptor.execute(TestMethodTestDescriptor.java:68)
	at org.junit.platform.engine.support.hierarchical.NodeTestTask.lambda$executeRecursively$6(NodeTestTask.java:156)
	at org.junit.platform.engine.support.hierarchical.ThrowableCollector.execute(ThrowableCollector.java:73)
	at org.junit.platform.engine.support.hierarchical.NodeTestTask.lambda$executeRecursively$8(NodeTestTask.java:146)
	at org.junit.platform.engine.support.hierarchical.Node.around(Node.java:137)
	at org.junit.platform.engine.support.hierarchical.NodeTestTask.lambda$executeRecursively$9(NodeTestTask.java:144)
	at org.junit.platform.engine.support.hierarchical.ThrowableCollector.execute(ThrowableCollector.java:73)
	at org.junit.platform.engine.support.hierarchical.NodeTestTask.executeRecursively(NodeTestTask.java:143)
	at org.junit.platform.engine.support.hierarchical.NodeTestTask.execute(NodeTestTask.java:100)
	at org.junit.platform.engine.support.hierarchical.ForkJoinPoolHierarchicalTestExecutorService$ExclusiveTask.exec(ForkJoinPoolHierarchicalTestExecutorService.java:274)
	at org.junit.platform.engine.support.hierarchical.ForkJoinPoolHierarchicalTestExecutorService$ExclusiveTask.execSync(ForkJoinPoolHierarchicalTestExecutorService.java:247)
	at org.junit.platform.engine.support.hierarchical.ForkJoinPoolHierarchicalTestExecutorService.submit(ForkJoinPoolHierarchicalTestExecutorService.java:148)
	at org.junit.platform.engine.support.hierarchical.NodeTestTask$DefaultDynamicTestExecutor.execute(NodeTestTask.java:231)
	at org.junit.platform.engine.support.hierarchical.NodeTestTask$DefaultDynamicTestExecutor.execute(NodeTestTask.java:209)
	at org.junit.jupiter.engine.descriptor.TestTemplateTestDescriptor.execute(TestTemplateTestDescriptor.java:141)
	at org.junit.jupiter.engine.descriptor.TestTemplateTestDescriptor.lambda$execute$3(TestTemplateTestDescriptor.java:109)
	at java.base/java.util.stream.ForEachOps$ForEachOp$OfRef.accept(ForEachOps.java:184)
	at java.base/java.util.stream.ReferencePipeline$3$1.accept(ReferencePipeline.java:197)
	at java.base/java.util.stream.ReferencePipeline$2$1.accept(ReferencePipeline.java:179)
	at java.base/java.util.stream.ReferencePipeline$3$1.accept(ReferencePipeline.java:197)
	at java.base/java.util.stream.ForEachOps$ForEachOp$OfRef.accept(ForEachOps.java:184)
	at java.base/java.util.stream.ReferencePipeline$3$1.accept(ReferencePipeline.java:197)
	at java.base/java.util.stream.ForEachOps$ForEachOp$OfRef.accept(ForEachOps.java:184)
	at java.base/java.util.stream.ForEachOps$ForEachOp$OfRef.accept(ForEachOps.java:184)
	at java.base/java.util.stream.ReferencePipeline$3$1.accept(ReferencePipeline.java:197)
	at java.base/java.util.stream.ForEachOps$ForEachOp$OfRef.accept(ForEachOps.java:184)
	at java.base/java.util.Spliterators$ArraySpliterator.forEachRemaining(Spliterators.java:1024)
	at java.base/java.util.stream.ReferencePipeline$Head.forEach(ReferencePipeline.java:762)
	at java.base/java.util.stream.ReferencePipeline$7$1.accept(ReferencePipeline.java:276)
	at java.base/java.util.Iterator.forEachRemaining(Iterator.java:133)
	at java.base/java.util.Spliterators$IteratorSpliterator.forEachRemaining(Spliterators.java:1939)
	at java.base/java.util.stream.AbstractPipeline.copyInto(AbstractPipeline.java:509)
	at java.base/java.util.stream.AbstractPipeline.wrapAndCopyInto(AbstractPipeline.java:499)
	at java.base/java.util.stream.ForEachOps$ForEachOp.evaluateSequential(ForEachOps.java:151)
	at java.base/java.util.stream.ForEachOps$ForEachOp$OfRef.evaluateSequential(ForEachOps.java:174)
	at java.base/java.util.stream.AbstractPipeline.evaluate(AbstractPipeline.java:234)
	at java.base/java.util.stream.ReferencePipeline.forEach(ReferencePipeline.java:596)
	at java.base/java.util.stream.ReferencePipeline$7$1.accept(ReferencePipeline.java:276)
	at java.base/java.util.stream.ReferencePipeline$3$1.accept(ReferencePipeline.java:197)
	at java.base/java.util.stream.ReferencePipeline$3$1.accept(ReferencePipeline.java:197)
	at java.base/java.util.stream.ReferencePipeline$3$1.accept(ReferencePipeline.java:197)
	at java.base/java.util.Spliterators$ArraySpliterator.forEachRemaining(Spliterators.java:1024)
	at java.base/java.util.stream.AbstractPipeline.copyInto(AbstractPipeline.java:509)
	at java.base/java.util.stream.AbstractPipeline.wrapAndCopyInto(AbstractPipeline.java:499)
	at java.base/java.util.stream.ForEachOps$ForEachOp.evaluateSequential(ForEachOps.java:151)
	at java.base/java.util.stream.ForEachOps$ForEachOp$OfRef.evaluateSequential(ForEachOps.java:174)
	at java.base/java.util.stream.AbstractPipeline.evaluate(AbstractPipeline.java:234)
	at java.base/java.util.stream.ReferencePipeline.forEach(ReferencePipeline.java:596)
	at java.base/java.util.stream.ReferencePipeline$7$1.accept(ReferencePipeline.java:276)
	at java.base/java.util.ArrayList$ArrayListSpliterator.forEachRemaining(ArrayList.java:1708)
	at java.base/java.util.stream.AbstractPipeline.copyInto(AbstractPipeline.java:509)
	at java.base/java.util.stream.AbstractPipeline.wrapAndCopyInto(AbstractPipeline.java:499)
	at java.base/java.util.stream.ForEachOps$ForEachOp.evaluateSequential(ForEachOps.java:151)
	at java.base/java.util.stream.ForEachOps$ForEachOp$OfRef.evaluateSequential(ForEachOps.java:174)
	at java.base/java.util.stream.AbstractPipeline.evaluate(AbstractPipeline.java:234)
	at java.base/java.util.stream.ReferencePipeline.forEach(ReferencePipeline.java:596)
	at java.base/java.util.stream.ReferencePipeline$7$1.accept(ReferencePipeline.java:276)
	at java.base/java.util.stream.ReferencePipeline$3$1.accept(ReferencePipeline.java:197)
	at java.base/java.util.stream.ReferencePipeline$3$1.accept(ReferencePipeline.java:197)
	at java.base/java.util.stream.ReferencePipeline$3$1.accept(ReferencePipeline.java:197)
	at java.base/java.util.ArrayList$ArrayListSpliterator.forEachRemaining(ArrayList.java:1708)
	at java.base/java.util.stream.AbstractPipeline.copyInto(AbstractPipeline.java:509)
	at java.base/java.util.stream.AbstractPipeline.wrapAndCopyInto(AbstractPipeline.java:499)
	at java.base/java.util.stream.ForEachOps$ForEachOp.evaluateSequential(ForEachOps.java:151)
	at java.base/java.util.stream.ForEachOps$ForEachOp$OfRef.evaluateSequential(ForEachOps.java:174)
	at java.base/java.util.stream.AbstractPipeline.evaluate(AbstractPipeline.java:234)
	at java.base/java.util.stream.ReferencePipeline.forEach(ReferencePipeline.java:596)
	at java.base/java.util.stream.ReferencePipeline$7$1.accept(ReferencePipeline.java:276)
	at java.base/java.util.ArrayList$ArrayListSpliterator.forEachRemaining(ArrayList.java:1708)
	at java.base/java.util.stream.AbstractPipeline.copyInto(AbstractPipeline.java:509)
	at java.base/java.util.stream.AbstractPipeline.wrapAndCopyInto(AbstractPipeline.java:499)
	at java.base/java.util.stream.ForEachOps$ForEachOp.evaluateSequential(ForEachOps.java:151)
	at java.base/java.util.stream.ForEachOps$ForEachOp$OfRef.evaluateSequential(ForEachOps.java:174)
	at java.base/java.util.stream.AbstractPipeline.evaluate(AbstractPipeline.java:234)
	at java.base/java.util.stream.ReferencePipeline.forEach(ReferencePipeline.java:596)
	at org.junit.jupiter.engine.descriptor.TestTemplateTestDescriptor.execute(TestTemplateTestDescriptor.java:109)
	at org.junit.jupiter.engine.descriptor.TestTemplateTestDescriptor.execute(TestTemplateTestDescriptor.java:43)
	at org.junit.platform.engine.support.hierarchical.NodeTestTask.lambda$executeRecursively$6(NodeTestTask.java:156)
	at org.junit.platform.engine.support.hierarchical.ThrowableCollector.execute(ThrowableCollector.java:73)
	at org.junit.platform.engine.support.hierarchical.NodeTestTask.lambda$executeRecursively$8(NodeTestTask.java:146)
	at org.junit.platform.engine.support.hierarchical.Node.around(Node.java:137)
	at org.junit.platform.engine.support.hierarchical.NodeTestTask.lambda$executeRecursively$9(NodeTestTask.java:144)
	at org.junit.platform.engine.support.hierarchical.ThrowableCollector.execute(ThrowableCollector.java:73)
	at org.junit.platform.engine.support.hierarchical.NodeTestTask.executeRecursively(NodeTestTask.java:143)
	at org.junit.platform.engine.support.hierarchical.NodeTestTask.execute(NodeTestTask.java:100)
	at org.junit.platform.engine.support.hierarchical.ForkJoinPoolHierarchicalTestExecutorService$ExclusiveTask.exec(ForkJoinPoolHierarchicalTestExecutorService.java:274)
	at org.junit.platform.engine.support.hierarchical.ForkJoinPoolHierarchicalTestExecutorService$ExclusiveTask.execSync(ForkJoinPoolHierarchicalTestExecutorService.java:247)
	at org.junit.platform.engine.support.hierarchical.ForkJoinPoolHierarchicalTestExecutorService.executeSync(ForkJoinPoolHierarchicalTestExecutorService.java:194)
	at org.junit.platform.engine.support.hierarchical.ForkJoinPoolHierarchicalTestExecutorService.invokeAll(ForkJoinPoolHierarchicalTestExecutorService.java:166)
	at org.junit.platform.engine.support.hierarchical.NodeTestTask.lambda$executeRecursively$6(NodeTestTask.java:160)
	at org.junit.platform.engine.support.hierarchical.ThrowableCollector.execute(ThrowableCollector.java:73)
	at org.junit.platform.engine.support.hierarchical.NodeTestTask.lambda$executeRecursively$8(NodeTestTask.java:146)
	at org.junit.platform.engine.support.hierarchical.Node.around(Node.java:137)
	at org.junit.platform.engine.support.hierarchical.NodeTestTask.lambda$executeRecursively$9(NodeTestTask.java:144)
	at org.junit.platform.engine.support.hierarchical.ThrowableCollector.execute(ThrowableCollector.java:73)
	at org.junit.platform.engine.support.hierarchical.NodeTestTask.executeRecursively(NodeTestTask.java:143)
	at org.junit.platform.engine.support.hierarchical.NodeTestTask.execute(NodeTestTask.java:100)
	at org.junit.platform.engine.support.hierarchical.ForkJoinPoolHierarchicalTestExecutorService$ExclusiveTask.exec(ForkJoinPoolHierarchicalTestExecutorService.java:274)
	at java.base/java.util.concurrent.ForkJoinTask.doExec(ForkJoinTask.java:387)
	at java.base/java.util.concurrent.ForkJoinPool$WorkQueue.topLevelExec(ForkJoinPool.java:1312)
	at java.base/java.util.concurrent.ForkJoinPool.scan(ForkJoinPool.java:1843)
	at java.base/java.util.concurrent.ForkJoinPool.runWorker(ForkJoinPool.java:1808)
	at java.base/java.util.concurrent.ForkJoinWorkerThread.run(ForkJoinWorkerThread.java:188)
    23:48:52.660 | 463 ool-1-worker-227 | DEBUG | .c.s.m.InstanceMessageReceiveService : Received schedule participant score for exercise 3270 and participant 773 (result to be deleted: null)
    23:48:52.660 | 463 ool-1-worker-227 | DEBUG | .a.s.ParticipantScoreScheduleService : Scheduled task for exercise 3270 and participant 773 at 2025-02-14T23:48:52.760317454Z[Etc/UTC].
    23:48:52.661 | 463 ool-1-worker-227 | DEBUG | .a.a.p.s.ProgrammingMessagingService : Send result to client over websocket. Result: Result{id804, completionDate=2025-02-14T23:48:52.621987Z, successful=false, score=0.0, rated=true, assessmentType=AUTOMATIC, hasComplaint=null, testCaseCount=0, passedTestCaseCount=0, codeIssueCount=0}, Submission: ProgrammingSubmission{commitHash='9b3a9bd71a0d80e5bbc42204c319ed3d1d4f0d6d', buildFailed=true, buildArtifact=false, type=MANUAL}, Participation: ProgrammingExerciseStudentParticipation{id=4135, repositoryUri='https://version-control.fake.fake/git/SHORT43EF60870D33D043290A377031210B4F987ETSTEXC/short43ef60870d33d043290a377031210b4f987etstexc-progsubresgitlabjenstudent1.git', buildPlanId='SHORT43EF60870D33D043290A377031210B4F987ETSTEXC-PROGSUBRESGITLABJENSTUDENT1', initializationState='INITIALIZED', initializationDate='2025-02-14T23:48:52.620291Z', individualDueDate=null', presentationScore=null}
    23:48:52.664 | 463 ool-1-worker-227 | INFO  | d.t.c.a.a.a.w.o.PublicResultResource : The new result for SHORT43EF60870D33D043290A377031210B4F987ETSTEXC-PROGSUBRESGITLABJENSTUDENT1 was saved successfully
    23:48:52.668 | 463 ool-1-worker-227 | DEBUG | d.t.c.a.a.c.s.f.ApiVersionFilter     : Adding Version to Request GET /api/repository/4135/buildlogs
    23:48:52.669 | 463 ool-1-worker-227 | DEBUG | rammingExerciseParticipationResource : REST request to get build log : 4135

  Starting logs for ProgrammingSubmissionAndResultGitlabJenkinsIntegrationTest > shouldSaveBuildLogsOnStudentParticipationWithoutSubmissionNorResult(ProgrammingLanguage, boolean) [36] programmingLanguage=OCAML, enableStaticCodeAnalysis=false
    23:48:52.687 | 463 ool-1-worker-227 | DEBUG | d.t.c.a.a.c.u.util.UserUtilService   : Generate 3 students...
    23:48:52.692 | 463 ool-1-worker-227 | DEBUG | d.t.c.a.a.c.u.util.UserUtilService   : 3 students generated. Generate 2 tutors...
    23:48:52.696 | 463 ool-1-worker-227 | DEBUG | d.t.c.a.a.c.u.util.UserUtilService   : 2 tutors generated. Generate 0 editors...
    23:48:52.697 | 463 ool-1-worker-227 | DEBUG | d.t.c.a.a.c.u.util.UserUtilService   : 0 editors generated. Generate 2 instructors...
    23:48:52.701 | 463 ool-1-worker-227 | DEBUG | d.t.c.a.a.c.u.util.UserUtilService   : 2 instructors generated
    23:48:52.702 | 463 ool-1-worker-227 | DEBUG | d.t.c.a.a.c.u.util.UserUtilService   : Removing 7 users from all courses...
    23:48:52.703 | 463 ool-1-worker-227 | DEBUG | d.t.c.a.a.c.u.util.UserUtilService   : Removing 7 users from all courses. Done
    23:48:52.703 | 463 ool-1-worker-227 | DEBUG | d.t.c.a.a.c.u.util.UserUtilService   : Save 7 users to database...
    23:48:52.706 | 463 ool-1-worker-227 | DEBUG | d.t.c.a.a.c.u.util.UserUtilService   : Save 7 users to database. Done
    23:48:52.721 | 463 ool-1-worker-227 | DEBUG | PersonalAccessTokenManagementService : Generate secure vcs access token
    23:48:52.724 | 463 ool-1-worker-227 | DEBUG | PersonalAccessTokenManagementService : Generate secure vcs access token
    23:48:52.726 | 463 ool-1-worker-227 | INFO  | i.z.t.d.l.EmbeddedDatabaseReporter   : JDBC URL to connect to 'dataSource': url='jdbc:h2:tcp://localhost:41063/mem:736625c0-cf5e-400d-aeaa-8a7eabd6262b;USER=sa', scope='ProgrammingSubmissionAndResultGitlabJenkinsIntegrationTest#shouldSaveBuildLogsOnStudentParticipationWithoutSubmissionNorResult'
    23:48:52.739 | 463 ool-1-worker-227 | DEBUG | PersonalAccessTokenManagementService : Generate secure vcs access token
    23:48:52.743 | 463 ool-1-worker-227 | DEBUG | d.t.c.a.a.c.s.f.ApiVersionFilter     : Adding Version to Request POST /api/public/programming-exercises/new-result
    23:48:52.743 | 463 ool-1-worker-227 | DEBUG | d.t.c.a.a.a.w.o.PublicResultResource : Received result notify (NEW)
    23:48:52.746 | 463 ool-1-worker-227 | INFO  | d.t.c.a.a.a.w.o.PublicResultResource : Artemis received a new result for build plan SHORTCEFB25500E33C04E5609EEA0D0B057AF8C17TSTEXC-PROGSUBRESGITLABJENSTUDENT1
    23:48:52.749 | 463 ool-1-worker-227 | DEBUG | .s.ProgrammingExerciseGradingService : Received new build result (NEW) for participation 4142
    23:48:52.752 | 463 ool-1-worker-227 | WARN  | .s.ProgrammingExerciseGradingService : Could not find pending ProgrammingSubmission for Commit Hash 9b3a9bd71a0d80e5bbc42204c319ed3d1d4f0d6d (Participation 4142, Build Plan SHORTCEFB25500E33C04E5609EEA0D0B057AF8C17TSTEXC-PROGSUBRESGITLABJENSTUDENT1). Will create a new one subsequently...
    23:48:52.753 | 463 ool-1-worker-227 | ERROR | .s.ProgrammingExerciseGradingService : Could not retrieve push date for participation 4142 and build plan SHORTCEFB25500E33C04E5609EEA0D0B057AF8C17TSTEXC-PROGSUBRESGITLABJENSTUDENT1
de.tum.cit.aet.artemis.programming.service.gitlab.GitLabException: Could not find build queue date for participation 4142
	at de.tum.cit.aet.artemis.programming.service.gitlab.GitLabService.getPushDate(GitLabService.java:369)
	at de.tum.cit.aet.artemis.programming.service.gitlab.GitLabService.getPushDate(GitLabService.java:358)
	at de.tum.cit.aet.artemis.programming.service.ProgrammingExerciseGradingService.createAndSaveFallbackSubmission(ProgrammingExerciseGradingService.java:286)
	at de.tum.cit.aet.artemis.programming.service.ProgrammingExerciseGradingService.createAndSaveFallbackSubmission(ProgrammingExerciseGradingService.java:272)
	at de.tum.cit.aet.artemis.programming.service.ProgrammingExerciseGradingService.lambda$processNewProgrammingExerciseResult$0(ProgrammingExerciseGradingService.java:177)
	at java.base/java.util.Optional.orElseGet(Optional.java:364)
	at de.tum.cit.aet.artemis.programming.service.ProgrammingExerciseGradingService.processNewProgrammingExerciseResult(ProgrammingExerciseGradingService.java:177)
	at de.tum.cit.aet.artemis.programming.service.ProgrammingExerciseGradingService.processNewProgrammingExerciseResult(ProgrammingExerciseGradingService.java:156)
	at de.tum.cit.aet.artemis.assessment.web.open.PublicResultResource.processNewProgrammingExerciseResult(PublicResultResource.java:113)
	at java.base/jdk.internal.reflect.DirectMethodHandleAccessor.invoke(DirectMethodHandleAccessor.java:103)
	at java.base/java.lang.reflect.Method.invoke(Method.java:580)
	at org.springframework.aop.support.AopUtils.invokeJoinpointUsingReflection(AopUtils.java:359)
	at org.springframework.aop.framework.ReflectiveMethodInvocation.invokeJoinpoint(ReflectiveMethodInvocation.java:196)
	at org.springframework.aop.framework.ReflectiveMethodInvocation.proceed(ReflectiveMethodInvocation.java:163)
	at org.springframework.security.authorization.method.AuthorizationManagerBeforeMethodInterceptor.proceed(AuthorizationManagerBeforeMethodInterceptor.java:268)
	at org.springframework.security.authorization.method.AuthorizationManagerBeforeMethodInterceptor.attemptAuthorization(AuthorizationManagerBeforeMethodInterceptor.java:263)
	at org.springframework.security.authorization.method.AuthorizationManagerBeforeMethodInterceptor.invoke(AuthorizationManagerBeforeMethodInterceptor.java:196)
	at org.springframework.security.config.annotation.method.configuration.DeferringMethodInterceptor.invoke(DeferringMethodInterceptor.java:44)
	at org.springframework.aop.framework.ReflectiveMethodInvocation.proceed(ReflectiveMethodInvocation.java:184)
	at org.springframework.aop.framework.CglibAopProxy$DynamicAdvisedInterceptor.intercept(CglibAopProxy.java:727)
	at de.tum.cit.aet.artemis.assessment.web.open.PublicResultResource$$SpringCGLIB$$0.processNewProgrammingExerciseResult(<generated>)
	at java.base/jdk.internal.reflect.DirectMethodHandleAccessor.invoke(DirectMethodHandleAccessor.java:103)
	at java.base/java.lang.reflect.Method.invoke(Method.java:580)
	at org.springframework.web.method.support.InvocableHandlerMethod.doInvoke(InvocableHandlerMethod.java:257)
	at org.springframework.web.method.support.InvocableHandlerMethod.invokeForRequest(InvocableHandlerMethod.java:190)
	at org.springframework.web.servlet.mvc.method.annotation.ServletInvocableHandlerMethod.invokeAndHandle(ServletInvocableHandlerMethod.java:118)
	at org.springframework.web.servlet.mvc.method.annotation.RequestMappingHandlerAdapter.invokeHandlerMethod(RequestMappingHandlerAdapter.java:986)
	at org.springframework.web.servlet.mvc.method.annotation.RequestMappingHandlerAdapter.handleInternal(RequestMappingHandlerAdapter.java:891)
	at org.springframework.web.servlet.mvc.method.AbstractHandlerMethodAdapter.handle(AbstractHandlerMethodAdapter.java:87)
	at org.springframework.web.servlet.DispatcherServlet.doDispatch(DispatcherServlet.java:1088)
	at org.springframework.web.servlet.DispatcherServlet.doService(DispatcherServlet.java:978)
	at org.springframework.web.servlet.FrameworkServlet.processRequest(FrameworkServlet.java:1014)
	at org.springframework.web.servlet.FrameworkServlet.doPost(FrameworkServlet.java:914)
	at jakarta.servlet.http.HttpServlet.service(HttpServlet.java:547)
	at org.springframework.web.servlet.FrameworkServlet.service(FrameworkServlet.java:885)
	at org.springframework.test.web.servlet.TestDispatcherServlet.service(TestDispatcherServlet.java:72)
	at jakarta.servlet.http.HttpServlet.service(HttpServlet.java:614)
	at org.springframework.mock.web.MockFilterChain$ServletFilterProxy.doFilter(MockFilterChain.java:165)
	at org.springframework.mock.web.MockFilterChain.doFilter(MockFilterChain.java:132)
	at org.springframework.web.filter.OncePerRequestFilter.doFilter(OncePerRequestFilter.java:110)
	at org.springframework.test.web.servlet.setup.MockMvcFilterDecorator.doFilter(MockMvcFilterDecorator.java:162)
	at org.springframework.mock.web.MockFilterChain.doFilter(MockFilterChain.java:132)
	at de.tum.cit.aet.artemis.core.security.filter.ApiVersionFilter.doFilter(ApiVersionFilter.java:55)
	at org.springframework.test.web.servlet.setup.MockMvcFilterDecorator.doFilter(MockMvcFilterDecorator.java:162)
	at org.springframework.mock.web.MockFilterChain.doFilter(MockFilterChain.java:132)
	at io.sentry.spring.jakarta.SentryUserFilter.doFilterInternal(SentryUserFilter.java:56)
	at org.springframework.web.filter.OncePerRequestFilter.doFilter(OncePerRequestFilter.java:116)
	at org.springframework.test.web.servlet.setup.MockMvcFilterDecorator.doFilter(MockMvcFilterDecorator.java:162)
	at org.springframework.mock.web.MockFilterChain.doFilter(MockFilterChain.java:132)
	at org.springframework.web.filter.CompositeFilter$VirtualFilterChain.doFilter(CompositeFilter.java:108)
	at org.springframework.security.web.FilterChainProxy.lambda$doFilterInternal$3(FilterChainProxy.java:231)
	at org.springframework.security.web.ObservationFilterChainDecorator$FilterObservation$SimpleFilterObservation.lambda$wrap$1(ObservationFilterChainDecorator.java:479)
	at org.springframework.security.web.ObservationFilterChainDecorator$AroundFilterObservation$SimpleAroundFilterObservation.lambda$wrap$1(ObservationFilterChainDecorator.java:340)
	at org.springframework.security.web.ObservationFilterChainDecorator.lambda$wrapSecured$0(ObservationFilterChainDecorator.java:82)
	at org.springframework.security.web.ObservationFilterChainDecorator$VirtualFilterChain.doFilter(ObservationFilterChainDecorator.java:128)
	at org.springframework.security.web.access.intercept.AuthorizationFilter.doFilter(AuthorizationFilter.java:101)
	at org.springframework.security.web.ObservationFilterChainDecorator$ObservationFilter.wrapFilter(ObservationFilterChainDecorator.java:240)
	at org.springframework.security.web.ObservationFilterChainDecorator$ObservationFilter.doFilter(ObservationFilterChainDecorator.java:227)
	at org.springframework.security.web.ObservationFilterChainDecorator$VirtualFilterChain.doFilter(ObservationFilterChainDecorator.java:137)
	at org.springframework.security.web.access.ExceptionTranslationFilter.doFilter(ExceptionTranslationFilter.java:126)
	at org.springframework.security.web.access.ExceptionTranslationFilter.doFilter(ExceptionTranslationFilter.java:120)
	at org.springframework.security.web.ObservationFilterChainDecorator$ObservationFilter.wrapFilter(ObservationFilterChainDecorator.java:240)
	at org.springframework.security.web.ObservationFilterChainDecorator$ObservationFilter.doFilter(ObservationFilterChainDecorator.java:227)
	at org.springframework.security.web.ObservationFilterChainDecorator$VirtualFilterChain.doFilter(ObservationFilterChainDecorator.java:137)
	at org.springframework.security.web.session.SessionManagementFilter.doFilter(SessionManagementFilter.java:131)
	at org.springframework.security.web.session.SessionManagementFilter.doFilter(SessionManagementFilter.java:85)
	at org.springframework.security.web.ObservationFilterChainDecorator$ObservationFilter.wrapFilter(ObservationFilterChainDecorator.java:240)
	at org.springframework.security.web.ObservationFilterChainDecorator$ObservationFilter.doFilter(ObservationFilterChainDecorator.java:227)
	at org.springframework.security.web.ObservationFilterChainDecorator$VirtualFilterChain.doFilter(ObservationFilterChainDecorator.java:137)
	at org.springframework.security.web.authentication.AnonymousAuthenticationFilter.doFilter(AnonymousAuthenticationFilter.java:100)
	at org.springframework.security.web.ObservationFilterChainDecorator$ObservationFilter.wrapFilter(ObservationFilterChainDecorator.java:240)
	at org.springframework.security.web.ObservationFilterChainDecorator$ObservationFilter.doFilter(ObservationFilterChainDecorator.java:227)
	at org.springframework.security.web.ObservationFilterChainDecorator$VirtualFilterChain.doFilter(ObservationFilterChainDecorator.java:137)
	at org.springframework.security.web.servletapi.SecurityContextHolderAwareRequestFilter.doFilter(SecurityContextHolderAwareRequestFilter.java:179)
	at org.springframework.security.web.ObservationFilterChainDecorator$ObservationFilter.wrapFilter(ObservationFilterChainDecorator.java:240)
	at org.springframework.security.web.ObservationFilterChainDecorator$ObservationFilter.doFilter(ObservationFilterChainDecorator.java:227)
	at org.springframework.security.web.ObservationFilterChainDecorator$VirtualFilterChain.doFilter(ObservationFilterChainDecorator.java:137)
	at org.springframework.security.web.savedrequest.RequestCacheAwareFilter.doFilter(RequestCacheAwareFilter.java:63)
	at org.springframework.security.web.ObservationFilterChainDecorator$ObservationFilter.wrapFilter(ObservationFilterChainDecorator.java:240)
	at org.springframework.security.web.ObservationFilterChainDecorator$ObservationFilter.doFilter(ObservationFilterChainDecorator.java:227)
	at org.springframework.security.web.ObservationFilterChainDecorator$VirtualFilterChain.doFilter(ObservationFilterChainDecorator.java:137)
	at de.tum.cit.aet.artemis.core.security.filter.SpaWebFilter.doFilterInternal(SpaWebFilter.java:23)
	at org.springframework.web.filter.OncePerRequestFilter.doFilter(OncePerRequestFilter.java:116)
	at org.springframework.security.web.ObservationFilterChainDecorator$ObservationFilter.wrapFilter(ObservationFilterChainDecorator.java:240)
	at org.springframework.security.web.ObservationFilterChainDecorator$ObservationFilter.doFilter(ObservationFilterChainDecorator.java:227)
	at org.springframework.security.web.ObservationFilterChainDecorator$VirtualFilterChain.doFilter(ObservationFilterChainDecorator.java:137)
	at org.springframework.web.filter.OncePerRequestFilter.doFilter(OncePerRequestFilter.java:110)
	at org.springframework.security.web.ObservationFilterChainDecorator$ObservationFilter.wrapFilter(ObservationFilterChainDecorator.java:240)
	at org.springframework.security.web.ObservationFilterChainDecorator$ObservationFilter.doFilter(ObservationFilterChainDecorator.java:227)
	at org.springframework.security.web.ObservationFilterChainDecorator$VirtualFilterChain.doFilter(ObservationFilterChainDecorator.java:137)
	at de.tum.cit.aet.artemis.lti.config.Lti13LaunchFilter.doFilterInternal(Lti13LaunchFilter.java:60)
	at org.springframework.web.filter.OncePerRequestFilter.doFilter(OncePerRequestFilter.java:116)
	at org.springframework.security.web.ObservationFilterChainDecorator$ObservationFilter.wrapFilter(ObservationFilterChainDecorator.java:240)
	at org.springframework.security.web.ObservationFilterChainDecorator$ObservationFilter.doFilter(ObservationFilterChainDecorator.java:227)
	at org.springframework.security.web.ObservationFilterChainDecorator$VirtualFilterChain.doFilter(ObservationFilterChainDecorator.java:137)
	at de.tum.cit.aet.artemis.core.security.jwt.JWTFilter.doFilter(JWTFilter.java:55)
	at org.springframework.security.web.ObservationFilterChainDecorator$ObservationFilter.wrapFilter(ObservationFilterChainDecorator.java:240)
	at org.springframework.security.web.ObservationFilterChainDecorator$ObservationFilter.doFilter(ObservationFilterChainDecorator.java:227)
	at org.springframework.security.web.ObservationFilterChainDecorator$VirtualFilterChain.doFilter(ObservationFilterChainDecorator.java:137)
	at de.tum.cit.aet.artemis.core.security.jwt.JWTFilter.doFilter(JWTFilter.java:55)
	at org.springframework.security.web.ObservationFilterChainDecorator$ObservationFilter.wrapFilter(ObservationFilterChainDecorator.java:240)
	at org.springframework.security.web.ObservationFilterChainDecorator$ObservationFilter.doFilter(ObservationFilterChainDecorator.java:227)
	at org.springframework.security.web.ObservationFilterChainDecorator$VirtualFilterChain.doFilter(ObservationFilterChainDecorator.java:137)
	at org.springframework.web.filter.CorsFilter.doFilterInternal(CorsFilter.java:91)
	at org.springframework.web.filter.OncePerRequestFilter.doFilter(OncePerRequestFilter.java:116)
	at org.springframework.security.web.ObservationFilterChainDecorator$ObservationFilter.wrapFilter(ObservationFilterChainDecorator.java:240)
	at org.springframework.security.web.ObservationFilterChainDecorator$ObservationFilter.doFilter(ObservationFilterChainDecorator.java:227)
	at org.springframework.security.web.ObservationFilterChainDecorator$VirtualFilterChain.doFilter(ObservationFilterChainDecorator.java:137)
	at org.springframework.web.filter.OncePerRequestFilter.doFilter(OncePerRequestFilter.java:110)
	at org.springframework.security.web.ObservationFilterChainDecorator$ObservationFilter.wrapFilter(ObservationFilterChainDecorator.java:240)
	at org.springframework.security.web.ObservationFilterChainDecorator$ObservationFilter.doFilter(ObservationFilterChainDecorator.java:227)
	at org.springframework.security.web.ObservationFilterChainDecorator$VirtualFilterChain.doFilter(ObservationFilterChainDecorator.java:137)
	at uk.ac.ox.ctl.lti13.security.oauth2.client.lti.web.OAuth2AuthorizationRequestRedirectFilter.doFilterInternal(OAuth2AuthorizationRequestRedirectFilter.java:142)
	at org.springframework.web.filter.OncePerRequestFilter.doFilter(OncePerRequestFilter.java:116)
	at org.springframework.security.web.ObservationFilterChainDecorator$ObservationFilter.wrapFilter(ObservationFilterChainDecorator.java:240)
	at org.springframework.security.web.ObservationFilterChainDecorator$ObservationFilter.doFilter(ObservationFilterChainDecorator.java:227)
	at org.springframework.security.web.ObservationFilterChainDecorator$VirtualFilterChain.doFilter(ObservationFilterChainDecorator.java:137)
	at org.springframework.security.web.authentication.logout.LogoutFilter.doFilter(LogoutFilter.java:107)
	at org.springframework.security.web.authentication.logout.LogoutFilter.doFilter(LogoutFilter.java:93)
	at org.springframework.security.web.ObservationFilterChainDecorator$ObservationFilter.wrapFilter(ObservationFilterChainDecorator.java:240)
	at org.springframework.security.web.ObservationFilterChainDecorator$ObservationFilter.doFilter(ObservationFilterChainDecorator.java:227)
	at org.springframework.security.web.ObservationFilterChainDecorator$VirtualFilterChain.doFilter(ObservationFilterChainDecorator.java:137)
	at org.springframework.security.web.header.HeaderWriterFilter.doHeadersAfter(HeaderWriterFilter.java:90)
	at org.springframework.security.web.header.HeaderWriterFilter.doFilterInternal(HeaderWriterFilter.java:75)
	at org.springframework.web.filter.OncePerRequestFilter.doFilter(OncePerRequestFilter.java:116)
	at org.springframework.security.web.ObservationFilterChainDecorator$ObservationFilter.wrapFilter(ObservationFilterChainDecorator.java:240)
	at org.springframework.security.web.ObservationFilterChainDecorator$ObservationFilter.doFilter(ObservationFilterChainDecorator.java:227)
	at org.springframework.security.web.ObservationFilterChainDecorator$VirtualFilterChain.doFilter(ObservationFilterChainDecorator.java:137)
	at org.springframework.security.web.context.SecurityContextHolderFilter.doFilter(SecurityContextHolderFilter.java:82)
	at org.springframework.security.web.context.SecurityContextHolderFilter.doFilter(SecurityContextHolderFilter.java:69)
	at org.springframework.security.web.ObservationFilterChainDecorator$ObservationFilter.wrapFilter(ObservationFilterChainDecorator.java:240)
	at org.springframework.security.web.ObservationFilterChainDecorator$ObservationFilter.doFilter(ObservationFilterChainDecorator.java:227)
	at org.springframework.security.web.ObservationFilterChainDecorator$VirtualFilterChain.doFilter(ObservationFilterChainDecorator.java:137)
	at org.springframework.security.web.context.request.async.WebAsyncManagerIntegrationFilter.doFilterInternal(WebAsyncManagerIntegrationFilter.java:62)
	at org.springframework.web.filter.OncePerRequestFilter.doFilter(OncePerRequestFilter.java:116)
	at org.springframework.security.web.ObservationFilterChainDecorator$ObservationFilter.wrapFilter(ObservationFilterChainDecorator.java:240)
	at org.springframework.security.web.ObservationFilterChainDecorator$ObservationFilter.doFilter(ObservationFilterChainDecorator.java:227)
	at org.springframework.security.web.ObservationFilterChainDecorator$VirtualFilterChain.doFilter(ObservationFilterChainDecorator.java:137)
	at org.springframework.security.web.session.DisableEncodeUrlFilter.doFilterInternal(DisableEncodeUrlFilter.java:42)
	at org.springframework.web.filter.OncePerRequestFilter.doFilter(OncePerRequestFilter.java:116)
	at org.springframework.security.web.ObservationFilterChainDecorator$ObservationFilter.wrapFilter(ObservationFilterChainDecorator.java:240)
	at org.springframework.security.web.ObservationFilterChainDecorator$AroundFilterObservation$SimpleAroundFilterObservation.lambda$wrap$0(ObservationFilterChainDecorator.java:323)
	at org.springframework.security.web.ObservationFilterChainDecorator$ObservationFilter.doFilter(ObservationFilterChainDecorator.java:224)
	at org.springframework.security.web.ObservationFilterChainDecorator$VirtualFilterChain.doFilter(ObservationFilterChainDecorator.java:137)
	at org.springframework.security.web.FilterChainProxy.doFilterInternal(FilterChainProxy.java:233)
	at org.springframework.security.web.FilterChainProxy.doFilter(FilterChainProxy.java:191)
	at org.springframework.web.filter.CompositeFilter$VirtualFilterChain.doFilter(CompositeFilter.java:113)
	at org.springframework.web.servlet.handler.HandlerMappingIntrospector.lambda$createCacheFilter$3(HandlerMappingIntrospector.java:243)
	at org.springframework.web.filter.CompositeFilter$VirtualFilterChain.doFilter(CompositeFilter.java:113)
	at org.springframework.web.filter.CompositeFilter.doFilter(CompositeFilter.java:74)
	at org.springframework.security.config.annotation.web.configuration.WebMvcSecurityConfiguration$CompositeFilterChainProxy.doFilter(WebMvcSecurityConfiguration.java:238)
	at org.springframework.web.filter.DelegatingFilterProxy.invokeDelegate(DelegatingFilterProxy.java:362)
	at org.springframework.web.filter.DelegatingFilterProxy.doFilter(DelegatingFilterProxy.java:278)
	at org.springframework.test.web.servlet.setup.MockMvcFilterDecorator.doFilter(MockMvcFilterDecorator.java:162)
	at org.springframework.mock.web.MockFilterChain.doFilter(MockFilterChain.java:132)
	at org.springframework.web.filter.RequestContextFilter.doFilterInternal(RequestContextFilter.java:100)
	at org.springframework.web.filter.OncePerRequestFilter.doFilter(OncePerRequestFilter.java:116)
	at org.springframework.test.web.servlet.setup.MockMvcFilterDecorator.doFilter(MockMvcFilterDecorator.java:162)
	at org.springframework.mock.web.MockFilterChain.doFilter(MockFilterChain.java:132)
	at org.springframework.web.filter.FormContentFilter.doFilterInternal(FormContentFilter.java:93)
	at org.springframework.web.filter.OncePerRequestFilter.doFilter(OncePerRequestFilter.java:116)
	at org.springframework.test.web.servlet.setup.MockMvcFilterDecorator.doFilter(MockMvcFilterDecorator.java:162)
	at org.springframework.mock.web.MockFilterChain.doFilter(MockFilterChain.java:132)
	at org.springframework.web.filter.ServerHttpObservationFilter.doFilterInternal(ServerHttpObservationFilter.java:114)
	at org.springframework.web.filter.OncePerRequestFilter.doFilter(OncePerRequestFilter.java:116)
	at org.springframework.test.web.servlet.setup.MockMvcFilterDecorator.doFilter(MockMvcFilterDecorator.java:162)
	at org.springframework.mock.web.MockFilterChain.doFilter(MockFilterChain.java:132)
	at io.sentry.spring.jakarta.tracing.SentryTracingFilter.doFilterInternal(SentryTracingFilter.java:91)
	at org.springframework.web.filter.OncePerRequestFilter.doFilter(OncePerRequestFilter.java:116)
	at org.springframework.test.web.servlet.setup.MockMvcFilterDecorator.doFilter(MockMvcFilterDecorator.java:162)
	at org.springframework.mock.web.MockFilterChain.doFilter(MockFilterChain.java:132)
	at org.springframework.web.filter.CharacterEncodingFilter.doFilterInternal(CharacterEncodingFilter.java:201)
	at org.springframework.web.filter.OncePerRequestFilter.doFilter(OncePerRequestFilter.java:116)
	at org.springframework.test.web.servlet.setup.MockMvcFilterDecorator.doFilter(MockMvcFilterDecorator.java:162)
	at org.springframework.mock.web.MockFilterChain.doFilter(MockFilterChain.java:132)
	at io.sentry.spring.jakarta.SentrySpringFilter.doFilterInternal(SentrySpringFilter.java:76)
	at org.springframework.web.filter.OncePerRequestFilter.doFilter(OncePerRequestFilter.java:116)
	at org.springframework.test.web.servlet.setup.MockMvcFilterDecorator.doFilter(MockMvcFilterDecorator.java:162)
	at org.springframework.mock.web.MockFilterChain.doFilter(MockFilterChain.java:132)
	at org.springframework.test.web.servlet.MockMvc.perform(MockMvc.java:201)
	at de.tum.cit.aet.artemis.core.util.RequestUtilService.performMvcRequest(RequestUtilService.java:79)
	at de.tum.cit.aet.artemis.core.util.RequestUtilService.postWithoutLocation(RequestUtilService.java:213)
	at de.tum.cit.aet.artemis.core.util.RequestUtilService.postWithoutLocation(RequestUtilService.java:199)
	at de.tum.cit.aet.artemis.programming.ProgrammingSubmissionAndResultGitlabJenkinsIntegrationTest.postResult(ProgrammingSubmissionAndResultGitlabJenkinsIntegrationTest.java:413)
	at de.tum.cit.aet.artemis.programming.ProgrammingSubmissionAndResultGitlabJenkinsIntegrationTest.shouldSaveBuildLogsOnStudentParticipationWithoutSubmissionNorResult(ProgrammingSubmissionAndResultGitlabJenkinsIntegrationTest.java:338)
	at java.base/jdk.internal.reflect.DirectMethodHandleAccessor.invoke(DirectMethodHandleAccessor.java:103)
	at java.base/java.lang.reflect.Method.invoke(Method.java:580)
	at org.junit.platform.commons.util.ReflectionUtils.invokeMethod(ReflectionUtils.java:767)
	at org.junit.jupiter.engine.execution.MethodInvocation.proceed(MethodInvocation.java:60)
	at org.junit.jupiter.engine.execution.InvocationInterceptorChain$ValidatingInvocation.proceed(InvocationInterceptorChain.java:131)
	at org.junit.jupiter.engine.extension.TimeoutExtension.intercept(TimeoutExtension.java:156)
	at org.junit.jupiter.engine.extension.TimeoutExtension.interceptTestableMethod(TimeoutExtension.java:147)
	at org.junit.jupiter.engine.extension.TimeoutExtension.interceptTestTemplateMethod(TimeoutExtension.java:94)
	at org.junit.jupiter.engine.execution.InterceptingExecutableInvoker$ReflectiveInterceptorCall.lambda$ofVoidMethod$0(InterceptingExecutableInvoker.java:103)
	at org.junit.jupiter.engine.execution.InterceptingExecutableInvoker.lambda$invoke$0(InterceptingExecutableInvoker.java:93)
	at org.junit.jupiter.engine.execution.InvocationInterceptorChain$InterceptedInvocation.proceed(InvocationInterceptorChain.java:106)
	at org.junit.jupiter.engine.execution.InvocationInterceptorChain.proceed(InvocationInterceptorChain.java:64)
	at org.junit.jupiter.engine.execution.InvocationInterceptorChain.chainAndInvoke(InvocationInterceptorChain.java:45)
	at org.junit.jupiter.engine.execution.InvocationInterceptorChain.invoke(InvocationInterceptorChain.java:37)
	at org.junit.jupiter.engine.execution.InterceptingExecutableInvoker.invoke(InterceptingExecutableInvoker.java:92)
	at org.junit.jupiter.engine.execution.InterceptingExecutableInvoker.invoke(InterceptingExecutableInvoker.java:86)
	at org.junit.jupiter.engine.descriptor.TestMethodTestDescriptor.lambda$invokeTestMethod$8(TestMethodTestDescriptor.java:217)
	at org.junit.platform.engine.support.hierarchical.ThrowableCollector.execute(ThrowableCollector.java:73)
	at org.junit.jupiter.engine.descriptor.TestMethodTestDescriptor.invokeTestMethod(TestMethodTestDescriptor.java:213)
	at org.junit.jupiter.engine.descriptor.TestMethodTestDescriptor.execute(TestMethodTestDescriptor.java:138)
	at org.junit.jupiter.engine.descriptor.TestMethodTestDescriptor.execute(TestMethodTestDescriptor.java:68)
	at org.junit.platform.engine.support.hierarchical.NodeTestTask.lambda$executeRecursively$6(NodeTestTask.java:156)
	at org.junit.platform.engine.support.hierarchical.ThrowableCollector.execute(ThrowableCollector.java:73)
	at org.junit.platform.engine.support.hierarchical.NodeTestTask.lambda$executeRecursively$8(NodeTestTask.java:146)
	at org.junit.platform.engine.support.hierarchical.Node.around(Node.java:137)
	at org.junit.platform.engine.support.hierarchical.NodeTestTask.lambda$executeRecursively$9(NodeTestTask.java:144)
	at org.junit.platform.engine.support.hierarchical.ThrowableCollector.execute(ThrowableCollector.java:73)
	at org.junit.platform.engine.support.hierarchical.NodeTestTask.executeRecursively(NodeTestTask.java:143)
	at org.junit.platform.engine.support.hierarchical.NodeTestTask.execute(NodeTestTask.java:100)
	at org.junit.platform.engine.support.hierarchical.ForkJoinPoolHierarchicalTestExecutorService$ExclusiveTask.exec(ForkJoinPoolHierarchicalTestExecutorService.java:274)
	at org.junit.platform.engine.support.hierarchical.ForkJoinPoolHierarchicalTestExecutorService$ExclusiveTask.execSync(ForkJoinPoolHierarchicalTestExecutorService.java:247)
	at org.junit.platform.engine.support.hierarchical.ForkJoinPoolHierarchicalTestExecutorService.submit(ForkJoinPoolHierarchicalTestExecutorService.java:148)
	at org.junit.platform.engine.support.hierarchical.NodeTestTask$DefaultDynamicTestExecutor.execute(NodeTestTask.java:231)
	at org.junit.platform.engine.support.hierarchical.NodeTestTask$DefaultDynamicTestExecutor.execute(NodeTestTask.java:209)
	at org.junit.jupiter.engine.descriptor.TestTemplateTestDescriptor.execute(TestTemplateTestDescriptor.java:141)
	at org.junit.jupiter.engine.descriptor.TestTemplateTestDescriptor.lambda$execute$3(TestTemplateTestDescriptor.java:109)
	at java.base/java.util.stream.ForEachOps$ForEachOp$OfRef.accept(ForEachOps.java:184)
	at java.base/java.util.stream.ReferencePipeline$3$1.accept(ReferencePipeline.java:197)
	at java.base/java.util.stream.ReferencePipeline$2$1.accept(ReferencePipeline.java:179)
	at java.base/java.util.stream.ReferencePipeline$3$1.accept(ReferencePipeline.java:197)
	at java.base/java.util.stream.ForEachOps$ForEachOp$OfRef.accept(ForEachOps.java:184)
	at java.base/java.util.stream.ReferencePipeline$3$1.accept(ReferencePipeline.java:197)
	at java.base/java.util.stream.ForEachOps$ForEachOp$OfRef.accept(ForEachOps.java:184)
	at java.base/java.util.stream.ForEachOps$ForEachOp$OfRef.accept(ForEachOps.java:184)
	at java.base/java.util.stream.ReferencePipeline$3$1.accept(ReferencePipeline.java:197)
	at java.base/java.util.stream.ForEachOps$ForEachOp$OfRef.accept(ForEachOps.java:184)
	at java.base/java.util.Spliterators$ArraySpliterator.forEachRemaining(Spliterators.java:1024)
	at java.base/java.util.stream.ReferencePipeline$Head.forEach(ReferencePipeline.java:762)
	at java.base/java.util.stream.ReferencePipeline$7$1.accept(ReferencePipeline.java:276)
	at java.base/java.util.Iterator.forEachRemaining(Iterator.java:133)
	at java.base/java.util.Spliterators$IteratorSpliterator.forEachRemaining(Spliterators.java:1939)
	at java.base/java.util.stream.AbstractPipeline.copyInto(AbstractPipeline.java:509)
	at java.base/java.util.stream.AbstractPipeline.wrapAndCopyInto(AbstractPipeline.java:499)
	at java.base/java.util.stream.ForEachOps$ForEachOp.evaluateSequential(ForEachOps.java:151)
	at java.base/java.util.stream.ForEachOps$ForEachOp$OfRef.evaluateSequential(ForEachOps.java:174)
	at java.base/java.util.stream.AbstractPipeline.evaluate(AbstractPipeline.java:234)
	at java.base/java.util.stream.ReferencePipeline.forEach(ReferencePipeline.java:596)
	at java.base/java.util.stream.ReferencePipeline$7$1.accept(ReferencePipeline.java:276)
	at java.base/java.util.stream.ReferencePipeline$3$1.accept(ReferencePipeline.java:197)
	at java.base/java.util.stream.ReferencePipeline$3$1.accept(ReferencePipeline.java:197)
	at java.base/java.util.stream.ReferencePipeline$3$1.accept(ReferencePipeline.java:197)
	at java.base/java.util.Spliterators$ArraySpliterator.forEachRemaining(Spliterators.java:1024)
	at java.base/java.util.stream.AbstractPipeline.copyInto(AbstractPipeline.java:509)
	at java.base/java.util.stream.AbstractPipeline.wrapAndCopyInto(AbstractPipeline.java:499)
	at java.base/java.util.stream.ForEachOps$ForEachOp.evaluateSequential(ForEachOps.java:151)
	at java.base/java.util.stream.ForEachOps$ForEachOp$OfRef.evaluateSequential(ForEachOps.java:174)
	at java.base/java.util.stream.AbstractPipeline.evaluate(AbstractPipeline.java:234)
	at java.base/java.util.stream.ReferencePipeline.forEach(ReferencePipeline.java:596)
	at java.base/java.util.stream.ReferencePipeline$7$1.accept(ReferencePipeline.java:276)
	at java.base/java.util.ArrayList$ArrayListSpliterator.forEachRemaining(ArrayList.java:1708)
	at java.base/java.util.stream.AbstractPipeline.copyInto(AbstractPipeline.java:509)
	at java.base/java.util.stream.AbstractPipeline.wrapAndCopyInto(AbstractPipeline.java:499)
	at java.base/java.util.stream.ForEachOps$ForEachOp.evaluateSequential(ForEachOps.java:151)
	at java.base/java.util.stream.ForEachOps$ForEachOp$OfRef.evaluateSequential(ForEachOps.java:174)
	at java.base/java.util.stream.AbstractPipeline.evaluate(AbstractPipeline.java:234)
	at java.base/java.util.stream.ReferencePipeline.forEach(ReferencePipeline.java:596)
	at java.base/java.util.stream.ReferencePipeline$7$1.accept(ReferencePipeline.java:276)
	at java.base/java.util.stream.ReferencePipeline$3$1.accept(ReferencePipeline.java:197)
	at java.base/java.util.stream.ReferencePipeline$3$1.accept(ReferencePipeline.java:197)
	at java.base/java.util.stream.ReferencePipeline$3$1.accept(ReferencePipeline.java:197)
	at java.base/java.util.ArrayList$ArrayListSpliterator.forEachRemaining(ArrayList.java:1708)
	at java.base/java.util.stream.AbstractPipeline.copyInto(AbstractPipeline.java:509)
	at java.base/java.util.stream.AbstractPipeline.wrapAndCopyInto(AbstractPipeline.java:499)
	at java.base/java.util.stream.ForEachOps$ForEachOp.evaluateSequential(ForEachOps.java:151)
	at java.base/java.util.stream.ForEachOps$ForEachOp$OfRef.evaluateSequential(ForEachOps.java:174)
	at java.base/java.util.stream.AbstractPipeline.evaluate(AbstractPipeline.java:234)
	at java.base/java.util.stream.ReferencePipeline.forEach(ReferencePipeline.java:596)
	at java.base/java.util.stream.ReferencePipeline$7$1.accept(ReferencePipeline.java:276)
	at java.base/java.util.ArrayList$ArrayListSpliterator.forEachRemaining(ArrayList.java:1708)
	at java.base/java.util.stream.AbstractPipeline.copyInto(AbstractPipeline.java:509)
	at java.base/java.util.stream.AbstractPipeline.wrapAndCopyInto(AbstractPipeline.java:499)
	at java.base/java.util.stream.ForEachOps$ForEachOp.evaluateSequential(ForEachOps.java:151)
	at java.base/java.util.stream.ForEachOps$ForEachOp$OfRef.evaluateSequential(ForEachOps.java:174)
	at java.base/java.util.stream.AbstractPipeline.evaluate(AbstractPipeline.java:234)
	at java.base/java.util.stream.ReferencePipeline.forEach(ReferencePipeline.java:596)
	at org.junit.jupiter.engine.descriptor.TestTemplateTestDescriptor.execute(TestTemplateTestDescriptor.java:109)
	at org.junit.jupiter.engine.descriptor.TestTemplateTestDescriptor.execute(TestTemplateTestDescriptor.java:43)
	at org.junit.platform.engine.support.hierarchical.NodeTestTask.lambda$executeRecursively$6(NodeTestTask.java:156)
	at org.junit.platform.engine.support.hierarchical.ThrowableCollector.execute(ThrowableCollector.java:73)
	at org.junit.platform.engine.support.hierarchical.NodeTestTask.lambda$executeRecursively$8(NodeTestTask.java:146)
	at org.junit.platform.engine.support.hierarchical.Node.around(Node.java:137)
	at org.junit.platform.engine.support.hierarchical.NodeTestTask.lambda$executeRecursively$9(NodeTestTask.java:144)
	at org.junit.platform.engine.support.hierarchical.ThrowableCollector.execute(ThrowableCollector.java:73)
	at org.junit.platform.engine.support.hierarchical.NodeTestTask.executeRecursively(NodeTestTask.java:143)
	at org.junit.platform.engine.support.hierarchical.NodeTestTask.execute(NodeTestTask.java:100)
	at org.junit.platform.engine.support.hierarchical.ForkJoinPoolHierarchicalTestExecutorService$ExclusiveTask.exec(ForkJoinPoolHierarchicalTestExecutorService.java:274)
	at org.junit.platform.engine.support.hierarchical.ForkJoinPoolHierarchicalTestExecutorService$ExclusiveTask.execSync(ForkJoinPoolHierarchicalTestExecutorService.java:247)
	at org.junit.platform.engine.support.hierarchical.ForkJoinPoolHierarchicalTestExecutorService.executeSync(ForkJoinPoolHierarchicalTestExecutorService.java:194)
	at org.junit.platform.engine.support.hierarchical.ForkJoinPoolHierarchicalTestExecutorService.invokeAll(ForkJoinPoolHierarchicalTestExecutorService.java:166)
	at org.junit.platform.engine.support.hierarchical.NodeTestTask.lambda$executeRecursively$6(NodeTestTask.java:160)
	at org.junit.platform.engine.support.hierarchical.ThrowableCollector.execute(ThrowableCollector.java:73)
	at org.junit.platform.engine.support.hierarchical.NodeTestTask.lambda$executeRecursively$8(NodeTestTask.java:146)
	at org.junit.platform.engine.support.hierarchical.Node.around(Node.java:137)
	at org.junit.platform.engine.support.hierarchical.NodeTestTask.lambda$executeRecursively$9(NodeTestTask.java:144)
	at org.junit.platform.engine.support.hierarchical.ThrowableCollector.execute(ThrowableCollector.java:73)
	at org.junit.platform.engine.support.hierarchical.NodeTestTask.executeRecursively(NodeTestTask.java:143)
	at org.junit.platform.engine.support.hierarchical.NodeTestTask.execute(NodeTestTask.java:100)
	at org.junit.platform.engine.support.hierarchical.ForkJoinPoolHierarchicalTestExecutorService$ExclusiveTask.exec(ForkJoinPoolHierarchicalTestExecutorService.java:274)
	at java.base/java.util.concurrent.ForkJoinTask.doExec(ForkJoinTask.java:387)
	at java.base/java.util.concurrent.ForkJoinPool$WorkQueue.topLevelExec(ForkJoinPool.java:1312)
	at java.base/java.util.concurrent.ForkJoinPool.scan(ForkJoinPool.java:1843)
	at java.base/java.util.concurrent.ForkJoinPool.runWorker(ForkJoinPool.java:1808)
	at java.base/java.util.concurrent.ForkJoinWorkerThread.run(ForkJoinWorkerThread.java:188)
    23:48:52.781 | 463 ool-1-worker-227 | DEBUG | .c.s.m.InstanceMessageReceiveService : Received schedule participant score for exercise 3272 and participant 773 (result to be deleted: null)
    23:48:52.781 | 463 ool-1-worker-227 | DEBUG | .a.s.ParticipantScoreScheduleService : Scheduled task for exercise 3272 and participant 773 at 2025-02-14T23:48:52.881156306Z[Etc/UTC].
    23:48:52.782 | 463 ool-1-worker-227 | DEBUG | .a.a.p.s.ProgrammingMessagingService : Send result to client over websocket. Result: Result{id805, completionDate=2025-02-14T23:48:52.740340500Z, successful=false, score=0.0, rated=true, assessmentType=AUTOMATIC, hasComplaint=null, testCaseCount=0, passedTestCaseCount=0, codeIssueCount=0}, Submission: ProgrammingSubmission{commitHash='9b3a9bd71a0d80e5bbc42204c319ed3d1d4f0d6d', buildFailed=true, buildArtifact=false, type=MANUAL}, Participation: ProgrammingExerciseStudentParticipation{id=4142, repositoryUri='https://version-control.fake.fake/git/SHORTCEFB25500E33C04E5609EEA0D0B057AF8C17TSTEXC/shortcefb25500e33c04e5609eea0d0b057af8c17tstexc-progsubresgitlabjenstudent1.git', buildPlanId='SHORTCEFB25500E33C04E5609EEA0D0B057AF8C17TSTEXC-PROGSUBRESGITLABJENSTUDENT1', initializationState='INITIALIZED', initializationDate='2025-02-14T23:48:52.738353Z', individualDueDate=null', presentationScore=null}
    23:48:52.785 | 463 ool-1-worker-227 | INFO  | d.t.c.a.a.a.w.o.PublicResultResource : The new result for SHORTCEFB25500E33C04E5609EEA0D0B057AF8C17TSTEXC-PROGSUBRESGITLABJENSTUDENT1 was saved successfully
    23:48:52.789 | 463 ool-1-worker-227 | DEBUG | d.t.c.a.a.c.s.f.ApiVersionFilter     : Adding Version to Request GET /api/repository/4142/buildlogs
    23:48:52.790 | 463 ool-1-worker-227 | DEBUG | rammingExerciseParticipationResource : REST request to get build log : 4142

  Starting logs for ProgrammingSubmissionAndResultGitlabJenkinsIntegrationTest > shouldSaveBuildLogsOnStudentParticipationWithoutSubmissionNorResult(ProgrammingLanguage, boolean) [37] programmingLanguage=R, enableStaticCodeAnalysis=true
    23:48:52.807 | 463 ool-1-worker-227 | DEBUG | d.t.c.a.a.c.u.util.UserUtilService   : Generate 3 students...
    23:48:52.812 | 463 ool-1-worker-227 | DEBUG | d.t.c.a.a.c.u.util.UserUtilService   : 3 students generated. Generate 2 tutors...
    23:48:52.816 | 463 ool-1-worker-227 | DEBUG | d.t.c.a.a.c.u.util.UserUtilService   : 2 tutors generated. Generate 0 editors...
    23:48:52.817 | 463 ool-1-worker-227 | DEBUG | d.t.c.a.a.c.u.util.UserUtilService   : 0 editors generated. Generate 2 instructors...
    23:48:52.820 | 463 ool-1-worker-227 | DEBUG | d.t.c.a.a.c.u.util.UserUtilService   : 2 instructors generated
    23:48:52.821 | 463 ool-1-worker-227 | DEBUG | d.t.c.a.a.c.u.util.UserUtilService   : Removing 7 users from all courses...
    23:48:52.822 | 463 ool-1-worker-227 | DEBUG | d.t.c.a.a.c.u.util.UserUtilService   : Removing 7 users from all courses. Done
    23:48:52.822 | 463 ool-1-worker-227 | DEBUG | d.t.c.a.a.c.u.util.UserUtilService   : Save 7 users to database...
    23:48:52.825 | 463 ool-1-worker-227 | DEBUG | d.t.c.a.a.c.u.util.UserUtilService   : Save 7 users to database. Done
    23:48:52.839 | 463 ool-1-worker-227 | DEBUG | PersonalAccessTokenManagementService : Generate secure vcs access token
    23:48:52.841 | 463 ool-1-worker-227 | DEBUG | PersonalAccessTokenManagementService : Generate secure vcs access token
    23:48:52.843 | 463 ool-1-worker-227 | INFO  | i.z.t.d.l.EmbeddedDatabaseReporter   : JDBC URL to connect to 'dataSource': url='jdbc:h2:tcp://localhost:41063/mem:736625c0-cf5e-400d-aeaa-8a7eabd6262b;USER=sa', scope='ProgrammingSubmissionAndResultGitlabJenkinsIntegrationTest#shouldSaveBuildLogsOnStudentParticipationWithoutSubmissionNorResult'
    23:48:52.855 | 463 ool-1-worker-227 | DEBUG | PersonalAccessTokenManagementService : Generate secure vcs access token
    23:48:52.858 | 463 ool-1-worker-227 | DEBUG | d.t.c.a.a.c.s.f.ApiVersionFilter     : Adding Version to Request POST /api/public/programming-exercises/new-result
    23:48:52.858 | 463 ool-1-worker-227 | DEBUG | d.t.c.a.a.a.w.o.PublicResultResource : Received result notify (NEW)
    23:48:52.860 | 463 ool-1-worker-227 | INFO  | d.t.c.a.a.a.w.o.PublicResultResource : Artemis received a new result for build plan SHORTC53C0BEE02C2A04F0209BAD04EA6174ECFEETSTEXC-PROGSUBRESGITLABJENSTUDENT1
    23:48:52.862 | 463 ool-1-worker-227 | DEBUG | .s.ProgrammingExerciseGradingService : Received new build result (NEW) for participation 4149
    23:48:52.864 | 463 ool-1-worker-227 | WARN  | .s.ProgrammingExerciseGradingService : Could not find pending ProgrammingSubmission for Commit Hash 9b3a9bd71a0d80e5bbc42204c319ed3d1d4f0d6d (Participation 4149, Build Plan SHORTC53C0BEE02C2A04F0209BAD04EA6174ECFEETSTEXC-PROGSUBRESGITLABJENSTUDENT1). Will create a new one subsequently...
    23:48:52.865 | 463 ool-1-worker-227 | ERROR | .s.ProgrammingExerciseGradingService : Could not retrieve push date for participation 4149 and build plan SHORTC53C0BEE02C2A04F0209BAD04EA6174ECFEETSTEXC-PROGSUBRESGITLABJENSTUDENT1
de.tum.cit.aet.artemis.programming.service.gitlab.GitLabException: Could not find build queue date for participation 4149
	at de.tum.cit.aet.artemis.programming.service.gitlab.GitLabService.getPushDate(GitLabService.java:369)
	at de.tum.cit.aet.artemis.programming.service.gitlab.GitLabService.getPushDate(GitLabService.java:358)
	at de.tum.cit.aet.artemis.programming.service.ProgrammingExerciseGradingService.createAndSaveFallbackSubmission(ProgrammingExerciseGradingService.java:286)
	at de.tum.cit.aet.artemis.programming.service.ProgrammingExerciseGradingService.createAndSaveFallbackSubmission(ProgrammingExerciseGradingService.java:272)
	at de.tum.cit.aet.artemis.programming.service.ProgrammingExerciseGradingService.lambda$processNewProgrammingExerciseResult$0(ProgrammingExerciseGradingService.java:177)
	at java.base/java.util.Optional.orElseGet(Optional.java:364)
	at de.tum.cit.aet.artemis.programming.service.ProgrammingExerciseGradingService.processNewProgrammingExerciseResult(ProgrammingExerciseGradingService.java:177)
	at de.tum.cit.aet.artemis.programming.service.ProgrammingExerciseGradingService.processNewProgrammingExerciseResult(ProgrammingExerciseGradingService.java:156)
	at de.tum.cit.aet.artemis.assessment.web.open.PublicResultResource.processNewProgrammingExerciseResult(PublicResultResource.java:113)
	at java.base/jdk.internal.reflect.DirectMethodHandleAccessor.invoke(DirectMethodHandleAccessor.java:103)
	at java.base/java.lang.reflect.Method.invoke(Method.java:580)
	at org.springframework.aop.support.AopUtils.invokeJoinpointUsingReflection(AopUtils.java:359)
	at org.springframework.aop.framework.ReflectiveMethodInvocation.invokeJoinpoint(ReflectiveMethodInvocation.java:196)
	at org.springframework.aop.framework.ReflectiveMethodInvocation.proceed(ReflectiveMethodInvocation.java:163)
	at org.springframework.security.authorization.method.AuthorizationManagerBeforeMethodInterceptor.proceed(AuthorizationManagerBeforeMethodInterceptor.java:268)
	at org.springframework.security.authorization.method.AuthorizationManagerBeforeMethodInterceptor.attemptAuthorization(AuthorizationManagerBeforeMethodInterceptor.java:263)
	at org.springframework.security.authorization.method.AuthorizationManagerBeforeMethodInterceptor.invoke(AuthorizationManagerBeforeMethodInterceptor.java:196)
	at org.springframework.security.config.annotation.method.configuration.DeferringMethodInterceptor.invoke(DeferringMethodInterceptor.java:44)
	at org.springframework.aop.framework.ReflectiveMethodInvocation.proceed(ReflectiveMethodInvocation.java:184)
	at org.springframework.aop.framework.CglibAopProxy$DynamicAdvisedInterceptor.intercept(CglibAopProxy.java:727)
	at de.tum.cit.aet.artemis.assessment.web.open.PublicResultResource$$SpringCGLIB$$0.processNewProgrammingExerciseResult(<generated>)
	at java.base/jdk.internal.reflect.DirectMethodHandleAccessor.invoke(DirectMethodHandleAccessor.java:103)
	at java.base/java.lang.reflect.Method.invoke(Method.java:580)
	at org.springframework.web.method.support.InvocableHandlerMethod.doInvoke(InvocableHandlerMethod.java:257)
	at org.springframework.web.method.support.InvocableHandlerMethod.invokeForRequest(InvocableHandlerMethod.java:190)
	at org.springframework.web.servlet.mvc.method.annotation.ServletInvocableHandlerMethod.invokeAndHandle(ServletInvocableHandlerMethod.java:118)
	at org.springframework.web.servlet.mvc.method.annotation.RequestMappingHandlerAdapter.invokeHandlerMethod(RequestMappingHandlerAdapter.java:986)
	at org.springframework.web.servlet.mvc.method.annotation.RequestMappingHandlerAdapter.handleInternal(RequestMappingHandlerAdapter.java:891)
	at org.springframework.web.servlet.mvc.method.AbstractHandlerMethodAdapter.handle(AbstractHandlerMethodAdapter.java:87)
	at org.springframework.web.servlet.DispatcherServlet.doDispatch(DispatcherServlet.java:1088)
	at org.springframework.web.servlet.DispatcherServlet.doService(DispatcherServlet.java:978)
	at org.springframework.web.servlet.FrameworkServlet.processRequest(FrameworkServlet.java:1014)
	at org.springframework.web.servlet.FrameworkServlet.doPost(FrameworkServlet.java:914)
	at jakarta.servlet.http.HttpServlet.service(HttpServlet.java:547)
	at org.springframework.web.servlet.FrameworkServlet.service(FrameworkServlet.java:885)
	at org.springframework.test.web.servlet.TestDispatcherServlet.service(TestDispatcherServlet.java:72)
	at jakarta.servlet.http.HttpServlet.service(HttpServlet.java:614)
	at org.springframework.mock.web.MockFilterChain$ServletFilterProxy.doFilter(MockFilterChain.java:165)
	at org.springframework.mock.web.MockFilterChain.doFilter(MockFilterChain.java:132)
	at org.springframework.web.filter.OncePerRequestFilter.doFilter(OncePerRequestFilter.java:110)
	at org.springframework.test.web.servlet.setup.MockMvcFilterDecorator.doFilter(MockMvcFilterDecorator.java:162)
	at org.springframework.mock.web.MockFilterChain.doFilter(MockFilterChain.java:132)
	at de.tum.cit.aet.artemis.core.security.filter.ApiVersionFilter.doFilter(ApiVersionFilter.java:55)
	at org.springframework.test.web.servlet.setup.MockMvcFilterDecorator.doFilter(MockMvcFilterDecorator.java:162)
	at org.springframework.mock.web.MockFilterChain.doFilter(MockFilterChain.java:132)
	at io.sentry.spring.jakarta.SentryUserFilter.doFilterInternal(SentryUserFilter.java:56)
	at org.springframework.web.filter.OncePerRequestFilter.doFilter(OncePerRequestFilter.java:116)
	at org.springframework.test.web.servlet.setup.MockMvcFilterDecorator.doFilter(MockMvcFilterDecorator.java:162)
	at org.springframework.mock.web.MockFilterChain.doFilter(MockFilterChain.java:132)
	at org.springframework.web.filter.CompositeFilter$VirtualFilterChain.doFilter(CompositeFilter.java:108)
	at org.springframework.security.web.FilterChainProxy.lambda$doFilterInternal$3(FilterChainProxy.java:231)
	at org.springframework.security.web.ObservationFilterChainDecorator$FilterObservation$SimpleFilterObservation.lambda$wrap$1(ObservationFilterChainDecorator.java:479)
	at org.springframework.security.web.ObservationFilterChainDecorator$AroundFilterObservation$SimpleAroundFilterObservation.lambda$wrap$1(ObservationFilterChainDecorator.java:340)
	at org.springframework.security.web.ObservationFilterChainDecorator.lambda$wrapSecured$0(ObservationFilterChainDecorator.java:82)
	at org.springframework.security.web.ObservationFilterChainDecorator$VirtualFilterChain.doFilter(ObservationFilterChainDecorator.java:128)
	at org.springframework.security.web.access.intercept.AuthorizationFilter.doFilter(AuthorizationFilter.java:101)
	at org.springframework.security.web.ObservationFilterChainDecorator$ObservationFilter.wrapFilter(ObservationFilterChainDecorator.java:240)
	at org.springframework.security.web.ObservationFilterChainDecorator$ObservationFilter.doFilter(ObservationFilterChainDecorator.java:227)
	at org.springframework.security.web.ObservationFilterChainDecorator$VirtualFilterChain.doFilter(ObservationFilterChainDecorator.java:137)
	at org.springframework.security.web.access.ExceptionTranslationFilter.doFilter(ExceptionTranslationFilter.java:126)
	at org.springframework.security.web.access.ExceptionTranslationFilter.doFilter(ExceptionTranslationFilter.java:120)
	at org.springframework.security.web.ObservationFilterChainDecorator$ObservationFilter.wrapFilter(ObservationFilterChainDecorator.java:240)
	at org.springframework.security.web.ObservationFilterChainDecorator$ObservationFilter.doFilter(ObservationFilterChainDecorator.java:227)
	at org.springframework.security.web.ObservationFilterChainDecorator$VirtualFilterChain.doFilter(ObservationFilterChainDecorator.java:137)
	at org.springframework.security.web.session.SessionManagementFilter.doFilter(SessionManagementFilter.java:131)
	at org.springframework.security.web.session.SessionManagementFilter.doFilter(SessionManagementFilter.java:85)
	at org.springframework.security.web.ObservationFilterChainDecorator$ObservationFilter.wrapFilter(ObservationFilterChainDecorator.java:240)
	at org.springframework.security.web.ObservationFilterChainDecorator$ObservationFilter.doFilter(ObservationFilterChainDecorator.java:227)
	at org.springframework.security.web.ObservationFilterChainDecorator$VirtualFilterChain.doFilter(ObservationFilterChainDecorator.java:137)
	at org.springframework.security.web.authentication.AnonymousAuthenticationFilter.doFilter(AnonymousAuthenticationFilter.java:100)
	at org.springframework.security.web.ObservationFilterChainDecorator$ObservationFilter.wrapFilter(ObservationFilterChainDecorator.java:240)
	at org.springframework.security.web.ObservationFilterChainDecorator$ObservationFilter.doFilter(ObservationFilterChainDecorator.java:227)
	at org.springframework.security.web.ObservationFilterChainDecorator$VirtualFilterChain.doFilter(ObservationFilterChainDecorator.java:137)
	at org.springframework.security.web.servletapi.SecurityContextHolderAwareRequestFilter.doFilter(SecurityContextHolderAwareRequestFilter.java:179)
	at org.springframework.security.web.ObservationFilterChainDecorator$ObservationFilter.wrapFilter(ObservationFilterChainDecorator.java:240)
	at org.springframework.security.web.ObservationFilterChainDecorator$ObservationFilter.doFilter(ObservationFilterChainDecorator.java:227)
	at org.springframework.security.web.ObservationFilterChainDecorator$VirtualFilterChain.doFilter(ObservationFilterChainDecorator.java:137)
	at org.springframework.security.web.savedrequest.RequestCacheAwareFilter.doFilter(RequestCacheAwareFilter.java:63)
	at org.springframework.security.web.ObservationFilterChainDecorator$ObservationFilter.wrapFilter(ObservationFilterChainDecorator.java:240)
	at org.springframework.security.web.ObservationFilterChainDecorator$ObservationFilter.doFilter(ObservationFilterChainDecorator.java:227)
	at org.springframework.security.web.ObservationFilterChainDecorator$VirtualFilterChain.doFilter(ObservationFilterChainDecorator.java:137)
	at de.tum.cit.aet.artemis.core.security.filter.SpaWebFilter.doFilterInternal(SpaWebFilter.java:23)
	at org.springframework.web.filter.OncePerRequestFilter.doFilter(OncePerRequestFilter.java:116)
	at org.springframework.security.web.ObservationFilterChainDecorator$ObservationFilter.wrapFilter(ObservationFilterChainDecorator.java:240)
	at org.springframework.security.web.ObservationFilterChainDecorator$ObservationFilter.doFilter(ObservationFilterChainDecorator.java:227)
	at org.springframework.security.web.ObservationFilterChainDecorator$VirtualFilterChain.doFilter(ObservationFilterChainDecorator.java:137)
	at org.springframework.web.filter.OncePerRequestFilter.doFilter(OncePerRequestFilter.java:110)
	at org.springframework.security.web.ObservationFilterChainDecorator$ObservationFilter.wrapFilter(ObservationFilterChainDecorator.java:240)
	at org.springframework.security.web.ObservationFilterChainDecorator$ObservationFilter.doFilter(ObservationFilterChainDecorator.java:227)
	at org.springframework.security.web.ObservationFilterChainDecorator$VirtualFilterChain.doFilter(ObservationFilterChainDecorator.java:137)
	at de.tum.cit.aet.artemis.lti.config.Lti13LaunchFilter.doFilterInternal(Lti13LaunchFilter.java:60)
	at org.springframework.web.filter.OncePerRequestFilter.doFilter(OncePerRequestFilter.java:116)
	at org.springframework.security.web.ObservationFilterChainDecorator$ObservationFilter.wrapFilter(ObservationFilterChainDecorator.java:240)
	at org.springframework.security.web.ObservationFilterChainDecorator$ObservationFilter.doFilter(ObservationFilterChainDecorator.java:227)
	at org.springframework.security.web.ObservationFilterChainDecorator$VirtualFilterChain.doFilter(ObservationFilterChainDecorator.java:137)
	at de.tum.cit.aet.artemis.core.security.jwt.JWTFilter.doFilter(JWTFilter.java:55)
	at org.springframework.security.web.ObservationFilterChainDecorator$ObservationFilter.wrapFilter(ObservationFilterChainDecorator.java:240)
	at org.springframework.security.web.ObservationFilterChainDecorator$ObservationFilter.doFilter(ObservationFilterChainDecorator.java:227)
	at org.springframework.security.web.ObservationFilterChainDecorator$VirtualFilterChain.doFilter(ObservationFilterChainDecorator.java:137)
	at de.tum.cit.aet.artemis.core.security.jwt.JWTFilter.doFilter(JWTFilter.java:55)
	at org.springframework.security.web.ObservationFilterChainDecorator$ObservationFilter.wrapFilter(ObservationFilterChainDecorator.java:240)
	at org.springframework.security.web.ObservationFilterChainDecorator$ObservationFilter.doFilter(ObservationFilterChainDecorator.java:227)
	at org.springframework.security.web.ObservationFilterChainDecorator$VirtualFilterChain.doFilter(ObservationFilterChainDecorator.java:137)
	at org.springframework.web.filter.CorsFilter.doFilterInternal(CorsFilter.java:91)
	at org.springframework.web.filter.OncePerRequestFilter.doFilter(OncePerRequestFilter.java:116)
	at org.springframework.security.web.ObservationFilterChainDecorator$ObservationFilter.wrapFilter(ObservationFilterChainDecorator.java:240)
	at org.springframework.security.web.ObservationFilterChainDecorator$ObservationFilter.doFilter(ObservationFilterChainDecorator.java:227)
	at org.springframework.security.web.ObservationFilterChainDecorator$VirtualFilterChain.doFilter(ObservationFilterChainDecorator.java:137)
	at org.springframework.web.filter.OncePerRequestFilter.doFilter(OncePerRequestFilter.java:110)
	at org.springframework.security.web.ObservationFilterChainDecorator$ObservationFilter.wrapFilter(ObservationFilterChainDecorator.java:240)
	at org.springframework.security.web.ObservationFilterChainDecorator$ObservationFilter.doFilter(ObservationFilterChainDecorator.java:227)
	at org.springframework.security.web.ObservationFilterChainDecorator$VirtualFilterChain.doFilter(ObservationFilterChainDecorator.java:137)
	at uk.ac.ox.ctl.lti13.security.oauth2.client.lti.web.OAuth2AuthorizationRequestRedirectFilter.doFilterInternal(OAuth2AuthorizationRequestRedirectFilter.java:142)
	at org.springframework.web.filter.OncePerRequestFilter.doFilter(OncePerRequestFilter.java:116)
	at org.springframework.security.web.ObservationFilterChainDecorator$ObservationFilter.wrapFilter(ObservationFilterChainDecorator.java:240)
	at org.springframework.security.web.ObservationFilterChainDecorator$ObservationFilter.doFilter(ObservationFilterChainDecorator.java:227)
	at org.springframework.security.web.ObservationFilterChainDecorator$VirtualFilterChain.doFilter(ObservationFilterChainDecorator.java:137)
	at org.springframework.security.web.authentication.logout.LogoutFilter.doFilter(LogoutFilter.java:107)
	at org.springframework.security.web.authentication.logout.LogoutFilter.doFilter(LogoutFilter.java:93)
	at org.springframework.security.web.ObservationFilterChainDecorator$ObservationFilter.wrapFilter(ObservationFilterChainDecorator.java:240)
	at org.springframework.security.web.ObservationFilterChainDecorator$ObservationFilter.doFilter(ObservationFilterChainDecorator.java:227)
	at org.springframework.security.web.ObservationFilterChainDecorator$VirtualFilterChain.doFilter(ObservationFilterChainDecorator.java:137)
	at org.springframework.security.web.header.HeaderWriterFilter.doHeadersAfter(HeaderWriterFilter.java:90)
	at org.springframework.security.web.header.HeaderWriterFilter.doFilterInternal(HeaderWriterFilter.java:75)
	at org.springframework.web.filter.OncePerRequestFilter.doFilter(OncePerRequestFilter.java:116)
	at org.springframework.security.web.ObservationFilterChainDecorator$ObservationFilter.wrapFilter(ObservationFilterChainDecorator.java:240)
	at org.springframework.security.web.ObservationFilterChainDecorator$ObservationFilter.doFilter(ObservationFilterChainDecorator.java:227)
	at org.springframework.security.web.ObservationFilterChainDecorator$VirtualFilterChain.doFilter(ObservationFilterChainDecorator.java:137)
	at org.springframework.security.web.context.SecurityContextHolderFilter.doFilter(SecurityContextHolderFilter.java:82)
	at org.springframework.security.web.context.SecurityContextHolderFilter.doFilter(SecurityContextHolderFilter.java:69)
	at org.springframework.security.web.ObservationFilterChainDecorator$ObservationFilter.wrapFilter(ObservationFilterChainDecorator.java:240)
	at org.springframework.security.web.ObservationFilterChainDecorator$ObservationFilter.doFilter(ObservationFilterChainDecorator.java:227)
	at org.springframework.security.web.ObservationFilterChainDecorator$VirtualFilterChain.doFilter(ObservationFilterChainDecorator.java:137)
	at org.springframework.security.web.context.request.async.WebAsyncManagerIntegrationFilter.doFilterInternal(WebAsyncManagerIntegrationFilter.java:62)
	at org.springframework.web.filter.OncePerRequestFilter.doFilter(OncePerRequestFilter.java:116)
	at org.springframework.security.web.ObservationFilterChainDecorator$ObservationFilter.wrapFilter(ObservationFilterChainDecorator.java:240)
	at org.springframework.security.web.ObservationFilterChainDecorator$ObservationFilter.doFilter(ObservationFilterChainDecorator.java:227)
	at org.springframework.security.web.ObservationFilterChainDecorator$VirtualFilterChain.doFilter(ObservationFilterChainDecorator.java:137)
	at org.springframework.security.web.session.DisableEncodeUrlFilter.doFilterInternal(DisableEncodeUrlFilter.java:42)
	at org.springframework.web.filter.OncePerRequestFilter.doFilter(OncePerRequestFilter.java:116)
	at org.springframework.security.web.ObservationFilterChainDecorator$ObservationFilter.wrapFilter(ObservationFilterChainDecorator.java:240)
	at org.springframework.security.web.ObservationFilterChainDecorator$AroundFilterObservation$SimpleAroundFilterObservation.lambda$wrap$0(ObservationFilterChainDecorator.java:323)
	at org.springframework.security.web.ObservationFilterChainDecorator$ObservationFilter.doFilter(ObservationFilterChainDecorator.java:224)
	at org.springframework.security.web.ObservationFilterChainDecorator$VirtualFilterChain.doFilter(ObservationFilterChainDecorator.java:137)
	at org.springframework.security.web.FilterChainProxy.doFilterInternal(FilterChainProxy.java:233)
	at org.springframework.security.web.FilterChainProxy.doFilter(FilterChainProxy.java:191)
	at org.springframework.web.filter.CompositeFilter$VirtualFilterChain.doFilter(CompositeFilter.java:113)
	at org.springframework.web.servlet.handler.HandlerMappingIntrospector.lambda$createCacheFilter$3(HandlerMappingIntrospector.java:243)
	at org.springframework.web.filter.CompositeFilter$VirtualFilterChain.doFilter(CompositeFilter.java:113)
	at org.springframework.web.filter.CompositeFilter.doFilter(CompositeFilter.java:74)
	at org.springframework.security.config.annotation.web.configuration.WebMvcSecurityConfiguration$CompositeFilterChainProxy.doFilter(WebMvcSecurityConfiguration.java:238)
	at org.springframework.web.filter.DelegatingFilterProxy.invokeDelegate(DelegatingFilterProxy.java:362)
	at org.springframework.web.filter.DelegatingFilterProxy.doFilter(DelegatingFilterProxy.java:278)
	at org.springframework.test.web.servlet.setup.MockMvcFilterDecorator.doFilter(MockMvcFilterDecorator.java:162)
	at org.springframework.mock.web.MockFilterChain.doFilter(MockFilterChain.java:132)
	at org.springframework.web.filter.RequestContextFilter.doFilterInternal(RequestContextFilter.java:100)
	at org.springframework.web.filter.OncePerRequestFilter.doFilter(OncePerRequestFilter.java:116)
	at org.springframework.test.web.servlet.setup.MockMvcFilterDecorator.doFilter(MockMvcFilterDecorator.java:162)
	at org.springframework.mock.web.MockFilterChain.doFilter(MockFilterChain.java:132)
	at org.springframework.web.filter.FormContentFilter.doFilterInternal(FormContentFilter.java:93)
	at org.springframework.web.filter.OncePerRequestFilter.doFilter(OncePerRequestFilter.java:116)
	at org.springframework.test.web.servlet.setup.MockMvcFilterDecorator.doFilter(MockMvcFilterDecorator.java:162)
	at org.springframework.mock.web.MockFilterChain.doFilter(MockFilterChain.java:132)
	at org.springframework.web.filter.ServerHttpObservationFilter.doFilterInternal(ServerHttpObservationFilter.java:114)
	at org.springframework.web.filter.OncePerRequestFilter.doFilter(OncePerRequestFilter.java:116)
	at org.springframework.test.web.servlet.setup.MockMvcFilterDecorator.doFilter(MockMvcFilterDecorator.java:162)
	at org.springframework.mock.web.MockFilterChain.doFilter(MockFilterChain.java:132)
	at io.sentry.spring.jakarta.tracing.SentryTracingFilter.doFilterInternal(SentryTracingFilter.java:91)
	at org.springframework.web.filter.OncePerRequestFilter.doFilter(OncePerRequestFilter.java:116)
	at org.springframework.test.web.servlet.setup.MockMvcFilterDecorator.doFilter(MockMvcFilterDecorator.java:162)
	at org.springframework.mock.web.MockFilterChain.doFilter(MockFilterChain.java:132)
	at org.springframework.web.filter.CharacterEncodingFilter.doFilterInternal(CharacterEncodingFilter.java:201)
	at org.springframework.web.filter.OncePerRequestFilter.doFilter(OncePerRequestFilter.java:116)
	at org.springframework.test.web.servlet.setup.MockMvcFilterDecorator.doFilter(MockMvcFilterDecorator.java:162)
	at org.springframework.mock.web.MockFilterChain.doFilter(MockFilterChain.java:132)
	at io.sentry.spring.jakarta.SentrySpringFilter.doFilterInternal(SentrySpringFilter.java:76)
	at org.springframework.web.filter.OncePerRequestFilter.doFilter(OncePerRequestFilter.java:116)
	at org.springframework.test.web.servlet.setup.MockMvcFilterDecorator.doFilter(MockMvcFilterDecorator.java:162)
	at org.springframework.mock.web.MockFilterChain.doFilter(MockFilterChain.java:132)
	at org.springframework.test.web.servlet.MockMvc.perform(MockMvc.java:201)
	at de.tum.cit.aet.artemis.core.util.RequestUtilService.performMvcRequest(RequestUtilService.java:79)
	at de.tum.cit.aet.artemis.core.util.RequestUtilService.postWithoutLocation(RequestUtilService.java:213)
	at de.tum.cit.aet.artemis.core.util.RequestUtilService.postWithoutLocation(RequestUtilService.java:199)
	at de.tum.cit.aet.artemis.programming.ProgrammingSubmissionAndResultGitlabJenkinsIntegrationTest.postResult(ProgrammingSubmissionAndResultGitlabJenkinsIntegrationTest.java:413)
	at de.tum.cit.aet.artemis.programming.ProgrammingSubmissionAndResultGitlabJenkinsIntegrationTest.shouldSaveBuildLogsOnStudentParticipationWithoutSubmissionNorResult(ProgrammingSubmissionAndResultGitlabJenkinsIntegrationTest.java:338)
	at java.base/jdk.internal.reflect.DirectMethodHandleAccessor.invoke(DirectMethodHandleAccessor.java:103)
	at java.base/java.lang.reflect.Method.invoke(Method.java:580)
	at org.junit.platform.commons.util.ReflectionUtils.invokeMethod(ReflectionUtils.java:767)
	at org.junit.jupiter.engine.execution.MethodInvocation.proceed(MethodInvocation.java:60)
	at org.junit.jupiter.engine.execution.InvocationInterceptorChain$ValidatingInvocation.proceed(InvocationInterceptorChain.java:131)
	at org.junit.jupiter.engine.extension.TimeoutExtension.intercept(TimeoutExtension.java:156)
	at org.junit.jupiter.engine.extension.TimeoutExtension.interceptTestableMethod(TimeoutExtension.java:147)
	at org.junit.jupiter.engine.extension.TimeoutExtension.interceptTestTemplateMethod(TimeoutExtension.java:94)
	at org.junit.jupiter.engine.execution.InterceptingExecutableInvoker$ReflectiveInterceptorCall.lambda$ofVoidMethod$0(InterceptingExecutableInvoker.java:103)
	at org.junit.jupiter.engine.execution.InterceptingExecutableInvoker.lambda$invoke$0(InterceptingExecutableInvoker.java:93)
	at org.junit.jupiter.engine.execution.InvocationInterceptorChain$InterceptedInvocation.proceed(InvocationInterceptorChain.java:106)
	at org.junit.jupiter.engine.execution.InvocationInterceptorChain.proceed(InvocationInterceptorChain.java:64)
	at org.junit.jupiter.engine.execution.InvocationInterceptorChain.chainAndInvoke(InvocationInterceptorChain.java:45)
	at org.junit.jupiter.engine.execution.InvocationInterceptorChain.invoke(InvocationInterceptorChain.java:37)
	at org.junit.jupiter.engine.execution.InterceptingExecutableInvoker.invoke(InterceptingExecutableInvoker.java:92)
	at org.junit.jupiter.engine.execution.InterceptingExecutableInvoker.invoke(InterceptingExecutableInvoker.java:86)
	at org.junit.jupiter.engine.descriptor.TestMethodTestDescriptor.lambda$invokeTestMethod$8(TestMethodTestDescriptor.java:217)
	at org.junit.platform.engine.support.hierarchical.ThrowableCollector.execute(ThrowableCollector.java:73)
	at org.junit.jupiter.engine.descriptor.TestMethodTestDescriptor.invokeTestMethod(TestMethodTestDescriptor.java:213)
	at org.junit.jupiter.engine.descriptor.TestMethodTestDescriptor.execute(TestMethodTestDescriptor.java:138)
	at org.junit.jupiter.engine.descriptor.TestMethodTestDescriptor.execute(TestMethodTestDescriptor.java:68)
	at org.junit.platform.engine.support.hierarchical.NodeTestTask.lambda$executeRecursively$6(NodeTestTask.java:156)
	at org.junit.platform.engine.support.hierarchical.ThrowableCollector.execute(ThrowableCollector.java:73)
	at org.junit.platform.engine.support.hierarchical.NodeTestTask.lambda$executeRecursively$8(NodeTestTask.java:146)
	at org.junit.platform.engine.support.hierarchical.Node.around(Node.java:137)
	at org.junit.platform.engine.support.hierarchical.NodeTestTask.lambda$executeRecursively$9(NodeTestTask.java:144)
	at org.junit.platform.engine.support.hierarchical.ThrowableCollector.execute(ThrowableCollector.java:73)
	at org.junit.platform.engine.support.hierarchical.NodeTestTask.executeRecursively(NodeTestTask.java:143)
	at org.junit.platform.engine.support.hierarchical.NodeTestTask.execute(NodeTestTask.java:100)
	at org.junit.platform.engine.support.hierarchical.ForkJoinPoolHierarchicalTestExecutorService$ExclusiveTask.exec(ForkJoinPoolHierarchicalTestExecutorService.java:274)
	at org.junit.platform.engine.support.hierarchical.ForkJoinPoolHierarchicalTestExecutorService$ExclusiveTask.execSync(ForkJoinPoolHierarchicalTestExecutorService.java:247)
	at org.junit.platform.engine.support.hierarchical.ForkJoinPoolHierarchicalTestExecutorService.submit(ForkJoinPoolHierarchicalTestExecutorService.java:148)
	at org.junit.platform.engine.support.hierarchical.NodeTestTask$DefaultDynamicTestExecutor.execute(NodeTestTask.java:231)
	at org.junit.platform.engine.support.hierarchical.NodeTestTask$DefaultDynamicTestExecutor.execute(NodeTestTask.java:209)
	at org.junit.jupiter.engine.descriptor.TestTemplateTestDescriptor.execute(TestTemplateTestDescriptor.java:141)
	at org.junit.jupiter.engine.descriptor.TestTemplateTestDescriptor.lambda$execute$3(TestTemplateTestDescriptor.java:109)
	at java.base/java.util.stream.ForEachOps$ForEachOp$OfRef.accept(ForEachOps.java:184)
	at java.base/java.util.stream.ReferencePipeline$3$1.accept(ReferencePipeline.java:197)
	at java.base/java.util.stream.ReferencePipeline$2$1.accept(ReferencePipeline.java:179)
	at java.base/java.util.stream.ReferencePipeline$3$1.accept(ReferencePipeline.java:197)
	at java.base/java.util.stream.ForEachOps$ForEachOp$OfRef.accept(ForEachOps.java:184)
	at java.base/java.util.stream.ReferencePipeline$3$1.accept(ReferencePipeline.java:197)
	at java.base/java.util.stream.ForEachOps$ForEachOp$OfRef.accept(ForEachOps.java:184)
	at java.base/java.util.stream.ForEachOps$ForEachOp$OfRef.accept(ForEachOps.java:184)
	at java.base/java.util.stream.ReferencePipeline$3$1.accept(ReferencePipeline.java:197)
	at java.base/java.util.stream.ForEachOps$ForEachOp$OfRef.accept(ForEachOps.java:184)
	at java.base/java.util.Spliterators$ArraySpliterator.forEachRemaining(Spliterators.java:1024)
	at java.base/java.util.stream.ReferencePipeline$Head.forEach(ReferencePipeline.java:762)
	at java.base/java.util.stream.ReferencePipeline$7$1.accept(ReferencePipeline.java:276)
	at java.base/java.util.Iterator.forEachRemaining(Iterator.java:133)
	at java.base/java.util.Spliterators$IteratorSpliterator.forEachRemaining(Spliterators.java:1939)
	at java.base/java.util.stream.AbstractPipeline.copyInto(AbstractPipeline.java:509)
	at java.base/java.util.stream.AbstractPipeline.wrapAndCopyInto(AbstractPipeline.java:499)
	at java.base/java.util.stream.ForEachOps$ForEachOp.evaluateSequential(ForEachOps.java:151)
	at java.base/java.util.stream.ForEachOps$ForEachOp$OfRef.evaluateSequential(ForEachOps.java:174)
	at java.base/java.util.stream.AbstractPipeline.evaluate(AbstractPipeline.java:234)
	at java.base/java.util.stream.ReferencePipeline.forEach(ReferencePipeline.java:596)
	at java.base/java.util.stream.ReferencePipeline$7$1.accept(ReferencePipeline.java:276)
	at java.base/java.util.stream.ReferencePipeline$3$1.accept(ReferencePipeline.java:197)
	at java.base/java.util.stream.ReferencePipeline$3$1.accept(ReferencePipeline.java:197)
	at java.base/java.util.stream.ReferencePipeline$3$1.accept(ReferencePipeline.java:197)
	at java.base/java.util.Spliterators$ArraySpliterator.forEachRemaining(Spliterators.java:1024)
	at java.base/java.util.stream.AbstractPipeline.copyInto(AbstractPipeline.java:509)
	at java.base/java.util.stream.AbstractPipeline.wrapAndCopyInto(AbstractPipeline.java:499)
	at java.base/java.util.stream.ForEachOps$ForEachOp.evaluateSequential(ForEachOps.java:151)
	at java.base/java.util.stream.ForEachOps$ForEachOp$OfRef.evaluateSequential(ForEachOps.java:174)
	at java.base/java.util.stream.AbstractPipeline.evaluate(AbstractPipeline.java:234)
	at java.base/java.util.stream.ReferencePipeline.forEach(ReferencePipeline.java:596)
	at java.base/java.util.stream.ReferencePipeline$7$1.accept(ReferencePipeline.java:276)
	at java.base/java.util.ArrayList$ArrayListSpliterator.forEachRemaining(ArrayList.java:1708)
	at java.base/java.util.stream.AbstractPipeline.copyInto(AbstractPipeline.java:509)
	at java.base/java.util.stream.AbstractPipeline.wrapAndCopyInto(AbstractPipeline.java:499)
	at java.base/java.util.stream.ForEachOps$ForEachOp.evaluateSequential(ForEachOps.java:151)
	at java.base/java.util.stream.ForEachOps$ForEachOp$OfRef.evaluateSequential(ForEachOps.java:174)
	at java.base/java.util.stream.AbstractPipeline.evaluate(AbstractPipeline.java:234)
	at java.base/java.util.stream.ReferencePipeline.forEach(ReferencePipeline.java:596)
	at java.base/java.util.stream.ReferencePipeline$7$1.accept(ReferencePipeline.java:276)
	at java.base/java.util.stream.ReferencePipeline$3$1.accept(ReferencePipeline.java:197)
	at java.base/java.util.stream.ReferencePipeline$3$1.accept(ReferencePipeline.java:197)
	at java.base/java.util.stream.ReferencePipeline$3$1.accept(ReferencePipeline.java:197)
	at java.base/java.util.ArrayList$ArrayListSpliterator.forEachRemaining(ArrayList.java:1708)
	at java.base/java.util.stream.AbstractPipeline.copyInto(AbstractPipeline.java:509)
	at java.base/java.util.stream.AbstractPipeline.wrapAndCopyInto(AbstractPipeline.java:499)
	at java.base/java.util.stream.ForEachOps$ForEachOp.evaluateSequential(ForEachOps.java:151)
	at java.base/java.util.stream.ForEachOps$ForEachOp$OfRef.evaluateSequential(ForEachOps.java:174)
	at java.base/java.util.stream.AbstractPipeline.evaluate(AbstractPipeline.java:234)
	at java.base/java.util.stream.ReferencePipeline.forEach(ReferencePipeline.java:596)
	at java.base/java.util.stream.ReferencePipeline$7$1.accept(ReferencePipeline.java:276)
	at java.base/java.util.ArrayList$ArrayListSpliterator.forEachRemaining(ArrayList.java:1708)
	at java.base/java.util.stream.AbstractPipeline.copyInto(AbstractPipeline.java:509)
	at java.base/java.util.stream.AbstractPipeline.wrapAndCopyInto(AbstractPipeline.java:499)
	at java.base/java.util.stream.ForEachOps$ForEachOp.evaluateSequential(ForEachOps.java:151)
	at java.base/java.util.stream.ForEachOps$ForEachOp$OfRef.evaluateSequential(ForEachOps.java:174)
	at java.base/java.util.stream.AbstractPipeline.evaluate(AbstractPipeline.java:234)
	at java.base/java.util.stream.ReferencePipeline.forEach(ReferencePipeline.java:596)
	at org.junit.jupiter.engine.descriptor.TestTemplateTestDescriptor.execute(TestTemplateTestDescriptor.java:109)
	at org.junit.jupiter.engine.descriptor.TestTemplateTestDescriptor.execute(TestTemplateTestDescriptor.java:43)
	at org.junit.platform.engine.support.hierarchical.NodeTestTask.lambda$executeRecursively$6(NodeTestTask.java:156)
	at org.junit.platform.engine.support.hierarchical.ThrowableCollector.execute(ThrowableCollector.java:73)
	at org.junit.platform.engine.support.hierarchical.NodeTestTask.lambda$executeRecursively$8(NodeTestTask.java:146)
	at org.junit.platform.engine.support.hierarchical.Node.around(Node.java:137)
	at org.junit.platform.engine.support.hierarchical.NodeTestTask.lambda$executeRecursively$9(NodeTestTask.java:144)
	at org.junit.platform.engine.support.hierarchical.ThrowableCollector.execute(ThrowableCollector.java:73)
	at org.junit.platform.engine.support.hierarchical.NodeTestTask.executeRecursively(NodeTestTask.java:143)
	at org.junit.platform.engine.support.hierarchical.NodeTestTask.execute(NodeTestTask.java:100)
	at org.junit.platform.engine.support.hierarchical.ForkJoinPoolHierarchicalTestExecutorService$ExclusiveTask.exec(ForkJoinPoolHierarchicalTestExecutorService.java:274)
	at org.junit.platform.engine.support.hierarchical.ForkJoinPoolHierarchicalTestExecutorService$ExclusiveTask.execSync(ForkJoinPoolHierarchicalTestExecutorService.java:247)
	at org.junit.platform.engine.support.hierarchical.ForkJoinPoolHierarchicalTestExecutorService.executeSync(ForkJoinPoolHierarchicalTestExecutorService.java:194)
	at org.junit.platform.engine.support.hierarchical.ForkJoinPoolHierarchicalTestExecutorService.invokeAll(ForkJoinPoolHierarchicalTestExecutorService.java:166)
	at org.junit.platform.engine.support.hierarchical.NodeTestTask.lambda$executeRecursively$6(NodeTestTask.java:160)
	at org.junit.platform.engine.support.hierarchical.ThrowableCollector.execute(ThrowableCollector.java:73)
	at org.junit.platform.engine.support.hierarchical.NodeTestTask.lambda$executeRecursively$8(NodeTestTask.java:146)
	at org.junit.platform.engine.support.hierarchical.Node.around(Node.java:137)
	at org.junit.platform.engine.support.hierarchical.NodeTestTask.lambda$executeRecursively$9(NodeTestTask.java:144)
	at org.junit.platform.engine.support.hierarchical.ThrowableCollector.execute(ThrowableCollector.java:73)
	at org.junit.platform.engine.support.hierarchical.NodeTestTask.executeRecursively(NodeTestTask.java:143)
	at org.junit.platform.engine.support.hierarchical.NodeTestTask.execute(NodeTestTask.java:100)
	at org.junit.platform.engine.support.hierarchical.ForkJoinPoolHierarchicalTestExecutorService$ExclusiveTask.exec(ForkJoinPoolHierarchicalTestExecutorService.java:274)
	at java.base/java.util.concurrent.ForkJoinTask.doExec(ForkJoinTask.java:387)
	at java.base/java.util.concurrent.ForkJoinPool$WorkQueue.topLevelExec(ForkJoinPool.java:1312)
	at java.base/java.util.concurrent.ForkJoinPool.scan(ForkJoinPool.java:1843)
	at java.base/java.util.concurrent.ForkJoinPool.runWorker(ForkJoinPool.java:1808)
	at java.base/java.util.concurrent.ForkJoinWorkerThread.run(ForkJoinWorkerThread.java:188)
    23:48:52.881 | 463 ool-1-worker-227 | DEBUG | .c.s.m.InstanceMessageReceiveService : Received schedule participant score for exercise 3274 and participant 773 (result to be deleted: null)
    23:48:52.881 | 463 ool-1-worker-227 | DEBUG | .a.s.ParticipantScoreScheduleService : Scheduled task for exercise 3274 and participant 773 at 2025-02-14T23:48:52.981052371Z[Etc/UTC].
    23:48:52.881 | 463 ool-1-worker-227 | DEBUG | .a.a.p.s.ProgrammingMessagingService : Send result to client over websocket. Result: Result{id806, completionDate=2025-02-14T23:48:52.856215700Z, successful=false, score=0.0, rated=true, assessmentType=AUTOMATIC, hasComplaint=null, testCaseCount=0, passedTestCaseCount=0, codeIssueCount=0}, Submission: ProgrammingSubmission{commitHash='9b3a9bd71a0d80e5bbc42204c319ed3d1d4f0d6d', buildFailed=true, buildArtifact=false, type=MANUAL}, Participation: ProgrammingExerciseStudentParticipation{id=4149, repositoryUri='https://version-control.fake.fake/git/SHORTC53C0BEE02C2A04F0209BAD04EA6174ECFEETSTEXC/shortc53c0bee02c2a04f0209bad04ea6174ecfeetstexc-progsubresgitlabjenstudent1.git', buildPlanId='SHORTC53C0BEE02C2A04F0209BAD04EA6174ECFEETSTEXC-PROGSUBRESGITLABJENSTUDENT1', initializationState='INITIALIZED', initializationDate='2025-02-14T23:48:52.854497Z', individualDueDate=null', presentationScore=null}
    23:48:52.884 | 463 ool-1-worker-227 | INFO  | d.t.c.a.a.a.w.o.PublicResultResource : The new result for SHORTC53C0BEE02C2A04F0209BAD04EA6174ECFEETSTEXC-PROGSUBRESGITLABJENSTUDENT1 was saved successfully
    23:48:52.886 | 463 ool-1-worker-227 | DEBUG | d.t.c.a.a.c.s.f.ApiVersionFilter     : Adding Version to Request GET /api/repository/4149/buildlogs
    23:48:52.887 | 463 ool-1-worker-227 | DEBUG | rammingExerciseParticipationResource : REST request to get build log : 4149

  Starting logs for ProgrammingSubmissionAndResultGitlabJenkinsIntegrationTest > shouldSaveBuildLogsOnStudentParticipationWithoutSubmissionNorResult(ProgrammingLanguage, boolean) [38] programmingLanguage=R, enableStaticCodeAnalysis=false
    23:48:52.900 | 463 ool-1-worker-227 | DEBUG | d.t.c.a.a.c.u.util.UserUtilService   : Generate 3 students...
    23:48:52.905 | 463 ool-1-worker-227 | DEBUG | d.t.c.a.a.c.u.util.UserUtilService   : 3 students generated. Generate 2 tutors...
    23:48:52.909 | 463 ool-1-worker-227 | DEBUG | d.t.c.a.a.c.u.util.UserUtilService   : 2 tutors generated. Generate 0 editors...
    23:48:52.910 | 463 ool-1-worker-227 | DEBUG | d.t.c.a.a.c.u.util.UserUtilService   : 0 editors generated. Generate 2 instructors...
    23:48:52.913 | 463 ool-1-worker-227 | DEBUG | d.t.c.a.a.c.u.util.UserUtilService   : 2 instructors generated
    23:48:52.914 | 463 ool-1-worker-227 | DEBUG | d.t.c.a.a.c.u.util.UserUtilService   : Removing 7 users from all courses...
    23:48:52.915 | 463 ool-1-worker-227 | DEBUG | d.t.c.a.a.c.u.util.UserUtilService   : Removing 7 users from all courses. Done
    23:48:52.915 | 463 ool-1-worker-227 | DEBUG | d.t.c.a.a.c.u.util.UserUtilService   : Save 7 users to database...
    23:48:52.918 | 463 ool-1-worker-227 | DEBUG | d.t.c.a.a.c.u.util.UserUtilService   : Save 7 users to database. Done
    23:48:52.932 | 463 ool-1-worker-227 | DEBUG | PersonalAccessTokenManagementService : Generate secure vcs access token
    23:48:52.935 | 463 ool-1-worker-227 | DEBUG | PersonalAccessTokenManagementService : Generate secure vcs access token
    23:48:52.937 | 463 ool-1-worker-227 | INFO  | i.z.t.d.l.EmbeddedDatabaseReporter   : JDBC URL to connect to 'dataSource': url='jdbc:h2:tcp://localhost:41063/mem:736625c0-cf5e-400d-aeaa-8a7eabd6262b;USER=sa', scope='ProgrammingSubmissionAndResultGitlabJenkinsIntegrationTest#shouldSaveBuildLogsOnStudentParticipationWithoutSubmissionNorResult'
    23:48:52.948 | 463 ool-1-worker-227 | DEBUG | PersonalAccessTokenManagementService : Generate secure vcs access token
    23:48:52.951 | 463 ool-1-worker-227 | DEBUG | d.t.c.a.a.c.s.f.ApiVersionFilter     : Adding Version to Request POST /api/public/programming-exercises/new-result
    23:48:52.952 | 463 ool-1-worker-227 | DEBUG | d.t.c.a.a.a.w.o.PublicResultResource : Received result notify (NEW)
    23:48:52.953 | 463 ool-1-worker-227 | INFO  | d.t.c.a.a.a.w.o.PublicResultResource : Artemis received a new result for build plan SHORTCAE9A4F401BAB04CDA0B5D0095ACD5480F9ETSTEXC-PROGSUBRESGITLABJENSTUDENT1
    23:48:52.955 | 463 ool-1-worker-227 | DEBUG | .s.ProgrammingExerciseGradingService : Received new build result (NEW) for participation 4156
    23:48:52.957 | 463 ool-1-worker-227 | WARN  | .s.ProgrammingExerciseGradingService : Could not find pending ProgrammingSubmission for Commit Hash 9b3a9bd71a0d80e5bbc42204c319ed3d1d4f0d6d (Participation 4156, Build Plan SHORTCAE9A4F401BAB04CDA0B5D0095ACD5480F9ETSTEXC-PROGSUBRESGITLABJENSTUDENT1). Will create a new one subsequently...
    23:48:52.957 | 463 ool-1-worker-227 | ERROR | .s.ProgrammingExerciseGradingService : Could not retrieve push date for participation 4156 and build plan SHORTCAE9A4F401BAB04CDA0B5D0095ACD5480F9ETSTEXC-PROGSUBRESGITLABJENSTUDENT1
de.tum.cit.aet.artemis.programming.service.gitlab.GitLabException: Could not find build queue date for participation 4156
	at de.tum.cit.aet.artemis.programming.service.gitlab.GitLabService.getPushDate(GitLabService.java:369)
	at de.tum.cit.aet.artemis.programming.service.gitlab.GitLabService.getPushDate(GitLabService.java:358)
	at de.tum.cit.aet.artemis.programming.service.ProgrammingExerciseGradingService.createAndSaveFallbackSubmission(ProgrammingExerciseGradingService.java:286)
	at de.tum.cit.aet.artemis.programming.service.ProgrammingExerciseGradingService.createAndSaveFallbackSubmission(ProgrammingExerciseGradingService.java:272)
	at de.tum.cit.aet.artemis.programming.service.ProgrammingExerciseGradingService.lambda$processNewProgrammingExerciseResult$0(ProgrammingExerciseGradingService.java:177)
	at java.base/java.util.Optional.orElseGet(Optional.java:364)
	at de.tum.cit.aet.artemis.programming.service.ProgrammingExerciseGradingService.processNewProgrammingExerciseResult(ProgrammingExerciseGradingService.java:177)
	at de.tum.cit.aet.artemis.programming.service.ProgrammingExerciseGradingService.processNewProgrammingExerciseResult(ProgrammingExerciseGradingService.java:156)
	at de.tum.cit.aet.artemis.assessment.web.open.PublicResultResource.processNewProgrammingExerciseResult(PublicResultResource.java:113)
	at java.base/jdk.internal.reflect.DirectMethodHandleAccessor.invoke(DirectMethodHandleAccessor.java:103)
	at java.base/java.lang.reflect.Method.invoke(Method.java:580)
	at org.springframework.aop.support.AopUtils.invokeJoinpointUsingReflection(AopUtils.java:359)
	at org.springframework.aop.framework.ReflectiveMethodInvocation.invokeJoinpoint(ReflectiveMethodInvocation.java:196)
	at org.springframework.aop.framework.ReflectiveMethodInvocation.proceed(ReflectiveMethodInvocation.java:163)
	at org.springframework.security.authorization.method.AuthorizationManagerBeforeMethodInterceptor.proceed(AuthorizationManagerBeforeMethodInterceptor.java:268)
	at org.springframework.security.authorization.method.AuthorizationManagerBeforeMethodInterceptor.attemptAuthorization(AuthorizationManagerBeforeMethodInterceptor.java:263)
	at org.springframework.security.authorization.method.AuthorizationManagerBeforeMethodInterceptor.invoke(AuthorizationManagerBeforeMethodInterceptor.java:196)
	at org.springframework.security.config.annotation.method.configuration.DeferringMethodInterceptor.invoke(DeferringMethodInterceptor.java:44)
	at org.springframework.aop.framework.ReflectiveMethodInvocation.proceed(ReflectiveMethodInvocation.java:184)
	at org.springframework.aop.framework.CglibAopProxy$DynamicAdvisedInterceptor.intercept(CglibAopProxy.java:727)
	at de.tum.cit.aet.artemis.assessment.web.open.PublicResultResource$$SpringCGLIB$$0.processNewProgrammingExerciseResult(<generated>)
	at java.base/jdk.internal.reflect.DirectMethodHandleAccessor.invoke(DirectMethodHandleAccessor.java:103)
	at java.base/java.lang.reflect.Method.invoke(Method.java:580)
	at org.springframework.web.method.support.InvocableHandlerMethod.doInvoke(InvocableHandlerMethod.java:257)
	at org.springframework.web.method.support.InvocableHandlerMethod.invokeForRequest(InvocableHandlerMethod.java:190)
	at org.springframework.web.servlet.mvc.method.annotation.ServletInvocableHandlerMethod.invokeAndHandle(ServletInvocableHandlerMethod.java:118)
	at org.springframework.web.servlet.mvc.method.annotation.RequestMappingHandlerAdapter.invokeHandlerMethod(RequestMappingHandlerAdapter.java:986)
	at org.springframework.web.servlet.mvc.method.annotation.RequestMappingHandlerAdapter.handleInternal(RequestMappingHandlerAdapter.java:891)
	at org.springframework.web.servlet.mvc.method.AbstractHandlerMethodAdapter.handle(AbstractHandlerMethodAdapter.java:87)
	at org.springframework.web.servlet.DispatcherServlet.doDispatch(DispatcherServlet.java:1088)
	at org.springframework.web.servlet.DispatcherServlet.doService(DispatcherServlet.java:978)
	at org.springframework.web.servlet.FrameworkServlet.processRequest(FrameworkServlet.java:1014)
	at org.springframework.web.servlet.FrameworkServlet.doPost(FrameworkServlet.java:914)
	at jakarta.servlet.http.HttpServlet.service(HttpServlet.java:547)
	at org.springframework.web.servlet.FrameworkServlet.service(FrameworkServlet.java:885)
	at org.springframework.test.web.servlet.TestDispatcherServlet.service(TestDispatcherServlet.java:72)
	at jakarta.servlet.http.HttpServlet.service(HttpServlet.java:614)
	at org.springframework.mock.web.MockFilterChain$ServletFilterProxy.doFilter(MockFilterChain.java:165)
	at org.springframework.mock.web.MockFilterChain.doFilter(MockFilterChain.java:132)
	at org.springframework.web.filter.OncePerRequestFilter.doFilter(OncePerRequestFilter.java:110)
	at org.springframework.test.web.servlet.setup.MockMvcFilterDecorator.doFilter(MockMvcFilterDecorator.java:162)
	at org.springframework.mock.web.MockFilterChain.doFilter(MockFilterChain.java:132)
	at de.tum.cit.aet.artemis.core.security.filter.ApiVersionFilter.doFilter(ApiVersionFilter.java:55)
	at org.springframework.test.web.servlet.setup.MockMvcFilterDecorator.doFilter(MockMvcFilterDecorator.java:162)
	at org.springframework.mock.web.MockFilterChain.doFilter(MockFilterChain.java:132)
	at io.sentry.spring.jakarta.SentryUserFilter.doFilterInternal(SentryUserFilter.java:56)
	at org.springframework.web.filter.OncePerRequestFilter.doFilter(OncePerRequestFilter.java:116)
	at org.springframework.test.web.servlet.setup.MockMvcFilterDecorator.doFilter(MockMvcFilterDecorator.java:162)
	at org.springframework.mock.web.MockFilterChain.doFilter(MockFilterChain.java:132)
	at org.springframework.web.filter.CompositeFilter$VirtualFilterChain.doFilter(CompositeFilter.java:108)
	at org.springframework.security.web.FilterChainProxy.lambda$doFilterInternal$3(FilterChainProxy.java:231)
	at org.springframework.security.web.ObservationFilterChainDecorator$FilterObservation$SimpleFilterObservation.lambda$wrap$1(ObservationFilterChainDecorator.java:479)
	at org.springframework.security.web.ObservationFilterChainDecorator$AroundFilterObservation$SimpleAroundFilterObservation.lambda$wrap$1(ObservationFilterChainDecorator.java:340)
	at org.springframework.security.web.ObservationFilterChainDecorator.lambda$wrapSecured$0(ObservationFilterChainDecorator.java:82)
	at org.springframework.security.web.ObservationFilterChainDecorator$VirtualFilterChain.doFilter(ObservationFilterChainDecorator.java:128)
	at org.springframework.security.web.access.intercept.AuthorizationFilter.doFilter(AuthorizationFilter.java:101)
	at org.springframework.security.web.ObservationFilterChainDecorator$ObservationFilter.wrapFilter(ObservationFilterChainDecorator.java:240)
	at org.springframework.security.web.ObservationFilterChainDecorator$ObservationFilter.doFilter(ObservationFilterChainDecorator.java:227)
	at org.springframework.security.web.ObservationFilterChainDecorator$VirtualFilterChain.doFilter(ObservationFilterChainDecorator.java:137)
	at org.springframework.security.web.access.ExceptionTranslationFilter.doFilter(ExceptionTranslationFilter.java:126)
	at org.springframework.security.web.access.ExceptionTranslationFilter.doFilter(ExceptionTranslationFilter.java:120)
	at org.springframework.security.web.ObservationFilterChainDecorator$ObservationFilter.wrapFilter(ObservationFilterChainDecorator.java:240)
	at org.springframework.security.web.ObservationFilterChainDecorator$ObservationFilter.doFilter(ObservationFilterChainDecorator.java:227)
	at org.springframework.security.web.ObservationFilterChainDecorator$VirtualFilterChain.doFilter(ObservationFilterChainDecorator.java:137)
	at org.springframework.security.web.session.SessionManagementFilter.doFilter(SessionManagementFilter.java:131)
	at org.springframework.security.web.session.SessionManagementFilter.doFilter(SessionManagementFilter.java:85)
	at org.springframework.security.web.ObservationFilterChainDecorator$ObservationFilter.wrapFilter(ObservationFilterChainDecorator.java:240)
	at org.springframework.security.web.ObservationFilterChainDecorator$ObservationFilter.doFilter(ObservationFilterChainDecorator.java:227)
	at org.springframework.security.web.ObservationFilterChainDecorator$VirtualFilterChain.doFilter(ObservationFilterChainDecorator.java:137)
	at org.springframework.security.web.authentication.AnonymousAuthenticationFilter.doFilter(AnonymousAuthenticationFilter.java:100)
	at org.springframework.security.web.ObservationFilterChainDecorator$ObservationFilter.wrapFilter(ObservationFilterChainDecorator.java:240)
	at org.springframework.security.web.ObservationFilterChainDecorator$ObservationFilter.doFilter(ObservationFilterChainDecorator.java:227)
	at org.springframework.security.web.ObservationFilterChainDecorator$VirtualFilterChain.doFilter(ObservationFilterChainDecorator.java:137)
	at org.springframework.security.web.servletapi.SecurityContextHolderAwareRequestFilter.doFilter(SecurityContextHolderAwareRequestFilter.java:179)
	at org.springframework.security.web.ObservationFilterChainDecorator$ObservationFilter.wrapFilter(ObservationFilterChainDecorator.java:240)
	at org.springframework.security.web.ObservationFilterChainDecorator$ObservationFilter.doFilter(ObservationFilterChainDecorator.java:227)
	at org.springframework.security.web.ObservationFilterChainDecorator$VirtualFilterChain.doFilter(ObservationFilterChainDecorator.java:137)
	at org.springframework.security.web.savedrequest.RequestCacheAwareFilter.doFilter(RequestCacheAwareFilter.java:63)
	at org.springframework.security.web.ObservationFilterChainDecorator$ObservationFilter.wrapFilter(ObservationFilterChainDecorator.java:240)
	at org.springframework.security.web.ObservationFilterChainDecorator$ObservationFilter.doFilter(ObservationFilterChainDecorator.java:227)
	at org.springframework.security.web.ObservationFilterChainDecorator$VirtualFilterChain.doFilter(ObservationFilterChainDecorator.java:137)
	at de.tum.cit.aet.artemis.core.security.filter.SpaWebFilter.doFilterInternal(SpaWebFilter.java:23)
	at org.springframework.web.filter.OncePerRequestFilter.doFilter(OncePerRequestFilter.java:116)
	at org.springframework.security.web.ObservationFilterChainDecorator$ObservationFilter.wrapFilter(ObservationFilterChainDecorator.java:240)
	at org.springframework.security.web.ObservationFilterChainDecorator$ObservationFilter.doFilter(ObservationFilterChainDecorator.java:227)
	at org.springframework.security.web.ObservationFilterChainDecorator$VirtualFilterChain.doFilter(ObservationFilterChainDecorator.java:137)
	at org.springframework.web.filter.OncePerRequestFilter.doFilter(OncePerRequestFilter.java:110)
	at org.springframework.security.web.ObservationFilterChainDecorator$ObservationFilter.wrapFilter(ObservationFilterChainDecorator.java:240)
	at org.springframework.security.web.ObservationFilterChainDecorator$ObservationFilter.doFilter(ObservationFilterChainDecorator.java:227)
	at org.springframework.security.web.ObservationFilterChainDecorator$VirtualFilterChain.doFilter(ObservationFilterChainDecorator.java:137)
	at de.tum.cit.aet.artemis.lti.config.Lti13LaunchFilter.doFilterInternal(Lti13LaunchFilter.java:60)
	at org.springframework.web.filter.OncePerRequestFilter.doFilter(OncePerRequestFilter.java:116)
	at org.springframework.security.web.ObservationFilterChainDecorator$ObservationFilter.wrapFilter(ObservationFilterChainDecorator.java:240)
	at org.springframework.security.web.ObservationFilterChainDecorator$ObservationFilter.doFilter(ObservationFilterChainDecorator.java:227)
	at org.springframework.security.web.ObservationFilterChainDecorator$VirtualFilterChain.doFilter(ObservationFilterChainDecorator.java:137)
	at de.tum.cit.aet.artemis.core.security.jwt.JWTFilter.doFilter(JWTFilter.java:55)
	at org.springframework.security.web.ObservationFilterChainDecorator$ObservationFilter.wrapFilter(ObservationFilterChainDecorator.java:240)
	at org.springframework.security.web.ObservationFilterChainDecorator$ObservationFilter.doFilter(ObservationFilterChainDecorator.java:227)
	at org.springframework.security.web.ObservationFilterChainDecorator$VirtualFilterChain.doFilter(ObservationFilterChainDecorator.java:137)
	at de.tum.cit.aet.artemis.core.security.jwt.JWTFilter.doFilter(JWTFilter.java:55)
	at org.springframework.security.web.ObservationFilterChainDecorator$ObservationFilter.wrapFilter(ObservationFilterChainDecorator.java:240)
	at org.springframework.security.web.ObservationFilterChainDecorator$ObservationFilter.doFilter(ObservationFilterChainDecorator.java:227)
	at org.springframework.security.web.ObservationFilterChainDecorator$VirtualFilterChain.doFilter(ObservationFilterChainDecorator.java:137)
	at org.springframework.web.filter.CorsFilter.doFilterInternal(CorsFilter.java:91)
	at org.springframework.web.filter.OncePerRequestFilter.doFilter(OncePerRequestFilter.java:116)
	at org.springframework.security.web.ObservationFilterChainDecorator$ObservationFilter.wrapFilter(ObservationFilterChainDecorator.java:240)
	at org.springframework.security.web.ObservationFilterChainDecorator$ObservationFilter.doFilter(ObservationFilterChainDecorator.java:227)
	at org.springframework.security.web.ObservationFilterChainDecorator$VirtualFilterChain.doFilter(ObservationFilterChainDecorator.java:137)
	at org.springframework.web.filter.OncePerRequestFilter.doFilter(OncePerRequestFilter.java:110)
	at org.springframework.security.web.ObservationFilterChainDecorator$ObservationFilter.wrapFilter(ObservationFilterChainDecorator.java:240)
	at org.springframework.security.web.ObservationFilterChainDecorator$ObservationFilter.doFilter(ObservationFilterChainDecorator.java:227)
	at org.springframework.security.web.ObservationFilterChainDecorator$VirtualFilterChain.doFilter(ObservationFilterChainDecorator.java:137)
	at uk.ac.ox.ctl.lti13.security.oauth2.client.lti.web.OAuth2AuthorizationRequestRedirectFilter.doFilterInternal(OAuth2AuthorizationRequestRedirectFilter.java:142)
	at org.springframework.web.filter.OncePerRequestFilter.doFilter(OncePerRequestFilter.java:116)
	at org.springframework.security.web.ObservationFilterChainDecorator$ObservationFilter.wrapFilter(ObservationFilterChainDecorator.java:240)
	at org.springframework.security.web.ObservationFilterChainDecorator$ObservationFilter.doFilter(ObservationFilterChainDecorator.java:227)
	at org.springframework.security.web.ObservationFilterChainDecorator$VirtualFilterChain.doFilter(ObservationFilterChainDecorator.java:137)
	at org.springframework.security.web.authentication.logout.LogoutFilter.doFilter(LogoutFilter.java:107)
	at org.springframework.security.web.authentication.logout.LogoutFilter.doFilter(LogoutFilter.java:93)
	at org.springframework.security.web.ObservationFilterChainDecorator$ObservationFilter.wrapFilter(ObservationFilterChainDecorator.java:240)
	at org.springframework.security.web.ObservationFilterChainDecorator$ObservationFilter.doFilter(ObservationFilterChainDecorator.java:227)
	at org.springframework.security.web.ObservationFilterChainDecorator$VirtualFilterChain.doFilter(ObservationFilterChainDecorator.java:137)
	at org.springframework.security.web.header.HeaderWriterFilter.doHeadersAfter(HeaderWriterFilter.java:90)
	at org.springframework.security.web.header.HeaderWriterFilter.doFilterInternal(HeaderWriterFilter.java:75)
	at org.springframework.web.filter.OncePerRequestFilter.doFilter(OncePerRequestFilter.java:116)
	at org.springframework.security.web.ObservationFilterChainDecorator$ObservationFilter.wrapFilter(ObservationFilterChainDecorator.java:240)
	at org.springframework.security.web.ObservationFilterChainDecorator$ObservationFilter.doFilter(ObservationFilterChainDecorator.java:227)
	at org.springframework.security.web.ObservationFilterChainDecorator$VirtualFilterChain.doFilter(ObservationFilterChainDecorator.java:137)
	at org.springframework.security.web.context.SecurityContextHolderFilter.doFilter(SecurityContextHolderFilter.java:82)
	at org.springframework.security.web.context.SecurityContextHolderFilter.doFilter(SecurityContextHolderFilter.java:69)
	at org.springframework.security.web.ObservationFilterChainDecorator$ObservationFilter.wrapFilter(ObservationFilterChainDecorator.java:240)
	at org.springframework.security.web.ObservationFilterChainDecorator$ObservationFilter.doFilter(ObservationFilterChainDecorator.java:227)
	at org.springframework.security.web.ObservationFilterChainDecorator$VirtualFilterChain.doFilter(ObservationFilterChainDecorator.java:137)
	at org.springframework.security.web.context.request.async.WebAsyncManagerIntegrationFilter.doFilterInternal(WebAsyncManagerIntegrationFilter.java:62)
	at org.springframework.web.filter.OncePerRequestFilter.doFilter(OncePerRequestFilter.java:116)
	at org.springframework.security.web.ObservationFilterChainDecorator$ObservationFilter.wrapFilter(ObservationFilterChainDecorator.java:240)
	at org.springframework.security.web.ObservationFilterChainDecorator$ObservationFilter.doFilter(ObservationFilterChainDecorator.java:227)
	at org.springframework.security.web.ObservationFilterChainDecorator$VirtualFilterChain.doFilter(ObservationFilterChainDecorator.java:137)
	at org.springframework.security.web.session.DisableEncodeUrlFilter.doFilterInternal(DisableEncodeUrlFilter.java:42)
	at org.springframework.web.filter.OncePerRequestFilter.doFilter(OncePerRequestFilter.java:116)
	at org.springframework.security.web.ObservationFilterChainDecorator$ObservationFilter.wrapFilter(ObservationFilterChainDecorator.java:240)
	at org.springframework.security.web.ObservationFilterChainDecorator$AroundFilterObservation$SimpleAroundFilterObservation.lambda$wrap$0(ObservationFilterChainDecorator.java:323)
	at org.springframework.security.web.ObservationFilterChainDecorator$ObservationFilter.doFilter(ObservationFilterChainDecorator.java:224)
	at org.springframework.security.web.ObservationFilterChainDecorator$VirtualFilterChain.doFilter(ObservationFilterChainDecorator.java:137)
	at org.springframework.security.web.FilterChainProxy.doFilterInternal(FilterChainProxy.java:233)
	at org.springframework.security.web.FilterChainProxy.doFilter(FilterChainProxy.java:191)
	at org.springframework.web.filter.CompositeFilter$VirtualFilterChain.doFilter(CompositeFilter.java:113)
	at org.springframework.web.servlet.handler.HandlerMappingIntrospector.lambda$createCacheFilter$3(HandlerMappingIntrospector.java:243)
	at org.springframework.web.filter.CompositeFilter$VirtualFilterChain.doFilter(CompositeFilter.java:113)
	at org.springframework.web.filter.CompositeFilter.doFilter(CompositeFilter.java:74)
	at org.springframework.security.config.annotation.web.configuration.WebMvcSecurityConfiguration$CompositeFilterChainProxy.doFilter(WebMvcSecurityConfiguration.java:238)
	at org.springframework.web.filter.DelegatingFilterProxy.invokeDelegate(DelegatingFilterProxy.java:362)
	at org.springframework.web.filter.DelegatingFilterProxy.doFilter(DelegatingFilterProxy.java:278)
	at org.springframework.test.web.servlet.setup.MockMvcFilterDecorator.doFilter(MockMvcFilterDecorator.java:162)
	at org.springframework.mock.web.MockFilterChain.doFilter(MockFilterChain.java:132)
	at org.springframework.web.filter.RequestContextFilter.doFilterInternal(RequestContextFilter.java:100)
	at org.springframework.web.filter.OncePerRequestFilter.doFilter(OncePerRequestFilter.java:116)
	at org.springframework.test.web.servlet.setup.MockMvcFilterDecorator.doFilter(MockMvcFilterDecorator.java:162)
	at org.springframework.mock.web.MockFilterChain.doFilter(MockFilterChain.java:132)
	at org.springframework.web.filter.FormContentFilter.doFilterInternal(FormContentFilter.java:93)
	at org.springframework.web.filter.OncePerRequestFilter.doFilter(OncePerRequestFilter.java:116)
	at org.springframework.test.web.servlet.setup.MockMvcFilterDecorator.doFilter(MockMvcFilterDecorator.java:162)
	at org.springframework.mock.web.MockFilterChain.doFilter(MockFilterChain.java:132)
	at org.springframework.web.filter.ServerHttpObservationFilter.doFilterInternal(ServerHttpObservationFilter.java:114)
	at org.springframework.web.filter.OncePerRequestFilter.doFilter(OncePerRequestFilter.java:116)
	at org.springframework.test.web.servlet.setup.MockMvcFilterDecorator.doFilter(MockMvcFilterDecorator.java:162)
	at org.springframework.mock.web.MockFilterChain.doFilter(MockFilterChain.java:132)
	at io.sentry.spring.jakarta.tracing.SentryTracingFilter.doFilterInternal(SentryTracingFilter.java:91)
	at org.springframework.web.filter.OncePerRequestFilter.doFilter(OncePerRequestFilter.java:116)
	at org.springframework.test.web.servlet.setup.MockMvcFilterDecorator.doFilter(MockMvcFilterDecorator.java:162)
	at org.springframework.mock.web.MockFilterChain.doFilter(MockFilterChain.java:132)
	at org.springframework.web.filter.CharacterEncodingFilter.doFilterInternal(CharacterEncodingFilter.java:201)
	at org.springframework.web.filter.OncePerRequestFilter.doFilter(OncePerRequestFilter.java:116)
	at org.springframework.test.web.servlet.setup.MockMvcFilterDecorator.doFilter(MockMvcFilterDecorator.java:162)
	at org.springframework.mock.web.MockFilterChain.doFilter(MockFilterChain.java:132)
	at io.sentry.spring.jakarta.SentrySpringFilter.doFilterInternal(SentrySpringFilter.java:76)
	at org.springframework.web.filter.OncePerRequestFilter.doFilter(OncePerRequestFilter.java:116)
	at org.springframework.test.web.servlet.setup.MockMvcFilterDecorator.doFilter(MockMvcFilterDecorator.java:162)
	at org.springframework.mock.web.MockFilterChain.doFilter(MockFilterChain.java:132)
	at org.springframework.test.web.servlet.MockMvc.perform(MockMvc.java:201)
	at de.tum.cit.aet.artemis.core.util.RequestUtilService.performMvcRequest(RequestUtilService.java:79)
	at de.tum.cit.aet.artemis.core.util.RequestUtilService.postWithoutLocation(RequestUtilService.java:213)
	at de.tum.cit.aet.artemis.core.util.RequestUtilService.postWithoutLocation(RequestUtilService.java:199)
	at de.tum.cit.aet.artemis.programming.ProgrammingSubmissionAndResultGitlabJenkinsIntegrationTest.postResult(ProgrammingSubmissionAndResultGitlabJenkinsIntegrationTest.java:413)
	at de.tum.cit.aet.artemis.programming.ProgrammingSubmissionAndResultGitlabJenkinsIntegrationTest.shouldSaveBuildLogsOnStudentParticipationWithoutSubmissionNorResult(ProgrammingSubmissionAndResultGitlabJenkinsIntegrationTest.java:338)
	at java.base/jdk.internal.reflect.DirectMethodHandleAccessor.invoke(DirectMethodHandleAccessor.java:103)
	at java.base/java.lang.reflect.Method.invoke(Method.java:580)
	at org.junit.platform.commons.util.ReflectionUtils.invokeMethod(ReflectionUtils.java:767)
	at org.junit.jupiter.engine.execution.MethodInvocation.proceed(MethodInvocation.java:60)
	at org.junit.jupiter.engine.execution.InvocationInterceptorChain$ValidatingInvocation.proceed(InvocationInterceptorChain.java:131)
	at org.junit.jupiter.engine.extension.TimeoutExtension.intercept(TimeoutExtension.java:156)
	at org.junit.jupiter.engine.extension.TimeoutExtension.interceptTestableMethod(TimeoutExtension.java:147)
	at org.junit.jupiter.engine.extension.TimeoutExtension.interceptTestTemplateMethod(TimeoutExtension.java:94)
	at org.junit.jupiter.engine.execution.InterceptingExecutableInvoker$ReflectiveInterceptorCall.lambda$ofVoidMethod$0(InterceptingExecutableInvoker.java:103)
	at org.junit.jupiter.engine.execution.InterceptingExecutableInvoker.lambda$invoke$0(InterceptingExecutableInvoker.java:93)
	at org.junit.jupiter.engine.execution.InvocationInterceptorChain$InterceptedInvocation.proceed(InvocationInterceptorChain.java:106)
	at org.junit.jupiter.engine.execution.InvocationInterceptorChain.proceed(InvocationInterceptorChain.java:64)
	at org.junit.jupiter.engine.execution.InvocationInterceptorChain.chainAndInvoke(InvocationInterceptorChain.java:45)
	at org.junit.jupiter.engine.execution.InvocationInterceptorChain.invoke(InvocationInterceptorChain.java:37)
	at org.junit.jupiter.engine.execution.InterceptingExecutableInvoker.invoke(InterceptingExecutableInvoker.java:92)
	at org.junit.jupiter.engine.execution.InterceptingExecutableInvoker.invoke(InterceptingExecutableInvoker.java:86)
	at org.junit.jupiter.engine.descriptor.TestMethodTestDescriptor.lambda$invokeTestMethod$8(TestMethodTestDescriptor.java:217)
	at org.junit.platform.engine.support.hierarchical.ThrowableCollector.execute(ThrowableCollector.java:73)
	at org.junit.jupiter.engine.descriptor.TestMethodTestDescriptor.invokeTestMethod(TestMethodTestDescriptor.java:213)
	at org.junit.jupiter.engine.descriptor.TestMethodTestDescriptor.execute(TestMethodTestDescriptor.java:138)
	at org.junit.jupiter.engine.descriptor.TestMethodTestDescriptor.execute(TestMethodTestDescriptor.java:68)
	at org.junit.platform.engine.support.hierarchical.NodeTestTask.lambda$executeRecursively$6(NodeTestTask.java:156)
	at org.junit.platform.engine.support.hierarchical.ThrowableCollector.execute(ThrowableCollector.java:73)
	at org.junit.platform.engine.support.hierarchical.NodeTestTask.lambda$executeRecursively$8(NodeTestTask.java:146)
	at org.junit.platform.engine.support.hierarchical.Node.around(Node.java:137)
	at org.junit.platform.engine.support.hierarchical.NodeTestTask.lambda$executeRecursively$9(NodeTestTask.java:144)
	at org.junit.platform.engine.support.hierarchical.ThrowableCollector.execute(ThrowableCollector.java:73)
	at org.junit.platform.engine.support.hierarchical.NodeTestTask.executeRecursively(NodeTestTask.java:143)
	at org.junit.platform.engine.support.hierarchical.NodeTestTask.execute(NodeTestTask.java:100)
	at org.junit.platform.engine.support.hierarchical.ForkJoinPoolHierarchicalTestExecutorService$ExclusiveTask.exec(ForkJoinPoolHierarchicalTestExecutorService.java:274)
	at org.junit.platform.engine.support.hierarchical.ForkJoinPoolHierarchicalTestExecutorService$ExclusiveTask.execSync(ForkJoinPoolHierarchicalTestExecutorService.java:247)
	at org.junit.platform.engine.support.hierarchical.ForkJoinPoolHierarchicalTestExecutorService.submit(ForkJoinPoolHierarchicalTestExecutorService.java:148)
	at org.junit.platform.engine.support.hierarchical.NodeTestTask$DefaultDynamicTestExecutor.execute(NodeTestTask.java:231)
	at org.junit.platform.engine.support.hierarchical.NodeTestTask$DefaultDynamicTestExecutor.execute(NodeTestTask.java:209)
	at org.junit.jupiter.engine.descriptor.TestTemplateTestDescriptor.execute(TestTemplateTestDescriptor.java:141)
	at org.junit.jupiter.engine.descriptor.TestTemplateTestDescriptor.lambda$execute$3(TestTemplateTestDescriptor.java:109)
	at java.base/java.util.stream.ForEachOps$ForEachOp$OfRef.accept(ForEachOps.java:184)
	at java.base/java.util.stream.ReferencePipeline$3$1.accept(ReferencePipeline.java:197)
	at java.base/java.util.stream.ReferencePipeline$2$1.accept(ReferencePipeline.java:179)
	at java.base/java.util.stream.ReferencePipeline$3$1.accept(ReferencePipeline.java:197)
	at java.base/java.util.stream.ForEachOps$ForEachOp$OfRef.accept(ForEachOps.java:184)
	at java.base/java.util.stream.ReferencePipeline$3$1.accept(ReferencePipeline.java:197)
	at java.base/java.util.stream.ForEachOps$ForEachOp$OfRef.accept(ForEachOps.java:184)
	at java.base/java.util.stream.ForEachOps$ForEachOp$OfRef.accept(ForEachOps.java:184)
	at java.base/java.util.stream.ReferencePipeline$3$1.accept(ReferencePipeline.java:197)
	at java.base/java.util.stream.ForEachOps$ForEachOp$OfRef.accept(ForEachOps.java:184)
	at java.base/java.util.Spliterators$ArraySpliterator.forEachRemaining(Spliterators.java:1024)
	at java.base/java.util.stream.ReferencePipeline$Head.forEach(ReferencePipeline.java:762)
	at java.base/java.util.stream.ReferencePipeline$7$1.accept(ReferencePipeline.java:276)
	at java.base/java.util.Iterator.forEachRemaining(Iterator.java:133)
	at java.base/java.util.Spliterators$IteratorSpliterator.forEachRemaining(Spliterators.java:1939)
	at java.base/java.util.stream.AbstractPipeline.copyInto(AbstractPipeline.java:509)
	at java.base/java.util.stream.AbstractPipeline.wrapAndCopyInto(AbstractPipeline.java:499)
	at java.base/java.util.stream.ForEachOps$ForEachOp.evaluateSequential(ForEachOps.java:151)
	at java.base/java.util.stream.ForEachOps$ForEachOp$OfRef.evaluateSequential(ForEachOps.java:174)
	at java.base/java.util.stream.AbstractPipeline.evaluate(AbstractPipeline.java:234)
	at java.base/java.util.stream.ReferencePipeline.forEach(ReferencePipeline.java:596)
	at java.base/java.util.stream.ReferencePipeline$7$1.accept(ReferencePipeline.java:276)
	at java.base/java.util.stream.ReferencePipeline$3$1.accept(ReferencePipeline.java:197)
	at java.base/java.util.stream.ReferencePipeline$3$1.accept(ReferencePipeline.java:197)
	at java.base/java.util.stream.ReferencePipeline$3$1.accept(ReferencePipeline.java:197)
	at java.base/java.util.Spliterators$ArraySpliterator.forEachRemaining(Spliterators.java:1024)
	at java.base/java.util.stream.AbstractPipeline.copyInto(AbstractPipeline.java:509)
	at java.base/java.util.stream.AbstractPipeline.wrapAndCopyInto(AbstractPipeline.java:499)
	at java.base/java.util.stream.ForEachOps$ForEachOp.evaluateSequential(ForEachOps.java:151)
	at java.base/java.util.stream.ForEachOps$ForEachOp$OfRef.evaluateSequential(ForEachOps.java:174)
	at java.base/java.util.stream.AbstractPipeline.evaluate(AbstractPipeline.java:234)
	at java.base/java.util.stream.ReferencePipeline.forEach(ReferencePipeline.java:596)
	at java.base/java.util.stream.ReferencePipeline$7$1.accept(ReferencePipeline.java:276)
	at java.base/java.util.ArrayList$ArrayListSpliterator.forEachRemaining(ArrayList.java:1708)
	at java.base/java.util.stream.AbstractPipeline.copyInto(AbstractPipeline.java:509)
	at java.base/java.util.stream.AbstractPipeline.wrapAndCopyInto(AbstractPipeline.java:499)
	at java.base/java.util.stream.ForEachOps$ForEachOp.evaluateSequential(ForEachOps.java:151)
	at java.base/java.util.stream.ForEachOps$ForEachOp$OfRef.evaluateSequential(ForEachOps.java:174)
	at java.base/java.util.stream.AbstractPipeline.evaluate(AbstractPipeline.java:234)
	at java.base/java.util.stream.ReferencePipeline.forEach(ReferencePipeline.java:596)
	at java.base/java.util.stream.ReferencePipeline$7$1.accept(ReferencePipeline.java:276)
	at java.base/java.util.stream.ReferencePipeline$3$1.accept(ReferencePipeline.java:197)
	at java.base/java.util.stream.ReferencePipeline$3$1.accept(ReferencePipeline.java:197)
	at java.base/java.util.stream.ReferencePipeline$3$1.accept(ReferencePipeline.java:197)
	at java.base/java.util.ArrayList$ArrayListSpliterator.forEachRemaining(ArrayList.java:1708)
	at java.base/java.util.stream.AbstractPipeline.copyInto(AbstractPipeline.java:509)
	at java.base/java.util.stream.AbstractPipeline.wrapAndCopyInto(AbstractPipeline.java:499)
	at java.base/java.util.stream.ForEachOps$ForEachOp.evaluateSequential(ForEachOps.java:151)
	at java.base/java.util.stream.ForEachOps$ForEachOp$OfRef.evaluateSequential(ForEachOps.java:174)
	at java.base/java.util.stream.AbstractPipeline.evaluate(AbstractPipeline.java:234)
	at java.base/java.util.stream.ReferencePipeline.forEach(ReferencePipeline.java:596)
	at java.base/java.util.stream.ReferencePipeline$7$1.accept(ReferencePipeline.java:276)
	at java.base/java.util.ArrayList$ArrayListSpliterator.forEachRemaining(ArrayList.java:1708)
	at java.base/java.util.stream.AbstractPipeline.copyInto(AbstractPipeline.java:509)
	at java.base/java.util.stream.AbstractPipeline.wrapAndCopyInto(AbstractPipeline.java:499)
	at java.base/java.util.stream.ForEachOps$ForEachOp.evaluateSequential(ForEachOps.java:151)
	at java.base/java.util.stream.ForEachOps$ForEachOp$OfRef.evaluateSequential(ForEachOps.java:174)
	at java.base/java.util.stream.AbstractPipeline.evaluate(AbstractPipeline.java:234)
	at java.base/java.util.stream.ReferencePipeline.forEach(ReferencePipeline.java:596)
	at org.junit.jupiter.engine.descriptor.TestTemplateTestDescriptor.execute(TestTemplateTestDescriptor.java:109)
	at org.junit.jupiter.engine.descriptor.TestTemplateTestDescriptor.execute(TestTemplateTestDescriptor.java:43)
	at org.junit.platform.engine.support.hierarchical.NodeTestTask.lambda$executeRecursively$6(NodeTestTask.java:156)
	at org.junit.platform.engine.support.hierarchical.ThrowableCollector.execute(ThrowableCollector.java:73)
	at org.junit.platform.engine.support.hierarchical.NodeTestTask.lambda$executeRecursively$8(NodeTestTask.java:146)
	at org.junit.platform.engine.support.hierarchical.Node.around(Node.java:137)
	at org.junit.platform.engine.support.hierarchical.NodeTestTask.lambda$executeRecursively$9(NodeTestTask.java:144)
	at org.junit.platform.engine.support.hierarchical.ThrowableCollector.execute(ThrowableCollector.java:73)
	at org.junit.platform.engine.support.hierarchical.NodeTestTask.executeRecursively(NodeTestTask.java:143)
	at org.junit.platform.engine.support.hierarchical.NodeTestTask.execute(NodeTestTask.java:100)
	at org.junit.platform.engine.support.hierarchical.ForkJoinPoolHierarchicalTestExecutorService$ExclusiveTask.exec(ForkJoinPoolHierarchicalTestExecutorService.java:274)
	at org.junit.platform.engine.support.hierarchical.ForkJoinPoolHierarchicalTestExecutorService$ExclusiveTask.execSync(ForkJoinPoolHierarchicalTestExecutorService.java:247)
	at org.junit.platform.engine.support.hierarchical.ForkJoinPoolHierarchicalTestExecutorService.executeSync(ForkJoinPoolHierarchicalTestExecutorService.java:194)
	at org.junit.platform.engine.support.hierarchical.ForkJoinPoolHierarchicalTestExecutorService.invokeAll(ForkJoinPoolHierarchicalTestExecutorService.java:166)
	at org.junit.platform.engine.support.hierarchical.NodeTestTask.lambda$executeRecursively$6(NodeTestTask.java:160)
	at org.junit.platform.engine.support.hierarchical.ThrowableCollector.execute(ThrowableCollector.java:73)
	at org.junit.platform.engine.support.hierarchical.NodeTestTask.lambda$executeRecursively$8(NodeTestTask.java:146)
	at org.junit.platform.engine.support.hierarchical.Node.around(Node.java:137)
	at org.junit.platform.engine.support.hierarchical.NodeTestTask.lambda$executeRecursively$9(NodeTestTask.java:144)
	at org.junit.platform.engine.support.hierarchical.ThrowableCollector.execute(ThrowableCollector.java:73)
	at org.junit.platform.engine.support.hierarchical.NodeTestTask.executeRecursively(NodeTestTask.java:143)
	at org.junit.platform.engine.support.hierarchical.NodeTestTask.execute(NodeTestTask.java:100)
	at org.junit.platform.engine.support.hierarchical.ForkJoinPoolHierarchicalTestExecutorService$ExclusiveTask.exec(ForkJoinPoolHierarchicalTestExecutorService.java:274)
	at java.base/java.util.concurrent.ForkJoinTask.doExec(ForkJoinTask.java:387)
	at java.base/java.util.concurrent.ForkJoinPool$WorkQueue.topLevelExec(ForkJoinPool.java:1312)
	at java.base/java.util.concurrent.ForkJoinPool.scan(ForkJoinPool.java:1843)
	at java.base/java.util.concurrent.ForkJoinPool.runWorker(ForkJoinPool.java:1808)
	at java.base/java.util.concurrent.ForkJoinWorkerThread.run(ForkJoinWorkerThread.java:188)
    23:48:52.974 | 463 ool-1-worker-227 | DEBUG | .c.s.m.InstanceMessageReceiveService : Received schedule participant score for exercise 3276 and participant 773 (result to be deleted: null)
    23:48:52.974 | 463 ool-1-worker-227 | DEBUG | .a.s.ParticipantScoreScheduleService : Scheduled task for exercise 3276 and participant 773 at 2025-02-14T23:48:53.074176889Z[Etc/UTC].
    23:48:52.975 | 463 ool-1-worker-227 | DEBUG | .a.a.p.s.ProgrammingMessagingService : Send result to client over websocket. Result: Result{id807, completionDate=2025-02-14T23:48:52.949692500Z, successful=false, score=0.0, rated=true, assessmentType=AUTOMATIC, hasComplaint=null, testCaseCount=0, passedTestCaseCount=0, codeIssueCount=0}, Submission: ProgrammingSubmission{commitHash='9b3a9bd71a0d80e5bbc42204c319ed3d1d4f0d6d', buildFailed=true, buildArtifact=false, type=MANUAL}, Participation: ProgrammingExerciseStudentParticipation{id=4156, repositoryUri='https://version-control.fake.fake/git/SHORTCAE9A4F401BAB04CDA0B5D0095ACD5480F9ETSTEXC/shortcae9a4f401bab04cda0b5d0095acd5480f9etstexc-progsubresgitlabjenstudent1.git', buildPlanId='SHORTCAE9A4F401BAB04CDA0B5D0095ACD5480F9ETSTEXC-PROGSUBRESGITLABJENSTUDENT1', initializationState='INITIALIZED', initializationDate='2025-02-14T23:48:52.948067Z', individualDueDate=null', presentationScore=null}
    23:48:52.977 | 463 ool-1-worker-227 | INFO  | d.t.c.a.a.a.w.o.PublicResultResource : The new result for SHORTCAE9A4F401BAB04CDA0B5D0095ACD5480F9ETSTEXC-PROGSUBRESGITLABJENSTUDENT1 was saved successfully
    23:48:52.980 | 463 ool-1-worker-227 | DEBUG | d.t.c.a.a.c.s.f.ApiVersionFilter     : Adding Version to Request GET /api/repository/4156/buildlogs
    23:48:52.980 | 463 ool-1-worker-227 | DEBUG | rammingExerciseParticipationResource : REST request to get build log : 4156

  Starting logs for ProgrammingSubmissionAndResultGitlabJenkinsIntegrationTest > shouldSaveBuildLogsOnStudentParticipationWithoutSubmissionNorResult(ProgrammingLanguage, boolean) [39] programmingLanguage=PYTHON, enableStaticCodeAnalysis=true
    23:48:52.992 | 463 ool-1-worker-227 | DEBUG | d.t.c.a.a.c.u.util.UserUtilService   : Generate 3 students...
    23:48:52.996 | 463 ool-1-worker-227 | DEBUG | d.t.c.a.a.c.u.util.UserUtilService   : 3 students generated. Generate 2 tutors...
    23:48:52.999 | 463 ool-1-worker-227 | DEBUG | d.t.c.a.a.c.u.util.UserUtilService   : 2 tutors generated. Generate 0 editors...
    23:48:53.000 | 463 ool-1-worker-227 | DEBUG | d.t.c.a.a.c.u.util.UserUtilService   : 0 editors generated. Generate 2 instructors...
    23:48:53.003 | 463 ool-1-worker-227 | DEBUG | d.t.c.a.a.c.u.util.UserUtilService   : 2 instructors generated
    23:48:53.004 | 463 ool-1-worker-227 | DEBUG | d.t.c.a.a.c.u.util.UserUtilService   : Removing 7 users from all courses...
    23:48:53.005 | 463 ool-1-worker-227 | DEBUG | d.t.c.a.a.c.u.util.UserUtilService   : Removing 7 users from all courses. Done
    23:48:53.005 | 463 ool-1-worker-227 | DEBUG | d.t.c.a.a.c.u.util.UserUtilService   : Save 7 users to database...
    23:48:53.008 | 463 ool-1-worker-227 | DEBUG | d.t.c.a.a.c.u.util.UserUtilService   : Save 7 users to database. Done
    23:48:53.022 | 463 ool-1-worker-227 | DEBUG | PersonalAccessTokenManagementService : Generate secure vcs access token
    23:48:53.024 | 463 ool-1-worker-227 | DEBUG | PersonalAccessTokenManagementService : Generate secure vcs access token
    23:48:53.026 | 463 ool-1-worker-227 | INFO  | i.z.t.d.l.EmbeddedDatabaseReporter   : JDBC URL to connect to 'dataSource': url='jdbc:h2:tcp://localhost:41063/mem:736625c0-cf5e-400d-aeaa-8a7eabd6262b;USER=sa', scope='ProgrammingSubmissionAndResultGitlabJenkinsIntegrationTest#shouldSaveBuildLogsOnStudentParticipationWithoutSubmissionNorResult'
    23:48:53.040 | 463 ool-1-worker-227 | DEBUG | PersonalAccessTokenManagementService : Generate secure vcs access token
    23:48:53.043 | 463 ool-1-worker-227 | DEBUG | d.t.c.a.a.c.s.f.ApiVersionFilter     : Adding Version to Request POST /api/public/programming-exercises/new-result
    23:48:53.043 | 463 ool-1-worker-227 | DEBUG | d.t.c.a.a.a.w.o.PublicResultResource : Received result notify (NEW)
    23:48:53.045 | 463 ool-1-worker-227 | INFO  | d.t.c.a.a.a.w.o.PublicResultResource : Artemis received a new result for build plan SHORT8DED03FA03620047010BC72066DD3024D4F2TSTEXC-PROGSUBRESGITLABJENSTUDENT1
    23:48:53.046 | 463 ool-1-worker-227 | DEBUG | .s.ProgrammingExerciseGradingService : Received new build result (NEW) for participation 4163
    23:48:53.048 | 463 ool-1-worker-227 | WARN  | .s.ProgrammingExerciseGradingService : Could not find pending ProgrammingSubmission for Commit Hash 9b3a9bd71a0d80e5bbc42204c319ed3d1d4f0d6d (Participation 4163, Build Plan SHORT8DED03FA03620047010BC72066DD3024D4F2TSTEXC-PROGSUBRESGITLABJENSTUDENT1). Will create a new one subsequently...
    23:48:53.049 | 463 ool-1-worker-227 | ERROR | .s.ProgrammingExerciseGradingService : Could not retrieve push date for participation 4163 and build plan SHORT8DED03FA03620047010BC72066DD3024D4F2TSTEXC-PROGSUBRESGITLABJENSTUDENT1
de.tum.cit.aet.artemis.programming.service.gitlab.GitLabException: Could not find build queue date for participation 4163
	at de.tum.cit.aet.artemis.programming.service.gitlab.GitLabService.getPushDate(GitLabService.java:369)
	at de.tum.cit.aet.artemis.programming.service.gitlab.GitLabService.getPushDate(GitLabService.java:358)
	at de.tum.cit.aet.artemis.programming.service.ProgrammingExerciseGradingService.createAndSaveFallbackSubmission(ProgrammingExerciseGradingService.java:286)
	at de.tum.cit.aet.artemis.programming.service.ProgrammingExerciseGradingService.createAndSaveFallbackSubmission(ProgrammingExerciseGradingService.java:272)
	at de.tum.cit.aet.artemis.programming.service.ProgrammingExerciseGradingService.lambda$processNewProgrammingExerciseResult$0(ProgrammingExerciseGradingService.java:177)
	at java.base/java.util.Optional.orElseGet(Optional.java:364)
	at de.tum.cit.aet.artemis.programming.service.ProgrammingExerciseGradingService.processNewProgrammingExerciseResult(ProgrammingExerciseGradingService.java:177)
	at de.tum.cit.aet.artemis.programming.service.ProgrammingExerciseGradingService.processNewProgrammingExerciseResult(ProgrammingExerciseGradingService.java:156)
	at de.tum.cit.aet.artemis.assessment.web.open.PublicResultResource.processNewProgrammingExerciseResult(PublicResultResource.java:113)
	at java.base/jdk.internal.reflect.DirectMethodHandleAccessor.invoke(DirectMethodHandleAccessor.java:103)
	at java.base/java.lang.reflect.Method.invoke(Method.java:580)
	at org.springframework.aop.support.AopUtils.invokeJoinpointUsingReflection(AopUtils.java:359)
	at org.springframework.aop.framework.ReflectiveMethodInvocation.invokeJoinpoint(ReflectiveMethodInvocation.java:196)
	at org.springframework.aop.framework.ReflectiveMethodInvocation.proceed(ReflectiveMethodInvocation.java:163)
	at org.springframework.security.authorization.method.AuthorizationManagerBeforeMethodInterceptor.proceed(AuthorizationManagerBeforeMethodInterceptor.java:268)
	at org.springframework.security.authorization.method.AuthorizationManagerBeforeMethodInterceptor.attemptAuthorization(AuthorizationManagerBeforeMethodInterceptor.java:263)
	at org.springframework.security.authorization.method.AuthorizationManagerBeforeMethodInterceptor.invoke(AuthorizationManagerBeforeMethodInterceptor.java:196)
	at org.springframework.security.config.annotation.method.configuration.DeferringMethodInterceptor.invoke(DeferringMethodInterceptor.java:44)
	at org.springframework.aop.framework.ReflectiveMethodInvocation.proceed(ReflectiveMethodInvocation.java:184)
	at org.springframework.aop.framework.CglibAopProxy$DynamicAdvisedInterceptor.intercept(CglibAopProxy.java:727)
	at de.tum.cit.aet.artemis.assessment.web.open.PublicResultResource$$SpringCGLIB$$0.processNewProgrammingExerciseResult(<generated>)
	at java.base/jdk.internal.reflect.DirectMethodHandleAccessor.invoke(DirectMethodHandleAccessor.java:103)
	at java.base/java.lang.reflect.Method.invoke(Method.java:580)
	at org.springframework.web.method.support.InvocableHandlerMethod.doInvoke(InvocableHandlerMethod.java:257)
	at org.springframework.web.method.support.InvocableHandlerMethod.invokeForRequest(InvocableHandlerMethod.java:190)
	at org.springframework.web.servlet.mvc.method.annotation.ServletInvocableHandlerMethod.invokeAndHandle(ServletInvocableHandlerMethod.java:118)
	at org.springframework.web.servlet.mvc.method.annotation.RequestMappingHandlerAdapter.invokeHandlerMethod(RequestMappingHandlerAdapter.java:986)
	at org.springframework.web.servlet.mvc.method.annotation.RequestMappingHandlerAdapter.handleInternal(RequestMappingHandlerAdapter.java:891)
	at org.springframework.web.servlet.mvc.method.AbstractHandlerMethodAdapter.handle(AbstractHandlerMethodAdapter.java:87)
	at org.springframework.web.servlet.DispatcherServlet.doDispatch(DispatcherServlet.java:1088)
	at org.springframework.web.servlet.DispatcherServlet.doService(DispatcherServlet.java:978)
	at org.springframework.web.servlet.FrameworkServlet.processRequest(FrameworkServlet.java:1014)
	at org.springframework.web.servlet.FrameworkServlet.doPost(FrameworkServlet.java:914)
	at jakarta.servlet.http.HttpServlet.service(HttpServlet.java:547)
	at org.springframework.web.servlet.FrameworkServlet.service(FrameworkServlet.java:885)
	at org.springframework.test.web.servlet.TestDispatcherServlet.service(TestDispatcherServlet.java:72)
	at jakarta.servlet.http.HttpServlet.service(HttpServlet.java:614)
	at org.springframework.mock.web.MockFilterChain$ServletFilterProxy.doFilter(MockFilterChain.java:165)
	at org.springframework.mock.web.MockFilterChain.doFilter(MockFilterChain.java:132)
	at org.springframework.web.filter.OncePerRequestFilter.doFilter(OncePerRequestFilter.java:110)
	at org.springframework.test.web.servlet.setup.MockMvcFilterDecorator.doFilter(MockMvcFilterDecorator.java:162)
	at org.springframework.mock.web.MockFilterChain.doFilter(MockFilterChain.java:132)
	at de.tum.cit.aet.artemis.core.security.filter.ApiVersionFilter.doFilter(ApiVersionFilter.java:55)
	at org.springframework.test.web.servlet.setup.MockMvcFilterDecorator.doFilter(MockMvcFilterDecorator.java:162)
	at org.springframework.mock.web.MockFilterChain.doFilter(MockFilterChain.java:132)
	at io.sentry.spring.jakarta.SentryUserFilter.doFilterInternal(SentryUserFilter.java:56)
	at org.springframework.web.filter.OncePerRequestFilter.doFilter(OncePerRequestFilter.java:116)
	at org.springframework.test.web.servlet.setup.MockMvcFilterDecorator.doFilter(MockMvcFilterDecorator.java:162)
	at org.springframework.mock.web.MockFilterChain.doFilter(MockFilterChain.java:132)
	at org.springframework.web.filter.CompositeFilter$VirtualFilterChain.doFilter(CompositeFilter.java:108)
	at org.springframework.security.web.FilterChainProxy.lambda$doFilterInternal$3(FilterChainProxy.java:231)
	at org.springframework.security.web.ObservationFilterChainDecorator$FilterObservation$SimpleFilterObservation.lambda$wrap$1(ObservationFilterChainDecorator.java:479)
	at org.springframework.security.web.ObservationFilterChainDecorator$AroundFilterObservation$SimpleAroundFilterObservation.lambda$wrap$1(ObservationFilterChainDecorator.java:340)
	at org.springframework.security.web.ObservationFilterChainDecorator.lambda$wrapSecured$0(ObservationFilterChainDecorator.java:82)
	at org.springframework.security.web.ObservationFilterChainDecorator$VirtualFilterChain.doFilter(ObservationFilterChainDecorator.java:128)
	at org.springframework.security.web.access.intercept.AuthorizationFilter.doFilter(AuthorizationFilter.java:101)
	at org.springframework.security.web.ObservationFilterChainDecorator$ObservationFilter.wrapFilter(ObservationFilterChainDecorator.java:240)
	at org.springframework.security.web.ObservationFilterChainDecorator$ObservationFilter.doFilter(ObservationFilterChainDecorator.java:227)
	at org.springframework.security.web.ObservationFilterChainDecorator$VirtualFilterChain.doFilter(ObservationFilterChainDecorator.java:137)
	at org.springframework.security.web.access.ExceptionTranslationFilter.doFilter(ExceptionTranslationFilter.java:126)
	at org.springframework.security.web.access.ExceptionTranslationFilter.doFilter(ExceptionTranslationFilter.java:120)
	at org.springframework.security.web.ObservationFilterChainDecorator$ObservationFilter.wrapFilter(ObservationFilterChainDecorator.java:240)
	at org.springframework.security.web.ObservationFilterChainDecorator$ObservationFilter.doFilter(ObservationFilterChainDecorator.java:227)
	at org.springframework.security.web.ObservationFilterChainDecorator$VirtualFilterChain.doFilter(ObservationFilterChainDecorator.java:137)
	at org.springframework.security.web.session.SessionManagementFilter.doFilter(SessionManagementFilter.java:131)
	at org.springframework.security.web.session.SessionManagementFilter.doFilter(SessionManagementFilter.java:85)
	at org.springframework.security.web.ObservationFilterChainDecorator$ObservationFilter.wrapFilter(ObservationFilterChainDecorator.java:240)
	at org.springframework.security.web.ObservationFilterChainDecorator$ObservationFilter.doFilter(ObservationFilterChainDecorator.java:227)
	at org.springframework.security.web.ObservationFilterChainDecorator$VirtualFilterChain.doFilter(ObservationFilterChainDecorator.java:137)
	at org.springframework.security.web.authentication.AnonymousAuthenticationFilter.doFilter(AnonymousAuthenticationFilter.java:100)
	at org.springframework.security.web.ObservationFilterChainDecorator$ObservationFilter.wrapFilter(ObservationFilterChainDecorator.java:240)
	at org.springframework.security.web.ObservationFilterChainDecorator$ObservationFilter.doFilter(ObservationFilterChainDecorator.java:227)
	at org.springframework.security.web.ObservationFilterChainDecorator$VirtualFilterChain.doFilter(ObservationFilterChainDecorator.java:137)
	at org.springframework.security.web.servletapi.SecurityContextHolderAwareRequestFilter.doFilter(SecurityContextHolderAwareRequestFilter.java:179)
	at org.springframework.security.web.ObservationFilterChainDecorator$ObservationFilter.wrapFilter(ObservationFilterChainDecorator.java:240)
	at org.springframework.security.web.ObservationFilterChainDecorator$ObservationFilter.doFilter(ObservationFilterChainDecorator.java:227)
	at org.springframework.security.web.ObservationFilterChainDecorator$VirtualFilterChain.doFilter(ObservationFilterChainDecorator.java:137)
	at org.springframework.security.web.savedrequest.RequestCacheAwareFilter.doFilter(RequestCacheAwareFilter.java:63)
	at org.springframework.security.web.ObservationFilterChainDecorator$ObservationFilter.wrapFilter(ObservationFilterChainDecorator.java:240)
	at org.springframework.security.web.ObservationFilterChainDecorator$ObservationFilter.doFilter(ObservationFilterChainDecorator.java:227)
	at org.springframework.security.web.ObservationFilterChainDecorator$VirtualFilterChain.doFilter(ObservationFilterChainDecorator.java:137)
	at de.tum.cit.aet.artemis.core.security.filter.SpaWebFilter.doFilterInternal(SpaWebFilter.java:23)
	at org.springframework.web.filter.OncePerRequestFilter.doFilter(OncePerRequestFilter.java:116)
	at org.springframework.security.web.ObservationFilterChainDecorator$ObservationFilter.wrapFilter(ObservationFilterChainDecorator.java:240)
	at org.springframework.security.web.ObservationFilterChainDecorator$ObservationFilter.doFilter(ObservationFilterChainDecorator.java:227)
	at org.springframework.security.web.ObservationFilterChainDecorator$VirtualFilterChain.doFilter(ObservationFilterChainDecorator.java:137)
	at org.springframework.web.filter.OncePerRequestFilter.doFilter(OncePerRequestFilter.java:110)
	at org.springframework.security.web.ObservationFilterChainDecorator$ObservationFilter.wrapFilter(ObservationFilterChainDecorator.java:240)
	at org.springframework.security.web.ObservationFilterChainDecorator$ObservationFilter.doFilter(ObservationFilterChainDecorator.java:227)
	at org.springframework.security.web.ObservationFilterChainDecorator$VirtualFilterChain.doFilter(ObservationFilterChainDecorator.java:137)
	at de.tum.cit.aet.artemis.lti.config.Lti13LaunchFilter.doFilterInternal(Lti13LaunchFilter.java:60)
	at org.springframework.web.filter.OncePerRequestFilter.doFilter(OncePerRequestFilter.java:116)
	at org.springframework.security.web.ObservationFilterChainDecorator$ObservationFilter.wrapFilter(ObservationFilterChainDecorator.java:240)
	at org.springframework.security.web.ObservationFilterChainDecorator$ObservationFilter.doFilter(ObservationFilterChainDecorator.java:227)
	at org.springframework.security.web.ObservationFilterChainDecorator$VirtualFilterChain.doFilter(ObservationFilterChainDecorator.java:137)
	at de.tum.cit.aet.artemis.core.security.jwt.JWTFilter.doFilter(JWTFilter.java:55)
	at org.springframework.security.web.ObservationFilterChainDecorator$ObservationFilter.wrapFilter(ObservationFilterChainDecorator.java:240)
	at org.springframework.security.web.ObservationFilterChainDecorator$ObservationFilter.doFilter(ObservationFilterChainDecorator.java:227)
	at org.springframework.security.web.ObservationFilterChainDecorator$VirtualFilterChain.doFilter(ObservationFilterChainDecorator.java:137)
	at de.tum.cit.aet.artemis.core.security.jwt.JWTFilter.doFilter(JWTFilter.java:55)
	at org.springframework.security.web.ObservationFilterChainDecorator$ObservationFilter.wrapFilter(ObservationFilterChainDecorator.java:240)
	at org.springframework.security.web.ObservationFilterChainDecorator$ObservationFilter.doFilter(ObservationFilterChainDecorator.java:227)
	at org.springframework.security.web.ObservationFilterChainDecorator$VirtualFilterChain.doFilter(ObservationFilterChainDecorator.java:137)
	at org.springframework.web.filter.CorsFilter.doFilterInternal(CorsFilter.java:91)
	at org.springframework.web.filter.OncePerRequestFilter.doFilter(OncePerRequestFilter.java:116)
	at org.springframework.security.web.ObservationFilterChainDecorator$ObservationFilter.wrapFilter(ObservationFilterChainDecorator.java:240)
	at org.springframework.security.web.ObservationFilterChainDecorator$ObservationFilter.doFilter(ObservationFilterChainDecorator.java:227)
	at org.springframework.security.web.ObservationFilterChainDecorator$VirtualFilterChain.doFilter(ObservationFilterChainDecorator.java:137)
	at org.springframework.web.filter.OncePerRequestFilter.doFilter(OncePerRequestFilter.java:110)
	at org.springframework.security.web.ObservationFilterChainDecorator$ObservationFilter.wrapFilter(ObservationFilterChainDecorator.java:240)
	at org.springframework.security.web.ObservationFilterChainDecorator$ObservationFilter.doFilter(ObservationFilterChainDecorator.java:227)
	at org.springframework.security.web.ObservationFilterChainDecorator$VirtualFilterChain.doFilter(ObservationFilterChainDecorator.java:137)
	at uk.ac.ox.ctl.lti13.security.oauth2.client.lti.web.OAuth2AuthorizationRequestRedirectFilter.doFilterInternal(OAuth2AuthorizationRequestRedirectFilter.java:142)
	at org.springframework.web.filter.OncePerRequestFilter.doFilter(OncePerRequestFilter.java:116)
	at org.springframework.security.web.ObservationFilterChainDecorator$ObservationFilter.wrapFilter(ObservationFilterChainDecorator.java:240)
	at org.springframework.security.web.ObservationFilterChainDecorator$ObservationFilter.doFilter(ObservationFilterChainDecorator.java:227)
	at org.springframework.security.web.ObservationFilterChainDecorator$VirtualFilterChain.doFilter(ObservationFilterChainDecorator.java:137)
	at org.springframework.security.web.authentication.logout.LogoutFilter.doFilter(LogoutFilter.java:107)
	at org.springframework.security.web.authentication.logout.LogoutFilter.doFilter(LogoutFilter.java:93)
	at org.springframework.security.web.ObservationFilterChainDecorator$ObservationFilter.wrapFilter(ObservationFilterChainDecorator.java:240)
	at org.springframework.security.web.ObservationFilterChainDecorator$ObservationFilter.doFilter(ObservationFilterChainDecorator.java:227)
	at org.springframework.security.web.ObservationFilterChainDecorator$VirtualFilterChain.doFilter(ObservationFilterChainDecorator.java:137)
	at org.springframework.security.web.header.HeaderWriterFilter.doHeadersAfter(HeaderWriterFilter.java:90)
	at org.springframework.security.web.header.HeaderWriterFilter.doFilterInternal(HeaderWriterFilter.java:75)
	at org.springframework.web.filter.OncePerRequestFilter.doFilter(OncePerRequestFilter.java:116)
	at org.springframework.security.web.ObservationFilterChainDecorator$ObservationFilter.wrapFilter(ObservationFilterChainDecorator.java:240)
	at org.springframework.security.web.ObservationFilterChainDecorator$ObservationFilter.doFilter(ObservationFilterChainDecorator.java:227)
	at org.springframework.security.web.ObservationFilterChainDecorator$VirtualFilterChain.doFilter(ObservationFilterChainDecorator.java:137)
	at org.springframework.security.web.context.SecurityContextHolderFilter.doFilter(SecurityContextHolderFilter.java:82)
	at org.springframework.security.web.context.SecurityContextHolderFilter.doFilter(SecurityContextHolderFilter.java:69)
	at org.springframework.security.web.ObservationFilterChainDecorator$ObservationFilter.wrapFilter(ObservationFilterChainDecorator.java:240)
	at org.springframework.security.web.ObservationFilterChainDecorator$ObservationFilter.doFilter(ObservationFilterChainDecorator.java:227)
	at org.springframework.security.web.ObservationFilterChainDecorator$VirtualFilterChain.doFilter(ObservationFilterChainDecorator.java:137)
	at org.springframework.security.web.context.request.async.WebAsyncManagerIntegrationFilter.doFilterInternal(WebAsyncManagerIntegrationFilter.java:62)
	at org.springframework.web.filter.OncePerRequestFilter.doFilter(OncePerRequestFilter.java:116)
	at org.springframework.security.web.ObservationFilterChainDecorator$ObservationFilter.wrapFilter(ObservationFilterChainDecorator.java:240)
	at org.springframework.security.web.ObservationFilterChainDecorator$ObservationFilter.doFilter(ObservationFilterChainDecorator.java:227)
	at org.springframework.security.web.ObservationFilterChainDecorator$VirtualFilterChain.doFilter(ObservationFilterChainDecorator.java:137)
	at org.springframework.security.web.session.DisableEncodeUrlFilter.doFilterInternal(DisableEncodeUrlFilter.java:42)
	at org.springframework.web.filter.OncePerRequestFilter.doFilter(OncePerRequestFilter.java:116)
	at org.springframework.security.web.ObservationFilterChainDecorator$ObservationFilter.wrapFilter(ObservationFilterChainDecorator.java:240)
	at org.springframework.security.web.ObservationFilterChainDecorator$AroundFilterObservation$SimpleAroundFilterObservation.lambda$wrap$0(ObservationFilterChainDecorator.java:323)
	at org.springframework.security.web.ObservationFilterChainDecorator$ObservationFilter.doFilter(ObservationFilterChainDecorator.java:224)
	at org.springframework.security.web.ObservationFilterChainDecorator$VirtualFilterChain.doFilter(ObservationFilterChainDecorator.java:137)
	at org.springframework.security.web.FilterChainProxy.doFilterInternal(FilterChainProxy.java:233)
	at org.springframework.security.web.FilterChainProxy.doFilter(FilterChainProxy.java:191)
	at org.springframework.web.filter.CompositeFilter$VirtualFilterChain.doFilter(CompositeFilter.java:113)
	at org.springframework.web.servlet.handler.HandlerMappingIntrospector.lambda$createCacheFilter$3(HandlerMappingIntrospector.java:243)
	at org.springframework.web.filter.CompositeFilter$VirtualFilterChain.doFilter(CompositeFilter.java:113)
	at org.springframework.web.filter.CompositeFilter.doFilter(CompositeFilter.java:74)
	at org.springframework.security.config.annotation.web.configuration.WebMvcSecurityConfiguration$CompositeFilterChainProxy.doFilter(WebMvcSecurityConfiguration.java:238)
	at org.springframework.web.filter.DelegatingFilterProxy.invokeDelegate(DelegatingFilterProxy.java:362)
	at org.springframework.web.filter.DelegatingFilterProxy.doFilter(DelegatingFilterProxy.java:278)
	at org.springframework.test.web.servlet.setup.MockMvcFilterDecorator.doFilter(MockMvcFilterDecorator.java:162)
	at org.springframework.mock.web.MockFilterChain.doFilter(MockFilterChain.java:132)
	at org.springframework.web.filter.RequestContextFilter.doFilterInternal(RequestContextFilter.java:100)
	at org.springframework.web.filter.OncePerRequestFilter.doFilter(OncePerRequestFilter.java:116)
	at org.springframework.test.web.servlet.setup.MockMvcFilterDecorator.doFilter(MockMvcFilterDecorator.java:162)
	at org.springframework.mock.web.MockFilterChain.doFilter(MockFilterChain.java:132)
	at org.springframework.web.filter.FormContentFilter.doFilterInternal(FormContentFilter.java:93)
	at org.springframework.web.filter.OncePerRequestFilter.doFilter(OncePerRequestFilter.java:116)
	at org.springframework.test.web.servlet.setup.MockMvcFilterDecorator.doFilter(MockMvcFilterDecorator.java:162)
	at org.springframework.mock.web.MockFilterChain.doFilter(MockFilterChain.java:132)
	at org.springframework.web.filter.ServerHttpObservationFilter.doFilterInternal(ServerHttpObservationFilter.java:114)
	at org.springframework.web.filter.OncePerRequestFilter.doFilter(OncePerRequestFilter.java:116)
	at org.springframework.test.web.servlet.setup.MockMvcFilterDecorator.doFilter(MockMvcFilterDecorator.java:162)
	at org.springframework.mock.web.MockFilterChain.doFilter(MockFilterChain.java:132)
	at io.sentry.spring.jakarta.tracing.SentryTracingFilter.doFilterInternal(SentryTracingFilter.java:91)
	at org.springframework.web.filter.OncePerRequestFilter.doFilter(OncePerRequestFilter.java:116)
	at org.springframework.test.web.servlet.setup.MockMvcFilterDecorator.doFilter(MockMvcFilterDecorator.java:162)
	at org.springframework.mock.web.MockFilterChain.doFilter(MockFilterChain.java:132)
	at org.springframework.web.filter.CharacterEncodingFilter.doFilterInternal(CharacterEncodingFilter.java:201)
	at org.springframework.web.filter.OncePerRequestFilter.doFilter(OncePerRequestFilter.java:116)
	at org.springframework.test.web.servlet.setup.MockMvcFilterDecorator.doFilter(MockMvcFilterDecorator.java:162)
	at org.springframework.mock.web.MockFilterChain.doFilter(MockFilterChain.java:132)
	at io.sentry.spring.jakarta.SentrySpringFilter.doFilterInternal(SentrySpringFilter.java:76)
	at org.springframework.web.filter.OncePerRequestFilter.doFilter(OncePerRequestFilter.java:116)
	at org.springframework.test.web.servlet.setup.MockMvcFilterDecorator.doFilter(MockMvcFilterDecorator.java:162)
	at org.springframework.mock.web.MockFilterChain.doFilter(MockFilterChain.java:132)
	at org.springframework.test.web.servlet.MockMvc.perform(MockMvc.java:201)
	at de.tum.cit.aet.artemis.core.util.RequestUtilService.performMvcRequest(RequestUtilService.java:79)
	at de.tum.cit.aet.artemis.core.util.RequestUtilService.postWithoutLocation(RequestUtilService.java:213)
	at de.tum.cit.aet.artemis.core.util.RequestUtilService.postWithoutLocation(RequestUtilService.java:199)
	at de.tum.cit.aet.artemis.programming.ProgrammingSubmissionAndResultGitlabJenkinsIntegrationTest.postResult(ProgrammingSubmissionAndResultGitlabJenkinsIntegrationTest.java:413)
	at de.tum.cit.aet.artemis.programming.ProgrammingSubmissionAndResultGitlabJenkinsIntegrationTest.shouldSaveBuildLogsOnStudentParticipationWithoutSubmissionNorResult(ProgrammingSubmissionAndResultGitlabJenkinsIntegrationTest.java:338)
	at java.base/jdk.internal.reflect.DirectMethodHandleAccessor.invoke(DirectMethodHandleAccessor.java:103)
	at java.base/java.lang.reflect.Method.invoke(Method.java:580)
	at org.junit.platform.commons.util.ReflectionUtils.invokeMethod(ReflectionUtils.java:767)
	at org.junit.jupiter.engine.execution.MethodInvocation.proceed(MethodInvocation.java:60)
	at org.junit.jupiter.engine.execution.InvocationInterceptorChain$ValidatingInvocation.proceed(InvocationInterceptorChain.java:131)
	at org.junit.jupiter.engine.extension.TimeoutExtension.intercept(TimeoutExtension.java:156)
	at org.junit.jupiter.engine.extension.TimeoutExtension.interceptTestableMethod(TimeoutExtension.java:147)
	at org.junit.jupiter.engine.extension.TimeoutExtension.interceptTestTemplateMethod(TimeoutExtension.java:94)
	at org.junit.jupiter.engine.execution.InterceptingExecutableInvoker$ReflectiveInterceptorCall.lambda$ofVoidMethod$0(InterceptingExecutableInvoker.java:103)
	at org.junit.jupiter.engine.execution.InterceptingExecutableInvoker.lambda$invoke$0(InterceptingExecutableInvoker.java:93)
	at org.junit.jupiter.engine.execution.InvocationInterceptorChain$InterceptedInvocation.proceed(InvocationInterceptorChain.java:106)
	at org.junit.jupiter.engine.execution.InvocationInterceptorChain.proceed(InvocationInterceptorChain.java:64)
	at org.junit.jupiter.engine.execution.InvocationInterceptorChain.chainAndInvoke(InvocationInterceptorChain.java:45)
	at org.junit.jupiter.engine.execution.InvocationInterceptorChain.invoke(InvocationInterceptorChain.java:37)
	at org.junit.jupiter.engine.execution.InterceptingExecutableInvoker.invoke(InterceptingExecutableInvoker.java:92)
	at org.junit.jupiter.engine.execution.InterceptingExecutableInvoker.invoke(InterceptingExecutableInvoker.java:86)
	at org.junit.jupiter.engine.descriptor.TestMethodTestDescriptor.lambda$invokeTestMethod$8(TestMethodTestDescriptor.java:217)
	at org.junit.platform.engine.support.hierarchical.ThrowableCollector.execute(ThrowableCollector.java:73)
	at org.junit.jupiter.engine.descriptor.TestMethodTestDescriptor.invokeTestMethod(TestMethodTestDescriptor.java:213)
	at org.junit.jupiter.engine.descriptor.TestMethodTestDescriptor.execute(TestMethodTestDescriptor.java:138)
	at org.junit.jupiter.engine.descriptor.TestMethodTestDescriptor.execute(TestMethodTestDescriptor.java:68)
	at org.junit.platform.engine.support.hierarchical.NodeTestTask.lambda$executeRecursively$6(NodeTestTask.java:156)
	at org.junit.platform.engine.support.hierarchical.ThrowableCollector.execute(ThrowableCollector.java:73)
	at org.junit.platform.engine.support.hierarchical.NodeTestTask.lambda$executeRecursively$8(NodeTestTask.java:146)
	at org.junit.platform.engine.support.hierarchical.Node.around(Node.java:137)
	at org.junit.platform.engine.support.hierarchical.NodeTestTask.lambda$executeRecursively$9(NodeTestTask.java:144)
	at org.junit.platform.engine.support.hierarchical.ThrowableCollector.execute(ThrowableCollector.java:73)
	at org.junit.platform.engine.support.hierarchical.NodeTestTask.executeRecursively(NodeTestTask.java:143)
	at org.junit.platform.engine.support.hierarchical.NodeTestTask.execute(NodeTestTask.java:100)
	at org.junit.platform.engine.support.hierarchical.ForkJoinPoolHierarchicalTestExecutorService$ExclusiveTask.exec(ForkJoinPoolHierarchicalTestExecutorService.java:274)
	at org.junit.platform.engine.support.hierarchical.ForkJoinPoolHierarchicalTestExecutorService$ExclusiveTask.execSync(ForkJoinPoolHierarchicalTestExecutorService.java:247)
	at org.junit.platform.engine.support.hierarchical.ForkJoinPoolHierarchicalTestExecutorService.submit(ForkJoinPoolHierarchicalTestExecutorService.java:148)
	at org.junit.platform.engine.support.hierarchical.NodeTestTask$DefaultDynamicTestExecutor.execute(NodeTestTask.java:231)
	at org.junit.platform.engine.support.hierarchical.NodeTestTask$DefaultDynamicTestExecutor.execute(NodeTestTask.java:209)
	at org.junit.jupiter.engine.descriptor.TestTemplateTestDescriptor.execute(TestTemplateTestDescriptor.java:141)
	at org.junit.jupiter.engine.descriptor.TestTemplateTestDescriptor.lambda$execute$3(TestTemplateTestDescriptor.java:109)
	at java.base/java.util.stream.ForEachOps$ForEachOp$OfRef.accept(ForEachOps.java:184)
	at java.base/java.util.stream.ReferencePipeline$3$1.accept(ReferencePipeline.java:197)
	at java.base/java.util.stream.ReferencePipeline$2$1.accept(ReferencePipeline.java:179)
	at java.base/java.util.stream.ReferencePipeline$3$1.accept(ReferencePipeline.java:197)
	at java.base/java.util.stream.ForEachOps$ForEachOp$OfRef.accept(ForEachOps.java:184)
	at java.base/java.util.stream.ReferencePipeline$3$1.accept(ReferencePipeline.java:197)
	at java.base/java.util.stream.ForEachOps$ForEachOp$OfRef.accept(ForEachOps.java:184)
	at java.base/java.util.stream.ForEachOps$ForEachOp$OfRef.accept(ForEachOps.java:184)
	at java.base/java.util.stream.ReferencePipeline$3$1.accept(ReferencePipeline.java:197)
	at java.base/java.util.stream.ForEachOps$ForEachOp$OfRef.accept(ForEachOps.java:184)
	at java.base/java.util.Spliterators$ArraySpliterator.forEachRemaining(Spliterators.java:1024)
	at java.base/java.util.stream.ReferencePipeline$Head.forEach(ReferencePipeline.java:762)
	at java.base/java.util.stream.ReferencePipeline$7$1.accept(ReferencePipeline.java:276)
	at java.base/java.util.Iterator.forEachRemaining(Iterator.java:133)
	at java.base/java.util.Spliterators$IteratorSpliterator.forEachRemaining(Spliterators.java:1939)
	at java.base/java.util.stream.AbstractPipeline.copyInto(AbstractPipeline.java:509)
	at java.base/java.util.stream.AbstractPipeline.wrapAndCopyInto(AbstractPipeline.java:499)
	at java.base/java.util.stream.ForEachOps$ForEachOp.evaluateSequential(ForEachOps.java:151)
	at java.base/java.util.stream.ForEachOps$ForEachOp$OfRef.evaluateSequential(ForEachOps.java:174)
	at java.base/java.util.stream.AbstractPipeline.evaluate(AbstractPipeline.java:234)
	at java.base/java.util.stream.ReferencePipeline.forEach(ReferencePipeline.java:596)
	at java.base/java.util.stream.ReferencePipeline$7$1.accept(ReferencePipeline.java:276)
	at java.base/java.util.stream.ReferencePipeline$3$1.accept(ReferencePipeline.java:197)
	at java.base/java.util.stream.ReferencePipeline$3$1.accept(ReferencePipeline.java:197)
	at java.base/java.util.stream.ReferencePipeline$3$1.accept(ReferencePipeline.java:197)
	at java.base/java.util.Spliterators$ArraySpliterator.forEachRemaining(Spliterators.java:1024)
	at java.base/java.util.stream.AbstractPipeline.copyInto(AbstractPipeline.java:509)
	at java.base/java.util.stream.AbstractPipeline.wrapAndCopyInto(AbstractPipeline.java:499)
	at java.base/java.util.stream.ForEachOps$ForEachOp.evaluateSequential(ForEachOps.java:151)
	at java.base/java.util.stream.ForEachOps$ForEachOp$OfRef.evaluateSequential(ForEachOps.java:174)
	at java.base/java.util.stream.AbstractPipeline.evaluate(AbstractPipeline.java:234)
	at java.base/java.util.stream.ReferencePipeline.forEach(ReferencePipeline.java:596)
	at java.base/java.util.stream.ReferencePipeline$7$1.accept(ReferencePipeline.java:276)
	at java.base/java.util.ArrayList$ArrayListSpliterator.forEachRemaining(ArrayList.java:1708)
	at java.base/java.util.stream.AbstractPipeline.copyInto(AbstractPipeline.java:509)
	at java.base/java.util.stream.AbstractPipeline.wrapAndCopyInto(AbstractPipeline.java:499)
	at java.base/java.util.stream.ForEachOps$ForEachOp.evaluateSequential(ForEachOps.java:151)
	at java.base/java.util.stream.ForEachOps$ForEachOp$OfRef.evaluateSequential(ForEachOps.java:174)
	at java.base/java.util.stream.AbstractPipeline.evaluate(AbstractPipeline.java:234)
	at java.base/java.util.stream.ReferencePipeline.forEach(ReferencePipeline.java:596)
	at java.base/java.util.stream.ReferencePipeline$7$1.accept(ReferencePipeline.java:276)
	at java.base/java.util.stream.ReferencePipeline$3$1.accept(ReferencePipeline.java:197)
	at java.base/java.util.stream.ReferencePipeline$3$1.accept(ReferencePipeline.java:197)
	at java.base/java.util.stream.ReferencePipeline$3$1.accept(ReferencePipeline.java:197)
	at java.base/java.util.ArrayList$ArrayListSpliterator.forEachRemaining(ArrayList.java:1708)
	at java.base/java.util.stream.AbstractPipeline.copyInto(AbstractPipeline.java:509)
	at java.base/java.util.stream.AbstractPipeline.wrapAndCopyInto(AbstractPipeline.java:499)
	at java.base/java.util.stream.ForEachOps$ForEachOp.evaluateSequential(ForEachOps.java:151)
	at java.base/java.util.stream.ForEachOps$ForEachOp$OfRef.evaluateSequential(ForEachOps.java:174)
	at java.base/java.util.stream.AbstractPipeline.evaluate(AbstractPipeline.java:234)
	at java.base/java.util.stream.ReferencePipeline.forEach(ReferencePipeline.java:596)
	at java.base/java.util.stream.ReferencePipeline$7$1.accept(ReferencePipeline.java:276)
	at java.base/java.util.ArrayList$ArrayListSpliterator.forEachRemaining(ArrayList.java:1708)
	at java.base/java.util.stream.AbstractPipeline.copyInto(AbstractPipeline.java:509)
	at java.base/java.util.stream.AbstractPipeline.wrapAndCopyInto(AbstractPipeline.java:499)
	at java.base/java.util.stream.ForEachOps$ForEachOp.evaluateSequential(ForEachOps.java:151)
	at java.base/java.util.stream.ForEachOps$ForEachOp$OfRef.evaluateSequential(ForEachOps.java:174)
	at java.base/java.util.stream.AbstractPipeline.evaluate(AbstractPipeline.java:234)
	at java.base/java.util.stream.ReferencePipeline.forEach(ReferencePipeline.java:596)
	at org.junit.jupiter.engine.descriptor.TestTemplateTestDescriptor.execute(TestTemplateTestDescriptor.java:109)
	at org.junit.jupiter.engine.descriptor.TestTemplateTestDescriptor.execute(TestTemplateTestDescriptor.java:43)
	at org.junit.platform.engine.support.hierarchical.NodeTestTask.lambda$executeRecursively$6(NodeTestTask.java:156)
	at org.junit.platform.engine.support.hierarchical.ThrowableCollector.execute(ThrowableCollector.java:73)
	at org.junit.platform.engine.support.hierarchical.NodeTestTask.lambda$executeRecursively$8(NodeTestTask.java:146)
	at org.junit.platform.engine.support.hierarchical.Node.around(Node.java:137)
	at org.junit.platform.engine.support.hierarchical.NodeTestTask.lambda$executeRecursively$9(NodeTestTask.java:144)
	at org.junit.platform.engine.support.hierarchical.ThrowableCollector.execute(ThrowableCollector.java:73)
	at org.junit.platform.engine.support.hierarchical.NodeTestTask.executeRecursively(NodeTestTask.java:143)
	at org.junit.platform.engine.support.hierarchical.NodeTestTask.execute(NodeTestTask.java:100)
	at org.junit.platform.engine.support.hierarchical.ForkJoinPoolHierarchicalTestExecutorService$ExclusiveTask.exec(ForkJoinPoolHierarchicalTestExecutorService.java:274)
	at org.junit.platform.engine.support.hierarchical.ForkJoinPoolHierarchicalTestExecutorService$ExclusiveTask.execSync(ForkJoinPoolHierarchicalTestExecutorService.java:247)
	at org.junit.platform.engine.support.hierarchical.ForkJoinPoolHierarchicalTestExecutorService.executeSync(ForkJoinPoolHierarchicalTestExecutorService.java:194)
	at org.junit.platform.engine.support.hierarchical.ForkJoinPoolHierarchicalTestExecutorService.invokeAll(ForkJoinPoolHierarchicalTestExecutorService.java:166)
	at org.junit.platform.engine.support.hierarchical.NodeTestTask.lambda$executeRecursively$6(NodeTestTask.java:160)
	at org.junit.platform.engine.support.hierarchical.ThrowableCollector.execute(ThrowableCollector.java:73)
	at org.junit.platform.engine.support.hierarchical.NodeTestTask.lambda$executeRecursively$8(NodeTestTask.java:146)
	at org.junit.platform.engine.support.hierarchical.Node.around(Node.java:137)
	at org.junit.platform.engine.support.hierarchical.NodeTestTask.lambda$executeRecursively$9(NodeTestTask.java:144)
	at org.junit.platform.engine.support.hierarchical.ThrowableCollector.execute(ThrowableCollector.java:73)
	at org.junit.platform.engine.support.hierarchical.NodeTestTask.executeRecursively(NodeTestTask.java:143)
	at org.junit.platform.engine.support.hierarchical.NodeTestTask.execute(NodeTestTask.java:100)
	at org.junit.platform.engine.support.hierarchical.ForkJoinPoolHierarchicalTestExecutorService$ExclusiveTask.exec(ForkJoinPoolHierarchicalTestExecutorService.java:274)
	at java.base/java.util.concurrent.ForkJoinTask.doExec(ForkJoinTask.java:387)
	at java.base/java.util.concurrent.ForkJoinPool$WorkQueue.topLevelExec(ForkJoinPool.java:1312)
	at java.base/java.util.concurrent.ForkJoinPool.scan(ForkJoinPool.java:1843)
	at java.base/java.util.concurrent.ForkJoinPool.runWorker(ForkJoinPool.java:1808)
	at java.base/java.util.concurrent.ForkJoinWorkerThread.run(ForkJoinWorkerThread.java:188)
    23:48:53.065 | 463 ool-1-worker-227 | DEBUG | .c.s.m.InstanceMessageReceiveService : Received schedule participant score for exercise 3278 and participant 773 (result to be deleted: null)
    23:48:53.065 | 463 ool-1-worker-227 | DEBUG | .a.s.ParticipantScoreScheduleService : Scheduled task for exercise 3278 and participant 773 at 2025-02-14T23:48:53.165402884Z[Etc/UTC].
    23:48:53.066 | 463 ool-1-worker-227 | DEBUG | .a.a.p.s.ProgrammingMessagingService : Send result to client over websocket. Result: Result{id808, completionDate=2025-02-14T23:48:53.041051100Z, successful=false, score=0.0, rated=true, assessmentType=AUTOMATIC, hasComplaint=null, testCaseCount=0, passedTestCaseCount=0, codeIssueCount=0}, Submission: ProgrammingSubmission{commitHash='9b3a9bd71a0d80e5bbc42204c319ed3d1d4f0d6d', buildFailed=true, buildArtifact=false, type=MANUAL}, Participation: ProgrammingExerciseStudentParticipation{id=4163, repositoryUri='https://version-control.fake.fake/git/SHORT8DED03FA03620047010BC72066DD3024D4F2TSTEXC/short8ded03fa03620047010bc72066dd3024d4f2tstexc-progsubresgitlabjenstudent1.git', buildPlanId='SHORT8DED03FA03620047010BC72066DD3024D4F2TSTEXC-PROGSUBRESGITLABJENSTUDENT1', initializationState='INITIALIZED', initializationDate='2025-02-14T23:48:53.039387Z', individualDueDate=null', presentationScore=null}
    23:48:53.068 | 463 ool-1-worker-227 | INFO  | d.t.c.a.a.a.w.o.PublicResultResource : The new result for SHORT8DED03FA03620047010BC72066DD3024D4F2TSTEXC-PROGSUBRESGITLABJENSTUDENT1 was saved successfully
    23:48:53.071 | 463 ool-1-worker-227 | DEBUG | d.t.c.a.a.c.s.f.ApiVersionFilter     : Adding Version to Request GET /api/repository/4163/buildlogs
    23:48:53.071 | 463 ool-1-worker-227 | DEBUG | rammingExerciseParticipationResource : REST request to get build log : 4163

  Starting logs for ProgrammingSubmissionAndResultGitlabJenkinsIntegrationTest > shouldSaveBuildLogsOnStudentParticipationWithoutSubmissionNorResult(ProgrammingLanguage, boolean) [40] programmingLanguage=PYTHON, enableStaticCodeAnalysis=false
    23:48:53.084 | 463 ool-1-worker-227 | DEBUG | d.t.c.a.a.c.u.util.UserUtilService   : Generate 3 students...
    23:48:53.088 | 463 ool-1-worker-227 | DEBUG | d.t.c.a.a.c.u.util.UserUtilService   : 3 students generated. Generate 2 tutors...
    23:48:53.091 | 463 ool-1-worker-227 | DEBUG | d.t.c.a.a.c.u.util.UserUtilService   : 2 tutors generated. Generate 0 editors...
    23:48:53.092 | 463 ool-1-worker-227 | DEBUG | d.t.c.a.a.c.u.util.UserUtilService   : 0 editors generated. Generate 2 instructors...
    23:48:53.095 | 463 ool-1-worker-227 | DEBUG | d.t.c.a.a.c.u.util.UserUtilService   : 2 instructors generated
    23:48:53.097 | 463 ool-1-worker-227 | DEBUG | d.t.c.a.a.c.u.util.UserUtilService   : Removing 7 users from all courses...
    23:48:53.097 | 463 ool-1-worker-227 | DEBUG | d.t.c.a.a.c.u.util.UserUtilService   : Removing 7 users from all courses. Done
    23:48:53.097 | 463 ool-1-worker-227 | DEBUG | d.t.c.a.a.c.u.util.UserUtilService   : Save 7 users to database...
    23:48:53.100 | 463 ool-1-worker-227 | DEBUG | d.t.c.a.a.c.u.util.UserUtilService   : Save 7 users to database. Done
    23:48:53.114 | 463 ool-1-worker-227 | DEBUG | PersonalAccessTokenManagementService : Generate secure vcs access token
    23:48:53.117 | 463 ool-1-worker-227 | DEBUG | PersonalAccessTokenManagementService : Generate secure vcs access token
    23:48:53.119 | 463 ool-1-worker-227 | INFO  | i.z.t.d.l.EmbeddedDatabaseReporter   : JDBC URL to connect to 'dataSource': url='jdbc:h2:tcp://localhost:41063/mem:736625c0-cf5e-400d-aeaa-8a7eabd6262b;USER=sa', scope='ProgrammingSubmissionAndResultGitlabJenkinsIntegrationTest#shouldSaveBuildLogsOnStudentParticipationWithoutSubmissionNorResult'
    23:48:53.130 | 463 ool-1-worker-227 | DEBUG | PersonalAccessTokenManagementService : Generate secure vcs access token
    23:48:53.133 | 463 ool-1-worker-227 | DEBUG | d.t.c.a.a.c.s.f.ApiVersionFilter     : Adding Version to Request POST /api/public/programming-exercises/new-result
    23:48:53.133 | 463 ool-1-worker-227 | DEBUG | d.t.c.a.a.a.w.o.PublicResultResource : Received result notify (NEW)
    23:48:53.135 | 463 ool-1-worker-227 | INFO  | d.t.c.a.a.a.w.o.PublicResultResource : Artemis received a new result for build plan SHORT646035A90F515047DE087030EEE4A258CF09TSTEXC-PROGSUBRESGITLABJENSTUDENT1
    23:48:53.136 | 463 ool-1-worker-227 | DEBUG | .s.ProgrammingExerciseGradingService : Received new build result (NEW) for participation 4170
    23:48:53.138 | 463 ool-1-worker-227 | WARN  | .s.ProgrammingExerciseGradingService : Could not find pending ProgrammingSubmission for Commit Hash 9b3a9bd71a0d80e5bbc42204c319ed3d1d4f0d6d (Participation 4170, Build Plan SHORT646035A90F515047DE087030EEE4A258CF09TSTEXC-PROGSUBRESGITLABJENSTUDENT1). Will create a new one subsequently...
    23:48:53.139 | 463 ool-1-worker-227 | ERROR | .s.ProgrammingExerciseGradingService : Could not retrieve push date for participation 4170 and build plan SHORT646035A90F515047DE087030EEE4A258CF09TSTEXC-PROGSUBRESGITLABJENSTUDENT1
de.tum.cit.aet.artemis.programming.service.gitlab.GitLabException: Could not find build queue date for participation 4170
	at de.tum.cit.aet.artemis.programming.service.gitlab.GitLabService.getPushDate(GitLabService.java:369)
	at de.tum.cit.aet.artemis.programming.service.gitlab.GitLabService.getPushDate(GitLabService.java:358)
	at de.tum.cit.aet.artemis.programming.service.ProgrammingExerciseGradingService.createAndSaveFallbackSubmission(ProgrammingExerciseGradingService.java:286)
	at de.tum.cit.aet.artemis.programming.service.ProgrammingExerciseGradingService.createAndSaveFallbackSubmission(ProgrammingExerciseGradingService.java:272)
	at de.tum.cit.aet.artemis.programming.service.ProgrammingExerciseGradingService.lambda$processNewProgrammingExerciseResult$0(ProgrammingExerciseGradingService.java:177)
	at java.base/java.util.Optional.orElseGet(Optional.java:364)
	at de.tum.cit.aet.artemis.programming.service.ProgrammingExerciseGradingService.processNewProgrammingExerciseResult(ProgrammingExerciseGradingService.java:177)
	at de.tum.cit.aet.artemis.programming.service.ProgrammingExerciseGradingService.processNewProgrammingExerciseResult(ProgrammingExerciseGradingService.java:156)
	at de.tum.cit.aet.artemis.assessment.web.open.PublicResultResource.processNewProgrammingExerciseResult(PublicResultResource.java:113)
	at java.base/jdk.internal.reflect.DirectMethodHandleAccessor.invoke(DirectMethodHandleAccessor.java:103)
	at java.base/java.lang.reflect.Method.invoke(Method.java:580)
	at org.springframework.aop.support.AopUtils.invokeJoinpointUsingReflection(AopUtils.java:359)
	at org.springframework.aop.framework.ReflectiveMethodInvocation.invokeJoinpoint(ReflectiveMethodInvocation.java:196)
	at org.springframework.aop.framework.ReflectiveMethodInvocation.proceed(ReflectiveMethodInvocation.java:163)
	at org.springframework.security.authorization.method.AuthorizationManagerBeforeMethodInterceptor.proceed(AuthorizationManagerBeforeMethodInterceptor.java:268)
	at org.springframework.security.authorization.method.AuthorizationManagerBeforeMethodInterceptor.attemptAuthorization(AuthorizationManagerBeforeMethodInterceptor.java:263)
	at org.springframework.security.authorization.method.AuthorizationManagerBeforeMethodInterceptor.invoke(AuthorizationManagerBeforeMethodInterceptor.java:196)
	at org.springframework.security.config.annotation.method.configuration.DeferringMethodInterceptor.invoke(DeferringMethodInterceptor.java:44)
	at org.springframework.aop.framework.ReflectiveMethodInvocation.proceed(ReflectiveMethodInvocation.java:184)
	at org.springframework.aop.framework.CglibAopProxy$DynamicAdvisedInterceptor.intercept(CglibAopProxy.java:727)
	at de.tum.cit.aet.artemis.assessment.web.open.PublicResultResource$$SpringCGLIB$$0.processNewProgrammingExerciseResult(<generated>)
	at java.base/jdk.internal.reflect.DirectMethodHandleAccessor.invoke(DirectMethodHandleAccessor.java:103)
	at java.base/java.lang.reflect.Method.invoke(Method.java:580)
	at org.springframework.web.method.support.InvocableHandlerMethod.doInvoke(InvocableHandlerMethod.java:257)
	at org.springframework.web.method.support.InvocableHandlerMethod.invokeForRequest(InvocableHandlerMethod.java:190)
	at org.springframework.web.servlet.mvc.method.annotation.ServletInvocableHandlerMethod.invokeAndHandle(ServletInvocableHandlerMethod.java:118)
	at org.springframework.web.servlet.mvc.method.annotation.RequestMappingHandlerAdapter.invokeHandlerMethod(RequestMappingHandlerAdapter.java:986)
	at org.springframework.web.servlet.mvc.method.annotation.RequestMappingHandlerAdapter.handleInternal(RequestMappingHandlerAdapter.java:891)
	at org.springframework.web.servlet.mvc.method.AbstractHandlerMethodAdapter.handle(AbstractHandlerMethodAdapter.java:87)
	at org.springframework.web.servlet.DispatcherServlet.doDispatch(DispatcherServlet.java:1088)
	at org.springframework.web.servlet.DispatcherServlet.doService(DispatcherServlet.java:978)
	at org.springframework.web.servlet.FrameworkServlet.processRequest(FrameworkServlet.java:1014)
	at org.springframework.web.servlet.FrameworkServlet.doPost(FrameworkServlet.java:914)
	at jakarta.servlet.http.HttpServlet.service(HttpServlet.java:547)
	at org.springframework.web.servlet.FrameworkServlet.service(FrameworkServlet.java:885)
	at org.springframework.test.web.servlet.TestDispatcherServlet.service(TestDispatcherServlet.java:72)
	at jakarta.servlet.http.HttpServlet.service(HttpServlet.java:614)
	at org.springframework.mock.web.MockFilterChain$ServletFilterProxy.doFilter(MockFilterChain.java:165)
	at org.springframework.mock.web.MockFilterChain.doFilter(MockFilterChain.java:132)
	at org.springframework.web.filter.OncePerRequestFilter.doFilter(OncePerRequestFilter.java:110)
	at org.springframework.test.web.servlet.setup.MockMvcFilterDecorator.doFilter(MockMvcFilterDecorator.java:162)
	at org.springframework.mock.web.MockFilterChain.doFilter(MockFilterChain.java:132)
	at de.tum.cit.aet.artemis.core.security.filter.ApiVersionFilter.doFilter(ApiVersionFilter.java:55)
	at org.springframework.test.web.servlet.setup.MockMvcFilterDecorator.doFilter(MockMvcFilterDecorator.java:162)
	at org.springframework.mock.web.MockFilterChain.doFilter(MockFilterChain.java:132)
	at io.sentry.spring.jakarta.SentryUserFilter.doFilterInternal(SentryUserFilter.java:56)
	at org.springframework.web.filter.OncePerRequestFilter.doFilter(OncePerRequestFilter.java:116)
	at org.springframework.test.web.servlet.setup.MockMvcFilterDecorator.doFilter(MockMvcFilterDecorator.java:162)
	at org.springframework.mock.web.MockFilterChain.doFilter(MockFilterChain.java:132)
	at org.springframework.web.filter.CompositeFilter$VirtualFilterChain.doFilter(CompositeFilter.java:108)
	at org.springframework.security.web.FilterChainProxy.lambda$doFilterInternal$3(FilterChainProxy.java:231)
	at org.springframework.security.web.ObservationFilterChainDecorator$FilterObservation$SimpleFilterObservation.lambda$wrap$1(ObservationFilterChainDecorator.java:479)
	at org.springframework.security.web.ObservationFilterChainDecorator$AroundFilterObservation$SimpleAroundFilterObservation.lambda$wrap$1(ObservationFilterChainDecorator.java:340)
	at org.springframework.security.web.ObservationFilterChainDecorator.lambda$wrapSecured$0(ObservationFilterChainDecorator.java:82)
	at org.springframework.security.web.ObservationFilterChainDecorator$VirtualFilterChain.doFilter(ObservationFilterChainDecorator.java:128)
	at org.springframework.security.web.access.intercept.AuthorizationFilter.doFilter(AuthorizationFilter.java:101)
	at org.springframework.security.web.ObservationFilterChainDecorator$ObservationFilter.wrapFilter(ObservationFilterChainDecorator.java:240)
	at org.springframework.security.web.ObservationFilterChainDecorator$ObservationFilter.doFilter(ObservationFilterChainDecorator.java:227)
	at org.springframework.security.web.ObservationFilterChainDecorator$VirtualFilterChain.doFilter(ObservationFilterChainDecorator.java:137)
	at org.springframework.security.web.access.ExceptionTranslationFilter.doFilter(ExceptionTranslationFilter.java:126)
	at org.springframework.security.web.access.ExceptionTranslationFilter.doFilter(ExceptionTranslationFilter.java:120)
	at org.springframework.security.web.ObservationFilterChainDecorator$ObservationFilter.wrapFilter(ObservationFilterChainDecorator.java:240)
	at org.springframework.security.web.ObservationFilterChainDecorator$ObservationFilter.doFilter(ObservationFilterChainDecorator.java:227)
	at org.springframework.security.web.ObservationFilterChainDecorator$VirtualFilterChain.doFilter(ObservationFilterChainDecorator.java:137)
	at org.springframework.security.web.session.SessionManagementFilter.doFilter(SessionManagementFilter.java:131)
	at org.springframework.security.web.session.SessionManagementFilter.doFilter(SessionManagementFilter.java:85)
	at org.springframework.security.web.ObservationFilterChainDecorator$ObservationFilter.wrapFilter(ObservationFilterChainDecorator.java:240)
	at org.springframework.security.web.ObservationFilterChainDecorator$ObservationFilter.doFilter(ObservationFilterChainDecorator.java:227)
	at org.springframework.security.web.ObservationFilterChainDecorator$VirtualFilterChain.doFilter(ObservationFilterChainDecorator.java:137)
	at org.springframework.security.web.authentication.AnonymousAuthenticationFilter.doFilter(AnonymousAuthenticationFilter.java:100)
	at org.springframework.security.web.ObservationFilterChainDecorator$ObservationFilter.wrapFilter(ObservationFilterChainDecorator.java:240)
	at org.springframework.security.web.ObservationFilterChainDecorator$ObservationFilter.doFilter(ObservationFilterChainDecorator.java:227)
	at org.springframework.security.web.ObservationFilterChainDecorator$VirtualFilterChain.doFilter(ObservationFilterChainDecorator.java:137)
	at org.springframework.security.web.servletapi.SecurityContextHolderAwareRequestFilter.doFilter(SecurityContextHolderAwareRequestFilter.java:179)
	at org.springframework.security.web.ObservationFilterChainDecorator$ObservationFilter.wrapFilter(ObservationFilterChainDecorator.java:240)
	at org.springframework.security.web.ObservationFilterChainDecorator$ObservationFilter.doFilter(ObservationFilterChainDecorator.java:227)
	at org.springframework.security.web.ObservationFilterChainDecorator$VirtualFilterChain.doFilter(ObservationFilterChainDecorator.java:137)
	at org.springframework.security.web.savedrequest.RequestCacheAwareFilter.doFilter(RequestCacheAwareFilter.java:63)
	at org.springframework.security.web.ObservationFilterChainDecorator$ObservationFilter.wrapFilter(ObservationFilterChainDecorator.java:240)
	at org.springframework.security.web.ObservationFilterChainDecorator$ObservationFilter.doFilter(ObservationFilterChainDecorator.java:227)
	at org.springframework.security.web.ObservationFilterChainDecorator$VirtualFilterChain.doFilter(ObservationFilterChainDecorator.java:137)
	at de.tum.cit.aet.artemis.core.security.filter.SpaWebFilter.doFilterInternal(SpaWebFilter.java:23)
	at org.springframework.web.filter.OncePerRequestFilter.doFilter(OncePerRequestFilter.java:116)
	at org.springframework.security.web.ObservationFilterChainDecorator$ObservationFilter.wrapFilter(ObservationFilterChainDecorator.java:240)
	at org.springframework.security.web.ObservationFilterChainDecorator$ObservationFilter.doFilter(ObservationFilterChainDecorator.java:227)
	at org.springframework.security.web.ObservationFilterChainDecorator$VirtualFilterChain.doFilter(ObservationFilterChainDecorator.java:137)
	at org.springframework.web.filter.OncePerRequestFilter.doFilter(OncePerRequestFilter.java:110)
	at org.springframework.security.web.ObservationFilterChainDecorator$ObservationFilter.wrapFilter(ObservationFilterChainDecorator.java:240)
	at org.springframework.security.web.ObservationFilterChainDecorator$ObservationFilter.doFilter(ObservationFilterChainDecorator.java:227)
	at org.springframework.security.web.ObservationFilterChainDecorator$VirtualFilterChain.doFilter(ObservationFilterChainDecorator.java:137)
	at de.tum.cit.aet.artemis.lti.config.Lti13LaunchFilter.doFilterInternal(Lti13LaunchFilter.java:60)
	at org.springframework.web.filter.OncePerRequestFilter.doFilter(OncePerRequestFilter.java:116)
	at org.springframework.security.web.ObservationFilterChainDecorator$ObservationFilter.wrapFilter(ObservationFilterChainDecorator.java:240)
	at org.springframework.security.web.ObservationFilterChainDecorator$ObservationFilter.doFilter(ObservationFilterChainDecorator.java:227)
	at org.springframework.security.web.ObservationFilterChainDecorator$VirtualFilterChain.doFilter(ObservationFilterChainDecorator.java:137)
	at de.tum.cit.aet.artemis.core.security.jwt.JWTFilter.doFilter(JWTFilter.java:55)
	at org.springframework.security.web.ObservationFilterChainDecorator$ObservationFilter.wrapFilter(ObservationFilterChainDecorator.java:240)
	at org.springframework.security.web.ObservationFilterChainDecorator$ObservationFilter.doFilter(ObservationFilterChainDecorator.java:227)
	at org.springframework.security.web.ObservationFilterChainDecorator$VirtualFilterChain.doFilter(ObservationFilterChainDecorator.java:137)
	at de.tum.cit.aet.artemis.core.security.jwt.JWTFilter.doFilter(JWTFilter.java:55)
	at org.springframework.security.web.ObservationFilterChainDecorator$ObservationFilter.wrapFilter(ObservationFilterChainDecorator.java:240)
	at org.springframework.security.web.ObservationFilterChainDecorator$ObservationFilter.doFilter(ObservationFilterChainDecorator.java:227)
	at org.springframework.security.web.ObservationFilterChainDecorator$VirtualFilterChain.doFilter(ObservationFilterChainDecorator.java:137)
	at org.springframework.web.filter.CorsFilter.doFilterInternal(CorsFilter.java:91)
	at org.springframework.web.filter.OncePerRequestFilter.doFilter(OncePerRequestFilter.java:116)
	at org.springframework.security.web.ObservationFilterChainDecorator$ObservationFilter.wrapFilter(ObservationFilterChainDecorator.java:240)
	at org.springframework.security.web.ObservationFilterChainDecorator$ObservationFilter.doFilter(ObservationFilterChainDecorator.java:227)
	at org.springframework.security.web.ObservationFilterChainDecorator$VirtualFilterChain.doFilter(ObservationFilterChainDecorator.java:137)
	at org.springframework.web.filter.OncePerRequestFilter.doFilter(OncePerRequestFilter.java:110)
	at org.springframework.security.web.ObservationFilterChainDecorator$ObservationFilter.wrapFilter(ObservationFilterChainDecorator.java:240)
	at org.springframework.security.web.ObservationFilterChainDecorator$ObservationFilter.doFilter(ObservationFilterChainDecorator.java:227)
	at org.springframework.security.web.ObservationFilterChainDecorator$VirtualFilterChain.doFilter(ObservationFilterChainDecorator.java:137)
	at uk.ac.ox.ctl.lti13.security.oauth2.client.lti.web.OAuth2AuthorizationRequestRedirectFilter.doFilterInternal(OAuth2AuthorizationRequestRedirectFilter.java:142)
	at org.springframework.web.filter.OncePerRequestFilter.doFilter(OncePerRequestFilter.java:116)
	at org.springframework.security.web.ObservationFilterChainDecorator$ObservationFilter.wrapFilter(ObservationFilterChainDecorator.java:240)
	at org.springframework.security.web.ObservationFilterChainDecorator$ObservationFilter.doFilter(ObservationFilterChainDecorator.java:227)
	at org.springframework.security.web.ObservationFilterChainDecorator$VirtualFilterChain.doFilter(ObservationFilterChainDecorator.java:137)
	at org.springframework.security.web.authentication.logout.LogoutFilter.doFilter(LogoutFilter.java:107)
	at org.springframework.security.web.authentication.logout.LogoutFilter.doFilter(LogoutFilter.java:93)
	at org.springframework.security.web.ObservationFilterChainDecorator$ObservationFilter.wrapFilter(ObservationFilterChainDecorator.java:240)
	at org.springframework.security.web.ObservationFilterChainDecorator$ObservationFilter.doFilter(ObservationFilterChainDecorator.java:227)
	at org.springframework.security.web.ObservationFilterChainDecorator$VirtualFilterChain.doFilter(ObservationFilterChainDecorator.java:137)
	at org.springframework.security.web.header.HeaderWriterFilter.doHeadersAfter(HeaderWriterFilter.java:90)
	at org.springframework.security.web.header.HeaderWriterFilter.doFilterInternal(HeaderWriterFilter.java:75)
	at org.springframework.web.filter.OncePerRequestFilter.doFilter(OncePerRequestFilter.java:116)
	at org.springframework.security.web.ObservationFilterChainDecorator$ObservationFilter.wrapFilter(ObservationFilterChainDecorator.java:240)
	at org.springframework.security.web.ObservationFilterChainDecorator$ObservationFilter.doFilter(ObservationFilterChainDecorator.java:227)
	at org.springframework.security.web.ObservationFilterChainDecorator$VirtualFilterChain.doFilter(ObservationFilterChainDecorator.java:137)
	at org.springframework.security.web.context.SecurityContextHolderFilter.doFilter(SecurityContextHolderFilter.java:82)
	at org.springframework.security.web.context.SecurityContextHolderFilter.doFilter(SecurityContextHolderFilter.java:69)
	at org.springframework.security.web.ObservationFilterChainDecorator$ObservationFilter.wrapFilter(ObservationFilterChainDecorator.java:240)
	at org.springframework.security.web.ObservationFilterChainDecorator$ObservationFilter.doFilter(ObservationFilterChainDecorator.java:227)
	at org.springframework.security.web.ObservationFilterChainDecorator$VirtualFilterChain.doFilter(ObservationFilterChainDecorator.java:137)
	at org.springframework.security.web.context.request.async.WebAsyncManagerIntegrationFilter.doFilterInternal(WebAsyncManagerIntegrationFilter.java:62)
	at org.springframework.web.filter.OncePerRequestFilter.doFilter(OncePerRequestFilter.java:116)
	at org.springframework.security.web.ObservationFilterChainDecorator$ObservationFilter.wrapFilter(ObservationFilterChainDecorator.java:240)
	at org.springframework.security.web.ObservationFilterChainDecorator$ObservationFilter.doFilter(ObservationFilterChainDecorator.java:227)
	at org.springframework.security.web.ObservationFilterChainDecorator$VirtualFilterChain.doFilter(ObservationFilterChainDecorator.java:137)
	at org.springframework.security.web.session.DisableEncodeUrlFilter.doFilterInternal(DisableEncodeUrlFilter.java:42)
	at org.springframework.web.filter.OncePerRequestFilter.doFilter(OncePerRequestFilter.java:116)
	at org.springframework.security.web.ObservationFilterChainDecorator$ObservationFilter.wrapFilter(ObservationFilterChainDecorator.java:240)
	at org.springframework.security.web.ObservationFilterChainDecorator$AroundFilterObservation$SimpleAroundFilterObservation.lambda$wrap$0(ObservationFilterChainDecorator.java:323)
	at org.springframework.security.web.ObservationFilterChainDecorator$ObservationFilter.doFilter(ObservationFilterChainDecorator.java:224)
	at org.springframework.security.web.ObservationFilterChainDecorator$VirtualFilterChain.doFilter(ObservationFilterChainDecorator.java:137)
	at org.springframework.security.web.FilterChainProxy.doFilterInternal(FilterChainProxy.java:233)
	at org.springframework.security.web.FilterChainProxy.doFilter(FilterChainProxy.java:191)
	at org.springframework.web.filter.CompositeFilter$VirtualFilterChain.doFilter(CompositeFilter.java:113)
	at org.springframework.web.servlet.handler.HandlerMappingIntrospector.lambda$createCacheFilter$3(HandlerMappingIntrospector.java:243)
	at org.springframework.web.filter.CompositeFilter$VirtualFilterChain.doFilter(CompositeFilter.java:113)
	at org.springframework.web.filter.CompositeFilter.doFilter(CompositeFilter.java:74)
	at org.springframework.security.config.annotation.web.configuration.WebMvcSecurityConfiguration$CompositeFilterChainProxy.doFilter(WebMvcSecurityConfiguration.java:238)
	at org.springframework.web.filter.DelegatingFilterProxy.invokeDelegate(DelegatingFilterProxy.java:362)
	at org.springframework.web.filter.DelegatingFilterProxy.doFilter(DelegatingFilterProxy.java:278)
	at org.springframework.test.web.servlet.setup.MockMvcFilterDecorator.doFilter(MockMvcFilterDecorator.java:162)
	at org.springframework.mock.web.MockFilterChain.doFilter(MockFilterChain.java:132)
	at org.springframework.web.filter.RequestContextFilter.doFilterInternal(RequestContextFilter.java:100)
	at org.springframework.web.filter.OncePerRequestFilter.doFilter(OncePerRequestFilter.java:116)
	at org.springframework.test.web.servlet.setup.MockMvcFilterDecorator.doFilter(MockMvcFilterDecorator.java:162)
	at org.springframework.mock.web.MockFilterChain.doFilter(MockFilterChain.java:132)
	at org.springframework.web.filter.FormContentFilter.doFilterInternal(FormContentFilter.java:93)
	at org.springframework.web.filter.OncePerRequestFilter.doFilter(OncePerRequestFilter.java:116)
	at org.springframework.test.web.servlet.setup.MockMvcFilterDecorator.doFilter(MockMvcFilterDecorator.java:162)
	at org.springframework.mock.web.MockFilterChain.doFilter(MockFilterChain.java:132)
	at org.springframework.web.filter.ServerHttpObservationFilter.doFilterInternal(ServerHttpObservationFilter.java:114)
	at org.springframework.web.filter.OncePerRequestFilter.doFilter(OncePerRequestFilter.java:116)
	at org.springframework.test.web.servlet.setup.MockMvcFilterDecorator.doFilter(MockMvcFilterDecorator.java:162)
	at org.springframework.mock.web.MockFilterChain.doFilter(MockFilterChain.java:132)
	at io.sentry.spring.jakarta.tracing.SentryTracingFilter.doFilterInternal(SentryTracingFilter.java:91)
	at org.springframework.web.filter.OncePerRequestFilter.doFilter(OncePerRequestFilter.java:116)
	at org.springframework.test.web.servlet.setup.MockMvcFilterDecorator.doFilter(MockMvcFilterDecorator.java:162)
	at org.springframework.mock.web.MockFilterChain.doFilter(MockFilterChain.java:132)
	at org.springframework.web.filter.CharacterEncodingFilter.doFilterInternal(CharacterEncodingFilter.java:201)
	at org.springframework.web.filter.OncePerRequestFilter.doFilter(OncePerRequestFilter.java:116)
	at org.springframework.test.web.servlet.setup.MockMvcFilterDecorator.doFilter(MockMvcFilterDecorator.java:162)
	at org.springframework.mock.web.MockFilterChain.doFilter(MockFilterChain.java:132)
	at io.sentry.spring.jakarta.SentrySpringFilter.doFilterInternal(SentrySpringFilter.java:76)
	at org.springframework.web.filter.OncePerRequestFilter.doFilter(OncePerRequestFilter.java:116)
	at org.springframework.test.web.servlet.setup.MockMvcFilterDecorator.doFilter(MockMvcFilterDecorator.java:162)
	at org.springframework.mock.web.MockFilterChain.doFilter(MockFilterChain.java:132)
	at org.springframework.test.web.servlet.MockMvc.perform(MockMvc.java:201)
	at de.tum.cit.aet.artemis.core.util.RequestUtilService.performMvcRequest(RequestUtilService.java:79)
	at de.tum.cit.aet.artemis.core.util.RequestUtilService.postWithoutLocation(RequestUtilService.java:213)
	at de.tum.cit.aet.artemis.core.util.RequestUtilService.postWithoutLocation(RequestUtilService.java:199)
	at de.tum.cit.aet.artemis.programming.ProgrammingSubmissionAndResultGitlabJenkinsIntegrationTest.postResult(ProgrammingSubmissionAndResultGitlabJenkinsIntegrationTest.java:413)
	at de.tum.cit.aet.artemis.programming.ProgrammingSubmissionAndResultGitlabJenkinsIntegrationTest.shouldSaveBuildLogsOnStudentParticipationWithoutSubmissionNorResult(ProgrammingSubmissionAndResultGitlabJenkinsIntegrationTest.java:338)
	at java.base/jdk.internal.reflect.DirectMethodHandleAccessor.invoke(DirectMethodHandleAccessor.java:103)
	at java.base/java.lang.reflect.Method.invoke(Method.java:580)
	at org.junit.platform.commons.util.ReflectionUtils.invokeMethod(ReflectionUtils.java:767)
	at org.junit.jupiter.engine.execution.MethodInvocation.proceed(MethodInvocation.java:60)
	at org.junit.jupiter.engine.execution.InvocationInterceptorChain$ValidatingInvocation.proceed(InvocationInterceptorChain.java:131)
	at org.junit.jupiter.engine.extension.TimeoutExtension.intercept(TimeoutExtension.java:156)
	at org.junit.jupiter.engine.extension.TimeoutExtension.interceptTestableMethod(TimeoutExtension.java:147)
	at org.junit.jupiter.engine.extension.TimeoutExtension.interceptTestTemplateMethod(TimeoutExtension.java:94)
	at org.junit.jupiter.engine.execution.InterceptingExecutableInvoker$ReflectiveInterceptorCall.lambda$ofVoidMethod$0(InterceptingExecutableInvoker.java:103)
	at org.junit.jupiter.engine.execution.InterceptingExecutableInvoker.lambda$invoke$0(InterceptingExecutableInvoker.java:93)
	at org.junit.jupiter.engine.execution.InvocationInterceptorChain$InterceptedInvocation.proceed(InvocationInterceptorChain.java:106)
	at org.junit.jupiter.engine.execution.InvocationInterceptorChain.proceed(InvocationInterceptorChain.java:64)
	at org.junit.jupiter.engine.execution.InvocationInterceptorChain.chainAndInvoke(InvocationInterceptorChain.java:45)
	at org.junit.jupiter.engine.execution.InvocationInterceptorChain.invoke(InvocationInterceptorChain.java:37)
	at org.junit.jupiter.engine.execution.InterceptingExecutableInvoker.invoke(InterceptingExecutableInvoker.java:92)
	at org.junit.jupiter.engine.execution.InterceptingExecutableInvoker.invoke(InterceptingExecutableInvoker.java:86)
	at org.junit.jupiter.engine.descriptor.TestMethodTestDescriptor.lambda$invokeTestMethod$8(TestMethodTestDescriptor.java:217)
	at org.junit.platform.engine.support.hierarchical.ThrowableCollector.execute(ThrowableCollector.java:73)
	at org.junit.jupiter.engine.descriptor.TestMethodTestDescriptor.invokeTestMethod(TestMethodTestDescriptor.java:213)
	at org.junit.jupiter.engine.descriptor.TestMethodTestDescriptor.execute(TestMethodTestDescriptor.java:138)
	at org.junit.jupiter.engine.descriptor.TestMethodTestDescriptor.execute(TestMethodTestDescriptor.java:68)
	at org.junit.platform.engine.support.hierarchical.NodeTestTask.lambda$executeRecursively$6(NodeTestTask.java:156)
	at org.junit.platform.engine.support.hierarchical.ThrowableCollector.execute(ThrowableCollector.java:73)
	at org.junit.platform.engine.support.hierarchical.NodeTestTask.lambda$executeRecursively$8(NodeTestTask.java:146)
	at org.junit.platform.engine.support.hierarchical.Node.around(Node.java:137)
	at org.junit.platform.engine.support.hierarchical.NodeTestTask.lambda$executeRecursively$9(NodeTestTask.java:144)
	at org.junit.platform.engine.support.hierarchical.ThrowableCollector.execute(ThrowableCollector.java:73)
	at org.junit.platform.engine.support.hierarchical.NodeTestTask.executeRecursively(NodeTestTask.java:143)
	at org.junit.platform.engine.support.hierarchical.NodeTestTask.execute(NodeTestTask.java:100)
	at org.junit.platform.engine.support.hierarchical.ForkJoinPoolHierarchicalTestExecutorService$ExclusiveTask.exec(ForkJoinPoolHierarchicalTestExecutorService.java:274)
	at org.junit.platform.engine.support.hierarchical.ForkJoinPoolHierarchicalTestExecutorService$ExclusiveTask.execSync(ForkJoinPoolHierarchicalTestExecutorService.java:247)
	at org.junit.platform.engine.support.hierarchical.ForkJoinPoolHierarchicalTestExecutorService.submit(ForkJoinPoolHierarchicalTestExecutorService.java:148)
	at org.junit.platform.engine.support.hierarchical.NodeTestTask$DefaultDynamicTestExecutor.execute(NodeTestTask.java:231)
	at org.junit.platform.engine.support.hierarchical.NodeTestTask$DefaultDynamicTestExecutor.execute(NodeTestTask.java:209)
	at org.junit.jupiter.engine.descriptor.TestTemplateTestDescriptor.execute(TestTemplateTestDescriptor.java:141)
	at org.junit.jupiter.engine.descriptor.TestTemplateTestDescriptor.lambda$execute$3(TestTemplateTestDescriptor.java:109)
	at java.base/java.util.stream.ForEachOps$ForEachOp$OfRef.accept(ForEachOps.java:184)
	at java.base/java.util.stream.ReferencePipeline$3$1.accept(ReferencePipeline.java:197)
	at java.base/java.util.stream.ReferencePipeline$2$1.accept(ReferencePipeline.java:179)
	at java.base/java.util.stream.ReferencePipeline$3$1.accept(ReferencePipeline.java:197)
	at java.base/java.util.stream.ForEachOps$ForEachOp$OfRef.accept(ForEachOps.java:184)
	at java.base/java.util.stream.ReferencePipeline$3$1.accept(ReferencePipeline.java:197)
	at java.base/java.util.stream.ForEachOps$ForEachOp$OfRef.accept(ForEachOps.java:184)
	at java.base/java.util.stream.ForEachOps$ForEachOp$OfRef.accept(ForEachOps.java:184)
	at java.base/java.util.stream.ReferencePipeline$3$1.accept(ReferencePipeline.java:197)
	at java.base/java.util.stream.ForEachOps$ForEachOp$OfRef.accept(ForEachOps.java:184)
	at java.base/java.util.Spliterators$ArraySpliterator.forEachRemaining(Spliterators.java:1024)
	at java.base/java.util.stream.ReferencePipeline$Head.forEach(ReferencePipeline.java:762)
	at java.base/java.util.stream.ReferencePipeline$7$1.accept(ReferencePipeline.java:276)
	at java.base/java.util.Iterator.forEachRemaining(Iterator.java:133)
	at java.base/java.util.Spliterators$IteratorSpliterator.forEachRemaining(Spliterators.java:1939)
	at java.base/java.util.stream.AbstractPipeline.copyInto(AbstractPipeline.java:509)
	at java.base/java.util.stream.AbstractPipeline.wrapAndCopyInto(AbstractPipeline.java:499)
	at java.base/java.util.stream.ForEachOps$ForEachOp.evaluateSequential(ForEachOps.java:151)
	at java.base/java.util.stream.ForEachOps$ForEachOp$OfRef.evaluateSequential(ForEachOps.java:174)
	at java.base/java.util.stream.AbstractPipeline.evaluate(AbstractPipeline.java:234)
	at java.base/java.util.stream.ReferencePipeline.forEach(ReferencePipeline.java:596)
	at java.base/java.util.stream.ReferencePipeline$7$1.accept(ReferencePipeline.java:276)
	at java.base/java.util.stream.ReferencePipeline$3$1.accept(ReferencePipeline.java:197)
	at java.base/java.util.stream.ReferencePipeline$3$1.accept(ReferencePipeline.java:197)
	at java.base/java.util.stream.ReferencePipeline$3$1.accept(ReferencePipeline.java:197)
	at java.base/java.util.Spliterators$ArraySpliterator.forEachRemaining(Spliterators.java:1024)
	at java.base/java.util.stream.AbstractPipeline.copyInto(AbstractPipeline.java:509)
	at java.base/java.util.stream.AbstractPipeline.wrapAndCopyInto(AbstractPipeline.java:499)
	at java.base/java.util.stream.ForEachOps$ForEachOp.evaluateSequential(ForEachOps.java:151)
	at java.base/java.util.stream.ForEachOps$ForEachOp$OfRef.evaluateSequential(ForEachOps.java:174)
	at java.base/java.util.stream.AbstractPipeline.evaluate(AbstractPipeline.java:234)
	at java.base/java.util.stream.ReferencePipeline.forEach(ReferencePipeline.java:596)
	at java.base/java.util.stream.ReferencePipeline$7$1.accept(ReferencePipeline.java:276)
	at java.base/java.util.ArrayList$ArrayListSpliterator.forEachRemaining(ArrayList.java:1708)
	at java.base/java.util.stream.AbstractPipeline.copyInto(AbstractPipeline.java:509)
	at java.base/java.util.stream.AbstractPipeline.wrapAndCopyInto(AbstractPipeline.java:499)
	at java.base/java.util.stream.ForEachOps$ForEachOp.evaluateSequential(ForEachOps.java:151)
	at java.base/java.util.stream.ForEachOps$ForEachOp$OfRef.evaluateSequential(ForEachOps.java:174)
	at java.base/java.util.stream.AbstractPipeline.evaluate(AbstractPipeline.java:234)
	at java.base/java.util.stream.ReferencePipeline.forEach(ReferencePipeline.java:596)
	at java.base/java.util.stream.ReferencePipeline$7$1.accept(ReferencePipeline.java:276)
	at java.base/java.util.stream.ReferencePipeline$3$1.accept(ReferencePipeline.java:197)
	at java.base/java.util.stream.ReferencePipeline$3$1.accept(ReferencePipeline.java:197)
	at java.base/java.util.stream.ReferencePipeline$3$1.accept(ReferencePipeline.java:197)
	at java.base/java.util.ArrayList$ArrayListSpliterator.forEachRemaining(ArrayList.java:1708)
	at java.base/java.util.stream.AbstractPipeline.copyInto(AbstractPipeline.java:509)
	at java.base/java.util.stream.AbstractPipeline.wrapAndCopyInto(AbstractPipeline.java:499)
	at java.base/java.util.stream.ForEachOps$ForEachOp.evaluateSequential(ForEachOps.java:151)
	at java.base/java.util.stream.ForEachOps$ForEachOp$OfRef.evaluateSequential(ForEachOps.java:174)
	at java.base/java.util.stream.AbstractPipeline.evaluate(AbstractPipeline.java:234)
	at java.base/java.util.stream.ReferencePipeline.forEach(ReferencePipeline.java:596)
	at java.base/java.util.stream.ReferencePipeline$7$1.accept(ReferencePipeline.java:276)
	at java.base/java.util.ArrayList$ArrayListSpliterator.forEachRemaining(ArrayList.java:1708)
	at java.base/java.util.stream.AbstractPipeline.copyInto(AbstractPipeline.java:509)
	at java.base/java.util.stream.AbstractPipeline.wrapAndCopyInto(AbstractPipeline.java:499)
	at java.base/java.util.stream.ForEachOps$ForEachOp.evaluateSequential(ForEachOps.java:151)
	at java.base/java.util.stream.ForEachOps$ForEachOp$OfRef.evaluateSequential(ForEachOps.java:174)
	at java.base/java.util.stream.AbstractPipeline.evaluate(AbstractPipeline.java:234)
	at java.base/java.util.stream.ReferencePipeline.forEach(ReferencePipeline.java:596)
	at org.junit.jupiter.engine.descriptor.TestTemplateTestDescriptor.execute(TestTemplateTestDescriptor.java:109)
	at org.junit.jupiter.engine.descriptor.TestTemplateTestDescriptor.execute(TestTemplateTestDescriptor.java:43)
	at org.junit.platform.engine.support.hierarchical.NodeTestTask.lambda$executeRecursively$6(NodeTestTask.java:156)
	at org.junit.platform.engine.support.hierarchical.ThrowableCollector.execute(ThrowableCollector.java:73)
	at org.junit.platform.engine.support.hierarchical.NodeTestTask.lambda$executeRecursively$8(NodeTestTask.java:146)
	at org.junit.platform.engine.support.hierarchical.Node.around(Node.java:137)
	at org.junit.platform.engine.support.hierarchical.NodeTestTask.lambda$executeRecursively$9(NodeTestTask.java:144)
	at org.junit.platform.engine.support.hierarchical.ThrowableCollector.execute(ThrowableCollector.java:73)
	at org.junit.platform.engine.support.hierarchical.NodeTestTask.executeRecursively(NodeTestTask.java:143)
	at org.junit.platform.engine.support.hierarchical.NodeTestTask.execute(NodeTestTask.java:100)
	at org.junit.platform.engine.support.hierarchical.ForkJoinPoolHierarchicalTestExecutorService$ExclusiveTask.exec(ForkJoinPoolHierarchicalTestExecutorService.java:274)
	at org.junit.platform.engine.support.hierarchical.ForkJoinPoolHierarchicalTestExecutorService$ExclusiveTask.execSync(ForkJoinPoolHierarchicalTestExecutorService.java:247)
	at org.junit.platform.engine.support.hierarchical.ForkJoinPoolHierarchicalTestExecutorService.executeSync(ForkJoinPoolHierarchicalTestExecutorService.java:194)
	at org.junit.platform.engine.support.hierarchical.ForkJoinPoolHierarchicalTestExecutorService.invokeAll(ForkJoinPoolHierarchicalTestExecutorService.java:166)
	at org.junit.platform.engine.support.hierarchical.NodeTestTask.lambda$executeRecursively$6(NodeTestTask.java:160)
	at org.junit.platform.engine.support.hierarchical.ThrowableCollector.execute(ThrowableCollector.java:73)
	at org.junit.platform.engine.support.hierarchical.NodeTestTask.lambda$executeRecursively$8(NodeTestTask.java:146)
	at org.junit.platform.engine.support.hierarchical.Node.around(Node.java:137)
	at org.junit.platform.engine.support.hierarchical.NodeTestTask.lambda$executeRecursively$9(NodeTestTask.java:144)
	at org.junit.platform.engine.support.hierarchical.ThrowableCollector.execute(ThrowableCollector.java:73)
	at org.junit.platform.engine.support.hierarchical.NodeTestTask.executeRecursively(NodeTestTask.java:143)
	at org.junit.platform.engine.support.hierarchical.NodeTestTask.execute(NodeTestTask.java:100)
	at org.junit.platform.engine.support.hierarchical.ForkJoinPoolHierarchicalTestExecutorService$ExclusiveTask.exec(ForkJoinPoolHierarchicalTestExecutorService.java:274)
	at java.base/java.util.concurrent.ForkJoinTask.doExec(ForkJoinTask.java:387)
	at java.base/java.util.concurrent.ForkJoinPool$WorkQueue.topLevelExec(ForkJoinPool.java:1312)
	at java.base/java.util.concurrent.ForkJoinPool.scan(ForkJoinPool.java:1843)
	at java.base/java.util.concurrent.ForkJoinPool.runWorker(ForkJoinPool.java:1808)
	at java.base/java.util.concurrent.ForkJoinWorkerThread.run(ForkJoinWorkerThread.java:188)
    23:48:53.155 | 463 ool-1-worker-227 | DEBUG | .c.s.m.InstanceMessageReceiveService : Received schedule participant score for exercise 3280 and participant 773 (result to be deleted: null)
    23:48:53.155 | 463 ool-1-worker-227 | DEBUG | .a.s.ParticipantScoreScheduleService : Scheduled task for exercise 3280 and participant 773 at 2025-02-14T23:48:53.255350783Z[Etc/UTC].
    23:48:53.156 | 463 ool-1-worker-227 | DEBUG | .a.a.p.s.ProgrammingMessagingService : Send result to client over websocket. Result: Result{id809, completionDate=2025-02-14T23:48:53.131141Z, successful=false, score=0.0, rated=true, assessmentType=AUTOMATIC, hasComplaint=null, testCaseCount=0, passedTestCaseCount=0, codeIssueCount=0}, Submission: ProgrammingSubmission{commitHash='9b3a9bd71a0d80e5bbc42204c319ed3d1d4f0d6d', buildFailed=true, buildArtifact=false, type=MANUAL}, Participation: ProgrammingExerciseStudentParticipation{id=4170, repositoryUri='https://version-control.fake.fake/git/SHORT646035A90F515047DE087030EEE4A258CF09TSTEXC/short646035a90f515047de087030eee4a258cf09tstexc-progsubresgitlabjenstudent1.git', buildPlanId='SHORT646035A90F515047DE087030EEE4A258CF09TSTEXC-PROGSUBRESGITLABJENSTUDENT1', initializationState='INITIALIZED', initializationDate='2025-02-14T23:48:53.129523Z', individualDueDate=null', presentationScore=null}
    23:48:53.158 | 463 ool-1-worker-227 | INFO  | d.t.c.a.a.a.w.o.PublicResultResource : The new result for SHORT646035A90F515047DE087030EEE4A258CF09TSTEXC-PROGSUBRESGITLABJENSTUDENT1 was saved successfully
    23:48:53.161 | 463 ool-1-worker-227 | DEBUG | d.t.c.a.a.c.s.f.ApiVersionFilter     : Adding Version to Request GET /api/repository/4170/buildlogs
    23:48:53.161 | 463 ool-1-worker-227 | DEBUG | rammingExerciseParticipationResource : REST request to get build log : 4170

  Starting logs for ProgrammingSubmissionAndResultGitlabJenkinsIntegrationTest > shouldExtractBuildLogAnalytics_sca()
    23:48:53.174 | 463 ool-1-worker-227 | DEBUG | d.t.c.a.a.c.u.util.UserUtilService   : Generate 3 students...
    23:48:53.178 | 463 ool-1-worker-227 | DEBUG | d.t.c.a.a.c.u.util.UserUtilService   : 3 students generated. Generate 2 tutors...
    23:48:53.181 | 463 ool-1-worker-227 | DEBUG | d.t.c.a.a.c.u.util.UserUtilService   : 2 tutors generated. Generate 0 editors...
    23:48:53.182 | 463 ool-1-worker-227 | DEBUG | d.t.c.a.a.c.u.util.UserUtilService   : 0 editors generated. Generate 2 instructors...
    23:48:53.185 | 463 ool-1-worker-227 | DEBUG | d.t.c.a.a.c.u.util.UserUtilService   : 2 instructors generated
    23:48:53.186 | 463 ool-1-worker-227 | DEBUG | d.t.c.a.a.c.u.util.UserUtilService   : Removing 7 users from all courses...
    23:48:53.187 | 463 ool-1-worker-227 | DEBUG | d.t.c.a.a.c.u.util.UserUtilService   : Removing 7 users from all courses. Done
    23:48:53.187 | 463 ool-1-worker-227 | DEBUG | d.t.c.a.a.c.u.util.UserUtilService   : Save 7 users to database...
    23:48:53.190 | 463 ool-1-worker-227 | DEBUG | d.t.c.a.a.c.u.util.UserUtilService   : Save 7 users to database. Done
    23:48:53.203 | 463 ool-1-worker-227 | DEBUG | PersonalAccessTokenManagementService : Generate secure vcs access token
    23:48:53.206 | 463 ool-1-worker-227 | DEBUG | PersonalAccessTokenManagementService : Generate secure vcs access token
    23:48:53.207 | 463 ool-1-worker-227 | INFO  | i.z.t.d.l.EmbeddedDatabaseReporter   : JDBC URL to connect to 'dataSource': url='jdbc:h2:tcp://localhost:41063/mem:736625c0-cf5e-400d-aeaa-8a7eabd6262b;USER=sa', scope='ProgrammingSubmissionAndResultGitlabJenkinsIntegrationTest#shouldExtractBuildLogAnalytics_sca'
    23:48:53.218 | 463 ool-1-worker-227 | DEBUG | PersonalAccessTokenManagementService : Generate secure vcs access token
    23:48:53.221 | 463 ool-1-worker-227 | DEBUG | d.t.c.a.a.c.s.f.ApiVersionFilter     : Adding Version to Request POST /api/public/programming-exercises/new-result
    23:48:53.222 | 463 ool-1-worker-227 | DEBUG | d.t.c.a.a.a.w.o.PublicResultResource : Received result notify (NEW)
    23:48:53.224 | 463 ool-1-worker-227 | INFO  | d.t.c.a.a.a.w.o.PublicResultResource : Artemis received a new result for build plan SHORTAC3AE0E7008FD04C6C0AB9E00C85B42AD54DTSTEXC-PROGSUBRESGITLABJENSTUDENT1
    23:48:53.225 | 463 ool-1-worker-227 | DEBUG | .s.ProgrammingExerciseGradingService : Received new build result (NEW) for participation 4177
    23:48:53.240 | 463 ool-1-worker-227 | DEBUG | .c.s.m.InstanceMessageReceiveService : Received schedule participant score for exercise 3282 and participant 773 (result to be deleted: null)
    23:48:53.240 | 463 ool-1-worker-227 | DEBUG | .a.s.ParticipantScoreScheduleService : Scheduled task for exercise 3282 and participant 773 at 2025-02-14T23:48:53.340396682Z[Etc/UTC].
    23:48:53.241 | 463 ool-1-worker-227 | DEBUG | .a.a.p.s.ProgrammingMessagingService : Send result to client over websocket. Result: Result{id810, completionDate=2025-02-14T23:48:53.219513Z, successful=false, score=0.0, rated=true, assessmentType=AUTOMATIC, hasComplaint=null, testCaseCount=0, passedTestCaseCount=0, codeIssueCount=0}, Submission: ProgrammingSubmission{commitHash='9b3a9bd71a0d80e5bbc42204c319ed3d1d4f0d6d', buildFailed=true, buildArtifact=false, type=MANUAL}, Participation: ProgrammingExerciseStudentParticipation{id=4177, repositoryUri='https://version-control.fake.fake/git/SHORTAC3AE0E7008FD04C6C0AB9E00C85B42AD54DTSTEXC/shortac3ae0e7008fd04c6c0ab9e00c85b42ad54dtstexc-progsubresgitlabjenstudent1.git', buildPlanId='SHORTAC3AE0E7008FD04C6C0AB9E00C85B42AD54DTSTEXC-PROGSUBRESGITLABJENSTUDENT1', initializationState='INITIALIZED', initializationDate='2025-02-14T23:48:53.217616Z', individualDueDate=null', presentationScore=null}
    23:48:53.243 | 463 ool-1-worker-227 | INFO  | d.t.c.a.a.a.w.o.PublicResultResource : The new result for SHORTAC3AE0E7008FD04C6C0AB9E00C85B42AD54DTSTEXC-PROGSUBRESGITLABJENSTUDENT1 was saved successfully

  Starting logs for ProgrammingSubmissionAndResultGitlabJenkinsIntegrationTest > shouldCreateGradleFeedback()
    23:48:53.254 | 463 ool-1-worker-227 | DEBUG | d.t.c.a.a.c.u.util.UserUtilService   : Generate 3 students...
    23:48:53.258 | 463 ool-1-worker-227 | DEBUG | d.t.c.a.a.c.u.util.UserUtilService   : 3 students generated. Generate 2 tutors...
    23:48:53.261 | 463 ool-1-worker-227 | DEBUG | d.t.c.a.a.c.u.util.UserUtilService   : 2 tutors generated. Generate 0 editors...
    23:48:53.262 | 463 ool-1-worker-227 | DEBUG | d.t.c.a.a.c.u.util.UserUtilService   : 0 editors generated. Generate 2 instructors...
    23:48:53.265 | 463 ool-1-worker-227 | DEBUG | d.t.c.a.a.c.u.util.UserUtilService   : 2 instructors generated
    23:48:53.266 | 463 ool-1-worker-227 | DEBUG | d.t.c.a.a.c.u.util.UserUtilService   : Removing 7 users from all courses...
    23:48:53.267 | 463 ool-1-worker-227 | DEBUG | d.t.c.a.a.c.u.util.UserUtilService   : Removing 7 users from all courses. Done
    23:48:53.267 | 463 ool-1-worker-227 | DEBUG | d.t.c.a.a.c.u.util.UserUtilService   : Save 7 users to database...
    23:48:53.270 | 463 ool-1-worker-227 | DEBUG | d.t.c.a.a.c.u.util.UserUtilService   : Save 7 users to database. Done
    23:48:53.284 | 463 ool-1-worker-227 | DEBUG | PersonalAccessTokenManagementService : Generate secure vcs access token
    23:48:53.286 | 463 ool-1-worker-227 | DEBUG | PersonalAccessTokenManagementService : Generate secure vcs access token
    23:48:53.288 | 463 ool-1-worker-227 | INFO  | i.z.t.d.l.EmbeddedDatabaseReporter   : JDBC URL to connect to 'dataSource': url='jdbc:h2:tcp://localhost:41063/mem:736625c0-cf5e-400d-aeaa-8a7eabd6262b;USER=sa', scope='ProgrammingSubmissionAndResultGitlabJenkinsIntegrationTest#shouldCreateGradleFeedback'
    23:48:53.299 | 463 ool-1-worker-227 | DEBUG | PersonalAccessTokenManagementService : Generate secure vcs access token
    23:48:53.303 | 463 ool-1-worker-227 | DEBUG | d.t.c.a.a.c.s.f.ApiVersionFilter     : Adding Version to Request POST /api/public/programming-exercises/new-result
    23:48:53.303 | 463 ool-1-worker-227 | DEBUG | d.t.c.a.a.a.w.o.PublicResultResource : Received result notify (NEW)
    23:48:53.305 | 463 ool-1-worker-227 | INFO  | d.t.c.a.a.a.w.o.PublicResultResource : Artemis received a new result for build plan SHORTBD128B0C016BA049C809CF60C3218B46F966TSTEXC-PROGSUBRESGITLABJENSTUDENT1
    23:48:53.307 | 463 ool-1-worker-227 | DEBUG | .s.ProgrammingExerciseGradingService : Received new build result (NEW) for participation 4184
    23:48:53.309 | 463 ool-1-worker-227 | WARN  | .s.ProgrammingExerciseGradingService : Could not find pending ProgrammingSubmission for Commit Hash 9b3a9bd71a0d80e5bbc42204c319ed3d1d4f0d6d (Participation 4184, Build Plan SHORTBD128B0C016BA049C809CF60C3218B46F966TSTEXC-PROGSUBRESGITLABJENSTUDENT1). Will create a new one subsequently...
    23:48:53.309 | 463 ool-1-worker-227 | ERROR | .s.ProgrammingExerciseGradingService : Could not retrieve push date for participation 4184 and build plan SHORTBD128B0C016BA049C809CF60C3218B46F966TSTEXC-PROGSUBRESGITLABJENSTUDENT1
de.tum.cit.aet.artemis.programming.service.gitlab.GitLabException: Could not find build queue date for participation 4184
	at de.tum.cit.aet.artemis.programming.service.gitlab.GitLabService.getPushDate(GitLabService.java:369)
	at de.tum.cit.aet.artemis.programming.service.gitlab.GitLabService.getPushDate(GitLabService.java:358)
	at de.tum.cit.aet.artemis.programming.service.ProgrammingExerciseGradingService.createAndSaveFallbackSubmission(ProgrammingExerciseGradingService.java:286)
	at de.tum.cit.aet.artemis.programming.service.ProgrammingExerciseGradingService.createAndSaveFallbackSubmission(ProgrammingExerciseGradingService.java:272)
	at de.tum.cit.aet.artemis.programming.service.ProgrammingExerciseGradingService.lambda$processNewProgrammingExerciseResult$0(ProgrammingExerciseGradingService.java:177)
	at java.base/java.util.Optional.orElseGet(Optional.java:364)
	at de.tum.cit.aet.artemis.programming.service.ProgrammingExerciseGradingService.processNewProgrammingExerciseResult(ProgrammingExerciseGradingService.java:177)
	at de.tum.cit.aet.artemis.programming.service.ProgrammingExerciseGradingService.processNewProgrammingExerciseResult(ProgrammingExerciseGradingService.java:156)
	at de.tum.cit.aet.artemis.assessment.web.open.PublicResultResource.processNewProgrammingExerciseResult(PublicResultResource.java:113)
	at java.base/jdk.internal.reflect.DirectMethodHandleAccessor.invoke(DirectMethodHandleAccessor.java:103)
	at java.base/java.lang.reflect.Method.invoke(Method.java:580)
	at org.springframework.aop.support.AopUtils.invokeJoinpointUsingReflection(AopUtils.java:359)
	at org.springframework.aop.framework.ReflectiveMethodInvocation.invokeJoinpoint(ReflectiveMethodInvocation.java:196)
	at org.springframework.aop.framework.ReflectiveMethodInvocation.proceed(ReflectiveMethodInvocation.java:163)
	at org.springframework.security.authorization.method.AuthorizationManagerBeforeMethodInterceptor.proceed(AuthorizationManagerBeforeMethodInterceptor.java:268)
	at org.springframework.security.authorization.method.AuthorizationManagerBeforeMethodInterceptor.attemptAuthorization(AuthorizationManagerBeforeMethodInterceptor.java:263)
	at org.springframework.security.authorization.method.AuthorizationManagerBeforeMethodInterceptor.invoke(AuthorizationManagerBeforeMethodInterceptor.java:196)
	at org.springframework.security.config.annotation.method.configuration.DeferringMethodInterceptor.invoke(DeferringMethodInterceptor.java:44)
	at org.springframework.aop.framework.ReflectiveMethodInvocation.proceed(ReflectiveMethodInvocation.java:184)
	at org.springframework.aop.framework.CglibAopProxy$DynamicAdvisedInterceptor.intercept(CglibAopProxy.java:727)
	at de.tum.cit.aet.artemis.assessment.web.open.PublicResultResource$$SpringCGLIB$$0.processNewProgrammingExerciseResult(<generated>)
	at java.base/jdk.internal.reflect.DirectMethodHandleAccessor.invoke(DirectMethodHandleAccessor.java:103)
	at java.base/java.lang.reflect.Method.invoke(Method.java:580)
	at org.springframework.web.method.support.InvocableHandlerMethod.doInvoke(InvocableHandlerMethod.java:257)
	at org.springframework.web.method.support.InvocableHandlerMethod.invokeForRequest(InvocableHandlerMethod.java:190)
	at org.springframework.web.servlet.mvc.method.annotation.ServletInvocableHandlerMethod.invokeAndHandle(ServletInvocableHandlerMethod.java:118)
	at org.springframework.web.servlet.mvc.method.annotation.RequestMappingHandlerAdapter.invokeHandlerMethod(RequestMappingHandlerAdapter.java:986)
	at org.springframework.web.servlet.mvc.method.annotation.RequestMappingHandlerAdapter.handleInternal(RequestMappingHandlerAdapter.java:891)
	at org.springframework.web.servlet.mvc.method.AbstractHandlerMethodAdapter.handle(AbstractHandlerMethodAdapter.java:87)
	at org.springframework.web.servlet.DispatcherServlet.doDispatch(DispatcherServlet.java:1088)
	at org.springframework.web.servlet.DispatcherServlet.doService(DispatcherServlet.java:978)
	at org.springframework.web.servlet.FrameworkServlet.processRequest(FrameworkServlet.java:1014)
	at org.springframework.web.servlet.FrameworkServlet.doPost(FrameworkServlet.java:914)
	at jakarta.servlet.http.HttpServlet.service(HttpServlet.java:547)
	at org.springframework.web.servlet.FrameworkServlet.service(FrameworkServlet.java:885)
	at org.springframework.test.web.servlet.TestDispatcherServlet.service(TestDispatcherServlet.java:72)
	at jakarta.servlet.http.HttpServlet.service(HttpServlet.java:614)
	at org.springframework.mock.web.MockFilterChain$ServletFilterProxy.doFilter(MockFilterChain.java:165)
	at org.springframework.mock.web.MockFilterChain.doFilter(MockFilterChain.java:132)
	at org.springframework.web.filter.OncePerRequestFilter.doFilter(OncePerRequestFilter.java:110)
	at org.springframework.test.web.servlet.setup.MockMvcFilterDecorator.doFilter(MockMvcFilterDecorator.java:162)
	at org.springframework.mock.web.MockFilterChain.doFilter(MockFilterChain.java:132)
	at de.tum.cit.aet.artemis.core.security.filter.ApiVersionFilter.doFilter(ApiVersionFilter.java:55)
	at org.springframework.test.web.servlet.setup.MockMvcFilterDecorator.doFilter(MockMvcFilterDecorator.java:162)
	at org.springframework.mock.web.MockFilterChain.doFilter(MockFilterChain.java:132)
	at io.sentry.spring.jakarta.SentryUserFilter.doFilterInternal(SentryUserFilter.java:56)
	at org.springframework.web.filter.OncePerRequestFilter.doFilter(OncePerRequestFilter.java:116)
	at org.springframework.test.web.servlet.setup.MockMvcFilterDecorator.doFilter(MockMvcFilterDecorator.java:162)
	at org.springframework.mock.web.MockFilterChain.doFilter(MockFilterChain.java:132)
	at org.springframework.web.filter.CompositeFilter$VirtualFilterChain.doFilter(CompositeFilter.java:108)
	at org.springframework.security.web.FilterChainProxy.lambda$doFilterInternal$3(FilterChainProxy.java:231)
	at org.springframework.security.web.ObservationFilterChainDecorator$FilterObservation$SimpleFilterObservation.lambda$wrap$1(ObservationFilterChainDecorator.java:479)
	at org.springframework.security.web.ObservationFilterChainDecorator$AroundFilterObservation$SimpleAroundFilterObservation.lambda$wrap$1(ObservationFilterChainDecorator.java:340)
	at org.springframework.security.web.ObservationFilterChainDecorator.lambda$wrapSecured$0(ObservationFilterChainDecorator.java:82)
	at org.springframework.security.web.ObservationFilterChainDecorator$VirtualFilterChain.doFilter(ObservationFilterChainDecorator.java:128)
	at org.springframework.security.web.access.intercept.AuthorizationFilter.doFilter(AuthorizationFilter.java:101)
	at org.springframework.security.web.ObservationFilterChainDecorator$ObservationFilter.wrapFilter(ObservationFilterChainDecorator.java:240)
	at org.springframework.security.web.ObservationFilterChainDecorator$ObservationFilter.doFilter(ObservationFilterChainDecorator.java:227)
	at org.springframework.security.web.ObservationFilterChainDecorator$VirtualFilterChain.doFilter(ObservationFilterChainDecorator.java:137)
	at org.springframework.security.web.access.ExceptionTranslationFilter.doFilter(ExceptionTranslationFilter.java:126)
	at org.springframework.security.web.access.ExceptionTranslationFilter.doFilter(ExceptionTranslationFilter.java:120)
	at org.springframework.security.web.ObservationFilterChainDecorator$ObservationFilter.wrapFilter(ObservationFilterChainDecorator.java:240)
	at org.springframework.security.web.ObservationFilterChainDecorator$ObservationFilter.doFilter(ObservationFilterChainDecorator.java:227)
	at org.springframework.security.web.ObservationFilterChainDecorator$VirtualFilterChain.doFilter(ObservationFilterChainDecorator.java:137)
	at org.springframework.security.web.session.SessionManagementFilter.doFilter(SessionManagementFilter.java:131)
	at org.springframework.security.web.session.SessionManagementFilter.doFilter(SessionManagementFilter.java:85)
	at org.springframework.security.web.ObservationFilterChainDecorator$ObservationFilter.wrapFilter(ObservationFilterChainDecorator.java:240)
	at org.springframework.security.web.ObservationFilterChainDecorator$ObservationFilter.doFilter(ObservationFilterChainDecorator.java:227)
	at org.springframework.security.web.ObservationFilterChainDecorator$VirtualFilterChain.doFilter(ObservationFilterChainDecorator.java:137)
	at org.springframework.security.web.authentication.AnonymousAuthenticationFilter.doFilter(AnonymousAuthenticationFilter.java:100)
	at org.springframework.security.web.ObservationFilterChainDecorator$ObservationFilter.wrapFilter(ObservationFilterChainDecorator.java:240)
	at org.springframework.security.web.ObservationFilterChainDecorator$ObservationFilter.doFilter(ObservationFilterChainDecorator.java:227)
	at org.springframework.security.web.ObservationFilterChainDecorator$VirtualFilterChain.doFilter(ObservationFilterChainDecorator.java:137)
	at org.springframework.security.web.servletapi.SecurityContextHolderAwareRequestFilter.doFilter(SecurityContextHolderAwareRequestFilter.java:179)
	at org.springframework.security.web.ObservationFilterChainDecorator$ObservationFilter.wrapFilter(ObservationFilterChainDecorator.java:240)
	at org.springframework.security.web.ObservationFilterChainDecorator$ObservationFilter.doFilter(ObservationFilterChainDecorator.java:227)
	at org.springframework.security.web.ObservationFilterChainDecorator$VirtualFilterChain.doFilter(ObservationFilterChainDecorator.java:137)
	at org.springframework.security.web.savedrequest.RequestCacheAwareFilter.doFilter(RequestCacheAwareFilter.java:63)
	at org.springframework.security.web.ObservationFilterChainDecorator$ObservationFilter.wrapFilter(ObservationFilterChainDecorator.java:240)
	at org.springframework.security.web.ObservationFilterChainDecorator$ObservationFilter.doFilter(ObservationFilterChainDecorator.java:227)
	at org.springframework.security.web.ObservationFilterChainDecorator$VirtualFilterChain.doFilter(ObservationFilterChainDecorator.java:137)
	at de.tum.cit.aet.artemis.core.security.filter.SpaWebFilter.doFilterInternal(SpaWebFilter.java:23)
	at org.springframework.web.filter.OncePerRequestFilter.doFilter(OncePerRequestFilter.java:116)
	at org.springframework.security.web.ObservationFilterChainDecorator$ObservationFilter.wrapFilter(ObservationFilterChainDecorator.java:240)
	at org.springframework.security.web.ObservationFilterChainDecorator$ObservationFilter.doFilter(ObservationFilterChainDecorator.java:227)
	at org.springframework.security.web.ObservationFilterChainDecorator$VirtualFilterChain.doFilter(ObservationFilterChainDecorator.java:137)
	at org.springframework.web.filter.OncePerRequestFilter.doFilter(OncePerRequestFilter.java:110)
	at org.springframework.security.web.ObservationFilterChainDecorator$ObservationFilter.wrapFilter(ObservationFilterChainDecorator.java:240)
	at org.springframework.security.web.ObservationFilterChainDecorator$ObservationFilter.doFilter(ObservationFilterChainDecorator.java:227)
	at org.springframework.security.web.ObservationFilterChainDecorator$VirtualFilterChain.doFilter(ObservationFilterChainDecorator.java:137)
	at de.tum.cit.aet.artemis.lti.config.Lti13LaunchFilter.doFilterInternal(Lti13LaunchFilter.java:60)
	at org.springframework.web.filter.OncePerRequestFilter.doFilter(OncePerRequestFilter.java:116)
	at org.springframework.security.web.ObservationFilterChainDecorator$ObservationFilter.wrapFilter(ObservationFilterChainDecorator.java:240)
	at org.springframework.security.web.ObservationFilterChainDecorator$ObservationFilter.doFilter(ObservationFilterChainDecorator.java:227)
	at org.springframework.security.web.ObservationFilterChainDecorator$VirtualFilterChain.doFilter(ObservationFilterChainDecorator.java:137)
	at de.tum.cit.aet.artemis.core.security.jwt.JWTFilter.doFilter(JWTFilter.java:55)
	at org.springframework.security.web.ObservationFilterChainDecorator$ObservationFilter.wrapFilter(ObservationFilterChainDecorator.java:240)
	at org.springframework.security.web.ObservationFilterChainDecorator$ObservationFilter.doFilter(ObservationFilterChainDecorator.java:227)
	at org.springframework.security.web.ObservationFilterChainDecorator$VirtualFilterChain.doFilter(ObservationFilterChainDecorator.java:137)
	at de.tum.cit.aet.artemis.core.security.jwt.JWTFilter.doFilter(JWTFilter.java:55)
	at org.springframework.security.web.ObservationFilterChainDecorator$ObservationFilter.wrapFilter(ObservationFilterChainDecorator.java:240)
	at org.springframework.security.web.ObservationFilterChainDecorator$ObservationFilter.doFilter(ObservationFilterChainDecorator.java:227)
	at org.springframework.security.web.ObservationFilterChainDecorator$VirtualFilterChain.doFilter(ObservationFilterChainDecorator.java:137)
	at org.springframework.web.filter.CorsFilter.doFilterInternal(CorsFilter.java:91)
	at org.springframework.web.filter.OncePerRequestFilter.doFilter(OncePerRequestFilter.java:116)
	at org.springframework.security.web.ObservationFilterChainDecorator$ObservationFilter.wrapFilter(ObservationFilterChainDecorator.java:240)
	at org.springframework.security.web.ObservationFilterChainDecorator$ObservationFilter.doFilter(ObservationFilterChainDecorator.java:227)
	at org.springframework.security.web.ObservationFilterChainDecorator$VirtualFilterChain.doFilter(ObservationFilterChainDecorator.java:137)
	at org.springframework.web.filter.OncePerRequestFilter.doFilter(OncePerRequestFilter.java:110)
	at org.springframework.security.web.ObservationFilterChainDecorator$ObservationFilter.wrapFilter(ObservationFilterChainDecorator.java:240)
	at org.springframework.security.web.ObservationFilterChainDecorator$ObservationFilter.doFilter(ObservationFilterChainDecorator.java:227)
	at org.springframework.security.web.ObservationFilterChainDecorator$VirtualFilterChain.doFilter(ObservationFilterChainDecorator.java:137)
	at uk.ac.ox.ctl.lti13.security.oauth2.client.lti.web.OAuth2AuthorizationRequestRedirectFilter.doFilterInternal(OAuth2AuthorizationRequestRedirectFilter.java:142)
	at org.springframework.web.filter.OncePerRequestFilter.doFilter(OncePerRequestFilter.java:116)
	at org.springframework.security.web.ObservationFilterChainDecorator$ObservationFilter.wrapFilter(ObservationFilterChainDecorator.java:240)
	at org.springframework.security.web.ObservationFilterChainDecorator$ObservationFilter.doFilter(ObservationFilterChainDecorator.java:227)
	at org.springframework.security.web.ObservationFilterChainDecorator$VirtualFilterChain.doFilter(ObservationFilterChainDecorator.java:137)
	at org.springframework.security.web.authentication.logout.LogoutFilter.doFilter(LogoutFilter.java:107)
	at org.springframework.security.web.authentication.logout.LogoutFilter.doFilter(LogoutFilter.java:93)
	at org.springframework.security.web.ObservationFilterChainDecorator$ObservationFilter.wrapFilter(ObservationFilterChainDecorator.java:240)
	at org.springframework.security.web.ObservationFilterChainDecorator$ObservationFilter.doFilter(ObservationFilterChainDecorator.java:227)
	at org.springframework.security.web.ObservationFilterChainDecorator$VirtualFilterChain.doFilter(ObservationFilterChainDecorator.java:137)
	at org.springframework.security.web.header.HeaderWriterFilter.doHeadersAfter(HeaderWriterFilter.java:90)
	at org.springframework.security.web.header.HeaderWriterFilter.doFilterInternal(HeaderWriterFilter.java:75)
	at org.springframework.web.filter.OncePerRequestFilter.doFilter(OncePerRequestFilter.java:116)
	at org.springframework.security.web.ObservationFilterChainDecorator$ObservationFilter.wrapFilter(ObservationFilterChainDecorator.java:240)
	at org.springframework.security.web.ObservationFilterChainDecorator$ObservationFilter.doFilter(ObservationFilterChainDecorator.java:227)
	at org.springframework.security.web.ObservationFilterChainDecorator$VirtualFilterChain.doFilter(ObservationFilterChainDecorator.java:137)
	at org.springframework.security.web.context.SecurityContextHolderFilter.doFilter(SecurityContextHolderFilter.java:82)
	at org.springframework.security.web.context.SecurityContextHolderFilter.doFilter(SecurityContextHolderFilter.java:69)
	at org.springframework.security.web.ObservationFilterChainDecorator$ObservationFilter.wrapFilter(ObservationFilterChainDecorator.java:240)
	at org.springframework.security.web.ObservationFilterChainDecorator$ObservationFilter.doFilter(ObservationFilterChainDecorator.java:227)
	at org.springframework.security.web.ObservationFilterChainDecorator$VirtualFilterChain.doFilter(ObservationFilterChainDecorator.java:137)
	at org.springframework.security.web.context.request.async.WebAsyncManagerIntegrationFilter.doFilterInternal(WebAsyncManagerIntegrationFilter.java:62)
	at org.springframework.web.filter.OncePerRequestFilter.doFilter(OncePerRequestFilter.java:116)
	at org.springframework.security.web.ObservationFilterChainDecorator$ObservationFilter.wrapFilter(ObservationFilterChainDecorator.java:240)
	at org.springframework.security.web.ObservationFilterChainDecorator$ObservationFilter.doFilter(ObservationFilterChainDecorator.java:227)
	at org.springframework.security.web.ObservationFilterChainDecorator$VirtualFilterChain.doFilter(ObservationFilterChainDecorator.java:137)
	at org.springframework.security.web.session.DisableEncodeUrlFilter.doFilterInternal(DisableEncodeUrlFilter.java:42)
	at org.springframework.web.filter.OncePerRequestFilter.doFilter(OncePerRequestFilter.java:116)
	at org.springframework.security.web.ObservationFilterChainDecorator$ObservationFilter.wrapFilter(ObservationFilterChainDecorator.java:240)
	at org.springframework.security.web.ObservationFilterChainDecorator$AroundFilterObservation$SimpleAroundFilterObservation.lambda$wrap$0(ObservationFilterChainDecorator.java:323)
	at org.springframework.security.web.ObservationFilterChainDecorator$ObservationFilter.doFilter(ObservationFilterChainDecorator.java:224)
	at org.springframework.security.web.ObservationFilterChainDecorator$VirtualFilterChain.doFilter(ObservationFilterChainDecorator.java:137)
	at org.springframework.security.web.FilterChainProxy.doFilterInternal(FilterChainProxy.java:233)
	at org.springframework.security.web.FilterChainProxy.doFilter(FilterChainProxy.java:191)
	at org.springframework.web.filter.CompositeFilter$VirtualFilterChain.doFilter(CompositeFilter.java:113)
	at org.springframework.web.servlet.handler.HandlerMappingIntrospector.lambda$createCacheFilter$3(HandlerMappingIntrospector.java:243)
	at org.springframework.web.filter.CompositeFilter$VirtualFilterChain.doFilter(CompositeFilter.java:113)
	at org.springframework.web.filter.CompositeFilter.doFilter(CompositeFilter.java:74)
	at org.springframework.security.config.annotation.web.configuration.WebMvcSecurityConfiguration$CompositeFilterChainProxy.doFilter(WebMvcSecurityConfiguration.java:238)
	at org.springframework.web.filter.DelegatingFilterProxy.invokeDelegate(DelegatingFilterProxy.java:362)
	at org.springframework.web.filter.DelegatingFilterProxy.doFilter(DelegatingFilterProxy.java:278)
	at org.springframework.test.web.servlet.setup.MockMvcFilterDecorator.doFilter(MockMvcFilterDecorator.java:162)
	at org.springframework.mock.web.MockFilterChain.doFilter(MockFilterChain.java:132)
	at org.springframework.web.filter.RequestContextFilter.doFilterInternal(RequestContextFilter.java:100)
	at org.springframework.web.filter.OncePerRequestFilter.doFilter(OncePerRequestFilter.java:116)
	at org.springframework.test.web.servlet.setup.MockMvcFilterDecorator.doFilter(MockMvcFilterDecorator.java:162)
	at org.springframework.mock.web.MockFilterChain.doFilter(MockFilterChain.java:132)
	at org.springframework.web.filter.FormContentFilter.doFilterInternal(FormContentFilter.java:93)
	at org.springframework.web.filter.OncePerRequestFilter.doFilter(OncePerRequestFilter.java:116)
	at org.springframework.test.web.servlet.setup.MockMvcFilterDecorator.doFilter(MockMvcFilterDecorator.java:162)
	at org.springframework.mock.web.MockFilterChain.doFilter(MockFilterChain.java:132)
	at org.springframework.web.filter.ServerHttpObservationFilter.doFilterInternal(ServerHttpObservationFilter.java:114)
	at org.springframework.web.filter.OncePerRequestFilter.doFilter(OncePerRequestFilter.java:116)
	at org.springframework.test.web.servlet.setup.MockMvcFilterDecorator.doFilter(MockMvcFilterDecorator.java:162)
	at org.springframework.mock.web.MockFilterChain.doFilter(MockFilterChain.java:132)
	at io.sentry.spring.jakarta.tracing.SentryTracingFilter.doFilterInternal(SentryTracingFilter.java:91)
	at org.springframework.web.filter.OncePerRequestFilter.doFilter(OncePerRequestFilter.java:116)
	at org.springframework.test.web.servlet.setup.MockMvcFilterDecorator.doFilter(MockMvcFilterDecorator.java:162)
	at org.springframework.mock.web.MockFilterChain.doFilter(MockFilterChain.java:132)
	at org.springframework.web.filter.CharacterEncodingFilter.doFilterInternal(CharacterEncodingFilter.java:201)
	at org.springframework.web.filter.OncePerRequestFilter.doFilter(OncePerRequestFilter.java:116)
	at org.springframework.test.web.servlet.setup.MockMvcFilterDecorator.doFilter(MockMvcFilterDecorator.java:162)
	at org.springframework.mock.web.MockFilterChain.doFilter(MockFilterChain.java:132)
	at io.sentry.spring.jakarta.SentrySpringFilter.doFilterInternal(SentrySpringFilter.java:76)
	at org.springframework.web.filter.OncePerRequestFilter.doFilter(OncePerRequestFilter.java:116)
	at org.springframework.test.web.servlet.setup.MockMvcFilterDecorator.doFilter(MockMvcFilterDecorator.java:162)
	at org.springframework.mock.web.MockFilterChain.doFilter(MockFilterChain.java:132)
	at org.springframework.test.web.servlet.MockMvc.perform(MockMvc.java:201)
	at de.tum.cit.aet.artemis.core.util.RequestUtilService.performMvcRequest(RequestUtilService.java:79)
	at de.tum.cit.aet.artemis.core.util.RequestUtilService.postWithoutLocation(RequestUtilService.java:213)
	at de.tum.cit.aet.artemis.core.util.RequestUtilService.postWithoutLocation(RequestUtilService.java:199)
	at de.tum.cit.aet.artemis.programming.ProgrammingSubmissionAndResultGitlabJenkinsIntegrationTest.postResult(ProgrammingSubmissionAndResultGitlabJenkinsIntegrationTest.java:413)
	at de.tum.cit.aet.artemis.programming.ProgrammingSubmissionAndResultGitlabJenkinsIntegrationTest.shouldCreateGradleFeedback(ProgrammingSubmissionAndResultGitlabJenkinsIntegrationTest.java:360)
	at java.base/jdk.internal.reflect.DirectMethodHandleAccessor.invoke(DirectMethodHandleAccessor.java:103)
	at java.base/java.lang.reflect.Method.invoke(Method.java:580)
	at org.junit.platform.commons.util.ReflectionUtils.invokeMethod(ReflectionUtils.java:767)
	at org.junit.jupiter.engine.execution.MethodInvocation.proceed(MethodInvocation.java:60)
	at org.junit.jupiter.engine.execution.InvocationInterceptorChain$ValidatingInvocation.proceed(InvocationInterceptorChain.java:131)
	at org.junit.jupiter.engine.extension.TimeoutExtension.intercept(TimeoutExtension.java:156)
	at org.junit.jupiter.engine.extension.TimeoutExtension.interceptTestableMethod(TimeoutExtension.java:147)
	at org.junit.jupiter.engine.extension.TimeoutExtension.interceptTestMethod(TimeoutExtension.java:86)
	at org.junit.jupiter.engine.execution.InterceptingExecutableInvoker$ReflectiveInterceptorCall.lambda$ofVoidMethod$0(InterceptingExecutableInvoker.java:103)
	at org.junit.jupiter.engine.execution.InterceptingExecutableInvoker.lambda$invoke$0(InterceptingExecutableInvoker.java:93)
	at org.junit.jupiter.engine.execution.InvocationInterceptorChain$InterceptedInvocation.proceed(InvocationInterceptorChain.java:106)
	at org.junit.jupiter.engine.execution.InvocationInterceptorChain.proceed(InvocationInterceptorChain.java:64)
	at org.junit.jupiter.engine.execution.InvocationInterceptorChain.chainAndInvoke(InvocationInterceptorChain.java:45)
	at org.junit.jupiter.engine.execution.InvocationInterceptorChain.invoke(InvocationInterceptorChain.java:37)
	at org.junit.jupiter.engine.execution.InterceptingExecutableInvoker.invoke(InterceptingExecutableInvoker.java:92)
	at org.junit.jupiter.engine.execution.InterceptingExecutableInvoker.invoke(InterceptingExecutableInvoker.java:86)
	at org.junit.jupiter.engine.descriptor.TestMethodTestDescriptor.lambda$invokeTestMethod$8(TestMethodTestDescriptor.java:217)
	at org.junit.platform.engine.support.hierarchical.ThrowableCollector.execute(ThrowableCollector.java:73)
	at org.junit.jupiter.engine.descriptor.TestMethodTestDescriptor.invokeTestMethod(TestMethodTestDescriptor.java:213)
	at org.junit.jupiter.engine.descriptor.TestMethodTestDescriptor.execute(TestMethodTestDescriptor.java:138)
	at org.junit.jupiter.engine.descriptor.TestMethodTestDescriptor.execute(TestMethodTestDescriptor.java:68)
	at org.junit.platform.engine.support.hierarchical.NodeTestTask.lambda$executeRecursively$6(NodeTestTask.java:156)
	at org.junit.platform.engine.support.hierarchical.ThrowableCollector.execute(ThrowableCollector.java:73)
	at org.junit.platform.engine.support.hierarchical.NodeTestTask.lambda$executeRecursively$8(NodeTestTask.java:146)
	at org.junit.platform.engine.support.hierarchical.Node.around(Node.java:137)
	at org.junit.platform.engine.support.hierarchical.NodeTestTask.lambda$executeRecursively$9(NodeTestTask.java:144)
	at org.junit.platform.engine.support.hierarchical.ThrowableCollector.execute(ThrowableCollector.java:73)
	at org.junit.platform.engine.support.hierarchical.NodeTestTask.executeRecursively(NodeTestTask.java:143)
	at org.junit.platform.engine.support.hierarchical.NodeTestTask.execute(NodeTestTask.java:100)
	at org.junit.platform.engine.support.hierarchical.ForkJoinPoolHierarchicalTestExecutorService$ExclusiveTask.exec(ForkJoinPoolHierarchicalTestExecutorService.java:274)
	at org.junit.platform.engine.support.hierarchical.ForkJoinPoolHierarchicalTestExecutorService$ExclusiveTask.execSync(ForkJoinPoolHierarchicalTestExecutorService.java:247)
	at org.junit.platform.engine.support.hierarchical.ForkJoinPoolHierarchicalTestExecutorService.executeSync(ForkJoinPoolHierarchicalTestExecutorService.java:194)
	at org.junit.platform.engine.support.hierarchical.ForkJoinPoolHierarchicalTestExecutorService.invokeAll(ForkJoinPoolHierarchicalTestExecutorService.java:166)
	at org.junit.platform.engine.support.hierarchical.NodeTestTask.lambda$executeRecursively$6(NodeTestTask.java:160)
	at org.junit.platform.engine.support.hierarchical.ThrowableCollector.execute(ThrowableCollector.java:73)
	at org.junit.platform.engine.support.hierarchical.NodeTestTask.lambda$executeRecursively$8(NodeTestTask.java:146)
	at org.junit.platform.engine.support.hierarchical.Node.around(Node.java:137)
	at org.junit.platform.engine.support.hierarchical.NodeTestTask.lambda$executeRecursively$9(NodeTestTask.java:144)
	at org.junit.platform.engine.support.hierarchical.ThrowableCollector.execute(ThrowableCollector.java:73)
	at org.junit.platform.engine.support.hierarchical.NodeTestTask.executeRecursively(NodeTestTask.java:143)
	at org.junit.platform.engine.support.hierarchical.NodeTestTask.execute(NodeTestTask.java:100)
	at org.junit.platform.engine.support.hierarchical.ForkJoinPoolHierarchicalTestExecutorService$ExclusiveTask.exec(ForkJoinPoolHierarchicalTestExecutorService.java:274)
	at java.base/java.util.concurrent.ForkJoinTask.doExec(ForkJoinTask.java:387)
	at java.base/java.util.concurrent.ForkJoinPool$WorkQueue.topLevelExec(ForkJoinPool.java:1312)
	at java.base/java.util.concurrent.ForkJoinPool.scan(ForkJoinPool.java:1843)
	at java.base/java.util.concurrent.ForkJoinPool.runWorker(ForkJoinPool.java:1808)
	at java.base/java.util.concurrent.ForkJoinWorkerThread.run(ForkJoinWorkerThread.java:188)
    23:48:53.326 | 463 ool-1-worker-227 | DEBUG | .c.s.m.InstanceMessageReceiveService : Received schedule participant score for exercise 3284 and participant 773 (result to be deleted: null)
    23:48:53.326 | 463 ool-1-worker-227 | DEBUG | .a.s.ParticipantScoreScheduleService : Scheduled task for exercise 3284 and participant 773 at 2025-02-14T23:48:53.426164017Z[Etc/UTC].
    23:48:53.326 | 463 ool-1-worker-227 | DEBUG | .a.a.p.s.ProgrammingMessagingService : Send result to client over websocket. Result: Result{id811, completionDate=2025-02-14T23:48:53.301136700Z, successful=false, score=0.0, rated=true, assessmentType=AUTOMATIC, hasComplaint=null, testCaseCount=1, passedTestCaseCount=0, codeIssueCount=0}, Submission: ProgrammingSubmission{commitHash='9b3a9bd71a0d80e5bbc42204c319ed3d1d4f0d6d', buildFailed=false, buildArtifact=false, type=MANUAL}, Participation: ProgrammingExerciseStudentParticipation{id=4184, repositoryUri='https://version-control.fake.fake/git/SHORTBD128B0C016BA049C809CF60C3218B46F966TSTEXC/shortbd128b0c016ba049c809cf60c3218b46f966tstexc-progsubresgitlabjenstudent1.git', buildPlanId='SHORTBD128B0C016BA049C809CF60C3218B46F966TSTEXC-PROGSUBRESGITLABJENSTUDENT1', initializationState='INITIALIZED', initializationDate='2025-02-14T23:48:53.299173Z', individualDueDate=null', presentationScore=null}
    23:48:53.328 | 463 ool-1-worker-227 | INFO  | d.t.c.a.a.a.w.o.PublicResultResource : The new result for SHORTBD128B0C016BA049C809CF60C3218B46F966TSTEXC-PROGSUBRESGITLABJENSTUDENT1 was saved successfully

  Starting logs for ProgrammingSubmissionAndResultGitlabJenkinsIntegrationTest > shouldReceiveBuildLogsOnNewStudentParticipationResult()
    23:48:53.340 | 463 ool-1-worker-227 | DEBUG | d.t.c.a.a.c.u.util.UserUtilService   : Generate 3 students...
    23:48:53.344 | 463 ool-1-worker-227 | DEBUG | d.t.c.a.a.c.u.util.UserUtilService   : 3 students generated. Generate 2 tutors...
    23:48:53.347 | 463 ool-1-worker-227 | DEBUG | d.t.c.a.a.c.u.util.UserUtilService   : 2 tutors generated. Generate 0 editors...
    23:48:53.349 | 463 ool-1-worker-227 | DEBUG | d.t.c.a.a.c.u.util.UserUtilService   : 0 editors generated. Generate 2 instructors...
    23:48:53.352 | 463 ool-1-worker-227 | DEBUG | d.t.c.a.a.c.u.util.UserUtilService   : 2 instructors generated
    23:48:53.353 | 463 ool-1-worker-227 | DEBUG | d.t.c.a.a.c.u.util.UserUtilService   : Removing 7 users from all courses...
    23:48:53.353 | 463 ool-1-worker-227 | DEBUG | d.t.c.a.a.c.u.util.UserUtilService   : Removing 7 users from all courses. Done
    23:48:53.353 | 463 ool-1-worker-227 | DEBUG | d.t.c.a.a.c.u.util.UserUtilService   : Save 7 users to database...
    23:48:53.356 | 463 ool-1-worker-227 | DEBUG | d.t.c.a.a.c.u.util.UserUtilService   : Save 7 users to database. Done
    23:48:53.370 | 463 ool-1-worker-227 | DEBUG | PersonalAccessTokenManagementService : Generate secure vcs access token
    23:48:53.372 | 463 ool-1-worker-227 | DEBUG | PersonalAccessTokenManagementService : Generate secure vcs access token
    23:48:53.374 | 463 ool-1-worker-227 | INFO  | i.z.t.d.l.EmbeddedDatabaseReporter   : JDBC URL to connect to 'dataSource': url='jdbc:h2:tcp://localhost:41063/mem:736625c0-cf5e-400d-aeaa-8a7eabd6262b;USER=sa', scope='ProgrammingSubmissionAndResultGitlabJenkinsIntegrationTest#shouldReceiveBuildLogsOnNewStudentParticipationResult'
    23:48:53.385 | 463 ool-1-worker-227 | DEBUG | PersonalAccessTokenManagementService : Generate secure vcs access token
    23:48:53.389 | 463 ool-1-worker-227 | DEBUG | d.t.c.a.a.c.s.f.ApiVersionFilter     : Adding Version to Request POST /api/public/programming-exercises/new-result
    23:48:53.389 | 463 ool-1-worker-227 | DEBUG | d.t.c.a.a.a.w.o.PublicResultResource : Received result notify (NEW)
    23:48:53.391 | 463 ool-1-worker-227 | INFO  | d.t.c.a.a.a.w.o.PublicResultResource : Artemis received a new result for build plan SHORT28B693C303221043C50B6540D89DC102A4D0TSTEXC-PROGSUBRESGITLABJENSTUDENT1
    23:48:53.392 | 463 ool-1-worker-227 | DEBUG | .s.ProgrammingExerciseGradingService : Received new build result (NEW) for participation 4191
    23:48:53.405 | 463 ool-1-worker-227 | DEBUG | .c.s.m.InstanceMessageReceiveService : Received schedule participant score for exercise 3286 and participant 773 (result to be deleted: null)
    23:48:53.405 | 463 ool-1-worker-227 | DEBUG | .a.s.ParticipantScoreScheduleService : Scheduled task for exercise 3286 and participant 773 at 2025-02-14T23:48:53.505732270Z[Etc/UTC].
    23:48:53.406 | 463 ool-1-worker-227 | DEBUG | .a.a.p.s.ProgrammingMessagingService : Send result to client over websocket. Result: Result{id812, completionDate=2025-02-14T23:48:53.387012500Z, successful=false, score=0.0, rated=true, assessmentType=AUTOMATIC, hasComplaint=null, testCaseCount=0, passedTestCaseCount=0, codeIssueCount=0}, Submission: ProgrammingSubmission{commitHash='9b3a9bd71a0d80e5bbc42204c319ed3d1d4f0d6d', buildFailed=true, buildArtifact=false, type=MANUAL}, Participation: ProgrammingExerciseStudentParticipation{id=4191, repositoryUri='https://version-control.fake.fake/git/SHORT28B693C303221043C50B6540D89DC102A4D0TSTEXC/short28b693c303221043c50b6540d89dc102a4d0tstexc-progsubresgitlabjenstudent1.git', buildPlanId='SHORT28B693C303221043C50B6540D89DC102A4D0TSTEXC-PROGSUBRESGITLABJENSTUDENT1', initializationState='INITIALIZED', initializationDate='2025-02-14T23:48:53.385098Z', individualDueDate=null', presentationScore=null}
    23:48:53.408 | 463 ool-1-worker-227 | INFO  | d.t.c.a.a.a.w.o.PublicResultResource : The new result for SHORT28B693C303221043C50B6540D89DC102A4D0TSTEXC-PROGSUBRESGITLABJENSTUDENT1 was saved successfully

  Starting logs for ProgrammingSubmissionAndResultGitlabJenkinsIntegrationTest > shouldExtractBuildLogAnalytics_noSca_gradle()
    23:48:53.418 | 463 ool-1-worker-227 | DEBUG | d.t.c.a.a.c.u.util.UserUtilService   : Generate 3 students...
    23:48:53.422 | 463 ool-1-worker-227 | DEBUG | d.t.c.a.a.c.u.util.UserUtilService   : 3 students generated. Generate 2 tutors...
    23:48:53.425 | 463 ool-1-worker-227 | DEBUG | d.t.c.a.a.c.u.util.UserUtilService   : 2 tutors generated. Generate 0 editors...
    23:48:53.426 | 463 ool-1-worker-227 | DEBUG | d.t.c.a.a.c.u.util.UserUtilService   : 0 editors generated. Generate 2 instructors...
    23:48:53.429 | 463 ool-1-worker-227 | DEBUG | d.t.c.a.a.c.u.util.UserUtilService   : 2 instructors generated
    23:48:53.430 | 463 ool-1-worker-227 | DEBUG | d.t.c.a.a.c.u.util.UserUtilService   : Removing 7 users from all courses...
    23:48:53.431 | 463 ool-1-worker-227 | DEBUG | d.t.c.a.a.c.u.util.UserUtilService   : Removing 7 users from all courses. Done
    23:48:53.431 | 463 ool-1-worker-227 | DEBUG | d.t.c.a.a.c.u.util.UserUtilService   : Save 7 users to database...
    23:48:53.434 | 463 ool-1-worker-227 | DEBUG | d.t.c.a.a.c.u.util.UserUtilService   : Save 7 users to database. Done
    23:48:53.447 | 463 ool-1-worker-227 | DEBUG | PersonalAccessTokenManagementService : Generate secure vcs access token
    23:48:53.450 | 463 ool-1-worker-227 | DEBUG | PersonalAccessTokenManagementService : Generate secure vcs access token
    23:48:53.451 | 463 ool-1-worker-227 | INFO  | i.z.t.d.l.EmbeddedDatabaseReporter   : JDBC URL to connect to 'dataSource': url='jdbc:h2:tcp://localhost:41063/mem:736625c0-cf5e-400d-aeaa-8a7eabd6262b;USER=sa', scope='ProgrammingSubmissionAndResultGitlabJenkinsIntegrationTest#shouldExtractBuildLogAnalytics_noSca_gradle'
    23:48:53.463 | 463 ool-1-worker-227 | DEBUG | PersonalAccessTokenManagementService : Generate secure vcs access token
    23:48:53.467 | 463 ool-1-worker-227 | DEBUG | d.t.c.a.a.c.s.f.ApiVersionFilter     : Adding Version to Request POST /api/public/programming-exercises/new-result
    23:48:53.467 | 463 ool-1-worker-227 | DEBUG | d.t.c.a.a.a.w.o.PublicResultResource : Received result notify (NEW)
    23:48:53.469 | 463 ool-1-worker-227 | INFO  | d.t.c.a.a.a.w.o.PublicResultResource : Artemis received a new result for build plan SHORTABAFCB7A0F3DB04A290AA1A049552C82D2ABTSTEXC-PROGSUBRESGITLABJENSTUDENT1
    23:48:53.470 | 463 ool-1-worker-227 | DEBUG | .s.ProgrammingExerciseGradingService : Received new build result (NEW) for participation 4198
    23:48:53.483 | 463 ool-1-worker-227 | DEBUG | .c.s.m.InstanceMessageReceiveService : Received schedule participant score for exercise 3288 and participant 773 (result to be deleted: null)
    23:48:53.483 | 463 ool-1-worker-227 | DEBUG | .a.s.ParticipantScoreScheduleService : Scheduled task for exercise 3288 and participant 773 at 2025-02-14T23:48:53.583297037Z[Etc/UTC].
    23:48:53.483 | 463 ool-1-worker-227 | DEBUG | .a.a.p.s.ProgrammingMessagingService : Send result to client over websocket. Result: Result{id813, completionDate=2025-02-14T23:48:53.464830Z, successful=false, score=0.0, rated=true, assessmentType=AUTOMATIC, hasComplaint=null, testCaseCount=0, passedTestCaseCount=0, codeIssueCount=0}, Submission: ProgrammingSubmission{commitHash='9b3a9bd71a0d80e5bbc42204c319ed3d1d4f0d6d', buildFailed=true, buildArtifact=false, type=MANUAL}, Participation: ProgrammingExerciseStudentParticipation{id=4198, repositoryUri='https://version-control.fake.fake/git/SHORTABAFCB7A0F3DB04A290AA1A049552C82D2ABTSTEXC/shortabafcb7a0f3db04a290aa1a049552c82d2abtstexc-progsubresgitlabjenstudent1.git', buildPlanId='SHORTABAFCB7A0F3DB04A290AA1A049552C82D2ABTSTEXC-PROGSUBRESGITLABJENSTUDENT1', initializationState='INITIALIZED', initializationDate='2025-02-14T23:48:53.462654Z', individualDueDate=null', presentationScore=null}
    23:48:53.485 | 463 ool-1-worker-227 | INFO  | d.t.c.a.a.a.w.o.PublicResultResource : The new result for SHORTABAFCB7A0F3DB04A290AA1A049552C82D2ABTSTEXC-PROGSUBRESGITLABJENSTUDENT1 was saved successfully

  Starting logs for ProgrammingSubmissionAndResultGitlabJenkinsIntegrationTest > shouldSetSubmissionDateForBuildCorrectlyIfOnlyOnePushIsReceived()
    23:48:53.496 | 463 ool-1-worker-227 | DEBUG | d.t.c.a.a.c.u.util.UserUtilService   : Generate 3 students...
    23:48:53.500 | 463 ool-1-worker-227 | DEBUG | d.t.c.a.a.c.u.util.UserUtilService   : 3 students generated. Generate 2 tutors...
    23:48:53.503 | 463 ool-1-worker-227 | DEBUG | d.t.c.a.a.c.u.util.UserUtilService   : 2 tutors generated. Generate 0 editors...
    23:48:53.504 | 463 ool-1-worker-227 | DEBUG | d.t.c.a.a.c.u.util.UserUtilService   : 0 editors generated. Generate 2 instructors...
    23:48:53.507 | 463 ool-1-worker-227 | DEBUG | d.t.c.a.a.c.u.util.UserUtilService   : 2 instructors generated
    23:48:53.508 | 463 ool-1-worker-227 | DEBUG | d.t.c.a.a.c.u.util.UserUtilService   : Removing 7 users from all courses...
    23:48:53.509 | 463 ool-1-worker-227 | DEBUG | d.t.c.a.a.c.u.util.UserUtilService   : Removing 7 users from all courses. Done
    23:48:53.509 | 463 ool-1-worker-227 | DEBUG | d.t.c.a.a.c.u.util.UserUtilService   : Save 7 users to database...
    23:48:53.512 | 463 ool-1-worker-227 | DEBUG | d.t.c.a.a.c.u.util.UserUtilService   : Save 7 users to database. Done
    23:48:53.525 | 463 ool-1-worker-227 | DEBUG | PersonalAccessTokenManagementService : Generate secure vcs access token
    23:48:53.527 | 463 ool-1-worker-227 | DEBUG | PersonalAccessTokenManagementService : Generate secure vcs access token
    23:48:53.529 | 463 ool-1-worker-227 | INFO  | i.z.t.d.l.EmbeddedDatabaseReporter   : JDBC URL to connect to 'dataSource': url='jdbc:h2:tcp://localhost:41063/mem:736625c0-cf5e-400d-aeaa-8a7eabd6262b;USER=sa', scope='ProgrammingSubmissionAndResultGitlabJenkinsIntegrationTest#shouldSetSubmissionDateForBuildCorrectlyIfOnlyOnePushIsReceived'
    23:48:53.540 | 463 ool-1-worker-227 | DEBUG | PersonalAccessTokenManagementService : Generate secure vcs access token
    23:48:53.543 | 463 ool-1-worker-227 | DEBUG | d.t.c.a.a.c.s.f.ApiVersionFilter     : Adding Version to Request POST /api/public/programming-submissions/4205
    23:48:53.543 | 463 ool-1-worker-227 | DEBUG | .PublicProgrammingSubmissionResource : REST request to inform about new commit+push for participation: 4205
    23:48:53.545 | 463 ool-1-worker-227 | INFO  | a.a.p.s.ProgrammingSubmissionService : NotifyPush invoked due to the commit 11028e4104243d8cbae9175f2bc938cb8c2d7924 by artemis_admin_backup artemis_admin_backup with artemis_admin_backup@localhost in branch main
    23:48:53.546 | 463 ool-1-worker-227 | INFO  | a.a.p.s.ProgrammingSubmissionService : Create new programmingSubmission with commitHash: 11028e4104243d8cbae9175f2bc938cb8c2d7924 for participation 4205
    23:48:53.550 | 463 ool-1-worker-227 | DEBUG | d.t.c.a.a.c.s.f.ApiVersionFilter     : Adding Version to Request POST /api/public/programming-exercises/new-result
    23:48:53.551 | 463 ool-1-worker-227 | DEBUG | d.t.c.a.a.a.w.o.PublicResultResource : Received result notify (NEW)
    23:48:53.552 | 463 ool-1-worker-227 | INFO  | d.t.c.a.a.a.w.o.PublicResultResource : Artemis received a new result for build plan SHORTD36948E104ECE049370B3B90F9B861EC8244TSTEXC-PROGSUBRESGITLABJENSTUDENT1
    23:48:53.553 | 463 ool-1-worker-227 | DEBUG | .s.ProgrammingExerciseGradingService : Received new build result (NEW) for participation 4205
    23:48:53.556 | 463 ool-1-worker-227 | WARN  | .s.ProgrammingExerciseGradingService : Could not find pending ProgrammingSubmission for Commit Hash bfee66eb53d2c29e94cebeb807752ed8843d4e9b (Participation 4205, Build Plan SHORTD36948E104ECE049370B3B90F9B861EC8244TSTEXC-PROGSUBRESGITLABJENSTUDENT1). Will create a new one subsequently...
    23:48:53.570 | 463 ool-1-worker-227 | DEBUG | .c.s.m.InstanceMessageReceiveService : Received schedule participant score for exercise 3290 and participant 773 (result to be deleted: null)
    23:48:53.570 | 463 ool-1-worker-227 | DEBUG | .a.s.ParticipantScoreScheduleService : Scheduled task for exercise 3290 and participant 773 at 2025-02-14T23:48:53.670948916Z[Etc/UTC].
    23:48:53.571 | 463 ool-1-worker-227 | DEBUG | .a.a.p.s.ProgrammingMessagingService : Send result to client over websocket. Result: Result{id814, completionDate=2025-02-14T23:48:53.548921800Z, successful=false, score=0.0, rated=true, assessmentType=AUTOMATIC, hasComplaint=null, testCaseCount=0, passedTestCaseCount=0, codeIssueCount=0}, Submission: ProgrammingSubmission{commitHash='bfee66eb53d2c29e94cebeb807752ed8843d4e9b', buildFailed=true, buildArtifact=false, type=MANUAL}, Participation: ProgrammingExerciseStudentParticipation{id=4205, repositoryUri='https://version-control.fake.fake/git/SHORTD36948E104ECE049370B3B90F9B861EC8244TSTEXC/shortd36948e104ece049370b3b90f9b861ec8244tstexc-progsubresgitlabjenstudent1.git', buildPlanId='SHORTD36948E104ECE049370B3B90F9B861EC8244TSTEXC-PROGSUBRESGITLABJENSTUDENT1', initializationState='INITIALIZED', initializationDate='2025-02-14T23:48:53.539746Z', individualDueDate=null', presentationScore=null}
    23:48:53.573 | 463 ool-1-worker-227 | INFO  | d.t.c.a.a.a.w.o.PublicResultResource : The new result for SHORTD36948E104ECE049370B3B90F9B861EC8244TSTEXC-PROGSUBRESGITLABJENSTUDENT1 was saved successfully
    23:48:53.576 | 463 ool-1-worker-227 | DEBUG | d.t.c.a.a.c.s.f.ApiVersionFilter     : Adding Version to Request POST /api/public/programming-exercises/new-result
    23:48:53.576 | 463 ool-1-worker-227 | DEBUG | d.t.c.a.a.a.w.o.PublicResultResource : Received result notify (NEW)
    23:48:53.577 | 463 ool-1-worker-227 | INFO  | d.t.c.a.a.a.w.o.PublicResultResource : Artemis received a new result for build plan SHORTD36948E104ECE049370B3B90F9B861EC8244TSTEXC-PROGSUBRESGITLABJENSTUDENT1
    23:48:53.579 | 463 ool-1-worker-227 | DEBUG | .s.ProgrammingExerciseGradingService : Received new build result (NEW) for participation 4205
    23:48:53.590 | 463 ool-1-worker-227 | DEBUG | .c.s.m.InstanceMessageReceiveService : Received schedule participant score for exercise 3290 and participant 773 (result to be deleted: null)
    23:48:53.590 | 463 ool-1-worker-227 | DEBUG | .a.s.ParticipantScoreScheduleService : Scheduled task for exercise 3290 and participant 773 at 2025-02-14T23:48:53.690800289Z[Etc/UTC].
    23:48:53.591 | 463 ool-1-worker-227 | DEBUG | .a.a.p.s.ProgrammingMessagingService : Send result to client over websocket. Result: Result{id815, completionDate=2025-02-14T23:48:53.573919500Z, successful=false, score=0.0, rated=true, assessmentType=AUTOMATIC, hasComplaint=null, testCaseCount=0, passedTestCaseCount=0, codeIssueCount=0}, Submission: ProgrammingSubmission{commitHash='11028e4104243d8cbae9175f2bc938cb8c2d7924', buildFailed=true, buildArtifact=false, type=MANUAL}, Participation: ProgrammingExerciseStudentParticipation{id=4205, repositoryUri='https://version-control.fake.fake/git/SHORTD36948E104ECE049370B3B90F9B861EC8244TSTEXC/shortd36948e104ece049370b3b90f9b861ec8244tstexc-progsubresgitlabjenstudent1.git', buildPlanId='SHORTD36948E104ECE049370B3B90F9B861EC8244TSTEXC-PROGSUBRESGITLABJENSTUDENT1', initializationState='INITIALIZED', initializationDate='2025-02-14T23:48:53.539746Z', individualDueDate=null', presentationScore=null}
    23:48:53.593 | 463 ool-1-worker-227 | INFO  | d.t.c.a.a.a.w.o.PublicResultResource : The new result for SHORTD36948E104ECE049370B3B90F9B861EC8244TSTEXC-PROGSUBRESGITLABJENSTUDENT1 was saved successfully

  Starting logs for ProgrammingSubmissionAndResultGitlabJenkinsIntegrationTest > shouldSaveBuildLogsOnStudentParticipationWithoutResult(ProgrammingLanguage, boolean, boolean) [1] programmingLanguage=MATLAB, enableStaticCodeAnalysis=true, buildFailed=true
    23:48:53.604 | 463 ool-1-worker-227 | DEBUG | d.t.c.a.a.c.u.util.UserUtilService   : Generate 3 students...
    23:48:53.609 | 463 ool-1-worker-227 | DEBUG | d.t.c.a.a.c.u.util.UserUtilService   : 3 students generated. Generate 2 tutors...
    23:48:53.612 | 463 ool-1-worker-227 | DEBUG | d.t.c.a.a.c.u.util.UserUtilService   : 2 tutors generated. Generate 0 editors...
    23:48:53.613 | 463 ool-1-worker-227 | DEBUG | d.t.c.a.a.c.u.util.UserUtilService   : 0 editors generated. Generate 2 instructors...
    23:48:53.616 | 463 ool-1-worker-227 | DEBUG | d.t.c.a.a.c.u.util.UserUtilService   : 2 instructors generated
    23:48:53.617 | 463 ool-1-worker-227 | DEBUG | d.t.c.a.a.c.u.util.UserUtilService   : Removing 7 users from all courses...
    23:48:53.618 | 463 ool-1-worker-227 | DEBUG | d.t.c.a.a.c.u.util.UserUtilService   : Removing 7 users from all courses. Done
    23:48:53.618 | 463 ool-1-worker-227 | DEBUG | d.t.c.a.a.c.u.util.UserUtilService   : Save 7 users to database...
    23:48:53.621 | 463 ool-1-worker-227 | DEBUG | d.t.c.a.a.c.u.util.UserUtilService   : Save 7 users to database. Done
    23:48:53.634 | 463 ool-1-worker-227 | DEBUG | PersonalAccessTokenManagementService : Generate secure vcs access token
    23:48:53.637 | 463 ool-1-worker-227 | DEBUG | PersonalAccessTokenManagementService : Generate secure vcs access token
    23:48:53.639 | 463 ool-1-worker-227 | INFO  | i.z.t.d.l.EmbeddedDatabaseReporter   : JDBC URL to connect to 'dataSource': url='jdbc:h2:tcp://localhost:41063/mem:736625c0-cf5e-400d-aeaa-8a7eabd6262b;USER=sa', scope='ProgrammingSubmissionAndResultGitlabJenkinsIntegrationTest#shouldSaveBuildLogsOnStudentParticipationWithoutResult'
    23:48:53.650 | 463 ool-1-worker-227 | DEBUG | PersonalAccessTokenManagementService : Generate secure vcs access token
    23:48:53.653 | 463 ool-1-worker-227 | DEBUG | d.t.c.a.a.c.s.f.ApiVersionFilter     : Adding Version to Request POST /api/public/programming-exercises/new-result
    23:48:53.654 | 463 ool-1-worker-227 | DEBUG | d.t.c.a.a.a.w.o.PublicResultResource : Received result notify (NEW)
    23:48:53.656 | 463 ool-1-worker-227 | INFO  | d.t.c.a.a.a.w.o.PublicResultResource : Artemis received a new result for build plan SHORT66AFBA0C0B48504C8A093FC02A14B1364CA0TSTEXC-PROGSUBRESGITLABJENSTUDENT1
    23:48:53.657 | 463 ool-1-worker-227 | DEBUG | .s.ProgrammingExerciseGradingService : Received new build result (NEW) for participation 4212
    23:48:53.670 | 463 ool-1-worker-227 | DEBUG | .c.s.m.InstanceMessageReceiveService : Received schedule participant score for exercise 3292 and participant 773 (result to be deleted: null)
    23:48:53.670 | 463 ool-1-worker-227 | DEBUG | .a.s.ParticipantScoreScheduleService : Scheduled task for exercise 3292 and participant 773 at 2025-02-14T23:48:53.770752789Z[Etc/UTC].
    23:48:53.671 | 463 ool-1-worker-227 | DEBUG | .a.a.p.s.ProgrammingMessagingService : Send result to client over websocket. Result: Result{id816, completionDate=2025-02-14T23:48:53.651615400Z, successful=false, score=0.0, rated=true, assessmentType=AUTOMATIC, hasComplaint=null, testCaseCount=0, passedTestCaseCount=0, codeIssueCount=0}, Submission: ProgrammingSubmission{commitHash='9b3a9bd71a0d80e5bbc42204c319ed3d1d4f0d6d', buildFailed=true, buildArtifact=false, type=MANUAL}, Participation: ProgrammingExerciseStudentParticipation{id=4212, repositoryUri='https://version-control.fake.fake/git/SHORT66AFBA0C0B48504C8A093FC02A14B1364CA0TSTEXC/short66afba0c0b48504c8a093fc02a14b1364ca0tstexc-progsubresgitlabjenstudent1.git', buildPlanId='SHORT66AFBA0C0B48504C8A093FC02A14B1364CA0TSTEXC-PROGSUBRESGITLABJENSTUDENT1', initializationState='INITIALIZED', initializationDate='2025-02-14T23:48:53.649716Z', individualDueDate=null', presentationScore=null}
    23:48:53.673 | 463 ool-1-worker-227 | INFO  | d.t.c.a.a.a.w.o.PublicResultResource : The new result for SHORT66AFBA0C0B48504C8A093FC02A14B1364CA0TSTEXC-PROGSUBRESGITLABJENSTUDENT1 was saved successfully
    23:48:53.676 | 463 ool-1-worker-227 | DEBUG | d.t.c.a.a.c.s.f.ApiVersionFilter     : Adding Version to Request GET /api/repository/4212/buildlogs
    23:48:53.676 | 463 ool-1-worker-227 | DEBUG | rammingExerciseParticipationResource : REST request to get build log : 4212
    23:48:53.681 | 463 ool-1-worker-227 | DEBUG | d.t.c.a.a.c.s.f.ApiVersionFilter     : Adding Version to Request POST /api/public/programming-exercises/new-result
    23:48:53.681 | 463 ool-1-worker-227 | DEBUG | d.t.c.a.a.a.w.o.PublicResultResource : Received result notify (NEW)
    23:48:53.683 | 463 ool-1-worker-227 | INFO  | d.t.c.a.a.a.w.o.PublicResultResource : Artemis received a new result for build plan SHORT66AFBA0C0B48504C8A093FC02A14B1364CA0TSTEXC-PROGSUBRESGITLABJENSTUDENT1
    23:48:53.684 | 463 ool-1-worker-227 | DEBUG | .s.ProgrammingExerciseGradingService : Received new build result (NEW) for participation 4212
    23:48:53.702 | 463 ool-1-worker-227 | DEBUG | .c.s.m.InstanceMessageReceiveService : Received schedule participant score for exercise 3292 and participant 773 (result to be deleted: null)
    23:48:53.702 | 463 ool-1-worker-227 | DEBUG | .a.s.ParticipantScoreScheduleService : Scheduled task for exercise 3292 and participant 773 at 2025-02-14T23:48:53.802161055Z[Etc/UTC].
    23:48:53.703 | 463 ool-1-worker-227 | DEBUG | .a.a.p.s.ProgrammingMessagingService : Send result to client over websocket. Result: Result{id817, completionDate=2025-02-14T23:48:53.651615400Z, successful=false, score=0.0, rated=true, assessmentType=AUTOMATIC, hasComplaint=null, testCaseCount=0, passedTestCaseCount=0, codeIssueCount=0}, Submission: ProgrammingSubmission{commitHash='9b3a9bd71a0d80e5bbc42204c319ed3d1d4f0d6d', buildFailed=true, buildArtifact=false, type=MANUAL}, Participation: ProgrammingExerciseStudentParticipation{id=4212, repositoryUri='https://version-control.fake.fake/git/SHORT66AFBA0C0B48504C8A093FC02A14B1364CA0TSTEXC/short66afba0c0b48504c8a093fc02a14b1364ca0tstexc-progsubresgitlabjenstudent1.git', buildPlanId='SHORT66AFBA0C0B48504C8A093FC02A14B1364CA0TSTEXC-PROGSUBRESGITLABJENSTUDENT1', initializationState='INITIALIZED', initializationDate='2025-02-14T23:48:53.649716Z', individualDueDate=null', presentationScore=null}
    23:48:53.705 | 463 ool-1-worker-227 | INFO  | d.t.c.a.a.a.w.o.PublicResultResource : The new result for SHORT66AFBA0C0B48504C8A093FC02A14B1364CA0TSTEXC-PROGSUBRESGITLABJENSTUDENT1 was saved successfully

  Starting logs for ProgrammingSubmissionAndResultGitlabJenkinsIntegrationTest > shouldSaveBuildLogsOnStudentParticipationWithoutResult(ProgrammingLanguage, boolean, boolean) [2] programmingLanguage=MATLAB, enableStaticCodeAnalysis=false, buildFailed=true
    23:48:53.715 | 463 ool-1-worker-227 | DEBUG | d.t.c.a.a.c.u.util.UserUtilService   : Generate 3 students...
    23:48:53.719 | 463 ool-1-worker-227 | DEBUG | d.t.c.a.a.c.u.util.UserUtilService   : 3 students generated. Generate 2 tutors...
    23:48:53.722 | 463 ool-1-worker-227 | DEBUG | d.t.c.a.a.c.u.util.UserUtilService   : 2 tutors generated. Generate 0 editors...
    23:48:53.723 | 463 ool-1-worker-227 | DEBUG | d.t.c.a.a.c.u.util.UserUtilService   : 0 editors generated. Generate 2 instructors...
    23:48:53.726 | 463 ool-1-worker-227 | DEBUG | d.t.c.a.a.c.u.util.UserUtilService   : 2 instructors generated
    23:48:53.727 | 463 ool-1-worker-227 | DEBUG | d.t.c.a.a.c.u.util.UserUtilService   : Removing 7 users from all courses...
    23:48:53.728 | 463 ool-1-worker-227 | DEBUG | d.t.c.a.a.c.u.util.UserUtilService   : Removing 7 users from all courses. Done
    23:48:53.728 | 463 ool-1-worker-227 | DEBUG | d.t.c.a.a.c.u.util.UserUtilService   : Save 7 users to database...
    23:48:53.731 | 463 ool-1-worker-227 | DEBUG | d.t.c.a.a.c.u.util.UserUtilService   : Save 7 users to database. Done
    23:48:53.745 | 463 ool-1-worker-227 | DEBUG | PersonalAccessTokenManagementService : Generate secure vcs access token
    23:48:53.747 | 463 ool-1-worker-227 | DEBUG | PersonalAccessTokenManagementService : Generate secure vcs access token
    23:48:53.749 | 463 ool-1-worker-227 | INFO  | i.z.t.d.l.EmbeddedDatabaseReporter   : JDBC URL to connect to 'dataSource': url='jdbc:h2:tcp://localhost:41063/mem:736625c0-cf5e-400d-aeaa-8a7eabd6262b;USER=sa', scope='ProgrammingSubmissionAndResultGitlabJenkinsIntegrationTest#shouldSaveBuildLogsOnStudentParticipationWithoutResult'
    23:48:53.761 | 463 ool-1-worker-227 | DEBUG | PersonalAccessTokenManagementService : Generate secure vcs access token
    23:48:53.764 | 463 ool-1-worker-227 | DEBUG | d.t.c.a.a.c.s.f.ApiVersionFilter     : Adding Version to Request POST /api/public/programming-exercises/new-result
    23:48:53.764 | 463 ool-1-worker-227 | DEBUG | d.t.c.a.a.a.w.o.PublicResultResource : Received result notify (NEW)
    23:48:53.766 | 463 ool-1-worker-227 | INFO  | d.t.c.a.a.a.w.o.PublicResultResource : Artemis received a new result for build plan SHORTBBFC947506EC6045F4098330CBD141713AFDTSTEXC-PROGSUBRESGITLABJENSTUDENT1
    23:48:53.767 | 463 ool-1-worker-227 | DEBUG | .s.ProgrammingExerciseGradingService : Received new build result (NEW) for participation 4219
    23:48:53.780 | 463 ool-1-worker-227 | DEBUG | .c.s.m.InstanceMessageReceiveService : Received schedule participant score for exercise 3294 and participant 773 (result to be deleted: null)
    23:48:53.780 | 463 ool-1-worker-227 | DEBUG | .a.s.ParticipantScoreScheduleService : Scheduled task for exercise 3294 and participant 773 at 2025-02-14T23:48:53.880898238Z[Etc/UTC].
    23:48:53.781 | 463 ool-1-worker-227 | DEBUG | .a.a.p.s.ProgrammingMessagingService : Send result to client over websocket. Result: Result{id818, completionDate=2025-02-14T23:48:53.762186800Z, successful=false, score=0.0, rated=true, assessmentType=AUTOMATIC, hasComplaint=null, testCaseCount=0, passedTestCaseCount=0, codeIssueCount=0}, Submission: ProgrammingSubmission{commitHash='9b3a9bd71a0d80e5bbc42204c319ed3d1d4f0d6d', buildFailed=true, buildArtifact=false, type=MANUAL}, Participation: ProgrammingExerciseStudentParticipation{id=4219, repositoryUri='https://version-control.fake.fake/git/SHORTBBFC947506EC6045F4098330CBD141713AFDTSTEXC/shortbbfc947506ec6045f4098330cbd141713afdtstexc-progsubresgitlabjenstudent1.git', buildPlanId='SHORTBBFC947506EC6045F4098330CBD141713AFDTSTEXC-PROGSUBRESGITLABJENSTUDENT1', initializationState='INITIALIZED', initializationDate='2025-02-14T23:48:53.760273Z', individualDueDate=null', presentationScore=null}
    23:48:53.783 | 463 ool-1-worker-227 | INFO  | d.t.c.a.a.a.w.o.PublicResultResource : The new result for SHORTBBFC947506EC6045F4098330CBD141713AFDTSTEXC-PROGSUBRESGITLABJENSTUDENT1 was saved successfully
    23:48:53.786 | 463 ool-1-worker-227 | DEBUG | d.t.c.a.a.c.s.f.ApiVersionFilter     : Adding Version to Request GET /api/repository/4219/buildlogs
    23:48:53.786 | 463 ool-1-worker-227 | DEBUG | rammingExerciseParticipationResource : REST request to get build log : 4219
    23:48:53.791 | 463 ool-1-worker-227 | DEBUG | d.t.c.a.a.c.s.f.ApiVersionFilter     : Adding Version to Request POST /api/public/programming-exercises/new-result
    23:48:53.791 | 463 ool-1-worker-227 | DEBUG | d.t.c.a.a.a.w.o.PublicResultResource : Received result notify (NEW)
    23:48:53.792 | 463 ool-1-worker-227 | INFO  | d.t.c.a.a.a.w.o.PublicResultResource : Artemis received a new result for build plan SHORTBBFC947506EC6045F4098330CBD141713AFDTSTEXC-PROGSUBRESGITLABJENSTUDENT1
    23:48:53.794 | 463 ool-1-worker-227 | DEBUG | .s.ProgrammingExerciseGradingService : Received new build result (NEW) for participation 4219
    23:48:53.811 | 463 ool-1-worker-227 | DEBUG | .c.s.m.InstanceMessageReceiveService : Received schedule participant score for exercise 3294 and participant 773 (result to be deleted: null)
    23:48:53.811 | 463 ool-1-worker-227 | DEBUG | .a.s.ParticipantScoreScheduleService : Scheduled task for exercise 3294 and participant 773 at 2025-02-14T23:48:53.911785643Z[Etc/UTC].
    23:48:53.812 | 463 ool-1-worker-227 | DEBUG | .a.a.p.s.ProgrammingMessagingService : Send result to client over websocket. Result: Result{id819, completionDate=2025-02-14T23:48:53.762186800Z, successful=false, score=0.0, rated=true, assessmentType=AUTOMATIC, hasComplaint=null, testCaseCount=0, passedTestCaseCount=0, codeIssueCount=0}, Submission: ProgrammingSubmission{commitHash='9b3a9bd71a0d80e5bbc42204c319ed3d1d4f0d6d', buildFailed=true, buildArtifact=false, type=MANUAL}, Participation: ProgrammingExerciseStudentParticipation{id=4219, repositoryUri='https://version-control.fake.fake/git/SHORTBBFC947506EC6045F4098330CBD141713AFDTSTEXC/shortbbfc947506ec6045f4098330cbd141713afdtstexc-progsubresgitlabjenstudent1.git', buildPlanId='SHORTBBFC947506EC6045F4098330CBD141713AFDTSTEXC-PROGSUBRESGITLABJENSTUDENT1', initializationState='INITIALIZED', initializationDate='2025-02-14T23:48:53.760273Z', individualDueDate=null', presentationScore=null}
    23:48:53.814 | 463 ool-1-worker-227 | INFO  | d.t.c.a.a.a.w.o.PublicResultResource : The new result for SHORTBBFC947506EC6045F4098330CBD141713AFDTSTEXC-PROGSUBRESGITLABJENSTUDENT1 was saved successfully

  Starting logs for ProgrammingSubmissionAndResultGitlabJenkinsIntegrationTest > shouldSaveBuildLogsOnStudentParticipationWithoutResult(ProgrammingLanguage, boolean, boolean) [3] programmingLanguage=MATLAB, enableStaticCodeAnalysis=true, buildFailed=false
    23:48:53.825 | 463 ool-1-worker-227 | DEBUG | d.t.c.a.a.c.u.util.UserUtilService   : Generate 3 students...
    23:48:53.829 | 463 ool-1-worker-227 | DEBUG | d.t.c.a.a.c.u.util.UserUtilService   : 3 students generated. Generate 2 tutors...
    23:48:53.832 | 463 ool-1-worker-227 | DEBUG | d.t.c.a.a.c.u.util.UserUtilService   : 2 tutors generated. Generate 0 editors...
    23:48:53.833 | 463 ool-1-worker-227 | DEBUG | d.t.c.a.a.c.u.util.UserUtilService   : 0 editors generated. Generate 2 instructors...
    23:48:53.836 | 463 ool-1-worker-227 | DEBUG | d.t.c.a.a.c.u.util.UserUtilService   : 2 instructors generated
    23:48:53.837 | 463 ool-1-worker-227 | DEBUG | d.t.c.a.a.c.u.util.UserUtilService   : Removing 7 users from all courses...
    23:48:53.838 | 463 ool-1-worker-227 | DEBUG | d.t.c.a.a.c.u.util.UserUtilService   : Removing 7 users from all courses. Done
    23:48:53.838 | 463 ool-1-worker-227 | DEBUG | d.t.c.a.a.c.u.util.UserUtilService   : Save 7 users to database...
    23:48:53.841 | 463 ool-1-worker-227 | DEBUG | d.t.c.a.a.c.u.util.UserUtilService   : Save 7 users to database. Done
    23:48:53.854 | 463 ool-1-worker-227 | DEBUG | PersonalAccessTokenManagementService : Generate secure vcs access token
    23:48:53.857 | 463 ool-1-worker-227 | DEBUG | PersonalAccessTokenManagementService : Generate secure vcs access token
    23:48:53.858 | 463 ool-1-worker-227 | INFO  | i.z.t.d.l.EmbeddedDatabaseReporter   : JDBC URL to connect to 'dataSource': url='jdbc:h2:tcp://localhost:41063/mem:736625c0-cf5e-400d-aeaa-8a7eabd6262b;USER=sa', scope='ProgrammingSubmissionAndResultGitlabJenkinsIntegrationTest#shouldSaveBuildLogsOnStudentParticipationWithoutResult'
    23:48:53.870 | 463 ool-1-worker-227 | DEBUG | PersonalAccessTokenManagementService : Generate secure vcs access token
    23:48:53.873 | 463 ool-1-worker-227 | DEBUG | d.t.c.a.a.c.s.f.ApiVersionFilter     : Adding Version to Request POST /api/public/programming-exercises/new-result
    23:48:53.873 | 463 ool-1-worker-227 | DEBUG | d.t.c.a.a.a.w.o.PublicResultResource : Received result notify (NEW)
    23:48:53.876 | 463 ool-1-worker-227 | INFO  | d.t.c.a.a.a.w.o.PublicResultResource : Artemis received a new result for build plan SHORTB7A050AE070FE047C30822707D71060C4533TSTEXC-PROGSUBRESGITLABJENSTUDENT1
    23:48:53.877 | 463 ool-1-worker-227 | DEBUG | .s.ProgrammingExerciseGradingService : Received new build result (NEW) for participation 4226
    23:48:53.890 | 463 ool-1-worker-227 | DEBUG | .c.s.m.InstanceMessageReceiveService : Received schedule participant score for exercise 3296 and participant 773 (result to be deleted: null)
    23:48:53.890 | 463 ool-1-worker-227 | DEBUG | .a.s.ParticipantScoreScheduleService : Scheduled task for exercise 3296 and participant 773 at 2025-02-14T23:48:53.990718731Z[Etc/UTC].
    23:48:53.891 | 463 ool-1-worker-227 | DEBUG | .a.a.p.s.ProgrammingMessagingService : Send result to client over websocket. Result: Result{id820, completionDate=2025-02-14T23:48:53.871428500Z, successful=false, score=0.0, rated=true, assessmentType=AUTOMATIC, hasComplaint=null, testCaseCount=0, passedTestCaseCount=0, codeIssueCount=0}, Submission: ProgrammingSubmission{commitHash='9b3a9bd71a0d80e5bbc42204c319ed3d1d4f0d6d', buildFailed=true, buildArtifact=false, type=MANUAL}, Participation: ProgrammingExerciseStudentParticipation{id=4226, repositoryUri='https://version-control.fake.fake/git/SHORTB7A050AE070FE047C30822707D71060C4533TSTEXC/shortb7a050ae070fe047c30822707d71060c4533tstexc-progsubresgitlabjenstudent1.git', buildPlanId='SHORTB7A050AE070FE047C30822707D71060C4533TSTEXC-PROGSUBRESGITLABJENSTUDENT1', initializationState='INITIALIZED', initializationDate='2025-02-14T23:48:53.869528Z', individualDueDate=null', presentationScore=null}
    23:48:53.893 | 463 ool-1-worker-227 | INFO  | d.t.c.a.a.a.w.o.PublicResultResource : The new result for SHORTB7A050AE070FE047C30822707D71060C4533TSTEXC-PROGSUBRESGITLABJENSTUDENT1 was saved successfully
    23:48:53.896 | 463 ool-1-worker-227 | DEBUG | d.t.c.a.a.c.s.f.ApiVersionFilter     : Adding Version to Request GET /api/repository/4226/buildlogs
    23:48:53.896 | 463 ool-1-worker-227 | DEBUG | rammingExerciseParticipationResource : REST request to get build log : 4226
    23:48:53.901 | 463 ool-1-worker-227 | DEBUG | d.t.c.a.a.c.s.f.ApiVersionFilter     : Adding Version to Request POST /api/public/programming-exercises/new-result
    23:48:53.901 | 463 ool-1-worker-227 | DEBUG | d.t.c.a.a.a.w.o.PublicResultResource : Received result notify (NEW)
    23:48:53.903 | 463 ool-1-worker-227 | INFO  | d.t.c.a.a.a.w.o.PublicResultResource : Artemis received a new result for build plan SHORTB7A050AE070FE047C30822707D71060C4533TSTEXC-PROGSUBRESGITLABJENSTUDENT1
    23:48:53.904 | 463 ool-1-worker-227 | DEBUG | .s.ProgrammingExerciseGradingService : Received new build result (NEW) for participation 4226
    23:48:53.921 | 463 ool-1-worker-227 | DEBUG | .c.s.m.InstanceMessageReceiveService : Received schedule participant score for exercise 3296 and participant 773 (result to be deleted: null)
    23:48:53.921 | 463 ool-1-worker-227 | DEBUG | .a.s.ParticipantScoreScheduleService : Scheduled task for exercise 3296 and participant 773 at 2025-02-14T23:48:54.021856352Z[Etc/UTC].
    23:48:53.922 | 463 ool-1-worker-227 | DEBUG | .a.a.p.s.ProgrammingMessagingService : Send result to client over websocket. Result: Result{id821, completionDate=2025-02-14T23:48:53.871428500Z, successful=false, score=0.0, rated=true, assessmentType=AUTOMATIC, hasComplaint=null, testCaseCount=0, passedTestCaseCount=0, codeIssueCount=0}, Submission: ProgrammingSubmission{commitHash='9b3a9bd71a0d80e5bbc42204c319ed3d1d4f0d6d', buildFailed=true, buildArtifact=false, type=MANUAL}, Participation: ProgrammingExerciseStudentParticipation{id=4226, repositoryUri='https://version-control.fake.fake/git/SHORTB7A050AE070FE047C30822707D71060C4533TSTEXC/shortb7a050ae070fe047c30822707d71060c4533tstexc-progsubresgitlabjenstudent1.git', buildPlanId='SHORTB7A050AE070FE047C30822707D71060C4533TSTEXC-PROGSUBRESGITLABJENSTUDENT1', initializationState='INITIALIZED', initializationDate='2025-02-14T23:48:53.869528Z', individualDueDate=null', presentationScore=null}
    23:48:53.924 | 463 ool-1-worker-227 | INFO  | d.t.c.a.a.a.w.o.PublicResultResource : The new result for SHORTB7A050AE070FE047C30822707D71060C4533TSTEXC-PROGSUBRESGITLABJENSTUDENT1 was saved successfully

  Starting logs for ProgrammingSubmissionAndResultGitlabJenkinsIntegrationTest > shouldSaveBuildLogsOnStudentParticipationWithoutResult(ProgrammingLanguage, boolean, boolean) [4] programmingLanguage=MATLAB, enableStaticCodeAnalysis=false, buildFailed=false
    23:48:53.935 | 463 ool-1-worker-227 | DEBUG | d.t.c.a.a.c.u.util.UserUtilService   : Generate 3 students...
    23:48:53.939 | 463 ool-1-worker-227 | DEBUG | d.t.c.a.a.c.u.util.UserUtilService   : 3 students generated. Generate 2 tutors...
    23:48:53.942 | 463 ool-1-worker-227 | DEBUG | d.t.c.a.a.c.u.util.UserUtilService   : 2 tutors generated. Generate 0 editors...
    23:48:53.943 | 463 ool-1-worker-227 | DEBUG | d.t.c.a.a.c.u.util.UserUtilService   : 0 editors generated. Generate 2 instructors...
    23:48:53.946 | 463 ool-1-worker-227 | DEBUG | d.t.c.a.a.c.u.util.UserUtilService   : 2 instructors generated
    23:48:53.947 | 463 ool-1-worker-227 | DEBUG | d.t.c.a.a.c.u.util.UserUtilService   : Removing 7 users from all courses...
    23:48:53.948 | 463 ool-1-worker-227 | DEBUG | d.t.c.a.a.c.u.util.UserUtilService   : Removing 7 users from all courses. Done
    23:48:53.948 | 463 ool-1-worker-227 | DEBUG | d.t.c.a.a.c.u.util.UserUtilService   : Save 7 users to database...
    23:48:53.951 | 463 ool-1-worker-227 | DEBUG | d.t.c.a.a.c.u.util.UserUtilService   : Save 7 users to database. Done
    23:48:53.966 | 463 ool-1-worker-227 | DEBUG | PersonalAccessTokenManagementService : Generate secure vcs access token
    23:48:53.969 | 463 ool-1-worker-227 | DEBUG | PersonalAccessTokenManagementService : Generate secure vcs access token
    23:48:53.970 | 463 ool-1-worker-227 | INFO  | i.z.t.d.l.EmbeddedDatabaseReporter   : JDBC URL to connect to 'dataSource': url='jdbc:h2:tcp://localhost:41063/mem:736625c0-cf5e-400d-aeaa-8a7eabd6262b;USER=sa', scope='ProgrammingSubmissionAndResultGitlabJenkinsIntegrationTest#shouldSaveBuildLogsOnStudentParticipationWithoutResult'
    23:48:53.983 | 463 ool-1-worker-227 | DEBUG | PersonalAccessTokenManagementService : Generate secure vcs access token
    23:48:53.986 | 463 ool-1-worker-227 | DEBUG | d.t.c.a.a.c.s.f.ApiVersionFilter     : Adding Version to Request POST /api/public/programming-exercises/new-result
    23:48:53.986 | 463 ool-1-worker-227 | DEBUG | d.t.c.a.a.a.w.o.PublicResultResource : Received result notify (NEW)
    23:48:53.988 | 463 ool-1-worker-227 | INFO  | d.t.c.a.a.a.w.o.PublicResultResource : Artemis received a new result for build plan SHORT677E96420AC7E0460A0897F06B4AD552675DTSTEXC-PROGSUBRESGITLABJENSTUDENT1
    23:48:53.990 | 463 ool-1-worker-227 | DEBUG | .s.ProgrammingExerciseGradingService : Received new build result (NEW) for participation 4233
    23:48:54.003 | 463 ool-1-worker-227 | DEBUG | .c.s.m.InstanceMessageReceiveService : Received schedule participant score for exercise 3298 and participant 773 (result to be deleted: null)
    23:48:54.003 | 463 ool-1-worker-227 | DEBUG | .a.s.ParticipantScoreScheduleService : Scheduled task for exercise 3298 and participant 773 at 2025-02-14T23:48:54.103127361Z[Etc/UTC].
    23:48:54.003 | 463 ool-1-worker-227 | DEBUG | .a.a.p.s.ProgrammingMessagingService : Send result to client over websocket. Result: Result{id822, completionDate=2025-02-14T23:48:53.984265300Z, successful=false, score=0.0, rated=true, assessmentType=AUTOMATIC, hasComplaint=null, testCaseCount=0, passedTestCaseCount=0, codeIssueCount=0}, Submission: ProgrammingSubmission{commitHash='9b3a9bd71a0d80e5bbc42204c319ed3d1d4f0d6d', buildFailed=true, buildArtifact=false, type=MANUAL}, Participation: ProgrammingExerciseStudentParticipation{id=4233, repositoryUri='https://version-control.fake.fake/git/SHORT677E96420AC7E0460A0897F06B4AD552675DTSTEXC/short677e96420ac7e0460a0897f06b4ad552675dtstexc-progsubresgitlabjenstudent1.git', buildPlanId='SHORT677E96420AC7E0460A0897F06B4AD552675DTSTEXC-PROGSUBRESGITLABJENSTUDENT1', initializationState='INITIALIZED', initializationDate='2025-02-14T23:48:53.982251Z', individualDueDate=null', presentationScore=null}
    23:48:54.006 | 463 ool-1-worker-227 | INFO  | d.t.c.a.a.a.w.o.PublicResultResource : The new result for SHORT677E96420AC7E0460A0897F06B4AD552675DTSTEXC-PROGSUBRESGITLABJENSTUDENT1 was saved successfully
    23:48:54.009 | 463 ool-1-worker-227 | DEBUG | d.t.c.a.a.c.s.f.ApiVersionFilter     : Adding Version to Request GET /api/repository/4233/buildlogs
    23:48:54.009 | 463 ool-1-worker-227 | DEBUG | rammingExerciseParticipationResource : REST request to get build log : 4233
    23:48:54.013 | 463 ool-1-worker-227 | DEBUG | d.t.c.a.a.c.s.f.ApiVersionFilter     : Adding Version to Request POST /api/public/programming-exercises/new-result
    23:48:54.013 | 463 ool-1-worker-227 | DEBUG | d.t.c.a.a.a.w.o.PublicResultResource : Received result notify (NEW)
    23:48:54.015 | 463 ool-1-worker-227 | INFO  | d.t.c.a.a.a.w.o.PublicResultResource : Artemis received a new result for build plan SHORT677E96420AC7E0460A0897F06B4AD552675DTSTEXC-PROGSUBRESGITLABJENSTUDENT1
    23:48:54.016 | 463 ool-1-worker-227 | DEBUG | .s.ProgrammingExerciseGradingService : Received new build result (NEW) for participation 4233
    23:48:54.034 | 463 ool-1-worker-227 | DEBUG | .c.s.m.InstanceMessageReceiveService : Received schedule participant score for exercise 3298 and participant 773 (result to be deleted: null)
    23:48:54.034 | 463 ool-1-worker-227 | DEBUG | .a.s.ParticipantScoreScheduleService : Scheduled task for exercise 3298 and participant 773 at 2025-02-14T23:48:54.134185595Z[Etc/UTC].
    23:48:54.035 | 463 ool-1-worker-227 | DEBUG | .a.a.p.s.ProgrammingMessagingService : Send result to client over websocket. Result: Result{id823, completionDate=2025-02-14T23:48:53.984265300Z, successful=false, score=0.0, rated=true, assessmentType=AUTOMATIC, hasComplaint=null, testCaseCount=0, passedTestCaseCount=0, codeIssueCount=0}, Submission: ProgrammingSubmission{commitHash='9b3a9bd71a0d80e5bbc42204c319ed3d1d4f0d6d', buildFailed=true, buildArtifact=false, type=MANUAL}, Participation: ProgrammingExerciseStudentParticipation{id=4233, repositoryUri='https://version-control.fake.fake/git/SHORT677E96420AC7E0460A0897F06B4AD552675DTSTEXC/short677e96420ac7e0460a0897f06b4ad552675dtstexc-progsubresgitlabjenstudent1.git', buildPlanId='SHORT677E96420AC7E0460A0897F06B4AD552675DTSTEXC-PROGSUBRESGITLABJENSTUDENT1', initializationState='INITIALIZED', initializationDate='2025-02-14T23:48:53.982251Z', individualDueDate=null', presentationScore=null}
    23:48:54.037 | 463 ool-1-worker-227 | INFO  | d.t.c.a.a.a.w.o.PublicResultResource : The new result for SHORT677E96420AC7E0460A0897F06B4AD552675DTSTEXC-PROGSUBRESGITLABJENSTUDENT1 was saved successfully

  Starting logs for ProgrammingSubmissionAndResultGitlabJenkinsIntegrationTest > shouldSaveBuildLogsOnStudentParticipationWithoutResult(ProgrammingLanguage, boolean, boolean) [5] programmingLanguage=TYPESCRIPT, enableStaticCodeAnalysis=true, buildFailed=true
    23:48:54.050 | 463 ool-1-worker-227 | DEBUG | d.t.c.a.a.c.u.util.UserUtilService   : Generate 3 students...
    23:48:54.055 | 463 ool-1-worker-227 | DEBUG | d.t.c.a.a.c.u.util.UserUtilService   : 3 students generated. Generate 2 tutors...
    23:48:54.059 | 463 ool-1-worker-227 | DEBUG | d.t.c.a.a.c.u.util.UserUtilService   : 2 tutors generated. Generate 0 editors...
    23:48:54.061 | 463 ool-1-worker-227 | DEBUG | d.t.c.a.a.c.u.util.UserUtilService   : 0 editors generated. Generate 2 instructors...
    23:48:54.064 | 463 ool-1-worker-227 | DEBUG | d.t.c.a.a.c.u.util.UserUtilService   : 2 instructors generated
    23:48:54.065 | 463 ool-1-worker-227 | DEBUG | d.t.c.a.a.c.u.util.UserUtilService   : Removing 7 users from all courses...
    23:48:54.066 | 463 ool-1-worker-227 | DEBUG | d.t.c.a.a.c.u.util.UserUtilService   : Removing 7 users from all courses. Done
    23:48:54.066 | 463 ool-1-worker-227 | DEBUG | d.t.c.a.a.c.u.util.UserUtilService   : Save 7 users to database...
    23:48:54.069 | 463 ool-1-worker-227 | DEBUG | d.t.c.a.a.c.u.util.UserUtilService   : Save 7 users to database. Done
    23:48:54.084 | 463 ool-1-worker-227 | DEBUG | PersonalAccessTokenManagementService : Generate secure vcs access token
    23:48:54.087 | 463 ool-1-worker-227 | DEBUG | PersonalAccessTokenManagementService : Generate secure vcs access token
    23:48:54.089 | 463 ool-1-worker-227 | INFO  | i.z.t.d.l.EmbeddedDatabaseReporter   : JDBC URL to connect to 'dataSource': url='jdbc:h2:tcp://localhost:41063/mem:736625c0-cf5e-400d-aeaa-8a7eabd6262b;USER=sa', scope='ProgrammingSubmissionAndResultGitlabJenkinsIntegrationTest#shouldSaveBuildLogsOnStudentParticipationWithoutResult'
    23:48:54.100 | 463 ool-1-worker-227 | DEBUG | PersonalAccessTokenManagementService : Generate secure vcs access token
    23:48:54.104 | 463 ool-1-worker-227 | DEBUG | d.t.c.a.a.c.s.f.ApiVersionFilter     : Adding Version to Request POST /api/public/programming-exercises/new-result
    23:48:54.104 | 463 ool-1-worker-227 | DEBUG | d.t.c.a.a.a.w.o.PublicResultResource : Received result notify (NEW)
    23:48:54.106 | 463 ool-1-worker-227 | INFO  | d.t.c.a.a.a.w.o.PublicResultResource : Artemis received a new result for build plan SHORT1E3EB62307CBC041EC0800605F0B7ED6FC4FTSTEXC-PROGSUBRESGITLABJENSTUDENT1
    23:48:54.107 | 463 ool-1-worker-227 | DEBUG | .s.ProgrammingExerciseGradingService : Received new build result (NEW) for participation 4240
    23:48:54.120 | 463 ool-1-worker-227 | DEBUG | .c.s.m.InstanceMessageReceiveService : Received schedule participant score for exercise 3300 and participant 773 (result to be deleted: null)
    23:48:54.121 | 463 ool-1-worker-227 | DEBUG | .a.s.ParticipantScoreScheduleService : Scheduled task for exercise 3300 and participant 773 at 2025-02-14T23:48:54.221033353Z[Etc/UTC].
    23:48:54.121 | 463 ool-1-worker-227 | DEBUG | .a.a.p.s.ProgrammingMessagingService : Send result to client over websocket. Result: Result{id824, completionDate=2025-02-14T23:48:54.102025500Z, successful=false, score=0.0, rated=true, assessmentType=AUTOMATIC, hasComplaint=null, testCaseCount=0, passedTestCaseCount=0, codeIssueCount=0}, Submission: ProgrammingSubmission{commitHash='9b3a9bd71a0d80e5bbc42204c319ed3d1d4f0d6d', buildFailed=true, buildArtifact=false, type=MANUAL}, Participation: ProgrammingExerciseStudentParticipation{id=4240, repositoryUri='https://version-control.fake.fake/git/SHORT1E3EB62307CBC041EC0800605F0B7ED6FC4FTSTEXC/short1e3eb62307cbc041ec0800605f0b7ed6fc4ftstexc-progsubresgitlabjenstudent1.git', buildPlanId='SHORT1E3EB62307CBC041EC0800605F0B7ED6FC4FTSTEXC-PROGSUBRESGITLABJENSTUDENT1', initializationState='INITIALIZED', initializationDate='2025-02-14T23:48:54.100030Z', individualDueDate=null', presentationScore=null}
    23:48:54.123 | 463 ool-1-worker-227 | INFO  | d.t.c.a.a.a.w.o.PublicResultResource : The new result for SHORT1E3EB62307CBC041EC0800605F0B7ED6FC4FTSTEXC-PROGSUBRESGITLABJENSTUDENT1 was saved successfully
    23:48:54.127 | 463 ool-1-worker-227 | DEBUG | d.t.c.a.a.c.s.f.ApiVersionFilter     : Adding Version to Request GET /api/repository/4240/buildlogs
    23:48:54.127 | 463 ool-1-worker-227 | DEBUG | rammingExerciseParticipationResource : REST request to get build log : 4240
    23:48:54.131 | 463 ool-1-worker-227 | DEBUG | d.t.c.a.a.c.s.f.ApiVersionFilter     : Adding Version to Request POST /api/public/programming-exercises/new-result
    23:48:54.131 | 463 ool-1-worker-227 | DEBUG | d.t.c.a.a.a.w.o.PublicResultResource : Received result notify (NEW)
    23:48:54.133 | 463 ool-1-worker-227 | INFO  | d.t.c.a.a.a.w.o.PublicResultResource : Artemis received a new result for build plan SHORT1E3EB62307CBC041EC0800605F0B7ED6FC4FTSTEXC-PROGSUBRESGITLABJENSTUDENT1
    23:48:54.134 | 463 ool-1-worker-227 | DEBUG | .s.ProgrammingExerciseGradingService : Received new build result (NEW) for participation 4240
    23:48:54.152 | 463 ool-1-worker-227 | DEBUG | .c.s.m.InstanceMessageReceiveService : Received schedule participant score for exercise 3300 and participant 773 (result to be deleted: null)
    23:48:54.152 | 463 ool-1-worker-227 | DEBUG | .a.s.ParticipantScoreScheduleService : Scheduled task for exercise 3300 and participant 773 at 2025-02-14T23:48:54.252746998Z[Etc/UTC].
    23:48:54.153 | 463 ool-1-worker-227 | DEBUG | .a.a.p.s.ProgrammingMessagingService : Send result to client over websocket. Result: Result{id825, completionDate=2025-02-14T23:48:54.102025500Z, successful=false, score=0.0, rated=true, assessmentType=AUTOMATIC, hasComplaint=null, testCaseCount=0, passedTestCaseCount=0, codeIssueCount=0}, Submission: ProgrammingSubmission{commitHash='9b3a9bd71a0d80e5bbc42204c319ed3d1d4f0d6d', buildFailed=true, buildArtifact=false, type=MANUAL}, Participation: ProgrammingExerciseStudentParticipation{id=4240, repositoryUri='https://version-control.fake.fake/git/SHORT1E3EB62307CBC041EC0800605F0B7ED6FC4FTSTEXC/short1e3eb62307cbc041ec0800605f0b7ed6fc4ftstexc-progsubresgitlabjenstudent1.git', buildPlanId='SHORT1E3EB62307CBC041EC0800605F0B7ED6FC4FTSTEXC-PROGSUBRESGITLABJENSTUDENT1', initializationState='INITIALIZED', initializationDate='2025-02-14T23:48:54.100030Z', individualDueDate=null', presentationScore=null}
    23:48:54.155 | 463 ool-1-worker-227 | INFO  | d.t.c.a.a.a.w.o.PublicResultResource : The new result for SHORT1E3EB62307CBC041EC0800605F0B7ED6FC4FTSTEXC-PROGSUBRESGITLABJENSTUDENT1 was saved successfully

  Starting logs for ProgrammingSubmissionAndResultGitlabJenkinsIntegrationTest > shouldSaveBuildLogsOnStudentParticipationWithoutResult(ProgrammingLanguage, boolean, boolean) [6] programmingLanguage=TYPESCRIPT, enableStaticCodeAnalysis=false, buildFailed=true
    23:48:54.167 | 463 ool-1-worker-227 | DEBUG | d.t.c.a.a.c.u.util.UserUtilService   : Generate 3 students...
    23:48:54.171 | 463 ool-1-worker-227 | DEBUG | d.t.c.a.a.c.u.util.UserUtilService   : 3 students generated. Generate 2 tutors...
    23:48:54.174 | 463 ool-1-worker-227 | DEBUG | d.t.c.a.a.c.u.util.UserUtilService   : 2 tutors generated. Generate 0 editors...
    23:48:54.175 | 463 ool-1-worker-227 | DEBUG | d.t.c.a.a.c.u.util.UserUtilService   : 0 editors generated. Generate 2 instructors...
    23:48:54.178 | 463 ool-1-worker-227 | DEBUG | d.t.c.a.a.c.u.util.UserUtilService   : 2 instructors generated
    23:48:54.179 | 463 ool-1-worker-227 | DEBUG | d.t.c.a.a.c.u.util.UserUtilService   : Removing 7 users from all courses...
    23:48:54.180 | 463 ool-1-worker-227 | DEBUG | d.t.c.a.a.c.u.util.UserUtilService   : Removing 7 users from all courses. Done
    23:48:54.180 | 463 ool-1-worker-227 | DEBUG | d.t.c.a.a.c.u.util.UserUtilService   : Save 7 users to database...
    23:48:54.183 | 463 ool-1-worker-227 | DEBUG | d.t.c.a.a.c.u.util.UserUtilService   : Save 7 users to database. Done
    23:48:54.197 | 463 ool-1-worker-227 | DEBUG | PersonalAccessTokenManagementService : Generate secure vcs access token
    23:48:54.200 | 463 ool-1-worker-227 | DEBUG | PersonalAccessTokenManagementService : Generate secure vcs access token
    23:48:54.201 | 463 ool-1-worker-227 | INFO  | i.z.t.d.l.EmbeddedDatabaseReporter   : JDBC URL to connect to 'dataSource': url='jdbc:h2:tcp://localhost:41063/mem:736625c0-cf5e-400d-aeaa-8a7eabd6262b;USER=sa', scope='ProgrammingSubmissionAndResultGitlabJenkinsIntegrationTest#shouldSaveBuildLogsOnStudentParticipationWithoutResult'
    23:48:54.214 | 463 ool-1-worker-227 | DEBUG | PersonalAccessTokenManagementService : Generate secure vcs access token
    23:48:54.217 | 463 ool-1-worker-227 | DEBUG | d.t.c.a.a.c.s.f.ApiVersionFilter     : Adding Version to Request POST /api/public/programming-exercises/new-result
    23:48:54.218 | 463 ool-1-worker-227 | DEBUG | d.t.c.a.a.a.w.o.PublicResultResource : Received result notify (NEW)
    23:48:54.219 | 463 ool-1-worker-227 | INFO  | d.t.c.a.a.a.w.o.PublicResultResource : Artemis received a new result for build plan SHORT1BC2F5CC03DAB04E7F09CCD039346D12B140TSTEXC-PROGSUBRESGITLABJENSTUDENT1
    23:48:54.221 | 463 ool-1-worker-227 | DEBUG | .s.ProgrammingExerciseGradingService : Received new build result (NEW) for participation 4247
    23:48:54.235 | 463 ool-1-worker-227 | DEBUG | .c.s.m.InstanceMessageReceiveService : Received schedule participant score for exercise 3302 and participant 773 (result to be deleted: null)
    23:48:54.235 | 463 ool-1-worker-227 | DEBUG | .a.s.ParticipantScoreScheduleService : Scheduled task for exercise 3302 and participant 773 at 2025-02-14T23:48:54.335095136Z[Etc/UTC].
    23:48:54.235 | 463 ool-1-worker-227 | DEBUG | .a.a.p.s.ProgrammingMessagingService : Send result to client over websocket. Result: Result{id826, completionDate=2025-02-14T23:48:54.215406400Z, successful=false, score=0.0, rated=true, assessmentType=AUTOMATIC, hasComplaint=null, testCaseCount=0, passedTestCaseCount=0, codeIssueCount=0}, Submission: ProgrammingSubmission{commitHash='9b3a9bd71a0d80e5bbc42204c319ed3d1d4f0d6d', buildFailed=true, buildArtifact=false, type=MANUAL}, Participation: ProgrammingExerciseStudentParticipation{id=4247, repositoryUri='https://version-control.fake.fake/git/SHORT1BC2F5CC03DAB04E7F09CCD039346D12B140TSTEXC/short1bc2f5cc03dab04e7f09ccd039346d12b140tstexc-progsubresgitlabjenstudent1.git', buildPlanId='SHORT1BC2F5CC03DAB04E7F09CCD039346D12B140TSTEXC-PROGSUBRESGITLABJENSTUDENT1', initializationState='INITIALIZED', initializationDate='2025-02-14T23:48:54.213342Z', individualDueDate=null', presentationScore=null}
    23:48:54.237 | 463 ool-1-worker-227 | INFO  | d.t.c.a.a.a.w.o.PublicResultResource : The new result for SHORT1BC2F5CC03DAB04E7F09CCD039346D12B140TSTEXC-PROGSUBRESGITLABJENSTUDENT1 was saved successfully
    23:48:54.240 | 463 ool-1-worker-227 | DEBUG | d.t.c.a.a.c.s.f.ApiVersionFilter     : Adding Version to Request GET /api/repository/4247/buildlogs
    23:48:54.241 | 463 ool-1-worker-227 | DEBUG | rammingExerciseParticipationResource : REST request to get build log : 4247
    23:48:54.245 | 463 ool-1-worker-227 | DEBUG | d.t.c.a.a.c.s.f.ApiVersionFilter     : Adding Version to Request POST /api/public/programming-exercises/new-result
    23:48:54.245 | 463 ool-1-worker-227 | DEBUG | d.t.c.a.a.a.w.o.PublicResultResource : Received result notify (NEW)
    23:48:54.247 | 463 ool-1-worker-227 | INFO  | d.t.c.a.a.a.w.o.PublicResultResource : Artemis received a new result for build plan SHORT1BC2F5CC03DAB04E7F09CCD039346D12B140TSTEXC-PROGSUBRESGITLABJENSTUDENT1
    23:48:54.248 | 463 ool-1-worker-227 | DEBUG | .s.ProgrammingExerciseGradingService : Received new build result (NEW) for participation 4247
    23:48:54.267 | 463 ool-1-worker-227 | DEBUG | .c.s.m.InstanceMessageReceiveService : Received schedule participant score for exercise 3302 and participant 773 (result to be deleted: null)
    23:48:54.267 | 463 ool-1-worker-227 | DEBUG | .a.s.ParticipantScoreScheduleService : Scheduled task for exercise 3302 and participant 773 at 2025-02-14T23:48:54.367398692Z[Etc/UTC].
    23:48:54.268 | 463 ool-1-worker-227 | DEBUG | .a.a.p.s.ProgrammingMessagingService : Send result to client over websocket. Result: Result{id827, completionDate=2025-02-14T23:48:54.215406400Z, successful=false, score=0.0, rated=true, assessmentType=AUTOMATIC, hasComplaint=null, testCaseCount=0, passedTestCaseCount=0, codeIssueCount=0}, Submission: ProgrammingSubmission{commitHash='9b3a9bd71a0d80e5bbc42204c319ed3d1d4f0d6d', buildFailed=true, buildArtifact=false, type=MANUAL}, Participation: ProgrammingExerciseStudentParticipation{id=4247, repositoryUri='https://version-control.fake.fake/git/SHORT1BC2F5CC03DAB04E7F09CCD039346D12B140TSTEXC/short1bc2f5cc03dab04e7f09ccd039346d12b140tstexc-progsubresgitlabjenstudent1.git', buildPlanId='SHORT1BC2F5CC03DAB04E7F09CCD039346D12B140TSTEXC-PROGSUBRESGITLABJENSTUDENT1', initializationState='INITIALIZED', initializationDate='2025-02-14T23:48:54.213342Z', individualDueDate=null', presentationScore=null}
    23:48:54.270 | 463 ool-1-worker-227 | INFO  | d.t.c.a.a.a.w.o.PublicResultResource : The new result for SHORT1BC2F5CC03DAB04E7F09CCD039346D12B140TSTEXC-PROGSUBRESGITLABJENSTUDENT1 was saved successfully

  Starting logs for ProgrammingSubmissionAndResultGitlabJenkinsIntegrationTest > shouldSaveBuildLogsOnStudentParticipationWithoutResult(ProgrammingLanguage, boolean, boolean) [7] programmingLanguage=TYPESCRIPT, enableStaticCodeAnalysis=true, buildFailed=false
    23:48:54.281 | 463 ool-1-worker-227 | DEBUG | d.t.c.a.a.c.u.util.UserUtilService   : Generate 3 students...
    23:48:54.285 | 463 ool-1-worker-227 | DEBUG | d.t.c.a.a.c.u.util.UserUtilService   : 3 students generated. Generate 2 tutors...
    23:48:54.288 | 463 ool-1-worker-227 | DEBUG | d.t.c.a.a.c.u.util.UserUtilService   : 2 tutors generated. Generate 0 editors...
    23:48:54.290 | 463 ool-1-worker-227 | DEBUG | d.t.c.a.a.c.u.util.UserUtilService   : 0 editors generated. Generate 2 instructors...
    23:48:54.293 | 463 ool-1-worker-227 | DEBUG | d.t.c.a.a.c.u.util.UserUtilService   : 2 instructors generated
    23:48:54.294 | 463 ool-1-worker-227 | DEBUG | d.t.c.a.a.c.u.util.UserUtilService   : Removing 7 users from all courses...
    23:48:54.295 | 463 ool-1-worker-227 | DEBUG | d.t.c.a.a.c.u.util.UserUtilService   : Removing 7 users from all courses. Done
    23:48:54.295 | 463 ool-1-worker-227 | DEBUG | d.t.c.a.a.c.u.util.UserUtilService   : Save 7 users to database...
    23:48:54.298 | 463 ool-1-worker-227 | DEBUG | d.t.c.a.a.c.u.util.UserUtilService   : Save 7 users to database. Done
    23:48:54.312 | 463 ool-1-worker-227 | DEBUG | PersonalAccessTokenManagementService : Generate secure vcs access token
    23:48:54.315 | 463 ool-1-worker-227 | DEBUG | PersonalAccessTokenManagementService : Generate secure vcs access token
    23:48:54.317 | 463 ool-1-worker-227 | INFO  | i.z.t.d.l.EmbeddedDatabaseReporter   : JDBC URL to connect to 'dataSource': url='jdbc:h2:tcp://localhost:41063/mem:736625c0-cf5e-400d-aeaa-8a7eabd6262b;USER=sa', scope='ProgrammingSubmissionAndResultGitlabJenkinsIntegrationTest#shouldSaveBuildLogsOnStudentParticipationWithoutResult'
    23:48:54.330 | 463 ool-1-worker-227 | DEBUG | PersonalAccessTokenManagementService : Generate secure vcs access token
    23:48:54.333 | 463 ool-1-worker-227 | DEBUG | d.t.c.a.a.c.s.f.ApiVersionFilter     : Adding Version to Request POST /api/public/programming-exercises/new-result
    23:48:54.334 | 463 ool-1-worker-227 | DEBUG | d.t.c.a.a.a.w.o.PublicResultResource : Received result notify (NEW)
    23:48:54.335 | 463 ool-1-worker-227 | INFO  | d.t.c.a.a.a.w.o.PublicResultResource : Artemis received a new result for build plan SHORTDA8F978A0C0EC049610852B0A4AB4DCC9788TSTEXC-PROGSUBRESGITLABJENSTUDENT1
    23:48:54.337 | 463 ool-1-worker-227 | DEBUG | .s.ProgrammingExerciseGradingService : Received new build result (NEW) for participation 4254
    23:48:54.351 | 463 ool-1-worker-227 | DEBUG | .c.s.m.InstanceMessageReceiveService : Received schedule participant score for exercise 3304 and participant 773 (result to be deleted: null)
    23:48:54.351 | 463 ool-1-worker-227 | DEBUG | .a.s.ParticipantScoreScheduleService : Scheduled task for exercise 3304 and participant 773 at 2025-02-14T23:48:54.451140008Z[Etc/UTC].
    23:48:54.351 | 463 ool-1-worker-227 | DEBUG | .a.a.p.s.ProgrammingMessagingService : Send result to client over websocket. Result: Result{id828, completionDate=2025-02-14T23:48:54.331266Z, successful=false, score=0.0, rated=true, assessmentType=AUTOMATIC, hasComplaint=null, testCaseCount=0, passedTestCaseCount=0, codeIssueCount=0}, Submission: ProgrammingSubmission{commitHash='9b3a9bd71a0d80e5bbc42204c319ed3d1d4f0d6d', buildFailed=true, buildArtifact=false, type=MANUAL}, Participation: ProgrammingExerciseStudentParticipation{id=4254, repositoryUri='https://version-control.fake.fake/git/SHORTDA8F978A0C0EC049610852B0A4AB4DCC9788TSTEXC/shortda8f978a0c0ec049610852b0a4ab4dcc9788tstexc-progsubresgitlabjenstudent1.git', buildPlanId='SHORTDA8F978A0C0EC049610852B0A4AB4DCC9788TSTEXC-PROGSUBRESGITLABJENSTUDENT1', initializationState='INITIALIZED', initializationDate='2025-02-14T23:48:54.329181Z', individualDueDate=null', presentationScore=null}
    23:48:54.354 | 463 ool-1-worker-227 | INFO  | d.t.c.a.a.a.w.o.PublicResultResource : The new result for SHORTDA8F978A0C0EC049610852B0A4AB4DCC9788TSTEXC-PROGSUBRESGITLABJENSTUDENT1 was saved successfully
    23:48:54.357 | 463 ool-1-worker-227 | DEBUG | d.t.c.a.a.c.s.f.ApiVersionFilter     : Adding Version to Request GET /api/repository/4254/buildlogs
    23:48:54.357 | 463 ool-1-worker-227 | DEBUG | rammingExerciseParticipationResource : REST request to get build log : 4254
    23:48:54.362 | 463 ool-1-worker-227 | DEBUG | d.t.c.a.a.c.s.f.ApiVersionFilter     : Adding Version to Request POST /api/public/programming-exercises/new-result
    23:48:54.362 | 463 ool-1-worker-227 | DEBUG | d.t.c.a.a.a.w.o.PublicResultResource : Received result notify (NEW)
    23:48:54.363 | 463 ool-1-worker-227 | INFO  | d.t.c.a.a.a.w.o.PublicResultResource : Artemis received a new result for build plan SHORTDA8F978A0C0EC049610852B0A4AB4DCC9788TSTEXC-PROGSUBRESGITLABJENSTUDENT1
    23:48:54.365 | 463 ool-1-worker-227 | DEBUG | .s.ProgrammingExerciseGradingService : Received new build result (NEW) for participation 4254
    23:48:54.383 | 463 ool-1-worker-227 | DEBUG | .c.s.m.InstanceMessageReceiveService : Received schedule participant score for exercise 3304 and participant 773 (result to be deleted: null)
    23:48:54.383 | 463 ool-1-worker-227 | DEBUG | .a.s.ParticipantScoreScheduleService : Scheduled task for exercise 3304 and participant 773 at 2025-02-14T23:48:54.483457489Z[Etc/UTC].
    23:48:54.384 | 463 ool-1-worker-227 | DEBUG | .a.a.p.s.ProgrammingMessagingService : Send result to client over websocket. Result: Result{id829, completionDate=2025-02-14T23:48:54.331266Z, successful=false, score=0.0, rated=true, assessmentType=AUTOMATIC, hasComplaint=null, testCaseCount=0, passedTestCaseCount=0, codeIssueCount=0}, Submission: ProgrammingSubmission{commitHash='9b3a9bd71a0d80e5bbc42204c319ed3d1d4f0d6d', buildFailed=true, buildArtifact=false, type=MANUAL}, Participation: ProgrammingExerciseStudentParticipation{id=4254, repositoryUri='https://version-control.fake.fake/git/SHORTDA8F978A0C0EC049610852B0A4AB4DCC9788TSTEXC/shortda8f978a0c0ec049610852b0a4ab4dcc9788tstexc-progsubresgitlabjenstudent1.git', buildPlanId='SHORTDA8F978A0C0EC049610852B0A4AB4DCC9788TSTEXC-PROGSUBRESGITLABJENSTUDENT1', initializationState='INITIALIZED', initializationDate='2025-02-14T23:48:54.329181Z', individualDueDate=null', presentationScore=null}
    23:48:54.386 | 463 ool-1-worker-227 | INFO  | d.t.c.a.a.a.w.o.PublicResultResource : The new result for SHORTDA8F978A0C0EC049610852B0A4AB4DCC9788TSTEXC-PROGSUBRESGITLABJENSTUDENT1 was saved successfully

  Starting logs for ProgrammingSubmissionAndResultGitlabJenkinsIntegrationTest > shouldSaveBuildLogsOnStudentParticipationWithoutResult(ProgrammingLanguage, boolean, boolean) [8] programmingLanguage=TYPESCRIPT, enableStaticCodeAnalysis=false, buildFailed=false
    23:48:54.397 | 463 ool-1-worker-227 | DEBUG | d.t.c.a.a.c.u.util.UserUtilService   : Generate 3 students...
    23:48:54.401 | 463 ool-1-worker-227 | DEBUG | d.t.c.a.a.c.u.util.UserUtilService   : 3 students generated. Generate 2 tutors...
    23:48:54.404 | 463 ool-1-worker-227 | DEBUG | d.t.c.a.a.c.u.util.UserUtilService   : 2 tutors generated. Generate 0 editors...
    23:48:54.405 | 463 ool-1-worker-227 | DEBUG | d.t.c.a.a.c.u.util.UserUtilService   : 0 editors generated. Generate 2 instructors...
    23:48:54.408 | 463 ool-1-worker-227 | DEBUG | d.t.c.a.a.c.u.util.UserUtilService   : 2 instructors generated
    23:48:54.409 | 463 ool-1-worker-227 | DEBUG | d.t.c.a.a.c.u.util.UserUtilService   : Removing 7 users from all courses...
    23:48:54.410 | 463 ool-1-worker-227 | DEBUG | d.t.c.a.a.c.u.util.UserUtilService   : Removing 7 users from all courses. Done
    23:48:54.410 | 463 ool-1-worker-227 | DEBUG | d.t.c.a.a.c.u.util.UserUtilService   : Save 7 users to database...
    23:48:54.413 | 463 ool-1-worker-227 | DEBUG | d.t.c.a.a.c.u.util.UserUtilService   : Save 7 users to database. Done
    23:48:54.427 | 463 ool-1-worker-227 | DEBUG | PersonalAccessTokenManagementService : Generate secure vcs access token
    23:48:54.430 | 463 ool-1-worker-227 | DEBUG | PersonalAccessTokenManagementService : Generate secure vcs access token
    23:48:54.431 | 463 ool-1-worker-227 | INFO  | i.z.t.d.l.EmbeddedDatabaseReporter   : JDBC URL to connect to 'dataSource': url='jdbc:h2:tcp://localhost:41063/mem:736625c0-cf5e-400d-aeaa-8a7eabd6262b;USER=sa', scope='ProgrammingSubmissionAndResultGitlabJenkinsIntegrationTest#shouldSaveBuildLogsOnStudentParticipationWithoutResult'
    23:48:54.443 | 463 ool-1-worker-227 | DEBUG | PersonalAccessTokenManagementService : Generate secure vcs access token
    23:48:54.446 | 463 ool-1-worker-227 | DEBUG | d.t.c.a.a.c.s.f.ApiVersionFilter     : Adding Version to Request POST /api/public/programming-exercises/new-result
    23:48:54.447 | 463 ool-1-worker-227 | DEBUG | d.t.c.a.a.a.w.o.PublicResultResource : Received result notify (NEW)
    23:48:54.448 | 463 ool-1-worker-227 | INFO  | d.t.c.a.a.a.w.o.PublicResultResource : Artemis received a new result for build plan SHORT7FA1F211094FB045E10966A0E9C0C599EC0CTSTEXC-PROGSUBRESGITLABJENSTUDENT1
    23:48:54.449 | 463 ool-1-worker-227 | DEBUG | .s.ProgrammingExerciseGradingService : Received new build result (NEW) for participation 4261
    23:48:54.462 | 463 ool-1-worker-227 | DEBUG | .c.s.m.InstanceMessageReceiveService : Received schedule participant score for exercise 3306 and participant 773 (result to be deleted: null)
    23:48:54.462 | 463 ool-1-worker-227 | DEBUG | .a.s.ParticipantScoreScheduleService : Scheduled task for exercise 3306 and participant 773 at 2025-02-14T23:48:54.562967003Z[Etc/UTC].
    23:48:54.463 | 463 ool-1-worker-227 | DEBUG | .a.a.p.s.ProgrammingMessagingService : Send result to client over websocket. Result: Result{id830, completionDate=2025-02-14T23:48:54.444597200Z, successful=false, score=0.0, rated=true, assessmentType=AUTOMATIC, hasComplaint=null, testCaseCount=0, passedTestCaseCount=0, codeIssueCount=0}, Submission: ProgrammingSubmission{commitHash='9b3a9bd71a0d80e5bbc42204c319ed3d1d4f0d6d', buildFailed=true, buildArtifact=false, type=MANUAL}, Participation: ProgrammingExerciseStudentParticipation{id=4261, repositoryUri='https://version-control.fake.fake/git/SHORT7FA1F211094FB045E10966A0E9C0C599EC0CTSTEXC/short7fa1f211094fb045e10966a0e9c0c599ec0ctstexc-progsubresgitlabjenstudent1.git', buildPlanId='SHORT7FA1F211094FB045E10966A0E9C0C599EC0CTSTEXC-PROGSUBRESGITLABJENSTUDENT1', initializationState='INITIALIZED', initializationDate='2025-02-14T23:48:54.442592Z', individualDueDate=null', presentationScore=null}
    23:48:54.465 | 463 ool-1-worker-227 | INFO  | d.t.c.a.a.a.w.o.PublicResultResource : The new result for SHORT7FA1F211094FB045E10966A0E9C0C599EC0CTSTEXC-PROGSUBRESGITLABJENSTUDENT1 was saved successfully
    23:48:54.468 | 463 ool-1-worker-227 | DEBUG | d.t.c.a.a.c.s.f.ApiVersionFilter     : Adding Version to Request GET /api/repository/4261/buildlogs
    23:48:54.469 | 463 ool-1-worker-227 | DEBUG | rammingExerciseParticipationResource : REST request to get build log : 4261
    23:48:54.473 | 463 ool-1-worker-227 | DEBUG | d.t.c.a.a.c.s.f.ApiVersionFilter     : Adding Version to Request POST /api/public/programming-exercises/new-result
    23:48:54.473 | 463 ool-1-worker-227 | DEBUG | d.t.c.a.a.a.w.o.PublicResultResource : Received result notify (NEW)
    23:48:54.475 | 463 ool-1-worker-227 | INFO  | d.t.c.a.a.a.w.o.PublicResultResource : Artemis received a new result for build plan SHORT7FA1F211094FB045E10966A0E9C0C599EC0CTSTEXC-PROGSUBRESGITLABJENSTUDENT1
    23:48:54.476 | 463 ool-1-worker-227 | DEBUG | .s.ProgrammingExerciseGradingService : Received new build result (NEW) for participation 4261
    23:48:54.494 | 463 ool-1-worker-227 | DEBUG | .c.s.m.InstanceMessageReceiveService : Received schedule participant score for exercise 3306 and participant 773 (result to be deleted: null)
    23:48:54.494 | 463 ool-1-worker-227 | DEBUG | .a.s.ParticipantScoreScheduleService : Scheduled task for exercise 3306 and participant 773 at 2025-02-14T23:48:54.594404974Z[Etc/UTC].
    23:48:54.495 | 463 ool-1-worker-227 | DEBUG | .a.a.p.s.ProgrammingMessagingService : Send result to client over websocket. Result: Result{id831, completionDate=2025-02-14T23:48:54.444597200Z, successful=false, score=0.0, rated=true, assessmentType=AUTOMATIC, hasComplaint=null, testCaseCount=0, passedTestCaseCount=0, codeIssueCount=0}, Submission: ProgrammingSubmission{commitHash='9b3a9bd71a0d80e5bbc42204c319ed3d1d4f0d6d', buildFailed=true, buildArtifact=false, type=MANUAL}, Participation: ProgrammingExerciseStudentParticipation{id=4261, repositoryUri='https://version-control.fake.fake/git/SHORT7FA1F211094FB045E10966A0E9C0C599EC0CTSTEXC/short7fa1f211094fb045e10966a0e9c0c599ec0ctstexc-progsubresgitlabjenstudent1.git', buildPlanId='SHORT7FA1F211094FB045E10966A0E9C0C599EC0CTSTEXC-PROGSUBRESGITLABJENSTUDENT1', initializationState='INITIALIZED', initializationDate='2025-02-14T23:48:54.442592Z', individualDueDate=null', presentationScore=null}
    23:48:54.497 | 463 ool-1-worker-227 | INFO  | d.t.c.a.a.a.w.o.PublicResultResource : The new result for SHORT7FA1F211094FB045E10966A0E9C0C599EC0CTSTEXC-PROGSUBRESGITLABJENSTUDENT1 was saved successfully

  Starting logs for ProgrammingSubmissionAndResultGitlabJenkinsIntegrationTest > shouldSaveBuildLogsOnStudentParticipationWithoutResult(ProgrammingLanguage, boolean, boolean) [9] programmingLanguage=RUBY, enableStaticCodeAnalysis=true, buildFailed=true
    23:48:54.508 | 463 ool-1-worker-227 | DEBUG | d.t.c.a.a.c.u.util.UserUtilService   : Generate 3 students...
    23:48:54.512 | 463 ool-1-worker-227 | DEBUG | d.t.c.a.a.c.u.util.UserUtilService   : 3 students generated. Generate 2 tutors...
    23:48:54.515 | 463 ool-1-worker-227 | DEBUG | d.t.c.a.a.c.u.util.UserUtilService   : 2 tutors generated. Generate 0 editors...
    23:48:54.516 | 463 ool-1-worker-227 | DEBUG | d.t.c.a.a.c.u.util.UserUtilService   : 0 editors generated. Generate 2 instructors...
    23:48:54.519 | 463 ool-1-worker-227 | DEBUG | d.t.c.a.a.c.u.util.UserUtilService   : 2 instructors generated
    23:48:54.520 | 463 ool-1-worker-227 | DEBUG | d.t.c.a.a.c.u.util.UserUtilService   : Removing 7 users from all courses...
    23:48:54.521 | 463 ool-1-worker-227 | DEBUG | d.t.c.a.a.c.u.util.UserUtilService   : Removing 7 users from all courses. Done
    23:48:54.521 | 463 ool-1-worker-227 | DEBUG | d.t.c.a.a.c.u.util.UserUtilService   : Save 7 users to database...
    23:48:54.524 | 463 ool-1-worker-227 | DEBUG | d.t.c.a.a.c.u.util.UserUtilService   : Save 7 users to database. Done
    23:48:54.538 | 463 ool-1-worker-227 | DEBUG | PersonalAccessTokenManagementService : Generate secure vcs access token
    23:48:54.541 | 463 ool-1-worker-227 | DEBUG | PersonalAccessTokenManagementService : Generate secure vcs access token
    23:48:54.542 | 463 ool-1-worker-227 | INFO  | i.z.t.d.l.EmbeddedDatabaseReporter   : JDBC URL to connect to 'dataSource': url='jdbc:h2:tcp://localhost:41063/mem:736625c0-cf5e-400d-aeaa-8a7eabd6262b;USER=sa', scope='ProgrammingSubmissionAndResultGitlabJenkinsIntegrationTest#shouldSaveBuildLogsOnStudentParticipationWithoutResult'
    23:48:54.554 | 463 ool-1-worker-227 | DEBUG | PersonalAccessTokenManagementService : Generate secure vcs access token
    23:48:54.557 | 463 ool-1-worker-227 | DEBUG | d.t.c.a.a.c.s.f.ApiVersionFilter     : Adding Version to Request POST /api/public/programming-exercises/new-result
    23:48:54.558 | 463 ool-1-worker-227 | DEBUG | d.t.c.a.a.a.w.o.PublicResultResource : Received result notify (NEW)
    23:48:54.559 | 463 ool-1-worker-227 | INFO  | d.t.c.a.a.a.w.o.PublicResultResource : Artemis received a new result for build plan SHORTB8133E1C0C99A040600980C0696D675346E9TSTEXC-PROGSUBRESGITLABJENSTUDENT1
    23:48:54.561 | 463 ool-1-worker-227 | DEBUG | .s.ProgrammingExerciseGradingService : Received new build result (NEW) for participation 4268
    23:48:54.574 | 463 ool-1-worker-227 | DEBUG | .c.s.m.InstanceMessageReceiveService : Received schedule participant score for exercise 3308 and participant 773 (result to be deleted: null)
    23:48:54.574 | 463 ool-1-worker-227 | DEBUG | .a.s.ParticipantScoreScheduleService : Scheduled task for exercise 3308 and participant 773 at 2025-02-14T23:48:54.674315128Z[Etc/UTC].
    23:48:54.575 | 463 ool-1-worker-227 | DEBUG | .a.a.p.s.ProgrammingMessagingService : Send result to client over websocket. Result: Result{id832, completionDate=2025-02-14T23:48:54.555510800Z, successful=false, score=0.0, rated=true, assessmentType=AUTOMATIC, hasComplaint=null, testCaseCount=0, passedTestCaseCount=0, codeIssueCount=0}, Submission: ProgrammingSubmission{commitHash='9b3a9bd71a0d80e5bbc42204c319ed3d1d4f0d6d', buildFailed=true, buildArtifact=false, type=MANUAL}, Participation: ProgrammingExerciseStudentParticipation{id=4268, repositoryUri='https://version-control.fake.fake/git/SHORTB8133E1C0C99A040600980C0696D675346E9TSTEXC/shortb8133e1c0c99a040600980c0696d675346e9tstexc-progsubresgitlabjenstudent1.git', buildPlanId='SHORTB8133E1C0C99A040600980C0696D675346E9TSTEXC-PROGSUBRESGITLABJENSTUDENT1', initializationState='INITIALIZED', initializationDate='2025-02-14T23:48:54.553568Z', individualDueDate=null', presentationScore=null}
    23:48:54.577 | 463 ool-1-worker-227 | INFO  | d.t.c.a.a.a.w.o.PublicResultResource : The new result for SHORTB8133E1C0C99A040600980C0696D675346E9TSTEXC-PROGSUBRESGITLABJENSTUDENT1 was saved successfully
    23:48:54.580 | 463 ool-1-worker-227 | DEBUG | d.t.c.a.a.c.s.f.ApiVersionFilter     : Adding Version to Request GET /api/repository/4268/buildlogs
    23:48:54.581 | 463 ool-1-worker-227 | DEBUG | rammingExerciseParticipationResource : REST request to get build log : 4268
    23:48:54.585 | 463 ool-1-worker-227 | DEBUG | d.t.c.a.a.c.s.f.ApiVersionFilter     : Adding Version to Request POST /api/public/programming-exercises/new-result
    23:48:54.586 | 463 ool-1-worker-227 | DEBUG | d.t.c.a.a.a.w.o.PublicResultResource : Received result notify (NEW)
    23:48:54.587 | 463 ool-1-worker-227 | INFO  | d.t.c.a.a.a.w.o.PublicResultResource : Artemis received a new result for build plan SHORTB8133E1C0C99A040600980C0696D675346E9TSTEXC-PROGSUBRESGITLABJENSTUDENT1
    23:48:54.590 | 463 ool-1-worker-227 | DEBUG | .s.ProgrammingExerciseGradingService : Received new build result (NEW) for participation 4268
    23:48:54.613 | 463 ool-1-worker-227 | DEBUG | .c.s.m.InstanceMessageReceiveService : Received schedule participant score for exercise 3308 and participant 773 (result to be deleted: null)
    23:48:54.613 | 463 ool-1-worker-227 | DEBUG | .a.s.ParticipantScoreScheduleService : Scheduled task for exercise 3308 and participant 773 at 2025-02-14T23:48:54.713124056Z[Etc/UTC].
    23:48:54.614 | 463 ool-1-worker-227 | DEBUG | .a.a.p.s.ProgrammingMessagingService : Send result to client over websocket. Result: Result{id833, completionDate=2025-02-14T23:48:54.555510800Z, successful=false, score=0.0, rated=true, assessmentType=AUTOMATIC, hasComplaint=null, testCaseCount=0, passedTestCaseCount=0, codeIssueCount=0}, Submission: ProgrammingSubmission{commitHash='9b3a9bd71a0d80e5bbc42204c319ed3d1d4f0d6d', buildFailed=true, buildArtifact=false, type=MANUAL}, Participation: ProgrammingExerciseStudentParticipation{id=4268, repositoryUri='https://version-control.fake.fake/git/SHORTB8133E1C0C99A040600980C0696D675346E9TSTEXC/shortb8133e1c0c99a040600980c0696d675346e9tstexc-progsubresgitlabjenstudent1.git', buildPlanId='SHORTB8133E1C0C99A040600980C0696D675346E9TSTEXC-PROGSUBRESGITLABJENSTUDENT1', initializationState='INITIALIZED', initializationDate='2025-02-14T23:48:54.553568Z', individualDueDate=null', presentationScore=null}
    23:48:54.616 | 463 ool-1-worker-227 | INFO  | d.t.c.a.a.a.w.o.PublicResultResource : The new result for SHORTB8133E1C0C99A040600980C0696D675346E9TSTEXC-PROGSUBRESGITLABJENSTUDENT1 was saved successfully

  Starting logs for ProgrammingSubmissionAndResultGitlabJenkinsIntegrationTest > shouldSaveBuildLogsOnStudentParticipationWithoutResult(ProgrammingLanguage, boolean, boolean) [10] programmingLanguage=RUBY, enableStaticCodeAnalysis=false, buildFailed=true
    23:48:54.627 | 463 ool-1-worker-227 | DEBUG | d.t.c.a.a.c.u.util.UserUtilService   : Generate 3 students...
    23:48:54.631 | 463 ool-1-worker-227 | DEBUG | d.t.c.a.a.c.u.util.UserUtilService   : 3 students generated. Generate 2 tutors...
    23:48:54.635 | 463 ool-1-worker-227 | DEBUG | d.t.c.a.a.c.u.util.UserUtilService   : 2 tutors generated. Generate 0 editors...
    23:48:54.636 | 463 ool-1-worker-227 | DEBUG | d.t.c.a.a.c.u.util.UserUtilService   : 0 editors generated. Generate 2 instructors...
    23:48:54.639 | 463 ool-1-worker-227 | DEBUG | d.t.c.a.a.c.u.util.UserUtilService   : 2 instructors generated
    23:48:54.640 | 463 ool-1-worker-227 | DEBUG | d.t.c.a.a.c.u.util.UserUtilService   : Removing 7 users from all courses...
    23:48:54.641 | 463 ool-1-worker-227 | DEBUG | d.t.c.a.a.c.u.util.UserUtilService   : Removing 7 users from all courses. Done
    23:48:54.641 | 463 ool-1-worker-227 | DEBUG | d.t.c.a.a.c.u.util.UserUtilService   : Save 7 users to database...
    23:48:54.644 | 463 ool-1-worker-227 | DEBUG | d.t.c.a.a.c.u.util.UserUtilService   : Save 7 users to database. Done
    23:48:54.658 | 463 ool-1-worker-227 | DEBUG | PersonalAccessTokenManagementService : Generate secure vcs access token
    23:48:54.660 | 463 ool-1-worker-227 | DEBUG | PersonalAccessTokenManagementService : Generate secure vcs access token
    23:48:54.662 | 463 ool-1-worker-227 | INFO  | i.z.t.d.l.EmbeddedDatabaseReporter   : JDBC URL to connect to 'dataSource': url='jdbc:h2:tcp://localhost:41063/mem:736625c0-cf5e-400d-aeaa-8a7eabd6262b;USER=sa', scope='ProgrammingSubmissionAndResultGitlabJenkinsIntegrationTest#shouldSaveBuildLogsOnStudentParticipationWithoutResult'
    23:48:54.674 | 463 ool-1-worker-227 | DEBUG | PersonalAccessTokenManagementService : Generate secure vcs access token
    23:48:54.678 | 463 ool-1-worker-227 | DEBUG | d.t.c.a.a.c.s.f.ApiVersionFilter     : Adding Version to Request POST /api/public/programming-exercises/new-result
    23:48:54.678 | 463 ool-1-worker-227 | DEBUG | d.t.c.a.a.a.w.o.PublicResultResource : Received result notify (NEW)
    23:48:54.680 | 463 ool-1-worker-227 | INFO  | d.t.c.a.a.a.w.o.PublicResultResource : Artemis received a new result for build plan SHORT480423310F4CD046240A2F70BF96E7CD0B13TSTEXC-PROGSUBRESGITLABJENSTUDENT1
    23:48:54.681 | 463 ool-1-worker-227 | DEBUG | .s.ProgrammingExerciseGradingService : Received new build result (NEW) for participation 4275
    23:48:54.695 | 463 ool-1-worker-227 | DEBUG | .c.s.m.InstanceMessageReceiveService : Received schedule participant score for exercise 3310 and participant 773 (result to be deleted: null)
    23:48:54.695 | 463 ool-1-worker-227 | DEBUG | .a.s.ParticipantScoreScheduleService : Scheduled task for exercise 3310 and participant 773 at 2025-02-14T23:48:54.795545871Z[Etc/UTC].
    23:48:54.696 | 463 ool-1-worker-227 | DEBUG | .a.a.p.s.ProgrammingMessagingService : Send result to client over websocket. Result: Result{id834, completionDate=2025-02-14T23:48:54.675808700Z, successful=false, score=0.0, rated=true, assessmentType=AUTOMATIC, hasComplaint=null, testCaseCount=0, passedTestCaseCount=0, codeIssueCount=0}, Submission: ProgrammingSubmission{commitHash='9b3a9bd71a0d80e5bbc42204c319ed3d1d4f0d6d', buildFailed=true, buildArtifact=false, type=MANUAL}, Participation: ProgrammingExerciseStudentParticipation{id=4275, repositoryUri='https://version-control.fake.fake/git/SHORT480423310F4CD046240A2F70BF96E7CD0B13TSTEXC/short480423310f4cd046240a2f70bf96e7cd0b13tstexc-progsubresgitlabjenstudent1.git', buildPlanId='SHORT480423310F4CD046240A2F70BF96E7CD0B13TSTEXC-PROGSUBRESGITLABJENSTUDENT1', initializationState='INITIALIZED', initializationDate='2025-02-14T23:48:54.673546Z', individualDueDate=null', presentationScore=null}
    23:48:54.698 | 463 ool-1-worker-227 | INFO  | d.t.c.a.a.a.w.o.PublicResultResource : The new result for SHORT480423310F4CD046240A2F70BF96E7CD0B13TSTEXC-PROGSUBRESGITLABJENSTUDENT1 was saved successfully
    23:48:54.701 | 463 ool-1-worker-227 | DEBUG | d.t.c.a.a.c.s.f.ApiVersionFilter     : Adding Version to Request GET /api/repository/4275/buildlogs
    23:48:54.702 | 463 ool-1-worker-227 | DEBUG | rammingExerciseParticipationResource : REST request to get build log : 4275
    23:48:54.706 | 463 ool-1-worker-227 | DEBUG | d.t.c.a.a.c.s.f.ApiVersionFilter     : Adding Version to Request POST /api/public/programming-exercises/new-result
    23:48:54.707 | 463 ool-1-worker-227 | DEBUG | d.t.c.a.a.a.w.o.PublicResultResource : Received result notify (NEW)
    23:48:54.708 | 463 ool-1-worker-227 | INFO  | d.t.c.a.a.a.w.o.PublicResultResource : Artemis received a new result for build plan SHORT480423310F4CD046240A2F70BF96E7CD0B13TSTEXC-PROGSUBRESGITLABJENSTUDENT1
    23:48:54.710 | 463 ool-1-worker-227 | DEBUG | .s.ProgrammingExerciseGradingService : Received new build result (NEW) for participation 4275
    23:48:54.728 | 463 ool-1-worker-227 | DEBUG | .c.s.m.InstanceMessageReceiveService : Received schedule participant score for exercise 3310 and participant 773 (result to be deleted: null)
    23:48:54.728 | 463 ool-1-worker-227 | DEBUG | .a.s.ParticipantScoreScheduleService : Scheduled task for exercise 3310 and participant 773 at 2025-02-14T23:48:54.828744927Z[Etc/UTC].
    23:48:54.729 | 463 ool-1-worker-227 | DEBUG | .a.a.p.s.ProgrammingMessagingService : Send result to client over websocket. Result: Result{id835, completionDate=2025-02-14T23:48:54.675808700Z, successful=false, score=0.0, rated=true, assessmentType=AUTOMATIC, hasComplaint=null, testCaseCount=0, passedTestCaseCount=0, codeIssueCount=0}, Submission: ProgrammingSubmission{commitHash='9b3a9bd71a0d80e5bbc42204c319ed3d1d4f0d6d', buildFailed=true, buildArtifact=false, type=MANUAL}, Participation: ProgrammingExerciseStudentParticipation{id=4275, repositoryUri='https://version-control.fake.fake/git/SHORT480423310F4CD046240A2F70BF96E7CD0B13TSTEXC/short480423310f4cd046240a2f70bf96e7cd0b13tstexc-progsubresgitlabjenstudent1.git', buildPlanId='SHORT480423310F4CD046240A2F70BF96E7CD0B13TSTEXC-PROGSUBRESGITLABJENSTUDENT1', initializationState='INITIALIZED', initializationDate='2025-02-14T23:48:54.673546Z', individualDueDate=null', presentationScore=null}
    23:48:54.732 | 463 ool-1-worker-227 | INFO  | d.t.c.a.a.a.w.o.PublicResultResource : The new result for SHORT480423310F4CD046240A2F70BF96E7CD0B13TSTEXC-PROGSUBRESGITLABJENSTUDENT1 was saved successfully

  Starting logs for ProgrammingSubmissionAndResultGitlabJenkinsIntegrationTest > shouldSaveBuildLogsOnStudentParticipationWithoutResult(ProgrammingLanguage, boolean, boolean) [11] programmingLanguage=RUBY, enableStaticCodeAnalysis=true, buildFailed=false
    23:48:54.743 | 463 ool-1-worker-227 | DEBUG | d.t.c.a.a.c.u.util.UserUtilService   : Generate 3 students...
    23:48:54.747 | 463 ool-1-worker-227 | DEBUG | d.t.c.a.a.c.u.util.UserUtilService   : 3 students generated. Generate 2 tutors...
    23:48:54.750 | 463 ool-1-worker-227 | DEBUG | d.t.c.a.a.c.u.util.UserUtilService   : 2 tutors generated. Generate 0 editors...
    23:48:54.751 | 463 ool-1-worker-227 | DEBUG | d.t.c.a.a.c.u.util.UserUtilService   : 0 editors generated. Generate 2 instructors...
    23:48:54.754 | 463 ool-1-worker-227 | DEBUG | d.t.c.a.a.c.u.util.UserUtilService   : 2 instructors generated
    23:48:54.755 | 463 ool-1-worker-227 | DEBUG | d.t.c.a.a.c.u.util.UserUtilService   : Removing 7 users from all courses...
    23:48:54.756 | 463 ool-1-worker-227 | DEBUG | d.t.c.a.a.c.u.util.UserUtilService   : Removing 7 users from all courses. Done
    23:48:54.756 | 463 ool-1-worker-227 | DEBUG | d.t.c.a.a.c.u.util.UserUtilService   : Save 7 users to database...
    23:48:54.759 | 463 ool-1-worker-227 | DEBUG | d.t.c.a.a.c.u.util.UserUtilService   : Save 7 users to database. Done
    23:48:54.772 | 463 ool-1-worker-227 | DEBUG | PersonalAccessTokenManagementService : Generate secure vcs access token
    23:48:54.776 | 463 ool-1-worker-227 | DEBUG | PersonalAccessTokenManagementService : Generate secure vcs access token
    23:48:54.777 | 463 ool-1-worker-227 | INFO  | i.z.t.d.l.EmbeddedDatabaseReporter   : JDBC URL to connect to 'dataSource': url='jdbc:h2:tcp://localhost:41063/mem:736625c0-cf5e-400d-aeaa-8a7eabd6262b;USER=sa', scope='ProgrammingSubmissionAndResultGitlabJenkinsIntegrationTest#shouldSaveBuildLogsOnStudentParticipationWithoutResult'
    23:48:54.789 | 463 ool-1-worker-227 | DEBUG | PersonalAccessTokenManagementService : Generate secure vcs access token
    23:48:54.793 | 463 ool-1-worker-227 | DEBUG | d.t.c.a.a.c.s.f.ApiVersionFilter     : Adding Version to Request POST /api/public/programming-exercises/new-result
    23:48:54.793 | 463 ool-1-worker-227 | DEBUG | d.t.c.a.a.a.w.o.PublicResultResource : Received result notify (NEW)
    23:48:54.795 | 463 ool-1-worker-227 | INFO  | d.t.c.a.a.a.w.o.PublicResultResource : Artemis received a new result for build plan SHORT5BD47741012E60487F0B4D70541E9EEA3F8DTSTEXC-PROGSUBRESGITLABJENSTUDENT1
    23:48:54.796 | 463 ool-1-worker-227 | DEBUG | .s.ProgrammingExerciseGradingService : Received new build result (NEW) for participation 4282
    23:48:54.810 | 463 ool-1-worker-227 | DEBUG | .c.s.m.InstanceMessageReceiveService : Received schedule participant score for exercise 3312 and participant 773 (result to be deleted: null)
    23:48:54.810 | 463 ool-1-worker-227 | DEBUG | .a.s.ParticipantScoreScheduleService : Scheduled task for exercise 3312 and participant 773 at 2025-02-14T23:48:54.910281271Z[Etc/UTC].
    23:48:54.811 | 463 ool-1-worker-227 | DEBUG | .a.a.p.s.ProgrammingMessagingService : Send result to client over websocket. Result: Result{id836, completionDate=2025-02-14T23:48:54.790867300Z, successful=false, score=0.0, rated=true, assessmentType=AUTOMATIC, hasComplaint=null, testCaseCount=0, passedTestCaseCount=0, codeIssueCount=0}, Submission: ProgrammingSubmission{commitHash='9b3a9bd71a0d80e5bbc42204c319ed3d1d4f0d6d', buildFailed=true, buildArtifact=false, type=MANUAL}, Participation: ProgrammingExerciseStudentParticipation{id=4282, repositoryUri='https://version-control.fake.fake/git/SHORT5BD47741012E60487F0B4D70541E9EEA3F8DTSTEXC/short5bd47741012e60487f0b4d70541e9eea3f8dtstexc-progsubresgitlabjenstudent1.git', buildPlanId='SHORT5BD47741012E60487F0B4D70541E9EEA3F8DTSTEXC-PROGSUBRESGITLABJENSTUDENT1', initializationState='INITIALIZED', initializationDate='2025-02-14T23:48:54.788855Z', individualDueDate=null', presentationScore=null}
    23:48:54.813 | 463 ool-1-worker-227 | INFO  | d.t.c.a.a.a.w.o.PublicResultResource : The new result for SHORT5BD47741012E60487F0B4D70541E9EEA3F8DTSTEXC-PROGSUBRESGITLABJENSTUDENT1 was saved successfully
    23:48:54.816 | 463 ool-1-worker-227 | DEBUG | d.t.c.a.a.c.s.f.ApiVersionFilter     : Adding Version to Request GET /api/repository/4282/buildlogs
    23:48:54.816 | 463 ool-1-worker-227 | DEBUG | rammingExerciseParticipationResource : REST request to get build log : 4282
    23:48:54.820 | 463 ool-1-worker-227 | DEBUG | d.t.c.a.a.c.s.f.ApiVersionFilter     : Adding Version to Request POST /api/public/programming-exercises/new-result
    23:48:54.821 | 463 ool-1-worker-227 | DEBUG | d.t.c.a.a.a.w.o.PublicResultResource : Received result notify (NEW)
    23:48:54.822 | 463 ool-1-worker-227 | INFO  | d.t.c.a.a.a.w.o.PublicResultResource : Artemis received a new result for build plan SHORT5BD47741012E60487F0B4D70541E9EEA3F8DTSTEXC-PROGSUBRESGITLABJENSTUDENT1
    23:48:54.823 | 463 ool-1-worker-227 | DEBUG | .s.ProgrammingExerciseGradingService : Received new build result (NEW) for participation 4282
    23:48:54.841 | 463 ool-1-worker-227 | DEBUG | .c.s.m.InstanceMessageReceiveService : Received schedule participant score for exercise 3312 and participant 773 (result to be deleted: null)
    23:48:54.841 | 463 ool-1-worker-227 | DEBUG | .a.s.ParticipantScoreScheduleService : Scheduled task for exercise 3312 and participant 773 at 2025-02-14T23:48:54.941920618Z[Etc/UTC].
    23:48:54.842 | 463 ool-1-worker-227 | DEBUG | .a.a.p.s.ProgrammingMessagingService : Send result to client over websocket. Result: Result{id837, completionDate=2025-02-14T23:48:54.790867300Z, successful=false, score=0.0, rated=true, assessmentType=AUTOMATIC, hasComplaint=null, testCaseCount=0, passedTestCaseCount=0, codeIssueCount=0}, Submission: ProgrammingSubmission{commitHash='9b3a9bd71a0d80e5bbc42204c319ed3d1d4f0d6d', buildFailed=true, buildArtifact=false, type=MANUAL}, Participation: ProgrammingExerciseStudentParticipation{id=4282, repositoryUri='https://version-control.fake.fake/git/SHORT5BD47741012E60487F0B4D70541E9EEA3F8DTSTEXC/short5bd47741012e60487f0b4d70541e9eea3f8dtstexc-progsubresgitlabjenstudent1.git', buildPlanId='SHORT5BD47741012E60487F0B4D70541E9EEA3F8DTSTEXC-PROGSUBRESGITLABJENSTUDENT1', initializationState='INITIALIZED', initializationDate='2025-02-14T23:48:54.788855Z', individualDueDate=null', presentationScore=null}
    23:48:54.845 | 463 ool-1-worker-227 | INFO  | d.t.c.a.a.a.w.o.PublicResultResource : The new result for SHORT5BD47741012E60487F0B4D70541E9EEA3F8DTSTEXC-PROGSUBRESGITLABJENSTUDENT1 was saved successfully

  Starting logs for ProgrammingSubmissionAndResultGitlabJenkinsIntegrationTest > shouldSaveBuildLogsOnStudentParticipationWithoutResult(ProgrammingLanguage, boolean, boolean) [12] programmingLanguage=RUBY, enableStaticCodeAnalysis=false, buildFailed=false
    23:48:54.856 | 463 ool-1-worker-227 | DEBUG | d.t.c.a.a.c.u.util.UserUtilService   : Generate 3 students...
    23:48:54.860 | 463 ool-1-worker-227 | DEBUG | d.t.c.a.a.c.u.util.UserUtilService   : 3 students generated. Generate 2 tutors...
    23:48:54.863 | 463 ool-1-worker-227 | DEBUG | d.t.c.a.a.c.u.util.UserUtilService   : 2 tutors generated. Generate 0 editors...
    23:48:54.864 | 463 ool-1-worker-227 | DEBUG | d.t.c.a.a.c.u.util.UserUtilService   : 0 editors generated. Generate 2 instructors...
    23:48:54.867 | 463 ool-1-worker-227 | DEBUG | d.t.c.a.a.c.u.util.UserUtilService   : 2 instructors generated
    23:48:54.868 | 463 ool-1-worker-227 | DEBUG | d.t.c.a.a.c.u.util.UserUtilService   : Removing 7 users from all courses...
    23:48:54.869 | 463 ool-1-worker-227 | DEBUG | d.t.c.a.a.c.u.util.UserUtilService   : Removing 7 users from all courses. Done
    23:48:54.869 | 463 ool-1-worker-227 | DEBUG | d.t.c.a.a.c.u.util.UserUtilService   : Save 7 users to database...
    23:48:54.872 | 463 ool-1-worker-227 | DEBUG | d.t.c.a.a.c.u.util.UserUtilService   : Save 7 users to database. Done
    23:48:54.886 | 463 ool-1-worker-227 | DEBUG | PersonalAccessTokenManagementService : Generate secure vcs access token
    23:48:54.889 | 463 ool-1-worker-227 | DEBUG | PersonalAccessTokenManagementService : Generate secure vcs access token
    23:48:54.891 | 463 ool-1-worker-227 | INFO  | i.z.t.d.l.EmbeddedDatabaseReporter   : JDBC URL to connect to 'dataSource': url='jdbc:h2:tcp://localhost:41063/mem:736625c0-cf5e-400d-aeaa-8a7eabd6262b;USER=sa', scope='ProgrammingSubmissionAndResultGitlabJenkinsIntegrationTest#shouldSaveBuildLogsOnStudentParticipationWithoutResult'
    23:48:54.903 | 463 ool-1-worker-227 | DEBUG | PersonalAccessTokenManagementService : Generate secure vcs access token
    23:48:54.907 | 463 ool-1-worker-227 | DEBUG | d.t.c.a.a.c.s.f.ApiVersionFilter     : Adding Version to Request POST /api/public/programming-exercises/new-result
    23:48:54.908 | 463 ool-1-worker-227 | DEBUG | d.t.c.a.a.a.w.o.PublicResultResource : Received result notify (NEW)
    23:48:54.909 | 463 ool-1-worker-227 | INFO  | d.t.c.a.a.a.w.o.PublicResultResource : Artemis received a new result for build plan SHORTF7D8EBE4031FC0414E0803200F55D596FE30TSTEXC-PROGSUBRESGITLABJENSTUDENT1
    23:48:54.911 | 463 ool-1-worker-227 | DEBUG | .s.ProgrammingExerciseGradingService : Received new build result (NEW) for participation 4289
    23:48:54.925 | 463 ool-1-worker-227 | DEBUG | .c.s.m.InstanceMessageReceiveService : Received schedule participant score for exercise 3314 and participant 773 (result to be deleted: null)
    23:48:54.925 | 463 ool-1-worker-227 | DEBUG | .a.s.ParticipantScoreScheduleService : Scheduled task for exercise 3314 and participant 773 at 2025-02-14T23:48:55.025169385Z[Etc/UTC].
    23:48:54.925 | 463 ool-1-worker-227 | DEBUG | .a.a.p.s.ProgrammingMessagingService : Send result to client over websocket. Result: Result{id838, completionDate=2025-02-14T23:48:54.905066500Z, successful=false, score=0.0, rated=true, assessmentType=AUTOMATIC, hasComplaint=null, testCaseCount=0, passedTestCaseCount=0, codeIssueCount=0}, Submission: ProgrammingSubmission{commitHash='9b3a9bd71a0d80e5bbc42204c319ed3d1d4f0d6d', buildFailed=true, buildArtifact=false, type=MANUAL}, Participation: ProgrammingExerciseStudentParticipation{id=4289, repositoryUri='https://version-control.fake.fake/git/SHORTF7D8EBE4031FC0414E0803200F55D596FE30TSTEXC/shortf7d8ebe4031fc0414e0803200f55d596fe30tstexc-progsubresgitlabjenstudent1.git', buildPlanId='SHORTF7D8EBE4031FC0414E0803200F55D596FE30TSTEXC-PROGSUBRESGITLABJENSTUDENT1', initializationState='INITIALIZED', initializationDate='2025-02-14T23:48:54.902889Z', individualDueDate=null', presentationScore=null}
    23:48:54.928 | 463 ool-1-worker-227 | INFO  | d.t.c.a.a.a.w.o.PublicResultResource : The new result for SHORTF7D8EBE4031FC0414E0803200F55D596FE30TSTEXC-PROGSUBRESGITLABJENSTUDENT1 was saved successfully
    23:48:54.931 | 463 ool-1-worker-227 | DEBUG | d.t.c.a.a.c.s.f.ApiVersionFilter     : Adding Version to Request GET /api/repository/4289/buildlogs
    23:48:54.931 | 463 ool-1-worker-227 | DEBUG | rammingExerciseParticipationResource : REST request to get build log : 4289
    23:48:54.936 | 463 ool-1-worker-227 | DEBUG | d.t.c.a.a.c.s.f.ApiVersionFilter     : Adding Version to Request POST /api/public/programming-exercises/new-result
    23:48:54.936 | 463 ool-1-worker-227 | DEBUG | d.t.c.a.a.a.w.o.PublicResultResource : Received result notify (NEW)
    23:48:54.938 | 463 ool-1-worker-227 | INFO  | d.t.c.a.a.a.w.o.PublicResultResource : Artemis received a new result for build plan SHORTF7D8EBE4031FC0414E0803200F55D596FE30TSTEXC-PROGSUBRESGITLABJENSTUDENT1
    23:48:54.939 | 463 ool-1-worker-227 | DEBUG | .s.ProgrammingExerciseGradingService : Received new build result (NEW) for participation 4289
    23:48:54.958 | 463 ool-1-worker-227 | DEBUG | .c.s.m.InstanceMessageReceiveService : Received schedule participant score for exercise 3314 and participant 773 (result to be deleted: null)
    23:48:54.958 | 463 ool-1-worker-227 | DEBUG | .a.s.ParticipantScoreScheduleService : Scheduled task for exercise 3314 and participant 773 at 2025-02-14T23:48:55.058515455Z[Etc/UTC].
    23:48:54.959 | 463 ool-1-worker-227 | DEBUG | .a.a.p.s.ProgrammingMessagingService : Send result to client over websocket. Result: Result{id839, completionDate=2025-02-14T23:48:54.905066500Z, successful=false, score=0.0, rated=true, assessmentType=AUTOMATIC, hasComplaint=null, testCaseCount=0, passedTestCaseCount=0, codeIssueCount=0}, Submission: ProgrammingSubmission{commitHash='9b3a9bd71a0d80e5bbc42204c319ed3d1d4f0d6d', buildFailed=true, buildArtifact=false, type=MANUAL}, Participation: ProgrammingExerciseStudentParticipation{id=4289, repositoryUri='https://version-control.fake.fake/git/SHORTF7D8EBE4031FC0414E0803200F55D596FE30TSTEXC/shortf7d8ebe4031fc0414e0803200f55d596fe30tstexc-progsubresgitlabjenstudent1.git', buildPlanId='SHORTF7D8EBE4031FC0414E0803200F55D596FE30TSTEXC-PROGSUBRESGITLABJENSTUDENT1', initializationState='INITIALIZED', initializationDate='2025-02-14T23:48:54.902889Z', individualDueDate=null', presentationScore=null}
    23:48:54.961 | 463 ool-1-worker-227 | INFO  | d.t.c.a.a.a.w.o.PublicResultResource : The new result for SHORTF7D8EBE4031FC0414E0803200F55D596FE30TSTEXC-PROGSUBRESGITLABJENSTUDENT1 was saved successfully

  Starting logs for ProgrammingSubmissionAndResultGitlabJenkinsIntegrationTest > shouldSaveBuildLogsOnStudentParticipationWithoutResult(ProgrammingLanguage, boolean, boolean) [13] programmingLanguage=C, enableStaticCodeAnalysis=true, buildFailed=true
    23:48:54.973 | 463 ool-1-worker-227 | DEBUG | d.t.c.a.a.c.u.util.UserUtilService   : Generate 3 students...
    23:48:54.978 | 463 ool-1-worker-227 | DEBUG | d.t.c.a.a.c.u.util.UserUtilService   : 3 students generated. Generate 2 tutors...
    23:48:54.981 | 463 ool-1-worker-227 | DEBUG | d.t.c.a.a.c.u.util.UserUtilService   : 2 tutors generated. Generate 0 editors...
    23:48:54.982 | 463 ool-1-worker-227 | DEBUG | d.t.c.a.a.c.u.util.UserUtilService   : 0 editors generated. Generate 2 instructors...
    23:48:54.985 | 463 ool-1-worker-227 | DEBUG | d.t.c.a.a.c.u.util.UserUtilService   : 2 instructors generated
    23:48:54.986 | 463 ool-1-worker-227 | DEBUG | d.t.c.a.a.c.u.util.UserUtilService   : Removing 7 users from all courses...
    23:48:54.987 | 463 ool-1-worker-227 | DEBUG | d.t.c.a.a.c.u.util.UserUtilService   : Removing 7 users from all courses. Done
    23:48:54.987 | 463 ool-1-worker-227 | DEBUG | d.t.c.a.a.c.u.util.UserUtilService   : Save 7 users to database...
    23:48:54.990 | 463 ool-1-worker-227 | DEBUG | d.t.c.a.a.c.u.util.UserUtilService   : Save 7 users to database. Done
    23:48:55.005 | 463 ool-1-worker-227 | DEBUG | PersonalAccessTokenManagementService : Generate secure vcs access token
    23:48:55.008 | 463 ool-1-worker-227 | DEBUG | PersonalAccessTokenManagementService : Generate secure vcs access token
    23:48:55.009 | 463 ool-1-worker-227 | INFO  | i.z.t.d.l.EmbeddedDatabaseReporter   : JDBC URL to connect to 'dataSource': url='jdbc:h2:tcp://localhost:41063/mem:736625c0-cf5e-400d-aeaa-8a7eabd6262b;USER=sa', scope='ProgrammingSubmissionAndResultGitlabJenkinsIntegrationTest#shouldSaveBuildLogsOnStudentParticipationWithoutResult'
    23:48:55.022 | 463 ool-1-worker-227 | DEBUG | PersonalAccessTokenManagementService : Generate secure vcs access token
    23:48:55.025 | 463 ool-1-worker-227 | DEBUG | d.t.c.a.a.c.s.f.ApiVersionFilter     : Adding Version to Request POST /api/public/programming-exercises/new-result
    23:48:55.026 | 463 ool-1-worker-227 | DEBUG | d.t.c.a.a.a.w.o.PublicResultResource : Received result notify (NEW)
    23:48:55.027 | 463 ool-1-worker-227 | INFO  | d.t.c.a.a.a.w.o.PublicResultResource : Artemis received a new result for build plan SHORT14BCAD82053F4048540BEBE0495951F5470ATSTEXC-PROGSUBRESGITLABJENSTUDENT1
    23:48:55.029 | 463 ool-1-worker-227 | DEBUG | .s.ProgrammingExerciseGradingService : Received new build result (NEW) for participation 4296
    23:48:55.043 | 463 ool-1-worker-227 | DEBUG | .c.s.m.InstanceMessageReceiveService : Received schedule participant score for exercise 3316 and participant 773 (result to be deleted: null)
    23:48:55.043 | 463 ool-1-worker-227 | DEBUG | .a.s.ParticipantScoreScheduleService : Scheduled task for exercise 3316 and participant 773 at 2025-02-14T23:48:55.143330343Z[Etc/UTC].
    23:48:55.044 | 463 ool-1-worker-227 | DEBUG | .a.a.p.s.ProgrammingMessagingService : Send result to client over websocket. Result: Result{id840, completionDate=2025-02-14T23:48:55.023398600Z, successful=false, score=0.0, rated=true, assessmentType=AUTOMATIC, hasComplaint=null, testCaseCount=0, passedTestCaseCount=0, codeIssueCount=0}, Submission: ProgrammingSubmission{commitHash='9b3a9bd71a0d80e5bbc42204c319ed3d1d4f0d6d', buildFailed=true, buildArtifact=false, type=MANUAL}, Participation: ProgrammingExerciseStudentParticipation{id=4296, repositoryUri='https://version-control.fake.fake/git/SHORT14BCAD82053F4048540BEBE0495951F5470ATSTEXC/short14bcad82053f4048540bebe0495951f5470atstexc-progsubresgitlabjenstudent1.git', buildPlanId='SHORT14BCAD82053F4048540BEBE0495951F5470ATSTEXC-PROGSUBRESGITLABJENSTUDENT1', initializationState='INITIALIZED', initializationDate='2025-02-14T23:48:55.021233Z', individualDueDate=null', presentationScore=null}
    23:48:55.046 | 463 ool-1-worker-227 | INFO  | d.t.c.a.a.a.w.o.PublicResultResource : The new result for SHORT14BCAD82053F4048540BEBE0495951F5470ATSTEXC-PROGSUBRESGITLABJENSTUDENT1 was saved successfully
    23:48:55.049 | 463 ool-1-worker-227 | DEBUG | d.t.c.a.a.c.s.f.ApiVersionFilter     : Adding Version to Request GET /api/repository/4296/buildlogs
    23:48:55.049 | 463 ool-1-worker-227 | DEBUG | rammingExerciseParticipationResource : REST request to get build log : 4296
    23:48:55.054 | 463 ool-1-worker-227 | DEBUG | d.t.c.a.a.c.s.f.ApiVersionFilter     : Adding Version to Request POST /api/public/programming-exercises/new-result
    23:48:55.054 | 463 ool-1-worker-227 | DEBUG | d.t.c.a.a.a.w.o.PublicResultResource : Received result notify (NEW)
    23:48:55.056 | 463 ool-1-worker-227 | INFO  | d.t.c.a.a.a.w.o.PublicResultResource : Artemis received a new result for build plan SHORT14BCAD82053F4048540BEBE0495951F5470ATSTEXC-PROGSUBRESGITLABJENSTUDENT1
    23:48:55.057 | 463 ool-1-worker-227 | DEBUG | .s.ProgrammingExerciseGradingService : Received new build result (NEW) for participation 4296
    23:48:55.077 | 463 ool-1-worker-227 | DEBUG | .c.s.m.InstanceMessageReceiveService : Received schedule participant score for exercise 3316 and participant 773 (result to be deleted: null)
    23:48:55.077 | 463 ool-1-worker-227 | DEBUG | .a.s.ParticipantScoreScheduleService : Scheduled task for exercise 3316 and participant 773 at 2025-02-14T23:48:55.177145067Z[Etc/UTC].
    23:48:55.078 | 463 ool-1-worker-227 | DEBUG | .a.a.p.s.ProgrammingMessagingService : Send result to client over websocket. Result: Result{id841, completionDate=2025-02-14T23:48:55.023398600Z, successful=false, score=0.0, rated=true, assessmentType=AUTOMATIC, hasComplaint=null, testCaseCount=0, passedTestCaseCount=0, codeIssueCount=0}, Submission: ProgrammingSubmission{commitHash='9b3a9bd71a0d80e5bbc42204c319ed3d1d4f0d6d', buildFailed=true, buildArtifact=false, type=MANUAL}, Participation: ProgrammingExerciseStudentParticipation{id=4296, repositoryUri='https://version-control.fake.fake/git/SHORT14BCAD82053F4048540BEBE0495951F5470ATSTEXC/short14bcad82053f4048540bebe0495951f5470atstexc-progsubresgitlabjenstudent1.git', buildPlanId='SHORT14BCAD82053F4048540BEBE0495951F5470ATSTEXC-PROGSUBRESGITLABJENSTUDENT1', initializationState='INITIALIZED', initializationDate='2025-02-14T23:48:55.021233Z', individualDueDate=null', presentationScore=null}
    23:48:55.080 | 463 ool-1-worker-227 | INFO  | d.t.c.a.a.a.w.o.PublicResultResource : The new result for SHORT14BCAD82053F4048540BEBE0495951F5470ATSTEXC-PROGSUBRESGITLABJENSTUDENT1 was saved successfully

  Starting logs for ProgrammingSubmissionAndResultGitlabJenkinsIntegrationTest > shouldSaveBuildLogsOnStudentParticipationWithoutResult(ProgrammingLanguage, boolean, boolean) [14] programmingLanguage=C, enableStaticCodeAnalysis=false, buildFailed=true
    23:48:55.092 | 463 ool-1-worker-227 | DEBUG | d.t.c.a.a.c.u.util.UserUtilService   : Generate 3 students...
    23:48:55.096 | 463 ool-1-worker-227 | DEBUG | d.t.c.a.a.c.u.util.UserUtilService   : 3 students generated. Generate 2 tutors...
    23:48:55.099 | 463 ool-1-worker-227 | DEBUG | d.t.c.a.a.c.u.util.UserUtilService   : 2 tutors generated. Generate 0 editors...
    23:48:55.101 | 463 ool-1-worker-227 | DEBUG | d.t.c.a.a.c.u.util.UserUtilService   : 0 editors generated. Generate 2 instructors...
    23:48:55.104 | 463 ool-1-worker-227 | DEBUG | d.t.c.a.a.c.u.util.UserUtilService   : 2 instructors generated
    23:48:55.105 | 463 ool-1-worker-227 | DEBUG | d.t.c.a.a.c.u.util.UserUtilService   : Removing 7 users from all courses...
    23:48:55.106 | 463 ool-1-worker-227 | DEBUG | d.t.c.a.a.c.u.util.UserUtilService   : Removing 7 users from all courses. Done
    23:48:55.106 | 463 ool-1-worker-227 | DEBUG | d.t.c.a.a.c.u.util.UserUtilService   : Save 7 users to database...
    23:48:55.109 | 463 ool-1-worker-227 | DEBUG | d.t.c.a.a.c.u.util.UserUtilService   : Save 7 users to database. Done
    23:48:55.123 | 463 ool-1-worker-227 | DEBUG | PersonalAccessTokenManagementService : Generate secure vcs access token
    23:48:55.125 | 463 ool-1-worker-227 | DEBUG | PersonalAccessTokenManagementService : Generate secure vcs access token
    23:48:55.127 | 463 ool-1-worker-227 | INFO  | i.z.t.d.l.EmbeddedDatabaseReporter   : JDBC URL to connect to 'dataSource': url='jdbc:h2:tcp://localhost:41063/mem:736625c0-cf5e-400d-aeaa-8a7eabd6262b;USER=sa', scope='ProgrammingSubmissionAndResultGitlabJenkinsIntegrationTest#shouldSaveBuildLogsOnStudentParticipationWithoutResult'
    23:48:55.138 | 463 ool-1-worker-227 | DEBUG | PersonalAccessTokenManagementService : Generate secure vcs access token
    23:48:55.142 | 463 ool-1-worker-227 | DEBUG | d.t.c.a.a.c.s.f.ApiVersionFilter     : Adding Version to Request POST /api/public/programming-exercises/new-result
    23:48:55.142 | 463 ool-1-worker-227 | DEBUG | d.t.c.a.a.a.w.o.PublicResultResource : Received result notify (NEW)
    23:48:55.144 | 463 ool-1-worker-227 | INFO  | d.t.c.a.a.a.w.o.PublicResultResource : Artemis received a new result for build plan SHORT4197DCCD0E9D004728080A707404F4809B18TSTEXC-PROGSUBRESGITLABJENSTUDENT1
    23:48:55.146 | 463 ool-1-worker-227 | DEBUG | .s.ProgrammingExerciseGradingService : Received new build result (NEW) for participation 4303
    23:48:55.160 | 463 ool-1-worker-227 | DEBUG | .c.s.m.InstanceMessageReceiveService : Received schedule participant score for exercise 3318 and participant 773 (result to be deleted: null)
    23:48:55.160 | 463 ool-1-worker-227 | DEBUG | .a.s.ParticipantScoreScheduleService : Scheduled task for exercise 3318 and participant 773 at 2025-02-14T23:48:55.260170548Z[Etc/UTC].
    23:48:55.160 | 463 ool-1-worker-227 | DEBUG | .a.a.p.s.ProgrammingMessagingService : Send result to client over websocket. Result: Result{id842, completionDate=2025-02-14T23:48:55.140157700Z, successful=false, score=0.0, rated=true, assessmentType=AUTOMATIC, hasComplaint=null, testCaseCount=0, passedTestCaseCount=0, codeIssueCount=0}, Submission: ProgrammingSubmission{commitHash='9b3a9bd71a0d80e5bbc42204c319ed3d1d4f0d6d', buildFailed=true, buildArtifact=false, type=MANUAL}, Participation: ProgrammingExerciseStudentParticipation{id=4303, repositoryUri='https://version-control.fake.fake/git/SHORT4197DCCD0E9D004728080A707404F4809B18TSTEXC/short4197dccd0e9d004728080a707404f4809b18tstexc-progsubresgitlabjenstudent1.git', buildPlanId='SHORT4197DCCD0E9D004728080A707404F4809B18TSTEXC-PROGSUBRESGITLABJENSTUDENT1', initializationState='INITIALIZED', initializationDate='2025-02-14T23:48:55.138151Z', individualDueDate=null', presentationScore=null}
    23:48:55.163 | 463 ool-1-worker-227 | INFO  | d.t.c.a.a.a.w.o.PublicResultResource : The new result for SHORT4197DCCD0E9D004728080A707404F4809B18TSTEXC-PROGSUBRESGITLABJENSTUDENT1 was saved successfully
    23:48:55.166 | 463 ool-1-worker-227 | DEBUG | d.t.c.a.a.c.s.f.ApiVersionFilter     : Adding Version to Request GET /api/repository/4303/buildlogs
    23:48:55.166 | 463 ool-1-worker-227 | DEBUG | rammingExerciseParticipationResource : REST request to get build log : 4303
    23:48:55.171 | 463 ool-1-worker-227 | DEBUG | d.t.c.a.a.c.s.f.ApiVersionFilter     : Adding Version to Request POST /api/public/programming-exercises/new-result
    23:48:55.171 | 463 ool-1-worker-227 | DEBUG | d.t.c.a.a.a.w.o.PublicResultResource : Received result notify (NEW)
    23:48:55.173 | 463 ool-1-worker-227 | INFO  | d.t.c.a.a.a.w.o.PublicResultResource : Artemis received a new result for build plan SHORT4197DCCD0E9D004728080A707404F4809B18TSTEXC-PROGSUBRESGITLABJENSTUDENT1
    23:48:55.174 | 463 ool-1-worker-227 | DEBUG | .s.ProgrammingExerciseGradingService : Received new build result (NEW) for participation 4303
    23:48:55.193 | 463 ool-1-worker-227 | DEBUG | .c.s.m.InstanceMessageReceiveService : Received schedule participant score for exercise 3318 and participant 773 (result to be deleted: null)
    23:48:55.193 | 463 ool-1-worker-227 | DEBUG | .a.s.ParticipantScoreScheduleService : Scheduled task for exercise 3318 and participant 773 at 2025-02-14T23:48:55.293392957Z[Etc/UTC].
    23:48:55.194 | 463 ool-1-worker-227 | DEBUG | .a.a.p.s.ProgrammingMessagingService : Send result to client over websocket. Result: Result{id843, completionDate=2025-02-14T23:48:55.140157700Z, successful=false, score=0.0, rated=true, assessmentType=AUTOMATIC, hasComplaint=null, testCaseCount=0, passedTestCaseCount=0, codeIssueCount=0}, Submission: ProgrammingSubmission{commitHash='9b3a9bd71a0d80e5bbc42204c319ed3d1d4f0d6d', buildFailed=true, buildArtifact=false, type=MANUAL}, Participation: ProgrammingExerciseStudentParticipation{id=4303, repositoryUri='https://version-control.fake.fake/git/SHORT4197DCCD0E9D004728080A707404F4809B18TSTEXC/short4197dccd0e9d004728080a707404f4809b18tstexc-progsubresgitlabjenstudent1.git', buildPlanId='SHORT4197DCCD0E9D004728080A707404F4809B18TSTEXC-PROGSUBRESGITLABJENSTUDENT1', initializationState='INITIALIZED', initializationDate='2025-02-14T23:48:55.138151Z', individualDueDate=null', presentationScore=null}
    23:48:55.196 | 463 ool-1-worker-227 | INFO  | d.t.c.a.a.a.w.o.PublicResultResource : The new result for SHORT4197DCCD0E9D004728080A707404F4809B18TSTEXC-PROGSUBRESGITLABJENSTUDENT1 was saved successfully

  Starting logs for ProgrammingSubmissionAndResultGitlabJenkinsIntegrationTest > shouldSaveBuildLogsOnStudentParticipationWithoutResult(ProgrammingLanguage, boolean, boolean) [15] programmingLanguage=C, enableStaticCodeAnalysis=true, buildFailed=false
    23:48:55.208 | 463 ool-1-worker-227 | DEBUG | d.t.c.a.a.c.u.util.UserUtilService   : Generate 3 students...
    23:48:55.212 | 463 ool-1-worker-227 | DEBUG | d.t.c.a.a.c.u.util.UserUtilService   : 3 students generated. Generate 2 tutors...
    23:48:55.215 | 463 ool-1-worker-227 | DEBUG | d.t.c.a.a.c.u.util.UserUtilService   : 2 tutors generated. Generate 0 editors...
    23:48:55.217 | 463 ool-1-worker-227 | DEBUG | d.t.c.a.a.c.u.util.UserUtilService   : 0 editors generated. Generate 2 instructors...
    23:48:55.220 | 463 ool-1-worker-227 | DEBUG | d.t.c.a.a.c.u.util.UserUtilService   : 2 instructors generated
    23:48:55.221 | 463 ool-1-worker-227 | DEBUG | d.t.c.a.a.c.u.util.UserUtilService   : Removing 7 users from all courses...
    23:48:55.221 | 463 ool-1-worker-227 | DEBUG | d.t.c.a.a.c.u.util.UserUtilService   : Removing 7 users from all courses. Done
    23:48:55.221 | 463 ool-1-worker-227 | DEBUG | d.t.c.a.a.c.u.util.UserUtilService   : Save 7 users to database...
    23:48:55.225 | 463 ool-1-worker-227 | DEBUG | d.t.c.a.a.c.u.util.UserUtilService   : Save 7 users to database. Done
    23:48:55.238 | 463 ool-1-worker-227 | DEBUG | PersonalAccessTokenManagementService : Generate secure vcs access token
    23:48:55.241 | 463 ool-1-worker-227 | DEBUG | PersonalAccessTokenManagementService : Generate secure vcs access token
    23:48:55.243 | 463 ool-1-worker-227 | INFO  | i.z.t.d.l.EmbeddedDatabaseReporter   : JDBC URL to connect to 'dataSource': url='jdbc:h2:tcp://localhost:41063/mem:736625c0-cf5e-400d-aeaa-8a7eabd6262b;USER=sa', scope='ProgrammingSubmissionAndResultGitlabJenkinsIntegrationTest#shouldSaveBuildLogsOnStudentParticipationWithoutResult'
    23:48:55.254 | 463 ool-1-worker-227 | DEBUG | PersonalAccessTokenManagementService : Generate secure vcs access token
    23:48:55.258 | 463 ool-1-worker-227 | DEBUG | d.t.c.a.a.c.s.f.ApiVersionFilter     : Adding Version to Request POST /api/public/programming-exercises/new-result
    23:48:55.258 | 463 ool-1-worker-227 | DEBUG | d.t.c.a.a.a.w.o.PublicResultResource : Received result notify (NEW)
    23:48:55.260 | 463 ool-1-worker-227 | INFO  | d.t.c.a.a.a.w.o.PublicResultResource : Artemis received a new result for build plan SHORT3E78D77F098CD048230BF0E0D6C34198AD90TSTEXC-PROGSUBRESGITLABJENSTUDENT1
    23:48:55.261 | 463 ool-1-worker-227 | DEBUG | .s.ProgrammingExerciseGradingService : Received new build result (NEW) for participation 4310
    23:48:55.274 | 463 ool-1-worker-227 | DEBUG | .c.s.m.InstanceMessageReceiveService : Received schedule participant score for exercise 3320 and participant 773 (result to be deleted: null)
    23:48:55.274 | 463 ool-1-worker-227 | DEBUG | .a.s.ParticipantScoreScheduleService : Scheduled task for exercise 3320 and participant 773 at 2025-02-14T23:48:55.374942225Z[Etc/UTC].
    23:48:55.275 | 463 ool-1-worker-227 | DEBUG | .a.a.p.s.ProgrammingMessagingService : Send result to client over websocket. Result: Result{id844, completionDate=2025-02-14T23:48:55.255967600Z, successful=false, score=0.0, rated=true, assessmentType=AUTOMATIC, hasComplaint=null, testCaseCount=0, passedTestCaseCount=0, codeIssueCount=0}, Submission: ProgrammingSubmission{commitHash='9b3a9bd71a0d80e5bbc42204c319ed3d1d4f0d6d', buildFailed=true, buildArtifact=false, type=MANUAL}, Participation: ProgrammingExerciseStudentParticipation{id=4310, repositoryUri='https://version-control.fake.fake/git/SHORT3E78D77F098CD048230BF0E0D6C34198AD90TSTEXC/short3e78d77f098cd048230bf0e0d6c34198ad90tstexc-progsubresgitlabjenstudent1.git', buildPlanId='SHORT3E78D77F098CD048230BF0E0D6C34198AD90TSTEXC-PROGSUBRESGITLABJENSTUDENT1', initializationState='INITIALIZED', initializationDate='2025-02-14T23:48:55.254007Z', individualDueDate=null', presentationScore=null}
    23:48:55.278 | 463 ool-1-worker-227 | INFO  | d.t.c.a.a.a.w.o.PublicResultResource : The new result for SHORT3E78D77F098CD048230BF0E0D6C34198AD90TSTEXC-PROGSUBRESGITLABJENSTUDENT1 was saved successfully
    23:48:55.280 | 463 ool-1-worker-227 | DEBUG | d.t.c.a.a.c.s.f.ApiVersionFilter     : Adding Version to Request GET /api/repository/4310/buildlogs
    23:48:55.281 | 463 ool-1-worker-227 | DEBUG | rammingExerciseParticipationResource : REST request to get build log : 4310
    23:48:55.285 | 463 ool-1-worker-227 | DEBUG | d.t.c.a.a.c.s.f.ApiVersionFilter     : Adding Version to Request POST /api/public/programming-exercises/new-result
    23:48:55.285 | 463 ool-1-worker-227 | DEBUG | d.t.c.a.a.a.w.o.PublicResultResource : Received result notify (NEW)
    23:48:55.287 | 463 ool-1-worker-227 | INFO  | d.t.c.a.a.a.w.o.PublicResultResource : Artemis received a new result for build plan SHORT3E78D77F098CD048230BF0E0D6C34198AD90TSTEXC-PROGSUBRESGITLABJENSTUDENT1
    23:48:55.288 | 463 ool-1-worker-227 | DEBUG | .s.ProgrammingExerciseGradingService : Received new build result (NEW) for participation 4310
    23:48:55.306 | 463 ool-1-worker-227 | DEBUG | .c.s.m.InstanceMessageReceiveService : Received schedule participant score for exercise 3320 and participant 773 (result to be deleted: null)
    23:48:55.306 | 463 ool-1-worker-227 | DEBUG | .a.s.ParticipantScoreScheduleService : Scheduled task for exercise 3320 and participant 773 at 2025-02-14T23:48:55.406398010Z[Etc/UTC].
    23:48:55.307 | 463 ool-1-worker-227 | DEBUG | .a.a.p.s.ProgrammingMessagingService : Send result to client over websocket. Result: Result{id845, completionDate=2025-02-14T23:48:55.255967600Z, successful=false, score=0.0, rated=true, assessmentType=AUTOMATIC, hasComplaint=null, testCaseCount=0, passedTestCaseCount=0, codeIssueCount=0}, Submission: ProgrammingSubmission{commitHash='9b3a9bd71a0d80e5bbc42204c319ed3d1d4f0d6d', buildFailed=true, buildArtifact=false, type=MANUAL}, Participation: ProgrammingExerciseStudentParticipation{id=4310, repositoryUri='https://version-control.fake.fake/git/SHORT3E78D77F098CD048230BF0E0D6C34198AD90TSTEXC/short3e78d77f098cd048230bf0e0d6c34198ad90tstexc-progsubresgitlabjenstudent1.git', buildPlanId='SHORT3E78D77F098CD048230BF0E0D6C34198AD90TSTEXC-PROGSUBRESGITLABJENSTUDENT1', initializationState='INITIALIZED', initializationDate='2025-02-14T23:48:55.254007Z', individualDueDate=null', presentationScore=null}
    23:48:55.309 | 463 ool-1-worker-227 | INFO  | d.t.c.a.a.a.w.o.PublicResultResource : The new result for SHORT3E78D77F098CD048230BF0E0D6C34198AD90TSTEXC-PROGSUBRESGITLABJENSTUDENT1 was saved successfully

  Starting logs for ProgrammingSubmissionAndResultGitlabJenkinsIntegrationTest > shouldSaveBuildLogsOnStudentParticipationWithoutResult(ProgrammingLanguage, boolean, boolean) [16] programmingLanguage=C, enableStaticCodeAnalysis=false, buildFailed=false
    23:48:55.320 | 463 ool-1-worker-227 | DEBUG | d.t.c.a.a.c.u.util.UserUtilService   : Generate 3 students...
    23:48:55.325 | 463 ool-1-worker-227 | DEBUG | d.t.c.a.a.c.u.util.UserUtilService   : 3 students generated. Generate 2 tutors...
    23:48:55.328 | 463 ool-1-worker-227 | DEBUG | d.t.c.a.a.c.u.util.UserUtilService   : 2 tutors generated. Generate 0 editors...
    23:48:55.329 | 463 ool-1-worker-227 | DEBUG | d.t.c.a.a.c.u.util.UserUtilService   : 0 editors generated. Generate 2 instructors...
    23:48:55.332 | 463 ool-1-worker-227 | DEBUG | d.t.c.a.a.c.u.util.UserUtilService   : 2 instructors generated
    23:48:55.333 | 463 ool-1-worker-227 | DEBUG | d.t.c.a.a.c.u.util.UserUtilService   : Removing 7 users from all courses...
    23:48:55.333 | 463 ool-1-worker-227 | DEBUG | d.t.c.a.a.c.u.util.UserUtilService   : Removing 7 users from all courses. Done
    23:48:55.333 | 463 ool-1-worker-227 | DEBUG | d.t.c.a.a.c.u.util.UserUtilService   : Save 7 users to database...
    23:48:55.336 | 463 ool-1-worker-227 | DEBUG | d.t.c.a.a.c.u.util.UserUtilService   : Save 7 users to database. Done
    23:48:55.350 | 463 ool-1-worker-227 | DEBUG | PersonalAccessTokenManagementService : Generate secure vcs access token
    23:48:55.353 | 463 ool-1-worker-227 | DEBUG | PersonalAccessTokenManagementService : Generate secure vcs access token
    23:48:55.354 | 463 ool-1-worker-227 | INFO  | i.z.t.d.l.EmbeddedDatabaseReporter   : JDBC URL to connect to 'dataSource': url='jdbc:h2:tcp://localhost:41063/mem:736625c0-cf5e-400d-aeaa-8a7eabd6262b;USER=sa', scope='ProgrammingSubmissionAndResultGitlabJenkinsIntegrationTest#shouldSaveBuildLogsOnStudentParticipationWithoutResult'
    23:48:55.366 | 463 ool-1-worker-227 | DEBUG | PersonalAccessTokenManagementService : Generate secure vcs access token
    23:48:55.369 | 463 ool-1-worker-227 | DEBUG | d.t.c.a.a.c.s.f.ApiVersionFilter     : Adding Version to Request POST /api/public/programming-exercises/new-result
    23:48:55.369 | 463 ool-1-worker-227 | DEBUG | d.t.c.a.a.a.w.o.PublicResultResource : Received result notify (NEW)
    23:48:55.371 | 463 ool-1-worker-227 | INFO  | d.t.c.a.a.a.w.o.PublicResultResource : Artemis received a new result for build plan SHORT57DE05740C08C04C1F08CF60A3D972F441F3TSTEXC-PROGSUBRESGITLABJENSTUDENT1
    23:48:55.372 | 463 ool-1-worker-227 | DEBUG | .s.ProgrammingExerciseGradingService : Received new build result (NEW) for participation 4317
    23:48:55.385 | 463 ool-1-worker-227 | DEBUG | .c.s.m.InstanceMessageReceiveService : Received schedule participant score for exercise 3322 and participant 773 (result to be deleted: null)
    23:48:55.385 | 463 ool-1-worker-227 | DEBUG | .a.s.ParticipantScoreScheduleService : Scheduled task for exercise 3322 and participant 773 at 2025-02-14T23:48:55.485670301Z[Etc/UTC].
    23:48:55.386 | 463 ool-1-worker-227 | DEBUG | .a.a.p.s.ProgrammingMessagingService : Send result to client over websocket. Result: Result{id846, completionDate=2025-02-14T23:48:55.367195600Z, successful=false, score=0.0, rated=true, assessmentType=AUTOMATIC, hasComplaint=null, testCaseCount=0, passedTestCaseCount=0, codeIssueCount=0}, Submission: ProgrammingSubmission{commitHash='9b3a9bd71a0d80e5bbc42204c319ed3d1d4f0d6d', buildFailed=true, buildArtifact=false, type=MANUAL}, Participation: ProgrammingExerciseStudentParticipation{id=4317, repositoryUri='https://version-control.fake.fake/git/SHORT57DE05740C08C04C1F08CF60A3D972F441F3TSTEXC/short57de05740c08c04c1f08cf60a3d972f441f3tstexc-progsubresgitlabjenstudent1.git', buildPlanId='SHORT57DE05740C08C04C1F08CF60A3D972F441F3TSTEXC-PROGSUBRESGITLABJENSTUDENT1', initializationState='INITIALIZED', initializationDate='2025-02-14T23:48:55.365253Z', individualDueDate=null', presentationScore=null}
    23:48:55.388 | 463 ool-1-worker-227 | INFO  | d.t.c.a.a.a.w.o.PublicResultResource : The new result for SHORT57DE05740C08C04C1F08CF60A3D972F441F3TSTEXC-PROGSUBRESGITLABJENSTUDENT1 was saved successfully
    23:48:55.391 | 463 ool-1-worker-227 | DEBUG | d.t.c.a.a.c.s.f.ApiVersionFilter     : Adding Version to Request GET /api/repository/4317/buildlogs
    23:48:55.391 | 463 ool-1-worker-227 | DEBUG | rammingExerciseParticipationResource : REST request to get build log : 4317
    23:48:55.395 | 463 ool-1-worker-227 | DEBUG | d.t.c.a.a.c.s.f.ApiVersionFilter     : Adding Version to Request POST /api/public/programming-exercises/new-result
    23:48:55.395 | 463 ool-1-worker-227 | DEBUG | d.t.c.a.a.a.w.o.PublicResultResource : Received result notify (NEW)
    23:48:55.397 | 463 ool-1-worker-227 | INFO  | d.t.c.a.a.a.w.o.PublicResultResource : Artemis received a new result for build plan SHORT57DE05740C08C04C1F08CF60A3D972F441F3TSTEXC-PROGSUBRESGITLABJENSTUDENT1
    23:48:55.398 | 463 ool-1-worker-227 | DEBUG | .s.ProgrammingExerciseGradingService : Received new build result (NEW) for participation 4317
    23:48:55.416 | 463 ool-1-worker-227 | DEBUG | .c.s.m.InstanceMessageReceiveService : Received schedule participant score for exercise 3322 and participant 773 (result to be deleted: null)
    23:48:55.416 | 463 ool-1-worker-227 | DEBUG | .a.s.ParticipantScoreScheduleService : Scheduled task for exercise 3322 and participant 773 at 2025-02-14T23:48:55.516538811Z[Etc/UTC].
    23:48:55.417 | 463 ool-1-worker-227 | DEBUG | .a.a.p.s.ProgrammingMessagingService : Send result to client over websocket. Result: Result{id847, completionDate=2025-02-14T23:48:55.367195600Z, successful=false, score=0.0, rated=true, assessmentType=AUTOMATIC, hasComplaint=null, testCaseCount=0, passedTestCaseCount=0, codeIssueCount=0}, Submission: ProgrammingSubmission{commitHash='9b3a9bd71a0d80e5bbc42204c319ed3d1d4f0d6d', buildFailed=true, buildArtifact=false, type=MANUAL}, Participation: ProgrammingExerciseStudentParticipation{id=4317, repositoryUri='https://version-control.fake.fake/git/SHORT57DE05740C08C04C1F08CF60A3D972F441F3TSTEXC/short57de05740c08c04c1f08cf60a3d972f441f3tstexc-progsubresgitlabjenstudent1.git', buildPlanId='SHORT57DE05740C08C04C1F08CF60A3D972F441F3TSTEXC-PROGSUBRESGITLABJENSTUDENT1', initializationState='INITIALIZED', initializationDate='2025-02-14T23:48:55.365253Z', individualDueDate=null', presentationScore=null}
    23:48:55.419 | 463 ool-1-worker-227 | INFO  | d.t.c.a.a.a.w.o.PublicResultResource : The new result for SHORT57DE05740C08C04C1F08CF60A3D972F441F3TSTEXC-PROGSUBRESGITLABJENSTUDENT1 was saved successfully

  Starting logs for ProgrammingSubmissionAndResultGitlabJenkinsIntegrationTest > shouldSaveBuildLogsOnStudentParticipationWithoutResult(ProgrammingLanguage, boolean, boolean) [17] programmingLanguage=HASKELL, enableStaticCodeAnalysis=true, buildFailed=true
    23:48:55.430 | 463 ool-1-worker-227 | DEBUG | d.t.c.a.a.c.u.util.UserUtilService   : Generate 3 students...
    23:48:55.434 | 463 ool-1-worker-227 | DEBUG | d.t.c.a.a.c.u.util.UserUtilService   : 3 students generated. Generate 2 tutors...
    23:48:55.437 | 463 ool-1-worker-227 | DEBUG | d.t.c.a.a.c.u.util.UserUtilService   : 2 tutors generated. Generate 0 editors...
    23:48:55.438 | 463 ool-1-worker-227 | DEBUG | d.t.c.a.a.c.u.util.UserUtilService   : 0 editors generated. Generate 2 instructors...
    23:48:55.441 | 463 ool-1-worker-227 | DEBUG | d.t.c.a.a.c.u.util.UserUtilService   : 2 instructors generated
    23:48:55.442 | 463 ool-1-worker-227 | DEBUG | d.t.c.a.a.c.u.util.UserUtilService   : Removing 7 users from all courses...
    23:48:55.443 | 463 ool-1-worker-227 | DEBUG | d.t.c.a.a.c.u.util.UserUtilService   : Removing 7 users from all courses. Done
    23:48:55.443 | 463 ool-1-worker-227 | DEBUG | d.t.c.a.a.c.u.util.UserUtilService   : Save 7 users to database...
    23:48:55.446 | 463 ool-1-worker-227 | DEBUG | d.t.c.a.a.c.u.util.UserUtilService   : Save 7 users to database. Done
    23:48:55.459 | 463 ool-1-worker-227 | DEBUG | PersonalAccessTokenManagementService : Generate secure vcs access token
    23:48:55.462 | 463 ool-1-worker-227 | DEBUG | PersonalAccessTokenManagementService : Generate secure vcs access token
    23:48:55.464 | 463 ool-1-worker-227 | INFO  | i.z.t.d.l.EmbeddedDatabaseReporter   : JDBC URL to connect to 'dataSource': url='jdbc:h2:tcp://localhost:41063/mem:736625c0-cf5e-400d-aeaa-8a7eabd6262b;USER=sa', scope='ProgrammingSubmissionAndResultGitlabJenkinsIntegrationTest#shouldSaveBuildLogsOnStudentParticipationWithoutResult'
    23:48:55.478 | 463 ool-1-worker-227 | DEBUG | PersonalAccessTokenManagementService : Generate secure vcs access token
    23:48:55.482 | 463 ool-1-worker-227 | DEBUG | d.t.c.a.a.c.s.f.ApiVersionFilter     : Adding Version to Request POST /api/public/programming-exercises/new-result
    23:48:55.483 | 463 ool-1-worker-227 | DEBUG | d.t.c.a.a.a.w.o.PublicResultResource : Received result notify (NEW)
    23:48:55.485 | 463 ool-1-worker-227 | INFO  | d.t.c.a.a.a.w.o.PublicResultResource : Artemis received a new result for build plan SHORTB75C57DF02E3A04AEB081670777FE27D0301TSTEXC-PROGSUBRESGITLABJENSTUDENT1
    23:48:55.487 | 463 ool-1-worker-227 | DEBUG | .s.ProgrammingExerciseGradingService : Received new build result (NEW) for participation 4324
    23:48:55.500 | 463 ool-1-worker-227 | DEBUG | .c.s.m.InstanceMessageReceiveService : Received schedule participant score for exercise 3324 and participant 773 (result to be deleted: null)
    23:48:55.500 | 463 ool-1-worker-227 | DEBUG | .a.s.ParticipantScoreScheduleService : Scheduled task for exercise 3324 and participant 773 at 2025-02-14T23:48:55.600752047Z[Etc/UTC].
    23:48:55.501 | 463 ool-1-worker-227 | DEBUG | .a.a.p.s.ProgrammingMessagingService : Send result to client over websocket. Result: Result{id848, completionDate=2025-02-14T23:48:55.479710600Z, successful=false, score=0.0, rated=true, assessmentType=AUTOMATIC, hasComplaint=null, testCaseCount=0, passedTestCaseCount=0, codeIssueCount=0}, Submission: ProgrammingSubmission{commitHash='9b3a9bd71a0d80e5bbc42204c319ed3d1d4f0d6d', buildFailed=true, buildArtifact=false, type=MANUAL}, Participation: ProgrammingExerciseStudentParticipation{id=4324, repositoryUri='https://version-control.fake.fake/git/SHORTB75C57DF02E3A04AEB081670777FE27D0301TSTEXC/shortb75c57df02e3a04aeb081670777fe27d0301tstexc-progsubresgitlabjenstudent1.git', buildPlanId='SHORTB75C57DF02E3A04AEB081670777FE27D0301TSTEXC-PROGSUBRESGITLABJENSTUDENT1', initializationState='INITIALIZED', initializationDate='2025-02-14T23:48:55.477760Z', individualDueDate=null', presentationScore=null}
    23:48:55.503 | 463 ool-1-worker-227 | INFO  | d.t.c.a.a.a.w.o.PublicResultResource : The new result for SHORTB75C57DF02E3A04AEB081670777FE27D0301TSTEXC-PROGSUBRESGITLABJENSTUDENT1 was saved successfully
    23:48:55.506 | 463 ool-1-worker-227 | DEBUG | d.t.c.a.a.c.s.f.ApiVersionFilter     : Adding Version to Request GET /api/repository/4324/buildlogs
    23:48:55.506 | 463 ool-1-worker-227 | DEBUG | rammingExerciseParticipationResource : REST request to get build log : 4324
    23:48:55.510 | 463 ool-1-worker-227 | DEBUG | d.t.c.a.a.c.s.f.ApiVersionFilter     : Adding Version to Request POST /api/public/programming-exercises/new-result
    23:48:55.511 | 463 ool-1-worker-227 | DEBUG | d.t.c.a.a.a.w.o.PublicResultResource : Received result notify (NEW)
    23:48:55.512 | 463 ool-1-worker-227 | INFO  | d.t.c.a.a.a.w.o.PublicResultResource : Artemis received a new result for build plan SHORTB75C57DF02E3A04AEB081670777FE27D0301TSTEXC-PROGSUBRESGITLABJENSTUDENT1
    23:48:55.513 | 463 ool-1-worker-227 | DEBUG | .s.ProgrammingExerciseGradingService : Received new build result (NEW) for participation 4324
    23:48:55.531 | 463 ool-1-worker-227 | DEBUG | .c.s.m.InstanceMessageReceiveService : Received schedule participant score for exercise 3324 and participant 773 (result to be deleted: null)
    23:48:55.531 | 463 ool-1-worker-227 | DEBUG | .a.s.ParticipantScoreScheduleService : Scheduled task for exercise 3324 and participant 773 at 2025-02-14T23:48:55.631387110Z[Etc/UTC].
    23:48:55.532 | 463 ool-1-worker-227 | DEBUG | .a.a.p.s.ProgrammingMessagingService : Send result to client over websocket. Result: Result{id849, completionDate=2025-02-14T23:48:55.479710600Z, successful=false, score=0.0, rated=true, assessmentType=AUTOMATIC, hasComplaint=null, testCaseCount=0, passedTestCaseCount=0, codeIssueCount=0}, Submission: ProgrammingSubmission{commitHash='9b3a9bd71a0d80e5bbc42204c319ed3d1d4f0d6d', buildFailed=true, buildArtifact=false, type=MANUAL}, Participation: ProgrammingExerciseStudentParticipation{id=4324, repositoryUri='https://version-control.fake.fake/git/SHORTB75C57DF02E3A04AEB081670777FE27D0301TSTEXC/shortb75c57df02e3a04aeb081670777fe27d0301tstexc-progsubresgitlabjenstudent1.git', buildPlanId='SHORTB75C57DF02E3A04AEB081670777FE27D0301TSTEXC-PROGSUBRESGITLABJENSTUDENT1', initializationState='INITIALIZED', initializationDate='2025-02-14T23:48:55.477760Z', individualDueDate=null', presentationScore=null}
    23:48:55.534 | 463 ool-1-worker-227 | INFO  | d.t.c.a.a.a.w.o.PublicResultResource : The new result for SHORTB75C57DF02E3A04AEB081670777FE27D0301TSTEXC-PROGSUBRESGITLABJENSTUDENT1 was saved successfully

  Starting logs for ProgrammingSubmissionAndResultGitlabJenkinsIntegrationTest > shouldSaveBuildLogsOnStudentParticipationWithoutResult(ProgrammingLanguage, boolean, boolean) [18] programmingLanguage=HASKELL, enableStaticCodeAnalysis=false, buildFailed=true
    23:48:55.545 | 463 ool-1-worker-227 | DEBUG | d.t.c.a.a.c.u.util.UserUtilService   : Generate 3 students...
    23:48:55.549 | 463 ool-1-worker-227 | DEBUG | d.t.c.a.a.c.u.util.UserUtilService   : 3 students generated. Generate 2 tutors...
    23:48:55.552 | 463 ool-1-worker-227 | DEBUG | d.t.c.a.a.c.u.util.UserUtilService   : 2 tutors generated. Generate 0 editors...
    23:48:55.553 | 463 ool-1-worker-227 | DEBUG | d.t.c.a.a.c.u.util.UserUtilService   : 0 editors generated. Generate 2 instructors...
    23:48:55.556 | 463 ool-1-worker-227 | DEBUG | d.t.c.a.a.c.u.util.UserUtilService   : 2 instructors generated
    23:48:55.557 | 463 ool-1-worker-227 | DEBUG | d.t.c.a.a.c.u.util.UserUtilService   : Removing 7 users from all courses...
    23:48:55.558 | 463 ool-1-worker-227 | DEBUG | d.t.c.a.a.c.u.util.UserUtilService   : Removing 7 users from all courses. Done
    23:48:55.558 | 463 ool-1-worker-227 | DEBUG | d.t.c.a.a.c.u.util.UserUtilService   : Save 7 users to database...
    23:48:55.561 | 463 ool-1-worker-227 | DEBUG | d.t.c.a.a.c.u.util.UserUtilService   : Save 7 users to database. Done
    23:48:55.575 | 463 ool-1-worker-227 | DEBUG | PersonalAccessTokenManagementService : Generate secure vcs access token
    23:48:55.577 | 463 ool-1-worker-227 | DEBUG | PersonalAccessTokenManagementService : Generate secure vcs access token
    23:48:55.579 | 463 ool-1-worker-227 | INFO  | i.z.t.d.l.EmbeddedDatabaseReporter   : JDBC URL to connect to 'dataSource': url='jdbc:h2:tcp://localhost:41063/mem:736625c0-cf5e-400d-aeaa-8a7eabd6262b;USER=sa', scope='ProgrammingSubmissionAndResultGitlabJenkinsIntegrationTest#shouldSaveBuildLogsOnStudentParticipationWithoutResult'
    23:48:55.591 | 463 ool-1-worker-227 | DEBUG | PersonalAccessTokenManagementService : Generate secure vcs access token
    23:48:55.594 | 463 ool-1-worker-227 | DEBUG | d.t.c.a.a.c.s.f.ApiVersionFilter     : Adding Version to Request POST /api/public/programming-exercises/new-result
    23:48:55.594 | 463 ool-1-worker-227 | DEBUG | d.t.c.a.a.a.w.o.PublicResultResource : Received result notify (NEW)
    23:48:55.596 | 463 ool-1-worker-227 | INFO  | d.t.c.a.a.a.w.o.PublicResultResource : Artemis received a new result for build plan SHORT1F656B3401C1204BBE0AF0F0A00BBC14904ETSTEXC-PROGSUBRESGITLABJENSTUDENT1
    23:48:55.597 | 463 ool-1-worker-227 | DEBUG | .s.ProgrammingExerciseGradingService : Received new build result (NEW) for participation 4331
    23:48:55.610 | 463 ool-1-worker-227 | DEBUG | .c.s.m.InstanceMessageReceiveService : Received schedule participant score for exercise 3326 and participant 773 (result to be deleted: null)
    23:48:55.611 | 463 ool-1-worker-227 | DEBUG | .a.s.ParticipantScoreScheduleService : Scheduled task for exercise 3326 and participant 773 at 2025-02-14T23:48:55.711021257Z[Etc/UTC].
    23:48:55.611 | 463 ool-1-worker-227 | DEBUG | .a.a.p.s.ProgrammingMessagingService : Send result to client over websocket. Result: Result{id850, completionDate=2025-02-14T23:48:55.592269Z, successful=false, score=0.0, rated=true, assessmentType=AUTOMATIC, hasComplaint=null, testCaseCount=0, passedTestCaseCount=0, codeIssueCount=0}, Submission: ProgrammingSubmission{commitHash='9b3a9bd71a0d80e5bbc42204c319ed3d1d4f0d6d', buildFailed=true, buildArtifact=false, type=MANUAL}, Participation: ProgrammingExerciseStudentParticipation{id=4331, repositoryUri='https://version-control.fake.fake/git/SHORT1F656B3401C1204BBE0AF0F0A00BBC14904ETSTEXC/short1f656b3401c1204bbe0af0f0a00bbc14904etstexc-progsubresgitlabjenstudent1.git', buildPlanId='SHORT1F656B3401C1204BBE0AF0F0A00BBC14904ETSTEXC-PROGSUBRESGITLABJENSTUDENT1', initializationState='INITIALIZED', initializationDate='2025-02-14T23:48:55.590312Z', individualDueDate=null', presentationScore=null}
    23:48:55.613 | 463 ool-1-worker-227 | INFO  | d.t.c.a.a.a.w.o.PublicResultResource : The new result for SHORT1F656B3401C1204BBE0AF0F0A00BBC14904ETSTEXC-PROGSUBRESGITLABJENSTUDENT1 was saved successfully
    23:48:55.616 | 463 ool-1-worker-227 | DEBUG | d.t.c.a.a.c.s.f.ApiVersionFilter     : Adding Version to Request GET /api/repository/4331/buildlogs
    23:48:55.617 | 463 ool-1-worker-227 | DEBUG | rammingExerciseParticipationResource : REST request to get build log : 4331
    23:48:55.621 | 463 ool-1-worker-227 | DEBUG | d.t.c.a.a.c.s.f.ApiVersionFilter     : Adding Version to Request POST /api/public/programming-exercises/new-result
    23:48:55.621 | 463 ool-1-worker-227 | DEBUG | d.t.c.a.a.a.w.o.PublicResultResource : Received result notify (NEW)
    23:48:55.622 | 463 ool-1-worker-227 | INFO  | d.t.c.a.a.a.w.o.PublicResultResource : Artemis received a new result for build plan SHORT1F656B3401C1204BBE0AF0F0A00BBC14904ETSTEXC-PROGSUBRESGITLABJENSTUDENT1
    23:48:55.624 | 463 ool-1-worker-227 | DEBUG | .s.ProgrammingExerciseGradingService : Received new build result (NEW) for participation 4331
    23:48:55.641 | 463 ool-1-worker-227 | DEBUG | .c.s.m.InstanceMessageReceiveService : Received schedule participant score for exercise 3326 and participant 773 (result to be deleted: null)
    23:48:55.641 | 463 ool-1-worker-227 | DEBUG | .a.s.ParticipantScoreScheduleService : Scheduled task for exercise 3326 and participant 773 at 2025-02-14T23:48:55.741879637Z[Etc/UTC].
    23:48:55.642 | 463 ool-1-worker-227 | DEBUG | .a.a.p.s.ProgrammingMessagingService : Send result to client over websocket. Result: Result{id851, completionDate=2025-02-14T23:48:55.592269Z, successful=false, score=0.0, rated=true, assessmentType=AUTOMATIC, hasComplaint=null, testCaseCount=0, passedTestCaseCount=0, codeIssueCount=0}, Submission: ProgrammingSubmission{commitHash='9b3a9bd71a0d80e5bbc42204c319ed3d1d4f0d6d', buildFailed=true, buildArtifact=false, type=MANUAL}, Participation: ProgrammingExerciseStudentParticipation{id=4331, repositoryUri='https://version-control.fake.fake/git/SHORT1F656B3401C1204BBE0AF0F0A00BBC14904ETSTEXC/short1f656b3401c1204bbe0af0f0a00bbc14904etstexc-progsubresgitlabjenstudent1.git', buildPlanId='SHORT1F656B3401C1204BBE0AF0F0A00BBC14904ETSTEXC-PROGSUBRESGITLABJENSTUDENT1', initializationState='INITIALIZED', initializationDate='2025-02-14T23:48:55.590312Z', individualDueDate=null', presentationScore=null}
    23:48:55.644 | 463 ool-1-worker-227 | INFO  | d.t.c.a.a.a.w.o.PublicResultResource : The new result for SHORT1F656B3401C1204BBE0AF0F0A00BBC14904ETSTEXC-PROGSUBRESGITLABJENSTUDENT1 was saved successfully

  Starting logs for ProgrammingSubmissionAndResultGitlabJenkinsIntegrationTest > shouldSaveBuildLogsOnStudentParticipationWithoutResult(ProgrammingLanguage, boolean, boolean) [19] programmingLanguage=HASKELL, enableStaticCodeAnalysis=true, buildFailed=false
    23:48:55.655 | 463 ool-1-worker-227 | DEBUG | d.t.c.a.a.c.u.util.UserUtilService   : Generate 3 students...
    23:48:55.659 | 463 ool-1-worker-227 | DEBUG | d.t.c.a.a.c.u.util.UserUtilService   : 3 students generated. Generate 2 tutors...
    23:48:55.662 | 463 ool-1-worker-227 | DEBUG | d.t.c.a.a.c.u.util.UserUtilService   : 2 tutors generated. Generate 0 editors...
    23:48:55.663 | 463 ool-1-worker-227 | DEBUG | d.t.c.a.a.c.u.util.UserUtilService   : 0 editors generated. Generate 2 instructors...
    23:48:55.666 | 463 ool-1-worker-227 | DEBUG | d.t.c.a.a.c.u.util.UserUtilService   : 2 instructors generated
    23:48:55.667 | 463 ool-1-worker-227 | DEBUG | d.t.c.a.a.c.u.util.UserUtilService   : Removing 7 users from all courses...
    23:48:55.668 | 463 ool-1-worker-227 | DEBUG | d.t.c.a.a.c.u.util.UserUtilService   : Removing 7 users from all courses. Done
    23:48:55.668 | 463 ool-1-worker-227 | DEBUG | d.t.c.a.a.c.u.util.UserUtilService   : Save 7 users to database...
    23:48:55.671 | 463 ool-1-worker-227 | DEBUG | d.t.c.a.a.c.u.util.UserUtilService   : Save 7 users to database. Done
    23:48:55.684 | 463 ool-1-worker-227 | DEBUG | PersonalAccessTokenManagementService : Generate secure vcs access token
    23:48:55.687 | 463 ool-1-worker-227 | DEBUG | PersonalAccessTokenManagementService : Generate secure vcs access token
    23:48:55.689 | 463 ool-1-worker-227 | INFO  | i.z.t.d.l.EmbeddedDatabaseReporter   : JDBC URL to connect to 'dataSource': url='jdbc:h2:tcp://localhost:41063/mem:736625c0-cf5e-400d-aeaa-8a7eabd6262b;USER=sa', scope='ProgrammingSubmissionAndResultGitlabJenkinsIntegrationTest#shouldSaveBuildLogsOnStudentParticipationWithoutResult'
    23:48:55.700 | 463 ool-1-worker-227 | DEBUG | PersonalAccessTokenManagementService : Generate secure vcs access token
    23:48:55.704 | 463 ool-1-worker-227 | DEBUG | d.t.c.a.a.c.s.f.ApiVersionFilter     : Adding Version to Request POST /api/public/programming-exercises/new-result
    23:48:55.704 | 463 ool-1-worker-227 | DEBUG | d.t.c.a.a.a.w.o.PublicResultResource : Received result notify (NEW)
    23:48:55.706 | 463 ool-1-worker-227 | INFO  | d.t.c.a.a.a.w.o.PublicResultResource : Artemis received a new result for build plan SHORTF08B69730153E044D209A770BDC632DD16D4TSTEXC-PROGSUBRESGITLABJENSTUDENT1
    23:48:55.707 | 463 ool-1-worker-227 | DEBUG | .s.ProgrammingExerciseGradingService : Received new build result (NEW) for participation 4338
    23:48:55.720 | 463 ool-1-worker-227 | DEBUG | .c.s.m.InstanceMessageReceiveService : Received schedule participant score for exercise 3328 and participant 773 (result to be deleted: null)
    23:48:55.720 | 463 ool-1-worker-227 | DEBUG | .a.s.ParticipantScoreScheduleService : Scheduled task for exercise 3328 and participant 773 at 2025-02-14T23:48:55.820834947Z[Etc/UTC].
    23:48:55.721 | 463 ool-1-worker-227 | DEBUG | .a.a.p.s.ProgrammingMessagingService : Send result to client over websocket. Result: Result{id852, completionDate=2025-02-14T23:48:55.701980800Z, successful=false, score=0.0, rated=true, assessmentType=AUTOMATIC, hasComplaint=null, testCaseCount=0, passedTestCaseCount=0, codeIssueCount=0}, Submission: ProgrammingSubmission{commitHash='9b3a9bd71a0d80e5bbc42204c319ed3d1d4f0d6d', buildFailed=true, buildArtifact=false, type=MANUAL}, Participation: ProgrammingExerciseStudentParticipation{id=4338, repositoryUri='https://version-control.fake.fake/git/SHORTF08B69730153E044D209A770BDC632DD16D4TSTEXC/shortf08b69730153e044d209a770bdc632dd16d4tstexc-progsubresgitlabjenstudent1.git', buildPlanId='SHORTF08B69730153E044D209A770BDC632DD16D4TSTEXC-PROGSUBRESGITLABJENSTUDENT1', initializationState='INITIALIZED', initializationDate='2025-02-14T23:48:55.700040Z', individualDueDate=null', presentationScore=null}
    23:48:55.723 | 463 ool-1-worker-227 | INFO  | d.t.c.a.a.a.w.o.PublicResultResource : The new result for SHORTF08B69730153E044D209A770BDC632DD16D4TSTEXC-PROGSUBRESGITLABJENSTUDENT1 was saved successfully
    23:48:55.726 | 463 ool-1-worker-227 | DEBUG | d.t.c.a.a.c.s.f.ApiVersionFilter     : Adding Version to Request GET /api/repository/4338/buildlogs
    23:48:55.726 | 463 ool-1-worker-227 | DEBUG | rammingExerciseParticipationResource : REST request to get build log : 4338
    23:48:55.731 | 463 ool-1-worker-227 | DEBUG | d.t.c.a.a.c.s.f.ApiVersionFilter     : Adding Version to Request POST /api/public/programming-exercises/new-result
    23:48:55.731 | 463 ool-1-worker-227 | DEBUG | d.t.c.a.a.a.w.o.PublicResultResource : Received result notify (NEW)
    23:48:55.732 | 463 ool-1-worker-227 | INFO  | d.t.c.a.a.a.w.o.PublicResultResource : Artemis received a new result for build plan SHORTF08B69730153E044D209A770BDC632DD16D4TSTEXC-PROGSUBRESGITLABJENSTUDENT1
    23:48:55.734 | 463 ool-1-worker-227 | DEBUG | .s.ProgrammingExerciseGradingService : Received new build result (NEW) for participation 4338
    23:48:55.751 | 463 ool-1-worker-227 | DEBUG | .c.s.m.InstanceMessageReceiveService : Received schedule participant score for exercise 3328 and participant 773 (result to be deleted: null)
    23:48:55.751 | 463 ool-1-worker-227 | DEBUG | .a.s.ParticipantScoreScheduleService : Scheduled task for exercise 3328 and participant 773 at 2025-02-14T23:48:55.851804595Z[Etc/UTC].
    23:48:55.752 | 463 ool-1-worker-227 | DEBUG | .a.a.p.s.ProgrammingMessagingService : Send result to client over websocket. Result: Result{id853, completionDate=2025-02-14T23:48:55.701980800Z, successful=false, score=0.0, rated=true, assessmentType=AUTOMATIC, hasComplaint=null, testCaseCount=0, passedTestCaseCount=0, codeIssueCount=0}, Submission: ProgrammingSubmission{commitHash='9b3a9bd71a0d80e5bbc42204c319ed3d1d4f0d6d', buildFailed=true, buildArtifact=false, type=MANUAL}, Participation: ProgrammingExerciseStudentParticipation{id=4338, repositoryUri='https://version-control.fake.fake/git/SHORTF08B69730153E044D209A770BDC632DD16D4TSTEXC/shortf08b69730153e044d209a770bdc632dd16d4tstexc-progsubresgitlabjenstudent1.git', buildPlanId='SHORTF08B69730153E044D209A770BDC632DD16D4TSTEXC-PROGSUBRESGITLABJENSTUDENT1', initializationState='INITIALIZED', initializationDate='2025-02-14T23:48:55.700040Z', individualDueDate=null', presentationScore=null}
    23:48:55.754 | 463 ool-1-worker-227 | INFO  | d.t.c.a.a.a.w.o.PublicResultResource : The new result for SHORTF08B69730153E044D209A770BDC632DD16D4TSTEXC-PROGSUBRESGITLABJENSTUDENT1 was saved successfully

  Starting logs for ProgrammingSubmissionAndResultGitlabJenkinsIntegrationTest > shouldSaveBuildLogsOnStudentParticipationWithoutResult(ProgrammingLanguage, boolean, boolean) [20] programmingLanguage=HASKELL, enableStaticCodeAnalysis=false, buildFailed=false
    23:48:55.765 | 463 ool-1-worker-227 | DEBUG | d.t.c.a.a.c.u.util.UserUtilService   : Generate 3 students...
    23:48:55.769 | 463 ool-1-worker-227 | DEBUG | d.t.c.a.a.c.u.util.UserUtilService   : 3 students generated. Generate 2 tutors...
    23:48:55.772 | 463 ool-1-worker-227 | DEBUG | d.t.c.a.a.c.u.util.UserUtilService   : 2 tutors generated. Generate 0 editors...
    23:48:55.773 | 463 ool-1-worker-227 | DEBUG | d.t.c.a.a.c.u.util.UserUtilService   : 0 editors generated. Generate 2 instructors...
    23:48:55.776 | 463 ool-1-worker-227 | DEBUG | d.t.c.a.a.c.u.util.UserUtilService   : 2 instructors generated
    23:48:55.777 | 463 ool-1-worker-227 | DEBUG | d.t.c.a.a.c.u.util.UserUtilService   : Removing 7 users from all courses...
    23:48:55.778 | 463 ool-1-worker-227 | DEBUG | d.t.c.a.a.c.u.util.UserUtilService   : Removing 7 users from all courses. Done
    23:48:55.778 | 463 ool-1-worker-227 | DEBUG | d.t.c.a.a.c.u.util.UserUtilService   : Save 7 users to database...
    23:48:55.781 | 463 ool-1-worker-227 | DEBUG | d.t.c.a.a.c.u.util.UserUtilService   : Save 7 users to database. Done
    23:48:55.794 | 463 ool-1-worker-227 | DEBUG | PersonalAccessTokenManagementService : Generate secure vcs access token
    23:48:55.797 | 463 ool-1-worker-227 | DEBUG | PersonalAccessTokenManagementService : Generate secure vcs access token
    23:48:55.799 | 463 ool-1-worker-227 | INFO  | i.z.t.d.l.EmbeddedDatabaseReporter   : JDBC URL to connect to 'dataSource': url='jdbc:h2:tcp://localhost:41063/mem:736625c0-cf5e-400d-aeaa-8a7eabd6262b;USER=sa', scope='ProgrammingSubmissionAndResultGitlabJenkinsIntegrationTest#shouldSaveBuildLogsOnStudentParticipationWithoutResult'
    23:48:55.810 | 463 ool-1-worker-227 | DEBUG | PersonalAccessTokenManagementService : Generate secure vcs access token
    23:48:55.814 | 463 ool-1-worker-227 | DEBUG | d.t.c.a.a.c.s.f.ApiVersionFilter     : Adding Version to Request POST /api/public/programming-exercises/new-result
    23:48:55.814 | 463 ool-1-worker-227 | DEBUG | d.t.c.a.a.a.w.o.PublicResultResource : Received result notify (NEW)
    23:48:55.815 | 463 ool-1-worker-227 | INFO  | d.t.c.a.a.a.w.o.PublicResultResource : Artemis received a new result for build plan SHORTD1546F500D28504E34091ED0C1D74487E2FFTSTEXC-PROGSUBRESGITLABJENSTUDENT1
    23:48:55.817 | 463 ool-1-worker-227 | DEBUG | .s.ProgrammingExerciseGradingService : Received new build result (NEW) for participation 4345
    23:48:55.830 | 463 ool-1-worker-227 | DEBUG | .c.s.m.InstanceMessageReceiveService : Received schedule participant score for exercise 3330 and participant 773 (result to be deleted: null)
    23:48:55.830 | 463 ool-1-worker-227 | DEBUG | .a.s.ParticipantScoreScheduleService : Scheduled task for exercise 3330 and participant 773 at 2025-02-14T23:48:55.930689775Z[Etc/UTC].
    23:48:55.831 | 463 ool-1-worker-227 | DEBUG | .a.a.p.s.ProgrammingMessagingService : Send result to client over websocket. Result: Result{id854, completionDate=2025-02-14T23:48:55.811753300Z, successful=false, score=0.0, rated=true, assessmentType=AUTOMATIC, hasComplaint=null, testCaseCount=0, passedTestCaseCount=0, codeIssueCount=0}, Submission: ProgrammingSubmission{commitHash='9b3a9bd71a0d80e5bbc42204c319ed3d1d4f0d6d', buildFailed=true, buildArtifact=false, type=MANUAL}, Participation: ProgrammingExerciseStudentParticipation{id=4345, repositoryUri='https://version-control.fake.fake/git/SHORTD1546F500D28504E34091ED0C1D74487E2FFTSTEXC/shortd1546f500d28504e34091ed0c1d74487e2fftstexc-progsubresgitlabjenstudent1.git', buildPlanId='SHORTD1546F500D28504E34091ED0C1D74487E2FFTSTEXC-PROGSUBRESGITLABJENSTUDENT1', initializationState='INITIALIZED', initializationDate='2025-02-14T23:48:55.809841Z', individualDueDate=null', presentationScore=null}
    23:48:55.833 | 463 ool-1-worker-227 | INFO  | d.t.c.a.a.a.w.o.PublicResultResource : The new result for SHORTD1546F500D28504E34091ED0C1D74487E2FFTSTEXC-PROGSUBRESGITLABJENSTUDENT1 was saved successfully
    23:48:55.836 | 463 ool-1-worker-227 | DEBUG | d.t.c.a.a.c.s.f.ApiVersionFilter     : Adding Version to Request GET /api/repository/4345/buildlogs
    23:48:55.837 | 463 ool-1-worker-227 | DEBUG | rammingExerciseParticipationResource : REST request to get build log : 4345
    23:48:55.841 | 463 ool-1-worker-227 | DEBUG | d.t.c.a.a.c.s.f.ApiVersionFilter     : Adding Version to Request POST /api/public/programming-exercises/new-result
    23:48:55.841 | 463 ool-1-worker-227 | DEBUG | d.t.c.a.a.a.w.o.PublicResultResource : Received result notify (NEW)
    23:48:55.843 | 463 ool-1-worker-227 | INFO  | d.t.c.a.a.a.w.o.PublicResultResource : Artemis received a new result for build plan SHORTD1546F500D28504E34091ED0C1D74487E2FFTSTEXC-PROGSUBRESGITLABJENSTUDENT1
    23:48:55.844 | 463 ool-1-worker-227 | DEBUG | .s.ProgrammingExerciseGradingService : Received new build result (NEW) for participation 4345
    23:48:55.863 | 463 ool-1-worker-227 | DEBUG | .c.s.m.InstanceMessageReceiveService : Received schedule participant score for exercise 3330 and participant 773 (result to be deleted: null)
    23:48:55.863 | 463 ool-1-worker-227 | DEBUG | .a.s.ParticipantScoreScheduleService : Scheduled task for exercise 3330 and participant 773 at 2025-02-14T23:48:55.963558484Z[Etc/UTC].
    23:48:55.864 | 463 ool-1-worker-227 | DEBUG | .a.a.p.s.ProgrammingMessagingService : Send result to client over websocket. Result: Result{id855, completionDate=2025-02-14T23:48:55.811753300Z, successful=false, score=0.0, rated=true, assessmentType=AUTOMATIC, hasComplaint=null, testCaseCount=0, passedTestCaseCount=0, codeIssueCount=0}, Submission: ProgrammingSubmission{commitHash='9b3a9bd71a0d80e5bbc42204c319ed3d1d4f0d6d', buildFailed=true, buildArtifact=false, type=MANUAL}, Participation: ProgrammingExerciseStudentParticipation{id=4345, repositoryUri='https://version-control.fake.fake/git/SHORTD1546F500D28504E34091ED0C1D74487E2FFTSTEXC/shortd1546f500d28504e34091ed0c1d74487e2fftstexc-progsubresgitlabjenstudent1.git', buildPlanId='SHORTD1546F500D28504E34091ED0C1D74487E2FFTSTEXC-PROGSUBRESGITLABJENSTUDENT1', initializationState='INITIALIZED', initializationDate='2025-02-14T23:48:55.809841Z', individualDueDate=null', presentationScore=null}
    23:48:55.866 | 463 ool-1-worker-227 | INFO  | d.t.c.a.a.a.w.o.PublicResultResource : The new result for SHORTD1546F500D28504E34091ED0C1D74487E2FFTSTEXC-PROGSUBRESGITLABJENSTUDENT1 was saved successfully

  Starting logs for ProgrammingSubmissionAndResultGitlabJenkinsIntegrationTest > shouldSaveBuildLogsOnStudentParticipationWithoutResult(ProgrammingLanguage, boolean, boolean) [21] programmingLanguage=C_SHARP, enableStaticCodeAnalysis=true, buildFailed=true
    23:48:55.877 | 463 ool-1-worker-227 | DEBUG | d.t.c.a.a.c.u.util.UserUtilService   : Generate 3 students...
    23:48:55.881 | 463 ool-1-worker-227 | DEBUG | d.t.c.a.a.c.u.util.UserUtilService   : 3 students generated. Generate 2 tutors...
    23:48:55.884 | 463 ool-1-worker-227 | DEBUG | d.t.c.a.a.c.u.util.UserUtilService   : 2 tutors generated. Generate 0 editors...
    23:48:55.886 | 463 ool-1-worker-227 | DEBUG | d.t.c.a.a.c.u.util.UserUtilService   : 0 editors generated. Generate 2 instructors...
    23:48:55.889 | 463 ool-1-worker-227 | DEBUG | d.t.c.a.a.c.u.util.UserUtilService   : 2 instructors generated
    23:48:55.890 | 463 ool-1-worker-227 | DEBUG | d.t.c.a.a.c.u.util.UserUtilService   : Removing 7 users from all courses...
    23:48:55.891 | 463 ool-1-worker-227 | DEBUG | d.t.c.a.a.c.u.util.UserUtilService   : Removing 7 users from all courses. Done
    23:48:55.891 | 463 ool-1-worker-227 | DEBUG | d.t.c.a.a.c.u.util.UserUtilService   : Save 7 users to database...
    23:48:55.894 | 463 ool-1-worker-227 | DEBUG | d.t.c.a.a.c.u.util.UserUtilService   : Save 7 users to database. Done
    23:48:55.908 | 463 ool-1-worker-227 | DEBUG | PersonalAccessTokenManagementService : Generate secure vcs access token
    23:48:55.911 | 463 ool-1-worker-227 | DEBUG | PersonalAccessTokenManagementService : Generate secure vcs access token
    23:48:55.912 | 463 ool-1-worker-227 | INFO  | i.z.t.d.l.EmbeddedDatabaseReporter   : JDBC URL to connect to 'dataSource': url='jdbc:h2:tcp://localhost:41063/mem:736625c0-cf5e-400d-aeaa-8a7eabd6262b;USER=sa', scope='ProgrammingSubmissionAndResultGitlabJenkinsIntegrationTest#shouldSaveBuildLogsOnStudentParticipationWithoutResult'
    23:48:55.924 | 463 ool-1-worker-227 | DEBUG | PersonalAccessTokenManagementService : Generate secure vcs access token
    23:48:55.928 | 463 ool-1-worker-227 | DEBUG | d.t.c.a.a.c.s.f.ApiVersionFilter     : Adding Version to Request POST /api/public/programming-exercises/new-result
    23:48:55.929 | 463 ool-1-worker-227 | DEBUG | d.t.c.a.a.a.w.o.PublicResultResource : Received result notify (NEW)
    23:48:55.931 | 463 ool-1-worker-227 | INFO  | d.t.c.a.a.a.w.o.PublicResultResource : Artemis received a new result for build plan SHORTC4EA3E840CADA042040812D0BBC6DE7933CATSTEXC-PROGSUBRESGITLABJENSTUDENT1
    23:48:55.932 | 463 ool-1-worker-227 | DEBUG | .s.ProgrammingExerciseGradingService : Received new build result (NEW) for participation 4352
    23:48:55.946 | 463 ool-1-worker-227 | DEBUG | .c.s.m.InstanceMessageReceiveService : Received schedule participant score for exercise 3332 and participant 773 (result to be deleted: null)
    23:48:55.946 | 463 ool-1-worker-227 | DEBUG | .a.s.ParticipantScoreScheduleService : Scheduled task for exercise 3332 and participant 773 at 2025-02-14T23:48:56.046795720Z[Etc/UTC].
    23:48:55.947 | 463 ool-1-worker-227 | DEBUG | .a.a.p.s.ProgrammingMessagingService : Send result to client over websocket. Result: Result{id856, completionDate=2025-02-14T23:48:55.926195Z, successful=false, score=0.0, rated=true, assessmentType=AUTOMATIC, hasComplaint=null, testCaseCount=0, passedTestCaseCount=0, codeIssueCount=0}, Submission: ProgrammingSubmission{commitHash='9b3a9bd71a0d80e5bbc42204c319ed3d1d4f0d6d', buildFailed=true, buildArtifact=false, type=MANUAL}, Participation: ProgrammingExerciseStudentParticipation{id=4352, repositoryUri='https://version-control.fake.fake/git/SHORTC4EA3E840CADA042040812D0BBC6DE7933CATSTEXC/shortc4ea3e840cada042040812d0bbc6de7933catstexc-progsubresgitlabjenstudent1.git', buildPlanId='SHORTC4EA3E840CADA042040812D0BBC6DE7933CATSTEXC-PROGSUBRESGITLABJENSTUDENT1', initializationState='INITIALIZED', initializationDate='2025-02-14T23:48:55.924166Z', individualDueDate=null', presentationScore=null}
    23:48:55.949 | 463 ool-1-worker-227 | INFO  | d.t.c.a.a.a.w.o.PublicResultResource : The new result for SHORTC4EA3E840CADA042040812D0BBC6DE7933CATSTEXC-PROGSUBRESGITLABJENSTUDENT1 was saved successfully
    23:48:55.952 | 463 ool-1-worker-227 | DEBUG | d.t.c.a.a.c.s.f.ApiVersionFilter     : Adding Version to Request GET /api/repository/4352/buildlogs
    23:48:55.953 | 463 ool-1-worker-227 | DEBUG | rammingExerciseParticipationResource : REST request to get build log : 4352
    23:48:55.957 | 463 ool-1-worker-227 | DEBUG | d.t.c.a.a.c.s.f.ApiVersionFilter     : Adding Version to Request POST /api/public/programming-exercises/new-result
    23:48:55.957 | 463 ool-1-worker-227 | DEBUG | d.t.c.a.a.a.w.o.PublicResultResource : Received result notify (NEW)
    23:48:55.959 | 463 ool-1-worker-227 | INFO  | d.t.c.a.a.a.w.o.PublicResultResource : Artemis received a new result for build plan SHORTC4EA3E840CADA042040812D0BBC6DE7933CATSTEXC-PROGSUBRESGITLABJENSTUDENT1
    23:48:55.960 | 463 ool-1-worker-227 | DEBUG | .s.ProgrammingExerciseGradingService : Received new build result (NEW) for participation 4352
    23:48:55.979 | 463 ool-1-worker-227 | DEBUG | .c.s.m.InstanceMessageReceiveService : Received schedule participant score for exercise 3332 and participant 773 (result to be deleted: null)
    23:48:55.979 | 463 ool-1-worker-227 | DEBUG | .a.s.ParticipantScoreScheduleService : Scheduled task for exercise 3332 and participant 773 at 2025-02-14T23:48:56.079407400Z[Etc/UTC].
    23:48:55.980 | 463 ool-1-worker-227 | DEBUG | .a.a.p.s.ProgrammingMessagingService : Send result to client over websocket. Result: Result{id857, completionDate=2025-02-14T23:48:55.926195Z, successful=false, score=0.0, rated=true, assessmentType=AUTOMATIC, hasComplaint=null, testCaseCount=0, passedTestCaseCount=0, codeIssueCount=0}, Submission: ProgrammingSubmission{commitHash='9b3a9bd71a0d80e5bbc42204c319ed3d1d4f0d6d', buildFailed=true, buildArtifact=false, type=MANUAL}, Participation: ProgrammingExerciseStudentParticipation{id=4352, repositoryUri='https://version-control.fake.fake/git/SHORTC4EA3E840CADA042040812D0BBC6DE7933CATSTEXC/shortc4ea3e840cada042040812d0bbc6de7933catstexc-progsubresgitlabjenstudent1.git', buildPlanId='SHORTC4EA3E840CADA042040812D0BBC6DE7933CATSTEXC-PROGSUBRESGITLABJENSTUDENT1', initializationState='INITIALIZED', initializationDate='2025-02-14T23:48:55.924166Z', individualDueDate=null', presentationScore=null}
    23:48:55.982 | 463 ool-1-worker-227 | INFO  | d.t.c.a.a.a.w.o.PublicResultResource : The new result for SHORTC4EA3E840CADA042040812D0BBC6DE7933CATSTEXC-PROGSUBRESGITLABJENSTUDENT1 was saved successfully

  Starting logs for ProgrammingSubmissionAndResultGitlabJenkinsIntegrationTest > shouldSaveBuildLogsOnStudentParticipationWithoutResult(ProgrammingLanguage, boolean, boolean) [22] programmingLanguage=C_SHARP, enableStaticCodeAnalysis=false, buildFailed=true
    23:48:55.994 | 463 ool-1-worker-227 | DEBUG | d.t.c.a.a.c.u.util.UserUtilService   : Generate 3 students...
    23:48:55.998 | 463 ool-1-worker-227 | DEBUG | d.t.c.a.a.c.u.util.UserUtilService   : 3 students generated. Generate 2 tutors...
    23:48:56.001 | 463 ool-1-worker-227 | DEBUG | d.t.c.a.a.c.u.util.UserUtilService   : 2 tutors generated. Generate 0 editors...
    23:48:56.002 | 463 ool-1-worker-227 | DEBUG | d.t.c.a.a.c.u.util.UserUtilService   : 0 editors generated. Generate 2 instructors...
    23:48:56.005 | 463 ool-1-worker-227 | DEBUG | d.t.c.a.a.c.u.util.UserUtilService   : 2 instructors generated
    23:48:56.006 | 463 ool-1-worker-227 | DEBUG | d.t.c.a.a.c.u.util.UserUtilService   : Removing 7 users from all courses...
    23:48:56.007 | 463 ool-1-worker-227 | DEBUG | d.t.c.a.a.c.u.util.UserUtilService   : Removing 7 users from all courses. Done
    23:48:56.007 | 463 ool-1-worker-227 | DEBUG | d.t.c.a.a.c.u.util.UserUtilService   : Save 7 users to database...
    23:48:56.010 | 463 ool-1-worker-227 | DEBUG | d.t.c.a.a.c.u.util.UserUtilService   : Save 7 users to database. Done
    23:48:56.025 | 463 ool-1-worker-227 | DEBUG | PersonalAccessTokenManagementService : Generate secure vcs access token
    23:48:56.028 | 463 ool-1-worker-227 | DEBUG | PersonalAccessTokenManagementService : Generate secure vcs access token
    23:48:56.030 | 463 ool-1-worker-227 | INFO  | i.z.t.d.l.EmbeddedDatabaseReporter   : JDBC URL to connect to 'dataSource': url='jdbc:h2:tcp://localhost:41063/mem:736625c0-cf5e-400d-aeaa-8a7eabd6262b;USER=sa', scope='ProgrammingSubmissionAndResultGitlabJenkinsIntegrationTest#shouldSaveBuildLogsOnStudentParticipationWithoutResult'
    23:48:56.043 | 463 ool-1-worker-227 | DEBUG | PersonalAccessTokenManagementService : Generate secure vcs access token
    23:48:56.047 | 463 ool-1-worker-227 | DEBUG | d.t.c.a.a.c.s.f.ApiVersionFilter     : Adding Version to Request POST /api/public/programming-exercises/new-result
    23:48:56.047 | 463 ool-1-worker-227 | DEBUG | d.t.c.a.a.a.w.o.PublicResultResource : Received result notify (NEW)
    23:48:56.049 | 463 ool-1-worker-227 | INFO  | d.t.c.a.a.a.w.o.PublicResultResource : Artemis received a new result for build plan SHORT02A87A260A021049AC0A7EC05B8202885704TSTEXC-PROGSUBRESGITLABJENSTUDENT1
    23:48:56.050 | 463 ool-1-worker-227 | DEBUG | .s.ProgrammingExerciseGradingService : Received new build result (NEW) for participation 4359
    23:48:56.064 | 463 ool-1-worker-227 | DEBUG | .c.s.m.InstanceMessageReceiveService : Received schedule participant score for exercise 3334 and participant 773 (result to be deleted: null)
    23:48:56.064 | 463 ool-1-worker-227 | DEBUG | .a.s.ParticipantScoreScheduleService : Scheduled task for exercise 3334 and participant 773 at 2025-02-14T23:48:56.164942722Z[Etc/UTC].
    23:48:56.065 | 463 ool-1-worker-227 | DEBUG | .a.a.p.s.ProgrammingMessagingService : Send result to client over websocket. Result: Result{id858, completionDate=2025-02-14T23:48:56.044767100Z, successful=false, score=0.0, rated=true, assessmentType=AUTOMATIC, hasComplaint=null, testCaseCount=0, passedTestCaseCount=0, codeIssueCount=0}, Submission: ProgrammingSubmission{commitHash='9b3a9bd71a0d80e5bbc42204c319ed3d1d4f0d6d', buildFailed=true, buildArtifact=false, type=MANUAL}, Participation: ProgrammingExerciseStudentParticipation{id=4359, repositoryUri='https://version-control.fake.fake/git/SHORT02A87A260A021049AC0A7EC05B8202885704TSTEXC/short02a87a260a021049ac0a7ec05b8202885704tstexc-progsubresgitlabjenstudent1.git', buildPlanId='SHORT02A87A260A021049AC0A7EC05B8202885704TSTEXC-PROGSUBRESGITLABJENSTUDENT1', initializationState='INITIALIZED', initializationDate='2025-02-14T23:48:56.042628Z', individualDueDate=null', presentationScore=null}
    23:48:56.067 | 463 ool-1-worker-227 | INFO  | d.t.c.a.a.a.w.o.PublicResultResource : The new result for SHORT02A87A260A021049AC0A7EC05B8202885704TSTEXC-PROGSUBRESGITLABJENSTUDENT1 was saved successfully
    23:48:56.070 | 463 ool-1-worker-227 | DEBUG | d.t.c.a.a.c.s.f.ApiVersionFilter     : Adding Version to Request GET /api/repository/4359/buildlogs
    23:48:56.071 | 463 ool-1-worker-227 | DEBUG | rammingExerciseParticipationResource : REST request to get build log : 4359
    23:48:56.075 | 463 ool-1-worker-227 | DEBUG | d.t.c.a.a.c.s.f.ApiVersionFilter     : Adding Version to Request POST /api/public/programming-exercises/new-result
    23:48:56.076 | 463 ool-1-worker-227 | DEBUG | d.t.c.a.a.a.w.o.PublicResultResource : Received result notify (NEW)
    23:48:56.077 | 463 ool-1-worker-227 | INFO  | d.t.c.a.a.a.w.o.PublicResultResource : Artemis received a new result for build plan SHORT02A87A260A021049AC0A7EC05B8202885704TSTEXC-PROGSUBRESGITLABJENSTUDENT1
    23:48:56.079 | 463 ool-1-worker-227 | DEBUG | .s.ProgrammingExerciseGradingService : Received new build result (NEW) for participation 4359
    23:48:56.098 | 463 ool-1-worker-227 | DEBUG | .c.s.m.InstanceMessageReceiveService : Received schedule participant score for exercise 3334 and participant 773 (result to be deleted: null)
    23:48:56.098 | 463 ool-1-worker-227 | DEBUG | .a.s.ParticipantScoreScheduleService : Scheduled task for exercise 3334 and participant 773 at 2025-02-14T23:48:56.198838517Z[Etc/UTC].
    23:48:56.099 | 463 ool-1-worker-227 | DEBUG | .a.a.p.s.ProgrammingMessagingService : Send result to client over websocket. Result: Result{id859, completionDate=2025-02-14T23:48:56.044767100Z, successful=false, score=0.0, rated=true, assessmentType=AUTOMATIC, hasComplaint=null, testCaseCount=0, passedTestCaseCount=0, codeIssueCount=0}, Submission: ProgrammingSubmission{commitHash='9b3a9bd71a0d80e5bbc42204c319ed3d1d4f0d6d', buildFailed=true, buildArtifact=false, type=MANUAL}, Participation: ProgrammingExerciseStudentParticipation{id=4359, repositoryUri='https://version-control.fake.fake/git/SHORT02A87A260A021049AC0A7EC05B8202885704TSTEXC/short02a87a260a021049ac0a7ec05b8202885704tstexc-progsubresgitlabjenstudent1.git', buildPlanId='SHORT02A87A260A021049AC0A7EC05B8202885704TSTEXC-PROGSUBRESGITLABJENSTUDENT1', initializationState='INITIALIZED', initializationDate='2025-02-14T23:48:56.042628Z', individualDueDate=null', presentationScore=null}
    23:48:56.102 | 463 ool-1-worker-227 | INFO  | d.t.c.a.a.a.w.o.PublicResultResource : The new result for SHORT02A87A260A021049AC0A7EC05B8202885704TSTEXC-PROGSUBRESGITLABJENSTUDENT1 was saved successfully

  Starting logs for ProgrammingSubmissionAndResultGitlabJenkinsIntegrationTest > shouldSaveBuildLogsOnStudentParticipationWithoutResult(ProgrammingLanguage, boolean, boolean) [23] programmingLanguage=C_SHARP, enableStaticCodeAnalysis=true, buildFailed=false
    23:48:56.115 | 463 ool-1-worker-227 | DEBUG | d.t.c.a.a.c.u.util.UserUtilService   : Generate 3 students...
    23:48:56.119 | 463 ool-1-worker-227 | DEBUG | d.t.c.a.a.c.u.util.UserUtilService   : 3 students generated. Generate 2 tutors...
    23:48:56.122 | 463 ool-1-worker-227 | DEBUG | d.t.c.a.a.c.u.util.UserUtilService   : 2 tutors generated. Generate 0 editors...
    23:48:56.123 | 463 ool-1-worker-227 | DEBUG | d.t.c.a.a.c.u.util.UserUtilService   : 0 editors generated. Generate 2 instructors...
    23:48:56.126 | 463 ool-1-worker-227 | DEBUG | d.t.c.a.a.c.u.util.UserUtilService   : 2 instructors generated
    23:48:56.127 | 463 ool-1-worker-227 | DEBUG | d.t.c.a.a.c.u.util.UserUtilService   : Removing 7 users from all courses...
    23:48:56.128 | 463 ool-1-worker-227 | DEBUG | d.t.c.a.a.c.u.util.UserUtilService   : Removing 7 users from all courses. Done
    23:48:56.128 | 463 ool-1-worker-227 | DEBUG | d.t.c.a.a.c.u.util.UserUtilService   : Save 7 users to database...
    23:48:56.131 | 463 ool-1-worker-227 | DEBUG | d.t.c.a.a.c.u.util.UserUtilService   : Save 7 users to database. Done
    23:48:56.145 | 463 ool-1-worker-227 | DEBUG | PersonalAccessTokenManagementService : Generate secure vcs access token
    23:48:56.147 | 463 ool-1-worker-227 | DEBUG | PersonalAccessTokenManagementService : Generate secure vcs access token
    23:48:56.149 | 463 ool-1-worker-227 | INFO  | i.z.t.d.l.EmbeddedDatabaseReporter   : JDBC URL to connect to 'dataSource': url='jdbc:h2:tcp://localhost:41063/mem:736625c0-cf5e-400d-aeaa-8a7eabd6262b;USER=sa', scope='ProgrammingSubmissionAndResultGitlabJenkinsIntegrationTest#shouldSaveBuildLogsOnStudentParticipationWithoutResult'
    23:48:56.161 | 463 ool-1-worker-227 | DEBUG | PersonalAccessTokenManagementService : Generate secure vcs access token
    23:48:56.164 | 463 ool-1-worker-227 | DEBUG | d.t.c.a.a.c.s.f.ApiVersionFilter     : Adding Version to Request POST /api/public/programming-exercises/new-result
    23:48:56.164 | 463 ool-1-worker-227 | DEBUG | d.t.c.a.a.a.w.o.PublicResultResource : Received result notify (NEW)
    23:48:56.166 | 463 ool-1-worker-227 | INFO  | d.t.c.a.a.a.w.o.PublicResultResource : Artemis received a new result for build plan SHORT7799DC5B094600457F0823B09A044E64C5D5TSTEXC-PROGSUBRESGITLABJENSTUDENT1
    23:48:56.167 | 463 ool-1-worker-227 | DEBUG | .s.ProgrammingExerciseGradingService : Received new build result (NEW) for participation 4366
    23:48:56.182 | 463 ool-1-worker-227 | DEBUG | .c.s.m.InstanceMessageReceiveService : Received schedule participant score for exercise 3336 and participant 773 (result to be deleted: null)
    23:48:56.182 | 463 ool-1-worker-227 | DEBUG | .a.s.ParticipantScoreScheduleService : Scheduled task for exercise 3336 and participant 773 at 2025-02-14T23:48:56.282236854Z[Etc/UTC].
    23:48:56.183 | 463 ool-1-worker-227 | DEBUG | .a.a.p.s.ProgrammingMessagingService : Send result to client over websocket. Result: Result{id860, completionDate=2025-02-14T23:48:56.162305800Z, successful=false, score=0.0, rated=true, assessmentType=AUTOMATIC, hasComplaint=null, testCaseCount=0, passedTestCaseCount=0, codeIssueCount=0}, Submission: ProgrammingSubmission{commitHash='9b3a9bd71a0d80e5bbc42204c319ed3d1d4f0d6d', buildFailed=true, buildArtifact=false, type=MANUAL}, Participation: ProgrammingExerciseStudentParticipation{id=4366, repositoryUri='https://version-control.fake.fake/git/SHORT7799DC5B094600457F0823B09A044E64C5D5TSTEXC/short7799dc5b094600457f0823b09a044e64c5d5tstexc-progsubresgitlabjenstudent1.git', buildPlanId='SHORT7799DC5B094600457F0823B09A044E64C5D5TSTEXC-PROGSUBRESGITLABJENSTUDENT1', initializationState='INITIALIZED', initializationDate='2025-02-14T23:48:56.160299Z', individualDueDate=null', presentationScore=null}
    23:48:56.185 | 463 ool-1-worker-227 | INFO  | d.t.c.a.a.a.w.o.PublicResultResource : The new result for SHORT7799DC5B094600457F0823B09A044E64C5D5TSTEXC-PROGSUBRESGITLABJENSTUDENT1 was saved successfully
    23:48:56.188 | 463 ool-1-worker-227 | DEBUG | d.t.c.a.a.c.s.f.ApiVersionFilter     : Adding Version to Request GET /api/repository/4366/buildlogs
    23:48:56.188 | 463 ool-1-worker-227 | DEBUG | rammingExerciseParticipationResource : REST request to get build log : 4366
    23:48:56.192 | 463 ool-1-worker-227 | DEBUG | d.t.c.a.a.c.s.f.ApiVersionFilter     : Adding Version to Request POST /api/public/programming-exercises/new-result
    23:48:56.193 | 463 ool-1-worker-227 | DEBUG | d.t.c.a.a.a.w.o.PublicResultResource : Received result notify (NEW)
    23:48:56.194 | 463 ool-1-worker-227 | INFO  | d.t.c.a.a.a.w.o.PublicResultResource : Artemis received a new result for build plan SHORT7799DC5B094600457F0823B09A044E64C5D5TSTEXC-PROGSUBRESGITLABJENSTUDENT1
    23:48:56.196 | 463 ool-1-worker-227 | DEBUG | .s.ProgrammingExerciseGradingService : Received new build result (NEW) for participation 4366
    23:48:56.214 | 463 ool-1-worker-227 | DEBUG | .c.s.m.InstanceMessageReceiveService : Received schedule participant score for exercise 3336 and participant 773 (result to be deleted: null)
    23:48:56.214 | 463 ool-1-worker-227 | DEBUG | .a.s.ParticipantScoreScheduleService : Scheduled task for exercise 3336 and participant 773 at 2025-02-14T23:48:56.314824509Z[Etc/UTC].
    23:48:56.215 | 463 ool-1-worker-227 | DEBUG | .a.a.p.s.ProgrammingMessagingService : Send result to client over websocket. Result: Result{id861, completionDate=2025-02-14T23:48:56.162305800Z, successful=false, score=0.0, rated=true, assessmentType=AUTOMATIC, hasComplaint=null, testCaseCount=0, passedTestCaseCount=0, codeIssueCount=0}, Submission: ProgrammingSubmission{commitHash='9b3a9bd71a0d80e5bbc42204c319ed3d1d4f0d6d', buildFailed=true, buildArtifact=false, type=MANUAL}, Participation: ProgrammingExerciseStudentParticipation{id=4366, repositoryUri='https://version-control.fake.fake/git/SHORT7799DC5B094600457F0823B09A044E64C5D5TSTEXC/short7799dc5b094600457f0823b09a044e64c5d5tstexc-progsubresgitlabjenstudent1.git', buildPlanId='SHORT7799DC5B094600457F0823B09A044E64C5D5TSTEXC-PROGSUBRESGITLABJENSTUDENT1', initializationState='INITIALIZED', initializationDate='2025-02-14T23:48:56.160299Z', individualDueDate=null', presentationScore=null}
    23:48:56.218 | 463 ool-1-worker-227 | INFO  | d.t.c.a.a.a.w.o.PublicResultResource : The new result for SHORT7799DC5B094600457F0823B09A044E64C5D5TSTEXC-PROGSUBRESGITLABJENSTUDENT1 was saved successfully

  Starting logs for ProgrammingSubmissionAndResultGitlabJenkinsIntegrationTest > shouldSaveBuildLogsOnStudentParticipationWithoutResult(ProgrammingLanguage, boolean, boolean) [24] programmingLanguage=C_SHARP, enableStaticCodeAnalysis=false, buildFailed=false
    23:48:56.229 | 463 ool-1-worker-227 | DEBUG | d.t.c.a.a.c.u.util.UserUtilService   : Generate 3 students...
    23:48:56.233 | 463 ool-1-worker-227 | DEBUG | d.t.c.a.a.c.u.util.UserUtilService   : 3 students generated. Generate 2 tutors...
    23:48:56.236 | 463 ool-1-worker-227 | DEBUG | d.t.c.a.a.c.u.util.UserUtilService   : 2 tutors generated. Generate 0 editors...
    23:48:56.238 | 463 ool-1-worker-227 | DEBUG | d.t.c.a.a.c.u.util.UserUtilService   : 0 editors generated. Generate 2 instructors...
    23:48:56.241 | 463 ool-1-worker-227 | DEBUG | d.t.c.a.a.c.u.util.UserUtilService   : 2 instructors generated
    23:48:56.242 | 463 ool-1-worker-227 | DEBUG | d.t.c.a.a.c.u.util.UserUtilService   : Removing 7 users from all courses...
    23:48:56.242 | 463 ool-1-worker-227 | DEBUG | d.t.c.a.a.c.u.util.UserUtilService   : Removing 7 users from all courses. Done
    23:48:56.242 | 463 ool-1-worker-227 | DEBUG | d.t.c.a.a.c.u.util.UserUtilService   : Save 7 users to database...
    23:48:56.246 | 463 ool-1-worker-227 | DEBUG | d.t.c.a.a.c.u.util.UserUtilService   : Save 7 users to database. Done
    23:48:56.260 | 463 ool-1-worker-227 | DEBUG | PersonalAccessTokenManagementService : Generate secure vcs access token
    23:48:56.263 | 463 ool-1-worker-227 | DEBUG | PersonalAccessTokenManagementService : Generate secure vcs access token
    23:48:56.265 | 463 ool-1-worker-227 | INFO  | i.z.t.d.l.EmbeddedDatabaseReporter   : JDBC URL to connect to 'dataSource': url='jdbc:h2:tcp://localhost:41063/mem:736625c0-cf5e-400d-aeaa-8a7eabd6262b;USER=sa', scope='ProgrammingSubmissionAndResultGitlabJenkinsIntegrationTest#shouldSaveBuildLogsOnStudentParticipationWithoutResult'
    23:48:56.278 | 463 ool-1-worker-227 | DEBUG | PersonalAccessTokenManagementService : Generate secure vcs access token
    23:48:56.281 | 463 ool-1-worker-227 | DEBUG | d.t.c.a.a.c.s.f.ApiVersionFilter     : Adding Version to Request POST /api/public/programming-exercises/new-result
    23:48:56.282 | 463 ool-1-worker-227 | DEBUG | d.t.c.a.a.a.w.o.PublicResultResource : Received result notify (NEW)
    23:48:56.283 | 463 ool-1-worker-227 | INFO  | d.t.c.a.a.a.w.o.PublicResultResource : Artemis received a new result for build plan SHORT723ADCDB0D231042610A2410B7C488B2BCF4TSTEXC-PROGSUBRESGITLABJENSTUDENT1
    23:48:56.285 | 463 ool-1-worker-227 | DEBUG | .s.ProgrammingExerciseGradingService : Received new build result (NEW) for participation 4373
    23:48:56.299 | 463 ool-1-worker-227 | DEBUG | .c.s.m.InstanceMessageReceiveService : Received schedule participant score for exercise 3338 and participant 773 (result to be deleted: null)
    23:48:56.299 | 463 ool-1-worker-227 | DEBUG | .a.s.ParticipantScoreScheduleService : Scheduled task for exercise 3338 and participant 773 at 2025-02-14T23:48:56.399115039Z[Etc/UTC].
    23:48:56.300 | 463 ool-1-worker-227 | DEBUG | .a.a.p.s.ProgrammingMessagingService : Send result to client over websocket. Result: Result{id862, completionDate=2025-02-14T23:48:56.279563200Z, successful=false, score=0.0, rated=true, assessmentType=AUTOMATIC, hasComplaint=null, testCaseCount=0, passedTestCaseCount=0, codeIssueCount=0}, Submission: ProgrammingSubmission{commitHash='9b3a9bd71a0d80e5bbc42204c319ed3d1d4f0d6d', buildFailed=true, buildArtifact=false, type=MANUAL}, Participation: ProgrammingExerciseStudentParticipation{id=4373, repositoryUri='https://version-control.fake.fake/git/SHORT723ADCDB0D231042610A2410B7C488B2BCF4TSTEXC/short723adcdb0d231042610a2410b7c488b2bcf4tstexc-progsubresgitlabjenstudent1.git', buildPlanId='SHORT723ADCDB0D231042610A2410B7C488B2BCF4TSTEXC-PROGSUBRESGITLABJENSTUDENT1', initializationState='INITIALIZED', initializationDate='2025-02-14T23:48:56.277456Z', individualDueDate=null', presentationScore=null}
    23:48:56.302 | 463 ool-1-worker-227 | INFO  | d.t.c.a.a.a.w.o.PublicResultResource : The new result for SHORT723ADCDB0D231042610A2410B7C488B2BCF4TSTEXC-PROGSUBRESGITLABJENSTUDENT1 was saved successfully
    23:48:56.305 | 463 ool-1-worker-227 | DEBUG | d.t.c.a.a.c.s.f.ApiVersionFilter     : Adding Version to Request GET /api/repository/4373/buildlogs
    23:48:56.305 | 463 ool-1-worker-227 | DEBUG | rammingExerciseParticipationResource : REST request to get build log : 4373
    23:48:56.310 | 463 ool-1-worker-227 | DEBUG | d.t.c.a.a.c.s.f.ApiVersionFilter     : Adding Version to Request POST /api/public/programming-exercises/new-result
    23:48:56.310 | 463 ool-1-worker-227 | DEBUG | d.t.c.a.a.a.w.o.PublicResultResource : Received result notify (NEW)
    23:48:56.311 | 463 ool-1-worker-227 | INFO  | d.t.c.a.a.a.w.o.PublicResultResource : Artemis received a new result for build plan SHORT723ADCDB0D231042610A2410B7C488B2BCF4TSTEXC-PROGSUBRESGITLABJENSTUDENT1
    23:48:56.313 | 463 ool-1-worker-227 | DEBUG | .s.ProgrammingExerciseGradingService : Received new build result (NEW) for participation 4373
    23:48:56.331 | 463 ool-1-worker-227 | DEBUG | .c.s.m.InstanceMessageReceiveService : Received schedule participant score for exercise 3338 and participant 773 (result to be deleted: null)
    23:48:56.331 | 463 ool-1-worker-227 | DEBUG | .a.s.ParticipantScoreScheduleService : Scheduled task for exercise 3338 and participant 773 at 2025-02-14T23:48:56.431736227Z[Etc/UTC].
    23:48:56.332 | 463 ool-1-worker-227 | DEBUG | .a.a.p.s.ProgrammingMessagingService : Send result to client over websocket. Result: Result{id863, completionDate=2025-02-14T23:48:56.279563200Z, successful=false, score=0.0, rated=true, assessmentType=AUTOMATIC, hasComplaint=null, testCaseCount=0, passedTestCaseCount=0, codeIssueCount=0}, Submission: ProgrammingSubmission{commitHash='9b3a9bd71a0d80e5bbc42204c319ed3d1d4f0d6d', buildFailed=true, buildArtifact=false, type=MANUAL}, Participation: ProgrammingExerciseStudentParticipation{id=4373, repositoryUri='https://version-control.fake.fake/git/SHORT723ADCDB0D231042610A2410B7C488B2BCF4TSTEXC/short723adcdb0d231042610a2410b7c488b2bcf4tstexc-progsubresgitlabjenstudent1.git', buildPlanId='SHORT723ADCDB0D231042610A2410B7C488B2BCF4TSTEXC-PROGSUBRESGITLABJENSTUDENT1', initializationState='INITIALIZED', initializationDate='2025-02-14T23:48:56.277456Z', individualDueDate=null', presentationScore=null}
    23:48:56.334 | 463 ool-1-worker-227 | INFO  | d.t.c.a.a.a.w.o.PublicResultResource : The new result for SHORT723ADCDB0D231042610A2410B7C488B2BCF4TSTEXC-PROGSUBRESGITLABJENSTUDENT1 was saved successfully

  Starting logs for ProgrammingSubmissionAndResultGitlabJenkinsIntegrationTest > shouldSaveBuildLogsOnStudentParticipationWithoutResult(ProgrammingLanguage, boolean, boolean) [25] programmingLanguage=C_PLUS_PLUS, enableStaticCodeAnalysis=true, buildFailed=true
    23:48:56.345 | 463 ool-1-worker-227 | DEBUG | d.t.c.a.a.c.u.util.UserUtilService   : Generate 3 students...
    23:48:56.349 | 463 ool-1-worker-227 | DEBUG | d.t.c.a.a.c.u.util.UserUtilService   : 3 students generated. Generate 2 tutors...
    23:48:56.352 | 463 ool-1-worker-227 | DEBUG | d.t.c.a.a.c.u.util.UserUtilService   : 2 tutors generated. Generate 0 editors...
    23:48:56.353 | 463 ool-1-worker-227 | DEBUG | d.t.c.a.a.c.u.util.UserUtilService   : 0 editors generated. Generate 2 instructors...
    23:48:56.356 | 463 ool-1-worker-227 | DEBUG | d.t.c.a.a.c.u.util.UserUtilService   : 2 instructors generated
    23:48:56.357 | 463 ool-1-worker-227 | DEBUG | d.t.c.a.a.c.u.util.UserUtilService   : Removing 7 users from all courses...
    23:48:56.358 | 463 ool-1-worker-227 | DEBUG | d.t.c.a.a.c.u.util.UserUtilService   : Removing 7 users from all courses. Done
    23:48:56.358 | 463 ool-1-worker-227 | DEBUG | d.t.c.a.a.c.u.util.UserUtilService   : Save 7 users to database...
    23:48:56.361 | 463 ool-1-worker-227 | DEBUG | d.t.c.a.a.c.u.util.UserUtilService   : Save 7 users to database. Done
    23:48:56.374 | 463 ool-1-worker-227 | DEBUG | PersonalAccessTokenManagementService : Generate secure vcs access token
    23:48:56.377 | 463 ool-1-worker-227 | DEBUG | PersonalAccessTokenManagementService : Generate secure vcs access token
    23:48:56.379 | 463 ool-1-worker-227 | INFO  | i.z.t.d.l.EmbeddedDatabaseReporter   : JDBC URL to connect to 'dataSource': url='jdbc:h2:tcp://localhost:41063/mem:736625c0-cf5e-400d-aeaa-8a7eabd6262b;USER=sa', scope='ProgrammingSubmissionAndResultGitlabJenkinsIntegrationTest#shouldSaveBuildLogsOnStudentParticipationWithoutResult'
    23:48:56.390 | 463 ool-1-worker-227 | DEBUG | PersonalAccessTokenManagementService : Generate secure vcs access token
    23:48:56.394 | 463 ool-1-worker-227 | DEBUG | d.t.c.a.a.c.s.f.ApiVersionFilter     : Adding Version to Request POST /api/public/programming-exercises/new-result
    23:48:56.394 | 463 ool-1-worker-227 | DEBUG | d.t.c.a.a.a.w.o.PublicResultResource : Received result notify (NEW)
    23:48:56.396 | 463 ool-1-worker-227 | INFO  | d.t.c.a.a.a.w.o.PublicResultResource : Artemis received a new result for build plan SHORT23B2D234097FC04C220BDE906E67356D6ED7TSTEXC-PROGSUBRESGITLABJENSTUDENT1
    23:48:56.397 | 463 ool-1-worker-227 | DEBUG | .s.ProgrammingExerciseGradingService : Received new build result (NEW) for participation 4380
    23:48:56.410 | 463 ool-1-worker-227 | DEBUG | .c.s.m.InstanceMessageReceiveService : Received schedule participant score for exercise 3340 and participant 773 (result to be deleted: null)
    23:48:56.410 | 463 ool-1-worker-227 | DEBUG | .a.s.ParticipantScoreScheduleService : Scheduled task for exercise 3340 and participant 773 at 2025-02-14T23:48:56.510938658Z[Etc/UTC].
    23:48:56.411 | 463 ool-1-worker-227 | DEBUG | .a.a.p.s.ProgrammingMessagingService : Send result to client over websocket. Result: Result{id864, completionDate=2025-02-14T23:48:56.391995700Z, successful=false, score=0.0, rated=true, assessmentType=AUTOMATIC, hasComplaint=null, testCaseCount=0, passedTestCaseCount=0, codeIssueCount=0}, Submission: ProgrammingSubmission{commitHash='9b3a9bd71a0d80e5bbc42204c319ed3d1d4f0d6d', buildFailed=true, buildArtifact=false, type=MANUAL}, Participation: ProgrammingExerciseStudentParticipation{id=4380, repositoryUri='https://version-control.fake.fake/git/SHORT23B2D234097FC04C220BDE906E67356D6ED7TSTEXC/short23b2d234097fc04c220bde906e67356d6ed7tstexc-progsubresgitlabjenstudent1.git', buildPlanId='SHORT23B2D234097FC04C220BDE906E67356D6ED7TSTEXC-PROGSUBRESGITLABJENSTUDENT1', initializationState='INITIALIZED', initializationDate='2025-02-14T23:48:56.390010Z', individualDueDate=null', presentationScore=null}
    23:48:56.413 | 463 ool-1-worker-227 | INFO  | d.t.c.a.a.a.w.o.PublicResultResource : The new result for SHORT23B2D234097FC04C220BDE906E67356D6ED7TSTEXC-PROGSUBRESGITLABJENSTUDENT1 was saved successfully
    23:48:56.416 | 463 ool-1-worker-227 | DEBUG | d.t.c.a.a.c.s.f.ApiVersionFilter     : Adding Version to Request GET /api/repository/4380/buildlogs
    23:48:56.417 | 463 ool-1-worker-227 | DEBUG | rammingExerciseParticipationResource : REST request to get build log : 4380
    23:48:56.421 | 463 ool-1-worker-227 | DEBUG | d.t.c.a.a.c.s.f.ApiVersionFilter     : Adding Version to Request POST /api/public/programming-exercises/new-result
    23:48:56.421 | 463 ool-1-worker-227 | DEBUG | d.t.c.a.a.a.w.o.PublicResultResource : Received result notify (NEW)
    23:48:56.423 | 463 ool-1-worker-227 | INFO  | d.t.c.a.a.a.w.o.PublicResultResource : Artemis received a new result for build plan SHORT23B2D234097FC04C220BDE906E67356D6ED7TSTEXC-PROGSUBRESGITLABJENSTUDENT1
    23:48:56.424 | 463 ool-1-worker-227 | DEBUG | .s.ProgrammingExerciseGradingService : Received new build result (NEW) for participation 4380
    23:48:56.443 | 463 ool-1-worker-227 | DEBUG | .c.s.m.InstanceMessageReceiveService : Received schedule participant score for exercise 3340 and participant 773 (result to be deleted: null)
    23:48:56.443 | 463 ool-1-worker-227 | DEBUG | .a.s.ParticipantScoreScheduleService : Scheduled task for exercise 3340 and participant 773 at 2025-02-14T23:48:56.543571799Z[Etc/UTC].
    23:48:56.444 | 463 ool-1-worker-227 | DEBUG | .a.a.p.s.ProgrammingMessagingService : Send result to client over websocket. Result: Result{id865, completionDate=2025-02-14T23:48:56.391995700Z, successful=false, score=0.0, rated=true, assessmentType=AUTOMATIC, hasComplaint=null, testCaseCount=0, passedTestCaseCount=0, codeIssueCount=0}, Submission: ProgrammingSubmission{commitHash='9b3a9bd71a0d80e5bbc42204c319ed3d1d4f0d6d', buildFailed=true, buildArtifact=false, type=MANUAL}, Participation: ProgrammingExerciseStudentParticipation{id=4380, repositoryUri='https://version-control.fake.fake/git/SHORT23B2D234097FC04C220BDE906E67356D6ED7TSTEXC/short23b2d234097fc04c220bde906e67356d6ed7tstexc-progsubresgitlabjenstudent1.git', buildPlanId='SHORT23B2D234097FC04C220BDE906E67356D6ED7TSTEXC-PROGSUBRESGITLABJENSTUDENT1', initializationState='INITIALIZED', initializationDate='2025-02-14T23:48:56.390010Z', individualDueDate=null', presentationScore=null}
    23:48:56.446 | 463 ool-1-worker-227 | INFO  | d.t.c.a.a.a.w.o.PublicResultResource : The new result for SHORT23B2D234097FC04C220BDE906E67356D6ED7TSTEXC-PROGSUBRESGITLABJENSTUDENT1 was saved successfully

  Starting logs for ProgrammingSubmissionAndResultGitlabJenkinsIntegrationTest > shouldSaveBuildLogsOnStudentParticipationWithoutResult(ProgrammingLanguage, boolean, boolean) [26] programmingLanguage=C_PLUS_PLUS, enableStaticCodeAnalysis=false, buildFailed=true
    23:48:56.457 | 463 ool-1-worker-227 | DEBUG | d.t.c.a.a.c.u.util.UserUtilService   : Generate 3 students...
    23:48:56.461 | 463 ool-1-worker-227 | DEBUG | d.t.c.a.a.c.u.util.UserUtilService   : 3 students generated. Generate 2 tutors...
    23:48:56.464 | 463 ool-1-worker-227 | DEBUG | d.t.c.a.a.c.u.util.UserUtilService   : 2 tutors generated. Generate 0 editors...
    23:48:56.465 | 463 ool-1-worker-227 | DEBUG | d.t.c.a.a.c.u.util.UserUtilService   : 0 editors generated. Generate 2 instructors...
    23:48:56.468 | 463 ool-1-worker-227 | DEBUG | d.t.c.a.a.c.u.util.UserUtilService   : 2 instructors generated
    23:48:56.469 | 463 ool-1-worker-227 | DEBUG | d.t.c.a.a.c.u.util.UserUtilService   : Removing 7 users from all courses...
    23:48:56.470 | 463 ool-1-worker-227 | DEBUG | d.t.c.a.a.c.u.util.UserUtilService   : Removing 7 users from all courses. Done
    23:48:56.470 | 463 ool-1-worker-227 | DEBUG | d.t.c.a.a.c.u.util.UserUtilService   : Save 7 users to database...
    23:48:56.473 | 463 ool-1-worker-227 | DEBUG | d.t.c.a.a.c.u.util.UserUtilService   : Save 7 users to database. Done
    23:48:56.487 | 463 ool-1-worker-227 | DEBUG | PersonalAccessTokenManagementService : Generate secure vcs access token
    23:48:56.489 | 463 ool-1-worker-227 | DEBUG | PersonalAccessTokenManagementService : Generate secure vcs access token
    23:48:56.491 | 463 ool-1-worker-227 | INFO  | i.z.t.d.l.EmbeddedDatabaseReporter   : JDBC URL to connect to 'dataSource': url='jdbc:h2:tcp://localhost:41063/mem:736625c0-cf5e-400d-aeaa-8a7eabd6262b;USER=sa', scope='ProgrammingSubmissionAndResultGitlabJenkinsIntegrationTest#shouldSaveBuildLogsOnStudentParticipationWithoutResult'
    23:48:56.503 | 463 ool-1-worker-227 | DEBUG | PersonalAccessTokenManagementService : Generate secure vcs access token
    23:48:56.506 | 463 ool-1-worker-227 | DEBUG | d.t.c.a.a.c.s.f.ApiVersionFilter     : Adding Version to Request POST /api/public/programming-exercises/new-result
    23:48:56.506 | 463 ool-1-worker-227 | DEBUG | d.t.c.a.a.a.w.o.PublicResultResource : Received result notify (NEW)
    23:48:56.508 | 463 ool-1-worker-227 | INFO  | d.t.c.a.a.a.w.o.PublicResultResource : Artemis received a new result for build plan SHORT7950B44107329045FD0BB9802FB3CEEDFDA4TSTEXC-PROGSUBRESGITLABJENSTUDENT1
    23:48:56.509 | 463 ool-1-worker-227 | DEBUG | .s.ProgrammingExerciseGradingService : Received new build result (NEW) for participation 4387
    23:48:56.522 | 463 ool-1-worker-227 | DEBUG | .c.s.m.InstanceMessageReceiveService : Received schedule participant score for exercise 3342 and participant 773 (result to be deleted: null)
    23:48:56.522 | 463 ool-1-worker-227 | DEBUG | .a.s.ParticipantScoreScheduleService : Scheduled task for exercise 3342 and participant 773 at 2025-02-14T23:48:56.622953735Z[Etc/UTC].
    23:48:56.523 | 463 ool-1-worker-227 | DEBUG | .a.a.p.s.ProgrammingMessagingService : Send result to client over websocket. Result: Result{id866, completionDate=2025-02-14T23:48:56.504415800Z, successful=false, score=0.0, rated=true, assessmentType=AUTOMATIC, hasComplaint=null, testCaseCount=0, passedTestCaseCount=0, codeIssueCount=0}, Submission: ProgrammingSubmission{commitHash='9b3a9bd71a0d80e5bbc42204c319ed3d1d4f0d6d', buildFailed=true, buildArtifact=false, type=MANUAL}, Participation: ProgrammingExerciseStudentParticipation{id=4387, repositoryUri='https://version-control.fake.fake/git/SHORT7950B44107329045FD0BB9802FB3CEEDFDA4TSTEXC/short7950b44107329045fd0bb9802fb3ceedfda4tstexc-progsubresgitlabjenstudent1.git', buildPlanId='SHORT7950B44107329045FD0BB9802FB3CEEDFDA4TSTEXC-PROGSUBRESGITLABJENSTUDENT1', initializationState='INITIALIZED', initializationDate='2025-02-14T23:48:56.502447Z', individualDueDate=null', presentationScore=null}
    23:48:56.525 | 463 ool-1-worker-227 | INFO  | d.t.c.a.a.a.w.o.PublicResultResource : The new result for SHORT7950B44107329045FD0BB9802FB3CEEDFDA4TSTEXC-PROGSUBRESGITLABJENSTUDENT1 was saved successfully
    23:48:56.528 | 463 ool-1-worker-227 | DEBUG | d.t.c.a.a.c.s.f.ApiVersionFilter     : Adding Version to Request GET /api/repository/4387/buildlogs
    23:48:56.529 | 463 ool-1-worker-227 | DEBUG | rammingExerciseParticipationResource : REST request to get build log : 4387
    23:48:56.533 | 463 ool-1-worker-227 | DEBUG | d.t.c.a.a.c.s.f.ApiVersionFilter     : Adding Version to Request POST /api/public/programming-exercises/new-result
    23:48:56.533 | 463 ool-1-worker-227 | DEBUG | d.t.c.a.a.a.w.o.PublicResultResource : Received result notify (NEW)
    23:48:56.535 | 463 ool-1-worker-227 | INFO  | d.t.c.a.a.a.w.o.PublicResultResource : Artemis received a new result for build plan SHORT7950B44107329045FD0BB9802FB3CEEDFDA4TSTEXC-PROGSUBRESGITLABJENSTUDENT1
    23:48:56.536 | 463 ool-1-worker-227 | DEBUG | .s.ProgrammingExerciseGradingService : Received new build result (NEW) for participation 4387
    23:48:56.554 | 463 ool-1-worker-227 | DEBUG | .c.s.m.InstanceMessageReceiveService : Received schedule participant score for exercise 3342 and participant 773 (result to be deleted: null)
    23:48:56.554 | 463 ool-1-worker-227 | DEBUG | .a.s.ParticipantScoreScheduleService : Scheduled task for exercise 3342 and participant 773 at 2025-02-14T23:48:56.654643015Z[Etc/UTC].
    23:48:56.555 | 463 ool-1-worker-227 | DEBUG | .a.a.p.s.ProgrammingMessagingService : Send result to client over websocket. Result: Result{id867, completionDate=2025-02-14T23:48:56.504415800Z, successful=false, score=0.0, rated=true, assessmentType=AUTOMATIC, hasComplaint=null, testCaseCount=0, passedTestCaseCount=0, codeIssueCount=0}, Submission: ProgrammingSubmission{commitHash='9b3a9bd71a0d80e5bbc42204c319ed3d1d4f0d6d', buildFailed=true, buildArtifact=false, type=MANUAL}, Participation: ProgrammingExerciseStudentParticipation{id=4387, repositoryUri='https://version-control.fake.fake/git/SHORT7950B44107329045FD0BB9802FB3CEEDFDA4TSTEXC/short7950b44107329045fd0bb9802fb3ceedfda4tstexc-progsubresgitlabjenstudent1.git', buildPlanId='SHORT7950B44107329045FD0BB9802FB3CEEDFDA4TSTEXC-PROGSUBRESGITLABJENSTUDENT1', initializationState='INITIALIZED', initializationDate='2025-02-14T23:48:56.502447Z', individualDueDate=null', presentationScore=null}
    23:48:56.557 | 463 ool-1-worker-227 | INFO  | d.t.c.a.a.a.w.o.PublicResultResource : The new result for SHORT7950B44107329045FD0BB9802FB3CEEDFDA4TSTEXC-PROGSUBRESGITLABJENSTUDENT1 was saved successfully

  Starting logs for ProgrammingSubmissionAndResultGitlabJenkinsIntegrationTest > shouldSaveBuildLogsOnStudentParticipationWithoutResult(ProgrammingLanguage, boolean, boolean) [27] programmingLanguage=C_PLUS_PLUS, enableStaticCodeAnalysis=true, buildFailed=false
    23:48:56.568 | 463 ool-1-worker-227 | DEBUG | d.t.c.a.a.c.u.util.UserUtilService   : Generate 3 students...
    23:48:56.572 | 463 ool-1-worker-227 | DEBUG | d.t.c.a.a.c.u.util.UserUtilService   : 3 students generated. Generate 2 tutors...
    23:48:56.575 | 463 ool-1-worker-227 | DEBUG | d.t.c.a.a.c.u.util.UserUtilService   : 2 tutors generated. Generate 0 editors...
    23:48:56.576 | 463 ool-1-worker-227 | DEBUG | d.t.c.a.a.c.u.util.UserUtilService   : 0 editors generated. Generate 2 instructors...
    23:48:56.579 | 463 ool-1-worker-227 | DEBUG | d.t.c.a.a.c.u.util.UserUtilService   : 2 instructors generated
    23:48:56.580 | 463 ool-1-worker-227 | DEBUG | d.t.c.a.a.c.u.util.UserUtilService   : Removing 7 users from all courses...
    23:48:56.581 | 463 ool-1-worker-227 | DEBUG | d.t.c.a.a.c.u.util.UserUtilService   : Removing 7 users from all courses. Done
    23:48:56.581 | 463 ool-1-worker-227 | DEBUG | d.t.c.a.a.c.u.util.UserUtilService   : Save 7 users to database...
    23:48:56.584 | 463 ool-1-worker-227 | DEBUG | d.t.c.a.a.c.u.util.UserUtilService   : Save 7 users to database. Done
    23:48:56.598 | 463 ool-1-worker-227 | DEBUG | PersonalAccessTokenManagementService : Generate secure vcs access token
    23:48:56.601 | 463 ool-1-worker-227 | DEBUG | PersonalAccessTokenManagementService : Generate secure vcs access token
    23:48:56.603 | 463 ool-1-worker-227 | INFO  | i.z.t.d.l.EmbeddedDatabaseReporter   : JDBC URL to connect to 'dataSource': url='jdbc:h2:tcp://localhost:41063/mem:736625c0-cf5e-400d-aeaa-8a7eabd6262b;USER=sa', scope='ProgrammingSubmissionAndResultGitlabJenkinsIntegrationTest#shouldSaveBuildLogsOnStudentParticipationWithoutResult'
    23:48:56.614 | 463 ool-1-worker-227 | DEBUG | PersonalAccessTokenManagementService : Generate secure vcs access token
    23:48:56.618 | 463 ool-1-worker-227 | DEBUG | d.t.c.a.a.c.s.f.ApiVersionFilter     : Adding Version to Request POST /api/public/programming-exercises/new-result
    23:48:56.618 | 463 ool-1-worker-227 | DEBUG | d.t.c.a.a.a.w.o.PublicResultResource : Received result notify (NEW)
    23:48:56.619 | 463 ool-1-worker-227 | INFO  | d.t.c.a.a.a.w.o.PublicResultResource : Artemis received a new result for build plan SHORT86BC872F0DAA20496F0BE190DE7F5075264FTSTEXC-PROGSUBRESGITLABJENSTUDENT1
    23:48:56.621 | 463 ool-1-worker-227 | DEBUG | .s.ProgrammingExerciseGradingService : Received new build result (NEW) for participation 4394
    23:48:56.634 | 463 ool-1-worker-227 | DEBUG | .c.s.m.InstanceMessageReceiveService : Received schedule participant score for exercise 3344 and participant 773 (result to be deleted: null)
    23:48:56.634 | 463 ool-1-worker-227 | DEBUG | .a.s.ParticipantScoreScheduleService : Scheduled task for exercise 3344 and participant 773 at 2025-02-14T23:48:56.734692656Z[Etc/UTC].
    23:48:56.635 | 463 ool-1-worker-227 | DEBUG | .a.a.p.s.ProgrammingMessagingService : Send result to client over websocket. Result: Result{id868, completionDate=2025-02-14T23:48:56.615870500Z, successful=false, score=0.0, rated=true, assessmentType=AUTOMATIC, hasComplaint=null, testCaseCount=0, passedTestCaseCount=0, codeIssueCount=0}, Submission: ProgrammingSubmission{commitHash='9b3a9bd71a0d80e5bbc42204c319ed3d1d4f0d6d', buildFailed=true, buildArtifact=false, type=MANUAL}, Participation: ProgrammingExerciseStudentParticipation{id=4394, repositoryUri='https://version-control.fake.fake/git/SHORT86BC872F0DAA20496F0BE190DE7F5075264FTSTEXC/short86bc872f0daa20496f0be190de7f5075264ftstexc-progsubresgitlabjenstudent1.git', buildPlanId='SHORT86BC872F0DAA20496F0BE190DE7F5075264FTSTEXC-PROGSUBRESGITLABJENSTUDENT1', initializationState='INITIALIZED', initializationDate='2025-02-14T23:48:56.613865Z', individualDueDate=null', presentationScore=null}
    23:48:56.637 | 463 ool-1-worker-227 | INFO  | d.t.c.a.a.a.w.o.PublicResultResource : The new result for SHORT86BC872F0DAA20496F0BE190DE7F5075264FTSTEXC-PROGSUBRESGITLABJENSTUDENT1 was saved successfully
    23:48:56.640 | 463 ool-1-worker-227 | DEBUG | d.t.c.a.a.c.s.f.ApiVersionFilter     : Adding Version to Request GET /api/repository/4394/buildlogs
    23:48:56.641 | 463 ool-1-worker-227 | DEBUG | rammingExerciseParticipationResource : REST request to get build log : 4394
    23:48:56.645 | 463 ool-1-worker-227 | DEBUG | d.t.c.a.a.c.s.f.ApiVersionFilter     : Adding Version to Request POST /api/public/programming-exercises/new-result
    23:48:56.645 | 463 ool-1-worker-227 | DEBUG | d.t.c.a.a.a.w.o.PublicResultResource : Received result notify (NEW)
    23:48:56.647 | 463 ool-1-worker-227 | INFO  | d.t.c.a.a.a.w.o.PublicResultResource : Artemis received a new result for build plan SHORT86BC872F0DAA20496F0BE190DE7F5075264FTSTEXC-PROGSUBRESGITLABJENSTUDENT1
    23:48:56.648 | 463 ool-1-worker-227 | DEBUG | .s.ProgrammingExerciseGradingService : Received new build result (NEW) for participation 4394
    23:48:56.671 | 463 ool-1-worker-227 | DEBUG | .c.s.m.InstanceMessageReceiveService : Received schedule participant score for exercise 3344 and participant 773 (result to be deleted: null)
    23:48:56.671 | 463 ool-1-worker-227 | DEBUG | .a.s.ParticipantScoreScheduleService : Scheduled task for exercise 3344 and participant 773 at 2025-02-14T23:48:56.771935833Z[Etc/UTC].
    23:48:56.673 | 463 ool-1-worker-227 | DEBUG | .a.a.p.s.ProgrammingMessagingService : Send result to client over websocket. Result: Result{id869, completionDate=2025-02-14T23:48:56.615870500Z, successful=false, score=0.0, rated=true, assessmentType=AUTOMATIC, hasComplaint=null, testCaseCount=0, passedTestCaseCount=0, codeIssueCount=0}, Submission: ProgrammingSubmission{commitHash='9b3a9bd71a0d80e5bbc42204c319ed3d1d4f0d6d', buildFailed=true, buildArtifact=false, type=MANUAL}, Participation: ProgrammingExerciseStudentParticipation{id=4394, repositoryUri='https://version-control.fake.fake/git/SHORT86BC872F0DAA20496F0BE190DE7F5075264FTSTEXC/short86bc872f0daa20496f0be190de7f5075264ftstexc-progsubresgitlabjenstudent1.git', buildPlanId='SHORT86BC872F0DAA20496F0BE190DE7F5075264FTSTEXC-PROGSUBRESGITLABJENSTUDENT1', initializationState='INITIALIZED', initializationDate='2025-02-14T23:48:56.613865Z', individualDueDate=null', presentationScore=null}
    23:48:56.675 | 463 ool-1-worker-227 | INFO  | d.t.c.a.a.a.w.o.PublicResultResource : The new result for SHORT86BC872F0DAA20496F0BE190DE7F5075264FTSTEXC-PROGSUBRESGITLABJENSTUDENT1 was saved successfully

  Starting logs for ProgrammingSubmissionAndResultGitlabJenkinsIntegrationTest > shouldSaveBuildLogsOnStudentParticipationWithoutResult(ProgrammingLanguage, boolean, boolean) [28] programmingLanguage=C_PLUS_PLUS, enableStaticCodeAnalysis=false, buildFailed=false
    23:48:56.686 | 463 ool-1-worker-227 | DEBUG | d.t.c.a.a.c.u.util.UserUtilService   : Generate 3 students...
    23:48:56.690 | 463 ool-1-worker-227 | DEBUG | d.t.c.a.a.c.u.util.UserUtilService   : 3 students generated. Generate 2 tutors...
    23:48:56.693 | 463 ool-1-worker-227 | DEBUG | d.t.c.a.a.c.u.util.UserUtilService   : 2 tutors generated. Generate 0 editors...
    23:48:56.694 | 463 ool-1-worker-227 | DEBUG | d.t.c.a.a.c.u.util.UserUtilService   : 0 editors generated. Generate 2 instructors...
    23:48:56.697 | 463 ool-1-worker-227 | DEBUG | d.t.c.a.a.c.u.util.UserUtilService   : 2 instructors generated
    23:48:56.698 | 463 ool-1-worker-227 | DEBUG | d.t.c.a.a.c.u.util.UserUtilService   : Removing 7 users from all courses...
    23:48:56.699 | 463 ool-1-worker-227 | DEBUG | d.t.c.a.a.c.u.util.UserUtilService   : Removing 7 users from all courses. Done
    23:48:56.699 | 463 ool-1-worker-227 | DEBUG | d.t.c.a.a.c.u.util.UserUtilService   : Save 7 users to database...
    23:48:56.702 | 463 ool-1-worker-227 | DEBUG | d.t.c.a.a.c.u.util.UserUtilService   : Save 7 users to database. Done
    23:48:56.717 | 463 ool-1-worker-227 | DEBUG | PersonalAccessTokenManagementService : Generate secure vcs access token
    23:48:56.720 | 463 ool-1-worker-227 | DEBUG | PersonalAccessTokenManagementService : Generate secure vcs access token
    23:48:56.722 | 463 ool-1-worker-227 | INFO  | i.z.t.d.l.EmbeddedDatabaseReporter   : JDBC URL to connect to 'dataSource': url='jdbc:h2:tcp://localhost:41063/mem:736625c0-cf5e-400d-aeaa-8a7eabd6262b;USER=sa', scope='ProgrammingSubmissionAndResultGitlabJenkinsIntegrationTest#shouldSaveBuildLogsOnStudentParticipationWithoutResult'
    23:48:56.734 | 463 ool-1-worker-227 | DEBUG | PersonalAccessTokenManagementService : Generate secure vcs access token
    23:48:56.737 | 463 ool-1-worker-227 | DEBUG | d.t.c.a.a.c.s.f.ApiVersionFilter     : Adding Version to Request POST /api/public/programming-exercises/new-result
    23:48:56.738 | 463 ool-1-worker-227 | DEBUG | d.t.c.a.a.a.w.o.PublicResultResource : Received result notify (NEW)
    23:48:56.739 | 463 ool-1-worker-227 | INFO  | d.t.c.a.a.a.w.o.PublicResultResource : Artemis received a new result for build plan SHORT0C2997FF0C16C042600806E015934ACB8B0FTSTEXC-PROGSUBRESGITLABJENSTUDENT1
    23:48:56.741 | 463 ool-1-worker-227 | DEBUG | .s.ProgrammingExerciseGradingService : Received new build result (NEW) for participation 4401
    23:48:56.755 | 463 ool-1-worker-227 | DEBUG | .c.s.m.InstanceMessageReceiveService : Received schedule participant score for exercise 3346 and participant 773 (result to be deleted: null)
    23:48:56.755 | 463 ool-1-worker-227 | DEBUG | .a.s.ParticipantScoreScheduleService : Scheduled task for exercise 3346 and participant 773 at 2025-02-14T23:48:56.855412055Z[Etc/UTC].
    23:48:56.756 | 463 ool-1-worker-227 | DEBUG | .a.a.p.s.ProgrammingMessagingService : Send result to client over websocket. Result: Result{id870, completionDate=2025-02-14T23:48:56.735645Z, successful=false, score=0.0, rated=true, assessmentType=AUTOMATIC, hasComplaint=null, testCaseCount=0, passedTestCaseCount=0, codeIssueCount=0}, Submission: ProgrammingSubmission{commitHash='9b3a9bd71a0d80e5bbc42204c319ed3d1d4f0d6d', buildFailed=true, buildArtifact=false, type=MANUAL}, Participation: ProgrammingExerciseStudentParticipation{id=4401, repositoryUri='https://version-control.fake.fake/git/SHORT0C2997FF0C16C042600806E015934ACB8B0FTSTEXC/short0c2997ff0c16c042600806e015934acb8b0ftstexc-progsubresgitlabjenstudent1.git', buildPlanId='SHORT0C2997FF0C16C042600806E015934ACB8B0FTSTEXC-PROGSUBRESGITLABJENSTUDENT1', initializationState='INITIALIZED', initializationDate='2025-02-14T23:48:56.733500Z', individualDueDate=null', presentationScore=null}
    23:48:56.758 | 463 ool-1-worker-227 | INFO  | d.t.c.a.a.a.w.o.PublicResultResource : The new result for SHORT0C2997FF0C16C042600806E015934ACB8B0FTSTEXC-PROGSUBRESGITLABJENSTUDENT1 was saved successfully
    23:48:56.761 | 463 ool-1-worker-227 | DEBUG | d.t.c.a.a.c.s.f.ApiVersionFilter     : Adding Version to Request GET /api/repository/4401/buildlogs
    23:48:56.762 | 463 ool-1-worker-227 | DEBUG | rammingExerciseParticipationResource : REST request to get build log : 4401
    23:48:56.766 | 463 ool-1-worker-227 | DEBUG | d.t.c.a.a.c.s.f.ApiVersionFilter     : Adding Version to Request POST /api/public/programming-exercises/new-result
    23:48:56.766 | 463 ool-1-worker-227 | DEBUG | d.t.c.a.a.a.w.o.PublicResultResource : Received result notify (NEW)
    23:48:56.768 | 463 ool-1-worker-227 | INFO  | d.t.c.a.a.a.w.o.PublicResultResource : Artemis received a new result for build plan SHORT0C2997FF0C16C042600806E015934ACB8B0FTSTEXC-PROGSUBRESGITLABJENSTUDENT1
    23:48:56.769 | 463 ool-1-worker-227 | DEBUG | .s.ProgrammingExerciseGradingService : Received new build result (NEW) for participation 4401
    23:48:56.788 | 463 ool-1-worker-227 | DEBUG | .c.s.m.InstanceMessageReceiveService : Received schedule participant score for exercise 3346 and participant 773 (result to be deleted: null)
    23:48:56.788 | 463 ool-1-worker-227 | DEBUG | .a.s.ParticipantScoreScheduleService : Scheduled task for exercise 3346 and participant 773 at 2025-02-14T23:48:56.888571036Z[Etc/UTC].
    23:48:56.789 | 463 ool-1-worker-227 | DEBUG | .a.a.p.s.ProgrammingMessagingService : Send result to client over websocket. Result: Result{id871, completionDate=2025-02-14T23:48:56.735645Z, successful=false, score=0.0, rated=true, assessmentType=AUTOMATIC, hasComplaint=null, testCaseCount=0, passedTestCaseCount=0, codeIssueCount=0}, Submission: ProgrammingSubmission{commitHash='9b3a9bd71a0d80e5bbc42204c319ed3d1d4f0d6d', buildFailed=true, buildArtifact=false, type=MANUAL}, Participation: ProgrammingExerciseStudentParticipation{id=4401, repositoryUri='https://version-control.fake.fake/git/SHORT0C2997FF0C16C042600806E015934ACB8B0FTSTEXC/short0c2997ff0c16c042600806e015934acb8b0ftstexc-progsubresgitlabjenstudent1.git', buildPlanId='SHORT0C2997FF0C16C042600806E015934ACB8B0FTSTEXC-PROGSUBRESGITLABJENSTUDENT1', initializationState='INITIALIZED', initializationDate='2025-02-14T23:48:56.733500Z', individualDueDate=null', presentationScore=null}
    23:48:56.791 | 463 ool-1-worker-227 | INFO  | d.t.c.a.a.a.w.o.PublicResultResource : The new result for SHORT0C2997FF0C16C042600806E015934ACB8B0FTSTEXC-PROGSUBRESGITLABJENSTUDENT1 was saved successfully

  Starting logs for ProgrammingSubmissionAndResultGitlabJenkinsIntegrationTest > shouldSaveBuildLogsOnStudentParticipationWithoutResult(ProgrammingLanguage, boolean, boolean) [29] programmingLanguage=EMPTY, enableStaticCodeAnalysis=true, buildFailed=true
    23:48:56.802 | 463 ool-1-worker-227 | DEBUG | d.t.c.a.a.c.u.util.UserUtilService   : Generate 3 students...
    23:48:56.806 | 463 ool-1-worker-227 | DEBUG | d.t.c.a.a.c.u.util.UserUtilService   : 3 students generated. Generate 2 tutors...
    23:48:56.809 | 463 ool-1-worker-227 | DEBUG | d.t.c.a.a.c.u.util.UserUtilService   : 2 tutors generated. Generate 0 editors...
    23:48:56.810 | 463 ool-1-worker-227 | DEBUG | d.t.c.a.a.c.u.util.UserUtilService   : 0 editors generated. Generate 2 instructors...
    23:48:56.813 | 463 ool-1-worker-227 | DEBUG | d.t.c.a.a.c.u.util.UserUtilService   : 2 instructors generated
    23:48:56.814 | 463 ool-1-worker-227 | DEBUG | d.t.c.a.a.c.u.util.UserUtilService   : Removing 7 users from all courses...
    23:48:56.815 | 463 ool-1-worker-227 | DEBUG | d.t.c.a.a.c.u.util.UserUtilService   : Removing 7 users from all courses. Done
    23:48:56.815 | 463 ool-1-worker-227 | DEBUG | d.t.c.a.a.c.u.util.UserUtilService   : Save 7 users to database...
    23:48:56.818 | 463 ool-1-worker-227 | DEBUG | d.t.c.a.a.c.u.util.UserUtilService   : Save 7 users to database. Done
    23:48:56.832 | 463 ool-1-worker-227 | DEBUG | PersonalAccessTokenManagementService : Generate secure vcs access token
    23:48:56.835 | 463 ool-1-worker-227 | DEBUG | PersonalAccessTokenManagementService : Generate secure vcs access token
    23:48:56.837 | 463 ool-1-worker-227 | INFO  | i.z.t.d.l.EmbeddedDatabaseReporter   : JDBC URL to connect to 'dataSource': url='jdbc:h2:tcp://localhost:41063/mem:736625c0-cf5e-400d-aeaa-8a7eabd6262b;USER=sa', scope='ProgrammingSubmissionAndResultGitlabJenkinsIntegrationTest#shouldSaveBuildLogsOnStudentParticipationWithoutResult'
    23:48:56.849 | 463 ool-1-worker-227 | DEBUG | PersonalAccessTokenManagementService : Generate secure vcs access token
    23:48:56.852 | 463 ool-1-worker-227 | DEBUG | d.t.c.a.a.c.s.f.ApiVersionFilter     : Adding Version to Request POST /api/public/programming-exercises/new-result
    23:48:56.852 | 463 ool-1-worker-227 | DEBUG | d.t.c.a.a.a.w.o.PublicResultResource : Received result notify (NEW)
    23:48:56.854 | 463 ool-1-worker-227 | INFO  | d.t.c.a.a.a.w.o.PublicResultResource : Artemis received a new result for build plan SHORT04FF3C630473E04A3908AFF06B241008644FTSTEXC-PROGSUBRESGITLABJENSTUDENT1
    23:48:56.855 | 463 ool-1-worker-227 | DEBUG | .s.ProgrammingExerciseGradingService : Received new build result (NEW) for participation 4408
    23:48:56.869 | 463 ool-1-worker-227 | DEBUG | .c.s.m.InstanceMessageReceiveService : Received schedule participant score for exercise 3348 and participant 773 (result to be deleted: null)
    23:48:56.869 | 463 ool-1-worker-227 | DEBUG | .a.s.ParticipantScoreScheduleService : Scheduled task for exercise 3348 and participant 773 at 2025-02-14T23:48:56.969169190Z[Etc/UTC].
    23:48:56.869 | 463 ool-1-worker-227 | DEBUG | .a.a.p.s.ProgrammingMessagingService : Send result to client over websocket. Result: Result{id872, completionDate=2025-02-14T23:48:56.850377800Z, successful=false, score=0.0, rated=true, assessmentType=AUTOMATIC, hasComplaint=null, testCaseCount=0, passedTestCaseCount=0, codeIssueCount=0}, Submission: ProgrammingSubmission{commitHash='9b3a9bd71a0d80e5bbc42204c319ed3d1d4f0d6d', buildFailed=true, buildArtifact=false, type=MANUAL}, Participation: ProgrammingExerciseStudentParticipation{id=4408, repositoryUri='https://version-control.fake.fake/git/SHORT04FF3C630473E04A3908AFF06B241008644FTSTEXC/short04ff3c630473e04a3908aff06b241008644ftstexc-progsubresgitlabjenstudent1.git', buildPlanId='SHORT04FF3C630473E04A3908AFF06B241008644FTSTEXC-PROGSUBRESGITLABJENSTUDENT1', initializationState='INITIALIZED', initializationDate='2025-02-14T23:48:56.848403Z', individualDueDate=null', presentationScore=null}
    23:48:56.871 | 463 ool-1-worker-227 | INFO  | d.t.c.a.a.a.w.o.PublicResultResource : The new result for SHORT04FF3C630473E04A3908AFF06B241008644FTSTEXC-PROGSUBRESGITLABJENSTUDENT1 was saved successfully
    23:48:56.874 | 463 ool-1-worker-227 | DEBUG | d.t.c.a.a.c.s.f.ApiVersionFilter     : Adding Version to Request GET /api/repository/4408/buildlogs
    23:48:56.875 | 463 ool-1-worker-227 | DEBUG | rammingExerciseParticipationResource : REST request to get build log : 4408
    23:48:56.879 | 463 ool-1-worker-227 | DEBUG | d.t.c.a.a.c.s.f.ApiVersionFilter     : Adding Version to Request POST /api/public/programming-exercises/new-result
    23:48:56.879 | 463 ool-1-worker-227 | DEBUG | d.t.c.a.a.a.w.o.PublicResultResource : Received result notify (NEW)
    23:48:56.881 | 463 ool-1-worker-227 | INFO  | d.t.c.a.a.a.w.o.PublicResultResource : Artemis received a new result for build plan SHORT04FF3C630473E04A3908AFF06B241008644FTSTEXC-PROGSUBRESGITLABJENSTUDENT1
    23:48:56.882 | 463 ool-1-worker-227 | DEBUG | .s.ProgrammingExerciseGradingService : Received new build result (NEW) for participation 4408
    23:48:56.900 | 463 ool-1-worker-227 | DEBUG | .c.s.m.InstanceMessageReceiveService : Received schedule participant score for exercise 3348 and participant 773 (result to be deleted: null)
    23:48:56.900 | 463 ool-1-worker-227 | DEBUG | .a.s.ParticipantScoreScheduleService : Scheduled task for exercise 3348 and participant 773 at 2025-02-14T23:48:57.000354871Z[Etc/UTC].
    23:48:56.901 | 463 ool-1-worker-227 | DEBUG | .a.a.p.s.ProgrammingMessagingService : Send result to client over websocket. Result: Result{id873, completionDate=2025-02-14T23:48:56.850377800Z, successful=false, score=0.0, rated=true, assessmentType=AUTOMATIC, hasComplaint=null, testCaseCount=0, passedTestCaseCount=0, codeIssueCount=0}, Submission: ProgrammingSubmission{commitHash='9b3a9bd71a0d80e5bbc42204c319ed3d1d4f0d6d', buildFailed=true, buildArtifact=false, type=MANUAL}, Participation: ProgrammingExerciseStudentParticipation{id=4408, repositoryUri='https://version-control.fake.fake/git/SHORT04FF3C630473E04A3908AFF06B241008644FTSTEXC/short04ff3c630473e04a3908aff06b241008644ftstexc-progsubresgitlabjenstudent1.git', buildPlanId='SHORT04FF3C630473E04A3908AFF06B241008644FTSTEXC-PROGSUBRESGITLABJENSTUDENT1', initializationState='INITIALIZED', initializationDate='2025-02-14T23:48:56.848403Z', individualDueDate=null', presentationScore=null}
    23:48:56.903 | 463 ool-1-worker-227 | INFO  | d.t.c.a.a.a.w.o.PublicResultResource : The new result for SHORT04FF3C630473E04A3908AFF06B241008644FTSTEXC-PROGSUBRESGITLABJENSTUDENT1 was saved successfully

  Starting logs for ProgrammingSubmissionAndResultGitlabJenkinsIntegrationTest > shouldSaveBuildLogsOnStudentParticipationWithoutResult(ProgrammingLanguage, boolean, boolean) [30] programmingLanguage=EMPTY, enableStaticCodeAnalysis=false, buildFailed=true
    23:48:56.913 | 463 ool-1-worker-227 | DEBUG | d.t.c.a.a.c.u.util.UserUtilService   : Generate 3 students...
    23:48:56.917 | 463 ool-1-worker-227 | DEBUG | d.t.c.a.a.c.u.util.UserUtilService   : 3 students generated. Generate 2 tutors...
    23:48:56.920 | 463 ool-1-worker-227 | DEBUG | d.t.c.a.a.c.u.util.UserUtilService   : 2 tutors generated. Generate 0 editors...
    23:48:56.922 | 463 ool-1-worker-227 | DEBUG | d.t.c.a.a.c.u.util.UserUtilService   : 0 editors generated. Generate 2 instructors...
    23:48:56.925 | 463 ool-1-worker-227 | DEBUG | d.t.c.a.a.c.u.util.UserUtilService   : 2 instructors generated
    23:48:56.926 | 463 ool-1-worker-227 | DEBUG | d.t.c.a.a.c.u.util.UserUtilService   : Removing 7 users from all courses...
    23:48:56.927 | 463 ool-1-worker-227 | DEBUG | d.t.c.a.a.c.u.util.UserUtilService   : Removing 7 users from all courses. Done
    23:48:56.927 | 463 ool-1-worker-227 | DEBUG | d.t.c.a.a.c.u.util.UserUtilService   : Save 7 users to database...
    23:48:56.963 | 463 ool-1-worker-227 | DEBUG | d.t.c.a.a.c.u.util.UserUtilService   : Save 7 users to database. Done
    23:48:56.977 | 463 ool-1-worker-227 | DEBUG | PersonalAccessTokenManagementService : Generate secure vcs access token
    23:48:56.980 | 463 ool-1-worker-227 | DEBUG | PersonalAccessTokenManagementService : Generate secure vcs access token
    23:48:56.982 | 463 ool-1-worker-227 | INFO  | i.z.t.d.l.EmbeddedDatabaseReporter   : JDBC URL to connect to 'dataSource': url='jdbc:h2:tcp://localhost:41063/mem:736625c0-cf5e-400d-aeaa-8a7eabd6262b;USER=sa', scope='ProgrammingSubmissionAndResultGitlabJenkinsIntegrationTest#shouldSaveBuildLogsOnStudentParticipationWithoutResult'
    23:48:56.993 | 463 ool-1-worker-227 | DEBUG | PersonalAccessTokenManagementService : Generate secure vcs access token
    23:48:56.996 | 463 ool-1-worker-227 | DEBUG | d.t.c.a.a.c.s.f.ApiVersionFilter     : Adding Version to Request POST /api/public/programming-exercises/new-result
    23:48:56.997 | 463 ool-1-worker-227 | DEBUG | d.t.c.a.a.a.w.o.PublicResultResource : Received result notify (NEW)
    23:48:56.998 | 463 ool-1-worker-227 | INFO  | d.t.c.a.a.a.w.o.PublicResultResource : Artemis received a new result for build plan SHORTBE2C8846057E60493509D250BE9B4DC7A9F6TSTEXC-PROGSUBRESGITLABJENSTUDENT1
    23:48:57.000 | 463 ool-1-worker-227 | DEBUG | .s.ProgrammingExerciseGradingService : Received new build result (NEW) for participation 4415
    23:48:57.013 | 463 ool-1-worker-227 | DEBUG | .c.s.m.InstanceMessageReceiveService : Received schedule participant score for exercise 3350 and participant 773 (result to be deleted: null)
    23:48:57.013 | 463 ool-1-worker-227 | DEBUG | .a.s.ParticipantScoreScheduleService : Scheduled task for exercise 3350 and participant 773 at 2025-02-14T23:48:57.113251100Z[Etc/UTC].
    23:48:57.013 | 463 ool-1-worker-227 | DEBUG | .a.a.p.s.ProgrammingMessagingService : Send result to client over websocket. Result: Result{id874, completionDate=2025-02-14T23:48:56.994847800Z, successful=false, score=0.0, rated=true, assessmentType=AUTOMATIC, hasComplaint=null, testCaseCount=0, passedTestCaseCount=0, codeIssueCount=0}, Submission: ProgrammingSubmission{commitHash='9b3a9bd71a0d80e5bbc42204c319ed3d1d4f0d6d', buildFailed=true, buildArtifact=false, type=MANUAL}, Participation: ProgrammingExerciseStudentParticipation{id=4415, repositoryUri='https://version-control.fake.fake/git/SHORTBE2C8846057E60493509D250BE9B4DC7A9F6TSTEXC/shortbe2c8846057e60493509d250be9b4dc7a9f6tstexc-progsubresgitlabjenstudent1.git', buildPlanId='SHORTBE2C8846057E60493509D250BE9B4DC7A9F6TSTEXC-PROGSUBRESGITLABJENSTUDENT1', initializationState='INITIALIZED', initializationDate='2025-02-14T23:48:56.992929Z', individualDueDate=null', presentationScore=null}
    23:48:57.016 | 463 ool-1-worker-227 | INFO  | d.t.c.a.a.a.w.o.PublicResultResource : The new result for SHORTBE2C8846057E60493509D250BE9B4DC7A9F6TSTEXC-PROGSUBRESGITLABJENSTUDENT1 was saved successfully
    23:48:57.019 | 463 ool-1-worker-227 | DEBUG | d.t.c.a.a.c.s.f.ApiVersionFilter     : Adding Version to Request GET /api/repository/4415/buildlogs
    23:48:57.019 | 463 ool-1-worker-227 | DEBUG | rammingExerciseParticipationResource : REST request to get build log : 4415
    23:48:57.023 | 463 ool-1-worker-227 | DEBUG | d.t.c.a.a.c.s.f.ApiVersionFilter     : Adding Version to Request POST /api/public/programming-exercises/new-result
    23:48:57.023 | 463 ool-1-worker-227 | DEBUG | d.t.c.a.a.a.w.o.PublicResultResource : Received result notify (NEW)
    23:48:57.025 | 463 ool-1-worker-227 | INFO  | d.t.c.a.a.a.w.o.PublicResultResource : Artemis received a new result for build plan SHORTBE2C8846057E60493509D250BE9B4DC7A9F6TSTEXC-PROGSUBRESGITLABJENSTUDENT1
    23:48:57.026 | 463 ool-1-worker-227 | DEBUG | .s.ProgrammingExerciseGradingService : Received new build result (NEW) for participation 4415
    23:48:57.044 | 463 ool-1-worker-227 | DEBUG | .c.s.m.InstanceMessageReceiveService : Received schedule participant score for exercise 3350 and participant 773 (result to be deleted: null)
    23:48:57.044 | 463 ool-1-worker-227 | DEBUG | .a.s.ParticipantScoreScheduleService : Scheduled task for exercise 3350 and participant 773 at 2025-02-14T23:48:57.144057604Z[Etc/UTC].
    23:48:57.044 | 463 ool-1-worker-227 | DEBUG | .a.a.p.s.ProgrammingMessagingService : Send result to client over websocket. Result: Result{id875, completionDate=2025-02-14T23:48:56.994847800Z, successful=false, score=0.0, rated=true, assessmentType=AUTOMATIC, hasComplaint=null, testCaseCount=0, passedTestCaseCount=0, codeIssueCount=0}, Submission: ProgrammingSubmission{commitHash='9b3a9bd71a0d80e5bbc42204c319ed3d1d4f0d6d', buildFailed=true, buildArtifact=false, type=MANUAL}, Participation: ProgrammingExerciseStudentParticipation{id=4415, repositoryUri='https://version-control.fake.fake/git/SHORTBE2C8846057E60493509D250BE9B4DC7A9F6TSTEXC/shortbe2c8846057e60493509d250be9b4dc7a9f6tstexc-progsubresgitlabjenstudent1.git', buildPlanId='SHORTBE2C8846057E60493509D250BE9B4DC7A9F6TSTEXC-PROGSUBRESGITLABJENSTUDENT1', initializationState='INITIALIZED', initializationDate='2025-02-14T23:48:56.992929Z', individualDueDate=null', presentationScore=null}
    23:48:57.047 | 463 ool-1-worker-227 | INFO  | d.t.c.a.a.a.w.o.PublicResultResource : The new result for SHORTBE2C8846057E60493509D250BE9B4DC7A9F6TSTEXC-PROGSUBRESGITLABJENSTUDENT1 was saved successfully

  Starting logs for ProgrammingSubmissionAndResultGitlabJenkinsIntegrationTest > shouldSaveBuildLogsOnStudentParticipationWithoutResult(ProgrammingLanguage, boolean, boolean) [31] programmingLanguage=EMPTY, enableStaticCodeAnalysis=true, buildFailed=false
    23:48:57.058 | 463 ool-1-worker-227 | DEBUG | d.t.c.a.a.c.u.util.UserUtilService   : Generate 3 students...
    23:48:57.062 | 463 ool-1-worker-227 | DEBUG | d.t.c.a.a.c.u.util.UserUtilService   : 3 students generated. Generate 2 tutors...
    23:48:57.065 | 463 ool-1-worker-227 | DEBUG | d.t.c.a.a.c.u.util.UserUtilService   : 2 tutors generated. Generate 0 editors...
    23:48:57.067 | 463 ool-1-worker-227 | DEBUG | d.t.c.a.a.c.u.util.UserUtilService   : 0 editors generated. Generate 2 instructors...
    23:48:57.070 | 463 ool-1-worker-227 | DEBUG | d.t.c.a.a.c.u.util.UserUtilService   : 2 instructors generated
    23:48:57.071 | 463 ool-1-worker-227 | DEBUG | d.t.c.a.a.c.u.util.UserUtilService   : Removing 7 users from all courses...
    23:48:57.072 | 463 ool-1-worker-227 | DEBUG | d.t.c.a.a.c.u.util.UserUtilService   : Removing 7 users from all courses. Done
    23:48:57.072 | 463 ool-1-worker-227 | DEBUG | d.t.c.a.a.c.u.util.UserUtilService   : Save 7 users to database...
    23:48:57.075 | 463 ool-1-worker-227 | DEBUG | d.t.c.a.a.c.u.util.UserUtilService   : Save 7 users to database. Done
    23:48:57.090 | 463 ool-1-worker-227 | DEBUG | PersonalAccessTokenManagementService : Generate secure vcs access token
    23:48:57.093 | 463 ool-1-worker-227 | DEBUG | PersonalAccessTokenManagementService : Generate secure vcs access token
    23:48:57.095 | 463 ool-1-worker-227 | INFO  | i.z.t.d.l.EmbeddedDatabaseReporter   : JDBC URL to connect to 'dataSource': url='jdbc:h2:tcp://localhost:41063/mem:736625c0-cf5e-400d-aeaa-8a7eabd6262b;USER=sa', scope='ProgrammingSubmissionAndResultGitlabJenkinsIntegrationTest#shouldSaveBuildLogsOnStudentParticipationWithoutResult'
    23:48:57.106 | 463 ool-1-worker-227 | DEBUG | PersonalAccessTokenManagementService : Generate secure vcs access token
    23:48:57.110 | 463 ool-1-worker-227 | DEBUG | d.t.c.a.a.c.s.f.ApiVersionFilter     : Adding Version to Request POST /api/public/programming-exercises/new-result
    23:48:57.111 | 463 ool-1-worker-227 | DEBUG | d.t.c.a.a.a.w.o.PublicResultResource : Received result notify (NEW)
    23:48:57.112 | 463 ool-1-worker-227 | INFO  | d.t.c.a.a.a.w.o.PublicResultResource : Artemis received a new result for build plan SHORT1680E9DE09D0704CB60BAD80C0CFA11D5711TSTEXC-PROGSUBRESGITLABJENSTUDENT1
    23:48:57.114 | 463 ool-1-worker-227 | DEBUG | .s.ProgrammingExerciseGradingService : Received new build result (NEW) for participation 4422
    23:48:57.127 | 463 ool-1-worker-227 | DEBUG | .c.s.m.InstanceMessageReceiveService : Received schedule participant score for exercise 3352 and participant 773 (result to be deleted: null)
    23:48:57.127 | 463 ool-1-worker-227 | DEBUG | .a.s.ParticipantScoreScheduleService : Scheduled task for exercise 3352 and participant 773 at 2025-02-14T23:48:57.227618023Z[Etc/UTC].
    23:48:57.128 | 463 ool-1-worker-227 | DEBUG | .a.a.p.s.ProgrammingMessagingService : Send result to client over websocket. Result: Result{id876, completionDate=2025-02-14T23:48:57.107742Z, successful=false, score=0.0, rated=true, assessmentType=AUTOMATIC, hasComplaint=null, testCaseCount=0, passedTestCaseCount=0, codeIssueCount=0}, Submission: ProgrammingSubmission{commitHash='9b3a9bd71a0d80e5bbc42204c319ed3d1d4f0d6d', buildFailed=true, buildArtifact=false, type=MANUAL}, Participation: ProgrammingExerciseStudentParticipation{id=4422, repositoryUri='https://version-control.fake.fake/git/SHORT1680E9DE09D0704CB60BAD80C0CFA11D5711TSTEXC/short1680e9de09d0704cb60bad80c0cfa11d5711tstexc-progsubresgitlabjenstudent1.git', buildPlanId='SHORT1680E9DE09D0704CB60BAD80C0CFA11D5711TSTEXC-PROGSUBRESGITLABJENSTUDENT1', initializationState='INITIALIZED', initializationDate='2025-02-14T23:48:57.105782Z', individualDueDate=null', presentationScore=null}
    23:48:57.130 | 463 ool-1-worker-227 | INFO  | d.t.c.a.a.a.w.o.PublicResultResource : The new result for SHORT1680E9DE09D0704CB60BAD80C0CFA11D5711TSTEXC-PROGSUBRESGITLABJENSTUDENT1 was saved successfully
    23:48:57.133 | 463 ool-1-worker-227 | DEBUG | d.t.c.a.a.c.s.f.ApiVersionFilter     : Adding Version to Request GET /api/repository/4422/buildlogs
    23:48:57.133 | 463 ool-1-worker-227 | DEBUG | rammingExerciseParticipationResource : REST request to get build log : 4422
    23:48:57.138 | 463 ool-1-worker-227 | DEBUG | d.t.c.a.a.c.s.f.ApiVersionFilter     : Adding Version to Request POST /api/public/programming-exercises/new-result
    23:48:57.138 | 463 ool-1-worker-227 | DEBUG | d.t.c.a.a.a.w.o.PublicResultResource : Received result notify (NEW)
    23:48:57.139 | 463 ool-1-worker-227 | INFO  | d.t.c.a.a.a.w.o.PublicResultResource : Artemis received a new result for build plan SHORT1680E9DE09D0704CB60BAD80C0CFA11D5711TSTEXC-PROGSUBRESGITLABJENSTUDENT1
    23:48:57.141 | 463 ool-1-worker-227 | DEBUG | .s.ProgrammingExerciseGradingService : Received new build result (NEW) for participation 4422
    23:48:57.159 | 463 ool-1-worker-227 | DEBUG | .c.s.m.InstanceMessageReceiveService : Received schedule participant score for exercise 3352 and participant 773 (result to be deleted: null)
    23:48:57.159 | 463 ool-1-worker-227 | DEBUG | .a.s.ParticipantScoreScheduleService : Scheduled task for exercise 3352 and participant 773 at 2025-02-14T23:48:57.259669588Z[Etc/UTC].
    23:48:57.160 | 463 ool-1-worker-227 | DEBUG | .a.a.p.s.ProgrammingMessagingService : Send result to client over websocket. Result: Result{id877, completionDate=2025-02-14T23:48:57.107742Z, successful=false, score=0.0, rated=true, assessmentType=AUTOMATIC, hasComplaint=null, testCaseCount=0, passedTestCaseCount=0, codeIssueCount=0}, Submission: ProgrammingSubmission{commitHash='9b3a9bd71a0d80e5bbc42204c319ed3d1d4f0d6d', buildFailed=true, buildArtifact=false, type=MANUAL}, Participation: ProgrammingExerciseStudentParticipation{id=4422, repositoryUri='https://version-control.fake.fake/git/SHORT1680E9DE09D0704CB60BAD80C0CFA11D5711TSTEXC/short1680e9de09d0704cb60bad80c0cfa11d5711tstexc-progsubresgitlabjenstudent1.git', buildPlanId='SHORT1680E9DE09D0704CB60BAD80C0CFA11D5711TSTEXC-PROGSUBRESGITLABJENSTUDENT1', initializationState='INITIALIZED', initializationDate='2025-02-14T23:48:57.105782Z', individualDueDate=null', presentationScore=null}
    23:48:57.162 | 463 ool-1-worker-227 | INFO  | d.t.c.a.a.a.w.o.PublicResultResource : The new result for SHORT1680E9DE09D0704CB60BAD80C0CFA11D5711TSTEXC-PROGSUBRESGITLABJENSTUDENT1 was saved successfully

  Starting logs for ProgrammingSubmissionAndResultGitlabJenkinsIntegrationTest > shouldSaveBuildLogsOnStudentParticipationWithoutResult(ProgrammingLanguage, boolean, boolean) [32] programmingLanguage=EMPTY, enableStaticCodeAnalysis=false, buildFailed=false
    23:48:57.173 | 463 ool-1-worker-227 | DEBUG | d.t.c.a.a.c.u.util.UserUtilService   : Generate 3 students...
    23:48:57.177 | 463 ool-1-worker-227 | DEBUG | d.t.c.a.a.c.u.util.UserUtilService   : 3 students generated. Generate 2 tutors...
    23:48:57.180 | 463 ool-1-worker-227 | DEBUG | d.t.c.a.a.c.u.util.UserUtilService   : 2 tutors generated. Generate 0 editors...
    23:48:57.182 | 463 ool-1-worker-227 | DEBUG | d.t.c.a.a.c.u.util.UserUtilService   : 0 editors generated. Generate 2 instructors...
    23:48:57.185 | 463 ool-1-worker-227 | DEBUG | d.t.c.a.a.c.u.util.UserUtilService   : 2 instructors generated
    23:48:57.186 | 463 ool-1-worker-227 | DEBUG | d.t.c.a.a.c.u.util.UserUtilService   : Removing 7 users from all courses...
    23:48:57.186 | 463 ool-1-worker-227 | DEBUG | d.t.c.a.a.c.u.util.UserUtilService   : Removing 7 users from all courses. Done
    23:48:57.186 | 463 ool-1-worker-227 | DEBUG | d.t.c.a.a.c.u.util.UserUtilService   : Save 7 users to database...
    23:48:57.190 | 463 ool-1-worker-227 | DEBUG | d.t.c.a.a.c.u.util.UserUtilService   : Save 7 users to database. Done
    23:48:57.203 | 463 ool-1-worker-227 | DEBUG | PersonalAccessTokenManagementService : Generate secure vcs access token
    23:48:57.206 | 463 ool-1-worker-227 | DEBUG | PersonalAccessTokenManagementService : Generate secure vcs access token
    23:48:57.208 | 463 ool-1-worker-227 | INFO  | i.z.t.d.l.EmbeddedDatabaseReporter   : JDBC URL to connect to 'dataSource': url='jdbc:h2:tcp://localhost:41063/mem:736625c0-cf5e-400d-aeaa-8a7eabd6262b;USER=sa', scope='ProgrammingSubmissionAndResultGitlabJenkinsIntegrationTest#shouldSaveBuildLogsOnStudentParticipationWithoutResult'
    23:48:57.219 | 463 ool-1-worker-227 | DEBUG | PersonalAccessTokenManagementService : Generate secure vcs access token
    23:48:57.222 | 463 ool-1-worker-227 | DEBUG | d.t.c.a.a.c.s.f.ApiVersionFilter     : Adding Version to Request POST /api/public/programming-exercises/new-result
    23:48:57.223 | 463 ool-1-worker-227 | DEBUG | d.t.c.a.a.a.w.o.PublicResultResource : Received result notify (NEW)
    23:48:57.224 | 463 ool-1-worker-227 | INFO  | d.t.c.a.a.a.w.o.PublicResultResource : Artemis received a new result for build plan SHORT9C73EF2B0BDAB04E3408BF90FDC90F73B9D6TSTEXC-PROGSUBRESGITLABJENSTUDENT1
    23:48:57.225 | 463 ool-1-worker-227 | DEBUG | .s.ProgrammingExerciseGradingService : Received new build result (NEW) for participation 4429
    23:48:57.238 | 463 ool-1-worker-227 | DEBUG | .c.s.m.InstanceMessageReceiveService : Received schedule participant score for exercise 3354 and participant 773 (result to be deleted: null)
    23:48:57.238 | 463 ool-1-worker-227 | DEBUG | .a.s.ParticipantScoreScheduleService : Scheduled task for exercise 3354 and participant 773 at 2025-02-14T23:48:57.338688467Z[Etc/UTC].
    23:48:57.239 | 463 ool-1-worker-227 | DEBUG | .a.a.p.s.ProgrammingMessagingService : Send result to client over websocket. Result: Result{id878, completionDate=2025-02-14T23:48:57.220690700Z, successful=false, score=0.0, rated=true, assessmentType=AUTOMATIC, hasComplaint=null, testCaseCount=0, passedTestCaseCount=0, codeIssueCount=0}, Submission: ProgrammingSubmission{commitHash='9b3a9bd71a0d80e5bbc42204c319ed3d1d4f0d6d', buildFailed=true, buildArtifact=false, type=MANUAL}, Participation: ProgrammingExerciseStudentParticipation{id=4429, repositoryUri='https://version-control.fake.fake/git/SHORT9C73EF2B0BDAB04E3408BF90FDC90F73B9D6TSTEXC/short9c73ef2b0bdab04e3408bf90fdc90f73b9d6tstexc-progsubresgitlabjenstudent1.git', buildPlanId='SHORT9C73EF2B0BDAB04E3408BF90FDC90F73B9D6TSTEXC-PROGSUBRESGITLABJENSTUDENT1', initializationState='INITIALIZED', initializationDate='2025-02-14T23:48:57.218734Z', individualDueDate=null', presentationScore=null}
    23:48:57.241 | 463 ool-1-worker-227 | INFO  | d.t.c.a.a.a.w.o.PublicResultResource : The new result for SHORT9C73EF2B0BDAB04E3408BF90FDC90F73B9D6TSTEXC-PROGSUBRESGITLABJENSTUDENT1 was saved successfully
    23:48:57.244 | 463 ool-1-worker-227 | DEBUG | d.t.c.a.a.c.s.f.ApiVersionFilter     : Adding Version to Request GET /api/repository/4429/buildlogs
    23:48:57.244 | 463 ool-1-worker-227 | DEBUG | rammingExerciseParticipationResource : REST request to get build log : 4429
    23:48:57.248 | 463 ool-1-worker-227 | DEBUG | d.t.c.a.a.c.s.f.ApiVersionFilter     : Adding Version to Request POST /api/public/programming-exercises/new-result
    23:48:57.248 | 463 ool-1-worker-227 | DEBUG | d.t.c.a.a.a.w.o.PublicResultResource : Received result notify (NEW)
    23:48:57.250 | 463 ool-1-worker-227 | INFO  | d.t.c.a.a.a.w.o.PublicResultResource : Artemis received a new result for build plan SHORT9C73EF2B0BDAB04E3408BF90FDC90F73B9D6TSTEXC-PROGSUBRESGITLABJENSTUDENT1
    23:48:57.251 | 463 ool-1-worker-227 | DEBUG | .s.ProgrammingExerciseGradingService : Received new build result (NEW) for participation 4429
    23:48:57.269 | 463 ool-1-worker-227 | DEBUG | .c.s.m.InstanceMessageReceiveService : Received schedule participant score for exercise 3354 and participant 773 (result to be deleted: null)
    23:48:57.269 | 463 ool-1-worker-227 | DEBUG | .a.s.ParticipantScoreScheduleService : Scheduled task for exercise 3354 and participant 773 at 2025-02-14T23:48:57.369904404Z[Etc/UTC].
    23:48:57.270 | 463 ool-1-worker-227 | DEBUG | .a.a.p.s.ProgrammingMessagingService : Send result to client over websocket. Result: Result{id879, completionDate=2025-02-14T23:48:57.220690700Z, successful=false, score=0.0, rated=true, assessmentType=AUTOMATIC, hasComplaint=null, testCaseCount=0, passedTestCaseCount=0, codeIssueCount=0}, Submission: ProgrammingSubmission{commitHash='9b3a9bd71a0d80e5bbc42204c319ed3d1d4f0d6d', buildFailed=true, buildArtifact=false, type=MANUAL}, Participation: ProgrammingExerciseStudentParticipation{id=4429, repositoryUri='https://version-control.fake.fake/git/SHORT9C73EF2B0BDAB04E3408BF90FDC90F73B9D6TSTEXC/short9c73ef2b0bdab04e3408bf90fdc90f73b9d6tstexc-progsubresgitlabjenstudent1.git', buildPlanId='SHORT9C73EF2B0BDAB04E3408BF90FDC90F73B9D6TSTEXC-PROGSUBRESGITLABJENSTUDENT1', initializationState='INITIALIZED', initializationDate='2025-02-14T23:48:57.218734Z', individualDueDate=null', presentationScore=null}
    23:48:57.272 | 463 ool-1-worker-227 | INFO  | d.t.c.a.a.a.w.o.PublicResultResource : The new result for SHORT9C73EF2B0BDAB04E3408BF90FDC90F73B9D6TSTEXC-PROGSUBRESGITLABJENSTUDENT1 was saved successfully

  Starting logs for ProgrammingSubmissionAndResultGitlabJenkinsIntegrationTest > shouldSaveBuildLogsOnStudentParticipationWithoutResult(ProgrammingLanguage, boolean, boolean) [33] programmingLanguage=JAVA, enableStaticCodeAnalysis=true, buildFailed=true
    23:48:57.284 | 463 ool-1-worker-227 | DEBUG | d.t.c.a.a.c.u.util.UserUtilService   : Generate 3 students...
    23:48:57.288 | 463 ool-1-worker-227 | DEBUG | d.t.c.a.a.c.u.util.UserUtilService   : 3 students generated. Generate 2 tutors...
    23:48:57.291 | 463 ool-1-worker-227 | DEBUG | d.t.c.a.a.c.u.util.UserUtilService   : 2 tutors generated. Generate 0 editors...
    23:48:57.292 | 463 ool-1-worker-227 | DEBUG | d.t.c.a.a.c.u.util.UserUtilService   : 0 editors generated. Generate 2 instructors...
    23:48:57.295 | 463 ool-1-worker-227 | DEBUG | d.t.c.a.a.c.u.util.UserUtilService   : 2 instructors generated
    23:48:57.296 | 463 ool-1-worker-227 | DEBUG | d.t.c.a.a.c.u.util.UserUtilService   : Removing 7 users from all courses...
    23:48:57.297 | 463 ool-1-worker-227 | DEBUG | d.t.c.a.a.c.u.util.UserUtilService   : Removing 7 users from all courses. Done
    23:48:57.297 | 463 ool-1-worker-227 | DEBUG | d.t.c.a.a.c.u.util.UserUtilService   : Save 7 users to database...
    23:48:57.300 | 463 ool-1-worker-227 | DEBUG | d.t.c.a.a.c.u.util.UserUtilService   : Save 7 users to database. Done
    23:48:57.313 | 463 ool-1-worker-227 | DEBUG | PersonalAccessTokenManagementService : Generate secure vcs access token
    23:48:57.316 | 463 ool-1-worker-227 | DEBUG | PersonalAccessTokenManagementService : Generate secure vcs access token
    23:48:57.318 | 463 ool-1-worker-227 | INFO  | i.z.t.d.l.EmbeddedDatabaseReporter   : JDBC URL to connect to 'dataSource': url='jdbc:h2:tcp://localhost:41063/mem:736625c0-cf5e-400d-aeaa-8a7eabd6262b;USER=sa', scope='ProgrammingSubmissionAndResultGitlabJenkinsIntegrationTest#shouldSaveBuildLogsOnStudentParticipationWithoutResult'
    23:48:57.329 | 463 ool-1-worker-227 | DEBUG | PersonalAccessTokenManagementService : Generate secure vcs access token
    23:48:57.333 | 463 ool-1-worker-227 | DEBUG | d.t.c.a.a.c.s.f.ApiVersionFilter     : Adding Version to Request POST /api/public/programming-exercises/new-result
    23:48:57.333 | 463 ool-1-worker-227 | DEBUG | d.t.c.a.a.a.w.o.PublicResultResource : Received result notify (NEW)
    23:48:57.334 | 463 ool-1-worker-227 | INFO  | d.t.c.a.a.a.w.o.PublicResultResource : Artemis received a new result for build plan SHORTE350250E05AA90488508D1D0D468E7B577FFTSTEXC-PROGSUBRESGITLABJENSTUDENT1
    23:48:57.336 | 463 ool-1-worker-227 | DEBUG | .s.ProgrammingExerciseGradingService : Received new build result (NEW) for participation 4436
    23:48:57.349 | 463 ool-1-worker-227 | DEBUG | .c.s.m.InstanceMessageReceiveService : Received schedule participant score for exercise 3356 and participant 773 (result to be deleted: null)
    23:48:57.349 | 463 ool-1-worker-227 | DEBUG | .a.s.ParticipantScoreScheduleService : Scheduled task for exercise 3356 and participant 773 at 2025-02-14T23:48:57.449478869Z[Etc/UTC].
    23:48:57.350 | 463 ool-1-worker-227 | DEBUG | .a.a.p.s.ProgrammingMessagingService : Send result to client over websocket. Result: Result{id880, completionDate=2025-02-14T23:48:57.330854700Z, successful=false, score=0.0, rated=true, assessmentType=AUTOMATIC, hasComplaint=null, testCaseCount=0, passedTestCaseCount=0, codeIssueCount=0}, Submission: ProgrammingSubmission{commitHash='9b3a9bd71a0d80e5bbc42204c319ed3d1d4f0d6d', buildFailed=true, buildArtifact=false, type=MANUAL}, Participation: ProgrammingExerciseStudentParticipation{id=4436, repositoryUri='https://version-control.fake.fake/git/SHORTE350250E05AA90488508D1D0D468E7B577FFTSTEXC/shorte350250e05aa90488508d1d0d468e7b577fftstexc-progsubresgitlabjenstudent1.git', buildPlanId='SHORTE350250E05AA90488508D1D0D468E7B577FFTSTEXC-PROGSUBRESGITLABJENSTUDENT1', initializationState='INITIALIZED', initializationDate='2025-02-14T23:48:57.328884Z', individualDueDate=null', presentationScore=null}
    23:48:57.352 | 463 ool-1-worker-227 | INFO  | d.t.c.a.a.a.w.o.PublicResultResource : The new result for SHORTE350250E05AA90488508D1D0D468E7B577FFTSTEXC-PROGSUBRESGITLABJENSTUDENT1 was saved successfully
    23:48:57.355 | 463 ool-1-worker-227 | DEBUG | d.t.c.a.a.c.s.f.ApiVersionFilter     : Adding Version to Request GET /api/repository/4436/buildlogs
    23:48:57.355 | 463 ool-1-worker-227 | DEBUG | rammingExerciseParticipationResource : REST request to get build log : 4436
    23:48:57.359 | 463 ool-1-worker-227 | DEBUG | d.t.c.a.a.c.s.f.ApiVersionFilter     : Adding Version to Request POST /api/public/programming-exercises/new-result
    23:48:57.359 | 463 ool-1-worker-227 | DEBUG | d.t.c.a.a.a.w.o.PublicResultResource : Received result notify (NEW)
    23:48:57.361 | 463 ool-1-worker-227 | INFO  | d.t.c.a.a.a.w.o.PublicResultResource : Artemis received a new result for build plan SHORTE350250E05AA90488508D1D0D468E7B577FFTSTEXC-PROGSUBRESGITLABJENSTUDENT1
    23:48:57.362 | 463 ool-1-worker-227 | DEBUG | .s.ProgrammingExerciseGradingService : Received new build result (NEW) for participation 4436
    23:48:57.380 | 463 ool-1-worker-227 | DEBUG | .c.s.m.InstanceMessageReceiveService : Received schedule participant score for exercise 3356 and participant 773 (result to be deleted: null)
    23:48:57.380 | 463 ool-1-worker-227 | DEBUG | .a.s.ParticipantScoreScheduleService : Scheduled task for exercise 3356 and participant 773 at 2025-02-14T23:48:57.480630737Z[Etc/UTC].
    23:48:57.381 | 463 ool-1-worker-227 | DEBUG | .a.a.p.s.ProgrammingMessagingService : Send result to client over websocket. Result: Result{id881, completionDate=2025-02-14T23:48:57.330854700Z, successful=false, score=0.0, rated=true, assessmentType=AUTOMATIC, hasComplaint=null, testCaseCount=0, passedTestCaseCount=0, codeIssueCount=0}, Submission: ProgrammingSubmission{commitHash='9b3a9bd71a0d80e5bbc42204c319ed3d1d4f0d6d', buildFailed=true, buildArtifact=false, type=MANUAL}, Participation: ProgrammingExerciseStudentParticipation{id=4436, repositoryUri='https://version-control.fake.fake/git/SHORTE350250E05AA90488508D1D0D468E7B577FFTSTEXC/shorte350250e05aa90488508d1d0d468e7b577fftstexc-progsubresgitlabjenstudent1.git', buildPlanId='SHORTE350250E05AA90488508D1D0D468E7B577FFTSTEXC-PROGSUBRESGITLABJENSTUDENT1', initializationState='INITIALIZED', initializationDate='2025-02-14T23:48:57.328884Z', individualDueDate=null', presentationScore=null}
    23:48:57.383 | 463 ool-1-worker-227 | INFO  | d.t.c.a.a.a.w.o.PublicResultResource : The new result for SHORTE350250E05AA90488508D1D0D468E7B577FFTSTEXC-PROGSUBRESGITLABJENSTUDENT1 was saved successfully

  Starting logs for ProgrammingSubmissionAndResultGitlabJenkinsIntegrationTest > shouldSaveBuildLogsOnStudentParticipationWithoutResult(ProgrammingLanguage, boolean, boolean) [34] programmingLanguage=JAVA, enableStaticCodeAnalysis=false, buildFailed=true
    23:48:57.394 | 463 ool-1-worker-227 | DEBUG | d.t.c.a.a.c.u.util.UserUtilService   : Generate 3 students...
    23:48:57.398 | 463 ool-1-worker-227 | DEBUG | d.t.c.a.a.c.u.util.UserUtilService   : 3 students generated. Generate 2 tutors...
    23:48:57.401 | 463 ool-1-worker-227 | DEBUG | d.t.c.a.a.c.u.util.UserUtilService   : 2 tutors generated. Generate 0 editors...
    23:48:57.402 | 463 ool-1-worker-227 | DEBUG | d.t.c.a.a.c.u.util.UserUtilService   : 0 editors generated. Generate 2 instructors...
    23:48:57.405 | 463 ool-1-worker-227 | DEBUG | d.t.c.a.a.c.u.util.UserUtilService   : 2 instructors generated
    23:48:57.406 | 463 ool-1-worker-227 | DEBUG | d.t.c.a.a.c.u.util.UserUtilService   : Removing 7 users from all courses...
    23:48:57.407 | 463 ool-1-worker-227 | DEBUG | d.t.c.a.a.c.u.util.UserUtilService   : Removing 7 users from all courses. Done
    23:48:57.407 | 463 ool-1-worker-227 | DEBUG | d.t.c.a.a.c.u.util.UserUtilService   : Save 7 users to database...
    23:48:57.410 | 463 ool-1-worker-227 | DEBUG | d.t.c.a.a.c.u.util.UserUtilService   : Save 7 users to database. Done
    23:48:57.423 | 463 ool-1-worker-227 | DEBUG | PersonalAccessTokenManagementService : Generate secure vcs access token
    23:48:57.426 | 463 ool-1-worker-227 | DEBUG | PersonalAccessTokenManagementService : Generate secure vcs access token
    23:48:57.428 | 463 ool-1-worker-227 | INFO  | i.z.t.d.l.EmbeddedDatabaseReporter   : JDBC URL to connect to 'dataSource': url='jdbc:h2:tcp://localhost:41063/mem:736625c0-cf5e-400d-aeaa-8a7eabd6262b;USER=sa', scope='ProgrammingSubmissionAndResultGitlabJenkinsIntegrationTest#shouldSaveBuildLogsOnStudentParticipationWithoutResult'
    23:48:57.439 | 463 ool-1-worker-227 | DEBUG | PersonalAccessTokenManagementService : Generate secure vcs access token
    23:48:57.442 | 463 ool-1-worker-227 | DEBUG | d.t.c.a.a.c.s.f.ApiVersionFilter     : Adding Version to Request POST /api/public/programming-exercises/new-result
    23:48:57.443 | 463 ool-1-worker-227 | DEBUG | d.t.c.a.a.a.w.o.PublicResultResource : Received result notify (NEW)
    23:48:57.444 | 463 ool-1-worker-227 | INFO  | d.t.c.a.a.a.w.o.PublicResultResource : Artemis received a new result for build plan SHORT54DA71C50FCCC04F670889E014354E96E236TSTEXC-PROGSUBRESGITLABJENSTUDENT1
    23:48:57.446 | 463 ool-1-worker-227 | DEBUG | .s.ProgrammingExerciseGradingService : Received new build result (NEW) for participation 4443
    23:48:57.459 | 463 ool-1-worker-227 | DEBUG | .c.s.m.InstanceMessageReceiveService : Received schedule participant score for exercise 3358 and participant 773 (result to be deleted: null)
    23:48:57.459 | 463 ool-1-worker-227 | DEBUG | .a.s.ParticipantScoreScheduleService : Scheduled task for exercise 3358 and participant 773 at 2025-02-14T23:48:57.559963401Z[Etc/UTC].
    23:48:57.460 | 463 ool-1-worker-227 | DEBUG | .a.a.p.s.ProgrammingMessagingService : Send result to client over websocket. Result: Result{id882, completionDate=2025-02-14T23:48:57.440578700Z, successful=false, score=0.0, rated=true, assessmentType=AUTOMATIC, hasComplaint=null, testCaseCount=0, passedTestCaseCount=0, codeIssueCount=0}, Submission: ProgrammingSubmission{commitHash='9b3a9bd71a0d80e5bbc42204c319ed3d1d4f0d6d', buildFailed=true, buildArtifact=false, type=MANUAL}, Participation: ProgrammingExerciseStudentParticipation{id=4443, repositoryUri='https://version-control.fake.fake/git/SHORT54DA71C50FCCC04F670889E014354E96E236TSTEXC/short54da71c50fccc04f670889e014354e96e236tstexc-progsubresgitlabjenstudent1.git', buildPlanId='SHORT54DA71C50FCCC04F670889E014354E96E236TSTEXC-PROGSUBRESGITLABJENSTUDENT1', initializationState='INITIALIZED', initializationDate='2025-02-14T23:48:57.438607Z', individualDueDate=null', presentationScore=null}
    23:48:57.462 | 463 ool-1-worker-227 | INFO  | d.t.c.a.a.a.w.o.PublicResultResource : The new result for SHORT54DA71C50FCCC04F670889E014354E96E236TSTEXC-PROGSUBRESGITLABJENSTUDENT1 was saved successfully
    23:48:57.465 | 463 ool-1-worker-227 | DEBUG | d.t.c.a.a.c.s.f.ApiVersionFilter     : Adding Version to Request GET /api/repository/4443/buildlogs
    23:48:57.466 | 463 ool-1-worker-227 | DEBUG | rammingExerciseParticipationResource : REST request to get build log : 4443
    23:48:57.470 | 463 ool-1-worker-227 | DEBUG | d.t.c.a.a.c.s.f.ApiVersionFilter     : Adding Version to Request POST /api/public/programming-exercises/new-result
    23:48:57.470 | 463 ool-1-worker-227 | DEBUG | d.t.c.a.a.a.w.o.PublicResultResource : Received result notify (NEW)
    23:48:57.472 | 463 ool-1-worker-227 | INFO  | d.t.c.a.a.a.w.o.PublicResultResource : Artemis received a new result for build plan SHORT54DA71C50FCCC04F670889E014354E96E236TSTEXC-PROGSUBRESGITLABJENSTUDENT1
    23:48:57.473 | 463 ool-1-worker-227 | DEBUG | .s.ProgrammingExerciseGradingService : Received new build result (NEW) for participation 4443
    23:48:57.492 | 463 ool-1-worker-227 | DEBUG | .c.s.m.InstanceMessageReceiveService : Received schedule participant score for exercise 3358 and participant 773 (result to be deleted: null)
    23:48:57.492 | 463 ool-1-worker-227 | DEBUG | .a.s.ParticipantScoreScheduleService : Scheduled task for exercise 3358 and participant 773 at 2025-02-14T23:48:57.592136593Z[Etc/UTC].
    23:48:57.493 | 463 ool-1-worker-227 | DEBUG | .a.a.p.s.ProgrammingMessagingService : Send result to client over websocket. Result: Result{id883, completionDate=2025-02-14T23:48:57.440578700Z, successful=false, score=0.0, rated=true, assessmentType=AUTOMATIC, hasComplaint=null, testCaseCount=0, passedTestCaseCount=0, codeIssueCount=0}, Submission: ProgrammingSubmission{commitHash='9b3a9bd71a0d80e5bbc42204c319ed3d1d4f0d6d', buildFailed=true, buildArtifact=false, type=MANUAL}, Participation: ProgrammingExerciseStudentParticipation{id=4443, repositoryUri='https://version-control.fake.fake/git/SHORT54DA71C50FCCC04F670889E014354E96E236TSTEXC/short54da71c50fccc04f670889e014354e96e236tstexc-progsubresgitlabjenstudent1.git', buildPlanId='SHORT54DA71C50FCCC04F670889E014354E96E236TSTEXC-PROGSUBRESGITLABJENSTUDENT1', initializationState='INITIALIZED', initializationDate='2025-02-14T23:48:57.438607Z', individualDueDate=null', presentationScore=null}
    23:48:57.495 | 463 ool-1-worker-227 | INFO  | d.t.c.a.a.a.w.o.PublicResultResource : The new result for SHORT54DA71C50FCCC04F670889E014354E96E236TSTEXC-PROGSUBRESGITLABJENSTUDENT1 was saved successfully

  Starting logs for ProgrammingSubmissionAndResultGitlabJenkinsIntegrationTest > shouldSaveBuildLogsOnStudentParticipationWithoutResult(ProgrammingLanguage, boolean, boolean) [35] programmingLanguage=JAVA, enableStaticCodeAnalysis=true, buildFailed=false
    23:48:57.506 | 463 ool-1-worker-227 | DEBUG | d.t.c.a.a.c.u.util.UserUtilService   : Generate 3 students...
    23:48:57.510 | 463 ool-1-worker-227 | DEBUG | d.t.c.a.a.c.u.util.UserUtilService   : 3 students generated. Generate 2 tutors...
    23:48:57.513 | 463 ool-1-worker-227 | DEBUG | d.t.c.a.a.c.u.util.UserUtilService   : 2 tutors generated. Generate 0 editors...
    23:48:57.514 | 463 ool-1-worker-227 | DEBUG | d.t.c.a.a.c.u.util.UserUtilService   : 0 editors generated. Generate 2 instructors...
    23:48:57.517 | 463 ool-1-worker-227 | DEBUG | d.t.c.a.a.c.u.util.UserUtilService   : 2 instructors generated
    23:48:57.518 | 463 ool-1-worker-227 | DEBUG | d.t.c.a.a.c.u.util.UserUtilService   : Removing 7 users from all courses...
    23:48:57.519 | 463 ool-1-worker-227 | DEBUG | d.t.c.a.a.c.u.util.UserUtilService   : Removing 7 users from all courses. Done
    23:48:57.519 | 463 ool-1-worker-227 | DEBUG | d.t.c.a.a.c.u.util.UserUtilService   : Save 7 users to database...
    23:48:57.522 | 463 ool-1-worker-227 | DEBUG | d.t.c.a.a.c.u.util.UserUtilService   : Save 7 users to database. Done
    23:48:57.535 | 463 ool-1-worker-227 | DEBUG | PersonalAccessTokenManagementService : Generate secure vcs access token
    23:48:57.538 | 463 ool-1-worker-227 | DEBUG | PersonalAccessTokenManagementService : Generate secure vcs access token
    23:48:57.539 | 463 ool-1-worker-227 | INFO  | i.z.t.d.l.EmbeddedDatabaseReporter   : JDBC URL to connect to 'dataSource': url='jdbc:h2:tcp://localhost:41063/mem:736625c0-cf5e-400d-aeaa-8a7eabd6262b;USER=sa', scope='ProgrammingSubmissionAndResultGitlabJenkinsIntegrationTest#shouldSaveBuildLogsOnStudentParticipationWithoutResult'
    23:48:57.551 | 463 ool-1-worker-227 | DEBUG | PersonalAccessTokenManagementService : Generate secure vcs access token
    23:48:57.554 | 463 ool-1-worker-227 | DEBUG | d.t.c.a.a.c.s.f.ApiVersionFilter     : Adding Version to Request POST /api/public/programming-exercises/new-result
    23:48:57.554 | 463 ool-1-worker-227 | DEBUG | d.t.c.a.a.a.w.o.PublicResultResource : Received result notify (NEW)
    23:48:57.556 | 463 ool-1-worker-227 | INFO  | d.t.c.a.a.a.w.o.PublicResultResource : Artemis received a new result for build plan SHORTF091EE1607E650404E0BB1008DBAD792FACFTSTEXC-PROGSUBRESGITLABJENSTUDENT1
    23:48:57.557 | 463 ool-1-worker-227 | DEBUG | .s.ProgrammingExerciseGradingService : Received new build result (NEW) for participation 4450
    23:48:57.570 | 463 ool-1-worker-227 | DEBUG | .c.s.m.InstanceMessageReceiveService : Received schedule participant score for exercise 3360 and participant 773 (result to be deleted: null)
    23:48:57.571 | 463 ool-1-worker-227 | DEBUG | .a.s.ParticipantScoreScheduleService : Scheduled task for exercise 3360 and participant 773 at 2025-02-14T23:48:57.670997507Z[Etc/UTC].
    23:48:57.571 | 463 ool-1-worker-227 | DEBUG | .a.a.p.s.ProgrammingMessagingService : Send result to client over websocket. Result: Result{id884, completionDate=2025-02-14T23:48:57.552406800Z, successful=false, score=0.0, rated=true, assessmentType=AUTOMATIC, hasComplaint=null, testCaseCount=0, passedTestCaseCount=0, codeIssueCount=0}, Submission: ProgrammingSubmission{commitHash='9b3a9bd71a0d80e5bbc42204c319ed3d1d4f0d6d', buildFailed=true, buildArtifact=false, type=MANUAL}, Participation: ProgrammingExerciseStudentParticipation{id=4450, repositoryUri='https://version-control.fake.fake/git/SHORTF091EE1607E650404E0BB1008DBAD792FACFTSTEXC/shortf091ee1607e650404e0bb1008dbad792facftstexc-progsubresgitlabjenstudent1.git', buildPlanId='SHORTF091EE1607E650404E0BB1008DBAD792FACFTSTEXC-PROGSUBRESGITLABJENSTUDENT1', initializationState='INITIALIZED', initializationDate='2025-02-14T23:48:57.550454Z', individualDueDate=null', presentationScore=null}
    23:48:57.574 | 463 ool-1-worker-227 | INFO  | d.t.c.a.a.a.w.o.PublicResultResource : The new result for SHORTF091EE1607E650404E0BB1008DBAD792FACFTSTEXC-PROGSUBRESGITLABJENSTUDENT1 was saved successfully
    23:48:57.577 | 463 ool-1-worker-227 | DEBUG | d.t.c.a.a.c.s.f.ApiVersionFilter     : Adding Version to Request GET /api/repository/4450/buildlogs
    23:48:57.577 | 463 ool-1-worker-227 | DEBUG | rammingExerciseParticipationResource : REST request to get build log : 4450
    23:48:57.581 | 463 ool-1-worker-227 | DEBUG | d.t.c.a.a.c.s.f.ApiVersionFilter     : Adding Version to Request POST /api/public/programming-exercises/new-result
    23:48:57.582 | 463 ool-1-worker-227 | DEBUG | d.t.c.a.a.a.w.o.PublicResultResource : Received result notify (NEW)
    23:48:57.583 | 463 ool-1-worker-227 | INFO  | d.t.c.a.a.a.w.o.PublicResultResource : Artemis received a new result for build plan SHORTF091EE1607E650404E0BB1008DBAD792FACFTSTEXC-PROGSUBRESGITLABJENSTUDENT1
    23:48:57.585 | 463 ool-1-worker-227 | DEBUG | .s.ProgrammingExerciseGradingService : Received new build result (NEW) for participation 4450
    23:48:57.604 | 463 ool-1-worker-227 | DEBUG | .c.s.m.InstanceMessageReceiveService : Received schedule participant score for exercise 3360 and participant 773 (result to be deleted: null)
    23:48:57.604 | 463 ool-1-worker-227 | DEBUG | .a.s.ParticipantScoreScheduleService : Scheduled task for exercise 3360 and participant 773 at 2025-02-14T23:48:57.704246556Z[Etc/UTC].
    23:48:57.605 | 463 ool-1-worker-227 | DEBUG | .a.a.p.s.ProgrammingMessagingService : Send result to client over websocket. Result: Result{id885, completionDate=2025-02-14T23:48:57.552406800Z, successful=false, score=0.0, rated=true, assessmentType=AUTOMATIC, hasComplaint=null, testCaseCount=0, passedTestCaseCount=0, codeIssueCount=0}, Submission: ProgrammingSubmission{commitHash='9b3a9bd71a0d80e5bbc42204c319ed3d1d4f0d6d', buildFailed=true, buildArtifact=false, type=MANUAL}, Participation: ProgrammingExerciseStudentParticipation{id=4450, repositoryUri='https://version-control.fake.fake/git/SHORTF091EE1607E650404E0BB1008DBAD792FACFTSTEXC/shortf091ee1607e650404e0bb1008dbad792facftstexc-progsubresgitlabjenstudent1.git', buildPlanId='SHORTF091EE1607E650404E0BB1008DBAD792FACFTSTEXC-PROGSUBRESGITLABJENSTUDENT1', initializationState='INITIALIZED', initializationDate='2025-02-14T23:48:57.550454Z', individualDueDate=null', presentationScore=null}
    23:48:57.607 | 463 ool-1-worker-227 | INFO  | d.t.c.a.a.a.w.o.PublicResultResource : The new result for SHORTF091EE1607E650404E0BB1008DBAD792FACFTSTEXC-PROGSUBRESGITLABJENSTUDENT1 was saved successfully

  Starting logs for ProgrammingSubmissionAndResultGitlabJenkinsIntegrationTest > shouldSaveBuildLogsOnStudentParticipationWithoutResult(ProgrammingLanguage, boolean, boolean) [36] programmingLanguage=JAVA, enableStaticCodeAnalysis=false, buildFailed=false
    23:48:57.618 | 463 ool-1-worker-227 | DEBUG | d.t.c.a.a.c.u.util.UserUtilService   : Generate 3 students...
    23:48:57.622 | 463 ool-1-worker-227 | DEBUG | d.t.c.a.a.c.u.util.UserUtilService   : 3 students generated. Generate 2 tutors...
    23:48:57.625 | 463 ool-1-worker-227 | DEBUG | d.t.c.a.a.c.u.util.UserUtilService   : 2 tutors generated. Generate 0 editors...
    23:48:57.627 | 463 ool-1-worker-227 | DEBUG | d.t.c.a.a.c.u.util.UserUtilService   : 0 editors generated. Generate 2 instructors...
    23:48:57.630 | 463 ool-1-worker-227 | DEBUG | d.t.c.a.a.c.u.util.UserUtilService   : 2 instructors generated
    23:48:57.631 | 463 ool-1-worker-227 | DEBUG | d.t.c.a.a.c.u.util.UserUtilService   : Removing 7 users from all courses...
    23:48:57.631 | 463 ool-1-worker-227 | DEBUG | d.t.c.a.a.c.u.util.UserUtilService   : Removing 7 users from all courses. Done
    23:48:57.631 | 463 ool-1-worker-227 | DEBUG | d.t.c.a.a.c.u.util.UserUtilService   : Save 7 users to database...
    23:48:57.635 | 463 ool-1-worker-227 | DEBUG | d.t.c.a.a.c.u.util.UserUtilService   : Save 7 users to database. Done
    23:48:57.648 | 463 ool-1-worker-227 | DEBUG | PersonalAccessTokenManagementService : Generate secure vcs access token
    23:48:57.651 | 463 ool-1-worker-227 | DEBUG | PersonalAccessTokenManagementService : Generate secure vcs access token
    23:48:57.653 | 463 ool-1-worker-227 | INFO  | i.z.t.d.l.EmbeddedDatabaseReporter   : JDBC URL to connect to 'dataSource': url='jdbc:h2:tcp://localhost:41063/mem:736625c0-cf5e-400d-aeaa-8a7eabd6262b;USER=sa', scope='ProgrammingSubmissionAndResultGitlabJenkinsIntegrationTest#shouldSaveBuildLogsOnStudentParticipationWithoutResult'
    23:48:57.664 | 463 ool-1-worker-227 | DEBUG | PersonalAccessTokenManagementService : Generate secure vcs access token
    23:48:57.667 | 463 ool-1-worker-227 | DEBUG | d.t.c.a.a.c.s.f.ApiVersionFilter     : Adding Version to Request POST /api/public/programming-exercises/new-result
    23:48:57.668 | 463 ool-1-worker-227 | DEBUG | d.t.c.a.a.a.w.o.PublicResultResource : Received result notify (NEW)
    23:48:57.669 | 463 ool-1-worker-227 | INFO  | d.t.c.a.a.a.w.o.PublicResultResource : Artemis received a new result for build plan SHORT80FEF24A02C4304F2808A2206FC1884175C0TSTEXC-PROGSUBRESGITLABJENSTUDENT1
    23:48:57.670 | 463 ool-1-worker-227 | DEBUG | .s.ProgrammingExerciseGradingService : Received new build result (NEW) for participation 4457
    23:48:57.684 | 463 ool-1-worker-227 | DEBUG | .c.s.m.InstanceMessageReceiveService : Received schedule participant score for exercise 3362 and participant 773 (result to be deleted: null)
    23:48:57.684 | 463 ool-1-worker-227 | DEBUG | .a.s.ParticipantScoreScheduleService : Scheduled task for exercise 3362 and participant 773 at 2025-02-14T23:48:57.784469691Z[Etc/UTC].
    23:48:57.685 | 463 ool-1-worker-227 | DEBUG | .a.a.p.s.ProgrammingMessagingService : Send result to client over websocket. Result: Result{id886, completionDate=2025-02-14T23:48:57.665727600Z, successful=false, score=0.0, rated=true, assessmentType=AUTOMATIC, hasComplaint=null, testCaseCount=0, passedTestCaseCount=0, codeIssueCount=0}, Submission: ProgrammingSubmission{commitHash='9b3a9bd71a0d80e5bbc42204c319ed3d1d4f0d6d', buildFailed=true, buildArtifact=false, type=MANUAL}, Participation: ProgrammingExerciseStudentParticipation{id=4457, repositoryUri='https://version-control.fake.fake/git/SHORT80FEF24A02C4304F2808A2206FC1884175C0TSTEXC/short80fef24a02c4304f2808a2206fc1884175c0tstexc-progsubresgitlabjenstudent1.git', buildPlanId='SHORT80FEF24A02C4304F2808A2206FC1884175C0TSTEXC-PROGSUBRESGITLABJENSTUDENT1', initializationState='INITIALIZED', initializationDate='2025-02-14T23:48:57.663802Z', individualDueDate=null', presentationScore=null}
    23:48:57.687 | 463 ool-1-worker-227 | INFO  | d.t.c.a.a.a.w.o.PublicResultResource : The new result for SHORT80FEF24A02C4304F2808A2206FC1884175C0TSTEXC-PROGSUBRESGITLABJENSTUDENT1 was saved successfully
    23:48:57.690 | 463 ool-1-worker-227 | DEBUG | d.t.c.a.a.c.s.f.ApiVersionFilter     : Adding Version to Request GET /api/repository/4457/buildlogs
    23:48:57.690 | 463 ool-1-worker-227 | DEBUG | rammingExerciseParticipationResource : REST request to get build log : 4457
    23:48:57.694 | 463 ool-1-worker-227 | DEBUG | d.t.c.a.a.c.s.f.ApiVersionFilter     : Adding Version to Request POST /api/public/programming-exercises/new-result
    23:48:57.694 | 463 ool-1-worker-227 | DEBUG | d.t.c.a.a.a.w.o.PublicResultResource : Received result notify (NEW)
    23:48:57.696 | 463 ool-1-worker-227 | INFO  | d.t.c.a.a.a.w.o.PublicResultResource : Artemis received a new result for build plan SHORT80FEF24A02C4304F2808A2206FC1884175C0TSTEXC-PROGSUBRESGITLABJENSTUDENT1
    23:48:57.697 | 463 ool-1-worker-227 | DEBUG | .s.ProgrammingExerciseGradingService : Received new build result (NEW) for participation 4457
    23:48:57.715 | 463 ool-1-worker-227 | DEBUG | .c.s.m.InstanceMessageReceiveService : Received schedule participant score for exercise 3362 and participant 773 (result to be deleted: null)
    23:48:57.715 | 463 ool-1-worker-227 | DEBUG | .a.s.ParticipantScoreScheduleService : Scheduled task for exercise 3362 and participant 773 at 2025-02-14T23:48:57.815926908Z[Etc/UTC].
    23:48:57.716 | 463 ool-1-worker-227 | DEBUG | .a.a.p.s.ProgrammingMessagingService : Send result to client over websocket. Result: Result{id887, completionDate=2025-02-14T23:48:57.665727600Z, successful=false, score=0.0, rated=true, assessmentType=AUTOMATIC, hasComplaint=null, testCaseCount=0, passedTestCaseCount=0, codeIssueCount=0}, Submission: ProgrammingSubmission{commitHash='9b3a9bd71a0d80e5bbc42204c319ed3d1d4f0d6d', buildFailed=true, buildArtifact=false, type=MANUAL}, Participation: ProgrammingExerciseStudentParticipation{id=4457, repositoryUri='https://version-control.fake.fake/git/SHORT80FEF24A02C4304F2808A2206FC1884175C0TSTEXC/short80fef24a02c4304f2808a2206fc1884175c0tstexc-progsubresgitlabjenstudent1.git', buildPlanId='SHORT80FEF24A02C4304F2808A2206FC1884175C0TSTEXC-PROGSUBRESGITLABJENSTUDENT1', initializationState='INITIALIZED', initializationDate='2025-02-14T23:48:57.663802Z', individualDueDate=null', presentationScore=null}
    23:48:57.719 | 463 ool-1-worker-227 | INFO  | d.t.c.a.a.a.w.o.PublicResultResource : The new result for SHORT80FEF24A02C4304F2808A2206FC1884175C0TSTEXC-PROGSUBRESGITLABJENSTUDENT1 was saved successfully

  Starting logs for ProgrammingSubmissionAndResultGitlabJenkinsIntegrationTest > shouldSaveBuildLogsOnStudentParticipationWithoutResult(ProgrammingLanguage, boolean, boolean) [37] programmingLanguage=JAVASCRIPT, enableStaticCodeAnalysis=true, buildFailed=true
    23:48:57.729 | 463 ool-1-worker-227 | DEBUG | d.t.c.a.a.c.u.util.UserUtilService   : Generate 3 students...
    23:48:57.734 | 463 ool-1-worker-227 | DEBUG | d.t.c.a.a.c.u.util.UserUtilService   : 3 students generated. Generate 2 tutors...
    23:48:57.736 | 463 ool-1-worker-227 | DEBUG | d.t.c.a.a.c.u.util.UserUtilService   : 2 tutors generated. Generate 0 editors...
    23:48:57.738 | 463 ool-1-worker-227 | DEBUG | d.t.c.a.a.c.u.util.UserUtilService   : 0 editors generated. Generate 2 instructors...
    23:48:57.741 | 463 ool-1-worker-227 | DEBUG | d.t.c.a.a.c.u.util.UserUtilService   : 2 instructors generated
    23:48:57.742 | 463 ool-1-worker-227 | DEBUG | d.t.c.a.a.c.u.util.UserUtilService   : Removing 7 users from all courses...
    23:48:57.742 | 463 ool-1-worker-227 | DEBUG | d.t.c.a.a.c.u.util.UserUtilService   : Removing 7 users from all courses. Done
    23:48:57.742 | 463 ool-1-worker-227 | DEBUG | d.t.c.a.a.c.u.util.UserUtilService   : Save 7 users to database...
    23:48:57.746 | 463 ool-1-worker-227 | DEBUG | d.t.c.a.a.c.u.util.UserUtilService   : Save 7 users to database. Done
    23:48:57.760 | 463 ool-1-worker-227 | DEBUG | PersonalAccessTokenManagementService : Generate secure vcs access token
    23:48:57.763 | 463 ool-1-worker-227 | DEBUG | PersonalAccessTokenManagementService : Generate secure vcs access token
    23:48:57.764 | 463 ool-1-worker-227 | INFO  | i.z.t.d.l.EmbeddedDatabaseReporter   : JDBC URL to connect to 'dataSource': url='jdbc:h2:tcp://localhost:41063/mem:736625c0-cf5e-400d-aeaa-8a7eabd6262b;USER=sa', scope='ProgrammingSubmissionAndResultGitlabJenkinsIntegrationTest#shouldSaveBuildLogsOnStudentParticipationWithoutResult'
    23:48:57.776 | 463 ool-1-worker-227 | DEBUG | PersonalAccessTokenManagementService : Generate secure vcs access token
    23:48:57.780 | 463 ool-1-worker-227 | DEBUG | d.t.c.a.a.c.s.f.ApiVersionFilter     : Adding Version to Request POST /api/public/programming-exercises/new-result
    23:48:57.780 | 463 ool-1-worker-227 | DEBUG | d.t.c.a.a.a.w.o.PublicResultResource : Received result notify (NEW)
    23:48:57.781 | 463 ool-1-worker-227 | INFO  | d.t.c.a.a.a.w.o.PublicResultResource : Artemis received a new result for build plan SHORT57E58E630912F04F120A8F80E383DDFC391FTSTEXC-PROGSUBRESGITLABJENSTUDENT1
    23:48:57.783 | 463 ool-1-worker-227 | DEBUG | .s.ProgrammingExerciseGradingService : Received new build result (NEW) for participation 4464
    23:48:57.796 | 463 ool-1-worker-227 | DEBUG | .c.s.m.InstanceMessageReceiveService : Received schedule participant score for exercise 3364 and participant 773 (result to be deleted: null)
    23:48:57.796 | 463 ool-1-worker-227 | DEBUG | .a.s.ParticipantScoreScheduleService : Scheduled task for exercise 3364 and participant 773 at 2025-02-14T23:48:57.896598810Z[Etc/UTC].
    23:48:57.797 | 463 ool-1-worker-227 | DEBUG | .a.a.p.s.ProgrammingMessagingService : Send result to client over websocket. Result: Result{id888, completionDate=2025-02-14T23:48:57.778011800Z, successful=false, score=0.0, rated=true, assessmentType=AUTOMATIC, hasComplaint=null, testCaseCount=0, passedTestCaseCount=0, codeIssueCount=0}, Submission: ProgrammingSubmission{commitHash='9b3a9bd71a0d80e5bbc42204c319ed3d1d4f0d6d', buildFailed=true, buildArtifact=false, type=MANUAL}, Participation: ProgrammingExerciseStudentParticipation{id=4464, repositoryUri='https://version-control.fake.fake/git/SHORT57E58E630912F04F120A8F80E383DDFC391FTSTEXC/short57e58e630912f04f120a8f80e383ddfc391ftstexc-progsubresgitlabjenstudent1.git', buildPlanId='SHORT57E58E630912F04F120A8F80E383DDFC391FTSTEXC-PROGSUBRESGITLABJENSTUDENT1', initializationState='INITIALIZED', initializationDate='2025-02-14T23:48:57.775901Z', individualDueDate=null', presentationScore=null}
    23:48:57.799 | 463 ool-1-worker-227 | INFO  | d.t.c.a.a.a.w.o.PublicResultResource : The new result for SHORT57E58E630912F04F120A8F80E383DDFC391FTSTEXC-PROGSUBRESGITLABJENSTUDENT1 was saved successfully
    23:48:57.802 | 463 ool-1-worker-227 | DEBUG | d.t.c.a.a.c.s.f.ApiVersionFilter     : Adding Version to Request GET /api/repository/4464/buildlogs
    23:48:57.803 | 463 ool-1-worker-227 | DEBUG | rammingExerciseParticipationResource : REST request to get build log : 4464
    23:48:57.807 | 463 ool-1-worker-227 | DEBUG | d.t.c.a.a.c.s.f.ApiVersionFilter     : Adding Version to Request POST /api/public/programming-exercises/new-result
    23:48:57.807 | 463 ool-1-worker-227 | DEBUG | d.t.c.a.a.a.w.o.PublicResultResource : Received result notify (NEW)
    23:48:57.809 | 463 ool-1-worker-227 | INFO  | d.t.c.a.a.a.w.o.PublicResultResource : Artemis received a new result for build plan SHORT57E58E630912F04F120A8F80E383DDFC391FTSTEXC-PROGSUBRESGITLABJENSTUDENT1
    23:48:57.810 | 463 ool-1-worker-227 | DEBUG | .s.ProgrammingExerciseGradingService : Received new build result (NEW) for participation 4464
    23:48:57.828 | 463 ool-1-worker-227 | DEBUG | .c.s.m.InstanceMessageReceiveService : Received schedule participant score for exercise 3364 and participant 773 (result to be deleted: null)
    23:48:57.829 | 463 ool-1-worker-227 | DEBUG | .a.s.ParticipantScoreScheduleService : Scheduled task for exercise 3364 and participant 773 at 2025-02-14T23:48:57.929042817Z[Etc/UTC].
    23:48:57.830 | 463 ool-1-worker-227 | DEBUG | .a.a.p.s.ProgrammingMessagingService : Send result to client over websocket. Result: Result{id889, completionDate=2025-02-14T23:48:57.778011800Z, successful=false, score=0.0, rated=true, assessmentType=AUTOMATIC, hasComplaint=null, testCaseCount=0, passedTestCaseCount=0, codeIssueCount=0}, Submission: ProgrammingSubmission{commitHash='9b3a9bd71a0d80e5bbc42204c319ed3d1d4f0d6d', buildFailed=true, buildArtifact=false, type=MANUAL}, Participation: ProgrammingExerciseStudentParticipation{id=4464, repositoryUri='https://version-control.fake.fake/git/SHORT57E58E630912F04F120A8F80E383DDFC391FTSTEXC/short57e58e630912f04f120a8f80e383ddfc391ftstexc-progsubresgitlabjenstudent1.git', buildPlanId='SHORT57E58E630912F04F120A8F80E383DDFC391FTSTEXC-PROGSUBRESGITLABJENSTUDENT1', initializationState='INITIALIZED', initializationDate='2025-02-14T23:48:57.775901Z', individualDueDate=null', presentationScore=null}
    23:48:57.832 | 463 ool-1-worker-227 | INFO  | d.t.c.a.a.a.w.o.PublicResultResource : The new result for SHORT57E58E630912F04F120A8F80E383DDFC391FTSTEXC-PROGSUBRESGITLABJENSTUDENT1 was saved successfully

  Starting logs for ProgrammingSubmissionAndResultGitlabJenkinsIntegrationTest > shouldSaveBuildLogsOnStudentParticipationWithoutResult(ProgrammingLanguage, boolean, boolean) [38] programmingLanguage=JAVASCRIPT, enableStaticCodeAnalysis=false, buildFailed=true
    23:48:57.844 | 463 ool-1-worker-227 | DEBUG | d.t.c.a.a.c.u.util.UserUtilService   : Generate 3 students...
    23:48:57.848 | 463 ool-1-worker-227 | DEBUG | d.t.c.a.a.c.u.util.UserUtilService   : 3 students generated. Generate 2 tutors...
    23:48:57.851 | 463 ool-1-worker-227 | DEBUG | d.t.c.a.a.c.u.util.UserUtilService   : 2 tutors generated. Generate 0 editors...
    23:48:57.852 | 463 ool-1-worker-227 | DEBUG | d.t.c.a.a.c.u.util.UserUtilService   : 0 editors generated. Generate 2 instructors...
    23:48:57.855 | 463 ool-1-worker-227 | DEBUG | d.t.c.a.a.c.u.util.UserUtilService   : 2 instructors generated
    23:48:57.856 | 463 ool-1-worker-227 | DEBUG | d.t.c.a.a.c.u.util.UserUtilService   : Removing 7 users from all courses...
    23:48:57.857 | 463 ool-1-worker-227 | DEBUG | d.t.c.a.a.c.u.util.UserUtilService   : Removing 7 users from all courses. Done
    23:48:57.857 | 463 ool-1-worker-227 | DEBUG | d.t.c.a.a.c.u.util.UserUtilService   : Save 7 users to database...
    23:48:57.860 | 463 ool-1-worker-227 | DEBUG | d.t.c.a.a.c.u.util.UserUtilService   : Save 7 users to database. Done
    23:48:57.874 | 463 ool-1-worker-227 | DEBUG | PersonalAccessTokenManagementService : Generate secure vcs access token
    23:48:57.877 | 463 ool-1-worker-227 | DEBUG | PersonalAccessTokenManagementService : Generate secure vcs access token
    23:48:57.879 | 463 ool-1-worker-227 | INFO  | i.z.t.d.l.EmbeddedDatabaseReporter   : JDBC URL to connect to 'dataSource': url='jdbc:h2:tcp://localhost:41063/mem:736625c0-cf5e-400d-aeaa-8a7eabd6262b;USER=sa', scope='ProgrammingSubmissionAndResultGitlabJenkinsIntegrationTest#shouldSaveBuildLogsOnStudentParticipationWithoutResult'
    23:48:57.891 | 463 ool-1-worker-227 | DEBUG | PersonalAccessTokenManagementService : Generate secure vcs access token
    23:48:57.895 | 463 ool-1-worker-227 | DEBUG | d.t.c.a.a.c.s.f.ApiVersionFilter     : Adding Version to Request POST /api/public/programming-exercises/new-result
    23:48:57.895 | 463 ool-1-worker-227 | DEBUG | d.t.c.a.a.a.w.o.PublicResultResource : Received result notify (NEW)
    23:48:57.896 | 463 ool-1-worker-227 | INFO  | d.t.c.a.a.a.w.o.PublicResultResource : Artemis received a new result for build plan SHORTD868D37C0FA4F04F3E0995C0D78AEDD80478TSTEXC-PROGSUBRESGITLABJENSTUDENT1
    23:48:57.898 | 463 ool-1-worker-227 | DEBUG | .s.ProgrammingExerciseGradingService : Received new build result (NEW) for participation 4471
    23:48:57.911 | 463 ool-1-worker-227 | DEBUG | .c.s.m.InstanceMessageReceiveService : Received schedule participant score for exercise 3366 and participant 773 (result to be deleted: null)
    23:48:57.911 | 463 ool-1-worker-227 | DEBUG | .a.s.ParticipantScoreScheduleService : Scheduled task for exercise 3366 and participant 773 at 2025-02-14T23:48:58.011692638Z[Etc/UTC].
    23:48:57.912 | 463 ool-1-worker-227 | DEBUG | .a.a.p.s.ProgrammingMessagingService : Send result to client over websocket. Result: Result{id890, completionDate=2025-02-14T23:48:57.893083800Z, successful=false, score=0.0, rated=true, assessmentType=AUTOMATIC, hasComplaint=null, testCaseCount=0, passedTestCaseCount=0, codeIssueCount=0}, Submission: ProgrammingSubmission{commitHash='9b3a9bd71a0d80e5bbc42204c319ed3d1d4f0d6d', buildFailed=true, buildArtifact=false, type=MANUAL}, Participation: ProgrammingExerciseStudentParticipation{id=4471, repositoryUri='https://version-control.fake.fake/git/SHORTD868D37C0FA4F04F3E0995C0D78AEDD80478TSTEXC/shortd868d37c0fa4f04f3e0995c0d78aedd80478tstexc-progsubresgitlabjenstudent1.git', buildPlanId='SHORTD868D37C0FA4F04F3E0995C0D78AEDD80478TSTEXC-PROGSUBRESGITLABJENSTUDENT1', initializationState='INITIALIZED', initializationDate='2025-02-14T23:48:57.891068Z', individualDueDate=null', presentationScore=null}
    23:48:57.914 | 463 ool-1-worker-227 | INFO  | d.t.c.a.a.a.w.o.PublicResultResource : The new result for SHORTD868D37C0FA4F04F3E0995C0D78AEDD80478TSTEXC-PROGSUBRESGITLABJENSTUDENT1 was saved successfully
    23:48:57.917 | 463 ool-1-worker-227 | DEBUG | d.t.c.a.a.c.s.f.ApiVersionFilter     : Adding Version to Request GET /api/repository/4471/buildlogs
    23:48:57.917 | 463 ool-1-worker-227 | DEBUG | rammingExerciseParticipationResource : REST request to get build log : 4471
    23:48:57.922 | 463 ool-1-worker-227 | DEBUG | d.t.c.a.a.c.s.f.ApiVersionFilter     : Adding Version to Request POST /api/public/programming-exercises/new-result
    23:48:57.922 | 463 ool-1-worker-227 | DEBUG | d.t.c.a.a.a.w.o.PublicResultResource : Received result notify (NEW)
    23:48:57.923 | 463 ool-1-worker-227 | INFO  | d.t.c.a.a.a.w.o.PublicResultResource : Artemis received a new result for build plan SHORTD868D37C0FA4F04F3E0995C0D78AEDD80478TSTEXC-PROGSUBRESGITLABJENSTUDENT1
    23:48:57.925 | 463 ool-1-worker-227 | DEBUG | .s.ProgrammingExerciseGradingService : Received new build result (NEW) for participation 4471
    23:48:57.943 | 463 ool-1-worker-227 | DEBUG | .c.s.m.InstanceMessageReceiveService : Received schedule participant score for exercise 3366 and participant 773 (result to be deleted: null)
    23:48:57.943 | 463 ool-1-worker-227 | DEBUG | .a.s.ParticipantScoreScheduleService : Scheduled task for exercise 3366 and participant 773 at 2025-02-14T23:48:58.043128515Z[Etc/UTC].
    23:48:57.944 | 463 ool-1-worker-227 | DEBUG | .a.a.p.s.ProgrammingMessagingService : Send result to client over websocket. Result: Result{id891, completionDate=2025-02-14T23:48:57.893083800Z, successful=false, score=0.0, rated=true, assessmentType=AUTOMATIC, hasComplaint=null, testCaseCount=0, passedTestCaseCount=0, codeIssueCount=0}, Submission: ProgrammingSubmission{commitHash='9b3a9bd71a0d80e5bbc42204c319ed3d1d4f0d6d', buildFailed=true, buildArtifact=false, type=MANUAL}, Participation: ProgrammingExerciseStudentParticipation{id=4471, repositoryUri='https://version-control.fake.fake/git/SHORTD868D37C0FA4F04F3E0995C0D78AEDD80478TSTEXC/shortd868d37c0fa4f04f3e0995c0d78aedd80478tstexc-progsubresgitlabjenstudent1.git', buildPlanId='SHORTD868D37C0FA4F04F3E0995C0D78AEDD80478TSTEXC-PROGSUBRESGITLABJENSTUDENT1', initializationState='INITIALIZED', initializationDate='2025-02-14T23:48:57.891068Z', individualDueDate=null', presentationScore=null}
    23:48:57.946 | 463 ool-1-worker-227 | INFO  | d.t.c.a.a.a.w.o.PublicResultResource : The new result for SHORTD868D37C0FA4F04F3E0995C0D78AEDD80478TSTEXC-PROGSUBRESGITLABJENSTUDENT1 was saved successfully

  Starting logs for ProgrammingSubmissionAndResultGitlabJenkinsIntegrationTest > shouldSaveBuildLogsOnStudentParticipationWithoutResult(ProgrammingLanguage, boolean, boolean) [39] programmingLanguage=JAVASCRIPT, enableStaticCodeAnalysis=true, buildFailed=false
    23:48:57.956 | 463 ool-1-worker-227 | DEBUG | d.t.c.a.a.c.u.util.UserUtilService   : Generate 3 students...
    23:48:57.960 | 463 ool-1-worker-227 | DEBUG | d.t.c.a.a.c.u.util.UserUtilService   : 3 students generated. Generate 2 tutors...
    23:48:57.963 | 463 ool-1-worker-227 | DEBUG | d.t.c.a.a.c.u.util.UserUtilService   : 2 tutors generated. Generate 0 editors...
    23:48:57.964 | 463 ool-1-worker-227 | DEBUG | d.t.c.a.a.c.u.util.UserUtilService   : 0 editors generated. Generate 2 instructors...
    23:48:57.967 | 463 ool-1-worker-227 | DEBUG | d.t.c.a.a.c.u.util.UserUtilService   : 2 instructors generated
    23:48:57.969 | 463 ool-1-worker-227 | DEBUG | d.t.c.a.a.c.u.util.UserUtilService   : Removing 7 users from all courses...
    23:48:57.969 | 463 ool-1-worker-227 | DEBUG | d.t.c.a.a.c.u.util.UserUtilService   : Removing 7 users from all courses. Done
    23:48:57.969 | 463 ool-1-worker-227 | DEBUG | d.t.c.a.a.c.u.util.UserUtilService   : Save 7 users to database...
    23:48:57.972 | 463 ool-1-worker-227 | DEBUG | d.t.c.a.a.c.u.util.UserUtilService   : Save 7 users to database. Done
    23:48:57.986 | 463 ool-1-worker-227 | DEBUG | PersonalAccessTokenManagementService : Generate secure vcs access token
    23:48:57.989 | 463 ool-1-worker-227 | DEBUG | PersonalAccessTokenManagementService : Generate secure vcs access token
    23:48:57.990 | 463 ool-1-worker-227 | INFO  | i.z.t.d.l.EmbeddedDatabaseReporter   : JDBC URL to connect to 'dataSource': url='jdbc:h2:tcp://localhost:41063/mem:736625c0-cf5e-400d-aeaa-8a7eabd6262b;USER=sa', scope='ProgrammingSubmissionAndResultGitlabJenkinsIntegrationTest#shouldSaveBuildLogsOnStudentParticipationWithoutResult'
    23:48:58.002 | 463 ool-1-worker-227 | DEBUG | PersonalAccessTokenManagementService : Generate secure vcs access token
    23:48:58.005 | 463 ool-1-worker-227 | DEBUG | d.t.c.a.a.c.s.f.ApiVersionFilter     : Adding Version to Request POST /api/public/programming-exercises/new-result
    23:48:58.005 | 463 ool-1-worker-227 | DEBUG | d.t.c.a.a.a.w.o.PublicResultResource : Received result notify (NEW)
    23:48:58.006 | 463 ool-1-worker-227 | INFO  | d.t.c.a.a.a.w.o.PublicResultResource : Artemis received a new result for build plan SHORTEF2404900456C04DE1088E80BB93837D60FDTSTEXC-PROGSUBRESGITLABJENSTUDENT1
    23:48:58.008 | 463 ool-1-worker-227 | DEBUG | .s.ProgrammingExerciseGradingService : Received new build result (NEW) for participation 4478
    23:48:58.021 | 463 ool-1-worker-227 | DEBUG | .c.s.m.InstanceMessageReceiveService : Received schedule participant score for exercise 3368 and participant 773 (result to be deleted: null)
    23:48:58.021 | 463 ool-1-worker-227 | DEBUG | .a.s.ParticipantScoreScheduleService : Scheduled task for exercise 3368 and participant 773 at 2025-02-14T23:48:58.121160381Z[Etc/UTC].
    23:48:58.021 | 463 ool-1-worker-227 | DEBUG | .a.a.p.s.ProgrammingMessagingService : Send result to client over websocket. Result: Result{id892, completionDate=2025-02-14T23:48:58.003122800Z, successful=false, score=0.0, rated=true, assessmentType=AUTOMATIC, hasComplaint=null, testCaseCount=0, passedTestCaseCount=0, codeIssueCount=0}, Submission: ProgrammingSubmission{commitHash='9b3a9bd71a0d80e5bbc42204c319ed3d1d4f0d6d', buildFailed=true, buildArtifact=false, type=MANUAL}, Participation: ProgrammingExerciseStudentParticipation{id=4478, repositoryUri='https://version-control.fake.fake/git/SHORTEF2404900456C04DE1088E80BB93837D60FDTSTEXC/shortef2404900456c04de1088e80bb93837d60fdtstexc-progsubresgitlabjenstudent1.git', buildPlanId='SHORTEF2404900456C04DE1088E80BB93837D60FDTSTEXC-PROGSUBRESGITLABJENSTUDENT1', initializationState='INITIALIZED', initializationDate='2025-02-14T23:48:58.001224Z', individualDueDate=null', presentationScore=null}
    23:48:58.023 | 463 ool-1-worker-227 | INFO  | d.t.c.a.a.a.w.o.PublicResultResource : The new result for SHORTEF2404900456C04DE1088E80BB93837D60FDTSTEXC-PROGSUBRESGITLABJENSTUDENT1 was saved successfully
    23:48:58.026 | 463 ool-1-worker-227 | DEBUG | d.t.c.a.a.c.s.f.ApiVersionFilter     : Adding Version to Request GET /api/repository/4478/buildlogs
    23:48:58.027 | 463 ool-1-worker-227 | DEBUG | rammingExerciseParticipationResource : REST request to get build log : 4478
    23:48:58.031 | 463 ool-1-worker-227 | DEBUG | d.t.c.a.a.c.s.f.ApiVersionFilter     : Adding Version to Request POST /api/public/programming-exercises/new-result
    23:48:58.031 | 463 ool-1-worker-227 | DEBUG | d.t.c.a.a.a.w.o.PublicResultResource : Received result notify (NEW)
    23:48:58.033 | 463 ool-1-worker-227 | INFO  | d.t.c.a.a.a.w.o.PublicResultResource : Artemis received a new result for build plan SHORTEF2404900456C04DE1088E80BB93837D60FDTSTEXC-PROGSUBRESGITLABJENSTUDENT1
    23:48:58.035 | 463 ool-1-worker-227 | DEBUG | .s.ProgrammingExerciseGradingService : Received new build result (NEW) for participation 4478
    23:48:58.054 | 463 ool-1-worker-227 | DEBUG | .c.s.m.InstanceMessageReceiveService : Received schedule participant score for exercise 3368 and participant 773 (result to be deleted: null)
    23:48:58.054 | 463 ool-1-worker-227 | DEBUG | .a.s.ParticipantScoreScheduleService : Scheduled task for exercise 3368 and participant 773 at 2025-02-14T23:48:58.154202814Z[Etc/UTC].
    23:48:58.055 | 463 ool-1-worker-227 | DEBUG | .a.a.p.s.ProgrammingMessagingService : Send result to client over websocket. Result: Result{id893, completionDate=2025-02-14T23:48:58.003122800Z, successful=false, score=0.0, rated=true, assessmentType=AUTOMATIC, hasComplaint=null, testCaseCount=0, passedTestCaseCount=0, codeIssueCount=0}, Submission: ProgrammingSubmission{commitHash='9b3a9bd71a0d80e5bbc42204c319ed3d1d4f0d6d', buildFailed=true, buildArtifact=false, type=MANUAL}, Participation: ProgrammingExerciseStudentParticipation{id=4478, repositoryUri='https://version-control.fake.fake/git/SHORTEF2404900456C04DE1088E80BB93837D60FDTSTEXC/shortef2404900456c04de1088e80bb93837d60fdtstexc-progsubresgitlabjenstudent1.git', buildPlanId='SHORTEF2404900456C04DE1088E80BB93837D60FDTSTEXC-PROGSUBRESGITLABJENSTUDENT1', initializationState='INITIALIZED', initializationDate='2025-02-14T23:48:58.001224Z', individualDueDate=null', presentationScore=null}
    23:48:58.057 | 463 ool-1-worker-227 | INFO  | d.t.c.a.a.a.w.o.PublicResultResource : The new result for SHORTEF2404900456C04DE1088E80BB93837D60FDTSTEXC-PROGSUBRESGITLABJENSTUDENT1 was saved successfully

  Starting logs for ProgrammingSubmissionAndResultGitlabJenkinsIntegrationTest > shouldSaveBuildLogsOnStudentParticipationWithoutResult(ProgrammingLanguage, boolean, boolean) [40] programmingLanguage=JAVASCRIPT, enableStaticCodeAnalysis=false, buildFailed=false
    23:48:58.068 | 463 ool-1-worker-227 | DEBUG | d.t.c.a.a.c.u.util.UserUtilService   : Generate 3 students...
    23:48:58.072 | 463 ool-1-worker-227 | DEBUG | d.t.c.a.a.c.u.util.UserUtilService   : 3 students generated. Generate 2 tutors...
    23:48:58.075 | 463 ool-1-worker-227 | DEBUG | d.t.c.a.a.c.u.util.UserUtilService   : 2 tutors generated. Generate 0 editors...
    23:48:58.076 | 463 ool-1-worker-227 | DEBUG | d.t.c.a.a.c.u.util.UserUtilService   : 0 editors generated. Generate 2 instructors...
    23:48:58.079 | 463 ool-1-worker-227 | DEBUG | d.t.c.a.a.c.u.util.UserUtilService   : 2 instructors generated
    23:48:58.080 | 463 ool-1-worker-227 | DEBUG | d.t.c.a.a.c.u.util.UserUtilService   : Removing 7 users from all courses...
    23:48:58.081 | 463 ool-1-worker-227 | DEBUG | d.t.c.a.a.c.u.util.UserUtilService   : Removing 7 users from all courses. Done
    23:48:58.081 | 463 ool-1-worker-227 | DEBUG | d.t.c.a.a.c.u.util.UserUtilService   : Save 7 users to database...
    23:48:58.084 | 463 ool-1-worker-227 | DEBUG | d.t.c.a.a.c.u.util.UserUtilService   : Save 7 users to database. Done
    23:48:58.099 | 463 ool-1-worker-227 | DEBUG | PersonalAccessTokenManagementService : Generate secure vcs access token
    23:48:58.101 | 463 ool-1-worker-227 | DEBUG | PersonalAccessTokenManagementService : Generate secure vcs access token
    23:48:58.103 | 463 ool-1-worker-227 | INFO  | i.z.t.d.l.EmbeddedDatabaseReporter   : JDBC URL to connect to 'dataSource': url='jdbc:h2:tcp://localhost:41063/mem:736625c0-cf5e-400d-aeaa-8a7eabd6262b;USER=sa', scope='ProgrammingSubmissionAndResultGitlabJenkinsIntegrationTest#shouldSaveBuildLogsOnStudentParticipationWithoutResult'
    23:48:58.115 | 463 ool-1-worker-227 | DEBUG | PersonalAccessTokenManagementService : Generate secure vcs access token
    23:48:58.118 | 463 ool-1-worker-227 | DEBUG | d.t.c.a.a.c.s.f.ApiVersionFilter     : Adding Version to Request POST /api/public/programming-exercises/new-result
    23:48:58.119 | 463 ool-1-worker-227 | DEBUG | d.t.c.a.a.a.w.o.PublicResultResource : Received result notify (NEW)
    23:48:58.120 | 463 ool-1-worker-227 | INFO  | d.t.c.a.a.a.w.o.PublicResultResource : Artemis received a new result for build plan SHORT007BC7AD0126604D3F08C950DED3D5C83609TSTEXC-PROGSUBRESGITLABJENSTUDENT1
    23:48:58.122 | 463 ool-1-worker-227 | DEBUG | .s.ProgrammingExerciseGradingService : Received new build result (NEW) for participation 4485
    23:48:58.135 | 463 ool-1-worker-227 | DEBUG | .c.s.m.InstanceMessageReceiveService : Received schedule participant score for exercise 3370 and participant 773 (result to be deleted: null)
    23:48:58.135 | 463 ool-1-worker-227 | DEBUG | .a.s.ParticipantScoreScheduleService : Scheduled task for exercise 3370 and participant 773 at 2025-02-14T23:48:58.235132597Z[Etc/UTC].
    23:48:58.136 | 463 ool-1-worker-227 | DEBUG | .a.a.p.s.ProgrammingMessagingService : Send result to client over websocket. Result: Result{id894, completionDate=2025-02-14T23:48:58.116932900Z, successful=false, score=0.0, rated=true, assessmentType=AUTOMATIC, hasComplaint=null, testCaseCount=0, passedTestCaseCount=0, codeIssueCount=0}, Submission: ProgrammingSubmission{commitHash='9b3a9bd71a0d80e5bbc42204c319ed3d1d4f0d6d', buildFailed=true, buildArtifact=false, type=MANUAL}, Participation: ProgrammingExerciseStudentParticipation{id=4485, repositoryUri='https://version-control.fake.fake/git/SHORT007BC7AD0126604D3F08C950DED3D5C83609TSTEXC/short007bc7ad0126604d3f08c950ded3d5c83609tstexc-progsubresgitlabjenstudent1.git', buildPlanId='SHORT007BC7AD0126604D3F08C950DED3D5C83609TSTEXC-PROGSUBRESGITLABJENSTUDENT1', initializationState='INITIALIZED', initializationDate='2025-02-14T23:48:58.114899Z', individualDueDate=null', presentationScore=null}
    23:48:58.138 | 463 ool-1-worker-227 | INFO  | d.t.c.a.a.a.w.o.PublicResultResource : The new result for SHORT007BC7AD0126604D3F08C950DED3D5C83609TSTEXC-PROGSUBRESGITLABJENSTUDENT1 was saved successfully
    23:48:58.141 | 463 ool-1-worker-227 | DEBUG | d.t.c.a.a.c.s.f.ApiVersionFilter     : Adding Version to Request GET /api/repository/4485/buildlogs
    23:48:58.141 | 463 ool-1-worker-227 | DEBUG | rammingExerciseParticipationResource : REST request to get build log : 4485
    23:48:58.145 | 463 ool-1-worker-227 | DEBUG | d.t.c.a.a.c.s.f.ApiVersionFilter     : Adding Version to Request POST /api/public/programming-exercises/new-result
    23:48:58.145 | 463 ool-1-worker-227 | DEBUG | d.t.c.a.a.a.w.o.PublicResultResource : Received result notify (NEW)
    23:48:58.147 | 463 ool-1-worker-227 | INFO  | d.t.c.a.a.a.w.o.PublicResultResource : Artemis received a new result for build plan SHORT007BC7AD0126604D3F08C950DED3D5C83609TSTEXC-PROGSUBRESGITLABJENSTUDENT1
    23:48:58.148 | 463 ool-1-worker-227 | DEBUG | .s.ProgrammingExerciseGradingService : Received new build result (NEW) for participation 4485
    23:48:58.166 | 463 ool-1-worker-227 | DEBUG | .c.s.m.InstanceMessageReceiveService : Received schedule participant score for exercise 3370 and participant 773 (result to be deleted: null)
    23:48:58.166 | 463 ool-1-worker-227 | DEBUG | .a.s.ParticipantScoreScheduleService : Scheduled task for exercise 3370 and participant 773 at 2025-02-14T23:48:58.266149683Z[Etc/UTC].
    23:48:58.167 | 463 ool-1-worker-227 | DEBUG | .a.a.p.s.ProgrammingMessagingService : Send result to client over websocket. Result: Result{id895, completionDate=2025-02-14T23:48:58.116932900Z, successful=false, score=0.0, rated=true, assessmentType=AUTOMATIC, hasComplaint=null, testCaseCount=0, passedTestCaseCount=0, codeIssueCount=0}, Submission: ProgrammingSubmission{commitHash='9b3a9bd71a0d80e5bbc42204c319ed3d1d4f0d6d', buildFailed=true, buildArtifact=false, type=MANUAL}, Participation: ProgrammingExerciseStudentParticipation{id=4485, repositoryUri='https://version-control.fake.fake/git/SHORT007BC7AD0126604D3F08C950DED3D5C83609TSTEXC/short007bc7ad0126604d3f08c950ded3d5c83609tstexc-progsubresgitlabjenstudent1.git', buildPlanId='SHORT007BC7AD0126604D3F08C950DED3D5C83609TSTEXC-PROGSUBRESGITLABJENSTUDENT1', initializationState='INITIALIZED', initializationDate='2025-02-14T23:48:58.114899Z', individualDueDate=null', presentationScore=null}
    23:48:58.169 | 463 ool-1-worker-227 | INFO  | d.t.c.a.a.a.w.o.PublicResultResource : The new result for SHORT007BC7AD0126604D3F08C950DED3D5C83609TSTEXC-PROGSUBRESGITLABJENSTUDENT1 was saved successfully

  Starting logs for ProgrammingSubmissionAndResultGitlabJenkinsIntegrationTest > shouldSaveBuildLogsOnStudentParticipationWithoutResult(ProgrammingLanguage, boolean, boolean) [41] programmingLanguage=VHDL, enableStaticCodeAnalysis=true, buildFailed=true
    23:48:58.179 | 463 ool-1-worker-227 | DEBUG | d.t.c.a.a.c.u.util.UserUtilService   : Generate 3 students...
    23:48:58.183 | 463 ool-1-worker-227 | DEBUG | d.t.c.a.a.c.u.util.UserUtilService   : 3 students generated. Generate 2 tutors...
    23:48:58.186 | 463 ool-1-worker-227 | DEBUG | d.t.c.a.a.c.u.util.UserUtilService   : 2 tutors generated. Generate 0 editors...
    23:48:58.187 | 463 ool-1-worker-227 | DEBUG | d.t.c.a.a.c.u.util.UserUtilService   : 0 editors generated. Generate 2 instructors...
    23:48:58.190 | 463 ool-1-worker-227 | DEBUG | d.t.c.a.a.c.u.util.UserUtilService   : 2 instructors generated
    23:48:58.191 | 463 ool-1-worker-227 | DEBUG | d.t.c.a.a.c.u.util.UserUtilService   : Removing 7 users from all courses...
    23:48:58.192 | 463 ool-1-worker-227 | DEBUG | d.t.c.a.a.c.u.util.UserUtilService   : Removing 7 users from all courses. Done
    23:48:58.192 | 463 ool-1-worker-227 | DEBUG | d.t.c.a.a.c.u.util.UserUtilService   : Save 7 users to database...
    23:48:58.195 | 463 ool-1-worker-227 | DEBUG | d.t.c.a.a.c.u.util.UserUtilService   : Save 7 users to database. Done
    23:48:58.209 | 463 ool-1-worker-227 | DEBUG | PersonalAccessTokenManagementService : Generate secure vcs access token
    23:48:58.211 | 463 ool-1-worker-227 | DEBUG | PersonalAccessTokenManagementService : Generate secure vcs access token
    23:48:58.213 | 463 ool-1-worker-227 | INFO  | i.z.t.d.l.EmbeddedDatabaseReporter   : JDBC URL to connect to 'dataSource': url='jdbc:h2:tcp://localhost:41063/mem:736625c0-cf5e-400d-aeaa-8a7eabd6262b;USER=sa', scope='ProgrammingSubmissionAndResultGitlabJenkinsIntegrationTest#shouldSaveBuildLogsOnStudentParticipationWithoutResult'
    23:48:58.225 | 463 ool-1-worker-227 | DEBUG | PersonalAccessTokenManagementService : Generate secure vcs access token
    23:48:58.228 | 463 ool-1-worker-227 | DEBUG | d.t.c.a.a.c.s.f.ApiVersionFilter     : Adding Version to Request POST /api/public/programming-exercises/new-result
    23:48:58.228 | 463 ool-1-worker-227 | DEBUG | d.t.c.a.a.a.w.o.PublicResultResource : Received result notify (NEW)
    23:48:58.230 | 463 ool-1-worker-227 | INFO  | d.t.c.a.a.a.w.o.PublicResultResource : Artemis received a new result for build plan SHORT25DA38800B811047CB0BFC900BE24C402F20TSTEXC-PROGSUBRESGITLABJENSTUDENT1
    23:48:58.231 | 463 ool-1-worker-227 | DEBUG | .s.ProgrammingExerciseGradingService : Received new build result (NEW) for participation 4492
    23:48:58.244 | 463 ool-1-worker-227 | DEBUG | .c.s.m.InstanceMessageReceiveService : Received schedule participant score for exercise 3372 and participant 773 (result to be deleted: null)
    23:48:58.244 | 463 ool-1-worker-227 | DEBUG | .a.s.ParticipantScoreScheduleService : Scheduled task for exercise 3372 and participant 773 at 2025-02-14T23:48:58.344068941Z[Etc/UTC].
    23:48:58.244 | 463 ool-1-worker-227 | DEBUG | .a.a.p.s.ProgrammingMessagingService : Send result to client over websocket. Result: Result{id896, completionDate=2025-02-14T23:48:58.226217700Z, successful=false, score=0.0, rated=true, assessmentType=AUTOMATIC, hasComplaint=null, testCaseCount=0, passedTestCaseCount=0, codeIssueCount=0}, Submission: ProgrammingSubmission{commitHash='9b3a9bd71a0d80e5bbc42204c319ed3d1d4f0d6d', buildFailed=true, buildArtifact=false, type=MANUAL}, Participation: ProgrammingExerciseStudentParticipation{id=4492, repositoryUri='https://version-control.fake.fake/git/SHORT25DA38800B811047CB0BFC900BE24C402F20TSTEXC/short25da38800b811047cb0bfc900be24c402f20tstexc-progsubresgitlabjenstudent1.git', buildPlanId='SHORT25DA38800B811047CB0BFC900BE24C402F20TSTEXC-PROGSUBRESGITLABJENSTUDENT1', initializationState='INITIALIZED', initializationDate='2025-02-14T23:48:58.224276Z', individualDueDate=null', presentationScore=null}
    23:48:58.246 | 463 ool-1-worker-227 | INFO  | d.t.c.a.a.a.w.o.PublicResultResource : The new result for SHORT25DA38800B811047CB0BFC900BE24C402F20TSTEXC-PROGSUBRESGITLABJENSTUDENT1 was saved successfully
    23:48:58.249 | 463 ool-1-worker-227 | DEBUG | d.t.c.a.a.c.s.f.ApiVersionFilter     : Adding Version to Request GET /api/repository/4492/buildlogs
    23:48:58.249 | 463 ool-1-worker-227 | DEBUG | rammingExerciseParticipationResource : REST request to get build log : 4492
    23:48:58.254 | 463 ool-1-worker-227 | DEBUG | d.t.c.a.a.c.s.f.ApiVersionFilter     : Adding Version to Request POST /api/public/programming-exercises/new-result
    23:48:58.254 | 463 ool-1-worker-227 | DEBUG | d.t.c.a.a.a.w.o.PublicResultResource : Received result notify (NEW)
    23:48:58.255 | 463 ool-1-worker-227 | INFO  | d.t.c.a.a.a.w.o.PublicResultResource : Artemis received a new result for build plan SHORT25DA38800B811047CB0BFC900BE24C402F20TSTEXC-PROGSUBRESGITLABJENSTUDENT1
    23:48:58.256 | 463 ool-1-worker-227 | DEBUG | .s.ProgrammingExerciseGradingService : Received new build result (NEW) for participation 4492
    23:48:58.275 | 463 ool-1-worker-227 | DEBUG | .c.s.m.InstanceMessageReceiveService : Received schedule participant score for exercise 3372 and participant 773 (result to be deleted: null)
    23:48:58.275 | 463 ool-1-worker-227 | DEBUG | .a.s.ParticipantScoreScheduleService : Scheduled task for exercise 3372 and participant 773 at 2025-02-14T23:48:58.375254522Z[Etc/UTC].
    23:48:58.276 | 463 ool-1-worker-227 | DEBUG | .a.a.p.s.ProgrammingMessagingService : Send result to client over websocket. Result: Result{id897, completionDate=2025-02-14T23:48:58.226217700Z, successful=false, score=0.0, rated=true, assessmentType=AUTOMATIC, hasComplaint=null, testCaseCount=0, passedTestCaseCount=0, codeIssueCount=0}, Submission: ProgrammingSubmission{commitHash='9b3a9bd71a0d80e5bbc42204c319ed3d1d4f0d6d', buildFailed=true, buildArtifact=false, type=MANUAL}, Participation: ProgrammingExerciseStudentParticipation{id=4492, repositoryUri='https://version-control.fake.fake/git/SHORT25DA38800B811047CB0BFC900BE24C402F20TSTEXC/short25da38800b811047cb0bfc900be24c402f20tstexc-progsubresgitlabjenstudent1.git', buildPlanId='SHORT25DA38800B811047CB0BFC900BE24C402F20TSTEXC-PROGSUBRESGITLABJENSTUDENT1', initializationState='INITIALIZED', initializationDate='2025-02-14T23:48:58.224276Z', individualDueDate=null', presentationScore=null}
    23:48:58.278 | 463 ool-1-worker-227 | INFO  | d.t.c.a.a.a.w.o.PublicResultResource : The new result for SHORT25DA38800B811047CB0BFC900BE24C402F20TSTEXC-PROGSUBRESGITLABJENSTUDENT1 was saved successfully

  Starting logs for ProgrammingSubmissionAndResultGitlabJenkinsIntegrationTest > shouldSaveBuildLogsOnStudentParticipationWithoutResult(ProgrammingLanguage, boolean, boolean) [42] programmingLanguage=VHDL, enableStaticCodeAnalysis=false, buildFailed=true
    23:48:58.289 | 463 ool-1-worker-227 | DEBUG | d.t.c.a.a.c.u.util.UserUtilService   : Generate 3 students...
    23:48:58.293 | 463 ool-1-worker-227 | DEBUG | d.t.c.a.a.c.u.util.UserUtilService   : 3 students generated. Generate 2 tutors...
    23:48:58.296 | 463 ool-1-worker-227 | DEBUG | d.t.c.a.a.c.u.util.UserUtilService   : 2 tutors generated. Generate 0 editors...
    23:48:58.297 | 463 ool-1-worker-227 | DEBUG | d.t.c.a.a.c.u.util.UserUtilService   : 0 editors generated. Generate 2 instructors...
    23:48:58.300 | 463 ool-1-worker-227 | DEBUG | d.t.c.a.a.c.u.util.UserUtilService   : 2 instructors generated
    23:48:58.301 | 463 ool-1-worker-227 | DEBUG | d.t.c.a.a.c.u.util.UserUtilService   : Removing 7 users from all courses...
    23:48:58.302 | 463 ool-1-worker-227 | DEBUG | d.t.c.a.a.c.u.util.UserUtilService   : Removing 7 users from all courses. Done
    23:48:58.302 | 463 ool-1-worker-227 | DEBUG | d.t.c.a.a.c.u.util.UserUtilService   : Save 7 users to database...
    23:48:58.305 | 463 ool-1-worker-227 | DEBUG | d.t.c.a.a.c.u.util.UserUtilService   : Save 7 users to database. Done
    23:48:58.318 | 463 ool-1-worker-227 | DEBUG | PersonalAccessTokenManagementService : Generate secure vcs access token
    23:48:58.321 | 463 ool-1-worker-227 | DEBUG | PersonalAccessTokenManagementService : Generate secure vcs access token
    23:48:58.323 | 463 ool-1-worker-227 | INFO  | i.z.t.d.l.EmbeddedDatabaseReporter   : JDBC URL to connect to 'dataSource': url='jdbc:h2:tcp://localhost:41063/mem:736625c0-cf5e-400d-aeaa-8a7eabd6262b;USER=sa', scope='ProgrammingSubmissionAndResultGitlabJenkinsIntegrationTest#shouldSaveBuildLogsOnStudentParticipationWithoutResult'
    23:48:58.335 | 463 ool-1-worker-227 | DEBUG | PersonalAccessTokenManagementService : Generate secure vcs access token
    23:48:58.338 | 463 ool-1-worker-227 | DEBUG | d.t.c.a.a.c.s.f.ApiVersionFilter     : Adding Version to Request POST /api/public/programming-exercises/new-result
    23:48:58.338 | 463 ool-1-worker-227 | DEBUG | d.t.c.a.a.a.w.o.PublicResultResource : Received result notify (NEW)
    23:48:58.340 | 463 ool-1-worker-227 | INFO  | d.t.c.a.a.a.w.o.PublicResultResource : Artemis received a new result for build plan SHORT16BEEC160CF2B04D8108DEB08F00AD03B446TSTEXC-PROGSUBRESGITLABJENSTUDENT1
    23:48:58.341 | 463 ool-1-worker-227 | DEBUG | .s.ProgrammingExerciseGradingService : Received new build result (NEW) for participation 4499
    23:48:58.354 | 463 ool-1-worker-227 | DEBUG | .c.s.m.InstanceMessageReceiveService : Received schedule participant score for exercise 3374 and participant 773 (result to be deleted: null)
    23:48:58.354 | 463 ool-1-worker-227 | DEBUG | .a.s.ParticipantScoreScheduleService : Scheduled task for exercise 3374 and participant 773 at 2025-02-14T23:48:58.454935605Z[Etc/UTC].
    23:48:58.355 | 463 ool-1-worker-227 | DEBUG | .a.a.p.s.ProgrammingMessagingService : Send result to client over websocket. Result: Result{id898, completionDate=2025-02-14T23:48:58.336214500Z, successful=false, score=0.0, rated=true, assessmentType=AUTOMATIC, hasComplaint=null, testCaseCount=0, passedTestCaseCount=0, codeIssueCount=0}, Submission: ProgrammingSubmission{commitHash='9b3a9bd71a0d80e5bbc42204c319ed3d1d4f0d6d', buildFailed=true, buildArtifact=false, type=MANUAL}, Participation: ProgrammingExerciseStudentParticipation{id=4499, repositoryUri='https://version-control.fake.fake/git/SHORT16BEEC160CF2B04D8108DEB08F00AD03B446TSTEXC/short16beec160cf2b04d8108deb08f00ad03b446tstexc-progsubresgitlabjenstudent1.git', buildPlanId='SHORT16BEEC160CF2B04D8108DEB08F00AD03B446TSTEXC-PROGSUBRESGITLABJENSTUDENT1', initializationState='INITIALIZED', initializationDate='2025-02-14T23:48:58.334202Z', individualDueDate=null', presentationScore=null}
    23:48:58.357 | 463 ool-1-worker-227 | INFO  | d.t.c.a.a.a.w.o.PublicResultResource : The new result for SHORT16BEEC160CF2B04D8108DEB08F00AD03B446TSTEXC-PROGSUBRESGITLABJENSTUDENT1 was saved successfully
    23:48:58.360 | 463 ool-1-worker-227 | DEBUG | d.t.c.a.a.c.s.f.ApiVersionFilter     : Adding Version to Request GET /api/repository/4499/buildlogs
    23:48:58.360 | 463 ool-1-worker-227 | DEBUG | rammingExerciseParticipationResource : REST request to get build log : 4499
    23:48:58.364 | 463 ool-1-worker-227 | DEBUG | d.t.c.a.a.c.s.f.ApiVersionFilter     : Adding Version to Request POST /api/public/programming-exercises/new-result
    23:48:58.365 | 463 ool-1-worker-227 | DEBUG | d.t.c.a.a.a.w.o.PublicResultResource : Received result notify (NEW)
    23:48:58.366 | 463 ool-1-worker-227 | INFO  | d.t.c.a.a.a.w.o.PublicResultResource : Artemis received a new result for build plan SHORT16BEEC160CF2B04D8108DEB08F00AD03B446TSTEXC-PROGSUBRESGITLABJENSTUDENT1
    23:48:58.367 | 463 ool-1-worker-227 | DEBUG | .s.ProgrammingExerciseGradingService : Received new build result (NEW) for participation 4499
    23:48:58.386 | 463 ool-1-worker-227 | DEBUG | .c.s.m.InstanceMessageReceiveService : Received schedule participant score for exercise 3374 and participant 773 (result to be deleted: null)
    23:48:58.386 | 463 ool-1-worker-227 | DEBUG | .a.s.ParticipantScoreScheduleService : Scheduled task for exercise 3374 and participant 773 at 2025-02-14T23:48:58.486562188Z[Etc/UTC].
    23:48:58.387 | 463 ool-1-worker-227 | DEBUG | .a.a.p.s.ProgrammingMessagingService : Send result to client over websocket. Result: Result{id899, completionDate=2025-02-14T23:48:58.336214500Z, successful=false, score=0.0, rated=true, assessmentType=AUTOMATIC, hasComplaint=null, testCaseCount=0, passedTestCaseCount=0, codeIssueCount=0}, Submission: ProgrammingSubmission{commitHash='9b3a9bd71a0d80e5bbc42204c319ed3d1d4f0d6d', buildFailed=true, buildArtifact=false, type=MANUAL}, Participation: ProgrammingExerciseStudentParticipation{id=4499, repositoryUri='https://version-control.fake.fake/git/SHORT16BEEC160CF2B04D8108DEB08F00AD03B446TSTEXC/short16beec160cf2b04d8108deb08f00ad03b446tstexc-progsubresgitlabjenstudent1.git', buildPlanId='SHORT16BEEC160CF2B04D8108DEB08F00AD03B446TSTEXC-PROGSUBRESGITLABJENSTUDENT1', initializationState='INITIALIZED', initializationDate='2025-02-14T23:48:58.334202Z', individualDueDate=null', presentationScore=null}
    23:48:58.389 | 463 ool-1-worker-227 | INFO  | d.t.c.a.a.a.w.o.PublicResultResource : The new result for SHORT16BEEC160CF2B04D8108DEB08F00AD03B446TSTEXC-PROGSUBRESGITLABJENSTUDENT1 was saved successfully

  Starting logs for ProgrammingSubmissionAndResultGitlabJenkinsIntegrationTest > shouldSaveBuildLogsOnStudentParticipationWithoutResult(ProgrammingLanguage, boolean, boolean) [43] programmingLanguage=VHDL, enableStaticCodeAnalysis=true, buildFailed=false
    23:48:58.400 | 463 ool-1-worker-227 | DEBUG | d.t.c.a.a.c.u.util.UserUtilService   : Generate 3 students...
    23:48:58.404 | 463 ool-1-worker-227 | DEBUG | d.t.c.a.a.c.u.util.UserUtilService   : 3 students generated. Generate 2 tutors...
    23:48:58.407 | 463 ool-1-worker-227 | DEBUG | d.t.c.a.a.c.u.util.UserUtilService   : 2 tutors generated. Generate 0 editors...
    23:48:58.408 | 463 ool-1-worker-227 | DEBUG | d.t.c.a.a.c.u.util.UserUtilService   : 0 editors generated. Generate 2 instructors...
    23:48:58.411 | 463 ool-1-worker-227 | DEBUG | d.t.c.a.a.c.u.util.UserUtilService   : 2 instructors generated
    23:48:58.412 | 463 ool-1-worker-227 | DEBUG | d.t.c.a.a.c.u.util.UserUtilService   : Removing 7 users from all courses...
    23:48:58.413 | 463 ool-1-worker-227 | DEBUG | d.t.c.a.a.c.u.util.UserUtilService   : Removing 7 users from all courses. Done
    23:48:58.413 | 463 ool-1-worker-227 | DEBUG | d.t.c.a.a.c.u.util.UserUtilService   : Save 7 users to database...
    23:48:58.416 | 463 ool-1-worker-227 | DEBUG | d.t.c.a.a.c.u.util.UserUtilService   : Save 7 users to database. Done
    23:48:58.430 | 463 ool-1-worker-227 | DEBUG | PersonalAccessTokenManagementService : Generate secure vcs access token
    23:48:58.432 | 463 ool-1-worker-227 | DEBUG | PersonalAccessTokenManagementService : Generate secure vcs access token
    23:48:58.434 | 463 ool-1-worker-227 | INFO  | i.z.t.d.l.EmbeddedDatabaseReporter   : JDBC URL to connect to 'dataSource': url='jdbc:h2:tcp://localhost:41063/mem:736625c0-cf5e-400d-aeaa-8a7eabd6262b;USER=sa', scope='ProgrammingSubmissionAndResultGitlabJenkinsIntegrationTest#shouldSaveBuildLogsOnStudentParticipationWithoutResult'
    23:48:58.446 | 463 ool-1-worker-227 | DEBUG | PersonalAccessTokenManagementService : Generate secure vcs access token
    23:48:58.449 | 463 ool-1-worker-227 | DEBUG | d.t.c.a.a.c.s.f.ApiVersionFilter     : Adding Version to Request POST /api/public/programming-exercises/new-result
    23:48:58.449 | 463 ool-1-worker-227 | DEBUG | d.t.c.a.a.a.w.o.PublicResultResource : Received result notify (NEW)
    23:48:58.451 | 463 ool-1-worker-227 | INFO  | d.t.c.a.a.a.w.o.PublicResultResource : Artemis received a new result for build plan SHORT269B818204D0B042BD0AABB011CF5F3D8FD3TSTEXC-PROGSUBRESGITLABJENSTUDENT1
    23:48:58.452 | 463 ool-1-worker-227 | DEBUG | .s.ProgrammingExerciseGradingService : Received new build result (NEW) for participation 4506
    23:48:58.465 | 463 ool-1-worker-227 | DEBUG | .c.s.m.InstanceMessageReceiveService : Received schedule participant score for exercise 3376 and participant 773 (result to be deleted: null)
    23:48:58.465 | 463 ool-1-worker-227 | DEBUG | .a.s.ParticipantScoreScheduleService : Scheduled task for exercise 3376 and participant 773 at 2025-02-14T23:48:58.565444873Z[Etc/UTC].
    23:48:58.466 | 463 ool-1-worker-227 | DEBUG | .a.a.p.s.ProgrammingMessagingService : Send result to client over websocket. Result: Result{id900, completionDate=2025-02-14T23:48:58.447221800Z, successful=false, score=0.0, rated=true, assessmentType=AUTOMATIC, hasComplaint=null, testCaseCount=0, passedTestCaseCount=0, codeIssueCount=0}, Submission: ProgrammingSubmission{commitHash='9b3a9bd71a0d80e5bbc42204c319ed3d1d4f0d6d', buildFailed=true, buildArtifact=false, type=MANUAL}, Participation: ProgrammingExerciseStudentParticipation{id=4506, repositoryUri='https://version-control.fake.fake/git/SHORT269B818204D0B042BD0AABB011CF5F3D8FD3TSTEXC/short269b818204d0b042bd0aabb011cf5f3d8fd3tstexc-progsubresgitlabjenstudent1.git', buildPlanId='SHORT269B818204D0B042BD0AABB011CF5F3D8FD3TSTEXC-PROGSUBRESGITLABJENSTUDENT1', initializationState='INITIALIZED', initializationDate='2025-02-14T23:48:58.445281Z', individualDueDate=null', presentationScore=null}
    23:48:58.468 | 463 ool-1-worker-227 | INFO  | d.t.c.a.a.a.w.o.PublicResultResource : The new result for SHORT269B818204D0B042BD0AABB011CF5F3D8FD3TSTEXC-PROGSUBRESGITLABJENSTUDENT1 was saved successfully
    23:48:58.471 | 463 ool-1-worker-227 | DEBUG | d.t.c.a.a.c.s.f.ApiVersionFilter     : Adding Version to Request GET /api/repository/4506/buildlogs
    23:48:58.471 | 463 ool-1-worker-227 | DEBUG | rammingExerciseParticipationResource : REST request to get build log : 4506
    23:48:58.475 | 463 ool-1-worker-227 | DEBUG | d.t.c.a.a.c.s.f.ApiVersionFilter     : Adding Version to Request POST /api/public/programming-exercises/new-result
    23:48:58.476 | 463 ool-1-worker-227 | DEBUG | d.t.c.a.a.a.w.o.PublicResultResource : Received result notify (NEW)
    23:48:58.477 | 463 ool-1-worker-227 | INFO  | d.t.c.a.a.a.w.o.PublicResultResource : Artemis received a new result for build plan SHORT269B818204D0B042BD0AABB011CF5F3D8FD3TSTEXC-PROGSUBRESGITLABJENSTUDENT1
    23:48:58.478 | 463 ool-1-worker-227 | DEBUG | .s.ProgrammingExerciseGradingService : Received new build result (NEW) for participation 4506
    23:48:58.496 | 463 ool-1-worker-227 | DEBUG | .c.s.m.InstanceMessageReceiveService : Received schedule participant score for exercise 3376 and participant 773 (result to be deleted: null)
    23:48:58.496 | 463 ool-1-worker-227 | DEBUG | .a.s.ParticipantScoreScheduleService : Scheduled task for exercise 3376 and participant 773 at 2025-02-14T23:48:58.596634571Z[Etc/UTC].
    23:48:58.497 | 463 ool-1-worker-227 | DEBUG | .a.a.p.s.ProgrammingMessagingService : Send result to client over websocket. Result: Result{id901, completionDate=2025-02-14T23:48:58.447221800Z, successful=false, score=0.0, rated=true, assessmentType=AUTOMATIC, hasComplaint=null, testCaseCount=0, passedTestCaseCount=0, codeIssueCount=0}, Submission: ProgrammingSubmission{commitHash='9b3a9bd71a0d80e5bbc42204c319ed3d1d4f0d6d', buildFailed=true, buildArtifact=false, type=MANUAL}, Participation: ProgrammingExerciseStudentParticipation{id=4506, repositoryUri='https://version-control.fake.fake/git/SHORT269B818204D0B042BD0AABB011CF5F3D8FD3TSTEXC/short269b818204d0b042bd0aabb011cf5f3d8fd3tstexc-progsubresgitlabjenstudent1.git', buildPlanId='SHORT269B818204D0B042BD0AABB011CF5F3D8FD3TSTEXC-PROGSUBRESGITLABJENSTUDENT1', initializationState='INITIALIZED', initializationDate='2025-02-14T23:48:58.445281Z', individualDueDate=null', presentationScore=null}
    23:48:58.499 | 463 ool-1-worker-227 | INFO  | d.t.c.a.a.a.w.o.PublicResultResource : The new result for SHORT269B818204D0B042BD0AABB011CF5F3D8FD3TSTEXC-PROGSUBRESGITLABJENSTUDENT1 was saved successfully

  Starting logs for ProgrammingSubmissionAndResultGitlabJenkinsIntegrationTest > shouldSaveBuildLogsOnStudentParticipationWithoutResult(ProgrammingLanguage, boolean, boolean) [44] programmingLanguage=VHDL, enableStaticCodeAnalysis=false, buildFailed=false
    23:48:58.510 | 463 ool-1-worker-227 | DEBUG | d.t.c.a.a.c.u.util.UserUtilService   : Generate 3 students...
    23:48:58.514 | 463 ool-1-worker-227 | DEBUG | d.t.c.a.a.c.u.util.UserUtilService   : 3 students generated. Generate 2 tutors...
    23:48:58.517 | 463 ool-1-worker-227 | DEBUG | d.t.c.a.a.c.u.util.UserUtilService   : 2 tutors generated. Generate 0 editors...
    23:48:58.518 | 463 ool-1-worker-227 | DEBUG | d.t.c.a.a.c.u.util.UserUtilService   : 0 editors generated. Generate 2 instructors...
    23:48:58.521 | 463 ool-1-worker-227 | DEBUG | d.t.c.a.a.c.u.util.UserUtilService   : 2 instructors generated
    23:48:58.522 | 463 ool-1-worker-227 | DEBUG | d.t.c.a.a.c.u.util.UserUtilService   : Removing 7 users from all courses...
    23:48:58.523 | 463 ool-1-worker-227 | DEBUG | d.t.c.a.a.c.u.util.UserUtilService   : Removing 7 users from all courses. Done
    23:48:58.523 | 463 ool-1-worker-227 | DEBUG | d.t.c.a.a.c.u.util.UserUtilService   : Save 7 users to database...
    23:48:58.526 | 463 ool-1-worker-227 | DEBUG | d.t.c.a.a.c.u.util.UserUtilService   : Save 7 users to database. Done
    23:48:58.540 | 463 ool-1-worker-227 | DEBUG | PersonalAccessTokenManagementService : Generate secure vcs access token
    23:48:58.542 | 463 ool-1-worker-227 | DEBUG | PersonalAccessTokenManagementService : Generate secure vcs access token
    23:48:58.544 | 463 ool-1-worker-227 | INFO  | i.z.t.d.l.EmbeddedDatabaseReporter   : JDBC URL to connect to 'dataSource': url='jdbc:h2:tcp://localhost:41063/mem:736625c0-cf5e-400d-aeaa-8a7eabd6262b;USER=sa', scope='ProgrammingSubmissionAndResultGitlabJenkinsIntegrationTest#shouldSaveBuildLogsOnStudentParticipationWithoutResult'
    23:48:58.556 | 463 ool-1-worker-227 | DEBUG | PersonalAccessTokenManagementService : Generate secure vcs access token
    23:48:58.559 | 463 ool-1-worker-227 | DEBUG | d.t.c.a.a.c.s.f.ApiVersionFilter     : Adding Version to Request POST /api/public/programming-exercises/new-result
    23:48:58.559 | 463 ool-1-worker-227 | DEBUG | d.t.c.a.a.a.w.o.PublicResultResource : Received result notify (NEW)
    23:48:58.561 | 463 ool-1-worker-227 | INFO  | d.t.c.a.a.a.w.o.PublicResultResource : Artemis received a new result for build plan SHORT3A76115D02FEE047080A3420C62B0511C2C3TSTEXC-PROGSUBRESGITLABJENSTUDENT1
    23:48:58.562 | 463 ool-1-worker-227 | DEBUG | .s.ProgrammingExerciseGradingService : Received new build result (NEW) for participation 4513
    23:48:58.575 | 463 ool-1-worker-227 | DEBUG | .c.s.m.InstanceMessageReceiveService : Received schedule participant score for exercise 3378 and participant 773 (result to be deleted: null)
    23:48:58.575 | 463 ool-1-worker-227 | DEBUG | .a.s.ParticipantScoreScheduleService : Scheduled task for exercise 3378 and participant 773 at 2025-02-14T23:48:58.675526423Z[Etc/UTC].
    23:48:58.576 | 463 ool-1-worker-227 | DEBUG | .a.a.p.s.ProgrammingMessagingService : Send result to client over websocket. Result: Result{id902, completionDate=2025-02-14T23:48:58.557455300Z, successful=false, score=0.0, rated=true, assessmentType=AUTOMATIC, hasComplaint=null, testCaseCount=0, passedTestCaseCount=0, codeIssueCount=0}, Submission: ProgrammingSubmission{commitHash='9b3a9bd71a0d80e5bbc42204c319ed3d1d4f0d6d', buildFailed=true, buildArtifact=false, type=MANUAL}, Participation: ProgrammingExerciseStudentParticipation{id=4513, repositoryUri='https://version-control.fake.fake/git/SHORT3A76115D02FEE047080A3420C62B0511C2C3TSTEXC/short3a76115d02fee047080a3420c62b0511c2c3tstexc-progsubresgitlabjenstudent1.git', buildPlanId='SHORT3A76115D02FEE047080A3420C62B0511C2C3TSTEXC-PROGSUBRESGITLABJENSTUDENT1', initializationState='INITIALIZED', initializationDate='2025-02-14T23:48:58.555436Z', individualDueDate=null', presentationScore=null}
    23:48:58.578 | 463 ool-1-worker-227 | INFO  | d.t.c.a.a.a.w.o.PublicResultResource : The new result for SHORT3A76115D02FEE047080A3420C62B0511C2C3TSTEXC-PROGSUBRESGITLABJENSTUDENT1 was saved successfully
    23:48:58.581 | 463 ool-1-worker-227 | DEBUG | d.t.c.a.a.c.s.f.ApiVersionFilter     : Adding Version to Request GET /api/repository/4513/buildlogs
    23:48:58.581 | 463 ool-1-worker-227 | DEBUG | rammingExerciseParticipationResource : REST request to get build log : 4513
    23:48:58.585 | 463 ool-1-worker-227 | DEBUG | d.t.c.a.a.c.s.f.ApiVersionFilter     : Adding Version to Request POST /api/public/programming-exercises/new-result
    23:48:58.585 | 463 ool-1-worker-227 | DEBUG | d.t.c.a.a.a.w.o.PublicResultResource : Received result notify (NEW)
    23:48:58.587 | 463 ool-1-worker-227 | INFO  | d.t.c.a.a.a.w.o.PublicResultResource : Artemis received a new result for build plan SHORT3A76115D02FEE047080A3420C62B0511C2C3TSTEXC-PROGSUBRESGITLABJENSTUDENT1
    23:48:58.588 | 463 ool-1-worker-227 | DEBUG | .s.ProgrammingExerciseGradingService : Received new build result (NEW) for participation 4513
    23:48:58.606 | 463 ool-1-worker-227 | DEBUG | .c.s.m.InstanceMessageReceiveService : Received schedule participant score for exercise 3378 and participant 773 (result to be deleted: null)
    23:48:58.606 | 463 ool-1-worker-227 | DEBUG | .a.s.ParticipantScoreScheduleService : Scheduled task for exercise 3378 and participant 773 at 2025-02-14T23:48:58.706743072Z[Etc/UTC].
    23:48:58.607 | 463 ool-1-worker-227 | DEBUG | .a.a.p.s.ProgrammingMessagingService : Send result to client over websocket. Result: Result{id903, completionDate=2025-02-14T23:48:58.557455300Z, successful=false, score=0.0, rated=true, assessmentType=AUTOMATIC, hasComplaint=null, testCaseCount=0, passedTestCaseCount=0, codeIssueCount=0}, Submission: ProgrammingSubmission{commitHash='9b3a9bd71a0d80e5bbc42204c319ed3d1d4f0d6d', buildFailed=true, buildArtifact=false, type=MANUAL}, Participation: ProgrammingExerciseStudentParticipation{id=4513, repositoryUri='https://version-control.fake.fake/git/SHORT3A76115D02FEE047080A3420C62B0511C2C3TSTEXC/short3a76115d02fee047080a3420c62b0511c2c3tstexc-progsubresgitlabjenstudent1.git', buildPlanId='SHORT3A76115D02FEE047080A3420C62B0511C2C3TSTEXC-PROGSUBRESGITLABJENSTUDENT1', initializationState='INITIALIZED', initializationDate='2025-02-14T23:48:58.555436Z', individualDueDate=null', presentationScore=null}
    23:48:58.609 | 463 ool-1-worker-227 | INFO  | d.t.c.a.a.a.w.o.PublicResultResource : The new result for SHORT3A76115D02FEE047080A3420C62B0511C2C3TSTEXC-PROGSUBRESGITLABJENSTUDENT1 was saved successfully

  Starting logs for ProgrammingSubmissionAndResultGitlabJenkinsIntegrationTest > shouldSaveBuildLogsOnStudentParticipationWithoutResult(ProgrammingLanguage, boolean, boolean) [45] programmingLanguage=KOTLIN, enableStaticCodeAnalysis=true, buildFailed=true
    23:48:58.620 | 463 ool-1-worker-227 | DEBUG | d.t.c.a.a.c.u.util.UserUtilService   : Generate 3 students...
    23:48:58.624 | 463 ool-1-worker-227 | DEBUG | d.t.c.a.a.c.u.util.UserUtilService   : 3 students generated. Generate 2 tutors...
    23:48:58.627 | 463 ool-1-worker-227 | DEBUG | d.t.c.a.a.c.u.util.UserUtilService   : 2 tutors generated. Generate 0 editors...
    23:48:58.629 | 463 ool-1-worker-227 | DEBUG | d.t.c.a.a.c.u.util.UserUtilService   : 0 editors generated. Generate 2 instructors...
    23:48:58.632 | 463 ool-1-worker-227 | DEBUG | d.t.c.a.a.c.u.util.UserUtilService   : 2 instructors generated
    23:48:58.633 | 463 ool-1-worker-227 | DEBUG | d.t.c.a.a.c.u.util.UserUtilService   : Removing 7 users from all courses...
    23:48:58.633 | 463 ool-1-worker-227 | DEBUG | d.t.c.a.a.c.u.util.UserUtilService   : Removing 7 users from all courses. Done
    23:48:58.633 | 463 ool-1-worker-227 | DEBUG | d.t.c.a.a.c.u.util.UserUtilService   : Save 7 users to database...
    23:48:58.637 | 463 ool-1-worker-227 | DEBUG | d.t.c.a.a.c.u.util.UserUtilService   : Save 7 users to database. Done
    23:48:58.650 | 463 ool-1-worker-227 | DEBUG | PersonalAccessTokenManagementService : Generate secure vcs access token
    23:48:58.653 | 463 ool-1-worker-227 | DEBUG | PersonalAccessTokenManagementService : Generate secure vcs access token
    23:48:58.655 | 463 ool-1-worker-227 | INFO  | i.z.t.d.l.EmbeddedDatabaseReporter   : JDBC URL to connect to 'dataSource': url='jdbc:h2:tcp://localhost:41063/mem:736625c0-cf5e-400d-aeaa-8a7eabd6262b;USER=sa', scope='ProgrammingSubmissionAndResultGitlabJenkinsIntegrationTest#shouldSaveBuildLogsOnStudentParticipationWithoutResult'
    23:48:58.666 | 463 ool-1-worker-227 | DEBUG | PersonalAccessTokenManagementService : Generate secure vcs access token
    23:48:58.669 | 463 ool-1-worker-227 | DEBUG | d.t.c.a.a.c.s.f.ApiVersionFilter     : Adding Version to Request POST /api/public/programming-exercises/new-result
    23:48:58.670 | 463 ool-1-worker-227 | DEBUG | d.t.c.a.a.a.w.o.PublicResultResource : Received result notify (NEW)
    23:48:58.671 | 463 ool-1-worker-227 | INFO  | d.t.c.a.a.a.w.o.PublicResultResource : Artemis received a new result for build plan SHORT4808DE860785304C180B7A20ACAD99371DFDTSTEXC-PROGSUBRESGITLABJENSTUDENT1
    23:48:58.672 | 463 ool-1-worker-227 | DEBUG | .s.ProgrammingExerciseGradingService : Received new build result (NEW) for participation 4520
    23:48:58.686 | 463 ool-1-worker-227 | DEBUG | .c.s.m.InstanceMessageReceiveService : Received schedule participant score for exercise 3380 and participant 773 (result to be deleted: null)
    23:48:58.686 | 463 ool-1-worker-227 | DEBUG | .a.s.ParticipantScoreScheduleService : Scheduled task for exercise 3380 and participant 773 at 2025-02-14T23:48:58.786320452Z[Etc/UTC].
    23:48:58.687 | 463 ool-1-worker-227 | DEBUG | .a.a.p.s.ProgrammingMessagingService : Send result to client over websocket. Result: Result{id904, completionDate=2025-02-14T23:48:58.667843600Z, successful=false, score=0.0, rated=true, assessmentType=AUTOMATIC, hasComplaint=null, testCaseCount=0, passedTestCaseCount=0, codeIssueCount=0}, Submission: ProgrammingSubmission{commitHash='9b3a9bd71a0d80e5bbc42204c319ed3d1d4f0d6d', buildFailed=true, buildArtifact=false, type=MANUAL}, Participation: ProgrammingExerciseStudentParticipation{id=4520, repositoryUri='https://version-control.fake.fake/git/SHORT4808DE860785304C180B7A20ACAD99371DFDTSTEXC/short4808de860785304c180b7a20acad99371dfdtstexc-progsubresgitlabjenstudent1.git', buildPlanId='SHORT4808DE860785304C180B7A20ACAD99371DFDTSTEXC-PROGSUBRESGITLABJENSTUDENT1', initializationState='INITIALIZED', initializationDate='2025-02-14T23:48:58.665927Z', individualDueDate=null', presentationScore=null}
    23:48:58.689 | 463 ool-1-worker-227 | INFO  | d.t.c.a.a.a.w.o.PublicResultResource : The new result for SHORT4808DE860785304C180B7A20ACAD99371DFDTSTEXC-PROGSUBRESGITLABJENSTUDENT1 was saved successfully
    23:48:58.692 | 463 ool-1-worker-227 | DEBUG | d.t.c.a.a.c.s.f.ApiVersionFilter     : Adding Version to Request GET /api/repository/4520/buildlogs
    23:48:58.692 | 463 ool-1-worker-227 | DEBUG | rammingExerciseParticipationResource : REST request to get build log : 4520
    23:48:58.696 | 463 ool-1-worker-227 | DEBUG | d.t.c.a.a.c.s.f.ApiVersionFilter     : Adding Version to Request POST /api/public/programming-exercises/new-result
    23:48:58.696 | 463 ool-1-worker-227 | DEBUG | d.t.c.a.a.a.w.o.PublicResultResource : Received result notify (NEW)
    23:48:58.697 | 463 ool-1-worker-227 | INFO  | d.t.c.a.a.a.w.o.PublicResultResource : Artemis received a new result for build plan SHORT4808DE860785304C180B7A20ACAD99371DFDTSTEXC-PROGSUBRESGITLABJENSTUDENT1
    23:48:58.699 | 463 ool-1-worker-227 | DEBUG | .s.ProgrammingExerciseGradingService : Received new build result (NEW) for participation 4520
    23:48:58.718 | 463 ool-1-worker-227 | DEBUG | .c.s.m.InstanceMessageReceiveService : Received schedule participant score for exercise 3380 and participant 773 (result to be deleted: null)
    23:48:58.718 | 463 ool-1-worker-227 | DEBUG | .a.s.ParticipantScoreScheduleService : Scheduled task for exercise 3380 and participant 773 at 2025-02-14T23:48:58.818318578Z[Etc/UTC].
    23:48:58.719 | 463 ool-1-worker-227 | DEBUG | .a.a.p.s.ProgrammingMessagingService : Send result to client over websocket. Result: Result{id905, completionDate=2025-02-14T23:48:58.667843600Z, successful=false, score=0.0, rated=true, assessmentType=AUTOMATIC, hasComplaint=null, testCaseCount=0, passedTestCaseCount=0, codeIssueCount=0}, Submission: ProgrammingSubmission{commitHash='9b3a9bd71a0d80e5bbc42204c319ed3d1d4f0d6d', buildFailed=true, buildArtifact=false, type=MANUAL}, Participation: ProgrammingExerciseStudentParticipation{id=4520, repositoryUri='https://version-control.fake.fake/git/SHORT4808DE860785304C180B7A20ACAD99371DFDTSTEXC/short4808de860785304c180b7a20acad99371dfdtstexc-progsubresgitlabjenstudent1.git', buildPlanId='SHORT4808DE860785304C180B7A20ACAD99371DFDTSTEXC-PROGSUBRESGITLABJENSTUDENT1', initializationState='INITIALIZED', initializationDate='2025-02-14T23:48:58.665927Z', individualDueDate=null', presentationScore=null}
    23:48:58.721 | 463 ool-1-worker-227 | INFO  | d.t.c.a.a.a.w.o.PublicResultResource : The new result for SHORT4808DE860785304C180B7A20ACAD99371DFDTSTEXC-PROGSUBRESGITLABJENSTUDENT1 was saved successfully

  Starting logs for ProgrammingSubmissionAndResultGitlabJenkinsIntegrationTest > shouldSaveBuildLogsOnStudentParticipationWithoutResult(ProgrammingLanguage, boolean, boolean) [46] programmingLanguage=KOTLIN, enableStaticCodeAnalysis=false, buildFailed=true
    23:48:58.731 | 463 ool-1-worker-227 | DEBUG | d.t.c.a.a.c.u.util.UserUtilService   : Generate 3 students...
    23:48:58.735 | 463 ool-1-worker-227 | DEBUG | d.t.c.a.a.c.u.util.UserUtilService   : 3 students generated. Generate 2 tutors...
    23:48:58.738 | 463 ool-1-worker-227 | DEBUG | d.t.c.a.a.c.u.util.UserUtilService   : 2 tutors generated. Generate 0 editors...
    23:48:58.740 | 463 ool-1-worker-227 | DEBUG | d.t.c.a.a.c.u.util.UserUtilService   : 0 editors generated. Generate 2 instructors...
    23:48:58.743 | 463 ool-1-worker-227 | DEBUG | d.t.c.a.a.c.u.util.UserUtilService   : 2 instructors generated
    23:48:58.744 | 463 ool-1-worker-227 | DEBUG | d.t.c.a.a.c.u.util.UserUtilService   : Removing 7 users from all courses...
    23:48:58.744 | 463 ool-1-worker-227 | DEBUG | d.t.c.a.a.c.u.util.UserUtilService   : Removing 7 users from all courses. Done
    23:48:58.744 | 463 ool-1-worker-227 | DEBUG | d.t.c.a.a.c.u.util.UserUtilService   : Save 7 users to database...
    23:48:58.747 | 463 ool-1-worker-227 | DEBUG | d.t.c.a.a.c.u.util.UserUtilService   : Save 7 users to database. Done
    23:48:58.761 | 463 ool-1-worker-227 | DEBUG | PersonalAccessTokenManagementService : Generate secure vcs access token
    23:48:58.764 | 463 ool-1-worker-227 | DEBUG | PersonalAccessTokenManagementService : Generate secure vcs access token
    23:48:58.766 | 463 ool-1-worker-227 | INFO  | i.z.t.d.l.EmbeddedDatabaseReporter   : JDBC URL to connect to 'dataSource': url='jdbc:h2:tcp://localhost:41063/mem:736625c0-cf5e-400d-aeaa-8a7eabd6262b;USER=sa', scope='ProgrammingSubmissionAndResultGitlabJenkinsIntegrationTest#shouldSaveBuildLogsOnStudentParticipationWithoutResult'
    23:48:58.777 | 463 ool-1-worker-227 | DEBUG | PersonalAccessTokenManagementService : Generate secure vcs access token
    23:48:58.780 | 463 ool-1-worker-227 | DEBUG | d.t.c.a.a.c.s.f.ApiVersionFilter     : Adding Version to Request POST /api/public/programming-exercises/new-result
    23:48:58.781 | 463 ool-1-worker-227 | DEBUG | d.t.c.a.a.a.w.o.PublicResultResource : Received result notify (NEW)
    23:48:58.782 | 463 ool-1-worker-227 | INFO  | d.t.c.a.a.a.w.o.PublicResultResource : Artemis received a new result for build plan SHORTE1BB7AC501A020427C0B7970A29C8574FEC8TSTEXC-PROGSUBRESGITLABJENSTUDENT1
    23:48:58.783 | 463 ool-1-worker-227 | DEBUG | .s.ProgrammingExerciseGradingService : Received new build result (NEW) for participation 4527
    23:48:58.796 | 463 ool-1-worker-227 | DEBUG | .c.s.m.InstanceMessageReceiveService : Received schedule participant score for exercise 3382 and participant 773 (result to be deleted: null)
    23:48:58.796 | 463 ool-1-worker-227 | DEBUG | .a.s.ParticipantScoreScheduleService : Scheduled task for exercise 3382 and participant 773 at 2025-02-14T23:48:58.896942561Z[Etc/UTC].
    23:48:58.797 | 463 ool-1-worker-227 | DEBUG | .a.a.p.s.ProgrammingMessagingService : Send result to client over websocket. Result: Result{id906, completionDate=2025-02-14T23:48:58.778715600Z, successful=false, score=0.0, rated=true, assessmentType=AUTOMATIC, hasComplaint=null, testCaseCount=0, passedTestCaseCount=0, codeIssueCount=0}, Submission: ProgrammingSubmission{commitHash='9b3a9bd71a0d80e5bbc42204c319ed3d1d4f0d6d', buildFailed=true, buildArtifact=false, type=MANUAL}, Participation: ProgrammingExerciseStudentParticipation{id=4527, repositoryUri='https://version-control.fake.fake/git/SHORTE1BB7AC501A020427C0B7970A29C8574FEC8TSTEXC/shorte1bb7ac501a020427c0b7970a29c8574fec8tstexc-progsubresgitlabjenstudent1.git', buildPlanId='SHORTE1BB7AC501A020427C0B7970A29C8574FEC8TSTEXC-PROGSUBRESGITLABJENSTUDENT1', initializationState='INITIALIZED', initializationDate='2025-02-14T23:48:58.776788Z', individualDueDate=null', presentationScore=null}
    23:48:58.799 | 463 ool-1-worker-227 | INFO  | d.t.c.a.a.a.w.o.PublicResultResource : The new result for SHORTE1BB7AC501A020427C0B7970A29C8574FEC8TSTEXC-PROGSUBRESGITLABJENSTUDENT1 was saved successfully
    23:48:58.802 | 463 ool-1-worker-227 | DEBUG | d.t.c.a.a.c.s.f.ApiVersionFilter     : Adding Version to Request GET /api/repository/4527/buildlogs
    23:48:58.803 | 463 ool-1-worker-227 | DEBUG | rammingExerciseParticipationResource : REST request to get build log : 4527
    23:48:58.806 | 463 ool-1-worker-227 | DEBUG | d.t.c.a.a.c.s.f.ApiVersionFilter     : Adding Version to Request POST /api/public/programming-exercises/new-result
    23:48:58.807 | 463 ool-1-worker-227 | DEBUG | d.t.c.a.a.a.w.o.PublicResultResource : Received result notify (NEW)
    23:48:58.808 | 463 ool-1-worker-227 | INFO  | d.t.c.a.a.a.w.o.PublicResultResource : Artemis received a new result for build plan SHORTE1BB7AC501A020427C0B7970A29C8574FEC8TSTEXC-PROGSUBRESGITLABJENSTUDENT1
    23:48:58.809 | 463 ool-1-worker-227 | DEBUG | .s.ProgrammingExerciseGradingService : Received new build result (NEW) for participation 4527
    23:48:58.827 | 463 ool-1-worker-227 | DEBUG | .c.s.m.InstanceMessageReceiveService : Received schedule participant score for exercise 3382 and participant 773 (result to be deleted: null)
    23:48:58.827 | 463 ool-1-worker-227 | DEBUG | .a.s.ParticipantScoreScheduleService : Scheduled task for exercise 3382 and participant 773 at 2025-02-14T23:48:58.927465876Z[Etc/UTC].
    23:48:58.828 | 463 ool-1-worker-227 | DEBUG | .a.a.p.s.ProgrammingMessagingService : Send result to client over websocket. Result: Result{id907, completionDate=2025-02-14T23:48:58.778715600Z, successful=false, score=0.0, rated=true, assessmentType=AUTOMATIC, hasComplaint=null, testCaseCount=0, passedTestCaseCount=0, codeIssueCount=0}, Submission: ProgrammingSubmission{commitHash='9b3a9bd71a0d80e5bbc42204c319ed3d1d4f0d6d', buildFailed=true, buildArtifact=false, type=MANUAL}, Participation: ProgrammingExerciseStudentParticipation{id=4527, repositoryUri='https://version-control.fake.fake/git/SHORTE1BB7AC501A020427C0B7970A29C8574FEC8TSTEXC/shorte1bb7ac501a020427c0b7970a29c8574fec8tstexc-progsubresgitlabjenstudent1.git', buildPlanId='SHORTE1BB7AC501A020427C0B7970A29C8574FEC8TSTEXC-PROGSUBRESGITLABJENSTUDENT1', initializationState='INITIALIZED', initializationDate='2025-02-14T23:48:58.776788Z', individualDueDate=null', presentationScore=null}
    23:48:58.830 | 463 ool-1-worker-227 | INFO  | d.t.c.a.a.a.w.o.PublicResultResource : The new result for SHORTE1BB7AC501A020427C0B7970A29C8574FEC8TSTEXC-PROGSUBRESGITLABJENSTUDENT1 was saved successfully

  Starting logs for ProgrammingSubmissionAndResultGitlabJenkinsIntegrationTest > shouldSaveBuildLogsOnStudentParticipationWithoutResult(ProgrammingLanguage, boolean, boolean) [47] programmingLanguage=KOTLIN, enableStaticCodeAnalysis=true, buildFailed=false
    23:48:58.841 | 463 ool-1-worker-227 | DEBUG | d.t.c.a.a.c.u.util.UserUtilService   : Generate 3 students...
    23:48:58.845 | 463 ool-1-worker-227 | DEBUG | d.t.c.a.a.c.u.util.UserUtilService   : 3 students generated. Generate 2 tutors...
    23:48:58.848 | 463 ool-1-worker-227 | DEBUG | d.t.c.a.a.c.u.util.UserUtilService   : 2 tutors generated. Generate 0 editors...
    23:48:58.849 | 463 ool-1-worker-227 | DEBUG | d.t.c.a.a.c.u.util.UserUtilService   : 0 editors generated. Generate 2 instructors...
    23:48:58.852 | 463 ool-1-worker-227 | DEBUG | d.t.c.a.a.c.u.util.UserUtilService   : 2 instructors generated
    23:48:58.853 | 463 ool-1-worker-227 | DEBUG | d.t.c.a.a.c.u.util.UserUtilService   : Removing 7 users from all courses...
    23:48:58.854 | 463 ool-1-worker-227 | DEBUG | d.t.c.a.a.c.u.util.UserUtilService   : Removing 7 users from all courses. Done
    23:48:58.854 | 463 ool-1-worker-227 | DEBUG | d.t.c.a.a.c.u.util.UserUtilService   : Save 7 users to database...
    23:48:58.857 | 463 ool-1-worker-227 | DEBUG | d.t.c.a.a.c.u.util.UserUtilService   : Save 7 users to database. Done
    23:48:58.870 | 463 ool-1-worker-227 | DEBUG | PersonalAccessTokenManagementService : Generate secure vcs access token
    23:48:58.873 | 463 ool-1-worker-227 | DEBUG | PersonalAccessTokenManagementService : Generate secure vcs access token
    23:48:58.875 | 463 ool-1-worker-227 | INFO  | i.z.t.d.l.EmbeddedDatabaseReporter   : JDBC URL to connect to 'dataSource': url='jdbc:h2:tcp://localhost:41063/mem:736625c0-cf5e-400d-aeaa-8a7eabd6262b;USER=sa', scope='ProgrammingSubmissionAndResultGitlabJenkinsIntegrationTest#shouldSaveBuildLogsOnStudentParticipationWithoutResult'
    23:48:58.887 | 463 ool-1-worker-227 | DEBUG | PersonalAccessTokenManagementService : Generate secure vcs access token
    23:48:58.890 | 463 ool-1-worker-227 | DEBUG | d.t.c.a.a.c.s.f.ApiVersionFilter     : Adding Version to Request POST /api/public/programming-exercises/new-result
    23:48:58.890 | 463 ool-1-worker-227 | DEBUG | d.t.c.a.a.a.w.o.PublicResultResource : Received result notify (NEW)
    23:48:58.892 | 463 ool-1-worker-227 | INFO  | d.t.c.a.a.a.w.o.PublicResultResource : Artemis received a new result for build plan SHORT3989D6680CA64046DF0A5650355676869D71TSTEXC-PROGSUBRESGITLABJENSTUDENT1
    23:48:58.893 | 463 ool-1-worker-227 | DEBUG | .s.ProgrammingExerciseGradingService : Received new build result (NEW) for participation 4534
    23:48:58.906 | 463 ool-1-worker-227 | DEBUG | .c.s.m.InstanceMessageReceiveService : Received schedule participant score for exercise 3384 and participant 773 (result to be deleted: null)
    23:48:58.907 | 463 ool-1-worker-227 | DEBUG | .a.s.ParticipantScoreScheduleService : Scheduled task for exercise 3384 and participant 773 at 2025-02-14T23:48:59.007024611Z[Etc/UTC].
    23:48:58.907 | 463 ool-1-worker-227 | DEBUG | .a.a.p.s.ProgrammingMessagingService : Send result to client over websocket. Result: Result{id908, completionDate=2025-02-14T23:48:58.888228700Z, successful=false, score=0.0, rated=true, assessmentType=AUTOMATIC, hasComplaint=null, testCaseCount=0, passedTestCaseCount=0, codeIssueCount=0}, Submission: ProgrammingSubmission{commitHash='9b3a9bd71a0d80e5bbc42204c319ed3d1d4f0d6d', buildFailed=true, buildArtifact=false, type=MANUAL}, Participation: ProgrammingExerciseStudentParticipation{id=4534, repositoryUri='https://version-control.fake.fake/git/SHORT3989D6680CA64046DF0A5650355676869D71TSTEXC/short3989d6680ca64046df0a5650355676869d71tstexc-progsubresgitlabjenstudent1.git', buildPlanId='SHORT3989D6680CA64046DF0A5650355676869D71TSTEXC-PROGSUBRESGITLABJENSTUDENT1', initializationState='INITIALIZED', initializationDate='2025-02-14T23:48:58.886319Z', individualDueDate=null', presentationScore=null}
    23:48:58.910 | 463 ool-1-worker-227 | INFO  | d.t.c.a.a.a.w.o.PublicResultResource : The new result for SHORT3989D6680CA64046DF0A5650355676869D71TSTEXC-PROGSUBRESGITLABJENSTUDENT1 was saved successfully
    23:48:58.913 | 463 ool-1-worker-227 | DEBUG | d.t.c.a.a.c.s.f.ApiVersionFilter     : Adding Version to Request GET /api/repository/4534/buildlogs
    23:48:58.913 | 463 ool-1-worker-227 | DEBUG | rammingExerciseParticipationResource : REST request to get build log : 4534
    23:48:58.917 | 463 ool-1-worker-227 | DEBUG | d.t.c.a.a.c.s.f.ApiVersionFilter     : Adding Version to Request POST /api/public/programming-exercises/new-result
    23:48:58.917 | 463 ool-1-worker-227 | DEBUG | d.t.c.a.a.a.w.o.PublicResultResource : Received result notify (NEW)
    23:48:58.919 | 463 ool-1-worker-227 | INFO  | d.t.c.a.a.a.w.o.PublicResultResource : Artemis received a new result for build plan SHORT3989D6680CA64046DF0A5650355676869D71TSTEXC-PROGSUBRESGITLABJENSTUDENT1
    23:48:58.920 | 463 ool-1-worker-227 | DEBUG | .s.ProgrammingExerciseGradingService : Received new build result (NEW) for participation 4534
    23:48:58.939 | 463 ool-1-worker-227 | DEBUG | .c.s.m.InstanceMessageReceiveService : Received schedule participant score for exercise 3384 and participant 773 (result to be deleted: null)
    23:48:58.939 | 463 ool-1-worker-227 | DEBUG | .a.s.ParticipantScoreScheduleService : Scheduled task for exercise 3384 and participant 773 at 2025-02-14T23:48:59.039059206Z[Etc/UTC].
    23:48:58.940 | 463 ool-1-worker-227 | DEBUG | .a.a.p.s.ProgrammingMessagingService : Send result to client over websocket. Result: Result{id909, completionDate=2025-02-14T23:48:58.888228700Z, successful=false, score=0.0, rated=true, assessmentType=AUTOMATIC, hasComplaint=null, testCaseCount=0, passedTestCaseCount=0, codeIssueCount=0}, Submission: ProgrammingSubmission{commitHash='9b3a9bd71a0d80e5bbc42204c319ed3d1d4f0d6d', buildFailed=true, buildArtifact=false, type=MANUAL}, Participation: ProgrammingExerciseStudentParticipation{id=4534, repositoryUri='https://version-control.fake.fake/git/SHORT3989D6680CA64046DF0A5650355676869D71TSTEXC/short3989d6680ca64046df0a5650355676869d71tstexc-progsubresgitlabjenstudent1.git', buildPlanId='SHORT3989D6680CA64046DF0A5650355676869D71TSTEXC-PROGSUBRESGITLABJENSTUDENT1', initializationState='INITIALIZED', initializationDate='2025-02-14T23:48:58.886319Z', individualDueDate=null', presentationScore=null}
    23:48:58.942 | 463 ool-1-worker-227 | INFO  | d.t.c.a.a.a.w.o.PublicResultResource : The new result for SHORT3989D6680CA64046DF0A5650355676869D71TSTEXC-PROGSUBRESGITLABJENSTUDENT1 was saved successfully

  Starting logs for ProgrammingSubmissionAndResultGitlabJenkinsIntegrationTest > shouldSaveBuildLogsOnStudentParticipationWithoutResult(ProgrammingLanguage, boolean, boolean) [48] programmingLanguage=KOTLIN, enableStaticCodeAnalysis=false, buildFailed=false
    23:48:58.953 | 463 ool-1-worker-227 | DEBUG | d.t.c.a.a.c.u.util.UserUtilService   : Generate 3 students...
    23:48:58.957 | 463 ool-1-worker-227 | DEBUG | d.t.c.a.a.c.u.util.UserUtilService   : 3 students generated. Generate 2 tutors...
    23:48:58.960 | 463 ool-1-worker-227 | DEBUG | d.t.c.a.a.c.u.util.UserUtilService   : 2 tutors generated. Generate 0 editors...
    23:48:58.961 | 463 ool-1-worker-227 | DEBUG | d.t.c.a.a.c.u.util.UserUtilService   : 0 editors generated. Generate 2 instructors...
    23:48:58.964 | 463 ool-1-worker-227 | DEBUG | d.t.c.a.a.c.u.util.UserUtilService   : 2 instructors generated
    23:48:58.965 | 463 ool-1-worker-227 | DEBUG | d.t.c.a.a.c.u.util.UserUtilService   : Removing 7 users from all courses...
    23:48:58.966 | 463 ool-1-worker-227 | DEBUG | d.t.c.a.a.c.u.util.UserUtilService   : Removing 7 users from all courses. Done
    23:48:58.966 | 463 ool-1-worker-227 | DEBUG | d.t.c.a.a.c.u.util.UserUtilService   : Save 7 users to database...
    23:48:58.969 | 463 ool-1-worker-227 | DEBUG | d.t.c.a.a.c.u.util.UserUtilService   : Save 7 users to database. Done
    23:48:58.983 | 463 ool-1-worker-227 | DEBUG | PersonalAccessTokenManagementService : Generate secure vcs access token
    23:48:58.986 | 463 ool-1-worker-227 | DEBUG | PersonalAccessTokenManagementService : Generate secure vcs access token
    23:48:58.987 | 463 ool-1-worker-227 | INFO  | i.z.t.d.l.EmbeddedDatabaseReporter   : JDBC URL to connect to 'dataSource': url='jdbc:h2:tcp://localhost:41063/mem:736625c0-cf5e-400d-aeaa-8a7eabd6262b;USER=sa', scope='ProgrammingSubmissionAndResultGitlabJenkinsIntegrationTest#shouldSaveBuildLogsOnStudentParticipationWithoutResult'
    23:48:58.999 | 463 ool-1-worker-227 | DEBUG | PersonalAccessTokenManagementService : Generate secure vcs access token
    23:48:59.002 | 463 ool-1-worker-227 | DEBUG | d.t.c.a.a.c.s.f.ApiVersionFilter     : Adding Version to Request POST /api/public/programming-exercises/new-result
    23:48:59.002 | 463 ool-1-worker-227 | DEBUG | d.t.c.a.a.a.w.o.PublicResultResource : Received result notify (NEW)
    23:48:59.004 | 463 ool-1-worker-227 | INFO  | d.t.c.a.a.a.w.o.PublicResultResource : Artemis received a new result for build plan SHORTC347680404F5A043D00BF230D6EC5060C038TSTEXC-PROGSUBRESGITLABJENSTUDENT1
    23:48:59.005 | 463 ool-1-worker-227 | DEBUG | .s.ProgrammingExerciseGradingService : Received new build result (NEW) for participation 4541
    23:48:59.018 | 463 ool-1-worker-227 | DEBUG | .c.s.m.InstanceMessageReceiveService : Received schedule participant score for exercise 3386 and participant 773 (result to be deleted: null)
    23:48:59.018 | 463 ool-1-worker-227 | DEBUG | .a.s.ParticipantScoreScheduleService : Scheduled task for exercise 3386 and participant 773 at 2025-02-14T23:48:59.118967413Z[Etc/UTC].
    23:48:59.019 | 463 ool-1-worker-227 | DEBUG | .a.a.p.s.ProgrammingMessagingService : Send result to client over websocket. Result: Result{id910, completionDate=2025-02-14T23:48:59.000538800Z, successful=false, score=0.0, rated=true, assessmentType=AUTOMATIC, hasComplaint=null, testCaseCount=0, passedTestCaseCount=0, codeIssueCount=0}, Submission: ProgrammingSubmission{commitHash='9b3a9bd71a0d80e5bbc42204c319ed3d1d4f0d6d', buildFailed=true, buildArtifact=false, type=MANUAL}, Participation: ProgrammingExerciseStudentParticipation{id=4541, repositoryUri='https://version-control.fake.fake/git/SHORTC347680404F5A043D00BF230D6EC5060C038TSTEXC/shortc347680404f5a043d00bf230d6ec5060c038tstexc-progsubresgitlabjenstudent1.git', buildPlanId='SHORTC347680404F5A043D00BF230D6EC5060C038TSTEXC-PROGSUBRESGITLABJENSTUDENT1', initializationState='INITIALIZED', initializationDate='2025-02-14T23:48:58.998548Z', individualDueDate=null', presentationScore=null}
    23:48:59.021 | 463 ool-1-worker-227 | INFO  | d.t.c.a.a.a.w.o.PublicResultResource : The new result for SHORTC347680404F5A043D00BF230D6EC5060C038TSTEXC-PROGSUBRESGITLABJENSTUDENT1 was saved successfully
    23:48:59.024 | 463 ool-1-worker-227 | DEBUG | d.t.c.a.a.c.s.f.ApiVersionFilter     : Adding Version to Request GET /api/repository/4541/buildlogs
    23:48:59.025 | 463 ool-1-worker-227 | DEBUG | rammingExerciseParticipationResource : REST request to get build log : 4541
    23:48:59.029 | 463 ool-1-worker-227 | DEBUG | d.t.c.a.a.c.s.f.ApiVersionFilter     : Adding Version to Request POST /api/public/programming-exercises/new-result
    23:48:59.029 | 463 ool-1-worker-227 | DEBUG | d.t.c.a.a.a.w.o.PublicResultResource : Received result notify (NEW)
    23:48:59.030 | 463 ool-1-worker-227 | INFO  | d.t.c.a.a.a.w.o.PublicResultResource : Artemis received a new result for build plan SHORTC347680404F5A043D00BF230D6EC5060C038TSTEXC-PROGSUBRESGITLABJENSTUDENT1
    23:48:59.031 | 463 ool-1-worker-227 | DEBUG | .s.ProgrammingExerciseGradingService : Received new build result (NEW) for participation 4541
    23:48:59.050 | 463 ool-1-worker-227 | DEBUG | .c.s.m.InstanceMessageReceiveService : Received schedule participant score for exercise 3386 and participant 773 (result to be deleted: null)
    23:48:59.050 | 463 ool-1-worker-227 | DEBUG | .a.s.ParticipantScoreScheduleService : Scheduled task for exercise 3386 and participant 773 at 2025-02-14T23:48:59.150247419Z[Etc/UTC].
    23:48:59.051 | 463 ool-1-worker-227 | DEBUG | .a.a.p.s.ProgrammingMessagingService : Send result to client over websocket. Result: Result{id911, completionDate=2025-02-14T23:48:59.000538800Z, successful=false, score=0.0, rated=true, assessmentType=AUTOMATIC, hasComplaint=null, testCaseCount=0, passedTestCaseCount=0, codeIssueCount=0}, Submission: ProgrammingSubmission{commitHash='9b3a9bd71a0d80e5bbc42204c319ed3d1d4f0d6d', buildFailed=true, buildArtifact=false, type=MANUAL}, Participation: ProgrammingExerciseStudentParticipation{id=4541, repositoryUri='https://version-control.fake.fake/git/SHORTC347680404F5A043D00BF230D6EC5060C038TSTEXC/shortc347680404f5a043d00bf230d6ec5060c038tstexc-progsubresgitlabjenstudent1.git', buildPlanId='SHORTC347680404F5A043D00BF230D6EC5060C038TSTEXC-PROGSUBRESGITLABJENSTUDENT1', initializationState='INITIALIZED', initializationDate='2025-02-14T23:48:58.998548Z', individualDueDate=null', presentationScore=null}
    23:48:59.053 | 463 ool-1-worker-227 | INFO  | d.t.c.a.a.a.w.o.PublicResultResource : The new result for SHORTC347680404F5A043D00BF230D6EC5060C038TSTEXC-PROGSUBRESGITLABJENSTUDENT1 was saved successfully

  Starting logs for ProgrammingSubmissionAndResultGitlabJenkinsIntegrationTest > shouldSaveBuildLogsOnStudentParticipationWithoutResult(ProgrammingLanguage, boolean, boolean) [49] programmingLanguage=ASSEMBLER, enableStaticCodeAnalysis=true, buildFailed=true
    23:48:59.064 | 463 ool-1-worker-227 | DEBUG | d.t.c.a.a.c.u.util.UserUtilService   : Generate 3 students...
    23:48:59.068 | 463 ool-1-worker-227 | DEBUG | d.t.c.a.a.c.u.util.UserUtilService   : 3 students generated. Generate 2 tutors...
    23:48:59.071 | 463 ool-1-worker-227 | DEBUG | d.t.c.a.a.c.u.util.UserUtilService   : 2 tutors generated. Generate 0 editors...
    23:48:59.073 | 463 ool-1-worker-227 | DEBUG | d.t.c.a.a.c.u.util.UserUtilService   : 0 editors generated. Generate 2 instructors...
    23:48:59.076 | 463 ool-1-worker-227 | DEBUG | d.t.c.a.a.c.u.util.UserUtilService   : 2 instructors generated
    23:48:59.077 | 463 ool-1-worker-227 | DEBUG | d.t.c.a.a.c.u.util.UserUtilService   : Removing 7 users from all courses...
    23:48:59.078 | 463 ool-1-worker-227 | DEBUG | d.t.c.a.a.c.u.util.UserUtilService   : Removing 7 users from all courses. Done
    23:48:59.078 | 463 ool-1-worker-227 | DEBUG | d.t.c.a.a.c.u.util.UserUtilService   : Save 7 users to database...
    23:48:59.081 | 463 ool-1-worker-227 | DEBUG | d.t.c.a.a.c.u.util.UserUtilService   : Save 7 users to database. Done
    23:48:59.095 | 463 ool-1-worker-227 | DEBUG | PersonalAccessTokenManagementService : Generate secure vcs access token
    23:48:59.098 | 463 ool-1-worker-227 | DEBUG | PersonalAccessTokenManagementService : Generate secure vcs access token
    23:48:59.100 | 463 ool-1-worker-227 | INFO  | i.z.t.d.l.EmbeddedDatabaseReporter   : JDBC URL to connect to 'dataSource': url='jdbc:h2:tcp://localhost:41063/mem:736625c0-cf5e-400d-aeaa-8a7eabd6262b;USER=sa', scope='ProgrammingSubmissionAndResultGitlabJenkinsIntegrationTest#shouldSaveBuildLogsOnStudentParticipationWithoutResult'
    23:48:59.111 | 463 ool-1-worker-227 | DEBUG | PersonalAccessTokenManagementService : Generate secure vcs access token
    23:48:59.115 | 463 ool-1-worker-227 | DEBUG | d.t.c.a.a.c.s.f.ApiVersionFilter     : Adding Version to Request POST /api/public/programming-exercises/new-result
    23:48:59.115 | 463 ool-1-worker-227 | DEBUG | d.t.c.a.a.a.w.o.PublicResultResource : Received result notify (NEW)
    23:48:59.116 | 463 ool-1-worker-227 | INFO  | d.t.c.a.a.a.w.o.PublicResultResource : Artemis received a new result for build plan SHORT2084AF4C0A4300490809FA30E3C74C5A807CTSTEXC-PROGSUBRESGITLABJENSTUDENT1
    23:48:59.118 | 463 ool-1-worker-227 | DEBUG | .s.ProgrammingExerciseGradingService : Received new build result (NEW) for participation 4548
    23:48:59.136 | 463 ool-1-worker-227 | DEBUG | .c.s.m.InstanceMessageReceiveService : Received schedule participant score for exercise 3388 and participant 773 (result to be deleted: null)
    23:48:59.136 | 463 ool-1-worker-227 | DEBUG | .a.s.ParticipantScoreScheduleService : Scheduled task for exercise 3388 and participant 773 at 2025-02-14T23:48:59.236353129Z[Etc/UTC].
    23:48:59.137 | 463 ool-1-worker-227 | DEBUG | .a.a.p.s.ProgrammingMessagingService : Send result to client over websocket. Result: Result{id912, completionDate=2025-02-14T23:48:59.113012600Z, successful=false, score=0.0, rated=true, assessmentType=AUTOMATIC, hasComplaint=null, testCaseCount=0, passedTestCaseCount=0, codeIssueCount=0}, Submission: ProgrammingSubmission{commitHash='9b3a9bd71a0d80e5bbc42204c319ed3d1d4f0d6d', buildFailed=true, buildArtifact=false, type=MANUAL}, Participation: ProgrammingExerciseStudentParticipation{id=4548, repositoryUri='https://version-control.fake.fake/git/SHORT2084AF4C0A4300490809FA30E3C74C5A807CTSTEXC/short2084af4c0a4300490809fa30e3c74c5a807ctstexc-progsubresgitlabjenstudent1.git', buildPlanId='SHORT2084AF4C0A4300490809FA30E3C74C5A807CTSTEXC-PROGSUBRESGITLABJENSTUDENT1', initializationState='INITIALIZED', initializationDate='2025-02-14T23:48:59.110992Z', individualDueDate=null', presentationScore=null}
    23:48:59.139 | 463 ool-1-worker-227 | INFO  | d.t.c.a.a.a.w.o.PublicResultResource : The new result for SHORT2084AF4C0A4300490809FA30E3C74C5A807CTSTEXC-PROGSUBRESGITLABJENSTUDENT1 was saved successfully
    23:48:59.142 | 463 ool-1-worker-227 | DEBUG | d.t.c.a.a.c.s.f.ApiVersionFilter     : Adding Version to Request GET /api/repository/4548/buildlogs
    23:48:59.143 | 463 ool-1-worker-227 | DEBUG | rammingExerciseParticipationResource : REST request to get build log : 4548
    23:48:59.147 | 463 ool-1-worker-227 | DEBUG | d.t.c.a.a.c.s.f.ApiVersionFilter     : Adding Version to Request POST /api/public/programming-exercises/new-result
    23:48:59.147 | 463 ool-1-worker-227 | DEBUG | d.t.c.a.a.a.w.o.PublicResultResource : Received result notify (NEW)
    23:48:59.149 | 463 ool-1-worker-227 | INFO  | d.t.c.a.a.a.w.o.PublicResultResource : Artemis received a new result for build plan SHORT2084AF4C0A4300490809FA30E3C74C5A807CTSTEXC-PROGSUBRESGITLABJENSTUDENT1
    23:48:59.150 | 463 ool-1-worker-227 | DEBUG | .s.ProgrammingExerciseGradingService : Received new build result (NEW) for participation 4548
    23:48:59.169 | 463 ool-1-worker-227 | DEBUG | .c.s.m.InstanceMessageReceiveService : Received schedule participant score for exercise 3388 and participant 773 (result to be deleted: null)
    23:48:59.169 | 463 ool-1-worker-227 | DEBUG | .a.s.ParticipantScoreScheduleService : Scheduled task for exercise 3388 and participant 773 at 2025-02-14T23:48:59.269431048Z[Etc/UTC].
    23:48:59.170 | 463 ool-1-worker-227 | DEBUG | .a.a.p.s.ProgrammingMessagingService : Send result to client over websocket. Result: Result{id913, completionDate=2025-02-14T23:48:59.113012600Z, successful=false, score=0.0, rated=true, assessmentType=AUTOMATIC, hasComplaint=null, testCaseCount=0, passedTestCaseCount=0, codeIssueCount=0}, Submission: ProgrammingSubmission{commitHash='9b3a9bd71a0d80e5bbc42204c319ed3d1d4f0d6d', buildFailed=true, buildArtifact=false, type=MANUAL}, Participation: ProgrammingExerciseStudentParticipation{id=4548, repositoryUri='https://version-control.fake.fake/git/SHORT2084AF4C0A4300490809FA30E3C74C5A807CTSTEXC/short2084af4c0a4300490809fa30e3c74c5a807ctstexc-progsubresgitlabjenstudent1.git', buildPlanId='SHORT2084AF4C0A4300490809FA30E3C74C5A807CTSTEXC-PROGSUBRESGITLABJENSTUDENT1', initializationState='INITIALIZED', initializationDate='2025-02-14T23:48:59.110992Z', individualDueDate=null', presentationScore=null}
    23:48:59.172 | 463 ool-1-worker-227 | INFO  | d.t.c.a.a.a.w.o.PublicResultResource : The new result for SHORT2084AF4C0A4300490809FA30E3C74C5A807CTSTEXC-PROGSUBRESGITLABJENSTUDENT1 was saved successfully

  Starting logs for ProgrammingSubmissionAndResultGitlabJenkinsIntegrationTest > shouldSaveBuildLogsOnStudentParticipationWithoutResult(ProgrammingLanguage, boolean, boolean) [50] programmingLanguage=ASSEMBLER, enableStaticCodeAnalysis=false, buildFailed=true
    23:48:59.183 | 463 ool-1-worker-227 | DEBUG | d.t.c.a.a.c.u.util.UserUtilService   : Generate 3 students...
    23:48:59.187 | 463 ool-1-worker-227 | DEBUG | d.t.c.a.a.c.u.util.UserUtilService   : 3 students generated. Generate 2 tutors...
    23:48:59.190 | 463 ool-1-worker-227 | DEBUG | d.t.c.a.a.c.u.util.UserUtilService   : 2 tutors generated. Generate 0 editors...
    23:48:59.191 | 463 ool-1-worker-227 | DEBUG | d.t.c.a.a.c.u.util.UserUtilService   : 0 editors generated. Generate 2 instructors...
    23:48:59.194 | 463 ool-1-worker-227 | DEBUG | d.t.c.a.a.c.u.util.UserUtilService   : 2 instructors generated
    23:48:59.195 | 463 ool-1-worker-227 | DEBUG | d.t.c.a.a.c.u.util.UserUtilService   : Removing 7 users from all courses...
    23:48:59.196 | 463 ool-1-worker-227 | DEBUG | d.t.c.a.a.c.u.util.UserUtilService   : Removing 7 users from all courses. Done
    23:48:59.196 | 463 ool-1-worker-227 | DEBUG | d.t.c.a.a.c.u.util.UserUtilService   : Save 7 users to database...
    23:48:59.199 | 463 ool-1-worker-227 | DEBUG | d.t.c.a.a.c.u.util.UserUtilService   : Save 7 users to database. Done
    23:48:59.213 | 463 ool-1-worker-227 | DEBUG | PersonalAccessTokenManagementService : Generate secure vcs access token
    23:48:59.216 | 463 ool-1-worker-227 | DEBUG | PersonalAccessTokenManagementService : Generate secure vcs access token
    23:48:59.217 | 463 ool-1-worker-227 | INFO  | i.z.t.d.l.EmbeddedDatabaseReporter   : JDBC URL to connect to 'dataSource': url='jdbc:h2:tcp://localhost:41063/mem:736625c0-cf5e-400d-aeaa-8a7eabd6262b;USER=sa', scope='ProgrammingSubmissionAndResultGitlabJenkinsIntegrationTest#shouldSaveBuildLogsOnStudentParticipationWithoutResult'
    23:48:59.229 | 463 ool-1-worker-227 | DEBUG | PersonalAccessTokenManagementService : Generate secure vcs access token
    23:48:59.232 | 463 ool-1-worker-227 | DEBUG | d.t.c.a.a.c.s.f.ApiVersionFilter     : Adding Version to Request POST /api/public/programming-exercises/new-result
    23:48:59.233 | 463 ool-1-worker-227 | DEBUG | d.t.c.a.a.a.w.o.PublicResultResource : Received result notify (NEW)
    23:48:59.234 | 463 ool-1-worker-227 | INFO  | d.t.c.a.a.a.w.o.PublicResultResource : Artemis received a new result for build plan SHORTE0733ED50117E046FC0B28F039099B3D8F9ATSTEXC-PROGSUBRESGITLABJENSTUDENT1
    23:48:59.235 | 463 ool-1-worker-227 | DEBUG | .s.ProgrammingExerciseGradingService : Received new build result (NEW) for participation 4555
    23:48:59.248 | 463 ool-1-worker-227 | DEBUG | .c.s.m.InstanceMessageReceiveService : Received schedule participant score for exercise 3390 and participant 773 (result to be deleted: null)
    23:48:59.248 | 463 ool-1-worker-227 | DEBUG | .a.s.ParticipantScoreScheduleService : Scheduled task for exercise 3390 and participant 773 at 2025-02-14T23:48:59.348903633Z[Etc/UTC].
    23:48:59.249 | 463 ool-1-worker-227 | DEBUG | .a.a.p.s.ProgrammingMessagingService : Send result to client over websocket. Result: Result{id914, completionDate=2025-02-14T23:48:59.230489500Z, successful=false, score=0.0, rated=true, assessmentType=AUTOMATIC, hasComplaint=null, testCaseCount=0, passedTestCaseCount=0, codeIssueCount=0}, Submission: ProgrammingSubmission{commitHash='9b3a9bd71a0d80e5bbc42204c319ed3d1d4f0d6d', buildFailed=true, buildArtifact=false, type=MANUAL}, Participation: ProgrammingExerciseStudentParticipation{id=4555, repositoryUri='https://version-control.fake.fake/git/SHORTE0733ED50117E046FC0B28F039099B3D8F9ATSTEXC/shorte0733ed50117e046fc0b28f039099b3d8f9atstexc-progsubresgitlabjenstudent1.git', buildPlanId='SHORTE0733ED50117E046FC0B28F039099B3D8F9ATSTEXC-PROGSUBRESGITLABJENSTUDENT1', initializationState='INITIALIZED', initializationDate='2025-02-14T23:48:59.228554Z', individualDueDate=null', presentationScore=null}
    23:48:59.251 | 463 ool-1-worker-227 | INFO  | d.t.c.a.a.a.w.o.PublicResultResource : The new result for SHORTE0733ED50117E046FC0B28F039099B3D8F9ATSTEXC-PROGSUBRESGITLABJENSTUDENT1 was saved successfully
    23:48:59.254 | 463 ool-1-worker-227 | DEBUG | d.t.c.a.a.c.s.f.ApiVersionFilter     : Adding Version to Request GET /api/repository/4555/buildlogs
    23:48:59.255 | 463 ool-1-worker-227 | DEBUG | rammingExerciseParticipationResource : REST request to get build log : 4555
    23:48:59.259 | 463 ool-1-worker-227 | DEBUG | d.t.c.a.a.c.s.f.ApiVersionFilter     : Adding Version to Request POST /api/public/programming-exercises/new-result
    23:48:59.259 | 463 ool-1-worker-227 | DEBUG | d.t.c.a.a.a.w.o.PublicResultResource : Received result notify (NEW)
    23:48:59.260 | 463 ool-1-worker-227 | INFO  | d.t.c.a.a.a.w.o.PublicResultResource : Artemis received a new result for build plan SHORTE0733ED50117E046FC0B28F039099B3D8F9ATSTEXC-PROGSUBRESGITLABJENSTUDENT1
    23:48:59.262 | 463 ool-1-worker-227 | DEBUG | .s.ProgrammingExerciseGradingService : Received new build result (NEW) for participation 4555
    23:48:59.281 | 463 ool-1-worker-227 | DEBUG | .c.s.m.InstanceMessageReceiveService : Received schedule participant score for exercise 3390 and participant 773 (result to be deleted: null)
    23:48:59.281 | 463 ool-1-worker-227 | DEBUG | .a.s.ParticipantScoreScheduleService : Scheduled task for exercise 3390 and participant 773 at 2025-02-14T23:48:59.381703975Z[Etc/UTC].
    23:48:59.282 | 463 ool-1-worker-227 | DEBUG | .a.a.p.s.ProgrammingMessagingService : Send result to client over websocket. Result: Result{id915, completionDate=2025-02-14T23:48:59.230489500Z, successful=false, score=0.0, rated=true, assessmentType=AUTOMATIC, hasComplaint=null, testCaseCount=0, passedTestCaseCount=0, codeIssueCount=0}, Submission: ProgrammingSubmission{commitHash='9b3a9bd71a0d80e5bbc42204c319ed3d1d4f0d6d', buildFailed=true, buildArtifact=false, type=MANUAL}, Participation: ProgrammingExerciseStudentParticipation{id=4555, repositoryUri='https://version-control.fake.fake/git/SHORTE0733ED50117E046FC0B28F039099B3D8F9ATSTEXC/shorte0733ed50117e046fc0b28f039099b3d8f9atstexc-progsubresgitlabjenstudent1.git', buildPlanId='SHORTE0733ED50117E046FC0B28F039099B3D8F9ATSTEXC-PROGSUBRESGITLABJENSTUDENT1', initializationState='INITIALIZED', initializationDate='2025-02-14T23:48:59.228554Z', individualDueDate=null', presentationScore=null}
    23:48:59.284 | 463 ool-1-worker-227 | INFO  | d.t.c.a.a.a.w.o.PublicResultResource : The new result for SHORTE0733ED50117E046FC0B28F039099B3D8F9ATSTEXC-PROGSUBRESGITLABJENSTUDENT1 was saved successfully

  Starting logs for ProgrammingSubmissionAndResultGitlabJenkinsIntegrationTest > shouldSaveBuildLogsOnStudentParticipationWithoutResult(ProgrammingLanguage, boolean, boolean) [51] programmingLanguage=ASSEMBLER, enableStaticCodeAnalysis=true, buildFailed=false
    23:48:59.295 | 463 ool-1-worker-227 | DEBUG | d.t.c.a.a.c.u.util.UserUtilService   : Generate 3 students...
    23:48:59.299 | 463 ool-1-worker-227 | DEBUG | d.t.c.a.a.c.u.util.UserUtilService   : 3 students generated. Generate 2 tutors...
    23:48:59.302 | 463 ool-1-worker-227 | DEBUG | d.t.c.a.a.c.u.util.UserUtilService   : 2 tutors generated. Generate 0 editors...
    23:48:59.303 | 463 ool-1-worker-227 | DEBUG | d.t.c.a.a.c.u.util.UserUtilService   : 0 editors generated. Generate 2 instructors...
    23:48:59.306 | 463 ool-1-worker-227 | DEBUG | d.t.c.a.a.c.u.util.UserUtilService   : 2 instructors generated
    23:48:59.307 | 463 ool-1-worker-227 | DEBUG | d.t.c.a.a.c.u.util.UserUtilService   : Removing 7 users from all courses...
    23:48:59.308 | 463 ool-1-worker-227 | DEBUG | d.t.c.a.a.c.u.util.UserUtilService   : Removing 7 users from all courses. Done
    23:48:59.308 | 463 ool-1-worker-227 | DEBUG | d.t.c.a.a.c.u.util.UserUtilService   : Save 7 users to database...
    23:48:59.311 | 463 ool-1-worker-227 | DEBUG | d.t.c.a.a.c.u.util.UserUtilService   : Save 7 users to database. Done
    23:48:59.325 | 463 ool-1-worker-227 | DEBUG | PersonalAccessTokenManagementService : Generate secure vcs access token
    23:48:59.327 | 463 ool-1-worker-227 | DEBUG | PersonalAccessTokenManagementService : Generate secure vcs access token
    23:48:59.329 | 463 ool-1-worker-227 | INFO  | i.z.t.d.l.EmbeddedDatabaseReporter   : JDBC URL to connect to 'dataSource': url='jdbc:h2:tcp://localhost:41063/mem:736625c0-cf5e-400d-aeaa-8a7eabd6262b;USER=sa', scope='ProgrammingSubmissionAndResultGitlabJenkinsIntegrationTest#shouldSaveBuildLogsOnStudentParticipationWithoutResult'
    23:48:59.341 | 463 ool-1-worker-227 | DEBUG | PersonalAccessTokenManagementService : Generate secure vcs access token
    23:48:59.344 | 463 ool-1-worker-227 | DEBUG | d.t.c.a.a.c.s.f.ApiVersionFilter     : Adding Version to Request POST /api/public/programming-exercises/new-result
    23:48:59.344 | 463 ool-1-worker-227 | DEBUG | d.t.c.a.a.a.w.o.PublicResultResource : Received result notify (NEW)
    23:48:59.346 | 463 ool-1-worker-227 | INFO  | d.t.c.a.a.a.w.o.PublicResultResource : Artemis received a new result for build plan SHORTEC0AC6E80C3F904B6A090A00898FB11F1FE8TSTEXC-PROGSUBRESGITLABJENSTUDENT1
    23:48:59.347 | 463 ool-1-worker-227 | DEBUG | .s.ProgrammingExerciseGradingService : Received new build result (NEW) for participation 4562
    23:48:59.360 | 463 ool-1-worker-227 | DEBUG | .c.s.m.InstanceMessageReceiveService : Received schedule participant score for exercise 3392 and participant 773 (result to be deleted: null)
    23:48:59.360 | 463 ool-1-worker-227 | DEBUG | .a.s.ParticipantScoreScheduleService : Scheduled task for exercise 3392 and participant 773 at 2025-02-14T23:48:59.460728725Z[Etc/UTC].
    23:48:59.361 | 463 ool-1-worker-227 | DEBUG | .a.a.p.s.ProgrammingMessagingService : Send result to client over websocket. Result: Result{id916, completionDate=2025-02-14T23:48:59.342358800Z, successful=false, score=0.0, rated=true, assessmentType=AUTOMATIC, hasComplaint=null, testCaseCount=0, passedTestCaseCount=0, codeIssueCount=0}, Submission: ProgrammingSubmission{commitHash='9b3a9bd71a0d80e5bbc42204c319ed3d1d4f0d6d', buildFailed=true, buildArtifact=false, type=MANUAL}, Participation: ProgrammingExerciseStudentParticipation{id=4562, repositoryUri='https://version-control.fake.fake/git/SHORTEC0AC6E80C3F904B6A090A00898FB11F1FE8TSTEXC/shortec0ac6e80c3f904b6a090a00898fb11f1fe8tstexc-progsubresgitlabjenstudent1.git', buildPlanId='SHORTEC0AC6E80C3F904B6A090A00898FB11F1FE8TSTEXC-PROGSUBRESGITLABJENSTUDENT1', initializationState='INITIALIZED', initializationDate='2025-02-14T23:48:59.340378Z', individualDueDate=null', presentationScore=null}
    23:48:59.363 | 463 ool-1-worker-227 | INFO  | d.t.c.a.a.a.w.o.PublicResultResource : The new result for SHORTEC0AC6E80C3F904B6A090A00898FB11F1FE8TSTEXC-PROGSUBRESGITLABJENSTUDENT1 was saved successfully
    23:48:59.366 | 463 ool-1-worker-227 | DEBUG | d.t.c.a.a.c.s.f.ApiVersionFilter     : Adding Version to Request GET /api/repository/4562/buildlogs
    23:48:59.366 | 463 ool-1-worker-227 | DEBUG | rammingExerciseParticipationResource : REST request to get build log : 4562
    23:48:59.370 | 463 ool-1-worker-227 | DEBUG | d.t.c.a.a.c.s.f.ApiVersionFilter     : Adding Version to Request POST /api/public/programming-exercises/new-result
    23:48:59.371 | 463 ool-1-worker-227 | DEBUG | d.t.c.a.a.a.w.o.PublicResultResource : Received result notify (NEW)
    23:48:59.372 | 463 ool-1-worker-227 | INFO  | d.t.c.a.a.a.w.o.PublicResultResource : Artemis received a new result for build plan SHORTEC0AC6E80C3F904B6A090A00898FB11F1FE8TSTEXC-PROGSUBRESGITLABJENSTUDENT1
    23:48:59.373 | 463 ool-1-worker-227 | DEBUG | .s.ProgrammingExerciseGradingService : Received new build result (NEW) for participation 4562
    23:48:59.391 | 463 ool-1-worker-227 | DEBUG | .c.s.m.InstanceMessageReceiveService : Received schedule participant score for exercise 3392 and participant 773 (result to be deleted: null)
    23:48:59.391 | 463 ool-1-worker-227 | DEBUG | .a.s.ParticipantScoreScheduleService : Scheduled task for exercise 3392 and participant 773 at 2025-02-14T23:48:59.491817595Z[Etc/UTC].
    23:48:59.392 | 463 ool-1-worker-227 | DEBUG | .a.a.p.s.ProgrammingMessagingService : Send result to client over websocket. Result: Result{id917, completionDate=2025-02-14T23:48:59.342358800Z, successful=false, score=0.0, rated=true, assessmentType=AUTOMATIC, hasComplaint=null, testCaseCount=0, passedTestCaseCount=0, codeIssueCount=0}, Submission: ProgrammingSubmission{commitHash='9b3a9bd71a0d80e5bbc42204c319ed3d1d4f0d6d', buildFailed=true, buildArtifact=false, type=MANUAL}, Participation: ProgrammingExerciseStudentParticipation{id=4562, repositoryUri='https://version-control.fake.fake/git/SHORTEC0AC6E80C3F904B6A090A00898FB11F1FE8TSTEXC/shortec0ac6e80c3f904b6a090a00898fb11f1fe8tstexc-progsubresgitlabjenstudent1.git', buildPlanId='SHORTEC0AC6E80C3F904B6A090A00898FB11F1FE8TSTEXC-PROGSUBRESGITLABJENSTUDENT1', initializationState='INITIALIZED', initializationDate='2025-02-14T23:48:59.340378Z', individualDueDate=null', presentationScore=null}
    23:48:59.394 | 463 ool-1-worker-227 | INFO  | d.t.c.a.a.a.w.o.PublicResultResource : The new result for SHORTEC0AC6E80C3F904B6A090A00898FB11F1FE8TSTEXC-PROGSUBRESGITLABJENSTUDENT1 was saved successfully

  Starting logs for ProgrammingSubmissionAndResultGitlabJenkinsIntegrationTest > shouldSaveBuildLogsOnStudentParticipationWithoutResult(ProgrammingLanguage, boolean, boolean) [52] programmingLanguage=ASSEMBLER, enableStaticCodeAnalysis=false, buildFailed=false
    23:48:59.405 | 463 ool-1-worker-227 | DEBUG | d.t.c.a.a.c.u.util.UserUtilService   : Generate 3 students...
    23:48:59.409 | 463 ool-1-worker-227 | DEBUG | d.t.c.a.a.c.u.util.UserUtilService   : 3 students generated. Generate 2 tutors...
    23:48:59.412 | 463 ool-1-worker-227 | DEBUG | d.t.c.a.a.c.u.util.UserUtilService   : 2 tutors generated. Generate 0 editors...
    23:48:59.413 | 463 ool-1-worker-227 | DEBUG | d.t.c.a.a.c.u.util.UserUtilService   : 0 editors generated. Generate 2 instructors...
    23:48:59.416 | 463 ool-1-worker-227 | DEBUG | d.t.c.a.a.c.u.util.UserUtilService   : 2 instructors generated
    23:48:59.417 | 463 ool-1-worker-227 | DEBUG | d.t.c.a.a.c.u.util.UserUtilService   : Removing 7 users from all courses...
    23:48:59.418 | 463 ool-1-worker-227 | DEBUG | d.t.c.a.a.c.u.util.UserUtilService   : Removing 7 users from all courses. Done
    23:48:59.418 | 463 ool-1-worker-227 | DEBUG | d.t.c.a.a.c.u.util.UserUtilService   : Save 7 users to database...
    23:48:59.421 | 463 ool-1-worker-227 | DEBUG | d.t.c.a.a.c.u.util.UserUtilService   : Save 7 users to database. Done
    23:48:59.434 | 463 ool-1-worker-227 | DEBUG | PersonalAccessTokenManagementService : Generate secure vcs access token
    23:48:59.437 | 463 ool-1-worker-227 | DEBUG | PersonalAccessTokenManagementService : Generate secure vcs access token
    23:48:59.439 | 463 ool-1-worker-227 | INFO  | i.z.t.d.l.EmbeddedDatabaseReporter   : JDBC URL to connect to 'dataSource': url='jdbc:h2:tcp://localhost:41063/mem:736625c0-cf5e-400d-aeaa-8a7eabd6262b;USER=sa', scope='ProgrammingSubmissionAndResultGitlabJenkinsIntegrationTest#shouldSaveBuildLogsOnStudentParticipationWithoutResult'
    23:48:59.450 | 463 ool-1-worker-227 | DEBUG | PersonalAccessTokenManagementService : Generate secure vcs access token
    23:48:59.453 | 463 ool-1-worker-227 | DEBUG | d.t.c.a.a.c.s.f.ApiVersionFilter     : Adding Version to Request POST /api/public/programming-exercises/new-result
    23:48:59.454 | 463 ool-1-worker-227 | DEBUG | d.t.c.a.a.a.w.o.PublicResultResource : Received result notify (NEW)
    23:48:59.455 | 463 ool-1-worker-227 | INFO  | d.t.c.a.a.a.w.o.PublicResultResource : Artemis received a new result for build plan SHORT020E28620143304B380837E06936B68608B7TSTEXC-PROGSUBRESGITLABJENSTUDENT1
    23:48:59.457 | 463 ool-1-worker-227 | DEBUG | .s.ProgrammingExerciseGradingService : Received new build result (NEW) for participation 4569
    23:48:59.470 | 463 ool-1-worker-227 | DEBUG | .c.s.m.InstanceMessageReceiveService : Received schedule participant score for exercise 3394 and participant 773 (result to be deleted: null)
    23:48:59.470 | 463 ool-1-worker-227 | DEBUG | .a.s.ParticipantScoreScheduleService : Scheduled task for exercise 3394 and participant 773 at 2025-02-14T23:48:59.570536050Z[Etc/UTC].
    23:48:59.471 | 463 ool-1-worker-227 | DEBUG | .a.a.p.s.ProgrammingMessagingService : Send result to client over websocket. Result: Result{id918, completionDate=2025-02-14T23:48:59.451963Z, successful=false, score=0.0, rated=true, assessmentType=AUTOMATIC, hasComplaint=null, testCaseCount=0, passedTestCaseCount=0, codeIssueCount=0}, Submission: ProgrammingSubmission{commitHash='9b3a9bd71a0d80e5bbc42204c319ed3d1d4f0d6d', buildFailed=true, buildArtifact=false, type=MANUAL}, Participation: ProgrammingExerciseStudentParticipation{id=4569, repositoryUri='https://version-control.fake.fake/git/SHORT020E28620143304B380837E06936B68608B7TSTEXC/short020e28620143304b380837e06936b68608b7tstexc-progsubresgitlabjenstudent1.git', buildPlanId='SHORT020E28620143304B380837E06936B68608B7TSTEXC-PROGSUBRESGITLABJENSTUDENT1', initializationState='INITIALIZED', initializationDate='2025-02-14T23:48:59.449953Z', individualDueDate=null', presentationScore=null}
    23:48:59.473 | 463 ool-1-worker-227 | INFO  | d.t.c.a.a.a.w.o.PublicResultResource : The new result for SHORT020E28620143304B380837E06936B68608B7TSTEXC-PROGSUBRESGITLABJENSTUDENT1 was saved successfully
    23:48:59.476 | 463 ool-1-worker-227 | DEBUG | d.t.c.a.a.c.s.f.ApiVersionFilter     : Adding Version to Request GET /api/repository/4569/buildlogs
    23:48:59.476 | 463 ool-1-worker-227 | DEBUG | rammingExerciseParticipationResource : REST request to get build log : 4569
    23:48:59.480 | 463 ool-1-worker-227 | DEBUG | d.t.c.a.a.c.s.f.ApiVersionFilter     : Adding Version to Request POST /api/public/programming-exercises/new-result
    23:48:59.481 | 463 ool-1-worker-227 | DEBUG | d.t.c.a.a.a.w.o.PublicResultResource : Received result notify (NEW)
    23:48:59.482 | 463 ool-1-worker-227 | INFO  | d.t.c.a.a.a.w.o.PublicResultResource : Artemis received a new result for build plan SHORT020E28620143304B380837E06936B68608B7TSTEXC-PROGSUBRESGITLABJENSTUDENT1
    23:48:59.483 | 463 ool-1-worker-227 | DEBUG | .s.ProgrammingExerciseGradingService : Received new build result (NEW) for participation 4569
    23:48:59.502 | 463 ool-1-worker-227 | DEBUG | .c.s.m.InstanceMessageReceiveService : Received schedule participant score for exercise 3394 and participant 773 (result to be deleted: null)
    23:48:59.502 | 463 ool-1-worker-227 | DEBUG | .a.s.ParticipantScoreScheduleService : Scheduled task for exercise 3394 and participant 773 at 2025-02-14T23:48:59.602051396Z[Etc/UTC].
    23:48:59.502 | 463 ool-1-worker-227 | DEBUG | .a.a.p.s.ProgrammingMessagingService : Send result to client over websocket. Result: Result{id919, completionDate=2025-02-14T23:48:59.451963Z, successful=false, score=0.0, rated=true, assessmentType=AUTOMATIC, hasComplaint=null, testCaseCount=0, passedTestCaseCount=0, codeIssueCount=0}, Submission: ProgrammingSubmission{commitHash='9b3a9bd71a0d80e5bbc42204c319ed3d1d4f0d6d', buildFailed=true, buildArtifact=false, type=MANUAL}, Participation: ProgrammingExerciseStudentParticipation{id=4569, repositoryUri='https://version-control.fake.fake/git/SHORT020E28620143304B380837E06936B68608B7TSTEXC/short020e28620143304b380837e06936b68608b7tstexc-progsubresgitlabjenstudent1.git', buildPlanId='SHORT020E28620143304B380837E06936B68608B7TSTEXC-PROGSUBRESGITLABJENSTUDENT1', initializationState='INITIALIZED', initializationDate='2025-02-14T23:48:59.449953Z', individualDueDate=null', presentationScore=null}
    23:48:59.505 | 463 ool-1-worker-227 | INFO  | d.t.c.a.a.a.w.o.PublicResultResource : The new result for SHORT020E28620143304B380837E06936B68608B7TSTEXC-PROGSUBRESGITLABJENSTUDENT1 was saved successfully

  Starting logs for ProgrammingSubmissionAndResultGitlabJenkinsIntegrationTest > shouldSaveBuildLogsOnStudentParticipationWithoutResult(ProgrammingLanguage, boolean, boolean) [53] programmingLanguage=BASH, enableStaticCodeAnalysis=true, buildFailed=true
    23:48:59.515 | 463 ool-1-worker-227 | DEBUG | d.t.c.a.a.c.u.util.UserUtilService   : Generate 3 students...
    23:48:59.519 | 463 ool-1-worker-227 | DEBUG | d.t.c.a.a.c.u.util.UserUtilService   : 3 students generated. Generate 2 tutors...
    23:48:59.522 | 463 ool-1-worker-227 | DEBUG | d.t.c.a.a.c.u.util.UserUtilService   : 2 tutors generated. Generate 0 editors...
    23:48:59.523 | 463 ool-1-worker-227 | DEBUG | d.t.c.a.a.c.u.util.UserUtilService   : 0 editors generated. Generate 2 instructors...
    23:48:59.526 | 463 ool-1-worker-227 | DEBUG | d.t.c.a.a.c.u.util.UserUtilService   : 2 instructors generated
    23:48:59.528 | 463 ool-1-worker-227 | DEBUG | d.t.c.a.a.c.u.util.UserUtilService   : Removing 7 users from all courses...
    23:48:59.528 | 463 ool-1-worker-227 | DEBUG | d.t.c.a.a.c.u.util.UserUtilService   : Removing 7 users from all courses. Done
    23:48:59.528 | 463 ool-1-worker-227 | DEBUG | d.t.c.a.a.c.u.util.UserUtilService   : Save 7 users to database...
    23:48:59.531 | 463 ool-1-worker-227 | DEBUG | d.t.c.a.a.c.u.util.UserUtilService   : Save 7 users to database. Done
    23:48:59.545 | 463 ool-1-worker-227 | DEBUG | PersonalAccessTokenManagementService : Generate secure vcs access token
    23:48:59.548 | 463 ool-1-worker-227 | DEBUG | PersonalAccessTokenManagementService : Generate secure vcs access token
    23:48:59.549 | 463 ool-1-worker-227 | INFO  | i.z.t.d.l.EmbeddedDatabaseReporter   : JDBC URL to connect to 'dataSource': url='jdbc:h2:tcp://localhost:41063/mem:736625c0-cf5e-400d-aeaa-8a7eabd6262b;USER=sa', scope='ProgrammingSubmissionAndResultGitlabJenkinsIntegrationTest#shouldSaveBuildLogsOnStudentParticipationWithoutResult'
    23:48:59.561 | 463 ool-1-worker-227 | DEBUG | PersonalAccessTokenManagementService : Generate secure vcs access token
    23:48:59.564 | 463 ool-1-worker-227 | DEBUG | d.t.c.a.a.c.s.f.ApiVersionFilter     : Adding Version to Request POST /api/public/programming-exercises/new-result
    23:48:59.565 | 463 ool-1-worker-227 | DEBUG | d.t.c.a.a.a.w.o.PublicResultResource : Received result notify (NEW)
    23:48:59.566 | 463 ool-1-worker-227 | INFO  | d.t.c.a.a.a.w.o.PublicResultResource : Artemis received a new result for build plan SHORTF0361FCB0B76904B0E09DAA08625BCCCE013TSTEXC-PROGSUBRESGITLABJENSTUDENT1
    23:48:59.567 | 463 ool-1-worker-227 | DEBUG | .s.ProgrammingExerciseGradingService : Received new build result (NEW) for participation 4576
    23:48:59.581 | 463 ool-1-worker-227 | DEBUG | .c.s.m.InstanceMessageReceiveService : Received schedule participant score for exercise 3396 and participant 773 (result to be deleted: null)
    23:48:59.581 | 463 ool-1-worker-227 | DEBUG | .a.s.ParticipantScoreScheduleService : Scheduled task for exercise 3396 and participant 773 at 2025-02-14T23:48:59.681933044Z[Etc/UTC].
    23:48:59.582 | 463 ool-1-worker-227 | DEBUG | .a.a.p.s.ProgrammingMessagingService : Send result to client over websocket. Result: Result{id920, completionDate=2025-02-14T23:48:59.562781Z, successful=false, score=0.0, rated=true, assessmentType=AUTOMATIC, hasComplaint=null, testCaseCount=0, passedTestCaseCount=0, codeIssueCount=0}, Submission: ProgrammingSubmission{commitHash='9b3a9bd71a0d80e5bbc42204c319ed3d1d4f0d6d', buildFailed=true, buildArtifact=false, type=MANUAL}, Participation: ProgrammingExerciseStudentParticipation{id=4576, repositoryUri='https://version-control.fake.fake/git/SHORTF0361FCB0B76904B0E09DAA08625BCCCE013TSTEXC/shortf0361fcb0b76904b0e09daa08625bccce013tstexc-progsubresgitlabjenstudent1.git', buildPlanId='SHORTF0361FCB0B76904B0E09DAA08625BCCCE013TSTEXC-PROGSUBRESGITLABJENSTUDENT1', initializationState='INITIALIZED', initializationDate='2025-02-14T23:48:59.560814Z', individualDueDate=null', presentationScore=null}
    23:48:59.584 | 463 ool-1-worker-227 | INFO  | d.t.c.a.a.a.w.o.PublicResultResource : The new result for SHORTF0361FCB0B76904B0E09DAA08625BCCCE013TSTEXC-PROGSUBRESGITLABJENSTUDENT1 was saved successfully
    23:48:59.587 | 463 ool-1-worker-227 | DEBUG | d.t.c.a.a.c.s.f.ApiVersionFilter     : Adding Version to Request GET /api/repository/4576/buildlogs
    23:48:59.588 | 463 ool-1-worker-227 | DEBUG | rammingExerciseParticipationResource : REST request to get build log : 4576
    23:48:59.592 | 463 ool-1-worker-227 | DEBUG | d.t.c.a.a.c.s.f.ApiVersionFilter     : Adding Version to Request POST /api/public/programming-exercises/new-result
    23:48:59.592 | 463 ool-1-worker-227 | DEBUG | d.t.c.a.a.a.w.o.PublicResultResource : Received result notify (NEW)
    23:48:59.594 | 463 ool-1-worker-227 | INFO  | d.t.c.a.a.a.w.o.PublicResultResource : Artemis received a new result for build plan SHORTF0361FCB0B76904B0E09DAA08625BCCCE013TSTEXC-PROGSUBRESGITLABJENSTUDENT1
    23:48:59.595 | 463 ool-1-worker-227 | DEBUG | .s.ProgrammingExerciseGradingService : Received new build result (NEW) for participation 4576
    23:48:59.613 | 463 ool-1-worker-227 | DEBUG | .c.s.m.InstanceMessageReceiveService : Received schedule participant score for exercise 3396 and participant 773 (result to be deleted: null)
    23:48:59.613 | 463 ool-1-worker-227 | DEBUG | .a.s.ParticipantScoreScheduleService : Scheduled task for exercise 3396 and participant 773 at 2025-02-14T23:48:59.713871769Z[Etc/UTC].
    23:48:59.614 | 463 ool-1-worker-227 | DEBUG | .a.a.p.s.ProgrammingMessagingService : Send result to client over websocket. Result: Result{id921, completionDate=2025-02-14T23:48:59.562781Z, successful=false, score=0.0, rated=true, assessmentType=AUTOMATIC, hasComplaint=null, testCaseCount=0, passedTestCaseCount=0, codeIssueCount=0}, Submission: ProgrammingSubmission{commitHash='9b3a9bd71a0d80e5bbc42204c319ed3d1d4f0d6d', buildFailed=true, buildArtifact=false, type=MANUAL}, Participation: ProgrammingExerciseStudentParticipation{id=4576, repositoryUri='https://version-control.fake.fake/git/SHORTF0361FCB0B76904B0E09DAA08625BCCCE013TSTEXC/shortf0361fcb0b76904b0e09daa08625bccce013tstexc-progsubresgitlabjenstudent1.git', buildPlanId='SHORTF0361FCB0B76904B0E09DAA08625BCCCE013TSTEXC-PROGSUBRESGITLABJENSTUDENT1', initializationState='INITIALIZED', initializationDate='2025-02-14T23:48:59.560814Z', individualDueDate=null', presentationScore=null}
    23:48:59.616 | 463 ool-1-worker-227 | INFO  | d.t.c.a.a.a.w.o.PublicResultResource : The new result for SHORTF0361FCB0B76904B0E09DAA08625BCCCE013TSTEXC-PROGSUBRESGITLABJENSTUDENT1 was saved successfully

  Starting logs for ProgrammingSubmissionAndResultGitlabJenkinsIntegrationTest > shouldSaveBuildLogsOnStudentParticipationWithoutResult(ProgrammingLanguage, boolean, boolean) [54] programmingLanguage=BASH, enableStaticCodeAnalysis=false, buildFailed=true
    23:48:59.627 | 463 ool-1-worker-227 | DEBUG | d.t.c.a.a.c.u.util.UserUtilService   : Generate 3 students...
    23:48:59.631 | 463 ool-1-worker-227 | DEBUG | d.t.c.a.a.c.u.util.UserUtilService   : 3 students generated. Generate 2 tutors...
    23:48:59.634 | 463 ool-1-worker-227 | DEBUG | d.t.c.a.a.c.u.util.UserUtilService   : 2 tutors generated. Generate 0 editors...
    23:48:59.635 | 463 ool-1-worker-227 | DEBUG | d.t.c.a.a.c.u.util.UserUtilService   : 0 editors generated. Generate 2 instructors...
    23:48:59.638 | 463 ool-1-worker-227 | DEBUG | d.t.c.a.a.c.u.util.UserUtilService   : 2 instructors generated
    23:48:59.639 | 463 ool-1-worker-227 | DEBUG | d.t.c.a.a.c.u.util.UserUtilService   : Removing 7 users from all courses...
    23:48:59.640 | 463 ool-1-worker-227 | DEBUG | d.t.c.a.a.c.u.util.UserUtilService   : Removing 7 users from all courses. Done
    23:48:59.640 | 463 ool-1-worker-227 | DEBUG | d.t.c.a.a.c.u.util.UserUtilService   : Save 7 users to database...
    23:48:59.643 | 463 ool-1-worker-227 | DEBUG | d.t.c.a.a.c.u.util.UserUtilService   : Save 7 users to database. Done
    23:48:59.657 | 463 ool-1-worker-227 | DEBUG | PersonalAccessTokenManagementService : Generate secure vcs access token
    23:48:59.660 | 463 ool-1-worker-227 | DEBUG | PersonalAccessTokenManagementService : Generate secure vcs access token
    23:48:59.662 | 463 ool-1-worker-227 | INFO  | i.z.t.d.l.EmbeddedDatabaseReporter   : JDBC URL to connect to 'dataSource': url='jdbc:h2:tcp://localhost:41063/mem:736625c0-cf5e-400d-aeaa-8a7eabd6262b;USER=sa', scope='ProgrammingSubmissionAndResultGitlabJenkinsIntegrationTest#shouldSaveBuildLogsOnStudentParticipationWithoutResult'
    23:48:59.673 | 463 ool-1-worker-227 | DEBUG | PersonalAccessTokenManagementService : Generate secure vcs access token
    23:48:59.677 | 463 ool-1-worker-227 | DEBUG | d.t.c.a.a.c.s.f.ApiVersionFilter     : Adding Version to Request POST /api/public/programming-exercises/new-result
    23:48:59.677 | 463 ool-1-worker-227 | DEBUG | d.t.c.a.a.a.w.o.PublicResultResource : Received result notify (NEW)
    23:48:59.678 | 463 ool-1-worker-227 | INFO  | d.t.c.a.a.a.w.o.PublicResultResource : Artemis received a new result for build plan SHORT2152569B0508704B6A0B0240B7DAD9545DA4TSTEXC-PROGSUBRESGITLABJENSTUDENT1
    23:48:59.680 | 463 ool-1-worker-227 | DEBUG | .s.ProgrammingExerciseGradingService : Received new build result (NEW) for participation 4583
    23:48:59.693 | 463 ool-1-worker-227 | DEBUG | .c.s.m.InstanceMessageReceiveService : Received schedule participant score for exercise 3398 and participant 773 (result to be deleted: null)
    23:48:59.693 | 463 ool-1-worker-227 | DEBUG | .a.s.ParticipantScoreScheduleService : Scheduled task for exercise 3398 and participant 773 at 2025-02-14T23:48:59.793651760Z[Etc/UTC].
    23:48:59.694 | 463 ool-1-worker-227 | DEBUG | .a.a.p.s.ProgrammingMessagingService : Send result to client over websocket. Result: Result{id922, completionDate=2025-02-14T23:48:59.674985Z, successful=false, score=0.0, rated=true, assessmentType=AUTOMATIC, hasComplaint=null, testCaseCount=0, passedTestCaseCount=0, codeIssueCount=0}, Submission: ProgrammingSubmission{commitHash='9b3a9bd71a0d80e5bbc42204c319ed3d1d4f0d6d', buildFailed=true, buildArtifact=false, type=MANUAL}, Participation: ProgrammingExerciseStudentParticipation{id=4583, repositoryUri='https://version-control.fake.fake/git/SHORT2152569B0508704B6A0B0240B7DAD9545DA4TSTEXC/short2152569b0508704b6a0b0240b7dad9545da4tstexc-progsubresgitlabjenstudent1.git', buildPlanId='SHORT2152569B0508704B6A0B0240B7DAD9545DA4TSTEXC-PROGSUBRESGITLABJENSTUDENT1', initializationState='INITIALIZED', initializationDate='2025-02-14T23:48:59.672993Z', individualDueDate=null', presentationScore=null}
    23:48:59.696 | 463 ool-1-worker-227 | INFO  | d.t.c.a.a.a.w.o.PublicResultResource : The new result for SHORT2152569B0508704B6A0B0240B7DAD9545DA4TSTEXC-PROGSUBRESGITLABJENSTUDENT1 was saved successfully
    23:48:59.699 | 463 ool-1-worker-227 | DEBUG | d.t.c.a.a.c.s.f.ApiVersionFilter     : Adding Version to Request GET /api/repository/4583/buildlogs
    23:48:59.699 | 463 ool-1-worker-227 | DEBUG | rammingExerciseParticipationResource : REST request to get build log : 4583
    23:48:59.703 | 463 ool-1-worker-227 | DEBUG | d.t.c.a.a.c.s.f.ApiVersionFilter     : Adding Version to Request POST /api/public/programming-exercises/new-result
    23:48:59.703 | 463 ool-1-worker-227 | DEBUG | d.t.c.a.a.a.w.o.PublicResultResource : Received result notify (NEW)
    23:48:59.705 | 463 ool-1-worker-227 | INFO  | d.t.c.a.a.a.w.o.PublicResultResource : Artemis received a new result for build plan SHORT2152569B0508704B6A0B0240B7DAD9545DA4TSTEXC-PROGSUBRESGITLABJENSTUDENT1
    23:48:59.706 | 463 ool-1-worker-227 | DEBUG | .s.ProgrammingExerciseGradingService : Received new build result (NEW) for participation 4583
    23:48:59.725 | 463 ool-1-worker-227 | DEBUG | .c.s.m.InstanceMessageReceiveService : Received schedule participant score for exercise 3398 and participant 773 (result to be deleted: null)
    23:48:59.725 | 463 ool-1-worker-227 | DEBUG | .a.s.ParticipantScoreScheduleService : Scheduled task for exercise 3398 and participant 773 at 2025-02-14T23:48:59.825257544Z[Etc/UTC].
    23:48:59.726 | 463 ool-1-worker-227 | DEBUG | .a.a.p.s.ProgrammingMessagingService : Send result to client over websocket. Result: Result{id923, completionDate=2025-02-14T23:48:59.674985Z, successful=false, score=0.0, rated=true, assessmentType=AUTOMATIC, hasComplaint=null, testCaseCount=0, passedTestCaseCount=0, codeIssueCount=0}, Submission: ProgrammingSubmission{commitHash='9b3a9bd71a0d80e5bbc42204c319ed3d1d4f0d6d', buildFailed=true, buildArtifact=false, type=MANUAL}, Participation: ProgrammingExerciseStudentParticipation{id=4583, repositoryUri='https://version-control.fake.fake/git/SHORT2152569B0508704B6A0B0240B7DAD9545DA4TSTEXC/short2152569b0508704b6a0b0240b7dad9545da4tstexc-progsubresgitlabjenstudent1.git', buildPlanId='SHORT2152569B0508704B6A0B0240B7DAD9545DA4TSTEXC-PROGSUBRESGITLABJENSTUDENT1', initializationState='INITIALIZED', initializationDate='2025-02-14T23:48:59.672993Z', individualDueDate=null', presentationScore=null}
    23:48:59.728 | 463 ool-1-worker-227 | INFO  | d.t.c.a.a.a.w.o.PublicResultResource : The new result for SHORT2152569B0508704B6A0B0240B7DAD9545DA4TSTEXC-PROGSUBRESGITLABJENSTUDENT1 was saved successfully

  Starting logs for ProgrammingSubmissionAndResultGitlabJenkinsIntegrationTest > shouldSaveBuildLogsOnStudentParticipationWithoutResult(ProgrammingLanguage, boolean, boolean) [55] programmingLanguage=BASH, enableStaticCodeAnalysis=true, buildFailed=false
    23:48:59.739 | 463 ool-1-worker-227 | DEBUG | d.t.c.a.a.c.u.util.UserUtilService   : Generate 3 students...
    23:48:59.743 | 463 ool-1-worker-227 | DEBUG | d.t.c.a.a.c.u.util.UserUtilService   : 3 students generated. Generate 2 tutors...
    23:48:59.746 | 463 ool-1-worker-227 | DEBUG | d.t.c.a.a.c.u.util.UserUtilService   : 2 tutors generated. Generate 0 editors...
    23:48:59.747 | 463 ool-1-worker-227 | DEBUG | d.t.c.a.a.c.u.util.UserUtilService   : 0 editors generated. Generate 2 instructors...
    23:48:59.750 | 463 ool-1-worker-227 | DEBUG | d.t.c.a.a.c.u.util.UserUtilService   : 2 instructors generated
    23:48:59.752 | 463 ool-1-worker-227 | DEBUG | d.t.c.a.a.c.u.util.UserUtilService   : Removing 7 users from all courses...
    23:48:59.752 | 463 ool-1-worker-227 | DEBUG | d.t.c.a.a.c.u.util.UserUtilService   : Removing 7 users from all courses. Done
    23:48:59.752 | 463 ool-1-worker-227 | DEBUG | d.t.c.a.a.c.u.util.UserUtilService   : Save 7 users to database...
    23:48:59.755 | 463 ool-1-worker-227 | DEBUG | d.t.c.a.a.c.u.util.UserUtilService   : Save 7 users to database. Done
    23:48:59.769 | 463 ool-1-worker-227 | DEBUG | PersonalAccessTokenManagementService : Generate secure vcs access token
    23:48:59.772 | 463 ool-1-worker-227 | DEBUG | PersonalAccessTokenManagementService : Generate secure vcs access token
    23:48:59.773 | 463 ool-1-worker-227 | INFO  | i.z.t.d.l.EmbeddedDatabaseReporter   : JDBC URL to connect to 'dataSource': url='jdbc:h2:tcp://localhost:41063/mem:736625c0-cf5e-400d-aeaa-8a7eabd6262b;USER=sa', scope='ProgrammingSubmissionAndResultGitlabJenkinsIntegrationTest#shouldSaveBuildLogsOnStudentParticipationWithoutResult'
    23:48:59.785 | 463 ool-1-worker-227 | DEBUG | PersonalAccessTokenManagementService : Generate secure vcs access token
    23:48:59.788 | 463 ool-1-worker-227 | DEBUG | d.t.c.a.a.c.s.f.ApiVersionFilter     : Adding Version to Request POST /api/public/programming-exercises/new-result
    23:48:59.789 | 463 ool-1-worker-227 | DEBUG | d.t.c.a.a.a.w.o.PublicResultResource : Received result notify (NEW)
    23:48:59.790 | 463 ool-1-worker-227 | INFO  | d.t.c.a.a.a.w.o.PublicResultResource : Artemis received a new result for build plan SHORTCCF320F008F9904C3D09A9D03B4BEB1663BCTSTEXC-PROGSUBRESGITLABJENSTUDENT1
    23:48:59.791 | 463 ool-1-worker-227 | DEBUG | .s.ProgrammingExerciseGradingService : Received new build result (NEW) for participation 4590
    23:48:59.805 | 463 ool-1-worker-227 | DEBUG | .c.s.m.InstanceMessageReceiveService : Received schedule participant score for exercise 3400 and participant 773 (result to be deleted: null)
    23:48:59.805 | 463 ool-1-worker-227 | DEBUG | .a.s.ParticipantScoreScheduleService : Scheduled task for exercise 3400 and participant 773 at 2025-02-14T23:48:59.905122308Z[Etc/UTC].
    23:48:59.805 | 463 ool-1-worker-227 | DEBUG | .a.a.p.s.ProgrammingMessagingService : Send result to client over websocket. Result: Result{id924, completionDate=2025-02-14T23:48:59.786742Z, successful=false, score=0.0, rated=true, assessmentType=AUTOMATIC, hasComplaint=null, testCaseCount=0, passedTestCaseCount=0, codeIssueCount=0}, Submission: ProgrammingSubmission{commitHash='9b3a9bd71a0d80e5bbc42204c319ed3d1d4f0d6d', buildFailed=true, buildArtifact=false, type=MANUAL}, Participation: ProgrammingExerciseStudentParticipation{id=4590, repositoryUri='https://version-control.fake.fake/git/SHORTCCF320F008F9904C3D09A9D03B4BEB1663BCTSTEXC/shortccf320f008f9904c3d09a9d03b4beb1663bctstexc-progsubresgitlabjenstudent1.git', buildPlanId='SHORTCCF320F008F9904C3D09A9D03B4BEB1663BCTSTEXC-PROGSUBRESGITLABJENSTUDENT1', initializationState='INITIALIZED', initializationDate='2025-02-14T23:48:59.784728Z', individualDueDate=null', presentationScore=null}
    23:48:59.808 | 463 ool-1-worker-227 | INFO  | d.t.c.a.a.a.w.o.PublicResultResource : The new result for SHORTCCF320F008F9904C3D09A9D03B4BEB1663BCTSTEXC-PROGSUBRESGITLABJENSTUDENT1 was saved successfully
    23:48:59.811 | 463 ool-1-worker-227 | DEBUG | d.t.c.a.a.c.s.f.ApiVersionFilter     : Adding Version to Request GET /api/repository/4590/buildlogs
    23:48:59.811 | 463 ool-1-worker-227 | DEBUG | rammingExerciseParticipationResource : REST request to get build log : 4590
    23:48:59.815 | 463 ool-1-worker-227 | DEBUG | d.t.c.a.a.c.s.f.ApiVersionFilter     : Adding Version to Request POST /api/public/programming-exercises/new-result
    23:48:59.815 | 463 ool-1-worker-227 | DEBUG | d.t.c.a.a.a.w.o.PublicResultResource : Received result notify (NEW)
    23:48:59.816 | 463 ool-1-worker-227 | INFO  | d.t.c.a.a.a.w.o.PublicResultResource : Artemis received a new result for build plan SHORTCCF320F008F9904C3D09A9D03B4BEB1663BCTSTEXC-PROGSUBRESGITLABJENSTUDENT1
    23:48:59.818 | 463 ool-1-worker-227 | DEBUG | .s.ProgrammingExerciseGradingService : Received new build result (NEW) for participation 4590
    23:48:59.836 | 463 ool-1-worker-227 | DEBUG | .c.s.m.InstanceMessageReceiveService : Received schedule participant score for exercise 3400 and participant 773 (result to be deleted: null)
    23:48:59.836 | 463 ool-1-worker-227 | DEBUG | .a.s.ParticipantScoreScheduleService : Scheduled task for exercise 3400 and participant 773 at 2025-02-14T23:48:59.936546734Z[Etc/UTC].
    23:48:59.837 | 463 ool-1-worker-227 | DEBUG | .a.a.p.s.ProgrammingMessagingService : Send result to client over websocket. Result: Result{id925, completionDate=2025-02-14T23:48:59.786742Z, successful=false, score=0.0, rated=true, assessmentType=AUTOMATIC, hasComplaint=null, testCaseCount=0, passedTestCaseCount=0, codeIssueCount=0}, Submission: ProgrammingSubmission{commitHash='9b3a9bd71a0d80e5bbc42204c319ed3d1d4f0d6d', buildFailed=true, buildArtifact=false, type=MANUAL}, Participation: ProgrammingExerciseStudentParticipation{id=4590, repositoryUri='https://version-control.fake.fake/git/SHORTCCF320F008F9904C3D09A9D03B4BEB1663BCTSTEXC/shortccf320f008f9904c3d09a9d03b4beb1663bctstexc-progsubresgitlabjenstudent1.git', buildPlanId='SHORTCCF320F008F9904C3D09A9D03B4BEB1663BCTSTEXC-PROGSUBRESGITLABJENSTUDENT1', initializationState='INITIALIZED', initializationDate='2025-02-14T23:48:59.784728Z', individualDueDate=null', presentationScore=null}
    23:48:59.839 | 463 ool-1-worker-227 | INFO  | d.t.c.a.a.a.w.o.PublicResultResource : The new result for SHORTCCF320F008F9904C3D09A9D03B4BEB1663BCTSTEXC-PROGSUBRESGITLABJENSTUDENT1 was saved successfully

  Starting logs for ProgrammingSubmissionAndResultGitlabJenkinsIntegrationTest > shouldSaveBuildLogsOnStudentParticipationWithoutResult(ProgrammingLanguage, boolean, boolean) [56] programmingLanguage=BASH, enableStaticCodeAnalysis=false, buildFailed=false
    23:48:59.850 | 463 ool-1-worker-227 | DEBUG | d.t.c.a.a.c.u.util.UserUtilService   : Generate 3 students...
    23:48:59.854 | 463 ool-1-worker-227 | DEBUG | d.t.c.a.a.c.u.util.UserUtilService   : 3 students generated. Generate 2 tutors...
    23:48:59.857 | 463 ool-1-worker-227 | DEBUG | d.t.c.a.a.c.u.util.UserUtilService   : 2 tutors generated. Generate 0 editors...
    23:48:59.859 | 463 ool-1-worker-227 | DEBUG | d.t.c.a.a.c.u.util.UserUtilService   : 0 editors generated. Generate 2 instructors...
    23:48:59.862 | 463 ool-1-worker-227 | DEBUG | d.t.c.a.a.c.u.util.UserUtilService   : 2 instructors generated
    23:48:59.863 | 463 ool-1-worker-227 | DEBUG | d.t.c.a.a.c.u.util.UserUtilService   : Removing 7 users from all courses...
    23:48:59.863 | 463 ool-1-worker-227 | DEBUG | d.t.c.a.a.c.u.util.UserUtilService   : Removing 7 users from all courses. Done
    23:48:59.863 | 463 ool-1-worker-227 | DEBUG | d.t.c.a.a.c.u.util.UserUtilService   : Save 7 users to database...
    23:48:59.867 | 463 ool-1-worker-227 | DEBUG | d.t.c.a.a.c.u.util.UserUtilService   : Save 7 users to database. Done
    23:48:59.880 | 463 ool-1-worker-227 | DEBUG | PersonalAccessTokenManagementService : Generate secure vcs access token
    23:48:59.883 | 463 ool-1-worker-227 | DEBUG | PersonalAccessTokenManagementService : Generate secure vcs access token
    23:48:59.885 | 463 ool-1-worker-227 | INFO  | i.z.t.d.l.EmbeddedDatabaseReporter   : JDBC URL to connect to 'dataSource': url='jdbc:h2:tcp://localhost:41063/mem:736625c0-cf5e-400d-aeaa-8a7eabd6262b;USER=sa', scope='ProgrammingSubmissionAndResultGitlabJenkinsIntegrationTest#shouldSaveBuildLogsOnStudentParticipationWithoutResult'
    23:48:59.896 | 463 ool-1-worker-227 | DEBUG | PersonalAccessTokenManagementService : Generate secure vcs access token
    23:48:59.900 | 463 ool-1-worker-227 | DEBUG | d.t.c.a.a.c.s.f.ApiVersionFilter     : Adding Version to Request POST /api/public/programming-exercises/new-result
    23:48:59.900 | 463 ool-1-worker-227 | DEBUG | d.t.c.a.a.a.w.o.PublicResultResource : Received result notify (NEW)
    23:48:59.902 | 463 ool-1-worker-227 | INFO  | d.t.c.a.a.a.w.o.PublicResultResource : Artemis received a new result for build plan SHORTD7173E4F0582C04FDC0A06E0FE9581007B82TSTEXC-PROGSUBRESGITLABJENSTUDENT1
    23:48:59.904 | 463 ool-1-worker-227 | DEBUG | .s.ProgrammingExerciseGradingService : Received new build result (NEW) for participation 4597
    23:48:59.917 | 463 ool-1-worker-227 | DEBUG | .c.s.m.InstanceMessageReceiveService : Received schedule participant score for exercise 3402 and participant 773 (result to be deleted: null)
    23:48:59.917 | 463 ool-1-worker-227 | DEBUG | .a.s.ParticipantScoreScheduleService : Scheduled task for exercise 3402 and participant 773 at 2025-02-14T23:49:00.017543110Z[Etc/UTC].
    23:48:59.918 | 463 ool-1-worker-227 | DEBUG | .a.a.p.s.ProgrammingMessagingService : Send result to client over websocket. Result: Result{id926, completionDate=2025-02-14T23:48:59.897868900Z, successful=false, score=0.0, rated=true, assessmentType=AUTOMATIC, hasComplaint=null, testCaseCount=0, passedTestCaseCount=0, codeIssueCount=0}, Submission: ProgrammingSubmission{commitHash='9b3a9bd71a0d80e5bbc42204c319ed3d1d4f0d6d', buildFailed=true, buildArtifact=false, type=MANUAL}, Participation: ProgrammingExerciseStudentParticipation{id=4597, repositoryUri='https://version-control.fake.fake/git/SHORTD7173E4F0582C04FDC0A06E0FE9581007B82TSTEXC/shortd7173e4f0582c04fdc0a06e0fe9581007b82tstexc-progsubresgitlabjenstudent1.git', buildPlanId='SHORTD7173E4F0582C04FDC0A06E0FE9581007B82TSTEXC-PROGSUBRESGITLABJENSTUDENT1', initializationState='INITIALIZED', initializationDate='2025-02-14T23:48:59.895896Z', individualDueDate=null', presentationScore=null}
    23:48:59.920 | 463 ool-1-worker-227 | INFO  | d.t.c.a.a.a.w.o.PublicResultResource : The new result for SHORTD7173E4F0582C04FDC0A06E0FE9581007B82TSTEXC-PROGSUBRESGITLABJENSTUDENT1 was saved successfully
    23:48:59.923 | 463 ool-1-worker-227 | DEBUG | d.t.c.a.a.c.s.f.ApiVersionFilter     : Adding Version to Request GET /api/repository/4597/buildlogs
    23:48:59.923 | 463 ool-1-worker-227 | DEBUG | rammingExerciseParticipationResource : REST request to get build log : 4597
    23:48:59.927 | 463 ool-1-worker-227 | DEBUG | d.t.c.a.a.c.s.f.ApiVersionFilter     : Adding Version to Request POST /api/public/programming-exercises/new-result
    23:48:59.927 | 463 ool-1-worker-227 | DEBUG | d.t.c.a.a.a.w.o.PublicResultResource : Received result notify (NEW)
    23:48:59.929 | 463 ool-1-worker-227 | INFO  | d.t.c.a.a.a.w.o.PublicResultResource : Artemis received a new result for build plan SHORTD7173E4F0582C04FDC0A06E0FE9581007B82TSTEXC-PROGSUBRESGITLABJENSTUDENT1
    23:48:59.930 | 463 ool-1-worker-227 | DEBUG | .s.ProgrammingExerciseGradingService : Received new build result (NEW) for participation 4597
    23:48:59.949 | 463 ool-1-worker-227 | DEBUG | .c.s.m.InstanceMessageReceiveService : Received schedule participant score for exercise 3402 and participant 773 (result to be deleted: null)
    23:48:59.949 | 463 ool-1-worker-227 | DEBUG | .a.s.ParticipantScoreScheduleService : Scheduled task for exercise 3402 and participant 773 at 2025-02-14T23:49:00.049645501Z[Etc/UTC].
    23:48:59.950 | 463 ool-1-worker-227 | DEBUG | .a.a.p.s.ProgrammingMessagingService : Send result to client over websocket. Result: Result{id927, completionDate=2025-02-14T23:48:59.897868900Z, successful=false, score=0.0, rated=true, assessmentType=AUTOMATIC, hasComplaint=null, testCaseCount=0, passedTestCaseCount=0, codeIssueCount=0}, Submission: ProgrammingSubmission{commitHash='9b3a9bd71a0d80e5bbc42204c319ed3d1d4f0d6d', buildFailed=true, buildArtifact=false, type=MANUAL}, Participation: ProgrammingExerciseStudentParticipation{id=4597, repositoryUri='https://version-control.fake.fake/git/SHORTD7173E4F0582C04FDC0A06E0FE9581007B82TSTEXC/shortd7173e4f0582c04fdc0a06e0fe9581007b82tstexc-progsubresgitlabjenstudent1.git', buildPlanId='SHORTD7173E4F0582C04FDC0A06E0FE9581007B82TSTEXC-PROGSUBRESGITLABJENSTUDENT1', initializationState='INITIALIZED', initializationDate='2025-02-14T23:48:59.895896Z', individualDueDate=null', presentationScore=null}
    23:48:59.952 | 463 ool-1-worker-227 | INFO  | d.t.c.a.a.a.w.o.PublicResultResource : The new result for SHORTD7173E4F0582C04FDC0A06E0FE9581007B82TSTEXC-PROGSUBRESGITLABJENSTUDENT1 was saved successfully

  Starting logs for ProgrammingSubmissionAndResultGitlabJenkinsIntegrationTest > shouldSaveBuildLogsOnStudentParticipationWithoutResult(ProgrammingLanguage, boolean, boolean) [57] programmingLanguage=SWIFT, enableStaticCodeAnalysis=true, buildFailed=true
    23:48:59.963 | 463 ool-1-worker-227 | DEBUG | d.t.c.a.a.c.u.util.UserUtilService   : Generate 3 students...
    23:48:59.967 | 463 ool-1-worker-227 | DEBUG | d.t.c.a.a.c.u.util.UserUtilService   : 3 students generated. Generate 2 tutors...
    23:48:59.970 | 463 ool-1-worker-227 | DEBUG | d.t.c.a.a.c.u.util.UserUtilService   : 2 tutors generated. Generate 0 editors...
    23:48:59.971 | 463 ool-1-worker-227 | DEBUG | d.t.c.a.a.c.u.util.UserUtilService   : 0 editors generated. Generate 2 instructors...
    23:48:59.974 | 463 ool-1-worker-227 | DEBUG | d.t.c.a.a.c.u.util.UserUtilService   : 2 instructors generated
    23:48:59.975 | 463 ool-1-worker-227 | DEBUG | d.t.c.a.a.c.u.util.UserUtilService   : Removing 7 users from all courses...
    23:48:59.976 | 463 ool-1-worker-227 | DEBUG | d.t.c.a.a.c.u.util.UserUtilService   : Removing 7 users from all courses. Done
    23:48:59.976 | 463 ool-1-worker-227 | DEBUG | d.t.c.a.a.c.u.util.UserUtilService   : Save 7 users to database...
    23:48:59.979 | 463 ool-1-worker-227 | DEBUG | d.t.c.a.a.c.u.util.UserUtilService   : Save 7 users to database. Done
    23:48:59.993 | 463 ool-1-worker-227 | DEBUG | PersonalAccessTokenManagementService : Generate secure vcs access token
    23:48:59.995 | 463 ool-1-worker-227 | DEBUG | PersonalAccessTokenManagementService : Generate secure vcs access token
    23:48:59.997 | 463 ool-1-worker-227 | INFO  | i.z.t.d.l.EmbeddedDatabaseReporter   : JDBC URL to connect to 'dataSource': url='jdbc:h2:tcp://localhost:41063/mem:736625c0-cf5e-400d-aeaa-8a7eabd6262b;USER=sa', scope='ProgrammingSubmissionAndResultGitlabJenkinsIntegrationTest#shouldSaveBuildLogsOnStudentParticipationWithoutResult'
    23:49:00.000 | 327 taskScheduler-2  | DEBUG | .a.s.ParticipantScoreScheduleService : Schedule tasks to process...
    23:49:00.001 | 327 taskScheduler-2  | DEBUG | .a.s.ParticipantScoreScheduleService : Scheduled task for exercise 168 and participant 203 at 2025-02-14T23:49:00.101315758Z[Etc/UTC].
    23:49:00.001 | 327 taskScheduler-2  | DEBUG | .a.s.ParticipantScoreScheduleService : Scheduled task for exercise 170 and participant 203 at 2025-02-14T23:49:00.101353739Z[Etc/UTC].
    23:49:00.001 | 327 taskScheduler-2  | DEBUG | .a.s.ParticipantScoreScheduleService : Scheduled task for exercise 180 and participant 1 at 2025-02-14T23:49:00.101363677Z[Etc/UTC].
    23:49:00.001 | 327 taskScheduler-2  | DEBUG | .a.s.ParticipantScoreScheduleService : Scheduled task for exercise 186 and participant 203 at 2025-02-14T23:49:00.101371041Z[Etc/UTC].
    23:49:00.001 | 327 taskScheduler-2  | DEBUG | .a.s.ParticipantScoreScheduleService : Processing of 0 results and 4 participant scores.
    23:49:00.009 | 463 ool-1-worker-227 | DEBUG | PersonalAccessTokenManagementService : Generate secure vcs access token
    23:49:00.013 | 463 ool-1-worker-227 | DEBUG | d.t.c.a.a.c.s.f.ApiVersionFilter     : Adding Version to Request POST /api/public/programming-exercises/new-result
    23:49:00.013 | 463 ool-1-worker-227 | DEBUG | d.t.c.a.a.a.w.o.PublicResultResource : Received result notify (NEW)
    23:49:00.014 | 463 ool-1-worker-227 | INFO  | d.t.c.a.a.a.w.o.PublicResultResource : Artemis received a new result for build plan SHORTA492D8E20D1D9045BF08C3908E6E58A5AA5ATSTEXC-PROGSUBRESGITLABJENSTUDENT1
    23:49:00.015 | 463 ool-1-worker-227 | DEBUG | .s.ProgrammingExerciseGradingService : Received new build result (NEW) for participation 4604
    23:49:00.030 | 463 ool-1-worker-227 | DEBUG | .c.s.m.InstanceMessageReceiveService : Received schedule participant score for exercise 3404 and participant 773 (result to be deleted: null)
    23:49:00.030 | 463 ool-1-worker-227 | DEBUG | .a.s.ParticipantScoreScheduleService : Scheduled task for exercise 3404 and participant 773 at 2025-02-14T23:49:00.130086302Z[Etc/UTC].
    23:49:00.030 | 463 ool-1-worker-227 | DEBUG | .a.a.p.s.ProgrammingMessagingService : Send result to client over websocket. Result: Result{id928, completionDate=2025-02-14T23:49:00.011040700Z, successful=false, score=0.0, rated=true, assessmentType=AUTOMATIC, hasComplaint=null, testCaseCount=0, passedTestCaseCount=0, codeIssueCount=0}, Submission: ProgrammingSubmission{commitHash='9b3a9bd71a0d80e5bbc42204c319ed3d1d4f0d6d', buildFailed=true, buildArtifact=false, type=MANUAL}, Participation: ProgrammingExerciseStudentParticipation{id=4604, repositoryUri='https://version-control.fake.fake/git/SHORTA492D8E20D1D9045BF08C3908E6E58A5AA5ATSTEXC/shorta492d8e20d1d9045bf08c3908e6e58a5aa5atstexc-progsubresgitlabjenstudent1.git', buildPlanId='SHORTA492D8E20D1D9045BF08C3908E6E58A5AA5ATSTEXC-PROGSUBRESGITLABJENSTUDENT1', initializationState='INITIALIZED', initializationDate='2025-02-14T23:49:00.009081Z', individualDueDate=null', presentationScore=null}
    23:49:00.033 | 463 ool-1-worker-227 | INFO  | d.t.c.a.a.a.w.o.PublicResultResource : The new result for SHORTA492D8E20D1D9045BF08C3908E6E58A5AA5ATSTEXC-PROGSUBRESGITLABJENSTUDENT1 was saved successfully
    23:49:00.036 | 463 ool-1-worker-227 | DEBUG | d.t.c.a.a.c.s.f.ApiVersionFilter     : Adding Version to Request GET /api/repository/4604/buildlogs
    23:49:00.036 | 463 ool-1-worker-227 | DEBUG | rammingExerciseParticipationResource : REST request to get build log : 4604
    23:49:00.040 | 463 ool-1-worker-227 | DEBUG | d.t.c.a.a.c.s.f.ApiVersionFilter     : Adding Version to Request POST /api/public/programming-exercises/new-result
    23:49:00.040 | 463 ool-1-worker-227 | DEBUG | d.t.c.a.a.a.w.o.PublicResultResource : Received result notify (NEW)
    23:49:00.043 | 463 ool-1-worker-227 | INFO  | d.t.c.a.a.a.w.o.PublicResultResource : Artemis received a new result for build plan SHORTA492D8E20D1D9045BF08C3908E6E58A5AA5ATSTEXC-PROGSUBRESGITLABJENSTUDENT1
    23:49:00.044 | 463 ool-1-worker-227 | DEBUG | .s.ProgrammingExerciseGradingService : Received new build result (NEW) for participation 4604
    23:49:00.065 | 463 ool-1-worker-227 | DEBUG | .c.s.m.InstanceMessageReceiveService : Received schedule participant score for exercise 3404 and participant 773 (result to be deleted: null)
    23:49:00.065 | 463 ool-1-worker-227 | DEBUG | .a.s.ParticipantScoreScheduleService : Scheduled task for exercise 3404 and participant 773 at 2025-02-14T23:49:00.165586099Z[Etc/UTC].
    23:49:00.066 | 463 ool-1-worker-227 | DEBUG | .a.a.p.s.ProgrammingMessagingService : Send result to client over websocket. Result: Result{id929, completionDate=2025-02-14T23:49:00.011040700Z, successful=false, score=0.0, rated=true, assessmentType=AUTOMATIC, hasComplaint=null, testCaseCount=0, passedTestCaseCount=0, codeIssueCount=0}, Submission: ProgrammingSubmission{commitHash='9b3a9bd71a0d80e5bbc42204c319ed3d1d4f0d6d', buildFailed=true, buildArtifact=false, type=MANUAL}, Participation: ProgrammingExerciseStudentParticipation{id=4604, repositoryUri='https://version-control.fake.fake/git/SHORTA492D8E20D1D9045BF08C3908E6E58A5AA5ATSTEXC/shorta492d8e20d1d9045bf08c3908e6e58a5aa5atstexc-progsubresgitlabjenstudent1.git', buildPlanId='SHORTA492D8E20D1D9045BF08C3908E6E58A5AA5ATSTEXC-PROGSUBRESGITLABJENSTUDENT1', initializationState='INITIALIZED', initializationDate='2025-02-14T23:49:00.009081Z', individualDueDate=null', presentationScore=null}
    23:49:00.068 | 463 ool-1-worker-227 | INFO  | d.t.c.a.a.a.w.o.PublicResultResource : The new result for SHORTA492D8E20D1D9045BF08C3908E6E58A5AA5ATSTEXC-PROGSUBRESGITLABJENSTUDENT1 was saved successfully

  Starting logs for ProgrammingSubmissionAndResultGitlabJenkinsIntegrationTest > shouldSaveBuildLogsOnStudentParticipationWithoutResult(ProgrammingLanguage, boolean, boolean) [58] programmingLanguage=SWIFT, enableStaticCodeAnalysis=false, buildFailed=true
    23:49:00.079 | 463 ool-1-worker-227 | DEBUG | d.t.c.a.a.c.u.util.UserUtilService   : Generate 3 students...
    23:49:00.083 | 463 ool-1-worker-227 | DEBUG | d.t.c.a.a.c.u.util.UserUtilService   : 3 students generated. Generate 2 tutors...
    23:49:00.086 | 463 ool-1-worker-227 | DEBUG | d.t.c.a.a.c.u.util.UserUtilService   : 2 tutors generated. Generate 0 editors...
    23:49:00.088 | 463 ool-1-worker-227 | DEBUG | d.t.c.a.a.c.u.util.UserUtilService   : 0 editors generated. Generate 2 instructors...
    23:49:00.091 | 463 ool-1-worker-227 | DEBUG | d.t.c.a.a.c.u.util.UserUtilService   : 2 instructors generated
    23:49:00.092 | 463 ool-1-worker-227 | DEBUG | d.t.c.a.a.c.u.util.UserUtilService   : Removing 7 users from all courses...
    23:49:00.092 | 463 ool-1-worker-227 | DEBUG | d.t.c.a.a.c.u.util.UserUtilService   : Removing 7 users from all courses. Done
    23:49:00.092 | 463 ool-1-worker-227 | DEBUG | d.t.c.a.a.c.u.util.UserUtilService   : Save 7 users to database...
    23:49:00.096 | 463 ool-1-worker-227 | DEBUG | d.t.c.a.a.c.u.util.UserUtilService   : Save 7 users to database. Done
    23:49:00.110 | 463 ool-1-worker-227 | DEBUG | PersonalAccessTokenManagementService : Generate secure vcs access token
    23:49:00.113 | 463 ool-1-worker-227 | DEBUG | PersonalAccessTokenManagementService : Generate secure vcs access token
    23:49:00.114 | 463 ool-1-worker-227 | INFO  | i.z.t.d.l.EmbeddedDatabaseReporter   : JDBC URL to connect to 'dataSource': url='jdbc:h2:tcp://localhost:41063/mem:736625c0-cf5e-400d-aeaa-8a7eabd6262b;USER=sa', scope='ProgrammingSubmissionAndResultGitlabJenkinsIntegrationTest#shouldSaveBuildLogsOnStudentParticipationWithoutResult'
    23:49:00.126 | 463 ool-1-worker-227 | DEBUG | PersonalAccessTokenManagementService : Generate secure vcs access token
    23:49:00.129 | 463 ool-1-worker-227 | DEBUG | d.t.c.a.a.c.s.f.ApiVersionFilter     : Adding Version to Request POST /api/public/programming-exercises/new-result
    23:49:00.129 | 463 ool-1-worker-227 | DEBUG | d.t.c.a.a.a.w.o.PublicResultResource : Received result notify (NEW)
    23:49:00.131 | 463 ool-1-worker-227 | INFO  | d.t.c.a.a.a.w.o.PublicResultResource : Artemis received a new result for build plan SHORTF34C609208B4004EAA0B4E9029AEEB70A430TSTEXC-PROGSUBRESGITLABJENSTUDENT1
    23:49:00.132 | 463 ool-1-worker-227 | DEBUG | .s.ProgrammingExerciseGradingService : Received new build result (NEW) for participation 4611
    23:49:00.146 | 463 ool-1-worker-227 | DEBUG | .c.s.m.InstanceMessageReceiveService : Received schedule participant score for exercise 3406 and participant 773 (result to be deleted: null)
    23:49:00.146 | 463 ool-1-worker-227 | DEBUG | .a.s.ParticipantScoreScheduleService : Scheduled task for exercise 3406 and participant 773 at 2025-02-14T23:49:00.246567698Z[Etc/UTC].
    23:49:00.147 | 463 ool-1-worker-227 | DEBUG | .a.a.p.s.ProgrammingMessagingService : Send result to client over websocket. Result: Result{id930, completionDate=2025-02-14T23:49:00.127373Z, successful=false, score=0.0, rated=true, assessmentType=AUTOMATIC, hasComplaint=null, testCaseCount=0, passedTestCaseCount=0, codeIssueCount=0}, Submission: ProgrammingSubmission{commitHash='9b3a9bd71a0d80e5bbc42204c319ed3d1d4f0d6d', buildFailed=true, buildArtifact=false, type=MANUAL}, Participation: ProgrammingExerciseStudentParticipation{id=4611, repositoryUri='https://version-control.fake.fake/git/SHORTF34C609208B4004EAA0B4E9029AEEB70A430TSTEXC/shortf34c609208b4004eaa0b4e9029aeeb70a430tstexc-progsubresgitlabjenstudent1.git', buildPlanId='SHORTF34C609208B4004EAA0B4E9029AEEB70A430TSTEXC-PROGSUBRESGITLABJENSTUDENT1', initializationState='INITIALIZED', initializationDate='2025-02-14T23:49:00.125409Z', individualDueDate=null', presentationScore=null}
    23:49:00.149 | 463 ool-1-worker-227 | INFO  | d.t.c.a.a.a.w.o.PublicResultResource : The new result for SHORTF34C609208B4004EAA0B4E9029AEEB70A430TSTEXC-PROGSUBRESGITLABJENSTUDENT1 was saved successfully
    23:49:00.152 | 463 ool-1-worker-227 | DEBUG | d.t.c.a.a.c.s.f.ApiVersionFilter     : Adding Version to Request GET /api/repository/4611/buildlogs
    23:49:00.152 | 463 ool-1-worker-227 | DEBUG | rammingExerciseParticipationResource : REST request to get build log : 4611
    23:49:00.156 | 463 ool-1-worker-227 | DEBUG | d.t.c.a.a.c.s.f.ApiVersionFilter     : Adding Version to Request POST /api/public/programming-exercises/new-result
    23:49:00.156 | 463 ool-1-worker-227 | DEBUG | d.t.c.a.a.a.w.o.PublicResultResource : Received result notify (NEW)
    23:49:00.158 | 463 ool-1-worker-227 | INFO  | d.t.c.a.a.a.w.o.PublicResultResource : Artemis received a new result for build plan SHORTF34C609208B4004EAA0B4E9029AEEB70A430TSTEXC-PROGSUBRESGITLABJENSTUDENT1
    23:49:00.159 | 463 ool-1-worker-227 | DEBUG | .s.ProgrammingExerciseGradingService : Received new build result (NEW) for participation 4611
    23:49:00.178 | 463 ool-1-worker-227 | DEBUG | .c.s.m.InstanceMessageReceiveService : Received schedule participant score for exercise 3406 and participant 773 (result to be deleted: null)
    23:49:00.179 | 463 ool-1-worker-227 | DEBUG | .a.s.ParticipantScoreScheduleService : Scheduled task for exercise 3406 and participant 773 at 2025-02-14T23:49:00.279026333Z[Etc/UTC].
    23:49:00.180 | 463 ool-1-worker-227 | DEBUG | .a.a.p.s.ProgrammingMessagingService : Send result to client over websocket. Result: Result{id931, completionDate=2025-02-14T23:49:00.127373Z, successful=false, score=0.0, rated=true, assessmentType=AUTOMATIC, hasComplaint=null, testCaseCount=0, passedTestCaseCount=0, codeIssueCount=0}, Submission: ProgrammingSubmission{commitHash='9b3a9bd71a0d80e5bbc42204c319ed3d1d4f0d6d', buildFailed=true, buildArtifact=false, type=MANUAL}, Participation: ProgrammingExerciseStudentParticipation{id=4611, repositoryUri='https://version-control.fake.fake/git/SHORTF34C609208B4004EAA0B4E9029AEEB70A430TSTEXC/shortf34c609208b4004eaa0b4e9029aeeb70a430tstexc-progsubresgitlabjenstudent1.git', buildPlanId='SHORTF34C609208B4004EAA0B4E9029AEEB70A430TSTEXC-PROGSUBRESGITLABJENSTUDENT1', initializationState='INITIALIZED', initializationDate='2025-02-14T23:49:00.125409Z', individualDueDate=null', presentationScore=null}
    23:49:00.182 | 463 ool-1-worker-227 | INFO  | d.t.c.a.a.a.w.o.PublicResultResource : The new result for SHORTF34C609208B4004EAA0B4E9029AEEB70A430TSTEXC-PROGSUBRESGITLABJENSTUDENT1 was saved successfully

  Starting logs for ProgrammingSubmissionAndResultGitlabJenkinsIntegrationTest > shouldSaveBuildLogsOnStudentParticipationWithoutResult(ProgrammingLanguage, boolean, boolean) [59] programmingLanguage=SWIFT, enableStaticCodeAnalysis=true, buildFailed=false
    23:49:00.193 | 463 ool-1-worker-227 | DEBUG | d.t.c.a.a.c.u.util.UserUtilService   : Generate 3 students...
    23:49:00.197 | 463 ool-1-worker-227 | DEBUG | d.t.c.a.a.c.u.util.UserUtilService   : 3 students generated. Generate 2 tutors...
    23:49:00.200 | 463 ool-1-worker-227 | DEBUG | d.t.c.a.a.c.u.util.UserUtilService   : 2 tutors generated. Generate 0 editors...
    23:49:00.201 | 463 ool-1-worker-227 | DEBUG | d.t.c.a.a.c.u.util.UserUtilService   : 0 editors generated. Generate 2 instructors...
    23:49:00.204 | 463 ool-1-worker-227 | DEBUG | d.t.c.a.a.c.u.util.UserUtilService   : 2 instructors generated
    23:49:00.205 | 463 ool-1-worker-227 | DEBUG | d.t.c.a.a.c.u.util.UserUtilService   : Removing 7 users from all courses...
    23:49:00.206 | 463 ool-1-worker-227 | DEBUG | d.t.c.a.a.c.u.util.UserUtilService   : Removing 7 users from all courses. Done
    23:49:00.206 | 463 ool-1-worker-227 | DEBUG | d.t.c.a.a.c.u.util.UserUtilService   : Save 7 users to database...
    23:49:00.209 | 463 ool-1-worker-227 | DEBUG | d.t.c.a.a.c.u.util.UserUtilService   : Save 7 users to database. Done
    23:49:00.222 | 463 ool-1-worker-227 | DEBUG | PersonalAccessTokenManagementService : Generate secure vcs access token
    23:49:00.225 | 463 ool-1-worker-227 | DEBUG | PersonalAccessTokenManagementService : Generate secure vcs access token
    23:49:00.227 | 463 ool-1-worker-227 | INFO  | i.z.t.d.l.EmbeddedDatabaseReporter   : JDBC URL to connect to 'dataSource': url='jdbc:h2:tcp://localhost:41063/mem:736625c0-cf5e-400d-aeaa-8a7eabd6262b;USER=sa', scope='ProgrammingSubmissionAndResultGitlabJenkinsIntegrationTest#shouldSaveBuildLogsOnStudentParticipationWithoutResult'
    23:49:00.238 | 463 ool-1-worker-227 | DEBUG | PersonalAccessTokenManagementService : Generate secure vcs access token
    23:49:00.241 | 463 ool-1-worker-227 | DEBUG | d.t.c.a.a.c.s.f.ApiVersionFilter     : Adding Version to Request POST /api/public/programming-exercises/new-result
    23:49:00.241 | 463 ool-1-worker-227 | DEBUG | d.t.c.a.a.a.w.o.PublicResultResource : Received result notify (NEW)
    23:49:00.243 | 463 ool-1-worker-227 | INFO  | d.t.c.a.a.a.w.o.PublicResultResource : Artemis received a new result for build plan SHORT3BBA35CE0B19F04B9609C3E0A694EA9BC2BFTSTEXC-PROGSUBRESGITLABJENSTUDENT1
    23:49:00.244 | 463 ool-1-worker-227 | DEBUG | .s.ProgrammingExerciseGradingService : Received new build result (NEW) for participation 4618
    23:49:00.257 | 463 ool-1-worker-227 | DEBUG | .c.s.m.InstanceMessageReceiveService : Received schedule participant score for exercise 3408 and participant 773 (result to be deleted: null)
    23:49:00.257 | 463 ool-1-worker-227 | DEBUG | .a.s.ParticipantScoreScheduleService : Scheduled task for exercise 3408 and participant 773 at 2025-02-14T23:49:00.357702082Z[Etc/UTC].
    23:49:00.258 | 463 ool-1-worker-227 | DEBUG | .a.a.p.s.ProgrammingMessagingService : Send result to client over websocket. Result: Result{id932, completionDate=2025-02-14T23:49:00.239558500Z, successful=false, score=0.0, rated=true, assessmentType=AUTOMATIC, hasComplaint=null, testCaseCount=0, passedTestCaseCount=0, codeIssueCount=0}, Submission: ProgrammingSubmission{commitHash='9b3a9bd71a0d80e5bbc42204c319ed3d1d4f0d6d', buildFailed=true, buildArtifact=false, type=MANUAL}, Participation: ProgrammingExerciseStudentParticipation{id=4618, repositoryUri='https://version-control.fake.fake/git/SHORT3BBA35CE0B19F04B9609C3E0A694EA9BC2BFTSTEXC/short3bba35ce0b19f04b9609c3e0a694ea9bc2bftstexc-progsubresgitlabjenstudent1.git', buildPlanId='SHORT3BBA35CE0B19F04B9609C3E0A694EA9BC2BFTSTEXC-PROGSUBRESGITLABJENSTUDENT1', initializationState='INITIALIZED', initializationDate='2025-02-14T23:49:00.237650Z', individualDueDate=null', presentationScore=null}
    23:49:00.260 | 463 ool-1-worker-227 | INFO  | d.t.c.a.a.a.w.o.PublicResultResource : The new result for SHORT3BBA35CE0B19F04B9609C3E0A694EA9BC2BFTSTEXC-PROGSUBRESGITLABJENSTUDENT1 was saved successfully
    23:49:00.263 | 463 ool-1-worker-227 | DEBUG | d.t.c.a.a.c.s.f.ApiVersionFilter     : Adding Version to Request GET /api/repository/4618/buildlogs
    23:49:00.263 | 463 ool-1-worker-227 | DEBUG | rammingExerciseParticipationResource : REST request to get build log : 4618
    23:49:00.267 | 463 ool-1-worker-227 | DEBUG | d.t.c.a.a.c.s.f.ApiVersionFilter     : Adding Version to Request POST /api/public/programming-exercises/new-result
    23:49:00.268 | 463 ool-1-worker-227 | DEBUG | d.t.c.a.a.a.w.o.PublicResultResource : Received result notify (NEW)
    23:49:00.269 | 463 ool-1-worker-227 | INFO  | d.t.c.a.a.a.w.o.PublicResultResource : Artemis received a new result for build plan SHORT3BBA35CE0B19F04B9609C3E0A694EA9BC2BFTSTEXC-PROGSUBRESGITLABJENSTUDENT1
    23:49:00.270 | 463 ool-1-worker-227 | DEBUG | .s.ProgrammingExerciseGradingService : Received new build result (NEW) for participation 4618
    23:49:00.289 | 463 ool-1-worker-227 | DEBUG | .c.s.m.InstanceMessageReceiveService : Received schedule participant score for exercise 3408 and participant 773 (result to be deleted: null)
    23:49:00.289 | 463 ool-1-worker-227 | DEBUG | .a.s.ParticipantScoreScheduleService : Scheduled task for exercise 3408 and participant 773 at 2025-02-14T23:49:00.389409786Z[Etc/UTC].
    23:49:00.290 | 463 ool-1-worker-227 | DEBUG | .a.a.p.s.ProgrammingMessagingService : Send result to client over websocket. Result: Result{id933, completionDate=2025-02-14T23:49:00.239558500Z, successful=false, score=0.0, rated=true, assessmentType=AUTOMATIC, hasComplaint=null, testCaseCount=0, passedTestCaseCount=0, codeIssueCount=0}, Submission: ProgrammingSubmission{commitHash='9b3a9bd71a0d80e5bbc42204c319ed3d1d4f0d6d', buildFailed=true, buildArtifact=false, type=MANUAL}, Participation: ProgrammingExerciseStudentParticipation{id=4618, repositoryUri='https://version-control.fake.fake/git/SHORT3BBA35CE0B19F04B9609C3E0A694EA9BC2BFTSTEXC/short3bba35ce0b19f04b9609c3e0a694ea9bc2bftstexc-progsubresgitlabjenstudent1.git', buildPlanId='SHORT3BBA35CE0B19F04B9609C3E0A694EA9BC2BFTSTEXC-PROGSUBRESGITLABJENSTUDENT1', initializationState='INITIALIZED', initializationDate='2025-02-14T23:49:00.237650Z', individualDueDate=null', presentationScore=null}
    23:49:00.292 | 463 ool-1-worker-227 | INFO  | d.t.c.a.a.a.w.o.PublicResultResource : The new result for SHORT3BBA35CE0B19F04B9609C3E0A694EA9BC2BFTSTEXC-PROGSUBRESGITLABJENSTUDENT1 was saved successfully

  Starting logs for ProgrammingSubmissionAndResultGitlabJenkinsIntegrationTest > shouldSaveBuildLogsOnStudentParticipationWithoutResult(ProgrammingLanguage, boolean, boolean) [60] programmingLanguage=SWIFT, enableStaticCodeAnalysis=false, buildFailed=false
    23:49:00.302 | 463 ool-1-worker-227 | DEBUG | d.t.c.a.a.c.u.util.UserUtilService   : Generate 3 students...
    23:49:00.306 | 463 ool-1-worker-227 | DEBUG | d.t.c.a.a.c.u.util.UserUtilService   : 3 students generated. Generate 2 tutors...
    23:49:00.309 | 463 ool-1-worker-227 | DEBUG | d.t.c.a.a.c.u.util.UserUtilService   : 2 tutors generated. Generate 0 editors...
    23:49:00.310 | 463 ool-1-worker-227 | DEBUG | d.t.c.a.a.c.u.util.UserUtilService   : 0 editors generated. Generate 2 instructors...
    23:49:00.313 | 463 ool-1-worker-227 | DEBUG | d.t.c.a.a.c.u.util.UserUtilService   : 2 instructors generated
    23:49:00.315 | 463 ool-1-worker-227 | DEBUG | d.t.c.a.a.c.u.util.UserUtilService   : Removing 7 users from all courses...
    23:49:00.315 | 463 ool-1-worker-227 | DEBUG | d.t.c.a.a.c.u.util.UserUtilService   : Removing 7 users from all courses. Done
    23:49:00.315 | 463 ool-1-worker-227 | DEBUG | d.t.c.a.a.c.u.util.UserUtilService   : Save 7 users to database...
    23:49:00.318 | 463 ool-1-worker-227 | DEBUG | d.t.c.a.a.c.u.util.UserUtilService   : Save 7 users to database. Done
    23:49:00.332 | 463 ool-1-worker-227 | DEBUG | PersonalAccessTokenManagementService : Generate secure vcs access token
    23:49:00.334 | 463 ool-1-worker-227 | DEBUG | PersonalAccessTokenManagementService : Generate secure vcs access token
    23:49:00.336 | 463 ool-1-worker-227 | INFO  | i.z.t.d.l.EmbeddedDatabaseReporter   : JDBC URL to connect to 'dataSource': url='jdbc:h2:tcp://localhost:41063/mem:736625c0-cf5e-400d-aeaa-8a7eabd6262b;USER=sa', scope='ProgrammingSubmissionAndResultGitlabJenkinsIntegrationTest#shouldSaveBuildLogsOnStudentParticipationWithoutResult'
    23:49:00.348 | 463 ool-1-worker-227 | DEBUG | PersonalAccessTokenManagementService : Generate secure vcs access token
    23:49:00.351 | 463 ool-1-worker-227 | DEBUG | d.t.c.a.a.c.s.f.ApiVersionFilter     : Adding Version to Request POST /api/public/programming-exercises/new-result
    23:49:00.351 | 463 ool-1-worker-227 | DEBUG | d.t.c.a.a.a.w.o.PublicResultResource : Received result notify (NEW)
    23:49:00.353 | 463 ool-1-worker-227 | INFO  | d.t.c.a.a.a.w.o.PublicResultResource : Artemis received a new result for build plan SHORT30ED36670CE970415E0A0A00926846E55278TSTEXC-PROGSUBRESGITLABJENSTUDENT1
    23:49:00.354 | 463 ool-1-worker-227 | DEBUG | .s.ProgrammingExerciseGradingService : Received new build result (NEW) for participation 4625
    23:49:00.367 | 463 ool-1-worker-227 | DEBUG | .c.s.m.InstanceMessageReceiveService : Received schedule participant score for exercise 3410 and participant 773 (result to be deleted: null)
    23:49:00.367 | 463 ool-1-worker-227 | DEBUG | .a.s.ParticipantScoreScheduleService : Scheduled task for exercise 3410 and participant 773 at 2025-02-14T23:49:00.467638722Z[Etc/UTC].
    23:49:00.368 | 463 ool-1-worker-227 | DEBUG | .a.a.p.s.ProgrammingMessagingService : Send result to client over websocket. Result: Result{id934, completionDate=2025-02-14T23:49:00.349380500Z, successful=false, score=0.0, rated=true, assessmentType=AUTOMATIC, hasComplaint=null, testCaseCount=0, passedTestCaseCount=0, codeIssueCount=0}, Submission: ProgrammingSubmission{commitHash='9b3a9bd71a0d80e5bbc42204c319ed3d1d4f0d6d', buildFailed=true, buildArtifact=false, type=MANUAL}, Participation: ProgrammingExerciseStudentParticipation{id=4625, repositoryUri='https://version-control.fake.fake/git/SHORT30ED36670CE970415E0A0A00926846E55278TSTEXC/short30ed36670ce970415e0a0a00926846e55278tstexc-progsubresgitlabjenstudent1.git', buildPlanId='SHORT30ED36670CE970415E0A0A00926846E55278TSTEXC-PROGSUBRESGITLABJENSTUDENT1', initializationState='INITIALIZED', initializationDate='2025-02-14T23:49:00.347369Z', individualDueDate=null', presentationScore=null}
    23:49:00.370 | 463 ool-1-worker-227 | INFO  | d.t.c.a.a.a.w.o.PublicResultResource : The new result for SHORT30ED36670CE970415E0A0A00926846E55278TSTEXC-PROGSUBRESGITLABJENSTUDENT1 was saved successfully
    23:49:00.373 | 463 ool-1-worker-227 | DEBUG | d.t.c.a.a.c.s.f.ApiVersionFilter     : Adding Version to Request GET /api/repository/4625/buildlogs
    23:49:00.373 | 463 ool-1-worker-227 | DEBUG | rammingExerciseParticipationResource : REST request to get build log : 4625
    23:49:00.377 | 463 ool-1-worker-227 | DEBUG | d.t.c.a.a.c.s.f.ApiVersionFilter     : Adding Version to Request POST /api/public/programming-exercises/new-result
    23:49:00.377 | 463 ool-1-worker-227 | DEBUG | d.t.c.a.a.a.w.o.PublicResultResource : Received result notify (NEW)
    23:49:00.379 | 463 ool-1-worker-227 | INFO  | d.t.c.a.a.a.w.o.PublicResultResource : Artemis received a new result for build plan SHORT30ED36670CE970415E0A0A00926846E55278TSTEXC-PROGSUBRESGITLABJENSTUDENT1
    23:49:00.380 | 463 ool-1-worker-227 | DEBUG | .s.ProgrammingExerciseGradingService : Received new build result (NEW) for participation 4625
    23:49:00.398 | 463 ool-1-worker-227 | DEBUG | .c.s.m.InstanceMessageReceiveService : Received schedule participant score for exercise 3410 and participant 773 (result to be deleted: null)
    23:49:00.398 | 463 ool-1-worker-227 | DEBUG | .a.s.ParticipantScoreScheduleService : Scheduled task for exercise 3410 and participant 773 at 2025-02-14T23:49:00.498599553Z[Etc/UTC].
    23:49:00.399 | 463 ool-1-worker-227 | DEBUG | .a.a.p.s.ProgrammingMessagingService : Send result to client over websocket. Result: Result{id935, completionDate=2025-02-14T23:49:00.349380500Z, successful=false, score=0.0, rated=true, assessmentType=AUTOMATIC, hasComplaint=null, testCaseCount=0, passedTestCaseCount=0, codeIssueCount=0}, Submission: ProgrammingSubmission{commitHash='9b3a9bd71a0d80e5bbc42204c319ed3d1d4f0d6d', buildFailed=true, buildArtifact=false, type=MANUAL}, Participation: ProgrammingExerciseStudentParticipation{id=4625, repositoryUri='https://version-control.fake.fake/git/SHORT30ED36670CE970415E0A0A00926846E55278TSTEXC/short30ed36670ce970415e0a0a00926846e55278tstexc-progsubresgitlabjenstudent1.git', buildPlanId='SHORT30ED36670CE970415E0A0A00926846E55278TSTEXC-PROGSUBRESGITLABJENSTUDENT1', initializationState='INITIALIZED', initializationDate='2025-02-14T23:49:00.347369Z', individualDueDate=null', presentationScore=null}
    23:49:00.401 | 463 ool-1-worker-227 | INFO  | d.t.c.a.a.a.w.o.PublicResultResource : The new result for SHORT30ED36670CE970415E0A0A00926846E55278TSTEXC-PROGSUBRESGITLABJENSTUDENT1 was saved successfully

  Starting logs for ProgrammingSubmissionAndResultGitlabJenkinsIntegrationTest > shouldSaveBuildLogsOnStudentParticipationWithoutResult(ProgrammingLanguage, boolean, boolean) [61] programmingLanguage=GO, enableStaticCodeAnalysis=true, buildFailed=true
    23:49:00.412 | 463 ool-1-worker-227 | DEBUG | d.t.c.a.a.c.u.util.UserUtilService   : Generate 3 students...
    23:49:00.416 | 463 ool-1-worker-227 | DEBUG | d.t.c.a.a.c.u.util.UserUtilService   : 3 students generated. Generate 2 tutors...
    23:49:00.419 | 463 ool-1-worker-227 | DEBUG | d.t.c.a.a.c.u.util.UserUtilService   : 2 tutors generated. Generate 0 editors...
    23:49:00.420 | 463 ool-1-worker-227 | DEBUG | d.t.c.a.a.c.u.util.UserUtilService   : 0 editors generated. Generate 2 instructors...
    23:49:00.423 | 463 ool-1-worker-227 | DEBUG | d.t.c.a.a.c.u.util.UserUtilService   : 2 instructors generated
    23:49:00.424 | 463 ool-1-worker-227 | DEBUG | d.t.c.a.a.c.u.util.UserUtilService   : Removing 7 users from all courses...
    23:49:00.425 | 463 ool-1-worker-227 | DEBUG | d.t.c.a.a.c.u.util.UserUtilService   : Removing 7 users from all courses. Done
    23:49:00.425 | 463 ool-1-worker-227 | DEBUG | d.t.c.a.a.c.u.util.UserUtilService   : Save 7 users to database...
    23:49:00.428 | 463 ool-1-worker-227 | DEBUG | d.t.c.a.a.c.u.util.UserUtilService   : Save 7 users to database. Done
    23:49:00.442 | 463 ool-1-worker-227 | DEBUG | PersonalAccessTokenManagementService : Generate secure vcs access token
    23:49:00.444 | 463 ool-1-worker-227 | DEBUG | PersonalAccessTokenManagementService : Generate secure vcs access token
    23:49:00.446 | 463 ool-1-worker-227 | INFO  | i.z.t.d.l.EmbeddedDatabaseReporter   : JDBC URL to connect to 'dataSource': url='jdbc:h2:tcp://localhost:41063/mem:736625c0-cf5e-400d-aeaa-8a7eabd6262b;USER=sa', scope='ProgrammingSubmissionAndResultGitlabJenkinsIntegrationTest#shouldSaveBuildLogsOnStudentParticipationWithoutResult'
    23:49:00.458 | 463 ool-1-worker-227 | DEBUG | PersonalAccessTokenManagementService : Generate secure vcs access token
    23:49:00.461 | 463 ool-1-worker-227 | DEBUG | d.t.c.a.a.c.s.f.ApiVersionFilter     : Adding Version to Request POST /api/public/programming-exercises/new-result
    23:49:00.461 | 463 ool-1-worker-227 | DEBUG | d.t.c.a.a.a.w.o.PublicResultResource : Received result notify (NEW)
    23:49:00.463 | 463 ool-1-worker-227 | INFO  | d.t.c.a.a.a.w.o.PublicResultResource : Artemis received a new result for build plan SHORTADD755270B622040DF095BF09CB6E6821EAATSTEXC-PROGSUBRESGITLABJENSTUDENT1
    23:49:00.464 | 463 ool-1-worker-227 | DEBUG | .s.ProgrammingExerciseGradingService : Received new build result (NEW) for participation 4632
    23:49:00.477 | 463 ool-1-worker-227 | DEBUG | .c.s.m.InstanceMessageReceiveService : Received schedule participant score for exercise 3412 and participant 773 (result to be deleted: null)
    23:49:00.477 | 463 ool-1-worker-227 | DEBUG | .a.s.ParticipantScoreScheduleService : Scheduled task for exercise 3412 and participant 773 at 2025-02-14T23:49:00.577886731Z[Etc/UTC].
    23:49:00.478 | 463 ool-1-worker-227 | DEBUG | .a.a.p.s.ProgrammingMessagingService : Send result to client over websocket. Result: Result{id936, completionDate=2025-02-14T23:49:00.459277400Z, successful=false, score=0.0, rated=true, assessmentType=AUTOMATIC, hasComplaint=null, testCaseCount=0, passedTestCaseCount=0, codeIssueCount=0}, Submission: ProgrammingSubmission{commitHash='9b3a9bd71a0d80e5bbc42204c319ed3d1d4f0d6d', buildFailed=true, buildArtifact=false, type=MANUAL}, Participation: ProgrammingExerciseStudentParticipation{id=4632, repositoryUri='https://version-control.fake.fake/git/SHORTADD755270B622040DF095BF09CB6E6821EAATSTEXC/shortadd755270b622040df095bf09cb6e6821eaatstexc-progsubresgitlabjenstudent1.git', buildPlanId='SHORTADD755270B622040DF095BF09CB6E6821EAATSTEXC-PROGSUBRESGITLABJENSTUDENT1', initializationState='INITIALIZED', initializationDate='2025-02-14T23:49:00.457336Z', individualDueDate=null', presentationScore=null}
    23:49:00.480 | 463 ool-1-worker-227 | INFO  | d.t.c.a.a.a.w.o.PublicResultResource : The new result for SHORTADD755270B622040DF095BF09CB6E6821EAATSTEXC-PROGSUBRESGITLABJENSTUDENT1 was saved successfully
    23:49:00.483 | 463 ool-1-worker-227 | DEBUG | d.t.c.a.a.c.s.f.ApiVersionFilter     : Adding Version to Request GET /api/repository/4632/buildlogs
    23:49:00.483 | 463 ool-1-worker-227 | DEBUG | rammingExerciseParticipationResource : REST request to get build log : 4632
    23:49:00.487 | 463 ool-1-worker-227 | DEBUG | d.t.c.a.a.c.s.f.ApiVersionFilter     : Adding Version to Request POST /api/public/programming-exercises/new-result
    23:49:00.488 | 463 ool-1-worker-227 | DEBUG | d.t.c.a.a.a.w.o.PublicResultResource : Received result notify (NEW)
    23:49:00.489 | 463 ool-1-worker-227 | INFO  | d.t.c.a.a.a.w.o.PublicResultResource : Artemis received a new result for build plan SHORTADD755270B622040DF095BF09CB6E6821EAATSTEXC-PROGSUBRESGITLABJENSTUDENT1
    23:49:00.490 | 463 ool-1-worker-227 | DEBUG | .s.ProgrammingExerciseGradingService : Received new build result (NEW) for participation 4632
    23:49:00.508 | 463 ool-1-worker-227 | DEBUG | .c.s.m.InstanceMessageReceiveService : Received schedule participant score for exercise 3412 and participant 773 (result to be deleted: null)
    23:49:00.508 | 463 ool-1-worker-227 | DEBUG | .a.s.ParticipantScoreScheduleService : Scheduled task for exercise 3412 and participant 773 at 2025-02-14T23:49:00.608560966Z[Etc/UTC].
    23:49:00.509 | 463 ool-1-worker-227 | DEBUG | .a.a.p.s.ProgrammingMessagingService : Send result to client over websocket. Result: Result{id937, completionDate=2025-02-14T23:49:00.459277400Z, successful=false, score=0.0, rated=true, assessmentType=AUTOMATIC, hasComplaint=null, testCaseCount=0, passedTestCaseCount=0, codeIssueCount=0}, Submission: ProgrammingSubmission{commitHash='9b3a9bd71a0d80e5bbc42204c319ed3d1d4f0d6d', buildFailed=true, buildArtifact=false, type=MANUAL}, Participation: ProgrammingExerciseStudentParticipation{id=4632, repositoryUri='https://version-control.fake.fake/git/SHORTADD755270B622040DF095BF09CB6E6821EAATSTEXC/shortadd755270b622040df095bf09cb6e6821eaatstexc-progsubresgitlabjenstudent1.git', buildPlanId='SHORTADD755270B622040DF095BF09CB6E6821EAATSTEXC-PROGSUBRESGITLABJENSTUDENT1', initializationState='INITIALIZED', initializationDate='2025-02-14T23:49:00.457336Z', individualDueDate=null', presentationScore=null}
    23:49:00.511 | 463 ool-1-worker-227 | INFO  | d.t.c.a.a.a.w.o.PublicResultResource : The new result for SHORTADD755270B622040DF095BF09CB6E6821EAATSTEXC-PROGSUBRESGITLABJENSTUDENT1 was saved successfully

  Starting logs for ProgrammingSubmissionAndResultGitlabJenkinsIntegrationTest > shouldSaveBuildLogsOnStudentParticipationWithoutResult(ProgrammingLanguage, boolean, boolean) [62] programmingLanguage=GO, enableStaticCodeAnalysis=false, buildFailed=true
    23:49:00.521 | 463 ool-1-worker-227 | DEBUG | d.t.c.a.a.c.u.util.UserUtilService   : Generate 3 students...
    23:49:00.526 | 463 ool-1-worker-227 | DEBUG | d.t.c.a.a.c.u.util.UserUtilService   : 3 students generated. Generate 2 tutors...
    23:49:00.528 | 463 ool-1-worker-227 | DEBUG | d.t.c.a.a.c.u.util.UserUtilService   : 2 tutors generated. Generate 0 editors...
    23:49:00.530 | 463 ool-1-worker-227 | DEBUG | d.t.c.a.a.c.u.util.UserUtilService   : 0 editors generated. Generate 2 instructors...
    23:49:00.533 | 463 ool-1-worker-227 | DEBUG | d.t.c.a.a.c.u.util.UserUtilService   : 2 instructors generated
    23:49:00.534 | 463 ool-1-worker-227 | DEBUG | d.t.c.a.a.c.u.util.UserUtilService   : Removing 7 users from all courses...
    23:49:00.535 | 463 ool-1-worker-227 | DEBUG | d.t.c.a.a.c.u.util.UserUtilService   : Removing 7 users from all courses. Done
    23:49:00.535 | 463 ool-1-worker-227 | DEBUG | d.t.c.a.a.c.u.util.UserUtilService   : Save 7 users to database...
    23:49:00.538 | 463 ool-1-worker-227 | DEBUG | d.t.c.a.a.c.u.util.UserUtilService   : Save 7 users to database. Done
    23:49:00.551 | 463 ool-1-worker-227 | DEBUG | PersonalAccessTokenManagementService : Generate secure vcs access token
    23:49:00.554 | 463 ool-1-worker-227 | DEBUG | PersonalAccessTokenManagementService : Generate secure vcs access token
    23:49:00.555 | 463 ool-1-worker-227 | INFO  | i.z.t.d.l.EmbeddedDatabaseReporter   : JDBC URL to connect to 'dataSource': url='jdbc:h2:tcp://localhost:41063/mem:736625c0-cf5e-400d-aeaa-8a7eabd6262b;USER=sa', scope='ProgrammingSubmissionAndResultGitlabJenkinsIntegrationTest#shouldSaveBuildLogsOnStudentParticipationWithoutResult'
    23:49:00.567 | 463 ool-1-worker-227 | DEBUG | PersonalAccessTokenManagementService : Generate secure vcs access token
    23:49:00.570 | 463 ool-1-worker-227 | DEBUG | d.t.c.a.a.c.s.f.ApiVersionFilter     : Adding Version to Request POST /api/public/programming-exercises/new-result
    23:49:00.570 | 463 ool-1-worker-227 | DEBUG | d.t.c.a.a.a.w.o.PublicResultResource : Received result notify (NEW)
    23:49:00.572 | 463 ool-1-worker-227 | INFO  | d.t.c.a.a.a.w.o.PublicResultResource : Artemis received a new result for build plan SHORTD4F581880090D04BC40892500F6D386EC2BDTSTEXC-PROGSUBRESGITLABJENSTUDENT1
    23:49:00.573 | 463 ool-1-worker-227 | DEBUG | .s.ProgrammingExerciseGradingService : Received new build result (NEW) for participation 4639
    23:49:00.586 | 463 ool-1-worker-227 | DEBUG | .c.s.m.InstanceMessageReceiveService : Received schedule participant score for exercise 3414 and participant 773 (result to be deleted: null)
    23:49:00.586 | 463 ool-1-worker-227 | DEBUG | .a.s.ParticipantScoreScheduleService : Scheduled task for exercise 3414 and participant 773 at 2025-02-14T23:49:00.686963090Z[Etc/UTC].
    23:49:00.587 | 463 ool-1-worker-227 | DEBUG | .a.a.p.s.ProgrammingMessagingService : Send result to client over websocket. Result: Result{id938, completionDate=2025-02-14T23:49:00.568427600Z, successful=false, score=0.0, rated=true, assessmentType=AUTOMATIC, hasComplaint=null, testCaseCount=0, passedTestCaseCount=0, codeIssueCount=0}, Submission: ProgrammingSubmission{commitHash='9b3a9bd71a0d80e5bbc42204c319ed3d1d4f0d6d', buildFailed=true, buildArtifact=false, type=MANUAL}, Participation: ProgrammingExerciseStudentParticipation{id=4639, repositoryUri='https://version-control.fake.fake/git/SHORTD4F581880090D04BC40892500F6D386EC2BDTSTEXC/shortd4f581880090d04bc40892500f6d386ec2bdtstexc-progsubresgitlabjenstudent1.git', buildPlanId='SHORTD4F581880090D04BC40892500F6D386EC2BDTSTEXC-PROGSUBRESGITLABJENSTUDENT1', initializationState='INITIALIZED', initializationDate='2025-02-14T23:49:00.566502Z', individualDueDate=null', presentationScore=null}
    23:49:00.589 | 463 ool-1-worker-227 | INFO  | d.t.c.a.a.a.w.o.PublicResultResource : The new result for SHORTD4F581880090D04BC40892500F6D386EC2BDTSTEXC-PROGSUBRESGITLABJENSTUDENT1 was saved successfully
    23:49:00.592 | 463 ool-1-worker-227 | DEBUG | d.t.c.a.a.c.s.f.ApiVersionFilter     : Adding Version to Request GET /api/repository/4639/buildlogs
    23:49:00.592 | 463 ool-1-worker-227 | DEBUG | rammingExerciseParticipationResource : REST request to get build log : 4639
    23:49:00.596 | 463 ool-1-worker-227 | DEBUG | d.t.c.a.a.c.s.f.ApiVersionFilter     : Adding Version to Request POST /api/public/programming-exercises/new-result
    23:49:00.597 | 463 ool-1-worker-227 | DEBUG | d.t.c.a.a.a.w.o.PublicResultResource : Received result notify (NEW)
    23:49:00.598 | 463 ool-1-worker-227 | INFO  | d.t.c.a.a.a.w.o.PublicResultResource : Artemis received a new result for build plan SHORTD4F581880090D04BC40892500F6D386EC2BDTSTEXC-PROGSUBRESGITLABJENSTUDENT1
    23:49:00.599 | 463 ool-1-worker-227 | DEBUG | .s.ProgrammingExerciseGradingService : Received new build result (NEW) for participation 4639
    23:49:00.618 | 463 ool-1-worker-227 | DEBUG | .c.s.m.InstanceMessageReceiveService : Received schedule participant score for exercise 3414 and participant 773 (result to be deleted: null)
    23:49:00.618 | 463 ool-1-worker-227 | DEBUG | .a.s.ParticipantScoreScheduleService : Scheduled task for exercise 3414 and participant 773 at 2025-02-14T23:49:00.718174116Z[Etc/UTC].
    23:49:00.619 | 463 ool-1-worker-227 | DEBUG | .a.a.p.s.ProgrammingMessagingService : Send result to client over websocket. Result: Result{id939, completionDate=2025-02-14T23:49:00.568427600Z, successful=false, score=0.0, rated=true, assessmentType=AUTOMATIC, hasComplaint=null, testCaseCount=0, passedTestCaseCount=0, codeIssueCount=0}, Submission: ProgrammingSubmission{commitHash='9b3a9bd71a0d80e5bbc42204c319ed3d1d4f0d6d', buildFailed=true, buildArtifact=false, type=MANUAL}, Participation: ProgrammingExerciseStudentParticipation{id=4639, repositoryUri='https://version-control.fake.fake/git/SHORTD4F581880090D04BC40892500F6D386EC2BDTSTEXC/shortd4f581880090d04bc40892500f6d386ec2bdtstexc-progsubresgitlabjenstudent1.git', buildPlanId='SHORTD4F581880090D04BC40892500F6D386EC2BDTSTEXC-PROGSUBRESGITLABJENSTUDENT1', initializationState='INITIALIZED', initializationDate='2025-02-14T23:49:00.566502Z', individualDueDate=null', presentationScore=null}
    23:49:00.621 | 463 ool-1-worker-227 | INFO  | d.t.c.a.a.a.w.o.PublicResultResource : The new result for SHORTD4F581880090D04BC40892500F6D386EC2BDTSTEXC-PROGSUBRESGITLABJENSTUDENT1 was saved successfully

  Starting logs for ProgrammingSubmissionAndResultGitlabJenkinsIntegrationTest > shouldSaveBuildLogsOnStudentParticipationWithoutResult(ProgrammingLanguage, boolean, boolean) [63] programmingLanguage=GO, enableStaticCodeAnalysis=true, buildFailed=false
    23:49:00.632 | 463 ool-1-worker-227 | DEBUG | d.t.c.a.a.c.u.util.UserUtilService   : Generate 3 students...
    23:49:00.636 | 463 ool-1-worker-227 | DEBUG | d.t.c.a.a.c.u.util.UserUtilService   : 3 students generated. Generate 2 tutors...
    23:49:00.639 | 463 ool-1-worker-227 | DEBUG | d.t.c.a.a.c.u.util.UserUtilService   : 2 tutors generated. Generate 0 editors...
    23:49:00.640 | 463 ool-1-worker-227 | DEBUG | d.t.c.a.a.c.u.util.UserUtilService   : 0 editors generated. Generate 2 instructors...
    23:49:00.643 | 463 ool-1-worker-227 | DEBUG | d.t.c.a.a.c.u.util.UserUtilService   : 2 instructors generated
    23:49:00.644 | 463 ool-1-worker-227 | DEBUG | d.t.c.a.a.c.u.util.UserUtilService   : Removing 7 users from all courses...
    23:49:00.645 | 463 ool-1-worker-227 | DEBUG | d.t.c.a.a.c.u.util.UserUtilService   : Removing 7 users from all courses. Done
    23:49:00.645 | 463 ool-1-worker-227 | DEBUG | d.t.c.a.a.c.u.util.UserUtilService   : Save 7 users to database...
    23:49:00.648 | 463 ool-1-worker-227 | DEBUG | d.t.c.a.a.c.u.util.UserUtilService   : Save 7 users to database. Done
    23:49:00.661 | 463 ool-1-worker-227 | DEBUG | PersonalAccessTokenManagementService : Generate secure vcs access token
    23:49:00.664 | 463 ool-1-worker-227 | DEBUG | PersonalAccessTokenManagementService : Generate secure vcs access token
    23:49:00.666 | 463 ool-1-worker-227 | INFO  | i.z.t.d.l.EmbeddedDatabaseReporter   : JDBC URL to connect to 'dataSource': url='jdbc:h2:tcp://localhost:41063/mem:736625c0-cf5e-400d-aeaa-8a7eabd6262b;USER=sa', scope='ProgrammingSubmissionAndResultGitlabJenkinsIntegrationTest#shouldSaveBuildLogsOnStudentParticipationWithoutResult'
    23:49:00.677 | 463 ool-1-worker-227 | DEBUG | PersonalAccessTokenManagementService : Generate secure vcs access token
    23:49:00.680 | 463 ool-1-worker-227 | DEBUG | d.t.c.a.a.c.s.f.ApiVersionFilter     : Adding Version to Request POST /api/public/programming-exercises/new-result
    23:49:00.681 | 463 ool-1-worker-227 | DEBUG | d.t.c.a.a.a.w.o.PublicResultResource : Received result notify (NEW)
    23:49:00.682 | 463 ool-1-worker-227 | INFO  | d.t.c.a.a.a.w.o.PublicResultResource : Artemis received a new result for build plan SHORT7A0E3E3807270048B90A528087C6CFB6908FTSTEXC-PROGSUBRESGITLABJENSTUDENT1
    23:49:00.683 | 463 ool-1-worker-227 | DEBUG | .s.ProgrammingExerciseGradingService : Received new build result (NEW) for participation 4646
    23:49:00.696 | 463 ool-1-worker-227 | DEBUG | .c.s.m.InstanceMessageReceiveService : Received schedule participant score for exercise 3416 and participant 773 (result to be deleted: null)
    23:49:00.696 | 463 ool-1-worker-227 | DEBUG | .a.s.ParticipantScoreScheduleService : Scheduled task for exercise 3416 and participant 773 at 2025-02-14T23:49:00.796977298Z[Etc/UTC].
    23:49:00.697 | 463 ool-1-worker-227 | DEBUG | .a.a.p.s.ProgrammingMessagingService : Send result to client over websocket. Result: Result{id940, completionDate=2025-02-14T23:49:00.678887Z, successful=false, score=0.0, rated=true, assessmentType=AUTOMATIC, hasComplaint=null, testCaseCount=0, passedTestCaseCount=0, codeIssueCount=0}, Submission: ProgrammingSubmission{commitHash='9b3a9bd71a0d80e5bbc42204c319ed3d1d4f0d6d', buildFailed=true, buildArtifact=false, type=MANUAL}, Participation: ProgrammingExerciseStudentParticipation{id=4646, repositoryUri='https://version-control.fake.fake/git/SHORT7A0E3E3807270048B90A528087C6CFB6908FTSTEXC/short7a0e3e3807270048b90a528087c6cfb6908ftstexc-progsubresgitlabjenstudent1.git', buildPlanId='SHORT7A0E3E3807270048B90A528087C6CFB6908FTSTEXC-PROGSUBRESGITLABJENSTUDENT1', initializationState='INITIALIZED', initializationDate='2025-02-14T23:49:00.676922Z', individualDueDate=null', presentationScore=null}
    23:49:00.699 | 463 ool-1-worker-227 | INFO  | d.t.c.a.a.a.w.o.PublicResultResource : The new result for SHORT7A0E3E3807270048B90A528087C6CFB6908FTSTEXC-PROGSUBRESGITLABJENSTUDENT1 was saved successfully
    23:49:00.702 | 463 ool-1-worker-227 | DEBUG | d.t.c.a.a.c.s.f.ApiVersionFilter     : Adding Version to Request GET /api/repository/4646/buildlogs
    23:49:00.703 | 463 ool-1-worker-227 | DEBUG | rammingExerciseParticipationResource : REST request to get build log : 4646
    23:49:00.707 | 463 ool-1-worker-227 | DEBUG | d.t.c.a.a.c.s.f.ApiVersionFilter     : Adding Version to Request POST /api/public/programming-exercises/new-result
    23:49:00.707 | 463 ool-1-worker-227 | DEBUG | d.t.c.a.a.a.w.o.PublicResultResource : Received result notify (NEW)
    23:49:00.708 | 463 ool-1-worker-227 | INFO  | d.t.c.a.a.a.w.o.PublicResultResource : Artemis received a new result for build plan SHORT7A0E3E3807270048B90A528087C6CFB6908FTSTEXC-PROGSUBRESGITLABJENSTUDENT1
    23:49:00.710 | 463 ool-1-worker-227 | DEBUG | .s.ProgrammingExerciseGradingService : Received new build result (NEW) for participation 4646
    23:49:00.728 | 463 ool-1-worker-227 | DEBUG | .c.s.m.InstanceMessageReceiveService : Received schedule participant score for exercise 3416 and participant 773 (result to be deleted: null)
    23:49:00.728 | 463 ool-1-worker-227 | DEBUG | .a.s.ParticipantScoreScheduleService : Scheduled task for exercise 3416 and participant 773 at 2025-02-14T23:49:00.828747336Z[Etc/UTC].
    23:49:00.729 | 463 ool-1-worker-227 | DEBUG | .a.a.p.s.ProgrammingMessagingService : Send result to client over websocket. Result: Result{id941, completionDate=2025-02-14T23:49:00.678887Z, successful=false, score=0.0, rated=true, assessmentType=AUTOMATIC, hasComplaint=null, testCaseCount=0, passedTestCaseCount=0, codeIssueCount=0}, Submission: ProgrammingSubmission{commitHash='9b3a9bd71a0d80e5bbc42204c319ed3d1d4f0d6d', buildFailed=true, buildArtifact=false, type=MANUAL}, Participation: ProgrammingExerciseStudentParticipation{id=4646, repositoryUri='https://version-control.fake.fake/git/SHORT7A0E3E3807270048B90A528087C6CFB6908FTSTEXC/short7a0e3e3807270048b90a528087c6cfb6908ftstexc-progsubresgitlabjenstudent1.git', buildPlanId='SHORT7A0E3E3807270048B90A528087C6CFB6908FTSTEXC-PROGSUBRESGITLABJENSTUDENT1', initializationState='INITIALIZED', initializationDate='2025-02-14T23:49:00.676922Z', individualDueDate=null', presentationScore=null}
    23:49:00.731 | 463 ool-1-worker-227 | INFO  | d.t.c.a.a.a.w.o.PublicResultResource : The new result for SHORT7A0E3E3807270048B90A528087C6CFB6908FTSTEXC-PROGSUBRESGITLABJENSTUDENT1 was saved successfully

  Starting logs for ProgrammingSubmissionAndResultGitlabJenkinsIntegrationTest > shouldSaveBuildLogsOnStudentParticipationWithoutResult(ProgrammingLanguage, boolean, boolean) [64] programmingLanguage=GO, enableStaticCodeAnalysis=false, buildFailed=false
    23:49:00.742 | 463 ool-1-worker-227 | DEBUG | d.t.c.a.a.c.u.util.UserUtilService   : Generate 3 students...
    23:49:00.746 | 463 ool-1-worker-227 | DEBUG | d.t.c.a.a.c.u.util.UserUtilService   : 3 students generated. Generate 2 tutors...
    23:49:00.749 | 463 ool-1-worker-227 | DEBUG | d.t.c.a.a.c.u.util.UserUtilService   : 2 tutors generated. Generate 0 editors...
    23:49:00.750 | 463 ool-1-worker-227 | DEBUG | d.t.c.a.a.c.u.util.UserUtilService   : 0 editors generated. Generate 2 instructors...
    23:49:00.753 | 463 ool-1-worker-227 | DEBUG | d.t.c.a.a.c.u.util.UserUtilService   : 2 instructors generated
    23:49:00.754 | 463 ool-1-worker-227 | DEBUG | d.t.c.a.a.c.u.util.UserUtilService   : Removing 7 users from all courses...
    23:49:00.755 | 463 ool-1-worker-227 | DEBUG | d.t.c.a.a.c.u.util.UserUtilService   : Removing 7 users from all courses. Done
    23:49:00.755 | 463 ool-1-worker-227 | DEBUG | d.t.c.a.a.c.u.util.UserUtilService   : Save 7 users to database...
    23:49:00.758 | 463 ool-1-worker-227 | DEBUG | d.t.c.a.a.c.u.util.UserUtilService   : Save 7 users to database. Done
    23:49:00.771 | 463 ool-1-worker-227 | DEBUG | PersonalAccessTokenManagementService : Generate secure vcs access token
    23:49:00.774 | 463 ool-1-worker-227 | DEBUG | PersonalAccessTokenManagementService : Generate secure vcs access token
    23:49:00.776 | 463 ool-1-worker-227 | INFO  | i.z.t.d.l.EmbeddedDatabaseReporter   : JDBC URL to connect to 'dataSource': url='jdbc:h2:tcp://localhost:41063/mem:736625c0-cf5e-400d-aeaa-8a7eabd6262b;USER=sa', scope='ProgrammingSubmissionAndResultGitlabJenkinsIntegrationTest#shouldSaveBuildLogsOnStudentParticipationWithoutResult'
    23:49:00.787 | 463 ool-1-worker-227 | DEBUG | PersonalAccessTokenManagementService : Generate secure vcs access token
    23:49:00.790 | 463 ool-1-worker-227 | DEBUG | d.t.c.a.a.c.s.f.ApiVersionFilter     : Adding Version to Request POST /api/public/programming-exercises/new-result
    23:49:00.790 | 463 ool-1-worker-227 | DEBUG | d.t.c.a.a.a.w.o.PublicResultResource : Received result notify (NEW)
    23:49:00.792 | 463 ool-1-worker-227 | INFO  | d.t.c.a.a.a.w.o.PublicResultResource : Artemis received a new result for build plan SHORTEFDE4E870106504F950B0E4085B449DA2953TSTEXC-PROGSUBRESGITLABJENSTUDENT1
    23:49:00.793 | 463 ool-1-worker-227 | DEBUG | .s.ProgrammingExerciseGradingService : Received new build result (NEW) for participation 4653
    23:49:00.806 | 463 ool-1-worker-227 | DEBUG | .c.s.m.InstanceMessageReceiveService : Received schedule participant score for exercise 3418 and participant 773 (result to be deleted: null)
    23:49:00.806 | 463 ool-1-worker-227 | DEBUG | .a.s.ParticipantScoreScheduleService : Scheduled task for exercise 3418 and participant 773 at 2025-02-14T23:49:00.906503778Z[Etc/UTC].
    23:49:00.807 | 463 ool-1-worker-227 | DEBUG | .a.a.p.s.ProgrammingMessagingService : Send result to client over websocket. Result: Result{id942, completionDate=2025-02-14T23:49:00.788456Z, successful=false, score=0.0, rated=true, assessmentType=AUTOMATIC, hasComplaint=null, testCaseCount=0, passedTestCaseCount=0, codeIssueCount=0}, Submission: ProgrammingSubmission{commitHash='9b3a9bd71a0d80e5bbc42204c319ed3d1d4f0d6d', buildFailed=true, buildArtifact=false, type=MANUAL}, Participation: ProgrammingExerciseStudentParticipation{id=4653, repositoryUri='https://version-control.fake.fake/git/SHORTEFDE4E870106504F950B0E4085B449DA2953TSTEXC/shortefde4e870106504f950b0e4085b449da2953tstexc-progsubresgitlabjenstudent1.git', buildPlanId='SHORTEFDE4E870106504F950B0E4085B449DA2953TSTEXC-PROGSUBRESGITLABJENSTUDENT1', initializationState='INITIALIZED', initializationDate='2025-02-14T23:49:00.786551Z', individualDueDate=null', presentationScore=null}
    23:49:00.809 | 463 ool-1-worker-227 | INFO  | d.t.c.a.a.a.w.o.PublicResultResource : The new result for SHORTEFDE4E870106504F950B0E4085B449DA2953TSTEXC-PROGSUBRESGITLABJENSTUDENT1 was saved successfully
    23:49:00.812 | 463 ool-1-worker-227 | DEBUG | d.t.c.a.a.c.s.f.ApiVersionFilter     : Adding Version to Request GET /api/repository/4653/buildlogs
    23:49:00.812 | 463 ool-1-worker-227 | DEBUG | rammingExerciseParticipationResource : REST request to get build log : 4653
    23:49:00.816 | 463 ool-1-worker-227 | DEBUG | d.t.c.a.a.c.s.f.ApiVersionFilter     : Adding Version to Request POST /api/public/programming-exercises/new-result
    23:49:00.816 | 463 ool-1-worker-227 | DEBUG | d.t.c.a.a.a.w.o.PublicResultResource : Received result notify (NEW)
    23:49:00.817 | 463 ool-1-worker-227 | INFO  | d.t.c.a.a.a.w.o.PublicResultResource : Artemis received a new result for build plan SHORTEFDE4E870106504F950B0E4085B449DA2953TSTEXC-PROGSUBRESGITLABJENSTUDENT1
    23:49:00.818 | 463 ool-1-worker-227 | DEBUG | .s.ProgrammingExerciseGradingService : Received new build result (NEW) for participation 4653
    23:49:00.837 | 463 ool-1-worker-227 | DEBUG | .c.s.m.InstanceMessageReceiveService : Received schedule participant score for exercise 3418 and participant 773 (result to be deleted: null)
    23:49:00.837 | 463 ool-1-worker-227 | DEBUG | .a.s.ParticipantScoreScheduleService : Scheduled task for exercise 3418 and participant 773 at 2025-02-14T23:49:00.937200916Z[Etc/UTC].
    23:49:00.838 | 463 ool-1-worker-227 | DEBUG | .a.a.p.s.ProgrammingMessagingService : Send result to client over websocket. Result: Result{id943, completionDate=2025-02-14T23:49:00.788456Z, successful=false, score=0.0, rated=true, assessmentType=AUTOMATIC, hasComplaint=null, testCaseCount=0, passedTestCaseCount=0, codeIssueCount=0}, Submission: ProgrammingSubmission{commitHash='9b3a9bd71a0d80e5bbc42204c319ed3d1d4f0d6d', buildFailed=true, buildArtifact=false, type=MANUAL}, Participation: ProgrammingExerciseStudentParticipation{id=4653, repositoryUri='https://version-control.fake.fake/git/SHORTEFDE4E870106504F950B0E4085B449DA2953TSTEXC/shortefde4e870106504f950b0e4085b449da2953tstexc-progsubresgitlabjenstudent1.git', buildPlanId='SHORTEFDE4E870106504F950B0E4085B449DA2953TSTEXC-PROGSUBRESGITLABJENSTUDENT1', initializationState='INITIALIZED', initializationDate='2025-02-14T23:49:00.786551Z', individualDueDate=null', presentationScore=null}
    23:49:00.840 | 463 ool-1-worker-227 | INFO  | d.t.c.a.a.a.w.o.PublicResultResource : The new result for SHORTEFDE4E870106504F950B0E4085B449DA2953TSTEXC-PROGSUBRESGITLABJENSTUDENT1 was saved successfully

  Starting logs for ProgrammingSubmissionAndResultGitlabJenkinsIntegrationTest > shouldSaveBuildLogsOnStudentParticipationWithoutResult(ProgrammingLanguage, boolean, boolean) [65] programmingLanguage=RUST, enableStaticCodeAnalysis=true, buildFailed=true
    23:49:00.851 | 463 ool-1-worker-227 | DEBUG | d.t.c.a.a.c.u.util.UserUtilService   : Generate 3 students...
    23:49:00.854 | 463 ool-1-worker-227 | DEBUG | d.t.c.a.a.c.u.util.UserUtilService   : 3 students generated. Generate 2 tutors...
    23:49:00.857 | 463 ool-1-worker-227 | DEBUG | d.t.c.a.a.c.u.util.UserUtilService   : 2 tutors generated. Generate 0 editors...
    23:49:00.859 | 463 ool-1-worker-227 | DEBUG | d.t.c.a.a.c.u.util.UserUtilService   : 0 editors generated. Generate 2 instructors...
    23:49:00.862 | 463 ool-1-worker-227 | DEBUG | d.t.c.a.a.c.u.util.UserUtilService   : 2 instructors generated
    23:49:00.863 | 463 ool-1-worker-227 | DEBUG | d.t.c.a.a.c.u.util.UserUtilService   : Removing 7 users from all courses...
    23:49:00.864 | 463 ool-1-worker-227 | DEBUG | d.t.c.a.a.c.u.util.UserUtilService   : Removing 7 users from all courses. Done
    23:49:00.864 | 463 ool-1-worker-227 | DEBUG | d.t.c.a.a.c.u.util.UserUtilService   : Save 7 users to database...
    23:49:00.867 | 463 ool-1-worker-227 | DEBUG | d.t.c.a.a.c.u.util.UserUtilService   : Save 7 users to database. Done
    23:49:00.880 | 463 ool-1-worker-227 | DEBUG | PersonalAccessTokenManagementService : Generate secure vcs access token
    23:49:00.883 | 463 ool-1-worker-227 | DEBUG | PersonalAccessTokenManagementService : Generate secure vcs access token
    23:49:00.884 | 463 ool-1-worker-227 | INFO  | i.z.t.d.l.EmbeddedDatabaseReporter   : JDBC URL to connect to 'dataSource': url='jdbc:h2:tcp://localhost:41063/mem:736625c0-cf5e-400d-aeaa-8a7eabd6262b;USER=sa', scope='ProgrammingSubmissionAndResultGitlabJenkinsIntegrationTest#shouldSaveBuildLogsOnStudentParticipationWithoutResult'
    23:49:00.896 | 463 ool-1-worker-227 | DEBUG | PersonalAccessTokenManagementService : Generate secure vcs access token
    23:49:00.899 | 463 ool-1-worker-227 | DEBUG | d.t.c.a.a.c.s.f.ApiVersionFilter     : Adding Version to Request POST /api/public/programming-exercises/new-result
    23:49:00.900 | 463 ool-1-worker-227 | DEBUG | d.t.c.a.a.a.w.o.PublicResultResource : Received result notify (NEW)
    23:49:00.901 | 463 ool-1-worker-227 | INFO  | d.t.c.a.a.a.w.o.PublicResultResource : Artemis received a new result for build plan SHORT60CAAB4A06756040D308CAC0C27C6031EE9ATSTEXC-PROGSUBRESGITLABJENSTUDENT1
    23:49:00.902 | 463 ool-1-worker-227 | DEBUG | .s.ProgrammingExerciseGradingService : Received new build result (NEW) for participation 4660
    23:49:00.916 | 463 ool-1-worker-227 | DEBUG | .c.s.m.InstanceMessageReceiveService : Received schedule participant score for exercise 3420 and participant 773 (result to be deleted: null)
    23:49:00.916 | 463 ool-1-worker-227 | DEBUG | .a.s.ParticipantScoreScheduleService : Scheduled task for exercise 3420 and participant 773 at 2025-02-14T23:49:01.016952536Z[Etc/UTC].
    23:49:00.917 | 463 ool-1-worker-227 | DEBUG | .a.a.p.s.ProgrammingMessagingService : Send result to client over websocket. Result: Result{id944, completionDate=2025-02-14T23:49:00.897760200Z, successful=false, score=0.0, rated=true, assessmentType=AUTOMATIC, hasComplaint=null, testCaseCount=0, passedTestCaseCount=0, codeIssueCount=0}, Submission: ProgrammingSubmission{commitHash='9b3a9bd71a0d80e5bbc42204c319ed3d1d4f0d6d', buildFailed=true, buildArtifact=false, type=MANUAL}, Participation: ProgrammingExerciseStudentParticipation{id=4660, repositoryUri='https://version-control.fake.fake/git/SHORT60CAAB4A06756040D308CAC0C27C6031EE9ATSTEXC/short60caab4a06756040d308cac0c27c6031ee9atstexc-progsubresgitlabjenstudent1.git', buildPlanId='SHORT60CAAB4A06756040D308CAC0C27C6031EE9ATSTEXC-PROGSUBRESGITLABJENSTUDENT1', initializationState='INITIALIZED', initializationDate='2025-02-14T23:49:00.895816Z', individualDueDate=null', presentationScore=null}
    23:49:00.920 | 463 ool-1-worker-227 | INFO  | d.t.c.a.a.a.w.o.PublicResultResource : The new result for SHORT60CAAB4A06756040D308CAC0C27C6031EE9ATSTEXC-PROGSUBRESGITLABJENSTUDENT1 was saved successfully
    23:49:00.923 | 463 ool-1-worker-227 | DEBUG | d.t.c.a.a.c.s.f.ApiVersionFilter     : Adding Version to Request GET /api/repository/4660/buildlogs
    23:49:00.923 | 463 ool-1-worker-227 | DEBUG | rammingExerciseParticipationResource : REST request to get build log : 4660
    23:49:00.927 | 463 ool-1-worker-227 | DEBUG | d.t.c.a.a.c.s.f.ApiVersionFilter     : Adding Version to Request POST /api/public/programming-exercises/new-result
    23:49:00.927 | 463 ool-1-worker-227 | DEBUG | d.t.c.a.a.a.w.o.PublicResultResource : Received result notify (NEW)
    23:49:00.929 | 463 ool-1-worker-227 | INFO  | d.t.c.a.a.a.w.o.PublicResultResource : Artemis received a new result for build plan SHORT60CAAB4A06756040D308CAC0C27C6031EE9ATSTEXC-PROGSUBRESGITLABJENSTUDENT1
    23:49:00.930 | 463 ool-1-worker-227 | DEBUG | .s.ProgrammingExerciseGradingService : Received new build result (NEW) for participation 4660
    23:49:00.948 | 463 ool-1-worker-227 | DEBUG | .c.s.m.InstanceMessageReceiveService : Received schedule participant score for exercise 3420 and participant 773 (result to be deleted: null)
    23:49:00.948 | 463 ool-1-worker-227 | DEBUG | .a.s.ParticipantScoreScheduleService : Scheduled task for exercise 3420 and participant 773 at 2025-02-14T23:49:01.048862446Z[Etc/UTC].
    23:49:00.949 | 463 ool-1-worker-227 | DEBUG | .a.a.p.s.ProgrammingMessagingService : Send result to client over websocket. Result: Result{id945, completionDate=2025-02-14T23:49:00.897760200Z, successful=false, score=0.0, rated=true, assessmentType=AUTOMATIC, hasComplaint=null, testCaseCount=0, passedTestCaseCount=0, codeIssueCount=0}, Submission: ProgrammingSubmission{commitHash='9b3a9bd71a0d80e5bbc42204c319ed3d1d4f0d6d', buildFailed=true, buildArtifact=false, type=MANUAL}, Participation: ProgrammingExerciseStudentParticipation{id=4660, repositoryUri='https://version-control.fake.fake/git/SHORT60CAAB4A06756040D308CAC0C27C6031EE9ATSTEXC/short60caab4a06756040d308cac0c27c6031ee9atstexc-progsubresgitlabjenstudent1.git', buildPlanId='SHORT60CAAB4A06756040D308CAC0C27C6031EE9ATSTEXC-PROGSUBRESGITLABJENSTUDENT1', initializationState='INITIALIZED', initializationDate='2025-02-14T23:49:00.895816Z', individualDueDate=null', presentationScore=null}
    23:49:00.951 | 463 ool-1-worker-227 | INFO  | d.t.c.a.a.a.w.o.PublicResultResource : The new result for SHORT60CAAB4A06756040D308CAC0C27C6031EE9ATSTEXC-PROGSUBRESGITLABJENSTUDENT1 was saved successfully

  Starting logs for ProgrammingSubmissionAndResultGitlabJenkinsIntegrationTest > shouldSaveBuildLogsOnStudentParticipationWithoutResult(ProgrammingLanguage, boolean, boolean) [66] programmingLanguage=RUST, enableStaticCodeAnalysis=false, buildFailed=true
    23:49:00.962 | 463 ool-1-worker-227 | DEBUG | d.t.c.a.a.c.u.util.UserUtilService   : Generate 3 students...
    23:49:00.966 | 463 ool-1-worker-227 | DEBUG | d.t.c.a.a.c.u.util.UserUtilService   : 3 students generated. Generate 2 tutors...
    23:49:00.969 | 463 ool-1-worker-227 | DEBUG | d.t.c.a.a.c.u.util.UserUtilService   : 2 tutors generated. Generate 0 editors...
    23:49:00.970 | 463 ool-1-worker-227 | DEBUG | d.t.c.a.a.c.u.util.UserUtilService   : 0 editors generated. Generate 2 instructors...
    23:49:00.973 | 463 ool-1-worker-227 | DEBUG | d.t.c.a.a.c.u.util.UserUtilService   : 2 instructors generated
    23:49:00.974 | 463 ool-1-worker-227 | DEBUG | d.t.c.a.a.c.u.util.UserUtilService   : Removing 7 users from all courses...
    23:49:00.975 | 463 ool-1-worker-227 | DEBUG | d.t.c.a.a.c.u.util.UserUtilService   : Removing 7 users from all courses. Done
    23:49:00.975 | 463 ool-1-worker-227 | DEBUG | d.t.c.a.a.c.u.util.UserUtilService   : Save 7 users to database...
    23:49:00.978 | 463 ool-1-worker-227 | DEBUG | d.t.c.a.a.c.u.util.UserUtilService   : Save 7 users to database. Done
    23:49:00.992 | 463 ool-1-worker-227 | DEBUG | PersonalAccessTokenManagementService : Generate secure vcs access token
    23:49:00.994 | 463 ool-1-worker-227 | DEBUG | PersonalAccessTokenManagementService : Generate secure vcs access token
    23:49:00.996 | 463 ool-1-worker-227 | INFO  | i.z.t.d.l.EmbeddedDatabaseReporter   : JDBC URL to connect to 'dataSource': url='jdbc:h2:tcp://localhost:41063/mem:736625c0-cf5e-400d-aeaa-8a7eabd6262b;USER=sa', scope='ProgrammingSubmissionAndResultGitlabJenkinsIntegrationTest#shouldSaveBuildLogsOnStudentParticipationWithoutResult'
    23:49:01.008 | 463 ool-1-worker-227 | DEBUG | PersonalAccessTokenManagementService : Generate secure vcs access token
    23:49:01.011 | 463 ool-1-worker-227 | DEBUG | d.t.c.a.a.c.s.f.ApiVersionFilter     : Adding Version to Request POST /api/public/programming-exercises/new-result
    23:49:01.011 | 463 ool-1-worker-227 | DEBUG | d.t.c.a.a.a.w.o.PublicResultResource : Received result notify (NEW)
    23:49:01.012 | 463 ool-1-worker-227 | INFO  | d.t.c.a.a.a.w.o.PublicResultResource : Artemis received a new result for build plan SHORT378FB18506A8B0432C08F310D78E532879D0TSTEXC-PROGSUBRESGITLABJENSTUDENT1
    23:49:01.014 | 463 ool-1-worker-227 | DEBUG | .s.ProgrammingExerciseGradingService : Received new build result (NEW) for participation 4667
    23:49:01.027 | 463 ool-1-worker-227 | DEBUG | .c.s.m.InstanceMessageReceiveService : Received schedule participant score for exercise 3422 and participant 773 (result to be deleted: null)
    23:49:01.027 | 463 ool-1-worker-227 | DEBUG | .a.s.ParticipantScoreScheduleService : Scheduled task for exercise 3422 and participant 773 at 2025-02-14T23:49:01.127130329Z[Etc/UTC].
    23:49:01.027 | 463 ool-1-worker-227 | DEBUG | .a.a.p.s.ProgrammingMessagingService : Send result to client over websocket. Result: Result{id946, completionDate=2025-02-14T23:49:01.009239700Z, successful=false, score=0.0, rated=true, assessmentType=AUTOMATIC, hasComplaint=null, testCaseCount=0, passedTestCaseCount=0, codeIssueCount=0}, Submission: ProgrammingSubmission{commitHash='9b3a9bd71a0d80e5bbc42204c319ed3d1d4f0d6d', buildFailed=true, buildArtifact=false, type=MANUAL}, Participation: ProgrammingExerciseStudentParticipation{id=4667, repositoryUri='https://version-control.fake.fake/git/SHORT378FB18506A8B0432C08F310D78E532879D0TSTEXC/short378fb18506a8b0432c08f310d78e532879d0tstexc-progsubresgitlabjenstudent1.git', buildPlanId='SHORT378FB18506A8B0432C08F310D78E532879D0TSTEXC-PROGSUBRESGITLABJENSTUDENT1', initializationState='INITIALIZED', initializationDate='2025-02-14T23:49:01.007257Z', individualDueDate=null', presentationScore=null}
    23:49:01.029 | 463 ool-1-worker-227 | INFO  | d.t.c.a.a.a.w.o.PublicResultResource : The new result for SHORT378FB18506A8B0432C08F310D78E532879D0TSTEXC-PROGSUBRESGITLABJENSTUDENT1 was saved successfully
    23:49:01.032 | 463 ool-1-worker-227 | DEBUG | d.t.c.a.a.c.s.f.ApiVersionFilter     : Adding Version to Request GET /api/repository/4667/buildlogs
    23:49:01.032 | 463 ool-1-worker-227 | DEBUG | rammingExerciseParticipationResource : REST request to get build log : 4667
    23:49:01.036 | 463 ool-1-worker-227 | DEBUG | d.t.c.a.a.c.s.f.ApiVersionFilter     : Adding Version to Request POST /api/public/programming-exercises/new-result
    23:49:01.036 | 463 ool-1-worker-227 | DEBUG | d.t.c.a.a.a.w.o.PublicResultResource : Received result notify (NEW)
    23:49:01.038 | 463 ool-1-worker-227 | INFO  | d.t.c.a.a.a.w.o.PublicResultResource : Artemis received a new result for build plan SHORT378FB18506A8B0432C08F310D78E532879D0TSTEXC-PROGSUBRESGITLABJENSTUDENT1
    23:49:01.039 | 463 ool-1-worker-227 | DEBUG | .s.ProgrammingExerciseGradingService : Received new build result (NEW) for participation 4667
    23:49:01.057 | 463 ool-1-worker-227 | DEBUG | .c.s.m.InstanceMessageReceiveService : Received schedule participant score for exercise 3422 and participant 773 (result to be deleted: null)
    23:49:01.057 | 463 ool-1-worker-227 | DEBUG | .a.s.ParticipantScoreScheduleService : Scheduled task for exercise 3422 and participant 773 at 2025-02-14T23:49:01.157500718Z[Etc/UTC].
    23:49:01.058 | 463 ool-1-worker-227 | DEBUG | .a.a.p.s.ProgrammingMessagingService : Send result to client over websocket. Result: Result{id947, completionDate=2025-02-14T23:49:01.009239700Z, successful=false, score=0.0, rated=true, assessmentType=AUTOMATIC, hasComplaint=null, testCaseCount=0, passedTestCaseCount=0, codeIssueCount=0}, Submission: ProgrammingSubmission{commitHash='9b3a9bd71a0d80e5bbc42204c319ed3d1d4f0d6d', buildFailed=true, buildArtifact=false, type=MANUAL}, Participation: ProgrammingExerciseStudentParticipation{id=4667, repositoryUri='https://version-control.fake.fake/git/SHORT378FB18506A8B0432C08F310D78E532879D0TSTEXC/short378fb18506a8b0432c08f310d78e532879d0tstexc-progsubresgitlabjenstudent1.git', buildPlanId='SHORT378FB18506A8B0432C08F310D78E532879D0TSTEXC-PROGSUBRESGITLABJENSTUDENT1', initializationState='INITIALIZED', initializationDate='2025-02-14T23:49:01.007257Z', individualDueDate=null', presentationScore=null}
    23:49:01.060 | 463 ool-1-worker-227 | INFO  | d.t.c.a.a.a.w.o.PublicResultResource : The new result for SHORT378FB18506A8B0432C08F310D78E532879D0TSTEXC-PROGSUBRESGITLABJENSTUDENT1 was saved successfully

  Starting logs for ProgrammingSubmissionAndResultGitlabJenkinsIntegrationTest > shouldSaveBuildLogsOnStudentParticipationWithoutResult(ProgrammingLanguage, boolean, boolean) [67] programmingLanguage=RUST, enableStaticCodeAnalysis=true, buildFailed=false
    23:49:01.070 | 463 ool-1-worker-227 | DEBUG | d.t.c.a.a.c.u.util.UserUtilService   : Generate 3 students...
    23:49:01.074 | 463 ool-1-worker-227 | DEBUG | d.t.c.a.a.c.u.util.UserUtilService   : 3 students generated. Generate 2 tutors...
    23:49:01.077 | 463 ool-1-worker-227 | DEBUG | d.t.c.a.a.c.u.util.UserUtilService   : 2 tutors generated. Generate 0 editors...
    23:49:01.078 | 463 ool-1-worker-227 | DEBUG | d.t.c.a.a.c.u.util.UserUtilService   : 0 editors generated. Generate 2 instructors...
    23:49:01.081 | 463 ool-1-worker-227 | DEBUG | d.t.c.a.a.c.u.util.UserUtilService   : 2 instructors generated
    23:49:01.082 | 463 ool-1-worker-227 | DEBUG | d.t.c.a.a.c.u.util.UserUtilService   : Removing 7 users from all courses...
    23:49:01.083 | 463 ool-1-worker-227 | DEBUG | d.t.c.a.a.c.u.util.UserUtilService   : Removing 7 users from all courses. Done
    23:49:01.083 | 463 ool-1-worker-227 | DEBUG | d.t.c.a.a.c.u.util.UserUtilService   : Save 7 users to database...
    23:49:01.086 | 463 ool-1-worker-227 | DEBUG | d.t.c.a.a.c.u.util.UserUtilService   : Save 7 users to database. Done
    23:49:01.133 | 463 ool-1-worker-227 | DEBUG | PersonalAccessTokenManagementService : Generate secure vcs access token
    23:49:01.136 | 463 ool-1-worker-227 | DEBUG | PersonalAccessTokenManagementService : Generate secure vcs access token
    23:49:01.138 | 463 ool-1-worker-227 | INFO  | i.z.t.d.l.EmbeddedDatabaseReporter   : JDBC URL to connect to 'dataSource': url='jdbc:h2:tcp://localhost:41063/mem:736625c0-cf5e-400d-aeaa-8a7eabd6262b;USER=sa', scope='ProgrammingSubmissionAndResultGitlabJenkinsIntegrationTest#shouldSaveBuildLogsOnStudentParticipationWithoutResult'
    23:49:01.152 | 463 ool-1-worker-227 | DEBUG | PersonalAccessTokenManagementService : Generate secure vcs access token
    23:49:01.160 | 463 ool-1-worker-227 | DEBUG | d.t.c.a.a.c.s.f.ApiVersionFilter     : Adding Version to Request POST /api/public/programming-exercises/new-result
    23:49:01.161 | 463 ool-1-worker-227 | DEBUG | d.t.c.a.a.a.w.o.PublicResultResource : Received result notify (NEW)
    23:49:01.164 | 463 ool-1-worker-227 | INFO  | d.t.c.a.a.a.w.o.PublicResultResource : Artemis received a new result for build plan SHORTA4DC5D77074BE0435E0851702D6EF090C329TSTEXC-PROGSUBRESGITLABJENSTUDENT1
    23:49:01.166 | 463 ool-1-worker-227 | DEBUG | .s.ProgrammingExerciseGradingService : Received new build result (NEW) for participation 4674
    23:49:01.183 | 463 ool-1-worker-227 | DEBUG | .c.s.m.InstanceMessageReceiveService : Received schedule participant score for exercise 3424 and participant 773 (result to be deleted: null)
    23:49:01.183 | 463 ool-1-worker-227 | DEBUG | .a.s.ParticipantScoreScheduleService : Scheduled task for exercise 3424 and participant 773 at 2025-02-14T23:49:01.283517298Z[Etc/UTC].
    23:49:01.184 | 463 ool-1-worker-227 | DEBUG | .a.a.p.s.ProgrammingMessagingService : Send result to client over websocket. Result: Result{id948, completionDate=2025-02-14T23:49:01.153795500Z, successful=false, score=0.0, rated=true, assessmentType=AUTOMATIC, hasComplaint=null, testCaseCount=0, passedTestCaseCount=0, codeIssueCount=0}, Submission: ProgrammingSubmission{commitHash='9b3a9bd71a0d80e5bbc42204c319ed3d1d4f0d6d', buildFailed=true, buildArtifact=false, type=MANUAL}, Participation: ProgrammingExerciseStudentParticipation{id=4674, repositoryUri='https://version-control.fake.fake/git/SHORTA4DC5D77074BE0435E0851702D6EF090C329TSTEXC/shorta4dc5d77074be0435e0851702d6ef090c329tstexc-progsubresgitlabjenstudent1.git', buildPlanId='SHORTA4DC5D77074BE0435E0851702D6EF090C329TSTEXC-PROGSUBRESGITLABJENSTUDENT1', initializationState='INITIALIZED', initializationDate='2025-02-14T23:49:01.151373Z', individualDueDate=null', presentationScore=null}
    23:49:01.187 | 463 ool-1-worker-227 | INFO  | d.t.c.a.a.a.w.o.PublicResultResource : The new result for SHORTA4DC5D77074BE0435E0851702D6EF090C329TSTEXC-PROGSUBRESGITLABJENSTUDENT1 was saved successfully
    23:49:01.191 | 463 ool-1-worker-227 | DEBUG | d.t.c.a.a.c.s.f.ApiVersionFilter     : Adding Version to Request GET /api/repository/4674/buildlogs
    23:49:01.192 | 463 ool-1-worker-227 | DEBUG | rammingExerciseParticipationResource : REST request to get build log : 4674
    23:49:01.197 | 463 ool-1-worker-227 | DEBUG | d.t.c.a.a.c.s.f.ApiVersionFilter     : Adding Version to Request POST /api/public/programming-exercises/new-result
    23:49:01.197 | 463 ool-1-worker-227 | DEBUG | d.t.c.a.a.a.w.o.PublicResultResource : Received result notify (NEW)
    23:49:01.199 | 463 ool-1-worker-227 | INFO  | d.t.c.a.a.a.w.o.PublicResultResource : Artemis received a new result for build plan SHORTA4DC5D77074BE0435E0851702D6EF090C329TSTEXC-PROGSUBRESGITLABJENSTUDENT1
    23:49:01.201 | 463 ool-1-worker-227 | DEBUG | .s.ProgrammingExerciseGradingService : Received new build result (NEW) for participation 4674
    23:49:01.231 | 463 ool-1-worker-227 | DEBUG | .c.s.m.InstanceMessageReceiveService : Received schedule participant score for exercise 3424 and participant 773 (result to be deleted: null)
    23:49:01.231 | 463 ool-1-worker-227 | DEBUG | .a.s.ParticipantScoreScheduleService : Scheduled task for exercise 3424 and participant 773 at 2025-02-14T23:49:01.331309126Z[Etc/UTC].
    23:49:01.232 | 463 ool-1-worker-227 | DEBUG | .a.a.p.s.ProgrammingMessagingService : Send result to client over websocket. Result: Result{id949, completionDate=2025-02-14T23:49:01.153795500Z, successful=false, score=0.0, rated=true, assessmentType=AUTOMATIC, hasComplaint=null, testCaseCount=0, passedTestCaseCount=0, codeIssueCount=0}, Submission: ProgrammingSubmission{commitHash='9b3a9bd71a0d80e5bbc42204c319ed3d1d4f0d6d', buildFailed=true, buildArtifact=false, type=MANUAL}, Participation: ProgrammingExerciseStudentParticipation{id=4674, repositoryUri='https://version-control.fake.fake/git/SHORTA4DC5D77074BE0435E0851702D6EF090C329TSTEXC/shorta4dc5d77074be0435e0851702d6ef090c329tstexc-progsubresgitlabjenstudent1.git', buildPlanId='SHORTA4DC5D77074BE0435E0851702D6EF090C329TSTEXC-PROGSUBRESGITLABJENSTUDENT1', initializationState='INITIALIZED', initializationDate='2025-02-14T23:49:01.151373Z', individualDueDate=null', presentationScore=null}
    23:49:01.235 | 463 ool-1-worker-227 | INFO  | d.t.c.a.a.a.w.o.PublicResultResource : The new result for SHORTA4DC5D77074BE0435E0851702D6EF090C329TSTEXC-PROGSUBRESGITLABJENSTUDENT1 was saved successfully

  Starting logs for ProgrammingSubmissionAndResultGitlabJenkinsIntegrationTest > shouldSaveBuildLogsOnStudentParticipationWithoutResult(ProgrammingLanguage, boolean, boolean) [68] programmingLanguage=RUST, enableStaticCodeAnalysis=false, buildFailed=false
    23:49:01.258 | 463 ool-1-worker-227 | DEBUG | d.t.c.a.a.c.u.util.UserUtilService   : Generate 3 students...
    23:49:01.263 | 463 ool-1-worker-227 | DEBUG | d.t.c.a.a.c.u.util.UserUtilService   : 3 students generated. Generate 2 tutors...
    23:49:01.266 | 463 ool-1-worker-227 | DEBUG | d.t.c.a.a.c.u.util.UserUtilService   : 2 tutors generated. Generate 0 editors...
    23:49:01.267 | 463 ool-1-worker-227 | DEBUG | d.t.c.a.a.c.u.util.UserUtilService   : 0 editors generated. Generate 2 instructors...
    23:49:01.271 | 463 ool-1-worker-227 | DEBUG | d.t.c.a.a.c.u.util.UserUtilService   : 2 instructors generated
    23:49:01.272 | 463 ool-1-worker-227 | DEBUG | d.t.c.a.a.c.u.util.UserUtilService   : Removing 7 users from all courses...
    23:49:01.273 | 463 ool-1-worker-227 | DEBUG | d.t.c.a.a.c.u.util.UserUtilService   : Removing 7 users from all courses. Done
    23:49:01.273 | 463 ool-1-worker-227 | DEBUG | d.t.c.a.a.c.u.util.UserUtilService   : Save 7 users to database...
    23:49:01.277 | 463 ool-1-worker-227 | DEBUG | d.t.c.a.a.c.u.util.UserUtilService   : Save 7 users to database. Done
    23:49:01.293 | 463 ool-1-worker-227 | DEBUG | PersonalAccessTokenManagementService : Generate secure vcs access token
    23:49:01.296 | 463 ool-1-worker-227 | DEBUG | PersonalAccessTokenManagementService : Generate secure vcs access token
    23:49:01.298 | 463 ool-1-worker-227 | INFO  | i.z.t.d.l.EmbeddedDatabaseReporter   : JDBC URL to connect to 'dataSource': url='jdbc:h2:tcp://localhost:41063/mem:736625c0-cf5e-400d-aeaa-8a7eabd6262b;USER=sa', scope='ProgrammingSubmissionAndResultGitlabJenkinsIntegrationTest#shouldSaveBuildLogsOnStudentParticipationWithoutResult'
    23:49:01.312 | 463 ool-1-worker-227 | DEBUG | PersonalAccessTokenManagementService : Generate secure vcs access token
    23:49:01.316 | 463 ool-1-worker-227 | DEBUG | d.t.c.a.a.c.s.f.ApiVersionFilter     : Adding Version to Request POST /api/public/programming-exercises/new-result
    23:49:01.316 | 463 ool-1-worker-227 | DEBUG | d.t.c.a.a.a.w.o.PublicResultResource : Received result notify (NEW)
    23:49:01.318 | 463 ool-1-worker-227 | INFO  | d.t.c.a.a.a.w.o.PublicResultResource : Artemis received a new result for build plan SHORT42C48C4D0F73704B210824F04251375B8331TSTEXC-PROGSUBRESGITLABJENSTUDENT1
    23:49:01.320 | 463 ool-1-worker-227 | DEBUG | .s.ProgrammingExerciseGradingService : Received new build result (NEW) for participation 4681
    23:49:01.335 | 463 ool-1-worker-227 | DEBUG | .c.s.m.InstanceMessageReceiveService : Received schedule participant score for exercise 3426 and participant 773 (result to be deleted: null)
    23:49:01.335 | 463 ool-1-worker-227 | DEBUG | .a.s.ParticipantScoreScheduleService : Scheduled task for exercise 3426 and participant 773 at 2025-02-14T23:49:01.435722860Z[Etc/UTC].
    23:49:01.336 | 463 ool-1-worker-227 | DEBUG | .a.a.p.s.ProgrammingMessagingService : Send result to client over websocket. Result: Result{id950, completionDate=2025-02-14T23:49:01.314078300Z, successful=false, score=0.0, rated=true, assessmentType=AUTOMATIC, hasComplaint=null, testCaseCount=0, passedTestCaseCount=0, codeIssueCount=0}, Submission: ProgrammingSubmission{commitHash='9b3a9bd71a0d80e5bbc42204c319ed3d1d4f0d6d', buildFailed=true, buildArtifact=false, type=MANUAL}, Participation: ProgrammingExerciseStudentParticipation{id=4681, repositoryUri='https://version-control.fake.fake/git/SHORT42C48C4D0F73704B210824F04251375B8331TSTEXC/short42c48c4d0f73704b210824f04251375b8331tstexc-progsubresgitlabjenstudent1.git', buildPlanId='SHORT42C48C4D0F73704B210824F04251375B8331TSTEXC-PROGSUBRESGITLABJENSTUDENT1', initializationState='INITIALIZED', initializationDate='2025-02-14T23:49:01.311778Z', individualDueDate=null', presentationScore=null}
    23:49:01.339 | 463 ool-1-worker-227 | INFO  | d.t.c.a.a.a.w.o.PublicResultResource : The new result for SHORT42C48C4D0F73704B210824F04251375B8331TSTEXC-PROGSUBRESGITLABJENSTUDENT1 was saved successfully
    23:49:01.342 | 463 ool-1-worker-227 | DEBUG | d.t.c.a.a.c.s.f.ApiVersionFilter     : Adding Version to Request GET /api/repository/4681/buildlogs
    23:49:01.342 | 463 ool-1-worker-227 | DEBUG | rammingExerciseParticipationResource : REST request to get build log : 4681
    23:49:01.347 | 463 ool-1-worker-227 | DEBUG | d.t.c.a.a.c.s.f.ApiVersionFilter     : Adding Version to Request POST /api/public/programming-exercises/new-result
    23:49:01.347 | 463 ool-1-worker-227 | DEBUG | d.t.c.a.a.a.w.o.PublicResultResource : Received result notify (NEW)
    23:49:01.349 | 463 ool-1-worker-227 | INFO  | d.t.c.a.a.a.w.o.PublicResultResource : Artemis received a new result for build plan SHORT42C48C4D0F73704B210824F04251375B8331TSTEXC-PROGSUBRESGITLABJENSTUDENT1
    23:49:01.351 | 463 ool-1-worker-227 | DEBUG | .s.ProgrammingExerciseGradingService : Received new build result (NEW) for participation 4681
    23:49:01.382 | 463 ool-1-worker-227 | DEBUG | .c.s.m.InstanceMessageReceiveService : Received schedule participant score for exercise 3426 and participant 773 (result to be deleted: null)
    23:49:01.382 | 463 ool-1-worker-227 | DEBUG | .a.s.ParticipantScoreScheduleService : Scheduled task for exercise 3426 and participant 773 at 2025-02-14T23:49:01.482863302Z[Etc/UTC].
    23:49:01.384 | 463 ool-1-worker-227 | DEBUG | .a.a.p.s.ProgrammingMessagingService : Send result to client over websocket. Result: Result{id951, completionDate=2025-02-14T23:49:01.314078300Z, successful=false, score=0.0, rated=true, assessmentType=AUTOMATIC, hasComplaint=null, testCaseCount=0, passedTestCaseCount=0, codeIssueCount=0}, Submission: ProgrammingSubmission{commitHash='9b3a9bd71a0d80e5bbc42204c319ed3d1d4f0d6d', buildFailed=true, buildArtifact=false, type=MANUAL}, Participation: ProgrammingExerciseStudentParticipation{id=4681, repositoryUri='https://version-control.fake.fake/git/SHORT42C48C4D0F73704B210824F04251375B8331TSTEXC/short42c48c4d0f73704b210824f04251375b8331tstexc-progsubresgitlabjenstudent1.git', buildPlanId='SHORT42C48C4D0F73704B210824F04251375B8331TSTEXC-PROGSUBRESGITLABJENSTUDENT1', initializationState='INITIALIZED', initializationDate='2025-02-14T23:49:01.311778Z', individualDueDate=null', presentationScore=null}
    23:49:01.386 | 463 ool-1-worker-227 | INFO  | d.t.c.a.a.a.w.o.PublicResultResource : The new result for SHORT42C48C4D0F73704B210824F04251375B8331TSTEXC-PROGSUBRESGITLABJENSTUDENT1 was saved successfully

  Starting logs for ProgrammingSubmissionAndResultGitlabJenkinsIntegrationTest > shouldSaveBuildLogsOnStudentParticipationWithoutResult(ProgrammingLanguage, boolean, boolean) [69] programmingLanguage=OCAML, enableStaticCodeAnalysis=true, buildFailed=true
    23:49:01.401 | 463 ool-1-worker-227 | DEBUG | d.t.c.a.a.c.u.util.UserUtilService   : Generate 3 students...
    23:49:01.406 | 463 ool-1-worker-227 | DEBUG | d.t.c.a.a.c.u.util.UserUtilService   : 3 students generated. Generate 2 tutors...
    23:49:01.410 | 463 ool-1-worker-227 | DEBUG | d.t.c.a.a.c.u.util.UserUtilService   : 2 tutors generated. Generate 0 editors...
    23:49:01.411 | 463 ool-1-worker-227 | DEBUG | d.t.c.a.a.c.u.util.UserUtilService   : 0 editors generated. Generate 2 instructors...
    23:49:01.414 | 463 ool-1-worker-227 | DEBUG | d.t.c.a.a.c.u.util.UserUtilService   : 2 instructors generated
    23:49:01.415 | 463 ool-1-worker-227 | DEBUG | d.t.c.a.a.c.u.util.UserUtilService   : Removing 7 users from all courses...
    23:49:01.416 | 463 ool-1-worker-227 | DEBUG | d.t.c.a.a.c.u.util.UserUtilService   : Removing 7 users from all courses. Done
    23:49:01.416 | 463 ool-1-worker-227 | DEBUG | d.t.c.a.a.c.u.util.UserUtilService   : Save 7 users to database...
    23:49:01.420 | 463 ool-1-worker-227 | DEBUG | d.t.c.a.a.c.u.util.UserUtilService   : Save 7 users to database. Done
    23:49:01.435 | 463 ool-1-worker-227 | DEBUG | PersonalAccessTokenManagementService : Generate secure vcs access token
    23:49:01.438 | 463 ool-1-worker-227 | DEBUG | PersonalAccessTokenManagementService : Generate secure vcs access token
    23:49:01.440 | 463 ool-1-worker-227 | INFO  | i.z.t.d.l.EmbeddedDatabaseReporter   : JDBC URL to connect to 'dataSource': url='jdbc:h2:tcp://localhost:41063/mem:736625c0-cf5e-400d-aeaa-8a7eabd6262b;USER=sa', scope='ProgrammingSubmissionAndResultGitlabJenkinsIntegrationTest#shouldSaveBuildLogsOnStudentParticipationWithoutResult'
    23:49:01.453 | 463 ool-1-worker-227 | DEBUG | PersonalAccessTokenManagementService : Generate secure vcs access token
    23:49:01.457 | 463 ool-1-worker-227 | DEBUG | d.t.c.a.a.c.s.f.ApiVersionFilter     : Adding Version to Request POST /api/public/programming-exercises/new-result
    23:49:01.457 | 463 ool-1-worker-227 | DEBUG | d.t.c.a.a.a.w.o.PublicResultResource : Received result notify (NEW)
    23:49:01.459 | 463 ool-1-worker-227 | INFO  | d.t.c.a.a.a.w.o.PublicResultResource : Artemis received a new result for build plan SHORT8CECAB680BEE50408B0B9850396C773F40EDTSTEXC-PROGSUBRESGITLABJENSTUDENT1
    23:49:01.460 | 463 ool-1-worker-227 | DEBUG | .s.ProgrammingExerciseGradingService : Received new build result (NEW) for participation 4688
    23:49:01.477 | 463 ool-1-worker-227 | DEBUG | .c.s.m.InstanceMessageReceiveService : Received schedule participant score for exercise 3428 and participant 773 (result to be deleted: null)
    23:49:01.477 | 463 ool-1-worker-227 | DEBUG | .a.s.ParticipantScoreScheduleService : Scheduled task for exercise 3428 and participant 773 at 2025-02-14T23:49:01.577817314Z[Etc/UTC].
    23:49:01.478 | 463 ool-1-worker-227 | DEBUG | .a.a.p.s.ProgrammingMessagingService : Send result to client over websocket. Result: Result{id952, completionDate=2025-02-14T23:49:01.455016900Z, successful=false, score=0.0, rated=true, assessmentType=AUTOMATIC, hasComplaint=null, testCaseCount=0, passedTestCaseCount=0, codeIssueCount=0}, Submission: ProgrammingSubmission{commitHash='9b3a9bd71a0d80e5bbc42204c319ed3d1d4f0d6d', buildFailed=true, buildArtifact=false, type=MANUAL}, Participation: ProgrammingExerciseStudentParticipation{id=4688, repositoryUri='https://version-control.fake.fake/git/SHORT8CECAB680BEE50408B0B9850396C773F40EDTSTEXC/short8cecab680bee50408b0b9850396c773f40edtstexc-progsubresgitlabjenstudent1.git', buildPlanId='SHORT8CECAB680BEE50408B0B9850396C773F40EDTSTEXC-PROGSUBRESGITLABJENSTUDENT1', initializationState='INITIALIZED', initializationDate='2025-02-14T23:49:01.452710Z', individualDueDate=null', presentationScore=null}
    23:49:01.480 | 463 ool-1-worker-227 | INFO  | d.t.c.a.a.a.w.o.PublicResultResource : The new result for SHORT8CECAB680BEE50408B0B9850396C773F40EDTSTEXC-PROGSUBRESGITLABJENSTUDENT1 was saved successfully
    23:49:01.484 | 463 ool-1-worker-227 | DEBUG | d.t.c.a.a.c.s.f.ApiVersionFilter     : Adding Version to Request GET /api/repository/4688/buildlogs
    23:49:01.484 | 463 ool-1-worker-227 | DEBUG | rammingExerciseParticipationResource : REST request to get build log : 4688
    23:49:01.488 | 463 ool-1-worker-227 | DEBUG | d.t.c.a.a.c.s.f.ApiVersionFilter     : Adding Version to Request POST /api/public/programming-exercises/new-result
    23:49:01.489 | 463 ool-1-worker-227 | DEBUG | d.t.c.a.a.a.w.o.PublicResultResource : Received result notify (NEW)
    23:49:01.491 | 463 ool-1-worker-227 | INFO  | d.t.c.a.a.a.w.o.PublicResultResource : Artemis received a new result for build plan SHORT8CECAB680BEE50408B0B9850396C773F40EDTSTEXC-PROGSUBRESGITLABJENSTUDENT1
    23:49:01.492 | 463 ool-1-worker-227 | DEBUG | .s.ProgrammingExerciseGradingService : Received new build result (NEW) for participation 4688
    23:49:01.512 | 463 ool-1-worker-227 | DEBUG | .c.s.m.InstanceMessageReceiveService : Received schedule participant score for exercise 3428 and participant 773 (result to be deleted: null)
    23:49:01.512 | 463 ool-1-worker-227 | DEBUG | .a.s.ParticipantScoreScheduleService : Scheduled task for exercise 3428 and participant 773 at 2025-02-14T23:49:01.612937831Z[Etc/UTC].
    23:49:01.514 | 463 ool-1-worker-227 | DEBUG | .a.a.p.s.ProgrammingMessagingService : Send result to client over websocket. Result: Result{id953, completionDate=2025-02-14T23:49:01.455016900Z, successful=false, score=0.0, rated=true, assessmentType=AUTOMATIC, hasComplaint=null, testCaseCount=0, passedTestCaseCount=0, codeIssueCount=0}, Submission: ProgrammingSubmission{commitHash='9b3a9bd71a0d80e5bbc42204c319ed3d1d4f0d6d', buildFailed=true, buildArtifact=false, type=MANUAL}, Participation: ProgrammingExerciseStudentParticipation{id=4688, repositoryUri='https://version-control.fake.fake/git/SHORT8CECAB680BEE50408B0B9850396C773F40EDTSTEXC/short8cecab680bee50408b0b9850396c773f40edtstexc-progsubresgitlabjenstudent1.git', buildPlanId='SHORT8CECAB680BEE50408B0B9850396C773F40EDTSTEXC-PROGSUBRESGITLABJENSTUDENT1', initializationState='INITIALIZED', initializationDate='2025-02-14T23:49:01.452710Z', individualDueDate=null', presentationScore=null}
    23:49:01.516 | 463 ool-1-worker-227 | INFO  | d.t.c.a.a.a.w.o.PublicResultResource : The new result for SHORT8CECAB680BEE50408B0B9850396C773F40EDTSTEXC-PROGSUBRESGITLABJENSTUDENT1 was saved successfully

  Starting logs for ProgrammingSubmissionAndResultGitlabJenkinsIntegrationTest > shouldSaveBuildLogsOnStudentParticipationWithoutResult(ProgrammingLanguage, boolean, boolean) [70] programmingLanguage=OCAML, enableStaticCodeAnalysis=false, buildFailed=true
    23:49:01.527 | 463 ool-1-worker-227 | DEBUG | d.t.c.a.a.c.u.util.UserUtilService   : Generate 3 students...
    23:49:01.531 | 463 ool-1-worker-227 | DEBUG | d.t.c.a.a.c.u.util.UserUtilService   : 3 students generated. Generate 2 tutors...
    23:49:01.535 | 463 ool-1-worker-227 | DEBUG | d.t.c.a.a.c.u.util.UserUtilService   : 2 tutors generated. Generate 0 editors...
    23:49:01.536 | 463 ool-1-worker-227 | DEBUG | d.t.c.a.a.c.u.util.UserUtilService   : 0 editors generated. Generate 2 instructors...
    23:49:01.539 | 463 ool-1-worker-227 | DEBUG | d.t.c.a.a.c.u.util.UserUtilService   : 2 instructors generated
    23:49:01.540 | 463 ool-1-worker-227 | DEBUG | d.t.c.a.a.c.u.util.UserUtilService   : Removing 7 users from all courses...
    23:49:01.541 | 463 ool-1-worker-227 | DEBUG | d.t.c.a.a.c.u.util.UserUtilService   : Removing 7 users from all courses. Done
    23:49:01.541 | 463 ool-1-worker-227 | DEBUG | d.t.c.a.a.c.u.util.UserUtilService   : Save 7 users to database...
    23:49:01.545 | 463 ool-1-worker-227 | DEBUG | d.t.c.a.a.c.u.util.UserUtilService   : Save 7 users to database. Done
    23:49:01.560 | 463 ool-1-worker-227 | DEBUG | PersonalAccessTokenManagementService : Generate secure vcs access token
    23:49:01.563 | 463 ool-1-worker-227 | DEBUG | PersonalAccessTokenManagementService : Generate secure vcs access token
    23:49:01.565 | 463 ool-1-worker-227 | INFO  | i.z.t.d.l.EmbeddedDatabaseReporter   : JDBC URL to connect to 'dataSource': url='jdbc:h2:tcp://localhost:41063/mem:736625c0-cf5e-400d-aeaa-8a7eabd6262b;USER=sa', scope='ProgrammingSubmissionAndResultGitlabJenkinsIntegrationTest#shouldSaveBuildLogsOnStudentParticipationWithoutResult'
    23:49:01.578 | 463 ool-1-worker-227 | DEBUG | PersonalAccessTokenManagementService : Generate secure vcs access token
    23:49:01.582 | 463 ool-1-worker-227 | DEBUG | d.t.c.a.a.c.s.f.ApiVersionFilter     : Adding Version to Request POST /api/public/programming-exercises/new-result
    23:49:01.582 | 463 ool-1-worker-227 | DEBUG | d.t.c.a.a.a.w.o.PublicResultResource : Received result notify (NEW)
    23:49:01.584 | 463 ool-1-worker-227 | INFO  | d.t.c.a.a.a.w.o.PublicResultResource : Artemis received a new result for build plan SHORT80EECFF605BBF040220977A01D5A44C90815TSTEXC-PROGSUBRESGITLABJENSTUDENT1
    23:49:01.585 | 463 ool-1-worker-227 | DEBUG | .s.ProgrammingExerciseGradingService : Received new build result (NEW) for participation 4695
    23:49:01.600 | 463 ool-1-worker-227 | DEBUG | .c.s.m.InstanceMessageReceiveService : Received schedule participant score for exercise 3430 and participant 773 (result to be deleted: null)
    23:49:01.600 | 463 ool-1-worker-227 | DEBUG | .a.s.ParticipantScoreScheduleService : Scheduled task for exercise 3430 and participant 773 at 2025-02-14T23:49:01.700611215Z[Etc/UTC].
    23:49:01.601 | 463 ool-1-worker-227 | DEBUG | .a.a.p.s.ProgrammingMessagingService : Send result to client over websocket. Result: Result{id954, completionDate=2025-02-14T23:49:01.580251500Z, successful=false, score=0.0, rated=true, assessmentType=AUTOMATIC, hasComplaint=null, testCaseCount=0, passedTestCaseCount=0, codeIssueCount=0}, Submission: ProgrammingSubmission{commitHash='9b3a9bd71a0d80e5bbc42204c319ed3d1d4f0d6d', buildFailed=true, buildArtifact=false, type=MANUAL}, Participation: ProgrammingExerciseStudentParticipation{id=4695, repositoryUri='https://version-control.fake.fake/git/SHORT80EECFF605BBF040220977A01D5A44C90815TSTEXC/short80eecff605bbf040220977a01d5a44c90815tstexc-progsubresgitlabjenstudent1.git', buildPlanId='SHORT80EECFF605BBF040220977A01D5A44C90815TSTEXC-PROGSUBRESGITLABJENSTUDENT1', initializationState='INITIALIZED', initializationDate='2025-02-14T23:49:01.577942Z', individualDueDate=null', presentationScore=null}
    23:49:01.604 | 463 ool-1-worker-227 | INFO  | d.t.c.a.a.a.w.o.PublicResultResource : The new result for SHORT80EECFF605BBF040220977A01D5A44C90815TSTEXC-PROGSUBRESGITLABJENSTUDENT1 was saved successfully
    23:49:01.607 | 463 ool-1-worker-227 | DEBUG | d.t.c.a.a.c.s.f.ApiVersionFilter     : Adding Version to Request GET /api/repository/4695/buildlogs
    23:49:01.607 | 463 ool-1-worker-227 | DEBUG | rammingExerciseParticipationResource : REST request to get build log : 4695
    23:49:01.612 | 463 ool-1-worker-227 | DEBUG | d.t.c.a.a.c.s.f.ApiVersionFilter     : Adding Version to Request POST /api/public/programming-exercises/new-result
    23:49:01.612 | 463 ool-1-worker-227 | DEBUG | d.t.c.a.a.a.w.o.PublicResultResource : Received result notify (NEW)
    23:49:01.614 | 463 ool-1-worker-227 | INFO  | d.t.c.a.a.a.w.o.PublicResultResource : Artemis received a new result for build plan SHORT80EECFF605BBF040220977A01D5A44C90815TSTEXC-PROGSUBRESGITLABJENSTUDENT1
    23:49:01.616 | 463 ool-1-worker-227 | DEBUG | .s.ProgrammingExerciseGradingService : Received new build result (NEW) for participation 4695
    23:49:01.636 | 463 ool-1-worker-227 | DEBUG | .c.s.m.InstanceMessageReceiveService : Received schedule participant score for exercise 3430 and participant 773 (result to be deleted: null)
    23:49:01.636 | 463 ool-1-worker-227 | DEBUG | .a.s.ParticipantScoreScheduleService : Scheduled task for exercise 3430 and participant 773 at 2025-02-14T23:49:01.736444130Z[Etc/UTC].
    23:49:01.637 | 463 ool-1-worker-227 | DEBUG | .a.a.p.s.ProgrammingMessagingService : Send result to client over websocket. Result: Result{id955, completionDate=2025-02-14T23:49:01.580251500Z, successful=false, score=0.0, rated=true, assessmentType=AUTOMATIC, hasComplaint=null, testCaseCount=0, passedTestCaseCount=0, codeIssueCount=0}, Submission: ProgrammingSubmission{commitHash='9b3a9bd71a0d80e5bbc42204c319ed3d1d4f0d6d', buildFailed=true, buildArtifact=false, type=MANUAL}, Participation: ProgrammingExerciseStudentParticipation{id=4695, repositoryUri='https://version-control.fake.fake/git/SHORT80EECFF605BBF040220977A01D5A44C90815TSTEXC/short80eecff605bbf040220977a01d5a44c90815tstexc-progsubresgitlabjenstudent1.git', buildPlanId='SHORT80EECFF605BBF040220977A01D5A44C90815TSTEXC-PROGSUBRESGITLABJENSTUDENT1', initializationState='INITIALIZED', initializationDate='2025-02-14T23:49:01.577942Z', individualDueDate=null', presentationScore=null}
    23:49:01.639 | 463 ool-1-worker-227 | INFO  | d.t.c.a.a.a.w.o.PublicResultResource : The new result for SHORT80EECFF605BBF040220977A01D5A44C90815TSTEXC-PROGSUBRESGITLABJENSTUDENT1 was saved successfully

  Starting logs for ProgrammingSubmissionAndResultGitlabJenkinsIntegrationTest > shouldSaveBuildLogsOnStudentParticipationWithoutResult(ProgrammingLanguage, boolean, boolean) [71] programmingLanguage=OCAML, enableStaticCodeAnalysis=true, buildFailed=false
    23:49:01.651 | 463 ool-1-worker-227 | DEBUG | d.t.c.a.a.c.u.util.UserUtilService   : Generate 3 students...
    23:49:01.655 | 463 ool-1-worker-227 | DEBUG | d.t.c.a.a.c.u.util.UserUtilService   : 3 students generated. Generate 2 tutors...
    23:49:01.659 | 463 ool-1-worker-227 | DEBUG | d.t.c.a.a.c.u.util.UserUtilService   : 2 tutors generated. Generate 0 editors...
    23:49:01.660 | 463 ool-1-worker-227 | DEBUG | d.t.c.a.a.c.u.util.UserUtilService   : 0 editors generated. Generate 2 instructors...
    23:49:01.663 | 463 ool-1-worker-227 | DEBUG | d.t.c.a.a.c.u.util.UserUtilService   : 2 instructors generated
    23:49:01.664 | 463 ool-1-worker-227 | DEBUG | d.t.c.a.a.c.u.util.UserUtilService   : Removing 7 users from all courses...
    23:49:01.665 | 463 ool-1-worker-227 | DEBUG | d.t.c.a.a.c.u.util.UserUtilService   : Removing 7 users from all courses. Done
    23:49:01.665 | 463 ool-1-worker-227 | DEBUG | d.t.c.a.a.c.u.util.UserUtilService   : Save 7 users to database...
    23:49:01.669 | 463 ool-1-worker-227 | DEBUG | d.t.c.a.a.c.u.util.UserUtilService   : Save 7 users to database. Done
    23:49:01.684 | 463 ool-1-worker-227 | DEBUG | PersonalAccessTokenManagementService : Generate secure vcs access token
    23:49:01.687 | 463 ool-1-worker-227 | DEBUG | PersonalAccessTokenManagementService : Generate secure vcs access token
    23:49:01.689 | 463 ool-1-worker-227 | INFO  | i.z.t.d.l.EmbeddedDatabaseReporter   : JDBC URL to connect to 'dataSource': url='jdbc:h2:tcp://localhost:41063/mem:736625c0-cf5e-400d-aeaa-8a7eabd6262b;USER=sa', scope='ProgrammingSubmissionAndResultGitlabJenkinsIntegrationTest#shouldSaveBuildLogsOnStudentParticipationWithoutResult'
    23:49:01.702 | 463 ool-1-worker-227 | DEBUG | PersonalAccessTokenManagementService : Generate secure vcs access token
    23:49:01.706 | 463 ool-1-worker-227 | DEBUG | d.t.c.a.a.c.s.f.ApiVersionFilter     : Adding Version to Request POST /api/public/programming-exercises/new-result
    23:49:01.707 | 463 ool-1-worker-227 | DEBUG | d.t.c.a.a.a.w.o.PublicResultResource : Received result notify (NEW)
    23:49:01.709 | 463 ool-1-worker-227 | INFO  | d.t.c.a.a.a.w.o.PublicResultResource : Artemis received a new result for build plan SHORT9B655C2007C0F04EAA0970A052684DA37003TSTEXC-PROGSUBRESGITLABJENSTUDENT1
    23:49:01.711 | 463 ool-1-worker-227 | DEBUG | .s.ProgrammingExerciseGradingService : Received new build result (NEW) for participation 4702
    23:49:01.726 | 463 ool-1-worker-227 | DEBUG | .c.s.m.InstanceMessageReceiveService : Received schedule participant score for exercise 3432 and participant 773 (result to be deleted: null)
    23:49:01.726 | 463 ool-1-worker-227 | DEBUG | .a.s.ParticipantScoreScheduleService : Scheduled task for exercise 3432 and participant 773 at 2025-02-14T23:49:01.826457177Z[Etc/UTC].
    23:49:01.727 | 463 ool-1-worker-227 | DEBUG | .a.a.p.s.ProgrammingMessagingService : Send result to client over websocket. Result: Result{id956, completionDate=2025-02-14T23:49:01.704051700Z, successful=false, score=0.0, rated=true, assessmentType=AUTOMATIC, hasComplaint=null, testCaseCount=0, passedTestCaseCount=0, codeIssueCount=0}, Submission: ProgrammingSubmission{commitHash='9b3a9bd71a0d80e5bbc42204c319ed3d1d4f0d6d', buildFailed=true, buildArtifact=false, type=MANUAL}, Participation: ProgrammingExerciseStudentParticipation{id=4702, repositoryUri='https://version-control.fake.fake/git/SHORT9B655C2007C0F04EAA0970A052684DA37003TSTEXC/short9b655c2007c0f04eaa0970a052684da37003tstexc-progsubresgitlabjenstudent1.git', buildPlanId='SHORT9B655C2007C0F04EAA0970A052684DA37003TSTEXC-PROGSUBRESGITLABJENSTUDENT1', initializationState='INITIALIZED', initializationDate='2025-02-14T23:49:01.701806Z', individualDueDate=null', presentationScore=null}
    23:49:01.729 | 463 ool-1-worker-227 | INFO  | d.t.c.a.a.a.w.o.PublicResultResource : The new result for SHORT9B655C2007C0F04EAA0970A052684DA37003TSTEXC-PROGSUBRESGITLABJENSTUDENT1 was saved successfully
    23:49:01.732 | 463 ool-1-worker-227 | DEBUG | d.t.c.a.a.c.s.f.ApiVersionFilter     : Adding Version to Request GET /api/repository/4702/buildlogs
    23:49:01.733 | 463 ool-1-worker-227 | DEBUG | rammingExerciseParticipationResource : REST request to get build log : 4702
    23:49:01.737 | 463 ool-1-worker-227 | DEBUG | d.t.c.a.a.c.s.f.ApiVersionFilter     : Adding Version to Request POST /api/public/programming-exercises/new-result
    23:49:01.737 | 463 ool-1-worker-227 | DEBUG | d.t.c.a.a.a.w.o.PublicResultResource : Received result notify (NEW)
    23:49:01.739 | 463 ool-1-worker-227 | INFO  | d.t.c.a.a.a.w.o.PublicResultResource : Artemis received a new result for build plan SHORT9B655C2007C0F04EAA0970A052684DA37003TSTEXC-PROGSUBRESGITLABJENSTUDENT1
    23:49:01.740 | 463 ool-1-worker-227 | DEBUG | .s.ProgrammingExerciseGradingService : Received new build result (NEW) for participation 4702
    23:49:01.761 | 463 ool-1-worker-227 | DEBUG | .c.s.m.InstanceMessageReceiveService : Received schedule participant score for exercise 3432 and participant 773 (result to be deleted: null)
    23:49:01.761 | 463 ool-1-worker-227 | DEBUG | .a.s.ParticipantScoreScheduleService : Scheduled task for exercise 3432 and participant 773 at 2025-02-14T23:49:01.861482828Z[Etc/UTC].
    23:49:01.762 | 463 ool-1-worker-227 | DEBUG | .a.a.p.s.ProgrammingMessagingService : Send result to client over websocket. Result: Result{id957, completionDate=2025-02-14T23:49:01.704051700Z, successful=false, score=0.0, rated=true, assessmentType=AUTOMATIC, hasComplaint=null, testCaseCount=0, passedTestCaseCount=0, codeIssueCount=0}, Submission: ProgrammingSubmission{commitHash='9b3a9bd71a0d80e5bbc42204c319ed3d1d4f0d6d', buildFailed=true, buildArtifact=false, type=MANUAL}, Participation: ProgrammingExerciseStudentParticipation{id=4702, repositoryUri='https://version-control.fake.fake/git/SHORT9B655C2007C0F04EAA0970A052684DA37003TSTEXC/short9b655c2007c0f04eaa0970a052684da37003tstexc-progsubresgitlabjenstudent1.git', buildPlanId='SHORT9B655C2007C0F04EAA0970A052684DA37003TSTEXC-PROGSUBRESGITLABJENSTUDENT1', initializationState='INITIALIZED', initializationDate='2025-02-14T23:49:01.701806Z', individualDueDate=null', presentationScore=null}
    23:49:01.764 | 463 ool-1-worker-227 | INFO  | d.t.c.a.a.a.w.o.PublicResultResource : The new result for SHORT9B655C2007C0F04EAA0970A052684DA37003TSTEXC-PROGSUBRESGITLABJENSTUDENT1 was saved successfully

  Starting logs for ProgrammingSubmissionAndResultGitlabJenkinsIntegrationTest > shouldSaveBuildLogsOnStudentParticipationWithoutResult(ProgrammingLanguage, boolean, boolean) [72] programmingLanguage=OCAML, enableStaticCodeAnalysis=false, buildFailed=false
    23:49:01.776 | 463 ool-1-worker-227 | DEBUG | d.t.c.a.a.c.u.util.UserUtilService   : Generate 3 students...
    23:49:01.780 | 463 ool-1-worker-227 | DEBUG | d.t.c.a.a.c.u.util.UserUtilService   : 3 students generated. Generate 2 tutors...
    23:49:01.783 | 463 ool-1-worker-227 | DEBUG | d.t.c.a.a.c.u.util.UserUtilService   : 2 tutors generated. Generate 0 editors...
    23:49:01.785 | 463 ool-1-worker-227 | DEBUG | d.t.c.a.a.c.u.util.UserUtilService   : 0 editors generated. Generate 2 instructors...
    23:49:01.788 | 463 ool-1-worker-227 | DEBUG | d.t.c.a.a.c.u.util.UserUtilService   : 2 instructors generated
    23:49:01.789 | 463 ool-1-worker-227 | DEBUG | d.t.c.a.a.c.u.util.UserUtilService   : Removing 7 users from all courses...
    23:49:01.790 | 463 ool-1-worker-227 | DEBUG | d.t.c.a.a.c.u.util.UserUtilService   : Removing 7 users from all courses. Done
    23:49:01.790 | 463 ool-1-worker-227 | DEBUG | d.t.c.a.a.c.u.util.UserUtilService   : Save 7 users to database...
    23:49:01.794 | 463 ool-1-worker-227 | DEBUG | d.t.c.a.a.c.u.util.UserUtilService   : Save 7 users to database. Done
    23:49:01.809 | 463 ool-1-worker-227 | DEBUG | PersonalAccessTokenManagementService : Generate secure vcs access token
    23:49:01.812 | 463 ool-1-worker-227 | DEBUG | PersonalAccessTokenManagementService : Generate secure vcs access token
    23:49:01.814 | 463 ool-1-worker-227 | INFO  | i.z.t.d.l.EmbeddedDatabaseReporter   : JDBC URL to connect to 'dataSource': url='jdbc:h2:tcp://localhost:41063/mem:736625c0-cf5e-400d-aeaa-8a7eabd6262b;USER=sa', scope='ProgrammingSubmissionAndResultGitlabJenkinsIntegrationTest#shouldSaveBuildLogsOnStudentParticipationWithoutResult'
    23:49:01.827 | 463 ool-1-worker-227 | DEBUG | PersonalAccessTokenManagementService : Generate secure vcs access token
    23:49:01.831 | 463 ool-1-worker-227 | DEBUG | d.t.c.a.a.c.s.f.ApiVersionFilter     : Adding Version to Request POST /api/public/programming-exercises/new-result
    23:49:01.831 | 463 ool-1-worker-227 | DEBUG | d.t.c.a.a.a.w.o.PublicResultResource : Received result notify (NEW)
    23:49:01.832 | 463 ool-1-worker-227 | INFO  | d.t.c.a.a.a.w.o.PublicResultResource : Artemis received a new result for build plan SHORT21C90EF70AE210414D09E2207A0A0413D249TSTEXC-PROGSUBRESGITLABJENSTUDENT1
    23:49:01.834 | 463 ool-1-worker-227 | DEBUG | .s.ProgrammingExerciseGradingService : Received new build result (NEW) for participation 4709
    23:49:01.848 | 463 ool-1-worker-227 | DEBUG | .c.s.m.InstanceMessageReceiveService : Received schedule participant score for exercise 3434 and participant 773 (result to be deleted: null)
    23:49:01.848 | 463 ool-1-worker-227 | DEBUG | .a.s.ParticipantScoreScheduleService : Scheduled task for exercise 3434 and participant 773 at 2025-02-14T23:49:01.948895886Z[Etc/UTC].
    23:49:01.849 | 463 ool-1-worker-227 | DEBUG | .a.a.p.s.ProgrammingMessagingService : Send result to client over websocket. Result: Result{id958, completionDate=2025-02-14T23:49:01.828858900Z, successful=false, score=0.0, rated=true, assessmentType=AUTOMATIC, hasComplaint=null, testCaseCount=0, passedTestCaseCount=0, codeIssueCount=0}, Submission: ProgrammingSubmission{commitHash='9b3a9bd71a0d80e5bbc42204c319ed3d1d4f0d6d', buildFailed=true, buildArtifact=false, type=MANUAL}, Participation: ProgrammingExerciseStudentParticipation{id=4709, repositoryUri='https://version-control.fake.fake/git/SHORT21C90EF70AE210414D09E2207A0A0413D249TSTEXC/short21c90ef70ae210414d09e2207a0a0413d249tstexc-progsubresgitlabjenstudent1.git', buildPlanId='SHORT21C90EF70AE210414D09E2207A0A0413D249TSTEXC-PROGSUBRESGITLABJENSTUDENT1', initializationState='INITIALIZED', initializationDate='2025-02-14T23:49:01.826618Z', individualDueDate=null', presentationScore=null}
    23:49:01.852 | 463 ool-1-worker-227 | INFO  | d.t.c.a.a.a.w.o.PublicResultResource : The new result for SHORT21C90EF70AE210414D09E2207A0A0413D249TSTEXC-PROGSUBRESGITLABJENSTUDENT1 was saved successfully
    23:49:01.855 | 463 ool-1-worker-227 | DEBUG | d.t.c.a.a.c.s.f.ApiVersionFilter     : Adding Version to Request GET /api/repository/4709/buildlogs
    23:49:01.855 | 463 ool-1-worker-227 | DEBUG | rammingExerciseParticipationResource : REST request to get build log : 4709
    23:49:01.860 | 463 ool-1-worker-227 | DEBUG | d.t.c.a.a.c.s.f.ApiVersionFilter     : Adding Version to Request POST /api/public/programming-exercises/new-result
    23:49:01.860 | 463 ool-1-worker-227 | DEBUG | d.t.c.a.a.a.w.o.PublicResultResource : Received result notify (NEW)
    23:49:01.861 | 463 ool-1-worker-227 | INFO  | d.t.c.a.a.a.w.o.PublicResultResource : Artemis received a new result for build plan SHORT21C90EF70AE210414D09E2207A0A0413D249TSTEXC-PROGSUBRESGITLABJENSTUDENT1
    23:49:01.863 | 463 ool-1-worker-227 | DEBUG | .s.ProgrammingExerciseGradingService : Received new build result (NEW) for participation 4709
    23:49:01.885 | 463 ool-1-worker-227 | DEBUG | .c.s.m.InstanceMessageReceiveService : Received schedule participant score for exercise 3434 and participant 773 (result to be deleted: null)
    23:49:01.885 | 463 ool-1-worker-227 | DEBUG | .a.s.ParticipantScoreScheduleService : Scheduled task for exercise 3434 and participant 773 at 2025-02-14T23:49:01.985089975Z[Etc/UTC].
    23:49:01.886 | 463 ool-1-worker-227 | DEBUG | .a.a.p.s.ProgrammingMessagingService : Send result to client over websocket. Result: Result{id959, completionDate=2025-02-14T23:49:01.828858900Z, successful=false, score=0.0, rated=true, assessmentType=AUTOMATIC, hasComplaint=null, testCaseCount=0, passedTestCaseCount=0, codeIssueCount=0}, Submission: ProgrammingSubmission{commitHash='9b3a9bd71a0d80e5bbc42204c319ed3d1d4f0d6d', buildFailed=true, buildArtifact=false, type=MANUAL}, Participation: ProgrammingExerciseStudentParticipation{id=4709, repositoryUri='https://version-control.fake.fake/git/SHORT21C90EF70AE210414D09E2207A0A0413D249TSTEXC/short21c90ef70ae210414d09e2207a0a0413d249tstexc-progsubresgitlabjenstudent1.git', buildPlanId='SHORT21C90EF70AE210414D09E2207A0A0413D249TSTEXC-PROGSUBRESGITLABJENSTUDENT1', initializationState='INITIALIZED', initializationDate='2025-02-14T23:49:01.826618Z', individualDueDate=null', presentationScore=null}
    23:49:01.888 | 463 ool-1-worker-227 | INFO  | d.t.c.a.a.a.w.o.PublicResultResource : The new result for SHORT21C90EF70AE210414D09E2207A0A0413D249TSTEXC-PROGSUBRESGITLABJENSTUDENT1 was saved successfully

  Starting logs for ProgrammingSubmissionAndResultGitlabJenkinsIntegrationTest > shouldSaveBuildLogsOnStudentParticipationWithoutResult(ProgrammingLanguage, boolean, boolean) [73] programmingLanguage=R, enableStaticCodeAnalysis=true, buildFailed=true
    23:49:01.900 | 463 ool-1-worker-227 | DEBUG | d.t.c.a.a.c.u.util.UserUtilService   : Generate 3 students...
    23:49:01.905 | 463 ool-1-worker-227 | DEBUG | d.t.c.a.a.c.u.util.UserUtilService   : 3 students generated. Generate 2 tutors...
    23:49:01.908 | 463 ool-1-worker-227 | DEBUG | d.t.c.a.a.c.u.util.UserUtilService   : 2 tutors generated. Generate 0 editors...
    23:49:01.909 | 463 ool-1-worker-227 | DEBUG | d.t.c.a.a.c.u.util.UserUtilService   : 0 editors generated. Generate 2 instructors...
    23:49:01.913 | 463 ool-1-worker-227 | DEBUG | d.t.c.a.a.c.u.util.UserUtilService   : 2 instructors generated
    23:49:01.914 | 463 ool-1-worker-227 | DEBUG | d.t.c.a.a.c.u.util.UserUtilService   : Removing 7 users from all courses...
    23:49:01.915 | 463 ool-1-worker-227 | DEBUG | d.t.c.a.a.c.u.util.UserUtilService   : Removing 7 users from all courses. Done
    23:49:01.915 | 463 ool-1-worker-227 | DEBUG | d.t.c.a.a.c.u.util.UserUtilService   : Save 7 users to database...
    23:49:01.918 | 463 ool-1-worker-227 | DEBUG | d.t.c.a.a.c.u.util.UserUtilService   : Save 7 users to database. Done
    23:49:01.933 | 463 ool-1-worker-227 | DEBUG | PersonalAccessTokenManagementService : Generate secure vcs access token
    23:49:01.937 | 463 ool-1-worker-227 | DEBUG | PersonalAccessTokenManagementService : Generate secure vcs access token
    23:49:01.939 | 463 ool-1-worker-227 | INFO  | i.z.t.d.l.EmbeddedDatabaseReporter   : JDBC URL to connect to 'dataSource': url='jdbc:h2:tcp://localhost:41063/mem:736625c0-cf5e-400d-aeaa-8a7eabd6262b;USER=sa', scope='ProgrammingSubmissionAndResultGitlabJenkinsIntegrationTest#shouldSaveBuildLogsOnStudentParticipationWithoutResult'
    23:49:01.952 | 463 ool-1-worker-227 | DEBUG | PersonalAccessTokenManagementService : Generate secure vcs access token
    23:49:01.956 | 463 ool-1-worker-227 | DEBUG | d.t.c.a.a.c.s.f.ApiVersionFilter     : Adding Version to Request POST /api/public/programming-exercises/new-result
    23:49:01.956 | 463 ool-1-worker-227 | DEBUG | d.t.c.a.a.a.w.o.PublicResultResource : Received result notify (NEW)
    23:49:01.958 | 463 ool-1-worker-227 | INFO  | d.t.c.a.a.a.w.o.PublicResultResource : Artemis received a new result for build plan SHORTBDA88A8B0C1CC041E90A6680C38717D6B57CTSTEXC-PROGSUBRESGITLABJENSTUDENT1
    23:49:01.959 | 463 ool-1-worker-227 | DEBUG | .s.ProgrammingExerciseGradingService : Received new build result (NEW) for participation 4716
    23:49:01.975 | 463 ool-1-worker-227 | DEBUG | .c.s.m.InstanceMessageReceiveService : Received schedule participant score for exercise 3436 and participant 773 (result to be deleted: null)
    23:49:01.975 | 463 ool-1-worker-227 | DEBUG | .a.s.ParticipantScoreScheduleService : Scheduled task for exercise 3436 and participant 773 at 2025-02-14T23:49:02.075507026Z[Etc/UTC].
    23:49:01.976 | 463 ool-1-worker-227 | DEBUG | .a.a.p.s.ProgrammingMessagingService : Send result to client over websocket. Result: Result{id960, completionDate=2025-02-14T23:49:01.954176200Z, successful=false, score=0.0, rated=true, assessmentType=AUTOMATIC, hasComplaint=null, testCaseCount=0, passedTestCaseCount=0, codeIssueCount=0}, Submission: ProgrammingSubmission{commitHash='9b3a9bd71a0d80e5bbc42204c319ed3d1d4f0d6d', buildFailed=true, buildArtifact=false, type=MANUAL}, Participation: ProgrammingExerciseStudentParticipation{id=4716, repositoryUri='https://version-control.fake.fake/git/SHORTBDA88A8B0C1CC041E90A6680C38717D6B57CTSTEXC/shortbda88a8b0c1cc041e90a6680c38717d6b57ctstexc-progsubresgitlabjenstudent1.git', buildPlanId='SHORTBDA88A8B0C1CC041E90A6680C38717D6B57CTSTEXC-PROGSUBRESGITLABJENSTUDENT1', initializationState='INITIALIZED', initializationDate='2025-02-14T23:49:01.951786Z', individualDueDate=null', presentationScore=null}
    23:49:01.978 | 463 ool-1-worker-227 | INFO  | d.t.c.a.a.a.w.o.PublicResultResource : The new result for SHORTBDA88A8B0C1CC041E90A6680C38717D6B57CTSTEXC-PROGSUBRESGITLABJENSTUDENT1 was saved successfully
    23:49:01.982 | 463 ool-1-worker-227 | DEBUG | d.t.c.a.a.c.s.f.ApiVersionFilter     : Adding Version to Request GET /api/repository/4716/buildlogs
    23:49:01.982 | 463 ool-1-worker-227 | DEBUG | rammingExerciseParticipationResource : REST request to get build log : 4716
    23:49:01.987 | 463 ool-1-worker-227 | DEBUG | d.t.c.a.a.c.s.f.ApiVersionFilter     : Adding Version to Request POST /api/public/programming-exercises/new-result
    23:49:01.987 | 463 ool-1-worker-227 | DEBUG | d.t.c.a.a.a.w.o.PublicResultResource : Received result notify (NEW)
    23:49:01.989 | 463 ool-1-worker-227 | INFO  | d.t.c.a.a.a.w.o.PublicResultResource : Artemis received a new result for build plan SHORTBDA88A8B0C1CC041E90A6680C38717D6B57CTSTEXC-PROGSUBRESGITLABJENSTUDENT1
    23:49:01.990 | 463 ool-1-worker-227 | DEBUG | .s.ProgrammingExerciseGradingService : Received new build result (NEW) for participation 4716
    23:49:02.012 | 463 ool-1-worker-227 | DEBUG | .c.s.m.InstanceMessageReceiveService : Received schedule participant score for exercise 3436 and participant 773 (result to be deleted: null)
    23:49:02.012 | 463 ool-1-worker-227 | DEBUG | .a.s.ParticipantScoreScheduleService : Scheduled task for exercise 3436 and participant 773 at 2025-02-14T23:49:02.112765390Z[Etc/UTC].
    23:49:02.013 | 463 ool-1-worker-227 | DEBUG | .a.a.p.s.ProgrammingMessagingService : Send result to client over websocket. Result: Result{id961, completionDate=2025-02-14T23:49:01.954176200Z, successful=false, score=0.0, rated=true, assessmentType=AUTOMATIC, hasComplaint=null, testCaseCount=0, passedTestCaseCount=0, codeIssueCount=0}, Submission: ProgrammingSubmission{commitHash='9b3a9bd71a0d80e5bbc42204c319ed3d1d4f0d6d', buildFailed=true, buildArtifact=false, type=MANUAL}, Participation: ProgrammingExerciseStudentParticipation{id=4716, repositoryUri='https://version-control.fake.fake/git/SHORTBDA88A8B0C1CC041E90A6680C38717D6B57CTSTEXC/shortbda88a8b0c1cc041e90a6680c38717d6b57ctstexc-progsubresgitlabjenstudent1.git', buildPlanId='SHORTBDA88A8B0C1CC041E90A6680C38717D6B57CTSTEXC-PROGSUBRESGITLABJENSTUDENT1', initializationState='INITIALIZED', initializationDate='2025-02-14T23:49:01.951786Z', individualDueDate=null', presentationScore=null}
    23:49:02.016 | 463 ool-1-worker-227 | INFO  | d.t.c.a.a.a.w.o.PublicResultResource : The new result for SHORTBDA88A8B0C1CC041E90A6680C38717D6B57CTSTEXC-PROGSUBRESGITLABJENSTUDENT1 was saved successfully

  Starting logs for ProgrammingSubmissionAndResultGitlabJenkinsIntegrationTest > shouldSaveBuildLogsOnStudentParticipationWithoutResult(ProgrammingLanguage, boolean, boolean) [74] programmingLanguage=R, enableStaticCodeAnalysis=false, buildFailed=true
    23:49:02.028 | 463 ool-1-worker-227 | DEBUG | d.t.c.a.a.c.u.util.UserUtilService   : Generate 3 students...
    23:49:02.033 | 463 ool-1-worker-227 | DEBUG | d.t.c.a.a.c.u.util.UserUtilService   : 3 students generated. Generate 2 tutors...
    23:49:02.036 | 463 ool-1-worker-227 | DEBUG | d.t.c.a.a.c.u.util.UserUtilService   : 2 tutors generated. Generate 0 editors...
    23:49:02.037 | 463 ool-1-worker-227 | DEBUG | d.t.c.a.a.c.u.util.UserUtilService   : 0 editors generated. Generate 2 instructors...
    23:49:02.041 | 463 ool-1-worker-227 | DEBUG | d.t.c.a.a.c.u.util.UserUtilService   : 2 instructors generated
    23:49:02.042 | 463 ool-1-worker-227 | DEBUG | d.t.c.a.a.c.u.util.UserUtilService   : Removing 7 users from all courses...
    23:49:02.043 | 463 ool-1-worker-227 | DEBUG | d.t.c.a.a.c.u.util.UserUtilService   : Removing 7 users from all courses. Done
    23:49:02.043 | 463 ool-1-worker-227 | DEBUG | d.t.c.a.a.c.u.util.UserUtilService   : Save 7 users to database...
    23:49:02.046 | 463 ool-1-worker-227 | DEBUG | d.t.c.a.a.c.u.util.UserUtilService   : Save 7 users to database. Done
    23:49:02.062 | 463 ool-1-worker-227 | DEBUG | PersonalAccessTokenManagementService : Generate secure vcs access token
    23:49:02.065 | 463 ool-1-worker-227 | DEBUG | PersonalAccessTokenManagementService : Generate secure vcs access token
    23:49:02.067 | 463 ool-1-worker-227 | INFO  | i.z.t.d.l.EmbeddedDatabaseReporter   : JDBC URL to connect to 'dataSource': url='jdbc:h2:tcp://localhost:41063/mem:736625c0-cf5e-400d-aeaa-8a7eabd6262b;USER=sa', scope='ProgrammingSubmissionAndResultGitlabJenkinsIntegrationTest#shouldSaveBuildLogsOnStudentParticipationWithoutResult'
    23:49:02.082 | 463 ool-1-worker-227 | DEBUG | PersonalAccessTokenManagementService : Generate secure vcs access token
    23:49:02.086 | 463 ool-1-worker-227 | DEBUG | d.t.c.a.a.c.s.f.ApiVersionFilter     : Adding Version to Request POST /api/public/programming-exercises/new-result
    23:49:02.086 | 463 ool-1-worker-227 | DEBUG | d.t.c.a.a.a.w.o.PublicResultResource : Received result notify (NEW)
    23:49:02.088 | 463 ool-1-worker-227 | INFO  | d.t.c.a.a.a.w.o.PublicResultResource : Artemis received a new result for build plan SHORT568D52D700994046460A79E00CCDA3AEADA5TSTEXC-PROGSUBRESGITLABJENSTUDENT1
    23:49:02.090 | 463 ool-1-worker-227 | DEBUG | .s.ProgrammingExerciseGradingService : Received new build result (NEW) for participation 4723
    23:49:02.106 | 463 ool-1-worker-227 | DEBUG | .c.s.m.InstanceMessageReceiveService : Received schedule participant score for exercise 3438 and participant 773 (result to be deleted: null)
    23:49:02.106 | 463 ool-1-worker-227 | DEBUG | .a.s.ParticipantScoreScheduleService : Scheduled task for exercise 3438 and participant 773 at 2025-02-14T23:49:02.206213342Z[Etc/UTC].
    23:49:02.107 | 463 ool-1-worker-227 | DEBUG | .a.a.p.s.ProgrammingMessagingService : Send result to client over websocket. Result: Result{id962, completionDate=2025-02-14T23:49:02.083965800Z, successful=false, score=0.0, rated=true, assessmentType=AUTOMATIC, hasComplaint=null, testCaseCount=0, passedTestCaseCount=0, codeIssueCount=0}, Submission: ProgrammingSubmission{commitHash='9b3a9bd71a0d80e5bbc42204c319ed3d1d4f0d6d', buildFailed=true, buildArtifact=false, type=MANUAL}, Participation: ProgrammingExerciseStudentParticipation{id=4723, repositoryUri='https://version-control.fake.fake/git/SHORT568D52D700994046460A79E00CCDA3AEADA5TSTEXC/short568d52d700994046460a79e00ccda3aeada5tstexc-progsubresgitlabjenstudent1.git', buildPlanId='SHORT568D52D700994046460A79E00CCDA3AEADA5TSTEXC-PROGSUBRESGITLABJENSTUDENT1', initializationState='INITIALIZED', initializationDate='2025-02-14T23:49:02.081519Z', individualDueDate=null', presentationScore=null}
    23:49:02.109 | 463 ool-1-worker-227 | INFO  | d.t.c.a.a.a.w.o.PublicResultResource : The new result for SHORT568D52D700994046460A79E00CCDA3AEADA5TSTEXC-PROGSUBRESGITLABJENSTUDENT1 was saved successfully
    23:49:02.113 | 463 ool-1-worker-227 | DEBUG | d.t.c.a.a.c.s.f.ApiVersionFilter     : Adding Version to Request GET /api/repository/4723/buildlogs
    23:49:02.113 | 463 ool-1-worker-227 | DEBUG | rammingExerciseParticipationResource : REST request to get build log : 4723
    23:49:02.118 | 463 ool-1-worker-227 | DEBUG | d.t.c.a.a.c.s.f.ApiVersionFilter     : Adding Version to Request POST /api/public/programming-exercises/new-result
    23:49:02.118 | 463 ool-1-worker-227 | DEBUG | d.t.c.a.a.a.w.o.PublicResultResource : Received result notify (NEW)
    23:49:02.120 | 463 ool-1-worker-227 | INFO  | d.t.c.a.a.a.w.o.PublicResultResource : Artemis received a new result for build plan SHORT568D52D700994046460A79E00CCDA3AEADA5TSTEXC-PROGSUBRESGITLABJENSTUDENT1
    23:49:02.121 | 463 ool-1-worker-227 | DEBUG | .s.ProgrammingExerciseGradingService : Received new build result (NEW) for participation 4723
    23:49:02.143 | 463 ool-1-worker-227 | DEBUG | .c.s.m.InstanceMessageReceiveService : Received schedule participant score for exercise 3438 and participant 773 (result to be deleted: null)
    23:49:02.143 | 463 ool-1-worker-227 | DEBUG | .a.s.ParticipantScoreScheduleService : Scheduled task for exercise 3438 and participant 773 at 2025-02-14T23:49:02.243069125Z[Etc/UTC].
    23:49:02.144 | 463 ool-1-worker-227 | DEBUG | .a.a.p.s.ProgrammingMessagingService : Send result to client over websocket. Result: Result{id963, completionDate=2025-02-14T23:49:02.083965800Z, successful=false, score=0.0, rated=true, assessmentType=AUTOMATIC, hasComplaint=null, testCaseCount=0, passedTestCaseCount=0, codeIssueCount=0}, Submission: ProgrammingSubmission{commitHash='9b3a9bd71a0d80e5bbc42204c319ed3d1d4f0d6d', buildFailed=true, buildArtifact=false, type=MANUAL}, Participation: ProgrammingExerciseStudentParticipation{id=4723, repositoryUri='https://version-control.fake.fake/git/SHORT568D52D700994046460A79E00CCDA3AEADA5TSTEXC/short568d52d700994046460a79e00ccda3aeada5tstexc-progsubresgitlabjenstudent1.git', buildPlanId='SHORT568D52D700994046460A79E00CCDA3AEADA5TSTEXC-PROGSUBRESGITLABJENSTUDENT1', initializationState='INITIALIZED', initializationDate='2025-02-14T23:49:02.081519Z', individualDueDate=null', presentationScore=null}
    23:49:02.146 | 463 ool-1-worker-227 | INFO  | d.t.c.a.a.a.w.o.PublicResultResource : The new result for SHORT568D52D700994046460A79E00CCDA3AEADA5TSTEXC-PROGSUBRESGITLABJENSTUDENT1 was saved successfully

  Starting logs for ProgrammingSubmissionAndResultGitlabJenkinsIntegrationTest > shouldSaveBuildLogsOnStudentParticipationWithoutResult(ProgrammingLanguage, boolean, boolean) [75] programmingLanguage=R, enableStaticCodeAnalysis=true, buildFailed=false
    23:49:02.158 | 463 ool-1-worker-227 | DEBUG | d.t.c.a.a.c.u.util.UserUtilService   : Generate 3 students...
    23:49:02.163 | 463 ool-1-worker-227 | DEBUG | d.t.c.a.a.c.u.util.UserUtilService   : 3 students generated. Generate 2 tutors...
    23:49:02.166 | 463 ool-1-worker-227 | DEBUG | d.t.c.a.a.c.u.util.UserUtilService   : 2 tutors generated. Generate 0 editors...
    23:49:02.167 | 463 ool-1-worker-227 | DEBUG | d.t.c.a.a.c.u.util.UserUtilService   : 0 editors generated. Generate 2 instructors...
    23:49:02.170 | 463 ool-1-worker-227 | DEBUG | d.t.c.a.a.c.u.util.UserUtilService   : 2 instructors generated
    23:49:02.171 | 463 ool-1-worker-227 | DEBUG | d.t.c.a.a.c.u.util.UserUtilService   : Removing 7 users from all courses...
    23:49:02.172 | 463 ool-1-worker-227 | DEBUG | d.t.c.a.a.c.u.util.UserUtilService   : Removing 7 users from all courses. Done
    23:49:02.172 | 463 ool-1-worker-227 | DEBUG | d.t.c.a.a.c.u.util.UserUtilService   : Save 7 users to database...
    23:49:02.176 | 463 ool-1-worker-227 | DEBUG | d.t.c.a.a.c.u.util.UserUtilService   : Save 7 users to database. Done
    23:49:02.192 | 463 ool-1-worker-227 | DEBUG | PersonalAccessTokenManagementService : Generate secure vcs access token
    23:49:02.195 | 463 ool-1-worker-227 | DEBUG | PersonalAccessTokenManagementService : Generate secure vcs access token
    23:49:02.197 | 463 ool-1-worker-227 | INFO  | i.z.t.d.l.EmbeddedDatabaseReporter   : JDBC URL to connect to 'dataSource': url='jdbc:h2:tcp://localhost:41063/mem:736625c0-cf5e-400d-aeaa-8a7eabd6262b;USER=sa', scope='ProgrammingSubmissionAndResultGitlabJenkinsIntegrationTest#shouldSaveBuildLogsOnStudentParticipationWithoutResult'
    23:49:02.211 | 463 ool-1-worker-227 | DEBUG | PersonalAccessTokenManagementService : Generate secure vcs access token
    23:49:02.214 | 463 ool-1-worker-227 | DEBUG | d.t.c.a.a.c.s.f.ApiVersionFilter     : Adding Version to Request POST /api/public/programming-exercises/new-result
    23:49:02.214 | 463 ool-1-worker-227 | DEBUG | d.t.c.a.a.a.w.o.PublicResultResource : Received result notify (NEW)
    23:49:02.216 | 463 ool-1-worker-227 | INFO  | d.t.c.a.a.a.w.o.PublicResultResource : Artemis received a new result for build plan SHORT735A840E0E7D904107089EE01CA1F72111BATSTEXC-PROGSUBRESGITLABJENSTUDENT1
    23:49:02.218 | 463 ool-1-worker-227 | DEBUG | .s.ProgrammingExerciseGradingService : Received new build result (NEW) for participation 4730
    23:49:02.233 | 463 ool-1-worker-227 | DEBUG | .c.s.m.InstanceMessageReceiveService : Received schedule participant score for exercise 3440 and participant 773 (result to be deleted: null)
    23:49:02.233 | 463 ool-1-worker-227 | DEBUG | .a.s.ParticipantScoreScheduleService : Scheduled task for exercise 3440 and participant 773 at 2025-02-14T23:49:02.333527493Z[Etc/UTC].
    23:49:02.234 | 463 ool-1-worker-227 | DEBUG | .a.a.p.s.ProgrammingMessagingService : Send result to client over websocket. Result: Result{id964, completionDate=2025-02-14T23:49:02.212456200Z, successful=false, score=0.0, rated=true, assessmentType=AUTOMATIC, hasComplaint=null, testCaseCount=0, passedTestCaseCount=0, codeIssueCount=0}, Submission: ProgrammingSubmission{commitHash='9b3a9bd71a0d80e5bbc42204c319ed3d1d4f0d6d', buildFailed=true, buildArtifact=false, type=MANUAL}, Participation: ProgrammingExerciseStudentParticipation{id=4730, repositoryUri='https://version-control.fake.fake/git/SHORT735A840E0E7D904107089EE01CA1F72111BATSTEXC/short735a840e0e7d904107089ee01ca1f72111batstexc-progsubresgitlabjenstudent1.git', buildPlanId='SHORT735A840E0E7D904107089EE01CA1F72111BATSTEXC-PROGSUBRESGITLABJENSTUDENT1', initializationState='INITIALIZED', initializationDate='2025-02-14T23:49:02.210082Z', individualDueDate=null', presentationScore=null}
    23:49:02.236 | 463 ool-1-worker-227 | INFO  | d.t.c.a.a.a.w.o.PublicResultResource : The new result for SHORT735A840E0E7D904107089EE01CA1F72111BATSTEXC-PROGSUBRESGITLABJENSTUDENT1 was saved successfully
    23:49:02.240 | 463 ool-1-worker-227 | DEBUG | d.t.c.a.a.c.s.f.ApiVersionFilter     : Adding Version to Request GET /api/repository/4730/buildlogs
    23:49:02.240 | 463 ool-1-worker-227 | DEBUG | rammingExerciseParticipationResource : REST request to get build log : 4730
    23:49:02.245 | 463 ool-1-worker-227 | DEBUG | d.t.c.a.a.c.s.f.ApiVersionFilter     : Adding Version to Request POST /api/public/programming-exercises/new-result
    23:49:02.245 | 463 ool-1-worker-227 | DEBUG | d.t.c.a.a.a.w.o.PublicResultResource : Received result notify (NEW)
    23:49:02.246 | 463 ool-1-worker-227 | INFO  | d.t.c.a.a.a.w.o.PublicResultResource : Artemis received a new result for build plan SHORT735A840E0E7D904107089EE01CA1F72111BATSTEXC-PROGSUBRESGITLABJENSTUDENT1
    23:49:02.248 | 463 ool-1-worker-227 | DEBUG | .s.ProgrammingExerciseGradingService : Received new build result (NEW) for participation 4730
    23:49:02.275 | 463 ool-1-worker-227 | DEBUG | .c.s.m.InstanceMessageReceiveService : Received schedule participant score for exercise 3440 and participant 773 (result to be deleted: null)
    23:49:02.275 | 463 ool-1-worker-227 | DEBUG | .a.s.ParticipantScoreScheduleService : Scheduled task for exercise 3440 and participant 773 at 2025-02-14T23:49:02.375385976Z[Etc/UTC].
    23:49:02.276 | 463 ool-1-worker-227 | DEBUG | .a.a.p.s.ProgrammingMessagingService : Send result to client over websocket. Result: Result{id965, completionDate=2025-02-14T23:49:02.212456200Z, successful=false, score=0.0, rated=true, assessmentType=AUTOMATIC, hasComplaint=null, testCaseCount=0, passedTestCaseCount=0, codeIssueCount=0}, Submission: ProgrammingSubmission{commitHash='9b3a9bd71a0d80e5bbc42204c319ed3d1d4f0d6d', buildFailed=true, buildArtifact=false, type=MANUAL}, Participation: ProgrammingExerciseStudentParticipation{id=4730, repositoryUri='https://version-control.fake.fake/git/SHORT735A840E0E7D904107089EE01CA1F72111BATSTEXC/short735a840e0e7d904107089ee01ca1f72111batstexc-progsubresgitlabjenstudent1.git', buildPlanId='SHORT735A840E0E7D904107089EE01CA1F72111BATSTEXC-PROGSUBRESGITLABJENSTUDENT1', initializationState='INITIALIZED', initializationDate='2025-02-14T23:49:02.210082Z', individualDueDate=null', presentationScore=null}
    23:49:02.279 | 463 ool-1-worker-227 | INFO  | d.t.c.a.a.a.w.o.PublicResultResource : The new result for SHORT735A840E0E7D904107089EE01CA1F72111BATSTEXC-PROGSUBRESGITLABJENSTUDENT1 was saved successfully

  Starting logs for ProgrammingSubmissionAndResultGitlabJenkinsIntegrationTest > shouldSaveBuildLogsOnStudentParticipationWithoutResult(ProgrammingLanguage, boolean, boolean) [76] programmingLanguage=R, enableStaticCodeAnalysis=false, buildFailed=false
    23:49:02.295 | 463 ool-1-worker-227 | DEBUG | d.t.c.a.a.c.u.util.UserUtilService   : Generate 3 students...
    23:49:02.301 | 463 ool-1-worker-227 | DEBUG | d.t.c.a.a.c.u.util.UserUtilService   : 3 students generated. Generate 2 tutors...
    23:49:02.304 | 463 ool-1-worker-227 | DEBUG | d.t.c.a.a.c.u.util.UserUtilService   : 2 tutors generated. Generate 0 editors...
    23:49:02.306 | 463 ool-1-worker-227 | DEBUG | d.t.c.a.a.c.u.util.UserUtilService   : 0 editors generated. Generate 2 instructors...
    23:49:02.309 | 463 ool-1-worker-227 | DEBUG | d.t.c.a.a.c.u.util.UserUtilService   : 2 instructors generated
    23:49:02.310 | 463 ool-1-worker-227 | DEBUG | d.t.c.a.a.c.u.util.UserUtilService   : Removing 7 users from all courses...
    23:49:02.311 | 463 ool-1-worker-227 | DEBUG | d.t.c.a.a.c.u.util.UserUtilService   : Removing 7 users from all courses. Done
    23:49:02.311 | 463 ool-1-worker-227 | DEBUG | d.t.c.a.a.c.u.util.UserUtilService   : Save 7 users to database...
    23:49:02.315 | 463 ool-1-worker-227 | DEBUG | d.t.c.a.a.c.u.util.UserUtilService   : Save 7 users to database. Done
    23:49:02.330 | 463 ool-1-worker-227 | DEBUG | PersonalAccessTokenManagementService : Generate secure vcs access token
    23:49:02.334 | 463 ool-1-worker-227 | DEBUG | PersonalAccessTokenManagementService : Generate secure vcs access token
    23:49:02.335 | 463 ool-1-worker-227 | INFO  | i.z.t.d.l.EmbeddedDatabaseReporter   : JDBC URL to connect to 'dataSource': url='jdbc:h2:tcp://localhost:41063/mem:736625c0-cf5e-400d-aeaa-8a7eabd6262b;USER=sa', scope='ProgrammingSubmissionAndResultGitlabJenkinsIntegrationTest#shouldSaveBuildLogsOnStudentParticipationWithoutResult'
    23:49:02.349 | 463 ool-1-worker-227 | DEBUG | PersonalAccessTokenManagementService : Generate secure vcs access token
    23:49:02.353 | 463 ool-1-worker-227 | DEBUG | d.t.c.a.a.c.s.f.ApiVersionFilter     : Adding Version to Request POST /api/public/programming-exercises/new-result
    23:49:02.353 | 463 ool-1-worker-227 | DEBUG | d.t.c.a.a.a.w.o.PublicResultResource : Received result notify (NEW)
    23:49:02.355 | 463 ool-1-worker-227 | INFO  | d.t.c.a.a.a.w.o.PublicResultResource : Artemis received a new result for build plan SHORTADF554CF0FD530464E0A6C90E5FB134A4FCDTSTEXC-PROGSUBRESGITLABJENSTUDENT1
    23:49:02.357 | 463 ool-1-worker-227 | DEBUG | .s.ProgrammingExerciseGradingService : Received new build result (NEW) for participation 4737
    23:49:02.372 | 463 ool-1-worker-227 | DEBUG | .c.s.m.InstanceMessageReceiveService : Received schedule participant score for exercise 3442 and participant 773 (result to be deleted: null)
    23:49:02.372 | 463 ool-1-worker-227 | DEBUG | .a.s.ParticipantScoreScheduleService : Scheduled task for exercise 3442 and participant 773 at 2025-02-14T23:49:02.472665294Z[Etc/UTC].
    23:49:02.373 | 463 ool-1-worker-227 | DEBUG | .a.a.p.s.ProgrammingMessagingService : Send result to client over websocket. Result: Result{id966, completionDate=2025-02-14T23:49:02.350945500Z, successful=false, score=0.0, rated=true, assessmentType=AUTOMATIC, hasComplaint=null, testCaseCount=0, passedTestCaseCount=0, codeIssueCount=0}, Submission: ProgrammingSubmission{commitHash='9b3a9bd71a0d80e5bbc42204c319ed3d1d4f0d6d', buildFailed=true, buildArtifact=false, type=MANUAL}, Participation: ProgrammingExerciseStudentParticipation{id=4737, repositoryUri='https://version-control.fake.fake/git/SHORTADF554CF0FD530464E0A6C90E5FB134A4FCDTSTEXC/shortadf554cf0fd530464e0a6c90e5fb134a4fcdtstexc-progsubresgitlabjenstudent1.git', buildPlanId='SHORTADF554CF0FD530464E0A6C90E5FB134A4FCDTSTEXC-PROGSUBRESGITLABJENSTUDENT1', initializationState='INITIALIZED', initializationDate='2025-02-14T23:49:02.348617Z', individualDueDate=null', presentationScore=null}
    23:49:02.376 | 463 ool-1-worker-227 | INFO  | d.t.c.a.a.a.w.o.PublicResultResource : The new result for SHORTADF554CF0FD530464E0A6C90E5FB134A4FCDTSTEXC-PROGSUBRESGITLABJENSTUDENT1 was saved successfully
    23:49:02.379 | 463 ool-1-worker-227 | DEBUG | d.t.c.a.a.c.s.f.ApiVersionFilter     : Adding Version to Request GET /api/repository/4737/buildlogs
    23:49:02.379 | 463 ool-1-worker-227 | DEBUG | rammingExerciseParticipationResource : REST request to get build log : 4737
    23:49:02.384 | 463 ool-1-worker-227 | DEBUG | d.t.c.a.a.c.s.f.ApiVersionFilter     : Adding Version to Request POST /api/public/programming-exercises/new-result
    23:49:02.384 | 463 ool-1-worker-227 | DEBUG | d.t.c.a.a.a.w.o.PublicResultResource : Received result notify (NEW)
    23:49:02.386 | 463 ool-1-worker-227 | INFO  | d.t.c.a.a.a.w.o.PublicResultResource : Artemis received a new result for build plan SHORTADF554CF0FD530464E0A6C90E5FB134A4FCDTSTEXC-PROGSUBRESGITLABJENSTUDENT1
    23:49:02.387 | 463 ool-1-worker-227 | DEBUG | .s.ProgrammingExerciseGradingService : Received new build result (NEW) for participation 4737
    23:49:02.409 | 463 ool-1-worker-227 | DEBUG | .c.s.m.InstanceMessageReceiveService : Received schedule participant score for exercise 3442 and participant 773 (result to be deleted: null)
    23:49:02.409 | 463 ool-1-worker-227 | DEBUG | .a.s.ParticipantScoreScheduleService : Scheduled task for exercise 3442 and participant 773 at 2025-02-14T23:49:02.509320723Z[Etc/UTC].
    23:49:02.410 | 463 ool-1-worker-227 | DEBUG | .a.a.p.s.ProgrammingMessagingService : Send result to client over websocket. Result: Result{id967, completionDate=2025-02-14T23:49:02.350945500Z, successful=false, score=0.0, rated=true, assessmentType=AUTOMATIC, hasComplaint=null, testCaseCount=0, passedTestCaseCount=0, codeIssueCount=0}, Submission: ProgrammingSubmission{commitHash='9b3a9bd71a0d80e5bbc42204c319ed3d1d4f0d6d', buildFailed=true, buildArtifact=false, type=MANUAL}, Participation: ProgrammingExerciseStudentParticipation{id=4737, repositoryUri='https://version-control.fake.fake/git/SHORTADF554CF0FD530464E0A6C90E5FB134A4FCDTSTEXC/shortadf554cf0fd530464e0a6c90e5fb134a4fcdtstexc-progsubresgitlabjenstudent1.git', buildPlanId='SHORTADF554CF0FD530464E0A6C90E5FB134A4FCDTSTEXC-PROGSUBRESGITLABJENSTUDENT1', initializationState='INITIALIZED', initializationDate='2025-02-14T23:49:02.348617Z', individualDueDate=null', presentationScore=null}
    23:49:02.413 | 463 ool-1-worker-227 | INFO  | d.t.c.a.a.a.w.o.PublicResultResource : The new result for SHORTADF554CF0FD530464E0A6C90E5FB134A4FCDTSTEXC-PROGSUBRESGITLABJENSTUDENT1 was saved successfully

  Starting logs for ProgrammingSubmissionAndResultGitlabJenkinsIntegrationTest > shouldSaveBuildLogsOnStudentParticipationWithoutResult(ProgrammingLanguage, boolean, boolean) [77] programmingLanguage=PYTHON, enableStaticCodeAnalysis=true, buildFailed=true
    23:49:02.424 | 463 ool-1-worker-227 | DEBUG | d.t.c.a.a.c.u.util.UserUtilService   : Generate 3 students...
    23:49:02.429 | 463 ool-1-worker-227 | DEBUG | d.t.c.a.a.c.u.util.UserUtilService   : 3 students generated. Generate 2 tutors...
    23:49:02.432 | 463 ool-1-worker-227 | DEBUG | d.t.c.a.a.c.u.util.UserUtilService   : 2 tutors generated. Generate 0 editors...
    23:49:02.433 | 463 ool-1-worker-227 | DEBUG | d.t.c.a.a.c.u.util.UserUtilService   : 0 editors generated. Generate 2 instructors...
    23:49:02.437 | 463 ool-1-worker-227 | DEBUG | d.t.c.a.a.c.u.util.UserUtilService   : 2 instructors generated
    23:49:02.438 | 463 ool-1-worker-227 | DEBUG | d.t.c.a.a.c.u.util.UserUtilService   : Removing 7 users from all courses...
    23:49:02.439 | 463 ool-1-worker-227 | DEBUG | d.t.c.a.a.c.u.util.UserUtilService   : Removing 7 users from all courses. Done
    23:49:02.439 | 463 ool-1-worker-227 | DEBUG | d.t.c.a.a.c.u.util.UserUtilService   : Save 7 users to database...
    23:49:02.442 | 463 ool-1-worker-227 | DEBUG | d.t.c.a.a.c.u.util.UserUtilService   : Save 7 users to database. Done
    23:49:02.458 | 463 ool-1-worker-227 | DEBUG | PersonalAccessTokenManagementService : Generate secure vcs access token
    23:49:02.461 | 463 ool-1-worker-227 | DEBUG | PersonalAccessTokenManagementService : Generate secure vcs access token
    23:49:02.463 | 463 ool-1-worker-227 | INFO  | i.z.t.d.l.EmbeddedDatabaseReporter   : JDBC URL to connect to 'dataSource': url='jdbc:h2:tcp://localhost:41063/mem:736625c0-cf5e-400d-aeaa-8a7eabd6262b;USER=sa', scope='ProgrammingSubmissionAndResultGitlabJenkinsIntegrationTest#shouldSaveBuildLogsOnStudentParticipationWithoutResult'
    23:49:02.477 | 463 ool-1-worker-227 | DEBUG | PersonalAccessTokenManagementService : Generate secure vcs access token
    23:49:02.481 | 463 ool-1-worker-227 | DEBUG | d.t.c.a.a.c.s.f.ApiVersionFilter     : Adding Version to Request POST /api/public/programming-exercises/new-result
    23:49:02.481 | 463 ool-1-worker-227 | DEBUG | d.t.c.a.a.a.w.o.PublicResultResource : Received result notify (NEW)
    23:49:02.483 | 463 ool-1-worker-227 | INFO  | d.t.c.a.a.a.w.o.PublicResultResource : Artemis received a new result for build plan SHORTEFEDB81706E790427609E3F03B1147595AAFTSTEXC-PROGSUBRESGITLABJENSTUDENT1
    23:49:02.484 | 463 ool-1-worker-227 | DEBUG | .s.ProgrammingExerciseGradingService : Received new build result (NEW) for participation 4744
    23:49:02.500 | 463 ool-1-worker-227 | DEBUG | .c.s.m.InstanceMessageReceiveService : Received schedule participant score for exercise 3444 and participant 773 (result to be deleted: null)
    23:49:02.500 | 463 ool-1-worker-227 | DEBUG | .a.s.ParticipantScoreScheduleService : Scheduled task for exercise 3444 and participant 773 at 2025-02-14T23:49:02.600574765Z[Etc/UTC].
    23:49:02.501 | 463 ool-1-worker-227 | DEBUG | .a.a.p.s.ProgrammingMessagingService : Send result to client over websocket. Result: Result{id968, completionDate=2025-02-14T23:49:02.479341300Z, successful=false, score=0.0, rated=true, assessmentType=AUTOMATIC, hasComplaint=null, testCaseCount=0, passedTestCaseCount=0, codeIssueCount=0}, Submission: ProgrammingSubmission{commitHash='9b3a9bd71a0d80e5bbc42204c319ed3d1d4f0d6d', buildFailed=true, buildArtifact=false, type=MANUAL}, Participation: ProgrammingExerciseStudentParticipation{id=4744, repositoryUri='https://version-control.fake.fake/git/SHORTEFEDB81706E790427609E3F03B1147595AAFTSTEXC/shortefedb81706e790427609e3f03b1147595aaftstexc-progsubresgitlabjenstudent1.git', buildPlanId='SHORTEFEDB81706E790427609E3F03B1147595AAFTSTEXC-PROGSUBRESGITLABJENSTUDENT1', initializationState='INITIALIZED', initializationDate='2025-02-14T23:49:02.476973Z', individualDueDate=null', presentationScore=null}
    23:49:02.503 | 463 ool-1-worker-227 | INFO  | d.t.c.a.a.a.w.o.PublicResultResource : The new result for SHORTEFEDB81706E790427609E3F03B1147595AAFTSTEXC-PROGSUBRESGITLABJENSTUDENT1 was saved successfully
    23:49:02.507 | 463 ool-1-worker-227 | DEBUG | d.t.c.a.a.c.s.f.ApiVersionFilter     : Adding Version to Request GET /api/repository/4744/buildlogs
    23:49:02.507 | 463 ool-1-worker-227 | DEBUG | rammingExerciseParticipationResource : REST request to get build log : 4744
    23:49:02.512 | 463 ool-1-worker-227 | DEBUG | d.t.c.a.a.c.s.f.ApiVersionFilter     : Adding Version to Request POST /api/public/programming-exercises/new-result
    23:49:02.512 | 463 ool-1-worker-227 | DEBUG | d.t.c.a.a.a.w.o.PublicResultResource : Received result notify (NEW)
    23:49:02.514 | 463 ool-1-worker-227 | INFO  | d.t.c.a.a.a.w.o.PublicResultResource : Artemis received a new result for build plan SHORTEFEDB81706E790427609E3F03B1147595AAFTSTEXC-PROGSUBRESGITLABJENSTUDENT1
    23:49:02.515 | 463 ool-1-worker-227 | DEBUG | .s.ProgrammingExerciseGradingService : Received new build result (NEW) for participation 4744
    23:49:02.536 | 463 ool-1-worker-227 | DEBUG | .c.s.m.InstanceMessageReceiveService : Received schedule participant score for exercise 3444 and participant 773 (result to be deleted: null)
    23:49:02.536 | 463 ool-1-worker-227 | DEBUG | .a.s.ParticipantScoreScheduleService : Scheduled task for exercise 3444 and participant 773 at 2025-02-14T23:49:02.636918443Z[Etc/UTC].
    23:49:02.538 | 463 ool-1-worker-227 | DEBUG | .a.a.p.s.ProgrammingMessagingService : Send result to client over websocket. Result: Result{id969, completionDate=2025-02-14T23:49:02.479341300Z, successful=false, score=0.0, rated=true, assessmentType=AUTOMATIC, hasComplaint=null, testCaseCount=0, passedTestCaseCount=0, codeIssueCount=0}, Submission: ProgrammingSubmission{commitHash='9b3a9bd71a0d80e5bbc42204c319ed3d1d4f0d6d', buildFailed=true, buildArtifact=false, type=MANUAL}, Participation: ProgrammingExerciseStudentParticipation{id=4744, repositoryUri='https://version-control.fake.fake/git/SHORTEFEDB81706E790427609E3F03B1147595AAFTSTEXC/shortefedb81706e790427609e3f03b1147595aaftstexc-progsubresgitlabjenstudent1.git', buildPlanId='SHORTEFEDB81706E790427609E3F03B1147595AAFTSTEXC-PROGSUBRESGITLABJENSTUDENT1', initializationState='INITIALIZED', initializationDate='2025-02-14T23:49:02.476973Z', individualDueDate=null', presentationScore=null}
    23:49:02.540 | 463 ool-1-worker-227 | INFO  | d.t.c.a.a.a.w.o.PublicResultResource : The new result for SHORTEFEDB81706E790427609E3F03B1147595AAFTSTEXC-PROGSUBRESGITLABJENSTUDENT1 was saved successfully

  Starting logs for ProgrammingSubmissionAndResultGitlabJenkinsIntegrationTest > shouldSaveBuildLogsOnStudentParticipationWithoutResult(ProgrammingLanguage, boolean, boolean) [78] programmingLanguage=PYTHON, enableStaticCodeAnalysis=false, buildFailed=true
    23:49:02.552 | 463 ool-1-worker-227 | DEBUG | d.t.c.a.a.c.u.util.UserUtilService   : Generate 3 students...
    23:49:02.557 | 463 ool-1-worker-227 | DEBUG | d.t.c.a.a.c.u.util.UserUtilService   : 3 students generated. Generate 2 tutors...
    23:49:02.560 | 463 ool-1-worker-227 | DEBUG | d.t.c.a.a.c.u.util.UserUtilService   : 2 tutors generated. Generate 0 editors...
    23:49:02.561 | 463 ool-1-worker-227 | DEBUG | d.t.c.a.a.c.u.util.UserUtilService   : 0 editors generated. Generate 2 instructors...
    23:49:02.564 | 463 ool-1-worker-227 | DEBUG | d.t.c.a.a.c.u.util.UserUtilService   : 2 instructors generated
    23:49:02.566 | 463 ool-1-worker-227 | DEBUG | d.t.c.a.a.c.u.util.UserUtilService   : Removing 7 users from all courses...
    23:49:02.567 | 463 ool-1-worker-227 | DEBUG | d.t.c.a.a.c.u.util.UserUtilService   : Removing 7 users from all courses. Done
    23:49:02.567 | 463 ool-1-worker-227 | DEBUG | d.t.c.a.a.c.u.util.UserUtilService   : Save 7 users to database...
    23:49:02.570 | 463 ool-1-worker-227 | DEBUG | d.t.c.a.a.c.u.util.UserUtilService   : Save 7 users to database. Done
    23:49:02.586 | 463 ool-1-worker-227 | DEBUG | PersonalAccessTokenManagementService : Generate secure vcs access token
    23:49:02.590 | 463 ool-1-worker-227 | DEBUG | PersonalAccessTokenManagementService : Generate secure vcs access token
    23:49:02.592 | 463 ool-1-worker-227 | INFO  | i.z.t.d.l.EmbeddedDatabaseReporter   : JDBC URL to connect to 'dataSource': url='jdbc:h2:tcp://localhost:41063/mem:736625c0-cf5e-400d-aeaa-8a7eabd6262b;USER=sa', scope='ProgrammingSubmissionAndResultGitlabJenkinsIntegrationTest#shouldSaveBuildLogsOnStudentParticipationWithoutResult'
    23:49:02.605 | 463 ool-1-worker-227 | DEBUG | PersonalAccessTokenManagementService : Generate secure vcs access token
    23:49:02.609 | 463 ool-1-worker-227 | DEBUG | d.t.c.a.a.c.s.f.ApiVersionFilter     : Adding Version to Request POST /api/public/programming-exercises/new-result
    23:49:02.609 | 463 ool-1-worker-227 | DEBUG | d.t.c.a.a.a.w.o.PublicResultResource : Received result notify (NEW)
    23:49:02.611 | 463 ool-1-worker-227 | INFO  | d.t.c.a.a.a.w.o.PublicResultResource : Artemis received a new result for build plan SHORT6BDD754F0B8A60422D0BB90048D89E613945TSTEXC-PROGSUBRESGITLABJENSTUDENT1
    23:49:02.612 | 463 ool-1-worker-227 | DEBUG | .s.ProgrammingExerciseGradingService : Received new build result (NEW) for participation 4751
    23:49:02.628 | 463 ool-1-worker-227 | DEBUG | .c.s.m.InstanceMessageReceiveService : Received schedule participant score for exercise 3446 and participant 773 (result to be deleted: null)
    23:49:02.628 | 463 ool-1-worker-227 | DEBUG | .a.s.ParticipantScoreScheduleService : Scheduled task for exercise 3446 and participant 773 at 2025-02-14T23:49:02.728320631Z[Etc/UTC].
    23:49:02.629 | 463 ool-1-worker-227 | DEBUG | .a.a.p.s.ProgrammingMessagingService : Send result to client over websocket. Result: Result{id970, completionDate=2025-02-14T23:49:02.607001300Z, successful=false, score=0.0, rated=true, assessmentType=AUTOMATIC, hasComplaint=null, testCaseCount=0, passedTestCaseCount=0, codeIssueCount=0}, Submission: ProgrammingSubmission{commitHash='9b3a9bd71a0d80e5bbc42204c319ed3d1d4f0d6d', buildFailed=true, buildArtifact=false, type=MANUAL}, Participation: ProgrammingExerciseStudentParticipation{id=4751, repositoryUri='https://version-control.fake.fake/git/SHORT6BDD754F0B8A60422D0BB90048D89E613945TSTEXC/short6bdd754f0b8a60422d0bb90048d89e613945tstexc-progsubresgitlabjenstudent1.git', buildPlanId='SHORT6BDD754F0B8A60422D0BB90048D89E613945TSTEXC-PROGSUBRESGITLABJENSTUDENT1', initializationState='INITIALIZED', initializationDate='2025-02-14T23:49:02.604605Z', individualDueDate=null', presentationScore=null}
    23:49:02.631 | 463 ool-1-worker-227 | INFO  | d.t.c.a.a.a.w.o.PublicResultResource : The new result for SHORT6BDD754F0B8A60422D0BB90048D89E613945TSTEXC-PROGSUBRESGITLABJENSTUDENT1 was saved successfully
    23:49:02.634 | 463 ool-1-worker-227 | DEBUG | d.t.c.a.a.c.s.f.ApiVersionFilter     : Adding Version to Request GET /api/repository/4751/buildlogs
    23:49:02.635 | 463 ool-1-worker-227 | DEBUG | rammingExerciseParticipationResource : REST request to get build log : 4751
    23:49:02.639 | 463 ool-1-worker-227 | DEBUG | d.t.c.a.a.c.s.f.ApiVersionFilter     : Adding Version to Request POST /api/public/programming-exercises/new-result
    23:49:02.640 | 463 ool-1-worker-227 | DEBUG | d.t.c.a.a.a.w.o.PublicResultResource : Received result notify (NEW)
    23:49:02.641 | 463 ool-1-worker-227 | INFO  | d.t.c.a.a.a.w.o.PublicResultResource : Artemis received a new result for build plan SHORT6BDD754F0B8A60422D0BB90048D89E613945TSTEXC-PROGSUBRESGITLABJENSTUDENT1
    23:49:02.643 | 463 ool-1-worker-227 | DEBUG | .s.ProgrammingExerciseGradingService : Received new build result (NEW) for participation 4751
    23:49:02.664 | 463 ool-1-worker-227 | DEBUG | .c.s.m.InstanceMessageReceiveService : Received schedule participant score for exercise 3446 and participant 773 (result to be deleted: null)
    23:49:02.664 | 463 ool-1-worker-227 | DEBUG | .a.s.ParticipantScoreScheduleService : Scheduled task for exercise 3446 and participant 773 at 2025-02-14T23:49:02.764582697Z[Etc/UTC].
    23:49:02.665 | 463 ool-1-worker-227 | DEBUG | .a.a.p.s.ProgrammingMessagingService : Send result to client over websocket. Result: Result{id971, completionDate=2025-02-14T23:49:02.607001300Z, successful=false, score=0.0, rated=true, assessmentType=AUTOMATIC, hasComplaint=null, testCaseCount=0, passedTestCaseCount=0, codeIssueCount=0}, Submission: ProgrammingSubmission{commitHash='9b3a9bd71a0d80e5bbc42204c319ed3d1d4f0d6d', buildFailed=true, buildArtifact=false, type=MANUAL}, Participation: ProgrammingExerciseStudentParticipation{id=4751, repositoryUri='https://version-control.fake.fake/git/SHORT6BDD754F0B8A60422D0BB90048D89E613945TSTEXC/short6bdd754f0b8a60422d0bb90048d89e613945tstexc-progsubresgitlabjenstudent1.git', buildPlanId='SHORT6BDD754F0B8A60422D0BB90048D89E613945TSTEXC-PROGSUBRESGITLABJENSTUDENT1', initializationState='INITIALIZED', initializationDate='2025-02-14T23:49:02.604605Z', individualDueDate=null', presentationScore=null}
    23:49:02.668 | 463 ool-1-worker-227 | INFO  | d.t.c.a.a.a.w.o.PublicResultResource : The new result for SHORT6BDD754F0B8A60422D0BB90048D89E613945TSTEXC-PROGSUBRESGITLABJENSTUDENT1 was saved successfully

  Starting logs for ProgrammingSubmissionAndResultGitlabJenkinsIntegrationTest > shouldSaveBuildLogsOnStudentParticipationWithoutResult(ProgrammingLanguage, boolean, boolean) [79] programmingLanguage=PYTHON, enableStaticCodeAnalysis=true, buildFailed=false
    23:49:02.684 | 463 ool-1-worker-227 | DEBUG | d.t.c.a.a.c.u.util.UserUtilService   : Generate 3 students...
    23:49:02.688 | 463 ool-1-worker-227 | DEBUG | d.t.c.a.a.c.u.util.UserUtilService   : 3 students generated. Generate 2 tutors...
    23:49:02.691 | 463 ool-1-worker-227 | DEBUG | d.t.c.a.a.c.u.util.UserUtilService   : 2 tutors generated. Generate 0 editors...
    23:49:02.693 | 463 ool-1-worker-227 | DEBUG | d.t.c.a.a.c.u.util.UserUtilService   : 0 editors generated. Generate 2 instructors...
    23:49:02.696 | 463 ool-1-worker-227 | DEBUG | d.t.c.a.a.c.u.util.UserUtilService   : 2 instructors generated
    23:49:02.697 | 463 ool-1-worker-227 | DEBUG | d.t.c.a.a.c.u.util.UserUtilService   : Removing 7 users from all courses...
    23:49:02.698 | 463 ool-1-worker-227 | DEBUG | d.t.c.a.a.c.u.util.UserUtilService   : Removing 7 users from all courses. Done
    23:49:02.698 | 463 ool-1-worker-227 | DEBUG | d.t.c.a.a.c.u.util.UserUtilService   : Save 7 users to database...
    23:49:02.702 | 463 ool-1-worker-227 | DEBUG | d.t.c.a.a.c.u.util.UserUtilService   : Save 7 users to database. Done
    23:49:02.717 | 463 ool-1-worker-227 | DEBUG | PersonalAccessTokenManagementService : Generate secure vcs access token
    23:49:02.720 | 463 ool-1-worker-227 | DEBUG | PersonalAccessTokenManagementService : Generate secure vcs access token
    23:49:02.722 | 463 ool-1-worker-227 | INFO  | i.z.t.d.l.EmbeddedDatabaseReporter   : JDBC URL to connect to 'dataSource': url='jdbc:h2:tcp://localhost:41063/mem:736625c0-cf5e-400d-aeaa-8a7eabd6262b;USER=sa', scope='ProgrammingSubmissionAndResultGitlabJenkinsIntegrationTest#shouldSaveBuildLogsOnStudentParticipationWithoutResult'
    23:49:02.735 | 463 ool-1-worker-227 | DEBUG | PersonalAccessTokenManagementService : Generate secure vcs access token
    23:49:02.739 | 463 ool-1-worker-227 | DEBUG | d.t.c.a.a.c.s.f.ApiVersionFilter     : Adding Version to Request POST /api/public/programming-exercises/new-result
    23:49:02.739 | 463 ool-1-worker-227 | DEBUG | d.t.c.a.a.a.w.o.PublicResultResource : Received result notify (NEW)
    23:49:02.741 | 463 ool-1-worker-227 | INFO  | d.t.c.a.a.a.w.o.PublicResultResource : Artemis received a new result for build plan SHORTD807EA270764A0422E0848B03BBC78165D76TSTEXC-PROGSUBRESGITLABJENSTUDENT1
    23:49:02.742 | 463 ool-1-worker-227 | DEBUG | .s.ProgrammingExerciseGradingService : Received new build result (NEW) for participation 4758
    23:49:02.757 | 463 ool-1-worker-227 | DEBUG | .c.s.m.InstanceMessageReceiveService : Received schedule participant score for exercise 3448 and participant 773 (result to be deleted: null)
    23:49:02.757 | 463 ool-1-worker-227 | DEBUG | .a.s.ParticipantScoreScheduleService : Scheduled task for exercise 3448 and participant 773 at 2025-02-14T23:49:02.857908992Z[Etc/UTC].
    23:49:02.758 | 463 ool-1-worker-227 | DEBUG | .a.a.p.s.ProgrammingMessagingService : Send result to client over websocket. Result: Result{id972, completionDate=2025-02-14T23:49:02.737341400Z, successful=false, score=0.0, rated=true, assessmentType=AUTOMATIC, hasComplaint=null, testCaseCount=0, passedTestCaseCount=0, codeIssueCount=0}, Submission: ProgrammingSubmission{commitHash='9b3a9bd71a0d80e5bbc42204c319ed3d1d4f0d6d', buildFailed=true, buildArtifact=false, type=MANUAL}, Participation: ProgrammingExerciseStudentParticipation{id=4758, repositoryUri='https://version-control.fake.fake/git/SHORTD807EA270764A0422E0848B03BBC78165D76TSTEXC/shortd807ea270764a0422e0848b03bbc78165d76tstexc-progsubresgitlabjenstudent1.git', buildPlanId='SHORTD807EA270764A0422E0848B03BBC78165D76TSTEXC-PROGSUBRESGITLABJENSTUDENT1', initializationState='INITIALIZED', initializationDate='2025-02-14T23:49:02.735Z', individualDueDate=null', presentationScore=null}
    23:49:02.761 | 463 ool-1-worker-227 | INFO  | d.t.c.a.a.a.w.o.PublicResultResource : The new result for SHORTD807EA270764A0422E0848B03BBC78165D76TSTEXC-PROGSUBRESGITLABJENSTUDENT1 was saved successfully
    23:49:02.764 | 463 ool-1-worker-227 | DEBUG | d.t.c.a.a.c.s.f.ApiVersionFilter     : Adding Version to Request GET /api/repository/4758/buildlogs
    23:49:02.764 | 463 ool-1-worker-227 | DEBUG | rammingExerciseParticipationResource : REST request to get build log : 4758
    23:49:02.769 | 463 ool-1-worker-227 | DEBUG | d.t.c.a.a.c.s.f.ApiVersionFilter     : Adding Version to Request POST /api/public/programming-exercises/new-result
    23:49:02.769 | 463 ool-1-worker-227 | DEBUG | d.t.c.a.a.a.w.o.PublicResultResource : Received result notify (NEW)
    23:49:02.771 | 463 ool-1-worker-227 | INFO  | d.t.c.a.a.a.w.o.PublicResultResource : Artemis received a new result for build plan SHORTD807EA270764A0422E0848B03BBC78165D76TSTEXC-PROGSUBRESGITLABJENSTUDENT1
    23:49:02.772 | 463 ool-1-worker-227 | DEBUG | .s.ProgrammingExerciseGradingService : Received new build result (NEW) for participation 4758
    23:49:02.794 | 463 ool-1-worker-227 | DEBUG | .c.s.m.InstanceMessageReceiveService : Received schedule participant score for exercise 3448 and participant 773 (result to be deleted: null)
    23:49:02.794 | 463 ool-1-worker-227 | DEBUG | .a.s.ParticipantScoreScheduleService : Scheduled task for exercise 3448 and participant 773 at 2025-02-14T23:49:02.894255005Z[Etc/UTC].
    23:49:02.795 | 463 ool-1-worker-227 | DEBUG | .a.a.p.s.ProgrammingMessagingService : Send result to client over websocket. Result: Result{id973, completionDate=2025-02-14T23:49:02.737341400Z, successful=false, score=0.0, rated=true, assessmentType=AUTOMATIC, hasComplaint=null, testCaseCount=0, passedTestCaseCount=0, codeIssueCount=0}, Submission: ProgrammingSubmission{commitHash='9b3a9bd71a0d80e5bbc42204c319ed3d1d4f0d6d', buildFailed=true, buildArtifact=false, type=MANUAL}, Participation: ProgrammingExerciseStudentParticipation{id=4758, repositoryUri='https://version-control.fake.fake/git/SHORTD807EA270764A0422E0848B03BBC78165D76TSTEXC/shortd807ea270764a0422e0848b03bbc78165d76tstexc-progsubresgitlabjenstudent1.git', buildPlanId='SHORTD807EA270764A0422E0848B03BBC78165D76TSTEXC-PROGSUBRESGITLABJENSTUDENT1', initializationState='INITIALIZED', initializationDate='2025-02-14T23:49:02.735Z', individualDueDate=null', presentationScore=null}
    23:49:02.798 | 463 ool-1-worker-227 | INFO  | d.t.c.a.a.a.w.o.PublicResultResource : The new result for SHORTD807EA270764A0422E0848B03BBC78165D76TSTEXC-PROGSUBRESGITLABJENSTUDENT1 was saved successfully

  Starting logs for ProgrammingSubmissionAndResultGitlabJenkinsIntegrationTest > shouldSaveBuildLogsOnStudentParticipationWithoutResult(ProgrammingLanguage, boolean, boolean) [80] programmingLanguage=PYTHON, enableStaticCodeAnalysis=false, buildFailed=false
    23:49:02.809 | 463 ool-1-worker-227 | DEBUG | d.t.c.a.a.c.u.util.UserUtilService   : Generate 3 students...
    23:49:02.814 | 463 ool-1-worker-227 | DEBUG | d.t.c.a.a.c.u.util.UserUtilService   : 3 students generated. Generate 2 tutors...
    23:49:02.817 | 463 ool-1-worker-227 | DEBUG | d.t.c.a.a.c.u.util.UserUtilService   : 2 tutors generated. Generate 0 editors...
    23:49:02.818 | 463 ool-1-worker-227 | DEBUG | d.t.c.a.a.c.u.util.UserUtilService   : 0 editors generated. Generate 2 instructors...
    23:49:02.822 | 463 ool-1-worker-227 | DEBUG | d.t.c.a.a.c.u.util.UserUtilService   : 2 instructors generated
    23:49:02.823 | 463 ool-1-worker-227 | DEBUG | d.t.c.a.a.c.u.util.UserUtilService   : Removing 7 users from all courses...
    23:49:02.824 | 463 ool-1-worker-227 | DEBUG | d.t.c.a.a.c.u.util.UserUtilService   : Removing 7 users from all courses. Done
    23:49:02.824 | 463 ool-1-worker-227 | DEBUG | d.t.c.a.a.c.u.util.UserUtilService   : Save 7 users to database...
    23:49:02.827 | 463 ool-1-worker-227 | DEBUG | d.t.c.a.a.c.u.util.UserUtilService   : Save 7 users to database. Done
    23:49:02.843 | 463 ool-1-worker-227 | DEBUG | PersonalAccessTokenManagementService : Generate secure vcs access token
    23:49:02.846 | 463 ool-1-worker-227 | DEBUG | PersonalAccessTokenManagementService : Generate secure vcs access token
    23:49:02.848 | 463 ool-1-worker-227 | INFO  | i.z.t.d.l.EmbeddedDatabaseReporter   : JDBC URL to connect to 'dataSource': url='jdbc:h2:tcp://localhost:41063/mem:736625c0-cf5e-400d-aeaa-8a7eabd6262b;USER=sa', scope='ProgrammingSubmissionAndResultGitlabJenkinsIntegrationTest#shouldSaveBuildLogsOnStudentParticipationWithoutResult'
    23:49:02.861 | 463 ool-1-worker-227 | DEBUG | PersonalAccessTokenManagementService : Generate secure vcs access token
    23:49:02.865 | 463 ool-1-worker-227 | DEBUG | d.t.c.a.a.c.s.f.ApiVersionFilter     : Adding Version to Request POST /api/public/programming-exercises/new-result
    23:49:02.865 | 463 ool-1-worker-227 | DEBUG | d.t.c.a.a.a.w.o.PublicResultResource : Received result notify (NEW)
    23:49:02.867 | 463 ool-1-worker-227 | INFO  | d.t.c.a.a.a.w.o.PublicResultResource : Artemis received a new result for build plan SHORTD8723A5709A36041C50AC580E3831C7F97F6TSTEXC-PROGSUBRESGITLABJENSTUDENT1
    23:49:02.868 | 463 ool-1-worker-227 | DEBUG | .s.ProgrammingExerciseGradingService : Received new build result (NEW) for participation 4765
    23:49:02.884 | 463 ool-1-worker-227 | DEBUG | .c.s.m.InstanceMessageReceiveService : Received schedule participant score for exercise 3450 and participant 773 (result to be deleted: null)
    23:49:02.884 | 463 ool-1-worker-227 | DEBUG | .a.s.ParticipantScoreScheduleService : Scheduled task for exercise 3450 and participant 773 at 2025-02-14T23:49:02.984252934Z[Etc/UTC].
    23:49:02.885 | 463 ool-1-worker-227 | DEBUG | .a.a.p.s.ProgrammingMessagingService : Send result to client over websocket. Result: Result{id974, completionDate=2025-02-14T23:49:02.862915Z, successful=false, score=0.0, rated=true, assessmentType=AUTOMATIC, hasComplaint=null, testCaseCount=0, passedTestCaseCount=0, codeIssueCount=0}, Submission: ProgrammingSubmission{commitHash='9b3a9bd71a0d80e5bbc42204c319ed3d1d4f0d6d', buildFailed=true, buildArtifact=false, type=MANUAL}, Participation: ProgrammingExerciseStudentParticipation{id=4765, repositoryUri='https://version-control.fake.fake/git/SHORTD8723A5709A36041C50AC580E3831C7F97F6TSTEXC/shortd8723a5709a36041c50ac580e3831c7f97f6tstexc-progsubresgitlabjenstudent1.git', buildPlanId='SHORTD8723A5709A36041C50AC580E3831C7F97F6TSTEXC-PROGSUBRESGITLABJENSTUDENT1', initializationState='INITIALIZED', initializationDate='2025-02-14T23:49:02.860593Z', individualDueDate=null', presentationScore=null}
    23:49:02.887 | 463 ool-1-worker-227 | INFO  | d.t.c.a.a.a.w.o.PublicResultResource : The new result for SHORTD8723A5709A36041C50AC580E3831C7F97F6TSTEXC-PROGSUBRESGITLABJENSTUDENT1 was saved successfully
    23:49:02.891 | 463 ool-1-worker-227 | DEBUG | d.t.c.a.a.c.s.f.ApiVersionFilter     : Adding Version to Request GET /api/repository/4765/buildlogs
    23:49:02.891 | 463 ool-1-worker-227 | DEBUG | rammingExerciseParticipationResource : REST request to get build log : 4765
    23:49:02.896 | 463 ool-1-worker-227 | DEBUG | d.t.c.a.a.c.s.f.ApiVersionFilter     : Adding Version to Request POST /api/public/programming-exercises/new-result
    23:49:02.896 | 463 ool-1-worker-227 | DEBUG | d.t.c.a.a.a.w.o.PublicResultResource : Received result notify (NEW)
    23:49:02.897 | 463 ool-1-worker-227 | INFO  | d.t.c.a.a.a.w.o.PublicResultResource : Artemis received a new result for build plan SHORTD8723A5709A36041C50AC580E3831C7F97F6TSTEXC-PROGSUBRESGITLABJENSTUDENT1
    23:49:02.899 | 463 ool-1-worker-227 | DEBUG | .s.ProgrammingExerciseGradingService : Received new build result (NEW) for participation 4765
    23:49:02.921 | 463 ool-1-worker-227 | DEBUG | .c.s.m.InstanceMessageReceiveService : Received schedule participant score for exercise 3450 and participant 773 (result to be deleted: null)
    23:49:02.921 | 463 ool-1-worker-227 | DEBUG | .a.s.ParticipantScoreScheduleService : Scheduled task for exercise 3450 and participant 773 at 2025-02-14T23:49:03.021071357Z[Etc/UTC].
    23:49:02.922 | 463 ool-1-worker-227 | DEBUG | .a.a.p.s.ProgrammingMessagingService : Send result to client over websocket. Result: Result{id975, completionDate=2025-02-14T23:49:02.862915Z, successful=false, score=0.0, rated=true, assessmentType=AUTOMATIC, hasComplaint=null, testCaseCount=0, passedTestCaseCount=0, codeIssueCount=0}, Submission: ProgrammingSubmission{commitHash='9b3a9bd71a0d80e5bbc42204c319ed3d1d4f0d6d', buildFailed=true, buildArtifact=false, type=MANUAL}, Participation: ProgrammingExerciseStudentParticipation{id=4765, repositoryUri='https://version-control.fake.fake/git/SHORTD8723A5709A36041C50AC580E3831C7F97F6TSTEXC/shortd8723a5709a36041c50ac580e3831c7f97f6tstexc-progsubresgitlabjenstudent1.git', buildPlanId='SHORTD8723A5709A36041C50AC580E3831C7F97F6TSTEXC-PROGSUBRESGITLABJENSTUDENT1', initializationState='INITIALIZED', initializationDate='2025-02-14T23:49:02.860593Z', individualDueDate=null', presentationScore=null}
    23:49:02.924 | 463 ool-1-worker-227 | INFO  | d.t.c.a.a.a.w.o.PublicResultResource : The new result for SHORTD8723A5709A36041C50AC580E3831C7F97F6TSTEXC-PROGSUBRESGITLABJENSTUDENT1 was saved successfully

  Starting logs for ProgrammingSubmissionAndResultGitlabJenkinsIntegrationTest > shouldReturnBadRequestWhenPlanKeyDoesntExist(ProgrammingLanguage, boolean) [1] programmingLanguage=MATLAB, enableStaticCodeAnalysis=true
    23:49:02.939 | 463 ool-1-worker-227 | DEBUG | d.t.c.a.a.c.u.util.UserUtilService   : Generate 3 students...
    23:49:02.944 | 463 ool-1-worker-227 | DEBUG | d.t.c.a.a.c.u.util.UserUtilService   : 3 students generated. Generate 2 tutors...
    23:49:02.947 | 463 ool-1-worker-227 | DEBUG | d.t.c.a.a.c.u.util.UserUtilService   : 2 tutors generated. Generate 0 editors...
    23:49:02.948 | 463 ool-1-worker-227 | DEBUG | d.t.c.a.a.c.u.util.UserUtilService   : 0 editors generated. Generate 2 instructors...
    23:49:02.952 | 463 ool-1-worker-227 | DEBUG | d.t.c.a.a.c.u.util.UserUtilService   : 2 instructors generated
    23:49:02.953 | 463 ool-1-worker-227 | DEBUG | d.t.c.a.a.c.u.util.UserUtilService   : Removing 7 users from all courses...
    23:49:02.954 | 463 ool-1-worker-227 | DEBUG | d.t.c.a.a.c.u.util.UserUtilService   : Removing 7 users from all courses. Done
    23:49:02.954 | 463 ool-1-worker-227 | DEBUG | d.t.c.a.a.c.u.util.UserUtilService   : Save 7 users to database...
    23:49:02.958 | 463 ool-1-worker-227 | DEBUG | d.t.c.a.a.c.u.util.UserUtilService   : Save 7 users to database. Done
    23:49:02.974 | 463 ool-1-worker-227 | DEBUG | PersonalAccessTokenManagementService : Generate secure vcs access token
    23:49:02.978 | 463 ool-1-worker-227 | DEBUG | PersonalAccessTokenManagementService : Generate secure vcs access token
    23:49:02.980 | 463 ool-1-worker-227 | INFO  | i.z.t.d.l.EmbeddedDatabaseReporter   : JDBC URL to connect to 'dataSource': url='jdbc:h2:tcp://localhost:41063/mem:736625c0-cf5e-400d-aeaa-8a7eabd6262b;USER=sa', scope='ProgrammingSubmissionAndResultGitlabJenkinsIntegrationTest#shouldReturnBadRequestWhenPlanKeyDoesntExist'
    23:49:02.994 | 463 ool-1-worker-227 | DEBUG | PersonalAccessTokenManagementService : Generate secure vcs access token
    23:49:02.997 | 463 ool-1-worker-227 | DEBUG | d.t.c.a.a.c.s.f.ApiVersionFilter     : Adding Version to Request POST /api/public/programming-exercises/new-result
    23:49:02.998 | 463 ool-1-worker-227 | DEBUG | d.t.c.a.a.a.w.o.PublicResultResource : Received result notify (NEW)
    23:49:03.002 | 463 ool-1-worker-227 | ERROR | d.t.c.a.a.a.w.o.PublicResultResource : Exception encountered when trying to retrieve the plan key from a request a new programming exercise result: de.tum.cit.aet.artemis.core.exception.JenkinsException: Something went wrong trying to parse the requestBody while getting the PlanKey from Jenkins!, {successful=0, skipped=0, errors=0, failures=0, fullName=SHORT756C3EC105E620427F087E40BEDF9601B1C4TSTEXC » SCRAMBLED BUILD PLAN KEY-PROGSUBRESGITLABJENSTUDENT1 #3, commits=[{hash=9b3a9bd71a0d80e5bbc42204c319ed3d1d4f0d6d, repositorySlug=SCRAMBLED BUILD PLAN KEY-PROGSUBRESGITLABJENSTUDENT1, branchName=main}], results=[{name=TestSuiteName1, time=1.739576942E9, errors=0, skipped=0, failures=0, tests=0}], runDate=1.7395769429956245E9, isBuildSuccessful=false} :Your CIS encountered an Exception while trying to retrieve the build plan 
    23:49:03.002 | 463 ool-1-worker-227 | ERROR | tech.jhipster.web.util.HeaderUtil    : Entity processing failed, The continuous integration server encountered an exception when trying to retrieve the plan key from a request a new programming exercise result
    23:49:03.002 | 463 ool-1-worker-227 | WARN  | o.z.p.spring.common.AdviceTraits     : Bad Request: The continuous integration server encountered an exception when trying to retrieve the plan key from a request a new programming exercise result

  Starting logs for ProgrammingSubmissionAndResultGitlabJenkinsIntegrationTest > shouldReturnBadRequestWhenPlanKeyDoesntExist(ProgrammingLanguage, boolean) [2] programmingLanguage=MATLAB, enableStaticCodeAnalysis=false
    23:49:03.016 | 463 ool-1-worker-227 | DEBUG | d.t.c.a.a.c.u.util.UserUtilService   : Generate 3 students...
    23:49:03.020 | 463 ool-1-worker-227 | DEBUG | d.t.c.a.a.c.u.util.UserUtilService   : 3 students generated. Generate 2 tutors...
    23:49:03.024 | 463 ool-1-worker-227 | DEBUG | d.t.c.a.a.c.u.util.UserUtilService   : 2 tutors generated. Generate 0 editors...
    23:49:03.025 | 463 ool-1-worker-227 | DEBUG | d.t.c.a.a.c.u.util.UserUtilService   : 0 editors generated. Generate 2 instructors...
    23:49:03.028 | 463 ool-1-worker-227 | DEBUG | d.t.c.a.a.c.u.util.UserUtilService   : 2 instructors generated
    23:49:03.029 | 463 ool-1-worker-227 | DEBUG | d.t.c.a.a.c.u.util.UserUtilService   : Removing 7 users from all courses...
    23:49:03.030 | 463 ool-1-worker-227 | DEBUG | d.t.c.a.a.c.u.util.UserUtilService   : Removing 7 users from all courses. Done
    23:49:03.030 | 463 ool-1-worker-227 | DEBUG | d.t.c.a.a.c.u.util.UserUtilService   : Save 7 users to database...
    23:49:03.036 | 463 ool-1-worker-227 | DEBUG | d.t.c.a.a.c.u.util.UserUtilService   : Save 7 users to database. Done
    23:49:03.053 | 463 ool-1-worker-227 | DEBUG | PersonalAccessTokenManagementService : Generate secure vcs access token
    23:49:03.057 | 463 ool-1-worker-227 | DEBUG | PersonalAccessTokenManagementService : Generate secure vcs access token
    23:49:03.059 | 463 ool-1-worker-227 | INFO  | i.z.t.d.l.EmbeddedDatabaseReporter   : JDBC URL to connect to 'dataSource': url='jdbc:h2:tcp://localhost:41063/mem:736625c0-cf5e-400d-aeaa-8a7eabd6262b;USER=sa', scope='ProgrammingSubmissionAndResultGitlabJenkinsIntegrationTest#shouldReturnBadRequestWhenPlanKeyDoesntExist'
    23:49:03.072 | 463 ool-1-worker-227 | DEBUG | PersonalAccessTokenManagementService : Generate secure vcs access token
    23:49:03.076 | 463 ool-1-worker-227 | DEBUG | d.t.c.a.a.c.s.f.ApiVersionFilter     : Adding Version to Request POST /api/public/programming-exercises/new-result
    23:49:03.076 | 463 ool-1-worker-227 | DEBUG | d.t.c.a.a.a.w.o.PublicResultResource : Received result notify (NEW)
    23:49:03.080 | 463 ool-1-worker-227 | ERROR | d.t.c.a.a.a.w.o.PublicResultResource : Exception encountered when trying to retrieve the plan key from a request a new programming exercise result: de.tum.cit.aet.artemis.core.exception.JenkinsException: Something went wrong trying to parse the requestBody while getting the PlanKey from Jenkins!, {successful=0, skipped=0, errors=0, failures=0, fullName=SHORT9C0C95530BB6704E5608F4400FA175850E32TSTEXC » SCRAMBLED BUILD PLAN KEY-PROGSUBRESGITLABJENSTUDENT1 #3, commits=[{hash=9b3a9bd71a0d80e5bbc42204c319ed3d1d4f0d6d, repositorySlug=SCRAMBLED BUILD PLAN KEY-PROGSUBRESGITLABJENSTUDENT1, branchName=main}], results=[{name=TestSuiteName1, time=1.739576943E9, errors=0, skipped=0, failures=0, tests=0}], runDate=1.7395769430739477E9, isBuildSuccessful=false} :Your CIS encountered an Exception while trying to retrieve the build plan 
    23:49:03.080 | 463 ool-1-worker-227 | ERROR | tech.jhipster.web.util.HeaderUtil    : Entity processing failed, The continuous integration server encountered an exception when trying to retrieve the plan key from a request a new programming exercise result
    23:49:03.080 | 463 ool-1-worker-227 | WARN  | o.z.p.spring.common.AdviceTraits     : Bad Request: The continuous integration server encountered an exception when trying to retrieve the plan key from a request a new programming exercise result

  Starting logs for ProgrammingSubmissionAndResultGitlabJenkinsIntegrationTest > shouldReturnBadRequestWhenPlanKeyDoesntExist(ProgrammingLanguage, boolean) [3] programmingLanguage=TYPESCRIPT, enableStaticCodeAnalysis=true
    23:49:03.093 | 463 ool-1-worker-227 | DEBUG | d.t.c.a.a.c.u.util.UserUtilService   : Generate 3 students...
    23:49:03.097 | 463 ool-1-worker-227 | DEBUG | d.t.c.a.a.c.u.util.UserUtilService   : 3 students generated. Generate 2 tutors...
    23:49:03.101 | 463 ool-1-worker-227 | DEBUG | d.t.c.a.a.c.u.util.UserUtilService   : 2 tutors generated. Generate 0 editors...
    23:49:03.102 | 463 ool-1-worker-227 | DEBUG | d.t.c.a.a.c.u.util.UserUtilService   : 0 editors generated. Generate 2 instructors...
    23:49:03.105 | 463 ool-1-worker-227 | DEBUG | d.t.c.a.a.c.u.util.UserUtilService   : 2 instructors generated
    23:49:03.106 | 463 ool-1-worker-227 | DEBUG | d.t.c.a.a.c.u.util.UserUtilService   : Removing 7 users from all courses...
    23:49:03.107 | 463 ool-1-worker-227 | DEBUG | d.t.c.a.a.c.u.util.UserUtilService   : Removing 7 users from all courses. Done
    23:49:03.107 | 463 ool-1-worker-227 | DEBUG | d.t.c.a.a.c.u.util.UserUtilService   : Save 7 users to database...
    23:49:03.111 | 463 ool-1-worker-227 | DEBUG | d.t.c.a.a.c.u.util.UserUtilService   : Save 7 users to database. Done
    23:49:03.127 | 463 ool-1-worker-227 | DEBUG | PersonalAccessTokenManagementService : Generate secure vcs access token
    23:49:03.130 | 463 ool-1-worker-227 | DEBUG | PersonalAccessTokenManagementService : Generate secure vcs access token
    23:49:03.132 | 463 ool-1-worker-227 | INFO  | i.z.t.d.l.EmbeddedDatabaseReporter   : JDBC URL to connect to 'dataSource': url='jdbc:h2:tcp://localhost:41063/mem:736625c0-cf5e-400d-aeaa-8a7eabd6262b;USER=sa', scope='ProgrammingSubmissionAndResultGitlabJenkinsIntegrationTest#shouldReturnBadRequestWhenPlanKeyDoesntExist'
    23:49:03.146 | 463 ool-1-worker-227 | DEBUG | PersonalAccessTokenManagementService : Generate secure vcs access token
    23:49:03.149 | 463 ool-1-worker-227 | DEBUG | d.t.c.a.a.c.s.f.ApiVersionFilter     : Adding Version to Request POST /api/public/programming-exercises/new-result
    23:49:03.149 | 463 ool-1-worker-227 | DEBUG | d.t.c.a.a.a.w.o.PublicResultResource : Received result notify (NEW)
    23:49:03.152 | 463 ool-1-worker-227 | ERROR | d.t.c.a.a.a.w.o.PublicResultResource : Exception encountered when trying to retrieve the plan key from a request a new programming exercise result: de.tum.cit.aet.artemis.core.exception.JenkinsException: Something went wrong trying to parse the requestBody while getting the PlanKey from Jenkins!, {successful=0, skipped=0, errors=0, failures=0, fullName=SHORT1C645335069B8044A10B141058ED332D1C34TSTEXC » SCRAMBLED BUILD PLAN KEY-PROGSUBRESGITLABJENSTUDENT1 #3, commits=[{hash=9b3a9bd71a0d80e5bbc42204c319ed3d1d4f0d6d, repositorySlug=SCRAMBLED BUILD PLAN KEY-PROGSUBRESGITLABJENSTUDENT1, branchName=main}], results=[{name=TestSuiteName1, time=1.739576943E9, errors=0, skipped=0, failures=0, tests=0}], runDate=1.739576943147348E9, isBuildSuccessful=false} :Your CIS encountered an Exception while trying to retrieve the build plan 
    23:49:03.153 | 463 ool-1-worker-227 | ERROR | tech.jhipster.web.util.HeaderUtil    : Entity processing failed, The continuous integration server encountered an exception when trying to retrieve the plan key from a request a new programming exercise result
    23:49:03.153 | 463 ool-1-worker-227 | WARN  | o.z.p.spring.common.AdviceTraits     : Bad Request: The continuous integration server encountered an exception when trying to retrieve the plan key from a request a new programming exercise result

  Starting logs for ProgrammingSubmissionAndResultGitlabJenkinsIntegrationTest > shouldReturnBadRequestWhenPlanKeyDoesntExist(ProgrammingLanguage, boolean) [4] programmingLanguage=TYPESCRIPT, enableStaticCodeAnalysis=false
    23:49:03.165 | 463 ool-1-worker-227 | DEBUG | d.t.c.a.a.c.u.util.UserUtilService   : Generate 3 students...
    23:49:03.170 | 463 ool-1-worker-227 | DEBUG | d.t.c.a.a.c.u.util.UserUtilService   : 3 students generated. Generate 2 tutors...
    23:49:03.173 | 463 ool-1-worker-227 | DEBUG | d.t.c.a.a.c.u.util.UserUtilService   : 2 tutors generated. Generate 0 editors...
    23:49:03.174 | 463 ool-1-worker-227 | DEBUG | d.t.c.a.a.c.u.util.UserUtilService   : 0 editors generated. Generate 2 instructors...
    23:49:03.178 | 463 ool-1-worker-227 | DEBUG | d.t.c.a.a.c.u.util.UserUtilService   : 2 instructors generated
    23:49:03.179 | 463 ool-1-worker-227 | DEBUG | d.t.c.a.a.c.u.util.UserUtilService   : Removing 7 users from all courses...
    23:49:03.180 | 463 ool-1-worker-227 | DEBUG | d.t.c.a.a.c.u.util.UserUtilService   : Removing 7 users from all courses. Done
    23:49:03.180 | 463 ool-1-worker-227 | DEBUG | d.t.c.a.a.c.u.util.UserUtilService   : Save 7 users to database...
    23:49:03.184 | 463 ool-1-worker-227 | DEBUG | d.t.c.a.a.c.u.util.UserUtilService   : Save 7 users to database. Done
    23:49:03.200 | 463 ool-1-worker-227 | DEBUG | PersonalAccessTokenManagementService : Generate secure vcs access token
    23:49:03.203 | 463 ool-1-worker-227 | DEBUG | PersonalAccessTokenManagementService : Generate secure vcs access token
    23:49:03.205 | 463 ool-1-worker-227 | INFO  | i.z.t.d.l.EmbeddedDatabaseReporter   : JDBC URL to connect to 'dataSource': url='jdbc:h2:tcp://localhost:41063/mem:736625c0-cf5e-400d-aeaa-8a7eabd6262b;USER=sa', scope='ProgrammingSubmissionAndResultGitlabJenkinsIntegrationTest#shouldReturnBadRequestWhenPlanKeyDoesntExist'
    23:49:03.218 | 463 ool-1-worker-227 | DEBUG | PersonalAccessTokenManagementService : Generate secure vcs access token
    23:49:03.222 | 463 ool-1-worker-227 | DEBUG | d.t.c.a.a.c.s.f.ApiVersionFilter     : Adding Version to Request POST /api/public/programming-exercises/new-result
    23:49:03.222 | 463 ool-1-worker-227 | DEBUG | d.t.c.a.a.a.w.o.PublicResultResource : Received result notify (NEW)
    23:49:03.226 | 463 ool-1-worker-227 | ERROR | d.t.c.a.a.a.w.o.PublicResultResource : Exception encountered when trying to retrieve the plan key from a request a new programming exercise result: de.tum.cit.aet.artemis.core.exception.JenkinsException: Something went wrong trying to parse the requestBody while getting the PlanKey from Jenkins!, {successful=0, skipped=0, errors=0, failures=0, fullName=SHORT31756C8A0C15C04FE20B0780279AE7745465TSTEXC » SCRAMBLED BUILD PLAN KEY-PROGSUBRESGITLABJENSTUDENT1 #3, commits=[{hash=9b3a9bd71a0d80e5bbc42204c319ed3d1d4f0d6d, repositorySlug=SCRAMBLED BUILD PLAN KEY-PROGSUBRESGITLABJENSTUDENT1, branchName=main}], results=[{name=TestSuiteName1, time=1.739576943E9, errors=0, skipped=0, failures=0, tests=0}], runDate=1.7395769432197816E9, isBuildSuccessful=false} :Your CIS encountered an Exception while trying to retrieve the build plan 
    23:49:03.227 | 463 ool-1-worker-227 | ERROR | tech.jhipster.web.util.HeaderUtil    : Entity processing failed, The continuous integration server encountered an exception when trying to retrieve the plan key from a request a new programming exercise result
    23:49:03.227 | 463 ool-1-worker-227 | WARN  | o.z.p.spring.common.AdviceTraits     : Bad Request: The continuous integration server encountered an exception when trying to retrieve the plan key from a request a new programming exercise result

  Starting logs for ProgrammingSubmissionAndResultGitlabJenkinsIntegrationTest > shouldReturnBadRequestWhenPlanKeyDoesntExist(ProgrammingLanguage, boolean) [5] programmingLanguage=RUBY, enableStaticCodeAnalysis=true
    23:49:03.244 | 463 ool-1-worker-227 | DEBUG | d.t.c.a.a.c.u.util.UserUtilService   : Generate 3 students...
    23:49:03.249 | 463 ool-1-worker-227 | DEBUG | d.t.c.a.a.c.u.util.UserUtilService   : 3 students generated. Generate 2 tutors...
    23:49:03.254 | 463 ool-1-worker-227 | DEBUG | d.t.c.a.a.c.u.util.UserUtilService   : 2 tutors generated. Generate 0 editors...
    23:49:03.255 | 463 ool-1-worker-227 | DEBUG | d.t.c.a.a.c.u.util.UserUtilService   : 0 editors generated. Generate 2 instructors...
    23:49:03.259 | 463 ool-1-worker-227 | DEBUG | d.t.c.a.a.c.u.util.UserUtilService   : 2 instructors generated
    23:49:03.261 | 463 ool-1-worker-227 | DEBUG | d.t.c.a.a.c.u.util.UserUtilService   : Removing 7 users from all courses...
    23:49:03.263 | 463 ool-1-worker-227 | DEBUG | d.t.c.a.a.c.u.util.UserUtilService   : Removing 7 users from all courses. Done
    23:49:03.263 | 463 ool-1-worker-227 | DEBUG | d.t.c.a.a.c.u.util.UserUtilService   : Save 7 users to database...
    23:49:03.268 | 463 ool-1-worker-227 | DEBUG | d.t.c.a.a.c.u.util.UserUtilService   : Save 7 users to database. Done
    23:49:03.291 | 463 ool-1-worker-227 | DEBUG | PersonalAccessTokenManagementService : Generate secure vcs access token
    23:49:03.296 | 463 ool-1-worker-227 | DEBUG | PersonalAccessTokenManagementService : Generate secure vcs access token
    23:49:03.298 | 463 ool-1-worker-227 | INFO  | i.z.t.d.l.EmbeddedDatabaseReporter   : JDBC URL to connect to 'dataSource': url='jdbc:h2:tcp://localhost:41063/mem:736625c0-cf5e-400d-aeaa-8a7eabd6262b;USER=sa', scope='ProgrammingSubmissionAndResultGitlabJenkinsIntegrationTest#shouldReturnBadRequestWhenPlanKeyDoesntExist'
    23:49:03.318 | 463 ool-1-worker-227 | DEBUG | PersonalAccessTokenManagementService : Generate secure vcs access token
    23:49:03.323 | 463 ool-1-worker-227 | DEBUG | d.t.c.a.a.c.s.f.ApiVersionFilter     : Adding Version to Request POST /api/public/programming-exercises/new-result
    23:49:03.323 | 463 ool-1-worker-227 | DEBUG | d.t.c.a.a.a.w.o.PublicResultResource : Received result notify (NEW)
    23:49:03.327 | 463 ool-1-worker-227 | ERROR | d.t.c.a.a.a.w.o.PublicResultResource : Exception encountered when trying to retrieve the plan key from a request a new programming exercise result: de.tum.cit.aet.artemis.core.exception.JenkinsException: Something went wrong trying to parse the requestBody while getting the PlanKey from Jenkins!, {successful=0, skipped=0, errors=0, failures=0, fullName=SHORTAE743EC609AA604C2C082C009BF04E3E8A9ETSTEXC » SCRAMBLED BUILD PLAN KEY-PROGSUBRESGITLABJENSTUDENT1 #3, commits=[{hash=9b3a9bd71a0d80e5bbc42204c319ed3d1d4f0d6d, repositorySlug=SCRAMBLED BUILD PLAN KEY-PROGSUBRESGITLABJENSTUDENT1, branchName=main}], results=[{name=TestSuiteName1, time=1.739576943E9, errors=0, skipped=0, failures=0, tests=0}], runDate=1.739576943320198E9, isBuildSuccessful=false} :Your CIS encountered an Exception while trying to retrieve the build plan 
    23:49:03.328 | 463 ool-1-worker-227 | ERROR | tech.jhipster.web.util.HeaderUtil    : Entity processing failed, The continuous integration server encountered an exception when trying to retrieve the plan key from a request a new programming exercise result
    23:49:03.328 | 463 ool-1-worker-227 | WARN  | o.z.p.spring.common.AdviceTraits     : Bad Request: The continuous integration server encountered an exception when trying to retrieve the plan key from a request a new programming exercise result

  Starting logs for ProgrammingSubmissionAndResultGitlabJenkinsIntegrationTest > shouldReturnBadRequestWhenPlanKeyDoesntExist(ProgrammingLanguage, boolean) [6] programmingLanguage=RUBY, enableStaticCodeAnalysis=false
    23:49:03.345 | 463 ool-1-worker-227 | DEBUG | d.t.c.a.a.c.u.util.UserUtilService   : Generate 3 students...
    23:49:03.351 | 463 ool-1-worker-227 | DEBUG | d.t.c.a.a.c.u.util.UserUtilService   : 3 students generated. Generate 2 tutors...
    23:49:03.356 | 463 ool-1-worker-227 | DEBUG | d.t.c.a.a.c.u.util.UserUtilService   : 2 tutors generated. Generate 0 editors...
    23:49:03.357 | 463 ool-1-worker-227 | DEBUG | d.t.c.a.a.c.u.util.UserUtilService   : 0 editors generated. Generate 2 instructors...
    23:49:03.361 | 463 ool-1-worker-227 | DEBUG | d.t.c.a.a.c.u.util.UserUtilService   : 2 instructors generated
    23:49:03.363 | 463 ool-1-worker-227 | DEBUG | d.t.c.a.a.c.u.util.UserUtilService   : Removing 7 users from all courses...
    23:49:03.365 | 463 ool-1-worker-227 | DEBUG | d.t.c.a.a.c.u.util.UserUtilService   : Removing 7 users from all courses. Done
    23:49:03.365 | 463 ool-1-worker-227 | DEBUG | d.t.c.a.a.c.u.util.UserUtilService   : Save 7 users to database...
    23:49:03.369 | 463 ool-1-worker-227 | DEBUG | d.t.c.a.a.c.u.util.UserUtilService   : Save 7 users to database. Done
    23:49:03.392 | 463 ool-1-worker-227 | DEBUG | PersonalAccessTokenManagementService : Generate secure vcs access token
    23:49:03.397 | 463 ool-1-worker-227 | DEBUG | PersonalAccessTokenManagementService : Generate secure vcs access token
    23:49:03.400 | 463 ool-1-worker-227 | INFO  | i.z.t.d.l.EmbeddedDatabaseReporter   : JDBC URL to connect to 'dataSource': url='jdbc:h2:tcp://localhost:41063/mem:736625c0-cf5e-400d-aeaa-8a7eabd6262b;USER=sa', scope='ProgrammingSubmissionAndResultGitlabJenkinsIntegrationTest#shouldReturnBadRequestWhenPlanKeyDoesntExist'
    23:49:03.416 | 463 ool-1-worker-227 | DEBUG | PersonalAccessTokenManagementService : Generate secure vcs access token
    23:49:03.419 | 463 ool-1-worker-227 | DEBUG | d.t.c.a.a.c.s.f.ApiVersionFilter     : Adding Version to Request POST /api/public/programming-exercises/new-result
    23:49:03.419 | 463 ool-1-worker-227 | DEBUG | d.t.c.a.a.a.w.o.PublicResultResource : Received result notify (NEW)
    23:49:03.422 | 463 ool-1-worker-227 | ERROR | d.t.c.a.a.a.w.o.PublicResultResource : Exception encountered when trying to retrieve the plan key from a request a new programming exercise result: de.tum.cit.aet.artemis.core.exception.JenkinsException: Something went wrong trying to parse the requestBody while getting the PlanKey from Jenkins!, {successful=0, skipped=0, errors=0, failures=0, fullName=SHORT67695F730D21C04E5808D5E07A609D8D101ETSTEXC » SCRAMBLED BUILD PLAN KEY-PROGSUBRESGITLABJENSTUDENT1 #3, commits=[{hash=9b3a9bd71a0d80e5bbc42204c319ed3d1d4f0d6d, repositorySlug=SCRAMBLED BUILD PLAN KEY-PROGSUBRESGITLABJENSTUDENT1, branchName=main}], results=[{name=TestSuiteName1, time=1.739576943E9, errors=0, skipped=0, failures=0, tests=0}], runDate=1.7395769434173682E9, isBuildSuccessful=false} :Your CIS encountered an Exception while trying to retrieve the build plan 
    23:49:03.423 | 463 ool-1-worker-227 | ERROR | tech.jhipster.web.util.HeaderUtil    : Entity processing failed, The continuous integration server encountered an exception when trying to retrieve the plan key from a request a new programming exercise result
    23:49:03.423 | 463 ool-1-worker-227 | WARN  | o.z.p.spring.common.AdviceTraits     : Bad Request: The continuous integration server encountered an exception when trying to retrieve the plan key from a request a new programming exercise result

  Starting logs for ProgrammingSubmissionAndResultGitlabJenkinsIntegrationTest > shouldReturnBadRequestWhenPlanKeyDoesntExist(ProgrammingLanguage, boolean) [7] programmingLanguage=C, enableStaticCodeAnalysis=true
    23:49:03.435 | 463 ool-1-worker-227 | DEBUG | d.t.c.a.a.c.u.util.UserUtilService   : Generate 3 students...
    23:49:03.439 | 463 ool-1-worker-227 | DEBUG | d.t.c.a.a.c.u.util.UserUtilService   : 3 students generated. Generate 2 tutors...
    23:49:03.443 | 463 ool-1-worker-227 | DEBUG | d.t.c.a.a.c.u.util.UserUtilService   : 2 tutors generated. Generate 0 editors...
    23:49:03.444 | 463 ool-1-worker-227 | DEBUG | d.t.c.a.a.c.u.util.UserUtilService   : 0 editors generated. Generate 2 instructors...
    23:49:03.447 | 463 ool-1-worker-227 | DEBUG | d.t.c.a.a.c.u.util.UserUtilService   : 2 instructors generated
    23:49:03.448 | 463 ool-1-worker-227 | DEBUG | d.t.c.a.a.c.u.util.UserUtilService   : Removing 7 users from all courses...
    23:49:03.449 | 463 ool-1-worker-227 | DEBUG | d.t.c.a.a.c.u.util.UserUtilService   : Removing 7 users from all courses. Done
    23:49:03.449 | 463 ool-1-worker-227 | DEBUG | d.t.c.a.a.c.u.util.UserUtilService   : Save 7 users to database...
    23:49:03.453 | 463 ool-1-worker-227 | DEBUG | d.t.c.a.a.c.u.util.UserUtilService   : Save 7 users to database. Done
    23:49:03.468 | 463 ool-1-worker-227 | DEBUG | PersonalAccessTokenManagementService : Generate secure vcs access token
    23:49:03.471 | 463 ool-1-worker-227 | DEBUG | PersonalAccessTokenManagementService : Generate secure vcs access token
    23:49:03.473 | 463 ool-1-worker-227 | INFO  | i.z.t.d.l.EmbeddedDatabaseReporter   : JDBC URL to connect to 'dataSource': url='jdbc:h2:tcp://localhost:41063/mem:736625c0-cf5e-400d-aeaa-8a7eabd6262b;USER=sa', scope='ProgrammingSubmissionAndResultGitlabJenkinsIntegrationTest#shouldReturnBadRequestWhenPlanKeyDoesntExist'
    23:49:03.487 | 463 ool-1-worker-227 | DEBUG | PersonalAccessTokenManagementService : Generate secure vcs access token
    23:49:03.490 | 463 ool-1-worker-227 | DEBUG | d.t.c.a.a.c.s.f.ApiVersionFilter     : Adding Version to Request POST /api/public/programming-exercises/new-result
    23:49:03.491 | 463 ool-1-worker-227 | DEBUG | d.t.c.a.a.a.w.o.PublicResultResource : Received result notify (NEW)
    23:49:03.494 | 463 ool-1-worker-227 | ERROR | d.t.c.a.a.a.w.o.PublicResultResource : Exception encountered when trying to retrieve the plan key from a request a new programming exercise result: de.tum.cit.aet.artemis.core.exception.JenkinsException: Something went wrong trying to parse the requestBody while getting the PlanKey from Jenkins!, {successful=0, skipped=0, errors=0, failures=0, fullName=SHORT9029E248041D304105086FA0B1C9DFE27660TSTEXC » SCRAMBLED BUILD PLAN KEY-PROGSUBRESGITLABJENSTUDENT1 #3, commits=[{hash=9b3a9bd71a0d80e5bbc42204c319ed3d1d4f0d6d, repositorySlug=SCRAMBLED BUILD PLAN KEY-PROGSUBRESGITLABJENSTUDENT1, branchName=main}], results=[{name=TestSuiteName1, time=1.739576943E9, errors=0, skipped=0, failures=0, tests=0}], runDate=1.7395769434886534E9, isBuildSuccessful=false} :Your CIS encountered an Exception while trying to retrieve the build plan 
    23:49:03.494 | 463 ool-1-worker-227 | ERROR | tech.jhipster.web.util.HeaderUtil    : Entity processing failed, The continuous integration server encountered an exception when trying to retrieve the plan key from a request a new programming exercise result
    23:49:03.494 | 463 ool-1-worker-227 | WARN  | o.z.p.spring.common.AdviceTraits     : Bad Request: The continuous integration server encountered an exception when trying to retrieve the plan key from a request a new programming exercise result

  Starting logs for ProgrammingSubmissionAndResultGitlabJenkinsIntegrationTest > shouldReturnBadRequestWhenPlanKeyDoesntExist(ProgrammingLanguage, boolean) [8] programmingLanguage=C, enableStaticCodeAnalysis=false
    23:49:03.506 | 463 ool-1-worker-227 | DEBUG | d.t.c.a.a.c.u.util.UserUtilService   : Generate 3 students...
    23:49:03.511 | 463 ool-1-worker-227 | DEBUG | d.t.c.a.a.c.u.util.UserUtilService   : 3 students generated. Generate 2 tutors...
    23:49:03.514 | 463 ool-1-worker-227 | DEBUG | d.t.c.a.a.c.u.util.UserUtilService   : 2 tutors generated. Generate 0 editors...
    23:49:03.515 | 463 ool-1-worker-227 | DEBUG | d.t.c.a.a.c.u.util.UserUtilService   : 0 editors generated. Generate 2 instructors...
    23:49:03.519 | 463 ool-1-worker-227 | DEBUG | d.t.c.a.a.c.u.util.UserUtilService   : 2 instructors generated
    23:49:03.520 | 463 ool-1-worker-227 | DEBUG | d.t.c.a.a.c.u.util.UserUtilService   : Removing 7 users from all courses...
    23:49:03.521 | 463 ool-1-worker-227 | DEBUG | d.t.c.a.a.c.u.util.UserUtilService   : Removing 7 users from all courses. Done
    23:49:03.521 | 463 ool-1-worker-227 | DEBUG | d.t.c.a.a.c.u.util.UserUtilService   : Save 7 users to database...
    23:49:03.524 | 463 ool-1-worker-227 | DEBUG | d.t.c.a.a.c.u.util.UserUtilService   : Save 7 users to database. Done
    23:49:03.540 | 463 ool-1-worker-227 | DEBUG | PersonalAccessTokenManagementService : Generate secure vcs access token
    23:49:03.543 | 463 ool-1-worker-227 | DEBUG | PersonalAccessTokenManagementService : Generate secure vcs access token
    23:49:03.545 | 463 ool-1-worker-227 | INFO  | i.z.t.d.l.EmbeddedDatabaseReporter   : JDBC URL to connect to 'dataSource': url='jdbc:h2:tcp://localhost:41063/mem:736625c0-cf5e-400d-aeaa-8a7eabd6262b;USER=sa', scope='ProgrammingSubmissionAndResultGitlabJenkinsIntegrationTest#shouldReturnBadRequestWhenPlanKeyDoesntExist'
    23:49:03.614 | 463 ool-1-worker-227 | DEBUG | PersonalAccessTokenManagementService : Generate secure vcs access token
    23:49:03.622 | 463 ool-1-worker-227 | DEBUG | d.t.c.a.a.c.s.f.ApiVersionFilter     : Adding Version to Request POST /api/public/programming-exercises/new-result
    23:49:03.623 | 463 ool-1-worker-227 | DEBUG | d.t.c.a.a.a.w.o.PublicResultResource : Received result notify (NEW)
    23:49:03.627 | 463 ool-1-worker-227 | ERROR | d.t.c.a.a.a.w.o.PublicResultResource : Exception encountered when trying to retrieve the plan key from a request a new programming exercise result: de.tum.cit.aet.artemis.core.exception.JenkinsException: Something went wrong trying to parse the requestBody while getting the PlanKey from Jenkins!, {successful=0, skipped=0, errors=0, failures=0, fullName=SHORTE4B9188B0FE78045920ACCB0C6FEEAE33696TSTEXC » SCRAMBLED BUILD PLAN KEY-PROGSUBRESGITLABJENSTUDENT1 #3, commits=[{hash=9b3a9bd71a0d80e5bbc42204c319ed3d1d4f0d6d, repositorySlug=SCRAMBLED BUILD PLAN KEY-PROGSUBRESGITLABJENSTUDENT1, branchName=main}], results=[{name=TestSuiteName1, time=1.739576943E9, errors=0, skipped=0, failures=0, tests=0}], runDate=1.739576943616118E9, isBuildSuccessful=false} :Your CIS encountered an Exception while trying to retrieve the build plan 
    23:49:03.628 | 463 ool-1-worker-227 | ERROR | tech.jhipster.web.util.HeaderUtil    : Entity processing failed, The continuous integration server encountered an exception when trying to retrieve the plan key from a request a new programming exercise result
    23:49:03.628 | 463 ool-1-worker-227 | WARN  | o.z.p.spring.common.AdviceTraits     : Bad Request: The continuous integration server encountered an exception when trying to retrieve the plan key from a request a new programming exercise result

  Starting logs for ProgrammingSubmissionAndResultGitlabJenkinsIntegrationTest > shouldReturnBadRequestWhenPlanKeyDoesntExist(ProgrammingLanguage, boolean) [9] programmingLanguage=HASKELL, enableStaticCodeAnalysis=true
    23:49:03.651 | 463 ool-1-worker-227 | DEBUG | d.t.c.a.a.c.u.util.UserUtilService   : Generate 3 students...
    23:49:03.656 | 463 ool-1-worker-227 | DEBUG | d.t.c.a.a.c.u.util.UserUtilService   : 3 students generated. Generate 2 tutors...
    23:49:03.660 | 463 ool-1-worker-227 | DEBUG | d.t.c.a.a.c.u.util.UserUtilService   : 2 tutors generated. Generate 0 editors...
    23:49:03.662 | 463 ool-1-worker-227 | DEBUG | d.t.c.a.a.c.u.util.UserUtilService   : 0 editors generated. Generate 2 instructors...
    23:49:03.666 | 463 ool-1-worker-227 | DEBUG | d.t.c.a.a.c.u.util.UserUtilService   : 2 instructors generated
    23:49:03.668 | 463 ool-1-worker-227 | DEBUG | d.t.c.a.a.c.u.util.UserUtilService   : Removing 7 users from all courses...
    23:49:03.669 | 463 ool-1-worker-227 | DEBUG | d.t.c.a.a.c.u.util.UserUtilService   : Removing 7 users from all courses. Done
    23:49:03.669 | 463 ool-1-worker-227 | DEBUG | d.t.c.a.a.c.u.util.UserUtilService   : Save 7 users to database...
    23:49:03.674 | 463 ool-1-worker-227 | DEBUG | d.t.c.a.a.c.u.util.UserUtilService   : Save 7 users to database. Done
    23:49:03.690 | 463 ool-1-worker-227 | DEBUG | PersonalAccessTokenManagementService : Generate secure vcs access token
    23:49:03.693 | 463 ool-1-worker-227 | DEBUG | PersonalAccessTokenManagementService : Generate secure vcs access token
    23:49:03.694 | 463 ool-1-worker-227 | INFO  | i.z.t.d.l.EmbeddedDatabaseReporter   : JDBC URL to connect to 'dataSource': url='jdbc:h2:tcp://localhost:41063/mem:736625c0-cf5e-400d-aeaa-8a7eabd6262b;USER=sa', scope='ProgrammingSubmissionAndResultGitlabJenkinsIntegrationTest#shouldReturnBadRequestWhenPlanKeyDoesntExist'
    23:49:03.707 | 463 ool-1-worker-227 | DEBUG | PersonalAccessTokenManagementService : Generate secure vcs access token
    23:49:03.710 | 463 ool-1-worker-227 | DEBUG | d.t.c.a.a.c.s.f.ApiVersionFilter     : Adding Version to Request POST /api/public/programming-exercises/new-result
    23:49:03.711 | 463 ool-1-worker-227 | DEBUG | d.t.c.a.a.a.w.o.PublicResultResource : Received result notify (NEW)
    23:49:03.713 | 463 ool-1-worker-227 | ERROR | d.t.c.a.a.a.w.o.PublicResultResource : Exception encountered when trying to retrieve the plan key from a request a new programming exercise result: de.tum.cit.aet.artemis.core.exception.JenkinsException: Something went wrong trying to parse the requestBody while getting the PlanKey from Jenkins!, {successful=0, skipped=0, errors=0, failures=0, fullName=SHORTD690687C0416B04ACF0B0440A84F32108395TSTEXC » SCRAMBLED BUILD PLAN KEY-PROGSUBRESGITLABJENSTUDENT1 #3, commits=[{hash=9b3a9bd71a0d80e5bbc42204c319ed3d1d4f0d6d, repositorySlug=SCRAMBLED BUILD PLAN KEY-PROGSUBRESGITLABJENSTUDENT1, branchName=main}], results=[{name=TestSuiteName1, time=1.739576943E9, errors=0, skipped=0, failures=0, tests=0}], runDate=1.7395769437088566E9, isBuildSuccessful=false} :Your CIS encountered an Exception while trying to retrieve the build plan 
    23:49:03.714 | 463 ool-1-worker-227 | ERROR | tech.jhipster.web.util.HeaderUtil    : Entity processing failed, The continuous integration server encountered an exception when trying to retrieve the plan key from a request a new programming exercise result
    23:49:03.714 | 463 ool-1-worker-227 | WARN  | o.z.p.spring.common.AdviceTraits     : Bad Request: The continuous integration server encountered an exception when trying to retrieve the plan key from a request a new programming exercise result

  Starting logs for ProgrammingSubmissionAndResultGitlabJenkinsIntegrationTest > shouldReturnBadRequestWhenPlanKeyDoesntExist(ProgrammingLanguage, boolean) [10] programmingLanguage=HASKELL, enableStaticCodeAnalysis=false
    23:49:03.726 | 463 ool-1-worker-227 | DEBUG | d.t.c.a.a.c.u.util.UserUtilService   : Generate 3 students...
    23:49:03.731 | 463 ool-1-worker-227 | DEBUG | d.t.c.a.a.c.u.util.UserUtilService   : 3 students generated. Generate 2 tutors...
    23:49:03.734 | 463 ool-1-worker-227 | DEBUG | d.t.c.a.a.c.u.util.UserUtilService   : 2 tutors generated. Generate 0 editors...
    23:49:03.735 | 463 ool-1-worker-227 | DEBUG | d.t.c.a.a.c.u.util.UserUtilService   : 0 editors generated. Generate 2 instructors...
    23:49:03.738 | 463 ool-1-worker-227 | DEBUG | d.t.c.a.a.c.u.util.UserUtilService   : 2 instructors generated
    23:49:03.739 | 463 ool-1-worker-227 | DEBUG | d.t.c.a.a.c.u.util.UserUtilService   : Removing 7 users from all courses...
    23:49:03.740 | 463 ool-1-worker-227 | DEBUG | d.t.c.a.a.c.u.util.UserUtilService   : Removing 7 users from all courses. Done
    23:49:03.740 | 463 ool-1-worker-227 | DEBUG | d.t.c.a.a.c.u.util.UserUtilService   : Save 7 users to database...
    23:49:03.743 | 463 ool-1-worker-227 | DEBUG | d.t.c.a.a.c.u.util.UserUtilService   : Save 7 users to database. Done
    23:49:03.757 | 463 ool-1-worker-227 | DEBUG | PersonalAccessTokenManagementService : Generate secure vcs access token
    23:49:03.760 | 463 ool-1-worker-227 | DEBUG | PersonalAccessTokenManagementService : Generate secure vcs access token
    23:49:03.762 | 463 ool-1-worker-227 | INFO  | i.z.t.d.l.EmbeddedDatabaseReporter   : JDBC URL to connect to 'dataSource': url='jdbc:h2:tcp://localhost:41063/mem:736625c0-cf5e-400d-aeaa-8a7eabd6262b;USER=sa', scope='ProgrammingSubmissionAndResultGitlabJenkinsIntegrationTest#shouldReturnBadRequestWhenPlanKeyDoesntExist'
    23:49:03.775 | 463 ool-1-worker-227 | DEBUG | PersonalAccessTokenManagementService : Generate secure vcs access token
    23:49:03.778 | 463 ool-1-worker-227 | DEBUG | d.t.c.a.a.c.s.f.ApiVersionFilter     : Adding Version to Request POST /api/public/programming-exercises/new-result
    23:49:03.779 | 463 ool-1-worker-227 | DEBUG | d.t.c.a.a.a.w.o.PublicResultResource : Received result notify (NEW)
    23:49:03.782 | 463 ool-1-worker-227 | ERROR | d.t.c.a.a.a.w.o.PublicResultResource : Exception encountered when trying to retrieve the plan key from a request a new programming exercise result: de.tum.cit.aet.artemis.core.exception.JenkinsException: Something went wrong trying to parse the requestBody while getting the PlanKey from Jenkins!, {successful=0, skipped=0, errors=0, failures=0, fullName=SHORTA4DB5CB20D9F504FF308721026CE97EE1DC1TSTEXC » SCRAMBLED BUILD PLAN KEY-PROGSUBRESGITLABJENSTUDENT1 #3, commits=[{hash=9b3a9bd71a0d80e5bbc42204c319ed3d1d4f0d6d, repositorySlug=SCRAMBLED BUILD PLAN KEY-PROGSUBRESGITLABJENSTUDENT1, branchName=main}], results=[{name=TestSuiteName1, time=1.739576943E9, errors=0, skipped=0, failures=0, tests=0}], runDate=1.7395769437762938E9, isBuildSuccessful=false} :Your CIS encountered an Exception while trying to retrieve the build plan 
    23:49:03.782 | 463 ool-1-worker-227 | ERROR | tech.jhipster.web.util.HeaderUtil    : Entity processing failed, The continuous integration server encountered an exception when trying to retrieve the plan key from a request a new programming exercise result
    23:49:03.782 | 463 ool-1-worker-227 | WARN  | o.z.p.spring.common.AdviceTraits     : Bad Request: The continuous integration server encountered an exception when trying to retrieve the plan key from a request a new programming exercise result

  Starting logs for ProgrammingSubmissionAndResultGitlabJenkinsIntegrationTest > shouldReturnBadRequestWhenPlanKeyDoesntExist(ProgrammingLanguage, boolean) [11] programmingLanguage=C_SHARP, enableStaticCodeAnalysis=true
    23:49:03.793 | 463 ool-1-worker-227 | DEBUG | d.t.c.a.a.c.u.util.UserUtilService   : Generate 3 students...
    23:49:03.798 | 463 ool-1-worker-227 | DEBUG | d.t.c.a.a.c.u.util.UserUtilService   : 3 students generated. Generate 2 tutors...
    23:49:03.801 | 463 ool-1-worker-227 | DEBUG | d.t.c.a.a.c.u.util.UserUtilService   : 2 tutors generated. Generate 0 editors...
    23:49:03.802 | 463 ool-1-worker-227 | DEBUG | d.t.c.a.a.c.u.util.UserUtilService   : 0 editors generated. Generate 2 instructors...
    23:49:03.805 | 463 ool-1-worker-227 | DEBUG | d.t.c.a.a.c.u.util.UserUtilService   : 2 instructors generated
    23:49:03.806 | 463 ool-1-worker-227 | DEBUG | d.t.c.a.a.c.u.util.UserUtilService   : Removing 7 users from all courses...
    23:49:03.807 | 463 ool-1-worker-227 | DEBUG | d.t.c.a.a.c.u.util.UserUtilService   : Removing 7 users from all courses. Done
    23:49:03.807 | 463 ool-1-worker-227 | DEBUG | d.t.c.a.a.c.u.util.UserUtilService   : Save 7 users to database...
    23:49:03.810 | 463 ool-1-worker-227 | DEBUG | d.t.c.a.a.c.u.util.UserUtilService   : Save 7 users to database. Done
    23:49:03.825 | 463 ool-1-worker-227 | DEBUG | PersonalAccessTokenManagementService : Generate secure vcs access token
    23:49:03.827 | 463 ool-1-worker-227 | DEBUG | PersonalAccessTokenManagementService : Generate secure vcs access token
    23:49:03.829 | 463 ool-1-worker-227 | INFO  | i.z.t.d.l.EmbeddedDatabaseReporter   : JDBC URL to connect to 'dataSource': url='jdbc:h2:tcp://localhost:41063/mem:736625c0-cf5e-400d-aeaa-8a7eabd6262b;USER=sa', scope='ProgrammingSubmissionAndResultGitlabJenkinsIntegrationTest#shouldReturnBadRequestWhenPlanKeyDoesntExist'
    23:49:03.842 | 463 ool-1-worker-227 | DEBUG | PersonalAccessTokenManagementService : Generate secure vcs access token
    23:49:03.845 | 463 ool-1-worker-227 | DEBUG | d.t.c.a.a.c.s.f.ApiVersionFilter     : Adding Version to Request POST /api/public/programming-exercises/new-result
    23:49:03.845 | 463 ool-1-worker-227 | DEBUG | d.t.c.a.a.a.w.o.PublicResultResource : Received result notify (NEW)
    23:49:03.850 | 463 ool-1-worker-227 | ERROR | d.t.c.a.a.a.w.o.PublicResultResource : Exception encountered when trying to retrieve the plan key from a request a new programming exercise result: de.tum.cit.aet.artemis.core.exception.JenkinsException: Something went wrong trying to parse the requestBody while getting the PlanKey from Jenkins!, {successful=0, skipped=0, errors=0, failures=0, fullName=SHORT3179A1540D84504A9E0883E010D410563D7ETSTEXC » SCRAMBLED BUILD PLAN KEY-PROGSUBRESGITLABJENSTUDENT1 #3, commits=[{hash=9b3a9bd71a0d80e5bbc42204c319ed3d1d4f0d6d, repositorySlug=SCRAMBLED BUILD PLAN KEY-PROGSUBRESGITLABJENSTUDENT1, branchName=main}], results=[{name=TestSuiteName1, time=1.739576943E9, errors=0, skipped=0, failures=0, tests=0}], runDate=1.7395769438433714E9, isBuildSuccessful=false} :Your CIS encountered an Exception while trying to retrieve the build plan 
    23:49:03.850 | 463 ool-1-worker-227 | ERROR | tech.jhipster.web.util.HeaderUtil    : Entity processing failed, The continuous integration server encountered an exception when trying to retrieve the plan key from a request a new programming exercise result
    23:49:03.850 | 463 ool-1-worker-227 | WARN  | o.z.p.spring.common.AdviceTraits     : Bad Request: The continuous integration server encountered an exception when trying to retrieve the plan key from a request a new programming exercise result

  Starting logs for ProgrammingSubmissionAndResultGitlabJenkinsIntegrationTest > shouldReturnBadRequestWhenPlanKeyDoesntExist(ProgrammingLanguage, boolean) [12] programmingLanguage=C_SHARP, enableStaticCodeAnalysis=false
    23:49:03.863 | 463 ool-1-worker-227 | DEBUG | d.t.c.a.a.c.u.util.UserUtilService   : Generate 3 students...
    23:49:03.867 | 463 ool-1-worker-227 | DEBUG | d.t.c.a.a.c.u.util.UserUtilService   : 3 students generated. Generate 2 tutors...
    23:49:03.870 | 463 ool-1-worker-227 | DEBUG | d.t.c.a.a.c.u.util.UserUtilService   : 2 tutors generated. Generate 0 editors...
    23:49:03.871 | 463 ool-1-worker-227 | DEBUG | d.t.c.a.a.c.u.util.UserUtilService   : 0 editors generated. Generate 2 instructors...
    23:49:03.874 | 463 ool-1-worker-227 | DEBUG | d.t.c.a.a.c.u.util.UserUtilService   : 2 instructors generated
    23:49:03.875 | 463 ool-1-worker-227 | DEBUG | d.t.c.a.a.c.u.util.UserUtilService   : Removing 7 users from all courses...
    23:49:03.876 | 463 ool-1-worker-227 | DEBUG | d.t.c.a.a.c.u.util.UserUtilService   : Removing 7 users from all courses. Done
    23:49:03.876 | 463 ool-1-worker-227 | DEBUG | d.t.c.a.a.c.u.util.UserUtilService   : Save 7 users to database...
    23:49:03.880 | 463 ool-1-worker-227 | DEBUG | d.t.c.a.a.c.u.util.UserUtilService   : Save 7 users to database. Done
    23:49:03.894 | 463 ool-1-worker-227 | DEBUG | PersonalAccessTokenManagementService : Generate secure vcs access token
    23:49:03.896 | 463 ool-1-worker-227 | DEBUG | PersonalAccessTokenManagementService : Generate secure vcs access token
    23:49:03.898 | 463 ool-1-worker-227 | INFO  | i.z.t.d.l.EmbeddedDatabaseReporter   : JDBC URL to connect to 'dataSource': url='jdbc:h2:tcp://localhost:41063/mem:736625c0-cf5e-400d-aeaa-8a7eabd6262b;USER=sa', scope='ProgrammingSubmissionAndResultGitlabJenkinsIntegrationTest#shouldReturnBadRequestWhenPlanKeyDoesntExist'
    23:49:03.911 | 463 ool-1-worker-227 | DEBUG | PersonalAccessTokenManagementService : Generate secure vcs access token
    23:49:03.914 | 463 ool-1-worker-227 | DEBUG | d.t.c.a.a.c.s.f.ApiVersionFilter     : Adding Version to Request POST /api/public/programming-exercises/new-result
    23:49:03.914 | 463 ool-1-worker-227 | DEBUG | d.t.c.a.a.a.w.o.PublicResultResource : Received result notify (NEW)
    23:49:03.917 | 463 ool-1-worker-227 | ERROR | d.t.c.a.a.a.w.o.PublicResultResource : Exception encountered when trying to retrieve the plan key from a request a new programming exercise result: de.tum.cit.aet.artemis.core.exception.JenkinsException: Something went wrong trying to parse the requestBody while getting the PlanKey from Jenkins!, {successful=0, skipped=0, errors=0, failures=0, fullName=SHORTF0BE3673087F904D300AE340FC5E7117635FTSTEXC » SCRAMBLED BUILD PLAN KEY-PROGSUBRESGITLABJENSTUDENT1 #3, commits=[{hash=9b3a9bd71a0d80e5bbc42204c319ed3d1d4f0d6d, repositorySlug=SCRAMBLED BUILD PLAN KEY-PROGSUBRESGITLABJENSTUDENT1, branchName=main}], results=[{name=TestSuiteName1, time=1.739576943E9, errors=0, skipped=0, failures=0, tests=0}], runDate=1.7395769439120173E9, isBuildSuccessful=false} :Your CIS encountered an Exception while trying to retrieve the build plan 
    23:49:03.917 | 463 ool-1-worker-227 | ERROR | tech.jhipster.web.util.HeaderUtil    : Entity processing failed, The continuous integration server encountered an exception when trying to retrieve the plan key from a request a new programming exercise result
    23:49:03.917 | 463 ool-1-worker-227 | WARN  | o.z.p.spring.common.AdviceTraits     : Bad Request: The continuous integration server encountered an exception when trying to retrieve the plan key from a request a new programming exercise result

  Starting logs for ProgrammingSubmissionAndResultGitlabJenkinsIntegrationTest > shouldReturnBadRequestWhenPlanKeyDoesntExist(ProgrammingLanguage, boolean) [13] programmingLanguage=C_PLUS_PLUS, enableStaticCodeAnalysis=true
    23:49:03.929 | 463 ool-1-worker-227 | DEBUG | d.t.c.a.a.c.u.util.UserUtilService   : Generate 3 students...
    23:49:03.933 | 463 ool-1-worker-227 | DEBUG | d.t.c.a.a.c.u.util.UserUtilService   : 3 students generated. Generate 2 tutors...
    23:49:03.936 | 463 ool-1-worker-227 | DEBUG | d.t.c.a.a.c.u.util.UserUtilService   : 2 tutors generated. Generate 0 editors...
    23:49:03.937 | 463 ool-1-worker-227 | DEBUG | d.t.c.a.a.c.u.util.UserUtilService   : 0 editors generated. Generate 2 instructors...
    23:49:03.940 | 463 ool-1-worker-227 | DEBUG | d.t.c.a.a.c.u.util.UserUtilService   : 2 instructors generated
    23:49:03.942 | 463 ool-1-worker-227 | DEBUG | d.t.c.a.a.c.u.util.UserUtilService   : Removing 7 users from all courses...
    23:49:03.942 | 463 ool-1-worker-227 | DEBUG | d.t.c.a.a.c.u.util.UserUtilService   : Removing 7 users from all courses. Done
    23:49:03.942 | 463 ool-1-worker-227 | DEBUG | d.t.c.a.a.c.u.util.UserUtilService   : Save 7 users to database...
    23:49:03.945 | 463 ool-1-worker-227 | DEBUG | d.t.c.a.a.c.u.util.UserUtilService   : Save 7 users to database. Done
    23:49:03.961 | 463 ool-1-worker-227 | DEBUG | PersonalAccessTokenManagementService : Generate secure vcs access token
    23:49:03.964 | 463 ool-1-worker-227 | DEBUG | PersonalAccessTokenManagementService : Generate secure vcs access token
    23:49:03.966 | 463 ool-1-worker-227 | INFO  | i.z.t.d.l.EmbeddedDatabaseReporter   : JDBC URL to connect to 'dataSource': url='jdbc:h2:tcp://localhost:41063/mem:736625c0-cf5e-400d-aeaa-8a7eabd6262b;USER=sa', scope='ProgrammingSubmissionAndResultGitlabJenkinsIntegrationTest#shouldReturnBadRequestWhenPlanKeyDoesntExist'
    23:49:03.979 | 463 ool-1-worker-227 | DEBUG | PersonalAccessTokenManagementService : Generate secure vcs access token
    23:49:03.982 | 463 ool-1-worker-227 | DEBUG | d.t.c.a.a.c.s.f.ApiVersionFilter     : Adding Version to Request POST /api/public/programming-exercises/new-result
    23:49:03.983 | 463 ool-1-worker-227 | DEBUG | d.t.c.a.a.a.w.o.PublicResultResource : Received result notify (NEW)
    23:49:03.985 | 463 ool-1-worker-227 | ERROR | d.t.c.a.a.a.w.o.PublicResultResource : Exception encountered when trying to retrieve the plan key from a request a new programming exercise result: de.tum.cit.aet.artemis.core.exception.JenkinsException: Something went wrong trying to parse the requestBody while getting the PlanKey from Jenkins!, {successful=0, skipped=0, errors=0, failures=0, fullName=SHORT4D4D94880D9B7049CB0BCA10C42FE995A217TSTEXC » SCRAMBLED BUILD PLAN KEY-PROGSUBRESGITLABJENSTUDENT1 #3, commits=[{hash=9b3a9bd71a0d80e5bbc42204c319ed3d1d4f0d6d, repositorySlug=SCRAMBLED BUILD PLAN KEY-PROGSUBRESGITLABJENSTUDENT1, branchName=main}], results=[{name=TestSuiteName1, time=1.739576943E9, errors=0, skipped=0, failures=0, tests=0}], runDate=1.739576943980716E9, isBuildSuccessful=false} :Your CIS encountered an Exception while trying to retrieve the build plan 
    23:49:03.986 | 463 ool-1-worker-227 | ERROR | tech.jhipster.web.util.HeaderUtil    : Entity processing failed, The continuous integration server encountered an exception when trying to retrieve the plan key from a request a new programming exercise result
    23:49:03.986 | 463 ool-1-worker-227 | WARN  | o.z.p.spring.common.AdviceTraits     : Bad Request: The continuous integration server encountered an exception when trying to retrieve the plan key from a request a new programming exercise result

  Starting logs for ProgrammingSubmissionAndResultGitlabJenkinsIntegrationTest > shouldReturnBadRequestWhenPlanKeyDoesntExist(ProgrammingLanguage, boolean) [14] programmingLanguage=C_PLUS_PLUS, enableStaticCodeAnalysis=false
    23:49:03.997 | 463 ool-1-worker-227 | DEBUG | d.t.c.a.a.c.u.util.UserUtilService   : Generate 3 students...
    23:49:04.001 | 463 ool-1-worker-227 | DEBUG | d.t.c.a.a.c.u.util.UserUtilService   : 3 students generated. Generate 2 tutors...
    23:49:04.004 | 463 ool-1-worker-227 | DEBUG | d.t.c.a.a.c.u.util.UserUtilService   : 2 tutors generated. Generate 0 editors...
    23:49:04.005 | 463 ool-1-worker-227 | DEBUG | d.t.c.a.a.c.u.util.UserUtilService   : 0 editors generated. Generate 2 instructors...
    23:49:04.008 | 463 ool-1-worker-227 | DEBUG | d.t.c.a.a.c.u.util.UserUtilService   : 2 instructors generated
    23:49:04.009 | 463 ool-1-worker-227 | DEBUG | d.t.c.a.a.c.u.util.UserUtilService   : Removing 7 users from all courses...
    23:49:04.010 | 463 ool-1-worker-227 | DEBUG | d.t.c.a.a.c.u.util.UserUtilService   : Removing 7 users from all courses. Done
    23:49:04.010 | 463 ool-1-worker-227 | DEBUG | d.t.c.a.a.c.u.util.UserUtilService   : Save 7 users to database...
    23:49:04.013 | 463 ool-1-worker-227 | DEBUG | d.t.c.a.a.c.u.util.UserUtilService   : Save 7 users to database. Done
    23:49:04.027 | 463 ool-1-worker-227 | DEBUG | PersonalAccessTokenManagementService : Generate secure vcs access token
    23:49:04.030 | 463 ool-1-worker-227 | DEBUG | PersonalAccessTokenManagementService : Generate secure vcs access token
    23:49:04.032 | 463 ool-1-worker-227 | INFO  | i.z.t.d.l.EmbeddedDatabaseReporter   : JDBC URL to connect to 'dataSource': url='jdbc:h2:tcp://localhost:41063/mem:736625c0-cf5e-400d-aeaa-8a7eabd6262b;USER=sa', scope='ProgrammingSubmissionAndResultGitlabJenkinsIntegrationTest#shouldReturnBadRequestWhenPlanKeyDoesntExist'
    23:49:04.045 | 463 ool-1-worker-227 | DEBUG | PersonalAccessTokenManagementService : Generate secure vcs access token
    23:49:04.047 | 463 ool-1-worker-227 | DEBUG | d.t.c.a.a.c.s.f.ApiVersionFilter     : Adding Version to Request POST /api/public/programming-exercises/new-result
    23:49:04.048 | 463 ool-1-worker-227 | DEBUG | d.t.c.a.a.a.w.o.PublicResultResource : Received result notify (NEW)
    23:49:04.050 | 463 ool-1-worker-227 | ERROR | d.t.c.a.a.a.w.o.PublicResultResource : Exception encountered when trying to retrieve the plan key from a request a new programming exercise result: de.tum.cit.aet.artemis.core.exception.JenkinsException: Something went wrong trying to parse the requestBody while getting the PlanKey from Jenkins!, {successful=0, skipped=0, errors=0, failures=0, fullName=SHORT17B36DF20A161046EB092C2008795570B3ECTSTEXC » SCRAMBLED BUILD PLAN KEY-PROGSUBRESGITLABJENSTUDENT1 #3, commits=[{hash=9b3a9bd71a0d80e5bbc42204c319ed3d1d4f0d6d, repositorySlug=SCRAMBLED BUILD PLAN KEY-PROGSUBRESGITLABJENSTUDENT1, branchName=main}], results=[{name=TestSuiteName1, time=1.739576944E9, errors=0, skipped=0, failures=0, tests=0}], runDate=1.739576944045954E9, isBuildSuccessful=false} :Your CIS encountered an Exception while trying to retrieve the build plan 
    23:49:04.051 | 463 ool-1-worker-227 | ERROR | tech.jhipster.web.util.HeaderUtil    : Entity processing failed, The continuous integration server encountered an exception when trying to retrieve the plan key from a request a new programming exercise result
    23:49:04.051 | 463 ool-1-worker-227 | WARN  | o.z.p.spring.common.AdviceTraits     : Bad Request: The continuous integration server encountered an exception when trying to retrieve the plan key from a request a new programming exercise result

  Starting logs for ProgrammingSubmissionAndResultGitlabJenkinsIntegrationTest > shouldReturnBadRequestWhenPlanKeyDoesntExist(ProgrammingLanguage, boolean) [15] programmingLanguage=EMPTY, enableStaticCodeAnalysis=true
    23:49:04.062 | 463 ool-1-worker-227 | DEBUG | d.t.c.a.a.c.u.util.UserUtilService   : Generate 3 students...
    23:49:04.066 | 463 ool-1-worker-227 | DEBUG | d.t.c.a.a.c.u.util.UserUtilService   : 3 students generated. Generate 2 tutors...
    23:49:04.069 | 463 ool-1-worker-227 | DEBUG | d.t.c.a.a.c.u.util.UserUtilService   : 2 tutors generated. Generate 0 editors...
    23:49:04.071 | 463 ool-1-worker-227 | DEBUG | d.t.c.a.a.c.u.util.UserUtilService   : 0 editors generated. Generate 2 instructors...
    23:49:04.074 | 463 ool-1-worker-227 | DEBUG | d.t.c.a.a.c.u.util.UserUtilService   : 2 instructors generated
    23:49:04.075 | 463 ool-1-worker-227 | DEBUG | d.t.c.a.a.c.u.util.UserUtilService   : Removing 7 users from all courses...
    23:49:04.076 | 463 ool-1-worker-227 | DEBUG | d.t.c.a.a.c.u.util.UserUtilService   : Removing 7 users from all courses. Done
    23:49:04.076 | 463 ool-1-worker-227 | DEBUG | d.t.c.a.a.c.u.util.UserUtilService   : Save 7 users to database...
    23:49:04.079 | 463 ool-1-worker-227 | DEBUG | d.t.c.a.a.c.u.util.UserUtilService   : Save 7 users to database. Done
    23:49:04.094 | 463 ool-1-worker-227 | DEBUG | PersonalAccessTokenManagementService : Generate secure vcs access token
    23:49:04.097 | 463 ool-1-worker-227 | DEBUG | PersonalAccessTokenManagementService : Generate secure vcs access token
    23:49:04.099 | 463 ool-1-worker-227 | INFO  | i.z.t.d.l.EmbeddedDatabaseReporter   : JDBC URL to connect to 'dataSource': url='jdbc:h2:tcp://localhost:41063/mem:736625c0-cf5e-400d-aeaa-8a7eabd6262b;USER=sa', scope='ProgrammingSubmissionAndResultGitlabJenkinsIntegrationTest#shouldReturnBadRequestWhenPlanKeyDoesntExist'
    23:49:04.111 | 463 ool-1-worker-227 | DEBUG | PersonalAccessTokenManagementService : Generate secure vcs access token
    23:49:04.114 | 463 ool-1-worker-227 | DEBUG | d.t.c.a.a.c.s.f.ApiVersionFilter     : Adding Version to Request POST /api/public/programming-exercises/new-result
    23:49:04.114 | 463 ool-1-worker-227 | DEBUG | d.t.c.a.a.a.w.o.PublicResultResource : Received result notify (NEW)
    23:49:04.117 | 463 ool-1-worker-227 | ERROR | d.t.c.a.a.a.w.o.PublicResultResource : Exception encountered when trying to retrieve the plan key from a request a new programming exercise result: de.tum.cit.aet.artemis.core.exception.JenkinsException: Something went wrong trying to parse the requestBody while getting the PlanKey from Jenkins!, {successful=0, skipped=0, errors=0, failures=0, fullName=SHORT10B5CFA202C620414C0A8A00DD28CA990609TSTEXC » SCRAMBLED BUILD PLAN KEY-PROGSUBRESGITLABJENSTUDENT1 #3, commits=[{hash=9b3a9bd71a0d80e5bbc42204c319ed3d1d4f0d6d, repositorySlug=SCRAMBLED BUILD PLAN KEY-PROGSUBRESGITLABJENSTUDENT1, branchName=main}], results=[{name=TestSuiteName1, time=1.739576944E9, errors=0, skipped=0, failures=0, tests=0}], runDate=1.7395769441123807E9, isBuildSuccessful=false} :Your CIS encountered an Exception while trying to retrieve the build plan 
    23:49:04.117 | 463 ool-1-worker-227 | ERROR | tech.jhipster.web.util.HeaderUtil    : Entity processing failed, The continuous integration server encountered an exception when trying to retrieve the plan key from a request a new programming exercise result
    23:49:04.117 | 463 ool-1-worker-227 | WARN  | o.z.p.spring.common.AdviceTraits     : Bad Request: The continuous integration server encountered an exception when trying to retrieve the plan key from a request a new programming exercise result

  Starting logs for ProgrammingSubmissionAndResultGitlabJenkinsIntegrationTest > shouldReturnBadRequestWhenPlanKeyDoesntExist(ProgrammingLanguage, boolean) [16] programmingLanguage=EMPTY, enableStaticCodeAnalysis=false
    23:49:04.129 | 463 ool-1-worker-227 | DEBUG | d.t.c.a.a.c.u.util.UserUtilService   : Generate 3 students...
    23:49:04.133 | 463 ool-1-worker-227 | DEBUG | d.t.c.a.a.c.u.util.UserUtilService   : 3 students generated. Generate 2 tutors...
    23:49:04.136 | 463 ool-1-worker-227 | DEBUG | d.t.c.a.a.c.u.util.UserUtilService   : 2 tutors generated. Generate 0 editors...
    23:49:04.138 | 463 ool-1-worker-227 | DEBUG | d.t.c.a.a.c.u.util.UserUtilService   : 0 editors generated. Generate 2 instructors...
    23:49:04.141 | 463 ool-1-worker-227 | DEBUG | d.t.c.a.a.c.u.util.UserUtilService   : 2 instructors generated
    23:49:04.142 | 463 ool-1-worker-227 | DEBUG | d.t.c.a.a.c.u.util.UserUtilService   : Removing 7 users from all courses...
    23:49:04.142 | 463 ool-1-worker-227 | DEBUG | d.t.c.a.a.c.u.util.UserUtilService   : Removing 7 users from all courses. Done
    23:49:04.143 | 463 ool-1-worker-227 | DEBUG | d.t.c.a.a.c.u.util.UserUtilService   : Save 7 users to database...
    23:49:04.146 | 463 ool-1-worker-227 | DEBUG | d.t.c.a.a.c.u.util.UserUtilService   : Save 7 users to database. Done
    23:49:04.160 | 463 ool-1-worker-227 | DEBUG | PersonalAccessTokenManagementService : Generate secure vcs access token
    23:49:04.163 | 463 ool-1-worker-227 | DEBUG | PersonalAccessTokenManagementService : Generate secure vcs access token
    23:49:04.164 | 463 ool-1-worker-227 | INFO  | i.z.t.d.l.EmbeddedDatabaseReporter   : JDBC URL to connect to 'dataSource': url='jdbc:h2:tcp://localhost:41063/mem:736625c0-cf5e-400d-aeaa-8a7eabd6262b;USER=sa', scope='ProgrammingSubmissionAndResultGitlabJenkinsIntegrationTest#shouldReturnBadRequestWhenPlanKeyDoesntExist'
    23:49:04.177 | 463 ool-1-worker-227 | DEBUG | PersonalAccessTokenManagementService : Generate secure vcs access token
    23:49:04.180 | 463 ool-1-worker-227 | DEBUG | d.t.c.a.a.c.s.f.ApiVersionFilter     : Adding Version to Request POST /api/public/programming-exercises/new-result
    23:49:04.180 | 463 ool-1-worker-227 | DEBUG | d.t.c.a.a.a.w.o.PublicResultResource : Received result notify (NEW)
    23:49:04.183 | 463 ool-1-worker-227 | ERROR | d.t.c.a.a.a.w.o.PublicResultResource : Exception encountered when trying to retrieve the plan key from a request a new programming exercise result: de.tum.cit.aet.artemis.core.exception.JenkinsException: Something went wrong trying to parse the requestBody while getting the PlanKey from Jenkins!, {successful=0, skipped=0, errors=0, failures=0, fullName=SHORT37F27F4D07B89046AC0BB300B191F3AB90E4TSTEXC » SCRAMBLED BUILD PLAN KEY-PROGSUBRESGITLABJENSTUDENT1 #3, commits=[{hash=9b3a9bd71a0d80e5bbc42204c319ed3d1d4f0d6d, repositorySlug=SCRAMBLED BUILD PLAN KEY-PROGSUBRESGITLABJENSTUDENT1, branchName=main}], results=[{name=TestSuiteName1, time=1.739576944E9, errors=0, skipped=0, failures=0, tests=0}], runDate=1.7395769441785944E9, isBuildSuccessful=false} :Your CIS encountered an Exception while trying to retrieve the build plan 
    23:49:04.183 | 463 ool-1-worker-227 | ERROR | tech.jhipster.web.util.HeaderUtil    : Entity processing failed, The continuous integration server encountered an exception when trying to retrieve the plan key from a request a new programming exercise result
    23:49:04.183 | 463 ool-1-worker-227 | WARN  | o.z.p.spring.common.AdviceTraits     : Bad Request: The continuous integration server encountered an exception when trying to retrieve the plan key from a request a new programming exercise result

  Starting logs for ProgrammingSubmissionAndResultGitlabJenkinsIntegrationTest > shouldReturnBadRequestWhenPlanKeyDoesntExist(ProgrammingLanguage, boolean) [17] programmingLanguage=JAVA, enableStaticCodeAnalysis=true
    23:49:04.195 | 463 ool-1-worker-227 | DEBUG | d.t.c.a.a.c.u.util.UserUtilService   : Generate 3 students...
    23:49:04.199 | 463 ool-1-worker-227 | DEBUG | d.t.c.a.a.c.u.util.UserUtilService   : 3 students generated. Generate 2 tutors...
    23:49:04.202 | 463 ool-1-worker-227 | DEBUG | d.t.c.a.a.c.u.util.UserUtilService   : 2 tutors generated. Generate 0 editors...
    23:49:04.204 | 463 ool-1-worker-227 | DEBUG | d.t.c.a.a.c.u.util.UserUtilService   : 0 editors generated. Generate 2 instructors...
    23:49:04.207 | 463 ool-1-worker-227 | DEBUG | d.t.c.a.a.c.u.util.UserUtilService   : 2 instructors generated
    23:49:04.208 | 463 ool-1-worker-227 | DEBUG | d.t.c.a.a.c.u.util.UserUtilService   : Removing 7 users from all courses...
    23:49:04.209 | 463 ool-1-worker-227 | DEBUG | d.t.c.a.a.c.u.util.UserUtilService   : Removing 7 users from all courses. Done
    23:49:04.209 | 463 ool-1-worker-227 | DEBUG | d.t.c.a.a.c.u.util.UserUtilService   : Save 7 users to database...
    23:49:04.212 | 463 ool-1-worker-227 | DEBUG | d.t.c.a.a.c.u.util.UserUtilService   : Save 7 users to database. Done
    23:49:04.226 | 463 ool-1-worker-227 | DEBUG | PersonalAccessTokenManagementService : Generate secure vcs access token
    23:49:04.228 | 463 ool-1-worker-227 | DEBUG | PersonalAccessTokenManagementService : Generate secure vcs access token
    23:49:04.230 | 463 ool-1-worker-227 | INFO  | i.z.t.d.l.EmbeddedDatabaseReporter   : JDBC URL to connect to 'dataSource': url='jdbc:h2:tcp://localhost:41063/mem:736625c0-cf5e-400d-aeaa-8a7eabd6262b;USER=sa', scope='ProgrammingSubmissionAndResultGitlabJenkinsIntegrationTest#shouldReturnBadRequestWhenPlanKeyDoesntExist'
    23:49:04.242 | 463 ool-1-worker-227 | DEBUG | PersonalAccessTokenManagementService : Generate secure vcs access token
    23:49:04.245 | 463 ool-1-worker-227 | DEBUG | d.t.c.a.a.c.s.f.ApiVersionFilter     : Adding Version to Request POST /api/public/programming-exercises/new-result
    23:49:04.245 | 463 ool-1-worker-227 | DEBUG | d.t.c.a.a.a.w.o.PublicResultResource : Received result notify (NEW)
    23:49:04.248 | 463 ool-1-worker-227 | ERROR | d.t.c.a.a.a.w.o.PublicResultResource : Exception encountered when trying to retrieve the plan key from a request a new programming exercise result: de.tum.cit.aet.artemis.core.exception.JenkinsException: Something went wrong trying to parse the requestBody while getting the PlanKey from Jenkins!, {successful=0, skipped=0, errors=0, failures=0, fullName=SHORT9BE90D29001E7045CA0A6410214D723DBB18TSTEXC » SCRAMBLED BUILD PLAN KEY-PROGSUBRESGITLABJENSTUDENT1 #3, commits=[{hash=9b3a9bd71a0d80e5bbc42204c319ed3d1d4f0d6d, repositorySlug=SCRAMBLED BUILD PLAN KEY-PROGSUBRESGITLABJENSTUDENT1, branchName=main}], results=[{name=TestSuiteName1, time=1.739576944E9, errors=0, skipped=0, failures=0, tests=0}], runDate=1.739576944243754E9, isBuildSuccessful=false} :Your CIS encountered an Exception while trying to retrieve the build plan 
    23:49:04.249 | 463 ool-1-worker-227 | ERROR | tech.jhipster.web.util.HeaderUtil    : Entity processing failed, The continuous integration server encountered an exception when trying to retrieve the plan key from a request a new programming exercise result
    23:49:04.249 | 463 ool-1-worker-227 | WARN  | o.z.p.spring.common.AdviceTraits     : Bad Request: The continuous integration server encountered an exception when trying to retrieve the plan key from a request a new programming exercise result

  Starting logs for ProgrammingSubmissionAndResultGitlabJenkinsIntegrationTest > shouldReturnBadRequestWhenPlanKeyDoesntExist(ProgrammingLanguage, boolean) [18] programmingLanguage=JAVA, enableStaticCodeAnalysis=false
    23:49:04.260 | 463 ool-1-worker-227 | DEBUG | d.t.c.a.a.c.u.util.UserUtilService   : Generate 3 students...
    23:49:04.265 | 463 ool-1-worker-227 | DEBUG | d.t.c.a.a.c.u.util.UserUtilService   : 3 students generated. Generate 2 tutors...
    23:49:04.268 | 463 ool-1-worker-227 | DEBUG | d.t.c.a.a.c.u.util.UserUtilService   : 2 tutors generated. Generate 0 editors...
    23:49:04.269 | 463 ool-1-worker-227 | DEBUG | d.t.c.a.a.c.u.util.UserUtilService   : 0 editors generated. Generate 2 instructors...
    23:49:04.272 | 463 ool-1-worker-227 | DEBUG | d.t.c.a.a.c.u.util.UserUtilService   : 2 instructors generated
    23:49:04.273 | 463 ool-1-worker-227 | DEBUG | d.t.c.a.a.c.u.util.UserUtilService   : Removing 7 users from all courses...
    23:49:04.274 | 463 ool-1-worker-227 | DEBUG | d.t.c.a.a.c.u.util.UserUtilService   : Removing 7 users from all courses. Done
    23:49:04.274 | 463 ool-1-worker-227 | DEBUG | d.t.c.a.a.c.u.util.UserUtilService   : Save 7 users to database...
    23:49:04.277 | 463 ool-1-worker-227 | DEBUG | d.t.c.a.a.c.u.util.UserUtilService   : Save 7 users to database. Done
    23:49:04.293 | 463 ool-1-worker-227 | DEBUG | PersonalAccessTokenManagementService : Generate secure vcs access token
    23:49:04.295 | 463 ool-1-worker-227 | DEBUG | PersonalAccessTokenManagementService : Generate secure vcs access token
    23:49:04.297 | 463 ool-1-worker-227 | INFO  | i.z.t.d.l.EmbeddedDatabaseReporter   : JDBC URL to connect to 'dataSource': url='jdbc:h2:tcp://localhost:41063/mem:736625c0-cf5e-400d-aeaa-8a7eabd6262b;USER=sa', scope='ProgrammingSubmissionAndResultGitlabJenkinsIntegrationTest#shouldReturnBadRequestWhenPlanKeyDoesntExist'
    23:49:04.310 | 463 ool-1-worker-227 | DEBUG | PersonalAccessTokenManagementService : Generate secure vcs access token
    23:49:04.313 | 463 ool-1-worker-227 | DEBUG | d.t.c.a.a.c.s.f.ApiVersionFilter     : Adding Version to Request POST /api/public/programming-exercises/new-result
    23:49:04.313 | 463 ool-1-worker-227 | DEBUG | d.t.c.a.a.a.w.o.PublicResultResource : Received result notify (NEW)
    23:49:04.316 | 463 ool-1-worker-227 | ERROR | d.t.c.a.a.a.w.o.PublicResultResource : Exception encountered when trying to retrieve the plan key from a request a new programming exercise result: de.tum.cit.aet.artemis.core.exception.JenkinsException: Something went wrong trying to parse the requestBody while getting the PlanKey from Jenkins!, {successful=0, skipped=0, errors=0, failures=0, fullName=SHORT888D3E5E002D604AD1099370595E211746FFTSTEXC » SCRAMBLED BUILD PLAN KEY-PROGSUBRESGITLABJENSTUDENT1 #3, commits=[{hash=9b3a9bd71a0d80e5bbc42204c319ed3d1d4f0d6d, repositorySlug=SCRAMBLED BUILD PLAN KEY-PROGSUBRESGITLABJENSTUDENT1, branchName=main}], results=[{name=TestSuiteName1, time=1.739576944E9, errors=0, skipped=0, failures=0, tests=0}], runDate=1.7395769443111417E9, isBuildSuccessful=false} :Your CIS encountered an Exception while trying to retrieve the build plan 
    23:49:04.316 | 463 ool-1-worker-227 | ERROR | tech.jhipster.web.util.HeaderUtil    : Entity processing failed, The continuous integration server encountered an exception when trying to retrieve the plan key from a request a new programming exercise result
    23:49:04.316 | 463 ool-1-worker-227 | WARN  | o.z.p.spring.common.AdviceTraits     : Bad Request: The continuous integration server encountered an exception when trying to retrieve the plan key from a request a new programming exercise result

  Starting logs for ProgrammingSubmissionAndResultGitlabJenkinsIntegrationTest > shouldReturnBadRequestWhenPlanKeyDoesntExist(ProgrammingLanguage, boolean) [19] programmingLanguage=JAVASCRIPT, enableStaticCodeAnalysis=true
    23:49:04.328 | 463 ool-1-worker-227 | DEBUG | d.t.c.a.a.c.u.util.UserUtilService   : Generate 3 students...
    23:49:04.333 | 463 ool-1-worker-227 | DEBUG | d.t.c.a.a.c.u.util.UserUtilService   : 3 students generated. Generate 2 tutors...
    23:49:04.335 | 463 ool-1-worker-227 | DEBUG | d.t.c.a.a.c.u.util.UserUtilService   : 2 tutors generated. Generate 0 editors...
    23:49:04.337 | 463 ool-1-worker-227 | DEBUG | d.t.c.a.a.c.u.util.UserUtilService   : 0 editors generated. Generate 2 instructors...
    23:49:04.340 | 463 ool-1-worker-227 | DEBUG | d.t.c.a.a.c.u.util.UserUtilService   : 2 instructors generated
    23:49:04.341 | 463 ool-1-worker-227 | DEBUG | d.t.c.a.a.c.u.util.UserUtilService   : Removing 7 users from all courses...
    23:49:04.342 | 463 ool-1-worker-227 | DEBUG | d.t.c.a.a.c.u.util.UserUtilService   : Removing 7 users from all courses. Done
    23:49:04.342 | 463 ool-1-worker-227 | DEBUG | d.t.c.a.a.c.u.util.UserUtilService   : Save 7 users to database...
    23:49:04.345 | 463 ool-1-worker-227 | DEBUG | d.t.c.a.a.c.u.util.UserUtilService   : Save 7 users to database. Done
    23:49:04.359 | 463 ool-1-worker-227 | DEBUG | PersonalAccessTokenManagementService : Generate secure vcs access token
    23:49:04.362 | 463 ool-1-worker-227 | DEBUG | PersonalAccessTokenManagementService : Generate secure vcs access token
    23:49:04.365 | 463 ool-1-worker-227 | INFO  | i.z.t.d.l.EmbeddedDatabaseReporter   : JDBC URL to connect to 'dataSource': url='jdbc:h2:tcp://localhost:41063/mem:736625c0-cf5e-400d-aeaa-8a7eabd6262b;USER=sa', scope='ProgrammingSubmissionAndResultGitlabJenkinsIntegrationTest#shouldReturnBadRequestWhenPlanKeyDoesntExist'
    23:49:04.382 | 463 ool-1-worker-227 | DEBUG | PersonalAccessTokenManagementService : Generate secure vcs access token
    23:49:04.385 | 463 ool-1-worker-227 | DEBUG | d.t.c.a.a.c.s.f.ApiVersionFilter     : Adding Version to Request POST /api/public/programming-exercises/new-result
    23:49:04.386 | 463 ool-1-worker-227 | DEBUG | d.t.c.a.a.a.w.o.PublicResultResource : Received result notify (NEW)
    23:49:04.389 | 463 ool-1-worker-227 | ERROR | d.t.c.a.a.a.w.o.PublicResultResource : Exception encountered when trying to retrieve the plan key from a request a new programming exercise result: de.tum.cit.aet.artemis.core.exception.JenkinsException: Something went wrong trying to parse the requestBody while getting the PlanKey from Jenkins!, {successful=0, skipped=0, errors=0, failures=0, fullName=SHORT1BC2D10A00564049570BBBA0E78B91F6B17FTSTEXC » SCRAMBLED BUILD PLAN KEY-PROGSUBRESGITLABJENSTUDENT1 #3, commits=[{hash=9b3a9bd71a0d80e5bbc42204c319ed3d1d4f0d6d, repositorySlug=SCRAMBLED BUILD PLAN KEY-PROGSUBRESGITLABJENSTUDENT1, branchName=main}], results=[{name=TestSuiteName1, time=1.739576944E9, errors=0, skipped=0, failures=0, tests=0}], runDate=1.7395769443831906E9, isBuildSuccessful=false} :Your CIS encountered an Exception while trying to retrieve the build plan 
    23:49:04.389 | 463 ool-1-worker-227 | ERROR | tech.jhipster.web.util.HeaderUtil    : Entity processing failed, The continuous integration server encountered an exception when trying to retrieve the plan key from a request a new programming exercise result
    23:49:04.389 | 463 ool-1-worker-227 | WARN  | o.z.p.spring.common.AdviceTraits     : Bad Request: The continuous integration server encountered an exception when trying to retrieve the plan key from a request a new programming exercise result

  Starting logs for ProgrammingSubmissionAndResultGitlabJenkinsIntegrationTest > shouldReturnBadRequestWhenPlanKeyDoesntExist(ProgrammingLanguage, boolean) [20] programmingLanguage=JAVASCRIPT, enableStaticCodeAnalysis=false
    23:49:04.405 | 463 ool-1-worker-227 | DEBUG | d.t.c.a.a.c.u.util.UserUtilService   : Generate 3 students...
    23:49:04.410 | 463 ool-1-worker-227 | DEBUG | d.t.c.a.a.c.u.util.UserUtilService   : 3 students generated. Generate 2 tutors...
    23:49:04.413 | 463 ool-1-worker-227 | DEBUG | d.t.c.a.a.c.u.util.UserUtilService   : 2 tutors generated. Generate 0 editors...
    23:49:04.414 | 463 ool-1-worker-227 | DEBUG | d.t.c.a.a.c.u.util.UserUtilService   : 0 editors generated. Generate 2 instructors...
    23:49:04.417 | 463 ool-1-worker-227 | DEBUG | d.t.c.a.a.c.u.util.UserUtilService   : 2 instructors generated
    23:49:04.419 | 463 ool-1-worker-227 | DEBUG | d.t.c.a.a.c.u.util.UserUtilService   : Removing 7 users from all courses...
    23:49:04.419 | 463 ool-1-worker-227 | DEBUG | d.t.c.a.a.c.u.util.UserUtilService   : Removing 7 users from all courses. Done
    23:49:04.419 | 463 ool-1-worker-227 | DEBUG | d.t.c.a.a.c.u.util.UserUtilService   : Save 7 users to database...
    23:49:04.422 | 463 ool-1-worker-227 | DEBUG | d.t.c.a.a.c.u.util.UserUtilService   : Save 7 users to database. Done
    23:49:04.436 | 463 ool-1-worker-227 | DEBUG | PersonalAccessTokenManagementService : Generate secure vcs access token
    23:49:04.439 | 463 ool-1-worker-227 | DEBUG | PersonalAccessTokenManagementService : Generate secure vcs access token
    23:49:04.441 | 463 ool-1-worker-227 | INFO  | i.z.t.d.l.EmbeddedDatabaseReporter   : JDBC URL to connect to 'dataSource': url='jdbc:h2:tcp://localhost:41063/mem:736625c0-cf5e-400d-aeaa-8a7eabd6262b;USER=sa', scope='ProgrammingSubmissionAndResultGitlabJenkinsIntegrationTest#shouldReturnBadRequestWhenPlanKeyDoesntExist'
    23:49:04.454 | 463 ool-1-worker-227 | DEBUG | PersonalAccessTokenManagementService : Generate secure vcs access token
    23:49:04.457 | 463 ool-1-worker-227 | DEBUG | d.t.c.a.a.c.s.f.ApiVersionFilter     : Adding Version to Request POST /api/public/programming-exercises/new-result
    23:49:04.457 | 463 ool-1-worker-227 | DEBUG | d.t.c.a.a.a.w.o.PublicResultResource : Received result notify (NEW)
    23:49:04.460 | 463 ool-1-worker-227 | ERROR | d.t.c.a.a.a.w.o.PublicResultResource : Exception encountered when trying to retrieve the plan key from a request a new programming exercise result: de.tum.cit.aet.artemis.core.exception.JenkinsException: Something went wrong trying to parse the requestBody while getting the PlanKey from Jenkins!, {successful=0, skipped=0, errors=0, failures=0, fullName=SHORT1AB0CBC405DC5042DD0B5EF0BDC849A7B715TSTEXC » SCRAMBLED BUILD PLAN KEY-PROGSUBRESGITLABJENSTUDENT1 #3, commits=[{hash=9b3a9bd71a0d80e5bbc42204c319ed3d1d4f0d6d, repositorySlug=SCRAMBLED BUILD PLAN KEY-PROGSUBRESGITLABJENSTUDENT1, branchName=main}], results=[{name=TestSuiteName1, time=1.739576944E9, errors=0, skipped=0, failures=0, tests=0}], runDate=1.7395769444549863E9, isBuildSuccessful=false} :Your CIS encountered an Exception while trying to retrieve the build plan 
    23:49:04.460 | 463 ool-1-worker-227 | ERROR | tech.jhipster.web.util.HeaderUtil    : Entity processing failed, The continuous integration server encountered an exception when trying to retrieve the plan key from a request a new programming exercise result
    23:49:04.460 | 463 ool-1-worker-227 | WARN  | o.z.p.spring.common.AdviceTraits     : Bad Request: The continuous integration server encountered an exception when trying to retrieve the plan key from a request a new programming exercise result

  Starting logs for ProgrammingSubmissionAndResultGitlabJenkinsIntegrationTest > shouldReturnBadRequestWhenPlanKeyDoesntExist(ProgrammingLanguage, boolean) [21] programmingLanguage=VHDL, enableStaticCodeAnalysis=true
    23:49:04.472 | 463 ool-1-worker-227 | DEBUG | d.t.c.a.a.c.u.util.UserUtilService   : Generate 3 students...
    23:49:04.477 | 463 ool-1-worker-227 | DEBUG | d.t.c.a.a.c.u.util.UserUtilService   : 3 students generated. Generate 2 tutors...
    23:49:04.480 | 463 ool-1-worker-227 | DEBUG | d.t.c.a.a.c.u.util.UserUtilService   : 2 tutors generated. Generate 0 editors...
    23:49:04.481 | 463 ool-1-worker-227 | DEBUG | d.t.c.a.a.c.u.util.UserUtilService   : 0 editors generated. Generate 2 instructors...
    23:49:04.484 | 463 ool-1-worker-227 | DEBUG | d.t.c.a.a.c.u.util.UserUtilService   : 2 instructors generated
    23:49:04.486 | 463 ool-1-worker-227 | DEBUG | d.t.c.a.a.c.u.util.UserUtilService   : Removing 7 users from all courses...
    23:49:04.486 | 463 ool-1-worker-227 | DEBUG | d.t.c.a.a.c.u.util.UserUtilService   : Removing 7 users from all courses. Done
    23:49:04.486 | 463 ool-1-worker-227 | DEBUG | d.t.c.a.a.c.u.util.UserUtilService   : Save 7 users to database...
    23:49:04.490 | 463 ool-1-worker-227 | DEBUG | d.t.c.a.a.c.u.util.UserUtilService   : Save 7 users to database. Done
    23:49:04.503 | 463 ool-1-worker-227 | DEBUG | PersonalAccessTokenManagementService : Generate secure vcs access token
    23:49:04.506 | 463 ool-1-worker-227 | DEBUG | PersonalAccessTokenManagementService : Generate secure vcs access token
    23:49:04.508 | 463 ool-1-worker-227 | INFO  | i.z.t.d.l.EmbeddedDatabaseReporter   : JDBC URL to connect to 'dataSource': url='jdbc:h2:tcp://localhost:41063/mem:736625c0-cf5e-400d-aeaa-8a7eabd6262b;USER=sa', scope='ProgrammingSubmissionAndResultGitlabJenkinsIntegrationTest#shouldReturnBadRequestWhenPlanKeyDoesntExist'
    23:49:04.520 | 463 ool-1-worker-227 | DEBUG | PersonalAccessTokenManagementService : Generate secure vcs access token
    23:49:04.523 | 463 ool-1-worker-227 | DEBUG | d.t.c.a.a.c.s.f.ApiVersionFilter     : Adding Version to Request POST /api/public/programming-exercises/new-result
    23:49:04.523 | 463 ool-1-worker-227 | DEBUG | d.t.c.a.a.a.w.o.PublicResultResource : Received result notify (NEW)
    23:49:04.526 | 463 ool-1-worker-227 | ERROR | d.t.c.a.a.a.w.o.PublicResultResource : Exception encountered when trying to retrieve the plan key from a request a new programming exercise result: de.tum.cit.aet.artemis.core.exception.JenkinsException: Something went wrong trying to parse the requestBody while getting the PlanKey from Jenkins!, {successful=0, skipped=0, errors=0, failures=0, fullName=SHORT93274EDD0316404A470B80D0732523F87DB8TSTEXC » SCRAMBLED BUILD PLAN KEY-PROGSUBRESGITLABJENSTUDENT1 #3, commits=[{hash=9b3a9bd71a0d80e5bbc42204c319ed3d1d4f0d6d, repositorySlug=SCRAMBLED BUILD PLAN KEY-PROGSUBRESGITLABJENSTUDENT1, branchName=main}], results=[{name=TestSuiteName1, time=1.739576944E9, errors=0, skipped=0, failures=0, tests=0}], runDate=1.7395769445213096E9, isBuildSuccessful=false} :Your CIS encountered an Exception while trying to retrieve the build plan 
    23:49:04.526 | 463 ool-1-worker-227 | ERROR | tech.jhipster.web.util.HeaderUtil    : Entity processing failed, The continuous integration server encountered an exception when trying to retrieve the plan key from a request a new programming exercise result
    23:49:04.526 | 463 ool-1-worker-227 | WARN  | o.z.p.spring.common.AdviceTraits     : Bad Request: The continuous integration server encountered an exception when trying to retrieve the plan key from a request a new programming exercise result

  Starting logs for ProgrammingSubmissionAndResultGitlabJenkinsIntegrationTest > shouldReturnBadRequestWhenPlanKeyDoesntExist(ProgrammingLanguage, boolean) [22] programmingLanguage=VHDL, enableStaticCodeAnalysis=false
    23:49:04.537 | 463 ool-1-worker-227 | DEBUG | d.t.c.a.a.c.u.util.UserUtilService   : Generate 3 students...
    23:49:04.541 | 463 ool-1-worker-227 | DEBUG | d.t.c.a.a.c.u.util.UserUtilService   : 3 students generated. Generate 2 tutors...
    23:49:04.544 | 463 ool-1-worker-227 | DEBUG | d.t.c.a.a.c.u.util.UserUtilService   : 2 tutors generated. Generate 0 editors...
    23:49:04.545 | 463 ool-1-worker-227 | DEBUG | d.t.c.a.a.c.u.util.UserUtilService   : 0 editors generated. Generate 2 instructors...
    23:49:04.549 | 463 ool-1-worker-227 | DEBUG | d.t.c.a.a.c.u.util.UserUtilService   : 2 instructors generated
    23:49:04.550 | 463 ool-1-worker-227 | DEBUG | d.t.c.a.a.c.u.util.UserUtilService   : Removing 7 users from all courses...
    23:49:04.550 | 463 ool-1-worker-227 | DEBUG | d.t.c.a.a.c.u.util.UserUtilService   : Removing 7 users from all courses. Done
    23:49:04.550 | 463 ool-1-worker-227 | DEBUG | d.t.c.a.a.c.u.util.UserUtilService   : Save 7 users to database...
    23:49:04.554 | 463 ool-1-worker-227 | DEBUG | d.t.c.a.a.c.u.util.UserUtilService   : Save 7 users to database. Done
    23:49:04.568 | 463 ool-1-worker-227 | DEBUG | PersonalAccessTokenManagementService : Generate secure vcs access token
    23:49:04.571 | 463 ool-1-worker-227 | DEBUG | PersonalAccessTokenManagementService : Generate secure vcs access token
    23:49:04.572 | 463 ool-1-worker-227 | INFO  | i.z.t.d.l.EmbeddedDatabaseReporter   : JDBC URL to connect to 'dataSource': url='jdbc:h2:tcp://localhost:41063/mem:736625c0-cf5e-400d-aeaa-8a7eabd6262b;USER=sa', scope='ProgrammingSubmissionAndResultGitlabJenkinsIntegrationTest#shouldReturnBadRequestWhenPlanKeyDoesntExist'
    23:49:04.585 | 463 ool-1-worker-227 | DEBUG | PersonalAccessTokenManagementService : Generate secure vcs access token
    23:49:04.588 | 463 ool-1-worker-227 | DEBUG | d.t.c.a.a.c.s.f.ApiVersionFilter     : Adding Version to Request POST /api/public/programming-exercises/new-result
    23:49:04.588 | 463 ool-1-worker-227 | DEBUG | d.t.c.a.a.a.w.o.PublicResultResource : Received result notify (NEW)
    23:49:04.591 | 463 ool-1-worker-227 | ERROR | d.t.c.a.a.a.w.o.PublicResultResource : Exception encountered when trying to retrieve the plan key from a request a new programming exercise result: de.tum.cit.aet.artemis.core.exception.JenkinsException: Something went wrong trying to parse the requestBody while getting the PlanKey from Jenkins!, {successful=0, skipped=0, errors=0, failures=0, fullName=SHORTB90453360DAA1041420A05901174DEB91090TSTEXC » SCRAMBLED BUILD PLAN KEY-PROGSUBRESGITLABJENSTUDENT1 #3, commits=[{hash=9b3a9bd71a0d80e5bbc42204c319ed3d1d4f0d6d, repositorySlug=SCRAMBLED BUILD PLAN KEY-PROGSUBRESGITLABJENSTUDENT1, branchName=main}], results=[{name=TestSuiteName1, time=1.739576944E9, errors=0, skipped=0, failures=0, tests=0}], runDate=1.7395769445862293E9, isBuildSuccessful=false} :Your CIS encountered an Exception while trying to retrieve the build plan 
    23:49:04.591 | 463 ool-1-worker-227 | ERROR | tech.jhipster.web.util.HeaderUtil    : Entity processing failed, The continuous integration server encountered an exception when trying to retrieve the plan key from a request a new programming exercise result
    23:49:04.591 | 463 ool-1-worker-227 | WARN  | o.z.p.spring.common.AdviceTraits     : Bad Request: The continuous integration server encountered an exception when trying to retrieve the plan key from a request a new programming exercise result

  Starting logs for ProgrammingSubmissionAndResultGitlabJenkinsIntegrationTest > shouldReturnBadRequestWhenPlanKeyDoesntExist(ProgrammingLanguage, boolean) [23] programmingLanguage=KOTLIN, enableStaticCodeAnalysis=true
    23:49:04.603 | 463 ool-1-worker-227 | DEBUG | d.t.c.a.a.c.u.util.UserUtilService   : Generate 3 students...
    23:49:04.607 | 463 ool-1-worker-227 | DEBUG | d.t.c.a.a.c.u.util.UserUtilService   : 3 students generated. Generate 2 tutors...
    23:49:04.610 | 463 ool-1-worker-227 | DEBUG | d.t.c.a.a.c.u.util.UserUtilService   : 2 tutors generated. Generate 0 editors...
    23:49:04.611 | 463 ool-1-worker-227 | DEBUG | d.t.c.a.a.c.u.util.UserUtilService   : 0 editors generated. Generate 2 instructors...
    23:49:04.614 | 463 ool-1-worker-227 | DEBUG | d.t.c.a.a.c.u.util.UserUtilService   : 2 instructors generated
    23:49:04.616 | 463 ool-1-worker-227 | DEBUG | d.t.c.a.a.c.u.util.UserUtilService   : Removing 7 users from all courses...
    23:49:04.616 | 463 ool-1-worker-227 | DEBUG | d.t.c.a.a.c.u.util.UserUtilService   : Removing 7 users from all courses. Done
    23:49:04.616 | 463 ool-1-worker-227 | DEBUG | d.t.c.a.a.c.u.util.UserUtilService   : Save 7 users to database...
    23:49:04.619 | 463 ool-1-worker-227 | DEBUG | d.t.c.a.a.c.u.util.UserUtilService   : Save 7 users to database. Done
    23:49:04.633 | 463 ool-1-worker-227 | DEBUG | PersonalAccessTokenManagementService : Generate secure vcs access token
    23:49:04.636 | 463 ool-1-worker-227 | DEBUG | PersonalAccessTokenManagementService : Generate secure vcs access token
    23:49:04.638 | 463 ool-1-worker-227 | INFO  | i.z.t.d.l.EmbeddedDatabaseReporter   : JDBC URL to connect to 'dataSource': url='jdbc:h2:tcp://localhost:41063/mem:736625c0-cf5e-400d-aeaa-8a7eabd6262b;USER=sa', scope='ProgrammingSubmissionAndResultGitlabJenkinsIntegrationTest#shouldReturnBadRequestWhenPlanKeyDoesntExist'
    23:49:04.650 | 463 ool-1-worker-227 | DEBUG | PersonalAccessTokenManagementService : Generate secure vcs access token
    23:49:04.653 | 463 ool-1-worker-227 | DEBUG | d.t.c.a.a.c.s.f.ApiVersionFilter     : Adding Version to Request POST /api/public/programming-exercises/new-result
    23:49:04.654 | 463 ool-1-worker-227 | DEBUG | d.t.c.a.a.a.w.o.PublicResultResource : Received result notify (NEW)
    23:49:04.656 | 463 ool-1-worker-227 | ERROR | d.t.c.a.a.a.w.o.PublicResultResource : Exception encountered when trying to retrieve the plan key from a request a new programming exercise result: de.tum.cit.aet.artemis.core.exception.JenkinsException: Something went wrong trying to parse the requestBody while getting the PlanKey from Jenkins!, {successful=0, skipped=0, errors=0, failures=0, fullName=SHORTF1805C3E053B6047E40B56109E7CA3D5E245TSTEXC » SCRAMBLED BUILD PLAN KEY-PROGSUBRESGITLABJENSTUDENT1 #3, commits=[{hash=9b3a9bd71a0d80e5bbc42204c319ed3d1d4f0d6d, repositorySlug=SCRAMBLED BUILD PLAN KEY-PROGSUBRESGITLABJENSTUDENT1, branchName=main}], results=[{name=TestSuiteName1, time=1.739576944E9, errors=0, skipped=0, failures=0, tests=0}], runDate=1.7395769446517224E9, isBuildSuccessful=false} :Your CIS encountered an Exception while trying to retrieve the build plan 
    23:49:04.657 | 463 ool-1-worker-227 | ERROR | tech.jhipster.web.util.HeaderUtil    : Entity processing failed, The continuous integration server encountered an exception when trying to retrieve the plan key from a request a new programming exercise result
    23:49:04.657 | 463 ool-1-worker-227 | WARN  | o.z.p.spring.common.AdviceTraits     : Bad Request: The continuous integration server encountered an exception when trying to retrieve the plan key from a request a new programming exercise result

  Starting logs for ProgrammingSubmissionAndResultGitlabJenkinsIntegrationTest > shouldReturnBadRequestWhenPlanKeyDoesntExist(ProgrammingLanguage, boolean) [24] programmingLanguage=KOTLIN, enableStaticCodeAnalysis=false
    23:49:04.668 | 463 ool-1-worker-227 | DEBUG | d.t.c.a.a.c.u.util.UserUtilService   : Generate 3 students...
    23:49:04.672 | 463 ool-1-worker-227 | DEBUG | d.t.c.a.a.c.u.util.UserUtilService   : 3 students generated. Generate 2 tutors...
    23:49:04.676 | 463 ool-1-worker-227 | DEBUG | d.t.c.a.a.c.u.util.UserUtilService   : 2 tutors generated. Generate 0 editors...
    23:49:04.677 | 463 ool-1-worker-227 | DEBUG | d.t.c.a.a.c.u.util.UserUtilService   : 0 editors generated. Generate 2 instructors...
    23:49:04.680 | 463 ool-1-worker-227 | DEBUG | d.t.c.a.a.c.u.util.UserUtilService   : 2 instructors generated
    23:49:04.681 | 463 ool-1-worker-227 | DEBUG | d.t.c.a.a.c.u.util.UserUtilService   : Removing 7 users from all courses...
    23:49:04.682 | 463 ool-1-worker-227 | DEBUG | d.t.c.a.a.c.u.util.UserUtilService   : Removing 7 users from all courses. Done
    23:49:04.682 | 463 ool-1-worker-227 | DEBUG | d.t.c.a.a.c.u.util.UserUtilService   : Save 7 users to database...
    23:49:04.685 | 463 ool-1-worker-227 | DEBUG | d.t.c.a.a.c.u.util.UserUtilService   : Save 7 users to database. Done
    23:49:04.699 | 463 ool-1-worker-227 | DEBUG | PersonalAccessTokenManagementService : Generate secure vcs access token
    23:49:04.702 | 463 ool-1-worker-227 | DEBUG | PersonalAccessTokenManagementService : Generate secure vcs access token
    23:49:04.703 | 463 ool-1-worker-227 | INFO  | i.z.t.d.l.EmbeddedDatabaseReporter   : JDBC URL to connect to 'dataSource': url='jdbc:h2:tcp://localhost:41063/mem:736625c0-cf5e-400d-aeaa-8a7eabd6262b;USER=sa', scope='ProgrammingSubmissionAndResultGitlabJenkinsIntegrationTest#shouldReturnBadRequestWhenPlanKeyDoesntExist'
    23:49:04.716 | 463 ool-1-worker-227 | DEBUG | PersonalAccessTokenManagementService : Generate secure vcs access token
    23:49:04.719 | 463 ool-1-worker-227 | DEBUG | d.t.c.a.a.c.s.f.ApiVersionFilter     : Adding Version to Request POST /api/public/programming-exercises/new-result
    23:49:04.719 | 463 ool-1-worker-227 | DEBUG | d.t.c.a.a.a.w.o.PublicResultResource : Received result notify (NEW)
    23:49:04.722 | 463 ool-1-worker-227 | ERROR | d.t.c.a.a.a.w.o.PublicResultResource : Exception encountered when trying to retrieve the plan key from a request a new programming exercise result: de.tum.cit.aet.artemis.core.exception.JenkinsException: Something went wrong trying to parse the requestBody while getting the PlanKey from Jenkins!, {successful=0, skipped=0, errors=0, failures=0, fullName=SHORTF230D8BF04D6604C460881D0DBA37BD6583CTSTEXC » SCRAMBLED BUILD PLAN KEY-PROGSUBRESGITLABJENSTUDENT1 #3, commits=[{hash=9b3a9bd71a0d80e5bbc42204c319ed3d1d4f0d6d, repositorySlug=SCRAMBLED BUILD PLAN KEY-PROGSUBRESGITLABJENSTUDENT1, branchName=main}], results=[{name=TestSuiteName1, time=1.739576944E9, errors=0, skipped=0, failures=0, tests=0}], runDate=1.739576944717445E9, isBuildSuccessful=false} :Your CIS encountered an Exception while trying to retrieve the build plan 
    23:49:04.723 | 463 ool-1-worker-227 | ERROR | tech.jhipster.web.util.HeaderUtil    : Entity processing failed, The continuous integration server encountered an exception when trying to retrieve the plan key from a request a new programming exercise result
    23:49:04.723 | 463 ool-1-worker-227 | WARN  | o.z.p.spring.common.AdviceTraits     : Bad Request: The continuous integration server encountered an exception when trying to retrieve the plan key from a request a new programming exercise result

  Starting logs for ProgrammingSubmissionAndResultGitlabJenkinsIntegrationTest > shouldReturnBadRequestWhenPlanKeyDoesntExist(ProgrammingLanguage, boolean) [25] programmingLanguage=ASSEMBLER, enableStaticCodeAnalysis=true
    23:49:04.735 | 463 ool-1-worker-227 | DEBUG | d.t.c.a.a.c.u.util.UserUtilService   : Generate 3 students...
    23:49:04.739 | 463 ool-1-worker-227 | DEBUG | d.t.c.a.a.c.u.util.UserUtilService   : 3 students generated. Generate 2 tutors...
    23:49:04.742 | 463 ool-1-worker-227 | DEBUG | d.t.c.a.a.c.u.util.UserUtilService   : 2 tutors generated. Generate 0 editors...
    23:49:04.743 | 463 ool-1-worker-227 | DEBUG | d.t.c.a.a.c.u.util.UserUtilService   : 0 editors generated. Generate 2 instructors...
    23:49:04.746 | 463 ool-1-worker-227 | DEBUG | d.t.c.a.a.c.u.util.UserUtilService   : 2 instructors generated
    23:49:04.747 | 463 ool-1-worker-227 | DEBUG | d.t.c.a.a.c.u.util.UserUtilService   : Removing 7 users from all courses...
    23:49:04.748 | 463 ool-1-worker-227 | DEBUG | d.t.c.a.a.c.u.util.UserUtilService   : Removing 7 users from all courses. Done
    23:49:04.748 | 463 ool-1-worker-227 | DEBUG | d.t.c.a.a.c.u.util.UserUtilService   : Save 7 users to database...
    23:49:04.751 | 463 ool-1-worker-227 | DEBUG | d.t.c.a.a.c.u.util.UserUtilService   : Save 7 users to database. Done
    23:49:04.764 | 463 ool-1-worker-227 | DEBUG | PersonalAccessTokenManagementService : Generate secure vcs access token
    23:49:04.767 | 463 ool-1-worker-227 | DEBUG | PersonalAccessTokenManagementService : Generate secure vcs access token
    23:49:04.769 | 463 ool-1-worker-227 | INFO  | i.z.t.d.l.EmbeddedDatabaseReporter   : JDBC URL to connect to 'dataSource': url='jdbc:h2:tcp://localhost:41063/mem:736625c0-cf5e-400d-aeaa-8a7eabd6262b;USER=sa', scope='ProgrammingSubmissionAndResultGitlabJenkinsIntegrationTest#shouldReturnBadRequestWhenPlanKeyDoesntExist'
    23:49:04.780 | 463 ool-1-worker-227 | DEBUG | PersonalAccessTokenManagementService : Generate secure vcs access token
    23:49:04.783 | 463 ool-1-worker-227 | DEBUG | d.t.c.a.a.c.s.f.ApiVersionFilter     : Adding Version to Request POST /api/public/programming-exercises/new-result
    23:49:04.783 | 463 ool-1-worker-227 | DEBUG | d.t.c.a.a.a.w.o.PublicResultResource : Received result notify (NEW)
    23:49:04.786 | 463 ool-1-worker-227 | ERROR | d.t.c.a.a.a.w.o.PublicResultResource : Exception encountered when trying to retrieve the plan key from a request a new programming exercise result: de.tum.cit.aet.artemis.core.exception.JenkinsException: Something went wrong trying to parse the requestBody while getting the PlanKey from Jenkins!, {successful=0, skipped=0, errors=0, failures=0, fullName=SHORT49331F2E089FE043CC0AEB0026BA905376EBTSTEXC » SCRAMBLED BUILD PLAN KEY-PROGSUBRESGITLABJENSTUDENT1 #3, commits=[{hash=9b3a9bd71a0d80e5bbc42204c319ed3d1d4f0d6d, repositorySlug=SCRAMBLED BUILD PLAN KEY-PROGSUBRESGITLABJENSTUDENT1, branchName=main}], results=[{name=TestSuiteName1, time=1.739576944E9, errors=0, skipped=0, failures=0, tests=0}], runDate=1.739576944781438E9, isBuildSuccessful=false} :Your CIS encountered an Exception while trying to retrieve the build plan 
    23:49:04.786 | 463 ool-1-worker-227 | ERROR | tech.jhipster.web.util.HeaderUtil    : Entity processing failed, The continuous integration server encountered an exception when trying to retrieve the plan key from a request a new programming exercise result
    23:49:04.786 | 463 ool-1-worker-227 | WARN  | o.z.p.spring.common.AdviceTraits     : Bad Request: The continuous integration server encountered an exception when trying to retrieve the plan key from a request a new programming exercise result

  Starting logs for ProgrammingSubmissionAndResultGitlabJenkinsIntegrationTest > shouldReturnBadRequestWhenPlanKeyDoesntExist(ProgrammingLanguage, boolean) [26] programmingLanguage=ASSEMBLER, enableStaticCodeAnalysis=false
    23:49:04.797 | 463 ool-1-worker-227 | DEBUG | d.t.c.a.a.c.u.util.UserUtilService   : Generate 3 students...
    23:49:04.801 | 463 ool-1-worker-227 | DEBUG | d.t.c.a.a.c.u.util.UserUtilService   : 3 students generated. Generate 2 tutors...
    23:49:04.804 | 463 ool-1-worker-227 | DEBUG | d.t.c.a.a.c.u.util.UserUtilService   : 2 tutors generated. Generate 0 editors...
    23:49:04.805 | 463 ool-1-worker-227 | DEBUG | d.t.c.a.a.c.u.util.UserUtilService   : 0 editors generated. Generate 2 instructors...
    23:49:04.808 | 463 ool-1-worker-227 | DEBUG | d.t.c.a.a.c.u.util.UserUtilService   : 2 instructors generated
    23:49:04.809 | 463 ool-1-worker-227 | DEBUG | d.t.c.a.a.c.u.util.UserUtilService   : Removing 7 users from all courses...
    23:49:04.810 | 463 ool-1-worker-227 | DEBUG | d.t.c.a.a.c.u.util.UserUtilService   : Removing 7 users from all courses. Done
    23:49:04.810 | 463 ool-1-worker-227 | DEBUG | d.t.c.a.a.c.u.util.UserUtilService   : Save 7 users to database...
    23:49:04.813 | 463 ool-1-worker-227 | DEBUG | d.t.c.a.a.c.u.util.UserUtilService   : Save 7 users to database. Done
    23:49:04.827 | 463 ool-1-worker-227 | DEBUG | PersonalAccessTokenManagementService : Generate secure vcs access token
    23:49:04.829 | 463 ool-1-worker-227 | DEBUG | PersonalAccessTokenManagementService : Generate secure vcs access token
    23:49:04.831 | 463 ool-1-worker-227 | INFO  | i.z.t.d.l.EmbeddedDatabaseReporter   : JDBC URL to connect to 'dataSource': url='jdbc:h2:tcp://localhost:41063/mem:736625c0-cf5e-400d-aeaa-8a7eabd6262b;USER=sa', scope='ProgrammingSubmissionAndResultGitlabJenkinsIntegrationTest#shouldReturnBadRequestWhenPlanKeyDoesntExist'
    23:49:04.843 | 463 ool-1-worker-227 | DEBUG | PersonalAccessTokenManagementService : Generate secure vcs access token
    23:49:04.846 | 463 ool-1-worker-227 | DEBUG | d.t.c.a.a.c.s.f.ApiVersionFilter     : Adding Version to Request POST /api/public/programming-exercises/new-result
    23:49:04.846 | 463 ool-1-worker-227 | DEBUG | d.t.c.a.a.a.w.o.PublicResultResource : Received result notify (NEW)
    23:49:04.849 | 463 ool-1-worker-227 | ERROR | d.t.c.a.a.a.w.o.PublicResultResource : Exception encountered when trying to retrieve the plan key from a request a new programming exercise result: de.tum.cit.aet.artemis.core.exception.JenkinsException: Something went wrong trying to parse the requestBody while getting the PlanKey from Jenkins!, {successful=0, skipped=0, errors=0, failures=0, fullName=SHORTE7CE987E0319804E3B08CC70ADC80557E302TSTEXC » SCRAMBLED BUILD PLAN KEY-PROGSUBRESGITLABJENSTUDENT1 #3, commits=[{hash=9b3a9bd71a0d80e5bbc42204c319ed3d1d4f0d6d, repositorySlug=SCRAMBLED BUILD PLAN KEY-PROGSUBRESGITLABJENSTUDENT1, branchName=main}], results=[{name=TestSuiteName1, time=1.739576944E9, errors=0, skipped=0, failures=0, tests=0}], runDate=1.7395769448442717E9, isBuildSuccessful=false} :Your CIS encountered an Exception while trying to retrieve the build plan 
    23:49:04.849 | 463 ool-1-worker-227 | ERROR | tech.jhipster.web.util.HeaderUtil    : Entity processing failed, The continuous integration server encountered an exception when trying to retrieve the plan key from a request a new programming exercise result
    23:49:04.849 | 463 ool-1-worker-227 | WARN  | o.z.p.spring.common.AdviceTraits     : Bad Request: The continuous integration server encountered an exception when trying to retrieve the plan key from a request a new programming exercise result

  Starting logs for ProgrammingSubmissionAndResultGitlabJenkinsIntegrationTest > shouldReturnBadRequestWhenPlanKeyDoesntExist(ProgrammingLanguage, boolean) [27] programmingLanguage=BASH, enableStaticCodeAnalysis=true
    23:49:04.860 | 463 ool-1-worker-227 | DEBUG | d.t.c.a.a.c.u.util.UserUtilService   : Generate 3 students...
    23:49:04.864 | 463 ool-1-worker-227 | DEBUG | d.t.c.a.a.c.u.util.UserUtilService   : 3 students generated. Generate 2 tutors...
    23:49:04.867 | 463 ool-1-worker-227 | DEBUG | d.t.c.a.a.c.u.util.UserUtilService   : 2 tutors generated. Generate 0 editors...
    23:49:04.868 | 463 ool-1-worker-227 | DEBUG | d.t.c.a.a.c.u.util.UserUtilService   : 0 editors generated. Generate 2 instructors...
    23:49:04.871 | 463 ool-1-worker-227 | DEBUG | d.t.c.a.a.c.u.util.UserUtilService   : 2 instructors generated
    23:49:04.872 | 463 ool-1-worker-227 | DEBUG | d.t.c.a.a.c.u.util.UserUtilService   : Removing 7 users from all courses...
    23:49:04.873 | 463 ool-1-worker-227 | DEBUG | d.t.c.a.a.c.u.util.UserUtilService   : Removing 7 users from all courses. Done
    23:49:04.873 | 463 ool-1-worker-227 | DEBUG | d.t.c.a.a.c.u.util.UserUtilService   : Save 7 users to database...
    23:49:04.876 | 463 ool-1-worker-227 | DEBUG | d.t.c.a.a.c.u.util.UserUtilService   : Save 7 users to database. Done
    23:49:04.890 | 463 ool-1-worker-227 | DEBUG | PersonalAccessTokenManagementService : Generate secure vcs access token
    23:49:04.893 | 463 ool-1-worker-227 | DEBUG | PersonalAccessTokenManagementService : Generate secure vcs access token
    23:49:04.895 | 463 ool-1-worker-227 | INFO  | i.z.t.d.l.EmbeddedDatabaseReporter   : JDBC URL to connect to 'dataSource': url='jdbc:h2:tcp://localhost:41063/mem:736625c0-cf5e-400d-aeaa-8a7eabd6262b;USER=sa', scope='ProgrammingSubmissionAndResultGitlabJenkinsIntegrationTest#shouldReturnBadRequestWhenPlanKeyDoesntExist'
    23:49:04.909 | 463 ool-1-worker-227 | DEBUG | PersonalAccessTokenManagementService : Generate secure vcs access token
    23:49:04.912 | 463 ool-1-worker-227 | DEBUG | d.t.c.a.a.c.s.f.ApiVersionFilter     : Adding Version to Request POST /api/public/programming-exercises/new-result
    23:49:04.912 | 463 ool-1-worker-227 | DEBUG | d.t.c.a.a.a.w.o.PublicResultResource : Received result notify (NEW)
    23:49:04.915 | 463 ool-1-worker-227 | ERROR | d.t.c.a.a.a.w.o.PublicResultResource : Exception encountered when trying to retrieve the plan key from a request a new programming exercise result: de.tum.cit.aet.artemis.core.exception.JenkinsException: Something went wrong trying to parse the requestBody while getting the PlanKey from Jenkins!, {successful=0, skipped=0, errors=0, failures=0, fullName=SHORT1B5DFEBD05C0204DB60910E005E9273F29D8TSTEXC » SCRAMBLED BUILD PLAN KEY-PROGSUBRESGITLABJENSTUDENT1 #3, commits=[{hash=9b3a9bd71a0d80e5bbc42204c319ed3d1d4f0d6d, repositorySlug=SCRAMBLED BUILD PLAN KEY-PROGSUBRESGITLABJENSTUDENT1, branchName=main}], results=[{name=TestSuiteName1, time=1.739576944E9, errors=0, skipped=0, failures=0, tests=0}], runDate=1.7395769449105892E9, isBuildSuccessful=false} :Your CIS encountered an Exception while trying to retrieve the build plan 
    23:49:04.916 | 463 ool-1-worker-227 | ERROR | tech.jhipster.web.util.HeaderUtil    : Entity processing failed, The continuous integration server encountered an exception when trying to retrieve the plan key from a request a new programming exercise result
    23:49:04.916 | 463 ool-1-worker-227 | WARN  | o.z.p.spring.common.AdviceTraits     : Bad Request: The continuous integration server encountered an exception when trying to retrieve the plan key from a request a new programming exercise result

  Starting logs for ProgrammingSubmissionAndResultGitlabJenkinsIntegrationTest > shouldReturnBadRequestWhenPlanKeyDoesntExist(ProgrammingLanguage, boolean) [28] programmingLanguage=BASH, enableStaticCodeAnalysis=false
    23:49:04.927 | 463 ool-1-worker-227 | DEBUG | d.t.c.a.a.c.u.util.UserUtilService   : Generate 3 students...
    23:49:04.931 | 463 ool-1-worker-227 | DEBUG | d.t.c.a.a.c.u.util.UserUtilService   : 3 students generated. Generate 2 tutors...
    23:49:04.934 | 463 ool-1-worker-227 | DEBUG | d.t.c.a.a.c.u.util.UserUtilService   : 2 tutors generated. Generate 0 editors...
    23:49:04.935 | 463 ool-1-worker-227 | DEBUG | d.t.c.a.a.c.u.util.UserUtilService   : 0 editors generated. Generate 2 instructors...
    23:49:04.938 | 463 ool-1-worker-227 | DEBUG | d.t.c.a.a.c.u.util.UserUtilService   : 2 instructors generated
    23:49:04.939 | 463 ool-1-worker-227 | DEBUG | d.t.c.a.a.c.u.util.UserUtilService   : Removing 7 users from all courses...
    23:49:04.940 | 463 ool-1-worker-227 | DEBUG | d.t.c.a.a.c.u.util.UserUtilService   : Removing 7 users from all courses. Done
    23:49:04.940 | 463 ool-1-worker-227 | DEBUG | d.t.c.a.a.c.u.util.UserUtilService   : Save 7 users to database...
    23:49:04.943 | 463 ool-1-worker-227 | DEBUG | d.t.c.a.a.c.u.util.UserUtilService   : Save 7 users to database. Done
    23:49:04.957 | 463 ool-1-worker-227 | DEBUG | PersonalAccessTokenManagementService : Generate secure vcs access token
    23:49:04.960 | 463 ool-1-worker-227 | DEBUG | PersonalAccessTokenManagementService : Generate secure vcs access token
    23:49:04.961 | 463 ool-1-worker-227 | INFO  | i.z.t.d.l.EmbeddedDatabaseReporter   : JDBC URL to connect to 'dataSource': url='jdbc:h2:tcp://localhost:41063/mem:736625c0-cf5e-400d-aeaa-8a7eabd6262b;USER=sa', scope='ProgrammingSubmissionAndResultGitlabJenkinsIntegrationTest#shouldReturnBadRequestWhenPlanKeyDoesntExist'
    23:49:04.973 | 463 ool-1-worker-227 | DEBUG | PersonalAccessTokenManagementService : Generate secure vcs access token
    23:49:04.976 | 463 ool-1-worker-227 | DEBUG | d.t.c.a.a.c.s.f.ApiVersionFilter     : Adding Version to Request POST /api/public/programming-exercises/new-result
    23:49:04.976 | 463 ool-1-worker-227 | DEBUG | d.t.c.a.a.a.w.o.PublicResultResource : Received result notify (NEW)
    23:49:04.979 | 463 ool-1-worker-227 | ERROR | d.t.c.a.a.a.w.o.PublicResultResource : Exception encountered when trying to retrieve the plan key from a request a new programming exercise result: de.tum.cit.aet.artemis.core.exception.JenkinsException: Something went wrong trying to parse the requestBody while getting the PlanKey from Jenkins!, {successful=0, skipped=0, errors=0, failures=0, fullName=SHORTB4A9A21D09DAF046EE0B48C00BF0B52CAF49TSTEXC » SCRAMBLED BUILD PLAN KEY-PROGSUBRESGITLABJENSTUDENT1 #3, commits=[{hash=9b3a9bd71a0d80e5bbc42204c319ed3d1d4f0d6d, repositorySlug=SCRAMBLED BUILD PLAN KEY-PROGSUBRESGITLABJENSTUDENT1, branchName=main}], results=[{name=TestSuiteName1, time=1.739576944E9, errors=0, skipped=0, failures=0, tests=0}], runDate=1.7395769449744194E9, isBuildSuccessful=false} :Your CIS encountered an Exception while trying to retrieve the build plan 
    23:49:04.979 | 463 ool-1-worker-227 | ERROR | tech.jhipster.web.util.HeaderUtil    : Entity processing failed, The continuous integration server encountered an exception when trying to retrieve the plan key from a request a new programming exercise result
    23:49:04.979 | 463 ool-1-worker-227 | WARN  | o.z.p.spring.common.AdviceTraits     : Bad Request: The continuous integration server encountered an exception when trying to retrieve the plan key from a request a new programming exercise result

  Starting logs for ProgrammingSubmissionAndResultGitlabJenkinsIntegrationTest > shouldReturnBadRequestWhenPlanKeyDoesntExist(ProgrammingLanguage, boolean) [29] programmingLanguage=SWIFT, enableStaticCodeAnalysis=true
    23:49:04.990 | 463 ool-1-worker-227 | DEBUG | d.t.c.a.a.c.u.util.UserUtilService   : Generate 3 students...
    23:49:04.995 | 463 ool-1-worker-227 | DEBUG | d.t.c.a.a.c.u.util.UserUtilService   : 3 students generated. Generate 2 tutors...
    23:49:04.998 | 463 ool-1-worker-227 | DEBUG | d.t.c.a.a.c.u.util.UserUtilService   : 2 tutors generated. Generate 0 editors...
    23:49:04.999 | 463 ool-1-worker-227 | DEBUG | d.t.c.a.a.c.u.util.UserUtilService   : 0 editors generated. Generate 2 instructors...
    23:49:05.002 | 463 ool-1-worker-227 | DEBUG | d.t.c.a.a.c.u.util.UserUtilService   : 2 instructors generated
    23:49:05.003 | 463 ool-1-worker-227 | DEBUG | d.t.c.a.a.c.u.util.UserUtilService   : Removing 7 users from all courses...
    23:49:05.004 | 463 ool-1-worker-227 | DEBUG | d.t.c.a.a.c.u.util.UserUtilService   : Removing 7 users from all courses. Done
    23:49:05.004 | 463 ool-1-worker-227 | DEBUG | d.t.c.a.a.c.u.util.UserUtilService   : Save 7 users to database...
    23:49:05.007 | 463 ool-1-worker-227 | DEBUG | d.t.c.a.a.c.u.util.UserUtilService   : Save 7 users to database. Done
    23:49:05.020 | 463 ool-1-worker-227 | DEBUG | PersonalAccessTokenManagementService : Generate secure vcs access token
    23:49:05.023 | 463 ool-1-worker-227 | DEBUG | PersonalAccessTokenManagementService : Generate secure vcs access token
    23:49:05.025 | 463 ool-1-worker-227 | INFO  | i.z.t.d.l.EmbeddedDatabaseReporter   : JDBC URL to connect to 'dataSource': url='jdbc:h2:tcp://localhost:41063/mem:736625c0-cf5e-400d-aeaa-8a7eabd6262b;USER=sa', scope='ProgrammingSubmissionAndResultGitlabJenkinsIntegrationTest#shouldReturnBadRequestWhenPlanKeyDoesntExist'
    23:49:05.037 | 463 ool-1-worker-227 | DEBUG | PersonalAccessTokenManagementService : Generate secure vcs access token
    23:49:05.040 | 463 ool-1-worker-227 | DEBUG | d.t.c.a.a.c.s.f.ApiVersionFilter     : Adding Version to Request POST /api/public/programming-exercises/new-result
    23:49:05.040 | 463 ool-1-worker-227 | DEBUG | d.t.c.a.a.a.w.o.PublicResultResource : Received result notify (NEW)
    23:49:05.043 | 463 ool-1-worker-227 | ERROR | d.t.c.a.a.a.w.o.PublicResultResource : Exception encountered when trying to retrieve the plan key from a request a new programming exercise result: de.tum.cit.aet.artemis.core.exception.JenkinsException: Something went wrong trying to parse the requestBody while getting the PlanKey from Jenkins!, {successful=0, skipped=0, errors=0, failures=0, fullName=SHORT93F8A8360E8BA048E908C5704F9B2AF3771BTSTEXC » SCRAMBLED BUILD PLAN KEY-PROGSUBRESGITLABJENSTUDENT1 #3, commits=[{hash=9b3a9bd71a0d80e5bbc42204c319ed3d1d4f0d6d, repositorySlug=SCRAMBLED BUILD PLAN KEY-PROGSUBRESGITLABJENSTUDENT1, branchName=main}], results=[{name=TestSuiteName1, time=1.739576945E9, errors=0, skipped=0, failures=0, tests=0}], runDate=1.7395769450379648E9, isBuildSuccessful=false} :Your CIS encountered an Exception while trying to retrieve the build plan 
    23:49:05.043 | 463 ool-1-worker-227 | ERROR | tech.jhipster.web.util.HeaderUtil    : Entity processing failed, The continuous integration server encountered an exception when trying to retrieve the plan key from a request a new programming exercise result
    23:49:05.043 | 463 ool-1-worker-227 | WARN  | o.z.p.spring.common.AdviceTraits     : Bad Request: The continuous integration server encountered an exception when trying to retrieve the plan key from a request a new programming exercise result

  Starting logs for ProgrammingSubmissionAndResultGitlabJenkinsIntegrationTest > shouldReturnBadRequestWhenPlanKeyDoesntExist(ProgrammingLanguage, boolean) [30] programmingLanguage=SWIFT, enableStaticCodeAnalysis=false
    23:49:05.054 | 463 ool-1-worker-227 | DEBUG | d.t.c.a.a.c.u.util.UserUtilService   : Generate 3 students...
    23:49:05.058 | 463 ool-1-worker-227 | DEBUG | d.t.c.a.a.c.u.util.UserUtilService   : 3 students generated. Generate 2 tutors...
    23:49:05.061 | 463 ool-1-worker-227 | DEBUG | d.t.c.a.a.c.u.util.UserUtilService   : 2 tutors generated. Generate 0 editors...
    23:49:05.062 | 463 ool-1-worker-227 | DEBUG | d.t.c.a.a.c.u.util.UserUtilService   : 0 editors generated. Generate 2 instructors...
    23:49:05.065 | 463 ool-1-worker-227 | DEBUG | d.t.c.a.a.c.u.util.UserUtilService   : 2 instructors generated
    23:49:05.066 | 463 ool-1-worker-227 | DEBUG | d.t.c.a.a.c.u.util.UserUtilService   : Removing 7 users from all courses...
    23:49:05.067 | 463 ool-1-worker-227 | DEBUG | d.t.c.a.a.c.u.util.UserUtilService   : Removing 7 users from all courses. Done
    23:49:05.067 | 463 ool-1-worker-227 | DEBUG | d.t.c.a.a.c.u.util.UserUtilService   : Save 7 users to database...
    23:49:05.070 | 463 ool-1-worker-227 | DEBUG | d.t.c.a.a.c.u.util.UserUtilService   : Save 7 users to database. Done
    23:49:05.084 | 463 ool-1-worker-227 | DEBUG | PersonalAccessTokenManagementService : Generate secure vcs access token
    23:49:05.086 | 463 ool-1-worker-227 | DEBUG | PersonalAccessTokenManagementService : Generate secure vcs access token
    23:49:05.088 | 463 ool-1-worker-227 | INFO  | i.z.t.d.l.EmbeddedDatabaseReporter   : JDBC URL to connect to 'dataSource': url='jdbc:h2:tcp://localhost:41063/mem:736625c0-cf5e-400d-aeaa-8a7eabd6262b;USER=sa', scope='ProgrammingSubmissionAndResultGitlabJenkinsIntegrationTest#shouldReturnBadRequestWhenPlanKeyDoesntExist'
    23:49:05.100 | 463 ool-1-worker-227 | DEBUG | PersonalAccessTokenManagementService : Generate secure vcs access token
    23:49:05.102 | 463 ool-1-worker-227 | DEBUG | d.t.c.a.a.c.s.f.ApiVersionFilter     : Adding Version to Request POST /api/public/programming-exercises/new-result
    23:49:05.103 | 463 ool-1-worker-227 | DEBUG | d.t.c.a.a.a.w.o.PublicResultResource : Received result notify (NEW)
    23:49:05.105 | 463 ool-1-worker-227 | ERROR | d.t.c.a.a.a.w.o.PublicResultResource : Exception encountered when trying to retrieve the plan key from a request a new programming exercise result: de.tum.cit.aet.artemis.core.exception.JenkinsException: Something went wrong trying to parse the requestBody while getting the PlanKey from Jenkins!, {successful=0, skipped=0, errors=0, failures=0, fullName=SHORT1C48D84E09064046770960D0666F21E75766TSTEXC » SCRAMBLED BUILD PLAN KEY-PROGSUBRESGITLABJENSTUDENT1 #3, commits=[{hash=9b3a9bd71a0d80e5bbc42204c319ed3d1d4f0d6d, repositorySlug=SCRAMBLED BUILD PLAN KEY-PROGSUBRESGITLABJENSTUDENT1, branchName=main}], results=[{name=TestSuiteName1, time=1.739576945E9, errors=0, skipped=0, failures=0, tests=0}], runDate=1.7395769451009195E9, isBuildSuccessful=false} :Your CIS encountered an Exception while trying to retrieve the build plan 
    23:49:05.106 | 463 ool-1-worker-227 | ERROR | tech.jhipster.web.util.HeaderUtil    : Entity processing failed, The continuous integration server encountered an exception when trying to retrieve the plan key from a request a new programming exercise result
    23:49:05.106 | 463 ool-1-worker-227 | WARN  | o.z.p.spring.common.AdviceTraits     : Bad Request: The continuous integration server encountered an exception when trying to retrieve the plan key from a request a new programming exercise result

  Starting logs for ProgrammingSubmissionAndResultGitlabJenkinsIntegrationTest > shouldReturnBadRequestWhenPlanKeyDoesntExist(ProgrammingLanguage, boolean) [31] programmingLanguage=GO, enableStaticCodeAnalysis=true
    23:49:05.116 | 463 ool-1-worker-227 | DEBUG | d.t.c.a.a.c.u.util.UserUtilService   : Generate 3 students...
    23:49:05.120 | 463 ool-1-worker-227 | DEBUG | d.t.c.a.a.c.u.util.UserUtilService   : 3 students generated. Generate 2 tutors...
    23:49:05.123 | 463 ool-1-worker-227 | DEBUG | d.t.c.a.a.c.u.util.UserUtilService   : 2 tutors generated. Generate 0 editors...
    23:49:05.124 | 463 ool-1-worker-227 | DEBUG | d.t.c.a.a.c.u.util.UserUtilService   : 0 editors generated. Generate 2 instructors...
    23:49:05.127 | 463 ool-1-worker-227 | DEBUG | d.t.c.a.a.c.u.util.UserUtilService   : 2 instructors generated
    23:49:05.128 | 463 ool-1-worker-227 | DEBUG | d.t.c.a.a.c.u.util.UserUtilService   : Removing 7 users from all courses...
    23:49:05.129 | 463 ool-1-worker-227 | DEBUG | d.t.c.a.a.c.u.util.UserUtilService   : Removing 7 users from all courses. Done
    23:49:05.129 | 463 ool-1-worker-227 | DEBUG | d.t.c.a.a.c.u.util.UserUtilService   : Save 7 users to database...
    23:49:05.132 | 463 ool-1-worker-227 | DEBUG | d.t.c.a.a.c.u.util.UserUtilService   : Save 7 users to database. Done
    23:49:05.146 | 463 ool-1-worker-227 | DEBUG | PersonalAccessTokenManagementService : Generate secure vcs access token
    23:49:05.148 | 463 ool-1-worker-227 | DEBUG | PersonalAccessTokenManagementService : Generate secure vcs access token
    23:49:05.150 | 463 ool-1-worker-227 | INFO  | i.z.t.d.l.EmbeddedDatabaseReporter   : JDBC URL to connect to 'dataSource': url='jdbc:h2:tcp://localhost:41063/mem:736625c0-cf5e-400d-aeaa-8a7eabd6262b;USER=sa', scope='ProgrammingSubmissionAndResultGitlabJenkinsIntegrationTest#shouldReturnBadRequestWhenPlanKeyDoesntExist'
    23:49:05.162 | 463 ool-1-worker-227 | DEBUG | PersonalAccessTokenManagementService : Generate secure vcs access token
    23:49:05.164 | 463 ool-1-worker-227 | DEBUG | d.t.c.a.a.c.s.f.ApiVersionFilter     : Adding Version to Request POST /api/public/programming-exercises/new-result
    23:49:05.165 | 463 ool-1-worker-227 | DEBUG | d.t.c.a.a.a.w.o.PublicResultResource : Received result notify (NEW)
    23:49:05.167 | 463 ool-1-worker-227 | ERROR | d.t.c.a.a.a.w.o.PublicResultResource : Exception encountered when trying to retrieve the plan key from a request a new programming exercise result: de.tum.cit.aet.artemis.core.exception.JenkinsException: Something went wrong trying to parse the requestBody while getting the PlanKey from Jenkins!, {successful=0, skipped=0, errors=0, failures=0, fullName=SHORTBF75D44C0AEA3043400A4C609BA0E0F8D36FTSTEXC » SCRAMBLED BUILD PLAN KEY-PROGSUBRESGITLABJENSTUDENT1 #3, commits=[{hash=9b3a9bd71a0d80e5bbc42204c319ed3d1d4f0d6d, repositorySlug=SCRAMBLED BUILD PLAN KEY-PROGSUBRESGITLABJENSTUDENT1, branchName=main}], results=[{name=TestSuiteName1, time=1.739576945E9, errors=0, skipped=0, failures=0, tests=0}], runDate=1.7395769451629279E9, isBuildSuccessful=false} :Your CIS encountered an Exception while trying to retrieve the build plan 
    23:49:05.168 | 463 ool-1-worker-227 | ERROR | tech.jhipster.web.util.HeaderUtil    : Entity processing failed, The continuous integration server encountered an exception when trying to retrieve the plan key from a request a new programming exercise result
    23:49:05.168 | 463 ool-1-worker-227 | WARN  | o.z.p.spring.common.AdviceTraits     : Bad Request: The continuous integration server encountered an exception when trying to retrieve the plan key from a request a new programming exercise result

  Starting logs for ProgrammingSubmissionAndResultGitlabJenkinsIntegrationTest > shouldReturnBadRequestWhenPlanKeyDoesntExist(ProgrammingLanguage, boolean) [32] programmingLanguage=GO, enableStaticCodeAnalysis=false
    23:49:05.179 | 463 ool-1-worker-227 | DEBUG | d.t.c.a.a.c.u.util.UserUtilService   : Generate 3 students...
    23:49:05.183 | 463 ool-1-worker-227 | DEBUG | d.t.c.a.a.c.u.util.UserUtilService   : 3 students generated. Generate 2 tutors...
    23:49:05.186 | 463 ool-1-worker-227 | DEBUG | d.t.c.a.a.c.u.util.UserUtilService   : 2 tutors generated. Generate 0 editors...
    23:49:05.187 | 463 ool-1-worker-227 | DEBUG | d.t.c.a.a.c.u.util.UserUtilService   : 0 editors generated. Generate 2 instructors...
    23:49:05.190 | 463 ool-1-worker-227 | DEBUG | d.t.c.a.a.c.u.util.UserUtilService   : 2 instructors generated
    23:49:05.191 | 463 ool-1-worker-227 | DEBUG | d.t.c.a.a.c.u.util.UserUtilService   : Removing 7 users from all courses...
    23:49:05.192 | 463 ool-1-worker-227 | DEBUG | d.t.c.a.a.c.u.util.UserUtilService   : Removing 7 users from all courses. Done
    23:49:05.192 | 463 ool-1-worker-227 | DEBUG | d.t.c.a.a.c.u.util.UserUtilService   : Save 7 users to database...
    23:49:05.195 | 463 ool-1-worker-227 | DEBUG | d.t.c.a.a.c.u.util.UserUtilService   : Save 7 users to database. Done
    23:49:05.208 | 463 ool-1-worker-227 | DEBUG | PersonalAccessTokenManagementService : Generate secure vcs access token
    23:49:05.211 | 463 ool-1-worker-227 | DEBUG | PersonalAccessTokenManagementService : Generate secure vcs access token
    23:49:05.213 | 463 ool-1-worker-227 | INFO  | i.z.t.d.l.EmbeddedDatabaseReporter   : JDBC URL to connect to 'dataSource': url='jdbc:h2:tcp://localhost:41063/mem:736625c0-cf5e-400d-aeaa-8a7eabd6262b;USER=sa', scope='ProgrammingSubmissionAndResultGitlabJenkinsIntegrationTest#shouldReturnBadRequestWhenPlanKeyDoesntExist'
    23:49:05.224 | 463 ool-1-worker-227 | DEBUG | PersonalAccessTokenManagementService : Generate secure vcs access token
    23:49:05.227 | 463 ool-1-worker-227 | DEBUG | d.t.c.a.a.c.s.f.ApiVersionFilter     : Adding Version to Request POST /api/public/programming-exercises/new-result
    23:49:05.227 | 463 ool-1-worker-227 | DEBUG | d.t.c.a.a.a.w.o.PublicResultResource : Received result notify (NEW)
    23:49:05.230 | 463 ool-1-worker-227 | ERROR | d.t.c.a.a.a.w.o.PublicResultResource : Exception encountered when trying to retrieve the plan key from a request a new programming exercise result: de.tum.cit.aet.artemis.core.exception.JenkinsException: Something went wrong trying to parse the requestBody while getting the PlanKey from Jenkins!, {successful=0, skipped=0, errors=0, failures=0, fullName=SHORTD122F186021BB04A88091530F003500BE52FTSTEXC » SCRAMBLED BUILD PLAN KEY-PROGSUBRESGITLABJENSTUDENT1 #3, commits=[{hash=9b3a9bd71a0d80e5bbc42204c319ed3d1d4f0d6d, repositorySlug=SCRAMBLED BUILD PLAN KEY-PROGSUBRESGITLABJENSTUDENT1, branchName=main}], results=[{name=TestSuiteName1, time=1.739576945E9, errors=0, skipped=0, failures=0, tests=0}], runDate=1.7395769452255497E9, isBuildSuccessful=false} :Your CIS encountered an Exception while trying to retrieve the build plan 
    23:49:05.230 | 463 ool-1-worker-227 | ERROR | tech.jhipster.web.util.HeaderUtil    : Entity processing failed, The continuous integration server encountered an exception when trying to retrieve the plan key from a request a new programming exercise result
    23:49:05.230 | 463 ool-1-worker-227 | WARN  | o.z.p.spring.common.AdviceTraits     : Bad Request: The continuous integration server encountered an exception when trying to retrieve the plan key from a request a new programming exercise result

  Starting logs for ProgrammingSubmissionAndResultGitlabJenkinsIntegrationTest > shouldReturnBadRequestWhenPlanKeyDoesntExist(ProgrammingLanguage, boolean) [33] programmingLanguage=RUST, enableStaticCodeAnalysis=true
    23:49:05.241 | 463 ool-1-worker-227 | DEBUG | d.t.c.a.a.c.u.util.UserUtilService   : Generate 3 students...
    23:49:05.245 | 463 ool-1-worker-227 | DEBUG | d.t.c.a.a.c.u.util.UserUtilService   : 3 students generated. Generate 2 tutors...
    23:49:05.248 | 463 ool-1-worker-227 | DEBUG | d.t.c.a.a.c.u.util.UserUtilService   : 2 tutors generated. Generate 0 editors...
    23:49:05.249 | 463 ool-1-worker-227 | DEBUG | d.t.c.a.a.c.u.util.UserUtilService   : 0 editors generated. Generate 2 instructors...
    23:49:05.252 | 463 ool-1-worker-227 | DEBUG | d.t.c.a.a.c.u.util.UserUtilService   : 2 instructors generated
    23:49:05.253 | 463 ool-1-worker-227 | DEBUG | d.t.c.a.a.c.u.util.UserUtilService   : Removing 7 users from all courses...
    23:49:05.254 | 463 ool-1-worker-227 | DEBUG | d.t.c.a.a.c.u.util.UserUtilService   : Removing 7 users from all courses. Done
    23:49:05.254 | 463 ool-1-worker-227 | DEBUG | d.t.c.a.a.c.u.util.UserUtilService   : Save 7 users to database...
    23:49:05.257 | 463 ool-1-worker-227 | DEBUG | d.t.c.a.a.c.u.util.UserUtilService   : Save 7 users to database. Done
    23:49:05.271 | 463 ool-1-worker-227 | DEBUG | PersonalAccessTokenManagementService : Generate secure vcs access token
    23:49:05.273 | 463 ool-1-worker-227 | DEBUG | PersonalAccessTokenManagementService : Generate secure vcs access token
    23:49:05.275 | 463 ool-1-worker-227 | INFO  | i.z.t.d.l.EmbeddedDatabaseReporter   : JDBC URL to connect to 'dataSource': url='jdbc:h2:tcp://localhost:41063/mem:736625c0-cf5e-400d-aeaa-8a7eabd6262b;USER=sa', scope='ProgrammingSubmissionAndResultGitlabJenkinsIntegrationTest#shouldReturnBadRequestWhenPlanKeyDoesntExist'
    23:49:05.288 | 463 ool-1-worker-227 | DEBUG | PersonalAccessTokenManagementService : Generate secure vcs access token
    23:49:05.290 | 463 ool-1-worker-227 | DEBUG | d.t.c.a.a.c.s.f.ApiVersionFilter     : Adding Version to Request POST /api/public/programming-exercises/new-result
    23:49:05.291 | 463 ool-1-worker-227 | DEBUG | d.t.c.a.a.a.w.o.PublicResultResource : Received result notify (NEW)
    23:49:05.293 | 463 ool-1-worker-227 | ERROR | d.t.c.a.a.a.w.o.PublicResultResource : Exception encountered when trying to retrieve the plan key from a request a new programming exercise result: de.tum.cit.aet.artemis.core.exception.JenkinsException: Something went wrong trying to parse the requestBody while getting the PlanKey from Jenkins!, {successful=0, skipped=0, errors=0, failures=0, fullName=SHORT080FD84703C3804E2F0A7940481EAE44C4C3TSTEXC » SCRAMBLED BUILD PLAN KEY-PROGSUBRESGITLABJENSTUDENT1 #3, commits=[{hash=9b3a9bd71a0d80e5bbc42204c319ed3d1d4f0d6d, repositorySlug=SCRAMBLED BUILD PLAN KEY-PROGSUBRESGITLABJENSTUDENT1, branchName=main}], results=[{name=TestSuiteName1, time=1.739576945E9, errors=0, skipped=0, failures=0, tests=0}], runDate=1.7395769452889757E9, isBuildSuccessful=false} :Your CIS encountered an Exception while trying to retrieve the build plan 
    23:49:05.294 | 463 ool-1-worker-227 | ERROR | tech.jhipster.web.util.HeaderUtil    : Entity processing failed, The continuous integration server encountered an exception when trying to retrieve the plan key from a request a new programming exercise result
    23:49:05.294 | 463 ool-1-worker-227 | WARN  | o.z.p.spring.common.AdviceTraits     : Bad Request: The continuous integration server encountered an exception when trying to retrieve the plan key from a request a new programming exercise result

  Starting logs for ProgrammingSubmissionAndResultGitlabJenkinsIntegrationTest > shouldReturnBadRequestWhenPlanKeyDoesntExist(ProgrammingLanguage, boolean) [34] programmingLanguage=RUST, enableStaticCodeAnalysis=false
    23:49:05.305 | 463 ool-1-worker-227 | DEBUG | d.t.c.a.a.c.u.util.UserUtilService   : Generate 3 students...
    23:49:05.309 | 463 ool-1-worker-227 | DEBUG | d.t.c.a.a.c.u.util.UserUtilService   : 3 students generated. Generate 2 tutors...
    23:49:05.312 | 463 ool-1-worker-227 | DEBUG | d.t.c.a.a.c.u.util.UserUtilService   : 2 tutors generated. Generate 0 editors...
    23:49:05.313 | 463 ool-1-worker-227 | DEBUG | d.t.c.a.a.c.u.util.UserUtilService   : 0 editors generated. Generate 2 instructors...
    23:49:05.316 | 463 ool-1-worker-227 | DEBUG | d.t.c.a.a.c.u.util.UserUtilService   : 2 instructors generated
    23:49:05.317 | 463 ool-1-worker-227 | DEBUG | d.t.c.a.a.c.u.util.UserUtilService   : Removing 7 users from all courses...
    23:49:05.318 | 463 ool-1-worker-227 | DEBUG | d.t.c.a.a.c.u.util.UserUtilService   : Removing 7 users from all courses. Done
    23:49:05.318 | 463 ool-1-worker-227 | DEBUG | d.t.c.a.a.c.u.util.UserUtilService   : Save 7 users to database...
    23:49:05.321 | 463 ool-1-worker-227 | DEBUG | d.t.c.a.a.c.u.util.UserUtilService   : Save 7 users to database. Done
    23:49:05.334 | 463 ool-1-worker-227 | DEBUG | PersonalAccessTokenManagementService : Generate secure vcs access token
    23:49:05.337 | 463 ool-1-worker-227 | DEBUG | PersonalAccessTokenManagementService : Generate secure vcs access token
    23:49:05.339 | 463 ool-1-worker-227 | INFO  | i.z.t.d.l.EmbeddedDatabaseReporter   : JDBC URL to connect to 'dataSource': url='jdbc:h2:tcp://localhost:41063/mem:736625c0-cf5e-400d-aeaa-8a7eabd6262b;USER=sa', scope='ProgrammingSubmissionAndResultGitlabJenkinsIntegrationTest#shouldReturnBadRequestWhenPlanKeyDoesntExist'
    23:49:05.350 | 463 ool-1-worker-227 | DEBUG | PersonalAccessTokenManagementService : Generate secure vcs access token
    23:49:05.353 | 463 ool-1-worker-227 | DEBUG | d.t.c.a.a.c.s.f.ApiVersionFilter     : Adding Version to Request POST /api/public/programming-exercises/new-result
    23:49:05.353 | 463 ool-1-worker-227 | DEBUG | d.t.c.a.a.a.w.o.PublicResultResource : Received result notify (NEW)
    23:49:05.356 | 463 ool-1-worker-227 | ERROR | d.t.c.a.a.a.w.o.PublicResultResource : Exception encountered when trying to retrieve the plan key from a request a new programming exercise result: de.tum.cit.aet.artemis.core.exception.JenkinsException: Something went wrong trying to parse the requestBody while getting the PlanKey from Jenkins!, {successful=0, skipped=0, errors=0, failures=0, fullName=SHORTA69629620E149042D20B7A202AC0F2C7ACD4TSTEXC » SCRAMBLED BUILD PLAN KEY-PROGSUBRESGITLABJENSTUDENT1 #3, commits=[{hash=9b3a9bd71a0d80e5bbc42204c319ed3d1d4f0d6d, repositorySlug=SCRAMBLED BUILD PLAN KEY-PROGSUBRESGITLABJENSTUDENT1, branchName=main}], results=[{name=TestSuiteName1, time=1.739576945E9, errors=0, skipped=0, failures=0, tests=0}], runDate=1.7395769453516467E9, isBuildSuccessful=false} :Your CIS encountered an Exception while trying to retrieve the build plan 
    23:49:05.357 | 463 ool-1-worker-227 | ERROR | tech.jhipster.web.util.HeaderUtil    : Entity processing failed, The continuous integration server encountered an exception when trying to retrieve the plan key from a request a new programming exercise result
    23:49:05.357 | 463 ool-1-worker-227 | WARN  | o.z.p.spring.common.AdviceTraits     : Bad Request: The continuous integration server encountered an exception when trying to retrieve the plan key from a request a new programming exercise result

  Starting logs for ProgrammingSubmissionAndResultGitlabJenkinsIntegrationTest > shouldReturnBadRequestWhenPlanKeyDoesntExist(ProgrammingLanguage, boolean) [35] programmingLanguage=OCAML, enableStaticCodeAnalysis=true
    23:49:05.367 | 463 ool-1-worker-227 | DEBUG | d.t.c.a.a.c.u.util.UserUtilService   : Generate 3 students...
    23:49:05.371 | 463 ool-1-worker-227 | DEBUG | d.t.c.a.a.c.u.util.UserUtilService   : 3 students generated. Generate 2 tutors...
    23:49:05.374 | 463 ool-1-worker-227 | DEBUG | d.t.c.a.a.c.u.util.UserUtilService   : 2 tutors generated. Generate 0 editors...
    23:49:05.376 | 463 ool-1-worker-227 | DEBUG | d.t.c.a.a.c.u.util.UserUtilService   : 0 editors generated. Generate 2 instructors...
    23:49:05.379 | 463 ool-1-worker-227 | DEBUG | d.t.c.a.a.c.u.util.UserUtilService   : 2 instructors generated
    23:49:05.380 | 463 ool-1-worker-227 | DEBUG | d.t.c.a.a.c.u.util.UserUtilService   : Removing 7 users from all courses...
    23:49:05.381 | 463 ool-1-worker-227 | DEBUG | d.t.c.a.a.c.u.util.UserUtilService   : Removing 7 users from all courses. Done
    23:49:05.381 | 463 ool-1-worker-227 | DEBUG | d.t.c.a.a.c.u.util.UserUtilService   : Save 7 users to database...
    23:49:05.384 | 463 ool-1-worker-227 | DEBUG | d.t.c.a.a.c.u.util.UserUtilService   : Save 7 users to database. Done
    23:49:05.397 | 463 ool-1-worker-227 | DEBUG | PersonalAccessTokenManagementService : Generate secure vcs access token
    23:49:05.400 | 463 ool-1-worker-227 | DEBUG | PersonalAccessTokenManagementService : Generate secure vcs access token
    23:49:05.402 | 463 ool-1-worker-227 | INFO  | i.z.t.d.l.EmbeddedDatabaseReporter   : JDBC URL to connect to 'dataSource': url='jdbc:h2:tcp://localhost:41063/mem:736625c0-cf5e-400d-aeaa-8a7eabd6262b;USER=sa', scope='ProgrammingSubmissionAndResultGitlabJenkinsIntegrationTest#shouldReturnBadRequestWhenPlanKeyDoesntExist'
    23:49:05.413 | 463 ool-1-worker-227 | DEBUG | PersonalAccessTokenManagementService : Generate secure vcs access token
    23:49:05.416 | 463 ool-1-worker-227 | DEBUG | d.t.c.a.a.c.s.f.ApiVersionFilter     : Adding Version to Request POST /api/public/programming-exercises/new-result
    23:49:05.416 | 463 ool-1-worker-227 | DEBUG | d.t.c.a.a.a.w.o.PublicResultResource : Received result notify (NEW)
    23:49:05.419 | 463 ool-1-worker-227 | ERROR | d.t.c.a.a.a.w.o.PublicResultResource : Exception encountered when trying to retrieve the plan key from a request a new programming exercise result: de.tum.cit.aet.artemis.core.exception.JenkinsException: Something went wrong trying to parse the requestBody while getting the PlanKey from Jenkins!, {successful=0, skipped=0, errors=0, failures=0, fullName=SHORTCD203BC5025590430E099CC0491E7191A3A3TSTEXC » SCRAMBLED BUILD PLAN KEY-PROGSUBRESGITLABJENSTUDENT1 #3, commits=[{hash=9b3a9bd71a0d80e5bbc42204c319ed3d1d4f0d6d, repositorySlug=SCRAMBLED BUILD PLAN KEY-PROGSUBRESGITLABJENSTUDENT1, branchName=main}], results=[{name=TestSuiteName1, time=1.739576945E9, errors=0, skipped=0, failures=0, tests=0}], runDate=1.7395769454143722E9, isBuildSuccessful=false} :Your CIS encountered an Exception while trying to retrieve the build plan 
    23:49:05.419 | 463 ool-1-worker-227 | ERROR | tech.jhipster.web.util.HeaderUtil    : Entity processing failed, The continuous integration server encountered an exception when trying to retrieve the plan key from a request a new programming exercise result
    23:49:05.419 | 463 ool-1-worker-227 | WARN  | o.z.p.spring.common.AdviceTraits     : Bad Request: The continuous integration server encountered an exception when trying to retrieve the plan key from a request a new programming exercise result

  Starting logs for ProgrammingSubmissionAndResultGitlabJenkinsIntegrationTest > shouldReturnBadRequestWhenPlanKeyDoesntExist(ProgrammingLanguage, boolean) [36] programmingLanguage=OCAML, enableStaticCodeAnalysis=false
    23:49:05.430 | 463 ool-1-worker-227 | DEBUG | d.t.c.a.a.c.u.util.UserUtilService   : Generate 3 students...
    23:49:05.435 | 463 ool-1-worker-227 | DEBUG | d.t.c.a.a.c.u.util.UserUtilService   : 3 students generated. Generate 2 tutors...
    23:49:05.438 | 463 ool-1-worker-227 | DEBUG | d.t.c.a.a.c.u.util.UserUtilService   : 2 tutors generated. Generate 0 editors...
    23:49:05.439 | 463 ool-1-worker-227 | DEBUG | d.t.c.a.a.c.u.util.UserUtilService   : 0 editors generated. Generate 2 instructors...
    23:49:05.442 | 463 ool-1-worker-227 | DEBUG | d.t.c.a.a.c.u.util.UserUtilService   : 2 instructors generated
    23:49:05.443 | 463 ool-1-worker-227 | DEBUG | d.t.c.a.a.c.u.util.UserUtilService   : Removing 7 users from all courses...
    23:49:05.444 | 463 ool-1-worker-227 | DEBUG | d.t.c.a.a.c.u.util.UserUtilService   : Removing 7 users from all courses. Done
    23:49:05.444 | 463 ool-1-worker-227 | DEBUG | d.t.c.a.a.c.u.util.UserUtilService   : Save 7 users to database...
    23:49:05.447 | 463 ool-1-worker-227 | DEBUG | d.t.c.a.a.c.u.util.UserUtilService   : Save 7 users to database. Done
    23:49:05.461 | 463 ool-1-worker-227 | DEBUG | PersonalAccessTokenManagementService : Generate secure vcs access token
    23:49:05.464 | 463 ool-1-worker-227 | DEBUG | PersonalAccessTokenManagementService : Generate secure vcs access token
    23:49:05.466 | 463 ool-1-worker-227 | INFO  | i.z.t.d.l.EmbeddedDatabaseReporter   : JDBC URL to connect to 'dataSource': url='jdbc:h2:tcp://localhost:41063/mem:736625c0-cf5e-400d-aeaa-8a7eabd6262b;USER=sa', scope='ProgrammingSubmissionAndResultGitlabJenkinsIntegrationTest#shouldReturnBadRequestWhenPlanKeyDoesntExist'
    23:49:05.480 | 463 ool-1-worker-227 | DEBUG | PersonalAccessTokenManagementService : Generate secure vcs access token
    23:49:05.483 | 463 ool-1-worker-227 | DEBUG | d.t.c.a.a.c.s.f.ApiVersionFilter     : Adding Version to Request POST /api/public/programming-exercises/new-result
    23:49:05.483 | 463 ool-1-worker-227 | DEBUG | d.t.c.a.a.a.w.o.PublicResultResource : Received result notify (NEW)
    23:49:05.486 | 463 ool-1-worker-227 | ERROR | d.t.c.a.a.a.w.o.PublicResultResource : Exception encountered when trying to retrieve the plan key from a request a new programming exercise result: de.tum.cit.aet.artemis.core.exception.JenkinsException: Something went wrong trying to parse the requestBody while getting the PlanKey from Jenkins!, {successful=0, skipped=0, errors=0, failures=0, fullName=SHORT908CD8FB04B2904F2A0AF8C01E5998484EB2TSTEXC » SCRAMBLED BUILD PLAN KEY-PROGSUBRESGITLABJENSTUDENT1 #3, commits=[{hash=9b3a9bd71a0d80e5bbc42204c319ed3d1d4f0d6d, repositorySlug=SCRAMBLED BUILD PLAN KEY-PROGSUBRESGITLABJENSTUDENT1, branchName=main}], results=[{name=TestSuiteName1, time=1.739576945E9, errors=0, skipped=0, failures=0, tests=0}], runDate=1.7395769454816937E9, isBuildSuccessful=false} :Your CIS encountered an Exception while trying to retrieve the build plan 
    23:49:05.486 | 463 ool-1-worker-227 | ERROR | tech.jhipster.web.util.HeaderUtil    : Entity processing failed, The continuous integration server encountered an exception when trying to retrieve the plan key from a request a new programming exercise result
    23:49:05.486 | 463 ool-1-worker-227 | WARN  | o.z.p.spring.common.AdviceTraits     : Bad Request: The continuous integration server encountered an exception when trying to retrieve the plan key from a request a new programming exercise result

  Starting logs for ProgrammingSubmissionAndResultGitlabJenkinsIntegrationTest > shouldReturnBadRequestWhenPlanKeyDoesntExist(ProgrammingLanguage, boolean) [37] programmingLanguage=R, enableStaticCodeAnalysis=true
    23:49:05.498 | 463 ool-1-worker-227 | DEBUG | d.t.c.a.a.c.u.util.UserUtilService   : Generate 3 students...
    23:49:05.502 | 463 ool-1-worker-227 | DEBUG | d.t.c.a.a.c.u.util.UserUtilService   : 3 students generated. Generate 2 tutors...
    23:49:05.505 | 463 ool-1-worker-227 | DEBUG | d.t.c.a.a.c.u.util.UserUtilService   : 2 tutors generated. Generate 0 editors...
    23:49:05.506 | 463 ool-1-worker-227 | DEBUG | d.t.c.a.a.c.u.util.UserUtilService   : 0 editors generated. Generate 2 instructors...
    23:49:05.509 | 463 ool-1-worker-227 | DEBUG | d.t.c.a.a.c.u.util.UserUtilService   : 2 instructors generated
    23:49:05.510 | 463 ool-1-worker-227 | DEBUG | d.t.c.a.a.c.u.util.UserUtilService   : Removing 7 users from all courses...
    23:49:05.511 | 463 ool-1-worker-227 | DEBUG | d.t.c.a.a.c.u.util.UserUtilService   : Removing 7 users from all courses. Done
    23:49:05.511 | 463 ool-1-worker-227 | DEBUG | d.t.c.a.a.c.u.util.UserUtilService   : Save 7 users to database...
    23:49:05.514 | 463 ool-1-worker-227 | DEBUG | d.t.c.a.a.c.u.util.UserUtilService   : Save 7 users to database. Done
    23:49:05.527 | 463 ool-1-worker-227 | DEBUG | PersonalAccessTokenManagementService : Generate secure vcs access token
    23:49:05.530 | 463 ool-1-worker-227 | DEBUG | PersonalAccessTokenManagementService : Generate secure vcs access token
    23:49:05.532 | 463 ool-1-worker-227 | INFO  | i.z.t.d.l.EmbeddedDatabaseReporter   : JDBC URL to connect to 'dataSource': url='jdbc:h2:tcp://localhost:41063/mem:736625c0-cf5e-400d-aeaa-8a7eabd6262b;USER=sa', scope='ProgrammingSubmissionAndResultGitlabJenkinsIntegrationTest#shouldReturnBadRequestWhenPlanKeyDoesntExist'
    23:49:05.543 | 463 ool-1-worker-227 | DEBUG | PersonalAccessTokenManagementService : Generate secure vcs access token
    23:49:05.546 | 463 ool-1-worker-227 | DEBUG | d.t.c.a.a.c.s.f.ApiVersionFilter     : Adding Version to Request POST /api/public/programming-exercises/new-result
    23:49:05.546 | 463 ool-1-worker-227 | DEBUG | d.t.c.a.a.a.w.o.PublicResultResource : Received result notify (NEW)
    23:49:05.549 | 463 ool-1-worker-227 | ERROR | d.t.c.a.a.a.w.o.PublicResultResource : Exception encountered when trying to retrieve the plan key from a request a new programming exercise result: de.tum.cit.aet.artemis.core.exception.JenkinsException: Something went wrong trying to parse the requestBody while getting the PlanKey from Jenkins!, {successful=0, skipped=0, errors=0, failures=0, fullName=SHORTC9D7B3BA039FD04EA10BA0B0A156E4CA9096TSTEXC » SCRAMBLED BUILD PLAN KEY-PROGSUBRESGITLABJENSTUDENT1 #3, commits=[{hash=9b3a9bd71a0d80e5bbc42204c319ed3d1d4f0d6d, repositorySlug=SCRAMBLED BUILD PLAN KEY-PROGSUBRESGITLABJENSTUDENT1, branchName=main}], results=[{name=TestSuiteName1, time=1.739576945E9, errors=0, skipped=0, failures=0, tests=0}], runDate=1.739576945544604E9, isBuildSuccessful=false} :Your CIS encountered an Exception while trying to retrieve the build plan 
    23:49:05.549 | 463 ool-1-worker-227 | ERROR | tech.jhipster.web.util.HeaderUtil    : Entity processing failed, The continuous integration server encountered an exception when trying to retrieve the plan key from a request a new programming exercise result
    23:49:05.549 | 463 ool-1-worker-227 | WARN  | o.z.p.spring.common.AdviceTraits     : Bad Request: The continuous integration server encountered an exception when trying to retrieve the plan key from a request a new programming exercise result

  Starting logs for ProgrammingSubmissionAndResultGitlabJenkinsIntegrationTest > shouldReturnBadRequestWhenPlanKeyDoesntExist(ProgrammingLanguage, boolean) [38] programmingLanguage=R, enableStaticCodeAnalysis=false
    23:49:05.561 | 463 ool-1-worker-227 | DEBUG | d.t.c.a.a.c.u.util.UserUtilService   : Generate 3 students...
    23:49:05.565 | 463 ool-1-worker-227 | DEBUG | d.t.c.a.a.c.u.util.UserUtilService   : 3 students generated. Generate 2 tutors...
    23:49:05.568 | 463 ool-1-worker-227 | DEBUG | d.t.c.a.a.c.u.util.UserUtilService   : 2 tutors generated. Generate 0 editors...
    23:49:05.569 | 463 ool-1-worker-227 | DEBUG | d.t.c.a.a.c.u.util.UserUtilService   : 0 editors generated. Generate 2 instructors...
    23:49:05.572 | 463 ool-1-worker-227 | DEBUG | d.t.c.a.a.c.u.util.UserUtilService   : 2 instructors generated
    23:49:05.573 | 463 ool-1-worker-227 | DEBUG | d.t.c.a.a.c.u.util.UserUtilService   : Removing 7 users from all courses...
    23:49:05.574 | 463 ool-1-worker-227 | DEBUG | d.t.c.a.a.c.u.util.UserUtilService   : Removing 7 users from all courses. Done
    23:49:05.574 | 463 ool-1-worker-227 | DEBUG | d.t.c.a.a.c.u.util.UserUtilService   : Save 7 users to database...
    23:49:05.577 | 463 ool-1-worker-227 | DEBUG | d.t.c.a.a.c.u.util.UserUtilService   : Save 7 users to database. Done
    23:49:05.591 | 463 ool-1-worker-227 | DEBUG | PersonalAccessTokenManagementService : Generate secure vcs access token
    23:49:05.594 | 463 ool-1-worker-227 | DEBUG | PersonalAccessTokenManagementService : Generate secure vcs access token
    23:49:05.595 | 463 ool-1-worker-227 | INFO  | i.z.t.d.l.EmbeddedDatabaseReporter   : JDBC URL to connect to 'dataSource': url='jdbc:h2:tcp://localhost:41063/mem:736625c0-cf5e-400d-aeaa-8a7eabd6262b;USER=sa', scope='ProgrammingSubmissionAndResultGitlabJenkinsIntegrationTest#shouldReturnBadRequestWhenPlanKeyDoesntExist'
    23:49:05.607 | 463 ool-1-worker-227 | DEBUG | PersonalAccessTokenManagementService : Generate secure vcs access token
    23:49:05.609 | 463 ool-1-worker-227 | DEBUG | d.t.c.a.a.c.s.f.ApiVersionFilter     : Adding Version to Request POST /api/public/programming-exercises/new-result
    23:49:05.610 | 463 ool-1-worker-227 | DEBUG | d.t.c.a.a.a.w.o.PublicResultResource : Received result notify (NEW)
    23:49:05.612 | 463 ool-1-worker-227 | ERROR | d.t.c.a.a.a.w.o.PublicResultResource : Exception encountered when trying to retrieve the plan key from a request a new programming exercise result: de.tum.cit.aet.artemis.core.exception.JenkinsException: Something went wrong trying to parse the requestBody while getting the PlanKey from Jenkins!, {successful=0, skipped=0, errors=0, failures=0, fullName=SHORTE55325A7084CC04E140843605D249151ADCBTSTEXC » SCRAMBLED BUILD PLAN KEY-PROGSUBRESGITLABJENSTUDENT1 #3, commits=[{hash=9b3a9bd71a0d80e5bbc42204c319ed3d1d4f0d6d, repositorySlug=SCRAMBLED BUILD PLAN KEY-PROGSUBRESGITLABJENSTUDENT1, branchName=main}], results=[{name=TestSuiteName1, time=1.739576945E9, errors=0, skipped=0, failures=0, tests=0}], runDate=1.739576945607871E9, isBuildSuccessful=false} :Your CIS encountered an Exception while trying to retrieve the build plan 
    23:49:05.613 | 463 ool-1-worker-227 | ERROR | tech.jhipster.web.util.HeaderUtil    : Entity processing failed, The continuous integration server encountered an exception when trying to retrieve the plan key from a request a new programming exercise result
    23:49:05.613 | 463 ool-1-worker-227 | WARN  | o.z.p.spring.common.AdviceTraits     : Bad Request: The continuous integration server encountered an exception when trying to retrieve the plan key from a request a new programming exercise result

  Starting logs for ProgrammingSubmissionAndResultGitlabJenkinsIntegrationTest > shouldReturnBadRequestWhenPlanKeyDoesntExist(ProgrammingLanguage, boolean) [39] programmingLanguage=PYTHON, enableStaticCodeAnalysis=true
    23:49:05.624 | 463 ool-1-worker-227 | DEBUG | d.t.c.a.a.c.u.util.UserUtilService   : Generate 3 students...
    23:49:05.628 | 463 ool-1-worker-227 | DEBUG | d.t.c.a.a.c.u.util.UserUtilService   : 3 students generated. Generate 2 tutors...
    23:49:05.631 | 463 ool-1-worker-227 | DEBUG | d.t.c.a.a.c.u.util.UserUtilService   : 2 tutors generated. Generate 0 editors...
    23:49:05.632 | 463 ool-1-worker-227 | DEBUG | d.t.c.a.a.c.u.util.UserUtilService   : 0 editors generated. Generate 2 instructors...
    23:49:05.636 | 463 ool-1-worker-227 | DEBUG | d.t.c.a.a.c.u.util.UserUtilService   : 2 instructors generated
    23:49:05.637 | 463 ool-1-worker-227 | DEBUG | d.t.c.a.a.c.u.util.UserUtilService   : Removing 7 users from all courses...
    23:49:05.637 | 463 ool-1-worker-227 | DEBUG | d.t.c.a.a.c.u.util.UserUtilService   : Removing 7 users from all courses. Done
    23:49:05.637 | 463 ool-1-worker-227 | DEBUG | d.t.c.a.a.c.u.util.UserUtilService   : Save 7 users to database...
    23:49:05.640 | 463 ool-1-worker-227 | DEBUG | d.t.c.a.a.c.u.util.UserUtilService   : Save 7 users to database. Done
    23:49:05.655 | 463 ool-1-worker-227 | DEBUG | PersonalAccessTokenManagementService : Generate secure vcs access token
    23:49:05.657 | 463 ool-1-worker-227 | DEBUG | PersonalAccessTokenManagementService : Generate secure vcs access token
    23:49:05.659 | 463 ool-1-worker-227 | INFO  | i.z.t.d.l.EmbeddedDatabaseReporter   : JDBC URL to connect to 'dataSource': url='jdbc:h2:tcp://localhost:41063/mem:736625c0-cf5e-400d-aeaa-8a7eabd6262b;USER=sa', scope='ProgrammingSubmissionAndResultGitlabJenkinsIntegrationTest#shouldReturnBadRequestWhenPlanKeyDoesntExist'
    23:49:05.671 | 463 ool-1-worker-227 | DEBUG | PersonalAccessTokenManagementService : Generate secure vcs access token
    23:49:05.673 | 463 ool-1-worker-227 | DEBUG | d.t.c.a.a.c.s.f.ApiVersionFilter     : Adding Version to Request POST /api/public/programming-exercises/new-result
    23:49:05.674 | 463 ool-1-worker-227 | DEBUG | d.t.c.a.a.a.w.o.PublicResultResource : Received result notify (NEW)
    23:49:05.677 | 463 ool-1-worker-227 | ERROR | d.t.c.a.a.a.w.o.PublicResultResource : Exception encountered when trying to retrieve the plan key from a request a new programming exercise result: de.tum.cit.aet.artemis.core.exception.JenkinsException: Something went wrong trying to parse the requestBody while getting the PlanKey from Jenkins!, {successful=0, skipped=0, errors=0, failures=0, fullName=SHORT7CADB2500375C04A360A1F30123265AA1386TSTEXC » SCRAMBLED BUILD PLAN KEY-PROGSUBRESGITLABJENSTUDENT1 #3, commits=[{hash=9b3a9bd71a0d80e5bbc42204c319ed3d1d4f0d6d, repositorySlug=SCRAMBLED BUILD PLAN KEY-PROGSUBRESGITLABJENSTUDENT1, branchName=main}], results=[{name=TestSuiteName1, time=1.739576945E9, errors=0, skipped=0, failures=0, tests=0}], runDate=1.739576945671902E9, isBuildSuccessful=false} :Your CIS encountered an Exception while trying to retrieve the build plan 
    23:49:05.677 | 463 ool-1-worker-227 | ERROR | tech.jhipster.web.util.HeaderUtil    : Entity processing failed, The continuous integration server encountered an exception when trying to retrieve the plan key from a request a new programming exercise result
    23:49:05.677 | 463 ool-1-worker-227 | WARN  | o.z.p.spring.common.AdviceTraits     : Bad Request: The continuous integration server encountered an exception when trying to retrieve the plan key from a request a new programming exercise result

  Starting logs for ProgrammingSubmissionAndResultGitlabJenkinsIntegrationTest > shouldReturnBadRequestWhenPlanKeyDoesntExist(ProgrammingLanguage, boolean) [40] programmingLanguage=PYTHON, enableStaticCodeAnalysis=false
    23:49:05.688 | 463 ool-1-worker-227 | DEBUG | d.t.c.a.a.c.u.util.UserUtilService   : Generate 3 students...
    23:49:05.692 | 463 ool-1-worker-227 | DEBUG | d.t.c.a.a.c.u.util.UserUtilService   : 3 students generated. Generate 2 tutors...
    23:49:05.695 | 463 ool-1-worker-227 | DEBUG | d.t.c.a.a.c.u.util.UserUtilService   : 2 tutors generated. Generate 0 editors...
    23:49:05.696 | 463 ool-1-worker-227 | DEBUG | d.t.c.a.a.c.u.util.UserUtilService   : 0 editors generated. Generate 2 instructors...
    23:49:05.699 | 463 ool-1-worker-227 | DEBUG | d.t.c.a.a.c.u.util.UserUtilService   : 2 instructors generated
    23:49:05.700 | 463 ool-1-worker-227 | DEBUG | d.t.c.a.a.c.u.util.UserUtilService   : Removing 7 users from all courses...
    23:49:05.701 | 463 ool-1-worker-227 | DEBUG | d.t.c.a.a.c.u.util.UserUtilService   : Removing 7 users from all courses. Done
    23:49:05.701 | 463 ool-1-worker-227 | DEBUG | d.t.c.a.a.c.u.util.UserUtilService   : Save 7 users to database...
    23:49:05.704 | 463 ool-1-worker-227 | DEBUG | d.t.c.a.a.c.u.util.UserUtilService   : Save 7 users to database. Done
    23:49:05.718 | 463 ool-1-worker-227 | DEBUG | PersonalAccessTokenManagementService : Generate secure vcs access token
    23:49:05.721 | 463 ool-1-worker-227 | DEBUG | PersonalAccessTokenManagementService : Generate secure vcs access token
    23:49:05.722 | 463 ool-1-worker-227 | INFO  | i.z.t.d.l.EmbeddedDatabaseReporter   : JDBC URL to connect to 'dataSource': url='jdbc:h2:tcp://localhost:41063/mem:736625c0-cf5e-400d-aeaa-8a7eabd6262b;USER=sa', scope='ProgrammingSubmissionAndResultGitlabJenkinsIntegrationTest#shouldReturnBadRequestWhenPlanKeyDoesntExist'
    23:49:05.734 | 463 ool-1-worker-227 | DEBUG | PersonalAccessTokenManagementService : Generate secure vcs access token
    23:49:05.737 | 463 ool-1-worker-227 | DEBUG | d.t.c.a.a.c.s.f.ApiVersionFilter     : Adding Version to Request POST /api/public/programming-exercises/new-result
    23:49:05.737 | 463 ool-1-worker-227 | DEBUG | d.t.c.a.a.a.w.o.PublicResultResource : Received result notify (NEW)
    23:49:05.740 | 463 ool-1-worker-227 | ERROR | d.t.c.a.a.a.w.o.PublicResultResource : Exception encountered when trying to retrieve the plan key from a request a new programming exercise result: de.tum.cit.aet.artemis.core.exception.JenkinsException: Something went wrong trying to parse the requestBody while getting the PlanKey from Jenkins!, {successful=0, skipped=0, errors=0, failures=0, fullName=SHORT73A1B94E034BD047940B9DA05390AC5280E5TSTEXC » SCRAMBLED BUILD PLAN KEY-PROGSUBRESGITLABJENSTUDENT1 #3, commits=[{hash=9b3a9bd71a0d80e5bbc42204c319ed3d1d4f0d6d, repositorySlug=SCRAMBLED BUILD PLAN KEY-PROGSUBRESGITLABJENSTUDENT1, branchName=main}], results=[{name=TestSuiteName1, time=1.739576945E9, errors=0, skipped=0, failures=0, tests=0}], runDate=1.7395769457352319E9, isBuildSuccessful=false} :Your CIS encountered an Exception while trying to retrieve the build plan 
    23:49:05.740 | 463 ool-1-worker-227 | ERROR | tech.jhipster.web.util.HeaderUtil    : Entity processing failed, The continuous integration server encountered an exception when trying to retrieve the plan key from a request a new programming exercise result
    23:49:05.740 | 463 ool-1-worker-227 | WARN  | o.z.p.spring.common.AdviceTraits     : Bad Request: The continuous integration server encountered an exception when trying to retrieve the plan key from a request a new programming exercise result

Finished logs for ProgrammingSubmissionAndResultGitlabJenkinsIntegrationTest
]]></system-out>
  <system-err><![CDATA[]]></system-err>
</testsuite>
