<?xml version="1.0" encoding="UTF-8"?>
<testsuite name="de.tum.cit.aet.artemis.core.service.util.HttpRequestUtilsTest" tests="9" skipped="0" failures="0" errors="0" timestamp="2025-02-14T23:39:56" hostname="fv-az1721-502" time="0.222">
  <properties/>
  <testcase name="testIPv4String()" classname="de.tum.cit.aet.artemis.core.service.util.HttpRequestUtilsTest" time="0.18"/>
  <testcase name="testIPv6ShortString()" classname="de.tum.cit.aet.artemis.core.service.util.HttpRequestUtilsTest" time="0.024"/>
  <testcase name="testIpInRemoteAddr()" classname="de.tum.cit.aet.artemis.core.service.util.HttpRequestUtilsTest" time="0.001"/>
  <testcase name="testInvalidIPv4String()" classname="de.tum.cit.aet.artemis.core.service.util.HttpRequestUtilsTest" time="0.003"/>
  <testcase name="testIPv6ShortLoopback()" classname="de.tum.cit.aet.artemis.core.service.util.HttpRequestUtilsTest" time="0.002"/>
  <testcase name="testIPv6String()" classname="de.tum.cit.aet.artemis.core.service.util.HttpRequestUtilsTest" time="0.001"/>
  <testcase name="testRandomString()" classname="de.tum.cit.aet.artemis.core.service.util.HttpRequestUtilsTest" time="0.001"/>
  <testcase name="testIPv4Lopback()" classname="de.tum.cit.aet.artemis.core.service.util.HttpRequestUtilsTest" time="0.001"/>
  <testcase name="testIPv6Loopback()" classname="de.tum.cit.aet.artemis.core.service.util.HttpRequestUtilsTest" time="0.002"/>
  <system-out><![CDATA[
Starting logs for HttpRequestUtilsTest

  Starting logs for HttpRequestUtilsTest > testIPv4String()

  Starting logs for HttpRequestUtilsTest > testIPv6ShortString()

  Starting logs for HttpRequestUtilsTest > testIpInRemoteAddr()

  Starting logs for HttpRequestUtilsTest > testInvalidIPv4String()

  Starting logs for HttpRequestUtilsTest > testIPv6ShortLoopback()

  Starting logs for HttpRequestUtilsTest > testIPv6String()

  Starting logs for HttpRequestUtilsTest > testRandomString()

  Starting logs for HttpRequestUtilsTest > testIPv4Lopback()

  Starting logs for HttpRequestUtilsTest > testIPv6Loopback()

Finished logs for HttpRequestUtilsTest
]]></system-out>
  <system-err><![CDATA[]]></system-err>
</testsuite>
